<?xml version="1.0" encoding="UTF-8"?>
<testsuite name="org.openbaton.vim_driver.test.DockerVimTest" tests="16" skipped="15" failures="0" errors="0" timestamp="2016-12-21T03:01:30" hostname="Thesis" time="18.665">
  <properties/>
  <testcase name="deleteNetworkTest" classname="org.openbaton.vim_driver.test.DockerVimTest" time="0.001">
    <skipped/>
  </testcase>
  <testcase name="listNetworksTest" classname="org.openbaton.vim_driver.test.DockerVimTest" time="0.0">
    <skipped/>
  </testcase>
  <testcase name="deleteServerByIdAndWaitTest" classname="org.openbaton.vim_driver.test.DockerVimTest" time="0.0">
    <skipped/>
  </testcase>
  <testcase name="disconnectContainerFromNetworkTest" classname="org.openbaton.vim_driver.test.DockerVimTest" time="0.0">
    <skipped/>
  </testcase>
  <testcase name="getNetworkByIdTest" classname="org.openbaton.vim_driver.test.DockerVimTest" time="0.0">
    <skipped/>
  </testcase>
  <testcase name="createDockerNetworkTest" classname="org.openbaton.vim_driver.test.DockerVimTest" time="0.0">
    <skipped/>
  </testcase>
  <testcase name="deleteImageTest" classname="org.openbaton.vim_driver.test.DockerVimTest" time="0.0">
    <skipped/>
  </testcase>
  <testcase name="pullImageTest" classname="org.openbaton.vim_driver.test.DockerVimTest" time="0.001">
    <skipped/>
  </testcase>
  <testcase name="createVolumeTest" classname="org.openbaton.vim_driver.test.DockerVimTest" time="0.0">
    <skipped/>
  </testcase>
  <testcase name="listServerTest" classname="org.openbaton.vim_driver.test.DockerVimTest" time="0.001">
    <skipped/>
  </testcase>
  <testcase name="copyArchiveToContainerTest" classname="org.openbaton.vim_driver.test.DockerVimTest" time="0.0">
    <skipped/>
  </testcase>
  <testcase name="listImagesTest" classname="org.openbaton.vim_driver.test.DockerVimTest" time="0.001">
    <skipped/>
  </testcase>
  <testcase name="deleteVolumeTest" classname="org.openbaton.vim_driver.test.DockerVimTest" time="0.0">
    <skipped/>
  </testcase>
  <testcase name="launchInstanceTest" classname="org.openbaton.vim_driver.test.DockerVimTest" time="0.0">
    <skipped/>
  </testcase>
  <testcase name="execCommandTest" classname="org.openbaton.vim_driver.test.DockerVimTest" time="0.001">
    <skipped/>
  </testcase>
  <testcase name="connectContainerToNetworkTest" classname="org.openbaton.vim_driver.test.DockerVimTest" time="18.653"/>
  <system-out><![CDATA[04:01:30.170 [Test worker] DEBUG org.openbaton.docker.DockerVim - Loading properties
04:01:30.174 [Test worker] DEBUG org.openbaton.docker.DockerVim - Loaded properties: {vim.instance.auth.url=tcp://Thesis:2376, docker.cert.path=/home/sakib/.docker, type=docker}
Cert Path : null
Cert Path : null
04:01:31.270 [Test worker] DEBUG c.g.d.core.command.AbstrDockerCmd - Cmd: -1,<null>,true,<null>,<null>,com.github.dockerjava.core.util.FiltersBuilder@0,com.github.dockerjava.jaxrs.ListContainersCmdExec@20107a21
04:01:31.477 [Test worker] DEBUG c.g.d.j.JerseyDockerCmdExecFactory - 1 * Sending client request on thread Test worker
1 > GET https://Thesis:2376/containers/json?all=true
1 > Accept: application/json

04:01:31.532 [Test worker] DEBUG o.a.h.c.protocol.RequestAddCookies - CookieSpec selected: default
04:01:31.538 [Test worker] DEBUG o.a.h.c.protocol.RequestAuthCache - Auth cache not set in the context
04:01:31.539 [Test worker] DEBUG c.g.d.j.JerseyDockerCmdExecFactory$1 - Connection request: [route: {s}->https://Thesis:2376][total kept alive: 0; route allocated: 0 of 2; total allocated: 0 of 20]
04:01:31.547 [Test worker] DEBUG c.g.d.j.JerseyDockerCmdExecFactory$1 - Connection leased: [id: 0][route: {s}->https://Thesis:2376][total kept alive: 0; route allocated: 1 of 2; total allocated: 1 of 20]
04:01:31.548 [Test worker] DEBUG o.a.h.impl.execchain.MainClientExec - Opening connection {s}->https://Thesis:2376
04:01:31.551 [Test worker] DEBUG o.a.h.i.c.DefaultHttpClientConnectionOperator - Connecting to Thesis/127.0.1.1:2376
04:01:31.551 [Test worker] DEBUG o.a.h.c.s.SSLConnectionSocketFactory - Connecting socket to Thesis/127.0.1.1:2376 with timeout 0
04:01:32.043 [Test worker] DEBUG o.a.h.c.s.SSLConnectionSocketFactory - Enabled protocols: [TLSv1]
04:01:32.044 [Test worker] DEBUG o.a.h.c.s.SSLConnectionSocketFactory - Enabled cipher suites:[TLS_ECDHE_ECDSA_WITH_AES_128_CBC_SHA, TLS_ECDHE_RSA_WITH_AES_128_CBC_SHA, TLS_RSA_WITH_AES_128_CBC_SHA, TLS_ECDH_ECDSA_WITH_AES_128_CBC_SHA, TLS_ECDH_RSA_WITH_AES_128_CBC_SHA, TLS_DHE_RSA_WITH_AES_128_CBC_SHA, TLS_DHE_DSS_WITH_AES_128_CBC_SHA, TLS_ECDHE_ECDSA_WITH_3DES_EDE_CBC_SHA, TLS_ECDHE_RSA_WITH_3DES_EDE_CBC_SHA, SSL_RSA_WITH_3DES_EDE_CBC_SHA, TLS_ECDH_ECDSA_WITH_3DES_EDE_CBC_SHA, TLS_ECDH_RSA_WITH_3DES_EDE_CBC_SHA, SSL_DHE_RSA_WITH_3DES_EDE_CBC_SHA, SSL_DHE_DSS_WITH_3DES_EDE_CBC_SHA, TLS_ECDHE_ECDSA_WITH_RC4_128_SHA, TLS_ECDHE_RSA_WITH_RC4_128_SHA, SSL_RSA_WITH_RC4_128_SHA, TLS_ECDH_ECDSA_WITH_RC4_128_SHA, TLS_ECDH_RSA_WITH_RC4_128_SHA, SSL_RSA_WITH_RC4_128_MD5, TLS_EMPTY_RENEGOTIATION_INFO_SCSV]
04:01:32.044 [Test worker] DEBUG o.a.h.c.s.SSLConnectionSocketFactory - Starting handshake
04:01:32.183 [Test worker] DEBUG o.a.h.c.s.SSLConnectionSocketFactory - Secure session established
04:01:32.184 [Test worker] DEBUG o.a.h.c.s.SSLConnectionSocketFactory -  negotiated protocol: TLSv1
04:01:32.184 [Test worker] DEBUG o.a.h.c.s.SSLConnectionSocketFactory -  negotiated cipher suite: TLS_ECDHE_RSA_WITH_AES_128_CBC_SHA
04:01:32.184 [Test worker] DEBUG o.a.h.c.s.SSLConnectionSocketFactory -  peer principal: CN=Thesis
04:01:32.184 [Test worker] DEBUG o.a.h.c.s.SSLConnectionSocketFactory -  issuer principal: EMAILADDRESS=sha@yamil.com, CN=Thesis, OU=Open, O=Fra, L=BER, ST=BER, C=DE
04:01:32.187 [Test worker] DEBUG o.a.h.i.c.DefaultHttpClientConnectionOperator - Connection established 127.0.0.1:60928<->127.0.1.1:2376
04:01:32.187 [Test worker] DEBUG o.a.h.impl.execchain.MainClientExec - Executing request GET /containers/json?all=true HTTP/1.1
04:01:32.187 [Test worker] DEBUG o.a.h.impl.execchain.MainClientExec - Target auth state: UNCHALLENGED
04:01:32.188 [Test worker] DEBUG o.a.h.impl.execchain.MainClientExec - Proxy auth state: UNCHALLENGED
04:01:32.188 [Test worker] DEBUG org.apache.http.headers - http-outgoing-0 >> GET /containers/json?all=true HTTP/1.1
04:01:32.189 [Test worker] DEBUG org.apache.http.headers - http-outgoing-0 >> Accept: application/json
04:01:32.189 [Test worker] DEBUG org.apache.http.headers - http-outgoing-0 >> User-Agent: Jersey/2.23.1 (Apache HttpClient 4.5.1)
04:01:32.189 [Test worker] DEBUG org.apache.http.headers - http-outgoing-0 >> Host: Thesis:2376
04:01:32.189 [Test worker] DEBUG org.apache.http.headers - http-outgoing-0 >> Connection: Keep-Alive
04:01:32.190 [Test worker] DEBUG org.apache.http.headers - http-outgoing-0 >> Accept-Encoding: gzip,deflate
04:01:32.190 [Test worker] DEBUG org.apache.http.wire - http-outgoing-0 >> "GET /containers/json?all=true HTTP/1.1[\r][\n]"
04:01:32.190 [Test worker] DEBUG org.apache.http.wire - http-outgoing-0 >> "Accept: application/json[\r][\n]"
04:01:32.190 [Test worker] DEBUG org.apache.http.wire - http-outgoing-0 >> "User-Agent: Jersey/2.23.1 (Apache HttpClient 4.5.1)[\r][\n]"
04:01:32.190 [Test worker] DEBUG org.apache.http.wire - http-outgoing-0 >> "Host: Thesis:2376[\r][\n]"
04:01:32.190 [Test worker] DEBUG org.apache.http.wire - http-outgoing-0 >> "Connection: Keep-Alive[\r][\n]"
04:01:32.191 [Test worker] DEBUG org.apache.http.wire - http-outgoing-0 >> "Accept-Encoding: gzip,deflate[\r][\n]"
04:01:32.191 [Test worker] DEBUG org.apache.http.wire - http-outgoing-0 >> "[\r][\n]"
04:01:32.191 [Test worker] DEBUG org.apache.http.wire - http-outgoing-0 << "H"
04:01:32.192 [Test worker] DEBUG org.apache.http.wire - http-outgoing-0 << "TTP/1.1 200 OK[\r][\n]"
04:01:32.192 [Test worker] DEBUG org.apache.http.wire - http-outgoing-0 << "Content-Type: application/json[\r][\n]"
04:01:32.192 [Test worker] DEBUG org.apache.http.wire - http-outgoing-0 << "Server: Docker/1.12.3 (linux)[\r][\n]"
04:01:32.192 [Test worker] DEBUG org.apache.http.wire - http-outgoing-0 << "Date: Wed, 21 Dec 2016 03:01:32 GMT[\r][\n]"
04:01:32.193 [Test worker] DEBUG org.apache.http.wire - http-outgoing-0 << "Content-Length: 914[\r][\n]"
04:01:32.193 [Test worker] DEBUG org.apache.http.wire - http-outgoing-0 << "[\r][\n]"
04:01:32.193 [Test worker] DEBUG org.apache.http.wire - http-outgoing-0 << "[{"Id":"d42716ab9b81617f3af151880a5f3240fbbba9d20c73da332476081a1074ab25","Names":["/iperf-client"],"Image":"ubuntu:14.04","ImageID":"sha256:aae2b63c49461fcae4962e4a8043f66acf8e3af7e62f5ebceb70b181d8ca01e0","Command":"sleep 99999","Created":1482288974,"Ports":[{"IP":"0.0.0.0","PrivatePort":5061,"PublicPort":5061,"Type":"tcp"},{"IP":"0.0.0.0","PrivatePort":3857,"PublicPort":3857,"Type":"tcp"}],"Labels":{},"State":"running","Status":"Up 5 minutes","HostConfig":{"NetworkMode":"default"},"NetworkSettings":{"Networks":{"bridge":{"IPAMConfig":null,"Links":null,"Aliases":null,"NetworkID":"efdbf560175b2fea9530e9bd81555f23f020db58853647978dae51acf69f47b1","EndpointID":"5abea24dd18139b454f542e7203597ff41e0fb5d9fac4463a8455dd494d1985b","Gateway":"172.17.0.1","IPAddress":"172.17.0.2","IPPrefixLen":16,"IPv6Gateway":"","GlobalIPv6Address":"","GlobalIPv6PrefixLen":0,"MacAddress":"02:42:ac:11:00:02"}}},"Mounts":[]}][\n]"
04:01:32.194 [Test worker] DEBUG org.apache.http.headers - http-outgoing-0 << HTTP/1.1 200 OK
04:01:32.203 [Test worker] DEBUG org.apache.http.headers - http-outgoing-0 << Content-Type: application/json
04:01:32.203 [Test worker] DEBUG org.apache.http.headers - http-outgoing-0 << Server: Docker/1.12.3 (linux)
04:01:32.203 [Test worker] DEBUG org.apache.http.headers - http-outgoing-0 << Date: Wed, 21 Dec 2016 03:01:32 GMT
04:01:32.203 [Test worker] DEBUG org.apache.http.headers - http-outgoing-0 << Content-Length: 914
04:01:32.205 [Test worker] DEBUG o.a.h.impl.execchain.MainClientExec - Connection can be kept alive indefinitely
04:01:32.210 [Test worker] DEBUG c.g.d.j.JerseyDockerCmdExecFactory - 2 * Client response received on thread Test worker
2 < 200
2 < Content-Length: 914
2 < Content-Type: application/json
2 < Date: Wed, 21 Dec 2016 03:01:32 GMT
2 < Server: Docker/1.12.3 (linux)
[{"Id":"d42716ab9b81617f3af151880a5f3240fbbba9d20c73da332476081a1074ab25","Names":["/iperf-client"],"Image":"ubuntu:14.04","ImageID":"sha256:aae2b63c49461fcae4962e4a8043f66acf8e3af7e62f5ebceb70b181d8ca01e0","Command":"sleep 99999","Created":1482288974,"Ports":[{"IP":"0.0.0.0","PrivatePort":5061,"PublicPort":5061,"Type":"tcp"},{"IP":"0.0.0.0","PrivatePort":3857,"PublicPort":3857,"Type":"tcp"}],"Labels":{},"State":"running","Status":"Up 5 minutes","HostConfig":{"NetworkMode":"default"},"NetworkSettings":{"Networks":{"bridge":{"IPAMConfig":null,"Links":null,"Aliases":null,"NetworkID":"efdbf560175b2fea9530e9bd81555f23f020db58853647978dae51acf69f47b1","EndpointID":"5abea24dd18139b454f542e7203597ff41e0fb5d9fac4463a8455dd494d1985b","Gateway":"172.17.0.1","IPAddress":"172.17.0.2","IPPrefixLen":16,"IPv6Gateway":"","GlobalIPv6Address":"","GlobalIPv6PrefixLen":0,"MacAddress":"02:42:ac:11:00:02"}}},"Mounts":[]}]


04:01:32.442 [Test worker] DEBUG o.a.h.i.c.DefaultManagedHttpClientConnection - http-outgoing-0: Close connection
04:01:32.459 [Test worker] DEBUG o.a.h.impl.execchain.MainClientExec - Connection discarded
04:01:32.459 [Test worker] DEBUG c.g.d.j.JerseyDockerCmdExecFactory$1 - Connection released: [id: 0][route: {s}->https://Thesis:2376][total kept alive: 0; route allocated: 0 of 2; total allocated: 0 of 20]
Cert Path : null
04:01:32.489 [Test worker] DEBUG c.g.d.core.command.AbstrDockerCmd - Cmd: ListImagesCmdImpl[imageNameFilter=<null>,showAll=true,filters=com.github.dockerjava.core.util.FiltersBuilder@0,execution=com.github.dockerjava.jaxrs.ListImagesCmdExec@6655cf60]
04:01:32.536 [Test worker] DEBUG c.g.d.j.JerseyDockerCmdExecFactory - 1 * Sending client request on thread Test worker
1 > GET https://Thesis:2376/images/json?all=true
1 > Accept: application/json

04:01:32.537 [Test worker] DEBUG o.a.h.c.protocol.RequestAddCookies - CookieSpec selected: default
04:01:32.540 [Test worker] DEBUG o.a.h.c.protocol.RequestAuthCache - Auth cache not set in the context
04:01:32.540 [Test worker] DEBUG c.g.d.j.JerseyDockerCmdExecFactory$1 - Connection request: [route: {s}->https://Thesis:2376][total kept alive: 0; route allocated: 0 of 2; total allocated: 0 of 20]
04:01:32.541 [Test worker] DEBUG c.g.d.j.JerseyDockerCmdExecFactory$1 - Connection leased: [id: 1][route: {s}->https://Thesis:2376][total kept alive: 0; route allocated: 1 of 2; total allocated: 1 of 20]
04:01:32.544 [Test worker] DEBUG o.a.h.impl.execchain.MainClientExec - Opening connection {s}->https://Thesis:2376
04:01:32.545 [Test worker] DEBUG o.a.h.i.c.DefaultHttpClientConnectionOperator - Connecting to Thesis/127.0.1.1:2376
04:01:32.545 [Test worker] DEBUG o.a.h.c.s.SSLConnectionSocketFactory - Connecting socket to Thesis/127.0.1.1:2376 with timeout 0
04:01:32.547 [Test worker] DEBUG o.a.h.c.s.SSLConnectionSocketFactory - Enabled protocols: [TLSv1]
04:01:32.549 [Test worker] DEBUG o.a.h.c.s.SSLConnectionSocketFactory - Enabled cipher suites:[TLS_ECDHE_ECDSA_WITH_AES_128_CBC_SHA, TLS_ECDHE_RSA_WITH_AES_128_CBC_SHA, TLS_RSA_WITH_AES_128_CBC_SHA, TLS_ECDH_ECDSA_WITH_AES_128_CBC_SHA, TLS_ECDH_RSA_WITH_AES_128_CBC_SHA, TLS_DHE_RSA_WITH_AES_128_CBC_SHA, TLS_DHE_DSS_WITH_AES_128_CBC_SHA, TLS_ECDHE_ECDSA_WITH_3DES_EDE_CBC_SHA, TLS_ECDHE_RSA_WITH_3DES_EDE_CBC_SHA, SSL_RSA_WITH_3DES_EDE_CBC_SHA, TLS_ECDH_ECDSA_WITH_3DES_EDE_CBC_SHA, TLS_ECDH_RSA_WITH_3DES_EDE_CBC_SHA, SSL_DHE_RSA_WITH_3DES_EDE_CBC_SHA, SSL_DHE_DSS_WITH_3DES_EDE_CBC_SHA, TLS_ECDHE_ECDSA_WITH_RC4_128_SHA, TLS_ECDHE_RSA_WITH_RC4_128_SHA, SSL_RSA_WITH_RC4_128_SHA, TLS_ECDH_ECDSA_WITH_RC4_128_SHA, TLS_ECDH_RSA_WITH_RC4_128_SHA, SSL_RSA_WITH_RC4_128_MD5, TLS_EMPTY_RENEGOTIATION_INFO_SCSV]
04:01:32.549 [Test worker] DEBUG o.a.h.c.s.SSLConnectionSocketFactory - Starting handshake
04:01:32.614 [Test worker] DEBUG o.a.h.c.s.SSLConnectionSocketFactory - Secure session established
04:01:32.615 [Test worker] DEBUG o.a.h.c.s.SSLConnectionSocketFactory -  negotiated protocol: TLSv1
04:01:32.615 [Test worker] DEBUG o.a.h.c.s.SSLConnectionSocketFactory -  negotiated cipher suite: TLS_ECDHE_RSA_WITH_AES_128_CBC_SHA
04:01:32.615 [Test worker] DEBUG o.a.h.c.s.SSLConnectionSocketFactory -  peer principal: CN=Thesis
04:01:32.615 [Test worker] DEBUG o.a.h.c.s.SSLConnectionSocketFactory -  issuer principal: EMAILADDRESS=sha@yamil.com, CN=Thesis, OU=Open, O=Fra, L=BER, ST=BER, C=DE
04:01:32.616 [Test worker] DEBUG o.a.h.i.c.DefaultHttpClientConnectionOperator - Connection established 127.0.0.1:60930<->127.0.1.1:2376
04:01:32.616 [Test worker] DEBUG o.a.h.impl.execchain.MainClientExec - Executing request GET /images/json?all=true HTTP/1.1
04:01:32.616 [Test worker] DEBUG o.a.h.impl.execchain.MainClientExec - Target auth state: UNCHALLENGED
04:01:32.616 [Test worker] DEBUG o.a.h.impl.execchain.MainClientExec - Proxy auth state: UNCHALLENGED
04:01:32.616 [Test worker] DEBUG org.apache.http.headers - http-outgoing-1 >> GET /images/json?all=true HTTP/1.1
04:01:32.617 [Test worker] DEBUG org.apache.http.headers - http-outgoing-1 >> Accept: application/json
04:01:32.617 [Test worker] DEBUG org.apache.http.headers - http-outgoing-1 >> User-Agent: Jersey/2.23.1 (Apache HttpClient 4.5.1)
04:01:32.617 [Test worker] DEBUG org.apache.http.headers - http-outgoing-1 >> Host: Thesis:2376
04:01:32.617 [Test worker] DEBUG org.apache.http.headers - http-outgoing-1 >> Connection: Keep-Alive
04:01:32.617 [Test worker] DEBUG org.apache.http.headers - http-outgoing-1 >> Accept-Encoding: gzip,deflate
04:01:32.617 [Test worker] DEBUG org.apache.http.wire - http-outgoing-1 >> "GET /images/json?all=true HTTP/1.1[\r][\n]"
04:01:32.618 [Test worker] DEBUG org.apache.http.wire - http-outgoing-1 >> "Accept: application/json[\r][\n]"
04:01:32.618 [Test worker] DEBUG org.apache.http.wire - http-outgoing-1 >> "User-Agent: Jersey/2.23.1 (Apache HttpClient 4.5.1)[\r][\n]"
04:01:32.618 [Test worker] DEBUG org.apache.http.wire - http-outgoing-1 >> "Host: Thesis:2376[\r][\n]"
04:01:32.618 [Test worker] DEBUG org.apache.http.wire - http-outgoing-1 >> "Connection: Keep-Alive[\r][\n]"
04:01:32.618 [Test worker] DEBUG org.apache.http.wire - http-outgoing-1 >> "Accept-Encoding: gzip,deflate[\r][\n]"
04:01:32.618 [Test worker] DEBUG org.apache.http.wire - http-outgoing-1 >> "[\r][\n]"
04:01:32.619 [Test worker] DEBUG org.apache.http.wire - http-outgoing-1 << "H"
04:01:32.620 [Test worker] DEBUG org.apache.http.wire - http-outgoing-1 << "TTP/1.1 200 OK[\r][\n]"
04:01:32.620 [Test worker] DEBUG org.apache.http.wire - http-outgoing-1 << "Content-Type: application/json[\r][\n]"
04:01:32.620 [Test worker] DEBUG org.apache.http.wire - http-outgoing-1 << "Server: Docker/1.12.3 (linux)[\r][\n]"
04:01:32.620 [Test worker] DEBUG org.apache.http.wire - http-outgoing-1 << "Date: Wed, 21 Dec 2016 03:01:32 GMT[\r][\n]"
04:01:32.620 [Test worker] DEBUG org.apache.http.wire - http-outgoing-1 << "Content-Length: 1490[\r][\n]"
04:01:32.621 [Test worker] DEBUG org.apache.http.wire - http-outgoing-1 << "[\r][\n]"
04:01:32.621 [Test worker] DEBUG org.apache.http.wire - http-outgoing-1 << "[{"Id":"sha256:4ca3a192ff2a5b7e225e81dc006b6379c10776ed3619757a65608cb72de0a7f6","ParentId":"","RepoTags":["ubuntu:latest"],"RepoDigests":["ubuntu@sha256:3b64c309deae7ab0f7dbdd42b6b326261ccd6261da5d88396439353162703fb5"],"Created":1480449877,"Size":128206574,"VirtualSize":128206574,"Labels":{}},{"Id":"sha256:aae2b63c49461fcae4962e4a8043f66acf8e3af7e62f5ebceb70b181d8ca01e0","ParentId":"","RepoTags":["ubuntu:14.04"],"RepoDigests":["ubuntu@sha256:edb984703bd3e8981ff541a5b9297ca1b81fde6e6e8094d86e390a38ebc30b4d"],"Created":1480449856,"Size":187952254,"VirtualSize":187952254,"Labels":{}},{"Id":"sha256:e02e811dd08fd49e7f6032625495118e63f597eb150403d02e3238af1df240ba","ParentId":"","RepoTags":["busybox:latest"],"RepoDigests":["busybox@sha256:29f5d56d12684887bdfa50dcd29fc31eea4aaf4ad3bec43daf19026a7ce69912"],"Created":1475874238,"Size":1093484,"VirtualSize":1093484,"Labels":{}},{"Id":"sha256:d654de4499473ed41349b54a988b6f46a7fc92e3fa2d61e102bf2660a0116e25","ParentId":"","RepoTags":["sakib37/iperf3:latest"],"RepoDigests":["sakib37/iperf3@sha256:8d80a810f8f508c074b14d02555f20110eac382c8dbda7252075392983629d40"],"Created":1474907599,"Size":199456654,"VirtualSize":199456654,"Labels":{}},{"Id":"sha256:c54a2cc56cbb2f04003c1cd4507e118af7c0d340fe7e2720f70976c4b75237dc","ParentId":"","RepoTags":["hello-world:latest"],"RepoDigests":["hello-world@sha256:0256e8a36e2070f7bf2d0b0763dbabdd67798512411de4cdcf9431a1feb60fd9"],"Created":1467401967,"Size":1848,"VirtualSize":1848,"Labels":{}}][\n]"
04:01:32.621 [Test worker] DEBUG org.apache.http.headers - http-outgoing-1 << HTTP/1.1 200 OK
04:01:32.621 [Test worker] DEBUG org.apache.http.headers - http-outgoing-1 << Content-Type: application/json
04:01:32.621 [Test worker] DEBUG org.apache.http.headers - http-outgoing-1 << Server: Docker/1.12.3 (linux)
04:01:32.622 [Test worker] DEBUG org.apache.http.headers - http-outgoing-1 << Date: Wed, 21 Dec 2016 03:01:32 GMT
04:01:32.622 [Test worker] DEBUG org.apache.http.headers - http-outgoing-1 << Content-Length: 1490
04:01:32.622 [Test worker] DEBUG o.a.h.impl.execchain.MainClientExec - Connection can be kept alive indefinitely
04:01:32.622 [Test worker] DEBUG c.g.d.j.JerseyDockerCmdExecFactory - 2 * Client response received on thread Test worker
2 < 200
2 < Content-Length: 1490
2 < Content-Type: application/json
2 < Date: Wed, 21 Dec 2016 03:01:32 GMT
2 < Server: Docker/1.12.3 (linux)
[{"Id":"sha256:4ca3a192ff2a5b7e225e81dc006b6379c10776ed3619757a65608cb72de0a7f6","ParentId":"","RepoTags":["ubuntu:latest"],"RepoDigests":["ubuntu@sha256:3b64c309deae7ab0f7dbdd42b6b326261ccd6261da5d88396439353162703fb5"],"Created":1480449877,"Size":128206574,"VirtualSize":128206574,"Labels":{}},{"Id":"sha256:aae2b63c49461fcae4962e4a8043f66acf8e3af7e62f5ebceb70b181d8ca01e0","ParentId":"","RepoTags":["ubuntu:14.04"],"RepoDigests":["ubuntu@sha256:edb984703bd3e8981ff541a5b9297ca1b81fde6e6e8094d86e390a38ebc30b4d"],"Created":1480449856,"Size":187952254,"VirtualSize":187952254,"Labels":{}},{"Id":"sha256:e02e811dd08fd49e7f6032625495118e63f597eb150403d02e3238af1df240ba","ParentId":"","RepoTags":["busybox:latest"],"RepoDigests":["busybox@sha256:29f5d56d12684887bdfa50dcd29fc31eea4aaf4ad3bec43daf19026a7ce69912"],"Created":1475874238,"Size":1093484,"VirtualSize":1093484,"Labels":{}},{"Id":"sha256:d654de4499473ed41349b54a988b6f46a7fc92e3fa2d61e102bf2660a0116e25","ParentId":"","RepoTags":["sakib37/iperf3:latest"],"RepoDigests":["sakib37/iperf3@sha256:8d80a810f8f508c074b14d02555f20110eac382c8dbda7252075392983629d40"],"Created":1474907599,"Size":199456654,"VirtualSize":199456654,"Labels":{}},{"Id":"sha256:c54a2cc56cbb2f04003c1cd4507e118af7c0d340fe7e2720f70976c4b75237dc","ParentId":"","RepoTags":["hello-world:latest"],"RepoDigests":["hello-world@sha256:0256e8a36e2070f7bf2d0b0763dbabdd67798512411de4cdcf9431a1feb60fd9"],"Created":1467401967,"Size":1848,"VirtualSize":1848,"Labels":{}}]


04:01:32.626 [Test worker] DEBUG o.a.h.i.c.DefaultManagedHttpClientConnection - http-outgoing-1: Close connection
04:01:32.626 [Test worker] DEBUG o.a.h.impl.execchain.MainClientExec - Connection discarded
04:01:32.626 [Test worker] DEBUG c.g.d.j.JerseyDockerCmdExecFactory$1 - Connection released: [id: 1][route: {s}->https://Thesis:2376][total kept alive: 0; route allocated: 0 of 2; total allocated: 0 of 20]
Finding launched container Image: ubuntu:latest
Image without tagfalse
Finding launched container Image: ubuntu:14.04
Image without tagfalse
04:01:32.629 [Test worker] DEBUG org.openbaton.docker.DockerVim - Found a docker image, transformed into a NFV Image Image{id='sha256:aae2b63c49461fcae4962e4a8043f66acf8e3af7e62f5ebceb70b181d8ca01e0', name='ubuntu:14.04', version=0, extId='null', minRam='0', minDiskSpace='0', minCPU='null', public='true', diskFormat='null', containerFormat='docker', created='Sun Jan 18 04:14:09 CET 1970', updated='null'}
Cert Path : null
04:01:32.640 [Test worker] DEBUG c.g.d.core.command.AbstrDockerCmd - Cmd: d42716ab9b81617f3af151880a5f3240fbbba9d20c73da332476081a1074ab25,<null>,true,com.github.dockerjava.jaxrs.RemoveContainerCmdExec@22bc7675
04:01:32.661 [Test worker] DEBUG c.g.d.j.JerseyDockerCmdExecFactory - 1 * Sending client request on thread Test worker
1 > DELETE https://Thesis:2376/containers/d42716ab9b81617f3af151880a5f3240fbbba9d20c73da332476081a1074ab25?force=true
1 > Accept: application/json

04:01:32.662 [Test worker] DEBUG o.a.h.c.protocol.RequestAddCookies - CookieSpec selected: default
04:01:32.662 [Test worker] DEBUG o.a.h.c.protocol.RequestAuthCache - Auth cache not set in the context
04:01:32.662 [Test worker] DEBUG c.g.d.j.JerseyDockerCmdExecFactory$1 - Connection request: [route: {s}->https://Thesis:2376][total kept alive: 0; route allocated: 0 of 2; total allocated: 0 of 20]
04:01:32.662 [Test worker] DEBUG c.g.d.j.JerseyDockerCmdExecFactory$1 - Connection leased: [id: 2][route: {s}->https://Thesis:2376][total kept alive: 0; route allocated: 1 of 2; total allocated: 1 of 20]
04:01:32.662 [Test worker] DEBUG o.a.h.impl.execchain.MainClientExec - Opening connection {s}->https://Thesis:2376
04:01:32.663 [Test worker] DEBUG o.a.h.i.c.DefaultHttpClientConnectionOperator - Connecting to Thesis/127.0.1.1:2376
04:01:32.663 [Test worker] DEBUG o.a.h.c.s.SSLConnectionSocketFactory - Connecting socket to Thesis/127.0.1.1:2376 with timeout 0
04:01:32.665 [Test worker] DEBUG o.a.h.c.s.SSLConnectionSocketFactory - Enabled protocols: [TLSv1]
04:01:32.665 [Test worker] DEBUG o.a.h.c.s.SSLConnectionSocketFactory - Enabled cipher suites:[TLS_ECDHE_ECDSA_WITH_AES_128_CBC_SHA, TLS_ECDHE_RSA_WITH_AES_128_CBC_SHA, TLS_RSA_WITH_AES_128_CBC_SHA, TLS_ECDH_ECDSA_WITH_AES_128_CBC_SHA, TLS_ECDH_RSA_WITH_AES_128_CBC_SHA, TLS_DHE_RSA_WITH_AES_128_CBC_SHA, TLS_DHE_DSS_WITH_AES_128_CBC_SHA, TLS_ECDHE_ECDSA_WITH_3DES_EDE_CBC_SHA, TLS_ECDHE_RSA_WITH_3DES_EDE_CBC_SHA, SSL_RSA_WITH_3DES_EDE_CBC_SHA, TLS_ECDH_ECDSA_WITH_3DES_EDE_CBC_SHA, TLS_ECDH_RSA_WITH_3DES_EDE_CBC_SHA, SSL_DHE_RSA_WITH_3DES_EDE_CBC_SHA, SSL_DHE_DSS_WITH_3DES_EDE_CBC_SHA, TLS_ECDHE_ECDSA_WITH_RC4_128_SHA, TLS_ECDHE_RSA_WITH_RC4_128_SHA, SSL_RSA_WITH_RC4_128_SHA, TLS_ECDH_ECDSA_WITH_RC4_128_SHA, TLS_ECDH_RSA_WITH_RC4_128_SHA, SSL_RSA_WITH_RC4_128_MD5, TLS_EMPTY_RENEGOTIATION_INFO_SCSV]
04:01:32.665 [Test worker] DEBUG o.a.h.c.s.SSLConnectionSocketFactory - Starting handshake
04:01:32.728 [Test worker] DEBUG o.a.h.c.s.SSLConnectionSocketFactory - Secure session established
04:01:32.728 [Test worker] DEBUG o.a.h.c.s.SSLConnectionSocketFactory -  negotiated protocol: TLSv1
04:01:32.728 [Test worker] DEBUG o.a.h.c.s.SSLConnectionSocketFactory -  negotiated cipher suite: TLS_ECDHE_RSA_WITH_AES_128_CBC_SHA
04:01:32.728 [Test worker] DEBUG o.a.h.c.s.SSLConnectionSocketFactory -  peer principal: CN=Thesis
04:01:32.728 [Test worker] DEBUG o.a.h.c.s.SSLConnectionSocketFactory -  issuer principal: EMAILADDRESS=sha@yamil.com, CN=Thesis, OU=Open, O=Fra, L=BER, ST=BER, C=DE
04:01:32.729 [Test worker] DEBUG o.a.h.i.c.DefaultHttpClientConnectionOperator - Connection established 127.0.0.1:60932<->127.0.1.1:2376
04:01:32.729 [Test worker] DEBUG o.a.h.impl.execchain.MainClientExec - Executing request DELETE /containers/d42716ab9b81617f3af151880a5f3240fbbba9d20c73da332476081a1074ab25?force=true HTTP/1.1
04:01:32.729 [Test worker] DEBUG o.a.h.impl.execchain.MainClientExec - Target auth state: UNCHALLENGED
04:01:32.729 [Test worker] DEBUG o.a.h.impl.execchain.MainClientExec - Proxy auth state: UNCHALLENGED
04:01:32.729 [Test worker] DEBUG org.apache.http.headers - http-outgoing-2 >> DELETE /containers/d42716ab9b81617f3af151880a5f3240fbbba9d20c73da332476081a1074ab25?force=true HTTP/1.1
04:01:32.730 [Test worker] DEBUG org.apache.http.headers - http-outgoing-2 >> Accept: application/json
04:01:32.730 [Test worker] DEBUG org.apache.http.headers - http-outgoing-2 >> User-Agent: Jersey/2.23.1 (Apache HttpClient 4.5.1)
04:01:32.730 [Test worker] DEBUG org.apache.http.headers - http-outgoing-2 >> Host: Thesis:2376
04:01:32.730 [Test worker] DEBUG org.apache.http.headers - http-outgoing-2 >> Connection: Keep-Alive
04:01:32.731 [Test worker] DEBUG org.apache.http.headers - http-outgoing-2 >> Accept-Encoding: gzip,deflate
04:01:32.731 [Test worker] DEBUG org.apache.http.wire - http-outgoing-2 >> "DELETE /containers/d42716ab9b81617f3af151880a5f3240fbbba9d20c73da332476081a1074ab25?force=true HTTP/1.1[\r][\n]"
04:01:32.731 [Test worker] DEBUG org.apache.http.wire - http-outgoing-2 >> "Accept: application/json[\r][\n]"
04:01:32.731 [Test worker] DEBUG org.apache.http.wire - http-outgoing-2 >> "User-Agent: Jersey/2.23.1 (Apache HttpClient 4.5.1)[\r][\n]"
04:01:32.731 [Test worker] DEBUG org.apache.http.wire - http-outgoing-2 >> "Host: Thesis:2376[\r][\n]"
04:01:32.731 [Test worker] DEBUG org.apache.http.wire - http-outgoing-2 >> "Connection: Keep-Alive[\r][\n]"
04:01:32.732 [Test worker] DEBUG org.apache.http.wire - http-outgoing-2 >> "Accept-Encoding: gzip,deflate[\r][\n]"
04:01:32.732 [Test worker] DEBUG org.apache.http.wire - http-outgoing-2 >> "[\r][\n]"
04:01:32.810 [Test worker] DEBUG org.apache.http.wire - http-outgoing-2 << "H"
04:01:32.810 [Test worker] DEBUG org.apache.http.wire - http-outgoing-2 << "TTP/1.1 204 No Content[\r][\n]"
04:01:32.810 [Test worker] DEBUG org.apache.http.wire - http-outgoing-2 << "Server: Docker/1.12.3 (linux)[\r][\n]"
04:01:32.810 [Test worker] DEBUG org.apache.http.wire - http-outgoing-2 << "Date: Wed, 21 Dec 2016 03:01:32 GMT[\r][\n]"
04:01:32.810 [Test worker] DEBUG org.apache.http.wire - http-outgoing-2 << "[\r][\n]"
04:01:32.811 [Test worker] DEBUG org.apache.http.headers - http-outgoing-2 << HTTP/1.1 204 No Content
04:01:32.811 [Test worker] DEBUG org.apache.http.headers - http-outgoing-2 << Server: Docker/1.12.3 (linux)
04:01:32.811 [Test worker] DEBUG org.apache.http.headers - http-outgoing-2 << Date: Wed, 21 Dec 2016 03:01:32 GMT
04:01:32.811 [Test worker] DEBUG o.a.h.impl.execchain.MainClientExec - Connection can be kept alive indefinitely
04:01:32.814 [Test worker] DEBUG c.g.d.j.JerseyDockerCmdExecFactory$1 - Connection [id: 2][route: {s}->https://Thesis:2376][state: CN=Thesis] can be kept alive indefinitely
04:01:32.815 [Test worker] DEBUG c.g.d.j.JerseyDockerCmdExecFactory$1 - Connection released: [id: 2][route: {s}->https://Thesis:2376][state: CN=Thesis][total kept alive: 1; route allocated: 1 of 2; total allocated: 1 of 20]
04:01:32.815 [Test worker] DEBUG c.g.d.j.JerseyDockerCmdExecFactory - 2 * Client response received on thread Test worker
2 < 204
2 < Date: Wed, 21 Dec 2016 03:01:32 GMT
2 < Server: Docker/1.12.3 (linux)

04:01:32.815 [Test worker] DEBUG org.openbaton.docker.DockerVim - Server deleted successfully
Cert Path : null
04:01:32.828 [Test worker] DEBUG c.g.d.core.command.AbstrDockerCmd - Cmd: com.github.dockerjava.core.util.FiltersBuilder@0,com.github.dockerjava.jaxrs.ListNetworksCmdExec@6dfefcc7
04:01:32.876 [Test worker] DEBUG c.g.d.j.JerseyDockerCmdExecFactory - 1 * Sending client request on thread Test worker
1 > GET https://Thesis:2376/networks
1 > Accept: application/json

04:01:32.877 [Test worker] DEBUG o.a.h.c.protocol.RequestAddCookies - CookieSpec selected: default
04:01:32.877 [Test worker] DEBUG o.a.h.c.protocol.RequestAuthCache - Auth cache not set in the context
04:01:32.877 [Test worker] DEBUG c.g.d.j.JerseyDockerCmdExecFactory$1 - Connection request: [route: {s}->https://Thesis:2376][total kept alive: 0; route allocated: 0 of 2; total allocated: 0 of 20]
04:01:32.877 [Test worker] DEBUG c.g.d.j.JerseyDockerCmdExecFactory$1 - Connection leased: [id: 3][route: {s}->https://Thesis:2376][total kept alive: 0; route allocated: 1 of 2; total allocated: 1 of 20]
04:01:32.877 [Test worker] DEBUG o.a.h.impl.execchain.MainClientExec - Opening connection {s}->https://Thesis:2376
04:01:32.878 [Test worker] DEBUG o.a.h.i.c.DefaultHttpClientConnectionOperator - Connecting to Thesis/127.0.1.1:2376
04:01:32.878 [Test worker] DEBUG o.a.h.c.s.SSLConnectionSocketFactory - Connecting socket to Thesis/127.0.1.1:2376 with timeout 0
04:01:32.880 [Test worker] DEBUG o.a.h.c.s.SSLConnectionSocketFactory - Enabled protocols: [TLSv1]
04:01:32.880 [Test worker] DEBUG o.a.h.c.s.SSLConnectionSocketFactory - Enabled cipher suites:[TLS_ECDHE_ECDSA_WITH_AES_128_CBC_SHA, TLS_ECDHE_RSA_WITH_AES_128_CBC_SHA, TLS_RSA_WITH_AES_128_CBC_SHA, TLS_ECDH_ECDSA_WITH_AES_128_CBC_SHA, TLS_ECDH_RSA_WITH_AES_128_CBC_SHA, TLS_DHE_RSA_WITH_AES_128_CBC_SHA, TLS_DHE_DSS_WITH_AES_128_CBC_SHA, TLS_ECDHE_ECDSA_WITH_3DES_EDE_CBC_SHA, TLS_ECDHE_RSA_WITH_3DES_EDE_CBC_SHA, SSL_RSA_WITH_3DES_EDE_CBC_SHA, TLS_ECDH_ECDSA_WITH_3DES_EDE_CBC_SHA, TLS_ECDH_RSA_WITH_3DES_EDE_CBC_SHA, SSL_DHE_RSA_WITH_3DES_EDE_CBC_SHA, SSL_DHE_DSS_WITH_3DES_EDE_CBC_SHA, TLS_ECDHE_ECDSA_WITH_RC4_128_SHA, TLS_ECDHE_RSA_WITH_RC4_128_SHA, SSL_RSA_WITH_RC4_128_SHA, TLS_ECDH_ECDSA_WITH_RC4_128_SHA, TLS_ECDH_RSA_WITH_RC4_128_SHA, SSL_RSA_WITH_RC4_128_MD5, TLS_EMPTY_RENEGOTIATION_INFO_SCSV]
04:01:32.880 [Test worker] DEBUG o.a.h.c.s.SSLConnectionSocketFactory - Starting handshake
04:01:32.946 [Test worker] DEBUG o.a.h.c.s.SSLConnectionSocketFactory - Secure session established
04:01:32.946 [Test worker] DEBUG o.a.h.c.s.SSLConnectionSocketFactory -  negotiated protocol: TLSv1
04:01:32.946 [Test worker] DEBUG o.a.h.c.s.SSLConnectionSocketFactory -  negotiated cipher suite: TLS_ECDHE_RSA_WITH_AES_128_CBC_SHA
04:01:32.947 [Test worker] DEBUG o.a.h.c.s.SSLConnectionSocketFactory -  peer principal: CN=Thesis
04:01:32.947 [Test worker] DEBUG o.a.h.c.s.SSLConnectionSocketFactory -  issuer principal: EMAILADDRESS=sha@yamil.com, CN=Thesis, OU=Open, O=Fra, L=BER, ST=BER, C=DE
04:01:32.947 [Test worker] DEBUG o.a.h.i.c.DefaultHttpClientConnectionOperator - Connection established 127.0.0.1:60934<->127.0.1.1:2376
04:01:32.947 [Test worker] DEBUG o.a.h.impl.execchain.MainClientExec - Executing request GET /networks HTTP/1.1
04:01:32.947 [Test worker] DEBUG o.a.h.impl.execchain.MainClientExec - Target auth state: UNCHALLENGED
04:01:32.947 [Test worker] DEBUG o.a.h.impl.execchain.MainClientExec - Proxy auth state: UNCHALLENGED
04:01:32.948 [Test worker] DEBUG org.apache.http.headers - http-outgoing-3 >> GET /networks HTTP/1.1
04:01:32.948 [Test worker] DEBUG org.apache.http.headers - http-outgoing-3 >> Accept: application/json
04:01:32.948 [Test worker] DEBUG org.apache.http.headers - http-outgoing-3 >> User-Agent: Jersey/2.23.1 (Apache HttpClient 4.5.1)
04:01:32.948 [Test worker] DEBUG org.apache.http.headers - http-outgoing-3 >> Host: Thesis:2376
04:01:32.948 [Test worker] DEBUG org.apache.http.headers - http-outgoing-3 >> Connection: Keep-Alive
04:01:32.948 [Test worker] DEBUG org.apache.http.headers - http-outgoing-3 >> Accept-Encoding: gzip,deflate
04:01:32.949 [Test worker] DEBUG org.apache.http.wire - http-outgoing-3 >> "GET /networks HTTP/1.1[\r][\n]"
04:01:32.949 [Test worker] DEBUG org.apache.http.wire - http-outgoing-3 >> "Accept: application/json[\r][\n]"
04:01:32.949 [Test worker] DEBUG org.apache.http.wire - http-outgoing-3 >> "User-Agent: Jersey/2.23.1 (Apache HttpClient 4.5.1)[\r][\n]"
04:01:32.949 [Test worker] DEBUG org.apache.http.wire - http-outgoing-3 >> "Host: Thesis:2376[\r][\n]"
04:01:32.949 [Test worker] DEBUG org.apache.http.wire - http-outgoing-3 >> "Connection: Keep-Alive[\r][\n]"
04:01:32.949 [Test worker] DEBUG org.apache.http.wire - http-outgoing-3 >> "Accept-Encoding: gzip,deflate[\r][\n]"
04:01:32.950 [Test worker] DEBUG org.apache.http.wire - http-outgoing-3 >> "[\r][\n]"
04:01:32.950 [Test worker] DEBUG org.apache.http.wire - http-outgoing-3 << "H"
04:01:32.951 [Test worker] DEBUG org.apache.http.wire - http-outgoing-3 << "TTP/1.1 200 OK[\r][\n]"
04:01:32.951 [Test worker] DEBUG org.apache.http.wire - http-outgoing-3 << "Content-Type: application/json[\r][\n]"
04:01:32.951 [Test worker] DEBUG org.apache.http.wire - http-outgoing-3 << "Server: Docker/1.12.3 (linux)[\r][\n]"
04:01:32.951 [Test worker] DEBUG org.apache.http.wire - http-outgoing-3 << "Date: Wed, 21 Dec 2016 03:01:32 GMT[\r][\n]"
04:01:32.951 [Test worker] DEBUG org.apache.http.wire - http-outgoing-3 << "Content-Length: 1411[\r][\n]"
04:01:32.952 [Test worker] DEBUG org.apache.http.wire - http-outgoing-3 << "[\r][\n]"
04:01:32.952 [Test worker] DEBUG org.apache.http.wire - http-outgoing-3 << "[{"Name":"bridge","Id":"efdbf560175b2fea9530e9bd81555f23f020db58853647978dae51acf69f47b1","Scope":"local","Driver":"bridge","EnableIPv6":false,"IPAM":{"Driver":"default","Options":null,"Config":[{"Subnet":"172.17.0.0/16","Gateway":"172.17.0.1"}]},"Internal":false,"Containers":{},"Options":{"com.docker.network.bridge.default_bridge":"true","com.docker.network.bridge.enable_icc":"true","com.docker.network.bridge.enable_ip_masquerade":"true","com.docker.network.bridge.host_binding_ipv4":"0.0.0.0","com.docker.network.bridge.name":"docker0","com.docker.network.driver.mtu":"1500"},"Labels":{}},{"Name":"none","Id":"4d89c194eb79cd2beb38458d10a1b98c74d6b8462af72afde29ae7aca53ed5ca","Scope":"local","Driver":"null","EnableIPv6":false,"IPAM":{"Driver":"default","Options":null,"Config":[]},"Internal":false,"Containers":{},"Options":{},"Labels":{}},{"Name":"MyNetwork","Id":"c06c67ce02b4e424ea922ec9cc218df769e6768eb312499ce6656b4467cac719","Scope":"local","Driver":"bridge","EnableIPv6":false,"IPAM":{"Driver":"default","Options":null,"Config":[{"Subnet":"172.18.0.0/16","Gateway":"172.18.0.1/16"}]},"Internal":false,"Containers":{},"Options":{},"Labels":{}},{"Name":"host","Id":"fe042b0866671b5be4f097ba43830c0a02959c058702d18e18c14a24d88a357d","Scope":"local","Driver":"host","EnableIPv6":false,"IPAM":{"Driver":"default","Options":null,"Config":[]},"Internal":false,"Containers":{},"Options":{},"Labels":{}}][\n]"
04:01:32.952 [Test worker] DEBUG org.apache.http.headers - http-outgoing-3 << HTTP/1.1 200 OK
04:01:32.952 [Test worker] DEBUG org.apache.http.headers - http-outgoing-3 << Content-Type: application/json
04:01:32.952 [Test worker] DEBUG org.apache.http.headers - http-outgoing-3 << Server: Docker/1.12.3 (linux)
04:01:32.952 [Test worker] DEBUG org.apache.http.headers - http-outgoing-3 << Date: Wed, 21 Dec 2016 03:01:32 GMT
04:01:32.953 [Test worker] DEBUG org.apache.http.headers - http-outgoing-3 << Content-Length: 1411
04:01:32.953 [Test worker] DEBUG o.a.h.impl.execchain.MainClientExec - Connection can be kept alive indefinitely
04:01:32.953 [Test worker] DEBUG c.g.d.j.JerseyDockerCmdExecFactory - 2 * Client response received on thread Test worker
2 < 200
2 < Content-Length: 1411
2 < Content-Type: application/json
2 < Date: Wed, 21 Dec 2016 03:01:32 GMT
2 < Server: Docker/1.12.3 (linux)
[{"Name":"bridge","Id":"efdbf560175b2fea9530e9bd81555f23f020db58853647978dae51acf69f47b1","Scope":"local","Driver":"bridge","EnableIPv6":false,"IPAM":{"Driver":"default","Options":null,"Config":[{"Subnet":"172.17.0.0/16","Gateway":"172.17.0.1"}]},"Internal":false,"Containers":{},"Options":{"com.docker.network.bridge.default_bridge":"true","com.docker.network.bridge.enable_icc":"true","com.docker.network.bridge.enable_ip_masquerade":"true","com.docker.network.bridge.host_binding_ipv4":"0.0.0.0","com.docker.network.bridge.name":"docker0","com.docker.network.driver.mtu":"1500"},"Labels":{}},{"Name":"none","Id":"4d89c194eb79cd2beb38458d10a1b98c74d6b8462af72afde29ae7aca53ed5ca","Scope":"local","Driver":"null","EnableIPv6":false,"IPAM":{"Driver":"default","Options":null,"Config":[]},"Internal":false,"Containers":{},"Options":{},"Labels":{}},{"Name":"MyNetwork","Id":"c06c67ce02b4e424ea922ec9cc218df769e6768eb312499ce6656b4467cac719","Scope":"local","Driver":"bridge","EnableIPv6":false,"IPAM":{"Driver":"default","Options":null,"Config":[{"Subnet":"172.18.0.0/16","Gateway":"172.18.0.1/16"}]},"Internal":false,"Containers":{},"Options":{},"Labels":{}},{"Name":"host","Id":"fe042b0866671b5be4f097ba43830c0a02959c058702d18e18c14a24d88a357d","Scope":"local","Driver":"host","EnableIPv6":false,"IPAM":{"Driver":"default","Options":null,"Config":[]},"Internal":false,"Containers":{},"Options":{},"Labels":{}}]


04:01:32.960 [Test worker] DEBUG o.a.h.i.c.DefaultManagedHttpClientConnection - http-outgoing-3: Close connection
04:01:32.960 [Test worker] DEBUG o.a.h.impl.execchain.MainClientExec - Connection discarded
04:01:32.960 [Test worker] DEBUG c.g.d.j.JerseyDockerCmdExecFactory$1 - Connection released: [id: 3][route: {s}->https://Thesis:2376][total kept alive: 0; route allocated: 0 of 2; total allocated: 0 of 20]
04:01:32.961 [Test worker] DEBUG org.openbaton.docker.DockerVim - Found a docker network, transformed into a NFV network Network{id='c06c67ce02b4e424ea922ec9cc218df769e6768eb312499ce6656b4467cac719', name='MyNetwork', extId='null', external=false, shared=false, subnets=[Subnet{id='null', version=0, name='bridge', extId='null', networkId='172.18.0.0/16', cidr='null', gatewayIp='172.18.0.1/16'}]}
Cert Path : null
04:01:32.976 [Test worker] DEBUG c.g.d.core.command.AbstrDockerCmd - Cmd: c06c67ce02b4e424ea922ec9cc218df769e6768eb312499ce6656b4467cac719,com.github.dockerjava.jaxrs.RemoveNetworkCmdExec@5a7c6987
04:01:33.021 [Test worker] DEBUG c.g.d.j.JerseyDockerCmdExecFactory - 1 * Sending client request on thread Test worker
1 > DELETE https://Thesis:2376/networks/c06c67ce02b4e424ea922ec9cc218df769e6768eb312499ce6656b4467cac719
1 > Accept: application/json

04:01:33.022 [Test worker] DEBUG o.a.h.c.protocol.RequestAddCookies - CookieSpec selected: default
04:01:33.022 [Test worker] DEBUG o.a.h.c.protocol.RequestAuthCache - Auth cache not set in the context
04:01:33.022 [Test worker] DEBUG c.g.d.j.JerseyDockerCmdExecFactory$1 - Connection request: [route: {s}->https://Thesis:2376][total kept alive: 0; route allocated: 0 of 2; total allocated: 0 of 20]
04:01:33.022 [Test worker] DEBUG c.g.d.j.JerseyDockerCmdExecFactory$1 - Connection leased: [id: 4][route: {s}->https://Thesis:2376][total kept alive: 0; route allocated: 1 of 2; total allocated: 1 of 20]
04:01:33.023 [Test worker] DEBUG o.a.h.impl.execchain.MainClientExec - Opening connection {s}->https://Thesis:2376
04:01:33.023 [Test worker] DEBUG o.a.h.i.c.DefaultHttpClientConnectionOperator - Connecting to Thesis/127.0.1.1:2376
04:01:33.023 [Test worker] DEBUG o.a.h.c.s.SSLConnectionSocketFactory - Connecting socket to Thesis/127.0.1.1:2376 with timeout 0
04:01:33.027 [Test worker] DEBUG o.a.h.c.s.SSLConnectionSocketFactory - Enabled protocols: [TLSv1]
04:01:33.027 [Test worker] DEBUG o.a.h.c.s.SSLConnectionSocketFactory - Enabled cipher suites:[TLS_ECDHE_ECDSA_WITH_AES_128_CBC_SHA, TLS_ECDHE_RSA_WITH_AES_128_CBC_SHA, TLS_RSA_WITH_AES_128_CBC_SHA, TLS_ECDH_ECDSA_WITH_AES_128_CBC_SHA, TLS_ECDH_RSA_WITH_AES_128_CBC_SHA, TLS_DHE_RSA_WITH_AES_128_CBC_SHA, TLS_DHE_DSS_WITH_AES_128_CBC_SHA, TLS_ECDHE_ECDSA_WITH_3DES_EDE_CBC_SHA, TLS_ECDHE_RSA_WITH_3DES_EDE_CBC_SHA, SSL_RSA_WITH_3DES_EDE_CBC_SHA, TLS_ECDH_ECDSA_WITH_3DES_EDE_CBC_SHA, TLS_ECDH_RSA_WITH_3DES_EDE_CBC_SHA, SSL_DHE_RSA_WITH_3DES_EDE_CBC_SHA, SSL_DHE_DSS_WITH_3DES_EDE_CBC_SHA, TLS_ECDHE_ECDSA_WITH_RC4_128_SHA, TLS_ECDHE_RSA_WITH_RC4_128_SHA, SSL_RSA_WITH_RC4_128_SHA, TLS_ECDH_ECDSA_WITH_RC4_128_SHA, TLS_ECDH_RSA_WITH_RC4_128_SHA, SSL_RSA_WITH_RC4_128_MD5, TLS_EMPTY_RENEGOTIATION_INFO_SCSV]
04:01:33.028 [Test worker] DEBUG o.a.h.c.s.SSLConnectionSocketFactory - Starting handshake
04:01:33.105 [Test worker] DEBUG o.a.h.c.s.SSLConnectionSocketFactory - Secure session established
04:01:33.106 [Test worker] DEBUG o.a.h.c.s.SSLConnectionSocketFactory -  negotiated protocol: TLSv1
04:01:33.106 [Test worker] DEBUG o.a.h.c.s.SSLConnectionSocketFactory -  negotiated cipher suite: TLS_ECDHE_RSA_WITH_AES_128_CBC_SHA
04:01:33.106 [Test worker] DEBUG o.a.h.c.s.SSLConnectionSocketFactory -  peer principal: CN=Thesis
04:01:33.106 [Test worker] DEBUG o.a.h.c.s.SSLConnectionSocketFactory -  issuer principal: EMAILADDRESS=sha@yamil.com, CN=Thesis, OU=Open, O=Fra, L=BER, ST=BER, C=DE
04:01:33.107 [Test worker] DEBUG o.a.h.i.c.DefaultHttpClientConnectionOperator - Connection established 127.0.0.1:60936<->127.0.1.1:2376
04:01:33.107 [Test worker] DEBUG o.a.h.impl.execchain.MainClientExec - Executing request DELETE /networks/c06c67ce02b4e424ea922ec9cc218df769e6768eb312499ce6656b4467cac719 HTTP/1.1
04:01:33.107 [Test worker] DEBUG o.a.h.impl.execchain.MainClientExec - Target auth state: UNCHALLENGED
04:01:33.108 [Test worker] DEBUG o.a.h.impl.execchain.MainClientExec - Proxy auth state: UNCHALLENGED
04:01:33.108 [Test worker] DEBUG org.apache.http.headers - http-outgoing-4 >> DELETE /networks/c06c67ce02b4e424ea922ec9cc218df769e6768eb312499ce6656b4467cac719 HTTP/1.1
04:01:33.108 [Test worker] DEBUG org.apache.http.headers - http-outgoing-4 >> Accept: application/json
04:01:33.108 [Test worker] DEBUG org.apache.http.headers - http-outgoing-4 >> User-Agent: Jersey/2.23.1 (Apache HttpClient 4.5.1)
04:01:33.108 [Test worker] DEBUG org.apache.http.headers - http-outgoing-4 >> Host: Thesis:2376
04:01:33.108 [Test worker] DEBUG org.apache.http.headers - http-outgoing-4 >> Connection: Keep-Alive
04:01:33.109 [Test worker] DEBUG org.apache.http.headers - http-outgoing-4 >> Accept-Encoding: gzip,deflate
04:01:33.109 [Test worker] DEBUG org.apache.http.wire - http-outgoing-4 >> "DELETE /networks/c06c67ce02b4e424ea922ec9cc218df769e6768eb312499ce6656b4467cac719 HTTP/1.1[\r][\n]"
04:01:33.109 [Test worker] DEBUG org.apache.http.wire - http-outgoing-4 >> "Accept: application/json[\r][\n]"
04:01:33.109 [Test worker] DEBUG org.apache.http.wire - http-outgoing-4 >> "User-Agent: Jersey/2.23.1 (Apache HttpClient 4.5.1)[\r][\n]"
04:01:33.109 [Test worker] DEBUG org.apache.http.wire - http-outgoing-4 >> "Host: Thesis:2376[\r][\n]"
04:01:33.109 [Test worker] DEBUG org.apache.http.wire - http-outgoing-4 >> "Connection: Keep-Alive[\r][\n]"
04:01:33.110 [Test worker] DEBUG org.apache.http.wire - http-outgoing-4 >> "Accept-Encoding: gzip,deflate[\r][\n]"
04:01:33.110 [Test worker] DEBUG org.apache.http.wire - http-outgoing-4 >> "[\r][\n]"
04:01:33.186 [Test worker] DEBUG org.apache.http.wire - http-outgoing-4 << "H"
04:01:33.187 [Test worker] DEBUG org.apache.http.wire - http-outgoing-4 << "TTP/1.1 204 No Content[\r][\n]"
04:01:33.187 [Test worker] DEBUG org.apache.http.wire - http-outgoing-4 << "Server: Docker/1.12.3 (linux)[\r][\n]"
04:01:33.187 [Test worker] DEBUG org.apache.http.wire - http-outgoing-4 << "Date: Wed, 21 Dec 2016 03:01:33 GMT[\r][\n]"
04:01:33.187 [Test worker] DEBUG org.apache.http.wire - http-outgoing-4 << "[\r][\n]"
04:01:33.187 [Test worker] DEBUG org.apache.http.headers - http-outgoing-4 << HTTP/1.1 204 No Content
04:01:33.187 [Test worker] DEBUG org.apache.http.headers - http-outgoing-4 << Server: Docker/1.12.3 (linux)
04:01:33.187 [Test worker] DEBUG org.apache.http.headers - http-outgoing-4 << Date: Wed, 21 Dec 2016 03:01:33 GMT
04:01:33.187 [Test worker] DEBUG o.a.h.impl.execchain.MainClientExec - Connection can be kept alive indefinitely
04:01:33.187 [Test worker] DEBUG c.g.d.j.JerseyDockerCmdExecFactory$1 - Connection [id: 4][route: {s}->https://Thesis:2376][state: CN=Thesis] can be kept alive indefinitely
04:01:33.187 [Test worker] DEBUG c.g.d.j.JerseyDockerCmdExecFactory$1 - Connection released: [id: 4][route: {s}->https://Thesis:2376][state: CN=Thesis][total kept alive: 1; route allocated: 1 of 2; total allocated: 1 of 20]
04:01:33.188 [Test worker] DEBUG c.g.d.j.JerseyDockerCmdExecFactory - 2 * Client response received on thread Test worker
2 < 204
2 < Date: Wed, 21 Dec 2016 03:01:33 GMT
2 < Server: Docker/1.12.3 (linux)

04:01:33.188 [Test worker] INFO  org.openbaton.docker.DockerVim - Network deleted successfully
04:01:33.189 [Test worker] DEBUG c.g.d.core.command.AbstrDockerCmd - Cmd: com.github.dockerjava.core.util.FiltersBuilder@0,com.github.dockerjava.jaxrs.ListVolumesCmdExec@fda8f12
04:01:33.242 [Test worker] DEBUG c.g.d.j.JerseyDockerCmdExecFactory - 1 * Sending client request on thread Test worker
1 > GET https://Thesis:2376/volumes
1 > Accept: application/json

04:01:33.250 [Test worker] DEBUG o.a.h.c.protocol.RequestAddCookies - CookieSpec selected: default
04:01:33.250 [Test worker] DEBUG o.a.h.c.protocol.RequestAuthCache - Auth cache not set in the context
04:01:33.251 [Test worker] DEBUG c.g.d.j.JerseyDockerCmdExecFactory$1 - Connection request: [route: {s}->https://Thesis:2376][total kept alive: 0; route allocated: 0 of 2; total allocated: 0 of 20]
04:01:33.251 [Test worker] DEBUG c.g.d.j.JerseyDockerCmdExecFactory$1 - Connection leased: [id: 5][route: {s}->https://Thesis:2376][total kept alive: 0; route allocated: 1 of 2; total allocated: 1 of 20]
04:01:33.251 [Test worker] DEBUG o.a.h.impl.execchain.MainClientExec - Opening connection {s}->https://Thesis:2376
04:01:33.251 [Test worker] DEBUG o.a.h.i.c.DefaultHttpClientConnectionOperator - Connecting to Thesis/127.0.1.1:2376
04:01:33.252 [Test worker] DEBUG o.a.h.c.s.SSLConnectionSocketFactory - Connecting socket to Thesis/127.0.1.1:2376 with timeout 0
04:01:33.254 [Test worker] DEBUG o.a.h.c.s.SSLConnectionSocketFactory - Enabled protocols: [TLSv1]
04:01:33.259 [Test worker] DEBUG o.a.h.c.s.SSLConnectionSocketFactory - Enabled cipher suites:[TLS_ECDHE_ECDSA_WITH_AES_128_CBC_SHA, TLS_ECDHE_RSA_WITH_AES_128_CBC_SHA, TLS_RSA_WITH_AES_128_CBC_SHA, TLS_ECDH_ECDSA_WITH_AES_128_CBC_SHA, TLS_ECDH_RSA_WITH_AES_128_CBC_SHA, TLS_DHE_RSA_WITH_AES_128_CBC_SHA, TLS_DHE_DSS_WITH_AES_128_CBC_SHA, TLS_ECDHE_ECDSA_WITH_3DES_EDE_CBC_SHA, TLS_ECDHE_RSA_WITH_3DES_EDE_CBC_SHA, SSL_RSA_WITH_3DES_EDE_CBC_SHA, TLS_ECDH_ECDSA_WITH_3DES_EDE_CBC_SHA, TLS_ECDH_RSA_WITH_3DES_EDE_CBC_SHA, SSL_DHE_RSA_WITH_3DES_EDE_CBC_SHA, SSL_DHE_DSS_WITH_3DES_EDE_CBC_SHA, TLS_ECDHE_ECDSA_WITH_RC4_128_SHA, TLS_ECDHE_RSA_WITH_RC4_128_SHA, SSL_RSA_WITH_RC4_128_SHA, TLS_ECDH_ECDSA_WITH_RC4_128_SHA, TLS_ECDH_RSA_WITH_RC4_128_SHA, SSL_RSA_WITH_RC4_128_MD5, TLS_EMPTY_RENEGOTIATION_INFO_SCSV]
04:01:33.259 [Test worker] DEBUG o.a.h.c.s.SSLConnectionSocketFactory - Starting handshake
04:01:33.339 [Test worker] DEBUG o.a.h.c.s.SSLConnectionSocketFactory - Secure session established
04:01:33.340 [Test worker] DEBUG o.a.h.c.s.SSLConnectionSocketFactory -  negotiated protocol: TLSv1
04:01:33.340 [Test worker] DEBUG o.a.h.c.s.SSLConnectionSocketFactory -  negotiated cipher suite: TLS_ECDHE_RSA_WITH_AES_128_CBC_SHA
04:01:33.340 [Test worker] DEBUG o.a.h.c.s.SSLConnectionSocketFactory -  peer principal: CN=Thesis
04:01:33.340 [Test worker] DEBUG o.a.h.c.s.SSLConnectionSocketFactory -  issuer principal: EMAILADDRESS=sha@yamil.com, CN=Thesis, OU=Open, O=Fra, L=BER, ST=BER, C=DE
04:01:33.340 [Test worker] DEBUG o.a.h.i.c.DefaultHttpClientConnectionOperator - Connection established 127.0.0.1:60938<->127.0.1.1:2376
04:01:33.341 [Test worker] DEBUG o.a.h.impl.execchain.MainClientExec - Executing request GET /volumes HTTP/1.1
04:01:33.341 [Test worker] DEBUG o.a.h.impl.execchain.MainClientExec - Target auth state: UNCHALLENGED
04:01:33.341 [Test worker] DEBUG o.a.h.impl.execchain.MainClientExec - Proxy auth state: UNCHALLENGED
04:01:33.341 [Test worker] DEBUG org.apache.http.headers - http-outgoing-5 >> GET /volumes HTTP/1.1
04:01:33.341 [Test worker] DEBUG org.apache.http.headers - http-outgoing-5 >> Accept: application/json
04:01:33.341 [Test worker] DEBUG org.apache.http.headers - http-outgoing-5 >> User-Agent: Jersey/2.23.1 (Apache HttpClient 4.5.1)
04:01:33.342 [Test worker] DEBUG org.apache.http.headers - http-outgoing-5 >> Host: Thesis:2376
04:01:33.342 [Test worker] DEBUG org.apache.http.headers - http-outgoing-5 >> Connection: Keep-Alive
04:01:33.342 [Test worker] DEBUG org.apache.http.headers - http-outgoing-5 >> Accept-Encoding: gzip,deflate
04:01:33.342 [Test worker] DEBUG org.apache.http.wire - http-outgoing-5 >> "GET /volumes HTTP/1.1[\r][\n]"
04:01:33.342 [Test worker] DEBUG org.apache.http.wire - http-outgoing-5 >> "Accept: application/json[\r][\n]"
04:01:33.342 [Test worker] DEBUG org.apache.http.wire - http-outgoing-5 >> "User-Agent: Jersey/2.23.1 (Apache HttpClient 4.5.1)[\r][\n]"
04:01:33.343 [Test worker] DEBUG org.apache.http.wire - http-outgoing-5 >> "Host: Thesis:2376[\r][\n]"
04:01:33.343 [Test worker] DEBUG org.apache.http.wire - http-outgoing-5 >> "Connection: Keep-Alive[\r][\n]"
04:01:33.343 [Test worker] DEBUG org.apache.http.wire - http-outgoing-5 >> "Accept-Encoding: gzip,deflate[\r][\n]"
04:01:33.343 [Test worker] DEBUG org.apache.http.wire - http-outgoing-5 >> "[\r][\n]"
04:01:33.344 [Test worker] DEBUG org.apache.http.wire - http-outgoing-5 << "H"
04:01:33.344 [Test worker] DEBUG org.apache.http.wire - http-outgoing-5 << "TTP/1.1 200 OK[\r][\n]"
04:01:33.344 [Test worker] DEBUG org.apache.http.wire - http-outgoing-5 << "Content-Type: application/json[\r][\n]"
04:01:33.344 [Test worker] DEBUG org.apache.http.wire - http-outgoing-5 << "Server: Docker/1.12.3 (linux)[\r][\n]"
04:01:33.344 [Test worker] DEBUG org.apache.http.wire - http-outgoing-5 << "Date: Wed, 21 Dec 2016 03:01:33 GMT[\r][\n]"
04:01:33.345 [Test worker] DEBUG org.apache.http.wire - http-outgoing-5 << "Content-Length: 33[\r][\n]"
04:01:33.345 [Test worker] DEBUG org.apache.http.wire - http-outgoing-5 << "[\r][\n]"
04:01:33.345 [Test worker] DEBUG org.apache.http.wire - http-outgoing-5 << "{"Volumes":null,"Warnings":null}[\n]"
04:01:33.345 [Test worker] DEBUG org.apache.http.headers - http-outgoing-5 << HTTP/1.1 200 OK
04:01:33.345 [Test worker] DEBUG org.apache.http.headers - http-outgoing-5 << Content-Type: application/json
04:01:33.346 [Test worker] DEBUG org.apache.http.headers - http-outgoing-5 << Server: Docker/1.12.3 (linux)
04:01:33.346 [Test worker] DEBUG org.apache.http.headers - http-outgoing-5 << Date: Wed, 21 Dec 2016 03:01:33 GMT
04:01:33.346 [Test worker] DEBUG org.apache.http.headers - http-outgoing-5 << Content-Length: 33
04:01:33.346 [Test worker] DEBUG o.a.h.impl.execchain.MainClientExec - Connection can be kept alive indefinitely
04:01:33.347 [Test worker] DEBUG c.g.d.j.JerseyDockerCmdExecFactory - 2 * Client response received on thread Test worker
2 < 200
2 < Content-Length: 33
2 < Content-Type: application/json
2 < Date: Wed, 21 Dec 2016 03:01:33 GMT
2 < Server: Docker/1.12.3 (linux)
{"Volumes":null,"Warnings":null}


04:01:33.355 [Test worker] DEBUG o.a.h.i.c.DefaultManagedHttpClientConnection - http-outgoing-5: Close connection
04:01:33.363 [Test worker] DEBUG o.a.h.impl.execchain.MainClientExec - Connection discarded
04:01:33.364 [Test worker] DEBUG c.g.d.j.JerseyDockerCmdExecFactory$1 - Connection released: [id: 5][route: {s}->https://Thesis:2376][total kept alive: 0; route allocated: 0 of 2; total allocated: 0 of 20]
List of volumes: null
Cert Path : null
04:01:33.377 [Test worker] DEBUG c.g.d.core.command.AbstrDockerCmd - Cmd: MyNetwork,<null>,<null>,{},true,<null>,<null>,com.github.dockerjava.jaxrs.CreateNetworkCmdExec@1d69f46b
04:01:33.422 [Test worker] DEBUG o.a.h.c.protocol.RequestAddCookies - CookieSpec selected: default
04:01:33.425 [Test worker] DEBUG o.a.h.c.protocol.RequestAuthCache - Auth cache not set in the context
04:01:33.426 [Test worker] DEBUG c.g.d.j.JerseyDockerCmdExecFactory$1 - Connection request: [route: {s}->https://Thesis:2376][total kept alive: 0; route allocated: 0 of 2; total allocated: 0 of 20]
04:01:33.426 [Test worker] DEBUG c.g.d.j.JerseyDockerCmdExecFactory$1 - Connection leased: [id: 6][route: {s}->https://Thesis:2376][total kept alive: 0; route allocated: 1 of 2; total allocated: 1 of 20]
04:01:33.426 [Test worker] DEBUG o.a.h.impl.execchain.MainClientExec - Opening connection {s}->https://Thesis:2376
04:01:33.426 [Test worker] DEBUG o.a.h.i.c.DefaultHttpClientConnectionOperator - Connecting to Thesis/127.0.1.1:2376
04:01:33.427 [Test worker] DEBUG o.a.h.c.s.SSLConnectionSocketFactory - Connecting socket to Thesis/127.0.1.1:2376 with timeout 0
04:01:33.434 [Test worker] DEBUG o.a.h.c.s.SSLConnectionSocketFactory - Enabled protocols: [TLSv1]
04:01:33.434 [Test worker] DEBUG o.a.h.c.s.SSLConnectionSocketFactory - Enabled cipher suites:[TLS_ECDHE_ECDSA_WITH_AES_128_CBC_SHA, TLS_ECDHE_RSA_WITH_AES_128_CBC_SHA, TLS_RSA_WITH_AES_128_CBC_SHA, TLS_ECDH_ECDSA_WITH_AES_128_CBC_SHA, TLS_ECDH_RSA_WITH_AES_128_CBC_SHA, TLS_DHE_RSA_WITH_AES_128_CBC_SHA, TLS_DHE_DSS_WITH_AES_128_CBC_SHA, TLS_ECDHE_ECDSA_WITH_3DES_EDE_CBC_SHA, TLS_ECDHE_RSA_WITH_3DES_EDE_CBC_SHA, SSL_RSA_WITH_3DES_EDE_CBC_SHA, TLS_ECDH_ECDSA_WITH_3DES_EDE_CBC_SHA, TLS_ECDH_RSA_WITH_3DES_EDE_CBC_SHA, SSL_DHE_RSA_WITH_3DES_EDE_CBC_SHA, SSL_DHE_DSS_WITH_3DES_EDE_CBC_SHA, TLS_ECDHE_ECDSA_WITH_RC4_128_SHA, TLS_ECDHE_RSA_WITH_RC4_128_SHA, SSL_RSA_WITH_RC4_128_SHA, TLS_ECDH_ECDSA_WITH_RC4_128_SHA, TLS_ECDH_RSA_WITH_RC4_128_SHA, SSL_RSA_WITH_RC4_128_MD5, TLS_EMPTY_RENEGOTIATION_INFO_SCSV]
04:01:33.434 [Test worker] DEBUG o.a.h.c.s.SSLConnectionSocketFactory - Starting handshake
04:01:33.521 [Test worker] DEBUG o.a.h.c.s.SSLConnectionSocketFactory - Secure session established
04:01:33.521 [Test worker] DEBUG o.a.h.c.s.SSLConnectionSocketFactory -  negotiated protocol: TLSv1
04:01:33.521 [Test worker] DEBUG o.a.h.c.s.SSLConnectionSocketFactory -  negotiated cipher suite: TLS_ECDHE_RSA_WITH_AES_128_CBC_SHA
04:01:33.521 [Test worker] DEBUG o.a.h.c.s.SSLConnectionSocketFactory -  peer principal: CN=Thesis
04:01:33.522 [Test worker] DEBUG o.a.h.c.s.SSLConnectionSocketFactory -  issuer principal: EMAILADDRESS=sha@yamil.com, CN=Thesis, OU=Open, O=Fra, L=BER, ST=BER, C=DE
04:01:33.522 [Test worker] DEBUG o.a.h.i.c.DefaultHttpClientConnectionOperator - Connection established 127.0.0.1:60940<->127.0.1.1:2376
04:01:33.522 [Test worker] DEBUG o.a.h.impl.execchain.MainClientExec - Executing request POST /networks/create HTTP/1.1
04:01:33.522 [Test worker] DEBUG o.a.h.impl.execchain.MainClientExec - Target auth state: UNCHALLENGED
04:01:33.522 [Test worker] DEBUG o.a.h.impl.execchain.MainClientExec - Proxy auth state: UNCHALLENGED
04:01:33.523 [Test worker] DEBUG org.apache.http.headers - http-outgoing-6 >> POST /networks/create HTTP/1.1
04:01:33.523 [Test worker] DEBUG org.apache.http.headers - http-outgoing-6 >> Accept: application/json
04:01:33.523 [Test worker] DEBUG org.apache.http.headers - http-outgoing-6 >> Content-Type: application/json
04:01:33.523 [Test worker] DEBUG org.apache.http.headers - http-outgoing-6 >> User-Agent: Jersey/2.23.1 (Apache HttpClient 4.5.1)
04:01:33.523 [Test worker] DEBUG org.apache.http.headers - http-outgoing-6 >> Transfer-Encoding: chunked
04:01:33.523 [Test worker] DEBUG org.apache.http.headers - http-outgoing-6 >> Host: Thesis:2376
04:01:33.524 [Test worker] DEBUG org.apache.http.headers - http-outgoing-6 >> Connection: Keep-Alive
04:01:33.524 [Test worker] DEBUG org.apache.http.headers - http-outgoing-6 >> Accept-Encoding: gzip,deflate
04:01:33.551 [Test worker] DEBUG c.g.d.j.JerseyDockerCmdExecFactory - 1 * Sending client request on thread Test worker
1 > POST https://Thesis:2376/networks/create
1 > Accept: application/json
1 > Content-Type: application/json
{"enableIPv6":null,"Name":"MyNetwork","Driver":null,"IPAM":null,"Options":{},"CheckDuplicate":true,"Internal":null,"EnableIPv6":null}

04:01:33.553 [Test worker] DEBUG org.apache.http.wire - http-outgoing-6 >> "POST /networks/create HTTP/1.1[\r][\n]"
04:01:33.556 [Test worker] DEBUG org.apache.http.wire - http-outgoing-6 >> "Accept: application/json[\r][\n]"
04:01:33.556 [Test worker] DEBUG org.apache.http.wire - http-outgoing-6 >> "Content-Type: application/json[\r][\n]"
04:01:33.556 [Test worker] DEBUG org.apache.http.wire - http-outgoing-6 >> "User-Agent: Jersey/2.23.1 (Apache HttpClient 4.5.1)[\r][\n]"
04:01:33.556 [Test worker] DEBUG org.apache.http.wire - http-outgoing-6 >> "Transfer-Encoding: chunked[\r][\n]"
04:01:33.556 [Test worker] DEBUG org.apache.http.wire - http-outgoing-6 >> "Host: Thesis:2376[\r][\n]"
04:01:33.556 [Test worker] DEBUG org.apache.http.wire - http-outgoing-6 >> "Connection: Keep-Alive[\r][\n]"
04:01:33.557 [Test worker] DEBUG org.apache.http.wire - http-outgoing-6 >> "Accept-Encoding: gzip,deflate[\r][\n]"
04:01:33.557 [Test worker] DEBUG org.apache.http.wire - http-outgoing-6 >> "[\r][\n]"
04:01:33.557 [Test worker] DEBUG org.apache.http.wire - http-outgoing-6 >> "85[\r][\n]"
04:01:33.557 [Test worker] DEBUG org.apache.http.wire - http-outgoing-6 >> "{"enableIPv6":null,"Name":"MyNetwork","Driver":null,"IPAM":null,"Options":{},"CheckDuplicate":true,"Internal":null,"EnableIPv6":null}[\r][\n]"
04:01:33.557 [Test worker] DEBUG org.apache.http.wire - http-outgoing-6 >> "0[\r][\n]"
04:01:33.558 [Test worker] DEBUG org.apache.http.wire - http-outgoing-6 >> "[\r][\n]"
04:01:33.622 [Test worker] DEBUG org.apache.http.wire - http-outgoing-6 << "H"
04:01:33.623 [Test worker] DEBUG org.apache.http.wire - http-outgoing-6 << "TTP/1.1 201 Created[\r][\n]"
04:01:33.623 [Test worker] DEBUG org.apache.http.wire - http-outgoing-6 << "Content-Type: application/json[\r][\n]"
04:01:33.623 [Test worker] DEBUG org.apache.http.wire - http-outgoing-6 << "Server: Docker/1.12.3 (linux)[\r][\n]"
04:01:33.623 [Test worker] DEBUG org.apache.http.wire - http-outgoing-6 << "Date: Wed, 21 Dec 2016 03:01:33 GMT[\r][\n]"
04:01:33.623 [Test worker] DEBUG org.apache.http.wire - http-outgoing-6 << "Content-Length: 87[\r][\n]"
04:01:33.623 [Test worker] DEBUG org.apache.http.wire - http-outgoing-6 << "[\r][\n]"
04:01:33.623 [Test worker] DEBUG org.apache.http.wire - http-outgoing-6 << "{"Id":"5a30f19dac10c223dbe71b1245ebc6269c8438db4bef2ef5c9428ed0fa719c10","Warning":""}[\n]"
04:01:33.623 [Test worker] DEBUG org.apache.http.headers - http-outgoing-6 << HTTP/1.1 201 Created
04:01:33.623 [Test worker] DEBUG org.apache.http.headers - http-outgoing-6 << Content-Type: application/json
04:01:33.623 [Test worker] DEBUG org.apache.http.headers - http-outgoing-6 << Server: Docker/1.12.3 (linux)
04:01:33.623 [Test worker] DEBUG org.apache.http.headers - http-outgoing-6 << Date: Wed, 21 Dec 2016 03:01:33 GMT
04:01:33.623 [Test worker] DEBUG org.apache.http.headers - http-outgoing-6 << Content-Length: 87
04:01:33.623 [Test worker] DEBUG o.a.h.impl.execchain.MainClientExec - Connection can be kept alive indefinitely
04:01:33.624 [Test worker] DEBUG c.g.d.j.JerseyDockerCmdExecFactory - 2 * Client response received on thread Test worker
2 < 201
2 < Content-Length: 87
2 < Content-Type: application/json
2 < Date: Wed, 21 Dec 2016 03:01:33 GMT
2 < Server: Docker/1.12.3 (linux)
{"Id":"5a30f19dac10c223dbe71b1245ebc6269c8438db4bef2ef5c9428ed0fa719c10","Warning":""}


04:01:33.625 [Test worker] DEBUG o.a.h.i.c.DefaultManagedHttpClientConnection - http-outgoing-6: Close connection
04:01:33.633 [Test worker] DEBUG o.a.h.impl.execchain.MainClientExec - Connection discarded
04:01:33.633 [Test worker] DEBUG c.g.d.j.JerseyDockerCmdExecFactory$1 - Connection released: [id: 6][route: {s}->https://Thesis:2376][total kept alive: 0; route allocated: 0 of 2; total allocated: 0 of 20]
04:01:33.634 [Test worker] DEBUG c.g.d.core.command.AbstrDockerCmd - Cmd: 5a30f19dac10c223dbe71b1245ebc6269c8438db4bef2ef5c9428ed0fa719c10,com.github.dockerjava.jaxrs.InspectNetworkCmdExec@3c450bb2
04:01:33.636 [Test worker] DEBUG c.g.d.jaxrs.ListNetworksCmdExec - GET: JerseyWebTarget { https://Thesis:2376/networks/5a30f19dac10c223dbe71b1245ebc6269c8438db4bef2ef5c9428ed0fa719c10 }
04:01:33.650 [Test worker] DEBUG c.g.d.j.JerseyDockerCmdExecFactory - 3 * Sending client request on thread Test worker
3 > GET https://Thesis:2376/networks/5a30f19dac10c223dbe71b1245ebc6269c8438db4bef2ef5c9428ed0fa719c10
3 > Accept: application/json

04:01:33.651 [Test worker] DEBUG o.a.h.c.protocol.RequestAddCookies - CookieSpec selected: default
04:01:33.651 [Test worker] DEBUG o.a.h.c.protocol.RequestAuthCache - Auth cache not set in the context
04:01:33.654 [Test worker] DEBUG c.g.d.j.JerseyDockerCmdExecFactory$1 - Connection request: [route: {s}->https://Thesis:2376][total kept alive: 0; route allocated: 0 of 2; total allocated: 0 of 20]
04:01:33.655 [Test worker] DEBUG c.g.d.j.JerseyDockerCmdExecFactory$1 - Connection leased: [id: 7][route: {s}->https://Thesis:2376][total kept alive: 0; route allocated: 1 of 2; total allocated: 1 of 20]
04:01:33.655 [Test worker] DEBUG o.a.h.impl.execchain.MainClientExec - Opening connection {s}->https://Thesis:2376
04:01:33.655 [Test worker] DEBUG o.a.h.i.c.DefaultHttpClientConnectionOperator - Connecting to Thesis/127.0.1.1:2376
04:01:33.655 [Test worker] DEBUG o.a.h.c.s.SSLConnectionSocketFactory - Connecting socket to Thesis/127.0.1.1:2376 with timeout 0
04:01:33.659 [Test worker] DEBUG o.a.h.c.s.SSLConnectionSocketFactory - Enabled protocols: [TLSv1]
04:01:33.662 [Test worker] DEBUG o.a.h.c.s.SSLConnectionSocketFactory - Enabled cipher suites:[TLS_ECDHE_ECDSA_WITH_AES_128_CBC_SHA, TLS_ECDHE_RSA_WITH_AES_128_CBC_SHA, TLS_RSA_WITH_AES_128_CBC_SHA, TLS_ECDH_ECDSA_WITH_AES_128_CBC_SHA, TLS_ECDH_RSA_WITH_AES_128_CBC_SHA, TLS_DHE_RSA_WITH_AES_128_CBC_SHA, TLS_DHE_DSS_WITH_AES_128_CBC_SHA, TLS_ECDHE_ECDSA_WITH_3DES_EDE_CBC_SHA, TLS_ECDHE_RSA_WITH_3DES_EDE_CBC_SHA, SSL_RSA_WITH_3DES_EDE_CBC_SHA, TLS_ECDH_ECDSA_WITH_3DES_EDE_CBC_SHA, TLS_ECDH_RSA_WITH_3DES_EDE_CBC_SHA, SSL_DHE_RSA_WITH_3DES_EDE_CBC_SHA, SSL_DHE_DSS_WITH_3DES_EDE_CBC_SHA, TLS_ECDHE_ECDSA_WITH_RC4_128_SHA, TLS_ECDHE_RSA_WITH_RC4_128_SHA, SSL_RSA_WITH_RC4_128_SHA, TLS_ECDH_ECDSA_WITH_RC4_128_SHA, TLS_ECDH_RSA_WITH_RC4_128_SHA, SSL_RSA_WITH_RC4_128_MD5, TLS_EMPTY_RENEGOTIATION_INFO_SCSV]
04:01:33.662 [Test worker] DEBUG o.a.h.c.s.SSLConnectionSocketFactory - Starting handshake
04:01:33.745 [Test worker] DEBUG o.a.h.c.s.SSLConnectionSocketFactory - Secure session established
04:01:33.745 [Test worker] DEBUG o.a.h.c.s.SSLConnectionSocketFactory -  negotiated protocol: TLSv1
04:01:33.745 [Test worker] DEBUG o.a.h.c.s.SSLConnectionSocketFactory -  negotiated cipher suite: TLS_ECDHE_RSA_WITH_AES_128_CBC_SHA
04:01:33.746 [Test worker] DEBUG o.a.h.c.s.SSLConnectionSocketFactory -  peer principal: CN=Thesis
04:01:33.746 [Test worker] DEBUG o.a.h.c.s.SSLConnectionSocketFactory -  issuer principal: EMAILADDRESS=sha@yamil.com, CN=Thesis, OU=Open, O=Fra, L=BER, ST=BER, C=DE
04:01:33.746 [Test worker] DEBUG o.a.h.i.c.DefaultHttpClientConnectionOperator - Connection established 127.0.0.1:60942<->127.0.1.1:2376
04:01:33.746 [Test worker] DEBUG o.a.h.impl.execchain.MainClientExec - Executing request GET /networks/5a30f19dac10c223dbe71b1245ebc6269c8438db4bef2ef5c9428ed0fa719c10 HTTP/1.1
04:01:33.746 [Test worker] DEBUG o.a.h.impl.execchain.MainClientExec - Target auth state: UNCHALLENGED
04:01:33.746 [Test worker] DEBUG o.a.h.impl.execchain.MainClientExec - Proxy auth state: UNCHALLENGED
04:01:33.747 [Test worker] DEBUG org.apache.http.headers - http-outgoing-7 >> GET /networks/5a30f19dac10c223dbe71b1245ebc6269c8438db4bef2ef5c9428ed0fa719c10 HTTP/1.1
04:01:33.747 [Test worker] DEBUG org.apache.http.headers - http-outgoing-7 >> Accept: application/json
04:01:33.747 [Test worker] DEBUG org.apache.http.headers - http-outgoing-7 >> User-Agent: Jersey/2.23.1 (Apache HttpClient 4.5.1)
04:01:33.747 [Test worker] DEBUG org.apache.http.headers - http-outgoing-7 >> Host: Thesis:2376
04:01:33.747 [Test worker] DEBUG org.apache.http.headers - http-outgoing-7 >> Connection: Keep-Alive
04:01:33.748 [Test worker] DEBUG org.apache.http.headers - http-outgoing-7 >> Accept-Encoding: gzip,deflate
04:01:33.748 [Test worker] DEBUG org.apache.http.wire - http-outgoing-7 >> "GET /networks/5a30f19dac10c223dbe71b1245ebc6269c8438db4bef2ef5c9428ed0fa719c10 HTTP/1.1[\r][\n]"
04:01:33.748 [Test worker] DEBUG org.apache.http.wire - http-outgoing-7 >> "Accept: application/json[\r][\n]"
04:01:33.748 [Test worker] DEBUG org.apache.http.wire - http-outgoing-7 >> "User-Agent: Jersey/2.23.1 (Apache HttpClient 4.5.1)[\r][\n]"
04:01:33.748 [Test worker] DEBUG org.apache.http.wire - http-outgoing-7 >> "Host: Thesis:2376[\r][\n]"
04:01:33.748 [Test worker] DEBUG org.apache.http.wire - http-outgoing-7 >> "Connection: Keep-Alive[\r][\n]"
04:01:33.749 [Test worker] DEBUG org.apache.http.wire - http-outgoing-7 >> "Accept-Encoding: gzip,deflate[\r][\n]"
04:01:33.749 [Test worker] DEBUG org.apache.http.wire - http-outgoing-7 >> "[\r][\n]"
04:01:33.750 [Test worker] DEBUG org.apache.http.wire - http-outgoing-7 << "H"
04:01:33.750 [Test worker] DEBUG org.apache.http.wire - http-outgoing-7 << "TTP/1.1 200 OK[\r][\n]"
04:01:33.750 [Test worker] DEBUG org.apache.http.wire - http-outgoing-7 << "Content-Type: application/json[\r][\n]"
04:01:33.750 [Test worker] DEBUG org.apache.http.wire - http-outgoing-7 << "Server: Docker/1.12.3 (linux)[\r][\n]"
04:01:33.750 [Test worker] DEBUG org.apache.http.wire - http-outgoing-7 << "Date: Wed, 21 Dec 2016 03:01:33 GMT[\r][\n]"
04:01:33.750 [Test worker] DEBUG org.apache.http.wire - http-outgoing-7 << "Content-Length: 311[\r][\n]"
04:01:33.751 [Test worker] DEBUG org.apache.http.wire - http-outgoing-7 << "[\r][\n]"
04:01:33.751 [Test worker] DEBUG org.apache.http.wire - http-outgoing-7 << "{"Name":"MyNetwork","Id":"5a30f19dac10c223dbe71b1245ebc6269c8438db4bef2ef5c9428ed0fa719c10","Scope":"local","Driver":"bridge","EnableIPv6":false,"IPAM":{"Driver":"default","Options":null,"Config":[{"Subnet":"172.18.0.0/16","Gateway":"172.18.0.1/16"}]},"Internal":false,"Containers":{},"Options":{},"Labels":{}}[\n]"
04:01:33.751 [Test worker] DEBUG org.apache.http.headers - http-outgoing-7 << HTTP/1.1 200 OK
04:01:33.751 [Test worker] DEBUG org.apache.http.headers - http-outgoing-7 << Content-Type: application/json
04:01:33.751 [Test worker] DEBUG org.apache.http.headers - http-outgoing-7 << Server: Docker/1.12.3 (linux)
04:01:33.752 [Test worker] DEBUG org.apache.http.headers - http-outgoing-7 << Date: Wed, 21 Dec 2016 03:01:33 GMT
04:01:33.752 [Test worker] DEBUG org.apache.http.headers - http-outgoing-7 << Content-Length: 311
04:01:33.752 [Test worker] DEBUG o.a.h.impl.execchain.MainClientExec - Connection can be kept alive indefinitely
04:01:33.752 [Test worker] DEBUG c.g.d.j.JerseyDockerCmdExecFactory - 4 * Client response received on thread Test worker
4 < 200
4 < Content-Length: 311
4 < Content-Type: application/json
4 < Date: Wed, 21 Dec 2016 03:01:33 GMT
4 < Server: Docker/1.12.3 (linux)
{"Name":"MyNetwork","Id":"5a30f19dac10c223dbe71b1245ebc6269c8438db4bef2ef5c9428ed0fa719c10","Scope":"local","Driver":"bridge","EnableIPv6":false,"IPAM":{"Driver":"default","Options":null,"Config":[{"Subnet":"172.18.0.0/16","Gateway":"172.18.0.1/16"}]},"Internal":false,"Containers":{},"Options":{},"Labels":{}}


04:01:33.758 [Test worker] DEBUG o.a.h.i.c.DefaultManagedHttpClientConnection - http-outgoing-7: Close connection
04:01:33.760 [Test worker] DEBUG o.a.h.impl.execchain.MainClientExec - Connection discarded
04:01:33.760 [Test worker] DEBUG c.g.d.j.JerseyDockerCmdExecFactory$1 - Connection released: [id: 7][route: {s}->https://Thesis:2376][total kept alive: 0; route allocated: 0 of 2; total allocated: 0 of 20]
04:01:33.761 [Test worker] DEBUG org.openbaton.docker.DockerVim - Network successfully created
Cert Path : null
04:01:33.771 [Test worker] DEBUG c.g.d.core.command.AbstrDockerCmd - Cmd: MyNetwork2,<null>,<null>,{},true,<null>,<null>,com.github.dockerjava.jaxrs.CreateNetworkCmdExec@6111490c
04:01:33.802 [Test worker] DEBUG o.a.h.c.protocol.RequestAddCookies - CookieSpec selected: default
04:01:33.802 [Test worker] DEBUG o.a.h.c.protocol.RequestAuthCache - Auth cache not set in the context
04:01:33.803 [Test worker] DEBUG c.g.d.j.JerseyDockerCmdExecFactory$1 - Connection request: [route: {s}->https://Thesis:2376][total kept alive: 0; route allocated: 0 of 2; total allocated: 0 of 20]
04:01:33.803 [Test worker] DEBUG c.g.d.j.JerseyDockerCmdExecFactory$1 - Connection leased: [id: 8][route: {s}->https://Thesis:2376][total kept alive: 0; route allocated: 1 of 2; total allocated: 1 of 20]
04:01:33.803 [Test worker] DEBUG o.a.h.impl.execchain.MainClientExec - Opening connection {s}->https://Thesis:2376
04:01:33.804 [Test worker] DEBUG o.a.h.i.c.DefaultHttpClientConnectionOperator - Connecting to Thesis/127.0.1.1:2376
04:01:33.804 [Test worker] DEBUG o.a.h.c.s.SSLConnectionSocketFactory - Connecting socket to Thesis/127.0.1.1:2376 with timeout 0
04:01:33.805 [Test worker] DEBUG o.a.h.c.s.SSLConnectionSocketFactory - Enabled protocols: [TLSv1]
04:01:33.806 [Test worker] DEBUG o.a.h.c.s.SSLConnectionSocketFactory - Enabled cipher suites:[TLS_ECDHE_ECDSA_WITH_AES_128_CBC_SHA, TLS_ECDHE_RSA_WITH_AES_128_CBC_SHA, TLS_RSA_WITH_AES_128_CBC_SHA, TLS_ECDH_ECDSA_WITH_AES_128_CBC_SHA, TLS_ECDH_RSA_WITH_AES_128_CBC_SHA, TLS_DHE_RSA_WITH_AES_128_CBC_SHA, TLS_DHE_DSS_WITH_AES_128_CBC_SHA, TLS_ECDHE_ECDSA_WITH_3DES_EDE_CBC_SHA, TLS_ECDHE_RSA_WITH_3DES_EDE_CBC_SHA, SSL_RSA_WITH_3DES_EDE_CBC_SHA, TLS_ECDH_ECDSA_WITH_3DES_EDE_CBC_SHA, TLS_ECDH_RSA_WITH_3DES_EDE_CBC_SHA, SSL_DHE_RSA_WITH_3DES_EDE_CBC_SHA, SSL_DHE_DSS_WITH_3DES_EDE_CBC_SHA, TLS_ECDHE_ECDSA_WITH_RC4_128_SHA, TLS_ECDHE_RSA_WITH_RC4_128_SHA, SSL_RSA_WITH_RC4_128_SHA, TLS_ECDH_ECDSA_WITH_RC4_128_SHA, TLS_ECDH_RSA_WITH_RC4_128_SHA, SSL_RSA_WITH_RC4_128_MD5, TLS_EMPTY_RENEGOTIATION_INFO_SCSV]
04:01:33.806 [Test worker] DEBUG o.a.h.c.s.SSLConnectionSocketFactory - Starting handshake
04:01:33.880 [Test worker] DEBUG o.a.h.c.s.SSLConnectionSocketFactory - Secure session established
04:01:33.881 [Test worker] DEBUG o.a.h.c.s.SSLConnectionSocketFactory -  negotiated protocol: TLSv1
04:01:33.881 [Test worker] DEBUG o.a.h.c.s.SSLConnectionSocketFactory -  negotiated cipher suite: TLS_ECDHE_RSA_WITH_AES_128_CBC_SHA
04:01:33.881 [Test worker] DEBUG o.a.h.c.s.SSLConnectionSocketFactory -  peer principal: CN=Thesis
04:01:33.881 [Test worker] DEBUG o.a.h.c.s.SSLConnectionSocketFactory -  issuer principal: EMAILADDRESS=sha@yamil.com, CN=Thesis, OU=Open, O=Fra, L=BER, ST=BER, C=DE
04:01:33.881 [Test worker] DEBUG o.a.h.i.c.DefaultHttpClientConnectionOperator - Connection established 127.0.0.1:60944<->127.0.1.1:2376
04:01:33.881 [Test worker] DEBUG o.a.h.impl.execchain.MainClientExec - Executing request POST /networks/create HTTP/1.1
04:01:33.882 [Test worker] DEBUG o.a.h.impl.execchain.MainClientExec - Target auth state: UNCHALLENGED
04:01:33.882 [Test worker] DEBUG o.a.h.impl.execchain.MainClientExec - Proxy auth state: UNCHALLENGED
04:01:33.882 [Test worker] DEBUG org.apache.http.headers - http-outgoing-8 >> POST /networks/create HTTP/1.1
04:01:33.882 [Test worker] DEBUG org.apache.http.headers - http-outgoing-8 >> Accept: application/json
04:01:33.882 [Test worker] DEBUG org.apache.http.headers - http-outgoing-8 >> Content-Type: application/json
04:01:33.883 [Test worker] DEBUG org.apache.http.headers - http-outgoing-8 >> User-Agent: Jersey/2.23.1 (Apache HttpClient 4.5.1)
04:01:33.883 [Test worker] DEBUG org.apache.http.headers - http-outgoing-8 >> Transfer-Encoding: chunked
04:01:33.883 [Test worker] DEBUG org.apache.http.headers - http-outgoing-8 >> Host: Thesis:2376
04:01:33.883 [Test worker] DEBUG org.apache.http.headers - http-outgoing-8 >> Connection: Keep-Alive
04:01:33.883 [Test worker] DEBUG org.apache.http.headers - http-outgoing-8 >> Accept-Encoding: gzip,deflate
04:01:33.886 [Test worker] DEBUG c.g.d.j.JerseyDockerCmdExecFactory - 1 * Sending client request on thread Test worker
1 > POST https://Thesis:2376/networks/create
1 > Accept: application/json
1 > Content-Type: application/json
{"enableIPv6":null,"Name":"MyNetwork2","Driver":null,"IPAM":null,"Options":{},"CheckDuplicate":true,"Internal":null,"EnableIPv6":null}

04:01:33.887 [Test worker] DEBUG org.apache.http.wire - http-outgoing-8 >> "POST /networks/create HTTP/1.1[\r][\n]"
04:01:33.887 [Test worker] DEBUG org.apache.http.wire - http-outgoing-8 >> "Accept: application/json[\r][\n]"
04:01:33.888 [Test worker] DEBUG org.apache.http.wire - http-outgoing-8 >> "Content-Type: application/json[\r][\n]"
04:01:33.888 [Test worker] DEBUG org.apache.http.wire - http-outgoing-8 >> "User-Agent: Jersey/2.23.1 (Apache HttpClient 4.5.1)[\r][\n]"
04:01:33.888 [Test worker] DEBUG org.apache.http.wire - http-outgoing-8 >> "Transfer-Encoding: chunked[\r][\n]"
04:01:33.888 [Test worker] DEBUG org.apache.http.wire - http-outgoing-8 >> "Host: Thesis:2376[\r][\n]"
04:01:33.888 [Test worker] DEBUG org.apache.http.wire - http-outgoing-8 >> "Connection: Keep-Alive[\r][\n]"
04:01:33.889 [Test worker] DEBUG org.apache.http.wire - http-outgoing-8 >> "Accept-Encoding: gzip,deflate[\r][\n]"
04:01:33.889 [Test worker] DEBUG org.apache.http.wire - http-outgoing-8 >> "[\r][\n]"
04:01:33.889 [Test worker] DEBUG org.apache.http.wire - http-outgoing-8 >> "86[\r][\n]"
04:01:33.889 [Test worker] DEBUG org.apache.http.wire - http-outgoing-8 >> "{"enableIPv6":null,"Name":"MyNetwork2","Driver":null,"IPAM":null,"Options":{},"CheckDuplicate":true,"Internal":null,"EnableIPv6":null}[\r][\n]"
04:01:33.889 [Test worker] DEBUG org.apache.http.wire - http-outgoing-8 >> "0[\r][\n]"
04:01:33.889 [Test worker] DEBUG org.apache.http.wire - http-outgoing-8 >> "[\r][\n]"
04:01:33.990 [Test worker] DEBUG org.apache.http.wire - http-outgoing-8 << "H"
04:01:33.991 [Test worker] DEBUG org.apache.http.wire - http-outgoing-8 << "TTP/1.1 201 Created[\r][\n]"
04:01:33.991 [Test worker] DEBUG org.apache.http.wire - http-outgoing-8 << "Content-Type: application/json[\r][\n]"
04:01:33.991 [Test worker] DEBUG org.apache.http.wire - http-outgoing-8 << "Server: Docker/1.12.3 (linux)[\r][\n]"
04:01:33.991 [Test worker] DEBUG org.apache.http.wire - http-outgoing-8 << "Date: Wed, 21 Dec 2016 03:01:33 GMT[\r][\n]"
04:01:33.991 [Test worker] DEBUG org.apache.http.wire - http-outgoing-8 << "Content-Length: 87[\r][\n]"
04:01:33.991 [Test worker] DEBUG org.apache.http.wire - http-outgoing-8 << "[\r][\n]"
04:01:33.991 [Test worker] DEBUG org.apache.http.wire - http-outgoing-8 << "{"Id":"904fffc745cd34fd5af27123bb333dad50b450e73ff80cdb9c321d0a743812db","Warning":""}[\n]"
04:01:33.991 [Test worker] DEBUG org.apache.http.headers - http-outgoing-8 << HTTP/1.1 201 Created
04:01:33.991 [Test worker] DEBUG org.apache.http.headers - http-outgoing-8 << Content-Type: application/json
04:01:33.991 [Test worker] DEBUG org.apache.http.headers - http-outgoing-8 << Server: Docker/1.12.3 (linux)
04:01:33.991 [Test worker] DEBUG org.apache.http.headers - http-outgoing-8 << Date: Wed, 21 Dec 2016 03:01:33 GMT
04:01:33.991 [Test worker] DEBUG org.apache.http.headers - http-outgoing-8 << Content-Length: 87
04:01:33.991 [Test worker] DEBUG o.a.h.impl.execchain.MainClientExec - Connection can be kept alive indefinitely
04:01:33.992 [Test worker] DEBUG c.g.d.j.JerseyDockerCmdExecFactory - 2 * Client response received on thread Test worker
2 < 201
2 < Content-Length: 87
2 < Content-Type: application/json
2 < Date: Wed, 21 Dec 2016 03:01:33 GMT
2 < Server: Docker/1.12.3 (linux)
{"Id":"904fffc745cd34fd5af27123bb333dad50b450e73ff80cdb9c321d0a743812db","Warning":""}


04:01:34.001 [Test worker] DEBUG o.a.h.i.c.DefaultManagedHttpClientConnection - http-outgoing-8: Close connection
04:01:34.002 [Test worker] DEBUG o.a.h.impl.execchain.MainClientExec - Connection discarded
04:01:34.002 [Test worker] DEBUG c.g.d.j.JerseyDockerCmdExecFactory$1 - Connection released: [id: 8][route: {s}->https://Thesis:2376][total kept alive: 0; route allocated: 0 of 2; total allocated: 0 of 20]
04:01:34.002 [Test worker] DEBUG c.g.d.core.command.AbstrDockerCmd - Cmd: 904fffc745cd34fd5af27123bb333dad50b450e73ff80cdb9c321d0a743812db,com.github.dockerjava.jaxrs.InspectNetworkCmdExec@22dfab12
04:01:34.002 [Test worker] DEBUG c.g.d.jaxrs.ListNetworksCmdExec - GET: JerseyWebTarget { https://Thesis:2376/networks/904fffc745cd34fd5af27123bb333dad50b450e73ff80cdb9c321d0a743812db }
04:01:34.004 [Test worker] DEBUG c.g.d.j.JerseyDockerCmdExecFactory - 3 * Sending client request on thread Test worker
3 > GET https://Thesis:2376/networks/904fffc745cd34fd5af27123bb333dad50b450e73ff80cdb9c321d0a743812db
3 > Accept: application/json

04:01:34.008 [Test worker] DEBUG o.a.h.c.protocol.RequestAddCookies - CookieSpec selected: default
04:01:34.009 [Test worker] DEBUG o.a.h.c.protocol.RequestAuthCache - Auth cache not set in the context
04:01:34.010 [Test worker] DEBUG c.g.d.j.JerseyDockerCmdExecFactory$1 - Connection request: [route: {s}->https://Thesis:2376][total kept alive: 0; route allocated: 0 of 2; total allocated: 0 of 20]
04:01:34.012 [Test worker] DEBUG c.g.d.j.JerseyDockerCmdExecFactory$1 - Connection leased: [id: 9][route: {s}->https://Thesis:2376][total kept alive: 0; route allocated: 1 of 2; total allocated: 1 of 20]
04:01:34.013 [Test worker] DEBUG o.a.h.impl.execchain.MainClientExec - Opening connection {s}->https://Thesis:2376
04:01:34.013 [Test worker] DEBUG o.a.h.i.c.DefaultHttpClientConnectionOperator - Connecting to Thesis/127.0.1.1:2376
04:01:34.013 [Test worker] DEBUG o.a.h.c.s.SSLConnectionSocketFactory - Connecting socket to Thesis/127.0.1.1:2376 with timeout 0
04:01:34.025 [Test worker] DEBUG o.a.h.c.s.SSLConnectionSocketFactory - Enabled protocols: [TLSv1]
04:01:34.025 [Test worker] DEBUG o.a.h.c.s.SSLConnectionSocketFactory - Enabled cipher suites:[TLS_ECDHE_ECDSA_WITH_AES_128_CBC_SHA, TLS_ECDHE_RSA_WITH_AES_128_CBC_SHA, TLS_RSA_WITH_AES_128_CBC_SHA, TLS_ECDH_ECDSA_WITH_AES_128_CBC_SHA, TLS_ECDH_RSA_WITH_AES_128_CBC_SHA, TLS_DHE_RSA_WITH_AES_128_CBC_SHA, TLS_DHE_DSS_WITH_AES_128_CBC_SHA, TLS_ECDHE_ECDSA_WITH_3DES_EDE_CBC_SHA, TLS_ECDHE_RSA_WITH_3DES_EDE_CBC_SHA, SSL_RSA_WITH_3DES_EDE_CBC_SHA, TLS_ECDH_ECDSA_WITH_3DES_EDE_CBC_SHA, TLS_ECDH_RSA_WITH_3DES_EDE_CBC_SHA, SSL_DHE_RSA_WITH_3DES_EDE_CBC_SHA, SSL_DHE_DSS_WITH_3DES_EDE_CBC_SHA, TLS_ECDHE_ECDSA_WITH_RC4_128_SHA, TLS_ECDHE_RSA_WITH_RC4_128_SHA, SSL_RSA_WITH_RC4_128_SHA, TLS_ECDH_ECDSA_WITH_RC4_128_SHA, TLS_ECDH_RSA_WITH_RC4_128_SHA, SSL_RSA_WITH_RC4_128_MD5, TLS_EMPTY_RENEGOTIATION_INFO_SCSV]
04:01:34.026 [Test worker] DEBUG o.a.h.c.s.SSLConnectionSocketFactory - Starting handshake
04:01:34.108 [Test worker] DEBUG o.a.h.c.s.SSLConnectionSocketFactory - Secure session established
04:01:34.108 [Test worker] DEBUG o.a.h.c.s.SSLConnectionSocketFactory -  negotiated protocol: TLSv1
04:01:34.108 [Test worker] DEBUG o.a.h.c.s.SSLConnectionSocketFactory -  negotiated cipher suite: TLS_ECDHE_RSA_WITH_AES_128_CBC_SHA
04:01:34.108 [Test worker] DEBUG o.a.h.c.s.SSLConnectionSocketFactory -  peer principal: CN=Thesis
04:01:34.109 [Test worker] DEBUG o.a.h.c.s.SSLConnectionSocketFactory -  issuer principal: EMAILADDRESS=sha@yamil.com, CN=Thesis, OU=Open, O=Fra, L=BER, ST=BER, C=DE
04:01:34.109 [Test worker] DEBUG o.a.h.i.c.DefaultHttpClientConnectionOperator - Connection established 127.0.0.1:60946<->127.0.1.1:2376
04:01:34.109 [Test worker] DEBUG o.a.h.impl.execchain.MainClientExec - Executing request GET /networks/904fffc745cd34fd5af27123bb333dad50b450e73ff80cdb9c321d0a743812db HTTP/1.1
04:01:34.109 [Test worker] DEBUG o.a.h.impl.execchain.MainClientExec - Target auth state: UNCHALLENGED
04:01:34.109 [Test worker] DEBUG o.a.h.impl.execchain.MainClientExec - Proxy auth state: UNCHALLENGED
04:01:34.110 [Test worker] DEBUG org.apache.http.headers - http-outgoing-9 >> GET /networks/904fffc745cd34fd5af27123bb333dad50b450e73ff80cdb9c321d0a743812db HTTP/1.1
04:01:34.110 [Test worker] DEBUG org.apache.http.headers - http-outgoing-9 >> Accept: application/json
04:01:34.110 [Test worker] DEBUG org.apache.http.headers - http-outgoing-9 >> User-Agent: Jersey/2.23.1 (Apache HttpClient 4.5.1)
04:01:34.110 [Test worker] DEBUG org.apache.http.headers - http-outgoing-9 >> Host: Thesis:2376
04:01:34.110 [Test worker] DEBUG org.apache.http.headers - http-outgoing-9 >> Connection: Keep-Alive
04:01:34.110 [Test worker] DEBUG org.apache.http.headers - http-outgoing-9 >> Accept-Encoding: gzip,deflate
04:01:34.111 [Test worker] DEBUG org.apache.http.wire - http-outgoing-9 >> "GET /networks/904fffc745cd34fd5af27123bb333dad50b450e73ff80cdb9c321d0a743812db HTTP/1.1[\r][\n]"
04:01:34.111 [Test worker] DEBUG org.apache.http.wire - http-outgoing-9 >> "Accept: application/json[\r][\n]"
04:01:34.111 [Test worker] DEBUG org.apache.http.wire - http-outgoing-9 >> "User-Agent: Jersey/2.23.1 (Apache HttpClient 4.5.1)[\r][\n]"
04:01:34.111 [Test worker] DEBUG org.apache.http.wire - http-outgoing-9 >> "Host: Thesis:2376[\r][\n]"
04:01:34.111 [Test worker] DEBUG org.apache.http.wire - http-outgoing-9 >> "Connection: Keep-Alive[\r][\n]"
04:01:34.111 [Test worker] DEBUG org.apache.http.wire - http-outgoing-9 >> "Accept-Encoding: gzip,deflate[\r][\n]"
04:01:34.112 [Test worker] DEBUG org.apache.http.wire - http-outgoing-9 >> "[\r][\n]"
04:01:34.112 [Test worker] DEBUG org.apache.http.wire - http-outgoing-9 << "H"
04:01:34.113 [Test worker] DEBUG org.apache.http.wire - http-outgoing-9 << "TTP/1.1 200 OK[\r][\n]"
04:01:34.113 [Test worker] DEBUG org.apache.http.wire - http-outgoing-9 << "Content-Type: application/json[\r][\n]"
04:01:34.113 [Test worker] DEBUG org.apache.http.wire - http-outgoing-9 << "Server: Docker/1.12.3 (linux)[\r][\n]"
04:01:34.113 [Test worker] DEBUG org.apache.http.wire - http-outgoing-9 << "Date: Wed, 21 Dec 2016 03:01:34 GMT[\r][\n]"
04:01:34.113 [Test worker] DEBUG org.apache.http.wire - http-outgoing-9 << "Content-Length: 312[\r][\n]"
04:01:34.113 [Test worker] DEBUG org.apache.http.wire - http-outgoing-9 << "[\r][\n]"
04:01:34.114 [Test worker] DEBUG org.apache.http.wire - http-outgoing-9 << "{"Name":"MyNetwork2","Id":"904fffc745cd34fd5af27123bb333dad50b450e73ff80cdb9c321d0a743812db","Scope":"local","Driver":"bridge","EnableIPv6":false,"IPAM":{"Driver":"default","Options":null,"Config":[{"Subnet":"172.19.0.0/16","Gateway":"172.19.0.1/16"}]},"Internal":false,"Containers":{},"Options":{},"Labels":{}}[\n]"
04:01:34.114 [Test worker] DEBUG org.apache.http.headers - http-outgoing-9 << HTTP/1.1 200 OK
04:01:34.114 [Test worker] DEBUG org.apache.http.headers - http-outgoing-9 << Content-Type: application/json
04:01:34.114 [Test worker] DEBUG org.apache.http.headers - http-outgoing-9 << Server: Docker/1.12.3 (linux)
04:01:34.114 [Test worker] DEBUG org.apache.http.headers - http-outgoing-9 << Date: Wed, 21 Dec 2016 03:01:34 GMT
04:01:34.114 [Test worker] DEBUG org.apache.http.headers - http-outgoing-9 << Content-Length: 312
04:01:34.115 [Test worker] DEBUG o.a.h.impl.execchain.MainClientExec - Connection can be kept alive indefinitely
04:01:34.119 [Test worker] DEBUG c.g.d.j.JerseyDockerCmdExecFactory - 4 * Client response received on thread Test worker
4 < 200
4 < Content-Length: 312
4 < Content-Type: application/json
4 < Date: Wed, 21 Dec 2016 03:01:34 GMT
4 < Server: Docker/1.12.3 (linux)
{"Name":"MyNetwork2","Id":"904fffc745cd34fd5af27123bb333dad50b450e73ff80cdb9c321d0a743812db","Scope":"local","Driver":"bridge","EnableIPv6":false,"IPAM":{"Driver":"default","Options":null,"Config":[{"Subnet":"172.19.0.0/16","Gateway":"172.19.0.1/16"}]},"Internal":false,"Containers":{},"Options":{},"Labels":{}}


04:01:34.124 [Test worker] DEBUG o.a.h.i.c.DefaultManagedHttpClientConnection - http-outgoing-9: Close connection
04:01:34.124 [Test worker] DEBUG o.a.h.impl.execchain.MainClientExec - Connection discarded
04:01:34.124 [Test worker] DEBUG c.g.d.j.JerseyDockerCmdExecFactory$1 - Connection released: [id: 9][route: {s}->https://Thesis:2376][total kept alive: 0; route allocated: 0 of 2; total allocated: 0 of 20]
04:01:34.125 [Test worker] DEBUG org.openbaton.docker.DockerVim - Network successfully created
Cert Path : null
Cert Path : null
04:01:34.138 [Test worker] DEBUG c.g.d.core.command.AbstrDockerCmd - Cmd: ListImagesCmdImpl[imageNameFilter=<null>,showAll=true,filters=com.github.dockerjava.core.util.FiltersBuilder@0,execution=com.github.dockerjava.jaxrs.ListImagesCmdExec@12135d34]
04:01:34.156 [Test worker] DEBUG c.g.d.j.JerseyDockerCmdExecFactory - 1 * Sending client request on thread Test worker
1 > GET https://Thesis:2376/images/json?all=true
1 > Accept: application/json

04:01:34.157 [Test worker] DEBUG o.a.h.c.protocol.RequestAddCookies - CookieSpec selected: default
04:01:34.157 [Test worker] DEBUG o.a.h.c.protocol.RequestAuthCache - Auth cache not set in the context
04:01:34.157 [Test worker] DEBUG c.g.d.j.JerseyDockerCmdExecFactory$1 - Connection request: [route: {s}->https://Thesis:2376][total kept alive: 0; route allocated: 0 of 2; total allocated: 0 of 20]
04:01:34.157 [Test worker] DEBUG c.g.d.j.JerseyDockerCmdExecFactory$1 - Connection leased: [id: 10][route: {s}->https://Thesis:2376][total kept alive: 0; route allocated: 1 of 2; total allocated: 1 of 20]
04:01:34.158 [Test worker] DEBUG o.a.h.impl.execchain.MainClientExec - Opening connection {s}->https://Thesis:2376
04:01:34.158 [Test worker] DEBUG o.a.h.i.c.DefaultHttpClientConnectionOperator - Connecting to Thesis/127.0.1.1:2376
04:01:34.158 [Test worker] DEBUG o.a.h.c.s.SSLConnectionSocketFactory - Connecting socket to Thesis/127.0.1.1:2376 with timeout 0
04:01:34.159 [Test worker] DEBUG o.a.h.c.s.SSLConnectionSocketFactory - Enabled protocols: [TLSv1]
04:01:34.159 [Test worker] DEBUG o.a.h.c.s.SSLConnectionSocketFactory - Enabled cipher suites:[TLS_ECDHE_ECDSA_WITH_AES_128_CBC_SHA, TLS_ECDHE_RSA_WITH_AES_128_CBC_SHA, TLS_RSA_WITH_AES_128_CBC_SHA, TLS_ECDH_ECDSA_WITH_AES_128_CBC_SHA, TLS_ECDH_RSA_WITH_AES_128_CBC_SHA, TLS_DHE_RSA_WITH_AES_128_CBC_SHA, TLS_DHE_DSS_WITH_AES_128_CBC_SHA, TLS_ECDHE_ECDSA_WITH_3DES_EDE_CBC_SHA, TLS_ECDHE_RSA_WITH_3DES_EDE_CBC_SHA, SSL_RSA_WITH_3DES_EDE_CBC_SHA, TLS_ECDH_ECDSA_WITH_3DES_EDE_CBC_SHA, TLS_ECDH_RSA_WITH_3DES_EDE_CBC_SHA, SSL_DHE_RSA_WITH_3DES_EDE_CBC_SHA, SSL_DHE_DSS_WITH_3DES_EDE_CBC_SHA, TLS_ECDHE_ECDSA_WITH_RC4_128_SHA, TLS_ECDHE_RSA_WITH_RC4_128_SHA, SSL_RSA_WITH_RC4_128_SHA, TLS_ECDH_ECDSA_WITH_RC4_128_SHA, TLS_ECDH_RSA_WITH_RC4_128_SHA, SSL_RSA_WITH_RC4_128_MD5, TLS_EMPTY_RENEGOTIATION_INFO_SCSV]
04:01:34.160 [Test worker] DEBUG o.a.h.c.s.SSLConnectionSocketFactory - Starting handshake
04:01:34.220 [Test worker] DEBUG o.a.h.c.s.SSLConnectionSocketFactory - Secure session established
04:01:34.221 [Test worker] DEBUG o.a.h.c.s.SSLConnectionSocketFactory -  negotiated protocol: TLSv1
04:01:34.221 [Test worker] DEBUG o.a.h.c.s.SSLConnectionSocketFactory -  negotiated cipher suite: TLS_ECDHE_RSA_WITH_AES_128_CBC_SHA
04:01:34.221 [Test worker] DEBUG o.a.h.c.s.SSLConnectionSocketFactory -  peer principal: CN=Thesis
04:01:34.221 [Test worker] DEBUG o.a.h.c.s.SSLConnectionSocketFactory -  issuer principal: EMAILADDRESS=sha@yamil.com, CN=Thesis, OU=Open, O=Fra, L=BER, ST=BER, C=DE
04:01:34.222 [Test worker] DEBUG o.a.h.i.c.DefaultHttpClientConnectionOperator - Connection established 127.0.0.1:60948<->127.0.1.1:2376
04:01:34.222 [Test worker] DEBUG o.a.h.impl.execchain.MainClientExec - Executing request GET /images/json?all=true HTTP/1.1
04:01:34.222 [Test worker] DEBUG o.a.h.impl.execchain.MainClientExec - Target auth state: UNCHALLENGED
04:01:34.222 [Test worker] DEBUG o.a.h.impl.execchain.MainClientExec - Proxy auth state: UNCHALLENGED
04:01:34.222 [Test worker] DEBUG org.apache.http.headers - http-outgoing-10 >> GET /images/json?all=true HTTP/1.1
04:01:34.222 [Test worker] DEBUG org.apache.http.headers - http-outgoing-10 >> Accept: application/json
04:01:34.223 [Test worker] DEBUG org.apache.http.headers - http-outgoing-10 >> User-Agent: Jersey/2.23.1 (Apache HttpClient 4.5.1)
04:01:34.223 [Test worker] DEBUG org.apache.http.headers - http-outgoing-10 >> Host: Thesis:2376
04:01:34.223 [Test worker] DEBUG org.apache.http.headers - http-outgoing-10 >> Connection: Keep-Alive
04:01:34.223 [Test worker] DEBUG org.apache.http.headers - http-outgoing-10 >> Accept-Encoding: gzip,deflate
04:01:34.223 [Test worker] DEBUG org.apache.http.wire - http-outgoing-10 >> "GET /images/json?all=true HTTP/1.1[\r][\n]"
04:01:34.224 [Test worker] DEBUG org.apache.http.wire - http-outgoing-10 >> "Accept: application/json[\r][\n]"
04:01:34.224 [Test worker] DEBUG org.apache.http.wire - http-outgoing-10 >> "User-Agent: Jersey/2.23.1 (Apache HttpClient 4.5.1)[\r][\n]"
04:01:34.224 [Test worker] DEBUG org.apache.http.wire - http-outgoing-10 >> "Host: Thesis:2376[\r][\n]"
04:01:34.224 [Test worker] DEBUG org.apache.http.wire - http-outgoing-10 >> "Connection: Keep-Alive[\r][\n]"
04:01:34.224 [Test worker] DEBUG org.apache.http.wire - http-outgoing-10 >> "Accept-Encoding: gzip,deflate[\r][\n]"
04:01:34.224 [Test worker] DEBUG org.apache.http.wire - http-outgoing-10 >> "[\r][\n]"
04:01:34.225 [Test worker] DEBUG org.apache.http.wire - http-outgoing-10 << "H"
04:01:34.226 [Test worker] DEBUG org.apache.http.wire - http-outgoing-10 << "TTP/1.1 200 OK[\r][\n]"
04:01:34.226 [Test worker] DEBUG org.apache.http.wire - http-outgoing-10 << "Content-Type: application/json[\r][\n]"
04:01:34.226 [Test worker] DEBUG org.apache.http.wire - http-outgoing-10 << "Server: Docker/1.12.3 (linux)[\r][\n]"
04:01:34.226 [Test worker] DEBUG org.apache.http.wire - http-outgoing-10 << "Date: Wed, 21 Dec 2016 03:01:34 GMT[\r][\n]"
04:01:34.227 [Test worker] DEBUG org.apache.http.wire - http-outgoing-10 << "Content-Length: 1490[\r][\n]"
04:01:34.227 [Test worker] DEBUG org.apache.http.wire - http-outgoing-10 << "[\r][\n]"
04:01:34.227 [Test worker] DEBUG org.apache.http.wire - http-outgoing-10 << "[{"Id":"sha256:4ca3a192ff2a5b7e225e81dc006b6379c10776ed3619757a65608cb72de0a7f6","ParentId":"","RepoTags":["ubuntu:latest"],"RepoDigests":["ubuntu@sha256:3b64c309deae7ab0f7dbdd42b6b326261ccd6261da5d88396439353162703fb5"],"Created":1480449877,"Size":128206574,"VirtualSize":128206574,"Labels":{}},{"Id":"sha256:aae2b63c49461fcae4962e4a8043f66acf8e3af7e62f5ebceb70b181d8ca01e0","ParentId":"","RepoTags":["ubuntu:14.04"],"RepoDigests":["ubuntu@sha256:edb984703bd3e8981ff541a5b9297ca1b81fde6e6e8094d86e390a38ebc30b4d"],"Created":1480449856,"Size":187952254,"VirtualSize":187952254,"Labels":{}},{"Id":"sha256:e02e811dd08fd49e7f6032625495118e63f597eb150403d02e3238af1df240ba","ParentId":"","RepoTags":["busybox:latest"],"RepoDigests":["busybox@sha256:29f5d56d12684887bdfa50dcd29fc31eea4aaf4ad3bec43daf19026a7ce69912"],"Created":1475874238,"Size":1093484,"VirtualSize":1093484,"Labels":{}},{"Id":"sha256:d654de4499473ed41349b54a988b6f46a7fc92e3fa2d61e102bf2660a0116e25","ParentId":"","RepoTags":["sakib37/iperf3:latest"],"RepoDigests":["sakib37/iperf3@sha256:8d80a810f8f508c074b14d02555f20110eac382c8dbda7252075392983629d40"],"Created":1474907599,"Size":199456654,"VirtualSize":199456654,"Labels":{}},{"Id":"sha256:c54a2cc56cbb2f04003c1cd4507e118af7c0d340fe7e2720f70976c4b75237dc","ParentId":"","RepoTags":["hello-world:latest"],"RepoDigests":["hello-world@sha256:0256e8a36e2070f7bf2d0b0763dbabdd67798512411de4cdcf9431a1feb60fd9"],"Created":1467401967,"Size":1848,"VirtualSize":1848,"Labels":{}}][\n]"
04:01:34.227 [Test worker] DEBUG org.apache.http.headers - http-outgoing-10 << HTTP/1.1 200 OK
04:01:34.227 [Test worker] DEBUG org.apache.http.headers - http-outgoing-10 << Content-Type: application/json
04:01:34.227 [Test worker] DEBUG org.apache.http.headers - http-outgoing-10 << Server: Docker/1.12.3 (linux)
04:01:34.228 [Test worker] DEBUG org.apache.http.headers - http-outgoing-10 << Date: Wed, 21 Dec 2016 03:01:34 GMT
04:01:34.229 [Test worker] DEBUG org.apache.http.headers - http-outgoing-10 << Content-Length: 1490
04:01:34.229 [Test worker] DEBUG o.a.h.impl.execchain.MainClientExec - Connection can be kept alive indefinitely
04:01:34.229 [Test worker] DEBUG c.g.d.j.JerseyDockerCmdExecFactory - 2 * Client response received on thread Test worker
2 < 200
2 < Content-Length: 1490
2 < Content-Type: application/json
2 < Date: Wed, 21 Dec 2016 03:01:34 GMT
2 < Server: Docker/1.12.3 (linux)
[{"Id":"sha256:4ca3a192ff2a5b7e225e81dc006b6379c10776ed3619757a65608cb72de0a7f6","ParentId":"","RepoTags":["ubuntu:latest"],"RepoDigests":["ubuntu@sha256:3b64c309deae7ab0f7dbdd42b6b326261ccd6261da5d88396439353162703fb5"],"Created":1480449877,"Size":128206574,"VirtualSize":128206574,"Labels":{}},{"Id":"sha256:aae2b63c49461fcae4962e4a8043f66acf8e3af7e62f5ebceb70b181d8ca01e0","ParentId":"","RepoTags":["ubuntu:14.04"],"RepoDigests":["ubuntu@sha256:edb984703bd3e8981ff541a5b9297ca1b81fde6e6e8094d86e390a38ebc30b4d"],"Created":1480449856,"Size":187952254,"VirtualSize":187952254,"Labels":{}},{"Id":"sha256:e02e811dd08fd49e7f6032625495118e63f597eb150403d02e3238af1df240ba","ParentId":"","RepoTags":["busybox:latest"],"RepoDigests":["busybox@sha256:29f5d56d12684887bdfa50dcd29fc31eea4aaf4ad3bec43daf19026a7ce69912"],"Created":1475874238,"Size":1093484,"VirtualSize":1093484,"Labels":{}},{"Id":"sha256:d654de4499473ed41349b54a988b6f46a7fc92e3fa2d61e102bf2660a0116e25","ParentId":"","RepoTags":["sakib37/iperf3:latest"],"RepoDigests":["sakib37/iperf3@sha256:8d80a810f8f508c074b14d02555f20110eac382c8dbda7252075392983629d40"],"Created":1474907599,"Size":199456654,"VirtualSize":199456654,"Labels":{}},{"Id":"sha256:c54a2cc56cbb2f04003c1cd4507e118af7c0d340fe7e2720f70976c4b75237dc","ParentId":"","RepoTags":["hello-world:latest"],"RepoDigests":["hello-world@sha256:0256e8a36e2070f7bf2d0b0763dbabdd67798512411de4cdcf9431a1feb60fd9"],"Created":1467401967,"Size":1848,"VirtualSize":1848,"Labels":{}}]


04:01:34.233 [Test worker] DEBUG o.a.h.i.c.DefaultManagedHttpClientConnection - http-outgoing-10: Close connection
04:01:34.233 [Test worker] DEBUG o.a.h.impl.execchain.MainClientExec - Connection discarded
04:01:34.234 [Test worker] DEBUG c.g.d.j.JerseyDockerCmdExecFactory$1 - Connection released: [id: 10][route: {s}->https://Thesis:2376][total kept alive: 0; route allocated: 0 of 2; total allocated: 0 of 20]
04:01:34.238 [Test worker] DEBUG c.g.d.core.command.AbstrDockerCmd - Cmd: com.github.dockerjava.core.command.CreateContainerCmdImpl@4371a1a4[name=MyContainer,hostName=Openbaton,domainName=<null>,user=<null>,attachStdin=<null>,attachStdout=<null>,attachStderr=<null>,portSpecs=<null>,tty=<null>,stdinOpen=<null>,stdInOnce=<null>,env={port=8080},cmd={sleep,99999},entrypoint=<null>,image=ubuntu:14.04,volumes=com.github.dockerjava.api.model.Volumes@5f9627fd,workingDir=<null>,macAddress=<null>,networkDisabled=<null>,exposedPorts=com.github.dockerjava.api.model.ExposedPorts@7b1b8411,stopSignal=<null>,hostConfig=com.github.dockerjava.api.model.HostConfig@4b7bb73b[binds=<null>,blkioWeight=<null>,blkioWeightDevice=<null>,blkioDeviceReadBps=<null>,blkioDeviceReadIOps=<null>,blkioDeviceWriteBps=<null>,blkioDeviceWriteIOps=<null>,memorySwappiness=<null>,capAdd=<null>,capDrop=<null>,containerIDFile=<null>,cpuPeriod=<null>,cpuShares=<null>,cpuQuota=<null>,cpusetCpus=<null>,cpusetMems=<null>,devices=<null>,dns=<null>,dnsSearch=<null>,extraHosts=<null>,links=<null>,logConfig=<null>,lxcConf=<null>,memory=<null>,memorySwap=<null>,memoryReservation=<null>,kernelMemory=<null>,networkMode=<null>,oomKillDisable=<null>,oomScoreAdj=<null>,portBindings={8084/tcp=[Lcom.github.dockerjava.api.model.Ports$Binding;@253fd92e},privileged=<null>,publishAllPorts=<null>,readonlyRootfs=<null>,restartPolicy=<null>,ulimits=<null>,volumesFrom=<null>,pidMode=<null>,securityOpts=<null>,cgroupParent=<null>,volumeDriver=<null>,shmSize=<null>],labels=<null>,networkingConfig=<null>,ipv4Address=<null>,ipv6Address=<null>,aliases=<null>,execution=com.github.dockerjava.jaxrs.CreateContainerCmdExec@4e05477f]
04:01:34.257 [Test worker] DEBUG o.a.h.c.protocol.RequestAddCookies - CookieSpec selected: default
04:01:34.258 [Test worker] DEBUG o.a.h.c.protocol.RequestAuthCache - Auth cache not set in the context
04:01:34.258 [Test worker] DEBUG c.g.d.j.JerseyDockerCmdExecFactory$1 - Connection request: [route: {s}->https://Thesis:2376][total kept alive: 0; route allocated: 0 of 2; total allocated: 0 of 20]
04:01:34.258 [Test worker] DEBUG c.g.d.j.JerseyDockerCmdExecFactory$1 - Connection leased: [id: 11][route: {s}->https://Thesis:2376][total kept alive: 0; route allocated: 1 of 2; total allocated: 1 of 20]
04:01:34.258 [Test worker] DEBUG o.a.h.impl.execchain.MainClientExec - Opening connection {s}->https://Thesis:2376
04:01:34.259 [Test worker] DEBUG o.a.h.i.c.DefaultHttpClientConnectionOperator - Connecting to Thesis/127.0.1.1:2376
04:01:34.259 [Test worker] DEBUG o.a.h.c.s.SSLConnectionSocketFactory - Connecting socket to Thesis/127.0.1.1:2376 with timeout 0
04:01:34.260 [Test worker] DEBUG o.a.h.c.s.SSLConnectionSocketFactory - Enabled protocols: [TLSv1]
04:01:34.260 [Test worker] DEBUG o.a.h.c.s.SSLConnectionSocketFactory - Enabled cipher suites:[TLS_ECDHE_ECDSA_WITH_AES_128_CBC_SHA, TLS_ECDHE_RSA_WITH_AES_128_CBC_SHA, TLS_RSA_WITH_AES_128_CBC_SHA, TLS_ECDH_ECDSA_WITH_AES_128_CBC_SHA, TLS_ECDH_RSA_WITH_AES_128_CBC_SHA, TLS_DHE_RSA_WITH_AES_128_CBC_SHA, TLS_DHE_DSS_WITH_AES_128_CBC_SHA, TLS_ECDHE_ECDSA_WITH_3DES_EDE_CBC_SHA, TLS_ECDHE_RSA_WITH_3DES_EDE_CBC_SHA, SSL_RSA_WITH_3DES_EDE_CBC_SHA, TLS_ECDH_ECDSA_WITH_3DES_EDE_CBC_SHA, TLS_ECDH_RSA_WITH_3DES_EDE_CBC_SHA, SSL_DHE_RSA_WITH_3DES_EDE_CBC_SHA, SSL_DHE_DSS_WITH_3DES_EDE_CBC_SHA, TLS_ECDHE_ECDSA_WITH_RC4_128_SHA, TLS_ECDHE_RSA_WITH_RC4_128_SHA, SSL_RSA_WITH_RC4_128_SHA, TLS_ECDH_ECDSA_WITH_RC4_128_SHA, TLS_ECDH_RSA_WITH_RC4_128_SHA, SSL_RSA_WITH_RC4_128_MD5, TLS_EMPTY_RENEGOTIATION_INFO_SCSV]
04:01:34.261 [Test worker] DEBUG o.a.h.c.s.SSLConnectionSocketFactory - Starting handshake
04:01:34.324 [Test worker] DEBUG o.a.h.c.s.SSLConnectionSocketFactory - Secure session established
04:01:34.324 [Test worker] DEBUG o.a.h.c.s.SSLConnectionSocketFactory -  negotiated protocol: TLSv1
04:01:34.324 [Test worker] DEBUG o.a.h.c.s.SSLConnectionSocketFactory -  negotiated cipher suite: TLS_ECDHE_RSA_WITH_AES_128_CBC_SHA
04:01:34.324 [Test worker] DEBUG o.a.h.c.s.SSLConnectionSocketFactory -  peer principal: CN=Thesis
04:01:34.325 [Test worker] DEBUG o.a.h.c.s.SSLConnectionSocketFactory -  issuer principal: EMAILADDRESS=sha@yamil.com, CN=Thesis, OU=Open, O=Fra, L=BER, ST=BER, C=DE
04:01:34.325 [Test worker] DEBUG o.a.h.i.c.DefaultHttpClientConnectionOperator - Connection established 127.0.0.1:60952<->127.0.1.1:2376
04:01:34.325 [Test worker] DEBUG o.a.h.impl.execchain.MainClientExec - Executing request POST /containers/create?name=MyContainer HTTP/1.1
04:01:34.325 [Test worker] DEBUG o.a.h.impl.execchain.MainClientExec - Target auth state: UNCHALLENGED
04:01:34.325 [Test worker] DEBUG o.a.h.impl.execchain.MainClientExec - Proxy auth state: UNCHALLENGED
04:01:34.326 [Test worker] DEBUG org.apache.http.headers - http-outgoing-11 >> POST /containers/create?name=MyContainer HTTP/1.1
04:01:34.326 [Test worker] DEBUG org.apache.http.headers - http-outgoing-11 >> Accept: application/json
04:01:34.326 [Test worker] DEBUG org.apache.http.headers - http-outgoing-11 >> Content-Type: application/json
04:01:34.326 [Test worker] DEBUG org.apache.http.headers - http-outgoing-11 >> User-Agent: Jersey/2.23.1 (Apache HttpClient 4.5.1)
04:01:34.326 [Test worker] DEBUG org.apache.http.headers - http-outgoing-11 >> Transfer-Encoding: chunked
04:01:34.326 [Test worker] DEBUG org.apache.http.headers - http-outgoing-11 >> Host: Thesis:2376
04:01:34.327 [Test worker] DEBUG org.apache.http.headers - http-outgoing-11 >> Connection: Keep-Alive
04:01:34.327 [Test worker] DEBUG org.apache.http.headers - http-outgoing-11 >> Accept-Encoding: gzip,deflate
04:01:34.359 [Test worker] DEBUG c.g.d.j.JerseyDockerCmdExecFactory - 1 * Sending client request on thread Test worker
1 > POST https://Thesis:2376/containers/create?name=MyContainer
1 > Accept: application/json
1 > Content-Type: application/json
{"name":"MyContainer","Hostname":"Openbaton","Env":["port=8080"],"Cmd":["sleep","99999"],"Image":"ubuntu:14.04","Volumes":{},"ExposedPorts":{"8084/tcp":{}},"HostConfig":{"PortBindings":{"8084/tcp":[{"HostIp":"","HostPort":"8084"}]}}}

04:01:34.373 [Test worker] DEBUG org.apache.http.wire - http-outgoing-11 >> "POST /containers/create?name=MyContainer HTTP/1.1[\r][\n]"
04:01:34.373 [Test worker] DEBUG org.apache.http.wire - http-outgoing-11 >> "Accept: application/json[\r][\n]"
04:01:34.373 [Test worker] DEBUG org.apache.http.wire - http-outgoing-11 >> "Content-Type: application/json[\r][\n]"
04:01:34.373 [Test worker] DEBUG org.apache.http.wire - http-outgoing-11 >> "User-Agent: Jersey/2.23.1 (Apache HttpClient 4.5.1)[\r][\n]"
04:01:34.374 [Test worker] DEBUG org.apache.http.wire - http-outgoing-11 >> "Transfer-Encoding: chunked[\r][\n]"
04:01:34.374 [Test worker] DEBUG org.apache.http.wire - http-outgoing-11 >> "Host: Thesis:2376[\r][\n]"
04:01:34.374 [Test worker] DEBUG org.apache.http.wire - http-outgoing-11 >> "Connection: Keep-Alive[\r][\n]"
04:01:34.374 [Test worker] DEBUG org.apache.http.wire - http-outgoing-11 >> "Accept-Encoding: gzip,deflate[\r][\n]"
04:01:34.374 [Test worker] DEBUG org.apache.http.wire - http-outgoing-11 >> "[\r][\n]"
04:01:34.374 [Test worker] DEBUG org.apache.http.wire - http-outgoing-11 >> "e9[\r][\n]"
04:01:34.374 [Test worker] DEBUG org.apache.http.wire - http-outgoing-11 >> "{"name":"MyContainer","Hostname":"Openbaton","Env":["port=8080"],"Cmd":["sleep","99999"],"Image":"ubuntu:14.04","Volumes":{},"ExposedPorts":{"8084/tcp":{}},"HostConfig":{"PortBindings":{"8084/tcp":[{"HostIp":"","HostPort":"8084"}]}}}[\r][\n]"
04:01:34.375 [Test worker] DEBUG org.apache.http.wire - http-outgoing-11 >> "0[\r][\n]"
04:01:34.375 [Test worker] DEBUG org.apache.http.wire - http-outgoing-11 >> "[\r][\n]"
04:01:34.402 [Test worker] DEBUG org.apache.http.wire - http-outgoing-11 << "H"
04:01:34.402 [Test worker] DEBUG org.apache.http.wire - http-outgoing-11 << "TTP/1.1 201 Created[\r][\n]"
04:01:34.402 [Test worker] DEBUG org.apache.http.wire - http-outgoing-11 << "Content-Type: application/json[\r][\n]"
04:01:34.402 [Test worker] DEBUG org.apache.http.wire - http-outgoing-11 << "Server: Docker/1.12.3 (linux)[\r][\n]"
04:01:34.402 [Test worker] DEBUG org.apache.http.wire - http-outgoing-11 << "Date: Wed, 21 Dec 2016 03:01:34 GMT[\r][\n]"
04:01:34.402 [Test worker] DEBUG org.apache.http.wire - http-outgoing-11 << "Content-Length: 90[\r][\n]"
04:01:34.402 [Test worker] DEBUG org.apache.http.wire - http-outgoing-11 << "[\r][\n]"
04:01:34.402 [Test worker] DEBUG org.apache.http.wire - http-outgoing-11 << "{"Id":"40a832f1e777fe6fb56d7f4b1de7136563fe8cc1ce33e222857a2540bc062e72","Warnings":null}[\n]"
04:01:34.402 [Test worker] DEBUG org.apache.http.headers - http-outgoing-11 << HTTP/1.1 201 Created
04:01:34.402 [Test worker] DEBUG org.apache.http.headers - http-outgoing-11 << Content-Type: application/json
04:01:34.402 [Test worker] DEBUG org.apache.http.headers - http-outgoing-11 << Server: Docker/1.12.3 (linux)
04:01:34.402 [Test worker] DEBUG org.apache.http.headers - http-outgoing-11 << Date: Wed, 21 Dec 2016 03:01:34 GMT
04:01:34.406 [Test worker] DEBUG org.apache.http.headers - http-outgoing-11 << Content-Length: 90
04:01:34.406 [Test worker] DEBUG o.a.h.impl.execchain.MainClientExec - Connection can be kept alive indefinitely
04:01:34.406 [Test worker] DEBUG c.g.d.j.JerseyDockerCmdExecFactory - 2 * Client response received on thread Test worker
2 < 201
2 < Content-Length: 90
2 < Content-Type: application/json
2 < Date: Wed, 21 Dec 2016 03:01:34 GMT
2 < Server: Docker/1.12.3 (linux)
{"Id":"40a832f1e777fe6fb56d7f4b1de7136563fe8cc1ce33e222857a2540bc062e72","Warnings":null}


04:01:34.407 [Test worker] DEBUG o.a.h.i.c.DefaultManagedHttpClientConnection - http-outgoing-11: Close connection
04:01:34.409 [Test worker] DEBUG o.a.h.impl.execchain.MainClientExec - Connection discarded
04:01:34.409 [Test worker] DEBUG c.g.d.j.JerseyDockerCmdExecFactory$1 - Connection released: [id: 11][route: {s}->https://Thesis:2376][total kept alive: 0; route allocated: 0 of 2; total allocated: 0 of 20]
04:01:34.409 [Test worker] DEBUG org.openbaton.docker.DockerVim - Instance created successfully
04:01:34.410 [Test worker] DEBUG c.g.d.core.command.AbstrDockerCmd - Cmd: 40a832f1e777fe6fb56d7f4b1de7136563fe8cc1ce33e222857a2540bc062e72,com.github.dockerjava.jaxrs.StartContainerCmdExec@7d49576a
04:01:34.413 [Test worker] DEBUG c.g.d.j.JerseyDockerCmdExecFactory - 3 * Sending client request on thread Test worker
3 > POST https://Thesis:2376/containers/40a832f1e777fe6fb56d7f4b1de7136563fe8cc1ce33e222857a2540bc062e72/start
3 > Accept: application/json

04:01:34.414 [Test worker] DEBUG o.a.h.c.protocol.RequestAddCookies - CookieSpec selected: default
04:01:34.414 [Test worker] DEBUG o.a.h.c.protocol.RequestAuthCache - Auth cache not set in the context
04:01:34.415 [Test worker] DEBUG c.g.d.j.JerseyDockerCmdExecFactory$1 - Connection request: [route: {s}->https://Thesis:2376][total kept alive: 0; route allocated: 0 of 2; total allocated: 0 of 20]
04:01:34.415 [Test worker] DEBUG c.g.d.j.JerseyDockerCmdExecFactory$1 - Connection leased: [id: 12][route: {s}->https://Thesis:2376][total kept alive: 0; route allocated: 1 of 2; total allocated: 1 of 20]
04:01:34.415 [Test worker] DEBUG o.a.h.impl.execchain.MainClientExec - Opening connection {s}->https://Thesis:2376
04:01:34.415 [Test worker] DEBUG o.a.h.i.c.DefaultHttpClientConnectionOperator - Connecting to Thesis/127.0.1.1:2376
04:01:34.415 [Test worker] DEBUG o.a.h.c.s.SSLConnectionSocketFactory - Connecting socket to Thesis/127.0.1.1:2376 with timeout 0
04:01:34.416 [Test worker] DEBUG o.a.h.c.s.SSLConnectionSocketFactory - Enabled protocols: [TLSv1]
04:01:34.417 [Test worker] DEBUG o.a.h.c.s.SSLConnectionSocketFactory - Enabled cipher suites:[TLS_ECDHE_ECDSA_WITH_AES_128_CBC_SHA, TLS_ECDHE_RSA_WITH_AES_128_CBC_SHA, TLS_RSA_WITH_AES_128_CBC_SHA, TLS_ECDH_ECDSA_WITH_AES_128_CBC_SHA, TLS_ECDH_RSA_WITH_AES_128_CBC_SHA, TLS_DHE_RSA_WITH_AES_128_CBC_SHA, TLS_DHE_DSS_WITH_AES_128_CBC_SHA, TLS_ECDHE_ECDSA_WITH_3DES_EDE_CBC_SHA, TLS_ECDHE_RSA_WITH_3DES_EDE_CBC_SHA, SSL_RSA_WITH_3DES_EDE_CBC_SHA, TLS_ECDH_ECDSA_WITH_3DES_EDE_CBC_SHA, TLS_ECDH_RSA_WITH_3DES_EDE_CBC_SHA, SSL_DHE_RSA_WITH_3DES_EDE_CBC_SHA, SSL_DHE_DSS_WITH_3DES_EDE_CBC_SHA, TLS_ECDHE_ECDSA_WITH_RC4_128_SHA, TLS_ECDHE_RSA_WITH_RC4_128_SHA, SSL_RSA_WITH_RC4_128_SHA, TLS_ECDH_ECDSA_WITH_RC4_128_SHA, TLS_ECDH_RSA_WITH_RC4_128_SHA, SSL_RSA_WITH_RC4_128_MD5, TLS_EMPTY_RENEGOTIATION_INFO_SCSV]
04:01:34.420 [Test worker] DEBUG o.a.h.c.s.SSLConnectionSocketFactory - Starting handshake
04:01:34.496 [Test worker] DEBUG o.a.h.c.s.SSLConnectionSocketFactory - Secure session established
04:01:34.496 [Test worker] DEBUG o.a.h.c.s.SSLConnectionSocketFactory -  negotiated protocol: TLSv1
04:01:34.496 [Test worker] DEBUG o.a.h.c.s.SSLConnectionSocketFactory -  negotiated cipher suite: TLS_ECDHE_RSA_WITH_AES_128_CBC_SHA
04:01:34.496 [Test worker] DEBUG o.a.h.c.s.SSLConnectionSocketFactory -  peer principal: CN=Thesis
04:01:34.497 [Test worker] DEBUG o.a.h.c.s.SSLConnectionSocketFactory -  issuer principal: EMAILADDRESS=sha@yamil.com, CN=Thesis, OU=Open, O=Fra, L=BER, ST=BER, C=DE
04:01:34.497 [Test worker] DEBUG o.a.h.i.c.DefaultHttpClientConnectionOperator - Connection established 127.0.0.1:60954<->127.0.1.1:2376
04:01:34.497 [Test worker] DEBUG o.a.h.impl.execchain.MainClientExec - Executing request POST /containers/40a832f1e777fe6fb56d7f4b1de7136563fe8cc1ce33e222857a2540bc062e72/start HTTP/1.1
04:01:34.497 [Test worker] DEBUG o.a.h.impl.execchain.MainClientExec - Target auth state: UNCHALLENGED
04:01:34.497 [Test worker] DEBUG o.a.h.impl.execchain.MainClientExec - Proxy auth state: UNCHALLENGED
04:01:34.498 [Test worker] DEBUG org.apache.http.headers - http-outgoing-12 >> POST /containers/40a832f1e777fe6fb56d7f4b1de7136563fe8cc1ce33e222857a2540bc062e72/start HTTP/1.1
04:01:34.498 [Test worker] DEBUG org.apache.http.headers - http-outgoing-12 >> Accept: application/json
04:01:34.498 [Test worker] DEBUG org.apache.http.headers - http-outgoing-12 >> User-Agent: Jersey/2.23.1 (Apache HttpClient 4.5.1)
04:01:34.498 [Test worker] DEBUG org.apache.http.headers - http-outgoing-12 >> Host: Thesis:2376
04:01:34.498 [Test worker] DEBUG org.apache.http.headers - http-outgoing-12 >> Connection: Keep-Alive
04:01:34.498 [Test worker] DEBUG org.apache.http.headers - http-outgoing-12 >> Accept-Encoding: gzip,deflate
04:01:34.499 [Test worker] DEBUG org.apache.http.wire - http-outgoing-12 >> "POST /containers/40a832f1e777fe6fb56d7f4b1de7136563fe8cc1ce33e222857a2540bc062e72/start HTTP/1.1[\r][\n]"
04:01:34.499 [Test worker] DEBUG org.apache.http.wire - http-outgoing-12 >> "Accept: application/json[\r][\n]"
04:01:34.499 [Test worker] DEBUG org.apache.http.wire - http-outgoing-12 >> "User-Agent: Jersey/2.23.1 (Apache HttpClient 4.5.1)[\r][\n]"
04:01:34.499 [Test worker] DEBUG org.apache.http.wire - http-outgoing-12 >> "Host: Thesis:2376[\r][\n]"
04:01:34.499 [Test worker] DEBUG org.apache.http.wire - http-outgoing-12 >> "Connection: Keep-Alive[\r][\n]"
04:01:34.499 [Test worker] DEBUG org.apache.http.wire - http-outgoing-12 >> "Accept-Encoding: gzip,deflate[\r][\n]"
04:01:34.500 [Test worker] DEBUG org.apache.http.wire - http-outgoing-12 >> "[\r][\n]"
04:01:34.625 [Test worker] DEBUG org.apache.http.wire - http-outgoing-12 << "H"
04:01:34.626 [Test worker] DEBUG org.apache.http.wire - http-outgoing-12 << "TTP/1.1 204 No Content[\r][\n]"
04:01:34.626 [Test worker] DEBUG org.apache.http.wire - http-outgoing-12 << "Server: Docker/1.12.3 (linux)[\r][\n]"
04:01:34.626 [Test worker] DEBUG org.apache.http.wire - http-outgoing-12 << "Date: Wed, 21 Dec 2016 03:01:34 GMT[\r][\n]"
04:01:34.626 [Test worker] DEBUG org.apache.http.wire - http-outgoing-12 << "[\r][\n]"
04:01:34.626 [Test worker] DEBUG org.apache.http.headers - http-outgoing-12 << HTTP/1.1 204 No Content
04:01:34.626 [Test worker] DEBUG org.apache.http.headers - http-outgoing-12 << Server: Docker/1.12.3 (linux)
04:01:34.626 [Test worker] DEBUG org.apache.http.headers - http-outgoing-12 << Date: Wed, 21 Dec 2016 03:01:34 GMT
04:01:34.626 [Test worker] DEBUG o.a.h.impl.execchain.MainClientExec - Connection can be kept alive indefinitely
04:01:34.627 [Test worker] DEBUG c.g.d.j.JerseyDockerCmdExecFactory$1 - Connection [id: 12][route: {s}->https://Thesis:2376][state: CN=Thesis] can be kept alive indefinitely
04:01:34.627 [Test worker] DEBUG c.g.d.j.JerseyDockerCmdExecFactory$1 - Connection released: [id: 12][route: {s}->https://Thesis:2376][state: CN=Thesis][total kept alive: 1; route allocated: 1 of 2; total allocated: 1 of 20]
04:01:34.627 [Test worker] DEBUG c.g.d.j.JerseyDockerCmdExecFactory - 4 * Client response received on thread Test worker
4 < 204
4 < Date: Wed, 21 Dec 2016 03:01:34 GMT
4 < Server: Docker/1.12.3 (linux)

04:01:34.628 [Test worker] DEBUG c.g.d.core.command.AbstrDockerCmd - Cmd: 40a832f1e777fe6fb56d7f4b1de7136563fe8cc1ce33e222857a2540bc062e72,false,com.github.dockerjava.jaxrs.InspectContainerCmdExec@7e5fa01d
04:01:34.628 [Test worker] DEBUG c.g.d.jaxrs.InspectContainerCmdExec - GET: JerseyWebTarget { https://Thesis:2376/containers/40a832f1e777fe6fb56d7f4b1de7136563fe8cc1ce33e222857a2540bc062e72/json }
04:01:34.629 [Test worker] DEBUG c.g.d.j.JerseyDockerCmdExecFactory - 5 * Sending client request on thread Test worker
5 > GET https://Thesis:2376/containers/40a832f1e777fe6fb56d7f4b1de7136563fe8cc1ce33e222857a2540bc062e72/json
5 > Accept: application/json

04:01:34.629 [Test worker] DEBUG o.a.h.c.protocol.RequestAddCookies - CookieSpec selected: default
04:01:34.629 [Test worker] DEBUG o.a.h.c.protocol.RequestAuthCache - Auth cache not set in the context
04:01:34.629 [Test worker] DEBUG c.g.d.j.JerseyDockerCmdExecFactory$1 - Connection request: [route: {s}->https://Thesis:2376][total kept alive: 1; route allocated: 1 of 2; total allocated: 1 of 20]
04:01:34.629 [Test worker] DEBUG c.g.d.j.JerseyDockerCmdExecFactory$1 - Connection leased: [id: 13][route: {s}->https://Thesis:2376][total kept alive: 1; route allocated: 2 of 2; total allocated: 2 of 20]
04:01:34.630 [Test worker] DEBUG o.a.h.impl.execchain.MainClientExec - Opening connection {s}->https://Thesis:2376
04:01:34.630 [Test worker] DEBUG o.a.h.i.c.DefaultHttpClientConnectionOperator - Connecting to Thesis/127.0.1.1:2376
04:01:34.630 [Test worker] DEBUG o.a.h.c.s.SSLConnectionSocketFactory - Connecting socket to Thesis/127.0.1.1:2376 with timeout 0
04:01:34.632 [Test worker] DEBUG o.a.h.c.s.SSLConnectionSocketFactory - Enabled protocols: [TLSv1]
04:01:34.632 [Test worker] DEBUG o.a.h.c.s.SSLConnectionSocketFactory - Enabled cipher suites:[TLS_ECDHE_ECDSA_WITH_AES_128_CBC_SHA, TLS_ECDHE_RSA_WITH_AES_128_CBC_SHA, TLS_RSA_WITH_AES_128_CBC_SHA, TLS_ECDH_ECDSA_WITH_AES_128_CBC_SHA, TLS_ECDH_RSA_WITH_AES_128_CBC_SHA, TLS_DHE_RSA_WITH_AES_128_CBC_SHA, TLS_DHE_DSS_WITH_AES_128_CBC_SHA, TLS_ECDHE_ECDSA_WITH_3DES_EDE_CBC_SHA, TLS_ECDHE_RSA_WITH_3DES_EDE_CBC_SHA, SSL_RSA_WITH_3DES_EDE_CBC_SHA, TLS_ECDH_ECDSA_WITH_3DES_EDE_CBC_SHA, TLS_ECDH_RSA_WITH_3DES_EDE_CBC_SHA, SSL_DHE_RSA_WITH_3DES_EDE_CBC_SHA, SSL_DHE_DSS_WITH_3DES_EDE_CBC_SHA, TLS_ECDHE_ECDSA_WITH_RC4_128_SHA, TLS_ECDHE_RSA_WITH_RC4_128_SHA, SSL_RSA_WITH_RC4_128_SHA, TLS_ECDH_ECDSA_WITH_RC4_128_SHA, TLS_ECDH_RSA_WITH_RC4_128_SHA, SSL_RSA_WITH_RC4_128_MD5, TLS_EMPTY_RENEGOTIATION_INFO_SCSV]
04:01:34.632 [Test worker] DEBUG o.a.h.c.s.SSLConnectionSocketFactory - Starting handshake
04:01:34.695 [Test worker] DEBUG o.a.h.c.s.SSLConnectionSocketFactory - Secure session established
04:01:34.695 [Test worker] DEBUG o.a.h.c.s.SSLConnectionSocketFactory -  negotiated protocol: TLSv1
04:01:34.695 [Test worker] DEBUG o.a.h.c.s.SSLConnectionSocketFactory -  negotiated cipher suite: TLS_ECDHE_RSA_WITH_AES_128_CBC_SHA
04:01:34.695 [Test worker] DEBUG o.a.h.c.s.SSLConnectionSocketFactory -  peer principal: CN=Thesis
04:01:34.695 [Test worker] DEBUG o.a.h.c.s.SSLConnectionSocketFactory -  issuer principal: EMAILADDRESS=sha@yamil.com, CN=Thesis, OU=Open, O=Fra, L=BER, ST=BER, C=DE
04:01:34.696 [Test worker] DEBUG o.a.h.i.c.DefaultHttpClientConnectionOperator - Connection established 127.0.0.1:60956<->127.0.1.1:2376
04:01:34.696 [Test worker] DEBUG o.a.h.impl.execchain.MainClientExec - Executing request GET /containers/40a832f1e777fe6fb56d7f4b1de7136563fe8cc1ce33e222857a2540bc062e72/json HTTP/1.1
04:01:34.697 [Test worker] DEBUG o.a.h.impl.execchain.MainClientExec - Target auth state: UNCHALLENGED
04:01:34.697 [Test worker] DEBUG o.a.h.impl.execchain.MainClientExec - Proxy auth state: UNCHALLENGED
04:01:34.698 [Test worker] DEBUG org.apache.http.headers - http-outgoing-13 >> GET /containers/40a832f1e777fe6fb56d7f4b1de7136563fe8cc1ce33e222857a2540bc062e72/json HTTP/1.1
04:01:34.698 [Test worker] DEBUG org.apache.http.headers - http-outgoing-13 >> Accept: application/json
04:01:34.698 [Test worker] DEBUG org.apache.http.headers - http-outgoing-13 >> User-Agent: Jersey/2.23.1 (Apache HttpClient 4.5.1)
04:01:34.698 [Test worker] DEBUG org.apache.http.headers - http-outgoing-13 >> Host: Thesis:2376
04:01:34.698 [Test worker] DEBUG org.apache.http.headers - http-outgoing-13 >> Connection: Keep-Alive
04:01:34.698 [Test worker] DEBUG org.apache.http.headers - http-outgoing-13 >> Accept-Encoding: gzip,deflate
04:01:34.699 [Test worker] DEBUG org.apache.http.wire - http-outgoing-13 >> "GET /containers/40a832f1e777fe6fb56d7f4b1de7136563fe8cc1ce33e222857a2540bc062e72/json HTTP/1.1[\r][\n]"
04:01:34.699 [Test worker] DEBUG org.apache.http.wire - http-outgoing-13 >> "Accept: application/json[\r][\n]"
04:01:34.699 [Test worker] DEBUG org.apache.http.wire - http-outgoing-13 >> "User-Agent: Jersey/2.23.1 (Apache HttpClient 4.5.1)[\r][\n]"
04:01:34.699 [Test worker] DEBUG org.apache.http.wire - http-outgoing-13 >> "Host: Thesis:2376[\r][\n]"
04:01:34.699 [Test worker] DEBUG org.apache.http.wire - http-outgoing-13 >> "Connection: Keep-Alive[\r][\n]"
04:01:34.699 [Test worker] DEBUG org.apache.http.wire - http-outgoing-13 >> "Accept-Encoding: gzip,deflate[\r][\n]"
04:01:34.700 [Test worker] DEBUG org.apache.http.wire - http-outgoing-13 >> "[\r][\n]"
04:01:34.705 [Test worker] DEBUG org.apache.http.wire - http-outgoing-13 << "H"
04:01:34.711 [Test worker] DEBUG org.apache.http.wire - http-outgoing-13 << "TTP/1.1 200 OK[\r][\n]"
04:01:34.711 [Test worker] DEBUG org.apache.http.wire - http-outgoing-13 << "Content-Type: application/json[\r][\n]"
04:01:34.711 [Test worker] DEBUG org.apache.http.wire - http-outgoing-13 << "Server: Docker/1.12.3 (linux)[\r][\n]"
04:01:34.711 [Test worker] DEBUG org.apache.http.wire - http-outgoing-13 << "Date: Wed, 21 Dec 2016 03:01:34 GMT[\r][\n]"
04:01:34.711 [Test worker] DEBUG org.apache.http.wire - http-outgoing-13 << "Transfer-Encoding: chunked[\r][\n]"
04:01:34.712 [Test worker] DEBUG org.apache.http.wire - http-outgoing-13 << "[\r][\n]"
04:01:34.712 [Test worker] DEBUG org.apache.http.wire - http-outgoing-13 << "e6a[\r][\n]"
04:01:34.712 [Test worker] DEBUG org.apache.http.wire - http-outgoing-13 << "{"Id":"40a832f1e777fe6fb56d7f4b1de7136563fe8cc1ce33e222857a2540bc062e72","Created":"2016-12-21T03:01:34.376313664Z","Path":"sleep","Args":["99999"],"State":{"Status":"running","Running":true,"Paused":false,"Restarting":false,"OOMKilled":false,"Dead":false,"Pid":18657,"ExitCode":0,"Error":"","StartedAt":"2016-12-21T03:01:34.621952488Z","FinishedAt":"0001-01-01T00:00:00Z"},"Image":"sha256:aae2b63c49461fcae4962e4a8043f66acf8e3af7e62f5ebceb70b181d8ca01e0","ResolvConfPath":"/var/lib/docker/containers/40a832f1e777fe6fb56d7f4b1de7136563fe8cc1ce33e222857a2540bc062e72/resolv.conf","HostnamePath":"/var/lib/docker/containers/40a832f1e777fe6fb56d7f4b1de7136563fe8cc1ce33e222857a2540bc062e72/hostname","HostsPath":"/var/lib/docker/containers/40a832f1e777fe6fb56d7f4b1de7136563fe8cc1ce33e222857a2540bc062e72/hosts","LogPath":"/var/lib/docker/containers/40a832f1e777fe6fb56d7f4b1de7136563fe8cc1ce33e222857a2540bc062e72/40a832f1e777fe6fb56d7f4b1de7136563fe8cc1ce33e222857a2540bc062e72-json.log","Name":"/MyContainer","RestartCount":0,"Driver":"aufs","MountLabel":"","ProcessLabel":"","AppArmorProfile":"","ExecIDs":null,"HostConfig":{"Binds":null,"ContainerIDFile":"","LogConfig":{"Type":"json-file","Config":{}},"NetworkMode":"default","PortBindings":{"8084/tcp":[{"HostIp":"","HostPort":"8084"}]},"RestartPolicy":{"Name":"","MaximumRetryCount":0},"AutoRemove":false,"VolumeDriver":"","VolumesFrom":null,"CapAdd":null,"CapDrop":null,"Dns":null,"DnsOptions":null,"DnsSearch":null,"ExtraHosts":null,"GroupAdd":null,"IpcMode":"","Cgroup":"","Links":null,"OomScoreAdj":0,"PidMode":"","Privileged":false,"PublishAllPorts":false,"ReadonlyRootfs":false,"SecurityOpt":null,"UTSMode":"","UsernsMode":"","ShmSize":67108864,"Runtime":"runc","ConsoleSize":[0,0],"Isolation":"","CpuShares":0,"Memory":0,"CgroupParent":"","BlkioWeight":0,"BlkioWeightDevice":null,"BlkioDeviceReadBps":null,"BlkioDeviceWriteBps":null,"BlkioDeviceReadIOps":null,"BlkioDeviceWriteIOps":null,"CpuPeriod":0,"CpuQuota":0,"CpusetCpus":"","CpusetMems":"","Devices":null,"DiskQuota":0,"KernelMemory":0,"MemoryReservation":0,"MemorySwap":0,"MemorySwappiness":-1,"OomKillDisable":false,"PidsLimit":0,"Ulimits":null,"CpuCount":0,"CpuPercent":0,"IOMaximumIOps":0,"IOMaximumBandwidth":0},"GraphDriver":{"Name":"aufs","Data":null},"Mounts":[],"Config":{"Hostname":"Openbaton","Domainname":"","User":"","AttachStdin":false,"AttachStdout":false,"AttachStderr":false,"ExposedPorts":{"8084/tcp":{}},"Tty":false,"OpenStdin":false,"StdinOnce":false,"Env":["port=8080","PATH=/usr/local/sbin:/usr/local/bin:/usr/sbin:/usr/bin:/sbin:/bin"],"Cmd":["sleep","99999"],"Image":"ubuntu:14.04","Volumes":null,"WorkingDir":"","Entrypoint":null,"OnBuild":null,"Labels":{}},"NetworkSettings":{"Bridge":"","SandboxID":"ffa70f4169c78fd834f5ac6eba4fbdce86b9dd3d279662e0edaa1cd46a805d08","HairpinMode":false,"LinkLocalIPv6Address":"","LinkLocalIPv6PrefixLen":0,"Ports":{"8084/tcp":[{"HostIp":"0.0.0.0","HostPort":"8084"}]},"SandboxKey":"/var/run/docker/netns/ffa70f4169c7","SecondaryIPAddresses":null,"SecondaryIPv6Addresses":null,"EndpointID":"b8f7dbbac7be8af7c48fba357670a85a671dfbf820be40d1600bcb01fd3b63dd","Gateway":"172.17.0.1","GlobalIPv6Address":"","GlobalIPv6PrefixLen":0,"IPAddress":"172.17.0.2","IPPrefixLen":16,"IPv6Gateway":"","MacAddress":"02:42:ac:11:00:02","Networks":{"bridge":{"IPAMConfig":null,"Links":null,"Aliases":null,"NetworkID":"efdbf560175b2fea9530e9bd81555f23f020db58853647978dae51acf69f47b1","EndpointID":"b8f7dbbac7be8af7c48fba357670a85a671dfbf820be40d1600bcb01fd3b63dd","Gateway":"172.17.0.1","IPAddress":"172.17.0.2","IPPrefixLen":16,"IPv6Gateway":"","GlobalIPv6Address":"","GlobalIPv6PrefixLen":0,"MacAddress":"02:42:ac:11:00:02"}}}}[\n]"
04:01:34.712 [Test worker] DEBUG org.apache.http.wire - http-outgoing-13 << "[\r][\n]"
04:01:34.712 [Test worker] DEBUG org.apache.http.wire - http-outgoing-13 << "0[\r][\n]"
04:01:34.712 [Test worker] DEBUG org.apache.http.wire - http-outgoing-13 << "[\r][\n]"
04:01:34.713 [Test worker] DEBUG org.apache.http.headers - http-outgoing-13 << HTTP/1.1 200 OK
04:01:34.713 [Test worker] DEBUG org.apache.http.headers - http-outgoing-13 << Content-Type: application/json
04:01:34.713 [Test worker] DEBUG org.apache.http.headers - http-outgoing-13 << Server: Docker/1.12.3 (linux)
04:01:34.713 [Test worker] DEBUG org.apache.http.headers - http-outgoing-13 << Date: Wed, 21 Dec 2016 03:01:34 GMT
04:01:34.713 [Test worker] DEBUG org.apache.http.headers - http-outgoing-13 << Transfer-Encoding: chunked
04:01:34.714 [Test worker] DEBUG o.a.h.impl.execchain.MainClientExec - Connection can be kept alive indefinitely
04:01:34.714 [Test worker] DEBUG c.g.d.j.JerseyDockerCmdExecFactory - 6 * Client response received on thread Test worker
6 < 200
6 < Content-Length: -1
6 < Content-Type: application/json
6 < Date: Wed, 21 Dec 2016 03:01:34 GMT
6 < Server: Docker/1.12.3 (linux)
6 < Transfer-Encoding: chunked
{"Id":"40a832f1e777fe6fb56d7f4b1de7136563fe8cc1ce33e222857a2540bc062e72","Created":"2016-12-21T03:01:34.376313664Z","Path":"sleep","Args":["99999"],"State":{"Status":"running","Running":true,"Paused":false,"Restarting":false,"OOMKilled":false,"Dead":false,"Pid":18657,"ExitCode":0,"Error":"","StartedAt":"2016-12-21T03:01:34.621952488Z","FinishedAt":"0001-01-01T00:00:00Z"},"Image":"sha256:aae2b63c49461fcae4962e4a8043f66acf8e3af7e62f5ebceb70b181d8ca01e0","ResolvConfPath":"/var/lib/docker/containers/40a832f1e777fe6fb56d7f4b1de7136563fe8cc1ce33e222857a2540bc062e72/resolv.conf","HostnamePath":"/var/lib/docker/containers/40a832f1e777fe6fb56d7f4b1de7136563fe8cc1ce33e222857a2540bc062e72/hostname","HostsPath":"/var/lib/docker/containers/40a832f1e777fe6fb56d7f4b1de7136563fe8cc1ce33e222857a2540bc062e72/hosts","LogPath":"/var/lib/docker/containers/40a832f1e777fe6fb56d7f4b1de7136563fe8cc1ce33e222857a2540bc062e72/40a832f1e777fe6fb56d7f4b1de7136563fe8cc1ce33e222857a2540bc062e72-json.log","Name":"/MyContainer","RestartCount":0,"Driver":"aufs","MountLabel":"","ProcessLabel":"","AppArmorProfile":"","ExecIDs":null,"HostConfig":{"Binds":null,"ContainerIDFile":"","LogConfig":{"Type":"json-file","Config":{}},"NetworkMode":"default","PortBindings":{"8084/tcp":[{"HostIp":"","HostPort":"8084"}]},"RestartPolicy":{"Name":"","MaximumRetryCount":0},"AutoRemove":false,"VolumeDriver":"","VolumesFrom":null,"CapAdd":null,"CapDrop":null,"Dns":null,"DnsOptions":null,"DnsSearch":null,"ExtraHosts":null,"GroupAdd":null,"IpcMode":"","Cgroup":"","Links":null,"OomScoreAdj":0,"PidMode":"","Privileged":false,"PublishAllPorts":false,"ReadonlyRootfs":false,"SecurityOpt":null,"UTSMode":"","UsernsMode":"","ShmSize":67108864,"Runtime":"runc","ConsoleSize":[0,0],"Isolation":"","CpuShares":0,"Memory":0,"CgroupParent":"","BlkioWeight":0,"BlkioWeightDevice":null,"BlkioDeviceReadBps":null,"BlkioDeviceWriteBps":null,"BlkioDeviceReadIOps":null,"BlkioDeviceWriteIOps":null,"CpuPeriod":0,"CpuQuota":0,"CpusetCpus":"","CpusetMems":"","Devices":null,"DiskQuota":0,"KernelMemory":0,"MemoryReservation":0,"MemorySwap":0,"MemorySwappiness":-1,"OomKillDisable":false,"PidsLimit":0,"Ulimits":null,"CpuCount":0,"CpuPercent":0,"IOMaximumIOps":0,"IOMaximumBandwidth":0},"GraphDriver":{"Name":"aufs","Data":null},"Mounts":[],"Config":{"Hostname":"Openbaton","Domainname":"","User":"","AttachStdin":false,"AttachStdout":false,"AttachStderr":false,"ExposedPorts":{"8084/tcp":{}},"Tty":false,"OpenStdin":false,"StdinOnce":false,"Env":["port=8080","PATH=/usr/local/sbin:/usr/local/bin:/usr/sbin:/usr/bin:/sbin:/bin"],"Cmd":["sleep","99999"],"Image":"ubuntu:14.04","Volumes":null,"WorkingDir":"","Entrypoint":null,"OnBuild":null,"Labels":{}},"NetworkSettings":{"Bridge":"","SandboxID":"ffa70f4169c78fd834f5ac6eba4fbdce86b9dd3d279662e0edaa1cd46a805d08","HairpinMode":false,"LinkLocalIPv6Address":"","LinkLocalIPv6PrefixLen":0,"Ports":{"8084/tcp":[{"HostIp":"0.0.0.0","HostPort":"8084"}]},"SandboxKey":"/var/run/docker/netns/ffa70f4169c7","SecondaryIPAddresses":null,"SecondaryIPv6Addresses":null,"EndpointID":"b8f7dbbac7be8af7c48fba357670a85a671dfbf820be40d1600bcb01fd3b63dd","Gateway":"172.17.0.1","GlobalIPv6Address":"","GlobalIPv6PrefixLen":0,"IPAddress":"172.17.0.2","IPPrefixLen":16,"IPv6Gateway":"","MacAddress":"02:42:ac:11:00:02","Networks":{"bridge":{"IPAMConfig":null,"Links":null,"Aliases":null,"NetworkID":"efdbf560175b2fea9530e9bd81555f23f020db58853647978dae51acf69f47b1","EndpointID":"b8f7dbbac7be8af7c48fba357670a85a671dfbf820be40d1600bcb01fd3b63dd","Gateway":"172.17.0.1","IPAddress":"172.17.0.2","IPPrefixLen":16,"IPv6Gateway":"","GlobalIPv6Address":"","GlobalIPv6PrefixLen":0,"MacAddress":"02:42:ac:11:00:02"}}}}


04:01:34.775 [Test worker] DEBUG o.a.h.i.c.DefaultManagedHttpClientConnection - http-outgoing-13: Close connection
04:01:34.781 [Test worker] DEBUG o.a.h.impl.execchain.MainClientExec - Connection discarded
04:01:34.781 [Test worker] DEBUG c.g.d.j.JerseyDockerCmdExecFactory$1 - Connection released: [id: 13][route: {s}->https://Thesis:2376][total kept alive: 1; route allocated: 1 of 2; total allocated: 1 of 20]
04:01:34.781 [Test worker] DEBUG org.apache.http.wire - http-outgoing-13 << "[read] I/O error: Socket is closed"
Inspection result : com.github.dockerjava.api.command.InspectContainerResponse$ContainerState@7b22bfc2[status=running,running=true,paused=false,restarting=false,oomKilled=false,dead=false,pid=18657,exitCode=0,error=,startedAt=2016-12-21T03:01:34.621952488Z,finishedAt=0001-01-01T00:00:00Z]
Cert Path : null
04:01:34.787 [Test worker] DEBUG c.g.d.core.command.AbstrDockerCmd - Cmd: ListImagesCmdImpl[imageNameFilter=<null>,showAll=true,filters=com.github.dockerjava.core.util.FiltersBuilder@0,execution=com.github.dockerjava.jaxrs.ListImagesCmdExec@5c755839]
04:01:34.809 [Test worker] DEBUG c.g.d.j.JerseyDockerCmdExecFactory - 1 * Sending client request on thread Test worker
1 > GET https://Thesis:2376/images/json?all=true
1 > Accept: application/json

04:01:34.810 [Test worker] DEBUG o.a.h.c.protocol.RequestAddCookies - CookieSpec selected: default
04:01:34.811 [Test worker] DEBUG o.a.h.c.protocol.RequestAuthCache - Auth cache not set in the context
04:01:34.811 [Test worker] DEBUG c.g.d.j.JerseyDockerCmdExecFactory$1 - Connection request: [route: {s}->https://Thesis:2376][total kept alive: 0; route allocated: 0 of 2; total allocated: 0 of 20]
04:01:34.814 [Test worker] DEBUG c.g.d.j.JerseyDockerCmdExecFactory$1 - Connection leased: [id: 14][route: {s}->https://Thesis:2376][total kept alive: 0; route allocated: 1 of 2; total allocated: 1 of 20]
04:01:34.815 [Test worker] DEBUG o.a.h.impl.execchain.MainClientExec - Opening connection {s}->https://Thesis:2376
04:01:34.815 [Test worker] DEBUG o.a.h.i.c.DefaultHttpClientConnectionOperator - Connecting to Thesis/127.0.1.1:2376
04:01:34.815 [Test worker] DEBUG o.a.h.c.s.SSLConnectionSocketFactory - Connecting socket to Thesis/127.0.1.1:2376 with timeout 0
04:01:34.822 [Test worker] DEBUG o.a.h.c.s.SSLConnectionSocketFactory - Enabled protocols: [TLSv1]
04:01:34.822 [Test worker] DEBUG o.a.h.c.s.SSLConnectionSocketFactory - Enabled cipher suites:[TLS_ECDHE_ECDSA_WITH_AES_128_CBC_SHA, TLS_ECDHE_RSA_WITH_AES_128_CBC_SHA, TLS_RSA_WITH_AES_128_CBC_SHA, TLS_ECDH_ECDSA_WITH_AES_128_CBC_SHA, TLS_ECDH_RSA_WITH_AES_128_CBC_SHA, TLS_DHE_RSA_WITH_AES_128_CBC_SHA, TLS_DHE_DSS_WITH_AES_128_CBC_SHA, TLS_ECDHE_ECDSA_WITH_3DES_EDE_CBC_SHA, TLS_ECDHE_RSA_WITH_3DES_EDE_CBC_SHA, SSL_RSA_WITH_3DES_EDE_CBC_SHA, TLS_ECDH_ECDSA_WITH_3DES_EDE_CBC_SHA, TLS_ECDH_RSA_WITH_3DES_EDE_CBC_SHA, SSL_DHE_RSA_WITH_3DES_EDE_CBC_SHA, SSL_DHE_DSS_WITH_3DES_EDE_CBC_SHA, TLS_ECDHE_ECDSA_WITH_RC4_128_SHA, TLS_ECDHE_RSA_WITH_RC4_128_SHA, SSL_RSA_WITH_RC4_128_SHA, TLS_ECDH_ECDSA_WITH_RC4_128_SHA, TLS_ECDH_RSA_WITH_RC4_128_SHA, SSL_RSA_WITH_RC4_128_MD5, TLS_EMPTY_RENEGOTIATION_INFO_SCSV]
04:01:34.823 [Test worker] DEBUG o.a.h.c.s.SSLConnectionSocketFactory - Starting handshake
04:01:34.888 [Test worker] DEBUG o.a.h.c.s.SSLConnectionSocketFactory - Secure session established
04:01:34.889 [Test worker] DEBUG o.a.h.c.s.SSLConnectionSocketFactory -  negotiated protocol: TLSv1
04:01:34.889 [Test worker] DEBUG o.a.h.c.s.SSLConnectionSocketFactory -  negotiated cipher suite: TLS_ECDHE_RSA_WITH_AES_128_CBC_SHA
04:01:34.889 [Test worker] DEBUG o.a.h.c.s.SSLConnectionSocketFactory -  peer principal: CN=Thesis
04:01:34.889 [Test worker] DEBUG o.a.h.c.s.SSLConnectionSocketFactory -  issuer principal: EMAILADDRESS=sha@yamil.com, CN=Thesis, OU=Open, O=Fra, L=BER, ST=BER, C=DE
04:01:34.890 [Test worker] DEBUG o.a.h.i.c.DefaultHttpClientConnectionOperator - Connection established 127.0.0.1:60958<->127.0.1.1:2376
04:01:34.890 [Test worker] DEBUG o.a.h.impl.execchain.MainClientExec - Executing request GET /images/json?all=true HTTP/1.1
04:01:34.890 [Test worker] DEBUG o.a.h.impl.execchain.MainClientExec - Target auth state: UNCHALLENGED
04:01:34.890 [Test worker] DEBUG o.a.h.impl.execchain.MainClientExec - Proxy auth state: UNCHALLENGED
04:01:34.890 [Test worker] DEBUG org.apache.http.headers - http-outgoing-14 >> GET /images/json?all=true HTTP/1.1
04:01:34.890 [Test worker] DEBUG org.apache.http.headers - http-outgoing-14 >> Accept: application/json
04:01:34.891 [Test worker] DEBUG org.apache.http.headers - http-outgoing-14 >> User-Agent: Jersey/2.23.1 (Apache HttpClient 4.5.1)
04:01:34.891 [Test worker] DEBUG org.apache.http.headers - http-outgoing-14 >> Host: Thesis:2376
04:01:34.891 [Test worker] DEBUG org.apache.http.headers - http-outgoing-14 >> Connection: Keep-Alive
04:01:34.891 [Test worker] DEBUG org.apache.http.headers - http-outgoing-14 >> Accept-Encoding: gzip,deflate
04:01:34.891 [Test worker] DEBUG org.apache.http.wire - http-outgoing-14 >> "GET /images/json?all=true HTTP/1.1[\r][\n]"
04:01:34.891 [Test worker] DEBUG org.apache.http.wire - http-outgoing-14 >> "Accept: application/json[\r][\n]"
04:01:34.891 [Test worker] DEBUG org.apache.http.wire - http-outgoing-14 >> "User-Agent: Jersey/2.23.1 (Apache HttpClient 4.5.1)[\r][\n]"
04:01:34.892 [Test worker] DEBUG org.apache.http.wire - http-outgoing-14 >> "Host: Thesis:2376[\r][\n]"
04:01:34.892 [Test worker] DEBUG org.apache.http.wire - http-outgoing-14 >> "Connection: Keep-Alive[\r][\n]"
04:01:34.892 [Test worker] DEBUG org.apache.http.wire - http-outgoing-14 >> "Accept-Encoding: gzip,deflate[\r][\n]"
04:01:34.892 [Test worker] DEBUG org.apache.http.wire - http-outgoing-14 >> "[\r][\n]"
04:01:34.893 [Test worker] DEBUG org.apache.http.wire - http-outgoing-14 << "H"
04:01:34.894 [Test worker] DEBUG org.apache.http.wire - http-outgoing-14 << "TTP/1.1 200 OK[\r][\n]"
04:01:34.894 [Test worker] DEBUG org.apache.http.wire - http-outgoing-14 << "Content-Type: application/json[\r][\n]"
04:01:34.894 [Test worker] DEBUG org.apache.http.wire - http-outgoing-14 << "Server: Docker/1.12.3 (linux)[\r][\n]"
04:01:34.894 [Test worker] DEBUG org.apache.http.wire - http-outgoing-14 << "Date: Wed, 21 Dec 2016 03:01:34 GMT[\r][\n]"
04:01:34.894 [Test worker] DEBUG org.apache.http.wire - http-outgoing-14 << "Content-Length: 1490[\r][\n]"
04:01:34.894 [Test worker] DEBUG org.apache.http.wire - http-outgoing-14 << "[\r][\n]"
04:01:34.895 [Test worker] DEBUG org.apache.http.wire - http-outgoing-14 << "[{"Id":"sha256:4ca3a192ff2a5b7e225e81dc006b6379c10776ed3619757a65608cb72de0a7f6","ParentId":"","RepoTags":["ubuntu:latest"],"RepoDigests":["ubuntu@sha256:3b64c309deae7ab0f7dbdd42b6b326261ccd6261da5d88396439353162703fb5"],"Created":1480449877,"Size":128206574,"VirtualSize":128206574,"Labels":{}},{"Id":"sha256:aae2b63c49461fcae4962e4a8043f66acf8e3af7e62f5ebceb70b181d8ca01e0","ParentId":"","RepoTags":["ubuntu:14.04"],"RepoDigests":["ubuntu@sha256:edb984703bd3e8981ff541a5b9297ca1b81fde6e6e8094d86e390a38ebc30b4d"],"Created":1480449856,"Size":187952254,"VirtualSize":187952254,"Labels":{}},{"Id":"sha256:e02e811dd08fd49e7f6032625495118e63f597eb150403d02e3238af1df240ba","ParentId":"","RepoTags":["busybox:latest"],"RepoDigests":["busybox@sha256:29f5d56d12684887bdfa50dcd29fc31eea4aaf4ad3bec43daf19026a7ce69912"],"Created":1475874238,"Size":1093484,"VirtualSize":1093484,"Labels":{}},{"Id":"sha256:d654de4499473ed41349b54a988b6f46a7fc92e3fa2d61e102bf2660a0116e25","ParentId":"","RepoTags":["sakib37/iperf3:latest"],"RepoDigests":["sakib37/iperf3@sha256:8d80a810f8f508c074b14d02555f20110eac382c8dbda7252075392983629d40"],"Created":1474907599,"Size":199456654,"VirtualSize":199456654,"Labels":{}},{"Id":"sha256:c54a2cc56cbb2f04003c1cd4507e118af7c0d340fe7e2720f70976c4b75237dc","ParentId":"","RepoTags":["hello-world:latest"],"RepoDigests":["hello-world@sha256:0256e8a36e2070f7bf2d0b0763dbabdd67798512411de4cdcf9431a1feb60fd9"],"Created":1467401967,"Size":1848,"VirtualSize":1848,"Labels":{}}][\n]"
04:01:34.895 [Test worker] DEBUG org.apache.http.headers - http-outgoing-14 << HTTP/1.1 200 OK
04:01:34.895 [Test worker] DEBUG org.apache.http.headers - http-outgoing-14 << Content-Type: application/json
04:01:34.895 [Test worker] DEBUG org.apache.http.headers - http-outgoing-14 << Server: Docker/1.12.3 (linux)
04:01:34.895 [Test worker] DEBUG org.apache.http.headers - http-outgoing-14 << Date: Wed, 21 Dec 2016 03:01:34 GMT
04:01:34.895 [Test worker] DEBUG org.apache.http.headers - http-outgoing-14 << Content-Length: 1490
04:01:34.896 [Test worker] DEBUG o.a.h.impl.execchain.MainClientExec - Connection can be kept alive indefinitely
04:01:34.896 [Test worker] DEBUG c.g.d.j.JerseyDockerCmdExecFactory - 2 * Client response received on thread Test worker
2 < 200
2 < Content-Length: 1490
2 < Content-Type: application/json
2 < Date: Wed, 21 Dec 2016 03:01:34 GMT
2 < Server: Docker/1.12.3 (linux)
[{"Id":"sha256:4ca3a192ff2a5b7e225e81dc006b6379c10776ed3619757a65608cb72de0a7f6","ParentId":"","RepoTags":["ubuntu:latest"],"RepoDigests":["ubuntu@sha256:3b64c309deae7ab0f7dbdd42b6b326261ccd6261da5d88396439353162703fb5"],"Created":1480449877,"Size":128206574,"VirtualSize":128206574,"Labels":{}},{"Id":"sha256:aae2b63c49461fcae4962e4a8043f66acf8e3af7e62f5ebceb70b181d8ca01e0","ParentId":"","RepoTags":["ubuntu:14.04"],"RepoDigests":["ubuntu@sha256:edb984703bd3e8981ff541a5b9297ca1b81fde6e6e8094d86e390a38ebc30b4d"],"Created":1480449856,"Size":187952254,"VirtualSize":187952254,"Labels":{}},{"Id":"sha256:e02e811dd08fd49e7f6032625495118e63f597eb150403d02e3238af1df240ba","ParentId":"","RepoTags":["busybox:latest"],"RepoDigests":["busybox@sha256:29f5d56d12684887bdfa50dcd29fc31eea4aaf4ad3bec43daf19026a7ce69912"],"Created":1475874238,"Size":1093484,"VirtualSize":1093484,"Labels":{}},{"Id":"sha256:d654de4499473ed41349b54a988b6f46a7fc92e3fa2d61e102bf2660a0116e25","ParentId":"","RepoTags":["sakib37/iperf3:latest"],"RepoDigests":["sakib37/iperf3@sha256:8d80a810f8f508c074b14d02555f20110eac382c8dbda7252075392983629d40"],"Created":1474907599,"Size":199456654,"VirtualSize":199456654,"Labels":{}},{"Id":"sha256:c54a2cc56cbb2f04003c1cd4507e118af7c0d340fe7e2720f70976c4b75237dc","ParentId":"","RepoTags":["hello-world:latest"],"RepoDigests":["hello-world@sha256:0256e8a36e2070f7bf2d0b0763dbabdd67798512411de4cdcf9431a1feb60fd9"],"Created":1467401967,"Size":1848,"VirtualSize":1848,"Labels":{}}]


04:01:34.899 [Test worker] DEBUG o.a.h.i.c.DefaultManagedHttpClientConnection - http-outgoing-14: Close connection
04:01:34.899 [Test worker] DEBUG o.a.h.impl.execchain.MainClientExec - Connection discarded
04:01:34.900 [Test worker] DEBUG c.g.d.j.JerseyDockerCmdExecFactory$1 - Connection released: [id: 14][route: {s}->https://Thesis:2376][total kept alive: 0; route allocated: 0 of 2; total allocated: 0 of 20]
Finding launched container Image: ubuntu:latest
Image without tagfalse
Finding launched container Image: ubuntu:14.04
Image without tagfalse
04:01:34.900 [Test worker] DEBUG org.openbaton.docker.DockerVim - Found a docker image, transformed into a NFV Image Image{id='sha256:aae2b63c49461fcae4962e4a8043f66acf8e3af7e62f5ebceb70b181d8ca01e0', name='ubuntu:14.04', version=0, extId='null', minRam='0', minDiskSpace='0', minCPU='null', public='true', diskFormat='null', containerFormat='docker', created='Sun Jan 18 04:14:09 CET 1970', updated='null'}
Cert Path : null
Cert Path : null
04:01:34.915 [Test worker] DEBUG c.g.d.core.command.AbstrDockerCmd - Cmd: ListImagesCmdImpl[imageNameFilter=<null>,showAll=true,filters=com.github.dockerjava.core.util.FiltersBuilder@0,execution=com.github.dockerjava.jaxrs.ListImagesCmdExec@8e9b976]
04:01:34.949 [Test worker] DEBUG c.g.d.j.JerseyDockerCmdExecFactory - 1 * Sending client request on thread Test worker
1 > GET https://Thesis:2376/images/json?all=true
1 > Accept: application/json

04:01:34.950 [Test worker] DEBUG o.a.h.c.protocol.RequestAddCookies - CookieSpec selected: default
04:01:34.950 [Test worker] DEBUG o.a.h.c.protocol.RequestAuthCache - Auth cache not set in the context
04:01:34.951 [Test worker] DEBUG c.g.d.j.JerseyDockerCmdExecFactory$1 - Connection request: [route: {s}->https://Thesis:2376][total kept alive: 0; route allocated: 0 of 2; total allocated: 0 of 20]
04:01:34.951 [Test worker] DEBUG c.g.d.j.JerseyDockerCmdExecFactory$1 - Connection leased: [id: 15][route: {s}->https://Thesis:2376][total kept alive: 0; route allocated: 1 of 2; total allocated: 1 of 20]
04:01:34.951 [Test worker] DEBUG o.a.h.impl.execchain.MainClientExec - Opening connection {s}->https://Thesis:2376
04:01:34.951 [Test worker] DEBUG o.a.h.i.c.DefaultHttpClientConnectionOperator - Connecting to Thesis/127.0.1.1:2376
04:01:34.951 [Test worker] DEBUG o.a.h.c.s.SSLConnectionSocketFactory - Connecting socket to Thesis/127.0.1.1:2376 with timeout 0
04:01:34.953 [Test worker] DEBUG o.a.h.c.s.SSLConnectionSocketFactory - Enabled protocols: [TLSv1]
04:01:34.953 [Test worker] DEBUG o.a.h.c.s.SSLConnectionSocketFactory - Enabled cipher suites:[TLS_ECDHE_ECDSA_WITH_AES_128_CBC_SHA, TLS_ECDHE_RSA_WITH_AES_128_CBC_SHA, TLS_RSA_WITH_AES_128_CBC_SHA, TLS_ECDH_ECDSA_WITH_AES_128_CBC_SHA, TLS_ECDH_RSA_WITH_AES_128_CBC_SHA, TLS_DHE_RSA_WITH_AES_128_CBC_SHA, TLS_DHE_DSS_WITH_AES_128_CBC_SHA, TLS_ECDHE_ECDSA_WITH_3DES_EDE_CBC_SHA, TLS_ECDHE_RSA_WITH_3DES_EDE_CBC_SHA, SSL_RSA_WITH_3DES_EDE_CBC_SHA, TLS_ECDH_ECDSA_WITH_3DES_EDE_CBC_SHA, TLS_ECDH_RSA_WITH_3DES_EDE_CBC_SHA, SSL_DHE_RSA_WITH_3DES_EDE_CBC_SHA, SSL_DHE_DSS_WITH_3DES_EDE_CBC_SHA, TLS_ECDHE_ECDSA_WITH_RC4_128_SHA, TLS_ECDHE_RSA_WITH_RC4_128_SHA, SSL_RSA_WITH_RC4_128_SHA, TLS_ECDH_ECDSA_WITH_RC4_128_SHA, TLS_ECDH_RSA_WITH_RC4_128_SHA, SSL_RSA_WITH_RC4_128_MD5, TLS_EMPTY_RENEGOTIATION_INFO_SCSV]
04:01:34.953 [Test worker] DEBUG o.a.h.c.s.SSLConnectionSocketFactory - Starting handshake
04:01:35.023 [Test worker] DEBUG o.a.h.c.s.SSLConnectionSocketFactory - Secure session established
04:01:35.023 [Test worker] DEBUG o.a.h.c.s.SSLConnectionSocketFactory -  negotiated protocol: TLSv1
04:01:35.023 [Test worker] DEBUG o.a.h.c.s.SSLConnectionSocketFactory -  negotiated cipher suite: TLS_ECDHE_RSA_WITH_AES_128_CBC_SHA
04:01:35.023 [Test worker] DEBUG o.a.h.c.s.SSLConnectionSocketFactory -  peer principal: CN=Thesis
04:01:35.023 [Test worker] DEBUG o.a.h.c.s.SSLConnectionSocketFactory -  issuer principal: EMAILADDRESS=sha@yamil.com, CN=Thesis, OU=Open, O=Fra, L=BER, ST=BER, C=DE
04:01:35.024 [Test worker] DEBUG o.a.h.i.c.DefaultHttpClientConnectionOperator - Connection established 127.0.0.1:60960<->127.0.1.1:2376
04:01:35.024 [Test worker] DEBUG o.a.h.impl.execchain.MainClientExec - Executing request GET /images/json?all=true HTTP/1.1
04:01:35.024 [Test worker] DEBUG o.a.h.impl.execchain.MainClientExec - Target auth state: UNCHALLENGED
04:01:35.024 [Test worker] DEBUG o.a.h.impl.execchain.MainClientExec - Proxy auth state: UNCHALLENGED
04:01:35.024 [Test worker] DEBUG org.apache.http.headers - http-outgoing-15 >> GET /images/json?all=true HTTP/1.1
04:01:35.025 [Test worker] DEBUG org.apache.http.headers - http-outgoing-15 >> Accept: application/json
04:01:35.025 [Test worker] DEBUG org.apache.http.headers - http-outgoing-15 >> User-Agent: Jersey/2.23.1 (Apache HttpClient 4.5.1)
04:01:35.025 [Test worker] DEBUG org.apache.http.headers - http-outgoing-15 >> Host: Thesis:2376
04:01:35.025 [Test worker] DEBUG org.apache.http.headers - http-outgoing-15 >> Connection: Keep-Alive
04:01:35.025 [Test worker] DEBUG org.apache.http.headers - http-outgoing-15 >> Accept-Encoding: gzip,deflate
04:01:35.025 [Test worker] DEBUG org.apache.http.wire - http-outgoing-15 >> "GET /images/json?all=true HTTP/1.1[\r][\n]"
04:01:35.026 [Test worker] DEBUG org.apache.http.wire - http-outgoing-15 >> "Accept: application/json[\r][\n]"
04:01:35.026 [Test worker] DEBUG org.apache.http.wire - http-outgoing-15 >> "User-Agent: Jersey/2.23.1 (Apache HttpClient 4.5.1)[\r][\n]"
04:01:35.026 [Test worker] DEBUG org.apache.http.wire - http-outgoing-15 >> "Host: Thesis:2376[\r][\n]"
04:01:35.029 [Test worker] DEBUG org.apache.http.wire - http-outgoing-15 >> "Connection: Keep-Alive[\r][\n]"
04:01:35.029 [Test worker] DEBUG org.apache.http.wire - http-outgoing-15 >> "Accept-Encoding: gzip,deflate[\r][\n]"
04:01:35.030 [Test worker] DEBUG org.apache.http.wire - http-outgoing-15 >> "[\r][\n]"
04:01:35.031 [Test worker] DEBUG org.apache.http.wire - http-outgoing-15 << "H"
04:01:35.031 [Test worker] DEBUG org.apache.http.wire - http-outgoing-15 << "TTP/1.1 200 OK[\r][\n]"
04:01:35.031 [Test worker] DEBUG org.apache.http.wire - http-outgoing-15 << "Content-Type: application/json[\r][\n]"
04:01:35.031 [Test worker] DEBUG org.apache.http.wire - http-outgoing-15 << "Server: Docker/1.12.3 (linux)[\r][\n]"
04:01:35.031 [Test worker] DEBUG org.apache.http.wire - http-outgoing-15 << "Date: Wed, 21 Dec 2016 03:01:35 GMT[\r][\n]"
04:01:35.032 [Test worker] DEBUG org.apache.http.wire - http-outgoing-15 << "Content-Length: 1490[\r][\n]"
04:01:35.032 [Test worker] DEBUG org.apache.http.wire - http-outgoing-15 << "[\r][\n]"
04:01:35.032 [Test worker] DEBUG org.apache.http.wire - http-outgoing-15 << "[{"Id":"sha256:4ca3a192ff2a5b7e225e81dc006b6379c10776ed3619757a65608cb72de0a7f6","ParentId":"","RepoTags":["ubuntu:latest"],"RepoDigests":["ubuntu@sha256:3b64c309deae7ab0f7dbdd42b6b326261ccd6261da5d88396439353162703fb5"],"Created":1480449877,"Size":128206574,"VirtualSize":128206574,"Labels":{}},{"Id":"sha256:aae2b63c49461fcae4962e4a8043f66acf8e3af7e62f5ebceb70b181d8ca01e0","ParentId":"","RepoTags":["ubuntu:14.04"],"RepoDigests":["ubuntu@sha256:edb984703bd3e8981ff541a5b9297ca1b81fde6e6e8094d86e390a38ebc30b4d"],"Created":1480449856,"Size":187952254,"VirtualSize":187952254,"Labels":{}},{"Id":"sha256:e02e811dd08fd49e7f6032625495118e63f597eb150403d02e3238af1df240ba","ParentId":"","RepoTags":["busybox:latest"],"RepoDigests":["busybox@sha256:29f5d56d12684887bdfa50dcd29fc31eea4aaf4ad3bec43daf19026a7ce69912"],"Created":1475874238,"Size":1093484,"VirtualSize":1093484,"Labels":{}},{"Id":"sha256:d654de4499473ed41349b54a988b6f46a7fc92e3fa2d61e102bf2660a0116e25","ParentId":"","RepoTags":["sakib37/iperf3:latest"],"RepoDigests":["sakib37/iperf3@sha256:8d80a810f8f508c074b14d02555f20110eac382c8dbda7252075392983629d40"],"Created":1474907599,"Size":199456654,"VirtualSize":199456654,"Labels":{}},{"Id":"sha256:c54a2cc56cbb2f04003c1cd4507e118af7c0d340fe7e2720f70976c4b75237dc","ParentId":"","RepoTags":["hello-world:latest"],"RepoDigests":["hello-world@sha256:0256e8a36e2070f7bf2d0b0763dbabdd67798512411de4cdcf9431a1feb60fd9"],"Created":1467401967,"Size":1848,"VirtualSize":1848,"Labels":{}}][\n]"
04:01:35.032 [Test worker] DEBUG org.apache.http.headers - http-outgoing-15 << HTTP/1.1 200 OK
04:01:35.032 [Test worker] DEBUG org.apache.http.headers - http-outgoing-15 << Content-Type: application/json
04:01:35.032 [Test worker] DEBUG org.apache.http.headers - http-outgoing-15 << Server: Docker/1.12.3 (linux)
04:01:35.033 [Test worker] DEBUG org.apache.http.headers - http-outgoing-15 << Date: Wed, 21 Dec 2016 03:01:35 GMT
04:01:35.033 [Test worker] DEBUG org.apache.http.headers - http-outgoing-15 << Content-Length: 1490
04:01:35.033 [Test worker] DEBUG o.a.h.impl.execchain.MainClientExec - Connection can be kept alive indefinitely
04:01:35.033 [Test worker] DEBUG c.g.d.j.JerseyDockerCmdExecFactory - 2 * Client response received on thread Test worker
2 < 200
2 < Content-Length: 1490
2 < Content-Type: application/json
2 < Date: Wed, 21 Dec 2016 03:01:35 GMT
2 < Server: Docker/1.12.3 (linux)
[{"Id":"sha256:4ca3a192ff2a5b7e225e81dc006b6379c10776ed3619757a65608cb72de0a7f6","ParentId":"","RepoTags":["ubuntu:latest"],"RepoDigests":["ubuntu@sha256:3b64c309deae7ab0f7dbdd42b6b326261ccd6261da5d88396439353162703fb5"],"Created":1480449877,"Size":128206574,"VirtualSize":128206574,"Labels":{}},{"Id":"sha256:aae2b63c49461fcae4962e4a8043f66acf8e3af7e62f5ebceb70b181d8ca01e0","ParentId":"","RepoTags":["ubuntu:14.04"],"RepoDigests":["ubuntu@sha256:edb984703bd3e8981ff541a5b9297ca1b81fde6e6e8094d86e390a38ebc30b4d"],"Created":1480449856,"Size":187952254,"VirtualSize":187952254,"Labels":{}},{"Id":"sha256:e02e811dd08fd49e7f6032625495118e63f597eb150403d02e3238af1df240ba","ParentId":"","RepoTags":["busybox:latest"],"RepoDigests":["busybox@sha256:29f5d56d12684887bdfa50dcd29fc31eea4aaf4ad3bec43daf19026a7ce69912"],"Created":1475874238,"Size":1093484,"VirtualSize":1093484,"Labels":{}},{"Id":"sha256:d654de4499473ed41349b54a988b6f46a7fc92e3fa2d61e102bf2660a0116e25","ParentId":"","RepoTags":["sakib37/iperf3:latest"],"RepoDigests":["sakib37/iperf3@sha256:8d80a810f8f508c074b14d02555f20110eac382c8dbda7252075392983629d40"],"Created":1474907599,"Size":199456654,"VirtualSize":199456654,"Labels":{}},{"Id":"sha256:c54a2cc56cbb2f04003c1cd4507e118af7c0d340fe7e2720f70976c4b75237dc","ParentId":"","RepoTags":["hello-world:latest"],"RepoDigests":["hello-world@sha256:0256e8a36e2070f7bf2d0b0763dbabdd67798512411de4cdcf9431a1feb60fd9"],"Created":1467401967,"Size":1848,"VirtualSize":1848,"Labels":{}}]


04:01:35.037 [Test worker] DEBUG o.a.h.i.c.DefaultManagedHttpClientConnection - http-outgoing-15: Close connection
04:01:35.037 [Test worker] DEBUG o.a.h.impl.execchain.MainClientExec - Connection discarded
04:01:35.037 [Test worker] DEBUG c.g.d.j.JerseyDockerCmdExecFactory$1 - Connection released: [id: 15][route: {s}->https://Thesis:2376][total kept alive: 0; route allocated: 0 of 2; total allocated: 0 of 20]
04:01:35.037 [Test worker] DEBUG c.g.d.core.command.AbstrDockerCmd - Cmd: com.github.dockerjava.core.command.CreateContainerCmdImpl@5269924c[name=MyContainer2,hostName=Openbaton,domainName=<null>,user=<null>,attachStdin=<null>,attachStdout=<null>,attachStderr=<null>,portSpecs=<null>,tty=<null>,stdinOpen=<null>,stdInOnce=<null>,env={port=8080},cmd={sleep,99999},entrypoint=<null>,image=ubuntu:14.04,volumes=com.github.dockerjava.api.model.Volumes@1103e5d9,workingDir=<null>,macAddress=<null>,networkDisabled=<null>,exposedPorts=com.github.dockerjava.api.model.ExposedPorts@16e71249,stopSignal=<null>,hostConfig=com.github.dockerjava.api.model.HostConfig@1c61825e[binds=<null>,blkioWeight=<null>,blkioWeightDevice=<null>,blkioDeviceReadBps=<null>,blkioDeviceReadIOps=<null>,blkioDeviceWriteBps=<null>,blkioDeviceWriteIOps=<null>,memorySwappiness=<null>,capAdd=<null>,capDrop=<null>,containerIDFile=<null>,cpuPeriod=<null>,cpuShares=<null>,cpuQuota=<null>,cpusetCpus=<null>,cpusetMems=<null>,devices=<null>,dns=<null>,dnsSearch=<null>,extraHosts=<null>,links=<null>,logConfig=<null>,lxcConf=<null>,memory=<null>,memorySwap=<null>,memoryReservation=<null>,kernelMemory=<null>,networkMode=<null>,oomKillDisable=<null>,oomScoreAdj=<null>,portBindings={8085/tcp=[Lcom.github.dockerjava.api.model.Ports$Binding;@18d23902},privileged=<null>,publishAllPorts=<null>,readonlyRootfs=<null>,restartPolicy=<null>,ulimits=<null>,volumesFrom=<null>,pidMode=<null>,securityOpts=<null>,cgroupParent=<null>,volumeDriver=<null>,shmSize=<null>],labels=<null>,networkingConfig=<null>,ipv4Address=<null>,ipv6Address=<null>,aliases=<null>,execution=com.github.dockerjava.jaxrs.CreateContainerCmdExec@2da4b6e1]
04:01:35.059 [Test worker] DEBUG o.a.h.c.protocol.RequestAddCookies - CookieSpec selected: default
04:01:35.061 [Test worker] DEBUG o.a.h.c.protocol.RequestAuthCache - Auth cache not set in the context
04:01:35.061 [Test worker] DEBUG c.g.d.j.JerseyDockerCmdExecFactory$1 - Connection request: [route: {s}->https://Thesis:2376][total kept alive: 0; route allocated: 0 of 2; total allocated: 0 of 20]
04:01:35.061 [Test worker] DEBUG c.g.d.j.JerseyDockerCmdExecFactory$1 - Connection leased: [id: 16][route: {s}->https://Thesis:2376][total kept alive: 0; route allocated: 1 of 2; total allocated: 1 of 20]
04:01:35.061 [Test worker] DEBUG o.a.h.impl.execchain.MainClientExec - Opening connection {s}->https://Thesis:2376
04:01:35.061 [Test worker] DEBUG o.a.h.i.c.DefaultHttpClientConnectionOperator - Connecting to Thesis/127.0.1.1:2376
04:01:35.062 [Test worker] DEBUG o.a.h.c.s.SSLConnectionSocketFactory - Connecting socket to Thesis/127.0.1.1:2376 with timeout 0
04:01:35.063 [Test worker] DEBUG o.a.h.c.s.SSLConnectionSocketFactory - Enabled protocols: [TLSv1]
04:01:35.063 [Test worker] DEBUG o.a.h.c.s.SSLConnectionSocketFactory - Enabled cipher suites:[TLS_ECDHE_ECDSA_WITH_AES_128_CBC_SHA, TLS_ECDHE_RSA_WITH_AES_128_CBC_SHA, TLS_RSA_WITH_AES_128_CBC_SHA, TLS_ECDH_ECDSA_WITH_AES_128_CBC_SHA, TLS_ECDH_RSA_WITH_AES_128_CBC_SHA, TLS_DHE_RSA_WITH_AES_128_CBC_SHA, TLS_DHE_DSS_WITH_AES_128_CBC_SHA, TLS_ECDHE_ECDSA_WITH_3DES_EDE_CBC_SHA, TLS_ECDHE_RSA_WITH_3DES_EDE_CBC_SHA, SSL_RSA_WITH_3DES_EDE_CBC_SHA, TLS_ECDH_ECDSA_WITH_3DES_EDE_CBC_SHA, TLS_ECDH_RSA_WITH_3DES_EDE_CBC_SHA, SSL_DHE_RSA_WITH_3DES_EDE_CBC_SHA, SSL_DHE_DSS_WITH_3DES_EDE_CBC_SHA, TLS_ECDHE_ECDSA_WITH_RC4_128_SHA, TLS_ECDHE_RSA_WITH_RC4_128_SHA, SSL_RSA_WITH_RC4_128_SHA, TLS_ECDH_ECDSA_WITH_RC4_128_SHA, TLS_ECDH_RSA_WITH_RC4_128_SHA, SSL_RSA_WITH_RC4_128_MD5, TLS_EMPTY_RENEGOTIATION_INFO_SCSV]
04:01:35.063 [Test worker] DEBUG o.a.h.c.s.SSLConnectionSocketFactory - Starting handshake
04:01:35.189 [Test worker] DEBUG o.a.h.c.s.SSLConnectionSocketFactory - Secure session established
04:01:35.189 [Test worker] DEBUG o.a.h.c.s.SSLConnectionSocketFactory -  negotiated protocol: TLSv1
04:01:35.190 [Test worker] DEBUG o.a.h.c.s.SSLConnectionSocketFactory -  negotiated cipher suite: TLS_ECDHE_RSA_WITH_AES_128_CBC_SHA
04:01:35.190 [Test worker] DEBUG o.a.h.c.s.SSLConnectionSocketFactory -  peer principal: CN=Thesis
04:01:35.190 [Test worker] DEBUG o.a.h.c.s.SSLConnectionSocketFactory -  issuer principal: EMAILADDRESS=sha@yamil.com, CN=Thesis, OU=Open, O=Fra, L=BER, ST=BER, C=DE
04:01:35.190 [Test worker] DEBUG o.a.h.i.c.DefaultHttpClientConnectionOperator - Connection established 127.0.0.1:60962<->127.0.1.1:2376
04:01:35.190 [Test worker] DEBUG o.a.h.impl.execchain.MainClientExec - Executing request POST /containers/create?name=MyContainer2 HTTP/1.1
04:01:35.191 [Test worker] DEBUG o.a.h.impl.execchain.MainClientExec - Target auth state: UNCHALLENGED
04:01:35.191 [Test worker] DEBUG o.a.h.impl.execchain.MainClientExec - Proxy auth state: UNCHALLENGED
04:01:35.191 [Test worker] DEBUG org.apache.http.headers - http-outgoing-16 >> POST /containers/create?name=MyContainer2 HTTP/1.1
04:01:35.191 [Test worker] DEBUG org.apache.http.headers - http-outgoing-16 >> Accept: application/json
04:01:35.191 [Test worker] DEBUG org.apache.http.headers - http-outgoing-16 >> Content-Type: application/json
04:01:35.192 [Test worker] DEBUG org.apache.http.headers - http-outgoing-16 >> User-Agent: Jersey/2.23.1 (Apache HttpClient 4.5.1)
04:01:35.192 [Test worker] DEBUG org.apache.http.headers - http-outgoing-16 >> Transfer-Encoding: chunked
04:01:35.192 [Test worker] DEBUG org.apache.http.headers - http-outgoing-16 >> Host: Thesis:2376
04:01:35.192 [Test worker] DEBUG org.apache.http.headers - http-outgoing-16 >> Connection: Keep-Alive
04:01:35.192 [Test worker] DEBUG org.apache.http.headers - http-outgoing-16 >> Accept-Encoding: gzip,deflate
04:01:35.255 [Test worker] DEBUG c.g.d.j.JerseyDockerCmdExecFactory - 1 * Sending client request on thread Test worker
1 > POST https://Thesis:2376/containers/create?name=MyContainer2
1 > Accept: application/json
1 > Content-Type: application/json
{"name":"MyContainer2","Hostname":"Openbaton","Env":["port=8080"],"Cmd":["sleep","99999"],"Image":"ubuntu:14.04","Volumes":{},"ExposedPorts":{"8085/tcp":{}},"HostConfig":{"PortBindings":{"8085/tcp":[{"HostIp":"","HostPort":"8085"}]}}}

04:01:35.260 [Test worker] DEBUG org.apache.http.wire - http-outgoing-16 >> "POST /containers/create?name=MyContainer2 HTTP/1.1[\r][\n]"
04:01:35.260 [Test worker] DEBUG org.apache.http.wire - http-outgoing-16 >> "Accept: application/json[\r][\n]"
04:01:35.263 [Test worker] DEBUG org.apache.http.wire - http-outgoing-16 >> "Content-Type: application/json[\r][\n]"
04:01:35.263 [Test worker] DEBUG org.apache.http.wire - http-outgoing-16 >> "User-Agent: Jersey/2.23.1 (Apache HttpClient 4.5.1)[\r][\n]"
04:01:35.263 [Test worker] DEBUG org.apache.http.wire - http-outgoing-16 >> "Transfer-Encoding: chunked[\r][\n]"
04:01:35.263 [Test worker] DEBUG org.apache.http.wire - http-outgoing-16 >> "Host: Thesis:2376[\r][\n]"
04:01:35.263 [Test worker] DEBUG org.apache.http.wire - http-outgoing-16 >> "Connection: Keep-Alive[\r][\n]"
04:01:35.263 [Test worker] DEBUG org.apache.http.wire - http-outgoing-16 >> "Accept-Encoding: gzip,deflate[\r][\n]"
04:01:35.264 [Test worker] DEBUG org.apache.http.wire - http-outgoing-16 >> "[\r][\n]"
04:01:35.264 [Test worker] DEBUG org.apache.http.wire - http-outgoing-16 >> "ea[\r][\n]"
04:01:35.264 [Test worker] DEBUG org.apache.http.wire - http-outgoing-16 >> "{"name":"MyContainer2","Hostname":"Openbaton","Env":["port=8080"],"Cmd":["sleep","99999"],"Image":"ubuntu:14.04","Volumes":{},"ExposedPorts":{"8085/tcp":{}},"HostConfig":{"PortBindings":{"8085/tcp":[{"HostIp":"","HostPort":"8085"}]}}}[\r][\n]"
04:01:35.264 [Test worker] DEBUG org.apache.http.wire - http-outgoing-16 >> "0[\r][\n]"
04:01:35.264 [Test worker] DEBUG org.apache.http.wire - http-outgoing-16 >> "[\r][\n]"
04:01:35.285 [Test worker] DEBUG org.apache.http.wire - http-outgoing-16 << "H"
04:01:35.286 [Test worker] DEBUG org.apache.http.wire - http-outgoing-16 << "TTP/1.1 201 Created[\r][\n]"
04:01:35.286 [Test worker] DEBUG org.apache.http.wire - http-outgoing-16 << "Content-Type: application/json[\r][\n]"
04:01:35.286 [Test worker] DEBUG org.apache.http.wire - http-outgoing-16 << "Server: Docker/1.12.3 (linux)[\r][\n]"
04:01:35.286 [Test worker] DEBUG org.apache.http.wire - http-outgoing-16 << "Date: Wed, 21 Dec 2016 03:01:35 GMT[\r][\n]"
04:01:35.286 [Test worker] DEBUG org.apache.http.wire - http-outgoing-16 << "Content-Length: 90[\r][\n]"
04:01:35.286 [Test worker] DEBUG org.apache.http.wire - http-outgoing-16 << "[\r][\n]"
04:01:35.286 [Test worker] DEBUG org.apache.http.wire - http-outgoing-16 << "{"Id":"2231190db9a4a92f2ca01c072efb121c3e114a67ee83514ca308ce598b80f416","Warnings":null}[\n]"
04:01:35.286 [Test worker] DEBUG org.apache.http.headers - http-outgoing-16 << HTTP/1.1 201 Created
04:01:35.286 [Test worker] DEBUG org.apache.http.headers - http-outgoing-16 << Content-Type: application/json
04:01:35.286 [Test worker] DEBUG org.apache.http.headers - http-outgoing-16 << Server: Docker/1.12.3 (linux)
04:01:35.286 [Test worker] DEBUG org.apache.http.headers - http-outgoing-16 << Date: Wed, 21 Dec 2016 03:01:35 GMT
04:01:35.286 [Test worker] DEBUG org.apache.http.headers - http-outgoing-16 << Content-Length: 90
04:01:35.286 [Test worker] DEBUG o.a.h.impl.execchain.MainClientExec - Connection can be kept alive indefinitely
04:01:35.286 [Test worker] DEBUG c.g.d.j.JerseyDockerCmdExecFactory - 2 * Client response received on thread Test worker
2 < 201
2 < Content-Length: 90
2 < Content-Type: application/json
2 < Date: Wed, 21 Dec 2016 03:01:35 GMT
2 < Server: Docker/1.12.3 (linux)
{"Id":"2231190db9a4a92f2ca01c072efb121c3e114a67ee83514ca308ce598b80f416","Warnings":null}


04:01:35.287 [Test worker] DEBUG o.a.h.i.c.DefaultManagedHttpClientConnection - http-outgoing-16: Close connection
04:01:35.289 [Test worker] DEBUG o.a.h.impl.execchain.MainClientExec - Connection discarded
04:01:35.289 [Test worker] DEBUG c.g.d.j.JerseyDockerCmdExecFactory$1 - Connection released: [id: 16][route: {s}->https://Thesis:2376][total kept alive: 0; route allocated: 0 of 2; total allocated: 0 of 20]
04:01:35.290 [Test worker] DEBUG org.openbaton.docker.DockerVim - Instance created successfully
04:01:35.290 [Test worker] DEBUG c.g.d.core.command.AbstrDockerCmd - Cmd: 2231190db9a4a92f2ca01c072efb121c3e114a67ee83514ca308ce598b80f416,com.github.dockerjava.jaxrs.StartContainerCmdExec@30df9978
04:01:35.290 [Test worker] DEBUG c.g.d.j.JerseyDockerCmdExecFactory - 3 * Sending client request on thread Test worker
3 > POST https://Thesis:2376/containers/2231190db9a4a92f2ca01c072efb121c3e114a67ee83514ca308ce598b80f416/start
3 > Accept: application/json

04:01:35.291 [Test worker] DEBUG o.a.h.c.protocol.RequestAddCookies - CookieSpec selected: default
04:01:35.291 [Test worker] DEBUG o.a.h.c.protocol.RequestAuthCache - Auth cache not set in the context
04:01:35.292 [Test worker] DEBUG c.g.d.j.JerseyDockerCmdExecFactory$1 - Connection request: [route: {s}->https://Thesis:2376][total kept alive: 0; route allocated: 0 of 2; total allocated: 0 of 20]
04:01:35.298 [Test worker] DEBUG c.g.d.j.JerseyDockerCmdExecFactory$1 - Connection leased: [id: 17][route: {s}->https://Thesis:2376][total kept alive: 0; route allocated: 1 of 2; total allocated: 1 of 20]
04:01:35.298 [Test worker] DEBUG o.a.h.impl.execchain.MainClientExec - Opening connection {s}->https://Thesis:2376
04:01:35.298 [Test worker] DEBUG o.a.h.i.c.DefaultHttpClientConnectionOperator - Connecting to Thesis/127.0.1.1:2376
04:01:35.299 [Test worker] DEBUG o.a.h.c.s.SSLConnectionSocketFactory - Connecting socket to Thesis/127.0.1.1:2376 with timeout 0
04:01:35.300 [Test worker] DEBUG o.a.h.c.s.SSLConnectionSocketFactory - Enabled protocols: [TLSv1]
04:01:35.303 [Test worker] DEBUG o.a.h.c.s.SSLConnectionSocketFactory - Enabled cipher suites:[TLS_ECDHE_ECDSA_WITH_AES_128_CBC_SHA, TLS_ECDHE_RSA_WITH_AES_128_CBC_SHA, TLS_RSA_WITH_AES_128_CBC_SHA, TLS_ECDH_ECDSA_WITH_AES_128_CBC_SHA, TLS_ECDH_RSA_WITH_AES_128_CBC_SHA, TLS_DHE_RSA_WITH_AES_128_CBC_SHA, TLS_DHE_DSS_WITH_AES_128_CBC_SHA, TLS_ECDHE_ECDSA_WITH_3DES_EDE_CBC_SHA, TLS_ECDHE_RSA_WITH_3DES_EDE_CBC_SHA, SSL_RSA_WITH_3DES_EDE_CBC_SHA, TLS_ECDH_ECDSA_WITH_3DES_EDE_CBC_SHA, TLS_ECDH_RSA_WITH_3DES_EDE_CBC_SHA, SSL_DHE_RSA_WITH_3DES_EDE_CBC_SHA, SSL_DHE_DSS_WITH_3DES_EDE_CBC_SHA, TLS_ECDHE_ECDSA_WITH_RC4_128_SHA, TLS_ECDHE_RSA_WITH_RC4_128_SHA, SSL_RSA_WITH_RC4_128_SHA, TLS_ECDH_ECDSA_WITH_RC4_128_SHA, TLS_ECDH_RSA_WITH_RC4_128_SHA, SSL_RSA_WITH_RC4_128_MD5, TLS_EMPTY_RENEGOTIATION_INFO_SCSV]
04:01:35.303 [Test worker] DEBUG o.a.h.c.s.SSLConnectionSocketFactory - Starting handshake
04:01:35.440 [Test worker] DEBUG o.a.h.c.s.SSLConnectionSocketFactory - Secure session established
04:01:35.440 [Test worker] DEBUG o.a.h.c.s.SSLConnectionSocketFactory -  negotiated protocol: TLSv1
04:01:35.441 [Test worker] DEBUG o.a.h.c.s.SSLConnectionSocketFactory -  negotiated cipher suite: TLS_ECDHE_RSA_WITH_AES_128_CBC_SHA
04:01:35.441 [Test worker] DEBUG o.a.h.c.s.SSLConnectionSocketFactory -  peer principal: CN=Thesis
04:01:35.441 [Test worker] DEBUG o.a.h.c.s.SSLConnectionSocketFactory -  issuer principal: EMAILADDRESS=sha@yamil.com, CN=Thesis, OU=Open, O=Fra, L=BER, ST=BER, C=DE
04:01:35.441 [Test worker] DEBUG o.a.h.i.c.DefaultHttpClientConnectionOperator - Connection established 127.0.0.1:60966<->127.0.1.1:2376
04:01:35.442 [Test worker] DEBUG o.a.h.impl.execchain.MainClientExec - Executing request POST /containers/2231190db9a4a92f2ca01c072efb121c3e114a67ee83514ca308ce598b80f416/start HTTP/1.1
04:01:35.442 [Test worker] DEBUG o.a.h.impl.execchain.MainClientExec - Target auth state: UNCHALLENGED
04:01:35.442 [Test worker] DEBUG o.a.h.impl.execchain.MainClientExec - Proxy auth state: UNCHALLENGED
04:01:35.442 [Test worker] DEBUG org.apache.http.headers - http-outgoing-17 >> POST /containers/2231190db9a4a92f2ca01c072efb121c3e114a67ee83514ca308ce598b80f416/start HTTP/1.1
04:01:35.443 [Test worker] DEBUG org.apache.http.headers - http-outgoing-17 >> Accept: application/json
04:01:35.443 [Test worker] DEBUG org.apache.http.headers - http-outgoing-17 >> User-Agent: Jersey/2.23.1 (Apache HttpClient 4.5.1)
04:01:35.443 [Test worker] DEBUG org.apache.http.headers - http-outgoing-17 >> Host: Thesis:2376
04:01:35.444 [Test worker] DEBUG org.apache.http.headers - http-outgoing-17 >> Connection: Keep-Alive
04:01:35.444 [Test worker] DEBUG org.apache.http.headers - http-outgoing-17 >> Accept-Encoding: gzip,deflate
04:01:35.444 [Test worker] DEBUG org.apache.http.wire - http-outgoing-17 >> "POST /containers/2231190db9a4a92f2ca01c072efb121c3e114a67ee83514ca308ce598b80f416/start HTTP/1.1[\r][\n]"
04:01:35.444 [Test worker] DEBUG org.apache.http.wire - http-outgoing-17 >> "Accept: application/json[\r][\n]"
04:01:35.445 [Test worker] DEBUG org.apache.http.wire - http-outgoing-17 >> "User-Agent: Jersey/2.23.1 (Apache HttpClient 4.5.1)[\r][\n]"
04:01:35.445 [Test worker] DEBUG org.apache.http.wire - http-outgoing-17 >> "Host: Thesis:2376[\r][\n]"
04:01:35.445 [Test worker] DEBUG org.apache.http.wire - http-outgoing-17 >> "Connection: Keep-Alive[\r][\n]"
04:01:35.447 [Test worker] DEBUG org.apache.http.wire - http-outgoing-17 >> "Accept-Encoding: gzip,deflate[\r][\n]"
04:01:35.447 [Test worker] DEBUG org.apache.http.wire - http-outgoing-17 >> "[\r][\n]"
04:01:35.596 [Test worker] DEBUG org.apache.http.wire - http-outgoing-17 << "H"
04:01:35.597 [Test worker] DEBUG org.apache.http.wire - http-outgoing-17 << "TTP/1.1 204 No Content[\r][\n]"
04:01:35.597 [Test worker] DEBUG org.apache.http.wire - http-outgoing-17 << "Server: Docker/1.12.3 (linux)[\r][\n]"
04:01:35.597 [Test worker] DEBUG org.apache.http.wire - http-outgoing-17 << "Date: Wed, 21 Dec 2016 03:01:35 GMT[\r][\n]"
04:01:35.597 [Test worker] DEBUG org.apache.http.wire - http-outgoing-17 << "[\r][\n]"
04:01:35.597 [Test worker] DEBUG org.apache.http.headers - http-outgoing-17 << HTTP/1.1 204 No Content
04:01:35.597 [Test worker] DEBUG org.apache.http.headers - http-outgoing-17 << Server: Docker/1.12.3 (linux)
04:01:35.597 [Test worker] DEBUG org.apache.http.headers - http-outgoing-17 << Date: Wed, 21 Dec 2016 03:01:35 GMT
04:01:35.597 [Test worker] DEBUG o.a.h.impl.execchain.MainClientExec - Connection can be kept alive indefinitely
04:01:35.597 [Test worker] DEBUG c.g.d.j.JerseyDockerCmdExecFactory$1 - Connection [id: 17][route: {s}->https://Thesis:2376][state: CN=Thesis] can be kept alive indefinitely
04:01:35.597 [Test worker] DEBUG c.g.d.j.JerseyDockerCmdExecFactory$1 - Connection released: [id: 17][route: {s}->https://Thesis:2376][state: CN=Thesis][total kept alive: 1; route allocated: 1 of 2; total allocated: 1 of 20]
04:01:35.597 [Test worker] DEBUG c.g.d.j.JerseyDockerCmdExecFactory - 4 * Client response received on thread Test worker
4 < 204
4 < Date: Wed, 21 Dec 2016 03:01:35 GMT
4 < Server: Docker/1.12.3 (linux)

04:01:35.597 [Test worker] DEBUG c.g.d.core.command.AbstrDockerCmd - Cmd: 2231190db9a4a92f2ca01c072efb121c3e114a67ee83514ca308ce598b80f416,false,com.github.dockerjava.jaxrs.InspectContainerCmdExec@7c02697c
04:01:35.598 [Test worker] DEBUG c.g.d.jaxrs.InspectContainerCmdExec - GET: JerseyWebTarget { https://Thesis:2376/containers/2231190db9a4a92f2ca01c072efb121c3e114a67ee83514ca308ce598b80f416/json }
04:01:35.598 [Test worker] DEBUG c.g.d.j.JerseyDockerCmdExecFactory - 5 * Sending client request on thread Test worker
5 > GET https://Thesis:2376/containers/2231190db9a4a92f2ca01c072efb121c3e114a67ee83514ca308ce598b80f416/json
5 > Accept: application/json

04:01:35.598 [Test worker] DEBUG o.a.h.c.protocol.RequestAddCookies - CookieSpec selected: default
04:01:35.598 [Test worker] DEBUG o.a.h.c.protocol.RequestAuthCache - Auth cache not set in the context
04:01:35.598 [Test worker] DEBUG c.g.d.j.JerseyDockerCmdExecFactory$1 - Connection request: [route: {s}->https://Thesis:2376][total kept alive: 1; route allocated: 1 of 2; total allocated: 1 of 20]
04:01:35.598 [Test worker] DEBUG c.g.d.j.JerseyDockerCmdExecFactory$1 - Connection leased: [id: 18][route: {s}->https://Thesis:2376][total kept alive: 1; route allocated: 2 of 2; total allocated: 2 of 20]
04:01:35.598 [Test worker] DEBUG o.a.h.impl.execchain.MainClientExec - Opening connection {s}->https://Thesis:2376
04:01:35.598 [Test worker] DEBUG o.a.h.i.c.DefaultHttpClientConnectionOperator - Connecting to Thesis/127.0.1.1:2376
04:01:35.598 [Test worker] DEBUG o.a.h.c.s.SSLConnectionSocketFactory - Connecting socket to Thesis/127.0.1.1:2376 with timeout 0
04:01:35.601 [Test worker] DEBUG o.a.h.c.s.SSLConnectionSocketFactory - Enabled protocols: [TLSv1]
04:01:35.601 [Test worker] DEBUG o.a.h.c.s.SSLConnectionSocketFactory - Enabled cipher suites:[TLS_ECDHE_ECDSA_WITH_AES_128_CBC_SHA, TLS_ECDHE_RSA_WITH_AES_128_CBC_SHA, TLS_RSA_WITH_AES_128_CBC_SHA, TLS_ECDH_ECDSA_WITH_AES_128_CBC_SHA, TLS_ECDH_RSA_WITH_AES_128_CBC_SHA, TLS_DHE_RSA_WITH_AES_128_CBC_SHA, TLS_DHE_DSS_WITH_AES_128_CBC_SHA, TLS_ECDHE_ECDSA_WITH_3DES_EDE_CBC_SHA, TLS_ECDHE_RSA_WITH_3DES_EDE_CBC_SHA, SSL_RSA_WITH_3DES_EDE_CBC_SHA, TLS_ECDH_ECDSA_WITH_3DES_EDE_CBC_SHA, TLS_ECDH_RSA_WITH_3DES_EDE_CBC_SHA, SSL_DHE_RSA_WITH_3DES_EDE_CBC_SHA, SSL_DHE_DSS_WITH_3DES_EDE_CBC_SHA, TLS_ECDHE_ECDSA_WITH_RC4_128_SHA, TLS_ECDHE_RSA_WITH_RC4_128_SHA, SSL_RSA_WITH_RC4_128_SHA, TLS_ECDH_ECDSA_WITH_RC4_128_SHA, TLS_ECDH_RSA_WITH_RC4_128_SHA, SSL_RSA_WITH_RC4_128_MD5, TLS_EMPTY_RENEGOTIATION_INFO_SCSV]
04:01:35.601 [Test worker] DEBUG o.a.h.c.s.SSLConnectionSocketFactory - Starting handshake
04:01:35.671 [Test worker] DEBUG o.a.h.c.s.SSLConnectionSocketFactory - Secure session established
04:01:35.671 [Test worker] DEBUG o.a.h.c.s.SSLConnectionSocketFactory -  negotiated protocol: TLSv1
04:01:35.671 [Test worker] DEBUG o.a.h.c.s.SSLConnectionSocketFactory -  negotiated cipher suite: TLS_ECDHE_RSA_WITH_AES_128_CBC_SHA
04:01:35.671 [Test worker] DEBUG o.a.h.c.s.SSLConnectionSocketFactory -  peer principal: CN=Thesis
04:01:35.671 [Test worker] DEBUG o.a.h.c.s.SSLConnectionSocketFactory -  issuer principal: EMAILADDRESS=sha@yamil.com, CN=Thesis, OU=Open, O=Fra, L=BER, ST=BER, C=DE
04:01:35.672 [Test worker] DEBUG o.a.h.i.c.DefaultHttpClientConnectionOperator - Connection established 127.0.0.1:60968<->127.0.1.1:2376
04:01:35.672 [Test worker] DEBUG o.a.h.impl.execchain.MainClientExec - Executing request GET /containers/2231190db9a4a92f2ca01c072efb121c3e114a67ee83514ca308ce598b80f416/json HTTP/1.1
04:01:35.672 [Test worker] DEBUG o.a.h.impl.execchain.MainClientExec - Target auth state: UNCHALLENGED
04:01:35.672 [Test worker] DEBUG o.a.h.impl.execchain.MainClientExec - Proxy auth state: UNCHALLENGED
04:01:35.674 [Test worker] DEBUG org.apache.http.headers - http-outgoing-18 >> GET /containers/2231190db9a4a92f2ca01c072efb121c3e114a67ee83514ca308ce598b80f416/json HTTP/1.1
04:01:35.675 [Test worker] DEBUG org.apache.http.headers - http-outgoing-18 >> Accept: application/json
04:01:35.675 [Test worker] DEBUG org.apache.http.headers - http-outgoing-18 >> User-Agent: Jersey/2.23.1 (Apache HttpClient 4.5.1)
04:01:35.675 [Test worker] DEBUG org.apache.http.headers - http-outgoing-18 >> Host: Thesis:2376
04:01:35.675 [Test worker] DEBUG org.apache.http.headers - http-outgoing-18 >> Connection: Keep-Alive
04:01:35.675 [Test worker] DEBUG org.apache.http.headers - http-outgoing-18 >> Accept-Encoding: gzip,deflate
04:01:35.676 [Test worker] DEBUG org.apache.http.wire - http-outgoing-18 >> "GET /containers/2231190db9a4a92f2ca01c072efb121c3e114a67ee83514ca308ce598b80f416/json HTTP/1.1[\r][\n]"
04:01:35.676 [Test worker] DEBUG org.apache.http.wire - http-outgoing-18 >> "Accept: application/json[\r][\n]"
04:01:35.676 [Test worker] DEBUG org.apache.http.wire - http-outgoing-18 >> "User-Agent: Jersey/2.23.1 (Apache HttpClient 4.5.1)[\r][\n]"
04:01:35.676 [Test worker] DEBUG org.apache.http.wire - http-outgoing-18 >> "Host: Thesis:2376[\r][\n]"
04:01:35.676 [Test worker] DEBUG org.apache.http.wire - http-outgoing-18 >> "Connection: Keep-Alive[\r][\n]"
04:01:35.676 [Test worker] DEBUG org.apache.http.wire - http-outgoing-18 >> "Accept-Encoding: gzip,deflate[\r][\n]"
04:01:35.676 [Test worker] DEBUG org.apache.http.wire - http-outgoing-18 >> "[\r][\n]"
04:01:35.677 [Test worker] DEBUG org.apache.http.wire - http-outgoing-18 << "H"
04:01:35.677 [Test worker] DEBUG org.apache.http.wire - http-outgoing-18 << "TTP/1.1 200 OK[\r][\n]"
04:01:35.677 [Test worker] DEBUG org.apache.http.wire - http-outgoing-18 << "Content-Type: application/json[\r][\n]"
04:01:35.678 [Test worker] DEBUG org.apache.http.wire - http-outgoing-18 << "Server: Docker/1.12.3 (linux)[\r][\n]"
04:01:35.678 [Test worker] DEBUG org.apache.http.wire - http-outgoing-18 << "Date: Wed, 21 Dec 2016 03:01:35 GMT[\r][\n]"
04:01:35.678 [Test worker] DEBUG org.apache.http.wire - http-outgoing-18 << "Transfer-Encoding: chunked[\r][\n]"
04:01:35.678 [Test worker] DEBUG org.apache.http.wire - http-outgoing-18 << "[\r][\n]"
04:01:35.678 [Test worker] DEBUG org.apache.http.wire - http-outgoing-18 << "e6b[\r][\n]"
04:01:35.678 [Test worker] DEBUG org.apache.http.wire - http-outgoing-18 << "{"Id":"2231190db9a4a92f2ca01c072efb121c3e114a67ee83514ca308ce598b80f416","Created":"2016-12-21T03:01:35.265694553Z","Path":"sleep","Args":["99999"],"State":{"Status":"running","Running":true,"Paused":false,"Restarting":false,"OOMKilled":false,"Dead":false,"Pid":18759,"ExitCode":0,"Error":"","StartedAt":"2016-12-21T03:01:35.594291804Z","FinishedAt":"0001-01-01T00:00:00Z"},"Image":"sha256:aae2b63c49461fcae4962e4a8043f66acf8e3af7e62f5ebceb70b181d8ca01e0","ResolvConfPath":"/var/lib/docker/containers/2231190db9a4a92f2ca01c072efb121c3e114a67ee83514ca308ce598b80f416/resolv.conf","HostnamePath":"/var/lib/docker/containers/2231190db9a4a92f2ca01c072efb121c3e114a67ee83514ca308ce598b80f416/hostname","HostsPath":"/var/lib/docker/containers/2231190db9a4a92f2ca01c072efb121c3e114a67ee83514ca308ce598b80f416/hosts","LogPath":"/var/lib/docker/containers/2231190db9a4a92f2ca01c072efb121c3e114a67ee83514ca308ce598b80f416/2231190db9a4a92f2ca01c072efb121c3e114a67ee83514ca308ce598b80f416-json.log","Name":"/MyContainer2","RestartCount":0,"Driver":"aufs","MountLabel":"","ProcessLabel":"","AppArmorProfile":"","ExecIDs":null,"HostConfig":{"Binds":null,"ContainerIDFile":"","LogConfig":{"Type":"json-file","Config":{}},"NetworkMode":"default","PortBindings":{"8085/tcp":[{"HostIp":"","HostPort":"8085"}]},"RestartPolicy":{"Name":"","MaximumRetryCount":0},"AutoRemove":false,"VolumeDriver":"","VolumesFrom":null,"CapAdd":null,"CapDrop":null,"Dns":null,"DnsOptions":null,"DnsSearch":null,"ExtraHosts":null,"GroupAdd":null,"IpcMode":"","Cgroup":"","Links":null,"OomScoreAdj":0,"PidMode":"","Privileged":false,"PublishAllPorts":false,"ReadonlyRootfs":false,"SecurityOpt":null,"UTSMode":"","UsernsMode":"","ShmSize":67108864,"Runtime":"runc","ConsoleSize":[0,0],"Isolation":"","CpuShares":0,"Memory":0,"CgroupParent":"","BlkioWeight":0,"BlkioWeightDevice":null,"BlkioDeviceReadBps":null,"BlkioDeviceWriteBps":null,"BlkioDeviceReadIOps":null,"BlkioDeviceWriteIOps":null,"CpuPeriod":0,"CpuQuota":0,"CpusetCpus":"","CpusetMems":"","Devices":null,"DiskQuota":0,"KernelMemory":0,"MemoryReservation":0,"MemorySwap":0,"MemorySwappiness":-1,"OomKillDisable":false,"PidsLimit":0,"Ulimits":null,"CpuCount":0,"CpuPercent":0,"IOMaximumIOps":0,"IOMaximumBandwidth":0},"GraphDriver":{"Name":"aufs","Data":null},"Mounts":[],"Config":{"Hostname":"Openbaton","Domainname":"","User":"","AttachStdin":false,"AttachStdout":false,"AttachStderr":false,"ExposedPorts":{"8085/tcp":{}},"Tty":false,"OpenStdin":false,"StdinOnce":false,"Env":["port=8080","PATH=/usr/local/sbin:/usr/local/bin:/usr/sbin:/usr/bin:/sbin:/bin"],"Cmd":["sleep","99999"],"Image":"ubuntu:14.04","Volumes":null,"WorkingDir":"","Entrypoint":null,"OnBuild":null,"Labels":{}},"NetworkSettings":{"Bridge":"","SandboxID":"7e472218dc4d09803906ad461d63aee0a17f3ad7494738056ebc6b90c2329711","HairpinMode":false,"LinkLocalIPv6Address":"","LinkLocalIPv6PrefixLen":0,"Ports":{"8085/tcp":[{"HostIp":"0.0.0.0","HostPort":"8085"}]},"SandboxKey":"/var/run/docker/netns/7e472218dc4d","SecondaryIPAddresses":null,"SecondaryIPv6Addresses":null,"EndpointID":"4a52482d093c16532dc585822f09672e585e0b6c1c212b6766d9edbb3acddd88","Gateway":"172.17.0.1","GlobalIPv6Address":"","GlobalIPv6PrefixLen":0,"IPAddress":"172.17.0.3","IPPrefixLen":16,"IPv6Gateway":"","MacAddress":"02:42:ac:11:00:03","Networks":{"bridge":{"IPAMConfig":null,"Links":null,"Aliases":null,"NetworkID":"efdbf560175b2fea9530e9bd81555f23f020db58853647978dae51acf69f47b1","EndpointID":"4a52482d093c16532dc585822f09672e585e0b6c1c212b6766d9edbb3acddd88","Gateway":"172.17.0.1","IPAddress":"172.17.0.3","IPPrefixLen":16,"IPv6Gateway":"","GlobalIPv6Address":"","GlobalIPv6PrefixLen":0,"MacAddress":"02:42:ac:11:00:03"}}}}[\n]"
04:01:35.679 [Test worker] DEBUG org.apache.http.wire - http-outgoing-18 << "[\r][\n]"
04:01:35.679 [Test worker] DEBUG org.apache.http.wire - http-outgoing-18 << "0[\r][\n]"
04:01:35.679 [Test worker] DEBUG org.apache.http.wire - http-outgoing-18 << "[\r][\n]"
04:01:35.679 [Test worker] DEBUG org.apache.http.headers - http-outgoing-18 << HTTP/1.1 200 OK
04:01:35.679 [Test worker] DEBUG org.apache.http.headers - http-outgoing-18 << Content-Type: application/json
04:01:35.679 [Test worker] DEBUG org.apache.http.headers - http-outgoing-18 << Server: Docker/1.12.3 (linux)
04:01:35.680 [Test worker] DEBUG org.apache.http.headers - http-outgoing-18 << Date: Wed, 21 Dec 2016 03:01:35 GMT
04:01:35.680 [Test worker] DEBUG org.apache.http.headers - http-outgoing-18 << Transfer-Encoding: chunked
04:01:35.680 [Test worker] DEBUG o.a.h.impl.execchain.MainClientExec - Connection can be kept alive indefinitely
04:01:35.680 [Test worker] DEBUG c.g.d.j.JerseyDockerCmdExecFactory - 6 * Client response received on thread Test worker
6 < 200
6 < Content-Length: -1
6 < Content-Type: application/json
6 < Date: Wed, 21 Dec 2016 03:01:35 GMT
6 < Server: Docker/1.12.3 (linux)
6 < Transfer-Encoding: chunked
{"Id":"2231190db9a4a92f2ca01c072efb121c3e114a67ee83514ca308ce598b80f416","Created":"2016-12-21T03:01:35.265694553Z","Path":"sleep","Args":["99999"],"State":{"Status":"running","Running":true,"Paused":false,"Restarting":false,"OOMKilled":false,"Dead":false,"Pid":18759,"ExitCode":0,"Error":"","StartedAt":"2016-12-21T03:01:35.594291804Z","FinishedAt":"0001-01-01T00:00:00Z"},"Image":"sha256:aae2b63c49461fcae4962e4a8043f66acf8e3af7e62f5ebceb70b181d8ca01e0","ResolvConfPath":"/var/lib/docker/containers/2231190db9a4a92f2ca01c072efb121c3e114a67ee83514ca308ce598b80f416/resolv.conf","HostnamePath":"/var/lib/docker/containers/2231190db9a4a92f2ca01c072efb121c3e114a67ee83514ca308ce598b80f416/hostname","HostsPath":"/var/lib/docker/containers/2231190db9a4a92f2ca01c072efb121c3e114a67ee83514ca308ce598b80f416/hosts","LogPath":"/var/lib/docker/containers/2231190db9a4a92f2ca01c072efb121c3e114a67ee83514ca308ce598b80f416/2231190db9a4a92f2ca01c072efb121c3e114a67ee83514ca308ce598b80f416-json.log","Name":"/MyContainer2","RestartCount":0,"Driver":"aufs","MountLabel":"","ProcessLabel":"","AppArmorProfile":"","ExecIDs":null,"HostConfig":{"Binds":null,"ContainerIDFile":"","LogConfig":{"Type":"json-file","Config":{}},"NetworkMode":"default","PortBindings":{"8085/tcp":[{"HostIp":"","HostPort":"8085"}]},"RestartPolicy":{"Name":"","MaximumRetryCount":0},"AutoRemove":false,"VolumeDriver":"","VolumesFrom":null,"CapAdd":null,"CapDrop":null,"Dns":null,"DnsOptions":null,"DnsSearch":null,"ExtraHosts":null,"GroupAdd":null,"IpcMode":"","Cgroup":"","Links":null,"OomScoreAdj":0,"PidMode":"","Privileged":false,"PublishAllPorts":false,"ReadonlyRootfs":false,"SecurityOpt":null,"UTSMode":"","UsernsMode":"","ShmSize":67108864,"Runtime":"runc","ConsoleSize":[0,0],"Isolation":"","CpuShares":0,"Memory":0,"CgroupParent":"","BlkioWeight":0,"BlkioWeightDevice":null,"BlkioDeviceReadBps":null,"BlkioDeviceWriteBps":null,"BlkioDeviceReadIOps":null,"BlkioDeviceWriteIOps":null,"CpuPeriod":0,"CpuQuota":0,"CpusetCpus":"","CpusetMems":"","Devices":null,"DiskQuota":0,"KernelMemory":0,"MemoryReservation":0,"MemorySwap":0,"MemorySwappiness":-1,"OomKillDisable":false,"PidsLimit":0,"Ulimits":null,"CpuCount":0,"CpuPercent":0,"IOMaximumIOps":0,"IOMaximumBandwidth":0},"GraphDriver":{"Name":"aufs","Data":null},"Mounts":[],"Config":{"Hostname":"Openbaton","Domainname":"","User":"","AttachStdin":false,"AttachStdout":false,"AttachStderr":false,"ExposedPorts":{"8085/tcp":{}},"Tty":false,"OpenStdin":false,"StdinOnce":false,"Env":["port=8080","PATH=/usr/local/sbin:/usr/local/bin:/usr/sbin:/usr/bin:/sbin:/bin"],"Cmd":["sleep","99999"],"Image":"ubuntu:14.04","Volumes":null,"WorkingDir":"","Entrypoint":null,"OnBuild":null,"Labels":{}},"NetworkSettings":{"Bridge":"","SandboxID":"7e472218dc4d09803906ad461d63aee0a17f3ad7494738056ebc6b90c2329711","HairpinMode":false,"LinkLocalIPv6Address":"","LinkLocalIPv6PrefixLen":0,"Ports":{"8085/tcp":[{"HostIp":"0.0.0.0","HostPort":"8085"}]},"SandboxKey":"/var/run/docker/netns/7e472218dc4d","SecondaryIPAddresses":null,"SecondaryIPv6Addresses":null,"EndpointID":"4a52482d093c16532dc585822f09672e585e0b6c1c212b6766d9edbb3acddd88","Gateway":"172.17.0.1","GlobalIPv6Address":"","GlobalIPv6PrefixLen":0,"IPAddress":"172.17.0.3","IPPrefixLen":16,"IPv6Gateway":"","MacAddress":"02:42:ac:11:00:03","Networks":{"bridge":{"IPAMConfig":null,"Links":null,"Aliases":null,"NetworkID":"efdbf560175b2fea9530e9bd81555f23f020db58853647978dae51acf69f47b1","EndpointID":"4a52482d093c16532dc585822f09672e585e0b6c1c212b6766d9edbb3acddd88","Gateway":"172.17.0.1","IPAddress":"172.17.0.3","IPPrefixLen":16,"IPv6Gateway":"","GlobalIPv6Address":"","GlobalIPv6PrefixLen":0,"MacAddress":"02:42:ac:11:00:03"}}}}


04:01:35.718 [Test worker] DEBUG o.a.h.i.c.DefaultManagedHttpClientConnection - http-outgoing-18: Close connection
04:01:35.719 [Test worker] DEBUG o.a.h.impl.execchain.MainClientExec - Connection discarded
04:01:35.719 [Test worker] DEBUG c.g.d.j.JerseyDockerCmdExecFactory$1 - Connection released: [id: 18][route: {s}->https://Thesis:2376][total kept alive: 1; route allocated: 1 of 2; total allocated: 1 of 20]
04:01:35.719 [Test worker] DEBUG org.apache.http.wire - http-outgoing-18 << "[read] I/O error: Socket is closed"
Inspection result : com.github.dockerjava.api.command.InspectContainerResponse$ContainerState@4823400e[status=running,running=true,paused=false,restarting=false,oomKilled=false,dead=false,pid=18759,exitCode=0,error=,startedAt=2016-12-21T03:01:35.594291804Z,finishedAt=0001-01-01T00:00:00Z]
Cert Path : null
04:01:35.725 [Test worker] DEBUG c.g.d.core.command.AbstrDockerCmd - Cmd: ListImagesCmdImpl[imageNameFilter=<null>,showAll=true,filters=com.github.dockerjava.core.util.FiltersBuilder@0,execution=com.github.dockerjava.jaxrs.ListImagesCmdExec@75cd480d]
04:01:35.744 [Test worker] DEBUG c.g.d.j.JerseyDockerCmdExecFactory - 1 * Sending client request on thread Test worker
1 > GET https://Thesis:2376/images/json?all=true
1 > Accept: application/json

04:01:35.745 [Test worker] DEBUG o.a.h.c.protocol.RequestAddCookies - CookieSpec selected: default
04:01:35.745 [Test worker] DEBUG o.a.h.c.protocol.RequestAuthCache - Auth cache not set in the context
04:01:35.745 [Test worker] DEBUG c.g.d.j.JerseyDockerCmdExecFactory$1 - Connection request: [route: {s}->https://Thesis:2376][total kept alive: 0; route allocated: 0 of 2; total allocated: 0 of 20]
04:01:35.746 [Test worker] DEBUG c.g.d.j.JerseyDockerCmdExecFactory$1 - Connection leased: [id: 19][route: {s}->https://Thesis:2376][total kept alive: 0; route allocated: 1 of 2; total allocated: 1 of 20]
04:01:35.746 [Test worker] DEBUG o.a.h.impl.execchain.MainClientExec - Opening connection {s}->https://Thesis:2376
04:01:35.746 [Test worker] DEBUG o.a.h.i.c.DefaultHttpClientConnectionOperator - Connecting to Thesis/127.0.1.1:2376
04:01:35.746 [Test worker] DEBUG o.a.h.c.s.SSLConnectionSocketFactory - Connecting socket to Thesis/127.0.1.1:2376 with timeout 0
04:01:35.747 [Test worker] DEBUG o.a.h.c.s.SSLConnectionSocketFactory - Enabled protocols: [TLSv1]
04:01:35.748 [Test worker] DEBUG o.a.h.c.s.SSLConnectionSocketFactory - Enabled cipher suites:[TLS_ECDHE_ECDSA_WITH_AES_128_CBC_SHA, TLS_ECDHE_RSA_WITH_AES_128_CBC_SHA, TLS_RSA_WITH_AES_128_CBC_SHA, TLS_ECDH_ECDSA_WITH_AES_128_CBC_SHA, TLS_ECDH_RSA_WITH_AES_128_CBC_SHA, TLS_DHE_RSA_WITH_AES_128_CBC_SHA, TLS_DHE_DSS_WITH_AES_128_CBC_SHA, TLS_ECDHE_ECDSA_WITH_3DES_EDE_CBC_SHA, TLS_ECDHE_RSA_WITH_3DES_EDE_CBC_SHA, SSL_RSA_WITH_3DES_EDE_CBC_SHA, TLS_ECDH_ECDSA_WITH_3DES_EDE_CBC_SHA, TLS_ECDH_RSA_WITH_3DES_EDE_CBC_SHA, SSL_DHE_RSA_WITH_3DES_EDE_CBC_SHA, SSL_DHE_DSS_WITH_3DES_EDE_CBC_SHA, TLS_ECDHE_ECDSA_WITH_RC4_128_SHA, TLS_ECDHE_RSA_WITH_RC4_128_SHA, SSL_RSA_WITH_RC4_128_SHA, TLS_ECDH_ECDSA_WITH_RC4_128_SHA, TLS_ECDH_RSA_WITH_RC4_128_SHA, SSL_RSA_WITH_RC4_128_MD5, TLS_EMPTY_RENEGOTIATION_INFO_SCSV]
04:01:35.748 [Test worker] DEBUG o.a.h.c.s.SSLConnectionSocketFactory - Starting handshake
04:01:35.814 [Test worker] DEBUG o.a.h.c.s.SSLConnectionSocketFactory - Secure session established
04:01:35.814 [Test worker] DEBUG o.a.h.c.s.SSLConnectionSocketFactory -  negotiated protocol: TLSv1
04:01:35.814 [Test worker] DEBUG o.a.h.c.s.SSLConnectionSocketFactory -  negotiated cipher suite: TLS_ECDHE_RSA_WITH_AES_128_CBC_SHA
04:01:35.814 [Test worker] DEBUG o.a.h.c.s.SSLConnectionSocketFactory -  peer principal: CN=Thesis
04:01:35.815 [Test worker] DEBUG o.a.h.c.s.SSLConnectionSocketFactory -  issuer principal: EMAILADDRESS=sha@yamil.com, CN=Thesis, OU=Open, O=Fra, L=BER, ST=BER, C=DE
04:01:35.815 [Test worker] DEBUG o.a.h.i.c.DefaultHttpClientConnectionOperator - Connection established 127.0.0.1:60970<->127.0.1.1:2376
04:01:35.815 [Test worker] DEBUG o.a.h.impl.execchain.MainClientExec - Executing request GET /images/json?all=true HTTP/1.1
04:01:35.815 [Test worker] DEBUG o.a.h.impl.execchain.MainClientExec - Target auth state: UNCHALLENGED
04:01:35.815 [Test worker] DEBUG o.a.h.impl.execchain.MainClientExec - Proxy auth state: UNCHALLENGED
04:01:35.816 [Test worker] DEBUG org.apache.http.headers - http-outgoing-19 >> GET /images/json?all=true HTTP/1.1
04:01:35.816 [Test worker] DEBUG org.apache.http.headers - http-outgoing-19 >> Accept: application/json
04:01:35.816 [Test worker] DEBUG org.apache.http.headers - http-outgoing-19 >> User-Agent: Jersey/2.23.1 (Apache HttpClient 4.5.1)
04:01:35.816 [Test worker] DEBUG org.apache.http.headers - http-outgoing-19 >> Host: Thesis:2376
04:01:35.816 [Test worker] DEBUG org.apache.http.headers - http-outgoing-19 >> Connection: Keep-Alive
04:01:35.817 [Test worker] DEBUG org.apache.http.headers - http-outgoing-19 >> Accept-Encoding: gzip,deflate
04:01:35.817 [Test worker] DEBUG org.apache.http.wire - http-outgoing-19 >> "GET /images/json?all=true HTTP/1.1[\r][\n]"
04:01:35.817 [Test worker] DEBUG org.apache.http.wire - http-outgoing-19 >> "Accept: application/json[\r][\n]"
04:01:35.817 [Test worker] DEBUG org.apache.http.wire - http-outgoing-19 >> "User-Agent: Jersey/2.23.1 (Apache HttpClient 4.5.1)[\r][\n]"
04:01:35.817 [Test worker] DEBUG org.apache.http.wire - http-outgoing-19 >> "Host: Thesis:2376[\r][\n]"
04:01:35.817 [Test worker] DEBUG org.apache.http.wire - http-outgoing-19 >> "Connection: Keep-Alive[\r][\n]"
04:01:35.818 [Test worker] DEBUG org.apache.http.wire - http-outgoing-19 >> "Accept-Encoding: gzip,deflate[\r][\n]"
04:01:35.818 [Test worker] DEBUG org.apache.http.wire - http-outgoing-19 >> "[\r][\n]"
04:01:35.819 [Test worker] DEBUG org.apache.http.wire - http-outgoing-19 << "H"
04:01:35.819 [Test worker] DEBUG org.apache.http.wire - http-outgoing-19 << "TTP/1.1 200 OK[\r][\n]"
04:01:35.819 [Test worker] DEBUG org.apache.http.wire - http-outgoing-19 << "Content-Type: application/json[\r][\n]"
04:01:35.819 [Test worker] DEBUG org.apache.http.wire - http-outgoing-19 << "Server: Docker/1.12.3 (linux)[\r][\n]"
04:01:35.820 [Test worker] DEBUG org.apache.http.wire - http-outgoing-19 << "Date: Wed, 21 Dec 2016 03:01:35 GMT[\r][\n]"
04:01:35.820 [Test worker] DEBUG org.apache.http.wire - http-outgoing-19 << "Content-Length: 1490[\r][\n]"
04:01:35.820 [Test worker] DEBUG org.apache.http.wire - http-outgoing-19 << "[\r][\n]"
04:01:35.820 [Test worker] DEBUG org.apache.http.wire - http-outgoing-19 << "[{"Id":"sha256:4ca3a192ff2a5b7e225e81dc006b6379c10776ed3619757a65608cb72de0a7f6","ParentId":"","RepoTags":["ubuntu:latest"],"RepoDigests":["ubuntu@sha256:3b64c309deae7ab0f7dbdd42b6b326261ccd6261da5d88396439353162703fb5"],"Created":1480449877,"Size":128206574,"VirtualSize":128206574,"Labels":{}},{"Id":"sha256:aae2b63c49461fcae4962e4a8043f66acf8e3af7e62f5ebceb70b181d8ca01e0","ParentId":"","RepoTags":["ubuntu:14.04"],"RepoDigests":["ubuntu@sha256:edb984703bd3e8981ff541a5b9297ca1b81fde6e6e8094d86e390a38ebc30b4d"],"Created":1480449856,"Size":187952254,"VirtualSize":187952254,"Labels":{}},{"Id":"sha256:e02e811dd08fd49e7f6032625495118e63f597eb150403d02e3238af1df240ba","ParentId":"","RepoTags":["busybox:latest"],"RepoDigests":["busybox@sha256:29f5d56d12684887bdfa50dcd29fc31eea4aaf4ad3bec43daf19026a7ce69912"],"Created":1475874238,"Size":1093484,"VirtualSize":1093484,"Labels":{}},{"Id":"sha256:d654de4499473ed41349b54a988b6f46a7fc92e3fa2d61e102bf2660a0116e25","ParentId":"","RepoTags":["sakib37/iperf3:latest"],"RepoDigests":["sakib37/iperf3@sha256:8d80a810f8f508c074b14d02555f20110eac382c8dbda7252075392983629d40"],"Created":1474907599,"Size":199456654,"VirtualSize":199456654,"Labels":{}},{"Id":"sha256:c54a2cc56cbb2f04003c1cd4507e118af7c0d340fe7e2720f70976c4b75237dc","ParentId":"","RepoTags":["hello-world:latest"],"RepoDigests":["hello-world@sha256:0256e8a36e2070f7bf2d0b0763dbabdd67798512411de4cdcf9431a1feb60fd9"],"Created":1467401967,"Size":1848,"VirtualSize":1848,"Labels":{}}][\n]"
04:01:35.820 [Test worker] DEBUG org.apache.http.headers - http-outgoing-19 << HTTP/1.1 200 OK
04:01:35.820 [Test worker] DEBUG org.apache.http.headers - http-outgoing-19 << Content-Type: application/json
04:01:35.821 [Test worker] DEBUG org.apache.http.headers - http-outgoing-19 << Server: Docker/1.12.3 (linux)
04:01:35.821 [Test worker] DEBUG org.apache.http.headers - http-outgoing-19 << Date: Wed, 21 Dec 2016 03:01:35 GMT
04:01:35.821 [Test worker] DEBUG org.apache.http.headers - http-outgoing-19 << Content-Length: 1490
04:01:35.821 [Test worker] DEBUG o.a.h.impl.execchain.MainClientExec - Connection can be kept alive indefinitely
04:01:35.821 [Test worker] DEBUG c.g.d.j.JerseyDockerCmdExecFactory - 2 * Client response received on thread Test worker
2 < 200
2 < Content-Length: 1490
2 < Content-Type: application/json
2 < Date: Wed, 21 Dec 2016 03:01:35 GMT
2 < Server: Docker/1.12.3 (linux)
[{"Id":"sha256:4ca3a192ff2a5b7e225e81dc006b6379c10776ed3619757a65608cb72de0a7f6","ParentId":"","RepoTags":["ubuntu:latest"],"RepoDigests":["ubuntu@sha256:3b64c309deae7ab0f7dbdd42b6b326261ccd6261da5d88396439353162703fb5"],"Created":1480449877,"Size":128206574,"VirtualSize":128206574,"Labels":{}},{"Id":"sha256:aae2b63c49461fcae4962e4a8043f66acf8e3af7e62f5ebceb70b181d8ca01e0","ParentId":"","RepoTags":["ubuntu:14.04"],"RepoDigests":["ubuntu@sha256:edb984703bd3e8981ff541a5b9297ca1b81fde6e6e8094d86e390a38ebc30b4d"],"Created":1480449856,"Size":187952254,"VirtualSize":187952254,"Labels":{}},{"Id":"sha256:e02e811dd08fd49e7f6032625495118e63f597eb150403d02e3238af1df240ba","ParentId":"","RepoTags":["busybox:latest"],"RepoDigests":["busybox@sha256:29f5d56d12684887bdfa50dcd29fc31eea4aaf4ad3bec43daf19026a7ce69912"],"Created":1475874238,"Size":1093484,"VirtualSize":1093484,"Labels":{}},{"Id":"sha256:d654de4499473ed41349b54a988b6f46a7fc92e3fa2d61e102bf2660a0116e25","ParentId":"","RepoTags":["sakib37/iperf3:latest"],"RepoDigests":["sakib37/iperf3@sha256:8d80a810f8f508c074b14d02555f20110eac382c8dbda7252075392983629d40"],"Created":1474907599,"Size":199456654,"VirtualSize":199456654,"Labels":{}},{"Id":"sha256:c54a2cc56cbb2f04003c1cd4507e118af7c0d340fe7e2720f70976c4b75237dc","ParentId":"","RepoTags":["hello-world:latest"],"RepoDigests":["hello-world@sha256:0256e8a36e2070f7bf2d0b0763dbabdd67798512411de4cdcf9431a1feb60fd9"],"Created":1467401967,"Size":1848,"VirtualSize":1848,"Labels":{}}]


04:01:35.825 [Test worker] DEBUG o.a.h.i.c.DefaultManagedHttpClientConnection - http-outgoing-19: Close connection
04:01:35.825 [Test worker] DEBUG o.a.h.impl.execchain.MainClientExec - Connection discarded
04:01:35.826 [Test worker] DEBUG c.g.d.j.JerseyDockerCmdExecFactory$1 - Connection released: [id: 19][route: {s}->https://Thesis:2376][total kept alive: 0; route allocated: 0 of 2; total allocated: 0 of 20]
Finding launched container Image: ubuntu:latest
Image without tagfalse
Finding launched container Image: ubuntu:14.04
Image without tagfalse
04:01:35.826 [Test worker] DEBUG org.openbaton.docker.DockerVim - Found a docker image, transformed into a NFV Image Image{id='sha256:aae2b63c49461fcae4962e4a8043f66acf8e3af7e62f5ebceb70b181d8ca01e0', name='ubuntu:14.04', version=0, extId='null', minRam='0', minDiskSpace='0', minCPU='null', public='true', diskFormat='null', containerFormat='docker', created='Sun Jan 18 04:14:09 CET 1970', updated='null'}
Cert Path : null
04:01:35.834 [Test worker] DEBUG c.g.d.core.command.AbstrDockerCmd - Cmd: 40a832f1e777fe6fb56d7f4b1de7136563fe8cc1ce33e222857a2540bc062e72,2,com.github.dockerjava.jaxrs.RestartContainerCmdExec@15e9de4c
04:01:35.863 [Test worker] DEBUG c.g.d.j.JerseyDockerCmdExecFactory - 1 * Sending client request on thread Test worker
1 > POST https://Thesis:2376/containers/40a832f1e777fe6fb56d7f4b1de7136563fe8cc1ce33e222857a2540bc062e72/restart?t=2
1 > Accept: application/json

04:01:35.864 [Test worker] DEBUG o.a.h.c.protocol.RequestAddCookies - CookieSpec selected: default
04:01:35.865 [Test worker] DEBUG o.a.h.c.protocol.RequestAuthCache - Auth cache not set in the context
04:01:35.866 [Test worker] DEBUG c.g.d.j.JerseyDockerCmdExecFactory$1 - Connection request: [route: {s}->https://Thesis:2376][total kept alive: 0; route allocated: 0 of 2; total allocated: 0 of 20]
04:01:35.870 [Test worker] DEBUG c.g.d.j.JerseyDockerCmdExecFactory$1 - Connection leased: [id: 20][route: {s}->https://Thesis:2376][total kept alive: 0; route allocated: 1 of 2; total allocated: 1 of 20]
04:01:35.870 [Test worker] DEBUG o.a.h.impl.execchain.MainClientExec - Opening connection {s}->https://Thesis:2376
04:01:35.871 [Test worker] DEBUG o.a.h.i.c.DefaultHttpClientConnectionOperator - Connecting to Thesis/127.0.1.1:2376
04:01:35.871 [Test worker] DEBUG o.a.h.c.s.SSLConnectionSocketFactory - Connecting socket to Thesis/127.0.1.1:2376 with timeout 0
04:01:35.872 [Test worker] DEBUG o.a.h.c.s.SSLConnectionSocketFactory - Enabled protocols: [TLSv1]
04:01:35.872 [Test worker] DEBUG o.a.h.c.s.SSLConnectionSocketFactory - Enabled cipher suites:[TLS_ECDHE_ECDSA_WITH_AES_128_CBC_SHA, TLS_ECDHE_RSA_WITH_AES_128_CBC_SHA, TLS_RSA_WITH_AES_128_CBC_SHA, TLS_ECDH_ECDSA_WITH_AES_128_CBC_SHA, TLS_ECDH_RSA_WITH_AES_128_CBC_SHA, TLS_DHE_RSA_WITH_AES_128_CBC_SHA, TLS_DHE_DSS_WITH_AES_128_CBC_SHA, TLS_ECDHE_ECDSA_WITH_3DES_EDE_CBC_SHA, TLS_ECDHE_RSA_WITH_3DES_EDE_CBC_SHA, SSL_RSA_WITH_3DES_EDE_CBC_SHA, TLS_ECDH_ECDSA_WITH_3DES_EDE_CBC_SHA, TLS_ECDH_RSA_WITH_3DES_EDE_CBC_SHA, SSL_DHE_RSA_WITH_3DES_EDE_CBC_SHA, SSL_DHE_DSS_WITH_3DES_EDE_CBC_SHA, TLS_ECDHE_ECDSA_WITH_RC4_128_SHA, TLS_ECDHE_RSA_WITH_RC4_128_SHA, SSL_RSA_WITH_RC4_128_SHA, TLS_ECDH_ECDSA_WITH_RC4_128_SHA, TLS_ECDH_RSA_WITH_RC4_128_SHA, SSL_RSA_WITH_RC4_128_MD5, TLS_EMPTY_RENEGOTIATION_INFO_SCSV]
04:01:35.872 [Test worker] DEBUG o.a.h.c.s.SSLConnectionSocketFactory - Starting handshake
04:01:35.945 [Test worker] DEBUG o.a.h.c.s.SSLConnectionSocketFactory - Secure session established
04:01:35.945 [Test worker] DEBUG o.a.h.c.s.SSLConnectionSocketFactory -  negotiated protocol: TLSv1
04:01:35.945 [Test worker] DEBUG o.a.h.c.s.SSLConnectionSocketFactory -  negotiated cipher suite: TLS_ECDHE_RSA_WITH_AES_128_CBC_SHA
04:01:35.946 [Test worker] DEBUG o.a.h.c.s.SSLConnectionSocketFactory -  peer principal: CN=Thesis
04:01:35.946 [Test worker] DEBUG o.a.h.c.s.SSLConnectionSocketFactory -  issuer principal: EMAILADDRESS=sha@yamil.com, CN=Thesis, OU=Open, O=Fra, L=BER, ST=BER, C=DE
04:01:35.946 [Test worker] DEBUG o.a.h.i.c.DefaultHttpClientConnectionOperator - Connection established 127.0.0.1:60972<->127.0.1.1:2376
04:01:35.946 [Test worker] DEBUG o.a.h.impl.execchain.MainClientExec - Executing request POST /containers/40a832f1e777fe6fb56d7f4b1de7136563fe8cc1ce33e222857a2540bc062e72/restart?t=2 HTTP/1.1
04:01:35.946 [Test worker] DEBUG o.a.h.impl.execchain.MainClientExec - Target auth state: UNCHALLENGED
04:01:35.947 [Test worker] DEBUG o.a.h.impl.execchain.MainClientExec - Proxy auth state: UNCHALLENGED
04:01:35.947 [Test worker] DEBUG org.apache.http.headers - http-outgoing-20 >> POST /containers/40a832f1e777fe6fb56d7f4b1de7136563fe8cc1ce33e222857a2540bc062e72/restart?t=2 HTTP/1.1
04:01:35.947 [Test worker] DEBUG org.apache.http.headers - http-outgoing-20 >> Accept: application/json
04:01:35.947 [Test worker] DEBUG org.apache.http.headers - http-outgoing-20 >> User-Agent: Jersey/2.23.1 (Apache HttpClient 4.5.1)
04:01:35.947 [Test worker] DEBUG org.apache.http.headers - http-outgoing-20 >> Host: Thesis:2376
04:01:35.947 [Test worker] DEBUG org.apache.http.headers - http-outgoing-20 >> Connection: Keep-Alive
04:01:35.947 [Test worker] DEBUG org.apache.http.headers - http-outgoing-20 >> Accept-Encoding: gzip,deflate
04:01:35.948 [Test worker] DEBUG org.apache.http.wire - http-outgoing-20 >> "POST /containers/40a832f1e777fe6fb56d7f4b1de7136563fe8cc1ce33e222857a2540bc062e72/restart?t=2 HTTP/1.1[\r][\n]"
04:01:35.948 [Test worker] DEBUG org.apache.http.wire - http-outgoing-20 >> "Accept: application/json[\r][\n]"
04:01:35.948 [Test worker] DEBUG org.apache.http.wire - http-outgoing-20 >> "User-Agent: Jersey/2.23.1 (Apache HttpClient 4.5.1)[\r][\n]"
04:01:35.948 [Test worker] DEBUG org.apache.http.wire - http-outgoing-20 >> "Host: Thesis:2376[\r][\n]"
04:01:35.948 [Test worker] DEBUG org.apache.http.wire - http-outgoing-20 >> "Connection: Keep-Alive[\r][\n]"
04:01:35.948 [Test worker] DEBUG org.apache.http.wire - http-outgoing-20 >> "Accept-Encoding: gzip,deflate[\r][\n]"
04:01:35.949 [Test worker] DEBUG org.apache.http.wire - http-outgoing-20 >> "[\r][\n]"
04:01:38.177 [Test worker] DEBUG org.apache.http.wire - http-outgoing-20 << "H"
04:01:38.178 [Test worker] DEBUG org.apache.http.wire - http-outgoing-20 << "TTP/1.1 204 No Content[\r][\n]"
04:01:38.178 [Test worker] DEBUG org.apache.http.wire - http-outgoing-20 << "Server: Docker/1.12.3 (linux)[\r][\n]"
04:01:38.178 [Test worker] DEBUG org.apache.http.wire - http-outgoing-20 << "Date: Wed, 21 Dec 2016 03:01:38 GMT[\r][\n]"
04:01:38.178 [Test worker] DEBUG org.apache.http.wire - http-outgoing-20 << "[\r][\n]"
04:01:38.178 [Test worker] DEBUG org.apache.http.headers - http-outgoing-20 << HTTP/1.1 204 No Content
04:01:38.178 [Test worker] DEBUG org.apache.http.headers - http-outgoing-20 << Server: Docker/1.12.3 (linux)
04:01:38.178 [Test worker] DEBUG org.apache.http.headers - http-outgoing-20 << Date: Wed, 21 Dec 2016 03:01:38 GMT
04:01:38.178 [Test worker] DEBUG o.a.h.impl.execchain.MainClientExec - Connection can be kept alive indefinitely
04:01:38.178 [Test worker] DEBUG c.g.d.j.JerseyDockerCmdExecFactory$1 - Connection [id: 20][route: {s}->https://Thesis:2376][state: CN=Thesis] can be kept alive indefinitely
04:01:38.178 [Test worker] DEBUG c.g.d.j.JerseyDockerCmdExecFactory$1 - Connection released: [id: 20][route: {s}->https://Thesis:2376][state: CN=Thesis][total kept alive: 1; route allocated: 1 of 2; total allocated: 1 of 20]
04:01:38.179 [Test worker] DEBUG c.g.d.j.JerseyDockerCmdExecFactory - 2 * Client response received on thread Test worker
2 < 204
2 < Date: Wed, 21 Dec 2016 03:01:38 GMT
2 < Server: Docker/1.12.3 (linux)

04:01:38.179 [Test worker] DEBUG c.g.d.core.command.AbstrDockerCmd - Cmd: 5a30f19dac10c223dbe71b1245ebc6269c8438db4bef2ef5c9428ed0fa719c10,40a832f1e777fe6fb56d7f4b1de7136563fe8cc1ce33e222857a2540bc062e72,com.github.dockerjava.api.model.ContainerNetwork@6189e0be[ipamConfig=com.github.dockerjava.api.model.ContainerNetwork$Ipam@23020bf9,links=<null>,aliases=<null>,networkID=<null>,endpointId=<null>,gateway=<null>,ipAddress=<null>,ipPrefixLen=<null>,ipV6Gateway=<null>,globalIPv6Address=<null>,globalIPv6PrefixLen=<null>,macAddress=<null>],com.github.dockerjava.jaxrs.ConnectToNetworkCmdExec@5b601a63
04:01:38.180 [Test worker] DEBUG o.a.h.c.protocol.RequestAddCookies - CookieSpec selected: default
04:01:38.180 [Test worker] DEBUG o.a.h.c.protocol.RequestAuthCache - Auth cache not set in the context
04:01:38.180 [Test worker] DEBUG c.g.d.j.JerseyDockerCmdExecFactory$1 - Connection request: [route: {s}->https://Thesis:2376][total kept alive: 1; route allocated: 1 of 2; total allocated: 1 of 20]
04:01:38.180 [Test worker] DEBUG c.g.d.j.JerseyDockerCmdExecFactory$1 - Connection leased: [id: 21][route: {s}->https://Thesis:2376][total kept alive: 1; route allocated: 2 of 2; total allocated: 2 of 20]
04:01:38.180 [Test worker] DEBUG o.a.h.impl.execchain.MainClientExec - Opening connection {s}->https://Thesis:2376
04:01:38.181 [Test worker] DEBUG o.a.h.i.c.DefaultHttpClientConnectionOperator - Connecting to Thesis/127.0.1.1:2376
04:01:38.181 [Test worker] DEBUG o.a.h.c.s.SSLConnectionSocketFactory - Connecting socket to Thesis/127.0.1.1:2376 with timeout 0
04:01:38.183 [Test worker] DEBUG o.a.h.c.s.SSLConnectionSocketFactory - Enabled protocols: [TLSv1]
04:01:38.183 [Test worker] DEBUG o.a.h.c.s.SSLConnectionSocketFactory - Enabled cipher suites:[TLS_ECDHE_ECDSA_WITH_AES_128_CBC_SHA, TLS_ECDHE_RSA_WITH_AES_128_CBC_SHA, TLS_RSA_WITH_AES_128_CBC_SHA, TLS_ECDH_ECDSA_WITH_AES_128_CBC_SHA, TLS_ECDH_RSA_WITH_AES_128_CBC_SHA, TLS_DHE_RSA_WITH_AES_128_CBC_SHA, TLS_DHE_DSS_WITH_AES_128_CBC_SHA, TLS_ECDHE_ECDSA_WITH_3DES_EDE_CBC_SHA, TLS_ECDHE_RSA_WITH_3DES_EDE_CBC_SHA, SSL_RSA_WITH_3DES_EDE_CBC_SHA, TLS_ECDH_ECDSA_WITH_3DES_EDE_CBC_SHA, TLS_ECDH_RSA_WITH_3DES_EDE_CBC_SHA, SSL_DHE_RSA_WITH_3DES_EDE_CBC_SHA, SSL_DHE_DSS_WITH_3DES_EDE_CBC_SHA, TLS_ECDHE_ECDSA_WITH_RC4_128_SHA, TLS_ECDHE_RSA_WITH_RC4_128_SHA, SSL_RSA_WITH_RC4_128_SHA, TLS_ECDH_ECDSA_WITH_RC4_128_SHA, TLS_ECDH_RSA_WITH_RC4_128_SHA, SSL_RSA_WITH_RC4_128_MD5, TLS_EMPTY_RENEGOTIATION_INFO_SCSV]
04:01:38.184 [Test worker] DEBUG o.a.h.c.s.SSLConnectionSocketFactory - Starting handshake
04:01:38.248 [Test worker] DEBUG o.a.h.c.s.SSLConnectionSocketFactory - Secure session established
04:01:38.249 [Test worker] DEBUG o.a.h.c.s.SSLConnectionSocketFactory -  negotiated protocol: TLSv1
04:01:38.249 [Test worker] DEBUG o.a.h.c.s.SSLConnectionSocketFactory -  negotiated cipher suite: TLS_ECDHE_RSA_WITH_AES_128_CBC_SHA
04:01:38.249 [Test worker] DEBUG o.a.h.c.s.SSLConnectionSocketFactory -  peer principal: CN=Thesis
04:01:38.249 [Test worker] DEBUG o.a.h.c.s.SSLConnectionSocketFactory -  issuer principal: EMAILADDRESS=sha@yamil.com, CN=Thesis, OU=Open, O=Fra, L=BER, ST=BER, C=DE
04:01:38.249 [Test worker] DEBUG o.a.h.i.c.DefaultHttpClientConnectionOperator - Connection established 127.0.0.1:60974<->127.0.1.1:2376
04:01:38.250 [Test worker] DEBUG o.a.h.impl.execchain.MainClientExec - Executing request POST /networks/5a30f19dac10c223dbe71b1245ebc6269c8438db4bef2ef5c9428ed0fa719c10/connect HTTP/1.1
04:01:38.250 [Test worker] DEBUG o.a.h.impl.execchain.MainClientExec - Target auth state: UNCHALLENGED
04:01:38.250 [Test worker] DEBUG o.a.h.impl.execchain.MainClientExec - Proxy auth state: UNCHALLENGED
04:01:38.250 [Test worker] DEBUG org.apache.http.headers - http-outgoing-21 >> POST /networks/5a30f19dac10c223dbe71b1245ebc6269c8438db4bef2ef5c9428ed0fa719c10/connect HTTP/1.1
04:01:38.250 [Test worker] DEBUG org.apache.http.headers - http-outgoing-21 >> Content-Type: application/json
04:01:38.250 [Test worker] DEBUG org.apache.http.headers - http-outgoing-21 >> User-Agent: Jersey/2.23.1 (Apache HttpClient 4.5.1)
04:01:38.251 [Test worker] DEBUG org.apache.http.headers - http-outgoing-21 >> Transfer-Encoding: chunked
04:01:38.251 [Test worker] DEBUG org.apache.http.headers - http-outgoing-21 >> Host: Thesis:2376
04:01:38.251 [Test worker] DEBUG org.apache.http.headers - http-outgoing-21 >> Connection: Keep-Alive
04:01:38.251 [Test worker] DEBUG org.apache.http.headers - http-outgoing-21 >> Accept-Encoding: gzip,deflate
04:01:38.264 [Test worker] DEBUG c.g.d.j.JerseyDockerCmdExecFactory - 3 * Sending client request on thread Test worker
3 > POST https://Thesis:2376/networks/5a30f19dac10c223dbe71b1245ebc6269c8438db4bef2ef5c9428ed0fa719c10/connect
3 > Content-Type: application/json
{"containerConfig":{"IPAMConfig":{"IPv4Address":null,"IPv6Address":null},"Links":null,"Aliases":null,"NetworkID":null,"EndpointID":null,"Gateway":null,"IPAddress":null,"IPPrefixLen":null,"IPv6Gateway":null,"GlobalIPv6Address":null,"GlobalIPv6PrefixLen":null,"MacAddress":null},"Container":"40a832f1e777fe6fb56d7f4b1de7136563fe8cc1ce33e222857a2540bc062e72","EndpointConfig":{"IPAMConfig":{"IPv4Address":null,"IPv6Address":null},"Links":null,"Aliases":null,"NetworkID":null,"EndpointID":null,"Gateway":null,"IPAddress":null,"IPPrefixLen":null,"IPv6Gateway":null,"GlobalIPv6Address":null,"GlobalIPv6PrefixLen":null,"MacAddress":null}}

04:01:38.265 [Test worker] DEBUG org.apache.http.wire - http-outgoing-21 >> "POST /networks/5a30f19dac10c223dbe71b1245ebc6269c8438db4bef2ef5c9428ed0fa719c10/connect HTTP/1.1[\r][\n]"
04:01:38.265 [Test worker] DEBUG org.apache.http.wire - http-outgoing-21 >> "Content-Type: application/json[\r][\n]"
04:01:38.265 [Test worker] DEBUG org.apache.http.wire - http-outgoing-21 >> "User-Agent: Jersey/2.23.1 (Apache HttpClient 4.5.1)[\r][\n]"
04:01:38.265 [Test worker] DEBUG org.apache.http.wire - http-outgoing-21 >> "Transfer-Encoding: chunked[\r][\n]"
04:01:38.265 [Test worker] DEBUG org.apache.http.wire - http-outgoing-21 >> "Host: Thesis:2376[\r][\n]"
04:01:38.265 [Test worker] DEBUG org.apache.http.wire - http-outgoing-21 >> "Connection: Keep-Alive[\r][\n]"
04:01:38.265 [Test worker] DEBUG org.apache.http.wire - http-outgoing-21 >> "Accept-Encoding: gzip,deflate[\r][\n]"
04:01:38.266 [Test worker] DEBUG org.apache.http.wire - http-outgoing-21 >> "[\r][\n]"
04:01:38.266 [Test worker] DEBUG org.apache.http.wire - http-outgoing-21 >> "277[\r][\n]"
04:01:38.266 [Test worker] DEBUG org.apache.http.wire - http-outgoing-21 >> "{"containerConfig":{"IPAMConfig":{"IPv4Address":null,"IPv6Address":null},"Links":null,"Aliases":null,"NetworkID":null,"EndpointID":null,"Gateway":null,"IPAddress":null,"IPPrefixLen":null,"IPv6Gateway":null,"GlobalIPv6Address":null,"GlobalIPv6PrefixLen":null,"MacAddress":null},"Container":"40a832f1e777fe6fb56d7f4b1de7136563fe8cc1ce33e222857a2540bc062e72","EndpointConfig":{"IPAMConfig":{"IPv4Address":null,"IPv6Address":null},"Links":null,"Aliases":null,"NetworkID":null,"EndpointID":null,"Gateway":null,"IPAddress":null,"IPPrefixLen":null,"IPv6Gateway":null,"GlobalIPv6Address":null,"GlobalIPv6PrefixLen":null,"MacAddress":null}}[\r][\n]"
04:01:38.266 [Test worker] DEBUG org.apache.http.wire - http-outgoing-21 >> "0[\r][\n]"
04:01:38.266 [Test worker] DEBUG org.apache.http.wire - http-outgoing-21 >> "[\r][\n]"
04:01:38.368 [Test worker] DEBUG org.apache.http.wire - http-outgoing-21 << "H"
04:01:38.368 [Test worker] DEBUG org.apache.http.wire - http-outgoing-21 << "TTP/1.1 200 OK[\r][\n]"
04:01:38.368 [Test worker] DEBUG org.apache.http.wire - http-outgoing-21 << "Server: Docker/1.12.3 (linux)[\r][\n]"
04:01:38.368 [Test worker] DEBUG org.apache.http.wire - http-outgoing-21 << "Date: Wed, 21 Dec 2016 03:01:38 GMT[\r][\n]"
04:01:38.368 [Test worker] DEBUG org.apache.http.wire - http-outgoing-21 << "Content-Length: 0[\r][\n]"
04:01:38.368 [Test worker] DEBUG org.apache.http.wire - http-outgoing-21 << "Content-Type: text/plain; charset=utf-8[\r][\n]"
04:01:38.368 [Test worker] DEBUG org.apache.http.wire - http-outgoing-21 << "[\r][\n]"
04:01:38.368 [Test worker] DEBUG org.apache.http.headers - http-outgoing-21 << HTTP/1.1 200 OK
04:01:38.368 [Test worker] DEBUG org.apache.http.headers - http-outgoing-21 << Server: Docker/1.12.3 (linux)
04:01:38.368 [Test worker] DEBUG org.apache.http.headers - http-outgoing-21 << Date: Wed, 21 Dec 2016 03:01:38 GMT
04:01:38.368 [Test worker] DEBUG org.apache.http.headers - http-outgoing-21 << Content-Length: 0
04:01:38.368 [Test worker] DEBUG org.apache.http.headers - http-outgoing-21 << Content-Type: text/plain; charset=utf-8
04:01:38.368 [Test worker] DEBUG o.a.h.impl.execchain.MainClientExec - Connection can be kept alive indefinitely
04:01:38.369 [Test worker] DEBUG c.g.d.j.JerseyDockerCmdExecFactory$1 - Connection [id: 21][route: {s}->https://Thesis:2376][state: CN=Thesis] can be kept alive indefinitely
04:01:38.369 [Test worker] DEBUG c.g.d.j.JerseyDockerCmdExecFactory$1 - Connection released: [id: 21][route: {s}->https://Thesis:2376][state: CN=Thesis][total kept alive: 2; route allocated: 2 of 2; total allocated: 2 of 20]
04:01:38.369 [Test worker] DEBUG c.g.d.j.JerseyDockerCmdExecFactory - 4 * Client response received on thread Test worker
4 < 200
4 < Content-Length: 0
4 < Content-Type: application/json;charset=utf-8
4 < Date: Wed, 21 Dec 2016 03:01:38 GMT
4 < Server: Docker/1.12.3 (linux)

04:01:38.369 [Test worker] DEBUG c.g.d.core.command.AbstrDockerCmd - Cmd: 5a30f19dac10c223dbe71b1245ebc6269c8438db4bef2ef5c9428ed0fa719c10,com.github.dockerjava.jaxrs.InspectNetworkCmdExec@24debc06
04:01:38.370 [Test worker] DEBUG c.g.d.jaxrs.ListNetworksCmdExec - GET: JerseyWebTarget { https://Thesis:2376/networks/5a30f19dac10c223dbe71b1245ebc6269c8438db4bef2ef5c9428ed0fa719c10 }
04:01:38.370 [Test worker] DEBUG c.g.d.j.JerseyDockerCmdExecFactory - 5 * Sending client request on thread Test worker
5 > GET https://Thesis:2376/networks/5a30f19dac10c223dbe71b1245ebc6269c8438db4bef2ef5c9428ed0fa719c10
5 > Accept: application/json

04:01:38.370 [Test worker] DEBUG o.a.h.c.protocol.RequestAddCookies - CookieSpec selected: default
04:01:38.370 [Test worker] DEBUG o.a.h.c.protocol.RequestAuthCache - Auth cache not set in the context
04:01:38.370 [Test worker] DEBUG c.g.d.j.JerseyDockerCmdExecFactory$1 - Connection request: [route: {s}->https://Thesis:2376][total kept alive: 2; route allocated: 2 of 2; total allocated: 2 of 20]
04:01:38.370 [Test worker] DEBUG o.a.h.i.c.DefaultManagedHttpClientConnection - http-outgoing-20: Close connection
04:01:38.370 [Test worker] DEBUG c.g.d.j.JerseyDockerCmdExecFactory$1 - Connection leased: [id: 22][route: {s}->https://Thesis:2376][total kept alive: 1; route allocated: 2 of 2; total allocated: 2 of 20]
04:01:38.370 [Test worker] DEBUG o.a.h.impl.execchain.MainClientExec - Opening connection {s}->https://Thesis:2376
04:01:38.371 [Test worker] DEBUG o.a.h.i.c.DefaultHttpClientConnectionOperator - Connecting to Thesis/127.0.1.1:2376
04:01:38.371 [Test worker] DEBUG o.a.h.c.s.SSLConnectionSocketFactory - Connecting socket to Thesis/127.0.1.1:2376 with timeout 0
04:01:38.373 [Test worker] DEBUG o.a.h.c.s.SSLConnectionSocketFactory - Enabled protocols: [TLSv1]
04:01:38.373 [Test worker] DEBUG o.a.h.c.s.SSLConnectionSocketFactory - Enabled cipher suites:[TLS_ECDHE_ECDSA_WITH_AES_128_CBC_SHA, TLS_ECDHE_RSA_WITH_AES_128_CBC_SHA, TLS_RSA_WITH_AES_128_CBC_SHA, TLS_ECDH_ECDSA_WITH_AES_128_CBC_SHA, TLS_ECDH_RSA_WITH_AES_128_CBC_SHA, TLS_DHE_RSA_WITH_AES_128_CBC_SHA, TLS_DHE_DSS_WITH_AES_128_CBC_SHA, TLS_ECDHE_ECDSA_WITH_3DES_EDE_CBC_SHA, TLS_ECDHE_RSA_WITH_3DES_EDE_CBC_SHA, SSL_RSA_WITH_3DES_EDE_CBC_SHA, TLS_ECDH_ECDSA_WITH_3DES_EDE_CBC_SHA, TLS_ECDH_RSA_WITH_3DES_EDE_CBC_SHA, SSL_DHE_RSA_WITH_3DES_EDE_CBC_SHA, SSL_DHE_DSS_WITH_3DES_EDE_CBC_SHA, TLS_ECDHE_ECDSA_WITH_RC4_128_SHA, TLS_ECDHE_RSA_WITH_RC4_128_SHA, SSL_RSA_WITH_RC4_128_SHA, TLS_ECDH_ECDSA_WITH_RC4_128_SHA, TLS_ECDH_RSA_WITH_RC4_128_SHA, SSL_RSA_WITH_RC4_128_MD5, TLS_EMPTY_RENEGOTIATION_INFO_SCSV]
04:01:38.373 [Test worker] DEBUG o.a.h.c.s.SSLConnectionSocketFactory - Starting handshake
04:01:38.440 [Test worker] DEBUG o.a.h.c.s.SSLConnectionSocketFactory - Secure session established
04:01:38.440 [Test worker] DEBUG o.a.h.c.s.SSLConnectionSocketFactory -  negotiated protocol: TLSv1
04:01:38.440 [Test worker] DEBUG o.a.h.c.s.SSLConnectionSocketFactory -  negotiated cipher suite: TLS_ECDHE_RSA_WITH_AES_128_CBC_SHA
04:01:38.440 [Test worker] DEBUG o.a.h.c.s.SSLConnectionSocketFactory -  peer principal: CN=Thesis
04:01:38.441 [Test worker] DEBUG o.a.h.c.s.SSLConnectionSocketFactory -  issuer principal: EMAILADDRESS=sha@yamil.com, CN=Thesis, OU=Open, O=Fra, L=BER, ST=BER, C=DE
04:01:38.442 [Test worker] DEBUG o.a.h.i.c.DefaultHttpClientConnectionOperator - Connection established 127.0.0.1:60976<->127.0.1.1:2376
04:01:38.442 [Test worker] DEBUG o.a.h.impl.execchain.MainClientExec - Executing request GET /networks/5a30f19dac10c223dbe71b1245ebc6269c8438db4bef2ef5c9428ed0fa719c10 HTTP/1.1
04:01:38.442 [Test worker] DEBUG o.a.h.impl.execchain.MainClientExec - Target auth state: UNCHALLENGED
04:01:38.443 [Test worker] DEBUG o.a.h.impl.execchain.MainClientExec - Proxy auth state: UNCHALLENGED
04:01:38.443 [Test worker] DEBUG org.apache.http.headers - http-outgoing-22 >> GET /networks/5a30f19dac10c223dbe71b1245ebc6269c8438db4bef2ef5c9428ed0fa719c10 HTTP/1.1
04:01:38.443 [Test worker] DEBUG org.apache.http.headers - http-outgoing-22 >> Accept: application/json
04:01:38.443 [Test worker] DEBUG org.apache.http.headers - http-outgoing-22 >> User-Agent: Jersey/2.23.1 (Apache HttpClient 4.5.1)
04:01:38.443 [Test worker] DEBUG org.apache.http.headers - http-outgoing-22 >> Host: Thesis:2376
04:01:38.443 [Test worker] DEBUG org.apache.http.headers - http-outgoing-22 >> Connection: Keep-Alive
04:01:38.444 [Test worker] DEBUG org.apache.http.headers - http-outgoing-22 >> Accept-Encoding: gzip,deflate
04:01:38.444 [Test worker] DEBUG org.apache.http.wire - http-outgoing-22 >> "GET /networks/5a30f19dac10c223dbe71b1245ebc6269c8438db4bef2ef5c9428ed0fa719c10 HTTP/1.1[\r][\n]"
04:01:38.444 [Test worker] DEBUG org.apache.http.wire - http-outgoing-22 >> "Accept: application/json[\r][\n]"
04:01:38.444 [Test worker] DEBUG org.apache.http.wire - http-outgoing-22 >> "User-Agent: Jersey/2.23.1 (Apache HttpClient 4.5.1)[\r][\n]"
04:01:38.444 [Test worker] DEBUG org.apache.http.wire - http-outgoing-22 >> "Host: Thesis:2376[\r][\n]"
04:01:38.444 [Test worker] DEBUG org.apache.http.wire - http-outgoing-22 >> "Connection: Keep-Alive[\r][\n]"
04:01:38.444 [Test worker] DEBUG org.apache.http.wire - http-outgoing-22 >> "Accept-Encoding: gzip,deflate[\r][\n]"
04:01:38.445 [Test worker] DEBUG org.apache.http.wire - http-outgoing-22 >> "[\r][\n]"
04:01:38.445 [Test worker] DEBUG org.apache.http.wire - http-outgoing-22 << "H"
04:01:38.446 [Test worker] DEBUG org.apache.http.wire - http-outgoing-22 << "TTP/1.1 200 OK[\r][\n]"
04:01:38.446 [Test worker] DEBUG org.apache.http.wire - http-outgoing-22 << "Content-Type: application/json[\r][\n]"
04:01:38.446 [Test worker] DEBUG org.apache.http.wire - http-outgoing-22 << "Server: Docker/1.12.3 (linux)[\r][\n]"
04:01:38.446 [Test worker] DEBUG org.apache.http.wire - http-outgoing-22 << "Date: Wed, 21 Dec 2016 03:01:38 GMT[\r][\n]"
04:01:38.446 [Test worker] DEBUG org.apache.http.wire - http-outgoing-22 << "Content-Length: 560[\r][\n]"
04:01:38.446 [Test worker] DEBUG org.apache.http.wire - http-outgoing-22 << "[\r][\n]"
04:01:38.447 [Test worker] DEBUG org.apache.http.wire - http-outgoing-22 << "{"Name":"MyNetwork","Id":"5a30f19dac10c223dbe71b1245ebc6269c8438db4bef2ef5c9428ed0fa719c10","Scope":"local","Driver":"bridge","EnableIPv6":false,"IPAM":{"Driver":"default","Options":null,"Config":[{"Subnet":"172.18.0.0/16","Gateway":"172.18.0.1/16"}]},"Internal":false,"Containers":{"40a832f1e777fe6fb56d7f4b1de7136563fe8cc1ce33e222857a2540bc062e72":{"Name":"MyContainer","EndpointID":"eb1c1229dc0005aeaff9fa1b2d4506d45de249f12ff340555fe0e986c277a688","MacAddress":"02:42:ac:12:00:02","IPv4Address":"172.18.0.2/16","IPv6Address":""}},"Options":{},"Labels":{}}[\n]"
04:01:38.447 [Test worker] DEBUG org.apache.http.headers - http-outgoing-22 << HTTP/1.1 200 OK
04:01:38.447 [Test worker] DEBUG org.apache.http.headers - http-outgoing-22 << Content-Type: application/json
04:01:38.447 [Test worker] DEBUG org.apache.http.headers - http-outgoing-22 << Server: Docker/1.12.3 (linux)
04:01:38.447 [Test worker] DEBUG org.apache.http.headers - http-outgoing-22 << Date: Wed, 21 Dec 2016 03:01:38 GMT
04:01:38.447 [Test worker] DEBUG org.apache.http.headers - http-outgoing-22 << Content-Length: 560
04:01:38.448 [Test worker] DEBUG o.a.h.impl.execchain.MainClientExec - Connection can be kept alive indefinitely
04:01:38.448 [Test worker] DEBUG c.g.d.j.JerseyDockerCmdExecFactory - 6 * Client response received on thread Test worker
6 < 200
6 < Content-Length: 560
6 < Content-Type: application/json
6 < Date: Wed, 21 Dec 2016 03:01:38 GMT
6 < Server: Docker/1.12.3 (linux)
{"Name":"MyNetwork","Id":"5a30f19dac10c223dbe71b1245ebc6269c8438db4bef2ef5c9428ed0fa719c10","Scope":"local","Driver":"bridge","EnableIPv6":false,"IPAM":{"Driver":"default","Options":null,"Config":[{"Subnet":"172.18.0.0/16","Gateway":"172.18.0.1/16"}]},"Internal":false,"Containers":{"40a832f1e777fe6fb56d7f4b1de7136563fe8cc1ce33e222857a2540bc062e72":{"Name":"MyContainer","EndpointID":"eb1c1229dc0005aeaff9fa1b2d4506d45de249f12ff340555fe0e986c277a688","MacAddress":"02:42:ac:12:00:02","IPv4Address":"172.18.0.2/16","IPv6Address":""}},"Options":{},"Labels":{}}


04:01:38.461 [Test worker] DEBUG o.a.h.i.c.DefaultManagedHttpClientConnection - http-outgoing-22: Close connection
04:01:38.461 [Test worker] DEBUG o.a.h.impl.execchain.MainClientExec - Connection discarded
04:01:38.462 [Test worker] DEBUG c.g.d.j.JerseyDockerCmdExecFactory$1 - Connection released: [id: 22][route: {s}->https://Thesis:2376][total kept alive: 1; route allocated: 1 of 2; total allocated: 1 of 20]
04:01:38.462 [Test worker] INFO  org.openbaton.docker.DockerVim - Container connected to the Network Successfully
Cert Path : null
04:01:38.485 [Test worker] DEBUG c.g.d.core.command.AbstrDockerCmd - Cmd: 40a832f1e777fe6fb56d7f4b1de7136563fe8cc1ce33e222857a2540bc062e72,2,com.github.dockerjava.jaxrs.RestartContainerCmdExec@47ab606b
04:01:38.510 [Test worker] DEBUG c.g.d.j.JerseyDockerCmdExecFactory - 1 * Sending client request on thread Test worker
1 > POST https://Thesis:2376/containers/40a832f1e777fe6fb56d7f4b1de7136563fe8cc1ce33e222857a2540bc062e72/restart?t=2
1 > Accept: application/json

04:01:38.513 [Test worker] DEBUG o.a.h.c.protocol.RequestAddCookies - CookieSpec selected: default
04:01:38.513 [Test worker] DEBUG o.a.h.c.protocol.RequestAuthCache - Auth cache not set in the context
04:01:38.513 [Test worker] DEBUG c.g.d.j.JerseyDockerCmdExecFactory$1 - Connection request: [route: {s}->https://Thesis:2376][total kept alive: 0; route allocated: 0 of 2; total allocated: 0 of 20]
04:01:38.513 [Test worker] DEBUG c.g.d.j.JerseyDockerCmdExecFactory$1 - Connection leased: [id: 23][route: {s}->https://Thesis:2376][total kept alive: 0; route allocated: 1 of 2; total allocated: 1 of 20]
04:01:38.513 [Test worker] DEBUG o.a.h.impl.execchain.MainClientExec - Opening connection {s}->https://Thesis:2376
04:01:38.514 [Test worker] DEBUG o.a.h.i.c.DefaultHttpClientConnectionOperator - Connecting to Thesis/127.0.1.1:2376
04:01:38.514 [Test worker] DEBUG o.a.h.c.s.SSLConnectionSocketFactory - Connecting socket to Thesis/127.0.1.1:2376 with timeout 0
04:01:38.515 [Test worker] DEBUG o.a.h.c.s.SSLConnectionSocketFactory - Enabled protocols: [TLSv1]
04:01:38.515 [Test worker] DEBUG o.a.h.c.s.SSLConnectionSocketFactory - Enabled cipher suites:[TLS_ECDHE_ECDSA_WITH_AES_128_CBC_SHA, TLS_ECDHE_RSA_WITH_AES_128_CBC_SHA, TLS_RSA_WITH_AES_128_CBC_SHA, TLS_ECDH_ECDSA_WITH_AES_128_CBC_SHA, TLS_ECDH_RSA_WITH_AES_128_CBC_SHA, TLS_DHE_RSA_WITH_AES_128_CBC_SHA, TLS_DHE_DSS_WITH_AES_128_CBC_SHA, TLS_ECDHE_ECDSA_WITH_3DES_EDE_CBC_SHA, TLS_ECDHE_RSA_WITH_3DES_EDE_CBC_SHA, SSL_RSA_WITH_3DES_EDE_CBC_SHA, TLS_ECDH_ECDSA_WITH_3DES_EDE_CBC_SHA, TLS_ECDH_RSA_WITH_3DES_EDE_CBC_SHA, SSL_DHE_RSA_WITH_3DES_EDE_CBC_SHA, SSL_DHE_DSS_WITH_3DES_EDE_CBC_SHA, TLS_ECDHE_ECDSA_WITH_RC4_128_SHA, TLS_ECDHE_RSA_WITH_RC4_128_SHA, SSL_RSA_WITH_RC4_128_SHA, TLS_ECDH_ECDSA_WITH_RC4_128_SHA, TLS_ECDH_RSA_WITH_RC4_128_SHA, SSL_RSA_WITH_RC4_128_MD5, TLS_EMPTY_RENEGOTIATION_INFO_SCSV]
04:01:38.515 [Test worker] DEBUG o.a.h.c.s.SSLConnectionSocketFactory - Starting handshake
04:01:38.580 [Test worker] DEBUG o.a.h.c.s.SSLConnectionSocketFactory - Secure session established
04:01:38.581 [Test worker] DEBUG o.a.h.c.s.SSLConnectionSocketFactory -  negotiated protocol: TLSv1
04:01:38.581 [Test worker] DEBUG o.a.h.c.s.SSLConnectionSocketFactory -  negotiated cipher suite: TLS_ECDHE_RSA_WITH_AES_128_CBC_SHA
04:01:38.581 [Test worker] DEBUG o.a.h.c.s.SSLConnectionSocketFactory -  peer principal: CN=Thesis
04:01:38.581 [Test worker] DEBUG o.a.h.c.s.SSLConnectionSocketFactory -  issuer principal: EMAILADDRESS=sha@yamil.com, CN=Thesis, OU=Open, O=Fra, L=BER, ST=BER, C=DE
04:01:38.582 [Test worker] DEBUG o.a.h.i.c.DefaultHttpClientConnectionOperator - Connection established 127.0.0.1:60978<->127.0.1.1:2376
04:01:38.582 [Test worker] DEBUG o.a.h.impl.execchain.MainClientExec - Executing request POST /containers/40a832f1e777fe6fb56d7f4b1de7136563fe8cc1ce33e222857a2540bc062e72/restart?t=2 HTTP/1.1
04:01:38.582 [Test worker] DEBUG o.a.h.impl.execchain.MainClientExec - Target auth state: UNCHALLENGED
04:01:38.582 [Test worker] DEBUG o.a.h.impl.execchain.MainClientExec - Proxy auth state: UNCHALLENGED
04:01:38.583 [Test worker] DEBUG org.apache.http.headers - http-outgoing-23 >> POST /containers/40a832f1e777fe6fb56d7f4b1de7136563fe8cc1ce33e222857a2540bc062e72/restart?t=2 HTTP/1.1
04:01:38.583 [Test worker] DEBUG org.apache.http.headers - http-outgoing-23 >> Accept: application/json
04:01:38.583 [Test worker] DEBUG org.apache.http.headers - http-outgoing-23 >> User-Agent: Jersey/2.23.1 (Apache HttpClient 4.5.1)
04:01:38.583 [Test worker] DEBUG org.apache.http.headers - http-outgoing-23 >> Host: Thesis:2376
04:01:38.583 [Test worker] DEBUG org.apache.http.headers - http-outgoing-23 >> Connection: Keep-Alive
04:01:38.583 [Test worker] DEBUG org.apache.http.headers - http-outgoing-23 >> Accept-Encoding: gzip,deflate
04:01:38.584 [Test worker] DEBUG org.apache.http.wire - http-outgoing-23 >> "POST /containers/40a832f1e777fe6fb56d7f4b1de7136563fe8cc1ce33e222857a2540bc062e72/restart?t=2 HTTP/1.1[\r][\n]"
04:01:38.584 [Test worker] DEBUG org.apache.http.wire - http-outgoing-23 >> "Accept: application/json[\r][\n]"
04:01:38.584 [Test worker] DEBUG org.apache.http.wire - http-outgoing-23 >> "User-Agent: Jersey/2.23.1 (Apache HttpClient 4.5.1)[\r][\n]"
04:01:38.584 [Test worker] DEBUG org.apache.http.wire - http-outgoing-23 >> "Host: Thesis:2376[\r][\n]"
04:01:38.589 [Test worker] DEBUG org.apache.http.wire - http-outgoing-23 >> "Connection: Keep-Alive[\r][\n]"
04:01:38.589 [Test worker] DEBUG org.apache.http.wire - http-outgoing-23 >> "Accept-Encoding: gzip,deflate[\r][\n]"
04:01:38.590 [Test worker] DEBUG org.apache.http.wire - http-outgoing-23 >> "[\r][\n]"
04:01:41.015 [Test worker] DEBUG org.apache.http.wire - http-outgoing-23 << "H"
04:01:41.015 [Test worker] DEBUG org.apache.http.wire - http-outgoing-23 << "TTP/1.1 204 No Content[\r][\n]"
04:01:41.016 [Test worker] DEBUG org.apache.http.wire - http-outgoing-23 << "Server: Docker/1.12.3 (linux)[\r][\n]"
04:01:41.016 [Test worker] DEBUG org.apache.http.wire - http-outgoing-23 << "Date: Wed, 21 Dec 2016 03:01:41 GMT[\r][\n]"
04:01:41.016 [Test worker] DEBUG org.apache.http.wire - http-outgoing-23 << "[\r][\n]"
04:01:41.016 [Test worker] DEBUG org.apache.http.headers - http-outgoing-23 << HTTP/1.1 204 No Content
04:01:41.016 [Test worker] DEBUG org.apache.http.headers - http-outgoing-23 << Server: Docker/1.12.3 (linux)
04:01:41.016 [Test worker] DEBUG org.apache.http.headers - http-outgoing-23 << Date: Wed, 21 Dec 2016 03:01:41 GMT
04:01:41.016 [Test worker] DEBUG o.a.h.impl.execchain.MainClientExec - Connection can be kept alive indefinitely
04:01:41.016 [Test worker] DEBUG c.g.d.j.JerseyDockerCmdExecFactory$1 - Connection [id: 23][route: {s}->https://Thesis:2376][state: CN=Thesis] can be kept alive indefinitely
04:01:41.016 [Test worker] DEBUG c.g.d.j.JerseyDockerCmdExecFactory$1 - Connection released: [id: 23][route: {s}->https://Thesis:2376][state: CN=Thesis][total kept alive: 1; route allocated: 1 of 2; total allocated: 1 of 20]
04:01:41.016 [Test worker] DEBUG c.g.d.j.JerseyDockerCmdExecFactory - 2 * Client response received on thread Test worker
2 < 204
2 < Date: Wed, 21 Dec 2016 03:01:41 GMT
2 < Server: Docker/1.12.3 (linux)

04:01:41.016 [Test worker] DEBUG c.g.d.core.command.AbstrDockerCmd - Cmd: 904fffc745cd34fd5af27123bb333dad50b450e73ff80cdb9c321d0a743812db,40a832f1e777fe6fb56d7f4b1de7136563fe8cc1ce33e222857a2540bc062e72,com.github.dockerjava.api.model.ContainerNetwork@11c15dd3[ipamConfig=com.github.dockerjava.api.model.ContainerNetwork$Ipam@2df6d0c0,links=<null>,aliases=<null>,networkID=<null>,endpointId=<null>,gateway=<null>,ipAddress=<null>,ipPrefixLen=<null>,ipV6Gateway=<null>,globalIPv6Address=<null>,globalIPv6PrefixLen=<null>,macAddress=<null>],com.github.dockerjava.jaxrs.ConnectToNetworkCmdExec@270304d3
04:01:41.017 [Test worker] DEBUG o.a.h.c.protocol.RequestAddCookies - CookieSpec selected: default
04:01:41.017 [Test worker] DEBUG o.a.h.c.protocol.RequestAuthCache - Auth cache not set in the context
04:01:41.018 [Test worker] DEBUG c.g.d.j.JerseyDockerCmdExecFactory$1 - Connection request: [route: {s}->https://Thesis:2376][total kept alive: 1; route allocated: 1 of 2; total allocated: 1 of 20]
04:01:41.018 [Test worker] DEBUG c.g.d.j.JerseyDockerCmdExecFactory$1 - Connection leased: [id: 24][route: {s}->https://Thesis:2376][total kept alive: 1; route allocated: 2 of 2; total allocated: 2 of 20]
04:01:41.018 [Test worker] DEBUG o.a.h.impl.execchain.MainClientExec - Opening connection {s}->https://Thesis:2376
04:01:41.018 [Test worker] DEBUG o.a.h.i.c.DefaultHttpClientConnectionOperator - Connecting to Thesis/127.0.1.1:2376
04:01:41.019 [Test worker] DEBUG o.a.h.c.s.SSLConnectionSocketFactory - Connecting socket to Thesis/127.0.1.1:2376 with timeout 0
04:01:41.020 [Test worker] DEBUG o.a.h.c.s.SSLConnectionSocketFactory - Enabled protocols: [TLSv1]
04:01:41.020 [Test worker] DEBUG o.a.h.c.s.SSLConnectionSocketFactory - Enabled cipher suites:[TLS_ECDHE_ECDSA_WITH_AES_128_CBC_SHA, TLS_ECDHE_RSA_WITH_AES_128_CBC_SHA, TLS_RSA_WITH_AES_128_CBC_SHA, TLS_ECDH_ECDSA_WITH_AES_128_CBC_SHA, TLS_ECDH_RSA_WITH_AES_128_CBC_SHA, TLS_DHE_RSA_WITH_AES_128_CBC_SHA, TLS_DHE_DSS_WITH_AES_128_CBC_SHA, TLS_ECDHE_ECDSA_WITH_3DES_EDE_CBC_SHA, TLS_ECDHE_RSA_WITH_3DES_EDE_CBC_SHA, SSL_RSA_WITH_3DES_EDE_CBC_SHA, TLS_ECDH_ECDSA_WITH_3DES_EDE_CBC_SHA, TLS_ECDH_RSA_WITH_3DES_EDE_CBC_SHA, SSL_DHE_RSA_WITH_3DES_EDE_CBC_SHA, SSL_DHE_DSS_WITH_3DES_EDE_CBC_SHA, TLS_ECDHE_ECDSA_WITH_RC4_128_SHA, TLS_ECDHE_RSA_WITH_RC4_128_SHA, SSL_RSA_WITH_RC4_128_SHA, TLS_ECDH_ECDSA_WITH_RC4_128_SHA, TLS_ECDH_RSA_WITH_RC4_128_SHA, SSL_RSA_WITH_RC4_128_MD5, TLS_EMPTY_RENEGOTIATION_INFO_SCSV]
04:01:41.020 [Test worker] DEBUG o.a.h.c.s.SSLConnectionSocketFactory - Starting handshake
04:01:41.089 [Test worker] DEBUG o.a.h.c.s.SSLConnectionSocketFactory - Secure session established
04:01:41.089 [Test worker] DEBUG o.a.h.c.s.SSLConnectionSocketFactory -  negotiated protocol: TLSv1
04:01:41.089 [Test worker] DEBUG o.a.h.c.s.SSLConnectionSocketFactory -  negotiated cipher suite: TLS_ECDHE_RSA_WITH_AES_128_CBC_SHA
04:01:41.089 [Test worker] DEBUG o.a.h.c.s.SSLConnectionSocketFactory -  peer principal: CN=Thesis
04:01:41.090 [Test worker] DEBUG o.a.h.c.s.SSLConnectionSocketFactory -  issuer principal: EMAILADDRESS=sha@yamil.com, CN=Thesis, OU=Open, O=Fra, L=BER, ST=BER, C=DE
04:01:41.090 [Test worker] DEBUG o.a.h.i.c.DefaultHttpClientConnectionOperator - Connection established 127.0.0.1:60980<->127.0.1.1:2376
04:01:41.090 [Test worker] DEBUG o.a.h.impl.execchain.MainClientExec - Executing request POST /networks/904fffc745cd34fd5af27123bb333dad50b450e73ff80cdb9c321d0a743812db/connect HTTP/1.1
04:01:41.090 [Test worker] DEBUG o.a.h.impl.execchain.MainClientExec - Target auth state: UNCHALLENGED
04:01:41.090 [Test worker] DEBUG o.a.h.impl.execchain.MainClientExec - Proxy auth state: UNCHALLENGED
04:01:41.091 [Test worker] DEBUG org.apache.http.headers - http-outgoing-24 >> POST /networks/904fffc745cd34fd5af27123bb333dad50b450e73ff80cdb9c321d0a743812db/connect HTTP/1.1
04:01:41.091 [Test worker] DEBUG org.apache.http.headers - http-outgoing-24 >> Content-Type: application/json
04:01:41.091 [Test worker] DEBUG org.apache.http.headers - http-outgoing-24 >> User-Agent: Jersey/2.23.1 (Apache HttpClient 4.5.1)
04:01:41.091 [Test worker] DEBUG org.apache.http.headers - http-outgoing-24 >> Transfer-Encoding: chunked
04:01:41.091 [Test worker] DEBUG org.apache.http.headers - http-outgoing-24 >> Host: Thesis:2376
04:01:41.091 [Test worker] DEBUG org.apache.http.headers - http-outgoing-24 >> Connection: Keep-Alive
04:01:41.091 [Test worker] DEBUG org.apache.http.headers - http-outgoing-24 >> Accept-Encoding: gzip,deflate
04:01:41.096 [Test worker] DEBUG c.g.d.j.JerseyDockerCmdExecFactory - 3 * Sending client request on thread Test worker
3 > POST https://Thesis:2376/networks/904fffc745cd34fd5af27123bb333dad50b450e73ff80cdb9c321d0a743812db/connect
3 > Content-Type: application/json
{"containerConfig":{"IPAMConfig":{"IPv4Address":null,"IPv6Address":null},"Links":null,"Aliases":null,"NetworkID":null,"EndpointID":null,"Gateway":null,"IPAddress":null,"IPPrefixLen":null,"IPv6Gateway":null,"GlobalIPv6Address":null,"GlobalIPv6PrefixLen":null,"MacAddress":null},"Container":"40a832f1e777fe6fb56d7f4b1de7136563fe8cc1ce33e222857a2540bc062e72","EndpointConfig":{"IPAMConfig":{"IPv4Address":null,"IPv6Address":null},"Links":null,"Aliases":null,"NetworkID":null,"EndpointID":null,"Gateway":null,"IPAddress":null,"IPPrefixLen":null,"IPv6Gateway":null,"GlobalIPv6Address":null,"GlobalIPv6PrefixLen":null,"MacAddress":null}}

04:01:41.097 [Test worker] DEBUG org.apache.http.wire - http-outgoing-24 >> "POST /networks/904fffc745cd34fd5af27123bb333dad50b450e73ff80cdb9c321d0a743812db/connect HTTP/1.1[\r][\n]"
04:01:41.097 [Test worker] DEBUG org.apache.http.wire - http-outgoing-24 >> "Content-Type: application/json[\r][\n]"
04:01:41.098 [Test worker] DEBUG org.apache.http.wire - http-outgoing-24 >> "User-Agent: Jersey/2.23.1 (Apache HttpClient 4.5.1)[\r][\n]"
04:01:41.098 [Test worker] DEBUG org.apache.http.wire - http-outgoing-24 >> "Transfer-Encoding: chunked[\r][\n]"
04:01:41.098 [Test worker] DEBUG org.apache.http.wire - http-outgoing-24 >> "Host: Thesis:2376[\r][\n]"
04:01:41.098 [Test worker] DEBUG org.apache.http.wire - http-outgoing-24 >> "Connection: Keep-Alive[\r][\n]"
04:01:41.098 [Test worker] DEBUG org.apache.http.wire - http-outgoing-24 >> "Accept-Encoding: gzip,deflate[\r][\n]"
04:01:41.098 [Test worker] DEBUG org.apache.http.wire - http-outgoing-24 >> "[\r][\n]"
04:01:41.099 [Test worker] DEBUG org.apache.http.wire - http-outgoing-24 >> "277[\r][\n]"
04:01:41.099 [Test worker] DEBUG org.apache.http.wire - http-outgoing-24 >> "{"containerConfig":{"IPAMConfig":{"IPv4Address":null,"IPv6Address":null},"Links":null,"Aliases":null,"NetworkID":null,"EndpointID":null,"Gateway":null,"IPAddress":null,"IPPrefixLen":null,"IPv6Gateway":null,"GlobalIPv6Address":null,"GlobalIPv6PrefixLen":null,"MacAddress":null},"Container":"40a832f1e777fe6fb56d7f4b1de7136563fe8cc1ce33e222857a2540bc062e72","EndpointConfig":{"IPAMConfig":{"IPv4Address":null,"IPv6Address":null},"Links":null,"Aliases":null,"NetworkID":null,"EndpointID":null,"Gateway":null,"IPAddress":null,"IPPrefixLen":null,"IPv6Gateway":null,"GlobalIPv6Address":null,"GlobalIPv6PrefixLen":null,"MacAddress":null}}[\r][\n]"
04:01:41.099 [Test worker] DEBUG org.apache.http.wire - http-outgoing-24 >> "0[\r][\n]"
04:01:41.099 [Test worker] DEBUG org.apache.http.wire - http-outgoing-24 >> "[\r][\n]"
04:01:41.151 [Test worker] DEBUG org.apache.http.wire - http-outgoing-24 << "H"
04:01:41.152 [Test worker] DEBUG org.apache.http.wire - http-outgoing-24 << "TTP/1.1 200 OK[\r][\n]"
04:01:41.152 [Test worker] DEBUG org.apache.http.wire - http-outgoing-24 << "Server: Docker/1.12.3 (linux)[\r][\n]"
04:01:41.152 [Test worker] DEBUG org.apache.http.wire - http-outgoing-24 << "Date: Wed, 21 Dec 2016 03:01:41 GMT[\r][\n]"
04:01:41.152 [Test worker] DEBUG org.apache.http.wire - http-outgoing-24 << "Content-Length: 0[\r][\n]"
04:01:41.152 [Test worker] DEBUG org.apache.http.wire - http-outgoing-24 << "Content-Type: text/plain; charset=utf-8[\r][\n]"
04:01:41.152 [Test worker] DEBUG org.apache.http.wire - http-outgoing-24 << "[\r][\n]"
04:01:41.152 [Test worker] DEBUG org.apache.http.headers - http-outgoing-24 << HTTP/1.1 200 OK
04:01:41.152 [Test worker] DEBUG org.apache.http.headers - http-outgoing-24 << Server: Docker/1.12.3 (linux)
04:01:41.152 [Test worker] DEBUG org.apache.http.headers - http-outgoing-24 << Date: Wed, 21 Dec 2016 03:01:41 GMT
04:01:41.152 [Test worker] DEBUG org.apache.http.headers - http-outgoing-24 << Content-Length: 0
04:01:41.152 [Test worker] DEBUG org.apache.http.headers - http-outgoing-24 << Content-Type: text/plain; charset=utf-8
04:01:41.152 [Test worker] DEBUG o.a.h.impl.execchain.MainClientExec - Connection can be kept alive indefinitely
04:01:41.152 [Test worker] DEBUG c.g.d.j.JerseyDockerCmdExecFactory$1 - Connection [id: 24][route: {s}->https://Thesis:2376][state: CN=Thesis] can be kept alive indefinitely
04:01:41.152 [Test worker] DEBUG c.g.d.j.JerseyDockerCmdExecFactory$1 - Connection released: [id: 24][route: {s}->https://Thesis:2376][state: CN=Thesis][total kept alive: 2; route allocated: 2 of 2; total allocated: 2 of 20]
04:01:41.152 [Test worker] DEBUG c.g.d.j.JerseyDockerCmdExecFactory - 4 * Client response received on thread Test worker
4 < 200
4 < Content-Length: 0
4 < Content-Type: application/json;charset=utf-8
4 < Date: Wed, 21 Dec 2016 03:01:41 GMT
4 < Server: Docker/1.12.3 (linux)

04:01:41.152 [Test worker] DEBUG c.g.d.core.command.AbstrDockerCmd - Cmd: 904fffc745cd34fd5af27123bb333dad50b450e73ff80cdb9c321d0a743812db,com.github.dockerjava.jaxrs.InspectNetworkCmdExec@26730440
04:01:41.153 [Test worker] DEBUG c.g.d.jaxrs.ListNetworksCmdExec - GET: JerseyWebTarget { https://Thesis:2376/networks/904fffc745cd34fd5af27123bb333dad50b450e73ff80cdb9c321d0a743812db }
04:01:41.153 [Test worker] DEBUG c.g.d.j.JerseyDockerCmdExecFactory - 5 * Sending client request on thread Test worker
5 > GET https://Thesis:2376/networks/904fffc745cd34fd5af27123bb333dad50b450e73ff80cdb9c321d0a743812db
5 > Accept: application/json

04:01:41.162 [Test worker] DEBUG o.a.h.c.protocol.RequestAddCookies - CookieSpec selected: default
04:01:41.163 [Test worker] DEBUG o.a.h.c.protocol.RequestAuthCache - Auth cache not set in the context
04:01:41.163 [Test worker] DEBUG c.g.d.j.JerseyDockerCmdExecFactory$1 - Connection request: [route: {s}->https://Thesis:2376][total kept alive: 2; route allocated: 2 of 2; total allocated: 2 of 20]
04:01:41.164 [Test worker] DEBUG o.a.h.i.c.DefaultManagedHttpClientConnection - http-outgoing-23: Close connection
04:01:41.164 [Test worker] DEBUG c.g.d.j.JerseyDockerCmdExecFactory$1 - Connection leased: [id: 25][route: {s}->https://Thesis:2376][total kept alive: 1; route allocated: 2 of 2; total allocated: 2 of 20]
04:01:41.164 [Test worker] DEBUG o.a.h.impl.execchain.MainClientExec - Opening connection {s}->https://Thesis:2376
04:01:41.164 [Test worker] DEBUG o.a.h.i.c.DefaultHttpClientConnectionOperator - Connecting to Thesis/127.0.1.1:2376
04:01:41.165 [Test worker] DEBUG o.a.h.c.s.SSLConnectionSocketFactory - Connecting socket to Thesis/127.0.1.1:2376 with timeout 0
04:01:41.166 [Test worker] DEBUG o.a.h.c.s.SSLConnectionSocketFactory - Enabled protocols: [TLSv1]
04:01:41.170 [Test worker] DEBUG o.a.h.c.s.SSLConnectionSocketFactory - Enabled cipher suites:[TLS_ECDHE_ECDSA_WITH_AES_128_CBC_SHA, TLS_ECDHE_RSA_WITH_AES_128_CBC_SHA, TLS_RSA_WITH_AES_128_CBC_SHA, TLS_ECDH_ECDSA_WITH_AES_128_CBC_SHA, TLS_ECDH_RSA_WITH_AES_128_CBC_SHA, TLS_DHE_RSA_WITH_AES_128_CBC_SHA, TLS_DHE_DSS_WITH_AES_128_CBC_SHA, TLS_ECDHE_ECDSA_WITH_3DES_EDE_CBC_SHA, TLS_ECDHE_RSA_WITH_3DES_EDE_CBC_SHA, SSL_RSA_WITH_3DES_EDE_CBC_SHA, TLS_ECDH_ECDSA_WITH_3DES_EDE_CBC_SHA, TLS_ECDH_RSA_WITH_3DES_EDE_CBC_SHA, SSL_DHE_RSA_WITH_3DES_EDE_CBC_SHA, SSL_DHE_DSS_WITH_3DES_EDE_CBC_SHA, TLS_ECDHE_ECDSA_WITH_RC4_128_SHA, TLS_ECDHE_RSA_WITH_RC4_128_SHA, SSL_RSA_WITH_RC4_128_SHA, TLS_ECDH_ECDSA_WITH_RC4_128_SHA, TLS_ECDH_RSA_WITH_RC4_128_SHA, SSL_RSA_WITH_RC4_128_MD5, TLS_EMPTY_RENEGOTIATION_INFO_SCSV]
04:01:41.170 [Test worker] DEBUG o.a.h.c.s.SSLConnectionSocketFactory - Starting handshake
04:01:41.234 [Test worker] DEBUG o.a.h.c.s.SSLConnectionSocketFactory - Secure session established
04:01:41.234 [Test worker] DEBUG o.a.h.c.s.SSLConnectionSocketFactory -  negotiated protocol: TLSv1
04:01:41.234 [Test worker] DEBUG o.a.h.c.s.SSLConnectionSocketFactory -  negotiated cipher suite: TLS_ECDHE_RSA_WITH_AES_128_CBC_SHA
04:01:41.235 [Test worker] DEBUG o.a.h.c.s.SSLConnectionSocketFactory -  peer principal: CN=Thesis
04:01:41.235 [Test worker] DEBUG o.a.h.c.s.SSLConnectionSocketFactory -  issuer principal: EMAILADDRESS=sha@yamil.com, CN=Thesis, OU=Open, O=Fra, L=BER, ST=BER, C=DE
04:01:41.235 [Test worker] DEBUG o.a.h.i.c.DefaultHttpClientConnectionOperator - Connection established 127.0.0.1:60982<->127.0.1.1:2376
04:01:41.235 [Test worker] DEBUG o.a.h.impl.execchain.MainClientExec - Executing request GET /networks/904fffc745cd34fd5af27123bb333dad50b450e73ff80cdb9c321d0a743812db HTTP/1.1
04:01:41.235 [Test worker] DEBUG o.a.h.impl.execchain.MainClientExec - Target auth state: UNCHALLENGED
04:01:41.235 [Test worker] DEBUG o.a.h.impl.execchain.MainClientExec - Proxy auth state: UNCHALLENGED
04:01:41.236 [Test worker] DEBUG org.apache.http.headers - http-outgoing-25 >> GET /networks/904fffc745cd34fd5af27123bb333dad50b450e73ff80cdb9c321d0a743812db HTTP/1.1
04:01:41.236 [Test worker] DEBUG org.apache.http.headers - http-outgoing-25 >> Accept: application/json
04:01:41.236 [Test worker] DEBUG org.apache.http.headers - http-outgoing-25 >> User-Agent: Jersey/2.23.1 (Apache HttpClient 4.5.1)
04:01:41.236 [Test worker] DEBUG org.apache.http.headers - http-outgoing-25 >> Host: Thesis:2376
04:01:41.236 [Test worker] DEBUG org.apache.http.headers - http-outgoing-25 >> Connection: Keep-Alive
04:01:41.236 [Test worker] DEBUG org.apache.http.headers - http-outgoing-25 >> Accept-Encoding: gzip,deflate
04:01:41.237 [Test worker] DEBUG org.apache.http.wire - http-outgoing-25 >> "GET /networks/904fffc745cd34fd5af27123bb333dad50b450e73ff80cdb9c321d0a743812db HTTP/1.1[\r][\n]"
04:01:41.237 [Test worker] DEBUG org.apache.http.wire - http-outgoing-25 >> "Accept: application/json[\r][\n]"
04:01:41.237 [Test worker] DEBUG org.apache.http.wire - http-outgoing-25 >> "User-Agent: Jersey/2.23.1 (Apache HttpClient 4.5.1)[\r][\n]"
04:01:41.237 [Test worker] DEBUG org.apache.http.wire - http-outgoing-25 >> "Host: Thesis:2376[\r][\n]"
04:01:41.237 [Test worker] DEBUG org.apache.http.wire - http-outgoing-25 >> "Connection: Keep-Alive[\r][\n]"
04:01:41.237 [Test worker] DEBUG org.apache.http.wire - http-outgoing-25 >> "Accept-Encoding: gzip,deflate[\r][\n]"
04:01:41.238 [Test worker] DEBUG org.apache.http.wire - http-outgoing-25 >> "[\r][\n]"
04:01:41.238 [Test worker] DEBUG org.apache.http.wire - http-outgoing-25 << "H"
04:01:41.238 [Test worker] DEBUG org.apache.http.wire - http-outgoing-25 << "TTP/1.1 200 OK[\r][\n]"
04:01:41.239 [Test worker] DEBUG org.apache.http.wire - http-outgoing-25 << "Content-Type: application/json[\r][\n]"
04:01:41.239 [Test worker] DEBUG org.apache.http.wire - http-outgoing-25 << "Server: Docker/1.12.3 (linux)[\r][\n]"
04:01:41.239 [Test worker] DEBUG org.apache.http.wire - http-outgoing-25 << "Date: Wed, 21 Dec 2016 03:01:41 GMT[\r][\n]"
04:01:41.239 [Test worker] DEBUG org.apache.http.wire - http-outgoing-25 << "Content-Length: 561[\r][\n]"
04:01:41.239 [Test worker] DEBUG org.apache.http.wire - http-outgoing-25 << "[\r][\n]"
04:01:41.239 [Test worker] DEBUG org.apache.http.wire - http-outgoing-25 << "{"Name":"MyNetwork2","Id":"904fffc745cd34fd5af27123bb333dad50b450e73ff80cdb9c321d0a743812db","Scope":"local","Driver":"bridge","EnableIPv6":false,"IPAM":{"Driver":"default","Options":null,"Config":[{"Subnet":"172.19.0.0/16","Gateway":"172.19.0.1/16"}]},"Internal":false,"Containers":{"40a832f1e777fe6fb56d7f4b1de7136563fe8cc1ce33e222857a2540bc062e72":{"Name":"MyContainer","EndpointID":"58a8eceaf3c7decaefc13519de5bfadf0e7186ce22cabb0b3d32fb5b2358caa1","MacAddress":"02:42:ac:13:00:02","IPv4Address":"172.19.0.2/16","IPv6Address":""}},"Options":{},"Labels":{}}[\n]"
04:01:41.239 [Test worker] DEBUG org.apache.http.headers - http-outgoing-25 << HTTP/1.1 200 OK
04:01:41.240 [Test worker] DEBUG org.apache.http.headers - http-outgoing-25 << Content-Type: application/json
04:01:41.240 [Test worker] DEBUG org.apache.http.headers - http-outgoing-25 << Server: Docker/1.12.3 (linux)
04:01:41.240 [Test worker] DEBUG org.apache.http.headers - http-outgoing-25 << Date: Wed, 21 Dec 2016 03:01:41 GMT
04:01:41.240 [Test worker] DEBUG org.apache.http.headers - http-outgoing-25 << Content-Length: 561
04:01:41.240 [Test worker] DEBUG o.a.h.impl.execchain.MainClientExec - Connection can be kept alive indefinitely
04:01:41.241 [Test worker] DEBUG c.g.d.j.JerseyDockerCmdExecFactory - 6 * Client response received on thread Test worker
6 < 200
6 < Content-Length: 561
6 < Content-Type: application/json
6 < Date: Wed, 21 Dec 2016 03:01:41 GMT
6 < Server: Docker/1.12.3 (linux)
{"Name":"MyNetwork2","Id":"904fffc745cd34fd5af27123bb333dad50b450e73ff80cdb9c321d0a743812db","Scope":"local","Driver":"bridge","EnableIPv6":false,"IPAM":{"Driver":"default","Options":null,"Config":[{"Subnet":"172.19.0.0/16","Gateway":"172.19.0.1/16"}]},"Internal":false,"Containers":{"40a832f1e777fe6fb56d7f4b1de7136563fe8cc1ce33e222857a2540bc062e72":{"Name":"MyContainer","EndpointID":"58a8eceaf3c7decaefc13519de5bfadf0e7186ce22cabb0b3d32fb5b2358caa1","MacAddress":"02:42:ac:13:00:02","IPv4Address":"172.19.0.2/16","IPv6Address":""}},"Options":{},"Labels":{}}


04:01:41.246 [Test worker] DEBUG o.a.h.i.c.DefaultManagedHttpClientConnection - http-outgoing-25: Close connection
04:01:41.246 [Test worker] DEBUG o.a.h.impl.execchain.MainClientExec - Connection discarded
04:01:41.246 [Test worker] DEBUG c.g.d.j.JerseyDockerCmdExecFactory$1 - Connection released: [id: 25][route: {s}->https://Thesis:2376][total kept alive: 1; route allocated: 1 of 2; total allocated: 1 of 20]
04:01:41.247 [Test worker] INFO  org.openbaton.docker.DockerVim - Container connected to the Network Successfully
Cert Path : null
04:01:41.253 [Test worker] DEBUG c.g.d.core.command.AbstrDockerCmd - Cmd: 2231190db9a4a92f2ca01c072efb121c3e114a67ee83514ca308ce598b80f416,2,com.github.dockerjava.jaxrs.RestartContainerCmdExec@232df1e9
04:01:41.272 [Test worker] DEBUG c.g.d.j.JerseyDockerCmdExecFactory - 1 * Sending client request on thread Test worker
1 > POST https://Thesis:2376/containers/2231190db9a4a92f2ca01c072efb121c3e114a67ee83514ca308ce598b80f416/restart?t=2
1 > Accept: application/json

04:01:41.281 [Test worker] DEBUG o.a.h.c.protocol.RequestAddCookies - CookieSpec selected: default
04:01:41.282 [Test worker] DEBUG o.a.h.c.protocol.RequestAuthCache - Auth cache not set in the context
04:01:41.282 [Test worker] DEBUG c.g.d.j.JerseyDockerCmdExecFactory$1 - Connection request: [route: {s}->https://Thesis:2376][total kept alive: 0; route allocated: 0 of 2; total allocated: 0 of 20]
04:01:41.282 [Test worker] DEBUG c.g.d.j.JerseyDockerCmdExecFactory$1 - Connection leased: [id: 26][route: {s}->https://Thesis:2376][total kept alive: 0; route allocated: 1 of 2; total allocated: 1 of 20]
04:01:41.282 [Test worker] DEBUG o.a.h.impl.execchain.MainClientExec - Opening connection {s}->https://Thesis:2376
04:01:41.283 [Test worker] DEBUG o.a.h.i.c.DefaultHttpClientConnectionOperator - Connecting to Thesis/127.0.1.1:2376
04:01:41.283 [Test worker] DEBUG o.a.h.c.s.SSLConnectionSocketFactory - Connecting socket to Thesis/127.0.1.1:2376 with timeout 0
04:01:41.284 [Test worker] DEBUG o.a.h.c.s.SSLConnectionSocketFactory - Enabled protocols: [TLSv1]
04:01:41.284 [Test worker] DEBUG o.a.h.c.s.SSLConnectionSocketFactory - Enabled cipher suites:[TLS_ECDHE_ECDSA_WITH_AES_128_CBC_SHA, TLS_ECDHE_RSA_WITH_AES_128_CBC_SHA, TLS_RSA_WITH_AES_128_CBC_SHA, TLS_ECDH_ECDSA_WITH_AES_128_CBC_SHA, TLS_ECDH_RSA_WITH_AES_128_CBC_SHA, TLS_DHE_RSA_WITH_AES_128_CBC_SHA, TLS_DHE_DSS_WITH_AES_128_CBC_SHA, TLS_ECDHE_ECDSA_WITH_3DES_EDE_CBC_SHA, TLS_ECDHE_RSA_WITH_3DES_EDE_CBC_SHA, SSL_RSA_WITH_3DES_EDE_CBC_SHA, TLS_ECDH_ECDSA_WITH_3DES_EDE_CBC_SHA, TLS_ECDH_RSA_WITH_3DES_EDE_CBC_SHA, SSL_DHE_RSA_WITH_3DES_EDE_CBC_SHA, SSL_DHE_DSS_WITH_3DES_EDE_CBC_SHA, TLS_ECDHE_ECDSA_WITH_RC4_128_SHA, TLS_ECDHE_RSA_WITH_RC4_128_SHA, SSL_RSA_WITH_RC4_128_SHA, TLS_ECDH_ECDSA_WITH_RC4_128_SHA, TLS_ECDH_RSA_WITH_RC4_128_SHA, SSL_RSA_WITH_RC4_128_MD5, TLS_EMPTY_RENEGOTIATION_INFO_SCSV]
04:01:41.284 [Test worker] DEBUG o.a.h.c.s.SSLConnectionSocketFactory - Starting handshake
04:01:41.345 [Test worker] DEBUG o.a.h.c.s.SSLConnectionSocketFactory - Secure session established
04:01:41.345 [Test worker] DEBUG o.a.h.c.s.SSLConnectionSocketFactory -  negotiated protocol: TLSv1
04:01:41.345 [Test worker] DEBUG o.a.h.c.s.SSLConnectionSocketFactory -  negotiated cipher suite: TLS_ECDHE_RSA_WITH_AES_128_CBC_SHA
04:01:41.345 [Test worker] DEBUG o.a.h.c.s.SSLConnectionSocketFactory -  peer principal: CN=Thesis
04:01:41.345 [Test worker] DEBUG o.a.h.c.s.SSLConnectionSocketFactory -  issuer principal: EMAILADDRESS=sha@yamil.com, CN=Thesis, OU=Open, O=Fra, L=BER, ST=BER, C=DE
04:01:41.346 [Test worker] DEBUG o.a.h.i.c.DefaultHttpClientConnectionOperator - Connection established 127.0.0.1:60984<->127.0.1.1:2376
04:01:41.346 [Test worker] DEBUG o.a.h.impl.execchain.MainClientExec - Executing request POST /containers/2231190db9a4a92f2ca01c072efb121c3e114a67ee83514ca308ce598b80f416/restart?t=2 HTTP/1.1
04:01:41.346 [Test worker] DEBUG o.a.h.impl.execchain.MainClientExec - Target auth state: UNCHALLENGED
04:01:41.346 [Test worker] DEBUG o.a.h.impl.execchain.MainClientExec - Proxy auth state: UNCHALLENGED
04:01:41.346 [Test worker] DEBUG org.apache.http.headers - http-outgoing-26 >> POST /containers/2231190db9a4a92f2ca01c072efb121c3e114a67ee83514ca308ce598b80f416/restart?t=2 HTTP/1.1
04:01:41.346 [Test worker] DEBUG org.apache.http.headers - http-outgoing-26 >> Accept: application/json
04:01:41.347 [Test worker] DEBUG org.apache.http.headers - http-outgoing-26 >> User-Agent: Jersey/2.23.1 (Apache HttpClient 4.5.1)
04:01:41.347 [Test worker] DEBUG org.apache.http.headers - http-outgoing-26 >> Host: Thesis:2376
04:01:41.347 [Test worker] DEBUG org.apache.http.headers - http-outgoing-26 >> Connection: Keep-Alive
04:01:41.347 [Test worker] DEBUG org.apache.http.headers - http-outgoing-26 >> Accept-Encoding: gzip,deflate
04:01:41.347 [Test worker] DEBUG org.apache.http.wire - http-outgoing-26 >> "POST /containers/2231190db9a4a92f2ca01c072efb121c3e114a67ee83514ca308ce598b80f416/restart?t=2 HTTP/1.1[\r][\n]"
04:01:41.347 [Test worker] DEBUG org.apache.http.wire - http-outgoing-26 >> "Accept: application/json[\r][\n]"
04:01:41.348 [Test worker] DEBUG org.apache.http.wire - http-outgoing-26 >> "User-Agent: Jersey/2.23.1 (Apache HttpClient 4.5.1)[\r][\n]"
04:01:41.348 [Test worker] DEBUG org.apache.http.wire - http-outgoing-26 >> "Host: Thesis:2376[\r][\n]"
04:01:41.348 [Test worker] DEBUG org.apache.http.wire - http-outgoing-26 >> "Connection: Keep-Alive[\r][\n]"
04:01:41.348 [Test worker] DEBUG org.apache.http.wire - http-outgoing-26 >> "Accept-Encoding: gzip,deflate[\r][\n]"
04:01:41.348 [Test worker] DEBUG org.apache.http.wire - http-outgoing-26 >> "[\r][\n]"
04:01:43.576 [Test worker] DEBUG org.apache.http.wire - http-outgoing-26 << "H"
04:01:43.576 [Test worker] DEBUG org.apache.http.wire - http-outgoing-26 << "TTP/1.1 204 No Content[\r][\n]"
04:01:43.576 [Test worker] DEBUG org.apache.http.wire - http-outgoing-26 << "Server: Docker/1.12.3 (linux)[\r][\n]"
04:01:43.576 [Test worker] DEBUG org.apache.http.wire - http-outgoing-26 << "Date: Wed, 21 Dec 2016 03:01:43 GMT[\r][\n]"
04:01:43.576 [Test worker] DEBUG org.apache.http.wire - http-outgoing-26 << "[\r][\n]"
04:01:43.576 [Test worker] DEBUG org.apache.http.headers - http-outgoing-26 << HTTP/1.1 204 No Content
04:01:43.576 [Test worker] DEBUG org.apache.http.headers - http-outgoing-26 << Server: Docker/1.12.3 (linux)
04:01:43.576 [Test worker] DEBUG org.apache.http.headers - http-outgoing-26 << Date: Wed, 21 Dec 2016 03:01:43 GMT
04:01:43.576 [Test worker] DEBUG o.a.h.impl.execchain.MainClientExec - Connection can be kept alive indefinitely
04:01:43.577 [Test worker] DEBUG c.g.d.j.JerseyDockerCmdExecFactory$1 - Connection [id: 26][route: {s}->https://Thesis:2376][state: CN=Thesis] can be kept alive indefinitely
04:01:43.577 [Test worker] DEBUG c.g.d.j.JerseyDockerCmdExecFactory$1 - Connection released: [id: 26][route: {s}->https://Thesis:2376][state: CN=Thesis][total kept alive: 1; route allocated: 1 of 2; total allocated: 1 of 20]
04:01:43.577 [Test worker] DEBUG c.g.d.j.JerseyDockerCmdExecFactory - 2 * Client response received on thread Test worker
2 < 204
2 < Date: Wed, 21 Dec 2016 03:01:43 GMT
2 < Server: Docker/1.12.3 (linux)

04:01:43.577 [Test worker] DEBUG c.g.d.core.command.AbstrDockerCmd - Cmd: 5a30f19dac10c223dbe71b1245ebc6269c8438db4bef2ef5c9428ed0fa719c10,2231190db9a4a92f2ca01c072efb121c3e114a67ee83514ca308ce598b80f416,com.github.dockerjava.api.model.ContainerNetwork@3940512c[ipamConfig=com.github.dockerjava.api.model.ContainerNetwork$Ipam@2d913d11,links=<null>,aliases=<null>,networkID=<null>,endpointId=<null>,gateway=<null>,ipAddress=<null>,ipPrefixLen=<null>,ipV6Gateway=<null>,globalIPv6Address=<null>,globalIPv6PrefixLen=<null>,macAddress=<null>],com.github.dockerjava.jaxrs.ConnectToNetworkCmdExec@1a403e76
04:01:43.578 [Test worker] DEBUG o.a.h.c.protocol.RequestAddCookies - CookieSpec selected: default
04:01:43.578 [Test worker] DEBUG o.a.h.c.protocol.RequestAuthCache - Auth cache not set in the context
04:01:43.578 [Test worker] DEBUG c.g.d.j.JerseyDockerCmdExecFactory$1 - Connection request: [route: {s}->https://Thesis:2376][total kept alive: 1; route allocated: 1 of 2; total allocated: 1 of 20]
04:01:43.578 [Test worker] DEBUG c.g.d.j.JerseyDockerCmdExecFactory$1 - Connection leased: [id: 27][route: {s}->https://Thesis:2376][total kept alive: 1; route allocated: 2 of 2; total allocated: 2 of 20]
04:01:43.578 [Test worker] DEBUG o.a.h.impl.execchain.MainClientExec - Opening connection {s}->https://Thesis:2376
04:01:43.578 [Test worker] DEBUG o.a.h.i.c.DefaultHttpClientConnectionOperator - Connecting to Thesis/127.0.1.1:2376
04:01:43.578 [Test worker] DEBUG o.a.h.c.s.SSLConnectionSocketFactory - Connecting socket to Thesis/127.0.1.1:2376 with timeout 0
04:01:43.586 [Test worker] DEBUG o.a.h.c.s.SSLConnectionSocketFactory - Enabled protocols: [TLSv1]
04:01:43.586 [Test worker] DEBUG o.a.h.c.s.SSLConnectionSocketFactory - Enabled cipher suites:[TLS_ECDHE_ECDSA_WITH_AES_128_CBC_SHA, TLS_ECDHE_RSA_WITH_AES_128_CBC_SHA, TLS_RSA_WITH_AES_128_CBC_SHA, TLS_ECDH_ECDSA_WITH_AES_128_CBC_SHA, TLS_ECDH_RSA_WITH_AES_128_CBC_SHA, TLS_DHE_RSA_WITH_AES_128_CBC_SHA, TLS_DHE_DSS_WITH_AES_128_CBC_SHA, TLS_ECDHE_ECDSA_WITH_3DES_EDE_CBC_SHA, TLS_ECDHE_RSA_WITH_3DES_EDE_CBC_SHA, SSL_RSA_WITH_3DES_EDE_CBC_SHA, TLS_ECDH_ECDSA_WITH_3DES_EDE_CBC_SHA, TLS_ECDH_RSA_WITH_3DES_EDE_CBC_SHA, SSL_DHE_RSA_WITH_3DES_EDE_CBC_SHA, SSL_DHE_DSS_WITH_3DES_EDE_CBC_SHA, TLS_ECDHE_ECDSA_WITH_RC4_128_SHA, TLS_ECDHE_RSA_WITH_RC4_128_SHA, SSL_RSA_WITH_RC4_128_SHA, TLS_ECDH_ECDSA_WITH_RC4_128_SHA, TLS_ECDH_RSA_WITH_RC4_128_SHA, SSL_RSA_WITH_RC4_128_MD5, TLS_EMPTY_RENEGOTIATION_INFO_SCSV]
04:01:43.586 [Test worker] DEBUG o.a.h.c.s.SSLConnectionSocketFactory - Starting handshake
04:01:43.733 [Test worker] DEBUG o.a.h.c.s.SSLConnectionSocketFactory - Secure session established
04:01:43.733 [Test worker] DEBUG o.a.h.c.s.SSLConnectionSocketFactory -  negotiated protocol: TLSv1
04:01:43.733 [Test worker] DEBUG o.a.h.c.s.SSLConnectionSocketFactory -  negotiated cipher suite: TLS_ECDHE_RSA_WITH_AES_128_CBC_SHA
04:01:43.733 [Test worker] DEBUG o.a.h.c.s.SSLConnectionSocketFactory -  peer principal: CN=Thesis
04:01:43.733 [Test worker] DEBUG o.a.h.c.s.SSLConnectionSocketFactory -  issuer principal: EMAILADDRESS=sha@yamil.com, CN=Thesis, OU=Open, O=Fra, L=BER, ST=BER, C=DE
04:01:43.734 [Test worker] DEBUG o.a.h.i.c.DefaultHttpClientConnectionOperator - Connection established 127.0.0.1:60988<->127.0.1.1:2376
04:01:43.734 [Test worker] DEBUG o.a.h.impl.execchain.MainClientExec - Executing request POST /networks/5a30f19dac10c223dbe71b1245ebc6269c8438db4bef2ef5c9428ed0fa719c10/connect HTTP/1.1
04:01:43.734 [Test worker] DEBUG o.a.h.impl.execchain.MainClientExec - Target auth state: UNCHALLENGED
04:01:43.734 [Test worker] DEBUG o.a.h.impl.execchain.MainClientExec - Proxy auth state: UNCHALLENGED
04:01:43.734 [Test worker] DEBUG org.apache.http.headers - http-outgoing-27 >> POST /networks/5a30f19dac10c223dbe71b1245ebc6269c8438db4bef2ef5c9428ed0fa719c10/connect HTTP/1.1
04:01:43.735 [Test worker] DEBUG org.apache.http.headers - http-outgoing-27 >> Content-Type: application/json
04:01:43.735 [Test worker] DEBUG org.apache.http.headers - http-outgoing-27 >> User-Agent: Jersey/2.23.1 (Apache HttpClient 4.5.1)
04:01:43.735 [Test worker] DEBUG org.apache.http.headers - http-outgoing-27 >> Transfer-Encoding: chunked
04:01:43.735 [Test worker] DEBUG org.apache.http.headers - http-outgoing-27 >> Host: Thesis:2376
04:01:43.735 [Test worker] DEBUG org.apache.http.headers - http-outgoing-27 >> Connection: Keep-Alive
04:01:43.735 [Test worker] DEBUG org.apache.http.headers - http-outgoing-27 >> Accept-Encoding: gzip,deflate
04:01:43.741 [Test worker] DEBUG c.g.d.j.JerseyDockerCmdExecFactory - 3 * Sending client request on thread Test worker
3 > POST https://Thesis:2376/networks/5a30f19dac10c223dbe71b1245ebc6269c8438db4bef2ef5c9428ed0fa719c10/connect
3 > Content-Type: application/json
{"containerConfig":{"IPAMConfig":{"IPv4Address":null,"IPv6Address":null},"Links":null,"Aliases":null,"NetworkID":null,"EndpointID":null,"Gateway":null,"IPAddress":null,"IPPrefixLen":null,"IPv6Gateway":null,"GlobalIPv6Address":null,"GlobalIPv6PrefixLen":null,"MacAddress":null},"Container":"2231190db9a4a92f2ca01c072efb121c3e114a67ee83514ca308ce598b80f416","EndpointConfig":{"IPAMConfig":{"IPv4Address":null,"IPv6Address":null},"Links":null,"Aliases":null,"NetworkID":null,"EndpointID":null,"Gateway":null,"IPAddress":null,"IPPrefixLen":null,"IPv6Gateway":null,"GlobalIPv6Address":null,"GlobalIPv6PrefixLen":null,"MacAddress":null}}

04:01:43.743 [Test worker] DEBUG org.apache.http.wire - http-outgoing-27 >> "POST /networks/5a30f19dac10c223dbe71b1245ebc6269c8438db4bef2ef5c9428ed0fa719c10/connect HTTP/1.1[\r][\n]"
04:01:43.743 [Test worker] DEBUG org.apache.http.wire - http-outgoing-27 >> "Content-Type: application/json[\r][\n]"
04:01:43.744 [Test worker] DEBUG org.apache.http.wire - http-outgoing-27 >> "User-Agent: Jersey/2.23.1 (Apache HttpClient 4.5.1)[\r][\n]"
04:01:43.744 [Test worker] DEBUG org.apache.http.wire - http-outgoing-27 >> "Transfer-Encoding: chunked[\r][\n]"
04:01:43.744 [Test worker] DEBUG org.apache.http.wire - http-outgoing-27 >> "Host: Thesis:2376[\r][\n]"
04:01:43.744 [Test worker] DEBUG org.apache.http.wire - http-outgoing-27 >> "Connection: Keep-Alive[\r][\n]"
04:01:43.744 [Test worker] DEBUG org.apache.http.wire - http-outgoing-27 >> "Accept-Encoding: gzip,deflate[\r][\n]"
04:01:43.744 [Test worker] DEBUG org.apache.http.wire - http-outgoing-27 >> "[\r][\n]"
04:01:43.745 [Test worker] DEBUG org.apache.http.wire - http-outgoing-27 >> "277[\r][\n]"
04:01:43.745 [Test worker] DEBUG org.apache.http.wire - http-outgoing-27 >> "{"containerConfig":{"IPAMConfig":{"IPv4Address":null,"IPv6Address":null},"Links":null,"Aliases":null,"NetworkID":null,"EndpointID":null,"Gateway":null,"IPAddress":null,"IPPrefixLen":null,"IPv6Gateway":null,"GlobalIPv6Address":null,"GlobalIPv6PrefixLen":null,"MacAddress":null},"Container":"2231190db9a4a92f2ca01c072efb121c3e114a67ee83514ca308ce598b80f416","EndpointConfig":{"IPAMConfig":{"IPv4Address":null,"IPv6Address":null},"Links":null,"Aliases":null,"NetworkID":null,"EndpointID":null,"Gateway":null,"IPAddress":null,"IPPrefixLen":null,"IPv6Gateway":null,"GlobalIPv6Address":null,"GlobalIPv6PrefixLen":null,"MacAddress":null}}[\r][\n]"
04:01:43.745 [Test worker] DEBUG org.apache.http.wire - http-outgoing-27 >> "0[\r][\n]"
04:01:43.745 [Test worker] DEBUG org.apache.http.wire - http-outgoing-27 >> "[\r][\n]"
04:01:43.919 [Test worker] DEBUG org.apache.http.wire - http-outgoing-27 << "H"
04:01:43.919 [Test worker] DEBUG org.apache.http.wire - http-outgoing-27 << "TTP/1.1 200 OK[\r][\n]"
04:01:43.919 [Test worker] DEBUG org.apache.http.wire - http-outgoing-27 << "Server: Docker/1.12.3 (linux)[\r][\n]"
04:01:43.919 [Test worker] DEBUG org.apache.http.wire - http-outgoing-27 << "Date: Wed, 21 Dec 2016 03:01:43 GMT[\r][\n]"
04:01:43.919 [Test worker] DEBUG org.apache.http.wire - http-outgoing-27 << "Content-Length: 0[\r][\n]"
04:01:43.919 [Test worker] DEBUG org.apache.http.wire - http-outgoing-27 << "Content-Type: text/plain; charset=utf-8[\r][\n]"
04:01:43.919 [Test worker] DEBUG org.apache.http.wire - http-outgoing-27 << "[\r][\n]"
04:01:43.919 [Test worker] DEBUG org.apache.http.headers - http-outgoing-27 << HTTP/1.1 200 OK
04:01:43.920 [Test worker] DEBUG org.apache.http.headers - http-outgoing-27 << Server: Docker/1.12.3 (linux)
04:01:43.920 [Test worker] DEBUG org.apache.http.headers - http-outgoing-27 << Date: Wed, 21 Dec 2016 03:01:43 GMT
04:01:43.920 [Test worker] DEBUG org.apache.http.headers - http-outgoing-27 << Content-Length: 0
04:01:43.920 [Test worker] DEBUG org.apache.http.headers - http-outgoing-27 << Content-Type: text/plain; charset=utf-8
04:01:43.920 [Test worker] DEBUG o.a.h.impl.execchain.MainClientExec - Connection can be kept alive indefinitely
04:01:43.920 [Test worker] DEBUG c.g.d.j.JerseyDockerCmdExecFactory$1 - Connection [id: 27][route: {s}->https://Thesis:2376][state: CN=Thesis] can be kept alive indefinitely
04:01:43.920 [Test worker] DEBUG c.g.d.j.JerseyDockerCmdExecFactory$1 - Connection released: [id: 27][route: {s}->https://Thesis:2376][state: CN=Thesis][total kept alive: 2; route allocated: 2 of 2; total allocated: 2 of 20]
04:01:43.920 [Test worker] DEBUG c.g.d.j.JerseyDockerCmdExecFactory - 4 * Client response received on thread Test worker
4 < 200
4 < Content-Length: 0
4 < Content-Type: application/json;charset=utf-8
4 < Date: Wed, 21 Dec 2016 03:01:43 GMT
4 < Server: Docker/1.12.3 (linux)

04:01:43.920 [Test worker] DEBUG c.g.d.core.command.AbstrDockerCmd - Cmd: 5a30f19dac10c223dbe71b1245ebc6269c8438db4bef2ef5c9428ed0fa719c10,com.github.dockerjava.jaxrs.InspectNetworkCmdExec@5eb98063
04:01:43.920 [Test worker] DEBUG c.g.d.jaxrs.ListNetworksCmdExec - GET: JerseyWebTarget { https://Thesis:2376/networks/5a30f19dac10c223dbe71b1245ebc6269c8438db4bef2ef5c9428ed0fa719c10 }
04:01:43.921 [Test worker] DEBUG c.g.d.j.JerseyDockerCmdExecFactory - 5 * Sending client request on thread Test worker
5 > GET https://Thesis:2376/networks/5a30f19dac10c223dbe71b1245ebc6269c8438db4bef2ef5c9428ed0fa719c10
5 > Accept: application/json

04:01:43.925 [Test worker] DEBUG o.a.h.c.protocol.RequestAddCookies - CookieSpec selected: default
04:01:43.926 [Test worker] DEBUG o.a.h.c.protocol.RequestAuthCache - Auth cache not set in the context
04:01:43.926 [Test worker] DEBUG c.g.d.j.JerseyDockerCmdExecFactory$1 - Connection request: [route: {s}->https://Thesis:2376][total kept alive: 2; route allocated: 2 of 2; total allocated: 2 of 20]
04:01:43.926 [Test worker] DEBUG o.a.h.i.c.DefaultManagedHttpClientConnection - http-outgoing-26: Close connection
04:01:43.927 [Test worker] DEBUG c.g.d.j.JerseyDockerCmdExecFactory$1 - Connection leased: [id: 28][route: {s}->https://Thesis:2376][total kept alive: 1; route allocated: 2 of 2; total allocated: 2 of 20]
04:01:43.927 [Test worker] DEBUG o.a.h.impl.execchain.MainClientExec - Opening connection {s}->https://Thesis:2376
04:01:43.927 [Test worker] DEBUG o.a.h.i.c.DefaultHttpClientConnectionOperator - Connecting to Thesis/127.0.1.1:2376
04:01:43.927 [Test worker] DEBUG o.a.h.c.s.SSLConnectionSocketFactory - Connecting socket to Thesis/127.0.1.1:2376 with timeout 0
04:01:43.928 [Test worker] DEBUG o.a.h.c.s.SSLConnectionSocketFactory - Enabled protocols: [TLSv1]
04:01:43.929 [Test worker] DEBUG o.a.h.c.s.SSLConnectionSocketFactory - Enabled cipher suites:[TLS_ECDHE_ECDSA_WITH_AES_128_CBC_SHA, TLS_ECDHE_RSA_WITH_AES_128_CBC_SHA, TLS_RSA_WITH_AES_128_CBC_SHA, TLS_ECDH_ECDSA_WITH_AES_128_CBC_SHA, TLS_ECDH_RSA_WITH_AES_128_CBC_SHA, TLS_DHE_RSA_WITH_AES_128_CBC_SHA, TLS_DHE_DSS_WITH_AES_128_CBC_SHA, TLS_ECDHE_ECDSA_WITH_3DES_EDE_CBC_SHA, TLS_ECDHE_RSA_WITH_3DES_EDE_CBC_SHA, SSL_RSA_WITH_3DES_EDE_CBC_SHA, TLS_ECDH_ECDSA_WITH_3DES_EDE_CBC_SHA, TLS_ECDH_RSA_WITH_3DES_EDE_CBC_SHA, SSL_DHE_RSA_WITH_3DES_EDE_CBC_SHA, SSL_DHE_DSS_WITH_3DES_EDE_CBC_SHA, TLS_ECDHE_ECDSA_WITH_RC4_128_SHA, TLS_ECDHE_RSA_WITH_RC4_128_SHA, SSL_RSA_WITH_RC4_128_SHA, TLS_ECDH_ECDSA_WITH_RC4_128_SHA, TLS_ECDH_RSA_WITH_RC4_128_SHA, SSL_RSA_WITH_RC4_128_MD5, TLS_EMPTY_RENEGOTIATION_INFO_SCSV]
04:01:43.929 [Test worker] DEBUG o.a.h.c.s.SSLConnectionSocketFactory - Starting handshake
04:01:44.028 [Test worker] DEBUG o.a.h.c.s.SSLConnectionSocketFactory - Secure session established
04:01:44.028 [Test worker] DEBUG o.a.h.c.s.SSLConnectionSocketFactory -  negotiated protocol: TLSv1
04:01:44.028 [Test worker] DEBUG o.a.h.c.s.SSLConnectionSocketFactory -  negotiated cipher suite: TLS_ECDHE_RSA_WITH_AES_128_CBC_SHA
04:01:44.028 [Test worker] DEBUG o.a.h.c.s.SSLConnectionSocketFactory -  peer principal: CN=Thesis
04:01:44.028 [Test worker] DEBUG o.a.h.c.s.SSLConnectionSocketFactory -  issuer principal: EMAILADDRESS=sha@yamil.com, CN=Thesis, OU=Open, O=Fra, L=BER, ST=BER, C=DE
04:01:44.029 [Test worker] DEBUG o.a.h.i.c.DefaultHttpClientConnectionOperator - Connection established 127.0.0.1:60990<->127.0.1.1:2376
04:01:44.029 [Test worker] DEBUG o.a.h.impl.execchain.MainClientExec - Executing request GET /networks/5a30f19dac10c223dbe71b1245ebc6269c8438db4bef2ef5c9428ed0fa719c10 HTTP/1.1
04:01:44.029 [Test worker] DEBUG o.a.h.impl.execchain.MainClientExec - Target auth state: UNCHALLENGED
04:01:44.029 [Test worker] DEBUG o.a.h.impl.execchain.MainClientExec - Proxy auth state: UNCHALLENGED
04:01:44.029 [Test worker] DEBUG org.apache.http.headers - http-outgoing-28 >> GET /networks/5a30f19dac10c223dbe71b1245ebc6269c8438db4bef2ef5c9428ed0fa719c10 HTTP/1.1
04:01:44.030 [Test worker] DEBUG org.apache.http.headers - http-outgoing-28 >> Accept: application/json
04:01:44.030 [Test worker] DEBUG org.apache.http.headers - http-outgoing-28 >> User-Agent: Jersey/2.23.1 (Apache HttpClient 4.5.1)
04:01:44.030 [Test worker] DEBUG org.apache.http.headers - http-outgoing-28 >> Host: Thesis:2376
04:01:44.030 [Test worker] DEBUG org.apache.http.headers - http-outgoing-28 >> Connection: Keep-Alive
04:01:44.030 [Test worker] DEBUG org.apache.http.headers - http-outgoing-28 >> Accept-Encoding: gzip,deflate
04:01:44.030 [Test worker] DEBUG org.apache.http.wire - http-outgoing-28 >> "GET /networks/5a30f19dac10c223dbe71b1245ebc6269c8438db4bef2ef5c9428ed0fa719c10 HTTP/1.1[\r][\n]"
04:01:44.031 [Test worker] DEBUG org.apache.http.wire - http-outgoing-28 >> "Accept: application/json[\r][\n]"
04:01:44.031 [Test worker] DEBUG org.apache.http.wire - http-outgoing-28 >> "User-Agent: Jersey/2.23.1 (Apache HttpClient 4.5.1)[\r][\n]"
04:01:44.031 [Test worker] DEBUG org.apache.http.wire - http-outgoing-28 >> "Host: Thesis:2376[\r][\n]"
04:01:44.031 [Test worker] DEBUG org.apache.http.wire - http-outgoing-28 >> "Connection: Keep-Alive[\r][\n]"
04:01:44.031 [Test worker] DEBUG org.apache.http.wire - http-outgoing-28 >> "Accept-Encoding: gzip,deflate[\r][\n]"
04:01:44.031 [Test worker] DEBUG org.apache.http.wire - http-outgoing-28 >> "[\r][\n]"
04:01:44.032 [Test worker] DEBUG org.apache.http.wire - http-outgoing-28 << "H"
04:01:44.032 [Test worker] DEBUG org.apache.http.wire - http-outgoing-28 << "TTP/1.1 200 OK[\r][\n]"
04:01:44.032 [Test worker] DEBUG org.apache.http.wire - http-outgoing-28 << "Content-Type: application/json[\r][\n]"
04:01:44.033 [Test worker] DEBUG org.apache.http.wire - http-outgoing-28 << "Server: Docker/1.12.3 (linux)[\r][\n]"
04:01:44.033 [Test worker] DEBUG org.apache.http.wire - http-outgoing-28 << "Date: Wed, 21 Dec 2016 03:01:44 GMT[\r][\n]"
04:01:44.033 [Test worker] DEBUG org.apache.http.wire - http-outgoing-28 << "Content-Length: 811[\r][\n]"
04:01:44.033 [Test worker] DEBUG org.apache.http.wire - http-outgoing-28 << "[\r][\n]"
04:01:44.034 [Test worker] DEBUG org.apache.http.wire - http-outgoing-28 << "{"Name":"MyNetwork","Id":"5a30f19dac10c223dbe71b1245ebc6269c8438db4bef2ef5c9428ed0fa719c10","Scope":"local","Driver":"bridge","EnableIPv6":false,"IPAM":{"Driver":"default","Options":null,"Config":[{"Subnet":"172.18.0.0/16","Gateway":"172.18.0.1/16"}]},"Internal":false,"Containers":{"2231190db9a4a92f2ca01c072efb121c3e114a67ee83514ca308ce598b80f416":{"Name":"MyContainer2","EndpointID":"f378192742f4097155f8fe6fcc8af8dd33ca24c36d2145270afe0d7430c16fd8","MacAddress":"02:42:ac:12:00:03","IPv4Address":"172.18.0.3/16","IPv6Address":""},"40a832f1e777fe6fb56d7f4b1de7136563fe8cc1ce33e222857a2540bc062e72":{"Name":"MyContainer","EndpointID":"ea28a948297d03ea0a10e30a2b513f6b1726956f6684fb3f5f00ae24063f3f27","MacAddress":"02:42:ac:12:00:02","IPv4Address":"172.18.0.2/16","IPv6Address":""}},"Options":{},"Labels":{}}[\n]"
04:01:44.034 [Test worker] DEBUG org.apache.http.headers - http-outgoing-28 << HTTP/1.1 200 OK
04:01:44.034 [Test worker] DEBUG org.apache.http.headers - http-outgoing-28 << Content-Type: application/json
04:01:44.034 [Test worker] DEBUG org.apache.http.headers - http-outgoing-28 << Server: Docker/1.12.3 (linux)
04:01:44.035 [Test worker] DEBUG org.apache.http.headers - http-outgoing-28 << Date: Wed, 21 Dec 2016 03:01:44 GMT
04:01:44.035 [Test worker] DEBUG org.apache.http.headers - http-outgoing-28 << Content-Length: 811
04:01:44.035 [Test worker] DEBUG o.a.h.impl.execchain.MainClientExec - Connection can be kept alive indefinitely
04:01:44.035 [Test worker] DEBUG c.g.d.j.JerseyDockerCmdExecFactory - 6 * Client response received on thread Test worker
6 < 200
6 < Content-Length: 811
6 < Content-Type: application/json
6 < Date: Wed, 21 Dec 2016 03:01:44 GMT
6 < Server: Docker/1.12.3 (linux)
{"Name":"MyNetwork","Id":"5a30f19dac10c223dbe71b1245ebc6269c8438db4bef2ef5c9428ed0fa719c10","Scope":"local","Driver":"bridge","EnableIPv6":false,"IPAM":{"Driver":"default","Options":null,"Config":[{"Subnet":"172.18.0.0/16","Gateway":"172.18.0.1/16"}]},"Internal":false,"Containers":{"2231190db9a4a92f2ca01c072efb121c3e114a67ee83514ca308ce598b80f416":{"Name":"MyContainer2","EndpointID":"f378192742f4097155f8fe6fcc8af8dd33ca24c36d2145270afe0d7430c16fd8","MacAddress":"02:42:ac:12:00:03","IPv4Address":"172.18.0.3/16","IPv6Address":""},"40a832f1e777fe6fb56d7f4b1de7136563fe8cc1ce33e222857a2540bc062e72":{"Name":"MyContainer","EndpointID":"ea28a948297d03ea0a10e30a2b513f6b1726956f6684fb3f5f00ae24063f3f27","MacAddress":"02:42:ac:12:00:02","IPv4Address":"172.18.0.2/16","IPv6Address":""}},"Options":{},"Labels":{}}


04:01:44.040 [Test worker] DEBUG o.a.h.i.c.DefaultManagedHttpClientConnection - http-outgoing-28: Close connection
04:01:44.040 [Test worker] DEBUG o.a.h.impl.execchain.MainClientExec - Connection discarded
04:01:44.040 [Test worker] DEBUG c.g.d.j.JerseyDockerCmdExecFactory$1 - Connection released: [id: 28][route: {s}->https://Thesis:2376][total kept alive: 1; route allocated: 1 of 2; total allocated: 1 of 20]
04:01:44.040 [Test worker] INFO  org.openbaton.docker.DockerVim - Container connected to the Network Successfully
Cert Path : null
04:01:44.046 [Test worker] DEBUG c.g.d.core.command.AbstrDockerCmd - Cmd: 2231190db9a4a92f2ca01c072efb121c3e114a67ee83514ca308ce598b80f416,2,com.github.dockerjava.jaxrs.RestartContainerCmdExec@39ced71b
04:01:44.058 [Test worker] DEBUG c.g.d.j.JerseyDockerCmdExecFactory - 1 * Sending client request on thread Test worker
1 > POST https://Thesis:2376/containers/2231190db9a4a92f2ca01c072efb121c3e114a67ee83514ca308ce598b80f416/restart?t=2
1 > Accept: application/json

04:01:44.059 [Test worker] DEBUG o.a.h.c.protocol.RequestAddCookies - CookieSpec selected: default
04:01:44.059 [Test worker] DEBUG o.a.h.c.protocol.RequestAuthCache - Auth cache not set in the context
04:01:44.059 [Test worker] DEBUG c.g.d.j.JerseyDockerCmdExecFactory$1 - Connection request: [route: {s}->https://Thesis:2376][total kept alive: 0; route allocated: 0 of 2; total allocated: 0 of 20]
04:01:44.059 [Test worker] DEBUG c.g.d.j.JerseyDockerCmdExecFactory$1 - Connection leased: [id: 29][route: {s}->https://Thesis:2376][total kept alive: 0; route allocated: 1 of 2; total allocated: 1 of 20]
04:01:44.059 [Test worker] DEBUG o.a.h.impl.execchain.MainClientExec - Opening connection {s}->https://Thesis:2376
04:01:44.060 [Test worker] DEBUG o.a.h.i.c.DefaultHttpClientConnectionOperator - Connecting to Thesis/127.0.1.1:2376
04:01:44.060 [Test worker] DEBUG o.a.h.c.s.SSLConnectionSocketFactory - Connecting socket to Thesis/127.0.1.1:2376 with timeout 0
04:01:44.061 [Test worker] DEBUG o.a.h.c.s.SSLConnectionSocketFactory - Enabled protocols: [TLSv1]
04:01:44.061 [Test worker] DEBUG o.a.h.c.s.SSLConnectionSocketFactory - Enabled cipher suites:[TLS_ECDHE_ECDSA_WITH_AES_128_CBC_SHA, TLS_ECDHE_RSA_WITH_AES_128_CBC_SHA, TLS_RSA_WITH_AES_128_CBC_SHA, TLS_ECDH_ECDSA_WITH_AES_128_CBC_SHA, TLS_ECDH_RSA_WITH_AES_128_CBC_SHA, TLS_DHE_RSA_WITH_AES_128_CBC_SHA, TLS_DHE_DSS_WITH_AES_128_CBC_SHA, TLS_ECDHE_ECDSA_WITH_3DES_EDE_CBC_SHA, TLS_ECDHE_RSA_WITH_3DES_EDE_CBC_SHA, SSL_RSA_WITH_3DES_EDE_CBC_SHA, TLS_ECDH_ECDSA_WITH_3DES_EDE_CBC_SHA, TLS_ECDH_RSA_WITH_3DES_EDE_CBC_SHA, SSL_DHE_RSA_WITH_3DES_EDE_CBC_SHA, SSL_DHE_DSS_WITH_3DES_EDE_CBC_SHA, TLS_ECDHE_ECDSA_WITH_RC4_128_SHA, TLS_ECDHE_RSA_WITH_RC4_128_SHA, SSL_RSA_WITH_RC4_128_SHA, TLS_ECDH_ECDSA_WITH_RC4_128_SHA, TLS_ECDH_RSA_WITH_RC4_128_SHA, SSL_RSA_WITH_RC4_128_MD5, TLS_EMPTY_RENEGOTIATION_INFO_SCSV]
04:01:44.061 [Test worker] DEBUG o.a.h.c.s.SSLConnectionSocketFactory - Starting handshake
04:01:44.123 [Test worker] DEBUG o.a.h.c.s.SSLConnectionSocketFactory - Secure session established
04:01:44.123 [Test worker] DEBUG o.a.h.c.s.SSLConnectionSocketFactory -  negotiated protocol: TLSv1
04:01:44.123 [Test worker] DEBUG o.a.h.c.s.SSLConnectionSocketFactory -  negotiated cipher suite: TLS_ECDHE_RSA_WITH_AES_128_CBC_SHA
04:01:44.123 [Test worker] DEBUG o.a.h.c.s.SSLConnectionSocketFactory -  peer principal: CN=Thesis
04:01:44.124 [Test worker] DEBUG o.a.h.c.s.SSLConnectionSocketFactory -  issuer principal: EMAILADDRESS=sha@yamil.com, CN=Thesis, OU=Open, O=Fra, L=BER, ST=BER, C=DE
04:01:44.124 [Test worker] DEBUG o.a.h.i.c.DefaultHttpClientConnectionOperator - Connection established 127.0.0.1:60992<->127.0.1.1:2376
04:01:44.124 [Test worker] DEBUG o.a.h.impl.execchain.MainClientExec - Executing request POST /containers/2231190db9a4a92f2ca01c072efb121c3e114a67ee83514ca308ce598b80f416/restart?t=2 HTTP/1.1
04:01:44.124 [Test worker] DEBUG o.a.h.impl.execchain.MainClientExec - Target auth state: UNCHALLENGED
04:01:44.124 [Test worker] DEBUG o.a.h.impl.execchain.MainClientExec - Proxy auth state: UNCHALLENGED
04:01:44.125 [Test worker] DEBUG org.apache.http.headers - http-outgoing-29 >> POST /containers/2231190db9a4a92f2ca01c072efb121c3e114a67ee83514ca308ce598b80f416/restart?t=2 HTTP/1.1
04:01:44.125 [Test worker] DEBUG org.apache.http.headers - http-outgoing-29 >> Accept: application/json
04:01:44.125 [Test worker] DEBUG org.apache.http.headers - http-outgoing-29 >> User-Agent: Jersey/2.23.1 (Apache HttpClient 4.5.1)
04:01:44.125 [Test worker] DEBUG org.apache.http.headers - http-outgoing-29 >> Host: Thesis:2376
04:01:44.125 [Test worker] DEBUG org.apache.http.headers - http-outgoing-29 >> Connection: Keep-Alive
04:01:44.125 [Test worker] DEBUG org.apache.http.headers - http-outgoing-29 >> Accept-Encoding: gzip,deflate
04:01:44.125 [Test worker] DEBUG org.apache.http.wire - http-outgoing-29 >> "POST /containers/2231190db9a4a92f2ca01c072efb121c3e114a67ee83514ca308ce598b80f416/restart?t=2 HTTP/1.1[\r][\n]"
04:01:44.126 [Test worker] DEBUG org.apache.http.wire - http-outgoing-29 >> "Accept: application/json[\r][\n]"
04:01:44.126 [Test worker] DEBUG org.apache.http.wire - http-outgoing-29 >> "User-Agent: Jersey/2.23.1 (Apache HttpClient 4.5.1)[\r][\n]"
04:01:44.126 [Test worker] DEBUG org.apache.http.wire - http-outgoing-29 >> "Host: Thesis:2376[\r][\n]"
04:01:44.126 [Test worker] DEBUG org.apache.http.wire - http-outgoing-29 >> "Connection: Keep-Alive[\r][\n]"
04:01:44.126 [Test worker] DEBUG org.apache.http.wire - http-outgoing-29 >> "Accept-Encoding: gzip,deflate[\r][\n]"
04:01:44.126 [Test worker] DEBUG org.apache.http.wire - http-outgoing-29 >> "[\r][\n]"
04:01:46.526 [Test worker] DEBUG org.apache.http.wire - http-outgoing-29 << "H"
04:01:46.527 [Test worker] DEBUG org.apache.http.wire - http-outgoing-29 << "TTP/1.1 204 No Content[\r][\n]"
04:01:46.527 [Test worker] DEBUG org.apache.http.wire - http-outgoing-29 << "Server: Docker/1.12.3 (linux)[\r][\n]"
04:01:46.527 [Test worker] DEBUG org.apache.http.wire - http-outgoing-29 << "Date: Wed, 21 Dec 2016 03:01:46 GMT[\r][\n]"
04:01:46.527 [Test worker] DEBUG org.apache.http.wire - http-outgoing-29 << "[\r][\n]"
04:01:46.527 [Test worker] DEBUG org.apache.http.headers - http-outgoing-29 << HTTP/1.1 204 No Content
04:01:46.527 [Test worker] DEBUG org.apache.http.headers - http-outgoing-29 << Server: Docker/1.12.3 (linux)
04:01:46.528 [Test worker] DEBUG org.apache.http.headers - http-outgoing-29 << Date: Wed, 21 Dec 2016 03:01:46 GMT
04:01:46.528 [Test worker] DEBUG o.a.h.impl.execchain.MainClientExec - Connection can be kept alive indefinitely
04:01:46.528 [Test worker] DEBUG c.g.d.j.JerseyDockerCmdExecFactory$1 - Connection [id: 29][route: {s}->https://Thesis:2376][state: CN=Thesis] can be kept alive indefinitely
04:01:46.528 [Test worker] DEBUG c.g.d.j.JerseyDockerCmdExecFactory$1 - Connection released: [id: 29][route: {s}->https://Thesis:2376][state: CN=Thesis][total kept alive: 1; route allocated: 1 of 2; total allocated: 1 of 20]
04:01:46.528 [Test worker] DEBUG c.g.d.j.JerseyDockerCmdExecFactory - 2 * Client response received on thread Test worker
2 < 204
2 < Date: Wed, 21 Dec 2016 03:01:46 GMT
2 < Server: Docker/1.12.3 (linux)

04:01:46.528 [Test worker] DEBUG c.g.d.core.command.AbstrDockerCmd - Cmd: 904fffc745cd34fd5af27123bb333dad50b450e73ff80cdb9c321d0a743812db,2231190db9a4a92f2ca01c072efb121c3e114a67ee83514ca308ce598b80f416,com.github.dockerjava.api.model.ContainerNetwork@34359ee9[ipamConfig=com.github.dockerjava.api.model.ContainerNetwork$Ipam@2c53edc6,links=<null>,aliases=<null>,networkID=<null>,endpointId=<null>,gateway=<null>,ipAddress=<null>,ipPrefixLen=<null>,ipV6Gateway=<null>,globalIPv6Address=<null>,globalIPv6PrefixLen=<null>,macAddress=<null>],com.github.dockerjava.jaxrs.ConnectToNetworkCmdExec@3a1f78e6
04:01:46.529 [Test worker] DEBUG o.a.h.c.protocol.RequestAddCookies - CookieSpec selected: default
04:01:46.529 [Test worker] DEBUG o.a.h.c.protocol.RequestAuthCache - Auth cache not set in the context
04:01:46.529 [Test worker] DEBUG c.g.d.j.JerseyDockerCmdExecFactory$1 - Connection request: [route: {s}->https://Thesis:2376][total kept alive: 1; route allocated: 1 of 2; total allocated: 1 of 20]
04:01:46.529 [Test worker] DEBUG c.g.d.j.JerseyDockerCmdExecFactory$1 - Connection leased: [id: 30][route: {s}->https://Thesis:2376][total kept alive: 1; route allocated: 2 of 2; total allocated: 2 of 20]
04:01:46.529 [Test worker] DEBUG o.a.h.impl.execchain.MainClientExec - Opening connection {s}->https://Thesis:2376
04:01:46.530 [Test worker] DEBUG o.a.h.i.c.DefaultHttpClientConnectionOperator - Connecting to Thesis/127.0.1.1:2376
04:01:46.530 [Test worker] DEBUG o.a.h.c.s.SSLConnectionSocketFactory - Connecting socket to Thesis/127.0.1.1:2376 with timeout 0
04:01:46.532 [Test worker] DEBUG o.a.h.c.s.SSLConnectionSocketFactory - Enabled protocols: [TLSv1]
04:01:46.533 [Test worker] DEBUG o.a.h.c.s.SSLConnectionSocketFactory - Enabled cipher suites:[TLS_ECDHE_ECDSA_WITH_AES_128_CBC_SHA, TLS_ECDHE_RSA_WITH_AES_128_CBC_SHA, TLS_RSA_WITH_AES_128_CBC_SHA, TLS_ECDH_ECDSA_WITH_AES_128_CBC_SHA, TLS_ECDH_RSA_WITH_AES_128_CBC_SHA, TLS_DHE_RSA_WITH_AES_128_CBC_SHA, TLS_DHE_DSS_WITH_AES_128_CBC_SHA, TLS_ECDHE_ECDSA_WITH_3DES_EDE_CBC_SHA, TLS_ECDHE_RSA_WITH_3DES_EDE_CBC_SHA, SSL_RSA_WITH_3DES_EDE_CBC_SHA, TLS_ECDH_ECDSA_WITH_3DES_EDE_CBC_SHA, TLS_ECDH_RSA_WITH_3DES_EDE_CBC_SHA, SSL_DHE_RSA_WITH_3DES_EDE_CBC_SHA, SSL_DHE_DSS_WITH_3DES_EDE_CBC_SHA, TLS_ECDHE_ECDSA_WITH_RC4_128_SHA, TLS_ECDHE_RSA_WITH_RC4_128_SHA, SSL_RSA_WITH_RC4_128_SHA, TLS_ECDH_ECDSA_WITH_RC4_128_SHA, TLS_ECDH_RSA_WITH_RC4_128_SHA, SSL_RSA_WITH_RC4_128_MD5, TLS_EMPTY_RENEGOTIATION_INFO_SCSV]
04:01:46.533 [Test worker] DEBUG o.a.h.c.s.SSLConnectionSocketFactory - Starting handshake
04:01:46.596 [Test worker] DEBUG o.a.h.c.s.SSLConnectionSocketFactory - Secure session established
04:01:46.596 [Test worker] DEBUG o.a.h.c.s.SSLConnectionSocketFactory -  negotiated protocol: TLSv1
04:01:46.596 [Test worker] DEBUG o.a.h.c.s.SSLConnectionSocketFactory -  negotiated cipher suite: TLS_ECDHE_RSA_WITH_AES_128_CBC_SHA
04:01:46.597 [Test worker] DEBUG o.a.h.c.s.SSLConnectionSocketFactory -  peer principal: CN=Thesis
04:01:46.597 [Test worker] DEBUG o.a.h.c.s.SSLConnectionSocketFactory -  issuer principal: EMAILADDRESS=sha@yamil.com, CN=Thesis, OU=Open, O=Fra, L=BER, ST=BER, C=DE
04:01:46.597 [Test worker] DEBUG o.a.h.i.c.DefaultHttpClientConnectionOperator - Connection established 127.0.0.1:60994<->127.0.1.1:2376
04:01:46.597 [Test worker] DEBUG o.a.h.impl.execchain.MainClientExec - Executing request POST /networks/904fffc745cd34fd5af27123bb333dad50b450e73ff80cdb9c321d0a743812db/connect HTTP/1.1
04:01:46.597 [Test worker] DEBUG o.a.h.impl.execchain.MainClientExec - Target auth state: UNCHALLENGED
04:01:46.598 [Test worker] DEBUG o.a.h.impl.execchain.MainClientExec - Proxy auth state: UNCHALLENGED
04:01:46.598 [Test worker] DEBUG org.apache.http.headers - http-outgoing-30 >> POST /networks/904fffc745cd34fd5af27123bb333dad50b450e73ff80cdb9c321d0a743812db/connect HTTP/1.1
04:01:46.598 [Test worker] DEBUG org.apache.http.headers - http-outgoing-30 >> Content-Type: application/json
04:01:46.598 [Test worker] DEBUG org.apache.http.headers - http-outgoing-30 >> User-Agent: Jersey/2.23.1 (Apache HttpClient 4.5.1)
04:01:46.598 [Test worker] DEBUG org.apache.http.headers - http-outgoing-30 >> Transfer-Encoding: chunked
04:01:46.598 [Test worker] DEBUG org.apache.http.headers - http-outgoing-30 >> Host: Thesis:2376
04:01:46.599 [Test worker] DEBUG org.apache.http.headers - http-outgoing-30 >> Connection: Keep-Alive
04:01:46.599 [Test worker] DEBUG org.apache.http.headers - http-outgoing-30 >> Accept-Encoding: gzip,deflate
04:01:46.606 [Test worker] DEBUG c.g.d.j.JerseyDockerCmdExecFactory - 3 * Sending client request on thread Test worker
3 > POST https://Thesis:2376/networks/904fffc745cd34fd5af27123bb333dad50b450e73ff80cdb9c321d0a743812db/connect
3 > Content-Type: application/json
{"containerConfig":{"IPAMConfig":{"IPv4Address":null,"IPv6Address":null},"Links":null,"Aliases":null,"NetworkID":null,"EndpointID":null,"Gateway":null,"IPAddress":null,"IPPrefixLen":null,"IPv6Gateway":null,"GlobalIPv6Address":null,"GlobalIPv6PrefixLen":null,"MacAddress":null},"Container":"2231190db9a4a92f2ca01c072efb121c3e114a67ee83514ca308ce598b80f416","EndpointConfig":{"IPAMConfig":{"IPv4Address":null,"IPv6Address":null},"Links":null,"Aliases":null,"NetworkID":null,"EndpointID":null,"Gateway":null,"IPAddress":null,"IPPrefixLen":null,"IPv6Gateway":null,"GlobalIPv6Address":null,"GlobalIPv6PrefixLen":null,"MacAddress":null}}

04:01:46.607 [Test worker] DEBUG org.apache.http.wire - http-outgoing-30 >> "POST /networks/904fffc745cd34fd5af27123bb333dad50b450e73ff80cdb9c321d0a743812db/connect HTTP/1.1[\r][\n]"
04:01:46.607 [Test worker] DEBUG org.apache.http.wire - http-outgoing-30 >> "Content-Type: application/json[\r][\n]"
04:01:46.607 [Test worker] DEBUG org.apache.http.wire - http-outgoing-30 >> "User-Agent: Jersey/2.23.1 (Apache HttpClient 4.5.1)[\r][\n]"
04:01:46.608 [Test worker] DEBUG org.apache.http.wire - http-outgoing-30 >> "Transfer-Encoding: chunked[\r][\n]"
04:01:46.608 [Test worker] DEBUG org.apache.http.wire - http-outgoing-30 >> "Host: Thesis:2376[\r][\n]"
04:01:46.608 [Test worker] DEBUG org.apache.http.wire - http-outgoing-30 >> "Connection: Keep-Alive[\r][\n]"
04:01:46.608 [Test worker] DEBUG org.apache.http.wire - http-outgoing-30 >> "Accept-Encoding: gzip,deflate[\r][\n]"
04:01:46.608 [Test worker] DEBUG org.apache.http.wire - http-outgoing-30 >> "[\r][\n]"
04:01:46.608 [Test worker] DEBUG org.apache.http.wire - http-outgoing-30 >> "277[\r][\n]"
04:01:46.609 [Test worker] DEBUG org.apache.http.wire - http-outgoing-30 >> "{"containerConfig":{"IPAMConfig":{"IPv4Address":null,"IPv6Address":null},"Links":null,"Aliases":null,"NetworkID":null,"EndpointID":null,"Gateway":null,"IPAddress":null,"IPPrefixLen":null,"IPv6Gateway":null,"GlobalIPv6Address":null,"GlobalIPv6PrefixLen":null,"MacAddress":null},"Container":"2231190db9a4a92f2ca01c072efb121c3e114a67ee83514ca308ce598b80f416","EndpointConfig":{"IPAMConfig":{"IPv4Address":null,"IPv6Address":null},"Links":null,"Aliases":null,"NetworkID":null,"EndpointID":null,"Gateway":null,"IPAddress":null,"IPPrefixLen":null,"IPv6Gateway":null,"GlobalIPv6Address":null,"GlobalIPv6PrefixLen":null,"MacAddress":null}}[\r][\n]"
04:01:46.609 [Test worker] DEBUG org.apache.http.wire - http-outgoing-30 >> "0[\r][\n]"
04:01:46.609 [Test worker] DEBUG org.apache.http.wire - http-outgoing-30 >> "[\r][\n]"
04:01:46.656 [Test worker] DEBUG org.apache.http.wire - http-outgoing-30 << "H"
04:01:46.657 [Test worker] DEBUG org.apache.http.wire - http-outgoing-30 << "TTP/1.1 200 OK[\r][\n]"
04:01:46.657 [Test worker] DEBUG org.apache.http.wire - http-outgoing-30 << "Server: Docker/1.12.3 (linux)[\r][\n]"
04:01:46.657 [Test worker] DEBUG org.apache.http.wire - http-outgoing-30 << "Date: Wed, 21 Dec 2016 03:01:46 GMT[\r][\n]"
04:01:46.657 [Test worker] DEBUG org.apache.http.wire - http-outgoing-30 << "Content-Length: 0[\r][\n]"
04:01:46.657 [Test worker] DEBUG org.apache.http.wire - http-outgoing-30 << "Content-Type: text/plain; charset=utf-8[\r][\n]"
04:01:46.657 [Test worker] DEBUG org.apache.http.wire - http-outgoing-30 << "[\r][\n]"
04:01:46.657 [Test worker] DEBUG org.apache.http.headers - http-outgoing-30 << HTTP/1.1 200 OK
04:01:46.657 [Test worker] DEBUG org.apache.http.headers - http-outgoing-30 << Server: Docker/1.12.3 (linux)
04:01:46.657 [Test worker] DEBUG org.apache.http.headers - http-outgoing-30 << Date: Wed, 21 Dec 2016 03:01:46 GMT
04:01:46.657 [Test worker] DEBUG org.apache.http.headers - http-outgoing-30 << Content-Length: 0
04:01:46.657 [Test worker] DEBUG org.apache.http.headers - http-outgoing-30 << Content-Type: text/plain; charset=utf-8
04:01:46.657 [Test worker] DEBUG o.a.h.impl.execchain.MainClientExec - Connection can be kept alive indefinitely
04:01:46.657 [Test worker] DEBUG c.g.d.j.JerseyDockerCmdExecFactory$1 - Connection [id: 30][route: {s}->https://Thesis:2376][state: CN=Thesis] can be kept alive indefinitely
04:01:46.657 [Test worker] DEBUG c.g.d.j.JerseyDockerCmdExecFactory$1 - Connection released: [id: 30][route: {s}->https://Thesis:2376][state: CN=Thesis][total kept alive: 2; route allocated: 2 of 2; total allocated: 2 of 20]
04:01:46.657 [Test worker] DEBUG c.g.d.j.JerseyDockerCmdExecFactory - 4 * Client response received on thread Test worker
4 < 200
4 < Content-Length: 0
4 < Content-Type: application/json;charset=utf-8
4 < Date: Wed, 21 Dec 2016 03:01:46 GMT
4 < Server: Docker/1.12.3 (linux)

04:01:46.657 [Test worker] DEBUG c.g.d.core.command.AbstrDockerCmd - Cmd: 904fffc745cd34fd5af27123bb333dad50b450e73ff80cdb9c321d0a743812db,com.github.dockerjava.jaxrs.InspectNetworkCmdExec@341b168b
04:01:46.658 [Test worker] DEBUG c.g.d.jaxrs.ListNetworksCmdExec - GET: JerseyWebTarget { https://Thesis:2376/networks/904fffc745cd34fd5af27123bb333dad50b450e73ff80cdb9c321d0a743812db }
04:01:46.665 [Test worker] DEBUG c.g.d.j.JerseyDockerCmdExecFactory - 5 * Sending client request on thread Test worker
5 > GET https://Thesis:2376/networks/904fffc745cd34fd5af27123bb333dad50b450e73ff80cdb9c321d0a743812db
5 > Accept: application/json

04:01:46.666 [Test worker] DEBUG o.a.h.c.protocol.RequestAddCookies - CookieSpec selected: default
04:01:46.666 [Test worker] DEBUG o.a.h.c.protocol.RequestAuthCache - Auth cache not set in the context
04:01:46.669 [Test worker] DEBUG c.g.d.j.JerseyDockerCmdExecFactory$1 - Connection request: [route: {s}->https://Thesis:2376][total kept alive: 2; route allocated: 2 of 2; total allocated: 2 of 20]
04:01:46.670 [Test worker] DEBUG o.a.h.i.c.DefaultManagedHttpClientConnection - http-outgoing-29: Close connection
04:01:46.670 [Test worker] DEBUG c.g.d.j.JerseyDockerCmdExecFactory$1 - Connection leased: [id: 31][route: {s}->https://Thesis:2376][total kept alive: 1; route allocated: 2 of 2; total allocated: 2 of 20]
04:01:46.670 [Test worker] DEBUG o.a.h.impl.execchain.MainClientExec - Opening connection {s}->https://Thesis:2376
04:01:46.670 [Test worker] DEBUG o.a.h.i.c.DefaultHttpClientConnectionOperator - Connecting to Thesis/127.0.1.1:2376
04:01:46.671 [Test worker] DEBUG o.a.h.c.s.SSLConnectionSocketFactory - Connecting socket to Thesis/127.0.1.1:2376 with timeout 0
04:01:46.674 [Test worker] DEBUG o.a.h.c.s.SSLConnectionSocketFactory - Enabled protocols: [TLSv1]
04:01:46.674 [Test worker] DEBUG o.a.h.c.s.SSLConnectionSocketFactory - Enabled cipher suites:[TLS_ECDHE_ECDSA_WITH_AES_128_CBC_SHA, TLS_ECDHE_RSA_WITH_AES_128_CBC_SHA, TLS_RSA_WITH_AES_128_CBC_SHA, TLS_ECDH_ECDSA_WITH_AES_128_CBC_SHA, TLS_ECDH_RSA_WITH_AES_128_CBC_SHA, TLS_DHE_RSA_WITH_AES_128_CBC_SHA, TLS_DHE_DSS_WITH_AES_128_CBC_SHA, TLS_ECDHE_ECDSA_WITH_3DES_EDE_CBC_SHA, TLS_ECDHE_RSA_WITH_3DES_EDE_CBC_SHA, SSL_RSA_WITH_3DES_EDE_CBC_SHA, TLS_ECDH_ECDSA_WITH_3DES_EDE_CBC_SHA, TLS_ECDH_RSA_WITH_3DES_EDE_CBC_SHA, SSL_DHE_RSA_WITH_3DES_EDE_CBC_SHA, SSL_DHE_DSS_WITH_3DES_EDE_CBC_SHA, TLS_ECDHE_ECDSA_WITH_RC4_128_SHA, TLS_ECDHE_RSA_WITH_RC4_128_SHA, SSL_RSA_WITH_RC4_128_SHA, TLS_ECDH_ECDSA_WITH_RC4_128_SHA, TLS_ECDH_RSA_WITH_RC4_128_SHA, SSL_RSA_WITH_RC4_128_MD5, TLS_EMPTY_RENEGOTIATION_INFO_SCSV]
04:01:46.675 [Test worker] DEBUG o.a.h.c.s.SSLConnectionSocketFactory - Starting handshake
04:01:46.759 [Test worker] DEBUG o.a.h.c.s.SSLConnectionSocketFactory - Secure session established
04:01:46.760 [Test worker] DEBUG o.a.h.c.s.SSLConnectionSocketFactory -  negotiated protocol: TLSv1
04:01:46.760 [Test worker] DEBUG o.a.h.c.s.SSLConnectionSocketFactory -  negotiated cipher suite: TLS_ECDHE_RSA_WITH_AES_128_CBC_SHA
04:01:46.760 [Test worker] DEBUG o.a.h.c.s.SSLConnectionSocketFactory -  peer principal: CN=Thesis
04:01:46.760 [Test worker] DEBUG o.a.h.c.s.SSLConnectionSocketFactory -  issuer principal: EMAILADDRESS=sha@yamil.com, CN=Thesis, OU=Open, O=Fra, L=BER, ST=BER, C=DE
04:01:46.760 [Test worker] DEBUG o.a.h.i.c.DefaultHttpClientConnectionOperator - Connection established 127.0.0.1:60996<->127.0.1.1:2376
04:01:46.761 [Test worker] DEBUG o.a.h.impl.execchain.MainClientExec - Executing request GET /networks/904fffc745cd34fd5af27123bb333dad50b450e73ff80cdb9c321d0a743812db HTTP/1.1
04:01:46.761 [Test worker] DEBUG o.a.h.impl.execchain.MainClientExec - Target auth state: UNCHALLENGED
04:01:46.761 [Test worker] DEBUG o.a.h.impl.execchain.MainClientExec - Proxy auth state: UNCHALLENGED
04:01:46.761 [Test worker] DEBUG org.apache.http.headers - http-outgoing-31 >> GET /networks/904fffc745cd34fd5af27123bb333dad50b450e73ff80cdb9c321d0a743812db HTTP/1.1
04:01:46.761 [Test worker] DEBUG org.apache.http.headers - http-outgoing-31 >> Accept: application/json
04:01:46.761 [Test worker] DEBUG org.apache.http.headers - http-outgoing-31 >> User-Agent: Jersey/2.23.1 (Apache HttpClient 4.5.1)
04:01:46.762 [Test worker] DEBUG org.apache.http.headers - http-outgoing-31 >> Host: Thesis:2376
04:01:46.762 [Test worker] DEBUG org.apache.http.headers - http-outgoing-31 >> Connection: Keep-Alive
04:01:46.762 [Test worker] DEBUG org.apache.http.headers - http-outgoing-31 >> Accept-Encoding: gzip,deflate
04:01:46.762 [Test worker] DEBUG org.apache.http.wire - http-outgoing-31 >> "GET /networks/904fffc745cd34fd5af27123bb333dad50b450e73ff80cdb9c321d0a743812db HTTP/1.1[\r][\n]"
04:01:46.764 [Test worker] DEBUG org.apache.http.wire - http-outgoing-31 >> "Accept: application/json[\r][\n]"
04:01:46.764 [Test worker] DEBUG org.apache.http.wire - http-outgoing-31 >> "User-Agent: Jersey/2.23.1 (Apache HttpClient 4.5.1)[\r][\n]"
04:01:46.765 [Test worker] DEBUG org.apache.http.wire - http-outgoing-31 >> "Host: Thesis:2376[\r][\n]"
04:01:46.765 [Test worker] DEBUG org.apache.http.wire - http-outgoing-31 >> "Connection: Keep-Alive[\r][\n]"
04:01:46.765 [Test worker] DEBUG org.apache.http.wire - http-outgoing-31 >> "Accept-Encoding: gzip,deflate[\r][\n]"
04:01:46.765 [Test worker] DEBUG org.apache.http.wire - http-outgoing-31 >> "[\r][\n]"
04:01:46.766 [Test worker] DEBUG org.apache.http.wire - http-outgoing-31 << "H"
04:01:46.766 [Test worker] DEBUG org.apache.http.wire - http-outgoing-31 << "TTP/1.1 200 OK[\r][\n]"
04:01:46.766 [Test worker] DEBUG org.apache.http.wire - http-outgoing-31 << "Content-Type: application/json[\r][\n]"
04:01:46.766 [Test worker] DEBUG org.apache.http.wire - http-outgoing-31 << "Server: Docker/1.12.3 (linux)[\r][\n]"
04:01:46.766 [Test worker] DEBUG org.apache.http.wire - http-outgoing-31 << "Date: Wed, 21 Dec 2016 03:01:46 GMT[\r][\n]"
04:01:46.767 [Test worker] DEBUG org.apache.http.wire - http-outgoing-31 << "Content-Length: 812[\r][\n]"
04:01:46.767 [Test worker] DEBUG org.apache.http.wire - http-outgoing-31 << "[\r][\n]"
04:01:46.767 [Test worker] DEBUG org.apache.http.wire - http-outgoing-31 << "{"Name":"MyNetwork2","Id":"904fffc745cd34fd5af27123bb333dad50b450e73ff80cdb9c321d0a743812db","Scope":"local","Driver":"bridge","EnableIPv6":false,"IPAM":{"Driver":"default","Options":null,"Config":[{"Subnet":"172.19.0.0/16","Gateway":"172.19.0.1/16"}]},"Internal":false,"Containers":{"2231190db9a4a92f2ca01c072efb121c3e114a67ee83514ca308ce598b80f416":{"Name":"MyContainer2","EndpointID":"df9253ae81993d4b0c7ae61ed78eb83a9f4166d91a6cac7cf374b5310e3c4881","MacAddress":"02:42:ac:13:00:03","IPv4Address":"172.19.0.3/16","IPv6Address":""},"40a832f1e777fe6fb56d7f4b1de7136563fe8cc1ce33e222857a2540bc062e72":{"Name":"MyContainer","EndpointID":"58a8eceaf3c7decaefc13519de5bfadf0e7186ce22cabb0b3d32fb5b2358caa1","MacAddress":"02:42:ac:13:00:02","IPv4Address":"172.19.0.2/16","IPv6Address":""}},"Options":{},"Labels":{}}[\n]"
04:01:46.767 [Test worker] DEBUG org.apache.http.headers - http-outgoing-31 << HTTP/1.1 200 OK
04:01:46.767 [Test worker] DEBUG org.apache.http.headers - http-outgoing-31 << Content-Type: application/json
04:01:46.768 [Test worker] DEBUG org.apache.http.headers - http-outgoing-31 << Server: Docker/1.12.3 (linux)
04:01:46.768 [Test worker] DEBUG org.apache.http.headers - http-outgoing-31 << Date: Wed, 21 Dec 2016 03:01:46 GMT
04:01:46.768 [Test worker] DEBUG org.apache.http.headers - http-outgoing-31 << Content-Length: 812
04:01:46.768 [Test worker] DEBUG o.a.h.impl.execchain.MainClientExec - Connection can be kept alive indefinitely
04:01:46.769 [Test worker] DEBUG c.g.d.j.JerseyDockerCmdExecFactory - 6 * Client response received on thread Test worker
6 < 200
6 < Content-Length: 812
6 < Content-Type: application/json
6 < Date: Wed, 21 Dec 2016 03:01:46 GMT
6 < Server: Docker/1.12.3 (linux)
{"Name":"MyNetwork2","Id":"904fffc745cd34fd5af27123bb333dad50b450e73ff80cdb9c321d0a743812db","Scope":"local","Driver":"bridge","EnableIPv6":false,"IPAM":{"Driver":"default","Options":null,"Config":[{"Subnet":"172.19.0.0/16","Gateway":"172.19.0.1/16"}]},"Internal":false,"Containers":{"2231190db9a4a92f2ca01c072efb121c3e114a67ee83514ca308ce598b80f416":{"Name":"MyContainer2","EndpointID":"df9253ae81993d4b0c7ae61ed78eb83a9f4166d91a6cac7cf374b5310e3c4881","MacAddress":"02:42:ac:13:00:03","IPv4Address":"172.19.0.3/16","IPv6Address":""},"40a832f1e777fe6fb56d7f4b1de7136563fe8cc1ce33e222857a2540bc062e72":{"Name":"MyContainer","EndpointID":"58a8eceaf3c7decaefc13519de5bfadf0e7186ce22cabb0b3d32fb5b2358caa1","MacAddress":"02:42:ac:13:00:02","IPv4Address":"172.19.0.2/16","IPv6Address":""}},"Options":{},"Labels":{}}


04:01:46.773 [Test worker] DEBUG o.a.h.i.c.DefaultManagedHttpClientConnection - http-outgoing-31: Close connection
04:01:46.773 [Test worker] DEBUG o.a.h.impl.execchain.MainClientExec - Connection discarded
04:01:46.773 [Test worker] DEBUG c.g.d.j.JerseyDockerCmdExecFactory$1 - Connection released: [id: 31][route: {s}->https://Thesis:2376][total kept alive: 1; route allocated: 1 of 2; total allocated: 1 of 20]
04:01:46.773 [Test worker] INFO  org.openbaton.docker.DockerVim - Container connected to the Network Successfully
04:01:46.774 [Test worker] DEBUG c.g.d.core.command.AbstrDockerCmd - Cmd: 5a30f19dac10c223dbe71b1245ebc6269c8438db4bef2ef5c9428ed0fa719c10,com.github.dockerjava.jaxrs.InspectNetworkCmdExec@42d795d2
04:01:46.774 [Test worker] DEBUG c.g.d.jaxrs.ListNetworksCmdExec - GET: JerseyWebTarget { https://Thesis:2376/networks/5a30f19dac10c223dbe71b1245ebc6269c8438db4bef2ef5c9428ed0fa719c10 }
04:01:46.774 [Test worker] DEBUG c.g.d.j.JerseyDockerCmdExecFactory - 3 * Sending client request on thread Test worker
3 > GET https://Thesis:2376/networks/5a30f19dac10c223dbe71b1245ebc6269c8438db4bef2ef5c9428ed0fa719c10
3 > Accept: application/json

04:01:46.775 [Test worker] DEBUG o.a.h.c.protocol.RequestAddCookies - CookieSpec selected: default
04:01:46.775 [Test worker] DEBUG o.a.h.c.protocol.RequestAuthCache - Auth cache not set in the context
04:01:46.775 [Test worker] DEBUG c.g.d.j.JerseyDockerCmdExecFactory$1 - Connection request: [route: {s}->https://Thesis:2376][total kept alive: 0; route allocated: 0 of 2; total allocated: 0 of 20]
04:01:46.775 [Test worker] DEBUG c.g.d.j.JerseyDockerCmdExecFactory$1 - Connection leased: [id: 32][route: {s}->https://Thesis:2376][total kept alive: 0; route allocated: 1 of 2; total allocated: 1 of 20]
04:01:46.776 [Test worker] DEBUG o.a.h.impl.execchain.MainClientExec - Opening connection {s}->https://Thesis:2376
04:01:46.776 [Test worker] DEBUG o.a.h.i.c.DefaultHttpClientConnectionOperator - Connecting to Thesis/127.0.1.1:2376
04:01:46.776 [Test worker] DEBUG o.a.h.c.s.SSLConnectionSocketFactory - Connecting socket to Thesis/127.0.1.1:2376 with timeout 0
04:01:46.777 [Test worker] DEBUG o.a.h.c.s.SSLConnectionSocketFactory - Enabled protocols: [TLSv1]
04:01:46.777 [Test worker] DEBUG o.a.h.c.s.SSLConnectionSocketFactory - Enabled cipher suites:[TLS_ECDHE_ECDSA_WITH_AES_128_CBC_SHA, TLS_ECDHE_RSA_WITH_AES_128_CBC_SHA, TLS_RSA_WITH_AES_128_CBC_SHA, TLS_ECDH_ECDSA_WITH_AES_128_CBC_SHA, TLS_ECDH_RSA_WITH_AES_128_CBC_SHA, TLS_DHE_RSA_WITH_AES_128_CBC_SHA, TLS_DHE_DSS_WITH_AES_128_CBC_SHA, TLS_ECDHE_ECDSA_WITH_3DES_EDE_CBC_SHA, TLS_ECDHE_RSA_WITH_3DES_EDE_CBC_SHA, SSL_RSA_WITH_3DES_EDE_CBC_SHA, TLS_ECDH_ECDSA_WITH_3DES_EDE_CBC_SHA, TLS_ECDH_RSA_WITH_3DES_EDE_CBC_SHA, SSL_DHE_RSA_WITH_3DES_EDE_CBC_SHA, SSL_DHE_DSS_WITH_3DES_EDE_CBC_SHA, TLS_ECDHE_ECDSA_WITH_RC4_128_SHA, TLS_ECDHE_RSA_WITH_RC4_128_SHA, SSL_RSA_WITH_RC4_128_SHA, TLS_ECDH_ECDSA_WITH_RC4_128_SHA, TLS_ECDH_RSA_WITH_RC4_128_SHA, SSL_RSA_WITH_RC4_128_MD5, TLS_EMPTY_RENEGOTIATION_INFO_SCSV]
04:01:46.777 [Test worker] DEBUG o.a.h.c.s.SSLConnectionSocketFactory - Starting handshake
04:01:46.837 [Test worker] DEBUG o.a.h.c.s.SSLConnectionSocketFactory - Secure session established
04:01:46.837 [Test worker] DEBUG o.a.h.c.s.SSLConnectionSocketFactory -  negotiated protocol: TLSv1
04:01:46.837 [Test worker] DEBUG o.a.h.c.s.SSLConnectionSocketFactory -  negotiated cipher suite: TLS_ECDHE_RSA_WITH_AES_128_CBC_SHA
04:01:46.838 [Test worker] DEBUG o.a.h.c.s.SSLConnectionSocketFactory -  peer principal: CN=Thesis
04:01:46.838 [Test worker] DEBUG o.a.h.c.s.SSLConnectionSocketFactory -  issuer principal: EMAILADDRESS=sha@yamil.com, CN=Thesis, OU=Open, O=Fra, L=BER, ST=BER, C=DE
04:01:46.838 [Test worker] DEBUG o.a.h.i.c.DefaultHttpClientConnectionOperator - Connection established 127.0.0.1:60998<->127.0.1.1:2376
04:01:46.838 [Test worker] DEBUG o.a.h.impl.execchain.MainClientExec - Executing request GET /networks/5a30f19dac10c223dbe71b1245ebc6269c8438db4bef2ef5c9428ed0fa719c10 HTTP/1.1
04:01:46.838 [Test worker] DEBUG o.a.h.impl.execchain.MainClientExec - Target auth state: UNCHALLENGED
04:01:46.839 [Test worker] DEBUG o.a.h.impl.execchain.MainClientExec - Proxy auth state: UNCHALLENGED
04:01:46.839 [Test worker] DEBUG org.apache.http.headers - http-outgoing-32 >> GET /networks/5a30f19dac10c223dbe71b1245ebc6269c8438db4bef2ef5c9428ed0fa719c10 HTTP/1.1
04:01:46.839 [Test worker] DEBUG org.apache.http.headers - http-outgoing-32 >> Accept: application/json
04:01:46.839 [Test worker] DEBUG org.apache.http.headers - http-outgoing-32 >> User-Agent: Jersey/2.23.1 (Apache HttpClient 4.5.1)
04:01:46.839 [Test worker] DEBUG org.apache.http.headers - http-outgoing-32 >> Host: Thesis:2376
04:01:46.839 [Test worker] DEBUG org.apache.http.headers - http-outgoing-32 >> Connection: Keep-Alive
04:01:46.839 [Test worker] DEBUG org.apache.http.headers - http-outgoing-32 >> Accept-Encoding: gzip,deflate
04:01:46.840 [Test worker] DEBUG org.apache.http.wire - http-outgoing-32 >> "GET /networks/5a30f19dac10c223dbe71b1245ebc6269c8438db4bef2ef5c9428ed0fa719c10 HTTP/1.1[\r][\n]"
04:01:46.840 [Test worker] DEBUG org.apache.http.wire - http-outgoing-32 >> "Accept: application/json[\r][\n]"
04:01:46.840 [Test worker] DEBUG org.apache.http.wire - http-outgoing-32 >> "User-Agent: Jersey/2.23.1 (Apache HttpClient 4.5.1)[\r][\n]"
04:01:46.840 [Test worker] DEBUG org.apache.http.wire - http-outgoing-32 >> "Host: Thesis:2376[\r][\n]"
04:01:46.840 [Test worker] DEBUG org.apache.http.wire - http-outgoing-32 >> "Connection: Keep-Alive[\r][\n]"
04:01:46.840 [Test worker] DEBUG org.apache.http.wire - http-outgoing-32 >> "Accept-Encoding: gzip,deflate[\r][\n]"
04:01:46.840 [Test worker] DEBUG org.apache.http.wire - http-outgoing-32 >> "[\r][\n]"
04:01:46.841 [Test worker] DEBUG org.apache.http.wire - http-outgoing-32 << "H"
04:01:46.841 [Test worker] DEBUG org.apache.http.wire - http-outgoing-32 << "TTP/1.1 200 OK[\r][\n]"
04:01:46.841 [Test worker] DEBUG org.apache.http.wire - http-outgoing-32 << "Content-Type: application/json[\r][\n]"
04:01:46.842 [Test worker] DEBUG org.apache.http.wire - http-outgoing-32 << "Server: Docker/1.12.3 (linux)[\r][\n]"
04:01:46.842 [Test worker] DEBUG org.apache.http.wire - http-outgoing-32 << "Date: Wed, 21 Dec 2016 03:01:46 GMT[\r][\n]"
04:01:46.842 [Test worker] DEBUG org.apache.http.wire - http-outgoing-32 << "Content-Length: 811[\r][\n]"
04:01:46.842 [Test worker] DEBUG org.apache.http.wire - http-outgoing-32 << "[\r][\n]"
04:01:46.842 [Test worker] DEBUG org.apache.http.wire - http-outgoing-32 << "{"Name":"MyNetwork","Id":"5a30f19dac10c223dbe71b1245ebc6269c8438db4bef2ef5c9428ed0fa719c10","Scope":"local","Driver":"bridge","EnableIPv6":false,"IPAM":{"Driver":"default","Options":null,"Config":[{"Subnet":"172.18.0.0/16","Gateway":"172.18.0.1/16"}]},"Internal":false,"Containers":{"2231190db9a4a92f2ca01c072efb121c3e114a67ee83514ca308ce598b80f416":{"Name":"MyContainer2","EndpointID":"9b5084150115f751c96850b3ca45160e417924ba4fe4544ae656f4a2caab43ed","MacAddress":"02:42:ac:12:00:03","IPv4Address":"172.18.0.3/16","IPv6Address":""},"40a832f1e777fe6fb56d7f4b1de7136563fe8cc1ce33e222857a2540bc062e72":{"Name":"MyContainer","EndpointID":"ea28a948297d03ea0a10e30a2b513f6b1726956f6684fb3f5f00ae24063f3f27","MacAddress":"02:42:ac:12:00:02","IPv4Address":"172.18.0.2/16","IPv6Address":""}},"Options":{},"Labels":{}}[\n]"
04:01:46.843 [Test worker] DEBUG org.apache.http.headers - http-outgoing-32 << HTTP/1.1 200 OK
04:01:46.843 [Test worker] DEBUG org.apache.http.headers - http-outgoing-32 << Content-Type: application/json
04:01:46.843 [Test worker] DEBUG org.apache.http.headers - http-outgoing-32 << Server: Docker/1.12.3 (linux)
04:01:46.843 [Test worker] DEBUG org.apache.http.headers - http-outgoing-32 << Date: Wed, 21 Dec 2016 03:01:46 GMT
04:01:46.843 [Test worker] DEBUG org.apache.http.headers - http-outgoing-32 << Content-Length: 811
04:01:46.843 [Test worker] DEBUG o.a.h.impl.execchain.MainClientExec - Connection can be kept alive indefinitely
04:01:46.844 [Test worker] DEBUG c.g.d.j.JerseyDockerCmdExecFactory - 4 * Client response received on thread Test worker
4 < 200
4 < Content-Length: 811
4 < Content-Type: application/json
4 < Date: Wed, 21 Dec 2016 03:01:46 GMT
4 < Server: Docker/1.12.3 (linux)
{"Name":"MyNetwork","Id":"5a30f19dac10c223dbe71b1245ebc6269c8438db4bef2ef5c9428ed0fa719c10","Scope":"local","Driver":"bridge","EnableIPv6":false,"IPAM":{"Driver":"default","Options":null,"Config":[{"Subnet":"172.18.0.0/16","Gateway":"172.18.0.1/16"}]},"Internal":false,"Containers":{"2231190db9a4a92f2ca01c072efb121c3e114a67ee83514ca308ce598b80f416":{"Name":"MyContainer2","EndpointID":"9b5084150115f751c96850b3ca45160e417924ba4fe4544ae656f4a2caab43ed","MacAddress":"02:42:ac:12:00:03","IPv4Address":"172.18.0.3/16","IPv6Address":""},"40a832f1e777fe6fb56d7f4b1de7136563fe8cc1ce33e222857a2540bc062e72":{"Name":"MyContainer","EndpointID":"ea28a948297d03ea0a10e30a2b513f6b1726956f6684fb3f5f00ae24063f3f27","MacAddress":"02:42:ac:12:00:02","IPv4Address":"172.18.0.2/16","IPv6Address":""}},"Options":{},"Labels":{}}


04:01:46.848 [Test worker] DEBUG o.a.h.i.c.DefaultManagedHttpClientConnection - http-outgoing-32: Close connection
04:01:46.848 [Test worker] DEBUG o.a.h.impl.execchain.MainClientExec - Connection discarded
04:01:46.849 [Test worker] DEBUG c.g.d.j.JerseyDockerCmdExecFactory$1 - Connection released: [id: 32][route: {s}->https://Thesis:2376][total kept alive: 0; route allocated: 0 of 2; total allocated: 0 of 20]
Updated docker Network: {2231190db9a4a92f2ca01c072efb121c3e114a67ee83514ca308ce598b80f416=com.github.dockerjava.api.model.Network$ContainerNetworkConfig@2b3c70a2[endpointId=9b5084150115f751c96850b3ca45160e417924ba4fe4544ae656f4a2caab43ed,macAddress=02:42:ac:12:00:03,ipv4Address=172.18.0.3/16,ipv6Address=], 40a832f1e777fe6fb56d7f4b1de7136563fe8cc1ce33e222857a2540bc062e72=com.github.dockerjava.api.model.Network$ContainerNetworkConfig@d06b1db[endpointId=ea28a948297d03ea0a10e30a2b513f6b1726956f6684fb3f5f00ae24063f3f27,macAddress=02:42:ac:12:00:02,ipv4Address=172.18.0.2/16,ipv6Address=]}
04:01:46.849 [Test worker] DEBUG c.g.d.core.command.AbstrDockerCmd - Cmd: 40a832f1e777fe6fb56d7f4b1de7136563fe8cc1ce33e222857a2540bc062e72,false,com.github.dockerjava.jaxrs.InspectContainerCmdExec@3286a78b
04:01:46.850 [Test worker] DEBUG c.g.d.jaxrs.InspectContainerCmdExec - GET: JerseyWebTarget { https://Thesis:2376/containers/40a832f1e777fe6fb56d7f4b1de7136563fe8cc1ce33e222857a2540bc062e72/json }
04:01:46.850 [Test worker] DEBUG c.g.d.j.JerseyDockerCmdExecFactory - 5 * Sending client request on thread Test worker
5 > GET https://Thesis:2376/containers/40a832f1e777fe6fb56d7f4b1de7136563fe8cc1ce33e222857a2540bc062e72/json
5 > Accept: application/json

04:01:46.851 [Test worker] DEBUG o.a.h.c.protocol.RequestAddCookies - CookieSpec selected: default
04:01:46.851 [Test worker] DEBUG o.a.h.c.protocol.RequestAuthCache - Auth cache not set in the context
04:01:46.851 [Test worker] DEBUG c.g.d.j.JerseyDockerCmdExecFactory$1 - Connection request: [route: {s}->https://Thesis:2376][total kept alive: 0; route allocated: 0 of 2; total allocated: 0 of 20]
04:01:46.851 [Test worker] DEBUG c.g.d.j.JerseyDockerCmdExecFactory$1 - Connection leased: [id: 33][route: {s}->https://Thesis:2376][total kept alive: 0; route allocated: 1 of 2; total allocated: 1 of 20]
04:01:46.851 [Test worker] DEBUG o.a.h.impl.execchain.MainClientExec - Opening connection {s}->https://Thesis:2376
04:01:46.851 [Test worker] DEBUG o.a.h.i.c.DefaultHttpClientConnectionOperator - Connecting to Thesis/127.0.1.1:2376
04:01:46.852 [Test worker] DEBUG o.a.h.c.s.SSLConnectionSocketFactory - Connecting socket to Thesis/127.0.1.1:2376 with timeout 0
04:01:46.853 [Test worker] DEBUG o.a.h.c.s.SSLConnectionSocketFactory - Enabled protocols: [TLSv1]
04:01:46.853 [Test worker] DEBUG o.a.h.c.s.SSLConnectionSocketFactory - Enabled cipher suites:[TLS_ECDHE_ECDSA_WITH_AES_128_CBC_SHA, TLS_ECDHE_RSA_WITH_AES_128_CBC_SHA, TLS_RSA_WITH_AES_128_CBC_SHA, TLS_ECDH_ECDSA_WITH_AES_128_CBC_SHA, TLS_ECDH_RSA_WITH_AES_128_CBC_SHA, TLS_DHE_RSA_WITH_AES_128_CBC_SHA, TLS_DHE_DSS_WITH_AES_128_CBC_SHA, TLS_ECDHE_ECDSA_WITH_3DES_EDE_CBC_SHA, TLS_ECDHE_RSA_WITH_3DES_EDE_CBC_SHA, SSL_RSA_WITH_3DES_EDE_CBC_SHA, TLS_ECDH_ECDSA_WITH_3DES_EDE_CBC_SHA, TLS_ECDH_RSA_WITH_3DES_EDE_CBC_SHA, SSL_DHE_RSA_WITH_3DES_EDE_CBC_SHA, SSL_DHE_DSS_WITH_3DES_EDE_CBC_SHA, TLS_ECDHE_ECDSA_WITH_RC4_128_SHA, TLS_ECDHE_RSA_WITH_RC4_128_SHA, SSL_RSA_WITH_RC4_128_SHA, TLS_ECDH_ECDSA_WITH_RC4_128_SHA, TLS_ECDH_RSA_WITH_RC4_128_SHA, SSL_RSA_WITH_RC4_128_MD5, TLS_EMPTY_RENEGOTIATION_INFO_SCSV]
04:01:46.853 [Test worker] DEBUG o.a.h.c.s.SSLConnectionSocketFactory - Starting handshake
04:01:46.914 [Test worker] DEBUG o.a.h.c.s.SSLConnectionSocketFactory - Secure session established
04:01:46.914 [Test worker] DEBUG o.a.h.c.s.SSLConnectionSocketFactory -  negotiated protocol: TLSv1
04:01:46.914 [Test worker] DEBUG o.a.h.c.s.SSLConnectionSocketFactory -  negotiated cipher suite: TLS_ECDHE_RSA_WITH_AES_128_CBC_SHA
04:01:46.914 [Test worker] DEBUG o.a.h.c.s.SSLConnectionSocketFactory -  peer principal: CN=Thesis
04:01:46.915 [Test worker] DEBUG o.a.h.c.s.SSLConnectionSocketFactory -  issuer principal: EMAILADDRESS=sha@yamil.com, CN=Thesis, OU=Open, O=Fra, L=BER, ST=BER, C=DE
04:01:46.915 [Test worker] DEBUG o.a.h.i.c.DefaultHttpClientConnectionOperator - Connection established 127.0.0.1:32768<->127.0.1.1:2376
04:01:46.915 [Test worker] DEBUG o.a.h.impl.execchain.MainClientExec - Executing request GET /containers/40a832f1e777fe6fb56d7f4b1de7136563fe8cc1ce33e222857a2540bc062e72/json HTTP/1.1
04:01:46.915 [Test worker] DEBUG o.a.h.impl.execchain.MainClientExec - Target auth state: UNCHALLENGED
04:01:46.915 [Test worker] DEBUG o.a.h.impl.execchain.MainClientExec - Proxy auth state: UNCHALLENGED
04:01:46.915 [Test worker] DEBUG org.apache.http.headers - http-outgoing-33 >> GET /containers/40a832f1e777fe6fb56d7f4b1de7136563fe8cc1ce33e222857a2540bc062e72/json HTTP/1.1
04:01:46.916 [Test worker] DEBUG org.apache.http.headers - http-outgoing-33 >> Accept: application/json
04:01:46.916 [Test worker] DEBUG org.apache.http.headers - http-outgoing-33 >> User-Agent: Jersey/2.23.1 (Apache HttpClient 4.5.1)
04:01:46.916 [Test worker] DEBUG org.apache.http.headers - http-outgoing-33 >> Host: Thesis:2376
04:01:46.916 [Test worker] DEBUG org.apache.http.headers - http-outgoing-33 >> Connection: Keep-Alive
04:01:46.916 [Test worker] DEBUG org.apache.http.headers - http-outgoing-33 >> Accept-Encoding: gzip,deflate
04:01:46.916 [Test worker] DEBUG org.apache.http.wire - http-outgoing-33 >> "GET /containers/40a832f1e777fe6fb56d7f4b1de7136563fe8cc1ce33e222857a2540bc062e72/json HTTP/1.1[\r][\n]"
04:01:46.916 [Test worker] DEBUG org.apache.http.wire - http-outgoing-33 >> "Accept: application/json[\r][\n]"
04:01:46.917 [Test worker] DEBUG org.apache.http.wire - http-outgoing-33 >> "User-Agent: Jersey/2.23.1 (Apache HttpClient 4.5.1)[\r][\n]"
04:01:46.917 [Test worker] DEBUG org.apache.http.wire - http-outgoing-33 >> "Host: Thesis:2376[\r][\n]"
04:01:46.917 [Test worker] DEBUG org.apache.http.wire - http-outgoing-33 >> "Connection: Keep-Alive[\r][\n]"
04:01:46.917 [Test worker] DEBUG org.apache.http.wire - http-outgoing-33 >> "Accept-Encoding: gzip,deflate[\r][\n]"
04:01:46.917 [Test worker] DEBUG org.apache.http.wire - http-outgoing-33 >> "[\r][\n]"
04:01:46.918 [Test worker] DEBUG org.apache.http.wire - http-outgoing-33 << "H"
04:01:46.918 [Test worker] DEBUG org.apache.http.wire - http-outgoing-33 << "TTP/1.1 200 OK[\r][\n]"
04:01:46.918 [Test worker] DEBUG org.apache.http.wire - http-outgoing-33 << "Content-Type: application/json[\r][\n]"
04:01:46.918 [Test worker] DEBUG org.apache.http.wire - http-outgoing-33 << "Server: Docker/1.12.3 (linux)[\r][\n]"
04:01:46.918 [Test worker] DEBUG org.apache.http.wire - http-outgoing-33 << "Date: Wed, 21 Dec 2016 03:01:46 GMT[\r][\n]"
04:01:46.918 [Test worker] DEBUG org.apache.http.wire - http-outgoing-33 << "Transfer-Encoding: chunked[\r][\n]"
04:01:46.919 [Test worker] DEBUG org.apache.http.wire - http-outgoing-33 << "[\r][\n]"
04:01:46.919 [Test worker] DEBUG org.apache.http.wire - http-outgoing-33 << "1182[\r][\n]"
04:01:46.919 [Test worker] DEBUG org.apache.http.wire - http-outgoing-33 << "{"Id":"40a832f1e777fe6fb56d7f4b1de7136563fe8cc1ce33e222857a2540bc062e72","Created":"2016-12-21T03:01:34.376313664Z","Path":"sleep","Args":["99999"],"State":{"Status":"running","Running":true,"Paused":false,"Restarting":false,"OOMKilled":false,"Dead":false,"Pid":19202,"ExitCode":0,"Error":"","StartedAt":"2016-12-21T03:01:41.012575029Z","FinishedAt":"2016-12-21T03:01:40.61483934Z"},"Image":"sha256:aae2b63c49461fcae4962e4a8043f66acf8e3af7e62f5ebceb70b181d8ca01e0","ResolvConfPath":"/var/lib/docker/containers/40a832f1e777fe6fb56d7f4b1de7136563fe8cc1ce33e222857a2540bc062e72/resolv.conf","HostnamePath":"/var/lib/docker/containers/40a832f1e777fe6fb56d7f4b1de7136563fe8cc1ce33e222857a2540bc062e72/hostname","HostsPath":"/var/lib/docker/containers/40a832f1e777fe6fb56d7f4b1de7136563fe8cc1ce33e222857a2540bc062e72/hosts","LogPath":"/var/lib/docker/containers/40a832f1e777fe6fb56d7f4b1de7136563fe8cc1ce33e222857a2540bc062e72/40a832f1e777fe6fb56d7f4b1de7136563fe8cc1ce33e222857a2540bc062e72-json.log","Name":"/MyContainer","RestartCount":0,"Driver":"aufs","MountLabel":"","ProcessLabel":"","AppArmorProfile":"","ExecIDs":null,"HostConfig":{"Binds":null,"ContainerIDFile":"","LogConfig":{"Type":"json-file","Config":{}},"NetworkMode":"default","PortBindings":{"8084/tcp":[{"HostIp":"","HostPort":"8084"}]},"RestartPolicy":{"Name":"","MaximumRetryCount":0},"AutoRemove":false,"VolumeDriver":"","VolumesFrom":null,"CapAdd":null,"CapDrop":null,"Dns":null,"DnsOptions":null,"DnsSearch":null,"ExtraHosts":null,"GroupAdd":null,"IpcMode":"","Cgroup":"","Links":null,"OomScoreAdj":0,"PidMode":"","Privileged":false,"PublishAllPorts":false,"ReadonlyRootfs":false,"SecurityOpt":null,"UTSMode":"","UsernsMode":"","ShmSize":67108864,"Runtime":"runc","ConsoleSize":[0,0],"Isolation":"","CpuShares":0,"Memory":0,"CgroupParent":"","BlkioWeight":0,"BlkioWeightDevice":null,"BlkioDeviceReadBps":null,"BlkioDeviceWriteBps":null,"BlkioDeviceReadIOps":null,"BlkioDeviceWriteIOps":null,"CpuPeriod":0,"CpuQuota":0,"CpusetCpus":"","CpusetMems":"","Devices":null,"DiskQuota":0,"KernelMemory":0,"MemoryReservation":0,"MemorySwap":0,"MemorySwappiness":-1,"OomKillDisable":false,"PidsLimit":0,"Ulimits":null,"CpuCount":0,"CpuPercent":0,"IOMaximumIOps":0,"IOMaximumBandwidth":0},"GraphDriver":{"Name":"aufs","Data":null},"Mounts":[],"Config":{"Hostname":"Openbaton","Domainname":"","User":"","AttachStdin":false,"AttachStdout":false,"AttachStderr":false,"ExposedPorts":{"8084/tcp":{}},"Tty":false,"OpenStdin":false,"StdinOnce":false,"Env":["port=8080","PATH=/usr/local/sbin:/usr/local/bin:/usr/sbin:/usr/bin:/sbin:/bin"],"Cmd":["sleep","99999"],"Image":"ubuntu:14.04","Volumes":null,"WorkingDir":"","Entrypoint":null,"OnBuild":null,"Labels":{}},"NetworkSettings":{"Bridge":"","SandboxID":"1d4d1c383599c5985350a1dd428d2839e2dbe8afc4ba1b27cfcb341995c2c95a","HairpinMode":false,"LinkLocalIPv6Address":"","LinkLocalIPv6PrefixLen":0,"Ports":{"8084/tcp":[{"HostIp":"0.0.0.0","HostPort":"8084"}]},"SandboxKey":"/var/run/docker/netns/1d4d1c383599","SecondaryIPAddresses":null,"SecondaryIPv6Addresses":null,"EndpointID":"2d8049cfe7fa35a917afe68299065b5dbcac845be9db3f171cf089c206402b7e","Gateway":"172.17.0.1","GlobalIPv6Address":"","GlobalIPv6PrefixLen":0,"IPAddress":"172.17.0.2","IPPrefixLen":16,"IPv6Gateway":"","MacAddress":"02:42:ac:11:00:02","Networks":{"MyNetwork":{"IPAMConfig":{},"Links":null,"Aliases":["40a832f1e777"],"NetworkID":"5a30f19dac10c223dbe71b1245ebc6269c8438db4bef2ef5c9428ed0fa719c10","EndpointID":"ea28a948297d03ea0a10e30a2b513f6b1726956f6684fb3f5f00ae24063f3f27","Gateway":"172.18.0.1","IPAddress":"172.18.0.2","IPPrefixLen":16,"IPv6Gateway":"","GlobalIPv6Address":"","GlobalIPv6PrefixLen":0,"MacAddress":"02:42:ac:12:00:02"},"MyNetwork2":{"IPAMConfig":{},"Links":null,"Aliases":["40a832f1e777"],"NetworkID":"904fffc745cd34fd5af27123bb333dad50b450e73ff80cdb9c321d0a743812db","EndpointID":"58a8eceaf3c7decaefc13519de5bfadf0e7186ce22cabb0b3d32fb5b2358caa1","Gate"
04:01:46.919 [Test worker] DEBUG org.apache.http.headers - http-outgoing-33 << HTTP/1.1 200 OK
04:01:46.920 [Test worker] DEBUG org.apache.http.headers - http-outgoing-33 << Content-Type: application/json
04:01:46.920 [Test worker] DEBUG org.apache.http.headers - http-outgoing-33 << Server: Docker/1.12.3 (linux)
04:01:46.920 [Test worker] DEBUG org.apache.http.headers - http-outgoing-33 << Date: Wed, 21 Dec 2016 03:01:46 GMT
04:01:46.920 [Test worker] DEBUG org.apache.http.headers - http-outgoing-33 << Transfer-Encoding: chunked
04:01:46.920 [Test worker] DEBUG o.a.h.impl.execchain.MainClientExec - Connection can be kept alive indefinitely
04:01:46.921 [Test worker] DEBUG c.g.d.j.JerseyDockerCmdExecFactory - 6 * Client response received on thread Test worker
6 < 200
6 < Content-Length: -1
6 < Content-Type: application/json
6 < Date: Wed, 21 Dec 2016 03:01:46 GMT
6 < Server: Docker/1.12.3 (linux)
6 < Transfer-Encoding: chunked
{"Id":"40a832f1e777fe6fb56d7f4b1de7136563fe8cc1ce33e222857a2540bc062e72","Created":"2016-12-21T03:01:34.376313664Z","Path":"sleep","Args":["99999"],"State":{"Status":"running","Running":true,"Paused":false,"Restarting":false,"OOMKilled":false,"Dead":false,"Pid":19202,"ExitCode":0,"Error":"","StartedAt":"2016-12-21T03:01:41.012575029Z","FinishedAt":"2016-12-21T03:01:40.61483934Z"},"Image":"sha256:aae2b63c49461fcae4962e4a8043f66acf8e3af7e62f5ebceb70b181d8ca01e0","ResolvConfPath":"/var/lib/docker/containers/40a832f1e777fe6fb56d7f4b1de7136563fe8cc1ce33e222857a2540bc062e72/resolv.conf","HostnamePath":"/var/lib/docker/containers/40a832f1e777fe6fb56d7f4b1de7136563fe8cc1ce33e222857a2540bc062e72/hostname","HostsPath":"/var/lib/docker/containers/40a832f1e777fe6fb56d7f4b1de7136563fe8cc1ce33e222857a2540bc062e72/hosts","LogPath":"/var/lib/docker/containers/40a832f1e777fe6fb56d7f4b1de7136563fe8cc1ce33e222857a2540bc062e72/40a832f1e777fe6fb56d7f4b1de7136563fe8cc1ce33e222857a2540bc062e72-json.log","Name":"/MyContainer","RestartCount":0,"Driver":"aufs","MountLabel":"","ProcessLabel":"","AppArmorProfile":"","ExecIDs":null,"HostConfig":{"Binds":null,"ContainerIDFile":"","LogConfig":{"Type":"json-file","Config":{}},"NetworkMode":"default","PortBindings":{"8084/tcp":[{"HostIp":"","HostPort":"8084"}]},"RestartPolicy":{"Name":"","MaximumRetryCount":0},"AutoRemove":false,"VolumeDriver":"","VolumesFrom":null,"CapAdd":null,"CapDrop":null,"Dns":null,"DnsOptions":null,"DnsSearch":null,"ExtraHosts":null,"GroupAdd":null,"IpcMode":"","Cgroup":"","Links":null,"OomScoreAdj":0,"PidMode":"","Privileged":false,"PublishAllPorts":false,"ReadonlyRootfs":false,"SecurityOpt":null,"UTSMode":"","UsernsMode":"","ShmSize":67108864,"Runtime":"runc","ConsoleSize":[0,0],"Isolation":"","CpuShares":0,"Memory":0,"CgroupParent":"","BlkioWeight":0,"BlkioWeightDevice":null,"BlkioDeviceReadBps":null,"BlkioDeviceWriteBps":null,"BlkioDeviceReadIOps":null,"BlkioDeviceWriteIOps":null,"CpuPeriod":0,"CpuQuota":0,"CpusetCpus":"","CpusetMems":"","Devices":null,"DiskQuota":0,"KernelMemory":0,"MemoryReservation":0,"MemorySwap":0,"MemorySwappiness":-1,"OomKillDisable":false,"PidsLimit":0,"Ulimits":null,"CpuCount":0,"CpuPercent":0,"IOMaximumIOps":0,"IOMaximumBandwidth":0},"GraphDriver":{"Name":"aufs","Data":null},"Mounts":[],"Config":{"Hostname":"Openbaton","Domainname":"","User":"","AttachStdin":false,"AttachStdout":false,"AttachStderr":false,"ExposedPorts":{"8084/tcp":{}},"Tty":false,"OpenStdin":false,"StdinOnce":false,"Env":["port=8080","PATH=/usr/local/sbin:/usr/local/bin:/usr/sbin:/usr/bin:/sbin:/bin"],"Cmd":["sleep","99999"],"Image":"ubuntu:14.04","Volumes":null,"WorkingDir":"","Entrypoint":null,"OnBuild":null,"Labels":{}},"NetworkSettings":{"Bridge":"","SandboxID":"1d4d1c383599c5985350a1dd428d2839e2dbe8afc4ba1b27cfcb341995c2c95a","HairpinMode":false,"LinkLocalIPv6Address":"","LinkLocalIPv6PrefixLen":0,"Ports":{"8084/tcp":[{"HostIp":"0.0.0.0","HostPort":"8084"}]},"SandboxKey":"/var/run/docker/netns/1d4d1c383599","SecondaryIPAddresses":null,"SecondaryIPv6Addresses":null,"EndpointID":"2d8049cfe7fa35a917afe68299065b5dbcac845be9db3f171cf089c206402b7e","Gateway":"172.17.0.1","GlobalIPv6Address":"","GlobalIPv6PrefixLen":0,"IPAddress":"172.17.0.2","IPPrefixLen":16,"IPv6Gateway":"","MacAddress":"02:42:ac:11:00:02","Networks":{"MyNetwork":{"IPAMConfig":{},"Links":null,"Aliases":["40a832f1e777"],"NetworkID":"5a30f19dac10c223dbe71b1245ebc6269c8438db4bef2ef5c9428ed0fa719c10","EndpointID":"ea28a948297d03ea0a10e30a2b513f6b1726956f6684fb3f5f00ae24063f3f27","Gateway":"172.18.0.1","IPAddress":"172.18.0.2","IPPrefixLen":16,"IPv6Gateway":"","GlobalIPv6Address":"","GlobalIPv6PrefixLen":0,"MacAddress":"02:42:ac:12:00:02"},"MyNetwork2":{"IPAMConfig":{},"Links":null,"Aliases":["40a832f1e777"],"NetworkID":"904fffc745cd34fd5af27123bb333dad50b450e73ff80cdb9c321d0a743812db","EndpointID":"58a8eceaf3c7decaefc13519de5bfadf0e7186ce22cabb0b3d32fb5b2358caa1","Gate

04:01:46.951 [Test worker] DEBUG org.apache.http.wire - http-outgoing-33 << "w"
04:01:46.951 [Test worker] DEBUG org.apache.http.wire - http-outgoing-33 << "ay":"172.19.0.1","IPAddress":"172.19.0.2","IPPrefixLen":16,"IPv6Gateway":"","GlobalIPv6Address":"","GlobalIPv6PrefixLen":0,"MacAddress":"02:42:ac:13:00:02"},"bridge":{"IPAMConfig":null,"Links":null,"Aliases":null,"NetworkID":"efdbf560175b2fea9530e9bd81555f23f020db58853647978dae51acf69f47b1","EndpointID":"2d8049cfe7fa35a917afe68299065b5dbcac845be9db3f171cf089c206402b7e","Gateway":"172.17.0.1","IPAddress":"172.17.0.2","IPPrefixLen":16,"IPv6Gateway":"","GlobalIPv6Address":"","GlobalIPv6PrefixLen":0,"MacAddress":"02:42:ac:11:00:02"}}}}[\n]"
04:01:46.952 [Test worker] DEBUG o.a.h.i.c.DefaultManagedHttpClientConnection - http-outgoing-33: Close connection
04:01:46.952 [Test worker] DEBUG o.a.h.impl.execchain.MainClientExec - Connection discarded
04:01:46.952 [Test worker] DEBUG c.g.d.j.JerseyDockerCmdExecFactory$1 - Connection released: [id: 33][route: {s}->https://Thesis:2376][total kept alive: 0; route allocated: 0 of 2; total allocated: 0 of 20]
04:01:46.952 [Test worker] DEBUG org.apache.http.wire - http-outgoing-33 << "[read] I/O error: Socket is closed"
Cert Path : null
04:01:46.963 [Test worker] DEBUG c.g.d.core.command.AbstrDockerCmd - Cmd: -1,<null>,true,<null>,<null>,com.github.dockerjava.core.util.FiltersBuilder@0,com.github.dockerjava.jaxrs.ListContainersCmdExec@2ab9a94
04:01:46.975 [Test worker] DEBUG c.g.d.j.JerseyDockerCmdExecFactory - 1 * Sending client request on thread Test worker
1 > GET https://Thesis:2376/containers/json?all=true
1 > Accept: application/json

04:01:46.976 [Test worker] DEBUG o.a.h.c.protocol.RequestAddCookies - CookieSpec selected: default
04:01:46.976 [Test worker] DEBUG o.a.h.c.protocol.RequestAuthCache - Auth cache not set in the context
04:01:46.977 [Test worker] DEBUG c.g.d.j.JerseyDockerCmdExecFactory$1 - Connection request: [route: {s}->https://Thesis:2376][total kept alive: 0; route allocated: 0 of 2; total allocated: 0 of 20]
04:01:46.977 [Test worker] DEBUG c.g.d.j.JerseyDockerCmdExecFactory$1 - Connection leased: [id: 34][route: {s}->https://Thesis:2376][total kept alive: 0; route allocated: 1 of 2; total allocated: 1 of 20]
04:01:46.977 [Test worker] DEBUG o.a.h.impl.execchain.MainClientExec - Opening connection {s}->https://Thesis:2376
04:01:46.977 [Test worker] DEBUG o.a.h.i.c.DefaultHttpClientConnectionOperator - Connecting to Thesis/127.0.1.1:2376
04:01:46.977 [Test worker] DEBUG o.a.h.c.s.SSLConnectionSocketFactory - Connecting socket to Thesis/127.0.1.1:2376 with timeout 0
04:01:46.978 [Test worker] DEBUG o.a.h.c.s.SSLConnectionSocketFactory - Enabled protocols: [TLSv1]
04:01:46.978 [Test worker] DEBUG o.a.h.c.s.SSLConnectionSocketFactory - Enabled cipher suites:[TLS_ECDHE_ECDSA_WITH_AES_128_CBC_SHA, TLS_ECDHE_RSA_WITH_AES_128_CBC_SHA, TLS_RSA_WITH_AES_128_CBC_SHA, TLS_ECDH_ECDSA_WITH_AES_128_CBC_SHA, TLS_ECDH_RSA_WITH_AES_128_CBC_SHA, TLS_DHE_RSA_WITH_AES_128_CBC_SHA, TLS_DHE_DSS_WITH_AES_128_CBC_SHA, TLS_ECDHE_ECDSA_WITH_3DES_EDE_CBC_SHA, TLS_ECDHE_RSA_WITH_3DES_EDE_CBC_SHA, SSL_RSA_WITH_3DES_EDE_CBC_SHA, TLS_ECDH_ECDSA_WITH_3DES_EDE_CBC_SHA, TLS_ECDH_RSA_WITH_3DES_EDE_CBC_SHA, SSL_DHE_RSA_WITH_3DES_EDE_CBC_SHA, SSL_DHE_DSS_WITH_3DES_EDE_CBC_SHA, TLS_ECDHE_ECDSA_WITH_RC4_128_SHA, TLS_ECDHE_RSA_WITH_RC4_128_SHA, SSL_RSA_WITH_RC4_128_SHA, TLS_ECDH_ECDSA_WITH_RC4_128_SHA, TLS_ECDH_RSA_WITH_RC4_128_SHA, SSL_RSA_WITH_RC4_128_MD5, TLS_EMPTY_RENEGOTIATION_INFO_SCSV]
04:01:46.979 [Test worker] DEBUG o.a.h.c.s.SSLConnectionSocketFactory - Starting handshake
04:01:47.039 [Test worker] DEBUG o.a.h.c.s.SSLConnectionSocketFactory - Secure session established
04:01:47.040 [Test worker] DEBUG o.a.h.c.s.SSLConnectionSocketFactory -  negotiated protocol: TLSv1
04:01:47.040 [Test worker] DEBUG o.a.h.c.s.SSLConnectionSocketFactory -  negotiated cipher suite: TLS_ECDHE_RSA_WITH_AES_128_CBC_SHA
04:01:47.040 [Test worker] DEBUG o.a.h.c.s.SSLConnectionSocketFactory -  peer principal: CN=Thesis
04:01:47.040 [Test worker] DEBUG o.a.h.c.s.SSLConnectionSocketFactory -  issuer principal: EMAILADDRESS=sha@yamil.com, CN=Thesis, OU=Open, O=Fra, L=BER, ST=BER, C=DE
04:01:47.040 [Test worker] DEBUG o.a.h.i.c.DefaultHttpClientConnectionOperator - Connection established 127.0.0.1:32770<->127.0.1.1:2376
04:01:47.041 [Test worker] DEBUG o.a.h.impl.execchain.MainClientExec - Executing request GET /containers/json?all=true HTTP/1.1
04:01:47.041 [Test worker] DEBUG o.a.h.impl.execchain.MainClientExec - Target auth state: UNCHALLENGED
04:01:47.041 [Test worker] DEBUG o.a.h.impl.execchain.MainClientExec - Proxy auth state: UNCHALLENGED
04:01:47.041 [Test worker] DEBUG org.apache.http.headers - http-outgoing-34 >> GET /containers/json?all=true HTTP/1.1
04:01:47.041 [Test worker] DEBUG org.apache.http.headers - http-outgoing-34 >> Accept: application/json
04:01:47.041 [Test worker] DEBUG org.apache.http.headers - http-outgoing-34 >> User-Agent: Jersey/2.23.1 (Apache HttpClient 4.5.1)
04:01:47.041 [Test worker] DEBUG org.apache.http.headers - http-outgoing-34 >> Host: Thesis:2376
04:01:47.042 [Test worker] DEBUG org.apache.http.headers - http-outgoing-34 >> Connection: Keep-Alive
04:01:47.043 [Test worker] DEBUG org.apache.http.headers - http-outgoing-34 >> Accept-Encoding: gzip,deflate
04:01:47.044 [Test worker] DEBUG org.apache.http.wire - http-outgoing-34 >> "GET /containers/json?all=true HTTP/1.1[\r][\n]"
04:01:47.044 [Test worker] DEBUG org.apache.http.wire - http-outgoing-34 >> "Accept: application/json[\r][\n]"
04:01:47.044 [Test worker] DEBUG org.apache.http.wire - http-outgoing-34 >> "User-Agent: Jersey/2.23.1 (Apache HttpClient 4.5.1)[\r][\n]"
04:01:47.044 [Test worker] DEBUG org.apache.http.wire - http-outgoing-34 >> "Host: Thesis:2376[\r][\n]"
04:01:47.044 [Test worker] DEBUG org.apache.http.wire - http-outgoing-34 >> "Connection: Keep-Alive[\r][\n]"
04:01:47.044 [Test worker] DEBUG org.apache.http.wire - http-outgoing-34 >> "Accept-Encoding: gzip,deflate[\r][\n]"
04:01:47.044 [Test worker] DEBUG org.apache.http.wire - http-outgoing-34 >> "[\r][\n]"
04:01:47.045 [Test worker] DEBUG org.apache.http.wire - http-outgoing-34 << "H"
04:01:47.045 [Test worker] DEBUG org.apache.http.wire - http-outgoing-34 << "TTP/1.1 200 OK[\r][\n]"
04:01:47.045 [Test worker] DEBUG org.apache.http.wire - http-outgoing-34 << "Content-Type: application/json[\r][\n]"
04:01:47.045 [Test worker] DEBUG org.apache.http.wire - http-outgoing-34 << "Server: Docker/1.12.3 (linux)[\r][\n]"
04:01:47.046 [Test worker] DEBUG org.apache.http.wire - http-outgoing-34 << "Date: Wed, 21 Dec 2016 03:01:47 GMT[\r][\n]"
04:01:47.046 [Test worker] DEBUG org.apache.http.wire - http-outgoing-34 << "Transfer-Encoding: chunked[\r][\n]"
04:01:47.046 [Test worker] DEBUG org.apache.http.wire - http-outgoing-34 << "[\r][\n]"
04:01:47.046 [Test worker] DEBUG org.apache.http.wire - http-outgoing-34 << "c92[\r][\n]"
04:01:47.046 [Test worker] DEBUG org.apache.http.wire - http-outgoing-34 << "[{"Id":"2231190db9a4a92f2ca01c072efb121c3e114a67ee83514ca308ce598b80f416","Names":["/MyContainer2"],"Image":"ubuntu:14.04","ImageID":"sha256:aae2b63c49461fcae4962e4a8043f66acf8e3af7e62f5ebceb70b181d8ca01e0","Command":"sleep 99999","Created":1482289295,"Ports":[{"IP":"0.0.0.0","PrivatePort":8085,"PublicPort":8085,"Type":"tcp"}],"Labels":{},"State":"running","Status":"Up Less than a second","HostConfig":{"NetworkMode":"default"},"NetworkSettings":{"Networks":{"MyNetwork":{"IPAMConfig":{},"Links":null,"Aliases":null,"NetworkID":"5a30f19dac10c223dbe71b1245ebc6269c8438db4bef2ef5c9428ed0fa719c10","EndpointID":"9b5084150115f751c96850b3ca45160e417924ba4fe4544ae656f4a2caab43ed","Gateway":"172.18.0.1","IPAddress":"172.18.0.3","IPPrefixLen":16,"IPv6Gateway":"","GlobalIPv6Address":"","GlobalIPv6PrefixLen":0,"MacAddress":"02:42:ac:12:00:03"},"MyNetwork2":{"IPAMConfig":{},"Links":null,"Aliases":null,"NetworkID":"904fffc745cd34fd5af27123bb333dad50b450e73ff80cdb9c321d0a743812db","EndpointID":"df9253ae81993d4b0c7ae61ed78eb83a9f4166d91a6cac7cf374b5310e3c4881","Gateway":"172.19.0.1","IPAddress":"172.19.0.3","IPPrefixLen":16,"IPv6Gateway":"","GlobalIPv6Address":"","GlobalIPv6PrefixLen":0,"MacAddress":"02:42:ac:13:00:03"},"bridge":{"IPAMConfig":null,"Links":null,"Aliases":null,"NetworkID":"efdbf560175b2fea9530e9bd81555f23f020db58853647978dae51acf69f47b1","EndpointID":"954aa7871cbc48b036dabe5d49a6999a097784b0df69dd99243d4a5101836bfa","Gateway":"172.17.0.1","IPAddress":"172.17.0.3","IPPrefixLen":16,"IPv6Gateway":"","GlobalIPv6Address":"","GlobalIPv6PrefixLen":0,"MacAddress":"02:42:ac:11:00:03"}}},"Mounts":[]},{"Id":"40a832f1e777fe6fb56d7f4b1de7136563fe8cc1ce33e222857a2540bc062e72","Names":["/MyContainer"],"Image":"ubuntu:14.04","ImageID":"sha256:aae2b63c49461fcae4962e4a8043f66acf8e3af7e62f5ebceb70b181d8ca01e0","Command":"sleep 99999","Created":1482289294,"Ports":[{"IP":"0.0.0.0","PrivatePort":8084,"PublicPort":8084,"Type":"tcp"}],"Labels":{},"State":"running","Status":"Up 6 seconds","HostConfig":{"NetworkMode":"default"},"NetworkSettings":{"Networks":{"MyNetwork":{"IPAMConfig":{},"Links":null,"Aliases":null,"NetworkID":"5a30f19dac10c223dbe71b1245ebc6269c8438db4bef2ef5c9428ed0fa719c10","EndpointID":"ea28a948297d03ea0a10e30a2b513f6b1726956f6684fb3f5f00ae24063f3f27","Gateway":"172.18.0.1","IPAddress":"172.18.0.2","IPPrefixLen":16,"IPv6Gateway":"","GlobalIPv6Address":"","GlobalIPv6PrefixLen":0,"MacAddress":"02:42:ac:12:00:02"},"MyNetwork2":{"IPAMConfig":{},"Links":null,"Aliases":null,"NetworkID":"904fffc745cd34fd5af27123bb333dad50b450e73ff80cdb9c321d0a743812db","EndpointID":"58a8eceaf3c7decaefc13519de5bfadf0e7186ce22cabb0b3d32fb5b2358caa1","Gateway":"172.19.0.1","IPAddress":"172.19.0.2","IPPrefixLen":16,"IPv6Gateway":"","GlobalIPv6Address":"","GlobalIPv6PrefixLen":0,"MacAddress":"02:42:ac:13:00:02"},"bridge":{"IPAMConfig":null,"Links":null,"Aliases":null,"NetworkID":"efdbf560175b2fea9530e9bd81555f23f020db58853647978dae51acf69f47b1","EndpointID":"2d8049cfe7fa35a917afe68299065b5dbcac845be9db3f171cf089c206402b7e","Gateway":"172.17.0.1","IPAddress":"172.17.0.2","IPPrefixLen":16,"IPv6Gateway":"","GlobalIPv6Address":"","GlobalIPv6PrefixLen":0,"MacAddress":"02:42:ac:11:00:02"}}},"Mounts":[]}][\n]"
04:01:47.046 [Test worker] DEBUG org.apache.http.wire - http-outgoing-34 << "[\r][\n]"
04:01:47.047 [Test worker] DEBUG org.apache.http.wire - http-outgoing-34 << "0[\r][\n]"
04:01:47.047 [Test worker] DEBUG org.apache.http.wire - http-outgoing-34 << "[\r][\n]"
04:01:47.047 [Test worker] DEBUG org.apache.http.headers - http-outgoing-34 << HTTP/1.1 200 OK
04:01:47.047 [Test worker] DEBUG org.apache.http.headers - http-outgoing-34 << Content-Type: application/json
04:01:47.048 [Test worker] DEBUG org.apache.http.headers - http-outgoing-34 << Server: Docker/1.12.3 (linux)
04:01:47.048 [Test worker] DEBUG org.apache.http.headers - http-outgoing-34 << Date: Wed, 21 Dec 2016 03:01:47 GMT
04:01:47.048 [Test worker] DEBUG org.apache.http.headers - http-outgoing-34 << Transfer-Encoding: chunked
04:01:47.048 [Test worker] DEBUG o.a.h.impl.execchain.MainClientExec - Connection can be kept alive indefinitely
04:01:47.048 [Test worker] DEBUG c.g.d.j.JerseyDockerCmdExecFactory - 2 * Client response received on thread Test worker
2 < 200
2 < Content-Length: -1
2 < Content-Type: application/json
2 < Date: Wed, 21 Dec 2016 03:01:47 GMT
2 < Server: Docker/1.12.3 (linux)
2 < Transfer-Encoding: chunked
[{"Id":"2231190db9a4a92f2ca01c072efb121c3e114a67ee83514ca308ce598b80f416","Names":["/MyContainer2"],"Image":"ubuntu:14.04","ImageID":"sha256:aae2b63c49461fcae4962e4a8043f66acf8e3af7e62f5ebceb70b181d8ca01e0","Command":"sleep 99999","Created":1482289295,"Ports":[{"IP":"0.0.0.0","PrivatePort":8085,"PublicPort":8085,"Type":"tcp"}],"Labels":{},"State":"running","Status":"Up Less than a second","HostConfig":{"NetworkMode":"default"},"NetworkSettings":{"Networks":{"MyNetwork":{"IPAMConfig":{},"Links":null,"Aliases":null,"NetworkID":"5a30f19dac10c223dbe71b1245ebc6269c8438db4bef2ef5c9428ed0fa719c10","EndpointID":"9b5084150115f751c96850b3ca45160e417924ba4fe4544ae656f4a2caab43ed","Gateway":"172.18.0.1","IPAddress":"172.18.0.3","IPPrefixLen":16,"IPv6Gateway":"","GlobalIPv6Address":"","GlobalIPv6PrefixLen":0,"MacAddress":"02:42:ac:12:00:03"},"MyNetwork2":{"IPAMConfig":{},"Links":null,"Aliases":null,"NetworkID":"904fffc745cd34fd5af27123bb333dad50b450e73ff80cdb9c321d0a743812db","EndpointID":"df9253ae81993d4b0c7ae61ed78eb83a9f4166d91a6cac7cf374b5310e3c4881","Gateway":"172.19.0.1","IPAddress":"172.19.0.3","IPPrefixLen":16,"IPv6Gateway":"","GlobalIPv6Address":"","GlobalIPv6PrefixLen":0,"MacAddress":"02:42:ac:13:00:03"},"bridge":{"IPAMConfig":null,"Links":null,"Aliases":null,"NetworkID":"efdbf560175b2fea9530e9bd81555f23f020db58853647978dae51acf69f47b1","EndpointID":"954aa7871cbc48b036dabe5d49a6999a097784b0df69dd99243d4a5101836bfa","Gateway":"172.17.0.1","IPAddress":"172.17.0.3","IPPrefixLen":16,"IPv6Gateway":"","GlobalIPv6Address":"","GlobalIPv6PrefixLen":0,"MacAddress":"02:42:ac:11:00:03"}}},"Mounts":[]},{"Id":"40a832f1e777fe6fb56d7f4b1de7136563fe8cc1ce33e222857a2540bc062e72","Names":["/MyContainer"],"Image":"ubuntu:14.04","ImageID":"sha256:aae2b63c49461fcae4962e4a8043f66acf8e3af7e62f5ebceb70b181d8ca01e0","Command":"sleep 99999","Created":1482289294,"Ports":[{"IP":"0.0.0.0","PrivatePort":8084,"PublicPort":8084,"Type":"tcp"}],"Labels":{},"State":"running","Status":"Up 6 seconds","HostConfig":{"NetworkMode":"default"},"NetworkSettings":{"Networks":{"MyNetwork":{"IPAMConfig":{},"Links":null,"Aliases":null,"NetworkID":"5a30f19dac10c223dbe71b1245ebc6269c8438db4bef2ef5c9428ed0fa719c10","EndpointID":"ea28a948297d03ea0a10e30a2b513f6b1726956f6684fb3f5f00ae24063f3f27","Gateway":"172.18.0.1","IPAddress":"172.18.0.2","IPPrefixLen":16,"IPv6Gateway":"","GlobalIPv6Address":"","GlobalIPv6PrefixLen":0,"MacAddress":"02:42:ac:12:00:02"},"MyNetwork2":{"IPAMConfig":{},"Links":null,"Aliases":null,"NetworkID":"904fffc745cd34fd5af27123bb333dad50b450e73ff80cdb9c321d0a743812db","EndpointID":"58a8eceaf3c7decaefc13519de5bfadf0e7186ce22cabb0b3d32fb5b2358caa1","Gateway":"172.19.0.1","IPAddress":"172.19.0.2","IPPrefixLen":16,"IPv6Gateway":"","GlobalIPv6Address":"","GlobalIPv6PrefixLen":0,"MacAddress":"02:42:ac:13:00:02"},"bridge":{"IPAMConfig":null,"Links":null,"Aliases":null,"NetworkID":"efdbf560175b2fea9530e9bd81555f23f020db58853647978dae51acf69f47b1","EndpointID":"2d8049cfe7fa35a917afe68299065b5dbcac845be9db3f171cf089c206402b7e","Gateway":"172.17.0.1","IPAddress":"172.17.0.2","IPPrefixLen":16,"IPv6Gateway":"","GlobalIPv6Address":"","GlobalIPv6PrefixLen":0,"MacAddress":"02:42:ac:11:00:02"}}},"Mounts":[]}]


04:01:47.069 [Test worker] DEBUG o.a.h.i.c.DefaultManagedHttpClientConnection - http-outgoing-34: Close connection
04:01:47.070 [Test worker] DEBUG o.a.h.impl.execchain.MainClientExec - Connection discarded
04:01:47.070 [Test worker] DEBUG c.g.d.j.JerseyDockerCmdExecFactory$1 - Connection released: [id: 34][route: {s}->https://Thesis:2376][total kept alive: 0; route allocated: 0 of 2; total allocated: 0 of 20]
04:01:47.070 [Test worker] DEBUG org.apache.http.wire - http-outgoing-34 << "[read] I/O error: Socket is closed"
Cert Path : null
04:01:47.075 [Test worker] DEBUG c.g.d.core.command.AbstrDockerCmd - Cmd: ListImagesCmdImpl[imageNameFilter=<null>,showAll=true,filters=com.github.dockerjava.core.util.FiltersBuilder@0,execution=com.github.dockerjava.jaxrs.ListImagesCmdExec@50ed98e6]
04:01:47.086 [Test worker] DEBUG c.g.d.j.JerseyDockerCmdExecFactory - 1 * Sending client request on thread Test worker
1 > GET https://Thesis:2376/images/json?all=true
1 > Accept: application/json

04:01:47.087 [Test worker] DEBUG o.a.h.c.protocol.RequestAddCookies - CookieSpec selected: default
04:01:47.087 [Test worker] DEBUG o.a.h.c.protocol.RequestAuthCache - Auth cache not set in the context
04:01:47.088 [Test worker] DEBUG c.g.d.j.JerseyDockerCmdExecFactory$1 - Connection request: [route: {s}->https://Thesis:2376][total kept alive: 0; route allocated: 0 of 2; total allocated: 0 of 20]
04:01:47.088 [Test worker] DEBUG c.g.d.j.JerseyDockerCmdExecFactory$1 - Connection leased: [id: 35][route: {s}->https://Thesis:2376][total kept alive: 0; route allocated: 1 of 2; total allocated: 1 of 20]
04:01:47.088 [Test worker] DEBUG o.a.h.impl.execchain.MainClientExec - Opening connection {s}->https://Thesis:2376
04:01:47.088 [Test worker] DEBUG o.a.h.i.c.DefaultHttpClientConnectionOperator - Connecting to Thesis/127.0.1.1:2376
04:01:47.088 [Test worker] DEBUG o.a.h.c.s.SSLConnectionSocketFactory - Connecting socket to Thesis/127.0.1.1:2376 with timeout 0
04:01:47.089 [Test worker] DEBUG o.a.h.c.s.SSLConnectionSocketFactory - Enabled protocols: [TLSv1]
04:01:47.090 [Test worker] DEBUG o.a.h.c.s.SSLConnectionSocketFactory - Enabled cipher suites:[TLS_ECDHE_ECDSA_WITH_AES_128_CBC_SHA, TLS_ECDHE_RSA_WITH_AES_128_CBC_SHA, TLS_RSA_WITH_AES_128_CBC_SHA, TLS_ECDH_ECDSA_WITH_AES_128_CBC_SHA, TLS_ECDH_RSA_WITH_AES_128_CBC_SHA, TLS_DHE_RSA_WITH_AES_128_CBC_SHA, TLS_DHE_DSS_WITH_AES_128_CBC_SHA, TLS_ECDHE_ECDSA_WITH_3DES_EDE_CBC_SHA, TLS_ECDHE_RSA_WITH_3DES_EDE_CBC_SHA, SSL_RSA_WITH_3DES_EDE_CBC_SHA, TLS_ECDH_ECDSA_WITH_3DES_EDE_CBC_SHA, TLS_ECDH_RSA_WITH_3DES_EDE_CBC_SHA, SSL_DHE_RSA_WITH_3DES_EDE_CBC_SHA, SSL_DHE_DSS_WITH_3DES_EDE_CBC_SHA, TLS_ECDHE_ECDSA_WITH_RC4_128_SHA, TLS_ECDHE_RSA_WITH_RC4_128_SHA, SSL_RSA_WITH_RC4_128_SHA, TLS_ECDH_ECDSA_WITH_RC4_128_SHA, TLS_ECDH_RSA_WITH_RC4_128_SHA, SSL_RSA_WITH_RC4_128_MD5, TLS_EMPTY_RENEGOTIATION_INFO_SCSV]
04:01:47.090 [Test worker] DEBUG o.a.h.c.s.SSLConnectionSocketFactory - Starting handshake
04:01:47.164 [Test worker] DEBUG o.a.h.c.s.SSLConnectionSocketFactory - Secure session established
04:01:47.164 [Test worker] DEBUG o.a.h.c.s.SSLConnectionSocketFactory -  negotiated protocol: TLSv1
04:01:47.164 [Test worker] DEBUG o.a.h.c.s.SSLConnectionSocketFactory -  negotiated cipher suite: TLS_ECDHE_RSA_WITH_AES_128_CBC_SHA
04:01:47.164 [Test worker] DEBUG o.a.h.c.s.SSLConnectionSocketFactory -  peer principal: CN=Thesis
04:01:47.165 [Test worker] DEBUG o.a.h.c.s.SSLConnectionSocketFactory -  issuer principal: EMAILADDRESS=sha@yamil.com, CN=Thesis, OU=Open, O=Fra, L=BER, ST=BER, C=DE
04:01:47.165 [Test worker] DEBUG o.a.h.i.c.DefaultHttpClientConnectionOperator - Connection established 127.0.0.1:32772<->127.0.1.1:2376
04:01:47.165 [Test worker] DEBUG o.a.h.impl.execchain.MainClientExec - Executing request GET /images/json?all=true HTTP/1.1
04:01:47.165 [Test worker] DEBUG o.a.h.impl.execchain.MainClientExec - Target auth state: UNCHALLENGED
04:01:47.165 [Test worker] DEBUG o.a.h.impl.execchain.MainClientExec - Proxy auth state: UNCHALLENGED
04:01:47.166 [Test worker] DEBUG org.apache.http.headers - http-outgoing-35 >> GET /images/json?all=true HTTP/1.1
04:01:47.166 [Test worker] DEBUG org.apache.http.headers - http-outgoing-35 >> Accept: application/json
04:01:47.166 [Test worker] DEBUG org.apache.http.headers - http-outgoing-35 >> User-Agent: Jersey/2.23.1 (Apache HttpClient 4.5.1)
04:01:47.166 [Test worker] DEBUG org.apache.http.headers - http-outgoing-35 >> Host: Thesis:2376
04:01:47.166 [Test worker] DEBUG org.apache.http.headers - http-outgoing-35 >> Connection: Keep-Alive
04:01:47.166 [Test worker] DEBUG org.apache.http.headers - http-outgoing-35 >> Accept-Encoding: gzip,deflate
04:01:47.166 [Test worker] DEBUG org.apache.http.wire - http-outgoing-35 >> "GET /images/json?all=true HTTP/1.1[\r][\n]"
04:01:47.167 [Test worker] DEBUG org.apache.http.wire - http-outgoing-35 >> "Accept: application/json[\r][\n]"
04:01:47.167 [Test worker] DEBUG org.apache.http.wire - http-outgoing-35 >> "User-Agent: Jersey/2.23.1 (Apache HttpClient 4.5.1)[\r][\n]"
04:01:47.167 [Test worker] DEBUG org.apache.http.wire - http-outgoing-35 >> "Host: Thesis:2376[\r][\n]"
04:01:47.167 [Test worker] DEBUG org.apache.http.wire - http-outgoing-35 >> "Connection: Keep-Alive[\r][\n]"
04:01:47.167 [Test worker] DEBUG org.apache.http.wire - http-outgoing-35 >> "Accept-Encoding: gzip,deflate[\r][\n]"
04:01:47.168 [Test worker] DEBUG org.apache.http.wire - http-outgoing-35 >> "[\r][\n]"
04:01:47.169 [Test worker] DEBUG org.apache.http.wire - http-outgoing-35 << "H"
04:01:47.169 [Test worker] DEBUG org.apache.http.wire - http-outgoing-35 << "TTP/1.1 200 OK[\r][\n]"
04:01:47.169 [Test worker] DEBUG org.apache.http.wire - http-outgoing-35 << "Content-Type: application/json[\r][\n]"
04:01:47.169 [Test worker] DEBUG org.apache.http.wire - http-outgoing-35 << "Server: Docker/1.12.3 (linux)[\r][\n]"
04:01:47.170 [Test worker] DEBUG org.apache.http.wire - http-outgoing-35 << "Date: Wed, 21 Dec 2016 03:01:47 GMT[\r][\n]"
04:01:47.170 [Test worker] DEBUG org.apache.http.wire - http-outgoing-35 << "Content-Length: 1490[\r][\n]"
04:01:47.170 [Test worker] DEBUG org.apache.http.wire - http-outgoing-35 << "[\r][\n]"
04:01:47.170 [Test worker] DEBUG org.apache.http.wire - http-outgoing-35 << "[{"Id":"sha256:4ca3a192ff2a5b7e225e81dc006b6379c10776ed3619757a65608cb72de0a7f6","ParentId":"","RepoTags":["ubuntu:latest"],"RepoDigests":["ubuntu@sha256:3b64c309deae7ab0f7dbdd42b6b326261ccd6261da5d88396439353162703fb5"],"Created":1480449877,"Size":128206574,"VirtualSize":128206574,"Labels":{}},{"Id":"sha256:aae2b63c49461fcae4962e4a8043f66acf8e3af7e62f5ebceb70b181d8ca01e0","ParentId":"","RepoTags":["ubuntu:14.04"],"RepoDigests":["ubuntu@sha256:edb984703bd3e8981ff541a5b9297ca1b81fde6e6e8094d86e390a38ebc30b4d"],"Created":1480449856,"Size":187952254,"VirtualSize":187952254,"Labels":{}},{"Id":"sha256:e02e811dd08fd49e7f6032625495118e63f597eb150403d02e3238af1df240ba","ParentId":"","RepoTags":["busybox:latest"],"RepoDigests":["busybox@sha256:29f5d56d12684887bdfa50dcd29fc31eea4aaf4ad3bec43daf19026a7ce69912"],"Created":1475874238,"Size":1093484,"VirtualSize":1093484,"Labels":{}},{"Id":"sha256:d654de4499473ed41349b54a988b6f46a7fc92e3fa2d61e102bf2660a0116e25","ParentId":"","RepoTags":["sakib37/iperf3:latest"],"RepoDigests":["sakib37/iperf3@sha256:8d80a810f8f508c074b14d02555f20110eac382c8dbda7252075392983629d40"],"Created":1474907599,"Size":199456654,"VirtualSize":199456654,"Labels":{}},{"Id":"sha256:c54a2cc56cbb2f04003c1cd4507e118af7c0d340fe7e2720f70976c4b75237dc","ParentId":"","RepoTags":["hello-world:latest"],"RepoDigests":["hello-world@sha256:0256e8a36e2070f7bf2d0b0763dbabdd67798512411de4cdcf9431a1feb60fd9"],"Created":1467401967,"Size":1848,"VirtualSize":1848,"Labels":{}}][\n]"
04:01:47.170 [Test worker] DEBUG org.apache.http.headers - http-outgoing-35 << HTTP/1.1 200 OK
04:01:47.170 [Test worker] DEBUG org.apache.http.headers - http-outgoing-35 << Content-Type: application/json
04:01:47.170 [Test worker] DEBUG org.apache.http.headers - http-outgoing-35 << Server: Docker/1.12.3 (linux)
04:01:47.171 [Test worker] DEBUG org.apache.http.headers - http-outgoing-35 << Date: Wed, 21 Dec 2016 03:01:47 GMT
04:01:47.171 [Test worker] DEBUG org.apache.http.headers - http-outgoing-35 << Content-Length: 1490
04:01:47.171 [Test worker] DEBUG o.a.h.impl.execchain.MainClientExec - Connection can be kept alive indefinitely
04:01:47.172 [Test worker] DEBUG c.g.d.j.JerseyDockerCmdExecFactory - 2 * Client response received on thread Test worker
2 < 200
2 < Content-Length: 1490
2 < Content-Type: application/json
2 < Date: Wed, 21 Dec 2016 03:01:47 GMT
2 < Server: Docker/1.12.3 (linux)
[{"Id":"sha256:4ca3a192ff2a5b7e225e81dc006b6379c10776ed3619757a65608cb72de0a7f6","ParentId":"","RepoTags":["ubuntu:latest"],"RepoDigests":["ubuntu@sha256:3b64c309deae7ab0f7dbdd42b6b326261ccd6261da5d88396439353162703fb5"],"Created":1480449877,"Size":128206574,"VirtualSize":128206574,"Labels":{}},{"Id":"sha256:aae2b63c49461fcae4962e4a8043f66acf8e3af7e62f5ebceb70b181d8ca01e0","ParentId":"","RepoTags":["ubuntu:14.04"],"RepoDigests":["ubuntu@sha256:edb984703bd3e8981ff541a5b9297ca1b81fde6e6e8094d86e390a38ebc30b4d"],"Created":1480449856,"Size":187952254,"VirtualSize":187952254,"Labels":{}},{"Id":"sha256:e02e811dd08fd49e7f6032625495118e63f597eb150403d02e3238af1df240ba","ParentId":"","RepoTags":["busybox:latest"],"RepoDigests":["busybox@sha256:29f5d56d12684887bdfa50dcd29fc31eea4aaf4ad3bec43daf19026a7ce69912"],"Created":1475874238,"Size":1093484,"VirtualSize":1093484,"Labels":{}},{"Id":"sha256:d654de4499473ed41349b54a988b6f46a7fc92e3fa2d61e102bf2660a0116e25","ParentId":"","RepoTags":["sakib37/iperf3:latest"],"RepoDigests":["sakib37/iperf3@sha256:8d80a810f8f508c074b14d02555f20110eac382c8dbda7252075392983629d40"],"Created":1474907599,"Size":199456654,"VirtualSize":199456654,"Labels":{}},{"Id":"sha256:c54a2cc56cbb2f04003c1cd4507e118af7c0d340fe7e2720f70976c4b75237dc","ParentId":"","RepoTags":["hello-world:latest"],"RepoDigests":["hello-world@sha256:0256e8a36e2070f7bf2d0b0763dbabdd67798512411de4cdcf9431a1feb60fd9"],"Created":1467401967,"Size":1848,"VirtualSize":1848,"Labels":{}}]


04:01:47.175 [Test worker] DEBUG o.a.h.i.c.DefaultManagedHttpClientConnection - http-outgoing-35: Close connection
04:01:47.176 [Test worker] DEBUG o.a.h.impl.execchain.MainClientExec - Connection discarded
04:01:47.176 [Test worker] DEBUG c.g.d.j.JerseyDockerCmdExecFactory$1 - Connection released: [id: 35][route: {s}->https://Thesis:2376][total kept alive: 0; route allocated: 0 of 2; total allocated: 0 of 20]
Finding launched container Image: ubuntu:latest
Image without tagfalse
Finding launched container Image: ubuntu:14.04
Image without tagfalse
04:01:47.177 [Test worker] DEBUG org.openbaton.docker.DockerVim - Found a docker image, transformed into a NFV Image Image{id='sha256:aae2b63c49461fcae4962e4a8043f66acf8e3af7e62f5ebceb70b181d8ca01e0', name='ubuntu:14.04', version=0, extId='null', minRam='0', minDiskSpace='0', minCPU='null', public='true', diskFormat='null', containerFormat='docker', created='Sun Jan 18 04:14:09 CET 1970', updated='null'}
Cert Path : null
04:01:47.187 [Test worker] DEBUG c.g.d.core.command.AbstrDockerCmd - Cmd: ListImagesCmdImpl[imageNameFilter=<null>,showAll=true,filters=com.github.dockerjava.core.util.FiltersBuilder@0,execution=com.github.dockerjava.jaxrs.ListImagesCmdExec@688bb8c0]
04:01:47.208 [Test worker] DEBUG c.g.d.j.JerseyDockerCmdExecFactory - 1 * Sending client request on thread Test worker
1 > GET https://Thesis:2376/images/json?all=true
1 > Accept: application/json

04:01:47.209 [Test worker] DEBUG o.a.h.c.protocol.RequestAddCookies - CookieSpec selected: default
04:01:47.209 [Test worker] DEBUG o.a.h.c.protocol.RequestAuthCache - Auth cache not set in the context
04:01:47.209 [Test worker] DEBUG c.g.d.j.JerseyDockerCmdExecFactory$1 - Connection request: [route: {s}->https://Thesis:2376][total kept alive: 0; route allocated: 0 of 2; total allocated: 0 of 20]
04:01:47.209 [Test worker] DEBUG c.g.d.j.JerseyDockerCmdExecFactory$1 - Connection leased: [id: 36][route: {s}->https://Thesis:2376][total kept alive: 0; route allocated: 1 of 2; total allocated: 1 of 20]
04:01:47.209 [Test worker] DEBUG o.a.h.impl.execchain.MainClientExec - Opening connection {s}->https://Thesis:2376
04:01:47.210 [Test worker] DEBUG o.a.h.i.c.DefaultHttpClientConnectionOperator - Connecting to Thesis/127.0.1.1:2376
04:01:47.210 [Test worker] DEBUG o.a.h.c.s.SSLConnectionSocketFactory - Connecting socket to Thesis/127.0.1.1:2376 with timeout 0
04:01:47.211 [Test worker] DEBUG o.a.h.c.s.SSLConnectionSocketFactory - Enabled protocols: [TLSv1]
04:01:47.211 [Test worker] DEBUG o.a.h.c.s.SSLConnectionSocketFactory - Enabled cipher suites:[TLS_ECDHE_ECDSA_WITH_AES_128_CBC_SHA, TLS_ECDHE_RSA_WITH_AES_128_CBC_SHA, TLS_RSA_WITH_AES_128_CBC_SHA, TLS_ECDH_ECDSA_WITH_AES_128_CBC_SHA, TLS_ECDH_RSA_WITH_AES_128_CBC_SHA, TLS_DHE_RSA_WITH_AES_128_CBC_SHA, TLS_DHE_DSS_WITH_AES_128_CBC_SHA, TLS_ECDHE_ECDSA_WITH_3DES_EDE_CBC_SHA, TLS_ECDHE_RSA_WITH_3DES_EDE_CBC_SHA, SSL_RSA_WITH_3DES_EDE_CBC_SHA, TLS_ECDH_ECDSA_WITH_3DES_EDE_CBC_SHA, TLS_ECDH_RSA_WITH_3DES_EDE_CBC_SHA, SSL_DHE_RSA_WITH_3DES_EDE_CBC_SHA, SSL_DHE_DSS_WITH_3DES_EDE_CBC_SHA, TLS_ECDHE_ECDSA_WITH_RC4_128_SHA, TLS_ECDHE_RSA_WITH_RC4_128_SHA, SSL_RSA_WITH_RC4_128_SHA, TLS_ECDH_ECDSA_WITH_RC4_128_SHA, TLS_ECDH_RSA_WITH_RC4_128_SHA, SSL_RSA_WITH_RC4_128_MD5, TLS_EMPTY_RENEGOTIATION_INFO_SCSV]
04:01:47.211 [Test worker] DEBUG o.a.h.c.s.SSLConnectionSocketFactory - Starting handshake
04:01:47.281 [Test worker] DEBUG o.a.h.c.s.SSLConnectionSocketFactory - Secure session established
04:01:47.282 [Test worker] DEBUG o.a.h.c.s.SSLConnectionSocketFactory -  negotiated protocol: TLSv1
04:01:47.282 [Test worker] DEBUG o.a.h.c.s.SSLConnectionSocketFactory -  negotiated cipher suite: TLS_ECDHE_RSA_WITH_AES_128_CBC_SHA
04:01:47.282 [Test worker] DEBUG o.a.h.c.s.SSLConnectionSocketFactory -  peer principal: CN=Thesis
04:01:47.282 [Test worker] DEBUG o.a.h.c.s.SSLConnectionSocketFactory -  issuer principal: EMAILADDRESS=sha@yamil.com, CN=Thesis, OU=Open, O=Fra, L=BER, ST=BER, C=DE
04:01:47.283 [Test worker] DEBUG o.a.h.i.c.DefaultHttpClientConnectionOperator - Connection established 127.0.0.1:32774<->127.0.1.1:2376
04:01:47.283 [Test worker] DEBUG o.a.h.impl.execchain.MainClientExec - Executing request GET /images/json?all=true HTTP/1.1
04:01:47.283 [Test worker] DEBUG o.a.h.impl.execchain.MainClientExec - Target auth state: UNCHALLENGED
04:01:47.283 [Test worker] DEBUG o.a.h.impl.execchain.MainClientExec - Proxy auth state: UNCHALLENGED
04:01:47.283 [Test worker] DEBUG org.apache.http.headers - http-outgoing-36 >> GET /images/json?all=true HTTP/1.1
04:01:47.284 [Test worker] DEBUG org.apache.http.headers - http-outgoing-36 >> Accept: application/json
04:01:47.286 [Test worker] DEBUG org.apache.http.headers - http-outgoing-36 >> User-Agent: Jersey/2.23.1 (Apache HttpClient 4.5.1)
04:01:47.286 [Test worker] DEBUG org.apache.http.headers - http-outgoing-36 >> Host: Thesis:2376
04:01:47.286 [Test worker] DEBUG org.apache.http.headers - http-outgoing-36 >> Connection: Keep-Alive
04:01:47.287 [Test worker] DEBUG org.apache.http.headers - http-outgoing-36 >> Accept-Encoding: gzip,deflate
04:01:47.287 [Test worker] DEBUG org.apache.http.wire - http-outgoing-36 >> "GET /images/json?all=true HTTP/1.1[\r][\n]"
04:01:47.287 [Test worker] DEBUG org.apache.http.wire - http-outgoing-36 >> "Accept: application/json[\r][\n]"
04:01:47.287 [Test worker] DEBUG org.apache.http.wire - http-outgoing-36 >> "User-Agent: Jersey/2.23.1 (Apache HttpClient 4.5.1)[\r][\n]"
04:01:47.287 [Test worker] DEBUG org.apache.http.wire - http-outgoing-36 >> "Host: Thesis:2376[\r][\n]"
04:01:47.288 [Test worker] DEBUG org.apache.http.wire - http-outgoing-36 >> "Connection: Keep-Alive[\r][\n]"
04:01:47.288 [Test worker] DEBUG org.apache.http.wire - http-outgoing-36 >> "Accept-Encoding: gzip,deflate[\r][\n]"
04:01:47.288 [Test worker] DEBUG org.apache.http.wire - http-outgoing-36 >> "[\r][\n]"
04:01:47.289 [Test worker] DEBUG org.apache.http.wire - http-outgoing-36 << "H"
04:01:47.295 [Test worker] DEBUG org.apache.http.wire - http-outgoing-36 << "TTP/1.1 200 OK[\r][\n]"
04:01:47.296 [Test worker] DEBUG org.apache.http.wire - http-outgoing-36 << "Content-Type: application/json[\r][\n]"
04:01:47.296 [Test worker] DEBUG org.apache.http.wire - http-outgoing-36 << "Server: Docker/1.12.3 (linux)[\r][\n]"
04:01:47.296 [Test worker] DEBUG org.apache.http.wire - http-outgoing-36 << "Date: Wed, 21 Dec 2016 03:01:47 GMT[\r][\n]"
04:01:47.296 [Test worker] DEBUG org.apache.http.wire - http-outgoing-36 << "Content-Length: 1490[\r][\n]"
04:01:47.296 [Test worker] DEBUG org.apache.http.wire - http-outgoing-36 << "[\r][\n]"
04:01:47.297 [Test worker] DEBUG org.apache.http.wire - http-outgoing-36 << "[{"Id":"sha256:4ca3a192ff2a5b7e225e81dc006b6379c10776ed3619757a65608cb72de0a7f6","ParentId":"","RepoTags":["ubuntu:latest"],"RepoDigests":["ubuntu@sha256:3b64c309deae7ab0f7dbdd42b6b326261ccd6261da5d88396439353162703fb5"],"Created":1480449877,"Size":128206574,"VirtualSize":128206574,"Labels":{}},{"Id":"sha256:aae2b63c49461fcae4962e4a8043f66acf8e3af7e62f5ebceb70b181d8ca01e0","ParentId":"","RepoTags":["ubuntu:14.04"],"RepoDigests":["ubuntu@sha256:edb984703bd3e8981ff541a5b9297ca1b81fde6e6e8094d86e390a38ebc30b4d"],"Created":1480449856,"Size":187952254,"VirtualSize":187952254,"Labels":{}},{"Id":"sha256:e02e811dd08fd49e7f6032625495118e63f597eb150403d02e3238af1df240ba","ParentId":"","RepoTags":["busybox:latest"],"RepoDigests":["busybox@sha256:29f5d56d12684887bdfa50dcd29fc31eea4aaf4ad3bec43daf19026a7ce69912"],"Created":1475874238,"Size":1093484,"VirtualSize":1093484,"Labels":{}},{"Id":"sha256:d654de4499473ed41349b54a988b6f46a7fc92e3fa2d61e102bf2660a0116e25","ParentId":"","RepoTags":["sakib37/iperf3:latest"],"RepoDigests":["sakib37/iperf3@sha256:8d80a810f8f508c074b14d02555f20110eac382c8dbda7252075392983629d40"],"Created":1474907599,"Size":199456654,"VirtualSize":199456654,"Labels":{}},{"Id":"sha256:c54a2cc56cbb2f04003c1cd4507e118af7c0d340fe7e2720f70976c4b75237dc","ParentId":"","RepoTags":["hello-world:latest"],"RepoDigests":["hello-world@sha256:0256e8a36e2070f7bf2d0b0763dbabdd67798512411de4cdcf9431a1feb60fd9"],"Created":1467401967,"Size":1848,"VirtualSize":1848,"Labels":{}}][\n]"
04:01:47.297 [Test worker] DEBUG org.apache.http.headers - http-outgoing-36 << HTTP/1.1 200 OK
04:01:47.297 [Test worker] DEBUG org.apache.http.headers - http-outgoing-36 << Content-Type: application/json
04:01:47.297 [Test worker] DEBUG org.apache.http.headers - http-outgoing-36 << Server: Docker/1.12.3 (linux)
04:01:47.297 [Test worker] DEBUG org.apache.http.headers - http-outgoing-36 << Date: Wed, 21 Dec 2016 03:01:47 GMT
04:01:47.298 [Test worker] DEBUG org.apache.http.headers - http-outgoing-36 << Content-Length: 1490
04:01:47.298 [Test worker] DEBUG o.a.h.impl.execchain.MainClientExec - Connection can be kept alive indefinitely
04:01:47.298 [Test worker] DEBUG c.g.d.j.JerseyDockerCmdExecFactory - 2 * Client response received on thread Test worker
2 < 200
2 < Content-Length: 1490
2 < Content-Type: application/json
2 < Date: Wed, 21 Dec 2016 03:01:47 GMT
2 < Server: Docker/1.12.3 (linux)
[{"Id":"sha256:4ca3a192ff2a5b7e225e81dc006b6379c10776ed3619757a65608cb72de0a7f6","ParentId":"","RepoTags":["ubuntu:latest"],"RepoDigests":["ubuntu@sha256:3b64c309deae7ab0f7dbdd42b6b326261ccd6261da5d88396439353162703fb5"],"Created":1480449877,"Size":128206574,"VirtualSize":128206574,"Labels":{}},{"Id":"sha256:aae2b63c49461fcae4962e4a8043f66acf8e3af7e62f5ebceb70b181d8ca01e0","ParentId":"","RepoTags":["ubuntu:14.04"],"RepoDigests":["ubuntu@sha256:edb984703bd3e8981ff541a5b9297ca1b81fde6e6e8094d86e390a38ebc30b4d"],"Created":1480449856,"Size":187952254,"VirtualSize":187952254,"Labels":{}},{"Id":"sha256:e02e811dd08fd49e7f6032625495118e63f597eb150403d02e3238af1df240ba","ParentId":"","RepoTags":["busybox:latest"],"RepoDigests":["busybox@sha256:29f5d56d12684887bdfa50dcd29fc31eea4aaf4ad3bec43daf19026a7ce69912"],"Created":1475874238,"Size":1093484,"VirtualSize":1093484,"Labels":{}},{"Id":"sha256:d654de4499473ed41349b54a988b6f46a7fc92e3fa2d61e102bf2660a0116e25","ParentId":"","RepoTags":["sakib37/iperf3:latest"],"RepoDigests":["sakib37/iperf3@sha256:8d80a810f8f508c074b14d02555f20110eac382c8dbda7252075392983629d40"],"Created":1474907599,"Size":199456654,"VirtualSize":199456654,"Labels":{}},{"Id":"sha256:c54a2cc56cbb2f04003c1cd4507e118af7c0d340fe7e2720f70976c4b75237dc","ParentId":"","RepoTags":["hello-world:latest"],"RepoDigests":["hello-world@sha256:0256e8a36e2070f7bf2d0b0763dbabdd67798512411de4cdcf9431a1feb60fd9"],"Created":1467401967,"Size":1848,"VirtualSize":1848,"Labels":{}}]


04:01:47.313 [Test worker] DEBUG o.a.h.i.c.DefaultManagedHttpClientConnection - http-outgoing-36: Close connection
04:01:47.315 [Test worker] DEBUG o.a.h.impl.execchain.MainClientExec - Connection discarded
04:01:47.315 [Test worker] DEBUG c.g.d.j.JerseyDockerCmdExecFactory$1 - Connection released: [id: 36][route: {s}->https://Thesis:2376][total kept alive: 0; route allocated: 0 of 2; total allocated: 0 of 20]
Finding launched container Image: ubuntu:latest
Image without tagfalse
Finding launched container Image: ubuntu:14.04
Image without tagfalse
04:01:47.316 [Test worker] DEBUG org.openbaton.docker.DockerVim - Found a docker image, transformed into a NFV Image Image{id='sha256:aae2b63c49461fcae4962e4a8043f66acf8e3af7e62f5ebceb70b181d8ca01e0', name='ubuntu:14.04', version=0, extId='null', minRam='0', minDiskSpace='0', minCPU='null', public='true', diskFormat='null', containerFormat='docker', created='Sun Jan 18 04:14:09 CET 1970', updated='null'}
Cert Path : null
04:01:47.326 [Test worker] DEBUG c.g.d.core.command.AbstrDockerCmd - Cmd: 2231190db9a4a92f2ca01c072efb121c3e114a67ee83514ca308ce598b80f416,<null>,true,com.github.dockerjava.jaxrs.RemoveContainerCmdExec@56e076d0
04:01:47.340 [Test worker] DEBUG c.g.d.j.JerseyDockerCmdExecFactory - 1 * Sending client request on thread Test worker
1 > DELETE https://Thesis:2376/containers/2231190db9a4a92f2ca01c072efb121c3e114a67ee83514ca308ce598b80f416?force=true
1 > Accept: application/json

04:01:47.345 [Test worker] DEBUG o.a.h.c.protocol.RequestAddCookies - CookieSpec selected: default
04:01:47.346 [Test worker] DEBUG o.a.h.c.protocol.RequestAuthCache - Auth cache not set in the context
04:01:47.346 [Test worker] DEBUG c.g.d.j.JerseyDockerCmdExecFactory$1 - Connection request: [route: {s}->https://Thesis:2376][total kept alive: 0; route allocated: 0 of 2; total allocated: 0 of 20]
04:01:47.346 [Test worker] DEBUG c.g.d.j.JerseyDockerCmdExecFactory$1 - Connection leased: [id: 37][route: {s}->https://Thesis:2376][total kept alive: 0; route allocated: 1 of 2; total allocated: 1 of 20]
04:01:47.346 [Test worker] DEBUG o.a.h.impl.execchain.MainClientExec - Opening connection {s}->https://Thesis:2376
04:01:47.346 [Test worker] DEBUG o.a.h.i.c.DefaultHttpClientConnectionOperator - Connecting to Thesis/127.0.1.1:2376
04:01:47.347 [Test worker] DEBUG o.a.h.c.s.SSLConnectionSocketFactory - Connecting socket to Thesis/127.0.1.1:2376 with timeout 0
04:01:47.348 [Test worker] DEBUG o.a.h.c.s.SSLConnectionSocketFactory - Enabled protocols: [TLSv1]
04:01:47.348 [Test worker] DEBUG o.a.h.c.s.SSLConnectionSocketFactory - Enabled cipher suites:[TLS_ECDHE_ECDSA_WITH_AES_128_CBC_SHA, TLS_ECDHE_RSA_WITH_AES_128_CBC_SHA, TLS_RSA_WITH_AES_128_CBC_SHA, TLS_ECDH_ECDSA_WITH_AES_128_CBC_SHA, TLS_ECDH_RSA_WITH_AES_128_CBC_SHA, TLS_DHE_RSA_WITH_AES_128_CBC_SHA, TLS_DHE_DSS_WITH_AES_128_CBC_SHA, TLS_ECDHE_ECDSA_WITH_3DES_EDE_CBC_SHA, TLS_ECDHE_RSA_WITH_3DES_EDE_CBC_SHA, SSL_RSA_WITH_3DES_EDE_CBC_SHA, TLS_ECDH_ECDSA_WITH_3DES_EDE_CBC_SHA, TLS_ECDH_RSA_WITH_3DES_EDE_CBC_SHA, SSL_DHE_RSA_WITH_3DES_EDE_CBC_SHA, SSL_DHE_DSS_WITH_3DES_EDE_CBC_SHA, TLS_ECDHE_ECDSA_WITH_RC4_128_SHA, TLS_ECDHE_RSA_WITH_RC4_128_SHA, SSL_RSA_WITH_RC4_128_SHA, TLS_ECDH_ECDSA_WITH_RC4_128_SHA, TLS_ECDH_RSA_WITH_RC4_128_SHA, SSL_RSA_WITH_RC4_128_MD5, TLS_EMPTY_RENEGOTIATION_INFO_SCSV]
04:01:47.348 [Test worker] DEBUG o.a.h.c.s.SSLConnectionSocketFactory - Starting handshake
04:01:47.422 [Test worker] DEBUG o.a.h.c.s.SSLConnectionSocketFactory - Secure session established
04:01:47.422 [Test worker] DEBUG o.a.h.c.s.SSLConnectionSocketFactory -  negotiated protocol: TLSv1
04:01:47.422 [Test worker] DEBUG o.a.h.c.s.SSLConnectionSocketFactory -  negotiated cipher suite: TLS_ECDHE_RSA_WITH_AES_128_CBC_SHA
04:01:47.422 [Test worker] DEBUG o.a.h.c.s.SSLConnectionSocketFactory -  peer principal: CN=Thesis
04:01:47.423 [Test worker] DEBUG o.a.h.c.s.SSLConnectionSocketFactory -  issuer principal: EMAILADDRESS=sha@yamil.com, CN=Thesis, OU=Open, O=Fra, L=BER, ST=BER, C=DE
04:01:47.423 [Test worker] DEBUG o.a.h.i.c.DefaultHttpClientConnectionOperator - Connection established 127.0.0.1:32776<->127.0.1.1:2376
04:01:47.423 [Test worker] DEBUG o.a.h.impl.execchain.MainClientExec - Executing request DELETE /containers/2231190db9a4a92f2ca01c072efb121c3e114a67ee83514ca308ce598b80f416?force=true HTTP/1.1
04:01:47.423 [Test worker] DEBUG o.a.h.impl.execchain.MainClientExec - Target auth state: UNCHALLENGED
04:01:47.423 [Test worker] DEBUG o.a.h.impl.execchain.MainClientExec - Proxy auth state: UNCHALLENGED
04:01:47.424 [Test worker] DEBUG org.apache.http.headers - http-outgoing-37 >> DELETE /containers/2231190db9a4a92f2ca01c072efb121c3e114a67ee83514ca308ce598b80f416?force=true HTTP/1.1
04:01:47.424 [Test worker] DEBUG org.apache.http.headers - http-outgoing-37 >> Accept: application/json
04:01:47.424 [Test worker] DEBUG org.apache.http.headers - http-outgoing-37 >> User-Agent: Jersey/2.23.1 (Apache HttpClient 4.5.1)
04:01:47.424 [Test worker] DEBUG org.apache.http.headers - http-outgoing-37 >> Host: Thesis:2376
04:01:47.424 [Test worker] DEBUG org.apache.http.headers - http-outgoing-37 >> Connection: Keep-Alive
04:01:47.424 [Test worker] DEBUG org.apache.http.headers - http-outgoing-37 >> Accept-Encoding: gzip,deflate
04:01:47.424 [Test worker] DEBUG org.apache.http.wire - http-outgoing-37 >> "DELETE /containers/2231190db9a4a92f2ca01c072efb121c3e114a67ee83514ca308ce598b80f416?force=true HTTP/1.1[\r][\n]"
04:01:47.425 [Test worker] DEBUG org.apache.http.wire - http-outgoing-37 >> "Accept: application/json[\r][\n]"
04:01:47.425 [Test worker] DEBUG org.apache.http.wire - http-outgoing-37 >> "User-Agent: Jersey/2.23.1 (Apache HttpClient 4.5.1)[\r][\n]"
04:01:47.425 [Test worker] DEBUG org.apache.http.wire - http-outgoing-37 >> "Host: Thesis:2376[\r][\n]"
04:01:47.425 [Test worker] DEBUG org.apache.http.wire - http-outgoing-37 >> "Connection: Keep-Alive[\r][\n]"
04:01:47.425 [Test worker] DEBUG org.apache.http.wire - http-outgoing-37 >> "Accept-Encoding: gzip,deflate[\r][\n]"
04:01:47.425 [Test worker] DEBUG org.apache.http.wire - http-outgoing-37 >> "[\r][\n]"
04:01:47.607 [Test worker] DEBUG org.apache.http.wire - http-outgoing-37 << "H"
04:01:47.608 [Test worker] DEBUG org.apache.http.wire - http-outgoing-37 << "TTP/1.1 204 No Content[\r][\n]"
04:01:47.608 [Test worker] DEBUG org.apache.http.wire - http-outgoing-37 << "Server: Docker/1.12.3 (linux)[\r][\n]"
04:01:47.608 [Test worker] DEBUG org.apache.http.wire - http-outgoing-37 << "Date: Wed, 21 Dec 2016 03:01:47 GMT[\r][\n]"
04:01:47.608 [Test worker] DEBUG org.apache.http.wire - http-outgoing-37 << "[\r][\n]"
04:01:47.608 [Test worker] DEBUG org.apache.http.headers - http-outgoing-37 << HTTP/1.1 204 No Content
04:01:47.608 [Test worker] DEBUG org.apache.http.headers - http-outgoing-37 << Server: Docker/1.12.3 (linux)
04:01:47.608 [Test worker] DEBUG org.apache.http.headers - http-outgoing-37 << Date: Wed, 21 Dec 2016 03:01:47 GMT
04:01:47.608 [Test worker] DEBUG o.a.h.impl.execchain.MainClientExec - Connection can be kept alive indefinitely
04:01:47.608 [Test worker] DEBUG c.g.d.j.JerseyDockerCmdExecFactory$1 - Connection [id: 37][route: {s}->https://Thesis:2376][state: CN=Thesis] can be kept alive indefinitely
04:01:47.608 [Test worker] DEBUG c.g.d.j.JerseyDockerCmdExecFactory$1 - Connection released: [id: 37][route: {s}->https://Thesis:2376][state: CN=Thesis][total kept alive: 1; route allocated: 1 of 2; total allocated: 1 of 20]
04:01:47.608 [Test worker] DEBUG c.g.d.j.JerseyDockerCmdExecFactory - 2 * Client response received on thread Test worker
2 < 204
2 < Date: Wed, 21 Dec 2016 03:01:47 GMT
2 < Server: Docker/1.12.3 (linux)

04:01:47.608 [Test worker] DEBUG org.openbaton.docker.DockerVim - Server deleted successfully
Cert Path : null
04:01:47.621 [Test worker] DEBUG c.g.d.core.command.AbstrDockerCmd - Cmd: 40a832f1e777fe6fb56d7f4b1de7136563fe8cc1ce33e222857a2540bc062e72,<null>,true,com.github.dockerjava.jaxrs.RemoveContainerCmdExec@5c27c5a2
04:01:47.643 [Test worker] DEBUG c.g.d.j.JerseyDockerCmdExecFactory - 1 * Sending client request on thread Test worker
1 > DELETE https://Thesis:2376/containers/40a832f1e777fe6fb56d7f4b1de7136563fe8cc1ce33e222857a2540bc062e72?force=true
1 > Accept: application/json

04:01:47.644 [Test worker] DEBUG o.a.h.c.protocol.RequestAddCookies - CookieSpec selected: default
04:01:47.644 [Test worker] DEBUG o.a.h.c.protocol.RequestAuthCache - Auth cache not set in the context
04:01:47.645 [Test worker] DEBUG c.g.d.j.JerseyDockerCmdExecFactory$1 - Connection request: [route: {s}->https://Thesis:2376][total kept alive: 0; route allocated: 0 of 2; total allocated: 0 of 20]
04:01:47.645 [Test worker] DEBUG c.g.d.j.JerseyDockerCmdExecFactory$1 - Connection leased: [id: 38][route: {s}->https://Thesis:2376][total kept alive: 0; route allocated: 1 of 2; total allocated: 1 of 20]
04:01:47.645 [Test worker] DEBUG o.a.h.impl.execchain.MainClientExec - Opening connection {s}->https://Thesis:2376
04:01:47.647 [Test worker] DEBUG o.a.h.i.c.DefaultHttpClientConnectionOperator - Connecting to Thesis/127.0.1.1:2376
04:01:47.647 [Test worker] DEBUG o.a.h.c.s.SSLConnectionSocketFactory - Connecting socket to Thesis/127.0.1.1:2376 with timeout 0
04:01:47.648 [Test worker] DEBUG o.a.h.c.s.SSLConnectionSocketFactory - Enabled protocols: [TLSv1]
04:01:47.651 [Test worker] DEBUG o.a.h.c.s.SSLConnectionSocketFactory - Enabled cipher suites:[TLS_ECDHE_ECDSA_WITH_AES_128_CBC_SHA, TLS_ECDHE_RSA_WITH_AES_128_CBC_SHA, TLS_RSA_WITH_AES_128_CBC_SHA, TLS_ECDH_ECDSA_WITH_AES_128_CBC_SHA, TLS_ECDH_RSA_WITH_AES_128_CBC_SHA, TLS_DHE_RSA_WITH_AES_128_CBC_SHA, TLS_DHE_DSS_WITH_AES_128_CBC_SHA, TLS_ECDHE_ECDSA_WITH_3DES_EDE_CBC_SHA, TLS_ECDHE_RSA_WITH_3DES_EDE_CBC_SHA, SSL_RSA_WITH_3DES_EDE_CBC_SHA, TLS_ECDH_ECDSA_WITH_3DES_EDE_CBC_SHA, TLS_ECDH_RSA_WITH_3DES_EDE_CBC_SHA, SSL_DHE_RSA_WITH_3DES_EDE_CBC_SHA, SSL_DHE_DSS_WITH_3DES_EDE_CBC_SHA, TLS_ECDHE_ECDSA_WITH_RC4_128_SHA, TLS_ECDHE_RSA_WITH_RC4_128_SHA, SSL_RSA_WITH_RC4_128_SHA, TLS_ECDH_ECDSA_WITH_RC4_128_SHA, TLS_ECDH_RSA_WITH_RC4_128_SHA, SSL_RSA_WITH_RC4_128_MD5, TLS_EMPTY_RENEGOTIATION_INFO_SCSV]
04:01:47.651 [Test worker] DEBUG o.a.h.c.s.SSLConnectionSocketFactory - Starting handshake
04:01:47.715 [Test worker] DEBUG o.a.h.c.s.SSLConnectionSocketFactory - Secure session established
04:01:47.715 [Test worker] DEBUG o.a.h.c.s.SSLConnectionSocketFactory -  negotiated protocol: TLSv1
04:01:47.715 [Test worker] DEBUG o.a.h.c.s.SSLConnectionSocketFactory -  negotiated cipher suite: TLS_ECDHE_RSA_WITH_AES_128_CBC_SHA
04:01:47.716 [Test worker] DEBUG o.a.h.c.s.SSLConnectionSocketFactory -  peer principal: CN=Thesis
04:01:47.716 [Test worker] DEBUG o.a.h.c.s.SSLConnectionSocketFactory -  issuer principal: EMAILADDRESS=sha@yamil.com, CN=Thesis, OU=Open, O=Fra, L=BER, ST=BER, C=DE
04:01:47.716 [Test worker] DEBUG o.a.h.i.c.DefaultHttpClientConnectionOperator - Connection established 127.0.0.1:32778<->127.0.1.1:2376
04:01:47.716 [Test worker] DEBUG o.a.h.impl.execchain.MainClientExec - Executing request DELETE /containers/40a832f1e777fe6fb56d7f4b1de7136563fe8cc1ce33e222857a2540bc062e72?force=true HTTP/1.1
04:01:47.716 [Test worker] DEBUG o.a.h.impl.execchain.MainClientExec - Target auth state: UNCHALLENGED
04:01:47.716 [Test worker] DEBUG o.a.h.impl.execchain.MainClientExec - Proxy auth state: UNCHALLENGED
04:01:47.717 [Test worker] DEBUG org.apache.http.headers - http-outgoing-38 >> DELETE /containers/40a832f1e777fe6fb56d7f4b1de7136563fe8cc1ce33e222857a2540bc062e72?force=true HTTP/1.1
04:01:47.717 [Test worker] DEBUG org.apache.http.headers - http-outgoing-38 >> Accept: application/json
04:01:47.717 [Test worker] DEBUG org.apache.http.headers - http-outgoing-38 >> User-Agent: Jersey/2.23.1 (Apache HttpClient 4.5.1)
04:01:47.717 [Test worker] DEBUG org.apache.http.headers - http-outgoing-38 >> Host: Thesis:2376
04:01:47.717 [Test worker] DEBUG org.apache.http.headers - http-outgoing-38 >> Connection: Keep-Alive
04:01:47.717 [Test worker] DEBUG org.apache.http.headers - http-outgoing-38 >> Accept-Encoding: gzip,deflate
04:01:47.717 [Test worker] DEBUG org.apache.http.wire - http-outgoing-38 >> "DELETE /containers/40a832f1e777fe6fb56d7f4b1de7136563fe8cc1ce33e222857a2540bc062e72?force=true HTTP/1.1[\r][\n]"
04:01:47.718 [Test worker] DEBUG org.apache.http.wire - http-outgoing-38 >> "Accept: application/json[\r][\n]"
04:01:47.718 [Test worker] DEBUG org.apache.http.wire - http-outgoing-38 >> "User-Agent: Jersey/2.23.1 (Apache HttpClient 4.5.1)[\r][\n]"
04:01:47.718 [Test worker] DEBUG org.apache.http.wire - http-outgoing-38 >> "Host: Thesis:2376[\r][\n]"
04:01:47.718 [Test worker] DEBUG org.apache.http.wire - http-outgoing-38 >> "Connection: Keep-Alive[\r][\n]"
04:01:47.718 [Test worker] DEBUG org.apache.http.wire - http-outgoing-38 >> "Accept-Encoding: gzip,deflate[\r][\n]"
04:01:47.718 [Test worker] DEBUG org.apache.http.wire - http-outgoing-38 >> "[\r][\n]"
04:01:47.917 [Test worker] DEBUG org.apache.http.wire - http-outgoing-38 << "H"
04:01:47.918 [Test worker] DEBUG org.apache.http.wire - http-outgoing-38 << "TTP/1.1 204 No Content[\r][\n]"
04:01:47.918 [Test worker] DEBUG org.apache.http.wire - http-outgoing-38 << "Server: Docker/1.12.3 (linux)[\r][\n]"
04:01:47.918 [Test worker] DEBUG org.apache.http.wire - http-outgoing-38 << "Date: Wed, 21 Dec 2016 03:01:47 GMT[\r][\n]"
04:01:47.918 [Test worker] DEBUG org.apache.http.wire - http-outgoing-38 << "[\r][\n]"
04:01:47.918 [Test worker] DEBUG org.apache.http.headers - http-outgoing-38 << HTTP/1.1 204 No Content
04:01:47.918 [Test worker] DEBUG org.apache.http.headers - http-outgoing-38 << Server: Docker/1.12.3 (linux)
04:01:47.918 [Test worker] DEBUG org.apache.http.headers - http-outgoing-38 << Date: Wed, 21 Dec 2016 03:01:47 GMT
04:01:47.918 [Test worker] DEBUG o.a.h.impl.execchain.MainClientExec - Connection can be kept alive indefinitely
04:01:47.918 [Test worker] DEBUG c.g.d.j.JerseyDockerCmdExecFactory$1 - Connection [id: 38][route: {s}->https://Thesis:2376][state: CN=Thesis] can be kept alive indefinitely
04:01:47.918 [Test worker] DEBUG c.g.d.j.JerseyDockerCmdExecFactory$1 - Connection released: [id: 38][route: {s}->https://Thesis:2376][state: CN=Thesis][total kept alive: 1; route allocated: 1 of 2; total allocated: 1 of 20]
04:01:47.918 [Test worker] DEBUG c.g.d.j.JerseyDockerCmdExecFactory - 2 * Client response received on thread Test worker
2 < 204
2 < Date: Wed, 21 Dec 2016 03:01:47 GMT
2 < Server: Docker/1.12.3 (linux)

04:01:47.918 [Test worker] DEBUG org.openbaton.docker.DockerVim - Server deleted successfully
Cert Path : null
04:01:47.930 [Test worker] DEBUG c.g.d.core.command.AbstrDockerCmd - Cmd: com.github.dockerjava.core.util.FiltersBuilder@0,com.github.dockerjava.jaxrs.ListNetworksCmdExec@65d2d6f7
04:01:47.953 [Test worker] DEBUG c.g.d.j.JerseyDockerCmdExecFactory - 1 * Sending client request on thread Test worker
1 > GET https://Thesis:2376/networks
1 > Accept: application/json

04:01:47.963 [Test worker] DEBUG o.a.h.c.protocol.RequestAddCookies - CookieSpec selected: default
04:01:47.964 [Test worker] DEBUG o.a.h.c.protocol.RequestAuthCache - Auth cache not set in the context
04:01:47.964 [Test worker] DEBUG c.g.d.j.JerseyDockerCmdExecFactory$1 - Connection request: [route: {s}->https://Thesis:2376][total kept alive: 0; route allocated: 0 of 2; total allocated: 0 of 20]
04:01:47.964 [Test worker] DEBUG c.g.d.j.JerseyDockerCmdExecFactory$1 - Connection leased: [id: 39][route: {s}->https://Thesis:2376][total kept alive: 0; route allocated: 1 of 2; total allocated: 1 of 20]
04:01:47.964 [Test worker] DEBUG o.a.h.impl.execchain.MainClientExec - Opening connection {s}->https://Thesis:2376
04:01:47.964 [Test worker] DEBUG o.a.h.i.c.DefaultHttpClientConnectionOperator - Connecting to Thesis/127.0.1.1:2376
04:01:47.964 [Test worker] DEBUG o.a.h.c.s.SSLConnectionSocketFactory - Connecting socket to Thesis/127.0.1.1:2376 with timeout 0
04:01:47.965 [Test worker] DEBUG o.a.h.c.s.SSLConnectionSocketFactory - Enabled protocols: [TLSv1]
04:01:47.965 [Test worker] DEBUG o.a.h.c.s.SSLConnectionSocketFactory - Enabled cipher suites:[TLS_ECDHE_ECDSA_WITH_AES_128_CBC_SHA, TLS_ECDHE_RSA_WITH_AES_128_CBC_SHA, TLS_RSA_WITH_AES_128_CBC_SHA, TLS_ECDH_ECDSA_WITH_AES_128_CBC_SHA, TLS_ECDH_RSA_WITH_AES_128_CBC_SHA, TLS_DHE_RSA_WITH_AES_128_CBC_SHA, TLS_DHE_DSS_WITH_AES_128_CBC_SHA, TLS_ECDHE_ECDSA_WITH_3DES_EDE_CBC_SHA, TLS_ECDHE_RSA_WITH_3DES_EDE_CBC_SHA, SSL_RSA_WITH_3DES_EDE_CBC_SHA, TLS_ECDH_ECDSA_WITH_3DES_EDE_CBC_SHA, TLS_ECDH_RSA_WITH_3DES_EDE_CBC_SHA, SSL_DHE_RSA_WITH_3DES_EDE_CBC_SHA, SSL_DHE_DSS_WITH_3DES_EDE_CBC_SHA, TLS_ECDHE_ECDSA_WITH_RC4_128_SHA, TLS_ECDHE_RSA_WITH_RC4_128_SHA, SSL_RSA_WITH_RC4_128_SHA, TLS_ECDH_ECDSA_WITH_RC4_128_SHA, TLS_ECDH_RSA_WITH_RC4_128_SHA, SSL_RSA_WITH_RC4_128_MD5, TLS_EMPTY_RENEGOTIATION_INFO_SCSV]
04:01:47.965 [Test worker] DEBUG o.a.h.c.s.SSLConnectionSocketFactory - Starting handshake
04:01:48.094 [Test worker] DEBUG o.a.h.c.s.SSLConnectionSocketFactory - Secure session established
04:01:48.094 [Test worker] DEBUG o.a.h.c.s.SSLConnectionSocketFactory -  negotiated protocol: TLSv1
04:01:48.094 [Test worker] DEBUG o.a.h.c.s.SSLConnectionSocketFactory -  negotiated cipher suite: TLS_ECDHE_RSA_WITH_AES_128_CBC_SHA
04:01:48.094 [Test worker] DEBUG o.a.h.c.s.SSLConnectionSocketFactory -  peer principal: CN=Thesis
04:01:48.094 [Test worker] DEBUG o.a.h.c.s.SSLConnectionSocketFactory -  issuer principal: EMAILADDRESS=sha@yamil.com, CN=Thesis, OU=Open, O=Fra, L=BER, ST=BER, C=DE
04:01:48.095 [Test worker] DEBUG o.a.h.i.c.DefaultHttpClientConnectionOperator - Connection established 127.0.0.1:32780<->127.0.1.1:2376
04:01:48.095 [Test worker] DEBUG o.a.h.impl.execchain.MainClientExec - Executing request GET /networks HTTP/1.1
04:01:48.095 [Test worker] DEBUG o.a.h.impl.execchain.MainClientExec - Target auth state: UNCHALLENGED
04:01:48.095 [Test worker] DEBUG o.a.h.impl.execchain.MainClientExec - Proxy auth state: UNCHALLENGED
04:01:48.095 [Test worker] DEBUG org.apache.http.headers - http-outgoing-39 >> GET /networks HTTP/1.1
04:01:48.095 [Test worker] DEBUG org.apache.http.headers - http-outgoing-39 >> Accept: application/json
04:01:48.096 [Test worker] DEBUG org.apache.http.headers - http-outgoing-39 >> User-Agent: Jersey/2.23.1 (Apache HttpClient 4.5.1)
04:01:48.096 [Test worker] DEBUG org.apache.http.headers - http-outgoing-39 >> Host: Thesis:2376
04:01:48.096 [Test worker] DEBUG org.apache.http.headers - http-outgoing-39 >> Connection: Keep-Alive
04:01:48.096 [Test worker] DEBUG org.apache.http.headers - http-outgoing-39 >> Accept-Encoding: gzip,deflate
04:01:48.096 [Test worker] DEBUG org.apache.http.wire - http-outgoing-39 >> "GET /networks HTTP/1.1[\r][\n]"
04:01:48.096 [Test worker] DEBUG org.apache.http.wire - http-outgoing-39 >> "Accept: application/json[\r][\n]"
04:01:48.096 [Test worker] DEBUG org.apache.http.wire - http-outgoing-39 >> "User-Agent: Jersey/2.23.1 (Apache HttpClient 4.5.1)[\r][\n]"
04:01:48.097 [Test worker] DEBUG org.apache.http.wire - http-outgoing-39 >> "Host: Thesis:2376[\r][\n]"
04:01:48.097 [Test worker] DEBUG org.apache.http.wire - http-outgoing-39 >> "Connection: Keep-Alive[\r][\n]"
04:01:48.097 [Test worker] DEBUG org.apache.http.wire - http-outgoing-39 >> "Accept-Encoding: gzip,deflate[\r][\n]"
04:01:48.097 [Test worker] DEBUG org.apache.http.wire - http-outgoing-39 >> "[\r][\n]"
04:01:48.098 [Test worker] DEBUG org.apache.http.wire - http-outgoing-39 << "H"
04:01:48.098 [Test worker] DEBUG org.apache.http.wire - http-outgoing-39 << "TTP/1.1 200 OK[\r][\n]"
04:01:48.098 [Test worker] DEBUG org.apache.http.wire - http-outgoing-39 << "Content-Type: application/json[\r][\n]"
04:01:48.098 [Test worker] DEBUG org.apache.http.wire - http-outgoing-39 << "Server: Docker/1.12.3 (linux)[\r][\n]"
04:01:48.098 [Test worker] DEBUG org.apache.http.wire - http-outgoing-39 << "Date: Wed, 21 Dec 2016 03:01:48 GMT[\r][\n]"
04:01:48.100 [Test worker] DEBUG org.apache.http.wire - http-outgoing-39 << "Content-Length: 1723[\r][\n]"
04:01:48.100 [Test worker] DEBUG org.apache.http.wire - http-outgoing-39 << "[\r][\n]"
04:01:48.100 [Test worker] DEBUG org.apache.http.wire - http-outgoing-39 << "[{"Name":"host","Id":"fe042b0866671b5be4f097ba43830c0a02959c058702d18e18c14a24d88a357d","Scope":"local","Driver":"host","EnableIPv6":false,"IPAM":{"Driver":"default","Options":null,"Config":[]},"Internal":false,"Containers":{},"Options":{},"Labels":{}},{"Name":"MyNetwork2","Id":"904fffc745cd34fd5af27123bb333dad50b450e73ff80cdb9c321d0a743812db","Scope":"local","Driver":"bridge","EnableIPv6":false,"IPAM":{"Driver":"default","Options":null,"Config":[{"Subnet":"172.19.0.0/16","Gateway":"172.19.0.1/16"}]},"Internal":false,"Containers":{},"Options":{},"Labels":{}},{"Name":"bridge","Id":"efdbf560175b2fea9530e9bd81555f23f020db58853647978dae51acf69f47b1","Scope":"local","Driver":"bridge","EnableIPv6":false,"IPAM":{"Driver":"default","Options":null,"Config":[{"Subnet":"172.17.0.0/16","Gateway":"172.17.0.1"}]},"Internal":false,"Containers":{},"Options":{"com.docker.network.bridge.default_bridge":"true","com.docker.network.bridge.enable_icc":"true","com.docker.network.bridge.enable_ip_masquerade":"true","com.docker.network.bridge.host_binding_ipv4":"0.0.0.0","com.docker.network.bridge.name":"docker0","com.docker.network.driver.mtu":"1500"},"Labels":{}},{"Name":"none","Id":"4d89c194eb79cd2beb38458d10a1b98c74d6b8462af72afde29ae7aca53ed5ca","Scope":"local","Driver":"null","EnableIPv6":false,"IPAM":{"Driver":"default","Options":null,"Config":[]},"Internal":false,"Containers":{},"Options":{},"Labels":{}},{"Name":"MyNetwork","Id":"5a30f19dac10c223dbe71b1245ebc6269c8438db4bef2ef5c9428ed0fa719c10","Scope":"local","Driver":"bridge","EnableIPv6":false,"IPAM":{"Driver":"default","Options":null,"Config":[{"Subnet":"172.18.0.0/16","Gateway":"172.18.0.1/16"}]},"Internal":false,"Containers":{},"Options":{},"Labels":{}}][\n]"
04:01:48.100 [Test worker] DEBUG org.apache.http.headers - http-outgoing-39 << HTTP/1.1 200 OK
04:01:48.100 [Test worker] DEBUG org.apache.http.headers - http-outgoing-39 << Content-Type: application/json
04:01:48.100 [Test worker] DEBUG org.apache.http.headers - http-outgoing-39 << Server: Docker/1.12.3 (linux)
04:01:48.101 [Test worker] DEBUG org.apache.http.headers - http-outgoing-39 << Date: Wed, 21 Dec 2016 03:01:48 GMT
04:01:48.101 [Test worker] DEBUG org.apache.http.headers - http-outgoing-39 << Content-Length: 1723
04:01:48.101 [Test worker] DEBUG o.a.h.impl.execchain.MainClientExec - Connection can be kept alive indefinitely
04:01:48.101 [Test worker] DEBUG c.g.d.j.JerseyDockerCmdExecFactory - 2 * Client response received on thread Test worker
2 < 200
2 < Content-Length: 1723
2 < Content-Type: application/json
2 < Date: Wed, 21 Dec 2016 03:01:48 GMT
2 < Server: Docker/1.12.3 (linux)
[{"Name":"host","Id":"fe042b0866671b5be4f097ba43830c0a02959c058702d18e18c14a24d88a357d","Scope":"local","Driver":"host","EnableIPv6":false,"IPAM":{"Driver":"default","Options":null,"Config":[]},"Internal":false,"Containers":{},"Options":{},"Labels":{}},{"Name":"MyNetwork2","Id":"904fffc745cd34fd5af27123bb333dad50b450e73ff80cdb9c321d0a743812db","Scope":"local","Driver":"bridge","EnableIPv6":false,"IPAM":{"Driver":"default","Options":null,"Config":[{"Subnet":"172.19.0.0/16","Gateway":"172.19.0.1/16"}]},"Internal":false,"Containers":{},"Options":{},"Labels":{}},{"Name":"bridge","Id":"efdbf560175b2fea9530e9bd81555f23f020db58853647978dae51acf69f47b1","Scope":"local","Driver":"bridge","EnableIPv6":false,"IPAM":{"Driver":"default","Options":null,"Config":[{"Subnet":"172.17.0.0/16","Gateway":"172.17.0.1"}]},"Internal":false,"Containers":{},"Options":{"com.docker.network.bridge.default_bridge":"true","com.docker.network.bridge.enable_icc":"true","com.docker.network.bridge.enable_ip_masquerade":"true","com.docker.network.bridge.host_binding_ipv4":"0.0.0.0","com.docker.network.bridge.name":"docker0","com.docker.network.driver.mtu":"1500"},"Labels":{}},{"Name":"none","Id":"4d89c194eb79cd2beb38458d10a1b98c74d6b8462af72afde29ae7aca53ed5ca","Scope":"local","Driver":"null","EnableIPv6":false,"IPAM":{"Driver":"default","Options":null,"Config":[]},"Internal":false,"Containers":{},"Options":{},"Labels":{}},{"Name":"MyNetwork","Id":"5a30f19dac10c223dbe71b1245ebc6269c8438db4bef2ef5c9428ed0fa719c10","Scope":"local","Driver":"bridge","EnableIPv6":false,"IPAM":{"Driver":"default","Options":null,"Config":[{"Subnet":"172.18.0.0/16","Gateway":"172.18.0.1/16"}]},"Internal":false,"Containers":{},"Options":{},"Labels":{}}]


04:01:48.106 [Test worker] DEBUG o.a.h.i.c.DefaultManagedHttpClientConnection - http-outgoing-39: Close connection
04:01:48.112 [Test worker] DEBUG o.a.h.impl.execchain.MainClientExec - Connection discarded
04:01:48.112 [Test worker] DEBUG c.g.d.j.JerseyDockerCmdExecFactory$1 - Connection released: [id: 39][route: {s}->https://Thesis:2376][total kept alive: 0; route allocated: 0 of 2; total allocated: 0 of 20]
04:01:48.113 [Test worker] DEBUG org.openbaton.docker.DockerVim - Found a docker network, transformed into a NFV network Network{id='904fffc745cd34fd5af27123bb333dad50b450e73ff80cdb9c321d0a743812db', name='MyNetwork2', extId='null', external=false, shared=false, subnets=[Subnet{id='null', version=0, name='bridge', extId='null', networkId='172.19.0.0/16', cidr='null', gatewayIp='172.19.0.1/16'}]}
04:01:48.113 [Test worker] DEBUG org.openbaton.docker.DockerVim - Found a docker network, transformed into a NFV network Network{id='5a30f19dac10c223dbe71b1245ebc6269c8438db4bef2ef5c9428ed0fa719c10', name='MyNetwork', extId='null', external=false, shared=false, subnets=[Subnet{id='null', version=0, name='bridge', extId='null', networkId='172.18.0.0/16', cidr='null', gatewayIp='172.18.0.1/16'}]}
Cert Path : null
04:01:48.118 [Test worker] DEBUG c.g.d.core.command.AbstrDockerCmd - Cmd: 904fffc745cd34fd5af27123bb333dad50b450e73ff80cdb9c321d0a743812db,com.github.dockerjava.jaxrs.RemoveNetworkCmdExec@6cc465cd
04:01:48.146 [Test worker] DEBUG c.g.d.j.JerseyDockerCmdExecFactory - 1 * Sending client request on thread Test worker
1 > DELETE https://Thesis:2376/networks/904fffc745cd34fd5af27123bb333dad50b450e73ff80cdb9c321d0a743812db
1 > Accept: application/json

04:01:48.153 [Test worker] DEBUG o.a.h.c.protocol.RequestAddCookies - CookieSpec selected: default
04:01:48.153 [Test worker] DEBUG o.a.h.c.protocol.RequestAuthCache - Auth cache not set in the context
04:01:48.154 [Test worker] DEBUG c.g.d.j.JerseyDockerCmdExecFactory$1 - Connection request: [route: {s}->https://Thesis:2376][total kept alive: 0; route allocated: 0 of 2; total allocated: 0 of 20]
04:01:48.154 [Test worker] DEBUG c.g.d.j.JerseyDockerCmdExecFactory$1 - Connection leased: [id: 40][route: {s}->https://Thesis:2376][total kept alive: 0; route allocated: 1 of 2; total allocated: 1 of 20]
04:01:48.154 [Test worker] DEBUG o.a.h.impl.execchain.MainClientExec - Opening connection {s}->https://Thesis:2376
04:01:48.154 [Test worker] DEBUG o.a.h.i.c.DefaultHttpClientConnectionOperator - Connecting to Thesis/127.0.1.1:2376
04:01:48.154 [Test worker] DEBUG o.a.h.c.s.SSLConnectionSocketFactory - Connecting socket to Thesis/127.0.1.1:2376 with timeout 0
04:01:48.155 [Test worker] DEBUG o.a.h.c.s.SSLConnectionSocketFactory - Enabled protocols: [TLSv1]
04:01:48.155 [Test worker] DEBUG o.a.h.c.s.SSLConnectionSocketFactory - Enabled cipher suites:[TLS_ECDHE_ECDSA_WITH_AES_128_CBC_SHA, TLS_ECDHE_RSA_WITH_AES_128_CBC_SHA, TLS_RSA_WITH_AES_128_CBC_SHA, TLS_ECDH_ECDSA_WITH_AES_128_CBC_SHA, TLS_ECDH_RSA_WITH_AES_128_CBC_SHA, TLS_DHE_RSA_WITH_AES_128_CBC_SHA, TLS_DHE_DSS_WITH_AES_128_CBC_SHA, TLS_ECDHE_ECDSA_WITH_3DES_EDE_CBC_SHA, TLS_ECDHE_RSA_WITH_3DES_EDE_CBC_SHA, SSL_RSA_WITH_3DES_EDE_CBC_SHA, TLS_ECDH_ECDSA_WITH_3DES_EDE_CBC_SHA, TLS_ECDH_RSA_WITH_3DES_EDE_CBC_SHA, SSL_DHE_RSA_WITH_3DES_EDE_CBC_SHA, SSL_DHE_DSS_WITH_3DES_EDE_CBC_SHA, TLS_ECDHE_ECDSA_WITH_RC4_128_SHA, TLS_ECDHE_RSA_WITH_RC4_128_SHA, SSL_RSA_WITH_RC4_128_SHA, TLS_ECDH_ECDSA_WITH_RC4_128_SHA, TLS_ECDH_RSA_WITH_RC4_128_SHA, SSL_RSA_WITH_RC4_128_MD5, TLS_EMPTY_RENEGOTIATION_INFO_SCSV]
04:01:48.156 [Test worker] DEBUG o.a.h.c.s.SSLConnectionSocketFactory - Starting handshake
04:01:48.215 [Test worker] DEBUG o.a.h.c.s.SSLConnectionSocketFactory - Secure session established
04:01:48.215 [Test worker] DEBUG o.a.h.c.s.SSLConnectionSocketFactory -  negotiated protocol: TLSv1
04:01:48.215 [Test worker] DEBUG o.a.h.c.s.SSLConnectionSocketFactory -  negotiated cipher suite: TLS_ECDHE_RSA_WITH_AES_128_CBC_SHA
04:01:48.215 [Test worker] DEBUG o.a.h.c.s.SSLConnectionSocketFactory -  peer principal: CN=Thesis
04:01:48.215 [Test worker] DEBUG o.a.h.c.s.SSLConnectionSocketFactory -  issuer principal: EMAILADDRESS=sha@yamil.com, CN=Thesis, OU=Open, O=Fra, L=BER, ST=BER, C=DE
04:01:48.216 [Test worker] DEBUG o.a.h.i.c.DefaultHttpClientConnectionOperator - Connection established 127.0.0.1:32782<->127.0.1.1:2376
04:01:48.216 [Test worker] DEBUG o.a.h.impl.execchain.MainClientExec - Executing request DELETE /networks/904fffc745cd34fd5af27123bb333dad50b450e73ff80cdb9c321d0a743812db HTTP/1.1
04:01:48.216 [Test worker] DEBUG o.a.h.impl.execchain.MainClientExec - Target auth state: UNCHALLENGED
04:01:48.216 [Test worker] DEBUG o.a.h.impl.execchain.MainClientExec - Proxy auth state: UNCHALLENGED
04:01:48.216 [Test worker] DEBUG org.apache.http.headers - http-outgoing-40 >> DELETE /networks/904fffc745cd34fd5af27123bb333dad50b450e73ff80cdb9c321d0a743812db HTTP/1.1
04:01:48.217 [Test worker] DEBUG org.apache.http.headers - http-outgoing-40 >> Accept: application/json
04:01:48.217 [Test worker] DEBUG org.apache.http.headers - http-outgoing-40 >> User-Agent: Jersey/2.23.1 (Apache HttpClient 4.5.1)
04:01:48.217 [Test worker] DEBUG org.apache.http.headers - http-outgoing-40 >> Host: Thesis:2376
04:01:48.217 [Test worker] DEBUG org.apache.http.headers - http-outgoing-40 >> Connection: Keep-Alive
04:01:48.217 [Test worker] DEBUG org.apache.http.headers - http-outgoing-40 >> Accept-Encoding: gzip,deflate
04:01:48.217 [Test worker] DEBUG org.apache.http.wire - http-outgoing-40 >> "DELETE /networks/904fffc745cd34fd5af27123bb333dad50b450e73ff80cdb9c321d0a743812db HTTP/1.1[\r][\n]"
04:01:48.217 [Test worker] DEBUG org.apache.http.wire - http-outgoing-40 >> "Accept: application/json[\r][\n]"
04:01:48.217 [Test worker] DEBUG org.apache.http.wire - http-outgoing-40 >> "User-Agent: Jersey/2.23.1 (Apache HttpClient 4.5.1)[\r][\n]"
04:01:48.218 [Test worker] DEBUG org.apache.http.wire - http-outgoing-40 >> "Host: Thesis:2376[\r][\n]"
04:01:48.218 [Test worker] DEBUG org.apache.http.wire - http-outgoing-40 >> "Connection: Keep-Alive[\r][\n]"
04:01:48.218 [Test worker] DEBUG org.apache.http.wire - http-outgoing-40 >> "Accept-Encoding: gzip,deflate[\r][\n]"
04:01:48.218 [Test worker] DEBUG org.apache.http.wire - http-outgoing-40 >> "[\r][\n]"
04:01:48.290 [Test worker] DEBUG org.apache.http.wire - http-outgoing-40 << "H"
04:01:48.290 [Test worker] DEBUG org.apache.http.wire - http-outgoing-40 << "TTP/1.1 204 No Content[\r][\n]"
04:01:48.290 [Test worker] DEBUG org.apache.http.wire - http-outgoing-40 << "Server: Docker/1.12.3 (linux)[\r][\n]"
04:01:48.290 [Test worker] DEBUG org.apache.http.wire - http-outgoing-40 << "Date: Wed, 21 Dec 2016 03:01:48 GMT[\r][\n]"
04:01:48.290 [Test worker] DEBUG org.apache.http.wire - http-outgoing-40 << "[\r][\n]"
04:01:48.290 [Test worker] DEBUG org.apache.http.headers - http-outgoing-40 << HTTP/1.1 204 No Content
04:01:48.290 [Test worker] DEBUG org.apache.http.headers - http-outgoing-40 << Server: Docker/1.12.3 (linux)
04:01:48.290 [Test worker] DEBUG org.apache.http.headers - http-outgoing-40 << Date: Wed, 21 Dec 2016 03:01:48 GMT
04:01:48.290 [Test worker] DEBUG o.a.h.impl.execchain.MainClientExec - Connection can be kept alive indefinitely
04:01:48.290 [Test worker] DEBUG c.g.d.j.JerseyDockerCmdExecFactory$1 - Connection [id: 40][route: {s}->https://Thesis:2376][state: CN=Thesis] can be kept alive indefinitely
04:01:48.291 [Test worker] DEBUG c.g.d.j.JerseyDockerCmdExecFactory$1 - Connection released: [id: 40][route: {s}->https://Thesis:2376][state: CN=Thesis][total kept alive: 1; route allocated: 1 of 2; total allocated: 1 of 20]
04:01:48.291 [Test worker] DEBUG c.g.d.j.JerseyDockerCmdExecFactory - 2 * Client response received on thread Test worker
2 < 204
2 < Date: Wed, 21 Dec 2016 03:01:48 GMT
2 < Server: Docker/1.12.3 (linux)

04:01:48.291 [Test worker] INFO  org.openbaton.docker.DockerVim - Network deleted successfully
Cert Path : null
04:01:48.313 [Test worker] DEBUG c.g.d.core.command.AbstrDockerCmd - Cmd: 5a30f19dac10c223dbe71b1245ebc6269c8438db4bef2ef5c9428ed0fa719c10,com.github.dockerjava.jaxrs.RemoveNetworkCmdExec@1549dd29
04:01:48.338 [Test worker] DEBUG c.g.d.j.JerseyDockerCmdExecFactory - 1 * Sending client request on thread Test worker
1 > DELETE https://Thesis:2376/networks/5a30f19dac10c223dbe71b1245ebc6269c8438db4bef2ef5c9428ed0fa719c10
1 > Accept: application/json

04:01:48.339 [Test worker] DEBUG o.a.h.c.protocol.RequestAddCookies - CookieSpec selected: default
04:01:48.339 [Test worker] DEBUG o.a.h.c.protocol.RequestAuthCache - Auth cache not set in the context
04:01:48.339 [Test worker] DEBUG c.g.d.j.JerseyDockerCmdExecFactory$1 - Connection request: [route: {s}->https://Thesis:2376][total kept alive: 0; route allocated: 0 of 2; total allocated: 0 of 20]
04:01:48.339 [Test worker] DEBUG c.g.d.j.JerseyDockerCmdExecFactory$1 - Connection leased: [id: 41][route: {s}->https://Thesis:2376][total kept alive: 0; route allocated: 1 of 2; total allocated: 1 of 20]
04:01:48.339 [Test worker] DEBUG o.a.h.impl.execchain.MainClientExec - Opening connection {s}->https://Thesis:2376
04:01:48.340 [Test worker] DEBUG o.a.h.i.c.DefaultHttpClientConnectionOperator - Connecting to Thesis/127.0.1.1:2376
04:01:48.340 [Test worker] DEBUG o.a.h.c.s.SSLConnectionSocketFactory - Connecting socket to Thesis/127.0.1.1:2376 with timeout 0
04:01:48.341 [Test worker] DEBUG o.a.h.c.s.SSLConnectionSocketFactory - Enabled protocols: [TLSv1]
04:01:48.341 [Test worker] DEBUG o.a.h.c.s.SSLConnectionSocketFactory - Enabled cipher suites:[TLS_ECDHE_ECDSA_WITH_AES_128_CBC_SHA, TLS_ECDHE_RSA_WITH_AES_128_CBC_SHA, TLS_RSA_WITH_AES_128_CBC_SHA, TLS_ECDH_ECDSA_WITH_AES_128_CBC_SHA, TLS_ECDH_RSA_WITH_AES_128_CBC_SHA, TLS_DHE_RSA_WITH_AES_128_CBC_SHA, TLS_DHE_DSS_WITH_AES_128_CBC_SHA, TLS_ECDHE_ECDSA_WITH_3DES_EDE_CBC_SHA, TLS_ECDHE_RSA_WITH_3DES_EDE_CBC_SHA, SSL_RSA_WITH_3DES_EDE_CBC_SHA, TLS_ECDH_ECDSA_WITH_3DES_EDE_CBC_SHA, TLS_ECDH_RSA_WITH_3DES_EDE_CBC_SHA, SSL_DHE_RSA_WITH_3DES_EDE_CBC_SHA, SSL_DHE_DSS_WITH_3DES_EDE_CBC_SHA, TLS_ECDHE_ECDSA_WITH_RC4_128_SHA, TLS_ECDHE_RSA_WITH_RC4_128_SHA, SSL_RSA_WITH_RC4_128_SHA, TLS_ECDH_ECDSA_WITH_RC4_128_SHA, TLS_ECDH_RSA_WITH_RC4_128_SHA, SSL_RSA_WITH_RC4_128_MD5, TLS_EMPTY_RENEGOTIATION_INFO_SCSV]
04:01:48.341 [Test worker] DEBUG o.a.h.c.s.SSLConnectionSocketFactory - Starting handshake
04:01:48.462 [Test worker] DEBUG o.a.h.c.s.SSLConnectionSocketFactory - Secure session established
04:01:48.463 [Test worker] DEBUG o.a.h.c.s.SSLConnectionSocketFactory -  negotiated protocol: TLSv1
04:01:48.463 [Test worker] DEBUG o.a.h.c.s.SSLConnectionSocketFactory -  negotiated cipher suite: TLS_ECDHE_RSA_WITH_AES_128_CBC_SHA
04:01:48.463 [Test worker] DEBUG o.a.h.c.s.SSLConnectionSocketFactory -  peer principal: CN=Thesis
04:01:48.463 [Test worker] DEBUG o.a.h.c.s.SSLConnectionSocketFactory -  issuer principal: EMAILADDRESS=sha@yamil.com, CN=Thesis, OU=Open, O=Fra, L=BER, ST=BER, C=DE
04:01:48.463 [Test worker] DEBUG o.a.h.i.c.DefaultHttpClientConnectionOperator - Connection established 127.0.0.1:32784<->127.0.1.1:2376
04:01:48.463 [Test worker] DEBUG o.a.h.impl.execchain.MainClientExec - Executing request DELETE /networks/5a30f19dac10c223dbe71b1245ebc6269c8438db4bef2ef5c9428ed0fa719c10 HTTP/1.1
04:01:48.464 [Test worker] DEBUG o.a.h.impl.execchain.MainClientExec - Target auth state: UNCHALLENGED
04:01:48.464 [Test worker] DEBUG o.a.h.impl.execchain.MainClientExec - Proxy auth state: UNCHALLENGED
04:01:48.464 [Test worker] DEBUG org.apache.http.headers - http-outgoing-41 >> DELETE /networks/5a30f19dac10c223dbe71b1245ebc6269c8438db4bef2ef5c9428ed0fa719c10 HTTP/1.1
04:01:48.464 [Test worker] DEBUG org.apache.http.headers - http-outgoing-41 >> Accept: application/json
04:01:48.464 [Test worker] DEBUG org.apache.http.headers - http-outgoing-41 >> User-Agent: Jersey/2.23.1 (Apache HttpClient 4.5.1)
04:01:48.464 [Test worker] DEBUG org.apache.http.headers - http-outgoing-41 >> Host: Thesis:2376
04:01:48.465 [Test worker] DEBUG org.apache.http.headers - http-outgoing-41 >> Connection: Keep-Alive
04:01:48.465 [Test worker] DEBUG org.apache.http.headers - http-outgoing-41 >> Accept-Encoding: gzip,deflate
04:01:48.465 [Test worker] DEBUG org.apache.http.wire - http-outgoing-41 >> "DELETE /networks/5a30f19dac10c223dbe71b1245ebc6269c8438db4bef2ef5c9428ed0fa719c10 HTTP/1.1[\r][\n]"
04:01:48.465 [Test worker] DEBUG org.apache.http.wire - http-outgoing-41 >> "Accept: application/json[\r][\n]"
04:01:48.465 [Test worker] DEBUG org.apache.http.wire - http-outgoing-41 >> "User-Agent: Jersey/2.23.1 (Apache HttpClient 4.5.1)[\r][\n]"
04:01:48.465 [Test worker] DEBUG org.apache.http.wire - http-outgoing-41 >> "Host: Thesis:2376[\r][\n]"
04:01:48.466 [Test worker] DEBUG org.apache.http.wire - http-outgoing-41 >> "Connection: Keep-Alive[\r][\n]"
04:01:48.466 [Test worker] DEBUG org.apache.http.wire - http-outgoing-41 >> "Accept-Encoding: gzip,deflate[\r][\n]"
04:01:48.466 [Test worker] DEBUG org.apache.http.wire - http-outgoing-41 >> "[\r][\n]"
04:01:48.568 [Test worker] DEBUG org.apache.http.wire - http-outgoing-41 << "H"
04:01:48.568 [Test worker] DEBUG org.apache.http.wire - http-outgoing-41 << "TTP/1.1 204 No Content[\r][\n]"
04:01:48.568 [Test worker] DEBUG org.apache.http.wire - http-outgoing-41 << "Server: Docker/1.12.3 (linux)[\r][\n]"
04:01:48.568 [Test worker] DEBUG org.apache.http.wire - http-outgoing-41 << "Date: Wed, 21 Dec 2016 03:01:48 GMT[\r][\n]"
04:01:48.568 [Test worker] DEBUG org.apache.http.wire - http-outgoing-41 << "[\r][\n]"
04:01:48.568 [Test worker] DEBUG org.apache.http.headers - http-outgoing-41 << HTTP/1.1 204 No Content
04:01:48.568 [Test worker] DEBUG org.apache.http.headers - http-outgoing-41 << Server: Docker/1.12.3 (linux)
04:01:48.568 [Test worker] DEBUG org.apache.http.headers - http-outgoing-41 << Date: Wed, 21 Dec 2016 03:01:48 GMT
04:01:48.568 [Test worker] DEBUG o.a.h.impl.execchain.MainClientExec - Connection can be kept alive indefinitely
04:01:48.568 [Test worker] DEBUG c.g.d.j.JerseyDockerCmdExecFactory$1 - Connection [id: 41][route: {s}->https://Thesis:2376][state: CN=Thesis] can be kept alive indefinitely
04:01:48.568 [Test worker] DEBUG c.g.d.j.JerseyDockerCmdExecFactory$1 - Connection released: [id: 41][route: {s}->https://Thesis:2376][state: CN=Thesis][total kept alive: 1; route allocated: 1 of 2; total allocated: 1 of 20]
04:01:48.568 [Test worker] DEBUG c.g.d.j.JerseyDockerCmdExecFactory - 2 * Client response received on thread Test worker
2 < 204
2 < Date: Wed, 21 Dec 2016 03:01:48 GMT
2 < Server: Docker/1.12.3 (linux)

04:01:48.568 [Test worker] INFO  org.openbaton.docker.DockerVim - Network deleted successfully
04:01:48.568 [Test worker] DEBUG c.g.d.core.command.AbstrDockerCmd - Cmd: com.github.dockerjava.core.util.FiltersBuilder@0,com.github.dockerjava.jaxrs.ListVolumesCmdExec@5972a2aa
04:01:48.569 [Test worker] DEBUG c.g.d.j.JerseyDockerCmdExecFactory - 7 * Sending client request on thread Test worker
7 > GET https://Thesis:2376/volumes
7 > Accept: application/json

04:01:48.569 [Test worker] DEBUG o.a.h.c.protocol.RequestAddCookies - CookieSpec selected: default
04:01:48.569 [Test worker] DEBUG o.a.h.c.protocol.RequestAuthCache - Auth cache not set in the context
04:01:48.569 [Test worker] DEBUG c.g.d.j.JerseyDockerCmdExecFactory$1 - Connection request: [route: {s}->https://Thesis:2376][total kept alive: 0; route allocated: 0 of 2; total allocated: 0 of 20]
04:01:48.569 [Test worker] DEBUG c.g.d.j.JerseyDockerCmdExecFactory$1 - Connection leased: [id: 42][route: {s}->https://Thesis:2376][total kept alive: 0; route allocated: 1 of 2; total allocated: 1 of 20]
04:01:48.569 [Test worker] DEBUG o.a.h.impl.execchain.MainClientExec - Opening connection {s}->https://Thesis:2376
04:01:48.569 [Test worker] DEBUG o.a.h.i.c.DefaultHttpClientConnectionOperator - Connecting to Thesis/127.0.1.1:2376
04:01:48.569 [Test worker] DEBUG o.a.h.c.s.SSLConnectionSocketFactory - Connecting socket to Thesis/127.0.1.1:2376 with timeout 0
04:01:48.571 [Test worker] DEBUG o.a.h.c.s.SSLConnectionSocketFactory - Enabled protocols: [TLSv1]
04:01:48.571 [Test worker] DEBUG o.a.h.c.s.SSLConnectionSocketFactory - Enabled cipher suites:[TLS_ECDHE_ECDSA_WITH_AES_128_CBC_SHA, TLS_ECDHE_RSA_WITH_AES_128_CBC_SHA, TLS_RSA_WITH_AES_128_CBC_SHA, TLS_ECDH_ECDSA_WITH_AES_128_CBC_SHA, TLS_ECDH_RSA_WITH_AES_128_CBC_SHA, TLS_DHE_RSA_WITH_AES_128_CBC_SHA, TLS_DHE_DSS_WITH_AES_128_CBC_SHA, TLS_ECDHE_ECDSA_WITH_3DES_EDE_CBC_SHA, TLS_ECDHE_RSA_WITH_3DES_EDE_CBC_SHA, SSL_RSA_WITH_3DES_EDE_CBC_SHA, TLS_ECDH_ECDSA_WITH_3DES_EDE_CBC_SHA, TLS_ECDH_RSA_WITH_3DES_EDE_CBC_SHA, SSL_DHE_RSA_WITH_3DES_EDE_CBC_SHA, SSL_DHE_DSS_WITH_3DES_EDE_CBC_SHA, TLS_ECDHE_ECDSA_WITH_RC4_128_SHA, TLS_ECDHE_RSA_WITH_RC4_128_SHA, SSL_RSA_WITH_RC4_128_SHA, TLS_ECDH_ECDSA_WITH_RC4_128_SHA, TLS_ECDH_RSA_WITH_RC4_128_SHA, SSL_RSA_WITH_RC4_128_MD5, TLS_EMPTY_RENEGOTIATION_INFO_SCSV]
04:01:48.572 [Test worker] DEBUG o.a.h.c.s.SSLConnectionSocketFactory - Starting handshake
04:01:48.681 [Test worker] DEBUG o.a.h.c.s.SSLConnectionSocketFactory - Secure session established
04:01:48.681 [Test worker] DEBUG o.a.h.c.s.SSLConnectionSocketFactory -  negotiated protocol: TLSv1
04:01:48.682 [Test worker] DEBUG o.a.h.c.s.SSLConnectionSocketFactory -  negotiated cipher suite: TLS_ECDHE_RSA_WITH_AES_128_CBC_SHA
04:01:48.682 [Test worker] DEBUG o.a.h.c.s.SSLConnectionSocketFactory -  peer principal: CN=Thesis
04:01:48.682 [Test worker] DEBUG o.a.h.c.s.SSLConnectionSocketFactory -  issuer principal: EMAILADDRESS=sha@yamil.com, CN=Thesis, OU=Open, O=Fra, L=BER, ST=BER, C=DE
04:01:48.682 [Test worker] DEBUG o.a.h.i.c.DefaultHttpClientConnectionOperator - Connection established 127.0.0.1:32786<->127.0.1.1:2376
04:01:48.682 [Test worker] DEBUG o.a.h.impl.execchain.MainClientExec - Executing request GET /volumes HTTP/1.1
04:01:48.683 [Test worker] DEBUG o.a.h.impl.execchain.MainClientExec - Target auth state: UNCHALLENGED
04:01:48.683 [Test worker] DEBUG o.a.h.impl.execchain.MainClientExec - Proxy auth state: UNCHALLENGED
04:01:48.683 [Test worker] DEBUG org.apache.http.headers - http-outgoing-42 >> GET /volumes HTTP/1.1
04:01:48.683 [Test worker] DEBUG org.apache.http.headers - http-outgoing-42 >> Accept: application/json
04:01:48.683 [Test worker] DEBUG org.apache.http.headers - http-outgoing-42 >> User-Agent: Jersey/2.23.1 (Apache HttpClient 4.5.1)
04:01:48.683 [Test worker] DEBUG org.apache.http.headers - http-outgoing-42 >> Host: Thesis:2376
04:01:48.683 [Test worker] DEBUG org.apache.http.headers - http-outgoing-42 >> Connection: Keep-Alive
04:01:48.684 [Test worker] DEBUG org.apache.http.headers - http-outgoing-42 >> Accept-Encoding: gzip,deflate
04:01:48.684 [Test worker] DEBUG org.apache.http.wire - http-outgoing-42 >> "GET /volumes HTTP/1.1[\r][\n]"
04:01:48.684 [Test worker] DEBUG org.apache.http.wire - http-outgoing-42 >> "Accept: application/json[\r][\n]"
04:01:48.684 [Test worker] DEBUG org.apache.http.wire - http-outgoing-42 >> "User-Agent: Jersey/2.23.1 (Apache HttpClient 4.5.1)[\r][\n]"
04:01:48.684 [Test worker] DEBUG org.apache.http.wire - http-outgoing-42 >> "Host: Thesis:2376[\r][\n]"
04:01:48.684 [Test worker] DEBUG org.apache.http.wire - http-outgoing-42 >> "Connection: Keep-Alive[\r][\n]"
04:01:48.684 [Test worker] DEBUG org.apache.http.wire - http-outgoing-42 >> "Accept-Encoding: gzip,deflate[\r][\n]"
04:01:48.685 [Test worker] DEBUG org.apache.http.wire - http-outgoing-42 >> "[\r][\n]"
04:01:48.685 [Test worker] DEBUG org.apache.http.wire - http-outgoing-42 << "H"
04:01:48.685 [Test worker] DEBUG org.apache.http.wire - http-outgoing-42 << "TTP/1.1 200 OK[\r][\n]"
04:01:48.686 [Test worker] DEBUG org.apache.http.wire - http-outgoing-42 << "Content-Type: application/json[\r][\n]"
04:01:48.686 [Test worker] DEBUG org.apache.http.wire - http-outgoing-42 << "Server: Docker/1.12.3 (linux)[\r][\n]"
04:01:48.686 [Test worker] DEBUG org.apache.http.wire - http-outgoing-42 << "Date: Wed, 21 Dec 2016 03:01:48 GMT[\r][\n]"
04:01:48.686 [Test worker] DEBUG org.apache.http.wire - http-outgoing-42 << "Content-Length: 33[\r][\n]"
04:01:48.686 [Test worker] DEBUG org.apache.http.wire - http-outgoing-42 << "[\r][\n]"
04:01:48.686 [Test worker] DEBUG org.apache.http.wire - http-outgoing-42 << "{"Volumes":null,"Warnings":null}[\n]"
04:01:48.686 [Test worker] DEBUG org.apache.http.headers - http-outgoing-42 << HTTP/1.1 200 OK
04:01:48.687 [Test worker] DEBUG org.apache.http.headers - http-outgoing-42 << Content-Type: application/json
04:01:48.687 [Test worker] DEBUG org.apache.http.headers - http-outgoing-42 << Server: Docker/1.12.3 (linux)
04:01:48.687 [Test worker] DEBUG org.apache.http.headers - http-outgoing-42 << Date: Wed, 21 Dec 2016 03:01:48 GMT
04:01:48.687 [Test worker] DEBUG org.apache.http.headers - http-outgoing-42 << Content-Length: 33
04:01:48.687 [Test worker] DEBUG o.a.h.impl.execchain.MainClientExec - Connection can be kept alive indefinitely
04:01:48.688 [Test worker] DEBUG c.g.d.j.JerseyDockerCmdExecFactory - 8 * Client response received on thread Test worker
8 < 200
8 < Content-Length: 33
8 < Content-Type: application/json
8 < Date: Wed, 21 Dec 2016 03:01:48 GMT
8 < Server: Docker/1.12.3 (linux)
{"Volumes":null,"Warnings":null}


04:01:48.689 [Test worker] DEBUG o.a.h.i.c.DefaultManagedHttpClientConnection - http-outgoing-42: Close connection
04:01:48.689 [Test worker] DEBUG o.a.h.impl.execchain.MainClientExec - Connection discarded
04:01:48.689 [Test worker] DEBUG c.g.d.j.JerseyDockerCmdExecFactory$1 - Connection released: [id: 42][route: {s}->https://Thesis:2376][total kept alive: 0; route allocated: 0 of 2; total allocated: 0 of 20]
]]></system-out>
  <system-err><![CDATA[]]></system-err>
</testsuite>
