<?xml version="1.0" encoding="UTF-8"?>
<testsuite name="org.openbaton.vim_driver.test.DockerVimTest" tests="17" skipped="3" failures="0" errors="0" timestamp="2017-01-03T01:36:14" hostname="Thesis" time="26.92">
  <properties/>
  <testcase name="deleteNetworkTest" classname="org.openbaton.vim_driver.test.DockerVimTest" time="3.636"/>
  <testcase name="listNetworksTest" classname="org.openbaton.vim_driver.test.DockerVimTest" time="1.175"/>
  <testcase name="deleteServerByIdAndWaitTest" classname="org.openbaton.vim_driver.test.DockerVimTest" time="1.843"/>
  <testcase name="disconnectContainerFromNetworkTest" classname="org.openbaton.vim_driver.test.DockerVimTest" time="2.506"/>
  <testcase name="getNetworkByIdTest" classname="org.openbaton.vim_driver.test.DockerVimTest" time="1.102"/>
  <testcase name="createDockerNetworkTest" classname="org.openbaton.vim_driver.test.DockerVimTest" time="1.136"/>
  <testcase name="deleteImageTest" classname="org.openbaton.vim_driver.test.DockerVimTest" time="0.0">
    <skipped/>
  </testcase>
  <testcase name="pullImageTest" classname="org.openbaton.vim_driver.test.DockerVimTest" time="0.0">
    <skipped/>
  </testcase>
  <testcase name="createVolumeTest" classname="org.openbaton.vim_driver.test.DockerVimTest" time="0.796"/>
  <testcase name="copyArchiveFromContainerTest" classname="org.openbaton.vim_driver.test.DockerVimTest" time="1.929"/>
  <testcase name="listServerTest" classname="org.openbaton.vim_driver.test.DockerVimTest" time="1.537"/>
  <testcase name="copyArchiveToContainerTest" classname="org.openbaton.vim_driver.test.DockerVimTest" time="1.873"/>
  <testcase name="listImagesTest" classname="org.openbaton.vim_driver.test.DockerVimTest" time="0.0">
    <skipped/>
  </testcase>
  <testcase name="deleteVolumeTest" classname="org.openbaton.vim_driver.test.DockerVimTest" time="0.774"/>
  <testcase name="launchInstanceTest" classname="org.openbaton.vim_driver.test.DockerVimTest" time="1.305"/>
  <testcase name="execCommandTest" classname="org.openbaton.vim_driver.test.DockerVimTest" time="2.611"/>
  <testcase name="connectContainerToNetworkTest" classname="org.openbaton.vim_driver.test.DockerVimTest" time="4.685"/>
  <system-out><![CDATA[02:36:15.026 [Test worker] DEBUG org.openbaton.docker.DockerVim - Loading properties
02:36:15.031 [Test worker] DEBUG org.openbaton.docker.DockerVim - Loaded properties: {vim.instance.auth.url=tcp://Thesis:2376, docker.cert.path=/home/sakib/.docker, type=docker, tls.verify=true}
02:36:16.129 [Test worker] DEBUG c.g.d.core.command.AbstrDockerCmd - Cmd: -1,<null>,true,<null>,<null>,com.github.dockerjava.core.util.FiltersBuilder@0,com.github.dockerjava.jaxrs.ListContainersCmdExec@21b19aaa
02:36:16.343 [Test worker] DEBUG c.g.d.j.JerseyDockerCmdExecFactory - 1 * Sending client request on thread Test worker
1 > GET https://Thesis:2376/containers/json?all=true
1 > Accept: application/json

02:36:16.391 [Test worker] DEBUG o.a.h.c.protocol.RequestAddCookies - CookieSpec selected: default
02:36:16.398 [Test worker] DEBUG o.a.h.c.protocol.RequestAuthCache - Auth cache not set in the context
02:36:16.401 [Test worker] DEBUG c.g.d.j.JerseyDockerCmdExecFactory$1 - Connection request: [route: {s}->https://Thesis:2376][total kept alive: 0; route allocated: 0 of 2; total allocated: 0 of 20]
02:36:16.410 [Test worker] DEBUG c.g.d.j.JerseyDockerCmdExecFactory$1 - Connection leased: [id: 0][route: {s}->https://Thesis:2376][total kept alive: 0; route allocated: 1 of 2; total allocated: 1 of 20]
02:36:16.411 [Test worker] DEBUG o.a.h.impl.execchain.MainClientExec - Opening connection {s}->https://Thesis:2376
02:36:16.414 [Test worker] DEBUG o.a.h.i.c.DefaultHttpClientConnectionOperator - Connecting to Thesis/127.0.1.1:2376
02:36:16.414 [Test worker] DEBUG o.a.h.c.s.SSLConnectionSocketFactory - Connecting socket to Thesis/127.0.1.1:2376 with timeout 0
02:36:16.915 [Test worker] DEBUG o.a.h.c.s.SSLConnectionSocketFactory - Enabled protocols: [TLSv1]
02:36:16.916 [Test worker] DEBUG o.a.h.c.s.SSLConnectionSocketFactory - Enabled cipher suites:[TLS_ECDHE_ECDSA_WITH_AES_128_CBC_SHA, TLS_ECDHE_RSA_WITH_AES_128_CBC_SHA, TLS_RSA_WITH_AES_128_CBC_SHA, TLS_ECDH_ECDSA_WITH_AES_128_CBC_SHA, TLS_ECDH_RSA_WITH_AES_128_CBC_SHA, TLS_DHE_RSA_WITH_AES_128_CBC_SHA, TLS_DHE_DSS_WITH_AES_128_CBC_SHA, TLS_ECDHE_ECDSA_WITH_3DES_EDE_CBC_SHA, TLS_ECDHE_RSA_WITH_3DES_EDE_CBC_SHA, SSL_RSA_WITH_3DES_EDE_CBC_SHA, TLS_ECDH_ECDSA_WITH_3DES_EDE_CBC_SHA, TLS_ECDH_RSA_WITH_3DES_EDE_CBC_SHA, SSL_DHE_RSA_WITH_3DES_EDE_CBC_SHA, SSL_DHE_DSS_WITH_3DES_EDE_CBC_SHA, TLS_ECDHE_ECDSA_WITH_RC4_128_SHA, TLS_ECDHE_RSA_WITH_RC4_128_SHA, SSL_RSA_WITH_RC4_128_SHA, TLS_ECDH_ECDSA_WITH_RC4_128_SHA, TLS_ECDH_RSA_WITH_RC4_128_SHA, SSL_RSA_WITH_RC4_128_MD5, TLS_EMPTY_RENEGOTIATION_INFO_SCSV]
02:36:16.916 [Test worker] DEBUG o.a.h.c.s.SSLConnectionSocketFactory - Starting handshake
02:36:17.057 [Test worker] DEBUG o.a.h.c.s.SSLConnectionSocketFactory - Secure session established
02:36:17.057 [Test worker] DEBUG o.a.h.c.s.SSLConnectionSocketFactory -  negotiated protocol: TLSv1
02:36:17.057 [Test worker] DEBUG o.a.h.c.s.SSLConnectionSocketFactory -  negotiated cipher suite: TLS_ECDHE_RSA_WITH_AES_128_CBC_SHA
02:36:17.058 [Test worker] DEBUG o.a.h.c.s.SSLConnectionSocketFactory -  peer principal: CN=Thesis
02:36:17.058 [Test worker] DEBUG o.a.h.c.s.SSLConnectionSocketFactory -  issuer principal: EMAILADDRESS=sha@yamil.com, CN=Thesis, OU=Open, O=Fra, L=BER, ST=BER, C=DE
02:36:17.060 [Test worker] DEBUG o.a.h.i.c.DefaultHttpClientConnectionOperator - Connection established 127.0.0.1:41298<->127.0.1.1:2376
02:36:17.060 [Test worker] DEBUG o.a.h.impl.execchain.MainClientExec - Executing request GET /containers/json?all=true HTTP/1.1
02:36:17.069 [Test worker] DEBUG o.a.h.impl.execchain.MainClientExec - Target auth state: UNCHALLENGED
02:36:17.069 [Test worker] DEBUG o.a.h.impl.execchain.MainClientExec - Proxy auth state: UNCHALLENGED
02:36:17.070 [Test worker] DEBUG org.apache.http.headers - http-outgoing-0 >> GET /containers/json?all=true HTTP/1.1
02:36:17.071 [Test worker] DEBUG org.apache.http.headers - http-outgoing-0 >> Accept: application/json
02:36:17.071 [Test worker] DEBUG org.apache.http.headers - http-outgoing-0 >> User-Agent: Jersey/2.23.1 (Apache HttpClient 4.5.1)
02:36:17.071 [Test worker] DEBUG org.apache.http.headers - http-outgoing-0 >> Host: Thesis:2376
02:36:17.071 [Test worker] DEBUG org.apache.http.headers - http-outgoing-0 >> Connection: Keep-Alive
02:36:17.071 [Test worker] DEBUG org.apache.http.headers - http-outgoing-0 >> Accept-Encoding: gzip,deflate
02:36:17.072 [Test worker] DEBUG org.apache.http.wire - http-outgoing-0 >> "GET /containers/json?all=true HTTP/1.1[\r][\n]"
02:36:17.072 [Test worker] DEBUG org.apache.http.wire - http-outgoing-0 >> "Accept: application/json[\r][\n]"
02:36:17.072 [Test worker] DEBUG org.apache.http.wire - http-outgoing-0 >> "User-Agent: Jersey/2.23.1 (Apache HttpClient 4.5.1)[\r][\n]"
02:36:17.072 [Test worker] DEBUG org.apache.http.wire - http-outgoing-0 >> "Host: Thesis:2376[\r][\n]"
02:36:17.072 [Test worker] DEBUG org.apache.http.wire - http-outgoing-0 >> "Connection: Keep-Alive[\r][\n]"
02:36:17.073 [Test worker] DEBUG org.apache.http.wire - http-outgoing-0 >> "Accept-Encoding: gzip,deflate[\r][\n]"
02:36:17.073 [Test worker] DEBUG org.apache.http.wire - http-outgoing-0 >> "[\r][\n]"
02:36:17.074 [Test worker] DEBUG org.apache.http.wire - http-outgoing-0 << "H"
02:36:17.074 [Test worker] DEBUG org.apache.http.wire - http-outgoing-0 << "TTP/1.1 200 OK[\r][\n]"
02:36:17.074 [Test worker] DEBUG org.apache.http.wire - http-outgoing-0 << "Content-Type: application/json[\r][\n]"
02:36:17.074 [Test worker] DEBUG org.apache.http.wire - http-outgoing-0 << "Server: Docker/1.12.3 (linux)[\r][\n]"
02:36:17.074 [Test worker] DEBUG org.apache.http.wire - http-outgoing-0 << "Date: Tue, 03 Jan 2017 01:36:17 GMT[\r][\n]"
02:36:17.075 [Test worker] DEBUG org.apache.http.wire - http-outgoing-0 << "Content-Length: 3[\r][\n]"
02:36:17.075 [Test worker] DEBUG org.apache.http.wire - http-outgoing-0 << "[\r][\n]"
02:36:17.075 [Test worker] DEBUG org.apache.http.wire - http-outgoing-0 << "[][\n]"
02:36:17.076 [Test worker] DEBUG org.apache.http.headers - http-outgoing-0 << HTTP/1.1 200 OK
02:36:17.084 [Test worker] DEBUG org.apache.http.headers - http-outgoing-0 << Content-Type: application/json
02:36:17.084 [Test worker] DEBUG org.apache.http.headers - http-outgoing-0 << Server: Docker/1.12.3 (linux)
02:36:17.084 [Test worker] DEBUG org.apache.http.headers - http-outgoing-0 << Date: Tue, 03 Jan 2017 01:36:17 GMT
02:36:17.084 [Test worker] DEBUG org.apache.http.headers - http-outgoing-0 << Content-Length: 3
02:36:17.086 [Test worker] DEBUG o.a.h.impl.execchain.MainClientExec - Connection can be kept alive indefinitely
02:36:17.091 [Test worker] DEBUG c.g.d.j.JerseyDockerCmdExecFactory - 2 * Client response received on thread Test worker
2 < 200
2 < Content-Length: 3
2 < Content-Type: application/json
2 < Date: Tue, 03 Jan 2017 01:36:17 GMT
2 < Server: Docker/1.12.3 (linux)
[]


02:36:17.239 [Test worker] DEBUG c.g.d.j.JerseyDockerCmdExecFactory$1 - Connection [id: 0][route: {s}->https://Thesis:2376][state: CN=Thesis] can be kept alive indefinitely
02:36:17.240 [Test worker] DEBUG c.g.d.j.JerseyDockerCmdExecFactory$1 - Connection released: [id: 0][route: {s}->https://Thesis:2376][state: CN=Thesis][total kept alive: 1; route allocated: 1 of 2; total allocated: 1 of 20]
02:36:17.332 [Test worker] DEBUG c.g.d.core.command.AbstrDockerCmd - Cmd: com.github.dockerjava.core.util.FiltersBuilder@0,com.github.dockerjava.jaxrs.ListNetworksCmdExec@60f1057
02:36:17.351 [Test worker] DEBUG c.g.d.j.JerseyDockerCmdExecFactory - 3 * Sending client request on thread Test worker
3 > GET https://Thesis:2376/networks
3 > Accept: application/json

02:36:17.352 [Test worker] DEBUG o.a.h.c.protocol.RequestAddCookies - CookieSpec selected: default
02:36:17.352 [Test worker] DEBUG o.a.h.c.protocol.RequestAuthCache - Auth cache not set in the context
02:36:17.353 [Test worker] DEBUG c.g.d.j.JerseyDockerCmdExecFactory$1 - Connection request: [route: {s}->https://Thesis:2376][total kept alive: 1; route allocated: 1 of 2; total allocated: 1 of 20]
02:36:17.353 [Test worker] DEBUG c.g.d.j.JerseyDockerCmdExecFactory$1 - Connection leased: [id: 1][route: {s}->https://Thesis:2376][total kept alive: 1; route allocated: 2 of 2; total allocated: 2 of 20]
02:36:17.353 [Test worker] DEBUG o.a.h.impl.execchain.MainClientExec - Opening connection {s}->https://Thesis:2376
02:36:17.354 [Test worker] DEBUG o.a.h.i.c.DefaultHttpClientConnectionOperator - Connecting to Thesis/127.0.1.1:2376
02:36:17.354 [Test worker] DEBUG o.a.h.c.s.SSLConnectionSocketFactory - Connecting socket to Thesis/127.0.1.1:2376 with timeout 0
02:36:17.356 [Test worker] DEBUG o.a.h.c.s.SSLConnectionSocketFactory - Enabled protocols: [TLSv1]
02:36:17.356 [Test worker] DEBUG o.a.h.c.s.SSLConnectionSocketFactory - Enabled cipher suites:[TLS_ECDHE_ECDSA_WITH_AES_128_CBC_SHA, TLS_ECDHE_RSA_WITH_AES_128_CBC_SHA, TLS_RSA_WITH_AES_128_CBC_SHA, TLS_ECDH_ECDSA_WITH_AES_128_CBC_SHA, TLS_ECDH_RSA_WITH_AES_128_CBC_SHA, TLS_DHE_RSA_WITH_AES_128_CBC_SHA, TLS_DHE_DSS_WITH_AES_128_CBC_SHA, TLS_ECDHE_ECDSA_WITH_3DES_EDE_CBC_SHA, TLS_ECDHE_RSA_WITH_3DES_EDE_CBC_SHA, SSL_RSA_WITH_3DES_EDE_CBC_SHA, TLS_ECDH_ECDSA_WITH_3DES_EDE_CBC_SHA, TLS_ECDH_RSA_WITH_3DES_EDE_CBC_SHA, SSL_DHE_RSA_WITH_3DES_EDE_CBC_SHA, SSL_DHE_DSS_WITH_3DES_EDE_CBC_SHA, TLS_ECDHE_ECDSA_WITH_RC4_128_SHA, TLS_ECDHE_RSA_WITH_RC4_128_SHA, SSL_RSA_WITH_RC4_128_SHA, TLS_ECDH_ECDSA_WITH_RC4_128_SHA, TLS_ECDH_RSA_WITH_RC4_128_SHA, SSL_RSA_WITH_RC4_128_MD5, TLS_EMPTY_RENEGOTIATION_INFO_SCSV]
02:36:17.357 [Test worker] DEBUG o.a.h.c.s.SSLConnectionSocketFactory - Starting handshake
02:36:17.429 [Test worker] DEBUG o.a.h.c.s.SSLConnectionSocketFactory - Secure session established
02:36:17.430 [Test worker] DEBUG o.a.h.c.s.SSLConnectionSocketFactory -  negotiated protocol: TLSv1
02:36:17.430 [Test worker] DEBUG o.a.h.c.s.SSLConnectionSocketFactory -  negotiated cipher suite: TLS_ECDHE_RSA_WITH_AES_128_CBC_SHA
02:36:17.431 [Test worker] DEBUG o.a.h.c.s.SSLConnectionSocketFactory -  peer principal: CN=Thesis
02:36:17.433 [Test worker] DEBUG o.a.h.c.s.SSLConnectionSocketFactory -  issuer principal: EMAILADDRESS=sha@yamil.com, CN=Thesis, OU=Open, O=Fra, L=BER, ST=BER, C=DE
02:36:17.436 [Test worker] DEBUG o.a.h.i.c.DefaultHttpClientConnectionOperator - Connection established 127.0.0.1:41300<->127.0.1.1:2376
02:36:17.436 [Test worker] DEBUG o.a.h.impl.execchain.MainClientExec - Executing request GET /networks HTTP/1.1
02:36:17.436 [Test worker] DEBUG o.a.h.impl.execchain.MainClientExec - Target auth state: UNCHALLENGED
02:36:17.436 [Test worker] DEBUG o.a.h.impl.execchain.MainClientExec - Proxy auth state: UNCHALLENGED
02:36:17.437 [Test worker] DEBUG org.apache.http.headers - http-outgoing-1 >> GET /networks HTTP/1.1
02:36:17.437 [Test worker] DEBUG org.apache.http.headers - http-outgoing-1 >> Accept: application/json
02:36:17.437 [Test worker] DEBUG org.apache.http.headers - http-outgoing-1 >> User-Agent: Jersey/2.23.1 (Apache HttpClient 4.5.1)
02:36:17.437 [Test worker] DEBUG org.apache.http.headers - http-outgoing-1 >> Host: Thesis:2376
02:36:17.437 [Test worker] DEBUG org.apache.http.headers - http-outgoing-1 >> Connection: Keep-Alive
02:36:17.437 [Test worker] DEBUG org.apache.http.headers - http-outgoing-1 >> Accept-Encoding: gzip,deflate
02:36:17.438 [Test worker] DEBUG org.apache.http.wire - http-outgoing-1 >> "GET /networks HTTP/1.1[\r][\n]"
02:36:17.438 [Test worker] DEBUG org.apache.http.wire - http-outgoing-1 >> "Accept: application/json[\r][\n]"
02:36:17.438 [Test worker] DEBUG org.apache.http.wire - http-outgoing-1 >> "User-Agent: Jersey/2.23.1 (Apache HttpClient 4.5.1)[\r][\n]"
02:36:17.438 [Test worker] DEBUG org.apache.http.wire - http-outgoing-1 >> "Host: Thesis:2376[\r][\n]"
02:36:17.438 [Test worker] DEBUG org.apache.http.wire - http-outgoing-1 >> "Connection: Keep-Alive[\r][\n]"
02:36:17.438 [Test worker] DEBUG org.apache.http.wire - http-outgoing-1 >> "Accept-Encoding: gzip,deflate[\r][\n]"
02:36:17.439 [Test worker] DEBUG org.apache.http.wire - http-outgoing-1 >> "[\r][\n]"
02:36:17.439 [Test worker] DEBUG org.apache.http.wire - http-outgoing-1 << "H"
02:36:17.440 [Test worker] DEBUG org.apache.http.wire - http-outgoing-1 << "TTP/1.1 200 OK[\r][\n]"
02:36:17.440 [Test worker] DEBUG org.apache.http.wire - http-outgoing-1 << "Content-Type: application/json[\r][\n]"
02:36:17.440 [Test worker] DEBUG org.apache.http.wire - http-outgoing-1 << "Server: Docker/1.12.3 (linux)[\r][\n]"
02:36:17.440 [Test worker] DEBUG org.apache.http.wire - http-outgoing-1 << "Date: Tue, 03 Jan 2017 01:36:17 GMT[\r][\n]"
02:36:17.440 [Test worker] DEBUG org.apache.http.wire - http-outgoing-1 << "Content-Length: 1100[\r][\n]"
02:36:17.440 [Test worker] DEBUG org.apache.http.wire - http-outgoing-1 << "[\r][\n]"
02:36:17.441 [Test worker] DEBUG org.apache.http.wire - http-outgoing-1 << "[{"Name":"none","Id":"4d89c194eb79cd2beb38458d10a1b98c74d6b8462af72afde29ae7aca53ed5ca","Scope":"local","Driver":"null","EnableIPv6":false,"IPAM":{"Driver":"default","Options":null,"Config":[]},"Internal":false,"Containers":{},"Options":{},"Labels":{}},{"Name":"bridge","Id":"e0d36057aa1769e9fd52ba88be81b698b495f9b6b4946d0f98f24d971a27fc98","Scope":"local","Driver":"bridge","EnableIPv6":false,"IPAM":{"Driver":"default","Options":null,"Config":[{"Subnet":"172.17.0.0/16","Gateway":"172.17.0.1"}]},"Internal":false,"Containers":{},"Options":{"com.docker.network.bridge.default_bridge":"true","com.docker.network.bridge.enable_icc":"true","com.docker.network.bridge.enable_ip_masquerade":"true","com.docker.network.bridge.host_binding_ipv4":"0.0.0.0","com.docker.network.bridge.name":"docker0","com.docker.network.driver.mtu":"1500"},"Labels":{}},{"Name":"host","Id":"fe042b0866671b5be4f097ba43830c0a02959c058702d18e18c14a24d88a357d","Scope":"local","Driver":"host","EnableIPv6":false,"IPAM":{"Driver":"default","Options":null,"Config":[]},"Internal":false,"Containers":{},"Options":{},"Labels":{}}][\n]"
02:36:17.441 [Test worker] DEBUG org.apache.http.headers - http-outgoing-1 << HTTP/1.1 200 OK
02:36:17.441 [Test worker] DEBUG org.apache.http.headers - http-outgoing-1 << Content-Type: application/json
02:36:17.441 [Test worker] DEBUG org.apache.http.headers - http-outgoing-1 << Server: Docker/1.12.3 (linux)
02:36:17.441 [Test worker] DEBUG org.apache.http.headers - http-outgoing-1 << Date: Tue, 03 Jan 2017 01:36:17 GMT
02:36:17.442 [Test worker] DEBUG org.apache.http.headers - http-outgoing-1 << Content-Length: 1100
02:36:17.442 [Test worker] DEBUG o.a.h.impl.execchain.MainClientExec - Connection can be kept alive indefinitely
02:36:17.442 [Test worker] DEBUG c.g.d.j.JerseyDockerCmdExecFactory - 4 * Client response received on thread Test worker
4 < 200
4 < Content-Length: 1100
4 < Content-Type: application/json
4 < Date: Tue, 03 Jan 2017 01:36:17 GMT
4 < Server: Docker/1.12.3 (linux)
[{"Name":"none","Id":"4d89c194eb79cd2beb38458d10a1b98c74d6b8462af72afde29ae7aca53ed5ca","Scope":"local","Driver":"null","EnableIPv6":false,"IPAM":{"Driver":"default","Options":null,"Config":[]},"Internal":false,"Containers":{},"Options":{},"Labels":{}},{"Name":"bridge","Id":"e0d36057aa1769e9fd52ba88be81b698b495f9b6b4946d0f98f24d971a27fc98","Scope":"local","Driver":"bridge","EnableIPv6":false,"IPAM":{"Driver":"default","Options":null,"Config":[{"Subnet":"172.17.0.0/16","Gateway":"172.17.0.1"}]},"Internal":false,"Containers":{},"Options":{"com.docker.network.bridge.default_bridge":"true","com.docker.network.bridge.enable_icc":"true","com.docker.network.bridge.enable_ip_masquerade":"true","com.docker.network.bridge.host_binding_ipv4":"0.0.0.0","com.docker.network.bridge.name":"docker0","com.docker.network.driver.mtu":"1500"},"Labels":{}},{"Name":"host","Id":"fe042b0866671b5be4f097ba43830c0a02959c058702d18e18c14a24d88a357d","Scope":"local","Driver":"host","EnableIPv6":false,"IPAM":{"Driver":"default","Options":null,"Config":[]},"Internal":false,"Containers":{},"Options":{},"Labels":{}}]


02:36:17.449 [Test worker] DEBUG o.a.h.i.c.DefaultManagedHttpClientConnection - http-outgoing-1: Close connection
02:36:17.449 [Test worker] DEBUG o.a.h.impl.execchain.MainClientExec - Connection discarded
02:36:17.449 [Test worker] DEBUG c.g.d.j.JerseyDockerCmdExecFactory$1 - Connection released: [id: 1][route: {s}->https://Thesis:2376][total kept alive: 1; route allocated: 1 of 2; total allocated: 1 of 20]
02:36:17.450 [Test worker] DEBUG c.g.d.core.command.AbstrDockerCmd - Cmd: com.github.dockerjava.core.util.FiltersBuilder@0,com.github.dockerjava.jaxrs.ListVolumesCmdExec@3e2be89c
02:36:17.451 [Test worker] DEBUG c.g.d.j.JerseyDockerCmdExecFactory - 5 * Sending client request on thread Test worker
5 > GET https://Thesis:2376/volumes
5 > Accept: application/json

02:36:17.452 [Test worker] DEBUG o.a.h.c.protocol.RequestAddCookies - CookieSpec selected: default
02:36:17.452 [Test worker] DEBUG o.a.h.c.protocol.RequestAuthCache - Auth cache not set in the context
02:36:17.452 [Test worker] DEBUG c.g.d.j.JerseyDockerCmdExecFactory$1 - Connection request: [route: {s}->https://Thesis:2376][total kept alive: 1; route allocated: 1 of 2; total allocated: 1 of 20]
02:36:17.453 [Test worker] DEBUG c.g.d.j.JerseyDockerCmdExecFactory$1 - Connection leased: [id: 2][route: {s}->https://Thesis:2376][total kept alive: 1; route allocated: 2 of 2; total allocated: 2 of 20]
02:36:17.453 [Test worker] DEBUG o.a.h.impl.execchain.MainClientExec - Opening connection {s}->https://Thesis:2376
02:36:17.453 [Test worker] DEBUG o.a.h.i.c.DefaultHttpClientConnectionOperator - Connecting to Thesis/127.0.1.1:2376
02:36:17.453 [Test worker] DEBUG o.a.h.c.s.SSLConnectionSocketFactory - Connecting socket to Thesis/127.0.1.1:2376 with timeout 0
02:36:17.455 [Test worker] DEBUG o.a.h.c.s.SSLConnectionSocketFactory - Enabled protocols: [TLSv1]
02:36:17.456 [Test worker] DEBUG o.a.h.c.s.SSLConnectionSocketFactory - Enabled cipher suites:[TLS_ECDHE_ECDSA_WITH_AES_128_CBC_SHA, TLS_ECDHE_RSA_WITH_AES_128_CBC_SHA, TLS_RSA_WITH_AES_128_CBC_SHA, TLS_ECDH_ECDSA_WITH_AES_128_CBC_SHA, TLS_ECDH_RSA_WITH_AES_128_CBC_SHA, TLS_DHE_RSA_WITH_AES_128_CBC_SHA, TLS_DHE_DSS_WITH_AES_128_CBC_SHA, TLS_ECDHE_ECDSA_WITH_3DES_EDE_CBC_SHA, TLS_ECDHE_RSA_WITH_3DES_EDE_CBC_SHA, SSL_RSA_WITH_3DES_EDE_CBC_SHA, TLS_ECDH_ECDSA_WITH_3DES_EDE_CBC_SHA, TLS_ECDH_RSA_WITH_3DES_EDE_CBC_SHA, SSL_DHE_RSA_WITH_3DES_EDE_CBC_SHA, SSL_DHE_DSS_WITH_3DES_EDE_CBC_SHA, TLS_ECDHE_ECDSA_WITH_RC4_128_SHA, TLS_ECDHE_RSA_WITH_RC4_128_SHA, SSL_RSA_WITH_RC4_128_SHA, TLS_ECDH_ECDSA_WITH_RC4_128_SHA, TLS_ECDH_RSA_WITH_RC4_128_SHA, SSL_RSA_WITH_RC4_128_MD5, TLS_EMPTY_RENEGOTIATION_INFO_SCSV]
02:36:17.456 [Test worker] DEBUG o.a.h.c.s.SSLConnectionSocketFactory - Starting handshake
02:36:17.521 [Test worker] DEBUG o.a.h.c.s.SSLConnectionSocketFactory - Secure session established
02:36:17.521 [Test worker] DEBUG o.a.h.c.s.SSLConnectionSocketFactory -  negotiated protocol: TLSv1
02:36:17.521 [Test worker] DEBUG o.a.h.c.s.SSLConnectionSocketFactory -  negotiated cipher suite: TLS_ECDHE_RSA_WITH_AES_128_CBC_SHA
02:36:17.521 [Test worker] DEBUG o.a.h.c.s.SSLConnectionSocketFactory -  peer principal: CN=Thesis
02:36:17.522 [Test worker] DEBUG o.a.h.c.s.SSLConnectionSocketFactory -  issuer principal: EMAILADDRESS=sha@yamil.com, CN=Thesis, OU=Open, O=Fra, L=BER, ST=BER, C=DE
02:36:17.522 [Test worker] DEBUG o.a.h.i.c.DefaultHttpClientConnectionOperator - Connection established 127.0.0.1:41302<->127.0.1.1:2376
02:36:17.522 [Test worker] DEBUG o.a.h.impl.execchain.MainClientExec - Executing request GET /volumes HTTP/1.1
02:36:17.522 [Test worker] DEBUG o.a.h.impl.execchain.MainClientExec - Target auth state: UNCHALLENGED
02:36:17.522 [Test worker] DEBUG o.a.h.impl.execchain.MainClientExec - Proxy auth state: UNCHALLENGED
02:36:17.523 [Test worker] DEBUG org.apache.http.headers - http-outgoing-2 >> GET /volumes HTTP/1.1
02:36:17.523 [Test worker] DEBUG org.apache.http.headers - http-outgoing-2 >> Accept: application/json
02:36:17.523 [Test worker] DEBUG org.apache.http.headers - http-outgoing-2 >> User-Agent: Jersey/2.23.1 (Apache HttpClient 4.5.1)
02:36:17.523 [Test worker] DEBUG org.apache.http.headers - http-outgoing-2 >> Host: Thesis:2376
02:36:17.523 [Test worker] DEBUG org.apache.http.headers - http-outgoing-2 >> Connection: Keep-Alive
02:36:17.524 [Test worker] DEBUG org.apache.http.headers - http-outgoing-2 >> Accept-Encoding: gzip,deflate
02:36:17.524 [Test worker] DEBUG org.apache.http.wire - http-outgoing-2 >> "GET /volumes HTTP/1.1[\r][\n]"
02:36:17.524 [Test worker] DEBUG org.apache.http.wire - http-outgoing-2 >> "Accept: application/json[\r][\n]"
02:36:17.524 [Test worker] DEBUG org.apache.http.wire - http-outgoing-2 >> "User-Agent: Jersey/2.23.1 (Apache HttpClient 4.5.1)[\r][\n]"
02:36:17.524 [Test worker] DEBUG org.apache.http.wire - http-outgoing-2 >> "Host: Thesis:2376[\r][\n]"
02:36:17.525 [Test worker] DEBUG org.apache.http.wire - http-outgoing-2 >> "Connection: Keep-Alive[\r][\n]"
02:36:17.525 [Test worker] DEBUG org.apache.http.wire - http-outgoing-2 >> "Accept-Encoding: gzip,deflate[\r][\n]"
02:36:17.525 [Test worker] DEBUG org.apache.http.wire - http-outgoing-2 >> "[\r][\n]"
02:36:17.525 [Test worker] DEBUG org.apache.http.wire - http-outgoing-2 << "H"
02:36:17.526 [Test worker] DEBUG org.apache.http.wire - http-outgoing-2 << "TTP/1.1 200 OK[\r][\n]"
02:36:17.526 [Test worker] DEBUG org.apache.http.wire - http-outgoing-2 << "Content-Type: application/json[\r][\n]"
02:36:17.526 [Test worker] DEBUG org.apache.http.wire - http-outgoing-2 << "Server: Docker/1.12.3 (linux)[\r][\n]"
02:36:17.526 [Test worker] DEBUG org.apache.http.wire - http-outgoing-2 << "Date: Tue, 03 Jan 2017 01:36:17 GMT[\r][\n]"
02:36:17.526 [Test worker] DEBUG org.apache.http.wire - http-outgoing-2 << "Content-Length: 33[\r][\n]"
02:36:17.526 [Test worker] DEBUG org.apache.http.wire - http-outgoing-2 << "[\r][\n]"
02:36:17.527 [Test worker] DEBUG org.apache.http.wire - http-outgoing-2 << "{"Volumes":null,"Warnings":null}[\n]"
02:36:17.527 [Test worker] DEBUG org.apache.http.headers - http-outgoing-2 << HTTP/1.1 200 OK
02:36:17.527 [Test worker] DEBUG org.apache.http.headers - http-outgoing-2 << Content-Type: application/json
02:36:17.527 [Test worker] DEBUG org.apache.http.headers - http-outgoing-2 << Server: Docker/1.12.3 (linux)
02:36:17.527 [Test worker] DEBUG org.apache.http.headers - http-outgoing-2 << Date: Tue, 03 Jan 2017 01:36:17 GMT
02:36:17.528 [Test worker] DEBUG org.apache.http.headers - http-outgoing-2 << Content-Length: 33
02:36:17.528 [Test worker] DEBUG o.a.h.impl.execchain.MainClientExec - Connection can be kept alive indefinitely
02:36:17.528 [Test worker] DEBUG c.g.d.j.JerseyDockerCmdExecFactory - 6 * Client response received on thread Test worker
6 < 200
6 < Content-Length: 33
6 < Content-Type: application/json
6 < Date: Tue, 03 Jan 2017 01:36:17 GMT
6 < Server: Docker/1.12.3 (linux)
{"Volumes":null,"Warnings":null}


02:36:17.531 [Test worker] DEBUG o.a.h.i.c.DefaultManagedHttpClientConnection - http-outgoing-2: Close connection
02:36:17.532 [Test worker] DEBUG o.a.h.impl.execchain.MainClientExec - Connection discarded
02:36:17.532 [Test worker] DEBUG c.g.d.j.JerseyDockerCmdExecFactory$1 - Connection released: [id: 2][route: {s}->https://Thesis:2376][total kept alive: 1; route allocated: 1 of 2; total allocated: 1 of 20]
02:36:17.533 [Test worker] DEBUG c.g.d.core.command.AbstrDockerCmd - Cmd: MyNetwork,<null>,<null>,{},true,<null>,<null>,com.github.dockerjava.jaxrs.CreateNetworkCmdExec@540f51ab
02:36:17.535 [Test worker] DEBUG o.a.h.c.protocol.RequestAddCookies - CookieSpec selected: default
02:36:17.535 [Test worker] DEBUG o.a.h.c.protocol.RequestAuthCache - Auth cache not set in the context
02:36:17.536 [Test worker] DEBUG c.g.d.j.JerseyDockerCmdExecFactory$1 - Connection request: [route: {s}->https://Thesis:2376][total kept alive: 1; route allocated: 1 of 2; total allocated: 1 of 20]
02:36:17.536 [Test worker] DEBUG c.g.d.j.JerseyDockerCmdExecFactory$1 - Connection leased: [id: 3][route: {s}->https://Thesis:2376][total kept alive: 1; route allocated: 2 of 2; total allocated: 2 of 20]
02:36:17.536 [Test worker] DEBUG o.a.h.impl.execchain.MainClientExec - Opening connection {s}->https://Thesis:2376
02:36:17.536 [Test worker] DEBUG o.a.h.i.c.DefaultHttpClientConnectionOperator - Connecting to Thesis/127.0.1.1:2376
02:36:17.537 [Test worker] DEBUG o.a.h.c.s.SSLConnectionSocketFactory - Connecting socket to Thesis/127.0.1.1:2376 with timeout 0
02:36:17.539 [Test worker] DEBUG o.a.h.c.s.SSLConnectionSocketFactory - Enabled protocols: [TLSv1]
02:36:17.540 [Test worker] DEBUG o.a.h.c.s.SSLConnectionSocketFactory - Enabled cipher suites:[TLS_ECDHE_ECDSA_WITH_AES_128_CBC_SHA, TLS_ECDHE_RSA_WITH_AES_128_CBC_SHA, TLS_RSA_WITH_AES_128_CBC_SHA, TLS_ECDH_ECDSA_WITH_AES_128_CBC_SHA, TLS_ECDH_RSA_WITH_AES_128_CBC_SHA, TLS_DHE_RSA_WITH_AES_128_CBC_SHA, TLS_DHE_DSS_WITH_AES_128_CBC_SHA, TLS_ECDHE_ECDSA_WITH_3DES_EDE_CBC_SHA, TLS_ECDHE_RSA_WITH_3DES_EDE_CBC_SHA, SSL_RSA_WITH_3DES_EDE_CBC_SHA, TLS_ECDH_ECDSA_WITH_3DES_EDE_CBC_SHA, TLS_ECDH_RSA_WITH_3DES_EDE_CBC_SHA, SSL_DHE_RSA_WITH_3DES_EDE_CBC_SHA, SSL_DHE_DSS_WITH_3DES_EDE_CBC_SHA, TLS_ECDHE_ECDSA_WITH_RC4_128_SHA, TLS_ECDHE_RSA_WITH_RC4_128_SHA, SSL_RSA_WITH_RC4_128_SHA, TLS_ECDH_ECDSA_WITH_RC4_128_SHA, TLS_ECDH_RSA_WITH_RC4_128_SHA, SSL_RSA_WITH_RC4_128_MD5, TLS_EMPTY_RENEGOTIATION_INFO_SCSV]
02:36:17.540 [Test worker] DEBUG o.a.h.c.s.SSLConnectionSocketFactory - Starting handshake
02:36:17.608 [Test worker] DEBUG o.a.h.c.s.SSLConnectionSocketFactory - Secure session established
02:36:17.608 [Test worker] DEBUG o.a.h.c.s.SSLConnectionSocketFactory -  negotiated protocol: TLSv1
02:36:17.608 [Test worker] DEBUG o.a.h.c.s.SSLConnectionSocketFactory -  negotiated cipher suite: TLS_ECDHE_RSA_WITH_AES_128_CBC_SHA
02:36:17.608 [Test worker] DEBUG o.a.h.c.s.SSLConnectionSocketFactory -  peer principal: CN=Thesis
02:36:17.609 [Test worker] DEBUG o.a.h.c.s.SSLConnectionSocketFactory -  issuer principal: EMAILADDRESS=sha@yamil.com, CN=Thesis, OU=Open, O=Fra, L=BER, ST=BER, C=DE
02:36:17.609 [Test worker] DEBUG o.a.h.i.c.DefaultHttpClientConnectionOperator - Connection established 127.0.0.1:41304<->127.0.1.1:2376
02:36:17.609 [Test worker] DEBUG o.a.h.impl.execchain.MainClientExec - Executing request POST /networks/create HTTP/1.1
02:36:17.609 [Test worker] DEBUG o.a.h.impl.execchain.MainClientExec - Target auth state: UNCHALLENGED
02:36:17.609 [Test worker] DEBUG o.a.h.impl.execchain.MainClientExec - Proxy auth state: UNCHALLENGED
02:36:17.610 [Test worker] DEBUG org.apache.http.headers - http-outgoing-3 >> POST /networks/create HTTP/1.1
02:36:17.610 [Test worker] DEBUG org.apache.http.headers - http-outgoing-3 >> Accept: application/json
02:36:17.610 [Test worker] DEBUG org.apache.http.headers - http-outgoing-3 >> Content-Type: application/json
02:36:17.610 [Test worker] DEBUG org.apache.http.headers - http-outgoing-3 >> User-Agent: Jersey/2.23.1 (Apache HttpClient 4.5.1)
02:36:17.610 [Test worker] DEBUG org.apache.http.headers - http-outgoing-3 >> Transfer-Encoding: chunked
02:36:17.610 [Test worker] DEBUG org.apache.http.headers - http-outgoing-3 >> Host: Thesis:2376
02:36:17.611 [Test worker] DEBUG org.apache.http.headers - http-outgoing-3 >> Connection: Keep-Alive
02:36:17.611 [Test worker] DEBUG org.apache.http.headers - http-outgoing-3 >> Accept-Encoding: gzip,deflate
02:36:17.627 [Test worker] DEBUG c.g.d.j.JerseyDockerCmdExecFactory - 7 * Sending client request on thread Test worker
7 > POST https://Thesis:2376/networks/create
7 > Accept: application/json
7 > Content-Type: application/json
{"enableIPv6":null,"Name":"MyNetwork","Driver":null,"IPAM":null,"Options":{},"CheckDuplicate":true,"Internal":null,"EnableIPv6":null}

02:36:17.629 [Test worker] DEBUG org.apache.http.wire - http-outgoing-3 >> "POST /networks/create HTTP/1.1[\r][\n]"
02:36:17.629 [Test worker] DEBUG org.apache.http.wire - http-outgoing-3 >> "Accept: application/json[\r][\n]"
02:36:17.629 [Test worker] DEBUG org.apache.http.wire - http-outgoing-3 >> "Content-Type: application/json[\r][\n]"
02:36:17.629 [Test worker] DEBUG org.apache.http.wire - http-outgoing-3 >> "User-Agent: Jersey/2.23.1 (Apache HttpClient 4.5.1)[\r][\n]"
02:36:17.629 [Test worker] DEBUG org.apache.http.wire - http-outgoing-3 >> "Transfer-Encoding: chunked[\r][\n]"
02:36:17.629 [Test worker] DEBUG org.apache.http.wire - http-outgoing-3 >> "Host: Thesis:2376[\r][\n]"
02:36:17.630 [Test worker] DEBUG org.apache.http.wire - http-outgoing-3 >> "Connection: Keep-Alive[\r][\n]"
02:36:17.630 [Test worker] DEBUG org.apache.http.wire - http-outgoing-3 >> "Accept-Encoding: gzip,deflate[\r][\n]"
02:36:17.630 [Test worker] DEBUG org.apache.http.wire - http-outgoing-3 >> "[\r][\n]"
02:36:17.630 [Test worker] DEBUG org.apache.http.wire - http-outgoing-3 >> "85[\r][\n]"
02:36:17.630 [Test worker] DEBUG org.apache.http.wire - http-outgoing-3 >> "{"enableIPv6":null,"Name":"MyNetwork","Driver":null,"IPAM":null,"Options":{},"CheckDuplicate":true,"Internal":null,"EnableIPv6":null}[\r][\n]"
02:36:17.630 [Test worker] DEBUG org.apache.http.wire - http-outgoing-3 >> "0[\r][\n]"
02:36:17.631 [Test worker] DEBUG org.apache.http.wire - http-outgoing-3 >> "[\r][\n]"
02:36:17.715 [Test worker] DEBUG org.apache.http.wire - http-outgoing-3 << "H"
02:36:17.717 [Test worker] DEBUG org.apache.http.wire - http-outgoing-3 << "TTP/1.1 201 Created[\r][\n]"
02:36:17.717 [Test worker] DEBUG org.apache.http.wire - http-outgoing-3 << "Content-Type: application/json[\r][\n]"
02:36:17.717 [Test worker] DEBUG org.apache.http.wire - http-outgoing-3 << "Server: Docker/1.12.3 (linux)[\r][\n]"
02:36:17.717 [Test worker] DEBUG org.apache.http.wire - http-outgoing-3 << "Date: Tue, 03 Jan 2017 01:36:17 GMT[\r][\n]"
02:36:17.717 [Test worker] DEBUG org.apache.http.wire - http-outgoing-3 << "Content-Length: 87[\r][\n]"
02:36:17.717 [Test worker] DEBUG org.apache.http.wire - http-outgoing-3 << "[\r][\n]"
02:36:17.717 [Test worker] DEBUG org.apache.http.wire - http-outgoing-3 << "{"Id":"c62b8db2c724418ca4b72b5891e121325422e16a222a921ad8ea3e2034e4b8da","Warning":""}[\n]"
02:36:17.717 [Test worker] DEBUG org.apache.http.headers - http-outgoing-3 << HTTP/1.1 201 Created
02:36:17.717 [Test worker] DEBUG org.apache.http.headers - http-outgoing-3 << Content-Type: application/json
02:36:17.717 [Test worker] DEBUG org.apache.http.headers - http-outgoing-3 << Server: Docker/1.12.3 (linux)
02:36:17.717 [Test worker] DEBUG org.apache.http.headers - http-outgoing-3 << Date: Tue, 03 Jan 2017 01:36:17 GMT
02:36:17.717 [Test worker] DEBUG org.apache.http.headers - http-outgoing-3 << Content-Length: 87
02:36:17.717 [Test worker] DEBUG o.a.h.impl.execchain.MainClientExec - Connection can be kept alive indefinitely
02:36:17.719 [Test worker] DEBUG c.g.d.j.JerseyDockerCmdExecFactory - 8 * Client response received on thread Test worker
8 < 201
8 < Content-Length: 87
8 < Content-Type: application/json
8 < Date: Tue, 03 Jan 2017 01:36:17 GMT
8 < Server: Docker/1.12.3 (linux)
{"Id":"c62b8db2c724418ca4b72b5891e121325422e16a222a921ad8ea3e2034e4b8da","Warning":""}


02:36:17.722 [Test worker] DEBUG o.a.h.i.c.DefaultManagedHttpClientConnection - http-outgoing-3: Close connection
02:36:17.723 [Test worker] DEBUG o.a.h.impl.execchain.MainClientExec - Connection discarded
02:36:17.723 [Test worker] DEBUG c.g.d.j.JerseyDockerCmdExecFactory$1 - Connection released: [id: 3][route: {s}->https://Thesis:2376][total kept alive: 1; route allocated: 1 of 2; total allocated: 1 of 20]
02:36:17.734 [Test worker] DEBUG c.g.d.core.command.AbstrDockerCmd - Cmd: c62b8db2c724418ca4b72b5891e121325422e16a222a921ad8ea3e2034e4b8da,com.github.dockerjava.jaxrs.InspectNetworkCmdExec@1304ff98
02:36:17.750 [Test worker] DEBUG c.g.d.jaxrs.ListNetworksCmdExec - GET: JerseyWebTarget { https://Thesis:2376/networks/c62b8db2c724418ca4b72b5891e121325422e16a222a921ad8ea3e2034e4b8da }
02:36:17.758 [Test worker] DEBUG c.g.d.j.JerseyDockerCmdExecFactory - 9 * Sending client request on thread Test worker
9 > GET https://Thesis:2376/networks/c62b8db2c724418ca4b72b5891e121325422e16a222a921ad8ea3e2034e4b8da
9 > Accept: application/json

02:36:17.759 [Test worker] DEBUG o.a.h.c.protocol.RequestAddCookies - CookieSpec selected: default
02:36:17.770 [Test worker] DEBUG o.a.h.c.protocol.RequestAuthCache - Auth cache not set in the context
02:36:17.770 [Test worker] DEBUG c.g.d.j.JerseyDockerCmdExecFactory$1 - Connection request: [route: {s}->https://Thesis:2376][total kept alive: 1; route allocated: 1 of 2; total allocated: 1 of 20]
02:36:17.770 [Test worker] DEBUG c.g.d.j.JerseyDockerCmdExecFactory$1 - Connection leased: [id: 4][route: {s}->https://Thesis:2376][total kept alive: 1; route allocated: 2 of 2; total allocated: 2 of 20]
02:36:17.770 [Test worker] DEBUG o.a.h.impl.execchain.MainClientExec - Opening connection {s}->https://Thesis:2376
02:36:17.771 [Test worker] DEBUG o.a.h.i.c.DefaultHttpClientConnectionOperator - Connecting to Thesis/127.0.1.1:2376
02:36:17.771 [Test worker] DEBUG o.a.h.c.s.SSLConnectionSocketFactory - Connecting socket to Thesis/127.0.1.1:2376 with timeout 0
02:36:17.782 [Test worker] DEBUG o.a.h.c.s.SSLConnectionSocketFactory - Enabled protocols: [TLSv1]
02:36:17.785 [Test worker] DEBUG o.a.h.c.s.SSLConnectionSocketFactory - Enabled cipher suites:[TLS_ECDHE_ECDSA_WITH_AES_128_CBC_SHA, TLS_ECDHE_RSA_WITH_AES_128_CBC_SHA, TLS_RSA_WITH_AES_128_CBC_SHA, TLS_ECDH_ECDSA_WITH_AES_128_CBC_SHA, TLS_ECDH_RSA_WITH_AES_128_CBC_SHA, TLS_DHE_RSA_WITH_AES_128_CBC_SHA, TLS_DHE_DSS_WITH_AES_128_CBC_SHA, TLS_ECDHE_ECDSA_WITH_3DES_EDE_CBC_SHA, TLS_ECDHE_RSA_WITH_3DES_EDE_CBC_SHA, SSL_RSA_WITH_3DES_EDE_CBC_SHA, TLS_ECDH_ECDSA_WITH_3DES_EDE_CBC_SHA, TLS_ECDH_RSA_WITH_3DES_EDE_CBC_SHA, SSL_DHE_RSA_WITH_3DES_EDE_CBC_SHA, SSL_DHE_DSS_WITH_3DES_EDE_CBC_SHA, TLS_ECDHE_ECDSA_WITH_RC4_128_SHA, TLS_ECDHE_RSA_WITH_RC4_128_SHA, SSL_RSA_WITH_RC4_128_SHA, TLS_ECDH_ECDSA_WITH_RC4_128_SHA, TLS_ECDH_RSA_WITH_RC4_128_SHA, SSL_RSA_WITH_RC4_128_MD5, TLS_EMPTY_RENEGOTIATION_INFO_SCSV]
02:36:17.785 [Test worker] DEBUG o.a.h.c.s.SSLConnectionSocketFactory - Starting handshake
02:36:17.863 [Test worker] DEBUG o.a.h.c.s.SSLConnectionSocketFactory - Secure session established
02:36:17.863 [Test worker] DEBUG o.a.h.c.s.SSLConnectionSocketFactory -  negotiated protocol: TLSv1
02:36:17.864 [Test worker] DEBUG o.a.h.c.s.SSLConnectionSocketFactory -  negotiated cipher suite: TLS_ECDHE_RSA_WITH_AES_128_CBC_SHA
02:36:17.864 [Test worker] DEBUG o.a.h.c.s.SSLConnectionSocketFactory -  peer principal: CN=Thesis
02:36:17.864 [Test worker] DEBUG o.a.h.c.s.SSLConnectionSocketFactory -  issuer principal: EMAILADDRESS=sha@yamil.com, CN=Thesis, OU=Open, O=Fra, L=BER, ST=BER, C=DE
02:36:17.864 [Test worker] DEBUG o.a.h.i.c.DefaultHttpClientConnectionOperator - Connection established 127.0.0.1:41306<->127.0.1.1:2376
02:36:17.864 [Test worker] DEBUG o.a.h.impl.execchain.MainClientExec - Executing request GET /networks/c62b8db2c724418ca4b72b5891e121325422e16a222a921ad8ea3e2034e4b8da HTTP/1.1
02:36:17.865 [Test worker] DEBUG o.a.h.impl.execchain.MainClientExec - Target auth state: UNCHALLENGED
02:36:17.865 [Test worker] DEBUG o.a.h.impl.execchain.MainClientExec - Proxy auth state: UNCHALLENGED
02:36:17.865 [Test worker] DEBUG org.apache.http.headers - http-outgoing-4 >> GET /networks/c62b8db2c724418ca4b72b5891e121325422e16a222a921ad8ea3e2034e4b8da HTTP/1.1
02:36:17.865 [Test worker] DEBUG org.apache.http.headers - http-outgoing-4 >> Accept: application/json
02:36:17.865 [Test worker] DEBUG org.apache.http.headers - http-outgoing-4 >> User-Agent: Jersey/2.23.1 (Apache HttpClient 4.5.1)
02:36:17.866 [Test worker] DEBUG org.apache.http.headers - http-outgoing-4 >> Host: Thesis:2376
02:36:17.866 [Test worker] DEBUG org.apache.http.headers - http-outgoing-4 >> Connection: Keep-Alive
02:36:17.866 [Test worker] DEBUG org.apache.http.headers - http-outgoing-4 >> Accept-Encoding: gzip,deflate
02:36:17.866 [Test worker] DEBUG org.apache.http.wire - http-outgoing-4 >> "GET /networks/c62b8db2c724418ca4b72b5891e121325422e16a222a921ad8ea3e2034e4b8da HTTP/1.1[\r][\n]"
02:36:17.866 [Test worker] DEBUG org.apache.http.wire - http-outgoing-4 >> "Accept: application/json[\r][\n]"
02:36:17.866 [Test worker] DEBUG org.apache.http.wire - http-outgoing-4 >> "User-Agent: Jersey/2.23.1 (Apache HttpClient 4.5.1)[\r][\n]"
02:36:17.867 [Test worker] DEBUG org.apache.http.wire - http-outgoing-4 >> "Host: Thesis:2376[\r][\n]"
02:36:17.867 [Test worker] DEBUG org.apache.http.wire - http-outgoing-4 >> "Connection: Keep-Alive[\r][\n]"
02:36:17.867 [Test worker] DEBUG org.apache.http.wire - http-outgoing-4 >> "Accept-Encoding: gzip,deflate[\r][\n]"
02:36:17.867 [Test worker] DEBUG org.apache.http.wire - http-outgoing-4 >> "[\r][\n]"
02:36:17.868 [Test worker] DEBUG org.apache.http.wire - http-outgoing-4 << "H"
02:36:17.868 [Test worker] DEBUG org.apache.http.wire - http-outgoing-4 << "TTP/1.1 200 OK[\r][\n]"
02:36:17.868 [Test worker] DEBUG org.apache.http.wire - http-outgoing-4 << "Content-Type: application/json[\r][\n]"
02:36:17.869 [Test worker] DEBUG org.apache.http.wire - http-outgoing-4 << "Server: Docker/1.12.3 (linux)[\r][\n]"
02:36:17.869 [Test worker] DEBUG org.apache.http.wire - http-outgoing-4 << "Date: Tue, 03 Jan 2017 01:36:17 GMT[\r][\n]"
02:36:17.869 [Test worker] DEBUG org.apache.http.wire - http-outgoing-4 << "Content-Length: 311[\r][\n]"
02:36:17.869 [Test worker] DEBUG org.apache.http.wire - http-outgoing-4 << "[\r][\n]"
02:36:17.869 [Test worker] DEBUG org.apache.http.wire - http-outgoing-4 << "{"Name":"MyNetwork","Id":"c62b8db2c724418ca4b72b5891e121325422e16a222a921ad8ea3e2034e4b8da","Scope":"local","Driver":"bridge","EnableIPv6":false,"IPAM":{"Driver":"default","Options":null,"Config":[{"Subnet":"172.18.0.0/16","Gateway":"172.18.0.1/16"}]},"Internal":false,"Containers":{},"Options":{},"Labels":{}}[\n]"
02:36:17.870 [Test worker] DEBUG org.apache.http.headers - http-outgoing-4 << HTTP/1.1 200 OK
02:36:17.870 [Test worker] DEBUG org.apache.http.headers - http-outgoing-4 << Content-Type: application/json
02:36:17.870 [Test worker] DEBUG org.apache.http.headers - http-outgoing-4 << Server: Docker/1.12.3 (linux)
02:36:17.870 [Test worker] DEBUG org.apache.http.headers - http-outgoing-4 << Date: Tue, 03 Jan 2017 01:36:17 GMT
02:36:17.870 [Test worker] DEBUG org.apache.http.headers - http-outgoing-4 << Content-Length: 311
02:36:17.870 [Test worker] DEBUG o.a.h.impl.execchain.MainClientExec - Connection can be kept alive indefinitely
02:36:17.871 [Test worker] DEBUG c.g.d.j.JerseyDockerCmdExecFactory - 10 * Client response received on thread Test worker
10 < 200
10 < Content-Length: 311
10 < Content-Type: application/json
10 < Date: Tue, 03 Jan 2017 01:36:17 GMT
10 < Server: Docker/1.12.3 (linux)
{"Name":"MyNetwork","Id":"c62b8db2c724418ca4b72b5891e121325422e16a222a921ad8ea3e2034e4b8da","Scope":"local","Driver":"bridge","EnableIPv6":false,"IPAM":{"Driver":"default","Options":null,"Config":[{"Subnet":"172.18.0.0/16","Gateway":"172.18.0.1/16"}]},"Internal":false,"Containers":{},"Options":{},"Labels":{}}


02:36:17.873 [Test worker] DEBUG o.a.h.i.c.DefaultManagedHttpClientConnection - http-outgoing-4: Close connection
02:36:17.874 [Test worker] DEBUG o.a.h.impl.execchain.MainClientExec - Connection discarded
02:36:17.874 [Test worker] DEBUG c.g.d.j.JerseyDockerCmdExecFactory$1 - Connection released: [id: 4][route: {s}->https://Thesis:2376][total kept alive: 1; route allocated: 1 of 2; total allocated: 1 of 20]
02:36:17.875 [Test worker] DEBUG org.openbaton.docker.DockerVim - Network successfully created
02:36:17.875 [Test worker] DEBUG c.g.d.core.command.AbstrDockerCmd - Cmd: com.github.dockerjava.core.util.FiltersBuilder@0,com.github.dockerjava.jaxrs.ListNetworksCmdExec@1f8b0ed2
02:36:17.876 [Test worker] DEBUG c.g.d.j.JerseyDockerCmdExecFactory - 11 * Sending client request on thread Test worker
11 > GET https://Thesis:2376/networks
11 > Accept: application/json

02:36:17.877 [Test worker] DEBUG o.a.h.c.protocol.RequestAddCookies - CookieSpec selected: default
02:36:17.877 [Test worker] DEBUG o.a.h.c.protocol.RequestAuthCache - Auth cache not set in the context
02:36:17.878 [Test worker] DEBUG c.g.d.j.JerseyDockerCmdExecFactory$1 - Connection request: [route: {s}->https://Thesis:2376][total kept alive: 1; route allocated: 1 of 2; total allocated: 1 of 20]
02:36:17.878 [Test worker] DEBUG c.g.d.j.JerseyDockerCmdExecFactory$1 - Connection leased: [id: 5][route: {s}->https://Thesis:2376][total kept alive: 1; route allocated: 2 of 2; total allocated: 2 of 20]
02:36:17.878 [Test worker] DEBUG o.a.h.impl.execchain.MainClientExec - Opening connection {s}->https://Thesis:2376
02:36:17.878 [Test worker] DEBUG o.a.h.i.c.DefaultHttpClientConnectionOperator - Connecting to Thesis/127.0.1.1:2376
02:36:17.879 [Test worker] DEBUG o.a.h.c.s.SSLConnectionSocketFactory - Connecting socket to Thesis/127.0.1.1:2376 with timeout 0
02:36:17.881 [Test worker] DEBUG o.a.h.c.s.SSLConnectionSocketFactory - Enabled protocols: [TLSv1]
02:36:17.881 [Test worker] DEBUG o.a.h.c.s.SSLConnectionSocketFactory - Enabled cipher suites:[TLS_ECDHE_ECDSA_WITH_AES_128_CBC_SHA, TLS_ECDHE_RSA_WITH_AES_128_CBC_SHA, TLS_RSA_WITH_AES_128_CBC_SHA, TLS_ECDH_ECDSA_WITH_AES_128_CBC_SHA, TLS_ECDH_RSA_WITH_AES_128_CBC_SHA, TLS_DHE_RSA_WITH_AES_128_CBC_SHA, TLS_DHE_DSS_WITH_AES_128_CBC_SHA, TLS_ECDHE_ECDSA_WITH_3DES_EDE_CBC_SHA, TLS_ECDHE_RSA_WITH_3DES_EDE_CBC_SHA, SSL_RSA_WITH_3DES_EDE_CBC_SHA, TLS_ECDH_ECDSA_WITH_3DES_EDE_CBC_SHA, TLS_ECDH_RSA_WITH_3DES_EDE_CBC_SHA, SSL_DHE_RSA_WITH_3DES_EDE_CBC_SHA, SSL_DHE_DSS_WITH_3DES_EDE_CBC_SHA, TLS_ECDHE_ECDSA_WITH_RC4_128_SHA, TLS_ECDHE_RSA_WITH_RC4_128_SHA, SSL_RSA_WITH_RC4_128_SHA, TLS_ECDH_ECDSA_WITH_RC4_128_SHA, TLS_ECDH_RSA_WITH_RC4_128_SHA, SSL_RSA_WITH_RC4_128_MD5, TLS_EMPTY_RENEGOTIATION_INFO_SCSV]
02:36:17.882 [Test worker] DEBUG o.a.h.c.s.SSLConnectionSocketFactory - Starting handshake
02:36:17.959 [Test worker] DEBUG o.a.h.c.s.SSLConnectionSocketFactory - Secure session established
02:36:17.959 [Test worker] DEBUG o.a.h.c.s.SSLConnectionSocketFactory -  negotiated protocol: TLSv1
02:36:17.960 [Test worker] DEBUG o.a.h.c.s.SSLConnectionSocketFactory -  negotiated cipher suite: TLS_ECDHE_RSA_WITH_AES_128_CBC_SHA
02:36:17.960 [Test worker] DEBUG o.a.h.c.s.SSLConnectionSocketFactory -  peer principal: CN=Thesis
02:36:17.960 [Test worker] DEBUG o.a.h.c.s.SSLConnectionSocketFactory -  issuer principal: EMAILADDRESS=sha@yamil.com, CN=Thesis, OU=Open, O=Fra, L=BER, ST=BER, C=DE
02:36:17.960 [Test worker] DEBUG o.a.h.i.c.DefaultHttpClientConnectionOperator - Connection established 127.0.0.1:41308<->127.0.1.1:2376
02:36:17.960 [Test worker] DEBUG o.a.h.impl.execchain.MainClientExec - Executing request GET /networks HTTP/1.1
02:36:17.961 [Test worker] DEBUG o.a.h.impl.execchain.MainClientExec - Target auth state: UNCHALLENGED
02:36:17.961 [Test worker] DEBUG o.a.h.impl.execchain.MainClientExec - Proxy auth state: UNCHALLENGED
02:36:17.961 [Test worker] DEBUG org.apache.http.headers - http-outgoing-5 >> GET /networks HTTP/1.1
02:36:17.961 [Test worker] DEBUG org.apache.http.headers - http-outgoing-5 >> Accept: application/json
02:36:17.961 [Test worker] DEBUG org.apache.http.headers - http-outgoing-5 >> User-Agent: Jersey/2.23.1 (Apache HttpClient 4.5.1)
02:36:17.962 [Test worker] DEBUG org.apache.http.headers - http-outgoing-5 >> Host: Thesis:2376
02:36:17.962 [Test worker] DEBUG org.apache.http.headers - http-outgoing-5 >> Connection: Keep-Alive
02:36:17.962 [Test worker] DEBUG org.apache.http.headers - http-outgoing-5 >> Accept-Encoding: gzip,deflate
02:36:17.962 [Test worker] DEBUG org.apache.http.wire - http-outgoing-5 >> "GET /networks HTTP/1.1[\r][\n]"
02:36:17.962 [Test worker] DEBUG org.apache.http.wire - http-outgoing-5 >> "Accept: application/json[\r][\n]"
02:36:17.962 [Test worker] DEBUG org.apache.http.wire - http-outgoing-5 >> "User-Agent: Jersey/2.23.1 (Apache HttpClient 4.5.1)[\r][\n]"
02:36:17.963 [Test worker] DEBUG org.apache.http.wire - http-outgoing-5 >> "Host: Thesis:2376[\r][\n]"
02:36:17.963 [Test worker] DEBUG org.apache.http.wire - http-outgoing-5 >> "Connection: Keep-Alive[\r][\n]"
02:36:17.963 [Test worker] DEBUG org.apache.http.wire - http-outgoing-5 >> "Accept-Encoding: gzip,deflate[\r][\n]"
02:36:17.963 [Test worker] DEBUG org.apache.http.wire - http-outgoing-5 >> "[\r][\n]"
02:36:17.964 [Test worker] DEBUG org.apache.http.wire - http-outgoing-5 << "H"
02:36:17.964 [Test worker] DEBUG org.apache.http.wire - http-outgoing-5 << "TTP/1.1 200 OK[\r][\n]"
02:36:17.964 [Test worker] DEBUG org.apache.http.wire - http-outgoing-5 << "Content-Type: application/json[\r][\n]"
02:36:17.965 [Test worker] DEBUG org.apache.http.wire - http-outgoing-5 << "Server: Docker/1.12.3 (linux)[\r][\n]"
02:36:17.965 [Test worker] DEBUG org.apache.http.wire - http-outgoing-5 << "Date: Tue, 03 Jan 2017 01:36:17 GMT[\r][\n]"
02:36:17.965 [Test worker] DEBUG org.apache.http.wire - http-outgoing-5 << "Content-Length: 1411[\r][\n]"
02:36:17.965 [Test worker] DEBUG org.apache.http.wire - http-outgoing-5 << "[\r][\n]"
02:36:17.965 [Test worker] DEBUG org.apache.http.wire - http-outgoing-5 << "[{"Name":"MyNetwork","Id":"c62b8db2c724418ca4b72b5891e121325422e16a222a921ad8ea3e2034e4b8da","Scope":"local","Driver":"bridge","EnableIPv6":false,"IPAM":{"Driver":"default","Options":null,"Config":[{"Subnet":"172.18.0.0/16","Gateway":"172.18.0.1/16"}]},"Internal":false,"Containers":{},"Options":{},"Labels":{}},{"Name":"none","Id":"4d89c194eb79cd2beb38458d10a1b98c74d6b8462af72afde29ae7aca53ed5ca","Scope":"local","Driver":"null","EnableIPv6":false,"IPAM":{"Driver":"default","Options":null,"Config":[]},"Internal":false,"Containers":{},"Options":{},"Labels":{}},{"Name":"bridge","Id":"e0d36057aa1769e9fd52ba88be81b698b495f9b6b4946d0f98f24d971a27fc98","Scope":"local","Driver":"bridge","EnableIPv6":false,"IPAM":{"Driver":"default","Options":null,"Config":[{"Subnet":"172.17.0.0/16","Gateway":"172.17.0.1"}]},"Internal":false,"Containers":{},"Options":{"com.docker.network.bridge.default_bridge":"true","com.docker.network.bridge.enable_icc":"true","com.docker.network.bridge.enable_ip_masquerade":"true","com.docker.network.bridge.host_binding_ipv4":"0.0.0.0","com.docker.network.bridge.name":"docker0","com.docker.network.driver.mtu":"1500"},"Labels":{}},{"Name":"host","Id":"fe042b0866671b5be4f097ba43830c0a02959c058702d18e18c14a24d88a357d","Scope":"local","Driver":"host","EnableIPv6":false,"IPAM":{"Driver":"default","Options":null,"Config":[]},"Internal":false,"Containers":{},"Options":{},"Labels":{}}][\n]"
02:36:17.966 [Test worker] DEBUG org.apache.http.headers - http-outgoing-5 << HTTP/1.1 200 OK
02:36:17.966 [Test worker] DEBUG org.apache.http.headers - http-outgoing-5 << Content-Type: application/json
02:36:17.966 [Test worker] DEBUG org.apache.http.headers - http-outgoing-5 << Server: Docker/1.12.3 (linux)
02:36:17.966 [Test worker] DEBUG org.apache.http.headers - http-outgoing-5 << Date: Tue, 03 Jan 2017 01:36:17 GMT
02:36:17.966 [Test worker] DEBUG org.apache.http.headers - http-outgoing-5 << Content-Length: 1411
02:36:17.966 [Test worker] DEBUG o.a.h.impl.execchain.MainClientExec - Connection can be kept alive indefinitely
02:36:17.967 [Test worker] DEBUG c.g.d.j.JerseyDockerCmdExecFactory - 12 * Client response received on thread Test worker
12 < 200
12 < Content-Length: 1411
12 < Content-Type: application/json
12 < Date: Tue, 03 Jan 2017 01:36:17 GMT
12 < Server: Docker/1.12.3 (linux)
[{"Name":"MyNetwork","Id":"c62b8db2c724418ca4b72b5891e121325422e16a222a921ad8ea3e2034e4b8da","Scope":"local","Driver":"bridge","EnableIPv6":false,"IPAM":{"Driver":"default","Options":null,"Config":[{"Subnet":"172.18.0.0/16","Gateway":"172.18.0.1/16"}]},"Internal":false,"Containers":{},"Options":{},"Labels":{}},{"Name":"none","Id":"4d89c194eb79cd2beb38458d10a1b98c74d6b8462af72afde29ae7aca53ed5ca","Scope":"local","Driver":"null","EnableIPv6":false,"IPAM":{"Driver":"default","Options":null,"Config":[]},"Internal":false,"Containers":{},"Options":{},"Labels":{}},{"Name":"bridge","Id":"e0d36057aa1769e9fd52ba88be81b698b495f9b6b4946d0f98f24d971a27fc98","Scope":"local","Driver":"bridge","EnableIPv6":false,"IPAM":{"Driver":"default","Options":null,"Config":[{"Subnet":"172.17.0.0/16","Gateway":"172.17.0.1"}]},"Internal":false,"Containers":{},"Options":{"com.docker.network.bridge.default_bridge":"true","com.docker.network.bridge.enable_icc":"true","com.docker.network.bridge.enable_ip_masquerade":"true","com.docker.network.bridge.host_binding_ipv4":"0.0.0.0","com.docker.network.bridge.name":"docker0","com.docker.network.driver.mtu":"1500"},"Labels":{}},{"Name":"host","Id":"fe042b0866671b5be4f097ba43830c0a02959c058702d18e18c14a24d88a357d","Scope":"local","Driver":"host","EnableIPv6":false,"IPAM":{"Driver":"default","Options":null,"Config":[]},"Internal":false,"Containers":{},"Options":{},"Labels":{}}]


02:36:17.969 [Test worker] DEBUG o.a.h.i.c.DefaultManagedHttpClientConnection - http-outgoing-5: Close connection
02:36:17.969 [Test worker] DEBUG o.a.h.impl.execchain.MainClientExec - Connection discarded
02:36:17.969 [Test worker] DEBUG c.g.d.j.JerseyDockerCmdExecFactory$1 - Connection released: [id: 5][route: {s}->https://Thesis:2376][total kept alive: 1; route allocated: 1 of 2; total allocated: 1 of 20]
02:36:17.970 [Test worker] DEBUG org.openbaton.docker.DockerVim - Found a docker network, transformed into a NFV network Network{id='c62b8db2c724418ca4b72b5891e121325422e16a222a921ad8ea3e2034e4b8da', name='MyNetwork', extId='null', external=false, shared=false, subnets=[Subnet{id='null', version=0, name='bridge', extId='null', networkId='172.18.0.0/16', cidr='null', gatewayIp='172.18.0.1/16'}]}
02:36:17.970 [Test worker] DEBUG c.g.d.core.command.AbstrDockerCmd - Cmd: c62b8db2c724418ca4b72b5891e121325422e16a222a921ad8ea3e2034e4b8da,com.github.dockerjava.jaxrs.RemoveNetworkCmdExec@381fd5f4
02:36:17.971 [Test worker] DEBUG c.g.d.j.JerseyDockerCmdExecFactory - 13 * Sending client request on thread Test worker
13 > DELETE https://Thesis:2376/networks/c62b8db2c724418ca4b72b5891e121325422e16a222a921ad8ea3e2034e4b8da
13 > Accept: application/json

02:36:17.973 [Test worker] DEBUG o.a.h.c.protocol.RequestAddCookies - CookieSpec selected: default
02:36:17.973 [Test worker] DEBUG o.a.h.c.protocol.RequestAuthCache - Auth cache not set in the context
02:36:17.973 [Test worker] DEBUG c.g.d.j.JerseyDockerCmdExecFactory$1 - Connection request: [route: {s}->https://Thesis:2376][total kept alive: 1; route allocated: 1 of 2; total allocated: 1 of 20]
02:36:17.973 [Test worker] DEBUG c.g.d.j.JerseyDockerCmdExecFactory$1 - Connection leased: [id: 6][route: {s}->https://Thesis:2376][total kept alive: 1; route allocated: 2 of 2; total allocated: 2 of 20]
02:36:17.974 [Test worker] DEBUG o.a.h.impl.execchain.MainClientExec - Opening connection {s}->https://Thesis:2376
02:36:17.974 [Test worker] DEBUG o.a.h.i.c.DefaultHttpClientConnectionOperator - Connecting to Thesis/127.0.1.1:2376
02:36:17.974 [Test worker] DEBUG o.a.h.c.s.SSLConnectionSocketFactory - Connecting socket to Thesis/127.0.1.1:2376 with timeout 0
02:36:17.976 [Test worker] DEBUG o.a.h.c.s.SSLConnectionSocketFactory - Enabled protocols: [TLSv1]
02:36:17.976 [Test worker] DEBUG o.a.h.c.s.SSLConnectionSocketFactory - Enabled cipher suites:[TLS_ECDHE_ECDSA_WITH_AES_128_CBC_SHA, TLS_ECDHE_RSA_WITH_AES_128_CBC_SHA, TLS_RSA_WITH_AES_128_CBC_SHA, TLS_ECDH_ECDSA_WITH_AES_128_CBC_SHA, TLS_ECDH_RSA_WITH_AES_128_CBC_SHA, TLS_DHE_RSA_WITH_AES_128_CBC_SHA, TLS_DHE_DSS_WITH_AES_128_CBC_SHA, TLS_ECDHE_ECDSA_WITH_3DES_EDE_CBC_SHA, TLS_ECDHE_RSA_WITH_3DES_EDE_CBC_SHA, SSL_RSA_WITH_3DES_EDE_CBC_SHA, TLS_ECDH_ECDSA_WITH_3DES_EDE_CBC_SHA, TLS_ECDH_RSA_WITH_3DES_EDE_CBC_SHA, SSL_DHE_RSA_WITH_3DES_EDE_CBC_SHA, SSL_DHE_DSS_WITH_3DES_EDE_CBC_SHA, TLS_ECDHE_ECDSA_WITH_RC4_128_SHA, TLS_ECDHE_RSA_WITH_RC4_128_SHA, SSL_RSA_WITH_RC4_128_SHA, TLS_ECDH_ECDSA_WITH_RC4_128_SHA, TLS_ECDH_RSA_WITH_RC4_128_SHA, SSL_RSA_WITH_RC4_128_MD5, TLS_EMPTY_RENEGOTIATION_INFO_SCSV]
02:36:17.976 [Test worker] DEBUG o.a.h.c.s.SSLConnectionSocketFactory - Starting handshake
02:36:18.067 [Test worker] DEBUG o.a.h.c.s.SSLConnectionSocketFactory - Secure session established
02:36:18.067 [Test worker] DEBUG o.a.h.c.s.SSLConnectionSocketFactory -  negotiated protocol: TLSv1
02:36:18.068 [Test worker] DEBUG o.a.h.c.s.SSLConnectionSocketFactory -  negotiated cipher suite: TLS_ECDHE_RSA_WITH_AES_128_CBC_SHA
02:36:18.068 [Test worker] DEBUG o.a.h.c.s.SSLConnectionSocketFactory -  peer principal: CN=Thesis
02:36:18.068 [Test worker] DEBUG o.a.h.c.s.SSLConnectionSocketFactory -  issuer principal: EMAILADDRESS=sha@yamil.com, CN=Thesis, OU=Open, O=Fra, L=BER, ST=BER, C=DE
02:36:18.068 [Test worker] DEBUG o.a.h.i.c.DefaultHttpClientConnectionOperator - Connection established 127.0.0.1:41310<->127.0.1.1:2376
02:36:18.068 [Test worker] DEBUG o.a.h.impl.execchain.MainClientExec - Executing request DELETE /networks/c62b8db2c724418ca4b72b5891e121325422e16a222a921ad8ea3e2034e4b8da HTTP/1.1
02:36:18.069 [Test worker] DEBUG o.a.h.impl.execchain.MainClientExec - Target auth state: UNCHALLENGED
02:36:18.069 [Test worker] DEBUG o.a.h.impl.execchain.MainClientExec - Proxy auth state: UNCHALLENGED
02:36:18.069 [Test worker] DEBUG org.apache.http.headers - http-outgoing-6 >> DELETE /networks/c62b8db2c724418ca4b72b5891e121325422e16a222a921ad8ea3e2034e4b8da HTTP/1.1
02:36:18.069 [Test worker] DEBUG org.apache.http.headers - http-outgoing-6 >> Accept: application/json
02:36:18.069 [Test worker] DEBUG org.apache.http.headers - http-outgoing-6 >> User-Agent: Jersey/2.23.1 (Apache HttpClient 4.5.1)
02:36:18.069 [Test worker] DEBUG org.apache.http.headers - http-outgoing-6 >> Host: Thesis:2376
02:36:18.070 [Test worker] DEBUG org.apache.http.headers - http-outgoing-6 >> Connection: Keep-Alive
02:36:18.070 [Test worker] DEBUG org.apache.http.headers - http-outgoing-6 >> Accept-Encoding: gzip,deflate
02:36:18.070 [Test worker] DEBUG org.apache.http.wire - http-outgoing-6 >> "DELETE /networks/c62b8db2c724418ca4b72b5891e121325422e16a222a921ad8ea3e2034e4b8da HTTP/1.1[\r][\n]"
02:36:18.070 [Test worker] DEBUG org.apache.http.wire - http-outgoing-6 >> "Accept: application/json[\r][\n]"
02:36:18.070 [Test worker] DEBUG org.apache.http.wire - http-outgoing-6 >> "User-Agent: Jersey/2.23.1 (Apache HttpClient 4.5.1)[\r][\n]"
02:36:18.070 [Test worker] DEBUG org.apache.http.wire - http-outgoing-6 >> "Host: Thesis:2376[\r][\n]"
02:36:18.071 [Test worker] DEBUG org.apache.http.wire - http-outgoing-6 >> "Connection: Keep-Alive[\r][\n]"
02:36:18.071 [Test worker] DEBUG org.apache.http.wire - http-outgoing-6 >> "Accept-Encoding: gzip,deflate[\r][\n]"
02:36:18.071 [Test worker] DEBUG org.apache.http.wire - http-outgoing-6 >> "[\r][\n]"
02:36:18.147 [Test worker] DEBUG org.apache.http.wire - http-outgoing-6 << "H"
02:36:18.148 [Test worker] DEBUG org.apache.http.wire - http-outgoing-6 << "TTP/1.1 204 No Content[\r][\n]"
02:36:18.148 [Test worker] DEBUG org.apache.http.wire - http-outgoing-6 << "Server: Docker/1.12.3 (linux)[\r][\n]"
02:36:18.148 [Test worker] DEBUG org.apache.http.wire - http-outgoing-6 << "Date: Tue, 03 Jan 2017 01:36:18 GMT[\r][\n]"
02:36:18.148 [Test worker] DEBUG org.apache.http.wire - http-outgoing-6 << "[\r][\n]"
02:36:18.148 [Test worker] DEBUG org.apache.http.headers - http-outgoing-6 << HTTP/1.1 204 No Content
02:36:18.148 [Test worker] DEBUG org.apache.http.headers - http-outgoing-6 << Server: Docker/1.12.3 (linux)
02:36:18.148 [Test worker] DEBUG org.apache.http.headers - http-outgoing-6 << Date: Tue, 03 Jan 2017 01:36:18 GMT
02:36:18.148 [Test worker] DEBUG o.a.h.impl.execchain.MainClientExec - Connection can be kept alive indefinitely
02:36:18.148 [Test worker] DEBUG c.g.d.j.JerseyDockerCmdExecFactory$1 - Connection [id: 6][route: {s}->https://Thesis:2376][state: CN=Thesis] can be kept alive indefinitely
02:36:18.148 [Test worker] DEBUG c.g.d.j.JerseyDockerCmdExecFactory$1 - Connection released: [id: 6][route: {s}->https://Thesis:2376][state: CN=Thesis][total kept alive: 2; route allocated: 2 of 2; total allocated: 2 of 20]
02:36:18.149 [Test worker] DEBUG c.g.d.j.JerseyDockerCmdExecFactory - 14 * Client response received on thread Test worker
14 < 204
14 < Date: Tue, 03 Jan 2017 01:36:18 GMT
14 < Server: Docker/1.12.3 (linux)

02:36:18.149 [Test worker] INFO  org.openbaton.docker.DockerVim - Network 'c62b8db2c724418ca4b72b5891e121325422e16a222a921ad8ea3e2034e4b8da' deleted successfully
02:36:18.149 [Test worker] DEBUG c.g.d.core.command.AbstrDockerCmd - Cmd: com.github.dockerjava.core.util.FiltersBuilder@0,com.github.dockerjava.jaxrs.ListNetworksCmdExec@65cca60
02:36:18.150 [Test worker] DEBUG c.g.d.j.JerseyDockerCmdExecFactory - 15 * Sending client request on thread Test worker
15 > GET https://Thesis:2376/networks
15 > Accept: application/json

02:36:18.150 [Test worker] DEBUG o.a.h.c.protocol.RequestAddCookies - CookieSpec selected: default
02:36:18.150 [Test worker] DEBUG o.a.h.c.protocol.RequestAuthCache - Auth cache not set in the context
02:36:18.150 [Test worker] DEBUG c.g.d.j.JerseyDockerCmdExecFactory$1 - Connection request: [route: {s}->https://Thesis:2376][total kept alive: 2; route allocated: 2 of 2; total allocated: 2 of 20]
02:36:18.150 [Test worker] DEBUG o.a.h.i.c.DefaultManagedHttpClientConnection - http-outgoing-0: Close connection
02:36:18.150 [Test worker] DEBUG c.g.d.j.JerseyDockerCmdExecFactory$1 - Connection leased: [id: 7][route: {s}->https://Thesis:2376][total kept alive: 1; route allocated: 2 of 2; total allocated: 2 of 20]
02:36:18.150 [Test worker] DEBUG o.a.h.impl.execchain.MainClientExec - Opening connection {s}->https://Thesis:2376
02:36:18.150 [Test worker] DEBUG o.a.h.i.c.DefaultHttpClientConnectionOperator - Connecting to Thesis/127.0.1.1:2376
02:36:18.150 [Test worker] DEBUG o.a.h.c.s.SSLConnectionSocketFactory - Connecting socket to Thesis/127.0.1.1:2376 with timeout 0
02:36:18.153 [Test worker] DEBUG o.a.h.c.s.SSLConnectionSocketFactory - Enabled protocols: [TLSv1]
02:36:18.154 [Test worker] DEBUG o.a.h.c.s.SSLConnectionSocketFactory - Enabled cipher suites:[TLS_ECDHE_ECDSA_WITH_AES_128_CBC_SHA, TLS_ECDHE_RSA_WITH_AES_128_CBC_SHA, TLS_RSA_WITH_AES_128_CBC_SHA, TLS_ECDH_ECDSA_WITH_AES_128_CBC_SHA, TLS_ECDH_RSA_WITH_AES_128_CBC_SHA, TLS_DHE_RSA_WITH_AES_128_CBC_SHA, TLS_DHE_DSS_WITH_AES_128_CBC_SHA, TLS_ECDHE_ECDSA_WITH_3DES_EDE_CBC_SHA, TLS_ECDHE_RSA_WITH_3DES_EDE_CBC_SHA, SSL_RSA_WITH_3DES_EDE_CBC_SHA, TLS_ECDH_ECDSA_WITH_3DES_EDE_CBC_SHA, TLS_ECDH_RSA_WITH_3DES_EDE_CBC_SHA, SSL_DHE_RSA_WITH_3DES_EDE_CBC_SHA, SSL_DHE_DSS_WITH_3DES_EDE_CBC_SHA, TLS_ECDHE_ECDSA_WITH_RC4_128_SHA, TLS_ECDHE_RSA_WITH_RC4_128_SHA, SSL_RSA_WITH_RC4_128_SHA, TLS_ECDH_ECDSA_WITH_RC4_128_SHA, TLS_ECDH_RSA_WITH_RC4_128_SHA, SSL_RSA_WITH_RC4_128_MD5, TLS_EMPTY_RENEGOTIATION_INFO_SCSV]
02:36:18.154 [Test worker] DEBUG o.a.h.c.s.SSLConnectionSocketFactory - Starting handshake
02:36:18.225 [Test worker] DEBUG o.a.h.c.s.SSLConnectionSocketFactory - Secure session established
02:36:18.226 [Test worker] DEBUG o.a.h.c.s.SSLConnectionSocketFactory -  negotiated protocol: TLSv1
02:36:18.226 [Test worker] DEBUG o.a.h.c.s.SSLConnectionSocketFactory -  negotiated cipher suite: TLS_ECDHE_RSA_WITH_AES_128_CBC_SHA
02:36:18.226 [Test worker] DEBUG o.a.h.c.s.SSLConnectionSocketFactory -  peer principal: CN=Thesis
02:36:18.227 [Test worker] DEBUG o.a.h.c.s.SSLConnectionSocketFactory -  issuer principal: EMAILADDRESS=sha@yamil.com, CN=Thesis, OU=Open, O=Fra, L=BER, ST=BER, C=DE
02:36:18.227 [Test worker] DEBUG o.a.h.i.c.DefaultHttpClientConnectionOperator - Connection established 127.0.0.1:41312<->127.0.1.1:2376
02:36:18.227 [Test worker] DEBUG o.a.h.impl.execchain.MainClientExec - Executing request GET /networks HTTP/1.1
02:36:18.227 [Test worker] DEBUG o.a.h.impl.execchain.MainClientExec - Target auth state: UNCHALLENGED
02:36:18.228 [Test worker] DEBUG o.a.h.impl.execchain.MainClientExec - Proxy auth state: UNCHALLENGED
02:36:18.228 [Test worker] DEBUG org.apache.http.headers - http-outgoing-7 >> GET /networks HTTP/1.1
02:36:18.228 [Test worker] DEBUG org.apache.http.headers - http-outgoing-7 >> Accept: application/json
02:36:18.228 [Test worker] DEBUG org.apache.http.headers - http-outgoing-7 >> User-Agent: Jersey/2.23.1 (Apache HttpClient 4.5.1)
02:36:18.228 [Test worker] DEBUG org.apache.http.headers - http-outgoing-7 >> Host: Thesis:2376
02:36:18.228 [Test worker] DEBUG org.apache.http.headers - http-outgoing-7 >> Connection: Keep-Alive
02:36:18.229 [Test worker] DEBUG org.apache.http.headers - http-outgoing-7 >> Accept-Encoding: gzip,deflate
02:36:18.229 [Test worker] DEBUG org.apache.http.wire - http-outgoing-7 >> "GET /networks HTTP/1.1[\r][\n]"
02:36:18.229 [Test worker] DEBUG org.apache.http.wire - http-outgoing-7 >> "Accept: application/json[\r][\n]"
02:36:18.229 [Test worker] DEBUG org.apache.http.wire - http-outgoing-7 >> "User-Agent: Jersey/2.23.1 (Apache HttpClient 4.5.1)[\r][\n]"
02:36:18.229 [Test worker] DEBUG org.apache.http.wire - http-outgoing-7 >> "Host: Thesis:2376[\r][\n]"
02:36:18.229 [Test worker] DEBUG org.apache.http.wire - http-outgoing-7 >> "Connection: Keep-Alive[\r][\n]"
02:36:18.230 [Test worker] DEBUG org.apache.http.wire - http-outgoing-7 >> "Accept-Encoding: gzip,deflate[\r][\n]"
02:36:18.230 [Test worker] DEBUG org.apache.http.wire - http-outgoing-7 >> "[\r][\n]"
02:36:18.230 [Test worker] DEBUG org.apache.http.wire - http-outgoing-7 << "H"
02:36:18.231 [Test worker] DEBUG org.apache.http.wire - http-outgoing-7 << "TTP/1.1 200 OK[\r][\n]"
02:36:18.231 [Test worker] DEBUG org.apache.http.wire - http-outgoing-7 << "Content-Type: application/json[\r][\n]"
02:36:18.231 [Test worker] DEBUG org.apache.http.wire - http-outgoing-7 << "Server: Docker/1.12.3 (linux)[\r][\n]"
02:36:18.231 [Test worker] DEBUG org.apache.http.wire - http-outgoing-7 << "Date: Tue, 03 Jan 2017 01:36:18 GMT[\r][\n]"
02:36:18.232 [Test worker] DEBUG org.apache.http.wire - http-outgoing-7 << "Content-Length: 1100[\r][\n]"
02:36:18.232 [Test worker] DEBUG org.apache.http.wire - http-outgoing-7 << "[\r][\n]"
02:36:18.233 [Test worker] DEBUG org.apache.http.wire - http-outgoing-7 << "[{"Name":"none","Id":"4d89c194eb79cd2beb38458d10a1b98c74d6b8462af72afde29ae7aca53ed5ca","Scope":"local","Driver":"null","EnableIPv6":false,"IPAM":{"Driver":"default","Options":null,"Config":[]},"Internal":false,"Containers":{},"Options":{},"Labels":{}},{"Name":"bridge","Id":"e0d36057aa1769e9fd52ba88be81b698b495f9b6b4946d0f98f24d971a27fc98","Scope":"local","Driver":"bridge","EnableIPv6":false,"IPAM":{"Driver":"default","Options":null,"Config":[{"Subnet":"172.17.0.0/16","Gateway":"172.17.0.1"}]},"Internal":false,"Containers":{},"Options":{"com.docker.network.bridge.default_bridge":"true","com.docker.network.bridge.enable_icc":"true","com.docker.network.bridge.enable_ip_masquerade":"true","com.docker.network.bridge.host_binding_ipv4":"0.0.0.0","com.docker.network.bridge.name":"docker0","com.docker.network.driver.mtu":"1500"},"Labels":{}},{"Name":"host","Id":"fe042b0866671b5be4f097ba43830c0a02959c058702d18e18c14a24d88a357d","Scope":"local","Driver":"host","EnableIPv6":false,"IPAM":{"Driver":"default","Options":null,"Config":[]},"Internal":false,"Containers":{},"Options":{},"Labels":{}}][\n]"
02:36:18.234 [Test worker] DEBUG org.apache.http.headers - http-outgoing-7 << HTTP/1.1 200 OK
02:36:18.234 [Test worker] DEBUG org.apache.http.headers - http-outgoing-7 << Content-Type: application/json
02:36:18.234 [Test worker] DEBUG org.apache.http.headers - http-outgoing-7 << Server: Docker/1.12.3 (linux)
02:36:18.234 [Test worker] DEBUG org.apache.http.headers - http-outgoing-7 << Date: Tue, 03 Jan 2017 01:36:18 GMT
02:36:18.234 [Test worker] DEBUG org.apache.http.headers - http-outgoing-7 << Content-Length: 1100
02:36:18.235 [Test worker] DEBUG o.a.h.impl.execchain.MainClientExec - Connection can be kept alive indefinitely
02:36:18.235 [Test worker] DEBUG c.g.d.j.JerseyDockerCmdExecFactory - 16 * Client response received on thread Test worker
16 < 200
16 < Content-Length: 1100
16 < Content-Type: application/json
16 < Date: Tue, 03 Jan 2017 01:36:18 GMT
16 < Server: Docker/1.12.3 (linux)
[{"Name":"none","Id":"4d89c194eb79cd2beb38458d10a1b98c74d6b8462af72afde29ae7aca53ed5ca","Scope":"local","Driver":"null","EnableIPv6":false,"IPAM":{"Driver":"default","Options":null,"Config":[]},"Internal":false,"Containers":{},"Options":{},"Labels":{}},{"Name":"bridge","Id":"e0d36057aa1769e9fd52ba88be81b698b495f9b6b4946d0f98f24d971a27fc98","Scope":"local","Driver":"bridge","EnableIPv6":false,"IPAM":{"Driver":"default","Options":null,"Config":[{"Subnet":"172.17.0.0/16","Gateway":"172.17.0.1"}]},"Internal":false,"Containers":{},"Options":{"com.docker.network.bridge.default_bridge":"true","com.docker.network.bridge.enable_icc":"true","com.docker.network.bridge.enable_ip_masquerade":"true","com.docker.network.bridge.host_binding_ipv4":"0.0.0.0","com.docker.network.bridge.name":"docker0","com.docker.network.driver.mtu":"1500"},"Labels":{}},{"Name":"host","Id":"fe042b0866671b5be4f097ba43830c0a02959c058702d18e18c14a24d88a357d","Scope":"local","Driver":"host","EnableIPv6":false,"IPAM":{"Driver":"default","Options":null,"Config":[]},"Internal":false,"Containers":{},"Options":{},"Labels":{}}]


02:36:18.237 [Test worker] DEBUG o.a.h.i.c.DefaultManagedHttpClientConnection - http-outgoing-7: Close connection
02:36:18.238 [Test worker] DEBUG o.a.h.impl.execchain.MainClientExec - Connection discarded
02:36:18.239 [Test worker] DEBUG c.g.d.j.JerseyDockerCmdExecFactory$1 - Connection released: [id: 7][route: {s}->https://Thesis:2376][total kept alive: 1; route allocated: 1 of 2; total allocated: 1 of 20]
02:36:18.239 [Test worker] DEBUG c.g.d.core.command.AbstrDockerCmd - Cmd: -1,<null>,true,<null>,<null>,com.github.dockerjava.core.util.FiltersBuilder@0,com.github.dockerjava.jaxrs.ListContainersCmdExec@170150b
02:36:18.240 [Test worker] DEBUG c.g.d.j.JerseyDockerCmdExecFactory - 17 * Sending client request on thread Test worker
17 > GET https://Thesis:2376/containers/json?all=true
17 > Accept: application/json

02:36:18.240 [Test worker] DEBUG o.a.h.c.protocol.RequestAddCookies - CookieSpec selected: default
02:36:18.241 [Test worker] DEBUG o.a.h.c.protocol.RequestAuthCache - Auth cache not set in the context
02:36:18.241 [Test worker] DEBUG c.g.d.j.JerseyDockerCmdExecFactory$1 - Connection request: [route: {s}->https://Thesis:2376][total kept alive: 1; route allocated: 1 of 2; total allocated: 1 of 20]
02:36:18.241 [Test worker] DEBUG c.g.d.j.JerseyDockerCmdExecFactory$1 - Connection leased: [id: 8][route: {s}->https://Thesis:2376][total kept alive: 1; route allocated: 2 of 2; total allocated: 2 of 20]
02:36:18.241 [Test worker] DEBUG o.a.h.impl.execchain.MainClientExec - Opening connection {s}->https://Thesis:2376
02:36:18.241 [Test worker] DEBUG o.a.h.i.c.DefaultHttpClientConnectionOperator - Connecting to Thesis/127.0.1.1:2376
02:36:18.242 [Test worker] DEBUG o.a.h.c.s.SSLConnectionSocketFactory - Connecting socket to Thesis/127.0.1.1:2376 with timeout 0
02:36:18.246 [Test worker] DEBUG o.a.h.c.s.SSLConnectionSocketFactory - Enabled protocols: [TLSv1]
02:36:18.247 [Test worker] DEBUG o.a.h.c.s.SSLConnectionSocketFactory - Enabled cipher suites:[TLS_ECDHE_ECDSA_WITH_AES_128_CBC_SHA, TLS_ECDHE_RSA_WITH_AES_128_CBC_SHA, TLS_RSA_WITH_AES_128_CBC_SHA, TLS_ECDH_ECDSA_WITH_AES_128_CBC_SHA, TLS_ECDH_RSA_WITH_AES_128_CBC_SHA, TLS_DHE_RSA_WITH_AES_128_CBC_SHA, TLS_DHE_DSS_WITH_AES_128_CBC_SHA, TLS_ECDHE_ECDSA_WITH_3DES_EDE_CBC_SHA, TLS_ECDHE_RSA_WITH_3DES_EDE_CBC_SHA, SSL_RSA_WITH_3DES_EDE_CBC_SHA, TLS_ECDH_ECDSA_WITH_3DES_EDE_CBC_SHA, TLS_ECDH_RSA_WITH_3DES_EDE_CBC_SHA, SSL_DHE_RSA_WITH_3DES_EDE_CBC_SHA, SSL_DHE_DSS_WITH_3DES_EDE_CBC_SHA, TLS_ECDHE_ECDSA_WITH_RC4_128_SHA, TLS_ECDHE_RSA_WITH_RC4_128_SHA, SSL_RSA_WITH_RC4_128_SHA, TLS_ECDH_ECDSA_WITH_RC4_128_SHA, TLS_ECDH_RSA_WITH_RC4_128_SHA, SSL_RSA_WITH_RC4_128_MD5, TLS_EMPTY_RENEGOTIATION_INFO_SCSV]
02:36:18.247 [Test worker] DEBUG o.a.h.c.s.SSLConnectionSocketFactory - Starting handshake
02:36:18.313 [Test worker] DEBUG o.a.h.c.s.SSLConnectionSocketFactory - Secure session established
02:36:18.314 [Test worker] DEBUG o.a.h.c.s.SSLConnectionSocketFactory -  negotiated protocol: TLSv1
02:36:18.314 [Test worker] DEBUG o.a.h.c.s.SSLConnectionSocketFactory -  negotiated cipher suite: TLS_ECDHE_RSA_WITH_AES_128_CBC_SHA
02:36:18.314 [Test worker] DEBUG o.a.h.c.s.SSLConnectionSocketFactory -  peer principal: CN=Thesis
02:36:18.314 [Test worker] DEBUG o.a.h.c.s.SSLConnectionSocketFactory -  issuer principal: EMAILADDRESS=sha@yamil.com, CN=Thesis, OU=Open, O=Fra, L=BER, ST=BER, C=DE
02:36:18.315 [Test worker] DEBUG o.a.h.i.c.DefaultHttpClientConnectionOperator - Connection established 127.0.0.1:41314<->127.0.1.1:2376
02:36:18.315 [Test worker] DEBUG o.a.h.impl.execchain.MainClientExec - Executing request GET /containers/json?all=true HTTP/1.1
02:36:18.315 [Test worker] DEBUG o.a.h.impl.execchain.MainClientExec - Target auth state: UNCHALLENGED
02:36:18.315 [Test worker] DEBUG o.a.h.impl.execchain.MainClientExec - Proxy auth state: UNCHALLENGED
02:36:18.315 [Test worker] DEBUG org.apache.http.headers - http-outgoing-8 >> GET /containers/json?all=true HTTP/1.1
02:36:18.315 [Test worker] DEBUG org.apache.http.headers - http-outgoing-8 >> Accept: application/json
02:36:18.316 [Test worker] DEBUG org.apache.http.headers - http-outgoing-8 >> User-Agent: Jersey/2.23.1 (Apache HttpClient 4.5.1)
02:36:18.316 [Test worker] DEBUG org.apache.http.headers - http-outgoing-8 >> Host: Thesis:2376
02:36:18.316 [Test worker] DEBUG org.apache.http.headers - http-outgoing-8 >> Connection: Keep-Alive
02:36:18.316 [Test worker] DEBUG org.apache.http.headers - http-outgoing-8 >> Accept-Encoding: gzip,deflate
02:36:18.316 [Test worker] DEBUG org.apache.http.wire - http-outgoing-8 >> "GET /containers/json?all=true HTTP/1.1[\r][\n]"
02:36:18.317 [Test worker] DEBUG org.apache.http.wire - http-outgoing-8 >> "Accept: application/json[\r][\n]"
02:36:18.317 [Test worker] DEBUG org.apache.http.wire - http-outgoing-8 >> "User-Agent: Jersey/2.23.1 (Apache HttpClient 4.5.1)[\r][\n]"
02:36:18.317 [Test worker] DEBUG org.apache.http.wire - http-outgoing-8 >> "Host: Thesis:2376[\r][\n]"
02:36:18.317 [Test worker] DEBUG org.apache.http.wire - http-outgoing-8 >> "Connection: Keep-Alive[\r][\n]"
02:36:18.317 [Test worker] DEBUG org.apache.http.wire - http-outgoing-8 >> "Accept-Encoding: gzip,deflate[\r][\n]"
02:36:18.317 [Test worker] DEBUG org.apache.http.wire - http-outgoing-8 >> "[\r][\n]"
02:36:18.318 [Test worker] DEBUG org.apache.http.wire - http-outgoing-8 << "H"
02:36:18.318 [Test worker] DEBUG org.apache.http.wire - http-outgoing-8 << "TTP/1.1 200 OK[\r][\n]"
02:36:18.318 [Test worker] DEBUG org.apache.http.wire - http-outgoing-8 << "Content-Type: application/json[\r][\n]"
02:36:18.318 [Test worker] DEBUG org.apache.http.wire - http-outgoing-8 << "Server: Docker/1.12.3 (linux)[\r][\n]"
02:36:18.319 [Test worker] DEBUG org.apache.http.wire - http-outgoing-8 << "Date: Tue, 03 Jan 2017 01:36:18 GMT[\r][\n]"
02:36:18.319 [Test worker] DEBUG org.apache.http.wire - http-outgoing-8 << "Content-Length: 3[\r][\n]"
02:36:18.319 [Test worker] DEBUG org.apache.http.wire - http-outgoing-8 << "[\r][\n]"
02:36:18.319 [Test worker] DEBUG org.apache.http.wire - http-outgoing-8 << "[][\n]"
02:36:18.319 [Test worker] DEBUG org.apache.http.headers - http-outgoing-8 << HTTP/1.1 200 OK
02:36:18.320 [Test worker] DEBUG org.apache.http.headers - http-outgoing-8 << Content-Type: application/json
02:36:18.320 [Test worker] DEBUG org.apache.http.headers - http-outgoing-8 << Server: Docker/1.12.3 (linux)
02:36:18.320 [Test worker] DEBUG org.apache.http.headers - http-outgoing-8 << Date: Tue, 03 Jan 2017 01:36:18 GMT
02:36:18.320 [Test worker] DEBUG org.apache.http.headers - http-outgoing-8 << Content-Length: 3
02:36:18.320 [Test worker] DEBUG o.a.h.impl.execchain.MainClientExec - Connection can be kept alive indefinitely
02:36:18.321 [Test worker] DEBUG c.g.d.j.JerseyDockerCmdExecFactory - 18 * Client response received on thread Test worker
18 < 200
18 < Content-Length: 3
18 < Content-Type: application/json
18 < Date: Tue, 03 Jan 2017 01:36:18 GMT
18 < Server: Docker/1.12.3 (linux)
[]


02:36:18.322 [Test worker] DEBUG c.g.d.j.JerseyDockerCmdExecFactory$1 - Connection [id: 8][route: {s}->https://Thesis:2376][state: CN=Thesis] can be kept alive indefinitely
02:36:18.322 [Test worker] DEBUG c.g.d.j.JerseyDockerCmdExecFactory$1 - Connection released: [id: 8][route: {s}->https://Thesis:2376][state: CN=Thesis][total kept alive: 2; route allocated: 2 of 2; total allocated: 2 of 20]
02:36:18.323 [Test worker] DEBUG c.g.d.core.command.AbstrDockerCmd - Cmd: com.github.dockerjava.core.util.FiltersBuilder@0,com.github.dockerjava.jaxrs.ListNetworksCmdExec@5ccfc9f7
02:36:18.324 [Test worker] DEBUG c.g.d.j.JerseyDockerCmdExecFactory - 19 * Sending client request on thread Test worker
19 > GET https://Thesis:2376/networks
19 > Accept: application/json

02:36:18.325 [Test worker] DEBUG o.a.h.c.protocol.RequestAddCookies - CookieSpec selected: default
02:36:18.325 [Test worker] DEBUG o.a.h.c.protocol.RequestAuthCache - Auth cache not set in the context
02:36:18.325 [Test worker] DEBUG c.g.d.j.JerseyDockerCmdExecFactory$1 - Connection request: [route: {s}->https://Thesis:2376][total kept alive: 2; route allocated: 2 of 2; total allocated: 2 of 20]
02:36:18.325 [Test worker] DEBUG o.a.h.i.c.DefaultManagedHttpClientConnection - http-outgoing-6: Close connection
02:36:18.326 [Test worker] DEBUG c.g.d.j.JerseyDockerCmdExecFactory$1 - Connection leased: [id: 9][route: {s}->https://Thesis:2376][total kept alive: 1; route allocated: 2 of 2; total allocated: 2 of 20]
02:36:18.326 [Test worker] DEBUG o.a.h.impl.execchain.MainClientExec - Opening connection {s}->https://Thesis:2376
02:36:18.326 [Test worker] DEBUG o.a.h.i.c.DefaultHttpClientConnectionOperator - Connecting to Thesis/127.0.1.1:2376
02:36:18.326 [Test worker] DEBUG o.a.h.c.s.SSLConnectionSocketFactory - Connecting socket to Thesis/127.0.1.1:2376 with timeout 0
02:36:18.333 [Test worker] DEBUG o.a.h.c.s.SSLConnectionSocketFactory - Enabled protocols: [TLSv1]
02:36:18.333 [Test worker] DEBUG o.a.h.c.s.SSLConnectionSocketFactory - Enabled cipher suites:[TLS_ECDHE_ECDSA_WITH_AES_128_CBC_SHA, TLS_ECDHE_RSA_WITH_AES_128_CBC_SHA, TLS_RSA_WITH_AES_128_CBC_SHA, TLS_ECDH_ECDSA_WITH_AES_128_CBC_SHA, TLS_ECDH_RSA_WITH_AES_128_CBC_SHA, TLS_DHE_RSA_WITH_AES_128_CBC_SHA, TLS_DHE_DSS_WITH_AES_128_CBC_SHA, TLS_ECDHE_ECDSA_WITH_3DES_EDE_CBC_SHA, TLS_ECDHE_RSA_WITH_3DES_EDE_CBC_SHA, SSL_RSA_WITH_3DES_EDE_CBC_SHA, TLS_ECDH_ECDSA_WITH_3DES_EDE_CBC_SHA, TLS_ECDH_RSA_WITH_3DES_EDE_CBC_SHA, SSL_DHE_RSA_WITH_3DES_EDE_CBC_SHA, SSL_DHE_DSS_WITH_3DES_EDE_CBC_SHA, TLS_ECDHE_ECDSA_WITH_RC4_128_SHA, TLS_ECDHE_RSA_WITH_RC4_128_SHA, SSL_RSA_WITH_RC4_128_SHA, TLS_ECDH_ECDSA_WITH_RC4_128_SHA, TLS_ECDH_RSA_WITH_RC4_128_SHA, SSL_RSA_WITH_RC4_128_MD5, TLS_EMPTY_RENEGOTIATION_INFO_SCSV]
02:36:18.334 [Test worker] DEBUG o.a.h.c.s.SSLConnectionSocketFactory - Starting handshake
02:36:18.403 [Test worker] DEBUG o.a.h.c.s.SSLConnectionSocketFactory - Secure session established
02:36:18.403 [Test worker] DEBUG o.a.h.c.s.SSLConnectionSocketFactory -  negotiated protocol: TLSv1
02:36:18.404 [Test worker] DEBUG o.a.h.c.s.SSLConnectionSocketFactory -  negotiated cipher suite: TLS_ECDHE_RSA_WITH_AES_128_CBC_SHA
02:36:18.404 [Test worker] DEBUG o.a.h.c.s.SSLConnectionSocketFactory -  peer principal: CN=Thesis
02:36:18.404 [Test worker] DEBUG o.a.h.c.s.SSLConnectionSocketFactory -  issuer principal: EMAILADDRESS=sha@yamil.com, CN=Thesis, OU=Open, O=Fra, L=BER, ST=BER, C=DE
02:36:18.404 [Test worker] DEBUG o.a.h.i.c.DefaultHttpClientConnectionOperator - Connection established 127.0.0.1:41316<->127.0.1.1:2376
02:36:18.404 [Test worker] DEBUG o.a.h.impl.execchain.MainClientExec - Executing request GET /networks HTTP/1.1
02:36:18.405 [Test worker] DEBUG o.a.h.impl.execchain.MainClientExec - Target auth state: UNCHALLENGED
02:36:18.405 [Test worker] DEBUG o.a.h.impl.execchain.MainClientExec - Proxy auth state: UNCHALLENGED
02:36:18.405 [Test worker] DEBUG org.apache.http.headers - http-outgoing-9 >> GET /networks HTTP/1.1
02:36:18.405 [Test worker] DEBUG org.apache.http.headers - http-outgoing-9 >> Accept: application/json
02:36:18.405 [Test worker] DEBUG org.apache.http.headers - http-outgoing-9 >> User-Agent: Jersey/2.23.1 (Apache HttpClient 4.5.1)
02:36:18.405 [Test worker] DEBUG org.apache.http.headers - http-outgoing-9 >> Host: Thesis:2376
02:36:18.406 [Test worker] DEBUG org.apache.http.headers - http-outgoing-9 >> Connection: Keep-Alive
02:36:18.406 [Test worker] DEBUG org.apache.http.headers - http-outgoing-9 >> Accept-Encoding: gzip,deflate
02:36:18.406 [Test worker] DEBUG org.apache.http.wire - http-outgoing-9 >> "GET /networks HTTP/1.1[\r][\n]"
02:36:18.406 [Test worker] DEBUG org.apache.http.wire - http-outgoing-9 >> "Accept: application/json[\r][\n]"
02:36:18.406 [Test worker] DEBUG org.apache.http.wire - http-outgoing-9 >> "User-Agent: Jersey/2.23.1 (Apache HttpClient 4.5.1)[\r][\n]"
02:36:18.407 [Test worker] DEBUG org.apache.http.wire - http-outgoing-9 >> "Host: Thesis:2376[\r][\n]"
02:36:18.407 [Test worker] DEBUG org.apache.http.wire - http-outgoing-9 >> "Connection: Keep-Alive[\r][\n]"
02:36:18.407 [Test worker] DEBUG org.apache.http.wire - http-outgoing-9 >> "Accept-Encoding: gzip,deflate[\r][\n]"
02:36:18.407 [Test worker] DEBUG org.apache.http.wire - http-outgoing-9 >> "[\r][\n]"
02:36:18.408 [Test worker] DEBUG org.apache.http.wire - http-outgoing-9 << "H"
02:36:18.408 [Test worker] DEBUG org.apache.http.wire - http-outgoing-9 << "TTP/1.1 200 OK[\r][\n]"
02:36:18.408 [Test worker] DEBUG org.apache.http.wire - http-outgoing-9 << "Content-Type: application/json[\r][\n]"
02:36:18.408 [Test worker] DEBUG org.apache.http.wire - http-outgoing-9 << "Server: Docker/1.12.3 (linux)[\r][\n]"
02:36:18.409 [Test worker] DEBUG org.apache.http.wire - http-outgoing-9 << "Date: Tue, 03 Jan 2017 01:36:18 GMT[\r][\n]"
02:36:18.409 [Test worker] DEBUG org.apache.http.wire - http-outgoing-9 << "Content-Length: 1100[\r][\n]"
02:36:18.409 [Test worker] DEBUG org.apache.http.wire - http-outgoing-9 << "[\r][\n]"
02:36:18.409 [Test worker] DEBUG org.apache.http.wire - http-outgoing-9 << "[{"Name":"none","Id":"4d89c194eb79cd2beb38458d10a1b98c74d6b8462af72afde29ae7aca53ed5ca","Scope":"local","Driver":"null","EnableIPv6":false,"IPAM":{"Driver":"default","Options":null,"Config":[]},"Internal":false,"Containers":{},"Options":{},"Labels":{}},{"Name":"bridge","Id":"e0d36057aa1769e9fd52ba88be81b698b495f9b6b4946d0f98f24d971a27fc98","Scope":"local","Driver":"bridge","EnableIPv6":false,"IPAM":{"Driver":"default","Options":null,"Config":[{"Subnet":"172.17.0.0/16","Gateway":"172.17.0.1"}]},"Internal":false,"Containers":{},"Options":{"com.docker.network.bridge.default_bridge":"true","com.docker.network.bridge.enable_icc":"true","com.docker.network.bridge.enable_ip_masquerade":"true","com.docker.network.bridge.host_binding_ipv4":"0.0.0.0","com.docker.network.bridge.name":"docker0","com.docker.network.driver.mtu":"1500"},"Labels":{}},{"Name":"host","Id":"fe042b0866671b5be4f097ba43830c0a02959c058702d18e18c14a24d88a357d","Scope":"local","Driver":"host","EnableIPv6":false,"IPAM":{"Driver":"default","Options":null,"Config":[]},"Internal":false,"Containers":{},"Options":{},"Labels":{}}][\n]"
02:36:18.409 [Test worker] DEBUG org.apache.http.headers - http-outgoing-9 << HTTP/1.1 200 OK
02:36:18.409 [Test worker] DEBUG org.apache.http.headers - http-outgoing-9 << Content-Type: application/json
02:36:18.410 [Test worker] DEBUG org.apache.http.headers - http-outgoing-9 << Server: Docker/1.12.3 (linux)
02:36:18.410 [Test worker] DEBUG org.apache.http.headers - http-outgoing-9 << Date: Tue, 03 Jan 2017 01:36:18 GMT
02:36:18.412 [Test worker] DEBUG org.apache.http.headers - http-outgoing-9 << Content-Length: 1100
02:36:18.412 [Test worker] DEBUG o.a.h.impl.execchain.MainClientExec - Connection can be kept alive indefinitely
02:36:18.412 [Test worker] DEBUG c.g.d.j.JerseyDockerCmdExecFactory - 20 * Client response received on thread Test worker
20 < 200
20 < Content-Length: 1100
20 < Content-Type: application/json
20 < Date: Tue, 03 Jan 2017 01:36:18 GMT
20 < Server: Docker/1.12.3 (linux)
[{"Name":"none","Id":"4d89c194eb79cd2beb38458d10a1b98c74d6b8462af72afde29ae7aca53ed5ca","Scope":"local","Driver":"null","EnableIPv6":false,"IPAM":{"Driver":"default","Options":null,"Config":[]},"Internal":false,"Containers":{},"Options":{},"Labels":{}},{"Name":"bridge","Id":"e0d36057aa1769e9fd52ba88be81b698b495f9b6b4946d0f98f24d971a27fc98","Scope":"local","Driver":"bridge","EnableIPv6":false,"IPAM":{"Driver":"default","Options":null,"Config":[{"Subnet":"172.17.0.0/16","Gateway":"172.17.0.1"}]},"Internal":false,"Containers":{},"Options":{"com.docker.network.bridge.default_bridge":"true","com.docker.network.bridge.enable_icc":"true","com.docker.network.bridge.enable_ip_masquerade":"true","com.docker.network.bridge.host_binding_ipv4":"0.0.0.0","com.docker.network.bridge.name":"docker0","com.docker.network.driver.mtu":"1500"},"Labels":{}},{"Name":"host","Id":"fe042b0866671b5be4f097ba43830c0a02959c058702d18e18c14a24d88a357d","Scope":"local","Driver":"host","EnableIPv6":false,"IPAM":{"Driver":"default","Options":null,"Config":[]},"Internal":false,"Containers":{},"Options":{},"Labels":{}}]


02:36:18.414 [Test worker] DEBUG o.a.h.i.c.DefaultManagedHttpClientConnection - http-outgoing-9: Close connection
02:36:18.415 [Test worker] DEBUG o.a.h.impl.execchain.MainClientExec - Connection discarded
02:36:18.415 [Test worker] DEBUG c.g.d.j.JerseyDockerCmdExecFactory$1 - Connection released: [id: 9][route: {s}->https://Thesis:2376][total kept alive: 1; route allocated: 1 of 2; total allocated: 1 of 20]
02:36:18.415 [Test worker] DEBUG c.g.d.core.command.AbstrDockerCmd - Cmd: com.github.dockerjava.core.util.FiltersBuilder@0,com.github.dockerjava.jaxrs.ListVolumesCmdExec@440e66e8
02:36:18.416 [Test worker] DEBUG c.g.d.j.JerseyDockerCmdExecFactory - 21 * Sending client request on thread Test worker
21 > GET https://Thesis:2376/volumes
21 > Accept: application/json

02:36:18.416 [Test worker] DEBUG o.a.h.c.protocol.RequestAddCookies - CookieSpec selected: default
02:36:18.417 [Test worker] DEBUG o.a.h.c.protocol.RequestAuthCache - Auth cache not set in the context
02:36:18.417 [Test worker] DEBUG c.g.d.j.JerseyDockerCmdExecFactory$1 - Connection request: [route: {s}->https://Thesis:2376][total kept alive: 1; route allocated: 1 of 2; total allocated: 1 of 20]
02:36:18.417 [Test worker] DEBUG c.g.d.j.JerseyDockerCmdExecFactory$1 - Connection leased: [id: 10][route: {s}->https://Thesis:2376][total kept alive: 1; route allocated: 2 of 2; total allocated: 2 of 20]
02:36:18.417 [Test worker] DEBUG o.a.h.impl.execchain.MainClientExec - Opening connection {s}->https://Thesis:2376
02:36:18.417 [Test worker] DEBUG o.a.h.i.c.DefaultHttpClientConnectionOperator - Connecting to Thesis/127.0.1.1:2376
02:36:18.418 [Test worker] DEBUG o.a.h.c.s.SSLConnectionSocketFactory - Connecting socket to Thesis/127.0.1.1:2376 with timeout 0
02:36:18.419 [Test worker] DEBUG o.a.h.c.s.SSLConnectionSocketFactory - Enabled protocols: [TLSv1]
02:36:18.419 [Test worker] DEBUG o.a.h.c.s.SSLConnectionSocketFactory - Enabled cipher suites:[TLS_ECDHE_ECDSA_WITH_AES_128_CBC_SHA, TLS_ECDHE_RSA_WITH_AES_128_CBC_SHA, TLS_RSA_WITH_AES_128_CBC_SHA, TLS_ECDH_ECDSA_WITH_AES_128_CBC_SHA, TLS_ECDH_RSA_WITH_AES_128_CBC_SHA, TLS_DHE_RSA_WITH_AES_128_CBC_SHA, TLS_DHE_DSS_WITH_AES_128_CBC_SHA, TLS_ECDHE_ECDSA_WITH_3DES_EDE_CBC_SHA, TLS_ECDHE_RSA_WITH_3DES_EDE_CBC_SHA, SSL_RSA_WITH_3DES_EDE_CBC_SHA, TLS_ECDH_ECDSA_WITH_3DES_EDE_CBC_SHA, TLS_ECDH_RSA_WITH_3DES_EDE_CBC_SHA, SSL_DHE_RSA_WITH_3DES_EDE_CBC_SHA, SSL_DHE_DSS_WITH_3DES_EDE_CBC_SHA, TLS_ECDHE_ECDSA_WITH_RC4_128_SHA, TLS_ECDHE_RSA_WITH_RC4_128_SHA, SSL_RSA_WITH_RC4_128_SHA, TLS_ECDH_ECDSA_WITH_RC4_128_SHA, TLS_ECDH_RSA_WITH_RC4_128_SHA, SSL_RSA_WITH_RC4_128_MD5, TLS_EMPTY_RENEGOTIATION_INFO_SCSV]
02:36:18.420 [Test worker] DEBUG o.a.h.c.s.SSLConnectionSocketFactory - Starting handshake
02:36:18.504 [Test worker] DEBUG o.a.h.c.s.SSLConnectionSocketFactory - Secure session established
02:36:18.505 [Test worker] DEBUG o.a.h.c.s.SSLConnectionSocketFactory -  negotiated protocol: TLSv1
02:36:18.505 [Test worker] DEBUG o.a.h.c.s.SSLConnectionSocketFactory -  negotiated cipher suite: TLS_ECDHE_RSA_WITH_AES_128_CBC_SHA
02:36:18.505 [Test worker] DEBUG o.a.h.c.s.SSLConnectionSocketFactory -  peer principal: CN=Thesis
02:36:18.505 [Test worker] DEBUG o.a.h.c.s.SSLConnectionSocketFactory -  issuer principal: EMAILADDRESS=sha@yamil.com, CN=Thesis, OU=Open, O=Fra, L=BER, ST=BER, C=DE
02:36:18.506 [Test worker] DEBUG o.a.h.i.c.DefaultHttpClientConnectionOperator - Connection established 127.0.0.1:41318<->127.0.1.1:2376
02:36:18.506 [Test worker] DEBUG o.a.h.impl.execchain.MainClientExec - Executing request GET /volumes HTTP/1.1
02:36:18.506 [Test worker] DEBUG o.a.h.impl.execchain.MainClientExec - Target auth state: UNCHALLENGED
02:36:18.507 [Test worker] DEBUG o.a.h.impl.execchain.MainClientExec - Proxy auth state: UNCHALLENGED
02:36:18.507 [Test worker] DEBUG org.apache.http.headers - http-outgoing-10 >> GET /volumes HTTP/1.1
02:36:18.507 [Test worker] DEBUG org.apache.http.headers - http-outgoing-10 >> Accept: application/json
02:36:18.507 [Test worker] DEBUG org.apache.http.headers - http-outgoing-10 >> User-Agent: Jersey/2.23.1 (Apache HttpClient 4.5.1)
02:36:18.507 [Test worker] DEBUG org.apache.http.headers - http-outgoing-10 >> Host: Thesis:2376
02:36:18.508 [Test worker] DEBUG org.apache.http.headers - http-outgoing-10 >> Connection: Keep-Alive
02:36:18.508 [Test worker] DEBUG org.apache.http.headers - http-outgoing-10 >> Accept-Encoding: gzip,deflate
02:36:18.508 [Test worker] DEBUG org.apache.http.wire - http-outgoing-10 >> "GET /volumes HTTP/1.1[\r][\n]"
02:36:18.508 [Test worker] DEBUG org.apache.http.wire - http-outgoing-10 >> "Accept: application/json[\r][\n]"
02:36:18.508 [Test worker] DEBUG org.apache.http.wire - http-outgoing-10 >> "User-Agent: Jersey/2.23.1 (Apache HttpClient 4.5.1)[\r][\n]"
02:36:18.509 [Test worker] DEBUG org.apache.http.wire - http-outgoing-10 >> "Host: Thesis:2376[\r][\n]"
02:36:18.509 [Test worker] DEBUG org.apache.http.wire - http-outgoing-10 >> "Connection: Keep-Alive[\r][\n]"
02:36:18.509 [Test worker] DEBUG org.apache.http.wire - http-outgoing-10 >> "Accept-Encoding: gzip,deflate[\r][\n]"
02:36:18.509 [Test worker] DEBUG org.apache.http.wire - http-outgoing-10 >> "[\r][\n]"
02:36:18.510 [Test worker] DEBUG org.apache.http.wire - http-outgoing-10 << "H"
02:36:18.511 [Test worker] DEBUG org.apache.http.wire - http-outgoing-10 << "TTP/1.1 200 OK[\r][\n]"
02:36:18.511 [Test worker] DEBUG org.apache.http.wire - http-outgoing-10 << "Content-Type: application/json[\r][\n]"
02:36:18.515 [Test worker] DEBUG org.apache.http.wire - http-outgoing-10 << "Server: Docker/1.12.3 (linux)[\r][\n]"
02:36:18.515 [Test worker] DEBUG org.apache.http.wire - http-outgoing-10 << "Date: Tue, 03 Jan 2017 01:36:18 GMT[\r][\n]"
02:36:18.515 [Test worker] DEBUG org.apache.http.wire - http-outgoing-10 << "Content-Length: 33[\r][\n]"
02:36:18.515 [Test worker] DEBUG org.apache.http.wire - http-outgoing-10 << "[\r][\n]"
02:36:18.516 [Test worker] DEBUG org.apache.http.wire - http-outgoing-10 << "{"Volumes":null,"Warnings":null}[\n]"
02:36:18.516 [Test worker] DEBUG org.apache.http.headers - http-outgoing-10 << HTTP/1.1 200 OK
02:36:18.516 [Test worker] DEBUG org.apache.http.headers - http-outgoing-10 << Content-Type: application/json
02:36:18.516 [Test worker] DEBUG org.apache.http.headers - http-outgoing-10 << Server: Docker/1.12.3 (linux)
02:36:18.516 [Test worker] DEBUG org.apache.http.headers - http-outgoing-10 << Date: Tue, 03 Jan 2017 01:36:18 GMT
02:36:18.516 [Test worker] DEBUG org.apache.http.headers - http-outgoing-10 << Content-Length: 33
02:36:18.517 [Test worker] DEBUG o.a.h.impl.execchain.MainClientExec - Connection can be kept alive indefinitely
02:36:18.517 [Test worker] DEBUG c.g.d.j.JerseyDockerCmdExecFactory - 22 * Client response received on thread Test worker
22 < 200
22 < Content-Length: 33
22 < Content-Type: application/json
22 < Date: Tue, 03 Jan 2017 01:36:18 GMT
22 < Server: Docker/1.12.3 (linux)
{"Volumes":null,"Warnings":null}


02:36:18.519 [Test worker] DEBUG o.a.h.i.c.DefaultManagedHttpClientConnection - http-outgoing-10: Close connection
02:36:18.519 [Test worker] DEBUG o.a.h.impl.execchain.MainClientExec - Connection discarded
02:36:18.519 [Test worker] DEBUG c.g.d.j.JerseyDockerCmdExecFactory$1 - Connection released: [id: 10][route: {s}->https://Thesis:2376][total kept alive: 1; route allocated: 1 of 2; total allocated: 1 of 20]
02:36:18.522 [Test worker] DEBUG org.openbaton.docker.DockerVim - Loading properties
02:36:18.523 [Test worker] DEBUG org.openbaton.docker.DockerVim - Loaded properties: {vim.instance.auth.url=tcp://Thesis:2376, docker.cert.path=/home/sakib/.docker, type=docker, tls.verify=true}
02:36:18.539 [Test worker] DEBUG c.g.d.core.command.AbstrDockerCmd - Cmd: -1,<null>,true,<null>,<null>,com.github.dockerjava.core.util.FiltersBuilder@0,com.github.dockerjava.jaxrs.ListContainersCmdExec@52a16a10
02:36:18.567 [Test worker] DEBUG c.g.d.j.JerseyDockerCmdExecFactory - 1 * Sending client request on thread Test worker
1 > GET https://Thesis:2376/containers/json?all=true
1 > Accept: application/json

02:36:18.568 [Test worker] DEBUG o.a.h.c.protocol.RequestAddCookies - CookieSpec selected: default
02:36:18.568 [Test worker] DEBUG o.a.h.c.protocol.RequestAuthCache - Auth cache not set in the context
02:36:18.568 [Test worker] DEBUG c.g.d.j.JerseyDockerCmdExecFactory$1 - Connection request: [route: {s}->https://Thesis:2376][total kept alive: 0; route allocated: 0 of 2; total allocated: 0 of 20]
02:36:18.569 [Test worker] DEBUG c.g.d.j.JerseyDockerCmdExecFactory$1 - Connection leased: [id: 11][route: {s}->https://Thesis:2376][total kept alive: 0; route allocated: 1 of 2; total allocated: 1 of 20]
02:36:18.569 [Test worker] DEBUG o.a.h.impl.execchain.MainClientExec - Opening connection {s}->https://Thesis:2376
02:36:18.569 [Test worker] DEBUG o.a.h.i.c.DefaultHttpClientConnectionOperator - Connecting to Thesis/127.0.1.1:2376
02:36:18.569 [Test worker] DEBUG o.a.h.c.s.SSLConnectionSocketFactory - Connecting socket to Thesis/127.0.1.1:2376 with timeout 0
02:36:18.572 [Test worker] DEBUG o.a.h.c.s.SSLConnectionSocketFactory - Enabled protocols: [TLSv1]
02:36:18.572 [Test worker] DEBUG o.a.h.c.s.SSLConnectionSocketFactory - Enabled cipher suites:[TLS_ECDHE_ECDSA_WITH_AES_128_CBC_SHA, TLS_ECDHE_RSA_WITH_AES_128_CBC_SHA, TLS_RSA_WITH_AES_128_CBC_SHA, TLS_ECDH_ECDSA_WITH_AES_128_CBC_SHA, TLS_ECDH_RSA_WITH_AES_128_CBC_SHA, TLS_DHE_RSA_WITH_AES_128_CBC_SHA, TLS_DHE_DSS_WITH_AES_128_CBC_SHA, TLS_ECDHE_ECDSA_WITH_3DES_EDE_CBC_SHA, TLS_ECDHE_RSA_WITH_3DES_EDE_CBC_SHA, SSL_RSA_WITH_3DES_EDE_CBC_SHA, TLS_ECDH_ECDSA_WITH_3DES_EDE_CBC_SHA, TLS_ECDH_RSA_WITH_3DES_EDE_CBC_SHA, SSL_DHE_RSA_WITH_3DES_EDE_CBC_SHA, SSL_DHE_DSS_WITH_3DES_EDE_CBC_SHA, TLS_ECDHE_ECDSA_WITH_RC4_128_SHA, TLS_ECDHE_RSA_WITH_RC4_128_SHA, SSL_RSA_WITH_RC4_128_SHA, TLS_ECDH_ECDSA_WITH_RC4_128_SHA, TLS_ECDH_RSA_WITH_RC4_128_SHA, SSL_RSA_WITH_RC4_128_MD5, TLS_EMPTY_RENEGOTIATION_INFO_SCSV]
02:36:18.573 [Test worker] DEBUG o.a.h.c.s.SSLConnectionSocketFactory - Starting handshake
02:36:18.642 [Test worker] DEBUG o.a.h.c.s.SSLConnectionSocketFactory - Secure session established
02:36:18.643 [Test worker] DEBUG o.a.h.c.s.SSLConnectionSocketFactory -  negotiated protocol: TLSv1
02:36:18.643 [Test worker] DEBUG o.a.h.c.s.SSLConnectionSocketFactory -  negotiated cipher suite: TLS_ECDHE_RSA_WITH_AES_128_CBC_SHA
02:36:18.643 [Test worker] DEBUG o.a.h.c.s.SSLConnectionSocketFactory -  peer principal: CN=Thesis
02:36:18.643 [Test worker] DEBUG o.a.h.c.s.SSLConnectionSocketFactory -  issuer principal: EMAILADDRESS=sha@yamil.com, CN=Thesis, OU=Open, O=Fra, L=BER, ST=BER, C=DE
02:36:18.644 [Test worker] DEBUG o.a.h.i.c.DefaultHttpClientConnectionOperator - Connection established 127.0.0.1:41320<->127.0.1.1:2376
02:36:18.644 [Test worker] DEBUG o.a.h.impl.execchain.MainClientExec - Executing request GET /containers/json?all=true HTTP/1.1
02:36:18.644 [Test worker] DEBUG o.a.h.impl.execchain.MainClientExec - Target auth state: UNCHALLENGED
02:36:18.644 [Test worker] DEBUG o.a.h.impl.execchain.MainClientExec - Proxy auth state: UNCHALLENGED
02:36:18.644 [Test worker] DEBUG org.apache.http.headers - http-outgoing-11 >> GET /containers/json?all=true HTTP/1.1
02:36:18.645 [Test worker] DEBUG org.apache.http.headers - http-outgoing-11 >> Accept: application/json
02:36:18.645 [Test worker] DEBUG org.apache.http.headers - http-outgoing-11 >> User-Agent: Jersey/2.23.1 (Apache HttpClient 4.5.1)
02:36:18.645 [Test worker] DEBUG org.apache.http.headers - http-outgoing-11 >> Host: Thesis:2376
02:36:18.645 [Test worker] DEBUG org.apache.http.headers - http-outgoing-11 >> Connection: Keep-Alive
02:36:18.645 [Test worker] DEBUG org.apache.http.headers - http-outgoing-11 >> Accept-Encoding: gzip,deflate
02:36:18.645 [Test worker] DEBUG org.apache.http.wire - http-outgoing-11 >> "GET /containers/json?all=true HTTP/1.1[\r][\n]"
02:36:18.646 [Test worker] DEBUG org.apache.http.wire - http-outgoing-11 >> "Accept: application/json[\r][\n]"
02:36:18.646 [Test worker] DEBUG org.apache.http.wire - http-outgoing-11 >> "User-Agent: Jersey/2.23.1 (Apache HttpClient 4.5.1)[\r][\n]"
02:36:18.646 [Test worker] DEBUG org.apache.http.wire - http-outgoing-11 >> "Host: Thesis:2376[\r][\n]"
02:36:18.646 [Test worker] DEBUG org.apache.http.wire - http-outgoing-11 >> "Connection: Keep-Alive[\r][\n]"
02:36:18.646 [Test worker] DEBUG org.apache.http.wire - http-outgoing-11 >> "Accept-Encoding: gzip,deflate[\r][\n]"
02:36:18.646 [Test worker] DEBUG org.apache.http.wire - http-outgoing-11 >> "[\r][\n]"
02:36:18.650 [Test worker] DEBUG org.apache.http.wire - http-outgoing-11 << "H"
02:36:18.650 [Test worker] DEBUG org.apache.http.wire - http-outgoing-11 << "TTP/1.1 200 OK[\r][\n]"
02:36:18.650 [Test worker] DEBUG org.apache.http.wire - http-outgoing-11 << "Content-Type: application/json[\r][\n]"
02:36:18.651 [Test worker] DEBUG org.apache.http.wire - http-outgoing-11 << "Server: Docker/1.12.3 (linux)[\r][\n]"
02:36:18.651 [Test worker] DEBUG org.apache.http.wire - http-outgoing-11 << "Date: Tue, 03 Jan 2017 01:36:18 GMT[\r][\n]"
02:36:18.651 [Test worker] DEBUG org.apache.http.wire - http-outgoing-11 << "Content-Length: 3[\r][\n]"
02:36:18.651 [Test worker] DEBUG org.apache.http.wire - http-outgoing-11 << "[\r][\n]"
02:36:18.651 [Test worker] DEBUG org.apache.http.wire - http-outgoing-11 << "[][\n]"
02:36:18.652 [Test worker] DEBUG org.apache.http.headers - http-outgoing-11 << HTTP/1.1 200 OK
02:36:18.652 [Test worker] DEBUG org.apache.http.headers - http-outgoing-11 << Content-Type: application/json
02:36:18.652 [Test worker] DEBUG org.apache.http.headers - http-outgoing-11 << Server: Docker/1.12.3 (linux)
02:36:18.652 [Test worker] DEBUG org.apache.http.headers - http-outgoing-11 << Date: Tue, 03 Jan 2017 01:36:18 GMT
02:36:18.652 [Test worker] DEBUG org.apache.http.headers - http-outgoing-11 << Content-Length: 3
02:36:18.653 [Test worker] DEBUG o.a.h.impl.execchain.MainClientExec - Connection can be kept alive indefinitely
02:36:18.653 [Test worker] DEBUG c.g.d.j.JerseyDockerCmdExecFactory - 2 * Client response received on thread Test worker
2 < 200
2 < Content-Length: 3
2 < Content-Type: application/json
2 < Date: Tue, 03 Jan 2017 01:36:18 GMT
2 < Server: Docker/1.12.3 (linux)
[]


02:36:18.657 [Test worker] DEBUG c.g.d.j.JerseyDockerCmdExecFactory$1 - Connection [id: 11][route: {s}->https://Thesis:2376][state: CN=Thesis] can be kept alive indefinitely
02:36:18.657 [Test worker] DEBUG c.g.d.j.JerseyDockerCmdExecFactory$1 - Connection released: [id: 11][route: {s}->https://Thesis:2376][state: CN=Thesis][total kept alive: 1; route allocated: 1 of 2; total allocated: 1 of 20]
02:36:18.667 [Test worker] DEBUG c.g.d.core.command.AbstrDockerCmd - Cmd: com.github.dockerjava.core.util.FiltersBuilder@0,com.github.dockerjava.jaxrs.ListNetworksCmdExec@635b4736
02:36:18.668 [Test worker] DEBUG c.g.d.j.JerseyDockerCmdExecFactory - 3 * Sending client request on thread Test worker
3 > GET https://Thesis:2376/networks
3 > Accept: application/json

02:36:18.669 [Test worker] DEBUG o.a.h.c.protocol.RequestAddCookies - CookieSpec selected: default
02:36:18.669 [Test worker] DEBUG o.a.h.c.protocol.RequestAuthCache - Auth cache not set in the context
02:36:18.669 [Test worker] DEBUG c.g.d.j.JerseyDockerCmdExecFactory$1 - Connection request: [route: {s}->https://Thesis:2376][total kept alive: 1; route allocated: 1 of 2; total allocated: 1 of 20]
02:36:18.670 [Test worker] DEBUG c.g.d.j.JerseyDockerCmdExecFactory$1 - Connection leased: [id: 12][route: {s}->https://Thesis:2376][total kept alive: 1; route allocated: 2 of 2; total allocated: 2 of 20]
02:36:18.670 [Test worker] DEBUG o.a.h.impl.execchain.MainClientExec - Opening connection {s}->https://Thesis:2376
02:36:18.670 [Test worker] DEBUG o.a.h.i.c.DefaultHttpClientConnectionOperator - Connecting to Thesis/127.0.1.1:2376
02:36:18.670 [Test worker] DEBUG o.a.h.c.s.SSLConnectionSocketFactory - Connecting socket to Thesis/127.0.1.1:2376 with timeout 0
02:36:18.672 [Test worker] DEBUG o.a.h.c.s.SSLConnectionSocketFactory - Enabled protocols: [TLSv1]
02:36:18.672 [Test worker] DEBUG o.a.h.c.s.SSLConnectionSocketFactory - Enabled cipher suites:[TLS_ECDHE_ECDSA_WITH_AES_128_CBC_SHA, TLS_ECDHE_RSA_WITH_AES_128_CBC_SHA, TLS_RSA_WITH_AES_128_CBC_SHA, TLS_ECDH_ECDSA_WITH_AES_128_CBC_SHA, TLS_ECDH_RSA_WITH_AES_128_CBC_SHA, TLS_DHE_RSA_WITH_AES_128_CBC_SHA, TLS_DHE_DSS_WITH_AES_128_CBC_SHA, TLS_ECDHE_ECDSA_WITH_3DES_EDE_CBC_SHA, TLS_ECDHE_RSA_WITH_3DES_EDE_CBC_SHA, SSL_RSA_WITH_3DES_EDE_CBC_SHA, TLS_ECDH_ECDSA_WITH_3DES_EDE_CBC_SHA, TLS_ECDH_RSA_WITH_3DES_EDE_CBC_SHA, SSL_DHE_RSA_WITH_3DES_EDE_CBC_SHA, SSL_DHE_DSS_WITH_3DES_EDE_CBC_SHA, TLS_ECDHE_ECDSA_WITH_RC4_128_SHA, TLS_ECDHE_RSA_WITH_RC4_128_SHA, SSL_RSA_WITH_RC4_128_SHA, TLS_ECDH_ECDSA_WITH_RC4_128_SHA, TLS_ECDH_RSA_WITH_RC4_128_SHA, SSL_RSA_WITH_RC4_128_MD5, TLS_EMPTY_RENEGOTIATION_INFO_SCSV]
02:36:18.672 [Test worker] DEBUG o.a.h.c.s.SSLConnectionSocketFactory - Starting handshake
02:36:18.736 [Test worker] DEBUG o.a.h.c.s.SSLConnectionSocketFactory - Secure session established
02:36:18.736 [Test worker] DEBUG o.a.h.c.s.SSLConnectionSocketFactory -  negotiated protocol: TLSv1
02:36:18.737 [Test worker] DEBUG o.a.h.c.s.SSLConnectionSocketFactory -  negotiated cipher suite: TLS_ECDHE_RSA_WITH_AES_128_CBC_SHA
02:36:18.737 [Test worker] DEBUG o.a.h.c.s.SSLConnectionSocketFactory -  peer principal: CN=Thesis
02:36:18.737 [Test worker] DEBUG o.a.h.c.s.SSLConnectionSocketFactory -  issuer principal: EMAILADDRESS=sha@yamil.com, CN=Thesis, OU=Open, O=Fra, L=BER, ST=BER, C=DE
02:36:18.738 [Test worker] DEBUG o.a.h.i.c.DefaultHttpClientConnectionOperator - Connection established 127.0.0.1:41322<->127.0.1.1:2376
02:36:18.738 [Test worker] DEBUG o.a.h.impl.execchain.MainClientExec - Executing request GET /networks HTTP/1.1
02:36:18.740 [Test worker] DEBUG o.a.h.impl.execchain.MainClientExec - Target auth state: UNCHALLENGED
02:36:18.740 [Test worker] DEBUG o.a.h.impl.execchain.MainClientExec - Proxy auth state: UNCHALLENGED
02:36:18.740 [Test worker] DEBUG org.apache.http.headers - http-outgoing-12 >> GET /networks HTTP/1.1
02:36:18.740 [Test worker] DEBUG org.apache.http.headers - http-outgoing-12 >> Accept: application/json
02:36:18.740 [Test worker] DEBUG org.apache.http.headers - http-outgoing-12 >> User-Agent: Jersey/2.23.1 (Apache HttpClient 4.5.1)
02:36:18.741 [Test worker] DEBUG org.apache.http.headers - http-outgoing-12 >> Host: Thesis:2376
02:36:18.741 [Test worker] DEBUG org.apache.http.headers - http-outgoing-12 >> Connection: Keep-Alive
02:36:18.741 [Test worker] DEBUG org.apache.http.headers - http-outgoing-12 >> Accept-Encoding: gzip,deflate
02:36:18.741 [Test worker] DEBUG org.apache.http.wire - http-outgoing-12 >> "GET /networks HTTP/1.1[\r][\n]"
02:36:18.741 [Test worker] DEBUG org.apache.http.wire - http-outgoing-12 >> "Accept: application/json[\r][\n]"
02:36:18.741 [Test worker] DEBUG org.apache.http.wire - http-outgoing-12 >> "User-Agent: Jersey/2.23.1 (Apache HttpClient 4.5.1)[\r][\n]"
02:36:18.742 [Test worker] DEBUG org.apache.http.wire - http-outgoing-12 >> "Host: Thesis:2376[\r][\n]"
02:36:18.742 [Test worker] DEBUG org.apache.http.wire - http-outgoing-12 >> "Connection: Keep-Alive[\r][\n]"
02:36:18.742 [Test worker] DEBUG org.apache.http.wire - http-outgoing-12 >> "Accept-Encoding: gzip,deflate[\r][\n]"
02:36:18.742 [Test worker] DEBUG org.apache.http.wire - http-outgoing-12 >> "[\r][\n]"
02:36:18.743 [Test worker] DEBUG org.apache.http.wire - http-outgoing-12 << "H"
02:36:18.743 [Test worker] DEBUG org.apache.http.wire - http-outgoing-12 << "TTP/1.1 200 OK[\r][\n]"
02:36:18.744 [Test worker] DEBUG org.apache.http.wire - http-outgoing-12 << "Content-Type: application/json[\r][\n]"
02:36:18.745 [Test worker] DEBUG org.apache.http.wire - http-outgoing-12 << "Server: Docker/1.12.3 (linux)[\r][\n]"
02:36:18.745 [Test worker] DEBUG org.apache.http.wire - http-outgoing-12 << "Date: Tue, 03 Jan 2017 01:36:18 GMT[\r][\n]"
02:36:18.745 [Test worker] DEBUG org.apache.http.wire - http-outgoing-12 << "Content-Length: 1100[\r][\n]"
02:36:18.745 [Test worker] DEBUG org.apache.http.wire - http-outgoing-12 << "[\r][\n]"
02:36:18.745 [Test worker] DEBUG org.apache.http.wire - http-outgoing-12 << "[{"Name":"none","Id":"4d89c194eb79cd2beb38458d10a1b98c74d6b8462af72afde29ae7aca53ed5ca","Scope":"local","Driver":"null","EnableIPv6":false,"IPAM":{"Driver":"default","Options":null,"Config":[]},"Internal":false,"Containers":{},"Options":{},"Labels":{}},{"Name":"bridge","Id":"e0d36057aa1769e9fd52ba88be81b698b495f9b6b4946d0f98f24d971a27fc98","Scope":"local","Driver":"bridge","EnableIPv6":false,"IPAM":{"Driver":"default","Options":null,"Config":[{"Subnet":"172.17.0.0/16","Gateway":"172.17.0.1"}]},"Internal":false,"Containers":{},"Options":{"com.docker.network.bridge.default_bridge":"true","com.docker.network.bridge.enable_icc":"true","com.docker.network.bridge.enable_ip_masquerade":"true","com.docker.network.bridge.host_binding_ipv4":"0.0.0.0","com.docker.network.bridge.name":"docker0","com.docker.network.driver.mtu":"1500"},"Labels":{}},{"Name":"host","Id":"fe042b0866671b5be4f097ba43830c0a02959c058702d18e18c14a24d88a357d","Scope":"local","Driver":"host","EnableIPv6":false,"IPAM":{"Driver":"default","Options":null,"Config":[]},"Internal":false,"Containers":{},"Options":{},"Labels":{}}][\n]"
02:36:18.745 [Test worker] DEBUG org.apache.http.headers - http-outgoing-12 << HTTP/1.1 200 OK
02:36:18.746 [Test worker] DEBUG org.apache.http.headers - http-outgoing-12 << Content-Type: application/json
02:36:18.746 [Test worker] DEBUG org.apache.http.headers - http-outgoing-12 << Server: Docker/1.12.3 (linux)
02:36:18.746 [Test worker] DEBUG org.apache.http.headers - http-outgoing-12 << Date: Tue, 03 Jan 2017 01:36:18 GMT
02:36:18.746 [Test worker] DEBUG org.apache.http.headers - http-outgoing-12 << Content-Length: 1100
02:36:18.747 [Test worker] DEBUG o.a.h.impl.execchain.MainClientExec - Connection can be kept alive indefinitely
02:36:18.747 [Test worker] DEBUG c.g.d.j.JerseyDockerCmdExecFactory - 4 * Client response received on thread Test worker
4 < 200
4 < Content-Length: 1100
4 < Content-Type: application/json
4 < Date: Tue, 03 Jan 2017 01:36:18 GMT
4 < Server: Docker/1.12.3 (linux)
[{"Name":"none","Id":"4d89c194eb79cd2beb38458d10a1b98c74d6b8462af72afde29ae7aca53ed5ca","Scope":"local","Driver":"null","EnableIPv6":false,"IPAM":{"Driver":"default","Options":null,"Config":[]},"Internal":false,"Containers":{},"Options":{},"Labels":{}},{"Name":"bridge","Id":"e0d36057aa1769e9fd52ba88be81b698b495f9b6b4946d0f98f24d971a27fc98","Scope":"local","Driver":"bridge","EnableIPv6":false,"IPAM":{"Driver":"default","Options":null,"Config":[{"Subnet":"172.17.0.0/16","Gateway":"172.17.0.1"}]},"Internal":false,"Containers":{},"Options":{"com.docker.network.bridge.default_bridge":"true","com.docker.network.bridge.enable_icc":"true","com.docker.network.bridge.enable_ip_masquerade":"true","com.docker.network.bridge.host_binding_ipv4":"0.0.0.0","com.docker.network.bridge.name":"docker0","com.docker.network.driver.mtu":"1500"},"Labels":{}},{"Name":"host","Id":"fe042b0866671b5be4f097ba43830c0a02959c058702d18e18c14a24d88a357d","Scope":"local","Driver":"host","EnableIPv6":false,"IPAM":{"Driver":"default","Options":null,"Config":[]},"Internal":false,"Containers":{},"Options":{},"Labels":{}}]


02:36:18.753 [Test worker] DEBUG o.a.h.i.c.DefaultManagedHttpClientConnection - http-outgoing-12: Close connection
02:36:18.753 [Test worker] DEBUG o.a.h.impl.execchain.MainClientExec - Connection discarded
02:36:18.754 [Test worker] DEBUG c.g.d.j.JerseyDockerCmdExecFactory$1 - Connection released: [id: 12][route: {s}->https://Thesis:2376][total kept alive: 1; route allocated: 1 of 2; total allocated: 1 of 20]
02:36:18.754 [Test worker] DEBUG c.g.d.core.command.AbstrDockerCmd - Cmd: com.github.dockerjava.core.util.FiltersBuilder@0,com.github.dockerjava.jaxrs.ListVolumesCmdExec@2f8e7de
02:36:18.754 [Test worker] DEBUG c.g.d.j.JerseyDockerCmdExecFactory - 5 * Sending client request on thread Test worker
5 > GET https://Thesis:2376/volumes
5 > Accept: application/json

02:36:18.755 [Test worker] DEBUG o.a.h.c.protocol.RequestAddCookies - CookieSpec selected: default
02:36:18.755 [Test worker] DEBUG o.a.h.c.protocol.RequestAuthCache - Auth cache not set in the context
02:36:18.755 [Test worker] DEBUG c.g.d.j.JerseyDockerCmdExecFactory$1 - Connection request: [route: {s}->https://Thesis:2376][total kept alive: 1; route allocated: 1 of 2; total allocated: 1 of 20]
02:36:18.756 [Test worker] DEBUG c.g.d.j.JerseyDockerCmdExecFactory$1 - Connection leased: [id: 13][route: {s}->https://Thesis:2376][total kept alive: 1; route allocated: 2 of 2; total allocated: 2 of 20]
02:36:18.756 [Test worker] DEBUG o.a.h.impl.execchain.MainClientExec - Opening connection {s}->https://Thesis:2376
02:36:18.756 [Test worker] DEBUG o.a.h.i.c.DefaultHttpClientConnectionOperator - Connecting to Thesis/127.0.1.1:2376
02:36:18.756 [Test worker] DEBUG o.a.h.c.s.SSLConnectionSocketFactory - Connecting socket to Thesis/127.0.1.1:2376 with timeout 0
02:36:18.758 [Test worker] DEBUG o.a.h.c.s.SSLConnectionSocketFactory - Enabled protocols: [TLSv1]
02:36:18.758 [Test worker] DEBUG o.a.h.c.s.SSLConnectionSocketFactory - Enabled cipher suites:[TLS_ECDHE_ECDSA_WITH_AES_128_CBC_SHA, TLS_ECDHE_RSA_WITH_AES_128_CBC_SHA, TLS_RSA_WITH_AES_128_CBC_SHA, TLS_ECDH_ECDSA_WITH_AES_128_CBC_SHA, TLS_ECDH_RSA_WITH_AES_128_CBC_SHA, TLS_DHE_RSA_WITH_AES_128_CBC_SHA, TLS_DHE_DSS_WITH_AES_128_CBC_SHA, TLS_ECDHE_ECDSA_WITH_3DES_EDE_CBC_SHA, TLS_ECDHE_RSA_WITH_3DES_EDE_CBC_SHA, SSL_RSA_WITH_3DES_EDE_CBC_SHA, TLS_ECDH_ECDSA_WITH_3DES_EDE_CBC_SHA, TLS_ECDH_RSA_WITH_3DES_EDE_CBC_SHA, SSL_DHE_RSA_WITH_3DES_EDE_CBC_SHA, SSL_DHE_DSS_WITH_3DES_EDE_CBC_SHA, TLS_ECDHE_ECDSA_WITH_RC4_128_SHA, TLS_ECDHE_RSA_WITH_RC4_128_SHA, SSL_RSA_WITH_RC4_128_SHA, TLS_ECDH_ECDSA_WITH_RC4_128_SHA, TLS_ECDH_RSA_WITH_RC4_128_SHA, SSL_RSA_WITH_RC4_128_MD5, TLS_EMPTY_RENEGOTIATION_INFO_SCSV]
02:36:18.758 [Test worker] DEBUG o.a.h.c.s.SSLConnectionSocketFactory - Starting handshake
02:36:18.823 [Test worker] DEBUG o.a.h.c.s.SSLConnectionSocketFactory - Secure session established
02:36:18.824 [Test worker] DEBUG o.a.h.c.s.SSLConnectionSocketFactory -  negotiated protocol: TLSv1
02:36:18.824 [Test worker] DEBUG o.a.h.c.s.SSLConnectionSocketFactory -  negotiated cipher suite: TLS_ECDHE_RSA_WITH_AES_128_CBC_SHA
02:36:18.824 [Test worker] DEBUG o.a.h.c.s.SSLConnectionSocketFactory -  peer principal: CN=Thesis
02:36:18.824 [Test worker] DEBUG o.a.h.c.s.SSLConnectionSocketFactory -  issuer principal: EMAILADDRESS=sha@yamil.com, CN=Thesis, OU=Open, O=Fra, L=BER, ST=BER, C=DE
02:36:18.824 [Test worker] DEBUG o.a.h.i.c.DefaultHttpClientConnectionOperator - Connection established 127.0.0.1:41324<->127.0.1.1:2376
02:36:18.825 [Test worker] DEBUG o.a.h.impl.execchain.MainClientExec - Executing request GET /volumes HTTP/1.1
02:36:18.825 [Test worker] DEBUG o.a.h.impl.execchain.MainClientExec - Target auth state: UNCHALLENGED
02:36:18.825 [Test worker] DEBUG o.a.h.impl.execchain.MainClientExec - Proxy auth state: UNCHALLENGED
02:36:18.825 [Test worker] DEBUG org.apache.http.headers - http-outgoing-13 >> GET /volumes HTTP/1.1
02:36:18.825 [Test worker] DEBUG org.apache.http.headers - http-outgoing-13 >> Accept: application/json
02:36:18.826 [Test worker] DEBUG org.apache.http.headers - http-outgoing-13 >> User-Agent: Jersey/2.23.1 (Apache HttpClient 4.5.1)
02:36:18.826 [Test worker] DEBUG org.apache.http.headers - http-outgoing-13 >> Host: Thesis:2376
02:36:18.826 [Test worker] DEBUG org.apache.http.headers - http-outgoing-13 >> Connection: Keep-Alive
02:36:18.826 [Test worker] DEBUG org.apache.http.headers - http-outgoing-13 >> Accept-Encoding: gzip,deflate
02:36:18.833 [Test worker] DEBUG org.apache.http.wire - http-outgoing-13 >> "GET /volumes HTTP/1.1[\r][\n]"
02:36:18.833 [Test worker] DEBUG org.apache.http.wire - http-outgoing-13 >> "Accept: application/json[\r][\n]"
02:36:18.834 [Test worker] DEBUG org.apache.http.wire - http-outgoing-13 >> "User-Agent: Jersey/2.23.1 (Apache HttpClient 4.5.1)[\r][\n]"
02:36:18.834 [Test worker] DEBUG org.apache.http.wire - http-outgoing-13 >> "Host: Thesis:2376[\r][\n]"
02:36:18.834 [Test worker] DEBUG org.apache.http.wire - http-outgoing-13 >> "Connection: Keep-Alive[\r][\n]"
02:36:18.834 [Test worker] DEBUG org.apache.http.wire - http-outgoing-13 >> "Accept-Encoding: gzip,deflate[\r][\n]"
02:36:18.834 [Test worker] DEBUG org.apache.http.wire - http-outgoing-13 >> "[\r][\n]"
02:36:18.835 [Test worker] DEBUG org.apache.http.wire - http-outgoing-13 << "H"
02:36:18.835 [Test worker] DEBUG org.apache.http.wire - http-outgoing-13 << "TTP/1.1 200 OK[\r][\n]"
02:36:18.835 [Test worker] DEBUG org.apache.http.wire - http-outgoing-13 << "Content-Type: application/json[\r][\n]"
02:36:18.836 [Test worker] DEBUG org.apache.http.wire - http-outgoing-13 << "Server: Docker/1.12.3 (linux)[\r][\n]"
02:36:18.836 [Test worker] DEBUG org.apache.http.wire - http-outgoing-13 << "Date: Tue, 03 Jan 2017 01:36:18 GMT[\r][\n]"
02:36:18.836 [Test worker] DEBUG org.apache.http.wire - http-outgoing-13 << "Content-Length: 33[\r][\n]"
02:36:18.836 [Test worker] DEBUG org.apache.http.wire - http-outgoing-13 << "[\r][\n]"
02:36:18.836 [Test worker] DEBUG org.apache.http.wire - http-outgoing-13 << "{"Volumes":null,"Warnings":null}[\n]"
02:36:18.836 [Test worker] DEBUG org.apache.http.headers - http-outgoing-13 << HTTP/1.1 200 OK
02:36:18.837 [Test worker] DEBUG org.apache.http.headers - http-outgoing-13 << Content-Type: application/json
02:36:18.837 [Test worker] DEBUG org.apache.http.headers - http-outgoing-13 << Server: Docker/1.12.3 (linux)
02:36:18.837 [Test worker] DEBUG org.apache.http.headers - http-outgoing-13 << Date: Tue, 03 Jan 2017 01:36:18 GMT
02:36:18.837 [Test worker] DEBUG org.apache.http.headers - http-outgoing-13 << Content-Length: 33
02:36:18.837 [Test worker] DEBUG o.a.h.impl.execchain.MainClientExec - Connection can be kept alive indefinitely
02:36:18.838 [Test worker] DEBUG c.g.d.j.JerseyDockerCmdExecFactory - 6 * Client response received on thread Test worker
6 < 200
6 < Content-Length: 33
6 < Content-Type: application/json
6 < Date: Tue, 03 Jan 2017 01:36:18 GMT
6 < Server: Docker/1.12.3 (linux)
{"Volumes":null,"Warnings":null}


02:36:18.840 [Test worker] DEBUG o.a.h.i.c.DefaultManagedHttpClientConnection - http-outgoing-13: Close connection
02:36:18.841 [Test worker] DEBUG o.a.h.impl.execchain.MainClientExec - Connection discarded
02:36:18.841 [Test worker] DEBUG c.g.d.j.JerseyDockerCmdExecFactory$1 - Connection released: [id: 13][route: {s}->https://Thesis:2376][total kept alive: 1; route allocated: 1 of 2; total allocated: 1 of 20]
02:36:18.841 [Test worker] DEBUG c.g.d.core.command.AbstrDockerCmd - Cmd: MyNetwork,<null>,<null>,{},true,<null>,<null>,com.github.dockerjava.jaxrs.CreateNetworkCmdExec@64d2aa7b
02:36:18.842 [Test worker] DEBUG o.a.h.c.protocol.RequestAddCookies - CookieSpec selected: default
02:36:18.843 [Test worker] DEBUG o.a.h.c.protocol.RequestAuthCache - Auth cache not set in the context
02:36:18.844 [Test worker] DEBUG c.g.d.j.JerseyDockerCmdExecFactory$1 - Connection request: [route: {s}->https://Thesis:2376][total kept alive: 1; route allocated: 1 of 2; total allocated: 1 of 20]
02:36:18.844 [Test worker] DEBUG c.g.d.j.JerseyDockerCmdExecFactory$1 - Connection leased: [id: 14][route: {s}->https://Thesis:2376][total kept alive: 1; route allocated: 2 of 2; total allocated: 2 of 20]
02:36:18.844 [Test worker] DEBUG o.a.h.impl.execchain.MainClientExec - Opening connection {s}->https://Thesis:2376
02:36:18.844 [Test worker] DEBUG o.a.h.i.c.DefaultHttpClientConnectionOperator - Connecting to Thesis/127.0.1.1:2376
02:36:18.844 [Test worker] DEBUG o.a.h.c.s.SSLConnectionSocketFactory - Connecting socket to Thesis/127.0.1.1:2376 with timeout 0
02:36:18.860 [Test worker] DEBUG o.a.h.c.s.SSLConnectionSocketFactory - Enabled protocols: [TLSv1]
02:36:18.860 [Test worker] DEBUG o.a.h.c.s.SSLConnectionSocketFactory - Enabled cipher suites:[TLS_ECDHE_ECDSA_WITH_AES_128_CBC_SHA, TLS_ECDHE_RSA_WITH_AES_128_CBC_SHA, TLS_RSA_WITH_AES_128_CBC_SHA, TLS_ECDH_ECDSA_WITH_AES_128_CBC_SHA, TLS_ECDH_RSA_WITH_AES_128_CBC_SHA, TLS_DHE_RSA_WITH_AES_128_CBC_SHA, TLS_DHE_DSS_WITH_AES_128_CBC_SHA, TLS_ECDHE_ECDSA_WITH_3DES_EDE_CBC_SHA, TLS_ECDHE_RSA_WITH_3DES_EDE_CBC_SHA, SSL_RSA_WITH_3DES_EDE_CBC_SHA, TLS_ECDH_ECDSA_WITH_3DES_EDE_CBC_SHA, TLS_ECDH_RSA_WITH_3DES_EDE_CBC_SHA, SSL_DHE_RSA_WITH_3DES_EDE_CBC_SHA, SSL_DHE_DSS_WITH_3DES_EDE_CBC_SHA, TLS_ECDHE_ECDSA_WITH_RC4_128_SHA, TLS_ECDHE_RSA_WITH_RC4_128_SHA, SSL_RSA_WITH_RC4_128_SHA, TLS_ECDH_ECDSA_WITH_RC4_128_SHA, TLS_ECDH_RSA_WITH_RC4_128_SHA, SSL_RSA_WITH_RC4_128_MD5, TLS_EMPTY_RENEGOTIATION_INFO_SCSV]
02:36:18.860 [Test worker] DEBUG o.a.h.c.s.SSLConnectionSocketFactory - Starting handshake
02:36:18.933 [Test worker] DEBUG o.a.h.c.s.SSLConnectionSocketFactory - Secure session established
02:36:18.933 [Test worker] DEBUG o.a.h.c.s.SSLConnectionSocketFactory -  negotiated protocol: TLSv1
02:36:18.933 [Test worker] DEBUG o.a.h.c.s.SSLConnectionSocketFactory -  negotiated cipher suite: TLS_ECDHE_RSA_WITH_AES_128_CBC_SHA
02:36:18.933 [Test worker] DEBUG o.a.h.c.s.SSLConnectionSocketFactory -  peer principal: CN=Thesis
02:36:18.933 [Test worker] DEBUG o.a.h.c.s.SSLConnectionSocketFactory -  issuer principal: EMAILADDRESS=sha@yamil.com, CN=Thesis, OU=Open, O=Fra, L=BER, ST=BER, C=DE
02:36:18.934 [Test worker] DEBUG o.a.h.i.c.DefaultHttpClientConnectionOperator - Connection established 127.0.0.1:41326<->127.0.1.1:2376
02:36:18.934 [Test worker] DEBUG o.a.h.impl.execchain.MainClientExec - Executing request POST /networks/create HTTP/1.1
02:36:18.934 [Test worker] DEBUG o.a.h.impl.execchain.MainClientExec - Target auth state: UNCHALLENGED
02:36:18.934 [Test worker] DEBUG o.a.h.impl.execchain.MainClientExec - Proxy auth state: UNCHALLENGED
02:36:18.935 [Test worker] DEBUG org.apache.http.headers - http-outgoing-14 >> POST /networks/create HTTP/1.1
02:36:18.935 [Test worker] DEBUG org.apache.http.headers - http-outgoing-14 >> Accept: application/json
02:36:18.935 [Test worker] DEBUG org.apache.http.headers - http-outgoing-14 >> Content-Type: application/json
02:36:18.935 [Test worker] DEBUG org.apache.http.headers - http-outgoing-14 >> User-Agent: Jersey/2.23.1 (Apache HttpClient 4.5.1)
02:36:18.935 [Test worker] DEBUG org.apache.http.headers - http-outgoing-14 >> Transfer-Encoding: chunked
02:36:18.935 [Test worker] DEBUG org.apache.http.headers - http-outgoing-14 >> Host: Thesis:2376
02:36:18.936 [Test worker] DEBUG org.apache.http.headers - http-outgoing-14 >> Connection: Keep-Alive
02:36:18.936 [Test worker] DEBUG org.apache.http.headers - http-outgoing-14 >> Accept-Encoding: gzip,deflate
02:36:18.939 [Test worker] DEBUG c.g.d.j.JerseyDockerCmdExecFactory - 7 * Sending client request on thread Test worker
7 > POST https://Thesis:2376/networks/create
7 > Accept: application/json
7 > Content-Type: application/json
{"enableIPv6":null,"Name":"MyNetwork","Driver":null,"IPAM":null,"Options":{},"CheckDuplicate":true,"Internal":null,"EnableIPv6":null}

02:36:18.940 [Test worker] DEBUG org.apache.http.wire - http-outgoing-14 >> "POST /networks/create HTTP/1.1[\r][\n]"
02:36:18.940 [Test worker] DEBUG org.apache.http.wire - http-outgoing-14 >> "Accept: application/json[\r][\n]"
02:36:18.940 [Test worker] DEBUG org.apache.http.wire - http-outgoing-14 >> "Content-Type: application/json[\r][\n]"
02:36:18.940 [Test worker] DEBUG org.apache.http.wire - http-outgoing-14 >> "User-Agent: Jersey/2.23.1 (Apache HttpClient 4.5.1)[\r][\n]"
02:36:18.940 [Test worker] DEBUG org.apache.http.wire - http-outgoing-14 >> "Transfer-Encoding: chunked[\r][\n]"
02:36:18.940 [Test worker] DEBUG org.apache.http.wire - http-outgoing-14 >> "Host: Thesis:2376[\r][\n]"
02:36:18.941 [Test worker] DEBUG org.apache.http.wire - http-outgoing-14 >> "Connection: Keep-Alive[\r][\n]"
02:36:18.941 [Test worker] DEBUG org.apache.http.wire - http-outgoing-14 >> "Accept-Encoding: gzip,deflate[\r][\n]"
02:36:18.941 [Test worker] DEBUG org.apache.http.wire - http-outgoing-14 >> "[\r][\n]"
02:36:18.941 [Test worker] DEBUG org.apache.http.wire - http-outgoing-14 >> "85[\r][\n]"
02:36:18.941 [Test worker] DEBUG org.apache.http.wire - http-outgoing-14 >> "{"enableIPv6":null,"Name":"MyNetwork","Driver":null,"IPAM":null,"Options":{},"CheckDuplicate":true,"Internal":null,"EnableIPv6":null}[\r][\n]"
02:36:18.941 [Test worker] DEBUG org.apache.http.wire - http-outgoing-14 >> "0[\r][\n]"
02:36:18.942 [Test worker] DEBUG org.apache.http.wire - http-outgoing-14 >> "[\r][\n]"
02:36:19.025 [Test worker] DEBUG org.apache.http.wire - http-outgoing-14 << "H"
02:36:19.025 [Test worker] DEBUG org.apache.http.wire - http-outgoing-14 << "TTP/1.1 201 Created[\r][\n]"
02:36:19.025 [Test worker] DEBUG org.apache.http.wire - http-outgoing-14 << "Content-Type: application/json[\r][\n]"
02:36:19.025 [Test worker] DEBUG org.apache.http.wire - http-outgoing-14 << "Server: Docker/1.12.3 (linux)[\r][\n]"
02:36:19.025 [Test worker] DEBUG org.apache.http.wire - http-outgoing-14 << "Date: Tue, 03 Jan 2017 01:36:19 GMT[\r][\n]"
02:36:19.025 [Test worker] DEBUG org.apache.http.wire - http-outgoing-14 << "Content-Length: 87[\r][\n]"
02:36:19.025 [Test worker] DEBUG org.apache.http.wire - http-outgoing-14 << "[\r][\n]"
02:36:19.025 [Test worker] DEBUG org.apache.http.wire - http-outgoing-14 << "{"Id":"f045c1120ce4fcff3241be6fa5edb16dcd20228f8c5606c2c35c24fb8f40de8a","Warning":""}[\n]"
02:36:19.025 [Test worker] DEBUG org.apache.http.headers - http-outgoing-14 << HTTP/1.1 201 Created
02:36:19.025 [Test worker] DEBUG org.apache.http.headers - http-outgoing-14 << Content-Type: application/json
02:36:19.025 [Test worker] DEBUG org.apache.http.headers - http-outgoing-14 << Server: Docker/1.12.3 (linux)
02:36:19.025 [Test worker] DEBUG org.apache.http.headers - http-outgoing-14 << Date: Tue, 03 Jan 2017 01:36:19 GMT
02:36:19.025 [Test worker] DEBUG org.apache.http.headers - http-outgoing-14 << Content-Length: 87
02:36:19.025 [Test worker] DEBUG o.a.h.impl.execchain.MainClientExec - Connection can be kept alive indefinitely
02:36:19.026 [Test worker] DEBUG c.g.d.j.JerseyDockerCmdExecFactory - 8 * Client response received on thread Test worker
8 < 201
8 < Content-Length: 87
8 < Content-Type: application/json
8 < Date: Tue, 03 Jan 2017 01:36:19 GMT
8 < Server: Docker/1.12.3 (linux)
{"Id":"f045c1120ce4fcff3241be6fa5edb16dcd20228f8c5606c2c35c24fb8f40de8a","Warning":""}


02:36:19.027 [Test worker] DEBUG o.a.h.i.c.DefaultManagedHttpClientConnection - http-outgoing-14: Close connection
02:36:19.030 [Test worker] DEBUG o.a.h.impl.execchain.MainClientExec - Connection discarded
02:36:19.031 [Test worker] DEBUG c.g.d.j.JerseyDockerCmdExecFactory$1 - Connection released: [id: 14][route: {s}->https://Thesis:2376][total kept alive: 1; route allocated: 1 of 2; total allocated: 1 of 20]
02:36:19.031 [Test worker] DEBUG c.g.d.core.command.AbstrDockerCmd - Cmd: f045c1120ce4fcff3241be6fa5edb16dcd20228f8c5606c2c35c24fb8f40de8a,com.github.dockerjava.jaxrs.InspectNetworkCmdExec@65076fbc
02:36:19.031 [Test worker] DEBUG c.g.d.jaxrs.ListNetworksCmdExec - GET: JerseyWebTarget { https://Thesis:2376/networks/f045c1120ce4fcff3241be6fa5edb16dcd20228f8c5606c2c35c24fb8f40de8a }
02:36:19.034 [Test worker] DEBUG c.g.d.j.JerseyDockerCmdExecFactory - 9 * Sending client request on thread Test worker
9 > GET https://Thesis:2376/networks/f045c1120ce4fcff3241be6fa5edb16dcd20228f8c5606c2c35c24fb8f40de8a
9 > Accept: application/json

02:36:19.040 [Test worker] DEBUG o.a.h.c.protocol.RequestAddCookies - CookieSpec selected: default
02:36:19.043 [Test worker] DEBUG o.a.h.c.protocol.RequestAuthCache - Auth cache not set in the context
02:36:19.044 [Test worker] DEBUG c.g.d.j.JerseyDockerCmdExecFactory$1 - Connection request: [route: {s}->https://Thesis:2376][total kept alive: 1; route allocated: 1 of 2; total allocated: 1 of 20]
02:36:19.044 [Test worker] DEBUG c.g.d.j.JerseyDockerCmdExecFactory$1 - Connection leased: [id: 15][route: {s}->https://Thesis:2376][total kept alive: 1; route allocated: 2 of 2; total allocated: 2 of 20]
02:36:19.045 [Test worker] DEBUG o.a.h.impl.execchain.MainClientExec - Opening connection {s}->https://Thesis:2376
02:36:19.047 [Test worker] DEBUG o.a.h.i.c.DefaultHttpClientConnectionOperator - Connecting to Thesis/127.0.1.1:2376
02:36:19.047 [Test worker] DEBUG o.a.h.c.s.SSLConnectionSocketFactory - Connecting socket to Thesis/127.0.1.1:2376 with timeout 0
02:36:19.050 [Test worker] DEBUG o.a.h.c.s.SSLConnectionSocketFactory - Enabled protocols: [TLSv1]
02:36:19.056 [Test worker] DEBUG o.a.h.c.s.SSLConnectionSocketFactory - Enabled cipher suites:[TLS_ECDHE_ECDSA_WITH_AES_128_CBC_SHA, TLS_ECDHE_RSA_WITH_AES_128_CBC_SHA, TLS_RSA_WITH_AES_128_CBC_SHA, TLS_ECDH_ECDSA_WITH_AES_128_CBC_SHA, TLS_ECDH_RSA_WITH_AES_128_CBC_SHA, TLS_DHE_RSA_WITH_AES_128_CBC_SHA, TLS_DHE_DSS_WITH_AES_128_CBC_SHA, TLS_ECDHE_ECDSA_WITH_3DES_EDE_CBC_SHA, TLS_ECDHE_RSA_WITH_3DES_EDE_CBC_SHA, SSL_RSA_WITH_3DES_EDE_CBC_SHA, TLS_ECDH_ECDSA_WITH_3DES_EDE_CBC_SHA, TLS_ECDH_RSA_WITH_3DES_EDE_CBC_SHA, SSL_DHE_RSA_WITH_3DES_EDE_CBC_SHA, SSL_DHE_DSS_WITH_3DES_EDE_CBC_SHA, TLS_ECDHE_ECDSA_WITH_RC4_128_SHA, TLS_ECDHE_RSA_WITH_RC4_128_SHA, SSL_RSA_WITH_RC4_128_SHA, TLS_ECDH_ECDSA_WITH_RC4_128_SHA, TLS_ECDH_RSA_WITH_RC4_128_SHA, SSL_RSA_WITH_RC4_128_MD5, TLS_EMPTY_RENEGOTIATION_INFO_SCSV]
02:36:19.059 [Test worker] DEBUG o.a.h.c.s.SSLConnectionSocketFactory - Starting handshake
02:36:19.184 [Test worker] DEBUG o.a.h.c.s.SSLConnectionSocketFactory - Secure session established
02:36:19.184 [Test worker] DEBUG o.a.h.c.s.SSLConnectionSocketFactory -  negotiated protocol: TLSv1
02:36:19.184 [Test worker] DEBUG o.a.h.c.s.SSLConnectionSocketFactory -  negotiated cipher suite: TLS_ECDHE_RSA_WITH_AES_128_CBC_SHA
02:36:19.184 [Test worker] DEBUG o.a.h.c.s.SSLConnectionSocketFactory -  peer principal: CN=Thesis
02:36:19.185 [Test worker] DEBUG o.a.h.c.s.SSLConnectionSocketFactory -  issuer principal: EMAILADDRESS=sha@yamil.com, CN=Thesis, OU=Open, O=Fra, L=BER, ST=BER, C=DE
02:36:19.185 [Test worker] DEBUG o.a.h.i.c.DefaultHttpClientConnectionOperator - Connection established 127.0.0.1:41328<->127.0.1.1:2376
02:36:19.185 [Test worker] DEBUG o.a.h.impl.execchain.MainClientExec - Executing request GET /networks/f045c1120ce4fcff3241be6fa5edb16dcd20228f8c5606c2c35c24fb8f40de8a HTTP/1.1
02:36:19.185 [Test worker] DEBUG o.a.h.impl.execchain.MainClientExec - Target auth state: UNCHALLENGED
02:36:19.185 [Test worker] DEBUG o.a.h.impl.execchain.MainClientExec - Proxy auth state: UNCHALLENGED
02:36:19.186 [Test worker] DEBUG org.apache.http.headers - http-outgoing-15 >> GET /networks/f045c1120ce4fcff3241be6fa5edb16dcd20228f8c5606c2c35c24fb8f40de8a HTTP/1.1
02:36:19.186 [Test worker] DEBUG org.apache.http.headers - http-outgoing-15 >> Accept: application/json
02:36:19.186 [Test worker] DEBUG org.apache.http.headers - http-outgoing-15 >> User-Agent: Jersey/2.23.1 (Apache HttpClient 4.5.1)
02:36:19.186 [Test worker] DEBUG org.apache.http.headers - http-outgoing-15 >> Host: Thesis:2376
02:36:19.186 [Test worker] DEBUG org.apache.http.headers - http-outgoing-15 >> Connection: Keep-Alive
02:36:19.187 [Test worker] DEBUG org.apache.http.headers - http-outgoing-15 >> Accept-Encoding: gzip,deflate
02:36:19.187 [Test worker] DEBUG org.apache.http.wire - http-outgoing-15 >> "GET /networks/f045c1120ce4fcff3241be6fa5edb16dcd20228f8c5606c2c35c24fb8f40de8a HTTP/1.1[\r][\n]"
02:36:19.187 [Test worker] DEBUG org.apache.http.wire - http-outgoing-15 >> "Accept: application/json[\r][\n]"
02:36:19.187 [Test worker] DEBUG org.apache.http.wire - http-outgoing-15 >> "User-Agent: Jersey/2.23.1 (Apache HttpClient 4.5.1)[\r][\n]"
02:36:19.187 [Test worker] DEBUG org.apache.http.wire - http-outgoing-15 >> "Host: Thesis:2376[\r][\n]"
02:36:19.187 [Test worker] DEBUG org.apache.http.wire - http-outgoing-15 >> "Connection: Keep-Alive[\r][\n]"
02:36:19.188 [Test worker] DEBUG org.apache.http.wire - http-outgoing-15 >> "Accept-Encoding: gzip,deflate[\r][\n]"
02:36:19.188 [Test worker] DEBUG org.apache.http.wire - http-outgoing-15 >> "[\r][\n]"
02:36:19.188 [Test worker] DEBUG org.apache.http.wire - http-outgoing-15 << "H"
02:36:19.189 [Test worker] DEBUG org.apache.http.wire - http-outgoing-15 << "TTP/1.1 200 OK[\r][\n]"
02:36:19.189 [Test worker] DEBUG org.apache.http.wire - http-outgoing-15 << "Content-Type: application/json[\r][\n]"
02:36:19.192 [Test worker] DEBUG org.apache.http.wire - http-outgoing-15 << "Server: Docker/1.12.3 (linux)[\r][\n]"
02:36:19.192 [Test worker] DEBUG org.apache.http.wire - http-outgoing-15 << "Date: Tue, 03 Jan 2017 01:36:19 GMT[\r][\n]"
02:36:19.193 [Test worker] DEBUG org.apache.http.wire - http-outgoing-15 << "Content-Length: 311[\r][\n]"
02:36:19.193 [Test worker] DEBUG org.apache.http.wire - http-outgoing-15 << "[\r][\n]"
02:36:19.193 [Test worker] DEBUG org.apache.http.wire - http-outgoing-15 << "{"Name":"MyNetwork","Id":"f045c1120ce4fcff3241be6fa5edb16dcd20228f8c5606c2c35c24fb8f40de8a","Scope":"local","Driver":"bridge","EnableIPv6":false,"IPAM":{"Driver":"default","Options":null,"Config":[{"Subnet":"172.18.0.0/16","Gateway":"172.18.0.1/16"}]},"Internal":false,"Containers":{},"Options":{},"Labels":{}}[\n]"
02:36:19.193 [Test worker] DEBUG org.apache.http.headers - http-outgoing-15 << HTTP/1.1 200 OK
02:36:19.193 [Test worker] DEBUG org.apache.http.headers - http-outgoing-15 << Content-Type: application/json
02:36:19.194 [Test worker] DEBUG org.apache.http.headers - http-outgoing-15 << Server: Docker/1.12.3 (linux)
02:36:19.194 [Test worker] DEBUG org.apache.http.headers - http-outgoing-15 << Date: Tue, 03 Jan 2017 01:36:19 GMT
02:36:19.194 [Test worker] DEBUG org.apache.http.headers - http-outgoing-15 << Content-Length: 311
02:36:19.194 [Test worker] DEBUG o.a.h.impl.execchain.MainClientExec - Connection can be kept alive indefinitely
02:36:19.195 [Test worker] DEBUG c.g.d.j.JerseyDockerCmdExecFactory - 10 * Client response received on thread Test worker
10 < 200
10 < Content-Length: 311
10 < Content-Type: application/json
10 < Date: Tue, 03 Jan 2017 01:36:19 GMT
10 < Server: Docker/1.12.3 (linux)
{"Name":"MyNetwork","Id":"f045c1120ce4fcff3241be6fa5edb16dcd20228f8c5606c2c35c24fb8f40de8a","Scope":"local","Driver":"bridge","EnableIPv6":false,"IPAM":{"Driver":"default","Options":null,"Config":[{"Subnet":"172.18.0.0/16","Gateway":"172.18.0.1/16"}]},"Internal":false,"Containers":{},"Options":{},"Labels":{}}


02:36:19.196 [Test worker] DEBUG o.a.h.i.c.DefaultManagedHttpClientConnection - http-outgoing-15: Close connection
02:36:19.197 [Test worker] DEBUG o.a.h.impl.execchain.MainClientExec - Connection discarded
02:36:19.197 [Test worker] DEBUG c.g.d.j.JerseyDockerCmdExecFactory$1 - Connection released: [id: 15][route: {s}->https://Thesis:2376][total kept alive: 1; route allocated: 1 of 2; total allocated: 1 of 20]
02:36:19.197 [Test worker] DEBUG org.openbaton.docker.DockerVim - Network successfully created
02:36:19.197 [Test worker] DEBUG c.g.d.core.command.AbstrDockerCmd - Cmd: com.github.dockerjava.core.util.FiltersBuilder@0,com.github.dockerjava.jaxrs.ListNetworksCmdExec@92bf163
02:36:19.198 [Test worker] DEBUG c.g.d.j.JerseyDockerCmdExecFactory - 11 * Sending client request on thread Test worker
11 > GET https://Thesis:2376/networks
11 > Accept: application/json

02:36:19.199 [Test worker] DEBUG o.a.h.c.protocol.RequestAddCookies - CookieSpec selected: default
02:36:19.200 [Test worker] DEBUG o.a.h.c.protocol.RequestAuthCache - Auth cache not set in the context
02:36:19.200 [Test worker] DEBUG c.g.d.j.JerseyDockerCmdExecFactory$1 - Connection request: [route: {s}->https://Thesis:2376][total kept alive: 1; route allocated: 1 of 2; total allocated: 1 of 20]
02:36:19.200 [Test worker] DEBUG c.g.d.j.JerseyDockerCmdExecFactory$1 - Connection leased: [id: 16][route: {s}->https://Thesis:2376][total kept alive: 1; route allocated: 2 of 2; total allocated: 2 of 20]
02:36:19.200 [Test worker] DEBUG o.a.h.impl.execchain.MainClientExec - Opening connection {s}->https://Thesis:2376
02:36:19.200 [Test worker] DEBUG o.a.h.i.c.DefaultHttpClientConnectionOperator - Connecting to Thesis/127.0.1.1:2376
02:36:19.201 [Test worker] DEBUG o.a.h.c.s.SSLConnectionSocketFactory - Connecting socket to Thesis/127.0.1.1:2376 with timeout 0
02:36:19.214 [Test worker] DEBUG o.a.h.c.s.SSLConnectionSocketFactory - Enabled protocols: [TLSv1]
02:36:19.215 [Test worker] DEBUG o.a.h.c.s.SSLConnectionSocketFactory - Enabled cipher suites:[TLS_ECDHE_ECDSA_WITH_AES_128_CBC_SHA, TLS_ECDHE_RSA_WITH_AES_128_CBC_SHA, TLS_RSA_WITH_AES_128_CBC_SHA, TLS_ECDH_ECDSA_WITH_AES_128_CBC_SHA, TLS_ECDH_RSA_WITH_AES_128_CBC_SHA, TLS_DHE_RSA_WITH_AES_128_CBC_SHA, TLS_DHE_DSS_WITH_AES_128_CBC_SHA, TLS_ECDHE_ECDSA_WITH_3DES_EDE_CBC_SHA, TLS_ECDHE_RSA_WITH_3DES_EDE_CBC_SHA, SSL_RSA_WITH_3DES_EDE_CBC_SHA, TLS_ECDH_ECDSA_WITH_3DES_EDE_CBC_SHA, TLS_ECDH_RSA_WITH_3DES_EDE_CBC_SHA, SSL_DHE_RSA_WITH_3DES_EDE_CBC_SHA, SSL_DHE_DSS_WITH_3DES_EDE_CBC_SHA, TLS_ECDHE_ECDSA_WITH_RC4_128_SHA, TLS_ECDHE_RSA_WITH_RC4_128_SHA, SSL_RSA_WITH_RC4_128_SHA, TLS_ECDH_ECDSA_WITH_RC4_128_SHA, TLS_ECDH_RSA_WITH_RC4_128_SHA, SSL_RSA_WITH_RC4_128_MD5, TLS_EMPTY_RENEGOTIATION_INFO_SCSV]
02:36:19.215 [Test worker] DEBUG o.a.h.c.s.SSLConnectionSocketFactory - Starting handshake
02:36:19.277 [Test worker] DEBUG o.a.h.c.s.SSLConnectionSocketFactory - Secure session established
02:36:19.277 [Test worker] DEBUG o.a.h.c.s.SSLConnectionSocketFactory -  negotiated protocol: TLSv1
02:36:19.277 [Test worker] DEBUG o.a.h.c.s.SSLConnectionSocketFactory -  negotiated cipher suite: TLS_ECDHE_RSA_WITH_AES_128_CBC_SHA
02:36:19.277 [Test worker] DEBUG o.a.h.c.s.SSLConnectionSocketFactory -  peer principal: CN=Thesis
02:36:19.278 [Test worker] DEBUG o.a.h.c.s.SSLConnectionSocketFactory -  issuer principal: EMAILADDRESS=sha@yamil.com, CN=Thesis, OU=Open, O=Fra, L=BER, ST=BER, C=DE
02:36:19.278 [Test worker] DEBUG o.a.h.i.c.DefaultHttpClientConnectionOperator - Connection established 127.0.0.1:41330<->127.0.1.1:2376
02:36:19.278 [Test worker] DEBUG o.a.h.impl.execchain.MainClientExec - Executing request GET /networks HTTP/1.1
02:36:19.278 [Test worker] DEBUG o.a.h.impl.execchain.MainClientExec - Target auth state: UNCHALLENGED
02:36:19.278 [Test worker] DEBUG o.a.h.impl.execchain.MainClientExec - Proxy auth state: UNCHALLENGED
02:36:19.279 [Test worker] DEBUG org.apache.http.headers - http-outgoing-16 >> GET /networks HTTP/1.1
02:36:19.279 [Test worker] DEBUG org.apache.http.headers - http-outgoing-16 >> Accept: application/json
02:36:19.279 [Test worker] DEBUG org.apache.http.headers - http-outgoing-16 >> User-Agent: Jersey/2.23.1 (Apache HttpClient 4.5.1)
02:36:19.279 [Test worker] DEBUG org.apache.http.headers - http-outgoing-16 >> Host: Thesis:2376
02:36:19.279 [Test worker] DEBUG org.apache.http.headers - http-outgoing-16 >> Connection: Keep-Alive
02:36:19.280 [Test worker] DEBUG org.apache.http.headers - http-outgoing-16 >> Accept-Encoding: gzip,deflate
02:36:19.280 [Test worker] DEBUG org.apache.http.wire - http-outgoing-16 >> "GET /networks HTTP/1.1[\r][\n]"
02:36:19.280 [Test worker] DEBUG org.apache.http.wire - http-outgoing-16 >> "Accept: application/json[\r][\n]"
02:36:19.280 [Test worker] DEBUG org.apache.http.wire - http-outgoing-16 >> "User-Agent: Jersey/2.23.1 (Apache HttpClient 4.5.1)[\r][\n]"
02:36:19.280 [Test worker] DEBUG org.apache.http.wire - http-outgoing-16 >> "Host: Thesis:2376[\r][\n]"
02:36:19.280 [Test worker] DEBUG org.apache.http.wire - http-outgoing-16 >> "Connection: Keep-Alive[\r][\n]"
02:36:19.281 [Test worker] DEBUG org.apache.http.wire - http-outgoing-16 >> "Accept-Encoding: gzip,deflate[\r][\n]"
02:36:19.281 [Test worker] DEBUG org.apache.http.wire - http-outgoing-16 >> "[\r][\n]"
02:36:19.281 [Test worker] DEBUG org.apache.http.wire - http-outgoing-16 << "H"
02:36:19.281 [Test worker] DEBUG org.apache.http.wire - http-outgoing-16 << "TTP/1.1 200 OK[\r][\n]"
02:36:19.282 [Test worker] DEBUG org.apache.http.wire - http-outgoing-16 << "Content-Type: application/json[\r][\n]"
02:36:19.282 [Test worker] DEBUG org.apache.http.wire - http-outgoing-16 << "Server: Docker/1.12.3 (linux)[\r][\n]"
02:36:19.282 [Test worker] DEBUG org.apache.http.wire - http-outgoing-16 << "Date: Tue, 03 Jan 2017 01:36:19 GMT[\r][\n]"
02:36:19.282 [Test worker] DEBUG org.apache.http.wire - http-outgoing-16 << "Content-Length: 1411[\r][\n]"
02:36:19.282 [Test worker] DEBUG org.apache.http.wire - http-outgoing-16 << "[\r][\n]"
02:36:19.282 [Test worker] DEBUG org.apache.http.wire - http-outgoing-16 << "[{"Name":"MyNetwork","Id":"f045c1120ce4fcff3241be6fa5edb16dcd20228f8c5606c2c35c24fb8f40de8a","Scope":"local","Driver":"bridge","EnableIPv6":false,"IPAM":{"Driver":"default","Options":null,"Config":[{"Subnet":"172.18.0.0/16","Gateway":"172.18.0.1/16"}]},"Internal":false,"Containers":{},"Options":{},"Labels":{}},{"Name":"none","Id":"4d89c194eb79cd2beb38458d10a1b98c74d6b8462af72afde29ae7aca53ed5ca","Scope":"local","Driver":"null","EnableIPv6":false,"IPAM":{"Driver":"default","Options":null,"Config":[]},"Internal":false,"Containers":{},"Options":{},"Labels":{}},{"Name":"bridge","Id":"e0d36057aa1769e9fd52ba88be81b698b495f9b6b4946d0f98f24d971a27fc98","Scope":"local","Driver":"bridge","EnableIPv6":false,"IPAM":{"Driver":"default","Options":null,"Config":[{"Subnet":"172.17.0.0/16","Gateway":"172.17.0.1"}]},"Internal":false,"Containers":{},"Options":{"com.docker.network.bridge.default_bridge":"true","com.docker.network.bridge.enable_icc":"true","com.docker.network.bridge.enable_ip_masquerade":"true","com.docker.network.bridge.host_binding_ipv4":"0.0.0.0","com.docker.network.bridge.name":"docker0","com.docker.network.driver.mtu":"1500"},"Labels":{}},{"Name":"host","Id":"fe042b0866671b5be4f097ba43830c0a02959c058702d18e18c14a24d88a357d","Scope":"local","Driver":"host","EnableIPv6":false,"IPAM":{"Driver":"default","Options":null,"Config":[]},"Internal":false,"Containers":{},"Options":{},"Labels":{}}][\n]"
02:36:19.283 [Test worker] DEBUG org.apache.http.headers - http-outgoing-16 << HTTP/1.1 200 OK
02:36:19.283 [Test worker] DEBUG org.apache.http.headers - http-outgoing-16 << Content-Type: application/json
02:36:19.283 [Test worker] DEBUG org.apache.http.headers - http-outgoing-16 << Server: Docker/1.12.3 (linux)
02:36:19.283 [Test worker] DEBUG org.apache.http.headers - http-outgoing-16 << Date: Tue, 03 Jan 2017 01:36:19 GMT
02:36:19.284 [Test worker] DEBUG org.apache.http.headers - http-outgoing-16 << Content-Length: 1411
02:36:19.284 [Test worker] DEBUG o.a.h.impl.execchain.MainClientExec - Connection can be kept alive indefinitely
02:36:19.284 [Test worker] DEBUG c.g.d.j.JerseyDockerCmdExecFactory - 12 * Client response received on thread Test worker
12 < 200
12 < Content-Length: 1411
12 < Content-Type: application/json
12 < Date: Tue, 03 Jan 2017 01:36:19 GMT
12 < Server: Docker/1.12.3 (linux)
[{"Name":"MyNetwork","Id":"f045c1120ce4fcff3241be6fa5edb16dcd20228f8c5606c2c35c24fb8f40de8a","Scope":"local","Driver":"bridge","EnableIPv6":false,"IPAM":{"Driver":"default","Options":null,"Config":[{"Subnet":"172.18.0.0/16","Gateway":"172.18.0.1/16"}]},"Internal":false,"Containers":{},"Options":{},"Labels":{}},{"Name":"none","Id":"4d89c194eb79cd2beb38458d10a1b98c74d6b8462af72afde29ae7aca53ed5ca","Scope":"local","Driver":"null","EnableIPv6":false,"IPAM":{"Driver":"default","Options":null,"Config":[]},"Internal":false,"Containers":{},"Options":{},"Labels":{}},{"Name":"bridge","Id":"e0d36057aa1769e9fd52ba88be81b698b495f9b6b4946d0f98f24d971a27fc98","Scope":"local","Driver":"bridge","EnableIPv6":false,"IPAM":{"Driver":"default","Options":null,"Config":[{"Subnet":"172.17.0.0/16","Gateway":"172.17.0.1"}]},"Internal":false,"Containers":{},"Options":{"com.docker.network.bridge.default_bridge":"true","com.docker.network.bridge.enable_icc":"true","com.docker.network.bridge.enable_ip_masquerade":"true","com.docker.network.bridge.host_binding_ipv4":"0.0.0.0","com.docker.network.bridge.name":"docker0","com.docker.network.driver.mtu":"1500"},"Labels":{}},{"Name":"host","Id":"fe042b0866671b5be4f097ba43830c0a02959c058702d18e18c14a24d88a357d","Scope":"local","Driver":"host","EnableIPv6":false,"IPAM":{"Driver":"default","Options":null,"Config":[]},"Internal":false,"Containers":{},"Options":{},"Labels":{}}]


02:36:19.286 [Test worker] DEBUG o.a.h.i.c.DefaultManagedHttpClientConnection - http-outgoing-16: Close connection
02:36:19.286 [Test worker] DEBUG o.a.h.impl.execchain.MainClientExec - Connection discarded
02:36:19.287 [Test worker] DEBUG c.g.d.j.JerseyDockerCmdExecFactory$1 - Connection released: [id: 16][route: {s}->https://Thesis:2376][total kept alive: 1; route allocated: 1 of 2; total allocated: 1 of 20]
02:36:19.287 [Test worker] DEBUG org.openbaton.docker.DockerVim - Found a docker network, transformed into a NFV network Network{id='f045c1120ce4fcff3241be6fa5edb16dcd20228f8c5606c2c35c24fb8f40de8a', name='MyNetwork', extId='null', external=false, shared=false, subnets=[Subnet{id='null', version=0, name='bridge', extId='null', networkId='172.18.0.0/16', cidr='null', gatewayIp='172.18.0.1/16'}]}
02:36:19.287 [Test worker] DEBUG c.g.d.core.command.AbstrDockerCmd - Cmd: -1,<null>,true,<null>,<null>,com.github.dockerjava.core.util.FiltersBuilder@0,com.github.dockerjava.jaxrs.ListContainersCmdExec@1213f2b
02:36:19.288 [Test worker] DEBUG c.g.d.j.JerseyDockerCmdExecFactory - 13 * Sending client request on thread Test worker
13 > GET https://Thesis:2376/containers/json?all=true
13 > Accept: application/json

02:36:19.288 [Test worker] DEBUG o.a.h.c.protocol.RequestAddCookies - CookieSpec selected: default
02:36:19.289 [Test worker] DEBUG o.a.h.c.protocol.RequestAuthCache - Auth cache not set in the context
02:36:19.289 [Test worker] DEBUG c.g.d.j.JerseyDockerCmdExecFactory$1 - Connection request: [route: {s}->https://Thesis:2376][total kept alive: 1; route allocated: 1 of 2; total allocated: 1 of 20]
02:36:19.289 [Test worker] DEBUG c.g.d.j.JerseyDockerCmdExecFactory$1 - Connection leased: [id: 17][route: {s}->https://Thesis:2376][total kept alive: 1; route allocated: 2 of 2; total allocated: 2 of 20]
02:36:19.289 [Test worker] DEBUG o.a.h.impl.execchain.MainClientExec - Opening connection {s}->https://Thesis:2376
02:36:19.289 [Test worker] DEBUG o.a.h.i.c.DefaultHttpClientConnectionOperator - Connecting to Thesis/127.0.1.1:2376
02:36:19.290 [Test worker] DEBUG o.a.h.c.s.SSLConnectionSocketFactory - Connecting socket to Thesis/127.0.1.1:2376 with timeout 0
02:36:19.291 [Test worker] DEBUG o.a.h.c.s.SSLConnectionSocketFactory - Enabled protocols: [TLSv1]
02:36:19.291 [Test worker] DEBUG o.a.h.c.s.SSLConnectionSocketFactory - Enabled cipher suites:[TLS_ECDHE_ECDSA_WITH_AES_128_CBC_SHA, TLS_ECDHE_RSA_WITH_AES_128_CBC_SHA, TLS_RSA_WITH_AES_128_CBC_SHA, TLS_ECDH_ECDSA_WITH_AES_128_CBC_SHA, TLS_ECDH_RSA_WITH_AES_128_CBC_SHA, TLS_DHE_RSA_WITH_AES_128_CBC_SHA, TLS_DHE_DSS_WITH_AES_128_CBC_SHA, TLS_ECDHE_ECDSA_WITH_3DES_EDE_CBC_SHA, TLS_ECDHE_RSA_WITH_3DES_EDE_CBC_SHA, SSL_RSA_WITH_3DES_EDE_CBC_SHA, TLS_ECDH_ECDSA_WITH_3DES_EDE_CBC_SHA, TLS_ECDH_RSA_WITH_3DES_EDE_CBC_SHA, SSL_DHE_RSA_WITH_3DES_EDE_CBC_SHA, SSL_DHE_DSS_WITH_3DES_EDE_CBC_SHA, TLS_ECDHE_ECDSA_WITH_RC4_128_SHA, TLS_ECDHE_RSA_WITH_RC4_128_SHA, SSL_RSA_WITH_RC4_128_SHA, TLS_ECDH_ECDSA_WITH_RC4_128_SHA, TLS_ECDH_RSA_WITH_RC4_128_SHA, SSL_RSA_WITH_RC4_128_MD5, TLS_EMPTY_RENEGOTIATION_INFO_SCSV]
02:36:19.291 [Test worker] DEBUG o.a.h.c.s.SSLConnectionSocketFactory - Starting handshake
02:36:19.362 [Test worker] DEBUG o.a.h.c.s.SSLConnectionSocketFactory - Secure session established
02:36:19.362 [Test worker] DEBUG o.a.h.c.s.SSLConnectionSocketFactory -  negotiated protocol: TLSv1
02:36:19.363 [Test worker] DEBUG o.a.h.c.s.SSLConnectionSocketFactory -  negotiated cipher suite: TLS_ECDHE_RSA_WITH_AES_128_CBC_SHA
02:36:19.363 [Test worker] DEBUG o.a.h.c.s.SSLConnectionSocketFactory -  peer principal: CN=Thesis
02:36:19.363 [Test worker] DEBUG o.a.h.c.s.SSLConnectionSocketFactory -  issuer principal: EMAILADDRESS=sha@yamil.com, CN=Thesis, OU=Open, O=Fra, L=BER, ST=BER, C=DE
02:36:19.363 [Test worker] DEBUG o.a.h.i.c.DefaultHttpClientConnectionOperator - Connection established 127.0.0.1:41332<->127.0.1.1:2376
02:36:19.363 [Test worker] DEBUG o.a.h.impl.execchain.MainClientExec - Executing request GET /containers/json?all=true HTTP/1.1
02:36:19.364 [Test worker] DEBUG o.a.h.impl.execchain.MainClientExec - Target auth state: UNCHALLENGED
02:36:19.364 [Test worker] DEBUG o.a.h.impl.execchain.MainClientExec - Proxy auth state: UNCHALLENGED
02:36:19.364 [Test worker] DEBUG org.apache.http.headers - http-outgoing-17 >> GET /containers/json?all=true HTTP/1.1
02:36:19.364 [Test worker] DEBUG org.apache.http.headers - http-outgoing-17 >> Accept: application/json
02:36:19.364 [Test worker] DEBUG org.apache.http.headers - http-outgoing-17 >> User-Agent: Jersey/2.23.1 (Apache HttpClient 4.5.1)
02:36:19.365 [Test worker] DEBUG org.apache.http.headers - http-outgoing-17 >> Host: Thesis:2376
02:36:19.365 [Test worker] DEBUG org.apache.http.headers - http-outgoing-17 >> Connection: Keep-Alive
02:36:19.365 [Test worker] DEBUG org.apache.http.headers - http-outgoing-17 >> Accept-Encoding: gzip,deflate
02:36:19.365 [Test worker] DEBUG org.apache.http.wire - http-outgoing-17 >> "GET /containers/json?all=true HTTP/1.1[\r][\n]"
02:36:19.365 [Test worker] DEBUG org.apache.http.wire - http-outgoing-17 >> "Accept: application/json[\r][\n]"
02:36:19.365 [Test worker] DEBUG org.apache.http.wire - http-outgoing-17 >> "User-Agent: Jersey/2.23.1 (Apache HttpClient 4.5.1)[\r][\n]"
02:36:19.366 [Test worker] DEBUG org.apache.http.wire - http-outgoing-17 >> "Host: Thesis:2376[\r][\n]"
02:36:19.366 [Test worker] DEBUG org.apache.http.wire - http-outgoing-17 >> "Connection: Keep-Alive[\r][\n]"
02:36:19.366 [Test worker] DEBUG org.apache.http.wire - http-outgoing-17 >> "Accept-Encoding: gzip,deflate[\r][\n]"
02:36:19.366 [Test worker] DEBUG org.apache.http.wire - http-outgoing-17 >> "[\r][\n]"
02:36:19.366 [Test worker] DEBUG org.apache.http.wire - http-outgoing-17 << "H"
02:36:19.367 [Test worker] DEBUG org.apache.http.wire - http-outgoing-17 << "TTP/1.1 200 OK[\r][\n]"
02:36:19.367 [Test worker] DEBUG org.apache.http.wire - http-outgoing-17 << "Content-Type: application/json[\r][\n]"
02:36:19.367 [Test worker] DEBUG org.apache.http.wire - http-outgoing-17 << "Server: Docker/1.12.3 (linux)[\r][\n]"
02:36:19.367 [Test worker] DEBUG org.apache.http.wire - http-outgoing-17 << "Date: Tue, 03 Jan 2017 01:36:19 GMT[\r][\n]"
02:36:19.367 [Test worker] DEBUG org.apache.http.wire - http-outgoing-17 << "Content-Length: 3[\r][\n]"
02:36:19.368 [Test worker] DEBUG org.apache.http.wire - http-outgoing-17 << "[\r][\n]"
02:36:19.368 [Test worker] DEBUG org.apache.http.wire - http-outgoing-17 << "[][\n]"
02:36:19.368 [Test worker] DEBUG org.apache.http.headers - http-outgoing-17 << HTTP/1.1 200 OK
02:36:19.368 [Test worker] DEBUG org.apache.http.headers - http-outgoing-17 << Content-Type: application/json
02:36:19.368 [Test worker] DEBUG org.apache.http.headers - http-outgoing-17 << Server: Docker/1.12.3 (linux)
02:36:19.368 [Test worker] DEBUG org.apache.http.headers - http-outgoing-17 << Date: Tue, 03 Jan 2017 01:36:19 GMT
02:36:19.369 [Test worker] DEBUG org.apache.http.headers - http-outgoing-17 << Content-Length: 3
02:36:19.369 [Test worker] DEBUG o.a.h.impl.execchain.MainClientExec - Connection can be kept alive indefinitely
02:36:19.369 [Test worker] DEBUG c.g.d.j.JerseyDockerCmdExecFactory - 14 * Client response received on thread Test worker
14 < 200
14 < Content-Length: 3
14 < Content-Type: application/json
14 < Date: Tue, 03 Jan 2017 01:36:19 GMT
14 < Server: Docker/1.12.3 (linux)
[]


02:36:19.371 [Test worker] DEBUG c.g.d.j.JerseyDockerCmdExecFactory$1 - Connection [id: 17][route: {s}->https://Thesis:2376][state: CN=Thesis] can be kept alive indefinitely
02:36:19.371 [Test worker] DEBUG c.g.d.j.JerseyDockerCmdExecFactory$1 - Connection released: [id: 17][route: {s}->https://Thesis:2376][state: CN=Thesis][total kept alive: 2; route allocated: 2 of 2; total allocated: 2 of 20]
02:36:19.371 [Test worker] DEBUG c.g.d.core.command.AbstrDockerCmd - Cmd: com.github.dockerjava.core.util.FiltersBuilder@0,com.github.dockerjava.jaxrs.ListNetworksCmdExec@16b4417b
02:36:19.372 [Test worker] DEBUG c.g.d.j.JerseyDockerCmdExecFactory - 15 * Sending client request on thread Test worker
15 > GET https://Thesis:2376/networks
15 > Accept: application/json

02:36:19.372 [Test worker] DEBUG o.a.h.c.protocol.RequestAddCookies - CookieSpec selected: default
02:36:19.373 [Test worker] DEBUG o.a.h.c.protocol.RequestAuthCache - Auth cache not set in the context
02:36:19.373 [Test worker] DEBUG c.g.d.j.JerseyDockerCmdExecFactory$1 - Connection request: [route: {s}->https://Thesis:2376][total kept alive: 2; route allocated: 2 of 2; total allocated: 2 of 20]
02:36:19.373 [Test worker] DEBUG o.a.h.i.c.DefaultManagedHttpClientConnection - http-outgoing-11: Close connection
02:36:19.374 [Test worker] DEBUG c.g.d.j.JerseyDockerCmdExecFactory$1 - Connection leased: [id: 18][route: {s}->https://Thesis:2376][total kept alive: 1; route allocated: 2 of 2; total allocated: 2 of 20]
02:36:19.374 [Test worker] DEBUG o.a.h.impl.execchain.MainClientExec - Opening connection {s}->https://Thesis:2376
02:36:19.374 [Test worker] DEBUG o.a.h.i.c.DefaultHttpClientConnectionOperator - Connecting to Thesis/127.0.1.1:2376
02:36:19.374 [Test worker] DEBUG o.a.h.c.s.SSLConnectionSocketFactory - Connecting socket to Thesis/127.0.1.1:2376 with timeout 0
02:36:19.375 [Test worker] DEBUG o.a.h.c.s.SSLConnectionSocketFactory - Enabled protocols: [TLSv1]
02:36:19.376 [Test worker] DEBUG o.a.h.c.s.SSLConnectionSocketFactory - Enabled cipher suites:[TLS_ECDHE_ECDSA_WITH_AES_128_CBC_SHA, TLS_ECDHE_RSA_WITH_AES_128_CBC_SHA, TLS_RSA_WITH_AES_128_CBC_SHA, TLS_ECDH_ECDSA_WITH_AES_128_CBC_SHA, TLS_ECDH_RSA_WITH_AES_128_CBC_SHA, TLS_DHE_RSA_WITH_AES_128_CBC_SHA, TLS_DHE_DSS_WITH_AES_128_CBC_SHA, TLS_ECDHE_ECDSA_WITH_3DES_EDE_CBC_SHA, TLS_ECDHE_RSA_WITH_3DES_EDE_CBC_SHA, SSL_RSA_WITH_3DES_EDE_CBC_SHA, TLS_ECDH_ECDSA_WITH_3DES_EDE_CBC_SHA, TLS_ECDH_RSA_WITH_3DES_EDE_CBC_SHA, SSL_DHE_RSA_WITH_3DES_EDE_CBC_SHA, SSL_DHE_DSS_WITH_3DES_EDE_CBC_SHA, TLS_ECDHE_ECDSA_WITH_RC4_128_SHA, TLS_ECDHE_RSA_WITH_RC4_128_SHA, SSL_RSA_WITH_RC4_128_SHA, TLS_ECDH_ECDSA_WITH_RC4_128_SHA, TLS_ECDH_RSA_WITH_RC4_128_SHA, SSL_RSA_WITH_RC4_128_MD5, TLS_EMPTY_RENEGOTIATION_INFO_SCSV]
02:36:19.376 [Test worker] DEBUG o.a.h.c.s.SSLConnectionSocketFactory - Starting handshake
02:36:19.437 [Test worker] DEBUG o.a.h.c.s.SSLConnectionSocketFactory - Secure session established
02:36:19.437 [Test worker] DEBUG o.a.h.c.s.SSLConnectionSocketFactory -  negotiated protocol: TLSv1
02:36:19.438 [Test worker] DEBUG o.a.h.c.s.SSLConnectionSocketFactory -  negotiated cipher suite: TLS_ECDHE_RSA_WITH_AES_128_CBC_SHA
02:36:19.438 [Test worker] DEBUG o.a.h.c.s.SSLConnectionSocketFactory -  peer principal: CN=Thesis
02:36:19.438 [Test worker] DEBUG o.a.h.c.s.SSLConnectionSocketFactory -  issuer principal: EMAILADDRESS=sha@yamil.com, CN=Thesis, OU=Open, O=Fra, L=BER, ST=BER, C=DE
02:36:19.438 [Test worker] DEBUG o.a.h.i.c.DefaultHttpClientConnectionOperator - Connection established 127.0.0.1:41334<->127.0.1.1:2376
02:36:19.438 [Test worker] DEBUG o.a.h.impl.execchain.MainClientExec - Executing request GET /networks HTTP/1.1
02:36:19.439 [Test worker] DEBUG o.a.h.impl.execchain.MainClientExec - Target auth state: UNCHALLENGED
02:36:19.439 [Test worker] DEBUG o.a.h.impl.execchain.MainClientExec - Proxy auth state: UNCHALLENGED
02:36:19.439 [Test worker] DEBUG org.apache.http.headers - http-outgoing-18 >> GET /networks HTTP/1.1
02:36:19.439 [Test worker] DEBUG org.apache.http.headers - http-outgoing-18 >> Accept: application/json
02:36:19.439 [Test worker] DEBUG org.apache.http.headers - http-outgoing-18 >> User-Agent: Jersey/2.23.1 (Apache HttpClient 4.5.1)
02:36:19.440 [Test worker] DEBUG org.apache.http.headers - http-outgoing-18 >> Host: Thesis:2376
02:36:19.440 [Test worker] DEBUG org.apache.http.headers - http-outgoing-18 >> Connection: Keep-Alive
02:36:19.440 [Test worker] DEBUG org.apache.http.headers - http-outgoing-18 >> Accept-Encoding: gzip,deflate
02:36:19.440 [Test worker] DEBUG org.apache.http.wire - http-outgoing-18 >> "GET /networks HTTP/1.1[\r][\n]"
02:36:19.440 [Test worker] DEBUG org.apache.http.wire - http-outgoing-18 >> "Accept: application/json[\r][\n]"
02:36:19.440 [Test worker] DEBUG org.apache.http.wire - http-outgoing-18 >> "User-Agent: Jersey/2.23.1 (Apache HttpClient 4.5.1)[\r][\n]"
02:36:19.440 [Test worker] DEBUG org.apache.http.wire - http-outgoing-18 >> "Host: Thesis:2376[\r][\n]"
02:36:19.441 [Test worker] DEBUG org.apache.http.wire - http-outgoing-18 >> "Connection: Keep-Alive[\r][\n]"
02:36:19.441 [Test worker] DEBUG org.apache.http.wire - http-outgoing-18 >> "Accept-Encoding: gzip,deflate[\r][\n]"
02:36:19.441 [Test worker] DEBUG org.apache.http.wire - http-outgoing-18 >> "[\r][\n]"
02:36:19.442 [Test worker] DEBUG org.apache.http.wire - http-outgoing-18 << "H"
02:36:19.442 [Test worker] DEBUG org.apache.http.wire - http-outgoing-18 << "TTP/1.1 200 OK[\r][\n]"
02:36:19.442 [Test worker] DEBUG org.apache.http.wire - http-outgoing-18 << "Content-Type: application/json[\r][\n]"
02:36:19.442 [Test worker] DEBUG org.apache.http.wire - http-outgoing-18 << "Server: Docker/1.12.3 (linux)[\r][\n]"
02:36:19.442 [Test worker] DEBUG org.apache.http.wire - http-outgoing-18 << "Date: Tue, 03 Jan 2017 01:36:19 GMT[\r][\n]"
02:36:19.442 [Test worker] DEBUG org.apache.http.wire - http-outgoing-18 << "Content-Length: 1411[\r][\n]"
02:36:19.443 [Test worker] DEBUG org.apache.http.wire - http-outgoing-18 << "[\r][\n]"
02:36:19.443 [Test worker] DEBUG org.apache.http.wire - http-outgoing-18 << "[{"Name":"none","Id":"4d89c194eb79cd2beb38458d10a1b98c74d6b8462af72afde29ae7aca53ed5ca","Scope":"local","Driver":"null","EnableIPv6":false,"IPAM":{"Driver":"default","Options":null,"Config":[]},"Internal":false,"Containers":{},"Options":{},"Labels":{}},{"Name":"bridge","Id":"e0d36057aa1769e9fd52ba88be81b698b495f9b6b4946d0f98f24d971a27fc98","Scope":"local","Driver":"bridge","EnableIPv6":false,"IPAM":{"Driver":"default","Options":null,"Config":[{"Subnet":"172.17.0.0/16","Gateway":"172.17.0.1"}]},"Internal":false,"Containers":{},"Options":{"com.docker.network.bridge.default_bridge":"true","com.docker.network.bridge.enable_icc":"true","com.docker.network.bridge.enable_ip_masquerade":"true","com.docker.network.bridge.host_binding_ipv4":"0.0.0.0","com.docker.network.bridge.name":"docker0","com.docker.network.driver.mtu":"1500"},"Labels":{}},{"Name":"host","Id":"fe042b0866671b5be4f097ba43830c0a02959c058702d18e18c14a24d88a357d","Scope":"local","Driver":"host","EnableIPv6":false,"IPAM":{"Driver":"default","Options":null,"Config":[]},"Internal":false,"Containers":{},"Options":{},"Labels":{}},{"Name":"MyNetwork","Id":"f045c1120ce4fcff3241be6fa5edb16dcd20228f8c5606c2c35c24fb8f40de8a","Scope":"local","Driver":"bridge","EnableIPv6":false,"IPAM":{"Driver":"default","Options":null,"Config":[{"Subnet":"172.18.0.0/16","Gateway":"172.18.0.1/16"}]},"Internal":false,"Containers":{},"Options":{},"Labels":{}}][\n]"
02:36:19.443 [Test worker] DEBUG org.apache.http.headers - http-outgoing-18 << HTTP/1.1 200 OK
02:36:19.443 [Test worker] DEBUG org.apache.http.headers - http-outgoing-18 << Content-Type: application/json
02:36:19.443 [Test worker] DEBUG org.apache.http.headers - http-outgoing-18 << Server: Docker/1.12.3 (linux)
02:36:19.444 [Test worker] DEBUG org.apache.http.headers - http-outgoing-18 << Date: Tue, 03 Jan 2017 01:36:19 GMT
02:36:19.444 [Test worker] DEBUG org.apache.http.headers - http-outgoing-18 << Content-Length: 1411
02:36:19.444 [Test worker] DEBUG o.a.h.impl.execchain.MainClientExec - Connection can be kept alive indefinitely
02:36:19.444 [Test worker] DEBUG c.g.d.j.JerseyDockerCmdExecFactory - 16 * Client response received on thread Test worker
16 < 200
16 < Content-Length: 1411
16 < Content-Type: application/json
16 < Date: Tue, 03 Jan 2017 01:36:19 GMT
16 < Server: Docker/1.12.3 (linux)
[{"Name":"none","Id":"4d89c194eb79cd2beb38458d10a1b98c74d6b8462af72afde29ae7aca53ed5ca","Scope":"local","Driver":"null","EnableIPv6":false,"IPAM":{"Driver":"default","Options":null,"Config":[]},"Internal":false,"Containers":{},"Options":{},"Labels":{}},{"Name":"bridge","Id":"e0d36057aa1769e9fd52ba88be81b698b495f9b6b4946d0f98f24d971a27fc98","Scope":"local","Driver":"bridge","EnableIPv6":false,"IPAM":{"Driver":"default","Options":null,"Config":[{"Subnet":"172.17.0.0/16","Gateway":"172.17.0.1"}]},"Internal":false,"Containers":{},"Options":{"com.docker.network.bridge.default_bridge":"true","com.docker.network.bridge.enable_icc":"true","com.docker.network.bridge.enable_ip_masquerade":"true","com.docker.network.bridge.host_binding_ipv4":"0.0.0.0","com.docker.network.bridge.name":"docker0","com.docker.network.driver.mtu":"1500"},"Labels":{}},{"Name":"host","Id":"fe042b0866671b5be4f097ba43830c0a02959c058702d18e18c14a24d88a357d","Scope":"local","Driver":"host","EnableIPv6":false,"IPAM":{"Driver":"default","Options":null,"Config":[]},"Internal":false,"Containers":{},"Options":{},"Labels":{}},{"Name":"MyNetwork","Id":"f045c1120ce4fcff3241be6fa5edb16dcd20228f8c5606c2c35c24fb8f40de8a","Scope":"local","Driver":"bridge","EnableIPv6":false,"IPAM":{"Driver":"default","Options":null,"Config":[{"Subnet":"172.18.0.0/16","Gateway":"172.18.0.1/16"}]},"Internal":false,"Containers":{},"Options":{},"Labels":{}}]


02:36:19.446 [Test worker] DEBUG o.a.h.i.c.DefaultManagedHttpClientConnection - http-outgoing-18: Close connection
02:36:19.446 [Test worker] DEBUG o.a.h.impl.execchain.MainClientExec - Connection discarded
02:36:19.447 [Test worker] DEBUG c.g.d.j.JerseyDockerCmdExecFactory$1 - Connection released: [id: 18][route: {s}->https://Thesis:2376][total kept alive: 1; route allocated: 1 of 2; total allocated: 1 of 20]
02:36:19.447 [Test worker] DEBUG org.openbaton.docker.DockerVim - Found a docker network, transformed into a NFV network Network{id='f045c1120ce4fcff3241be6fa5edb16dcd20228f8c5606c2c35c24fb8f40de8a', name='MyNetwork', extId='null', external=false, shared=false, subnets=[Subnet{id='null', version=0, name='bridge', extId='null', networkId='172.18.0.0/16', cidr='null', gatewayIp='172.18.0.1/16'}]}
02:36:19.447 [Test worker] DEBUG c.g.d.core.command.AbstrDockerCmd - Cmd: f045c1120ce4fcff3241be6fa5edb16dcd20228f8c5606c2c35c24fb8f40de8a,com.github.dockerjava.jaxrs.RemoveNetworkCmdExec@5adeeabd
02:36:19.448 [Test worker] DEBUG c.g.d.j.JerseyDockerCmdExecFactory - 17 * Sending client request on thread Test worker
17 > DELETE https://Thesis:2376/networks/f045c1120ce4fcff3241be6fa5edb16dcd20228f8c5606c2c35c24fb8f40de8a
17 > Accept: application/json

02:36:19.448 [Test worker] DEBUG o.a.h.c.protocol.RequestAddCookies - CookieSpec selected: default
02:36:19.449 [Test worker] DEBUG o.a.h.c.protocol.RequestAuthCache - Auth cache not set in the context
02:36:19.449 [Test worker] DEBUG c.g.d.j.JerseyDockerCmdExecFactory$1 - Connection request: [route: {s}->https://Thesis:2376][total kept alive: 1; route allocated: 1 of 2; total allocated: 1 of 20]
02:36:19.449 [Test worker] DEBUG c.g.d.j.JerseyDockerCmdExecFactory$1 - Connection leased: [id: 19][route: {s}->https://Thesis:2376][total kept alive: 1; route allocated: 2 of 2; total allocated: 2 of 20]
02:36:19.449 [Test worker] DEBUG o.a.h.impl.execchain.MainClientExec - Opening connection {s}->https://Thesis:2376
02:36:19.449 [Test worker] DEBUG o.a.h.i.c.DefaultHttpClientConnectionOperator - Connecting to Thesis/127.0.1.1:2376
02:36:19.450 [Test worker] DEBUG o.a.h.c.s.SSLConnectionSocketFactory - Connecting socket to Thesis/127.0.1.1:2376 with timeout 0
02:36:19.451 [Test worker] DEBUG o.a.h.c.s.SSLConnectionSocketFactory - Enabled protocols: [TLSv1]
02:36:19.451 [Test worker] DEBUG o.a.h.c.s.SSLConnectionSocketFactory - Enabled cipher suites:[TLS_ECDHE_ECDSA_WITH_AES_128_CBC_SHA, TLS_ECDHE_RSA_WITH_AES_128_CBC_SHA, TLS_RSA_WITH_AES_128_CBC_SHA, TLS_ECDH_ECDSA_WITH_AES_128_CBC_SHA, TLS_ECDH_RSA_WITH_AES_128_CBC_SHA, TLS_DHE_RSA_WITH_AES_128_CBC_SHA, TLS_DHE_DSS_WITH_AES_128_CBC_SHA, TLS_ECDHE_ECDSA_WITH_3DES_EDE_CBC_SHA, TLS_ECDHE_RSA_WITH_3DES_EDE_CBC_SHA, SSL_RSA_WITH_3DES_EDE_CBC_SHA, TLS_ECDH_ECDSA_WITH_3DES_EDE_CBC_SHA, TLS_ECDH_RSA_WITH_3DES_EDE_CBC_SHA, SSL_DHE_RSA_WITH_3DES_EDE_CBC_SHA, SSL_DHE_DSS_WITH_3DES_EDE_CBC_SHA, TLS_ECDHE_ECDSA_WITH_RC4_128_SHA, TLS_ECDHE_RSA_WITH_RC4_128_SHA, SSL_RSA_WITH_RC4_128_SHA, TLS_ECDH_ECDSA_WITH_RC4_128_SHA, TLS_ECDH_RSA_WITH_RC4_128_SHA, SSL_RSA_WITH_RC4_128_MD5, TLS_EMPTY_RENEGOTIATION_INFO_SCSV]
02:36:19.451 [Test worker] DEBUG o.a.h.c.s.SSLConnectionSocketFactory - Starting handshake
02:36:19.517 [Test worker] DEBUG o.a.h.c.s.SSLConnectionSocketFactory - Secure session established
02:36:19.517 [Test worker] DEBUG o.a.h.c.s.SSLConnectionSocketFactory -  negotiated protocol: TLSv1
02:36:19.517 [Test worker] DEBUG o.a.h.c.s.SSLConnectionSocketFactory -  negotiated cipher suite: TLS_ECDHE_RSA_WITH_AES_128_CBC_SHA
02:36:19.517 [Test worker] DEBUG o.a.h.c.s.SSLConnectionSocketFactory -  peer principal: CN=Thesis
02:36:19.517 [Test worker] DEBUG o.a.h.c.s.SSLConnectionSocketFactory -  issuer principal: EMAILADDRESS=sha@yamil.com, CN=Thesis, OU=Open, O=Fra, L=BER, ST=BER, C=DE
02:36:19.518 [Test worker] DEBUG o.a.h.i.c.DefaultHttpClientConnectionOperator - Connection established 127.0.0.1:41336<->127.0.1.1:2376
02:36:19.518 [Test worker] DEBUG o.a.h.impl.execchain.MainClientExec - Executing request DELETE /networks/f045c1120ce4fcff3241be6fa5edb16dcd20228f8c5606c2c35c24fb8f40de8a HTTP/1.1
02:36:19.518 [Test worker] DEBUG o.a.h.impl.execchain.MainClientExec - Target auth state: UNCHALLENGED
02:36:19.518 [Test worker] DEBUG o.a.h.impl.execchain.MainClientExec - Proxy auth state: UNCHALLENGED
02:36:19.519 [Test worker] DEBUG org.apache.http.headers - http-outgoing-19 >> DELETE /networks/f045c1120ce4fcff3241be6fa5edb16dcd20228f8c5606c2c35c24fb8f40de8a HTTP/1.1
02:36:19.519 [Test worker] DEBUG org.apache.http.headers - http-outgoing-19 >> Accept: application/json
02:36:19.519 [Test worker] DEBUG org.apache.http.headers - http-outgoing-19 >> User-Agent: Jersey/2.23.1 (Apache HttpClient 4.5.1)
02:36:19.519 [Test worker] DEBUG org.apache.http.headers - http-outgoing-19 >> Host: Thesis:2376
02:36:19.519 [Test worker] DEBUG org.apache.http.headers - http-outgoing-19 >> Connection: Keep-Alive
02:36:19.519 [Test worker] DEBUG org.apache.http.headers - http-outgoing-19 >> Accept-Encoding: gzip,deflate
02:36:19.520 [Test worker] DEBUG org.apache.http.wire - http-outgoing-19 >> "DELETE /networks/f045c1120ce4fcff3241be6fa5edb16dcd20228f8c5606c2c35c24fb8f40de8a HTTP/1.1[\r][\n]"
02:36:19.520 [Test worker] DEBUG org.apache.http.wire - http-outgoing-19 >> "Accept: application/json[\r][\n]"
02:36:19.520 [Test worker] DEBUG org.apache.http.wire - http-outgoing-19 >> "User-Agent: Jersey/2.23.1 (Apache HttpClient 4.5.1)[\r][\n]"
02:36:19.520 [Test worker] DEBUG org.apache.http.wire - http-outgoing-19 >> "Host: Thesis:2376[\r][\n]"
02:36:19.520 [Test worker] DEBUG org.apache.http.wire - http-outgoing-19 >> "Connection: Keep-Alive[\r][\n]"
02:36:19.520 [Test worker] DEBUG org.apache.http.wire - http-outgoing-19 >> "Accept-Encoding: gzip,deflate[\r][\n]"
02:36:19.521 [Test worker] DEBUG org.apache.http.wire - http-outgoing-19 >> "[\r][\n]"
02:36:19.598 [Test worker] DEBUG org.apache.http.wire - http-outgoing-19 << "H"
02:36:19.598 [Test worker] DEBUG org.apache.http.wire - http-outgoing-19 << "TTP/1.1 204 No Content[\r][\n]"
02:36:19.599 [Test worker] DEBUG org.apache.http.wire - http-outgoing-19 << "Server: Docker/1.12.3 (linux)[\r][\n]"
02:36:19.599 [Test worker] DEBUG org.apache.http.wire - http-outgoing-19 << "Date: Tue, 03 Jan 2017 01:36:19 GMT[\r][\n]"
02:36:19.599 [Test worker] DEBUG org.apache.http.wire - http-outgoing-19 << "[\r][\n]"
02:36:19.599 [Test worker] DEBUG org.apache.http.headers - http-outgoing-19 << HTTP/1.1 204 No Content
02:36:19.599 [Test worker] DEBUG org.apache.http.headers - http-outgoing-19 << Server: Docker/1.12.3 (linux)
02:36:19.599 [Test worker] DEBUG org.apache.http.headers - http-outgoing-19 << Date: Tue, 03 Jan 2017 01:36:19 GMT
02:36:19.599 [Test worker] DEBUG o.a.h.impl.execchain.MainClientExec - Connection can be kept alive indefinitely
02:36:19.599 [Test worker] DEBUG c.g.d.j.JerseyDockerCmdExecFactory$1 - Connection [id: 19][route: {s}->https://Thesis:2376][state: CN=Thesis] can be kept alive indefinitely
02:36:19.599 [Test worker] DEBUG c.g.d.j.JerseyDockerCmdExecFactory$1 - Connection released: [id: 19][route: {s}->https://Thesis:2376][state: CN=Thesis][total kept alive: 2; route allocated: 2 of 2; total allocated: 2 of 20]
02:36:19.599 [Test worker] DEBUG c.g.d.j.JerseyDockerCmdExecFactory - 18 * Client response received on thread Test worker
18 < 204
18 < Date: Tue, 03 Jan 2017 01:36:19 GMT
18 < Server: Docker/1.12.3 (linux)

02:36:19.599 [Test worker] INFO  org.openbaton.docker.DockerVim - Network 'f045c1120ce4fcff3241be6fa5edb16dcd20228f8c5606c2c35c24fb8f40de8a' deleted successfully
02:36:19.599 [Test worker] DEBUG c.g.d.core.command.AbstrDockerCmd - Cmd: com.github.dockerjava.core.util.FiltersBuilder@0,com.github.dockerjava.jaxrs.ListVolumesCmdExec@3e708bac
02:36:19.600 [Test worker] DEBUG c.g.d.j.JerseyDockerCmdExecFactory - 19 * Sending client request on thread Test worker
19 > GET https://Thesis:2376/volumes
19 > Accept: application/json

02:36:19.600 [Test worker] DEBUG o.a.h.c.protocol.RequestAddCookies - CookieSpec selected: default
02:36:19.600 [Test worker] DEBUG o.a.h.c.protocol.RequestAuthCache - Auth cache not set in the context
02:36:19.600 [Test worker] DEBUG c.g.d.j.JerseyDockerCmdExecFactory$1 - Connection request: [route: {s}->https://Thesis:2376][total kept alive: 2; route allocated: 2 of 2; total allocated: 2 of 20]
02:36:19.600 [Test worker] DEBUG o.a.h.i.c.DefaultManagedHttpClientConnection - http-outgoing-17: Close connection
02:36:19.600 [Test worker] DEBUG c.g.d.j.JerseyDockerCmdExecFactory$1 - Connection leased: [id: 20][route: {s}->https://Thesis:2376][total kept alive: 1; route allocated: 2 of 2; total allocated: 2 of 20]
02:36:19.600 [Test worker] DEBUG o.a.h.impl.execchain.MainClientExec - Opening connection {s}->https://Thesis:2376
02:36:19.600 [Test worker] DEBUG o.a.h.i.c.DefaultHttpClientConnectionOperator - Connecting to Thesis/127.0.1.1:2376
02:36:19.600 [Test worker] DEBUG o.a.h.c.s.SSLConnectionSocketFactory - Connecting socket to Thesis/127.0.1.1:2376 with timeout 0
02:36:19.605 [Test worker] DEBUG o.a.h.c.s.SSLConnectionSocketFactory - Enabled protocols: [TLSv1]
02:36:19.605 [Test worker] DEBUG o.a.h.c.s.SSLConnectionSocketFactory - Enabled cipher suites:[TLS_ECDHE_ECDSA_WITH_AES_128_CBC_SHA, TLS_ECDHE_RSA_WITH_AES_128_CBC_SHA, TLS_RSA_WITH_AES_128_CBC_SHA, TLS_ECDH_ECDSA_WITH_AES_128_CBC_SHA, TLS_ECDH_RSA_WITH_AES_128_CBC_SHA, TLS_DHE_RSA_WITH_AES_128_CBC_SHA, TLS_DHE_DSS_WITH_AES_128_CBC_SHA, TLS_ECDHE_ECDSA_WITH_3DES_EDE_CBC_SHA, TLS_ECDHE_RSA_WITH_3DES_EDE_CBC_SHA, SSL_RSA_WITH_3DES_EDE_CBC_SHA, TLS_ECDH_ECDSA_WITH_3DES_EDE_CBC_SHA, TLS_ECDH_RSA_WITH_3DES_EDE_CBC_SHA, SSL_DHE_RSA_WITH_3DES_EDE_CBC_SHA, SSL_DHE_DSS_WITH_3DES_EDE_CBC_SHA, TLS_ECDHE_ECDSA_WITH_RC4_128_SHA, TLS_ECDHE_RSA_WITH_RC4_128_SHA, SSL_RSA_WITH_RC4_128_SHA, TLS_ECDH_ECDSA_WITH_RC4_128_SHA, TLS_ECDH_RSA_WITH_RC4_128_SHA, SSL_RSA_WITH_RC4_128_MD5, TLS_EMPTY_RENEGOTIATION_INFO_SCSV]
02:36:19.605 [Test worker] DEBUG o.a.h.c.s.SSLConnectionSocketFactory - Starting handshake
02:36:19.686 [Test worker] DEBUG o.a.h.c.s.SSLConnectionSocketFactory - Secure session established
02:36:19.687 [Test worker] DEBUG o.a.h.c.s.SSLConnectionSocketFactory -  negotiated protocol: TLSv1
02:36:19.687 [Test worker] DEBUG o.a.h.c.s.SSLConnectionSocketFactory -  negotiated cipher suite: TLS_ECDHE_RSA_WITH_AES_128_CBC_SHA
02:36:19.687 [Test worker] DEBUG o.a.h.c.s.SSLConnectionSocketFactory -  peer principal: CN=Thesis
02:36:19.687 [Test worker] DEBUG o.a.h.c.s.SSLConnectionSocketFactory -  issuer principal: EMAILADDRESS=sha@yamil.com, CN=Thesis, OU=Open, O=Fra, L=BER, ST=BER, C=DE
02:36:19.688 [Test worker] DEBUG o.a.h.i.c.DefaultHttpClientConnectionOperator - Connection established 127.0.0.1:41338<->127.0.1.1:2376
02:36:19.688 [Test worker] DEBUG o.a.h.impl.execchain.MainClientExec - Executing request GET /volumes HTTP/1.1
02:36:19.688 [Test worker] DEBUG o.a.h.impl.execchain.MainClientExec - Target auth state: UNCHALLENGED
02:36:19.688 [Test worker] DEBUG o.a.h.impl.execchain.MainClientExec - Proxy auth state: UNCHALLENGED
02:36:19.688 [Test worker] DEBUG org.apache.http.headers - http-outgoing-20 >> GET /volumes HTTP/1.1
02:36:19.688 [Test worker] DEBUG org.apache.http.headers - http-outgoing-20 >> Accept: application/json
02:36:19.689 [Test worker] DEBUG org.apache.http.headers - http-outgoing-20 >> User-Agent: Jersey/2.23.1 (Apache HttpClient 4.5.1)
02:36:19.689 [Test worker] DEBUG org.apache.http.headers - http-outgoing-20 >> Host: Thesis:2376
02:36:19.689 [Test worker] DEBUG org.apache.http.headers - http-outgoing-20 >> Connection: Keep-Alive
02:36:19.689 [Test worker] DEBUG org.apache.http.headers - http-outgoing-20 >> Accept-Encoding: gzip,deflate
02:36:19.689 [Test worker] DEBUG org.apache.http.wire - http-outgoing-20 >> "GET /volumes HTTP/1.1[\r][\n]"
02:36:19.690 [Test worker] DEBUG org.apache.http.wire - http-outgoing-20 >> "Accept: application/json[\r][\n]"
02:36:19.691 [Test worker] DEBUG org.apache.http.wire - http-outgoing-20 >> "User-Agent: Jersey/2.23.1 (Apache HttpClient 4.5.1)[\r][\n]"
02:36:19.691 [Test worker] DEBUG org.apache.http.wire - http-outgoing-20 >> "Host: Thesis:2376[\r][\n]"
02:36:19.691 [Test worker] DEBUG org.apache.http.wire - http-outgoing-20 >> "Connection: Keep-Alive[\r][\n]"
02:36:19.691 [Test worker] DEBUG org.apache.http.wire - http-outgoing-20 >> "Accept-Encoding: gzip,deflate[\r][\n]"
02:36:19.691 [Test worker] DEBUG org.apache.http.wire - http-outgoing-20 >> "[\r][\n]"
02:36:19.692 [Test worker] DEBUG org.apache.http.wire - http-outgoing-20 << "H"
02:36:19.692 [Test worker] DEBUG org.apache.http.wire - http-outgoing-20 << "TTP/1.1 200 OK[\r][\n]"
02:36:19.692 [Test worker] DEBUG org.apache.http.wire - http-outgoing-20 << "Content-Type: application/json[\r][\n]"
02:36:19.692 [Test worker] DEBUG org.apache.http.wire - http-outgoing-20 << "Server: Docker/1.12.3 (linux)[\r][\n]"
02:36:19.692 [Test worker] DEBUG org.apache.http.wire - http-outgoing-20 << "Date: Tue, 03 Jan 2017 01:36:19 GMT[\r][\n]"
02:36:19.693 [Test worker] DEBUG org.apache.http.wire - http-outgoing-20 << "Content-Length: 33[\r][\n]"
02:36:19.693 [Test worker] DEBUG org.apache.http.wire - http-outgoing-20 << "[\r][\n]"
02:36:19.693 [Test worker] DEBUG org.apache.http.wire - http-outgoing-20 << "{"Volumes":null,"Warnings":null}[\n]"
02:36:19.693 [Test worker] DEBUG org.apache.http.headers - http-outgoing-20 << HTTP/1.1 200 OK
02:36:19.693 [Test worker] DEBUG org.apache.http.headers - http-outgoing-20 << Content-Type: application/json
02:36:19.694 [Test worker] DEBUG org.apache.http.headers - http-outgoing-20 << Server: Docker/1.12.3 (linux)
02:36:19.694 [Test worker] DEBUG org.apache.http.headers - http-outgoing-20 << Date: Tue, 03 Jan 2017 01:36:19 GMT
02:36:19.694 [Test worker] DEBUG org.apache.http.headers - http-outgoing-20 << Content-Length: 33
02:36:19.694 [Test worker] DEBUG o.a.h.impl.execchain.MainClientExec - Connection can be kept alive indefinitely
02:36:19.695 [Test worker] DEBUG c.g.d.j.JerseyDockerCmdExecFactory - 20 * Client response received on thread Test worker
20 < 200
20 < Content-Length: 33
20 < Content-Type: application/json
20 < Date: Tue, 03 Jan 2017 01:36:19 GMT
20 < Server: Docker/1.12.3 (linux)
{"Volumes":null,"Warnings":null}


02:36:19.696 [Test worker] DEBUG o.a.h.i.c.DefaultManagedHttpClientConnection - http-outgoing-20: Close connection
02:36:19.696 [Test worker] DEBUG o.a.h.impl.execchain.MainClientExec - Connection discarded
02:36:19.696 [Test worker] DEBUG c.g.d.j.JerseyDockerCmdExecFactory$1 - Connection released: [id: 20][route: {s}->https://Thesis:2376][total kept alive: 1; route allocated: 1 of 2; total allocated: 1 of 20]
02:36:19.697 [Test worker] DEBUG org.openbaton.docker.DockerVim - Loading properties
02:36:19.698 [Test worker] DEBUG org.openbaton.docker.DockerVim - Loaded properties: {vim.instance.auth.url=tcp://Thesis:2376, docker.cert.path=/home/sakib/.docker, type=docker, tls.verify=true}
02:36:19.729 [Test worker] DEBUG c.g.d.core.command.AbstrDockerCmd - Cmd: -1,<null>,true,<null>,<null>,com.github.dockerjava.core.util.FiltersBuilder@0,com.github.dockerjava.jaxrs.ListContainersCmdExec@156a735a
02:36:19.754 [Test worker] DEBUG c.g.d.j.JerseyDockerCmdExecFactory - 1 * Sending client request on thread Test worker
1 > GET https://Thesis:2376/containers/json?all=true
1 > Accept: application/json

02:36:19.755 [Test worker] DEBUG o.a.h.c.protocol.RequestAddCookies - CookieSpec selected: default
02:36:19.755 [Test worker] DEBUG o.a.h.c.protocol.RequestAuthCache - Auth cache not set in the context
02:36:19.756 [Test worker] DEBUG c.g.d.j.JerseyDockerCmdExecFactory$1 - Connection request: [route: {s}->https://Thesis:2376][total kept alive: 0; route allocated: 0 of 2; total allocated: 0 of 20]
02:36:19.756 [Test worker] DEBUG c.g.d.j.JerseyDockerCmdExecFactory$1 - Connection leased: [id: 21][route: {s}->https://Thesis:2376][total kept alive: 0; route allocated: 1 of 2; total allocated: 1 of 20]
02:36:19.756 [Test worker] DEBUG o.a.h.impl.execchain.MainClientExec - Opening connection {s}->https://Thesis:2376
02:36:19.756 [Test worker] DEBUG o.a.h.i.c.DefaultHttpClientConnectionOperator - Connecting to Thesis/127.0.1.1:2376
02:36:19.756 [Test worker] DEBUG o.a.h.c.s.SSLConnectionSocketFactory - Connecting socket to Thesis/127.0.1.1:2376 with timeout 0
02:36:19.758 [Test worker] DEBUG o.a.h.c.s.SSLConnectionSocketFactory - Enabled protocols: [TLSv1]
02:36:19.758 [Test worker] DEBUG o.a.h.c.s.SSLConnectionSocketFactory - Enabled cipher suites:[TLS_ECDHE_ECDSA_WITH_AES_128_CBC_SHA, TLS_ECDHE_RSA_WITH_AES_128_CBC_SHA, TLS_RSA_WITH_AES_128_CBC_SHA, TLS_ECDH_ECDSA_WITH_AES_128_CBC_SHA, TLS_ECDH_RSA_WITH_AES_128_CBC_SHA, TLS_DHE_RSA_WITH_AES_128_CBC_SHA, TLS_DHE_DSS_WITH_AES_128_CBC_SHA, TLS_ECDHE_ECDSA_WITH_3DES_EDE_CBC_SHA, TLS_ECDHE_RSA_WITH_3DES_EDE_CBC_SHA, SSL_RSA_WITH_3DES_EDE_CBC_SHA, TLS_ECDH_ECDSA_WITH_3DES_EDE_CBC_SHA, TLS_ECDH_RSA_WITH_3DES_EDE_CBC_SHA, SSL_DHE_RSA_WITH_3DES_EDE_CBC_SHA, SSL_DHE_DSS_WITH_3DES_EDE_CBC_SHA, TLS_ECDHE_ECDSA_WITH_RC4_128_SHA, TLS_ECDHE_RSA_WITH_RC4_128_SHA, SSL_RSA_WITH_RC4_128_SHA, TLS_ECDH_ECDSA_WITH_RC4_128_SHA, TLS_ECDH_RSA_WITH_RC4_128_SHA, SSL_RSA_WITH_RC4_128_MD5, TLS_EMPTY_RENEGOTIATION_INFO_SCSV]
02:36:19.758 [Test worker] DEBUG o.a.h.c.s.SSLConnectionSocketFactory - Starting handshake
02:36:19.824 [Test worker] DEBUG o.a.h.c.s.SSLConnectionSocketFactory - Secure session established
02:36:19.824 [Test worker] DEBUG o.a.h.c.s.SSLConnectionSocketFactory -  negotiated protocol: TLSv1
02:36:19.824 [Test worker] DEBUG o.a.h.c.s.SSLConnectionSocketFactory -  negotiated cipher suite: TLS_ECDHE_RSA_WITH_AES_128_CBC_SHA
02:36:19.825 [Test worker] DEBUG o.a.h.c.s.SSLConnectionSocketFactory -  peer principal: CN=Thesis
02:36:19.825 [Test worker] DEBUG o.a.h.c.s.SSLConnectionSocketFactory -  issuer principal: EMAILADDRESS=sha@yamil.com, CN=Thesis, OU=Open, O=Fra, L=BER, ST=BER, C=DE
02:36:19.825 [Test worker] DEBUG o.a.h.i.c.DefaultHttpClientConnectionOperator - Connection established 127.0.0.1:41340<->127.0.1.1:2376
02:36:19.825 [Test worker] DEBUG o.a.h.impl.execchain.MainClientExec - Executing request GET /containers/json?all=true HTTP/1.1
02:36:19.825 [Test worker] DEBUG o.a.h.impl.execchain.MainClientExec - Target auth state: UNCHALLENGED
02:36:19.826 [Test worker] DEBUG o.a.h.impl.execchain.MainClientExec - Proxy auth state: UNCHALLENGED
02:36:19.826 [Test worker] DEBUG org.apache.http.headers - http-outgoing-21 >> GET /containers/json?all=true HTTP/1.1
02:36:19.826 [Test worker] DEBUG org.apache.http.headers - http-outgoing-21 >> Accept: application/json
02:36:19.826 [Test worker] DEBUG org.apache.http.headers - http-outgoing-21 >> User-Agent: Jersey/2.23.1 (Apache HttpClient 4.5.1)
02:36:19.827 [Test worker] DEBUG org.apache.http.headers - http-outgoing-21 >> Host: Thesis:2376
02:36:19.827 [Test worker] DEBUG org.apache.http.headers - http-outgoing-21 >> Connection: Keep-Alive
02:36:19.827 [Test worker] DEBUG org.apache.http.headers - http-outgoing-21 >> Accept-Encoding: gzip,deflate
02:36:19.827 [Test worker] DEBUG org.apache.http.wire - http-outgoing-21 >> "GET /containers/json?all=true HTTP/1.1[\r][\n]"
02:36:19.827 [Test worker] DEBUG org.apache.http.wire - http-outgoing-21 >> "Accept: application/json[\r][\n]"
02:36:19.827 [Test worker] DEBUG org.apache.http.wire - http-outgoing-21 >> "User-Agent: Jersey/2.23.1 (Apache HttpClient 4.5.1)[\r][\n]"
02:36:19.828 [Test worker] DEBUG org.apache.http.wire - http-outgoing-21 >> "Host: Thesis:2376[\r][\n]"
02:36:19.828 [Test worker] DEBUG org.apache.http.wire - http-outgoing-21 >> "Connection: Keep-Alive[\r][\n]"
02:36:19.828 [Test worker] DEBUG org.apache.http.wire - http-outgoing-21 >> "Accept-Encoding: gzip,deflate[\r][\n]"
02:36:19.828 [Test worker] DEBUG org.apache.http.wire - http-outgoing-21 >> "[\r][\n]"
02:36:19.829 [Test worker] DEBUG org.apache.http.wire - http-outgoing-21 << "H"
02:36:19.829 [Test worker] DEBUG org.apache.http.wire - http-outgoing-21 << "TTP/1.1 200 OK[\r][\n]"
02:36:19.829 [Test worker] DEBUG org.apache.http.wire - http-outgoing-21 << "Content-Type: application/json[\r][\n]"
02:36:19.829 [Test worker] DEBUG org.apache.http.wire - http-outgoing-21 << "Server: Docker/1.12.3 (linux)[\r][\n]"
02:36:19.829 [Test worker] DEBUG org.apache.http.wire - http-outgoing-21 << "Date: Tue, 03 Jan 2017 01:36:19 GMT[\r][\n]"
02:36:19.829 [Test worker] DEBUG org.apache.http.wire - http-outgoing-21 << "Content-Length: 3[\r][\n]"
02:36:19.830 [Test worker] DEBUG org.apache.http.wire - http-outgoing-21 << "[\r][\n]"
02:36:19.830 [Test worker] DEBUG org.apache.http.wire - http-outgoing-21 << "[][\n]"
02:36:19.830 [Test worker] DEBUG org.apache.http.headers - http-outgoing-21 << HTTP/1.1 200 OK
02:36:19.830 [Test worker] DEBUG org.apache.http.headers - http-outgoing-21 << Content-Type: application/json
02:36:19.830 [Test worker] DEBUG org.apache.http.headers - http-outgoing-21 << Server: Docker/1.12.3 (linux)
02:36:19.831 [Test worker] DEBUG org.apache.http.headers - http-outgoing-21 << Date: Tue, 03 Jan 2017 01:36:19 GMT
02:36:19.833 [Test worker] DEBUG org.apache.http.headers - http-outgoing-21 << Content-Length: 3
02:36:19.833 [Test worker] DEBUG o.a.h.impl.execchain.MainClientExec - Connection can be kept alive indefinitely
02:36:19.834 [Test worker] DEBUG c.g.d.j.JerseyDockerCmdExecFactory - 2 * Client response received on thread Test worker
2 < 200
2 < Content-Length: 3
2 < Content-Type: application/json
2 < Date: Tue, 03 Jan 2017 01:36:19 GMT
2 < Server: Docker/1.12.3 (linux)
[]


02:36:19.836 [Test worker] DEBUG c.g.d.j.JerseyDockerCmdExecFactory$1 - Connection [id: 21][route: {s}->https://Thesis:2376][state: CN=Thesis] can be kept alive indefinitely
02:36:19.836 [Test worker] DEBUG c.g.d.j.JerseyDockerCmdExecFactory$1 - Connection released: [id: 21][route: {s}->https://Thesis:2376][state: CN=Thesis][total kept alive: 1; route allocated: 1 of 2; total allocated: 1 of 20]
02:36:19.845 [Test worker] DEBUG c.g.d.core.command.AbstrDockerCmd - Cmd: com.github.dockerjava.core.util.FiltersBuilder@0,com.github.dockerjava.jaxrs.ListNetworksCmdExec@d0a42de
02:36:19.846 [Test worker] DEBUG c.g.d.j.JerseyDockerCmdExecFactory - 3 * Sending client request on thread Test worker
3 > GET https://Thesis:2376/networks
3 > Accept: application/json

02:36:19.847 [Test worker] DEBUG o.a.h.c.protocol.RequestAddCookies - CookieSpec selected: default
02:36:19.847 [Test worker] DEBUG o.a.h.c.protocol.RequestAuthCache - Auth cache not set in the context
02:36:19.847 [Test worker] DEBUG c.g.d.j.JerseyDockerCmdExecFactory$1 - Connection request: [route: {s}->https://Thesis:2376][total kept alive: 1; route allocated: 1 of 2; total allocated: 1 of 20]
02:36:19.847 [Test worker] DEBUG c.g.d.j.JerseyDockerCmdExecFactory$1 - Connection leased: [id: 22][route: {s}->https://Thesis:2376][total kept alive: 1; route allocated: 2 of 2; total allocated: 2 of 20]
02:36:19.847 [Test worker] DEBUG o.a.h.impl.execchain.MainClientExec - Opening connection {s}->https://Thesis:2376
02:36:19.848 [Test worker] DEBUG o.a.h.i.c.DefaultHttpClientConnectionOperator - Connecting to Thesis/127.0.1.1:2376
02:36:19.848 [Test worker] DEBUG o.a.h.c.s.SSLConnectionSocketFactory - Connecting socket to Thesis/127.0.1.1:2376 with timeout 0
02:36:19.849 [Test worker] DEBUG o.a.h.c.s.SSLConnectionSocketFactory - Enabled protocols: [TLSv1]
02:36:19.849 [Test worker] DEBUG o.a.h.c.s.SSLConnectionSocketFactory - Enabled cipher suites:[TLS_ECDHE_ECDSA_WITH_AES_128_CBC_SHA, TLS_ECDHE_RSA_WITH_AES_128_CBC_SHA, TLS_RSA_WITH_AES_128_CBC_SHA, TLS_ECDH_ECDSA_WITH_AES_128_CBC_SHA, TLS_ECDH_RSA_WITH_AES_128_CBC_SHA, TLS_DHE_RSA_WITH_AES_128_CBC_SHA, TLS_DHE_DSS_WITH_AES_128_CBC_SHA, TLS_ECDHE_ECDSA_WITH_3DES_EDE_CBC_SHA, TLS_ECDHE_RSA_WITH_3DES_EDE_CBC_SHA, SSL_RSA_WITH_3DES_EDE_CBC_SHA, TLS_ECDH_ECDSA_WITH_3DES_EDE_CBC_SHA, TLS_ECDH_RSA_WITH_3DES_EDE_CBC_SHA, SSL_DHE_RSA_WITH_3DES_EDE_CBC_SHA, SSL_DHE_DSS_WITH_3DES_EDE_CBC_SHA, TLS_ECDHE_ECDSA_WITH_RC4_128_SHA, TLS_ECDHE_RSA_WITH_RC4_128_SHA, SSL_RSA_WITH_RC4_128_SHA, TLS_ECDH_ECDSA_WITH_RC4_128_SHA, TLS_ECDH_RSA_WITH_RC4_128_SHA, SSL_RSA_WITH_RC4_128_MD5, TLS_EMPTY_RENEGOTIATION_INFO_SCSV]
02:36:19.849 [Test worker] DEBUG o.a.h.c.s.SSLConnectionSocketFactory - Starting handshake
02:36:19.915 [Test worker] DEBUG o.a.h.c.s.SSLConnectionSocketFactory - Secure session established
02:36:19.916 [Test worker] DEBUG o.a.h.c.s.SSLConnectionSocketFactory -  negotiated protocol: TLSv1
02:36:19.916 [Test worker] DEBUG o.a.h.c.s.SSLConnectionSocketFactory -  negotiated cipher suite: TLS_ECDHE_RSA_WITH_AES_128_CBC_SHA
02:36:19.916 [Test worker] DEBUG o.a.h.c.s.SSLConnectionSocketFactory -  peer principal: CN=Thesis
02:36:19.917 [Test worker] DEBUG o.a.h.c.s.SSLConnectionSocketFactory -  issuer principal: EMAILADDRESS=sha@yamil.com, CN=Thesis, OU=Open, O=Fra, L=BER, ST=BER, C=DE
02:36:19.917 [Test worker] DEBUG o.a.h.i.c.DefaultHttpClientConnectionOperator - Connection established 127.0.0.1:41342<->127.0.1.1:2376
02:36:19.917 [Test worker] DEBUG o.a.h.impl.execchain.MainClientExec - Executing request GET /networks HTTP/1.1
02:36:19.917 [Test worker] DEBUG o.a.h.impl.execchain.MainClientExec - Target auth state: UNCHALLENGED
02:36:19.917 [Test worker] DEBUG o.a.h.impl.execchain.MainClientExec - Proxy auth state: UNCHALLENGED
02:36:19.918 [Test worker] DEBUG org.apache.http.headers - http-outgoing-22 >> GET /networks HTTP/1.1
02:36:19.918 [Test worker] DEBUG org.apache.http.headers - http-outgoing-22 >> Accept: application/json
02:36:19.918 [Test worker] DEBUG org.apache.http.headers - http-outgoing-22 >> User-Agent: Jersey/2.23.1 (Apache HttpClient 4.5.1)
02:36:19.918 [Test worker] DEBUG org.apache.http.headers - http-outgoing-22 >> Host: Thesis:2376
02:36:19.918 [Test worker] DEBUG org.apache.http.headers - http-outgoing-22 >> Connection: Keep-Alive
02:36:19.918 [Test worker] DEBUG org.apache.http.headers - http-outgoing-22 >> Accept-Encoding: gzip,deflate
02:36:19.919 [Test worker] DEBUG org.apache.http.wire - http-outgoing-22 >> "GET /networks HTTP/1.1[\r][\n]"
02:36:19.919 [Test worker] DEBUG org.apache.http.wire - http-outgoing-22 >> "Accept: application/json[\r][\n]"
02:36:19.919 [Test worker] DEBUG org.apache.http.wire - http-outgoing-22 >> "User-Agent: Jersey/2.23.1 (Apache HttpClient 4.5.1)[\r][\n]"
02:36:19.919 [Test worker] DEBUG org.apache.http.wire - http-outgoing-22 >> "Host: Thesis:2376[\r][\n]"
02:36:19.919 [Test worker] DEBUG org.apache.http.wire - http-outgoing-22 >> "Connection: Keep-Alive[\r][\n]"
02:36:19.919 [Test worker] DEBUG org.apache.http.wire - http-outgoing-22 >> "Accept-Encoding: gzip,deflate[\r][\n]"
02:36:19.919 [Test worker] DEBUG org.apache.http.wire - http-outgoing-22 >> "[\r][\n]"
02:36:19.920 [Test worker] DEBUG org.apache.http.wire - http-outgoing-22 << "H"
02:36:19.920 [Test worker] DEBUG org.apache.http.wire - http-outgoing-22 << "TTP/1.1 200 OK[\r][\n]"
02:36:19.920 [Test worker] DEBUG org.apache.http.wire - http-outgoing-22 << "Content-Type: application/json[\r][\n]"
02:36:19.921 [Test worker] DEBUG org.apache.http.wire - http-outgoing-22 << "Server: Docker/1.12.3 (linux)[\r][\n]"
02:36:19.921 [Test worker] DEBUG org.apache.http.wire - http-outgoing-22 << "Date: Tue, 03 Jan 2017 01:36:19 GMT[\r][\n]"
02:36:19.921 [Test worker] DEBUG org.apache.http.wire - http-outgoing-22 << "Content-Length: 1100[\r][\n]"
02:36:19.921 [Test worker] DEBUG org.apache.http.wire - http-outgoing-22 << "[\r][\n]"
02:36:19.921 [Test worker] DEBUG org.apache.http.wire - http-outgoing-22 << "[{"Name":"host","Id":"fe042b0866671b5be4f097ba43830c0a02959c058702d18e18c14a24d88a357d","Scope":"local","Driver":"host","EnableIPv6":false,"IPAM":{"Driver":"default","Options":null,"Config":[]},"Internal":false,"Containers":{},"Options":{},"Labels":{}},{"Name":"none","Id":"4d89c194eb79cd2beb38458d10a1b98c74d6b8462af72afde29ae7aca53ed5ca","Scope":"local","Driver":"null","EnableIPv6":false,"IPAM":{"Driver":"default","Options":null,"Config":[]},"Internal":false,"Containers":{},"Options":{},"Labels":{}},{"Name":"bridge","Id":"e0d36057aa1769e9fd52ba88be81b698b495f9b6b4946d0f98f24d971a27fc98","Scope":"local","Driver":"bridge","EnableIPv6":false,"IPAM":{"Driver":"default","Options":null,"Config":[{"Subnet":"172.17.0.0/16","Gateway":"172.17.0.1"}]},"Internal":false,"Containers":{},"Options":{"com.docker.network.bridge.default_bridge":"true","com.docker.network.bridge.enable_icc":"true","com.docker.network.bridge.enable_ip_masquerade":"true","com.docker.network.bridge.host_binding_ipv4":"0.0.0.0","com.docker.network.bridge.name":"docker0","com.docker.network.driver.mtu":"1500"},"Labels":{}}][\n]"
02:36:19.921 [Test worker] DEBUG org.apache.http.headers - http-outgoing-22 << HTTP/1.1 200 OK
02:36:19.922 [Test worker] DEBUG org.apache.http.headers - http-outgoing-22 << Content-Type: application/json
02:36:19.922 [Test worker] DEBUG org.apache.http.headers - http-outgoing-22 << Server: Docker/1.12.3 (linux)
02:36:19.922 [Test worker] DEBUG org.apache.http.headers - http-outgoing-22 << Date: Tue, 03 Jan 2017 01:36:19 GMT
02:36:19.922 [Test worker] DEBUG org.apache.http.headers - http-outgoing-22 << Content-Length: 1100
02:36:19.922 [Test worker] DEBUG o.a.h.impl.execchain.MainClientExec - Connection can be kept alive indefinitely
02:36:19.923 [Test worker] DEBUG c.g.d.j.JerseyDockerCmdExecFactory - 4 * Client response received on thread Test worker
4 < 200
4 < Content-Length: 1100
4 < Content-Type: application/json
4 < Date: Tue, 03 Jan 2017 01:36:19 GMT
4 < Server: Docker/1.12.3 (linux)
[{"Name":"host","Id":"fe042b0866671b5be4f097ba43830c0a02959c058702d18e18c14a24d88a357d","Scope":"local","Driver":"host","EnableIPv6":false,"IPAM":{"Driver":"default","Options":null,"Config":[]},"Internal":false,"Containers":{},"Options":{},"Labels":{}},{"Name":"none","Id":"4d89c194eb79cd2beb38458d10a1b98c74d6b8462af72afde29ae7aca53ed5ca","Scope":"local","Driver":"null","EnableIPv6":false,"IPAM":{"Driver":"default","Options":null,"Config":[]},"Internal":false,"Containers":{},"Options":{},"Labels":{}},{"Name":"bridge","Id":"e0d36057aa1769e9fd52ba88be81b698b495f9b6b4946d0f98f24d971a27fc98","Scope":"local","Driver":"bridge","EnableIPv6":false,"IPAM":{"Driver":"default","Options":null,"Config":[{"Subnet":"172.17.0.0/16","Gateway":"172.17.0.1"}]},"Internal":false,"Containers":{},"Options":{"com.docker.network.bridge.default_bridge":"true","com.docker.network.bridge.enable_icc":"true","com.docker.network.bridge.enable_ip_masquerade":"true","com.docker.network.bridge.host_binding_ipv4":"0.0.0.0","com.docker.network.bridge.name":"docker0","com.docker.network.driver.mtu":"1500"},"Labels":{}}]


02:36:19.929 [Test worker] DEBUG o.a.h.i.c.DefaultManagedHttpClientConnection - http-outgoing-22: Close connection
02:36:19.930 [Test worker] DEBUG o.a.h.impl.execchain.MainClientExec - Connection discarded
02:36:19.930 [Test worker] DEBUG c.g.d.j.JerseyDockerCmdExecFactory$1 - Connection released: [id: 22][route: {s}->https://Thesis:2376][total kept alive: 1; route allocated: 1 of 2; total allocated: 1 of 20]
02:36:19.930 [Test worker] DEBUG c.g.d.core.command.AbstrDockerCmd - Cmd: com.github.dockerjava.core.util.FiltersBuilder@0,com.github.dockerjava.jaxrs.ListVolumesCmdExec@611a5a82
02:36:19.931 [Test worker] DEBUG c.g.d.j.JerseyDockerCmdExecFactory - 5 * Sending client request on thread Test worker
5 > GET https://Thesis:2376/volumes
5 > Accept: application/json

02:36:19.931 [Test worker] DEBUG o.a.h.c.protocol.RequestAddCookies - CookieSpec selected: default
02:36:19.931 [Test worker] DEBUG o.a.h.c.protocol.RequestAuthCache - Auth cache not set in the context
02:36:19.932 [Test worker] DEBUG c.g.d.j.JerseyDockerCmdExecFactory$1 - Connection request: [route: {s}->https://Thesis:2376][total kept alive: 1; route allocated: 1 of 2; total allocated: 1 of 20]
02:36:19.932 [Test worker] DEBUG c.g.d.j.JerseyDockerCmdExecFactory$1 - Connection leased: [id: 23][route: {s}->https://Thesis:2376][total kept alive: 1; route allocated: 2 of 2; total allocated: 2 of 20]
02:36:19.932 [Test worker] DEBUG o.a.h.impl.execchain.MainClientExec - Opening connection {s}->https://Thesis:2376
02:36:19.932 [Test worker] DEBUG o.a.h.i.c.DefaultHttpClientConnectionOperator - Connecting to Thesis/127.0.1.1:2376
02:36:19.932 [Test worker] DEBUG o.a.h.c.s.SSLConnectionSocketFactory - Connecting socket to Thesis/127.0.1.1:2376 with timeout 0
02:36:19.934 [Test worker] DEBUG o.a.h.c.s.SSLConnectionSocketFactory - Enabled protocols: [TLSv1]
02:36:19.934 [Test worker] DEBUG o.a.h.c.s.SSLConnectionSocketFactory - Enabled cipher suites:[TLS_ECDHE_ECDSA_WITH_AES_128_CBC_SHA, TLS_ECDHE_RSA_WITH_AES_128_CBC_SHA, TLS_RSA_WITH_AES_128_CBC_SHA, TLS_ECDH_ECDSA_WITH_AES_128_CBC_SHA, TLS_ECDH_RSA_WITH_AES_128_CBC_SHA, TLS_DHE_RSA_WITH_AES_128_CBC_SHA, TLS_DHE_DSS_WITH_AES_128_CBC_SHA, TLS_ECDHE_ECDSA_WITH_3DES_EDE_CBC_SHA, TLS_ECDHE_RSA_WITH_3DES_EDE_CBC_SHA, SSL_RSA_WITH_3DES_EDE_CBC_SHA, TLS_ECDH_ECDSA_WITH_3DES_EDE_CBC_SHA, TLS_ECDH_RSA_WITH_3DES_EDE_CBC_SHA, SSL_DHE_RSA_WITH_3DES_EDE_CBC_SHA, SSL_DHE_DSS_WITH_3DES_EDE_CBC_SHA, TLS_ECDHE_ECDSA_WITH_RC4_128_SHA, TLS_ECDHE_RSA_WITH_RC4_128_SHA, SSL_RSA_WITH_RC4_128_SHA, TLS_ECDH_ECDSA_WITH_RC4_128_SHA, TLS_ECDH_RSA_WITH_RC4_128_SHA, SSL_RSA_WITH_RC4_128_MD5, TLS_EMPTY_RENEGOTIATION_INFO_SCSV]
02:36:19.934 [Test worker] DEBUG o.a.h.c.s.SSLConnectionSocketFactory - Starting handshake
02:36:19.996 [Test worker] DEBUG o.a.h.c.s.SSLConnectionSocketFactory - Secure session established
02:36:19.997 [Test worker] DEBUG o.a.h.c.s.SSLConnectionSocketFactory -  negotiated protocol: TLSv1
02:36:19.997 [Test worker] DEBUG o.a.h.c.s.SSLConnectionSocketFactory -  negotiated cipher suite: TLS_ECDHE_RSA_WITH_AES_128_CBC_SHA
02:36:19.997 [Test worker] DEBUG o.a.h.c.s.SSLConnectionSocketFactory -  peer principal: CN=Thesis
02:36:19.998 [Test worker] DEBUG o.a.h.c.s.SSLConnectionSocketFactory -  issuer principal: EMAILADDRESS=sha@yamil.com, CN=Thesis, OU=Open, O=Fra, L=BER, ST=BER, C=DE
02:36:19.998 [Test worker] DEBUG o.a.h.i.c.DefaultHttpClientConnectionOperator - Connection established 127.0.0.1:41344<->127.0.1.1:2376
02:36:19.998 [Test worker] DEBUG o.a.h.impl.execchain.MainClientExec - Executing request GET /volumes HTTP/1.1
02:36:19.998 [Test worker] DEBUG o.a.h.impl.execchain.MainClientExec - Target auth state: UNCHALLENGED
02:36:19.998 [Test worker] DEBUG o.a.h.impl.execchain.MainClientExec - Proxy auth state: UNCHALLENGED
02:36:19.999 [Test worker] DEBUG org.apache.http.headers - http-outgoing-23 >> GET /volumes HTTP/1.1
02:36:19.999 [Test worker] DEBUG org.apache.http.headers - http-outgoing-23 >> Accept: application/json
02:36:19.999 [Test worker] DEBUG org.apache.http.headers - http-outgoing-23 >> User-Agent: Jersey/2.23.1 (Apache HttpClient 4.5.1)
02:36:19.999 [Test worker] DEBUG org.apache.http.headers - http-outgoing-23 >> Host: Thesis:2376
02:36:19.999 [Test worker] DEBUG org.apache.http.headers - http-outgoing-23 >> Connection: Keep-Alive
02:36:19.999 [Test worker] DEBUG org.apache.http.headers - http-outgoing-23 >> Accept-Encoding: gzip,deflate
02:36:19.999 [Test worker] DEBUG org.apache.http.wire - http-outgoing-23 >> "GET /volumes HTTP/1.1[\r][\n]"
02:36:20.000 [Test worker] DEBUG org.apache.http.wire - http-outgoing-23 >> "Accept: application/json[\r][\n]"
02:36:20.000 [Test worker] DEBUG org.apache.http.wire - http-outgoing-23 >> "User-Agent: Jersey/2.23.1 (Apache HttpClient 4.5.1)[\r][\n]"
02:36:20.000 [Test worker] DEBUG org.apache.http.wire - http-outgoing-23 >> "Host: Thesis:2376[\r][\n]"
02:36:20.000 [Test worker] DEBUG org.apache.http.wire - http-outgoing-23 >> "Connection: Keep-Alive[\r][\n]"
02:36:20.000 [Test worker] DEBUG org.apache.http.wire - http-outgoing-23 >> "Accept-Encoding: gzip,deflate[\r][\n]"
02:36:20.000 [Test worker] DEBUG org.apache.http.wire - http-outgoing-23 >> "[\r][\n]"
02:36:20.001 [Test worker] DEBUG org.apache.http.wire - http-outgoing-23 << "H"
02:36:20.001 [Test worker] DEBUG org.apache.http.wire - http-outgoing-23 << "TTP/1.1 200 OK[\r][\n]"
02:36:20.001 [Test worker] DEBUG org.apache.http.wire - http-outgoing-23 << "Content-Type: application/json[\r][\n]"
02:36:20.002 [Test worker] DEBUG org.apache.http.wire - http-outgoing-23 << "Server: Docker/1.12.3 (linux)[\r][\n]"
02:36:20.002 [Test worker] DEBUG org.apache.http.wire - http-outgoing-23 << "Date: Tue, 03 Jan 2017 01:36:20 GMT[\r][\n]"
02:36:20.002 [Test worker] DEBUG org.apache.http.wire - http-outgoing-23 << "Content-Length: 33[\r][\n]"
02:36:20.003 [Test worker] DEBUG org.apache.http.wire - http-outgoing-23 << "[\r][\n]"
02:36:20.003 [Test worker] DEBUG org.apache.http.wire - http-outgoing-23 << "{"Volumes":null,"Warnings":null}[\n]"
02:36:20.003 [Test worker] DEBUG org.apache.http.headers - http-outgoing-23 << HTTP/1.1 200 OK
02:36:20.004 [Test worker] DEBUG org.apache.http.headers - http-outgoing-23 << Content-Type: application/json
02:36:20.004 [Test worker] DEBUG org.apache.http.headers - http-outgoing-23 << Server: Docker/1.12.3 (linux)
02:36:20.004 [Test worker] DEBUG org.apache.http.headers - http-outgoing-23 << Date: Tue, 03 Jan 2017 01:36:20 GMT
02:36:20.004 [Test worker] DEBUG org.apache.http.headers - http-outgoing-23 << Content-Length: 33
02:36:20.004 [Test worker] DEBUG o.a.h.impl.execchain.MainClientExec - Connection can be kept alive indefinitely
02:36:20.005 [Test worker] DEBUG c.g.d.j.JerseyDockerCmdExecFactory - 6 * Client response received on thread Test worker
6 < 200
6 < Content-Length: 33
6 < Content-Type: application/json
6 < Date: Tue, 03 Jan 2017 01:36:20 GMT
6 < Server: Docker/1.12.3 (linux)
{"Volumes":null,"Warnings":null}


02:36:20.009 [Test worker] DEBUG o.a.h.i.c.DefaultManagedHttpClientConnection - http-outgoing-23: Close connection
02:36:20.009 [Test worker] DEBUG o.a.h.impl.execchain.MainClientExec - Connection discarded
02:36:20.009 [Test worker] DEBUG c.g.d.j.JerseyDockerCmdExecFactory$1 - Connection released: [id: 23][route: {s}->https://Thesis:2376][total kept alive: 1; route allocated: 1 of 2; total allocated: 1 of 20]
02:36:20.010 [Test worker] DEBUG c.g.d.core.command.AbstrDockerCmd - Cmd: ListImagesCmdImpl[imageNameFilter=<null>,showAll=true,filters=com.github.dockerjava.core.util.FiltersBuilder@0,execution=com.github.dockerjava.jaxrs.ListImagesCmdExec@66a9d56a]
02:36:20.015 [Test worker] DEBUG c.g.d.j.JerseyDockerCmdExecFactory - 7 * Sending client request on thread Test worker
7 > GET https://Thesis:2376/images/json?all=true
7 > Accept: application/json

02:36:20.016 [Test worker] DEBUG o.a.h.c.protocol.RequestAddCookies - CookieSpec selected: default
02:36:20.016 [Test worker] DEBUG o.a.h.c.protocol.RequestAuthCache - Auth cache not set in the context
02:36:20.016 [Test worker] DEBUG c.g.d.j.JerseyDockerCmdExecFactory$1 - Connection request: [route: {s}->https://Thesis:2376][total kept alive: 1; route allocated: 1 of 2; total allocated: 1 of 20]
02:36:20.016 [Test worker] DEBUG c.g.d.j.JerseyDockerCmdExecFactory$1 - Connection leased: [id: 24][route: {s}->https://Thesis:2376][total kept alive: 1; route allocated: 2 of 2; total allocated: 2 of 20]
02:36:20.017 [Test worker] DEBUG o.a.h.impl.execchain.MainClientExec - Opening connection {s}->https://Thesis:2376
02:36:20.017 [Test worker] DEBUG o.a.h.i.c.DefaultHttpClientConnectionOperator - Connecting to Thesis/127.0.1.1:2376
02:36:20.017 [Test worker] DEBUG o.a.h.c.s.SSLConnectionSocketFactory - Connecting socket to Thesis/127.0.1.1:2376 with timeout 0
02:36:20.019 [Test worker] DEBUG o.a.h.c.s.SSLConnectionSocketFactory - Enabled protocols: [TLSv1]
02:36:20.019 [Test worker] DEBUG o.a.h.c.s.SSLConnectionSocketFactory - Enabled cipher suites:[TLS_ECDHE_ECDSA_WITH_AES_128_CBC_SHA, TLS_ECDHE_RSA_WITH_AES_128_CBC_SHA, TLS_RSA_WITH_AES_128_CBC_SHA, TLS_ECDH_ECDSA_WITH_AES_128_CBC_SHA, TLS_ECDH_RSA_WITH_AES_128_CBC_SHA, TLS_DHE_RSA_WITH_AES_128_CBC_SHA, TLS_DHE_DSS_WITH_AES_128_CBC_SHA, TLS_ECDHE_ECDSA_WITH_3DES_EDE_CBC_SHA, TLS_ECDHE_RSA_WITH_3DES_EDE_CBC_SHA, SSL_RSA_WITH_3DES_EDE_CBC_SHA, TLS_ECDH_ECDSA_WITH_3DES_EDE_CBC_SHA, TLS_ECDH_RSA_WITH_3DES_EDE_CBC_SHA, SSL_DHE_RSA_WITH_3DES_EDE_CBC_SHA, SSL_DHE_DSS_WITH_3DES_EDE_CBC_SHA, TLS_ECDHE_ECDSA_WITH_RC4_128_SHA, TLS_ECDHE_RSA_WITH_RC4_128_SHA, SSL_RSA_WITH_RC4_128_SHA, TLS_ECDH_ECDSA_WITH_RC4_128_SHA, TLS_ECDH_RSA_WITH_RC4_128_SHA, SSL_RSA_WITH_RC4_128_MD5, TLS_EMPTY_RENEGOTIATION_INFO_SCSV]
02:36:20.019 [Test worker] DEBUG o.a.h.c.s.SSLConnectionSocketFactory - Starting handshake
02:36:20.080 [Test worker] DEBUG o.a.h.c.s.SSLConnectionSocketFactory - Secure session established
02:36:20.080 [Test worker] DEBUG o.a.h.c.s.SSLConnectionSocketFactory -  negotiated protocol: TLSv1
02:36:20.080 [Test worker] DEBUG o.a.h.c.s.SSLConnectionSocketFactory -  negotiated cipher suite: TLS_ECDHE_RSA_WITH_AES_128_CBC_SHA
02:36:20.080 [Test worker] DEBUG o.a.h.c.s.SSLConnectionSocketFactory -  peer principal: CN=Thesis
02:36:20.081 [Test worker] DEBUG o.a.h.c.s.SSLConnectionSocketFactory -  issuer principal: EMAILADDRESS=sha@yamil.com, CN=Thesis, OU=Open, O=Fra, L=BER, ST=BER, C=DE
02:36:20.081 [Test worker] DEBUG o.a.h.i.c.DefaultHttpClientConnectionOperator - Connection established 127.0.0.1:41346<->127.0.1.1:2376
02:36:20.081 [Test worker] DEBUG o.a.h.impl.execchain.MainClientExec - Executing request GET /images/json?all=true HTTP/1.1
02:36:20.081 [Test worker] DEBUG o.a.h.impl.execchain.MainClientExec - Target auth state: UNCHALLENGED
02:36:20.081 [Test worker] DEBUG o.a.h.impl.execchain.MainClientExec - Proxy auth state: UNCHALLENGED
02:36:20.082 [Test worker] DEBUG org.apache.http.headers - http-outgoing-24 >> GET /images/json?all=true HTTP/1.1
02:36:20.082 [Test worker] DEBUG org.apache.http.headers - http-outgoing-24 >> Accept: application/json
02:36:20.082 [Test worker] DEBUG org.apache.http.headers - http-outgoing-24 >> User-Agent: Jersey/2.23.1 (Apache HttpClient 4.5.1)
02:36:20.082 [Test worker] DEBUG org.apache.http.headers - http-outgoing-24 >> Host: Thesis:2376
02:36:20.082 [Test worker] DEBUG org.apache.http.headers - http-outgoing-24 >> Connection: Keep-Alive
02:36:20.082 [Test worker] DEBUG org.apache.http.headers - http-outgoing-24 >> Accept-Encoding: gzip,deflate
02:36:20.083 [Test worker] DEBUG org.apache.http.wire - http-outgoing-24 >> "GET /images/json?all=true HTTP/1.1[\r][\n]"
02:36:20.083 [Test worker] DEBUG org.apache.http.wire - http-outgoing-24 >> "Accept: application/json[\r][\n]"
02:36:20.083 [Test worker] DEBUG org.apache.http.wire - http-outgoing-24 >> "User-Agent: Jersey/2.23.1 (Apache HttpClient 4.5.1)[\r][\n]"
02:36:20.083 [Test worker] DEBUG org.apache.http.wire - http-outgoing-24 >> "Host: Thesis:2376[\r][\n]"
02:36:20.083 [Test worker] DEBUG org.apache.http.wire - http-outgoing-24 >> "Connection: Keep-Alive[\r][\n]"
02:36:20.083 [Test worker] DEBUG org.apache.http.wire - http-outgoing-24 >> "Accept-Encoding: gzip,deflate[\r][\n]"
02:36:20.084 [Test worker] DEBUG org.apache.http.wire - http-outgoing-24 >> "[\r][\n]"
02:36:20.089 [Test worker] DEBUG org.apache.http.wire - http-outgoing-24 << "H"
02:36:20.090 [Test worker] DEBUG org.apache.http.wire - http-outgoing-24 << "TTP/1.1 200 OK[\r][\n]"
02:36:20.090 [Test worker] DEBUG org.apache.http.wire - http-outgoing-24 << "Content-Type: application/json[\r][\n]"
02:36:20.090 [Test worker] DEBUG org.apache.http.wire - http-outgoing-24 << "Server: Docker/1.12.3 (linux)[\r][\n]"
02:36:20.090 [Test worker] DEBUG org.apache.http.wire - http-outgoing-24 << "Date: Tue, 03 Jan 2017 01:36:20 GMT[\r][\n]"
02:36:20.091 [Test worker] DEBUG org.apache.http.wire - http-outgoing-24 << "Content-Length: 1195[\r][\n]"
02:36:20.091 [Test worker] DEBUG org.apache.http.wire - http-outgoing-24 << "[\r][\n]"
02:36:20.091 [Test worker] DEBUG org.apache.http.wire - http-outgoing-24 << "[{"Id":"sha256:4ca3a192ff2a5b7e225e81dc006b6379c10776ed3619757a65608cb72de0a7f6","ParentId":"","RepoTags":["ubuntu:latest"],"RepoDigests":["ubuntu@sha256:3b64c309deae7ab0f7dbdd42b6b326261ccd6261da5d88396439353162703fb5"],"Created":1480449877,"Size":128206574,"VirtualSize":128206574,"Labels":{}},{"Id":"sha256:aae2b63c49461fcae4962e4a8043f66acf8e3af7e62f5ebceb70b181d8ca01e0","ParentId":"","RepoTags":["ubuntu:14.04"],"RepoDigests":["ubuntu@sha256:edb984703bd3e8981ff541a5b9297ca1b81fde6e6e8094d86e390a38ebc30b4d"],"Created":1480449856,"Size":187952254,"VirtualSize":187952254,"Labels":{}},{"Id":"sha256:e02e811dd08fd49e7f6032625495118e63f597eb150403d02e3238af1df240ba","ParentId":"","RepoTags":["busybox:latest"],"RepoDigests":["busybox@sha256:29f5d56d12684887bdfa50dcd29fc31eea4aaf4ad3bec43daf19026a7ce69912"],"Created":1475874238,"Size":1093484,"VirtualSize":1093484,"Labels":{}},{"Id":"sha256:d654de4499473ed41349b54a988b6f46a7fc92e3fa2d61e102bf2660a0116e25","ParentId":"","RepoTags":["sakib37/iperf3:latest"],"RepoDigests":["sakib37/iperf3@sha256:8d80a810f8f508c074b14d02555f20110eac382c8dbda7252075392983629d40"],"Created":1474907599,"Size":199456654,"VirtualSize":199456654,"Labels":{}}][\n]"
02:36:20.091 [Test worker] DEBUG org.apache.http.headers - http-outgoing-24 << HTTP/1.1 200 OK
02:36:20.091 [Test worker] DEBUG org.apache.http.headers - http-outgoing-24 << Content-Type: application/json
02:36:20.092 [Test worker] DEBUG org.apache.http.headers - http-outgoing-24 << Server: Docker/1.12.3 (linux)
02:36:20.092 [Test worker] DEBUG org.apache.http.headers - http-outgoing-24 << Date: Tue, 03 Jan 2017 01:36:20 GMT
02:36:20.092 [Test worker] DEBUG org.apache.http.headers - http-outgoing-24 << Content-Length: 1195
02:36:20.092 [Test worker] DEBUG o.a.h.impl.execchain.MainClientExec - Connection can be kept alive indefinitely
02:36:20.093 [Test worker] DEBUG c.g.d.j.JerseyDockerCmdExecFactory - 8 * Client response received on thread Test worker
8 < 200
8 < Content-Length: 1195
8 < Content-Type: application/json
8 < Date: Tue, 03 Jan 2017 01:36:20 GMT
8 < Server: Docker/1.12.3 (linux)
[{"Id":"sha256:4ca3a192ff2a5b7e225e81dc006b6379c10776ed3619757a65608cb72de0a7f6","ParentId":"","RepoTags":["ubuntu:latest"],"RepoDigests":["ubuntu@sha256:3b64c309deae7ab0f7dbdd42b6b326261ccd6261da5d88396439353162703fb5"],"Created":1480449877,"Size":128206574,"VirtualSize":128206574,"Labels":{}},{"Id":"sha256:aae2b63c49461fcae4962e4a8043f66acf8e3af7e62f5ebceb70b181d8ca01e0","ParentId":"","RepoTags":["ubuntu:14.04"],"RepoDigests":["ubuntu@sha256:edb984703bd3e8981ff541a5b9297ca1b81fde6e6e8094d86e390a38ebc30b4d"],"Created":1480449856,"Size":187952254,"VirtualSize":187952254,"Labels":{}},{"Id":"sha256:e02e811dd08fd49e7f6032625495118e63f597eb150403d02e3238af1df240ba","ParentId":"","RepoTags":["busybox:latest"],"RepoDigests":["busybox@sha256:29f5d56d12684887bdfa50dcd29fc31eea4aaf4ad3bec43daf19026a7ce69912"],"Created":1475874238,"Size":1093484,"VirtualSize":1093484,"Labels":{}},{"Id":"sha256:d654de4499473ed41349b54a988b6f46a7fc92e3fa2d61e102bf2660a0116e25","ParentId":"","RepoTags":["sakib37/iperf3:latest"],"RepoDigests":["sakib37/iperf3@sha256:8d80a810f8f508c074b14d02555f20110eac382c8dbda7252075392983629d40"],"Created":1474907599,"Size":199456654,"VirtualSize":199456654,"Labels":{}}]


02:36:20.096 [Test worker] DEBUG o.a.h.i.c.DefaultManagedHttpClientConnection - http-outgoing-24: Close connection
02:36:20.097 [Test worker] DEBUG o.a.h.impl.execchain.MainClientExec - Connection discarded
02:36:20.097 [Test worker] DEBUG c.g.d.j.JerseyDockerCmdExecFactory$1 - Connection released: [id: 24][route: {s}->https://Thesis:2376][total kept alive: 1; route allocated: 1 of 2; total allocated: 1 of 20]
02:36:20.102 [Test worker] DEBUG c.g.d.core.command.AbstrDockerCmd - Cmd: com.github.dockerjava.core.command.CreateContainerCmdImpl@74120f99[name=MyContainer,hostName=MyContainer,domainName=<null>,user=<null>,attachStdin=<null>,attachStdout=<null>,attachStderr=<null>,portSpecs=<null>,tty=<null>,stdinOpen=<null>,stdInOnce=<null>,env={port=8080,TERM=xterm},cmd={sleep,99999},entrypoint=<null>,image=ubuntu:14.04,volumes=com.github.dockerjava.api.model.Volumes@5830babd,workingDir=<null>,macAddress=<null>,networkDisabled=<null>,exposedPorts=com.github.dockerjava.api.model.ExposedPorts@6733fb86,stopSignal=<null>,hostConfig=com.github.dockerjava.api.model.HostConfig@5c64f59[binds=<null>,blkioWeight=<null>,blkioWeightDevice=<null>,blkioDeviceReadBps=<null>,blkioDeviceReadIOps=<null>,blkioDeviceWriteBps=<null>,blkioDeviceWriteIOps=<null>,memorySwappiness=<null>,capAdd=<null>,capDrop=<null>,containerIDFile=<null>,cpuPeriod=<null>,cpuShares=<null>,cpuQuota=<null>,cpusetCpus=<null>,cpusetMems=<null>,devices=<null>,dns=<null>,dnsSearch=<null>,extraHosts=<null>,links=<null>,logConfig=<null>,lxcConf=<null>,memory=<null>,memorySwap=<null>,memoryReservation=<null>,kernelMemory=<null>,networkMode=<null>,oomKillDisable=<null>,oomScoreAdj=<null>,portBindings={8084/tcp=[Lcom.github.dockerjava.api.model.Ports$Binding;@98798f2},privileged=<null>,publishAllPorts=<null>,readonlyRootfs=<null>,restartPolicy=<null>,ulimits=<null>,volumesFrom=<null>,pidMode=<null>,securityOpts=<null>,cgroupParent=<null>,volumeDriver=<null>,shmSize=<null>],labels=<null>,networkingConfig=<null>,ipv4Address=<null>,ipv6Address=<null>,aliases=<null>,execution=com.github.dockerjava.jaxrs.CreateContainerCmdExec@6e7a1616]
02:36:20.111 [Test worker] DEBUG o.a.h.c.protocol.RequestAddCookies - CookieSpec selected: default
02:36:20.112 [Test worker] DEBUG o.a.h.c.protocol.RequestAuthCache - Auth cache not set in the context
02:36:20.112 [Test worker] DEBUG c.g.d.j.JerseyDockerCmdExecFactory$1 - Connection request: [route: {s}->https://Thesis:2376][total kept alive: 1; route allocated: 1 of 2; total allocated: 1 of 20]
02:36:20.112 [Test worker] DEBUG c.g.d.j.JerseyDockerCmdExecFactory$1 - Connection leased: [id: 25][route: {s}->https://Thesis:2376][total kept alive: 1; route allocated: 2 of 2; total allocated: 2 of 20]
02:36:20.112 [Test worker] DEBUG o.a.h.impl.execchain.MainClientExec - Opening connection {s}->https://Thesis:2376
02:36:20.112 [Test worker] DEBUG o.a.h.i.c.DefaultHttpClientConnectionOperator - Connecting to Thesis/127.0.1.1:2376
02:36:20.113 [Test worker] DEBUG o.a.h.c.s.SSLConnectionSocketFactory - Connecting socket to Thesis/127.0.1.1:2376 with timeout 0
02:36:20.117 [Test worker] DEBUG o.a.h.c.s.SSLConnectionSocketFactory - Enabled protocols: [TLSv1]
02:36:20.117 [Test worker] DEBUG o.a.h.c.s.SSLConnectionSocketFactory - Enabled cipher suites:[TLS_ECDHE_ECDSA_WITH_AES_128_CBC_SHA, TLS_ECDHE_RSA_WITH_AES_128_CBC_SHA, TLS_RSA_WITH_AES_128_CBC_SHA, TLS_ECDH_ECDSA_WITH_AES_128_CBC_SHA, TLS_ECDH_RSA_WITH_AES_128_CBC_SHA, TLS_DHE_RSA_WITH_AES_128_CBC_SHA, TLS_DHE_DSS_WITH_AES_128_CBC_SHA, TLS_ECDHE_ECDSA_WITH_3DES_EDE_CBC_SHA, TLS_ECDHE_RSA_WITH_3DES_EDE_CBC_SHA, SSL_RSA_WITH_3DES_EDE_CBC_SHA, TLS_ECDH_ECDSA_WITH_3DES_EDE_CBC_SHA, TLS_ECDH_RSA_WITH_3DES_EDE_CBC_SHA, SSL_DHE_RSA_WITH_3DES_EDE_CBC_SHA, SSL_DHE_DSS_WITH_3DES_EDE_CBC_SHA, TLS_ECDHE_ECDSA_WITH_RC4_128_SHA, TLS_ECDHE_RSA_WITH_RC4_128_SHA, SSL_RSA_WITH_RC4_128_SHA, TLS_ECDH_ECDSA_WITH_RC4_128_SHA, TLS_ECDH_RSA_WITH_RC4_128_SHA, SSL_RSA_WITH_RC4_128_MD5, TLS_EMPTY_RENEGOTIATION_INFO_SCSV]
02:36:20.117 [Test worker] DEBUG o.a.h.c.s.SSLConnectionSocketFactory - Starting handshake
02:36:20.176 [Test worker] DEBUG o.a.h.c.s.SSLConnectionSocketFactory - Secure session established
02:36:20.177 [Test worker] DEBUG o.a.h.c.s.SSLConnectionSocketFactory -  negotiated protocol: TLSv1
02:36:20.177 [Test worker] DEBUG o.a.h.c.s.SSLConnectionSocketFactory -  negotiated cipher suite: TLS_ECDHE_RSA_WITH_AES_128_CBC_SHA
02:36:20.177 [Test worker] DEBUG o.a.h.c.s.SSLConnectionSocketFactory -  peer principal: CN=Thesis
02:36:20.177 [Test worker] DEBUG o.a.h.c.s.SSLConnectionSocketFactory -  issuer principal: EMAILADDRESS=sha@yamil.com, CN=Thesis, OU=Open, O=Fra, L=BER, ST=BER, C=DE
02:36:20.177 [Test worker] DEBUG o.a.h.i.c.DefaultHttpClientConnectionOperator - Connection established 127.0.0.1:41348<->127.0.1.1:2376
02:36:20.178 [Test worker] DEBUG o.a.h.impl.execchain.MainClientExec - Executing request POST /containers/create?name=MyContainer HTTP/1.1
02:36:20.178 [Test worker] DEBUG o.a.h.impl.execchain.MainClientExec - Target auth state: UNCHALLENGED
02:36:20.178 [Test worker] DEBUG o.a.h.impl.execchain.MainClientExec - Proxy auth state: UNCHALLENGED
02:36:20.178 [Test worker] DEBUG org.apache.http.headers - http-outgoing-25 >> POST /containers/create?name=MyContainer HTTP/1.1
02:36:20.178 [Test worker] DEBUG org.apache.http.headers - http-outgoing-25 >> Accept: application/json
02:36:20.178 [Test worker] DEBUG org.apache.http.headers - http-outgoing-25 >> Content-Type: application/json
02:36:20.179 [Test worker] DEBUG org.apache.http.headers - http-outgoing-25 >> User-Agent: Jersey/2.23.1 (Apache HttpClient 4.5.1)
02:36:20.179 [Test worker] DEBUG org.apache.http.headers - http-outgoing-25 >> Transfer-Encoding: chunked
02:36:20.179 [Test worker] DEBUG org.apache.http.headers - http-outgoing-25 >> Host: Thesis:2376
02:36:20.179 [Test worker] DEBUG org.apache.http.headers - http-outgoing-25 >> Connection: Keep-Alive
02:36:20.179 [Test worker] DEBUG org.apache.http.headers - http-outgoing-25 >> Accept-Encoding: gzip,deflate
02:36:20.215 [Test worker] DEBUG c.g.d.j.JerseyDockerCmdExecFactory - 9 * Sending client request on thread Test worker
9 > POST https://Thesis:2376/containers/create?name=MyContainer
9 > Accept: application/json
9 > Content-Type: application/json
{"name":"MyContainer","Hostname":"MyContainer","Env":["port=8080","TERM=xterm"],"Cmd":["sleep","99999"],"Image":"ubuntu:14.04","Volumes":{},"ExposedPorts":{"8084/tcp":{}},"HostConfig":{"PortBindings":{"8084/tcp":[{"HostIp":"","HostPort":"8084"}]}}}

02:36:20.216 [Test worker] DEBUG org.apache.http.wire - http-outgoing-25 >> "POST /containers/create?name=MyContainer HTTP/1.1[\r][\n]"
02:36:20.216 [Test worker] DEBUG org.apache.http.wire - http-outgoing-25 >> "Accept: application/json[\r][\n]"
02:36:20.216 [Test worker] DEBUG org.apache.http.wire - http-outgoing-25 >> "Content-Type: application/json[\r][\n]"
02:36:20.217 [Test worker] DEBUG org.apache.http.wire - http-outgoing-25 >> "User-Agent: Jersey/2.23.1 (Apache HttpClient 4.5.1)[\r][\n]"
02:36:20.217 [Test worker] DEBUG org.apache.http.wire - http-outgoing-25 >> "Transfer-Encoding: chunked[\r][\n]"
02:36:20.217 [Test worker] DEBUG org.apache.http.wire - http-outgoing-25 >> "Host: Thesis:2376[\r][\n]"
02:36:20.217 [Test worker] DEBUG org.apache.http.wire - http-outgoing-25 >> "Connection: Keep-Alive[\r][\n]"
02:36:20.217 [Test worker] DEBUG org.apache.http.wire - http-outgoing-25 >> "Accept-Encoding: gzip,deflate[\r][\n]"
02:36:20.217 [Test worker] DEBUG org.apache.http.wire - http-outgoing-25 >> "[\r][\n]"
02:36:20.218 [Test worker] DEBUG org.apache.http.wire - http-outgoing-25 >> "f8[\r][\n]"
02:36:20.218 [Test worker] DEBUG org.apache.http.wire - http-outgoing-25 >> "{"name":"MyContainer","Hostname":"MyContainer","Env":["port=8080","TERM=xterm"],"Cmd":["sleep","99999"],"Image":"ubuntu:14.04","Volumes":{},"ExposedPorts":{"8084/tcp":{}},"HostConfig":{"PortBindings":{"8084/tcp":[{"HostIp":"","HostPort":"8084"}]}}}[\r][\n]"
02:36:20.218 [Test worker] DEBUG org.apache.http.wire - http-outgoing-25 >> "0[\r][\n]"
02:36:20.218 [Test worker] DEBUG org.apache.http.wire - http-outgoing-25 >> "[\r][\n]"
02:36:20.244 [Test worker] DEBUG org.apache.http.wire - http-outgoing-25 << "H"
02:36:20.245 [Test worker] DEBUG org.apache.http.wire - http-outgoing-25 << "TTP/1.1 201 Created[\r][\n]"
02:36:20.245 [Test worker] DEBUG org.apache.http.wire - http-outgoing-25 << "Content-Type: application/json[\r][\n]"
02:36:20.245 [Test worker] DEBUG org.apache.http.wire - http-outgoing-25 << "Server: Docker/1.12.3 (linux)[\r][\n]"
02:36:20.245 [Test worker] DEBUG org.apache.http.wire - http-outgoing-25 << "Date: Tue, 03 Jan 2017 01:36:20 GMT[\r][\n]"
02:36:20.246 [Test worker] DEBUG org.apache.http.wire - http-outgoing-25 << "Content-Length: 90[\r][\n]"
02:36:20.246 [Test worker] DEBUG org.apache.http.wire - http-outgoing-25 << "[\r][\n]"
02:36:20.246 [Test worker] DEBUG org.apache.http.wire - http-outgoing-25 << "{"Id":"562aff5737675e54fda5ddfa4f658355a0dc09228128d147ff5ae766461e3138","Warnings":null}[\n]"
02:36:20.246 [Test worker] DEBUG org.apache.http.headers - http-outgoing-25 << HTTP/1.1 201 Created
02:36:20.246 [Test worker] DEBUG org.apache.http.headers - http-outgoing-25 << Content-Type: application/json
02:36:20.246 [Test worker] DEBUG org.apache.http.headers - http-outgoing-25 << Server: Docker/1.12.3 (linux)
02:36:20.247 [Test worker] DEBUG org.apache.http.headers - http-outgoing-25 << Date: Tue, 03 Jan 2017 01:36:20 GMT
02:36:20.247 [Test worker] DEBUG org.apache.http.headers - http-outgoing-25 << Content-Length: 90
02:36:20.247 [Test worker] DEBUG o.a.h.impl.execchain.MainClientExec - Connection can be kept alive indefinitely
02:36:20.247 [Test worker] DEBUG c.g.d.j.JerseyDockerCmdExecFactory - 10 * Client response received on thread Test worker
10 < 201
10 < Content-Length: 90
10 < Content-Type: application/json
10 < Date: Tue, 03 Jan 2017 01:36:20 GMT
10 < Server: Docker/1.12.3 (linux)
{"Id":"562aff5737675e54fda5ddfa4f658355a0dc09228128d147ff5ae766461e3138","Warnings":null}


02:36:20.250 [Test worker] DEBUG o.a.h.i.c.DefaultManagedHttpClientConnection - http-outgoing-25: Close connection
02:36:20.250 [Test worker] DEBUG o.a.h.impl.execchain.MainClientExec - Connection discarded
02:36:20.250 [Test worker] DEBUG c.g.d.j.JerseyDockerCmdExecFactory$1 - Connection released: [id: 25][route: {s}->https://Thesis:2376][total kept alive: 1; route allocated: 1 of 2; total allocated: 1 of 20]
02:36:20.250 [Test worker] DEBUG org.openbaton.docker.DockerVim - Instance created successfully
02:36:20.251 [Test worker] DEBUG c.g.d.core.command.AbstrDockerCmd - Cmd: 562aff5737675e54fda5ddfa4f658355a0dc09228128d147ff5ae766461e3138,com.github.dockerjava.jaxrs.StartContainerCmdExec@6782685f
02:36:20.252 [Test worker] DEBUG c.g.d.j.JerseyDockerCmdExecFactory - 11 * Sending client request on thread Test worker
11 > POST https://Thesis:2376/containers/562aff5737675e54fda5ddfa4f658355a0dc09228128d147ff5ae766461e3138/start
11 > Accept: application/json

02:36:20.252 [Test worker] DEBUG o.a.h.c.protocol.RequestAddCookies - CookieSpec selected: default
02:36:20.253 [Test worker] DEBUG o.a.h.c.protocol.RequestAuthCache - Auth cache not set in the context
02:36:20.253 [Test worker] DEBUG c.g.d.j.JerseyDockerCmdExecFactory$1 - Connection request: [route: {s}->https://Thesis:2376][total kept alive: 1; route allocated: 1 of 2; total allocated: 1 of 20]
02:36:20.253 [Test worker] DEBUG c.g.d.j.JerseyDockerCmdExecFactory$1 - Connection leased: [id: 26][route: {s}->https://Thesis:2376][total kept alive: 1; route allocated: 2 of 2; total allocated: 2 of 20]
02:36:20.253 [Test worker] DEBUG o.a.h.impl.execchain.MainClientExec - Opening connection {s}->https://Thesis:2376
02:36:20.254 [Test worker] DEBUG o.a.h.i.c.DefaultHttpClientConnectionOperator - Connecting to Thesis/127.0.1.1:2376
02:36:20.254 [Test worker] DEBUG o.a.h.c.s.SSLConnectionSocketFactory - Connecting socket to Thesis/127.0.1.1:2376 with timeout 0
02:36:20.255 [Test worker] DEBUG o.a.h.c.s.SSLConnectionSocketFactory - Enabled protocols: [TLSv1]
02:36:20.255 [Test worker] DEBUG o.a.h.c.s.SSLConnectionSocketFactory - Enabled cipher suites:[TLS_ECDHE_ECDSA_WITH_AES_128_CBC_SHA, TLS_ECDHE_RSA_WITH_AES_128_CBC_SHA, TLS_RSA_WITH_AES_128_CBC_SHA, TLS_ECDH_ECDSA_WITH_AES_128_CBC_SHA, TLS_ECDH_RSA_WITH_AES_128_CBC_SHA, TLS_DHE_RSA_WITH_AES_128_CBC_SHA, TLS_DHE_DSS_WITH_AES_128_CBC_SHA, TLS_ECDHE_ECDSA_WITH_3DES_EDE_CBC_SHA, TLS_ECDHE_RSA_WITH_3DES_EDE_CBC_SHA, SSL_RSA_WITH_3DES_EDE_CBC_SHA, TLS_ECDH_ECDSA_WITH_3DES_EDE_CBC_SHA, TLS_ECDH_RSA_WITH_3DES_EDE_CBC_SHA, SSL_DHE_RSA_WITH_3DES_EDE_CBC_SHA, SSL_DHE_DSS_WITH_3DES_EDE_CBC_SHA, TLS_ECDHE_ECDSA_WITH_RC4_128_SHA, TLS_ECDHE_RSA_WITH_RC4_128_SHA, SSL_RSA_WITH_RC4_128_SHA, TLS_ECDH_ECDSA_WITH_RC4_128_SHA, TLS_ECDH_RSA_WITH_RC4_128_SHA, SSL_RSA_WITH_RC4_128_MD5, TLS_EMPTY_RENEGOTIATION_INFO_SCSV]
02:36:20.255 [Test worker] DEBUG o.a.h.c.s.SSLConnectionSocketFactory - Starting handshake
02:36:20.330 [Test worker] DEBUG o.a.h.c.s.SSLConnectionSocketFactory - Secure session established
02:36:20.331 [Test worker] DEBUG o.a.h.c.s.SSLConnectionSocketFactory -  negotiated protocol: TLSv1
02:36:20.331 [Test worker] DEBUG o.a.h.c.s.SSLConnectionSocketFactory -  negotiated cipher suite: TLS_ECDHE_RSA_WITH_AES_128_CBC_SHA
02:36:20.331 [Test worker] DEBUG o.a.h.c.s.SSLConnectionSocketFactory -  peer principal: CN=Thesis
02:36:20.331 [Test worker] DEBUG o.a.h.c.s.SSLConnectionSocketFactory -  issuer principal: EMAILADDRESS=sha@yamil.com, CN=Thesis, OU=Open, O=Fra, L=BER, ST=BER, C=DE
02:36:20.332 [Test worker] DEBUG o.a.h.i.c.DefaultHttpClientConnectionOperator - Connection established 127.0.0.1:41350<->127.0.1.1:2376
02:36:20.332 [Test worker] DEBUG o.a.h.impl.execchain.MainClientExec - Executing request POST /containers/562aff5737675e54fda5ddfa4f658355a0dc09228128d147ff5ae766461e3138/start HTTP/1.1
02:36:20.332 [Test worker] DEBUG o.a.h.impl.execchain.MainClientExec - Target auth state: UNCHALLENGED
02:36:20.332 [Test worker] DEBUG o.a.h.impl.execchain.MainClientExec - Proxy auth state: UNCHALLENGED
02:36:20.332 [Test worker] DEBUG org.apache.http.headers - http-outgoing-26 >> POST /containers/562aff5737675e54fda5ddfa4f658355a0dc09228128d147ff5ae766461e3138/start HTTP/1.1
02:36:20.332 [Test worker] DEBUG org.apache.http.headers - http-outgoing-26 >> Accept: application/json
02:36:20.333 [Test worker] DEBUG org.apache.http.headers - http-outgoing-26 >> User-Agent: Jersey/2.23.1 (Apache HttpClient 4.5.1)
02:36:20.333 [Test worker] DEBUG org.apache.http.headers - http-outgoing-26 >> Host: Thesis:2376
02:36:20.333 [Test worker] DEBUG org.apache.http.headers - http-outgoing-26 >> Connection: Keep-Alive
02:36:20.333 [Test worker] DEBUG org.apache.http.headers - http-outgoing-26 >> Accept-Encoding: gzip,deflate
02:36:20.333 [Test worker] DEBUG org.apache.http.wire - http-outgoing-26 >> "POST /containers/562aff5737675e54fda5ddfa4f658355a0dc09228128d147ff5ae766461e3138/start HTTP/1.1[\r][\n]"
02:36:20.334 [Test worker] DEBUG org.apache.http.wire - http-outgoing-26 >> "Accept: application/json[\r][\n]"
02:36:20.334 [Test worker] DEBUG org.apache.http.wire - http-outgoing-26 >> "User-Agent: Jersey/2.23.1 (Apache HttpClient 4.5.1)[\r][\n]"
02:36:20.334 [Test worker] DEBUG org.apache.http.wire - http-outgoing-26 >> "Host: Thesis:2376[\r][\n]"
02:36:20.334 [Test worker] DEBUG org.apache.http.wire - http-outgoing-26 >> "Connection: Keep-Alive[\r][\n]"
02:36:20.334 [Test worker] DEBUG org.apache.http.wire - http-outgoing-26 >> "Accept-Encoding: gzip,deflate[\r][\n]"
02:36:20.334 [Test worker] DEBUG org.apache.http.wire - http-outgoing-26 >> "[\r][\n]"
02:36:20.498 [Test worker] DEBUG org.apache.http.wire - http-outgoing-26 << "H"
02:36:20.499 [Test worker] DEBUG org.apache.http.wire - http-outgoing-26 << "TTP/1.1 204 No Content[\r][\n]"
02:36:20.499 [Test worker] DEBUG org.apache.http.wire - http-outgoing-26 << "Server: Docker/1.12.3 (linux)[\r][\n]"
02:36:20.499 [Test worker] DEBUG org.apache.http.wire - http-outgoing-26 << "Date: Tue, 03 Jan 2017 01:36:20 GMT[\r][\n]"
02:36:20.499 [Test worker] DEBUG org.apache.http.wire - http-outgoing-26 << "[\r][\n]"
02:36:20.499 [Test worker] DEBUG org.apache.http.headers - http-outgoing-26 << HTTP/1.1 204 No Content
02:36:20.499 [Test worker] DEBUG org.apache.http.headers - http-outgoing-26 << Server: Docker/1.12.3 (linux)
02:36:20.499 [Test worker] DEBUG org.apache.http.headers - http-outgoing-26 << Date: Tue, 03 Jan 2017 01:36:20 GMT
02:36:20.499 [Test worker] DEBUG o.a.h.impl.execchain.MainClientExec - Connection can be kept alive indefinitely
02:36:20.499 [Test worker] DEBUG c.g.d.j.JerseyDockerCmdExecFactory$1 - Connection [id: 26][route: {s}->https://Thesis:2376][state: CN=Thesis] can be kept alive indefinitely
02:36:20.499 [Test worker] DEBUG c.g.d.j.JerseyDockerCmdExecFactory$1 - Connection released: [id: 26][route: {s}->https://Thesis:2376][state: CN=Thesis][total kept alive: 2; route allocated: 2 of 2; total allocated: 2 of 20]
02:36:20.499 [Test worker] DEBUG c.g.d.j.JerseyDockerCmdExecFactory - 12 * Client response received on thread Test worker
12 < 204
12 < Date: Tue, 03 Jan 2017 01:36:20 GMT
12 < Server: Docker/1.12.3 (linux)

02:36:20.500 [Test worker] DEBUG c.g.d.core.command.AbstrDockerCmd - Cmd: ListImagesCmdImpl[imageNameFilter=<null>,showAll=true,filters=com.github.dockerjava.core.util.FiltersBuilder@0,execution=com.github.dockerjava.jaxrs.ListImagesCmdExec@56073056]
02:36:20.503 [Test worker] DEBUG c.g.d.j.JerseyDockerCmdExecFactory - 13 * Sending client request on thread Test worker
13 > GET https://Thesis:2376/images/json?all=true
13 > Accept: application/json

02:36:20.505 [Test worker] DEBUG o.a.h.c.protocol.RequestAddCookies - CookieSpec selected: default
02:36:20.505 [Test worker] DEBUG o.a.h.c.protocol.RequestAuthCache - Auth cache not set in the context
02:36:20.505 [Test worker] DEBUG c.g.d.j.JerseyDockerCmdExecFactory$1 - Connection request: [route: {s}->https://Thesis:2376][total kept alive: 2; route allocated: 2 of 2; total allocated: 2 of 20]
02:36:20.506 [Test worker] DEBUG o.a.h.i.c.DefaultManagedHttpClientConnection - http-outgoing-21: Close connection
02:36:20.506 [Test worker] DEBUG c.g.d.j.JerseyDockerCmdExecFactory$1 - Connection leased: [id: 27][route: {s}->https://Thesis:2376][total kept alive: 1; route allocated: 2 of 2; total allocated: 2 of 20]
02:36:20.506 [Test worker] DEBUG o.a.h.impl.execchain.MainClientExec - Opening connection {s}->https://Thesis:2376
02:36:20.507 [Test worker] DEBUG o.a.h.i.c.DefaultHttpClientConnectionOperator - Connecting to Thesis/127.0.1.1:2376
02:36:20.507 [Test worker] DEBUG o.a.h.c.s.SSLConnectionSocketFactory - Connecting socket to Thesis/127.0.1.1:2376 with timeout 0
02:36:20.508 [Test worker] DEBUG o.a.h.c.s.SSLConnectionSocketFactory - Enabled protocols: [TLSv1]
02:36:20.508 [Test worker] DEBUG o.a.h.c.s.SSLConnectionSocketFactory - Enabled cipher suites:[TLS_ECDHE_ECDSA_WITH_AES_128_CBC_SHA, TLS_ECDHE_RSA_WITH_AES_128_CBC_SHA, TLS_RSA_WITH_AES_128_CBC_SHA, TLS_ECDH_ECDSA_WITH_AES_128_CBC_SHA, TLS_ECDH_RSA_WITH_AES_128_CBC_SHA, TLS_DHE_RSA_WITH_AES_128_CBC_SHA, TLS_DHE_DSS_WITH_AES_128_CBC_SHA, TLS_ECDHE_ECDSA_WITH_3DES_EDE_CBC_SHA, TLS_ECDHE_RSA_WITH_3DES_EDE_CBC_SHA, SSL_RSA_WITH_3DES_EDE_CBC_SHA, TLS_ECDH_ECDSA_WITH_3DES_EDE_CBC_SHA, TLS_ECDH_RSA_WITH_3DES_EDE_CBC_SHA, SSL_DHE_RSA_WITH_3DES_EDE_CBC_SHA, SSL_DHE_DSS_WITH_3DES_EDE_CBC_SHA, TLS_ECDHE_ECDSA_WITH_RC4_128_SHA, TLS_ECDHE_RSA_WITH_RC4_128_SHA, SSL_RSA_WITH_RC4_128_SHA, TLS_ECDH_ECDSA_WITH_RC4_128_SHA, TLS_ECDH_RSA_WITH_RC4_128_SHA, SSL_RSA_WITH_RC4_128_MD5, TLS_EMPTY_RENEGOTIATION_INFO_SCSV]
02:36:20.508 [Test worker] DEBUG o.a.h.c.s.SSLConnectionSocketFactory - Starting handshake
02:36:20.629 [Test worker] DEBUG o.a.h.c.s.SSLConnectionSocketFactory - Secure session established
02:36:20.629 [Test worker] DEBUG o.a.h.c.s.SSLConnectionSocketFactory -  negotiated protocol: TLSv1
02:36:20.632 [Test worker] DEBUG o.a.h.c.s.SSLConnectionSocketFactory -  negotiated cipher suite: TLS_ECDHE_RSA_WITH_AES_128_CBC_SHA
02:36:20.632 [Test worker] DEBUG o.a.h.c.s.SSLConnectionSocketFactory -  peer principal: CN=Thesis
02:36:20.632 [Test worker] DEBUG o.a.h.c.s.SSLConnectionSocketFactory -  issuer principal: EMAILADDRESS=sha@yamil.com, CN=Thesis, OU=Open, O=Fra, L=BER, ST=BER, C=DE
02:36:20.633 [Test worker] DEBUG o.a.h.i.c.DefaultHttpClientConnectionOperator - Connection established 127.0.0.1:41352<->127.0.1.1:2376
02:36:20.633 [Test worker] DEBUG o.a.h.impl.execchain.MainClientExec - Executing request GET /images/json?all=true HTTP/1.1
02:36:20.633 [Test worker] DEBUG o.a.h.impl.execchain.MainClientExec - Target auth state: UNCHALLENGED
02:36:20.634 [Test worker] DEBUG o.a.h.impl.execchain.MainClientExec - Proxy auth state: UNCHALLENGED
02:36:20.634 [Test worker] DEBUG org.apache.http.headers - http-outgoing-27 >> GET /images/json?all=true HTTP/1.1
02:36:20.634 [Test worker] DEBUG org.apache.http.headers - http-outgoing-27 >> Accept: application/json
02:36:20.634 [Test worker] DEBUG org.apache.http.headers - http-outgoing-27 >> User-Agent: Jersey/2.23.1 (Apache HttpClient 4.5.1)
02:36:20.634 [Test worker] DEBUG org.apache.http.headers - http-outgoing-27 >> Host: Thesis:2376
02:36:20.635 [Test worker] DEBUG org.apache.http.headers - http-outgoing-27 >> Connection: Keep-Alive
02:36:20.635 [Test worker] DEBUG org.apache.http.headers - http-outgoing-27 >> Accept-Encoding: gzip,deflate
02:36:20.635 [Test worker] DEBUG org.apache.http.wire - http-outgoing-27 >> "GET /images/json?all=true HTTP/1.1[\r][\n]"
02:36:20.635 [Test worker] DEBUG org.apache.http.wire - http-outgoing-27 >> "Accept: application/json[\r][\n]"
02:36:20.635 [Test worker] DEBUG org.apache.http.wire - http-outgoing-27 >> "User-Agent: Jersey/2.23.1 (Apache HttpClient 4.5.1)[\r][\n]"
02:36:20.635 [Test worker] DEBUG org.apache.http.wire - http-outgoing-27 >> "Host: Thesis:2376[\r][\n]"
02:36:20.635 [Test worker] DEBUG org.apache.http.wire - http-outgoing-27 >> "Connection: Keep-Alive[\r][\n]"
02:36:20.636 [Test worker] DEBUG org.apache.http.wire - http-outgoing-27 >> "Accept-Encoding: gzip,deflate[\r][\n]"
02:36:20.636 [Test worker] DEBUG org.apache.http.wire - http-outgoing-27 >> "[\r][\n]"
02:36:20.637 [Test worker] DEBUG org.apache.http.wire - http-outgoing-27 << "H"
02:36:20.637 [Test worker] DEBUG org.apache.http.wire - http-outgoing-27 << "TTP/1.1 200 OK[\r][\n]"
02:36:20.637 [Test worker] DEBUG org.apache.http.wire - http-outgoing-27 << "Content-Type: application/json[\r][\n]"
02:36:20.638 [Test worker] DEBUG org.apache.http.wire - http-outgoing-27 << "Server: Docker/1.12.3 (linux)[\r][\n]"
02:36:20.638 [Test worker] DEBUG org.apache.http.wire - http-outgoing-27 << "Date: Tue, 03 Jan 2017 01:36:20 GMT[\r][\n]"
02:36:20.638 [Test worker] DEBUG org.apache.http.wire - http-outgoing-27 << "Content-Length: 1195[\r][\n]"
02:36:20.638 [Test worker] DEBUG org.apache.http.wire - http-outgoing-27 << "[\r][\n]"
02:36:20.643 [Test worker] DEBUG org.apache.http.wire - http-outgoing-27 << "[{"Id":"sha256:4ca3a192ff2a5b7e225e81dc006b6379c10776ed3619757a65608cb72de0a7f6","ParentId":"","RepoTags":["ubuntu:latest"],"RepoDigests":["ubuntu@sha256:3b64c309deae7ab0f7dbdd42b6b326261ccd6261da5d88396439353162703fb5"],"Created":1480449877,"Size":128206574,"VirtualSize":128206574,"Labels":{}},{"Id":"sha256:aae2b63c49461fcae4962e4a8043f66acf8e3af7e62f5ebceb70b181d8ca01e0","ParentId":"","RepoTags":["ubuntu:14.04"],"RepoDigests":["ubuntu@sha256:edb984703bd3e8981ff541a5b9297ca1b81fde6e6e8094d86e390a38ebc30b4d"],"Created":1480449856,"Size":187952254,"VirtualSize":187952254,"Labels":{}},{"Id":"sha256:e02e811dd08fd49e7f6032625495118e63f597eb150403d02e3238af1df240ba","ParentId":"","RepoTags":["busybox:latest"],"RepoDigests":["busybox@sha256:29f5d56d12684887bdfa50dcd29fc31eea4aaf4ad3bec43daf19026a7ce69912"],"Created":1475874238,"Size":1093484,"VirtualSize":1093484,"Labels":{}},{"Id":"sha256:d654de4499473ed41349b54a988b6f46a7fc92e3fa2d61e102bf2660a0116e25","ParentId":"","RepoTags":["sakib37/iperf3:latest"],"RepoDigests":["sakib37/iperf3@sha256:8d80a810f8f508c074b14d02555f20110eac382c8dbda7252075392983629d40"],"Created":1474907599,"Size":199456654,"VirtualSize":199456654,"Labels":{}}][\n]"
02:36:20.644 [Test worker] DEBUG org.apache.http.headers - http-outgoing-27 << HTTP/1.1 200 OK
02:36:20.644 [Test worker] DEBUG org.apache.http.headers - http-outgoing-27 << Content-Type: application/json
02:36:20.644 [Test worker] DEBUG org.apache.http.headers - http-outgoing-27 << Server: Docker/1.12.3 (linux)
02:36:20.644 [Test worker] DEBUG org.apache.http.headers - http-outgoing-27 << Date: Tue, 03 Jan 2017 01:36:20 GMT
02:36:20.644 [Test worker] DEBUG org.apache.http.headers - http-outgoing-27 << Content-Length: 1195
02:36:20.645 [Test worker] DEBUG o.a.h.impl.execchain.MainClientExec - Connection can be kept alive indefinitely
02:36:20.645 [Test worker] DEBUG c.g.d.j.JerseyDockerCmdExecFactory - 14 * Client response received on thread Test worker
14 < 200
14 < Content-Length: 1195
14 < Content-Type: application/json
14 < Date: Tue, 03 Jan 2017 01:36:20 GMT
14 < Server: Docker/1.12.3 (linux)
[{"Id":"sha256:4ca3a192ff2a5b7e225e81dc006b6379c10776ed3619757a65608cb72de0a7f6","ParentId":"","RepoTags":["ubuntu:latest"],"RepoDigests":["ubuntu@sha256:3b64c309deae7ab0f7dbdd42b6b326261ccd6261da5d88396439353162703fb5"],"Created":1480449877,"Size":128206574,"VirtualSize":128206574,"Labels":{}},{"Id":"sha256:aae2b63c49461fcae4962e4a8043f66acf8e3af7e62f5ebceb70b181d8ca01e0","ParentId":"","RepoTags":["ubuntu:14.04"],"RepoDigests":["ubuntu@sha256:edb984703bd3e8981ff541a5b9297ca1b81fde6e6e8094d86e390a38ebc30b4d"],"Created":1480449856,"Size":187952254,"VirtualSize":187952254,"Labels":{}},{"Id":"sha256:e02e811dd08fd49e7f6032625495118e63f597eb150403d02e3238af1df240ba","ParentId":"","RepoTags":["busybox:latest"],"RepoDigests":["busybox@sha256:29f5d56d12684887bdfa50dcd29fc31eea4aaf4ad3bec43daf19026a7ce69912"],"Created":1475874238,"Size":1093484,"VirtualSize":1093484,"Labels":{}},{"Id":"sha256:d654de4499473ed41349b54a988b6f46a7fc92e3fa2d61e102bf2660a0116e25","ParentId":"","RepoTags":["sakib37/iperf3:latest"],"RepoDigests":["sakib37/iperf3@sha256:8d80a810f8f508c074b14d02555f20110eac382c8dbda7252075392983629d40"],"Created":1474907599,"Size":199456654,"VirtualSize":199456654,"Labels":{}}]


02:36:20.647 [Test worker] DEBUG o.a.h.i.c.DefaultManagedHttpClientConnection - http-outgoing-27: Close connection
02:36:20.647 [Test worker] DEBUG o.a.h.impl.execchain.MainClientExec - Connection discarded
02:36:20.647 [Test worker] DEBUG c.g.d.j.JerseyDockerCmdExecFactory$1 - Connection released: [id: 27][route: {s}->https://Thesis:2376][total kept alive: 1; route allocated: 1 of 2; total allocated: 1 of 20]
02:36:20.650 [Test worker] DEBUG org.openbaton.docker.DockerVim - Found a docker image, transformed into a NFV Image Image{id='sha256:aae2b63c49461fcae4962e4a8043f66acf8e3af7e62f5ebceb70b181d8ca01e0', name='ubuntu:14.04', version=0, extId='null', minRam='0', minDiskSpace='0', minCPU='null', public='true', diskFormat='null', containerFormat='docker', created='Sun Jan 18 04:14:09 CET 1970', updated='null'}
02:36:20.650 [Test worker] DEBUG c.g.d.core.command.AbstrDockerCmd - Cmd: -1,<null>,true,<null>,<null>,com.github.dockerjava.core.util.FiltersBuilder@0,com.github.dockerjava.jaxrs.ListContainersCmdExec@1e92e158
02:36:20.650 [Test worker] DEBUG c.g.d.j.JerseyDockerCmdExecFactory - 15 * Sending client request on thread Test worker
15 > GET https://Thesis:2376/containers/json?all=true
15 > Accept: application/json

02:36:20.651 [Test worker] DEBUG o.a.h.c.protocol.RequestAddCookies - CookieSpec selected: default
02:36:20.651 [Test worker] DEBUG o.a.h.c.protocol.RequestAuthCache - Auth cache not set in the context
02:36:20.652 [Test worker] DEBUG c.g.d.j.JerseyDockerCmdExecFactory$1 - Connection request: [route: {s}->https://Thesis:2376][total kept alive: 1; route allocated: 1 of 2; total allocated: 1 of 20]
02:36:20.653 [Test worker] DEBUG c.g.d.j.JerseyDockerCmdExecFactory$1 - Connection leased: [id: 28][route: {s}->https://Thesis:2376][total kept alive: 1; route allocated: 2 of 2; total allocated: 2 of 20]
02:36:20.654 [Test worker] DEBUG o.a.h.impl.execchain.MainClientExec - Opening connection {s}->https://Thesis:2376
02:36:20.654 [Test worker] DEBUG o.a.h.i.c.DefaultHttpClientConnectionOperator - Connecting to Thesis/127.0.1.1:2376
02:36:20.654 [Test worker] DEBUG o.a.h.c.s.SSLConnectionSocketFactory - Connecting socket to Thesis/127.0.1.1:2376 with timeout 0
02:36:20.655 [Test worker] DEBUG o.a.h.c.s.SSLConnectionSocketFactory - Enabled protocols: [TLSv1]
02:36:20.655 [Test worker] DEBUG o.a.h.c.s.SSLConnectionSocketFactory - Enabled cipher suites:[TLS_ECDHE_ECDSA_WITH_AES_128_CBC_SHA, TLS_ECDHE_RSA_WITH_AES_128_CBC_SHA, TLS_RSA_WITH_AES_128_CBC_SHA, TLS_ECDH_ECDSA_WITH_AES_128_CBC_SHA, TLS_ECDH_RSA_WITH_AES_128_CBC_SHA, TLS_DHE_RSA_WITH_AES_128_CBC_SHA, TLS_DHE_DSS_WITH_AES_128_CBC_SHA, TLS_ECDHE_ECDSA_WITH_3DES_EDE_CBC_SHA, TLS_ECDHE_RSA_WITH_3DES_EDE_CBC_SHA, SSL_RSA_WITH_3DES_EDE_CBC_SHA, TLS_ECDH_ECDSA_WITH_3DES_EDE_CBC_SHA, TLS_ECDH_RSA_WITH_3DES_EDE_CBC_SHA, SSL_DHE_RSA_WITH_3DES_EDE_CBC_SHA, SSL_DHE_DSS_WITH_3DES_EDE_CBC_SHA, TLS_ECDHE_ECDSA_WITH_RC4_128_SHA, TLS_ECDHE_RSA_WITH_RC4_128_SHA, SSL_RSA_WITH_RC4_128_SHA, TLS_ECDH_ECDSA_WITH_RC4_128_SHA, TLS_ECDH_RSA_WITH_RC4_128_SHA, SSL_RSA_WITH_RC4_128_MD5, TLS_EMPTY_RENEGOTIATION_INFO_SCSV]
02:36:20.663 [Test worker] DEBUG o.a.h.c.s.SSLConnectionSocketFactory - Starting handshake
02:36:20.777 [Test worker] DEBUG o.a.h.c.s.SSLConnectionSocketFactory - Secure session established
02:36:20.777 [Test worker] DEBUG o.a.h.c.s.SSLConnectionSocketFactory -  negotiated protocol: TLSv1
02:36:20.778 [Test worker] DEBUG o.a.h.c.s.SSLConnectionSocketFactory -  negotiated cipher suite: TLS_ECDHE_RSA_WITH_AES_128_CBC_SHA
02:36:20.778 [Test worker] DEBUG o.a.h.c.s.SSLConnectionSocketFactory -  peer principal: CN=Thesis
02:36:20.778 [Test worker] DEBUG o.a.h.c.s.SSLConnectionSocketFactory -  issuer principal: EMAILADDRESS=sha@yamil.com, CN=Thesis, OU=Open, O=Fra, L=BER, ST=BER, C=DE
02:36:20.778 [Test worker] DEBUG o.a.h.i.c.DefaultHttpClientConnectionOperator - Connection established 127.0.0.1:41354<->127.0.1.1:2376
02:36:20.778 [Test worker] DEBUG o.a.h.impl.execchain.MainClientExec - Executing request GET /containers/json?all=true HTTP/1.1
02:36:20.778 [Test worker] DEBUG o.a.h.impl.execchain.MainClientExec - Target auth state: UNCHALLENGED
02:36:20.779 [Test worker] DEBUG o.a.h.impl.execchain.MainClientExec - Proxy auth state: UNCHALLENGED
02:36:20.779 [Test worker] DEBUG org.apache.http.headers - http-outgoing-28 >> GET /containers/json?all=true HTTP/1.1
02:36:20.779 [Test worker] DEBUG org.apache.http.headers - http-outgoing-28 >> Accept: application/json
02:36:20.779 [Test worker] DEBUG org.apache.http.headers - http-outgoing-28 >> User-Agent: Jersey/2.23.1 (Apache HttpClient 4.5.1)
02:36:20.779 [Test worker] DEBUG org.apache.http.headers - http-outgoing-28 >> Host: Thesis:2376
02:36:20.779 [Test worker] DEBUG org.apache.http.headers - http-outgoing-28 >> Connection: Keep-Alive
02:36:20.780 [Test worker] DEBUG org.apache.http.headers - http-outgoing-28 >> Accept-Encoding: gzip,deflate
02:36:20.780 [Test worker] DEBUG org.apache.http.wire - http-outgoing-28 >> "GET /containers/json?all=true HTTP/1.1[\r][\n]"
02:36:20.780 [Test worker] DEBUG org.apache.http.wire - http-outgoing-28 >> "Accept: application/json[\r][\n]"
02:36:20.780 [Test worker] DEBUG org.apache.http.wire - http-outgoing-28 >> "User-Agent: Jersey/2.23.1 (Apache HttpClient 4.5.1)[\r][\n]"
02:36:20.781 [Test worker] DEBUG org.apache.http.wire - http-outgoing-28 >> "Host: Thesis:2376[\r][\n]"
02:36:20.781 [Test worker] DEBUG org.apache.http.wire - http-outgoing-28 >> "Connection: Keep-Alive[\r][\n]"
02:36:20.781 [Test worker] DEBUG org.apache.http.wire - http-outgoing-28 >> "Accept-Encoding: gzip,deflate[\r][\n]"
02:36:20.781 [Test worker] DEBUG org.apache.http.wire - http-outgoing-28 >> "[\r][\n]"
02:36:20.784 [Test worker] DEBUG org.apache.http.wire - http-outgoing-28 << "H"
02:36:20.784 [Test worker] DEBUG org.apache.http.wire - http-outgoing-28 << "TTP/1.1 200 OK[\r][\n]"
02:36:20.784 [Test worker] DEBUG org.apache.http.wire - http-outgoing-28 << "Content-Type: application/json[\r][\n]"
02:36:20.784 [Test worker] DEBUG org.apache.http.wire - http-outgoing-28 << "Server: Docker/1.12.3 (linux)[\r][\n]"
02:36:20.784 [Test worker] DEBUG org.apache.http.wire - http-outgoing-28 << "Date: Tue, 03 Jan 2017 01:36:20 GMT[\r][\n]"
02:36:20.785 [Test worker] DEBUG org.apache.http.wire - http-outgoing-28 << "Content-Length: 855[\r][\n]"
02:36:20.785 [Test worker] DEBUG org.apache.http.wire - http-outgoing-28 << "[\r][\n]"
02:36:20.785 [Test worker] DEBUG org.apache.http.wire - http-outgoing-28 << "[{"Id":"562aff5737675e54fda5ddfa4f658355a0dc09228128d147ff5ae766461e3138","Names":["/MyContainer"],"Image":"ubuntu:14.04","ImageID":"sha256:aae2b63c49461fcae4962e4a8043f66acf8e3af7e62f5ebceb70b181d8ca01e0","Command":"sleep 99999","Created":1483407380,"Ports":[{"IP":"0.0.0.0","PrivatePort":8084,"PublicPort":8084,"Type":"tcp"}],"Labels":{},"State":"running","Status":"Up Less than a second","HostConfig":{"NetworkMode":"default"},"NetworkSettings":{"Networks":{"bridge":{"IPAMConfig":null,"Links":null,"Aliases":null,"NetworkID":"e0d36057aa1769e9fd52ba88be81b698b495f9b6b4946d0f98f24d971a27fc98","EndpointID":"c421b6767a1dc276f349bc76737321113476f7354be6fccf5fb35f258a06771c","Gateway":"172.17.0.1","IPAddress":"172.17.0.2","IPPrefixLen":16,"IPv6Gateway":"","GlobalIPv6Address":"","GlobalIPv6PrefixLen":0,"MacAddress":"02:42:ac:11:00:02"}}},"Mounts":[]}][\n]"
02:36:20.785 [Test worker] DEBUG org.apache.http.headers - http-outgoing-28 << HTTP/1.1 200 OK
02:36:20.785 [Test worker] DEBUG org.apache.http.headers - http-outgoing-28 << Content-Type: application/json
02:36:20.785 [Test worker] DEBUG org.apache.http.headers - http-outgoing-28 << Server: Docker/1.12.3 (linux)
02:36:20.786 [Test worker] DEBUG org.apache.http.headers - http-outgoing-28 << Date: Tue, 03 Jan 2017 01:36:20 GMT
02:36:20.786 [Test worker] DEBUG org.apache.http.headers - http-outgoing-28 << Content-Length: 855
02:36:20.786 [Test worker] DEBUG o.a.h.impl.execchain.MainClientExec - Connection can be kept alive indefinitely
02:36:20.786 [Test worker] DEBUG c.g.d.j.JerseyDockerCmdExecFactory - 16 * Client response received on thread Test worker
16 < 200
16 < Content-Length: 855
16 < Content-Type: application/json
16 < Date: Tue, 03 Jan 2017 01:36:20 GMT
16 < Server: Docker/1.12.3 (linux)
[{"Id":"562aff5737675e54fda5ddfa4f658355a0dc09228128d147ff5ae766461e3138","Names":["/MyContainer"],"Image":"ubuntu:14.04","ImageID":"sha256:aae2b63c49461fcae4962e4a8043f66acf8e3af7e62f5ebceb70b181d8ca01e0","Command":"sleep 99999","Created":1483407380,"Ports":[{"IP":"0.0.0.0","PrivatePort":8084,"PublicPort":8084,"Type":"tcp"}],"Labels":{},"State":"running","Status":"Up Less than a second","HostConfig":{"NetworkMode":"default"},"NetworkSettings":{"Networks":{"bridge":{"IPAMConfig":null,"Links":null,"Aliases":null,"NetworkID":"e0d36057aa1769e9fd52ba88be81b698b495f9b6b4946d0f98f24d971a27fc98","EndpointID":"c421b6767a1dc276f349bc76737321113476f7354be6fccf5fb35f258a06771c","Gateway":"172.17.0.1","IPAddress":"172.17.0.2","IPPrefixLen":16,"IPv6Gateway":"","GlobalIPv6Address":"","GlobalIPv6PrefixLen":0,"MacAddress":"02:42:ac:11:00:02"}}},"Mounts":[]}]


02:36:20.796 [Test worker] DEBUG o.a.h.i.c.DefaultManagedHttpClientConnection - http-outgoing-28: Close connection
02:36:20.799 [Test worker] DEBUG o.a.h.impl.execchain.MainClientExec - Connection discarded
02:36:20.800 [Test worker] DEBUG c.g.d.j.JerseyDockerCmdExecFactory$1 - Connection released: [id: 28][route: {s}->https://Thesis:2376][total kept alive: 1; route allocated: 1 of 2; total allocated: 1 of 20]
02:36:20.800 [Test worker] DEBUG c.g.d.core.command.AbstrDockerCmd - Cmd: ListImagesCmdImpl[imageNameFilter=<null>,showAll=true,filters=com.github.dockerjava.core.util.FiltersBuilder@0,execution=com.github.dockerjava.jaxrs.ListImagesCmdExec@37e6e526]
02:36:20.801 [Test worker] DEBUG c.g.d.j.JerseyDockerCmdExecFactory - 17 * Sending client request on thread Test worker
17 > GET https://Thesis:2376/images/json?all=true
17 > Accept: application/json

02:36:20.802 [Test worker] DEBUG o.a.h.c.protocol.RequestAddCookies - CookieSpec selected: default
02:36:20.802 [Test worker] DEBUG o.a.h.c.protocol.RequestAuthCache - Auth cache not set in the context
02:36:20.802 [Test worker] DEBUG c.g.d.j.JerseyDockerCmdExecFactory$1 - Connection request: [route: {s}->https://Thesis:2376][total kept alive: 1; route allocated: 1 of 2; total allocated: 1 of 20]
02:36:20.803 [Test worker] DEBUG c.g.d.j.JerseyDockerCmdExecFactory$1 - Connection leased: [id: 29][route: {s}->https://Thesis:2376][total kept alive: 1; route allocated: 2 of 2; total allocated: 2 of 20]
02:36:20.803 [Test worker] DEBUG o.a.h.impl.execchain.MainClientExec - Opening connection {s}->https://Thesis:2376
02:36:20.805 [Test worker] DEBUG o.a.h.i.c.DefaultHttpClientConnectionOperator - Connecting to Thesis/127.0.1.1:2376
02:36:20.805 [Test worker] DEBUG o.a.h.c.s.SSLConnectionSocketFactory - Connecting socket to Thesis/127.0.1.1:2376 with timeout 0
02:36:20.813 [Test worker] DEBUG o.a.h.c.s.SSLConnectionSocketFactory - Enabled protocols: [TLSv1]
02:36:20.814 [Test worker] DEBUG o.a.h.c.s.SSLConnectionSocketFactory - Enabled cipher suites:[TLS_ECDHE_ECDSA_WITH_AES_128_CBC_SHA, TLS_ECDHE_RSA_WITH_AES_128_CBC_SHA, TLS_RSA_WITH_AES_128_CBC_SHA, TLS_ECDH_ECDSA_WITH_AES_128_CBC_SHA, TLS_ECDH_RSA_WITH_AES_128_CBC_SHA, TLS_DHE_RSA_WITH_AES_128_CBC_SHA, TLS_DHE_DSS_WITH_AES_128_CBC_SHA, TLS_ECDHE_ECDSA_WITH_3DES_EDE_CBC_SHA, TLS_ECDHE_RSA_WITH_3DES_EDE_CBC_SHA, SSL_RSA_WITH_3DES_EDE_CBC_SHA, TLS_ECDH_ECDSA_WITH_3DES_EDE_CBC_SHA, TLS_ECDH_RSA_WITH_3DES_EDE_CBC_SHA, SSL_DHE_RSA_WITH_3DES_EDE_CBC_SHA, SSL_DHE_DSS_WITH_3DES_EDE_CBC_SHA, TLS_ECDHE_ECDSA_WITH_RC4_128_SHA, TLS_ECDHE_RSA_WITH_RC4_128_SHA, SSL_RSA_WITH_RC4_128_SHA, TLS_ECDH_ECDSA_WITH_RC4_128_SHA, TLS_ECDH_RSA_WITH_RC4_128_SHA, SSL_RSA_WITH_RC4_128_MD5, TLS_EMPTY_RENEGOTIATION_INFO_SCSV]
02:36:20.814 [Test worker] DEBUG o.a.h.c.s.SSLConnectionSocketFactory - Starting handshake
02:36:20.894 [Test worker] DEBUG o.a.h.c.s.SSLConnectionSocketFactory - Secure session established
02:36:20.894 [Test worker] DEBUG o.a.h.c.s.SSLConnectionSocketFactory -  negotiated protocol: TLSv1
02:36:20.894 [Test worker] DEBUG o.a.h.c.s.SSLConnectionSocketFactory -  negotiated cipher suite: TLS_ECDHE_RSA_WITH_AES_128_CBC_SHA
02:36:20.895 [Test worker] DEBUG o.a.h.c.s.SSLConnectionSocketFactory -  peer principal: CN=Thesis
02:36:20.895 [Test worker] DEBUG o.a.h.c.s.SSLConnectionSocketFactory -  issuer principal: EMAILADDRESS=sha@yamil.com, CN=Thesis, OU=Open, O=Fra, L=BER, ST=BER, C=DE
02:36:20.895 [Test worker] DEBUG o.a.h.i.c.DefaultHttpClientConnectionOperator - Connection established 127.0.0.1:41356<->127.0.1.1:2376
02:36:20.901 [Test worker] DEBUG o.a.h.impl.execchain.MainClientExec - Executing request GET /images/json?all=true HTTP/1.1
02:36:20.901 [Test worker] DEBUG o.a.h.impl.execchain.MainClientExec - Target auth state: UNCHALLENGED
02:36:20.901 [Test worker] DEBUG o.a.h.impl.execchain.MainClientExec - Proxy auth state: UNCHALLENGED
02:36:20.902 [Test worker] DEBUG org.apache.http.headers - http-outgoing-29 >> GET /images/json?all=true HTTP/1.1
02:36:20.902 [Test worker] DEBUG org.apache.http.headers - http-outgoing-29 >> Accept: application/json
02:36:20.902 [Test worker] DEBUG org.apache.http.headers - http-outgoing-29 >> User-Agent: Jersey/2.23.1 (Apache HttpClient 4.5.1)
02:36:20.902 [Test worker] DEBUG org.apache.http.headers - http-outgoing-29 >> Host: Thesis:2376
02:36:20.902 [Test worker] DEBUG org.apache.http.headers - http-outgoing-29 >> Connection: Keep-Alive
02:36:20.902 [Test worker] DEBUG org.apache.http.headers - http-outgoing-29 >> Accept-Encoding: gzip,deflate
02:36:20.903 [Test worker] DEBUG org.apache.http.wire - http-outgoing-29 >> "GET /images/json?all=true HTTP/1.1[\r][\n]"
02:36:20.903 [Test worker] DEBUG org.apache.http.wire - http-outgoing-29 >> "Accept: application/json[\r][\n]"
02:36:20.903 [Test worker] DEBUG org.apache.http.wire - http-outgoing-29 >> "User-Agent: Jersey/2.23.1 (Apache HttpClient 4.5.1)[\r][\n]"
02:36:20.903 [Test worker] DEBUG org.apache.http.wire - http-outgoing-29 >> "Host: Thesis:2376[\r][\n]"
02:36:20.904 [Test worker] DEBUG org.apache.http.wire - http-outgoing-29 >> "Connection: Keep-Alive[\r][\n]"
02:36:20.904 [Test worker] DEBUG org.apache.http.wire - http-outgoing-29 >> "Accept-Encoding: gzip,deflate[\r][\n]"
02:36:20.904 [Test worker] DEBUG org.apache.http.wire - http-outgoing-29 >> "[\r][\n]"
02:36:20.905 [Test worker] DEBUG org.apache.http.wire - http-outgoing-29 << "H"
02:36:20.905 [Test worker] DEBUG org.apache.http.wire - http-outgoing-29 << "TTP/1.1 200 OK[\r][\n]"
02:36:20.905 [Test worker] DEBUG org.apache.http.wire - http-outgoing-29 << "Content-Type: application/json[\r][\n]"
02:36:20.906 [Test worker] DEBUG org.apache.http.wire - http-outgoing-29 << "Server: Docker/1.12.3 (linux)[\r][\n]"
02:36:20.906 [Test worker] DEBUG org.apache.http.wire - http-outgoing-29 << "Date: Tue, 03 Jan 2017 01:36:20 GMT[\r][\n]"
02:36:20.906 [Test worker] DEBUG org.apache.http.wire - http-outgoing-29 << "Content-Length: 1195[\r][\n]"
02:36:20.906 [Test worker] DEBUG org.apache.http.wire - http-outgoing-29 << "[\r][\n]"
02:36:20.906 [Test worker] DEBUG org.apache.http.wire - http-outgoing-29 << "[{"Id":"sha256:4ca3a192ff2a5b7e225e81dc006b6379c10776ed3619757a65608cb72de0a7f6","ParentId":"","RepoTags":["ubuntu:latest"],"RepoDigests":["ubuntu@sha256:3b64c309deae7ab0f7dbdd42b6b326261ccd6261da5d88396439353162703fb5"],"Created":1480449877,"Size":128206574,"VirtualSize":128206574,"Labels":{}},{"Id":"sha256:aae2b63c49461fcae4962e4a8043f66acf8e3af7e62f5ebceb70b181d8ca01e0","ParentId":"","RepoTags":["ubuntu:14.04"],"RepoDigests":["ubuntu@sha256:edb984703bd3e8981ff541a5b9297ca1b81fde6e6e8094d86e390a38ebc30b4d"],"Created":1480449856,"Size":187952254,"VirtualSize":187952254,"Labels":{}},{"Id":"sha256:e02e811dd08fd49e7f6032625495118e63f597eb150403d02e3238af1df240ba","ParentId":"","RepoTags":["busybox:latest"],"RepoDigests":["busybox@sha256:29f5d56d12684887bdfa50dcd29fc31eea4aaf4ad3bec43daf19026a7ce69912"],"Created":1475874238,"Size":1093484,"VirtualSize":1093484,"Labels":{}},{"Id":"sha256:d654de4499473ed41349b54a988b6f46a7fc92e3fa2d61e102bf2660a0116e25","ParentId":"","RepoTags":["sakib37/iperf3:latest"],"RepoDigests":["sakib37/iperf3@sha256:8d80a810f8f508c074b14d02555f20110eac382c8dbda7252075392983629d40"],"Created":1474907599,"Size":199456654,"VirtualSize":199456654,"Labels":{}}][\n]"
02:36:20.906 [Test worker] DEBUG org.apache.http.headers - http-outgoing-29 << HTTP/1.1 200 OK
02:36:20.906 [Test worker] DEBUG org.apache.http.headers - http-outgoing-29 << Content-Type: application/json
02:36:20.907 [Test worker] DEBUG org.apache.http.headers - http-outgoing-29 << Server: Docker/1.12.3 (linux)
02:36:20.907 [Test worker] DEBUG org.apache.http.headers - http-outgoing-29 << Date: Tue, 03 Jan 2017 01:36:20 GMT
02:36:20.907 [Test worker] DEBUG org.apache.http.headers - http-outgoing-29 << Content-Length: 1195
02:36:20.907 [Test worker] DEBUG o.a.h.impl.execchain.MainClientExec - Connection can be kept alive indefinitely
02:36:20.908 [Test worker] DEBUG c.g.d.j.JerseyDockerCmdExecFactory - 18 * Client response received on thread Test worker
18 < 200
18 < Content-Length: 1195
18 < Content-Type: application/json
18 < Date: Tue, 03 Jan 2017 01:36:20 GMT
18 < Server: Docker/1.12.3 (linux)
[{"Id":"sha256:4ca3a192ff2a5b7e225e81dc006b6379c10776ed3619757a65608cb72de0a7f6","ParentId":"","RepoTags":["ubuntu:latest"],"RepoDigests":["ubuntu@sha256:3b64c309deae7ab0f7dbdd42b6b326261ccd6261da5d88396439353162703fb5"],"Created":1480449877,"Size":128206574,"VirtualSize":128206574,"Labels":{}},{"Id":"sha256:aae2b63c49461fcae4962e4a8043f66acf8e3af7e62f5ebceb70b181d8ca01e0","ParentId":"","RepoTags":["ubuntu:14.04"],"RepoDigests":["ubuntu@sha256:edb984703bd3e8981ff541a5b9297ca1b81fde6e6e8094d86e390a38ebc30b4d"],"Created":1480449856,"Size":187952254,"VirtualSize":187952254,"Labels":{}},{"Id":"sha256:e02e811dd08fd49e7f6032625495118e63f597eb150403d02e3238af1df240ba","ParentId":"","RepoTags":["busybox:latest"],"RepoDigests":["busybox@sha256:29f5d56d12684887bdfa50dcd29fc31eea4aaf4ad3bec43daf19026a7ce69912"],"Created":1475874238,"Size":1093484,"VirtualSize":1093484,"Labels":{}},{"Id":"sha256:d654de4499473ed41349b54a988b6f46a7fc92e3fa2d61e102bf2660a0116e25","ParentId":"","RepoTags":["sakib37/iperf3:latest"],"RepoDigests":["sakib37/iperf3@sha256:8d80a810f8f508c074b14d02555f20110eac382c8dbda7252075392983629d40"],"Created":1474907599,"Size":199456654,"VirtualSize":199456654,"Labels":{}}]


02:36:20.910 [Test worker] DEBUG o.a.h.i.c.DefaultManagedHttpClientConnection - http-outgoing-29: Close connection
02:36:20.910 [Test worker] DEBUG o.a.h.impl.execchain.MainClientExec - Connection discarded
02:36:20.910 [Test worker] DEBUG c.g.d.j.JerseyDockerCmdExecFactory$1 - Connection released: [id: 29][route: {s}->https://Thesis:2376][total kept alive: 1; route allocated: 1 of 2; total allocated: 1 of 20]
02:36:20.910 [Test worker] DEBUG org.openbaton.docker.DockerVim - Found a docker image, transformed into a NFV Image Image{id='sha256:aae2b63c49461fcae4962e4a8043f66acf8e3af7e62f5ebceb70b181d8ca01e0', name='ubuntu:14.04', version=0, extId='null', minRam='0', minDiskSpace='0', minCPU='null', public='true', diskFormat='null', containerFormat='docker', created='Sun Jan 18 04:14:09 CET 1970', updated='null'}
02:36:20.911 [Test worker] DEBUG c.g.d.core.command.AbstrDockerCmd - Cmd: 562aff5737675e54fda5ddfa4f658355a0dc09228128d147ff5ae766461e3138,<null>,true,com.github.dockerjava.jaxrs.RemoveContainerCmdExec@685a0883
02:36:20.912 [Test worker] DEBUG c.g.d.j.JerseyDockerCmdExecFactory - 19 * Sending client request on thread Test worker
19 > DELETE https://Thesis:2376/containers/562aff5737675e54fda5ddfa4f658355a0dc09228128d147ff5ae766461e3138?force=true
19 > Accept: application/json

02:36:20.913 [Test worker] DEBUG o.a.h.c.protocol.RequestAddCookies - CookieSpec selected: default
02:36:20.913 [Test worker] DEBUG o.a.h.c.protocol.RequestAuthCache - Auth cache not set in the context
02:36:20.913 [Test worker] DEBUG c.g.d.j.JerseyDockerCmdExecFactory$1 - Connection request: [route: {s}->https://Thesis:2376][total kept alive: 1; route allocated: 1 of 2; total allocated: 1 of 20]
02:36:20.913 [Test worker] DEBUG c.g.d.j.JerseyDockerCmdExecFactory$1 - Connection leased: [id: 30][route: {s}->https://Thesis:2376][total kept alive: 1; route allocated: 2 of 2; total allocated: 2 of 20]
02:36:20.914 [Test worker] DEBUG o.a.h.impl.execchain.MainClientExec - Opening connection {s}->https://Thesis:2376
02:36:20.914 [Test worker] DEBUG o.a.h.i.c.DefaultHttpClientConnectionOperator - Connecting to Thesis/127.0.1.1:2376
02:36:20.914 [Test worker] DEBUG o.a.h.c.s.SSLConnectionSocketFactory - Connecting socket to Thesis/127.0.1.1:2376 with timeout 0
02:36:20.915 [Test worker] DEBUG o.a.h.c.s.SSLConnectionSocketFactory - Enabled protocols: [TLSv1]
02:36:20.915 [Test worker] DEBUG o.a.h.c.s.SSLConnectionSocketFactory - Enabled cipher suites:[TLS_ECDHE_ECDSA_WITH_AES_128_CBC_SHA, TLS_ECDHE_RSA_WITH_AES_128_CBC_SHA, TLS_RSA_WITH_AES_128_CBC_SHA, TLS_ECDH_ECDSA_WITH_AES_128_CBC_SHA, TLS_ECDH_RSA_WITH_AES_128_CBC_SHA, TLS_DHE_RSA_WITH_AES_128_CBC_SHA, TLS_DHE_DSS_WITH_AES_128_CBC_SHA, TLS_ECDHE_ECDSA_WITH_3DES_EDE_CBC_SHA, TLS_ECDHE_RSA_WITH_3DES_EDE_CBC_SHA, SSL_RSA_WITH_3DES_EDE_CBC_SHA, TLS_ECDH_ECDSA_WITH_3DES_EDE_CBC_SHA, TLS_ECDH_RSA_WITH_3DES_EDE_CBC_SHA, SSL_DHE_RSA_WITH_3DES_EDE_CBC_SHA, SSL_DHE_DSS_WITH_3DES_EDE_CBC_SHA, TLS_ECDHE_ECDSA_WITH_RC4_128_SHA, TLS_ECDHE_RSA_WITH_RC4_128_SHA, SSL_RSA_WITH_RC4_128_SHA, TLS_ECDH_ECDSA_WITH_RC4_128_SHA, TLS_ECDH_RSA_WITH_RC4_128_SHA, SSL_RSA_WITH_RC4_128_MD5, TLS_EMPTY_RENEGOTIATION_INFO_SCSV]
02:36:20.915 [Test worker] DEBUG o.a.h.c.s.SSLConnectionSocketFactory - Starting handshake
02:36:21.027 [Test worker] DEBUG o.a.h.c.s.SSLConnectionSocketFactory - Secure session established
02:36:21.027 [Test worker] DEBUG o.a.h.c.s.SSLConnectionSocketFactory -  negotiated protocol: TLSv1
02:36:21.027 [Test worker] DEBUG o.a.h.c.s.SSLConnectionSocketFactory -  negotiated cipher suite: TLS_ECDHE_RSA_WITH_AES_128_CBC_SHA
02:36:21.028 [Test worker] DEBUG o.a.h.c.s.SSLConnectionSocketFactory -  peer principal: CN=Thesis
02:36:21.028 [Test worker] DEBUG o.a.h.c.s.SSLConnectionSocketFactory -  issuer principal: EMAILADDRESS=sha@yamil.com, CN=Thesis, OU=Open, O=Fra, L=BER, ST=BER, C=DE
02:36:21.028 [Test worker] DEBUG o.a.h.i.c.DefaultHttpClientConnectionOperator - Connection established 127.0.0.1:41358<->127.0.1.1:2376
02:36:21.028 [Test worker] DEBUG o.a.h.impl.execchain.MainClientExec - Executing request DELETE /containers/562aff5737675e54fda5ddfa4f658355a0dc09228128d147ff5ae766461e3138?force=true HTTP/1.1
02:36:21.028 [Test worker] DEBUG o.a.h.impl.execchain.MainClientExec - Target auth state: UNCHALLENGED
02:36:21.029 [Test worker] DEBUG o.a.h.impl.execchain.MainClientExec - Proxy auth state: UNCHALLENGED
02:36:21.030 [Test worker] DEBUG org.apache.http.headers - http-outgoing-30 >> DELETE /containers/562aff5737675e54fda5ddfa4f658355a0dc09228128d147ff5ae766461e3138?force=true HTTP/1.1
02:36:21.030 [Test worker] DEBUG org.apache.http.headers - http-outgoing-30 >> Accept: application/json
02:36:21.030 [Test worker] DEBUG org.apache.http.headers - http-outgoing-30 >> User-Agent: Jersey/2.23.1 (Apache HttpClient 4.5.1)
02:36:21.030 [Test worker] DEBUG org.apache.http.headers - http-outgoing-30 >> Host: Thesis:2376
02:36:21.030 [Test worker] DEBUG org.apache.http.headers - http-outgoing-30 >> Connection: Keep-Alive
02:36:21.030 [Test worker] DEBUG org.apache.http.headers - http-outgoing-30 >> Accept-Encoding: gzip,deflate
02:36:21.031 [Test worker] DEBUG org.apache.http.wire - http-outgoing-30 >> "DELETE /containers/562aff5737675e54fda5ddfa4f658355a0dc09228128d147ff5ae766461e3138?force=true HTTP/1.1[\r][\n]"
02:36:21.031 [Test worker] DEBUG org.apache.http.wire - http-outgoing-30 >> "Accept: application/json[\r][\n]"
02:36:21.031 [Test worker] DEBUG org.apache.http.wire - http-outgoing-30 >> "User-Agent: Jersey/2.23.1 (Apache HttpClient 4.5.1)[\r][\n]"
02:36:21.031 [Test worker] DEBUG org.apache.http.wire - http-outgoing-30 >> "Host: Thesis:2376[\r][\n]"
02:36:21.031 [Test worker] DEBUG org.apache.http.wire - http-outgoing-30 >> "Connection: Keep-Alive[\r][\n]"
02:36:21.031 [Test worker] DEBUG org.apache.http.wire - http-outgoing-30 >> "Accept-Encoding: gzip,deflate[\r][\n]"
02:36:21.031 [Test worker] DEBUG org.apache.http.wire - http-outgoing-30 >> "[\r][\n]"
02:36:21.131 [Test worker] DEBUG org.apache.http.wire - http-outgoing-30 << "H"
02:36:21.131 [Test worker] DEBUG org.apache.http.wire - http-outgoing-30 << "TTP/1.1 204 No Content[\r][\n]"
02:36:21.131 [Test worker] DEBUG org.apache.http.wire - http-outgoing-30 << "Server: Docker/1.12.3 (linux)[\r][\n]"
02:36:21.131 [Test worker] DEBUG org.apache.http.wire - http-outgoing-30 << "Date: Tue, 03 Jan 2017 01:36:21 GMT[\r][\n]"
02:36:21.131 [Test worker] DEBUG org.apache.http.wire - http-outgoing-30 << "[\r][\n]"
02:36:21.132 [Test worker] DEBUG org.apache.http.headers - http-outgoing-30 << HTTP/1.1 204 No Content
02:36:21.132 [Test worker] DEBUG org.apache.http.headers - http-outgoing-30 << Server: Docker/1.12.3 (linux)
02:36:21.132 [Test worker] DEBUG org.apache.http.headers - http-outgoing-30 << Date: Tue, 03 Jan 2017 01:36:21 GMT
02:36:21.132 [Test worker] DEBUG o.a.h.impl.execchain.MainClientExec - Connection can be kept alive indefinitely
02:36:21.132 [Test worker] DEBUG c.g.d.j.JerseyDockerCmdExecFactory$1 - Connection [id: 30][route: {s}->https://Thesis:2376][state: CN=Thesis] can be kept alive indefinitely
02:36:21.132 [Test worker] DEBUG c.g.d.j.JerseyDockerCmdExecFactory$1 - Connection released: [id: 30][route: {s}->https://Thesis:2376][state: CN=Thesis][total kept alive: 2; route allocated: 2 of 2; total allocated: 2 of 20]
02:36:21.132 [Test worker] DEBUG c.g.d.j.JerseyDockerCmdExecFactory - 20 * Client response received on thread Test worker
20 < 204
20 < Date: Tue, 03 Jan 2017 01:36:21 GMT
20 < Server: Docker/1.12.3 (linux)

02:36:21.132 [Test worker] DEBUG org.openbaton.docker.DockerVim - Server deleted successfully
02:36:21.132 [Test worker] DEBUG c.g.d.core.command.AbstrDockerCmd - Cmd: -1,<null>,true,<null>,<null>,com.github.dockerjava.core.util.FiltersBuilder@0,com.github.dockerjava.jaxrs.ListContainersCmdExec@7deb98f6
02:36:21.133 [Test worker] DEBUG c.g.d.j.JerseyDockerCmdExecFactory - 21 * Sending client request on thread Test worker
21 > GET https://Thesis:2376/containers/json?all=true
21 > Accept: application/json

02:36:21.136 [Test worker] DEBUG o.a.h.c.protocol.RequestAddCookies - CookieSpec selected: default
02:36:21.137 [Test worker] DEBUG o.a.h.c.protocol.RequestAuthCache - Auth cache not set in the context
02:36:21.137 [Test worker] DEBUG c.g.d.j.JerseyDockerCmdExecFactory$1 - Connection request: [route: {s}->https://Thesis:2376][total kept alive: 2; route allocated: 2 of 2; total allocated: 2 of 20]
02:36:21.137 [Test worker] DEBUG o.a.h.i.c.DefaultManagedHttpClientConnection - http-outgoing-26: Close connection
02:36:21.139 [Test worker] DEBUG c.g.d.j.JerseyDockerCmdExecFactory$1 - Connection leased: [id: 31][route: {s}->https://Thesis:2376][total kept alive: 1; route allocated: 2 of 2; total allocated: 2 of 20]
02:36:21.140 [Test worker] DEBUG o.a.h.impl.execchain.MainClientExec - Opening connection {s}->https://Thesis:2376
02:36:21.143 [Test worker] DEBUG o.a.h.i.c.DefaultHttpClientConnectionOperator - Connecting to Thesis/127.0.1.1:2376
02:36:21.143 [Test worker] DEBUG o.a.h.c.s.SSLConnectionSocketFactory - Connecting socket to Thesis/127.0.1.1:2376 with timeout 0
02:36:21.145 [Test worker] DEBUG o.a.h.c.s.SSLConnectionSocketFactory - Enabled protocols: [TLSv1]
02:36:21.153 [Test worker] DEBUG o.a.h.c.s.SSLConnectionSocketFactory - Enabled cipher suites:[TLS_ECDHE_ECDSA_WITH_AES_128_CBC_SHA, TLS_ECDHE_RSA_WITH_AES_128_CBC_SHA, TLS_RSA_WITH_AES_128_CBC_SHA, TLS_ECDH_ECDSA_WITH_AES_128_CBC_SHA, TLS_ECDH_RSA_WITH_AES_128_CBC_SHA, TLS_DHE_RSA_WITH_AES_128_CBC_SHA, TLS_DHE_DSS_WITH_AES_128_CBC_SHA, TLS_ECDHE_ECDSA_WITH_3DES_EDE_CBC_SHA, TLS_ECDHE_RSA_WITH_3DES_EDE_CBC_SHA, SSL_RSA_WITH_3DES_EDE_CBC_SHA, TLS_ECDH_ECDSA_WITH_3DES_EDE_CBC_SHA, TLS_ECDH_RSA_WITH_3DES_EDE_CBC_SHA, SSL_DHE_RSA_WITH_3DES_EDE_CBC_SHA, SSL_DHE_DSS_WITH_3DES_EDE_CBC_SHA, TLS_ECDHE_ECDSA_WITH_RC4_128_SHA, TLS_ECDHE_RSA_WITH_RC4_128_SHA, SSL_RSA_WITH_RC4_128_SHA, TLS_ECDH_ECDSA_WITH_RC4_128_SHA, TLS_ECDH_RSA_WITH_RC4_128_SHA, SSL_RSA_WITH_RC4_128_MD5, TLS_EMPTY_RENEGOTIATION_INFO_SCSV]
02:36:21.154 [Test worker] DEBUG o.a.h.c.s.SSLConnectionSocketFactory - Starting handshake
02:36:21.272 [Test worker] DEBUG o.a.h.c.s.SSLConnectionSocketFactory - Secure session established
02:36:21.273 [Test worker] DEBUG o.a.h.c.s.SSLConnectionSocketFactory -  negotiated protocol: TLSv1
02:36:21.277 [Test worker] DEBUG o.a.h.c.s.SSLConnectionSocketFactory -  negotiated cipher suite: TLS_ECDHE_RSA_WITH_AES_128_CBC_SHA
02:36:21.277 [Test worker] DEBUG o.a.h.c.s.SSLConnectionSocketFactory -  peer principal: CN=Thesis
02:36:21.277 [Test worker] DEBUG o.a.h.c.s.SSLConnectionSocketFactory -  issuer principal: EMAILADDRESS=sha@yamil.com, CN=Thesis, OU=Open, O=Fra, L=BER, ST=BER, C=DE
02:36:21.278 [Test worker] DEBUG o.a.h.i.c.DefaultHttpClientConnectionOperator - Connection established 127.0.0.1:41362<->127.0.1.1:2376
02:36:21.278 [Test worker] DEBUG o.a.h.impl.execchain.MainClientExec - Executing request GET /containers/json?all=true HTTP/1.1
02:36:21.278 [Test worker] DEBUG o.a.h.impl.execchain.MainClientExec - Target auth state: UNCHALLENGED
02:36:21.278 [Test worker] DEBUG o.a.h.impl.execchain.MainClientExec - Proxy auth state: UNCHALLENGED
02:36:21.279 [Test worker] DEBUG org.apache.http.headers - http-outgoing-31 >> GET /containers/json?all=true HTTP/1.1
02:36:21.279 [Test worker] DEBUG org.apache.http.headers - http-outgoing-31 >> Accept: application/json
02:36:21.279 [Test worker] DEBUG org.apache.http.headers - http-outgoing-31 >> User-Agent: Jersey/2.23.1 (Apache HttpClient 4.5.1)
02:36:21.279 [Test worker] DEBUG org.apache.http.headers - http-outgoing-31 >> Host: Thesis:2376
02:36:21.279 [Test worker] DEBUG org.apache.http.headers - http-outgoing-31 >> Connection: Keep-Alive
02:36:21.279 [Test worker] DEBUG org.apache.http.headers - http-outgoing-31 >> Accept-Encoding: gzip,deflate
02:36:21.279 [Test worker] DEBUG org.apache.http.wire - http-outgoing-31 >> "GET /containers/json?all=true HTTP/1.1[\r][\n]"
02:36:21.280 [Test worker] DEBUG org.apache.http.wire - http-outgoing-31 >> "Accept: application/json[\r][\n]"
02:36:21.280 [Test worker] DEBUG org.apache.http.wire - http-outgoing-31 >> "User-Agent: Jersey/2.23.1 (Apache HttpClient 4.5.1)[\r][\n]"
02:36:21.280 [Test worker] DEBUG org.apache.http.wire - http-outgoing-31 >> "Host: Thesis:2376[\r][\n]"
02:36:21.280 [Test worker] DEBUG org.apache.http.wire - http-outgoing-31 >> "Connection: Keep-Alive[\r][\n]"
02:36:21.281 [Test worker] DEBUG org.apache.http.wire - http-outgoing-31 >> "Accept-Encoding: gzip,deflate[\r][\n]"
02:36:21.281 [Test worker] DEBUG org.apache.http.wire - http-outgoing-31 >> "[\r][\n]"
02:36:21.281 [Test worker] DEBUG org.apache.http.wire - http-outgoing-31 << "H"
02:36:21.281 [Test worker] DEBUG org.apache.http.wire - http-outgoing-31 << "TTP/1.1 200 OK[\r][\n]"
02:36:21.282 [Test worker] DEBUG org.apache.http.wire - http-outgoing-31 << "Content-Type: application/json[\r][\n]"
02:36:21.282 [Test worker] DEBUG org.apache.http.wire - http-outgoing-31 << "Server: Docker/1.12.3 (linux)[\r][\n]"
02:36:21.282 [Test worker] DEBUG org.apache.http.wire - http-outgoing-31 << "Date: Tue, 03 Jan 2017 01:36:21 GMT[\r][\n]"
02:36:21.282 [Test worker] DEBUG org.apache.http.wire - http-outgoing-31 << "Content-Length: 3[\r][\n]"
02:36:21.282 [Test worker] DEBUG org.apache.http.wire - http-outgoing-31 << "[\r][\n]"
02:36:21.282 [Test worker] DEBUG org.apache.http.wire - http-outgoing-31 << "[][\n]"
02:36:21.282 [Test worker] DEBUG org.apache.http.headers - http-outgoing-31 << HTTP/1.1 200 OK
02:36:21.283 [Test worker] DEBUG org.apache.http.headers - http-outgoing-31 << Content-Type: application/json
02:36:21.283 [Test worker] DEBUG org.apache.http.headers - http-outgoing-31 << Server: Docker/1.12.3 (linux)
02:36:21.283 [Test worker] DEBUG org.apache.http.headers - http-outgoing-31 << Date: Tue, 03 Jan 2017 01:36:21 GMT
02:36:21.283 [Test worker] DEBUG org.apache.http.headers - http-outgoing-31 << Content-Length: 3
02:36:21.283 [Test worker] DEBUG o.a.h.impl.execchain.MainClientExec - Connection can be kept alive indefinitely
02:36:21.284 [Test worker] DEBUG c.g.d.j.JerseyDockerCmdExecFactory - 22 * Client response received on thread Test worker
22 < 200
22 < Content-Length: 3
22 < Content-Type: application/json
22 < Date: Tue, 03 Jan 2017 01:36:21 GMT
22 < Server: Docker/1.12.3 (linux)
[]


02:36:21.285 [Test worker] DEBUG c.g.d.j.JerseyDockerCmdExecFactory$1 - Connection [id: 31][route: {s}->https://Thesis:2376][state: CN=Thesis] can be kept alive indefinitely
02:36:21.285 [Test worker] DEBUG c.g.d.j.JerseyDockerCmdExecFactory$1 - Connection released: [id: 31][route: {s}->https://Thesis:2376][state: CN=Thesis][total kept alive: 2; route allocated: 2 of 2; total allocated: 2 of 20]
02:36:21.286 [Test worker] DEBUG c.g.d.core.command.AbstrDockerCmd - Cmd: -1,<null>,true,<null>,<null>,com.github.dockerjava.core.util.FiltersBuilder@0,com.github.dockerjava.jaxrs.ListContainersCmdExec@39a6ee94
02:36:21.286 [Test worker] DEBUG c.g.d.j.JerseyDockerCmdExecFactory - 23 * Sending client request on thread Test worker
23 > GET https://Thesis:2376/containers/json?all=true
23 > Accept: application/json

02:36:21.289 [Test worker] DEBUG o.a.h.c.protocol.RequestAddCookies - CookieSpec selected: default
02:36:21.289 [Test worker] DEBUG o.a.h.c.protocol.RequestAuthCache - Auth cache not set in the context
02:36:21.290 [Test worker] DEBUG c.g.d.j.JerseyDockerCmdExecFactory$1 - Connection request: [route: {s}->https://Thesis:2376][total kept alive: 2; route allocated: 2 of 2; total allocated: 2 of 20]
02:36:21.290 [Test worker] DEBUG o.a.h.i.c.DefaultManagedHttpClientConnection - http-outgoing-30: Close connection
02:36:21.290 [Test worker] DEBUG c.g.d.j.JerseyDockerCmdExecFactory$1 - Connection leased: [id: 32][route: {s}->https://Thesis:2376][total kept alive: 1; route allocated: 2 of 2; total allocated: 2 of 20]
02:36:21.290 [Test worker] DEBUG o.a.h.impl.execchain.MainClientExec - Opening connection {s}->https://Thesis:2376
02:36:21.291 [Test worker] DEBUG o.a.h.i.c.DefaultHttpClientConnectionOperator - Connecting to Thesis/127.0.1.1:2376
02:36:21.291 [Test worker] DEBUG o.a.h.c.s.SSLConnectionSocketFactory - Connecting socket to Thesis/127.0.1.1:2376 with timeout 0
02:36:21.292 [Test worker] DEBUG o.a.h.c.s.SSLConnectionSocketFactory - Enabled protocols: [TLSv1]
02:36:21.292 [Test worker] DEBUG o.a.h.c.s.SSLConnectionSocketFactory - Enabled cipher suites:[TLS_ECDHE_ECDSA_WITH_AES_128_CBC_SHA, TLS_ECDHE_RSA_WITH_AES_128_CBC_SHA, TLS_RSA_WITH_AES_128_CBC_SHA, TLS_ECDH_ECDSA_WITH_AES_128_CBC_SHA, TLS_ECDH_RSA_WITH_AES_128_CBC_SHA, TLS_DHE_RSA_WITH_AES_128_CBC_SHA, TLS_DHE_DSS_WITH_AES_128_CBC_SHA, TLS_ECDHE_ECDSA_WITH_3DES_EDE_CBC_SHA, TLS_ECDHE_RSA_WITH_3DES_EDE_CBC_SHA, SSL_RSA_WITH_3DES_EDE_CBC_SHA, TLS_ECDH_ECDSA_WITH_3DES_EDE_CBC_SHA, TLS_ECDH_RSA_WITH_3DES_EDE_CBC_SHA, SSL_DHE_RSA_WITH_3DES_EDE_CBC_SHA, SSL_DHE_DSS_WITH_3DES_EDE_CBC_SHA, TLS_ECDHE_ECDSA_WITH_RC4_128_SHA, TLS_ECDHE_RSA_WITH_RC4_128_SHA, SSL_RSA_WITH_RC4_128_SHA, TLS_ECDH_ECDSA_WITH_RC4_128_SHA, TLS_ECDH_RSA_WITH_RC4_128_SHA, SSL_RSA_WITH_RC4_128_MD5, TLS_EMPTY_RENEGOTIATION_INFO_SCSV]
02:36:21.292 [Test worker] DEBUG o.a.h.c.s.SSLConnectionSocketFactory - Starting handshake
02:36:21.379 [Test worker] DEBUG o.a.h.c.s.SSLConnectionSocketFactory - Secure session established
02:36:21.380 [Test worker] DEBUG o.a.h.c.s.SSLConnectionSocketFactory -  negotiated protocol: TLSv1
02:36:21.380 [Test worker] DEBUG o.a.h.c.s.SSLConnectionSocketFactory -  negotiated cipher suite: TLS_ECDHE_RSA_WITH_AES_128_CBC_SHA
02:36:21.380 [Test worker] DEBUG o.a.h.c.s.SSLConnectionSocketFactory -  peer principal: CN=Thesis
02:36:21.381 [Test worker] DEBUG o.a.h.c.s.SSLConnectionSocketFactory -  issuer principal: EMAILADDRESS=sha@yamil.com, CN=Thesis, OU=Open, O=Fra, L=BER, ST=BER, C=DE
02:36:21.381 [Test worker] DEBUG o.a.h.i.c.DefaultHttpClientConnectionOperator - Connection established 127.0.0.1:41364<->127.0.1.1:2376
02:36:21.381 [Test worker] DEBUG o.a.h.impl.execchain.MainClientExec - Executing request GET /containers/json?all=true HTTP/1.1
02:36:21.381 [Test worker] DEBUG o.a.h.impl.execchain.MainClientExec - Target auth state: UNCHALLENGED
02:36:21.381 [Test worker] DEBUG o.a.h.impl.execchain.MainClientExec - Proxy auth state: UNCHALLENGED
02:36:21.382 [Test worker] DEBUG org.apache.http.headers - http-outgoing-32 >> GET /containers/json?all=true HTTP/1.1
02:36:21.382 [Test worker] DEBUG org.apache.http.headers - http-outgoing-32 >> Accept: application/json
02:36:21.382 [Test worker] DEBUG org.apache.http.headers - http-outgoing-32 >> User-Agent: Jersey/2.23.1 (Apache HttpClient 4.5.1)
02:36:21.382 [Test worker] DEBUG org.apache.http.headers - http-outgoing-32 >> Host: Thesis:2376
02:36:21.382 [Test worker] DEBUG org.apache.http.headers - http-outgoing-32 >> Connection: Keep-Alive
02:36:21.382 [Test worker] DEBUG org.apache.http.headers - http-outgoing-32 >> Accept-Encoding: gzip,deflate
02:36:21.383 [Test worker] DEBUG org.apache.http.wire - http-outgoing-32 >> "GET /containers/json?all=true HTTP/1.1[\r][\n]"
02:36:21.384 [Test worker] DEBUG org.apache.http.wire - http-outgoing-32 >> "Accept: application/json[\r][\n]"
02:36:21.385 [Test worker] DEBUG org.apache.http.wire - http-outgoing-32 >> "User-Agent: Jersey/2.23.1 (Apache HttpClient 4.5.1)[\r][\n]"
02:36:21.385 [Test worker] DEBUG org.apache.http.wire - http-outgoing-32 >> "Host: Thesis:2376[\r][\n]"
02:36:21.385 [Test worker] DEBUG org.apache.http.wire - http-outgoing-32 >> "Connection: Keep-Alive[\r][\n]"
02:36:21.385 [Test worker] DEBUG org.apache.http.wire - http-outgoing-32 >> "Accept-Encoding: gzip,deflate[\r][\n]"
02:36:21.385 [Test worker] DEBUG org.apache.http.wire - http-outgoing-32 >> "[\r][\n]"
02:36:21.386 [Test worker] DEBUG org.apache.http.wire - http-outgoing-32 << "H"
02:36:21.386 [Test worker] DEBUG org.apache.http.wire - http-outgoing-32 << "TTP/1.1 200 OK[\r][\n]"
02:36:21.386 [Test worker] DEBUG org.apache.http.wire - http-outgoing-32 << "Content-Type: application/json[\r][\n]"
02:36:21.386 [Test worker] DEBUG org.apache.http.wire - http-outgoing-32 << "Server: Docker/1.12.3 (linux)[\r][\n]"
02:36:21.386 [Test worker] DEBUG org.apache.http.wire - http-outgoing-32 << "Date: Tue, 03 Jan 2017 01:36:21 GMT[\r][\n]"
02:36:21.387 [Test worker] DEBUG org.apache.http.wire - http-outgoing-32 << "Content-Length: 3[\r][\n]"
02:36:21.387 [Test worker] DEBUG org.apache.http.wire - http-outgoing-32 << "[\r][\n]"
02:36:21.387 [Test worker] DEBUG org.apache.http.wire - http-outgoing-32 << "[][\n]"
02:36:21.387 [Test worker] DEBUG org.apache.http.headers - http-outgoing-32 << HTTP/1.1 200 OK
02:36:21.387 [Test worker] DEBUG org.apache.http.headers - http-outgoing-32 << Content-Type: application/json
02:36:21.388 [Test worker] DEBUG org.apache.http.headers - http-outgoing-32 << Server: Docker/1.12.3 (linux)
02:36:21.388 [Test worker] DEBUG org.apache.http.headers - http-outgoing-32 << Date: Tue, 03 Jan 2017 01:36:21 GMT
02:36:21.388 [Test worker] DEBUG org.apache.http.headers - http-outgoing-32 << Content-Length: 3
02:36:21.388 [Test worker] DEBUG o.a.h.impl.execchain.MainClientExec - Connection can be kept alive indefinitely
02:36:21.389 [Test worker] DEBUG c.g.d.j.JerseyDockerCmdExecFactory - 24 * Client response received on thread Test worker
24 < 200
24 < Content-Length: 3
24 < Content-Type: application/json
24 < Date: Tue, 03 Jan 2017 01:36:21 GMT
24 < Server: Docker/1.12.3 (linux)
[]


02:36:21.390 [Test worker] DEBUG c.g.d.j.JerseyDockerCmdExecFactory$1 - Connection [id: 32][route: {s}->https://Thesis:2376][state: CN=Thesis] can be kept alive indefinitely
02:36:21.390 [Test worker] DEBUG c.g.d.j.JerseyDockerCmdExecFactory$1 - Connection released: [id: 32][route: {s}->https://Thesis:2376][state: CN=Thesis][total kept alive: 2; route allocated: 2 of 2; total allocated: 2 of 20]
02:36:21.390 [Test worker] DEBUG c.g.d.core.command.AbstrDockerCmd - Cmd: com.github.dockerjava.core.util.FiltersBuilder@0,com.github.dockerjava.jaxrs.ListNetworksCmdExec@3e2798e6
02:36:21.391 [Test worker] DEBUG c.g.d.j.JerseyDockerCmdExecFactory - 25 * Sending client request on thread Test worker
25 > GET https://Thesis:2376/networks
25 > Accept: application/json

02:36:21.392 [Test worker] DEBUG o.a.h.c.protocol.RequestAddCookies - CookieSpec selected: default
02:36:21.392 [Test worker] DEBUG o.a.h.c.protocol.RequestAuthCache - Auth cache not set in the context
02:36:21.392 [Test worker] DEBUG c.g.d.j.JerseyDockerCmdExecFactory$1 - Connection request: [route: {s}->https://Thesis:2376][total kept alive: 2; route allocated: 2 of 2; total allocated: 2 of 20]
02:36:21.392 [Test worker] DEBUG o.a.h.i.c.DefaultManagedHttpClientConnection - http-outgoing-31: Close connection
02:36:21.393 [Test worker] DEBUG c.g.d.j.JerseyDockerCmdExecFactory$1 - Connection leased: [id: 33][route: {s}->https://Thesis:2376][total kept alive: 1; route allocated: 2 of 2; total allocated: 2 of 20]
02:36:21.393 [Test worker] DEBUG o.a.h.impl.execchain.MainClientExec - Opening connection {s}->https://Thesis:2376
02:36:21.393 [Test worker] DEBUG o.a.h.i.c.DefaultHttpClientConnectionOperator - Connecting to Thesis/127.0.1.1:2376
02:36:21.393 [Test worker] DEBUG o.a.h.c.s.SSLConnectionSocketFactory - Connecting socket to Thesis/127.0.1.1:2376 with timeout 0
02:36:21.394 [Test worker] DEBUG o.a.h.c.s.SSLConnectionSocketFactory - Enabled protocols: [TLSv1]
02:36:21.394 [Test worker] DEBUG o.a.h.c.s.SSLConnectionSocketFactory - Enabled cipher suites:[TLS_ECDHE_ECDSA_WITH_AES_128_CBC_SHA, TLS_ECDHE_RSA_WITH_AES_128_CBC_SHA, TLS_RSA_WITH_AES_128_CBC_SHA, TLS_ECDH_ECDSA_WITH_AES_128_CBC_SHA, TLS_ECDH_RSA_WITH_AES_128_CBC_SHA, TLS_DHE_RSA_WITH_AES_128_CBC_SHA, TLS_DHE_DSS_WITH_AES_128_CBC_SHA, TLS_ECDHE_ECDSA_WITH_3DES_EDE_CBC_SHA, TLS_ECDHE_RSA_WITH_3DES_EDE_CBC_SHA, SSL_RSA_WITH_3DES_EDE_CBC_SHA, TLS_ECDH_ECDSA_WITH_3DES_EDE_CBC_SHA, TLS_ECDH_RSA_WITH_3DES_EDE_CBC_SHA, SSL_DHE_RSA_WITH_3DES_EDE_CBC_SHA, SSL_DHE_DSS_WITH_3DES_EDE_CBC_SHA, TLS_ECDHE_ECDSA_WITH_RC4_128_SHA, TLS_ECDHE_RSA_WITH_RC4_128_SHA, SSL_RSA_WITH_RC4_128_SHA, TLS_ECDH_ECDSA_WITH_RC4_128_SHA, TLS_ECDH_RSA_WITH_RC4_128_SHA, SSL_RSA_WITH_RC4_128_MD5, TLS_EMPTY_RENEGOTIATION_INFO_SCSV]
02:36:21.394 [Test worker] DEBUG o.a.h.c.s.SSLConnectionSocketFactory - Starting handshake
02:36:21.453 [Test worker] DEBUG o.a.h.c.s.SSLConnectionSocketFactory - Secure session established
02:36:21.453 [Test worker] DEBUG o.a.h.c.s.SSLConnectionSocketFactory -  negotiated protocol: TLSv1
02:36:21.454 [Test worker] DEBUG o.a.h.c.s.SSLConnectionSocketFactory -  negotiated cipher suite: TLS_ECDHE_RSA_WITH_AES_128_CBC_SHA
02:36:21.454 [Test worker] DEBUG o.a.h.c.s.SSLConnectionSocketFactory -  peer principal: CN=Thesis
02:36:21.454 [Test worker] DEBUG o.a.h.c.s.SSLConnectionSocketFactory -  issuer principal: EMAILADDRESS=sha@yamil.com, CN=Thesis, OU=Open, O=Fra, L=BER, ST=BER, C=DE
02:36:21.454 [Test worker] DEBUG o.a.h.i.c.DefaultHttpClientConnectionOperator - Connection established 127.0.0.1:41366<->127.0.1.1:2376
02:36:21.454 [Test worker] DEBUG o.a.h.impl.execchain.MainClientExec - Executing request GET /networks HTTP/1.1
02:36:21.455 [Test worker] DEBUG o.a.h.impl.execchain.MainClientExec - Target auth state: UNCHALLENGED
02:36:21.455 [Test worker] DEBUG o.a.h.impl.execchain.MainClientExec - Proxy auth state: UNCHALLENGED
02:36:21.455 [Test worker] DEBUG org.apache.http.headers - http-outgoing-33 >> GET /networks HTTP/1.1
02:36:21.455 [Test worker] DEBUG org.apache.http.headers - http-outgoing-33 >> Accept: application/json
02:36:21.455 [Test worker] DEBUG org.apache.http.headers - http-outgoing-33 >> User-Agent: Jersey/2.23.1 (Apache HttpClient 4.5.1)
02:36:21.455 [Test worker] DEBUG org.apache.http.headers - http-outgoing-33 >> Host: Thesis:2376
02:36:21.456 [Test worker] DEBUG org.apache.http.headers - http-outgoing-33 >> Connection: Keep-Alive
02:36:21.456 [Test worker] DEBUG org.apache.http.headers - http-outgoing-33 >> Accept-Encoding: gzip,deflate
02:36:21.456 [Test worker] DEBUG org.apache.http.wire - http-outgoing-33 >> "GET /networks HTTP/1.1[\r][\n]"
02:36:21.456 [Test worker] DEBUG org.apache.http.wire - http-outgoing-33 >> "Accept: application/json[\r][\n]"
02:36:21.456 [Test worker] DEBUG org.apache.http.wire - http-outgoing-33 >> "User-Agent: Jersey/2.23.1 (Apache HttpClient 4.5.1)[\r][\n]"
02:36:21.456 [Test worker] DEBUG org.apache.http.wire - http-outgoing-33 >> "Host: Thesis:2376[\r][\n]"
02:36:21.456 [Test worker] DEBUG org.apache.http.wire - http-outgoing-33 >> "Connection: Keep-Alive[\r][\n]"
02:36:21.457 [Test worker] DEBUG org.apache.http.wire - http-outgoing-33 >> "Accept-Encoding: gzip,deflate[\r][\n]"
02:36:21.457 [Test worker] DEBUG org.apache.http.wire - http-outgoing-33 >> "[\r][\n]"
02:36:21.457 [Test worker] DEBUG org.apache.http.wire - http-outgoing-33 << "H"
02:36:21.458 [Test worker] DEBUG org.apache.http.wire - http-outgoing-33 << "TTP/1.1 200 OK[\r][\n]"
02:36:21.458 [Test worker] DEBUG org.apache.http.wire - http-outgoing-33 << "Content-Type: application/json[\r][\n]"
02:36:21.458 [Test worker] DEBUG org.apache.http.wire - http-outgoing-33 << "Server: Docker/1.12.3 (linux)[\r][\n]"
02:36:21.458 [Test worker] DEBUG org.apache.http.wire - http-outgoing-33 << "Date: Tue, 03 Jan 2017 01:36:21 GMT[\r][\n]"
02:36:21.458 [Test worker] DEBUG org.apache.http.wire - http-outgoing-33 << "Content-Length: 1100[\r][\n]"
02:36:21.458 [Test worker] DEBUG org.apache.http.wire - http-outgoing-33 << "[\r][\n]"
02:36:21.458 [Test worker] DEBUG org.apache.http.wire - http-outgoing-33 << "[{"Name":"none","Id":"4d89c194eb79cd2beb38458d10a1b98c74d6b8462af72afde29ae7aca53ed5ca","Scope":"local","Driver":"null","EnableIPv6":false,"IPAM":{"Driver":"default","Options":null,"Config":[]},"Internal":false,"Containers":{},"Options":{},"Labels":{}},{"Name":"bridge","Id":"e0d36057aa1769e9fd52ba88be81b698b495f9b6b4946d0f98f24d971a27fc98","Scope":"local","Driver":"bridge","EnableIPv6":false,"IPAM":{"Driver":"default","Options":null,"Config":[{"Subnet":"172.17.0.0/16","Gateway":"172.17.0.1"}]},"Internal":false,"Containers":{},"Options":{"com.docker.network.bridge.default_bridge":"true","com.docker.network.bridge.enable_icc":"true","com.docker.network.bridge.enable_ip_masquerade":"true","com.docker.network.bridge.host_binding_ipv4":"0.0.0.0","com.docker.network.bridge.name":"docker0","com.docker.network.driver.mtu":"1500"},"Labels":{}},{"Name":"host","Id":"fe042b0866671b5be4f097ba43830c0a02959c058702d18e18c14a24d88a357d","Scope":"local","Driver":"host","EnableIPv6":false,"IPAM":{"Driver":"default","Options":null,"Config":[]},"Internal":false,"Containers":{},"Options":{},"Labels":{}}][\n]"
02:36:21.459 [Test worker] DEBUG org.apache.http.headers - http-outgoing-33 << HTTP/1.1 200 OK
02:36:21.459 [Test worker] DEBUG org.apache.http.headers - http-outgoing-33 << Content-Type: application/json
02:36:21.459 [Test worker] DEBUG org.apache.http.headers - http-outgoing-33 << Server: Docker/1.12.3 (linux)
02:36:21.459 [Test worker] DEBUG org.apache.http.headers - http-outgoing-33 << Date: Tue, 03 Jan 2017 01:36:21 GMT
02:36:21.459 [Test worker] DEBUG org.apache.http.headers - http-outgoing-33 << Content-Length: 1100
02:36:21.459 [Test worker] DEBUG o.a.h.impl.execchain.MainClientExec - Connection can be kept alive indefinitely
02:36:21.460 [Test worker] DEBUG c.g.d.j.JerseyDockerCmdExecFactory - 26 * Client response received on thread Test worker
26 < 200
26 < Content-Length: 1100
26 < Content-Type: application/json
26 < Date: Tue, 03 Jan 2017 01:36:21 GMT
26 < Server: Docker/1.12.3 (linux)
[{"Name":"none","Id":"4d89c194eb79cd2beb38458d10a1b98c74d6b8462af72afde29ae7aca53ed5ca","Scope":"local","Driver":"null","EnableIPv6":false,"IPAM":{"Driver":"default","Options":null,"Config":[]},"Internal":false,"Containers":{},"Options":{},"Labels":{}},{"Name":"bridge","Id":"e0d36057aa1769e9fd52ba88be81b698b495f9b6b4946d0f98f24d971a27fc98","Scope":"local","Driver":"bridge","EnableIPv6":false,"IPAM":{"Driver":"default","Options":null,"Config":[{"Subnet":"172.17.0.0/16","Gateway":"172.17.0.1"}]},"Internal":false,"Containers":{},"Options":{"com.docker.network.bridge.default_bridge":"true","com.docker.network.bridge.enable_icc":"true","com.docker.network.bridge.enable_ip_masquerade":"true","com.docker.network.bridge.host_binding_ipv4":"0.0.0.0","com.docker.network.bridge.name":"docker0","com.docker.network.driver.mtu":"1500"},"Labels":{}},{"Name":"host","Id":"fe042b0866671b5be4f097ba43830c0a02959c058702d18e18c14a24d88a357d","Scope":"local","Driver":"host","EnableIPv6":false,"IPAM":{"Driver":"default","Options":null,"Config":[]},"Internal":false,"Containers":{},"Options":{},"Labels":{}}]


02:36:21.462 [Test worker] DEBUG o.a.h.i.c.DefaultManagedHttpClientConnection - http-outgoing-33: Close connection
02:36:21.462 [Test worker] DEBUG o.a.h.impl.execchain.MainClientExec - Connection discarded
02:36:21.462 [Test worker] DEBUG c.g.d.j.JerseyDockerCmdExecFactory$1 - Connection released: [id: 33][route: {s}->https://Thesis:2376][total kept alive: 1; route allocated: 1 of 2; total allocated: 1 of 20]
02:36:21.462 [Test worker] DEBUG c.g.d.core.command.AbstrDockerCmd - Cmd: com.github.dockerjava.core.util.FiltersBuilder@0,com.github.dockerjava.jaxrs.ListVolumesCmdExec@345c0675
02:36:21.463 [Test worker] DEBUG c.g.d.j.JerseyDockerCmdExecFactory - 27 * Sending client request on thread Test worker
27 > GET https://Thesis:2376/volumes
27 > Accept: application/json

02:36:21.464 [Test worker] DEBUG o.a.h.c.protocol.RequestAddCookies - CookieSpec selected: default
02:36:21.464 [Test worker] DEBUG o.a.h.c.protocol.RequestAuthCache - Auth cache not set in the context
02:36:21.464 [Test worker] DEBUG c.g.d.j.JerseyDockerCmdExecFactory$1 - Connection request: [route: {s}->https://Thesis:2376][total kept alive: 1; route allocated: 1 of 2; total allocated: 1 of 20]
02:36:21.465 [Test worker] DEBUG c.g.d.j.JerseyDockerCmdExecFactory$1 - Connection leased: [id: 34][route: {s}->https://Thesis:2376][total kept alive: 1; route allocated: 2 of 2; total allocated: 2 of 20]
02:36:21.465 [Test worker] DEBUG o.a.h.impl.execchain.MainClientExec - Opening connection {s}->https://Thesis:2376
02:36:21.465 [Test worker] DEBUG o.a.h.i.c.DefaultHttpClientConnectionOperator - Connecting to Thesis/127.0.1.1:2376
02:36:21.465 [Test worker] DEBUG o.a.h.c.s.SSLConnectionSocketFactory - Connecting socket to Thesis/127.0.1.1:2376 with timeout 0
02:36:21.466 [Test worker] DEBUG o.a.h.c.s.SSLConnectionSocketFactory - Enabled protocols: [TLSv1]
02:36:21.466 [Test worker] DEBUG o.a.h.c.s.SSLConnectionSocketFactory - Enabled cipher suites:[TLS_ECDHE_ECDSA_WITH_AES_128_CBC_SHA, TLS_ECDHE_RSA_WITH_AES_128_CBC_SHA, TLS_RSA_WITH_AES_128_CBC_SHA, TLS_ECDH_ECDSA_WITH_AES_128_CBC_SHA, TLS_ECDH_RSA_WITH_AES_128_CBC_SHA, TLS_DHE_RSA_WITH_AES_128_CBC_SHA, TLS_DHE_DSS_WITH_AES_128_CBC_SHA, TLS_ECDHE_ECDSA_WITH_3DES_EDE_CBC_SHA, TLS_ECDHE_RSA_WITH_3DES_EDE_CBC_SHA, SSL_RSA_WITH_3DES_EDE_CBC_SHA, TLS_ECDH_ECDSA_WITH_3DES_EDE_CBC_SHA, TLS_ECDH_RSA_WITH_3DES_EDE_CBC_SHA, SSL_DHE_RSA_WITH_3DES_EDE_CBC_SHA, SSL_DHE_DSS_WITH_3DES_EDE_CBC_SHA, TLS_ECDHE_ECDSA_WITH_RC4_128_SHA, TLS_ECDHE_RSA_WITH_RC4_128_SHA, SSL_RSA_WITH_RC4_128_SHA, TLS_ECDH_ECDSA_WITH_RC4_128_SHA, TLS_ECDH_RSA_WITH_RC4_128_SHA, SSL_RSA_WITH_RC4_128_MD5, TLS_EMPTY_RENEGOTIATION_INFO_SCSV]
02:36:21.466 [Test worker] DEBUG o.a.h.c.s.SSLConnectionSocketFactory - Starting handshake
02:36:21.531 [Test worker] DEBUG o.a.h.c.s.SSLConnectionSocketFactory - Secure session established
02:36:21.532 [Test worker] DEBUG o.a.h.c.s.SSLConnectionSocketFactory -  negotiated protocol: TLSv1
02:36:21.532 [Test worker] DEBUG o.a.h.c.s.SSLConnectionSocketFactory -  negotiated cipher suite: TLS_ECDHE_RSA_WITH_AES_128_CBC_SHA
02:36:21.532 [Test worker] DEBUG o.a.h.c.s.SSLConnectionSocketFactory -  peer principal: CN=Thesis
02:36:21.532 [Test worker] DEBUG o.a.h.c.s.SSLConnectionSocketFactory -  issuer principal: EMAILADDRESS=sha@yamil.com, CN=Thesis, OU=Open, O=Fra, L=BER, ST=BER, C=DE
02:36:21.532 [Test worker] DEBUG o.a.h.i.c.DefaultHttpClientConnectionOperator - Connection established 127.0.0.1:41368<->127.0.1.1:2376
02:36:21.533 [Test worker] DEBUG o.a.h.impl.execchain.MainClientExec - Executing request GET /volumes HTTP/1.1
02:36:21.533 [Test worker] DEBUG o.a.h.impl.execchain.MainClientExec - Target auth state: UNCHALLENGED
02:36:21.533 [Test worker] DEBUG o.a.h.impl.execchain.MainClientExec - Proxy auth state: UNCHALLENGED
02:36:21.533 [Test worker] DEBUG org.apache.http.headers - http-outgoing-34 >> GET /volumes HTTP/1.1
02:36:21.533 [Test worker] DEBUG org.apache.http.headers - http-outgoing-34 >> Accept: application/json
02:36:21.534 [Test worker] DEBUG org.apache.http.headers - http-outgoing-34 >> User-Agent: Jersey/2.23.1 (Apache HttpClient 4.5.1)
02:36:21.534 [Test worker] DEBUG org.apache.http.headers - http-outgoing-34 >> Host: Thesis:2376
02:36:21.534 [Test worker] DEBUG org.apache.http.headers - http-outgoing-34 >> Connection: Keep-Alive
02:36:21.534 [Test worker] DEBUG org.apache.http.headers - http-outgoing-34 >> Accept-Encoding: gzip,deflate
02:36:21.534 [Test worker] DEBUG org.apache.http.wire - http-outgoing-34 >> "GET /volumes HTTP/1.1[\r][\n]"
02:36:21.534 [Test worker] DEBUG org.apache.http.wire - http-outgoing-34 >> "Accept: application/json[\r][\n]"
02:36:21.535 [Test worker] DEBUG org.apache.http.wire - http-outgoing-34 >> "User-Agent: Jersey/2.23.1 (Apache HttpClient 4.5.1)[\r][\n]"
02:36:21.535 [Test worker] DEBUG org.apache.http.wire - http-outgoing-34 >> "Host: Thesis:2376[\r][\n]"
02:36:21.535 [Test worker] DEBUG org.apache.http.wire - http-outgoing-34 >> "Connection: Keep-Alive[\r][\n]"
02:36:21.535 [Test worker] DEBUG org.apache.http.wire - http-outgoing-34 >> "Accept-Encoding: gzip,deflate[\r][\n]"
02:36:21.535 [Test worker] DEBUG org.apache.http.wire - http-outgoing-34 >> "[\r][\n]"
02:36:21.536 [Test worker] DEBUG org.apache.http.wire - http-outgoing-34 << "H"
02:36:21.536 [Test worker] DEBUG org.apache.http.wire - http-outgoing-34 << "TTP/1.1 200 OK[\r][\n]"
02:36:21.536 [Test worker] DEBUG org.apache.http.wire - http-outgoing-34 << "Content-Type: application/json[\r][\n]"
02:36:21.536 [Test worker] DEBUG org.apache.http.wire - http-outgoing-34 << "Server: Docker/1.12.3 (linux)[\r][\n]"
02:36:21.536 [Test worker] DEBUG org.apache.http.wire - http-outgoing-34 << "Date: Tue, 03 Jan 2017 01:36:21 GMT[\r][\n]"
02:36:21.536 [Test worker] DEBUG org.apache.http.wire - http-outgoing-34 << "Content-Length: 33[\r][\n]"
02:36:21.537 [Test worker] DEBUG org.apache.http.wire - http-outgoing-34 << "[\r][\n]"
02:36:21.537 [Test worker] DEBUG org.apache.http.wire - http-outgoing-34 << "{"Volumes":null,"Warnings":null}[\n]"
02:36:21.537 [Test worker] DEBUG org.apache.http.headers - http-outgoing-34 << HTTP/1.1 200 OK
02:36:21.537 [Test worker] DEBUG org.apache.http.headers - http-outgoing-34 << Content-Type: application/json
02:36:21.537 [Test worker] DEBUG org.apache.http.headers - http-outgoing-34 << Server: Docker/1.12.3 (linux)
02:36:21.537 [Test worker] DEBUG org.apache.http.headers - http-outgoing-34 << Date: Tue, 03 Jan 2017 01:36:21 GMT
02:36:21.538 [Test worker] DEBUG org.apache.http.headers - http-outgoing-34 << Content-Length: 33
02:36:21.538 [Test worker] DEBUG o.a.h.impl.execchain.MainClientExec - Connection can be kept alive indefinitely
02:36:21.538 [Test worker] DEBUG c.g.d.j.JerseyDockerCmdExecFactory - 28 * Client response received on thread Test worker
28 < 200
28 < Content-Length: 33
28 < Content-Type: application/json
28 < Date: Tue, 03 Jan 2017 01:36:21 GMT
28 < Server: Docker/1.12.3 (linux)
{"Volumes":null,"Warnings":null}


02:36:21.540 [Test worker] DEBUG o.a.h.i.c.DefaultManagedHttpClientConnection - http-outgoing-34: Close connection
02:36:21.540 [Test worker] DEBUG o.a.h.impl.execchain.MainClientExec - Connection discarded
02:36:21.540 [Test worker] DEBUG c.g.d.j.JerseyDockerCmdExecFactory$1 - Connection released: [id: 34][route: {s}->https://Thesis:2376][total kept alive: 1; route allocated: 1 of 2; total allocated: 1 of 20]
02:36:21.541 [Test worker] DEBUG org.openbaton.docker.DockerVim - Loading properties
02:36:21.541 [Test worker] DEBUG org.openbaton.docker.DockerVim - Loaded properties: {vim.instance.auth.url=tcp://Thesis:2376, docker.cert.path=/home/sakib/.docker, type=docker, tls.verify=true}
02:36:21.555 [Test worker] DEBUG c.g.d.core.command.AbstrDockerCmd - Cmd: -1,<null>,true,<null>,<null>,com.github.dockerjava.core.util.FiltersBuilder@0,com.github.dockerjava.jaxrs.ListContainersCmdExec@43999ca0
02:36:21.580 [Test worker] DEBUG c.g.d.j.JerseyDockerCmdExecFactory - 1 * Sending client request on thread Test worker
1 > GET https://Thesis:2376/containers/json?all=true
1 > Accept: application/json

02:36:21.581 [Test worker] DEBUG o.a.h.c.protocol.RequestAddCookies - CookieSpec selected: default
02:36:21.581 [Test worker] DEBUG o.a.h.c.protocol.RequestAuthCache - Auth cache not set in the context
02:36:21.582 [Test worker] DEBUG c.g.d.j.JerseyDockerCmdExecFactory$1 - Connection request: [route: {s}->https://Thesis:2376][total kept alive: 0; route allocated: 0 of 2; total allocated: 0 of 20]
02:36:21.582 [Test worker] DEBUG c.g.d.j.JerseyDockerCmdExecFactory$1 - Connection leased: [id: 35][route: {s}->https://Thesis:2376][total kept alive: 0; route allocated: 1 of 2; total allocated: 1 of 20]
02:36:21.582 [Test worker] DEBUG o.a.h.impl.execchain.MainClientExec - Opening connection {s}->https://Thesis:2376
02:36:21.582 [Test worker] DEBUG o.a.h.i.c.DefaultHttpClientConnectionOperator - Connecting to Thesis/127.0.1.1:2376
02:36:21.582 [Test worker] DEBUG o.a.h.c.s.SSLConnectionSocketFactory - Connecting socket to Thesis/127.0.1.1:2376 with timeout 0
02:36:21.583 [Test worker] DEBUG o.a.h.c.s.SSLConnectionSocketFactory - Enabled protocols: [TLSv1]
02:36:21.584 [Test worker] DEBUG o.a.h.c.s.SSLConnectionSocketFactory - Enabled cipher suites:[TLS_ECDHE_ECDSA_WITH_AES_128_CBC_SHA, TLS_ECDHE_RSA_WITH_AES_128_CBC_SHA, TLS_RSA_WITH_AES_128_CBC_SHA, TLS_ECDH_ECDSA_WITH_AES_128_CBC_SHA, TLS_ECDH_RSA_WITH_AES_128_CBC_SHA, TLS_DHE_RSA_WITH_AES_128_CBC_SHA, TLS_DHE_DSS_WITH_AES_128_CBC_SHA, TLS_ECDHE_ECDSA_WITH_3DES_EDE_CBC_SHA, TLS_ECDHE_RSA_WITH_3DES_EDE_CBC_SHA, SSL_RSA_WITH_3DES_EDE_CBC_SHA, TLS_ECDH_ECDSA_WITH_3DES_EDE_CBC_SHA, TLS_ECDH_RSA_WITH_3DES_EDE_CBC_SHA, SSL_DHE_RSA_WITH_3DES_EDE_CBC_SHA, SSL_DHE_DSS_WITH_3DES_EDE_CBC_SHA, TLS_ECDHE_ECDSA_WITH_RC4_128_SHA, TLS_ECDHE_RSA_WITH_RC4_128_SHA, SSL_RSA_WITH_RC4_128_SHA, TLS_ECDH_ECDSA_WITH_RC4_128_SHA, TLS_ECDH_RSA_WITH_RC4_128_SHA, SSL_RSA_WITH_RC4_128_MD5, TLS_EMPTY_RENEGOTIATION_INFO_SCSV]
02:36:21.584 [Test worker] DEBUG o.a.h.c.s.SSLConnectionSocketFactory - Starting handshake
02:36:21.646 [Test worker] DEBUG o.a.h.c.s.SSLConnectionSocketFactory - Secure session established
02:36:21.647 [Test worker] DEBUG o.a.h.c.s.SSLConnectionSocketFactory -  negotiated protocol: TLSv1
02:36:21.647 [Test worker] DEBUG o.a.h.c.s.SSLConnectionSocketFactory -  negotiated cipher suite: TLS_ECDHE_RSA_WITH_AES_128_CBC_SHA
02:36:21.647 [Test worker] DEBUG o.a.h.c.s.SSLConnectionSocketFactory -  peer principal: CN=Thesis
02:36:21.647 [Test worker] DEBUG o.a.h.c.s.SSLConnectionSocketFactory -  issuer principal: EMAILADDRESS=sha@yamil.com, CN=Thesis, OU=Open, O=Fra, L=BER, ST=BER, C=DE
02:36:21.647 [Test worker] DEBUG o.a.h.i.c.DefaultHttpClientConnectionOperator - Connection established 127.0.0.1:41370<->127.0.1.1:2376
02:36:21.648 [Test worker] DEBUG o.a.h.impl.execchain.MainClientExec - Executing request GET /containers/json?all=true HTTP/1.1
02:36:21.648 [Test worker] DEBUG o.a.h.impl.execchain.MainClientExec - Target auth state: UNCHALLENGED
02:36:21.648 [Test worker] DEBUG o.a.h.impl.execchain.MainClientExec - Proxy auth state: UNCHALLENGED
02:36:21.648 [Test worker] DEBUG org.apache.http.headers - http-outgoing-35 >> GET /containers/json?all=true HTTP/1.1
02:36:21.648 [Test worker] DEBUG org.apache.http.headers - http-outgoing-35 >> Accept: application/json
02:36:21.649 [Test worker] DEBUG org.apache.http.headers - http-outgoing-35 >> User-Agent: Jersey/2.23.1 (Apache HttpClient 4.5.1)
02:36:21.649 [Test worker] DEBUG org.apache.http.headers - http-outgoing-35 >> Host: Thesis:2376
02:36:21.649 [Test worker] DEBUG org.apache.http.headers - http-outgoing-35 >> Connection: Keep-Alive
02:36:21.649 [Test worker] DEBUG org.apache.http.headers - http-outgoing-35 >> Accept-Encoding: gzip,deflate
02:36:21.649 [Test worker] DEBUG org.apache.http.wire - http-outgoing-35 >> "GET /containers/json?all=true HTTP/1.1[\r][\n]"
02:36:21.649 [Test worker] DEBUG org.apache.http.wire - http-outgoing-35 >> "Accept: application/json[\r][\n]"
02:36:21.650 [Test worker] DEBUG org.apache.http.wire - http-outgoing-35 >> "User-Agent: Jersey/2.23.1 (Apache HttpClient 4.5.1)[\r][\n]"
02:36:21.650 [Test worker] DEBUG org.apache.http.wire - http-outgoing-35 >> "Host: Thesis:2376[\r][\n]"
02:36:21.650 [Test worker] DEBUG org.apache.http.wire - http-outgoing-35 >> "Connection: Keep-Alive[\r][\n]"
02:36:21.650 [Test worker] DEBUG org.apache.http.wire - http-outgoing-35 >> "Accept-Encoding: gzip,deflate[\r][\n]"
02:36:21.650 [Test worker] DEBUG org.apache.http.wire - http-outgoing-35 >> "[\r][\n]"
02:36:21.650 [Test worker] DEBUG org.apache.http.wire - http-outgoing-35 << "H"
02:36:21.651 [Test worker] DEBUG org.apache.http.wire - http-outgoing-35 << "TTP/1.1 200 OK[\r][\n]"
02:36:21.651 [Test worker] DEBUG org.apache.http.wire - http-outgoing-35 << "Content-Type: application/json[\r][\n]"
02:36:21.651 [Test worker] DEBUG org.apache.http.wire - http-outgoing-35 << "Server: Docker/1.12.3 (linux)[\r][\n]"
02:36:21.651 [Test worker] DEBUG org.apache.http.wire - http-outgoing-35 << "Date: Tue, 03 Jan 2017 01:36:21 GMT[\r][\n]"
02:36:21.651 [Test worker] DEBUG org.apache.http.wire - http-outgoing-35 << "Content-Length: 3[\r][\n]"
02:36:21.651 [Test worker] DEBUG org.apache.http.wire - http-outgoing-35 << "[\r][\n]"
02:36:21.652 [Test worker] DEBUG org.apache.http.wire - http-outgoing-35 << "[][\n]"
02:36:21.652 [Test worker] DEBUG org.apache.http.headers - http-outgoing-35 << HTTP/1.1 200 OK
02:36:21.652 [Test worker] DEBUG org.apache.http.headers - http-outgoing-35 << Content-Type: application/json
02:36:21.652 [Test worker] DEBUG org.apache.http.headers - http-outgoing-35 << Server: Docker/1.12.3 (linux)
02:36:21.652 [Test worker] DEBUG org.apache.http.headers - http-outgoing-35 << Date: Tue, 03 Jan 2017 01:36:21 GMT
02:36:21.652 [Test worker] DEBUG org.apache.http.headers - http-outgoing-35 << Content-Length: 3
02:36:21.653 [Test worker] DEBUG o.a.h.impl.execchain.MainClientExec - Connection can be kept alive indefinitely
02:36:21.655 [Test worker] DEBUG c.g.d.j.JerseyDockerCmdExecFactory - 2 * Client response received on thread Test worker
2 < 200
2 < Content-Length: 3
2 < Content-Type: application/json
2 < Date: Tue, 03 Jan 2017 01:36:21 GMT
2 < Server: Docker/1.12.3 (linux)
[]


02:36:21.657 [Test worker] DEBUG c.g.d.j.JerseyDockerCmdExecFactory$1 - Connection [id: 35][route: {s}->https://Thesis:2376][state: CN=Thesis] can be kept alive indefinitely
02:36:21.657 [Test worker] DEBUG c.g.d.j.JerseyDockerCmdExecFactory$1 - Connection released: [id: 35][route: {s}->https://Thesis:2376][state: CN=Thesis][total kept alive: 1; route allocated: 1 of 2; total allocated: 1 of 20]
02:36:21.665 [Test worker] DEBUG c.g.d.core.command.AbstrDockerCmd - Cmd: com.github.dockerjava.core.util.FiltersBuilder@0,com.github.dockerjava.jaxrs.ListNetworksCmdExec@273aa934
02:36:21.665 [Test worker] DEBUG c.g.d.j.JerseyDockerCmdExecFactory - 3 * Sending client request on thread Test worker
3 > GET https://Thesis:2376/networks
3 > Accept: application/json

02:36:21.666 [Test worker] DEBUG o.a.h.c.protocol.RequestAddCookies - CookieSpec selected: default
02:36:21.666 [Test worker] DEBUG o.a.h.c.protocol.RequestAuthCache - Auth cache not set in the context
02:36:21.667 [Test worker] DEBUG c.g.d.j.JerseyDockerCmdExecFactory$1 - Connection request: [route: {s}->https://Thesis:2376][total kept alive: 1; route allocated: 1 of 2; total allocated: 1 of 20]
02:36:21.667 [Test worker] DEBUG c.g.d.j.JerseyDockerCmdExecFactory$1 - Connection leased: [id: 36][route: {s}->https://Thesis:2376][total kept alive: 1; route allocated: 2 of 2; total allocated: 2 of 20]
02:36:21.667 [Test worker] DEBUG o.a.h.impl.execchain.MainClientExec - Opening connection {s}->https://Thesis:2376
02:36:21.667 [Test worker] DEBUG o.a.h.i.c.DefaultHttpClientConnectionOperator - Connecting to Thesis/127.0.1.1:2376
02:36:21.667 [Test worker] DEBUG o.a.h.c.s.SSLConnectionSocketFactory - Connecting socket to Thesis/127.0.1.1:2376 with timeout 0
02:36:21.668 [Test worker] DEBUG o.a.h.c.s.SSLConnectionSocketFactory - Enabled protocols: [TLSv1]
02:36:21.668 [Test worker] DEBUG o.a.h.c.s.SSLConnectionSocketFactory - Enabled cipher suites:[TLS_ECDHE_ECDSA_WITH_AES_128_CBC_SHA, TLS_ECDHE_RSA_WITH_AES_128_CBC_SHA, TLS_RSA_WITH_AES_128_CBC_SHA, TLS_ECDH_ECDSA_WITH_AES_128_CBC_SHA, TLS_ECDH_RSA_WITH_AES_128_CBC_SHA, TLS_DHE_RSA_WITH_AES_128_CBC_SHA, TLS_DHE_DSS_WITH_AES_128_CBC_SHA, TLS_ECDHE_ECDSA_WITH_3DES_EDE_CBC_SHA, TLS_ECDHE_RSA_WITH_3DES_EDE_CBC_SHA, SSL_RSA_WITH_3DES_EDE_CBC_SHA, TLS_ECDH_ECDSA_WITH_3DES_EDE_CBC_SHA, TLS_ECDH_RSA_WITH_3DES_EDE_CBC_SHA, SSL_DHE_RSA_WITH_3DES_EDE_CBC_SHA, SSL_DHE_DSS_WITH_3DES_EDE_CBC_SHA, TLS_ECDHE_ECDSA_WITH_RC4_128_SHA, TLS_ECDHE_RSA_WITH_RC4_128_SHA, SSL_RSA_WITH_RC4_128_SHA, TLS_ECDH_ECDSA_WITH_RC4_128_SHA, TLS_ECDH_RSA_WITH_RC4_128_SHA, SSL_RSA_WITH_RC4_128_MD5, TLS_EMPTY_RENEGOTIATION_INFO_SCSV]
02:36:21.669 [Test worker] DEBUG o.a.h.c.s.SSLConnectionSocketFactory - Starting handshake
02:36:21.746 [Test worker] DEBUG o.a.h.c.s.SSLConnectionSocketFactory - Secure session established
02:36:21.746 [Test worker] DEBUG o.a.h.c.s.SSLConnectionSocketFactory -  negotiated protocol: TLSv1
02:36:21.746 [Test worker] DEBUG o.a.h.c.s.SSLConnectionSocketFactory -  negotiated cipher suite: TLS_ECDHE_RSA_WITH_AES_128_CBC_SHA
02:36:21.746 [Test worker] DEBUG o.a.h.c.s.SSLConnectionSocketFactory -  peer principal: CN=Thesis
02:36:21.747 [Test worker] DEBUG o.a.h.c.s.SSLConnectionSocketFactory -  issuer principal: EMAILADDRESS=sha@yamil.com, CN=Thesis, OU=Open, O=Fra, L=BER, ST=BER, C=DE
02:36:21.747 [Test worker] DEBUG o.a.h.i.c.DefaultHttpClientConnectionOperator - Connection established 127.0.0.1:41372<->127.0.1.1:2376
02:36:21.747 [Test worker] DEBUG o.a.h.impl.execchain.MainClientExec - Executing request GET /networks HTTP/1.1
02:36:21.747 [Test worker] DEBUG o.a.h.impl.execchain.MainClientExec - Target auth state: UNCHALLENGED
02:36:21.747 [Test worker] DEBUG o.a.h.impl.execchain.MainClientExec - Proxy auth state: UNCHALLENGED
02:36:21.748 [Test worker] DEBUG org.apache.http.headers - http-outgoing-36 >> GET /networks HTTP/1.1
02:36:21.748 [Test worker] DEBUG org.apache.http.headers - http-outgoing-36 >> Accept: application/json
02:36:21.748 [Test worker] DEBUG org.apache.http.headers - http-outgoing-36 >> User-Agent: Jersey/2.23.1 (Apache HttpClient 4.5.1)
02:36:21.748 [Test worker] DEBUG org.apache.http.headers - http-outgoing-36 >> Host: Thesis:2376
02:36:21.748 [Test worker] DEBUG org.apache.http.headers - http-outgoing-36 >> Connection: Keep-Alive
02:36:21.748 [Test worker] DEBUG org.apache.http.headers - http-outgoing-36 >> Accept-Encoding: gzip,deflate
02:36:21.748 [Test worker] DEBUG org.apache.http.wire - http-outgoing-36 >> "GET /networks HTTP/1.1[\r][\n]"
02:36:21.749 [Test worker] DEBUG org.apache.http.wire - http-outgoing-36 >> "Accept: application/json[\r][\n]"
02:36:21.749 [Test worker] DEBUG org.apache.http.wire - http-outgoing-36 >> "User-Agent: Jersey/2.23.1 (Apache HttpClient 4.5.1)[\r][\n]"
02:36:21.749 [Test worker] DEBUG org.apache.http.wire - http-outgoing-36 >> "Host: Thesis:2376[\r][\n]"
02:36:21.749 [Test worker] DEBUG org.apache.http.wire - http-outgoing-36 >> "Connection: Keep-Alive[\r][\n]"
02:36:21.749 [Test worker] DEBUG org.apache.http.wire - http-outgoing-36 >> "Accept-Encoding: gzip,deflate[\r][\n]"
02:36:21.749 [Test worker] DEBUG org.apache.http.wire - http-outgoing-36 >> "[\r][\n]"
02:36:21.750 [Test worker] DEBUG org.apache.http.wire - http-outgoing-36 << "H"
02:36:21.750 [Test worker] DEBUG org.apache.http.wire - http-outgoing-36 << "TTP/1.1 200 OK[\r][\n]"
02:36:21.750 [Test worker] DEBUG org.apache.http.wire - http-outgoing-36 << "Content-Type: application/json[\r][\n]"
02:36:21.750 [Test worker] DEBUG org.apache.http.wire - http-outgoing-36 << "Server: Docker/1.12.3 (linux)[\r][\n]"
02:36:21.751 [Test worker] DEBUG org.apache.http.wire - http-outgoing-36 << "Date: Tue, 03 Jan 2017 01:36:21 GMT[\r][\n]"
02:36:21.751 [Test worker] DEBUG org.apache.http.wire - http-outgoing-36 << "Content-Length: 1100[\r][\n]"
02:36:21.751 [Test worker] DEBUG org.apache.http.wire - http-outgoing-36 << "[\r][\n]"
02:36:21.751 [Test worker] DEBUG org.apache.http.wire - http-outgoing-36 << "[{"Name":"host","Id":"fe042b0866671b5be4f097ba43830c0a02959c058702d18e18c14a24d88a357d","Scope":"local","Driver":"host","EnableIPv6":false,"IPAM":{"Driver":"default","Options":null,"Config":[]},"Internal":false,"Containers":{},"Options":{},"Labels":{}},{"Name":"none","Id":"4d89c194eb79cd2beb38458d10a1b98c74d6b8462af72afde29ae7aca53ed5ca","Scope":"local","Driver":"null","EnableIPv6":false,"IPAM":{"Driver":"default","Options":null,"Config":[]},"Internal":false,"Containers":{},"Options":{},"Labels":{}},{"Name":"bridge","Id":"e0d36057aa1769e9fd52ba88be81b698b495f9b6b4946d0f98f24d971a27fc98","Scope":"local","Driver":"bridge","EnableIPv6":false,"IPAM":{"Driver":"default","Options":null,"Config":[{"Subnet":"172.17.0.0/16","Gateway":"172.17.0.1"}]},"Internal":false,"Containers":{},"Options":{"com.docker.network.bridge.default_bridge":"true","com.docker.network.bridge.enable_icc":"true","com.docker.network.bridge.enable_ip_masquerade":"true","com.docker.network.bridge.host_binding_ipv4":"0.0.0.0","com.docker.network.bridge.name":"docker0","com.docker.network.driver.mtu":"1500"},"Labels":{}}][\n]"
02:36:21.751 [Test worker] DEBUG org.apache.http.headers - http-outgoing-36 << HTTP/1.1 200 OK
02:36:21.751 [Test worker] DEBUG org.apache.http.headers - http-outgoing-36 << Content-Type: application/json
02:36:21.752 [Test worker] DEBUG org.apache.http.headers - http-outgoing-36 << Server: Docker/1.12.3 (linux)
02:36:21.752 [Test worker] DEBUG org.apache.http.headers - http-outgoing-36 << Date: Tue, 03 Jan 2017 01:36:21 GMT
02:36:21.752 [Test worker] DEBUG org.apache.http.headers - http-outgoing-36 << Content-Length: 1100
02:36:21.752 [Test worker] DEBUG o.a.h.impl.execchain.MainClientExec - Connection can be kept alive indefinitely
02:36:21.752 [Test worker] DEBUG c.g.d.j.JerseyDockerCmdExecFactory - 4 * Client response received on thread Test worker
4 < 200
4 < Content-Length: 1100
4 < Content-Type: application/json
4 < Date: Tue, 03 Jan 2017 01:36:21 GMT
4 < Server: Docker/1.12.3 (linux)
[{"Name":"host","Id":"fe042b0866671b5be4f097ba43830c0a02959c058702d18e18c14a24d88a357d","Scope":"local","Driver":"host","EnableIPv6":false,"IPAM":{"Driver":"default","Options":null,"Config":[]},"Internal":false,"Containers":{},"Options":{},"Labels":{}},{"Name":"none","Id":"4d89c194eb79cd2beb38458d10a1b98c74d6b8462af72afde29ae7aca53ed5ca","Scope":"local","Driver":"null","EnableIPv6":false,"IPAM":{"Driver":"default","Options":null,"Config":[]},"Internal":false,"Containers":{},"Options":{},"Labels":{}},{"Name":"bridge","Id":"e0d36057aa1769e9fd52ba88be81b698b495f9b6b4946d0f98f24d971a27fc98","Scope":"local","Driver":"bridge","EnableIPv6":false,"IPAM":{"Driver":"default","Options":null,"Config":[{"Subnet":"172.17.0.0/16","Gateway":"172.17.0.1"}]},"Internal":false,"Containers":{},"Options":{"com.docker.network.bridge.default_bridge":"true","com.docker.network.bridge.enable_icc":"true","com.docker.network.bridge.enable_ip_masquerade":"true","com.docker.network.bridge.host_binding_ipv4":"0.0.0.0","com.docker.network.bridge.name":"docker0","com.docker.network.driver.mtu":"1500"},"Labels":{}}]


02:36:21.757 [Test worker] DEBUG o.a.h.i.c.DefaultManagedHttpClientConnection - http-outgoing-36: Close connection
02:36:21.758 [Test worker] DEBUG o.a.h.impl.execchain.MainClientExec - Connection discarded
02:36:21.758 [Test worker] DEBUG c.g.d.j.JerseyDockerCmdExecFactory$1 - Connection released: [id: 36][route: {s}->https://Thesis:2376][total kept alive: 1; route allocated: 1 of 2; total allocated: 1 of 20]
02:36:21.758 [Test worker] DEBUG c.g.d.core.command.AbstrDockerCmd - Cmd: com.github.dockerjava.core.util.FiltersBuilder@0,com.github.dockerjava.jaxrs.ListVolumesCmdExec@6f300f3d
02:36:21.759 [Test worker] DEBUG c.g.d.j.JerseyDockerCmdExecFactory - 5 * Sending client request on thread Test worker
5 > GET https://Thesis:2376/volumes
5 > Accept: application/json

02:36:21.759 [Test worker] DEBUG o.a.h.c.protocol.RequestAddCookies - CookieSpec selected: default
02:36:21.760 [Test worker] DEBUG o.a.h.c.protocol.RequestAuthCache - Auth cache not set in the context
02:36:21.760 [Test worker] DEBUG c.g.d.j.JerseyDockerCmdExecFactory$1 - Connection request: [route: {s}->https://Thesis:2376][total kept alive: 1; route allocated: 1 of 2; total allocated: 1 of 20]
02:36:21.760 [Test worker] DEBUG c.g.d.j.JerseyDockerCmdExecFactory$1 - Connection leased: [id: 37][route: {s}->https://Thesis:2376][total kept alive: 1; route allocated: 2 of 2; total allocated: 2 of 20]
02:36:21.764 [Test worker] DEBUG o.a.h.impl.execchain.MainClientExec - Opening connection {s}->https://Thesis:2376
02:36:21.764 [Test worker] DEBUG o.a.h.i.c.DefaultHttpClientConnectionOperator - Connecting to Thesis/127.0.1.1:2376
02:36:21.764 [Test worker] DEBUG o.a.h.c.s.SSLConnectionSocketFactory - Connecting socket to Thesis/127.0.1.1:2376 with timeout 0
02:36:21.773 [Test worker] DEBUG o.a.h.c.s.SSLConnectionSocketFactory - Enabled protocols: [TLSv1]
02:36:21.774 [Test worker] DEBUG o.a.h.c.s.SSLConnectionSocketFactory - Enabled cipher suites:[TLS_ECDHE_ECDSA_WITH_AES_128_CBC_SHA, TLS_ECDHE_RSA_WITH_AES_128_CBC_SHA, TLS_RSA_WITH_AES_128_CBC_SHA, TLS_ECDH_ECDSA_WITH_AES_128_CBC_SHA, TLS_ECDH_RSA_WITH_AES_128_CBC_SHA, TLS_DHE_RSA_WITH_AES_128_CBC_SHA, TLS_DHE_DSS_WITH_AES_128_CBC_SHA, TLS_ECDHE_ECDSA_WITH_3DES_EDE_CBC_SHA, TLS_ECDHE_RSA_WITH_3DES_EDE_CBC_SHA, SSL_RSA_WITH_3DES_EDE_CBC_SHA, TLS_ECDH_ECDSA_WITH_3DES_EDE_CBC_SHA, TLS_ECDH_RSA_WITH_3DES_EDE_CBC_SHA, SSL_DHE_RSA_WITH_3DES_EDE_CBC_SHA, SSL_DHE_DSS_WITH_3DES_EDE_CBC_SHA, TLS_ECDHE_ECDSA_WITH_RC4_128_SHA, TLS_ECDHE_RSA_WITH_RC4_128_SHA, SSL_RSA_WITH_RC4_128_SHA, TLS_ECDH_ECDSA_WITH_RC4_128_SHA, TLS_ECDH_RSA_WITH_RC4_128_SHA, SSL_RSA_WITH_RC4_128_MD5, TLS_EMPTY_RENEGOTIATION_INFO_SCSV]
02:36:21.774 [Test worker] DEBUG o.a.h.c.s.SSLConnectionSocketFactory - Starting handshake
02:36:21.843 [Test worker] DEBUG o.a.h.c.s.SSLConnectionSocketFactory - Secure session established
02:36:21.844 [Test worker] DEBUG o.a.h.c.s.SSLConnectionSocketFactory -  negotiated protocol: TLSv1
02:36:21.844 [Test worker] DEBUG o.a.h.c.s.SSLConnectionSocketFactory -  negotiated cipher suite: TLS_ECDHE_RSA_WITH_AES_128_CBC_SHA
02:36:21.845 [Test worker] DEBUG o.a.h.c.s.SSLConnectionSocketFactory -  peer principal: CN=Thesis
02:36:21.845 [Test worker] DEBUG o.a.h.c.s.SSLConnectionSocketFactory -  issuer principal: EMAILADDRESS=sha@yamil.com, CN=Thesis, OU=Open, O=Fra, L=BER, ST=BER, C=DE
02:36:21.846 [Test worker] DEBUG o.a.h.i.c.DefaultHttpClientConnectionOperator - Connection established 127.0.0.1:41374<->127.0.1.1:2376
02:36:21.846 [Test worker] DEBUG o.a.h.impl.execchain.MainClientExec - Executing request GET /volumes HTTP/1.1
02:36:21.846 [Test worker] DEBUG o.a.h.impl.execchain.MainClientExec - Target auth state: UNCHALLENGED
02:36:21.846 [Test worker] DEBUG o.a.h.impl.execchain.MainClientExec - Proxy auth state: UNCHALLENGED
02:36:21.846 [Test worker] DEBUG org.apache.http.headers - http-outgoing-37 >> GET /volumes HTTP/1.1
02:36:21.846 [Test worker] DEBUG org.apache.http.headers - http-outgoing-37 >> Accept: application/json
02:36:21.847 [Test worker] DEBUG org.apache.http.headers - http-outgoing-37 >> User-Agent: Jersey/2.23.1 (Apache HttpClient 4.5.1)
02:36:21.847 [Test worker] DEBUG org.apache.http.headers - http-outgoing-37 >> Host: Thesis:2376
02:36:21.847 [Test worker] DEBUG org.apache.http.headers - http-outgoing-37 >> Connection: Keep-Alive
02:36:21.847 [Test worker] DEBUG org.apache.http.headers - http-outgoing-37 >> Accept-Encoding: gzip,deflate
02:36:21.847 [Test worker] DEBUG org.apache.http.wire - http-outgoing-37 >> "GET /volumes HTTP/1.1[\r][\n]"
02:36:21.847 [Test worker] DEBUG org.apache.http.wire - http-outgoing-37 >> "Accept: application/json[\r][\n]"
02:36:21.848 [Test worker] DEBUG org.apache.http.wire - http-outgoing-37 >> "User-Agent: Jersey/2.23.1 (Apache HttpClient 4.5.1)[\r][\n]"
02:36:21.848 [Test worker] DEBUG org.apache.http.wire - http-outgoing-37 >> "Host: Thesis:2376[\r][\n]"
02:36:21.848 [Test worker] DEBUG org.apache.http.wire - http-outgoing-37 >> "Connection: Keep-Alive[\r][\n]"
02:36:21.848 [Test worker] DEBUG org.apache.http.wire - http-outgoing-37 >> "Accept-Encoding: gzip,deflate[\r][\n]"
02:36:21.848 [Test worker] DEBUG org.apache.http.wire - http-outgoing-37 >> "[\r][\n]"
02:36:21.849 [Test worker] DEBUG org.apache.http.wire - http-outgoing-37 << "H"
02:36:21.849 [Test worker] DEBUG org.apache.http.wire - http-outgoing-37 << "TTP/1.1 200 OK[\r][\n]"
02:36:21.849 [Test worker] DEBUG org.apache.http.wire - http-outgoing-37 << "Content-Type: application/json[\r][\n]"
02:36:21.849 [Test worker] DEBUG org.apache.http.wire - http-outgoing-37 << "Server: Docker/1.12.3 (linux)[\r][\n]"
02:36:21.849 [Test worker] DEBUG org.apache.http.wire - http-outgoing-37 << "Date: Tue, 03 Jan 2017 01:36:21 GMT[\r][\n]"
02:36:21.849 [Test worker] DEBUG org.apache.http.wire - http-outgoing-37 << "Content-Length: 33[\r][\n]"
02:36:21.850 [Test worker] DEBUG org.apache.http.wire - http-outgoing-37 << "[\r][\n]"
02:36:21.850 [Test worker] DEBUG org.apache.http.wire - http-outgoing-37 << "{"Volumes":null,"Warnings":null}[\n]"
02:36:21.850 [Test worker] DEBUG org.apache.http.headers - http-outgoing-37 << HTTP/1.1 200 OK
02:36:21.850 [Test worker] DEBUG org.apache.http.headers - http-outgoing-37 << Content-Type: application/json
02:36:21.850 [Test worker] DEBUG org.apache.http.headers - http-outgoing-37 << Server: Docker/1.12.3 (linux)
02:36:21.850 [Test worker] DEBUG org.apache.http.headers - http-outgoing-37 << Date: Tue, 03 Jan 2017 01:36:21 GMT
02:36:21.851 [Test worker] DEBUG org.apache.http.headers - http-outgoing-37 << Content-Length: 33
02:36:21.851 [Test worker] DEBUG o.a.h.impl.execchain.MainClientExec - Connection can be kept alive indefinitely
02:36:21.851 [Test worker] DEBUG c.g.d.j.JerseyDockerCmdExecFactory - 6 * Client response received on thread Test worker
6 < 200
6 < Content-Length: 33
6 < Content-Type: application/json
6 < Date: Tue, 03 Jan 2017 01:36:21 GMT
6 < Server: Docker/1.12.3 (linux)
{"Volumes":null,"Warnings":null}


02:36:21.866 [Test worker] DEBUG o.a.h.i.c.DefaultManagedHttpClientConnection - http-outgoing-37: Close connection
02:36:21.866 [Test worker] DEBUG o.a.h.impl.execchain.MainClientExec - Connection discarded
02:36:21.866 [Test worker] DEBUG c.g.d.j.JerseyDockerCmdExecFactory$1 - Connection released: [id: 37][route: {s}->https://Thesis:2376][total kept alive: 1; route allocated: 1 of 2; total allocated: 1 of 20]
02:36:21.866 [Test worker] DEBUG c.g.d.core.command.AbstrDockerCmd - Cmd: MyNetwork,<null>,<null>,{},true,<null>,<null>,com.github.dockerjava.jaxrs.CreateNetworkCmdExec@2b5043e1
02:36:21.867 [Test worker] DEBUG o.a.h.c.protocol.RequestAddCookies - CookieSpec selected: default
02:36:21.867 [Test worker] DEBUG o.a.h.c.protocol.RequestAuthCache - Auth cache not set in the context
02:36:21.868 [Test worker] DEBUG c.g.d.j.JerseyDockerCmdExecFactory$1 - Connection request: [route: {s}->https://Thesis:2376][total kept alive: 1; route allocated: 1 of 2; total allocated: 1 of 20]
02:36:21.868 [Test worker] DEBUG c.g.d.j.JerseyDockerCmdExecFactory$1 - Connection leased: [id: 38][route: {s}->https://Thesis:2376][total kept alive: 1; route allocated: 2 of 2; total allocated: 2 of 20]
02:36:21.868 [Test worker] DEBUG o.a.h.impl.execchain.MainClientExec - Opening connection {s}->https://Thesis:2376
02:36:21.868 [Test worker] DEBUG o.a.h.i.c.DefaultHttpClientConnectionOperator - Connecting to Thesis/127.0.1.1:2376
02:36:21.868 [Test worker] DEBUG o.a.h.c.s.SSLConnectionSocketFactory - Connecting socket to Thesis/127.0.1.1:2376 with timeout 0
02:36:21.869 [Test worker] DEBUG o.a.h.c.s.SSLConnectionSocketFactory - Enabled protocols: [TLSv1]
02:36:21.869 [Test worker] DEBUG o.a.h.c.s.SSLConnectionSocketFactory - Enabled cipher suites:[TLS_ECDHE_ECDSA_WITH_AES_128_CBC_SHA, TLS_ECDHE_RSA_WITH_AES_128_CBC_SHA, TLS_RSA_WITH_AES_128_CBC_SHA, TLS_ECDH_ECDSA_WITH_AES_128_CBC_SHA, TLS_ECDH_RSA_WITH_AES_128_CBC_SHA, TLS_DHE_RSA_WITH_AES_128_CBC_SHA, TLS_DHE_DSS_WITH_AES_128_CBC_SHA, TLS_ECDHE_ECDSA_WITH_3DES_EDE_CBC_SHA, TLS_ECDHE_RSA_WITH_3DES_EDE_CBC_SHA, SSL_RSA_WITH_3DES_EDE_CBC_SHA, TLS_ECDH_ECDSA_WITH_3DES_EDE_CBC_SHA, TLS_ECDH_RSA_WITH_3DES_EDE_CBC_SHA, SSL_DHE_RSA_WITH_3DES_EDE_CBC_SHA, SSL_DHE_DSS_WITH_3DES_EDE_CBC_SHA, TLS_ECDHE_ECDSA_WITH_RC4_128_SHA, TLS_ECDHE_RSA_WITH_RC4_128_SHA, SSL_RSA_WITH_RC4_128_SHA, TLS_ECDH_ECDSA_WITH_RC4_128_SHA, TLS_ECDH_RSA_WITH_RC4_128_SHA, SSL_RSA_WITH_RC4_128_MD5, TLS_EMPTY_RENEGOTIATION_INFO_SCSV]
02:36:21.872 [Test worker] DEBUG o.a.h.c.s.SSLConnectionSocketFactory - Starting handshake
02:36:21.945 [Test worker] DEBUG o.a.h.c.s.SSLConnectionSocketFactory - Secure session established
02:36:21.945 [Test worker] DEBUG o.a.h.c.s.SSLConnectionSocketFactory -  negotiated protocol: TLSv1
02:36:21.945 [Test worker] DEBUG o.a.h.c.s.SSLConnectionSocketFactory -  negotiated cipher suite: TLS_ECDHE_RSA_WITH_AES_128_CBC_SHA
02:36:21.945 [Test worker] DEBUG o.a.h.c.s.SSLConnectionSocketFactory -  peer principal: CN=Thesis
02:36:21.946 [Test worker] DEBUG o.a.h.c.s.SSLConnectionSocketFactory -  issuer principal: EMAILADDRESS=sha@yamil.com, CN=Thesis, OU=Open, O=Fra, L=BER, ST=BER, C=DE
02:36:21.946 [Test worker] DEBUG o.a.h.i.c.DefaultHttpClientConnectionOperator - Connection established 127.0.0.1:41376<->127.0.1.1:2376
02:36:21.946 [Test worker] DEBUG o.a.h.impl.execchain.MainClientExec - Executing request POST /networks/create HTTP/1.1
02:36:21.946 [Test worker] DEBUG o.a.h.impl.execchain.MainClientExec - Target auth state: UNCHALLENGED
02:36:21.947 [Test worker] DEBUG o.a.h.impl.execchain.MainClientExec - Proxy auth state: UNCHALLENGED
02:36:21.947 [Test worker] DEBUG org.apache.http.headers - http-outgoing-38 >> POST /networks/create HTTP/1.1
02:36:21.947 [Test worker] DEBUG org.apache.http.headers - http-outgoing-38 >> Accept: application/json
02:36:21.947 [Test worker] DEBUG org.apache.http.headers - http-outgoing-38 >> Content-Type: application/json
02:36:21.951 [Test worker] DEBUG org.apache.http.headers - http-outgoing-38 >> User-Agent: Jersey/2.23.1 (Apache HttpClient 4.5.1)
02:36:21.952 [Test worker] DEBUG org.apache.http.headers - http-outgoing-38 >> Transfer-Encoding: chunked
02:36:21.952 [Test worker] DEBUG org.apache.http.headers - http-outgoing-38 >> Host: Thesis:2376
02:36:21.952 [Test worker] DEBUG org.apache.http.headers - http-outgoing-38 >> Connection: Keep-Alive
02:36:21.952 [Test worker] DEBUG org.apache.http.headers - http-outgoing-38 >> Accept-Encoding: gzip,deflate
02:36:21.957 [Test worker] DEBUG c.g.d.j.JerseyDockerCmdExecFactory - 7 * Sending client request on thread Test worker
7 > POST https://Thesis:2376/networks/create
7 > Accept: application/json
7 > Content-Type: application/json
{"enableIPv6":null,"Name":"MyNetwork","Driver":null,"IPAM":null,"Options":{},"CheckDuplicate":true,"Internal":null,"EnableIPv6":null}

02:36:21.958 [Test worker] DEBUG org.apache.http.wire - http-outgoing-38 >> "POST /networks/create HTTP/1.1[\r][\n]"
02:36:21.958 [Test worker] DEBUG org.apache.http.wire - http-outgoing-38 >> "Accept: application/json[\r][\n]"
02:36:21.958 [Test worker] DEBUG org.apache.http.wire - http-outgoing-38 >> "Content-Type: application/json[\r][\n]"
02:36:21.958 [Test worker] DEBUG org.apache.http.wire - http-outgoing-38 >> "User-Agent: Jersey/2.23.1 (Apache HttpClient 4.5.1)[\r][\n]"
02:36:21.958 [Test worker] DEBUG org.apache.http.wire - http-outgoing-38 >> "Transfer-Encoding: chunked[\r][\n]"
02:36:21.959 [Test worker] DEBUG org.apache.http.wire - http-outgoing-38 >> "Host: Thesis:2376[\r][\n]"
02:36:21.959 [Test worker] DEBUG org.apache.http.wire - http-outgoing-38 >> "Connection: Keep-Alive[\r][\n]"
02:36:21.959 [Test worker] DEBUG org.apache.http.wire - http-outgoing-38 >> "Accept-Encoding: gzip,deflate[\r][\n]"
02:36:21.959 [Test worker] DEBUG org.apache.http.wire - http-outgoing-38 >> "[\r][\n]"
02:36:21.959 [Test worker] DEBUG org.apache.http.wire - http-outgoing-38 >> "85[\r][\n]"
02:36:21.959 [Test worker] DEBUG org.apache.http.wire - http-outgoing-38 >> "{"enableIPv6":null,"Name":"MyNetwork","Driver":null,"IPAM":null,"Options":{},"CheckDuplicate":true,"Internal":null,"EnableIPv6":null}[\r][\n]"
02:36:21.959 [Test worker] DEBUG org.apache.http.wire - http-outgoing-38 >> "0[\r][\n]"
02:36:21.960 [Test worker] DEBUG org.apache.http.wire - http-outgoing-38 >> "[\r][\n]"
02:36:22.055 [Test worker] DEBUG org.apache.http.wire - http-outgoing-38 << "H"
02:36:22.055 [Test worker] DEBUG org.apache.http.wire - http-outgoing-38 << "TTP/1.1 201 Created[\r][\n]"
02:36:22.055 [Test worker] DEBUG org.apache.http.wire - http-outgoing-38 << "Content-Type: application/json[\r][\n]"
02:36:22.055 [Test worker] DEBUG org.apache.http.wire - http-outgoing-38 << "Server: Docker/1.12.3 (linux)[\r][\n]"
02:36:22.055 [Test worker] DEBUG org.apache.http.wire - http-outgoing-38 << "Date: Tue, 03 Jan 2017 01:36:22 GMT[\r][\n]"
02:36:22.055 [Test worker] DEBUG org.apache.http.wire - http-outgoing-38 << "Content-Length: 87[\r][\n]"
02:36:22.055 [Test worker] DEBUG org.apache.http.wire - http-outgoing-38 << "[\r][\n]"
02:36:22.055 [Test worker] DEBUG org.apache.http.wire - http-outgoing-38 << "{"Id":"250c5ac22f583b746f1c5789bee22dacef14a6c9284947d13cc72eb2d299f5e9","Warning":""}[\n]"
02:36:22.055 [Test worker] DEBUG org.apache.http.headers - http-outgoing-38 << HTTP/1.1 201 Created
02:36:22.055 [Test worker] DEBUG org.apache.http.headers - http-outgoing-38 << Content-Type: application/json
02:36:22.055 [Test worker] DEBUG org.apache.http.headers - http-outgoing-38 << Server: Docker/1.12.3 (linux)
02:36:22.055 [Test worker] DEBUG org.apache.http.headers - http-outgoing-38 << Date: Tue, 03 Jan 2017 01:36:22 GMT
02:36:22.055 [Test worker] DEBUG org.apache.http.headers - http-outgoing-38 << Content-Length: 87
02:36:22.055 [Test worker] DEBUG o.a.h.impl.execchain.MainClientExec - Connection can be kept alive indefinitely
02:36:22.056 [Test worker] DEBUG c.g.d.j.JerseyDockerCmdExecFactory - 8 * Client response received on thread Test worker
8 < 201
8 < Content-Length: 87
8 < Content-Type: application/json
8 < Date: Tue, 03 Jan 2017 01:36:22 GMT
8 < Server: Docker/1.12.3 (linux)
{"Id":"250c5ac22f583b746f1c5789bee22dacef14a6c9284947d13cc72eb2d299f5e9","Warning":""}


02:36:22.057 [Test worker] DEBUG o.a.h.i.c.DefaultManagedHttpClientConnection - http-outgoing-38: Close connection
02:36:22.060 [Test worker] DEBUG o.a.h.impl.execchain.MainClientExec - Connection discarded
02:36:22.060 [Test worker] DEBUG c.g.d.j.JerseyDockerCmdExecFactory$1 - Connection released: [id: 38][route: {s}->https://Thesis:2376][total kept alive: 1; route allocated: 1 of 2; total allocated: 1 of 20]
02:36:22.060 [Test worker] DEBUG c.g.d.core.command.AbstrDockerCmd - Cmd: 250c5ac22f583b746f1c5789bee22dacef14a6c9284947d13cc72eb2d299f5e9,com.github.dockerjava.jaxrs.InspectNetworkCmdExec@49b96770
02:36:22.061 [Test worker] DEBUG c.g.d.jaxrs.ListNetworksCmdExec - GET: JerseyWebTarget { https://Thesis:2376/networks/250c5ac22f583b746f1c5789bee22dacef14a6c9284947d13cc72eb2d299f5e9 }
02:36:22.064 [Test worker] DEBUG c.g.d.j.JerseyDockerCmdExecFactory - 9 * Sending client request on thread Test worker
9 > GET https://Thesis:2376/networks/250c5ac22f583b746f1c5789bee22dacef14a6c9284947d13cc72eb2d299f5e9
9 > Accept: application/json

02:36:22.065 [Test worker] DEBUG o.a.h.c.protocol.RequestAddCookies - CookieSpec selected: default
02:36:22.073 [Test worker] DEBUG o.a.h.c.protocol.RequestAuthCache - Auth cache not set in the context
02:36:22.074 [Test worker] DEBUG c.g.d.j.JerseyDockerCmdExecFactory$1 - Connection request: [route: {s}->https://Thesis:2376][total kept alive: 1; route allocated: 1 of 2; total allocated: 1 of 20]
02:36:22.075 [Test worker] DEBUG c.g.d.j.JerseyDockerCmdExecFactory$1 - Connection leased: [id: 39][route: {s}->https://Thesis:2376][total kept alive: 1; route allocated: 2 of 2; total allocated: 2 of 20]
02:36:22.075 [Test worker] DEBUG o.a.h.impl.execchain.MainClientExec - Opening connection {s}->https://Thesis:2376
02:36:22.077 [Test worker] DEBUG o.a.h.i.c.DefaultHttpClientConnectionOperator - Connecting to Thesis/127.0.1.1:2376
02:36:22.078 [Test worker] DEBUG o.a.h.c.s.SSLConnectionSocketFactory - Connecting socket to Thesis/127.0.1.1:2376 with timeout 0
02:36:22.078 [Test worker] DEBUG o.a.h.c.s.SSLConnectionSocketFactory - Enabled protocols: [TLSv1]
02:36:22.083 [Test worker] DEBUG o.a.h.c.s.SSLConnectionSocketFactory - Enabled cipher suites:[TLS_ECDHE_ECDSA_WITH_AES_128_CBC_SHA, TLS_ECDHE_RSA_WITH_AES_128_CBC_SHA, TLS_RSA_WITH_AES_128_CBC_SHA, TLS_ECDH_ECDSA_WITH_AES_128_CBC_SHA, TLS_ECDH_RSA_WITH_AES_128_CBC_SHA, TLS_DHE_RSA_WITH_AES_128_CBC_SHA, TLS_DHE_DSS_WITH_AES_128_CBC_SHA, TLS_ECDHE_ECDSA_WITH_3DES_EDE_CBC_SHA, TLS_ECDHE_RSA_WITH_3DES_EDE_CBC_SHA, SSL_RSA_WITH_3DES_EDE_CBC_SHA, TLS_ECDH_ECDSA_WITH_3DES_EDE_CBC_SHA, TLS_ECDH_RSA_WITH_3DES_EDE_CBC_SHA, SSL_DHE_RSA_WITH_3DES_EDE_CBC_SHA, SSL_DHE_DSS_WITH_3DES_EDE_CBC_SHA, TLS_ECDHE_ECDSA_WITH_RC4_128_SHA, TLS_ECDHE_RSA_WITH_RC4_128_SHA, SSL_RSA_WITH_RC4_128_SHA, TLS_ECDH_ECDSA_WITH_RC4_128_SHA, TLS_ECDH_RSA_WITH_RC4_128_SHA, SSL_RSA_WITH_RC4_128_MD5, TLS_EMPTY_RENEGOTIATION_INFO_SCSV]
02:36:22.087 [Test worker] DEBUG o.a.h.c.s.SSLConnectionSocketFactory - Starting handshake
02:36:22.175 [Test worker] DEBUG o.a.h.c.s.SSLConnectionSocketFactory - Secure session established
02:36:22.176 [Test worker] DEBUG o.a.h.c.s.SSLConnectionSocketFactory -  negotiated protocol: TLSv1
02:36:22.176 [Test worker] DEBUG o.a.h.c.s.SSLConnectionSocketFactory -  negotiated cipher suite: TLS_ECDHE_RSA_WITH_AES_128_CBC_SHA
02:36:22.176 [Test worker] DEBUG o.a.h.c.s.SSLConnectionSocketFactory -  peer principal: CN=Thesis
02:36:22.176 [Test worker] DEBUG o.a.h.c.s.SSLConnectionSocketFactory -  issuer principal: EMAILADDRESS=sha@yamil.com, CN=Thesis, OU=Open, O=Fra, L=BER, ST=BER, C=DE
02:36:22.176 [Test worker] DEBUG o.a.h.i.c.DefaultHttpClientConnectionOperator - Connection established 127.0.0.1:41378<->127.0.1.1:2376
02:36:22.177 [Test worker] DEBUG o.a.h.impl.execchain.MainClientExec - Executing request GET /networks/250c5ac22f583b746f1c5789bee22dacef14a6c9284947d13cc72eb2d299f5e9 HTTP/1.1
02:36:22.177 [Test worker] DEBUG o.a.h.impl.execchain.MainClientExec - Target auth state: UNCHALLENGED
02:36:22.177 [Test worker] DEBUG o.a.h.impl.execchain.MainClientExec - Proxy auth state: UNCHALLENGED
02:36:22.177 [Test worker] DEBUG org.apache.http.headers - http-outgoing-39 >> GET /networks/250c5ac22f583b746f1c5789bee22dacef14a6c9284947d13cc72eb2d299f5e9 HTTP/1.1
02:36:22.177 [Test worker] DEBUG org.apache.http.headers - http-outgoing-39 >> Accept: application/json
02:36:22.178 [Test worker] DEBUG org.apache.http.headers - http-outgoing-39 >> User-Agent: Jersey/2.23.1 (Apache HttpClient 4.5.1)
02:36:22.178 [Test worker] DEBUG org.apache.http.headers - http-outgoing-39 >> Host: Thesis:2376
02:36:22.178 [Test worker] DEBUG org.apache.http.headers - http-outgoing-39 >> Connection: Keep-Alive
02:36:22.178 [Test worker] DEBUG org.apache.http.headers - http-outgoing-39 >> Accept-Encoding: gzip,deflate
02:36:22.178 [Test worker] DEBUG org.apache.http.wire - http-outgoing-39 >> "GET /networks/250c5ac22f583b746f1c5789bee22dacef14a6c9284947d13cc72eb2d299f5e9 HTTP/1.1[\r][\n]"
02:36:22.178 [Test worker] DEBUG org.apache.http.wire - http-outgoing-39 >> "Accept: application/json[\r][\n]"
02:36:22.178 [Test worker] DEBUG org.apache.http.wire - http-outgoing-39 >> "User-Agent: Jersey/2.23.1 (Apache HttpClient 4.5.1)[\r][\n]"
02:36:22.179 [Test worker] DEBUG org.apache.http.wire - http-outgoing-39 >> "Host: Thesis:2376[\r][\n]"
02:36:22.179 [Test worker] DEBUG org.apache.http.wire - http-outgoing-39 >> "Connection: Keep-Alive[\r][\n]"
02:36:22.179 [Test worker] DEBUG org.apache.http.wire - http-outgoing-39 >> "Accept-Encoding: gzip,deflate[\r][\n]"
02:36:22.179 [Test worker] DEBUG org.apache.http.wire - http-outgoing-39 >> "[\r][\n]"
02:36:22.180 [Test worker] DEBUG org.apache.http.wire - http-outgoing-39 << "H"
02:36:22.180 [Test worker] DEBUG org.apache.http.wire - http-outgoing-39 << "TTP/1.1 200 OK[\r][\n]"
02:36:22.180 [Test worker] DEBUG org.apache.http.wire - http-outgoing-39 << "Content-Type: application/json[\r][\n]"
02:36:22.180 [Test worker] DEBUG org.apache.http.wire - http-outgoing-39 << "Server: Docker/1.12.3 (linux)[\r][\n]"
02:36:22.180 [Test worker] DEBUG org.apache.http.wire - http-outgoing-39 << "Date: Tue, 03 Jan 2017 01:36:22 GMT[\r][\n]"
02:36:22.181 [Test worker] DEBUG org.apache.http.wire - http-outgoing-39 << "Content-Length: 311[\r][\n]"
02:36:22.182 [Test worker] DEBUG org.apache.http.wire - http-outgoing-39 << "[\r][\n]"
02:36:22.183 [Test worker] DEBUG org.apache.http.wire - http-outgoing-39 << "{"Name":"MyNetwork","Id":"250c5ac22f583b746f1c5789bee22dacef14a6c9284947d13cc72eb2d299f5e9","Scope":"local","Driver":"bridge","EnableIPv6":false,"IPAM":{"Driver":"default","Options":null,"Config":[{"Subnet":"172.18.0.0/16","Gateway":"172.18.0.1/16"}]},"Internal":false,"Containers":{},"Options":{},"Labels":{}}[\n]"
02:36:22.183 [Test worker] DEBUG org.apache.http.headers - http-outgoing-39 << HTTP/1.1 200 OK
02:36:22.183 [Test worker] DEBUG org.apache.http.headers - http-outgoing-39 << Content-Type: application/json
02:36:22.183 [Test worker] DEBUG org.apache.http.headers - http-outgoing-39 << Server: Docker/1.12.3 (linux)
02:36:22.183 [Test worker] DEBUG org.apache.http.headers - http-outgoing-39 << Date: Tue, 03 Jan 2017 01:36:22 GMT
02:36:22.184 [Test worker] DEBUG org.apache.http.headers - http-outgoing-39 << Content-Length: 311
02:36:22.184 [Test worker] DEBUG o.a.h.impl.execchain.MainClientExec - Connection can be kept alive indefinitely
02:36:22.184 [Test worker] DEBUG c.g.d.j.JerseyDockerCmdExecFactory - 10 * Client response received on thread Test worker
10 < 200
10 < Content-Length: 311
10 < Content-Type: application/json
10 < Date: Tue, 03 Jan 2017 01:36:22 GMT
10 < Server: Docker/1.12.3 (linux)
{"Name":"MyNetwork","Id":"250c5ac22f583b746f1c5789bee22dacef14a6c9284947d13cc72eb2d299f5e9","Scope":"local","Driver":"bridge","EnableIPv6":false,"IPAM":{"Driver":"default","Options":null,"Config":[{"Subnet":"172.18.0.0/16","Gateway":"172.18.0.1/16"}]},"Internal":false,"Containers":{},"Options":{},"Labels":{}}


02:36:22.186 [Test worker] DEBUG o.a.h.i.c.DefaultManagedHttpClientConnection - http-outgoing-39: Close connection
02:36:22.186 [Test worker] DEBUG o.a.h.impl.execchain.MainClientExec - Connection discarded
02:36:22.187 [Test worker] DEBUG c.g.d.j.JerseyDockerCmdExecFactory$1 - Connection released: [id: 39][route: {s}->https://Thesis:2376][total kept alive: 1; route allocated: 1 of 2; total allocated: 1 of 20]
02:36:22.187 [Test worker] DEBUG org.openbaton.docker.DockerVim - Network successfully created
02:36:22.187 [Test worker] DEBUG c.g.d.core.command.AbstrDockerCmd - Cmd: ListImagesCmdImpl[imageNameFilter=<null>,showAll=true,filters=com.github.dockerjava.core.util.FiltersBuilder@0,execution=com.github.dockerjava.jaxrs.ListImagesCmdExec@37b2b0d4]
02:36:22.187 [Test worker] DEBUG c.g.d.j.JerseyDockerCmdExecFactory - 11 * Sending client request on thread Test worker
11 > GET https://Thesis:2376/images/json?all=true
11 > Accept: application/json

02:36:22.189 [Test worker] DEBUG o.a.h.c.protocol.RequestAddCookies - CookieSpec selected: default
02:36:22.189 [Test worker] DEBUG o.a.h.c.protocol.RequestAuthCache - Auth cache not set in the context
02:36:22.189 [Test worker] DEBUG c.g.d.j.JerseyDockerCmdExecFactory$1 - Connection request: [route: {s}->https://Thesis:2376][total kept alive: 1; route allocated: 1 of 2; total allocated: 1 of 20]
02:36:22.189 [Test worker] DEBUG c.g.d.j.JerseyDockerCmdExecFactory$1 - Connection leased: [id: 40][route: {s}->https://Thesis:2376][total kept alive: 1; route allocated: 2 of 2; total allocated: 2 of 20]
02:36:22.189 [Test worker] DEBUG o.a.h.impl.execchain.MainClientExec - Opening connection {s}->https://Thesis:2376
02:36:22.190 [Test worker] DEBUG o.a.h.i.c.DefaultHttpClientConnectionOperator - Connecting to Thesis/127.0.1.1:2376
02:36:22.190 [Test worker] DEBUG o.a.h.c.s.SSLConnectionSocketFactory - Connecting socket to Thesis/127.0.1.1:2376 with timeout 0
02:36:22.191 [Test worker] DEBUG o.a.h.c.s.SSLConnectionSocketFactory - Enabled protocols: [TLSv1]
02:36:22.191 [Test worker] DEBUG o.a.h.c.s.SSLConnectionSocketFactory - Enabled cipher suites:[TLS_ECDHE_ECDSA_WITH_AES_128_CBC_SHA, TLS_ECDHE_RSA_WITH_AES_128_CBC_SHA, TLS_RSA_WITH_AES_128_CBC_SHA, TLS_ECDH_ECDSA_WITH_AES_128_CBC_SHA, TLS_ECDH_RSA_WITH_AES_128_CBC_SHA, TLS_DHE_RSA_WITH_AES_128_CBC_SHA, TLS_DHE_DSS_WITH_AES_128_CBC_SHA, TLS_ECDHE_ECDSA_WITH_3DES_EDE_CBC_SHA, TLS_ECDHE_RSA_WITH_3DES_EDE_CBC_SHA, SSL_RSA_WITH_3DES_EDE_CBC_SHA, TLS_ECDH_ECDSA_WITH_3DES_EDE_CBC_SHA, TLS_ECDH_RSA_WITH_3DES_EDE_CBC_SHA, SSL_DHE_RSA_WITH_3DES_EDE_CBC_SHA, SSL_DHE_DSS_WITH_3DES_EDE_CBC_SHA, TLS_ECDHE_ECDSA_WITH_RC4_128_SHA, TLS_ECDHE_RSA_WITH_RC4_128_SHA, SSL_RSA_WITH_RC4_128_SHA, TLS_ECDH_ECDSA_WITH_RC4_128_SHA, TLS_ECDH_RSA_WITH_RC4_128_SHA, SSL_RSA_WITH_RC4_128_MD5, TLS_EMPTY_RENEGOTIATION_INFO_SCSV]
02:36:22.191 [Test worker] DEBUG o.a.h.c.s.SSLConnectionSocketFactory - Starting handshake
02:36:22.251 [Test worker] DEBUG o.a.h.c.s.SSLConnectionSocketFactory - Secure session established
02:36:22.251 [Test worker] DEBUG o.a.h.c.s.SSLConnectionSocketFactory -  negotiated protocol: TLSv1
02:36:22.251 [Test worker] DEBUG o.a.h.c.s.SSLConnectionSocketFactory -  negotiated cipher suite: TLS_ECDHE_RSA_WITH_AES_128_CBC_SHA
02:36:22.251 [Test worker] DEBUG o.a.h.c.s.SSLConnectionSocketFactory -  peer principal: CN=Thesis
02:36:22.252 [Test worker] DEBUG o.a.h.c.s.SSLConnectionSocketFactory -  issuer principal: EMAILADDRESS=sha@yamil.com, CN=Thesis, OU=Open, O=Fra, L=BER, ST=BER, C=DE
02:36:22.252 [Test worker] DEBUG o.a.h.i.c.DefaultHttpClientConnectionOperator - Connection established 127.0.0.1:41380<->127.0.1.1:2376
02:36:22.252 [Test worker] DEBUG o.a.h.impl.execchain.MainClientExec - Executing request GET /images/json?all=true HTTP/1.1
02:36:22.253 [Test worker] DEBUG o.a.h.impl.execchain.MainClientExec - Target auth state: UNCHALLENGED
02:36:22.253 [Test worker] DEBUG o.a.h.impl.execchain.MainClientExec - Proxy auth state: UNCHALLENGED
02:36:22.253 [Test worker] DEBUG org.apache.http.headers - http-outgoing-40 >> GET /images/json?all=true HTTP/1.1
02:36:22.253 [Test worker] DEBUG org.apache.http.headers - http-outgoing-40 >> Accept: application/json
02:36:22.254 [Test worker] DEBUG org.apache.http.headers - http-outgoing-40 >> User-Agent: Jersey/2.23.1 (Apache HttpClient 4.5.1)
02:36:22.254 [Test worker] DEBUG org.apache.http.headers - http-outgoing-40 >> Host: Thesis:2376
02:36:22.254 [Test worker] DEBUG org.apache.http.headers - http-outgoing-40 >> Connection: Keep-Alive
02:36:22.254 [Test worker] DEBUG org.apache.http.headers - http-outgoing-40 >> Accept-Encoding: gzip,deflate
02:36:22.254 [Test worker] DEBUG org.apache.http.wire - http-outgoing-40 >> "GET /images/json?all=true HTTP/1.1[\r][\n]"
02:36:22.254 [Test worker] DEBUG org.apache.http.wire - http-outgoing-40 >> "Accept: application/json[\r][\n]"
02:36:22.255 [Test worker] DEBUG org.apache.http.wire - http-outgoing-40 >> "User-Agent: Jersey/2.23.1 (Apache HttpClient 4.5.1)[\r][\n]"
02:36:22.255 [Test worker] DEBUG org.apache.http.wire - http-outgoing-40 >> "Host: Thesis:2376[\r][\n]"
02:36:22.255 [Test worker] DEBUG org.apache.http.wire - http-outgoing-40 >> "Connection: Keep-Alive[\r][\n]"
02:36:22.255 [Test worker] DEBUG org.apache.http.wire - http-outgoing-40 >> "Accept-Encoding: gzip,deflate[\r][\n]"
02:36:22.255 [Test worker] DEBUG org.apache.http.wire - http-outgoing-40 >> "[\r][\n]"
02:36:22.256 [Test worker] DEBUG org.apache.http.wire - http-outgoing-40 << "H"
02:36:22.256 [Test worker] DEBUG org.apache.http.wire - http-outgoing-40 << "TTP/1.1 200 OK[\r][\n]"
02:36:22.256 [Test worker] DEBUG org.apache.http.wire - http-outgoing-40 << "Content-Type: application/json[\r][\n]"
02:36:22.257 [Test worker] DEBUG org.apache.http.wire - http-outgoing-40 << "Server: Docker/1.12.3 (linux)[\r][\n]"
02:36:22.257 [Test worker] DEBUG org.apache.http.wire - http-outgoing-40 << "Date: Tue, 03 Jan 2017 01:36:22 GMT[\r][\n]"
02:36:22.257 [Test worker] DEBUG org.apache.http.wire - http-outgoing-40 << "Content-Length: 1195[\r][\n]"
02:36:22.257 [Test worker] DEBUG org.apache.http.wire - http-outgoing-40 << "[\r][\n]"
02:36:22.257 [Test worker] DEBUG org.apache.http.wire - http-outgoing-40 << "[{"Id":"sha256:4ca3a192ff2a5b7e225e81dc006b6379c10776ed3619757a65608cb72de0a7f6","ParentId":"","RepoTags":["ubuntu:latest"],"RepoDigests":["ubuntu@sha256:3b64c309deae7ab0f7dbdd42b6b326261ccd6261da5d88396439353162703fb5"],"Created":1480449877,"Size":128206574,"VirtualSize":128206574,"Labels":{}},{"Id":"sha256:aae2b63c49461fcae4962e4a8043f66acf8e3af7e62f5ebceb70b181d8ca01e0","ParentId":"","RepoTags":["ubuntu:14.04"],"RepoDigests":["ubuntu@sha256:edb984703bd3e8981ff541a5b9297ca1b81fde6e6e8094d86e390a38ebc30b4d"],"Created":1480449856,"Size":187952254,"VirtualSize":187952254,"Labels":{}},{"Id":"sha256:e02e811dd08fd49e7f6032625495118e63f597eb150403d02e3238af1df240ba","ParentId":"","RepoTags":["busybox:latest"],"RepoDigests":["busybox@sha256:29f5d56d12684887bdfa50dcd29fc31eea4aaf4ad3bec43daf19026a7ce69912"],"Created":1475874238,"Size":1093484,"VirtualSize":1093484,"Labels":{}},{"Id":"sha256:d654de4499473ed41349b54a988b6f46a7fc92e3fa2d61e102bf2660a0116e25","ParentId":"","RepoTags":["sakib37/iperf3:latest"],"RepoDigests":["sakib37/iperf3@sha256:8d80a810f8f508c074b14d02555f20110eac382c8dbda7252075392983629d40"],"Created":1474907599,"Size":199456654,"VirtualSize":199456654,"Labels":{}}][\n]"
02:36:22.257 [Test worker] DEBUG org.apache.http.headers - http-outgoing-40 << HTTP/1.1 200 OK
02:36:22.258 [Test worker] DEBUG org.apache.http.headers - http-outgoing-40 << Content-Type: application/json
02:36:22.258 [Test worker] DEBUG org.apache.http.headers - http-outgoing-40 << Server: Docker/1.12.3 (linux)
02:36:22.258 [Test worker] DEBUG org.apache.http.headers - http-outgoing-40 << Date: Tue, 03 Jan 2017 01:36:22 GMT
02:36:22.258 [Test worker] DEBUG org.apache.http.headers - http-outgoing-40 << Content-Length: 1195
02:36:22.258 [Test worker] DEBUG o.a.h.impl.execchain.MainClientExec - Connection can be kept alive indefinitely
02:36:22.259 [Test worker] DEBUG c.g.d.j.JerseyDockerCmdExecFactory - 12 * Client response received on thread Test worker
12 < 200
12 < Content-Length: 1195
12 < Content-Type: application/json
12 < Date: Tue, 03 Jan 2017 01:36:22 GMT
12 < Server: Docker/1.12.3 (linux)
[{"Id":"sha256:4ca3a192ff2a5b7e225e81dc006b6379c10776ed3619757a65608cb72de0a7f6","ParentId":"","RepoTags":["ubuntu:latest"],"RepoDigests":["ubuntu@sha256:3b64c309deae7ab0f7dbdd42b6b326261ccd6261da5d88396439353162703fb5"],"Created":1480449877,"Size":128206574,"VirtualSize":128206574,"Labels":{}},{"Id":"sha256:aae2b63c49461fcae4962e4a8043f66acf8e3af7e62f5ebceb70b181d8ca01e0","ParentId":"","RepoTags":["ubuntu:14.04"],"RepoDigests":["ubuntu@sha256:edb984703bd3e8981ff541a5b9297ca1b81fde6e6e8094d86e390a38ebc30b4d"],"Created":1480449856,"Size":187952254,"VirtualSize":187952254,"Labels":{}},{"Id":"sha256:e02e811dd08fd49e7f6032625495118e63f597eb150403d02e3238af1df240ba","ParentId":"","RepoTags":["busybox:latest"],"RepoDigests":["busybox@sha256:29f5d56d12684887bdfa50dcd29fc31eea4aaf4ad3bec43daf19026a7ce69912"],"Created":1475874238,"Size":1093484,"VirtualSize":1093484,"Labels":{}},{"Id":"sha256:d654de4499473ed41349b54a988b6f46a7fc92e3fa2d61e102bf2660a0116e25","ParentId":"","RepoTags":["sakib37/iperf3:latest"],"RepoDigests":["sakib37/iperf3@sha256:8d80a810f8f508c074b14d02555f20110eac382c8dbda7252075392983629d40"],"Created":1474907599,"Size":199456654,"VirtualSize":199456654,"Labels":{}}]


02:36:22.261 [Test worker] DEBUG o.a.h.i.c.DefaultManagedHttpClientConnection - http-outgoing-40: Close connection
02:36:22.262 [Test worker] DEBUG o.a.h.impl.execchain.MainClientExec - Connection discarded
02:36:22.263 [Test worker] DEBUG c.g.d.j.JerseyDockerCmdExecFactory$1 - Connection released: [id: 40][route: {s}->https://Thesis:2376][total kept alive: 1; route allocated: 1 of 2; total allocated: 1 of 20]
02:36:22.263 [Test worker] DEBUG c.g.d.core.command.AbstrDockerCmd - Cmd: com.github.dockerjava.core.command.CreateContainerCmdImpl@2b0ab2e1[name=MyContainer,hostName=MyContainer,domainName=<null>,user=<null>,attachStdin=<null>,attachStdout=<null>,attachStderr=<null>,portSpecs=<null>,tty=<null>,stdinOpen=<null>,stdInOnce=<null>,env={port=8080,TERM=xterm},cmd={sleep,99999},entrypoint=<null>,image=ubuntu:14.04,volumes=com.github.dockerjava.api.model.Volumes@4b65e7da,workingDir=<null>,macAddress=<null>,networkDisabled=<null>,exposedPorts=com.github.dockerjava.api.model.ExposedPorts@f58bfe2,stopSignal=<null>,hostConfig=com.github.dockerjava.api.model.HostConfig@b9d964d[binds=<null>,blkioWeight=<null>,blkioWeightDevice=<null>,blkioDeviceReadBps=<null>,blkioDeviceReadIOps=<null>,blkioDeviceWriteBps=<null>,blkioDeviceWriteIOps=<null>,memorySwappiness=<null>,capAdd=<null>,capDrop=<null>,containerIDFile=<null>,cpuPeriod=<null>,cpuShares=<null>,cpuQuota=<null>,cpusetCpus=<null>,cpusetMems=<null>,devices=<null>,dns=<null>,dnsSearch=<null>,extraHosts=<null>,links=<null>,logConfig=<null>,lxcConf=<null>,memory=<null>,memorySwap=<null>,memoryReservation=<null>,kernelMemory=<null>,networkMode=<null>,oomKillDisable=<null>,oomScoreAdj=<null>,portBindings={8084/tcp=[Lcom.github.dockerjava.api.model.Ports$Binding;@4b6498ed},privileged=<null>,publishAllPorts=<null>,readonlyRootfs=<null>,restartPolicy=<null>,ulimits=<null>,volumesFrom=<null>,pidMode=<null>,securityOpts=<null>,cgroupParent=<null>,volumeDriver=<null>,shmSize=<null>],labels=<null>,networkingConfig=<null>,ipv4Address=<null>,ipv6Address=<null>,aliases=<null>,execution=com.github.dockerjava.jaxrs.CreateContainerCmdExec@194d1417]
02:36:22.265 [Test worker] DEBUG o.a.h.c.protocol.RequestAddCookies - CookieSpec selected: default
02:36:22.265 [Test worker] DEBUG o.a.h.c.protocol.RequestAuthCache - Auth cache not set in the context
02:36:22.266 [Test worker] DEBUG c.g.d.j.JerseyDockerCmdExecFactory$1 - Connection request: [route: {s}->https://Thesis:2376][total kept alive: 1; route allocated: 1 of 2; total allocated: 1 of 20]
02:36:22.266 [Test worker] DEBUG c.g.d.j.JerseyDockerCmdExecFactory$1 - Connection leased: [id: 41][route: {s}->https://Thesis:2376][total kept alive: 1; route allocated: 2 of 2; total allocated: 2 of 20]
02:36:22.266 [Test worker] DEBUG o.a.h.impl.execchain.MainClientExec - Opening connection {s}->https://Thesis:2376
02:36:22.266 [Test worker] DEBUG o.a.h.i.c.DefaultHttpClientConnectionOperator - Connecting to Thesis/127.0.1.1:2376
02:36:22.273 [Test worker] DEBUG o.a.h.c.s.SSLConnectionSocketFactory - Connecting socket to Thesis/127.0.1.1:2376 with timeout 0
02:36:22.274 [Test worker] DEBUG o.a.h.c.s.SSLConnectionSocketFactory - Enabled protocols: [TLSv1]
02:36:22.274 [Test worker] DEBUG o.a.h.c.s.SSLConnectionSocketFactory - Enabled cipher suites:[TLS_ECDHE_ECDSA_WITH_AES_128_CBC_SHA, TLS_ECDHE_RSA_WITH_AES_128_CBC_SHA, TLS_RSA_WITH_AES_128_CBC_SHA, TLS_ECDH_ECDSA_WITH_AES_128_CBC_SHA, TLS_ECDH_RSA_WITH_AES_128_CBC_SHA, TLS_DHE_RSA_WITH_AES_128_CBC_SHA, TLS_DHE_DSS_WITH_AES_128_CBC_SHA, TLS_ECDHE_ECDSA_WITH_3DES_EDE_CBC_SHA, TLS_ECDHE_RSA_WITH_3DES_EDE_CBC_SHA, SSL_RSA_WITH_3DES_EDE_CBC_SHA, TLS_ECDH_ECDSA_WITH_3DES_EDE_CBC_SHA, TLS_ECDH_RSA_WITH_3DES_EDE_CBC_SHA, SSL_DHE_RSA_WITH_3DES_EDE_CBC_SHA, SSL_DHE_DSS_WITH_3DES_EDE_CBC_SHA, TLS_ECDHE_ECDSA_WITH_RC4_128_SHA, TLS_ECDHE_RSA_WITH_RC4_128_SHA, SSL_RSA_WITH_RC4_128_SHA, TLS_ECDH_ECDSA_WITH_RC4_128_SHA, TLS_ECDH_RSA_WITH_RC4_128_SHA, SSL_RSA_WITH_RC4_128_MD5, TLS_EMPTY_RENEGOTIATION_INFO_SCSV]
02:36:22.274 [Test worker] DEBUG o.a.h.c.s.SSLConnectionSocketFactory - Starting handshake
02:36:22.348 [Test worker] DEBUG o.a.h.c.s.SSLConnectionSocketFactory - Secure session established
02:36:22.348 [Test worker] DEBUG o.a.h.c.s.SSLConnectionSocketFactory -  negotiated protocol: TLSv1
02:36:22.349 [Test worker] DEBUG o.a.h.c.s.SSLConnectionSocketFactory -  negotiated cipher suite: TLS_ECDHE_RSA_WITH_AES_128_CBC_SHA
02:36:22.349 [Test worker] DEBUG o.a.h.c.s.SSLConnectionSocketFactory -  peer principal: CN=Thesis
02:36:22.349 [Test worker] DEBUG o.a.h.c.s.SSLConnectionSocketFactory -  issuer principal: EMAILADDRESS=sha@yamil.com, CN=Thesis, OU=Open, O=Fra, L=BER, ST=BER, C=DE
02:36:22.349 [Test worker] DEBUG o.a.h.i.c.DefaultHttpClientConnectionOperator - Connection established 127.0.0.1:41382<->127.0.1.1:2376
02:36:22.349 [Test worker] DEBUG o.a.h.impl.execchain.MainClientExec - Executing request POST /containers/create?name=MyContainer HTTP/1.1
02:36:22.350 [Test worker] DEBUG o.a.h.impl.execchain.MainClientExec - Target auth state: UNCHALLENGED
02:36:22.350 [Test worker] DEBUG o.a.h.impl.execchain.MainClientExec - Proxy auth state: UNCHALLENGED
02:36:22.350 [Test worker] DEBUG org.apache.http.headers - http-outgoing-41 >> POST /containers/create?name=MyContainer HTTP/1.1
02:36:22.350 [Test worker] DEBUG org.apache.http.headers - http-outgoing-41 >> Accept: application/json
02:36:22.350 [Test worker] DEBUG org.apache.http.headers - http-outgoing-41 >> Content-Type: application/json
02:36:22.350 [Test worker] DEBUG org.apache.http.headers - http-outgoing-41 >> User-Agent: Jersey/2.23.1 (Apache HttpClient 4.5.1)
02:36:22.350 [Test worker] DEBUG org.apache.http.headers - http-outgoing-41 >> Transfer-Encoding: chunked
02:36:22.351 [Test worker] DEBUG org.apache.http.headers - http-outgoing-41 >> Host: Thesis:2376
02:36:22.351 [Test worker] DEBUG org.apache.http.headers - http-outgoing-41 >> Connection: Keep-Alive
02:36:22.351 [Test worker] DEBUG org.apache.http.headers - http-outgoing-41 >> Accept-Encoding: gzip,deflate
02:36:22.369 [Test worker] DEBUG c.g.d.j.JerseyDockerCmdExecFactory - 13 * Sending client request on thread Test worker
13 > POST https://Thesis:2376/containers/create?name=MyContainer
13 > Accept: application/json
13 > Content-Type: application/json
{"name":"MyContainer","Hostname":"MyContainer","Env":["port=8080","TERM=xterm"],"Cmd":["sleep","99999"],"Image":"ubuntu:14.04","Volumes":{},"ExposedPorts":{"8084/tcp":{}},"HostConfig":{"PortBindings":{"8084/tcp":[{"HostIp":"","HostPort":"8084"}]}}}

02:36:22.370 [Test worker] DEBUG org.apache.http.wire - http-outgoing-41 >> "POST /containers/create?name=MyContainer HTTP/1.1[\r][\n]"
02:36:22.370 [Test worker] DEBUG org.apache.http.wire - http-outgoing-41 >> "Accept: application/json[\r][\n]"
02:36:22.370 [Test worker] DEBUG org.apache.http.wire - http-outgoing-41 >> "Content-Type: application/json[\r][\n]"
02:36:22.372 [Test worker] DEBUG org.apache.http.wire - http-outgoing-41 >> "User-Agent: Jersey/2.23.1 (Apache HttpClient 4.5.1)[\r][\n]"
02:36:22.374 [Test worker] DEBUG org.apache.http.wire - http-outgoing-41 >> "Transfer-Encoding: chunked[\r][\n]"
02:36:22.374 [Test worker] DEBUG org.apache.http.wire - http-outgoing-41 >> "Host: Thesis:2376[\r][\n]"
02:36:22.374 [Test worker] DEBUG org.apache.http.wire - http-outgoing-41 >> "Connection: Keep-Alive[\r][\n]"
02:36:22.374 [Test worker] DEBUG org.apache.http.wire - http-outgoing-41 >> "Accept-Encoding: gzip,deflate[\r][\n]"
02:36:22.374 [Test worker] DEBUG org.apache.http.wire - http-outgoing-41 >> "[\r][\n]"
02:36:22.374 [Test worker] DEBUG org.apache.http.wire - http-outgoing-41 >> "f8[\r][\n]"
02:36:22.375 [Test worker] DEBUG org.apache.http.wire - http-outgoing-41 >> "{"name":"MyContainer","Hostname":"MyContainer","Env":["port=8080","TERM=xterm"],"Cmd":["sleep","99999"],"Image":"ubuntu:14.04","Volumes":{},"ExposedPorts":{"8084/tcp":{}},"HostConfig":{"PortBindings":{"8084/tcp":[{"HostIp":"","HostPort":"8084"}]}}}[\r][\n]"
02:36:22.375 [Test worker] DEBUG org.apache.http.wire - http-outgoing-41 >> "0[\r][\n]"
02:36:22.375 [Test worker] DEBUG org.apache.http.wire - http-outgoing-41 >> "[\r][\n]"
02:36:22.397 [Test worker] DEBUG org.apache.http.wire - http-outgoing-41 << "H"
02:36:22.397 [Test worker] DEBUG org.apache.http.wire - http-outgoing-41 << "TTP/1.1 201 Created[\r][\n]"
02:36:22.398 [Test worker] DEBUG org.apache.http.wire - http-outgoing-41 << "Content-Type: application/json[\r][\n]"
02:36:22.398 [Test worker] DEBUG org.apache.http.wire - http-outgoing-41 << "Server: Docker/1.12.3 (linux)[\r][\n]"
02:36:22.398 [Test worker] DEBUG org.apache.http.wire - http-outgoing-41 << "Date: Tue, 03 Jan 2017 01:36:22 GMT[\r][\n]"
02:36:22.398 [Test worker] DEBUG org.apache.http.wire - http-outgoing-41 << "Content-Length: 90[\r][\n]"
02:36:22.398 [Test worker] DEBUG org.apache.http.wire - http-outgoing-41 << "[\r][\n]"
02:36:22.398 [Test worker] DEBUG org.apache.http.wire - http-outgoing-41 << "{"Id":"2b2417525f891b1cc317437f699f1b6c0f3ac77d3c048864f03bd20019d2604c","Warnings":null}[\n]"
02:36:22.398 [Test worker] DEBUG org.apache.http.headers - http-outgoing-41 << HTTP/1.1 201 Created
02:36:22.399 [Test worker] DEBUG org.apache.http.headers - http-outgoing-41 << Content-Type: application/json
02:36:22.399 [Test worker] DEBUG org.apache.http.headers - http-outgoing-41 << Server: Docker/1.12.3 (linux)
02:36:22.399 [Test worker] DEBUG org.apache.http.headers - http-outgoing-41 << Date: Tue, 03 Jan 2017 01:36:22 GMT
02:36:22.399 [Test worker] DEBUG org.apache.http.headers - http-outgoing-41 << Content-Length: 90
02:36:22.399 [Test worker] DEBUG o.a.h.impl.execchain.MainClientExec - Connection can be kept alive indefinitely
02:36:22.400 [Test worker] DEBUG c.g.d.j.JerseyDockerCmdExecFactory - 14 * Client response received on thread Test worker
14 < 201
14 < Content-Length: 90
14 < Content-Type: application/json
14 < Date: Tue, 03 Jan 2017 01:36:22 GMT
14 < Server: Docker/1.12.3 (linux)
{"Id":"2b2417525f891b1cc317437f699f1b6c0f3ac77d3c048864f03bd20019d2604c","Warnings":null}


02:36:22.402 [Test worker] DEBUG o.a.h.i.c.DefaultManagedHttpClientConnection - http-outgoing-41: Close connection
02:36:22.402 [Test worker] DEBUG o.a.h.impl.execchain.MainClientExec - Connection discarded
02:36:22.403 [Test worker] DEBUG c.g.d.j.JerseyDockerCmdExecFactory$1 - Connection released: [id: 41][route: {s}->https://Thesis:2376][total kept alive: 1; route allocated: 1 of 2; total allocated: 1 of 20]
02:36:22.403 [Test worker] DEBUG org.openbaton.docker.DockerVim - Instance created successfully
02:36:22.403 [Test worker] DEBUG c.g.d.core.command.AbstrDockerCmd - Cmd: 2b2417525f891b1cc317437f699f1b6c0f3ac77d3c048864f03bd20019d2604c,com.github.dockerjava.jaxrs.StartContainerCmdExec@74626b21
02:36:22.410 [Test worker] DEBUG c.g.d.j.JerseyDockerCmdExecFactory - 15 * Sending client request on thread Test worker
15 > POST https://Thesis:2376/containers/2b2417525f891b1cc317437f699f1b6c0f3ac77d3c048864f03bd20019d2604c/start
15 > Accept: application/json

02:36:22.411 [Test worker] DEBUG o.a.h.c.protocol.RequestAddCookies - CookieSpec selected: default
02:36:22.411 [Test worker] DEBUG o.a.h.c.protocol.RequestAuthCache - Auth cache not set in the context
02:36:22.411 [Test worker] DEBUG c.g.d.j.JerseyDockerCmdExecFactory$1 - Connection request: [route: {s}->https://Thesis:2376][total kept alive: 1; route allocated: 1 of 2; total allocated: 1 of 20]
02:36:22.411 [Test worker] DEBUG c.g.d.j.JerseyDockerCmdExecFactory$1 - Connection leased: [id: 42][route: {s}->https://Thesis:2376][total kept alive: 1; route allocated: 2 of 2; total allocated: 2 of 20]
02:36:22.411 [Test worker] DEBUG o.a.h.impl.execchain.MainClientExec - Opening connection {s}->https://Thesis:2376
02:36:22.412 [Test worker] DEBUG o.a.h.i.c.DefaultHttpClientConnectionOperator - Connecting to Thesis/127.0.1.1:2376
02:36:22.412 [Test worker] DEBUG o.a.h.c.s.SSLConnectionSocketFactory - Connecting socket to Thesis/127.0.1.1:2376 with timeout 0
02:36:22.413 [Test worker] DEBUG o.a.h.c.s.SSLConnectionSocketFactory - Enabled protocols: [TLSv1]
02:36:22.413 [Test worker] DEBUG o.a.h.c.s.SSLConnectionSocketFactory - Enabled cipher suites:[TLS_ECDHE_ECDSA_WITH_AES_128_CBC_SHA, TLS_ECDHE_RSA_WITH_AES_128_CBC_SHA, TLS_RSA_WITH_AES_128_CBC_SHA, TLS_ECDH_ECDSA_WITH_AES_128_CBC_SHA, TLS_ECDH_RSA_WITH_AES_128_CBC_SHA, TLS_DHE_RSA_WITH_AES_128_CBC_SHA, TLS_DHE_DSS_WITH_AES_128_CBC_SHA, TLS_ECDHE_ECDSA_WITH_3DES_EDE_CBC_SHA, TLS_ECDHE_RSA_WITH_3DES_EDE_CBC_SHA, SSL_RSA_WITH_3DES_EDE_CBC_SHA, TLS_ECDH_ECDSA_WITH_3DES_EDE_CBC_SHA, TLS_ECDH_RSA_WITH_3DES_EDE_CBC_SHA, SSL_DHE_RSA_WITH_3DES_EDE_CBC_SHA, SSL_DHE_DSS_WITH_3DES_EDE_CBC_SHA, TLS_ECDHE_ECDSA_WITH_RC4_128_SHA, TLS_ECDHE_RSA_WITH_RC4_128_SHA, SSL_RSA_WITH_RC4_128_SHA, TLS_ECDH_ECDSA_WITH_RC4_128_SHA, TLS_ECDH_RSA_WITH_RC4_128_SHA, SSL_RSA_WITH_RC4_128_MD5, TLS_EMPTY_RENEGOTIATION_INFO_SCSV]
02:36:22.413 [Test worker] DEBUG o.a.h.c.s.SSLConnectionSocketFactory - Starting handshake
02:36:22.482 [Test worker] DEBUG o.a.h.c.s.SSLConnectionSocketFactory - Secure session established
02:36:22.483 [Test worker] DEBUG o.a.h.c.s.SSLConnectionSocketFactory -  negotiated protocol: TLSv1
02:36:22.483 [Test worker] DEBUG o.a.h.c.s.SSLConnectionSocketFactory -  negotiated cipher suite: TLS_ECDHE_RSA_WITH_AES_128_CBC_SHA
02:36:22.483 [Test worker] DEBUG o.a.h.c.s.SSLConnectionSocketFactory -  peer principal: CN=Thesis
02:36:22.483 [Test worker] DEBUG o.a.h.c.s.SSLConnectionSocketFactory -  issuer principal: EMAILADDRESS=sha@yamil.com, CN=Thesis, OU=Open, O=Fra, L=BER, ST=BER, C=DE
02:36:22.484 [Test worker] DEBUG o.a.h.i.c.DefaultHttpClientConnectionOperator - Connection established 127.0.0.1:41384<->127.0.1.1:2376
02:36:22.484 [Test worker] DEBUG o.a.h.impl.execchain.MainClientExec - Executing request POST /containers/2b2417525f891b1cc317437f699f1b6c0f3ac77d3c048864f03bd20019d2604c/start HTTP/1.1
02:36:22.484 [Test worker] DEBUG o.a.h.impl.execchain.MainClientExec - Target auth state: UNCHALLENGED
02:36:22.484 [Test worker] DEBUG o.a.h.impl.execchain.MainClientExec - Proxy auth state: UNCHALLENGED
02:36:22.484 [Test worker] DEBUG org.apache.http.headers - http-outgoing-42 >> POST /containers/2b2417525f891b1cc317437f699f1b6c0f3ac77d3c048864f03bd20019d2604c/start HTTP/1.1
02:36:22.484 [Test worker] DEBUG org.apache.http.headers - http-outgoing-42 >> Accept: application/json
02:36:22.485 [Test worker] DEBUG org.apache.http.headers - http-outgoing-42 >> User-Agent: Jersey/2.23.1 (Apache HttpClient 4.5.1)
02:36:22.485 [Test worker] DEBUG org.apache.http.headers - http-outgoing-42 >> Host: Thesis:2376
02:36:22.485 [Test worker] DEBUG org.apache.http.headers - http-outgoing-42 >> Connection: Keep-Alive
02:36:22.485 [Test worker] DEBUG org.apache.http.headers - http-outgoing-42 >> Accept-Encoding: gzip,deflate
02:36:22.485 [Test worker] DEBUG org.apache.http.wire - http-outgoing-42 >> "POST /containers/2b2417525f891b1cc317437f699f1b6c0f3ac77d3c048864f03bd20019d2604c/start HTTP/1.1[\r][\n]"
02:36:22.485 [Test worker] DEBUG org.apache.http.wire - http-outgoing-42 >> "Accept: application/json[\r][\n]"
02:36:22.485 [Test worker] DEBUG org.apache.http.wire - http-outgoing-42 >> "User-Agent: Jersey/2.23.1 (Apache HttpClient 4.5.1)[\r][\n]"
02:36:22.486 [Test worker] DEBUG org.apache.http.wire - http-outgoing-42 >> "Host: Thesis:2376[\r][\n]"
02:36:22.486 [Test worker] DEBUG org.apache.http.wire - http-outgoing-42 >> "Connection: Keep-Alive[\r][\n]"
02:36:22.486 [Test worker] DEBUG org.apache.http.wire - http-outgoing-42 >> "Accept-Encoding: gzip,deflate[\r][\n]"
02:36:22.486 [Test worker] DEBUG org.apache.http.wire - http-outgoing-42 >> "[\r][\n]"
02:36:22.648 [Test worker] DEBUG org.apache.http.wire - http-outgoing-42 << "H"
02:36:22.648 [Test worker] DEBUG org.apache.http.wire - http-outgoing-42 << "TTP/1.1 204 No Content[\r][\n]"
02:36:22.648 [Test worker] DEBUG org.apache.http.wire - http-outgoing-42 << "Server: Docker/1.12.3 (linux)[\r][\n]"
02:36:22.648 [Test worker] DEBUG org.apache.http.wire - http-outgoing-42 << "Date: Tue, 03 Jan 2017 01:36:22 GMT[\r][\n]"
02:36:22.648 [Test worker] DEBUG org.apache.http.wire - http-outgoing-42 << "[\r][\n]"
02:36:22.648 [Test worker] DEBUG org.apache.http.headers - http-outgoing-42 << HTTP/1.1 204 No Content
02:36:22.648 [Test worker] DEBUG org.apache.http.headers - http-outgoing-42 << Server: Docker/1.12.3 (linux)
02:36:22.648 [Test worker] DEBUG org.apache.http.headers - http-outgoing-42 << Date: Tue, 03 Jan 2017 01:36:22 GMT
02:36:22.649 [Test worker] DEBUG o.a.h.impl.execchain.MainClientExec - Connection can be kept alive indefinitely
02:36:22.649 [Test worker] DEBUG c.g.d.j.JerseyDockerCmdExecFactory$1 - Connection [id: 42][route: {s}->https://Thesis:2376][state: CN=Thesis] can be kept alive indefinitely
02:36:22.649 [Test worker] DEBUG c.g.d.j.JerseyDockerCmdExecFactory$1 - Connection released: [id: 42][route: {s}->https://Thesis:2376][state: CN=Thesis][total kept alive: 2; route allocated: 2 of 2; total allocated: 2 of 20]
02:36:22.649 [Test worker] DEBUG c.g.d.j.JerseyDockerCmdExecFactory - 16 * Client response received on thread Test worker
16 < 204
16 < Date: Tue, 03 Jan 2017 01:36:22 GMT
16 < Server: Docker/1.12.3 (linux)

02:36:22.649 [Test worker] DEBUG c.g.d.core.command.AbstrDockerCmd - Cmd: ListImagesCmdImpl[imageNameFilter=<null>,showAll=true,filters=com.github.dockerjava.core.util.FiltersBuilder@0,execution=com.github.dockerjava.jaxrs.ListImagesCmdExec@3474756d]
02:36:22.649 [Test worker] DEBUG c.g.d.j.JerseyDockerCmdExecFactory - 17 * Sending client request on thread Test worker
17 > GET https://Thesis:2376/images/json?all=true
17 > Accept: application/json

02:36:22.650 [Test worker] DEBUG o.a.h.c.protocol.RequestAddCookies - CookieSpec selected: default
02:36:22.650 [Test worker] DEBUG o.a.h.c.protocol.RequestAuthCache - Auth cache not set in the context
02:36:22.650 [Test worker] DEBUG c.g.d.j.JerseyDockerCmdExecFactory$1 - Connection request: [route: {s}->https://Thesis:2376][total kept alive: 2; route allocated: 2 of 2; total allocated: 2 of 20]
02:36:22.650 [Test worker] DEBUG o.a.h.i.c.DefaultManagedHttpClientConnection - http-outgoing-35: Close connection
02:36:22.651 [Test worker] DEBUG c.g.d.j.JerseyDockerCmdExecFactory$1 - Connection leased: [id: 43][route: {s}->https://Thesis:2376][total kept alive: 1; route allocated: 2 of 2; total allocated: 2 of 20]
02:36:22.651 [Test worker] DEBUG o.a.h.impl.execchain.MainClientExec - Opening connection {s}->https://Thesis:2376
02:36:22.652 [Test worker] DEBUG o.a.h.i.c.DefaultHttpClientConnectionOperator - Connecting to Thesis/127.0.1.1:2376
02:36:22.652 [Test worker] DEBUG o.a.h.c.s.SSLConnectionSocketFactory - Connecting socket to Thesis/127.0.1.1:2376 with timeout 0
02:36:22.656 [Test worker] DEBUG o.a.h.c.s.SSLConnectionSocketFactory - Enabled protocols: [TLSv1]
02:36:22.656 [Test worker] DEBUG o.a.h.c.s.SSLConnectionSocketFactory - Enabled cipher suites:[TLS_ECDHE_ECDSA_WITH_AES_128_CBC_SHA, TLS_ECDHE_RSA_WITH_AES_128_CBC_SHA, TLS_RSA_WITH_AES_128_CBC_SHA, TLS_ECDH_ECDSA_WITH_AES_128_CBC_SHA, TLS_ECDH_RSA_WITH_AES_128_CBC_SHA, TLS_DHE_RSA_WITH_AES_128_CBC_SHA, TLS_DHE_DSS_WITH_AES_128_CBC_SHA, TLS_ECDHE_ECDSA_WITH_3DES_EDE_CBC_SHA, TLS_ECDHE_RSA_WITH_3DES_EDE_CBC_SHA, SSL_RSA_WITH_3DES_EDE_CBC_SHA, TLS_ECDH_ECDSA_WITH_3DES_EDE_CBC_SHA, TLS_ECDH_RSA_WITH_3DES_EDE_CBC_SHA, SSL_DHE_RSA_WITH_3DES_EDE_CBC_SHA, SSL_DHE_DSS_WITH_3DES_EDE_CBC_SHA, TLS_ECDHE_ECDSA_WITH_RC4_128_SHA, TLS_ECDHE_RSA_WITH_RC4_128_SHA, SSL_RSA_WITH_RC4_128_SHA, TLS_ECDH_ECDSA_WITH_RC4_128_SHA, TLS_ECDH_RSA_WITH_RC4_128_SHA, SSL_RSA_WITH_RC4_128_MD5, TLS_EMPTY_RENEGOTIATION_INFO_SCSV]
02:36:22.657 [Test worker] DEBUG o.a.h.c.s.SSLConnectionSocketFactory - Starting handshake
02:36:22.717 [Test worker] DEBUG o.a.h.c.s.SSLConnectionSocketFactory - Secure session established
02:36:22.717 [Test worker] DEBUG o.a.h.c.s.SSLConnectionSocketFactory -  negotiated protocol: TLSv1
02:36:22.717 [Test worker] DEBUG o.a.h.c.s.SSLConnectionSocketFactory -  negotiated cipher suite: TLS_ECDHE_RSA_WITH_AES_128_CBC_SHA
02:36:22.717 [Test worker] DEBUG o.a.h.c.s.SSLConnectionSocketFactory -  peer principal: CN=Thesis
02:36:22.717 [Test worker] DEBUG o.a.h.c.s.SSLConnectionSocketFactory -  issuer principal: EMAILADDRESS=sha@yamil.com, CN=Thesis, OU=Open, O=Fra, L=BER, ST=BER, C=DE
02:36:22.718 [Test worker] DEBUG o.a.h.i.c.DefaultHttpClientConnectionOperator - Connection established 127.0.0.1:41386<->127.0.1.1:2376
02:36:22.718 [Test worker] DEBUG o.a.h.impl.execchain.MainClientExec - Executing request GET /images/json?all=true HTTP/1.1
02:36:22.718 [Test worker] DEBUG o.a.h.impl.execchain.MainClientExec - Target auth state: UNCHALLENGED
02:36:22.718 [Test worker] DEBUG o.a.h.impl.execchain.MainClientExec - Proxy auth state: UNCHALLENGED
02:36:22.718 [Test worker] DEBUG org.apache.http.headers - http-outgoing-43 >> GET /images/json?all=true HTTP/1.1
02:36:22.718 [Test worker] DEBUG org.apache.http.headers - http-outgoing-43 >> Accept: application/json
02:36:22.719 [Test worker] DEBUG org.apache.http.headers - http-outgoing-43 >> User-Agent: Jersey/2.23.1 (Apache HttpClient 4.5.1)
02:36:22.719 [Test worker] DEBUG org.apache.http.headers - http-outgoing-43 >> Host: Thesis:2376
02:36:22.719 [Test worker] DEBUG org.apache.http.headers - http-outgoing-43 >> Connection: Keep-Alive
02:36:22.719 [Test worker] DEBUG org.apache.http.headers - http-outgoing-43 >> Accept-Encoding: gzip,deflate
02:36:22.719 [Test worker] DEBUG org.apache.http.wire - http-outgoing-43 >> "GET /images/json?all=true HTTP/1.1[\r][\n]"
02:36:22.719 [Test worker] DEBUG org.apache.http.wire - http-outgoing-43 >> "Accept: application/json[\r][\n]"
02:36:22.719 [Test worker] DEBUG org.apache.http.wire - http-outgoing-43 >> "User-Agent: Jersey/2.23.1 (Apache HttpClient 4.5.1)[\r][\n]"
02:36:22.720 [Test worker] DEBUG org.apache.http.wire - http-outgoing-43 >> "Host: Thesis:2376[\r][\n]"
02:36:22.720 [Test worker] DEBUG org.apache.http.wire - http-outgoing-43 >> "Connection: Keep-Alive[\r][\n]"
02:36:22.720 [Test worker] DEBUG org.apache.http.wire - http-outgoing-43 >> "Accept-Encoding: gzip,deflate[\r][\n]"
02:36:22.720 [Test worker] DEBUG org.apache.http.wire - http-outgoing-43 >> "[\r][\n]"
02:36:22.721 [Test worker] DEBUG org.apache.http.wire - http-outgoing-43 << "H"
02:36:22.721 [Test worker] DEBUG org.apache.http.wire - http-outgoing-43 << "TTP/1.1 200 OK[\r][\n]"
02:36:22.722 [Test worker] DEBUG org.apache.http.wire - http-outgoing-43 << "Content-Type: application/json[\r][\n]"
02:36:22.722 [Test worker] DEBUG org.apache.http.wire - http-outgoing-43 << "Server: Docker/1.12.3 (linux)[\r][\n]"
02:36:22.722 [Test worker] DEBUG org.apache.http.wire - http-outgoing-43 << "Date: Tue, 03 Jan 2017 01:36:22 GMT[\r][\n]"
02:36:22.722 [Test worker] DEBUG org.apache.http.wire - http-outgoing-43 << "Content-Length: 1195[\r][\n]"
02:36:22.722 [Test worker] DEBUG org.apache.http.wire - http-outgoing-43 << "[\r][\n]"
02:36:22.722 [Test worker] DEBUG org.apache.http.wire - http-outgoing-43 << "[{"Id":"sha256:4ca3a192ff2a5b7e225e81dc006b6379c10776ed3619757a65608cb72de0a7f6","ParentId":"","RepoTags":["ubuntu:latest"],"RepoDigests":["ubuntu@sha256:3b64c309deae7ab0f7dbdd42b6b326261ccd6261da5d88396439353162703fb5"],"Created":1480449877,"Size":128206574,"VirtualSize":128206574,"Labels":{}},{"Id":"sha256:aae2b63c49461fcae4962e4a8043f66acf8e3af7e62f5ebceb70b181d8ca01e0","ParentId":"","RepoTags":["ubuntu:14.04"],"RepoDigests":["ubuntu@sha256:edb984703bd3e8981ff541a5b9297ca1b81fde6e6e8094d86e390a38ebc30b4d"],"Created":1480449856,"Size":187952254,"VirtualSize":187952254,"Labels":{}},{"Id":"sha256:e02e811dd08fd49e7f6032625495118e63f597eb150403d02e3238af1df240ba","ParentId":"","RepoTags":["busybox:latest"],"RepoDigests":["busybox@sha256:29f5d56d12684887bdfa50dcd29fc31eea4aaf4ad3bec43daf19026a7ce69912"],"Created":1475874238,"Size":1093484,"VirtualSize":1093484,"Labels":{}},{"Id":"sha256:d654de4499473ed41349b54a988b6f46a7fc92e3fa2d61e102bf2660a0116e25","ParentId":"","RepoTags":["sakib37/iperf3:latest"],"RepoDigests":["sakib37/iperf3@sha256:8d80a810f8f508c074b14d02555f20110eac382c8dbda7252075392983629d40"],"Created":1474907599,"Size":199456654,"VirtualSize":199456654,"Labels":{}}][\n]"
02:36:22.722 [Test worker] DEBUG org.apache.http.headers - http-outgoing-43 << HTTP/1.1 200 OK
02:36:22.723 [Test worker] DEBUG org.apache.http.headers - http-outgoing-43 << Content-Type: application/json
02:36:22.723 [Test worker] DEBUG org.apache.http.headers - http-outgoing-43 << Server: Docker/1.12.3 (linux)
02:36:22.723 [Test worker] DEBUG org.apache.http.headers - http-outgoing-43 << Date: Tue, 03 Jan 2017 01:36:22 GMT
02:36:22.723 [Test worker] DEBUG org.apache.http.headers - http-outgoing-43 << Content-Length: 1195
02:36:22.723 [Test worker] DEBUG o.a.h.impl.execchain.MainClientExec - Connection can be kept alive indefinitely
02:36:22.724 [Test worker] DEBUG c.g.d.j.JerseyDockerCmdExecFactory - 18 * Client response received on thread Test worker
18 < 200
18 < Content-Length: 1195
18 < Content-Type: application/json
18 < Date: Tue, 03 Jan 2017 01:36:22 GMT
18 < Server: Docker/1.12.3 (linux)
[{"Id":"sha256:4ca3a192ff2a5b7e225e81dc006b6379c10776ed3619757a65608cb72de0a7f6","ParentId":"","RepoTags":["ubuntu:latest"],"RepoDigests":["ubuntu@sha256:3b64c309deae7ab0f7dbdd42b6b326261ccd6261da5d88396439353162703fb5"],"Created":1480449877,"Size":128206574,"VirtualSize":128206574,"Labels":{}},{"Id":"sha256:aae2b63c49461fcae4962e4a8043f66acf8e3af7e62f5ebceb70b181d8ca01e0","ParentId":"","RepoTags":["ubuntu:14.04"],"RepoDigests":["ubuntu@sha256:edb984703bd3e8981ff541a5b9297ca1b81fde6e6e8094d86e390a38ebc30b4d"],"Created":1480449856,"Size":187952254,"VirtualSize":187952254,"Labels":{}},{"Id":"sha256:e02e811dd08fd49e7f6032625495118e63f597eb150403d02e3238af1df240ba","ParentId":"","RepoTags":["busybox:latest"],"RepoDigests":["busybox@sha256:29f5d56d12684887bdfa50dcd29fc31eea4aaf4ad3bec43daf19026a7ce69912"],"Created":1475874238,"Size":1093484,"VirtualSize":1093484,"Labels":{}},{"Id":"sha256:d654de4499473ed41349b54a988b6f46a7fc92e3fa2d61e102bf2660a0116e25","ParentId":"","RepoTags":["sakib37/iperf3:latest"],"RepoDigests":["sakib37/iperf3@sha256:8d80a810f8f508c074b14d02555f20110eac382c8dbda7252075392983629d40"],"Created":1474907599,"Size":199456654,"VirtualSize":199456654,"Labels":{}}]


02:36:22.727 [Test worker] DEBUG o.a.h.i.c.DefaultManagedHttpClientConnection - http-outgoing-43: Close connection
02:36:22.728 [Test worker] DEBUG o.a.h.impl.execchain.MainClientExec - Connection discarded
02:36:22.728 [Test worker] DEBUG c.g.d.j.JerseyDockerCmdExecFactory$1 - Connection released: [id: 43][route: {s}->https://Thesis:2376][total kept alive: 1; route allocated: 1 of 2; total allocated: 1 of 20]
02:36:22.728 [Test worker] DEBUG org.openbaton.docker.DockerVim - Found a docker image, transformed into a NFV Image Image{id='sha256:aae2b63c49461fcae4962e4a8043f66acf8e3af7e62f5ebceb70b181d8ca01e0', name='ubuntu:14.04', version=0, extId='null', minRam='0', minDiskSpace='0', minCPU='null', public='true', diskFormat='null', containerFormat='docker', created='Sun Jan 18 04:14:09 CET 1970', updated='null'}
02:36:22.729 [Test worker] DEBUG c.g.d.core.command.AbstrDockerCmd - Cmd: 250c5ac22f583b746f1c5789bee22dacef14a6c9284947d13cc72eb2d299f5e9,2b2417525f891b1cc317437f699f1b6c0f3ac77d3c048864f03bd20019d2604c,com.github.dockerjava.api.model.ContainerNetwork@15115676[ipamConfig=com.github.dockerjava.api.model.ContainerNetwork$Ipam@254367c8,links=<null>,aliases=<null>,networkID=<null>,endpointId=<null>,gateway=<null>,ipAddress=<null>,ipPrefixLen=<null>,ipV6Gateway=<null>,globalIPv6Address=<null>,globalIPv6PrefixLen=<null>,macAddress=<null>],com.github.dockerjava.jaxrs.ConnectToNetworkCmdExec@6c528e94
02:36:22.730 [Test worker] DEBUG o.a.h.c.protocol.RequestAddCookies - CookieSpec selected: default
02:36:22.730 [Test worker] DEBUG o.a.h.c.protocol.RequestAuthCache - Auth cache not set in the context
02:36:22.730 [Test worker] DEBUG c.g.d.j.JerseyDockerCmdExecFactory$1 - Connection request: [route: {s}->https://Thesis:2376][total kept alive: 1; route allocated: 1 of 2; total allocated: 1 of 20]
02:36:22.730 [Test worker] DEBUG c.g.d.j.JerseyDockerCmdExecFactory$1 - Connection leased: [id: 44][route: {s}->https://Thesis:2376][total kept alive: 1; route allocated: 2 of 2; total allocated: 2 of 20]
02:36:22.731 [Test worker] DEBUG o.a.h.impl.execchain.MainClientExec - Opening connection {s}->https://Thesis:2376
02:36:22.731 [Test worker] DEBUG o.a.h.i.c.DefaultHttpClientConnectionOperator - Connecting to Thesis/127.0.1.1:2376
02:36:22.731 [Test worker] DEBUG o.a.h.c.s.SSLConnectionSocketFactory - Connecting socket to Thesis/127.0.1.1:2376 with timeout 0
02:36:22.732 [Test worker] DEBUG o.a.h.c.s.SSLConnectionSocketFactory - Enabled protocols: [TLSv1]
02:36:22.732 [Test worker] DEBUG o.a.h.c.s.SSLConnectionSocketFactory - Enabled cipher suites:[TLS_ECDHE_ECDSA_WITH_AES_128_CBC_SHA, TLS_ECDHE_RSA_WITH_AES_128_CBC_SHA, TLS_RSA_WITH_AES_128_CBC_SHA, TLS_ECDH_ECDSA_WITH_AES_128_CBC_SHA, TLS_ECDH_RSA_WITH_AES_128_CBC_SHA, TLS_DHE_RSA_WITH_AES_128_CBC_SHA, TLS_DHE_DSS_WITH_AES_128_CBC_SHA, TLS_ECDHE_ECDSA_WITH_3DES_EDE_CBC_SHA, TLS_ECDHE_RSA_WITH_3DES_EDE_CBC_SHA, SSL_RSA_WITH_3DES_EDE_CBC_SHA, TLS_ECDH_ECDSA_WITH_3DES_EDE_CBC_SHA, TLS_ECDH_RSA_WITH_3DES_EDE_CBC_SHA, SSL_DHE_RSA_WITH_3DES_EDE_CBC_SHA, SSL_DHE_DSS_WITH_3DES_EDE_CBC_SHA, TLS_ECDHE_ECDSA_WITH_RC4_128_SHA, TLS_ECDHE_RSA_WITH_RC4_128_SHA, SSL_RSA_WITH_RC4_128_SHA, TLS_ECDH_ECDSA_WITH_RC4_128_SHA, TLS_ECDH_RSA_WITH_RC4_128_SHA, SSL_RSA_WITH_RC4_128_MD5, TLS_EMPTY_RENEGOTIATION_INFO_SCSV]
02:36:22.732 [Test worker] DEBUG o.a.h.c.s.SSLConnectionSocketFactory - Starting handshake
02:36:22.791 [Test worker] DEBUG o.a.h.c.s.SSLConnectionSocketFactory - Secure session established
02:36:22.791 [Test worker] DEBUG o.a.h.c.s.SSLConnectionSocketFactory -  negotiated protocol: TLSv1
02:36:22.791 [Test worker] DEBUG o.a.h.c.s.SSLConnectionSocketFactory -  negotiated cipher suite: TLS_ECDHE_RSA_WITH_AES_128_CBC_SHA
02:36:22.791 [Test worker] DEBUG o.a.h.c.s.SSLConnectionSocketFactory -  peer principal: CN=Thesis
02:36:22.791 [Test worker] DEBUG o.a.h.c.s.SSLConnectionSocketFactory -  issuer principal: EMAILADDRESS=sha@yamil.com, CN=Thesis, OU=Open, O=Fra, L=BER, ST=BER, C=DE
02:36:22.792 [Test worker] DEBUG o.a.h.i.c.DefaultHttpClientConnectionOperator - Connection established 127.0.0.1:41388<->127.0.1.1:2376
02:36:22.792 [Test worker] DEBUG o.a.h.impl.execchain.MainClientExec - Executing request POST /networks/250c5ac22f583b746f1c5789bee22dacef14a6c9284947d13cc72eb2d299f5e9/connect HTTP/1.1
02:36:22.792 [Test worker] DEBUG o.a.h.impl.execchain.MainClientExec - Target auth state: UNCHALLENGED
02:36:22.792 [Test worker] DEBUG o.a.h.impl.execchain.MainClientExec - Proxy auth state: UNCHALLENGED
02:36:22.792 [Test worker] DEBUG org.apache.http.headers - http-outgoing-44 >> POST /networks/250c5ac22f583b746f1c5789bee22dacef14a6c9284947d13cc72eb2d299f5e9/connect HTTP/1.1
02:36:22.792 [Test worker] DEBUG org.apache.http.headers - http-outgoing-44 >> Content-Type: application/json
02:36:22.793 [Test worker] DEBUG org.apache.http.headers - http-outgoing-44 >> User-Agent: Jersey/2.23.1 (Apache HttpClient 4.5.1)
02:36:22.793 [Test worker] DEBUG org.apache.http.headers - http-outgoing-44 >> Transfer-Encoding: chunked
02:36:22.793 [Test worker] DEBUG org.apache.http.headers - http-outgoing-44 >> Host: Thesis:2376
02:36:22.793 [Test worker] DEBUG org.apache.http.headers - http-outgoing-44 >> Connection: Keep-Alive
02:36:22.794 [Test worker] DEBUG org.apache.http.headers - http-outgoing-44 >> Accept-Encoding: gzip,deflate
02:36:22.799 [Test worker] DEBUG c.g.d.j.JerseyDockerCmdExecFactory - 19 * Sending client request on thread Test worker
19 > POST https://Thesis:2376/networks/250c5ac22f583b746f1c5789bee22dacef14a6c9284947d13cc72eb2d299f5e9/connect
19 > Content-Type: application/json
{"containerConfig":{"IPAMConfig":{"IPv4Address":null,"IPv6Address":null},"Links":null,"Aliases":null,"NetworkID":null,"EndpointID":null,"Gateway":null,"IPAddress":null,"IPPrefixLen":null,"IPv6Gateway":null,"GlobalIPv6Address":null,"GlobalIPv6PrefixLen":null,"MacAddress":null},"Container":"2b2417525f891b1cc317437f699f1b6c0f3ac77d3c048864f03bd20019d2604c","EndpointConfig":{"IPAMConfig":{"IPv4Address":null,"IPv6Address":null},"Links":null,"Aliases":null,"NetworkID":null,"EndpointID":null,"Gateway":null,"IPAddress":null,"IPPrefixLen":null,"IPv6Gateway":null,"GlobalIPv6Address":null,"GlobalIPv6PrefixLen":null,"MacAddress":null}}

02:36:22.799 [Test worker] DEBUG org.apache.http.wire - http-outgoing-44 >> "POST /networks/250c5ac22f583b746f1c5789bee22dacef14a6c9284947d13cc72eb2d299f5e9/connect HTTP/1.1[\r][\n]"
02:36:22.799 [Test worker] DEBUG org.apache.http.wire - http-outgoing-44 >> "Content-Type: application/json[\r][\n]"
02:36:22.800 [Test worker] DEBUG org.apache.http.wire - http-outgoing-44 >> "User-Agent: Jersey/2.23.1 (Apache HttpClient 4.5.1)[\r][\n]"
02:36:22.800 [Test worker] DEBUG org.apache.http.wire - http-outgoing-44 >> "Transfer-Encoding: chunked[\r][\n]"
02:36:22.800 [Test worker] DEBUG org.apache.http.wire - http-outgoing-44 >> "Host: Thesis:2376[\r][\n]"
02:36:22.800 [Test worker] DEBUG org.apache.http.wire - http-outgoing-44 >> "Connection: Keep-Alive[\r][\n]"
02:36:22.800 [Test worker] DEBUG org.apache.http.wire - http-outgoing-44 >> "Accept-Encoding: gzip,deflate[\r][\n]"
02:36:22.800 [Test worker] DEBUG org.apache.http.wire - http-outgoing-44 >> "[\r][\n]"
02:36:22.800 [Test worker] DEBUG org.apache.http.wire - http-outgoing-44 >> "277[\r][\n]"
02:36:22.801 [Test worker] DEBUG org.apache.http.wire - http-outgoing-44 >> "{"containerConfig":{"IPAMConfig":{"IPv4Address":null,"IPv6Address":null},"Links":null,"Aliases":null,"NetworkID":null,"EndpointID":null,"Gateway":null,"IPAddress":null,"IPPrefixLen":null,"IPv6Gateway":null,"GlobalIPv6Address":null,"GlobalIPv6PrefixLen":null,"MacAddress":null},"Container":"2b2417525f891b1cc317437f699f1b6c0f3ac77d3c048864f03bd20019d2604c","EndpointConfig":{"IPAMConfig":{"IPv4Address":null,"IPv6Address":null},"Links":null,"Aliases":null,"NetworkID":null,"EndpointID":null,"Gateway":null,"IPAddress":null,"IPPrefixLen":null,"IPv6Gateway":null,"GlobalIPv6Address":null,"GlobalIPv6PrefixLen":null,"MacAddress":null}}[\r][\n]"
02:36:22.801 [Test worker] DEBUG org.apache.http.wire - http-outgoing-44 >> "0[\r][\n]"
02:36:22.801 [Test worker] DEBUG org.apache.http.wire - http-outgoing-44 >> "[\r][\n]"
02:36:22.937 [Test worker] DEBUG org.apache.http.wire - http-outgoing-44 << "H"
02:36:22.938 [Test worker] DEBUG org.apache.http.wire - http-outgoing-44 << "TTP/1.1 200 OK[\r][\n]"
02:36:22.938 [Test worker] DEBUG org.apache.http.wire - http-outgoing-44 << "Server: Docker/1.12.3 (linux)[\r][\n]"
02:36:22.938 [Test worker] DEBUG org.apache.http.wire - http-outgoing-44 << "Date: Tue, 03 Jan 2017 01:36:22 GMT[\r][\n]"
02:36:22.938 [Test worker] DEBUG org.apache.http.wire - http-outgoing-44 << "Content-Length: 0[\r][\n]"
02:36:22.938 [Test worker] DEBUG org.apache.http.wire - http-outgoing-44 << "Content-Type: text/plain; charset=utf-8[\r][\n]"
02:36:22.938 [Test worker] DEBUG org.apache.http.wire - http-outgoing-44 << "[\r][\n]"
02:36:22.938 [Test worker] DEBUG org.apache.http.headers - http-outgoing-44 << HTTP/1.1 200 OK
02:36:22.938 [Test worker] DEBUG org.apache.http.headers - http-outgoing-44 << Server: Docker/1.12.3 (linux)
02:36:22.938 [Test worker] DEBUG org.apache.http.headers - http-outgoing-44 << Date: Tue, 03 Jan 2017 01:36:22 GMT
02:36:22.938 [Test worker] DEBUG org.apache.http.headers - http-outgoing-44 << Content-Length: 0
02:36:22.938 [Test worker] DEBUG org.apache.http.headers - http-outgoing-44 << Content-Type: text/plain; charset=utf-8
02:36:22.938 [Test worker] DEBUG o.a.h.impl.execchain.MainClientExec - Connection can be kept alive indefinitely
02:36:22.938 [Test worker] DEBUG c.g.d.j.JerseyDockerCmdExecFactory$1 - Connection [id: 44][route: {s}->https://Thesis:2376][state: CN=Thesis] can be kept alive indefinitely
02:36:22.938 [Test worker] DEBUG c.g.d.j.JerseyDockerCmdExecFactory$1 - Connection released: [id: 44][route: {s}->https://Thesis:2376][state: CN=Thesis][total kept alive: 2; route allocated: 2 of 2; total allocated: 2 of 20]
02:36:22.939 [Test worker] DEBUG c.g.d.j.JerseyDockerCmdExecFactory - 20 * Client response received on thread Test worker
20 < 200
20 < Content-Length: 0
20 < Content-Type: application/json;charset=utf-8
20 < Date: Tue, 03 Jan 2017 01:36:22 GMT
20 < Server: Docker/1.12.3 (linux)

02:36:22.939 [Test worker] INFO  org.openbaton.docker.DockerVim - Container connected to the Network Successfully
02:36:22.939 [Test worker] DEBUG c.g.d.core.command.AbstrDockerCmd - Cmd: 250c5ac22f583b746f1c5789bee22dacef14a6c9284947d13cc72eb2d299f5e9,com.github.dockerjava.jaxrs.InspectNetworkCmdExec@6cd9f6cb
02:36:22.939 [Test worker] DEBUG c.g.d.jaxrs.ListNetworksCmdExec - GET: JerseyWebTarget { https://Thesis:2376/networks/250c5ac22f583b746f1c5789bee22dacef14a6c9284947d13cc72eb2d299f5e9 }
02:36:22.940 [Test worker] DEBUG c.g.d.j.JerseyDockerCmdExecFactory - 21 * Sending client request on thread Test worker
21 > GET https://Thesis:2376/networks/250c5ac22f583b746f1c5789bee22dacef14a6c9284947d13cc72eb2d299f5e9
21 > Accept: application/json

02:36:22.946 [Test worker] DEBUG o.a.h.c.protocol.RequestAddCookies - CookieSpec selected: default
02:36:22.946 [Test worker] DEBUG o.a.h.c.protocol.RequestAuthCache - Auth cache not set in the context
02:36:22.946 [Test worker] DEBUG c.g.d.j.JerseyDockerCmdExecFactory$1 - Connection request: [route: {s}->https://Thesis:2376][total kept alive: 2; route allocated: 2 of 2; total allocated: 2 of 20]
02:36:22.946 [Test worker] DEBUG o.a.h.i.c.DefaultManagedHttpClientConnection - http-outgoing-42: Close connection
02:36:22.947 [Test worker] DEBUG c.g.d.j.JerseyDockerCmdExecFactory$1 - Connection leased: [id: 45][route: {s}->https://Thesis:2376][total kept alive: 1; route allocated: 2 of 2; total allocated: 2 of 20]
02:36:22.947 [Test worker] DEBUG o.a.h.impl.execchain.MainClientExec - Opening connection {s}->https://Thesis:2376
02:36:22.947 [Test worker] DEBUG o.a.h.i.c.DefaultHttpClientConnectionOperator - Connecting to Thesis/127.0.1.1:2376
02:36:22.947 [Test worker] DEBUG o.a.h.c.s.SSLConnectionSocketFactory - Connecting socket to Thesis/127.0.1.1:2376 with timeout 0
02:36:22.948 [Test worker] DEBUG o.a.h.c.s.SSLConnectionSocketFactory - Enabled protocols: [TLSv1]
02:36:22.948 [Test worker] DEBUG o.a.h.c.s.SSLConnectionSocketFactory - Enabled cipher suites:[TLS_ECDHE_ECDSA_WITH_AES_128_CBC_SHA, TLS_ECDHE_RSA_WITH_AES_128_CBC_SHA, TLS_RSA_WITH_AES_128_CBC_SHA, TLS_ECDH_ECDSA_WITH_AES_128_CBC_SHA, TLS_ECDH_RSA_WITH_AES_128_CBC_SHA, TLS_DHE_RSA_WITH_AES_128_CBC_SHA, TLS_DHE_DSS_WITH_AES_128_CBC_SHA, TLS_ECDHE_ECDSA_WITH_3DES_EDE_CBC_SHA, TLS_ECDHE_RSA_WITH_3DES_EDE_CBC_SHA, SSL_RSA_WITH_3DES_EDE_CBC_SHA, TLS_ECDH_ECDSA_WITH_3DES_EDE_CBC_SHA, TLS_ECDH_RSA_WITH_3DES_EDE_CBC_SHA, SSL_DHE_RSA_WITH_3DES_EDE_CBC_SHA, SSL_DHE_DSS_WITH_3DES_EDE_CBC_SHA, TLS_ECDHE_ECDSA_WITH_RC4_128_SHA, TLS_ECDHE_RSA_WITH_RC4_128_SHA, SSL_RSA_WITH_RC4_128_SHA, TLS_ECDH_ECDSA_WITH_RC4_128_SHA, TLS_ECDH_RSA_WITH_RC4_128_SHA, SSL_RSA_WITH_RC4_128_MD5, TLS_EMPTY_RENEGOTIATION_INFO_SCSV]
02:36:22.949 [Test worker] DEBUG o.a.h.c.s.SSLConnectionSocketFactory - Starting handshake
02:36:23.032 [Test worker] DEBUG o.a.h.c.s.SSLConnectionSocketFactory - Secure session established
02:36:23.033 [Test worker] DEBUG o.a.h.c.s.SSLConnectionSocketFactory -  negotiated protocol: TLSv1
02:36:23.033 [Test worker] DEBUG o.a.h.c.s.SSLConnectionSocketFactory -  negotiated cipher suite: TLS_ECDHE_RSA_WITH_AES_128_CBC_SHA
02:36:23.033 [Test worker] DEBUG o.a.h.c.s.SSLConnectionSocketFactory -  peer principal: CN=Thesis
02:36:23.034 [Test worker] DEBUG o.a.h.c.s.SSLConnectionSocketFactory -  issuer principal: EMAILADDRESS=sha@yamil.com, CN=Thesis, OU=Open, O=Fra, L=BER, ST=BER, C=DE
02:36:23.034 [Test worker] DEBUG o.a.h.i.c.DefaultHttpClientConnectionOperator - Connection established 127.0.0.1:41390<->127.0.1.1:2376
02:36:23.034 [Test worker] DEBUG o.a.h.impl.execchain.MainClientExec - Executing request GET /networks/250c5ac22f583b746f1c5789bee22dacef14a6c9284947d13cc72eb2d299f5e9 HTTP/1.1
02:36:23.034 [Test worker] DEBUG o.a.h.impl.execchain.MainClientExec - Target auth state: UNCHALLENGED
02:36:23.034 [Test worker] DEBUG o.a.h.impl.execchain.MainClientExec - Proxy auth state: UNCHALLENGED
02:36:23.035 [Test worker] DEBUG org.apache.http.headers - http-outgoing-45 >> GET /networks/250c5ac22f583b746f1c5789bee22dacef14a6c9284947d13cc72eb2d299f5e9 HTTP/1.1
02:36:23.035 [Test worker] DEBUG org.apache.http.headers - http-outgoing-45 >> Accept: application/json
02:36:23.035 [Test worker] DEBUG org.apache.http.headers - http-outgoing-45 >> User-Agent: Jersey/2.23.1 (Apache HttpClient 4.5.1)
02:36:23.035 [Test worker] DEBUG org.apache.http.headers - http-outgoing-45 >> Host: Thesis:2376
02:36:23.035 [Test worker] DEBUG org.apache.http.headers - http-outgoing-45 >> Connection: Keep-Alive
02:36:23.035 [Test worker] DEBUG org.apache.http.headers - http-outgoing-45 >> Accept-Encoding: gzip,deflate
02:36:23.035 [Test worker] DEBUG org.apache.http.wire - http-outgoing-45 >> "GET /networks/250c5ac22f583b746f1c5789bee22dacef14a6c9284947d13cc72eb2d299f5e9 HTTP/1.1[\r][\n]"
02:36:23.036 [Test worker] DEBUG org.apache.http.wire - http-outgoing-45 >> "Accept: application/json[\r][\n]"
02:36:23.036 [Test worker] DEBUG org.apache.http.wire - http-outgoing-45 >> "User-Agent: Jersey/2.23.1 (Apache HttpClient 4.5.1)[\r][\n]"
02:36:23.036 [Test worker] DEBUG org.apache.http.wire - http-outgoing-45 >> "Host: Thesis:2376[\r][\n]"
02:36:23.036 [Test worker] DEBUG org.apache.http.wire - http-outgoing-45 >> "Connection: Keep-Alive[\r][\n]"
02:36:23.037 [Test worker] DEBUG org.apache.http.wire - http-outgoing-45 >> "Accept-Encoding: gzip,deflate[\r][\n]"
02:36:23.037 [Test worker] DEBUG org.apache.http.wire - http-outgoing-45 >> "[\r][\n]"
02:36:23.037 [Test worker] DEBUG org.apache.http.wire - http-outgoing-45 << "H"
02:36:23.038 [Test worker] DEBUG org.apache.http.wire - http-outgoing-45 << "TTP/1.1 200 OK[\r][\n]"
02:36:23.038 [Test worker] DEBUG org.apache.http.wire - http-outgoing-45 << "Content-Type: application/json[\r][\n]"
02:36:23.038 [Test worker] DEBUG org.apache.http.wire - http-outgoing-45 << "Server: Docker/1.12.3 (linux)[\r][\n]"
02:36:23.038 [Test worker] DEBUG org.apache.http.wire - http-outgoing-45 << "Date: Tue, 03 Jan 2017 01:36:23 GMT[\r][\n]"
02:36:23.038 [Test worker] DEBUG org.apache.http.wire - http-outgoing-45 << "Content-Length: 560[\r][\n]"
02:36:23.038 [Test worker] DEBUG org.apache.http.wire - http-outgoing-45 << "[\r][\n]"
02:36:23.039 [Test worker] DEBUG org.apache.http.wire - http-outgoing-45 << "{"Name":"MyNetwork","Id":"250c5ac22f583b746f1c5789bee22dacef14a6c9284947d13cc72eb2d299f5e9","Scope":"local","Driver":"bridge","EnableIPv6":false,"IPAM":{"Driver":"default","Options":null,"Config":[{"Subnet":"172.18.0.0/16","Gateway":"172.18.0.1/16"}]},"Internal":false,"Containers":{"2b2417525f891b1cc317437f699f1b6c0f3ac77d3c048864f03bd20019d2604c":{"Name":"MyContainer","EndpointID":"016ce148219e86da58030816b388c2587bed7af8a31362d44c517e498b4ad8e9","MacAddress":"02:42:ac:12:00:02","IPv4Address":"172.18.0.2/16","IPv6Address":""}},"Options":{},"Labels":{}}[\n]"
02:36:23.039 [Test worker] DEBUG org.apache.http.headers - http-outgoing-45 << HTTP/1.1 200 OK
02:36:23.039 [Test worker] DEBUG org.apache.http.headers - http-outgoing-45 << Content-Type: application/json
02:36:23.039 [Test worker] DEBUG org.apache.http.headers - http-outgoing-45 << Server: Docker/1.12.3 (linux)
02:36:23.039 [Test worker] DEBUG org.apache.http.headers - http-outgoing-45 << Date: Tue, 03 Jan 2017 01:36:23 GMT
02:36:23.039 [Test worker] DEBUG org.apache.http.headers - http-outgoing-45 << Content-Length: 560
02:36:23.039 [Test worker] DEBUG o.a.h.impl.execchain.MainClientExec - Connection can be kept alive indefinitely
02:36:23.040 [Test worker] DEBUG c.g.d.j.JerseyDockerCmdExecFactory - 22 * Client response received on thread Test worker
22 < 200
22 < Content-Length: 560
22 < Content-Type: application/json
22 < Date: Tue, 03 Jan 2017 01:36:23 GMT
22 < Server: Docker/1.12.3 (linux)
{"Name":"MyNetwork","Id":"250c5ac22f583b746f1c5789bee22dacef14a6c9284947d13cc72eb2d299f5e9","Scope":"local","Driver":"bridge","EnableIPv6":false,"IPAM":{"Driver":"default","Options":null,"Config":[{"Subnet":"172.18.0.0/16","Gateway":"172.18.0.1/16"}]},"Internal":false,"Containers":{"2b2417525f891b1cc317437f699f1b6c0f3ac77d3c048864f03bd20019d2604c":{"Name":"MyContainer","EndpointID":"016ce148219e86da58030816b388c2587bed7af8a31362d44c517e498b4ad8e9","MacAddress":"02:42:ac:12:00:02","IPv4Address":"172.18.0.2/16","IPv6Address":""}},"Options":{},"Labels":{}}


02:36:23.042 [Test worker] DEBUG o.a.h.i.c.DefaultManagedHttpClientConnection - http-outgoing-45: Close connection
02:36:23.042 [Test worker] DEBUG o.a.h.impl.execchain.MainClientExec - Connection discarded
02:36:23.042 [Test worker] DEBUG c.g.d.j.JerseyDockerCmdExecFactory$1 - Connection released: [id: 45][route: {s}->https://Thesis:2376][total kept alive: 1; route allocated: 1 of 2; total allocated: 1 of 20]
02:36:23.043 [Test worker] DEBUG c.g.d.core.command.AbstrDockerCmd - Cmd: 250c5ac22f583b746f1c5789bee22dacef14a6c9284947d13cc72eb2d299f5e9,2b2417525f891b1cc317437f699f1b6c0f3ac77d3c048864f03bd20019d2604c,<null>,com.github.dockerjava.jaxrs.DisconnectFromNetworkCmdExec@7e3468b1
02:36:23.044 [Test worker] DEBUG o.a.h.c.protocol.RequestAddCookies - CookieSpec selected: default
02:36:23.044 [Test worker] DEBUG o.a.h.c.protocol.RequestAuthCache - Auth cache not set in the context
02:36:23.044 [Test worker] DEBUG c.g.d.j.JerseyDockerCmdExecFactory$1 - Connection request: [route: {s}->https://Thesis:2376][total kept alive: 1; route allocated: 1 of 2; total allocated: 1 of 20]
02:36:23.045 [Test worker] DEBUG c.g.d.j.JerseyDockerCmdExecFactory$1 - Connection leased: [id: 46][route: {s}->https://Thesis:2376][total kept alive: 1; route allocated: 2 of 2; total allocated: 2 of 20]
02:36:23.045 [Test worker] DEBUG o.a.h.impl.execchain.MainClientExec - Opening connection {s}->https://Thesis:2376
02:36:23.045 [Test worker] DEBUG o.a.h.i.c.DefaultHttpClientConnectionOperator - Connecting to Thesis/127.0.1.1:2376
02:36:23.045 [Test worker] DEBUG o.a.h.c.s.SSLConnectionSocketFactory - Connecting socket to Thesis/127.0.1.1:2376 with timeout 0
02:36:23.046 [Test worker] DEBUG o.a.h.c.s.SSLConnectionSocketFactory - Enabled protocols: [TLSv1]
02:36:23.046 [Test worker] DEBUG o.a.h.c.s.SSLConnectionSocketFactory - Enabled cipher suites:[TLS_ECDHE_ECDSA_WITH_AES_128_CBC_SHA, TLS_ECDHE_RSA_WITH_AES_128_CBC_SHA, TLS_RSA_WITH_AES_128_CBC_SHA, TLS_ECDH_ECDSA_WITH_AES_128_CBC_SHA, TLS_ECDH_RSA_WITH_AES_128_CBC_SHA, TLS_DHE_RSA_WITH_AES_128_CBC_SHA, TLS_DHE_DSS_WITH_AES_128_CBC_SHA, TLS_ECDHE_ECDSA_WITH_3DES_EDE_CBC_SHA, TLS_ECDHE_RSA_WITH_3DES_EDE_CBC_SHA, SSL_RSA_WITH_3DES_EDE_CBC_SHA, TLS_ECDH_ECDSA_WITH_3DES_EDE_CBC_SHA, TLS_ECDH_RSA_WITH_3DES_EDE_CBC_SHA, SSL_DHE_RSA_WITH_3DES_EDE_CBC_SHA, SSL_DHE_DSS_WITH_3DES_EDE_CBC_SHA, TLS_ECDHE_ECDSA_WITH_RC4_128_SHA, TLS_ECDHE_RSA_WITH_RC4_128_SHA, SSL_RSA_WITH_RC4_128_SHA, TLS_ECDH_ECDSA_WITH_RC4_128_SHA, TLS_ECDH_RSA_WITH_RC4_128_SHA, SSL_RSA_WITH_RC4_128_MD5, TLS_EMPTY_RENEGOTIATION_INFO_SCSV]
02:36:23.046 [Test worker] DEBUG o.a.h.c.s.SSLConnectionSocketFactory - Starting handshake
02:36:23.107 [Test worker] DEBUG o.a.h.c.s.SSLConnectionSocketFactory - Secure session established
02:36:23.107 [Test worker] DEBUG o.a.h.c.s.SSLConnectionSocketFactory -  negotiated protocol: TLSv1
02:36:23.107 [Test worker] DEBUG o.a.h.c.s.SSLConnectionSocketFactory -  negotiated cipher suite: TLS_ECDHE_RSA_WITH_AES_128_CBC_SHA
02:36:23.108 [Test worker] DEBUG o.a.h.c.s.SSLConnectionSocketFactory -  peer principal: CN=Thesis
02:36:23.108 [Test worker] DEBUG o.a.h.c.s.SSLConnectionSocketFactory -  issuer principal: EMAILADDRESS=sha@yamil.com, CN=Thesis, OU=Open, O=Fra, L=BER, ST=BER, C=DE
02:36:23.108 [Test worker] DEBUG o.a.h.i.c.DefaultHttpClientConnectionOperator - Connection established 127.0.0.1:41392<->127.0.1.1:2376
02:36:23.108 [Test worker] DEBUG o.a.h.impl.execchain.MainClientExec - Executing request POST /networks/250c5ac22f583b746f1c5789bee22dacef14a6c9284947d13cc72eb2d299f5e9/disconnect HTTP/1.1
02:36:23.108 [Test worker] DEBUG o.a.h.impl.execchain.MainClientExec - Target auth state: UNCHALLENGED
02:36:23.108 [Test worker] DEBUG o.a.h.impl.execchain.MainClientExec - Proxy auth state: UNCHALLENGED
02:36:23.109 [Test worker] DEBUG org.apache.http.headers - http-outgoing-46 >> POST /networks/250c5ac22f583b746f1c5789bee22dacef14a6c9284947d13cc72eb2d299f5e9/disconnect HTTP/1.1
02:36:23.109 [Test worker] DEBUG org.apache.http.headers - http-outgoing-46 >> Content-Type: application/json
02:36:23.109 [Test worker] DEBUG org.apache.http.headers - http-outgoing-46 >> User-Agent: Jersey/2.23.1 (Apache HttpClient 4.5.1)
02:36:23.109 [Test worker] DEBUG org.apache.http.headers - http-outgoing-46 >> Transfer-Encoding: chunked
02:36:23.109 [Test worker] DEBUG org.apache.http.headers - http-outgoing-46 >> Host: Thesis:2376
02:36:23.109 [Test worker] DEBUG org.apache.http.headers - http-outgoing-46 >> Connection: Keep-Alive
02:36:23.109 [Test worker] DEBUG org.apache.http.headers - http-outgoing-46 >> Accept-Encoding: gzip,deflate
02:36:23.111 [Test worker] DEBUG c.g.d.j.JerseyDockerCmdExecFactory - 23 * Sending client request on thread Test worker
23 > POST https://Thesis:2376/networks/250c5ac22f583b746f1c5789bee22dacef14a6c9284947d13cc72eb2d299f5e9/disconnect
23 > Content-Type: application/json
{"Container":"2b2417525f891b1cc317437f699f1b6c0f3ac77d3c048864f03bd20019d2604c","Force":null}

02:36:23.112 [Test worker] DEBUG org.apache.http.wire - http-outgoing-46 >> "POST /networks/250c5ac22f583b746f1c5789bee22dacef14a6c9284947d13cc72eb2d299f5e9/disconnect HTTP/1.1[\r][\n]"
02:36:23.112 [Test worker] DEBUG org.apache.http.wire - http-outgoing-46 >> "Content-Type: application/json[\r][\n]"
02:36:23.112 [Test worker] DEBUG org.apache.http.wire - http-outgoing-46 >> "User-Agent: Jersey/2.23.1 (Apache HttpClient 4.5.1)[\r][\n]"
02:36:23.112 [Test worker] DEBUG org.apache.http.wire - http-outgoing-46 >> "Transfer-Encoding: chunked[\r][\n]"
02:36:23.112 [Test worker] DEBUG org.apache.http.wire - http-outgoing-46 >> "Host: Thesis:2376[\r][\n]"
02:36:23.112 [Test worker] DEBUG org.apache.http.wire - http-outgoing-46 >> "Connection: Keep-Alive[\r][\n]"
02:36:23.112 [Test worker] DEBUG org.apache.http.wire - http-outgoing-46 >> "Accept-Encoding: gzip,deflate[\r][\n]"
02:36:23.113 [Test worker] DEBUG org.apache.http.wire - http-outgoing-46 >> "[\r][\n]"
02:36:23.113 [Test worker] DEBUG org.apache.http.wire - http-outgoing-46 >> "5d[\r][\n]"
02:36:23.113 [Test worker] DEBUG org.apache.http.wire - http-outgoing-46 >> "{"Container":"2b2417525f891b1cc317437f699f1b6c0f3ac77d3c048864f03bd20019d2604c","Force":null}[\r][\n]"
02:36:23.113 [Test worker] DEBUG org.apache.http.wire - http-outgoing-46 >> "0[\r][\n]"
02:36:23.113 [Test worker] DEBUG org.apache.http.wire - http-outgoing-46 >> "[\r][\n]"
02:36:23.196 [Test worker] DEBUG org.apache.http.wire - http-outgoing-46 << "H"
02:36:23.197 [Test worker] DEBUG org.apache.http.wire - http-outgoing-46 << "TTP/1.1 200 OK[\r][\n]"
02:36:23.197 [Test worker] DEBUG org.apache.http.wire - http-outgoing-46 << "Server: Docker/1.12.3 (linux)[\r][\n]"
02:36:23.197 [Test worker] DEBUG org.apache.http.wire - http-outgoing-46 << "Date: Tue, 03 Jan 2017 01:36:23 GMT[\r][\n]"
02:36:23.197 [Test worker] DEBUG org.apache.http.wire - http-outgoing-46 << "Content-Length: 0[\r][\n]"
02:36:23.197 [Test worker] DEBUG org.apache.http.wire - http-outgoing-46 << "Content-Type: text/plain; charset=utf-8[\r][\n]"
02:36:23.197 [Test worker] DEBUG org.apache.http.wire - http-outgoing-46 << "[\r][\n]"
02:36:23.197 [Test worker] DEBUG org.apache.http.headers - http-outgoing-46 << HTTP/1.1 200 OK
02:36:23.197 [Test worker] DEBUG org.apache.http.headers - http-outgoing-46 << Server: Docker/1.12.3 (linux)
02:36:23.197 [Test worker] DEBUG org.apache.http.headers - http-outgoing-46 << Date: Tue, 03 Jan 2017 01:36:23 GMT
02:36:23.197 [Test worker] DEBUG org.apache.http.headers - http-outgoing-46 << Content-Length: 0
02:36:23.197 [Test worker] DEBUG org.apache.http.headers - http-outgoing-46 << Content-Type: text/plain; charset=utf-8
02:36:23.197 [Test worker] DEBUG o.a.h.impl.execchain.MainClientExec - Connection can be kept alive indefinitely
02:36:23.197 [Test worker] DEBUG c.g.d.j.JerseyDockerCmdExecFactory$1 - Connection [id: 46][route: {s}->https://Thesis:2376][state: CN=Thesis] can be kept alive indefinitely
02:36:23.197 [Test worker] DEBUG c.g.d.j.JerseyDockerCmdExecFactory$1 - Connection released: [id: 46][route: {s}->https://Thesis:2376][state: CN=Thesis][total kept alive: 2; route allocated: 2 of 2; total allocated: 2 of 20]
02:36:23.197 [Test worker] DEBUG c.g.d.j.JerseyDockerCmdExecFactory - 24 * Client response received on thread Test worker
24 < 200
24 < Content-Length: 0
24 < Content-Type: application/json;charset=utf-8
24 < Date: Tue, 03 Jan 2017 01:36:23 GMT
24 < Server: Docker/1.12.3 (linux)

02:36:23.198 [Test worker] INFO  org.openbaton.docker.DockerVim - Container disconnected to the Network Successfully
02:36:23.198 [Test worker] DEBUG c.g.d.core.command.AbstrDockerCmd - Cmd: 2b2417525f891b1cc317437f699f1b6c0f3ac77d3c048864f03bd20019d2604c,false,com.github.dockerjava.jaxrs.InspectContainerCmdExec@316388cd
02:36:23.199 [Test worker] DEBUG c.g.d.jaxrs.InspectContainerCmdExec - GET: JerseyWebTarget { https://Thesis:2376/containers/2b2417525f891b1cc317437f699f1b6c0f3ac77d3c048864f03bd20019d2604c/json }
02:36:23.199 [Test worker] DEBUG c.g.d.j.JerseyDockerCmdExecFactory - 25 * Sending client request on thread Test worker
25 > GET https://Thesis:2376/containers/2b2417525f891b1cc317437f699f1b6c0f3ac77d3c048864f03bd20019d2604c/json
25 > Accept: application/json

02:36:23.202 [Test worker] DEBUG o.a.h.c.protocol.RequestAddCookies - CookieSpec selected: default
02:36:23.202 [Test worker] DEBUG o.a.h.c.protocol.RequestAuthCache - Auth cache not set in the context
02:36:23.202 [Test worker] DEBUG c.g.d.j.JerseyDockerCmdExecFactory$1 - Connection request: [route: {s}->https://Thesis:2376][total kept alive: 2; route allocated: 2 of 2; total allocated: 2 of 20]
02:36:23.202 [Test worker] DEBUG o.a.h.i.c.DefaultManagedHttpClientConnection - http-outgoing-44: Close connection
02:36:23.203 [Test worker] DEBUG c.g.d.j.JerseyDockerCmdExecFactory$1 - Connection leased: [id: 47][route: {s}->https://Thesis:2376][total kept alive: 1; route allocated: 2 of 2; total allocated: 2 of 20]
02:36:23.206 [Test worker] DEBUG o.a.h.impl.execchain.MainClientExec - Opening connection {s}->https://Thesis:2376
02:36:23.206 [Test worker] DEBUG o.a.h.i.c.DefaultHttpClientConnectionOperator - Connecting to Thesis/127.0.1.1:2376
02:36:23.206 [Test worker] DEBUG o.a.h.c.s.SSLConnectionSocketFactory - Connecting socket to Thesis/127.0.1.1:2376 with timeout 0
02:36:23.207 [Test worker] DEBUG o.a.h.c.s.SSLConnectionSocketFactory - Enabled protocols: [TLSv1]
02:36:23.207 [Test worker] DEBUG o.a.h.c.s.SSLConnectionSocketFactory - Enabled cipher suites:[TLS_ECDHE_ECDSA_WITH_AES_128_CBC_SHA, TLS_ECDHE_RSA_WITH_AES_128_CBC_SHA, TLS_RSA_WITH_AES_128_CBC_SHA, TLS_ECDH_ECDSA_WITH_AES_128_CBC_SHA, TLS_ECDH_RSA_WITH_AES_128_CBC_SHA, TLS_DHE_RSA_WITH_AES_128_CBC_SHA, TLS_DHE_DSS_WITH_AES_128_CBC_SHA, TLS_ECDHE_ECDSA_WITH_3DES_EDE_CBC_SHA, TLS_ECDHE_RSA_WITH_3DES_EDE_CBC_SHA, SSL_RSA_WITH_3DES_EDE_CBC_SHA, TLS_ECDH_ECDSA_WITH_3DES_EDE_CBC_SHA, TLS_ECDH_RSA_WITH_3DES_EDE_CBC_SHA, SSL_DHE_RSA_WITH_3DES_EDE_CBC_SHA, SSL_DHE_DSS_WITH_3DES_EDE_CBC_SHA, TLS_ECDHE_ECDSA_WITH_RC4_128_SHA, TLS_ECDHE_RSA_WITH_RC4_128_SHA, SSL_RSA_WITH_RC4_128_SHA, TLS_ECDH_ECDSA_WITH_RC4_128_SHA, TLS_ECDH_RSA_WITH_RC4_128_SHA, SSL_RSA_WITH_RC4_128_MD5, TLS_EMPTY_RENEGOTIATION_INFO_SCSV]
02:36:23.207 [Test worker] DEBUG o.a.h.c.s.SSLConnectionSocketFactory - Starting handshake
02:36:23.267 [Test worker] DEBUG o.a.h.c.s.SSLConnectionSocketFactory - Secure session established
02:36:23.268 [Test worker] DEBUG o.a.h.c.s.SSLConnectionSocketFactory -  negotiated protocol: TLSv1
02:36:23.268 [Test worker] DEBUG o.a.h.c.s.SSLConnectionSocketFactory -  negotiated cipher suite: TLS_ECDHE_RSA_WITH_AES_128_CBC_SHA
02:36:23.268 [Test worker] DEBUG o.a.h.c.s.SSLConnectionSocketFactory -  peer principal: CN=Thesis
02:36:23.268 [Test worker] DEBUG o.a.h.c.s.SSLConnectionSocketFactory -  issuer principal: EMAILADDRESS=sha@yamil.com, CN=Thesis, OU=Open, O=Fra, L=BER, ST=BER, C=DE
02:36:23.268 [Test worker] DEBUG o.a.h.i.c.DefaultHttpClientConnectionOperator - Connection established 127.0.0.1:41394<->127.0.1.1:2376
02:36:23.268 [Test worker] DEBUG o.a.h.impl.execchain.MainClientExec - Executing request GET /containers/2b2417525f891b1cc317437f699f1b6c0f3ac77d3c048864f03bd20019d2604c/json HTTP/1.1
02:36:23.269 [Test worker] DEBUG o.a.h.impl.execchain.MainClientExec - Target auth state: UNCHALLENGED
02:36:23.269 [Test worker] DEBUG o.a.h.impl.execchain.MainClientExec - Proxy auth state: UNCHALLENGED
02:36:23.269 [Test worker] DEBUG org.apache.http.headers - http-outgoing-47 >> GET /containers/2b2417525f891b1cc317437f699f1b6c0f3ac77d3c048864f03bd20019d2604c/json HTTP/1.1
02:36:23.269 [Test worker] DEBUG org.apache.http.headers - http-outgoing-47 >> Accept: application/json
02:36:23.269 [Test worker] DEBUG org.apache.http.headers - http-outgoing-47 >> User-Agent: Jersey/2.23.1 (Apache HttpClient 4.5.1)
02:36:23.269 [Test worker] DEBUG org.apache.http.headers - http-outgoing-47 >> Host: Thesis:2376
02:36:23.270 [Test worker] DEBUG org.apache.http.headers - http-outgoing-47 >> Connection: Keep-Alive
02:36:23.270 [Test worker] DEBUG org.apache.http.headers - http-outgoing-47 >> Accept-Encoding: gzip,deflate
02:36:23.270 [Test worker] DEBUG org.apache.http.wire - http-outgoing-47 >> "GET /containers/2b2417525f891b1cc317437f699f1b6c0f3ac77d3c048864f03bd20019d2604c/json HTTP/1.1[\r][\n]"
02:36:23.270 [Test worker] DEBUG org.apache.http.wire - http-outgoing-47 >> "Accept: application/json[\r][\n]"
02:36:23.270 [Test worker] DEBUG org.apache.http.wire - http-outgoing-47 >> "User-Agent: Jersey/2.23.1 (Apache HttpClient 4.5.1)[\r][\n]"
02:36:23.270 [Test worker] DEBUG org.apache.http.wire - http-outgoing-47 >> "Host: Thesis:2376[\r][\n]"
02:36:23.270 [Test worker] DEBUG org.apache.http.wire - http-outgoing-47 >> "Connection: Keep-Alive[\r][\n]"
02:36:23.271 [Test worker] DEBUG org.apache.http.wire - http-outgoing-47 >> "Accept-Encoding: gzip,deflate[\r][\n]"
02:36:23.271 [Test worker] DEBUG org.apache.http.wire - http-outgoing-47 >> "[\r][\n]"
02:36:23.271 [Test worker] DEBUG org.apache.http.wire - http-outgoing-47 << "H"
02:36:23.271 [Test worker] DEBUG org.apache.http.wire - http-outgoing-47 << "TTP/1.1 200 OK[\r][\n]"
02:36:23.272 [Test worker] DEBUG org.apache.http.wire - http-outgoing-47 << "Content-Type: application/json[\r][\n]"
02:36:23.272 [Test worker] DEBUG org.apache.http.wire - http-outgoing-47 << "Server: Docker/1.12.3 (linux)[\r][\n]"
02:36:23.272 [Test worker] DEBUG org.apache.http.wire - http-outgoing-47 << "Date: Tue, 03 Jan 2017 01:36:23 GMT[\r][\n]"
02:36:23.272 [Test worker] DEBUG org.apache.http.wire - http-outgoing-47 << "Transfer-Encoding: chunked[\r][\n]"
02:36:23.272 [Test worker] DEBUG org.apache.http.wire - http-outgoing-47 << "[\r][\n]"
02:36:23.272 [Test worker] DEBUG org.apache.http.wire - http-outgoing-47 << "e79[\r][\n]"
02:36:23.272 [Test worker] DEBUG org.apache.http.wire - http-outgoing-47 << "{"Id":"2b2417525f891b1cc317437f699f1b6c0f3ac77d3c048864f03bd20019d2604c","Created":"2017-01-03T01:36:22.376255649Z","Path":"sleep","Args":["99999"],"State":{"Status":"running","Running":true,"Paused":false,"Restarting":false,"OOMKilled":false,"Dead":false,"Pid":30754,"ExitCode":0,"Error":"","StartedAt":"2017-01-03T01:36:22.644719194Z","FinishedAt":"0001-01-01T00:00:00Z"},"Image":"sha256:aae2b63c49461fcae4962e4a8043f66acf8e3af7e62f5ebceb70b181d8ca01e0","ResolvConfPath":"/var/lib/docker/containers/2b2417525f891b1cc317437f699f1b6c0f3ac77d3c048864f03bd20019d2604c/resolv.conf","HostnamePath":"/var/lib/docker/containers/2b2417525f891b1cc317437f699f1b6c0f3ac77d3c048864f03bd20019d2604c/hostname","HostsPath":"/var/lib/docker/containers/2b2417525f891b1cc317437f699f1b6c0f3ac77d3c048864f03bd20019d2604c/hosts","LogPath":"/var/lib/docker/containers/2b2417525f891b1cc317437f699f1b6c0f3ac77d3c048864f03bd20019d2604c/2b2417525f891b1cc317437f699f1b6c0f3ac77d3c048864f03bd20019d2604c-json.log","Name":"/MyContainer","RestartCount":0,"Driver":"aufs","MountLabel":"","ProcessLabel":"","AppArmorProfile":"","ExecIDs":null,"HostConfig":{"Binds":null,"ContainerIDFile":"","LogConfig":{"Type":"json-file","Config":{}},"NetworkMode":"default","PortBindings":{"8084/tcp":[{"HostIp":"","HostPort":"8084"}]},"RestartPolicy":{"Name":"","MaximumRetryCount":0},"AutoRemove":false,"VolumeDriver":"","VolumesFrom":null,"CapAdd":null,"CapDrop":null,"Dns":null,"DnsOptions":null,"DnsSearch":null,"ExtraHosts":null,"GroupAdd":null,"IpcMode":"","Cgroup":"","Links":null,"OomScoreAdj":0,"PidMode":"","Privileged":false,"PublishAllPorts":false,"ReadonlyRootfs":false,"SecurityOpt":null,"UTSMode":"","UsernsMode":"","ShmSize":67108864,"Runtime":"runc","ConsoleSize":[0,0],"Isolation":"","CpuShares":0,"Memory":0,"CgroupParent":"","BlkioWeight":0,"BlkioWeightDevice":null,"BlkioDeviceReadBps":null,"BlkioDeviceWriteBps":null,"BlkioDeviceReadIOps":null,"BlkioDeviceWriteIOps":null,"CpuPeriod":0,"CpuQuota":0,"CpusetCpus":"","CpusetMems":"","Devices":null,"DiskQuota":0,"KernelMemory":0,"MemoryReservation":0,"MemorySwap":0,"MemorySwappiness":-1,"OomKillDisable":false,"PidsLimit":0,"Ulimits":null,"CpuCount":0,"CpuPercent":0,"IOMaximumIOps":0,"IOMaximumBandwidth":0},"GraphDriver":{"Name":"aufs","Data":null},"Mounts":[],"Config":{"Hostname":"MyContainer","Domainname":"","User":"","AttachStdin":false,"AttachStdout":false,"AttachStderr":false,"ExposedPorts":{"8084/tcp":{}},"Tty":false,"OpenStdin":false,"StdinOnce":false,"Env":["port=8080","TERM=xterm","PATH=/usr/local/sbin:/usr/local/bin:/usr/sbin:/usr/bin:/sbin:/bin"],"Cmd":["sleep","99999"],"Image":"ubuntu:14.04","Volumes":null,"WorkingDir":"","Entrypoint":null,"OnBuild":null,"Labels":{}},"NetworkSettings":{"Bridge":"","SandboxID":"3f6f85fed6f3f29f3f64d2cfc60a181b52b0d249e69890b569d03ad5b425b514","HairpinMode":false,"LinkLocalIPv6Address":"","LinkLocalIPv6PrefixLen":0,"Ports":{"8084/tcp":[{"HostIp":"0.0.0.0","HostPort":"8084"}]},"SandboxKey":"/var/run/docker/netns/3f6f85fed6f3","SecondaryIPAddresses":null,"SecondaryIPv6Addresses":null,"EndpointID":"3208438b1c09be3584f4268e2587b86a727e55fec438d2655841f2ddd728f241","Gateway":"172.17.0.1","GlobalIPv6Address":"","GlobalIPv6PrefixLen":0,"IPAddress":"172.17.0.2","IPPrefixLen":16,"IPv6Gateway":"","MacAddress":"02:42:ac:11:00:02","Networks":{"bridge":{"IPAMConfig":null,"Links":null,"Aliases":null,"NetworkID":"e0d36057aa1769e9fd52ba88be81b698b495f9b6b4946d0f98f24d971a27fc98","EndpointID":"3208438b1c09be3584f4268e2587b86a727e55fec438d2655841f2ddd728f241","Gateway":"172.17.0.1","IPAddress":"172.17.0.2","IPPrefixLen":16,"IPv6Gateway":"","GlobalIPv6Address":"","GlobalIPv6PrefixLen":0,"MacAddress":"02:42:ac:11:00:02"}}}}[\n]"
02:36:23.273 [Test worker] DEBUG org.apache.http.wire - http-outgoing-47 << "[\r][\n]"
02:36:23.273 [Test worker] DEBUG org.apache.http.wire - http-outgoing-47 << "0[\r][\n]"
02:36:23.273 [Test worker] DEBUG org.apache.http.wire - http-outgoing-47 << "[\r][\n]"
02:36:23.273 [Test worker] DEBUG org.apache.http.headers - http-outgoing-47 << HTTP/1.1 200 OK
02:36:23.273 [Test worker] DEBUG org.apache.http.headers - http-outgoing-47 << Content-Type: application/json
02:36:23.273 [Test worker] DEBUG org.apache.http.headers - http-outgoing-47 << Server: Docker/1.12.3 (linux)
02:36:23.273 [Test worker] DEBUG org.apache.http.headers - http-outgoing-47 << Date: Tue, 03 Jan 2017 01:36:23 GMT
02:36:23.273 [Test worker] DEBUG org.apache.http.headers - http-outgoing-47 << Transfer-Encoding: chunked
02:36:23.274 [Test worker] DEBUG o.a.h.impl.execchain.MainClientExec - Connection can be kept alive indefinitely
02:36:23.275 [Test worker] DEBUG c.g.d.j.JerseyDockerCmdExecFactory - 26 * Client response received on thread Test worker
26 < 200
26 < Content-Length: -1
26 < Content-Type: application/json
26 < Date: Tue, 03 Jan 2017 01:36:23 GMT
26 < Server: Docker/1.12.3 (linux)
26 < Transfer-Encoding: chunked
{"Id":"2b2417525f891b1cc317437f699f1b6c0f3ac77d3c048864f03bd20019d2604c","Created":"2017-01-03T01:36:22.376255649Z","Path":"sleep","Args":["99999"],"State":{"Status":"running","Running":true,"Paused":false,"Restarting":false,"OOMKilled":false,"Dead":false,"Pid":30754,"ExitCode":0,"Error":"","StartedAt":"2017-01-03T01:36:22.644719194Z","FinishedAt":"0001-01-01T00:00:00Z"},"Image":"sha256:aae2b63c49461fcae4962e4a8043f66acf8e3af7e62f5ebceb70b181d8ca01e0","ResolvConfPath":"/var/lib/docker/containers/2b2417525f891b1cc317437f699f1b6c0f3ac77d3c048864f03bd20019d2604c/resolv.conf","HostnamePath":"/var/lib/docker/containers/2b2417525f891b1cc317437f699f1b6c0f3ac77d3c048864f03bd20019d2604c/hostname","HostsPath":"/var/lib/docker/containers/2b2417525f891b1cc317437f699f1b6c0f3ac77d3c048864f03bd20019d2604c/hosts","LogPath":"/var/lib/docker/containers/2b2417525f891b1cc317437f699f1b6c0f3ac77d3c048864f03bd20019d2604c/2b2417525f891b1cc317437f699f1b6c0f3ac77d3c048864f03bd20019d2604c-json.log","Name":"/MyContainer","RestartCount":0,"Driver":"aufs","MountLabel":"","ProcessLabel":"","AppArmorProfile":"","ExecIDs":null,"HostConfig":{"Binds":null,"ContainerIDFile":"","LogConfig":{"Type":"json-file","Config":{}},"NetworkMode":"default","PortBindings":{"8084/tcp":[{"HostIp":"","HostPort":"8084"}]},"RestartPolicy":{"Name":"","MaximumRetryCount":0},"AutoRemove":false,"VolumeDriver":"","VolumesFrom":null,"CapAdd":null,"CapDrop":null,"Dns":null,"DnsOptions":null,"DnsSearch":null,"ExtraHosts":null,"GroupAdd":null,"IpcMode":"","Cgroup":"","Links":null,"OomScoreAdj":0,"PidMode":"","Privileged":false,"PublishAllPorts":false,"ReadonlyRootfs":false,"SecurityOpt":null,"UTSMode":"","UsernsMode":"","ShmSize":67108864,"Runtime":"runc","ConsoleSize":[0,0],"Isolation":"","CpuShares":0,"Memory":0,"CgroupParent":"","BlkioWeight":0,"BlkioWeightDevice":null,"BlkioDeviceReadBps":null,"BlkioDeviceWriteBps":null,"BlkioDeviceReadIOps":null,"BlkioDeviceWriteIOps":null,"CpuPeriod":0,"CpuQuota":0,"CpusetCpus":"","CpusetMems":"","Devices":null,"DiskQuota":0,"KernelMemory":0,"MemoryReservation":0,"MemorySwap":0,"MemorySwappiness":-1,"OomKillDisable":false,"PidsLimit":0,"Ulimits":null,"CpuCount":0,"CpuPercent":0,"IOMaximumIOps":0,"IOMaximumBandwidth":0},"GraphDriver":{"Name":"aufs","Data":null},"Mounts":[],"Config":{"Hostname":"MyContainer","Domainname":"","User":"","AttachStdin":false,"AttachStdout":false,"AttachStderr":false,"ExposedPorts":{"8084/tcp":{}},"Tty":false,"OpenStdin":false,"StdinOnce":false,"Env":["port=8080","TERM=xterm","PATH=/usr/local/sbin:/usr/local/bin:/usr/sbin:/usr/bin:/sbin:/bin"],"Cmd":["sleep","99999"],"Image":"ubuntu:14.04","Volumes":null,"WorkingDir":"","Entrypoint":null,"OnBuild":null,"Labels":{}},"NetworkSettings":{"Bridge":"","SandboxID":"3f6f85fed6f3f29f3f64d2cfc60a181b52b0d249e69890b569d03ad5b425b514","HairpinMode":false,"LinkLocalIPv6Address":"","LinkLocalIPv6PrefixLen":0,"Ports":{"8084/tcp":[{"HostIp":"0.0.0.0","HostPort":"8084"}]},"SandboxKey":"/var/run/docker/netns/3f6f85fed6f3","SecondaryIPAddresses":null,"SecondaryIPv6Addresses":null,"EndpointID":"3208438b1c09be3584f4268e2587b86a727e55fec438d2655841f2ddd728f241","Gateway":"172.17.0.1","GlobalIPv6Address":"","GlobalIPv6PrefixLen":0,"IPAddress":"172.17.0.2","IPPrefixLen":16,"IPv6Gateway":"","MacAddress":"02:42:ac:11:00:02","Networks":{"bridge":{"IPAMConfig":null,"Links":null,"Aliases":null,"NetworkID":"e0d36057aa1769e9fd52ba88be81b698b495f9b6b4946d0f98f24d971a27fc98","EndpointID":"3208438b1c09be3584f4268e2587b86a727e55fec438d2655841f2ddd728f241","Gateway":"172.17.0.1","IPAddress":"172.17.0.2","IPPrefixLen":16,"IPv6Gateway":"","GlobalIPv6Address":"","GlobalIPv6PrefixLen":0,"MacAddress":"02:42:ac:11:00:02"}}}}


02:36:23.321 [Test worker] DEBUG o.a.h.i.c.DefaultManagedHttpClientConnection - http-outgoing-47: Close connection
02:36:23.328 [Test worker] DEBUG o.a.h.impl.execchain.MainClientExec - Connection discarded
02:36:23.328 [Test worker] DEBUG c.g.d.j.JerseyDockerCmdExecFactory$1 - Connection released: [id: 47][route: {s}->https://Thesis:2376][total kept alive: 1; route allocated: 1 of 2; total allocated: 1 of 20]
02:36:23.328 [Test worker] DEBUG org.apache.http.wire - http-outgoing-47 << "[read] I/O error: Socket is closed"
02:36:23.328 [Test worker] DEBUG c.g.d.core.command.AbstrDockerCmd - Cmd: 250c5ac22f583b746f1c5789bee22dacef14a6c9284947d13cc72eb2d299f5e9,com.github.dockerjava.jaxrs.InspectNetworkCmdExec@463a4435
02:36:23.328 [Test worker] DEBUG c.g.d.jaxrs.ListNetworksCmdExec - GET: JerseyWebTarget { https://Thesis:2376/networks/250c5ac22f583b746f1c5789bee22dacef14a6c9284947d13cc72eb2d299f5e9 }
02:36:23.329 [Test worker] DEBUG c.g.d.j.JerseyDockerCmdExecFactory - 27 * Sending client request on thread Test worker
27 > GET https://Thesis:2376/networks/250c5ac22f583b746f1c5789bee22dacef14a6c9284947d13cc72eb2d299f5e9
27 > Accept: application/json

02:36:23.329 [Test worker] DEBUG o.a.h.c.protocol.RequestAddCookies - CookieSpec selected: default
02:36:23.329 [Test worker] DEBUG o.a.h.c.protocol.RequestAuthCache - Auth cache not set in the context
02:36:23.329 [Test worker] DEBUG c.g.d.j.JerseyDockerCmdExecFactory$1 - Connection request: [route: {s}->https://Thesis:2376][total kept alive: 1; route allocated: 1 of 2; total allocated: 1 of 20]
02:36:23.329 [Test worker] DEBUG c.g.d.j.JerseyDockerCmdExecFactory$1 - Connection leased: [id: 48][route: {s}->https://Thesis:2376][total kept alive: 1; route allocated: 2 of 2; total allocated: 2 of 20]
02:36:23.329 [Test worker] DEBUG o.a.h.impl.execchain.MainClientExec - Opening connection {s}->https://Thesis:2376
02:36:23.330 [Test worker] DEBUG o.a.h.i.c.DefaultHttpClientConnectionOperator - Connecting to Thesis/127.0.1.1:2376
02:36:23.330 [Test worker] DEBUG o.a.h.c.s.SSLConnectionSocketFactory - Connecting socket to Thesis/127.0.1.1:2376 with timeout 0
02:36:23.330 [Test worker] DEBUG o.a.h.c.s.SSLConnectionSocketFactory - Enabled protocols: [TLSv1]
02:36:23.330 [Test worker] DEBUG o.a.h.c.s.SSLConnectionSocketFactory - Enabled cipher suites:[TLS_ECDHE_ECDSA_WITH_AES_128_CBC_SHA, TLS_ECDHE_RSA_WITH_AES_128_CBC_SHA, TLS_RSA_WITH_AES_128_CBC_SHA, TLS_ECDH_ECDSA_WITH_AES_128_CBC_SHA, TLS_ECDH_RSA_WITH_AES_128_CBC_SHA, TLS_DHE_RSA_WITH_AES_128_CBC_SHA, TLS_DHE_DSS_WITH_AES_128_CBC_SHA, TLS_ECDHE_ECDSA_WITH_3DES_EDE_CBC_SHA, TLS_ECDHE_RSA_WITH_3DES_EDE_CBC_SHA, SSL_RSA_WITH_3DES_EDE_CBC_SHA, TLS_ECDH_ECDSA_WITH_3DES_EDE_CBC_SHA, TLS_ECDH_RSA_WITH_3DES_EDE_CBC_SHA, SSL_DHE_RSA_WITH_3DES_EDE_CBC_SHA, SSL_DHE_DSS_WITH_3DES_EDE_CBC_SHA, TLS_ECDHE_ECDSA_WITH_RC4_128_SHA, TLS_ECDHE_RSA_WITH_RC4_128_SHA, SSL_RSA_WITH_RC4_128_SHA, TLS_ECDH_ECDSA_WITH_RC4_128_SHA, TLS_ECDH_RSA_WITH_RC4_128_SHA, SSL_RSA_WITH_RC4_128_MD5, TLS_EMPTY_RENEGOTIATION_INFO_SCSV]
02:36:23.330 [Test worker] DEBUG o.a.h.c.s.SSLConnectionSocketFactory - Starting handshake
02:36:23.390 [Test worker] DEBUG o.a.h.c.s.SSLConnectionSocketFactory - Secure session established
02:36:23.390 [Test worker] DEBUG o.a.h.c.s.SSLConnectionSocketFactory -  negotiated protocol: TLSv1
02:36:23.391 [Test worker] DEBUG o.a.h.c.s.SSLConnectionSocketFactory -  negotiated cipher suite: TLS_ECDHE_RSA_WITH_AES_128_CBC_SHA
02:36:23.391 [Test worker] DEBUG o.a.h.c.s.SSLConnectionSocketFactory -  peer principal: CN=Thesis
02:36:23.391 [Test worker] DEBUG o.a.h.c.s.SSLConnectionSocketFactory -  issuer principal: EMAILADDRESS=sha@yamil.com, CN=Thesis, OU=Open, O=Fra, L=BER, ST=BER, C=DE
02:36:23.391 [Test worker] DEBUG o.a.h.i.c.DefaultHttpClientConnectionOperator - Connection established 127.0.0.1:41396<->127.0.1.1:2376
02:36:23.391 [Test worker] DEBUG o.a.h.impl.execchain.MainClientExec - Executing request GET /networks/250c5ac22f583b746f1c5789bee22dacef14a6c9284947d13cc72eb2d299f5e9 HTTP/1.1
02:36:23.391 [Test worker] DEBUG o.a.h.impl.execchain.MainClientExec - Target auth state: UNCHALLENGED
02:36:23.392 [Test worker] DEBUG o.a.h.impl.execchain.MainClientExec - Proxy auth state: UNCHALLENGED
02:36:23.392 [Test worker] DEBUG org.apache.http.headers - http-outgoing-48 >> GET /networks/250c5ac22f583b746f1c5789bee22dacef14a6c9284947d13cc72eb2d299f5e9 HTTP/1.1
02:36:23.392 [Test worker] DEBUG org.apache.http.headers - http-outgoing-48 >> Accept: application/json
02:36:23.392 [Test worker] DEBUG org.apache.http.headers - http-outgoing-48 >> User-Agent: Jersey/2.23.1 (Apache HttpClient 4.5.1)
02:36:23.392 [Test worker] DEBUG org.apache.http.headers - http-outgoing-48 >> Host: Thesis:2376
02:36:23.392 [Test worker] DEBUG org.apache.http.headers - http-outgoing-48 >> Connection: Keep-Alive
02:36:23.392 [Test worker] DEBUG org.apache.http.headers - http-outgoing-48 >> Accept-Encoding: gzip,deflate
02:36:23.393 [Test worker] DEBUG org.apache.http.wire - http-outgoing-48 >> "GET /networks/250c5ac22f583b746f1c5789bee22dacef14a6c9284947d13cc72eb2d299f5e9 HTTP/1.1[\r][\n]"
02:36:23.393 [Test worker] DEBUG org.apache.http.wire - http-outgoing-48 >> "Accept: application/json[\r][\n]"
02:36:23.393 [Test worker] DEBUG org.apache.http.wire - http-outgoing-48 >> "User-Agent: Jersey/2.23.1 (Apache HttpClient 4.5.1)[\r][\n]"
02:36:23.393 [Test worker] DEBUG org.apache.http.wire - http-outgoing-48 >> "Host: Thesis:2376[\r][\n]"
02:36:23.393 [Test worker] DEBUG org.apache.http.wire - http-outgoing-48 >> "Connection: Keep-Alive[\r][\n]"
02:36:23.393 [Test worker] DEBUG org.apache.http.wire - http-outgoing-48 >> "Accept-Encoding: gzip,deflate[\r][\n]"
02:36:23.394 [Test worker] DEBUG org.apache.http.wire - http-outgoing-48 >> "[\r][\n]"
02:36:23.394 [Test worker] DEBUG org.apache.http.wire - http-outgoing-48 << "H"
02:36:23.394 [Test worker] DEBUG org.apache.http.wire - http-outgoing-48 << "TTP/1.1 200 OK[\r][\n]"
02:36:23.395 [Test worker] DEBUG org.apache.http.wire - http-outgoing-48 << "Content-Type: application/json[\r][\n]"
02:36:23.395 [Test worker] DEBUG org.apache.http.wire - http-outgoing-48 << "Server: Docker/1.12.3 (linux)[\r][\n]"
02:36:23.395 [Test worker] DEBUG org.apache.http.wire - http-outgoing-48 << "Date: Tue, 03 Jan 2017 01:36:23 GMT[\r][\n]"
02:36:23.395 [Test worker] DEBUG org.apache.http.wire - http-outgoing-48 << "Content-Length: 311[\r][\n]"
02:36:23.395 [Test worker] DEBUG org.apache.http.wire - http-outgoing-48 << "[\r][\n]"
02:36:23.395 [Test worker] DEBUG org.apache.http.wire - http-outgoing-48 << "{"Name":"MyNetwork","Id":"250c5ac22f583b746f1c5789bee22dacef14a6c9284947d13cc72eb2d299f5e9","Scope":"local","Driver":"bridge","EnableIPv6":false,"IPAM":{"Driver":"default","Options":null,"Config":[{"Subnet":"172.18.0.0/16","Gateway":"172.18.0.1/16"}]},"Internal":false,"Containers":{},"Options":{},"Labels":{}}[\n]"
02:36:23.395 [Test worker] DEBUG org.apache.http.headers - http-outgoing-48 << HTTP/1.1 200 OK
02:36:23.396 [Test worker] DEBUG org.apache.http.headers - http-outgoing-48 << Content-Type: application/json
02:36:23.396 [Test worker] DEBUG org.apache.http.headers - http-outgoing-48 << Server: Docker/1.12.3 (linux)
02:36:23.396 [Test worker] DEBUG org.apache.http.headers - http-outgoing-48 << Date: Tue, 03 Jan 2017 01:36:23 GMT
02:36:23.396 [Test worker] DEBUG org.apache.http.headers - http-outgoing-48 << Content-Length: 311
02:36:23.396 [Test worker] DEBUG o.a.h.impl.execchain.MainClientExec - Connection can be kept alive indefinitely
02:36:23.396 [Test worker] DEBUG c.g.d.j.JerseyDockerCmdExecFactory - 28 * Client response received on thread Test worker
28 < 200
28 < Content-Length: 311
28 < Content-Type: application/json
28 < Date: Tue, 03 Jan 2017 01:36:23 GMT
28 < Server: Docker/1.12.3 (linux)
{"Name":"MyNetwork","Id":"250c5ac22f583b746f1c5789bee22dacef14a6c9284947d13cc72eb2d299f5e9","Scope":"local","Driver":"bridge","EnableIPv6":false,"IPAM":{"Driver":"default","Options":null,"Config":[{"Subnet":"172.18.0.0/16","Gateway":"172.18.0.1/16"}]},"Internal":false,"Containers":{},"Options":{},"Labels":{}}


02:36:23.398 [Test worker] DEBUG o.a.h.i.c.DefaultManagedHttpClientConnection - http-outgoing-48: Close connection
02:36:23.398 [Test worker] DEBUG o.a.h.impl.execchain.MainClientExec - Connection discarded
02:36:23.398 [Test worker] DEBUG c.g.d.j.JerseyDockerCmdExecFactory$1 - Connection released: [id: 48][route: {s}->https://Thesis:2376][total kept alive: 1; route allocated: 1 of 2; total allocated: 1 of 20]
02:36:23.398 [Test worker] DEBUG c.g.d.core.command.AbstrDockerCmd - Cmd: -1,<null>,true,<null>,<null>,com.github.dockerjava.core.util.FiltersBuilder@0,com.github.dockerjava.jaxrs.ListContainersCmdExec@2dd90a2c
02:36:23.399 [Test worker] DEBUG c.g.d.j.JerseyDockerCmdExecFactory - 29 * Sending client request on thread Test worker
29 > GET https://Thesis:2376/containers/json?all=true
29 > Accept: application/json

02:36:23.404 [Test worker] DEBUG o.a.h.c.protocol.RequestAddCookies - CookieSpec selected: default
02:36:23.404 [Test worker] DEBUG o.a.h.c.protocol.RequestAuthCache - Auth cache not set in the context
02:36:23.404 [Test worker] DEBUG c.g.d.j.JerseyDockerCmdExecFactory$1 - Connection request: [route: {s}->https://Thesis:2376][total kept alive: 1; route allocated: 1 of 2; total allocated: 1 of 20]
02:36:23.404 [Test worker] DEBUG c.g.d.j.JerseyDockerCmdExecFactory$1 - Connection leased: [id: 49][route: {s}->https://Thesis:2376][total kept alive: 1; route allocated: 2 of 2; total allocated: 2 of 20]
02:36:23.405 [Test worker] DEBUG o.a.h.impl.execchain.MainClientExec - Opening connection {s}->https://Thesis:2376
02:36:23.405 [Test worker] DEBUG o.a.h.i.c.DefaultHttpClientConnectionOperator - Connecting to Thesis/127.0.1.1:2376
02:36:23.413 [Test worker] DEBUG o.a.h.c.s.SSLConnectionSocketFactory - Connecting socket to Thesis/127.0.1.1:2376 with timeout 0
02:36:23.414 [Test worker] DEBUG o.a.h.c.s.SSLConnectionSocketFactory - Enabled protocols: [TLSv1]
02:36:23.414 [Test worker] DEBUG o.a.h.c.s.SSLConnectionSocketFactory - Enabled cipher suites:[TLS_ECDHE_ECDSA_WITH_AES_128_CBC_SHA, TLS_ECDHE_RSA_WITH_AES_128_CBC_SHA, TLS_RSA_WITH_AES_128_CBC_SHA, TLS_ECDH_ECDSA_WITH_AES_128_CBC_SHA, TLS_ECDH_RSA_WITH_AES_128_CBC_SHA, TLS_DHE_RSA_WITH_AES_128_CBC_SHA, TLS_DHE_DSS_WITH_AES_128_CBC_SHA, TLS_ECDHE_ECDSA_WITH_3DES_EDE_CBC_SHA, TLS_ECDHE_RSA_WITH_3DES_EDE_CBC_SHA, SSL_RSA_WITH_3DES_EDE_CBC_SHA, TLS_ECDH_ECDSA_WITH_3DES_EDE_CBC_SHA, TLS_ECDH_RSA_WITH_3DES_EDE_CBC_SHA, SSL_DHE_RSA_WITH_3DES_EDE_CBC_SHA, SSL_DHE_DSS_WITH_3DES_EDE_CBC_SHA, TLS_ECDHE_ECDSA_WITH_RC4_128_SHA, TLS_ECDHE_RSA_WITH_RC4_128_SHA, SSL_RSA_WITH_RC4_128_SHA, TLS_ECDH_ECDSA_WITH_RC4_128_SHA, TLS_ECDH_RSA_WITH_RC4_128_SHA, SSL_RSA_WITH_RC4_128_MD5, TLS_EMPTY_RENEGOTIATION_INFO_SCSV]
02:36:23.414 [Test worker] DEBUG o.a.h.c.s.SSLConnectionSocketFactory - Starting handshake
02:36:23.486 [Test worker] DEBUG o.a.h.c.s.SSLConnectionSocketFactory - Secure session established
02:36:23.487 [Test worker] DEBUG o.a.h.c.s.SSLConnectionSocketFactory -  negotiated protocol: TLSv1
02:36:23.487 [Test worker] DEBUG o.a.h.c.s.SSLConnectionSocketFactory -  negotiated cipher suite: TLS_ECDHE_RSA_WITH_AES_128_CBC_SHA
02:36:23.487 [Test worker] DEBUG o.a.h.c.s.SSLConnectionSocketFactory -  peer principal: CN=Thesis
02:36:23.487 [Test worker] DEBUG o.a.h.c.s.SSLConnectionSocketFactory -  issuer principal: EMAILADDRESS=sha@yamil.com, CN=Thesis, OU=Open, O=Fra, L=BER, ST=BER, C=DE
02:36:23.487 [Test worker] DEBUG o.a.h.i.c.DefaultHttpClientConnectionOperator - Connection established 127.0.0.1:41398<->127.0.1.1:2376
02:36:23.487 [Test worker] DEBUG o.a.h.impl.execchain.MainClientExec - Executing request GET /containers/json?all=true HTTP/1.1
02:36:23.489 [Test worker] DEBUG o.a.h.impl.execchain.MainClientExec - Target auth state: UNCHALLENGED
02:36:23.489 [Test worker] DEBUG o.a.h.impl.execchain.MainClientExec - Proxy auth state: UNCHALLENGED
02:36:23.491 [Test worker] DEBUG org.apache.http.headers - http-outgoing-49 >> GET /containers/json?all=true HTTP/1.1
02:36:23.491 [Test worker] DEBUG org.apache.http.headers - http-outgoing-49 >> Accept: application/json
02:36:23.491 [Test worker] DEBUG org.apache.http.headers - http-outgoing-49 >> User-Agent: Jersey/2.23.1 (Apache HttpClient 4.5.1)
02:36:23.491 [Test worker] DEBUG org.apache.http.headers - http-outgoing-49 >> Host: Thesis:2376
02:36:23.492 [Test worker] DEBUG org.apache.http.headers - http-outgoing-49 >> Connection: Keep-Alive
02:36:23.492 [Test worker] DEBUG org.apache.http.headers - http-outgoing-49 >> Accept-Encoding: gzip,deflate
02:36:23.492 [Test worker] DEBUG org.apache.http.wire - http-outgoing-49 >> "GET /containers/json?all=true HTTP/1.1[\r][\n]"
02:36:23.492 [Test worker] DEBUG org.apache.http.wire - http-outgoing-49 >> "Accept: application/json[\r][\n]"
02:36:23.492 [Test worker] DEBUG org.apache.http.wire - http-outgoing-49 >> "User-Agent: Jersey/2.23.1 (Apache HttpClient 4.5.1)[\r][\n]"
02:36:23.492 [Test worker] DEBUG org.apache.http.wire - http-outgoing-49 >> "Host: Thesis:2376[\r][\n]"
02:36:23.492 [Test worker] DEBUG org.apache.http.wire - http-outgoing-49 >> "Connection: Keep-Alive[\r][\n]"
02:36:23.493 [Test worker] DEBUG org.apache.http.wire - http-outgoing-49 >> "Accept-Encoding: gzip,deflate[\r][\n]"
02:36:23.493 [Test worker] DEBUG org.apache.http.wire - http-outgoing-49 >> "[\r][\n]"
02:36:23.493 [Test worker] DEBUG org.apache.http.wire - http-outgoing-49 << "H"
02:36:23.493 [Test worker] DEBUG org.apache.http.wire - http-outgoing-49 << "TTP/1.1 200 OK[\r][\n]"
02:36:23.494 [Test worker] DEBUG org.apache.http.wire - http-outgoing-49 << "Content-Type: application/json[\r][\n]"
02:36:23.494 [Test worker] DEBUG org.apache.http.wire - http-outgoing-49 << "Server: Docker/1.12.3 (linux)[\r][\n]"
02:36:23.494 [Test worker] DEBUG org.apache.http.wire - http-outgoing-49 << "Date: Tue, 03 Jan 2017 01:36:23 GMT[\r][\n]"
02:36:23.494 [Test worker] DEBUG org.apache.http.wire - http-outgoing-49 << "Content-Length: 855[\r][\n]"
02:36:23.494 [Test worker] DEBUG org.apache.http.wire - http-outgoing-49 << "[\r][\n]"
02:36:23.494 [Test worker] DEBUG org.apache.http.wire - http-outgoing-49 << "[{"Id":"2b2417525f891b1cc317437f699f1b6c0f3ac77d3c048864f03bd20019d2604c","Names":["/MyContainer"],"Image":"ubuntu:14.04","ImageID":"sha256:aae2b63c49461fcae4962e4a8043f66acf8e3af7e62f5ebceb70b181d8ca01e0","Command":"sleep 99999","Created":1483407382,"Ports":[{"IP":"0.0.0.0","PrivatePort":8084,"PublicPort":8084,"Type":"tcp"}],"Labels":{},"State":"running","Status":"Up Less than a second","HostConfig":{"NetworkMode":"default"},"NetworkSettings":{"Networks":{"bridge":{"IPAMConfig":null,"Links":null,"Aliases":null,"NetworkID":"e0d36057aa1769e9fd52ba88be81b698b495f9b6b4946d0f98f24d971a27fc98","EndpointID":"3208438b1c09be3584f4268e2587b86a727e55fec438d2655841f2ddd728f241","Gateway":"172.17.0.1","IPAddress":"172.17.0.2","IPPrefixLen":16,"IPv6Gateway":"","GlobalIPv6Address":"","GlobalIPv6PrefixLen":0,"MacAddress":"02:42:ac:11:00:02"}}},"Mounts":[]}][\n]"
02:36:23.495 [Test worker] DEBUG org.apache.http.headers - http-outgoing-49 << HTTP/1.1 200 OK
02:36:23.495 [Test worker] DEBUG org.apache.http.headers - http-outgoing-49 << Content-Type: application/json
02:36:23.495 [Test worker] DEBUG org.apache.http.headers - http-outgoing-49 << Server: Docker/1.12.3 (linux)
02:36:23.495 [Test worker] DEBUG org.apache.http.headers - http-outgoing-49 << Date: Tue, 03 Jan 2017 01:36:23 GMT
02:36:23.495 [Test worker] DEBUG org.apache.http.headers - http-outgoing-49 << Content-Length: 855
02:36:23.495 [Test worker] DEBUG o.a.h.impl.execchain.MainClientExec - Connection can be kept alive indefinitely
02:36:23.496 [Test worker] DEBUG c.g.d.j.JerseyDockerCmdExecFactory - 30 * Client response received on thread Test worker
30 < 200
30 < Content-Length: 855
30 < Content-Type: application/json
30 < Date: Tue, 03 Jan 2017 01:36:23 GMT
30 < Server: Docker/1.12.3 (linux)
[{"Id":"2b2417525f891b1cc317437f699f1b6c0f3ac77d3c048864f03bd20019d2604c","Names":["/MyContainer"],"Image":"ubuntu:14.04","ImageID":"sha256:aae2b63c49461fcae4962e4a8043f66acf8e3af7e62f5ebceb70b181d8ca01e0","Command":"sleep 99999","Created":1483407382,"Ports":[{"IP":"0.0.0.0","PrivatePort":8084,"PublicPort":8084,"Type":"tcp"}],"Labels":{},"State":"running","Status":"Up Less than a second","HostConfig":{"NetworkMode":"default"},"NetworkSettings":{"Networks":{"bridge":{"IPAMConfig":null,"Links":null,"Aliases":null,"NetworkID":"e0d36057aa1769e9fd52ba88be81b698b495f9b6b4946d0f98f24d971a27fc98","EndpointID":"3208438b1c09be3584f4268e2587b86a727e55fec438d2655841f2ddd728f241","Gateway":"172.17.0.1","IPAddress":"172.17.0.2","IPPrefixLen":16,"IPv6Gateway":"","GlobalIPv6Address":"","GlobalIPv6PrefixLen":0,"MacAddress":"02:42:ac:11:00:02"}}},"Mounts":[]}]


02:36:23.497 [Test worker] DEBUG o.a.h.i.c.DefaultManagedHttpClientConnection - http-outgoing-49: Close connection
02:36:23.497 [Test worker] DEBUG o.a.h.impl.execchain.MainClientExec - Connection discarded
02:36:23.498 [Test worker] DEBUG c.g.d.j.JerseyDockerCmdExecFactory$1 - Connection released: [id: 49][route: {s}->https://Thesis:2376][total kept alive: 1; route allocated: 1 of 2; total allocated: 1 of 20]
02:36:23.498 [Test worker] DEBUG c.g.d.core.command.AbstrDockerCmd - Cmd: ListImagesCmdImpl[imageNameFilter=<null>,showAll=true,filters=com.github.dockerjava.core.util.FiltersBuilder@0,execution=com.github.dockerjava.jaxrs.ListImagesCmdExec@7038ed17]
02:36:23.498 [Test worker] DEBUG c.g.d.j.JerseyDockerCmdExecFactory - 31 * Sending client request on thread Test worker
31 > GET https://Thesis:2376/images/json?all=true
31 > Accept: application/json

02:36:23.499 [Test worker] DEBUG o.a.h.c.protocol.RequestAddCookies - CookieSpec selected: default
02:36:23.500 [Test worker] DEBUG o.a.h.c.protocol.RequestAuthCache - Auth cache not set in the context
02:36:23.500 [Test worker] DEBUG c.g.d.j.JerseyDockerCmdExecFactory$1 - Connection request: [route: {s}->https://Thesis:2376][total kept alive: 1; route allocated: 1 of 2; total allocated: 1 of 20]
02:36:23.500 [Test worker] DEBUG c.g.d.j.JerseyDockerCmdExecFactory$1 - Connection leased: [id: 50][route: {s}->https://Thesis:2376][total kept alive: 1; route allocated: 2 of 2; total allocated: 2 of 20]
02:36:23.500 [Test worker] DEBUG o.a.h.impl.execchain.MainClientExec - Opening connection {s}->https://Thesis:2376
02:36:23.500 [Test worker] DEBUG o.a.h.i.c.DefaultHttpClientConnectionOperator - Connecting to Thesis/127.0.1.1:2376
02:36:23.501 [Test worker] DEBUG o.a.h.c.s.SSLConnectionSocketFactory - Connecting socket to Thesis/127.0.1.1:2376 with timeout 0
02:36:23.503 [Test worker] DEBUG o.a.h.c.s.SSLConnectionSocketFactory - Enabled protocols: [TLSv1]
02:36:23.503 [Test worker] DEBUG o.a.h.c.s.SSLConnectionSocketFactory - Enabled cipher suites:[TLS_ECDHE_ECDSA_WITH_AES_128_CBC_SHA, TLS_ECDHE_RSA_WITH_AES_128_CBC_SHA, TLS_RSA_WITH_AES_128_CBC_SHA, TLS_ECDH_ECDSA_WITH_AES_128_CBC_SHA, TLS_ECDH_RSA_WITH_AES_128_CBC_SHA, TLS_DHE_RSA_WITH_AES_128_CBC_SHA, TLS_DHE_DSS_WITH_AES_128_CBC_SHA, TLS_ECDHE_ECDSA_WITH_3DES_EDE_CBC_SHA, TLS_ECDHE_RSA_WITH_3DES_EDE_CBC_SHA, SSL_RSA_WITH_3DES_EDE_CBC_SHA, TLS_ECDH_ECDSA_WITH_3DES_EDE_CBC_SHA, TLS_ECDH_RSA_WITH_3DES_EDE_CBC_SHA, SSL_DHE_RSA_WITH_3DES_EDE_CBC_SHA, SSL_DHE_DSS_WITH_3DES_EDE_CBC_SHA, TLS_ECDHE_ECDSA_WITH_RC4_128_SHA, TLS_ECDHE_RSA_WITH_RC4_128_SHA, SSL_RSA_WITH_RC4_128_SHA, TLS_ECDH_ECDSA_WITH_RC4_128_SHA, TLS_ECDH_RSA_WITH_RC4_128_SHA, SSL_RSA_WITH_RC4_128_MD5, TLS_EMPTY_RENEGOTIATION_INFO_SCSV]
02:36:23.503 [Test worker] DEBUG o.a.h.c.s.SSLConnectionSocketFactory - Starting handshake
02:36:23.563 [Test worker] DEBUG o.a.h.c.s.SSLConnectionSocketFactory - Secure session established
02:36:23.563 [Test worker] DEBUG o.a.h.c.s.SSLConnectionSocketFactory -  negotiated protocol: TLSv1
02:36:23.563 [Test worker] DEBUG o.a.h.c.s.SSLConnectionSocketFactory -  negotiated cipher suite: TLS_ECDHE_RSA_WITH_AES_128_CBC_SHA
02:36:23.563 [Test worker] DEBUG o.a.h.c.s.SSLConnectionSocketFactory -  peer principal: CN=Thesis
02:36:23.564 [Test worker] DEBUG o.a.h.c.s.SSLConnectionSocketFactory -  issuer principal: EMAILADDRESS=sha@yamil.com, CN=Thesis, OU=Open, O=Fra, L=BER, ST=BER, C=DE
02:36:23.564 [Test worker] DEBUG o.a.h.i.c.DefaultHttpClientConnectionOperator - Connection established 127.0.0.1:41400<->127.0.1.1:2376
02:36:23.564 [Test worker] DEBUG o.a.h.impl.execchain.MainClientExec - Executing request GET /images/json?all=true HTTP/1.1
02:36:23.564 [Test worker] DEBUG o.a.h.impl.execchain.MainClientExec - Target auth state: UNCHALLENGED
02:36:23.564 [Test worker] DEBUG o.a.h.impl.execchain.MainClientExec - Proxy auth state: UNCHALLENGED
02:36:23.564 [Test worker] DEBUG org.apache.http.headers - http-outgoing-50 >> GET /images/json?all=true HTTP/1.1
02:36:23.565 [Test worker] DEBUG org.apache.http.headers - http-outgoing-50 >> Accept: application/json
02:36:23.565 [Test worker] DEBUG org.apache.http.headers - http-outgoing-50 >> User-Agent: Jersey/2.23.1 (Apache HttpClient 4.5.1)
02:36:23.565 [Test worker] DEBUG org.apache.http.headers - http-outgoing-50 >> Host: Thesis:2376
02:36:23.565 [Test worker] DEBUG org.apache.http.headers - http-outgoing-50 >> Connection: Keep-Alive
02:36:23.565 [Test worker] DEBUG org.apache.http.headers - http-outgoing-50 >> Accept-Encoding: gzip,deflate
02:36:23.565 [Test worker] DEBUG org.apache.http.wire - http-outgoing-50 >> "GET /images/json?all=true HTTP/1.1[\r][\n]"
02:36:23.565 [Test worker] DEBUG org.apache.http.wire - http-outgoing-50 >> "Accept: application/json[\r][\n]"
02:36:23.566 [Test worker] DEBUG org.apache.http.wire - http-outgoing-50 >> "User-Agent: Jersey/2.23.1 (Apache HttpClient 4.5.1)[\r][\n]"
02:36:23.566 [Test worker] DEBUG org.apache.http.wire - http-outgoing-50 >> "Host: Thesis:2376[\r][\n]"
02:36:23.566 [Test worker] DEBUG org.apache.http.wire - http-outgoing-50 >> "Connection: Keep-Alive[\r][\n]"
02:36:23.566 [Test worker] DEBUG org.apache.http.wire - http-outgoing-50 >> "Accept-Encoding: gzip,deflate[\r][\n]"
02:36:23.566 [Test worker] DEBUG org.apache.http.wire - http-outgoing-50 >> "[\r][\n]"
02:36:23.567 [Test worker] DEBUG org.apache.http.wire - http-outgoing-50 << "H"
02:36:23.573 [Test worker] DEBUG org.apache.http.wire - http-outgoing-50 << "TTP/1.1 200 OK[\r][\n]"
02:36:23.573 [Test worker] DEBUG org.apache.http.wire - http-outgoing-50 << "Content-Type: application/json[\r][\n]"
02:36:23.573 [Test worker] DEBUG org.apache.http.wire - http-outgoing-50 << "Server: Docker/1.12.3 (linux)[\r][\n]"
02:36:23.573 [Test worker] DEBUG org.apache.http.wire - http-outgoing-50 << "Date: Tue, 03 Jan 2017 01:36:23 GMT[\r][\n]"
02:36:23.574 [Test worker] DEBUG org.apache.http.wire - http-outgoing-50 << "Content-Length: 1195[\r][\n]"
02:36:23.574 [Test worker] DEBUG org.apache.http.wire - http-outgoing-50 << "[\r][\n]"
02:36:23.574 [Test worker] DEBUG org.apache.http.wire - http-outgoing-50 << "[{"Id":"sha256:4ca3a192ff2a5b7e225e81dc006b6379c10776ed3619757a65608cb72de0a7f6","ParentId":"","RepoTags":["ubuntu:latest"],"RepoDigests":["ubuntu@sha256:3b64c309deae7ab0f7dbdd42b6b326261ccd6261da5d88396439353162703fb5"],"Created":1480449877,"Size":128206574,"VirtualSize":128206574,"Labels":{}},{"Id":"sha256:aae2b63c49461fcae4962e4a8043f66acf8e3af7e62f5ebceb70b181d8ca01e0","ParentId":"","RepoTags":["ubuntu:14.04"],"RepoDigests":["ubuntu@sha256:edb984703bd3e8981ff541a5b9297ca1b81fde6e6e8094d86e390a38ebc30b4d"],"Created":1480449856,"Size":187952254,"VirtualSize":187952254,"Labels":{}},{"Id":"sha256:e02e811dd08fd49e7f6032625495118e63f597eb150403d02e3238af1df240ba","ParentId":"","RepoTags":["busybox:latest"],"RepoDigests":["busybox@sha256:29f5d56d12684887bdfa50dcd29fc31eea4aaf4ad3bec43daf19026a7ce69912"],"Created":1475874238,"Size":1093484,"VirtualSize":1093484,"Labels":{}},{"Id":"sha256:d654de4499473ed41349b54a988b6f46a7fc92e3fa2d61e102bf2660a0116e25","ParentId":"","RepoTags":["sakib37/iperf3:latest"],"RepoDigests":["sakib37/iperf3@sha256:8d80a810f8f508c074b14d02555f20110eac382c8dbda7252075392983629d40"],"Created":1474907599,"Size":199456654,"VirtualSize":199456654,"Labels":{}}][\n]"
02:36:23.574 [Test worker] DEBUG org.apache.http.headers - http-outgoing-50 << HTTP/1.1 200 OK
02:36:23.574 [Test worker] DEBUG org.apache.http.headers - http-outgoing-50 << Content-Type: application/json
02:36:23.576 [Test worker] DEBUG org.apache.http.headers - http-outgoing-50 << Server: Docker/1.12.3 (linux)
02:36:23.576 [Test worker] DEBUG org.apache.http.headers - http-outgoing-50 << Date: Tue, 03 Jan 2017 01:36:23 GMT
02:36:23.576 [Test worker] DEBUG org.apache.http.headers - http-outgoing-50 << Content-Length: 1195
02:36:23.576 [Test worker] DEBUG o.a.h.impl.execchain.MainClientExec - Connection can be kept alive indefinitely
02:36:23.577 [Test worker] DEBUG c.g.d.j.JerseyDockerCmdExecFactory - 32 * Client response received on thread Test worker
32 < 200
32 < Content-Length: 1195
32 < Content-Type: application/json
32 < Date: Tue, 03 Jan 2017 01:36:23 GMT
32 < Server: Docker/1.12.3 (linux)
[{"Id":"sha256:4ca3a192ff2a5b7e225e81dc006b6379c10776ed3619757a65608cb72de0a7f6","ParentId":"","RepoTags":["ubuntu:latest"],"RepoDigests":["ubuntu@sha256:3b64c309deae7ab0f7dbdd42b6b326261ccd6261da5d88396439353162703fb5"],"Created":1480449877,"Size":128206574,"VirtualSize":128206574,"Labels":{}},{"Id":"sha256:aae2b63c49461fcae4962e4a8043f66acf8e3af7e62f5ebceb70b181d8ca01e0","ParentId":"","RepoTags":["ubuntu:14.04"],"RepoDigests":["ubuntu@sha256:edb984703bd3e8981ff541a5b9297ca1b81fde6e6e8094d86e390a38ebc30b4d"],"Created":1480449856,"Size":187952254,"VirtualSize":187952254,"Labels":{}},{"Id":"sha256:e02e811dd08fd49e7f6032625495118e63f597eb150403d02e3238af1df240ba","ParentId":"","RepoTags":["busybox:latest"],"RepoDigests":["busybox@sha256:29f5d56d12684887bdfa50dcd29fc31eea4aaf4ad3bec43daf19026a7ce69912"],"Created":1475874238,"Size":1093484,"VirtualSize":1093484,"Labels":{}},{"Id":"sha256:d654de4499473ed41349b54a988b6f46a7fc92e3fa2d61e102bf2660a0116e25","ParentId":"","RepoTags":["sakib37/iperf3:latest"],"RepoDigests":["sakib37/iperf3@sha256:8d80a810f8f508c074b14d02555f20110eac382c8dbda7252075392983629d40"],"Created":1474907599,"Size":199456654,"VirtualSize":199456654,"Labels":{}}]


02:36:23.578 [Test worker] DEBUG o.a.h.i.c.DefaultManagedHttpClientConnection - http-outgoing-50: Close connection
02:36:23.578 [Test worker] DEBUG o.a.h.impl.execchain.MainClientExec - Connection discarded
02:36:23.579 [Test worker] DEBUG c.g.d.j.JerseyDockerCmdExecFactory$1 - Connection released: [id: 50][route: {s}->https://Thesis:2376][total kept alive: 1; route allocated: 1 of 2; total allocated: 1 of 20]
02:36:23.579 [Test worker] DEBUG org.openbaton.docker.DockerVim - Found a docker image, transformed into a NFV Image Image{id='sha256:aae2b63c49461fcae4962e4a8043f66acf8e3af7e62f5ebceb70b181d8ca01e0', name='ubuntu:14.04', version=0, extId='null', minRam='0', minDiskSpace='0', minCPU='null', public='true', diskFormat='null', containerFormat='docker', created='Sun Jan 18 04:14:09 CET 1970', updated='null'}
02:36:23.579 [Test worker] DEBUG c.g.d.core.command.AbstrDockerCmd - Cmd: 2b2417525f891b1cc317437f699f1b6c0f3ac77d3c048864f03bd20019d2604c,<null>,true,com.github.dockerjava.jaxrs.RemoveContainerCmdExec@3b4b5923
02:36:23.579 [Test worker] DEBUG c.g.d.j.JerseyDockerCmdExecFactory - 33 * Sending client request on thread Test worker
33 > DELETE https://Thesis:2376/containers/2b2417525f891b1cc317437f699f1b6c0f3ac77d3c048864f03bd20019d2604c?force=true
33 > Accept: application/json

02:36:23.580 [Test worker] DEBUG o.a.h.c.protocol.RequestAddCookies - CookieSpec selected: default
02:36:23.582 [Test worker] DEBUG o.a.h.c.protocol.RequestAuthCache - Auth cache not set in the context
02:36:23.582 [Test worker] DEBUG c.g.d.j.JerseyDockerCmdExecFactory$1 - Connection request: [route: {s}->https://Thesis:2376][total kept alive: 1; route allocated: 1 of 2; total allocated: 1 of 20]
02:36:23.582 [Test worker] DEBUG c.g.d.j.JerseyDockerCmdExecFactory$1 - Connection leased: [id: 51][route: {s}->https://Thesis:2376][total kept alive: 1; route allocated: 2 of 2; total allocated: 2 of 20]
02:36:23.582 [Test worker] DEBUG o.a.h.impl.execchain.MainClientExec - Opening connection {s}->https://Thesis:2376
02:36:23.583 [Test worker] DEBUG o.a.h.i.c.DefaultHttpClientConnectionOperator - Connecting to Thesis/127.0.1.1:2376
02:36:23.583 [Test worker] DEBUG o.a.h.c.s.SSLConnectionSocketFactory - Connecting socket to Thesis/127.0.1.1:2376 with timeout 0
02:36:23.584 [Test worker] DEBUG o.a.h.c.s.SSLConnectionSocketFactory - Enabled protocols: [TLSv1]
02:36:23.584 [Test worker] DEBUG o.a.h.c.s.SSLConnectionSocketFactory - Enabled cipher suites:[TLS_ECDHE_ECDSA_WITH_AES_128_CBC_SHA, TLS_ECDHE_RSA_WITH_AES_128_CBC_SHA, TLS_RSA_WITH_AES_128_CBC_SHA, TLS_ECDH_ECDSA_WITH_AES_128_CBC_SHA, TLS_ECDH_RSA_WITH_AES_128_CBC_SHA, TLS_DHE_RSA_WITH_AES_128_CBC_SHA, TLS_DHE_DSS_WITH_AES_128_CBC_SHA, TLS_ECDHE_ECDSA_WITH_3DES_EDE_CBC_SHA, TLS_ECDHE_RSA_WITH_3DES_EDE_CBC_SHA, SSL_RSA_WITH_3DES_EDE_CBC_SHA, TLS_ECDH_ECDSA_WITH_3DES_EDE_CBC_SHA, TLS_ECDH_RSA_WITH_3DES_EDE_CBC_SHA, SSL_DHE_RSA_WITH_3DES_EDE_CBC_SHA, SSL_DHE_DSS_WITH_3DES_EDE_CBC_SHA, TLS_ECDHE_ECDSA_WITH_RC4_128_SHA, TLS_ECDHE_RSA_WITH_RC4_128_SHA, SSL_RSA_WITH_RC4_128_SHA, TLS_ECDH_ECDSA_WITH_RC4_128_SHA, TLS_ECDH_RSA_WITH_RC4_128_SHA, SSL_RSA_WITH_RC4_128_MD5, TLS_EMPTY_RENEGOTIATION_INFO_SCSV]
02:36:23.584 [Test worker] DEBUG o.a.h.c.s.SSLConnectionSocketFactory - Starting handshake
02:36:23.657 [Test worker] DEBUG o.a.h.c.s.SSLConnectionSocketFactory - Secure session established
02:36:23.657 [Test worker] DEBUG o.a.h.c.s.SSLConnectionSocketFactory -  negotiated protocol: TLSv1
02:36:23.657 [Test worker] DEBUG o.a.h.c.s.SSLConnectionSocketFactory -  negotiated cipher suite: TLS_ECDHE_RSA_WITH_AES_128_CBC_SHA
02:36:23.657 [Test worker] DEBUG o.a.h.c.s.SSLConnectionSocketFactory -  peer principal: CN=Thesis
02:36:23.657 [Test worker] DEBUG o.a.h.c.s.SSLConnectionSocketFactory -  issuer principal: EMAILADDRESS=sha@yamil.com, CN=Thesis, OU=Open, O=Fra, L=BER, ST=BER, C=DE
02:36:23.658 [Test worker] DEBUG o.a.h.i.c.DefaultHttpClientConnectionOperator - Connection established 127.0.0.1:41402<->127.0.1.1:2376
02:36:23.658 [Test worker] DEBUG o.a.h.impl.execchain.MainClientExec - Executing request DELETE /containers/2b2417525f891b1cc317437f699f1b6c0f3ac77d3c048864f03bd20019d2604c?force=true HTTP/1.1
02:36:23.658 [Test worker] DEBUG o.a.h.impl.execchain.MainClientExec - Target auth state: UNCHALLENGED
02:36:23.658 [Test worker] DEBUG o.a.h.impl.execchain.MainClientExec - Proxy auth state: UNCHALLENGED
02:36:23.658 [Test worker] DEBUG org.apache.http.headers - http-outgoing-51 >> DELETE /containers/2b2417525f891b1cc317437f699f1b6c0f3ac77d3c048864f03bd20019d2604c?force=true HTTP/1.1
02:36:23.658 [Test worker] DEBUG org.apache.http.headers - http-outgoing-51 >> Accept: application/json
02:36:23.659 [Test worker] DEBUG org.apache.http.headers - http-outgoing-51 >> User-Agent: Jersey/2.23.1 (Apache HttpClient 4.5.1)
02:36:23.659 [Test worker] DEBUG org.apache.http.headers - http-outgoing-51 >> Host: Thesis:2376
02:36:23.659 [Test worker] DEBUG org.apache.http.headers - http-outgoing-51 >> Connection: Keep-Alive
02:36:23.659 [Test worker] DEBUG org.apache.http.headers - http-outgoing-51 >> Accept-Encoding: gzip,deflate
02:36:23.660 [Test worker] DEBUG org.apache.http.wire - http-outgoing-51 >> "DELETE /containers/2b2417525f891b1cc317437f699f1b6c0f3ac77d3c048864f03bd20019d2604c?force=true HTTP/1.1[\r][\n]"
02:36:23.660 [Test worker] DEBUG org.apache.http.wire - http-outgoing-51 >> "Accept: application/json[\r][\n]"
02:36:23.660 [Test worker] DEBUG org.apache.http.wire - http-outgoing-51 >> "User-Agent: Jersey/2.23.1 (Apache HttpClient 4.5.1)[\r][\n]"
02:36:23.660 [Test worker] DEBUG org.apache.http.wire - http-outgoing-51 >> "Host: Thesis:2376[\r][\n]"
02:36:23.660 [Test worker] DEBUG org.apache.http.wire - http-outgoing-51 >> "Connection: Keep-Alive[\r][\n]"
02:36:23.660 [Test worker] DEBUG org.apache.http.wire - http-outgoing-51 >> "Accept-Encoding: gzip,deflate[\r][\n]"
02:36:23.660 [Test worker] DEBUG org.apache.http.wire - http-outgoing-51 >> "[\r][\n]"
02:36:23.741 [Test worker] DEBUG org.apache.http.wire - http-outgoing-51 << "H"
02:36:23.742 [Test worker] DEBUG org.apache.http.wire - http-outgoing-51 << "TTP/1.1 204 No Content[\r][\n]"
02:36:23.742 [Test worker] DEBUG org.apache.http.wire - http-outgoing-51 << "Server: Docker/1.12.3 (linux)[\r][\n]"
02:36:23.742 [Test worker] DEBUG org.apache.http.wire - http-outgoing-51 << "Date: Tue, 03 Jan 2017 01:36:23 GMT[\r][\n]"
02:36:23.742 [Test worker] DEBUG org.apache.http.wire - http-outgoing-51 << "[\r][\n]"
02:36:23.742 [Test worker] DEBUG org.apache.http.headers - http-outgoing-51 << HTTP/1.1 204 No Content
02:36:23.742 [Test worker] DEBUG org.apache.http.headers - http-outgoing-51 << Server: Docker/1.12.3 (linux)
02:36:23.742 [Test worker] DEBUG org.apache.http.headers - http-outgoing-51 << Date: Tue, 03 Jan 2017 01:36:23 GMT
02:36:23.742 [Test worker] DEBUG o.a.h.impl.execchain.MainClientExec - Connection can be kept alive indefinitely
02:36:23.742 [Test worker] DEBUG c.g.d.j.JerseyDockerCmdExecFactory$1 - Connection [id: 51][route: {s}->https://Thesis:2376][state: CN=Thesis] can be kept alive indefinitely
02:36:23.742 [Test worker] DEBUG c.g.d.j.JerseyDockerCmdExecFactory$1 - Connection released: [id: 51][route: {s}->https://Thesis:2376][state: CN=Thesis][total kept alive: 2; route allocated: 2 of 2; total allocated: 2 of 20]
02:36:23.742 [Test worker] DEBUG c.g.d.j.JerseyDockerCmdExecFactory - 34 * Client response received on thread Test worker
34 < 204
34 < Date: Tue, 03 Jan 2017 01:36:23 GMT
34 < Server: Docker/1.12.3 (linux)

02:36:23.742 [Test worker] DEBUG org.openbaton.docker.DockerVim - Server deleted successfully
02:36:23.742 [Test worker] DEBUG c.g.d.core.command.AbstrDockerCmd - Cmd: com.github.dockerjava.core.util.FiltersBuilder@0,com.github.dockerjava.jaxrs.ListNetworksCmdExec@1f2f805e
02:36:23.743 [Test worker] DEBUG c.g.d.j.JerseyDockerCmdExecFactory - 35 * Sending client request on thread Test worker
35 > GET https://Thesis:2376/networks
35 > Accept: application/json

02:36:23.747 [Test worker] DEBUG o.a.h.c.protocol.RequestAddCookies - CookieSpec selected: default
02:36:23.747 [Test worker] DEBUG o.a.h.c.protocol.RequestAuthCache - Auth cache not set in the context
02:36:23.747 [Test worker] DEBUG c.g.d.j.JerseyDockerCmdExecFactory$1 - Connection request: [route: {s}->https://Thesis:2376][total kept alive: 2; route allocated: 2 of 2; total allocated: 2 of 20]
02:36:23.748 [Test worker] DEBUG o.a.h.i.c.DefaultManagedHttpClientConnection - http-outgoing-46: Close connection
02:36:23.748 [Test worker] DEBUG c.g.d.j.JerseyDockerCmdExecFactory$1 - Connection leased: [id: 52][route: {s}->https://Thesis:2376][total kept alive: 1; route allocated: 2 of 2; total allocated: 2 of 20]
02:36:23.748 [Test worker] DEBUG o.a.h.impl.execchain.MainClientExec - Opening connection {s}->https://Thesis:2376
02:36:23.748 [Test worker] DEBUG o.a.h.i.c.DefaultHttpClientConnectionOperator - Connecting to Thesis/127.0.1.1:2376
02:36:23.758 [Test worker] DEBUG o.a.h.c.s.SSLConnectionSocketFactory - Connecting socket to Thesis/127.0.1.1:2376 with timeout 0
02:36:23.759 [Test worker] DEBUG o.a.h.c.s.SSLConnectionSocketFactory - Enabled protocols: [TLSv1]
02:36:23.760 [Test worker] DEBUG o.a.h.c.s.SSLConnectionSocketFactory - Enabled cipher suites:[TLS_ECDHE_ECDSA_WITH_AES_128_CBC_SHA, TLS_ECDHE_RSA_WITH_AES_128_CBC_SHA, TLS_RSA_WITH_AES_128_CBC_SHA, TLS_ECDH_ECDSA_WITH_AES_128_CBC_SHA, TLS_ECDH_RSA_WITH_AES_128_CBC_SHA, TLS_DHE_RSA_WITH_AES_128_CBC_SHA, TLS_DHE_DSS_WITH_AES_128_CBC_SHA, TLS_ECDHE_ECDSA_WITH_3DES_EDE_CBC_SHA, TLS_ECDHE_RSA_WITH_3DES_EDE_CBC_SHA, SSL_RSA_WITH_3DES_EDE_CBC_SHA, TLS_ECDH_ECDSA_WITH_3DES_EDE_CBC_SHA, TLS_ECDH_RSA_WITH_3DES_EDE_CBC_SHA, SSL_DHE_RSA_WITH_3DES_EDE_CBC_SHA, SSL_DHE_DSS_WITH_3DES_EDE_CBC_SHA, TLS_ECDHE_ECDSA_WITH_RC4_128_SHA, TLS_ECDHE_RSA_WITH_RC4_128_SHA, SSL_RSA_WITH_RC4_128_SHA, TLS_ECDH_ECDSA_WITH_RC4_128_SHA, TLS_ECDH_RSA_WITH_RC4_128_SHA, SSL_RSA_WITH_RC4_128_MD5, TLS_EMPTY_RENEGOTIATION_INFO_SCSV]
02:36:23.760 [Test worker] DEBUG o.a.h.c.s.SSLConnectionSocketFactory - Starting handshake
02:36:23.820 [Test worker] DEBUG o.a.h.c.s.SSLConnectionSocketFactory - Secure session established
02:36:23.820 [Test worker] DEBUG o.a.h.c.s.SSLConnectionSocketFactory -  negotiated protocol: TLSv1
02:36:23.820 [Test worker] DEBUG o.a.h.c.s.SSLConnectionSocketFactory -  negotiated cipher suite: TLS_ECDHE_RSA_WITH_AES_128_CBC_SHA
02:36:23.820 [Test worker] DEBUG o.a.h.c.s.SSLConnectionSocketFactory -  peer principal: CN=Thesis
02:36:23.821 [Test worker] DEBUG o.a.h.c.s.SSLConnectionSocketFactory -  issuer principal: EMAILADDRESS=sha@yamil.com, CN=Thesis, OU=Open, O=Fra, L=BER, ST=BER, C=DE
02:36:23.821 [Test worker] DEBUG o.a.h.i.c.DefaultHttpClientConnectionOperator - Connection established 127.0.0.1:41404<->127.0.1.1:2376
02:36:23.821 [Test worker] DEBUG o.a.h.impl.execchain.MainClientExec - Executing request GET /networks HTTP/1.1
02:36:23.822 [Test worker] DEBUG o.a.h.impl.execchain.MainClientExec - Target auth state: UNCHALLENGED
02:36:23.822 [Test worker] DEBUG o.a.h.impl.execchain.MainClientExec - Proxy auth state: UNCHALLENGED
02:36:23.822 [Test worker] DEBUG org.apache.http.headers - http-outgoing-52 >> GET /networks HTTP/1.1
02:36:23.822 [Test worker] DEBUG org.apache.http.headers - http-outgoing-52 >> Accept: application/json
02:36:23.822 [Test worker] DEBUG org.apache.http.headers - http-outgoing-52 >> User-Agent: Jersey/2.23.1 (Apache HttpClient 4.5.1)
02:36:23.822 [Test worker] DEBUG org.apache.http.headers - http-outgoing-52 >> Host: Thesis:2376
02:36:23.822 [Test worker] DEBUG org.apache.http.headers - http-outgoing-52 >> Connection: Keep-Alive
02:36:23.823 [Test worker] DEBUG org.apache.http.headers - http-outgoing-52 >> Accept-Encoding: gzip,deflate
02:36:23.823 [Test worker] DEBUG org.apache.http.wire - http-outgoing-52 >> "GET /networks HTTP/1.1[\r][\n]"
02:36:23.823 [Test worker] DEBUG org.apache.http.wire - http-outgoing-52 >> "Accept: application/json[\r][\n]"
02:36:23.823 [Test worker] DEBUG org.apache.http.wire - http-outgoing-52 >> "User-Agent: Jersey/2.23.1 (Apache HttpClient 4.5.1)[\r][\n]"
02:36:23.823 [Test worker] DEBUG org.apache.http.wire - http-outgoing-52 >> "Host: Thesis:2376[\r][\n]"
02:36:23.824 [Test worker] DEBUG org.apache.http.wire - http-outgoing-52 >> "Connection: Keep-Alive[\r][\n]"
02:36:23.824 [Test worker] DEBUG org.apache.http.wire - http-outgoing-52 >> "Accept-Encoding: gzip,deflate[\r][\n]"
02:36:23.824 [Test worker] DEBUG org.apache.http.wire - http-outgoing-52 >> "[\r][\n]"
02:36:23.824 [Test worker] DEBUG org.apache.http.wire - http-outgoing-52 << "H"
02:36:23.825 [Test worker] DEBUG org.apache.http.wire - http-outgoing-52 << "TTP/1.1 200 OK[\r][\n]"
02:36:23.825 [Test worker] DEBUG org.apache.http.wire - http-outgoing-52 << "Content-Type: application/json[\r][\n]"
02:36:23.825 [Test worker] DEBUG org.apache.http.wire - http-outgoing-52 << "Server: Docker/1.12.3 (linux)[\r][\n]"
02:36:23.825 [Test worker] DEBUG org.apache.http.wire - http-outgoing-52 << "Date: Tue, 03 Jan 2017 01:36:23 GMT[\r][\n]"
02:36:23.825 [Test worker] DEBUG org.apache.http.wire - http-outgoing-52 << "Content-Length: 1411[\r][\n]"
02:36:23.825 [Test worker] DEBUG org.apache.http.wire - http-outgoing-52 << "[\r][\n]"
02:36:23.825 [Test worker] DEBUG org.apache.http.wire - http-outgoing-52 << "[{"Name":"MyNetwork","Id":"250c5ac22f583b746f1c5789bee22dacef14a6c9284947d13cc72eb2d299f5e9","Scope":"local","Driver":"bridge","EnableIPv6":false,"IPAM":{"Driver":"default","Options":null,"Config":[{"Subnet":"172.18.0.0/16","Gateway":"172.18.0.1/16"}]},"Internal":false,"Containers":{},"Options":{},"Labels":{}},{"Name":"none","Id":"4d89c194eb79cd2beb38458d10a1b98c74d6b8462af72afde29ae7aca53ed5ca","Scope":"local","Driver":"null","EnableIPv6":false,"IPAM":{"Driver":"default","Options":null,"Config":[]},"Internal":false,"Containers":{},"Options":{},"Labels":{}},{"Name":"bridge","Id":"e0d36057aa1769e9fd52ba88be81b698b495f9b6b4946d0f98f24d971a27fc98","Scope":"local","Driver":"bridge","EnableIPv6":false,"IPAM":{"Driver":"default","Options":null,"Config":[{"Subnet":"172.17.0.0/16","Gateway":"172.17.0.1"}]},"Internal":false,"Containers":{},"Options":{"com.docker.network.bridge.default_bridge":"true","com.docker.network.bridge.enable_icc":"true","com.docker.network.bridge.enable_ip_masquerade":"true","com.docker.network.bridge.host_binding_ipv4":"0.0.0.0","com.docker.network.bridge.name":"docker0","com.docker.network.driver.mtu":"1500"},"Labels":{}},{"Name":"host","Id":"fe042b0866671b5be4f097ba43830c0a02959c058702d18e18c14a24d88a357d","Scope":"local","Driver":"host","EnableIPv6":false,"IPAM":{"Driver":"default","Options":null,"Config":[]},"Internal":false,"Containers":{},"Options":{},"Labels":{}}][\n]"
02:36:23.826 [Test worker] DEBUG org.apache.http.headers - http-outgoing-52 << HTTP/1.1 200 OK
02:36:23.826 [Test worker] DEBUG org.apache.http.headers - http-outgoing-52 << Content-Type: application/json
02:36:23.826 [Test worker] DEBUG org.apache.http.headers - http-outgoing-52 << Server: Docker/1.12.3 (linux)
02:36:23.826 [Test worker] DEBUG org.apache.http.headers - http-outgoing-52 << Date: Tue, 03 Jan 2017 01:36:23 GMT
02:36:23.826 [Test worker] DEBUG org.apache.http.headers - http-outgoing-52 << Content-Length: 1411
02:36:23.826 [Test worker] DEBUG o.a.h.impl.execchain.MainClientExec - Connection can be kept alive indefinitely
02:36:23.827 [Test worker] DEBUG c.g.d.j.JerseyDockerCmdExecFactory - 36 * Client response received on thread Test worker
36 < 200
36 < Content-Length: 1411
36 < Content-Type: application/json
36 < Date: Tue, 03 Jan 2017 01:36:23 GMT
36 < Server: Docker/1.12.3 (linux)
[{"Name":"MyNetwork","Id":"250c5ac22f583b746f1c5789bee22dacef14a6c9284947d13cc72eb2d299f5e9","Scope":"local","Driver":"bridge","EnableIPv6":false,"IPAM":{"Driver":"default","Options":null,"Config":[{"Subnet":"172.18.0.0/16","Gateway":"172.18.0.1/16"}]},"Internal":false,"Containers":{},"Options":{},"Labels":{}},{"Name":"none","Id":"4d89c194eb79cd2beb38458d10a1b98c74d6b8462af72afde29ae7aca53ed5ca","Scope":"local","Driver":"null","EnableIPv6":false,"IPAM":{"Driver":"default","Options":null,"Config":[]},"Internal":false,"Containers":{},"Options":{},"Labels":{}},{"Name":"bridge","Id":"e0d36057aa1769e9fd52ba88be81b698b495f9b6b4946d0f98f24d971a27fc98","Scope":"local","Driver":"bridge","EnableIPv6":false,"IPAM":{"Driver":"default","Options":null,"Config":[{"Subnet":"172.17.0.0/16","Gateway":"172.17.0.1"}]},"Internal":false,"Containers":{},"Options":{"com.docker.network.bridge.default_bridge":"true","com.docker.network.bridge.enable_icc":"true","com.docker.network.bridge.enable_ip_masquerade":"true","com.docker.network.bridge.host_binding_ipv4":"0.0.0.0","com.docker.network.bridge.name":"docker0","com.docker.network.driver.mtu":"1500"},"Labels":{}},{"Name":"host","Id":"fe042b0866671b5be4f097ba43830c0a02959c058702d18e18c14a24d88a357d","Scope":"local","Driver":"host","EnableIPv6":false,"IPAM":{"Driver":"default","Options":null,"Config":[]},"Internal":false,"Containers":{},"Options":{},"Labels":{}}]


02:36:23.828 [Test worker] DEBUG o.a.h.i.c.DefaultManagedHttpClientConnection - http-outgoing-52: Close connection
02:36:23.829 [Test worker] DEBUG o.a.h.impl.execchain.MainClientExec - Connection discarded
02:36:23.829 [Test worker] DEBUG c.g.d.j.JerseyDockerCmdExecFactory$1 - Connection released: [id: 52][route: {s}->https://Thesis:2376][total kept alive: 1; route allocated: 1 of 2; total allocated: 1 of 20]
02:36:23.829 [Test worker] DEBUG org.openbaton.docker.DockerVim - Found a docker network, transformed into a NFV network Network{id='250c5ac22f583b746f1c5789bee22dacef14a6c9284947d13cc72eb2d299f5e9', name='MyNetwork', extId='null', external=false, shared=false, subnets=[Subnet{id='null', version=0, name='bridge', extId='null', networkId='172.18.0.0/16', cidr='null', gatewayIp='172.18.0.1/16'}]}
02:36:23.829 [Test worker] DEBUG c.g.d.core.command.AbstrDockerCmd - Cmd: 250c5ac22f583b746f1c5789bee22dacef14a6c9284947d13cc72eb2d299f5e9,com.github.dockerjava.jaxrs.RemoveNetworkCmdExec@749319b8
02:36:23.830 [Test worker] DEBUG c.g.d.j.JerseyDockerCmdExecFactory - 37 * Sending client request on thread Test worker
37 > DELETE https://Thesis:2376/networks/250c5ac22f583b746f1c5789bee22dacef14a6c9284947d13cc72eb2d299f5e9
37 > Accept: application/json

02:36:23.830 [Test worker] DEBUG o.a.h.c.protocol.RequestAddCookies - CookieSpec selected: default
02:36:23.830 [Test worker] DEBUG o.a.h.c.protocol.RequestAuthCache - Auth cache not set in the context
02:36:23.831 [Test worker] DEBUG c.g.d.j.JerseyDockerCmdExecFactory$1 - Connection request: [route: {s}->https://Thesis:2376][total kept alive: 1; route allocated: 1 of 2; total allocated: 1 of 20]
02:36:23.831 [Test worker] DEBUG c.g.d.j.JerseyDockerCmdExecFactory$1 - Connection leased: [id: 53][route: {s}->https://Thesis:2376][total kept alive: 1; route allocated: 2 of 2; total allocated: 2 of 20]
02:36:23.831 [Test worker] DEBUG o.a.h.impl.execchain.MainClientExec - Opening connection {s}->https://Thesis:2376
02:36:23.831 [Test worker] DEBUG o.a.h.i.c.DefaultHttpClientConnectionOperator - Connecting to Thesis/127.0.1.1:2376
02:36:23.831 [Test worker] DEBUG o.a.h.c.s.SSLConnectionSocketFactory - Connecting socket to Thesis/127.0.1.1:2376 with timeout 0
02:36:23.832 [Test worker] DEBUG o.a.h.c.s.SSLConnectionSocketFactory - Enabled protocols: [TLSv1]
02:36:23.832 [Test worker] DEBUG o.a.h.c.s.SSLConnectionSocketFactory - Enabled cipher suites:[TLS_ECDHE_ECDSA_WITH_AES_128_CBC_SHA, TLS_ECDHE_RSA_WITH_AES_128_CBC_SHA, TLS_RSA_WITH_AES_128_CBC_SHA, TLS_ECDH_ECDSA_WITH_AES_128_CBC_SHA, TLS_ECDH_RSA_WITH_AES_128_CBC_SHA, TLS_DHE_RSA_WITH_AES_128_CBC_SHA, TLS_DHE_DSS_WITH_AES_128_CBC_SHA, TLS_ECDHE_ECDSA_WITH_3DES_EDE_CBC_SHA, TLS_ECDHE_RSA_WITH_3DES_EDE_CBC_SHA, SSL_RSA_WITH_3DES_EDE_CBC_SHA, TLS_ECDH_ECDSA_WITH_3DES_EDE_CBC_SHA, TLS_ECDH_RSA_WITH_3DES_EDE_CBC_SHA, SSL_DHE_RSA_WITH_3DES_EDE_CBC_SHA, SSL_DHE_DSS_WITH_3DES_EDE_CBC_SHA, TLS_ECDHE_ECDSA_WITH_RC4_128_SHA, TLS_ECDHE_RSA_WITH_RC4_128_SHA, SSL_RSA_WITH_RC4_128_SHA, TLS_ECDH_ECDSA_WITH_RC4_128_SHA, TLS_ECDH_RSA_WITH_RC4_128_SHA, SSL_RSA_WITH_RC4_128_MD5, TLS_EMPTY_RENEGOTIATION_INFO_SCSV]
02:36:23.832 [Test worker] DEBUG o.a.h.c.s.SSLConnectionSocketFactory - Starting handshake
02:36:23.896 [Test worker] DEBUG o.a.h.c.s.SSLConnectionSocketFactory - Secure session established
02:36:23.897 [Test worker] DEBUG o.a.h.c.s.SSLConnectionSocketFactory -  negotiated protocol: TLSv1
02:36:23.897 [Test worker] DEBUG o.a.h.c.s.SSLConnectionSocketFactory -  negotiated cipher suite: TLS_ECDHE_RSA_WITH_AES_128_CBC_SHA
02:36:23.897 [Test worker] DEBUG o.a.h.c.s.SSLConnectionSocketFactory -  peer principal: CN=Thesis
02:36:23.897 [Test worker] DEBUG o.a.h.c.s.SSLConnectionSocketFactory -  issuer principal: EMAILADDRESS=sha@yamil.com, CN=Thesis, OU=Open, O=Fra, L=BER, ST=BER, C=DE
02:36:23.897 [Test worker] DEBUG o.a.h.i.c.DefaultHttpClientConnectionOperator - Connection established 127.0.0.1:41406<->127.0.1.1:2376
02:36:23.897 [Test worker] DEBUG o.a.h.impl.execchain.MainClientExec - Executing request DELETE /networks/250c5ac22f583b746f1c5789bee22dacef14a6c9284947d13cc72eb2d299f5e9 HTTP/1.1
02:36:23.898 [Test worker] DEBUG o.a.h.impl.execchain.MainClientExec - Target auth state: UNCHALLENGED
02:36:23.898 [Test worker] DEBUG o.a.h.impl.execchain.MainClientExec - Proxy auth state: UNCHALLENGED
02:36:23.903 [Test worker] DEBUG org.apache.http.headers - http-outgoing-53 >> DELETE /networks/250c5ac22f583b746f1c5789bee22dacef14a6c9284947d13cc72eb2d299f5e9 HTTP/1.1
02:36:23.903 [Test worker] DEBUG org.apache.http.headers - http-outgoing-53 >> Accept: application/json
02:36:23.904 [Test worker] DEBUG org.apache.http.headers - http-outgoing-53 >> User-Agent: Jersey/2.23.1 (Apache HttpClient 4.5.1)
02:36:23.904 [Test worker] DEBUG org.apache.http.headers - http-outgoing-53 >> Host: Thesis:2376
02:36:23.904 [Test worker] DEBUG org.apache.http.headers - http-outgoing-53 >> Connection: Keep-Alive
02:36:23.904 [Test worker] DEBUG org.apache.http.headers - http-outgoing-53 >> Accept-Encoding: gzip,deflate
02:36:23.904 [Test worker] DEBUG org.apache.http.wire - http-outgoing-53 >> "DELETE /networks/250c5ac22f583b746f1c5789bee22dacef14a6c9284947d13cc72eb2d299f5e9 HTTP/1.1[\r][\n]"
02:36:23.904 [Test worker] DEBUG org.apache.http.wire - http-outgoing-53 >> "Accept: application/json[\r][\n]"
02:36:23.904 [Test worker] DEBUG org.apache.http.wire - http-outgoing-53 >> "User-Agent: Jersey/2.23.1 (Apache HttpClient 4.5.1)[\r][\n]"
02:36:23.904 [Test worker] DEBUG org.apache.http.wire - http-outgoing-53 >> "Host: Thesis:2376[\r][\n]"
02:36:23.905 [Test worker] DEBUG org.apache.http.wire - http-outgoing-53 >> "Connection: Keep-Alive[\r][\n]"
02:36:23.905 [Test worker] DEBUG org.apache.http.wire - http-outgoing-53 >> "Accept-Encoding: gzip,deflate[\r][\n]"
02:36:23.911 [Test worker] DEBUG org.apache.http.wire - http-outgoing-53 >> "[\r][\n]"
02:36:23.975 [Test worker] DEBUG org.apache.http.wire - http-outgoing-53 << "H"
02:36:23.976 [Test worker] DEBUG org.apache.http.wire - http-outgoing-53 << "TTP/1.1 204 No Content[\r][\n]"
02:36:23.976 [Test worker] DEBUG org.apache.http.wire - http-outgoing-53 << "Server: Docker/1.12.3 (linux)[\r][\n]"
02:36:23.976 [Test worker] DEBUG org.apache.http.wire - http-outgoing-53 << "Date: Tue, 03 Jan 2017 01:36:23 GMT[\r][\n]"
02:36:23.976 [Test worker] DEBUG org.apache.http.wire - http-outgoing-53 << "[\r][\n]"
02:36:23.976 [Test worker] DEBUG org.apache.http.headers - http-outgoing-53 << HTTP/1.1 204 No Content
02:36:23.976 [Test worker] DEBUG org.apache.http.headers - http-outgoing-53 << Server: Docker/1.12.3 (linux)
02:36:23.976 [Test worker] DEBUG org.apache.http.headers - http-outgoing-53 << Date: Tue, 03 Jan 2017 01:36:23 GMT
02:36:23.976 [Test worker] DEBUG o.a.h.impl.execchain.MainClientExec - Connection can be kept alive indefinitely
02:36:23.976 [Test worker] DEBUG c.g.d.j.JerseyDockerCmdExecFactory$1 - Connection [id: 53][route: {s}->https://Thesis:2376][state: CN=Thesis] can be kept alive indefinitely
02:36:23.976 [Test worker] DEBUG c.g.d.j.JerseyDockerCmdExecFactory$1 - Connection released: [id: 53][route: {s}->https://Thesis:2376][state: CN=Thesis][total kept alive: 2; route allocated: 2 of 2; total allocated: 2 of 20]
02:36:23.976 [Test worker] DEBUG c.g.d.j.JerseyDockerCmdExecFactory - 38 * Client response received on thread Test worker
38 < 204
38 < Date: Tue, 03 Jan 2017 01:36:23 GMT
38 < Server: Docker/1.12.3 (linux)

02:36:23.976 [Test worker] INFO  org.openbaton.docker.DockerVim - Network '250c5ac22f583b746f1c5789bee22dacef14a6c9284947d13cc72eb2d299f5e9' deleted successfully
02:36:23.976 [Test worker] DEBUG c.g.d.core.command.AbstrDockerCmd - Cmd: com.github.dockerjava.core.util.FiltersBuilder@0,com.github.dockerjava.jaxrs.ListVolumesCmdExec@2174650c
02:36:23.977 [Test worker] DEBUG c.g.d.j.JerseyDockerCmdExecFactory - 39 * Sending client request on thread Test worker
39 > GET https://Thesis:2376/volumes
39 > Accept: application/json

02:36:23.977 [Test worker] DEBUG o.a.h.c.protocol.RequestAddCookies - CookieSpec selected: default
02:36:23.977 [Test worker] DEBUG o.a.h.c.protocol.RequestAuthCache - Auth cache not set in the context
02:36:23.977 [Test worker] DEBUG c.g.d.j.JerseyDockerCmdExecFactory$1 - Connection request: [route: {s}->https://Thesis:2376][total kept alive: 2; route allocated: 2 of 2; total allocated: 2 of 20]
02:36:23.977 [Test worker] DEBUG o.a.h.i.c.DefaultManagedHttpClientConnection - http-outgoing-51: Close connection
02:36:23.977 [Test worker] DEBUG c.g.d.j.JerseyDockerCmdExecFactory$1 - Connection leased: [id: 54][route: {s}->https://Thesis:2376][total kept alive: 1; route allocated: 2 of 2; total allocated: 2 of 20]
02:36:23.977 [Test worker] DEBUG o.a.h.impl.execchain.MainClientExec - Opening connection {s}->https://Thesis:2376
02:36:23.977 [Test worker] DEBUG o.a.h.i.c.DefaultHttpClientConnectionOperator - Connecting to Thesis/127.0.1.1:2376
02:36:23.977 [Test worker] DEBUG o.a.h.c.s.SSLConnectionSocketFactory - Connecting socket to Thesis/127.0.1.1:2376 with timeout 0
02:36:23.979 [Test worker] DEBUG o.a.h.c.s.SSLConnectionSocketFactory - Enabled protocols: [TLSv1]
02:36:23.979 [Test worker] DEBUG o.a.h.c.s.SSLConnectionSocketFactory - Enabled cipher suites:[TLS_ECDHE_ECDSA_WITH_AES_128_CBC_SHA, TLS_ECDHE_RSA_WITH_AES_128_CBC_SHA, TLS_RSA_WITH_AES_128_CBC_SHA, TLS_ECDH_ECDSA_WITH_AES_128_CBC_SHA, TLS_ECDH_RSA_WITH_AES_128_CBC_SHA, TLS_DHE_RSA_WITH_AES_128_CBC_SHA, TLS_DHE_DSS_WITH_AES_128_CBC_SHA, TLS_ECDHE_ECDSA_WITH_3DES_EDE_CBC_SHA, TLS_ECDHE_RSA_WITH_3DES_EDE_CBC_SHA, SSL_RSA_WITH_3DES_EDE_CBC_SHA, TLS_ECDH_ECDSA_WITH_3DES_EDE_CBC_SHA, TLS_ECDH_RSA_WITH_3DES_EDE_CBC_SHA, SSL_DHE_RSA_WITH_3DES_EDE_CBC_SHA, SSL_DHE_DSS_WITH_3DES_EDE_CBC_SHA, TLS_ECDHE_ECDSA_WITH_RC4_128_SHA, TLS_ECDHE_RSA_WITH_RC4_128_SHA, SSL_RSA_WITH_RC4_128_SHA, TLS_ECDH_ECDSA_WITH_RC4_128_SHA, TLS_ECDH_RSA_WITH_RC4_128_SHA, SSL_RSA_WITH_RC4_128_MD5, TLS_EMPTY_RENEGOTIATION_INFO_SCSV]
02:36:23.979 [Test worker] DEBUG o.a.h.c.s.SSLConnectionSocketFactory - Starting handshake
02:36:24.039 [Test worker] DEBUG o.a.h.c.s.SSLConnectionSocketFactory - Secure session established
02:36:24.039 [Test worker] DEBUG o.a.h.c.s.SSLConnectionSocketFactory -  negotiated protocol: TLSv1
02:36:24.039 [Test worker] DEBUG o.a.h.c.s.SSLConnectionSocketFactory -  negotiated cipher suite: TLS_ECDHE_RSA_WITH_AES_128_CBC_SHA
02:36:24.039 [Test worker] DEBUG o.a.h.c.s.SSLConnectionSocketFactory -  peer principal: CN=Thesis
02:36:24.040 [Test worker] DEBUG o.a.h.c.s.SSLConnectionSocketFactory -  issuer principal: EMAILADDRESS=sha@yamil.com, CN=Thesis, OU=Open, O=Fra, L=BER, ST=BER, C=DE
02:36:24.040 [Test worker] DEBUG o.a.h.i.c.DefaultHttpClientConnectionOperator - Connection established 127.0.0.1:41408<->127.0.1.1:2376
02:36:24.040 [Test worker] DEBUG o.a.h.impl.execchain.MainClientExec - Executing request GET /volumes HTTP/1.1
02:36:24.040 [Test worker] DEBUG o.a.h.impl.execchain.MainClientExec - Target auth state: UNCHALLENGED
02:36:24.040 [Test worker] DEBUG o.a.h.impl.execchain.MainClientExec - Proxy auth state: UNCHALLENGED
02:36:24.040 [Test worker] DEBUG org.apache.http.headers - http-outgoing-54 >> GET /volumes HTTP/1.1
02:36:24.040 [Test worker] DEBUG org.apache.http.headers - http-outgoing-54 >> Accept: application/json
02:36:24.041 [Test worker] DEBUG org.apache.http.headers - http-outgoing-54 >> User-Agent: Jersey/2.23.1 (Apache HttpClient 4.5.1)
02:36:24.041 [Test worker] DEBUG org.apache.http.headers - http-outgoing-54 >> Host: Thesis:2376
02:36:24.041 [Test worker] DEBUG org.apache.http.headers - http-outgoing-54 >> Connection: Keep-Alive
02:36:24.041 [Test worker] DEBUG org.apache.http.headers - http-outgoing-54 >> Accept-Encoding: gzip,deflate
02:36:24.041 [Test worker] DEBUG org.apache.http.wire - http-outgoing-54 >> "GET /volumes HTTP/1.1[\r][\n]"
02:36:24.041 [Test worker] DEBUG org.apache.http.wire - http-outgoing-54 >> "Accept: application/json[\r][\n]"
02:36:24.041 [Test worker] DEBUG org.apache.http.wire - http-outgoing-54 >> "User-Agent: Jersey/2.23.1 (Apache HttpClient 4.5.1)[\r][\n]"
02:36:24.042 [Test worker] DEBUG org.apache.http.wire - http-outgoing-54 >> "Host: Thesis:2376[\r][\n]"
02:36:24.042 [Test worker] DEBUG org.apache.http.wire - http-outgoing-54 >> "Connection: Keep-Alive[\r][\n]"
02:36:24.042 [Test worker] DEBUG org.apache.http.wire - http-outgoing-54 >> "Accept-Encoding: gzip,deflate[\r][\n]"
02:36:24.042 [Test worker] DEBUG org.apache.http.wire - http-outgoing-54 >> "[\r][\n]"
02:36:24.042 [Test worker] DEBUG org.apache.http.wire - http-outgoing-54 << "H"
02:36:24.043 [Test worker] DEBUG org.apache.http.wire - http-outgoing-54 << "TTP/1.1 200 OK[\r][\n]"
02:36:24.043 [Test worker] DEBUG org.apache.http.wire - http-outgoing-54 << "Content-Type: application/json[\r][\n]"
02:36:24.043 [Test worker] DEBUG org.apache.http.wire - http-outgoing-54 << "Server: Docker/1.12.3 (linux)[\r][\n]"
02:36:24.043 [Test worker] DEBUG org.apache.http.wire - http-outgoing-54 << "Date: Tue, 03 Jan 2017 01:36:24 GMT[\r][\n]"
02:36:24.043 [Test worker] DEBUG org.apache.http.wire - http-outgoing-54 << "Content-Length: 33[\r][\n]"
02:36:24.043 [Test worker] DEBUG org.apache.http.wire - http-outgoing-54 << "[\r][\n]"
02:36:24.044 [Test worker] DEBUG org.apache.http.wire - http-outgoing-54 << "{"Volumes":null,"Warnings":null}[\n]"
02:36:24.044 [Test worker] DEBUG org.apache.http.headers - http-outgoing-54 << HTTP/1.1 200 OK
02:36:24.044 [Test worker] DEBUG org.apache.http.headers - http-outgoing-54 << Content-Type: application/json
02:36:24.044 [Test worker] DEBUG org.apache.http.headers - http-outgoing-54 << Server: Docker/1.12.3 (linux)
02:36:24.044 [Test worker] DEBUG org.apache.http.headers - http-outgoing-54 << Date: Tue, 03 Jan 2017 01:36:24 GMT
02:36:24.044 [Test worker] DEBUG org.apache.http.headers - http-outgoing-54 << Content-Length: 33
02:36:24.044 [Test worker] DEBUG o.a.h.impl.execchain.MainClientExec - Connection can be kept alive indefinitely
02:36:24.045 [Test worker] DEBUG c.g.d.j.JerseyDockerCmdExecFactory - 40 * Client response received on thread Test worker
40 < 200
40 < Content-Length: 33
40 < Content-Type: application/json
40 < Date: Tue, 03 Jan 2017 01:36:24 GMT
40 < Server: Docker/1.12.3 (linux)
{"Volumes":null,"Warnings":null}


02:36:24.046 [Test worker] DEBUG o.a.h.i.c.DefaultManagedHttpClientConnection - http-outgoing-54: Close connection
02:36:24.046 [Test worker] DEBUG o.a.h.impl.execchain.MainClientExec - Connection discarded
02:36:24.047 [Test worker] DEBUG c.g.d.j.JerseyDockerCmdExecFactory$1 - Connection released: [id: 54][route: {s}->https://Thesis:2376][total kept alive: 1; route allocated: 1 of 2; total allocated: 1 of 20]
02:36:24.047 [Test worker] DEBUG org.openbaton.docker.DockerVim - Loading properties
02:36:24.048 [Test worker] DEBUG org.openbaton.docker.DockerVim - Loaded properties: {vim.instance.auth.url=tcp://Thesis:2376, docker.cert.path=/home/sakib/.docker, type=docker, tls.verify=true}
02:36:24.064 [Test worker] DEBUG c.g.d.core.command.AbstrDockerCmd - Cmd: -1,<null>,true,<null>,<null>,com.github.dockerjava.core.util.FiltersBuilder@0,com.github.dockerjava.jaxrs.ListContainersCmdExec@76966a1d
02:36:24.098 [Test worker] DEBUG c.g.d.j.JerseyDockerCmdExecFactory - 1 * Sending client request on thread Test worker
1 > GET https://Thesis:2376/containers/json?all=true
1 > Accept: application/json

02:36:24.099 [Test worker] DEBUG o.a.h.c.protocol.RequestAddCookies - CookieSpec selected: default
02:36:24.099 [Test worker] DEBUG o.a.h.c.protocol.RequestAuthCache - Auth cache not set in the context
02:36:24.099 [Test worker] DEBUG c.g.d.j.JerseyDockerCmdExecFactory$1 - Connection request: [route: {s}->https://Thesis:2376][total kept alive: 0; route allocated: 0 of 2; total allocated: 0 of 20]
02:36:24.100 [Test worker] DEBUG c.g.d.j.JerseyDockerCmdExecFactory$1 - Connection leased: [id: 55][route: {s}->https://Thesis:2376][total kept alive: 0; route allocated: 1 of 2; total allocated: 1 of 20]
02:36:24.100 [Test worker] DEBUG o.a.h.impl.execchain.MainClientExec - Opening connection {s}->https://Thesis:2376
02:36:24.100 [Test worker] DEBUG o.a.h.i.c.DefaultHttpClientConnectionOperator - Connecting to Thesis/127.0.1.1:2376
02:36:24.100 [Test worker] DEBUG o.a.h.c.s.SSLConnectionSocketFactory - Connecting socket to Thesis/127.0.1.1:2376 with timeout 0
02:36:24.101 [Test worker] DEBUG o.a.h.c.s.SSLConnectionSocketFactory - Enabled protocols: [TLSv1]
02:36:24.102 [Test worker] DEBUG o.a.h.c.s.SSLConnectionSocketFactory - Enabled cipher suites:[TLS_ECDHE_ECDSA_WITH_AES_128_CBC_SHA, TLS_ECDHE_RSA_WITH_AES_128_CBC_SHA, TLS_RSA_WITH_AES_128_CBC_SHA, TLS_ECDH_ECDSA_WITH_AES_128_CBC_SHA, TLS_ECDH_RSA_WITH_AES_128_CBC_SHA, TLS_DHE_RSA_WITH_AES_128_CBC_SHA, TLS_DHE_DSS_WITH_AES_128_CBC_SHA, TLS_ECDHE_ECDSA_WITH_3DES_EDE_CBC_SHA, TLS_ECDHE_RSA_WITH_3DES_EDE_CBC_SHA, SSL_RSA_WITH_3DES_EDE_CBC_SHA, TLS_ECDH_ECDSA_WITH_3DES_EDE_CBC_SHA, TLS_ECDH_RSA_WITH_3DES_EDE_CBC_SHA, SSL_DHE_RSA_WITH_3DES_EDE_CBC_SHA, SSL_DHE_DSS_WITH_3DES_EDE_CBC_SHA, TLS_ECDHE_ECDSA_WITH_RC4_128_SHA, TLS_ECDHE_RSA_WITH_RC4_128_SHA, SSL_RSA_WITH_RC4_128_SHA, TLS_ECDH_ECDSA_WITH_RC4_128_SHA, TLS_ECDH_RSA_WITH_RC4_128_SHA, SSL_RSA_WITH_RC4_128_MD5, TLS_EMPTY_RENEGOTIATION_INFO_SCSV]
02:36:24.102 [Test worker] DEBUG o.a.h.c.s.SSLConnectionSocketFactory - Starting handshake
02:36:24.214 [Test worker] DEBUG o.a.h.c.s.SSLConnectionSocketFactory - Secure session established
02:36:24.214 [Test worker] DEBUG o.a.h.c.s.SSLConnectionSocketFactory -  negotiated protocol: TLSv1
02:36:24.214 [Test worker] DEBUG o.a.h.c.s.SSLConnectionSocketFactory -  negotiated cipher suite: TLS_ECDHE_RSA_WITH_AES_128_CBC_SHA
02:36:24.215 [Test worker] DEBUG o.a.h.c.s.SSLConnectionSocketFactory -  peer principal: CN=Thesis
02:36:24.215 [Test worker] DEBUG o.a.h.c.s.SSLConnectionSocketFactory -  issuer principal: EMAILADDRESS=sha@yamil.com, CN=Thesis, OU=Open, O=Fra, L=BER, ST=BER, C=DE
02:36:24.215 [Test worker] DEBUG o.a.h.i.c.DefaultHttpClientConnectionOperator - Connection established 127.0.0.1:41410<->127.0.1.1:2376
02:36:24.215 [Test worker] DEBUG o.a.h.impl.execchain.MainClientExec - Executing request GET /containers/json?all=true HTTP/1.1
02:36:24.215 [Test worker] DEBUG o.a.h.impl.execchain.MainClientExec - Target auth state: UNCHALLENGED
02:36:24.215 [Test worker] DEBUG o.a.h.impl.execchain.MainClientExec - Proxy auth state: UNCHALLENGED
02:36:24.216 [Test worker] DEBUG org.apache.http.headers - http-outgoing-55 >> GET /containers/json?all=true HTTP/1.1
02:36:24.216 [Test worker] DEBUG org.apache.http.headers - http-outgoing-55 >> Accept: application/json
02:36:24.216 [Test worker] DEBUG org.apache.http.headers - http-outgoing-55 >> User-Agent: Jersey/2.23.1 (Apache HttpClient 4.5.1)
02:36:24.216 [Test worker] DEBUG org.apache.http.headers - http-outgoing-55 >> Host: Thesis:2376
02:36:24.216 [Test worker] DEBUG org.apache.http.headers - http-outgoing-55 >> Connection: Keep-Alive
02:36:24.216 [Test worker] DEBUG org.apache.http.headers - http-outgoing-55 >> Accept-Encoding: gzip,deflate
02:36:24.216 [Test worker] DEBUG org.apache.http.wire - http-outgoing-55 >> "GET /containers/json?all=true HTTP/1.1[\r][\n]"
02:36:24.217 [Test worker] DEBUG org.apache.http.wire - http-outgoing-55 >> "Accept: application/json[\r][\n]"
02:36:24.218 [Test worker] DEBUG org.apache.http.wire - http-outgoing-55 >> "User-Agent: Jersey/2.23.1 (Apache HttpClient 4.5.1)[\r][\n]"
02:36:24.218 [Test worker] DEBUG org.apache.http.wire - http-outgoing-55 >> "Host: Thesis:2376[\r][\n]"
02:36:24.218 [Test worker] DEBUG org.apache.http.wire - http-outgoing-55 >> "Connection: Keep-Alive[\r][\n]"
02:36:24.218 [Test worker] DEBUG org.apache.http.wire - http-outgoing-55 >> "Accept-Encoding: gzip,deflate[\r][\n]"
02:36:24.218 [Test worker] DEBUG org.apache.http.wire - http-outgoing-55 >> "[\r][\n]"
02:36:24.218 [Test worker] DEBUG org.apache.http.wire - http-outgoing-55 << "H"
02:36:24.219 [Test worker] DEBUG org.apache.http.wire - http-outgoing-55 << "TTP/1.1 200 OK[\r][\n]"
02:36:24.219 [Test worker] DEBUG org.apache.http.wire - http-outgoing-55 << "Content-Type: application/json[\r][\n]"
02:36:24.219 [Test worker] DEBUG org.apache.http.wire - http-outgoing-55 << "Server: Docker/1.12.3 (linux)[\r][\n]"
02:36:24.219 [Test worker] DEBUG org.apache.http.wire - http-outgoing-55 << "Date: Tue, 03 Jan 2017 01:36:24 GMT[\r][\n]"
02:36:24.219 [Test worker] DEBUG org.apache.http.wire - http-outgoing-55 << "Content-Length: 3[\r][\n]"
02:36:24.219 [Test worker] DEBUG org.apache.http.wire - http-outgoing-55 << "[\r][\n]"
02:36:24.219 [Test worker] DEBUG org.apache.http.wire - http-outgoing-55 << "[][\n]"
02:36:24.220 [Test worker] DEBUG org.apache.http.headers - http-outgoing-55 << HTTP/1.1 200 OK
02:36:24.220 [Test worker] DEBUG org.apache.http.headers - http-outgoing-55 << Content-Type: application/json
02:36:24.220 [Test worker] DEBUG org.apache.http.headers - http-outgoing-55 << Server: Docker/1.12.3 (linux)
02:36:24.220 [Test worker] DEBUG org.apache.http.headers - http-outgoing-55 << Date: Tue, 03 Jan 2017 01:36:24 GMT
02:36:24.220 [Test worker] DEBUG org.apache.http.headers - http-outgoing-55 << Content-Length: 3
02:36:24.220 [Test worker] DEBUG o.a.h.impl.execchain.MainClientExec - Connection can be kept alive indefinitely
02:36:24.221 [Test worker] DEBUG c.g.d.j.JerseyDockerCmdExecFactory - 2 * Client response received on thread Test worker
2 < 200
2 < Content-Length: 3
2 < Content-Type: application/json
2 < Date: Tue, 03 Jan 2017 01:36:24 GMT
2 < Server: Docker/1.12.3 (linux)
[]


02:36:24.222 [Test worker] DEBUG c.g.d.j.JerseyDockerCmdExecFactory$1 - Connection [id: 55][route: {s}->https://Thesis:2376][state: CN=Thesis] can be kept alive indefinitely
02:36:24.223 [Test worker] DEBUG c.g.d.j.JerseyDockerCmdExecFactory$1 - Connection released: [id: 55][route: {s}->https://Thesis:2376][state: CN=Thesis][total kept alive: 1; route allocated: 1 of 2; total allocated: 1 of 20]
02:36:24.242 [Test worker] DEBUG c.g.d.core.command.AbstrDockerCmd - Cmd: com.github.dockerjava.core.util.FiltersBuilder@0,com.github.dockerjava.jaxrs.ListNetworksCmdExec@3982b57d
02:36:24.242 [Test worker] DEBUG c.g.d.j.JerseyDockerCmdExecFactory - 3 * Sending client request on thread Test worker
3 > GET https://Thesis:2376/networks
3 > Accept: application/json

02:36:24.243 [Test worker] DEBUG o.a.h.c.protocol.RequestAddCookies - CookieSpec selected: default
02:36:24.243 [Test worker] DEBUG o.a.h.c.protocol.RequestAuthCache - Auth cache not set in the context
02:36:24.244 [Test worker] DEBUG c.g.d.j.JerseyDockerCmdExecFactory$1 - Connection request: [route: {s}->https://Thesis:2376][total kept alive: 1; route allocated: 1 of 2; total allocated: 1 of 20]
02:36:24.244 [Test worker] DEBUG c.g.d.j.JerseyDockerCmdExecFactory$1 - Connection leased: [id: 56][route: {s}->https://Thesis:2376][total kept alive: 1; route allocated: 2 of 2; total allocated: 2 of 20]
02:36:24.244 [Test worker] DEBUG o.a.h.impl.execchain.MainClientExec - Opening connection {s}->https://Thesis:2376
02:36:24.244 [Test worker] DEBUG o.a.h.i.c.DefaultHttpClientConnectionOperator - Connecting to Thesis/127.0.1.1:2376
02:36:24.244 [Test worker] DEBUG o.a.h.c.s.SSLConnectionSocketFactory - Connecting socket to Thesis/127.0.1.1:2376 with timeout 0
02:36:24.245 [Test worker] DEBUG o.a.h.c.s.SSLConnectionSocketFactory - Enabled protocols: [TLSv1]
02:36:24.245 [Test worker] DEBUG o.a.h.c.s.SSLConnectionSocketFactory - Enabled cipher suites:[TLS_ECDHE_ECDSA_WITH_AES_128_CBC_SHA, TLS_ECDHE_RSA_WITH_AES_128_CBC_SHA, TLS_RSA_WITH_AES_128_CBC_SHA, TLS_ECDH_ECDSA_WITH_AES_128_CBC_SHA, TLS_ECDH_RSA_WITH_AES_128_CBC_SHA, TLS_DHE_RSA_WITH_AES_128_CBC_SHA, TLS_DHE_DSS_WITH_AES_128_CBC_SHA, TLS_ECDHE_ECDSA_WITH_3DES_EDE_CBC_SHA, TLS_ECDHE_RSA_WITH_3DES_EDE_CBC_SHA, SSL_RSA_WITH_3DES_EDE_CBC_SHA, TLS_ECDH_ECDSA_WITH_3DES_EDE_CBC_SHA, TLS_ECDH_RSA_WITH_3DES_EDE_CBC_SHA, SSL_DHE_RSA_WITH_3DES_EDE_CBC_SHA, SSL_DHE_DSS_WITH_3DES_EDE_CBC_SHA, TLS_ECDHE_ECDSA_WITH_RC4_128_SHA, TLS_ECDHE_RSA_WITH_RC4_128_SHA, SSL_RSA_WITH_RC4_128_SHA, TLS_ECDH_ECDSA_WITH_RC4_128_SHA, TLS_ECDH_RSA_WITH_RC4_128_SHA, SSL_RSA_WITH_RC4_128_MD5, TLS_EMPTY_RENEGOTIATION_INFO_SCSV]
02:36:24.245 [Test worker] DEBUG o.a.h.c.s.SSLConnectionSocketFactory - Starting handshake
02:36:24.319 [Test worker] DEBUG o.a.h.c.s.SSLConnectionSocketFactory - Secure session established
02:36:24.320 [Test worker] DEBUG o.a.h.c.s.SSLConnectionSocketFactory -  negotiated protocol: TLSv1
02:36:24.320 [Test worker] DEBUG o.a.h.c.s.SSLConnectionSocketFactory -  negotiated cipher suite: TLS_ECDHE_RSA_WITH_AES_128_CBC_SHA
02:36:24.320 [Test worker] DEBUG o.a.h.c.s.SSLConnectionSocketFactory -  peer principal: CN=Thesis
02:36:24.320 [Test worker] DEBUG o.a.h.c.s.SSLConnectionSocketFactory -  issuer principal: EMAILADDRESS=sha@yamil.com, CN=Thesis, OU=Open, O=Fra, L=BER, ST=BER, C=DE
02:36:24.320 [Test worker] DEBUG o.a.h.i.c.DefaultHttpClientConnectionOperator - Connection established 127.0.0.1:41412<->127.0.1.1:2376
02:36:24.320 [Test worker] DEBUG o.a.h.impl.execchain.MainClientExec - Executing request GET /networks HTTP/1.1
02:36:24.321 [Test worker] DEBUG o.a.h.impl.execchain.MainClientExec - Target auth state: UNCHALLENGED
02:36:24.321 [Test worker] DEBUG o.a.h.impl.execchain.MainClientExec - Proxy auth state: UNCHALLENGED
02:36:24.321 [Test worker] DEBUG org.apache.http.headers - http-outgoing-56 >> GET /networks HTTP/1.1
02:36:24.321 [Test worker] DEBUG org.apache.http.headers - http-outgoing-56 >> Accept: application/json
02:36:24.321 [Test worker] DEBUG org.apache.http.headers - http-outgoing-56 >> User-Agent: Jersey/2.23.1 (Apache HttpClient 4.5.1)
02:36:24.322 [Test worker] DEBUG org.apache.http.headers - http-outgoing-56 >> Host: Thesis:2376
02:36:24.322 [Test worker] DEBUG org.apache.http.headers - http-outgoing-56 >> Connection: Keep-Alive
02:36:24.322 [Test worker] DEBUG org.apache.http.headers - http-outgoing-56 >> Accept-Encoding: gzip,deflate
02:36:24.322 [Test worker] DEBUG org.apache.http.wire - http-outgoing-56 >> "GET /networks HTTP/1.1[\r][\n]"
02:36:24.322 [Test worker] DEBUG org.apache.http.wire - http-outgoing-56 >> "Accept: application/json[\r][\n]"
02:36:24.322 [Test worker] DEBUG org.apache.http.wire - http-outgoing-56 >> "User-Agent: Jersey/2.23.1 (Apache HttpClient 4.5.1)[\r][\n]"
02:36:24.322 [Test worker] DEBUG org.apache.http.wire - http-outgoing-56 >> "Host: Thesis:2376[\r][\n]"
02:36:24.323 [Test worker] DEBUG org.apache.http.wire - http-outgoing-56 >> "Connection: Keep-Alive[\r][\n]"
02:36:24.323 [Test worker] DEBUG org.apache.http.wire - http-outgoing-56 >> "Accept-Encoding: gzip,deflate[\r][\n]"
02:36:24.323 [Test worker] DEBUG org.apache.http.wire - http-outgoing-56 >> "[\r][\n]"
02:36:24.323 [Test worker] DEBUG org.apache.http.wire - http-outgoing-56 << "H"
02:36:24.324 [Test worker] DEBUG org.apache.http.wire - http-outgoing-56 << "TTP/1.1 200 OK[\r][\n]"
02:36:24.324 [Test worker] DEBUG org.apache.http.wire - http-outgoing-56 << "Content-Type: application/json[\r][\n]"
02:36:24.324 [Test worker] DEBUG org.apache.http.wire - http-outgoing-56 << "Server: Docker/1.12.3 (linux)[\r][\n]"
02:36:24.324 [Test worker] DEBUG org.apache.http.wire - http-outgoing-56 << "Date: Tue, 03 Jan 2017 01:36:24 GMT[\r][\n]"
02:36:24.324 [Test worker] DEBUG org.apache.http.wire - http-outgoing-56 << "Content-Length: 1100[\r][\n]"
02:36:24.324 [Test worker] DEBUG org.apache.http.wire - http-outgoing-56 << "[\r][\n]"
02:36:24.324 [Test worker] DEBUG org.apache.http.wire - http-outgoing-56 << "[{"Name":"none","Id":"4d89c194eb79cd2beb38458d10a1b98c74d6b8462af72afde29ae7aca53ed5ca","Scope":"local","Driver":"null","EnableIPv6":false,"IPAM":{"Driver":"default","Options":null,"Config":[]},"Internal":false,"Containers":{},"Options":{},"Labels":{}},{"Name":"bridge","Id":"e0d36057aa1769e9fd52ba88be81b698b495f9b6b4946d0f98f24d971a27fc98","Scope":"local","Driver":"bridge","EnableIPv6":false,"IPAM":{"Driver":"default","Options":null,"Config":[{"Subnet":"172.17.0.0/16","Gateway":"172.17.0.1"}]},"Internal":false,"Containers":{},"Options":{"com.docker.network.bridge.default_bridge":"true","com.docker.network.bridge.enable_icc":"true","com.docker.network.bridge.enable_ip_masquerade":"true","com.docker.network.bridge.host_binding_ipv4":"0.0.0.0","com.docker.network.bridge.name":"docker0","com.docker.network.driver.mtu":"1500"},"Labels":{}},{"Name":"host","Id":"fe042b0866671b5be4f097ba43830c0a02959c058702d18e18c14a24d88a357d","Scope":"local","Driver":"host","EnableIPv6":false,"IPAM":{"Driver":"default","Options":null,"Config":[]},"Internal":false,"Containers":{},"Options":{},"Labels":{}}][\n]"
02:36:24.325 [Test worker] DEBUG org.apache.http.headers - http-outgoing-56 << HTTP/1.1 200 OK
02:36:24.325 [Test worker] DEBUG org.apache.http.headers - http-outgoing-56 << Content-Type: application/json
02:36:24.325 [Test worker] DEBUG org.apache.http.headers - http-outgoing-56 << Server: Docker/1.12.3 (linux)
02:36:24.325 [Test worker] DEBUG org.apache.http.headers - http-outgoing-56 << Date: Tue, 03 Jan 2017 01:36:24 GMT
02:36:24.325 [Test worker] DEBUG org.apache.http.headers - http-outgoing-56 << Content-Length: 1100
02:36:24.325 [Test worker] DEBUG o.a.h.impl.execchain.MainClientExec - Connection can be kept alive indefinitely
02:36:24.326 [Test worker] DEBUG c.g.d.j.JerseyDockerCmdExecFactory - 4 * Client response received on thread Test worker
4 < 200
4 < Content-Length: 1100
4 < Content-Type: application/json
4 < Date: Tue, 03 Jan 2017 01:36:24 GMT
4 < Server: Docker/1.12.3 (linux)
[{"Name":"none","Id":"4d89c194eb79cd2beb38458d10a1b98c74d6b8462af72afde29ae7aca53ed5ca","Scope":"local","Driver":"null","EnableIPv6":false,"IPAM":{"Driver":"default","Options":null,"Config":[]},"Internal":false,"Containers":{},"Options":{},"Labels":{}},{"Name":"bridge","Id":"e0d36057aa1769e9fd52ba88be81b698b495f9b6b4946d0f98f24d971a27fc98","Scope":"local","Driver":"bridge","EnableIPv6":false,"IPAM":{"Driver":"default","Options":null,"Config":[{"Subnet":"172.17.0.0/16","Gateway":"172.17.0.1"}]},"Internal":false,"Containers":{},"Options":{"com.docker.network.bridge.default_bridge":"true","com.docker.network.bridge.enable_icc":"true","com.docker.network.bridge.enable_ip_masquerade":"true","com.docker.network.bridge.host_binding_ipv4":"0.0.0.0","com.docker.network.bridge.name":"docker0","com.docker.network.driver.mtu":"1500"},"Labels":{}},{"Name":"host","Id":"fe042b0866671b5be4f097ba43830c0a02959c058702d18e18c14a24d88a357d","Scope":"local","Driver":"host","EnableIPv6":false,"IPAM":{"Driver":"default","Options":null,"Config":[]},"Internal":false,"Containers":{},"Options":{},"Labels":{}}]


02:36:24.330 [Test worker] DEBUG o.a.h.i.c.DefaultManagedHttpClientConnection - http-outgoing-56: Close connection
02:36:24.330 [Test worker] DEBUG o.a.h.impl.execchain.MainClientExec - Connection discarded
02:36:24.330 [Test worker] DEBUG c.g.d.j.JerseyDockerCmdExecFactory$1 - Connection released: [id: 56][route: {s}->https://Thesis:2376][total kept alive: 1; route allocated: 1 of 2; total allocated: 1 of 20]
02:36:24.330 [Test worker] DEBUG c.g.d.core.command.AbstrDockerCmd - Cmd: com.github.dockerjava.core.util.FiltersBuilder@0,com.github.dockerjava.jaxrs.ListVolumesCmdExec@4f39c45f
02:36:24.331 [Test worker] DEBUG c.g.d.j.JerseyDockerCmdExecFactory - 5 * Sending client request on thread Test worker
5 > GET https://Thesis:2376/volumes
5 > Accept: application/json

02:36:24.331 [Test worker] DEBUG o.a.h.c.protocol.RequestAddCookies - CookieSpec selected: default
02:36:24.332 [Test worker] DEBUG o.a.h.c.protocol.RequestAuthCache - Auth cache not set in the context
02:36:24.332 [Test worker] DEBUG c.g.d.j.JerseyDockerCmdExecFactory$1 - Connection request: [route: {s}->https://Thesis:2376][total kept alive: 1; route allocated: 1 of 2; total allocated: 1 of 20]
02:36:24.332 [Test worker] DEBUG c.g.d.j.JerseyDockerCmdExecFactory$1 - Connection leased: [id: 57][route: {s}->https://Thesis:2376][total kept alive: 1; route allocated: 2 of 2; total allocated: 2 of 20]
02:36:24.332 [Test worker] DEBUG o.a.h.impl.execchain.MainClientExec - Opening connection {s}->https://Thesis:2376
02:36:24.334 [Test worker] DEBUG o.a.h.i.c.DefaultHttpClientConnectionOperator - Connecting to Thesis/127.0.1.1:2376
02:36:24.334 [Test worker] DEBUG o.a.h.c.s.SSLConnectionSocketFactory - Connecting socket to Thesis/127.0.1.1:2376 with timeout 0
02:36:24.335 [Test worker] DEBUG o.a.h.c.s.SSLConnectionSocketFactory - Enabled protocols: [TLSv1]
02:36:24.335 [Test worker] DEBUG o.a.h.c.s.SSLConnectionSocketFactory - Enabled cipher suites:[TLS_ECDHE_ECDSA_WITH_AES_128_CBC_SHA, TLS_ECDHE_RSA_WITH_AES_128_CBC_SHA, TLS_RSA_WITH_AES_128_CBC_SHA, TLS_ECDH_ECDSA_WITH_AES_128_CBC_SHA, TLS_ECDH_RSA_WITH_AES_128_CBC_SHA, TLS_DHE_RSA_WITH_AES_128_CBC_SHA, TLS_DHE_DSS_WITH_AES_128_CBC_SHA, TLS_ECDHE_ECDSA_WITH_3DES_EDE_CBC_SHA, TLS_ECDHE_RSA_WITH_3DES_EDE_CBC_SHA, SSL_RSA_WITH_3DES_EDE_CBC_SHA, TLS_ECDH_ECDSA_WITH_3DES_EDE_CBC_SHA, TLS_ECDH_RSA_WITH_3DES_EDE_CBC_SHA, SSL_DHE_RSA_WITH_3DES_EDE_CBC_SHA, SSL_DHE_DSS_WITH_3DES_EDE_CBC_SHA, TLS_ECDHE_ECDSA_WITH_RC4_128_SHA, TLS_ECDHE_RSA_WITH_RC4_128_SHA, SSL_RSA_WITH_RC4_128_SHA, TLS_ECDH_ECDSA_WITH_RC4_128_SHA, TLS_ECDH_RSA_WITH_RC4_128_SHA, SSL_RSA_WITH_RC4_128_MD5, TLS_EMPTY_RENEGOTIATION_INFO_SCSV]
02:36:24.335 [Test worker] DEBUG o.a.h.c.s.SSLConnectionSocketFactory - Starting handshake
02:36:24.394 [Test worker] DEBUG o.a.h.c.s.SSLConnectionSocketFactory - Secure session established
02:36:24.394 [Test worker] DEBUG o.a.h.c.s.SSLConnectionSocketFactory -  negotiated protocol: TLSv1
02:36:24.394 [Test worker] DEBUG o.a.h.c.s.SSLConnectionSocketFactory -  negotiated cipher suite: TLS_ECDHE_RSA_WITH_AES_128_CBC_SHA
02:36:24.394 [Test worker] DEBUG o.a.h.c.s.SSLConnectionSocketFactory -  peer principal: CN=Thesis
02:36:24.394 [Test worker] DEBUG o.a.h.c.s.SSLConnectionSocketFactory -  issuer principal: EMAILADDRESS=sha@yamil.com, CN=Thesis, OU=Open, O=Fra, L=BER, ST=BER, C=DE
02:36:24.395 [Test worker] DEBUG o.a.h.i.c.DefaultHttpClientConnectionOperator - Connection established 127.0.0.1:41414<->127.0.1.1:2376
02:36:24.395 [Test worker] DEBUG o.a.h.impl.execchain.MainClientExec - Executing request GET /volumes HTTP/1.1
02:36:24.395 [Test worker] DEBUG o.a.h.impl.execchain.MainClientExec - Target auth state: UNCHALLENGED
02:36:24.395 [Test worker] DEBUG o.a.h.impl.execchain.MainClientExec - Proxy auth state: UNCHALLENGED
02:36:24.395 [Test worker] DEBUG org.apache.http.headers - http-outgoing-57 >> GET /volumes HTTP/1.1
02:36:24.395 [Test worker] DEBUG org.apache.http.headers - http-outgoing-57 >> Accept: application/json
02:36:24.395 [Test worker] DEBUG org.apache.http.headers - http-outgoing-57 >> User-Agent: Jersey/2.23.1 (Apache HttpClient 4.5.1)
02:36:24.396 [Test worker] DEBUG org.apache.http.headers - http-outgoing-57 >> Host: Thesis:2376
02:36:24.396 [Test worker] DEBUG org.apache.http.headers - http-outgoing-57 >> Connection: Keep-Alive
02:36:24.396 [Test worker] DEBUG org.apache.http.headers - http-outgoing-57 >> Accept-Encoding: gzip,deflate
02:36:24.396 [Test worker] DEBUG org.apache.http.wire - http-outgoing-57 >> "GET /volumes HTTP/1.1[\r][\n]"
02:36:24.396 [Test worker] DEBUG org.apache.http.wire - http-outgoing-57 >> "Accept: application/json[\r][\n]"
02:36:24.396 [Test worker] DEBUG org.apache.http.wire - http-outgoing-57 >> "User-Agent: Jersey/2.23.1 (Apache HttpClient 4.5.1)[\r][\n]"
02:36:24.396 [Test worker] DEBUG org.apache.http.wire - http-outgoing-57 >> "Host: Thesis:2376[\r][\n]"
02:36:24.396 [Test worker] DEBUG org.apache.http.wire - http-outgoing-57 >> "Connection: Keep-Alive[\r][\n]"
02:36:24.397 [Test worker] DEBUG org.apache.http.wire - http-outgoing-57 >> "Accept-Encoding: gzip,deflate[\r][\n]"
02:36:24.397 [Test worker] DEBUG org.apache.http.wire - http-outgoing-57 >> "[\r][\n]"
02:36:24.397 [Test worker] DEBUG org.apache.http.wire - http-outgoing-57 << "H"
02:36:24.397 [Test worker] DEBUG org.apache.http.wire - http-outgoing-57 << "TTP/1.1 200 OK[\r][\n]"
02:36:24.397 [Test worker] DEBUG org.apache.http.wire - http-outgoing-57 << "Content-Type: application/json[\r][\n]"
02:36:24.397 [Test worker] DEBUG org.apache.http.wire - http-outgoing-57 << "Server: Docker/1.12.3 (linux)[\r][\n]"
02:36:24.398 [Test worker] DEBUG org.apache.http.wire - http-outgoing-57 << "Date: Tue, 03 Jan 2017 01:36:24 GMT[\r][\n]"
02:36:24.398 [Test worker] DEBUG org.apache.http.wire - http-outgoing-57 << "Content-Length: 33[\r][\n]"
02:36:24.398 [Test worker] DEBUG org.apache.http.wire - http-outgoing-57 << "[\r][\n]"
02:36:24.398 [Test worker] DEBUG org.apache.http.wire - http-outgoing-57 << "{"Volumes":null,"Warnings":null}[\n]"
02:36:24.398 [Test worker] DEBUG org.apache.http.headers - http-outgoing-57 << HTTP/1.1 200 OK
02:36:24.398 [Test worker] DEBUG org.apache.http.headers - http-outgoing-57 << Content-Type: application/json
02:36:24.398 [Test worker] DEBUG org.apache.http.headers - http-outgoing-57 << Server: Docker/1.12.3 (linux)
02:36:24.398 [Test worker] DEBUG org.apache.http.headers - http-outgoing-57 << Date: Tue, 03 Jan 2017 01:36:24 GMT
02:36:24.399 [Test worker] DEBUG org.apache.http.headers - http-outgoing-57 << Content-Length: 33
02:36:24.399 [Test worker] DEBUG o.a.h.impl.execchain.MainClientExec - Connection can be kept alive indefinitely
02:36:24.399 [Test worker] DEBUG c.g.d.j.JerseyDockerCmdExecFactory - 6 * Client response received on thread Test worker
6 < 200
6 < Content-Length: 33
6 < Content-Type: application/json
6 < Date: Tue, 03 Jan 2017 01:36:24 GMT
6 < Server: Docker/1.12.3 (linux)
{"Volumes":null,"Warnings":null}


02:36:24.401 [Test worker] DEBUG o.a.h.i.c.DefaultManagedHttpClientConnection - http-outgoing-57: Close connection
02:36:24.402 [Test worker] DEBUG o.a.h.impl.execchain.MainClientExec - Connection discarded
02:36:24.402 [Test worker] DEBUG c.g.d.j.JerseyDockerCmdExecFactory$1 - Connection released: [id: 57][route: {s}->https://Thesis:2376][total kept alive: 1; route allocated: 1 of 2; total allocated: 1 of 20]
02:36:24.404 [Test worker] DEBUG c.g.d.core.command.AbstrDockerCmd - Cmd: MyNetwork,<null>,<null>,{},true,<null>,<null>,com.github.dockerjava.jaxrs.CreateNetworkCmdExec@4db5350a
02:36:24.407 [Test worker] DEBUG o.a.h.c.protocol.RequestAddCookies - CookieSpec selected: default
02:36:24.407 [Test worker] DEBUG o.a.h.c.protocol.RequestAuthCache - Auth cache not set in the context
02:36:24.407 [Test worker] DEBUG c.g.d.j.JerseyDockerCmdExecFactory$1 - Connection request: [route: {s}->https://Thesis:2376][total kept alive: 1; route allocated: 1 of 2; total allocated: 1 of 20]
02:36:24.407 [Test worker] DEBUG c.g.d.j.JerseyDockerCmdExecFactory$1 - Connection leased: [id: 58][route: {s}->https://Thesis:2376][total kept alive: 1; route allocated: 2 of 2; total allocated: 2 of 20]
02:36:24.408 [Test worker] DEBUG o.a.h.impl.execchain.MainClientExec - Opening connection {s}->https://Thesis:2376
02:36:24.408 [Test worker] DEBUG o.a.h.i.c.DefaultHttpClientConnectionOperator - Connecting to Thesis/127.0.1.1:2376
02:36:24.408 [Test worker] DEBUG o.a.h.c.s.SSLConnectionSocketFactory - Connecting socket to Thesis/127.0.1.1:2376 with timeout 0
02:36:24.409 [Test worker] DEBUG o.a.h.c.s.SSLConnectionSocketFactory - Enabled protocols: [TLSv1]
02:36:24.409 [Test worker] DEBUG o.a.h.c.s.SSLConnectionSocketFactory - Enabled cipher suites:[TLS_ECDHE_ECDSA_WITH_AES_128_CBC_SHA, TLS_ECDHE_RSA_WITH_AES_128_CBC_SHA, TLS_RSA_WITH_AES_128_CBC_SHA, TLS_ECDH_ECDSA_WITH_AES_128_CBC_SHA, TLS_ECDH_RSA_WITH_AES_128_CBC_SHA, TLS_DHE_RSA_WITH_AES_128_CBC_SHA, TLS_DHE_DSS_WITH_AES_128_CBC_SHA, TLS_ECDHE_ECDSA_WITH_3DES_EDE_CBC_SHA, TLS_ECDHE_RSA_WITH_3DES_EDE_CBC_SHA, SSL_RSA_WITH_3DES_EDE_CBC_SHA, TLS_ECDH_ECDSA_WITH_3DES_EDE_CBC_SHA, TLS_ECDH_RSA_WITH_3DES_EDE_CBC_SHA, SSL_DHE_RSA_WITH_3DES_EDE_CBC_SHA, SSL_DHE_DSS_WITH_3DES_EDE_CBC_SHA, TLS_ECDHE_ECDSA_WITH_RC4_128_SHA, TLS_ECDHE_RSA_WITH_RC4_128_SHA, SSL_RSA_WITH_RC4_128_SHA, TLS_ECDH_ECDSA_WITH_RC4_128_SHA, TLS_ECDH_RSA_WITH_RC4_128_SHA, SSL_RSA_WITH_RC4_128_MD5, TLS_EMPTY_RENEGOTIATION_INFO_SCSV]
02:36:24.409 [Test worker] DEBUG o.a.h.c.s.SSLConnectionSocketFactory - Starting handshake
02:36:24.469 [Test worker] DEBUG o.a.h.c.s.SSLConnectionSocketFactory - Secure session established
02:36:24.469 [Test worker] DEBUG o.a.h.c.s.SSLConnectionSocketFactory -  negotiated protocol: TLSv1
02:36:24.469 [Test worker] DEBUG o.a.h.c.s.SSLConnectionSocketFactory -  negotiated cipher suite: TLS_ECDHE_RSA_WITH_AES_128_CBC_SHA
02:36:24.470 [Test worker] DEBUG o.a.h.c.s.SSLConnectionSocketFactory -  peer principal: CN=Thesis
02:36:24.470 [Test worker] DEBUG o.a.h.c.s.SSLConnectionSocketFactory -  issuer principal: EMAILADDRESS=sha@yamil.com, CN=Thesis, OU=Open, O=Fra, L=BER, ST=BER, C=DE
02:36:24.470 [Test worker] DEBUG o.a.h.i.c.DefaultHttpClientConnectionOperator - Connection established 127.0.0.1:41416<->127.0.1.1:2376
02:36:24.470 [Test worker] DEBUG o.a.h.impl.execchain.MainClientExec - Executing request POST /networks/create HTTP/1.1
02:36:24.470 [Test worker] DEBUG o.a.h.impl.execchain.MainClientExec - Target auth state: UNCHALLENGED
02:36:24.470 [Test worker] DEBUG o.a.h.impl.execchain.MainClientExec - Proxy auth state: UNCHALLENGED
02:36:24.471 [Test worker] DEBUG org.apache.http.headers - http-outgoing-58 >> POST /networks/create HTTP/1.1
02:36:24.471 [Test worker] DEBUG org.apache.http.headers - http-outgoing-58 >> Accept: application/json
02:36:24.471 [Test worker] DEBUG org.apache.http.headers - http-outgoing-58 >> Content-Type: application/json
02:36:24.471 [Test worker] DEBUG org.apache.http.headers - http-outgoing-58 >> User-Agent: Jersey/2.23.1 (Apache HttpClient 4.5.1)
02:36:24.471 [Test worker] DEBUG org.apache.http.headers - http-outgoing-58 >> Transfer-Encoding: chunked
02:36:24.471 [Test worker] DEBUG org.apache.http.headers - http-outgoing-58 >> Host: Thesis:2376
02:36:24.471 [Test worker] DEBUG org.apache.http.headers - http-outgoing-58 >> Connection: Keep-Alive
02:36:24.471 [Test worker] DEBUG org.apache.http.headers - http-outgoing-58 >> Accept-Encoding: gzip,deflate
02:36:24.475 [Test worker] DEBUG c.g.d.j.JerseyDockerCmdExecFactory - 7 * Sending client request on thread Test worker
7 > POST https://Thesis:2376/networks/create
7 > Accept: application/json
7 > Content-Type: application/json
{"enableIPv6":null,"Name":"MyNetwork","Driver":null,"IPAM":null,"Options":{},"CheckDuplicate":true,"Internal":null,"EnableIPv6":null}

02:36:24.476 [Test worker] DEBUG org.apache.http.wire - http-outgoing-58 >> "POST /networks/create HTTP/1.1[\r][\n]"
02:36:24.476 [Test worker] DEBUG org.apache.http.wire - http-outgoing-58 >> "Accept: application/json[\r][\n]"
02:36:24.476 [Test worker] DEBUG org.apache.http.wire - http-outgoing-58 >> "Content-Type: application/json[\r][\n]"
02:36:24.476 [Test worker] DEBUG org.apache.http.wire - http-outgoing-58 >> "User-Agent: Jersey/2.23.1 (Apache HttpClient 4.5.1)[\r][\n]"
02:36:24.476 [Test worker] DEBUG org.apache.http.wire - http-outgoing-58 >> "Transfer-Encoding: chunked[\r][\n]"
02:36:24.476 [Test worker] DEBUG org.apache.http.wire - http-outgoing-58 >> "Host: Thesis:2376[\r][\n]"
02:36:24.476 [Test worker] DEBUG org.apache.http.wire - http-outgoing-58 >> "Connection: Keep-Alive[\r][\n]"
02:36:24.476 [Test worker] DEBUG org.apache.http.wire - http-outgoing-58 >> "Accept-Encoding: gzip,deflate[\r][\n]"
02:36:24.477 [Test worker] DEBUG org.apache.http.wire - http-outgoing-58 >> "[\r][\n]"
02:36:24.477 [Test worker] DEBUG org.apache.http.wire - http-outgoing-58 >> "85[\r][\n]"
02:36:24.479 [Test worker] DEBUG org.apache.http.wire - http-outgoing-58 >> "{"enableIPv6":null,"Name":"MyNetwork","Driver":null,"IPAM":null,"Options":{},"CheckDuplicate":true,"Internal":null,"EnableIPv6":null}[\r][\n]"
02:36:24.479 [Test worker] DEBUG org.apache.http.wire - http-outgoing-58 >> "0[\r][\n]"
02:36:24.479 [Test worker] DEBUG org.apache.http.wire - http-outgoing-58 >> "[\r][\n]"
02:36:24.577 [Test worker] DEBUG org.apache.http.wire - http-outgoing-58 << "H"
02:36:24.577 [Test worker] DEBUG org.apache.http.wire - http-outgoing-58 << "TTP/1.1 201 Created[\r][\n]"
02:36:24.577 [Test worker] DEBUG org.apache.http.wire - http-outgoing-58 << "Content-Type: application/json[\r][\n]"
02:36:24.577 [Test worker] DEBUG org.apache.http.wire - http-outgoing-58 << "Server: Docker/1.12.3 (linux)[\r][\n]"
02:36:24.577 [Test worker] DEBUG org.apache.http.wire - http-outgoing-58 << "Date: Tue, 03 Jan 2017 01:36:24 GMT[\r][\n]"
02:36:24.577 [Test worker] DEBUG org.apache.http.wire - http-outgoing-58 << "Content-Length: 87[\r][\n]"
02:36:24.577 [Test worker] DEBUG org.apache.http.wire - http-outgoing-58 << "[\r][\n]"
02:36:24.577 [Test worker] DEBUG org.apache.http.wire - http-outgoing-58 << "{"Id":"3a0b63f12f578ffd9f2e9bcad0995dc3111cf183a12a957e36dbdf092295cf83","Warning":""}[\n]"
02:36:24.577 [Test worker] DEBUG org.apache.http.headers - http-outgoing-58 << HTTP/1.1 201 Created
02:36:24.577 [Test worker] DEBUG org.apache.http.headers - http-outgoing-58 << Content-Type: application/json
02:36:24.577 [Test worker] DEBUG org.apache.http.headers - http-outgoing-58 << Server: Docker/1.12.3 (linux)
02:36:24.577 [Test worker] DEBUG org.apache.http.headers - http-outgoing-58 << Date: Tue, 03 Jan 2017 01:36:24 GMT
02:36:24.577 [Test worker] DEBUG org.apache.http.headers - http-outgoing-58 << Content-Length: 87
02:36:24.577 [Test worker] DEBUG o.a.h.impl.execchain.MainClientExec - Connection can be kept alive indefinitely
02:36:24.577 [Test worker] DEBUG c.g.d.j.JerseyDockerCmdExecFactory - 8 * Client response received on thread Test worker
8 < 201
8 < Content-Length: 87
8 < Content-Type: application/json
8 < Date: Tue, 03 Jan 2017 01:36:24 GMT
8 < Server: Docker/1.12.3 (linux)
{"Id":"3a0b63f12f578ffd9f2e9bcad0995dc3111cf183a12a957e36dbdf092295cf83","Warning":""}


02:36:24.578 [Test worker] DEBUG o.a.h.i.c.DefaultManagedHttpClientConnection - http-outgoing-58: Close connection
02:36:24.578 [Test worker] DEBUG o.a.h.impl.execchain.MainClientExec - Connection discarded
02:36:24.578 [Test worker] DEBUG c.g.d.j.JerseyDockerCmdExecFactory$1 - Connection released: [id: 58][route: {s}->https://Thesis:2376][total kept alive: 1; route allocated: 1 of 2; total allocated: 1 of 20]
02:36:24.578 [Test worker] DEBUG c.g.d.core.command.AbstrDockerCmd - Cmd: 3a0b63f12f578ffd9f2e9bcad0995dc3111cf183a12a957e36dbdf092295cf83,com.github.dockerjava.jaxrs.InspectNetworkCmdExec@362fe7c8
02:36:24.579 [Test worker] DEBUG c.g.d.jaxrs.ListNetworksCmdExec - GET: JerseyWebTarget { https://Thesis:2376/networks/3a0b63f12f578ffd9f2e9bcad0995dc3111cf183a12a957e36dbdf092295cf83 }
02:36:24.579 [Test worker] DEBUG c.g.d.j.JerseyDockerCmdExecFactory - 9 * Sending client request on thread Test worker
9 > GET https://Thesis:2376/networks/3a0b63f12f578ffd9f2e9bcad0995dc3111cf183a12a957e36dbdf092295cf83
9 > Accept: application/json

02:36:24.579 [Test worker] DEBUG o.a.h.c.protocol.RequestAddCookies - CookieSpec selected: default
02:36:24.579 [Test worker] DEBUG o.a.h.c.protocol.RequestAuthCache - Auth cache not set in the context
02:36:24.579 [Test worker] DEBUG c.g.d.j.JerseyDockerCmdExecFactory$1 - Connection request: [route: {s}->https://Thesis:2376][total kept alive: 1; route allocated: 1 of 2; total allocated: 1 of 20]
02:36:24.579 [Test worker] DEBUG c.g.d.j.JerseyDockerCmdExecFactory$1 - Connection leased: [id: 59][route: {s}->https://Thesis:2376][total kept alive: 1; route allocated: 2 of 2; total allocated: 2 of 20]
02:36:24.579 [Test worker] DEBUG o.a.h.impl.execchain.MainClientExec - Opening connection {s}->https://Thesis:2376
02:36:24.579 [Test worker] DEBUG o.a.h.i.c.DefaultHttpClientConnectionOperator - Connecting to Thesis/127.0.1.1:2376
02:36:24.579 [Test worker] DEBUG o.a.h.c.s.SSLConnectionSocketFactory - Connecting socket to Thesis/127.0.1.1:2376 with timeout 0
02:36:24.584 [Test worker] DEBUG o.a.h.c.s.SSLConnectionSocketFactory - Enabled protocols: [TLSv1]
02:36:24.590 [Test worker] DEBUG o.a.h.c.s.SSLConnectionSocketFactory - Enabled cipher suites:[TLS_ECDHE_ECDSA_WITH_AES_128_CBC_SHA, TLS_ECDHE_RSA_WITH_AES_128_CBC_SHA, TLS_RSA_WITH_AES_128_CBC_SHA, TLS_ECDH_ECDSA_WITH_AES_128_CBC_SHA, TLS_ECDH_RSA_WITH_AES_128_CBC_SHA, TLS_DHE_RSA_WITH_AES_128_CBC_SHA, TLS_DHE_DSS_WITH_AES_128_CBC_SHA, TLS_ECDHE_ECDSA_WITH_3DES_EDE_CBC_SHA, TLS_ECDHE_RSA_WITH_3DES_EDE_CBC_SHA, SSL_RSA_WITH_3DES_EDE_CBC_SHA, TLS_ECDH_ECDSA_WITH_3DES_EDE_CBC_SHA, TLS_ECDH_RSA_WITH_3DES_EDE_CBC_SHA, SSL_DHE_RSA_WITH_3DES_EDE_CBC_SHA, SSL_DHE_DSS_WITH_3DES_EDE_CBC_SHA, TLS_ECDHE_ECDSA_WITH_RC4_128_SHA, TLS_ECDHE_RSA_WITH_RC4_128_SHA, SSL_RSA_WITH_RC4_128_SHA, TLS_ECDH_ECDSA_WITH_RC4_128_SHA, TLS_ECDH_RSA_WITH_RC4_128_SHA, SSL_RSA_WITH_RC4_128_MD5, TLS_EMPTY_RENEGOTIATION_INFO_SCSV]
02:36:24.590 [Test worker] DEBUG o.a.h.c.s.SSLConnectionSocketFactory - Starting handshake
02:36:24.685 [Test worker] DEBUG o.a.h.c.s.SSLConnectionSocketFactory - Secure session established
02:36:24.686 [Test worker] DEBUG o.a.h.c.s.SSLConnectionSocketFactory -  negotiated protocol: TLSv1
02:36:24.686 [Test worker] DEBUG o.a.h.c.s.SSLConnectionSocketFactory -  negotiated cipher suite: TLS_ECDHE_RSA_WITH_AES_128_CBC_SHA
02:36:24.686 [Test worker] DEBUG o.a.h.c.s.SSLConnectionSocketFactory -  peer principal: CN=Thesis
02:36:24.686 [Test worker] DEBUG o.a.h.c.s.SSLConnectionSocketFactory -  issuer principal: EMAILADDRESS=sha@yamil.com, CN=Thesis, OU=Open, O=Fra, L=BER, ST=BER, C=DE
02:36:24.686 [Test worker] DEBUG o.a.h.i.c.DefaultHttpClientConnectionOperator - Connection established 127.0.0.1:41418<->127.0.1.1:2376
02:36:24.687 [Test worker] DEBUG o.a.h.impl.execchain.MainClientExec - Executing request GET /networks/3a0b63f12f578ffd9f2e9bcad0995dc3111cf183a12a957e36dbdf092295cf83 HTTP/1.1
02:36:24.687 [Test worker] DEBUG o.a.h.impl.execchain.MainClientExec - Target auth state: UNCHALLENGED
02:36:24.687 [Test worker] DEBUG o.a.h.impl.execchain.MainClientExec - Proxy auth state: UNCHALLENGED
02:36:24.687 [Test worker] DEBUG org.apache.http.headers - http-outgoing-59 >> GET /networks/3a0b63f12f578ffd9f2e9bcad0995dc3111cf183a12a957e36dbdf092295cf83 HTTP/1.1
02:36:24.687 [Test worker] DEBUG org.apache.http.headers - http-outgoing-59 >> Accept: application/json
02:36:24.687 [Test worker] DEBUG org.apache.http.headers - http-outgoing-59 >> User-Agent: Jersey/2.23.1 (Apache HttpClient 4.5.1)
02:36:24.687 [Test worker] DEBUG org.apache.http.headers - http-outgoing-59 >> Host: Thesis:2376
02:36:24.688 [Test worker] DEBUG org.apache.http.headers - http-outgoing-59 >> Connection: Keep-Alive
02:36:24.688 [Test worker] DEBUG org.apache.http.headers - http-outgoing-59 >> Accept-Encoding: gzip,deflate
02:36:24.688 [Test worker] DEBUG org.apache.http.wire - http-outgoing-59 >> "GET /networks/3a0b63f12f578ffd9f2e9bcad0995dc3111cf183a12a957e36dbdf092295cf83 HTTP/1.1[\r][\n]"
02:36:24.688 [Test worker] DEBUG org.apache.http.wire - http-outgoing-59 >> "Accept: application/json[\r][\n]"
02:36:24.688 [Test worker] DEBUG org.apache.http.wire - http-outgoing-59 >> "User-Agent: Jersey/2.23.1 (Apache HttpClient 4.5.1)[\r][\n]"
02:36:24.688 [Test worker] DEBUG org.apache.http.wire - http-outgoing-59 >> "Host: Thesis:2376[\r][\n]"
02:36:24.688 [Test worker] DEBUG org.apache.http.wire - http-outgoing-59 >> "Connection: Keep-Alive[\r][\n]"
02:36:24.688 [Test worker] DEBUG org.apache.http.wire - http-outgoing-59 >> "Accept-Encoding: gzip,deflate[\r][\n]"
02:36:24.689 [Test worker] DEBUG org.apache.http.wire - http-outgoing-59 >> "[\r][\n]"
02:36:24.689 [Test worker] DEBUG org.apache.http.wire - http-outgoing-59 << "H"
02:36:24.689 [Test worker] DEBUG org.apache.http.wire - http-outgoing-59 << "TTP/1.1 200 OK[\r][\n]"
02:36:24.690 [Test worker] DEBUG org.apache.http.wire - http-outgoing-59 << "Content-Type: application/json[\r][\n]"
02:36:24.690 [Test worker] DEBUG org.apache.http.wire - http-outgoing-59 << "Server: Docker/1.12.3 (linux)[\r][\n]"
02:36:24.690 [Test worker] DEBUG org.apache.http.wire - http-outgoing-59 << "Date: Tue, 03 Jan 2017 01:36:24 GMT[\r][\n]"
02:36:24.694 [Test worker] DEBUG org.apache.http.wire - http-outgoing-59 << "Content-Length: 311[\r][\n]"
02:36:24.697 [Test worker] DEBUG org.apache.http.wire - http-outgoing-59 << "[\r][\n]"
02:36:24.698 [Test worker] DEBUG org.apache.http.wire - http-outgoing-59 << "{"Name":"MyNetwork","Id":"3a0b63f12f578ffd9f2e9bcad0995dc3111cf183a12a957e36dbdf092295cf83","Scope":"local","Driver":"bridge","EnableIPv6":false,"IPAM":{"Driver":"default","Options":null,"Config":[{"Subnet":"172.18.0.0/16","Gateway":"172.18.0.1/16"}]},"Internal":false,"Containers":{},"Options":{},"Labels":{}}[\n]"
02:36:24.698 [Test worker] DEBUG org.apache.http.headers - http-outgoing-59 << HTTP/1.1 200 OK
02:36:24.698 [Test worker] DEBUG org.apache.http.headers - http-outgoing-59 << Content-Type: application/json
02:36:24.698 [Test worker] DEBUG org.apache.http.headers - http-outgoing-59 << Server: Docker/1.12.3 (linux)
02:36:24.698 [Test worker] DEBUG org.apache.http.headers - http-outgoing-59 << Date: Tue, 03 Jan 2017 01:36:24 GMT
02:36:24.698 [Test worker] DEBUG org.apache.http.headers - http-outgoing-59 << Content-Length: 311
02:36:24.698 [Test worker] DEBUG o.a.h.impl.execchain.MainClientExec - Connection can be kept alive indefinitely
02:36:24.699 [Test worker] DEBUG c.g.d.j.JerseyDockerCmdExecFactory - 10 * Client response received on thread Test worker
10 < 200
10 < Content-Length: 311
10 < Content-Type: application/json
10 < Date: Tue, 03 Jan 2017 01:36:24 GMT
10 < Server: Docker/1.12.3 (linux)
{"Name":"MyNetwork","Id":"3a0b63f12f578ffd9f2e9bcad0995dc3111cf183a12a957e36dbdf092295cf83","Scope":"local","Driver":"bridge","EnableIPv6":false,"IPAM":{"Driver":"default","Options":null,"Config":[{"Subnet":"172.18.0.0/16","Gateway":"172.18.0.1/16"}]},"Internal":false,"Containers":{},"Options":{},"Labels":{}}


02:36:24.700 [Test worker] DEBUG o.a.h.i.c.DefaultManagedHttpClientConnection - http-outgoing-59: Close connection
02:36:24.701 [Test worker] DEBUG o.a.h.impl.execchain.MainClientExec - Connection discarded
02:36:24.701 [Test worker] DEBUG c.g.d.j.JerseyDockerCmdExecFactory$1 - Connection released: [id: 59][route: {s}->https://Thesis:2376][total kept alive: 1; route allocated: 1 of 2; total allocated: 1 of 20]
02:36:24.701 [Test worker] DEBUG org.openbaton.docker.DockerVim - Network successfully created
02:36:24.701 [Test worker] DEBUG c.g.d.core.command.AbstrDockerCmd - Cmd: 3a0b63f12f578ffd9f2e9bcad0995dc3111cf183a12a957e36dbdf092295cf83,com.github.dockerjava.jaxrs.InspectNetworkCmdExec@773f8807
02:36:24.701 [Test worker] DEBUG c.g.d.jaxrs.ListNetworksCmdExec - GET: JerseyWebTarget { https://Thesis:2376/networks/3a0b63f12f578ffd9f2e9bcad0995dc3111cf183a12a957e36dbdf092295cf83 }
02:36:24.702 [Test worker] DEBUG c.g.d.j.JerseyDockerCmdExecFactory - 11 * Sending client request on thread Test worker
11 > GET https://Thesis:2376/networks/3a0b63f12f578ffd9f2e9bcad0995dc3111cf183a12a957e36dbdf092295cf83
11 > Accept: application/json

02:36:24.703 [Test worker] DEBUG o.a.h.c.protocol.RequestAddCookies - CookieSpec selected: default
02:36:24.703 [Test worker] DEBUG o.a.h.c.protocol.RequestAuthCache - Auth cache not set in the context
02:36:24.703 [Test worker] DEBUG c.g.d.j.JerseyDockerCmdExecFactory$1 - Connection request: [route: {s}->https://Thesis:2376][total kept alive: 1; route allocated: 1 of 2; total allocated: 1 of 20]
02:36:24.704 [Test worker] DEBUG c.g.d.j.JerseyDockerCmdExecFactory$1 - Connection leased: [id: 60][route: {s}->https://Thesis:2376][total kept alive: 1; route allocated: 2 of 2; total allocated: 2 of 20]
02:36:24.704 [Test worker] DEBUG o.a.h.impl.execchain.MainClientExec - Opening connection {s}->https://Thesis:2376
02:36:24.704 [Test worker] DEBUG o.a.h.i.c.DefaultHttpClientConnectionOperator - Connecting to Thesis/127.0.1.1:2376
02:36:24.704 [Test worker] DEBUG o.a.h.c.s.SSLConnectionSocketFactory - Connecting socket to Thesis/127.0.1.1:2376 with timeout 0
02:36:24.705 [Test worker] DEBUG o.a.h.c.s.SSLConnectionSocketFactory - Enabled protocols: [TLSv1]
02:36:24.705 [Test worker] DEBUG o.a.h.c.s.SSLConnectionSocketFactory - Enabled cipher suites:[TLS_ECDHE_ECDSA_WITH_AES_128_CBC_SHA, TLS_ECDHE_RSA_WITH_AES_128_CBC_SHA, TLS_RSA_WITH_AES_128_CBC_SHA, TLS_ECDH_ECDSA_WITH_AES_128_CBC_SHA, TLS_ECDH_RSA_WITH_AES_128_CBC_SHA, TLS_DHE_RSA_WITH_AES_128_CBC_SHA, TLS_DHE_DSS_WITH_AES_128_CBC_SHA, TLS_ECDHE_ECDSA_WITH_3DES_EDE_CBC_SHA, TLS_ECDHE_RSA_WITH_3DES_EDE_CBC_SHA, SSL_RSA_WITH_3DES_EDE_CBC_SHA, TLS_ECDH_ECDSA_WITH_3DES_EDE_CBC_SHA, TLS_ECDH_RSA_WITH_3DES_EDE_CBC_SHA, SSL_DHE_RSA_WITH_3DES_EDE_CBC_SHA, SSL_DHE_DSS_WITH_3DES_EDE_CBC_SHA, TLS_ECDHE_ECDSA_WITH_RC4_128_SHA, TLS_ECDHE_RSA_WITH_RC4_128_SHA, SSL_RSA_WITH_RC4_128_SHA, TLS_ECDH_ECDSA_WITH_RC4_128_SHA, TLS_ECDH_RSA_WITH_RC4_128_SHA, SSL_RSA_WITH_RC4_128_MD5, TLS_EMPTY_RENEGOTIATION_INFO_SCSV]
02:36:24.705 [Test worker] DEBUG o.a.h.c.s.SSLConnectionSocketFactory - Starting handshake
02:36:24.768 [Test worker] DEBUG o.a.h.c.s.SSLConnectionSocketFactory - Secure session established
02:36:24.769 [Test worker] DEBUG o.a.h.c.s.SSLConnectionSocketFactory -  negotiated protocol: TLSv1
02:36:24.769 [Test worker] DEBUG o.a.h.c.s.SSLConnectionSocketFactory -  negotiated cipher suite: TLS_ECDHE_RSA_WITH_AES_128_CBC_SHA
02:36:24.769 [Test worker] DEBUG o.a.h.c.s.SSLConnectionSocketFactory -  peer principal: CN=Thesis
02:36:24.769 [Test worker] DEBUG o.a.h.c.s.SSLConnectionSocketFactory -  issuer principal: EMAILADDRESS=sha@yamil.com, CN=Thesis, OU=Open, O=Fra, L=BER, ST=BER, C=DE
02:36:24.769 [Test worker] DEBUG o.a.h.i.c.DefaultHttpClientConnectionOperator - Connection established 127.0.0.1:41420<->127.0.1.1:2376
02:36:24.770 [Test worker] DEBUG o.a.h.impl.execchain.MainClientExec - Executing request GET /networks/3a0b63f12f578ffd9f2e9bcad0995dc3111cf183a12a957e36dbdf092295cf83 HTTP/1.1
02:36:24.770 [Test worker] DEBUG o.a.h.impl.execchain.MainClientExec - Target auth state: UNCHALLENGED
02:36:24.770 [Test worker] DEBUG o.a.h.impl.execchain.MainClientExec - Proxy auth state: UNCHALLENGED
02:36:24.770 [Test worker] DEBUG org.apache.http.headers - http-outgoing-60 >> GET /networks/3a0b63f12f578ffd9f2e9bcad0995dc3111cf183a12a957e36dbdf092295cf83 HTTP/1.1
02:36:24.770 [Test worker] DEBUG org.apache.http.headers - http-outgoing-60 >> Accept: application/json
02:36:24.770 [Test worker] DEBUG org.apache.http.headers - http-outgoing-60 >> User-Agent: Jersey/2.23.1 (Apache HttpClient 4.5.1)
02:36:24.770 [Test worker] DEBUG org.apache.http.headers - http-outgoing-60 >> Host: Thesis:2376
02:36:24.770 [Test worker] DEBUG org.apache.http.headers - http-outgoing-60 >> Connection: Keep-Alive
02:36:24.771 [Test worker] DEBUG org.apache.http.headers - http-outgoing-60 >> Accept-Encoding: gzip,deflate
02:36:24.771 [Test worker] DEBUG org.apache.http.wire - http-outgoing-60 >> "GET /networks/3a0b63f12f578ffd9f2e9bcad0995dc3111cf183a12a957e36dbdf092295cf83 HTTP/1.1[\r][\n]"
02:36:24.771 [Test worker] DEBUG org.apache.http.wire - http-outgoing-60 >> "Accept: application/json[\r][\n]"
02:36:24.771 [Test worker] DEBUG org.apache.http.wire - http-outgoing-60 >> "User-Agent: Jersey/2.23.1 (Apache HttpClient 4.5.1)[\r][\n]"
02:36:24.772 [Test worker] DEBUG org.apache.http.wire - http-outgoing-60 >> "Host: Thesis:2376[\r][\n]"
02:36:24.772 [Test worker] DEBUG org.apache.http.wire - http-outgoing-60 >> "Connection: Keep-Alive[\r][\n]"
02:36:24.772 [Test worker] DEBUG org.apache.http.wire - http-outgoing-60 >> "Accept-Encoding: gzip,deflate[\r][\n]"
02:36:24.772 [Test worker] DEBUG org.apache.http.wire - http-outgoing-60 >> "[\r][\n]"
02:36:24.772 [Test worker] DEBUG org.apache.http.wire - http-outgoing-60 << "H"
02:36:24.773 [Test worker] DEBUG org.apache.http.wire - http-outgoing-60 << "TTP/1.1 200 OK[\r][\n]"
02:36:24.773 [Test worker] DEBUG org.apache.http.wire - http-outgoing-60 << "Content-Type: application/json[\r][\n]"
02:36:24.773 [Test worker] DEBUG org.apache.http.wire - http-outgoing-60 << "Server: Docker/1.12.3 (linux)[\r][\n]"
02:36:24.773 [Test worker] DEBUG org.apache.http.wire - http-outgoing-60 << "Date: Tue, 03 Jan 2017 01:36:24 GMT[\r][\n]"
02:36:24.773 [Test worker] DEBUG org.apache.http.wire - http-outgoing-60 << "Content-Length: 311[\r][\n]"
02:36:24.773 [Test worker] DEBUG org.apache.http.wire - http-outgoing-60 << "[\r][\n]"
02:36:24.773 [Test worker] DEBUG org.apache.http.wire - http-outgoing-60 << "{"Name":"MyNetwork","Id":"3a0b63f12f578ffd9f2e9bcad0995dc3111cf183a12a957e36dbdf092295cf83","Scope":"local","Driver":"bridge","EnableIPv6":false,"IPAM":{"Driver":"default","Options":null,"Config":[{"Subnet":"172.18.0.0/16","Gateway":"172.18.0.1/16"}]},"Internal":false,"Containers":{},"Options":{},"Labels":{}}[\n]"
02:36:24.774 [Test worker] DEBUG org.apache.http.headers - http-outgoing-60 << HTTP/1.1 200 OK
02:36:24.774 [Test worker] DEBUG org.apache.http.headers - http-outgoing-60 << Content-Type: application/json
02:36:24.774 [Test worker] DEBUG org.apache.http.headers - http-outgoing-60 << Server: Docker/1.12.3 (linux)
02:36:24.774 [Test worker] DEBUG org.apache.http.headers - http-outgoing-60 << Date: Tue, 03 Jan 2017 01:36:24 GMT
02:36:24.774 [Test worker] DEBUG org.apache.http.headers - http-outgoing-60 << Content-Length: 311
02:36:24.774 [Test worker] DEBUG o.a.h.impl.execchain.MainClientExec - Connection can be kept alive indefinitely
02:36:24.775 [Test worker] DEBUG c.g.d.j.JerseyDockerCmdExecFactory - 12 * Client response received on thread Test worker
12 < 200
12 < Content-Length: 311
12 < Content-Type: application/json
12 < Date: Tue, 03 Jan 2017 01:36:24 GMT
12 < Server: Docker/1.12.3 (linux)
{"Name":"MyNetwork","Id":"3a0b63f12f578ffd9f2e9bcad0995dc3111cf183a12a957e36dbdf092295cf83","Scope":"local","Driver":"bridge","EnableIPv6":false,"IPAM":{"Driver":"default","Options":null,"Config":[{"Subnet":"172.18.0.0/16","Gateway":"172.18.0.1/16"}]},"Internal":false,"Containers":{},"Options":{},"Labels":{}}


02:36:24.776 [Test worker] DEBUG o.a.h.i.c.DefaultManagedHttpClientConnection - http-outgoing-60: Close connection
02:36:24.776 [Test worker] DEBUG o.a.h.impl.execchain.MainClientExec - Connection discarded
02:36:24.776 [Test worker] DEBUG c.g.d.j.JerseyDockerCmdExecFactory$1 - Connection released: [id: 60][route: {s}->https://Thesis:2376][total kept alive: 1; route allocated: 1 of 2; total allocated: 1 of 20]
02:36:24.776 [Test worker] DEBUG c.g.d.core.command.AbstrDockerCmd - Cmd: -1,<null>,true,<null>,<null>,com.github.dockerjava.core.util.FiltersBuilder@0,com.github.dockerjava.jaxrs.ListContainersCmdExec@47119f5
02:36:24.777 [Test worker] DEBUG c.g.d.j.JerseyDockerCmdExecFactory - 13 * Sending client request on thread Test worker
13 > GET https://Thesis:2376/containers/json?all=true
13 > Accept: application/json

02:36:24.778 [Test worker] DEBUG o.a.h.c.protocol.RequestAddCookies - CookieSpec selected: default
02:36:24.778 [Test worker] DEBUG o.a.h.c.protocol.RequestAuthCache - Auth cache not set in the context
02:36:24.778 [Test worker] DEBUG c.g.d.j.JerseyDockerCmdExecFactory$1 - Connection request: [route: {s}->https://Thesis:2376][total kept alive: 1; route allocated: 1 of 2; total allocated: 1 of 20]
02:36:24.778 [Test worker] DEBUG c.g.d.j.JerseyDockerCmdExecFactory$1 - Connection leased: [id: 61][route: {s}->https://Thesis:2376][total kept alive: 1; route allocated: 2 of 2; total allocated: 2 of 20]
02:36:24.778 [Test worker] DEBUG o.a.h.impl.execchain.MainClientExec - Opening connection {s}->https://Thesis:2376
02:36:24.778 [Test worker] DEBUG o.a.h.i.c.DefaultHttpClientConnectionOperator - Connecting to Thesis/127.0.1.1:2376
02:36:24.779 [Test worker] DEBUG o.a.h.c.s.SSLConnectionSocketFactory - Connecting socket to Thesis/127.0.1.1:2376 with timeout 0
02:36:24.779 [Test worker] DEBUG o.a.h.c.s.SSLConnectionSocketFactory - Enabled protocols: [TLSv1]
02:36:24.779 [Test worker] DEBUG o.a.h.c.s.SSLConnectionSocketFactory - Enabled cipher suites:[TLS_ECDHE_ECDSA_WITH_AES_128_CBC_SHA, TLS_ECDHE_RSA_WITH_AES_128_CBC_SHA, TLS_RSA_WITH_AES_128_CBC_SHA, TLS_ECDH_ECDSA_WITH_AES_128_CBC_SHA, TLS_ECDH_RSA_WITH_AES_128_CBC_SHA, TLS_DHE_RSA_WITH_AES_128_CBC_SHA, TLS_DHE_DSS_WITH_AES_128_CBC_SHA, TLS_ECDHE_ECDSA_WITH_3DES_EDE_CBC_SHA, TLS_ECDHE_RSA_WITH_3DES_EDE_CBC_SHA, SSL_RSA_WITH_3DES_EDE_CBC_SHA, TLS_ECDH_ECDSA_WITH_3DES_EDE_CBC_SHA, TLS_ECDH_RSA_WITH_3DES_EDE_CBC_SHA, SSL_DHE_RSA_WITH_3DES_EDE_CBC_SHA, SSL_DHE_DSS_WITH_3DES_EDE_CBC_SHA, TLS_ECDHE_ECDSA_WITH_RC4_128_SHA, TLS_ECDHE_RSA_WITH_RC4_128_SHA, SSL_RSA_WITH_RC4_128_SHA, TLS_ECDH_ECDSA_WITH_RC4_128_SHA, TLS_ECDH_RSA_WITH_RC4_128_SHA, SSL_RSA_WITH_RC4_128_MD5, TLS_EMPTY_RENEGOTIATION_INFO_SCSV]
02:36:24.780 [Test worker] DEBUG o.a.h.c.s.SSLConnectionSocketFactory - Starting handshake
02:36:24.852 [Test worker] DEBUG o.a.h.c.s.SSLConnectionSocketFactory - Secure session established
02:36:24.852 [Test worker] DEBUG o.a.h.c.s.SSLConnectionSocketFactory -  negotiated protocol: TLSv1
02:36:24.852 [Test worker] DEBUG o.a.h.c.s.SSLConnectionSocketFactory -  negotiated cipher suite: TLS_ECDHE_RSA_WITH_AES_128_CBC_SHA
02:36:24.853 [Test worker] DEBUG o.a.h.c.s.SSLConnectionSocketFactory -  peer principal: CN=Thesis
02:36:24.853 [Test worker] DEBUG o.a.h.c.s.SSLConnectionSocketFactory -  issuer principal: EMAILADDRESS=sha@yamil.com, CN=Thesis, OU=Open, O=Fra, L=BER, ST=BER, C=DE
02:36:24.853 [Test worker] DEBUG o.a.h.i.c.DefaultHttpClientConnectionOperator - Connection established 127.0.0.1:41422<->127.0.1.1:2376
02:36:24.853 [Test worker] DEBUG o.a.h.impl.execchain.MainClientExec - Executing request GET /containers/json?all=true HTTP/1.1
02:36:24.853 [Test worker] DEBUG o.a.h.impl.execchain.MainClientExec - Target auth state: UNCHALLENGED
02:36:24.854 [Test worker] DEBUG o.a.h.impl.execchain.MainClientExec - Proxy auth state: UNCHALLENGED
02:36:24.854 [Test worker] DEBUG org.apache.http.headers - http-outgoing-61 >> GET /containers/json?all=true HTTP/1.1
02:36:24.854 [Test worker] DEBUG org.apache.http.headers - http-outgoing-61 >> Accept: application/json
02:36:24.854 [Test worker] DEBUG org.apache.http.headers - http-outgoing-61 >> User-Agent: Jersey/2.23.1 (Apache HttpClient 4.5.1)
02:36:24.854 [Test worker] DEBUG org.apache.http.headers - http-outgoing-61 >> Host: Thesis:2376
02:36:24.854 [Test worker] DEBUG org.apache.http.headers - http-outgoing-61 >> Connection: Keep-Alive
02:36:24.854 [Test worker] DEBUG org.apache.http.headers - http-outgoing-61 >> Accept-Encoding: gzip,deflate
02:36:24.854 [Test worker] DEBUG org.apache.http.wire - http-outgoing-61 >> "GET /containers/json?all=true HTTP/1.1[\r][\n]"
02:36:24.855 [Test worker] DEBUG org.apache.http.wire - http-outgoing-61 >> "Accept: application/json[\r][\n]"
02:36:24.855 [Test worker] DEBUG org.apache.http.wire - http-outgoing-61 >> "User-Agent: Jersey/2.23.1 (Apache HttpClient 4.5.1)[\r][\n]"
02:36:24.855 [Test worker] DEBUG org.apache.http.wire - http-outgoing-61 >> "Host: Thesis:2376[\r][\n]"
02:36:24.855 [Test worker] DEBUG org.apache.http.wire - http-outgoing-61 >> "Connection: Keep-Alive[\r][\n]"
02:36:24.855 [Test worker] DEBUG org.apache.http.wire - http-outgoing-61 >> "Accept-Encoding: gzip,deflate[\r][\n]"
02:36:24.855 [Test worker] DEBUG org.apache.http.wire - http-outgoing-61 >> "[\r][\n]"
02:36:24.856 [Test worker] DEBUG org.apache.http.wire - http-outgoing-61 << "H"
02:36:24.856 [Test worker] DEBUG org.apache.http.wire - http-outgoing-61 << "TTP/1.1 200 OK[\r][\n]"
02:36:24.856 [Test worker] DEBUG org.apache.http.wire - http-outgoing-61 << "Content-Type: application/json[\r][\n]"
02:36:24.856 [Test worker] DEBUG org.apache.http.wire - http-outgoing-61 << "Server: Docker/1.12.3 (linux)[\r][\n]"
02:36:24.856 [Test worker] DEBUG org.apache.http.wire - http-outgoing-61 << "Date: Tue, 03 Jan 2017 01:36:24 GMT[\r][\n]"
02:36:24.856 [Test worker] DEBUG org.apache.http.wire - http-outgoing-61 << "Content-Length: 3[\r][\n]"
02:36:24.856 [Test worker] DEBUG org.apache.http.wire - http-outgoing-61 << "[\r][\n]"
02:36:24.856 [Test worker] DEBUG org.apache.http.wire - http-outgoing-61 << "[][\n]"
02:36:24.857 [Test worker] DEBUG org.apache.http.headers - http-outgoing-61 << HTTP/1.1 200 OK
02:36:24.857 [Test worker] DEBUG org.apache.http.headers - http-outgoing-61 << Content-Type: application/json
02:36:24.857 [Test worker] DEBUG org.apache.http.headers - http-outgoing-61 << Server: Docker/1.12.3 (linux)
02:36:24.857 [Test worker] DEBUG org.apache.http.headers - http-outgoing-61 << Date: Tue, 03 Jan 2017 01:36:24 GMT
02:36:24.857 [Test worker] DEBUG org.apache.http.headers - http-outgoing-61 << Content-Length: 3
02:36:24.857 [Test worker] DEBUG o.a.h.impl.execchain.MainClientExec - Connection can be kept alive indefinitely
02:36:24.858 [Test worker] DEBUG c.g.d.j.JerseyDockerCmdExecFactory - 14 * Client response received on thread Test worker
14 < 200
14 < Content-Length: 3
14 < Content-Type: application/json
14 < Date: Tue, 03 Jan 2017 01:36:24 GMT
14 < Server: Docker/1.12.3 (linux)
[]


02:36:24.859 [Test worker] DEBUG c.g.d.j.JerseyDockerCmdExecFactory$1 - Connection [id: 61][route: {s}->https://Thesis:2376][state: CN=Thesis] can be kept alive indefinitely
02:36:24.859 [Test worker] DEBUG c.g.d.j.JerseyDockerCmdExecFactory$1 - Connection released: [id: 61][route: {s}->https://Thesis:2376][state: CN=Thesis][total kept alive: 2; route allocated: 2 of 2; total allocated: 2 of 20]
02:36:24.860 [Test worker] DEBUG c.g.d.core.command.AbstrDockerCmd - Cmd: com.github.dockerjava.core.util.FiltersBuilder@0,com.github.dockerjava.jaxrs.ListNetworksCmdExec@51be8406
02:36:24.860 [Test worker] DEBUG c.g.d.j.JerseyDockerCmdExecFactory - 15 * Sending client request on thread Test worker
15 > GET https://Thesis:2376/networks
15 > Accept: application/json

02:36:24.861 [Test worker] DEBUG o.a.h.c.protocol.RequestAddCookies - CookieSpec selected: default
02:36:24.861 [Test worker] DEBUG o.a.h.c.protocol.RequestAuthCache - Auth cache not set in the context
02:36:24.861 [Test worker] DEBUG c.g.d.j.JerseyDockerCmdExecFactory$1 - Connection request: [route: {s}->https://Thesis:2376][total kept alive: 2; route allocated: 2 of 2; total allocated: 2 of 20]
02:36:24.861 [Test worker] DEBUG o.a.h.i.c.DefaultManagedHttpClientConnection - http-outgoing-55: Close connection
02:36:24.862 [Test worker] DEBUG c.g.d.j.JerseyDockerCmdExecFactory$1 - Connection leased: [id: 62][route: {s}->https://Thesis:2376][total kept alive: 1; route allocated: 2 of 2; total allocated: 2 of 20]
02:36:24.862 [Test worker] DEBUG o.a.h.impl.execchain.MainClientExec - Opening connection {s}->https://Thesis:2376
02:36:24.862 [Test worker] DEBUG o.a.h.i.c.DefaultHttpClientConnectionOperator - Connecting to Thesis/127.0.1.1:2376
02:36:24.862 [Test worker] DEBUG o.a.h.c.s.SSLConnectionSocketFactory - Connecting socket to Thesis/127.0.1.1:2376 with timeout 0
02:36:24.863 [Test worker] DEBUG o.a.h.c.s.SSLConnectionSocketFactory - Enabled protocols: [TLSv1]
02:36:24.863 [Test worker] DEBUG o.a.h.c.s.SSLConnectionSocketFactory - Enabled cipher suites:[TLS_ECDHE_ECDSA_WITH_AES_128_CBC_SHA, TLS_ECDHE_RSA_WITH_AES_128_CBC_SHA, TLS_RSA_WITH_AES_128_CBC_SHA, TLS_ECDH_ECDSA_WITH_AES_128_CBC_SHA, TLS_ECDH_RSA_WITH_AES_128_CBC_SHA, TLS_DHE_RSA_WITH_AES_128_CBC_SHA, TLS_DHE_DSS_WITH_AES_128_CBC_SHA, TLS_ECDHE_ECDSA_WITH_3DES_EDE_CBC_SHA, TLS_ECDHE_RSA_WITH_3DES_EDE_CBC_SHA, SSL_RSA_WITH_3DES_EDE_CBC_SHA, TLS_ECDH_ECDSA_WITH_3DES_EDE_CBC_SHA, TLS_ECDH_RSA_WITH_3DES_EDE_CBC_SHA, SSL_DHE_RSA_WITH_3DES_EDE_CBC_SHA, SSL_DHE_DSS_WITH_3DES_EDE_CBC_SHA, TLS_ECDHE_ECDSA_WITH_RC4_128_SHA, TLS_ECDHE_RSA_WITH_RC4_128_SHA, SSL_RSA_WITH_RC4_128_SHA, TLS_ECDH_ECDSA_WITH_RC4_128_SHA, TLS_ECDH_RSA_WITH_RC4_128_SHA, SSL_RSA_WITH_RC4_128_MD5, TLS_EMPTY_RENEGOTIATION_INFO_SCSV]
02:36:24.863 [Test worker] DEBUG o.a.h.c.s.SSLConnectionSocketFactory - Starting handshake
02:36:24.920 [Test worker] DEBUG o.a.h.c.s.SSLConnectionSocketFactory - Secure session established
02:36:24.920 [Test worker] DEBUG o.a.h.c.s.SSLConnectionSocketFactory -  negotiated protocol: TLSv1
02:36:24.921 [Test worker] DEBUG o.a.h.c.s.SSLConnectionSocketFactory -  negotiated cipher suite: TLS_ECDHE_RSA_WITH_AES_128_CBC_SHA
02:36:24.921 [Test worker] DEBUG o.a.h.c.s.SSLConnectionSocketFactory -  peer principal: CN=Thesis
02:36:24.921 [Test worker] DEBUG o.a.h.c.s.SSLConnectionSocketFactory -  issuer principal: EMAILADDRESS=sha@yamil.com, CN=Thesis, OU=Open, O=Fra, L=BER, ST=BER, C=DE
02:36:24.921 [Test worker] DEBUG o.a.h.i.c.DefaultHttpClientConnectionOperator - Connection established 127.0.0.1:41424<->127.0.1.1:2376
02:36:24.921 [Test worker] DEBUG o.a.h.impl.execchain.MainClientExec - Executing request GET /networks HTTP/1.1
02:36:24.921 [Test worker] DEBUG o.a.h.impl.execchain.MainClientExec - Target auth state: UNCHALLENGED
02:36:24.922 [Test worker] DEBUG o.a.h.impl.execchain.MainClientExec - Proxy auth state: UNCHALLENGED
02:36:24.922 [Test worker] DEBUG org.apache.http.headers - http-outgoing-62 >> GET /networks HTTP/1.1
02:36:24.922 [Test worker] DEBUG org.apache.http.headers - http-outgoing-62 >> Accept: application/json
02:36:24.922 [Test worker] DEBUG org.apache.http.headers - http-outgoing-62 >> User-Agent: Jersey/2.23.1 (Apache HttpClient 4.5.1)
02:36:24.922 [Test worker] DEBUG org.apache.http.headers - http-outgoing-62 >> Host: Thesis:2376
02:36:24.922 [Test worker] DEBUG org.apache.http.headers - http-outgoing-62 >> Connection: Keep-Alive
02:36:24.922 [Test worker] DEBUG org.apache.http.headers - http-outgoing-62 >> Accept-Encoding: gzip,deflate
02:36:24.922 [Test worker] DEBUG org.apache.http.wire - http-outgoing-62 >> "GET /networks HTTP/1.1[\r][\n]"
02:36:24.923 [Test worker] DEBUG org.apache.http.wire - http-outgoing-62 >> "Accept: application/json[\r][\n]"
02:36:24.924 [Test worker] DEBUG org.apache.http.wire - http-outgoing-62 >> "User-Agent: Jersey/2.23.1 (Apache HttpClient 4.5.1)[\r][\n]"
02:36:24.924 [Test worker] DEBUG org.apache.http.wire - http-outgoing-62 >> "Host: Thesis:2376[\r][\n]"
02:36:24.924 [Test worker] DEBUG org.apache.http.wire - http-outgoing-62 >> "Connection: Keep-Alive[\r][\n]"
02:36:24.924 [Test worker] DEBUG org.apache.http.wire - http-outgoing-62 >> "Accept-Encoding: gzip,deflate[\r][\n]"
02:36:24.924 [Test worker] DEBUG org.apache.http.wire - http-outgoing-62 >> "[\r][\n]"
02:36:24.925 [Test worker] DEBUG org.apache.http.wire - http-outgoing-62 << "H"
02:36:24.925 [Test worker] DEBUG org.apache.http.wire - http-outgoing-62 << "TTP/1.1 200 OK[\r][\n]"
02:36:24.925 [Test worker] DEBUG org.apache.http.wire - http-outgoing-62 << "Content-Type: application/json[\r][\n]"
02:36:24.925 [Test worker] DEBUG org.apache.http.wire - http-outgoing-62 << "Server: Docker/1.12.3 (linux)[\r][\n]"
02:36:24.925 [Test worker] DEBUG org.apache.http.wire - http-outgoing-62 << "Date: Tue, 03 Jan 2017 01:36:24 GMT[\r][\n]"
02:36:24.925 [Test worker] DEBUG org.apache.http.wire - http-outgoing-62 << "Content-Length: 1411[\r][\n]"
02:36:24.926 [Test worker] DEBUG org.apache.http.wire - http-outgoing-62 << "[\r][\n]"
02:36:24.926 [Test worker] DEBUG org.apache.http.wire - http-outgoing-62 << "[{"Name":"MyNetwork","Id":"3a0b63f12f578ffd9f2e9bcad0995dc3111cf183a12a957e36dbdf092295cf83","Scope":"local","Driver":"bridge","EnableIPv6":false,"IPAM":{"Driver":"default","Options":null,"Config":[{"Subnet":"172.18.0.0/16","Gateway":"172.18.0.1/16"}]},"Internal":false,"Containers":{},"Options":{},"Labels":{}},{"Name":"none","Id":"4d89c194eb79cd2beb38458d10a1b98c74d6b8462af72afde29ae7aca53ed5ca","Scope":"local","Driver":"null","EnableIPv6":false,"IPAM":{"Driver":"default","Options":null,"Config":[]},"Internal":false,"Containers":{},"Options":{},"Labels":{}},{"Name":"bridge","Id":"e0d36057aa1769e9fd52ba88be81b698b495f9b6b4946d0f98f24d971a27fc98","Scope":"local","Driver":"bridge","EnableIPv6":false,"IPAM":{"Driver":"default","Options":null,"Config":[{"Subnet":"172.17.0.0/16","Gateway":"172.17.0.1"}]},"Internal":false,"Containers":{},"Options":{"com.docker.network.bridge.default_bridge":"true","com.docker.network.bridge.enable_icc":"true","com.docker.network.bridge.enable_ip_masquerade":"true","com.docker.network.bridge.host_binding_ipv4":"0.0.0.0","com.docker.network.bridge.name":"docker0","com.docker.network.driver.mtu":"1500"},"Labels":{}},{"Name":"host","Id":"fe042b0866671b5be4f097ba43830c0a02959c058702d18e18c14a24d88a357d","Scope":"local","Driver":"host","EnableIPv6":false,"IPAM":{"Driver":"default","Options":null,"Config":[]},"Internal":false,"Containers":{},"Options":{},"Labels":{}}][\n]"
02:36:24.926 [Test worker] DEBUG org.apache.http.headers - http-outgoing-62 << HTTP/1.1 200 OK
02:36:24.926 [Test worker] DEBUG org.apache.http.headers - http-outgoing-62 << Content-Type: application/json
02:36:24.926 [Test worker] DEBUG org.apache.http.headers - http-outgoing-62 << Server: Docker/1.12.3 (linux)
02:36:24.926 [Test worker] DEBUG org.apache.http.headers - http-outgoing-62 << Date: Tue, 03 Jan 2017 01:36:24 GMT
02:36:24.927 [Test worker] DEBUG org.apache.http.headers - http-outgoing-62 << Content-Length: 1411
02:36:24.928 [Test worker] DEBUG o.a.h.impl.execchain.MainClientExec - Connection can be kept alive indefinitely
02:36:24.928 [Test worker] DEBUG c.g.d.j.JerseyDockerCmdExecFactory - 16 * Client response received on thread Test worker
16 < 200
16 < Content-Length: 1411
16 < Content-Type: application/json
16 < Date: Tue, 03 Jan 2017 01:36:24 GMT
16 < Server: Docker/1.12.3 (linux)
[{"Name":"MyNetwork","Id":"3a0b63f12f578ffd9f2e9bcad0995dc3111cf183a12a957e36dbdf092295cf83","Scope":"local","Driver":"bridge","EnableIPv6":false,"IPAM":{"Driver":"default","Options":null,"Config":[{"Subnet":"172.18.0.0/16","Gateway":"172.18.0.1/16"}]},"Internal":false,"Containers":{},"Options":{},"Labels":{}},{"Name":"none","Id":"4d89c194eb79cd2beb38458d10a1b98c74d6b8462af72afde29ae7aca53ed5ca","Scope":"local","Driver":"null","EnableIPv6":false,"IPAM":{"Driver":"default","Options":null,"Config":[]},"Internal":false,"Containers":{},"Options":{},"Labels":{}},{"Name":"bridge","Id":"e0d36057aa1769e9fd52ba88be81b698b495f9b6b4946d0f98f24d971a27fc98","Scope":"local","Driver":"bridge","EnableIPv6":false,"IPAM":{"Driver":"default","Options":null,"Config":[{"Subnet":"172.17.0.0/16","Gateway":"172.17.0.1"}]},"Internal":false,"Containers":{},"Options":{"com.docker.network.bridge.default_bridge":"true","com.docker.network.bridge.enable_icc":"true","com.docker.network.bridge.enable_ip_masquerade":"true","com.docker.network.bridge.host_binding_ipv4":"0.0.0.0","com.docker.network.bridge.name":"docker0","com.docker.network.driver.mtu":"1500"},"Labels":{}},{"Name":"host","Id":"fe042b0866671b5be4f097ba43830c0a02959c058702d18e18c14a24d88a357d","Scope":"local","Driver":"host","EnableIPv6":false,"IPAM":{"Driver":"default","Options":null,"Config":[]},"Internal":false,"Containers":{},"Options":{},"Labels":{}}]


02:36:24.933 [Test worker] DEBUG o.a.h.i.c.DefaultManagedHttpClientConnection - http-outgoing-62: Close connection
02:36:24.936 [Test worker] DEBUG o.a.h.impl.execchain.MainClientExec - Connection discarded
02:36:24.936 [Test worker] DEBUG c.g.d.j.JerseyDockerCmdExecFactory$1 - Connection released: [id: 62][route: {s}->https://Thesis:2376][total kept alive: 1; route allocated: 1 of 2; total allocated: 1 of 20]
02:36:24.937 [Test worker] DEBUG org.openbaton.docker.DockerVim - Found a docker network, transformed into a NFV network Network{id='3a0b63f12f578ffd9f2e9bcad0995dc3111cf183a12a957e36dbdf092295cf83', name='MyNetwork', extId='null', external=false, shared=false, subnets=[Subnet{id='null', version=0, name='bridge', extId='null', networkId='172.18.0.0/16', cidr='null', gatewayIp='172.18.0.1/16'}]}
02:36:24.937 [Test worker] DEBUG c.g.d.core.command.AbstrDockerCmd - Cmd: 3a0b63f12f578ffd9f2e9bcad0995dc3111cf183a12a957e36dbdf092295cf83,com.github.dockerjava.jaxrs.RemoveNetworkCmdExec@294020de
02:36:24.937 [Test worker] DEBUG c.g.d.j.JerseyDockerCmdExecFactory - 17 * Sending client request on thread Test worker
17 > DELETE https://Thesis:2376/networks/3a0b63f12f578ffd9f2e9bcad0995dc3111cf183a12a957e36dbdf092295cf83
17 > Accept: application/json

02:36:24.938 [Test worker] DEBUG o.a.h.c.protocol.RequestAddCookies - CookieSpec selected: default
02:36:24.938 [Test worker] DEBUG o.a.h.c.protocol.RequestAuthCache - Auth cache not set in the context
02:36:24.938 [Test worker] DEBUG c.g.d.j.JerseyDockerCmdExecFactory$1 - Connection request: [route: {s}->https://Thesis:2376][total kept alive: 1; route allocated: 1 of 2; total allocated: 1 of 20]
02:36:24.938 [Test worker] DEBUG c.g.d.j.JerseyDockerCmdExecFactory$1 - Connection leased: [id: 63][route: {s}->https://Thesis:2376][total kept alive: 1; route allocated: 2 of 2; total allocated: 2 of 20]
02:36:24.938 [Test worker] DEBUG o.a.h.impl.execchain.MainClientExec - Opening connection {s}->https://Thesis:2376
02:36:24.939 [Test worker] DEBUG o.a.h.i.c.DefaultHttpClientConnectionOperator - Connecting to Thesis/127.0.1.1:2376
02:36:24.939 [Test worker] DEBUG o.a.h.c.s.SSLConnectionSocketFactory - Connecting socket to Thesis/127.0.1.1:2376 with timeout 0
02:36:24.940 [Test worker] DEBUG o.a.h.c.s.SSLConnectionSocketFactory - Enabled protocols: [TLSv1]
02:36:24.942 [Test worker] DEBUG o.a.h.c.s.SSLConnectionSocketFactory - Enabled cipher suites:[TLS_ECDHE_ECDSA_WITH_AES_128_CBC_SHA, TLS_ECDHE_RSA_WITH_AES_128_CBC_SHA, TLS_RSA_WITH_AES_128_CBC_SHA, TLS_ECDH_ECDSA_WITH_AES_128_CBC_SHA, TLS_ECDH_RSA_WITH_AES_128_CBC_SHA, TLS_DHE_RSA_WITH_AES_128_CBC_SHA, TLS_DHE_DSS_WITH_AES_128_CBC_SHA, TLS_ECDHE_ECDSA_WITH_3DES_EDE_CBC_SHA, TLS_ECDHE_RSA_WITH_3DES_EDE_CBC_SHA, SSL_RSA_WITH_3DES_EDE_CBC_SHA, TLS_ECDH_ECDSA_WITH_3DES_EDE_CBC_SHA, TLS_ECDH_RSA_WITH_3DES_EDE_CBC_SHA, SSL_DHE_RSA_WITH_3DES_EDE_CBC_SHA, SSL_DHE_DSS_WITH_3DES_EDE_CBC_SHA, TLS_ECDHE_ECDSA_WITH_RC4_128_SHA, TLS_ECDHE_RSA_WITH_RC4_128_SHA, SSL_RSA_WITH_RC4_128_SHA, TLS_ECDH_ECDSA_WITH_RC4_128_SHA, TLS_ECDH_RSA_WITH_RC4_128_SHA, SSL_RSA_WITH_RC4_128_MD5, TLS_EMPTY_RENEGOTIATION_INFO_SCSV]
02:36:24.942 [Test worker] DEBUG o.a.h.c.s.SSLConnectionSocketFactory - Starting handshake
02:36:25.000 [Test worker] DEBUG o.a.h.c.s.SSLConnectionSocketFactory - Secure session established
02:36:25.001 [Test worker] DEBUG o.a.h.c.s.SSLConnectionSocketFactory -  negotiated protocol: TLSv1
02:36:25.001 [Test worker] DEBUG o.a.h.c.s.SSLConnectionSocketFactory -  negotiated cipher suite: TLS_ECDHE_RSA_WITH_AES_128_CBC_SHA
02:36:25.001 [Test worker] DEBUG o.a.h.c.s.SSLConnectionSocketFactory -  peer principal: CN=Thesis
02:36:25.001 [Test worker] DEBUG o.a.h.c.s.SSLConnectionSocketFactory -  issuer principal: EMAILADDRESS=sha@yamil.com, CN=Thesis, OU=Open, O=Fra, L=BER, ST=BER, C=DE
02:36:25.001 [Test worker] DEBUG o.a.h.i.c.DefaultHttpClientConnectionOperator - Connection established 127.0.0.1:41426<->127.0.1.1:2376
02:36:25.002 [Test worker] DEBUG o.a.h.impl.execchain.MainClientExec - Executing request DELETE /networks/3a0b63f12f578ffd9f2e9bcad0995dc3111cf183a12a957e36dbdf092295cf83 HTTP/1.1
02:36:25.002 [Test worker] DEBUG o.a.h.impl.execchain.MainClientExec - Target auth state: UNCHALLENGED
02:36:25.002 [Test worker] DEBUG o.a.h.impl.execchain.MainClientExec - Proxy auth state: UNCHALLENGED
02:36:25.002 [Test worker] DEBUG org.apache.http.headers - http-outgoing-63 >> DELETE /networks/3a0b63f12f578ffd9f2e9bcad0995dc3111cf183a12a957e36dbdf092295cf83 HTTP/1.1
02:36:25.002 [Test worker] DEBUG org.apache.http.headers - http-outgoing-63 >> Accept: application/json
02:36:25.002 [Test worker] DEBUG org.apache.http.headers - http-outgoing-63 >> User-Agent: Jersey/2.23.1 (Apache HttpClient 4.5.1)
02:36:25.002 [Test worker] DEBUG org.apache.http.headers - http-outgoing-63 >> Host: Thesis:2376
02:36:25.003 [Test worker] DEBUG org.apache.http.headers - http-outgoing-63 >> Connection: Keep-Alive
02:36:25.003 [Test worker] DEBUG org.apache.http.headers - http-outgoing-63 >> Accept-Encoding: gzip,deflate
02:36:25.003 [Test worker] DEBUG org.apache.http.wire - http-outgoing-63 >> "DELETE /networks/3a0b63f12f578ffd9f2e9bcad0995dc3111cf183a12a957e36dbdf092295cf83 HTTP/1.1[\r][\n]"
02:36:25.003 [Test worker] DEBUG org.apache.http.wire - http-outgoing-63 >> "Accept: application/json[\r][\n]"
02:36:25.003 [Test worker] DEBUG org.apache.http.wire - http-outgoing-63 >> "User-Agent: Jersey/2.23.1 (Apache HttpClient 4.5.1)[\r][\n]"
02:36:25.003 [Test worker] DEBUG org.apache.http.wire - http-outgoing-63 >> "Host: Thesis:2376[\r][\n]"
02:36:25.003 [Test worker] DEBUG org.apache.http.wire - http-outgoing-63 >> "Connection: Keep-Alive[\r][\n]"
02:36:25.004 [Test worker] DEBUG org.apache.http.wire - http-outgoing-63 >> "Accept-Encoding: gzip,deflate[\r][\n]"
02:36:25.004 [Test worker] DEBUG org.apache.http.wire - http-outgoing-63 >> "[\r][\n]"
02:36:25.077 [Test worker] DEBUG org.apache.http.wire - http-outgoing-63 << "H"
02:36:25.078 [Test worker] DEBUG org.apache.http.wire - http-outgoing-63 << "TTP/1.1 204 No Content[\r][\n]"
02:36:25.078 [Test worker] DEBUG org.apache.http.wire - http-outgoing-63 << "Server: Docker/1.12.3 (linux)[\r][\n]"
02:36:25.078 [Test worker] DEBUG org.apache.http.wire - http-outgoing-63 << "Date: Tue, 03 Jan 2017 01:36:25 GMT[\r][\n]"
02:36:25.078 [Test worker] DEBUG org.apache.http.wire - http-outgoing-63 << "[\r][\n]"
02:36:25.078 [Test worker] DEBUG org.apache.http.headers - http-outgoing-63 << HTTP/1.1 204 No Content
02:36:25.078 [Test worker] DEBUG org.apache.http.headers - http-outgoing-63 << Server: Docker/1.12.3 (linux)
02:36:25.078 [Test worker] DEBUG org.apache.http.headers - http-outgoing-63 << Date: Tue, 03 Jan 2017 01:36:25 GMT
02:36:25.078 [Test worker] DEBUG o.a.h.impl.execchain.MainClientExec - Connection can be kept alive indefinitely
02:36:25.078 [Test worker] DEBUG c.g.d.j.JerseyDockerCmdExecFactory$1 - Connection [id: 63][route: {s}->https://Thesis:2376][state: CN=Thesis] can be kept alive indefinitely
02:36:25.078 [Test worker] DEBUG c.g.d.j.JerseyDockerCmdExecFactory$1 - Connection released: [id: 63][route: {s}->https://Thesis:2376][state: CN=Thesis][total kept alive: 2; route allocated: 2 of 2; total allocated: 2 of 20]
02:36:25.078 [Test worker] DEBUG c.g.d.j.JerseyDockerCmdExecFactory - 18 * Client response received on thread Test worker
18 < 204
18 < Date: Tue, 03 Jan 2017 01:36:25 GMT
18 < Server: Docker/1.12.3 (linux)

02:36:25.078 [Test worker] INFO  org.openbaton.docker.DockerVim - Network '3a0b63f12f578ffd9f2e9bcad0995dc3111cf183a12a957e36dbdf092295cf83' deleted successfully
02:36:25.078 [Test worker] DEBUG c.g.d.core.command.AbstrDockerCmd - Cmd: com.github.dockerjava.core.util.FiltersBuilder@0,com.github.dockerjava.jaxrs.ListVolumesCmdExec@3bd24b4f
02:36:25.079 [Test worker] DEBUG c.g.d.j.JerseyDockerCmdExecFactory - 19 * Sending client request on thread Test worker
19 > GET https://Thesis:2376/volumes
19 > Accept: application/json

02:36:25.079 [Test worker] DEBUG o.a.h.c.protocol.RequestAddCookies - CookieSpec selected: default
02:36:25.079 [Test worker] DEBUG o.a.h.c.protocol.RequestAuthCache - Auth cache not set in the context
02:36:25.079 [Test worker] DEBUG c.g.d.j.JerseyDockerCmdExecFactory$1 - Connection request: [route: {s}->https://Thesis:2376][total kept alive: 2; route allocated: 2 of 2; total allocated: 2 of 20]
02:36:25.079 [Test worker] DEBUG o.a.h.i.c.DefaultManagedHttpClientConnection - http-outgoing-61: Close connection
02:36:25.079 [Test worker] DEBUG c.g.d.j.JerseyDockerCmdExecFactory$1 - Connection leased: [id: 64][route: {s}->https://Thesis:2376][total kept alive: 1; route allocated: 2 of 2; total allocated: 2 of 20]
02:36:25.079 [Test worker] DEBUG o.a.h.impl.execchain.MainClientExec - Opening connection {s}->https://Thesis:2376
02:36:25.079 [Test worker] DEBUG o.a.h.i.c.DefaultHttpClientConnectionOperator - Connecting to Thesis/127.0.1.1:2376
02:36:25.079 [Test worker] DEBUG o.a.h.c.s.SSLConnectionSocketFactory - Connecting socket to Thesis/127.0.1.1:2376 with timeout 0
02:36:25.081 [Test worker] DEBUG o.a.h.c.s.SSLConnectionSocketFactory - Enabled protocols: [TLSv1]
02:36:25.081 [Test worker] DEBUG o.a.h.c.s.SSLConnectionSocketFactory - Enabled cipher suites:[TLS_ECDHE_ECDSA_WITH_AES_128_CBC_SHA, TLS_ECDHE_RSA_WITH_AES_128_CBC_SHA, TLS_RSA_WITH_AES_128_CBC_SHA, TLS_ECDH_ECDSA_WITH_AES_128_CBC_SHA, TLS_ECDH_RSA_WITH_AES_128_CBC_SHA, TLS_DHE_RSA_WITH_AES_128_CBC_SHA, TLS_DHE_DSS_WITH_AES_128_CBC_SHA, TLS_ECDHE_ECDSA_WITH_3DES_EDE_CBC_SHA, TLS_ECDHE_RSA_WITH_3DES_EDE_CBC_SHA, SSL_RSA_WITH_3DES_EDE_CBC_SHA, TLS_ECDH_ECDSA_WITH_3DES_EDE_CBC_SHA, TLS_ECDH_RSA_WITH_3DES_EDE_CBC_SHA, SSL_DHE_RSA_WITH_3DES_EDE_CBC_SHA, SSL_DHE_DSS_WITH_3DES_EDE_CBC_SHA, TLS_ECDHE_ECDSA_WITH_RC4_128_SHA, TLS_ECDHE_RSA_WITH_RC4_128_SHA, SSL_RSA_WITH_RC4_128_SHA, TLS_ECDH_ECDSA_WITH_RC4_128_SHA, TLS_ECDH_RSA_WITH_RC4_128_SHA, SSL_RSA_WITH_RC4_128_MD5, TLS_EMPTY_RENEGOTIATION_INFO_SCSV]
02:36:25.081 [Test worker] DEBUG o.a.h.c.s.SSLConnectionSocketFactory - Starting handshake
02:36:25.142 [Test worker] DEBUG o.a.h.c.s.SSLConnectionSocketFactory - Secure session established
02:36:25.142 [Test worker] DEBUG o.a.h.c.s.SSLConnectionSocketFactory -  negotiated protocol: TLSv1
02:36:25.142 [Test worker] DEBUG o.a.h.c.s.SSLConnectionSocketFactory -  negotiated cipher suite: TLS_ECDHE_RSA_WITH_AES_128_CBC_SHA
02:36:25.143 [Test worker] DEBUG o.a.h.c.s.SSLConnectionSocketFactory -  peer principal: CN=Thesis
02:36:25.143 [Test worker] DEBUG o.a.h.c.s.SSLConnectionSocketFactory -  issuer principal: EMAILADDRESS=sha@yamil.com, CN=Thesis, OU=Open, O=Fra, L=BER, ST=BER, C=DE
02:36:25.143 [Test worker] DEBUG o.a.h.i.c.DefaultHttpClientConnectionOperator - Connection established 127.0.0.1:41428<->127.0.1.1:2376
02:36:25.143 [Test worker] DEBUG o.a.h.impl.execchain.MainClientExec - Executing request GET /volumes HTTP/1.1
02:36:25.143 [Test worker] DEBUG o.a.h.impl.execchain.MainClientExec - Target auth state: UNCHALLENGED
02:36:25.143 [Test worker] DEBUG o.a.h.impl.execchain.MainClientExec - Proxy auth state: UNCHALLENGED
02:36:25.144 [Test worker] DEBUG org.apache.http.headers - http-outgoing-64 >> GET /volumes HTTP/1.1
02:36:25.144 [Test worker] DEBUG org.apache.http.headers - http-outgoing-64 >> Accept: application/json
02:36:25.144 [Test worker] DEBUG org.apache.http.headers - http-outgoing-64 >> User-Agent: Jersey/2.23.1 (Apache HttpClient 4.5.1)
02:36:25.144 [Test worker] DEBUG org.apache.http.headers - http-outgoing-64 >> Host: Thesis:2376
02:36:25.144 [Test worker] DEBUG org.apache.http.headers - http-outgoing-64 >> Connection: Keep-Alive
02:36:25.144 [Test worker] DEBUG org.apache.http.headers - http-outgoing-64 >> Accept-Encoding: gzip,deflate
02:36:25.144 [Test worker] DEBUG org.apache.http.wire - http-outgoing-64 >> "GET /volumes HTTP/1.1[\r][\n]"
02:36:25.144 [Test worker] DEBUG org.apache.http.wire - http-outgoing-64 >> "Accept: application/json[\r][\n]"
02:36:25.145 [Test worker] DEBUG org.apache.http.wire - http-outgoing-64 >> "User-Agent: Jersey/2.23.1 (Apache HttpClient 4.5.1)[\r][\n]"
02:36:25.145 [Test worker] DEBUG org.apache.http.wire - http-outgoing-64 >> "Host: Thesis:2376[\r][\n]"
02:36:25.145 [Test worker] DEBUG org.apache.http.wire - http-outgoing-64 >> "Connection: Keep-Alive[\r][\n]"
02:36:25.145 [Test worker] DEBUG org.apache.http.wire - http-outgoing-64 >> "Accept-Encoding: gzip,deflate[\r][\n]"
02:36:25.145 [Test worker] DEBUG org.apache.http.wire - http-outgoing-64 >> "[\r][\n]"
02:36:25.146 [Test worker] DEBUG org.apache.http.wire - http-outgoing-64 << "H"
02:36:25.146 [Test worker] DEBUG org.apache.http.wire - http-outgoing-64 << "TTP/1.1 200 OK[\r][\n]"
02:36:25.146 [Test worker] DEBUG org.apache.http.wire - http-outgoing-64 << "Content-Type: application/json[\r][\n]"
02:36:25.146 [Test worker] DEBUG org.apache.http.wire - http-outgoing-64 << "Server: Docker/1.12.3 (linux)[\r][\n]"
02:36:25.146 [Test worker] DEBUG org.apache.http.wire - http-outgoing-64 << "Date: Tue, 03 Jan 2017 01:36:25 GMT[\r][\n]"
02:36:25.146 [Test worker] DEBUG org.apache.http.wire - http-outgoing-64 << "Content-Length: 33[\r][\n]"
02:36:25.146 [Test worker] DEBUG org.apache.http.wire - http-outgoing-64 << "[\r][\n]"
02:36:25.146 [Test worker] DEBUG org.apache.http.wire - http-outgoing-64 << "{"Volumes":null,"Warnings":null}[\n]"
02:36:25.147 [Test worker] DEBUG org.apache.http.headers - http-outgoing-64 << HTTP/1.1 200 OK
02:36:25.147 [Test worker] DEBUG org.apache.http.headers - http-outgoing-64 << Content-Type: application/json
02:36:25.147 [Test worker] DEBUG org.apache.http.headers - http-outgoing-64 << Server: Docker/1.12.3 (linux)
02:36:25.147 [Test worker] DEBUG org.apache.http.headers - http-outgoing-64 << Date: Tue, 03 Jan 2017 01:36:25 GMT
02:36:25.147 [Test worker] DEBUG org.apache.http.headers - http-outgoing-64 << Content-Length: 33
02:36:25.147 [Test worker] DEBUG o.a.h.impl.execchain.MainClientExec - Connection can be kept alive indefinitely
02:36:25.148 [Test worker] DEBUG c.g.d.j.JerseyDockerCmdExecFactory - 20 * Client response received on thread Test worker
20 < 200
20 < Content-Length: 33
20 < Content-Type: application/json
20 < Date: Tue, 03 Jan 2017 01:36:25 GMT
20 < Server: Docker/1.12.3 (linux)
{"Volumes":null,"Warnings":null}


02:36:25.149 [Test worker] DEBUG o.a.h.i.c.DefaultManagedHttpClientConnection - http-outgoing-64: Close connection
02:36:25.149 [Test worker] DEBUG o.a.h.impl.execchain.MainClientExec - Connection discarded
02:36:25.149 [Test worker] DEBUG c.g.d.j.JerseyDockerCmdExecFactory$1 - Connection released: [id: 64][route: {s}->https://Thesis:2376][total kept alive: 1; route allocated: 1 of 2; total allocated: 1 of 20]
02:36:25.150 [Test worker] DEBUG org.openbaton.docker.DockerVim - Loading properties
02:36:25.150 [Test worker] DEBUG org.openbaton.docker.DockerVim - Loaded properties: {vim.instance.auth.url=tcp://Thesis:2376, docker.cert.path=/home/sakib/.docker, type=docker, tls.verify=true}
02:36:25.161 [Test worker] DEBUG c.g.d.core.command.AbstrDockerCmd - Cmd: -1,<null>,true,<null>,<null>,com.github.dockerjava.core.util.FiltersBuilder@0,com.github.dockerjava.jaxrs.ListContainersCmdExec@455f504c
02:36:25.209 [Test worker] DEBUG c.g.d.j.JerseyDockerCmdExecFactory - 1 * Sending client request on thread Test worker
1 > GET https://Thesis:2376/containers/json?all=true
1 > Accept: application/json

02:36:25.234 [Test worker] DEBUG o.a.h.c.protocol.RequestAddCookies - CookieSpec selected: default
02:36:25.234 [Test worker] DEBUG o.a.h.c.protocol.RequestAuthCache - Auth cache not set in the context
02:36:25.234 [Test worker] DEBUG c.g.d.j.JerseyDockerCmdExecFactory$1 - Connection request: [route: {s}->https://Thesis:2376][total kept alive: 0; route allocated: 0 of 2; total allocated: 0 of 20]
02:36:25.234 [Test worker] DEBUG c.g.d.j.JerseyDockerCmdExecFactory$1 - Connection leased: [id: 65][route: {s}->https://Thesis:2376][total kept alive: 0; route allocated: 1 of 2; total allocated: 1 of 20]
02:36:25.234 [Test worker] DEBUG o.a.h.impl.execchain.MainClientExec - Opening connection {s}->https://Thesis:2376
02:36:25.235 [Test worker] DEBUG o.a.h.i.c.DefaultHttpClientConnectionOperator - Connecting to Thesis/127.0.1.1:2376
02:36:25.235 [Test worker] DEBUG o.a.h.c.s.SSLConnectionSocketFactory - Connecting socket to Thesis/127.0.1.1:2376 with timeout 0
02:36:25.235 [Test worker] DEBUG o.a.h.c.s.SSLConnectionSocketFactory - Enabled protocols: [TLSv1]
02:36:25.236 [Test worker] DEBUG o.a.h.c.s.SSLConnectionSocketFactory - Enabled cipher suites:[TLS_ECDHE_ECDSA_WITH_AES_128_CBC_SHA, TLS_ECDHE_RSA_WITH_AES_128_CBC_SHA, TLS_RSA_WITH_AES_128_CBC_SHA, TLS_ECDH_ECDSA_WITH_AES_128_CBC_SHA, TLS_ECDH_RSA_WITH_AES_128_CBC_SHA, TLS_DHE_RSA_WITH_AES_128_CBC_SHA, TLS_DHE_DSS_WITH_AES_128_CBC_SHA, TLS_ECDHE_ECDSA_WITH_3DES_EDE_CBC_SHA, TLS_ECDHE_RSA_WITH_3DES_EDE_CBC_SHA, SSL_RSA_WITH_3DES_EDE_CBC_SHA, TLS_ECDH_ECDSA_WITH_3DES_EDE_CBC_SHA, TLS_ECDH_RSA_WITH_3DES_EDE_CBC_SHA, SSL_DHE_RSA_WITH_3DES_EDE_CBC_SHA, SSL_DHE_DSS_WITH_3DES_EDE_CBC_SHA, TLS_ECDHE_ECDSA_WITH_RC4_128_SHA, TLS_ECDHE_RSA_WITH_RC4_128_SHA, SSL_RSA_WITH_RC4_128_SHA, TLS_ECDH_ECDSA_WITH_RC4_128_SHA, TLS_ECDH_RSA_WITH_RC4_128_SHA, SSL_RSA_WITH_RC4_128_MD5, TLS_EMPTY_RENEGOTIATION_INFO_SCSV]
02:36:25.236 [Test worker] DEBUG o.a.h.c.s.SSLConnectionSocketFactory - Starting handshake
02:36:25.359 [Test worker] DEBUG o.a.h.c.s.SSLConnectionSocketFactory - Secure session established
02:36:25.359 [Test worker] DEBUG o.a.h.c.s.SSLConnectionSocketFactory -  negotiated protocol: TLSv1
02:36:25.359 [Test worker] DEBUG o.a.h.c.s.SSLConnectionSocketFactory -  negotiated cipher suite: TLS_ECDHE_RSA_WITH_AES_128_CBC_SHA
02:36:25.359 [Test worker] DEBUG o.a.h.c.s.SSLConnectionSocketFactory -  peer principal: CN=Thesis
02:36:25.359 [Test worker] DEBUG o.a.h.c.s.SSLConnectionSocketFactory -  issuer principal: EMAILADDRESS=sha@yamil.com, CN=Thesis, OU=Open, O=Fra, L=BER, ST=BER, C=DE
02:36:25.360 [Test worker] DEBUG o.a.h.i.c.DefaultHttpClientConnectionOperator - Connection established 127.0.0.1:41430<->127.0.1.1:2376
02:36:25.360 [Test worker] DEBUG o.a.h.impl.execchain.MainClientExec - Executing request GET /containers/json?all=true HTTP/1.1
02:36:25.360 [Test worker] DEBUG o.a.h.impl.execchain.MainClientExec - Target auth state: UNCHALLENGED
02:36:25.360 [Test worker] DEBUG o.a.h.impl.execchain.MainClientExec - Proxy auth state: UNCHALLENGED
02:36:25.360 [Test worker] DEBUG org.apache.http.headers - http-outgoing-65 >> GET /containers/json?all=true HTTP/1.1
02:36:25.360 [Test worker] DEBUG org.apache.http.headers - http-outgoing-65 >> Accept: application/json
02:36:25.361 [Test worker] DEBUG org.apache.http.headers - http-outgoing-65 >> User-Agent: Jersey/2.23.1 (Apache HttpClient 4.5.1)
02:36:25.361 [Test worker] DEBUG org.apache.http.headers - http-outgoing-65 >> Host: Thesis:2376
02:36:25.361 [Test worker] DEBUG org.apache.http.headers - http-outgoing-65 >> Connection: Keep-Alive
02:36:25.361 [Test worker] DEBUG org.apache.http.headers - http-outgoing-65 >> Accept-Encoding: gzip,deflate
02:36:25.361 [Test worker] DEBUG org.apache.http.wire - http-outgoing-65 >> "GET /containers/json?all=true HTTP/1.1[\r][\n]"
02:36:25.361 [Test worker] DEBUG org.apache.http.wire - http-outgoing-65 >> "Accept: application/json[\r][\n]"
02:36:25.361 [Test worker] DEBUG org.apache.http.wire - http-outgoing-65 >> "User-Agent: Jersey/2.23.1 (Apache HttpClient 4.5.1)[\r][\n]"
02:36:25.361 [Test worker] DEBUG org.apache.http.wire - http-outgoing-65 >> "Host: Thesis:2376[\r][\n]"
02:36:25.362 [Test worker] DEBUG org.apache.http.wire - http-outgoing-65 >> "Connection: Keep-Alive[\r][\n]"
02:36:25.362 [Test worker] DEBUG org.apache.http.wire - http-outgoing-65 >> "Accept-Encoding: gzip,deflate[\r][\n]"
02:36:25.362 [Test worker] DEBUG org.apache.http.wire - http-outgoing-65 >> "[\r][\n]"
02:36:25.362 [Test worker] DEBUG org.apache.http.wire - http-outgoing-65 << "H"
02:36:25.362 [Test worker] DEBUG org.apache.http.wire - http-outgoing-65 << "TTP/1.1 200 OK[\r][\n]"
02:36:25.362 [Test worker] DEBUG org.apache.http.wire - http-outgoing-65 << "Content-Type: application/json[\r][\n]"
02:36:25.363 [Test worker] DEBUG org.apache.http.wire - http-outgoing-65 << "Server: Docker/1.12.3 (linux)[\r][\n]"
02:36:25.363 [Test worker] DEBUG org.apache.http.wire - http-outgoing-65 << "Date: Tue, 03 Jan 2017 01:36:25 GMT[\r][\n]"
02:36:25.363 [Test worker] DEBUG org.apache.http.wire - http-outgoing-65 << "Content-Length: 3[\r][\n]"
02:36:25.363 [Test worker] DEBUG org.apache.http.wire - http-outgoing-65 << "[\r][\n]"
02:36:25.363 [Test worker] DEBUG org.apache.http.wire - http-outgoing-65 << "[][\n]"
02:36:25.363 [Test worker] DEBUG org.apache.http.headers - http-outgoing-65 << HTTP/1.1 200 OK
02:36:25.363 [Test worker] DEBUG org.apache.http.headers - http-outgoing-65 << Content-Type: application/json
02:36:25.364 [Test worker] DEBUG org.apache.http.headers - http-outgoing-65 << Server: Docker/1.12.3 (linux)
02:36:25.364 [Test worker] DEBUG org.apache.http.headers - http-outgoing-65 << Date: Tue, 03 Jan 2017 01:36:25 GMT
02:36:25.364 [Test worker] DEBUG org.apache.http.headers - http-outgoing-65 << Content-Length: 3
02:36:25.364 [Test worker] DEBUG o.a.h.impl.execchain.MainClientExec - Connection can be kept alive indefinitely
02:36:25.364 [Test worker] DEBUG c.g.d.j.JerseyDockerCmdExecFactory - 2 * Client response received on thread Test worker
2 < 200
2 < Content-Length: 3
2 < Content-Type: application/json
2 < Date: Tue, 03 Jan 2017 01:36:25 GMT
2 < Server: Docker/1.12.3 (linux)
[]


02:36:25.366 [Test worker] DEBUG c.g.d.j.JerseyDockerCmdExecFactory$1 - Connection [id: 65][route: {s}->https://Thesis:2376][state: CN=Thesis] can be kept alive indefinitely
02:36:25.366 [Test worker] DEBUG c.g.d.j.JerseyDockerCmdExecFactory$1 - Connection released: [id: 65][route: {s}->https://Thesis:2376][state: CN=Thesis][total kept alive: 1; route allocated: 1 of 2; total allocated: 1 of 20]
02:36:25.375 [Test worker] DEBUG c.g.d.core.command.AbstrDockerCmd - Cmd: com.github.dockerjava.core.util.FiltersBuilder@0,com.github.dockerjava.jaxrs.ListNetworksCmdExec@167f3e42
02:36:25.375 [Test worker] DEBUG c.g.d.j.JerseyDockerCmdExecFactory - 3 * Sending client request on thread Test worker
3 > GET https://Thesis:2376/networks
3 > Accept: application/json

02:36:25.376 [Test worker] DEBUG o.a.h.c.protocol.RequestAddCookies - CookieSpec selected: default
02:36:25.376 [Test worker] DEBUG o.a.h.c.protocol.RequestAuthCache - Auth cache not set in the context
02:36:25.376 [Test worker] DEBUG c.g.d.j.JerseyDockerCmdExecFactory$1 - Connection request: [route: {s}->https://Thesis:2376][total kept alive: 1; route allocated: 1 of 2; total allocated: 1 of 20]
02:36:25.376 [Test worker] DEBUG c.g.d.j.JerseyDockerCmdExecFactory$1 - Connection leased: [id: 66][route: {s}->https://Thesis:2376][total kept alive: 1; route allocated: 2 of 2; total allocated: 2 of 20]
02:36:25.376 [Test worker] DEBUG o.a.h.impl.execchain.MainClientExec - Opening connection {s}->https://Thesis:2376
02:36:25.377 [Test worker] DEBUG o.a.h.i.c.DefaultHttpClientConnectionOperator - Connecting to Thesis/127.0.1.1:2376
02:36:25.377 [Test worker] DEBUG o.a.h.c.s.SSLConnectionSocketFactory - Connecting socket to Thesis/127.0.1.1:2376 with timeout 0
02:36:25.378 [Test worker] DEBUG o.a.h.c.s.SSLConnectionSocketFactory - Enabled protocols: [TLSv1]
02:36:25.378 [Test worker] DEBUG o.a.h.c.s.SSLConnectionSocketFactory - Enabled cipher suites:[TLS_ECDHE_ECDSA_WITH_AES_128_CBC_SHA, TLS_ECDHE_RSA_WITH_AES_128_CBC_SHA, TLS_RSA_WITH_AES_128_CBC_SHA, TLS_ECDH_ECDSA_WITH_AES_128_CBC_SHA, TLS_ECDH_RSA_WITH_AES_128_CBC_SHA, TLS_DHE_RSA_WITH_AES_128_CBC_SHA, TLS_DHE_DSS_WITH_AES_128_CBC_SHA, TLS_ECDHE_ECDSA_WITH_3DES_EDE_CBC_SHA, TLS_ECDHE_RSA_WITH_3DES_EDE_CBC_SHA, SSL_RSA_WITH_3DES_EDE_CBC_SHA, TLS_ECDH_ECDSA_WITH_3DES_EDE_CBC_SHA, TLS_ECDH_RSA_WITH_3DES_EDE_CBC_SHA, SSL_DHE_RSA_WITH_3DES_EDE_CBC_SHA, SSL_DHE_DSS_WITH_3DES_EDE_CBC_SHA, TLS_ECDHE_ECDSA_WITH_RC4_128_SHA, TLS_ECDHE_RSA_WITH_RC4_128_SHA, SSL_RSA_WITH_RC4_128_SHA, TLS_ECDH_ECDSA_WITH_RC4_128_SHA, TLS_ECDH_RSA_WITH_RC4_128_SHA, SSL_RSA_WITH_RC4_128_MD5, TLS_EMPTY_RENEGOTIATION_INFO_SCSV]
02:36:25.378 [Test worker] DEBUG o.a.h.c.s.SSLConnectionSocketFactory - Starting handshake
02:36:25.449 [Test worker] DEBUG o.a.h.c.s.SSLConnectionSocketFactory - Secure session established
02:36:25.449 [Test worker] DEBUG o.a.h.c.s.SSLConnectionSocketFactory -  negotiated protocol: TLSv1
02:36:25.450 [Test worker] DEBUG o.a.h.c.s.SSLConnectionSocketFactory -  negotiated cipher suite: TLS_ECDHE_RSA_WITH_AES_128_CBC_SHA
02:36:25.450 [Test worker] DEBUG o.a.h.c.s.SSLConnectionSocketFactory -  peer principal: CN=Thesis
02:36:25.450 [Test worker] DEBUG o.a.h.c.s.SSLConnectionSocketFactory -  issuer principal: EMAILADDRESS=sha@yamil.com, CN=Thesis, OU=Open, O=Fra, L=BER, ST=BER, C=DE
02:36:25.450 [Test worker] DEBUG o.a.h.i.c.DefaultHttpClientConnectionOperator - Connection established 127.0.0.1:41432<->127.0.1.1:2376
02:36:25.450 [Test worker] DEBUG o.a.h.impl.execchain.MainClientExec - Executing request GET /networks HTTP/1.1
02:36:25.450 [Test worker] DEBUG o.a.h.impl.execchain.MainClientExec - Target auth state: UNCHALLENGED
02:36:25.451 [Test worker] DEBUG o.a.h.impl.execchain.MainClientExec - Proxy auth state: UNCHALLENGED
02:36:25.451 [Test worker] DEBUG org.apache.http.headers - http-outgoing-66 >> GET /networks HTTP/1.1
02:36:25.451 [Test worker] DEBUG org.apache.http.headers - http-outgoing-66 >> Accept: application/json
02:36:25.451 [Test worker] DEBUG org.apache.http.headers - http-outgoing-66 >> User-Agent: Jersey/2.23.1 (Apache HttpClient 4.5.1)
02:36:25.451 [Test worker] DEBUG org.apache.http.headers - http-outgoing-66 >> Host: Thesis:2376
02:36:25.451 [Test worker] DEBUG org.apache.http.headers - http-outgoing-66 >> Connection: Keep-Alive
02:36:25.451 [Test worker] DEBUG org.apache.http.headers - http-outgoing-66 >> Accept-Encoding: gzip,deflate
02:36:25.451 [Test worker] DEBUG org.apache.http.wire - http-outgoing-66 >> "GET /networks HTTP/1.1[\r][\n]"
02:36:25.452 [Test worker] DEBUG org.apache.http.wire - http-outgoing-66 >> "Accept: application/json[\r][\n]"
02:36:25.452 [Test worker] DEBUG org.apache.http.wire - http-outgoing-66 >> "User-Agent: Jersey/2.23.1 (Apache HttpClient 4.5.1)[\r][\n]"
02:36:25.452 [Test worker] DEBUG org.apache.http.wire - http-outgoing-66 >> "Host: Thesis:2376[\r][\n]"
02:36:25.452 [Test worker] DEBUG org.apache.http.wire - http-outgoing-66 >> "Connection: Keep-Alive[\r][\n]"
02:36:25.452 [Test worker] DEBUG org.apache.http.wire - http-outgoing-66 >> "Accept-Encoding: gzip,deflate[\r][\n]"
02:36:25.452 [Test worker] DEBUG org.apache.http.wire - http-outgoing-66 >> "[\r][\n]"
02:36:25.453 [Test worker] DEBUG org.apache.http.wire - http-outgoing-66 << "H"
02:36:25.453 [Test worker] DEBUG org.apache.http.wire - http-outgoing-66 << "TTP/1.1 200 OK[\r][\n]"
02:36:25.453 [Test worker] DEBUG org.apache.http.wire - http-outgoing-66 << "Content-Type: application/json[\r][\n]"
02:36:25.453 [Test worker] DEBUG org.apache.http.wire - http-outgoing-66 << "Server: Docker/1.12.3 (linux)[\r][\n]"
02:36:25.453 [Test worker] DEBUG org.apache.http.wire - http-outgoing-66 << "Date: Tue, 03 Jan 2017 01:36:25 GMT[\r][\n]"
02:36:25.454 [Test worker] DEBUG org.apache.http.wire - http-outgoing-66 << "Content-Length: 1100[\r][\n]"
02:36:25.454 [Test worker] DEBUG org.apache.http.wire - http-outgoing-66 << "[\r][\n]"
02:36:25.454 [Test worker] DEBUG org.apache.http.wire - http-outgoing-66 << "[{"Name":"none","Id":"4d89c194eb79cd2beb38458d10a1b98c74d6b8462af72afde29ae7aca53ed5ca","Scope":"local","Driver":"null","EnableIPv6":false,"IPAM":{"Driver":"default","Options":null,"Config":[]},"Internal":false,"Containers":{},"Options":{},"Labels":{}},{"Name":"bridge","Id":"e0d36057aa1769e9fd52ba88be81b698b495f9b6b4946d0f98f24d971a27fc98","Scope":"local","Driver":"bridge","EnableIPv6":false,"IPAM":{"Driver":"default","Options":null,"Config":[{"Subnet":"172.17.0.0/16","Gateway":"172.17.0.1"}]},"Internal":false,"Containers":{},"Options":{"com.docker.network.bridge.default_bridge":"true","com.docker.network.bridge.enable_icc":"true","com.docker.network.bridge.enable_ip_masquerade":"true","com.docker.network.bridge.host_binding_ipv4":"0.0.0.0","com.docker.network.bridge.name":"docker0","com.docker.network.driver.mtu":"1500"},"Labels":{}},{"Name":"host","Id":"fe042b0866671b5be4f097ba43830c0a02959c058702d18e18c14a24d88a357d","Scope":"local","Driver":"host","EnableIPv6":false,"IPAM":{"Driver":"default","Options":null,"Config":[]},"Internal":false,"Containers":{},"Options":{},"Labels":{}}][\n]"
02:36:25.454 [Test worker] DEBUG org.apache.http.headers - http-outgoing-66 << HTTP/1.1 200 OK
02:36:25.454 [Test worker] DEBUG org.apache.http.headers - http-outgoing-66 << Content-Type: application/json
02:36:25.454 [Test worker] DEBUG org.apache.http.headers - http-outgoing-66 << Server: Docker/1.12.3 (linux)
02:36:25.454 [Test worker] DEBUG org.apache.http.headers - http-outgoing-66 << Date: Tue, 03 Jan 2017 01:36:25 GMT
02:36:25.455 [Test worker] DEBUG org.apache.http.headers - http-outgoing-66 << Content-Length: 1100
02:36:25.455 [Test worker] DEBUG o.a.h.impl.execchain.MainClientExec - Connection can be kept alive indefinitely
02:36:25.455 [Test worker] DEBUG c.g.d.j.JerseyDockerCmdExecFactory - 4 * Client response received on thread Test worker
4 < 200
4 < Content-Length: 1100
4 < Content-Type: application/json
4 < Date: Tue, 03 Jan 2017 01:36:25 GMT
4 < Server: Docker/1.12.3 (linux)
[{"Name":"none","Id":"4d89c194eb79cd2beb38458d10a1b98c74d6b8462af72afde29ae7aca53ed5ca","Scope":"local","Driver":"null","EnableIPv6":false,"IPAM":{"Driver":"default","Options":null,"Config":[]},"Internal":false,"Containers":{},"Options":{},"Labels":{}},{"Name":"bridge","Id":"e0d36057aa1769e9fd52ba88be81b698b495f9b6b4946d0f98f24d971a27fc98","Scope":"local","Driver":"bridge","EnableIPv6":false,"IPAM":{"Driver":"default","Options":null,"Config":[{"Subnet":"172.17.0.0/16","Gateway":"172.17.0.1"}]},"Internal":false,"Containers":{},"Options":{"com.docker.network.bridge.default_bridge":"true","com.docker.network.bridge.enable_icc":"true","com.docker.network.bridge.enable_ip_masquerade":"true","com.docker.network.bridge.host_binding_ipv4":"0.0.0.0","com.docker.network.bridge.name":"docker0","com.docker.network.driver.mtu":"1500"},"Labels":{}},{"Name":"host","Id":"fe042b0866671b5be4f097ba43830c0a02959c058702d18e18c14a24d88a357d","Scope":"local","Driver":"host","EnableIPv6":false,"IPAM":{"Driver":"default","Options":null,"Config":[]},"Internal":false,"Containers":{},"Options":{},"Labels":{}}]


02:36:25.459 [Test worker] DEBUG o.a.h.i.c.DefaultManagedHttpClientConnection - http-outgoing-66: Close connection
02:36:25.460 [Test worker] DEBUG o.a.h.impl.execchain.MainClientExec - Connection discarded
02:36:25.460 [Test worker] DEBUG c.g.d.j.JerseyDockerCmdExecFactory$1 - Connection released: [id: 66][route: {s}->https://Thesis:2376][total kept alive: 1; route allocated: 1 of 2; total allocated: 1 of 20]
02:36:25.460 [Test worker] DEBUG c.g.d.core.command.AbstrDockerCmd - Cmd: com.github.dockerjava.core.util.FiltersBuilder@0,com.github.dockerjava.jaxrs.ListVolumesCmdExec@30061f02
02:36:25.460 [Test worker] DEBUG c.g.d.j.JerseyDockerCmdExecFactory - 5 * Sending client request on thread Test worker
5 > GET https://Thesis:2376/volumes
5 > Accept: application/json

02:36:25.461 [Test worker] DEBUG o.a.h.c.protocol.RequestAddCookies - CookieSpec selected: default
02:36:25.461 [Test worker] DEBUG o.a.h.c.protocol.RequestAuthCache - Auth cache not set in the context
02:36:25.461 [Test worker] DEBUG c.g.d.j.JerseyDockerCmdExecFactory$1 - Connection request: [route: {s}->https://Thesis:2376][total kept alive: 1; route allocated: 1 of 2; total allocated: 1 of 20]
02:36:25.461 [Test worker] DEBUG c.g.d.j.JerseyDockerCmdExecFactory$1 - Connection leased: [id: 67][route: {s}->https://Thesis:2376][total kept alive: 1; route allocated: 2 of 2; total allocated: 2 of 20]
02:36:25.462 [Test worker] DEBUG o.a.h.impl.execchain.MainClientExec - Opening connection {s}->https://Thesis:2376
02:36:25.462 [Test worker] DEBUG o.a.h.i.c.DefaultHttpClientConnectionOperator - Connecting to Thesis/127.0.1.1:2376
02:36:25.462 [Test worker] DEBUG o.a.h.c.s.SSLConnectionSocketFactory - Connecting socket to Thesis/127.0.1.1:2376 with timeout 0
02:36:25.469 [Test worker] DEBUG o.a.h.c.s.SSLConnectionSocketFactory - Enabled protocols: [TLSv1]
02:36:25.469 [Test worker] DEBUG o.a.h.c.s.SSLConnectionSocketFactory - Enabled cipher suites:[TLS_ECDHE_ECDSA_WITH_AES_128_CBC_SHA, TLS_ECDHE_RSA_WITH_AES_128_CBC_SHA, TLS_RSA_WITH_AES_128_CBC_SHA, TLS_ECDH_ECDSA_WITH_AES_128_CBC_SHA, TLS_ECDH_RSA_WITH_AES_128_CBC_SHA, TLS_DHE_RSA_WITH_AES_128_CBC_SHA, TLS_DHE_DSS_WITH_AES_128_CBC_SHA, TLS_ECDHE_ECDSA_WITH_3DES_EDE_CBC_SHA, TLS_ECDHE_RSA_WITH_3DES_EDE_CBC_SHA, SSL_RSA_WITH_3DES_EDE_CBC_SHA, TLS_ECDH_ECDSA_WITH_3DES_EDE_CBC_SHA, TLS_ECDH_RSA_WITH_3DES_EDE_CBC_SHA, SSL_DHE_RSA_WITH_3DES_EDE_CBC_SHA, SSL_DHE_DSS_WITH_3DES_EDE_CBC_SHA, TLS_ECDHE_ECDSA_WITH_RC4_128_SHA, TLS_ECDHE_RSA_WITH_RC4_128_SHA, SSL_RSA_WITH_RC4_128_SHA, TLS_ECDH_ECDSA_WITH_RC4_128_SHA, TLS_ECDH_RSA_WITH_RC4_128_SHA, SSL_RSA_WITH_RC4_128_MD5, TLS_EMPTY_RENEGOTIATION_INFO_SCSV]
02:36:25.469 [Test worker] DEBUG o.a.h.c.s.SSLConnectionSocketFactory - Starting handshake
02:36:25.533 [Test worker] DEBUG o.a.h.c.s.SSLConnectionSocketFactory - Secure session established
02:36:25.533 [Test worker] DEBUG o.a.h.c.s.SSLConnectionSocketFactory -  negotiated protocol: TLSv1
02:36:25.533 [Test worker] DEBUG o.a.h.c.s.SSLConnectionSocketFactory -  negotiated cipher suite: TLS_ECDHE_RSA_WITH_AES_128_CBC_SHA
02:36:25.538 [Test worker] DEBUG o.a.h.c.s.SSLConnectionSocketFactory -  peer principal: CN=Thesis
02:36:25.538 [Test worker] DEBUG o.a.h.c.s.SSLConnectionSocketFactory -  issuer principal: EMAILADDRESS=sha@yamil.com, CN=Thesis, OU=Open, O=Fra, L=BER, ST=BER, C=DE
02:36:25.539 [Test worker] DEBUG o.a.h.i.c.DefaultHttpClientConnectionOperator - Connection established 127.0.0.1:41434<->127.0.1.1:2376
02:36:25.539 [Test worker] DEBUG o.a.h.impl.execchain.MainClientExec - Executing request GET /volumes HTTP/1.1
02:36:25.539 [Test worker] DEBUG o.a.h.impl.execchain.MainClientExec - Target auth state: UNCHALLENGED
02:36:25.539 [Test worker] DEBUG o.a.h.impl.execchain.MainClientExec - Proxy auth state: UNCHALLENGED
02:36:25.539 [Test worker] DEBUG org.apache.http.headers - http-outgoing-67 >> GET /volumes HTTP/1.1
02:36:25.539 [Test worker] DEBUG org.apache.http.headers - http-outgoing-67 >> Accept: application/json
02:36:25.539 [Test worker] DEBUG org.apache.http.headers - http-outgoing-67 >> User-Agent: Jersey/2.23.1 (Apache HttpClient 4.5.1)
02:36:25.540 [Test worker] DEBUG org.apache.http.headers - http-outgoing-67 >> Host: Thesis:2376
02:36:25.540 [Test worker] DEBUG org.apache.http.headers - http-outgoing-67 >> Connection: Keep-Alive
02:36:25.540 [Test worker] DEBUG org.apache.http.headers - http-outgoing-67 >> Accept-Encoding: gzip,deflate
02:36:25.540 [Test worker] DEBUG org.apache.http.wire - http-outgoing-67 >> "GET /volumes HTTP/1.1[\r][\n]"
02:36:25.540 [Test worker] DEBUG org.apache.http.wire - http-outgoing-67 >> "Accept: application/json[\r][\n]"
02:36:25.540 [Test worker] DEBUG org.apache.http.wire - http-outgoing-67 >> "User-Agent: Jersey/2.23.1 (Apache HttpClient 4.5.1)[\r][\n]"
02:36:25.540 [Test worker] DEBUG org.apache.http.wire - http-outgoing-67 >> "Host: Thesis:2376[\r][\n]"
02:36:25.541 [Test worker] DEBUG org.apache.http.wire - http-outgoing-67 >> "Connection: Keep-Alive[\r][\n]"
02:36:25.541 [Test worker] DEBUG org.apache.http.wire - http-outgoing-67 >> "Accept-Encoding: gzip,deflate[\r][\n]"
02:36:25.541 [Test worker] DEBUG org.apache.http.wire - http-outgoing-67 >> "[\r][\n]"
02:36:25.541 [Test worker] DEBUG org.apache.http.wire - http-outgoing-67 << "H"
02:36:25.541 [Test worker] DEBUG org.apache.http.wire - http-outgoing-67 << "TTP/1.1 200 OK[\r][\n]"
02:36:25.542 [Test worker] DEBUG org.apache.http.wire - http-outgoing-67 << "Content-Type: application/json[\r][\n]"
02:36:25.542 [Test worker] DEBUG org.apache.http.wire - http-outgoing-67 << "Server: Docker/1.12.3 (linux)[\r][\n]"
02:36:25.542 [Test worker] DEBUG org.apache.http.wire - http-outgoing-67 << "Date: Tue, 03 Jan 2017 01:36:25 GMT[\r][\n]"
02:36:25.542 [Test worker] DEBUG org.apache.http.wire - http-outgoing-67 << "Content-Length: 33[\r][\n]"
02:36:25.542 [Test worker] DEBUG org.apache.http.wire - http-outgoing-67 << "[\r][\n]"
02:36:25.542 [Test worker] DEBUG org.apache.http.wire - http-outgoing-67 << "{"Volumes":null,"Warnings":null}[\n]"
02:36:25.542 [Test worker] DEBUG org.apache.http.headers - http-outgoing-67 << HTTP/1.1 200 OK
02:36:25.542 [Test worker] DEBUG org.apache.http.headers - http-outgoing-67 << Content-Type: application/json
02:36:25.543 [Test worker] DEBUG org.apache.http.headers - http-outgoing-67 << Server: Docker/1.12.3 (linux)
02:36:25.543 [Test worker] DEBUG org.apache.http.headers - http-outgoing-67 << Date: Tue, 03 Jan 2017 01:36:25 GMT
02:36:25.543 [Test worker] DEBUG org.apache.http.headers - http-outgoing-67 << Content-Length: 33
02:36:25.543 [Test worker] DEBUG o.a.h.impl.execchain.MainClientExec - Connection can be kept alive indefinitely
02:36:25.544 [Test worker] DEBUG c.g.d.j.JerseyDockerCmdExecFactory - 6 * Client response received on thread Test worker
6 < 200
6 < Content-Length: 33
6 < Content-Type: application/json
6 < Date: Tue, 03 Jan 2017 01:36:25 GMT
6 < Server: Docker/1.12.3 (linux)
{"Volumes":null,"Warnings":null}


02:36:25.546 [Test worker] DEBUG o.a.h.i.c.DefaultManagedHttpClientConnection - http-outgoing-67: Close connection
02:36:25.546 [Test worker] DEBUG o.a.h.impl.execchain.MainClientExec - Connection discarded
02:36:25.546 [Test worker] DEBUG c.g.d.j.JerseyDockerCmdExecFactory$1 - Connection released: [id: 67][route: {s}->https://Thesis:2376][total kept alive: 1; route allocated: 1 of 2; total allocated: 1 of 20]
02:36:25.546 [Test worker] DEBUG c.g.d.core.command.AbstrDockerCmd - Cmd: MyNetwork,<null>,<null>,{},true,<null>,<null>,com.github.dockerjava.jaxrs.CreateNetworkCmdExec@72e9108f
02:36:25.547 [Test worker] DEBUG o.a.h.c.protocol.RequestAddCookies - CookieSpec selected: default
02:36:25.547 [Test worker] DEBUG o.a.h.c.protocol.RequestAuthCache - Auth cache not set in the context
02:36:25.547 [Test worker] DEBUG c.g.d.j.JerseyDockerCmdExecFactory$1 - Connection request: [route: {s}->https://Thesis:2376][total kept alive: 1; route allocated: 1 of 2; total allocated: 1 of 20]
02:36:25.548 [Test worker] DEBUG c.g.d.j.JerseyDockerCmdExecFactory$1 - Connection leased: [id: 68][route: {s}->https://Thesis:2376][total kept alive: 1; route allocated: 2 of 2; total allocated: 2 of 20]
02:36:25.548 [Test worker] DEBUG o.a.h.impl.execchain.MainClientExec - Opening connection {s}->https://Thesis:2376
02:36:25.548 [Test worker] DEBUG o.a.h.i.c.DefaultHttpClientConnectionOperator - Connecting to Thesis/127.0.1.1:2376
02:36:25.548 [Test worker] DEBUG o.a.h.c.s.SSLConnectionSocketFactory - Connecting socket to Thesis/127.0.1.1:2376 with timeout 0
02:36:25.550 [Test worker] DEBUG o.a.h.c.s.SSLConnectionSocketFactory - Enabled protocols: [TLSv1]
02:36:25.550 [Test worker] DEBUG o.a.h.c.s.SSLConnectionSocketFactory - Enabled cipher suites:[TLS_ECDHE_ECDSA_WITH_AES_128_CBC_SHA, TLS_ECDHE_RSA_WITH_AES_128_CBC_SHA, TLS_RSA_WITH_AES_128_CBC_SHA, TLS_ECDH_ECDSA_WITH_AES_128_CBC_SHA, TLS_ECDH_RSA_WITH_AES_128_CBC_SHA, TLS_DHE_RSA_WITH_AES_128_CBC_SHA, TLS_DHE_DSS_WITH_AES_128_CBC_SHA, TLS_ECDHE_ECDSA_WITH_3DES_EDE_CBC_SHA, TLS_ECDHE_RSA_WITH_3DES_EDE_CBC_SHA, SSL_RSA_WITH_3DES_EDE_CBC_SHA, TLS_ECDH_ECDSA_WITH_3DES_EDE_CBC_SHA, TLS_ECDH_RSA_WITH_3DES_EDE_CBC_SHA, SSL_DHE_RSA_WITH_3DES_EDE_CBC_SHA, SSL_DHE_DSS_WITH_3DES_EDE_CBC_SHA, TLS_ECDHE_ECDSA_WITH_RC4_128_SHA, TLS_ECDHE_RSA_WITH_RC4_128_SHA, SSL_RSA_WITH_RC4_128_SHA, TLS_ECDH_ECDSA_WITH_RC4_128_SHA, TLS_ECDH_RSA_WITH_RC4_128_SHA, SSL_RSA_WITH_RC4_128_MD5, TLS_EMPTY_RENEGOTIATION_INFO_SCSV]
02:36:25.550 [Test worker] DEBUG o.a.h.c.s.SSLConnectionSocketFactory - Starting handshake
02:36:25.613 [Test worker] DEBUG o.a.h.c.s.SSLConnectionSocketFactory - Secure session established
02:36:25.614 [Test worker] DEBUG o.a.h.c.s.SSLConnectionSocketFactory -  negotiated protocol: TLSv1
02:36:25.614 [Test worker] DEBUG o.a.h.c.s.SSLConnectionSocketFactory -  negotiated cipher suite: TLS_ECDHE_RSA_WITH_AES_128_CBC_SHA
02:36:25.614 [Test worker] DEBUG o.a.h.c.s.SSLConnectionSocketFactory -  peer principal: CN=Thesis
02:36:25.614 [Test worker] DEBUG o.a.h.c.s.SSLConnectionSocketFactory -  issuer principal: EMAILADDRESS=sha@yamil.com, CN=Thesis, OU=Open, O=Fra, L=BER, ST=BER, C=DE
02:36:25.614 [Test worker] DEBUG o.a.h.i.c.DefaultHttpClientConnectionOperator - Connection established 127.0.0.1:41436<->127.0.1.1:2376
02:36:25.615 [Test worker] DEBUG o.a.h.impl.execchain.MainClientExec - Executing request POST /networks/create HTTP/1.1
02:36:25.615 [Test worker] DEBUG o.a.h.impl.execchain.MainClientExec - Target auth state: UNCHALLENGED
02:36:25.615 [Test worker] DEBUG o.a.h.impl.execchain.MainClientExec - Proxy auth state: UNCHALLENGED
02:36:25.615 [Test worker] DEBUG org.apache.http.headers - http-outgoing-68 >> POST /networks/create HTTP/1.1
02:36:25.615 [Test worker] DEBUG org.apache.http.headers - http-outgoing-68 >> Accept: application/json
02:36:25.615 [Test worker] DEBUG org.apache.http.headers - http-outgoing-68 >> Content-Type: application/json
02:36:25.615 [Test worker] DEBUG org.apache.http.headers - http-outgoing-68 >> User-Agent: Jersey/2.23.1 (Apache HttpClient 4.5.1)
02:36:25.616 [Test worker] DEBUG org.apache.http.headers - http-outgoing-68 >> Transfer-Encoding: chunked
02:36:25.616 [Test worker] DEBUG org.apache.http.headers - http-outgoing-68 >> Host: Thesis:2376
02:36:25.616 [Test worker] DEBUG org.apache.http.headers - http-outgoing-68 >> Connection: Keep-Alive
02:36:25.616 [Test worker] DEBUG org.apache.http.headers - http-outgoing-68 >> Accept-Encoding: gzip,deflate
02:36:25.618 [Test worker] DEBUG c.g.d.j.JerseyDockerCmdExecFactory - 7 * Sending client request on thread Test worker
7 > POST https://Thesis:2376/networks/create
7 > Accept: application/json
7 > Content-Type: application/json
{"enableIPv6":null,"Name":"MyNetwork","Driver":null,"IPAM":null,"Options":{},"CheckDuplicate":true,"Internal":null,"EnableIPv6":null}

02:36:25.619 [Test worker] DEBUG org.apache.http.wire - http-outgoing-68 >> "POST /networks/create HTTP/1.1[\r][\n]"
02:36:25.619 [Test worker] DEBUG org.apache.http.wire - http-outgoing-68 >> "Accept: application/json[\r][\n]"
02:36:25.619 [Test worker] DEBUG org.apache.http.wire - http-outgoing-68 >> "Content-Type: application/json[\r][\n]"
02:36:25.619 [Test worker] DEBUG org.apache.http.wire - http-outgoing-68 >> "User-Agent: Jersey/2.23.1 (Apache HttpClient 4.5.1)[\r][\n]"
02:36:25.620 [Test worker] DEBUG org.apache.http.wire - http-outgoing-68 >> "Transfer-Encoding: chunked[\r][\n]"
02:36:25.620 [Test worker] DEBUG org.apache.http.wire - http-outgoing-68 >> "Host: Thesis:2376[\r][\n]"
02:36:25.620 [Test worker] DEBUG org.apache.http.wire - http-outgoing-68 >> "Connection: Keep-Alive[\r][\n]"
02:36:25.620 [Test worker] DEBUG org.apache.http.wire - http-outgoing-68 >> "Accept-Encoding: gzip,deflate[\r][\n]"
02:36:25.620 [Test worker] DEBUG org.apache.http.wire - http-outgoing-68 >> "[\r][\n]"
02:36:25.620 [Test worker] DEBUG org.apache.http.wire - http-outgoing-68 >> "85[\r][\n]"
02:36:25.620 [Test worker] DEBUG org.apache.http.wire - http-outgoing-68 >> "{"enableIPv6":null,"Name":"MyNetwork","Driver":null,"IPAM":null,"Options":{},"CheckDuplicate":true,"Internal":null,"EnableIPv6":null}[\r][\n]"
02:36:25.620 [Test worker] DEBUG org.apache.http.wire - http-outgoing-68 >> "0[\r][\n]"
02:36:25.621 [Test worker] DEBUG org.apache.http.wire - http-outgoing-68 >> "[\r][\n]"
02:36:25.704 [Test worker] DEBUG org.apache.http.wire - http-outgoing-68 << "H"
02:36:25.704 [Test worker] DEBUG org.apache.http.wire - http-outgoing-68 << "TTP/1.1 201 Created[\r][\n]"
02:36:25.704 [Test worker] DEBUG org.apache.http.wire - http-outgoing-68 << "Content-Type: application/json[\r][\n]"
02:36:25.704 [Test worker] DEBUG org.apache.http.wire - http-outgoing-68 << "Server: Docker/1.12.3 (linux)[\r][\n]"
02:36:25.704 [Test worker] DEBUG org.apache.http.wire - http-outgoing-68 << "Date: Tue, 03 Jan 2017 01:36:25 GMT[\r][\n]"
02:36:25.704 [Test worker] DEBUG org.apache.http.wire - http-outgoing-68 << "Content-Length: 87[\r][\n]"
02:36:25.704 [Test worker] DEBUG org.apache.http.wire - http-outgoing-68 << "[\r][\n]"
02:36:25.704 [Test worker] DEBUG org.apache.http.wire - http-outgoing-68 << "{"Id":"4327c76004bf5796f918c89d99f0d392c20bdf89433f3fad015f2956bf38b42b","Warning":""}[\n]"
02:36:25.704 [Test worker] DEBUG org.apache.http.headers - http-outgoing-68 << HTTP/1.1 201 Created
02:36:25.704 [Test worker] DEBUG org.apache.http.headers - http-outgoing-68 << Content-Type: application/json
02:36:25.704 [Test worker] DEBUG org.apache.http.headers - http-outgoing-68 << Server: Docker/1.12.3 (linux)
02:36:25.704 [Test worker] DEBUG org.apache.http.headers - http-outgoing-68 << Date: Tue, 03 Jan 2017 01:36:25 GMT
02:36:25.704 [Test worker] DEBUG org.apache.http.headers - http-outgoing-68 << Content-Length: 87
02:36:25.704 [Test worker] DEBUG o.a.h.impl.execchain.MainClientExec - Connection can be kept alive indefinitely
02:36:25.705 [Test worker] DEBUG c.g.d.j.JerseyDockerCmdExecFactory - 8 * Client response received on thread Test worker
8 < 201
8 < Content-Length: 87
8 < Content-Type: application/json
8 < Date: Tue, 03 Jan 2017 01:36:25 GMT
8 < Server: Docker/1.12.3 (linux)
{"Id":"4327c76004bf5796f918c89d99f0d392c20bdf89433f3fad015f2956bf38b42b","Warning":""}


02:36:25.706 [Test worker] DEBUG o.a.h.i.c.DefaultManagedHttpClientConnection - http-outgoing-68: Close connection
02:36:25.706 [Test worker] DEBUG o.a.h.impl.execchain.MainClientExec - Connection discarded
02:36:25.706 [Test worker] DEBUG c.g.d.j.JerseyDockerCmdExecFactory$1 - Connection released: [id: 68][route: {s}->https://Thesis:2376][total kept alive: 1; route allocated: 1 of 2; total allocated: 1 of 20]
02:36:25.706 [Test worker] DEBUG c.g.d.core.command.AbstrDockerCmd - Cmd: 4327c76004bf5796f918c89d99f0d392c20bdf89433f3fad015f2956bf38b42b,com.github.dockerjava.jaxrs.InspectNetworkCmdExec@51d07142
02:36:25.706 [Test worker] DEBUG c.g.d.jaxrs.ListNetworksCmdExec - GET: JerseyWebTarget { https://Thesis:2376/networks/4327c76004bf5796f918c89d99f0d392c20bdf89433f3fad015f2956bf38b42b }
02:36:25.706 [Test worker] DEBUG c.g.d.j.JerseyDockerCmdExecFactory - 9 * Sending client request on thread Test worker
9 > GET https://Thesis:2376/networks/4327c76004bf5796f918c89d99f0d392c20bdf89433f3fad015f2956bf38b42b
9 > Accept: application/json

02:36:25.707 [Test worker] DEBUG o.a.h.c.protocol.RequestAddCookies - CookieSpec selected: default
02:36:25.707 [Test worker] DEBUG o.a.h.c.protocol.RequestAuthCache - Auth cache not set in the context
02:36:25.707 [Test worker] DEBUG c.g.d.j.JerseyDockerCmdExecFactory$1 - Connection request: [route: {s}->https://Thesis:2376][total kept alive: 1; route allocated: 1 of 2; total allocated: 1 of 20]
02:36:25.707 [Test worker] DEBUG c.g.d.j.JerseyDockerCmdExecFactory$1 - Connection leased: [id: 69][route: {s}->https://Thesis:2376][total kept alive: 1; route allocated: 2 of 2; total allocated: 2 of 20]
02:36:25.707 [Test worker] DEBUG o.a.h.impl.execchain.MainClientExec - Opening connection {s}->https://Thesis:2376
02:36:25.707 [Test worker] DEBUG o.a.h.i.c.DefaultHttpClientConnectionOperator - Connecting to Thesis/127.0.1.1:2376
02:36:25.707 [Test worker] DEBUG o.a.h.c.s.SSLConnectionSocketFactory - Connecting socket to Thesis/127.0.1.1:2376 with timeout 0
02:36:25.716 [Test worker] DEBUG o.a.h.c.s.SSLConnectionSocketFactory - Enabled protocols: [TLSv1]
02:36:25.716 [Test worker] DEBUG o.a.h.c.s.SSLConnectionSocketFactory - Enabled cipher suites:[TLS_ECDHE_ECDSA_WITH_AES_128_CBC_SHA, TLS_ECDHE_RSA_WITH_AES_128_CBC_SHA, TLS_RSA_WITH_AES_128_CBC_SHA, TLS_ECDH_ECDSA_WITH_AES_128_CBC_SHA, TLS_ECDH_RSA_WITH_AES_128_CBC_SHA, TLS_DHE_RSA_WITH_AES_128_CBC_SHA, TLS_DHE_DSS_WITH_AES_128_CBC_SHA, TLS_ECDHE_ECDSA_WITH_3DES_EDE_CBC_SHA, TLS_ECDHE_RSA_WITH_3DES_EDE_CBC_SHA, SSL_RSA_WITH_3DES_EDE_CBC_SHA, TLS_ECDH_ECDSA_WITH_3DES_EDE_CBC_SHA, TLS_ECDH_RSA_WITH_3DES_EDE_CBC_SHA, SSL_DHE_RSA_WITH_3DES_EDE_CBC_SHA, SSL_DHE_DSS_WITH_3DES_EDE_CBC_SHA, TLS_ECDHE_ECDSA_WITH_RC4_128_SHA, TLS_ECDHE_RSA_WITH_RC4_128_SHA, SSL_RSA_WITH_RC4_128_SHA, TLS_ECDH_ECDSA_WITH_RC4_128_SHA, TLS_ECDH_RSA_WITH_RC4_128_SHA, SSL_RSA_WITH_RC4_128_MD5, TLS_EMPTY_RENEGOTIATION_INFO_SCSV]
02:36:25.719 [Test worker] DEBUG o.a.h.c.s.SSLConnectionSocketFactory - Starting handshake
02:36:25.818 [Test worker] DEBUG o.a.h.c.s.SSLConnectionSocketFactory - Secure session established
02:36:25.818 [Test worker] DEBUG o.a.h.c.s.SSLConnectionSocketFactory -  negotiated protocol: TLSv1
02:36:25.818 [Test worker] DEBUG o.a.h.c.s.SSLConnectionSocketFactory -  negotiated cipher suite: TLS_ECDHE_RSA_WITH_AES_128_CBC_SHA
02:36:25.818 [Test worker] DEBUG o.a.h.c.s.SSLConnectionSocketFactory -  peer principal: CN=Thesis
02:36:25.818 [Test worker] DEBUG o.a.h.c.s.SSLConnectionSocketFactory -  issuer principal: EMAILADDRESS=sha@yamil.com, CN=Thesis, OU=Open, O=Fra, L=BER, ST=BER, C=DE
02:36:25.818 [Test worker] DEBUG o.a.h.i.c.DefaultHttpClientConnectionOperator - Connection established 127.0.0.1:41438<->127.0.1.1:2376
02:36:25.819 [Test worker] DEBUG o.a.h.impl.execchain.MainClientExec - Executing request GET /networks/4327c76004bf5796f918c89d99f0d392c20bdf89433f3fad015f2956bf38b42b HTTP/1.1
02:36:25.819 [Test worker] DEBUG o.a.h.impl.execchain.MainClientExec - Target auth state: UNCHALLENGED
02:36:25.819 [Test worker] DEBUG o.a.h.impl.execchain.MainClientExec - Proxy auth state: UNCHALLENGED
02:36:25.819 [Test worker] DEBUG org.apache.http.headers - http-outgoing-69 >> GET /networks/4327c76004bf5796f918c89d99f0d392c20bdf89433f3fad015f2956bf38b42b HTTP/1.1
02:36:25.819 [Test worker] DEBUG org.apache.http.headers - http-outgoing-69 >> Accept: application/json
02:36:25.819 [Test worker] DEBUG org.apache.http.headers - http-outgoing-69 >> User-Agent: Jersey/2.23.1 (Apache HttpClient 4.5.1)
02:36:25.820 [Test worker] DEBUG org.apache.http.headers - http-outgoing-69 >> Host: Thesis:2376
02:36:25.820 [Test worker] DEBUG org.apache.http.headers - http-outgoing-69 >> Connection: Keep-Alive
02:36:25.820 [Test worker] DEBUG org.apache.http.headers - http-outgoing-69 >> Accept-Encoding: gzip,deflate
02:36:25.820 [Test worker] DEBUG org.apache.http.wire - http-outgoing-69 >> "GET /networks/4327c76004bf5796f918c89d99f0d392c20bdf89433f3fad015f2956bf38b42b HTTP/1.1[\r][\n]"
02:36:25.820 [Test worker] DEBUG org.apache.http.wire - http-outgoing-69 >> "Accept: application/json[\r][\n]"
02:36:25.820 [Test worker] DEBUG org.apache.http.wire - http-outgoing-69 >> "User-Agent: Jersey/2.23.1 (Apache HttpClient 4.5.1)[\r][\n]"
02:36:25.820 [Test worker] DEBUG org.apache.http.wire - http-outgoing-69 >> "Host: Thesis:2376[\r][\n]"
02:36:25.820 [Test worker] DEBUG org.apache.http.wire - http-outgoing-69 >> "Connection: Keep-Alive[\r][\n]"
02:36:25.821 [Test worker] DEBUG org.apache.http.wire - http-outgoing-69 >> "Accept-Encoding: gzip,deflate[\r][\n]"
02:36:25.821 [Test worker] DEBUG org.apache.http.wire - http-outgoing-69 >> "[\r][\n]"
02:36:25.821 [Test worker] DEBUG org.apache.http.wire - http-outgoing-69 << "H"
02:36:25.821 [Test worker] DEBUG org.apache.http.wire - http-outgoing-69 << "TTP/1.1 200 OK[\r][\n]"
02:36:25.822 [Test worker] DEBUG org.apache.http.wire - http-outgoing-69 << "Content-Type: application/json[\r][\n]"
02:36:25.822 [Test worker] DEBUG org.apache.http.wire - http-outgoing-69 << "Server: Docker/1.12.3 (linux)[\r][\n]"
02:36:25.822 [Test worker] DEBUG org.apache.http.wire - http-outgoing-69 << "Date: Tue, 03 Jan 2017 01:36:25 GMT[\r][\n]"
02:36:25.822 [Test worker] DEBUG org.apache.http.wire - http-outgoing-69 << "Content-Length: 311[\r][\n]"
02:36:25.822 [Test worker] DEBUG org.apache.http.wire - http-outgoing-69 << "[\r][\n]"
02:36:25.822 [Test worker] DEBUG org.apache.http.wire - http-outgoing-69 << "{"Name":"MyNetwork","Id":"4327c76004bf5796f918c89d99f0d392c20bdf89433f3fad015f2956bf38b42b","Scope":"local","Driver":"bridge","EnableIPv6":false,"IPAM":{"Driver":"default","Options":null,"Config":[{"Subnet":"172.18.0.0/16","Gateway":"172.18.0.1/16"}]},"Internal":false,"Containers":{},"Options":{},"Labels":{}}[\n]"
02:36:25.822 [Test worker] DEBUG org.apache.http.headers - http-outgoing-69 << HTTP/1.1 200 OK
02:36:25.823 [Test worker] DEBUG org.apache.http.headers - http-outgoing-69 << Content-Type: application/json
02:36:25.823 [Test worker] DEBUG org.apache.http.headers - http-outgoing-69 << Server: Docker/1.12.3 (linux)
02:36:25.823 [Test worker] DEBUG org.apache.http.headers - http-outgoing-69 << Date: Tue, 03 Jan 2017 01:36:25 GMT
02:36:25.823 [Test worker] DEBUG org.apache.http.headers - http-outgoing-69 << Content-Length: 311
02:36:25.823 [Test worker] DEBUG o.a.h.impl.execchain.MainClientExec - Connection can be kept alive indefinitely
02:36:25.824 [Test worker] DEBUG c.g.d.j.JerseyDockerCmdExecFactory - 10 * Client response received on thread Test worker
10 < 200
10 < Content-Length: 311
10 < Content-Type: application/json
10 < Date: Tue, 03 Jan 2017 01:36:25 GMT
10 < Server: Docker/1.12.3 (linux)
{"Name":"MyNetwork","Id":"4327c76004bf5796f918c89d99f0d392c20bdf89433f3fad015f2956bf38b42b","Scope":"local","Driver":"bridge","EnableIPv6":false,"IPAM":{"Driver":"default","Options":null,"Config":[{"Subnet":"172.18.0.0/16","Gateway":"172.18.0.1/16"}]},"Internal":false,"Containers":{},"Options":{},"Labels":{}}


02:36:25.825 [Test worker] DEBUG o.a.h.i.c.DefaultManagedHttpClientConnection - http-outgoing-69: Close connection
02:36:25.825 [Test worker] DEBUG o.a.h.impl.execchain.MainClientExec - Connection discarded
02:36:25.825 [Test worker] DEBUG c.g.d.j.JerseyDockerCmdExecFactory$1 - Connection released: [id: 69][route: {s}->https://Thesis:2376][total kept alive: 1; route allocated: 1 of 2; total allocated: 1 of 20]
02:36:25.826 [Test worker] DEBUG org.openbaton.docker.DockerVim - Network successfully created
02:36:25.826 [Test worker] DEBUG c.g.d.core.command.AbstrDockerCmd - Cmd: com.github.dockerjava.core.util.FiltersBuilder@0,com.github.dockerjava.jaxrs.ListNetworksCmdExec@59c81460
02:36:25.826 [Test worker] DEBUG c.g.d.j.JerseyDockerCmdExecFactory - 11 * Sending client request on thread Test worker
11 > GET https://Thesis:2376/networks
11 > Accept: application/json

02:36:25.827 [Test worker] DEBUG o.a.h.c.protocol.RequestAddCookies - CookieSpec selected: default
02:36:25.827 [Test worker] DEBUG o.a.h.c.protocol.RequestAuthCache - Auth cache not set in the context
02:36:25.827 [Test worker] DEBUG c.g.d.j.JerseyDockerCmdExecFactory$1 - Connection request: [route: {s}->https://Thesis:2376][total kept alive: 1; route allocated: 1 of 2; total allocated: 1 of 20]
02:36:25.827 [Test worker] DEBUG c.g.d.j.JerseyDockerCmdExecFactory$1 - Connection leased: [id: 70][route: {s}->https://Thesis:2376][total kept alive: 1; route allocated: 2 of 2; total allocated: 2 of 20]
02:36:25.827 [Test worker] DEBUG o.a.h.impl.execchain.MainClientExec - Opening connection {s}->https://Thesis:2376
02:36:25.828 [Test worker] DEBUG o.a.h.i.c.DefaultHttpClientConnectionOperator - Connecting to Thesis/127.0.1.1:2376
02:36:25.828 [Test worker] DEBUG o.a.h.c.s.SSLConnectionSocketFactory - Connecting socket to Thesis/127.0.1.1:2376 with timeout 0
02:36:25.830 [Test worker] DEBUG o.a.h.c.s.SSLConnectionSocketFactory - Enabled protocols: [TLSv1]
02:36:25.830 [Test worker] DEBUG o.a.h.c.s.SSLConnectionSocketFactory - Enabled cipher suites:[TLS_ECDHE_ECDSA_WITH_AES_128_CBC_SHA, TLS_ECDHE_RSA_WITH_AES_128_CBC_SHA, TLS_RSA_WITH_AES_128_CBC_SHA, TLS_ECDH_ECDSA_WITH_AES_128_CBC_SHA, TLS_ECDH_RSA_WITH_AES_128_CBC_SHA, TLS_DHE_RSA_WITH_AES_128_CBC_SHA, TLS_DHE_DSS_WITH_AES_128_CBC_SHA, TLS_ECDHE_ECDSA_WITH_3DES_EDE_CBC_SHA, TLS_ECDHE_RSA_WITH_3DES_EDE_CBC_SHA, SSL_RSA_WITH_3DES_EDE_CBC_SHA, TLS_ECDH_ECDSA_WITH_3DES_EDE_CBC_SHA, TLS_ECDH_RSA_WITH_3DES_EDE_CBC_SHA, SSL_DHE_RSA_WITH_3DES_EDE_CBC_SHA, SSL_DHE_DSS_WITH_3DES_EDE_CBC_SHA, TLS_ECDHE_ECDSA_WITH_RC4_128_SHA, TLS_ECDHE_RSA_WITH_RC4_128_SHA, SSL_RSA_WITH_RC4_128_SHA, TLS_ECDH_ECDSA_WITH_RC4_128_SHA, TLS_ECDH_RSA_WITH_RC4_128_SHA, SSL_RSA_WITH_RC4_128_MD5, TLS_EMPTY_RENEGOTIATION_INFO_SCSV]
02:36:25.830 [Test worker] DEBUG o.a.h.c.s.SSLConnectionSocketFactory - Starting handshake
02:36:25.889 [Test worker] DEBUG o.a.h.c.s.SSLConnectionSocketFactory - Secure session established
02:36:25.889 [Test worker] DEBUG o.a.h.c.s.SSLConnectionSocketFactory -  negotiated protocol: TLSv1
02:36:25.890 [Test worker] DEBUG o.a.h.c.s.SSLConnectionSocketFactory -  negotiated cipher suite: TLS_ECDHE_RSA_WITH_AES_128_CBC_SHA
02:36:25.890 [Test worker] DEBUG o.a.h.c.s.SSLConnectionSocketFactory -  peer principal: CN=Thesis
02:36:25.890 [Test worker] DEBUG o.a.h.c.s.SSLConnectionSocketFactory -  issuer principal: EMAILADDRESS=sha@yamil.com, CN=Thesis, OU=Open, O=Fra, L=BER, ST=BER, C=DE
02:36:25.890 [Test worker] DEBUG o.a.h.i.c.DefaultHttpClientConnectionOperator - Connection established 127.0.0.1:41440<->127.0.1.1:2376
02:36:25.890 [Test worker] DEBUG o.a.h.impl.execchain.MainClientExec - Executing request GET /networks HTTP/1.1
02:36:25.890 [Test worker] DEBUG o.a.h.impl.execchain.MainClientExec - Target auth state: UNCHALLENGED
02:36:25.891 [Test worker] DEBUG o.a.h.impl.execchain.MainClientExec - Proxy auth state: UNCHALLENGED
02:36:25.891 [Test worker] DEBUG org.apache.http.headers - http-outgoing-70 >> GET /networks HTTP/1.1
02:36:25.891 [Test worker] DEBUG org.apache.http.headers - http-outgoing-70 >> Accept: application/json
02:36:25.891 [Test worker] DEBUG org.apache.http.headers - http-outgoing-70 >> User-Agent: Jersey/2.23.1 (Apache HttpClient 4.5.1)
02:36:25.891 [Test worker] DEBUG org.apache.http.headers - http-outgoing-70 >> Host: Thesis:2376
02:36:25.891 [Test worker] DEBUG org.apache.http.headers - http-outgoing-70 >> Connection: Keep-Alive
02:36:25.891 [Test worker] DEBUG org.apache.http.headers - http-outgoing-70 >> Accept-Encoding: gzip,deflate
02:36:25.892 [Test worker] DEBUG org.apache.http.wire - http-outgoing-70 >> "GET /networks HTTP/1.1[\r][\n]"
02:36:25.892 [Test worker] DEBUG org.apache.http.wire - http-outgoing-70 >> "Accept: application/json[\r][\n]"
02:36:25.892 [Test worker] DEBUG org.apache.http.wire - http-outgoing-70 >> "User-Agent: Jersey/2.23.1 (Apache HttpClient 4.5.1)[\r][\n]"
02:36:25.892 [Test worker] DEBUG org.apache.http.wire - http-outgoing-70 >> "Host: Thesis:2376[\r][\n]"
02:36:25.892 [Test worker] DEBUG org.apache.http.wire - http-outgoing-70 >> "Connection: Keep-Alive[\r][\n]"
02:36:25.892 [Test worker] DEBUG org.apache.http.wire - http-outgoing-70 >> "Accept-Encoding: gzip,deflate[\r][\n]"
02:36:25.892 [Test worker] DEBUG org.apache.http.wire - http-outgoing-70 >> "[\r][\n]"
02:36:25.893 [Test worker] DEBUG org.apache.http.wire - http-outgoing-70 << "H"
02:36:25.893 [Test worker] DEBUG org.apache.http.wire - http-outgoing-70 << "TTP/1.1 200 OK[\r][\n]"
02:36:25.893 [Test worker] DEBUG org.apache.http.wire - http-outgoing-70 << "Content-Type: application/json[\r][\n]"
02:36:25.893 [Test worker] DEBUG org.apache.http.wire - http-outgoing-70 << "Server: Docker/1.12.3 (linux)[\r][\n]"
02:36:25.893 [Test worker] DEBUG org.apache.http.wire - http-outgoing-70 << "Date: Tue, 03 Jan 2017 01:36:25 GMT[\r][\n]"
02:36:25.894 [Test worker] DEBUG org.apache.http.wire - http-outgoing-70 << "Content-Length: 1411[\r][\n]"
02:36:25.894 [Test worker] DEBUG org.apache.http.wire - http-outgoing-70 << "[\r][\n]"
02:36:25.894 [Test worker] DEBUG org.apache.http.wire - http-outgoing-70 << "[{"Name":"MyNetwork","Id":"4327c76004bf5796f918c89d99f0d392c20bdf89433f3fad015f2956bf38b42b","Scope":"local","Driver":"bridge","EnableIPv6":false,"IPAM":{"Driver":"default","Options":null,"Config":[{"Subnet":"172.18.0.0/16","Gateway":"172.18.0.1/16"}]},"Internal":false,"Containers":{},"Options":{},"Labels":{}},{"Name":"none","Id":"4d89c194eb79cd2beb38458d10a1b98c74d6b8462af72afde29ae7aca53ed5ca","Scope":"local","Driver":"null","EnableIPv6":false,"IPAM":{"Driver":"default","Options":null,"Config":[]},"Internal":false,"Containers":{},"Options":{},"Labels":{}},{"Name":"bridge","Id":"e0d36057aa1769e9fd52ba88be81b698b495f9b6b4946d0f98f24d971a27fc98","Scope":"local","Driver":"bridge","EnableIPv6":false,"IPAM":{"Driver":"default","Options":null,"Config":[{"Subnet":"172.17.0.0/16","Gateway":"172.17.0.1"}]},"Internal":false,"Containers":{},"Options":{"com.docker.network.bridge.default_bridge":"true","com.docker.network.bridge.enable_icc":"true","com.docker.network.bridge.enable_ip_masquerade":"true","com.docker.network.bridge.host_binding_ipv4":"0.0.0.0","com.docker.network.bridge.name":"docker0","com.docker.network.driver.mtu":"1500"},"Labels":{}},{"Name":"host","Id":"fe042b0866671b5be4f097ba43830c0a02959c058702d18e18c14a24d88a357d","Scope":"local","Driver":"host","EnableIPv6":false,"IPAM":{"Driver":"default","Options":null,"Config":[]},"Internal":false,"Containers":{},"Options":{},"Labels":{}}][\n]"
02:36:25.894 [Test worker] DEBUG org.apache.http.headers - http-outgoing-70 << HTTP/1.1 200 OK
02:36:25.894 [Test worker] DEBUG org.apache.http.headers - http-outgoing-70 << Content-Type: application/json
02:36:25.894 [Test worker] DEBUG org.apache.http.headers - http-outgoing-70 << Server: Docker/1.12.3 (linux)
02:36:25.894 [Test worker] DEBUG org.apache.http.headers - http-outgoing-70 << Date: Tue, 03 Jan 2017 01:36:25 GMT
02:36:25.895 [Test worker] DEBUG org.apache.http.headers - http-outgoing-70 << Content-Length: 1411
02:36:25.895 [Test worker] DEBUG o.a.h.impl.execchain.MainClientExec - Connection can be kept alive indefinitely
02:36:25.896 [Test worker] DEBUG c.g.d.j.JerseyDockerCmdExecFactory - 12 * Client response received on thread Test worker
12 < 200
12 < Content-Length: 1411
12 < Content-Type: application/json
12 < Date: Tue, 03 Jan 2017 01:36:25 GMT
12 < Server: Docker/1.12.3 (linux)
[{"Name":"MyNetwork","Id":"4327c76004bf5796f918c89d99f0d392c20bdf89433f3fad015f2956bf38b42b","Scope":"local","Driver":"bridge","EnableIPv6":false,"IPAM":{"Driver":"default","Options":null,"Config":[{"Subnet":"172.18.0.0/16","Gateway":"172.18.0.1/16"}]},"Internal":false,"Containers":{},"Options":{},"Labels":{}},{"Name":"none","Id":"4d89c194eb79cd2beb38458d10a1b98c74d6b8462af72afde29ae7aca53ed5ca","Scope":"local","Driver":"null","EnableIPv6":false,"IPAM":{"Driver":"default","Options":null,"Config":[]},"Internal":false,"Containers":{},"Options":{},"Labels":{}},{"Name":"bridge","Id":"e0d36057aa1769e9fd52ba88be81b698b495f9b6b4946d0f98f24d971a27fc98","Scope":"local","Driver":"bridge","EnableIPv6":false,"IPAM":{"Driver":"default","Options":null,"Config":[{"Subnet":"172.17.0.0/16","Gateway":"172.17.0.1"}]},"Internal":false,"Containers":{},"Options":{"com.docker.network.bridge.default_bridge":"true","com.docker.network.bridge.enable_icc":"true","com.docker.network.bridge.enable_ip_masquerade":"true","com.docker.network.bridge.host_binding_ipv4":"0.0.0.0","com.docker.network.bridge.name":"docker0","com.docker.network.driver.mtu":"1500"},"Labels":{}},{"Name":"host","Id":"fe042b0866671b5be4f097ba43830c0a02959c058702d18e18c14a24d88a357d","Scope":"local","Driver":"host","EnableIPv6":false,"IPAM":{"Driver":"default","Options":null,"Config":[]},"Internal":false,"Containers":{},"Options":{},"Labels":{}}]


02:36:25.897 [Test worker] DEBUG o.a.h.i.c.DefaultManagedHttpClientConnection - http-outgoing-70: Close connection
02:36:25.898 [Test worker] DEBUG o.a.h.impl.execchain.MainClientExec - Connection discarded
02:36:25.898 [Test worker] DEBUG c.g.d.j.JerseyDockerCmdExecFactory$1 - Connection released: [id: 70][route: {s}->https://Thesis:2376][total kept alive: 1; route allocated: 1 of 2; total allocated: 1 of 20]
02:36:25.898 [Test worker] DEBUG org.openbaton.docker.DockerVim - Found a docker network, transformed into a NFV network Network{id='4327c76004bf5796f918c89d99f0d392c20bdf89433f3fad015f2956bf38b42b', name='MyNetwork', extId='null', external=false, shared=false, subnets=[Subnet{id='null', version=0, name='bridge', extId='null', networkId='172.18.0.0/16', cidr='null', gatewayIp='172.18.0.1/16'}]}
02:36:25.898 [Test worker] DEBUG c.g.d.core.command.AbstrDockerCmd - Cmd: -1,<null>,true,<null>,<null>,com.github.dockerjava.core.util.FiltersBuilder@0,com.github.dockerjava.jaxrs.ListContainersCmdExec@5cc0a9f2
02:36:25.899 [Test worker] DEBUG c.g.d.j.JerseyDockerCmdExecFactory - 13 * Sending client request on thread Test worker
13 > GET https://Thesis:2376/containers/json?all=true
13 > Accept: application/json

02:36:25.899 [Test worker] DEBUG o.a.h.c.protocol.RequestAddCookies - CookieSpec selected: default
02:36:25.899 [Test worker] DEBUG o.a.h.c.protocol.RequestAuthCache - Auth cache not set in the context
02:36:25.900 [Test worker] DEBUG c.g.d.j.JerseyDockerCmdExecFactory$1 - Connection request: [route: {s}->https://Thesis:2376][total kept alive: 1; route allocated: 1 of 2; total allocated: 1 of 20]
02:36:25.900 [Test worker] DEBUG c.g.d.j.JerseyDockerCmdExecFactory$1 - Connection leased: [id: 71][route: {s}->https://Thesis:2376][total kept alive: 1; route allocated: 2 of 2; total allocated: 2 of 20]
02:36:25.900 [Test worker] DEBUG o.a.h.impl.execchain.MainClientExec - Opening connection {s}->https://Thesis:2376
02:36:25.900 [Test worker] DEBUG o.a.h.i.c.DefaultHttpClientConnectionOperator - Connecting to Thesis/127.0.1.1:2376
02:36:25.900 [Test worker] DEBUG o.a.h.c.s.SSLConnectionSocketFactory - Connecting socket to Thesis/127.0.1.1:2376 with timeout 0
02:36:25.902 [Test worker] DEBUG o.a.h.c.s.SSLConnectionSocketFactory - Enabled protocols: [TLSv1]
02:36:25.902 [Test worker] DEBUG o.a.h.c.s.SSLConnectionSocketFactory - Enabled cipher suites:[TLS_ECDHE_ECDSA_WITH_AES_128_CBC_SHA, TLS_ECDHE_RSA_WITH_AES_128_CBC_SHA, TLS_RSA_WITH_AES_128_CBC_SHA, TLS_ECDH_ECDSA_WITH_AES_128_CBC_SHA, TLS_ECDH_RSA_WITH_AES_128_CBC_SHA, TLS_DHE_RSA_WITH_AES_128_CBC_SHA, TLS_DHE_DSS_WITH_AES_128_CBC_SHA, TLS_ECDHE_ECDSA_WITH_3DES_EDE_CBC_SHA, TLS_ECDHE_RSA_WITH_3DES_EDE_CBC_SHA, SSL_RSA_WITH_3DES_EDE_CBC_SHA, TLS_ECDH_ECDSA_WITH_3DES_EDE_CBC_SHA, TLS_ECDH_RSA_WITH_3DES_EDE_CBC_SHA, SSL_DHE_RSA_WITH_3DES_EDE_CBC_SHA, SSL_DHE_DSS_WITH_3DES_EDE_CBC_SHA, TLS_ECDHE_ECDSA_WITH_RC4_128_SHA, TLS_ECDHE_RSA_WITH_RC4_128_SHA, SSL_RSA_WITH_RC4_128_SHA, TLS_ECDH_ECDSA_WITH_RC4_128_SHA, TLS_ECDH_RSA_WITH_RC4_128_SHA, SSL_RSA_WITH_RC4_128_MD5, TLS_EMPTY_RENEGOTIATION_INFO_SCSV]
02:36:25.902 [Test worker] DEBUG o.a.h.c.s.SSLConnectionSocketFactory - Starting handshake
02:36:25.973 [Test worker] DEBUG o.a.h.c.s.SSLConnectionSocketFactory - Secure session established
02:36:25.974 [Test worker] DEBUG o.a.h.c.s.SSLConnectionSocketFactory -  negotiated protocol: TLSv1
02:36:25.974 [Test worker] DEBUG o.a.h.c.s.SSLConnectionSocketFactory -  negotiated cipher suite: TLS_ECDHE_RSA_WITH_AES_128_CBC_SHA
02:36:25.974 [Test worker] DEBUG o.a.h.c.s.SSLConnectionSocketFactory -  peer principal: CN=Thesis
02:36:25.974 [Test worker] DEBUG o.a.h.c.s.SSLConnectionSocketFactory -  issuer principal: EMAILADDRESS=sha@yamil.com, CN=Thesis, OU=Open, O=Fra, L=BER, ST=BER, C=DE
02:36:25.974 [Test worker] DEBUG o.a.h.i.c.DefaultHttpClientConnectionOperator - Connection established 127.0.0.1:41442<->127.0.1.1:2376
02:36:25.974 [Test worker] DEBUG o.a.h.impl.execchain.MainClientExec - Executing request GET /containers/json?all=true HTTP/1.1
02:36:25.975 [Test worker] DEBUG o.a.h.impl.execchain.MainClientExec - Target auth state: UNCHALLENGED
02:36:25.975 [Test worker] DEBUG o.a.h.impl.execchain.MainClientExec - Proxy auth state: UNCHALLENGED
02:36:25.975 [Test worker] DEBUG org.apache.http.headers - http-outgoing-71 >> GET /containers/json?all=true HTTP/1.1
02:36:25.975 [Test worker] DEBUG org.apache.http.headers - http-outgoing-71 >> Accept: application/json
02:36:25.975 [Test worker] DEBUG org.apache.http.headers - http-outgoing-71 >> User-Agent: Jersey/2.23.1 (Apache HttpClient 4.5.1)
02:36:25.975 [Test worker] DEBUG org.apache.http.headers - http-outgoing-71 >> Host: Thesis:2376
02:36:25.975 [Test worker] DEBUG org.apache.http.headers - http-outgoing-71 >> Connection: Keep-Alive
02:36:25.976 [Test worker] DEBUG org.apache.http.headers - http-outgoing-71 >> Accept-Encoding: gzip,deflate
02:36:25.976 [Test worker] DEBUG org.apache.http.wire - http-outgoing-71 >> "GET /containers/json?all=true HTTP/1.1[\r][\n]"
02:36:25.976 [Test worker] DEBUG org.apache.http.wire - http-outgoing-71 >> "Accept: application/json[\r][\n]"
02:36:25.976 [Test worker] DEBUG org.apache.http.wire - http-outgoing-71 >> "User-Agent: Jersey/2.23.1 (Apache HttpClient 4.5.1)[\r][\n]"
02:36:25.976 [Test worker] DEBUG org.apache.http.wire - http-outgoing-71 >> "Host: Thesis:2376[\r][\n]"
02:36:25.976 [Test worker] DEBUG org.apache.http.wire - http-outgoing-71 >> "Connection: Keep-Alive[\r][\n]"
02:36:25.976 [Test worker] DEBUG org.apache.http.wire - http-outgoing-71 >> "Accept-Encoding: gzip,deflate[\r][\n]"
02:36:25.976 [Test worker] DEBUG org.apache.http.wire - http-outgoing-71 >> "[\r][\n]"
02:36:25.977 [Test worker] DEBUG org.apache.http.wire - http-outgoing-71 << "H"
02:36:25.977 [Test worker] DEBUG org.apache.http.wire - http-outgoing-71 << "TTP/1.1 200 OK[\r][\n]"
02:36:25.977 [Test worker] DEBUG org.apache.http.wire - http-outgoing-71 << "Content-Type: application/json[\r][\n]"
02:36:25.977 [Test worker] DEBUG org.apache.http.wire - http-outgoing-71 << "Server: Docker/1.12.3 (linux)[\r][\n]"
02:36:25.977 [Test worker] DEBUG org.apache.http.wire - http-outgoing-71 << "Date: Tue, 03 Jan 2017 01:36:25 GMT[\r][\n]"
02:36:25.978 [Test worker] DEBUG org.apache.http.wire - http-outgoing-71 << "Content-Length: 3[\r][\n]"
02:36:25.978 [Test worker] DEBUG org.apache.http.wire - http-outgoing-71 << "[\r][\n]"
02:36:25.978 [Test worker] DEBUG org.apache.http.wire - http-outgoing-71 << "[][\n]"
02:36:25.978 [Test worker] DEBUG org.apache.http.headers - http-outgoing-71 << HTTP/1.1 200 OK
02:36:25.978 [Test worker] DEBUG org.apache.http.headers - http-outgoing-71 << Content-Type: application/json
02:36:25.978 [Test worker] DEBUG org.apache.http.headers - http-outgoing-71 << Server: Docker/1.12.3 (linux)
02:36:25.978 [Test worker] DEBUG org.apache.http.headers - http-outgoing-71 << Date: Tue, 03 Jan 2017 01:36:25 GMT
02:36:25.979 [Test worker] DEBUG org.apache.http.headers - http-outgoing-71 << Content-Length: 3
02:36:25.979 [Test worker] DEBUG o.a.h.impl.execchain.MainClientExec - Connection can be kept alive indefinitely
02:36:25.979 [Test worker] DEBUG c.g.d.j.JerseyDockerCmdExecFactory - 14 * Client response received on thread Test worker
14 < 200
14 < Content-Length: 3
14 < Content-Type: application/json
14 < Date: Tue, 03 Jan 2017 01:36:25 GMT
14 < Server: Docker/1.12.3 (linux)
[]


02:36:25.980 [Test worker] DEBUG c.g.d.j.JerseyDockerCmdExecFactory$1 - Connection [id: 71][route: {s}->https://Thesis:2376][state: CN=Thesis] can be kept alive indefinitely
02:36:25.980 [Test worker] DEBUG c.g.d.j.JerseyDockerCmdExecFactory$1 - Connection released: [id: 71][route: {s}->https://Thesis:2376][state: CN=Thesis][total kept alive: 2; route allocated: 2 of 2; total allocated: 2 of 20]
02:36:25.981 [Test worker] DEBUG c.g.d.core.command.AbstrDockerCmd - Cmd: com.github.dockerjava.core.util.FiltersBuilder@0,com.github.dockerjava.jaxrs.ListNetworksCmdExec@346022e2
02:36:25.981 [Test worker] DEBUG c.g.d.j.JerseyDockerCmdExecFactory - 15 * Sending client request on thread Test worker
15 > GET https://Thesis:2376/networks
15 > Accept: application/json

02:36:25.982 [Test worker] DEBUG o.a.h.c.protocol.RequestAddCookies - CookieSpec selected: default
02:36:25.982 [Test worker] DEBUG o.a.h.c.protocol.RequestAuthCache - Auth cache not set in the context
02:36:25.982 [Test worker] DEBUG c.g.d.j.JerseyDockerCmdExecFactory$1 - Connection request: [route: {s}->https://Thesis:2376][total kept alive: 2; route allocated: 2 of 2; total allocated: 2 of 20]
02:36:25.982 [Test worker] DEBUG o.a.h.i.c.DefaultManagedHttpClientConnection - http-outgoing-65: Close connection
02:36:25.982 [Test worker] DEBUG c.g.d.j.JerseyDockerCmdExecFactory$1 - Connection leased: [id: 72][route: {s}->https://Thesis:2376][total kept alive: 1; route allocated: 2 of 2; total allocated: 2 of 20]
02:36:25.983 [Test worker] DEBUG o.a.h.impl.execchain.MainClientExec - Opening connection {s}->https://Thesis:2376
02:36:25.983 [Test worker] DEBUG o.a.h.i.c.DefaultHttpClientConnectionOperator - Connecting to Thesis/127.0.1.1:2376
02:36:25.983 [Test worker] DEBUG o.a.h.c.s.SSLConnectionSocketFactory - Connecting socket to Thesis/127.0.1.1:2376 with timeout 0
02:36:25.984 [Test worker] DEBUG o.a.h.c.s.SSLConnectionSocketFactory - Enabled protocols: [TLSv1]
02:36:25.984 [Test worker] DEBUG o.a.h.c.s.SSLConnectionSocketFactory - Enabled cipher suites:[TLS_ECDHE_ECDSA_WITH_AES_128_CBC_SHA, TLS_ECDHE_RSA_WITH_AES_128_CBC_SHA, TLS_RSA_WITH_AES_128_CBC_SHA, TLS_ECDH_ECDSA_WITH_AES_128_CBC_SHA, TLS_ECDH_RSA_WITH_AES_128_CBC_SHA, TLS_DHE_RSA_WITH_AES_128_CBC_SHA, TLS_DHE_DSS_WITH_AES_128_CBC_SHA, TLS_ECDHE_ECDSA_WITH_3DES_EDE_CBC_SHA, TLS_ECDHE_RSA_WITH_3DES_EDE_CBC_SHA, SSL_RSA_WITH_3DES_EDE_CBC_SHA, TLS_ECDH_ECDSA_WITH_3DES_EDE_CBC_SHA, TLS_ECDH_RSA_WITH_3DES_EDE_CBC_SHA, SSL_DHE_RSA_WITH_3DES_EDE_CBC_SHA, SSL_DHE_DSS_WITH_3DES_EDE_CBC_SHA, TLS_ECDHE_ECDSA_WITH_RC4_128_SHA, TLS_ECDHE_RSA_WITH_RC4_128_SHA, SSL_RSA_WITH_RC4_128_SHA, TLS_ECDH_ECDSA_WITH_RC4_128_SHA, TLS_ECDH_RSA_WITH_RC4_128_SHA, SSL_RSA_WITH_RC4_128_MD5, TLS_EMPTY_RENEGOTIATION_INFO_SCSV]
02:36:25.984 [Test worker] DEBUG o.a.h.c.s.SSLConnectionSocketFactory - Starting handshake
02:36:26.057 [Test worker] DEBUG o.a.h.c.s.SSLConnectionSocketFactory - Secure session established
02:36:26.058 [Test worker] DEBUG o.a.h.c.s.SSLConnectionSocketFactory -  negotiated protocol: TLSv1
02:36:26.058 [Test worker] DEBUG o.a.h.c.s.SSLConnectionSocketFactory -  negotiated cipher suite: TLS_ECDHE_RSA_WITH_AES_128_CBC_SHA
02:36:26.058 [Test worker] DEBUG o.a.h.c.s.SSLConnectionSocketFactory -  peer principal: CN=Thesis
02:36:26.058 [Test worker] DEBUG o.a.h.c.s.SSLConnectionSocketFactory -  issuer principal: EMAILADDRESS=sha@yamil.com, CN=Thesis, OU=Open, O=Fra, L=BER, ST=BER, C=DE
02:36:26.058 [Test worker] DEBUG o.a.h.i.c.DefaultHttpClientConnectionOperator - Connection established 127.0.0.1:41444<->127.0.1.1:2376
02:36:26.058 [Test worker] DEBUG o.a.h.impl.execchain.MainClientExec - Executing request GET /networks HTTP/1.1
02:36:26.059 [Test worker] DEBUG o.a.h.impl.execchain.MainClientExec - Target auth state: UNCHALLENGED
02:36:26.059 [Test worker] DEBUG o.a.h.impl.execchain.MainClientExec - Proxy auth state: UNCHALLENGED
02:36:26.059 [Test worker] DEBUG org.apache.http.headers - http-outgoing-72 >> GET /networks HTTP/1.1
02:36:26.059 [Test worker] DEBUG org.apache.http.headers - http-outgoing-72 >> Accept: application/json
02:36:26.059 [Test worker] DEBUG org.apache.http.headers - http-outgoing-72 >> User-Agent: Jersey/2.23.1 (Apache HttpClient 4.5.1)
02:36:26.059 [Test worker] DEBUG org.apache.http.headers - http-outgoing-72 >> Host: Thesis:2376
02:36:26.059 [Test worker] DEBUG org.apache.http.headers - http-outgoing-72 >> Connection: Keep-Alive
02:36:26.060 [Test worker] DEBUG org.apache.http.headers - http-outgoing-72 >> Accept-Encoding: gzip,deflate
02:36:26.060 [Test worker] DEBUG org.apache.http.wire - http-outgoing-72 >> "GET /networks HTTP/1.1[\r][\n]"
02:36:26.060 [Test worker] DEBUG org.apache.http.wire - http-outgoing-72 >> "Accept: application/json[\r][\n]"
02:36:26.060 [Test worker] DEBUG org.apache.http.wire - http-outgoing-72 >> "User-Agent: Jersey/2.23.1 (Apache HttpClient 4.5.1)[\r][\n]"
02:36:26.060 [Test worker] DEBUG org.apache.http.wire - http-outgoing-72 >> "Host: Thesis:2376[\r][\n]"
02:36:26.060 [Test worker] DEBUG org.apache.http.wire - http-outgoing-72 >> "Connection: Keep-Alive[\r][\n]"
02:36:26.060 [Test worker] DEBUG org.apache.http.wire - http-outgoing-72 >> "Accept-Encoding: gzip,deflate[\r][\n]"
02:36:26.060 [Test worker] DEBUG org.apache.http.wire - http-outgoing-72 >> "[\r][\n]"
02:36:26.061 [Test worker] DEBUG org.apache.http.wire - http-outgoing-72 << "H"
02:36:26.061 [Test worker] DEBUG org.apache.http.wire - http-outgoing-72 << "TTP/1.1 200 OK[\r][\n]"
02:36:26.062 [Test worker] DEBUG org.apache.http.wire - http-outgoing-72 << "Content-Type: application/json[\r][\n]"
02:36:26.062 [Test worker] DEBUG org.apache.http.wire - http-outgoing-72 << "Server: Docker/1.12.3 (linux)[\r][\n]"
02:36:26.062 [Test worker] DEBUG org.apache.http.wire - http-outgoing-72 << "Date: Tue, 03 Jan 2017 01:36:26 GMT[\r][\n]"
02:36:26.062 [Test worker] DEBUG org.apache.http.wire - http-outgoing-72 << "Content-Length: 1411[\r][\n]"
02:36:26.062 [Test worker] DEBUG org.apache.http.wire - http-outgoing-72 << "[\r][\n]"
02:36:26.062 [Test worker] DEBUG org.apache.http.wire - http-outgoing-72 << "[{"Name":"MyNetwork","Id":"4327c76004bf5796f918c89d99f0d392c20bdf89433f3fad015f2956bf38b42b","Scope":"local","Driver":"bridge","EnableIPv6":false,"IPAM":{"Driver":"default","Options":null,"Config":[{"Subnet":"172.18.0.0/16","Gateway":"172.18.0.1/16"}]},"Internal":false,"Containers":{},"Options":{},"Labels":{}},{"Name":"none","Id":"4d89c194eb79cd2beb38458d10a1b98c74d6b8462af72afde29ae7aca53ed5ca","Scope":"local","Driver":"null","EnableIPv6":false,"IPAM":{"Driver":"default","Options":null,"Config":[]},"Internal":false,"Containers":{},"Options":{},"Labels":{}},{"Name":"bridge","Id":"e0d36057aa1769e9fd52ba88be81b698b495f9b6b4946d0f98f24d971a27fc98","Scope":"local","Driver":"bridge","EnableIPv6":false,"IPAM":{"Driver":"default","Options":null,"Config":[{"Subnet":"172.17.0.0/16","Gateway":"172.17.0.1"}]},"Internal":false,"Containers":{},"Options":{"com.docker.network.bridge.default_bridge":"true","com.docker.network.bridge.enable_icc":"true","com.docker.network.bridge.enable_ip_masquerade":"true","com.docker.network.bridge.host_binding_ipv4":"0.0.0.0","com.docker.network.bridge.name":"docker0","com.docker.network.driver.mtu":"1500"},"Labels":{}},{"Name":"host","Id":"fe042b0866671b5be4f097ba43830c0a02959c058702d18e18c14a24d88a357d","Scope":"local","Driver":"host","EnableIPv6":false,"IPAM":{"Driver":"default","Options":null,"Config":[]},"Internal":false,"Containers":{},"Options":{},"Labels":{}}][\n]"
02:36:26.066 [Test worker] DEBUG org.apache.http.headers - http-outgoing-72 << HTTP/1.1 200 OK
02:36:26.067 [Test worker] DEBUG org.apache.http.headers - http-outgoing-72 << Content-Type: application/json
02:36:26.067 [Test worker] DEBUG org.apache.http.headers - http-outgoing-72 << Server: Docker/1.12.3 (linux)
02:36:26.067 [Test worker] DEBUG org.apache.http.headers - http-outgoing-72 << Date: Tue, 03 Jan 2017 01:36:26 GMT
02:36:26.067 [Test worker] DEBUG org.apache.http.headers - http-outgoing-72 << Content-Length: 1411
02:36:26.067 [Test worker] DEBUG o.a.h.impl.execchain.MainClientExec - Connection can be kept alive indefinitely
02:36:26.068 [Test worker] DEBUG c.g.d.j.JerseyDockerCmdExecFactory - 16 * Client response received on thread Test worker
16 < 200
16 < Content-Length: 1411
16 < Content-Type: application/json
16 < Date: Tue, 03 Jan 2017 01:36:26 GMT
16 < Server: Docker/1.12.3 (linux)
[{"Name":"MyNetwork","Id":"4327c76004bf5796f918c89d99f0d392c20bdf89433f3fad015f2956bf38b42b","Scope":"local","Driver":"bridge","EnableIPv6":false,"IPAM":{"Driver":"default","Options":null,"Config":[{"Subnet":"172.18.0.0/16","Gateway":"172.18.0.1/16"}]},"Internal":false,"Containers":{},"Options":{},"Labels":{}},{"Name":"none","Id":"4d89c194eb79cd2beb38458d10a1b98c74d6b8462af72afde29ae7aca53ed5ca","Scope":"local","Driver":"null","EnableIPv6":false,"IPAM":{"Driver":"default","Options":null,"Config":[]},"Internal":false,"Containers":{},"Options":{},"Labels":{}},{"Name":"bridge","Id":"e0d36057aa1769e9fd52ba88be81b698b495f9b6b4946d0f98f24d971a27fc98","Scope":"local","Driver":"bridge","EnableIPv6":false,"IPAM":{"Driver":"default","Options":null,"Config":[{"Subnet":"172.17.0.0/16","Gateway":"172.17.0.1"}]},"Internal":false,"Containers":{},"Options":{"com.docker.network.bridge.default_bridge":"true","com.docker.network.bridge.enable_icc":"true","com.docker.network.bridge.enable_ip_masquerade":"true","com.docker.network.bridge.host_binding_ipv4":"0.0.0.0","com.docker.network.bridge.name":"docker0","com.docker.network.driver.mtu":"1500"},"Labels":{}},{"Name":"host","Id":"fe042b0866671b5be4f097ba43830c0a02959c058702d18e18c14a24d88a357d","Scope":"local","Driver":"host","EnableIPv6":false,"IPAM":{"Driver":"default","Options":null,"Config":[]},"Internal":false,"Containers":{},"Options":{},"Labels":{}}]


02:36:26.069 [Test worker] DEBUG o.a.h.i.c.DefaultManagedHttpClientConnection - http-outgoing-72: Close connection
02:36:26.069 [Test worker] DEBUG o.a.h.impl.execchain.MainClientExec - Connection discarded
02:36:26.070 [Test worker] DEBUG c.g.d.j.JerseyDockerCmdExecFactory$1 - Connection released: [id: 72][route: {s}->https://Thesis:2376][total kept alive: 1; route allocated: 1 of 2; total allocated: 1 of 20]
02:36:26.070 [Test worker] DEBUG org.openbaton.docker.DockerVim - Found a docker network, transformed into a NFV network Network{id='4327c76004bf5796f918c89d99f0d392c20bdf89433f3fad015f2956bf38b42b', name='MyNetwork', extId='null', external=false, shared=false, subnets=[Subnet{id='null', version=0, name='bridge', extId='null', networkId='172.18.0.0/16', cidr='null', gatewayIp='172.18.0.1/16'}]}
02:36:26.070 [Test worker] DEBUG c.g.d.core.command.AbstrDockerCmd - Cmd: 4327c76004bf5796f918c89d99f0d392c20bdf89433f3fad015f2956bf38b42b,com.github.dockerjava.jaxrs.RemoveNetworkCmdExec@540eabe7
02:36:26.070 [Test worker] DEBUG c.g.d.j.JerseyDockerCmdExecFactory - 17 * Sending client request on thread Test worker
17 > DELETE https://Thesis:2376/networks/4327c76004bf5796f918c89d99f0d392c20bdf89433f3fad015f2956bf38b42b
17 > Accept: application/json

02:36:26.071 [Test worker] DEBUG o.a.h.c.protocol.RequestAddCookies - CookieSpec selected: default
02:36:26.071 [Test worker] DEBUG o.a.h.c.protocol.RequestAuthCache - Auth cache not set in the context
02:36:26.071 [Test worker] DEBUG c.g.d.j.JerseyDockerCmdExecFactory$1 - Connection request: [route: {s}->https://Thesis:2376][total kept alive: 1; route allocated: 1 of 2; total allocated: 1 of 20]
02:36:26.071 [Test worker] DEBUG c.g.d.j.JerseyDockerCmdExecFactory$1 - Connection leased: [id: 73][route: {s}->https://Thesis:2376][total kept alive: 1; route allocated: 2 of 2; total allocated: 2 of 20]
02:36:26.072 [Test worker] DEBUG o.a.h.impl.execchain.MainClientExec - Opening connection {s}->https://Thesis:2376
02:36:26.072 [Test worker] DEBUG o.a.h.i.c.DefaultHttpClientConnectionOperator - Connecting to Thesis/127.0.1.1:2376
02:36:26.072 [Test worker] DEBUG o.a.h.c.s.SSLConnectionSocketFactory - Connecting socket to Thesis/127.0.1.1:2376 with timeout 0
02:36:26.073 [Test worker] DEBUG o.a.h.c.s.SSLConnectionSocketFactory - Enabled protocols: [TLSv1]
02:36:26.073 [Test worker] DEBUG o.a.h.c.s.SSLConnectionSocketFactory - Enabled cipher suites:[TLS_ECDHE_ECDSA_WITH_AES_128_CBC_SHA, TLS_ECDHE_RSA_WITH_AES_128_CBC_SHA, TLS_RSA_WITH_AES_128_CBC_SHA, TLS_ECDH_ECDSA_WITH_AES_128_CBC_SHA, TLS_ECDH_RSA_WITH_AES_128_CBC_SHA, TLS_DHE_RSA_WITH_AES_128_CBC_SHA, TLS_DHE_DSS_WITH_AES_128_CBC_SHA, TLS_ECDHE_ECDSA_WITH_3DES_EDE_CBC_SHA, TLS_ECDHE_RSA_WITH_3DES_EDE_CBC_SHA, SSL_RSA_WITH_3DES_EDE_CBC_SHA, TLS_ECDH_ECDSA_WITH_3DES_EDE_CBC_SHA, TLS_ECDH_RSA_WITH_3DES_EDE_CBC_SHA, SSL_DHE_RSA_WITH_3DES_EDE_CBC_SHA, SSL_DHE_DSS_WITH_3DES_EDE_CBC_SHA, TLS_ECDHE_ECDSA_WITH_RC4_128_SHA, TLS_ECDHE_RSA_WITH_RC4_128_SHA, SSL_RSA_WITH_RC4_128_SHA, TLS_ECDH_ECDSA_WITH_RC4_128_SHA, TLS_ECDH_RSA_WITH_RC4_128_SHA, SSL_RSA_WITH_RC4_128_MD5, TLS_EMPTY_RENEGOTIATION_INFO_SCSV]
02:36:26.073 [Test worker] DEBUG o.a.h.c.s.SSLConnectionSocketFactory - Starting handshake
02:36:26.133 [Test worker] DEBUG o.a.h.c.s.SSLConnectionSocketFactory - Secure session established
02:36:26.134 [Test worker] DEBUG o.a.h.c.s.SSLConnectionSocketFactory -  negotiated protocol: TLSv1
02:36:26.134 [Test worker] DEBUG o.a.h.c.s.SSLConnectionSocketFactory -  negotiated cipher suite: TLS_ECDHE_RSA_WITH_AES_128_CBC_SHA
02:36:26.134 [Test worker] DEBUG o.a.h.c.s.SSLConnectionSocketFactory -  peer principal: CN=Thesis
02:36:26.134 [Test worker] DEBUG o.a.h.c.s.SSLConnectionSocketFactory -  issuer principal: EMAILADDRESS=sha@yamil.com, CN=Thesis, OU=Open, O=Fra, L=BER, ST=BER, C=DE
02:36:26.134 [Test worker] DEBUG o.a.h.i.c.DefaultHttpClientConnectionOperator - Connection established 127.0.0.1:41446<->127.0.1.1:2376
02:36:26.134 [Test worker] DEBUG o.a.h.impl.execchain.MainClientExec - Executing request DELETE /networks/4327c76004bf5796f918c89d99f0d392c20bdf89433f3fad015f2956bf38b42b HTTP/1.1
02:36:26.135 [Test worker] DEBUG o.a.h.impl.execchain.MainClientExec - Target auth state: UNCHALLENGED
02:36:26.135 [Test worker] DEBUG o.a.h.impl.execchain.MainClientExec - Proxy auth state: UNCHALLENGED
02:36:26.135 [Test worker] DEBUG org.apache.http.headers - http-outgoing-73 >> DELETE /networks/4327c76004bf5796f918c89d99f0d392c20bdf89433f3fad015f2956bf38b42b HTTP/1.1
02:36:26.135 [Test worker] DEBUG org.apache.http.headers - http-outgoing-73 >> Accept: application/json
02:36:26.135 [Test worker] DEBUG org.apache.http.headers - http-outgoing-73 >> User-Agent: Jersey/2.23.1 (Apache HttpClient 4.5.1)
02:36:26.135 [Test worker] DEBUG org.apache.http.headers - http-outgoing-73 >> Host: Thesis:2376
02:36:26.135 [Test worker] DEBUG org.apache.http.headers - http-outgoing-73 >> Connection: Keep-Alive
02:36:26.135 [Test worker] DEBUG org.apache.http.headers - http-outgoing-73 >> Accept-Encoding: gzip,deflate
02:36:26.136 [Test worker] DEBUG org.apache.http.wire - http-outgoing-73 >> "DELETE /networks/4327c76004bf5796f918c89d99f0d392c20bdf89433f3fad015f2956bf38b42b HTTP/1.1[\r][\n]"
02:36:26.136 [Test worker] DEBUG org.apache.http.wire - http-outgoing-73 >> "Accept: application/json[\r][\n]"
02:36:26.136 [Test worker] DEBUG org.apache.http.wire - http-outgoing-73 >> "User-Agent: Jersey/2.23.1 (Apache HttpClient 4.5.1)[\r][\n]"
02:36:26.136 [Test worker] DEBUG org.apache.http.wire - http-outgoing-73 >> "Host: Thesis:2376[\r][\n]"
02:36:26.136 [Test worker] DEBUG org.apache.http.wire - http-outgoing-73 >> "Connection: Keep-Alive[\r][\n]"
02:36:26.136 [Test worker] DEBUG org.apache.http.wire - http-outgoing-73 >> "Accept-Encoding: gzip,deflate[\r][\n]"
02:36:26.136 [Test worker] DEBUG org.apache.http.wire - http-outgoing-73 >> "[\r][\n]"
02:36:26.215 [Test worker] DEBUG org.apache.http.wire - http-outgoing-73 << "H"
02:36:26.215 [Test worker] DEBUG org.apache.http.wire - http-outgoing-73 << "TTP/1.1 204 No Content[\r][\n]"
02:36:26.215 [Test worker] DEBUG org.apache.http.wire - http-outgoing-73 << "Server: Docker/1.12.3 (linux)[\r][\n]"
02:36:26.215 [Test worker] DEBUG org.apache.http.wire - http-outgoing-73 << "Date: Tue, 03 Jan 2017 01:36:26 GMT[\r][\n]"
02:36:26.215 [Test worker] DEBUG org.apache.http.wire - http-outgoing-73 << "[\r][\n]"
02:36:26.215 [Test worker] DEBUG org.apache.http.headers - http-outgoing-73 << HTTP/1.1 204 No Content
02:36:26.215 [Test worker] DEBUG org.apache.http.headers - http-outgoing-73 << Server: Docker/1.12.3 (linux)
02:36:26.215 [Test worker] DEBUG org.apache.http.headers - http-outgoing-73 << Date: Tue, 03 Jan 2017 01:36:26 GMT
02:36:26.215 [Test worker] DEBUG o.a.h.impl.execchain.MainClientExec - Connection can be kept alive indefinitely
02:36:26.216 [Test worker] DEBUG c.g.d.j.JerseyDockerCmdExecFactory$1 - Connection [id: 73][route: {s}->https://Thesis:2376][state: CN=Thesis] can be kept alive indefinitely
02:36:26.216 [Test worker] DEBUG c.g.d.j.JerseyDockerCmdExecFactory$1 - Connection released: [id: 73][route: {s}->https://Thesis:2376][state: CN=Thesis][total kept alive: 2; route allocated: 2 of 2; total allocated: 2 of 20]
02:36:26.216 [Test worker] DEBUG c.g.d.j.JerseyDockerCmdExecFactory - 18 * Client response received on thread Test worker
18 < 204
18 < Date: Tue, 03 Jan 2017 01:36:26 GMT
18 < Server: Docker/1.12.3 (linux)

02:36:26.216 [Test worker] INFO  org.openbaton.docker.DockerVim - Network '4327c76004bf5796f918c89d99f0d392c20bdf89433f3fad015f2956bf38b42b' deleted successfully
02:36:26.216 [Test worker] DEBUG c.g.d.core.command.AbstrDockerCmd - Cmd: com.github.dockerjava.core.util.FiltersBuilder@0,com.github.dockerjava.jaxrs.ListVolumesCmdExec@22eaaf30
02:36:26.216 [Test worker] DEBUG c.g.d.j.JerseyDockerCmdExecFactory - 19 * Sending client request on thread Test worker
19 > GET https://Thesis:2376/volumes
19 > Accept: application/json

02:36:26.217 [Test worker] DEBUG o.a.h.c.protocol.RequestAddCookies - CookieSpec selected: default
02:36:26.217 [Test worker] DEBUG o.a.h.c.protocol.RequestAuthCache - Auth cache not set in the context
02:36:26.217 [Test worker] DEBUG c.g.d.j.JerseyDockerCmdExecFactory$1 - Connection request: [route: {s}->https://Thesis:2376][total kept alive: 2; route allocated: 2 of 2; total allocated: 2 of 20]
02:36:26.218 [Test worker] DEBUG o.a.h.i.c.DefaultManagedHttpClientConnection - http-outgoing-71: Close connection
02:36:26.218 [Test worker] DEBUG c.g.d.j.JerseyDockerCmdExecFactory$1 - Connection leased: [id: 74][route: {s}->https://Thesis:2376][total kept alive: 1; route allocated: 2 of 2; total allocated: 2 of 20]
02:36:26.218 [Test worker] DEBUG o.a.h.impl.execchain.MainClientExec - Opening connection {s}->https://Thesis:2376
02:36:26.218 [Test worker] DEBUG o.a.h.i.c.DefaultHttpClientConnectionOperator - Connecting to Thesis/127.0.1.1:2376
02:36:26.218 [Test worker] DEBUG o.a.h.c.s.SSLConnectionSocketFactory - Connecting socket to Thesis/127.0.1.1:2376 with timeout 0
02:36:26.219 [Test worker] DEBUG o.a.h.c.s.SSLConnectionSocketFactory - Enabled protocols: [TLSv1]
02:36:26.219 [Test worker] DEBUG o.a.h.c.s.SSLConnectionSocketFactory - Enabled cipher suites:[TLS_ECDHE_ECDSA_WITH_AES_128_CBC_SHA, TLS_ECDHE_RSA_WITH_AES_128_CBC_SHA, TLS_RSA_WITH_AES_128_CBC_SHA, TLS_ECDH_ECDSA_WITH_AES_128_CBC_SHA, TLS_ECDH_RSA_WITH_AES_128_CBC_SHA, TLS_DHE_RSA_WITH_AES_128_CBC_SHA, TLS_DHE_DSS_WITH_AES_128_CBC_SHA, TLS_ECDHE_ECDSA_WITH_3DES_EDE_CBC_SHA, TLS_ECDHE_RSA_WITH_3DES_EDE_CBC_SHA, SSL_RSA_WITH_3DES_EDE_CBC_SHA, TLS_ECDH_ECDSA_WITH_3DES_EDE_CBC_SHA, TLS_ECDH_RSA_WITH_3DES_EDE_CBC_SHA, SSL_DHE_RSA_WITH_3DES_EDE_CBC_SHA, SSL_DHE_DSS_WITH_3DES_EDE_CBC_SHA, TLS_ECDHE_ECDSA_WITH_RC4_128_SHA, TLS_ECDHE_RSA_WITH_RC4_128_SHA, SSL_RSA_WITH_RC4_128_SHA, TLS_ECDH_ECDSA_WITH_RC4_128_SHA, TLS_ECDH_RSA_WITH_RC4_128_SHA, SSL_RSA_WITH_RC4_128_MD5, TLS_EMPTY_RENEGOTIATION_INFO_SCSV]
02:36:26.220 [Test worker] DEBUG o.a.h.c.s.SSLConnectionSocketFactory - Starting handshake
02:36:26.279 [Test worker] DEBUG o.a.h.c.s.SSLConnectionSocketFactory - Secure session established
02:36:26.279 [Test worker] DEBUG o.a.h.c.s.SSLConnectionSocketFactory -  negotiated protocol: TLSv1
02:36:26.279 [Test worker] DEBUG o.a.h.c.s.SSLConnectionSocketFactory -  negotiated cipher suite: TLS_ECDHE_RSA_WITH_AES_128_CBC_SHA
02:36:26.279 [Test worker] DEBUG o.a.h.c.s.SSLConnectionSocketFactory -  peer principal: CN=Thesis
02:36:26.279 [Test worker] DEBUG o.a.h.c.s.SSLConnectionSocketFactory -  issuer principal: EMAILADDRESS=sha@yamil.com, CN=Thesis, OU=Open, O=Fra, L=BER, ST=BER, C=DE
02:36:26.280 [Test worker] DEBUG o.a.h.i.c.DefaultHttpClientConnectionOperator - Connection established 127.0.0.1:41448<->127.0.1.1:2376
02:36:26.280 [Test worker] DEBUG o.a.h.impl.execchain.MainClientExec - Executing request GET /volumes HTTP/1.1
02:36:26.280 [Test worker] DEBUG o.a.h.impl.execchain.MainClientExec - Target auth state: UNCHALLENGED
02:36:26.280 [Test worker] DEBUG o.a.h.impl.execchain.MainClientExec - Proxy auth state: UNCHALLENGED
02:36:26.280 [Test worker] DEBUG org.apache.http.headers - http-outgoing-74 >> GET /volumes HTTP/1.1
02:36:26.280 [Test worker] DEBUG org.apache.http.headers - http-outgoing-74 >> Accept: application/json
02:36:26.280 [Test worker] DEBUG org.apache.http.headers - http-outgoing-74 >> User-Agent: Jersey/2.23.1 (Apache HttpClient 4.5.1)
02:36:26.280 [Test worker] DEBUG org.apache.http.headers - http-outgoing-74 >> Host: Thesis:2376
02:36:26.281 [Test worker] DEBUG org.apache.http.headers - http-outgoing-74 >> Connection: Keep-Alive
02:36:26.281 [Test worker] DEBUG org.apache.http.headers - http-outgoing-74 >> Accept-Encoding: gzip,deflate
02:36:26.281 [Test worker] DEBUG org.apache.http.wire - http-outgoing-74 >> "GET /volumes HTTP/1.1[\r][\n]"
02:36:26.281 [Test worker] DEBUG org.apache.http.wire - http-outgoing-74 >> "Accept: application/json[\r][\n]"
02:36:26.282 [Test worker] DEBUG org.apache.http.wire - http-outgoing-74 >> "User-Agent: Jersey/2.23.1 (Apache HttpClient 4.5.1)[\r][\n]"
02:36:26.282 [Test worker] DEBUG org.apache.http.wire - http-outgoing-74 >> "Host: Thesis:2376[\r][\n]"
02:36:26.282 [Test worker] DEBUG org.apache.http.wire - http-outgoing-74 >> "Connection: Keep-Alive[\r][\n]"
02:36:26.282 [Test worker] DEBUG org.apache.http.wire - http-outgoing-74 >> "Accept-Encoding: gzip,deflate[\r][\n]"
02:36:26.282 [Test worker] DEBUG org.apache.http.wire - http-outgoing-74 >> "[\r][\n]"
02:36:26.283 [Test worker] DEBUG org.apache.http.wire - http-outgoing-74 << "H"
02:36:26.283 [Test worker] DEBUG org.apache.http.wire - http-outgoing-74 << "TTP/1.1 200 OK[\r][\n]"
02:36:26.283 [Test worker] DEBUG org.apache.http.wire - http-outgoing-74 << "Content-Type: application/json[\r][\n]"
02:36:26.283 [Test worker] DEBUG org.apache.http.wire - http-outgoing-74 << "Server: Docker/1.12.3 (linux)[\r][\n]"
02:36:26.283 [Test worker] DEBUG org.apache.http.wire - http-outgoing-74 << "Date: Tue, 03 Jan 2017 01:36:26 GMT[\r][\n]"
02:36:26.283 [Test worker] DEBUG org.apache.http.wire - http-outgoing-74 << "Content-Length: 33[\r][\n]"
02:36:26.284 [Test worker] DEBUG org.apache.http.wire - http-outgoing-74 << "[\r][\n]"
02:36:26.284 [Test worker] DEBUG org.apache.http.wire - http-outgoing-74 << "{"Volumes":null,"Warnings":null}[\n]"
02:36:26.284 [Test worker] DEBUG org.apache.http.headers - http-outgoing-74 << HTTP/1.1 200 OK
02:36:26.284 [Test worker] DEBUG org.apache.http.headers - http-outgoing-74 << Content-Type: application/json
02:36:26.284 [Test worker] DEBUG org.apache.http.headers - http-outgoing-74 << Server: Docker/1.12.3 (linux)
02:36:26.284 [Test worker] DEBUG org.apache.http.headers - http-outgoing-74 << Date: Tue, 03 Jan 2017 01:36:26 GMT
02:36:26.284 [Test worker] DEBUG org.apache.http.headers - http-outgoing-74 << Content-Length: 33
02:36:26.284 [Test worker] DEBUG o.a.h.impl.execchain.MainClientExec - Connection can be kept alive indefinitely
02:36:26.285 [Test worker] DEBUG c.g.d.j.JerseyDockerCmdExecFactory - 20 * Client response received on thread Test worker
20 < 200
20 < Content-Length: 33
20 < Content-Type: application/json
20 < Date: Tue, 03 Jan 2017 01:36:26 GMT
20 < Server: Docker/1.12.3 (linux)
{"Volumes":null,"Warnings":null}


02:36:26.286 [Test worker] DEBUG o.a.h.i.c.DefaultManagedHttpClientConnection - http-outgoing-74: Close connection
02:36:26.286 [Test worker] DEBUG o.a.h.impl.execchain.MainClientExec - Connection discarded
02:36:26.286 [Test worker] DEBUG c.g.d.j.JerseyDockerCmdExecFactory$1 - Connection released: [id: 74][route: {s}->https://Thesis:2376][total kept alive: 1; route allocated: 1 of 2; total allocated: 1 of 20]
02:36:26.289 [Test worker] DEBUG org.openbaton.docker.DockerVim - Loading properties
02:36:26.289 [Test worker] DEBUG org.openbaton.docker.DockerVim - Loaded properties: {vim.instance.auth.url=tcp://Thesis:2376, docker.cert.path=/home/sakib/.docker, type=docker, tls.verify=true}
02:36:26.306 [Test worker] DEBUG c.g.d.core.command.AbstrDockerCmd - Cmd: -1,<null>,true,<null>,<null>,com.github.dockerjava.core.util.FiltersBuilder@0,com.github.dockerjava.jaxrs.ListContainersCmdExec@3bddadb1
02:36:26.328 [Test worker] DEBUG c.g.d.j.JerseyDockerCmdExecFactory - 1 * Sending client request on thread Test worker
1 > GET https://Thesis:2376/containers/json?all=true
1 > Accept: application/json

02:36:26.332 [Test worker] DEBUG o.a.h.c.protocol.RequestAddCookies - CookieSpec selected: default
02:36:26.332 [Test worker] DEBUG o.a.h.c.protocol.RequestAuthCache - Auth cache not set in the context
02:36:26.332 [Test worker] DEBUG c.g.d.j.JerseyDockerCmdExecFactory$1 - Connection request: [route: {s}->https://Thesis:2376][total kept alive: 0; route allocated: 0 of 2; total allocated: 0 of 20]
02:36:26.332 [Test worker] DEBUG c.g.d.j.JerseyDockerCmdExecFactory$1 - Connection leased: [id: 75][route: {s}->https://Thesis:2376][total kept alive: 0; route allocated: 1 of 2; total allocated: 1 of 20]
02:36:26.332 [Test worker] DEBUG o.a.h.impl.execchain.MainClientExec - Opening connection {s}->https://Thesis:2376
02:36:26.333 [Test worker] DEBUG o.a.h.i.c.DefaultHttpClientConnectionOperator - Connecting to Thesis/127.0.1.1:2376
02:36:26.333 [Test worker] DEBUG o.a.h.c.s.SSLConnectionSocketFactory - Connecting socket to Thesis/127.0.1.1:2376 with timeout 0
02:36:26.334 [Test worker] DEBUG o.a.h.c.s.SSLConnectionSocketFactory - Enabled protocols: [TLSv1]
02:36:26.334 [Test worker] DEBUG o.a.h.c.s.SSLConnectionSocketFactory - Enabled cipher suites:[TLS_ECDHE_ECDSA_WITH_AES_128_CBC_SHA, TLS_ECDHE_RSA_WITH_AES_128_CBC_SHA, TLS_RSA_WITH_AES_128_CBC_SHA, TLS_ECDH_ECDSA_WITH_AES_128_CBC_SHA, TLS_ECDH_RSA_WITH_AES_128_CBC_SHA, TLS_DHE_RSA_WITH_AES_128_CBC_SHA, TLS_DHE_DSS_WITH_AES_128_CBC_SHA, TLS_ECDHE_ECDSA_WITH_3DES_EDE_CBC_SHA, TLS_ECDHE_RSA_WITH_3DES_EDE_CBC_SHA, SSL_RSA_WITH_3DES_EDE_CBC_SHA, TLS_ECDH_ECDSA_WITH_3DES_EDE_CBC_SHA, TLS_ECDH_RSA_WITH_3DES_EDE_CBC_SHA, SSL_DHE_RSA_WITH_3DES_EDE_CBC_SHA, SSL_DHE_DSS_WITH_3DES_EDE_CBC_SHA, TLS_ECDHE_ECDSA_WITH_RC4_128_SHA, TLS_ECDHE_RSA_WITH_RC4_128_SHA, SSL_RSA_WITH_RC4_128_SHA, TLS_ECDH_ECDSA_WITH_RC4_128_SHA, TLS_ECDH_RSA_WITH_RC4_128_SHA, SSL_RSA_WITH_RC4_128_MD5, TLS_EMPTY_RENEGOTIATION_INFO_SCSV]
02:36:26.334 [Test worker] DEBUG o.a.h.c.s.SSLConnectionSocketFactory - Starting handshake
02:36:26.396 [Test worker] DEBUG o.a.h.c.s.SSLConnectionSocketFactory - Secure session established
02:36:26.396 [Test worker] DEBUG o.a.h.c.s.SSLConnectionSocketFactory -  negotiated protocol: TLSv1
02:36:26.396 [Test worker] DEBUG o.a.h.c.s.SSLConnectionSocketFactory -  negotiated cipher suite: TLS_ECDHE_RSA_WITH_AES_128_CBC_SHA
02:36:26.396 [Test worker] DEBUG o.a.h.c.s.SSLConnectionSocketFactory -  peer principal: CN=Thesis
02:36:26.396 [Test worker] DEBUG o.a.h.c.s.SSLConnectionSocketFactory -  issuer principal: EMAILADDRESS=sha@yamil.com, CN=Thesis, OU=Open, O=Fra, L=BER, ST=BER, C=DE
02:36:26.397 [Test worker] DEBUG o.a.h.i.c.DefaultHttpClientConnectionOperator - Connection established 127.0.0.1:41450<->127.0.1.1:2376
02:36:26.397 [Test worker] DEBUG o.a.h.impl.execchain.MainClientExec - Executing request GET /containers/json?all=true HTTP/1.1
02:36:26.397 [Test worker] DEBUG o.a.h.impl.execchain.MainClientExec - Target auth state: UNCHALLENGED
02:36:26.397 [Test worker] DEBUG o.a.h.impl.execchain.MainClientExec - Proxy auth state: UNCHALLENGED
02:36:26.397 [Test worker] DEBUG org.apache.http.headers - http-outgoing-75 >> GET /containers/json?all=true HTTP/1.1
02:36:26.397 [Test worker] DEBUG org.apache.http.headers - http-outgoing-75 >> Accept: application/json
02:36:26.398 [Test worker] DEBUG org.apache.http.headers - http-outgoing-75 >> User-Agent: Jersey/2.23.1 (Apache HttpClient 4.5.1)
02:36:26.398 [Test worker] DEBUG org.apache.http.headers - http-outgoing-75 >> Host: Thesis:2376
02:36:26.398 [Test worker] DEBUG org.apache.http.headers - http-outgoing-75 >> Connection: Keep-Alive
02:36:26.398 [Test worker] DEBUG org.apache.http.headers - http-outgoing-75 >> Accept-Encoding: gzip,deflate
02:36:26.398 [Test worker] DEBUG org.apache.http.wire - http-outgoing-75 >> "GET /containers/json?all=true HTTP/1.1[\r][\n]"
02:36:26.398 [Test worker] DEBUG org.apache.http.wire - http-outgoing-75 >> "Accept: application/json[\r][\n]"
02:36:26.398 [Test worker] DEBUG org.apache.http.wire - http-outgoing-75 >> "User-Agent: Jersey/2.23.1 (Apache HttpClient 4.5.1)[\r][\n]"
02:36:26.402 [Test worker] DEBUG org.apache.http.wire - http-outgoing-75 >> "Host: Thesis:2376[\r][\n]"
02:36:26.402 [Test worker] DEBUG org.apache.http.wire - http-outgoing-75 >> "Connection: Keep-Alive[\r][\n]"
02:36:26.402 [Test worker] DEBUG org.apache.http.wire - http-outgoing-75 >> "Accept-Encoding: gzip,deflate[\r][\n]"
02:36:26.402 [Test worker] DEBUG org.apache.http.wire - http-outgoing-75 >> "[\r][\n]"
02:36:26.403 [Test worker] DEBUG org.apache.http.wire - http-outgoing-75 << "H"
02:36:26.403 [Test worker] DEBUG org.apache.http.wire - http-outgoing-75 << "TTP/1.1 200 OK[\r][\n]"
02:36:26.403 [Test worker] DEBUG org.apache.http.wire - http-outgoing-75 << "Content-Type: application/json[\r][\n]"
02:36:26.403 [Test worker] DEBUG org.apache.http.wire - http-outgoing-75 << "Server: Docker/1.12.3 (linux)[\r][\n]"
02:36:26.404 [Test worker] DEBUG org.apache.http.wire - http-outgoing-75 << "Date: Tue, 03 Jan 2017 01:36:26 GMT[\r][\n]"
02:36:26.404 [Test worker] DEBUG org.apache.http.wire - http-outgoing-75 << "Content-Length: 3[\r][\n]"
02:36:26.404 [Test worker] DEBUG org.apache.http.wire - http-outgoing-75 << "[\r][\n]"
02:36:26.404 [Test worker] DEBUG org.apache.http.wire - http-outgoing-75 << "[][\n]"
02:36:26.404 [Test worker] DEBUG org.apache.http.headers - http-outgoing-75 << HTTP/1.1 200 OK
02:36:26.404 [Test worker] DEBUG org.apache.http.headers - http-outgoing-75 << Content-Type: application/json
02:36:26.404 [Test worker] DEBUG org.apache.http.headers - http-outgoing-75 << Server: Docker/1.12.3 (linux)
02:36:26.405 [Test worker] DEBUG org.apache.http.headers - http-outgoing-75 << Date: Tue, 03 Jan 2017 01:36:26 GMT
02:36:26.405 [Test worker] DEBUG org.apache.http.headers - http-outgoing-75 << Content-Length: 3
02:36:26.405 [Test worker] DEBUG o.a.h.impl.execchain.MainClientExec - Connection can be kept alive indefinitely
02:36:26.405 [Test worker] DEBUG c.g.d.j.JerseyDockerCmdExecFactory - 2 * Client response received on thread Test worker
2 < 200
2 < Content-Length: 3
2 < Content-Type: application/json
2 < Date: Tue, 03 Jan 2017 01:36:26 GMT
2 < Server: Docker/1.12.3 (linux)
[]


02:36:26.408 [Test worker] DEBUG c.g.d.j.JerseyDockerCmdExecFactory$1 - Connection [id: 75][route: {s}->https://Thesis:2376][state: CN=Thesis] can be kept alive indefinitely
02:36:26.408 [Test worker] DEBUG c.g.d.j.JerseyDockerCmdExecFactory$1 - Connection released: [id: 75][route: {s}->https://Thesis:2376][state: CN=Thesis][total kept alive: 1; route allocated: 1 of 2; total allocated: 1 of 20]
02:36:26.415 [Test worker] DEBUG c.g.d.core.command.AbstrDockerCmd - Cmd: com.github.dockerjava.core.util.FiltersBuilder@0,com.github.dockerjava.jaxrs.ListNetworksCmdExec@54823952
02:36:26.415 [Test worker] DEBUG c.g.d.j.JerseyDockerCmdExecFactory - 3 * Sending client request on thread Test worker
3 > GET https://Thesis:2376/networks
3 > Accept: application/json

02:36:26.416 [Test worker] DEBUG o.a.h.c.protocol.RequestAddCookies - CookieSpec selected: default
02:36:26.416 [Test worker] DEBUG o.a.h.c.protocol.RequestAuthCache - Auth cache not set in the context
02:36:26.416 [Test worker] DEBUG c.g.d.j.JerseyDockerCmdExecFactory$1 - Connection request: [route: {s}->https://Thesis:2376][total kept alive: 1; route allocated: 1 of 2; total allocated: 1 of 20]
02:36:26.416 [Test worker] DEBUG c.g.d.j.JerseyDockerCmdExecFactory$1 - Connection leased: [id: 76][route: {s}->https://Thesis:2376][total kept alive: 1; route allocated: 2 of 2; total allocated: 2 of 20]
02:36:26.417 [Test worker] DEBUG o.a.h.impl.execchain.MainClientExec - Opening connection {s}->https://Thesis:2376
02:36:26.417 [Test worker] DEBUG o.a.h.i.c.DefaultHttpClientConnectionOperator - Connecting to Thesis/127.0.1.1:2376
02:36:26.417 [Test worker] DEBUG o.a.h.c.s.SSLConnectionSocketFactory - Connecting socket to Thesis/127.0.1.1:2376 with timeout 0
02:36:26.418 [Test worker] DEBUG o.a.h.c.s.SSLConnectionSocketFactory - Enabled protocols: [TLSv1]
02:36:26.418 [Test worker] DEBUG o.a.h.c.s.SSLConnectionSocketFactory - Enabled cipher suites:[TLS_ECDHE_ECDSA_WITH_AES_128_CBC_SHA, TLS_ECDHE_RSA_WITH_AES_128_CBC_SHA, TLS_RSA_WITH_AES_128_CBC_SHA, TLS_ECDH_ECDSA_WITH_AES_128_CBC_SHA, TLS_ECDH_RSA_WITH_AES_128_CBC_SHA, TLS_DHE_RSA_WITH_AES_128_CBC_SHA, TLS_DHE_DSS_WITH_AES_128_CBC_SHA, TLS_ECDHE_ECDSA_WITH_3DES_EDE_CBC_SHA, TLS_ECDHE_RSA_WITH_3DES_EDE_CBC_SHA, SSL_RSA_WITH_3DES_EDE_CBC_SHA, TLS_ECDH_ECDSA_WITH_3DES_EDE_CBC_SHA, TLS_ECDH_RSA_WITH_3DES_EDE_CBC_SHA, SSL_DHE_RSA_WITH_3DES_EDE_CBC_SHA, SSL_DHE_DSS_WITH_3DES_EDE_CBC_SHA, TLS_ECDHE_ECDSA_WITH_RC4_128_SHA, TLS_ECDHE_RSA_WITH_RC4_128_SHA, SSL_RSA_WITH_RC4_128_SHA, TLS_ECDH_ECDSA_WITH_RC4_128_SHA, TLS_ECDH_RSA_WITH_RC4_128_SHA, SSL_RSA_WITH_RC4_128_MD5, TLS_EMPTY_RENEGOTIATION_INFO_SCSV]
02:36:26.418 [Test worker] DEBUG o.a.h.c.s.SSLConnectionSocketFactory - Starting handshake
02:36:26.479 [Test worker] DEBUG o.a.h.c.s.SSLConnectionSocketFactory - Secure session established
02:36:26.479 [Test worker] DEBUG o.a.h.c.s.SSLConnectionSocketFactory -  negotiated protocol: TLSv1
02:36:26.480 [Test worker] DEBUG o.a.h.c.s.SSLConnectionSocketFactory -  negotiated cipher suite: TLS_ECDHE_RSA_WITH_AES_128_CBC_SHA
02:36:26.480 [Test worker] DEBUG o.a.h.c.s.SSLConnectionSocketFactory -  peer principal: CN=Thesis
02:36:26.480 [Test worker] DEBUG o.a.h.c.s.SSLConnectionSocketFactory -  issuer principal: EMAILADDRESS=sha@yamil.com, CN=Thesis, OU=Open, O=Fra, L=BER, ST=BER, C=DE
02:36:26.480 [Test worker] DEBUG o.a.h.i.c.DefaultHttpClientConnectionOperator - Connection established 127.0.0.1:41452<->127.0.1.1:2376
02:36:26.480 [Test worker] DEBUG o.a.h.impl.execchain.MainClientExec - Executing request GET /networks HTTP/1.1
02:36:26.480 [Test worker] DEBUG o.a.h.impl.execchain.MainClientExec - Target auth state: UNCHALLENGED
02:36:26.480 [Test worker] DEBUG o.a.h.impl.execchain.MainClientExec - Proxy auth state: UNCHALLENGED
02:36:26.481 [Test worker] DEBUG org.apache.http.headers - http-outgoing-76 >> GET /networks HTTP/1.1
02:36:26.481 [Test worker] DEBUG org.apache.http.headers - http-outgoing-76 >> Accept: application/json
02:36:26.481 [Test worker] DEBUG org.apache.http.headers - http-outgoing-76 >> User-Agent: Jersey/2.23.1 (Apache HttpClient 4.5.1)
02:36:26.481 [Test worker] DEBUG org.apache.http.headers - http-outgoing-76 >> Host: Thesis:2376
02:36:26.481 [Test worker] DEBUG org.apache.http.headers - http-outgoing-76 >> Connection: Keep-Alive
02:36:26.481 [Test worker] DEBUG org.apache.http.headers - http-outgoing-76 >> Accept-Encoding: gzip,deflate
02:36:26.481 [Test worker] DEBUG org.apache.http.wire - http-outgoing-76 >> "GET /networks HTTP/1.1[\r][\n]"
02:36:26.482 [Test worker] DEBUG org.apache.http.wire - http-outgoing-76 >> "Accept: application/json[\r][\n]"
02:36:26.482 [Test worker] DEBUG org.apache.http.wire - http-outgoing-76 >> "User-Agent: Jersey/2.23.1 (Apache HttpClient 4.5.1)[\r][\n]"
02:36:26.482 [Test worker] DEBUG org.apache.http.wire - http-outgoing-76 >> "Host: Thesis:2376[\r][\n]"
02:36:26.482 [Test worker] DEBUG org.apache.http.wire - http-outgoing-76 >> "Connection: Keep-Alive[\r][\n]"
02:36:26.482 [Test worker] DEBUG org.apache.http.wire - http-outgoing-76 >> "Accept-Encoding: gzip,deflate[\r][\n]"
02:36:26.482 [Test worker] DEBUG org.apache.http.wire - http-outgoing-76 >> "[\r][\n]"
02:36:26.483 [Test worker] DEBUG org.apache.http.wire - http-outgoing-76 << "H"
02:36:26.483 [Test worker] DEBUG org.apache.http.wire - http-outgoing-76 << "TTP/1.1 200 OK[\r][\n]"
02:36:26.483 [Test worker] DEBUG org.apache.http.wire - http-outgoing-76 << "Content-Type: application/json[\r][\n]"
02:36:26.483 [Test worker] DEBUG org.apache.http.wire - http-outgoing-76 << "Server: Docker/1.12.3 (linux)[\r][\n]"
02:36:26.483 [Test worker] DEBUG org.apache.http.wire - http-outgoing-76 << "Date: Tue, 03 Jan 2017 01:36:26 GMT[\r][\n]"
02:36:26.483 [Test worker] DEBUG org.apache.http.wire - http-outgoing-76 << "Content-Length: 1100[\r][\n]"
02:36:26.484 [Test worker] DEBUG org.apache.http.wire - http-outgoing-76 << "[\r][\n]"
02:36:26.484 [Test worker] DEBUG org.apache.http.wire - http-outgoing-76 << "[{"Name":"host","Id":"fe042b0866671b5be4f097ba43830c0a02959c058702d18e18c14a24d88a357d","Scope":"local","Driver":"host","EnableIPv6":false,"IPAM":{"Driver":"default","Options":null,"Config":[]},"Internal":false,"Containers":{},"Options":{},"Labels":{}},{"Name":"none","Id":"4d89c194eb79cd2beb38458d10a1b98c74d6b8462af72afde29ae7aca53ed5ca","Scope":"local","Driver":"null","EnableIPv6":false,"IPAM":{"Driver":"default","Options":null,"Config":[]},"Internal":false,"Containers":{},"Options":{},"Labels":{}},{"Name":"bridge","Id":"e0d36057aa1769e9fd52ba88be81b698b495f9b6b4946d0f98f24d971a27fc98","Scope":"local","Driver":"bridge","EnableIPv6":false,"IPAM":{"Driver":"default","Options":null,"Config":[{"Subnet":"172.17.0.0/16","Gateway":"172.17.0.1"}]},"Internal":false,"Containers":{},"Options":{"com.docker.network.bridge.default_bridge":"true","com.docker.network.bridge.enable_icc":"true","com.docker.network.bridge.enable_ip_masquerade":"true","com.docker.network.bridge.host_binding_ipv4":"0.0.0.0","com.docker.network.bridge.name":"docker0","com.docker.network.driver.mtu":"1500"},"Labels":{}}][\n]"
02:36:26.484 [Test worker] DEBUG org.apache.http.headers - http-outgoing-76 << HTTP/1.1 200 OK
02:36:26.484 [Test worker] DEBUG org.apache.http.headers - http-outgoing-76 << Content-Type: application/json
02:36:26.484 [Test worker] DEBUG org.apache.http.headers - http-outgoing-76 << Server: Docker/1.12.3 (linux)
02:36:26.484 [Test worker] DEBUG org.apache.http.headers - http-outgoing-76 << Date: Tue, 03 Jan 2017 01:36:26 GMT
02:36:26.484 [Test worker] DEBUG org.apache.http.headers - http-outgoing-76 << Content-Length: 1100
02:36:26.484 [Test worker] DEBUG o.a.h.impl.execchain.MainClientExec - Connection can be kept alive indefinitely
02:36:26.485 [Test worker] DEBUG c.g.d.j.JerseyDockerCmdExecFactory - 4 * Client response received on thread Test worker
4 < 200
4 < Content-Length: 1100
4 < Content-Type: application/json
4 < Date: Tue, 03 Jan 2017 01:36:26 GMT
4 < Server: Docker/1.12.3 (linux)
[{"Name":"host","Id":"fe042b0866671b5be4f097ba43830c0a02959c058702d18e18c14a24d88a357d","Scope":"local","Driver":"host","EnableIPv6":false,"IPAM":{"Driver":"default","Options":null,"Config":[]},"Internal":false,"Containers":{},"Options":{},"Labels":{}},{"Name":"none","Id":"4d89c194eb79cd2beb38458d10a1b98c74d6b8462af72afde29ae7aca53ed5ca","Scope":"local","Driver":"null","EnableIPv6":false,"IPAM":{"Driver":"default","Options":null,"Config":[]},"Internal":false,"Containers":{},"Options":{},"Labels":{}},{"Name":"bridge","Id":"e0d36057aa1769e9fd52ba88be81b698b495f9b6b4946d0f98f24d971a27fc98","Scope":"local","Driver":"bridge","EnableIPv6":false,"IPAM":{"Driver":"default","Options":null,"Config":[{"Subnet":"172.17.0.0/16","Gateway":"172.17.0.1"}]},"Internal":false,"Containers":{},"Options":{"com.docker.network.bridge.default_bridge":"true","com.docker.network.bridge.enable_icc":"true","com.docker.network.bridge.enable_ip_masquerade":"true","com.docker.network.bridge.host_binding_ipv4":"0.0.0.0","com.docker.network.bridge.name":"docker0","com.docker.network.driver.mtu":"1500"},"Labels":{}}]


02:36:26.490 [Test worker] DEBUG o.a.h.i.c.DefaultManagedHttpClientConnection - http-outgoing-76: Close connection
02:36:26.490 [Test worker] DEBUG o.a.h.impl.execchain.MainClientExec - Connection discarded
02:36:26.490 [Test worker] DEBUG c.g.d.j.JerseyDockerCmdExecFactory$1 - Connection released: [id: 76][route: {s}->https://Thesis:2376][total kept alive: 1; route allocated: 1 of 2; total allocated: 1 of 20]
02:36:26.490 [Test worker] DEBUG c.g.d.core.command.AbstrDockerCmd - Cmd: com.github.dockerjava.core.util.FiltersBuilder@0,com.github.dockerjava.jaxrs.ListVolumesCmdExec@253e41fe
02:36:26.491 [Test worker] DEBUG c.g.d.j.JerseyDockerCmdExecFactory - 5 * Sending client request on thread Test worker
5 > GET https://Thesis:2376/volumes
5 > Accept: application/json

02:36:26.491 [Test worker] DEBUG o.a.h.c.protocol.RequestAddCookies - CookieSpec selected: default
02:36:26.492 [Test worker] DEBUG o.a.h.c.protocol.RequestAuthCache - Auth cache not set in the context
02:36:26.492 [Test worker] DEBUG c.g.d.j.JerseyDockerCmdExecFactory$1 - Connection request: [route: {s}->https://Thesis:2376][total kept alive: 1; route allocated: 1 of 2; total allocated: 1 of 20]
02:36:26.492 [Test worker] DEBUG c.g.d.j.JerseyDockerCmdExecFactory$1 - Connection leased: [id: 77][route: {s}->https://Thesis:2376][total kept alive: 1; route allocated: 2 of 2; total allocated: 2 of 20]
02:36:26.492 [Test worker] DEBUG o.a.h.impl.execchain.MainClientExec - Opening connection {s}->https://Thesis:2376
02:36:26.492 [Test worker] DEBUG o.a.h.i.c.DefaultHttpClientConnectionOperator - Connecting to Thesis/127.0.1.1:2376
02:36:26.492 [Test worker] DEBUG o.a.h.c.s.SSLConnectionSocketFactory - Connecting socket to Thesis/127.0.1.1:2376 with timeout 0
02:36:26.495 [Test worker] DEBUG o.a.h.c.s.SSLConnectionSocketFactory - Enabled protocols: [TLSv1]
02:36:26.496 [Test worker] DEBUG o.a.h.c.s.SSLConnectionSocketFactory - Enabled cipher suites:[TLS_ECDHE_ECDSA_WITH_AES_128_CBC_SHA, TLS_ECDHE_RSA_WITH_AES_128_CBC_SHA, TLS_RSA_WITH_AES_128_CBC_SHA, TLS_ECDH_ECDSA_WITH_AES_128_CBC_SHA, TLS_ECDH_RSA_WITH_AES_128_CBC_SHA, TLS_DHE_RSA_WITH_AES_128_CBC_SHA, TLS_DHE_DSS_WITH_AES_128_CBC_SHA, TLS_ECDHE_ECDSA_WITH_3DES_EDE_CBC_SHA, TLS_ECDHE_RSA_WITH_3DES_EDE_CBC_SHA, SSL_RSA_WITH_3DES_EDE_CBC_SHA, TLS_ECDH_ECDSA_WITH_3DES_EDE_CBC_SHA, TLS_ECDH_RSA_WITH_3DES_EDE_CBC_SHA, SSL_DHE_RSA_WITH_3DES_EDE_CBC_SHA, SSL_DHE_DSS_WITH_3DES_EDE_CBC_SHA, TLS_ECDHE_ECDSA_WITH_RC4_128_SHA, TLS_ECDHE_RSA_WITH_RC4_128_SHA, SSL_RSA_WITH_RC4_128_SHA, TLS_ECDH_ECDSA_WITH_RC4_128_SHA, TLS_ECDH_RSA_WITH_RC4_128_SHA, SSL_RSA_WITH_RC4_128_MD5, TLS_EMPTY_RENEGOTIATION_INFO_SCSV]
02:36:26.496 [Test worker] DEBUG o.a.h.c.s.SSLConnectionSocketFactory - Starting handshake
02:36:26.577 [Test worker] DEBUG o.a.h.c.s.SSLConnectionSocketFactory - Secure session established
02:36:26.577 [Test worker] DEBUG o.a.h.c.s.SSLConnectionSocketFactory -  negotiated protocol: TLSv1
02:36:26.577 [Test worker] DEBUG o.a.h.c.s.SSLConnectionSocketFactory -  negotiated cipher suite: TLS_ECDHE_RSA_WITH_AES_128_CBC_SHA
02:36:26.577 [Test worker] DEBUG o.a.h.c.s.SSLConnectionSocketFactory -  peer principal: CN=Thesis
02:36:26.577 [Test worker] DEBUG o.a.h.c.s.SSLConnectionSocketFactory -  issuer principal: EMAILADDRESS=sha@yamil.com, CN=Thesis, OU=Open, O=Fra, L=BER, ST=BER, C=DE
02:36:26.578 [Test worker] DEBUG o.a.h.i.c.DefaultHttpClientConnectionOperator - Connection established 127.0.0.1:41454<->127.0.1.1:2376
02:36:26.578 [Test worker] DEBUG o.a.h.impl.execchain.MainClientExec - Executing request GET /volumes HTTP/1.1
02:36:26.578 [Test worker] DEBUG o.a.h.impl.execchain.MainClientExec - Target auth state: UNCHALLENGED
02:36:26.578 [Test worker] DEBUG o.a.h.impl.execchain.MainClientExec - Proxy auth state: UNCHALLENGED
02:36:26.578 [Test worker] DEBUG org.apache.http.headers - http-outgoing-77 >> GET /volumes HTTP/1.1
02:36:26.578 [Test worker] DEBUG org.apache.http.headers - http-outgoing-77 >> Accept: application/json
02:36:26.578 [Test worker] DEBUG org.apache.http.headers - http-outgoing-77 >> User-Agent: Jersey/2.23.1 (Apache HttpClient 4.5.1)
02:36:26.579 [Test worker] DEBUG org.apache.http.headers - http-outgoing-77 >> Host: Thesis:2376
02:36:26.579 [Test worker] DEBUG org.apache.http.headers - http-outgoing-77 >> Connection: Keep-Alive
02:36:26.579 [Test worker] DEBUG org.apache.http.headers - http-outgoing-77 >> Accept-Encoding: gzip,deflate
02:36:26.579 [Test worker] DEBUG org.apache.http.wire - http-outgoing-77 >> "GET /volumes HTTP/1.1[\r][\n]"
02:36:26.579 [Test worker] DEBUG org.apache.http.wire - http-outgoing-77 >> "Accept: application/json[\r][\n]"
02:36:26.579 [Test worker] DEBUG org.apache.http.wire - http-outgoing-77 >> "User-Agent: Jersey/2.23.1 (Apache HttpClient 4.5.1)[\r][\n]"
02:36:26.579 [Test worker] DEBUG org.apache.http.wire - http-outgoing-77 >> "Host: Thesis:2376[\r][\n]"
02:36:26.579 [Test worker] DEBUG org.apache.http.wire - http-outgoing-77 >> "Connection: Keep-Alive[\r][\n]"
02:36:26.580 [Test worker] DEBUG org.apache.http.wire - http-outgoing-77 >> "Accept-Encoding: gzip,deflate[\r][\n]"
02:36:26.580 [Test worker] DEBUG org.apache.http.wire - http-outgoing-77 >> "[\r][\n]"
02:36:26.580 [Test worker] DEBUG org.apache.http.wire - http-outgoing-77 << "H"
02:36:26.580 [Test worker] DEBUG org.apache.http.wire - http-outgoing-77 << "TTP/1.1 200 OK[\r][\n]"
02:36:26.580 [Test worker] DEBUG org.apache.http.wire - http-outgoing-77 << "Content-Type: application/json[\r][\n]"
02:36:26.581 [Test worker] DEBUG org.apache.http.wire - http-outgoing-77 << "Server: Docker/1.12.3 (linux)[\r][\n]"
02:36:26.581 [Test worker] DEBUG org.apache.http.wire - http-outgoing-77 << "Date: Tue, 03 Jan 2017 01:36:26 GMT[\r][\n]"
02:36:26.581 [Test worker] DEBUG org.apache.http.wire - http-outgoing-77 << "Content-Length: 33[\r][\n]"
02:36:26.581 [Test worker] DEBUG org.apache.http.wire - http-outgoing-77 << "[\r][\n]"
02:36:26.581 [Test worker] DEBUG org.apache.http.wire - http-outgoing-77 << "{"Volumes":null,"Warnings":null}[\n]"
02:36:26.583 [Test worker] DEBUG org.apache.http.headers - http-outgoing-77 << HTTP/1.1 200 OK
02:36:26.584 [Test worker] DEBUG org.apache.http.headers - http-outgoing-77 << Content-Type: application/json
02:36:26.584 [Test worker] DEBUG org.apache.http.headers - http-outgoing-77 << Server: Docker/1.12.3 (linux)
02:36:26.584 [Test worker] DEBUG org.apache.http.headers - http-outgoing-77 << Date: Tue, 03 Jan 2017 01:36:26 GMT
02:36:26.584 [Test worker] DEBUG org.apache.http.headers - http-outgoing-77 << Content-Length: 33
02:36:26.584 [Test worker] DEBUG o.a.h.impl.execchain.MainClientExec - Connection can be kept alive indefinitely
02:36:26.584 [Test worker] DEBUG c.g.d.j.JerseyDockerCmdExecFactory - 6 * Client response received on thread Test worker
6 < 200
6 < Content-Length: 33
6 < Content-Type: application/json
6 < Date: Tue, 03 Jan 2017 01:36:26 GMT
6 < Server: Docker/1.12.3 (linux)
{"Volumes":null,"Warnings":null}


02:36:26.587 [Test worker] DEBUG o.a.h.i.c.DefaultManagedHttpClientConnection - http-outgoing-77: Close connection
02:36:26.587 [Test worker] DEBUG o.a.h.impl.execchain.MainClientExec - Connection discarded
02:36:26.587 [Test worker] DEBUG c.g.d.j.JerseyDockerCmdExecFactory$1 - Connection released: [id: 77][route: {s}->https://Thesis:2376][total kept alive: 1; route allocated: 1 of 2; total allocated: 1 of 20]
02:36:26.588 [Test worker] DEBUG c.g.d.core.command.AbstrDockerCmd - Cmd: NewVolume,local,<null>,com.github.dockerjava.jaxrs.CreateVolumeCmdExec@bc5e22a
02:36:26.589 [Test worker] DEBUG o.a.h.c.protocol.RequestAddCookies - CookieSpec selected: default
02:36:26.593 [Test worker] DEBUG o.a.h.c.protocol.RequestAuthCache - Auth cache not set in the context
02:36:26.593 [Test worker] DEBUG c.g.d.j.JerseyDockerCmdExecFactory$1 - Connection request: [route: {s}->https://Thesis:2376][total kept alive: 1; route allocated: 1 of 2; total allocated: 1 of 20]
02:36:26.593 [Test worker] DEBUG c.g.d.j.JerseyDockerCmdExecFactory$1 - Connection leased: [id: 78][route: {s}->https://Thesis:2376][total kept alive: 1; route allocated: 2 of 2; total allocated: 2 of 20]
02:36:26.593 [Test worker] DEBUG o.a.h.impl.execchain.MainClientExec - Opening connection {s}->https://Thesis:2376
02:36:26.593 [Test worker] DEBUG o.a.h.i.c.DefaultHttpClientConnectionOperator - Connecting to Thesis/127.0.1.1:2376
02:36:26.594 [Test worker] DEBUG o.a.h.c.s.SSLConnectionSocketFactory - Connecting socket to Thesis/127.0.1.1:2376 with timeout 0
02:36:26.594 [Test worker] DEBUG o.a.h.c.s.SSLConnectionSocketFactory - Enabled protocols: [TLSv1]
02:36:26.596 [Test worker] DEBUG o.a.h.c.s.SSLConnectionSocketFactory - Enabled cipher suites:[TLS_ECDHE_ECDSA_WITH_AES_128_CBC_SHA, TLS_ECDHE_RSA_WITH_AES_128_CBC_SHA, TLS_RSA_WITH_AES_128_CBC_SHA, TLS_ECDH_ECDSA_WITH_AES_128_CBC_SHA, TLS_ECDH_RSA_WITH_AES_128_CBC_SHA, TLS_DHE_RSA_WITH_AES_128_CBC_SHA, TLS_DHE_DSS_WITH_AES_128_CBC_SHA, TLS_ECDHE_ECDSA_WITH_3DES_EDE_CBC_SHA, TLS_ECDHE_RSA_WITH_3DES_EDE_CBC_SHA, SSL_RSA_WITH_3DES_EDE_CBC_SHA, TLS_ECDH_ECDSA_WITH_3DES_EDE_CBC_SHA, TLS_ECDH_RSA_WITH_3DES_EDE_CBC_SHA, SSL_DHE_RSA_WITH_3DES_EDE_CBC_SHA, SSL_DHE_DSS_WITH_3DES_EDE_CBC_SHA, TLS_ECDHE_ECDSA_WITH_RC4_128_SHA, TLS_ECDHE_RSA_WITH_RC4_128_SHA, SSL_RSA_WITH_RC4_128_SHA, TLS_ECDH_ECDSA_WITH_RC4_128_SHA, TLS_ECDH_RSA_WITH_RC4_128_SHA, SSL_RSA_WITH_RC4_128_MD5, TLS_EMPTY_RENEGOTIATION_INFO_SCSV]
02:36:26.596 [Test worker] DEBUG o.a.h.c.s.SSLConnectionSocketFactory - Starting handshake
02:36:26.682 [Test worker] DEBUG o.a.h.c.s.SSLConnectionSocketFactory - Secure session established
02:36:26.682 [Test worker] DEBUG o.a.h.c.s.SSLConnectionSocketFactory -  negotiated protocol: TLSv1
02:36:26.682 [Test worker] DEBUG o.a.h.c.s.SSLConnectionSocketFactory -  negotiated cipher suite: TLS_ECDHE_RSA_WITH_AES_128_CBC_SHA
02:36:26.682 [Test worker] DEBUG o.a.h.c.s.SSLConnectionSocketFactory -  peer principal: CN=Thesis
02:36:26.682 [Test worker] DEBUG o.a.h.c.s.SSLConnectionSocketFactory -  issuer principal: EMAILADDRESS=sha@yamil.com, CN=Thesis, OU=Open, O=Fra, L=BER, ST=BER, C=DE
02:36:26.683 [Test worker] DEBUG o.a.h.i.c.DefaultHttpClientConnectionOperator - Connection established 127.0.0.1:41456<->127.0.1.1:2376
02:36:26.683 [Test worker] DEBUG o.a.h.impl.execchain.MainClientExec - Executing request POST /volumes/create HTTP/1.1
02:36:26.683 [Test worker] DEBUG o.a.h.impl.execchain.MainClientExec - Target auth state: UNCHALLENGED
02:36:26.683 [Test worker] DEBUG o.a.h.impl.execchain.MainClientExec - Proxy auth state: UNCHALLENGED
02:36:26.683 [Test worker] DEBUG org.apache.http.headers - http-outgoing-78 >> POST /volumes/create HTTP/1.1
02:36:26.683 [Test worker] DEBUG org.apache.http.headers - http-outgoing-78 >> Accept: application/json
02:36:26.684 [Test worker] DEBUG org.apache.http.headers - http-outgoing-78 >> Content-Type: application/json
02:36:26.684 [Test worker] DEBUG org.apache.http.headers - http-outgoing-78 >> User-Agent: Jersey/2.23.1 (Apache HttpClient 4.5.1)
02:36:26.684 [Test worker] DEBUG org.apache.http.headers - http-outgoing-78 >> Transfer-Encoding: chunked
02:36:26.684 [Test worker] DEBUG org.apache.http.headers - http-outgoing-78 >> Host: Thesis:2376
02:36:26.684 [Test worker] DEBUG org.apache.http.headers - http-outgoing-78 >> Connection: Keep-Alive
02:36:26.684 [Test worker] DEBUG org.apache.http.headers - http-outgoing-78 >> Accept-Encoding: gzip,deflate
02:36:26.686 [Test worker] DEBUG c.g.d.j.JerseyDockerCmdExecFactory - 7 * Sending client request on thread Test worker
7 > POST https://Thesis:2376/volumes/create
7 > Accept: application/json
7 > Content-Type: application/json
{"Name":"NewVolume","Driver":"local","DriverOpts":null}

02:36:26.688 [Test worker] DEBUG org.apache.http.wire - http-outgoing-78 >> "POST /volumes/create HTTP/1.1[\r][\n]"
02:36:26.689 [Test worker] DEBUG org.apache.http.wire - http-outgoing-78 >> "Accept: application/json[\r][\n]"
02:36:26.689 [Test worker] DEBUG org.apache.http.wire - http-outgoing-78 >> "Content-Type: application/json[\r][\n]"
02:36:26.689 [Test worker] DEBUG org.apache.http.wire - http-outgoing-78 >> "User-Agent: Jersey/2.23.1 (Apache HttpClient 4.5.1)[\r][\n]"
02:36:26.689 [Test worker] DEBUG org.apache.http.wire - http-outgoing-78 >> "Transfer-Encoding: chunked[\r][\n]"
02:36:26.689 [Test worker] DEBUG org.apache.http.wire - http-outgoing-78 >> "Host: Thesis:2376[\r][\n]"
02:36:26.689 [Test worker] DEBUG org.apache.http.wire - http-outgoing-78 >> "Connection: Keep-Alive[\r][\n]"
02:36:26.689 [Test worker] DEBUG org.apache.http.wire - http-outgoing-78 >> "Accept-Encoding: gzip,deflate[\r][\n]"
02:36:26.690 [Test worker] DEBUG org.apache.http.wire - http-outgoing-78 >> "[\r][\n]"
02:36:26.690 [Test worker] DEBUG org.apache.http.wire - http-outgoing-78 >> "37[\r][\n]"
02:36:26.690 [Test worker] DEBUG org.apache.http.wire - http-outgoing-78 >> "{"Name":"NewVolume","Driver":"local","DriverOpts":null}[\r][\n]"
02:36:26.690 [Test worker] DEBUG org.apache.http.wire - http-outgoing-78 >> "0[\r][\n]"
02:36:26.690 [Test worker] DEBUG org.apache.http.wire - http-outgoing-78 >> "[\r][\n]"
02:36:26.692 [Test worker] DEBUG org.apache.http.wire - http-outgoing-78 << "H"
02:36:26.695 [Test worker] DEBUG org.apache.http.wire - http-outgoing-78 << "TTP/1.1 201 Created[\r][\n]"
02:36:26.695 [Test worker] DEBUG org.apache.http.wire - http-outgoing-78 << "Content-Type: application/json[\r][\n]"
02:36:26.695 [Test worker] DEBUG org.apache.http.wire - http-outgoing-78 << "Server: Docker/1.12.3 (linux)[\r][\n]"
02:36:26.695 [Test worker] DEBUG org.apache.http.wire - http-outgoing-78 << "Date: Tue, 03 Jan 2017 01:36:26 GMT[\r][\n]"
02:36:26.696 [Test worker] DEBUG org.apache.http.wire - http-outgoing-78 << "Content-Length: 123[\r][\n]"
02:36:26.696 [Test worker] DEBUG org.apache.http.wire - http-outgoing-78 << "[\r][\n]"
02:36:26.696 [Test worker] DEBUG org.apache.http.wire - http-outgoing-78 << "{"Name":"NewVolume","Driver":"local","Mountpoint":"/var/lib/docker/volumes/NewVolume/_data","Labels":null,"Scope":"local"}[\n]"
02:36:26.696 [Test worker] DEBUG org.apache.http.headers - http-outgoing-78 << HTTP/1.1 201 Created
02:36:26.696 [Test worker] DEBUG org.apache.http.headers - http-outgoing-78 << Content-Type: application/json
02:36:26.696 [Test worker] DEBUG org.apache.http.headers - http-outgoing-78 << Server: Docker/1.12.3 (linux)
02:36:26.696 [Test worker] DEBUG org.apache.http.headers - http-outgoing-78 << Date: Tue, 03 Jan 2017 01:36:26 GMT
02:36:26.696 [Test worker] DEBUG org.apache.http.headers - http-outgoing-78 << Content-Length: 123
02:36:26.697 [Test worker] DEBUG o.a.h.impl.execchain.MainClientExec - Connection can be kept alive indefinitely
02:36:26.697 [Test worker] DEBUG c.g.d.j.JerseyDockerCmdExecFactory - 8 * Client response received on thread Test worker
8 < 201
8 < Content-Length: 123
8 < Content-Type: application/json
8 < Date: Tue, 03 Jan 2017 01:36:26 GMT
8 < Server: Docker/1.12.3 (linux)
{"Name":"NewVolume","Driver":"local","Mountpoint":"/var/lib/docker/volumes/NewVolume/_data","Labels":null,"Scope":"local"}


02:36:26.699 [Test worker] DEBUG o.a.h.i.c.DefaultManagedHttpClientConnection - http-outgoing-78: Close connection
02:36:26.699 [Test worker] DEBUG o.a.h.impl.execchain.MainClientExec - Connection discarded
02:36:26.699 [Test worker] DEBUG c.g.d.j.JerseyDockerCmdExecFactory$1 - Connection released: [id: 78][route: {s}->https://Thesis:2376][total kept alive: 1; route allocated: 1 of 2; total allocated: 1 of 20]
02:36:26.700 [Test worker] INFO  org.openbaton.docker.DockerVim - Volume 'NewVolume' created successfully
02:36:26.700 [Test worker] DEBUG c.g.d.core.command.AbstrDockerCmd - Cmd: NewVolume,com.github.dockerjava.jaxrs.InspectVolumeCmdExec@4f7a78c3
02:36:26.701 [Test worker] DEBUG c.g.d.j.JerseyDockerCmdExecFactory - 9 * Sending client request on thread Test worker
9 > GET https://Thesis:2376/volumes/NewVolume
9 > Accept: application/json

02:36:26.702 [Test worker] DEBUG o.a.h.c.protocol.RequestAddCookies - CookieSpec selected: default
02:36:26.702 [Test worker] DEBUG o.a.h.c.protocol.RequestAuthCache - Auth cache not set in the context
02:36:26.702 [Test worker] DEBUG c.g.d.j.JerseyDockerCmdExecFactory$1 - Connection request: [route: {s}->https://Thesis:2376][total kept alive: 1; route allocated: 1 of 2; total allocated: 1 of 20]
02:36:26.702 [Test worker] DEBUG c.g.d.j.JerseyDockerCmdExecFactory$1 - Connection leased: [id: 79][route: {s}->https://Thesis:2376][total kept alive: 1; route allocated: 2 of 2; total allocated: 2 of 20]
02:36:26.703 [Test worker] DEBUG o.a.h.impl.execchain.MainClientExec - Opening connection {s}->https://Thesis:2376
02:36:26.703 [Test worker] DEBUG o.a.h.i.c.DefaultHttpClientConnectionOperator - Connecting to Thesis/127.0.1.1:2376
02:36:26.703 [Test worker] DEBUG o.a.h.c.s.SSLConnectionSocketFactory - Connecting socket to Thesis/127.0.1.1:2376 with timeout 0
02:36:26.704 [Test worker] DEBUG o.a.h.c.s.SSLConnectionSocketFactory - Enabled protocols: [TLSv1]
02:36:26.704 [Test worker] DEBUG o.a.h.c.s.SSLConnectionSocketFactory - Enabled cipher suites:[TLS_ECDHE_ECDSA_WITH_AES_128_CBC_SHA, TLS_ECDHE_RSA_WITH_AES_128_CBC_SHA, TLS_RSA_WITH_AES_128_CBC_SHA, TLS_ECDH_ECDSA_WITH_AES_128_CBC_SHA, TLS_ECDH_RSA_WITH_AES_128_CBC_SHA, TLS_DHE_RSA_WITH_AES_128_CBC_SHA, TLS_DHE_DSS_WITH_AES_128_CBC_SHA, TLS_ECDHE_ECDSA_WITH_3DES_EDE_CBC_SHA, TLS_ECDHE_RSA_WITH_3DES_EDE_CBC_SHA, SSL_RSA_WITH_3DES_EDE_CBC_SHA, TLS_ECDH_ECDSA_WITH_3DES_EDE_CBC_SHA, TLS_ECDH_RSA_WITH_3DES_EDE_CBC_SHA, SSL_DHE_RSA_WITH_3DES_EDE_CBC_SHA, SSL_DHE_DSS_WITH_3DES_EDE_CBC_SHA, TLS_ECDHE_ECDSA_WITH_RC4_128_SHA, TLS_ECDHE_RSA_WITH_RC4_128_SHA, SSL_RSA_WITH_RC4_128_SHA, TLS_ECDH_ECDSA_WITH_RC4_128_SHA, TLS_ECDH_RSA_WITH_RC4_128_SHA, SSL_RSA_WITH_RC4_128_MD5, TLS_EMPTY_RENEGOTIATION_INFO_SCSV]
02:36:26.704 [Test worker] DEBUG o.a.h.c.s.SSLConnectionSocketFactory - Starting handshake
02:36:26.764 [Test worker] DEBUG o.a.h.c.s.SSLConnectionSocketFactory - Secure session established
02:36:26.765 [Test worker] DEBUG o.a.h.c.s.SSLConnectionSocketFactory -  negotiated protocol: TLSv1
02:36:26.765 [Test worker] DEBUG o.a.h.c.s.SSLConnectionSocketFactory -  negotiated cipher suite: TLS_ECDHE_RSA_WITH_AES_128_CBC_SHA
02:36:26.765 [Test worker] DEBUG o.a.h.c.s.SSLConnectionSocketFactory -  peer principal: CN=Thesis
02:36:26.765 [Test worker] DEBUG o.a.h.c.s.SSLConnectionSocketFactory -  issuer principal: EMAILADDRESS=sha@yamil.com, CN=Thesis, OU=Open, O=Fra, L=BER, ST=BER, C=DE
02:36:26.765 [Test worker] DEBUG o.a.h.i.c.DefaultHttpClientConnectionOperator - Connection established 127.0.0.1:41458<->127.0.1.1:2376
02:36:26.765 [Test worker] DEBUG o.a.h.impl.execchain.MainClientExec - Executing request GET /volumes/NewVolume HTTP/1.1
02:36:26.766 [Test worker] DEBUG o.a.h.impl.execchain.MainClientExec - Target auth state: UNCHALLENGED
02:36:26.766 [Test worker] DEBUG o.a.h.impl.execchain.MainClientExec - Proxy auth state: UNCHALLENGED
02:36:26.766 [Test worker] DEBUG org.apache.http.headers - http-outgoing-79 >> GET /volumes/NewVolume HTTP/1.1
02:36:26.766 [Test worker] DEBUG org.apache.http.headers - http-outgoing-79 >> Accept: application/json
02:36:26.766 [Test worker] DEBUG org.apache.http.headers - http-outgoing-79 >> User-Agent: Jersey/2.23.1 (Apache HttpClient 4.5.1)
02:36:26.766 [Test worker] DEBUG org.apache.http.headers - http-outgoing-79 >> Host: Thesis:2376
02:36:26.767 [Test worker] DEBUG org.apache.http.headers - http-outgoing-79 >> Connection: Keep-Alive
02:36:26.767 [Test worker] DEBUG org.apache.http.headers - http-outgoing-79 >> Accept-Encoding: gzip,deflate
02:36:26.767 [Test worker] DEBUG org.apache.http.wire - http-outgoing-79 >> "GET /volumes/NewVolume HTTP/1.1[\r][\n]"
02:36:26.767 [Test worker] DEBUG org.apache.http.wire - http-outgoing-79 >> "Accept: application/json[\r][\n]"
02:36:26.767 [Test worker] DEBUG org.apache.http.wire - http-outgoing-79 >> "User-Agent: Jersey/2.23.1 (Apache HttpClient 4.5.1)[\r][\n]"
02:36:26.767 [Test worker] DEBUG org.apache.http.wire - http-outgoing-79 >> "Host: Thesis:2376[\r][\n]"
02:36:26.767 [Test worker] DEBUG org.apache.http.wire - http-outgoing-79 >> "Connection: Keep-Alive[\r][\n]"
02:36:26.767 [Test worker] DEBUG org.apache.http.wire - http-outgoing-79 >> "Accept-Encoding: gzip,deflate[\r][\n]"
02:36:26.768 [Test worker] DEBUG org.apache.http.wire - http-outgoing-79 >> "[\r][\n]"
02:36:26.771 [Test worker] DEBUG org.apache.http.wire - http-outgoing-79 << "H"
02:36:26.771 [Test worker] DEBUG org.apache.http.wire - http-outgoing-79 << "TTP/1.1 200 OK[\r][\n]"
02:36:26.771 [Test worker] DEBUG org.apache.http.wire - http-outgoing-79 << "Content-Type: application/json[\r][\n]"
02:36:26.771 [Test worker] DEBUG org.apache.http.wire - http-outgoing-79 << "Server: Docker/1.12.3 (linux)[\r][\n]"
02:36:26.772 [Test worker] DEBUG org.apache.http.wire - http-outgoing-79 << "Date: Tue, 03 Jan 2017 01:36:26 GMT[\r][\n]"
02:36:26.772 [Test worker] DEBUG org.apache.http.wire - http-outgoing-79 << "Content-Length: 123[\r][\n]"
02:36:26.772 [Test worker] DEBUG org.apache.http.wire - http-outgoing-79 << "[\r][\n]"
02:36:26.772 [Test worker] DEBUG org.apache.http.wire - http-outgoing-79 << "{"Name":"NewVolume","Driver":"local","Mountpoint":"/var/lib/docker/volumes/NewVolume/_data","Labels":null,"Scope":"local"}[\n]"
02:36:26.772 [Test worker] DEBUG org.apache.http.headers - http-outgoing-79 << HTTP/1.1 200 OK
02:36:26.772 [Test worker] DEBUG org.apache.http.headers - http-outgoing-79 << Content-Type: application/json
02:36:26.772 [Test worker] DEBUG org.apache.http.headers - http-outgoing-79 << Server: Docker/1.12.3 (linux)
02:36:26.773 [Test worker] DEBUG org.apache.http.headers - http-outgoing-79 << Date: Tue, 03 Jan 2017 01:36:26 GMT
02:36:26.773 [Test worker] DEBUG org.apache.http.headers - http-outgoing-79 << Content-Length: 123
02:36:26.773 [Test worker] DEBUG o.a.h.impl.execchain.MainClientExec - Connection can be kept alive indefinitely
02:36:26.773 [Test worker] DEBUG c.g.d.j.JerseyDockerCmdExecFactory - 10 * Client response received on thread Test worker
10 < 200
10 < Content-Length: 123
10 < Content-Type: application/json
10 < Date: Tue, 03 Jan 2017 01:36:26 GMT
10 < Server: Docker/1.12.3 (linux)
{"Name":"NewVolume","Driver":"local","Mountpoint":"/var/lib/docker/volumes/NewVolume/_data","Labels":null,"Scope":"local"}


02:36:26.774 [Test worker] DEBUG o.a.h.i.c.DefaultManagedHttpClientConnection - http-outgoing-79: Close connection
02:36:26.775 [Test worker] DEBUG o.a.h.impl.execchain.MainClientExec - Connection discarded
02:36:26.775 [Test worker] DEBUG c.g.d.j.JerseyDockerCmdExecFactory$1 - Connection released: [id: 79][route: {s}->https://Thesis:2376][total kept alive: 1; route allocated: 1 of 2; total allocated: 1 of 20]
02:36:26.775 [Test worker] DEBUG c.g.d.core.command.AbstrDockerCmd - Cmd: -1,<null>,true,<null>,<null>,com.github.dockerjava.core.util.FiltersBuilder@0,com.github.dockerjava.jaxrs.ListContainersCmdExec@3f1e3206
02:36:26.776 [Test worker] DEBUG c.g.d.j.JerseyDockerCmdExecFactory - 11 * Sending client request on thread Test worker
11 > GET https://Thesis:2376/containers/json?all=true
11 > Accept: application/json

02:36:26.776 [Test worker] DEBUG o.a.h.c.protocol.RequestAddCookies - CookieSpec selected: default
02:36:26.776 [Test worker] DEBUG o.a.h.c.protocol.RequestAuthCache - Auth cache not set in the context
02:36:26.776 [Test worker] DEBUG c.g.d.j.JerseyDockerCmdExecFactory$1 - Connection request: [route: {s}->https://Thesis:2376][total kept alive: 1; route allocated: 1 of 2; total allocated: 1 of 20]
02:36:26.777 [Test worker] DEBUG c.g.d.j.JerseyDockerCmdExecFactory$1 - Connection leased: [id: 80][route: {s}->https://Thesis:2376][total kept alive: 1; route allocated: 2 of 2; total allocated: 2 of 20]
02:36:26.777 [Test worker] DEBUG o.a.h.impl.execchain.MainClientExec - Opening connection {s}->https://Thesis:2376
02:36:26.777 [Test worker] DEBUG o.a.h.i.c.DefaultHttpClientConnectionOperator - Connecting to Thesis/127.0.1.1:2376
02:36:26.777 [Test worker] DEBUG o.a.h.c.s.SSLConnectionSocketFactory - Connecting socket to Thesis/127.0.1.1:2376 with timeout 0
02:36:26.778 [Test worker] DEBUG o.a.h.c.s.SSLConnectionSocketFactory - Enabled protocols: [TLSv1]
02:36:26.778 [Test worker] DEBUG o.a.h.c.s.SSLConnectionSocketFactory - Enabled cipher suites:[TLS_ECDHE_ECDSA_WITH_AES_128_CBC_SHA, TLS_ECDHE_RSA_WITH_AES_128_CBC_SHA, TLS_RSA_WITH_AES_128_CBC_SHA, TLS_ECDH_ECDSA_WITH_AES_128_CBC_SHA, TLS_ECDH_RSA_WITH_AES_128_CBC_SHA, TLS_DHE_RSA_WITH_AES_128_CBC_SHA, TLS_DHE_DSS_WITH_AES_128_CBC_SHA, TLS_ECDHE_ECDSA_WITH_3DES_EDE_CBC_SHA, TLS_ECDHE_RSA_WITH_3DES_EDE_CBC_SHA, SSL_RSA_WITH_3DES_EDE_CBC_SHA, TLS_ECDH_ECDSA_WITH_3DES_EDE_CBC_SHA, TLS_ECDH_RSA_WITH_3DES_EDE_CBC_SHA, SSL_DHE_RSA_WITH_3DES_EDE_CBC_SHA, SSL_DHE_DSS_WITH_3DES_EDE_CBC_SHA, TLS_ECDHE_ECDSA_WITH_RC4_128_SHA, TLS_ECDHE_RSA_WITH_RC4_128_SHA, SSL_RSA_WITH_RC4_128_SHA, TLS_ECDH_ECDSA_WITH_RC4_128_SHA, TLS_ECDH_RSA_WITH_RC4_128_SHA, SSL_RSA_WITH_RC4_128_MD5, TLS_EMPTY_RENEGOTIATION_INFO_SCSV]
02:36:26.778 [Test worker] DEBUG o.a.h.c.s.SSLConnectionSocketFactory - Starting handshake
02:36:26.838 [Test worker] DEBUG o.a.h.c.s.SSLConnectionSocketFactory - Secure session established
02:36:26.838 [Test worker] DEBUG o.a.h.c.s.SSLConnectionSocketFactory -  negotiated protocol: TLSv1
02:36:26.838 [Test worker] DEBUG o.a.h.c.s.SSLConnectionSocketFactory -  negotiated cipher suite: TLS_ECDHE_RSA_WITH_AES_128_CBC_SHA
02:36:26.838 [Test worker] DEBUG o.a.h.c.s.SSLConnectionSocketFactory -  peer principal: CN=Thesis
02:36:26.838 [Test worker] DEBUG o.a.h.c.s.SSLConnectionSocketFactory -  issuer principal: EMAILADDRESS=sha@yamil.com, CN=Thesis, OU=Open, O=Fra, L=BER, ST=BER, C=DE
02:36:26.839 [Test worker] DEBUG o.a.h.i.c.DefaultHttpClientConnectionOperator - Connection established 127.0.0.1:41460<->127.0.1.1:2376
02:36:26.839 [Test worker] DEBUG o.a.h.impl.execchain.MainClientExec - Executing request GET /containers/json?all=true HTTP/1.1
02:36:26.839 [Test worker] DEBUG o.a.h.impl.execchain.MainClientExec - Target auth state: UNCHALLENGED
02:36:26.839 [Test worker] DEBUG o.a.h.impl.execchain.MainClientExec - Proxy auth state: UNCHALLENGED
02:36:26.839 [Test worker] DEBUG org.apache.http.headers - http-outgoing-80 >> GET /containers/json?all=true HTTP/1.1
02:36:26.839 [Test worker] DEBUG org.apache.http.headers - http-outgoing-80 >> Accept: application/json
02:36:26.839 [Test worker] DEBUG org.apache.http.headers - http-outgoing-80 >> User-Agent: Jersey/2.23.1 (Apache HttpClient 4.5.1)
02:36:26.840 [Test worker] DEBUG org.apache.http.headers - http-outgoing-80 >> Host: Thesis:2376
02:36:26.840 [Test worker] DEBUG org.apache.http.headers - http-outgoing-80 >> Connection: Keep-Alive
02:36:26.840 [Test worker] DEBUG org.apache.http.headers - http-outgoing-80 >> Accept-Encoding: gzip,deflate
02:36:26.840 [Test worker] DEBUG org.apache.http.wire - http-outgoing-80 >> "GET /containers/json?all=true HTTP/1.1[\r][\n]"
02:36:26.840 [Test worker] DEBUG org.apache.http.wire - http-outgoing-80 >> "Accept: application/json[\r][\n]"
02:36:26.840 [Test worker] DEBUG org.apache.http.wire - http-outgoing-80 >> "User-Agent: Jersey/2.23.1 (Apache HttpClient 4.5.1)[\r][\n]"
02:36:26.840 [Test worker] DEBUG org.apache.http.wire - http-outgoing-80 >> "Host: Thesis:2376[\r][\n]"
02:36:26.840 [Test worker] DEBUG org.apache.http.wire - http-outgoing-80 >> "Connection: Keep-Alive[\r][\n]"
02:36:26.840 [Test worker] DEBUG org.apache.http.wire - http-outgoing-80 >> "Accept-Encoding: gzip,deflate[\r][\n]"
02:36:26.841 [Test worker] DEBUG org.apache.http.wire - http-outgoing-80 >> "[\r][\n]"
02:36:26.841 [Test worker] DEBUG org.apache.http.wire - http-outgoing-80 << "H"
02:36:26.841 [Test worker] DEBUG org.apache.http.wire - http-outgoing-80 << "TTP/1.1 200 OK[\r][\n]"
02:36:26.841 [Test worker] DEBUG org.apache.http.wire - http-outgoing-80 << "Content-Type: application/json[\r][\n]"
02:36:26.841 [Test worker] DEBUG org.apache.http.wire - http-outgoing-80 << "Server: Docker/1.12.3 (linux)[\r][\n]"
02:36:26.841 [Test worker] DEBUG org.apache.http.wire - http-outgoing-80 << "Date: Tue, 03 Jan 2017 01:36:26 GMT[\r][\n]"
02:36:26.842 [Test worker] DEBUG org.apache.http.wire - http-outgoing-80 << "Content-Length: 3[\r][\n]"
02:36:26.842 [Test worker] DEBUG org.apache.http.wire - http-outgoing-80 << "[\r][\n]"
02:36:26.842 [Test worker] DEBUG org.apache.http.wire - http-outgoing-80 << "[][\n]"
02:36:26.842 [Test worker] DEBUG org.apache.http.headers - http-outgoing-80 << HTTP/1.1 200 OK
02:36:26.842 [Test worker] DEBUG org.apache.http.headers - http-outgoing-80 << Content-Type: application/json
02:36:26.842 [Test worker] DEBUG org.apache.http.headers - http-outgoing-80 << Server: Docker/1.12.3 (linux)
02:36:26.842 [Test worker] DEBUG org.apache.http.headers - http-outgoing-80 << Date: Tue, 03 Jan 2017 01:36:26 GMT
02:36:26.842 [Test worker] DEBUG org.apache.http.headers - http-outgoing-80 << Content-Length: 3
02:36:26.843 [Test worker] DEBUG o.a.h.impl.execchain.MainClientExec - Connection can be kept alive indefinitely
02:36:26.843 [Test worker] DEBUG c.g.d.j.JerseyDockerCmdExecFactory - 12 * Client response received on thread Test worker
12 < 200
12 < Content-Length: 3
12 < Content-Type: application/json
12 < Date: Tue, 03 Jan 2017 01:36:26 GMT
12 < Server: Docker/1.12.3 (linux)
[]


02:36:26.844 [Test worker] DEBUG c.g.d.j.JerseyDockerCmdExecFactory$1 - Connection [id: 80][route: {s}->https://Thesis:2376][state: CN=Thesis] can be kept alive indefinitely
02:36:26.844 [Test worker] DEBUG c.g.d.j.JerseyDockerCmdExecFactory$1 - Connection released: [id: 80][route: {s}->https://Thesis:2376][state: CN=Thesis][total kept alive: 2; route allocated: 2 of 2; total allocated: 2 of 20]
02:36:26.845 [Test worker] DEBUG c.g.d.core.command.AbstrDockerCmd - Cmd: com.github.dockerjava.core.util.FiltersBuilder@0,com.github.dockerjava.jaxrs.ListNetworksCmdExec@7c13dd72
02:36:26.845 [Test worker] DEBUG c.g.d.j.JerseyDockerCmdExecFactory - 13 * Sending client request on thread Test worker
13 > GET https://Thesis:2376/networks
13 > Accept: application/json

02:36:26.846 [Test worker] DEBUG o.a.h.c.protocol.RequestAddCookies - CookieSpec selected: default
02:36:26.846 [Test worker] DEBUG o.a.h.c.protocol.RequestAuthCache - Auth cache not set in the context
02:36:26.846 [Test worker] DEBUG c.g.d.j.JerseyDockerCmdExecFactory$1 - Connection request: [route: {s}->https://Thesis:2376][total kept alive: 2; route allocated: 2 of 2; total allocated: 2 of 20]
02:36:26.846 [Test worker] DEBUG o.a.h.i.c.DefaultManagedHttpClientConnection - http-outgoing-75: Close connection
02:36:26.846 [Test worker] DEBUG c.g.d.j.JerseyDockerCmdExecFactory$1 - Connection leased: [id: 81][route: {s}->https://Thesis:2376][total kept alive: 1; route allocated: 2 of 2; total allocated: 2 of 20]
02:36:26.846 [Test worker] DEBUG o.a.h.impl.execchain.MainClientExec - Opening connection {s}->https://Thesis:2376
02:36:26.847 [Test worker] DEBUG o.a.h.i.c.DefaultHttpClientConnectionOperator - Connecting to Thesis/127.0.1.1:2376
02:36:26.847 [Test worker] DEBUG o.a.h.c.s.SSLConnectionSocketFactory - Connecting socket to Thesis/127.0.1.1:2376 with timeout 0
02:36:26.847 [Test worker] DEBUG o.a.h.c.s.SSLConnectionSocketFactory - Enabled protocols: [TLSv1]
02:36:26.848 [Test worker] DEBUG o.a.h.c.s.SSLConnectionSocketFactory - Enabled cipher suites:[TLS_ECDHE_ECDSA_WITH_AES_128_CBC_SHA, TLS_ECDHE_RSA_WITH_AES_128_CBC_SHA, TLS_RSA_WITH_AES_128_CBC_SHA, TLS_ECDH_ECDSA_WITH_AES_128_CBC_SHA, TLS_ECDH_RSA_WITH_AES_128_CBC_SHA, TLS_DHE_RSA_WITH_AES_128_CBC_SHA, TLS_DHE_DSS_WITH_AES_128_CBC_SHA, TLS_ECDHE_ECDSA_WITH_3DES_EDE_CBC_SHA, TLS_ECDHE_RSA_WITH_3DES_EDE_CBC_SHA, SSL_RSA_WITH_3DES_EDE_CBC_SHA, TLS_ECDH_ECDSA_WITH_3DES_EDE_CBC_SHA, TLS_ECDH_RSA_WITH_3DES_EDE_CBC_SHA, SSL_DHE_RSA_WITH_3DES_EDE_CBC_SHA, SSL_DHE_DSS_WITH_3DES_EDE_CBC_SHA, TLS_ECDHE_ECDSA_WITH_RC4_128_SHA, TLS_ECDHE_RSA_WITH_RC4_128_SHA, SSL_RSA_WITH_RC4_128_SHA, TLS_ECDH_ECDSA_WITH_RC4_128_SHA, TLS_ECDH_RSA_WITH_RC4_128_SHA, SSL_RSA_WITH_RC4_128_MD5, TLS_EMPTY_RENEGOTIATION_INFO_SCSV]
02:36:26.848 [Test worker] DEBUG o.a.h.c.s.SSLConnectionSocketFactory - Starting handshake
02:36:26.912 [Test worker] DEBUG o.a.h.c.s.SSLConnectionSocketFactory - Secure session established
02:36:26.913 [Test worker] DEBUG o.a.h.c.s.SSLConnectionSocketFactory -  negotiated protocol: TLSv1
02:36:26.913 [Test worker] DEBUG o.a.h.c.s.SSLConnectionSocketFactory -  negotiated cipher suite: TLS_ECDHE_RSA_WITH_AES_128_CBC_SHA
02:36:26.913 [Test worker] DEBUG o.a.h.c.s.SSLConnectionSocketFactory -  peer principal: CN=Thesis
02:36:26.913 [Test worker] DEBUG o.a.h.c.s.SSLConnectionSocketFactory -  issuer principal: EMAILADDRESS=sha@yamil.com, CN=Thesis, OU=Open, O=Fra, L=BER, ST=BER, C=DE
02:36:26.914 [Test worker] DEBUG o.a.h.i.c.DefaultHttpClientConnectionOperator - Connection established 127.0.0.1:41462<->127.0.1.1:2376
02:36:26.914 [Test worker] DEBUG o.a.h.impl.execchain.MainClientExec - Executing request GET /networks HTTP/1.1
02:36:26.914 [Test worker] DEBUG o.a.h.impl.execchain.MainClientExec - Target auth state: UNCHALLENGED
02:36:26.914 [Test worker] DEBUG o.a.h.impl.execchain.MainClientExec - Proxy auth state: UNCHALLENGED
02:36:26.914 [Test worker] DEBUG org.apache.http.headers - http-outgoing-81 >> GET /networks HTTP/1.1
02:36:26.914 [Test worker] DEBUG org.apache.http.headers - http-outgoing-81 >> Accept: application/json
02:36:26.914 [Test worker] DEBUG org.apache.http.headers - http-outgoing-81 >> User-Agent: Jersey/2.23.1 (Apache HttpClient 4.5.1)
02:36:26.915 [Test worker] DEBUG org.apache.http.headers - http-outgoing-81 >> Host: Thesis:2376
02:36:26.915 [Test worker] DEBUG org.apache.http.headers - http-outgoing-81 >> Connection: Keep-Alive
02:36:26.915 [Test worker] DEBUG org.apache.http.headers - http-outgoing-81 >> Accept-Encoding: gzip,deflate
02:36:26.915 [Test worker] DEBUG org.apache.http.wire - http-outgoing-81 >> "GET /networks HTTP/1.1[\r][\n]"
02:36:26.915 [Test worker] DEBUG org.apache.http.wire - http-outgoing-81 >> "Accept: application/json[\r][\n]"
02:36:26.916 [Test worker] DEBUG org.apache.http.wire - http-outgoing-81 >> "User-Agent: Jersey/2.23.1 (Apache HttpClient 4.5.1)[\r][\n]"
02:36:26.916 [Test worker] DEBUG org.apache.http.wire - http-outgoing-81 >> "Host: Thesis:2376[\r][\n]"
02:36:26.916 [Test worker] DEBUG org.apache.http.wire - http-outgoing-81 >> "Connection: Keep-Alive[\r][\n]"
02:36:26.916 [Test worker] DEBUG org.apache.http.wire - http-outgoing-81 >> "Accept-Encoding: gzip,deflate[\r][\n]"
02:36:26.916 [Test worker] DEBUG org.apache.http.wire - http-outgoing-81 >> "[\r][\n]"
02:36:26.917 [Test worker] DEBUG org.apache.http.wire - http-outgoing-81 << "H"
02:36:26.917 [Test worker] DEBUG org.apache.http.wire - http-outgoing-81 << "TTP/1.1 200 OK[\r][\n]"
02:36:26.917 [Test worker] DEBUG org.apache.http.wire - http-outgoing-81 << "Content-Type: application/json[\r][\n]"
02:36:26.917 [Test worker] DEBUG org.apache.http.wire - http-outgoing-81 << "Server: Docker/1.12.3 (linux)[\r][\n]"
02:36:26.917 [Test worker] DEBUG org.apache.http.wire - http-outgoing-81 << "Date: Tue, 03 Jan 2017 01:36:26 GMT[\r][\n]"
02:36:26.917 [Test worker] DEBUG org.apache.http.wire - http-outgoing-81 << "Content-Length: 1100[\r][\n]"
02:36:26.918 [Test worker] DEBUG org.apache.http.wire - http-outgoing-81 << "[\r][\n]"
02:36:26.918 [Test worker] DEBUG org.apache.http.wire - http-outgoing-81 << "[{"Name":"host","Id":"fe042b0866671b5be4f097ba43830c0a02959c058702d18e18c14a24d88a357d","Scope":"local","Driver":"host","EnableIPv6":false,"IPAM":{"Driver":"default","Options":null,"Config":[]},"Internal":false,"Containers":{},"Options":{},"Labels":{}},{"Name":"none","Id":"4d89c194eb79cd2beb38458d10a1b98c74d6b8462af72afde29ae7aca53ed5ca","Scope":"local","Driver":"null","EnableIPv6":false,"IPAM":{"Driver":"default","Options":null,"Config":[]},"Internal":false,"Containers":{},"Options":{},"Labels":{}},{"Name":"bridge","Id":"e0d36057aa1769e9fd52ba88be81b698b495f9b6b4946d0f98f24d971a27fc98","Scope":"local","Driver":"bridge","EnableIPv6":false,"IPAM":{"Driver":"default","Options":null,"Config":[{"Subnet":"172.17.0.0/16","Gateway":"172.17.0.1"}]},"Internal":false,"Containers":{},"Options":{"com.docker.network.bridge.default_bridge":"true","com.docker.network.bridge.enable_icc":"true","com.docker.network.bridge.enable_ip_masquerade":"true","com.docker.network.bridge.host_binding_ipv4":"0.0.0.0","com.docker.network.bridge.name":"docker0","com.docker.network.driver.mtu":"1500"},"Labels":{}}][\n]"
02:36:26.919 [Test worker] DEBUG org.apache.http.headers - http-outgoing-81 << HTTP/1.1 200 OK
02:36:26.919 [Test worker] DEBUG org.apache.http.headers - http-outgoing-81 << Content-Type: application/json
02:36:26.919 [Test worker] DEBUG org.apache.http.headers - http-outgoing-81 << Server: Docker/1.12.3 (linux)
02:36:26.919 [Test worker] DEBUG org.apache.http.headers - http-outgoing-81 << Date: Tue, 03 Jan 2017 01:36:26 GMT
02:36:26.919 [Test worker] DEBUG org.apache.http.headers - http-outgoing-81 << Content-Length: 1100
02:36:26.919 [Test worker] DEBUG o.a.h.impl.execchain.MainClientExec - Connection can be kept alive indefinitely
02:36:26.920 [Test worker] DEBUG c.g.d.j.JerseyDockerCmdExecFactory - 14 * Client response received on thread Test worker
14 < 200
14 < Content-Length: 1100
14 < Content-Type: application/json
14 < Date: Tue, 03 Jan 2017 01:36:26 GMT
14 < Server: Docker/1.12.3 (linux)
[{"Name":"host","Id":"fe042b0866671b5be4f097ba43830c0a02959c058702d18e18c14a24d88a357d","Scope":"local","Driver":"host","EnableIPv6":false,"IPAM":{"Driver":"default","Options":null,"Config":[]},"Internal":false,"Containers":{},"Options":{},"Labels":{}},{"Name":"none","Id":"4d89c194eb79cd2beb38458d10a1b98c74d6b8462af72afde29ae7aca53ed5ca","Scope":"local","Driver":"null","EnableIPv6":false,"IPAM":{"Driver":"default","Options":null,"Config":[]},"Internal":false,"Containers":{},"Options":{},"Labels":{}},{"Name":"bridge","Id":"e0d36057aa1769e9fd52ba88be81b698b495f9b6b4946d0f98f24d971a27fc98","Scope":"local","Driver":"bridge","EnableIPv6":false,"IPAM":{"Driver":"default","Options":null,"Config":[{"Subnet":"172.17.0.0/16","Gateway":"172.17.0.1"}]},"Internal":false,"Containers":{},"Options":{"com.docker.network.bridge.default_bridge":"true","com.docker.network.bridge.enable_icc":"true","com.docker.network.bridge.enable_ip_masquerade":"true","com.docker.network.bridge.host_binding_ipv4":"0.0.0.0","com.docker.network.bridge.name":"docker0","com.docker.network.driver.mtu":"1500"},"Labels":{}}]


02:36:26.921 [Test worker] DEBUG o.a.h.i.c.DefaultManagedHttpClientConnection - http-outgoing-81: Close connection
02:36:26.922 [Test worker] DEBUG o.a.h.impl.execchain.MainClientExec - Connection discarded
02:36:26.923 [Test worker] DEBUG c.g.d.j.JerseyDockerCmdExecFactory$1 - Connection released: [id: 81][route: {s}->https://Thesis:2376][total kept alive: 1; route allocated: 1 of 2; total allocated: 1 of 20]
02:36:26.923 [Test worker] DEBUG c.g.d.core.command.AbstrDockerCmd - Cmd: com.github.dockerjava.core.util.FiltersBuilder@0,com.github.dockerjava.jaxrs.ListVolumesCmdExec@1c7d7259
02:36:26.923 [Test worker] DEBUG c.g.d.j.JerseyDockerCmdExecFactory - 15 * Sending client request on thread Test worker
15 > GET https://Thesis:2376/volumes
15 > Accept: application/json

02:36:26.924 [Test worker] DEBUG o.a.h.c.protocol.RequestAddCookies - CookieSpec selected: default
02:36:26.924 [Test worker] DEBUG o.a.h.c.protocol.RequestAuthCache - Auth cache not set in the context
02:36:26.924 [Test worker] DEBUG c.g.d.j.JerseyDockerCmdExecFactory$1 - Connection request: [route: {s}->https://Thesis:2376][total kept alive: 1; route allocated: 1 of 2; total allocated: 1 of 20]
02:36:26.925 [Test worker] DEBUG c.g.d.j.JerseyDockerCmdExecFactory$1 - Connection leased: [id: 82][route: {s}->https://Thesis:2376][total kept alive: 1; route allocated: 2 of 2; total allocated: 2 of 20]
02:36:26.925 [Test worker] DEBUG o.a.h.impl.execchain.MainClientExec - Opening connection {s}->https://Thesis:2376
02:36:26.925 [Test worker] DEBUG o.a.h.i.c.DefaultHttpClientConnectionOperator - Connecting to Thesis/127.0.1.1:2376
02:36:26.925 [Test worker] DEBUG o.a.h.c.s.SSLConnectionSocketFactory - Connecting socket to Thesis/127.0.1.1:2376 with timeout 0
02:36:26.926 [Test worker] DEBUG o.a.h.c.s.SSLConnectionSocketFactory - Enabled protocols: [TLSv1]
02:36:26.926 [Test worker] DEBUG o.a.h.c.s.SSLConnectionSocketFactory - Enabled cipher suites:[TLS_ECDHE_ECDSA_WITH_AES_128_CBC_SHA, TLS_ECDHE_RSA_WITH_AES_128_CBC_SHA, TLS_RSA_WITH_AES_128_CBC_SHA, TLS_ECDH_ECDSA_WITH_AES_128_CBC_SHA, TLS_ECDH_RSA_WITH_AES_128_CBC_SHA, TLS_DHE_RSA_WITH_AES_128_CBC_SHA, TLS_DHE_DSS_WITH_AES_128_CBC_SHA, TLS_ECDHE_ECDSA_WITH_3DES_EDE_CBC_SHA, TLS_ECDHE_RSA_WITH_3DES_EDE_CBC_SHA, SSL_RSA_WITH_3DES_EDE_CBC_SHA, TLS_ECDH_ECDSA_WITH_3DES_EDE_CBC_SHA, TLS_ECDH_RSA_WITH_3DES_EDE_CBC_SHA, SSL_DHE_RSA_WITH_3DES_EDE_CBC_SHA, SSL_DHE_DSS_WITH_3DES_EDE_CBC_SHA, TLS_ECDHE_ECDSA_WITH_RC4_128_SHA, TLS_ECDHE_RSA_WITH_RC4_128_SHA, SSL_RSA_WITH_RC4_128_SHA, TLS_ECDH_ECDSA_WITH_RC4_128_SHA, TLS_ECDH_RSA_WITH_RC4_128_SHA, SSL_RSA_WITH_RC4_128_MD5, TLS_EMPTY_RENEGOTIATION_INFO_SCSV]
02:36:26.927 [Test worker] DEBUG o.a.h.c.s.SSLConnectionSocketFactory - Starting handshake
02:36:27.000 [Test worker] DEBUG o.a.h.c.s.SSLConnectionSocketFactory - Secure session established
02:36:27.000 [Test worker] DEBUG o.a.h.c.s.SSLConnectionSocketFactory -  negotiated protocol: TLSv1
02:36:27.000 [Test worker] DEBUG o.a.h.c.s.SSLConnectionSocketFactory -  negotiated cipher suite: TLS_ECDHE_RSA_WITH_AES_128_CBC_SHA
02:36:27.000 [Test worker] DEBUG o.a.h.c.s.SSLConnectionSocketFactory -  peer principal: CN=Thesis
02:36:27.000 [Test worker] DEBUG o.a.h.c.s.SSLConnectionSocketFactory -  issuer principal: EMAILADDRESS=sha@yamil.com, CN=Thesis, OU=Open, O=Fra, L=BER, ST=BER, C=DE
02:36:27.002 [Test worker] DEBUG o.a.h.i.c.DefaultHttpClientConnectionOperator - Connection established 127.0.0.1:41464<->127.0.1.1:2376
02:36:27.003 [Test worker] DEBUG o.a.h.impl.execchain.MainClientExec - Executing request GET /volumes HTTP/1.1
02:36:27.003 [Test worker] DEBUG o.a.h.impl.execchain.MainClientExec - Target auth state: UNCHALLENGED
02:36:27.003 [Test worker] DEBUG o.a.h.impl.execchain.MainClientExec - Proxy auth state: UNCHALLENGED
02:36:27.003 [Test worker] DEBUG org.apache.http.headers - http-outgoing-82 >> GET /volumes HTTP/1.1
02:36:27.003 [Test worker] DEBUG org.apache.http.headers - http-outgoing-82 >> Accept: application/json
02:36:27.003 [Test worker] DEBUG org.apache.http.headers - http-outgoing-82 >> User-Agent: Jersey/2.23.1 (Apache HttpClient 4.5.1)
02:36:27.004 [Test worker] DEBUG org.apache.http.headers - http-outgoing-82 >> Host: Thesis:2376
02:36:27.004 [Test worker] DEBUG org.apache.http.headers - http-outgoing-82 >> Connection: Keep-Alive
02:36:27.004 [Test worker] DEBUG org.apache.http.headers - http-outgoing-82 >> Accept-Encoding: gzip,deflate
02:36:27.004 [Test worker] DEBUG org.apache.http.wire - http-outgoing-82 >> "GET /volumes HTTP/1.1[\r][\n]"
02:36:27.004 [Test worker] DEBUG org.apache.http.wire - http-outgoing-82 >> "Accept: application/json[\r][\n]"
02:36:27.004 [Test worker] DEBUG org.apache.http.wire - http-outgoing-82 >> "User-Agent: Jersey/2.23.1 (Apache HttpClient 4.5.1)[\r][\n]"
02:36:27.004 [Test worker] DEBUG org.apache.http.wire - http-outgoing-82 >> "Host: Thesis:2376[\r][\n]"
02:36:27.004 [Test worker] DEBUG org.apache.http.wire - http-outgoing-82 >> "Connection: Keep-Alive[\r][\n]"
02:36:27.004 [Test worker] DEBUG org.apache.http.wire - http-outgoing-82 >> "Accept-Encoding: gzip,deflate[\r][\n]"
02:36:27.005 [Test worker] DEBUG org.apache.http.wire - http-outgoing-82 >> "[\r][\n]"
02:36:27.005 [Test worker] DEBUG org.apache.http.wire - http-outgoing-82 << "H"
02:36:27.005 [Test worker] DEBUG org.apache.http.wire - http-outgoing-82 << "TTP/1.1 200 OK[\r][\n]"
02:36:27.005 [Test worker] DEBUG org.apache.http.wire - http-outgoing-82 << "Content-Type: application/json[\r][\n]"
02:36:27.005 [Test worker] DEBUG org.apache.http.wire - http-outgoing-82 << "Server: Docker/1.12.3 (linux)[\r][\n]"
02:36:27.006 [Test worker] DEBUG org.apache.http.wire - http-outgoing-82 << "Date: Tue, 03 Jan 2017 01:36:27 GMT[\r][\n]"
02:36:27.006 [Test worker] DEBUG org.apache.http.wire - http-outgoing-82 << "Content-Length: 153[\r][\n]"
02:36:27.006 [Test worker] DEBUG org.apache.http.wire - http-outgoing-82 << "[\r][\n]"
02:36:27.006 [Test worker] DEBUG org.apache.http.wire - http-outgoing-82 << "{"Volumes":[{"Name":"NewVolume","Driver":"local","Mountpoint":"/var/lib/docker/volumes/NewVolume/_data","Labels":null,"Scope":"local"}],"Warnings":null}[\n]"
02:36:27.006 [Test worker] DEBUG org.apache.http.headers - http-outgoing-82 << HTTP/1.1 200 OK
02:36:27.006 [Test worker] DEBUG org.apache.http.headers - http-outgoing-82 << Content-Type: application/json
02:36:27.006 [Test worker] DEBUG org.apache.http.headers - http-outgoing-82 << Server: Docker/1.12.3 (linux)
02:36:27.007 [Test worker] DEBUG org.apache.http.headers - http-outgoing-82 << Date: Tue, 03 Jan 2017 01:36:27 GMT
02:36:27.007 [Test worker] DEBUG org.apache.http.headers - http-outgoing-82 << Content-Length: 153
02:36:27.007 [Test worker] DEBUG o.a.h.impl.execchain.MainClientExec - Connection can be kept alive indefinitely
02:36:27.007 [Test worker] DEBUG c.g.d.j.JerseyDockerCmdExecFactory - 16 * Client response received on thread Test worker
16 < 200
16 < Content-Length: 153
16 < Content-Type: application/json
16 < Date: Tue, 03 Jan 2017 01:36:27 GMT
16 < Server: Docker/1.12.3 (linux)
{"Volumes":[{"Name":"NewVolume","Driver":"local","Mountpoint":"/var/lib/docker/volumes/NewVolume/_data","Labels":null,"Scope":"local"}],"Warnings":null}


02:36:27.010 [Test worker] DEBUG o.a.h.i.c.DefaultManagedHttpClientConnection - http-outgoing-82: Close connection
02:36:27.010 [Test worker] DEBUG o.a.h.impl.execchain.MainClientExec - Connection discarded
02:36:27.010 [Test worker] DEBUG c.g.d.j.JerseyDockerCmdExecFactory$1 - Connection released: [id: 82][route: {s}->https://Thesis:2376][total kept alive: 1; route allocated: 1 of 2; total allocated: 1 of 20]
02:36:27.011 [Test worker] DEBUG c.g.d.core.command.AbstrDockerCmd - Cmd: NewVolume,com.github.dockerjava.jaxrs.RemoveVolumeCmdExec@3e821502
02:36:27.012 [Test worker] DEBUG c.g.d.j.JerseyDockerCmdExecFactory - 17 * Sending client request on thread Test worker
17 > DELETE https://Thesis:2376/volumes/NewVolume
17 > Accept: application/json

02:36:27.012 [Test worker] DEBUG o.a.h.c.protocol.RequestAddCookies - CookieSpec selected: default
02:36:27.012 [Test worker] DEBUG o.a.h.c.protocol.RequestAuthCache - Auth cache not set in the context
02:36:27.012 [Test worker] DEBUG c.g.d.j.JerseyDockerCmdExecFactory$1 - Connection request: [route: {s}->https://Thesis:2376][total kept alive: 1; route allocated: 1 of 2; total allocated: 1 of 20]
02:36:27.013 [Test worker] DEBUG c.g.d.j.JerseyDockerCmdExecFactory$1 - Connection leased: [id: 83][route: {s}->https://Thesis:2376][total kept alive: 1; route allocated: 2 of 2; total allocated: 2 of 20]
02:36:27.013 [Test worker] DEBUG o.a.h.impl.execchain.MainClientExec - Opening connection {s}->https://Thesis:2376
02:36:27.013 [Test worker] DEBUG o.a.h.i.c.DefaultHttpClientConnectionOperator - Connecting to Thesis/127.0.1.1:2376
02:36:27.013 [Test worker] DEBUG o.a.h.c.s.SSLConnectionSocketFactory - Connecting socket to Thesis/127.0.1.1:2376 with timeout 0
02:36:27.014 [Test worker] DEBUG o.a.h.c.s.SSLConnectionSocketFactory - Enabled protocols: [TLSv1]
02:36:27.017 [Test worker] DEBUG o.a.h.c.s.SSLConnectionSocketFactory - Enabled cipher suites:[TLS_ECDHE_ECDSA_WITH_AES_128_CBC_SHA, TLS_ECDHE_RSA_WITH_AES_128_CBC_SHA, TLS_RSA_WITH_AES_128_CBC_SHA, TLS_ECDH_ECDSA_WITH_AES_128_CBC_SHA, TLS_ECDH_RSA_WITH_AES_128_CBC_SHA, TLS_DHE_RSA_WITH_AES_128_CBC_SHA, TLS_DHE_DSS_WITH_AES_128_CBC_SHA, TLS_ECDHE_ECDSA_WITH_3DES_EDE_CBC_SHA, TLS_ECDHE_RSA_WITH_3DES_EDE_CBC_SHA, SSL_RSA_WITH_3DES_EDE_CBC_SHA, TLS_ECDH_ECDSA_WITH_3DES_EDE_CBC_SHA, TLS_ECDH_RSA_WITH_3DES_EDE_CBC_SHA, SSL_DHE_RSA_WITH_3DES_EDE_CBC_SHA, SSL_DHE_DSS_WITH_3DES_EDE_CBC_SHA, TLS_ECDHE_ECDSA_WITH_RC4_128_SHA, TLS_ECDHE_RSA_WITH_RC4_128_SHA, SSL_RSA_WITH_RC4_128_SHA, TLS_ECDH_ECDSA_WITH_RC4_128_SHA, TLS_ECDH_RSA_WITH_RC4_128_SHA, SSL_RSA_WITH_RC4_128_MD5, TLS_EMPTY_RENEGOTIATION_INFO_SCSV]
02:36:27.017 [Test worker] DEBUG o.a.h.c.s.SSLConnectionSocketFactory - Starting handshake
02:36:27.076 [Test worker] DEBUG o.a.h.c.s.SSLConnectionSocketFactory - Secure session established
02:36:27.077 [Test worker] DEBUG o.a.h.c.s.SSLConnectionSocketFactory -  negotiated protocol: TLSv1
02:36:27.077 [Test worker] DEBUG o.a.h.c.s.SSLConnectionSocketFactory -  negotiated cipher suite: TLS_ECDHE_RSA_WITH_AES_128_CBC_SHA
02:36:27.077 [Test worker] DEBUG o.a.h.c.s.SSLConnectionSocketFactory -  peer principal: CN=Thesis
02:36:27.077 [Test worker] DEBUG o.a.h.c.s.SSLConnectionSocketFactory -  issuer principal: EMAILADDRESS=sha@yamil.com, CN=Thesis, OU=Open, O=Fra, L=BER, ST=BER, C=DE
02:36:27.078 [Test worker] DEBUG o.a.h.i.c.DefaultHttpClientConnectionOperator - Connection established 127.0.0.1:41466<->127.0.1.1:2376
02:36:27.078 [Test worker] DEBUG o.a.h.impl.execchain.MainClientExec - Executing request DELETE /volumes/NewVolume HTTP/1.1
02:36:27.078 [Test worker] DEBUG o.a.h.impl.execchain.MainClientExec - Target auth state: UNCHALLENGED
02:36:27.078 [Test worker] DEBUG o.a.h.impl.execchain.MainClientExec - Proxy auth state: UNCHALLENGED
02:36:27.078 [Test worker] DEBUG org.apache.http.headers - http-outgoing-83 >> DELETE /volumes/NewVolume HTTP/1.1
02:36:27.078 [Test worker] DEBUG org.apache.http.headers - http-outgoing-83 >> Accept: application/json
02:36:27.078 [Test worker] DEBUG org.apache.http.headers - http-outgoing-83 >> User-Agent: Jersey/2.23.1 (Apache HttpClient 4.5.1)
02:36:27.079 [Test worker] DEBUG org.apache.http.headers - http-outgoing-83 >> Host: Thesis:2376
02:36:27.079 [Test worker] DEBUG org.apache.http.headers - http-outgoing-83 >> Connection: Keep-Alive
02:36:27.079 [Test worker] DEBUG org.apache.http.headers - http-outgoing-83 >> Accept-Encoding: gzip,deflate
02:36:27.079 [Test worker] DEBUG org.apache.http.wire - http-outgoing-83 >> "DELETE /volumes/NewVolume HTTP/1.1[\r][\n]"
02:36:27.079 [Test worker] DEBUG org.apache.http.wire - http-outgoing-83 >> "Accept: application/json[\r][\n]"
02:36:27.079 [Test worker] DEBUG org.apache.http.wire - http-outgoing-83 >> "User-Agent: Jersey/2.23.1 (Apache HttpClient 4.5.1)[\r][\n]"
02:36:27.079 [Test worker] DEBUG org.apache.http.wire - http-outgoing-83 >> "Host: Thesis:2376[\r][\n]"
02:36:27.079 [Test worker] DEBUG org.apache.http.wire - http-outgoing-83 >> "Connection: Keep-Alive[\r][\n]"
02:36:27.080 [Test worker] DEBUG org.apache.http.wire - http-outgoing-83 >> "Accept-Encoding: gzip,deflate[\r][\n]"
02:36:27.080 [Test worker] DEBUG org.apache.http.wire - http-outgoing-83 >> "[\r][\n]"
02:36:27.082 [Test worker] DEBUG org.apache.http.wire - http-outgoing-83 << "H"
02:36:27.082 [Test worker] DEBUG org.apache.http.wire - http-outgoing-83 << "TTP/1.1 204 No Content[\r][\n]"
02:36:27.082 [Test worker] DEBUG org.apache.http.wire - http-outgoing-83 << "Server: Docker/1.12.3 (linux)[\r][\n]"
02:36:27.083 [Test worker] DEBUG org.apache.http.wire - http-outgoing-83 << "Date: Tue, 03 Jan 2017 01:36:27 GMT[\r][\n]"
02:36:27.083 [Test worker] DEBUG org.apache.http.wire - http-outgoing-83 << "[\r][\n]"
02:36:27.083 [Test worker] DEBUG org.apache.http.headers - http-outgoing-83 << HTTP/1.1 204 No Content
02:36:27.083 [Test worker] DEBUG org.apache.http.headers - http-outgoing-83 << Server: Docker/1.12.3 (linux)
02:36:27.083 [Test worker] DEBUG org.apache.http.headers - http-outgoing-83 << Date: Tue, 03 Jan 2017 01:36:27 GMT
02:36:27.083 [Test worker] DEBUG o.a.h.impl.execchain.MainClientExec - Connection can be kept alive indefinitely
02:36:27.083 [Test worker] DEBUG c.g.d.j.JerseyDockerCmdExecFactory$1 - Connection [id: 83][route: {s}->https://Thesis:2376][state: CN=Thesis] can be kept alive indefinitely
02:36:27.084 [Test worker] DEBUG c.g.d.j.JerseyDockerCmdExecFactory$1 - Connection released: [id: 83][route: {s}->https://Thesis:2376][state: CN=Thesis][total kept alive: 2; route allocated: 2 of 2; total allocated: 2 of 20]
02:36:27.084 [Test worker] DEBUG c.g.d.j.JerseyDockerCmdExecFactory - 18 * Client response received on thread Test worker
18 < 204
18 < Date: Tue, 03 Jan 2017 01:36:27 GMT
18 < Server: Docker/1.12.3 (linux)

02:36:27.084 [Test worker] INFO  org.openbaton.docker.DockerVim - Volume 'NewVolume' deleted successfully
02:36:27.085 [Test worker] DEBUG org.openbaton.docker.DockerVim - Loading properties
02:36:27.086 [Test worker] DEBUG org.openbaton.docker.DockerVim - Loaded properties: {vim.instance.auth.url=tcp://Thesis:2376, docker.cert.path=/home/sakib/.docker, type=docker, tls.verify=true}
02:36:27.091 [Test worker] DEBUG c.g.d.core.command.AbstrDockerCmd - Cmd: -1,<null>,true,<null>,<null>,com.github.dockerjava.core.util.FiltersBuilder@0,com.github.dockerjava.jaxrs.ListContainersCmdExec@732961e6
02:36:27.121 [Test worker] DEBUG c.g.d.j.JerseyDockerCmdExecFactory - 1 * Sending client request on thread Test worker
1 > GET https://Thesis:2376/containers/json?all=true
1 > Accept: application/json

02:36:27.133 [Test worker] DEBUG o.a.h.c.protocol.RequestAddCookies - CookieSpec selected: default
02:36:27.133 [Test worker] DEBUG o.a.h.c.protocol.RequestAuthCache - Auth cache not set in the context
02:36:27.134 [Test worker] DEBUG c.g.d.j.JerseyDockerCmdExecFactory$1 - Connection request: [route: {s}->https://Thesis:2376][total kept alive: 0; route allocated: 0 of 2; total allocated: 0 of 20]
02:36:27.134 [Test worker] DEBUG c.g.d.j.JerseyDockerCmdExecFactory$1 - Connection leased: [id: 84][route: {s}->https://Thesis:2376][total kept alive: 0; route allocated: 1 of 2; total allocated: 1 of 20]
02:36:27.134 [Test worker] DEBUG o.a.h.impl.execchain.MainClientExec - Opening connection {s}->https://Thesis:2376
02:36:27.134 [Test worker] DEBUG o.a.h.i.c.DefaultHttpClientConnectionOperator - Connecting to Thesis/127.0.1.1:2376
02:36:27.134 [Test worker] DEBUG o.a.h.c.s.SSLConnectionSocketFactory - Connecting socket to Thesis/127.0.1.1:2376 with timeout 0
02:36:27.135 [Test worker] DEBUG o.a.h.c.s.SSLConnectionSocketFactory - Enabled protocols: [TLSv1]
02:36:27.135 [Test worker] DEBUG o.a.h.c.s.SSLConnectionSocketFactory - Enabled cipher suites:[TLS_ECDHE_ECDSA_WITH_AES_128_CBC_SHA, TLS_ECDHE_RSA_WITH_AES_128_CBC_SHA, TLS_RSA_WITH_AES_128_CBC_SHA, TLS_ECDH_ECDSA_WITH_AES_128_CBC_SHA, TLS_ECDH_RSA_WITH_AES_128_CBC_SHA, TLS_DHE_RSA_WITH_AES_128_CBC_SHA, TLS_DHE_DSS_WITH_AES_128_CBC_SHA, TLS_ECDHE_ECDSA_WITH_3DES_EDE_CBC_SHA, TLS_ECDHE_RSA_WITH_3DES_EDE_CBC_SHA, SSL_RSA_WITH_3DES_EDE_CBC_SHA, TLS_ECDH_ECDSA_WITH_3DES_EDE_CBC_SHA, TLS_ECDH_RSA_WITH_3DES_EDE_CBC_SHA, SSL_DHE_RSA_WITH_3DES_EDE_CBC_SHA, SSL_DHE_DSS_WITH_3DES_EDE_CBC_SHA, TLS_ECDHE_ECDSA_WITH_RC4_128_SHA, TLS_ECDHE_RSA_WITH_RC4_128_SHA, SSL_RSA_WITH_RC4_128_SHA, TLS_ECDH_ECDSA_WITH_RC4_128_SHA, TLS_ECDH_RSA_WITH_RC4_128_SHA, SSL_RSA_WITH_RC4_128_MD5, TLS_EMPTY_RENEGOTIATION_INFO_SCSV]
02:36:27.136 [Test worker] DEBUG o.a.h.c.s.SSLConnectionSocketFactory - Starting handshake
02:36:27.195 [Test worker] DEBUG o.a.h.c.s.SSLConnectionSocketFactory - Secure session established
02:36:27.195 [Test worker] DEBUG o.a.h.c.s.SSLConnectionSocketFactory -  negotiated protocol: TLSv1
02:36:27.195 [Test worker] DEBUG o.a.h.c.s.SSLConnectionSocketFactory -  negotiated cipher suite: TLS_ECDHE_RSA_WITH_AES_128_CBC_SHA
02:36:27.196 [Test worker] DEBUG o.a.h.c.s.SSLConnectionSocketFactory -  peer principal: CN=Thesis
02:36:27.196 [Test worker] DEBUG o.a.h.c.s.SSLConnectionSocketFactory -  issuer principal: EMAILADDRESS=sha@yamil.com, CN=Thesis, OU=Open, O=Fra, L=BER, ST=BER, C=DE
02:36:27.196 [Test worker] DEBUG o.a.h.i.c.DefaultHttpClientConnectionOperator - Connection established 127.0.0.1:41468<->127.0.1.1:2376
02:36:27.196 [Test worker] DEBUG o.a.h.impl.execchain.MainClientExec - Executing request GET /containers/json?all=true HTTP/1.1
02:36:27.196 [Test worker] DEBUG o.a.h.impl.execchain.MainClientExec - Target auth state: UNCHALLENGED
02:36:27.196 [Test worker] DEBUG o.a.h.impl.execchain.MainClientExec - Proxy auth state: UNCHALLENGED
02:36:27.199 [Test worker] DEBUG org.apache.http.headers - http-outgoing-84 >> GET /containers/json?all=true HTTP/1.1
02:36:27.199 [Test worker] DEBUG org.apache.http.headers - http-outgoing-84 >> Accept: application/json
02:36:27.201 [Test worker] DEBUG org.apache.http.headers - http-outgoing-84 >> User-Agent: Jersey/2.23.1 (Apache HttpClient 4.5.1)
02:36:27.201 [Test worker] DEBUG org.apache.http.headers - http-outgoing-84 >> Host: Thesis:2376
02:36:27.202 [Test worker] DEBUG org.apache.http.headers - http-outgoing-84 >> Connection: Keep-Alive
02:36:27.202 [Test worker] DEBUG org.apache.http.headers - http-outgoing-84 >> Accept-Encoding: gzip,deflate
02:36:27.202 [Test worker] DEBUG org.apache.http.wire - http-outgoing-84 >> "GET /containers/json?all=true HTTP/1.1[\r][\n]"
02:36:27.202 [Test worker] DEBUG org.apache.http.wire - http-outgoing-84 >> "Accept: application/json[\r][\n]"
02:36:27.206 [Test worker] DEBUG org.apache.http.wire - http-outgoing-84 >> "User-Agent: Jersey/2.23.1 (Apache HttpClient 4.5.1)[\r][\n]"
02:36:27.207 [Test worker] DEBUG org.apache.http.wire - http-outgoing-84 >> "Host: Thesis:2376[\r][\n]"
02:36:27.207 [Test worker] DEBUG org.apache.http.wire - http-outgoing-84 >> "Connection: Keep-Alive[\r][\n]"
02:36:27.207 [Test worker] DEBUG org.apache.http.wire - http-outgoing-84 >> "Accept-Encoding: gzip,deflate[\r][\n]"
02:36:27.207 [Test worker] DEBUG org.apache.http.wire - http-outgoing-84 >> "[\r][\n]"
02:36:27.213 [Test worker] DEBUG org.apache.http.wire - http-outgoing-84 << "H"
02:36:27.213 [Test worker] DEBUG org.apache.http.wire - http-outgoing-84 << "TTP/1.1 200 OK[\r][\n]"
02:36:27.213 [Test worker] DEBUG org.apache.http.wire - http-outgoing-84 << "Content-Type: application/json[\r][\n]"
02:36:27.215 [Test worker] DEBUG org.apache.http.wire - http-outgoing-84 << "Server: Docker/1.12.3 (linux)[\r][\n]"
02:36:27.222 [Test worker] DEBUG org.apache.http.wire - http-outgoing-84 << "Date: Tue, 03 Jan 2017 01:36:27 GMT[\r][\n]"
02:36:27.222 [Test worker] DEBUG org.apache.http.wire - http-outgoing-84 << "Content-Length: 3[\r][\n]"
02:36:27.222 [Test worker] DEBUG org.apache.http.wire - http-outgoing-84 << "[\r][\n]"
02:36:27.222 [Test worker] DEBUG org.apache.http.wire - http-outgoing-84 << "[][\n]"
02:36:27.223 [Test worker] DEBUG org.apache.http.headers - http-outgoing-84 << HTTP/1.1 200 OK
02:36:27.223 [Test worker] DEBUG org.apache.http.headers - http-outgoing-84 << Content-Type: application/json
02:36:27.223 [Test worker] DEBUG org.apache.http.headers - http-outgoing-84 << Server: Docker/1.12.3 (linux)
02:36:27.223 [Test worker] DEBUG org.apache.http.headers - http-outgoing-84 << Date: Tue, 03 Jan 2017 01:36:27 GMT
02:36:27.223 [Test worker] DEBUG org.apache.http.headers - http-outgoing-84 << Content-Length: 3
02:36:27.223 [Test worker] DEBUG o.a.h.impl.execchain.MainClientExec - Connection can be kept alive indefinitely
02:36:27.224 [Test worker] DEBUG c.g.d.j.JerseyDockerCmdExecFactory - 2 * Client response received on thread Test worker
2 < 200
2 < Content-Length: 3
2 < Content-Type: application/json
2 < Date: Tue, 03 Jan 2017 01:36:27 GMT
2 < Server: Docker/1.12.3 (linux)
[]


02:36:27.226 [Test worker] DEBUG c.g.d.j.JerseyDockerCmdExecFactory$1 - Connection [id: 84][route: {s}->https://Thesis:2376][state: CN=Thesis] can be kept alive indefinitely
02:36:27.226 [Test worker] DEBUG c.g.d.j.JerseyDockerCmdExecFactory$1 - Connection released: [id: 84][route: {s}->https://Thesis:2376][state: CN=Thesis][total kept alive: 1; route allocated: 1 of 2; total allocated: 1 of 20]
02:36:27.241 [Test worker] DEBUG c.g.d.core.command.AbstrDockerCmd - Cmd: com.github.dockerjava.core.util.FiltersBuilder@0,com.github.dockerjava.jaxrs.ListNetworksCmdExec@278c71d6
02:36:27.253 [Test worker] DEBUG c.g.d.j.JerseyDockerCmdExecFactory - 3 * Sending client request on thread Test worker
3 > GET https://Thesis:2376/networks
3 > Accept: application/json

02:36:27.260 [Test worker] DEBUG o.a.h.c.protocol.RequestAddCookies - CookieSpec selected: default
02:36:27.261 [Test worker] DEBUG o.a.h.c.protocol.RequestAuthCache - Auth cache not set in the context
02:36:27.261 [Test worker] DEBUG c.g.d.j.JerseyDockerCmdExecFactory$1 - Connection request: [route: {s}->https://Thesis:2376][total kept alive: 1; route allocated: 1 of 2; total allocated: 1 of 20]
02:36:27.261 [Test worker] DEBUG c.g.d.j.JerseyDockerCmdExecFactory$1 - Connection leased: [id: 85][route: {s}->https://Thesis:2376][total kept alive: 1; route allocated: 2 of 2; total allocated: 2 of 20]
02:36:27.261 [Test worker] DEBUG o.a.h.impl.execchain.MainClientExec - Opening connection {s}->https://Thesis:2376
02:36:27.262 [Test worker] DEBUG o.a.h.i.c.DefaultHttpClientConnectionOperator - Connecting to Thesis/127.0.1.1:2376
02:36:27.262 [Test worker] DEBUG o.a.h.c.s.SSLConnectionSocketFactory - Connecting socket to Thesis/127.0.1.1:2376 with timeout 0
02:36:27.263 [Test worker] DEBUG o.a.h.c.s.SSLConnectionSocketFactory - Enabled protocols: [TLSv1]
02:36:27.263 [Test worker] DEBUG o.a.h.c.s.SSLConnectionSocketFactory - Enabled cipher suites:[TLS_ECDHE_ECDSA_WITH_AES_128_CBC_SHA, TLS_ECDHE_RSA_WITH_AES_128_CBC_SHA, TLS_RSA_WITH_AES_128_CBC_SHA, TLS_ECDH_ECDSA_WITH_AES_128_CBC_SHA, TLS_ECDH_RSA_WITH_AES_128_CBC_SHA, TLS_DHE_RSA_WITH_AES_128_CBC_SHA, TLS_DHE_DSS_WITH_AES_128_CBC_SHA, TLS_ECDHE_ECDSA_WITH_3DES_EDE_CBC_SHA, TLS_ECDHE_RSA_WITH_3DES_EDE_CBC_SHA, SSL_RSA_WITH_3DES_EDE_CBC_SHA, TLS_ECDH_ECDSA_WITH_3DES_EDE_CBC_SHA, TLS_ECDH_RSA_WITH_3DES_EDE_CBC_SHA, SSL_DHE_RSA_WITH_3DES_EDE_CBC_SHA, SSL_DHE_DSS_WITH_3DES_EDE_CBC_SHA, TLS_ECDHE_ECDSA_WITH_RC4_128_SHA, TLS_ECDHE_RSA_WITH_RC4_128_SHA, SSL_RSA_WITH_RC4_128_SHA, TLS_ECDH_ECDSA_WITH_RC4_128_SHA, TLS_ECDH_RSA_WITH_RC4_128_SHA, SSL_RSA_WITH_RC4_128_MD5, TLS_EMPTY_RENEGOTIATION_INFO_SCSV]
02:36:27.268 [Test worker] DEBUG o.a.h.c.s.SSLConnectionSocketFactory - Starting handshake
02:36:27.335 [Test worker] DEBUG o.a.h.c.s.SSLConnectionSocketFactory - Secure session established
02:36:27.335 [Test worker] DEBUG o.a.h.c.s.SSLConnectionSocketFactory -  negotiated protocol: TLSv1
02:36:27.338 [Test worker] DEBUG o.a.h.c.s.SSLConnectionSocketFactory -  negotiated cipher suite: TLS_ECDHE_RSA_WITH_AES_128_CBC_SHA
02:36:27.338 [Test worker] DEBUG o.a.h.c.s.SSLConnectionSocketFactory -  peer principal: CN=Thesis
02:36:27.338 [Test worker] DEBUG o.a.h.c.s.SSLConnectionSocketFactory -  issuer principal: EMAILADDRESS=sha@yamil.com, CN=Thesis, OU=Open, O=Fra, L=BER, ST=BER, C=DE
02:36:27.339 [Test worker] DEBUG o.a.h.i.c.DefaultHttpClientConnectionOperator - Connection established 127.0.0.1:41470<->127.0.1.1:2376
02:36:27.339 [Test worker] DEBUG o.a.h.impl.execchain.MainClientExec - Executing request GET /networks HTTP/1.1
02:36:27.339 [Test worker] DEBUG o.a.h.impl.execchain.MainClientExec - Target auth state: UNCHALLENGED
02:36:27.339 [Test worker] DEBUG o.a.h.impl.execchain.MainClientExec - Proxy auth state: UNCHALLENGED
02:36:27.339 [Test worker] DEBUG org.apache.http.headers - http-outgoing-85 >> GET /networks HTTP/1.1
02:36:27.339 [Test worker] DEBUG org.apache.http.headers - http-outgoing-85 >> Accept: application/json
02:36:27.339 [Test worker] DEBUG org.apache.http.headers - http-outgoing-85 >> User-Agent: Jersey/2.23.1 (Apache HttpClient 4.5.1)
02:36:27.340 [Test worker] DEBUG org.apache.http.headers - http-outgoing-85 >> Host: Thesis:2376
02:36:27.340 [Test worker] DEBUG org.apache.http.headers - http-outgoing-85 >> Connection: Keep-Alive
02:36:27.340 [Test worker] DEBUG org.apache.http.headers - http-outgoing-85 >> Accept-Encoding: gzip,deflate
02:36:27.340 [Test worker] DEBUG org.apache.http.wire - http-outgoing-85 >> "GET /networks HTTP/1.1[\r][\n]"
02:36:27.343 [Test worker] DEBUG org.apache.http.wire - http-outgoing-85 >> "Accept: application/json[\r][\n]"
02:36:27.343 [Test worker] DEBUG org.apache.http.wire - http-outgoing-85 >> "User-Agent: Jersey/2.23.1 (Apache HttpClient 4.5.1)[\r][\n]"
02:36:27.343 [Test worker] DEBUG org.apache.http.wire - http-outgoing-85 >> "Host: Thesis:2376[\r][\n]"
02:36:27.344 [Test worker] DEBUG org.apache.http.wire - http-outgoing-85 >> "Connection: Keep-Alive[\r][\n]"
02:36:27.344 [Test worker] DEBUG org.apache.http.wire - http-outgoing-85 >> "Accept-Encoding: gzip,deflate[\r][\n]"
02:36:27.344 [Test worker] DEBUG org.apache.http.wire - http-outgoing-85 >> "[\r][\n]"
02:36:27.344 [Test worker] DEBUG org.apache.http.wire - http-outgoing-85 << "H"
02:36:27.345 [Test worker] DEBUG org.apache.http.wire - http-outgoing-85 << "TTP/1.1 200 OK[\r][\n]"
02:36:27.345 [Test worker] DEBUG org.apache.http.wire - http-outgoing-85 << "Content-Type: application/json[\r][\n]"
02:36:27.345 [Test worker] DEBUG org.apache.http.wire - http-outgoing-85 << "Server: Docker/1.12.3 (linux)[\r][\n]"
02:36:27.345 [Test worker] DEBUG org.apache.http.wire - http-outgoing-85 << "Date: Tue, 03 Jan 2017 01:36:27 GMT[\r][\n]"
02:36:27.345 [Test worker] DEBUG org.apache.http.wire - http-outgoing-85 << "Content-Length: 1100[\r][\n]"
02:36:27.345 [Test worker] DEBUG org.apache.http.wire - http-outgoing-85 << "[\r][\n]"
02:36:27.345 [Test worker] DEBUG org.apache.http.wire - http-outgoing-85 << "[{"Name":"host","Id":"fe042b0866671b5be4f097ba43830c0a02959c058702d18e18c14a24d88a357d","Scope":"local","Driver":"host","EnableIPv6":false,"IPAM":{"Driver":"default","Options":null,"Config":[]},"Internal":false,"Containers":{},"Options":{},"Labels":{}},{"Name":"none","Id":"4d89c194eb79cd2beb38458d10a1b98c74d6b8462af72afde29ae7aca53ed5ca","Scope":"local","Driver":"null","EnableIPv6":false,"IPAM":{"Driver":"default","Options":null,"Config":[]},"Internal":false,"Containers":{},"Options":{},"Labels":{}},{"Name":"bridge","Id":"e0d36057aa1769e9fd52ba88be81b698b495f9b6b4946d0f98f24d971a27fc98","Scope":"local","Driver":"bridge","EnableIPv6":false,"IPAM":{"Driver":"default","Options":null,"Config":[{"Subnet":"172.17.0.0/16","Gateway":"172.17.0.1"}]},"Internal":false,"Containers":{},"Options":{"com.docker.network.bridge.default_bridge":"true","com.docker.network.bridge.enable_icc":"true","com.docker.network.bridge.enable_ip_masquerade":"true","com.docker.network.bridge.host_binding_ipv4":"0.0.0.0","com.docker.network.bridge.name":"docker0","com.docker.network.driver.mtu":"1500"},"Labels":{}}][\n]"
02:36:27.345 [Test worker] DEBUG org.apache.http.headers - http-outgoing-85 << HTTP/1.1 200 OK
02:36:27.346 [Test worker] DEBUG org.apache.http.headers - http-outgoing-85 << Content-Type: application/json
02:36:27.346 [Test worker] DEBUG org.apache.http.headers - http-outgoing-85 << Server: Docker/1.12.3 (linux)
02:36:27.346 [Test worker] DEBUG org.apache.http.headers - http-outgoing-85 << Date: Tue, 03 Jan 2017 01:36:27 GMT
02:36:27.346 [Test worker] DEBUG org.apache.http.headers - http-outgoing-85 << Content-Length: 1100
02:36:27.346 [Test worker] DEBUG o.a.h.impl.execchain.MainClientExec - Connection can be kept alive indefinitely
02:36:27.346 [Test worker] DEBUG c.g.d.j.JerseyDockerCmdExecFactory - 4 * Client response received on thread Test worker
4 < 200
4 < Content-Length: 1100
4 < Content-Type: application/json
4 < Date: Tue, 03 Jan 2017 01:36:27 GMT
4 < Server: Docker/1.12.3 (linux)
[{"Name":"host","Id":"fe042b0866671b5be4f097ba43830c0a02959c058702d18e18c14a24d88a357d","Scope":"local","Driver":"host","EnableIPv6":false,"IPAM":{"Driver":"default","Options":null,"Config":[]},"Internal":false,"Containers":{},"Options":{},"Labels":{}},{"Name":"none","Id":"4d89c194eb79cd2beb38458d10a1b98c74d6b8462af72afde29ae7aca53ed5ca","Scope":"local","Driver":"null","EnableIPv6":false,"IPAM":{"Driver":"default","Options":null,"Config":[]},"Internal":false,"Containers":{},"Options":{},"Labels":{}},{"Name":"bridge","Id":"e0d36057aa1769e9fd52ba88be81b698b495f9b6b4946d0f98f24d971a27fc98","Scope":"local","Driver":"bridge","EnableIPv6":false,"IPAM":{"Driver":"default","Options":null,"Config":[{"Subnet":"172.17.0.0/16","Gateway":"172.17.0.1"}]},"Internal":false,"Containers":{},"Options":{"com.docker.network.bridge.default_bridge":"true","com.docker.network.bridge.enable_icc":"true","com.docker.network.bridge.enable_ip_masquerade":"true","com.docker.network.bridge.host_binding_ipv4":"0.0.0.0","com.docker.network.bridge.name":"docker0","com.docker.network.driver.mtu":"1500"},"Labels":{}}]


02:36:27.353 [Test worker] DEBUG o.a.h.i.c.DefaultManagedHttpClientConnection - http-outgoing-85: Close connection
02:36:27.354 [Test worker] DEBUG o.a.h.impl.execchain.MainClientExec - Connection discarded
02:36:27.354 [Test worker] DEBUG c.g.d.j.JerseyDockerCmdExecFactory$1 - Connection released: [id: 85][route: {s}->https://Thesis:2376][total kept alive: 1; route allocated: 1 of 2; total allocated: 1 of 20]
02:36:27.354 [Test worker] DEBUG c.g.d.core.command.AbstrDockerCmd - Cmd: com.github.dockerjava.core.util.FiltersBuilder@0,com.github.dockerjava.jaxrs.ListVolumesCmdExec@1b1965b5
02:36:27.354 [Test worker] DEBUG c.g.d.j.JerseyDockerCmdExecFactory - 5 * Sending client request on thread Test worker
5 > GET https://Thesis:2376/volumes
5 > Accept: application/json

02:36:27.355 [Test worker] DEBUG o.a.h.c.protocol.RequestAddCookies - CookieSpec selected: default
02:36:27.355 [Test worker] DEBUG o.a.h.c.protocol.RequestAuthCache - Auth cache not set in the context
02:36:27.355 [Test worker] DEBUG c.g.d.j.JerseyDockerCmdExecFactory$1 - Connection request: [route: {s}->https://Thesis:2376][total kept alive: 1; route allocated: 1 of 2; total allocated: 1 of 20]
02:36:27.355 [Test worker] DEBUG c.g.d.j.JerseyDockerCmdExecFactory$1 - Connection leased: [id: 86][route: {s}->https://Thesis:2376][total kept alive: 1; route allocated: 2 of 2; total allocated: 2 of 20]
02:36:27.355 [Test worker] DEBUG o.a.h.impl.execchain.MainClientExec - Opening connection {s}->https://Thesis:2376
02:36:27.356 [Test worker] DEBUG o.a.h.i.c.DefaultHttpClientConnectionOperator - Connecting to Thesis/127.0.1.1:2376
02:36:27.356 [Test worker] DEBUG o.a.h.c.s.SSLConnectionSocketFactory - Connecting socket to Thesis/127.0.1.1:2376 with timeout 0
02:36:27.357 [Test worker] DEBUG o.a.h.c.s.SSLConnectionSocketFactory - Enabled protocols: [TLSv1]
02:36:27.357 [Test worker] DEBUG o.a.h.c.s.SSLConnectionSocketFactory - Enabled cipher suites:[TLS_ECDHE_ECDSA_WITH_AES_128_CBC_SHA, TLS_ECDHE_RSA_WITH_AES_128_CBC_SHA, TLS_RSA_WITH_AES_128_CBC_SHA, TLS_ECDH_ECDSA_WITH_AES_128_CBC_SHA, TLS_ECDH_RSA_WITH_AES_128_CBC_SHA, TLS_DHE_RSA_WITH_AES_128_CBC_SHA, TLS_DHE_DSS_WITH_AES_128_CBC_SHA, TLS_ECDHE_ECDSA_WITH_3DES_EDE_CBC_SHA, TLS_ECDHE_RSA_WITH_3DES_EDE_CBC_SHA, SSL_RSA_WITH_3DES_EDE_CBC_SHA, TLS_ECDH_ECDSA_WITH_3DES_EDE_CBC_SHA, TLS_ECDH_RSA_WITH_3DES_EDE_CBC_SHA, SSL_DHE_RSA_WITH_3DES_EDE_CBC_SHA, SSL_DHE_DSS_WITH_3DES_EDE_CBC_SHA, TLS_ECDHE_ECDSA_WITH_RC4_128_SHA, TLS_ECDHE_RSA_WITH_RC4_128_SHA, SSL_RSA_WITH_RC4_128_SHA, TLS_ECDH_ECDSA_WITH_RC4_128_SHA, TLS_ECDH_RSA_WITH_RC4_128_SHA, SSL_RSA_WITH_RC4_128_MD5, TLS_EMPTY_RENEGOTIATION_INFO_SCSV]
02:36:27.357 [Test worker] DEBUG o.a.h.c.s.SSLConnectionSocketFactory - Starting handshake
02:36:27.416 [Test worker] DEBUG o.a.h.c.s.SSLConnectionSocketFactory - Secure session established
02:36:27.416 [Test worker] DEBUG o.a.h.c.s.SSLConnectionSocketFactory -  negotiated protocol: TLSv1
02:36:27.417 [Test worker] DEBUG o.a.h.c.s.SSLConnectionSocketFactory -  negotiated cipher suite: TLS_ECDHE_RSA_WITH_AES_128_CBC_SHA
02:36:27.417 [Test worker] DEBUG o.a.h.c.s.SSLConnectionSocketFactory -  peer principal: CN=Thesis
02:36:27.417 [Test worker] DEBUG o.a.h.c.s.SSLConnectionSocketFactory -  issuer principal: EMAILADDRESS=sha@yamil.com, CN=Thesis, OU=Open, O=Fra, L=BER, ST=BER, C=DE
02:36:27.417 [Test worker] DEBUG o.a.h.i.c.DefaultHttpClientConnectionOperator - Connection established 127.0.0.1:41472<->127.0.1.1:2376
02:36:27.417 [Test worker] DEBUG o.a.h.impl.execchain.MainClientExec - Executing request GET /volumes HTTP/1.1
02:36:27.417 [Test worker] DEBUG o.a.h.impl.execchain.MainClientExec - Target auth state: UNCHALLENGED
02:36:27.417 [Test worker] DEBUG o.a.h.impl.execchain.MainClientExec - Proxy auth state: UNCHALLENGED
02:36:27.418 [Test worker] DEBUG org.apache.http.headers - http-outgoing-86 >> GET /volumes HTTP/1.1
02:36:27.418 [Test worker] DEBUG org.apache.http.headers - http-outgoing-86 >> Accept: application/json
02:36:27.418 [Test worker] DEBUG org.apache.http.headers - http-outgoing-86 >> User-Agent: Jersey/2.23.1 (Apache HttpClient 4.5.1)
02:36:27.418 [Test worker] DEBUG org.apache.http.headers - http-outgoing-86 >> Host: Thesis:2376
02:36:27.418 [Test worker] DEBUG org.apache.http.headers - http-outgoing-86 >> Connection: Keep-Alive
02:36:27.418 [Test worker] DEBUG org.apache.http.headers - http-outgoing-86 >> Accept-Encoding: gzip,deflate
02:36:27.418 [Test worker] DEBUG org.apache.http.wire - http-outgoing-86 >> "GET /volumes HTTP/1.1[\r][\n]"
02:36:27.418 [Test worker] DEBUG org.apache.http.wire - http-outgoing-86 >> "Accept: application/json[\r][\n]"
02:36:27.419 [Test worker] DEBUG org.apache.http.wire - http-outgoing-86 >> "User-Agent: Jersey/2.23.1 (Apache HttpClient 4.5.1)[\r][\n]"
02:36:27.419 [Test worker] DEBUG org.apache.http.wire - http-outgoing-86 >> "Host: Thesis:2376[\r][\n]"
02:36:27.419 [Test worker] DEBUG org.apache.http.wire - http-outgoing-86 >> "Connection: Keep-Alive[\r][\n]"
02:36:27.419 [Test worker] DEBUG org.apache.http.wire - http-outgoing-86 >> "Accept-Encoding: gzip,deflate[\r][\n]"
02:36:27.419 [Test worker] DEBUG org.apache.http.wire - http-outgoing-86 >> "[\r][\n]"
02:36:27.419 [Test worker] DEBUG org.apache.http.wire - http-outgoing-86 << "H"
02:36:27.419 [Test worker] DEBUG org.apache.http.wire - http-outgoing-86 << "TTP/1.1 200 OK[\r][\n]"
02:36:27.420 [Test worker] DEBUG org.apache.http.wire - http-outgoing-86 << "Content-Type: application/json[\r][\n]"
02:36:27.420 [Test worker] DEBUG org.apache.http.wire - http-outgoing-86 << "Server: Docker/1.12.3 (linux)[\r][\n]"
02:36:27.420 [Test worker] DEBUG org.apache.http.wire - http-outgoing-86 << "Date: Tue, 03 Jan 2017 01:36:27 GMT[\r][\n]"
02:36:27.420 [Test worker] DEBUG org.apache.http.wire - http-outgoing-86 << "Content-Length: 33[\r][\n]"
02:36:27.420 [Test worker] DEBUG org.apache.http.wire - http-outgoing-86 << "[\r][\n]"
02:36:27.420 [Test worker] DEBUG org.apache.http.wire - http-outgoing-86 << "{"Volumes":null,"Warnings":null}[\n]"
02:36:27.420 [Test worker] DEBUG org.apache.http.headers - http-outgoing-86 << HTTP/1.1 200 OK
02:36:27.420 [Test worker] DEBUG org.apache.http.headers - http-outgoing-86 << Content-Type: application/json
02:36:27.421 [Test worker] DEBUG org.apache.http.headers - http-outgoing-86 << Server: Docker/1.12.3 (linux)
02:36:27.421 [Test worker] DEBUG org.apache.http.headers - http-outgoing-86 << Date: Tue, 03 Jan 2017 01:36:27 GMT
02:36:27.421 [Test worker] DEBUG org.apache.http.headers - http-outgoing-86 << Content-Length: 33
02:36:27.421 [Test worker] DEBUG o.a.h.impl.execchain.MainClientExec - Connection can be kept alive indefinitely
02:36:27.421 [Test worker] DEBUG c.g.d.j.JerseyDockerCmdExecFactory - 6 * Client response received on thread Test worker
6 < 200
6 < Content-Length: 33
6 < Content-Type: application/json
6 < Date: Tue, 03 Jan 2017 01:36:27 GMT
6 < Server: Docker/1.12.3 (linux)
{"Volumes":null,"Warnings":null}


02:36:27.423 [Test worker] DEBUG o.a.h.i.c.DefaultManagedHttpClientConnection - http-outgoing-86: Close connection
02:36:27.424 [Test worker] DEBUG o.a.h.impl.execchain.MainClientExec - Connection discarded
02:36:27.424 [Test worker] DEBUG c.g.d.j.JerseyDockerCmdExecFactory$1 - Connection released: [id: 86][route: {s}->https://Thesis:2376][total kept alive: 1; route allocated: 1 of 2; total allocated: 1 of 20]
02:36:27.424 [Test worker] DEBUG c.g.d.core.command.AbstrDockerCmd - Cmd: ListImagesCmdImpl[imageNameFilter=<null>,showAll=true,filters=com.github.dockerjava.core.util.FiltersBuilder@0,execution=com.github.dockerjava.jaxrs.ListImagesCmdExec@31b9c19c]
02:36:27.424 [Test worker] DEBUG c.g.d.j.JerseyDockerCmdExecFactory - 7 * Sending client request on thread Test worker
7 > GET https://Thesis:2376/images/json?all=true
7 > Accept: application/json

02:36:27.425 [Test worker] DEBUG o.a.h.c.protocol.RequestAddCookies - CookieSpec selected: default
02:36:27.425 [Test worker] DEBUG o.a.h.c.protocol.RequestAuthCache - Auth cache not set in the context
02:36:27.425 [Test worker] DEBUG c.g.d.j.JerseyDockerCmdExecFactory$1 - Connection request: [route: {s}->https://Thesis:2376][total kept alive: 1; route allocated: 1 of 2; total allocated: 1 of 20]
02:36:27.426 [Test worker] DEBUG c.g.d.j.JerseyDockerCmdExecFactory$1 - Connection leased: [id: 87][route: {s}->https://Thesis:2376][total kept alive: 1; route allocated: 2 of 2; total allocated: 2 of 20]
02:36:27.426 [Test worker] DEBUG o.a.h.impl.execchain.MainClientExec - Opening connection {s}->https://Thesis:2376
02:36:27.426 [Test worker] DEBUG o.a.h.i.c.DefaultHttpClientConnectionOperator - Connecting to Thesis/127.0.1.1:2376
02:36:27.426 [Test worker] DEBUG o.a.h.c.s.SSLConnectionSocketFactory - Connecting socket to Thesis/127.0.1.1:2376 with timeout 0
02:36:27.427 [Test worker] DEBUG o.a.h.c.s.SSLConnectionSocketFactory - Enabled protocols: [TLSv1]
02:36:27.427 [Test worker] DEBUG o.a.h.c.s.SSLConnectionSocketFactory - Enabled cipher suites:[TLS_ECDHE_ECDSA_WITH_AES_128_CBC_SHA, TLS_ECDHE_RSA_WITH_AES_128_CBC_SHA, TLS_RSA_WITH_AES_128_CBC_SHA, TLS_ECDH_ECDSA_WITH_AES_128_CBC_SHA, TLS_ECDH_RSA_WITH_AES_128_CBC_SHA, TLS_DHE_RSA_WITH_AES_128_CBC_SHA, TLS_DHE_DSS_WITH_AES_128_CBC_SHA, TLS_ECDHE_ECDSA_WITH_3DES_EDE_CBC_SHA, TLS_ECDHE_RSA_WITH_3DES_EDE_CBC_SHA, SSL_RSA_WITH_3DES_EDE_CBC_SHA, TLS_ECDH_ECDSA_WITH_3DES_EDE_CBC_SHA, TLS_ECDH_RSA_WITH_3DES_EDE_CBC_SHA, SSL_DHE_RSA_WITH_3DES_EDE_CBC_SHA, SSL_DHE_DSS_WITH_3DES_EDE_CBC_SHA, TLS_ECDHE_ECDSA_WITH_RC4_128_SHA, TLS_ECDHE_RSA_WITH_RC4_128_SHA, SSL_RSA_WITH_RC4_128_SHA, TLS_ECDH_ECDSA_WITH_RC4_128_SHA, TLS_ECDH_RSA_WITH_RC4_128_SHA, SSL_RSA_WITH_RC4_128_MD5, TLS_EMPTY_RENEGOTIATION_INFO_SCSV]
02:36:27.427 [Test worker] DEBUG o.a.h.c.s.SSLConnectionSocketFactory - Starting handshake
02:36:27.503 [Test worker] DEBUG o.a.h.c.s.SSLConnectionSocketFactory - Secure session established
02:36:27.503 [Test worker] DEBUG o.a.h.c.s.SSLConnectionSocketFactory -  negotiated protocol: TLSv1
02:36:27.503 [Test worker] DEBUG o.a.h.c.s.SSLConnectionSocketFactory -  negotiated cipher suite: TLS_ECDHE_RSA_WITH_AES_128_CBC_SHA
02:36:27.503 [Test worker] DEBUG o.a.h.c.s.SSLConnectionSocketFactory -  peer principal: CN=Thesis
02:36:27.504 [Test worker] DEBUG o.a.h.c.s.SSLConnectionSocketFactory -  issuer principal: EMAILADDRESS=sha@yamil.com, CN=Thesis, OU=Open, O=Fra, L=BER, ST=BER, C=DE
02:36:27.504 [Test worker] DEBUG o.a.h.i.c.DefaultHttpClientConnectionOperator - Connection established 127.0.0.1:41474<->127.0.1.1:2376
02:36:27.504 [Test worker] DEBUG o.a.h.impl.execchain.MainClientExec - Executing request GET /images/json?all=true HTTP/1.1
02:36:27.504 [Test worker] DEBUG o.a.h.impl.execchain.MainClientExec - Target auth state: UNCHALLENGED
02:36:27.504 [Test worker] DEBUG o.a.h.impl.execchain.MainClientExec - Proxy auth state: UNCHALLENGED
02:36:27.504 [Test worker] DEBUG org.apache.http.headers - http-outgoing-87 >> GET /images/json?all=true HTTP/1.1
02:36:27.504 [Test worker] DEBUG org.apache.http.headers - http-outgoing-87 >> Accept: application/json
02:36:27.504 [Test worker] DEBUG org.apache.http.headers - http-outgoing-87 >> User-Agent: Jersey/2.23.1 (Apache HttpClient 4.5.1)
02:36:27.505 [Test worker] DEBUG org.apache.http.headers - http-outgoing-87 >> Host: Thesis:2376
02:36:27.505 [Test worker] DEBUG org.apache.http.headers - http-outgoing-87 >> Connection: Keep-Alive
02:36:27.505 [Test worker] DEBUG org.apache.http.headers - http-outgoing-87 >> Accept-Encoding: gzip,deflate
02:36:27.505 [Test worker] DEBUG org.apache.http.wire - http-outgoing-87 >> "GET /images/json?all=true HTTP/1.1[\r][\n]"
02:36:27.505 [Test worker] DEBUG org.apache.http.wire - http-outgoing-87 >> "Accept: application/json[\r][\n]"
02:36:27.505 [Test worker] DEBUG org.apache.http.wire - http-outgoing-87 >> "User-Agent: Jersey/2.23.1 (Apache HttpClient 4.5.1)[\r][\n]"
02:36:27.505 [Test worker] DEBUG org.apache.http.wire - http-outgoing-87 >> "Host: Thesis:2376[\r][\n]"
02:36:27.505 [Test worker] DEBUG org.apache.http.wire - http-outgoing-87 >> "Connection: Keep-Alive[\r][\n]"
02:36:27.506 [Test worker] DEBUG org.apache.http.wire - http-outgoing-87 >> "Accept-Encoding: gzip,deflate[\r][\n]"
02:36:27.506 [Test worker] DEBUG org.apache.http.wire - http-outgoing-87 >> "[\r][\n]"
02:36:27.507 [Test worker] DEBUG org.apache.http.wire - http-outgoing-87 << "H"
02:36:27.507 [Test worker] DEBUG org.apache.http.wire - http-outgoing-87 << "TTP/1.1 200 OK[\r][\n]"
02:36:27.507 [Test worker] DEBUG org.apache.http.wire - http-outgoing-87 << "Content-Type: application/json[\r][\n]"
02:36:27.507 [Test worker] DEBUG org.apache.http.wire - http-outgoing-87 << "Server: Docker/1.12.3 (linux)[\r][\n]"
02:36:27.507 [Test worker] DEBUG org.apache.http.wire - http-outgoing-87 << "Date: Tue, 03 Jan 2017 01:36:27 GMT[\r][\n]"
02:36:27.507 [Test worker] DEBUG org.apache.http.wire - http-outgoing-87 << "Content-Length: 1195[\r][\n]"
02:36:27.507 [Test worker] DEBUG org.apache.http.wire - http-outgoing-87 << "[\r][\n]"
02:36:27.507 [Test worker] DEBUG org.apache.http.wire - http-outgoing-87 << "[{"Id":"sha256:4ca3a192ff2a5b7e225e81dc006b6379c10776ed3619757a65608cb72de0a7f6","ParentId":"","RepoTags":["ubuntu:latest"],"RepoDigests":["ubuntu@sha256:3b64c309deae7ab0f7dbdd42b6b326261ccd6261da5d88396439353162703fb5"],"Created":1480449877,"Size":128206574,"VirtualSize":128206574,"Labels":{}},{"Id":"sha256:aae2b63c49461fcae4962e4a8043f66acf8e3af7e62f5ebceb70b181d8ca01e0","ParentId":"","RepoTags":["ubuntu:14.04"],"RepoDigests":["ubuntu@sha256:edb984703bd3e8981ff541a5b9297ca1b81fde6e6e8094d86e390a38ebc30b4d"],"Created":1480449856,"Size":187952254,"VirtualSize":187952254,"Labels":{}},{"Id":"sha256:e02e811dd08fd49e7f6032625495118e63f597eb150403d02e3238af1df240ba","ParentId":"","RepoTags":["busybox:latest"],"RepoDigests":["busybox@sha256:29f5d56d12684887bdfa50dcd29fc31eea4aaf4ad3bec43daf19026a7ce69912"],"Created":1475874238,"Size":1093484,"VirtualSize":1093484,"Labels":{}},{"Id":"sha256:d654de4499473ed41349b54a988b6f46a7fc92e3fa2d61e102bf2660a0116e25","ParentId":"","RepoTags":["sakib37/iperf3:latest"],"RepoDigests":["sakib37/iperf3@sha256:8d80a810f8f508c074b14d02555f20110eac382c8dbda7252075392983629d40"],"Created":1474907599,"Size":199456654,"VirtualSize":199456654,"Labels":{}}][\n]"
02:36:27.508 [Test worker] DEBUG org.apache.http.headers - http-outgoing-87 << HTTP/1.1 200 OK
02:36:27.508 [Test worker] DEBUG org.apache.http.headers - http-outgoing-87 << Content-Type: application/json
02:36:27.508 [Test worker] DEBUG org.apache.http.headers - http-outgoing-87 << Server: Docker/1.12.3 (linux)
02:36:27.508 [Test worker] DEBUG org.apache.http.headers - http-outgoing-87 << Date: Tue, 03 Jan 2017 01:36:27 GMT
02:36:27.508 [Test worker] DEBUG org.apache.http.headers - http-outgoing-87 << Content-Length: 1195
02:36:27.508 [Test worker] DEBUG o.a.h.impl.execchain.MainClientExec - Connection can be kept alive indefinitely
02:36:27.509 [Test worker] DEBUG c.g.d.j.JerseyDockerCmdExecFactory - 8 * Client response received on thread Test worker
8 < 200
8 < Content-Length: 1195
8 < Content-Type: application/json
8 < Date: Tue, 03 Jan 2017 01:36:27 GMT
8 < Server: Docker/1.12.3 (linux)
[{"Id":"sha256:4ca3a192ff2a5b7e225e81dc006b6379c10776ed3619757a65608cb72de0a7f6","ParentId":"","RepoTags":["ubuntu:latest"],"RepoDigests":["ubuntu@sha256:3b64c309deae7ab0f7dbdd42b6b326261ccd6261da5d88396439353162703fb5"],"Created":1480449877,"Size":128206574,"VirtualSize":128206574,"Labels":{}},{"Id":"sha256:aae2b63c49461fcae4962e4a8043f66acf8e3af7e62f5ebceb70b181d8ca01e0","ParentId":"","RepoTags":["ubuntu:14.04"],"RepoDigests":["ubuntu@sha256:edb984703bd3e8981ff541a5b9297ca1b81fde6e6e8094d86e390a38ebc30b4d"],"Created":1480449856,"Size":187952254,"VirtualSize":187952254,"Labels":{}},{"Id":"sha256:e02e811dd08fd49e7f6032625495118e63f597eb150403d02e3238af1df240ba","ParentId":"","RepoTags":["busybox:latest"],"RepoDigests":["busybox@sha256:29f5d56d12684887bdfa50dcd29fc31eea4aaf4ad3bec43daf19026a7ce69912"],"Created":1475874238,"Size":1093484,"VirtualSize":1093484,"Labels":{}},{"Id":"sha256:d654de4499473ed41349b54a988b6f46a7fc92e3fa2d61e102bf2660a0116e25","ParentId":"","RepoTags":["sakib37/iperf3:latest"],"RepoDigests":["sakib37/iperf3@sha256:8d80a810f8f508c074b14d02555f20110eac382c8dbda7252075392983629d40"],"Created":1474907599,"Size":199456654,"VirtualSize":199456654,"Labels":{}}]


02:36:27.511 [Test worker] DEBUG o.a.h.i.c.DefaultManagedHttpClientConnection - http-outgoing-87: Close connection
02:36:27.511 [Test worker] DEBUG o.a.h.impl.execchain.MainClientExec - Connection discarded
02:36:27.511 [Test worker] DEBUG c.g.d.j.JerseyDockerCmdExecFactory$1 - Connection released: [id: 87][route: {s}->https://Thesis:2376][total kept alive: 1; route allocated: 1 of 2; total allocated: 1 of 20]
02:36:27.512 [Test worker] DEBUG c.g.d.core.command.AbstrDockerCmd - Cmd: com.github.dockerjava.core.command.CreateContainerCmdImpl@a0992a[name=MyContainer,hostName=MyContainer,domainName=<null>,user=<null>,attachStdin=<null>,attachStdout=<null>,attachStderr=<null>,portSpecs=<null>,tty=<null>,stdinOpen=<null>,stdInOnce=<null>,env={TERM=xterm},cmd={sleep,99999},entrypoint=<null>,image=ubuntu:14.04,volumes=com.github.dockerjava.api.model.Volumes@2fa794b8,workingDir=<null>,macAddress=<null>,networkDisabled=<null>,exposedPorts=com.github.dockerjava.api.model.ExposedPorts@2314d479,stopSignal=<null>,hostConfig=com.github.dockerjava.api.model.HostConfig@2c8965ed[binds=<null>,blkioWeight=<null>,blkioWeightDevice=<null>,blkioDeviceReadBps=<null>,blkioDeviceReadIOps=<null>,blkioDeviceWriteBps=<null>,blkioDeviceWriteIOps=<null>,memorySwappiness=<null>,capAdd=<null>,capDrop=<null>,containerIDFile=<null>,cpuPeriod=<null>,cpuShares=<null>,cpuQuota=<null>,cpusetCpus=<null>,cpusetMems=<null>,devices=<null>,dns=<null>,dnsSearch=<null>,extraHosts=<null>,links=<null>,logConfig=<null>,lxcConf=<null>,memory=<null>,memorySwap=<null>,memoryReservation=<null>,kernelMemory=<null>,networkMode=<null>,oomKillDisable=<null>,oomScoreAdj=<null>,portBindings={8084/tcp=[Lcom.github.dockerjava.api.model.Ports$Binding;@63b977f2},privileged=<null>,publishAllPorts=<null>,readonlyRootfs=<null>,restartPolicy=<null>,ulimits=<null>,volumesFrom=<null>,pidMode=<null>,securityOpts=<null>,cgroupParent=<null>,volumeDriver=<null>,shmSize=<null>],labels=<null>,networkingConfig=<null>,ipv4Address=<null>,ipv6Address=<null>,aliases=<null>,execution=com.github.dockerjava.jaxrs.CreateContainerCmdExec@186a5d13]
02:36:27.514 [Test worker] DEBUG o.a.h.c.protocol.RequestAddCookies - CookieSpec selected: default
02:36:27.514 [Test worker] DEBUG o.a.h.c.protocol.RequestAuthCache - Auth cache not set in the context
02:36:27.514 [Test worker] DEBUG c.g.d.j.JerseyDockerCmdExecFactory$1 - Connection request: [route: {s}->https://Thesis:2376][total kept alive: 1; route allocated: 1 of 2; total allocated: 1 of 20]
02:36:27.514 [Test worker] DEBUG c.g.d.j.JerseyDockerCmdExecFactory$1 - Connection leased: [id: 88][route: {s}->https://Thesis:2376][total kept alive: 1; route allocated: 2 of 2; total allocated: 2 of 20]
02:36:27.515 [Test worker] DEBUG o.a.h.impl.execchain.MainClientExec - Opening connection {s}->https://Thesis:2376
02:36:27.515 [Test worker] DEBUG o.a.h.i.c.DefaultHttpClientConnectionOperator - Connecting to Thesis/127.0.1.1:2376
02:36:27.515 [Test worker] DEBUG o.a.h.c.s.SSLConnectionSocketFactory - Connecting socket to Thesis/127.0.1.1:2376 with timeout 0
02:36:27.516 [Test worker] DEBUG o.a.h.c.s.SSLConnectionSocketFactory - Enabled protocols: [TLSv1]
02:36:27.516 [Test worker] DEBUG o.a.h.c.s.SSLConnectionSocketFactory - Enabled cipher suites:[TLS_ECDHE_ECDSA_WITH_AES_128_CBC_SHA, TLS_ECDHE_RSA_WITH_AES_128_CBC_SHA, TLS_RSA_WITH_AES_128_CBC_SHA, TLS_ECDH_ECDSA_WITH_AES_128_CBC_SHA, TLS_ECDH_RSA_WITH_AES_128_CBC_SHA, TLS_DHE_RSA_WITH_AES_128_CBC_SHA, TLS_DHE_DSS_WITH_AES_128_CBC_SHA, TLS_ECDHE_ECDSA_WITH_3DES_EDE_CBC_SHA, TLS_ECDHE_RSA_WITH_3DES_EDE_CBC_SHA, SSL_RSA_WITH_3DES_EDE_CBC_SHA, TLS_ECDH_ECDSA_WITH_3DES_EDE_CBC_SHA, TLS_ECDH_RSA_WITH_3DES_EDE_CBC_SHA, SSL_DHE_RSA_WITH_3DES_EDE_CBC_SHA, SSL_DHE_DSS_WITH_3DES_EDE_CBC_SHA, TLS_ECDHE_ECDSA_WITH_RC4_128_SHA, TLS_ECDHE_RSA_WITH_RC4_128_SHA, SSL_RSA_WITH_RC4_128_SHA, TLS_ECDH_ECDSA_WITH_RC4_128_SHA, TLS_ECDH_RSA_WITH_RC4_128_SHA, SSL_RSA_WITH_RC4_128_MD5, TLS_EMPTY_RENEGOTIATION_INFO_SCSV]
02:36:27.516 [Test worker] DEBUG o.a.h.c.s.SSLConnectionSocketFactory - Starting handshake
02:36:27.576 [Test worker] DEBUG o.a.h.c.s.SSLConnectionSocketFactory - Secure session established
02:36:27.576 [Test worker] DEBUG o.a.h.c.s.SSLConnectionSocketFactory -  negotiated protocol: TLSv1
02:36:27.576 [Test worker] DEBUG o.a.h.c.s.SSLConnectionSocketFactory -  negotiated cipher suite: TLS_ECDHE_RSA_WITH_AES_128_CBC_SHA
02:36:27.576 [Test worker] DEBUG o.a.h.c.s.SSLConnectionSocketFactory -  peer principal: CN=Thesis
02:36:27.577 [Test worker] DEBUG o.a.h.c.s.SSLConnectionSocketFactory -  issuer principal: EMAILADDRESS=sha@yamil.com, CN=Thesis, OU=Open, O=Fra, L=BER, ST=BER, C=DE
02:36:27.577 [Test worker] DEBUG o.a.h.i.c.DefaultHttpClientConnectionOperator - Connection established 127.0.0.1:41476<->127.0.1.1:2376
02:36:27.577 [Test worker] DEBUG o.a.h.impl.execchain.MainClientExec - Executing request POST /containers/create?name=MyContainer HTTP/1.1
02:36:27.577 [Test worker] DEBUG o.a.h.impl.execchain.MainClientExec - Target auth state: UNCHALLENGED
02:36:27.577 [Test worker] DEBUG o.a.h.impl.execchain.MainClientExec - Proxy auth state: UNCHALLENGED
02:36:27.577 [Test worker] DEBUG org.apache.http.headers - http-outgoing-88 >> POST /containers/create?name=MyContainer HTTP/1.1
02:36:27.577 [Test worker] DEBUG org.apache.http.headers - http-outgoing-88 >> Accept: application/json
02:36:27.578 [Test worker] DEBUG org.apache.http.headers - http-outgoing-88 >> Content-Type: application/json
02:36:27.578 [Test worker] DEBUG org.apache.http.headers - http-outgoing-88 >> User-Agent: Jersey/2.23.1 (Apache HttpClient 4.5.1)
02:36:27.578 [Test worker] DEBUG org.apache.http.headers - http-outgoing-88 >> Transfer-Encoding: chunked
02:36:27.578 [Test worker] DEBUG org.apache.http.headers - http-outgoing-88 >> Host: Thesis:2376
02:36:27.578 [Test worker] DEBUG org.apache.http.headers - http-outgoing-88 >> Connection: Keep-Alive
02:36:27.578 [Test worker] DEBUG org.apache.http.headers - http-outgoing-88 >> Accept-Encoding: gzip,deflate
02:36:27.595 [Test worker] DEBUG c.g.d.j.JerseyDockerCmdExecFactory - 9 * Sending client request on thread Test worker
9 > POST https://Thesis:2376/containers/create?name=MyContainer
9 > Accept: application/json
9 > Content-Type: application/json
{"name":"MyContainer","Hostname":"MyContainer","Env":["TERM=xterm"],"Cmd":["sleep","99999"],"Image":"ubuntu:14.04","Volumes":{},"ExposedPorts":{"8084/tcp":{}},"HostConfig":{"PortBindings":{"8084/tcp":[{"HostIp":"","HostPort":"8084"}]}}}

02:36:27.596 [Test worker] DEBUG org.apache.http.wire - http-outgoing-88 >> "POST /containers/create?name=MyContainer HTTP/1.1[\r][\n]"
02:36:27.596 [Test worker] DEBUG org.apache.http.wire - http-outgoing-88 >> "Accept: application/json[\r][\n]"
02:36:27.596 [Test worker] DEBUG org.apache.http.wire - http-outgoing-88 >> "Content-Type: application/json[\r][\n]"
02:36:27.596 [Test worker] DEBUG org.apache.http.wire - http-outgoing-88 >> "User-Agent: Jersey/2.23.1 (Apache HttpClient 4.5.1)[\r][\n]"
02:36:27.596 [Test worker] DEBUG org.apache.http.wire - http-outgoing-88 >> "Transfer-Encoding: chunked[\r][\n]"
02:36:27.596 [Test worker] DEBUG org.apache.http.wire - http-outgoing-88 >> "Host: Thesis:2376[\r][\n]"
02:36:27.597 [Test worker] DEBUG org.apache.http.wire - http-outgoing-88 >> "Connection: Keep-Alive[\r][\n]"
02:36:27.597 [Test worker] DEBUG org.apache.http.wire - http-outgoing-88 >> "Accept-Encoding: gzip,deflate[\r][\n]"
02:36:27.597 [Test worker] DEBUG org.apache.http.wire - http-outgoing-88 >> "[\r][\n]"
02:36:27.597 [Test worker] DEBUG org.apache.http.wire - http-outgoing-88 >> "ec[\r][\n]"
02:36:27.597 [Test worker] DEBUG org.apache.http.wire - http-outgoing-88 >> "{"name":"MyContainer","Hostname":"MyContainer","Env":["TERM=xterm"],"Cmd":["sleep","99999"],"Image":"ubuntu:14.04","Volumes":{},"ExposedPorts":{"8084/tcp":{}},"HostConfig":{"PortBindings":{"8084/tcp":[{"HostIp":"","HostPort":"8084"}]}}}[\r][\n]"
02:36:27.597 [Test worker] DEBUG org.apache.http.wire - http-outgoing-88 >> "0[\r][\n]"
02:36:27.597 [Test worker] DEBUG org.apache.http.wire - http-outgoing-88 >> "[\r][\n]"
02:36:27.616 [Test worker] DEBUG org.apache.http.wire - http-outgoing-88 << "H"
02:36:27.617 [Test worker] DEBUG org.apache.http.wire - http-outgoing-88 << "TTP/1.1 201 Created[\r][\n]"
02:36:27.617 [Test worker] DEBUG org.apache.http.wire - http-outgoing-88 << "Content-Type: application/json[\r][\n]"
02:36:27.617 [Test worker] DEBUG org.apache.http.wire - http-outgoing-88 << "Server: Docker/1.12.3 (linux)[\r][\n]"
02:36:27.617 [Test worker] DEBUG org.apache.http.wire - http-outgoing-88 << "Date: Tue, 03 Jan 2017 01:36:27 GMT[\r][\n]"
02:36:27.617 [Test worker] DEBUG org.apache.http.wire - http-outgoing-88 << "Content-Length: 90[\r][\n]"
02:36:27.617 [Test worker] DEBUG org.apache.http.wire - http-outgoing-88 << "[\r][\n]"
02:36:27.617 [Test worker] DEBUG org.apache.http.wire - http-outgoing-88 << "{"Id":"306948e87ecd9003ec294f7879620f142634cce700068e0f49c3e5b508847079","Warnings":null}[\n]"
02:36:27.617 [Test worker] DEBUG org.apache.http.headers - http-outgoing-88 << HTTP/1.1 201 Created
02:36:27.618 [Test worker] DEBUG org.apache.http.headers - http-outgoing-88 << Content-Type: application/json
02:36:27.618 [Test worker] DEBUG org.apache.http.headers - http-outgoing-88 << Server: Docker/1.12.3 (linux)
02:36:27.618 [Test worker] DEBUG org.apache.http.headers - http-outgoing-88 << Date: Tue, 03 Jan 2017 01:36:27 GMT
02:36:27.618 [Test worker] DEBUG org.apache.http.headers - http-outgoing-88 << Content-Length: 90
02:36:27.618 [Test worker] DEBUG o.a.h.impl.execchain.MainClientExec - Connection can be kept alive indefinitely
02:36:27.618 [Test worker] DEBUG c.g.d.j.JerseyDockerCmdExecFactory - 10 * Client response received on thread Test worker
10 < 201
10 < Content-Length: 90
10 < Content-Type: application/json
10 < Date: Tue, 03 Jan 2017 01:36:27 GMT
10 < Server: Docker/1.12.3 (linux)
{"Id":"306948e87ecd9003ec294f7879620f142634cce700068e0f49c3e5b508847079","Warnings":null}


02:36:27.620 [Test worker] DEBUG o.a.h.i.c.DefaultManagedHttpClientConnection - http-outgoing-88: Close connection
02:36:27.620 [Test worker] DEBUG o.a.h.impl.execchain.MainClientExec - Connection discarded
02:36:27.620 [Test worker] DEBUG c.g.d.j.JerseyDockerCmdExecFactory$1 - Connection released: [id: 88][route: {s}->https://Thesis:2376][total kept alive: 1; route allocated: 1 of 2; total allocated: 1 of 20]
02:36:27.620 [Test worker] DEBUG org.openbaton.docker.DockerVim - Instance created successfully
02:36:27.621 [Test worker] DEBUG c.g.d.core.command.AbstrDockerCmd - Cmd: 306948e87ecd9003ec294f7879620f142634cce700068e0f49c3e5b508847079,com.github.dockerjava.jaxrs.StartContainerCmdExec@5830d5d0
02:36:27.621 [Test worker] DEBUG c.g.d.j.JerseyDockerCmdExecFactory - 11 * Sending client request on thread Test worker
11 > POST https://Thesis:2376/containers/306948e87ecd9003ec294f7879620f142634cce700068e0f49c3e5b508847079/start
11 > Accept: application/json

02:36:27.622 [Test worker] DEBUG o.a.h.c.protocol.RequestAddCookies - CookieSpec selected: default
02:36:27.622 [Test worker] DEBUG o.a.h.c.protocol.RequestAuthCache - Auth cache not set in the context
02:36:27.622 [Test worker] DEBUG c.g.d.j.JerseyDockerCmdExecFactory$1 - Connection request: [route: {s}->https://Thesis:2376][total kept alive: 1; route allocated: 1 of 2; total allocated: 1 of 20]
02:36:27.623 [Test worker] DEBUG c.g.d.j.JerseyDockerCmdExecFactory$1 - Connection leased: [id: 89][route: {s}->https://Thesis:2376][total kept alive: 1; route allocated: 2 of 2; total allocated: 2 of 20]
02:36:27.623 [Test worker] DEBUG o.a.h.impl.execchain.MainClientExec - Opening connection {s}->https://Thesis:2376
02:36:27.623 [Test worker] DEBUG o.a.h.i.c.DefaultHttpClientConnectionOperator - Connecting to Thesis/127.0.1.1:2376
02:36:27.623 [Test worker] DEBUG o.a.h.c.s.SSLConnectionSocketFactory - Connecting socket to Thesis/127.0.1.1:2376 with timeout 0
02:36:27.624 [Test worker] DEBUG o.a.h.c.s.SSLConnectionSocketFactory - Enabled protocols: [TLSv1]
02:36:27.624 [Test worker] DEBUG o.a.h.c.s.SSLConnectionSocketFactory - Enabled cipher suites:[TLS_ECDHE_ECDSA_WITH_AES_128_CBC_SHA, TLS_ECDHE_RSA_WITH_AES_128_CBC_SHA, TLS_RSA_WITH_AES_128_CBC_SHA, TLS_ECDH_ECDSA_WITH_AES_128_CBC_SHA, TLS_ECDH_RSA_WITH_AES_128_CBC_SHA, TLS_DHE_RSA_WITH_AES_128_CBC_SHA, TLS_DHE_DSS_WITH_AES_128_CBC_SHA, TLS_ECDHE_ECDSA_WITH_3DES_EDE_CBC_SHA, TLS_ECDHE_RSA_WITH_3DES_EDE_CBC_SHA, SSL_RSA_WITH_3DES_EDE_CBC_SHA, TLS_ECDH_ECDSA_WITH_3DES_EDE_CBC_SHA, TLS_ECDH_RSA_WITH_3DES_EDE_CBC_SHA, SSL_DHE_RSA_WITH_3DES_EDE_CBC_SHA, SSL_DHE_DSS_WITH_3DES_EDE_CBC_SHA, TLS_ECDHE_ECDSA_WITH_RC4_128_SHA, TLS_ECDHE_RSA_WITH_RC4_128_SHA, SSL_RSA_WITH_RC4_128_SHA, TLS_ECDH_ECDSA_WITH_RC4_128_SHA, TLS_ECDH_RSA_WITH_RC4_128_SHA, SSL_RSA_WITH_RC4_128_MD5, TLS_EMPTY_RENEGOTIATION_INFO_SCSV]
02:36:27.624 [Test worker] DEBUG o.a.h.c.s.SSLConnectionSocketFactory - Starting handshake
02:36:27.708 [Test worker] DEBUG o.a.h.c.s.SSLConnectionSocketFactory - Secure session established
02:36:27.708 [Test worker] DEBUG o.a.h.c.s.SSLConnectionSocketFactory -  negotiated protocol: TLSv1
02:36:27.709 [Test worker] DEBUG o.a.h.c.s.SSLConnectionSocketFactory -  negotiated cipher suite: TLS_ECDHE_RSA_WITH_AES_128_CBC_SHA
02:36:27.709 [Test worker] DEBUG o.a.h.c.s.SSLConnectionSocketFactory -  peer principal: CN=Thesis
02:36:27.709 [Test worker] DEBUG o.a.h.c.s.SSLConnectionSocketFactory -  issuer principal: EMAILADDRESS=sha@yamil.com, CN=Thesis, OU=Open, O=Fra, L=BER, ST=BER, C=DE
02:36:27.709 [Test worker] DEBUG o.a.h.i.c.DefaultHttpClientConnectionOperator - Connection established 127.0.0.1:41478<->127.0.1.1:2376
02:36:27.709 [Test worker] DEBUG o.a.h.impl.execchain.MainClientExec - Executing request POST /containers/306948e87ecd9003ec294f7879620f142634cce700068e0f49c3e5b508847079/start HTTP/1.1
02:36:27.709 [Test worker] DEBUG o.a.h.impl.execchain.MainClientExec - Target auth state: UNCHALLENGED
02:36:27.709 [Test worker] DEBUG o.a.h.impl.execchain.MainClientExec - Proxy auth state: UNCHALLENGED
02:36:27.710 [Test worker] DEBUG org.apache.http.headers - http-outgoing-89 >> POST /containers/306948e87ecd9003ec294f7879620f142634cce700068e0f49c3e5b508847079/start HTTP/1.1
02:36:27.710 [Test worker] DEBUG org.apache.http.headers - http-outgoing-89 >> Accept: application/json
02:36:27.710 [Test worker] DEBUG org.apache.http.headers - http-outgoing-89 >> User-Agent: Jersey/2.23.1 (Apache HttpClient 4.5.1)
02:36:27.710 [Test worker] DEBUG org.apache.http.headers - http-outgoing-89 >> Host: Thesis:2376
02:36:27.710 [Test worker] DEBUG org.apache.http.headers - http-outgoing-89 >> Connection: Keep-Alive
02:36:27.710 [Test worker] DEBUG org.apache.http.headers - http-outgoing-89 >> Accept-Encoding: gzip,deflate
02:36:27.710 [Test worker] DEBUG org.apache.http.wire - http-outgoing-89 >> "POST /containers/306948e87ecd9003ec294f7879620f142634cce700068e0f49c3e5b508847079/start HTTP/1.1[\r][\n]"
02:36:27.710 [Test worker] DEBUG org.apache.http.wire - http-outgoing-89 >> "Accept: application/json[\r][\n]"
02:36:27.710 [Test worker] DEBUG org.apache.http.wire - http-outgoing-89 >> "User-Agent: Jersey/2.23.1 (Apache HttpClient 4.5.1)[\r][\n]"
02:36:27.711 [Test worker] DEBUG org.apache.http.wire - http-outgoing-89 >> "Host: Thesis:2376[\r][\n]"
02:36:27.711 [Test worker] DEBUG org.apache.http.wire - http-outgoing-89 >> "Connection: Keep-Alive[\r][\n]"
02:36:27.711 [Test worker] DEBUG org.apache.http.wire - http-outgoing-89 >> "Accept-Encoding: gzip,deflate[\r][\n]"
02:36:27.711 [Test worker] DEBUG org.apache.http.wire - http-outgoing-89 >> "[\r][\n]"
02:36:27.877 [Test worker] DEBUG org.apache.http.wire - http-outgoing-89 << "H"
02:36:27.878 [Test worker] DEBUG org.apache.http.wire - http-outgoing-89 << "TTP/1.1 204 No Content[\r][\n]"
02:36:27.878 [Test worker] DEBUG org.apache.http.wire - http-outgoing-89 << "Server: Docker/1.12.3 (linux)[\r][\n]"
02:36:27.878 [Test worker] DEBUG org.apache.http.wire - http-outgoing-89 << "Date: Tue, 03 Jan 2017 01:36:27 GMT[\r][\n]"
02:36:27.878 [Test worker] DEBUG org.apache.http.wire - http-outgoing-89 << "[\r][\n]"
02:36:27.878 [Test worker] DEBUG org.apache.http.headers - http-outgoing-89 << HTTP/1.1 204 No Content
02:36:27.878 [Test worker] DEBUG org.apache.http.headers - http-outgoing-89 << Server: Docker/1.12.3 (linux)
02:36:27.878 [Test worker] DEBUG org.apache.http.headers - http-outgoing-89 << Date: Tue, 03 Jan 2017 01:36:27 GMT
02:36:27.878 [Test worker] DEBUG o.a.h.impl.execchain.MainClientExec - Connection can be kept alive indefinitely
02:36:27.878 [Test worker] DEBUG c.g.d.j.JerseyDockerCmdExecFactory$1 - Connection [id: 89][route: {s}->https://Thesis:2376][state: CN=Thesis] can be kept alive indefinitely
02:36:27.878 [Test worker] DEBUG c.g.d.j.JerseyDockerCmdExecFactory$1 - Connection released: [id: 89][route: {s}->https://Thesis:2376][state: CN=Thesis][total kept alive: 2; route allocated: 2 of 2; total allocated: 2 of 20]
02:36:27.878 [Test worker] DEBUG c.g.d.j.JerseyDockerCmdExecFactory - 12 * Client response received on thread Test worker
12 < 204
12 < Date: Tue, 03 Jan 2017 01:36:27 GMT
12 < Server: Docker/1.12.3 (linux)

02:36:27.878 [Test worker] DEBUG c.g.d.core.command.AbstrDockerCmd - Cmd: ListImagesCmdImpl[imageNameFilter=<null>,showAll=true,filters=com.github.dockerjava.core.util.FiltersBuilder@0,execution=com.github.dockerjava.jaxrs.ListImagesCmdExec@2b602a95]
02:36:27.879 [Test worker] DEBUG c.g.d.j.JerseyDockerCmdExecFactory - 13 * Sending client request on thread Test worker
13 > GET https://Thesis:2376/images/json?all=true
13 > Accept: application/json

02:36:27.879 [Test worker] DEBUG o.a.h.c.protocol.RequestAddCookies - CookieSpec selected: default
02:36:27.879 [Test worker] DEBUG o.a.h.c.protocol.RequestAuthCache - Auth cache not set in the context
02:36:27.879 [Test worker] DEBUG c.g.d.j.JerseyDockerCmdExecFactory$1 - Connection request: [route: {s}->https://Thesis:2376][total kept alive: 2; route allocated: 2 of 2; total allocated: 2 of 20]
02:36:27.879 [Test worker] DEBUG o.a.h.i.c.DefaultManagedHttpClientConnection - http-outgoing-84: Close connection
02:36:27.879 [Test worker] DEBUG c.g.d.j.JerseyDockerCmdExecFactory$1 - Connection leased: [id: 90][route: {s}->https://Thesis:2376][total kept alive: 1; route allocated: 2 of 2; total allocated: 2 of 20]
02:36:27.879 [Test worker] DEBUG o.a.h.impl.execchain.MainClientExec - Opening connection {s}->https://Thesis:2376
02:36:27.879 [Test worker] DEBUG o.a.h.i.c.DefaultHttpClientConnectionOperator - Connecting to Thesis/127.0.1.1:2376
02:36:27.879 [Test worker] DEBUG o.a.h.c.s.SSLConnectionSocketFactory - Connecting socket to Thesis/127.0.1.1:2376 with timeout 0
02:36:27.881 [Test worker] DEBUG o.a.h.c.s.SSLConnectionSocketFactory - Enabled protocols: [TLSv1]
02:36:27.881 [Test worker] DEBUG o.a.h.c.s.SSLConnectionSocketFactory - Enabled cipher suites:[TLS_ECDHE_ECDSA_WITH_AES_128_CBC_SHA, TLS_ECDHE_RSA_WITH_AES_128_CBC_SHA, TLS_RSA_WITH_AES_128_CBC_SHA, TLS_ECDH_ECDSA_WITH_AES_128_CBC_SHA, TLS_ECDH_RSA_WITH_AES_128_CBC_SHA, TLS_DHE_RSA_WITH_AES_128_CBC_SHA, TLS_DHE_DSS_WITH_AES_128_CBC_SHA, TLS_ECDHE_ECDSA_WITH_3DES_EDE_CBC_SHA, TLS_ECDHE_RSA_WITH_3DES_EDE_CBC_SHA, SSL_RSA_WITH_3DES_EDE_CBC_SHA, TLS_ECDH_ECDSA_WITH_3DES_EDE_CBC_SHA, TLS_ECDH_RSA_WITH_3DES_EDE_CBC_SHA, SSL_DHE_RSA_WITH_3DES_EDE_CBC_SHA, SSL_DHE_DSS_WITH_3DES_EDE_CBC_SHA, TLS_ECDHE_ECDSA_WITH_RC4_128_SHA, TLS_ECDHE_RSA_WITH_RC4_128_SHA, SSL_RSA_WITH_RC4_128_SHA, TLS_ECDH_ECDSA_WITH_RC4_128_SHA, TLS_ECDH_RSA_WITH_RC4_128_SHA, SSL_RSA_WITH_RC4_128_MD5, TLS_EMPTY_RENEGOTIATION_INFO_SCSV]
02:36:27.881 [Test worker] DEBUG o.a.h.c.s.SSLConnectionSocketFactory - Starting handshake
02:36:27.940 [Test worker] DEBUG o.a.h.c.s.SSLConnectionSocketFactory - Secure session established
02:36:27.941 [Test worker] DEBUG o.a.h.c.s.SSLConnectionSocketFactory -  negotiated protocol: TLSv1
02:36:27.941 [Test worker] DEBUG o.a.h.c.s.SSLConnectionSocketFactory -  negotiated cipher suite: TLS_ECDHE_RSA_WITH_AES_128_CBC_SHA
02:36:27.941 [Test worker] DEBUG o.a.h.c.s.SSLConnectionSocketFactory -  peer principal: CN=Thesis
02:36:27.941 [Test worker] DEBUG o.a.h.c.s.SSLConnectionSocketFactory -  issuer principal: EMAILADDRESS=sha@yamil.com, CN=Thesis, OU=Open, O=Fra, L=BER, ST=BER, C=DE
02:36:27.941 [Test worker] DEBUG o.a.h.i.c.DefaultHttpClientConnectionOperator - Connection established 127.0.0.1:41480<->127.0.1.1:2376
02:36:27.941 [Test worker] DEBUG o.a.h.impl.execchain.MainClientExec - Executing request GET /images/json?all=true HTTP/1.1
02:36:27.942 [Test worker] DEBUG o.a.h.impl.execchain.MainClientExec - Target auth state: UNCHALLENGED
02:36:27.942 [Test worker] DEBUG o.a.h.impl.execchain.MainClientExec - Proxy auth state: UNCHALLENGED
02:36:27.942 [Test worker] DEBUG org.apache.http.headers - http-outgoing-90 >> GET /images/json?all=true HTTP/1.1
02:36:27.942 [Test worker] DEBUG org.apache.http.headers - http-outgoing-90 >> Accept: application/json
02:36:27.942 [Test worker] DEBUG org.apache.http.headers - http-outgoing-90 >> User-Agent: Jersey/2.23.1 (Apache HttpClient 4.5.1)
02:36:27.942 [Test worker] DEBUG org.apache.http.headers - http-outgoing-90 >> Host: Thesis:2376
02:36:27.942 [Test worker] DEBUG org.apache.http.headers - http-outgoing-90 >> Connection: Keep-Alive
02:36:27.942 [Test worker] DEBUG org.apache.http.headers - http-outgoing-90 >> Accept-Encoding: gzip,deflate
02:36:27.943 [Test worker] DEBUG org.apache.http.wire - http-outgoing-90 >> "GET /images/json?all=true HTTP/1.1[\r][\n]"
02:36:27.943 [Test worker] DEBUG org.apache.http.wire - http-outgoing-90 >> "Accept: application/json[\r][\n]"
02:36:27.943 [Test worker] DEBUG org.apache.http.wire - http-outgoing-90 >> "User-Agent: Jersey/2.23.1 (Apache HttpClient 4.5.1)[\r][\n]"
02:36:27.943 [Test worker] DEBUG org.apache.http.wire - http-outgoing-90 >> "Host: Thesis:2376[\r][\n]"
02:36:27.943 [Test worker] DEBUG org.apache.http.wire - http-outgoing-90 >> "Connection: Keep-Alive[\r][\n]"
02:36:27.943 [Test worker] DEBUG org.apache.http.wire - http-outgoing-90 >> "Accept-Encoding: gzip,deflate[\r][\n]"
02:36:27.943 [Test worker] DEBUG org.apache.http.wire - http-outgoing-90 >> "[\r][\n]"
02:36:27.944 [Test worker] DEBUG org.apache.http.wire - http-outgoing-90 << "H"
02:36:27.945 [Test worker] DEBUG org.apache.http.wire - http-outgoing-90 << "TTP/1.1 200 OK[\r][\n]"
02:36:27.945 [Test worker] DEBUG org.apache.http.wire - http-outgoing-90 << "Content-Type: application/json[\r][\n]"
02:36:27.945 [Test worker] DEBUG org.apache.http.wire - http-outgoing-90 << "Server: Docker/1.12.3 (linux)[\r][\n]"
02:36:27.945 [Test worker] DEBUG org.apache.http.wire - http-outgoing-90 << "Date: Tue, 03 Jan 2017 01:36:27 GMT[\r][\n]"
02:36:27.945 [Test worker] DEBUG org.apache.http.wire - http-outgoing-90 << "Content-Length: 1195[\r][\n]"
02:36:27.945 [Test worker] DEBUG org.apache.http.wire - http-outgoing-90 << "[\r][\n]"
02:36:27.945 [Test worker] DEBUG org.apache.http.wire - http-outgoing-90 << "[{"Id":"sha256:4ca3a192ff2a5b7e225e81dc006b6379c10776ed3619757a65608cb72de0a7f6","ParentId":"","RepoTags":["ubuntu:latest"],"RepoDigests":["ubuntu@sha256:3b64c309deae7ab0f7dbdd42b6b326261ccd6261da5d88396439353162703fb5"],"Created":1480449877,"Size":128206574,"VirtualSize":128206574,"Labels":{}},{"Id":"sha256:aae2b63c49461fcae4962e4a8043f66acf8e3af7e62f5ebceb70b181d8ca01e0","ParentId":"","RepoTags":["ubuntu:14.04"],"RepoDigests":["ubuntu@sha256:edb984703bd3e8981ff541a5b9297ca1b81fde6e6e8094d86e390a38ebc30b4d"],"Created":1480449856,"Size":187952254,"VirtualSize":187952254,"Labels":{}},{"Id":"sha256:e02e811dd08fd49e7f6032625495118e63f597eb150403d02e3238af1df240ba","ParentId":"","RepoTags":["busybox:latest"],"RepoDigests":["busybox@sha256:29f5d56d12684887bdfa50dcd29fc31eea4aaf4ad3bec43daf19026a7ce69912"],"Created":1475874238,"Size":1093484,"VirtualSize":1093484,"Labels":{}},{"Id":"sha256:d654de4499473ed41349b54a988b6f46a7fc92e3fa2d61e102bf2660a0116e25","ParentId":"","RepoTags":["sakib37/iperf3:latest"],"RepoDigests":["sakib37/iperf3@sha256:8d80a810f8f508c074b14d02555f20110eac382c8dbda7252075392983629d40"],"Created":1474907599,"Size":199456654,"VirtualSize":199456654,"Labels":{}}][\n]"
02:36:27.946 [Test worker] DEBUG org.apache.http.headers - http-outgoing-90 << HTTP/1.1 200 OK
02:36:27.946 [Test worker] DEBUG org.apache.http.headers - http-outgoing-90 << Content-Type: application/json
02:36:27.946 [Test worker] DEBUG org.apache.http.headers - http-outgoing-90 << Server: Docker/1.12.3 (linux)
02:36:27.946 [Test worker] DEBUG org.apache.http.headers - http-outgoing-90 << Date: Tue, 03 Jan 2017 01:36:27 GMT
02:36:27.946 [Test worker] DEBUG org.apache.http.headers - http-outgoing-90 << Content-Length: 1195
02:36:27.946 [Test worker] DEBUG o.a.h.impl.execchain.MainClientExec - Connection can be kept alive indefinitely
02:36:27.946 [Test worker] DEBUG c.g.d.j.JerseyDockerCmdExecFactory - 14 * Client response received on thread Test worker
14 < 200
14 < Content-Length: 1195
14 < Content-Type: application/json
14 < Date: Tue, 03 Jan 2017 01:36:27 GMT
14 < Server: Docker/1.12.3 (linux)
[{"Id":"sha256:4ca3a192ff2a5b7e225e81dc006b6379c10776ed3619757a65608cb72de0a7f6","ParentId":"","RepoTags":["ubuntu:latest"],"RepoDigests":["ubuntu@sha256:3b64c309deae7ab0f7dbdd42b6b326261ccd6261da5d88396439353162703fb5"],"Created":1480449877,"Size":128206574,"VirtualSize":128206574,"Labels":{}},{"Id":"sha256:aae2b63c49461fcae4962e4a8043f66acf8e3af7e62f5ebceb70b181d8ca01e0","ParentId":"","RepoTags":["ubuntu:14.04"],"RepoDigests":["ubuntu@sha256:edb984703bd3e8981ff541a5b9297ca1b81fde6e6e8094d86e390a38ebc30b4d"],"Created":1480449856,"Size":187952254,"VirtualSize":187952254,"Labels":{}},{"Id":"sha256:e02e811dd08fd49e7f6032625495118e63f597eb150403d02e3238af1df240ba","ParentId":"","RepoTags":["busybox:latest"],"RepoDigests":["busybox@sha256:29f5d56d12684887bdfa50dcd29fc31eea4aaf4ad3bec43daf19026a7ce69912"],"Created":1475874238,"Size":1093484,"VirtualSize":1093484,"Labels":{}},{"Id":"sha256:d654de4499473ed41349b54a988b6f46a7fc92e3fa2d61e102bf2660a0116e25","ParentId":"","RepoTags":["sakib37/iperf3:latest"],"RepoDigests":["sakib37/iperf3@sha256:8d80a810f8f508c074b14d02555f20110eac382c8dbda7252075392983629d40"],"Created":1474907599,"Size":199456654,"VirtualSize":199456654,"Labels":{}}]


02:36:27.948 [Test worker] DEBUG o.a.h.i.c.DefaultManagedHttpClientConnection - http-outgoing-90: Close connection
02:36:27.948 [Test worker] DEBUG o.a.h.impl.execchain.MainClientExec - Connection discarded
02:36:27.948 [Test worker] DEBUG c.g.d.j.JerseyDockerCmdExecFactory$1 - Connection released: [id: 90][route: {s}->https://Thesis:2376][total kept alive: 1; route allocated: 1 of 2; total allocated: 1 of 20]
02:36:27.948 [Test worker] DEBUG org.openbaton.docker.DockerVim - Found a docker image, transformed into a NFV Image Image{id='sha256:aae2b63c49461fcae4962e4a8043f66acf8e3af7e62f5ebceb70b181d8ca01e0', name='ubuntu:14.04', version=0, extId='null', minRam='0', minDiskSpace='0', minCPU='null', public='true', diskFormat='null', containerFormat='docker', created='Sun Jan 18 04:14:09 CET 1970', updated='null'}
02:36:27.965 [Test worker] DEBUG c.g.d.core.command.AbstrDockerCmd - Cmd: com.github.dockerjava.core.command.CopyArchiveToContainerCmdImpl@513fa35f[cp ,/home/sakib/docker-plugin/src/test/data, ,306948e87ecd9003ec294f7879620f142634cce700068e0f49c3e5b508847079,:,/]
02:36:27.966 [Test worker] DEBUG o.a.h.c.protocol.RequestAddCookies - CookieSpec selected: default
02:36:27.966 [Test worker] DEBUG o.a.h.c.protocol.RequestAuthCache - Auth cache not set in the context
02:36:27.967 [Test worker] DEBUG c.g.d.j.JerseyDockerCmdExecFactory$1 - Connection request: [route: {s}->https://Thesis:2376][total kept alive: 1; route allocated: 1 of 2; total allocated: 1 of 20]
02:36:27.967 [Test worker] DEBUG c.g.d.j.JerseyDockerCmdExecFactory$1 - Connection leased: [id: 91][route: {s}->https://Thesis:2376][total kept alive: 1; route allocated: 2 of 2; total allocated: 2 of 20]
02:36:27.967 [Test worker] DEBUG o.a.h.impl.execchain.MainClientExec - Opening connection {s}->https://Thesis:2376
02:36:27.967 [Test worker] DEBUG o.a.h.i.c.DefaultHttpClientConnectionOperator - Connecting to Thesis/127.0.1.1:2376
02:36:27.967 [Test worker] DEBUG o.a.h.c.s.SSLConnectionSocketFactory - Connecting socket to Thesis/127.0.1.1:2376 with timeout 0
02:36:27.968 [Test worker] DEBUG o.a.h.c.s.SSLConnectionSocketFactory - Enabled protocols: [TLSv1]
02:36:27.968 [Test worker] DEBUG o.a.h.c.s.SSLConnectionSocketFactory - Enabled cipher suites:[TLS_ECDHE_ECDSA_WITH_AES_128_CBC_SHA, TLS_ECDHE_RSA_WITH_AES_128_CBC_SHA, TLS_RSA_WITH_AES_128_CBC_SHA, TLS_ECDH_ECDSA_WITH_AES_128_CBC_SHA, TLS_ECDH_RSA_WITH_AES_128_CBC_SHA, TLS_DHE_RSA_WITH_AES_128_CBC_SHA, TLS_DHE_DSS_WITH_AES_128_CBC_SHA, TLS_ECDHE_ECDSA_WITH_3DES_EDE_CBC_SHA, TLS_ECDHE_RSA_WITH_3DES_EDE_CBC_SHA, SSL_RSA_WITH_3DES_EDE_CBC_SHA, TLS_ECDH_ECDSA_WITH_3DES_EDE_CBC_SHA, TLS_ECDH_RSA_WITH_3DES_EDE_CBC_SHA, SSL_DHE_RSA_WITH_3DES_EDE_CBC_SHA, SSL_DHE_DSS_WITH_3DES_EDE_CBC_SHA, TLS_ECDHE_ECDSA_WITH_RC4_128_SHA, TLS_ECDHE_RSA_WITH_RC4_128_SHA, SSL_RSA_WITH_RC4_128_SHA, TLS_ECDH_ECDSA_WITH_RC4_128_SHA, TLS_ECDH_RSA_WITH_RC4_128_SHA, SSL_RSA_WITH_RC4_128_MD5, TLS_EMPTY_RENEGOTIATION_INFO_SCSV]
02:36:27.968 [Test worker] DEBUG o.a.h.c.s.SSLConnectionSocketFactory - Starting handshake
02:36:28.027 [Test worker] DEBUG o.a.h.c.s.SSLConnectionSocketFactory - Secure session established
02:36:28.027 [Test worker] DEBUG o.a.h.c.s.SSLConnectionSocketFactory -  negotiated protocol: TLSv1
02:36:28.027 [Test worker] DEBUG o.a.h.c.s.SSLConnectionSocketFactory -  negotiated cipher suite: TLS_ECDHE_RSA_WITH_AES_128_CBC_SHA
02:36:28.028 [Test worker] DEBUG o.a.h.c.s.SSLConnectionSocketFactory -  peer principal: CN=Thesis
02:36:28.028 [Test worker] DEBUG o.a.h.c.s.SSLConnectionSocketFactory -  issuer principal: EMAILADDRESS=sha@yamil.com, CN=Thesis, OU=Open, O=Fra, L=BER, ST=BER, C=DE
02:36:28.028 [Test worker] DEBUG o.a.h.i.c.DefaultHttpClientConnectionOperator - Connection established 127.0.0.1:41482<->127.0.1.1:2376
02:36:28.028 [Test worker] DEBUG o.a.h.impl.execchain.MainClientExec - Executing request PUT /containers/306948e87ecd9003ec294f7879620f142634cce700068e0f49c3e5b508847079/archive?path=%2F&noOverwriteDirNonDir=false HTTP/1.1
02:36:28.028 [Test worker] DEBUG o.a.h.impl.execchain.MainClientExec - Target auth state: UNCHALLENGED
02:36:28.028 [Test worker] DEBUG o.a.h.impl.execchain.MainClientExec - Proxy auth state: UNCHALLENGED
02:36:28.028 [Test worker] DEBUG org.apache.http.headers - http-outgoing-91 >> PUT /containers/306948e87ecd9003ec294f7879620f142634cce700068e0f49c3e5b508847079/archive?path=%2F&noOverwriteDirNonDir=false HTTP/1.1
02:36:28.029 [Test worker] DEBUG org.apache.http.headers - http-outgoing-91 >> Content-Type: application/x-tar
02:36:28.029 [Test worker] DEBUG org.apache.http.headers - http-outgoing-91 >> User-Agent: Jersey/2.23.1 (Apache HttpClient 4.5.1)
02:36:28.029 [Test worker] DEBUG org.apache.http.headers - http-outgoing-91 >> Transfer-Encoding: chunked
02:36:28.029 [Test worker] DEBUG org.apache.http.headers - http-outgoing-91 >> Host: Thesis:2376
02:36:28.029 [Test worker] DEBUG org.apache.http.headers - http-outgoing-91 >> Connection: Keep-Alive
02:36:28.029 [Test worker] DEBUG org.apache.http.headers - http-outgoing-91 >> Accept-Encoding: gzip,deflate
02:36:28.030 [Test worker] DEBUG c.g.d.j.JerseyDockerCmdExecFactory - 15 * Sending client request on thread Test worker
15 > PUT https://Thesis:2376/containers/306948e87ecd9003ec294f7879620f142634cce700068e0f49c3e5b508847079/archive?path=%2F&noOverwriteDirNonDir=false
15 > Content-Type: application/x-tar
?�???????���AO�0??p��??��ިs'�?4&$?�N�Vm?`�}��o�i�;??@?�]]>&#x7f;<![CDATA[Y�f]���o�E���b��"ω;�{;�?��m?)E�q�ŀ�3﫵?�}��u�?w����_L��һ�\?{�?1�?�W\��W�&��3�]]>&#x7f;<![CDATA[���0]�M���&���q��4�ݥ�X��one?�w����Lik?���_����^�|�.P�45�B{�h���V{�6b<��X�H�lc���>So��*��?�L�V]�7?????????????????\�??[�?(??

02:36:28.031 [Test worker] DEBUG org.apache.http.wire - http-outgoing-91 >> "PUT /containers/306948e87ecd9003ec294f7879620f142634cce700068e0f49c3e5b508847079/archive?path=%2F&noOverwriteDirNonDir=false HTTP/1.1[\r][\n]"
02:36:28.031 [Test worker] DEBUG org.apache.http.wire - http-outgoing-91 >> "Content-Type: application/x-tar[\r][\n]"
02:36:28.031 [Test worker] DEBUG org.apache.http.wire - http-outgoing-91 >> "User-Agent: Jersey/2.23.1 (Apache HttpClient 4.5.1)[\r][\n]"
02:36:28.031 [Test worker] DEBUG org.apache.http.wire - http-outgoing-91 >> "Transfer-Encoding: chunked[\r][\n]"
02:36:28.031 [Test worker] DEBUG org.apache.http.wire - http-outgoing-91 >> "Host: Thesis:2376[\r][\n]"
02:36:28.031 [Test worker] DEBUG org.apache.http.wire - http-outgoing-91 >> "Connection: Keep-Alive[\r][\n]"
02:36:28.031 [Test worker] DEBUG org.apache.http.wire - http-outgoing-91 >> "Accept-Encoding: gzip,deflate[\r][\n]"
02:36:28.031 [Test worker] DEBUG org.apache.http.wire - http-outgoing-91 >> "[\r][\n]"
02:36:28.032 [Test worker] DEBUG org.apache.http.wire - http-outgoing-91 >> "111[\r][\n]"
02:36:28.032 [Test worker] DEBUG org.apache.http.wire - http-outgoing-91 >> "[0x1f][0x8b][0x8][0x0][0x0][0x0][0x0][0x0][0x0][0xff][0xed][0xd2]AO[0xc2]0[0x14][0x7]p[0xce][0xfb][0x14][0xf][0xe4][0xec][0xde][0xa8]s'[0xbd][0x10]4&$[0x1e][0xf4]N[0xca]Vm[0x13]`[0xa4]}[0x84][0xaf]o[0xb7]i[0x82];[0x18][0x13]@[0xe][0xfe]]]>&#x7f;<![CDATA[Y[0xb2]f][0xdf][0xeb][0xf6]o[0xa5]E[0xa7][0x83][0xf3]b[0xbe][0xe1]"[0xcf][0x89];[0xfd]{;[0xce][0x14][0xab][0xc9]m[0x1c])E[0x9c]q[0xce][0xc5][0x80][0xf2]3[0xef][0xab][0xb5][0xb][0xa2]}[0xdc][0xe2][0xb1]u[0xfa][0x1f]w[0x82][0xad][0xfd][0x85][0xaa][0xc9]_L[0x90][0x97][0xd2][0xbb][0xad]\[0x7]{[0xfa][0x1e]1[0xcf][0x1f][0xf3]W\[0xf4][0xf2]W[0x93]&[0xff][0xa3]3[0xf9][0x8d]]]>&#x7f;<![CDATA[[0x9e][0xff][0xd5]0][0xba]M[0xba][0xd4][0xc1]&[0xc9][0xfc][0xf9]q[0xf1][0xf0]4[0x9f][0xdd][0xa5][0xed][0xb1]X[0xd5][0xef]one[0x12][0xa9]w[0xa5][0xa5][0xef][0xcf]Lik[0x1a][0x8d][0xe8][0x9e][0xc6]_[0xab][0x92][0xb2][0xea]^[0xfa][0x9c]|[0xb5].P[0xbc]45[0xe7][0x8b]B{[0xc0]h[0xef][0xc4][0xd2]V{[0xbd]6b<[0x8d][0xb3]X[0xe3][0xb0]H[0xd7]lc[0xf6][0x8b][0x83]>So[0xb4][0x98]*[0x96][0x8a][0x13][0xd4]L[0xf4]V][0xfa]7[0x2][0x0][0x0][0x0][0x0][0x0][0x0][0x0][0x0][0x0][0x0][0x0][0x0][0x0][0x0][0x0][0x0]\[0xc4][0x7][0xc][[0xf4][0x8b][0x0]([0x0][0x0][\r][\n]"
02:36:28.032 [Test worker] DEBUG org.apache.http.wire - http-outgoing-91 >> "0[\r][\n]"
02:36:28.032 [Test worker] DEBUG org.apache.http.wire - http-outgoing-91 >> "[\r][\n]"
02:36:28.062 [Test worker] DEBUG org.apache.http.wire - http-outgoing-91 << "H"
02:36:28.062 [Test worker] DEBUG org.apache.http.wire - http-outgoing-91 << "TTP/1.1 200 OK[\r][\n]"
02:36:28.062 [Test worker] DEBUG org.apache.http.wire - http-outgoing-91 << "Server: Docker/1.12.3 (linux)[\r][\n]"
02:36:28.063 [Test worker] DEBUG org.apache.http.wire - http-outgoing-91 << "Date: Tue, 03 Jan 2017 01:36:28 GMT[\r][\n]"
02:36:28.063 [Test worker] DEBUG org.apache.http.wire - http-outgoing-91 << "Content-Length: 0[\r][\n]"
02:36:28.063 [Test worker] DEBUG org.apache.http.wire - http-outgoing-91 << "Content-Type: text/plain; charset=utf-8[\r][\n]"
02:36:28.063 [Test worker] DEBUG org.apache.http.wire - http-outgoing-91 << "[\r][\n]"
02:36:28.063 [Test worker] DEBUG org.apache.http.headers - http-outgoing-91 << HTTP/1.1 200 OK
02:36:28.063 [Test worker] DEBUG org.apache.http.headers - http-outgoing-91 << Server: Docker/1.12.3 (linux)
02:36:28.063 [Test worker] DEBUG org.apache.http.headers - http-outgoing-91 << Date: Tue, 03 Jan 2017 01:36:28 GMT
02:36:28.063 [Test worker] DEBUG org.apache.http.headers - http-outgoing-91 << Content-Length: 0
02:36:28.064 [Test worker] DEBUG org.apache.http.headers - http-outgoing-91 << Content-Type: text/plain; charset=utf-8
02:36:28.064 [Test worker] DEBUG o.a.h.impl.execchain.MainClientExec - Connection can be kept alive indefinitely
02:36:28.064 [Test worker] DEBUG c.g.d.j.JerseyDockerCmdExecFactory$1 - Connection [id: 91][route: {s}->https://Thesis:2376][state: CN=Thesis] can be kept alive indefinitely
02:36:28.070 [Test worker] DEBUG c.g.d.j.JerseyDockerCmdExecFactory$1 - Connection released: [id: 91][route: {s}->https://Thesis:2376][state: CN=Thesis][total kept alive: 2; route allocated: 2 of 2; total allocated: 2 of 20]
02:36:28.070 [Test worker] DEBUG c.g.d.j.JerseyDockerCmdExecFactory - 16 * Client response received on thread Test worker
16 < 200
16 < Content-Length: 0
16 < Content-Type: application/json;charset=utf-8
16 < Date: Tue, 03 Jan 2017 01:36:28 GMT
16 < Server: Docker/1.12.3 (linux)

02:36:28.071 [Test worker] INFO  org.openbaton.docker.DockerVim - Archive '/home/sakib/docker-plugin/src/test/data' copied successfully to container '306948e87ecd9003ec294f7879620f142634cce700068e0f49c3e5b508847079
02:36:28.078 [Test worker] DEBUG c.g.d.core.command.AbstrDockerCmd - Cmd: 306948e87ecd9003ec294f7879620f142634cce700068e0f49c3e5b508847079,true,true,<null>,true,root,{/data/testScript.sh,param1},com.github.dockerjava.jaxrs.ExecCreateCmdExec@3fed964f
02:36:28.082 [Test worker] DEBUG o.a.h.c.protocol.RequestAddCookies - CookieSpec selected: default
02:36:28.083 [Test worker] DEBUG o.a.h.c.protocol.RequestAuthCache - Auth cache not set in the context
02:36:28.083 [Test worker] DEBUG c.g.d.j.JerseyDockerCmdExecFactory$1 - Connection request: [route: {s}->https://Thesis:2376][total kept alive: 2; route allocated: 2 of 2; total allocated: 2 of 20]
02:36:28.093 [Test worker] DEBUG o.a.h.i.c.DefaultManagedHttpClientConnection - http-outgoing-89: Close connection
02:36:28.093 [Test worker] DEBUG c.g.d.j.JerseyDockerCmdExecFactory$1 - Connection leased: [id: 92][route: {s}->https://Thesis:2376][total kept alive: 1; route allocated: 2 of 2; total allocated: 2 of 20]
02:36:28.093 [Test worker] DEBUG o.a.h.impl.execchain.MainClientExec - Opening connection {s}->https://Thesis:2376
02:36:28.094 [Test worker] DEBUG o.a.h.i.c.DefaultHttpClientConnectionOperator - Connecting to Thesis/127.0.1.1:2376
02:36:28.094 [Test worker] DEBUG o.a.h.c.s.SSLConnectionSocketFactory - Connecting socket to Thesis/127.0.1.1:2376 with timeout 0
02:36:28.094 [Test worker] DEBUG o.a.h.c.s.SSLConnectionSocketFactory - Enabled protocols: [TLSv1]
02:36:28.095 [Test worker] DEBUG o.a.h.c.s.SSLConnectionSocketFactory - Enabled cipher suites:[TLS_ECDHE_ECDSA_WITH_AES_128_CBC_SHA, TLS_ECDHE_RSA_WITH_AES_128_CBC_SHA, TLS_RSA_WITH_AES_128_CBC_SHA, TLS_ECDH_ECDSA_WITH_AES_128_CBC_SHA, TLS_ECDH_RSA_WITH_AES_128_CBC_SHA, TLS_DHE_RSA_WITH_AES_128_CBC_SHA, TLS_DHE_DSS_WITH_AES_128_CBC_SHA, TLS_ECDHE_ECDSA_WITH_3DES_EDE_CBC_SHA, TLS_ECDHE_RSA_WITH_3DES_EDE_CBC_SHA, SSL_RSA_WITH_3DES_EDE_CBC_SHA, TLS_ECDH_ECDSA_WITH_3DES_EDE_CBC_SHA, TLS_ECDH_RSA_WITH_3DES_EDE_CBC_SHA, SSL_DHE_RSA_WITH_3DES_EDE_CBC_SHA, SSL_DHE_DSS_WITH_3DES_EDE_CBC_SHA, TLS_ECDHE_ECDSA_WITH_RC4_128_SHA, TLS_ECDHE_RSA_WITH_RC4_128_SHA, SSL_RSA_WITH_RC4_128_SHA, TLS_ECDH_ECDSA_WITH_RC4_128_SHA, TLS_ECDH_RSA_WITH_RC4_128_SHA, SSL_RSA_WITH_RC4_128_MD5, TLS_EMPTY_RENEGOTIATION_INFO_SCSV]
02:36:28.095 [Test worker] DEBUG o.a.h.c.s.SSLConnectionSocketFactory - Starting handshake
02:36:28.195 [Test worker] DEBUG o.a.h.c.s.SSLConnectionSocketFactory - Secure session established
02:36:28.196 [Test worker] DEBUG o.a.h.c.s.SSLConnectionSocketFactory -  negotiated protocol: TLSv1
02:36:28.196 [Test worker] DEBUG o.a.h.c.s.SSLConnectionSocketFactory -  negotiated cipher suite: TLS_ECDHE_RSA_WITH_AES_128_CBC_SHA
02:36:28.196 [Test worker] DEBUG o.a.h.c.s.SSLConnectionSocketFactory -  peer principal: CN=Thesis
02:36:28.196 [Test worker] DEBUG o.a.h.c.s.SSLConnectionSocketFactory -  issuer principal: EMAILADDRESS=sha@yamil.com, CN=Thesis, OU=Open, O=Fra, L=BER, ST=BER, C=DE
02:36:28.196 [Test worker] DEBUG o.a.h.i.c.DefaultHttpClientConnectionOperator - Connection established 127.0.0.1:41484<->127.0.1.1:2376
02:36:28.200 [Test worker] DEBUG o.a.h.impl.execchain.MainClientExec - Executing request POST /containers/306948e87ecd9003ec294f7879620f142634cce700068e0f49c3e5b508847079/exec HTTP/1.1
02:36:28.200 [Test worker] DEBUG o.a.h.impl.execchain.MainClientExec - Target auth state: UNCHALLENGED
02:36:28.200 [Test worker] DEBUG o.a.h.impl.execchain.MainClientExec - Proxy auth state: UNCHALLENGED
02:36:28.200 [Test worker] DEBUG org.apache.http.headers - http-outgoing-92 >> POST /containers/306948e87ecd9003ec294f7879620f142634cce700068e0f49c3e5b508847079/exec HTTP/1.1
02:36:28.201 [Test worker] DEBUG org.apache.http.headers - http-outgoing-92 >> Accept: application/json
02:36:28.201 [Test worker] DEBUG org.apache.http.headers - http-outgoing-92 >> Content-Type: application/json
02:36:28.201 [Test worker] DEBUG org.apache.http.headers - http-outgoing-92 >> User-Agent: Jersey/2.23.1 (Apache HttpClient 4.5.1)
02:36:28.201 [Test worker] DEBUG org.apache.http.headers - http-outgoing-92 >> Transfer-Encoding: chunked
02:36:28.201 [Test worker] DEBUG org.apache.http.headers - http-outgoing-92 >> Host: Thesis:2376
02:36:28.201 [Test worker] DEBUG org.apache.http.headers - http-outgoing-92 >> Connection: Keep-Alive
02:36:28.201 [Test worker] DEBUG org.apache.http.headers - http-outgoing-92 >> Accept-Encoding: gzip,deflate
02:36:28.204 [Test worker] DEBUG c.g.d.j.JerseyDockerCmdExecFactory - 17 * Sending client request on thread Test worker
17 > POST https://Thesis:2376/containers/306948e87ecd9003ec294f7879620f142634cce700068e0f49c3e5b508847079/exec
17 > Accept: application/json
17 > Content-Type: application/json
{"containerId":"306948e87ecd9003ec294f7879620f142634cce700068e0f49c3e5b508847079","AttachStdin":true,"AttachStdout":true,"Tty":true,"User":"root","Cmd":["/data/testScript.sh","param1"]}

02:36:28.204 [Test worker] DEBUG org.apache.http.wire - http-outgoing-92 >> "POST /containers/306948e87ecd9003ec294f7879620f142634cce700068e0f49c3e5b508847079/exec HTTP/1.1[\r][\n]"
02:36:28.204 [Test worker] DEBUG org.apache.http.wire - http-outgoing-92 >> "Accept: application/json[\r][\n]"
02:36:28.205 [Test worker] DEBUG org.apache.http.wire - http-outgoing-92 >> "Content-Type: application/json[\r][\n]"
02:36:28.205 [Test worker] DEBUG org.apache.http.wire - http-outgoing-92 >> "User-Agent: Jersey/2.23.1 (Apache HttpClient 4.5.1)[\r][\n]"
02:36:28.205 [Test worker] DEBUG org.apache.http.wire - http-outgoing-92 >> "Transfer-Encoding: chunked[\r][\n]"
02:36:28.205 [Test worker] DEBUG org.apache.http.wire - http-outgoing-92 >> "Host: Thesis:2376[\r][\n]"
02:36:28.210 [Test worker] DEBUG org.apache.http.wire - http-outgoing-92 >> "Connection: Keep-Alive[\r][\n]"
02:36:28.214 [Test worker] DEBUG org.apache.http.wire - http-outgoing-92 >> "Accept-Encoding: gzip,deflate[\r][\n]"
02:36:28.214 [Test worker] DEBUG org.apache.http.wire - http-outgoing-92 >> "[\r][\n]"
02:36:28.214 [Test worker] DEBUG org.apache.http.wire - http-outgoing-92 >> "b9[\r][\n]"
02:36:28.215 [Test worker] DEBUG org.apache.http.wire - http-outgoing-92 >> "{"containerId":"306948e87ecd9003ec294f7879620f142634cce700068e0f49c3e5b508847079","AttachStdin":true,"AttachStdout":true,"Tty":true,"User":"root","Cmd":["/data/testScript.sh","param1"]}[\r][\n]"
02:36:28.215 [Test worker] DEBUG org.apache.http.wire - http-outgoing-92 >> "0[\r][\n]"
02:36:28.215 [Test worker] DEBUG org.apache.http.wire - http-outgoing-92 >> "[\r][\n]"
02:36:28.215 [Test worker] DEBUG org.apache.http.wire - http-outgoing-92 << "H"
02:36:28.216 [Test worker] DEBUG org.apache.http.wire - http-outgoing-92 << "TTP/1.1 201 Created[\r][\n]"
02:36:28.216 [Test worker] DEBUG org.apache.http.wire - http-outgoing-92 << "Content-Type: application/json[\r][\n]"
02:36:28.216 [Test worker] DEBUG org.apache.http.wire - http-outgoing-92 << "Server: Docker/1.12.3 (linux)[\r][\n]"
02:36:28.216 [Test worker] DEBUG org.apache.http.wire - http-outgoing-92 << "Date: Tue, 03 Jan 2017 01:36:28 GMT[\r][\n]"
02:36:28.216 [Test worker] DEBUG org.apache.http.wire - http-outgoing-92 << "Content-Length: 74[\r][\n]"
02:36:28.216 [Test worker] DEBUG org.apache.http.wire - http-outgoing-92 << "[\r][\n]"
02:36:28.216 [Test worker] DEBUG org.apache.http.wire - http-outgoing-92 << "{"Id":"b33aeca306bc681bef72fc89692c1b2d0d530217a31689593b212fae59732d79"}[\n]"
02:36:28.216 [Test worker] DEBUG org.apache.http.headers - http-outgoing-92 << HTTP/1.1 201 Created
02:36:28.217 [Test worker] DEBUG org.apache.http.headers - http-outgoing-92 << Content-Type: application/json
02:36:28.217 [Test worker] DEBUG org.apache.http.headers - http-outgoing-92 << Server: Docker/1.12.3 (linux)
02:36:28.217 [Test worker] DEBUG org.apache.http.headers - http-outgoing-92 << Date: Tue, 03 Jan 2017 01:36:28 GMT
02:36:28.217 [Test worker] DEBUG org.apache.http.headers - http-outgoing-92 << Content-Length: 74
02:36:28.217 [Test worker] DEBUG o.a.h.impl.execchain.MainClientExec - Connection can be kept alive indefinitely
02:36:28.217 [Test worker] DEBUG c.g.d.j.JerseyDockerCmdExecFactory - 18 * Client response received on thread Test worker
18 < 201
18 < Content-Length: 74
18 < Content-Type: application/json
18 < Date: Tue, 03 Jan 2017 01:36:28 GMT
18 < Server: Docker/1.12.3 (linux)
{"Id":"b33aeca306bc681bef72fc89692c1b2d0d530217a31689593b212fae59732d79"}


02:36:28.219 [Test worker] DEBUG o.a.h.i.c.DefaultManagedHttpClientConnection - http-outgoing-92: Close connection
02:36:28.219 [Test worker] DEBUG o.a.h.impl.execchain.MainClientExec - Connection discarded
02:36:28.219 [Test worker] DEBUG c.g.d.j.JerseyDockerCmdExecFactory$1 - Connection released: [id: 92][route: {s}->https://Thesis:2376][total kept alive: 1; route allocated: 1 of 2; total allocated: 1 of 20]
02:36:28.233 [dockerjava-jaxrs-async-0] DEBUG o.a.h.c.protocol.RequestAddCookies - CookieSpec selected: default
02:36:28.233 [dockerjava-jaxrs-async-0] DEBUG o.a.h.c.protocol.RequestAuthCache - Auth cache not set in the context
02:36:28.234 [dockerjava-jaxrs-async-0] DEBUG c.g.d.j.JerseyDockerCmdExecFactory$1 - Connection request: [route: {s}->https://Thesis:2376][total kept alive: 1; route allocated: 1 of 2; total allocated: 1 of 20]
02:36:28.234 [dockerjava-jaxrs-async-0] DEBUG c.g.d.j.JerseyDockerCmdExecFactory$1 - Connection leased: [id: 93][route: {s}->https://Thesis:2376][total kept alive: 1; route allocated: 2 of 2; total allocated: 2 of 20]
02:36:28.234 [dockerjava-jaxrs-async-0] DEBUG o.a.h.impl.execchain.MainClientExec - Opening connection {s}->https://Thesis:2376
02:36:28.234 [dockerjava-jaxrs-async-0] DEBUG o.a.h.i.c.DefaultHttpClientConnectionOperator - Connecting to Thesis/127.0.1.1:2376
02:36:28.234 [dockerjava-jaxrs-async-0] DEBUG o.a.h.c.s.SSLConnectionSocketFactory - Connecting socket to Thesis/127.0.1.1:2376 with timeout 0
02:36:28.241 [dockerjava-jaxrs-async-0] DEBUG o.a.h.c.s.SSLConnectionSocketFactory - Enabled protocols: [TLSv1]
02:36:28.241 [dockerjava-jaxrs-async-0] DEBUG o.a.h.c.s.SSLConnectionSocketFactory - Enabled cipher suites:[TLS_ECDHE_ECDSA_WITH_AES_128_CBC_SHA, TLS_ECDHE_RSA_WITH_AES_128_CBC_SHA, TLS_RSA_WITH_AES_128_CBC_SHA, TLS_ECDH_ECDSA_WITH_AES_128_CBC_SHA, TLS_ECDH_RSA_WITH_AES_128_CBC_SHA, TLS_DHE_RSA_WITH_AES_128_CBC_SHA, TLS_DHE_DSS_WITH_AES_128_CBC_SHA, TLS_ECDHE_ECDSA_WITH_3DES_EDE_CBC_SHA, TLS_ECDHE_RSA_WITH_3DES_EDE_CBC_SHA, SSL_RSA_WITH_3DES_EDE_CBC_SHA, TLS_ECDH_ECDSA_WITH_3DES_EDE_CBC_SHA, TLS_ECDH_RSA_WITH_3DES_EDE_CBC_SHA, SSL_DHE_RSA_WITH_3DES_EDE_CBC_SHA, SSL_DHE_DSS_WITH_3DES_EDE_CBC_SHA, TLS_ECDHE_ECDSA_WITH_RC4_128_SHA, TLS_ECDHE_RSA_WITH_RC4_128_SHA, SSL_RSA_WITH_RC4_128_SHA, TLS_ECDH_ECDSA_WITH_RC4_128_SHA, TLS_ECDH_RSA_WITH_RC4_128_SHA, SSL_RSA_WITH_RC4_128_MD5, TLS_EMPTY_RENEGOTIATION_INFO_SCSV]
02:36:28.241 [dockerjava-jaxrs-async-0] DEBUG o.a.h.c.s.SSLConnectionSocketFactory - Starting handshake
02:36:28.303 [dockerjava-jaxrs-async-0] DEBUG o.a.h.c.s.SSLConnectionSocketFactory - Secure session established
02:36:28.303 [dockerjava-jaxrs-async-0] DEBUG o.a.h.c.s.SSLConnectionSocketFactory -  negotiated protocol: TLSv1
02:36:28.303 [dockerjava-jaxrs-async-0] DEBUG o.a.h.c.s.SSLConnectionSocketFactory -  negotiated cipher suite: TLS_ECDHE_RSA_WITH_AES_128_CBC_SHA
02:36:28.303 [dockerjava-jaxrs-async-0] DEBUG o.a.h.c.s.SSLConnectionSocketFactory -  peer principal: CN=Thesis
02:36:28.303 [dockerjava-jaxrs-async-0] DEBUG o.a.h.c.s.SSLConnectionSocketFactory -  issuer principal: EMAILADDRESS=sha@yamil.com, CN=Thesis, OU=Open, O=Fra, L=BER, ST=BER, C=DE
02:36:28.304 [dockerjava-jaxrs-async-0] DEBUG o.a.h.i.c.DefaultHttpClientConnectionOperator - Connection established 127.0.0.1:41486<->127.0.1.1:2376
02:36:28.304 [dockerjava-jaxrs-async-0] DEBUG o.a.h.impl.execchain.MainClientExec - Executing request POST /exec/b33aeca306bc681bef72fc89692c1b2d0d530217a31689593b212fae59732d79/start HTTP/1.1
02:36:28.304 [dockerjava-jaxrs-async-0] DEBUG o.a.h.impl.execchain.MainClientExec - Target auth state: UNCHALLENGED
02:36:28.304 [dockerjava-jaxrs-async-0] DEBUG o.a.h.impl.execchain.MainClientExec - Proxy auth state: UNCHALLENGED
02:36:28.304 [dockerjava-jaxrs-async-0] DEBUG org.apache.http.headers - http-outgoing-93 >> POST /exec/b33aeca306bc681bef72fc89692c1b2d0d530217a31689593b212fae59732d79/start HTTP/1.1
02:36:28.304 [dockerjava-jaxrs-async-0] DEBUG org.apache.http.headers - http-outgoing-93 >> Accept: application/json
02:36:28.304 [dockerjava-jaxrs-async-0] DEBUG org.apache.http.headers - http-outgoing-93 >> Content-Type: application/json
02:36:28.304 [dockerjava-jaxrs-async-0] DEBUG org.apache.http.headers - http-outgoing-93 >> User-Agent: Jersey/2.23.1 (Apache HttpClient 4.5.1)
02:36:28.305 [dockerjava-jaxrs-async-0] DEBUG org.apache.http.headers - http-outgoing-93 >> Transfer-Encoding: chunked
02:36:28.305 [dockerjava-jaxrs-async-0] DEBUG org.apache.http.headers - http-outgoing-93 >> Host: Thesis:2376
02:36:28.305 [dockerjava-jaxrs-async-0] DEBUG org.apache.http.headers - http-outgoing-93 >> Connection: Keep-Alive
02:36:28.305 [dockerjava-jaxrs-async-0] DEBUG org.apache.http.headers - http-outgoing-93 >> Accept-Encoding: gzip,deflate
02:36:28.307 [dockerjava-jaxrs-async-0] DEBUG c.g.d.j.JerseyDockerCmdExecFactory - 19 * Sending client request on thread dockerjava-jaxrs-async-0
19 > POST https://Thesis:2376/exec/b33aeca306bc681bef72fc89692c1b2d0d530217a31689593b212fae59732d79/start
19 > Accept: application/json
19 > Content-Type: application/json
{}

02:36:28.307 [dockerjava-jaxrs-async-0] DEBUG org.apache.http.wire - http-outgoing-93 >> "POST /exec/b33aeca306bc681bef72fc89692c1b2d0d530217a31689593b212fae59732d79/start HTTP/1.1[\r][\n]"
02:36:28.307 [dockerjava-jaxrs-async-0] DEBUG org.apache.http.wire - http-outgoing-93 >> "Accept: application/json[\r][\n]"
02:36:28.307 [dockerjava-jaxrs-async-0] DEBUG org.apache.http.wire - http-outgoing-93 >> "Content-Type: application/json[\r][\n]"
02:36:28.308 [dockerjava-jaxrs-async-0] DEBUG org.apache.http.wire - http-outgoing-93 >> "User-Agent: Jersey/2.23.1 (Apache HttpClient 4.5.1)[\r][\n]"
02:36:28.308 [dockerjava-jaxrs-async-0] DEBUG org.apache.http.wire - http-outgoing-93 >> "Transfer-Encoding: chunked[\r][\n]"
02:36:28.308 [dockerjava-jaxrs-async-0] DEBUG org.apache.http.wire - http-outgoing-93 >> "Host: Thesis:2376[\r][\n]"
02:36:28.308 [dockerjava-jaxrs-async-0] DEBUG org.apache.http.wire - http-outgoing-93 >> "Connection: Keep-Alive[\r][\n]"
02:36:28.308 [dockerjava-jaxrs-async-0] DEBUG org.apache.http.wire - http-outgoing-93 >> "Accept-Encoding: gzip,deflate[\r][\n]"
02:36:28.308 [dockerjava-jaxrs-async-0] DEBUG org.apache.http.wire - http-outgoing-93 >> "[\r][\n]"
02:36:28.308 [dockerjava-jaxrs-async-0] DEBUG org.apache.http.wire - http-outgoing-93 >> "2[\r][\n]"
02:36:28.308 [dockerjava-jaxrs-async-0] DEBUG org.apache.http.wire - http-outgoing-93 >> "{}[\r][\n]"
02:36:28.308 [dockerjava-jaxrs-async-0] DEBUG org.apache.http.wire - http-outgoing-93 >> "0[\r][\n]"
02:36:28.309 [dockerjava-jaxrs-async-0] DEBUG org.apache.http.wire - http-outgoing-93 >> "[\r][\n]"
02:36:28.310 [dockerjava-jaxrs-async-0] DEBUG org.apache.http.wire - http-outgoing-93 << "H"
02:36:28.310 [dockerjava-jaxrs-async-0] DEBUG org.apache.http.wire - http-outgoing-93 << "TTP/1.1 200 OK[\r][\n]"
02:36:28.310 [dockerjava-jaxrs-async-0] DEBUG org.apache.http.wire - http-outgoing-93 << "Content-Type: application/vnd.docker.raw-stream[\r][\n]"
02:36:28.310 [dockerjava-jaxrs-async-0] DEBUG org.apache.http.wire - http-outgoing-93 << "[\r][\n]"
02:36:28.310 [dockerjava-jaxrs-async-0] DEBUG org.apache.http.headers - http-outgoing-93 << HTTP/1.1 200 OK
02:36:28.310 [dockerjava-jaxrs-async-0] DEBUG org.apache.http.headers - http-outgoing-93 << Content-Type: application/vnd.docker.raw-stream
02:36:28.332 [dockerjava-jaxrs-async-0] DEBUG org.apache.http.wire - http-outgoing-93 << "end of stream"
02:36:28.332 [dockerjava-jaxrs-async-0] DEBUG o.a.h.i.c.DefaultManagedHttpClientConnection - http-outgoing-93: Close connection
02:36:28.334 [dockerjava-jaxrs-async-0] DEBUG o.a.h.impl.execchain.MainClientExec - Connection discarded
02:36:28.335 [dockerjava-jaxrs-async-0] DEBUG c.g.d.j.JerseyDockerCmdExecFactory$1 - Connection released: [id: 93][route: {s}->https://Thesis:2376][total kept alive: 1; route allocated: 1 of 2; total allocated: 1 of 20]
02:36:28.335 [dockerjava-jaxrs-async-0] DEBUG c.g.d.j.JerseyDockerCmdExecFactory - 20 * Client response received on thread dockerjava-jaxrs-async-0
20 < 200
20 < Content-Length: -1
20 < Content-Type: application/vnd.docker.raw-stream

02:36:28.336 [Test worker] INFO  org.openbaton.docker.DockerVim - Command run successfully in Container
02:36:28.337 [Test worker] DEBUG c.g.d.core.command.AbstrDockerCmd - Cmd: 306948e87ecd9003ec294f7879620f142634cce700068e0f49c3e5b508847079,/tmp/,/data,com.github.dockerjava.jaxrs.CopyArchiveFromContainerCmdExec@2ac3c6b2
02:36:28.337 [Test worker] DEBUG c.g.d.j.JerseyDockerCmdExecFactory - 21 * Sending client request on thread Test worker
21 > GET https://Thesis:2376/containers/306948e87ecd9003ec294f7879620f142634cce700068e0f49c3e5b508847079/archive?path=%2Fdata
21 > Accept: application/x-tar

02:36:28.337 [Test worker] DEBUG o.a.h.c.protocol.RequestAddCookies - CookieSpec selected: default
02:36:28.337 [Test worker] DEBUG o.a.h.c.protocol.RequestAuthCache - Auth cache not set in the context
02:36:28.338 [Test worker] DEBUG c.g.d.j.JerseyDockerCmdExecFactory$1 - Connection request: [route: {s}->https://Thesis:2376][total kept alive: 1; route allocated: 1 of 2; total allocated: 1 of 20]
02:36:28.338 [Test worker] DEBUG c.g.d.j.JerseyDockerCmdExecFactory$1 - Connection leased: [id: 94][route: {s}->https://Thesis:2376][total kept alive: 1; route allocated: 2 of 2; total allocated: 2 of 20]
02:36:28.338 [Test worker] DEBUG o.a.h.impl.execchain.MainClientExec - Opening connection {s}->https://Thesis:2376
02:36:28.338 [Test worker] DEBUG o.a.h.i.c.DefaultHttpClientConnectionOperator - Connecting to Thesis/127.0.1.1:2376
02:36:28.338 [Test worker] DEBUG o.a.h.c.s.SSLConnectionSocketFactory - Connecting socket to Thesis/127.0.1.1:2376 with timeout 0
02:36:28.339 [Test worker] DEBUG o.a.h.c.s.SSLConnectionSocketFactory - Enabled protocols: [TLSv1]
02:36:28.339 [Test worker] DEBUG o.a.h.c.s.SSLConnectionSocketFactory - Enabled cipher suites:[TLS_ECDHE_ECDSA_WITH_AES_128_CBC_SHA, TLS_ECDHE_RSA_WITH_AES_128_CBC_SHA, TLS_RSA_WITH_AES_128_CBC_SHA, TLS_ECDH_ECDSA_WITH_AES_128_CBC_SHA, TLS_ECDH_RSA_WITH_AES_128_CBC_SHA, TLS_DHE_RSA_WITH_AES_128_CBC_SHA, TLS_DHE_DSS_WITH_AES_128_CBC_SHA, TLS_ECDHE_ECDSA_WITH_3DES_EDE_CBC_SHA, TLS_ECDHE_RSA_WITH_3DES_EDE_CBC_SHA, SSL_RSA_WITH_3DES_EDE_CBC_SHA, TLS_ECDH_ECDSA_WITH_3DES_EDE_CBC_SHA, TLS_ECDH_RSA_WITH_3DES_EDE_CBC_SHA, SSL_DHE_RSA_WITH_3DES_EDE_CBC_SHA, SSL_DHE_DSS_WITH_3DES_EDE_CBC_SHA, TLS_ECDHE_ECDSA_WITH_RC4_128_SHA, TLS_ECDHE_RSA_WITH_RC4_128_SHA, SSL_RSA_WITH_RC4_128_SHA, TLS_ECDH_ECDSA_WITH_RC4_128_SHA, TLS_ECDH_RSA_WITH_RC4_128_SHA, SSL_RSA_WITH_RC4_128_MD5, TLS_EMPTY_RENEGOTIATION_INFO_SCSV]
02:36:28.340 [Test worker] DEBUG o.a.h.c.s.SSLConnectionSocketFactory - Starting handshake
02:36:28.402 [Test worker] DEBUG o.a.h.c.s.SSLConnectionSocketFactory - Secure session established
02:36:28.402 [Test worker] DEBUG o.a.h.c.s.SSLConnectionSocketFactory -  negotiated protocol: TLSv1
02:36:28.402 [Test worker] DEBUG o.a.h.c.s.SSLConnectionSocketFactory -  negotiated cipher suite: TLS_ECDHE_RSA_WITH_AES_128_CBC_SHA
02:36:28.402 [Test worker] DEBUG o.a.h.c.s.SSLConnectionSocketFactory -  peer principal: CN=Thesis
02:36:28.402 [Test worker] DEBUG o.a.h.c.s.SSLConnectionSocketFactory -  issuer principal: EMAILADDRESS=sha@yamil.com, CN=Thesis, OU=Open, O=Fra, L=BER, ST=BER, C=DE
02:36:28.403 [Test worker] DEBUG o.a.h.i.c.DefaultHttpClientConnectionOperator - Connection established 127.0.0.1:41488<->127.0.1.1:2376
02:36:28.405 [Test worker] DEBUG o.a.h.impl.execchain.MainClientExec - Executing request GET /containers/306948e87ecd9003ec294f7879620f142634cce700068e0f49c3e5b508847079/archive?path=%2Fdata HTTP/1.1
02:36:28.405 [Test worker] DEBUG o.a.h.impl.execchain.MainClientExec - Target auth state: UNCHALLENGED
02:36:28.405 [Test worker] DEBUG o.a.h.impl.execchain.MainClientExec - Proxy auth state: UNCHALLENGED
02:36:28.405 [Test worker] DEBUG org.apache.http.headers - http-outgoing-94 >> GET /containers/306948e87ecd9003ec294f7879620f142634cce700068e0f49c3e5b508847079/archive?path=%2Fdata HTTP/1.1
02:36:28.405 [Test worker] DEBUG org.apache.http.headers - http-outgoing-94 >> Accept: application/x-tar
02:36:28.405 [Test worker] DEBUG org.apache.http.headers - http-outgoing-94 >> User-Agent: Jersey/2.23.1 (Apache HttpClient 4.5.1)
02:36:28.405 [Test worker] DEBUG org.apache.http.headers - http-outgoing-94 >> Host: Thesis:2376
02:36:28.405 [Test worker] DEBUG org.apache.http.headers - http-outgoing-94 >> Connection: Keep-Alive
02:36:28.406 [Test worker] DEBUG org.apache.http.headers - http-outgoing-94 >> Accept-Encoding: gzip,deflate
02:36:28.406 [Test worker] DEBUG org.apache.http.wire - http-outgoing-94 >> "GET /containers/306948e87ecd9003ec294f7879620f142634cce700068e0f49c3e5b508847079/archive?path=%2Fdata HTTP/1.1[\r][\n]"
02:36:28.406 [Test worker] DEBUG org.apache.http.wire - http-outgoing-94 >> "Accept: application/x-tar[\r][\n]"
02:36:28.406 [Test worker] DEBUG org.apache.http.wire - http-outgoing-94 >> "User-Agent: Jersey/2.23.1 (Apache HttpClient 4.5.1)[\r][\n]"
02:36:28.406 [Test worker] DEBUG org.apache.http.wire - http-outgoing-94 >> "Host: Thesis:2376[\r][\n]"
02:36:28.406 [Test worker] DEBUG org.apache.http.wire - http-outgoing-94 >> "Connection: Keep-Alive[\r][\n]"
02:36:28.406 [Test worker] DEBUG org.apache.http.wire - http-outgoing-94 >> "Accept-Encoding: gzip,deflate[\r][\n]"
02:36:28.406 [Test worker] DEBUG org.apache.http.wire - http-outgoing-94 >> "[\r][\n]"
02:36:28.419 [Test worker] DEBUG org.apache.http.wire - http-outgoing-94 << "H"
02:36:28.420 [Test worker] DEBUG org.apache.http.wire - http-outgoing-94 << "TTP/1.1 200 OK[\r][\n]"
02:36:28.420 [Test worker] DEBUG org.apache.http.wire - http-outgoing-94 << "Content-Type: application/x-tar[\r][\n]"
02:36:28.420 [Test worker] DEBUG org.apache.http.wire - http-outgoing-94 << "Server: Docker/1.12.3 (linux)[\r][\n]"
02:36:28.424 [Test worker] DEBUG org.apache.http.wire - http-outgoing-94 << "X-Docker-Container-Path-Stat: eyJuYW1lIjoiZGF0YSIsInNpemUiOjQwOTYsIm1vZGUiOjIxNDc0ODQxNDEsIm10aW1lIjoiMjAxNy0wMS0wM1QwMjozNjoyOC4zMjk1ODM2ODgrMDE6MDAiLCJsaW5rVGFyZ2V0IjoiIn0=[\r][\n]"
02:36:28.424 [Test worker] DEBUG org.apache.http.wire - http-outgoing-94 << "Date: Tue, 03 Jan 2017 01:36:28 GMT[\r][\n]"
02:36:28.424 [Test worker] DEBUG org.apache.http.wire - http-outgoing-94 << "Transfer-Encoding: chunked[\r][\n]"
02:36:28.424 [Test worker] DEBUG org.apache.http.wire - http-outgoing-94 << "[\r][\n]"
02:36:28.425 [Test worker] DEBUG org.apache.http.wire - http-outgoing-94 << "1000[\r][\n]"
02:36:28.425 [Test worker] DEBUG org.apache.http.wire - http-outgoing-94 << "data/[0x0][0x0][0x0][0x0][0x0][0x0][0x0][0x0][0x0][0x0][0x0][0x0][0x0][0x0][0x0][0x0][0x0][0x0][0x0][0x0][0x0][0x0][0x0][0x0][0x0][0x0][0x0][0x0][0x0][0x0][0x0][0x0][0x0][0x0][0x0][0x0][0x0][0x0][0x0][0x0][0x0][0x0][0x0][0x0][0x0][0x0][0x0][0x0][0x0][0x0][0x0][0x0][0x0][0x0][0x0][0x0][0x0][0x0][0x0][0x0][0x0][0x0][0x0][0x0][0x0][0x0][0x0][0x0][0x0][0x0][0x0][0x0][0x0][0x0][0x0][0x0][0x0][0x0][0x0][0x0][0x0][0x0][0x0][0x0][0x0][0x0][0x0][0x0][0x0][0x0][0x0][0x0][0x0][0x0][0x0]0040755[0x0]0000000[0x0]0000000[0x0]00000000000[0x0]13032600034[0x0]010150[0x0] 5[0x0][0x0][0x0][0x0][0x0][0x0][0x0][0x0][0x0][0x0][0x0][0x0][0x0][0x0][0x0][0x0][0x0][0x0][0x0][0x0][0x0][0x0][0x0][0x0][0x0][0x0][0x0][0x0][0x0][0x0][0x0][0x0][0x0][0x0][0x0][0x0][0x0][0x0][0x0][0x0][0x0][0x0][0x0][0x0][0x0][0x0][0x0][0x0][0x0][0x0][0x0][0x0][0x0][0x0][0x0][0x0][0x0][0x0][0x0][0x0][0x0][0x0][0x0][0x0][0x0][0x0][0x0][0x0][0x0][0x0][0x0][0x0][0x0][0x0][0x0][0x0][0x0][0x0][0x0][0x0][0x0][0x0][0x0][0x0][0x0][0x0][0x0][0x0][0x0][0x0][0x0][0x0][0x0][0x0][0x0][0x0][0x0][0x0][0x0][0x0]ustar[0x0]00[0x0][0x0][0x0][0x0][0x0][0x0][0x0][0x0][0x0][0x0][0x0][0x0][0x0][0x0][0x0][0x0][0x0][0x0][0x0][0x0][0x0][0x0][0x0][0x0][0x0][0x0][0x0][0x0][0x0][0x0][0x0][0x0][0x0][0x0][0x0][0x0][0x0][0x0][0x0][0x0][0x0][0x0][0x0][0x0][0x0][0x0][0x0][0x0][0x0][0x0][0x0][0x0][0x0][0x0][0x0][0x0][0x0][0x0][0x0][0x0][0x0][0x0][0x0][0x0]0000000[0x0]0000000[0x0][0x0][0x0][0x0][0x0][0x0][0x0][0x0][0x0][0x0][0x0][0x0][0x0][0x0][0x0][0x0][0x0][0x0][0x0][0x0][0x0][0x0][0x0][0x0][0x0][0x0][0x0][0x0][0x0][0x0][0x0][0x0][0x0][0x0][0x0][0x0][0x0][0x0][0x0][0x0][0x0][0x0][0x0][0x0][0x0][0x0][0x0][0x0][0x0][0x0][0x0][0x0][0x0][0x0][0x0][0x0][0x0][0x0][0x0][0x0][0x0][0x0][0x0][0x0][0x0][0x0][0x0][0x0][0x0][0x0][0x0][0x0][0x0][0x0][0x0][0x0][0x0][0x0][0x0][0x0][0x0][0x0][0x0][0x0][0x0][0x0][0x0][0x0][0x0][0x0][0x0][0x0][0x0][0x0][0x0][0x0][0x0][0x0][0x0][0x0][0x0][0x0][0x0][0x0][0x0][0x0][0x0][0x0][0x0][0x0][0x0][0x0][0x0][0x0][0x0][0x0][0x0][0x0][0x0][0x0][0x0][0x0][0x0][0x0][0x0][0x0][0x0][0x0][0x0][0x0][0x0][0x0][0x0][0x0][0x0][0x0][0x0][0x0][0x0][0x0][0x0][0x0][0x0][0x0][0x0][0x0][0x0][0x0][0x0][0x0][0x0][0x0][0x0][0x0][0x0][0x0][0x0][0x0][0x0][0x0][0x0][0x0][0x0][0x0][0x0][0x0][0x0][0x0]data/logfile[0x0][0x0][0x0][0x0][0x0][0x0][0x0][0x0][0x0][0x0][0x0][0x0][0x0][0x0][0x0][0x0][0x0][0x0][0x0][0x0][0x0][0x0][0x0][0x0][0x0][0x0][0x0][0x0][0x0][0x0][0x0][0x0][0x0][0x0][0x0][0x0][0x0][0x0][0x0][0x0][0x0][0x0][0x0][0x0][0x0][0x0][0x0][0x0][0x0][0x0][0x0][0x0][0x0][0x0][0x0][0x0][0x0][0x0][0x0][0x0][0x0][0x0][0x0][0x0][0x0][0x0][0x0][0x0][0x0][0x0][0x0][0x0][0x0][0x0][0x0][0x0][0x0][0x0][0x0][0x0][0x0][0x0][0x0][0x0][0x0][0x0][0x0][0x0]0100644[0x0]0000000[0x0]0000000[0x0]00000000100[0x0]13032600034[0x0]011500[0x0] 0[0x0][0x0][0x0][0x0][0x0][0x0][0x0][0x0][0x0][0x0][0x0][0x0][0x0][0x0][0x0][0x0][0x0][0x0][0x0][0x0][0x0][0x0][0x0][0x0][0x0][0x0][0x0][0x0][0x0][0x0][0x0][0x0][0x0][0x0][0x0][0x0][0x0][0x0][0x0][0x0][0x0][0x0][0x0][0x0][0x0][0x0][0x0][0x0][0x0][0x0][0x0][0x0][0x0][0x0][0x0][0x0][0x0][0x0][0x0][0x0][0x0][0x0][0x0][0x0][0x0][0x0][0x0][0x0][0x0][0x0][0x0][0x0][0x0][0x0][0x0][0x0][0x0][0x0][0x0][0x0][0x0][0x0][0x0][0x0][0x0][0x0][0x0][0x0][0x0][0x0][0x0][0x0][0x0][0x0][0x0][0x0][0x0][0x0][0x0][0x0]ustar[0x0]00[0x0][0x0][0x0][0x0][0x0][0x0][0x0][0x0][0x0][0x0][0x0][0x0][0x0][0x0][0x0][0x0][0x0][0x0][0x0][0x0][0x0][0x0][0x0][0x0][0x0][0x0][0x0][0x0][0x0][0x0][0x0][0x0][0x0][0x0][0x0][0x0][0x0][0x0][0x0][0x0][0x0][0x0][0x0][0x0][0x0][0x0][0x0][0x0][0x0][0x0][0x0][0x0][0x0][0x0][0x0][0x0][0x0][0x0][0x0][0x0][0x0][0x0][0x0][0x0]0000000[0x0]0000000[0x0][0x0][0x0][0x0][0x0][0x0][0x0][0x0][0x0][0x0][0x0][0x0][0x0][0x0][0x0][0x0][0x0][0x0][0x0][0x0][0x0][0x0][0x0][0x0][0x0][0x0][0x0][0x0][0x0][0x0][0x0][0x0][0x0][0x0][0x0][0x0][0x0][0x0][0x0][0x0][0x0][0x0][0x0][0x0][0x0][0x0][0x0][0x0][0x0][0x0][0x0][0x0][0x0][0x0][0x0][0x0][0x0][0x0][0x0][0x0][0x0][0x0][0x0][0x0][0x0][0x0][0x0][0x0][0x0][0x0][0x0][0x0][0x0][0x0][0x0][0x0][0x0][0x0][0x0][0x0][0x0][0x0][0x0][0x0][0x0][0x0][0x0][0x0][0x0][0x0][0x0][0x0][0x0][0x0][0x0][0x0][0x0][0x0][0x0][0x0][0x0][0x0][0x0][0x0][0x0][0x0][0x0][0x0][0x0][0x0][0x0][0x0][0x0][0x0][0x0][0x0][0x0][0x0][0x0][0x0][0x0][0x0][0x0][0x0][0x0][0x0][0x0][0x0][0x0][0x0][0x0][0x0][0x0][0x0][0x0][0x0][0x0][0x0][0x0][0x0][0x0][0x0][0x0][0x0][0x0][0x0][0x0][0x0][0x0][0x0][0x0][0x0][0x0][0x0][0x0][0x0][0x0][0x0][0x0][0x0][0x0][0x0][0x0][0x0][0x0][0x0][0x0][0x0][\n]"
02:36:28.425 [Test worker] DEBUG org.apache.http.wire - http-outgoing-94 << "This is a test script with parameter param1[\n]"
02:36:28.426 [Test worker] DEBUG org.apache.http.wire - http-outgoing-94 << "Created a new file[\n]"
02:36:28.426 [Test worker] DEBUG org.apache.http.wire - http-outgoing-94 << "[0x0][0x0][0x0][0x0][0x0][0x0][0x0][0x0][0x0][0x0][0x0][0x0][0x0][0x0][0x0][0x0][0x0][0x0][0x0][0x0][0x0][0x0][0x0][0x0][0x0][0x0][0x0][0x0][0x0][0x0][0x0][0x0][0x0][0x0][0x0][0x0][0x0][0x0][0x0][0x0][0x0][0x0][0x0][0x0][0x0][0x0][0x0][0x0][0x0][0x0][0x0][0x0][0x0][0x0][0x0][0x0][0x0][0x0][0x0][0x0][0x0][0x0][0x0][0x0][0x0][0x0][0x0][0x0][0x0][0x0][0x0][0x0][0x0][0x0][0x0][0x0][0x0][0x0][0x0][0x0][0x0][0x0][0x0][0x0][0x0][0x0][0x0][0x0][0x0][0x0][0x0][0x0][0x0][0x0][0x0][0x0][0x0][0x0][0x0][0x0][0x0][0x0][0x0][0x0][0x0][0x0][0x0][0x0][0x0][0x0][0x0][0x0][0x0][0x0][0x0][0x0][0x0][0x0][0x0][0x0][0x0][0x0][0x0][0x0][0x0][0x0][0x0][0x0][0x0][0x0][0x0][0x0][0x0][0x0][0x0][0x0][0x0][0x0][0x0][0x0][0x0][0x0][0x0][0x0][0x0][0x0][0x0][0x0][0x0][0x0][0x0][0x0][0x0][0x0][0x0][0x0][0x0][0x0][0x0][0x0][0x0][0x0][0x0][0x0][0x0][0x0][0x0][0x0][0x0][0x0][0x0][0x0][0x0][0x0][0x0][0x0][0x0][0x0][0x0][0x0][0x0][0x0][0x0][0x0][0x0][0x0][0x0][0x0][0x0][0x0][0x0][0x0][0x0][0x0][0x0][0x0][0x0][0x0][0x0][0x0][0x0][0x0][0x0][0x0][0x0][0x0][0x0][0x0][0x0][0x0][0x0][0x0][0x0][0x0][0x0][0x0][0x0][0x0][0x0][0x0][0x0][0x0][0x0][0x0][0x0][0x0][0x0][0x0][0x0][0x0][0x0][0x0][0x0][0x0][0x0][0x0][0x0][0x0][0x0][0x0][0x0][0x0][0x0][0x0][0x0][0x0][0x0][0x0][0x0][0x0][0x0][0x0][0x0][0x0][0x0][0x0][0x0][0x0][0x0][0x0][0x0][0x0][0x0][0x0][0x0][0x0][0x0][0x0][0x0][0x0][0x0][0x0][0x0][0x0][0x0][0x0][0x0][0x0][0x0][0x0][0x0][0x0][0x0][0x0][0x0][0x0][0x0][0x0][0x0][0x0][0x0][0x0][0x0][0x0][0x0][0x0][0x0][0x0][0x0][0x0][0x0][0x0][0x0][0x0][0x0][0x0][0x0][0x0][0x0][0x0][0x0][0x0][0x0][0x0][0x0][0x0][0x0][0x0][0x0][0x0][0x0][0x0][0x0][0x0][0x0][0x0][0x0][0x0][0x0][0x0][0x0][0x0][0x0][0x0][0x0][0x0][0x0][0x0][0x0][0x0][0x0][0x0][0x0][0x0][0x0][0x0][0x0][0x0][0x0][0x0][0x0][0x0][0x0][0x0][0x0][0x0][0x0][0x0][0x0][0x0][0x0][0x0][0x0][0x0][0x0][0x0][0x0][0x0][0x0][0x0][0x0][0x0][0x0][0x0][0x0][0x0][0x0][0x0][0x0][0x0][0x0][0x0][0x0][0x0][0x0][0x0][0x0][0x0][0x0][0x0][0x0][0x0][0x0][0x0][0x0][0x0][0x0][0x0][0x0][0x0][0x0][0x0][0x0][0x0][0x0][0x0][0x0][0x0][0x0][0x0][0x0][0x0][0x0][0x0][0x0][0x0][0x0][0x0][0x0][0x0][0x0][0x0][0x0][0x0][0x0][0x0][0x0][0x0][0x0][0x0][0x0][0x0][0x0][0x0][0x0][0x0][0x0][0x0][0x0][0x0][0x0][0x0][0x0][0x0][0x0][0x0][0x0][0x0]data/new_file[0x0][0x0][0x0][0x0][0x0][0x0][0x0][0x0][0x0][0x0][0x0][0x0][0x0][0x0][0x0][0x0][0x0][0x0][0x0][0x0][0x0][0x0][0x0][0x0][0x0][0x0][0x0][0x0][0x0][0x0][0x0][0x0][0x0][0x0][0x0][0x0][0x0][0x0][0x0][0x0][0x0][0x0][0x0][0x0][0x0][0x0][0x0][0x0][0x0][0x0][0x0][0x0][0x0][0x0][0x0][0x0][0x0][0x0][0x0][0x0][0x0][0x0][0x0][0x0][0x0][0x0][0x0][0x0][0x0][0x0][0x0][0x0][0x0][0x0][0x0][0x0][0x0][0x0][0x0][0x0][0x0][0x0][0x0][0x0][0x0][0x0][0x0]0100644[0x0]0000000[0x0]0000000[0x0]00000000000[0x0]13032600034[0x0]011646[0x0] 0[0x0][0x0][0x0][0x0][0x0][0x0][0x0][0x0][0x0][0x0][0x0][0x0][0x0][0x0][0x0][0x0][0x0][0x0][0x0][0x0][0x0][0x0][0x0][0x0][0x0][0x0][0x0][0x0][0x0][0x0][0x0][0x0][0x0][0x0][0x0][0x0][0x0][0x0][0x0][0x0][0x0][0x0][0x0][0x0][0x0][0x0][0x0][0x0][0x0][0x0][0x0][0x0][0x0][0x0][0x0][0x0][0x0][0x0][0x0][0x0][0x0][0x0][0x0][0x0][0x0][0x0][0x0][0x0][0x0][0x0][0x0][0x0][0x0][0x0][0x0][0x0][0x0][0x0][0x0][0x0][0x0][0x0][0x0][0x0][0x0][0x0][0x0][0x0][0x0][0x0][0x0][0x0][0x0][0x0][0x0][0x0][0x0][0x0][0x0][0x0]ustar[0x0]00[0x0][0x0][0x0][0x0][0x0][0x0][0x0][0x0][0x0][0x0][0x0][0x0][0x0][0x0][0x0][0x0][0x0][0x0][0x0][0x0][0x0][0x0][0x0][0x0][0x0][0x0][0x0][0x0][0x0][0x0][0x0][0x0][0x0][0x0][0x0][0x0][0x0][0x0][0x0][0x0][0x0][0x0][0x0][0x0][0x0][0x0][0x0][0x0][0x0][0x0][0x0][0x0][0x0][0x0][0x0][0x0][0x0][0x0][0x0][0x0][0x0][0x0][0x0][0x0]0000000[0x0]0000000[0x0][0x0][0x0][0x0][0x0][0x0][0x0][0x0][0x0][0x0][0x0][0x0][0x0][0x0][0x0][0x0][0x0][0x0][0x0][0x0][0x0][0x0][0x0][0x0][0x0][0x0][0x0][0x0][0x0][0x0][0x0][0x0][0x0][0x0][0x0][0x0][0x0][0x0][0x0][0x0][0x0][0x0][0x0][0x0][0x0][0x0][0x0][0x0][0x0][0x0][0x0][0x0][0x0][0x0][0x0][0x0][0x0][0x0][0x0][0x0][0x0][0x0][0x0][0x0][0x0][0x0][0x0][0x0][0x0][0x0][0x0][0x0][0x0][0x0][0x0][0x0][0x0][0x0][0x0][0x0][0x0][0x0][0x0][0x0][0x0][0x0][0x0][0x0][0x0][0x0][0x0][0x0][0x0][0x0][0x0][0x0][0x0][0x0][0x0][0x0][0x0][0x0][0x0][0x0][0x0][0x0][0x0][0x0][0x0][0x0][0x0][0x0][0x0][0x0][0x0][0x0][0x0][0x0][0x0][0x0][0x0][0x0][0x0][0x0][0x0][0x0][0x0][0x0][0x0][0x0][0x0][0x0][0x0][0x0][0x0][0x0][0x0][0x0][0x0][0x0][0x0][0x0][0x0][0x0][0x0][0x0][0x0][0x0][0x0][0x0][0x0][0x0][0x0][0x0][0x0][0x0][0x0][0x0][0x0][0x0][0x0][0x0][0x0][0x0][0x0][0x0][0x0][0x0]data/testScript.sh[0x0][0x0][0x0][0x0][0x0][0x0][0x0][0x0][0x0][0x0][0x0][0x0][0x0][0x0][0x0][0x0][0x0][0x0][0x0][0x0][0x0][0x0][0x0][0x0][0x0][0x0][0x0][0x0][0x0][0x0][0x0][0x0][0x0][0x0][0x0][0x0][0x0][0x0][0x0][0x0][0x0][0x0][0x0][0x0][0x0][0x0][0x0][0x0][0x0][0x0][0x0][0x0][0x0][0x0][0x0][0x0][0x0][0x0][0x0][0x0][0x0][0x0][0x0][0x0][0x0][0x0][0x0][0x0][0x0][0x0][0x0][0x0][0x0][0x0][0x0][0x0][0x0][0x0][0x0][0x0][0x0][0x0]0100755[0x0]0000000[0x0]0000000[0x0]00000000307[0x0]13032600033[0x0]012647[0x0] 0[0x0][0x0][0x0][0x0][0x0][0x0][0x0][0x0][0x0][0x0][0x0][0x0][0x0][0x0][0x0][0x0][0x0][0x0][0x0][0x0][0x0][0x0][0x0][0x0][0x0][0x0][0x0][0x0][0x0][0x0][0x0][0x0][0x0][0x0][0x0][0x0][0x0][0x0][0x0][0x0][0x0][0x0][0x0][0x0][0x0][0x0][0x0][0x0][0x0][0x0][0x0][0x0][0x0][0x0][0x0][0x0][0x0][0x0][0x0][0x0][0x0][0x0][0x0][0x0][0x0][0x0][0x0][0x0][0x0][0x0][0x0][0x0][0x0][0x0][0x0][0x0][0x0][0x0][0x0][0x0][0x0][0x0][0x0][0x0][0x0][0x0][0x0][0x0][0x0][0x0][0x0][0x0][0x0][0x0][0x0][0x0][0x0][0x0][0x0][0x0]ustar[0x0]00[0x0][0x0][0x0][0x0][0x0][0x0][0x0][0x0][0x0][0x0][0x0][0x0][0x0][0x0][0x0][0x0][0x0][0x0][0x0][0x0][0x0][0x0][0x0][0x0][0x0][0x0][0x0][0x0][0x0][0x0][0x0][0x0][0x0][0x0][0x0][0x0][0x0][0x0][0x0][0x0][0x0][0x0][0x0][0x0][0x0][0x0][0x0][0x0][0x0][0x0][0x0][0x0][0x0][0x0][0x0][0x0][0x0][0x0][0x0][0x0][0x0][0x0][0x0][0x0]0000000[0x0]0000000[0x0][0x0][0x0][0x0][0x0][0x0][0x0][0x0][0x0][0x0][0x0][0x0][0x0][0x0][0x0][0x0][0x0][0x0][0x0][0x0][0x0][0x0][0x0][0x0][0x0][0x0][0x0][0x0][0x0][0x0][0x0][0x0][0x0][0x0][0x0][0x0][0x0][0x0][0x0][0x0][0x0][0x0][0x0][0x0][0x0][0x0][0x0][0x0][0x0][0x0][0x0][0x0][0x0][0x0][0x0][0x0][0x0][0x0][0x0][0x0][0x0][0x0][0x0][0x0][0x0][0x0][0x0][0x0][0x0][0x0][0x0][0x0][0x0][0x0][0x0][0x0][0x0][0x0][0x0][0x0][0x0][0x0][0x0][0x0][0x0][0x0][0x0][0x0][0x0][0x0][0x0][0x0][0x0][0x0][0x0][0x0][0x0][0x0][0x0][0x0][0x0][0x0][0x0][0x0][0x0][0x0][0x0][0x0][0x0][0x0][0x0][0x0][0x0][0x0][0x0][0x0][0x0][0x0][0x0][0x0][0x0][0x0][0x0][0x0][0x0][0x0][0x0][0x0][0x0][0x0][0x0][0x0][0x0][0x0][0x0][0x0][0x0][0x0][0x0][0x0][0x0][0x0][0x0][0x0][0x0][0x0][0x0][0x0][0x0][0x0][0x0][0x0][0x0][0x0][0x0][0x0][0x0][0x0][0x0][0x0][0x0][0x0][0x0][0x0][0x0][0x0][0x0][0x0]#!/bin/bash[\n]"
02:36:28.427 [Test worker] DEBUG org.apache.http.wire - http-outgoing-94 << "[\n]"
02:36:28.427 [Test worker] DEBUG org.apache.http.wire - http-outgoing-94 << "LOG_FILE=/data/logfile[\n]"
02:36:28.427 [Test worker] DEBUG org.apache.http.wire - http-outgoing-94 << "touch /data/logfile[\n]"
02:36:28.427 [Test worker] DEBUG org.apache.http.wire - http-outgoing-94 << "echo "" > $LOG_FILE[\n]"
02:36:28.427 [Test worker] DEBUG org.apache.http.wire - http-outgoing-94 << "cd /data[\n]"
02:36:28.427 [Test worker] DEBUG org.apache.http.wire - http-outgoing-94 << "echo "This is a test script with parameter $1" >> $LOG_FILE[\n]"
02:36:28.427 [Test worker] DEBUG org.apache.http.wire - http-outgoing-94 << "touch new_file[\n]"
02:36:28.427 [Test worker] DEBUG org.apache.http.wire - http-outgoing-94 << "echo "Created a new file" >> $LOG_FILE[\n]"
02:36:28.427 [Test worker] DEBUG org.apache.http.wire - http-outgoing-94 << "[0x0][0x0][0x0][0x0][0x0][0x0][0x0][0x0][0x0][0x0][0x0][0x0][0x0][0x0][0x0][0x0][0x0][0x0][0x0][0x0][0x0][0x0][0x0][0x0][0x0][0x0][0x0][0x0][0x0][0x0][0x0][0x0][0x0][0x0][0x0][0x0][0x0][0x0][0x0][0x0][0x0][0x0][0x0][0x0][0x0][0x0][0x0][0x0][0x0][0x0][0x0][0x0][0x0][0x0][0x0][0x0][0x0][0x0][0x0][0x0][0x0][0x0][0x0][0x0][0x0][0x0][0x0][0x0][0x0][0x0][0x0][0x0][0x0][0x0][0x0][0x0][0x0][0x0][0x0][0x0][0x0][0x0][0x0][0x0][0x0][0x0][0x0][0x0][0x0][0x0][0x0][0x0][0x0][0x0][0x0][0x0][0x0][0x0][0x0][0x0][0x0][0x0][0x0][0x0][0x0][0x0][0x0][0x0][0x0][0x0][0x0][0x0][0x0][0x0][0x0][0x0][0x0][0x0][0x0][0x0][0x0][0x0][0x0][0x0][0x0][0x0][0x0][0x0][0x0][0x0][0x0][0x0][0x0][0x0][0x0][0x0][0x0][0x0][0x0][0x0][0x0][0x0][0x0][0x0][0x0][0x0][0x0][0x0][0x0][0x0][0x0][0x0][0x0][0x0][0x0][0x0][0x0][0x0][0x0][0x0][0x0][0x0][0x0][0x0][0x0][0x0][0x0][0x0][0x0][0x0][0x0][0x0][0x0][0x0][0x0][0x0][0x0][0x0][0x0][0x0][0x0][0x0][0x0][0x0][0x0][0x0][0x0][0x0][0x0][0x0][0x0][0x0][0x0][0x0][0x0][0x0][0x0][0x0][0x0][0x0][0x0][0x0][0x0][0x0][0x0][0x0][0x0][0x0][0x0][0x0][0x0][0x0][0x0][0x0][0x0][0x0][0x0][0x0][0x0][0x0][0x0][0x0][0x0][0x0][0x0][0x0][0x0][0x0][0x0][0x0][0x0][0x0][0x0][0x0][0x0][0x0][0x0][0x0][0x0][0x0][0x0][0x0][0x0][0x0][0x0][0x0][0x0][0x0][0x0][0x0][0x0][0x0][0x0][0x0][0x0][0x0][0x0][0x0][0x0][0x0][0x0][0x0][0x0][0x0][0x0][0x0][0x0][0x0][0x0][0x0][0x0][0x0][0x0][0x0][0x0][0x0][0x0][0x0][0x0][0x0][0x0][0x0][0x0][0x0][0x0][0x0][0x0][0x0][0x0][0x0][0x0][0x0][0x0][0x0][0x0][0x0][0x0][0x0][0x0][0x0][0x0][0x0][0x0][0x0][0x0][0x0][0x0][0x0][0x0][0x0][0x0][0x0][0x0][0x0][0x0][0x0][0x0][0x0][0x0][0x0][0x0][0x0][0x0][0x0][0x0][0x0][0x0][0x0][0x0][0x0][0x0][0x0][0x0][0x0][0x0][0x0][0x0][0x0][0x0][0x0][0x0][0x0][0x0][0x0][0x0][0x0][0x0][0x0][0x0][0x0][0x0][0x0][0x0][0x0][0x0][0x0][0x0][0x0][0x0][0x0][0x0][0x0][0x0][0x0][0x0][0x0][0x0][0x0][0x0][0x0][0x0][0x0][0x0][0x0][0x0][0x0][0x0][0x0][0x0][0x0][0x0][0x0][0x0][0x0][0x0][0x0][0x0][0x0][0x0][0x0][0x0][0x0][0x0][0x0][0x0][0x0][0x0][0x0][0x0][0x0][0x0][0x0][0x0][0x0][0x0][0x0][0x0][0x0][0x0][0x0][0x0][0x0][0x0][0x0][0x0][0x0][0x0][0x0][0x0][0x0][0x0][0x0][0x0][0x0][0x0][0x0][0x0][0x0][0x0][0x0][0x0][0x0][0x0][0x0][0x0][0x0][0x0][0x0][0x0][0x0][0x0][0x0][0x0][0x0][0x0][0x0][0x0][0x0][0x0][0x0][0x0][0x0][0x0][0x0][0x0][0x0][0x0][0x0][0x0][0x0][0x0][0x0][0x0][0x0][0x0][0x0][0x0][0x0][0x0][0x0][0x0][0x0][0x0][0x0][0x0][0x0][0x0][0x0][0x0][0x0][0x0][0x0][0x0][0x0][0x0][0x0][0x0][0x0][0x0][0x0][0x0][0x0][0x0][0x0][0x0][0x0][0x0][0x0][0x0][0x0][0x0][0x0][0x0][0x0][0x0][0x0][0x0][0x0][0x0][0x0][0x0][0x0][0x0][0x0][0x0][0x0][0x0][0x0][0x0][0x0][0x0][0x0][0x0][0x0][0x0][0x0][0x0][0x0][0x0][0x0][0x0][0x0][0x0][0x0][0x0][0x0][0x0][0x0][0x0][0x0][0x0][0x0][0x0][0x0][0x0][0x0][0x0][0x0][0x0][0x0][0x0][0x0][0x0][0x0][0x0][0x0][0x0][0x0][0x0][0x0][0x0][0x0][0x0][0x0][0x0][0x0][0x0][0x0][0x0][0x0][0x0][0x0][0x0][0x0][0x0][0x0][0x0][0x0][0x0][0x0][0x0][0x0][0x0][0x0][0x0][0x0][0x0][0x0][0x0][0x0][0x0][0x0][0x0][0x0][0x0][0x0][0x0][0x0][0x0][0x0][0x0][0x0][0x0][0x0][0x0][0x0][0x0][0x0][0x0][0x0][0x0][0x0][0x0][0x0][0x0][0x0][0x0][0x0][0x0][0x0][0x0][0x0][0x0][0x0][0x0][0x0][0x0][0x0][0x0][0x0][0x0][0x0][0x0][0x0][0x0][0x0][0x0][0x0][0x0][0x0][0x0][0x0][0x0][0x0][0x0][0x0][0x0][0x0][0x0][0x0][0x0][0x0][0x0][0x0][0x0][0x0][0x0][0x0][0x0][0x0][0x0][0x0][0x0][0x0][0x0][0x0][0x0][0x0][0x0][0x0][0x0][0x0][0x0][0x0][0x0][0x0][0x0][0x0][0x0][0x0][0x0][0x0][0x0][0x0][0x0][0x0][0x0][0x0][0x0][0x0][0x0][0x0][0x0][0x0][0x0][0x0][0x0][0x0][0x0][0x0][0x0][0x0][0x0][0x0][0x0][0x0][0x0][0x0][0x0][0x0][0x0][0x0][0x0][0x0][0x0][0x0][0x0][0x0][0x0][0x0][0x0][0x0][0x0][0x0][0x0][0x0][0x0][0x0][0x0][0x0][0x0][0x0][0x0][0x0][0x0][0x0][0x0][0x0][0x0][0x0][0x0][0x0][0x0][0x0][0x0][0x0][0x0][0x0][0x0][0x0][0x0][0x0][0x0][0x0][0x0][0x0][0x0][0x0][0x0][0x0][0x0][0x0][0x0][0x0][0x0][0x0][0x0][0x0][0x0][0x0][0x0][0x0][0x0][0x0][0x0][0x0][0x0][0x0][0x0][0x0][0x0][0x0][0x0][0x0][0x0][0x0][0x0][0x0][0x0][0x0][0x0][0x0][0x0][0x0][0x0][0x0][0x0][0x0][0x0][0x0][0x0][0x0][0x0][0x0][0x0][0x0][0x0][0x0][0x0][0x0][0x0][0x0][0x0][0x0][0x0][0x0][0x0][0x0][0x0][0x0][0x0][0x0][0x0][0x0][0x0][0x0][0x0][0x0][0x0][0x0][0x0][0x0][0x0][0x0][0x0][0x0][0x0][0x0][0x0][0x0][0x0][0x0][0x0][0x0][0x0][0x0][0x0][0x0][0x0][0x0][0x0][0x0][0x0][0x0][0x0][0x0][0x0][0x0][0x0][0x0][0x0][0x0][0x0][0x0][0x0][0x0][0x0][0x0][0x0][0x0][0x0][0x0][0x0][0x0][0x0][0x0][0x0][0x0][0x0][0x0][0x0][0x0][0x0][0x0][0x0][0x0][0x0][0x0][0x0][0x0][0x0][0x0][0x0][0x0][0x0][0x0][0x0][0x0][0x0][0x0][0x0][0x0][0x0][0x0][0x0][0x0][0x0][0x0][0x0][0x0][0x0][0x0][0x0][0x0][0x0][0x0][0x0][0x0][0x0][0x0][0x0][0x0][0x0][0x0][0x0][0x0][0x0][0x0][0x0][0x0][0x0][0x0][0x0][0x0][0x0][0x0][0x0][0x0][0x0][0x0][0x0][0x0][0x0][0x0][0x0][0x0][0x0][0x0][0x0][0x0][0x0][0x0][0x0][0x0][0x0][0x0][0x0][0x0][0x0][0x0][0x0][0x0][0x0][0x0][0x0][0x0][0x0][0x0][0x0][0x0][0x0][0x0][0x0][0x0][0x0][0x0][0x0][0x0][0x0][0x0][0x0][0x0][0x0][0x0][0x0][0x0][0x0][0x0][0x0][0x0][0x0][0x0][0x0][0x0][0x0][0x0][0x0][0x0][0x0][0x0][0x0][0x0][0x0][0x0][0x0][0x0][0x0]"
02:36:28.429 [Test worker] DEBUG org.apache.http.headers - http-outgoing-94 << HTTP/1.1 200 OK
02:36:28.429 [Test worker] DEBUG org.apache.http.headers - http-outgoing-94 << Content-Type: application/x-tar
02:36:28.429 [Test worker] DEBUG org.apache.http.headers - http-outgoing-94 << Server: Docker/1.12.3 (linux)
02:36:28.429 [Test worker] DEBUG org.apache.http.headers - http-outgoing-94 << X-Docker-Container-Path-Stat: eyJuYW1lIjoiZGF0YSIsInNpemUiOjQwOTYsIm1vZGUiOjIxNDc0ODQxNDEsIm10aW1lIjoiMjAxNy0wMS0wM1QwMjozNjoyOC4zMjk1ODM2ODgrMDE6MDAiLCJsaW5rVGFyZ2V0IjoiIn0=
02:36:28.429 [Test worker] DEBUG org.apache.http.headers - http-outgoing-94 << Date: Tue, 03 Jan 2017 01:36:28 GMT
02:36:28.430 [Test worker] DEBUG org.apache.http.headers - http-outgoing-94 << Transfer-Encoding: chunked
02:36:28.430 [Test worker] DEBUG o.a.h.impl.execchain.MainClientExec - Connection can be kept alive indefinitely
02:36:28.430 [Test worker] DEBUG c.g.d.j.JerseyDockerCmdExecFactory - 22 * Client response received on thread Test worker
22 < 200
22 < Content-Length: -1
22 < Content-Type: application/x-tar
22 < Date: Tue, 03 Jan 2017 01:36:28 GMT
22 < Server: Docker/1.12.3 (linux)
22 < Transfer-Encoding: chunked
22 < X-Docker-Container-Path-Stat: eyJuYW1lIjoiZGF0YSIsInNpemUiOjQwOTYsIm1vZGUiOjIxNDc0ODQxNDEsIm10aW1lIjoiMjAxNy0wMS0wM1QwMjozNjoyOC4zMjk1ODM2ODgrMDE6MDAiLCJsaW5rVGFyZ2V0IjoiIn0=
data/???????????????????????????????????????????????????????????????????????????????????????????????0040755?0000000?0000000?00000000000?13032600034?010150? 5????????????????????????????????????????????????????????????????????????????????????????????????????ustar?00????????????????????????????????????????????????????????????????0000000?0000000????????????????????????????????????????????????????????????????????????????????????????????????????????????????????????????????????????????????????????????????????????data/logfile????????????????????????????????????????????????????????????????????????????????????????0100644?0000000?0000000?00000000100?13032600034?011500? 0????????????????????????????????????????????????????????????????????????????????????????????????????ustar?00????????????????????????????????????????????????????????????????0000000?0000000????????????????????????????????????????????????????????????????????????????????????????????????????????????????????????????????????????????????????????????????????????
This is a test script with parameter param1
Created a new file
????????????????????????????????????????????????????????????????????????????????????????????????????????????????????????????????????????????????????????????????????????????????????????????????????????????????????????????????????????????????????????????????????????????????????????????????????????????????????????????????????????????????????????????????????????????????????????????????????????????????????????????????????????????????????????????????data/new_file???????????????????????????????????????????????????????????????????????????????????????0100644?0000000?0000000?00000000000?13032600034?011646? 0????????????????????????????????????????????????????????????????????????????????????????????????????ustar?00????????????????????????????????????????????????????????????????0000000?0000000????????????????????????????????????????????????????????????????????????????????????????????????????????????????????????????????????????????????????????????????????????data/testScript.sh??????????????????????????????????????????????????????????????????????????????????0100755?0000000?0000000?00000000307?13032600033?012647? 0????????????????????????????????????????????????????????????????????????????????????????????????????ustar?00????????????????????????????????????????????????????????????????0000000?0000000????????????????????????????????????????????????????????????????????????????????????????????????????????????????????????????????????????????????????????????????????????#!/bin/bash

LOG_FILE=/data/logfile
touch /data/logfile
echo "" > $LOG_FILE
cd /data
echo "This is a test script with parameter $1" >> $LOG_FILE
touch new_file
echo "Created a new file" >> $LOG_FILE
???????????????????????????????????????????????????????????????????????????????????????????????????????????????????????????????????????????????????????????????????????????????????????????????????????????????????????????????????????????????????????????????????????????????????????????????????????????????????????????????????????????????????????????????????????????????????????????????????????????????????????????????????????????????????????????????????????????????????????????????????????????????????????????????????????????????????????????????????????????????????????????????????????????????????????????????????????????????????????????????????????????????????????????????????????????????????????????????????????????????????????????????????????????????????????????????????????????????????????????????????????????????????????????????????????????????????????????????????????????????????????????????????????????????????????????????????????????????????????????????????????????????????????????????????????????????

02:36:28.431 [Test worker] INFO  org.openbaton.docker.DockerVim - Archive '/data' is copied successfully
02:36:28.431 [Test worker] DEBUG c.g.d.core.command.AbstrDockerCmd - Cmd: -1,<null>,true,<null>,<null>,com.github.dockerjava.core.util.FiltersBuilder@0,com.github.dockerjava.jaxrs.ListContainersCmdExec@50dc354e
02:36:28.431 [Test worker] DEBUG c.g.d.j.JerseyDockerCmdExecFactory - 23 * Sending client request on thread Test worker
23 > GET https://Thesis:2376/containers/json?all=true
23 > Accept: application/json

02:36:28.431 [Test worker] DEBUG o.a.h.c.protocol.RequestAddCookies - CookieSpec selected: default
02:36:28.431 [Test worker] DEBUG o.a.h.c.protocol.RequestAuthCache - Auth cache not set in the context
02:36:28.432 [Test worker] DEBUG c.g.d.j.JerseyDockerCmdExecFactory$1 - Connection request: [route: {s}->https://Thesis:2376][total kept alive: 1; route allocated: 2 of 2; total allocated: 2 of 20]
02:36:28.432 [Test worker] DEBUG o.a.h.i.c.DefaultManagedHttpClientConnection - http-outgoing-91: Close connection
02:36:28.432 [Test worker] DEBUG c.g.d.j.JerseyDockerCmdExecFactory$1 - Connection leased: [id: 95][route: {s}->https://Thesis:2376][total kept alive: 0; route allocated: 2 of 2; total allocated: 2 of 20]
02:36:28.432 [Test worker] DEBUG o.a.h.impl.execchain.MainClientExec - Opening connection {s}->https://Thesis:2376
02:36:28.432 [Test worker] DEBUG o.a.h.i.c.DefaultHttpClientConnectionOperator - Connecting to Thesis/127.0.1.1:2376
02:36:28.432 [Test worker] DEBUG o.a.h.c.s.SSLConnectionSocketFactory - Connecting socket to Thesis/127.0.1.1:2376 with timeout 0
02:36:28.433 [Test worker] DEBUG o.a.h.c.s.SSLConnectionSocketFactory - Enabled protocols: [TLSv1]
02:36:28.433 [Test worker] DEBUG o.a.h.c.s.SSLConnectionSocketFactory - Enabled cipher suites:[TLS_ECDHE_ECDSA_WITH_AES_128_CBC_SHA, TLS_ECDHE_RSA_WITH_AES_128_CBC_SHA, TLS_RSA_WITH_AES_128_CBC_SHA, TLS_ECDH_ECDSA_WITH_AES_128_CBC_SHA, TLS_ECDH_RSA_WITH_AES_128_CBC_SHA, TLS_DHE_RSA_WITH_AES_128_CBC_SHA, TLS_DHE_DSS_WITH_AES_128_CBC_SHA, TLS_ECDHE_ECDSA_WITH_3DES_EDE_CBC_SHA, TLS_ECDHE_RSA_WITH_3DES_EDE_CBC_SHA, SSL_RSA_WITH_3DES_EDE_CBC_SHA, TLS_ECDH_ECDSA_WITH_3DES_EDE_CBC_SHA, TLS_ECDH_RSA_WITH_3DES_EDE_CBC_SHA, SSL_DHE_RSA_WITH_3DES_EDE_CBC_SHA, SSL_DHE_DSS_WITH_3DES_EDE_CBC_SHA, TLS_ECDHE_ECDSA_WITH_RC4_128_SHA, TLS_ECDHE_RSA_WITH_RC4_128_SHA, SSL_RSA_WITH_RC4_128_SHA, TLS_ECDH_ECDSA_WITH_RC4_128_SHA, TLS_ECDH_RSA_WITH_RC4_128_SHA, SSL_RSA_WITH_RC4_128_MD5, TLS_EMPTY_RENEGOTIATION_INFO_SCSV]
02:36:28.433 [Test worker] DEBUG o.a.h.c.s.SSLConnectionSocketFactory - Starting handshake
02:36:28.492 [Test worker] DEBUG o.a.h.c.s.SSLConnectionSocketFactory - Secure session established
02:36:28.492 [Test worker] DEBUG o.a.h.c.s.SSLConnectionSocketFactory -  negotiated protocol: TLSv1
02:36:28.492 [Test worker] DEBUG o.a.h.c.s.SSLConnectionSocketFactory -  negotiated cipher suite: TLS_ECDHE_RSA_WITH_AES_128_CBC_SHA
02:36:28.493 [Test worker] DEBUG o.a.h.c.s.SSLConnectionSocketFactory -  peer principal: CN=Thesis
02:36:28.493 [Test worker] DEBUG o.a.h.c.s.SSLConnectionSocketFactory -  issuer principal: EMAILADDRESS=sha@yamil.com, CN=Thesis, OU=Open, O=Fra, L=BER, ST=BER, C=DE
02:36:28.493 [Test worker] DEBUG o.a.h.i.c.DefaultHttpClientConnectionOperator - Connection established 127.0.0.1:41490<->127.0.1.1:2376
02:36:28.493 [Test worker] DEBUG o.a.h.impl.execchain.MainClientExec - Executing request GET /containers/json?all=true HTTP/1.1
02:36:28.493 [Test worker] DEBUG o.a.h.impl.execchain.MainClientExec - Target auth state: UNCHALLENGED
02:36:28.493 [Test worker] DEBUG o.a.h.impl.execchain.MainClientExec - Proxy auth state: UNCHALLENGED
02:36:28.493 [Test worker] DEBUG org.apache.http.headers - http-outgoing-95 >> GET /containers/json?all=true HTTP/1.1
02:36:28.493 [Test worker] DEBUG org.apache.http.headers - http-outgoing-95 >> Accept: application/json
02:36:28.493 [Test worker] DEBUG org.apache.http.headers - http-outgoing-95 >> User-Agent: Jersey/2.23.1 (Apache HttpClient 4.5.1)
02:36:28.493 [Test worker] DEBUG org.apache.http.headers - http-outgoing-95 >> Host: Thesis:2376
02:36:28.493 [Test worker] DEBUG org.apache.http.headers - http-outgoing-95 >> Connection: Keep-Alive
02:36:28.493 [Test worker] DEBUG org.apache.http.headers - http-outgoing-95 >> Accept-Encoding: gzip,deflate
02:36:28.493 [Test worker] DEBUG org.apache.http.wire - http-outgoing-95 >> "GET /containers/json?all=true HTTP/1.1[\r][\n]"
02:36:28.493 [Test worker] DEBUG org.apache.http.wire - http-outgoing-95 >> "Accept: application/json[\r][\n]"
02:36:28.493 [Test worker] DEBUG org.apache.http.wire - http-outgoing-95 >> "User-Agent: Jersey/2.23.1 (Apache HttpClient 4.5.1)[\r][\n]"
02:36:28.493 [Test worker] DEBUG org.apache.http.wire - http-outgoing-95 >> "Host: Thesis:2376[\r][\n]"
02:36:28.493 [Test worker] DEBUG org.apache.http.wire - http-outgoing-95 >> "Connection: Keep-Alive[\r][\n]"
02:36:28.493 [Test worker] DEBUG org.apache.http.wire - http-outgoing-95 >> "Accept-Encoding: gzip,deflate[\r][\n]"
02:36:28.493 [Test worker] DEBUG org.apache.http.wire - http-outgoing-95 >> "[\r][\n]"
02:36:28.494 [Test worker] DEBUG org.apache.http.wire - http-outgoing-95 << "H"
02:36:28.494 [Test worker] DEBUG org.apache.http.wire - http-outgoing-95 << "TTP/1.1 200 OK[\r][\n]"
02:36:28.494 [Test worker] DEBUG org.apache.http.wire - http-outgoing-95 << "Content-Type: application/json[\r][\n]"
02:36:28.494 [Test worker] DEBUG org.apache.http.wire - http-outgoing-95 << "Server: Docker/1.12.3 (linux)[\r][\n]"
02:36:28.494 [Test worker] DEBUG org.apache.http.wire - http-outgoing-95 << "Date: Tue, 03 Jan 2017 01:36:28 GMT[\r][\n]"
02:36:28.494 [Test worker] DEBUG org.apache.http.wire - http-outgoing-95 << "Content-Length: 855[\r][\n]"
02:36:28.494 [Test worker] DEBUG org.apache.http.wire - http-outgoing-95 << "[\r][\n]"
02:36:28.494 [Test worker] DEBUG org.apache.http.wire - http-outgoing-95 << "[{"Id":"306948e87ecd9003ec294f7879620f142634cce700068e0f49c3e5b508847079","Names":["/MyContainer"],"Image":"ubuntu:14.04","ImageID":"sha256:aae2b63c49461fcae4962e4a8043f66acf8e3af7e62f5ebceb70b181d8ca01e0","Command":"sleep 99999","Created":1483407387,"Ports":[{"IP":"0.0.0.0","PrivatePort":8084,"PublicPort":8084,"Type":"tcp"}],"Labels":{},"State":"running","Status":"Up Less than a second","HostConfig":{"NetworkMode":"default"},"NetworkSettings":{"Networks":{"bridge":{"IPAMConfig":null,"Links":null,"Aliases":null,"NetworkID":"e0d36057aa1769e9fd52ba88be81b698b495f9b6b4946d0f98f24d971a27fc98","EndpointID":"e25745576a2a29197950bcc80a846594051e820da10462f808fb52b375fa5508","Gateway":"172.17.0.1","IPAddress":"172.17.0.2","IPPrefixLen":16,"IPv6Gateway":"","GlobalIPv6Address":"","GlobalIPv6PrefixLen":0,"MacAddress":"02:42:ac:11:00:02"}}},"Mounts":[]}][\n]"
02:36:28.494 [Test worker] DEBUG org.apache.http.headers - http-outgoing-95 << HTTP/1.1 200 OK
02:36:28.494 [Test worker] DEBUG org.apache.http.headers - http-outgoing-95 << Content-Type: application/json
02:36:28.494 [Test worker] DEBUG org.apache.http.headers - http-outgoing-95 << Server: Docker/1.12.3 (linux)
02:36:28.494 [Test worker] DEBUG org.apache.http.headers - http-outgoing-95 << Date: Tue, 03 Jan 2017 01:36:28 GMT
02:36:28.494 [Test worker] DEBUG org.apache.http.headers - http-outgoing-95 << Content-Length: 855
02:36:28.495 [Test worker] DEBUG o.a.h.impl.execchain.MainClientExec - Connection can be kept alive indefinitely
02:36:28.495 [Test worker] DEBUG c.g.d.j.JerseyDockerCmdExecFactory - 24 * Client response received on thread Test worker
24 < 200
24 < Content-Length: 855
24 < Content-Type: application/json
24 < Date: Tue, 03 Jan 2017 01:36:28 GMT
24 < Server: Docker/1.12.3 (linux)
[{"Id":"306948e87ecd9003ec294f7879620f142634cce700068e0f49c3e5b508847079","Names":["/MyContainer"],"Image":"ubuntu:14.04","ImageID":"sha256:aae2b63c49461fcae4962e4a8043f66acf8e3af7e62f5ebceb70b181d8ca01e0","Command":"sleep 99999","Created":1483407387,"Ports":[{"IP":"0.0.0.0","PrivatePort":8084,"PublicPort":8084,"Type":"tcp"}],"Labels":{},"State":"running","Status":"Up Less than a second","HostConfig":{"NetworkMode":"default"},"NetworkSettings":{"Networks":{"bridge":{"IPAMConfig":null,"Links":null,"Aliases":null,"NetworkID":"e0d36057aa1769e9fd52ba88be81b698b495f9b6b4946d0f98f24d971a27fc98","EndpointID":"e25745576a2a29197950bcc80a846594051e820da10462f808fb52b375fa5508","Gateway":"172.17.0.1","IPAddress":"172.17.0.2","IPPrefixLen":16,"IPv6Gateway":"","GlobalIPv6Address":"","GlobalIPv6PrefixLen":0,"MacAddress":"02:42:ac:11:00:02"}}},"Mounts":[]}]


02:36:28.503 [Test worker] DEBUG o.a.h.i.c.DefaultManagedHttpClientConnection - http-outgoing-95: Close connection
02:36:28.503 [Test worker] DEBUG o.a.h.impl.execchain.MainClientExec - Connection discarded
02:36:28.503 [Test worker] DEBUG c.g.d.j.JerseyDockerCmdExecFactory$1 - Connection released: [id: 95][route: {s}->https://Thesis:2376][total kept alive: 0; route allocated: 1 of 2; total allocated: 1 of 20]
02:36:28.504 [Test worker] DEBUG c.g.d.core.command.AbstrDockerCmd - Cmd: ListImagesCmdImpl[imageNameFilter=<null>,showAll=true,filters=com.github.dockerjava.core.util.FiltersBuilder@0,execution=com.github.dockerjava.jaxrs.ListImagesCmdExec@1654c71e]
02:36:28.504 [Test worker] DEBUG c.g.d.j.JerseyDockerCmdExecFactory - 25 * Sending client request on thread Test worker
25 > GET https://Thesis:2376/images/json?all=true
25 > Accept: application/json

02:36:28.505 [Test worker] DEBUG o.a.h.c.protocol.RequestAddCookies - CookieSpec selected: default
02:36:28.505 [Test worker] DEBUG o.a.h.c.protocol.RequestAuthCache - Auth cache not set in the context
02:36:28.505 [Test worker] DEBUG c.g.d.j.JerseyDockerCmdExecFactory$1 - Connection request: [route: {s}->https://Thesis:2376][total kept alive: 0; route allocated: 1 of 2; total allocated: 1 of 20]
02:36:28.505 [Test worker] DEBUG c.g.d.j.JerseyDockerCmdExecFactory$1 - Connection leased: [id: 96][route: {s}->https://Thesis:2376][total kept alive: 0; route allocated: 2 of 2; total allocated: 2 of 20]
02:36:28.505 [Test worker] DEBUG o.a.h.impl.execchain.MainClientExec - Opening connection {s}->https://Thesis:2376
02:36:28.505 [Test worker] DEBUG o.a.h.i.c.DefaultHttpClientConnectionOperator - Connecting to Thesis/127.0.1.1:2376
02:36:28.506 [Test worker] DEBUG o.a.h.c.s.SSLConnectionSocketFactory - Connecting socket to Thesis/127.0.1.1:2376 with timeout 0
02:36:28.506 [Test worker] DEBUG o.a.h.c.s.SSLConnectionSocketFactory - Enabled protocols: [TLSv1]
02:36:28.506 [Test worker] DEBUG o.a.h.c.s.SSLConnectionSocketFactory - Enabled cipher suites:[TLS_ECDHE_ECDSA_WITH_AES_128_CBC_SHA, TLS_ECDHE_RSA_WITH_AES_128_CBC_SHA, TLS_RSA_WITH_AES_128_CBC_SHA, TLS_ECDH_ECDSA_WITH_AES_128_CBC_SHA, TLS_ECDH_RSA_WITH_AES_128_CBC_SHA, TLS_DHE_RSA_WITH_AES_128_CBC_SHA, TLS_DHE_DSS_WITH_AES_128_CBC_SHA, TLS_ECDHE_ECDSA_WITH_3DES_EDE_CBC_SHA, TLS_ECDHE_RSA_WITH_3DES_EDE_CBC_SHA, SSL_RSA_WITH_3DES_EDE_CBC_SHA, TLS_ECDH_ECDSA_WITH_3DES_EDE_CBC_SHA, TLS_ECDH_RSA_WITH_3DES_EDE_CBC_SHA, SSL_DHE_RSA_WITH_3DES_EDE_CBC_SHA, SSL_DHE_DSS_WITH_3DES_EDE_CBC_SHA, TLS_ECDHE_ECDSA_WITH_RC4_128_SHA, TLS_ECDHE_RSA_WITH_RC4_128_SHA, SSL_RSA_WITH_RC4_128_SHA, TLS_ECDH_ECDSA_WITH_RC4_128_SHA, TLS_ECDH_RSA_WITH_RC4_128_SHA, SSL_RSA_WITH_RC4_128_MD5, TLS_EMPTY_RENEGOTIATION_INFO_SCSV]
02:36:28.507 [Test worker] DEBUG o.a.h.c.s.SSLConnectionSocketFactory - Starting handshake
02:36:28.576 [Test worker] DEBUG o.a.h.c.s.SSLConnectionSocketFactory - Secure session established
02:36:28.576 [Test worker] DEBUG o.a.h.c.s.SSLConnectionSocketFactory -  negotiated protocol: TLSv1
02:36:28.576 [Test worker] DEBUG o.a.h.c.s.SSLConnectionSocketFactory -  negotiated cipher suite: TLS_ECDHE_RSA_WITH_AES_128_CBC_SHA
02:36:28.576 [Test worker] DEBUG o.a.h.c.s.SSLConnectionSocketFactory -  peer principal: CN=Thesis
02:36:28.576 [Test worker] DEBUG o.a.h.c.s.SSLConnectionSocketFactory -  issuer principal: EMAILADDRESS=sha@yamil.com, CN=Thesis, OU=Open, O=Fra, L=BER, ST=BER, C=DE
02:36:28.576 [Test worker] DEBUG o.a.h.i.c.DefaultHttpClientConnectionOperator - Connection established 127.0.0.1:41492<->127.0.1.1:2376
02:36:28.577 [Test worker] DEBUG o.a.h.impl.execchain.MainClientExec - Executing request GET /images/json?all=true HTTP/1.1
02:36:28.577 [Test worker] DEBUG o.a.h.impl.execchain.MainClientExec - Target auth state: UNCHALLENGED
02:36:28.577 [Test worker] DEBUG o.a.h.impl.execchain.MainClientExec - Proxy auth state: UNCHALLENGED
02:36:28.577 [Test worker] DEBUG org.apache.http.headers - http-outgoing-96 >> GET /images/json?all=true HTTP/1.1
02:36:28.577 [Test worker] DEBUG org.apache.http.headers - http-outgoing-96 >> Accept: application/json
02:36:28.577 [Test worker] DEBUG org.apache.http.headers - http-outgoing-96 >> User-Agent: Jersey/2.23.1 (Apache HttpClient 4.5.1)
02:36:28.577 [Test worker] DEBUG org.apache.http.headers - http-outgoing-96 >> Host: Thesis:2376
02:36:28.578 [Test worker] DEBUG org.apache.http.headers - http-outgoing-96 >> Connection: Keep-Alive
02:36:28.578 [Test worker] DEBUG org.apache.http.headers - http-outgoing-96 >> Accept-Encoding: gzip,deflate
02:36:28.578 [Test worker] DEBUG org.apache.http.wire - http-outgoing-96 >> "GET /images/json?all=true HTTP/1.1[\r][\n]"
02:36:28.578 [Test worker] DEBUG org.apache.http.wire - http-outgoing-96 >> "Accept: application/json[\r][\n]"
02:36:28.583 [Test worker] DEBUG org.apache.http.wire - http-outgoing-96 >> "User-Agent: Jersey/2.23.1 (Apache HttpClient 4.5.1)[\r][\n]"
02:36:28.583 [Test worker] DEBUG org.apache.http.wire - http-outgoing-96 >> "Host: Thesis:2376[\r][\n]"
02:36:28.583 [Test worker] DEBUG org.apache.http.wire - http-outgoing-96 >> "Connection: Keep-Alive[\r][\n]"
02:36:28.583 [Test worker] DEBUG org.apache.http.wire - http-outgoing-96 >> "Accept-Encoding: gzip,deflate[\r][\n]"
02:36:28.584 [Test worker] DEBUG org.apache.http.wire - http-outgoing-96 >> "[\r][\n]"
02:36:28.585 [Test worker] DEBUG org.apache.http.wire - http-outgoing-96 << "H"
02:36:28.585 [Test worker] DEBUG org.apache.http.wire - http-outgoing-96 << "TTP/1.1 200 OK[\r][\n]"
02:36:28.585 [Test worker] DEBUG org.apache.http.wire - http-outgoing-96 << "Content-Type: application/json[\r][\n]"
02:36:28.585 [Test worker] DEBUG org.apache.http.wire - http-outgoing-96 << "Server: Docker/1.12.3 (linux)[\r][\n]"
02:36:28.585 [Test worker] DEBUG org.apache.http.wire - http-outgoing-96 << "Date: Tue, 03 Jan 2017 01:36:28 GMT[\r][\n]"
02:36:28.585 [Test worker] DEBUG org.apache.http.wire - http-outgoing-96 << "Content-Length: 1195[\r][\n]"
02:36:28.585 [Test worker] DEBUG org.apache.http.wire - http-outgoing-96 << "[\r][\n]"
02:36:28.586 [Test worker] DEBUG org.apache.http.wire - http-outgoing-96 << "[{"Id":"sha256:4ca3a192ff2a5b7e225e81dc006b6379c10776ed3619757a65608cb72de0a7f6","ParentId":"","RepoTags":["ubuntu:latest"],"RepoDigests":["ubuntu@sha256:3b64c309deae7ab0f7dbdd42b6b326261ccd6261da5d88396439353162703fb5"],"Created":1480449877,"Size":128206574,"VirtualSize":128206574,"Labels":{}},{"Id":"sha256:aae2b63c49461fcae4962e4a8043f66acf8e3af7e62f5ebceb70b181d8ca01e0","ParentId":"","RepoTags":["ubuntu:14.04"],"RepoDigests":["ubuntu@sha256:edb984703bd3e8981ff541a5b9297ca1b81fde6e6e8094d86e390a38ebc30b4d"],"Created":1480449856,"Size":187952254,"VirtualSize":187952254,"Labels":{}},{"Id":"sha256:e02e811dd08fd49e7f6032625495118e63f597eb150403d02e3238af1df240ba","ParentId":"","RepoTags":["busybox:latest"],"RepoDigests":["busybox@sha256:29f5d56d12684887bdfa50dcd29fc31eea4aaf4ad3bec43daf19026a7ce69912"],"Created":1475874238,"Size":1093484,"VirtualSize":1093484,"Labels":{}},{"Id":"sha256:d654de4499473ed41349b54a988b6f46a7fc92e3fa2d61e102bf2660a0116e25","ParentId":"","RepoTags":["sakib37/iperf3:latest"],"RepoDigests":["sakib37/iperf3@sha256:8d80a810f8f508c074b14d02555f20110eac382c8dbda7252075392983629d40"],"Created":1474907599,"Size":199456654,"VirtualSize":199456654,"Labels":{}}][\n]"
02:36:28.586 [Test worker] DEBUG org.apache.http.headers - http-outgoing-96 << HTTP/1.1 200 OK
02:36:28.586 [Test worker] DEBUG org.apache.http.headers - http-outgoing-96 << Content-Type: application/json
02:36:28.586 [Test worker] DEBUG org.apache.http.headers - http-outgoing-96 << Server: Docker/1.12.3 (linux)
02:36:28.586 [Test worker] DEBUG org.apache.http.headers - http-outgoing-96 << Date: Tue, 03 Jan 2017 01:36:28 GMT
02:36:28.587 [Test worker] DEBUG org.apache.http.headers - http-outgoing-96 << Content-Length: 1195
02:36:28.587 [Test worker] DEBUG o.a.h.impl.execchain.MainClientExec - Connection can be kept alive indefinitely
02:36:28.593 [Test worker] DEBUG c.g.d.j.JerseyDockerCmdExecFactory - 26 * Client response received on thread Test worker
26 < 200
26 < Content-Length: 1195
26 < Content-Type: application/json
26 < Date: Tue, 03 Jan 2017 01:36:28 GMT
26 < Server: Docker/1.12.3 (linux)
[{"Id":"sha256:4ca3a192ff2a5b7e225e81dc006b6379c10776ed3619757a65608cb72de0a7f6","ParentId":"","RepoTags":["ubuntu:latest"],"RepoDigests":["ubuntu@sha256:3b64c309deae7ab0f7dbdd42b6b326261ccd6261da5d88396439353162703fb5"],"Created":1480449877,"Size":128206574,"VirtualSize":128206574,"Labels":{}},{"Id":"sha256:aae2b63c49461fcae4962e4a8043f66acf8e3af7e62f5ebceb70b181d8ca01e0","ParentId":"","RepoTags":["ubuntu:14.04"],"RepoDigests":["ubuntu@sha256:edb984703bd3e8981ff541a5b9297ca1b81fde6e6e8094d86e390a38ebc30b4d"],"Created":1480449856,"Size":187952254,"VirtualSize":187952254,"Labels":{}},{"Id":"sha256:e02e811dd08fd49e7f6032625495118e63f597eb150403d02e3238af1df240ba","ParentId":"","RepoTags":["busybox:latest"],"RepoDigests":["busybox@sha256:29f5d56d12684887bdfa50dcd29fc31eea4aaf4ad3bec43daf19026a7ce69912"],"Created":1475874238,"Size":1093484,"VirtualSize":1093484,"Labels":{}},{"Id":"sha256:d654de4499473ed41349b54a988b6f46a7fc92e3fa2d61e102bf2660a0116e25","ParentId":"","RepoTags":["sakib37/iperf3:latest"],"RepoDigests":["sakib37/iperf3@sha256:8d80a810f8f508c074b14d02555f20110eac382c8dbda7252075392983629d40"],"Created":1474907599,"Size":199456654,"VirtualSize":199456654,"Labels":{}}]


02:36:28.595 [Test worker] DEBUG o.a.h.i.c.DefaultManagedHttpClientConnection - http-outgoing-96: Close connection
02:36:28.595 [Test worker] DEBUG o.a.h.impl.execchain.MainClientExec - Connection discarded
02:36:28.596 [Test worker] DEBUG c.g.d.j.JerseyDockerCmdExecFactory$1 - Connection released: [id: 96][route: {s}->https://Thesis:2376][total kept alive: 0; route allocated: 1 of 2; total allocated: 1 of 20]
02:36:28.596 [Test worker] DEBUG org.openbaton.docker.DockerVim - Found a docker image, transformed into a NFV Image Image{id='sha256:aae2b63c49461fcae4962e4a8043f66acf8e3af7e62f5ebceb70b181d8ca01e0', name='ubuntu:14.04', version=0, extId='null', minRam='0', minDiskSpace='0', minCPU='null', public='true', diskFormat='null', containerFormat='docker', created='Sun Jan 18 04:14:09 CET 1970', updated='null'}
02:36:28.596 [Test worker] DEBUG c.g.d.core.command.AbstrDockerCmd - Cmd: 306948e87ecd9003ec294f7879620f142634cce700068e0f49c3e5b508847079,<null>,true,com.github.dockerjava.jaxrs.RemoveContainerCmdExec@10f03827
02:36:28.596 [Test worker] DEBUG c.g.d.j.JerseyDockerCmdExecFactory - 27 * Sending client request on thread Test worker
27 > DELETE https://Thesis:2376/containers/306948e87ecd9003ec294f7879620f142634cce700068e0f49c3e5b508847079?force=true
27 > Accept: application/json

02:36:28.597 [Test worker] DEBUG o.a.h.c.protocol.RequestAddCookies - CookieSpec selected: default
02:36:28.597 [Test worker] DEBUG o.a.h.c.protocol.RequestAuthCache - Auth cache not set in the context
02:36:28.597 [Test worker] DEBUG c.g.d.j.JerseyDockerCmdExecFactory$1 - Connection request: [route: {s}->https://Thesis:2376][total kept alive: 0; route allocated: 1 of 2; total allocated: 1 of 20]
02:36:28.598 [Test worker] DEBUG c.g.d.j.JerseyDockerCmdExecFactory$1 - Connection leased: [id: 97][route: {s}->https://Thesis:2376][total kept alive: 0; route allocated: 2 of 2; total allocated: 2 of 20]
02:36:28.598 [Test worker] DEBUG o.a.h.impl.execchain.MainClientExec - Opening connection {s}->https://Thesis:2376
02:36:28.598 [Test worker] DEBUG o.a.h.i.c.DefaultHttpClientConnectionOperator - Connecting to Thesis/127.0.1.1:2376
02:36:28.598 [Test worker] DEBUG o.a.h.c.s.SSLConnectionSocketFactory - Connecting socket to Thesis/127.0.1.1:2376 with timeout 0
02:36:28.599 [Test worker] DEBUG o.a.h.c.s.SSLConnectionSocketFactory - Enabled protocols: [TLSv1]
02:36:28.600 [Test worker] DEBUG o.a.h.c.s.SSLConnectionSocketFactory - Enabled cipher suites:[TLS_ECDHE_ECDSA_WITH_AES_128_CBC_SHA, TLS_ECDHE_RSA_WITH_AES_128_CBC_SHA, TLS_RSA_WITH_AES_128_CBC_SHA, TLS_ECDH_ECDSA_WITH_AES_128_CBC_SHA, TLS_ECDH_RSA_WITH_AES_128_CBC_SHA, TLS_DHE_RSA_WITH_AES_128_CBC_SHA, TLS_DHE_DSS_WITH_AES_128_CBC_SHA, TLS_ECDHE_ECDSA_WITH_3DES_EDE_CBC_SHA, TLS_ECDHE_RSA_WITH_3DES_EDE_CBC_SHA, SSL_RSA_WITH_3DES_EDE_CBC_SHA, TLS_ECDH_ECDSA_WITH_3DES_EDE_CBC_SHA, TLS_ECDH_RSA_WITH_3DES_EDE_CBC_SHA, SSL_DHE_RSA_WITH_3DES_EDE_CBC_SHA, SSL_DHE_DSS_WITH_3DES_EDE_CBC_SHA, TLS_ECDHE_ECDSA_WITH_RC4_128_SHA, TLS_ECDHE_RSA_WITH_RC4_128_SHA, SSL_RSA_WITH_RC4_128_SHA, TLS_ECDH_ECDSA_WITH_RC4_128_SHA, TLS_ECDH_RSA_WITH_RC4_128_SHA, SSL_RSA_WITH_RC4_128_MD5, TLS_EMPTY_RENEGOTIATION_INFO_SCSV]
02:36:28.600 [Test worker] DEBUG o.a.h.c.s.SSLConnectionSocketFactory - Starting handshake
02:36:28.702 [Test worker] DEBUG o.a.h.c.s.SSLConnectionSocketFactory - Secure session established
02:36:28.702 [Test worker] DEBUG o.a.h.c.s.SSLConnectionSocketFactory -  negotiated protocol: TLSv1
02:36:28.703 [Test worker] DEBUG o.a.h.c.s.SSLConnectionSocketFactory -  negotiated cipher suite: TLS_ECDHE_RSA_WITH_AES_128_CBC_SHA
02:36:28.703 [Test worker] DEBUG o.a.h.c.s.SSLConnectionSocketFactory -  peer principal: CN=Thesis
02:36:28.704 [Test worker] DEBUG o.a.h.c.s.SSLConnectionSocketFactory -  issuer principal: EMAILADDRESS=sha@yamil.com, CN=Thesis, OU=Open, O=Fra, L=BER, ST=BER, C=DE
02:36:28.705 [Test worker] DEBUG o.a.h.i.c.DefaultHttpClientConnectionOperator - Connection established 127.0.0.1:41494<->127.0.1.1:2376
02:36:28.705 [Test worker] DEBUG o.a.h.impl.execchain.MainClientExec - Executing request DELETE /containers/306948e87ecd9003ec294f7879620f142634cce700068e0f49c3e5b508847079?force=true HTTP/1.1
02:36:28.706 [Test worker] DEBUG o.a.h.impl.execchain.MainClientExec - Target auth state: UNCHALLENGED
02:36:28.706 [Test worker] DEBUG o.a.h.impl.execchain.MainClientExec - Proxy auth state: UNCHALLENGED
02:36:28.706 [Test worker] DEBUG org.apache.http.headers - http-outgoing-97 >> DELETE /containers/306948e87ecd9003ec294f7879620f142634cce700068e0f49c3e5b508847079?force=true HTTP/1.1
02:36:28.706 [Test worker] DEBUG org.apache.http.headers - http-outgoing-97 >> Accept: application/json
02:36:28.706 [Test worker] DEBUG org.apache.http.headers - http-outgoing-97 >> User-Agent: Jersey/2.23.1 (Apache HttpClient 4.5.1)
02:36:28.706 [Test worker] DEBUG org.apache.http.headers - http-outgoing-97 >> Host: Thesis:2376
02:36:28.706 [Test worker] DEBUG org.apache.http.headers - http-outgoing-97 >> Connection: Keep-Alive
02:36:28.706 [Test worker] DEBUG org.apache.http.headers - http-outgoing-97 >> Accept-Encoding: gzip,deflate
02:36:28.713 [Test worker] DEBUG org.apache.http.wire - http-outgoing-97 >> "DELETE /containers/306948e87ecd9003ec294f7879620f142634cce700068e0f49c3e5b508847079?force=true HTTP/1.1[\r][\n]"
02:36:28.713 [Test worker] DEBUG org.apache.http.wire - http-outgoing-97 >> "Accept: application/json[\r][\n]"
02:36:28.713 [Test worker] DEBUG org.apache.http.wire - http-outgoing-97 >> "User-Agent: Jersey/2.23.1 (Apache HttpClient 4.5.1)[\r][\n]"
02:36:28.713 [Test worker] DEBUG org.apache.http.wire - http-outgoing-97 >> "Host: Thesis:2376[\r][\n]"
02:36:28.713 [Test worker] DEBUG org.apache.http.wire - http-outgoing-97 >> "Connection: Keep-Alive[\r][\n]"
02:36:28.713 [Test worker] DEBUG org.apache.http.wire - http-outgoing-97 >> "Accept-Encoding: gzip,deflate[\r][\n]"
02:36:28.713 [Test worker] DEBUG org.apache.http.wire - http-outgoing-97 >> "[\r][\n]"
02:36:28.852 [Test worker] DEBUG org.apache.http.wire - http-outgoing-97 << "H"
02:36:28.856 [Test worker] DEBUG org.apache.http.wire - http-outgoing-97 << "TTP/1.1 204 No Content[\r][\n]"
02:36:28.856 [Test worker] DEBUG org.apache.http.wire - http-outgoing-97 << "Server: Docker/1.12.3 (linux)[\r][\n]"
02:36:28.856 [Test worker] DEBUG org.apache.http.wire - http-outgoing-97 << "Date: Tue, 03 Jan 2017 01:36:28 GMT[\r][\n]"
02:36:28.856 [Test worker] DEBUG org.apache.http.wire - http-outgoing-97 << "[\r][\n]"
02:36:28.856 [Test worker] DEBUG org.apache.http.headers - http-outgoing-97 << HTTP/1.1 204 No Content
02:36:28.856 [Test worker] DEBUG org.apache.http.headers - http-outgoing-97 << Server: Docker/1.12.3 (linux)
02:36:28.856 [Test worker] DEBUG org.apache.http.headers - http-outgoing-97 << Date: Tue, 03 Jan 2017 01:36:28 GMT
02:36:28.856 [Test worker] DEBUG o.a.h.impl.execchain.MainClientExec - Connection can be kept alive indefinitely
02:36:28.856 [Test worker] DEBUG c.g.d.j.JerseyDockerCmdExecFactory$1 - Connection [id: 97][route: {s}->https://Thesis:2376][state: CN=Thesis] can be kept alive indefinitely
02:36:28.856 [Test worker] DEBUG c.g.d.j.JerseyDockerCmdExecFactory$1 - Connection released: [id: 97][route: {s}->https://Thesis:2376][state: CN=Thesis][total kept alive: 1; route allocated: 2 of 2; total allocated: 2 of 20]
02:36:28.856 [Test worker] DEBUG c.g.d.j.JerseyDockerCmdExecFactory - 28 * Client response received on thread Test worker
28 < 204
28 < Date: Tue, 03 Jan 2017 01:36:28 GMT
28 < Server: Docker/1.12.3 (linux)

02:36:28.857 [Test worker] DEBUG org.openbaton.docker.DockerVim - Server deleted successfully
02:36:28.857 [Test worker] DEBUG c.g.d.core.command.AbstrDockerCmd - Cmd: com.github.dockerjava.core.util.FiltersBuilder@0,com.github.dockerjava.jaxrs.ListNetworksCmdExec@41b21326
02:36:28.857 [Test worker] DEBUG c.g.d.j.JerseyDockerCmdExecFactory - 29 * Sending client request on thread Test worker
29 > GET https://Thesis:2376/networks
29 > Accept: application/json

02:36:28.857 [Test worker] DEBUG o.a.h.c.protocol.RequestAddCookies - CookieSpec selected: default
02:36:28.857 [Test worker] DEBUG o.a.h.c.protocol.RequestAuthCache - Auth cache not set in the context
02:36:28.857 [Test worker] DEBUG c.g.d.j.JerseyDockerCmdExecFactory$1 - Connection request: [route: {s}->https://Thesis:2376][total kept alive: 1; route allocated: 2 of 2; total allocated: 2 of 20]
02:36:28.858 [Test worker] DEBUG o.a.h.i.c.DefaultManagedHttpClientConnection - http-outgoing-97: Close connection
02:36:28.862 [Test worker] DEBUG c.g.d.j.JerseyDockerCmdExecFactory$1 - Connection leased: [id: 98][route: {s}->https://Thesis:2376][total kept alive: 0; route allocated: 2 of 2; total allocated: 2 of 20]
02:36:28.863 [Test worker] DEBUG o.a.h.impl.execchain.MainClientExec - Opening connection {s}->https://Thesis:2376
02:36:28.864 [Test worker] DEBUG o.a.h.i.c.DefaultHttpClientConnectionOperator - Connecting to Thesis/127.0.1.1:2376
02:36:28.864 [Test worker] DEBUG o.a.h.c.s.SSLConnectionSocketFactory - Connecting socket to Thesis/127.0.1.1:2376 with timeout 0
02:36:28.865 [Test worker] DEBUG o.a.h.c.s.SSLConnectionSocketFactory - Enabled protocols: [TLSv1]
02:36:28.865 [Test worker] DEBUG o.a.h.c.s.SSLConnectionSocketFactory - Enabled cipher suites:[TLS_ECDHE_ECDSA_WITH_AES_128_CBC_SHA, TLS_ECDHE_RSA_WITH_AES_128_CBC_SHA, TLS_RSA_WITH_AES_128_CBC_SHA, TLS_ECDH_ECDSA_WITH_AES_128_CBC_SHA, TLS_ECDH_RSA_WITH_AES_128_CBC_SHA, TLS_DHE_RSA_WITH_AES_128_CBC_SHA, TLS_DHE_DSS_WITH_AES_128_CBC_SHA, TLS_ECDHE_ECDSA_WITH_3DES_EDE_CBC_SHA, TLS_ECDHE_RSA_WITH_3DES_EDE_CBC_SHA, SSL_RSA_WITH_3DES_EDE_CBC_SHA, TLS_ECDH_ECDSA_WITH_3DES_EDE_CBC_SHA, TLS_ECDH_RSA_WITH_3DES_EDE_CBC_SHA, SSL_DHE_RSA_WITH_3DES_EDE_CBC_SHA, SSL_DHE_DSS_WITH_3DES_EDE_CBC_SHA, TLS_ECDHE_ECDSA_WITH_RC4_128_SHA, TLS_ECDHE_RSA_WITH_RC4_128_SHA, SSL_RSA_WITH_RC4_128_SHA, TLS_ECDH_ECDSA_WITH_RC4_128_SHA, TLS_ECDH_RSA_WITH_RC4_128_SHA, SSL_RSA_WITH_RC4_128_MD5, TLS_EMPTY_RENEGOTIATION_INFO_SCSV]
02:36:28.865 [Test worker] DEBUG o.a.h.c.s.SSLConnectionSocketFactory - Starting handshake
02:36:28.936 [Test worker] DEBUG o.a.h.c.s.SSLConnectionSocketFactory - Secure session established
02:36:28.936 [Test worker] DEBUG o.a.h.c.s.SSLConnectionSocketFactory -  negotiated protocol: TLSv1
02:36:28.936 [Test worker] DEBUG o.a.h.c.s.SSLConnectionSocketFactory -  negotiated cipher suite: TLS_ECDHE_RSA_WITH_AES_128_CBC_SHA
02:36:28.937 [Test worker] DEBUG o.a.h.c.s.SSLConnectionSocketFactory -  peer principal: CN=Thesis
02:36:28.937 [Test worker] DEBUG o.a.h.c.s.SSLConnectionSocketFactory -  issuer principal: EMAILADDRESS=sha@yamil.com, CN=Thesis, OU=Open, O=Fra, L=BER, ST=BER, C=DE
02:36:28.937 [Test worker] DEBUG o.a.h.i.c.DefaultHttpClientConnectionOperator - Connection established 127.0.0.1:41496<->127.0.1.1:2376
02:36:28.938 [Test worker] DEBUG o.a.h.impl.execchain.MainClientExec - Executing request GET /networks HTTP/1.1
02:36:28.938 [Test worker] DEBUG o.a.h.impl.execchain.MainClientExec - Target auth state: UNCHALLENGED
02:36:28.938 [Test worker] DEBUG o.a.h.impl.execchain.MainClientExec - Proxy auth state: UNCHALLENGED
02:36:28.938 [Test worker] DEBUG org.apache.http.headers - http-outgoing-98 >> GET /networks HTTP/1.1
02:36:28.938 [Test worker] DEBUG org.apache.http.headers - http-outgoing-98 >> Accept: application/json
02:36:28.938 [Test worker] DEBUG org.apache.http.headers - http-outgoing-98 >> User-Agent: Jersey/2.23.1 (Apache HttpClient 4.5.1)
02:36:28.939 [Test worker] DEBUG org.apache.http.headers - http-outgoing-98 >> Host: Thesis:2376
02:36:28.939 [Test worker] DEBUG org.apache.http.headers - http-outgoing-98 >> Connection: Keep-Alive
02:36:28.939 [Test worker] DEBUG org.apache.http.headers - http-outgoing-98 >> Accept-Encoding: gzip,deflate
02:36:28.939 [Test worker] DEBUG org.apache.http.wire - http-outgoing-98 >> "GET /networks HTTP/1.1[\r][\n]"
02:36:28.939 [Test worker] DEBUG org.apache.http.wire - http-outgoing-98 >> "Accept: application/json[\r][\n]"
02:36:28.939 [Test worker] DEBUG org.apache.http.wire - http-outgoing-98 >> "User-Agent: Jersey/2.23.1 (Apache HttpClient 4.5.1)[\r][\n]"
02:36:28.939 [Test worker] DEBUG org.apache.http.wire - http-outgoing-98 >> "Host: Thesis:2376[\r][\n]"
02:36:28.939 [Test worker] DEBUG org.apache.http.wire - http-outgoing-98 >> "Connection: Keep-Alive[\r][\n]"
02:36:28.940 [Test worker] DEBUG org.apache.http.wire - http-outgoing-98 >> "Accept-Encoding: gzip,deflate[\r][\n]"
02:36:28.940 [Test worker] DEBUG org.apache.http.wire - http-outgoing-98 >> "[\r][\n]"
02:36:28.940 [Test worker] DEBUG org.apache.http.wire - http-outgoing-98 << "H"
02:36:28.940 [Test worker] DEBUG org.apache.http.wire - http-outgoing-98 << "TTP/1.1 200 OK[\r][\n]"
02:36:28.941 [Test worker] DEBUG org.apache.http.wire - http-outgoing-98 << "Content-Type: application/json[\r][\n]"
02:36:28.941 [Test worker] DEBUG org.apache.http.wire - http-outgoing-98 << "Server: Docker/1.12.3 (linux)[\r][\n]"
02:36:28.941 [Test worker] DEBUG org.apache.http.wire - http-outgoing-98 << "Date: Tue, 03 Jan 2017 01:36:28 GMT[\r][\n]"
02:36:28.941 [Test worker] DEBUG org.apache.http.wire - http-outgoing-98 << "Content-Length: 1100[\r][\n]"
02:36:28.941 [Test worker] DEBUG org.apache.http.wire - http-outgoing-98 << "[\r][\n]"
02:36:28.941 [Test worker] DEBUG org.apache.http.wire - http-outgoing-98 << "[{"Name":"none","Id":"4d89c194eb79cd2beb38458d10a1b98c74d6b8462af72afde29ae7aca53ed5ca","Scope":"local","Driver":"null","EnableIPv6":false,"IPAM":{"Driver":"default","Options":null,"Config":[]},"Internal":false,"Containers":{},"Options":{},"Labels":{}},{"Name":"bridge","Id":"e0d36057aa1769e9fd52ba88be81b698b495f9b6b4946d0f98f24d971a27fc98","Scope":"local","Driver":"bridge","EnableIPv6":false,"IPAM":{"Driver":"default","Options":null,"Config":[{"Subnet":"172.17.0.0/16","Gateway":"172.17.0.1"}]},"Internal":false,"Containers":{},"Options":{"com.docker.network.bridge.default_bridge":"true","com.docker.network.bridge.enable_icc":"true","com.docker.network.bridge.enable_ip_masquerade":"true","com.docker.network.bridge.host_binding_ipv4":"0.0.0.0","com.docker.network.bridge.name":"docker0","com.docker.network.driver.mtu":"1500"},"Labels":{}},{"Name":"host","Id":"fe042b0866671b5be4f097ba43830c0a02959c058702d18e18c14a24d88a357d","Scope":"local","Driver":"host","EnableIPv6":false,"IPAM":{"Driver":"default","Options":null,"Config":[]},"Internal":false,"Containers":{},"Options":{},"Labels":{}}][\n]"
02:36:28.941 [Test worker] DEBUG org.apache.http.headers - http-outgoing-98 << HTTP/1.1 200 OK
02:36:28.941 [Test worker] DEBUG org.apache.http.headers - http-outgoing-98 << Content-Type: application/json
02:36:28.942 [Test worker] DEBUG org.apache.http.headers - http-outgoing-98 << Server: Docker/1.12.3 (linux)
02:36:28.942 [Test worker] DEBUG org.apache.http.headers - http-outgoing-98 << Date: Tue, 03 Jan 2017 01:36:28 GMT
02:36:28.942 [Test worker] DEBUG org.apache.http.headers - http-outgoing-98 << Content-Length: 1100
02:36:28.942 [Test worker] DEBUG o.a.h.impl.execchain.MainClientExec - Connection can be kept alive indefinitely
02:36:28.942 [Test worker] DEBUG c.g.d.j.JerseyDockerCmdExecFactory - 30 * Client response received on thread Test worker
30 < 200
30 < Content-Length: 1100
30 < Content-Type: application/json
30 < Date: Tue, 03 Jan 2017 01:36:28 GMT
30 < Server: Docker/1.12.3 (linux)
[{"Name":"none","Id":"4d89c194eb79cd2beb38458d10a1b98c74d6b8462af72afde29ae7aca53ed5ca","Scope":"local","Driver":"null","EnableIPv6":false,"IPAM":{"Driver":"default","Options":null,"Config":[]},"Internal":false,"Containers":{},"Options":{},"Labels":{}},{"Name":"bridge","Id":"e0d36057aa1769e9fd52ba88be81b698b495f9b6b4946d0f98f24d971a27fc98","Scope":"local","Driver":"bridge","EnableIPv6":false,"IPAM":{"Driver":"default","Options":null,"Config":[{"Subnet":"172.17.0.0/16","Gateway":"172.17.0.1"}]},"Internal":false,"Containers":{},"Options":{"com.docker.network.bridge.default_bridge":"true","com.docker.network.bridge.enable_icc":"true","com.docker.network.bridge.enable_ip_masquerade":"true","com.docker.network.bridge.host_binding_ipv4":"0.0.0.0","com.docker.network.bridge.name":"docker0","com.docker.network.driver.mtu":"1500"},"Labels":{}},{"Name":"host","Id":"fe042b0866671b5be4f097ba43830c0a02959c058702d18e18c14a24d88a357d","Scope":"local","Driver":"host","EnableIPv6":false,"IPAM":{"Driver":"default","Options":null,"Config":[]},"Internal":false,"Containers":{},"Options":{},"Labels":{}}]


02:36:28.944 [Test worker] DEBUG o.a.h.i.c.DefaultManagedHttpClientConnection - http-outgoing-98: Close connection
02:36:28.944 [Test worker] DEBUG o.a.h.impl.execchain.MainClientExec - Connection discarded
02:36:28.944 [Test worker] DEBUG c.g.d.j.JerseyDockerCmdExecFactory$1 - Connection released: [id: 98][route: {s}->https://Thesis:2376][total kept alive: 0; route allocated: 1 of 2; total allocated: 1 of 20]
02:36:28.944 [Test worker] DEBUG c.g.d.core.command.AbstrDockerCmd - Cmd: com.github.dockerjava.core.util.FiltersBuilder@0,com.github.dockerjava.jaxrs.ListVolumesCmdExec@1b62d923
02:36:28.945 [Test worker] DEBUG c.g.d.j.JerseyDockerCmdExecFactory - 31 * Sending client request on thread Test worker
31 > GET https://Thesis:2376/volumes
31 > Accept: application/json

02:36:28.945 [Test worker] DEBUG o.a.h.c.protocol.RequestAddCookies - CookieSpec selected: default
02:36:28.945 [Test worker] DEBUG o.a.h.c.protocol.RequestAuthCache - Auth cache not set in the context
02:36:28.946 [Test worker] DEBUG c.g.d.j.JerseyDockerCmdExecFactory$1 - Connection request: [route: {s}->https://Thesis:2376][total kept alive: 0; route allocated: 1 of 2; total allocated: 1 of 20]
02:36:28.946 [Test worker] DEBUG c.g.d.j.JerseyDockerCmdExecFactory$1 - Connection leased: [id: 99][route: {s}->https://Thesis:2376][total kept alive: 0; route allocated: 2 of 2; total allocated: 2 of 20]
02:36:28.946 [Test worker] DEBUG o.a.h.impl.execchain.MainClientExec - Opening connection {s}->https://Thesis:2376
02:36:28.946 [Test worker] DEBUG o.a.h.i.c.DefaultHttpClientConnectionOperator - Connecting to Thesis/127.0.1.1:2376
02:36:28.946 [Test worker] DEBUG o.a.h.c.s.SSLConnectionSocketFactory - Connecting socket to Thesis/127.0.1.1:2376 with timeout 0
02:36:28.947 [Test worker] DEBUG o.a.h.c.s.SSLConnectionSocketFactory - Enabled protocols: [TLSv1]
02:36:28.947 [Test worker] DEBUG o.a.h.c.s.SSLConnectionSocketFactory - Enabled cipher suites:[TLS_ECDHE_ECDSA_WITH_AES_128_CBC_SHA, TLS_ECDHE_RSA_WITH_AES_128_CBC_SHA, TLS_RSA_WITH_AES_128_CBC_SHA, TLS_ECDH_ECDSA_WITH_AES_128_CBC_SHA, TLS_ECDH_RSA_WITH_AES_128_CBC_SHA, TLS_DHE_RSA_WITH_AES_128_CBC_SHA, TLS_DHE_DSS_WITH_AES_128_CBC_SHA, TLS_ECDHE_ECDSA_WITH_3DES_EDE_CBC_SHA, TLS_ECDHE_RSA_WITH_3DES_EDE_CBC_SHA, SSL_RSA_WITH_3DES_EDE_CBC_SHA, TLS_ECDH_ECDSA_WITH_3DES_EDE_CBC_SHA, TLS_ECDH_RSA_WITH_3DES_EDE_CBC_SHA, SSL_DHE_RSA_WITH_3DES_EDE_CBC_SHA, SSL_DHE_DSS_WITH_3DES_EDE_CBC_SHA, TLS_ECDHE_ECDSA_WITH_RC4_128_SHA, TLS_ECDHE_RSA_WITH_RC4_128_SHA, SSL_RSA_WITH_RC4_128_SHA, TLS_ECDH_ECDSA_WITH_RC4_128_SHA, TLS_ECDH_RSA_WITH_RC4_128_SHA, SSL_RSA_WITH_RC4_128_MD5, TLS_EMPTY_RENEGOTIATION_INFO_SCSV]
02:36:28.947 [Test worker] DEBUG o.a.h.c.s.SSLConnectionSocketFactory - Starting handshake
02:36:29.007 [Test worker] DEBUG o.a.h.c.s.SSLConnectionSocketFactory - Secure session established
02:36:29.008 [Test worker] DEBUG o.a.h.c.s.SSLConnectionSocketFactory -  negotiated protocol: TLSv1
02:36:29.008 [Test worker] DEBUG o.a.h.c.s.SSLConnectionSocketFactory -  negotiated cipher suite: TLS_ECDHE_RSA_WITH_AES_128_CBC_SHA
02:36:29.008 [Test worker] DEBUG o.a.h.c.s.SSLConnectionSocketFactory -  peer principal: CN=Thesis
02:36:29.008 [Test worker] DEBUG o.a.h.c.s.SSLConnectionSocketFactory -  issuer principal: EMAILADDRESS=sha@yamil.com, CN=Thesis, OU=Open, O=Fra, L=BER, ST=BER, C=DE
02:36:29.008 [Test worker] DEBUG o.a.h.i.c.DefaultHttpClientConnectionOperator - Connection established 127.0.0.1:41498<->127.0.1.1:2376
02:36:29.008 [Test worker] DEBUG o.a.h.impl.execchain.MainClientExec - Executing request GET /volumes HTTP/1.1
02:36:29.009 [Test worker] DEBUG o.a.h.impl.execchain.MainClientExec - Target auth state: UNCHALLENGED
02:36:29.009 [Test worker] DEBUG o.a.h.impl.execchain.MainClientExec - Proxy auth state: UNCHALLENGED
02:36:29.009 [Test worker] DEBUG org.apache.http.headers - http-outgoing-99 >> GET /volumes HTTP/1.1
02:36:29.009 [Test worker] DEBUG org.apache.http.headers - http-outgoing-99 >> Accept: application/json
02:36:29.009 [Test worker] DEBUG org.apache.http.headers - http-outgoing-99 >> User-Agent: Jersey/2.23.1 (Apache HttpClient 4.5.1)
02:36:29.009 [Test worker] DEBUG org.apache.http.headers - http-outgoing-99 >> Host: Thesis:2376
02:36:29.009 [Test worker] DEBUG org.apache.http.headers - http-outgoing-99 >> Connection: Keep-Alive
02:36:29.009 [Test worker] DEBUG org.apache.http.headers - http-outgoing-99 >> Accept-Encoding: gzip,deflate
02:36:29.009 [Test worker] DEBUG org.apache.http.wire - http-outgoing-99 >> "GET /volumes HTTP/1.1[\r][\n]"
02:36:29.010 [Test worker] DEBUG org.apache.http.wire - http-outgoing-99 >> "Accept: application/json[\r][\n]"
02:36:29.010 [Test worker] DEBUG org.apache.http.wire - http-outgoing-99 >> "User-Agent: Jersey/2.23.1 (Apache HttpClient 4.5.1)[\r][\n]"
02:36:29.010 [Test worker] DEBUG org.apache.http.wire - http-outgoing-99 >> "Host: Thesis:2376[\r][\n]"
02:36:29.010 [Test worker] DEBUG org.apache.http.wire - http-outgoing-99 >> "Connection: Keep-Alive[\r][\n]"
02:36:29.010 [Test worker] DEBUG org.apache.http.wire - http-outgoing-99 >> "Accept-Encoding: gzip,deflate[\r][\n]"
02:36:29.010 [Test worker] DEBUG org.apache.http.wire - http-outgoing-99 >> "[\r][\n]"
02:36:29.011 [Test worker] DEBUG org.apache.http.wire - http-outgoing-99 << "H"
02:36:29.011 [Test worker] DEBUG org.apache.http.wire - http-outgoing-99 << "TTP/1.1 200 OK[\r][\n]"
02:36:29.011 [Test worker] DEBUG org.apache.http.wire - http-outgoing-99 << "Content-Type: application/json[\r][\n]"
02:36:29.011 [Test worker] DEBUG org.apache.http.wire - http-outgoing-99 << "Server: Docker/1.12.3 (linux)[\r][\n]"
02:36:29.011 [Test worker] DEBUG org.apache.http.wire - http-outgoing-99 << "Date: Tue, 03 Jan 2017 01:36:29 GMT[\r][\n]"
02:36:29.011 [Test worker] DEBUG org.apache.http.wire - http-outgoing-99 << "Content-Length: 33[\r][\n]"
02:36:29.011 [Test worker] DEBUG org.apache.http.wire - http-outgoing-99 << "[\r][\n]"
02:36:29.011 [Test worker] DEBUG org.apache.http.wire - http-outgoing-99 << "{"Volumes":null,"Warnings":null}[\n]"
02:36:29.012 [Test worker] DEBUG org.apache.http.headers - http-outgoing-99 << HTTP/1.1 200 OK
02:36:29.012 [Test worker] DEBUG org.apache.http.headers - http-outgoing-99 << Content-Type: application/json
02:36:29.012 [Test worker] DEBUG org.apache.http.headers - http-outgoing-99 << Server: Docker/1.12.3 (linux)
02:36:29.012 [Test worker] DEBUG org.apache.http.headers - http-outgoing-99 << Date: Tue, 03 Jan 2017 01:36:29 GMT
02:36:29.012 [Test worker] DEBUG org.apache.http.headers - http-outgoing-99 << Content-Length: 33
02:36:29.012 [Test worker] DEBUG o.a.h.impl.execchain.MainClientExec - Connection can be kept alive indefinitely
02:36:29.013 [Test worker] DEBUG c.g.d.j.JerseyDockerCmdExecFactory - 32 * Client response received on thread Test worker
32 < 200
32 < Content-Length: 33
32 < Content-Type: application/json
32 < Date: Tue, 03 Jan 2017 01:36:29 GMT
32 < Server: Docker/1.12.3 (linux)
{"Volumes":null,"Warnings":null}


02:36:29.014 [Test worker] DEBUG o.a.h.i.c.DefaultManagedHttpClientConnection - http-outgoing-99: Close connection
02:36:29.014 [Test worker] DEBUG o.a.h.impl.execchain.MainClientExec - Connection discarded
02:36:29.014 [Test worker] DEBUG c.g.d.j.JerseyDockerCmdExecFactory$1 - Connection released: [id: 99][route: {s}->https://Thesis:2376][total kept alive: 0; route allocated: 1 of 2; total allocated: 1 of 20]
02:36:29.015 [Test worker] DEBUG org.openbaton.docker.DockerVim - Loading properties
02:36:29.015 [Test worker] DEBUG org.openbaton.docker.DockerVim - Loaded properties: {vim.instance.auth.url=tcp://Thesis:2376, docker.cert.path=/home/sakib/.docker, type=docker, tls.verify=true}
02:36:29.022 [Test worker] DEBUG c.g.d.core.command.AbstrDockerCmd - Cmd: -1,<null>,true,<null>,<null>,com.github.dockerjava.core.util.FiltersBuilder@0,com.github.dockerjava.jaxrs.ListContainersCmdExec@369c1699
02:36:29.081 [Test worker] DEBUG c.g.d.j.JerseyDockerCmdExecFactory - 1 * Sending client request on thread Test worker
1 > GET https://Thesis:2376/containers/json?all=true
1 > Accept: application/json

02:36:29.082 [Test worker] DEBUG o.a.h.c.protocol.RequestAddCookies - CookieSpec selected: default
02:36:29.082 [Test worker] DEBUG o.a.h.c.protocol.RequestAuthCache - Auth cache not set in the context
02:36:29.082 [Test worker] DEBUG c.g.d.j.JerseyDockerCmdExecFactory$1 - Connection request: [route: {s}->https://Thesis:2376][total kept alive: 0; route allocated: 0 of 2; total allocated: 0 of 20]
02:36:29.082 [Test worker] DEBUG c.g.d.j.JerseyDockerCmdExecFactory$1 - Connection leased: [id: 100][route: {s}->https://Thesis:2376][total kept alive: 0; route allocated: 1 of 2; total allocated: 1 of 20]
02:36:29.082 [Test worker] DEBUG o.a.h.impl.execchain.MainClientExec - Opening connection {s}->https://Thesis:2376
02:36:29.083 [Test worker] DEBUG o.a.h.i.c.DefaultHttpClientConnectionOperator - Connecting to Thesis/127.0.1.1:2376
02:36:29.083 [Test worker] DEBUG o.a.h.c.s.SSLConnectionSocketFactory - Connecting socket to Thesis/127.0.1.1:2376 with timeout 0
02:36:29.084 [Test worker] DEBUG o.a.h.c.s.SSLConnectionSocketFactory - Enabled protocols: [TLSv1]
02:36:29.084 [Test worker] DEBUG o.a.h.c.s.SSLConnectionSocketFactory - Enabled cipher suites:[TLS_ECDHE_ECDSA_WITH_AES_128_CBC_SHA, TLS_ECDHE_RSA_WITH_AES_128_CBC_SHA, TLS_RSA_WITH_AES_128_CBC_SHA, TLS_ECDH_ECDSA_WITH_AES_128_CBC_SHA, TLS_ECDH_RSA_WITH_AES_128_CBC_SHA, TLS_DHE_RSA_WITH_AES_128_CBC_SHA, TLS_DHE_DSS_WITH_AES_128_CBC_SHA, TLS_ECDHE_ECDSA_WITH_3DES_EDE_CBC_SHA, TLS_ECDHE_RSA_WITH_3DES_EDE_CBC_SHA, SSL_RSA_WITH_3DES_EDE_CBC_SHA, TLS_ECDH_ECDSA_WITH_3DES_EDE_CBC_SHA, TLS_ECDH_RSA_WITH_3DES_EDE_CBC_SHA, SSL_DHE_RSA_WITH_3DES_EDE_CBC_SHA, SSL_DHE_DSS_WITH_3DES_EDE_CBC_SHA, TLS_ECDHE_ECDSA_WITH_RC4_128_SHA, TLS_ECDHE_RSA_WITH_RC4_128_SHA, SSL_RSA_WITH_RC4_128_SHA, TLS_ECDH_ECDSA_WITH_RC4_128_SHA, TLS_ECDH_RSA_WITH_RC4_128_SHA, SSL_RSA_WITH_RC4_128_MD5, TLS_EMPTY_RENEGOTIATION_INFO_SCSV]
02:36:29.084 [Test worker] DEBUG o.a.h.c.s.SSLConnectionSocketFactory - Starting handshake
02:36:29.175 [Test worker] DEBUG o.a.h.c.s.SSLConnectionSocketFactory - Secure session established
02:36:29.175 [Test worker] DEBUG o.a.h.c.s.SSLConnectionSocketFactory -  negotiated protocol: TLSv1
02:36:29.175 [Test worker] DEBUG o.a.h.c.s.SSLConnectionSocketFactory -  negotiated cipher suite: TLS_ECDHE_RSA_WITH_AES_128_CBC_SHA
02:36:29.175 [Test worker] DEBUG o.a.h.c.s.SSLConnectionSocketFactory -  peer principal: CN=Thesis
02:36:29.175 [Test worker] DEBUG o.a.h.c.s.SSLConnectionSocketFactory -  issuer principal: EMAILADDRESS=sha@yamil.com, CN=Thesis, OU=Open, O=Fra, L=BER, ST=BER, C=DE
02:36:29.175 [Test worker] DEBUG o.a.h.i.c.DefaultHttpClientConnectionOperator - Connection established 127.0.0.1:41500<->127.0.1.1:2376
02:36:29.176 [Test worker] DEBUG o.a.h.impl.execchain.MainClientExec - Executing request GET /containers/json?all=true HTTP/1.1
02:36:29.176 [Test worker] DEBUG o.a.h.impl.execchain.MainClientExec - Target auth state: UNCHALLENGED
02:36:29.176 [Test worker] DEBUG o.a.h.impl.execchain.MainClientExec - Proxy auth state: UNCHALLENGED
02:36:29.176 [Test worker] DEBUG org.apache.http.headers - http-outgoing-100 >> GET /containers/json?all=true HTTP/1.1
02:36:29.176 [Test worker] DEBUG org.apache.http.headers - http-outgoing-100 >> Accept: application/json
02:36:29.176 [Test worker] DEBUG org.apache.http.headers - http-outgoing-100 >> User-Agent: Jersey/2.23.1 (Apache HttpClient 4.5.1)
02:36:29.176 [Test worker] DEBUG org.apache.http.headers - http-outgoing-100 >> Host: Thesis:2376
02:36:29.176 [Test worker] DEBUG org.apache.http.headers - http-outgoing-100 >> Connection: Keep-Alive
02:36:29.177 [Test worker] DEBUG org.apache.http.headers - http-outgoing-100 >> Accept-Encoding: gzip,deflate
02:36:29.177 [Test worker] DEBUG org.apache.http.wire - http-outgoing-100 >> "GET /containers/json?all=true HTTP/1.1[\r][\n]"
02:36:29.177 [Test worker] DEBUG org.apache.http.wire - http-outgoing-100 >> "Accept: application/json[\r][\n]"
02:36:29.177 [Test worker] DEBUG org.apache.http.wire - http-outgoing-100 >> "User-Agent: Jersey/2.23.1 (Apache HttpClient 4.5.1)[\r][\n]"
02:36:29.177 [Test worker] DEBUG org.apache.http.wire - http-outgoing-100 >> "Host: Thesis:2376[\r][\n]"
02:36:29.177 [Test worker] DEBUG org.apache.http.wire - http-outgoing-100 >> "Connection: Keep-Alive[\r][\n]"
02:36:29.177 [Test worker] DEBUG org.apache.http.wire - http-outgoing-100 >> "Accept-Encoding: gzip,deflate[\r][\n]"
02:36:29.177 [Test worker] DEBUG org.apache.http.wire - http-outgoing-100 >> "[\r][\n]"
02:36:29.178 [Test worker] DEBUG org.apache.http.wire - http-outgoing-100 << "H"
02:36:29.178 [Test worker] DEBUG org.apache.http.wire - http-outgoing-100 << "TTP/1.1 200 OK[\r][\n]"
02:36:29.178 [Test worker] DEBUG org.apache.http.wire - http-outgoing-100 << "Content-Type: application/json[\r][\n]"
02:36:29.178 [Test worker] DEBUG org.apache.http.wire - http-outgoing-100 << "Server: Docker/1.12.3 (linux)[\r][\n]"
02:36:29.178 [Test worker] DEBUG org.apache.http.wire - http-outgoing-100 << "Date: Tue, 03 Jan 2017 01:36:29 GMT[\r][\n]"
02:36:29.178 [Test worker] DEBUG org.apache.http.wire - http-outgoing-100 << "Content-Length: 3[\r][\n]"
02:36:29.178 [Test worker] DEBUG org.apache.http.wire - http-outgoing-100 << "[\r][\n]"
02:36:29.178 [Test worker] DEBUG org.apache.http.wire - http-outgoing-100 << "[][\n]"
02:36:29.179 [Test worker] DEBUG org.apache.http.headers - http-outgoing-100 << HTTP/1.1 200 OK
02:36:29.179 [Test worker] DEBUG org.apache.http.headers - http-outgoing-100 << Content-Type: application/json
02:36:29.179 [Test worker] DEBUG org.apache.http.headers - http-outgoing-100 << Server: Docker/1.12.3 (linux)
02:36:29.179 [Test worker] DEBUG org.apache.http.headers - http-outgoing-100 << Date: Tue, 03 Jan 2017 01:36:29 GMT
02:36:29.179 [Test worker] DEBUG org.apache.http.headers - http-outgoing-100 << Content-Length: 3
02:36:29.179 [Test worker] DEBUG o.a.h.impl.execchain.MainClientExec - Connection can be kept alive indefinitely
02:36:29.180 [Test worker] DEBUG c.g.d.j.JerseyDockerCmdExecFactory - 2 * Client response received on thread Test worker
2 < 200
2 < Content-Length: 3
2 < Content-Type: application/json
2 < Date: Tue, 03 Jan 2017 01:36:29 GMT
2 < Server: Docker/1.12.3 (linux)
[]


02:36:29.181 [Test worker] DEBUG c.g.d.j.JerseyDockerCmdExecFactory$1 - Connection [id: 100][route: {s}->https://Thesis:2376][state: CN=Thesis] can be kept alive indefinitely
02:36:29.181 [Test worker] DEBUG c.g.d.j.JerseyDockerCmdExecFactory$1 - Connection released: [id: 100][route: {s}->https://Thesis:2376][state: CN=Thesis][total kept alive: 1; route allocated: 1 of 2; total allocated: 1 of 20]
02:36:29.189 [Test worker] DEBUG c.g.d.core.command.AbstrDockerCmd - Cmd: com.github.dockerjava.core.util.FiltersBuilder@0,com.github.dockerjava.jaxrs.ListNetworksCmdExec@4ab0d24d
02:36:29.190 [Test worker] DEBUG c.g.d.j.JerseyDockerCmdExecFactory - 3 * Sending client request on thread Test worker
3 > GET https://Thesis:2376/networks
3 > Accept: application/json

02:36:29.190 [Test worker] DEBUG o.a.h.c.protocol.RequestAddCookies - CookieSpec selected: default
02:36:29.191 [Test worker] DEBUG o.a.h.c.protocol.RequestAuthCache - Auth cache not set in the context
02:36:29.191 [Test worker] DEBUG c.g.d.j.JerseyDockerCmdExecFactory$1 - Connection request: [route: {s}->https://Thesis:2376][total kept alive: 1; route allocated: 1 of 2; total allocated: 1 of 20]
02:36:29.191 [Test worker] DEBUG c.g.d.j.JerseyDockerCmdExecFactory$1 - Connection leased: [id: 101][route: {s}->https://Thesis:2376][total kept alive: 1; route allocated: 2 of 2; total allocated: 2 of 20]
02:36:29.191 [Test worker] DEBUG o.a.h.impl.execchain.MainClientExec - Opening connection {s}->https://Thesis:2376
02:36:29.191 [Test worker] DEBUG o.a.h.i.c.DefaultHttpClientConnectionOperator - Connecting to Thesis/127.0.1.1:2376
02:36:29.191 [Test worker] DEBUG o.a.h.c.s.SSLConnectionSocketFactory - Connecting socket to Thesis/127.0.1.1:2376 with timeout 0
02:36:29.192 [Test worker] DEBUG o.a.h.c.s.SSLConnectionSocketFactory - Enabled protocols: [TLSv1]
02:36:29.192 [Test worker] DEBUG o.a.h.c.s.SSLConnectionSocketFactory - Enabled cipher suites:[TLS_ECDHE_ECDSA_WITH_AES_128_CBC_SHA, TLS_ECDHE_RSA_WITH_AES_128_CBC_SHA, TLS_RSA_WITH_AES_128_CBC_SHA, TLS_ECDH_ECDSA_WITH_AES_128_CBC_SHA, TLS_ECDH_RSA_WITH_AES_128_CBC_SHA, TLS_DHE_RSA_WITH_AES_128_CBC_SHA, TLS_DHE_DSS_WITH_AES_128_CBC_SHA, TLS_ECDHE_ECDSA_WITH_3DES_EDE_CBC_SHA, TLS_ECDHE_RSA_WITH_3DES_EDE_CBC_SHA, SSL_RSA_WITH_3DES_EDE_CBC_SHA, TLS_ECDH_ECDSA_WITH_3DES_EDE_CBC_SHA, TLS_ECDH_RSA_WITH_3DES_EDE_CBC_SHA, SSL_DHE_RSA_WITH_3DES_EDE_CBC_SHA, SSL_DHE_DSS_WITH_3DES_EDE_CBC_SHA, TLS_ECDHE_ECDSA_WITH_RC4_128_SHA, TLS_ECDHE_RSA_WITH_RC4_128_SHA, SSL_RSA_WITH_RC4_128_SHA, TLS_ECDH_ECDSA_WITH_RC4_128_SHA, TLS_ECDH_RSA_WITH_RC4_128_SHA, SSL_RSA_WITH_RC4_128_MD5, TLS_EMPTY_RENEGOTIATION_INFO_SCSV]
02:36:29.193 [Test worker] DEBUG o.a.h.c.s.SSLConnectionSocketFactory - Starting handshake
02:36:29.251 [Test worker] DEBUG o.a.h.c.s.SSLConnectionSocketFactory - Secure session established
02:36:29.252 [Test worker] DEBUG o.a.h.c.s.SSLConnectionSocketFactory -  negotiated protocol: TLSv1
02:36:29.252 [Test worker] DEBUG o.a.h.c.s.SSLConnectionSocketFactory -  negotiated cipher suite: TLS_ECDHE_RSA_WITH_AES_128_CBC_SHA
02:36:29.252 [Test worker] DEBUG o.a.h.c.s.SSLConnectionSocketFactory -  peer principal: CN=Thesis
02:36:29.252 [Test worker] DEBUG o.a.h.c.s.SSLConnectionSocketFactory -  issuer principal: EMAILADDRESS=sha@yamil.com, CN=Thesis, OU=Open, O=Fra, L=BER, ST=BER, C=DE
02:36:29.253 [Test worker] DEBUG o.a.h.i.c.DefaultHttpClientConnectionOperator - Connection established 127.0.0.1:41502<->127.0.1.1:2376
02:36:29.253 [Test worker] DEBUG o.a.h.impl.execchain.MainClientExec - Executing request GET /networks HTTP/1.1
02:36:29.253 [Test worker] DEBUG o.a.h.impl.execchain.MainClientExec - Target auth state: UNCHALLENGED
02:36:29.253 [Test worker] DEBUG o.a.h.impl.execchain.MainClientExec - Proxy auth state: UNCHALLENGED
02:36:29.253 [Test worker] DEBUG org.apache.http.headers - http-outgoing-101 >> GET /networks HTTP/1.1
02:36:29.253 [Test worker] DEBUG org.apache.http.headers - http-outgoing-101 >> Accept: application/json
02:36:29.253 [Test worker] DEBUG org.apache.http.headers - http-outgoing-101 >> User-Agent: Jersey/2.23.1 (Apache HttpClient 4.5.1)
02:36:29.253 [Test worker] DEBUG org.apache.http.headers - http-outgoing-101 >> Host: Thesis:2376
02:36:29.254 [Test worker] DEBUG org.apache.http.headers - http-outgoing-101 >> Connection: Keep-Alive
02:36:29.254 [Test worker] DEBUG org.apache.http.headers - http-outgoing-101 >> Accept-Encoding: gzip,deflate
02:36:29.254 [Test worker] DEBUG org.apache.http.wire - http-outgoing-101 >> "GET /networks HTTP/1.1[\r][\n]"
02:36:29.255 [Test worker] DEBUG org.apache.http.wire - http-outgoing-101 >> "Accept: application/json[\r][\n]"
02:36:29.255 [Test worker] DEBUG org.apache.http.wire - http-outgoing-101 >> "User-Agent: Jersey/2.23.1 (Apache HttpClient 4.5.1)[\r][\n]"
02:36:29.255 [Test worker] DEBUG org.apache.http.wire - http-outgoing-101 >> "Host: Thesis:2376[\r][\n]"
02:36:29.255 [Test worker] DEBUG org.apache.http.wire - http-outgoing-101 >> "Connection: Keep-Alive[\r][\n]"
02:36:29.255 [Test worker] DEBUG org.apache.http.wire - http-outgoing-101 >> "Accept-Encoding: gzip,deflate[\r][\n]"
02:36:29.255 [Test worker] DEBUG org.apache.http.wire - http-outgoing-101 >> "[\r][\n]"
02:36:29.255 [Test worker] DEBUG org.apache.http.wire - http-outgoing-101 << "H"
02:36:29.256 [Test worker] DEBUG org.apache.http.wire - http-outgoing-101 << "TTP/1.1 200 OK[\r][\n]"
02:36:29.256 [Test worker] DEBUG org.apache.http.wire - http-outgoing-101 << "Content-Type: application/json[\r][\n]"
02:36:29.256 [Test worker] DEBUG org.apache.http.wire - http-outgoing-101 << "Server: Docker/1.12.3 (linux)[\r][\n]"
02:36:29.256 [Test worker] DEBUG org.apache.http.wire - http-outgoing-101 << "Date: Tue, 03 Jan 2017 01:36:29 GMT[\r][\n]"
02:36:29.256 [Test worker] DEBUG org.apache.http.wire - http-outgoing-101 << "Content-Length: 1100[\r][\n]"
02:36:29.256 [Test worker] DEBUG org.apache.http.wire - http-outgoing-101 << "[\r][\n]"
02:36:29.256 [Test worker] DEBUG org.apache.http.wire - http-outgoing-101 << "[{"Name":"none","Id":"4d89c194eb79cd2beb38458d10a1b98c74d6b8462af72afde29ae7aca53ed5ca","Scope":"local","Driver":"null","EnableIPv6":false,"IPAM":{"Driver":"default","Options":null,"Config":[]},"Internal":false,"Containers":{},"Options":{},"Labels":{}},{"Name":"bridge","Id":"e0d36057aa1769e9fd52ba88be81b698b495f9b6b4946d0f98f24d971a27fc98","Scope":"local","Driver":"bridge","EnableIPv6":false,"IPAM":{"Driver":"default","Options":null,"Config":[{"Subnet":"172.17.0.0/16","Gateway":"172.17.0.1"}]},"Internal":false,"Containers":{},"Options":{"com.docker.network.bridge.default_bridge":"true","com.docker.network.bridge.enable_icc":"true","com.docker.network.bridge.enable_ip_masquerade":"true","com.docker.network.bridge.host_binding_ipv4":"0.0.0.0","com.docker.network.bridge.name":"docker0","com.docker.network.driver.mtu":"1500"},"Labels":{}},{"Name":"host","Id":"fe042b0866671b5be4f097ba43830c0a02959c058702d18e18c14a24d88a357d","Scope":"local","Driver":"host","EnableIPv6":false,"IPAM":{"Driver":"default","Options":null,"Config":[]},"Internal":false,"Containers":{},"Options":{},"Labels":{}}][\n]"
02:36:29.256 [Test worker] DEBUG org.apache.http.headers - http-outgoing-101 << HTTP/1.1 200 OK
02:36:29.257 [Test worker] DEBUG org.apache.http.headers - http-outgoing-101 << Content-Type: application/json
02:36:29.257 [Test worker] DEBUG org.apache.http.headers - http-outgoing-101 << Server: Docker/1.12.3 (linux)
02:36:29.257 [Test worker] DEBUG org.apache.http.headers - http-outgoing-101 << Date: Tue, 03 Jan 2017 01:36:29 GMT
02:36:29.257 [Test worker] DEBUG org.apache.http.headers - http-outgoing-101 << Content-Length: 1100
02:36:29.257 [Test worker] DEBUG o.a.h.impl.execchain.MainClientExec - Connection can be kept alive indefinitely
02:36:29.257 [Test worker] DEBUG c.g.d.j.JerseyDockerCmdExecFactory - 4 * Client response received on thread Test worker
4 < 200
4 < Content-Length: 1100
4 < Content-Type: application/json
4 < Date: Tue, 03 Jan 2017 01:36:29 GMT
4 < Server: Docker/1.12.3 (linux)
[{"Name":"none","Id":"4d89c194eb79cd2beb38458d10a1b98c74d6b8462af72afde29ae7aca53ed5ca","Scope":"local","Driver":"null","EnableIPv6":false,"IPAM":{"Driver":"default","Options":null,"Config":[]},"Internal":false,"Containers":{},"Options":{},"Labels":{}},{"Name":"bridge","Id":"e0d36057aa1769e9fd52ba88be81b698b495f9b6b4946d0f98f24d971a27fc98","Scope":"local","Driver":"bridge","EnableIPv6":false,"IPAM":{"Driver":"default","Options":null,"Config":[{"Subnet":"172.17.0.0/16","Gateway":"172.17.0.1"}]},"Internal":false,"Containers":{},"Options":{"com.docker.network.bridge.default_bridge":"true","com.docker.network.bridge.enable_icc":"true","com.docker.network.bridge.enable_ip_masquerade":"true","com.docker.network.bridge.host_binding_ipv4":"0.0.0.0","com.docker.network.bridge.name":"docker0","com.docker.network.driver.mtu":"1500"},"Labels":{}},{"Name":"host","Id":"fe042b0866671b5be4f097ba43830c0a02959c058702d18e18c14a24d88a357d","Scope":"local","Driver":"host","EnableIPv6":false,"IPAM":{"Driver":"default","Options":null,"Config":[]},"Internal":false,"Containers":{},"Options":{},"Labels":{}}]


02:36:29.261 [Test worker] DEBUG o.a.h.i.c.DefaultManagedHttpClientConnection - http-outgoing-101: Close connection
02:36:29.261 [Test worker] DEBUG o.a.h.impl.execchain.MainClientExec - Connection discarded
02:36:29.261 [Test worker] DEBUG c.g.d.j.JerseyDockerCmdExecFactory$1 - Connection released: [id: 101][route: {s}->https://Thesis:2376][total kept alive: 1; route allocated: 1 of 2; total allocated: 1 of 20]
02:36:29.261 [Test worker] DEBUG c.g.d.core.command.AbstrDockerCmd - Cmd: com.github.dockerjava.core.util.FiltersBuilder@0,com.github.dockerjava.jaxrs.ListVolumesCmdExec@64c88cb
02:36:29.262 [Test worker] DEBUG c.g.d.j.JerseyDockerCmdExecFactory - 5 * Sending client request on thread Test worker
5 > GET https://Thesis:2376/volumes
5 > Accept: application/json

02:36:29.262 [Test worker] DEBUG o.a.h.c.protocol.RequestAddCookies - CookieSpec selected: default
02:36:29.263 [Test worker] DEBUG o.a.h.c.protocol.RequestAuthCache - Auth cache not set in the context
02:36:29.263 [Test worker] DEBUG c.g.d.j.JerseyDockerCmdExecFactory$1 - Connection request: [route: {s}->https://Thesis:2376][total kept alive: 1; route allocated: 1 of 2; total allocated: 1 of 20]
02:36:29.263 [Test worker] DEBUG c.g.d.j.JerseyDockerCmdExecFactory$1 - Connection leased: [id: 102][route: {s}->https://Thesis:2376][total kept alive: 1; route allocated: 2 of 2; total allocated: 2 of 20]
02:36:29.263 [Test worker] DEBUG o.a.h.impl.execchain.MainClientExec - Opening connection {s}->https://Thesis:2376
02:36:29.263 [Test worker] DEBUG o.a.h.i.c.DefaultHttpClientConnectionOperator - Connecting to Thesis/127.0.1.1:2376
02:36:29.263 [Test worker] DEBUG o.a.h.c.s.SSLConnectionSocketFactory - Connecting socket to Thesis/127.0.1.1:2376 with timeout 0
02:36:29.264 [Test worker] DEBUG o.a.h.c.s.SSLConnectionSocketFactory - Enabled protocols: [TLSv1]
02:36:29.264 [Test worker] DEBUG o.a.h.c.s.SSLConnectionSocketFactory - Enabled cipher suites:[TLS_ECDHE_ECDSA_WITH_AES_128_CBC_SHA, TLS_ECDHE_RSA_WITH_AES_128_CBC_SHA, TLS_RSA_WITH_AES_128_CBC_SHA, TLS_ECDH_ECDSA_WITH_AES_128_CBC_SHA, TLS_ECDH_RSA_WITH_AES_128_CBC_SHA, TLS_DHE_RSA_WITH_AES_128_CBC_SHA, TLS_DHE_DSS_WITH_AES_128_CBC_SHA, TLS_ECDHE_ECDSA_WITH_3DES_EDE_CBC_SHA, TLS_ECDHE_RSA_WITH_3DES_EDE_CBC_SHA, SSL_RSA_WITH_3DES_EDE_CBC_SHA, TLS_ECDH_ECDSA_WITH_3DES_EDE_CBC_SHA, TLS_ECDH_RSA_WITH_3DES_EDE_CBC_SHA, SSL_DHE_RSA_WITH_3DES_EDE_CBC_SHA, SSL_DHE_DSS_WITH_3DES_EDE_CBC_SHA, TLS_ECDHE_ECDSA_WITH_RC4_128_SHA, TLS_ECDHE_RSA_WITH_RC4_128_SHA, SSL_RSA_WITH_RC4_128_SHA, TLS_ECDH_ECDSA_WITH_RC4_128_SHA, TLS_ECDH_RSA_WITH_RC4_128_SHA, SSL_RSA_WITH_RC4_128_MD5, TLS_EMPTY_RENEGOTIATION_INFO_SCSV]
02:36:29.264 [Test worker] DEBUG o.a.h.c.s.SSLConnectionSocketFactory - Starting handshake
02:36:29.340 [Test worker] DEBUG o.a.h.c.s.SSLConnectionSocketFactory - Secure session established
02:36:29.341 [Test worker] DEBUG o.a.h.c.s.SSLConnectionSocketFactory -  negotiated protocol: TLSv1
02:36:29.341 [Test worker] DEBUG o.a.h.c.s.SSLConnectionSocketFactory -  negotiated cipher suite: TLS_ECDHE_RSA_WITH_AES_128_CBC_SHA
02:36:29.341 [Test worker] DEBUG o.a.h.c.s.SSLConnectionSocketFactory -  peer principal: CN=Thesis
02:36:29.341 [Test worker] DEBUG o.a.h.c.s.SSLConnectionSocketFactory -  issuer principal: EMAILADDRESS=sha@yamil.com, CN=Thesis, OU=Open, O=Fra, L=BER, ST=BER, C=DE
02:36:29.341 [Test worker] DEBUG o.a.h.i.c.DefaultHttpClientConnectionOperator - Connection established 127.0.0.1:41504<->127.0.1.1:2376
02:36:29.341 [Test worker] DEBUG o.a.h.impl.execchain.MainClientExec - Executing request GET /volumes HTTP/1.1
02:36:29.341 [Test worker] DEBUG o.a.h.impl.execchain.MainClientExec - Target auth state: UNCHALLENGED
02:36:29.342 [Test worker] DEBUG o.a.h.impl.execchain.MainClientExec - Proxy auth state: UNCHALLENGED
02:36:29.342 [Test worker] DEBUG org.apache.http.headers - http-outgoing-102 >> GET /volumes HTTP/1.1
02:36:29.342 [Test worker] DEBUG org.apache.http.headers - http-outgoing-102 >> Accept: application/json
02:36:29.342 [Test worker] DEBUG org.apache.http.headers - http-outgoing-102 >> User-Agent: Jersey/2.23.1 (Apache HttpClient 4.5.1)
02:36:29.342 [Test worker] DEBUG org.apache.http.headers - http-outgoing-102 >> Host: Thesis:2376
02:36:29.342 [Test worker] DEBUG org.apache.http.headers - http-outgoing-102 >> Connection: Keep-Alive
02:36:29.342 [Test worker] DEBUG org.apache.http.headers - http-outgoing-102 >> Accept-Encoding: gzip,deflate
02:36:29.343 [Test worker] DEBUG org.apache.http.wire - http-outgoing-102 >> "GET /volumes HTTP/1.1[\r][\n]"
02:36:29.343 [Test worker] DEBUG org.apache.http.wire - http-outgoing-102 >> "Accept: application/json[\r][\n]"
02:36:29.343 [Test worker] DEBUG org.apache.http.wire - http-outgoing-102 >> "User-Agent: Jersey/2.23.1 (Apache HttpClient 4.5.1)[\r][\n]"
02:36:29.343 [Test worker] DEBUG org.apache.http.wire - http-outgoing-102 >> "Host: Thesis:2376[\r][\n]"
02:36:29.343 [Test worker] DEBUG org.apache.http.wire - http-outgoing-102 >> "Connection: Keep-Alive[\r][\n]"
02:36:29.343 [Test worker] DEBUG org.apache.http.wire - http-outgoing-102 >> "Accept-Encoding: gzip,deflate[\r][\n]"
02:36:29.343 [Test worker] DEBUG org.apache.http.wire - http-outgoing-102 >> "[\r][\n]"
02:36:29.344 [Test worker] DEBUG org.apache.http.wire - http-outgoing-102 << "H"
02:36:29.344 [Test worker] DEBUG org.apache.http.wire - http-outgoing-102 << "TTP/1.1 200 OK[\r][\n]"
02:36:29.344 [Test worker] DEBUG org.apache.http.wire - http-outgoing-102 << "Content-Type: application/json[\r][\n]"
02:36:29.344 [Test worker] DEBUG org.apache.http.wire - http-outgoing-102 << "Server: Docker/1.12.3 (linux)[\r][\n]"
02:36:29.344 [Test worker] DEBUG org.apache.http.wire - http-outgoing-102 << "Date: Tue, 03 Jan 2017 01:36:29 GMT[\r][\n]"
02:36:29.344 [Test worker] DEBUG org.apache.http.wire - http-outgoing-102 << "Content-Length: 33[\r][\n]"
02:36:29.345 [Test worker] DEBUG org.apache.http.wire - http-outgoing-102 << "[\r][\n]"
02:36:29.345 [Test worker] DEBUG org.apache.http.wire - http-outgoing-102 << "{"Volumes":null,"Warnings":null}[\n]"
02:36:29.345 [Test worker] DEBUG org.apache.http.headers - http-outgoing-102 << HTTP/1.1 200 OK
02:36:29.345 [Test worker] DEBUG org.apache.http.headers - http-outgoing-102 << Content-Type: application/json
02:36:29.345 [Test worker] DEBUG org.apache.http.headers - http-outgoing-102 << Server: Docker/1.12.3 (linux)
02:36:29.345 [Test worker] DEBUG org.apache.http.headers - http-outgoing-102 << Date: Tue, 03 Jan 2017 01:36:29 GMT
02:36:29.346 [Test worker] DEBUG org.apache.http.headers - http-outgoing-102 << Content-Length: 33
02:36:29.346 [Test worker] DEBUG o.a.h.impl.execchain.MainClientExec - Connection can be kept alive indefinitely
02:36:29.346 [Test worker] DEBUG c.g.d.j.JerseyDockerCmdExecFactory - 6 * Client response received on thread Test worker
6 < 200
6 < Content-Length: 33
6 < Content-Type: application/json
6 < Date: Tue, 03 Jan 2017 01:36:29 GMT
6 < Server: Docker/1.12.3 (linux)
{"Volumes":null,"Warnings":null}


02:36:29.348 [Test worker] DEBUG o.a.h.i.c.DefaultManagedHttpClientConnection - http-outgoing-102: Close connection
02:36:29.349 [Test worker] DEBUG o.a.h.impl.execchain.MainClientExec - Connection discarded
02:36:29.349 [Test worker] DEBUG c.g.d.j.JerseyDockerCmdExecFactory$1 - Connection released: [id: 102][route: {s}->https://Thesis:2376][total kept alive: 1; route allocated: 1 of 2; total allocated: 1 of 20]
02:36:29.349 [Test worker] DEBUG c.g.d.core.command.AbstrDockerCmd - Cmd: ListImagesCmdImpl[imageNameFilter=<null>,showAll=true,filters=com.github.dockerjava.core.util.FiltersBuilder@0,execution=com.github.dockerjava.jaxrs.ListImagesCmdExec@30a7c898]
02:36:29.350 [Test worker] DEBUG c.g.d.j.JerseyDockerCmdExecFactory - 7 * Sending client request on thread Test worker
7 > GET https://Thesis:2376/images/json?all=true
7 > Accept: application/json

02:36:29.350 [Test worker] DEBUG o.a.h.c.protocol.RequestAddCookies - CookieSpec selected: default
02:36:29.351 [Test worker] DEBUG o.a.h.c.protocol.RequestAuthCache - Auth cache not set in the context
02:36:29.351 [Test worker] DEBUG c.g.d.j.JerseyDockerCmdExecFactory$1 - Connection request: [route: {s}->https://Thesis:2376][total kept alive: 1; route allocated: 1 of 2; total allocated: 1 of 20]
02:36:29.351 [Test worker] DEBUG c.g.d.j.JerseyDockerCmdExecFactory$1 - Connection leased: [id: 103][route: {s}->https://Thesis:2376][total kept alive: 1; route allocated: 2 of 2; total allocated: 2 of 20]
02:36:29.351 [Test worker] DEBUG o.a.h.impl.execchain.MainClientExec - Opening connection {s}->https://Thesis:2376
02:36:29.351 [Test worker] DEBUG o.a.h.i.c.DefaultHttpClientConnectionOperator - Connecting to Thesis/127.0.1.1:2376
02:36:29.351 [Test worker] DEBUG o.a.h.c.s.SSLConnectionSocketFactory - Connecting socket to Thesis/127.0.1.1:2376 with timeout 0
02:36:29.352 [Test worker] DEBUG o.a.h.c.s.SSLConnectionSocketFactory - Enabled protocols: [TLSv1]
02:36:29.352 [Test worker] DEBUG o.a.h.c.s.SSLConnectionSocketFactory - Enabled cipher suites:[TLS_ECDHE_ECDSA_WITH_AES_128_CBC_SHA, TLS_ECDHE_RSA_WITH_AES_128_CBC_SHA, TLS_RSA_WITH_AES_128_CBC_SHA, TLS_ECDH_ECDSA_WITH_AES_128_CBC_SHA, TLS_ECDH_RSA_WITH_AES_128_CBC_SHA, TLS_DHE_RSA_WITH_AES_128_CBC_SHA, TLS_DHE_DSS_WITH_AES_128_CBC_SHA, TLS_ECDHE_ECDSA_WITH_3DES_EDE_CBC_SHA, TLS_ECDHE_RSA_WITH_3DES_EDE_CBC_SHA, SSL_RSA_WITH_3DES_EDE_CBC_SHA, TLS_ECDH_ECDSA_WITH_3DES_EDE_CBC_SHA, TLS_ECDH_RSA_WITH_3DES_EDE_CBC_SHA, SSL_DHE_RSA_WITH_3DES_EDE_CBC_SHA, SSL_DHE_DSS_WITH_3DES_EDE_CBC_SHA, TLS_ECDHE_ECDSA_WITH_RC4_128_SHA, TLS_ECDHE_RSA_WITH_RC4_128_SHA, SSL_RSA_WITH_RC4_128_SHA, TLS_ECDH_ECDSA_WITH_RC4_128_SHA, TLS_ECDH_RSA_WITH_RC4_128_SHA, SSL_RSA_WITH_RC4_128_MD5, TLS_EMPTY_RENEGOTIATION_INFO_SCSV]
02:36:29.352 [Test worker] DEBUG o.a.h.c.s.SSLConnectionSocketFactory - Starting handshake
02:36:29.413 [Test worker] DEBUG o.a.h.c.s.SSLConnectionSocketFactory - Secure session established
02:36:29.413 [Test worker] DEBUG o.a.h.c.s.SSLConnectionSocketFactory -  negotiated protocol: TLSv1
02:36:29.413 [Test worker] DEBUG o.a.h.c.s.SSLConnectionSocketFactory -  negotiated cipher suite: TLS_ECDHE_RSA_WITH_AES_128_CBC_SHA
02:36:29.413 [Test worker] DEBUG o.a.h.c.s.SSLConnectionSocketFactory -  peer principal: CN=Thesis
02:36:29.414 [Test worker] DEBUG o.a.h.c.s.SSLConnectionSocketFactory -  issuer principal: EMAILADDRESS=sha@yamil.com, CN=Thesis, OU=Open, O=Fra, L=BER, ST=BER, C=DE
02:36:29.414 [Test worker] DEBUG o.a.h.i.c.DefaultHttpClientConnectionOperator - Connection established 127.0.0.1:41506<->127.0.1.1:2376
02:36:29.414 [Test worker] DEBUG o.a.h.impl.execchain.MainClientExec - Executing request GET /images/json?all=true HTTP/1.1
02:36:29.414 [Test worker] DEBUG o.a.h.impl.execchain.MainClientExec - Target auth state: UNCHALLENGED
02:36:29.414 [Test worker] DEBUG o.a.h.impl.execchain.MainClientExec - Proxy auth state: UNCHALLENGED
02:36:29.414 [Test worker] DEBUG org.apache.http.headers - http-outgoing-103 >> GET /images/json?all=true HTTP/1.1
02:36:29.415 [Test worker] DEBUG org.apache.http.headers - http-outgoing-103 >> Accept: application/json
02:36:29.415 [Test worker] DEBUG org.apache.http.headers - http-outgoing-103 >> User-Agent: Jersey/2.23.1 (Apache HttpClient 4.5.1)
02:36:29.415 [Test worker] DEBUG org.apache.http.headers - http-outgoing-103 >> Host: Thesis:2376
02:36:29.415 [Test worker] DEBUG org.apache.http.headers - http-outgoing-103 >> Connection: Keep-Alive
02:36:29.415 [Test worker] DEBUG org.apache.http.headers - http-outgoing-103 >> Accept-Encoding: gzip,deflate
02:36:29.415 [Test worker] DEBUG org.apache.http.wire - http-outgoing-103 >> "GET /images/json?all=true HTTP/1.1[\r][\n]"
02:36:29.415 [Test worker] DEBUG org.apache.http.wire - http-outgoing-103 >> "Accept: application/json[\r][\n]"
02:36:29.415 [Test worker] DEBUG org.apache.http.wire - http-outgoing-103 >> "User-Agent: Jersey/2.23.1 (Apache HttpClient 4.5.1)[\r][\n]"
02:36:29.415 [Test worker] DEBUG org.apache.http.wire - http-outgoing-103 >> "Host: Thesis:2376[\r][\n]"
02:36:29.416 [Test worker] DEBUG org.apache.http.wire - http-outgoing-103 >> "Connection: Keep-Alive[\r][\n]"
02:36:29.416 [Test worker] DEBUG org.apache.http.wire - http-outgoing-103 >> "Accept-Encoding: gzip,deflate[\r][\n]"
02:36:29.416 [Test worker] DEBUG org.apache.http.wire - http-outgoing-103 >> "[\r][\n]"
02:36:29.417 [Test worker] DEBUG org.apache.http.wire - http-outgoing-103 << "H"
02:36:29.417 [Test worker] DEBUG org.apache.http.wire - http-outgoing-103 << "TTP/1.1 200 OK[\r][\n]"
02:36:29.418 [Test worker] DEBUG org.apache.http.wire - http-outgoing-103 << "Content-Type: application/json[\r][\n]"
02:36:29.418 [Test worker] DEBUG org.apache.http.wire - http-outgoing-103 << "Server: Docker/1.12.3 (linux)[\r][\n]"
02:36:29.418 [Test worker] DEBUG org.apache.http.wire - http-outgoing-103 << "Date: Tue, 03 Jan 2017 01:36:29 GMT[\r][\n]"
02:36:29.418 [Test worker] DEBUG org.apache.http.wire - http-outgoing-103 << "Content-Length: 1195[\r][\n]"
02:36:29.418 [Test worker] DEBUG org.apache.http.wire - http-outgoing-103 << "[\r][\n]"
02:36:29.418 [Test worker] DEBUG org.apache.http.wire - http-outgoing-103 << "[{"Id":"sha256:4ca3a192ff2a5b7e225e81dc006b6379c10776ed3619757a65608cb72de0a7f6","ParentId":"","RepoTags":["ubuntu:latest"],"RepoDigests":["ubuntu@sha256:3b64c309deae7ab0f7dbdd42b6b326261ccd6261da5d88396439353162703fb5"],"Created":1480449877,"Size":128206574,"VirtualSize":128206574,"Labels":{}},{"Id":"sha256:aae2b63c49461fcae4962e4a8043f66acf8e3af7e62f5ebceb70b181d8ca01e0","ParentId":"","RepoTags":["ubuntu:14.04"],"RepoDigests":["ubuntu@sha256:edb984703bd3e8981ff541a5b9297ca1b81fde6e6e8094d86e390a38ebc30b4d"],"Created":1480449856,"Size":187952254,"VirtualSize":187952254,"Labels":{}},{"Id":"sha256:e02e811dd08fd49e7f6032625495118e63f597eb150403d02e3238af1df240ba","ParentId":"","RepoTags":["busybox:latest"],"RepoDigests":["busybox@sha256:29f5d56d12684887bdfa50dcd29fc31eea4aaf4ad3bec43daf19026a7ce69912"],"Created":1475874238,"Size":1093484,"VirtualSize":1093484,"Labels":{}},{"Id":"sha256:d654de4499473ed41349b54a988b6f46a7fc92e3fa2d61e102bf2660a0116e25","ParentId":"","RepoTags":["sakib37/iperf3:latest"],"RepoDigests":["sakib37/iperf3@sha256:8d80a810f8f508c074b14d02555f20110eac382c8dbda7252075392983629d40"],"Created":1474907599,"Size":199456654,"VirtualSize":199456654,"Labels":{}}][\n]"
02:36:29.419 [Test worker] DEBUG org.apache.http.headers - http-outgoing-103 << HTTP/1.1 200 OK
02:36:29.419 [Test worker] DEBUG org.apache.http.headers - http-outgoing-103 << Content-Type: application/json
02:36:29.419 [Test worker] DEBUG org.apache.http.headers - http-outgoing-103 << Server: Docker/1.12.3 (linux)
02:36:29.419 [Test worker] DEBUG org.apache.http.headers - http-outgoing-103 << Date: Tue, 03 Jan 2017 01:36:29 GMT
02:36:29.419 [Test worker] DEBUG org.apache.http.headers - http-outgoing-103 << Content-Length: 1195
02:36:29.419 [Test worker] DEBUG o.a.h.impl.execchain.MainClientExec - Connection can be kept alive indefinitely
02:36:29.420 [Test worker] DEBUG c.g.d.j.JerseyDockerCmdExecFactory - 8 * Client response received on thread Test worker
8 < 200
8 < Content-Length: 1195
8 < Content-Type: application/json
8 < Date: Tue, 03 Jan 2017 01:36:29 GMT
8 < Server: Docker/1.12.3 (linux)
[{"Id":"sha256:4ca3a192ff2a5b7e225e81dc006b6379c10776ed3619757a65608cb72de0a7f6","ParentId":"","RepoTags":["ubuntu:latest"],"RepoDigests":["ubuntu@sha256:3b64c309deae7ab0f7dbdd42b6b326261ccd6261da5d88396439353162703fb5"],"Created":1480449877,"Size":128206574,"VirtualSize":128206574,"Labels":{}},{"Id":"sha256:aae2b63c49461fcae4962e4a8043f66acf8e3af7e62f5ebceb70b181d8ca01e0","ParentId":"","RepoTags":["ubuntu:14.04"],"RepoDigests":["ubuntu@sha256:edb984703bd3e8981ff541a5b9297ca1b81fde6e6e8094d86e390a38ebc30b4d"],"Created":1480449856,"Size":187952254,"VirtualSize":187952254,"Labels":{}},{"Id":"sha256:e02e811dd08fd49e7f6032625495118e63f597eb150403d02e3238af1df240ba","ParentId":"","RepoTags":["busybox:latest"],"RepoDigests":["busybox@sha256:29f5d56d12684887bdfa50dcd29fc31eea4aaf4ad3bec43daf19026a7ce69912"],"Created":1475874238,"Size":1093484,"VirtualSize":1093484,"Labels":{}},{"Id":"sha256:d654de4499473ed41349b54a988b6f46a7fc92e3fa2d61e102bf2660a0116e25","ParentId":"","RepoTags":["sakib37/iperf3:latest"],"RepoDigests":["sakib37/iperf3@sha256:8d80a810f8f508c074b14d02555f20110eac382c8dbda7252075392983629d40"],"Created":1474907599,"Size":199456654,"VirtualSize":199456654,"Labels":{}}]


02:36:29.422 [Test worker] DEBUG o.a.h.i.c.DefaultManagedHttpClientConnection - http-outgoing-103: Close connection
02:36:29.423 [Test worker] DEBUG o.a.h.impl.execchain.MainClientExec - Connection discarded
02:36:29.423 [Test worker] DEBUG c.g.d.j.JerseyDockerCmdExecFactory$1 - Connection released: [id: 103][route: {s}->https://Thesis:2376][total kept alive: 1; route allocated: 1 of 2; total allocated: 1 of 20]
02:36:29.423 [Test worker] DEBUG c.g.d.core.command.AbstrDockerCmd - Cmd: com.github.dockerjava.core.command.CreateContainerCmdImpl@26ad0df[name=MyContainer,hostName=MyContainer,domainName=<null>,user=<null>,attachStdin=<null>,attachStdout=<null>,attachStderr=<null>,portSpecs=<null>,tty=<null>,stdinOpen=<null>,stdInOnce=<null>,env={port=8080,TERM=xterm},cmd={sleep,99999},entrypoint=<null>,image=ubuntu:14.04,volumes=com.github.dockerjava.api.model.Volumes@32b6e1b6,workingDir=<null>,macAddress=<null>,networkDisabled=<null>,exposedPorts=com.github.dockerjava.api.model.ExposedPorts@49c8dbd,stopSignal=<null>,hostConfig=com.github.dockerjava.api.model.HostConfig@421d75a8[binds=<null>,blkioWeight=<null>,blkioWeightDevice=<null>,blkioDeviceReadBps=<null>,blkioDeviceReadIOps=<null>,blkioDeviceWriteBps=<null>,blkioDeviceWriteIOps=<null>,memorySwappiness=<null>,capAdd=<null>,capDrop=<null>,containerIDFile=<null>,cpuPeriod=<null>,cpuShares=<null>,cpuQuota=<null>,cpusetCpus=<null>,cpusetMems=<null>,devices=<null>,dns=<null>,dnsSearch=<null>,extraHosts=<null>,links=<null>,logConfig=<null>,lxcConf=<null>,memory=<null>,memorySwap=<null>,memoryReservation=<null>,kernelMemory=<null>,networkMode=<null>,oomKillDisable=<null>,oomScoreAdj=<null>,portBindings={8084/tcp=[Lcom.github.dockerjava.api.model.Ports$Binding;@6a722be1},privileged=<null>,publishAllPorts=<null>,readonlyRootfs=<null>,restartPolicy=<null>,ulimits=<null>,volumesFrom=<null>,pidMode=<null>,securityOpts=<null>,cgroupParent=<null>,volumeDriver=<null>,shmSize=<null>],labels=<null>,networkingConfig=<null>,ipv4Address=<null>,ipv6Address=<null>,aliases=<null>,execution=com.github.dockerjava.jaxrs.CreateContainerCmdExec@4d86298f]
02:36:29.427 [Test worker] DEBUG o.a.h.c.protocol.RequestAddCookies - CookieSpec selected: default
02:36:29.428 [Test worker] DEBUG o.a.h.c.protocol.RequestAuthCache - Auth cache not set in the context
02:36:29.428 [Test worker] DEBUG c.g.d.j.JerseyDockerCmdExecFactory$1 - Connection request: [route: {s}->https://Thesis:2376][total kept alive: 1; route allocated: 1 of 2; total allocated: 1 of 20]
02:36:29.428 [Test worker] DEBUG c.g.d.j.JerseyDockerCmdExecFactory$1 - Connection leased: [id: 104][route: {s}->https://Thesis:2376][total kept alive: 1; route allocated: 2 of 2; total allocated: 2 of 20]
02:36:29.428 [Test worker] DEBUG o.a.h.impl.execchain.MainClientExec - Opening connection {s}->https://Thesis:2376
02:36:29.428 [Test worker] DEBUG o.a.h.i.c.DefaultHttpClientConnectionOperator - Connecting to Thesis/127.0.1.1:2376
02:36:29.428 [Test worker] DEBUG o.a.h.c.s.SSLConnectionSocketFactory - Connecting socket to Thesis/127.0.1.1:2376 with timeout 0
02:36:29.429 [Test worker] DEBUG o.a.h.c.s.SSLConnectionSocketFactory - Enabled protocols: [TLSv1]
02:36:29.429 [Test worker] DEBUG o.a.h.c.s.SSLConnectionSocketFactory - Enabled cipher suites:[TLS_ECDHE_ECDSA_WITH_AES_128_CBC_SHA, TLS_ECDHE_RSA_WITH_AES_128_CBC_SHA, TLS_RSA_WITH_AES_128_CBC_SHA, TLS_ECDH_ECDSA_WITH_AES_128_CBC_SHA, TLS_ECDH_RSA_WITH_AES_128_CBC_SHA, TLS_DHE_RSA_WITH_AES_128_CBC_SHA, TLS_DHE_DSS_WITH_AES_128_CBC_SHA, TLS_ECDHE_ECDSA_WITH_3DES_EDE_CBC_SHA, TLS_ECDHE_RSA_WITH_3DES_EDE_CBC_SHA, SSL_RSA_WITH_3DES_EDE_CBC_SHA, TLS_ECDH_ECDSA_WITH_3DES_EDE_CBC_SHA, TLS_ECDH_RSA_WITH_3DES_EDE_CBC_SHA, SSL_DHE_RSA_WITH_3DES_EDE_CBC_SHA, SSL_DHE_DSS_WITH_3DES_EDE_CBC_SHA, TLS_ECDHE_ECDSA_WITH_RC4_128_SHA, TLS_ECDHE_RSA_WITH_RC4_128_SHA, SSL_RSA_WITH_RC4_128_SHA, TLS_ECDH_ECDSA_WITH_RC4_128_SHA, TLS_ECDH_RSA_WITH_RC4_128_SHA, SSL_RSA_WITH_RC4_128_MD5, TLS_EMPTY_RENEGOTIATION_INFO_SCSV]
02:36:29.429 [Test worker] DEBUG o.a.h.c.s.SSLConnectionSocketFactory - Starting handshake
02:36:29.490 [Test worker] DEBUG o.a.h.c.s.SSLConnectionSocketFactory - Secure session established
02:36:29.491 [Test worker] DEBUG o.a.h.c.s.SSLConnectionSocketFactory -  negotiated protocol: TLSv1
02:36:29.491 [Test worker] DEBUG o.a.h.c.s.SSLConnectionSocketFactory -  negotiated cipher suite: TLS_ECDHE_RSA_WITH_AES_128_CBC_SHA
02:36:29.491 [Test worker] DEBUG o.a.h.c.s.SSLConnectionSocketFactory -  peer principal: CN=Thesis
02:36:29.491 [Test worker] DEBUG o.a.h.c.s.SSLConnectionSocketFactory -  issuer principal: EMAILADDRESS=sha@yamil.com, CN=Thesis, OU=Open, O=Fra, L=BER, ST=BER, C=DE
02:36:29.491 [Test worker] DEBUG o.a.h.i.c.DefaultHttpClientConnectionOperator - Connection established 127.0.0.1:41508<->127.0.1.1:2376
02:36:29.491 [Test worker] DEBUG o.a.h.impl.execchain.MainClientExec - Executing request POST /containers/create?name=MyContainer HTTP/1.1
02:36:29.492 [Test worker] DEBUG o.a.h.impl.execchain.MainClientExec - Target auth state: UNCHALLENGED
02:36:29.492 [Test worker] DEBUG o.a.h.impl.execchain.MainClientExec - Proxy auth state: UNCHALLENGED
02:36:29.492 [Test worker] DEBUG org.apache.http.headers - http-outgoing-104 >> POST /containers/create?name=MyContainer HTTP/1.1
02:36:29.492 [Test worker] DEBUG org.apache.http.headers - http-outgoing-104 >> Accept: application/json
02:36:29.492 [Test worker] DEBUG org.apache.http.headers - http-outgoing-104 >> Content-Type: application/json
02:36:29.492 [Test worker] DEBUG org.apache.http.headers - http-outgoing-104 >> User-Agent: Jersey/2.23.1 (Apache HttpClient 4.5.1)
02:36:29.492 [Test worker] DEBUG org.apache.http.headers - http-outgoing-104 >> Transfer-Encoding: chunked
02:36:29.493 [Test worker] DEBUG org.apache.http.headers - http-outgoing-104 >> Host: Thesis:2376
02:36:29.493 [Test worker] DEBUG org.apache.http.headers - http-outgoing-104 >> Connection: Keep-Alive
02:36:29.493 [Test worker] DEBUG org.apache.http.headers - http-outgoing-104 >> Accept-Encoding: gzip,deflate
02:36:29.525 [Test worker] DEBUG c.g.d.j.JerseyDockerCmdExecFactory - 9 * Sending client request on thread Test worker
9 > POST https://Thesis:2376/containers/create?name=MyContainer
9 > Accept: application/json
9 > Content-Type: application/json
{"name":"MyContainer","Hostname":"MyContainer","Env":["port=8080","TERM=xterm"],"Cmd":["sleep","99999"],"Image":"ubuntu:14.04","Volumes":{},"ExposedPorts":{"8084/tcp":{}},"HostConfig":{"PortBindings":{"8084/tcp":[{"HostIp":"","HostPort":"8084"}]}}}

02:36:29.526 [Test worker] DEBUG org.apache.http.wire - http-outgoing-104 >> "POST /containers/create?name=MyContainer HTTP/1.1[\r][\n]"
02:36:29.526 [Test worker] DEBUG org.apache.http.wire - http-outgoing-104 >> "Accept: application/json[\r][\n]"
02:36:29.526 [Test worker] DEBUG org.apache.http.wire - http-outgoing-104 >> "Content-Type: application/json[\r][\n]"
02:36:29.526 [Test worker] DEBUG org.apache.http.wire - http-outgoing-104 >> "User-Agent: Jersey/2.23.1 (Apache HttpClient 4.5.1)[\r][\n]"
02:36:29.527 [Test worker] DEBUG org.apache.http.wire - http-outgoing-104 >> "Transfer-Encoding: chunked[\r][\n]"
02:36:29.527 [Test worker] DEBUG org.apache.http.wire - http-outgoing-104 >> "Host: Thesis:2376[\r][\n]"
02:36:29.527 [Test worker] DEBUG org.apache.http.wire - http-outgoing-104 >> "Connection: Keep-Alive[\r][\n]"
02:36:29.527 [Test worker] DEBUG org.apache.http.wire - http-outgoing-104 >> "Accept-Encoding: gzip,deflate[\r][\n]"
02:36:29.527 [Test worker] DEBUG org.apache.http.wire - http-outgoing-104 >> "[\r][\n]"
02:36:29.527 [Test worker] DEBUG org.apache.http.wire - http-outgoing-104 >> "f8[\r][\n]"
02:36:29.527 [Test worker] DEBUG org.apache.http.wire - http-outgoing-104 >> "{"name":"MyContainer","Hostname":"MyContainer","Env":["port=8080","TERM=xterm"],"Cmd":["sleep","99999"],"Image":"ubuntu:14.04","Volumes":{},"ExposedPorts":{"8084/tcp":{}},"HostConfig":{"PortBindings":{"8084/tcp":[{"HostIp":"","HostPort":"8084"}]}}}[\r][\n]"
02:36:29.527 [Test worker] DEBUG org.apache.http.wire - http-outgoing-104 >> "0[\r][\n]"
02:36:29.527 [Test worker] DEBUG org.apache.http.wire - http-outgoing-104 >> "[\r][\n]"
02:36:29.551 [Test worker] DEBUG org.apache.http.wire - http-outgoing-104 << "H"
02:36:29.552 [Test worker] DEBUG org.apache.http.wire - http-outgoing-104 << "TTP/1.1 201 Created[\r][\n]"
02:36:29.552 [Test worker] DEBUG org.apache.http.wire - http-outgoing-104 << "Content-Type: application/json[\r][\n]"
02:36:29.552 [Test worker] DEBUG org.apache.http.wire - http-outgoing-104 << "Server: Docker/1.12.3 (linux)[\r][\n]"
02:36:29.552 [Test worker] DEBUG org.apache.http.wire - http-outgoing-104 << "Date: Tue, 03 Jan 2017 01:36:29 GMT[\r][\n]"
02:36:29.552 [Test worker] DEBUG org.apache.http.wire - http-outgoing-104 << "Content-Length: 90[\r][\n]"
02:36:29.553 [Test worker] DEBUG org.apache.http.wire - http-outgoing-104 << "[\r][\n]"
02:36:29.553 [Test worker] DEBUG org.apache.http.wire - http-outgoing-104 << "{"Id":"8a31b18a84420452b538f5c2dd67fc2aa446683e3d35837f2674678fcf112f56","Warnings":null}[\n]"
02:36:29.553 [Test worker] DEBUG org.apache.http.headers - http-outgoing-104 << HTTP/1.1 201 Created
02:36:29.553 [Test worker] DEBUG org.apache.http.headers - http-outgoing-104 << Content-Type: application/json
02:36:29.553 [Test worker] DEBUG org.apache.http.headers - http-outgoing-104 << Server: Docker/1.12.3 (linux)
02:36:29.553 [Test worker] DEBUG org.apache.http.headers - http-outgoing-104 << Date: Tue, 03 Jan 2017 01:36:29 GMT
02:36:29.553 [Test worker] DEBUG org.apache.http.headers - http-outgoing-104 << Content-Length: 90
02:36:29.554 [Test worker] DEBUG o.a.h.impl.execchain.MainClientExec - Connection can be kept alive indefinitely
02:36:29.554 [Test worker] DEBUG c.g.d.j.JerseyDockerCmdExecFactory - 10 * Client response received on thread Test worker
10 < 201
10 < Content-Length: 90
10 < Content-Type: application/json
10 < Date: Tue, 03 Jan 2017 01:36:29 GMT
10 < Server: Docker/1.12.3 (linux)
{"Id":"8a31b18a84420452b538f5c2dd67fc2aa446683e3d35837f2674678fcf112f56","Warnings":null}


02:36:29.556 [Test worker] DEBUG o.a.h.i.c.DefaultManagedHttpClientConnection - http-outgoing-104: Close connection
02:36:29.557 [Test worker] DEBUG o.a.h.impl.execchain.MainClientExec - Connection discarded
02:36:29.557 [Test worker] DEBUG c.g.d.j.JerseyDockerCmdExecFactory$1 - Connection released: [id: 104][route: {s}->https://Thesis:2376][total kept alive: 1; route allocated: 1 of 2; total allocated: 1 of 20]
02:36:29.557 [Test worker] DEBUG org.openbaton.docker.DockerVim - Instance created successfully
02:36:29.557 [Test worker] DEBUG c.g.d.core.command.AbstrDockerCmd - Cmd: 8a31b18a84420452b538f5c2dd67fc2aa446683e3d35837f2674678fcf112f56,com.github.dockerjava.jaxrs.StartContainerCmdExec@5f82b632
02:36:29.558 [Test worker] DEBUG c.g.d.j.JerseyDockerCmdExecFactory - 11 * Sending client request on thread Test worker
11 > POST https://Thesis:2376/containers/8a31b18a84420452b538f5c2dd67fc2aa446683e3d35837f2674678fcf112f56/start
11 > Accept: application/json

02:36:29.558 [Test worker] DEBUG o.a.h.c.protocol.RequestAddCookies - CookieSpec selected: default
02:36:29.559 [Test worker] DEBUG o.a.h.c.protocol.RequestAuthCache - Auth cache not set in the context
02:36:29.559 [Test worker] DEBUG c.g.d.j.JerseyDockerCmdExecFactory$1 - Connection request: [route: {s}->https://Thesis:2376][total kept alive: 1; route allocated: 1 of 2; total allocated: 1 of 20]
02:36:29.559 [Test worker] DEBUG c.g.d.j.JerseyDockerCmdExecFactory$1 - Connection leased: [id: 105][route: {s}->https://Thesis:2376][total kept alive: 1; route allocated: 2 of 2; total allocated: 2 of 20]
02:36:29.559 [Test worker] DEBUG o.a.h.impl.execchain.MainClientExec - Opening connection {s}->https://Thesis:2376
02:36:29.559 [Test worker] DEBUG o.a.h.i.c.DefaultHttpClientConnectionOperator - Connecting to Thesis/127.0.1.1:2376
02:36:29.559 [Test worker] DEBUG o.a.h.c.s.SSLConnectionSocketFactory - Connecting socket to Thesis/127.0.1.1:2376 with timeout 0
02:36:29.560 [Test worker] DEBUG o.a.h.c.s.SSLConnectionSocketFactory - Enabled protocols: [TLSv1]
02:36:29.560 [Test worker] DEBUG o.a.h.c.s.SSLConnectionSocketFactory - Enabled cipher suites:[TLS_ECDHE_ECDSA_WITH_AES_128_CBC_SHA, TLS_ECDHE_RSA_WITH_AES_128_CBC_SHA, TLS_RSA_WITH_AES_128_CBC_SHA, TLS_ECDH_ECDSA_WITH_AES_128_CBC_SHA, TLS_ECDH_RSA_WITH_AES_128_CBC_SHA, TLS_DHE_RSA_WITH_AES_128_CBC_SHA, TLS_DHE_DSS_WITH_AES_128_CBC_SHA, TLS_ECDHE_ECDSA_WITH_3DES_EDE_CBC_SHA, TLS_ECDHE_RSA_WITH_3DES_EDE_CBC_SHA, SSL_RSA_WITH_3DES_EDE_CBC_SHA, TLS_ECDH_ECDSA_WITH_3DES_EDE_CBC_SHA, TLS_ECDH_RSA_WITH_3DES_EDE_CBC_SHA, SSL_DHE_RSA_WITH_3DES_EDE_CBC_SHA, SSL_DHE_DSS_WITH_3DES_EDE_CBC_SHA, TLS_ECDHE_ECDSA_WITH_RC4_128_SHA, TLS_ECDHE_RSA_WITH_RC4_128_SHA, SSL_RSA_WITH_RC4_128_SHA, TLS_ECDH_ECDSA_WITH_RC4_128_SHA, TLS_ECDH_RSA_WITH_RC4_128_SHA, SSL_RSA_WITH_RC4_128_MD5, TLS_EMPTY_RENEGOTIATION_INFO_SCSV]
02:36:29.561 [Test worker] DEBUG o.a.h.c.s.SSLConnectionSocketFactory - Starting handshake
02:36:29.623 [Test worker] DEBUG o.a.h.c.s.SSLConnectionSocketFactory - Secure session established
02:36:29.623 [Test worker] DEBUG o.a.h.c.s.SSLConnectionSocketFactory -  negotiated protocol: TLSv1
02:36:29.623 [Test worker] DEBUG o.a.h.c.s.SSLConnectionSocketFactory -  negotiated cipher suite: TLS_ECDHE_RSA_WITH_AES_128_CBC_SHA
02:36:29.624 [Test worker] DEBUG o.a.h.c.s.SSLConnectionSocketFactory -  peer principal: CN=Thesis
02:36:29.624 [Test worker] DEBUG o.a.h.c.s.SSLConnectionSocketFactory -  issuer principal: EMAILADDRESS=sha@yamil.com, CN=Thesis, OU=Open, O=Fra, L=BER, ST=BER, C=DE
02:36:29.624 [Test worker] DEBUG o.a.h.i.c.DefaultHttpClientConnectionOperator - Connection established 127.0.0.1:41510<->127.0.1.1:2376
02:36:29.624 [Test worker] DEBUG o.a.h.impl.execchain.MainClientExec - Executing request POST /containers/8a31b18a84420452b538f5c2dd67fc2aa446683e3d35837f2674678fcf112f56/start HTTP/1.1
02:36:29.624 [Test worker] DEBUG o.a.h.impl.execchain.MainClientExec - Target auth state: UNCHALLENGED
02:36:29.624 [Test worker] DEBUG o.a.h.impl.execchain.MainClientExec - Proxy auth state: UNCHALLENGED
02:36:29.625 [Test worker] DEBUG org.apache.http.headers - http-outgoing-105 >> POST /containers/8a31b18a84420452b538f5c2dd67fc2aa446683e3d35837f2674678fcf112f56/start HTTP/1.1
02:36:29.625 [Test worker] DEBUG org.apache.http.headers - http-outgoing-105 >> Accept: application/json
02:36:29.625 [Test worker] DEBUG org.apache.http.headers - http-outgoing-105 >> User-Agent: Jersey/2.23.1 (Apache HttpClient 4.5.1)
02:36:29.625 [Test worker] DEBUG org.apache.http.headers - http-outgoing-105 >> Host: Thesis:2376
02:36:29.625 [Test worker] DEBUG org.apache.http.headers - http-outgoing-105 >> Connection: Keep-Alive
02:36:29.625 [Test worker] DEBUG org.apache.http.headers - http-outgoing-105 >> Accept-Encoding: gzip,deflate
02:36:29.625 [Test worker] DEBUG org.apache.http.wire - http-outgoing-105 >> "POST /containers/8a31b18a84420452b538f5c2dd67fc2aa446683e3d35837f2674678fcf112f56/start HTTP/1.1[\r][\n]"
02:36:29.625 [Test worker] DEBUG org.apache.http.wire - http-outgoing-105 >> "Accept: application/json[\r][\n]"
02:36:29.625 [Test worker] DEBUG org.apache.http.wire - http-outgoing-105 >> "User-Agent: Jersey/2.23.1 (Apache HttpClient 4.5.1)[\r][\n]"
02:36:29.626 [Test worker] DEBUG org.apache.http.wire - http-outgoing-105 >> "Host: Thesis:2376[\r][\n]"
02:36:29.626 [Test worker] DEBUG org.apache.http.wire - http-outgoing-105 >> "Connection: Keep-Alive[\r][\n]"
02:36:29.626 [Test worker] DEBUG org.apache.http.wire - http-outgoing-105 >> "Accept-Encoding: gzip,deflate[\r][\n]"
02:36:29.626 [Test worker] DEBUG org.apache.http.wire - http-outgoing-105 >> "[\r][\n]"
02:36:29.814 [Test worker] DEBUG org.apache.http.wire - http-outgoing-105 << "H"
02:36:29.815 [Test worker] DEBUG org.apache.http.wire - http-outgoing-105 << "TTP/1.1 204 No Content[\r][\n]"
02:36:29.815 [Test worker] DEBUG org.apache.http.wire - http-outgoing-105 << "Server: Docker/1.12.3 (linux)[\r][\n]"
02:36:29.815 [Test worker] DEBUG org.apache.http.wire - http-outgoing-105 << "Date: Tue, 03 Jan 2017 01:36:29 GMT[\r][\n]"
02:36:29.815 [Test worker] DEBUG org.apache.http.wire - http-outgoing-105 << "[\r][\n]"
02:36:29.815 [Test worker] DEBUG org.apache.http.headers - http-outgoing-105 << HTTP/1.1 204 No Content
02:36:29.815 [Test worker] DEBUG org.apache.http.headers - http-outgoing-105 << Server: Docker/1.12.3 (linux)
02:36:29.815 [Test worker] DEBUG org.apache.http.headers - http-outgoing-105 << Date: Tue, 03 Jan 2017 01:36:29 GMT
02:36:29.815 [Test worker] DEBUG o.a.h.impl.execchain.MainClientExec - Connection can be kept alive indefinitely
02:36:29.815 [Test worker] DEBUG c.g.d.j.JerseyDockerCmdExecFactory$1 - Connection [id: 105][route: {s}->https://Thesis:2376][state: CN=Thesis] can be kept alive indefinitely
02:36:29.815 [Test worker] DEBUG c.g.d.j.JerseyDockerCmdExecFactory$1 - Connection released: [id: 105][route: {s}->https://Thesis:2376][state: CN=Thesis][total kept alive: 2; route allocated: 2 of 2; total allocated: 2 of 20]
02:36:29.815 [Test worker] DEBUG c.g.d.j.JerseyDockerCmdExecFactory - 12 * Client response received on thread Test worker
12 < 204
12 < Date: Tue, 03 Jan 2017 01:36:29 GMT
12 < Server: Docker/1.12.3 (linux)

02:36:29.816 [Test worker] DEBUG c.g.d.core.command.AbstrDockerCmd - Cmd: ListImagesCmdImpl[imageNameFilter=<null>,showAll=true,filters=com.github.dockerjava.core.util.FiltersBuilder@0,execution=com.github.dockerjava.jaxrs.ListImagesCmdExec@e1f1ee2]
02:36:29.817 [Test worker] DEBUG c.g.d.j.JerseyDockerCmdExecFactory - 13 * Sending client request on thread Test worker
13 > GET https://Thesis:2376/images/json?all=true
13 > Accept: application/json

02:36:29.817 [Test worker] DEBUG o.a.h.c.protocol.RequestAddCookies - CookieSpec selected: default
02:36:29.817 [Test worker] DEBUG o.a.h.c.protocol.RequestAuthCache - Auth cache not set in the context
02:36:29.818 [Test worker] DEBUG c.g.d.j.JerseyDockerCmdExecFactory$1 - Connection request: [route: {s}->https://Thesis:2376][total kept alive: 2; route allocated: 2 of 2; total allocated: 2 of 20]
02:36:29.818 [Test worker] DEBUG o.a.h.i.c.DefaultManagedHttpClientConnection - http-outgoing-100: Close connection
02:36:29.818 [Test worker] DEBUG c.g.d.j.JerseyDockerCmdExecFactory$1 - Connection leased: [id: 106][route: {s}->https://Thesis:2376][total kept alive: 1; route allocated: 2 of 2; total allocated: 2 of 20]
02:36:29.818 [Test worker] DEBUG o.a.h.impl.execchain.MainClientExec - Opening connection {s}->https://Thesis:2376
02:36:29.818 [Test worker] DEBUG o.a.h.i.c.DefaultHttpClientConnectionOperator - Connecting to Thesis/127.0.1.1:2376
02:36:29.819 [Test worker] DEBUG o.a.h.c.s.SSLConnectionSocketFactory - Connecting socket to Thesis/127.0.1.1:2376 with timeout 0
02:36:29.819 [Test worker] DEBUG o.a.h.c.s.SSLConnectionSocketFactory - Enabled protocols: [TLSv1]
02:36:29.820 [Test worker] DEBUG o.a.h.c.s.SSLConnectionSocketFactory - Enabled cipher suites:[TLS_ECDHE_ECDSA_WITH_AES_128_CBC_SHA, TLS_ECDHE_RSA_WITH_AES_128_CBC_SHA, TLS_RSA_WITH_AES_128_CBC_SHA, TLS_ECDH_ECDSA_WITH_AES_128_CBC_SHA, TLS_ECDH_RSA_WITH_AES_128_CBC_SHA, TLS_DHE_RSA_WITH_AES_128_CBC_SHA, TLS_DHE_DSS_WITH_AES_128_CBC_SHA, TLS_ECDHE_ECDSA_WITH_3DES_EDE_CBC_SHA, TLS_ECDHE_RSA_WITH_3DES_EDE_CBC_SHA, SSL_RSA_WITH_3DES_EDE_CBC_SHA, TLS_ECDH_ECDSA_WITH_3DES_EDE_CBC_SHA, TLS_ECDH_RSA_WITH_3DES_EDE_CBC_SHA, SSL_DHE_RSA_WITH_3DES_EDE_CBC_SHA, SSL_DHE_DSS_WITH_3DES_EDE_CBC_SHA, TLS_ECDHE_ECDSA_WITH_RC4_128_SHA, TLS_ECDHE_RSA_WITH_RC4_128_SHA, SSL_RSA_WITH_RC4_128_SHA, TLS_ECDH_ECDSA_WITH_RC4_128_SHA, TLS_ECDH_RSA_WITH_RC4_128_SHA, SSL_RSA_WITH_RC4_128_MD5, TLS_EMPTY_RENEGOTIATION_INFO_SCSV]
02:36:29.820 [Test worker] DEBUG o.a.h.c.s.SSLConnectionSocketFactory - Starting handshake
02:36:29.879 [Test worker] DEBUG o.a.h.c.s.SSLConnectionSocketFactory - Secure session established
02:36:29.880 [Test worker] DEBUG o.a.h.c.s.SSLConnectionSocketFactory -  negotiated protocol: TLSv1
02:36:29.880 [Test worker] DEBUG o.a.h.c.s.SSLConnectionSocketFactory -  negotiated cipher suite: TLS_ECDHE_RSA_WITH_AES_128_CBC_SHA
02:36:29.880 [Test worker] DEBUG o.a.h.c.s.SSLConnectionSocketFactory -  peer principal: CN=Thesis
02:36:29.880 [Test worker] DEBUG o.a.h.c.s.SSLConnectionSocketFactory -  issuer principal: EMAILADDRESS=sha@yamil.com, CN=Thesis, OU=Open, O=Fra, L=BER, ST=BER, C=DE
02:36:29.880 [Test worker] DEBUG o.a.h.i.c.DefaultHttpClientConnectionOperator - Connection established 127.0.0.1:41512<->127.0.1.1:2376
02:36:29.880 [Test worker] DEBUG o.a.h.impl.execchain.MainClientExec - Executing request GET /images/json?all=true HTTP/1.1
02:36:29.880 [Test worker] DEBUG o.a.h.impl.execchain.MainClientExec - Target auth state: UNCHALLENGED
02:36:29.881 [Test worker] DEBUG o.a.h.impl.execchain.MainClientExec - Proxy auth state: UNCHALLENGED
02:36:29.881 [Test worker] DEBUG org.apache.http.headers - http-outgoing-106 >> GET /images/json?all=true HTTP/1.1
02:36:29.881 [Test worker] DEBUG org.apache.http.headers - http-outgoing-106 >> Accept: application/json
02:36:29.881 [Test worker] DEBUG org.apache.http.headers - http-outgoing-106 >> User-Agent: Jersey/2.23.1 (Apache HttpClient 4.5.1)
02:36:29.881 [Test worker] DEBUG org.apache.http.headers - http-outgoing-106 >> Host: Thesis:2376
02:36:29.881 [Test worker] DEBUG org.apache.http.headers - http-outgoing-106 >> Connection: Keep-Alive
02:36:29.881 [Test worker] DEBUG org.apache.http.headers - http-outgoing-106 >> Accept-Encoding: gzip,deflate
02:36:29.881 [Test worker] DEBUG org.apache.http.wire - http-outgoing-106 >> "GET /images/json?all=true HTTP/1.1[\r][\n]"
02:36:29.881 [Test worker] DEBUG org.apache.http.wire - http-outgoing-106 >> "Accept: application/json[\r][\n]"
02:36:29.882 [Test worker] DEBUG org.apache.http.wire - http-outgoing-106 >> "User-Agent: Jersey/2.23.1 (Apache HttpClient 4.5.1)[\r][\n]"
02:36:29.882 [Test worker] DEBUG org.apache.http.wire - http-outgoing-106 >> "Host: Thesis:2376[\r][\n]"
02:36:29.882 [Test worker] DEBUG org.apache.http.wire - http-outgoing-106 >> "Connection: Keep-Alive[\r][\n]"
02:36:29.882 [Test worker] DEBUG org.apache.http.wire - http-outgoing-106 >> "Accept-Encoding: gzip,deflate[\r][\n]"
02:36:29.882 [Test worker] DEBUG org.apache.http.wire - http-outgoing-106 >> "[\r][\n]"
02:36:29.883 [Test worker] DEBUG org.apache.http.wire - http-outgoing-106 << "H"
02:36:29.883 [Test worker] DEBUG org.apache.http.wire - http-outgoing-106 << "TTP/1.1 200 OK[\r][\n]"
02:36:29.883 [Test worker] DEBUG org.apache.http.wire - http-outgoing-106 << "Content-Type: application/json[\r][\n]"
02:36:29.883 [Test worker] DEBUG org.apache.http.wire - http-outgoing-106 << "Server: Docker/1.12.3 (linux)[\r][\n]"
02:36:29.884 [Test worker] DEBUG org.apache.http.wire - http-outgoing-106 << "Date: Tue, 03 Jan 2017 01:36:29 GMT[\r][\n]"
02:36:29.884 [Test worker] DEBUG org.apache.http.wire - http-outgoing-106 << "Content-Length: 1195[\r][\n]"
02:36:29.884 [Test worker] DEBUG org.apache.http.wire - http-outgoing-106 << "[\r][\n]"
02:36:29.884 [Test worker] DEBUG org.apache.http.wire - http-outgoing-106 << "[{"Id":"sha256:4ca3a192ff2a5b7e225e81dc006b6379c10776ed3619757a65608cb72de0a7f6","ParentId":"","RepoTags":["ubuntu:latest"],"RepoDigests":["ubuntu@sha256:3b64c309deae7ab0f7dbdd42b6b326261ccd6261da5d88396439353162703fb5"],"Created":1480449877,"Size":128206574,"VirtualSize":128206574,"Labels":{}},{"Id":"sha256:aae2b63c49461fcae4962e4a8043f66acf8e3af7e62f5ebceb70b181d8ca01e0","ParentId":"","RepoTags":["ubuntu:14.04"],"RepoDigests":["ubuntu@sha256:edb984703bd3e8981ff541a5b9297ca1b81fde6e6e8094d86e390a38ebc30b4d"],"Created":1480449856,"Size":187952254,"VirtualSize":187952254,"Labels":{}},{"Id":"sha256:e02e811dd08fd49e7f6032625495118e63f597eb150403d02e3238af1df240ba","ParentId":"","RepoTags":["busybox:latest"],"RepoDigests":["busybox@sha256:29f5d56d12684887bdfa50dcd29fc31eea4aaf4ad3bec43daf19026a7ce69912"],"Created":1475874238,"Size":1093484,"VirtualSize":1093484,"Labels":{}},{"Id":"sha256:d654de4499473ed41349b54a988b6f46a7fc92e3fa2d61e102bf2660a0116e25","ParentId":"","RepoTags":["sakib37/iperf3:latest"],"RepoDigests":["sakib37/iperf3@sha256:8d80a810f8f508c074b14d02555f20110eac382c8dbda7252075392983629d40"],"Created":1474907599,"Size":199456654,"VirtualSize":199456654,"Labels":{}}][\n]"
02:36:29.884 [Test worker] DEBUG org.apache.http.headers - http-outgoing-106 << HTTP/1.1 200 OK
02:36:29.884 [Test worker] DEBUG org.apache.http.headers - http-outgoing-106 << Content-Type: application/json
02:36:29.884 [Test worker] DEBUG org.apache.http.headers - http-outgoing-106 << Server: Docker/1.12.3 (linux)
02:36:29.884 [Test worker] DEBUG org.apache.http.headers - http-outgoing-106 << Date: Tue, 03 Jan 2017 01:36:29 GMT
02:36:29.884 [Test worker] DEBUG org.apache.http.headers - http-outgoing-106 << Content-Length: 1195
02:36:29.885 [Test worker] DEBUG o.a.h.impl.execchain.MainClientExec - Connection can be kept alive indefinitely
02:36:29.885 [Test worker] DEBUG c.g.d.j.JerseyDockerCmdExecFactory - 14 * Client response received on thread Test worker
14 < 200
14 < Content-Length: 1195
14 < Content-Type: application/json
14 < Date: Tue, 03 Jan 2017 01:36:29 GMT
14 < Server: Docker/1.12.3 (linux)
[{"Id":"sha256:4ca3a192ff2a5b7e225e81dc006b6379c10776ed3619757a65608cb72de0a7f6","ParentId":"","RepoTags":["ubuntu:latest"],"RepoDigests":["ubuntu@sha256:3b64c309deae7ab0f7dbdd42b6b326261ccd6261da5d88396439353162703fb5"],"Created":1480449877,"Size":128206574,"VirtualSize":128206574,"Labels":{}},{"Id":"sha256:aae2b63c49461fcae4962e4a8043f66acf8e3af7e62f5ebceb70b181d8ca01e0","ParentId":"","RepoTags":["ubuntu:14.04"],"RepoDigests":["ubuntu@sha256:edb984703bd3e8981ff541a5b9297ca1b81fde6e6e8094d86e390a38ebc30b4d"],"Created":1480449856,"Size":187952254,"VirtualSize":187952254,"Labels":{}},{"Id":"sha256:e02e811dd08fd49e7f6032625495118e63f597eb150403d02e3238af1df240ba","ParentId":"","RepoTags":["busybox:latest"],"RepoDigests":["busybox@sha256:29f5d56d12684887bdfa50dcd29fc31eea4aaf4ad3bec43daf19026a7ce69912"],"Created":1475874238,"Size":1093484,"VirtualSize":1093484,"Labels":{}},{"Id":"sha256:d654de4499473ed41349b54a988b6f46a7fc92e3fa2d61e102bf2660a0116e25","ParentId":"","RepoTags":["sakib37/iperf3:latest"],"RepoDigests":["sakib37/iperf3@sha256:8d80a810f8f508c074b14d02555f20110eac382c8dbda7252075392983629d40"],"Created":1474907599,"Size":199456654,"VirtualSize":199456654,"Labels":{}}]


02:36:29.886 [Test worker] DEBUG o.a.h.i.c.DefaultManagedHttpClientConnection - http-outgoing-106: Close connection
02:36:29.886 [Test worker] DEBUG o.a.h.impl.execchain.MainClientExec - Connection discarded
02:36:29.886 [Test worker] DEBUG c.g.d.j.JerseyDockerCmdExecFactory$1 - Connection released: [id: 106][route: {s}->https://Thesis:2376][total kept alive: 1; route allocated: 1 of 2; total allocated: 1 of 20]
02:36:29.887 [Test worker] DEBUG org.openbaton.docker.DockerVim - Found a docker image, transformed into a NFV Image Image{id='sha256:aae2b63c49461fcae4962e4a8043f66acf8e3af7e62f5ebceb70b181d8ca01e0', name='ubuntu:14.04', version=0, extId='null', minRam='0', minDiskSpace='0', minCPU='null', public='true', diskFormat='null', containerFormat='docker', created='Sun Jan 18 04:14:09 CET 1970', updated='null'}
02:36:29.887 [Test worker] DEBUG c.g.d.core.command.AbstrDockerCmd - Cmd: -1,<null>,true,<null>,<null>,com.github.dockerjava.core.util.FiltersBuilder@0,com.github.dockerjava.jaxrs.ListContainersCmdExec@4b12cd26
02:36:29.887 [Test worker] DEBUG c.g.d.j.JerseyDockerCmdExecFactory - 15 * Sending client request on thread Test worker
15 > GET https://Thesis:2376/containers/json?all=true
15 > Accept: application/json

02:36:29.888 [Test worker] DEBUG o.a.h.c.protocol.RequestAddCookies - CookieSpec selected: default
02:36:29.888 [Test worker] DEBUG o.a.h.c.protocol.RequestAuthCache - Auth cache not set in the context
02:36:29.888 [Test worker] DEBUG c.g.d.j.JerseyDockerCmdExecFactory$1 - Connection request: [route: {s}->https://Thesis:2376][total kept alive: 1; route allocated: 1 of 2; total allocated: 1 of 20]
02:36:29.888 [Test worker] DEBUG c.g.d.j.JerseyDockerCmdExecFactory$1 - Connection leased: [id: 107][route: {s}->https://Thesis:2376][total kept alive: 1; route allocated: 2 of 2; total allocated: 2 of 20]
02:36:29.888 [Test worker] DEBUG o.a.h.impl.execchain.MainClientExec - Opening connection {s}->https://Thesis:2376
02:36:29.889 [Test worker] DEBUG o.a.h.i.c.DefaultHttpClientConnectionOperator - Connecting to Thesis/127.0.1.1:2376
02:36:29.889 [Test worker] DEBUG o.a.h.c.s.SSLConnectionSocketFactory - Connecting socket to Thesis/127.0.1.1:2376 with timeout 0
02:36:29.889 [Test worker] DEBUG o.a.h.c.s.SSLConnectionSocketFactory - Enabled protocols: [TLSv1]
02:36:29.890 [Test worker] DEBUG o.a.h.c.s.SSLConnectionSocketFactory - Enabled cipher suites:[TLS_ECDHE_ECDSA_WITH_AES_128_CBC_SHA, TLS_ECDHE_RSA_WITH_AES_128_CBC_SHA, TLS_RSA_WITH_AES_128_CBC_SHA, TLS_ECDH_ECDSA_WITH_AES_128_CBC_SHA, TLS_ECDH_RSA_WITH_AES_128_CBC_SHA, TLS_DHE_RSA_WITH_AES_128_CBC_SHA, TLS_DHE_DSS_WITH_AES_128_CBC_SHA, TLS_ECDHE_ECDSA_WITH_3DES_EDE_CBC_SHA, TLS_ECDHE_RSA_WITH_3DES_EDE_CBC_SHA, SSL_RSA_WITH_3DES_EDE_CBC_SHA, TLS_ECDH_ECDSA_WITH_3DES_EDE_CBC_SHA, TLS_ECDH_RSA_WITH_3DES_EDE_CBC_SHA, SSL_DHE_RSA_WITH_3DES_EDE_CBC_SHA, SSL_DHE_DSS_WITH_3DES_EDE_CBC_SHA, TLS_ECDHE_ECDSA_WITH_RC4_128_SHA, TLS_ECDHE_RSA_WITH_RC4_128_SHA, SSL_RSA_WITH_RC4_128_SHA, TLS_ECDH_ECDSA_WITH_RC4_128_SHA, TLS_ECDH_RSA_WITH_RC4_128_SHA, SSL_RSA_WITH_RC4_128_MD5, TLS_EMPTY_RENEGOTIATION_INFO_SCSV]
02:36:29.890 [Test worker] DEBUG o.a.h.c.s.SSLConnectionSocketFactory - Starting handshake
02:36:29.965 [Test worker] DEBUG o.a.h.c.s.SSLConnectionSocketFactory - Secure session established
02:36:29.965 [Test worker] DEBUG o.a.h.c.s.SSLConnectionSocketFactory -  negotiated protocol: TLSv1
02:36:29.965 [Test worker] DEBUG o.a.h.c.s.SSLConnectionSocketFactory -  negotiated cipher suite: TLS_ECDHE_RSA_WITH_AES_128_CBC_SHA
02:36:29.965 [Test worker] DEBUG o.a.h.c.s.SSLConnectionSocketFactory -  peer principal: CN=Thesis
02:36:29.965 [Test worker] DEBUG o.a.h.c.s.SSLConnectionSocketFactory -  issuer principal: EMAILADDRESS=sha@yamil.com, CN=Thesis, OU=Open, O=Fra, L=BER, ST=BER, C=DE
02:36:29.965 [Test worker] DEBUG o.a.h.i.c.DefaultHttpClientConnectionOperator - Connection established 127.0.0.1:41514<->127.0.1.1:2376
02:36:29.966 [Test worker] DEBUG o.a.h.impl.execchain.MainClientExec - Executing request GET /containers/json?all=true HTTP/1.1
02:36:29.966 [Test worker] DEBUG o.a.h.impl.execchain.MainClientExec - Target auth state: UNCHALLENGED
02:36:29.966 [Test worker] DEBUG o.a.h.impl.execchain.MainClientExec - Proxy auth state: UNCHALLENGED
02:36:29.966 [Test worker] DEBUG org.apache.http.headers - http-outgoing-107 >> GET /containers/json?all=true HTTP/1.1
02:36:29.966 [Test worker] DEBUG org.apache.http.headers - http-outgoing-107 >> Accept: application/json
02:36:29.966 [Test worker] DEBUG org.apache.http.headers - http-outgoing-107 >> User-Agent: Jersey/2.23.1 (Apache HttpClient 4.5.1)
02:36:29.966 [Test worker] DEBUG org.apache.http.headers - http-outgoing-107 >> Host: Thesis:2376
02:36:29.966 [Test worker] DEBUG org.apache.http.headers - http-outgoing-107 >> Connection: Keep-Alive
02:36:29.966 [Test worker] DEBUG org.apache.http.headers - http-outgoing-107 >> Accept-Encoding: gzip,deflate
02:36:29.967 [Test worker] DEBUG org.apache.http.wire - http-outgoing-107 >> "GET /containers/json?all=true HTTP/1.1[\r][\n]"
02:36:29.967 [Test worker] DEBUG org.apache.http.wire - http-outgoing-107 >> "Accept: application/json[\r][\n]"
02:36:29.967 [Test worker] DEBUG org.apache.http.wire - http-outgoing-107 >> "User-Agent: Jersey/2.23.1 (Apache HttpClient 4.5.1)[\r][\n]"
02:36:29.967 [Test worker] DEBUG org.apache.http.wire - http-outgoing-107 >> "Host: Thesis:2376[\r][\n]"
02:36:29.967 [Test worker] DEBUG org.apache.http.wire - http-outgoing-107 >> "Connection: Keep-Alive[\r][\n]"
02:36:29.967 [Test worker] DEBUG org.apache.http.wire - http-outgoing-107 >> "Accept-Encoding: gzip,deflate[\r][\n]"
02:36:29.967 [Test worker] DEBUG org.apache.http.wire - http-outgoing-107 >> "[\r][\n]"
02:36:29.968 [Test worker] DEBUG org.apache.http.wire - http-outgoing-107 << "H"
02:36:29.968 [Test worker] DEBUG org.apache.http.wire - http-outgoing-107 << "TTP/1.1 200 OK[\r][\n]"
02:36:29.968 [Test worker] DEBUG org.apache.http.wire - http-outgoing-107 << "Content-Type: application/json[\r][\n]"
02:36:29.968 [Test worker] DEBUG org.apache.http.wire - http-outgoing-107 << "Server: Docker/1.12.3 (linux)[\r][\n]"
02:36:29.968 [Test worker] DEBUG org.apache.http.wire - http-outgoing-107 << "Date: Tue, 03 Jan 2017 01:36:29 GMT[\r][\n]"
02:36:29.968 [Test worker] DEBUG org.apache.http.wire - http-outgoing-107 << "Content-Length: 855[\r][\n]"
02:36:29.968 [Test worker] DEBUG org.apache.http.wire - http-outgoing-107 << "[\r][\n]"
02:36:29.968 [Test worker] DEBUG org.apache.http.wire - http-outgoing-107 << "[{"Id":"8a31b18a84420452b538f5c2dd67fc2aa446683e3d35837f2674678fcf112f56","Names":["/MyContainer"],"Image":"ubuntu:14.04","ImageID":"sha256:aae2b63c49461fcae4962e4a8043f66acf8e3af7e62f5ebceb70b181d8ca01e0","Command":"sleep 99999","Created":1483407389,"Ports":[{"IP":"0.0.0.0","PrivatePort":8084,"PublicPort":8084,"Type":"tcp"}],"Labels":{},"State":"running","Status":"Up Less than a second","HostConfig":{"NetworkMode":"default"},"NetworkSettings":{"Networks":{"bridge":{"IPAMConfig":null,"Links":null,"Aliases":null,"NetworkID":"e0d36057aa1769e9fd52ba88be81b698b495f9b6b4946d0f98f24d971a27fc98","EndpointID":"81cb60842ff62f1421349d5ca7063cb1044a60c27fe8ff047a9447e1601e2bcd","Gateway":"172.17.0.1","IPAddress":"172.17.0.2","IPPrefixLen":16,"IPv6Gateway":"","GlobalIPv6Address":"","GlobalIPv6PrefixLen":0,"MacAddress":"02:42:ac:11:00:02"}}},"Mounts":[]}][\n]"
02:36:29.969 [Test worker] DEBUG org.apache.http.headers - http-outgoing-107 << HTTP/1.1 200 OK
02:36:29.969 [Test worker] DEBUG org.apache.http.headers - http-outgoing-107 << Content-Type: application/json
02:36:29.969 [Test worker] DEBUG org.apache.http.headers - http-outgoing-107 << Server: Docker/1.12.3 (linux)
02:36:29.969 [Test worker] DEBUG org.apache.http.headers - http-outgoing-107 << Date: Tue, 03 Jan 2017 01:36:29 GMT
02:36:29.969 [Test worker] DEBUG org.apache.http.headers - http-outgoing-107 << Content-Length: 855
02:36:29.969 [Test worker] DEBUG o.a.h.impl.execchain.MainClientExec - Connection can be kept alive indefinitely
02:36:29.969 [Test worker] DEBUG c.g.d.j.JerseyDockerCmdExecFactory - 16 * Client response received on thread Test worker
16 < 200
16 < Content-Length: 855
16 < Content-Type: application/json
16 < Date: Tue, 03 Jan 2017 01:36:29 GMT
16 < Server: Docker/1.12.3 (linux)
[{"Id":"8a31b18a84420452b538f5c2dd67fc2aa446683e3d35837f2674678fcf112f56","Names":["/MyContainer"],"Image":"ubuntu:14.04","ImageID":"sha256:aae2b63c49461fcae4962e4a8043f66acf8e3af7e62f5ebceb70b181d8ca01e0","Command":"sleep 99999","Created":1483407389,"Ports":[{"IP":"0.0.0.0","PrivatePort":8084,"PublicPort":8084,"Type":"tcp"}],"Labels":{},"State":"running","Status":"Up Less than a second","HostConfig":{"NetworkMode":"default"},"NetworkSettings":{"Networks":{"bridge":{"IPAMConfig":null,"Links":null,"Aliases":null,"NetworkID":"e0d36057aa1769e9fd52ba88be81b698b495f9b6b4946d0f98f24d971a27fc98","EndpointID":"81cb60842ff62f1421349d5ca7063cb1044a60c27fe8ff047a9447e1601e2bcd","Gateway":"172.17.0.1","IPAddress":"172.17.0.2","IPPrefixLen":16,"IPv6Gateway":"","GlobalIPv6Address":"","GlobalIPv6PrefixLen":0,"MacAddress":"02:42:ac:11:00:02"}}},"Mounts":[]}]


02:36:29.971 [Test worker] DEBUG o.a.h.i.c.DefaultManagedHttpClientConnection - http-outgoing-107: Close connection
02:36:29.971 [Test worker] DEBUG o.a.h.impl.execchain.MainClientExec - Connection discarded
02:36:29.971 [Test worker] DEBUG c.g.d.j.JerseyDockerCmdExecFactory$1 - Connection released: [id: 107][route: {s}->https://Thesis:2376][total kept alive: 1; route allocated: 1 of 2; total allocated: 1 of 20]
02:36:29.971 [Test worker] DEBUG c.g.d.core.command.AbstrDockerCmd - Cmd: ListImagesCmdImpl[imageNameFilter=<null>,showAll=true,filters=com.github.dockerjava.core.util.FiltersBuilder@0,execution=com.github.dockerjava.jaxrs.ListImagesCmdExec@63a94154]
02:36:29.972 [Test worker] DEBUG c.g.d.j.JerseyDockerCmdExecFactory - 17 * Sending client request on thread Test worker
17 > GET https://Thesis:2376/images/json?all=true
17 > Accept: application/json

02:36:29.972 [Test worker] DEBUG o.a.h.c.protocol.RequestAddCookies - CookieSpec selected: default
02:36:29.972 [Test worker] DEBUG o.a.h.c.protocol.RequestAuthCache - Auth cache not set in the context
02:36:29.973 [Test worker] DEBUG c.g.d.j.JerseyDockerCmdExecFactory$1 - Connection request: [route: {s}->https://Thesis:2376][total kept alive: 1; route allocated: 1 of 2; total allocated: 1 of 20]
02:36:29.973 [Test worker] DEBUG c.g.d.j.JerseyDockerCmdExecFactory$1 - Connection leased: [id: 108][route: {s}->https://Thesis:2376][total kept alive: 1; route allocated: 2 of 2; total allocated: 2 of 20]
02:36:29.973 [Test worker] DEBUG o.a.h.impl.execchain.MainClientExec - Opening connection {s}->https://Thesis:2376
02:36:29.973 [Test worker] DEBUG o.a.h.i.c.DefaultHttpClientConnectionOperator - Connecting to Thesis/127.0.1.1:2376
02:36:29.973 [Test worker] DEBUG o.a.h.c.s.SSLConnectionSocketFactory - Connecting socket to Thesis/127.0.1.1:2376 with timeout 0
02:36:29.974 [Test worker] DEBUG o.a.h.c.s.SSLConnectionSocketFactory - Enabled protocols: [TLSv1]
02:36:29.974 [Test worker] DEBUG o.a.h.c.s.SSLConnectionSocketFactory - Enabled cipher suites:[TLS_ECDHE_ECDSA_WITH_AES_128_CBC_SHA, TLS_ECDHE_RSA_WITH_AES_128_CBC_SHA, TLS_RSA_WITH_AES_128_CBC_SHA, TLS_ECDH_ECDSA_WITH_AES_128_CBC_SHA, TLS_ECDH_RSA_WITH_AES_128_CBC_SHA, TLS_DHE_RSA_WITH_AES_128_CBC_SHA, TLS_DHE_DSS_WITH_AES_128_CBC_SHA, TLS_ECDHE_ECDSA_WITH_3DES_EDE_CBC_SHA, TLS_ECDHE_RSA_WITH_3DES_EDE_CBC_SHA, SSL_RSA_WITH_3DES_EDE_CBC_SHA, TLS_ECDH_ECDSA_WITH_3DES_EDE_CBC_SHA, TLS_ECDH_RSA_WITH_3DES_EDE_CBC_SHA, SSL_DHE_RSA_WITH_3DES_EDE_CBC_SHA, SSL_DHE_DSS_WITH_3DES_EDE_CBC_SHA, TLS_ECDHE_ECDSA_WITH_RC4_128_SHA, TLS_ECDHE_RSA_WITH_RC4_128_SHA, SSL_RSA_WITH_RC4_128_SHA, TLS_ECDH_ECDSA_WITH_RC4_128_SHA, TLS_ECDH_RSA_WITH_RC4_128_SHA, SSL_RSA_WITH_RC4_128_MD5, TLS_EMPTY_RENEGOTIATION_INFO_SCSV]
02:36:29.974 [Test worker] DEBUG o.a.h.c.s.SSLConnectionSocketFactory - Starting handshake
02:36:30.034 [Test worker] DEBUG o.a.h.c.s.SSLConnectionSocketFactory - Secure session established
02:36:30.035 [Test worker] DEBUG o.a.h.c.s.SSLConnectionSocketFactory -  negotiated protocol: TLSv1
02:36:30.035 [Test worker] DEBUG o.a.h.c.s.SSLConnectionSocketFactory -  negotiated cipher suite: TLS_ECDHE_RSA_WITH_AES_128_CBC_SHA
02:36:30.035 [Test worker] DEBUG o.a.h.c.s.SSLConnectionSocketFactory -  peer principal: CN=Thesis
02:36:30.035 [Test worker] DEBUG o.a.h.c.s.SSLConnectionSocketFactory -  issuer principal: EMAILADDRESS=sha@yamil.com, CN=Thesis, OU=Open, O=Fra, L=BER, ST=BER, C=DE
02:36:30.035 [Test worker] DEBUG o.a.h.i.c.DefaultHttpClientConnectionOperator - Connection established 127.0.0.1:41516<->127.0.1.1:2376
02:36:30.035 [Test worker] DEBUG o.a.h.impl.execchain.MainClientExec - Executing request GET /images/json?all=true HTTP/1.1
02:36:30.035 [Test worker] DEBUG o.a.h.impl.execchain.MainClientExec - Target auth state: UNCHALLENGED
02:36:30.036 [Test worker] DEBUG o.a.h.impl.execchain.MainClientExec - Proxy auth state: UNCHALLENGED
02:36:30.036 [Test worker] DEBUG org.apache.http.headers - http-outgoing-108 >> GET /images/json?all=true HTTP/1.1
02:36:30.036 [Test worker] DEBUG org.apache.http.headers - http-outgoing-108 >> Accept: application/json
02:36:30.036 [Test worker] DEBUG org.apache.http.headers - http-outgoing-108 >> User-Agent: Jersey/2.23.1 (Apache HttpClient 4.5.1)
02:36:30.036 [Test worker] DEBUG org.apache.http.headers - http-outgoing-108 >> Host: Thesis:2376
02:36:30.036 [Test worker] DEBUG org.apache.http.headers - http-outgoing-108 >> Connection: Keep-Alive
02:36:30.036 [Test worker] DEBUG org.apache.http.headers - http-outgoing-108 >> Accept-Encoding: gzip,deflate
02:36:30.036 [Test worker] DEBUG org.apache.http.wire - http-outgoing-108 >> "GET /images/json?all=true HTTP/1.1[\r][\n]"
02:36:30.037 [Test worker] DEBUG org.apache.http.wire - http-outgoing-108 >> "Accept: application/json[\r][\n]"
02:36:30.037 [Test worker] DEBUG org.apache.http.wire - http-outgoing-108 >> "User-Agent: Jersey/2.23.1 (Apache HttpClient 4.5.1)[\r][\n]"
02:36:30.037 [Test worker] DEBUG org.apache.http.wire - http-outgoing-108 >> "Host: Thesis:2376[\r][\n]"
02:36:30.037 [Test worker] DEBUG org.apache.http.wire - http-outgoing-108 >> "Connection: Keep-Alive[\r][\n]"
02:36:30.037 [Test worker] DEBUG org.apache.http.wire - http-outgoing-108 >> "Accept-Encoding: gzip,deflate[\r][\n]"
02:36:30.037 [Test worker] DEBUG org.apache.http.wire - http-outgoing-108 >> "[\r][\n]"
02:36:30.039 [Test worker] DEBUG org.apache.http.wire - http-outgoing-108 << "H"
02:36:30.039 [Test worker] DEBUG org.apache.http.wire - http-outgoing-108 << "TTP/1.1 200 OK[\r][\n]"
02:36:30.039 [Test worker] DEBUG org.apache.http.wire - http-outgoing-108 << "Content-Type: application/json[\r][\n]"
02:36:30.039 [Test worker] DEBUG org.apache.http.wire - http-outgoing-108 << "Server: Docker/1.12.3 (linux)[\r][\n]"
02:36:30.039 [Test worker] DEBUG org.apache.http.wire - http-outgoing-108 << "Date: Tue, 03 Jan 2017 01:36:30 GMT[\r][\n]"
02:36:30.039 [Test worker] DEBUG org.apache.http.wire - http-outgoing-108 << "Content-Length: 1195[\r][\n]"
02:36:30.040 [Test worker] DEBUG org.apache.http.wire - http-outgoing-108 << "[\r][\n]"
02:36:30.040 [Test worker] DEBUG org.apache.http.wire - http-outgoing-108 << "[{"Id":"sha256:4ca3a192ff2a5b7e225e81dc006b6379c10776ed3619757a65608cb72de0a7f6","ParentId":"","RepoTags":["ubuntu:latest"],"RepoDigests":["ubuntu@sha256:3b64c309deae7ab0f7dbdd42b6b326261ccd6261da5d88396439353162703fb5"],"Created":1480449877,"Size":128206574,"VirtualSize":128206574,"Labels":{}},{"Id":"sha256:aae2b63c49461fcae4962e4a8043f66acf8e3af7e62f5ebceb70b181d8ca01e0","ParentId":"","RepoTags":["ubuntu:14.04"],"RepoDigests":["ubuntu@sha256:edb984703bd3e8981ff541a5b9297ca1b81fde6e6e8094d86e390a38ebc30b4d"],"Created":1480449856,"Size":187952254,"VirtualSize":187952254,"Labels":{}},{"Id":"sha256:e02e811dd08fd49e7f6032625495118e63f597eb150403d02e3238af1df240ba","ParentId":"","RepoTags":["busybox:latest"],"RepoDigests":["busybox@sha256:29f5d56d12684887bdfa50dcd29fc31eea4aaf4ad3bec43daf19026a7ce69912"],"Created":1475874238,"Size":1093484,"VirtualSize":1093484,"Labels":{}},{"Id":"sha256:d654de4499473ed41349b54a988b6f46a7fc92e3fa2d61e102bf2660a0116e25","ParentId":"","RepoTags":["sakib37/iperf3:latest"],"RepoDigests":["sakib37/iperf3@sha256:8d80a810f8f508c074b14d02555f20110eac382c8dbda7252075392983629d40"],"Created":1474907599,"Size":199456654,"VirtualSize":199456654,"Labels":{}}][\n]"
02:36:30.040 [Test worker] DEBUG org.apache.http.headers - http-outgoing-108 << HTTP/1.1 200 OK
02:36:30.040 [Test worker] DEBUG org.apache.http.headers - http-outgoing-108 << Content-Type: application/json
02:36:30.040 [Test worker] DEBUG org.apache.http.headers - http-outgoing-108 << Server: Docker/1.12.3 (linux)
02:36:30.040 [Test worker] DEBUG org.apache.http.headers - http-outgoing-108 << Date: Tue, 03 Jan 2017 01:36:30 GMT
02:36:30.040 [Test worker] DEBUG org.apache.http.headers - http-outgoing-108 << Content-Length: 1195
02:36:30.040 [Test worker] DEBUG o.a.h.impl.execchain.MainClientExec - Connection can be kept alive indefinitely
02:36:30.041 [Test worker] DEBUG c.g.d.j.JerseyDockerCmdExecFactory - 18 * Client response received on thread Test worker
18 < 200
18 < Content-Length: 1195
18 < Content-Type: application/json
18 < Date: Tue, 03 Jan 2017 01:36:30 GMT
18 < Server: Docker/1.12.3 (linux)
[{"Id":"sha256:4ca3a192ff2a5b7e225e81dc006b6379c10776ed3619757a65608cb72de0a7f6","ParentId":"","RepoTags":["ubuntu:latest"],"RepoDigests":["ubuntu@sha256:3b64c309deae7ab0f7dbdd42b6b326261ccd6261da5d88396439353162703fb5"],"Created":1480449877,"Size":128206574,"VirtualSize":128206574,"Labels":{}},{"Id":"sha256:aae2b63c49461fcae4962e4a8043f66acf8e3af7e62f5ebceb70b181d8ca01e0","ParentId":"","RepoTags":["ubuntu:14.04"],"RepoDigests":["ubuntu@sha256:edb984703bd3e8981ff541a5b9297ca1b81fde6e6e8094d86e390a38ebc30b4d"],"Created":1480449856,"Size":187952254,"VirtualSize":187952254,"Labels":{}},{"Id":"sha256:e02e811dd08fd49e7f6032625495118e63f597eb150403d02e3238af1df240ba","ParentId":"","RepoTags":["busybox:latest"],"RepoDigests":["busybox@sha256:29f5d56d12684887bdfa50dcd29fc31eea4aaf4ad3bec43daf19026a7ce69912"],"Created":1475874238,"Size":1093484,"VirtualSize":1093484,"Labels":{}},{"Id":"sha256:d654de4499473ed41349b54a988b6f46a7fc92e3fa2d61e102bf2660a0116e25","ParentId":"","RepoTags":["sakib37/iperf3:latest"],"RepoDigests":["sakib37/iperf3@sha256:8d80a810f8f508c074b14d02555f20110eac382c8dbda7252075392983629d40"],"Created":1474907599,"Size":199456654,"VirtualSize":199456654,"Labels":{}}]


02:36:30.042 [Test worker] DEBUG o.a.h.i.c.DefaultManagedHttpClientConnection - http-outgoing-108: Close connection
02:36:30.042 [Test worker] DEBUG o.a.h.impl.execchain.MainClientExec - Connection discarded
02:36:30.043 [Test worker] DEBUG c.g.d.j.JerseyDockerCmdExecFactory$1 - Connection released: [id: 108][route: {s}->https://Thesis:2376][total kept alive: 1; route allocated: 1 of 2; total allocated: 1 of 20]
02:36:30.043 [Test worker] DEBUG org.openbaton.docker.DockerVim - Found a docker image, transformed into a NFV Image Image{id='sha256:aae2b63c49461fcae4962e4a8043f66acf8e3af7e62f5ebceb70b181d8ca01e0', name='ubuntu:14.04', version=0, extId='null', minRam='0', minDiskSpace='0', minCPU='null', public='true', diskFormat='null', containerFormat='docker', created='Sun Jan 18 04:14:09 CET 1970', updated='null'}
02:36:30.043 [Test worker] DEBUG c.g.d.core.command.AbstrDockerCmd - Cmd: -1,<null>,true,<null>,<null>,com.github.dockerjava.core.util.FiltersBuilder@0,com.github.dockerjava.jaxrs.ListContainersCmdExec@14777d1c
02:36:30.043 [Test worker] DEBUG c.g.d.j.JerseyDockerCmdExecFactory - 19 * Sending client request on thread Test worker
19 > GET https://Thesis:2376/containers/json?all=true
19 > Accept: application/json

02:36:30.044 [Test worker] DEBUG o.a.h.c.protocol.RequestAddCookies - CookieSpec selected: default
02:36:30.044 [Test worker] DEBUG o.a.h.c.protocol.RequestAuthCache - Auth cache not set in the context
02:36:30.044 [Test worker] DEBUG c.g.d.j.JerseyDockerCmdExecFactory$1 - Connection request: [route: {s}->https://Thesis:2376][total kept alive: 1; route allocated: 1 of 2; total allocated: 1 of 20]
02:36:30.044 [Test worker] DEBUG c.g.d.j.JerseyDockerCmdExecFactory$1 - Connection leased: [id: 109][route: {s}->https://Thesis:2376][total kept alive: 1; route allocated: 2 of 2; total allocated: 2 of 20]
02:36:30.045 [Test worker] DEBUG o.a.h.impl.execchain.MainClientExec - Opening connection {s}->https://Thesis:2376
02:36:30.045 [Test worker] DEBUG o.a.h.i.c.DefaultHttpClientConnectionOperator - Connecting to Thesis/127.0.1.1:2376
02:36:30.045 [Test worker] DEBUG o.a.h.c.s.SSLConnectionSocketFactory - Connecting socket to Thesis/127.0.1.1:2376 with timeout 0
02:36:30.046 [Test worker] DEBUG o.a.h.c.s.SSLConnectionSocketFactory - Enabled protocols: [TLSv1]
02:36:30.046 [Test worker] DEBUG o.a.h.c.s.SSLConnectionSocketFactory - Enabled cipher suites:[TLS_ECDHE_ECDSA_WITH_AES_128_CBC_SHA, TLS_ECDHE_RSA_WITH_AES_128_CBC_SHA, TLS_RSA_WITH_AES_128_CBC_SHA, TLS_ECDH_ECDSA_WITH_AES_128_CBC_SHA, TLS_ECDH_RSA_WITH_AES_128_CBC_SHA, TLS_DHE_RSA_WITH_AES_128_CBC_SHA, TLS_DHE_DSS_WITH_AES_128_CBC_SHA, TLS_ECDHE_ECDSA_WITH_3DES_EDE_CBC_SHA, TLS_ECDHE_RSA_WITH_3DES_EDE_CBC_SHA, SSL_RSA_WITH_3DES_EDE_CBC_SHA, TLS_ECDH_ECDSA_WITH_3DES_EDE_CBC_SHA, TLS_ECDH_RSA_WITH_3DES_EDE_CBC_SHA, SSL_DHE_RSA_WITH_3DES_EDE_CBC_SHA, SSL_DHE_DSS_WITH_3DES_EDE_CBC_SHA, TLS_ECDHE_ECDSA_WITH_RC4_128_SHA, TLS_ECDHE_RSA_WITH_RC4_128_SHA, SSL_RSA_WITH_RC4_128_SHA, TLS_ECDH_ECDSA_WITH_RC4_128_SHA, TLS_ECDH_RSA_WITH_RC4_128_SHA, SSL_RSA_WITH_RC4_128_MD5, TLS_EMPTY_RENEGOTIATION_INFO_SCSV]
02:36:30.046 [Test worker] DEBUG o.a.h.c.s.SSLConnectionSocketFactory - Starting handshake
02:36:30.105 [Test worker] DEBUG o.a.h.c.s.SSLConnectionSocketFactory - Secure session established
02:36:30.106 [Test worker] DEBUG o.a.h.c.s.SSLConnectionSocketFactory -  negotiated protocol: TLSv1
02:36:30.106 [Test worker] DEBUG o.a.h.c.s.SSLConnectionSocketFactory -  negotiated cipher suite: TLS_ECDHE_RSA_WITH_AES_128_CBC_SHA
02:36:30.106 [Test worker] DEBUG o.a.h.c.s.SSLConnectionSocketFactory -  peer principal: CN=Thesis
02:36:30.106 [Test worker] DEBUG o.a.h.c.s.SSLConnectionSocketFactory -  issuer principal: EMAILADDRESS=sha@yamil.com, CN=Thesis, OU=Open, O=Fra, L=BER, ST=BER, C=DE
02:36:30.106 [Test worker] DEBUG o.a.h.i.c.DefaultHttpClientConnectionOperator - Connection established 127.0.0.1:41518<->127.0.1.1:2376
02:36:30.106 [Test worker] DEBUG o.a.h.impl.execchain.MainClientExec - Executing request GET /containers/json?all=true HTTP/1.1
02:36:30.106 [Test worker] DEBUG o.a.h.impl.execchain.MainClientExec - Target auth state: UNCHALLENGED
02:36:30.107 [Test worker] DEBUG o.a.h.impl.execchain.MainClientExec - Proxy auth state: UNCHALLENGED
02:36:30.107 [Test worker] DEBUG org.apache.http.headers - http-outgoing-109 >> GET /containers/json?all=true HTTP/1.1
02:36:30.107 [Test worker] DEBUG org.apache.http.headers - http-outgoing-109 >> Accept: application/json
02:36:30.107 [Test worker] DEBUG org.apache.http.headers - http-outgoing-109 >> User-Agent: Jersey/2.23.1 (Apache HttpClient 4.5.1)
02:36:30.107 [Test worker] DEBUG org.apache.http.headers - http-outgoing-109 >> Host: Thesis:2376
02:36:30.107 [Test worker] DEBUG org.apache.http.headers - http-outgoing-109 >> Connection: Keep-Alive
02:36:30.107 [Test worker] DEBUG org.apache.http.headers - http-outgoing-109 >> Accept-Encoding: gzip,deflate
02:36:30.107 [Test worker] DEBUG org.apache.http.wire - http-outgoing-109 >> "GET /containers/json?all=true HTTP/1.1[\r][\n]"
02:36:30.108 [Test worker] DEBUG org.apache.http.wire - http-outgoing-109 >> "Accept: application/json[\r][\n]"
02:36:30.108 [Test worker] DEBUG org.apache.http.wire - http-outgoing-109 >> "User-Agent: Jersey/2.23.1 (Apache HttpClient 4.5.1)[\r][\n]"
02:36:30.108 [Test worker] DEBUG org.apache.http.wire - http-outgoing-109 >> "Host: Thesis:2376[\r][\n]"
02:36:30.108 [Test worker] DEBUG org.apache.http.wire - http-outgoing-109 >> "Connection: Keep-Alive[\r][\n]"
02:36:30.108 [Test worker] DEBUG org.apache.http.wire - http-outgoing-109 >> "Accept-Encoding: gzip,deflate[\r][\n]"
02:36:30.108 [Test worker] DEBUG org.apache.http.wire - http-outgoing-109 >> "[\r][\n]"
02:36:30.108 [Test worker] DEBUG org.apache.http.wire - http-outgoing-109 << "H"
02:36:30.109 [Test worker] DEBUG org.apache.http.wire - http-outgoing-109 << "TTP/1.1 200 OK[\r][\n]"
02:36:30.109 [Test worker] DEBUG org.apache.http.wire - http-outgoing-109 << "Content-Type: application/json[\r][\n]"
02:36:30.109 [Test worker] DEBUG org.apache.http.wire - http-outgoing-109 << "Server: Docker/1.12.3 (linux)[\r][\n]"
02:36:30.109 [Test worker] DEBUG org.apache.http.wire - http-outgoing-109 << "Date: Tue, 03 Jan 2017 01:36:30 GMT[\r][\n]"
02:36:30.109 [Test worker] DEBUG org.apache.http.wire - http-outgoing-109 << "Content-Length: 855[\r][\n]"
02:36:30.109 [Test worker] DEBUG org.apache.http.wire - http-outgoing-109 << "[\r][\n]"
02:36:30.109 [Test worker] DEBUG org.apache.http.wire - http-outgoing-109 << "[{"Id":"8a31b18a84420452b538f5c2dd67fc2aa446683e3d35837f2674678fcf112f56","Names":["/MyContainer"],"Image":"ubuntu:14.04","ImageID":"sha256:aae2b63c49461fcae4962e4a8043f66acf8e3af7e62f5ebceb70b181d8ca01e0","Command":"sleep 99999","Created":1483407389,"Ports":[{"IP":"0.0.0.0","PrivatePort":8084,"PublicPort":8084,"Type":"tcp"}],"Labels":{},"State":"running","Status":"Up Less than a second","HostConfig":{"NetworkMode":"default"},"NetworkSettings":{"Networks":{"bridge":{"IPAMConfig":null,"Links":null,"Aliases":null,"NetworkID":"e0d36057aa1769e9fd52ba88be81b698b495f9b6b4946d0f98f24d971a27fc98","EndpointID":"81cb60842ff62f1421349d5ca7063cb1044a60c27fe8ff047a9447e1601e2bcd","Gateway":"172.17.0.1","IPAddress":"172.17.0.2","IPPrefixLen":16,"IPv6Gateway":"","GlobalIPv6Address":"","GlobalIPv6PrefixLen":0,"MacAddress":"02:42:ac:11:00:02"}}},"Mounts":[]}][\n]"
02:36:30.109 [Test worker] DEBUG org.apache.http.headers - http-outgoing-109 << HTTP/1.1 200 OK
02:36:30.110 [Test worker] DEBUG org.apache.http.headers - http-outgoing-109 << Content-Type: application/json
02:36:30.110 [Test worker] DEBUG org.apache.http.headers - http-outgoing-109 << Server: Docker/1.12.3 (linux)
02:36:30.110 [Test worker] DEBUG org.apache.http.headers - http-outgoing-109 << Date: Tue, 03 Jan 2017 01:36:30 GMT
02:36:30.110 [Test worker] DEBUG org.apache.http.headers - http-outgoing-109 << Content-Length: 855
02:36:30.110 [Test worker] DEBUG o.a.h.impl.execchain.MainClientExec - Connection can be kept alive indefinitely
02:36:30.110 [Test worker] DEBUG c.g.d.j.JerseyDockerCmdExecFactory - 20 * Client response received on thread Test worker
20 < 200
20 < Content-Length: 855
20 < Content-Type: application/json
20 < Date: Tue, 03 Jan 2017 01:36:30 GMT
20 < Server: Docker/1.12.3 (linux)
[{"Id":"8a31b18a84420452b538f5c2dd67fc2aa446683e3d35837f2674678fcf112f56","Names":["/MyContainer"],"Image":"ubuntu:14.04","ImageID":"sha256:aae2b63c49461fcae4962e4a8043f66acf8e3af7e62f5ebceb70b181d8ca01e0","Command":"sleep 99999","Created":1483407389,"Ports":[{"IP":"0.0.0.0","PrivatePort":8084,"PublicPort":8084,"Type":"tcp"}],"Labels":{},"State":"running","Status":"Up Less than a second","HostConfig":{"NetworkMode":"default"},"NetworkSettings":{"Networks":{"bridge":{"IPAMConfig":null,"Links":null,"Aliases":null,"NetworkID":"e0d36057aa1769e9fd52ba88be81b698b495f9b6b4946d0f98f24d971a27fc98","EndpointID":"81cb60842ff62f1421349d5ca7063cb1044a60c27fe8ff047a9447e1601e2bcd","Gateway":"172.17.0.1","IPAddress":"172.17.0.2","IPPrefixLen":16,"IPv6Gateway":"","GlobalIPv6Address":"","GlobalIPv6PrefixLen":0,"MacAddress":"02:42:ac:11:00:02"}}},"Mounts":[]}]


02:36:30.112 [Test worker] DEBUG o.a.h.i.c.DefaultManagedHttpClientConnection - http-outgoing-109: Close connection
02:36:30.112 [Test worker] DEBUG o.a.h.impl.execchain.MainClientExec - Connection discarded
02:36:30.113 [Test worker] DEBUG c.g.d.j.JerseyDockerCmdExecFactory$1 - Connection released: [id: 109][route: {s}->https://Thesis:2376][total kept alive: 1; route allocated: 1 of 2; total allocated: 1 of 20]
02:36:30.113 [Test worker] DEBUG c.g.d.core.command.AbstrDockerCmd - Cmd: ListImagesCmdImpl[imageNameFilter=<null>,showAll=true,filters=com.github.dockerjava.core.util.FiltersBuilder@0,execution=com.github.dockerjava.jaxrs.ListImagesCmdExec@1fd2d909]
02:36:30.113 [Test worker] DEBUG c.g.d.j.JerseyDockerCmdExecFactory - 21 * Sending client request on thread Test worker
21 > GET https://Thesis:2376/images/json?all=true
21 > Accept: application/json

02:36:30.114 [Test worker] DEBUG o.a.h.c.protocol.RequestAddCookies - CookieSpec selected: default
02:36:30.114 [Test worker] DEBUG o.a.h.c.protocol.RequestAuthCache - Auth cache not set in the context
02:36:30.114 [Test worker] DEBUG c.g.d.j.JerseyDockerCmdExecFactory$1 - Connection request: [route: {s}->https://Thesis:2376][total kept alive: 1; route allocated: 1 of 2; total allocated: 1 of 20]
02:36:30.114 [Test worker] DEBUG c.g.d.j.JerseyDockerCmdExecFactory$1 - Connection leased: [id: 110][route: {s}->https://Thesis:2376][total kept alive: 1; route allocated: 2 of 2; total allocated: 2 of 20]
02:36:30.114 [Test worker] DEBUG o.a.h.impl.execchain.MainClientExec - Opening connection {s}->https://Thesis:2376
02:36:30.115 [Test worker] DEBUG o.a.h.i.c.DefaultHttpClientConnectionOperator - Connecting to Thesis/127.0.1.1:2376
02:36:30.115 [Test worker] DEBUG o.a.h.c.s.SSLConnectionSocketFactory - Connecting socket to Thesis/127.0.1.1:2376 with timeout 0
02:36:30.116 [Test worker] DEBUG o.a.h.c.s.SSLConnectionSocketFactory - Enabled protocols: [TLSv1]
02:36:30.116 [Test worker] DEBUG o.a.h.c.s.SSLConnectionSocketFactory - Enabled cipher suites:[TLS_ECDHE_ECDSA_WITH_AES_128_CBC_SHA, TLS_ECDHE_RSA_WITH_AES_128_CBC_SHA, TLS_RSA_WITH_AES_128_CBC_SHA, TLS_ECDH_ECDSA_WITH_AES_128_CBC_SHA, TLS_ECDH_RSA_WITH_AES_128_CBC_SHA, TLS_DHE_RSA_WITH_AES_128_CBC_SHA, TLS_DHE_DSS_WITH_AES_128_CBC_SHA, TLS_ECDHE_ECDSA_WITH_3DES_EDE_CBC_SHA, TLS_ECDHE_RSA_WITH_3DES_EDE_CBC_SHA, SSL_RSA_WITH_3DES_EDE_CBC_SHA, TLS_ECDH_ECDSA_WITH_3DES_EDE_CBC_SHA, TLS_ECDH_RSA_WITH_3DES_EDE_CBC_SHA, SSL_DHE_RSA_WITH_3DES_EDE_CBC_SHA, SSL_DHE_DSS_WITH_3DES_EDE_CBC_SHA, TLS_ECDHE_ECDSA_WITH_RC4_128_SHA, TLS_ECDHE_RSA_WITH_RC4_128_SHA, SSL_RSA_WITH_RC4_128_SHA, TLS_ECDH_ECDSA_WITH_RC4_128_SHA, TLS_ECDH_RSA_WITH_RC4_128_SHA, SSL_RSA_WITH_RC4_128_MD5, TLS_EMPTY_RENEGOTIATION_INFO_SCSV]
02:36:30.116 [Test worker] DEBUG o.a.h.c.s.SSLConnectionSocketFactory - Starting handshake
02:36:30.178 [Test worker] DEBUG o.a.h.c.s.SSLConnectionSocketFactory - Secure session established
02:36:30.178 [Test worker] DEBUG o.a.h.c.s.SSLConnectionSocketFactory -  negotiated protocol: TLSv1
02:36:30.178 [Test worker] DEBUG o.a.h.c.s.SSLConnectionSocketFactory -  negotiated cipher suite: TLS_ECDHE_RSA_WITH_AES_128_CBC_SHA
02:36:30.178 [Test worker] DEBUG o.a.h.c.s.SSLConnectionSocketFactory -  peer principal: CN=Thesis
02:36:30.178 [Test worker] DEBUG o.a.h.c.s.SSLConnectionSocketFactory -  issuer principal: EMAILADDRESS=sha@yamil.com, CN=Thesis, OU=Open, O=Fra, L=BER, ST=BER, C=DE
02:36:30.179 [Test worker] DEBUG o.a.h.i.c.DefaultHttpClientConnectionOperator - Connection established 127.0.0.1:41520<->127.0.1.1:2376
02:36:30.179 [Test worker] DEBUG o.a.h.impl.execchain.MainClientExec - Executing request GET /images/json?all=true HTTP/1.1
02:36:30.179 [Test worker] DEBUG o.a.h.impl.execchain.MainClientExec - Target auth state: UNCHALLENGED
02:36:30.179 [Test worker] DEBUG o.a.h.impl.execchain.MainClientExec - Proxy auth state: UNCHALLENGED
02:36:30.179 [Test worker] DEBUG org.apache.http.headers - http-outgoing-110 >> GET /images/json?all=true HTTP/1.1
02:36:30.179 [Test worker] DEBUG org.apache.http.headers - http-outgoing-110 >> Accept: application/json
02:36:30.179 [Test worker] DEBUG org.apache.http.headers - http-outgoing-110 >> User-Agent: Jersey/2.23.1 (Apache HttpClient 4.5.1)
02:36:30.179 [Test worker] DEBUG org.apache.http.headers - http-outgoing-110 >> Host: Thesis:2376
02:36:30.180 [Test worker] DEBUG org.apache.http.headers - http-outgoing-110 >> Connection: Keep-Alive
02:36:30.180 [Test worker] DEBUG org.apache.http.headers - http-outgoing-110 >> Accept-Encoding: gzip,deflate
02:36:30.180 [Test worker] DEBUG org.apache.http.wire - http-outgoing-110 >> "GET /images/json?all=true HTTP/1.1[\r][\n]"
02:36:30.180 [Test worker] DEBUG org.apache.http.wire - http-outgoing-110 >> "Accept: application/json[\r][\n]"
02:36:30.180 [Test worker] DEBUG org.apache.http.wire - http-outgoing-110 >> "User-Agent: Jersey/2.23.1 (Apache HttpClient 4.5.1)[\r][\n]"
02:36:30.180 [Test worker] DEBUG org.apache.http.wire - http-outgoing-110 >> "Host: Thesis:2376[\r][\n]"
02:36:30.180 [Test worker] DEBUG org.apache.http.wire - http-outgoing-110 >> "Connection: Keep-Alive[\r][\n]"
02:36:30.180 [Test worker] DEBUG org.apache.http.wire - http-outgoing-110 >> "Accept-Encoding: gzip,deflate[\r][\n]"
02:36:30.180 [Test worker] DEBUG org.apache.http.wire - http-outgoing-110 >> "[\r][\n]"
02:36:30.181 [Test worker] DEBUG org.apache.http.wire - http-outgoing-110 << "H"
02:36:30.181 [Test worker] DEBUG org.apache.http.wire - http-outgoing-110 << "TTP/1.1 200 OK[\r][\n]"
02:36:30.182 [Test worker] DEBUG org.apache.http.wire - http-outgoing-110 << "Content-Type: application/json[\r][\n]"
02:36:30.182 [Test worker] DEBUG org.apache.http.wire - http-outgoing-110 << "Server: Docker/1.12.3 (linux)[\r][\n]"
02:36:30.182 [Test worker] DEBUG org.apache.http.wire - http-outgoing-110 << "Date: Tue, 03 Jan 2017 01:36:30 GMT[\r][\n]"
02:36:30.182 [Test worker] DEBUG org.apache.http.wire - http-outgoing-110 << "Content-Length: 1195[\r][\n]"
02:36:30.182 [Test worker] DEBUG org.apache.http.wire - http-outgoing-110 << "[\r][\n]"
02:36:30.182 [Test worker] DEBUG org.apache.http.wire - http-outgoing-110 << "[{"Id":"sha256:4ca3a192ff2a5b7e225e81dc006b6379c10776ed3619757a65608cb72de0a7f6","ParentId":"","RepoTags":["ubuntu:latest"],"RepoDigests":["ubuntu@sha256:3b64c309deae7ab0f7dbdd42b6b326261ccd6261da5d88396439353162703fb5"],"Created":1480449877,"Size":128206574,"VirtualSize":128206574,"Labels":{}},{"Id":"sha256:aae2b63c49461fcae4962e4a8043f66acf8e3af7e62f5ebceb70b181d8ca01e0","ParentId":"","RepoTags":["ubuntu:14.04"],"RepoDigests":["ubuntu@sha256:edb984703bd3e8981ff541a5b9297ca1b81fde6e6e8094d86e390a38ebc30b4d"],"Created":1480449856,"Size":187952254,"VirtualSize":187952254,"Labels":{}},{"Id":"sha256:e02e811dd08fd49e7f6032625495118e63f597eb150403d02e3238af1df240ba","ParentId":"","RepoTags":["busybox:latest"],"RepoDigests":["busybox@sha256:29f5d56d12684887bdfa50dcd29fc31eea4aaf4ad3bec43daf19026a7ce69912"],"Created":1475874238,"Size":1093484,"VirtualSize":1093484,"Labels":{}},{"Id":"sha256:d654de4499473ed41349b54a988b6f46a7fc92e3fa2d61e102bf2660a0116e25","ParentId":"","RepoTags":["sakib37/iperf3:latest"],"RepoDigests":["sakib37/iperf3@sha256:8d80a810f8f508c074b14d02555f20110eac382c8dbda7252075392983629d40"],"Created":1474907599,"Size":199456654,"VirtualSize":199456654,"Labels":{}}][\n]"
02:36:30.182 [Test worker] DEBUG org.apache.http.headers - http-outgoing-110 << HTTP/1.1 200 OK
02:36:30.182 [Test worker] DEBUG org.apache.http.headers - http-outgoing-110 << Content-Type: application/json
02:36:30.183 [Test worker] DEBUG org.apache.http.headers - http-outgoing-110 << Server: Docker/1.12.3 (linux)
02:36:30.183 [Test worker] DEBUG org.apache.http.headers - http-outgoing-110 << Date: Tue, 03 Jan 2017 01:36:30 GMT
02:36:30.183 [Test worker] DEBUG org.apache.http.headers - http-outgoing-110 << Content-Length: 1195
02:36:30.183 [Test worker] DEBUG o.a.h.impl.execchain.MainClientExec - Connection can be kept alive indefinitely
02:36:30.183 [Test worker] DEBUG c.g.d.j.JerseyDockerCmdExecFactory - 22 * Client response received on thread Test worker
22 < 200
22 < Content-Length: 1195
22 < Content-Type: application/json
22 < Date: Tue, 03 Jan 2017 01:36:30 GMT
22 < Server: Docker/1.12.3 (linux)
[{"Id":"sha256:4ca3a192ff2a5b7e225e81dc006b6379c10776ed3619757a65608cb72de0a7f6","ParentId":"","RepoTags":["ubuntu:latest"],"RepoDigests":["ubuntu@sha256:3b64c309deae7ab0f7dbdd42b6b326261ccd6261da5d88396439353162703fb5"],"Created":1480449877,"Size":128206574,"VirtualSize":128206574,"Labels":{}},{"Id":"sha256:aae2b63c49461fcae4962e4a8043f66acf8e3af7e62f5ebceb70b181d8ca01e0","ParentId":"","RepoTags":["ubuntu:14.04"],"RepoDigests":["ubuntu@sha256:edb984703bd3e8981ff541a5b9297ca1b81fde6e6e8094d86e390a38ebc30b4d"],"Created":1480449856,"Size":187952254,"VirtualSize":187952254,"Labels":{}},{"Id":"sha256:e02e811dd08fd49e7f6032625495118e63f597eb150403d02e3238af1df240ba","ParentId":"","RepoTags":["busybox:latest"],"RepoDigests":["busybox@sha256:29f5d56d12684887bdfa50dcd29fc31eea4aaf4ad3bec43daf19026a7ce69912"],"Created":1475874238,"Size":1093484,"VirtualSize":1093484,"Labels":{}},{"Id":"sha256:d654de4499473ed41349b54a988b6f46a7fc92e3fa2d61e102bf2660a0116e25","ParentId":"","RepoTags":["sakib37/iperf3:latest"],"RepoDigests":["sakib37/iperf3@sha256:8d80a810f8f508c074b14d02555f20110eac382c8dbda7252075392983629d40"],"Created":1474907599,"Size":199456654,"VirtualSize":199456654,"Labels":{}}]


02:36:30.184 [Test worker] DEBUG o.a.h.i.c.DefaultManagedHttpClientConnection - http-outgoing-110: Close connection
02:36:30.185 [Test worker] DEBUG o.a.h.impl.execchain.MainClientExec - Connection discarded
02:36:30.185 [Test worker] DEBUG c.g.d.j.JerseyDockerCmdExecFactory$1 - Connection released: [id: 110][route: {s}->https://Thesis:2376][total kept alive: 1; route allocated: 1 of 2; total allocated: 1 of 20]
02:36:30.185 [Test worker] DEBUG org.openbaton.docker.DockerVim - Found a docker image, transformed into a NFV Image Image{id='sha256:aae2b63c49461fcae4962e4a8043f66acf8e3af7e62f5ebceb70b181d8ca01e0', name='ubuntu:14.04', version=0, extId='null', minRam='0', minDiskSpace='0', minCPU='null', public='true', diskFormat='null', containerFormat='docker', created='Sun Jan 18 04:14:09 CET 1970', updated='null'}
02:36:30.185 [Test worker] DEBUG c.g.d.core.command.AbstrDockerCmd - Cmd: 8a31b18a84420452b538f5c2dd67fc2aa446683e3d35837f2674678fcf112f56,<null>,true,com.github.dockerjava.jaxrs.RemoveContainerCmdExec@3c5ff9c4
02:36:30.186 [Test worker] DEBUG c.g.d.j.JerseyDockerCmdExecFactory - 23 * Sending client request on thread Test worker
23 > DELETE https://Thesis:2376/containers/8a31b18a84420452b538f5c2dd67fc2aa446683e3d35837f2674678fcf112f56?force=true
23 > Accept: application/json

02:36:30.186 [Test worker] DEBUG o.a.h.c.protocol.RequestAddCookies - CookieSpec selected: default
02:36:30.186 [Test worker] DEBUG o.a.h.c.protocol.RequestAuthCache - Auth cache not set in the context
02:36:30.186 [Test worker] DEBUG c.g.d.j.JerseyDockerCmdExecFactory$1 - Connection request: [route: {s}->https://Thesis:2376][total kept alive: 1; route allocated: 1 of 2; total allocated: 1 of 20]
02:36:30.187 [Test worker] DEBUG c.g.d.j.JerseyDockerCmdExecFactory$1 - Connection leased: [id: 111][route: {s}->https://Thesis:2376][total kept alive: 1; route allocated: 2 of 2; total allocated: 2 of 20]
02:36:30.187 [Test worker] DEBUG o.a.h.impl.execchain.MainClientExec - Opening connection {s}->https://Thesis:2376
02:36:30.187 [Test worker] DEBUG o.a.h.i.c.DefaultHttpClientConnectionOperator - Connecting to Thesis/127.0.1.1:2376
02:36:30.187 [Test worker] DEBUG o.a.h.c.s.SSLConnectionSocketFactory - Connecting socket to Thesis/127.0.1.1:2376 with timeout 0
02:36:30.188 [Test worker] DEBUG o.a.h.c.s.SSLConnectionSocketFactory - Enabled protocols: [TLSv1]
02:36:30.188 [Test worker] DEBUG o.a.h.c.s.SSLConnectionSocketFactory - Enabled cipher suites:[TLS_ECDHE_ECDSA_WITH_AES_128_CBC_SHA, TLS_ECDHE_RSA_WITH_AES_128_CBC_SHA, TLS_RSA_WITH_AES_128_CBC_SHA, TLS_ECDH_ECDSA_WITH_AES_128_CBC_SHA, TLS_ECDH_RSA_WITH_AES_128_CBC_SHA, TLS_DHE_RSA_WITH_AES_128_CBC_SHA, TLS_DHE_DSS_WITH_AES_128_CBC_SHA, TLS_ECDHE_ECDSA_WITH_3DES_EDE_CBC_SHA, TLS_ECDHE_RSA_WITH_3DES_EDE_CBC_SHA, SSL_RSA_WITH_3DES_EDE_CBC_SHA, TLS_ECDH_ECDSA_WITH_3DES_EDE_CBC_SHA, TLS_ECDH_RSA_WITH_3DES_EDE_CBC_SHA, SSL_DHE_RSA_WITH_3DES_EDE_CBC_SHA, SSL_DHE_DSS_WITH_3DES_EDE_CBC_SHA, TLS_ECDHE_ECDSA_WITH_RC4_128_SHA, TLS_ECDHE_RSA_WITH_RC4_128_SHA, SSL_RSA_WITH_RC4_128_SHA, TLS_ECDH_ECDSA_WITH_RC4_128_SHA, TLS_ECDH_RSA_WITH_RC4_128_SHA, SSL_RSA_WITH_RC4_128_MD5, TLS_EMPTY_RENEGOTIATION_INFO_SCSV]
02:36:30.188 [Test worker] DEBUG o.a.h.c.s.SSLConnectionSocketFactory - Starting handshake
02:36:30.245 [Test worker] DEBUG o.a.h.c.s.SSLConnectionSocketFactory - Secure session established
02:36:30.246 [Test worker] DEBUG o.a.h.c.s.SSLConnectionSocketFactory -  negotiated protocol: TLSv1
02:36:30.246 [Test worker] DEBUG o.a.h.c.s.SSLConnectionSocketFactory -  negotiated cipher suite: TLS_ECDHE_RSA_WITH_AES_128_CBC_SHA
02:36:30.246 [Test worker] DEBUG o.a.h.c.s.SSLConnectionSocketFactory -  peer principal: CN=Thesis
02:36:30.246 [Test worker] DEBUG o.a.h.c.s.SSLConnectionSocketFactory -  issuer principal: EMAILADDRESS=sha@yamil.com, CN=Thesis, OU=Open, O=Fra, L=BER, ST=BER, C=DE
02:36:30.246 [Test worker] DEBUG o.a.h.i.c.DefaultHttpClientConnectionOperator - Connection established 127.0.0.1:41522<->127.0.1.1:2376
02:36:30.246 [Test worker] DEBUG o.a.h.impl.execchain.MainClientExec - Executing request DELETE /containers/8a31b18a84420452b538f5c2dd67fc2aa446683e3d35837f2674678fcf112f56?force=true HTTP/1.1
02:36:30.246 [Test worker] DEBUG o.a.h.impl.execchain.MainClientExec - Target auth state: UNCHALLENGED
02:36:30.247 [Test worker] DEBUG o.a.h.impl.execchain.MainClientExec - Proxy auth state: UNCHALLENGED
02:36:30.247 [Test worker] DEBUG org.apache.http.headers - http-outgoing-111 >> DELETE /containers/8a31b18a84420452b538f5c2dd67fc2aa446683e3d35837f2674678fcf112f56?force=true HTTP/1.1
02:36:30.247 [Test worker] DEBUG org.apache.http.headers - http-outgoing-111 >> Accept: application/json
02:36:30.247 [Test worker] DEBUG org.apache.http.headers - http-outgoing-111 >> User-Agent: Jersey/2.23.1 (Apache HttpClient 4.5.1)
02:36:30.247 [Test worker] DEBUG org.apache.http.headers - http-outgoing-111 >> Host: Thesis:2376
02:36:30.247 [Test worker] DEBUG org.apache.http.headers - http-outgoing-111 >> Connection: Keep-Alive
02:36:30.247 [Test worker] DEBUG org.apache.http.headers - http-outgoing-111 >> Accept-Encoding: gzip,deflate
02:36:30.247 [Test worker] DEBUG org.apache.http.wire - http-outgoing-111 >> "DELETE /containers/8a31b18a84420452b538f5c2dd67fc2aa446683e3d35837f2674678fcf112f56?force=true HTTP/1.1[\r][\n]"
02:36:30.247 [Test worker] DEBUG org.apache.http.wire - http-outgoing-111 >> "Accept: application/json[\r][\n]"
02:36:30.248 [Test worker] DEBUG org.apache.http.wire - http-outgoing-111 >> "User-Agent: Jersey/2.23.1 (Apache HttpClient 4.5.1)[\r][\n]"
02:36:30.248 [Test worker] DEBUG org.apache.http.wire - http-outgoing-111 >> "Host: Thesis:2376[\r][\n]"
02:36:30.248 [Test worker] DEBUG org.apache.http.wire - http-outgoing-111 >> "Connection: Keep-Alive[\r][\n]"
02:36:30.248 [Test worker] DEBUG org.apache.http.wire - http-outgoing-111 >> "Accept-Encoding: gzip,deflate[\r][\n]"
02:36:30.248 [Test worker] DEBUG org.apache.http.wire - http-outgoing-111 >> "[\r][\n]"
02:36:30.348 [Test worker] DEBUG org.apache.http.wire - http-outgoing-111 << "H"
02:36:30.348 [Test worker] DEBUG org.apache.http.wire - http-outgoing-111 << "TTP/1.1 204 No Content[\r][\n]"
02:36:30.348 [Test worker] DEBUG org.apache.http.wire - http-outgoing-111 << "Server: Docker/1.12.3 (linux)[\r][\n]"
02:36:30.348 [Test worker] DEBUG org.apache.http.wire - http-outgoing-111 << "Date: Tue, 03 Jan 2017 01:36:30 GMT[\r][\n]"
02:36:30.348 [Test worker] DEBUG org.apache.http.wire - http-outgoing-111 << "[\r][\n]"
02:36:30.348 [Test worker] DEBUG org.apache.http.headers - http-outgoing-111 << HTTP/1.1 204 No Content
02:36:30.348 [Test worker] DEBUG org.apache.http.headers - http-outgoing-111 << Server: Docker/1.12.3 (linux)
02:36:30.348 [Test worker] DEBUG org.apache.http.headers - http-outgoing-111 << Date: Tue, 03 Jan 2017 01:36:30 GMT
02:36:30.348 [Test worker] DEBUG o.a.h.impl.execchain.MainClientExec - Connection can be kept alive indefinitely
02:36:30.348 [Test worker] DEBUG c.g.d.j.JerseyDockerCmdExecFactory$1 - Connection [id: 111][route: {s}->https://Thesis:2376][state: CN=Thesis] can be kept alive indefinitely
02:36:30.348 [Test worker] DEBUG c.g.d.j.JerseyDockerCmdExecFactory$1 - Connection released: [id: 111][route: {s}->https://Thesis:2376][state: CN=Thesis][total kept alive: 2; route allocated: 2 of 2; total allocated: 2 of 20]
02:36:30.349 [Test worker] DEBUG c.g.d.j.JerseyDockerCmdExecFactory - 24 * Client response received on thread Test worker
24 < 204
24 < Date: Tue, 03 Jan 2017 01:36:30 GMT
24 < Server: Docker/1.12.3 (linux)

02:36:30.349 [Test worker] DEBUG org.openbaton.docker.DockerVim - Server deleted successfully
02:36:30.349 [Test worker] DEBUG c.g.d.core.command.AbstrDockerCmd - Cmd: com.github.dockerjava.core.util.FiltersBuilder@0,com.github.dockerjava.jaxrs.ListNetworksCmdExec@26b994ff
02:36:30.349 [Test worker] DEBUG c.g.d.j.JerseyDockerCmdExecFactory - 25 * Sending client request on thread Test worker
25 > GET https://Thesis:2376/networks
25 > Accept: application/json

02:36:30.349 [Test worker] DEBUG o.a.h.c.protocol.RequestAddCookies - CookieSpec selected: default
02:36:30.349 [Test worker] DEBUG o.a.h.c.protocol.RequestAuthCache - Auth cache not set in the context
02:36:30.349 [Test worker] DEBUG c.g.d.j.JerseyDockerCmdExecFactory$1 - Connection request: [route: {s}->https://Thesis:2376][total kept alive: 2; route allocated: 2 of 2; total allocated: 2 of 20]
02:36:30.349 [Test worker] DEBUG o.a.h.i.c.DefaultManagedHttpClientConnection - http-outgoing-105: Close connection
02:36:30.350 [Test worker] DEBUG c.g.d.j.JerseyDockerCmdExecFactory$1 - Connection leased: [id: 112][route: {s}->https://Thesis:2376][total kept alive: 1; route allocated: 2 of 2; total allocated: 2 of 20]
02:36:30.350 [Test worker] DEBUG o.a.h.impl.execchain.MainClientExec - Opening connection {s}->https://Thesis:2376
02:36:30.350 [Test worker] DEBUG o.a.h.i.c.DefaultHttpClientConnectionOperator - Connecting to Thesis/127.0.1.1:2376
02:36:30.350 [Test worker] DEBUG o.a.h.c.s.SSLConnectionSocketFactory - Connecting socket to Thesis/127.0.1.1:2376 with timeout 0
02:36:30.351 [Test worker] DEBUG o.a.h.c.s.SSLConnectionSocketFactory - Enabled protocols: [TLSv1]
02:36:30.352 [Test worker] DEBUG o.a.h.c.s.SSLConnectionSocketFactory - Enabled cipher suites:[TLS_ECDHE_ECDSA_WITH_AES_128_CBC_SHA, TLS_ECDHE_RSA_WITH_AES_128_CBC_SHA, TLS_RSA_WITH_AES_128_CBC_SHA, TLS_ECDH_ECDSA_WITH_AES_128_CBC_SHA, TLS_ECDH_RSA_WITH_AES_128_CBC_SHA, TLS_DHE_RSA_WITH_AES_128_CBC_SHA, TLS_DHE_DSS_WITH_AES_128_CBC_SHA, TLS_ECDHE_ECDSA_WITH_3DES_EDE_CBC_SHA, TLS_ECDHE_RSA_WITH_3DES_EDE_CBC_SHA, SSL_RSA_WITH_3DES_EDE_CBC_SHA, TLS_ECDH_ECDSA_WITH_3DES_EDE_CBC_SHA, TLS_ECDH_RSA_WITH_3DES_EDE_CBC_SHA, SSL_DHE_RSA_WITH_3DES_EDE_CBC_SHA, SSL_DHE_DSS_WITH_3DES_EDE_CBC_SHA, TLS_ECDHE_ECDSA_WITH_RC4_128_SHA, TLS_ECDHE_RSA_WITH_RC4_128_SHA, SSL_RSA_WITH_RC4_128_SHA, TLS_ECDH_ECDSA_WITH_RC4_128_SHA, TLS_ECDH_RSA_WITH_RC4_128_SHA, SSL_RSA_WITH_RC4_128_MD5, TLS_EMPTY_RENEGOTIATION_INFO_SCSV]
02:36:30.358 [Test worker] DEBUG o.a.h.c.s.SSLConnectionSocketFactory - Starting handshake
02:36:30.474 [Test worker] DEBUG o.a.h.c.s.SSLConnectionSocketFactory - Secure session established
02:36:30.474 [Test worker] DEBUG o.a.h.c.s.SSLConnectionSocketFactory -  negotiated protocol: TLSv1
02:36:30.474 [Test worker] DEBUG o.a.h.c.s.SSLConnectionSocketFactory -  negotiated cipher suite: TLS_ECDHE_RSA_WITH_AES_128_CBC_SHA
02:36:30.475 [Test worker] DEBUG o.a.h.c.s.SSLConnectionSocketFactory -  peer principal: CN=Thesis
02:36:30.475 [Test worker] DEBUG o.a.h.c.s.SSLConnectionSocketFactory -  issuer principal: EMAILADDRESS=sha@yamil.com, CN=Thesis, OU=Open, O=Fra, L=BER, ST=BER, C=DE
02:36:30.475 [Test worker] DEBUG o.a.h.i.c.DefaultHttpClientConnectionOperator - Connection established 127.0.0.1:41524<->127.0.1.1:2376
02:36:30.475 [Test worker] DEBUG o.a.h.impl.execchain.MainClientExec - Executing request GET /networks HTTP/1.1
02:36:30.475 [Test worker] DEBUG o.a.h.impl.execchain.MainClientExec - Target auth state: UNCHALLENGED
02:36:30.475 [Test worker] DEBUG o.a.h.impl.execchain.MainClientExec - Proxy auth state: UNCHALLENGED
02:36:30.475 [Test worker] DEBUG org.apache.http.headers - http-outgoing-112 >> GET /networks HTTP/1.1
02:36:30.475 [Test worker] DEBUG org.apache.http.headers - http-outgoing-112 >> Accept: application/json
02:36:30.476 [Test worker] DEBUG org.apache.http.headers - http-outgoing-112 >> User-Agent: Jersey/2.23.1 (Apache HttpClient 4.5.1)
02:36:30.476 [Test worker] DEBUG org.apache.http.headers - http-outgoing-112 >> Host: Thesis:2376
02:36:30.476 [Test worker] DEBUG org.apache.http.headers - http-outgoing-112 >> Connection: Keep-Alive
02:36:30.476 [Test worker] DEBUG org.apache.http.headers - http-outgoing-112 >> Accept-Encoding: gzip,deflate
02:36:30.476 [Test worker] DEBUG org.apache.http.wire - http-outgoing-112 >> "GET /networks HTTP/1.1[\r][\n]"
02:36:30.476 [Test worker] DEBUG org.apache.http.wire - http-outgoing-112 >> "Accept: application/json[\r][\n]"
02:36:30.476 [Test worker] DEBUG org.apache.http.wire - http-outgoing-112 >> "User-Agent: Jersey/2.23.1 (Apache HttpClient 4.5.1)[\r][\n]"
02:36:30.476 [Test worker] DEBUG org.apache.http.wire - http-outgoing-112 >> "Host: Thesis:2376[\r][\n]"
02:36:30.476 [Test worker] DEBUG org.apache.http.wire - http-outgoing-112 >> "Connection: Keep-Alive[\r][\n]"
02:36:30.477 [Test worker] DEBUG org.apache.http.wire - http-outgoing-112 >> "Accept-Encoding: gzip,deflate[\r][\n]"
02:36:30.477 [Test worker] DEBUG org.apache.http.wire - http-outgoing-112 >> "[\r][\n]"
02:36:30.477 [Test worker] DEBUG org.apache.http.wire - http-outgoing-112 << "H"
02:36:30.477 [Test worker] DEBUG org.apache.http.wire - http-outgoing-112 << "TTP/1.1 200 OK[\r][\n]"
02:36:30.477 [Test worker] DEBUG org.apache.http.wire - http-outgoing-112 << "Content-Type: application/json[\r][\n]"
02:36:30.478 [Test worker] DEBUG org.apache.http.wire - http-outgoing-112 << "Server: Docker/1.12.3 (linux)[\r][\n]"
02:36:30.478 [Test worker] DEBUG org.apache.http.wire - http-outgoing-112 << "Date: Tue, 03 Jan 2017 01:36:30 GMT[\r][\n]"
02:36:30.478 [Test worker] DEBUG org.apache.http.wire - http-outgoing-112 << "Content-Length: 1100[\r][\n]"
02:36:30.478 [Test worker] DEBUG org.apache.http.wire - http-outgoing-112 << "[\r][\n]"
02:36:30.478 [Test worker] DEBUG org.apache.http.wire - http-outgoing-112 << "[{"Name":"host","Id":"fe042b0866671b5be4f097ba43830c0a02959c058702d18e18c14a24d88a357d","Scope":"local","Driver":"host","EnableIPv6":false,"IPAM":{"Driver":"default","Options":null,"Config":[]},"Internal":false,"Containers":{},"Options":{},"Labels":{}},{"Name":"none","Id":"4d89c194eb79cd2beb38458d10a1b98c74d6b8462af72afde29ae7aca53ed5ca","Scope":"local","Driver":"null","EnableIPv6":false,"IPAM":{"Driver":"default","Options":null,"Config":[]},"Internal":false,"Containers":{},"Options":{},"Labels":{}},{"Name":"bridge","Id":"e0d36057aa1769e9fd52ba88be81b698b495f9b6b4946d0f98f24d971a27fc98","Scope":"local","Driver":"bridge","EnableIPv6":false,"IPAM":{"Driver":"default","Options":null,"Config":[{"Subnet":"172.17.0.0/16","Gateway":"172.17.0.1"}]},"Internal":false,"Containers":{},"Options":{"com.docker.network.bridge.default_bridge":"true","com.docker.network.bridge.enable_icc":"true","com.docker.network.bridge.enable_ip_masquerade":"true","com.docker.network.bridge.host_binding_ipv4":"0.0.0.0","com.docker.network.bridge.name":"docker0","com.docker.network.driver.mtu":"1500"},"Labels":{}}][\n]"
02:36:30.478 [Test worker] DEBUG org.apache.http.headers - http-outgoing-112 << HTTP/1.1 200 OK
02:36:30.478 [Test worker] DEBUG org.apache.http.headers - http-outgoing-112 << Content-Type: application/json
02:36:30.478 [Test worker] DEBUG org.apache.http.headers - http-outgoing-112 << Server: Docker/1.12.3 (linux)
02:36:30.479 [Test worker] DEBUG org.apache.http.headers - http-outgoing-112 << Date: Tue, 03 Jan 2017 01:36:30 GMT
02:36:30.479 [Test worker] DEBUG org.apache.http.headers - http-outgoing-112 << Content-Length: 1100
02:36:30.479 [Test worker] DEBUG o.a.h.impl.execchain.MainClientExec - Connection can be kept alive indefinitely
02:36:30.479 [Test worker] DEBUG c.g.d.j.JerseyDockerCmdExecFactory - 26 * Client response received on thread Test worker
26 < 200
26 < Content-Length: 1100
26 < Content-Type: application/json
26 < Date: Tue, 03 Jan 2017 01:36:30 GMT
26 < Server: Docker/1.12.3 (linux)
[{"Name":"host","Id":"fe042b0866671b5be4f097ba43830c0a02959c058702d18e18c14a24d88a357d","Scope":"local","Driver":"host","EnableIPv6":false,"IPAM":{"Driver":"default","Options":null,"Config":[]},"Internal":false,"Containers":{},"Options":{},"Labels":{}},{"Name":"none","Id":"4d89c194eb79cd2beb38458d10a1b98c74d6b8462af72afde29ae7aca53ed5ca","Scope":"local","Driver":"null","EnableIPv6":false,"IPAM":{"Driver":"default","Options":null,"Config":[]},"Internal":false,"Containers":{},"Options":{},"Labels":{}},{"Name":"bridge","Id":"e0d36057aa1769e9fd52ba88be81b698b495f9b6b4946d0f98f24d971a27fc98","Scope":"local","Driver":"bridge","EnableIPv6":false,"IPAM":{"Driver":"default","Options":null,"Config":[{"Subnet":"172.17.0.0/16","Gateway":"172.17.0.1"}]},"Internal":false,"Containers":{},"Options":{"com.docker.network.bridge.default_bridge":"true","com.docker.network.bridge.enable_icc":"true","com.docker.network.bridge.enable_ip_masquerade":"true","com.docker.network.bridge.host_binding_ipv4":"0.0.0.0","com.docker.network.bridge.name":"docker0","com.docker.network.driver.mtu":"1500"},"Labels":{}}]


02:36:30.480 [Test worker] DEBUG o.a.h.i.c.DefaultManagedHttpClientConnection - http-outgoing-112: Close connection
02:36:30.481 [Test worker] DEBUG o.a.h.impl.execchain.MainClientExec - Connection discarded
02:36:30.481 [Test worker] DEBUG c.g.d.j.JerseyDockerCmdExecFactory$1 - Connection released: [id: 112][route: {s}->https://Thesis:2376][total kept alive: 1; route allocated: 1 of 2; total allocated: 1 of 20]
02:36:30.481 [Test worker] DEBUG c.g.d.core.command.AbstrDockerCmd - Cmd: com.github.dockerjava.core.util.FiltersBuilder@0,com.github.dockerjava.jaxrs.ListVolumesCmdExec@42f66184
02:36:30.481 [Test worker] DEBUG c.g.d.j.JerseyDockerCmdExecFactory - 27 * Sending client request on thread Test worker
27 > GET https://Thesis:2376/volumes
27 > Accept: application/json

02:36:30.482 [Test worker] DEBUG o.a.h.c.protocol.RequestAddCookies - CookieSpec selected: default
02:36:30.482 [Test worker] DEBUG o.a.h.c.protocol.RequestAuthCache - Auth cache not set in the context
02:36:30.482 [Test worker] DEBUG c.g.d.j.JerseyDockerCmdExecFactory$1 - Connection request: [route: {s}->https://Thesis:2376][total kept alive: 1; route allocated: 1 of 2; total allocated: 1 of 20]
02:36:30.482 [Test worker] DEBUG c.g.d.j.JerseyDockerCmdExecFactory$1 - Connection leased: [id: 113][route: {s}->https://Thesis:2376][total kept alive: 1; route allocated: 2 of 2; total allocated: 2 of 20]
02:36:30.483 [Test worker] DEBUG o.a.h.impl.execchain.MainClientExec - Opening connection {s}->https://Thesis:2376
02:36:30.483 [Test worker] DEBUG o.a.h.i.c.DefaultHttpClientConnectionOperator - Connecting to Thesis/127.0.1.1:2376
02:36:30.483 [Test worker] DEBUG o.a.h.c.s.SSLConnectionSocketFactory - Connecting socket to Thesis/127.0.1.1:2376 with timeout 0
02:36:30.485 [Test worker] DEBUG o.a.h.c.s.SSLConnectionSocketFactory - Enabled protocols: [TLSv1]
02:36:30.485 [Test worker] DEBUG o.a.h.c.s.SSLConnectionSocketFactory - Enabled cipher suites:[TLS_ECDHE_ECDSA_WITH_AES_128_CBC_SHA, TLS_ECDHE_RSA_WITH_AES_128_CBC_SHA, TLS_RSA_WITH_AES_128_CBC_SHA, TLS_ECDH_ECDSA_WITH_AES_128_CBC_SHA, TLS_ECDH_RSA_WITH_AES_128_CBC_SHA, TLS_DHE_RSA_WITH_AES_128_CBC_SHA, TLS_DHE_DSS_WITH_AES_128_CBC_SHA, TLS_ECDHE_ECDSA_WITH_3DES_EDE_CBC_SHA, TLS_ECDHE_RSA_WITH_3DES_EDE_CBC_SHA, SSL_RSA_WITH_3DES_EDE_CBC_SHA, TLS_ECDH_ECDSA_WITH_3DES_EDE_CBC_SHA, TLS_ECDH_RSA_WITH_3DES_EDE_CBC_SHA, SSL_DHE_RSA_WITH_3DES_EDE_CBC_SHA, SSL_DHE_DSS_WITH_3DES_EDE_CBC_SHA, TLS_ECDHE_ECDSA_WITH_RC4_128_SHA, TLS_ECDHE_RSA_WITH_RC4_128_SHA, SSL_RSA_WITH_RC4_128_SHA, TLS_ECDH_ECDSA_WITH_RC4_128_SHA, TLS_ECDH_RSA_WITH_RC4_128_SHA, SSL_RSA_WITH_RC4_128_MD5, TLS_EMPTY_RENEGOTIATION_INFO_SCSV]
02:36:30.485 [Test worker] DEBUG o.a.h.c.s.SSLConnectionSocketFactory - Starting handshake
02:36:30.545 [Test worker] DEBUG o.a.h.c.s.SSLConnectionSocketFactory - Secure session established
02:36:30.545 [Test worker] DEBUG o.a.h.c.s.SSLConnectionSocketFactory -  negotiated protocol: TLSv1
02:36:30.546 [Test worker] DEBUG o.a.h.c.s.SSLConnectionSocketFactory -  negotiated cipher suite: TLS_ECDHE_RSA_WITH_AES_128_CBC_SHA
02:36:30.546 [Test worker] DEBUG o.a.h.c.s.SSLConnectionSocketFactory -  peer principal: CN=Thesis
02:36:30.546 [Test worker] DEBUG o.a.h.c.s.SSLConnectionSocketFactory -  issuer principal: EMAILADDRESS=sha@yamil.com, CN=Thesis, OU=Open, O=Fra, L=BER, ST=BER, C=DE
02:36:30.546 [Test worker] DEBUG o.a.h.i.c.DefaultHttpClientConnectionOperator - Connection established 127.0.0.1:41526<->127.0.1.1:2376
02:36:30.546 [Test worker] DEBUG o.a.h.impl.execchain.MainClientExec - Executing request GET /volumes HTTP/1.1
02:36:30.546 [Test worker] DEBUG o.a.h.impl.execchain.MainClientExec - Target auth state: UNCHALLENGED
02:36:30.546 [Test worker] DEBUG o.a.h.impl.execchain.MainClientExec - Proxy auth state: UNCHALLENGED
02:36:30.547 [Test worker] DEBUG org.apache.http.headers - http-outgoing-113 >> GET /volumes HTTP/1.1
02:36:30.547 [Test worker] DEBUG org.apache.http.headers - http-outgoing-113 >> Accept: application/json
02:36:30.547 [Test worker] DEBUG org.apache.http.headers - http-outgoing-113 >> User-Agent: Jersey/2.23.1 (Apache HttpClient 4.5.1)
02:36:30.547 [Test worker] DEBUG org.apache.http.headers - http-outgoing-113 >> Host: Thesis:2376
02:36:30.547 [Test worker] DEBUG org.apache.http.headers - http-outgoing-113 >> Connection: Keep-Alive
02:36:30.547 [Test worker] DEBUG org.apache.http.headers - http-outgoing-113 >> Accept-Encoding: gzip,deflate
02:36:30.547 [Test worker] DEBUG org.apache.http.wire - http-outgoing-113 >> "GET /volumes HTTP/1.1[\r][\n]"
02:36:30.547 [Test worker] DEBUG org.apache.http.wire - http-outgoing-113 >> "Accept: application/json[\r][\n]"
02:36:30.547 [Test worker] DEBUG org.apache.http.wire - http-outgoing-113 >> "User-Agent: Jersey/2.23.1 (Apache HttpClient 4.5.1)[\r][\n]"
02:36:30.548 [Test worker] DEBUG org.apache.http.wire - http-outgoing-113 >> "Host: Thesis:2376[\r][\n]"
02:36:30.548 [Test worker] DEBUG org.apache.http.wire - http-outgoing-113 >> "Connection: Keep-Alive[\r][\n]"
02:36:30.548 [Test worker] DEBUG org.apache.http.wire - http-outgoing-113 >> "Accept-Encoding: gzip,deflate[\r][\n]"
02:36:30.548 [Test worker] DEBUG org.apache.http.wire - http-outgoing-113 >> "[\r][\n]"
02:36:30.548 [Test worker] DEBUG org.apache.http.wire - http-outgoing-113 << "H"
02:36:30.548 [Test worker] DEBUG org.apache.http.wire - http-outgoing-113 << "TTP/1.1 200 OK[\r][\n]"
02:36:30.549 [Test worker] DEBUG org.apache.http.wire - http-outgoing-113 << "Content-Type: application/json[\r][\n]"
02:36:30.549 [Test worker] DEBUG org.apache.http.wire - http-outgoing-113 << "Server: Docker/1.12.3 (linux)[\r][\n]"
02:36:30.549 [Test worker] DEBUG org.apache.http.wire - http-outgoing-113 << "Date: Tue, 03 Jan 2017 01:36:30 GMT[\r][\n]"
02:36:30.549 [Test worker] DEBUG org.apache.http.wire - http-outgoing-113 << "Content-Length: 33[\r][\n]"
02:36:30.549 [Test worker] DEBUG org.apache.http.wire - http-outgoing-113 << "[\r][\n]"
02:36:30.549 [Test worker] DEBUG org.apache.http.wire - http-outgoing-113 << "{"Volumes":null,"Warnings":null}[\n]"
02:36:30.549 [Test worker] DEBUG org.apache.http.headers - http-outgoing-113 << HTTP/1.1 200 OK
02:36:30.549 [Test worker] DEBUG org.apache.http.headers - http-outgoing-113 << Content-Type: application/json
02:36:30.549 [Test worker] DEBUG org.apache.http.headers - http-outgoing-113 << Server: Docker/1.12.3 (linux)
02:36:30.550 [Test worker] DEBUG org.apache.http.headers - http-outgoing-113 << Date: Tue, 03 Jan 2017 01:36:30 GMT
02:36:30.550 [Test worker] DEBUG org.apache.http.headers - http-outgoing-113 << Content-Length: 33
02:36:30.550 [Test worker] DEBUG o.a.h.impl.execchain.MainClientExec - Connection can be kept alive indefinitely
02:36:30.550 [Test worker] DEBUG c.g.d.j.JerseyDockerCmdExecFactory - 28 * Client response received on thread Test worker
28 < 200
28 < Content-Length: 33
28 < Content-Type: application/json
28 < Date: Tue, 03 Jan 2017 01:36:30 GMT
28 < Server: Docker/1.12.3 (linux)
{"Volumes":null,"Warnings":null}


02:36:30.551 [Test worker] DEBUG o.a.h.i.c.DefaultManagedHttpClientConnection - http-outgoing-113: Close connection
02:36:30.551 [Test worker] DEBUG o.a.h.impl.execchain.MainClientExec - Connection discarded
02:36:30.551 [Test worker] DEBUG c.g.d.j.JerseyDockerCmdExecFactory$1 - Connection released: [id: 113][route: {s}->https://Thesis:2376][total kept alive: 1; route allocated: 1 of 2; total allocated: 1 of 20]
02:36:30.552 [Test worker] DEBUG org.openbaton.docker.DockerVim - Loading properties
02:36:30.553 [Test worker] DEBUG org.openbaton.docker.DockerVim - Loaded properties: {vim.instance.auth.url=tcp://Thesis:2376, docker.cert.path=/home/sakib/.docker, type=docker, tls.verify=true}
02:36:30.563 [Test worker] DEBUG c.g.d.core.command.AbstrDockerCmd - Cmd: -1,<null>,true,<null>,<null>,com.github.dockerjava.core.util.FiltersBuilder@0,com.github.dockerjava.jaxrs.ListContainersCmdExec@67481275
02:36:30.578 [Test worker] DEBUG c.g.d.j.JerseyDockerCmdExecFactory - 1 * Sending client request on thread Test worker
1 > GET https://Thesis:2376/containers/json?all=true
1 > Accept: application/json

02:36:30.579 [Test worker] DEBUG o.a.h.c.protocol.RequestAddCookies - CookieSpec selected: default
02:36:30.579 [Test worker] DEBUG o.a.h.c.protocol.RequestAuthCache - Auth cache not set in the context
02:36:30.579 [Test worker] DEBUG c.g.d.j.JerseyDockerCmdExecFactory$1 - Connection request: [route: {s}->https://Thesis:2376][total kept alive: 0; route allocated: 0 of 2; total allocated: 0 of 20]
02:36:30.580 [Test worker] DEBUG c.g.d.j.JerseyDockerCmdExecFactory$1 - Connection leased: [id: 114][route: {s}->https://Thesis:2376][total kept alive: 0; route allocated: 1 of 2; total allocated: 1 of 20]
02:36:30.580 [Test worker] DEBUG o.a.h.impl.execchain.MainClientExec - Opening connection {s}->https://Thesis:2376
02:36:30.580 [Test worker] DEBUG o.a.h.i.c.DefaultHttpClientConnectionOperator - Connecting to Thesis/127.0.1.1:2376
02:36:30.580 [Test worker] DEBUG o.a.h.c.s.SSLConnectionSocketFactory - Connecting socket to Thesis/127.0.1.1:2376 with timeout 0
02:36:30.581 [Test worker] DEBUG o.a.h.c.s.SSLConnectionSocketFactory - Enabled protocols: [TLSv1]
02:36:30.581 [Test worker] DEBUG o.a.h.c.s.SSLConnectionSocketFactory - Enabled cipher suites:[TLS_ECDHE_ECDSA_WITH_AES_128_CBC_SHA, TLS_ECDHE_RSA_WITH_AES_128_CBC_SHA, TLS_RSA_WITH_AES_128_CBC_SHA, TLS_ECDH_ECDSA_WITH_AES_128_CBC_SHA, TLS_ECDH_RSA_WITH_AES_128_CBC_SHA, TLS_DHE_RSA_WITH_AES_128_CBC_SHA, TLS_DHE_DSS_WITH_AES_128_CBC_SHA, TLS_ECDHE_ECDSA_WITH_3DES_EDE_CBC_SHA, TLS_ECDHE_RSA_WITH_3DES_EDE_CBC_SHA, SSL_RSA_WITH_3DES_EDE_CBC_SHA, TLS_ECDH_ECDSA_WITH_3DES_EDE_CBC_SHA, TLS_ECDH_RSA_WITH_3DES_EDE_CBC_SHA, SSL_DHE_RSA_WITH_3DES_EDE_CBC_SHA, SSL_DHE_DSS_WITH_3DES_EDE_CBC_SHA, TLS_ECDHE_ECDSA_WITH_RC4_128_SHA, TLS_ECDHE_RSA_WITH_RC4_128_SHA, SSL_RSA_WITH_RC4_128_SHA, TLS_ECDH_ECDSA_WITH_RC4_128_SHA, TLS_ECDH_RSA_WITH_RC4_128_SHA, SSL_RSA_WITH_RC4_128_MD5, TLS_EMPTY_RENEGOTIATION_INFO_SCSV]
02:36:30.581 [Test worker] DEBUG o.a.h.c.s.SSLConnectionSocketFactory - Starting handshake
02:36:30.641 [Test worker] DEBUG o.a.h.c.s.SSLConnectionSocketFactory - Secure session established
02:36:30.642 [Test worker] DEBUG o.a.h.c.s.SSLConnectionSocketFactory -  negotiated protocol: TLSv1
02:36:30.642 [Test worker] DEBUG o.a.h.c.s.SSLConnectionSocketFactory -  negotiated cipher suite: TLS_ECDHE_RSA_WITH_AES_128_CBC_SHA
02:36:30.642 [Test worker] DEBUG o.a.h.c.s.SSLConnectionSocketFactory -  peer principal: CN=Thesis
02:36:30.642 [Test worker] DEBUG o.a.h.c.s.SSLConnectionSocketFactory -  issuer principal: EMAILADDRESS=sha@yamil.com, CN=Thesis, OU=Open, O=Fra, L=BER, ST=BER, C=DE
02:36:30.643 [Test worker] DEBUG o.a.h.i.c.DefaultHttpClientConnectionOperator - Connection established 127.0.0.1:41528<->127.0.1.1:2376
02:36:30.643 [Test worker] DEBUG o.a.h.impl.execchain.MainClientExec - Executing request GET /containers/json?all=true HTTP/1.1
02:36:30.643 [Test worker] DEBUG o.a.h.impl.execchain.MainClientExec - Target auth state: UNCHALLENGED
02:36:30.643 [Test worker] DEBUG o.a.h.impl.execchain.MainClientExec - Proxy auth state: UNCHALLENGED
02:36:30.643 [Test worker] DEBUG org.apache.http.headers - http-outgoing-114 >> GET /containers/json?all=true HTTP/1.1
02:36:30.643 [Test worker] DEBUG org.apache.http.headers - http-outgoing-114 >> Accept: application/json
02:36:30.643 [Test worker] DEBUG org.apache.http.headers - http-outgoing-114 >> User-Agent: Jersey/2.23.1 (Apache HttpClient 4.5.1)
02:36:30.643 [Test worker] DEBUG org.apache.http.headers - http-outgoing-114 >> Host: Thesis:2376
02:36:30.643 [Test worker] DEBUG org.apache.http.headers - http-outgoing-114 >> Connection: Keep-Alive
02:36:30.644 [Test worker] DEBUG org.apache.http.headers - http-outgoing-114 >> Accept-Encoding: gzip,deflate
02:36:30.644 [Test worker] DEBUG org.apache.http.wire - http-outgoing-114 >> "GET /containers/json?all=true HTTP/1.1[\r][\n]"
02:36:30.644 [Test worker] DEBUG org.apache.http.wire - http-outgoing-114 >> "Accept: application/json[\r][\n]"
02:36:30.644 [Test worker] DEBUG org.apache.http.wire - http-outgoing-114 >> "User-Agent: Jersey/2.23.1 (Apache HttpClient 4.5.1)[\r][\n]"
02:36:30.644 [Test worker] DEBUG org.apache.http.wire - http-outgoing-114 >> "Host: Thesis:2376[\r][\n]"
02:36:30.644 [Test worker] DEBUG org.apache.http.wire - http-outgoing-114 >> "Connection: Keep-Alive[\r][\n]"
02:36:30.644 [Test worker] DEBUG org.apache.http.wire - http-outgoing-114 >> "Accept-Encoding: gzip,deflate[\r][\n]"
02:36:30.644 [Test worker] DEBUG org.apache.http.wire - http-outgoing-114 >> "[\r][\n]"
02:36:30.645 [Test worker] DEBUG org.apache.http.wire - http-outgoing-114 << "H"
02:36:30.645 [Test worker] DEBUG org.apache.http.wire - http-outgoing-114 << "TTP/1.1 200 OK[\r][\n]"
02:36:30.645 [Test worker] DEBUG org.apache.http.wire - http-outgoing-114 << "Content-Type: application/json[\r][\n]"
02:36:30.645 [Test worker] DEBUG org.apache.http.wire - http-outgoing-114 << "Server: Docker/1.12.3 (linux)[\r][\n]"
02:36:30.645 [Test worker] DEBUG org.apache.http.wire - http-outgoing-114 << "Date: Tue, 03 Jan 2017 01:36:30 GMT[\r][\n]"
02:36:30.645 [Test worker] DEBUG org.apache.http.wire - http-outgoing-114 << "Content-Length: 3[\r][\n]"
02:36:30.645 [Test worker] DEBUG org.apache.http.wire - http-outgoing-114 << "[\r][\n]"
02:36:30.646 [Test worker] DEBUG org.apache.http.wire - http-outgoing-114 << "[][\n]"
02:36:30.646 [Test worker] DEBUG org.apache.http.headers - http-outgoing-114 << HTTP/1.1 200 OK
02:36:30.646 [Test worker] DEBUG org.apache.http.headers - http-outgoing-114 << Content-Type: application/json
02:36:30.646 [Test worker] DEBUG org.apache.http.headers - http-outgoing-114 << Server: Docker/1.12.3 (linux)
02:36:30.646 [Test worker] DEBUG org.apache.http.headers - http-outgoing-114 << Date: Tue, 03 Jan 2017 01:36:30 GMT
02:36:30.646 [Test worker] DEBUG org.apache.http.headers - http-outgoing-114 << Content-Length: 3
02:36:30.646 [Test worker] DEBUG o.a.h.impl.execchain.MainClientExec - Connection can be kept alive indefinitely
02:36:30.647 [Test worker] DEBUG c.g.d.j.JerseyDockerCmdExecFactory - 2 * Client response received on thread Test worker
2 < 200
2 < Content-Length: 3
2 < Content-Type: application/json
2 < Date: Tue, 03 Jan 2017 01:36:30 GMT
2 < Server: Docker/1.12.3 (linux)
[]


02:36:30.648 [Test worker] DEBUG c.g.d.j.JerseyDockerCmdExecFactory$1 - Connection [id: 114][route: {s}->https://Thesis:2376][state: CN=Thesis] can be kept alive indefinitely
02:36:30.648 [Test worker] DEBUG c.g.d.j.JerseyDockerCmdExecFactory$1 - Connection released: [id: 114][route: {s}->https://Thesis:2376][state: CN=Thesis][total kept alive: 1; route allocated: 1 of 2; total allocated: 1 of 20]
02:36:30.659 [Test worker] DEBUG c.g.d.core.command.AbstrDockerCmd - Cmd: com.github.dockerjava.core.util.FiltersBuilder@0,com.github.dockerjava.jaxrs.ListNetworksCmdExec@36b8ddd8
02:36:30.659 [Test worker] DEBUG c.g.d.j.JerseyDockerCmdExecFactory - 3 * Sending client request on thread Test worker
3 > GET https://Thesis:2376/networks
3 > Accept: application/json

02:36:30.660 [Test worker] DEBUG o.a.h.c.protocol.RequestAddCookies - CookieSpec selected: default
02:36:30.660 [Test worker] DEBUG o.a.h.c.protocol.RequestAuthCache - Auth cache not set in the context
02:36:30.660 [Test worker] DEBUG c.g.d.j.JerseyDockerCmdExecFactory$1 - Connection request: [route: {s}->https://Thesis:2376][total kept alive: 1; route allocated: 1 of 2; total allocated: 1 of 20]
02:36:30.660 [Test worker] DEBUG c.g.d.j.JerseyDockerCmdExecFactory$1 - Connection leased: [id: 115][route: {s}->https://Thesis:2376][total kept alive: 1; route allocated: 2 of 2; total allocated: 2 of 20]
02:36:30.660 [Test worker] DEBUG o.a.h.impl.execchain.MainClientExec - Opening connection {s}->https://Thesis:2376
02:36:30.661 [Test worker] DEBUG o.a.h.i.c.DefaultHttpClientConnectionOperator - Connecting to Thesis/127.0.1.1:2376
02:36:30.661 [Test worker] DEBUG o.a.h.c.s.SSLConnectionSocketFactory - Connecting socket to Thesis/127.0.1.1:2376 with timeout 0
02:36:30.661 [Test worker] DEBUG o.a.h.c.s.SSLConnectionSocketFactory - Enabled protocols: [TLSv1]
02:36:30.662 [Test worker] DEBUG o.a.h.c.s.SSLConnectionSocketFactory - Enabled cipher suites:[TLS_ECDHE_ECDSA_WITH_AES_128_CBC_SHA, TLS_ECDHE_RSA_WITH_AES_128_CBC_SHA, TLS_RSA_WITH_AES_128_CBC_SHA, TLS_ECDH_ECDSA_WITH_AES_128_CBC_SHA, TLS_ECDH_RSA_WITH_AES_128_CBC_SHA, TLS_DHE_RSA_WITH_AES_128_CBC_SHA, TLS_DHE_DSS_WITH_AES_128_CBC_SHA, TLS_ECDHE_ECDSA_WITH_3DES_EDE_CBC_SHA, TLS_ECDHE_RSA_WITH_3DES_EDE_CBC_SHA, SSL_RSA_WITH_3DES_EDE_CBC_SHA, TLS_ECDH_ECDSA_WITH_3DES_EDE_CBC_SHA, TLS_ECDH_RSA_WITH_3DES_EDE_CBC_SHA, SSL_DHE_RSA_WITH_3DES_EDE_CBC_SHA, SSL_DHE_DSS_WITH_3DES_EDE_CBC_SHA, TLS_ECDHE_ECDSA_WITH_RC4_128_SHA, TLS_ECDHE_RSA_WITH_RC4_128_SHA, SSL_RSA_WITH_RC4_128_SHA, TLS_ECDH_ECDSA_WITH_RC4_128_SHA, TLS_ECDH_RSA_WITH_RC4_128_SHA, SSL_RSA_WITH_RC4_128_MD5, TLS_EMPTY_RENEGOTIATION_INFO_SCSV]
02:36:30.662 [Test worker] DEBUG o.a.h.c.s.SSLConnectionSocketFactory - Starting handshake
02:36:30.723 [Test worker] DEBUG o.a.h.c.s.SSLConnectionSocketFactory - Secure session established
02:36:30.724 [Test worker] DEBUG o.a.h.c.s.SSLConnectionSocketFactory -  negotiated protocol: TLSv1
02:36:30.724 [Test worker] DEBUG o.a.h.c.s.SSLConnectionSocketFactory -  negotiated cipher suite: TLS_ECDHE_RSA_WITH_AES_128_CBC_SHA
02:36:30.724 [Test worker] DEBUG o.a.h.c.s.SSLConnectionSocketFactory -  peer principal: CN=Thesis
02:36:30.724 [Test worker] DEBUG o.a.h.c.s.SSLConnectionSocketFactory -  issuer principal: EMAILADDRESS=sha@yamil.com, CN=Thesis, OU=Open, O=Fra, L=BER, ST=BER, C=DE
02:36:30.724 [Test worker] DEBUG o.a.h.i.c.DefaultHttpClientConnectionOperator - Connection established 127.0.0.1:41530<->127.0.1.1:2376
02:36:30.725 [Test worker] DEBUG o.a.h.impl.execchain.MainClientExec - Executing request GET /networks HTTP/1.1
02:36:30.725 [Test worker] DEBUG o.a.h.impl.execchain.MainClientExec - Target auth state: UNCHALLENGED
02:36:30.725 [Test worker] DEBUG o.a.h.impl.execchain.MainClientExec - Proxy auth state: UNCHALLENGED
02:36:30.725 [Test worker] DEBUG org.apache.http.headers - http-outgoing-115 >> GET /networks HTTP/1.1
02:36:30.725 [Test worker] DEBUG org.apache.http.headers - http-outgoing-115 >> Accept: application/json
02:36:30.725 [Test worker] DEBUG org.apache.http.headers - http-outgoing-115 >> User-Agent: Jersey/2.23.1 (Apache HttpClient 4.5.1)
02:36:30.725 [Test worker] DEBUG org.apache.http.headers - http-outgoing-115 >> Host: Thesis:2376
02:36:30.725 [Test worker] DEBUG org.apache.http.headers - http-outgoing-115 >> Connection: Keep-Alive
02:36:30.725 [Test worker] DEBUG org.apache.http.headers - http-outgoing-115 >> Accept-Encoding: gzip,deflate
02:36:30.726 [Test worker] DEBUG org.apache.http.wire - http-outgoing-115 >> "GET /networks HTTP/1.1[\r][\n]"
02:36:30.726 [Test worker] DEBUG org.apache.http.wire - http-outgoing-115 >> "Accept: application/json[\r][\n]"
02:36:30.726 [Test worker] DEBUG org.apache.http.wire - http-outgoing-115 >> "User-Agent: Jersey/2.23.1 (Apache HttpClient 4.5.1)[\r][\n]"
02:36:30.726 [Test worker] DEBUG org.apache.http.wire - http-outgoing-115 >> "Host: Thesis:2376[\r][\n]"
02:36:30.726 [Test worker] DEBUG org.apache.http.wire - http-outgoing-115 >> "Connection: Keep-Alive[\r][\n]"
02:36:30.726 [Test worker] DEBUG org.apache.http.wire - http-outgoing-115 >> "Accept-Encoding: gzip,deflate[\r][\n]"
02:36:30.726 [Test worker] DEBUG org.apache.http.wire - http-outgoing-115 >> "[\r][\n]"
02:36:30.727 [Test worker] DEBUG org.apache.http.wire - http-outgoing-115 << "H"
02:36:30.727 [Test worker] DEBUG org.apache.http.wire - http-outgoing-115 << "TTP/1.1 200 OK[\r][\n]"
02:36:30.727 [Test worker] DEBUG org.apache.http.wire - http-outgoing-115 << "Content-Type: application/json[\r][\n]"
02:36:30.727 [Test worker] DEBUG org.apache.http.wire - http-outgoing-115 << "Server: Docker/1.12.3 (linux)[\r][\n]"
02:36:30.727 [Test worker] DEBUG org.apache.http.wire - http-outgoing-115 << "Date: Tue, 03 Jan 2017 01:36:30 GMT[\r][\n]"
02:36:30.727 [Test worker] DEBUG org.apache.http.wire - http-outgoing-115 << "Content-Length: 1100[\r][\n]"
02:36:30.727 [Test worker] DEBUG org.apache.http.wire - http-outgoing-115 << "[\r][\n]"
02:36:30.727 [Test worker] DEBUG org.apache.http.wire - http-outgoing-115 << "[{"Name":"none","Id":"4d89c194eb79cd2beb38458d10a1b98c74d6b8462af72afde29ae7aca53ed5ca","Scope":"local","Driver":"null","EnableIPv6":false,"IPAM":{"Driver":"default","Options":null,"Config":[]},"Internal":false,"Containers":{},"Options":{},"Labels":{}},{"Name":"bridge","Id":"e0d36057aa1769e9fd52ba88be81b698b495f9b6b4946d0f98f24d971a27fc98","Scope":"local","Driver":"bridge","EnableIPv6":false,"IPAM":{"Driver":"default","Options":null,"Config":[{"Subnet":"172.17.0.0/16","Gateway":"172.17.0.1"}]},"Internal":false,"Containers":{},"Options":{"com.docker.network.bridge.default_bridge":"true","com.docker.network.bridge.enable_icc":"true","com.docker.network.bridge.enable_ip_masquerade":"true","com.docker.network.bridge.host_binding_ipv4":"0.0.0.0","com.docker.network.bridge.name":"docker0","com.docker.network.driver.mtu":"1500"},"Labels":{}},{"Name":"host","Id":"fe042b0866671b5be4f097ba43830c0a02959c058702d18e18c14a24d88a357d","Scope":"local","Driver":"host","EnableIPv6":false,"IPAM":{"Driver":"default","Options":null,"Config":[]},"Internal":false,"Containers":{},"Options":{},"Labels":{}}][\n]"
02:36:30.728 [Test worker] DEBUG org.apache.http.headers - http-outgoing-115 << HTTP/1.1 200 OK
02:36:30.728 [Test worker] DEBUG org.apache.http.headers - http-outgoing-115 << Content-Type: application/json
02:36:30.728 [Test worker] DEBUG org.apache.http.headers - http-outgoing-115 << Server: Docker/1.12.3 (linux)
02:36:30.728 [Test worker] DEBUG org.apache.http.headers - http-outgoing-115 << Date: Tue, 03 Jan 2017 01:36:30 GMT
02:36:30.728 [Test worker] DEBUG org.apache.http.headers - http-outgoing-115 << Content-Length: 1100
02:36:30.728 [Test worker] DEBUG o.a.h.impl.execchain.MainClientExec - Connection can be kept alive indefinitely
02:36:30.729 [Test worker] DEBUG c.g.d.j.JerseyDockerCmdExecFactory - 4 * Client response received on thread Test worker
4 < 200
4 < Content-Length: 1100
4 < Content-Type: application/json
4 < Date: Tue, 03 Jan 2017 01:36:30 GMT
4 < Server: Docker/1.12.3 (linux)
[{"Name":"none","Id":"4d89c194eb79cd2beb38458d10a1b98c74d6b8462af72afde29ae7aca53ed5ca","Scope":"local","Driver":"null","EnableIPv6":false,"IPAM":{"Driver":"default","Options":null,"Config":[]},"Internal":false,"Containers":{},"Options":{},"Labels":{}},{"Name":"bridge","Id":"e0d36057aa1769e9fd52ba88be81b698b495f9b6b4946d0f98f24d971a27fc98","Scope":"local","Driver":"bridge","EnableIPv6":false,"IPAM":{"Driver":"default","Options":null,"Config":[{"Subnet":"172.17.0.0/16","Gateway":"172.17.0.1"}]},"Internal":false,"Containers":{},"Options":{"com.docker.network.bridge.default_bridge":"true","com.docker.network.bridge.enable_icc":"true","com.docker.network.bridge.enable_ip_masquerade":"true","com.docker.network.bridge.host_binding_ipv4":"0.0.0.0","com.docker.network.bridge.name":"docker0","com.docker.network.driver.mtu":"1500"},"Labels":{}},{"Name":"host","Id":"fe042b0866671b5be4f097ba43830c0a02959c058702d18e18c14a24d88a357d","Scope":"local","Driver":"host","EnableIPv6":false,"IPAM":{"Driver":"default","Options":null,"Config":[]},"Internal":false,"Containers":{},"Options":{},"Labels":{}}]


02:36:30.733 [Test worker] DEBUG o.a.h.i.c.DefaultManagedHttpClientConnection - http-outgoing-115: Close connection
02:36:30.733 [Test worker] DEBUG o.a.h.impl.execchain.MainClientExec - Connection discarded
02:36:30.734 [Test worker] DEBUG c.g.d.j.JerseyDockerCmdExecFactory$1 - Connection released: [id: 115][route: {s}->https://Thesis:2376][total kept alive: 1; route allocated: 1 of 2; total allocated: 1 of 20]
02:36:30.734 [Test worker] DEBUG c.g.d.core.command.AbstrDockerCmd - Cmd: com.github.dockerjava.core.util.FiltersBuilder@0,com.github.dockerjava.jaxrs.ListVolumesCmdExec@600e7a58
02:36:30.734 [Test worker] DEBUG c.g.d.j.JerseyDockerCmdExecFactory - 5 * Sending client request on thread Test worker
5 > GET https://Thesis:2376/volumes
5 > Accept: application/json

02:36:30.735 [Test worker] DEBUG o.a.h.c.protocol.RequestAddCookies - CookieSpec selected: default
02:36:30.735 [Test worker] DEBUG o.a.h.c.protocol.RequestAuthCache - Auth cache not set in the context
02:36:30.735 [Test worker] DEBUG c.g.d.j.JerseyDockerCmdExecFactory$1 - Connection request: [route: {s}->https://Thesis:2376][total kept alive: 1; route allocated: 1 of 2; total allocated: 1 of 20]
02:36:30.735 [Test worker] DEBUG c.g.d.j.JerseyDockerCmdExecFactory$1 - Connection leased: [id: 116][route: {s}->https://Thesis:2376][total kept alive: 1; route allocated: 2 of 2; total allocated: 2 of 20]
02:36:30.735 [Test worker] DEBUG o.a.h.impl.execchain.MainClientExec - Opening connection {s}->https://Thesis:2376
02:36:30.735 [Test worker] DEBUG o.a.h.i.c.DefaultHttpClientConnectionOperator - Connecting to Thesis/127.0.1.1:2376
02:36:30.735 [Test worker] DEBUG o.a.h.c.s.SSLConnectionSocketFactory - Connecting socket to Thesis/127.0.1.1:2376 with timeout 0
02:36:30.739 [Test worker] DEBUG o.a.h.c.s.SSLConnectionSocketFactory - Enabled protocols: [TLSv1]
02:36:30.743 [Test worker] DEBUG o.a.h.c.s.SSLConnectionSocketFactory - Enabled cipher suites:[TLS_ECDHE_ECDSA_WITH_AES_128_CBC_SHA, TLS_ECDHE_RSA_WITH_AES_128_CBC_SHA, TLS_RSA_WITH_AES_128_CBC_SHA, TLS_ECDH_ECDSA_WITH_AES_128_CBC_SHA, TLS_ECDH_RSA_WITH_AES_128_CBC_SHA, TLS_DHE_RSA_WITH_AES_128_CBC_SHA, TLS_DHE_DSS_WITH_AES_128_CBC_SHA, TLS_ECDHE_ECDSA_WITH_3DES_EDE_CBC_SHA, TLS_ECDHE_RSA_WITH_3DES_EDE_CBC_SHA, SSL_RSA_WITH_3DES_EDE_CBC_SHA, TLS_ECDH_ECDSA_WITH_3DES_EDE_CBC_SHA, TLS_ECDH_RSA_WITH_3DES_EDE_CBC_SHA, SSL_DHE_RSA_WITH_3DES_EDE_CBC_SHA, SSL_DHE_DSS_WITH_3DES_EDE_CBC_SHA, TLS_ECDHE_ECDSA_WITH_RC4_128_SHA, TLS_ECDHE_RSA_WITH_RC4_128_SHA, SSL_RSA_WITH_RC4_128_SHA, TLS_ECDH_ECDSA_WITH_RC4_128_SHA, TLS_ECDH_RSA_WITH_RC4_128_SHA, SSL_RSA_WITH_RC4_128_MD5, TLS_EMPTY_RENEGOTIATION_INFO_SCSV]
02:36:30.743 [Test worker] DEBUG o.a.h.c.s.SSLConnectionSocketFactory - Starting handshake
02:36:30.803 [Test worker] DEBUG o.a.h.c.s.SSLConnectionSocketFactory - Secure session established
02:36:30.804 [Test worker] DEBUG o.a.h.c.s.SSLConnectionSocketFactory -  negotiated protocol: TLSv1
02:36:30.804 [Test worker] DEBUG o.a.h.c.s.SSLConnectionSocketFactory -  negotiated cipher suite: TLS_ECDHE_RSA_WITH_AES_128_CBC_SHA
02:36:30.804 [Test worker] DEBUG o.a.h.c.s.SSLConnectionSocketFactory -  peer principal: CN=Thesis
02:36:30.804 [Test worker] DEBUG o.a.h.c.s.SSLConnectionSocketFactory -  issuer principal: EMAILADDRESS=sha@yamil.com, CN=Thesis, OU=Open, O=Fra, L=BER, ST=BER, C=DE
02:36:30.804 [Test worker] DEBUG o.a.h.i.c.DefaultHttpClientConnectionOperator - Connection established 127.0.0.1:41532<->127.0.1.1:2376
02:36:30.804 [Test worker] DEBUG o.a.h.impl.execchain.MainClientExec - Executing request GET /volumes HTTP/1.1
02:36:30.804 [Test worker] DEBUG o.a.h.impl.execchain.MainClientExec - Target auth state: UNCHALLENGED
02:36:30.805 [Test worker] DEBUG o.a.h.impl.execchain.MainClientExec - Proxy auth state: UNCHALLENGED
02:36:30.805 [Test worker] DEBUG org.apache.http.headers - http-outgoing-116 >> GET /volumes HTTP/1.1
02:36:30.805 [Test worker] DEBUG org.apache.http.headers - http-outgoing-116 >> Accept: application/json
02:36:30.805 [Test worker] DEBUG org.apache.http.headers - http-outgoing-116 >> User-Agent: Jersey/2.23.1 (Apache HttpClient 4.5.1)
02:36:30.805 [Test worker] DEBUG org.apache.http.headers - http-outgoing-116 >> Host: Thesis:2376
02:36:30.805 [Test worker] DEBUG org.apache.http.headers - http-outgoing-116 >> Connection: Keep-Alive
02:36:30.805 [Test worker] DEBUG org.apache.http.headers - http-outgoing-116 >> Accept-Encoding: gzip,deflate
02:36:30.805 [Test worker] DEBUG org.apache.http.wire - http-outgoing-116 >> "GET /volumes HTTP/1.1[\r][\n]"
02:36:30.806 [Test worker] DEBUG org.apache.http.wire - http-outgoing-116 >> "Accept: application/json[\r][\n]"
02:36:30.806 [Test worker] DEBUG org.apache.http.wire - http-outgoing-116 >> "User-Agent: Jersey/2.23.1 (Apache HttpClient 4.5.1)[\r][\n]"
02:36:30.806 [Test worker] DEBUG org.apache.http.wire - http-outgoing-116 >> "Host: Thesis:2376[\r][\n]"
02:36:30.806 [Test worker] DEBUG org.apache.http.wire - http-outgoing-116 >> "Connection: Keep-Alive[\r][\n]"
02:36:30.806 [Test worker] DEBUG org.apache.http.wire - http-outgoing-116 >> "Accept-Encoding: gzip,deflate[\r][\n]"
02:36:30.806 [Test worker] DEBUG org.apache.http.wire - http-outgoing-116 >> "[\r][\n]"
02:36:30.806 [Test worker] DEBUG org.apache.http.wire - http-outgoing-116 << "H"
02:36:30.807 [Test worker] DEBUG org.apache.http.wire - http-outgoing-116 << "TTP/1.1 200 OK[\r][\n]"
02:36:30.807 [Test worker] DEBUG org.apache.http.wire - http-outgoing-116 << "Content-Type: application/json[\r][\n]"
02:36:30.807 [Test worker] DEBUG org.apache.http.wire - http-outgoing-116 << "Server: Docker/1.12.3 (linux)[\r][\n]"
02:36:30.807 [Test worker] DEBUG org.apache.http.wire - http-outgoing-116 << "Date: Tue, 03 Jan 2017 01:36:30 GMT[\r][\n]"
02:36:30.807 [Test worker] DEBUG org.apache.http.wire - http-outgoing-116 << "Content-Length: 33[\r][\n]"
02:36:30.807 [Test worker] DEBUG org.apache.http.wire - http-outgoing-116 << "[\r][\n]"
02:36:30.807 [Test worker] DEBUG org.apache.http.wire - http-outgoing-116 << "{"Volumes":null,"Warnings":null}[\n]"
02:36:30.807 [Test worker] DEBUG org.apache.http.headers - http-outgoing-116 << HTTP/1.1 200 OK
02:36:30.808 [Test worker] DEBUG org.apache.http.headers - http-outgoing-116 << Content-Type: application/json
02:36:30.808 [Test worker] DEBUG org.apache.http.headers - http-outgoing-116 << Server: Docker/1.12.3 (linux)
02:36:30.808 [Test worker] DEBUG org.apache.http.headers - http-outgoing-116 << Date: Tue, 03 Jan 2017 01:36:30 GMT
02:36:30.808 [Test worker] DEBUG org.apache.http.headers - http-outgoing-116 << Content-Length: 33
02:36:30.808 [Test worker] DEBUG o.a.h.impl.execchain.MainClientExec - Connection can be kept alive indefinitely
02:36:30.808 [Test worker] DEBUG c.g.d.j.JerseyDockerCmdExecFactory - 6 * Client response received on thread Test worker
6 < 200
6 < Content-Length: 33
6 < Content-Type: application/json
6 < Date: Tue, 03 Jan 2017 01:36:30 GMT
6 < Server: Docker/1.12.3 (linux)
{"Volumes":null,"Warnings":null}


02:36:30.811 [Test worker] DEBUG o.a.h.i.c.DefaultManagedHttpClientConnection - http-outgoing-116: Close connection
02:36:30.811 [Test worker] DEBUG o.a.h.impl.execchain.MainClientExec - Connection discarded
02:36:30.811 [Test worker] DEBUG c.g.d.j.JerseyDockerCmdExecFactory$1 - Connection released: [id: 116][route: {s}->https://Thesis:2376][total kept alive: 1; route allocated: 1 of 2; total allocated: 1 of 20]
02:36:30.812 [Test worker] DEBUG c.g.d.core.command.AbstrDockerCmd - Cmd: MyNetwork,<null>,<null>,{},true,<null>,<null>,com.github.dockerjava.jaxrs.CreateNetworkCmdExec@78bb093
02:36:30.814 [Test worker] DEBUG o.a.h.c.protocol.RequestAddCookies - CookieSpec selected: default
02:36:30.814 [Test worker] DEBUG o.a.h.c.protocol.RequestAuthCache - Auth cache not set in the context
02:36:30.815 [Test worker] DEBUG c.g.d.j.JerseyDockerCmdExecFactory$1 - Connection request: [route: {s}->https://Thesis:2376][total kept alive: 1; route allocated: 1 of 2; total allocated: 1 of 20]
02:36:30.815 [Test worker] DEBUG c.g.d.j.JerseyDockerCmdExecFactory$1 - Connection leased: [id: 117][route: {s}->https://Thesis:2376][total kept alive: 1; route allocated: 2 of 2; total allocated: 2 of 20]
02:36:30.815 [Test worker] DEBUG o.a.h.impl.execchain.MainClientExec - Opening connection {s}->https://Thesis:2376
02:36:30.815 [Test worker] DEBUG o.a.h.i.c.DefaultHttpClientConnectionOperator - Connecting to Thesis/127.0.1.1:2376
02:36:30.815 [Test worker] DEBUG o.a.h.c.s.SSLConnectionSocketFactory - Connecting socket to Thesis/127.0.1.1:2376 with timeout 0
02:36:30.816 [Test worker] DEBUG o.a.h.c.s.SSLConnectionSocketFactory - Enabled protocols: [TLSv1]
02:36:30.816 [Test worker] DEBUG o.a.h.c.s.SSLConnectionSocketFactory - Enabled cipher suites:[TLS_ECDHE_ECDSA_WITH_AES_128_CBC_SHA, TLS_ECDHE_RSA_WITH_AES_128_CBC_SHA, TLS_RSA_WITH_AES_128_CBC_SHA, TLS_ECDH_ECDSA_WITH_AES_128_CBC_SHA, TLS_ECDH_RSA_WITH_AES_128_CBC_SHA, TLS_DHE_RSA_WITH_AES_128_CBC_SHA, TLS_DHE_DSS_WITH_AES_128_CBC_SHA, TLS_ECDHE_ECDSA_WITH_3DES_EDE_CBC_SHA, TLS_ECDHE_RSA_WITH_3DES_EDE_CBC_SHA, SSL_RSA_WITH_3DES_EDE_CBC_SHA, TLS_ECDH_ECDSA_WITH_3DES_EDE_CBC_SHA, TLS_ECDH_RSA_WITH_3DES_EDE_CBC_SHA, SSL_DHE_RSA_WITH_3DES_EDE_CBC_SHA, SSL_DHE_DSS_WITH_3DES_EDE_CBC_SHA, TLS_ECDHE_ECDSA_WITH_RC4_128_SHA, TLS_ECDHE_RSA_WITH_RC4_128_SHA, SSL_RSA_WITH_RC4_128_SHA, TLS_ECDH_ECDSA_WITH_RC4_128_SHA, TLS_ECDH_RSA_WITH_RC4_128_SHA, SSL_RSA_WITH_RC4_128_MD5, TLS_EMPTY_RENEGOTIATION_INFO_SCSV]
02:36:30.816 [Test worker] DEBUG o.a.h.c.s.SSLConnectionSocketFactory - Starting handshake
02:36:30.876 [Test worker] DEBUG o.a.h.c.s.SSLConnectionSocketFactory - Secure session established
02:36:30.876 [Test worker] DEBUG o.a.h.c.s.SSLConnectionSocketFactory -  negotiated protocol: TLSv1
02:36:30.876 [Test worker] DEBUG o.a.h.c.s.SSLConnectionSocketFactory -  negotiated cipher suite: TLS_ECDHE_RSA_WITH_AES_128_CBC_SHA
02:36:30.876 [Test worker] DEBUG o.a.h.c.s.SSLConnectionSocketFactory -  peer principal: CN=Thesis
02:36:30.876 [Test worker] DEBUG o.a.h.c.s.SSLConnectionSocketFactory -  issuer principal: EMAILADDRESS=sha@yamil.com, CN=Thesis, OU=Open, O=Fra, L=BER, ST=BER, C=DE
02:36:30.876 [Test worker] DEBUG o.a.h.i.c.DefaultHttpClientConnectionOperator - Connection established 127.0.0.1:41534<->127.0.1.1:2376
02:36:30.877 [Test worker] DEBUG o.a.h.impl.execchain.MainClientExec - Executing request POST /networks/create HTTP/1.1
02:36:30.877 [Test worker] DEBUG o.a.h.impl.execchain.MainClientExec - Target auth state: UNCHALLENGED
02:36:30.877 [Test worker] DEBUG o.a.h.impl.execchain.MainClientExec - Proxy auth state: UNCHALLENGED
02:36:30.877 [Test worker] DEBUG org.apache.http.headers - http-outgoing-117 >> POST /networks/create HTTP/1.1
02:36:30.877 [Test worker] DEBUG org.apache.http.headers - http-outgoing-117 >> Accept: application/json
02:36:30.877 [Test worker] DEBUG org.apache.http.headers - http-outgoing-117 >> Content-Type: application/json
02:36:30.877 [Test worker] DEBUG org.apache.http.headers - http-outgoing-117 >> User-Agent: Jersey/2.23.1 (Apache HttpClient 4.5.1)
02:36:30.877 [Test worker] DEBUG org.apache.http.headers - http-outgoing-117 >> Transfer-Encoding: chunked
02:36:30.878 [Test worker] DEBUG org.apache.http.headers - http-outgoing-117 >> Host: Thesis:2376
02:36:30.878 [Test worker] DEBUG org.apache.http.headers - http-outgoing-117 >> Connection: Keep-Alive
02:36:30.878 [Test worker] DEBUG org.apache.http.headers - http-outgoing-117 >> Accept-Encoding: gzip,deflate
02:36:30.880 [Test worker] DEBUG c.g.d.j.JerseyDockerCmdExecFactory - 7 * Sending client request on thread Test worker
7 > POST https://Thesis:2376/networks/create
7 > Accept: application/json
7 > Content-Type: application/json
{"enableIPv6":null,"Name":"MyNetwork","Driver":null,"IPAM":null,"Options":{},"CheckDuplicate":true,"Internal":null,"EnableIPv6":null}

02:36:30.881 [Test worker] DEBUG org.apache.http.wire - http-outgoing-117 >> "POST /networks/create HTTP/1.1[\r][\n]"
02:36:30.881 [Test worker] DEBUG org.apache.http.wire - http-outgoing-117 >> "Accept: application/json[\r][\n]"
02:36:30.881 [Test worker] DEBUG org.apache.http.wire - http-outgoing-117 >> "Content-Type: application/json[\r][\n]"
02:36:30.881 [Test worker] DEBUG org.apache.http.wire - http-outgoing-117 >> "User-Agent: Jersey/2.23.1 (Apache HttpClient 4.5.1)[\r][\n]"
02:36:30.881 [Test worker] DEBUG org.apache.http.wire - http-outgoing-117 >> "Transfer-Encoding: chunked[\r][\n]"
02:36:30.881 [Test worker] DEBUG org.apache.http.wire - http-outgoing-117 >> "Host: Thesis:2376[\r][\n]"
02:36:30.881 [Test worker] DEBUG org.apache.http.wire - http-outgoing-117 >> "Connection: Keep-Alive[\r][\n]"
02:36:30.881 [Test worker] DEBUG org.apache.http.wire - http-outgoing-117 >> "Accept-Encoding: gzip,deflate[\r][\n]"
02:36:30.882 [Test worker] DEBUG org.apache.http.wire - http-outgoing-117 >> "[\r][\n]"
02:36:30.882 [Test worker] DEBUG org.apache.http.wire - http-outgoing-117 >> "85[\r][\n]"
02:36:30.882 [Test worker] DEBUG org.apache.http.wire - http-outgoing-117 >> "{"enableIPv6":null,"Name":"MyNetwork","Driver":null,"IPAM":null,"Options":{},"CheckDuplicate":true,"Internal":null,"EnableIPv6":null}[\r][\n]"
02:36:30.882 [Test worker] DEBUG org.apache.http.wire - http-outgoing-117 >> "0[\r][\n]"
02:36:30.882 [Test worker] DEBUG org.apache.http.wire - http-outgoing-117 >> "[\r][\n]"
02:36:30.988 [Test worker] DEBUG org.apache.http.wire - http-outgoing-117 << "H"
02:36:30.988 [Test worker] DEBUG org.apache.http.wire - http-outgoing-117 << "TTP/1.1 201 Created[\r][\n]"
02:36:30.988 [Test worker] DEBUG org.apache.http.wire - http-outgoing-117 << "Content-Type: application/json[\r][\n]"
02:36:30.988 [Test worker] DEBUG org.apache.http.wire - http-outgoing-117 << "Server: Docker/1.12.3 (linux)[\r][\n]"
02:36:30.988 [Test worker] DEBUG org.apache.http.wire - http-outgoing-117 << "Date: Tue, 03 Jan 2017 01:36:30 GMT[\r][\n]"
02:36:30.988 [Test worker] DEBUG org.apache.http.wire - http-outgoing-117 << "Content-Length: 87[\r][\n]"
02:36:30.988 [Test worker] DEBUG org.apache.http.wire - http-outgoing-117 << "[\r][\n]"
02:36:30.988 [Test worker] DEBUG org.apache.http.wire - http-outgoing-117 << "{"Id":"6a2154ed58c75ee409346ab82f4fe8e97b9223f69e016d5834f598a0010687e0","Warning":""}[\n]"
02:36:30.988 [Test worker] DEBUG org.apache.http.headers - http-outgoing-117 << HTTP/1.1 201 Created
02:36:30.988 [Test worker] DEBUG org.apache.http.headers - http-outgoing-117 << Content-Type: application/json
02:36:30.988 [Test worker] DEBUG org.apache.http.headers - http-outgoing-117 << Server: Docker/1.12.3 (linux)
02:36:30.988 [Test worker] DEBUG org.apache.http.headers - http-outgoing-117 << Date: Tue, 03 Jan 2017 01:36:30 GMT
02:36:30.988 [Test worker] DEBUG org.apache.http.headers - http-outgoing-117 << Content-Length: 87
02:36:30.988 [Test worker] DEBUG o.a.h.impl.execchain.MainClientExec - Connection can be kept alive indefinitely
02:36:30.989 [Test worker] DEBUG c.g.d.j.JerseyDockerCmdExecFactory - 8 * Client response received on thread Test worker
8 < 201
8 < Content-Length: 87
8 < Content-Type: application/json
8 < Date: Tue, 03 Jan 2017 01:36:30 GMT
8 < Server: Docker/1.12.3 (linux)
{"Id":"6a2154ed58c75ee409346ab82f4fe8e97b9223f69e016d5834f598a0010687e0","Warning":""}


02:36:30.999 [Test worker] DEBUG o.a.h.i.c.DefaultManagedHttpClientConnection - http-outgoing-117: Close connection
02:36:30.999 [Test worker] DEBUG o.a.h.impl.execchain.MainClientExec - Connection discarded
02:36:30.999 [Test worker] DEBUG c.g.d.j.JerseyDockerCmdExecFactory$1 - Connection released: [id: 117][route: {s}->https://Thesis:2376][total kept alive: 1; route allocated: 1 of 2; total allocated: 1 of 20]
02:36:31.000 [Test worker] DEBUG c.g.d.core.command.AbstrDockerCmd - Cmd: 6a2154ed58c75ee409346ab82f4fe8e97b9223f69e016d5834f598a0010687e0,com.github.dockerjava.jaxrs.InspectNetworkCmdExec@c629f7a
02:36:31.000 [Test worker] DEBUG c.g.d.jaxrs.ListNetworksCmdExec - GET: JerseyWebTarget { https://Thesis:2376/networks/6a2154ed58c75ee409346ab82f4fe8e97b9223f69e016d5834f598a0010687e0 }
02:36:31.000 [Test worker] DEBUG c.g.d.j.JerseyDockerCmdExecFactory - 9 * Sending client request on thread Test worker
9 > GET https://Thesis:2376/networks/6a2154ed58c75ee409346ab82f4fe8e97b9223f69e016d5834f598a0010687e0
9 > Accept: application/json

02:36:31.006 [Test worker] DEBUG o.a.h.c.protocol.RequestAddCookies - CookieSpec selected: default
02:36:31.007 [Test worker] DEBUG o.a.h.c.protocol.RequestAuthCache - Auth cache not set in the context
02:36:31.007 [Test worker] DEBUG c.g.d.j.JerseyDockerCmdExecFactory$1 - Connection request: [route: {s}->https://Thesis:2376][total kept alive: 1; route allocated: 1 of 2; total allocated: 1 of 20]
02:36:31.009 [Test worker] DEBUG c.g.d.j.JerseyDockerCmdExecFactory$1 - Connection leased: [id: 118][route: {s}->https://Thesis:2376][total kept alive: 1; route allocated: 2 of 2; total allocated: 2 of 20]
02:36:31.010 [Test worker] DEBUG o.a.h.impl.execchain.MainClientExec - Opening connection {s}->https://Thesis:2376
02:36:31.010 [Test worker] DEBUG o.a.h.i.c.DefaultHttpClientConnectionOperator - Connecting to Thesis/127.0.1.1:2376
02:36:31.010 [Test worker] DEBUG o.a.h.c.s.SSLConnectionSocketFactory - Connecting socket to Thesis/127.0.1.1:2376 with timeout 0
02:36:31.015 [Test worker] DEBUG o.a.h.c.s.SSLConnectionSocketFactory - Enabled protocols: [TLSv1]
02:36:31.016 [Test worker] DEBUG o.a.h.c.s.SSLConnectionSocketFactory - Enabled cipher suites:[TLS_ECDHE_ECDSA_WITH_AES_128_CBC_SHA, TLS_ECDHE_RSA_WITH_AES_128_CBC_SHA, TLS_RSA_WITH_AES_128_CBC_SHA, TLS_ECDH_ECDSA_WITH_AES_128_CBC_SHA, TLS_ECDH_RSA_WITH_AES_128_CBC_SHA, TLS_DHE_RSA_WITH_AES_128_CBC_SHA, TLS_DHE_DSS_WITH_AES_128_CBC_SHA, TLS_ECDHE_ECDSA_WITH_3DES_EDE_CBC_SHA, TLS_ECDHE_RSA_WITH_3DES_EDE_CBC_SHA, SSL_RSA_WITH_3DES_EDE_CBC_SHA, TLS_ECDH_ECDSA_WITH_3DES_EDE_CBC_SHA, TLS_ECDH_RSA_WITH_3DES_EDE_CBC_SHA, SSL_DHE_RSA_WITH_3DES_EDE_CBC_SHA, SSL_DHE_DSS_WITH_3DES_EDE_CBC_SHA, TLS_ECDHE_ECDSA_WITH_RC4_128_SHA, TLS_ECDHE_RSA_WITH_RC4_128_SHA, SSL_RSA_WITH_RC4_128_SHA, TLS_ECDH_ECDSA_WITH_RC4_128_SHA, TLS_ECDH_RSA_WITH_RC4_128_SHA, SSL_RSA_WITH_RC4_128_MD5, TLS_EMPTY_RENEGOTIATION_INFO_SCSV]
02:36:31.016 [Test worker] DEBUG o.a.h.c.s.SSLConnectionSocketFactory - Starting handshake
02:36:31.133 [Test worker] DEBUG o.a.h.c.s.SSLConnectionSocketFactory - Secure session established
02:36:31.134 [Test worker] DEBUG o.a.h.c.s.SSLConnectionSocketFactory -  negotiated protocol: TLSv1
02:36:31.134 [Test worker] DEBUG o.a.h.c.s.SSLConnectionSocketFactory -  negotiated cipher suite: TLS_ECDHE_RSA_WITH_AES_128_CBC_SHA
02:36:31.134 [Test worker] DEBUG o.a.h.c.s.SSLConnectionSocketFactory -  peer principal: CN=Thesis
02:36:31.134 [Test worker] DEBUG o.a.h.c.s.SSLConnectionSocketFactory -  issuer principal: EMAILADDRESS=sha@yamil.com, CN=Thesis, OU=Open, O=Fra, L=BER, ST=BER, C=DE
02:36:31.134 [Test worker] DEBUG o.a.h.i.c.DefaultHttpClientConnectionOperator - Connection established 127.0.0.1:41536<->127.0.1.1:2376
02:36:31.134 [Test worker] DEBUG o.a.h.impl.execchain.MainClientExec - Executing request GET /networks/6a2154ed58c75ee409346ab82f4fe8e97b9223f69e016d5834f598a0010687e0 HTTP/1.1
02:36:31.134 [Test worker] DEBUG o.a.h.impl.execchain.MainClientExec - Target auth state: UNCHALLENGED
02:36:31.134 [Test worker] DEBUG o.a.h.impl.execchain.MainClientExec - Proxy auth state: UNCHALLENGED
02:36:31.135 [Test worker] DEBUG org.apache.http.headers - http-outgoing-118 >> GET /networks/6a2154ed58c75ee409346ab82f4fe8e97b9223f69e016d5834f598a0010687e0 HTTP/1.1
02:36:31.135 [Test worker] DEBUG org.apache.http.headers - http-outgoing-118 >> Accept: application/json
02:36:31.135 [Test worker] DEBUG org.apache.http.headers - http-outgoing-118 >> User-Agent: Jersey/2.23.1 (Apache HttpClient 4.5.1)
02:36:31.135 [Test worker] DEBUG org.apache.http.headers - http-outgoing-118 >> Host: Thesis:2376
02:36:31.135 [Test worker] DEBUG org.apache.http.headers - http-outgoing-118 >> Connection: Keep-Alive
02:36:31.135 [Test worker] DEBUG org.apache.http.headers - http-outgoing-118 >> Accept-Encoding: gzip,deflate
02:36:31.135 [Test worker] DEBUG org.apache.http.wire - http-outgoing-118 >> "GET /networks/6a2154ed58c75ee409346ab82f4fe8e97b9223f69e016d5834f598a0010687e0 HTTP/1.1[\r][\n]"
02:36:31.135 [Test worker] DEBUG org.apache.http.wire - http-outgoing-118 >> "Accept: application/json[\r][\n]"
02:36:31.136 [Test worker] DEBUG org.apache.http.wire - http-outgoing-118 >> "User-Agent: Jersey/2.23.1 (Apache HttpClient 4.5.1)[\r][\n]"
02:36:31.136 [Test worker] DEBUG org.apache.http.wire - http-outgoing-118 >> "Host: Thesis:2376[\r][\n]"
02:36:31.136 [Test worker] DEBUG org.apache.http.wire - http-outgoing-118 >> "Connection: Keep-Alive[\r][\n]"
02:36:31.136 [Test worker] DEBUG org.apache.http.wire - http-outgoing-118 >> "Accept-Encoding: gzip,deflate[\r][\n]"
02:36:31.136 [Test worker] DEBUG org.apache.http.wire - http-outgoing-118 >> "[\r][\n]"
02:36:31.137 [Test worker] DEBUG org.apache.http.wire - http-outgoing-118 << "H"
02:36:31.137 [Test worker] DEBUG org.apache.http.wire - http-outgoing-118 << "TTP/1.1 200 OK[\r][\n]"
02:36:31.137 [Test worker] DEBUG org.apache.http.wire - http-outgoing-118 << "Content-Type: application/json[\r][\n]"
02:36:31.137 [Test worker] DEBUG org.apache.http.wire - http-outgoing-118 << "Server: Docker/1.12.3 (linux)[\r][\n]"
02:36:31.137 [Test worker] DEBUG org.apache.http.wire - http-outgoing-118 << "Date: Tue, 03 Jan 2017 01:36:31 GMT[\r][\n]"
02:36:31.137 [Test worker] DEBUG org.apache.http.wire - http-outgoing-118 << "Content-Length: 311[\r][\n]"
02:36:31.137 [Test worker] DEBUG org.apache.http.wire - http-outgoing-118 << "[\r][\n]"
02:36:31.137 [Test worker] DEBUG org.apache.http.wire - http-outgoing-118 << "{"Name":"MyNetwork","Id":"6a2154ed58c75ee409346ab82f4fe8e97b9223f69e016d5834f598a0010687e0","Scope":"local","Driver":"bridge","EnableIPv6":false,"IPAM":{"Driver":"default","Options":null,"Config":[{"Subnet":"172.18.0.0/16","Gateway":"172.18.0.1/16"}]},"Internal":false,"Containers":{},"Options":{},"Labels":{}}[\n]"
02:36:31.138 [Test worker] DEBUG org.apache.http.headers - http-outgoing-118 << HTTP/1.1 200 OK
02:36:31.138 [Test worker] DEBUG org.apache.http.headers - http-outgoing-118 << Content-Type: application/json
02:36:31.138 [Test worker] DEBUG org.apache.http.headers - http-outgoing-118 << Server: Docker/1.12.3 (linux)
02:36:31.138 [Test worker] DEBUG org.apache.http.headers - http-outgoing-118 << Date: Tue, 03 Jan 2017 01:36:31 GMT
02:36:31.138 [Test worker] DEBUG org.apache.http.headers - http-outgoing-118 << Content-Length: 311
02:36:31.138 [Test worker] DEBUG o.a.h.impl.execchain.MainClientExec - Connection can be kept alive indefinitely
02:36:31.139 [Test worker] DEBUG c.g.d.j.JerseyDockerCmdExecFactory - 10 * Client response received on thread Test worker
10 < 200
10 < Content-Length: 311
10 < Content-Type: application/json
10 < Date: Tue, 03 Jan 2017 01:36:31 GMT
10 < Server: Docker/1.12.3 (linux)
{"Name":"MyNetwork","Id":"6a2154ed58c75ee409346ab82f4fe8e97b9223f69e016d5834f598a0010687e0","Scope":"local","Driver":"bridge","EnableIPv6":false,"IPAM":{"Driver":"default","Options":null,"Config":[{"Subnet":"172.18.0.0/16","Gateway":"172.18.0.1/16"}]},"Internal":false,"Containers":{},"Options":{},"Labels":{}}


02:36:31.140 [Test worker] DEBUG o.a.h.i.c.DefaultManagedHttpClientConnection - http-outgoing-118: Close connection
02:36:31.140 [Test worker] DEBUG o.a.h.impl.execchain.MainClientExec - Connection discarded
02:36:31.140 [Test worker] DEBUG c.g.d.j.JerseyDockerCmdExecFactory$1 - Connection released: [id: 118][route: {s}->https://Thesis:2376][total kept alive: 1; route allocated: 1 of 2; total allocated: 1 of 20]
02:36:31.140 [Test worker] DEBUG org.openbaton.docker.DockerVim - Network successfully created
02:36:31.140 [Test worker] DEBUG c.g.d.core.command.AbstrDockerCmd - Cmd: ListImagesCmdImpl[imageNameFilter=<null>,showAll=true,filters=com.github.dockerjava.core.util.FiltersBuilder@0,execution=com.github.dockerjava.jaxrs.ListImagesCmdExec@129816ea]
02:36:31.141 [Test worker] DEBUG c.g.d.j.JerseyDockerCmdExecFactory - 11 * Sending client request on thread Test worker
11 > GET https://Thesis:2376/images/json?all=true
11 > Accept: application/json

02:36:31.141 [Test worker] DEBUG o.a.h.c.protocol.RequestAddCookies - CookieSpec selected: default
02:36:31.141 [Test worker] DEBUG o.a.h.c.protocol.RequestAuthCache - Auth cache not set in the context
02:36:31.142 [Test worker] DEBUG c.g.d.j.JerseyDockerCmdExecFactory$1 - Connection request: [route: {s}->https://Thesis:2376][total kept alive: 1; route allocated: 1 of 2; total allocated: 1 of 20]
02:36:31.142 [Test worker] DEBUG c.g.d.j.JerseyDockerCmdExecFactory$1 - Connection leased: [id: 119][route: {s}->https://Thesis:2376][total kept alive: 1; route allocated: 2 of 2; total allocated: 2 of 20]
02:36:31.142 [Test worker] DEBUG o.a.h.impl.execchain.MainClientExec - Opening connection {s}->https://Thesis:2376
02:36:31.142 [Test worker] DEBUG o.a.h.i.c.DefaultHttpClientConnectionOperator - Connecting to Thesis/127.0.1.1:2376
02:36:31.142 [Test worker] DEBUG o.a.h.c.s.SSLConnectionSocketFactory - Connecting socket to Thesis/127.0.1.1:2376 with timeout 0
02:36:31.143 [Test worker] DEBUG o.a.h.c.s.SSLConnectionSocketFactory - Enabled protocols: [TLSv1]
02:36:31.143 [Test worker] DEBUG o.a.h.c.s.SSLConnectionSocketFactory - Enabled cipher suites:[TLS_ECDHE_ECDSA_WITH_AES_128_CBC_SHA, TLS_ECDHE_RSA_WITH_AES_128_CBC_SHA, TLS_RSA_WITH_AES_128_CBC_SHA, TLS_ECDH_ECDSA_WITH_AES_128_CBC_SHA, TLS_ECDH_RSA_WITH_AES_128_CBC_SHA, TLS_DHE_RSA_WITH_AES_128_CBC_SHA, TLS_DHE_DSS_WITH_AES_128_CBC_SHA, TLS_ECDHE_ECDSA_WITH_3DES_EDE_CBC_SHA, TLS_ECDHE_RSA_WITH_3DES_EDE_CBC_SHA, SSL_RSA_WITH_3DES_EDE_CBC_SHA, TLS_ECDH_ECDSA_WITH_3DES_EDE_CBC_SHA, TLS_ECDH_RSA_WITH_3DES_EDE_CBC_SHA, SSL_DHE_RSA_WITH_3DES_EDE_CBC_SHA, SSL_DHE_DSS_WITH_3DES_EDE_CBC_SHA, TLS_ECDHE_ECDSA_WITH_RC4_128_SHA, TLS_ECDHE_RSA_WITH_RC4_128_SHA, SSL_RSA_WITH_RC4_128_SHA, TLS_ECDH_ECDSA_WITH_RC4_128_SHA, TLS_ECDH_RSA_WITH_RC4_128_SHA, SSL_RSA_WITH_RC4_128_MD5, TLS_EMPTY_RENEGOTIATION_INFO_SCSV]
02:36:31.143 [Test worker] DEBUG o.a.h.c.s.SSLConnectionSocketFactory - Starting handshake
02:36:31.201 [Test worker] DEBUG o.a.h.c.s.SSLConnectionSocketFactory - Secure session established
02:36:31.201 [Test worker] DEBUG o.a.h.c.s.SSLConnectionSocketFactory -  negotiated protocol: TLSv1
02:36:31.201 [Test worker] DEBUG o.a.h.c.s.SSLConnectionSocketFactory -  negotiated cipher suite: TLS_ECDHE_RSA_WITH_AES_128_CBC_SHA
02:36:31.201 [Test worker] DEBUG o.a.h.c.s.SSLConnectionSocketFactory -  peer principal: CN=Thesis
02:36:31.201 [Test worker] DEBUG o.a.h.c.s.SSLConnectionSocketFactory -  issuer principal: EMAILADDRESS=sha@yamil.com, CN=Thesis, OU=Open, O=Fra, L=BER, ST=BER, C=DE
02:36:31.202 [Test worker] DEBUG o.a.h.i.c.DefaultHttpClientConnectionOperator - Connection established 127.0.0.1:41538<->127.0.1.1:2376
02:36:31.202 [Test worker] DEBUG o.a.h.impl.execchain.MainClientExec - Executing request GET /images/json?all=true HTTP/1.1
02:36:31.202 [Test worker] DEBUG o.a.h.impl.execchain.MainClientExec - Target auth state: UNCHALLENGED
02:36:31.202 [Test worker] DEBUG o.a.h.impl.execchain.MainClientExec - Proxy auth state: UNCHALLENGED
02:36:31.202 [Test worker] DEBUG org.apache.http.headers - http-outgoing-119 >> GET /images/json?all=true HTTP/1.1
02:36:31.202 [Test worker] DEBUG org.apache.http.headers - http-outgoing-119 >> Accept: application/json
02:36:31.203 [Test worker] DEBUG org.apache.http.headers - http-outgoing-119 >> User-Agent: Jersey/2.23.1 (Apache HttpClient 4.5.1)
02:36:31.203 [Test worker] DEBUG org.apache.http.headers - http-outgoing-119 >> Host: Thesis:2376
02:36:31.203 [Test worker] DEBUG org.apache.http.headers - http-outgoing-119 >> Connection: Keep-Alive
02:36:31.203 [Test worker] DEBUG org.apache.http.headers - http-outgoing-119 >> Accept-Encoding: gzip,deflate
02:36:31.203 [Test worker] DEBUG org.apache.http.wire - http-outgoing-119 >> "GET /images/json?all=true HTTP/1.1[\r][\n]"
02:36:31.203 [Test worker] DEBUG org.apache.http.wire - http-outgoing-119 >> "Accept: application/json[\r][\n]"
02:36:31.203 [Test worker] DEBUG org.apache.http.wire - http-outgoing-119 >> "User-Agent: Jersey/2.23.1 (Apache HttpClient 4.5.1)[\r][\n]"
02:36:31.203 [Test worker] DEBUG org.apache.http.wire - http-outgoing-119 >> "Host: Thesis:2376[\r][\n]"
02:36:31.203 [Test worker] DEBUG org.apache.http.wire - http-outgoing-119 >> "Connection: Keep-Alive[\r][\n]"
02:36:31.204 [Test worker] DEBUG org.apache.http.wire - http-outgoing-119 >> "Accept-Encoding: gzip,deflate[\r][\n]"
02:36:31.204 [Test worker] DEBUG org.apache.http.wire - http-outgoing-119 >> "[\r][\n]"
02:36:31.205 [Test worker] DEBUG org.apache.http.wire - http-outgoing-119 << "H"
02:36:31.205 [Test worker] DEBUG org.apache.http.wire - http-outgoing-119 << "TTP/1.1 200 OK[\r][\n]"
02:36:31.205 [Test worker] DEBUG org.apache.http.wire - http-outgoing-119 << "Content-Type: application/json[\r][\n]"
02:36:31.205 [Test worker] DEBUG org.apache.http.wire - http-outgoing-119 << "Server: Docker/1.12.3 (linux)[\r][\n]"
02:36:31.205 [Test worker] DEBUG org.apache.http.wire - http-outgoing-119 << "Date: Tue, 03 Jan 2017 01:36:31 GMT[\r][\n]"
02:36:31.205 [Test worker] DEBUG org.apache.http.wire - http-outgoing-119 << "Content-Length: 1195[\r][\n]"
02:36:31.205 [Test worker] DEBUG org.apache.http.wire - http-outgoing-119 << "[\r][\n]"
02:36:31.205 [Test worker] DEBUG org.apache.http.wire - http-outgoing-119 << "[{"Id":"sha256:4ca3a192ff2a5b7e225e81dc006b6379c10776ed3619757a65608cb72de0a7f6","ParentId":"","RepoTags":["ubuntu:latest"],"RepoDigests":["ubuntu@sha256:3b64c309deae7ab0f7dbdd42b6b326261ccd6261da5d88396439353162703fb5"],"Created":1480449877,"Size":128206574,"VirtualSize":128206574,"Labels":{}},{"Id":"sha256:aae2b63c49461fcae4962e4a8043f66acf8e3af7e62f5ebceb70b181d8ca01e0","ParentId":"","RepoTags":["ubuntu:14.04"],"RepoDigests":["ubuntu@sha256:edb984703bd3e8981ff541a5b9297ca1b81fde6e6e8094d86e390a38ebc30b4d"],"Created":1480449856,"Size":187952254,"VirtualSize":187952254,"Labels":{}},{"Id":"sha256:e02e811dd08fd49e7f6032625495118e63f597eb150403d02e3238af1df240ba","ParentId":"","RepoTags":["busybox:latest"],"RepoDigests":["busybox@sha256:29f5d56d12684887bdfa50dcd29fc31eea4aaf4ad3bec43daf19026a7ce69912"],"Created":1475874238,"Size":1093484,"VirtualSize":1093484,"Labels":{}},{"Id":"sha256:d654de4499473ed41349b54a988b6f46a7fc92e3fa2d61e102bf2660a0116e25","ParentId":"","RepoTags":["sakib37/iperf3:latest"],"RepoDigests":["sakib37/iperf3@sha256:8d80a810f8f508c074b14d02555f20110eac382c8dbda7252075392983629d40"],"Created":1474907599,"Size":199456654,"VirtualSize":199456654,"Labels":{}}][\n]"
02:36:31.206 [Test worker] DEBUG org.apache.http.headers - http-outgoing-119 << HTTP/1.1 200 OK
02:36:31.206 [Test worker] DEBUG org.apache.http.headers - http-outgoing-119 << Content-Type: application/json
02:36:31.206 [Test worker] DEBUG org.apache.http.headers - http-outgoing-119 << Server: Docker/1.12.3 (linux)
02:36:31.206 [Test worker] DEBUG org.apache.http.headers - http-outgoing-119 << Date: Tue, 03 Jan 2017 01:36:31 GMT
02:36:31.206 [Test worker] DEBUG org.apache.http.headers - http-outgoing-119 << Content-Length: 1195
02:36:31.206 [Test worker] DEBUG o.a.h.impl.execchain.MainClientExec - Connection can be kept alive indefinitely
02:36:31.207 [Test worker] DEBUG c.g.d.j.JerseyDockerCmdExecFactory - 12 * Client response received on thread Test worker
12 < 200
12 < Content-Length: 1195
12 < Content-Type: application/json
12 < Date: Tue, 03 Jan 2017 01:36:31 GMT
12 < Server: Docker/1.12.3 (linux)
[{"Id":"sha256:4ca3a192ff2a5b7e225e81dc006b6379c10776ed3619757a65608cb72de0a7f6","ParentId":"","RepoTags":["ubuntu:latest"],"RepoDigests":["ubuntu@sha256:3b64c309deae7ab0f7dbdd42b6b326261ccd6261da5d88396439353162703fb5"],"Created":1480449877,"Size":128206574,"VirtualSize":128206574,"Labels":{}},{"Id":"sha256:aae2b63c49461fcae4962e4a8043f66acf8e3af7e62f5ebceb70b181d8ca01e0","ParentId":"","RepoTags":["ubuntu:14.04"],"RepoDigests":["ubuntu@sha256:edb984703bd3e8981ff541a5b9297ca1b81fde6e6e8094d86e390a38ebc30b4d"],"Created":1480449856,"Size":187952254,"VirtualSize":187952254,"Labels":{}},{"Id":"sha256:e02e811dd08fd49e7f6032625495118e63f597eb150403d02e3238af1df240ba","ParentId":"","RepoTags":["busybox:latest"],"RepoDigests":["busybox@sha256:29f5d56d12684887bdfa50dcd29fc31eea4aaf4ad3bec43daf19026a7ce69912"],"Created":1475874238,"Size":1093484,"VirtualSize":1093484,"Labels":{}},{"Id":"sha256:d654de4499473ed41349b54a988b6f46a7fc92e3fa2d61e102bf2660a0116e25","ParentId":"","RepoTags":["sakib37/iperf3:latest"],"RepoDigests":["sakib37/iperf3@sha256:8d80a810f8f508c074b14d02555f20110eac382c8dbda7252075392983629d40"],"Created":1474907599,"Size":199456654,"VirtualSize":199456654,"Labels":{}}]


02:36:31.209 [Test worker] DEBUG o.a.h.i.c.DefaultManagedHttpClientConnection - http-outgoing-119: Close connection
02:36:31.209 [Test worker] DEBUG o.a.h.impl.execchain.MainClientExec - Connection discarded
02:36:31.209 [Test worker] DEBUG c.g.d.j.JerseyDockerCmdExecFactory$1 - Connection released: [id: 119][route: {s}->https://Thesis:2376][total kept alive: 1; route allocated: 1 of 2; total allocated: 1 of 20]
02:36:31.209 [Test worker] DEBUG c.g.d.core.command.AbstrDockerCmd - Cmd: com.github.dockerjava.core.command.CreateContainerCmdImpl@406cb7fd[name=MyContainer,hostName=MyContainer,domainName=<null>,user=<null>,attachStdin=<null>,attachStdout=<null>,attachStderr=<null>,portSpecs=<null>,tty=<null>,stdinOpen=<null>,stdInOnce=<null>,env={port=8080,TERM=xterm},cmd={sleep,99999},entrypoint=<null>,image=ubuntu:14.04,volumes=com.github.dockerjava.api.model.Volumes@21a36416,workingDir=<null>,macAddress=<null>,networkDisabled=<null>,exposedPorts=com.github.dockerjava.api.model.ExposedPorts@6dfff19a,stopSignal=<null>,hostConfig=com.github.dockerjava.api.model.HostConfig@3e4eede1[binds=<null>,blkioWeight=<null>,blkioWeightDevice=<null>,blkioDeviceReadBps=<null>,blkioDeviceReadIOps=<null>,blkioDeviceWriteBps=<null>,blkioDeviceWriteIOps=<null>,memorySwappiness=<null>,capAdd=<null>,capDrop=<null>,containerIDFile=<null>,cpuPeriod=<null>,cpuShares=<null>,cpuQuota=<null>,cpusetCpus=<null>,cpusetMems=<null>,devices=<null>,dns=<null>,dnsSearch=<null>,extraHosts=<null>,links=<null>,logConfig=<null>,lxcConf=<null>,memory=<null>,memorySwap=<null>,memoryReservation=<null>,kernelMemory=<null>,networkMode=<null>,oomKillDisable=<null>,oomScoreAdj=<null>,portBindings={8084/tcp=[Lcom.github.dockerjava.api.model.Ports$Binding;@7d63c52c},privileged=<null>,publishAllPorts=<null>,readonlyRootfs=<null>,restartPolicy=<null>,ulimits=<null>,volumesFrom=<null>,pidMode=<null>,securityOpts=<null>,cgroupParent=<null>,volumeDriver=<null>,shmSize=<null>],labels=<null>,networkingConfig=<null>,ipv4Address=<null>,ipv6Address=<null>,aliases=<null>,execution=com.github.dockerjava.jaxrs.CreateContainerCmdExec@7c7b1133]
02:36:31.216 [Test worker] DEBUG o.a.h.c.protocol.RequestAddCookies - CookieSpec selected: default
02:36:31.217 [Test worker] DEBUG o.a.h.c.protocol.RequestAuthCache - Auth cache not set in the context
02:36:31.217 [Test worker] DEBUG c.g.d.j.JerseyDockerCmdExecFactory$1 - Connection request: [route: {s}->https://Thesis:2376][total kept alive: 1; route allocated: 1 of 2; total allocated: 1 of 20]
02:36:31.217 [Test worker] DEBUG c.g.d.j.JerseyDockerCmdExecFactory$1 - Connection leased: [id: 120][route: {s}->https://Thesis:2376][total kept alive: 1; route allocated: 2 of 2; total allocated: 2 of 20]
02:36:31.217 [Test worker] DEBUG o.a.h.impl.execchain.MainClientExec - Opening connection {s}->https://Thesis:2376
02:36:31.217 [Test worker] DEBUG o.a.h.i.c.DefaultHttpClientConnectionOperator - Connecting to Thesis/127.0.1.1:2376
02:36:31.217 [Test worker] DEBUG o.a.h.c.s.SSLConnectionSocketFactory - Connecting socket to Thesis/127.0.1.1:2376 with timeout 0
02:36:31.218 [Test worker] DEBUG o.a.h.c.s.SSLConnectionSocketFactory - Enabled protocols: [TLSv1]
02:36:31.218 [Test worker] DEBUG o.a.h.c.s.SSLConnectionSocketFactory - Enabled cipher suites:[TLS_ECDHE_ECDSA_WITH_AES_128_CBC_SHA, TLS_ECDHE_RSA_WITH_AES_128_CBC_SHA, TLS_RSA_WITH_AES_128_CBC_SHA, TLS_ECDH_ECDSA_WITH_AES_128_CBC_SHA, TLS_ECDH_RSA_WITH_AES_128_CBC_SHA, TLS_DHE_RSA_WITH_AES_128_CBC_SHA, TLS_DHE_DSS_WITH_AES_128_CBC_SHA, TLS_ECDHE_ECDSA_WITH_3DES_EDE_CBC_SHA, TLS_ECDHE_RSA_WITH_3DES_EDE_CBC_SHA, SSL_RSA_WITH_3DES_EDE_CBC_SHA, TLS_ECDH_ECDSA_WITH_3DES_EDE_CBC_SHA, TLS_ECDH_RSA_WITH_3DES_EDE_CBC_SHA, SSL_DHE_RSA_WITH_3DES_EDE_CBC_SHA, SSL_DHE_DSS_WITH_3DES_EDE_CBC_SHA, TLS_ECDHE_ECDSA_WITH_RC4_128_SHA, TLS_ECDHE_RSA_WITH_RC4_128_SHA, SSL_RSA_WITH_RC4_128_SHA, TLS_ECDH_ECDSA_WITH_RC4_128_SHA, TLS_ECDH_RSA_WITH_RC4_128_SHA, SSL_RSA_WITH_RC4_128_MD5, TLS_EMPTY_RENEGOTIATION_INFO_SCSV]
02:36:31.218 [Test worker] DEBUG o.a.h.c.s.SSLConnectionSocketFactory - Starting handshake
02:36:31.277 [Test worker] DEBUG o.a.h.c.s.SSLConnectionSocketFactory - Secure session established
02:36:31.278 [Test worker] DEBUG o.a.h.c.s.SSLConnectionSocketFactory -  negotiated protocol: TLSv1
02:36:31.278 [Test worker] DEBUG o.a.h.c.s.SSLConnectionSocketFactory -  negotiated cipher suite: TLS_ECDHE_RSA_WITH_AES_128_CBC_SHA
02:36:31.278 [Test worker] DEBUG o.a.h.c.s.SSLConnectionSocketFactory -  peer principal: CN=Thesis
02:36:31.278 [Test worker] DEBUG o.a.h.c.s.SSLConnectionSocketFactory -  issuer principal: EMAILADDRESS=sha@yamil.com, CN=Thesis, OU=Open, O=Fra, L=BER, ST=BER, C=DE
02:36:31.278 [Test worker] DEBUG o.a.h.i.c.DefaultHttpClientConnectionOperator - Connection established 127.0.0.1:41540<->127.0.1.1:2376
02:36:31.278 [Test worker] DEBUG o.a.h.impl.execchain.MainClientExec - Executing request POST /containers/create?name=MyContainer HTTP/1.1
02:36:31.279 [Test worker] DEBUG o.a.h.impl.execchain.MainClientExec - Target auth state: UNCHALLENGED
02:36:31.279 [Test worker] DEBUG o.a.h.impl.execchain.MainClientExec - Proxy auth state: UNCHALLENGED
02:36:31.279 [Test worker] DEBUG org.apache.http.headers - http-outgoing-120 >> POST /containers/create?name=MyContainer HTTP/1.1
02:36:31.279 [Test worker] DEBUG org.apache.http.headers - http-outgoing-120 >> Accept: application/json
02:36:31.279 [Test worker] DEBUG org.apache.http.headers - http-outgoing-120 >> Content-Type: application/json
02:36:31.279 [Test worker] DEBUG org.apache.http.headers - http-outgoing-120 >> User-Agent: Jersey/2.23.1 (Apache HttpClient 4.5.1)
02:36:31.279 [Test worker] DEBUG org.apache.http.headers - http-outgoing-120 >> Transfer-Encoding: chunked
02:36:31.279 [Test worker] DEBUG org.apache.http.headers - http-outgoing-120 >> Host: Thesis:2376
02:36:31.279 [Test worker] DEBUG org.apache.http.headers - http-outgoing-120 >> Connection: Keep-Alive
02:36:31.280 [Test worker] DEBUG org.apache.http.headers - http-outgoing-120 >> Accept-Encoding: gzip,deflate
02:36:31.296 [Test worker] DEBUG c.g.d.j.JerseyDockerCmdExecFactory - 13 * Sending client request on thread Test worker
13 > POST https://Thesis:2376/containers/create?name=MyContainer
13 > Accept: application/json
13 > Content-Type: application/json
{"name":"MyContainer","Hostname":"MyContainer","Env":["port=8080","TERM=xterm"],"Cmd":["sleep","99999"],"Image":"ubuntu:14.04","Volumes":{},"ExposedPorts":{"8084/tcp":{}},"HostConfig":{"PortBindings":{"8084/tcp":[{"HostIp":"","HostPort":"8084"}]}}}

02:36:31.296 [Test worker] DEBUG org.apache.http.wire - http-outgoing-120 >> "POST /containers/create?name=MyContainer HTTP/1.1[\r][\n]"
02:36:31.296 [Test worker] DEBUG org.apache.http.wire - http-outgoing-120 >> "Accept: application/json[\r][\n]"
02:36:31.297 [Test worker] DEBUG org.apache.http.wire - http-outgoing-120 >> "Content-Type: application/json[\r][\n]"
02:36:31.297 [Test worker] DEBUG org.apache.http.wire - http-outgoing-120 >> "User-Agent: Jersey/2.23.1 (Apache HttpClient 4.5.1)[\r][\n]"
02:36:31.297 [Test worker] DEBUG org.apache.http.wire - http-outgoing-120 >> "Transfer-Encoding: chunked[\r][\n]"
02:36:31.297 [Test worker] DEBUG org.apache.http.wire - http-outgoing-120 >> "Host: Thesis:2376[\r][\n]"
02:36:31.297 [Test worker] DEBUG org.apache.http.wire - http-outgoing-120 >> "Connection: Keep-Alive[\r][\n]"
02:36:31.297 [Test worker] DEBUG org.apache.http.wire - http-outgoing-120 >> "Accept-Encoding: gzip,deflate[\r][\n]"
02:36:31.297 [Test worker] DEBUG org.apache.http.wire - http-outgoing-120 >> "[\r][\n]"
02:36:31.297 [Test worker] DEBUG org.apache.http.wire - http-outgoing-120 >> "f8[\r][\n]"
02:36:31.298 [Test worker] DEBUG org.apache.http.wire - http-outgoing-120 >> "{"name":"MyContainer","Hostname":"MyContainer","Env":["port=8080","TERM=xterm"],"Cmd":["sleep","99999"],"Image":"ubuntu:14.04","Volumes":{},"ExposedPorts":{"8084/tcp":{}},"HostConfig":{"PortBindings":{"8084/tcp":[{"HostIp":"","HostPort":"8084"}]}}}[\r][\n]"
02:36:31.298 [Test worker] DEBUG org.apache.http.wire - http-outgoing-120 >> "0[\r][\n]"
02:36:31.298 [Test worker] DEBUG org.apache.http.wire - http-outgoing-120 >> "[\r][\n]"
02:36:31.318 [Test worker] DEBUG org.apache.http.wire - http-outgoing-120 << "H"
02:36:31.319 [Test worker] DEBUG org.apache.http.wire - http-outgoing-120 << "TTP/1.1 201 Created[\r][\n]"
02:36:31.319 [Test worker] DEBUG org.apache.http.wire - http-outgoing-120 << "Content-Type: application/json[\r][\n]"
02:36:31.319 [Test worker] DEBUG org.apache.http.wire - http-outgoing-120 << "Server: Docker/1.12.3 (linux)[\r][\n]"
02:36:31.319 [Test worker] DEBUG org.apache.http.wire - http-outgoing-120 << "Date: Tue, 03 Jan 2017 01:36:31 GMT[\r][\n]"
02:36:31.319 [Test worker] DEBUG org.apache.http.wire - http-outgoing-120 << "Content-Length: 90[\r][\n]"
02:36:31.319 [Test worker] DEBUG org.apache.http.wire - http-outgoing-120 << "[\r][\n]"
02:36:31.319 [Test worker] DEBUG org.apache.http.wire - http-outgoing-120 << "{"Id":"4423df55b4a3b55df89c3d89ba41cd1279dafe60baa44b7cad673a9a8a073419","Warnings":null}[\n]"
02:36:31.319 [Test worker] DEBUG org.apache.http.headers - http-outgoing-120 << HTTP/1.1 201 Created
02:36:31.320 [Test worker] DEBUG org.apache.http.headers - http-outgoing-120 << Content-Type: application/json
02:36:31.320 [Test worker] DEBUG org.apache.http.headers - http-outgoing-120 << Server: Docker/1.12.3 (linux)
02:36:31.320 [Test worker] DEBUG org.apache.http.headers - http-outgoing-120 << Date: Tue, 03 Jan 2017 01:36:31 GMT
02:36:31.320 [Test worker] DEBUG org.apache.http.headers - http-outgoing-120 << Content-Length: 90
02:36:31.320 [Test worker] DEBUG o.a.h.impl.execchain.MainClientExec - Connection can be kept alive indefinitely
02:36:31.320 [Test worker] DEBUG c.g.d.j.JerseyDockerCmdExecFactory - 14 * Client response received on thread Test worker
14 < 201
14 < Content-Length: 90
14 < Content-Type: application/json
14 < Date: Tue, 03 Jan 2017 01:36:31 GMT
14 < Server: Docker/1.12.3 (linux)
{"Id":"4423df55b4a3b55df89c3d89ba41cd1279dafe60baa44b7cad673a9a8a073419","Warnings":null}


02:36:31.322 [Test worker] DEBUG o.a.h.i.c.DefaultManagedHttpClientConnection - http-outgoing-120: Close connection
02:36:31.322 [Test worker] DEBUG o.a.h.impl.execchain.MainClientExec - Connection discarded
02:36:31.322 [Test worker] DEBUG c.g.d.j.JerseyDockerCmdExecFactory$1 - Connection released: [id: 120][route: {s}->https://Thesis:2376][total kept alive: 1; route allocated: 1 of 2; total allocated: 1 of 20]
02:36:31.323 [Test worker] DEBUG org.openbaton.docker.DockerVim - Instance created successfully
02:36:31.323 [Test worker] DEBUG c.g.d.core.command.AbstrDockerCmd - Cmd: 4423df55b4a3b55df89c3d89ba41cd1279dafe60baa44b7cad673a9a8a073419,com.github.dockerjava.jaxrs.StartContainerCmdExec@751574c6
02:36:31.323 [Test worker] DEBUG c.g.d.j.JerseyDockerCmdExecFactory - 15 * Sending client request on thread Test worker
15 > POST https://Thesis:2376/containers/4423df55b4a3b55df89c3d89ba41cd1279dafe60baa44b7cad673a9a8a073419/start
15 > Accept: application/json

02:36:31.324 [Test worker] DEBUG o.a.h.c.protocol.RequestAddCookies - CookieSpec selected: default
02:36:31.324 [Test worker] DEBUG o.a.h.c.protocol.RequestAuthCache - Auth cache not set in the context
02:36:31.324 [Test worker] DEBUG c.g.d.j.JerseyDockerCmdExecFactory$1 - Connection request: [route: {s}->https://Thesis:2376][total kept alive: 1; route allocated: 1 of 2; total allocated: 1 of 20]
02:36:31.324 [Test worker] DEBUG c.g.d.j.JerseyDockerCmdExecFactory$1 - Connection leased: [id: 121][route: {s}->https://Thesis:2376][total kept alive: 1; route allocated: 2 of 2; total allocated: 2 of 20]
02:36:31.324 [Test worker] DEBUG o.a.h.impl.execchain.MainClientExec - Opening connection {s}->https://Thesis:2376
02:36:31.324 [Test worker] DEBUG o.a.h.i.c.DefaultHttpClientConnectionOperator - Connecting to Thesis/127.0.1.1:2376
02:36:31.325 [Test worker] DEBUG o.a.h.c.s.SSLConnectionSocketFactory - Connecting socket to Thesis/127.0.1.1:2376 with timeout 0
02:36:31.325 [Test worker] DEBUG o.a.h.c.s.SSLConnectionSocketFactory - Enabled protocols: [TLSv1]
02:36:31.325 [Test worker] DEBUG o.a.h.c.s.SSLConnectionSocketFactory - Enabled cipher suites:[TLS_ECDHE_ECDSA_WITH_AES_128_CBC_SHA, TLS_ECDHE_RSA_WITH_AES_128_CBC_SHA, TLS_RSA_WITH_AES_128_CBC_SHA, TLS_ECDH_ECDSA_WITH_AES_128_CBC_SHA, TLS_ECDH_RSA_WITH_AES_128_CBC_SHA, TLS_DHE_RSA_WITH_AES_128_CBC_SHA, TLS_DHE_DSS_WITH_AES_128_CBC_SHA, TLS_ECDHE_ECDSA_WITH_3DES_EDE_CBC_SHA, TLS_ECDHE_RSA_WITH_3DES_EDE_CBC_SHA, SSL_RSA_WITH_3DES_EDE_CBC_SHA, TLS_ECDH_ECDSA_WITH_3DES_EDE_CBC_SHA, TLS_ECDH_RSA_WITH_3DES_EDE_CBC_SHA, SSL_DHE_RSA_WITH_3DES_EDE_CBC_SHA, SSL_DHE_DSS_WITH_3DES_EDE_CBC_SHA, TLS_ECDHE_ECDSA_WITH_RC4_128_SHA, TLS_ECDHE_RSA_WITH_RC4_128_SHA, SSL_RSA_WITH_RC4_128_SHA, TLS_ECDH_ECDSA_WITH_RC4_128_SHA, TLS_ECDH_RSA_WITH_RC4_128_SHA, SSL_RSA_WITH_RC4_128_MD5, TLS_EMPTY_RENEGOTIATION_INFO_SCSV]
02:36:31.326 [Test worker] DEBUG o.a.h.c.s.SSLConnectionSocketFactory - Starting handshake
02:36:31.388 [Test worker] DEBUG o.a.h.c.s.SSLConnectionSocketFactory - Secure session established
02:36:31.389 [Test worker] DEBUG o.a.h.c.s.SSLConnectionSocketFactory -  negotiated protocol: TLSv1
02:36:31.389 [Test worker] DEBUG o.a.h.c.s.SSLConnectionSocketFactory -  negotiated cipher suite: TLS_ECDHE_RSA_WITH_AES_128_CBC_SHA
02:36:31.389 [Test worker] DEBUG o.a.h.c.s.SSLConnectionSocketFactory -  peer principal: CN=Thesis
02:36:31.389 [Test worker] DEBUG o.a.h.c.s.SSLConnectionSocketFactory -  issuer principal: EMAILADDRESS=sha@yamil.com, CN=Thesis, OU=Open, O=Fra, L=BER, ST=BER, C=DE
02:36:31.389 [Test worker] DEBUG o.a.h.i.c.DefaultHttpClientConnectionOperator - Connection established 127.0.0.1:41542<->127.0.1.1:2376
02:36:31.389 [Test worker] DEBUG o.a.h.impl.execchain.MainClientExec - Executing request POST /containers/4423df55b4a3b55df89c3d89ba41cd1279dafe60baa44b7cad673a9a8a073419/start HTTP/1.1
02:36:31.390 [Test worker] DEBUG o.a.h.impl.execchain.MainClientExec - Target auth state: UNCHALLENGED
02:36:31.390 [Test worker] DEBUG o.a.h.impl.execchain.MainClientExec - Proxy auth state: UNCHALLENGED
02:36:31.390 [Test worker] DEBUG org.apache.http.headers - http-outgoing-121 >> POST /containers/4423df55b4a3b55df89c3d89ba41cd1279dafe60baa44b7cad673a9a8a073419/start HTTP/1.1
02:36:31.390 [Test worker] DEBUG org.apache.http.headers - http-outgoing-121 >> Accept: application/json
02:36:31.390 [Test worker] DEBUG org.apache.http.headers - http-outgoing-121 >> User-Agent: Jersey/2.23.1 (Apache HttpClient 4.5.1)
02:36:31.390 [Test worker] DEBUG org.apache.http.headers - http-outgoing-121 >> Host: Thesis:2376
02:36:31.390 [Test worker] DEBUG org.apache.http.headers - http-outgoing-121 >> Connection: Keep-Alive
02:36:31.390 [Test worker] DEBUG org.apache.http.headers - http-outgoing-121 >> Accept-Encoding: gzip,deflate
02:36:31.391 [Test worker] DEBUG org.apache.http.wire - http-outgoing-121 >> "POST /containers/4423df55b4a3b55df89c3d89ba41cd1279dafe60baa44b7cad673a9a8a073419/start HTTP/1.1[\r][\n]"
02:36:31.391 [Test worker] DEBUG org.apache.http.wire - http-outgoing-121 >> "Accept: application/json[\r][\n]"
02:36:31.391 [Test worker] DEBUG org.apache.http.wire - http-outgoing-121 >> "User-Agent: Jersey/2.23.1 (Apache HttpClient 4.5.1)[\r][\n]"
02:36:31.391 [Test worker] DEBUG org.apache.http.wire - http-outgoing-121 >> "Host: Thesis:2376[\r][\n]"
02:36:31.391 [Test worker] DEBUG org.apache.http.wire - http-outgoing-121 >> "Connection: Keep-Alive[\r][\n]"
02:36:31.391 [Test worker] DEBUG org.apache.http.wire - http-outgoing-121 >> "Accept-Encoding: gzip,deflate[\r][\n]"
02:36:31.391 [Test worker] DEBUG org.apache.http.wire - http-outgoing-121 >> "[\r][\n]"
02:36:31.590 [Test worker] DEBUG org.apache.http.wire - http-outgoing-121 << "H"
02:36:31.590 [Test worker] DEBUG org.apache.http.wire - http-outgoing-121 << "TTP/1.1 204 No Content[\r][\n]"
02:36:31.590 [Test worker] DEBUG org.apache.http.wire - http-outgoing-121 << "Server: Docker/1.12.3 (linux)[\r][\n]"
02:36:31.590 [Test worker] DEBUG org.apache.http.wire - http-outgoing-121 << "Date: Tue, 03 Jan 2017 01:36:31 GMT[\r][\n]"
02:36:31.590 [Test worker] DEBUG org.apache.http.wire - http-outgoing-121 << "[\r][\n]"
02:36:31.590 [Test worker] DEBUG org.apache.http.headers - http-outgoing-121 << HTTP/1.1 204 No Content
02:36:31.590 [Test worker] DEBUG org.apache.http.headers - http-outgoing-121 << Server: Docker/1.12.3 (linux)
02:36:31.590 [Test worker] DEBUG org.apache.http.headers - http-outgoing-121 << Date: Tue, 03 Jan 2017 01:36:31 GMT
02:36:31.590 [Test worker] DEBUG o.a.h.impl.execchain.MainClientExec - Connection can be kept alive indefinitely
02:36:31.591 [Test worker] DEBUG c.g.d.j.JerseyDockerCmdExecFactory$1 - Connection [id: 121][route: {s}->https://Thesis:2376][state: CN=Thesis] can be kept alive indefinitely
02:36:31.591 [Test worker] DEBUG c.g.d.j.JerseyDockerCmdExecFactory$1 - Connection released: [id: 121][route: {s}->https://Thesis:2376][state: CN=Thesis][total kept alive: 2; route allocated: 2 of 2; total allocated: 2 of 20]
02:36:31.591 [Test worker] DEBUG c.g.d.j.JerseyDockerCmdExecFactory - 16 * Client response received on thread Test worker
16 < 204
16 < Date: Tue, 03 Jan 2017 01:36:31 GMT
16 < Server: Docker/1.12.3 (linux)

02:36:31.591 [Test worker] DEBUG c.g.d.core.command.AbstrDockerCmd - Cmd: ListImagesCmdImpl[imageNameFilter=<null>,showAll=true,filters=com.github.dockerjava.core.util.FiltersBuilder@0,execution=com.github.dockerjava.jaxrs.ListImagesCmdExec@3ba71e33]
02:36:31.591 [Test worker] DEBUG c.g.d.j.JerseyDockerCmdExecFactory - 17 * Sending client request on thread Test worker
17 > GET https://Thesis:2376/images/json?all=true
17 > Accept: application/json

02:36:31.592 [Test worker] DEBUG o.a.h.c.protocol.RequestAddCookies - CookieSpec selected: default
02:36:31.592 [Test worker] DEBUG o.a.h.c.protocol.RequestAuthCache - Auth cache not set in the context
02:36:31.592 [Test worker] DEBUG c.g.d.j.JerseyDockerCmdExecFactory$1 - Connection request: [route: {s}->https://Thesis:2376][total kept alive: 2; route allocated: 2 of 2; total allocated: 2 of 20]
02:36:31.592 [Test worker] DEBUG o.a.h.i.c.DefaultManagedHttpClientConnection - http-outgoing-114: Close connection
02:36:31.593 [Test worker] DEBUG c.g.d.j.JerseyDockerCmdExecFactory$1 - Connection leased: [id: 122][route: {s}->https://Thesis:2376][total kept alive: 1; route allocated: 2 of 2; total allocated: 2 of 20]
02:36:31.593 [Test worker] DEBUG o.a.h.impl.execchain.MainClientExec - Opening connection {s}->https://Thesis:2376
02:36:31.594 [Test worker] DEBUG o.a.h.i.c.DefaultHttpClientConnectionOperator - Connecting to Thesis/127.0.1.1:2376
02:36:31.594 [Test worker] DEBUG o.a.h.c.s.SSLConnectionSocketFactory - Connecting socket to Thesis/127.0.1.1:2376 with timeout 0
02:36:31.596 [Test worker] DEBUG o.a.h.c.s.SSLConnectionSocketFactory - Enabled protocols: [TLSv1]
02:36:31.597 [Test worker] DEBUG o.a.h.c.s.SSLConnectionSocketFactory - Enabled cipher suites:[TLS_ECDHE_ECDSA_WITH_AES_128_CBC_SHA, TLS_ECDHE_RSA_WITH_AES_128_CBC_SHA, TLS_RSA_WITH_AES_128_CBC_SHA, TLS_ECDH_ECDSA_WITH_AES_128_CBC_SHA, TLS_ECDH_RSA_WITH_AES_128_CBC_SHA, TLS_DHE_RSA_WITH_AES_128_CBC_SHA, TLS_DHE_DSS_WITH_AES_128_CBC_SHA, TLS_ECDHE_ECDSA_WITH_3DES_EDE_CBC_SHA, TLS_ECDHE_RSA_WITH_3DES_EDE_CBC_SHA, SSL_RSA_WITH_3DES_EDE_CBC_SHA, TLS_ECDH_ECDSA_WITH_3DES_EDE_CBC_SHA, TLS_ECDH_RSA_WITH_3DES_EDE_CBC_SHA, SSL_DHE_RSA_WITH_3DES_EDE_CBC_SHA, SSL_DHE_DSS_WITH_3DES_EDE_CBC_SHA, TLS_ECDHE_ECDSA_WITH_RC4_128_SHA, TLS_ECDHE_RSA_WITH_RC4_128_SHA, SSL_RSA_WITH_RC4_128_SHA, TLS_ECDH_ECDSA_WITH_RC4_128_SHA, TLS_ECDH_RSA_WITH_RC4_128_SHA, SSL_RSA_WITH_RC4_128_MD5, TLS_EMPTY_RENEGOTIATION_INFO_SCSV]
02:36:31.597 [Test worker] DEBUG o.a.h.c.s.SSLConnectionSocketFactory - Starting handshake
02:36:31.682 [Test worker] DEBUG o.a.h.c.s.SSLConnectionSocketFactory - Secure session established
02:36:31.682 [Test worker] DEBUG o.a.h.c.s.SSLConnectionSocketFactory -  negotiated protocol: TLSv1
02:36:31.682 [Test worker] DEBUG o.a.h.c.s.SSLConnectionSocketFactory -  negotiated cipher suite: TLS_ECDHE_RSA_WITH_AES_128_CBC_SHA
02:36:31.682 [Test worker] DEBUG o.a.h.c.s.SSLConnectionSocketFactory -  peer principal: CN=Thesis
02:36:31.682 [Test worker] DEBUG o.a.h.c.s.SSLConnectionSocketFactory -  issuer principal: EMAILADDRESS=sha@yamil.com, CN=Thesis, OU=Open, O=Fra, L=BER, ST=BER, C=DE
02:36:31.683 [Test worker] DEBUG o.a.h.i.c.DefaultHttpClientConnectionOperator - Connection established 127.0.0.1:41544<->127.0.1.1:2376
02:36:31.683 [Test worker] DEBUG o.a.h.impl.execchain.MainClientExec - Executing request GET /images/json?all=true HTTP/1.1
02:36:31.683 [Test worker] DEBUG o.a.h.impl.execchain.MainClientExec - Target auth state: UNCHALLENGED
02:36:31.683 [Test worker] DEBUG o.a.h.impl.execchain.MainClientExec - Proxy auth state: UNCHALLENGED
02:36:31.683 [Test worker] DEBUG org.apache.http.headers - http-outgoing-122 >> GET /images/json?all=true HTTP/1.1
02:36:31.683 [Test worker] DEBUG org.apache.http.headers - http-outgoing-122 >> Accept: application/json
02:36:31.683 [Test worker] DEBUG org.apache.http.headers - http-outgoing-122 >> User-Agent: Jersey/2.23.1 (Apache HttpClient 4.5.1)
02:36:31.684 [Test worker] DEBUG org.apache.http.headers - http-outgoing-122 >> Host: Thesis:2376
02:36:31.684 [Test worker] DEBUG org.apache.http.headers - http-outgoing-122 >> Connection: Keep-Alive
02:36:31.684 [Test worker] DEBUG org.apache.http.headers - http-outgoing-122 >> Accept-Encoding: gzip,deflate
02:36:31.684 [Test worker] DEBUG org.apache.http.wire - http-outgoing-122 >> "GET /images/json?all=true HTTP/1.1[\r][\n]"
02:36:31.684 [Test worker] DEBUG org.apache.http.wire - http-outgoing-122 >> "Accept: application/json[\r][\n]"
02:36:31.684 [Test worker] DEBUG org.apache.http.wire - http-outgoing-122 >> "User-Agent: Jersey/2.23.1 (Apache HttpClient 4.5.1)[\r][\n]"
02:36:31.684 [Test worker] DEBUG org.apache.http.wire - http-outgoing-122 >> "Host: Thesis:2376[\r][\n]"
02:36:31.684 [Test worker] DEBUG org.apache.http.wire - http-outgoing-122 >> "Connection: Keep-Alive[\r][\n]"
02:36:31.684 [Test worker] DEBUG org.apache.http.wire - http-outgoing-122 >> "Accept-Encoding: gzip,deflate[\r][\n]"
02:36:31.684 [Test worker] DEBUG org.apache.http.wire - http-outgoing-122 >> "[\r][\n]"
02:36:31.686 [Test worker] DEBUG org.apache.http.wire - http-outgoing-122 << "H"
02:36:31.686 [Test worker] DEBUG org.apache.http.wire - http-outgoing-122 << "TTP/1.1 200 OK[\r][\n]"
02:36:31.686 [Test worker] DEBUG org.apache.http.wire - http-outgoing-122 << "Content-Type: application/json[\r][\n]"
02:36:31.686 [Test worker] DEBUG org.apache.http.wire - http-outgoing-122 << "Server: Docker/1.12.3 (linux)[\r][\n]"
02:36:31.686 [Test worker] DEBUG org.apache.http.wire - http-outgoing-122 << "Date: Tue, 03 Jan 2017 01:36:31 GMT[\r][\n]"
02:36:31.686 [Test worker] DEBUG org.apache.http.wire - http-outgoing-122 << "Content-Length: 1195[\r][\n]"
02:36:31.686 [Test worker] DEBUG org.apache.http.wire - http-outgoing-122 << "[\r][\n]"
02:36:31.686 [Test worker] DEBUG org.apache.http.wire - http-outgoing-122 << "[{"Id":"sha256:4ca3a192ff2a5b7e225e81dc006b6379c10776ed3619757a65608cb72de0a7f6","ParentId":"","RepoTags":["ubuntu:latest"],"RepoDigests":["ubuntu@sha256:3b64c309deae7ab0f7dbdd42b6b326261ccd6261da5d88396439353162703fb5"],"Created":1480449877,"Size":128206574,"VirtualSize":128206574,"Labels":{}},{"Id":"sha256:aae2b63c49461fcae4962e4a8043f66acf8e3af7e62f5ebceb70b181d8ca01e0","ParentId":"","RepoTags":["ubuntu:14.04"],"RepoDigests":["ubuntu@sha256:edb984703bd3e8981ff541a5b9297ca1b81fde6e6e8094d86e390a38ebc30b4d"],"Created":1480449856,"Size":187952254,"VirtualSize":187952254,"Labels":{}},{"Id":"sha256:e02e811dd08fd49e7f6032625495118e63f597eb150403d02e3238af1df240ba","ParentId":"","RepoTags":["busybox:latest"],"RepoDigests":["busybox@sha256:29f5d56d12684887bdfa50dcd29fc31eea4aaf4ad3bec43daf19026a7ce69912"],"Created":1475874238,"Size":1093484,"VirtualSize":1093484,"Labels":{}},{"Id":"sha256:d654de4499473ed41349b54a988b6f46a7fc92e3fa2d61e102bf2660a0116e25","ParentId":"","RepoTags":["sakib37/iperf3:latest"],"RepoDigests":["sakib37/iperf3@sha256:8d80a810f8f508c074b14d02555f20110eac382c8dbda7252075392983629d40"],"Created":1474907599,"Size":199456654,"VirtualSize":199456654,"Labels":{}}][\n]"
02:36:31.687 [Test worker] DEBUG org.apache.http.headers - http-outgoing-122 << HTTP/1.1 200 OK
02:36:31.687 [Test worker] DEBUG org.apache.http.headers - http-outgoing-122 << Content-Type: application/json
02:36:31.687 [Test worker] DEBUG org.apache.http.headers - http-outgoing-122 << Server: Docker/1.12.3 (linux)
02:36:31.687 [Test worker] DEBUG org.apache.http.headers - http-outgoing-122 << Date: Tue, 03 Jan 2017 01:36:31 GMT
02:36:31.687 [Test worker] DEBUG org.apache.http.headers - http-outgoing-122 << Content-Length: 1195
02:36:31.687 [Test worker] DEBUG o.a.h.impl.execchain.MainClientExec - Connection can be kept alive indefinitely
02:36:31.688 [Test worker] DEBUG c.g.d.j.JerseyDockerCmdExecFactory - 18 * Client response received on thread Test worker
18 < 200
18 < Content-Length: 1195
18 < Content-Type: application/json
18 < Date: Tue, 03 Jan 2017 01:36:31 GMT
18 < Server: Docker/1.12.3 (linux)
[{"Id":"sha256:4ca3a192ff2a5b7e225e81dc006b6379c10776ed3619757a65608cb72de0a7f6","ParentId":"","RepoTags":["ubuntu:latest"],"RepoDigests":["ubuntu@sha256:3b64c309deae7ab0f7dbdd42b6b326261ccd6261da5d88396439353162703fb5"],"Created":1480449877,"Size":128206574,"VirtualSize":128206574,"Labels":{}},{"Id":"sha256:aae2b63c49461fcae4962e4a8043f66acf8e3af7e62f5ebceb70b181d8ca01e0","ParentId":"","RepoTags":["ubuntu:14.04"],"RepoDigests":["ubuntu@sha256:edb984703bd3e8981ff541a5b9297ca1b81fde6e6e8094d86e390a38ebc30b4d"],"Created":1480449856,"Size":187952254,"VirtualSize":187952254,"Labels":{}},{"Id":"sha256:e02e811dd08fd49e7f6032625495118e63f597eb150403d02e3238af1df240ba","ParentId":"","RepoTags":["busybox:latest"],"RepoDigests":["busybox@sha256:29f5d56d12684887bdfa50dcd29fc31eea4aaf4ad3bec43daf19026a7ce69912"],"Created":1475874238,"Size":1093484,"VirtualSize":1093484,"Labels":{}},{"Id":"sha256:d654de4499473ed41349b54a988b6f46a7fc92e3fa2d61e102bf2660a0116e25","ParentId":"","RepoTags":["sakib37/iperf3:latest"],"RepoDigests":["sakib37/iperf3@sha256:8d80a810f8f508c074b14d02555f20110eac382c8dbda7252075392983629d40"],"Created":1474907599,"Size":199456654,"VirtualSize":199456654,"Labels":{}}]


02:36:31.689 [Test worker] DEBUG o.a.h.i.c.DefaultManagedHttpClientConnection - http-outgoing-122: Close connection
02:36:31.689 [Test worker] DEBUG o.a.h.impl.execchain.MainClientExec - Connection discarded
02:36:31.689 [Test worker] DEBUG c.g.d.j.JerseyDockerCmdExecFactory$1 - Connection released: [id: 122][route: {s}->https://Thesis:2376][total kept alive: 1; route allocated: 1 of 2; total allocated: 1 of 20]
02:36:31.689 [Test worker] DEBUG org.openbaton.docker.DockerVim - Found a docker image, transformed into a NFV Image Image{id='sha256:aae2b63c49461fcae4962e4a8043f66acf8e3af7e62f5ebceb70b181d8ca01e0', name='ubuntu:14.04', version=0, extId='null', minRam='0', minDiskSpace='0', minCPU='null', public='true', diskFormat='null', containerFormat='docker', created='Sun Jan 18 04:14:09 CET 1970', updated='null'}
02:36:31.691 [Test worker] DEBUG c.g.d.core.command.AbstrDockerCmd - Cmd: com.github.dockerjava.core.command.CopyArchiveToContainerCmdImpl@7ba5b6a7[cp ,/home/sakib/docker-plugin/src/test/data, ,4423df55b4a3b55df89c3d89ba41cd1279dafe60baa44b7cad673a9a8a073419,:,/]
02:36:31.692 [Test worker] DEBUG o.a.h.c.protocol.RequestAddCookies - CookieSpec selected: default
02:36:31.692 [Test worker] DEBUG o.a.h.c.protocol.RequestAuthCache - Auth cache not set in the context
02:36:31.693 [Test worker] DEBUG c.g.d.j.JerseyDockerCmdExecFactory$1 - Connection request: [route: {s}->https://Thesis:2376][total kept alive: 1; route allocated: 1 of 2; total allocated: 1 of 20]
02:36:31.693 [Test worker] DEBUG c.g.d.j.JerseyDockerCmdExecFactory$1 - Connection leased: [id: 123][route: {s}->https://Thesis:2376][total kept alive: 1; route allocated: 2 of 2; total allocated: 2 of 20]
02:36:31.693 [Test worker] DEBUG o.a.h.impl.execchain.MainClientExec - Opening connection {s}->https://Thesis:2376
02:36:31.693 [Test worker] DEBUG o.a.h.i.c.DefaultHttpClientConnectionOperator - Connecting to Thesis/127.0.1.1:2376
02:36:31.693 [Test worker] DEBUG o.a.h.c.s.SSLConnectionSocketFactory - Connecting socket to Thesis/127.0.1.1:2376 with timeout 0
02:36:31.694 [Test worker] DEBUG o.a.h.c.s.SSLConnectionSocketFactory - Enabled protocols: [TLSv1]
02:36:31.694 [Test worker] DEBUG o.a.h.c.s.SSLConnectionSocketFactory - Enabled cipher suites:[TLS_ECDHE_ECDSA_WITH_AES_128_CBC_SHA, TLS_ECDHE_RSA_WITH_AES_128_CBC_SHA, TLS_RSA_WITH_AES_128_CBC_SHA, TLS_ECDH_ECDSA_WITH_AES_128_CBC_SHA, TLS_ECDH_RSA_WITH_AES_128_CBC_SHA, TLS_DHE_RSA_WITH_AES_128_CBC_SHA, TLS_DHE_DSS_WITH_AES_128_CBC_SHA, TLS_ECDHE_ECDSA_WITH_3DES_EDE_CBC_SHA, TLS_ECDHE_RSA_WITH_3DES_EDE_CBC_SHA, SSL_RSA_WITH_3DES_EDE_CBC_SHA, TLS_ECDH_ECDSA_WITH_3DES_EDE_CBC_SHA, TLS_ECDH_RSA_WITH_3DES_EDE_CBC_SHA, SSL_DHE_RSA_WITH_3DES_EDE_CBC_SHA, SSL_DHE_DSS_WITH_3DES_EDE_CBC_SHA, TLS_ECDHE_ECDSA_WITH_RC4_128_SHA, TLS_ECDHE_RSA_WITH_RC4_128_SHA, SSL_RSA_WITH_RC4_128_SHA, TLS_ECDH_ECDSA_WITH_RC4_128_SHA, TLS_ECDH_RSA_WITH_RC4_128_SHA, SSL_RSA_WITH_RC4_128_MD5, TLS_EMPTY_RENEGOTIATION_INFO_SCSV]
02:36:31.694 [Test worker] DEBUG o.a.h.c.s.SSLConnectionSocketFactory - Starting handshake
02:36:31.753 [Test worker] DEBUG o.a.h.c.s.SSLConnectionSocketFactory - Secure session established
02:36:31.753 [Test worker] DEBUG o.a.h.c.s.SSLConnectionSocketFactory -  negotiated protocol: TLSv1
02:36:31.753 [Test worker] DEBUG o.a.h.c.s.SSLConnectionSocketFactory -  negotiated cipher suite: TLS_ECDHE_RSA_WITH_AES_128_CBC_SHA
02:36:31.753 [Test worker] DEBUG o.a.h.c.s.SSLConnectionSocketFactory -  peer principal: CN=Thesis
02:36:31.753 [Test worker] DEBUG o.a.h.c.s.SSLConnectionSocketFactory -  issuer principal: EMAILADDRESS=sha@yamil.com, CN=Thesis, OU=Open, O=Fra, L=BER, ST=BER, C=DE
02:36:31.754 [Test worker] DEBUG o.a.h.i.c.DefaultHttpClientConnectionOperator - Connection established 127.0.0.1:41546<->127.0.1.1:2376
02:36:31.754 [Test worker] DEBUG o.a.h.impl.execchain.MainClientExec - Executing request PUT /containers/4423df55b4a3b55df89c3d89ba41cd1279dafe60baa44b7cad673a9a8a073419/archive?path=%2F&noOverwriteDirNonDir=false HTTP/1.1
02:36:31.754 [Test worker] DEBUG o.a.h.impl.execchain.MainClientExec - Target auth state: UNCHALLENGED
02:36:31.754 [Test worker] DEBUG o.a.h.impl.execchain.MainClientExec - Proxy auth state: UNCHALLENGED
02:36:31.754 [Test worker] DEBUG org.apache.http.headers - http-outgoing-123 >> PUT /containers/4423df55b4a3b55df89c3d89ba41cd1279dafe60baa44b7cad673a9a8a073419/archive?path=%2F&noOverwriteDirNonDir=false HTTP/1.1
02:36:31.754 [Test worker] DEBUG org.apache.http.headers - http-outgoing-123 >> Content-Type: application/x-tar
02:36:31.754 [Test worker] DEBUG org.apache.http.headers - http-outgoing-123 >> User-Agent: Jersey/2.23.1 (Apache HttpClient 4.5.1)
02:36:31.754 [Test worker] DEBUG org.apache.http.headers - http-outgoing-123 >> Transfer-Encoding: chunked
02:36:31.754 [Test worker] DEBUG org.apache.http.headers - http-outgoing-123 >> Host: Thesis:2376
02:36:31.758 [Test worker] DEBUG org.apache.http.headers - http-outgoing-123 >> Connection: Keep-Alive
02:36:31.758 [Test worker] DEBUG org.apache.http.headers - http-outgoing-123 >> Accept-Encoding: gzip,deflate
02:36:31.758 [Test worker] DEBUG c.g.d.j.JerseyDockerCmdExecFactory - 19 * Sending client request on thread Test worker
19 > PUT https://Thesis:2376/containers/4423df55b4a3b55df89c3d89ba41cd1279dafe60baa44b7cad673a9a8a073419/archive?path=%2F&noOverwriteDirNonDir=false
19 > Content-Type: application/x-tar
?�???????���Ok�0??p��?��55֞��؆ x��?۸?���?��i��a?�;��(44��}R(Vqﲄ?�,MI4��z�H!��0�?�D���Qz�}ն��?[<�N��ΰ�k(��Y{�̝��7��?��7]]>&#x7f;<![CDATA[)�N�rX�]]>&#x7f;<![CDATA[r&Ǹ��??�]�?�M?Mg?�����9��Ū�^ڕ�����>ӹ)�ߧ??��y�0�e��p)��?���β��r�G�v4HB�v���Z��>�N+�E(?&��謺�o?????????????????��=���?(??

02:36:31.759 [Test worker] DEBUG org.apache.http.wire - http-outgoing-123 >> "PUT /containers/4423df55b4a3b55df89c3d89ba41cd1279dafe60baa44b7cad673a9a8a073419/archive?path=%2F&noOverwriteDirNonDir=false HTTP/1.1[\r][\n]"
02:36:31.759 [Test worker] DEBUG org.apache.http.wire - http-outgoing-123 >> "Content-Type: application/x-tar[\r][\n]"
02:36:31.759 [Test worker] DEBUG org.apache.http.wire - http-outgoing-123 >> "User-Agent: Jersey/2.23.1 (Apache HttpClient 4.5.1)[\r][\n]"
02:36:31.759 [Test worker] DEBUG org.apache.http.wire - http-outgoing-123 >> "Transfer-Encoding: chunked[\r][\n]"
02:36:31.759 [Test worker] DEBUG org.apache.http.wire - http-outgoing-123 >> "Host: Thesis:2376[\r][\n]"
02:36:31.759 [Test worker] DEBUG org.apache.http.wire - http-outgoing-123 >> "Connection: Keep-Alive[\r][\n]"
02:36:31.760 [Test worker] DEBUG org.apache.http.wire - http-outgoing-123 >> "Accept-Encoding: gzip,deflate[\r][\n]"
02:36:31.760 [Test worker] DEBUG org.apache.http.wire - http-outgoing-123 >> "[\r][\n]"
02:36:31.760 [Test worker] DEBUG org.apache.http.wire - http-outgoing-123 >> "111[\r][\n]"
02:36:31.760 [Test worker] DEBUG org.apache.http.wire - http-outgoing-123 >> "[0x1f][0x8b][0x8][0x0][0x0][0x0][0x0][0x0][0x0][0xff][0xed][0xd2]Ok[0xc2]0[0x18][0x6]p[0xcf][0xfd][0x14][0xef][0x9c][0xe7]55[0xd6][0x9e][0xb6][0xcb][0xd8][0x86] x[0xd8][0xee][0x12][0xdb][0xb8][0x4][0x9c][0x95][0xe4][0x15][0xbf][0xbe]i[0xeb][0xa0][0xeb]a[0x8][0xfe];[0xf8][0xfc](44[0xcd][0xfb][0xa6]}R(Vq[0xef][0xb2][0x84][0x18][0x89],MI4[0xba][0xf7]z[0x9c]H![0x87][0xe3]0[0x92][0x19][0x89]D[0xa4][0x89][0xec]Qz[0xe1]}[0xd5][0xb6][0x9e][0x95][0xb][<[0xb5]N[0xf7][0xe3][0xce][0xb0][0xb5]k([0xaa][0xfc]Y{[0xfe][0xcc][0x9d][0xdd][0xf0][0x93]7[0xe7][0xef][0x11][0xf2][0xfc]7]]>&#x7f;<![CDATA[)[0xb2]N[0xfe]rX[0xe5]]]>&#x7f;<![CDATA[r&[0xc7][0xb8][0xf3][0xfc][0x1f][0x1f][0xe2][0x85]][0xc7][0xb][0xe5]M[0x14]Mg[0x1f][0xf3][0xf7][0xc9][0xf4][0xed]9[0xae][0x8f][0xc5][0xaa][0xfc]^[0xda][0x95][0x8e][0xb8][0xdc][0xe6][0x86][0xfe]>[0xd3][0xb9])[0xa9][0xdf][0xa7][0x17][0x1a][0xfc][0xae][0x8a][0xf2][0xa2]y[0xe9]0[0xf9]e[0xac][0xa7]p)[0xaa][0xce][0x17][0xf9][0xfa][0x80][0xd1][0xce][0xb2][0xa1][0x8d]r[0xea]G[0xb3]v4HB[0x8d]v[0x91][0xa6][0xd9]Z[0xef][0xe6][0xad]>[0xaf]N+[0xd6]E([0x15]&[0xa8][0x9a][0xe8][0xac][0xba][0xf5]o[0x4][0x0][0x0][0x0][0x0][0x0][0x0][0x0][0x0][0x0][0x0][0x0][0x0][0x0][0x0][0x0][0x0][0xb8][0x89]=[0xd7][0xd2][\r][0xf2][0x0]([0x0][0x0][\r][\n]"
02:36:31.760 [Test worker] DEBUG org.apache.http.wire - http-outgoing-123 >> "0[\r][\n]"
02:36:31.760 [Test worker] DEBUG org.apache.http.wire - http-outgoing-123 >> "[\r][\n]"
02:36:31.790 [Test worker] DEBUG org.apache.http.wire - http-outgoing-123 << "H"
02:36:31.791 [Test worker] DEBUG org.apache.http.wire - http-outgoing-123 << "TTP/1.1 200 OK[\r][\n]"
02:36:31.791 [Test worker] DEBUG org.apache.http.wire - http-outgoing-123 << "Server: Docker/1.12.3 (linux)[\r][\n]"
02:36:31.791 [Test worker] DEBUG org.apache.http.wire - http-outgoing-123 << "Date: Tue, 03 Jan 2017 01:36:31 GMT[\r][\n]"
02:36:31.791 [Test worker] DEBUG org.apache.http.wire - http-outgoing-123 << "Content-Length: 0[\r][\n]"
02:36:31.791 [Test worker] DEBUG org.apache.http.wire - http-outgoing-123 << "Content-Type: text/plain; charset=utf-8[\r][\n]"
02:36:31.791 [Test worker] DEBUG org.apache.http.wire - http-outgoing-123 << "[\r][\n]"
02:36:31.791 [Test worker] DEBUG org.apache.http.headers - http-outgoing-123 << HTTP/1.1 200 OK
02:36:31.791 [Test worker] DEBUG org.apache.http.headers - http-outgoing-123 << Server: Docker/1.12.3 (linux)
02:36:31.791 [Test worker] DEBUG org.apache.http.headers - http-outgoing-123 << Date: Tue, 03 Jan 2017 01:36:31 GMT
02:36:31.792 [Test worker] DEBUG org.apache.http.headers - http-outgoing-123 << Content-Length: 0
02:36:31.792 [Test worker] DEBUG org.apache.http.headers - http-outgoing-123 << Content-Type: text/plain; charset=utf-8
02:36:31.792 [Test worker] DEBUG o.a.h.impl.execchain.MainClientExec - Connection can be kept alive indefinitely
02:36:31.795 [Test worker] DEBUG c.g.d.j.JerseyDockerCmdExecFactory$1 - Connection [id: 123][route: {s}->https://Thesis:2376][state: CN=Thesis] can be kept alive indefinitely
02:36:31.796 [Test worker] DEBUG c.g.d.j.JerseyDockerCmdExecFactory$1 - Connection released: [id: 123][route: {s}->https://Thesis:2376][state: CN=Thesis][total kept alive: 2; route allocated: 2 of 2; total allocated: 2 of 20]
02:36:31.796 [Test worker] DEBUG c.g.d.j.JerseyDockerCmdExecFactory - 20 * Client response received on thread Test worker
20 < 200
20 < Content-Length: 0
20 < Content-Type: application/json;charset=utf-8
20 < Date: Tue, 03 Jan 2017 01:36:31 GMT
20 < Server: Docker/1.12.3 (linux)

02:36:31.797 [Test worker] INFO  org.openbaton.docker.DockerVim - Archive '/home/sakib/docker-plugin/src/test/data' copied successfully to container '4423df55b4a3b55df89c3d89ba41cd1279dafe60baa44b7cad673a9a8a073419
02:36:31.797 [Test worker] DEBUG c.g.d.core.command.AbstrDockerCmd - Cmd: -1,<null>,true,<null>,<null>,com.github.dockerjava.core.util.FiltersBuilder@0,com.github.dockerjava.jaxrs.ListContainersCmdExec@22407209
02:36:31.800 [Test worker] DEBUG c.g.d.j.JerseyDockerCmdExecFactory - 21 * Sending client request on thread Test worker
21 > GET https://Thesis:2376/containers/json?all=true
21 > Accept: application/json

02:36:31.800 [Test worker] DEBUG o.a.h.c.protocol.RequestAddCookies - CookieSpec selected: default
02:36:31.801 [Test worker] DEBUG o.a.h.c.protocol.RequestAuthCache - Auth cache not set in the context
02:36:31.801 [Test worker] DEBUG c.g.d.j.JerseyDockerCmdExecFactory$1 - Connection request: [route: {s}->https://Thesis:2376][total kept alive: 2; route allocated: 2 of 2; total allocated: 2 of 20]
02:36:31.801 [Test worker] DEBUG o.a.h.i.c.DefaultManagedHttpClientConnection - http-outgoing-121: Close connection
02:36:31.801 [Test worker] DEBUG c.g.d.j.JerseyDockerCmdExecFactory$1 - Connection leased: [id: 124][route: {s}->https://Thesis:2376][total kept alive: 1; route allocated: 2 of 2; total allocated: 2 of 20]
02:36:31.801 [Test worker] DEBUG o.a.h.impl.execchain.MainClientExec - Opening connection {s}->https://Thesis:2376
02:36:31.802 [Test worker] DEBUG o.a.h.i.c.DefaultHttpClientConnectionOperator - Connecting to Thesis/127.0.1.1:2376
02:36:31.802 [Test worker] DEBUG o.a.h.c.s.SSLConnectionSocketFactory - Connecting socket to Thesis/127.0.1.1:2376 with timeout 0
02:36:31.816 [Test worker] DEBUG o.a.h.c.s.SSLConnectionSocketFactory - Enabled protocols: [TLSv1]
02:36:31.816 [Test worker] DEBUG o.a.h.c.s.SSLConnectionSocketFactory - Enabled cipher suites:[TLS_ECDHE_ECDSA_WITH_AES_128_CBC_SHA, TLS_ECDHE_RSA_WITH_AES_128_CBC_SHA, TLS_RSA_WITH_AES_128_CBC_SHA, TLS_ECDH_ECDSA_WITH_AES_128_CBC_SHA, TLS_ECDH_RSA_WITH_AES_128_CBC_SHA, TLS_DHE_RSA_WITH_AES_128_CBC_SHA, TLS_DHE_DSS_WITH_AES_128_CBC_SHA, TLS_ECDHE_ECDSA_WITH_3DES_EDE_CBC_SHA, TLS_ECDHE_RSA_WITH_3DES_EDE_CBC_SHA, SSL_RSA_WITH_3DES_EDE_CBC_SHA, TLS_ECDH_ECDSA_WITH_3DES_EDE_CBC_SHA, TLS_ECDH_RSA_WITH_3DES_EDE_CBC_SHA, SSL_DHE_RSA_WITH_3DES_EDE_CBC_SHA, SSL_DHE_DSS_WITH_3DES_EDE_CBC_SHA, TLS_ECDHE_ECDSA_WITH_RC4_128_SHA, TLS_ECDHE_RSA_WITH_RC4_128_SHA, SSL_RSA_WITH_RC4_128_SHA, TLS_ECDH_ECDSA_WITH_RC4_128_SHA, TLS_ECDH_RSA_WITH_RC4_128_SHA, SSL_RSA_WITH_RC4_128_MD5, TLS_EMPTY_RENEGOTIATION_INFO_SCSV]
02:36:31.816 [Test worker] DEBUG o.a.h.c.s.SSLConnectionSocketFactory - Starting handshake
02:36:31.881 [Test worker] DEBUG o.a.h.c.s.SSLConnectionSocketFactory - Secure session established
02:36:31.881 [Test worker] DEBUG o.a.h.c.s.SSLConnectionSocketFactory -  negotiated protocol: TLSv1
02:36:31.881 [Test worker] DEBUG o.a.h.c.s.SSLConnectionSocketFactory -  negotiated cipher suite: TLS_ECDHE_RSA_WITH_AES_128_CBC_SHA
02:36:31.881 [Test worker] DEBUG o.a.h.c.s.SSLConnectionSocketFactory -  peer principal: CN=Thesis
02:36:31.881 [Test worker] DEBUG o.a.h.c.s.SSLConnectionSocketFactory -  issuer principal: EMAILADDRESS=sha@yamil.com, CN=Thesis, OU=Open, O=Fra, L=BER, ST=BER, C=DE
02:36:31.882 [Test worker] DEBUG o.a.h.i.c.DefaultHttpClientConnectionOperator - Connection established 127.0.0.1:41548<->127.0.1.1:2376
02:36:31.882 [Test worker] DEBUG o.a.h.impl.execchain.MainClientExec - Executing request GET /containers/json?all=true HTTP/1.1
02:36:31.882 [Test worker] DEBUG o.a.h.impl.execchain.MainClientExec - Target auth state: UNCHALLENGED
02:36:31.882 [Test worker] DEBUG o.a.h.impl.execchain.MainClientExec - Proxy auth state: UNCHALLENGED
02:36:31.882 [Test worker] DEBUG org.apache.http.headers - http-outgoing-124 >> GET /containers/json?all=true HTTP/1.1
02:36:31.882 [Test worker] DEBUG org.apache.http.headers - http-outgoing-124 >> Accept: application/json
02:36:31.882 [Test worker] DEBUG org.apache.http.headers - http-outgoing-124 >> User-Agent: Jersey/2.23.1 (Apache HttpClient 4.5.1)
02:36:31.883 [Test worker] DEBUG org.apache.http.headers - http-outgoing-124 >> Host: Thesis:2376
02:36:31.883 [Test worker] DEBUG org.apache.http.headers - http-outgoing-124 >> Connection: Keep-Alive
02:36:31.883 [Test worker] DEBUG org.apache.http.headers - http-outgoing-124 >> Accept-Encoding: gzip,deflate
02:36:31.883 [Test worker] DEBUG org.apache.http.wire - http-outgoing-124 >> "GET /containers/json?all=true HTTP/1.1[\r][\n]"
02:36:31.883 [Test worker] DEBUG org.apache.http.wire - http-outgoing-124 >> "Accept: application/json[\r][\n]"
02:36:31.883 [Test worker] DEBUG org.apache.http.wire - http-outgoing-124 >> "User-Agent: Jersey/2.23.1 (Apache HttpClient 4.5.1)[\r][\n]"
02:36:31.883 [Test worker] DEBUG org.apache.http.wire - http-outgoing-124 >> "Host: Thesis:2376[\r][\n]"
02:36:31.883 [Test worker] DEBUG org.apache.http.wire - http-outgoing-124 >> "Connection: Keep-Alive[\r][\n]"
02:36:31.883 [Test worker] DEBUG org.apache.http.wire - http-outgoing-124 >> "Accept-Encoding: gzip,deflate[\r][\n]"
02:36:31.883 [Test worker] DEBUG org.apache.http.wire - http-outgoing-124 >> "[\r][\n]"
02:36:31.884 [Test worker] DEBUG org.apache.http.wire - http-outgoing-124 << "H"
02:36:31.884 [Test worker] DEBUG org.apache.http.wire - http-outgoing-124 << "TTP/1.1 200 OK[\r][\n]"
02:36:31.884 [Test worker] DEBUG org.apache.http.wire - http-outgoing-124 << "Content-Type: application/json[\r][\n]"
02:36:31.884 [Test worker] DEBUG org.apache.http.wire - http-outgoing-124 << "Server: Docker/1.12.3 (linux)[\r][\n]"
02:36:31.884 [Test worker] DEBUG org.apache.http.wire - http-outgoing-124 << "Date: Tue, 03 Jan 2017 01:36:31 GMT[\r][\n]"
02:36:31.884 [Test worker] DEBUG org.apache.http.wire - http-outgoing-124 << "Content-Length: 855[\r][\n]"
02:36:31.885 [Test worker] DEBUG org.apache.http.wire - http-outgoing-124 << "[\r][\n]"
02:36:31.885 [Test worker] DEBUG org.apache.http.wire - http-outgoing-124 << "[{"Id":"4423df55b4a3b55df89c3d89ba41cd1279dafe60baa44b7cad673a9a8a073419","Names":["/MyContainer"],"Image":"ubuntu:14.04","ImageID":"sha256:aae2b63c49461fcae4962e4a8043f66acf8e3af7e62f5ebceb70b181d8ca01e0","Command":"sleep 99999","Created":1483407391,"Ports":[{"IP":"0.0.0.0","PrivatePort":8084,"PublicPort":8084,"Type":"tcp"}],"Labels":{},"State":"running","Status":"Up Less than a second","HostConfig":{"NetworkMode":"default"},"NetworkSettings":{"Networks":{"bridge":{"IPAMConfig":null,"Links":null,"Aliases":null,"NetworkID":"e0d36057aa1769e9fd52ba88be81b698b495f9b6b4946d0f98f24d971a27fc98","EndpointID":"b7bd9cfb1494a803a4eda7169d9e2a3308a5039bb3111c07633204ae40cba075","Gateway":"172.17.0.1","IPAddress":"172.17.0.2","IPPrefixLen":16,"IPv6Gateway":"","GlobalIPv6Address":"","GlobalIPv6PrefixLen":0,"MacAddress":"02:42:ac:11:00:02"}}},"Mounts":[]}][\n]"
02:36:31.885 [Test worker] DEBUG org.apache.http.headers - http-outgoing-124 << HTTP/1.1 200 OK
02:36:31.885 [Test worker] DEBUG org.apache.http.headers - http-outgoing-124 << Content-Type: application/json
02:36:31.885 [Test worker] DEBUG org.apache.http.headers - http-outgoing-124 << Server: Docker/1.12.3 (linux)
02:36:31.885 [Test worker] DEBUG org.apache.http.headers - http-outgoing-124 << Date: Tue, 03 Jan 2017 01:36:31 GMT
02:36:31.885 [Test worker] DEBUG org.apache.http.headers - http-outgoing-124 << Content-Length: 855
02:36:31.885 [Test worker] DEBUG o.a.h.impl.execchain.MainClientExec - Connection can be kept alive indefinitely
02:36:31.886 [Test worker] DEBUG c.g.d.j.JerseyDockerCmdExecFactory - 22 * Client response received on thread Test worker
22 < 200
22 < Content-Length: 855
22 < Content-Type: application/json
22 < Date: Tue, 03 Jan 2017 01:36:31 GMT
22 < Server: Docker/1.12.3 (linux)
[{"Id":"4423df55b4a3b55df89c3d89ba41cd1279dafe60baa44b7cad673a9a8a073419","Names":["/MyContainer"],"Image":"ubuntu:14.04","ImageID":"sha256:aae2b63c49461fcae4962e4a8043f66acf8e3af7e62f5ebceb70b181d8ca01e0","Command":"sleep 99999","Created":1483407391,"Ports":[{"IP":"0.0.0.0","PrivatePort":8084,"PublicPort":8084,"Type":"tcp"}],"Labels":{},"State":"running","Status":"Up Less than a second","HostConfig":{"NetworkMode":"default"},"NetworkSettings":{"Networks":{"bridge":{"IPAMConfig":null,"Links":null,"Aliases":null,"NetworkID":"e0d36057aa1769e9fd52ba88be81b698b495f9b6b4946d0f98f24d971a27fc98","EndpointID":"b7bd9cfb1494a803a4eda7169d9e2a3308a5039bb3111c07633204ae40cba075","Gateway":"172.17.0.1","IPAddress":"172.17.0.2","IPPrefixLen":16,"IPv6Gateway":"","GlobalIPv6Address":"","GlobalIPv6PrefixLen":0,"MacAddress":"02:42:ac:11:00:02"}}},"Mounts":[]}]


02:36:31.887 [Test worker] DEBUG o.a.h.i.c.DefaultManagedHttpClientConnection - http-outgoing-124: Close connection
02:36:31.887 [Test worker] DEBUG o.a.h.impl.execchain.MainClientExec - Connection discarded
02:36:31.887 [Test worker] DEBUG c.g.d.j.JerseyDockerCmdExecFactory$1 - Connection released: [id: 124][route: {s}->https://Thesis:2376][total kept alive: 1; route allocated: 1 of 2; total allocated: 1 of 20]
02:36:31.887 [Test worker] DEBUG c.g.d.core.command.AbstrDockerCmd - Cmd: ListImagesCmdImpl[imageNameFilter=<null>,showAll=true,filters=com.github.dockerjava.core.util.FiltersBuilder@0,execution=com.github.dockerjava.jaxrs.ListImagesCmdExec@538f318b]
02:36:31.888 [Test worker] DEBUG c.g.d.j.JerseyDockerCmdExecFactory - 23 * Sending client request on thread Test worker
23 > GET https://Thesis:2376/images/json?all=true
23 > Accept: application/json

02:36:31.888 [Test worker] DEBUG o.a.h.c.protocol.RequestAddCookies - CookieSpec selected: default
02:36:31.889 [Test worker] DEBUG o.a.h.c.protocol.RequestAuthCache - Auth cache not set in the context
02:36:31.889 [Test worker] DEBUG c.g.d.j.JerseyDockerCmdExecFactory$1 - Connection request: [route: {s}->https://Thesis:2376][total kept alive: 1; route allocated: 1 of 2; total allocated: 1 of 20]
02:36:31.889 [Test worker] DEBUG c.g.d.j.JerseyDockerCmdExecFactory$1 - Connection leased: [id: 125][route: {s}->https://Thesis:2376][total kept alive: 1; route allocated: 2 of 2; total allocated: 2 of 20]
02:36:31.889 [Test worker] DEBUG o.a.h.impl.execchain.MainClientExec - Opening connection {s}->https://Thesis:2376
02:36:31.889 [Test worker] DEBUG o.a.h.i.c.DefaultHttpClientConnectionOperator - Connecting to Thesis/127.0.1.1:2376
02:36:31.889 [Test worker] DEBUG o.a.h.c.s.SSLConnectionSocketFactory - Connecting socket to Thesis/127.0.1.1:2376 with timeout 0
02:36:31.890 [Test worker] DEBUG o.a.h.c.s.SSLConnectionSocketFactory - Enabled protocols: [TLSv1]
02:36:31.890 [Test worker] DEBUG o.a.h.c.s.SSLConnectionSocketFactory - Enabled cipher suites:[TLS_ECDHE_ECDSA_WITH_AES_128_CBC_SHA, TLS_ECDHE_RSA_WITH_AES_128_CBC_SHA, TLS_RSA_WITH_AES_128_CBC_SHA, TLS_ECDH_ECDSA_WITH_AES_128_CBC_SHA, TLS_ECDH_RSA_WITH_AES_128_CBC_SHA, TLS_DHE_RSA_WITH_AES_128_CBC_SHA, TLS_DHE_DSS_WITH_AES_128_CBC_SHA, TLS_ECDHE_ECDSA_WITH_3DES_EDE_CBC_SHA, TLS_ECDHE_RSA_WITH_3DES_EDE_CBC_SHA, SSL_RSA_WITH_3DES_EDE_CBC_SHA, TLS_ECDH_ECDSA_WITH_3DES_EDE_CBC_SHA, TLS_ECDH_RSA_WITH_3DES_EDE_CBC_SHA, SSL_DHE_RSA_WITH_3DES_EDE_CBC_SHA, SSL_DHE_DSS_WITH_3DES_EDE_CBC_SHA, TLS_ECDHE_ECDSA_WITH_RC4_128_SHA, TLS_ECDHE_RSA_WITH_RC4_128_SHA, SSL_RSA_WITH_RC4_128_SHA, TLS_ECDH_ECDSA_WITH_RC4_128_SHA, TLS_ECDH_RSA_WITH_RC4_128_SHA, SSL_RSA_WITH_RC4_128_MD5, TLS_EMPTY_RENEGOTIATION_INFO_SCSV]
02:36:31.890 [Test worker] DEBUG o.a.h.c.s.SSLConnectionSocketFactory - Starting handshake
02:36:31.959 [Test worker] DEBUG o.a.h.c.s.SSLConnectionSocketFactory - Secure session established
02:36:31.959 [Test worker] DEBUG o.a.h.c.s.SSLConnectionSocketFactory -  negotiated protocol: TLSv1
02:36:31.959 [Test worker] DEBUG o.a.h.c.s.SSLConnectionSocketFactory -  negotiated cipher suite: TLS_ECDHE_RSA_WITH_AES_128_CBC_SHA
02:36:31.959 [Test worker] DEBUG o.a.h.c.s.SSLConnectionSocketFactory -  peer principal: CN=Thesis
02:36:31.959 [Test worker] DEBUG o.a.h.c.s.SSLConnectionSocketFactory -  issuer principal: EMAILADDRESS=sha@yamil.com, CN=Thesis, OU=Open, O=Fra, L=BER, ST=BER, C=DE
02:36:31.960 [Test worker] DEBUG o.a.h.i.c.DefaultHttpClientConnectionOperator - Connection established 127.0.0.1:41550<->127.0.1.1:2376
02:36:31.960 [Test worker] DEBUG o.a.h.impl.execchain.MainClientExec - Executing request GET /images/json?all=true HTTP/1.1
02:36:31.960 [Test worker] DEBUG o.a.h.impl.execchain.MainClientExec - Target auth state: UNCHALLENGED
02:36:31.960 [Test worker] DEBUG o.a.h.impl.execchain.MainClientExec - Proxy auth state: UNCHALLENGED
02:36:31.960 [Test worker] DEBUG org.apache.http.headers - http-outgoing-125 >> GET /images/json?all=true HTTP/1.1
02:36:31.960 [Test worker] DEBUG org.apache.http.headers - http-outgoing-125 >> Accept: application/json
02:36:31.960 [Test worker] DEBUG org.apache.http.headers - http-outgoing-125 >> User-Agent: Jersey/2.23.1 (Apache HttpClient 4.5.1)
02:36:31.960 [Test worker] DEBUG org.apache.http.headers - http-outgoing-125 >> Host: Thesis:2376
02:36:31.961 [Test worker] DEBUG org.apache.http.headers - http-outgoing-125 >> Connection: Keep-Alive
02:36:31.961 [Test worker] DEBUG org.apache.http.headers - http-outgoing-125 >> Accept-Encoding: gzip,deflate
02:36:31.961 [Test worker] DEBUG org.apache.http.wire - http-outgoing-125 >> "GET /images/json?all=true HTTP/1.1[\r][\n]"
02:36:31.961 [Test worker] DEBUG org.apache.http.wire - http-outgoing-125 >> "Accept: application/json[\r][\n]"
02:36:31.961 [Test worker] DEBUG org.apache.http.wire - http-outgoing-125 >> "User-Agent: Jersey/2.23.1 (Apache HttpClient 4.5.1)[\r][\n]"
02:36:31.961 [Test worker] DEBUG org.apache.http.wire - http-outgoing-125 >> "Host: Thesis:2376[\r][\n]"
02:36:31.961 [Test worker] DEBUG org.apache.http.wire - http-outgoing-125 >> "Connection: Keep-Alive[\r][\n]"
02:36:31.961 [Test worker] DEBUG org.apache.http.wire - http-outgoing-125 >> "Accept-Encoding: gzip,deflate[\r][\n]"
02:36:31.961 [Test worker] DEBUG org.apache.http.wire - http-outgoing-125 >> "[\r][\n]"
02:36:31.963 [Test worker] DEBUG org.apache.http.wire - http-outgoing-125 << "H"
02:36:31.963 [Test worker] DEBUG org.apache.http.wire - http-outgoing-125 << "TTP/1.1 200 OK[\r][\n]"
02:36:31.963 [Test worker] DEBUG org.apache.http.wire - http-outgoing-125 << "Content-Type: application/json[\r][\n]"
02:36:31.963 [Test worker] DEBUG org.apache.http.wire - http-outgoing-125 << "Server: Docker/1.12.3 (linux)[\r][\n]"
02:36:31.964 [Test worker] DEBUG org.apache.http.wire - http-outgoing-125 << "Date: Tue, 03 Jan 2017 01:36:31 GMT[\r][\n]"
02:36:31.964 [Test worker] DEBUG org.apache.http.wire - http-outgoing-125 << "Content-Length: 1195[\r][\n]"
02:36:31.964 [Test worker] DEBUG org.apache.http.wire - http-outgoing-125 << "[\r][\n]"
02:36:31.964 [Test worker] DEBUG org.apache.http.wire - http-outgoing-125 << "[{"Id":"sha256:4ca3a192ff2a5b7e225e81dc006b6379c10776ed3619757a65608cb72de0a7f6","ParentId":"","RepoTags":["ubuntu:latest"],"RepoDigests":["ubuntu@sha256:3b64c309deae7ab0f7dbdd42b6b326261ccd6261da5d88396439353162703fb5"],"Created":1480449877,"Size":128206574,"VirtualSize":128206574,"Labels":{}},{"Id":"sha256:aae2b63c49461fcae4962e4a8043f66acf8e3af7e62f5ebceb70b181d8ca01e0","ParentId":"","RepoTags":["ubuntu:14.04"],"RepoDigests":["ubuntu@sha256:edb984703bd3e8981ff541a5b9297ca1b81fde6e6e8094d86e390a38ebc30b4d"],"Created":1480449856,"Size":187952254,"VirtualSize":187952254,"Labels":{}},{"Id":"sha256:e02e811dd08fd49e7f6032625495118e63f597eb150403d02e3238af1df240ba","ParentId":"","RepoTags":["busybox:latest"],"RepoDigests":["busybox@sha256:29f5d56d12684887bdfa50dcd29fc31eea4aaf4ad3bec43daf19026a7ce69912"],"Created":1475874238,"Size":1093484,"VirtualSize":1093484,"Labels":{}},{"Id":"sha256:d654de4499473ed41349b54a988b6f46a7fc92e3fa2d61e102bf2660a0116e25","ParentId":"","RepoTags":["sakib37/iperf3:latest"],"RepoDigests":["sakib37/iperf3@sha256:8d80a810f8f508c074b14d02555f20110eac382c8dbda7252075392983629d40"],"Created":1474907599,"Size":199456654,"VirtualSize":199456654,"Labels":{}}][\n]"
02:36:31.964 [Test worker] DEBUG org.apache.http.headers - http-outgoing-125 << HTTP/1.1 200 OK
02:36:31.964 [Test worker] DEBUG org.apache.http.headers - http-outgoing-125 << Content-Type: application/json
02:36:31.964 [Test worker] DEBUG org.apache.http.headers - http-outgoing-125 << Server: Docker/1.12.3 (linux)
02:36:31.964 [Test worker] DEBUG org.apache.http.headers - http-outgoing-125 << Date: Tue, 03 Jan 2017 01:36:31 GMT
02:36:31.964 [Test worker] DEBUG org.apache.http.headers - http-outgoing-125 << Content-Length: 1195
02:36:31.965 [Test worker] DEBUG o.a.h.impl.execchain.MainClientExec - Connection can be kept alive indefinitely
02:36:31.965 [Test worker] DEBUG c.g.d.j.JerseyDockerCmdExecFactory - 24 * Client response received on thread Test worker
24 < 200
24 < Content-Length: 1195
24 < Content-Type: application/json
24 < Date: Tue, 03 Jan 2017 01:36:31 GMT
24 < Server: Docker/1.12.3 (linux)
[{"Id":"sha256:4ca3a192ff2a5b7e225e81dc006b6379c10776ed3619757a65608cb72de0a7f6","ParentId":"","RepoTags":["ubuntu:latest"],"RepoDigests":["ubuntu@sha256:3b64c309deae7ab0f7dbdd42b6b326261ccd6261da5d88396439353162703fb5"],"Created":1480449877,"Size":128206574,"VirtualSize":128206574,"Labels":{}},{"Id":"sha256:aae2b63c49461fcae4962e4a8043f66acf8e3af7e62f5ebceb70b181d8ca01e0","ParentId":"","RepoTags":["ubuntu:14.04"],"RepoDigests":["ubuntu@sha256:edb984703bd3e8981ff541a5b9297ca1b81fde6e6e8094d86e390a38ebc30b4d"],"Created":1480449856,"Size":187952254,"VirtualSize":187952254,"Labels":{}},{"Id":"sha256:e02e811dd08fd49e7f6032625495118e63f597eb150403d02e3238af1df240ba","ParentId":"","RepoTags":["busybox:latest"],"RepoDigests":["busybox@sha256:29f5d56d12684887bdfa50dcd29fc31eea4aaf4ad3bec43daf19026a7ce69912"],"Created":1475874238,"Size":1093484,"VirtualSize":1093484,"Labels":{}},{"Id":"sha256:d654de4499473ed41349b54a988b6f46a7fc92e3fa2d61e102bf2660a0116e25","ParentId":"","RepoTags":["sakib37/iperf3:latest"],"RepoDigests":["sakib37/iperf3@sha256:8d80a810f8f508c074b14d02555f20110eac382c8dbda7252075392983629d40"],"Created":1474907599,"Size":199456654,"VirtualSize":199456654,"Labels":{}}]


02:36:31.966 [Test worker] DEBUG o.a.h.i.c.DefaultManagedHttpClientConnection - http-outgoing-125: Close connection
02:36:31.966 [Test worker] DEBUG o.a.h.impl.execchain.MainClientExec - Connection discarded
02:36:31.966 [Test worker] DEBUG c.g.d.j.JerseyDockerCmdExecFactory$1 - Connection released: [id: 125][route: {s}->https://Thesis:2376][total kept alive: 1; route allocated: 1 of 2; total allocated: 1 of 20]
02:36:31.967 [Test worker] DEBUG org.openbaton.docker.DockerVim - Found a docker image, transformed into a NFV Image Image{id='sha256:aae2b63c49461fcae4962e4a8043f66acf8e3af7e62f5ebceb70b181d8ca01e0', name='ubuntu:14.04', version=0, extId='null', minRam='0', minDiskSpace='0', minCPU='null', public='true', diskFormat='null', containerFormat='docker', created='Sun Jan 18 04:14:09 CET 1970', updated='null'}
02:36:31.967 [Test worker] DEBUG c.g.d.core.command.AbstrDockerCmd - Cmd: 4423df55b4a3b55df89c3d89ba41cd1279dafe60baa44b7cad673a9a8a073419,<null>,true,com.github.dockerjava.jaxrs.RemoveContainerCmdExec@4036e1ed
02:36:31.967 [Test worker] DEBUG c.g.d.j.JerseyDockerCmdExecFactory - 25 * Sending client request on thread Test worker
25 > DELETE https://Thesis:2376/containers/4423df55b4a3b55df89c3d89ba41cd1279dafe60baa44b7cad673a9a8a073419?force=true
25 > Accept: application/json

02:36:31.968 [Test worker] DEBUG o.a.h.c.protocol.RequestAddCookies - CookieSpec selected: default
02:36:31.968 [Test worker] DEBUG o.a.h.c.protocol.RequestAuthCache - Auth cache not set in the context
02:36:31.968 [Test worker] DEBUG c.g.d.j.JerseyDockerCmdExecFactory$1 - Connection request: [route: {s}->https://Thesis:2376][total kept alive: 1; route allocated: 1 of 2; total allocated: 1 of 20]
02:36:31.968 [Test worker] DEBUG c.g.d.j.JerseyDockerCmdExecFactory$1 - Connection leased: [id: 126][route: {s}->https://Thesis:2376][total kept alive: 1; route allocated: 2 of 2; total allocated: 2 of 20]
02:36:31.968 [Test worker] DEBUG o.a.h.impl.execchain.MainClientExec - Opening connection {s}->https://Thesis:2376
02:36:31.969 [Test worker] DEBUG o.a.h.i.c.DefaultHttpClientConnectionOperator - Connecting to Thesis/127.0.1.1:2376
02:36:31.969 [Test worker] DEBUG o.a.h.c.s.SSLConnectionSocketFactory - Connecting socket to Thesis/127.0.1.1:2376 with timeout 0
02:36:31.969 [Test worker] DEBUG o.a.h.c.s.SSLConnectionSocketFactory - Enabled protocols: [TLSv1]
02:36:31.969 [Test worker] DEBUG o.a.h.c.s.SSLConnectionSocketFactory - Enabled cipher suites:[TLS_ECDHE_ECDSA_WITH_AES_128_CBC_SHA, TLS_ECDHE_RSA_WITH_AES_128_CBC_SHA, TLS_RSA_WITH_AES_128_CBC_SHA, TLS_ECDH_ECDSA_WITH_AES_128_CBC_SHA, TLS_ECDH_RSA_WITH_AES_128_CBC_SHA, TLS_DHE_RSA_WITH_AES_128_CBC_SHA, TLS_DHE_DSS_WITH_AES_128_CBC_SHA, TLS_ECDHE_ECDSA_WITH_3DES_EDE_CBC_SHA, TLS_ECDHE_RSA_WITH_3DES_EDE_CBC_SHA, SSL_RSA_WITH_3DES_EDE_CBC_SHA, TLS_ECDH_ECDSA_WITH_3DES_EDE_CBC_SHA, TLS_ECDH_RSA_WITH_3DES_EDE_CBC_SHA, SSL_DHE_RSA_WITH_3DES_EDE_CBC_SHA, SSL_DHE_DSS_WITH_3DES_EDE_CBC_SHA, TLS_ECDHE_ECDSA_WITH_RC4_128_SHA, TLS_ECDHE_RSA_WITH_RC4_128_SHA, SSL_RSA_WITH_RC4_128_SHA, TLS_ECDH_ECDSA_WITH_RC4_128_SHA, TLS_ECDH_RSA_WITH_RC4_128_SHA, SSL_RSA_WITH_RC4_128_MD5, TLS_EMPTY_RENEGOTIATION_INFO_SCSV]
02:36:31.970 [Test worker] DEBUG o.a.h.c.s.SSLConnectionSocketFactory - Starting handshake
02:36:32.027 [Test worker] DEBUG o.a.h.c.s.SSLConnectionSocketFactory - Secure session established
02:36:32.027 [Test worker] DEBUG o.a.h.c.s.SSLConnectionSocketFactory -  negotiated protocol: TLSv1
02:36:32.027 [Test worker] DEBUG o.a.h.c.s.SSLConnectionSocketFactory -  negotiated cipher suite: TLS_ECDHE_RSA_WITH_AES_128_CBC_SHA
02:36:32.028 [Test worker] DEBUG o.a.h.c.s.SSLConnectionSocketFactory -  peer principal: CN=Thesis
02:36:32.028 [Test worker] DEBUG o.a.h.c.s.SSLConnectionSocketFactory -  issuer principal: EMAILADDRESS=sha@yamil.com, CN=Thesis, OU=Open, O=Fra, L=BER, ST=BER, C=DE
02:36:32.028 [Test worker] DEBUG o.a.h.i.c.DefaultHttpClientConnectionOperator - Connection established 127.0.0.1:41552<->127.0.1.1:2376
02:36:32.028 [Test worker] DEBUG o.a.h.impl.execchain.MainClientExec - Executing request DELETE /containers/4423df55b4a3b55df89c3d89ba41cd1279dafe60baa44b7cad673a9a8a073419?force=true HTTP/1.1
02:36:32.028 [Test worker] DEBUG o.a.h.impl.execchain.MainClientExec - Target auth state: UNCHALLENGED
02:36:32.028 [Test worker] DEBUG o.a.h.impl.execchain.MainClientExec - Proxy auth state: UNCHALLENGED
02:36:32.028 [Test worker] DEBUG org.apache.http.headers - http-outgoing-126 >> DELETE /containers/4423df55b4a3b55df89c3d89ba41cd1279dafe60baa44b7cad673a9a8a073419?force=true HTTP/1.1
02:36:32.028 [Test worker] DEBUG org.apache.http.headers - http-outgoing-126 >> Accept: application/json
02:36:32.029 [Test worker] DEBUG org.apache.http.headers - http-outgoing-126 >> User-Agent: Jersey/2.23.1 (Apache HttpClient 4.5.1)
02:36:32.029 [Test worker] DEBUG org.apache.http.headers - http-outgoing-126 >> Host: Thesis:2376
02:36:32.029 [Test worker] DEBUG org.apache.http.headers - http-outgoing-126 >> Connection: Keep-Alive
02:36:32.029 [Test worker] DEBUG org.apache.http.headers - http-outgoing-126 >> Accept-Encoding: gzip,deflate
02:36:32.029 [Test worker] DEBUG org.apache.http.wire - http-outgoing-126 >> "DELETE /containers/4423df55b4a3b55df89c3d89ba41cd1279dafe60baa44b7cad673a9a8a073419?force=true HTTP/1.1[\r][\n]"
02:36:32.029 [Test worker] DEBUG org.apache.http.wire - http-outgoing-126 >> "Accept: application/json[\r][\n]"
02:36:32.029 [Test worker] DEBUG org.apache.http.wire - http-outgoing-126 >> "User-Agent: Jersey/2.23.1 (Apache HttpClient 4.5.1)[\r][\n]"
02:36:32.029 [Test worker] DEBUG org.apache.http.wire - http-outgoing-126 >> "Host: Thesis:2376[\r][\n]"
02:36:32.029 [Test worker] DEBUG org.apache.http.wire - http-outgoing-126 >> "Connection: Keep-Alive[\r][\n]"
02:36:32.030 [Test worker] DEBUG org.apache.http.wire - http-outgoing-126 >> "Accept-Encoding: gzip,deflate[\r][\n]"
02:36:32.030 [Test worker] DEBUG org.apache.http.wire - http-outgoing-126 >> "[\r][\n]"
02:36:32.119 [Test worker] DEBUG org.apache.http.wire - http-outgoing-126 << "H"
02:36:32.119 [Test worker] DEBUG org.apache.http.wire - http-outgoing-126 << "TTP/1.1 204 No Content[\r][\n]"
02:36:32.119 [Test worker] DEBUG org.apache.http.wire - http-outgoing-126 << "Server: Docker/1.12.3 (linux)[\r][\n]"
02:36:32.119 [Test worker] DEBUG org.apache.http.wire - http-outgoing-126 << "Date: Tue, 03 Jan 2017 01:36:32 GMT[\r][\n]"
02:36:32.119 [Test worker] DEBUG org.apache.http.wire - http-outgoing-126 << "[\r][\n]"
02:36:32.119 [Test worker] DEBUG org.apache.http.headers - http-outgoing-126 << HTTP/1.1 204 No Content
02:36:32.120 [Test worker] DEBUG org.apache.http.headers - http-outgoing-126 << Server: Docker/1.12.3 (linux)
02:36:32.120 [Test worker] DEBUG org.apache.http.headers - http-outgoing-126 << Date: Tue, 03 Jan 2017 01:36:32 GMT
02:36:32.120 [Test worker] DEBUG o.a.h.impl.execchain.MainClientExec - Connection can be kept alive indefinitely
02:36:32.120 [Test worker] DEBUG c.g.d.j.JerseyDockerCmdExecFactory$1 - Connection [id: 126][route: {s}->https://Thesis:2376][state: CN=Thesis] can be kept alive indefinitely
02:36:32.120 [Test worker] DEBUG c.g.d.j.JerseyDockerCmdExecFactory$1 - Connection released: [id: 126][route: {s}->https://Thesis:2376][state: CN=Thesis][total kept alive: 2; route allocated: 2 of 2; total allocated: 2 of 20]
02:36:32.120 [Test worker] DEBUG c.g.d.j.JerseyDockerCmdExecFactory - 26 * Client response received on thread Test worker
26 < 204
26 < Date: Tue, 03 Jan 2017 01:36:32 GMT
26 < Server: Docker/1.12.3 (linux)

02:36:32.120 [Test worker] DEBUG org.openbaton.docker.DockerVim - Server deleted successfully
02:36:32.120 [Test worker] DEBUG c.g.d.core.command.AbstrDockerCmd - Cmd: com.github.dockerjava.core.util.FiltersBuilder@0,com.github.dockerjava.jaxrs.ListNetworksCmdExec@176ab7ae
02:36:32.120 [Test worker] DEBUG c.g.d.j.JerseyDockerCmdExecFactory - 27 * Sending client request on thread Test worker
27 > GET https://Thesis:2376/networks
27 > Accept: application/json

02:36:32.121 [Test worker] DEBUG o.a.h.c.protocol.RequestAddCookies - CookieSpec selected: default
02:36:32.121 [Test worker] DEBUG o.a.h.c.protocol.RequestAuthCache - Auth cache not set in the context
02:36:32.121 [Test worker] DEBUG c.g.d.j.JerseyDockerCmdExecFactory$1 - Connection request: [route: {s}->https://Thesis:2376][total kept alive: 2; route allocated: 2 of 2; total allocated: 2 of 20]
02:36:32.121 [Test worker] DEBUG o.a.h.i.c.DefaultManagedHttpClientConnection - http-outgoing-123: Close connection
02:36:32.121 [Test worker] DEBUG c.g.d.j.JerseyDockerCmdExecFactory$1 - Connection leased: [id: 127][route: {s}->https://Thesis:2376][total kept alive: 1; route allocated: 2 of 2; total allocated: 2 of 20]
02:36:32.121 [Test worker] DEBUG o.a.h.impl.execchain.MainClientExec - Opening connection {s}->https://Thesis:2376
02:36:32.121 [Test worker] DEBUG o.a.h.i.c.DefaultHttpClientConnectionOperator - Connecting to Thesis/127.0.1.1:2376
02:36:32.121 [Test worker] DEBUG o.a.h.c.s.SSLConnectionSocketFactory - Connecting socket to Thesis/127.0.1.1:2376 with timeout 0
02:36:32.125 [Test worker] DEBUG o.a.h.c.s.SSLConnectionSocketFactory - Enabled protocols: [TLSv1]
02:36:32.125 [Test worker] DEBUG o.a.h.c.s.SSLConnectionSocketFactory - Enabled cipher suites:[TLS_ECDHE_ECDSA_WITH_AES_128_CBC_SHA, TLS_ECDHE_RSA_WITH_AES_128_CBC_SHA, TLS_RSA_WITH_AES_128_CBC_SHA, TLS_ECDH_ECDSA_WITH_AES_128_CBC_SHA, TLS_ECDH_RSA_WITH_AES_128_CBC_SHA, TLS_DHE_RSA_WITH_AES_128_CBC_SHA, TLS_DHE_DSS_WITH_AES_128_CBC_SHA, TLS_ECDHE_ECDSA_WITH_3DES_EDE_CBC_SHA, TLS_ECDHE_RSA_WITH_3DES_EDE_CBC_SHA, SSL_RSA_WITH_3DES_EDE_CBC_SHA, TLS_ECDH_ECDSA_WITH_3DES_EDE_CBC_SHA, TLS_ECDH_RSA_WITH_3DES_EDE_CBC_SHA, SSL_DHE_RSA_WITH_3DES_EDE_CBC_SHA, SSL_DHE_DSS_WITH_3DES_EDE_CBC_SHA, TLS_ECDHE_ECDSA_WITH_RC4_128_SHA, TLS_ECDHE_RSA_WITH_RC4_128_SHA, SSL_RSA_WITH_RC4_128_SHA, TLS_ECDH_ECDSA_WITH_RC4_128_SHA, TLS_ECDH_RSA_WITH_RC4_128_SHA, SSL_RSA_WITH_RC4_128_MD5, TLS_EMPTY_RENEGOTIATION_INFO_SCSV]
02:36:32.125 [Test worker] DEBUG o.a.h.c.s.SSLConnectionSocketFactory - Starting handshake
02:36:32.220 [Test worker] DEBUG o.a.h.c.s.SSLConnectionSocketFactory - Secure session established
02:36:32.221 [Test worker] DEBUG o.a.h.c.s.SSLConnectionSocketFactory -  negotiated protocol: TLSv1
02:36:32.221 [Test worker] DEBUG o.a.h.c.s.SSLConnectionSocketFactory -  negotiated cipher suite: TLS_ECDHE_RSA_WITH_AES_128_CBC_SHA
02:36:32.221 [Test worker] DEBUG o.a.h.c.s.SSLConnectionSocketFactory -  peer principal: CN=Thesis
02:36:32.221 [Test worker] DEBUG o.a.h.c.s.SSLConnectionSocketFactory -  issuer principal: EMAILADDRESS=sha@yamil.com, CN=Thesis, OU=Open, O=Fra, L=BER, ST=BER, C=DE
02:36:32.221 [Test worker] DEBUG o.a.h.i.c.DefaultHttpClientConnectionOperator - Connection established 127.0.0.1:41554<->127.0.1.1:2376
02:36:32.222 [Test worker] DEBUG o.a.h.impl.execchain.MainClientExec - Executing request GET /networks HTTP/1.1
02:36:32.222 [Test worker] DEBUG o.a.h.impl.execchain.MainClientExec - Target auth state: UNCHALLENGED
02:36:32.222 [Test worker] DEBUG o.a.h.impl.execchain.MainClientExec - Proxy auth state: UNCHALLENGED
02:36:32.222 [Test worker] DEBUG org.apache.http.headers - http-outgoing-127 >> GET /networks HTTP/1.1
02:36:32.222 [Test worker] DEBUG org.apache.http.headers - http-outgoing-127 >> Accept: application/json
02:36:32.222 [Test worker] DEBUG org.apache.http.headers - http-outgoing-127 >> User-Agent: Jersey/2.23.1 (Apache HttpClient 4.5.1)
02:36:32.222 [Test worker] DEBUG org.apache.http.headers - http-outgoing-127 >> Host: Thesis:2376
02:36:32.222 [Test worker] DEBUG org.apache.http.headers - http-outgoing-127 >> Connection: Keep-Alive
02:36:32.223 [Test worker] DEBUG org.apache.http.headers - http-outgoing-127 >> Accept-Encoding: gzip,deflate
02:36:32.223 [Test worker] DEBUG org.apache.http.wire - http-outgoing-127 >> "GET /networks HTTP/1.1[\r][\n]"
02:36:32.223 [Test worker] DEBUG org.apache.http.wire - http-outgoing-127 >> "Accept: application/json[\r][\n]"
02:36:32.223 [Test worker] DEBUG org.apache.http.wire - http-outgoing-127 >> "User-Agent: Jersey/2.23.1 (Apache HttpClient 4.5.1)[\r][\n]"
02:36:32.223 [Test worker] DEBUG org.apache.http.wire - http-outgoing-127 >> "Host: Thesis:2376[\r][\n]"
02:36:32.223 [Test worker] DEBUG org.apache.http.wire - http-outgoing-127 >> "Connection: Keep-Alive[\r][\n]"
02:36:32.223 [Test worker] DEBUG org.apache.http.wire - http-outgoing-127 >> "Accept-Encoding: gzip,deflate[\r][\n]"
02:36:32.223 [Test worker] DEBUG org.apache.http.wire - http-outgoing-127 >> "[\r][\n]"
02:36:32.224 [Test worker] DEBUG org.apache.http.wire - http-outgoing-127 << "H"
02:36:32.224 [Test worker] DEBUG org.apache.http.wire - http-outgoing-127 << "TTP/1.1 200 OK[\r][\n]"
02:36:32.224 [Test worker] DEBUG org.apache.http.wire - http-outgoing-127 << "Content-Type: application/json[\r][\n]"
02:36:32.224 [Test worker] DEBUG org.apache.http.wire - http-outgoing-127 << "Server: Docker/1.12.3 (linux)[\r][\n]"
02:36:32.224 [Test worker] DEBUG org.apache.http.wire - http-outgoing-127 << "Date: Tue, 03 Jan 2017 01:36:32 GMT[\r][\n]"
02:36:32.225 [Test worker] DEBUG org.apache.http.wire - http-outgoing-127 << "Content-Length: 1411[\r][\n]"
02:36:32.225 [Test worker] DEBUG org.apache.http.wire - http-outgoing-127 << "[\r][\n]"
02:36:32.225 [Test worker] DEBUG org.apache.http.wire - http-outgoing-127 << "[{"Name":"host","Id":"fe042b0866671b5be4f097ba43830c0a02959c058702d18e18c14a24d88a357d","Scope":"local","Driver":"host","EnableIPv6":false,"IPAM":{"Driver":"default","Options":null,"Config":[]},"Internal":false,"Containers":{},"Options":{},"Labels":{}},{"Name":"MyNetwork","Id":"6a2154ed58c75ee409346ab82f4fe8e97b9223f69e016d5834f598a0010687e0","Scope":"local","Driver":"bridge","EnableIPv6":false,"IPAM":{"Driver":"default","Options":null,"Config":[{"Subnet":"172.18.0.0/16","Gateway":"172.18.0.1/16"}]},"Internal":false,"Containers":{},"Options":{},"Labels":{}},{"Name":"none","Id":"4d89c194eb79cd2beb38458d10a1b98c74d6b8462af72afde29ae7aca53ed5ca","Scope":"local","Driver":"null","EnableIPv6":false,"IPAM":{"Driver":"default","Options":null,"Config":[]},"Internal":false,"Containers":{},"Options":{},"Labels":{}},{"Name":"bridge","Id":"e0d36057aa1769e9fd52ba88be81b698b495f9b6b4946d0f98f24d971a27fc98","Scope":"local","Driver":"bridge","EnableIPv6":false,"IPAM":{"Driver":"default","Options":null,"Config":[{"Subnet":"172.17.0.0/16","Gateway":"172.17.0.1"}]},"Internal":false,"Containers":{},"Options":{"com.docker.network.bridge.default_bridge":"true","com.docker.network.bridge.enable_icc":"true","com.docker.network.bridge.enable_ip_masquerade":"true","com.docker.network.bridge.host_binding_ipv4":"0.0.0.0","com.docker.network.bridge.name":"docker0","com.docker.network.driver.mtu":"1500"},"Labels":{}}][\n]"
02:36:32.225 [Test worker] DEBUG org.apache.http.headers - http-outgoing-127 << HTTP/1.1 200 OK
02:36:32.225 [Test worker] DEBUG org.apache.http.headers - http-outgoing-127 << Content-Type: application/json
02:36:32.225 [Test worker] DEBUG org.apache.http.headers - http-outgoing-127 << Server: Docker/1.12.3 (linux)
02:36:32.225 [Test worker] DEBUG org.apache.http.headers - http-outgoing-127 << Date: Tue, 03 Jan 2017 01:36:32 GMT
02:36:32.225 [Test worker] DEBUG org.apache.http.headers - http-outgoing-127 << Content-Length: 1411
02:36:32.225 [Test worker] DEBUG o.a.h.impl.execchain.MainClientExec - Connection can be kept alive indefinitely
02:36:32.226 [Test worker] DEBUG c.g.d.j.JerseyDockerCmdExecFactory - 28 * Client response received on thread Test worker
28 < 200
28 < Content-Length: 1411
28 < Content-Type: application/json
28 < Date: Tue, 03 Jan 2017 01:36:32 GMT
28 < Server: Docker/1.12.3 (linux)
[{"Name":"host","Id":"fe042b0866671b5be4f097ba43830c0a02959c058702d18e18c14a24d88a357d","Scope":"local","Driver":"host","EnableIPv6":false,"IPAM":{"Driver":"default","Options":null,"Config":[]},"Internal":false,"Containers":{},"Options":{},"Labels":{}},{"Name":"MyNetwork","Id":"6a2154ed58c75ee409346ab82f4fe8e97b9223f69e016d5834f598a0010687e0","Scope":"local","Driver":"bridge","EnableIPv6":false,"IPAM":{"Driver":"default","Options":null,"Config":[{"Subnet":"172.18.0.0/16","Gateway":"172.18.0.1/16"}]},"Internal":false,"Containers":{},"Options":{},"Labels":{}},{"Name":"none","Id":"4d89c194eb79cd2beb38458d10a1b98c74d6b8462af72afde29ae7aca53ed5ca","Scope":"local","Driver":"null","EnableIPv6":false,"IPAM":{"Driver":"default","Options":null,"Config":[]},"Internal":false,"Containers":{},"Options":{},"Labels":{}},{"Name":"bridge","Id":"e0d36057aa1769e9fd52ba88be81b698b495f9b6b4946d0f98f24d971a27fc98","Scope":"local","Driver":"bridge","EnableIPv6":false,"IPAM":{"Driver":"default","Options":null,"Config":[{"Subnet":"172.17.0.0/16","Gateway":"172.17.0.1"}]},"Internal":false,"Containers":{},"Options":{"com.docker.network.bridge.default_bridge":"true","com.docker.network.bridge.enable_icc":"true","com.docker.network.bridge.enable_ip_masquerade":"true","com.docker.network.bridge.host_binding_ipv4":"0.0.0.0","com.docker.network.bridge.name":"docker0","com.docker.network.driver.mtu":"1500"},"Labels":{}}]


02:36:32.227 [Test worker] DEBUG o.a.h.i.c.DefaultManagedHttpClientConnection - http-outgoing-127: Close connection
02:36:32.227 [Test worker] DEBUG o.a.h.impl.execchain.MainClientExec - Connection discarded
02:36:32.227 [Test worker] DEBUG c.g.d.j.JerseyDockerCmdExecFactory$1 - Connection released: [id: 127][route: {s}->https://Thesis:2376][total kept alive: 1; route allocated: 1 of 2; total allocated: 1 of 20]
02:36:32.228 [Test worker] DEBUG org.openbaton.docker.DockerVim - Found a docker network, transformed into a NFV network Network{id='6a2154ed58c75ee409346ab82f4fe8e97b9223f69e016d5834f598a0010687e0', name='MyNetwork', extId='null', external=false, shared=false, subnets=[Subnet{id='null', version=0, name='bridge', extId='null', networkId='172.18.0.0/16', cidr='null', gatewayIp='172.18.0.1/16'}]}
02:36:32.228 [Test worker] DEBUG c.g.d.core.command.AbstrDockerCmd - Cmd: 6a2154ed58c75ee409346ab82f4fe8e97b9223f69e016d5834f598a0010687e0,com.github.dockerjava.jaxrs.RemoveNetworkCmdExec@2bf23e72
02:36:32.228 [Test worker] DEBUG c.g.d.j.JerseyDockerCmdExecFactory - 29 * Sending client request on thread Test worker
29 > DELETE https://Thesis:2376/networks/6a2154ed58c75ee409346ab82f4fe8e97b9223f69e016d5834f598a0010687e0
29 > Accept: application/json

02:36:32.229 [Test worker] DEBUG o.a.h.c.protocol.RequestAddCookies - CookieSpec selected: default
02:36:32.229 [Test worker] DEBUG o.a.h.c.protocol.RequestAuthCache - Auth cache not set in the context
02:36:32.229 [Test worker] DEBUG c.g.d.j.JerseyDockerCmdExecFactory$1 - Connection request: [route: {s}->https://Thesis:2376][total kept alive: 1; route allocated: 1 of 2; total allocated: 1 of 20]
02:36:32.229 [Test worker] DEBUG c.g.d.j.JerseyDockerCmdExecFactory$1 - Connection leased: [id: 128][route: {s}->https://Thesis:2376][total kept alive: 1; route allocated: 2 of 2; total allocated: 2 of 20]
02:36:32.229 [Test worker] DEBUG o.a.h.impl.execchain.MainClientExec - Opening connection {s}->https://Thesis:2376
02:36:32.229 [Test worker] DEBUG o.a.h.i.c.DefaultHttpClientConnectionOperator - Connecting to Thesis/127.0.1.1:2376
02:36:32.229 [Test worker] DEBUG o.a.h.c.s.SSLConnectionSocketFactory - Connecting socket to Thesis/127.0.1.1:2376 with timeout 0
02:36:32.233 [Test worker] DEBUG o.a.h.c.s.SSLConnectionSocketFactory - Enabled protocols: [TLSv1]
02:36:32.233 [Test worker] DEBUG o.a.h.c.s.SSLConnectionSocketFactory - Enabled cipher suites:[TLS_ECDHE_ECDSA_WITH_AES_128_CBC_SHA, TLS_ECDHE_RSA_WITH_AES_128_CBC_SHA, TLS_RSA_WITH_AES_128_CBC_SHA, TLS_ECDH_ECDSA_WITH_AES_128_CBC_SHA, TLS_ECDH_RSA_WITH_AES_128_CBC_SHA, TLS_DHE_RSA_WITH_AES_128_CBC_SHA, TLS_DHE_DSS_WITH_AES_128_CBC_SHA, TLS_ECDHE_ECDSA_WITH_3DES_EDE_CBC_SHA, TLS_ECDHE_RSA_WITH_3DES_EDE_CBC_SHA, SSL_RSA_WITH_3DES_EDE_CBC_SHA, TLS_ECDH_ECDSA_WITH_3DES_EDE_CBC_SHA, TLS_ECDH_RSA_WITH_3DES_EDE_CBC_SHA, SSL_DHE_RSA_WITH_3DES_EDE_CBC_SHA, SSL_DHE_DSS_WITH_3DES_EDE_CBC_SHA, TLS_ECDHE_ECDSA_WITH_RC4_128_SHA, TLS_ECDHE_RSA_WITH_RC4_128_SHA, SSL_RSA_WITH_RC4_128_SHA, TLS_ECDH_ECDSA_WITH_RC4_128_SHA, TLS_ECDH_RSA_WITH_RC4_128_SHA, SSL_RSA_WITH_RC4_128_MD5, TLS_EMPTY_RENEGOTIATION_INFO_SCSV]
02:36:32.233 [Test worker] DEBUG o.a.h.c.s.SSLConnectionSocketFactory - Starting handshake
02:36:32.290 [Test worker] DEBUG o.a.h.c.s.SSLConnectionSocketFactory - Secure session established
02:36:32.291 [Test worker] DEBUG o.a.h.c.s.SSLConnectionSocketFactory -  negotiated protocol: TLSv1
02:36:32.291 [Test worker] DEBUG o.a.h.c.s.SSLConnectionSocketFactory -  negotiated cipher suite: TLS_ECDHE_RSA_WITH_AES_128_CBC_SHA
02:36:32.291 [Test worker] DEBUG o.a.h.c.s.SSLConnectionSocketFactory -  peer principal: CN=Thesis
02:36:32.291 [Test worker] DEBUG o.a.h.c.s.SSLConnectionSocketFactory -  issuer principal: EMAILADDRESS=sha@yamil.com, CN=Thesis, OU=Open, O=Fra, L=BER, ST=BER, C=DE
02:36:32.291 [Test worker] DEBUG o.a.h.i.c.DefaultHttpClientConnectionOperator - Connection established 127.0.0.1:41556<->127.0.1.1:2376
02:36:32.291 [Test worker] DEBUG o.a.h.impl.execchain.MainClientExec - Executing request DELETE /networks/6a2154ed58c75ee409346ab82f4fe8e97b9223f69e016d5834f598a0010687e0 HTTP/1.1
02:36:32.291 [Test worker] DEBUG o.a.h.impl.execchain.MainClientExec - Target auth state: UNCHALLENGED
02:36:32.291 [Test worker] DEBUG o.a.h.impl.execchain.MainClientExec - Proxy auth state: UNCHALLENGED
02:36:32.292 [Test worker] DEBUG org.apache.http.headers - http-outgoing-128 >> DELETE /networks/6a2154ed58c75ee409346ab82f4fe8e97b9223f69e016d5834f598a0010687e0 HTTP/1.1
02:36:32.292 [Test worker] DEBUG org.apache.http.headers - http-outgoing-128 >> Accept: application/json
02:36:32.292 [Test worker] DEBUG org.apache.http.headers - http-outgoing-128 >> User-Agent: Jersey/2.23.1 (Apache HttpClient 4.5.1)
02:36:32.292 [Test worker] DEBUG org.apache.http.headers - http-outgoing-128 >> Host: Thesis:2376
02:36:32.292 [Test worker] DEBUG org.apache.http.headers - http-outgoing-128 >> Connection: Keep-Alive
02:36:32.292 [Test worker] DEBUG org.apache.http.headers - http-outgoing-128 >> Accept-Encoding: gzip,deflate
02:36:32.292 [Test worker] DEBUG org.apache.http.wire - http-outgoing-128 >> "DELETE /networks/6a2154ed58c75ee409346ab82f4fe8e97b9223f69e016d5834f598a0010687e0 HTTP/1.1[\r][\n]"
02:36:32.292 [Test worker] DEBUG org.apache.http.wire - http-outgoing-128 >> "Accept: application/json[\r][\n]"
02:36:32.293 [Test worker] DEBUG org.apache.http.wire - http-outgoing-128 >> "User-Agent: Jersey/2.23.1 (Apache HttpClient 4.5.1)[\r][\n]"
02:36:32.293 [Test worker] DEBUG org.apache.http.wire - http-outgoing-128 >> "Host: Thesis:2376[\r][\n]"
02:36:32.293 [Test worker] DEBUG org.apache.http.wire - http-outgoing-128 >> "Connection: Keep-Alive[\r][\n]"
02:36:32.293 [Test worker] DEBUG org.apache.http.wire - http-outgoing-128 >> "Accept-Encoding: gzip,deflate[\r][\n]"
02:36:32.293 [Test worker] DEBUG org.apache.http.wire - http-outgoing-128 >> "[\r][\n]"
02:36:32.356 [Test worker] DEBUG org.apache.http.wire - http-outgoing-128 << "H"
02:36:32.357 [Test worker] DEBUG org.apache.http.wire - http-outgoing-128 << "TTP/1.1 204 No Content[\r][\n]"
02:36:32.357 [Test worker] DEBUG org.apache.http.wire - http-outgoing-128 << "Server: Docker/1.12.3 (linux)[\r][\n]"
02:36:32.357 [Test worker] DEBUG org.apache.http.wire - http-outgoing-128 << "Date: Tue, 03 Jan 2017 01:36:32 GMT[\r][\n]"
02:36:32.357 [Test worker] DEBUG org.apache.http.wire - http-outgoing-128 << "[\r][\n]"
02:36:32.357 [Test worker] DEBUG org.apache.http.headers - http-outgoing-128 << HTTP/1.1 204 No Content
02:36:32.357 [Test worker] DEBUG org.apache.http.headers - http-outgoing-128 << Server: Docker/1.12.3 (linux)
02:36:32.357 [Test worker] DEBUG org.apache.http.headers - http-outgoing-128 << Date: Tue, 03 Jan 2017 01:36:32 GMT
02:36:32.357 [Test worker] DEBUG o.a.h.impl.execchain.MainClientExec - Connection can be kept alive indefinitely
02:36:32.357 [Test worker] DEBUG c.g.d.j.JerseyDockerCmdExecFactory$1 - Connection [id: 128][route: {s}->https://Thesis:2376][state: CN=Thesis] can be kept alive indefinitely
02:36:32.357 [Test worker] DEBUG c.g.d.j.JerseyDockerCmdExecFactory$1 - Connection released: [id: 128][route: {s}->https://Thesis:2376][state: CN=Thesis][total kept alive: 2; route allocated: 2 of 2; total allocated: 2 of 20]
02:36:32.357 [Test worker] DEBUG c.g.d.j.JerseyDockerCmdExecFactory - 30 * Client response received on thread Test worker
30 < 204
30 < Date: Tue, 03 Jan 2017 01:36:32 GMT
30 < Server: Docker/1.12.3 (linux)

02:36:32.357 [Test worker] INFO  org.openbaton.docker.DockerVim - Network '6a2154ed58c75ee409346ab82f4fe8e97b9223f69e016d5834f598a0010687e0' deleted successfully
02:36:32.357 [Test worker] DEBUG c.g.d.core.command.AbstrDockerCmd - Cmd: com.github.dockerjava.core.util.FiltersBuilder@0,com.github.dockerjava.jaxrs.ListVolumesCmdExec@6fe4525
02:36:32.358 [Test worker] DEBUG c.g.d.j.JerseyDockerCmdExecFactory - 31 * Sending client request on thread Test worker
31 > GET https://Thesis:2376/volumes
31 > Accept: application/json

02:36:32.358 [Test worker] DEBUG o.a.h.c.protocol.RequestAddCookies - CookieSpec selected: default
02:36:32.358 [Test worker] DEBUG o.a.h.c.protocol.RequestAuthCache - Auth cache not set in the context
02:36:32.358 [Test worker] DEBUG c.g.d.j.JerseyDockerCmdExecFactory$1 - Connection request: [route: {s}->https://Thesis:2376][total kept alive: 2; route allocated: 2 of 2; total allocated: 2 of 20]
02:36:32.358 [Test worker] DEBUG o.a.h.i.c.DefaultManagedHttpClientConnection - http-outgoing-126: Close connection
02:36:32.358 [Test worker] DEBUG c.g.d.j.JerseyDockerCmdExecFactory$1 - Connection leased: [id: 129][route: {s}->https://Thesis:2376][total kept alive: 1; route allocated: 2 of 2; total allocated: 2 of 20]
02:36:32.358 [Test worker] DEBUG o.a.h.impl.execchain.MainClientExec - Opening connection {s}->https://Thesis:2376
02:36:32.358 [Test worker] DEBUG o.a.h.i.c.DefaultHttpClientConnectionOperator - Connecting to Thesis/127.0.1.1:2376
02:36:32.358 [Test worker] DEBUG o.a.h.c.s.SSLConnectionSocketFactory - Connecting socket to Thesis/127.0.1.1:2376 with timeout 0
02:36:32.359 [Test worker] DEBUG o.a.h.c.s.SSLConnectionSocketFactory - Enabled protocols: [TLSv1]
02:36:32.359 [Test worker] DEBUG o.a.h.c.s.SSLConnectionSocketFactory - Enabled cipher suites:[TLS_ECDHE_ECDSA_WITH_AES_128_CBC_SHA, TLS_ECDHE_RSA_WITH_AES_128_CBC_SHA, TLS_RSA_WITH_AES_128_CBC_SHA, TLS_ECDH_ECDSA_WITH_AES_128_CBC_SHA, TLS_ECDH_RSA_WITH_AES_128_CBC_SHA, TLS_DHE_RSA_WITH_AES_128_CBC_SHA, TLS_DHE_DSS_WITH_AES_128_CBC_SHA, TLS_ECDHE_ECDSA_WITH_3DES_EDE_CBC_SHA, TLS_ECDHE_RSA_WITH_3DES_EDE_CBC_SHA, SSL_RSA_WITH_3DES_EDE_CBC_SHA, TLS_ECDH_ECDSA_WITH_3DES_EDE_CBC_SHA, TLS_ECDH_RSA_WITH_3DES_EDE_CBC_SHA, SSL_DHE_RSA_WITH_3DES_EDE_CBC_SHA, SSL_DHE_DSS_WITH_3DES_EDE_CBC_SHA, TLS_ECDHE_ECDSA_WITH_RC4_128_SHA, TLS_ECDHE_RSA_WITH_RC4_128_SHA, SSL_RSA_WITH_RC4_128_SHA, TLS_ECDH_ECDSA_WITH_RC4_128_SHA, TLS_ECDH_RSA_WITH_RC4_128_SHA, SSL_RSA_WITH_RC4_128_MD5, TLS_EMPTY_RENEGOTIATION_INFO_SCSV]
02:36:32.360 [Test worker] DEBUG o.a.h.c.s.SSLConnectionSocketFactory - Starting handshake
02:36:32.419 [Test worker] DEBUG o.a.h.c.s.SSLConnectionSocketFactory - Secure session established
02:36:32.419 [Test worker] DEBUG o.a.h.c.s.SSLConnectionSocketFactory -  negotiated protocol: TLSv1
02:36:32.419 [Test worker] DEBUG o.a.h.c.s.SSLConnectionSocketFactory -  negotiated cipher suite: TLS_ECDHE_RSA_WITH_AES_128_CBC_SHA
02:36:32.419 [Test worker] DEBUG o.a.h.c.s.SSLConnectionSocketFactory -  peer principal: CN=Thesis
02:36:32.419 [Test worker] DEBUG o.a.h.c.s.SSLConnectionSocketFactory -  issuer principal: EMAILADDRESS=sha@yamil.com, CN=Thesis, OU=Open, O=Fra, L=BER, ST=BER, C=DE
02:36:32.420 [Test worker] DEBUG o.a.h.i.c.DefaultHttpClientConnectionOperator - Connection established 127.0.0.1:41558<->127.0.1.1:2376
02:36:32.420 [Test worker] DEBUG o.a.h.impl.execchain.MainClientExec - Executing request GET /volumes HTTP/1.1
02:36:32.420 [Test worker] DEBUG o.a.h.impl.execchain.MainClientExec - Target auth state: UNCHALLENGED
02:36:32.420 [Test worker] DEBUG o.a.h.impl.execchain.MainClientExec - Proxy auth state: UNCHALLENGED
02:36:32.420 [Test worker] DEBUG org.apache.http.headers - http-outgoing-129 >> GET /volumes HTTP/1.1
02:36:32.420 [Test worker] DEBUG org.apache.http.headers - http-outgoing-129 >> Accept: application/json
02:36:32.420 [Test worker] DEBUG org.apache.http.headers - http-outgoing-129 >> User-Agent: Jersey/2.23.1 (Apache HttpClient 4.5.1)
02:36:32.420 [Test worker] DEBUG org.apache.http.headers - http-outgoing-129 >> Host: Thesis:2376
02:36:32.421 [Test worker] DEBUG org.apache.http.headers - http-outgoing-129 >> Connection: Keep-Alive
02:36:32.421 [Test worker] DEBUG org.apache.http.headers - http-outgoing-129 >> Accept-Encoding: gzip,deflate
02:36:32.421 [Test worker] DEBUG org.apache.http.wire - http-outgoing-129 >> "GET /volumes HTTP/1.1[\r][\n]"
02:36:32.421 [Test worker] DEBUG org.apache.http.wire - http-outgoing-129 >> "Accept: application/json[\r][\n]"
02:36:32.421 [Test worker] DEBUG org.apache.http.wire - http-outgoing-129 >> "User-Agent: Jersey/2.23.1 (Apache HttpClient 4.5.1)[\r][\n]"
02:36:32.421 [Test worker] DEBUG org.apache.http.wire - http-outgoing-129 >> "Host: Thesis:2376[\r][\n]"
02:36:32.421 [Test worker] DEBUG org.apache.http.wire - http-outgoing-129 >> "Connection: Keep-Alive[\r][\n]"
02:36:32.421 [Test worker] DEBUG org.apache.http.wire - http-outgoing-129 >> "Accept-Encoding: gzip,deflate[\r][\n]"
02:36:32.421 [Test worker] DEBUG org.apache.http.wire - http-outgoing-129 >> "[\r][\n]"
02:36:32.422 [Test worker] DEBUG org.apache.http.wire - http-outgoing-129 << "H"
02:36:32.422 [Test worker] DEBUG org.apache.http.wire - http-outgoing-129 << "TTP/1.1 200 OK[\r][\n]"
02:36:32.422 [Test worker] DEBUG org.apache.http.wire - http-outgoing-129 << "Content-Type: application/json[\r][\n]"
02:36:32.422 [Test worker] DEBUG org.apache.http.wire - http-outgoing-129 << "Server: Docker/1.12.3 (linux)[\r][\n]"
02:36:32.422 [Test worker] DEBUG org.apache.http.wire - http-outgoing-129 << "Date: Tue, 03 Jan 2017 01:36:32 GMT[\r][\n]"
02:36:32.422 [Test worker] DEBUG org.apache.http.wire - http-outgoing-129 << "Content-Length: 33[\r][\n]"
02:36:32.423 [Test worker] DEBUG org.apache.http.wire - http-outgoing-129 << "[\r][\n]"
02:36:32.423 [Test worker] DEBUG org.apache.http.wire - http-outgoing-129 << "{"Volumes":null,"Warnings":null}[\n]"
02:36:32.423 [Test worker] DEBUG org.apache.http.headers - http-outgoing-129 << HTTP/1.1 200 OK
02:36:32.423 [Test worker] DEBUG org.apache.http.headers - http-outgoing-129 << Content-Type: application/json
02:36:32.423 [Test worker] DEBUG org.apache.http.headers - http-outgoing-129 << Server: Docker/1.12.3 (linux)
02:36:32.423 [Test worker] DEBUG org.apache.http.headers - http-outgoing-129 << Date: Tue, 03 Jan 2017 01:36:32 GMT
02:36:32.423 [Test worker] DEBUG org.apache.http.headers - http-outgoing-129 << Content-Length: 33
02:36:32.423 [Test worker] DEBUG o.a.h.impl.execchain.MainClientExec - Connection can be kept alive indefinitely
02:36:32.424 [Test worker] DEBUG c.g.d.j.JerseyDockerCmdExecFactory - 32 * Client response received on thread Test worker
32 < 200
32 < Content-Length: 33
32 < Content-Type: application/json
32 < Date: Tue, 03 Jan 2017 01:36:32 GMT
32 < Server: Docker/1.12.3 (linux)
{"Volumes":null,"Warnings":null}


02:36:32.425 [Test worker] DEBUG o.a.h.i.c.DefaultManagedHttpClientConnection - http-outgoing-129: Close connection
02:36:32.425 [Test worker] DEBUG o.a.h.impl.execchain.MainClientExec - Connection discarded
02:36:32.425 [Test worker] DEBUG c.g.d.j.JerseyDockerCmdExecFactory$1 - Connection released: [id: 129][route: {s}->https://Thesis:2376][total kept alive: 1; route allocated: 1 of 2; total allocated: 1 of 20]
02:36:32.427 [Test worker] DEBUG org.openbaton.docker.DockerVim - Loading properties
02:36:32.427 [Test worker] DEBUG org.openbaton.docker.DockerVim - Loaded properties: {vim.instance.auth.url=tcp://Thesis:2376, docker.cert.path=/home/sakib/.docker, type=docker, tls.verify=true}
02:36:32.432 [Test worker] DEBUG c.g.d.core.command.AbstrDockerCmd - Cmd: -1,<null>,true,<null>,<null>,com.github.dockerjava.core.util.FiltersBuilder@0,com.github.dockerjava.jaxrs.ListContainersCmdExec@29ed85e7
02:36:32.448 [Test worker] DEBUG c.g.d.j.JerseyDockerCmdExecFactory - 1 * Sending client request on thread Test worker
1 > GET https://Thesis:2376/containers/json?all=true
1 > Accept: application/json

02:36:32.449 [Test worker] DEBUG o.a.h.c.protocol.RequestAddCookies - CookieSpec selected: default
02:36:32.449 [Test worker] DEBUG o.a.h.c.protocol.RequestAuthCache - Auth cache not set in the context
02:36:32.449 [Test worker] DEBUG c.g.d.j.JerseyDockerCmdExecFactory$1 - Connection request: [route: {s}->https://Thesis:2376][total kept alive: 0; route allocated: 0 of 2; total allocated: 0 of 20]
02:36:32.449 [Test worker] DEBUG c.g.d.j.JerseyDockerCmdExecFactory$1 - Connection leased: [id: 130][route: {s}->https://Thesis:2376][total kept alive: 0; route allocated: 1 of 2; total allocated: 1 of 20]
02:36:32.449 [Test worker] DEBUG o.a.h.impl.execchain.MainClientExec - Opening connection {s}->https://Thesis:2376
02:36:32.449 [Test worker] DEBUG o.a.h.i.c.DefaultHttpClientConnectionOperator - Connecting to Thesis/127.0.1.1:2376
02:36:32.450 [Test worker] DEBUG o.a.h.c.s.SSLConnectionSocketFactory - Connecting socket to Thesis/127.0.1.1:2376 with timeout 0
02:36:32.450 [Test worker] DEBUG o.a.h.c.s.SSLConnectionSocketFactory - Enabled protocols: [TLSv1]
02:36:32.450 [Test worker] DEBUG o.a.h.c.s.SSLConnectionSocketFactory - Enabled cipher suites:[TLS_ECDHE_ECDSA_WITH_AES_128_CBC_SHA, TLS_ECDHE_RSA_WITH_AES_128_CBC_SHA, TLS_RSA_WITH_AES_128_CBC_SHA, TLS_ECDH_ECDSA_WITH_AES_128_CBC_SHA, TLS_ECDH_RSA_WITH_AES_128_CBC_SHA, TLS_DHE_RSA_WITH_AES_128_CBC_SHA, TLS_DHE_DSS_WITH_AES_128_CBC_SHA, TLS_ECDHE_ECDSA_WITH_3DES_EDE_CBC_SHA, TLS_ECDHE_RSA_WITH_3DES_EDE_CBC_SHA, SSL_RSA_WITH_3DES_EDE_CBC_SHA, TLS_ECDH_ECDSA_WITH_3DES_EDE_CBC_SHA, TLS_ECDH_RSA_WITH_3DES_EDE_CBC_SHA, SSL_DHE_RSA_WITH_3DES_EDE_CBC_SHA, SSL_DHE_DSS_WITH_3DES_EDE_CBC_SHA, TLS_ECDHE_ECDSA_WITH_RC4_128_SHA, TLS_ECDHE_RSA_WITH_RC4_128_SHA, SSL_RSA_WITH_RC4_128_SHA, TLS_ECDH_ECDSA_WITH_RC4_128_SHA, TLS_ECDH_RSA_WITH_RC4_128_SHA, SSL_RSA_WITH_RC4_128_MD5, TLS_EMPTY_RENEGOTIATION_INFO_SCSV]
02:36:32.451 [Test worker] DEBUG o.a.h.c.s.SSLConnectionSocketFactory - Starting handshake
02:36:32.514 [Test worker] DEBUG o.a.h.c.s.SSLConnectionSocketFactory - Secure session established
02:36:32.514 [Test worker] DEBUG o.a.h.c.s.SSLConnectionSocketFactory -  negotiated protocol: TLSv1
02:36:32.514 [Test worker] DEBUG o.a.h.c.s.SSLConnectionSocketFactory -  negotiated cipher suite: TLS_ECDHE_RSA_WITH_AES_128_CBC_SHA
02:36:32.514 [Test worker] DEBUG o.a.h.c.s.SSLConnectionSocketFactory -  peer principal: CN=Thesis
02:36:32.515 [Test worker] DEBUG o.a.h.c.s.SSLConnectionSocketFactory -  issuer principal: EMAILADDRESS=sha@yamil.com, CN=Thesis, OU=Open, O=Fra, L=BER, ST=BER, C=DE
02:36:32.515 [Test worker] DEBUG o.a.h.i.c.DefaultHttpClientConnectionOperator - Connection established 127.0.0.1:41560<->127.0.1.1:2376
02:36:32.515 [Test worker] DEBUG o.a.h.impl.execchain.MainClientExec - Executing request GET /containers/json?all=true HTTP/1.1
02:36:32.515 [Test worker] DEBUG o.a.h.impl.execchain.MainClientExec - Target auth state: UNCHALLENGED
02:36:32.515 [Test worker] DEBUG o.a.h.impl.execchain.MainClientExec - Proxy auth state: UNCHALLENGED
02:36:32.515 [Test worker] DEBUG org.apache.http.headers - http-outgoing-130 >> GET /containers/json?all=true HTTP/1.1
02:36:32.515 [Test worker] DEBUG org.apache.http.headers - http-outgoing-130 >> Accept: application/json
02:36:32.515 [Test worker] DEBUG org.apache.http.headers - http-outgoing-130 >> User-Agent: Jersey/2.23.1 (Apache HttpClient 4.5.1)
02:36:32.516 [Test worker] DEBUG org.apache.http.headers - http-outgoing-130 >> Host: Thesis:2376
02:36:32.516 [Test worker] DEBUG org.apache.http.headers - http-outgoing-130 >> Connection: Keep-Alive
02:36:32.516 [Test worker] DEBUG org.apache.http.headers - http-outgoing-130 >> Accept-Encoding: gzip,deflate
02:36:32.516 [Test worker] DEBUG org.apache.http.wire - http-outgoing-130 >> "GET /containers/json?all=true HTTP/1.1[\r][\n]"
02:36:32.516 [Test worker] DEBUG org.apache.http.wire - http-outgoing-130 >> "Accept: application/json[\r][\n]"
02:36:32.516 [Test worker] DEBUG org.apache.http.wire - http-outgoing-130 >> "User-Agent: Jersey/2.23.1 (Apache HttpClient 4.5.1)[\r][\n]"
02:36:32.516 [Test worker] DEBUG org.apache.http.wire - http-outgoing-130 >> "Host: Thesis:2376[\r][\n]"
02:36:32.516 [Test worker] DEBUG org.apache.http.wire - http-outgoing-130 >> "Connection: Keep-Alive[\r][\n]"
02:36:32.516 [Test worker] DEBUG org.apache.http.wire - http-outgoing-130 >> "Accept-Encoding: gzip,deflate[\r][\n]"
02:36:32.517 [Test worker] DEBUG org.apache.http.wire - http-outgoing-130 >> "[\r][\n]"
02:36:32.517 [Test worker] DEBUG org.apache.http.wire - http-outgoing-130 << "H"
02:36:32.517 [Test worker] DEBUG org.apache.http.wire - http-outgoing-130 << "TTP/1.1 200 OK[\r][\n]"
02:36:32.517 [Test worker] DEBUG org.apache.http.wire - http-outgoing-130 << "Content-Type: application/json[\r][\n]"
02:36:32.517 [Test worker] DEBUG org.apache.http.wire - http-outgoing-130 << "Server: Docker/1.12.3 (linux)[\r][\n]"
02:36:32.518 [Test worker] DEBUG org.apache.http.wire - http-outgoing-130 << "Date: Tue, 03 Jan 2017 01:36:32 GMT[\r][\n]"
02:36:32.518 [Test worker] DEBUG org.apache.http.wire - http-outgoing-130 << "Content-Length: 3[\r][\n]"
02:36:32.518 [Test worker] DEBUG org.apache.http.wire - http-outgoing-130 << "[\r][\n]"
02:36:32.518 [Test worker] DEBUG org.apache.http.wire - http-outgoing-130 << "[][\n]"
02:36:32.518 [Test worker] DEBUG org.apache.http.headers - http-outgoing-130 << HTTP/1.1 200 OK
02:36:32.518 [Test worker] DEBUG org.apache.http.headers - http-outgoing-130 << Content-Type: application/json
02:36:32.518 [Test worker] DEBUG org.apache.http.headers - http-outgoing-130 << Server: Docker/1.12.3 (linux)
02:36:32.518 [Test worker] DEBUG org.apache.http.headers - http-outgoing-130 << Date: Tue, 03 Jan 2017 01:36:32 GMT
02:36:32.518 [Test worker] DEBUG org.apache.http.headers - http-outgoing-130 << Content-Length: 3
02:36:32.519 [Test worker] DEBUG o.a.h.impl.execchain.MainClientExec - Connection can be kept alive indefinitely
02:36:32.519 [Test worker] DEBUG c.g.d.j.JerseyDockerCmdExecFactory - 2 * Client response received on thread Test worker
2 < 200
2 < Content-Length: 3
2 < Content-Type: application/json
2 < Date: Tue, 03 Jan 2017 01:36:32 GMT
2 < Server: Docker/1.12.3 (linux)
[]


02:36:32.521 [Test worker] DEBUG c.g.d.j.JerseyDockerCmdExecFactory$1 - Connection [id: 130][route: {s}->https://Thesis:2376][state: CN=Thesis] can be kept alive indefinitely
02:36:32.521 [Test worker] DEBUG c.g.d.j.JerseyDockerCmdExecFactory$1 - Connection released: [id: 130][route: {s}->https://Thesis:2376][state: CN=Thesis][total kept alive: 1; route allocated: 1 of 2; total allocated: 1 of 20]
02:36:32.528 [Test worker] DEBUG c.g.d.core.command.AbstrDockerCmd - Cmd: com.github.dockerjava.core.util.FiltersBuilder@0,com.github.dockerjava.jaxrs.ListNetworksCmdExec@55ba4a1e
02:36:32.528 [Test worker] DEBUG c.g.d.j.JerseyDockerCmdExecFactory - 3 * Sending client request on thread Test worker
3 > GET https://Thesis:2376/networks
3 > Accept: application/json

02:36:32.533 [Test worker] DEBUG o.a.h.c.protocol.RequestAddCookies - CookieSpec selected: default
02:36:32.533 [Test worker] DEBUG o.a.h.c.protocol.RequestAuthCache - Auth cache not set in the context
02:36:32.533 [Test worker] DEBUG c.g.d.j.JerseyDockerCmdExecFactory$1 - Connection request: [route: {s}->https://Thesis:2376][total kept alive: 1; route allocated: 1 of 2; total allocated: 1 of 20]
02:36:32.533 [Test worker] DEBUG c.g.d.j.JerseyDockerCmdExecFactory$1 - Connection leased: [id: 131][route: {s}->https://Thesis:2376][total kept alive: 1; route allocated: 2 of 2; total allocated: 2 of 20]
02:36:32.533 [Test worker] DEBUG o.a.h.impl.execchain.MainClientExec - Opening connection {s}->https://Thesis:2376
02:36:32.533 [Test worker] DEBUG o.a.h.i.c.DefaultHttpClientConnectionOperator - Connecting to Thesis/127.0.1.1:2376
02:36:32.534 [Test worker] DEBUG o.a.h.c.s.SSLConnectionSocketFactory - Connecting socket to Thesis/127.0.1.1:2376 with timeout 0
02:36:32.534 [Test worker] DEBUG o.a.h.c.s.SSLConnectionSocketFactory - Enabled protocols: [TLSv1]
02:36:32.534 [Test worker] DEBUG o.a.h.c.s.SSLConnectionSocketFactory - Enabled cipher suites:[TLS_ECDHE_ECDSA_WITH_AES_128_CBC_SHA, TLS_ECDHE_RSA_WITH_AES_128_CBC_SHA, TLS_RSA_WITH_AES_128_CBC_SHA, TLS_ECDH_ECDSA_WITH_AES_128_CBC_SHA, TLS_ECDH_RSA_WITH_AES_128_CBC_SHA, TLS_DHE_RSA_WITH_AES_128_CBC_SHA, TLS_DHE_DSS_WITH_AES_128_CBC_SHA, TLS_ECDHE_ECDSA_WITH_3DES_EDE_CBC_SHA, TLS_ECDHE_RSA_WITH_3DES_EDE_CBC_SHA, SSL_RSA_WITH_3DES_EDE_CBC_SHA, TLS_ECDH_ECDSA_WITH_3DES_EDE_CBC_SHA, TLS_ECDH_RSA_WITH_3DES_EDE_CBC_SHA, SSL_DHE_RSA_WITH_3DES_EDE_CBC_SHA, SSL_DHE_DSS_WITH_3DES_EDE_CBC_SHA, TLS_ECDHE_ECDSA_WITH_RC4_128_SHA, TLS_ECDHE_RSA_WITH_RC4_128_SHA, SSL_RSA_WITH_RC4_128_SHA, TLS_ECDH_ECDSA_WITH_RC4_128_SHA, TLS_ECDH_RSA_WITH_RC4_128_SHA, SSL_RSA_WITH_RC4_128_MD5, TLS_EMPTY_RENEGOTIATION_INFO_SCSV]
02:36:32.535 [Test worker] DEBUG o.a.h.c.s.SSLConnectionSocketFactory - Starting handshake
02:36:32.596 [Test worker] DEBUG o.a.h.c.s.SSLConnectionSocketFactory - Secure session established
02:36:32.596 [Test worker] DEBUG o.a.h.c.s.SSLConnectionSocketFactory -  negotiated protocol: TLSv1
02:36:32.596 [Test worker] DEBUG o.a.h.c.s.SSLConnectionSocketFactory -  negotiated cipher suite: TLS_ECDHE_RSA_WITH_AES_128_CBC_SHA
02:36:32.596 [Test worker] DEBUG o.a.h.c.s.SSLConnectionSocketFactory -  peer principal: CN=Thesis
02:36:32.596 [Test worker] DEBUG o.a.h.c.s.SSLConnectionSocketFactory -  issuer principal: EMAILADDRESS=sha@yamil.com, CN=Thesis, OU=Open, O=Fra, L=BER, ST=BER, C=DE
02:36:32.597 [Test worker] DEBUG o.a.h.i.c.DefaultHttpClientConnectionOperator - Connection established 127.0.0.1:41562<->127.0.1.1:2376
02:36:32.597 [Test worker] DEBUG o.a.h.impl.execchain.MainClientExec - Executing request GET /networks HTTP/1.1
02:36:32.597 [Test worker] DEBUG o.a.h.impl.execchain.MainClientExec - Target auth state: UNCHALLENGED
02:36:32.597 [Test worker] DEBUG o.a.h.impl.execchain.MainClientExec - Proxy auth state: UNCHALLENGED
02:36:32.597 [Test worker] DEBUG org.apache.http.headers - http-outgoing-131 >> GET /networks HTTP/1.1
02:36:32.597 [Test worker] DEBUG org.apache.http.headers - http-outgoing-131 >> Accept: application/json
02:36:32.597 [Test worker] DEBUG org.apache.http.headers - http-outgoing-131 >> User-Agent: Jersey/2.23.1 (Apache HttpClient 4.5.1)
02:36:32.598 [Test worker] DEBUG org.apache.http.headers - http-outgoing-131 >> Host: Thesis:2376
02:36:32.598 [Test worker] DEBUG org.apache.http.headers - http-outgoing-131 >> Connection: Keep-Alive
02:36:32.598 [Test worker] DEBUG org.apache.http.headers - http-outgoing-131 >> Accept-Encoding: gzip,deflate
02:36:32.598 [Test worker] DEBUG org.apache.http.wire - http-outgoing-131 >> "GET /networks HTTP/1.1[\r][\n]"
02:36:32.598 [Test worker] DEBUG org.apache.http.wire - http-outgoing-131 >> "Accept: application/json[\r][\n]"
02:36:32.598 [Test worker] DEBUG org.apache.http.wire - http-outgoing-131 >> "User-Agent: Jersey/2.23.1 (Apache HttpClient 4.5.1)[\r][\n]"
02:36:32.598 [Test worker] DEBUG org.apache.http.wire - http-outgoing-131 >> "Host: Thesis:2376[\r][\n]"
02:36:32.598 [Test worker] DEBUG org.apache.http.wire - http-outgoing-131 >> "Connection: Keep-Alive[\r][\n]"
02:36:32.598 [Test worker] DEBUG org.apache.http.wire - http-outgoing-131 >> "Accept-Encoding: gzip,deflate[\r][\n]"
02:36:32.599 [Test worker] DEBUG org.apache.http.wire - http-outgoing-131 >> "[\r][\n]"
02:36:32.599 [Test worker] DEBUG org.apache.http.wire - http-outgoing-131 << "H"
02:36:32.599 [Test worker] DEBUG org.apache.http.wire - http-outgoing-131 << "TTP/1.1 200 OK[\r][\n]"
02:36:32.599 [Test worker] DEBUG org.apache.http.wire - http-outgoing-131 << "Content-Type: application/json[\r][\n]"
02:36:32.599 [Test worker] DEBUG org.apache.http.wire - http-outgoing-131 << "Server: Docker/1.12.3 (linux)[\r][\n]"
02:36:32.599 [Test worker] DEBUG org.apache.http.wire - http-outgoing-131 << "Date: Tue, 03 Jan 2017 01:36:32 GMT[\r][\n]"
02:36:32.600 [Test worker] DEBUG org.apache.http.wire - http-outgoing-131 << "Content-Length: 1100[\r][\n]"
02:36:32.600 [Test worker] DEBUG org.apache.http.wire - http-outgoing-131 << "[\r][\n]"
02:36:32.600 [Test worker] DEBUG org.apache.http.wire - http-outgoing-131 << "[{"Name":"none","Id":"4d89c194eb79cd2beb38458d10a1b98c74d6b8462af72afde29ae7aca53ed5ca","Scope":"local","Driver":"null","EnableIPv6":false,"IPAM":{"Driver":"default","Options":null,"Config":[]},"Internal":false,"Containers":{},"Options":{},"Labels":{}},{"Name":"bridge","Id":"e0d36057aa1769e9fd52ba88be81b698b495f9b6b4946d0f98f24d971a27fc98","Scope":"local","Driver":"bridge","EnableIPv6":false,"IPAM":{"Driver":"default","Options":null,"Config":[{"Subnet":"172.17.0.0/16","Gateway":"172.17.0.1"}]},"Internal":false,"Containers":{},"Options":{"com.docker.network.bridge.default_bridge":"true","com.docker.network.bridge.enable_icc":"true","com.docker.network.bridge.enable_ip_masquerade":"true","com.docker.network.bridge.host_binding_ipv4":"0.0.0.0","com.docker.network.bridge.name":"docker0","com.docker.network.driver.mtu":"1500"},"Labels":{}},{"Name":"host","Id":"fe042b0866671b5be4f097ba43830c0a02959c058702d18e18c14a24d88a357d","Scope":"local","Driver":"host","EnableIPv6":false,"IPAM":{"Driver":"default","Options":null,"Config":[]},"Internal":false,"Containers":{},"Options":{},"Labels":{}}][\n]"
02:36:32.600 [Test worker] DEBUG org.apache.http.headers - http-outgoing-131 << HTTP/1.1 200 OK
02:36:32.600 [Test worker] DEBUG org.apache.http.headers - http-outgoing-131 << Content-Type: application/json
02:36:32.600 [Test worker] DEBUG org.apache.http.headers - http-outgoing-131 << Server: Docker/1.12.3 (linux)
02:36:32.600 [Test worker] DEBUG org.apache.http.headers - http-outgoing-131 << Date: Tue, 03 Jan 2017 01:36:32 GMT
02:36:32.600 [Test worker] DEBUG org.apache.http.headers - http-outgoing-131 << Content-Length: 1100
02:36:32.600 [Test worker] DEBUG o.a.h.impl.execchain.MainClientExec - Connection can be kept alive indefinitely
02:36:32.601 [Test worker] DEBUG c.g.d.j.JerseyDockerCmdExecFactory - 4 * Client response received on thread Test worker
4 < 200
4 < Content-Length: 1100
4 < Content-Type: application/json
4 < Date: Tue, 03 Jan 2017 01:36:32 GMT
4 < Server: Docker/1.12.3 (linux)
[{"Name":"none","Id":"4d89c194eb79cd2beb38458d10a1b98c74d6b8462af72afde29ae7aca53ed5ca","Scope":"local","Driver":"null","EnableIPv6":false,"IPAM":{"Driver":"default","Options":null,"Config":[]},"Internal":false,"Containers":{},"Options":{},"Labels":{}},{"Name":"bridge","Id":"e0d36057aa1769e9fd52ba88be81b698b495f9b6b4946d0f98f24d971a27fc98","Scope":"local","Driver":"bridge","EnableIPv6":false,"IPAM":{"Driver":"default","Options":null,"Config":[{"Subnet":"172.17.0.0/16","Gateway":"172.17.0.1"}]},"Internal":false,"Containers":{},"Options":{"com.docker.network.bridge.default_bridge":"true","com.docker.network.bridge.enable_icc":"true","com.docker.network.bridge.enable_ip_masquerade":"true","com.docker.network.bridge.host_binding_ipv4":"0.0.0.0","com.docker.network.bridge.name":"docker0","com.docker.network.driver.mtu":"1500"},"Labels":{}},{"Name":"host","Id":"fe042b0866671b5be4f097ba43830c0a02959c058702d18e18c14a24d88a357d","Scope":"local","Driver":"host","EnableIPv6":false,"IPAM":{"Driver":"default","Options":null,"Config":[]},"Internal":false,"Containers":{},"Options":{},"Labels":{}}]


02:36:32.605 [Test worker] DEBUG o.a.h.i.c.DefaultManagedHttpClientConnection - http-outgoing-131: Close connection
02:36:32.605 [Test worker] DEBUG o.a.h.impl.execchain.MainClientExec - Connection discarded
02:36:32.605 [Test worker] DEBUG c.g.d.j.JerseyDockerCmdExecFactory$1 - Connection released: [id: 131][route: {s}->https://Thesis:2376][total kept alive: 1; route allocated: 1 of 2; total allocated: 1 of 20]
02:36:32.606 [Test worker] DEBUG c.g.d.core.command.AbstrDockerCmd - Cmd: com.github.dockerjava.core.util.FiltersBuilder@0,com.github.dockerjava.jaxrs.ListVolumesCmdExec@4985566f
02:36:32.606 [Test worker] DEBUG c.g.d.j.JerseyDockerCmdExecFactory - 5 * Sending client request on thread Test worker
5 > GET https://Thesis:2376/volumes
5 > Accept: application/json

02:36:32.606 [Test worker] DEBUG o.a.h.c.protocol.RequestAddCookies - CookieSpec selected: default
02:36:32.607 [Test worker] DEBUG o.a.h.c.protocol.RequestAuthCache - Auth cache not set in the context
02:36:32.607 [Test worker] DEBUG c.g.d.j.JerseyDockerCmdExecFactory$1 - Connection request: [route: {s}->https://Thesis:2376][total kept alive: 1; route allocated: 1 of 2; total allocated: 1 of 20]
02:36:32.607 [Test worker] DEBUG c.g.d.j.JerseyDockerCmdExecFactory$1 - Connection leased: [id: 132][route: {s}->https://Thesis:2376][total kept alive: 1; route allocated: 2 of 2; total allocated: 2 of 20]
02:36:32.607 [Test worker] DEBUG o.a.h.impl.execchain.MainClientExec - Opening connection {s}->https://Thesis:2376
02:36:32.607 [Test worker] DEBUG o.a.h.i.c.DefaultHttpClientConnectionOperator - Connecting to Thesis/127.0.1.1:2376
02:36:32.607 [Test worker] DEBUG o.a.h.c.s.SSLConnectionSocketFactory - Connecting socket to Thesis/127.0.1.1:2376 with timeout 0
02:36:32.608 [Test worker] DEBUG o.a.h.c.s.SSLConnectionSocketFactory - Enabled protocols: [TLSv1]
02:36:32.608 [Test worker] DEBUG o.a.h.c.s.SSLConnectionSocketFactory - Enabled cipher suites:[TLS_ECDHE_ECDSA_WITH_AES_128_CBC_SHA, TLS_ECDHE_RSA_WITH_AES_128_CBC_SHA, TLS_RSA_WITH_AES_128_CBC_SHA, TLS_ECDH_ECDSA_WITH_AES_128_CBC_SHA, TLS_ECDH_RSA_WITH_AES_128_CBC_SHA, TLS_DHE_RSA_WITH_AES_128_CBC_SHA, TLS_DHE_DSS_WITH_AES_128_CBC_SHA, TLS_ECDHE_ECDSA_WITH_3DES_EDE_CBC_SHA, TLS_ECDHE_RSA_WITH_3DES_EDE_CBC_SHA, SSL_RSA_WITH_3DES_EDE_CBC_SHA, TLS_ECDH_ECDSA_WITH_3DES_EDE_CBC_SHA, TLS_ECDH_RSA_WITH_3DES_EDE_CBC_SHA, SSL_DHE_RSA_WITH_3DES_EDE_CBC_SHA, SSL_DHE_DSS_WITH_3DES_EDE_CBC_SHA, TLS_ECDHE_ECDSA_WITH_RC4_128_SHA, TLS_ECDHE_RSA_WITH_RC4_128_SHA, SSL_RSA_WITH_RC4_128_SHA, TLS_ECDH_ECDSA_WITH_RC4_128_SHA, TLS_ECDH_RSA_WITH_RC4_128_SHA, SSL_RSA_WITH_RC4_128_MD5, TLS_EMPTY_RENEGOTIATION_INFO_SCSV]
02:36:32.608 [Test worker] DEBUG o.a.h.c.s.SSLConnectionSocketFactory - Starting handshake
02:36:32.666 [Test worker] DEBUG o.a.h.c.s.SSLConnectionSocketFactory - Secure session established
02:36:32.666 [Test worker] DEBUG o.a.h.c.s.SSLConnectionSocketFactory -  negotiated protocol: TLSv1
02:36:32.667 [Test worker] DEBUG o.a.h.c.s.SSLConnectionSocketFactory -  negotiated cipher suite: TLS_ECDHE_RSA_WITH_AES_128_CBC_SHA
02:36:32.667 [Test worker] DEBUG o.a.h.c.s.SSLConnectionSocketFactory -  peer principal: CN=Thesis
02:36:32.667 [Test worker] DEBUG o.a.h.c.s.SSLConnectionSocketFactory -  issuer principal: EMAILADDRESS=sha@yamil.com, CN=Thesis, OU=Open, O=Fra, L=BER, ST=BER, C=DE
02:36:32.667 [Test worker] DEBUG o.a.h.i.c.DefaultHttpClientConnectionOperator - Connection established 127.0.0.1:41564<->127.0.1.1:2376
02:36:32.667 [Test worker] DEBUG o.a.h.impl.execchain.MainClientExec - Executing request GET /volumes HTTP/1.1
02:36:32.667 [Test worker] DEBUG o.a.h.impl.execchain.MainClientExec - Target auth state: UNCHALLENGED
02:36:32.667 [Test worker] DEBUG o.a.h.impl.execchain.MainClientExec - Proxy auth state: UNCHALLENGED
02:36:32.667 [Test worker] DEBUG org.apache.http.headers - http-outgoing-132 >> GET /volumes HTTP/1.1
02:36:32.668 [Test worker] DEBUG org.apache.http.headers - http-outgoing-132 >> Accept: application/json
02:36:32.668 [Test worker] DEBUG org.apache.http.headers - http-outgoing-132 >> User-Agent: Jersey/2.23.1 (Apache HttpClient 4.5.1)
02:36:32.668 [Test worker] DEBUG org.apache.http.headers - http-outgoing-132 >> Host: Thesis:2376
02:36:32.668 [Test worker] DEBUG org.apache.http.headers - http-outgoing-132 >> Connection: Keep-Alive
02:36:32.668 [Test worker] DEBUG org.apache.http.headers - http-outgoing-132 >> Accept-Encoding: gzip,deflate
02:36:32.668 [Test worker] DEBUG org.apache.http.wire - http-outgoing-132 >> "GET /volumes HTTP/1.1[\r][\n]"
02:36:32.668 [Test worker] DEBUG org.apache.http.wire - http-outgoing-132 >> "Accept: application/json[\r][\n]"
02:36:32.668 [Test worker] DEBUG org.apache.http.wire - http-outgoing-132 >> "User-Agent: Jersey/2.23.1 (Apache HttpClient 4.5.1)[\r][\n]"
02:36:32.668 [Test worker] DEBUG org.apache.http.wire - http-outgoing-132 >> "Host: Thesis:2376[\r][\n]"
02:36:32.669 [Test worker] DEBUG org.apache.http.wire - http-outgoing-132 >> "Connection: Keep-Alive[\r][\n]"
02:36:32.669 [Test worker] DEBUG org.apache.http.wire - http-outgoing-132 >> "Accept-Encoding: gzip,deflate[\r][\n]"
02:36:32.669 [Test worker] DEBUG org.apache.http.wire - http-outgoing-132 >> "[\r][\n]"
02:36:32.669 [Test worker] DEBUG org.apache.http.wire - http-outgoing-132 << "H"
02:36:32.669 [Test worker] DEBUG org.apache.http.wire - http-outgoing-132 << "TTP/1.1 200 OK[\r][\n]"
02:36:32.669 [Test worker] DEBUG org.apache.http.wire - http-outgoing-132 << "Content-Type: application/json[\r][\n]"
02:36:32.670 [Test worker] DEBUG org.apache.http.wire - http-outgoing-132 << "Server: Docker/1.12.3 (linux)[\r][\n]"
02:36:32.670 [Test worker] DEBUG org.apache.http.wire - http-outgoing-132 << "Date: Tue, 03 Jan 2017 01:36:32 GMT[\r][\n]"
02:36:32.670 [Test worker] DEBUG org.apache.http.wire - http-outgoing-132 << "Content-Length: 33[\r][\n]"
02:36:32.670 [Test worker] DEBUG org.apache.http.wire - http-outgoing-132 << "[\r][\n]"
02:36:32.670 [Test worker] DEBUG org.apache.http.wire - http-outgoing-132 << "{"Volumes":null,"Warnings":null}[\n]"
02:36:32.673 [Test worker] DEBUG org.apache.http.headers - http-outgoing-132 << HTTP/1.1 200 OK
02:36:32.673 [Test worker] DEBUG org.apache.http.headers - http-outgoing-132 << Content-Type: application/json
02:36:32.673 [Test worker] DEBUG org.apache.http.headers - http-outgoing-132 << Server: Docker/1.12.3 (linux)
02:36:32.673 [Test worker] DEBUG org.apache.http.headers - http-outgoing-132 << Date: Tue, 03 Jan 2017 01:36:32 GMT
02:36:32.674 [Test worker] DEBUG org.apache.http.headers - http-outgoing-132 << Content-Length: 33
02:36:32.674 [Test worker] DEBUG o.a.h.impl.execchain.MainClientExec - Connection can be kept alive indefinitely
02:36:32.674 [Test worker] DEBUG c.g.d.j.JerseyDockerCmdExecFactory - 6 * Client response received on thread Test worker
6 < 200
6 < Content-Length: 33
6 < Content-Type: application/json
6 < Date: Tue, 03 Jan 2017 01:36:32 GMT
6 < Server: Docker/1.12.3 (linux)
{"Volumes":null,"Warnings":null}


02:36:32.676 [Test worker] DEBUG o.a.h.i.c.DefaultManagedHttpClientConnection - http-outgoing-132: Close connection
02:36:32.676 [Test worker] DEBUG o.a.h.impl.execchain.MainClientExec - Connection discarded
02:36:32.676 [Test worker] DEBUG c.g.d.j.JerseyDockerCmdExecFactory$1 - Connection released: [id: 132][route: {s}->https://Thesis:2376][total kept alive: 1; route allocated: 1 of 2; total allocated: 1 of 20]
02:36:32.676 [Test worker] DEBUG c.g.d.core.command.AbstrDockerCmd - Cmd: NewVolume,local,<null>,com.github.dockerjava.jaxrs.CreateVolumeCmdExec@26913c14
02:36:32.677 [Test worker] DEBUG o.a.h.c.protocol.RequestAddCookies - CookieSpec selected: default
02:36:32.677 [Test worker] DEBUG o.a.h.c.protocol.RequestAuthCache - Auth cache not set in the context
02:36:32.677 [Test worker] DEBUG c.g.d.j.JerseyDockerCmdExecFactory$1 - Connection request: [route: {s}->https://Thesis:2376][total kept alive: 1; route allocated: 1 of 2; total allocated: 1 of 20]
02:36:32.677 [Test worker] DEBUG c.g.d.j.JerseyDockerCmdExecFactory$1 - Connection leased: [id: 133][route: {s}->https://Thesis:2376][total kept alive: 1; route allocated: 2 of 2; total allocated: 2 of 20]
02:36:32.678 [Test worker] DEBUG o.a.h.impl.execchain.MainClientExec - Opening connection {s}->https://Thesis:2376
02:36:32.678 [Test worker] DEBUG o.a.h.i.c.DefaultHttpClientConnectionOperator - Connecting to Thesis/127.0.1.1:2376
02:36:32.678 [Test worker] DEBUG o.a.h.c.s.SSLConnectionSocketFactory - Connecting socket to Thesis/127.0.1.1:2376 with timeout 0
02:36:32.679 [Test worker] DEBUG o.a.h.c.s.SSLConnectionSocketFactory - Enabled protocols: [TLSv1]
02:36:32.679 [Test worker] DEBUG o.a.h.c.s.SSLConnectionSocketFactory - Enabled cipher suites:[TLS_ECDHE_ECDSA_WITH_AES_128_CBC_SHA, TLS_ECDHE_RSA_WITH_AES_128_CBC_SHA, TLS_RSA_WITH_AES_128_CBC_SHA, TLS_ECDH_ECDSA_WITH_AES_128_CBC_SHA, TLS_ECDH_RSA_WITH_AES_128_CBC_SHA, TLS_DHE_RSA_WITH_AES_128_CBC_SHA, TLS_DHE_DSS_WITH_AES_128_CBC_SHA, TLS_ECDHE_ECDSA_WITH_3DES_EDE_CBC_SHA, TLS_ECDHE_RSA_WITH_3DES_EDE_CBC_SHA, SSL_RSA_WITH_3DES_EDE_CBC_SHA, TLS_ECDH_ECDSA_WITH_3DES_EDE_CBC_SHA, TLS_ECDH_RSA_WITH_3DES_EDE_CBC_SHA, SSL_DHE_RSA_WITH_3DES_EDE_CBC_SHA, SSL_DHE_DSS_WITH_3DES_EDE_CBC_SHA, TLS_ECDHE_ECDSA_WITH_RC4_128_SHA, TLS_ECDHE_RSA_WITH_RC4_128_SHA, SSL_RSA_WITH_RC4_128_SHA, TLS_ECDH_ECDSA_WITH_RC4_128_SHA, TLS_ECDH_RSA_WITH_RC4_128_SHA, SSL_RSA_WITH_RC4_128_MD5, TLS_EMPTY_RENEGOTIATION_INFO_SCSV]
02:36:32.679 [Test worker] DEBUG o.a.h.c.s.SSLConnectionSocketFactory - Starting handshake
02:36:32.750 [Test worker] DEBUG o.a.h.c.s.SSLConnectionSocketFactory - Secure session established
02:36:32.750 [Test worker] DEBUG o.a.h.c.s.SSLConnectionSocketFactory -  negotiated protocol: TLSv1
02:36:32.750 [Test worker] DEBUG o.a.h.c.s.SSLConnectionSocketFactory -  negotiated cipher suite: TLS_ECDHE_RSA_WITH_AES_128_CBC_SHA
02:36:32.750 [Test worker] DEBUG o.a.h.c.s.SSLConnectionSocketFactory -  peer principal: CN=Thesis
02:36:32.751 [Test worker] DEBUG o.a.h.c.s.SSLConnectionSocketFactory -  issuer principal: EMAILADDRESS=sha@yamil.com, CN=Thesis, OU=Open, O=Fra, L=BER, ST=BER, C=DE
02:36:32.751 [Test worker] DEBUG o.a.h.i.c.DefaultHttpClientConnectionOperator - Connection established 127.0.0.1:41566<->127.0.1.1:2376
02:36:32.751 [Test worker] DEBUG o.a.h.impl.execchain.MainClientExec - Executing request POST /volumes/create HTTP/1.1
02:36:32.751 [Test worker] DEBUG o.a.h.impl.execchain.MainClientExec - Target auth state: UNCHALLENGED
02:36:32.751 [Test worker] DEBUG o.a.h.impl.execchain.MainClientExec - Proxy auth state: UNCHALLENGED
02:36:32.751 [Test worker] DEBUG org.apache.http.headers - http-outgoing-133 >> POST /volumes/create HTTP/1.1
02:36:32.751 [Test worker] DEBUG org.apache.http.headers - http-outgoing-133 >> Accept: application/json
02:36:32.752 [Test worker] DEBUG org.apache.http.headers - http-outgoing-133 >> Content-Type: application/json
02:36:32.752 [Test worker] DEBUG org.apache.http.headers - http-outgoing-133 >> User-Agent: Jersey/2.23.1 (Apache HttpClient 4.5.1)
02:36:32.752 [Test worker] DEBUG org.apache.http.headers - http-outgoing-133 >> Transfer-Encoding: chunked
02:36:32.752 [Test worker] DEBUG org.apache.http.headers - http-outgoing-133 >> Host: Thesis:2376
02:36:32.752 [Test worker] DEBUG org.apache.http.headers - http-outgoing-133 >> Connection: Keep-Alive
02:36:32.752 [Test worker] DEBUG org.apache.http.headers - http-outgoing-133 >> Accept-Encoding: gzip,deflate
02:36:32.753 [Test worker] DEBUG c.g.d.j.JerseyDockerCmdExecFactory - 7 * Sending client request on thread Test worker
7 > POST https://Thesis:2376/volumes/create
7 > Accept: application/json
7 > Content-Type: application/json
{"Name":"NewVolume","Driver":"local","DriverOpts":null}

02:36:32.754 [Test worker] DEBUG org.apache.http.wire - http-outgoing-133 >> "POST /volumes/create HTTP/1.1[\r][\n]"
02:36:32.754 [Test worker] DEBUG org.apache.http.wire - http-outgoing-133 >> "Accept: application/json[\r][\n]"
02:36:32.754 [Test worker] DEBUG org.apache.http.wire - http-outgoing-133 >> "Content-Type: application/json[\r][\n]"
02:36:32.754 [Test worker] DEBUG org.apache.http.wire - http-outgoing-133 >> "User-Agent: Jersey/2.23.1 (Apache HttpClient 4.5.1)[\r][\n]"
02:36:32.755 [Test worker] DEBUG org.apache.http.wire - http-outgoing-133 >> "Transfer-Encoding: chunked[\r][\n]"
02:36:32.755 [Test worker] DEBUG org.apache.http.wire - http-outgoing-133 >> "Host: Thesis:2376[\r][\n]"
02:36:32.755 [Test worker] DEBUG org.apache.http.wire - http-outgoing-133 >> "Connection: Keep-Alive[\r][\n]"
02:36:32.755 [Test worker] DEBUG org.apache.http.wire - http-outgoing-133 >> "Accept-Encoding: gzip,deflate[\r][\n]"
02:36:32.755 [Test worker] DEBUG org.apache.http.wire - http-outgoing-133 >> "[\r][\n]"
02:36:32.755 [Test worker] DEBUG org.apache.http.wire - http-outgoing-133 >> "37[\r][\n]"
02:36:32.755 [Test worker] DEBUG org.apache.http.wire - http-outgoing-133 >> "{"Name":"NewVolume","Driver":"local","DriverOpts":null}[\r][\n]"
02:36:32.755 [Test worker] DEBUG org.apache.http.wire - http-outgoing-133 >> "0[\r][\n]"
02:36:32.755 [Test worker] DEBUG org.apache.http.wire - http-outgoing-133 >> "[\r][\n]"
02:36:32.758 [Test worker] DEBUG org.apache.http.wire - http-outgoing-133 << "H"
02:36:32.758 [Test worker] DEBUG org.apache.http.wire - http-outgoing-133 << "TTP/1.1 201 Created[\r][\n]"
02:36:32.758 [Test worker] DEBUG org.apache.http.wire - http-outgoing-133 << "Content-Type: application/json[\r][\n]"
02:36:32.758 [Test worker] DEBUG org.apache.http.wire - http-outgoing-133 << "Server: Docker/1.12.3 (linux)[\r][\n]"
02:36:32.758 [Test worker] DEBUG org.apache.http.wire - http-outgoing-133 << "Date: Tue, 03 Jan 2017 01:36:32 GMT[\r][\n]"
02:36:32.758 [Test worker] DEBUG org.apache.http.wire - http-outgoing-133 << "Content-Length: 123[\r][\n]"
02:36:32.758 [Test worker] DEBUG org.apache.http.wire - http-outgoing-133 << "[\r][\n]"
02:36:32.759 [Test worker] DEBUG org.apache.http.wire - http-outgoing-133 << "{"Name":"NewVolume","Driver":"local","Mountpoint":"/var/lib/docker/volumes/NewVolume/_data","Labels":null,"Scope":"local"}[\n]"
02:36:32.759 [Test worker] DEBUG org.apache.http.headers - http-outgoing-133 << HTTP/1.1 201 Created
02:36:32.759 [Test worker] DEBUG org.apache.http.headers - http-outgoing-133 << Content-Type: application/json
02:36:32.759 [Test worker] DEBUG org.apache.http.headers - http-outgoing-133 << Server: Docker/1.12.3 (linux)
02:36:32.759 [Test worker] DEBUG org.apache.http.headers - http-outgoing-133 << Date: Tue, 03 Jan 2017 01:36:32 GMT
02:36:32.759 [Test worker] DEBUG org.apache.http.headers - http-outgoing-133 << Content-Length: 123
02:36:32.759 [Test worker] DEBUG o.a.h.impl.execchain.MainClientExec - Connection can be kept alive indefinitely
02:36:32.760 [Test worker] DEBUG c.g.d.j.JerseyDockerCmdExecFactory - 8 * Client response received on thread Test worker
8 < 201
8 < Content-Length: 123
8 < Content-Type: application/json
8 < Date: Tue, 03 Jan 2017 01:36:32 GMT
8 < Server: Docker/1.12.3 (linux)
{"Name":"NewVolume","Driver":"local","Mountpoint":"/var/lib/docker/volumes/NewVolume/_data","Labels":null,"Scope":"local"}


02:36:32.761 [Test worker] DEBUG o.a.h.i.c.DefaultManagedHttpClientConnection - http-outgoing-133: Close connection
02:36:32.761 [Test worker] DEBUG o.a.h.impl.execchain.MainClientExec - Connection discarded
02:36:32.762 [Test worker] DEBUG c.g.d.j.JerseyDockerCmdExecFactory$1 - Connection released: [id: 133][route: {s}->https://Thesis:2376][total kept alive: 1; route allocated: 1 of 2; total allocated: 1 of 20]
02:36:32.762 [Test worker] INFO  org.openbaton.docker.DockerVim - Volume 'NewVolume' created successfully
02:36:32.762 [Test worker] DEBUG c.g.d.core.command.AbstrDockerCmd - Cmd: NewVolume,com.github.dockerjava.jaxrs.InspectVolumeCmdExec@3420cae9
02:36:32.763 [Test worker] DEBUG c.g.d.j.JerseyDockerCmdExecFactory - 9 * Sending client request on thread Test worker
9 > GET https://Thesis:2376/volumes/NewVolume
9 > Accept: application/json

02:36:32.763 [Test worker] DEBUG o.a.h.c.protocol.RequestAddCookies - CookieSpec selected: default
02:36:32.764 [Test worker] DEBUG o.a.h.c.protocol.RequestAuthCache - Auth cache not set in the context
02:36:32.764 [Test worker] DEBUG c.g.d.j.JerseyDockerCmdExecFactory$1 - Connection request: [route: {s}->https://Thesis:2376][total kept alive: 1; route allocated: 1 of 2; total allocated: 1 of 20]
02:36:32.764 [Test worker] DEBUG c.g.d.j.JerseyDockerCmdExecFactory$1 - Connection leased: [id: 134][route: {s}->https://Thesis:2376][total kept alive: 1; route allocated: 2 of 2; total allocated: 2 of 20]
02:36:32.764 [Test worker] DEBUG o.a.h.impl.execchain.MainClientExec - Opening connection {s}->https://Thesis:2376
02:36:32.764 [Test worker] DEBUG o.a.h.i.c.DefaultHttpClientConnectionOperator - Connecting to Thesis/127.0.1.1:2376
02:36:32.764 [Test worker] DEBUG o.a.h.c.s.SSLConnectionSocketFactory - Connecting socket to Thesis/127.0.1.1:2376 with timeout 0
02:36:32.765 [Test worker] DEBUG o.a.h.c.s.SSLConnectionSocketFactory - Enabled protocols: [TLSv1]
02:36:32.765 [Test worker] DEBUG o.a.h.c.s.SSLConnectionSocketFactory - Enabled cipher suites:[TLS_ECDHE_ECDSA_WITH_AES_128_CBC_SHA, TLS_ECDHE_RSA_WITH_AES_128_CBC_SHA, TLS_RSA_WITH_AES_128_CBC_SHA, TLS_ECDH_ECDSA_WITH_AES_128_CBC_SHA, TLS_ECDH_RSA_WITH_AES_128_CBC_SHA, TLS_DHE_RSA_WITH_AES_128_CBC_SHA, TLS_DHE_DSS_WITH_AES_128_CBC_SHA, TLS_ECDHE_ECDSA_WITH_3DES_EDE_CBC_SHA, TLS_ECDHE_RSA_WITH_3DES_EDE_CBC_SHA, SSL_RSA_WITH_3DES_EDE_CBC_SHA, TLS_ECDH_ECDSA_WITH_3DES_EDE_CBC_SHA, TLS_ECDH_RSA_WITH_3DES_EDE_CBC_SHA, SSL_DHE_RSA_WITH_3DES_EDE_CBC_SHA, SSL_DHE_DSS_WITH_3DES_EDE_CBC_SHA, TLS_ECDHE_ECDSA_WITH_RC4_128_SHA, TLS_ECDHE_RSA_WITH_RC4_128_SHA, SSL_RSA_WITH_RC4_128_SHA, TLS_ECDH_ECDSA_WITH_RC4_128_SHA, TLS_ECDH_RSA_WITH_RC4_128_SHA, SSL_RSA_WITH_RC4_128_MD5, TLS_EMPTY_RENEGOTIATION_INFO_SCSV]
02:36:32.765 [Test worker] DEBUG o.a.h.c.s.SSLConnectionSocketFactory - Starting handshake
02:36:32.823 [Test worker] DEBUG o.a.h.c.s.SSLConnectionSocketFactory - Secure session established
02:36:32.823 [Test worker] DEBUG o.a.h.c.s.SSLConnectionSocketFactory -  negotiated protocol: TLSv1
02:36:32.824 [Test worker] DEBUG o.a.h.c.s.SSLConnectionSocketFactory -  negotiated cipher suite: TLS_ECDHE_RSA_WITH_AES_128_CBC_SHA
02:36:32.824 [Test worker] DEBUG o.a.h.c.s.SSLConnectionSocketFactory -  peer principal: CN=Thesis
02:36:32.824 [Test worker] DEBUG o.a.h.c.s.SSLConnectionSocketFactory -  issuer principal: EMAILADDRESS=sha@yamil.com, CN=Thesis, OU=Open, O=Fra, L=BER, ST=BER, C=DE
02:36:32.824 [Test worker] DEBUG o.a.h.i.c.DefaultHttpClientConnectionOperator - Connection established 127.0.0.1:41568<->127.0.1.1:2376
02:36:32.824 [Test worker] DEBUG o.a.h.impl.execchain.MainClientExec - Executing request GET /volumes/NewVolume HTTP/1.1
02:36:32.824 [Test worker] DEBUG o.a.h.impl.execchain.MainClientExec - Target auth state: UNCHALLENGED
02:36:32.824 [Test worker] DEBUG o.a.h.impl.execchain.MainClientExec - Proxy auth state: UNCHALLENGED
02:36:32.825 [Test worker] DEBUG org.apache.http.headers - http-outgoing-134 >> GET /volumes/NewVolume HTTP/1.1
02:36:32.825 [Test worker] DEBUG org.apache.http.headers - http-outgoing-134 >> Accept: application/json
02:36:32.825 [Test worker] DEBUG org.apache.http.headers - http-outgoing-134 >> User-Agent: Jersey/2.23.1 (Apache HttpClient 4.5.1)
02:36:32.825 [Test worker] DEBUG org.apache.http.headers - http-outgoing-134 >> Host: Thesis:2376
02:36:32.825 [Test worker] DEBUG org.apache.http.headers - http-outgoing-134 >> Connection: Keep-Alive
02:36:32.825 [Test worker] DEBUG org.apache.http.headers - http-outgoing-134 >> Accept-Encoding: gzip,deflate
02:36:32.825 [Test worker] DEBUG org.apache.http.wire - http-outgoing-134 >> "GET /volumes/NewVolume HTTP/1.1[\r][\n]"
02:36:32.825 [Test worker] DEBUG org.apache.http.wire - http-outgoing-134 >> "Accept: application/json[\r][\n]"
02:36:32.825 [Test worker] DEBUG org.apache.http.wire - http-outgoing-134 >> "User-Agent: Jersey/2.23.1 (Apache HttpClient 4.5.1)[\r][\n]"
02:36:32.826 [Test worker] DEBUG org.apache.http.wire - http-outgoing-134 >> "Host: Thesis:2376[\r][\n]"
02:36:32.826 [Test worker] DEBUG org.apache.http.wire - http-outgoing-134 >> "Connection: Keep-Alive[\r][\n]"
02:36:32.826 [Test worker] DEBUG org.apache.http.wire - http-outgoing-134 >> "Accept-Encoding: gzip,deflate[\r][\n]"
02:36:32.826 [Test worker] DEBUG org.apache.http.wire - http-outgoing-134 >> "[\r][\n]"
02:36:32.827 [Test worker] DEBUG org.apache.http.wire - http-outgoing-134 << "H"
02:36:32.828 [Test worker] DEBUG org.apache.http.wire - http-outgoing-134 << "TTP/1.1 200 OK[\r][\n]"
02:36:32.828 [Test worker] DEBUG org.apache.http.wire - http-outgoing-134 << "Content-Type: application/json[\r][\n]"
02:36:32.828 [Test worker] DEBUG org.apache.http.wire - http-outgoing-134 << "Server: Docker/1.12.3 (linux)[\r][\n]"
02:36:32.828 [Test worker] DEBUG org.apache.http.wire - http-outgoing-134 << "Date: Tue, 03 Jan 2017 01:36:32 GMT[\r][\n]"
02:36:32.828 [Test worker] DEBUG org.apache.http.wire - http-outgoing-134 << "Content-Length: 123[\r][\n]"
02:36:32.828 [Test worker] DEBUG org.apache.http.wire - http-outgoing-134 << "[\r][\n]"
02:36:32.828 [Test worker] DEBUG org.apache.http.wire - http-outgoing-134 << "{"Name":"NewVolume","Driver":"local","Mountpoint":"/var/lib/docker/volumes/NewVolume/_data","Labels":null,"Scope":"local"}[\n]"
02:36:32.828 [Test worker] DEBUG org.apache.http.headers - http-outgoing-134 << HTTP/1.1 200 OK
02:36:32.828 [Test worker] DEBUG org.apache.http.headers - http-outgoing-134 << Content-Type: application/json
02:36:32.829 [Test worker] DEBUG org.apache.http.headers - http-outgoing-134 << Server: Docker/1.12.3 (linux)
02:36:32.829 [Test worker] DEBUG org.apache.http.headers - http-outgoing-134 << Date: Tue, 03 Jan 2017 01:36:32 GMT
02:36:32.829 [Test worker] DEBUG org.apache.http.headers - http-outgoing-134 << Content-Length: 123
02:36:32.829 [Test worker] DEBUG o.a.h.impl.execchain.MainClientExec - Connection can be kept alive indefinitely
02:36:32.829 [Test worker] DEBUG c.g.d.j.JerseyDockerCmdExecFactory - 10 * Client response received on thread Test worker
10 < 200
10 < Content-Length: 123
10 < Content-Type: application/json
10 < Date: Tue, 03 Jan 2017 01:36:32 GMT
10 < Server: Docker/1.12.3 (linux)
{"Name":"NewVolume","Driver":"local","Mountpoint":"/var/lib/docker/volumes/NewVolume/_data","Labels":null,"Scope":"local"}


02:36:32.830 [Test worker] DEBUG o.a.h.i.c.DefaultManagedHttpClientConnection - http-outgoing-134: Close connection
02:36:32.831 [Test worker] DEBUG o.a.h.impl.execchain.MainClientExec - Connection discarded
02:36:32.831 [Test worker] DEBUG c.g.d.j.JerseyDockerCmdExecFactory$1 - Connection released: [id: 134][route: {s}->https://Thesis:2376][total kept alive: 1; route allocated: 1 of 2; total allocated: 1 of 20]
02:36:32.831 [Test worker] DEBUG c.g.d.core.command.AbstrDockerCmd - Cmd: NewVolume,com.github.dockerjava.jaxrs.RemoveVolumeCmdExec@3679278a
02:36:32.831 [Test worker] DEBUG c.g.d.j.JerseyDockerCmdExecFactory - 11 * Sending client request on thread Test worker
11 > DELETE https://Thesis:2376/volumes/NewVolume
11 > Accept: application/json

02:36:32.832 [Test worker] DEBUG o.a.h.c.protocol.RequestAddCookies - CookieSpec selected: default
02:36:32.832 [Test worker] DEBUG o.a.h.c.protocol.RequestAuthCache - Auth cache not set in the context
02:36:32.832 [Test worker] DEBUG c.g.d.j.JerseyDockerCmdExecFactory$1 - Connection request: [route: {s}->https://Thesis:2376][total kept alive: 1; route allocated: 1 of 2; total allocated: 1 of 20]
02:36:32.832 [Test worker] DEBUG c.g.d.j.JerseyDockerCmdExecFactory$1 - Connection leased: [id: 135][route: {s}->https://Thesis:2376][total kept alive: 1; route allocated: 2 of 2; total allocated: 2 of 20]
02:36:32.832 [Test worker] DEBUG o.a.h.impl.execchain.MainClientExec - Opening connection {s}->https://Thesis:2376
02:36:32.833 [Test worker] DEBUG o.a.h.i.c.DefaultHttpClientConnectionOperator - Connecting to Thesis/127.0.1.1:2376
02:36:32.833 [Test worker] DEBUG o.a.h.c.s.SSLConnectionSocketFactory - Connecting socket to Thesis/127.0.1.1:2376 with timeout 0
02:36:32.833 [Test worker] DEBUG o.a.h.c.s.SSLConnectionSocketFactory - Enabled protocols: [TLSv1]
02:36:32.834 [Test worker] DEBUG o.a.h.c.s.SSLConnectionSocketFactory - Enabled cipher suites:[TLS_ECDHE_ECDSA_WITH_AES_128_CBC_SHA, TLS_ECDHE_RSA_WITH_AES_128_CBC_SHA, TLS_RSA_WITH_AES_128_CBC_SHA, TLS_ECDH_ECDSA_WITH_AES_128_CBC_SHA, TLS_ECDH_RSA_WITH_AES_128_CBC_SHA, TLS_DHE_RSA_WITH_AES_128_CBC_SHA, TLS_DHE_DSS_WITH_AES_128_CBC_SHA, TLS_ECDHE_ECDSA_WITH_3DES_EDE_CBC_SHA, TLS_ECDHE_RSA_WITH_3DES_EDE_CBC_SHA, SSL_RSA_WITH_3DES_EDE_CBC_SHA, TLS_ECDH_ECDSA_WITH_3DES_EDE_CBC_SHA, TLS_ECDH_RSA_WITH_3DES_EDE_CBC_SHA, SSL_DHE_RSA_WITH_3DES_EDE_CBC_SHA, SSL_DHE_DSS_WITH_3DES_EDE_CBC_SHA, TLS_ECDHE_ECDSA_WITH_RC4_128_SHA, TLS_ECDHE_RSA_WITH_RC4_128_SHA, SSL_RSA_WITH_RC4_128_SHA, TLS_ECDH_ECDSA_WITH_RC4_128_SHA, TLS_ECDH_RSA_WITH_RC4_128_SHA, SSL_RSA_WITH_RC4_128_MD5, TLS_EMPTY_RENEGOTIATION_INFO_SCSV]
02:36:32.834 [Test worker] DEBUG o.a.h.c.s.SSLConnectionSocketFactory - Starting handshake
02:36:32.905 [Test worker] DEBUG o.a.h.c.s.SSLConnectionSocketFactory - Secure session established
02:36:32.905 [Test worker] DEBUG o.a.h.c.s.SSLConnectionSocketFactory -  negotiated protocol: TLSv1
02:36:32.905 [Test worker] DEBUG o.a.h.c.s.SSLConnectionSocketFactory -  negotiated cipher suite: TLS_ECDHE_RSA_WITH_AES_128_CBC_SHA
02:36:32.905 [Test worker] DEBUG o.a.h.c.s.SSLConnectionSocketFactory -  peer principal: CN=Thesis
02:36:32.906 [Test worker] DEBUG o.a.h.c.s.SSLConnectionSocketFactory -  issuer principal: EMAILADDRESS=sha@yamil.com, CN=Thesis, OU=Open, O=Fra, L=BER, ST=BER, C=DE
02:36:32.906 [Test worker] DEBUG o.a.h.i.c.DefaultHttpClientConnectionOperator - Connection established 127.0.0.1:41570<->127.0.1.1:2376
02:36:32.906 [Test worker] DEBUG o.a.h.impl.execchain.MainClientExec - Executing request DELETE /volumes/NewVolume HTTP/1.1
02:36:32.906 [Test worker] DEBUG o.a.h.impl.execchain.MainClientExec - Target auth state: UNCHALLENGED
02:36:32.906 [Test worker] DEBUG o.a.h.impl.execchain.MainClientExec - Proxy auth state: UNCHALLENGED
02:36:32.906 [Test worker] DEBUG org.apache.http.headers - http-outgoing-135 >> DELETE /volumes/NewVolume HTTP/1.1
02:36:32.906 [Test worker] DEBUG org.apache.http.headers - http-outgoing-135 >> Accept: application/json
02:36:32.906 [Test worker] DEBUG org.apache.http.headers - http-outgoing-135 >> User-Agent: Jersey/2.23.1 (Apache HttpClient 4.5.1)
02:36:32.907 [Test worker] DEBUG org.apache.http.headers - http-outgoing-135 >> Host: Thesis:2376
02:36:32.907 [Test worker] DEBUG org.apache.http.headers - http-outgoing-135 >> Connection: Keep-Alive
02:36:32.907 [Test worker] DEBUG org.apache.http.headers - http-outgoing-135 >> Accept-Encoding: gzip,deflate
02:36:32.907 [Test worker] DEBUG org.apache.http.wire - http-outgoing-135 >> "DELETE /volumes/NewVolume HTTP/1.1[\r][\n]"
02:36:32.907 [Test worker] DEBUG org.apache.http.wire - http-outgoing-135 >> "Accept: application/json[\r][\n]"
02:36:32.907 [Test worker] DEBUG org.apache.http.wire - http-outgoing-135 >> "User-Agent: Jersey/2.23.1 (Apache HttpClient 4.5.1)[\r][\n]"
02:36:32.907 [Test worker] DEBUG org.apache.http.wire - http-outgoing-135 >> "Host: Thesis:2376[\r][\n]"
02:36:32.907 [Test worker] DEBUG org.apache.http.wire - http-outgoing-135 >> "Connection: Keep-Alive[\r][\n]"
02:36:32.907 [Test worker] DEBUG org.apache.http.wire - http-outgoing-135 >> "Accept-Encoding: gzip,deflate[\r][\n]"
02:36:32.907 [Test worker] DEBUG org.apache.http.wire - http-outgoing-135 >> "[\r][\n]"
02:36:32.909 [Test worker] DEBUG org.apache.http.wire - http-outgoing-135 << "H"
02:36:32.909 [Test worker] DEBUG org.apache.http.wire - http-outgoing-135 << "TTP/1.1 204 No Content[\r][\n]"
02:36:32.909 [Test worker] DEBUG org.apache.http.wire - http-outgoing-135 << "Server: Docker/1.12.3 (linux)[\r][\n]"
02:36:32.909 [Test worker] DEBUG org.apache.http.wire - http-outgoing-135 << "Date: Tue, 03 Jan 2017 01:36:32 GMT[\r][\n]"
02:36:32.910 [Test worker] DEBUG org.apache.http.wire - http-outgoing-135 << "[\r][\n]"
02:36:32.910 [Test worker] DEBUG org.apache.http.headers - http-outgoing-135 << HTTP/1.1 204 No Content
02:36:32.910 [Test worker] DEBUG org.apache.http.headers - http-outgoing-135 << Server: Docker/1.12.3 (linux)
02:36:32.910 [Test worker] DEBUG org.apache.http.headers - http-outgoing-135 << Date: Tue, 03 Jan 2017 01:36:32 GMT
02:36:32.910 [Test worker] DEBUG o.a.h.impl.execchain.MainClientExec - Connection can be kept alive indefinitely
02:36:32.910 [Test worker] DEBUG c.g.d.j.JerseyDockerCmdExecFactory$1 - Connection [id: 135][route: {s}->https://Thesis:2376][state: CN=Thesis] can be kept alive indefinitely
02:36:32.910 [Test worker] DEBUG c.g.d.j.JerseyDockerCmdExecFactory$1 - Connection released: [id: 135][route: {s}->https://Thesis:2376][state: CN=Thesis][total kept alive: 2; route allocated: 2 of 2; total allocated: 2 of 20]
02:36:32.911 [Test worker] DEBUG c.g.d.j.JerseyDockerCmdExecFactory - 12 * Client response received on thread Test worker
12 < 204
12 < Date: Tue, 03 Jan 2017 01:36:32 GMT
12 < Server: Docker/1.12.3 (linux)

02:36:32.911 [Test worker] INFO  org.openbaton.docker.DockerVim - Volume 'NewVolume' deleted successfully
02:36:32.911 [Test worker] DEBUG c.g.d.core.command.AbstrDockerCmd - Cmd: NewVolume,com.github.dockerjava.jaxrs.InspectVolumeCmdExec@6f89cd7e
02:36:32.912 [Test worker] DEBUG c.g.d.j.JerseyDockerCmdExecFactory - 13 * Sending client request on thread Test worker
13 > GET https://Thesis:2376/volumes/NewVolume
13 > Accept: application/json

02:36:32.912 [Test worker] DEBUG o.a.h.c.protocol.RequestAddCookies - CookieSpec selected: default
02:36:32.912 [Test worker] DEBUG o.a.h.c.protocol.RequestAuthCache - Auth cache not set in the context
02:36:32.912 [Test worker] DEBUG c.g.d.j.JerseyDockerCmdExecFactory$1 - Connection request: [route: {s}->https://Thesis:2376][total kept alive: 2; route allocated: 2 of 2; total allocated: 2 of 20]
02:36:32.913 [Test worker] DEBUG o.a.h.i.c.DefaultManagedHttpClientConnection - http-outgoing-130: Close connection
02:36:32.913 [Test worker] DEBUG c.g.d.j.JerseyDockerCmdExecFactory$1 - Connection leased: [id: 136][route: {s}->https://Thesis:2376][total kept alive: 1; route allocated: 2 of 2; total allocated: 2 of 20]
02:36:32.913 [Test worker] DEBUG o.a.h.impl.execchain.MainClientExec - Opening connection {s}->https://Thesis:2376
02:36:32.913 [Test worker] DEBUG o.a.h.i.c.DefaultHttpClientConnectionOperator - Connecting to Thesis/127.0.1.1:2376
02:36:32.913 [Test worker] DEBUG o.a.h.c.s.SSLConnectionSocketFactory - Connecting socket to Thesis/127.0.1.1:2376 with timeout 0
02:36:32.914 [Test worker] DEBUG o.a.h.c.s.SSLConnectionSocketFactory - Enabled protocols: [TLSv1]
02:36:32.914 [Test worker] DEBUG o.a.h.c.s.SSLConnectionSocketFactory - Enabled cipher suites:[TLS_ECDHE_ECDSA_WITH_AES_128_CBC_SHA, TLS_ECDHE_RSA_WITH_AES_128_CBC_SHA, TLS_RSA_WITH_AES_128_CBC_SHA, TLS_ECDH_ECDSA_WITH_AES_128_CBC_SHA, TLS_ECDH_RSA_WITH_AES_128_CBC_SHA, TLS_DHE_RSA_WITH_AES_128_CBC_SHA, TLS_DHE_DSS_WITH_AES_128_CBC_SHA, TLS_ECDHE_ECDSA_WITH_3DES_EDE_CBC_SHA, TLS_ECDHE_RSA_WITH_3DES_EDE_CBC_SHA, SSL_RSA_WITH_3DES_EDE_CBC_SHA, TLS_ECDH_ECDSA_WITH_3DES_EDE_CBC_SHA, TLS_ECDH_RSA_WITH_3DES_EDE_CBC_SHA, SSL_DHE_RSA_WITH_3DES_EDE_CBC_SHA, SSL_DHE_DSS_WITH_3DES_EDE_CBC_SHA, TLS_ECDHE_ECDSA_WITH_RC4_128_SHA, TLS_ECDHE_RSA_WITH_RC4_128_SHA, SSL_RSA_WITH_RC4_128_SHA, TLS_ECDH_ECDSA_WITH_RC4_128_SHA, TLS_ECDH_RSA_WITH_RC4_128_SHA, SSL_RSA_WITH_RC4_128_MD5, TLS_EMPTY_RENEGOTIATION_INFO_SCSV]
02:36:32.914 [Test worker] DEBUG o.a.h.c.s.SSLConnectionSocketFactory - Starting handshake
02:36:32.971 [Test worker] DEBUG o.a.h.c.s.SSLConnectionSocketFactory - Secure session established
02:36:32.971 [Test worker] DEBUG o.a.h.c.s.SSLConnectionSocketFactory -  negotiated protocol: TLSv1
02:36:32.971 [Test worker] DEBUG o.a.h.c.s.SSLConnectionSocketFactory -  negotiated cipher suite: TLS_ECDHE_RSA_WITH_AES_128_CBC_SHA
02:36:32.972 [Test worker] DEBUG o.a.h.c.s.SSLConnectionSocketFactory -  peer principal: CN=Thesis
02:36:32.972 [Test worker] DEBUG o.a.h.c.s.SSLConnectionSocketFactory -  issuer principal: EMAILADDRESS=sha@yamil.com, CN=Thesis, OU=Open, O=Fra, L=BER, ST=BER, C=DE
02:36:32.972 [Test worker] DEBUG o.a.h.i.c.DefaultHttpClientConnectionOperator - Connection established 127.0.0.1:41572<->127.0.1.1:2376
02:36:32.972 [Test worker] DEBUG o.a.h.impl.execchain.MainClientExec - Executing request GET /volumes/NewVolume HTTP/1.1
02:36:32.972 [Test worker] DEBUG o.a.h.impl.execchain.MainClientExec - Target auth state: UNCHALLENGED
02:36:32.972 [Test worker] DEBUG o.a.h.impl.execchain.MainClientExec - Proxy auth state: UNCHALLENGED
02:36:32.973 [Test worker] DEBUG org.apache.http.headers - http-outgoing-136 >> GET /volumes/NewVolume HTTP/1.1
02:36:32.973 [Test worker] DEBUG org.apache.http.headers - http-outgoing-136 >> Accept: application/json
02:36:32.973 [Test worker] DEBUG org.apache.http.headers - http-outgoing-136 >> User-Agent: Jersey/2.23.1 (Apache HttpClient 4.5.1)
02:36:32.973 [Test worker] DEBUG org.apache.http.headers - http-outgoing-136 >> Host: Thesis:2376
02:36:32.973 [Test worker] DEBUG org.apache.http.headers - http-outgoing-136 >> Connection: Keep-Alive
02:36:32.973 [Test worker] DEBUG org.apache.http.headers - http-outgoing-136 >> Accept-Encoding: gzip,deflate
02:36:32.973 [Test worker] DEBUG org.apache.http.wire - http-outgoing-136 >> "GET /volumes/NewVolume HTTP/1.1[\r][\n]"
02:36:32.973 [Test worker] DEBUG org.apache.http.wire - http-outgoing-136 >> "Accept: application/json[\r][\n]"
02:36:32.973 [Test worker] DEBUG org.apache.http.wire - http-outgoing-136 >> "User-Agent: Jersey/2.23.1 (Apache HttpClient 4.5.1)[\r][\n]"
02:36:32.973 [Test worker] DEBUG org.apache.http.wire - http-outgoing-136 >> "Host: Thesis:2376[\r][\n]"
02:36:32.974 [Test worker] DEBUG org.apache.http.wire - http-outgoing-136 >> "Connection: Keep-Alive[\r][\n]"
02:36:32.974 [Test worker] DEBUG org.apache.http.wire - http-outgoing-136 >> "Accept-Encoding: gzip,deflate[\r][\n]"
02:36:32.974 [Test worker] DEBUG org.apache.http.wire - http-outgoing-136 >> "[\r][\n]"
02:36:32.975 [Test worker] DEBUG org.apache.http.wire - http-outgoing-136 << "H"
02:36:32.976 [Test worker] DEBUG org.apache.http.wire - http-outgoing-136 << "TTP/1.1 404 Not Found[\r][\n]"
02:36:32.976 [Test worker] DEBUG org.apache.http.wire - http-outgoing-136 << "Content-Type: application/json[\r][\n]"
02:36:32.976 [Test worker] DEBUG org.apache.http.wire - http-outgoing-136 << "Server: Docker/1.12.3 (linux)[\r][\n]"
02:36:32.976 [Test worker] DEBUG org.apache.http.wire - http-outgoing-136 << "Date: Tue, 03 Jan 2017 01:36:32 GMT[\r][\n]"
02:36:32.976 [Test worker] DEBUG org.apache.http.wire - http-outgoing-136 << "Content-Length: 44[\r][\n]"
02:36:32.976 [Test worker] DEBUG org.apache.http.wire - http-outgoing-136 << "[\r][\n]"
02:36:32.976 [Test worker] DEBUG org.apache.http.wire - http-outgoing-136 << "{"message":"get NewVolume: no such volume"}[\n]"
02:36:32.976 [Test worker] DEBUG org.apache.http.headers - http-outgoing-136 << HTTP/1.1 404 Not Found
02:36:32.976 [Test worker] DEBUG org.apache.http.headers - http-outgoing-136 << Content-Type: application/json
02:36:32.977 [Test worker] DEBUG org.apache.http.headers - http-outgoing-136 << Server: Docker/1.12.3 (linux)
02:36:32.977 [Test worker] DEBUG org.apache.http.headers - http-outgoing-136 << Date: Tue, 03 Jan 2017 01:36:32 GMT
02:36:32.977 [Test worker] DEBUG org.apache.http.headers - http-outgoing-136 << Content-Length: 44
02:36:32.977 [Test worker] DEBUG o.a.h.impl.execchain.MainClientExec - Connection can be kept alive indefinitely
02:36:32.980 [Test worker] DEBUG o.a.h.i.c.DefaultManagedHttpClientConnection - http-outgoing-136: Close connection
02:36:32.980 [Test worker] DEBUG o.a.h.impl.execchain.MainClientExec - Connection discarded
02:36:32.980 [Test worker] DEBUG c.g.d.j.JerseyDockerCmdExecFactory$1 - Connection released: [id: 136][route: {s}->https://Thesis:2376][total kept alive: 1; route allocated: 1 of 2; total allocated: 1 of 20]
02:36:32.980 [Test worker] DEBUG c.g.d.core.command.AbstrDockerCmd - Cmd: -1,<null>,true,<null>,<null>,com.github.dockerjava.core.util.FiltersBuilder@0,com.github.dockerjava.jaxrs.ListContainersCmdExec@8d6d09a
02:36:32.981 [Test worker] DEBUG c.g.d.j.JerseyDockerCmdExecFactory - 14 * Sending client request on thread Test worker
14 > GET https://Thesis:2376/containers/json?all=true
14 > Accept: application/json

02:36:32.981 [Test worker] DEBUG o.a.h.c.protocol.RequestAddCookies - CookieSpec selected: default
02:36:32.982 [Test worker] DEBUG o.a.h.c.protocol.RequestAuthCache - Auth cache not set in the context
02:36:32.982 [Test worker] DEBUG c.g.d.j.JerseyDockerCmdExecFactory$1 - Connection request: [route: {s}->https://Thesis:2376][total kept alive: 1; route allocated: 1 of 2; total allocated: 1 of 20]
02:36:32.982 [Test worker] DEBUG c.g.d.j.JerseyDockerCmdExecFactory$1 - Connection leased: [id: 137][route: {s}->https://Thesis:2376][total kept alive: 1; route allocated: 2 of 2; total allocated: 2 of 20]
02:36:32.982 [Test worker] DEBUG o.a.h.impl.execchain.MainClientExec - Opening connection {s}->https://Thesis:2376
02:36:32.982 [Test worker] DEBUG o.a.h.i.c.DefaultHttpClientConnectionOperator - Connecting to Thesis/127.0.1.1:2376
02:36:32.982 [Test worker] DEBUG o.a.h.c.s.SSLConnectionSocketFactory - Connecting socket to Thesis/127.0.1.1:2376 with timeout 0
02:36:32.983 [Test worker] DEBUG o.a.h.c.s.SSLConnectionSocketFactory - Enabled protocols: [TLSv1]
02:36:32.983 [Test worker] DEBUG o.a.h.c.s.SSLConnectionSocketFactory - Enabled cipher suites:[TLS_ECDHE_ECDSA_WITH_AES_128_CBC_SHA, TLS_ECDHE_RSA_WITH_AES_128_CBC_SHA, TLS_RSA_WITH_AES_128_CBC_SHA, TLS_ECDH_ECDSA_WITH_AES_128_CBC_SHA, TLS_ECDH_RSA_WITH_AES_128_CBC_SHA, TLS_DHE_RSA_WITH_AES_128_CBC_SHA, TLS_DHE_DSS_WITH_AES_128_CBC_SHA, TLS_ECDHE_ECDSA_WITH_3DES_EDE_CBC_SHA, TLS_ECDHE_RSA_WITH_3DES_EDE_CBC_SHA, SSL_RSA_WITH_3DES_EDE_CBC_SHA, TLS_ECDH_ECDSA_WITH_3DES_EDE_CBC_SHA, TLS_ECDH_RSA_WITH_3DES_EDE_CBC_SHA, SSL_DHE_RSA_WITH_3DES_EDE_CBC_SHA, SSL_DHE_DSS_WITH_3DES_EDE_CBC_SHA, TLS_ECDHE_ECDSA_WITH_RC4_128_SHA, TLS_ECDHE_RSA_WITH_RC4_128_SHA, SSL_RSA_WITH_RC4_128_SHA, TLS_ECDH_ECDSA_WITH_RC4_128_SHA, TLS_ECDH_RSA_WITH_RC4_128_SHA, SSL_RSA_WITH_RC4_128_MD5, TLS_EMPTY_RENEGOTIATION_INFO_SCSV]
02:36:32.983 [Test worker] DEBUG o.a.h.c.s.SSLConnectionSocketFactory - Starting handshake
02:36:33.045 [Test worker] DEBUG o.a.h.c.s.SSLConnectionSocketFactory - Secure session established
02:36:33.045 [Test worker] DEBUG o.a.h.c.s.SSLConnectionSocketFactory -  negotiated protocol: TLSv1
02:36:33.045 [Test worker] DEBUG o.a.h.c.s.SSLConnectionSocketFactory -  negotiated cipher suite: TLS_ECDHE_RSA_WITH_AES_128_CBC_SHA
02:36:33.045 [Test worker] DEBUG o.a.h.c.s.SSLConnectionSocketFactory -  peer principal: CN=Thesis
02:36:33.045 [Test worker] DEBUG o.a.h.c.s.SSLConnectionSocketFactory -  issuer principal: EMAILADDRESS=sha@yamil.com, CN=Thesis, OU=Open, O=Fra, L=BER, ST=BER, C=DE
02:36:33.046 [Test worker] DEBUG o.a.h.i.c.DefaultHttpClientConnectionOperator - Connection established 127.0.0.1:41574<->127.0.1.1:2376
02:36:33.046 [Test worker] DEBUG o.a.h.impl.execchain.MainClientExec - Executing request GET /containers/json?all=true HTTP/1.1
02:36:33.046 [Test worker] DEBUG o.a.h.impl.execchain.MainClientExec - Target auth state: UNCHALLENGED
02:36:33.046 [Test worker] DEBUG o.a.h.impl.execchain.MainClientExec - Proxy auth state: UNCHALLENGED
02:36:33.046 [Test worker] DEBUG org.apache.http.headers - http-outgoing-137 >> GET /containers/json?all=true HTTP/1.1
02:36:33.046 [Test worker] DEBUG org.apache.http.headers - http-outgoing-137 >> Accept: application/json
02:36:33.046 [Test worker] DEBUG org.apache.http.headers - http-outgoing-137 >> User-Agent: Jersey/2.23.1 (Apache HttpClient 4.5.1)
02:36:33.046 [Test worker] DEBUG org.apache.http.headers - http-outgoing-137 >> Host: Thesis:2376
02:36:33.047 [Test worker] DEBUG org.apache.http.headers - http-outgoing-137 >> Connection: Keep-Alive
02:36:33.047 [Test worker] DEBUG org.apache.http.headers - http-outgoing-137 >> Accept-Encoding: gzip,deflate
02:36:33.047 [Test worker] DEBUG org.apache.http.wire - http-outgoing-137 >> "GET /containers/json?all=true HTTP/1.1[\r][\n]"
02:36:33.047 [Test worker] DEBUG org.apache.http.wire - http-outgoing-137 >> "Accept: application/json[\r][\n]"
02:36:33.047 [Test worker] DEBUG org.apache.http.wire - http-outgoing-137 >> "User-Agent: Jersey/2.23.1 (Apache HttpClient 4.5.1)[\r][\n]"
02:36:33.047 [Test worker] DEBUG org.apache.http.wire - http-outgoing-137 >> "Host: Thesis:2376[\r][\n]"
02:36:33.047 [Test worker] DEBUG org.apache.http.wire - http-outgoing-137 >> "Connection: Keep-Alive[\r][\n]"
02:36:33.047 [Test worker] DEBUG org.apache.http.wire - http-outgoing-137 >> "Accept-Encoding: gzip,deflate[\r][\n]"
02:36:33.047 [Test worker] DEBUG org.apache.http.wire - http-outgoing-137 >> "[\r][\n]"
02:36:33.048 [Test worker] DEBUG org.apache.http.wire - http-outgoing-137 << "H"
02:36:33.048 [Test worker] DEBUG org.apache.http.wire - http-outgoing-137 << "TTP/1.1 200 OK[\r][\n]"
02:36:33.048 [Test worker] DEBUG org.apache.http.wire - http-outgoing-137 << "Content-Type: application/json[\r][\n]"
02:36:33.048 [Test worker] DEBUG org.apache.http.wire - http-outgoing-137 << "Server: Docker/1.12.3 (linux)[\r][\n]"
02:36:33.048 [Test worker] DEBUG org.apache.http.wire - http-outgoing-137 << "Date: Tue, 03 Jan 2017 01:36:33 GMT[\r][\n]"
02:36:33.048 [Test worker] DEBUG org.apache.http.wire - http-outgoing-137 << "Content-Length: 3[\r][\n]"
02:36:33.048 [Test worker] DEBUG org.apache.http.wire - http-outgoing-137 << "[\r][\n]"
02:36:33.048 [Test worker] DEBUG org.apache.http.wire - http-outgoing-137 << "[][\n]"
02:36:33.049 [Test worker] DEBUG org.apache.http.headers - http-outgoing-137 << HTTP/1.1 200 OK
02:36:33.049 [Test worker] DEBUG org.apache.http.headers - http-outgoing-137 << Content-Type: application/json
02:36:33.049 [Test worker] DEBUG org.apache.http.headers - http-outgoing-137 << Server: Docker/1.12.3 (linux)
02:36:33.049 [Test worker] DEBUG org.apache.http.headers - http-outgoing-137 << Date: Tue, 03 Jan 2017 01:36:33 GMT
02:36:33.049 [Test worker] DEBUG org.apache.http.headers - http-outgoing-137 << Content-Length: 3
02:36:33.049 [Test worker] DEBUG o.a.h.impl.execchain.MainClientExec - Connection can be kept alive indefinitely
02:36:33.049 [Test worker] DEBUG c.g.d.j.JerseyDockerCmdExecFactory - 15 * Client response received on thread Test worker
15 < 200
15 < Content-Length: 3
15 < Content-Type: application/json
15 < Date: Tue, 03 Jan 2017 01:36:33 GMT
15 < Server: Docker/1.12.3 (linux)
[]


02:36:33.050 [Test worker] DEBUG c.g.d.j.JerseyDockerCmdExecFactory$1 - Connection [id: 137][route: {s}->https://Thesis:2376][state: CN=Thesis] can be kept alive indefinitely
02:36:33.050 [Test worker] DEBUG c.g.d.j.JerseyDockerCmdExecFactory$1 - Connection released: [id: 137][route: {s}->https://Thesis:2376][state: CN=Thesis][total kept alive: 2; route allocated: 2 of 2; total allocated: 2 of 20]
02:36:33.051 [Test worker] DEBUG c.g.d.core.command.AbstrDockerCmd - Cmd: com.github.dockerjava.core.util.FiltersBuilder@0,com.github.dockerjava.jaxrs.ListNetworksCmdExec@7f62ea43
02:36:33.051 [Test worker] DEBUG c.g.d.j.JerseyDockerCmdExecFactory - 16 * Sending client request on thread Test worker
16 > GET https://Thesis:2376/networks
16 > Accept: application/json

02:36:33.052 [Test worker] DEBUG o.a.h.c.protocol.RequestAddCookies - CookieSpec selected: default
02:36:33.052 [Test worker] DEBUG o.a.h.c.protocol.RequestAuthCache - Auth cache not set in the context
02:36:33.052 [Test worker] DEBUG c.g.d.j.JerseyDockerCmdExecFactory$1 - Connection request: [route: {s}->https://Thesis:2376][total kept alive: 2; route allocated: 2 of 2; total allocated: 2 of 20]
02:36:33.052 [Test worker] DEBUG o.a.h.i.c.DefaultManagedHttpClientConnection - http-outgoing-135: Close connection
02:36:33.052 [Test worker] DEBUG c.g.d.j.JerseyDockerCmdExecFactory$1 - Connection leased: [id: 138][route: {s}->https://Thesis:2376][total kept alive: 1; route allocated: 2 of 2; total allocated: 2 of 20]
02:36:33.053 [Test worker] DEBUG o.a.h.impl.execchain.MainClientExec - Opening connection {s}->https://Thesis:2376
02:36:33.053 [Test worker] DEBUG o.a.h.i.c.DefaultHttpClientConnectionOperator - Connecting to Thesis/127.0.1.1:2376
02:36:33.053 [Test worker] DEBUG o.a.h.c.s.SSLConnectionSocketFactory - Connecting socket to Thesis/127.0.1.1:2376 with timeout 0
02:36:33.053 [Test worker] DEBUG o.a.h.c.s.SSLConnectionSocketFactory - Enabled protocols: [TLSv1]
02:36:33.054 [Test worker] DEBUG o.a.h.c.s.SSLConnectionSocketFactory - Enabled cipher suites:[TLS_ECDHE_ECDSA_WITH_AES_128_CBC_SHA, TLS_ECDHE_RSA_WITH_AES_128_CBC_SHA, TLS_RSA_WITH_AES_128_CBC_SHA, TLS_ECDH_ECDSA_WITH_AES_128_CBC_SHA, TLS_ECDH_RSA_WITH_AES_128_CBC_SHA, TLS_DHE_RSA_WITH_AES_128_CBC_SHA, TLS_DHE_DSS_WITH_AES_128_CBC_SHA, TLS_ECDHE_ECDSA_WITH_3DES_EDE_CBC_SHA, TLS_ECDHE_RSA_WITH_3DES_EDE_CBC_SHA, SSL_RSA_WITH_3DES_EDE_CBC_SHA, TLS_ECDH_ECDSA_WITH_3DES_EDE_CBC_SHA, TLS_ECDH_RSA_WITH_3DES_EDE_CBC_SHA, SSL_DHE_RSA_WITH_3DES_EDE_CBC_SHA, SSL_DHE_DSS_WITH_3DES_EDE_CBC_SHA, TLS_ECDHE_ECDSA_WITH_RC4_128_SHA, TLS_ECDHE_RSA_WITH_RC4_128_SHA, SSL_RSA_WITH_RC4_128_SHA, TLS_ECDH_ECDSA_WITH_RC4_128_SHA, TLS_ECDH_RSA_WITH_RC4_128_SHA, SSL_RSA_WITH_RC4_128_MD5, TLS_EMPTY_RENEGOTIATION_INFO_SCSV]
02:36:33.054 [Test worker] DEBUG o.a.h.c.s.SSLConnectionSocketFactory - Starting handshake
02:36:33.125 [Test worker] DEBUG o.a.h.c.s.SSLConnectionSocketFactory - Secure session established
02:36:33.126 [Test worker] DEBUG o.a.h.c.s.SSLConnectionSocketFactory -  negotiated protocol: TLSv1
02:36:33.126 [Test worker] DEBUG o.a.h.c.s.SSLConnectionSocketFactory -  negotiated cipher suite: TLS_ECDHE_RSA_WITH_AES_128_CBC_SHA
02:36:33.126 [Test worker] DEBUG o.a.h.c.s.SSLConnectionSocketFactory -  peer principal: CN=Thesis
02:36:33.126 [Test worker] DEBUG o.a.h.c.s.SSLConnectionSocketFactory -  issuer principal: EMAILADDRESS=sha@yamil.com, CN=Thesis, OU=Open, O=Fra, L=BER, ST=BER, C=DE
02:36:33.126 [Test worker] DEBUG o.a.h.i.c.DefaultHttpClientConnectionOperator - Connection established 127.0.0.1:41576<->127.0.1.1:2376
02:36:33.126 [Test worker] DEBUG o.a.h.impl.execchain.MainClientExec - Executing request GET /networks HTTP/1.1
02:36:33.126 [Test worker] DEBUG o.a.h.impl.execchain.MainClientExec - Target auth state: UNCHALLENGED
02:36:33.126 [Test worker] DEBUG o.a.h.impl.execchain.MainClientExec - Proxy auth state: UNCHALLENGED
02:36:33.127 [Test worker] DEBUG org.apache.http.headers - http-outgoing-138 >> GET /networks HTTP/1.1
02:36:33.127 [Test worker] DEBUG org.apache.http.headers - http-outgoing-138 >> Accept: application/json
02:36:33.127 [Test worker] DEBUG org.apache.http.headers - http-outgoing-138 >> User-Agent: Jersey/2.23.1 (Apache HttpClient 4.5.1)
02:36:33.127 [Test worker] DEBUG org.apache.http.headers - http-outgoing-138 >> Host: Thesis:2376
02:36:33.127 [Test worker] DEBUG org.apache.http.headers - http-outgoing-138 >> Connection: Keep-Alive
02:36:33.127 [Test worker] DEBUG org.apache.http.headers - http-outgoing-138 >> Accept-Encoding: gzip,deflate
02:36:33.127 [Test worker] DEBUG org.apache.http.wire - http-outgoing-138 >> "GET /networks HTTP/1.1[\r][\n]"
02:36:33.127 [Test worker] DEBUG org.apache.http.wire - http-outgoing-138 >> "Accept: application/json[\r][\n]"
02:36:33.127 [Test worker] DEBUG org.apache.http.wire - http-outgoing-138 >> "User-Agent: Jersey/2.23.1 (Apache HttpClient 4.5.1)[\r][\n]"
02:36:33.128 [Test worker] DEBUG org.apache.http.wire - http-outgoing-138 >> "Host: Thesis:2376[\r][\n]"
02:36:33.128 [Test worker] DEBUG org.apache.http.wire - http-outgoing-138 >> "Connection: Keep-Alive[\r][\n]"
02:36:33.128 [Test worker] DEBUG org.apache.http.wire - http-outgoing-138 >> "Accept-Encoding: gzip,deflate[\r][\n]"
02:36:33.128 [Test worker] DEBUG org.apache.http.wire - http-outgoing-138 >> "[\r][\n]"
02:36:33.128 [Test worker] DEBUG org.apache.http.wire - http-outgoing-138 << "H"
02:36:33.128 [Test worker] DEBUG org.apache.http.wire - http-outgoing-138 << "TTP/1.1 200 OK[\r][\n]"
02:36:33.129 [Test worker] DEBUG org.apache.http.wire - http-outgoing-138 << "Content-Type: application/json[\r][\n]"
02:36:33.129 [Test worker] DEBUG org.apache.http.wire - http-outgoing-138 << "Server: Docker/1.12.3 (linux)[\r][\n]"
02:36:33.129 [Test worker] DEBUG org.apache.http.wire - http-outgoing-138 << "Date: Tue, 03 Jan 2017 01:36:33 GMT[\r][\n]"
02:36:33.129 [Test worker] DEBUG org.apache.http.wire - http-outgoing-138 << "Content-Length: 1100[\r][\n]"
02:36:33.129 [Test worker] DEBUG org.apache.http.wire - http-outgoing-138 << "[\r][\n]"
02:36:33.129 [Test worker] DEBUG org.apache.http.wire - http-outgoing-138 << "[{"Name":"none","Id":"4d89c194eb79cd2beb38458d10a1b98c74d6b8462af72afde29ae7aca53ed5ca","Scope":"local","Driver":"null","EnableIPv6":false,"IPAM":{"Driver":"default","Options":null,"Config":[]},"Internal":false,"Containers":{},"Options":{},"Labels":{}},{"Name":"bridge","Id":"e0d36057aa1769e9fd52ba88be81b698b495f9b6b4946d0f98f24d971a27fc98","Scope":"local","Driver":"bridge","EnableIPv6":false,"IPAM":{"Driver":"default","Options":null,"Config":[{"Subnet":"172.17.0.0/16","Gateway":"172.17.0.1"}]},"Internal":false,"Containers":{},"Options":{"com.docker.network.bridge.default_bridge":"true","com.docker.network.bridge.enable_icc":"true","com.docker.network.bridge.enable_ip_masquerade":"true","com.docker.network.bridge.host_binding_ipv4":"0.0.0.0","com.docker.network.bridge.name":"docker0","com.docker.network.driver.mtu":"1500"},"Labels":{}},{"Name":"host","Id":"fe042b0866671b5be4f097ba43830c0a02959c058702d18e18c14a24d88a357d","Scope":"local","Driver":"host","EnableIPv6":false,"IPAM":{"Driver":"default","Options":null,"Config":[]},"Internal":false,"Containers":{},"Options":{},"Labels":{}}][\n]"
02:36:33.129 [Test worker] DEBUG org.apache.http.headers - http-outgoing-138 << HTTP/1.1 200 OK
02:36:33.129 [Test worker] DEBUG org.apache.http.headers - http-outgoing-138 << Content-Type: application/json
02:36:33.129 [Test worker] DEBUG org.apache.http.headers - http-outgoing-138 << Server: Docker/1.12.3 (linux)
02:36:33.130 [Test worker] DEBUG org.apache.http.headers - http-outgoing-138 << Date: Tue, 03 Jan 2017 01:36:33 GMT
02:36:33.130 [Test worker] DEBUG org.apache.http.headers - http-outgoing-138 << Content-Length: 1100
02:36:33.130 [Test worker] DEBUG o.a.h.impl.execchain.MainClientExec - Connection can be kept alive indefinitely
02:36:33.130 [Test worker] DEBUG c.g.d.j.JerseyDockerCmdExecFactory - 17 * Client response received on thread Test worker
17 < 200
17 < Content-Length: 1100
17 < Content-Type: application/json
17 < Date: Tue, 03 Jan 2017 01:36:33 GMT
17 < Server: Docker/1.12.3 (linux)
[{"Name":"none","Id":"4d89c194eb79cd2beb38458d10a1b98c74d6b8462af72afde29ae7aca53ed5ca","Scope":"local","Driver":"null","EnableIPv6":false,"IPAM":{"Driver":"default","Options":null,"Config":[]},"Internal":false,"Containers":{},"Options":{},"Labels":{}},{"Name":"bridge","Id":"e0d36057aa1769e9fd52ba88be81b698b495f9b6b4946d0f98f24d971a27fc98","Scope":"local","Driver":"bridge","EnableIPv6":false,"IPAM":{"Driver":"default","Options":null,"Config":[{"Subnet":"172.17.0.0/16","Gateway":"172.17.0.1"}]},"Internal":false,"Containers":{},"Options":{"com.docker.network.bridge.default_bridge":"true","com.docker.network.bridge.enable_icc":"true","com.docker.network.bridge.enable_ip_masquerade":"true","com.docker.network.bridge.host_binding_ipv4":"0.0.0.0","com.docker.network.bridge.name":"docker0","com.docker.network.driver.mtu":"1500"},"Labels":{}},{"Name":"host","Id":"fe042b0866671b5be4f097ba43830c0a02959c058702d18e18c14a24d88a357d","Scope":"local","Driver":"host","EnableIPv6":false,"IPAM":{"Driver":"default","Options":null,"Config":[]},"Internal":false,"Containers":{},"Options":{},"Labels":{}}]


02:36:33.131 [Test worker] DEBUG o.a.h.i.c.DefaultManagedHttpClientConnection - http-outgoing-138: Close connection
02:36:33.132 [Test worker] DEBUG o.a.h.impl.execchain.MainClientExec - Connection discarded
02:36:33.132 [Test worker] DEBUG c.g.d.j.JerseyDockerCmdExecFactory$1 - Connection released: [id: 138][route: {s}->https://Thesis:2376][total kept alive: 1; route allocated: 1 of 2; total allocated: 1 of 20]
02:36:33.132 [Test worker] DEBUG c.g.d.core.command.AbstrDockerCmd - Cmd: com.github.dockerjava.core.util.FiltersBuilder@0,com.github.dockerjava.jaxrs.ListVolumesCmdExec@69f54863
02:36:33.133 [Test worker] DEBUG c.g.d.j.JerseyDockerCmdExecFactory - 18 * Sending client request on thread Test worker
18 > GET https://Thesis:2376/volumes
18 > Accept: application/json

02:36:33.133 [Test worker] DEBUG o.a.h.c.protocol.RequestAddCookies - CookieSpec selected: default
02:36:33.133 [Test worker] DEBUG o.a.h.c.protocol.RequestAuthCache - Auth cache not set in the context
02:36:33.133 [Test worker] DEBUG c.g.d.j.JerseyDockerCmdExecFactory$1 - Connection request: [route: {s}->https://Thesis:2376][total kept alive: 1; route allocated: 1 of 2; total allocated: 1 of 20]
02:36:33.134 [Test worker] DEBUG c.g.d.j.JerseyDockerCmdExecFactory$1 - Connection leased: [id: 139][route: {s}->https://Thesis:2376][total kept alive: 1; route allocated: 2 of 2; total allocated: 2 of 20]
02:36:33.134 [Test worker] DEBUG o.a.h.impl.execchain.MainClientExec - Opening connection {s}->https://Thesis:2376
02:36:33.134 [Test worker] DEBUG o.a.h.i.c.DefaultHttpClientConnectionOperator - Connecting to Thesis/127.0.1.1:2376
02:36:33.134 [Test worker] DEBUG o.a.h.c.s.SSLConnectionSocketFactory - Connecting socket to Thesis/127.0.1.1:2376 with timeout 0
02:36:33.135 [Test worker] DEBUG o.a.h.c.s.SSLConnectionSocketFactory - Enabled protocols: [TLSv1]
02:36:33.135 [Test worker] DEBUG o.a.h.c.s.SSLConnectionSocketFactory - Enabled cipher suites:[TLS_ECDHE_ECDSA_WITH_AES_128_CBC_SHA, TLS_ECDHE_RSA_WITH_AES_128_CBC_SHA, TLS_RSA_WITH_AES_128_CBC_SHA, TLS_ECDH_ECDSA_WITH_AES_128_CBC_SHA, TLS_ECDH_RSA_WITH_AES_128_CBC_SHA, TLS_DHE_RSA_WITH_AES_128_CBC_SHA, TLS_DHE_DSS_WITH_AES_128_CBC_SHA, TLS_ECDHE_ECDSA_WITH_3DES_EDE_CBC_SHA, TLS_ECDHE_RSA_WITH_3DES_EDE_CBC_SHA, SSL_RSA_WITH_3DES_EDE_CBC_SHA, TLS_ECDH_ECDSA_WITH_3DES_EDE_CBC_SHA, TLS_ECDH_RSA_WITH_3DES_EDE_CBC_SHA, SSL_DHE_RSA_WITH_3DES_EDE_CBC_SHA, SSL_DHE_DSS_WITH_3DES_EDE_CBC_SHA, TLS_ECDHE_ECDSA_WITH_RC4_128_SHA, TLS_ECDHE_RSA_WITH_RC4_128_SHA, SSL_RSA_WITH_RC4_128_SHA, TLS_ECDH_ECDSA_WITH_RC4_128_SHA, TLS_ECDH_RSA_WITH_RC4_128_SHA, SSL_RSA_WITH_RC4_128_MD5, TLS_EMPTY_RENEGOTIATION_INFO_SCSV]
02:36:33.135 [Test worker] DEBUG o.a.h.c.s.SSLConnectionSocketFactory - Starting handshake
02:36:33.194 [Test worker] DEBUG o.a.h.c.s.SSLConnectionSocketFactory - Secure session established
02:36:33.194 [Test worker] DEBUG o.a.h.c.s.SSLConnectionSocketFactory -  negotiated protocol: TLSv1
02:36:33.194 [Test worker] DEBUG o.a.h.c.s.SSLConnectionSocketFactory -  negotiated cipher suite: TLS_ECDHE_RSA_WITH_AES_128_CBC_SHA
02:36:33.194 [Test worker] DEBUG o.a.h.c.s.SSLConnectionSocketFactory -  peer principal: CN=Thesis
02:36:33.194 [Test worker] DEBUG o.a.h.c.s.SSLConnectionSocketFactory -  issuer principal: EMAILADDRESS=sha@yamil.com, CN=Thesis, OU=Open, O=Fra, L=BER, ST=BER, C=DE
02:36:33.195 [Test worker] DEBUG o.a.h.i.c.DefaultHttpClientConnectionOperator - Connection established 127.0.0.1:41578<->127.0.1.1:2376
02:36:33.195 [Test worker] DEBUG o.a.h.impl.execchain.MainClientExec - Executing request GET /volumes HTTP/1.1
02:36:33.195 [Test worker] DEBUG o.a.h.impl.execchain.MainClientExec - Target auth state: UNCHALLENGED
02:36:33.195 [Test worker] DEBUG o.a.h.impl.execchain.MainClientExec - Proxy auth state: UNCHALLENGED
02:36:33.195 [Test worker] DEBUG org.apache.http.headers - http-outgoing-139 >> GET /volumes HTTP/1.1
02:36:33.195 [Test worker] DEBUG org.apache.http.headers - http-outgoing-139 >> Accept: application/json
02:36:33.195 [Test worker] DEBUG org.apache.http.headers - http-outgoing-139 >> User-Agent: Jersey/2.23.1 (Apache HttpClient 4.5.1)
02:36:33.195 [Test worker] DEBUG org.apache.http.headers - http-outgoing-139 >> Host: Thesis:2376
02:36:33.196 [Test worker] DEBUG org.apache.http.headers - http-outgoing-139 >> Connection: Keep-Alive
02:36:33.196 [Test worker] DEBUG org.apache.http.headers - http-outgoing-139 >> Accept-Encoding: gzip,deflate
02:36:33.196 [Test worker] DEBUG org.apache.http.wire - http-outgoing-139 >> "GET /volumes HTTP/1.1[\r][\n]"
02:36:33.196 [Test worker] DEBUG org.apache.http.wire - http-outgoing-139 >> "Accept: application/json[\r][\n]"
02:36:33.196 [Test worker] DEBUG org.apache.http.wire - http-outgoing-139 >> "User-Agent: Jersey/2.23.1 (Apache HttpClient 4.5.1)[\r][\n]"
02:36:33.196 [Test worker] DEBUG org.apache.http.wire - http-outgoing-139 >> "Host: Thesis:2376[\r][\n]"
02:36:33.196 [Test worker] DEBUG org.apache.http.wire - http-outgoing-139 >> "Connection: Keep-Alive[\r][\n]"
02:36:33.196 [Test worker] DEBUG org.apache.http.wire - http-outgoing-139 >> "Accept-Encoding: gzip,deflate[\r][\n]"
02:36:33.196 [Test worker] DEBUG org.apache.http.wire - http-outgoing-139 >> "[\r][\n]"
02:36:33.197 [Test worker] DEBUG org.apache.http.wire - http-outgoing-139 << "H"
02:36:33.197 [Test worker] DEBUG org.apache.http.wire - http-outgoing-139 << "TTP/1.1 200 OK[\r][\n]"
02:36:33.197 [Test worker] DEBUG org.apache.http.wire - http-outgoing-139 << "Content-Type: application/json[\r][\n]"
02:36:33.197 [Test worker] DEBUG org.apache.http.wire - http-outgoing-139 << "Server: Docker/1.12.3 (linux)[\r][\n]"
02:36:33.197 [Test worker] DEBUG org.apache.http.wire - http-outgoing-139 << "Date: Tue, 03 Jan 2017 01:36:33 GMT[\r][\n]"
02:36:33.197 [Test worker] DEBUG org.apache.http.wire - http-outgoing-139 << "Content-Length: 33[\r][\n]"
02:36:33.197 [Test worker] DEBUG org.apache.http.wire - http-outgoing-139 << "[\r][\n]"
02:36:33.198 [Test worker] DEBUG org.apache.http.wire - http-outgoing-139 << "{"Volumes":null,"Warnings":null}[\n]"
02:36:33.198 [Test worker] DEBUG org.apache.http.headers - http-outgoing-139 << HTTP/1.1 200 OK
02:36:33.198 [Test worker] DEBUG org.apache.http.headers - http-outgoing-139 << Content-Type: application/json
02:36:33.198 [Test worker] DEBUG org.apache.http.headers - http-outgoing-139 << Server: Docker/1.12.3 (linux)
02:36:33.198 [Test worker] DEBUG org.apache.http.headers - http-outgoing-139 << Date: Tue, 03 Jan 2017 01:36:33 GMT
02:36:33.198 [Test worker] DEBUG org.apache.http.headers - http-outgoing-139 << Content-Length: 33
02:36:33.198 [Test worker] DEBUG o.a.h.impl.execchain.MainClientExec - Connection can be kept alive indefinitely
02:36:33.199 [Test worker] DEBUG c.g.d.j.JerseyDockerCmdExecFactory - 19 * Client response received on thread Test worker
19 < 200
19 < Content-Length: 33
19 < Content-Type: application/json
19 < Date: Tue, 03 Jan 2017 01:36:33 GMT
19 < Server: Docker/1.12.3 (linux)
{"Volumes":null,"Warnings":null}


02:36:33.200 [Test worker] DEBUG o.a.h.i.c.DefaultManagedHttpClientConnection - http-outgoing-139: Close connection
02:36:33.200 [Test worker] DEBUG o.a.h.impl.execchain.MainClientExec - Connection discarded
02:36:33.200 [Test worker] DEBUG c.g.d.j.JerseyDockerCmdExecFactory$1 - Connection released: [id: 139][route: {s}->https://Thesis:2376][total kept alive: 1; route allocated: 1 of 2; total allocated: 1 of 20]
02:36:33.201 [Test worker] DEBUG org.openbaton.docker.DockerVim - Loading properties
02:36:33.201 [Test worker] DEBUG org.openbaton.docker.DockerVim - Loaded properties: {vim.instance.auth.url=tcp://Thesis:2376, docker.cert.path=/home/sakib/.docker, type=docker, tls.verify=true}
02:36:33.208 [Test worker] DEBUG c.g.d.core.command.AbstrDockerCmd - Cmd: -1,<null>,true,<null>,<null>,com.github.dockerjava.core.util.FiltersBuilder@0,com.github.dockerjava.jaxrs.ListContainersCmdExec@44ca2fc8
02:36:33.220 [Test worker] DEBUG c.g.d.j.JerseyDockerCmdExecFactory - 1 * Sending client request on thread Test worker
1 > GET https://Thesis:2376/containers/json?all=true
1 > Accept: application/json

02:36:33.221 [Test worker] DEBUG o.a.h.c.protocol.RequestAddCookies - CookieSpec selected: default
02:36:33.221 [Test worker] DEBUG o.a.h.c.protocol.RequestAuthCache - Auth cache not set in the context
02:36:33.221 [Test worker] DEBUG c.g.d.j.JerseyDockerCmdExecFactory$1 - Connection request: [route: {s}->https://Thesis:2376][total kept alive: 0; route allocated: 0 of 2; total allocated: 0 of 20]
02:36:33.222 [Test worker] DEBUG c.g.d.j.JerseyDockerCmdExecFactory$1 - Connection leased: [id: 140][route: {s}->https://Thesis:2376][total kept alive: 0; route allocated: 1 of 2; total allocated: 1 of 20]
02:36:33.222 [Test worker] DEBUG o.a.h.impl.execchain.MainClientExec - Opening connection {s}->https://Thesis:2376
02:36:33.222 [Test worker] DEBUG o.a.h.i.c.DefaultHttpClientConnectionOperator - Connecting to Thesis/127.0.1.1:2376
02:36:33.222 [Test worker] DEBUG o.a.h.c.s.SSLConnectionSocketFactory - Connecting socket to Thesis/127.0.1.1:2376 with timeout 0
02:36:33.223 [Test worker] DEBUG o.a.h.c.s.SSLConnectionSocketFactory - Enabled protocols: [TLSv1]
02:36:33.223 [Test worker] DEBUG o.a.h.c.s.SSLConnectionSocketFactory - Enabled cipher suites:[TLS_ECDHE_ECDSA_WITH_AES_128_CBC_SHA, TLS_ECDHE_RSA_WITH_AES_128_CBC_SHA, TLS_RSA_WITH_AES_128_CBC_SHA, TLS_ECDH_ECDSA_WITH_AES_128_CBC_SHA, TLS_ECDH_RSA_WITH_AES_128_CBC_SHA, TLS_DHE_RSA_WITH_AES_128_CBC_SHA, TLS_DHE_DSS_WITH_AES_128_CBC_SHA, TLS_ECDHE_ECDSA_WITH_3DES_EDE_CBC_SHA, TLS_ECDHE_RSA_WITH_3DES_EDE_CBC_SHA, SSL_RSA_WITH_3DES_EDE_CBC_SHA, TLS_ECDH_ECDSA_WITH_3DES_EDE_CBC_SHA, TLS_ECDH_RSA_WITH_3DES_EDE_CBC_SHA, SSL_DHE_RSA_WITH_3DES_EDE_CBC_SHA, SSL_DHE_DSS_WITH_3DES_EDE_CBC_SHA, TLS_ECDHE_ECDSA_WITH_RC4_128_SHA, TLS_ECDHE_RSA_WITH_RC4_128_SHA, SSL_RSA_WITH_RC4_128_SHA, TLS_ECDH_ECDSA_WITH_RC4_128_SHA, TLS_ECDH_RSA_WITH_RC4_128_SHA, SSL_RSA_WITH_RC4_128_MD5, TLS_EMPTY_RENEGOTIATION_INFO_SCSV]
02:36:33.223 [Test worker] DEBUG o.a.h.c.s.SSLConnectionSocketFactory - Starting handshake
02:36:33.284 [Test worker] DEBUG o.a.h.c.s.SSLConnectionSocketFactory - Secure session established
02:36:33.284 [Test worker] DEBUG o.a.h.c.s.SSLConnectionSocketFactory -  negotiated protocol: TLSv1
02:36:33.284 [Test worker] DEBUG o.a.h.c.s.SSLConnectionSocketFactory -  negotiated cipher suite: TLS_ECDHE_RSA_WITH_AES_128_CBC_SHA
02:36:33.285 [Test worker] DEBUG o.a.h.c.s.SSLConnectionSocketFactory -  peer principal: CN=Thesis
02:36:33.285 [Test worker] DEBUG o.a.h.c.s.SSLConnectionSocketFactory -  issuer principal: EMAILADDRESS=sha@yamil.com, CN=Thesis, OU=Open, O=Fra, L=BER, ST=BER, C=DE
02:36:33.285 [Test worker] DEBUG o.a.h.i.c.DefaultHttpClientConnectionOperator - Connection established 127.0.0.1:41580<->127.0.1.1:2376
02:36:33.285 [Test worker] DEBUG o.a.h.impl.execchain.MainClientExec - Executing request GET /containers/json?all=true HTTP/1.1
02:36:33.285 [Test worker] DEBUG o.a.h.impl.execchain.MainClientExec - Target auth state: UNCHALLENGED
02:36:33.285 [Test worker] DEBUG o.a.h.impl.execchain.MainClientExec - Proxy auth state: UNCHALLENGED
02:36:33.285 [Test worker] DEBUG org.apache.http.headers - http-outgoing-140 >> GET /containers/json?all=true HTTP/1.1
02:36:33.286 [Test worker] DEBUG org.apache.http.headers - http-outgoing-140 >> Accept: application/json
02:36:33.286 [Test worker] DEBUG org.apache.http.headers - http-outgoing-140 >> User-Agent: Jersey/2.23.1 (Apache HttpClient 4.5.1)
02:36:33.286 [Test worker] DEBUG org.apache.http.headers - http-outgoing-140 >> Host: Thesis:2376
02:36:33.286 [Test worker] DEBUG org.apache.http.headers - http-outgoing-140 >> Connection: Keep-Alive
02:36:33.286 [Test worker] DEBUG org.apache.http.headers - http-outgoing-140 >> Accept-Encoding: gzip,deflate
02:36:33.286 [Test worker] DEBUG org.apache.http.wire - http-outgoing-140 >> "GET /containers/json?all=true HTTP/1.1[\r][\n]"
02:36:33.292 [Test worker] DEBUG org.apache.http.wire - http-outgoing-140 >> "Accept: application/json[\r][\n]"
02:36:33.292 [Test worker] DEBUG org.apache.http.wire - http-outgoing-140 >> "User-Agent: Jersey/2.23.1 (Apache HttpClient 4.5.1)[\r][\n]"
02:36:33.292 [Test worker] DEBUG org.apache.http.wire - http-outgoing-140 >> "Host: Thesis:2376[\r][\n]"
02:36:33.293 [Test worker] DEBUG org.apache.http.wire - http-outgoing-140 >> "Connection: Keep-Alive[\r][\n]"
02:36:33.293 [Test worker] DEBUG org.apache.http.wire - http-outgoing-140 >> "Accept-Encoding: gzip,deflate[\r][\n]"
02:36:33.293 [Test worker] DEBUG org.apache.http.wire - http-outgoing-140 >> "[\r][\n]"
02:36:33.293 [Test worker] DEBUG org.apache.http.wire - http-outgoing-140 << "H"
02:36:33.293 [Test worker] DEBUG org.apache.http.wire - http-outgoing-140 << "TTP/1.1 200 OK[\r][\n]"
02:36:33.293 [Test worker] DEBUG org.apache.http.wire - http-outgoing-140 << "Content-Type: application/json[\r][\n]"
02:36:33.293 [Test worker] DEBUG org.apache.http.wire - http-outgoing-140 << "Server: Docker/1.12.3 (linux)[\r][\n]"
02:36:33.294 [Test worker] DEBUG org.apache.http.wire - http-outgoing-140 << "Date: Tue, 03 Jan 2017 01:36:33 GMT[\r][\n]"
02:36:33.294 [Test worker] DEBUG org.apache.http.wire - http-outgoing-140 << "Content-Length: 3[\r][\n]"
02:36:33.294 [Test worker] DEBUG org.apache.http.wire - http-outgoing-140 << "[\r][\n]"
02:36:33.294 [Test worker] DEBUG org.apache.http.wire - http-outgoing-140 << "[][\n]"
02:36:33.294 [Test worker] DEBUG org.apache.http.headers - http-outgoing-140 << HTTP/1.1 200 OK
02:36:33.294 [Test worker] DEBUG org.apache.http.headers - http-outgoing-140 << Content-Type: application/json
02:36:33.294 [Test worker] DEBUG org.apache.http.headers - http-outgoing-140 << Server: Docker/1.12.3 (linux)
02:36:33.294 [Test worker] DEBUG org.apache.http.headers - http-outgoing-140 << Date: Tue, 03 Jan 2017 01:36:33 GMT
02:36:33.294 [Test worker] DEBUG org.apache.http.headers - http-outgoing-140 << Content-Length: 3
02:36:33.295 [Test worker] DEBUG o.a.h.impl.execchain.MainClientExec - Connection can be kept alive indefinitely
02:36:33.295 [Test worker] DEBUG c.g.d.j.JerseyDockerCmdExecFactory - 2 * Client response received on thread Test worker
2 < 200
2 < Content-Length: 3
2 < Content-Type: application/json
2 < Date: Tue, 03 Jan 2017 01:36:33 GMT
2 < Server: Docker/1.12.3 (linux)
[]


02:36:33.296 [Test worker] DEBUG c.g.d.j.JerseyDockerCmdExecFactory$1 - Connection [id: 140][route: {s}->https://Thesis:2376][state: CN=Thesis] can be kept alive indefinitely
02:36:33.296 [Test worker] DEBUG c.g.d.j.JerseyDockerCmdExecFactory$1 - Connection released: [id: 140][route: {s}->https://Thesis:2376][state: CN=Thesis][total kept alive: 1; route allocated: 1 of 2; total allocated: 1 of 20]
02:36:33.305 [Test worker] DEBUG c.g.d.core.command.AbstrDockerCmd - Cmd: com.github.dockerjava.core.util.FiltersBuilder@0,com.github.dockerjava.jaxrs.ListNetworksCmdExec@33cdefce
02:36:33.305 [Test worker] DEBUG c.g.d.j.JerseyDockerCmdExecFactory - 3 * Sending client request on thread Test worker
3 > GET https://Thesis:2376/networks
3 > Accept: application/json

02:36:33.306 [Test worker] DEBUG o.a.h.c.protocol.RequestAddCookies - CookieSpec selected: default
02:36:33.306 [Test worker] DEBUG o.a.h.c.protocol.RequestAuthCache - Auth cache not set in the context
02:36:33.306 [Test worker] DEBUG c.g.d.j.JerseyDockerCmdExecFactory$1 - Connection request: [route: {s}->https://Thesis:2376][total kept alive: 1; route allocated: 1 of 2; total allocated: 1 of 20]
02:36:33.306 [Test worker] DEBUG c.g.d.j.JerseyDockerCmdExecFactory$1 - Connection leased: [id: 141][route: {s}->https://Thesis:2376][total kept alive: 1; route allocated: 2 of 2; total allocated: 2 of 20]
02:36:33.306 [Test worker] DEBUG o.a.h.impl.execchain.MainClientExec - Opening connection {s}->https://Thesis:2376
02:36:33.307 [Test worker] DEBUG o.a.h.i.c.DefaultHttpClientConnectionOperator - Connecting to Thesis/127.0.1.1:2376
02:36:33.307 [Test worker] DEBUG o.a.h.c.s.SSLConnectionSocketFactory - Connecting socket to Thesis/127.0.1.1:2376 with timeout 0
02:36:33.307 [Test worker] DEBUG o.a.h.c.s.SSLConnectionSocketFactory - Enabled protocols: [TLSv1]
02:36:33.308 [Test worker] DEBUG o.a.h.c.s.SSLConnectionSocketFactory - Enabled cipher suites:[TLS_ECDHE_ECDSA_WITH_AES_128_CBC_SHA, TLS_ECDHE_RSA_WITH_AES_128_CBC_SHA, TLS_RSA_WITH_AES_128_CBC_SHA, TLS_ECDH_ECDSA_WITH_AES_128_CBC_SHA, TLS_ECDH_RSA_WITH_AES_128_CBC_SHA, TLS_DHE_RSA_WITH_AES_128_CBC_SHA, TLS_DHE_DSS_WITH_AES_128_CBC_SHA, TLS_ECDHE_ECDSA_WITH_3DES_EDE_CBC_SHA, TLS_ECDHE_RSA_WITH_3DES_EDE_CBC_SHA, SSL_RSA_WITH_3DES_EDE_CBC_SHA, TLS_ECDH_ECDSA_WITH_3DES_EDE_CBC_SHA, TLS_ECDH_RSA_WITH_3DES_EDE_CBC_SHA, SSL_DHE_RSA_WITH_3DES_EDE_CBC_SHA, SSL_DHE_DSS_WITH_3DES_EDE_CBC_SHA, TLS_ECDHE_ECDSA_WITH_RC4_128_SHA, TLS_ECDHE_RSA_WITH_RC4_128_SHA, SSL_RSA_WITH_RC4_128_SHA, TLS_ECDH_ECDSA_WITH_RC4_128_SHA, TLS_ECDH_RSA_WITH_RC4_128_SHA, SSL_RSA_WITH_RC4_128_MD5, TLS_EMPTY_RENEGOTIATION_INFO_SCSV]
02:36:33.308 [Test worker] DEBUG o.a.h.c.s.SSLConnectionSocketFactory - Starting handshake
02:36:33.367 [Test worker] DEBUG o.a.h.c.s.SSLConnectionSocketFactory - Secure session established
02:36:33.367 [Test worker] DEBUG o.a.h.c.s.SSLConnectionSocketFactory -  negotiated protocol: TLSv1
02:36:33.367 [Test worker] DEBUG o.a.h.c.s.SSLConnectionSocketFactory -  negotiated cipher suite: TLS_ECDHE_RSA_WITH_AES_128_CBC_SHA
02:36:33.367 [Test worker] DEBUG o.a.h.c.s.SSLConnectionSocketFactory -  peer principal: CN=Thesis
02:36:33.367 [Test worker] DEBUG o.a.h.c.s.SSLConnectionSocketFactory -  issuer principal: EMAILADDRESS=sha@yamil.com, CN=Thesis, OU=Open, O=Fra, L=BER, ST=BER, C=DE
02:36:33.367 [Test worker] DEBUG o.a.h.i.c.DefaultHttpClientConnectionOperator - Connection established 127.0.0.1:41582<->127.0.1.1:2376
02:36:33.368 [Test worker] DEBUG o.a.h.impl.execchain.MainClientExec - Executing request GET /networks HTTP/1.1
02:36:33.368 [Test worker] DEBUG o.a.h.impl.execchain.MainClientExec - Target auth state: UNCHALLENGED
02:36:33.368 [Test worker] DEBUG o.a.h.impl.execchain.MainClientExec - Proxy auth state: UNCHALLENGED
02:36:33.368 [Test worker] DEBUG org.apache.http.headers - http-outgoing-141 >> GET /networks HTTP/1.1
02:36:33.368 [Test worker] DEBUG org.apache.http.headers - http-outgoing-141 >> Accept: application/json
02:36:33.368 [Test worker] DEBUG org.apache.http.headers - http-outgoing-141 >> User-Agent: Jersey/2.23.1 (Apache HttpClient 4.5.1)
02:36:33.368 [Test worker] DEBUG org.apache.http.headers - http-outgoing-141 >> Host: Thesis:2376
02:36:33.368 [Test worker] DEBUG org.apache.http.headers - http-outgoing-141 >> Connection: Keep-Alive
02:36:33.368 [Test worker] DEBUG org.apache.http.headers - http-outgoing-141 >> Accept-Encoding: gzip,deflate
02:36:33.368 [Test worker] DEBUG org.apache.http.wire - http-outgoing-141 >> "GET /networks HTTP/1.1[\r][\n]"
02:36:33.369 [Test worker] DEBUG org.apache.http.wire - http-outgoing-141 >> "Accept: application/json[\r][\n]"
02:36:33.369 [Test worker] DEBUG org.apache.http.wire - http-outgoing-141 >> "User-Agent: Jersey/2.23.1 (Apache HttpClient 4.5.1)[\r][\n]"
02:36:33.369 [Test worker] DEBUG org.apache.http.wire - http-outgoing-141 >> "Host: Thesis:2376[\r][\n]"
02:36:33.369 [Test worker] DEBUG org.apache.http.wire - http-outgoing-141 >> "Connection: Keep-Alive[\r][\n]"
02:36:33.369 [Test worker] DEBUG org.apache.http.wire - http-outgoing-141 >> "Accept-Encoding: gzip,deflate[\r][\n]"
02:36:33.369 [Test worker] DEBUG org.apache.http.wire - http-outgoing-141 >> "[\r][\n]"
02:36:33.370 [Test worker] DEBUG org.apache.http.wire - http-outgoing-141 << "H"
02:36:33.370 [Test worker] DEBUG org.apache.http.wire - http-outgoing-141 << "TTP/1.1 200 OK[\r][\n]"
02:36:33.370 [Test worker] DEBUG org.apache.http.wire - http-outgoing-141 << "Content-Type: application/json[\r][\n]"
02:36:33.370 [Test worker] DEBUG org.apache.http.wire - http-outgoing-141 << "Server: Docker/1.12.3 (linux)[\r][\n]"
02:36:33.370 [Test worker] DEBUG org.apache.http.wire - http-outgoing-141 << "Date: Tue, 03 Jan 2017 01:36:33 GMT[\r][\n]"
02:36:33.370 [Test worker] DEBUG org.apache.http.wire - http-outgoing-141 << "Content-Length: 1100[\r][\n]"
02:36:33.370 [Test worker] DEBUG org.apache.http.wire - http-outgoing-141 << "[\r][\n]"
02:36:33.370 [Test worker] DEBUG org.apache.http.wire - http-outgoing-141 << "[{"Name":"none","Id":"4d89c194eb79cd2beb38458d10a1b98c74d6b8462af72afde29ae7aca53ed5ca","Scope":"local","Driver":"null","EnableIPv6":false,"IPAM":{"Driver":"default","Options":null,"Config":[]},"Internal":false,"Containers":{},"Options":{},"Labels":{}},{"Name":"bridge","Id":"e0d36057aa1769e9fd52ba88be81b698b495f9b6b4946d0f98f24d971a27fc98","Scope":"local","Driver":"bridge","EnableIPv6":false,"IPAM":{"Driver":"default","Options":null,"Config":[{"Subnet":"172.17.0.0/16","Gateway":"172.17.0.1"}]},"Internal":false,"Containers":{},"Options":{"com.docker.network.bridge.default_bridge":"true","com.docker.network.bridge.enable_icc":"true","com.docker.network.bridge.enable_ip_masquerade":"true","com.docker.network.bridge.host_binding_ipv4":"0.0.0.0","com.docker.network.bridge.name":"docker0","com.docker.network.driver.mtu":"1500"},"Labels":{}},{"Name":"host","Id":"fe042b0866671b5be4f097ba43830c0a02959c058702d18e18c14a24d88a357d","Scope":"local","Driver":"host","EnableIPv6":false,"IPAM":{"Driver":"default","Options":null,"Config":[]},"Internal":false,"Containers":{},"Options":{},"Labels":{}}][\n]"
02:36:33.370 [Test worker] DEBUG org.apache.http.headers - http-outgoing-141 << HTTP/1.1 200 OK
02:36:33.371 [Test worker] DEBUG org.apache.http.headers - http-outgoing-141 << Content-Type: application/json
02:36:33.371 [Test worker] DEBUG org.apache.http.headers - http-outgoing-141 << Server: Docker/1.12.3 (linux)
02:36:33.371 [Test worker] DEBUG org.apache.http.headers - http-outgoing-141 << Date: Tue, 03 Jan 2017 01:36:33 GMT
02:36:33.371 [Test worker] DEBUG org.apache.http.headers - http-outgoing-141 << Content-Length: 1100
02:36:33.371 [Test worker] DEBUG o.a.h.impl.execchain.MainClientExec - Connection can be kept alive indefinitely
02:36:33.371 [Test worker] DEBUG c.g.d.j.JerseyDockerCmdExecFactory - 4 * Client response received on thread Test worker
4 < 200
4 < Content-Length: 1100
4 < Content-Type: application/json
4 < Date: Tue, 03 Jan 2017 01:36:33 GMT
4 < Server: Docker/1.12.3 (linux)
[{"Name":"none","Id":"4d89c194eb79cd2beb38458d10a1b98c74d6b8462af72afde29ae7aca53ed5ca","Scope":"local","Driver":"null","EnableIPv6":false,"IPAM":{"Driver":"default","Options":null,"Config":[]},"Internal":false,"Containers":{},"Options":{},"Labels":{}},{"Name":"bridge","Id":"e0d36057aa1769e9fd52ba88be81b698b495f9b6b4946d0f98f24d971a27fc98","Scope":"local","Driver":"bridge","EnableIPv6":false,"IPAM":{"Driver":"default","Options":null,"Config":[{"Subnet":"172.17.0.0/16","Gateway":"172.17.0.1"}]},"Internal":false,"Containers":{},"Options":{"com.docker.network.bridge.default_bridge":"true","com.docker.network.bridge.enable_icc":"true","com.docker.network.bridge.enable_ip_masquerade":"true","com.docker.network.bridge.host_binding_ipv4":"0.0.0.0","com.docker.network.bridge.name":"docker0","com.docker.network.driver.mtu":"1500"},"Labels":{}},{"Name":"host","Id":"fe042b0866671b5be4f097ba43830c0a02959c058702d18e18c14a24d88a357d","Scope":"local","Driver":"host","EnableIPv6":false,"IPAM":{"Driver":"default","Options":null,"Config":[]},"Internal":false,"Containers":{},"Options":{},"Labels":{}}]


02:36:33.375 [Test worker] DEBUG o.a.h.i.c.DefaultManagedHttpClientConnection - http-outgoing-141: Close connection
02:36:33.375 [Test worker] DEBUG o.a.h.impl.execchain.MainClientExec - Connection discarded
02:36:33.375 [Test worker] DEBUG c.g.d.j.JerseyDockerCmdExecFactory$1 - Connection released: [id: 141][route: {s}->https://Thesis:2376][total kept alive: 1; route allocated: 1 of 2; total allocated: 1 of 20]
02:36:33.375 [Test worker] DEBUG c.g.d.core.command.AbstrDockerCmd - Cmd: com.github.dockerjava.core.util.FiltersBuilder@0,com.github.dockerjava.jaxrs.ListVolumesCmdExec@4a37df0f
02:36:33.376 [Test worker] DEBUG c.g.d.j.JerseyDockerCmdExecFactory - 5 * Sending client request on thread Test worker
5 > GET https://Thesis:2376/volumes
5 > Accept: application/json

02:36:33.376 [Test worker] DEBUG o.a.h.c.protocol.RequestAddCookies - CookieSpec selected: default
02:36:33.377 [Test worker] DEBUG o.a.h.c.protocol.RequestAuthCache - Auth cache not set in the context
02:36:33.377 [Test worker] DEBUG c.g.d.j.JerseyDockerCmdExecFactory$1 - Connection request: [route: {s}->https://Thesis:2376][total kept alive: 1; route allocated: 1 of 2; total allocated: 1 of 20]
02:36:33.377 [Test worker] DEBUG c.g.d.j.JerseyDockerCmdExecFactory$1 - Connection leased: [id: 142][route: {s}->https://Thesis:2376][total kept alive: 1; route allocated: 2 of 2; total allocated: 2 of 20]
02:36:33.377 [Test worker] DEBUG o.a.h.impl.execchain.MainClientExec - Opening connection {s}->https://Thesis:2376
02:36:33.377 [Test worker] DEBUG o.a.h.i.c.DefaultHttpClientConnectionOperator - Connecting to Thesis/127.0.1.1:2376
02:36:33.377 [Test worker] DEBUG o.a.h.c.s.SSLConnectionSocketFactory - Connecting socket to Thesis/127.0.1.1:2376 with timeout 0
02:36:33.378 [Test worker] DEBUG o.a.h.c.s.SSLConnectionSocketFactory - Enabled protocols: [TLSv1]
02:36:33.378 [Test worker] DEBUG o.a.h.c.s.SSLConnectionSocketFactory - Enabled cipher suites:[TLS_ECDHE_ECDSA_WITH_AES_128_CBC_SHA, TLS_ECDHE_RSA_WITH_AES_128_CBC_SHA, TLS_RSA_WITH_AES_128_CBC_SHA, TLS_ECDH_ECDSA_WITH_AES_128_CBC_SHA, TLS_ECDH_RSA_WITH_AES_128_CBC_SHA, TLS_DHE_RSA_WITH_AES_128_CBC_SHA, TLS_DHE_DSS_WITH_AES_128_CBC_SHA, TLS_ECDHE_ECDSA_WITH_3DES_EDE_CBC_SHA, TLS_ECDHE_RSA_WITH_3DES_EDE_CBC_SHA, SSL_RSA_WITH_3DES_EDE_CBC_SHA, TLS_ECDH_ECDSA_WITH_3DES_EDE_CBC_SHA, TLS_ECDH_RSA_WITH_3DES_EDE_CBC_SHA, SSL_DHE_RSA_WITH_3DES_EDE_CBC_SHA, SSL_DHE_DSS_WITH_3DES_EDE_CBC_SHA, TLS_ECDHE_ECDSA_WITH_RC4_128_SHA, TLS_ECDHE_RSA_WITH_RC4_128_SHA, SSL_RSA_WITH_RC4_128_SHA, TLS_ECDH_ECDSA_WITH_RC4_128_SHA, TLS_ECDH_RSA_WITH_RC4_128_SHA, SSL_RSA_WITH_RC4_128_MD5, TLS_EMPTY_RENEGOTIATION_INFO_SCSV]
02:36:33.378 [Test worker] DEBUG o.a.h.c.s.SSLConnectionSocketFactory - Starting handshake
02:36:33.437 [Test worker] DEBUG o.a.h.c.s.SSLConnectionSocketFactory - Secure session established
02:36:33.437 [Test worker] DEBUG o.a.h.c.s.SSLConnectionSocketFactory -  negotiated protocol: TLSv1
02:36:33.437 [Test worker] DEBUG o.a.h.c.s.SSLConnectionSocketFactory -  negotiated cipher suite: TLS_ECDHE_RSA_WITH_AES_128_CBC_SHA
02:36:33.437 [Test worker] DEBUG o.a.h.c.s.SSLConnectionSocketFactory -  peer principal: CN=Thesis
02:36:33.437 [Test worker] DEBUG o.a.h.c.s.SSLConnectionSocketFactory -  issuer principal: EMAILADDRESS=sha@yamil.com, CN=Thesis, OU=Open, O=Fra, L=BER, ST=BER, C=DE
02:36:33.437 [Test worker] DEBUG o.a.h.i.c.DefaultHttpClientConnectionOperator - Connection established 127.0.0.1:41584<->127.0.1.1:2376
02:36:33.438 [Test worker] DEBUG o.a.h.impl.execchain.MainClientExec - Executing request GET /volumes HTTP/1.1
02:36:33.438 [Test worker] DEBUG o.a.h.impl.execchain.MainClientExec - Target auth state: UNCHALLENGED
02:36:33.438 [Test worker] DEBUG o.a.h.impl.execchain.MainClientExec - Proxy auth state: UNCHALLENGED
02:36:33.438 [Test worker] DEBUG org.apache.http.headers - http-outgoing-142 >> GET /volumes HTTP/1.1
02:36:33.438 [Test worker] DEBUG org.apache.http.headers - http-outgoing-142 >> Accept: application/json
02:36:33.438 [Test worker] DEBUG org.apache.http.headers - http-outgoing-142 >> User-Agent: Jersey/2.23.1 (Apache HttpClient 4.5.1)
02:36:33.438 [Test worker] DEBUG org.apache.http.headers - http-outgoing-142 >> Host: Thesis:2376
02:36:33.438 [Test worker] DEBUG org.apache.http.headers - http-outgoing-142 >> Connection: Keep-Alive
02:36:33.438 [Test worker] DEBUG org.apache.http.headers - http-outgoing-142 >> Accept-Encoding: gzip,deflate
02:36:33.439 [Test worker] DEBUG org.apache.http.wire - http-outgoing-142 >> "GET /volumes HTTP/1.1[\r][\n]"
02:36:33.439 [Test worker] DEBUG org.apache.http.wire - http-outgoing-142 >> "Accept: application/json[\r][\n]"
02:36:33.439 [Test worker] DEBUG org.apache.http.wire - http-outgoing-142 >> "User-Agent: Jersey/2.23.1 (Apache HttpClient 4.5.1)[\r][\n]"
02:36:33.439 [Test worker] DEBUG org.apache.http.wire - http-outgoing-142 >> "Host: Thesis:2376[\r][\n]"
02:36:33.439 [Test worker] DEBUG org.apache.http.wire - http-outgoing-142 >> "Connection: Keep-Alive[\r][\n]"
02:36:33.439 [Test worker] DEBUG org.apache.http.wire - http-outgoing-142 >> "Accept-Encoding: gzip,deflate[\r][\n]"
02:36:33.439 [Test worker] DEBUG org.apache.http.wire - http-outgoing-142 >> "[\r][\n]"
02:36:33.440 [Test worker] DEBUG org.apache.http.wire - http-outgoing-142 << "H"
02:36:33.440 [Test worker] DEBUG org.apache.http.wire - http-outgoing-142 << "TTP/1.1 200 OK[\r][\n]"
02:36:33.440 [Test worker] DEBUG org.apache.http.wire - http-outgoing-142 << "Content-Type: application/json[\r][\n]"
02:36:33.441 [Test worker] DEBUG org.apache.http.wire - http-outgoing-142 << "Server: Docker/1.12.3 (linux)[\r][\n]"
02:36:33.441 [Test worker] DEBUG org.apache.http.wire - http-outgoing-142 << "Date: Tue, 03 Jan 2017 01:36:33 GMT[\r][\n]"
02:36:33.441 [Test worker] DEBUG org.apache.http.wire - http-outgoing-142 << "Content-Length: 33[\r][\n]"
02:36:33.441 [Test worker] DEBUG org.apache.http.wire - http-outgoing-142 << "[\r][\n]"
02:36:33.441 [Test worker] DEBUG org.apache.http.wire - http-outgoing-142 << "{"Volumes":null,"Warnings":null}[\n]"
02:36:33.441 [Test worker] DEBUG org.apache.http.headers - http-outgoing-142 << HTTP/1.1 200 OK
02:36:33.442 [Test worker] DEBUG org.apache.http.headers - http-outgoing-142 << Content-Type: application/json
02:36:33.442 [Test worker] DEBUG org.apache.http.headers - http-outgoing-142 << Server: Docker/1.12.3 (linux)
02:36:33.442 [Test worker] DEBUG org.apache.http.headers - http-outgoing-142 << Date: Tue, 03 Jan 2017 01:36:33 GMT
02:36:33.442 [Test worker] DEBUG org.apache.http.headers - http-outgoing-142 << Content-Length: 33
02:36:33.442 [Test worker] DEBUG o.a.h.impl.execchain.MainClientExec - Connection can be kept alive indefinitely
02:36:33.443 [Test worker] DEBUG c.g.d.j.JerseyDockerCmdExecFactory - 6 * Client response received on thread Test worker
6 < 200
6 < Content-Length: 33
6 < Content-Type: application/json
6 < Date: Tue, 03 Jan 2017 01:36:33 GMT
6 < Server: Docker/1.12.3 (linux)
{"Volumes":null,"Warnings":null}


02:36:33.444 [Test worker] DEBUG o.a.h.i.c.DefaultManagedHttpClientConnection - http-outgoing-142: Close connection
02:36:33.445 [Test worker] DEBUG o.a.h.impl.execchain.MainClientExec - Connection discarded
02:36:33.445 [Test worker] DEBUG c.g.d.j.JerseyDockerCmdExecFactory$1 - Connection released: [id: 142][route: {s}->https://Thesis:2376][total kept alive: 1; route allocated: 1 of 2; total allocated: 1 of 20]
02:36:33.445 [Test worker] DEBUG c.g.d.core.command.AbstrDockerCmd - Cmd: ListImagesCmdImpl[imageNameFilter=<null>,showAll=true,filters=com.github.dockerjava.core.util.FiltersBuilder@0,execution=com.github.dockerjava.jaxrs.ListImagesCmdExec@56455ef7]
02:36:33.445 [Test worker] DEBUG c.g.d.j.JerseyDockerCmdExecFactory - 7 * Sending client request on thread Test worker
7 > GET https://Thesis:2376/images/json?all=true
7 > Accept: application/json

02:36:33.446 [Test worker] DEBUG o.a.h.c.protocol.RequestAddCookies - CookieSpec selected: default
02:36:33.446 [Test worker] DEBUG o.a.h.c.protocol.RequestAuthCache - Auth cache not set in the context
02:36:33.446 [Test worker] DEBUG c.g.d.j.JerseyDockerCmdExecFactory$1 - Connection request: [route: {s}->https://Thesis:2376][total kept alive: 1; route allocated: 1 of 2; total allocated: 1 of 20]
02:36:33.446 [Test worker] DEBUG c.g.d.j.JerseyDockerCmdExecFactory$1 - Connection leased: [id: 143][route: {s}->https://Thesis:2376][total kept alive: 1; route allocated: 2 of 2; total allocated: 2 of 20]
02:36:33.447 [Test worker] DEBUG o.a.h.impl.execchain.MainClientExec - Opening connection {s}->https://Thesis:2376
02:36:33.447 [Test worker] DEBUG o.a.h.i.c.DefaultHttpClientConnectionOperator - Connecting to Thesis/127.0.1.1:2376
02:36:33.447 [Test worker] DEBUG o.a.h.c.s.SSLConnectionSocketFactory - Connecting socket to Thesis/127.0.1.1:2376 with timeout 0
02:36:33.448 [Test worker] DEBUG o.a.h.c.s.SSLConnectionSocketFactory - Enabled protocols: [TLSv1]
02:36:33.448 [Test worker] DEBUG o.a.h.c.s.SSLConnectionSocketFactory - Enabled cipher suites:[TLS_ECDHE_ECDSA_WITH_AES_128_CBC_SHA, TLS_ECDHE_RSA_WITH_AES_128_CBC_SHA, TLS_RSA_WITH_AES_128_CBC_SHA, TLS_ECDH_ECDSA_WITH_AES_128_CBC_SHA, TLS_ECDH_RSA_WITH_AES_128_CBC_SHA, TLS_DHE_RSA_WITH_AES_128_CBC_SHA, TLS_DHE_DSS_WITH_AES_128_CBC_SHA, TLS_ECDHE_ECDSA_WITH_3DES_EDE_CBC_SHA, TLS_ECDHE_RSA_WITH_3DES_EDE_CBC_SHA, SSL_RSA_WITH_3DES_EDE_CBC_SHA, TLS_ECDH_ECDSA_WITH_3DES_EDE_CBC_SHA, TLS_ECDH_RSA_WITH_3DES_EDE_CBC_SHA, SSL_DHE_RSA_WITH_3DES_EDE_CBC_SHA, SSL_DHE_DSS_WITH_3DES_EDE_CBC_SHA, TLS_ECDHE_ECDSA_WITH_RC4_128_SHA, TLS_ECDHE_RSA_WITH_RC4_128_SHA, SSL_RSA_WITH_RC4_128_SHA, TLS_ECDH_ECDSA_WITH_RC4_128_SHA, TLS_ECDH_RSA_WITH_RC4_128_SHA, SSL_RSA_WITH_RC4_128_MD5, TLS_EMPTY_RENEGOTIATION_INFO_SCSV]
02:36:33.448 [Test worker] DEBUG o.a.h.c.s.SSLConnectionSocketFactory - Starting handshake
02:36:33.520 [Test worker] DEBUG o.a.h.c.s.SSLConnectionSocketFactory - Secure session established
02:36:33.520 [Test worker] DEBUG o.a.h.c.s.SSLConnectionSocketFactory -  negotiated protocol: TLSv1
02:36:33.520 [Test worker] DEBUG o.a.h.c.s.SSLConnectionSocketFactory -  negotiated cipher suite: TLS_ECDHE_RSA_WITH_AES_128_CBC_SHA
02:36:33.521 [Test worker] DEBUG o.a.h.c.s.SSLConnectionSocketFactory -  peer principal: CN=Thesis
02:36:33.521 [Test worker] DEBUG o.a.h.c.s.SSLConnectionSocketFactory -  issuer principal: EMAILADDRESS=sha@yamil.com, CN=Thesis, OU=Open, O=Fra, L=BER, ST=BER, C=DE
02:36:33.521 [Test worker] DEBUG o.a.h.i.c.DefaultHttpClientConnectionOperator - Connection established 127.0.0.1:41586<->127.0.1.1:2376
02:36:33.521 [Test worker] DEBUG o.a.h.impl.execchain.MainClientExec - Executing request GET /images/json?all=true HTTP/1.1
02:36:33.521 [Test worker] DEBUG o.a.h.impl.execchain.MainClientExec - Target auth state: UNCHALLENGED
02:36:33.521 [Test worker] DEBUG o.a.h.impl.execchain.MainClientExec - Proxy auth state: UNCHALLENGED
02:36:33.521 [Test worker] DEBUG org.apache.http.headers - http-outgoing-143 >> GET /images/json?all=true HTTP/1.1
02:36:33.522 [Test worker] DEBUG org.apache.http.headers - http-outgoing-143 >> Accept: application/json
02:36:33.522 [Test worker] DEBUG org.apache.http.headers - http-outgoing-143 >> User-Agent: Jersey/2.23.1 (Apache HttpClient 4.5.1)
02:36:33.522 [Test worker] DEBUG org.apache.http.headers - http-outgoing-143 >> Host: Thesis:2376
02:36:33.522 [Test worker] DEBUG org.apache.http.headers - http-outgoing-143 >> Connection: Keep-Alive
02:36:33.522 [Test worker] DEBUG org.apache.http.headers - http-outgoing-143 >> Accept-Encoding: gzip,deflate
02:36:33.522 [Test worker] DEBUG org.apache.http.wire - http-outgoing-143 >> "GET /images/json?all=true HTTP/1.1[\r][\n]"
02:36:33.522 [Test worker] DEBUG org.apache.http.wire - http-outgoing-143 >> "Accept: application/json[\r][\n]"
02:36:33.522 [Test worker] DEBUG org.apache.http.wire - http-outgoing-143 >> "User-Agent: Jersey/2.23.1 (Apache HttpClient 4.5.1)[\r][\n]"
02:36:33.523 [Test worker] DEBUG org.apache.http.wire - http-outgoing-143 >> "Host: Thesis:2376[\r][\n]"
02:36:33.523 [Test worker] DEBUG org.apache.http.wire - http-outgoing-143 >> "Connection: Keep-Alive[\r][\n]"
02:36:33.523 [Test worker] DEBUG org.apache.http.wire - http-outgoing-143 >> "Accept-Encoding: gzip,deflate[\r][\n]"
02:36:33.523 [Test worker] DEBUG org.apache.http.wire - http-outgoing-143 >> "[\r][\n]"
02:36:33.524 [Test worker] DEBUG org.apache.http.wire - http-outgoing-143 << "H"
02:36:33.524 [Test worker] DEBUG org.apache.http.wire - http-outgoing-143 << "TTP/1.1 200 OK[\r][\n]"
02:36:33.524 [Test worker] DEBUG org.apache.http.wire - http-outgoing-143 << "Content-Type: application/json[\r][\n]"
02:36:33.524 [Test worker] DEBUG org.apache.http.wire - http-outgoing-143 << "Server: Docker/1.12.3 (linux)[\r][\n]"
02:36:33.524 [Test worker] DEBUG org.apache.http.wire - http-outgoing-143 << "Date: Tue, 03 Jan 2017 01:36:33 GMT[\r][\n]"
02:36:33.524 [Test worker] DEBUG org.apache.http.wire - http-outgoing-143 << "Content-Length: 1195[\r][\n]"
02:36:33.525 [Test worker] DEBUG org.apache.http.wire - http-outgoing-143 << "[\r][\n]"
02:36:33.525 [Test worker] DEBUG org.apache.http.wire - http-outgoing-143 << "[{"Id":"sha256:4ca3a192ff2a5b7e225e81dc006b6379c10776ed3619757a65608cb72de0a7f6","ParentId":"","RepoTags":["ubuntu:latest"],"RepoDigests":["ubuntu@sha256:3b64c309deae7ab0f7dbdd42b6b326261ccd6261da5d88396439353162703fb5"],"Created":1480449877,"Size":128206574,"VirtualSize":128206574,"Labels":{}},{"Id":"sha256:aae2b63c49461fcae4962e4a8043f66acf8e3af7e62f5ebceb70b181d8ca01e0","ParentId":"","RepoTags":["ubuntu:14.04"],"RepoDigests":["ubuntu@sha256:edb984703bd3e8981ff541a5b9297ca1b81fde6e6e8094d86e390a38ebc30b4d"],"Created":1480449856,"Size":187952254,"VirtualSize":187952254,"Labels":{}},{"Id":"sha256:e02e811dd08fd49e7f6032625495118e63f597eb150403d02e3238af1df240ba","ParentId":"","RepoTags":["busybox:latest"],"RepoDigests":["busybox@sha256:29f5d56d12684887bdfa50dcd29fc31eea4aaf4ad3bec43daf19026a7ce69912"],"Created":1475874238,"Size":1093484,"VirtualSize":1093484,"Labels":{}},{"Id":"sha256:d654de4499473ed41349b54a988b6f46a7fc92e3fa2d61e102bf2660a0116e25","ParentId":"","RepoTags":["sakib37/iperf3:latest"],"RepoDigests":["sakib37/iperf3@sha256:8d80a810f8f508c074b14d02555f20110eac382c8dbda7252075392983629d40"],"Created":1474907599,"Size":199456654,"VirtualSize":199456654,"Labels":{}}][\n]"
02:36:33.525 [Test worker] DEBUG org.apache.http.headers - http-outgoing-143 << HTTP/1.1 200 OK
02:36:33.525 [Test worker] DEBUG org.apache.http.headers - http-outgoing-143 << Content-Type: application/json
02:36:33.525 [Test worker] DEBUG org.apache.http.headers - http-outgoing-143 << Server: Docker/1.12.3 (linux)
02:36:33.525 [Test worker] DEBUG org.apache.http.headers - http-outgoing-143 << Date: Tue, 03 Jan 2017 01:36:33 GMT
02:36:33.525 [Test worker] DEBUG org.apache.http.headers - http-outgoing-143 << Content-Length: 1195
02:36:33.525 [Test worker] DEBUG o.a.h.impl.execchain.MainClientExec - Connection can be kept alive indefinitely
02:36:33.526 [Test worker] DEBUG c.g.d.j.JerseyDockerCmdExecFactory - 8 * Client response received on thread Test worker
8 < 200
8 < Content-Length: 1195
8 < Content-Type: application/json
8 < Date: Tue, 03 Jan 2017 01:36:33 GMT
8 < Server: Docker/1.12.3 (linux)
[{"Id":"sha256:4ca3a192ff2a5b7e225e81dc006b6379c10776ed3619757a65608cb72de0a7f6","ParentId":"","RepoTags":["ubuntu:latest"],"RepoDigests":["ubuntu@sha256:3b64c309deae7ab0f7dbdd42b6b326261ccd6261da5d88396439353162703fb5"],"Created":1480449877,"Size":128206574,"VirtualSize":128206574,"Labels":{}},{"Id":"sha256:aae2b63c49461fcae4962e4a8043f66acf8e3af7e62f5ebceb70b181d8ca01e0","ParentId":"","RepoTags":["ubuntu:14.04"],"RepoDigests":["ubuntu@sha256:edb984703bd3e8981ff541a5b9297ca1b81fde6e6e8094d86e390a38ebc30b4d"],"Created":1480449856,"Size":187952254,"VirtualSize":187952254,"Labels":{}},{"Id":"sha256:e02e811dd08fd49e7f6032625495118e63f597eb150403d02e3238af1df240ba","ParentId":"","RepoTags":["busybox:latest"],"RepoDigests":["busybox@sha256:29f5d56d12684887bdfa50dcd29fc31eea4aaf4ad3bec43daf19026a7ce69912"],"Created":1475874238,"Size":1093484,"VirtualSize":1093484,"Labels":{}},{"Id":"sha256:d654de4499473ed41349b54a988b6f46a7fc92e3fa2d61e102bf2660a0116e25","ParentId":"","RepoTags":["sakib37/iperf3:latest"],"RepoDigests":["sakib37/iperf3@sha256:8d80a810f8f508c074b14d02555f20110eac382c8dbda7252075392983629d40"],"Created":1474907599,"Size":199456654,"VirtualSize":199456654,"Labels":{}}]


02:36:33.528 [Test worker] DEBUG o.a.h.i.c.DefaultManagedHttpClientConnection - http-outgoing-143: Close connection
02:36:33.528 [Test worker] DEBUG o.a.h.impl.execchain.MainClientExec - Connection discarded
02:36:33.528 [Test worker] DEBUG c.g.d.j.JerseyDockerCmdExecFactory$1 - Connection released: [id: 143][route: {s}->https://Thesis:2376][total kept alive: 1; route allocated: 1 of 2; total allocated: 1 of 20]
02:36:33.528 [Test worker] DEBUG c.g.d.core.command.AbstrDockerCmd - Cmd: com.github.dockerjava.core.command.CreateContainerCmdImpl@4ca56c1a[name=MyContainer,hostName=MyContainer,domainName=<null>,user=<null>,attachStdin=<null>,attachStdout=<null>,attachStderr=<null>,portSpecs=<null>,tty=<null>,stdinOpen=<null>,stdInOnce=<null>,env={port=8080,TERM=xterm},cmd={sleep,99999},entrypoint=<null>,image=ubuntu:14.04,volumes=com.github.dockerjava.api.model.Volumes@5c4646,workingDir=<null>,macAddress=<null>,networkDisabled=<null>,exposedPorts=com.github.dockerjava.api.model.ExposedPorts@2a099dd9,stopSignal=<null>,hostConfig=com.github.dockerjava.api.model.HostConfig@5d5a271e[binds=<null>,blkioWeight=<null>,blkioWeightDevice=<null>,blkioDeviceReadBps=<null>,blkioDeviceReadIOps=<null>,blkioDeviceWriteBps=<null>,blkioDeviceWriteIOps=<null>,memorySwappiness=<null>,capAdd=<null>,capDrop=<null>,containerIDFile=<null>,cpuPeriod=<null>,cpuShares=<null>,cpuQuota=<null>,cpusetCpus=<null>,cpusetMems=<null>,devices=<null>,dns=<null>,dnsSearch=<null>,extraHosts=<null>,links=<null>,logConfig=<null>,lxcConf=<null>,memory=<null>,memorySwap=<null>,memoryReservation=<null>,kernelMemory=<null>,networkMode=<null>,oomKillDisable=<null>,oomScoreAdj=<null>,portBindings={9046/tcp=[Lcom.github.dockerjava.api.model.Ports$Binding;@38765d, 8084/tcp=[Lcom.github.dockerjava.api.model.Ports$Binding;@7ae2d3c7},privileged=<null>,publishAllPorts=<null>,readonlyRootfs=<null>,restartPolicy=<null>,ulimits=<null>,volumesFrom=<null>,pidMode=<null>,securityOpts=<null>,cgroupParent=<null>,volumeDriver=<null>,shmSize=<null>],labels=<null>,networkingConfig=<null>,ipv4Address=<null>,ipv6Address=<null>,aliases=<null>,execution=com.github.dockerjava.jaxrs.CreateContainerCmdExec@6e1721d7]
02:36:33.530 [Test worker] DEBUG o.a.h.c.protocol.RequestAddCookies - CookieSpec selected: default
02:36:33.530 [Test worker] DEBUG o.a.h.c.protocol.RequestAuthCache - Auth cache not set in the context
02:36:33.530 [Test worker] DEBUG c.g.d.j.JerseyDockerCmdExecFactory$1 - Connection request: [route: {s}->https://Thesis:2376][total kept alive: 1; route allocated: 1 of 2; total allocated: 1 of 20]
02:36:33.530 [Test worker] DEBUG c.g.d.j.JerseyDockerCmdExecFactory$1 - Connection leased: [id: 144][route: {s}->https://Thesis:2376][total kept alive: 1; route allocated: 2 of 2; total allocated: 2 of 20]
02:36:33.530 [Test worker] DEBUG o.a.h.impl.execchain.MainClientExec - Opening connection {s}->https://Thesis:2376
02:36:33.530 [Test worker] DEBUG o.a.h.i.c.DefaultHttpClientConnectionOperator - Connecting to Thesis/127.0.1.1:2376
02:36:33.531 [Test worker] DEBUG o.a.h.c.s.SSLConnectionSocketFactory - Connecting socket to Thesis/127.0.1.1:2376 with timeout 0
02:36:33.531 [Test worker] DEBUG o.a.h.c.s.SSLConnectionSocketFactory - Enabled protocols: [TLSv1]
02:36:33.531 [Test worker] DEBUG o.a.h.c.s.SSLConnectionSocketFactory - Enabled cipher suites:[TLS_ECDHE_ECDSA_WITH_AES_128_CBC_SHA, TLS_ECDHE_RSA_WITH_AES_128_CBC_SHA, TLS_RSA_WITH_AES_128_CBC_SHA, TLS_ECDH_ECDSA_WITH_AES_128_CBC_SHA, TLS_ECDH_RSA_WITH_AES_128_CBC_SHA, TLS_DHE_RSA_WITH_AES_128_CBC_SHA, TLS_DHE_DSS_WITH_AES_128_CBC_SHA, TLS_ECDHE_ECDSA_WITH_3DES_EDE_CBC_SHA, TLS_ECDHE_RSA_WITH_3DES_EDE_CBC_SHA, SSL_RSA_WITH_3DES_EDE_CBC_SHA, TLS_ECDH_ECDSA_WITH_3DES_EDE_CBC_SHA, TLS_ECDH_RSA_WITH_3DES_EDE_CBC_SHA, SSL_DHE_RSA_WITH_3DES_EDE_CBC_SHA, SSL_DHE_DSS_WITH_3DES_EDE_CBC_SHA, TLS_ECDHE_ECDSA_WITH_RC4_128_SHA, TLS_ECDHE_RSA_WITH_RC4_128_SHA, SSL_RSA_WITH_RC4_128_SHA, TLS_ECDH_ECDSA_WITH_RC4_128_SHA, TLS_ECDH_RSA_WITH_RC4_128_SHA, SSL_RSA_WITH_RC4_128_MD5, TLS_EMPTY_RENEGOTIATION_INFO_SCSV]
02:36:33.531 [Test worker] DEBUG o.a.h.c.s.SSLConnectionSocketFactory - Starting handshake
02:36:33.589 [Test worker] DEBUG o.a.h.c.s.SSLConnectionSocketFactory - Secure session established
02:36:33.589 [Test worker] DEBUG o.a.h.c.s.SSLConnectionSocketFactory -  negotiated protocol: TLSv1
02:36:33.589 [Test worker] DEBUG o.a.h.c.s.SSLConnectionSocketFactory -  negotiated cipher suite: TLS_ECDHE_RSA_WITH_AES_128_CBC_SHA
02:36:33.589 [Test worker] DEBUG o.a.h.c.s.SSLConnectionSocketFactory -  peer principal: CN=Thesis
02:36:33.589 [Test worker] DEBUG o.a.h.c.s.SSLConnectionSocketFactory -  issuer principal: EMAILADDRESS=sha@yamil.com, CN=Thesis, OU=Open, O=Fra, L=BER, ST=BER, C=DE
02:36:33.590 [Test worker] DEBUG o.a.h.i.c.DefaultHttpClientConnectionOperator - Connection established 127.0.0.1:41588<->127.0.1.1:2376
02:36:33.590 [Test worker] DEBUG o.a.h.impl.execchain.MainClientExec - Executing request POST /containers/create?name=MyContainer HTTP/1.1
02:36:33.590 [Test worker] DEBUG o.a.h.impl.execchain.MainClientExec - Target auth state: UNCHALLENGED
02:36:33.590 [Test worker] DEBUG o.a.h.impl.execchain.MainClientExec - Proxy auth state: UNCHALLENGED
02:36:33.590 [Test worker] DEBUG org.apache.http.headers - http-outgoing-144 >> POST /containers/create?name=MyContainer HTTP/1.1
02:36:33.590 [Test worker] DEBUG org.apache.http.headers - http-outgoing-144 >> Accept: application/json
02:36:33.590 [Test worker] DEBUG org.apache.http.headers - http-outgoing-144 >> Content-Type: application/json
02:36:33.590 [Test worker] DEBUG org.apache.http.headers - http-outgoing-144 >> User-Agent: Jersey/2.23.1 (Apache HttpClient 4.5.1)
02:36:33.590 [Test worker] DEBUG org.apache.http.headers - http-outgoing-144 >> Transfer-Encoding: chunked
02:36:33.591 [Test worker] DEBUG org.apache.http.headers - http-outgoing-144 >> Host: Thesis:2376
02:36:33.591 [Test worker] DEBUG org.apache.http.headers - http-outgoing-144 >> Connection: Keep-Alive
02:36:33.591 [Test worker] DEBUG org.apache.http.headers - http-outgoing-144 >> Accept-Encoding: gzip,deflate
02:36:33.606 [Test worker] DEBUG c.g.d.j.JerseyDockerCmdExecFactory - 9 * Sending client request on thread Test worker
9 > POST https://Thesis:2376/containers/create?name=MyContainer
9 > Accept: application/json
9 > Content-Type: application/json
{"name":"MyContainer","Hostname":"MyContainer","Env":["port=8080","TERM=xterm"],"Cmd":["sleep","99999"],"Image":"ubuntu:14.04","Volumes":{},"ExposedPorts":{"8084/tcp":{},"9046/tcp":{}},"HostConfig":{"PortBindings":{"9046/tcp":[{"HostIp":"","HostPort":"9046"}],"8084/tcp":[{"HostIp":"","HostPort":"8084"}]}}}

02:36:33.606 [Test worker] DEBUG org.apache.http.wire - http-outgoing-144 >> "POST /containers/create?name=MyContainer HTTP/1.1[\r][\n]"
02:36:33.607 [Test worker] DEBUG org.apache.http.wire - http-outgoing-144 >> "Accept: application/json[\r][\n]"
02:36:33.607 [Test worker] DEBUG org.apache.http.wire - http-outgoing-144 >> "Content-Type: application/json[\r][\n]"
02:36:33.607 [Test worker] DEBUG org.apache.http.wire - http-outgoing-144 >> "User-Agent: Jersey/2.23.1 (Apache HttpClient 4.5.1)[\r][\n]"
02:36:33.607 [Test worker] DEBUG org.apache.http.wire - http-outgoing-144 >> "Transfer-Encoding: chunked[\r][\n]"
02:36:33.607 [Test worker] DEBUG org.apache.http.wire - http-outgoing-144 >> "Host: Thesis:2376[\r][\n]"
02:36:33.607 [Test worker] DEBUG org.apache.http.wire - http-outgoing-144 >> "Connection: Keep-Alive[\r][\n]"
02:36:33.607 [Test worker] DEBUG org.apache.http.wire - http-outgoing-144 >> "Accept-Encoding: gzip,deflate[\r][\n]"
02:36:33.607 [Test worker] DEBUG org.apache.http.wire - http-outgoing-144 >> "[\r][\n]"
02:36:33.607 [Test worker] DEBUG org.apache.http.wire - http-outgoing-144 >> "133[\r][\n]"
02:36:33.608 [Test worker] DEBUG org.apache.http.wire - http-outgoing-144 >> "{"name":"MyContainer","Hostname":"MyContainer","Env":["port=8080","TERM=xterm"],"Cmd":["sleep","99999"],"Image":"ubuntu:14.04","Volumes":{},"ExposedPorts":{"8084/tcp":{},"9046/tcp":{}},"HostConfig":{"PortBindings":{"9046/tcp":[{"HostIp":"","HostPort":"9046"}],"8084/tcp":[{"HostIp":"","HostPort":"8084"}]}}}[\r][\n]"
02:36:33.608 [Test worker] DEBUG org.apache.http.wire - http-outgoing-144 >> "0[\r][\n]"
02:36:33.608 [Test worker] DEBUG org.apache.http.wire - http-outgoing-144 >> "[\r][\n]"
02:36:33.628 [Test worker] DEBUG org.apache.http.wire - http-outgoing-144 << "H"
02:36:33.629 [Test worker] DEBUG org.apache.http.wire - http-outgoing-144 << "TTP/1.1 201 Created[\r][\n]"
02:36:33.629 [Test worker] DEBUG org.apache.http.wire - http-outgoing-144 << "Content-Type: application/json[\r][\n]"
02:36:33.629 [Test worker] DEBUG org.apache.http.wire - http-outgoing-144 << "Server: Docker/1.12.3 (linux)[\r][\n]"
02:36:33.629 [Test worker] DEBUG org.apache.http.wire - http-outgoing-144 << "Date: Tue, 03 Jan 2017 01:36:33 GMT[\r][\n]"
02:36:33.629 [Test worker] DEBUG org.apache.http.wire - http-outgoing-144 << "Content-Length: 90[\r][\n]"
02:36:33.629 [Test worker] DEBUG org.apache.http.wire - http-outgoing-144 << "[\r][\n]"
02:36:33.629 [Test worker] DEBUG org.apache.http.wire - http-outgoing-144 << "{"Id":"ac553e1a250f7e57ee44057c44a3635e50a5a4d7c7e89f31cfd876b7fbe81d65","Warnings":null}[\n]"
02:36:33.630 [Test worker] DEBUG org.apache.http.headers - http-outgoing-144 << HTTP/1.1 201 Created
02:36:33.630 [Test worker] DEBUG org.apache.http.headers - http-outgoing-144 << Content-Type: application/json
02:36:33.630 [Test worker] DEBUG org.apache.http.headers - http-outgoing-144 << Server: Docker/1.12.3 (linux)
02:36:33.630 [Test worker] DEBUG org.apache.http.headers - http-outgoing-144 << Date: Tue, 03 Jan 2017 01:36:33 GMT
02:36:33.630 [Test worker] DEBUG org.apache.http.headers - http-outgoing-144 << Content-Length: 90
02:36:33.630 [Test worker] DEBUG o.a.h.impl.execchain.MainClientExec - Connection can be kept alive indefinitely
02:36:33.631 [Test worker] DEBUG c.g.d.j.JerseyDockerCmdExecFactory - 10 * Client response received on thread Test worker
10 < 201
10 < Content-Length: 90
10 < Content-Type: application/json
10 < Date: Tue, 03 Jan 2017 01:36:33 GMT
10 < Server: Docker/1.12.3 (linux)
{"Id":"ac553e1a250f7e57ee44057c44a3635e50a5a4d7c7e89f31cfd876b7fbe81d65","Warnings":null}


02:36:33.632 [Test worker] DEBUG o.a.h.i.c.DefaultManagedHttpClientConnection - http-outgoing-144: Close connection
02:36:33.633 [Test worker] DEBUG o.a.h.impl.execchain.MainClientExec - Connection discarded
02:36:33.633 [Test worker] DEBUG c.g.d.j.JerseyDockerCmdExecFactory$1 - Connection released: [id: 144][route: {s}->https://Thesis:2376][total kept alive: 1; route allocated: 1 of 2; total allocated: 1 of 20]
02:36:33.633 [Test worker] DEBUG org.openbaton.docker.DockerVim - Instance created successfully
02:36:33.633 [Test worker] DEBUG c.g.d.core.command.AbstrDockerCmd - Cmd: ac553e1a250f7e57ee44057c44a3635e50a5a4d7c7e89f31cfd876b7fbe81d65,com.github.dockerjava.jaxrs.StartContainerCmdExec@1c087aa0
02:36:33.634 [Test worker] DEBUG c.g.d.j.JerseyDockerCmdExecFactory - 11 * Sending client request on thread Test worker
11 > POST https://Thesis:2376/containers/ac553e1a250f7e57ee44057c44a3635e50a5a4d7c7e89f31cfd876b7fbe81d65/start
11 > Accept: application/json

02:36:33.634 [Test worker] DEBUG o.a.h.c.protocol.RequestAddCookies - CookieSpec selected: default
02:36:33.634 [Test worker] DEBUG o.a.h.c.protocol.RequestAuthCache - Auth cache not set in the context
02:36:33.634 [Test worker] DEBUG c.g.d.j.JerseyDockerCmdExecFactory$1 - Connection request: [route: {s}->https://Thesis:2376][total kept alive: 1; route allocated: 1 of 2; total allocated: 1 of 20]
02:36:33.635 [Test worker] DEBUG c.g.d.j.JerseyDockerCmdExecFactory$1 - Connection leased: [id: 145][route: {s}->https://Thesis:2376][total kept alive: 1; route allocated: 2 of 2; total allocated: 2 of 20]
02:36:33.635 [Test worker] DEBUG o.a.h.impl.execchain.MainClientExec - Opening connection {s}->https://Thesis:2376
02:36:33.635 [Test worker] DEBUG o.a.h.i.c.DefaultHttpClientConnectionOperator - Connecting to Thesis/127.0.1.1:2376
02:36:33.635 [Test worker] DEBUG o.a.h.c.s.SSLConnectionSocketFactory - Connecting socket to Thesis/127.0.1.1:2376 with timeout 0
02:36:33.643 [Test worker] DEBUG o.a.h.c.s.SSLConnectionSocketFactory - Enabled protocols: [TLSv1]
02:36:33.648 [Test worker] DEBUG o.a.h.c.s.SSLConnectionSocketFactory - Enabled cipher suites:[TLS_ECDHE_ECDSA_WITH_AES_128_CBC_SHA, TLS_ECDHE_RSA_WITH_AES_128_CBC_SHA, TLS_RSA_WITH_AES_128_CBC_SHA, TLS_ECDH_ECDSA_WITH_AES_128_CBC_SHA, TLS_ECDH_RSA_WITH_AES_128_CBC_SHA, TLS_DHE_RSA_WITH_AES_128_CBC_SHA, TLS_DHE_DSS_WITH_AES_128_CBC_SHA, TLS_ECDHE_ECDSA_WITH_3DES_EDE_CBC_SHA, TLS_ECDHE_RSA_WITH_3DES_EDE_CBC_SHA, SSL_RSA_WITH_3DES_EDE_CBC_SHA, TLS_ECDH_ECDSA_WITH_3DES_EDE_CBC_SHA, TLS_ECDH_RSA_WITH_3DES_EDE_CBC_SHA, SSL_DHE_RSA_WITH_3DES_EDE_CBC_SHA, SSL_DHE_DSS_WITH_3DES_EDE_CBC_SHA, TLS_ECDHE_ECDSA_WITH_RC4_128_SHA, TLS_ECDHE_RSA_WITH_RC4_128_SHA, SSL_RSA_WITH_RC4_128_SHA, TLS_ECDH_ECDSA_WITH_RC4_128_SHA, TLS_ECDH_RSA_WITH_RC4_128_SHA, SSL_RSA_WITH_RC4_128_MD5, TLS_EMPTY_RENEGOTIATION_INFO_SCSV]
02:36:33.648 [Test worker] DEBUG o.a.h.c.s.SSLConnectionSocketFactory - Starting handshake
02:36:33.712 [Test worker] DEBUG o.a.h.c.s.SSLConnectionSocketFactory - Secure session established
02:36:33.713 [Test worker] DEBUG o.a.h.c.s.SSLConnectionSocketFactory -  negotiated protocol: TLSv1
02:36:33.713 [Test worker] DEBUG o.a.h.c.s.SSLConnectionSocketFactory -  negotiated cipher suite: TLS_ECDHE_RSA_WITH_AES_128_CBC_SHA
02:36:33.713 [Test worker] DEBUG o.a.h.c.s.SSLConnectionSocketFactory -  peer principal: CN=Thesis
02:36:33.713 [Test worker] DEBUG o.a.h.c.s.SSLConnectionSocketFactory -  issuer principal: EMAILADDRESS=sha@yamil.com, CN=Thesis, OU=Open, O=Fra, L=BER, ST=BER, C=DE
02:36:33.713 [Test worker] DEBUG o.a.h.i.c.DefaultHttpClientConnectionOperator - Connection established 127.0.0.1:41590<->127.0.1.1:2376
02:36:33.713 [Test worker] DEBUG o.a.h.impl.execchain.MainClientExec - Executing request POST /containers/ac553e1a250f7e57ee44057c44a3635e50a5a4d7c7e89f31cfd876b7fbe81d65/start HTTP/1.1
02:36:33.713 [Test worker] DEBUG o.a.h.impl.execchain.MainClientExec - Target auth state: UNCHALLENGED
02:36:33.714 [Test worker] DEBUG o.a.h.impl.execchain.MainClientExec - Proxy auth state: UNCHALLENGED
02:36:33.714 [Test worker] DEBUG org.apache.http.headers - http-outgoing-145 >> POST /containers/ac553e1a250f7e57ee44057c44a3635e50a5a4d7c7e89f31cfd876b7fbe81d65/start HTTP/1.1
02:36:33.714 [Test worker] DEBUG org.apache.http.headers - http-outgoing-145 >> Accept: application/json
02:36:33.714 [Test worker] DEBUG org.apache.http.headers - http-outgoing-145 >> User-Agent: Jersey/2.23.1 (Apache HttpClient 4.5.1)
02:36:33.714 [Test worker] DEBUG org.apache.http.headers - http-outgoing-145 >> Host: Thesis:2376
02:36:33.714 [Test worker] DEBUG org.apache.http.headers - http-outgoing-145 >> Connection: Keep-Alive
02:36:33.715 [Test worker] DEBUG org.apache.http.headers - http-outgoing-145 >> Accept-Encoding: gzip,deflate
02:36:33.715 [Test worker] DEBUG org.apache.http.wire - http-outgoing-145 >> "POST /containers/ac553e1a250f7e57ee44057c44a3635e50a5a4d7c7e89f31cfd876b7fbe81d65/start HTTP/1.1[\r][\n]"
02:36:33.715 [Test worker] DEBUG org.apache.http.wire - http-outgoing-145 >> "Accept: application/json[\r][\n]"
02:36:33.715 [Test worker] DEBUG org.apache.http.wire - http-outgoing-145 >> "User-Agent: Jersey/2.23.1 (Apache HttpClient 4.5.1)[\r][\n]"
02:36:33.715 [Test worker] DEBUG org.apache.http.wire - http-outgoing-145 >> "Host: Thesis:2376[\r][\n]"
02:36:33.716 [Test worker] DEBUG org.apache.http.wire - http-outgoing-145 >> "Connection: Keep-Alive[\r][\n]"
02:36:33.716 [Test worker] DEBUG org.apache.http.wire - http-outgoing-145 >> "Accept-Encoding: gzip,deflate[\r][\n]"
02:36:33.716 [Test worker] DEBUG org.apache.http.wire - http-outgoing-145 >> "[\r][\n]"
02:36:33.868 [Test worker] DEBUG org.apache.http.wire - http-outgoing-145 << "H"
02:36:33.869 [Test worker] DEBUG org.apache.http.wire - http-outgoing-145 << "TTP/1.1 204 No Content[\r][\n]"
02:36:33.869 [Test worker] DEBUG org.apache.http.wire - http-outgoing-145 << "Server: Docker/1.12.3 (linux)[\r][\n]"
02:36:33.869 [Test worker] DEBUG org.apache.http.wire - http-outgoing-145 << "Date: Tue, 03 Jan 2017 01:36:33 GMT[\r][\n]"
02:36:33.869 [Test worker] DEBUG org.apache.http.wire - http-outgoing-145 << "[\r][\n]"
02:36:33.869 [Test worker] DEBUG org.apache.http.headers - http-outgoing-145 << HTTP/1.1 204 No Content
02:36:33.869 [Test worker] DEBUG org.apache.http.headers - http-outgoing-145 << Server: Docker/1.12.3 (linux)
02:36:33.869 [Test worker] DEBUG org.apache.http.headers - http-outgoing-145 << Date: Tue, 03 Jan 2017 01:36:33 GMT
02:36:33.869 [Test worker] DEBUG o.a.h.impl.execchain.MainClientExec - Connection can be kept alive indefinitely
02:36:33.869 [Test worker] DEBUG c.g.d.j.JerseyDockerCmdExecFactory$1 - Connection [id: 145][route: {s}->https://Thesis:2376][state: CN=Thesis] can be kept alive indefinitely
02:36:33.869 [Test worker] DEBUG c.g.d.j.JerseyDockerCmdExecFactory$1 - Connection released: [id: 145][route: {s}->https://Thesis:2376][state: CN=Thesis][total kept alive: 2; route allocated: 2 of 2; total allocated: 2 of 20]
02:36:33.869 [Test worker] DEBUG c.g.d.j.JerseyDockerCmdExecFactory - 12 * Client response received on thread Test worker
12 < 204
12 < Date: Tue, 03 Jan 2017 01:36:33 GMT
12 < Server: Docker/1.12.3 (linux)

02:36:33.869 [Test worker] DEBUG c.g.d.core.command.AbstrDockerCmd - Cmd: ListImagesCmdImpl[imageNameFilter=<null>,showAll=true,filters=com.github.dockerjava.core.util.FiltersBuilder@0,execution=com.github.dockerjava.jaxrs.ListImagesCmdExec@4a422b27]
02:36:33.870 [Test worker] DEBUG c.g.d.j.JerseyDockerCmdExecFactory - 13 * Sending client request on thread Test worker
13 > GET https://Thesis:2376/images/json?all=true
13 > Accept: application/json

02:36:33.871 [Test worker] DEBUG o.a.h.c.protocol.RequestAddCookies - CookieSpec selected: default
02:36:33.871 [Test worker] DEBUG o.a.h.c.protocol.RequestAuthCache - Auth cache not set in the context
02:36:33.871 [Test worker] DEBUG c.g.d.j.JerseyDockerCmdExecFactory$1 - Connection request: [route: {s}->https://Thesis:2376][total kept alive: 2; route allocated: 2 of 2; total allocated: 2 of 20]
02:36:33.871 [Test worker] DEBUG o.a.h.i.c.DefaultManagedHttpClientConnection - http-outgoing-140: Close connection
02:36:33.872 [Test worker] DEBUG c.g.d.j.JerseyDockerCmdExecFactory$1 - Connection leased: [id: 146][route: {s}->https://Thesis:2376][total kept alive: 1; route allocated: 2 of 2; total allocated: 2 of 20]
02:36:33.872 [Test worker] DEBUG o.a.h.impl.execchain.MainClientExec - Opening connection {s}->https://Thesis:2376
02:36:33.872 [Test worker] DEBUG o.a.h.i.c.DefaultHttpClientConnectionOperator - Connecting to Thesis/127.0.1.1:2376
02:36:33.872 [Test worker] DEBUG o.a.h.c.s.SSLConnectionSocketFactory - Connecting socket to Thesis/127.0.1.1:2376 with timeout 0
02:36:33.873 [Test worker] DEBUG o.a.h.c.s.SSLConnectionSocketFactory - Enabled protocols: [TLSv1]
02:36:33.873 [Test worker] DEBUG o.a.h.c.s.SSLConnectionSocketFactory - Enabled cipher suites:[TLS_ECDHE_ECDSA_WITH_AES_128_CBC_SHA, TLS_ECDHE_RSA_WITH_AES_128_CBC_SHA, TLS_RSA_WITH_AES_128_CBC_SHA, TLS_ECDH_ECDSA_WITH_AES_128_CBC_SHA, TLS_ECDH_RSA_WITH_AES_128_CBC_SHA, TLS_DHE_RSA_WITH_AES_128_CBC_SHA, TLS_DHE_DSS_WITH_AES_128_CBC_SHA, TLS_ECDHE_ECDSA_WITH_3DES_EDE_CBC_SHA, TLS_ECDHE_RSA_WITH_3DES_EDE_CBC_SHA, SSL_RSA_WITH_3DES_EDE_CBC_SHA, TLS_ECDH_ECDSA_WITH_3DES_EDE_CBC_SHA, TLS_ECDH_RSA_WITH_3DES_EDE_CBC_SHA, SSL_DHE_RSA_WITH_3DES_EDE_CBC_SHA, SSL_DHE_DSS_WITH_3DES_EDE_CBC_SHA, TLS_ECDHE_ECDSA_WITH_RC4_128_SHA, TLS_ECDHE_RSA_WITH_RC4_128_SHA, SSL_RSA_WITH_RC4_128_SHA, TLS_ECDH_ECDSA_WITH_RC4_128_SHA, TLS_ECDH_RSA_WITH_RC4_128_SHA, SSL_RSA_WITH_RC4_128_MD5, TLS_EMPTY_RENEGOTIATION_INFO_SCSV]
02:36:33.873 [Test worker] DEBUG o.a.h.c.s.SSLConnectionSocketFactory - Starting handshake
02:36:33.932 [Test worker] DEBUG o.a.h.c.s.SSLConnectionSocketFactory - Secure session established
02:36:33.933 [Test worker] DEBUG o.a.h.c.s.SSLConnectionSocketFactory -  negotiated protocol: TLSv1
02:36:33.933 [Test worker] DEBUG o.a.h.c.s.SSLConnectionSocketFactory -  negotiated cipher suite: TLS_ECDHE_RSA_WITH_AES_128_CBC_SHA
02:36:33.933 [Test worker] DEBUG o.a.h.c.s.SSLConnectionSocketFactory -  peer principal: CN=Thesis
02:36:33.933 [Test worker] DEBUG o.a.h.c.s.SSLConnectionSocketFactory -  issuer principal: EMAILADDRESS=sha@yamil.com, CN=Thesis, OU=Open, O=Fra, L=BER, ST=BER, C=DE
02:36:33.933 [Test worker] DEBUG o.a.h.i.c.DefaultHttpClientConnectionOperator - Connection established 127.0.0.1:41592<->127.0.1.1:2376
02:36:33.933 [Test worker] DEBUG o.a.h.impl.execchain.MainClientExec - Executing request GET /images/json?all=true HTTP/1.1
02:36:33.933 [Test worker] DEBUG o.a.h.impl.execchain.MainClientExec - Target auth state: UNCHALLENGED
02:36:33.933 [Test worker] DEBUG o.a.h.impl.execchain.MainClientExec - Proxy auth state: UNCHALLENGED
02:36:33.934 [Test worker] DEBUG org.apache.http.headers - http-outgoing-146 >> GET /images/json?all=true HTTP/1.1
02:36:33.934 [Test worker] DEBUG org.apache.http.headers - http-outgoing-146 >> Accept: application/json
02:36:33.934 [Test worker] DEBUG org.apache.http.headers - http-outgoing-146 >> User-Agent: Jersey/2.23.1 (Apache HttpClient 4.5.1)
02:36:33.934 [Test worker] DEBUG org.apache.http.headers - http-outgoing-146 >> Host: Thesis:2376
02:36:33.934 [Test worker] DEBUG org.apache.http.headers - http-outgoing-146 >> Connection: Keep-Alive
02:36:33.934 [Test worker] DEBUG org.apache.http.headers - http-outgoing-146 >> Accept-Encoding: gzip,deflate
02:36:33.934 [Test worker] DEBUG org.apache.http.wire - http-outgoing-146 >> "GET /images/json?all=true HTTP/1.1[\r][\n]"
02:36:33.934 [Test worker] DEBUG org.apache.http.wire - http-outgoing-146 >> "Accept: application/json[\r][\n]"
02:36:33.934 [Test worker] DEBUG org.apache.http.wire - http-outgoing-146 >> "User-Agent: Jersey/2.23.1 (Apache HttpClient 4.5.1)[\r][\n]"
02:36:33.935 [Test worker] DEBUG org.apache.http.wire - http-outgoing-146 >> "Host: Thesis:2376[\r][\n]"
02:36:33.935 [Test worker] DEBUG org.apache.http.wire - http-outgoing-146 >> "Connection: Keep-Alive[\r][\n]"
02:36:33.935 [Test worker] DEBUG org.apache.http.wire - http-outgoing-146 >> "Accept-Encoding: gzip,deflate[\r][\n]"
02:36:33.935 [Test worker] DEBUG org.apache.http.wire - http-outgoing-146 >> "[\r][\n]"
02:36:33.936 [Test worker] DEBUG org.apache.http.wire - http-outgoing-146 << "H"
02:36:33.936 [Test worker] DEBUG org.apache.http.wire - http-outgoing-146 << "TTP/1.1 200 OK[\r][\n]"
02:36:33.936 [Test worker] DEBUG org.apache.http.wire - http-outgoing-146 << "Content-Type: application/json[\r][\n]"
02:36:33.936 [Test worker] DEBUG org.apache.http.wire - http-outgoing-146 << "Server: Docker/1.12.3 (linux)[\r][\n]"
02:36:33.936 [Test worker] DEBUG org.apache.http.wire - http-outgoing-146 << "Date: Tue, 03 Jan 2017 01:36:33 GMT[\r][\n]"
02:36:33.936 [Test worker] DEBUG org.apache.http.wire - http-outgoing-146 << "Content-Length: 1195[\r][\n]"
02:36:33.937 [Test worker] DEBUG org.apache.http.wire - http-outgoing-146 << "[\r][\n]"
02:36:33.937 [Test worker] DEBUG org.apache.http.wire - http-outgoing-146 << "[{"Id":"sha256:4ca3a192ff2a5b7e225e81dc006b6379c10776ed3619757a65608cb72de0a7f6","ParentId":"","RepoTags":["ubuntu:latest"],"RepoDigests":["ubuntu@sha256:3b64c309deae7ab0f7dbdd42b6b326261ccd6261da5d88396439353162703fb5"],"Created":1480449877,"Size":128206574,"VirtualSize":128206574,"Labels":{}},{"Id":"sha256:aae2b63c49461fcae4962e4a8043f66acf8e3af7e62f5ebceb70b181d8ca01e0","ParentId":"","RepoTags":["ubuntu:14.04"],"RepoDigests":["ubuntu@sha256:edb984703bd3e8981ff541a5b9297ca1b81fde6e6e8094d86e390a38ebc30b4d"],"Created":1480449856,"Size":187952254,"VirtualSize":187952254,"Labels":{}},{"Id":"sha256:e02e811dd08fd49e7f6032625495118e63f597eb150403d02e3238af1df240ba","ParentId":"","RepoTags":["busybox:latest"],"RepoDigests":["busybox@sha256:29f5d56d12684887bdfa50dcd29fc31eea4aaf4ad3bec43daf19026a7ce69912"],"Created":1475874238,"Size":1093484,"VirtualSize":1093484,"Labels":{}},{"Id":"sha256:d654de4499473ed41349b54a988b6f46a7fc92e3fa2d61e102bf2660a0116e25","ParentId":"","RepoTags":["sakib37/iperf3:latest"],"RepoDigests":["sakib37/iperf3@sha256:8d80a810f8f508c074b14d02555f20110eac382c8dbda7252075392983629d40"],"Created":1474907599,"Size":199456654,"VirtualSize":199456654,"Labels":{}}][\n]"
02:36:33.937 [Test worker] DEBUG org.apache.http.headers - http-outgoing-146 << HTTP/1.1 200 OK
02:36:33.937 [Test worker] DEBUG org.apache.http.headers - http-outgoing-146 << Content-Type: application/json
02:36:33.937 [Test worker] DEBUG org.apache.http.headers - http-outgoing-146 << Server: Docker/1.12.3 (linux)
02:36:33.937 [Test worker] DEBUG org.apache.http.headers - http-outgoing-146 << Date: Tue, 03 Jan 2017 01:36:33 GMT
02:36:33.937 [Test worker] DEBUG org.apache.http.headers - http-outgoing-146 << Content-Length: 1195
02:36:33.937 [Test worker] DEBUG o.a.h.impl.execchain.MainClientExec - Connection can be kept alive indefinitely
02:36:33.938 [Test worker] DEBUG c.g.d.j.JerseyDockerCmdExecFactory - 14 * Client response received on thread Test worker
14 < 200
14 < Content-Length: 1195
14 < Content-Type: application/json
14 < Date: Tue, 03 Jan 2017 01:36:33 GMT
14 < Server: Docker/1.12.3 (linux)
[{"Id":"sha256:4ca3a192ff2a5b7e225e81dc006b6379c10776ed3619757a65608cb72de0a7f6","ParentId":"","RepoTags":["ubuntu:latest"],"RepoDigests":["ubuntu@sha256:3b64c309deae7ab0f7dbdd42b6b326261ccd6261da5d88396439353162703fb5"],"Created":1480449877,"Size":128206574,"VirtualSize":128206574,"Labels":{}},{"Id":"sha256:aae2b63c49461fcae4962e4a8043f66acf8e3af7e62f5ebceb70b181d8ca01e0","ParentId":"","RepoTags":["ubuntu:14.04"],"RepoDigests":["ubuntu@sha256:edb984703bd3e8981ff541a5b9297ca1b81fde6e6e8094d86e390a38ebc30b4d"],"Created":1480449856,"Size":187952254,"VirtualSize":187952254,"Labels":{}},{"Id":"sha256:e02e811dd08fd49e7f6032625495118e63f597eb150403d02e3238af1df240ba","ParentId":"","RepoTags":["busybox:latest"],"RepoDigests":["busybox@sha256:29f5d56d12684887bdfa50dcd29fc31eea4aaf4ad3bec43daf19026a7ce69912"],"Created":1475874238,"Size":1093484,"VirtualSize":1093484,"Labels":{}},{"Id":"sha256:d654de4499473ed41349b54a988b6f46a7fc92e3fa2d61e102bf2660a0116e25","ParentId":"","RepoTags":["sakib37/iperf3:latest"],"RepoDigests":["sakib37/iperf3@sha256:8d80a810f8f508c074b14d02555f20110eac382c8dbda7252075392983629d40"],"Created":1474907599,"Size":199456654,"VirtualSize":199456654,"Labels":{}}]


02:36:33.939 [Test worker] DEBUG o.a.h.i.c.DefaultManagedHttpClientConnection - http-outgoing-146: Close connection
02:36:33.939 [Test worker] DEBUG o.a.h.impl.execchain.MainClientExec - Connection discarded
02:36:33.939 [Test worker] DEBUG c.g.d.j.JerseyDockerCmdExecFactory$1 - Connection released: [id: 146][route: {s}->https://Thesis:2376][total kept alive: 1; route allocated: 1 of 2; total allocated: 1 of 20]
02:36:33.939 [Test worker] DEBUG org.openbaton.docker.DockerVim - Found a docker image, transformed into a NFV Image Image{id='sha256:aae2b63c49461fcae4962e4a8043f66acf8e3af7e62f5ebceb70b181d8ca01e0', name='ubuntu:14.04', version=0, extId='null', minRam='0', minDiskSpace='0', minCPU='null', public='true', diskFormat='null', containerFormat='docker', created='Sun Jan 18 04:14:09 CET 1970', updated='null'}
02:36:33.940 [Test worker] DEBUG c.g.d.core.command.AbstrDockerCmd - Cmd: ac553e1a250f7e57ee44057c44a3635e50a5a4d7c7e89f31cfd876b7fbe81d65,false,com.github.dockerjava.jaxrs.InspectContainerCmdExec@727003ed
02:36:33.940 [Test worker] DEBUG c.g.d.jaxrs.InspectContainerCmdExec - GET: JerseyWebTarget { https://Thesis:2376/containers/ac553e1a250f7e57ee44057c44a3635e50a5a4d7c7e89f31cfd876b7fbe81d65/json }
02:36:33.940 [Test worker] DEBUG c.g.d.j.JerseyDockerCmdExecFactory - 15 * Sending client request on thread Test worker
15 > GET https://Thesis:2376/containers/ac553e1a250f7e57ee44057c44a3635e50a5a4d7c7e89f31cfd876b7fbe81d65/json
15 > Accept: application/json

02:36:33.941 [Test worker] DEBUG o.a.h.c.protocol.RequestAddCookies - CookieSpec selected: default
02:36:33.941 [Test worker] DEBUG o.a.h.c.protocol.RequestAuthCache - Auth cache not set in the context
02:36:33.941 [Test worker] DEBUG c.g.d.j.JerseyDockerCmdExecFactory$1 - Connection request: [route: {s}->https://Thesis:2376][total kept alive: 1; route allocated: 1 of 2; total allocated: 1 of 20]
02:36:33.941 [Test worker] DEBUG c.g.d.j.JerseyDockerCmdExecFactory$1 - Connection leased: [id: 147][route: {s}->https://Thesis:2376][total kept alive: 1; route allocated: 2 of 2; total allocated: 2 of 20]
02:36:33.941 [Test worker] DEBUG o.a.h.impl.execchain.MainClientExec - Opening connection {s}->https://Thesis:2376
02:36:33.941 [Test worker] DEBUG o.a.h.i.c.DefaultHttpClientConnectionOperator - Connecting to Thesis/127.0.1.1:2376
02:36:33.942 [Test worker] DEBUG o.a.h.c.s.SSLConnectionSocketFactory - Connecting socket to Thesis/127.0.1.1:2376 with timeout 0
02:36:33.942 [Test worker] DEBUG o.a.h.c.s.SSLConnectionSocketFactory - Enabled protocols: [TLSv1]
02:36:33.942 [Test worker] DEBUG o.a.h.c.s.SSLConnectionSocketFactory - Enabled cipher suites:[TLS_ECDHE_ECDSA_WITH_AES_128_CBC_SHA, TLS_ECDHE_RSA_WITH_AES_128_CBC_SHA, TLS_RSA_WITH_AES_128_CBC_SHA, TLS_ECDH_ECDSA_WITH_AES_128_CBC_SHA, TLS_ECDH_RSA_WITH_AES_128_CBC_SHA, TLS_DHE_RSA_WITH_AES_128_CBC_SHA, TLS_DHE_DSS_WITH_AES_128_CBC_SHA, TLS_ECDHE_ECDSA_WITH_3DES_EDE_CBC_SHA, TLS_ECDHE_RSA_WITH_3DES_EDE_CBC_SHA, SSL_RSA_WITH_3DES_EDE_CBC_SHA, TLS_ECDH_ECDSA_WITH_3DES_EDE_CBC_SHA, TLS_ECDH_RSA_WITH_3DES_EDE_CBC_SHA, SSL_DHE_RSA_WITH_3DES_EDE_CBC_SHA, SSL_DHE_DSS_WITH_3DES_EDE_CBC_SHA, TLS_ECDHE_ECDSA_WITH_RC4_128_SHA, TLS_ECDHE_RSA_WITH_RC4_128_SHA, SSL_RSA_WITH_RC4_128_SHA, TLS_ECDH_ECDSA_WITH_RC4_128_SHA, TLS_ECDH_RSA_WITH_RC4_128_SHA, SSL_RSA_WITH_RC4_128_MD5, TLS_EMPTY_RENEGOTIATION_INFO_SCSV]
02:36:33.943 [Test worker] DEBUG o.a.h.c.s.SSLConnectionSocketFactory - Starting handshake
02:36:34.001 [Test worker] DEBUG o.a.h.c.s.SSLConnectionSocketFactory - Secure session established
02:36:34.001 [Test worker] DEBUG o.a.h.c.s.SSLConnectionSocketFactory -  negotiated protocol: TLSv1
02:36:34.001 [Test worker] DEBUG o.a.h.c.s.SSLConnectionSocketFactory -  negotiated cipher suite: TLS_ECDHE_RSA_WITH_AES_128_CBC_SHA
02:36:34.001 [Test worker] DEBUG o.a.h.c.s.SSLConnectionSocketFactory -  peer principal: CN=Thesis
02:36:34.001 [Test worker] DEBUG o.a.h.c.s.SSLConnectionSocketFactory -  issuer principal: EMAILADDRESS=sha@yamil.com, CN=Thesis, OU=Open, O=Fra, L=BER, ST=BER, C=DE
02:36:34.002 [Test worker] DEBUG o.a.h.i.c.DefaultHttpClientConnectionOperator - Connection established 127.0.0.1:41594<->127.0.1.1:2376
02:36:34.002 [Test worker] DEBUG o.a.h.impl.execchain.MainClientExec - Executing request GET /containers/ac553e1a250f7e57ee44057c44a3635e50a5a4d7c7e89f31cfd876b7fbe81d65/json HTTP/1.1
02:36:34.002 [Test worker] DEBUG o.a.h.impl.execchain.MainClientExec - Target auth state: UNCHALLENGED
02:36:34.002 [Test worker] DEBUG o.a.h.impl.execchain.MainClientExec - Proxy auth state: UNCHALLENGED
02:36:34.002 [Test worker] DEBUG org.apache.http.headers - http-outgoing-147 >> GET /containers/ac553e1a250f7e57ee44057c44a3635e50a5a4d7c7e89f31cfd876b7fbe81d65/json HTTP/1.1
02:36:34.002 [Test worker] DEBUG org.apache.http.headers - http-outgoing-147 >> Accept: application/json
02:36:34.003 [Test worker] DEBUG org.apache.http.headers - http-outgoing-147 >> User-Agent: Jersey/2.23.1 (Apache HttpClient 4.5.1)
02:36:34.003 [Test worker] DEBUG org.apache.http.headers - http-outgoing-147 >> Host: Thesis:2376
02:36:34.003 [Test worker] DEBUG org.apache.http.headers - http-outgoing-147 >> Connection: Keep-Alive
02:36:34.003 [Test worker] DEBUG org.apache.http.headers - http-outgoing-147 >> Accept-Encoding: gzip,deflate
02:36:34.003 [Test worker] DEBUG org.apache.http.wire - http-outgoing-147 >> "GET /containers/ac553e1a250f7e57ee44057c44a3635e50a5a4d7c7e89f31cfd876b7fbe81d65/json HTTP/1.1[\r][\n]"
02:36:34.003 [Test worker] DEBUG org.apache.http.wire - http-outgoing-147 >> "Accept: application/json[\r][\n]"
02:36:34.003 [Test worker] DEBUG org.apache.http.wire - http-outgoing-147 >> "User-Agent: Jersey/2.23.1 (Apache HttpClient 4.5.1)[\r][\n]"
02:36:34.003 [Test worker] DEBUG org.apache.http.wire - http-outgoing-147 >> "Host: Thesis:2376[\r][\n]"
02:36:34.003 [Test worker] DEBUG org.apache.http.wire - http-outgoing-147 >> "Connection: Keep-Alive[\r][\n]"
02:36:34.003 [Test worker] DEBUG org.apache.http.wire - http-outgoing-147 >> "Accept-Encoding: gzip,deflate[\r][\n]"
02:36:34.004 [Test worker] DEBUG org.apache.http.wire - http-outgoing-147 >> "[\r][\n]"
02:36:34.004 [Test worker] DEBUG org.apache.http.wire - http-outgoing-147 << "H"
02:36:34.004 [Test worker] DEBUG org.apache.http.wire - http-outgoing-147 << "TTP/1.1 200 OK[\r][\n]"
02:36:34.004 [Test worker] DEBUG org.apache.http.wire - http-outgoing-147 << "Content-Type: application/json[\r][\n]"
02:36:34.004 [Test worker] DEBUG org.apache.http.wire - http-outgoing-147 << "Server: Docker/1.12.3 (linux)[\r][\n]"
02:36:34.004 [Test worker] DEBUG org.apache.http.wire - http-outgoing-147 << "Date: Tue, 03 Jan 2017 01:36:34 GMT[\r][\n]"
02:36:34.005 [Test worker] DEBUG org.apache.http.wire - http-outgoing-147 << "Transfer-Encoding: chunked[\r][\n]"
02:36:34.005 [Test worker] DEBUG org.apache.http.wire - http-outgoing-147 << "[\r][\n]"
02:36:34.005 [Test worker] DEBUG org.apache.http.wire - http-outgoing-147 << "ee8[\r][\n]"
02:36:34.005 [Test worker] DEBUG org.apache.http.wire - http-outgoing-147 << "{"Id":"ac553e1a250f7e57ee44057c44a3635e50a5a4d7c7e89f31cfd876b7fbe81d65","Created":"2017-01-03T01:36:33.609115309Z","Path":"sleep","Args":["99999"],"State":{"Status":"running","Running":true,"Paused":false,"Restarting":false,"OOMKilled":false,"Dead":false,"Pid":31884,"ExitCode":0,"Error":"","StartedAt":"2017-01-03T01:36:33.866714732Z","FinishedAt":"0001-01-01T00:00:00Z"},"Image":"sha256:aae2b63c49461fcae4962e4a8043f66acf8e3af7e62f5ebceb70b181d8ca01e0","ResolvConfPath":"/var/lib/docker/containers/ac553e1a250f7e57ee44057c44a3635e50a5a4d7c7e89f31cfd876b7fbe81d65/resolv.conf","HostnamePath":"/var/lib/docker/containers/ac553e1a250f7e57ee44057c44a3635e50a5a4d7c7e89f31cfd876b7fbe81d65/hostname","HostsPath":"/var/lib/docker/containers/ac553e1a250f7e57ee44057c44a3635e50a5a4d7c7e89f31cfd876b7fbe81d65/hosts","LogPath":"/var/lib/docker/containers/ac553e1a250f7e57ee44057c44a3635e50a5a4d7c7e89f31cfd876b7fbe81d65/ac553e1a250f7e57ee44057c44a3635e50a5a4d7c7e89f31cfd876b7fbe81d65-json.log","Name":"/MyContainer","RestartCount":0,"Driver":"aufs","MountLabel":"","ProcessLabel":"","AppArmorProfile":"","ExecIDs":null,"HostConfig":{"Binds":null,"ContainerIDFile":"","LogConfig":{"Type":"json-file","Config":{}},"NetworkMode":"default","PortBindings":{"8084/tcp":[{"HostIp":"","HostPort":"8084"}],"9046/tcp":[{"HostIp":"","HostPort":"9046"}]},"RestartPolicy":{"Name":"","MaximumRetryCount":0},"AutoRemove":false,"VolumeDriver":"","VolumesFrom":null,"CapAdd":null,"CapDrop":null,"Dns":null,"DnsOptions":null,"DnsSearch":null,"ExtraHosts":null,"GroupAdd":null,"IpcMode":"","Cgroup":"","Links":null,"OomScoreAdj":0,"PidMode":"","Privileged":false,"PublishAllPorts":false,"ReadonlyRootfs":false,"SecurityOpt":null,"UTSMode":"","UsernsMode":"","ShmSize":67108864,"Runtime":"runc","ConsoleSize":[0,0],"Isolation":"","CpuShares":0,"Memory":0,"CgroupParent":"","BlkioWeight":0,"BlkioWeightDevice":null,"BlkioDeviceReadBps":null,"BlkioDeviceWriteBps":null,"BlkioDeviceReadIOps":null,"BlkioDeviceWriteIOps":null,"CpuPeriod":0,"CpuQuota":0,"CpusetCpus":"","CpusetMems":"","Devices":null,"DiskQuota":0,"KernelMemory":0,"MemoryReservation":0,"MemorySwap":0,"MemorySwappiness":-1,"OomKillDisable":false,"PidsLimit":0,"Ulimits":null,"CpuCount":0,"CpuPercent":0,"IOMaximumIOps":0,"IOMaximumBandwidth":0},"GraphDriver":{"Name":"aufs","Data":null},"Mounts":[],"Config":{"Hostname":"MyContainer","Domainname":"","User":"","AttachStdin":false,"AttachStdout":false,"AttachStderr":false,"ExposedPorts":{"8084/tcp":{},"9046/tcp":{}},"Tty":false,"OpenStdin":false,"StdinOnce":false,"Env":["port=8080","TERM=xterm","PATH=/usr/local/sbin:/usr/local/bin:/usr/sbin:/usr/bin:/sbin:/bin"],"Cmd":["sleep","99999"],"Image":"ubuntu:14.04","Volumes":null,"WorkingDir":"","Entrypoint":null,"OnBuild":null,"Labels":{}},"NetworkSettings":{"Bridge":"","SandboxID":"a7cd23df5ccb93023e6b9a3bef4aa2b5afd1be828590927680d10f04d9092a75","HairpinMode":false,"LinkLocalIPv6Address":"","LinkLocalIPv6PrefixLen":0,"Ports":{"8084/tcp":[{"HostIp":"0.0.0.0","HostPort":"8084"}],"9046/tcp":[{"HostIp":"0.0.0.0","HostPort":"9046"}]},"SandboxKey":"/var/run/docker/netns/a7cd23df5ccb","SecondaryIPAddresses":null,"SecondaryIPv6Addresses":null,"EndpointID":"c596a9ac5bfb5613abefb122b9b9394f30bb7a5751ca53aa39ceeb8b5bde5f7f","Gateway":"172.17.0.1","GlobalIPv6Address":"","GlobalIPv6PrefixLen":0,"IPAddress":"172.17.0.2","IPPrefixLen":16,"IPv6Gateway":"","MacAddress":"02:42:ac:11:00:02","Networks":{"bridge":{"IPAMConfig":null,"Links":null,"Aliases":null,"NetworkID":"e0d36057aa1769e9fd52ba88be81b698b495f9b6b4946d0f98f24d971a27fc98","EndpointID":"c596a9ac5bfb5613abefb122b9b9394f30bb7a5751ca53aa39ceeb8b5bde5f7f","Gateway":"172.17.0.1","IPAddress":"172.17.0.2","IPPrefixLen":16,"IPv6Gateway":"","GlobalIPv6Address":"","GlobalIPv6PrefixLen":0,"MacAddress":"02:42:ac:11:00:02"}}}}[\n]"
02:36:34.005 [Test worker] DEBUG org.apache.http.wire - http-outgoing-147 << "[\r][\n]"
02:36:34.005 [Test worker] DEBUG org.apache.http.wire - http-outgoing-147 << "0[\r][\n]"
02:36:34.005 [Test worker] DEBUG org.apache.http.wire - http-outgoing-147 << "[\r][\n]"
02:36:34.005 [Test worker] DEBUG org.apache.http.headers - http-outgoing-147 << HTTP/1.1 200 OK
02:36:34.006 [Test worker] DEBUG org.apache.http.headers - http-outgoing-147 << Content-Type: application/json
02:36:34.006 [Test worker] DEBUG org.apache.http.headers - http-outgoing-147 << Server: Docker/1.12.3 (linux)
02:36:34.006 [Test worker] DEBUG org.apache.http.headers - http-outgoing-147 << Date: Tue, 03 Jan 2017 01:36:34 GMT
02:36:34.006 [Test worker] DEBUG org.apache.http.headers - http-outgoing-147 << Transfer-Encoding: chunked
02:36:34.006 [Test worker] DEBUG o.a.h.impl.execchain.MainClientExec - Connection can be kept alive indefinitely
02:36:34.006 [Test worker] DEBUG c.g.d.j.JerseyDockerCmdExecFactory - 16 * Client response received on thread Test worker
16 < 200
16 < Content-Length: -1
16 < Content-Type: application/json
16 < Date: Tue, 03 Jan 2017 01:36:34 GMT
16 < Server: Docker/1.12.3 (linux)
16 < Transfer-Encoding: chunked
{"Id":"ac553e1a250f7e57ee44057c44a3635e50a5a4d7c7e89f31cfd876b7fbe81d65","Created":"2017-01-03T01:36:33.609115309Z","Path":"sleep","Args":["99999"],"State":{"Status":"running","Running":true,"Paused":false,"Restarting":false,"OOMKilled":false,"Dead":false,"Pid":31884,"ExitCode":0,"Error":"","StartedAt":"2017-01-03T01:36:33.866714732Z","FinishedAt":"0001-01-01T00:00:00Z"},"Image":"sha256:aae2b63c49461fcae4962e4a8043f66acf8e3af7e62f5ebceb70b181d8ca01e0","ResolvConfPath":"/var/lib/docker/containers/ac553e1a250f7e57ee44057c44a3635e50a5a4d7c7e89f31cfd876b7fbe81d65/resolv.conf","HostnamePath":"/var/lib/docker/containers/ac553e1a250f7e57ee44057c44a3635e50a5a4d7c7e89f31cfd876b7fbe81d65/hostname","HostsPath":"/var/lib/docker/containers/ac553e1a250f7e57ee44057c44a3635e50a5a4d7c7e89f31cfd876b7fbe81d65/hosts","LogPath":"/var/lib/docker/containers/ac553e1a250f7e57ee44057c44a3635e50a5a4d7c7e89f31cfd876b7fbe81d65/ac553e1a250f7e57ee44057c44a3635e50a5a4d7c7e89f31cfd876b7fbe81d65-json.log","Name":"/MyContainer","RestartCount":0,"Driver":"aufs","MountLabel":"","ProcessLabel":"","AppArmorProfile":"","ExecIDs":null,"HostConfig":{"Binds":null,"ContainerIDFile":"","LogConfig":{"Type":"json-file","Config":{}},"NetworkMode":"default","PortBindings":{"8084/tcp":[{"HostIp":"","HostPort":"8084"}],"9046/tcp":[{"HostIp":"","HostPort":"9046"}]},"RestartPolicy":{"Name":"","MaximumRetryCount":0},"AutoRemove":false,"VolumeDriver":"","VolumesFrom":null,"CapAdd":null,"CapDrop":null,"Dns":null,"DnsOptions":null,"DnsSearch":null,"ExtraHosts":null,"GroupAdd":null,"IpcMode":"","Cgroup":"","Links":null,"OomScoreAdj":0,"PidMode":"","Privileged":false,"PublishAllPorts":false,"ReadonlyRootfs":false,"SecurityOpt":null,"UTSMode":"","UsernsMode":"","ShmSize":67108864,"Runtime":"runc","ConsoleSize":[0,0],"Isolation":"","CpuShares":0,"Memory":0,"CgroupParent":"","BlkioWeight":0,"BlkioWeightDevice":null,"BlkioDeviceReadBps":null,"BlkioDeviceWriteBps":null,"BlkioDeviceReadIOps":null,"BlkioDeviceWriteIOps":null,"CpuPeriod":0,"CpuQuota":0,"CpusetCpus":"","CpusetMems":"","Devices":null,"DiskQuota":0,"KernelMemory":0,"MemoryReservation":0,"MemorySwap":0,"MemorySwappiness":-1,"OomKillDisable":false,"PidsLimit":0,"Ulimits":null,"CpuCount":0,"CpuPercent":0,"IOMaximumIOps":0,"IOMaximumBandwidth":0},"GraphDriver":{"Name":"aufs","Data":null},"Mounts":[],"Config":{"Hostname":"MyContainer","Domainname":"","User":"","AttachStdin":false,"AttachStdout":false,"AttachStderr":false,"ExposedPorts":{"8084/tcp":{},"9046/tcp":{}},"Tty":false,"OpenStdin":false,"StdinOnce":false,"Env":["port=8080","TERM=xterm","PATH=/usr/local/sbin:/usr/local/bin:/usr/sbin:/usr/bin:/sbin:/bin"],"Cmd":["sleep","99999"],"Image":"ubuntu:14.04","Volumes":null,"WorkingDir":"","Entrypoint":null,"OnBuild":null,"Labels":{}},"NetworkSettings":{"Bridge":"","SandboxID":"a7cd23df5ccb93023e6b9a3bef4aa2b5afd1be828590927680d10f04d9092a75","HairpinMode":false,"LinkLocalIPv6Address":"","LinkLocalIPv6PrefixLen":0,"Ports":{"8084/tcp":[{"HostIp":"0.0.0.0","HostPort":"8084"}],"9046/tcp":[{"HostIp":"0.0.0.0","HostPort":"9046"}]},"SandboxKey":"/var/run/docker/netns/a7cd23df5ccb","SecondaryIPAddresses":null,"SecondaryIPv6Addresses":null,"EndpointID":"c596a9ac5bfb5613abefb122b9b9394f30bb7a5751ca53aa39ceeb8b5bde5f7f","Gateway":"172.17.0.1","GlobalIPv6Address":"","GlobalIPv6PrefixLen":0,"IPAddress":"172.17.0.2","IPPrefixLen":16,"IPv6Gateway":"","MacAddress":"02:42:ac:11:00:02","Networks":{"bridge":{"IPAMConfig":null,"Links":null,"Aliases":null,"NetworkID":"e0d36057aa1769e9fd52ba88be81b698b495f9b6b4946d0f98f24d971a27fc98","EndpointID":"c596a9ac5bfb5613abefb122b9b9394f30bb7a5751ca53aa39ceeb8b5bde5f7f","Gateway":"172.17.0.1","IPAddress":"172.17.0.2","IPPrefixLen":16,"IPv6Gateway":"","GlobalIPv6Address":"","GlobalIPv6PrefixLen":0,"MacAddress":"02:42:ac:11:00:02"}}}}


02:36:34.035 [Test worker] DEBUG o.a.h.i.c.DefaultManagedHttpClientConnection - http-outgoing-147: Close connection
02:36:34.035 [Test worker] DEBUG o.a.h.impl.execchain.MainClientExec - Connection discarded
02:36:34.035 [Test worker] DEBUG c.g.d.j.JerseyDockerCmdExecFactory$1 - Connection released: [id: 147][route: {s}->https://Thesis:2376][total kept alive: 1; route allocated: 1 of 2; total allocated: 1 of 20]
02:36:34.035 [Test worker] DEBUG org.apache.http.wire - http-outgoing-147 << "[read] I/O error: Socket is closed"
02:36:34.038 [Test worker] DEBUG c.g.d.core.command.AbstrDockerCmd - Cmd: -1,<null>,true,<null>,<null>,com.github.dockerjava.core.util.FiltersBuilder@0,com.github.dockerjava.jaxrs.ListContainersCmdExec@20106937
02:36:34.038 [Test worker] DEBUG c.g.d.j.JerseyDockerCmdExecFactory - 17 * Sending client request on thread Test worker
17 > GET https://Thesis:2376/containers/json?all=true
17 > Accept: application/json

02:36:34.039 [Test worker] DEBUG o.a.h.c.protocol.RequestAddCookies - CookieSpec selected: default
02:36:34.039 [Test worker] DEBUG o.a.h.c.protocol.RequestAuthCache - Auth cache not set in the context
02:36:34.039 [Test worker] DEBUG c.g.d.j.JerseyDockerCmdExecFactory$1 - Connection request: [route: {s}->https://Thesis:2376][total kept alive: 1; route allocated: 1 of 2; total allocated: 1 of 20]
02:36:34.039 [Test worker] DEBUG c.g.d.j.JerseyDockerCmdExecFactory$1 - Connection leased: [id: 148][route: {s}->https://Thesis:2376][total kept alive: 1; route allocated: 2 of 2; total allocated: 2 of 20]
02:36:34.040 [Test worker] DEBUG o.a.h.impl.execchain.MainClientExec - Opening connection {s}->https://Thesis:2376
02:36:34.040 [Test worker] DEBUG o.a.h.i.c.DefaultHttpClientConnectionOperator - Connecting to Thesis/127.0.1.1:2376
02:36:34.040 [Test worker] DEBUG o.a.h.c.s.SSLConnectionSocketFactory - Connecting socket to Thesis/127.0.1.1:2376 with timeout 0
02:36:34.040 [Test worker] DEBUG o.a.h.c.s.SSLConnectionSocketFactory - Enabled protocols: [TLSv1]
02:36:34.041 [Test worker] DEBUG o.a.h.c.s.SSLConnectionSocketFactory - Enabled cipher suites:[TLS_ECDHE_ECDSA_WITH_AES_128_CBC_SHA, TLS_ECDHE_RSA_WITH_AES_128_CBC_SHA, TLS_RSA_WITH_AES_128_CBC_SHA, TLS_ECDH_ECDSA_WITH_AES_128_CBC_SHA, TLS_ECDH_RSA_WITH_AES_128_CBC_SHA, TLS_DHE_RSA_WITH_AES_128_CBC_SHA, TLS_DHE_DSS_WITH_AES_128_CBC_SHA, TLS_ECDHE_ECDSA_WITH_3DES_EDE_CBC_SHA, TLS_ECDHE_RSA_WITH_3DES_EDE_CBC_SHA, SSL_RSA_WITH_3DES_EDE_CBC_SHA, TLS_ECDH_ECDSA_WITH_3DES_EDE_CBC_SHA, TLS_ECDH_RSA_WITH_3DES_EDE_CBC_SHA, SSL_DHE_RSA_WITH_3DES_EDE_CBC_SHA, SSL_DHE_DSS_WITH_3DES_EDE_CBC_SHA, TLS_ECDHE_ECDSA_WITH_RC4_128_SHA, TLS_ECDHE_RSA_WITH_RC4_128_SHA, SSL_RSA_WITH_RC4_128_SHA, TLS_ECDH_ECDSA_WITH_RC4_128_SHA, TLS_ECDH_RSA_WITH_RC4_128_SHA, SSL_RSA_WITH_RC4_128_MD5, TLS_EMPTY_RENEGOTIATION_INFO_SCSV]
02:36:34.041 [Test worker] DEBUG o.a.h.c.s.SSLConnectionSocketFactory - Starting handshake
02:36:34.113 [Test worker] DEBUG o.a.h.c.s.SSLConnectionSocketFactory - Secure session established
02:36:34.113 [Test worker] DEBUG o.a.h.c.s.SSLConnectionSocketFactory -  negotiated protocol: TLSv1
02:36:34.113 [Test worker] DEBUG o.a.h.c.s.SSLConnectionSocketFactory -  negotiated cipher suite: TLS_ECDHE_RSA_WITH_AES_128_CBC_SHA
02:36:34.113 [Test worker] DEBUG o.a.h.c.s.SSLConnectionSocketFactory -  peer principal: CN=Thesis
02:36:34.114 [Test worker] DEBUG o.a.h.c.s.SSLConnectionSocketFactory -  issuer principal: EMAILADDRESS=sha@yamil.com, CN=Thesis, OU=Open, O=Fra, L=BER, ST=BER, C=DE
02:36:34.114 [Test worker] DEBUG o.a.h.i.c.DefaultHttpClientConnectionOperator - Connection established 127.0.0.1:41596<->127.0.1.1:2376
02:36:34.114 [Test worker] DEBUG o.a.h.impl.execchain.MainClientExec - Executing request GET /containers/json?all=true HTTP/1.1
02:36:34.114 [Test worker] DEBUG o.a.h.impl.execchain.MainClientExec - Target auth state: UNCHALLENGED
02:36:34.114 [Test worker] DEBUG o.a.h.impl.execchain.MainClientExec - Proxy auth state: UNCHALLENGED
02:36:34.114 [Test worker] DEBUG org.apache.http.headers - http-outgoing-148 >> GET /containers/json?all=true HTTP/1.1
02:36:34.114 [Test worker] DEBUG org.apache.http.headers - http-outgoing-148 >> Accept: application/json
02:36:34.115 [Test worker] DEBUG org.apache.http.headers - http-outgoing-148 >> User-Agent: Jersey/2.23.1 (Apache HttpClient 4.5.1)
02:36:34.115 [Test worker] DEBUG org.apache.http.headers - http-outgoing-148 >> Host: Thesis:2376
02:36:34.115 [Test worker] DEBUG org.apache.http.headers - http-outgoing-148 >> Connection: Keep-Alive
02:36:34.115 [Test worker] DEBUG org.apache.http.headers - http-outgoing-148 >> Accept-Encoding: gzip,deflate
02:36:34.115 [Test worker] DEBUG org.apache.http.wire - http-outgoing-148 >> "GET /containers/json?all=true HTTP/1.1[\r][\n]"
02:36:34.115 [Test worker] DEBUG org.apache.http.wire - http-outgoing-148 >> "Accept: application/json[\r][\n]"
02:36:34.115 [Test worker] DEBUG org.apache.http.wire - http-outgoing-148 >> "User-Agent: Jersey/2.23.1 (Apache HttpClient 4.5.1)[\r][\n]"
02:36:34.115 [Test worker] DEBUG org.apache.http.wire - http-outgoing-148 >> "Host: Thesis:2376[\r][\n]"
02:36:34.115 [Test worker] DEBUG org.apache.http.wire - http-outgoing-148 >> "Connection: Keep-Alive[\r][\n]"
02:36:34.115 [Test worker] DEBUG org.apache.http.wire - http-outgoing-148 >> "Accept-Encoding: gzip,deflate[\r][\n]"
02:36:34.116 [Test worker] DEBUG org.apache.http.wire - http-outgoing-148 >> "[\r][\n]"
02:36:34.116 [Test worker] DEBUG org.apache.http.wire - http-outgoing-148 << "H"
02:36:34.116 [Test worker] DEBUG org.apache.http.wire - http-outgoing-148 << "TTP/1.1 200 OK[\r][\n]"
02:36:34.116 [Test worker] DEBUG org.apache.http.wire - http-outgoing-148 << "Content-Type: application/json[\r][\n]"
02:36:34.116 [Test worker] DEBUG org.apache.http.wire - http-outgoing-148 << "Server: Docker/1.12.3 (linux)[\r][\n]"
02:36:34.116 [Test worker] DEBUG org.apache.http.wire - http-outgoing-148 << "Date: Tue, 03 Jan 2017 01:36:34 GMT[\r][\n]"
02:36:34.117 [Test worker] DEBUG org.apache.http.wire - http-outgoing-148 << "Content-Length: 922[\r][\n]"
02:36:34.117 [Test worker] DEBUG org.apache.http.wire - http-outgoing-148 << "[\r][\n]"
02:36:34.117 [Test worker] DEBUG org.apache.http.wire - http-outgoing-148 << "[{"Id":"ac553e1a250f7e57ee44057c44a3635e50a5a4d7c7e89f31cfd876b7fbe81d65","Names":["/MyContainer"],"Image":"ubuntu:14.04","ImageID":"sha256:aae2b63c49461fcae4962e4a8043f66acf8e3af7e62f5ebceb70b181d8ca01e0","Command":"sleep 99999","Created":1483407393,"Ports":[{"IP":"0.0.0.0","PrivatePort":9046,"PublicPort":9046,"Type":"tcp"},{"IP":"0.0.0.0","PrivatePort":8084,"PublicPort":8084,"Type":"tcp"}],"Labels":{},"State":"running","Status":"Up Less than a second","HostConfig":{"NetworkMode":"default"},"NetworkSettings":{"Networks":{"bridge":{"IPAMConfig":null,"Links":null,"Aliases":null,"NetworkID":"e0d36057aa1769e9fd52ba88be81b698b495f9b6b4946d0f98f24d971a27fc98","EndpointID":"c596a9ac5bfb5613abefb122b9b9394f30bb7a5751ca53aa39ceeb8b5bde5f7f","Gateway":"172.17.0.1","IPAddress":"172.17.0.2","IPPrefixLen":16,"IPv6Gateway":"","GlobalIPv6Address":"","GlobalIPv6PrefixLen":0,"MacAddress":"02:42:ac:11:00:02"}}},"Mounts":[]}][\n]"
02:36:34.117 [Test worker] DEBUG org.apache.http.headers - http-outgoing-148 << HTTP/1.1 200 OK
02:36:34.117 [Test worker] DEBUG org.apache.http.headers - http-outgoing-148 << Content-Type: application/json
02:36:34.117 [Test worker] DEBUG org.apache.http.headers - http-outgoing-148 << Server: Docker/1.12.3 (linux)
02:36:34.117 [Test worker] DEBUG org.apache.http.headers - http-outgoing-148 << Date: Tue, 03 Jan 2017 01:36:34 GMT
02:36:34.117 [Test worker] DEBUG org.apache.http.headers - http-outgoing-148 << Content-Length: 922
02:36:34.117 [Test worker] DEBUG o.a.h.impl.execchain.MainClientExec - Connection can be kept alive indefinitely
02:36:34.118 [Test worker] DEBUG c.g.d.j.JerseyDockerCmdExecFactory - 18 * Client response received on thread Test worker
18 < 200
18 < Content-Length: 922
18 < Content-Type: application/json
18 < Date: Tue, 03 Jan 2017 01:36:34 GMT
18 < Server: Docker/1.12.3 (linux)
[{"Id":"ac553e1a250f7e57ee44057c44a3635e50a5a4d7c7e89f31cfd876b7fbe81d65","Names":["/MyContainer"],"Image":"ubuntu:14.04","ImageID":"sha256:aae2b63c49461fcae4962e4a8043f66acf8e3af7e62f5ebceb70b181d8ca01e0","Command":"sleep 99999","Created":1483407393,"Ports":[{"IP":"0.0.0.0","PrivatePort":9046,"PublicPort":9046,"Type":"tcp"},{"IP":"0.0.0.0","PrivatePort":8084,"PublicPort":8084,"Type":"tcp"}],"Labels":{},"State":"running","Status":"Up Less than a second","HostConfig":{"NetworkMode":"default"},"NetworkSettings":{"Networks":{"bridge":{"IPAMConfig":null,"Links":null,"Aliases":null,"NetworkID":"e0d36057aa1769e9fd52ba88be81b698b495f9b6b4946d0f98f24d971a27fc98","EndpointID":"c596a9ac5bfb5613abefb122b9b9394f30bb7a5751ca53aa39ceeb8b5bde5f7f","Gateway":"172.17.0.1","IPAddress":"172.17.0.2","IPPrefixLen":16,"IPv6Gateway":"","GlobalIPv6Address":"","GlobalIPv6PrefixLen":0,"MacAddress":"02:42:ac:11:00:02"}}},"Mounts":[]}]


02:36:34.119 [Test worker] DEBUG o.a.h.i.c.DefaultManagedHttpClientConnection - http-outgoing-148: Close connection
02:36:34.119 [Test worker] DEBUG o.a.h.impl.execchain.MainClientExec - Connection discarded
02:36:34.119 [Test worker] DEBUG c.g.d.j.JerseyDockerCmdExecFactory$1 - Connection released: [id: 148][route: {s}->https://Thesis:2376][total kept alive: 1; route allocated: 1 of 2; total allocated: 1 of 20]
02:36:34.120 [Test worker] DEBUG c.g.d.core.command.AbstrDockerCmd - Cmd: ListImagesCmdImpl[imageNameFilter=<null>,showAll=true,filters=com.github.dockerjava.core.util.FiltersBuilder@0,execution=com.github.dockerjava.jaxrs.ListImagesCmdExec@2325754b]
02:36:34.120 [Test worker] DEBUG c.g.d.j.JerseyDockerCmdExecFactory - 19 * Sending client request on thread Test worker
19 > GET https://Thesis:2376/images/json?all=true
19 > Accept: application/json

02:36:34.121 [Test worker] DEBUG o.a.h.c.protocol.RequestAddCookies - CookieSpec selected: default
02:36:34.121 [Test worker] DEBUG o.a.h.c.protocol.RequestAuthCache - Auth cache not set in the context
02:36:34.121 [Test worker] DEBUG c.g.d.j.JerseyDockerCmdExecFactory$1 - Connection request: [route: {s}->https://Thesis:2376][total kept alive: 1; route allocated: 1 of 2; total allocated: 1 of 20]
02:36:34.121 [Test worker] DEBUG c.g.d.j.JerseyDockerCmdExecFactory$1 - Connection leased: [id: 149][route: {s}->https://Thesis:2376][total kept alive: 1; route allocated: 2 of 2; total allocated: 2 of 20]
02:36:34.121 [Test worker] DEBUG o.a.h.impl.execchain.MainClientExec - Opening connection {s}->https://Thesis:2376
02:36:34.121 [Test worker] DEBUG o.a.h.i.c.DefaultHttpClientConnectionOperator - Connecting to Thesis/127.0.1.1:2376
02:36:34.121 [Test worker] DEBUG o.a.h.c.s.SSLConnectionSocketFactory - Connecting socket to Thesis/127.0.1.1:2376 with timeout 0
02:36:34.122 [Test worker] DEBUG o.a.h.c.s.SSLConnectionSocketFactory - Enabled protocols: [TLSv1]
02:36:34.122 [Test worker] DEBUG o.a.h.c.s.SSLConnectionSocketFactory - Enabled cipher suites:[TLS_ECDHE_ECDSA_WITH_AES_128_CBC_SHA, TLS_ECDHE_RSA_WITH_AES_128_CBC_SHA, TLS_RSA_WITH_AES_128_CBC_SHA, TLS_ECDH_ECDSA_WITH_AES_128_CBC_SHA, TLS_ECDH_RSA_WITH_AES_128_CBC_SHA, TLS_DHE_RSA_WITH_AES_128_CBC_SHA, TLS_DHE_DSS_WITH_AES_128_CBC_SHA, TLS_ECDHE_ECDSA_WITH_3DES_EDE_CBC_SHA, TLS_ECDHE_RSA_WITH_3DES_EDE_CBC_SHA, SSL_RSA_WITH_3DES_EDE_CBC_SHA, TLS_ECDH_ECDSA_WITH_3DES_EDE_CBC_SHA, TLS_ECDH_RSA_WITH_3DES_EDE_CBC_SHA, SSL_DHE_RSA_WITH_3DES_EDE_CBC_SHA, SSL_DHE_DSS_WITH_3DES_EDE_CBC_SHA, TLS_ECDHE_ECDSA_WITH_RC4_128_SHA, TLS_ECDHE_RSA_WITH_RC4_128_SHA, SSL_RSA_WITH_RC4_128_SHA, TLS_ECDH_ECDSA_WITH_RC4_128_SHA, TLS_ECDH_RSA_WITH_RC4_128_SHA, SSL_RSA_WITH_RC4_128_MD5, TLS_EMPTY_RENEGOTIATION_INFO_SCSV]
02:36:34.122 [Test worker] DEBUG o.a.h.c.s.SSLConnectionSocketFactory - Starting handshake
02:36:34.180 [Test worker] DEBUG o.a.h.c.s.SSLConnectionSocketFactory - Secure session established
02:36:34.180 [Test worker] DEBUG o.a.h.c.s.SSLConnectionSocketFactory -  negotiated protocol: TLSv1
02:36:34.180 [Test worker] DEBUG o.a.h.c.s.SSLConnectionSocketFactory -  negotiated cipher suite: TLS_ECDHE_RSA_WITH_AES_128_CBC_SHA
02:36:34.180 [Test worker] DEBUG o.a.h.c.s.SSLConnectionSocketFactory -  peer principal: CN=Thesis
02:36:34.180 [Test worker] DEBUG o.a.h.c.s.SSLConnectionSocketFactory -  issuer principal: EMAILADDRESS=sha@yamil.com, CN=Thesis, OU=Open, O=Fra, L=BER, ST=BER, C=DE
02:36:34.180 [Test worker] DEBUG o.a.h.i.c.DefaultHttpClientConnectionOperator - Connection established 127.0.0.1:41598<->127.0.1.1:2376
02:36:34.181 [Test worker] DEBUG o.a.h.impl.execchain.MainClientExec - Executing request GET /images/json?all=true HTTP/1.1
02:36:34.181 [Test worker] DEBUG o.a.h.impl.execchain.MainClientExec - Target auth state: UNCHALLENGED
02:36:34.181 [Test worker] DEBUG o.a.h.impl.execchain.MainClientExec - Proxy auth state: UNCHALLENGED
02:36:34.181 [Test worker] DEBUG org.apache.http.headers - http-outgoing-149 >> GET /images/json?all=true HTTP/1.1
02:36:34.181 [Test worker] DEBUG org.apache.http.headers - http-outgoing-149 >> Accept: application/json
02:36:34.181 [Test worker] DEBUG org.apache.http.headers - http-outgoing-149 >> User-Agent: Jersey/2.23.1 (Apache HttpClient 4.5.1)
02:36:34.181 [Test worker] DEBUG org.apache.http.headers - http-outgoing-149 >> Host: Thesis:2376
02:36:34.181 [Test worker] DEBUG org.apache.http.headers - http-outgoing-149 >> Connection: Keep-Alive
02:36:34.181 [Test worker] DEBUG org.apache.http.headers - http-outgoing-149 >> Accept-Encoding: gzip,deflate
02:36:34.182 [Test worker] DEBUG org.apache.http.wire - http-outgoing-149 >> "GET /images/json?all=true HTTP/1.1[\r][\n]"
02:36:34.182 [Test worker] DEBUG org.apache.http.wire - http-outgoing-149 >> "Accept: application/json[\r][\n]"
02:36:34.182 [Test worker] DEBUG org.apache.http.wire - http-outgoing-149 >> "User-Agent: Jersey/2.23.1 (Apache HttpClient 4.5.1)[\r][\n]"
02:36:34.182 [Test worker] DEBUG org.apache.http.wire - http-outgoing-149 >> "Host: Thesis:2376[\r][\n]"
02:36:34.182 [Test worker] DEBUG org.apache.http.wire - http-outgoing-149 >> "Connection: Keep-Alive[\r][\n]"
02:36:34.182 [Test worker] DEBUG org.apache.http.wire - http-outgoing-149 >> "Accept-Encoding: gzip,deflate[\r][\n]"
02:36:34.182 [Test worker] DEBUG org.apache.http.wire - http-outgoing-149 >> "[\r][\n]"
02:36:34.183 [Test worker] DEBUG org.apache.http.wire - http-outgoing-149 << "H"
02:36:34.183 [Test worker] DEBUG org.apache.http.wire - http-outgoing-149 << "TTP/1.1 200 OK[\r][\n]"
02:36:34.183 [Test worker] DEBUG org.apache.http.wire - http-outgoing-149 << "Content-Type: application/json[\r][\n]"
02:36:34.184 [Test worker] DEBUG org.apache.http.wire - http-outgoing-149 << "Server: Docker/1.12.3 (linux)[\r][\n]"
02:36:34.184 [Test worker] DEBUG org.apache.http.wire - http-outgoing-149 << "Date: Tue, 03 Jan 2017 01:36:34 GMT[\r][\n]"
02:36:34.184 [Test worker] DEBUG org.apache.http.wire - http-outgoing-149 << "Content-Length: 1195[\r][\n]"
02:36:34.184 [Test worker] DEBUG org.apache.http.wire - http-outgoing-149 << "[\r][\n]"
02:36:34.184 [Test worker] DEBUG org.apache.http.wire - http-outgoing-149 << "[{"Id":"sha256:4ca3a192ff2a5b7e225e81dc006b6379c10776ed3619757a65608cb72de0a7f6","ParentId":"","RepoTags":["ubuntu:latest"],"RepoDigests":["ubuntu@sha256:3b64c309deae7ab0f7dbdd42b6b326261ccd6261da5d88396439353162703fb5"],"Created":1480449877,"Size":128206574,"VirtualSize":128206574,"Labels":{}},{"Id":"sha256:aae2b63c49461fcae4962e4a8043f66acf8e3af7e62f5ebceb70b181d8ca01e0","ParentId":"","RepoTags":["ubuntu:14.04"],"RepoDigests":["ubuntu@sha256:edb984703bd3e8981ff541a5b9297ca1b81fde6e6e8094d86e390a38ebc30b4d"],"Created":1480449856,"Size":187952254,"VirtualSize":187952254,"Labels":{}},{"Id":"sha256:e02e811dd08fd49e7f6032625495118e63f597eb150403d02e3238af1df240ba","ParentId":"","RepoTags":["busybox:latest"],"RepoDigests":["busybox@sha256:29f5d56d12684887bdfa50dcd29fc31eea4aaf4ad3bec43daf19026a7ce69912"],"Created":1475874238,"Size":1093484,"VirtualSize":1093484,"Labels":{}},{"Id":"sha256:d654de4499473ed41349b54a988b6f46a7fc92e3fa2d61e102bf2660a0116e25","ParentId":"","RepoTags":["sakib37/iperf3:latest"],"RepoDigests":["sakib37/iperf3@sha256:8d80a810f8f508c074b14d02555f20110eac382c8dbda7252075392983629d40"],"Created":1474907599,"Size":199456654,"VirtualSize":199456654,"Labels":{}}][\n]"
02:36:34.185 [Test worker] DEBUG org.apache.http.headers - http-outgoing-149 << HTTP/1.1 200 OK
02:36:34.185 [Test worker] DEBUG org.apache.http.headers - http-outgoing-149 << Content-Type: application/json
02:36:34.185 [Test worker] DEBUG org.apache.http.headers - http-outgoing-149 << Server: Docker/1.12.3 (linux)
02:36:34.185 [Test worker] DEBUG org.apache.http.headers - http-outgoing-149 << Date: Tue, 03 Jan 2017 01:36:34 GMT
02:36:34.185 [Test worker] DEBUG org.apache.http.headers - http-outgoing-149 << Content-Length: 1195
02:36:34.185 [Test worker] DEBUG o.a.h.impl.execchain.MainClientExec - Connection can be kept alive indefinitely
02:36:34.185 [Test worker] DEBUG c.g.d.j.JerseyDockerCmdExecFactory - 20 * Client response received on thread Test worker
20 < 200
20 < Content-Length: 1195
20 < Content-Type: application/json
20 < Date: Tue, 03 Jan 2017 01:36:34 GMT
20 < Server: Docker/1.12.3 (linux)
[{"Id":"sha256:4ca3a192ff2a5b7e225e81dc006b6379c10776ed3619757a65608cb72de0a7f6","ParentId":"","RepoTags":["ubuntu:latest"],"RepoDigests":["ubuntu@sha256:3b64c309deae7ab0f7dbdd42b6b326261ccd6261da5d88396439353162703fb5"],"Created":1480449877,"Size":128206574,"VirtualSize":128206574,"Labels":{}},{"Id":"sha256:aae2b63c49461fcae4962e4a8043f66acf8e3af7e62f5ebceb70b181d8ca01e0","ParentId":"","RepoTags":["ubuntu:14.04"],"RepoDigests":["ubuntu@sha256:edb984703bd3e8981ff541a5b9297ca1b81fde6e6e8094d86e390a38ebc30b4d"],"Created":1480449856,"Size":187952254,"VirtualSize":187952254,"Labels":{}},{"Id":"sha256:e02e811dd08fd49e7f6032625495118e63f597eb150403d02e3238af1df240ba","ParentId":"","RepoTags":["busybox:latest"],"RepoDigests":["busybox@sha256:29f5d56d12684887bdfa50dcd29fc31eea4aaf4ad3bec43daf19026a7ce69912"],"Created":1475874238,"Size":1093484,"VirtualSize":1093484,"Labels":{}},{"Id":"sha256:d654de4499473ed41349b54a988b6f46a7fc92e3fa2d61e102bf2660a0116e25","ParentId":"","RepoTags":["sakib37/iperf3:latest"],"RepoDigests":["sakib37/iperf3@sha256:8d80a810f8f508c074b14d02555f20110eac382c8dbda7252075392983629d40"],"Created":1474907599,"Size":199456654,"VirtualSize":199456654,"Labels":{}}]


02:36:34.187 [Test worker] DEBUG o.a.h.i.c.DefaultManagedHttpClientConnection - http-outgoing-149: Close connection
02:36:34.187 [Test worker] DEBUG o.a.h.impl.execchain.MainClientExec - Connection discarded
02:36:34.187 [Test worker] DEBUG c.g.d.j.JerseyDockerCmdExecFactory$1 - Connection released: [id: 149][route: {s}->https://Thesis:2376][total kept alive: 1; route allocated: 1 of 2; total allocated: 1 of 20]
02:36:34.187 [Test worker] DEBUG org.openbaton.docker.DockerVim - Found a docker image, transformed into a NFV Image Image{id='sha256:aae2b63c49461fcae4962e4a8043f66acf8e3af7e62f5ebceb70b181d8ca01e0', name='ubuntu:14.04', version=0, extId='null', minRam='0', minDiskSpace='0', minCPU='null', public='true', diskFormat='null', containerFormat='docker', created='Sun Jan 18 04:14:09 CET 1970', updated='null'}
02:36:34.187 [Test worker] DEBUG c.g.d.core.command.AbstrDockerCmd - Cmd: ac553e1a250f7e57ee44057c44a3635e50a5a4d7c7e89f31cfd876b7fbe81d65,<null>,true,com.github.dockerjava.jaxrs.RemoveContainerCmdExec@5427eb13
02:36:34.188 [Test worker] DEBUG c.g.d.j.JerseyDockerCmdExecFactory - 21 * Sending client request on thread Test worker
21 > DELETE https://Thesis:2376/containers/ac553e1a250f7e57ee44057c44a3635e50a5a4d7c7e89f31cfd876b7fbe81d65?force=true
21 > Accept: application/json

02:36:34.188 [Test worker] DEBUG o.a.h.c.protocol.RequestAddCookies - CookieSpec selected: default
02:36:34.188 [Test worker] DEBUG o.a.h.c.protocol.RequestAuthCache - Auth cache not set in the context
02:36:34.188 [Test worker] DEBUG c.g.d.j.JerseyDockerCmdExecFactory$1 - Connection request: [route: {s}->https://Thesis:2376][total kept alive: 1; route allocated: 1 of 2; total allocated: 1 of 20]
02:36:34.189 [Test worker] DEBUG c.g.d.j.JerseyDockerCmdExecFactory$1 - Connection leased: [id: 150][route: {s}->https://Thesis:2376][total kept alive: 1; route allocated: 2 of 2; total allocated: 2 of 20]
02:36:34.189 [Test worker] DEBUG o.a.h.impl.execchain.MainClientExec - Opening connection {s}->https://Thesis:2376
02:36:34.189 [Test worker] DEBUG o.a.h.i.c.DefaultHttpClientConnectionOperator - Connecting to Thesis/127.0.1.1:2376
02:36:34.189 [Test worker] DEBUG o.a.h.c.s.SSLConnectionSocketFactory - Connecting socket to Thesis/127.0.1.1:2376 with timeout 0
02:36:34.190 [Test worker] DEBUG o.a.h.c.s.SSLConnectionSocketFactory - Enabled protocols: [TLSv1]
02:36:34.190 [Test worker] DEBUG o.a.h.c.s.SSLConnectionSocketFactory - Enabled cipher suites:[TLS_ECDHE_ECDSA_WITH_AES_128_CBC_SHA, TLS_ECDHE_RSA_WITH_AES_128_CBC_SHA, TLS_RSA_WITH_AES_128_CBC_SHA, TLS_ECDH_ECDSA_WITH_AES_128_CBC_SHA, TLS_ECDH_RSA_WITH_AES_128_CBC_SHA, TLS_DHE_RSA_WITH_AES_128_CBC_SHA, TLS_DHE_DSS_WITH_AES_128_CBC_SHA, TLS_ECDHE_ECDSA_WITH_3DES_EDE_CBC_SHA, TLS_ECDHE_RSA_WITH_3DES_EDE_CBC_SHA, SSL_RSA_WITH_3DES_EDE_CBC_SHA, TLS_ECDH_ECDSA_WITH_3DES_EDE_CBC_SHA, TLS_ECDH_RSA_WITH_3DES_EDE_CBC_SHA, SSL_DHE_RSA_WITH_3DES_EDE_CBC_SHA, SSL_DHE_DSS_WITH_3DES_EDE_CBC_SHA, TLS_ECDHE_ECDSA_WITH_RC4_128_SHA, TLS_ECDHE_RSA_WITH_RC4_128_SHA, SSL_RSA_WITH_RC4_128_SHA, TLS_ECDH_ECDSA_WITH_RC4_128_SHA, TLS_ECDH_RSA_WITH_RC4_128_SHA, SSL_RSA_WITH_RC4_128_MD5, TLS_EMPTY_RENEGOTIATION_INFO_SCSV]
02:36:34.190 [Test worker] DEBUG o.a.h.c.s.SSLConnectionSocketFactory - Starting handshake
02:36:34.248 [Test worker] DEBUG o.a.h.c.s.SSLConnectionSocketFactory - Secure session established
02:36:34.248 [Test worker] DEBUG o.a.h.c.s.SSLConnectionSocketFactory -  negotiated protocol: TLSv1
02:36:34.248 [Test worker] DEBUG o.a.h.c.s.SSLConnectionSocketFactory -  negotiated cipher suite: TLS_ECDHE_RSA_WITH_AES_128_CBC_SHA
02:36:34.248 [Test worker] DEBUG o.a.h.c.s.SSLConnectionSocketFactory -  peer principal: CN=Thesis
02:36:34.248 [Test worker] DEBUG o.a.h.c.s.SSLConnectionSocketFactory -  issuer principal: EMAILADDRESS=sha@yamil.com, CN=Thesis, OU=Open, O=Fra, L=BER, ST=BER, C=DE
02:36:34.248 [Test worker] DEBUG o.a.h.i.c.DefaultHttpClientConnectionOperator - Connection established 127.0.0.1:41600<->127.0.1.1:2376
02:36:34.248 [Test worker] DEBUG o.a.h.impl.execchain.MainClientExec - Executing request DELETE /containers/ac553e1a250f7e57ee44057c44a3635e50a5a4d7c7e89f31cfd876b7fbe81d65?force=true HTTP/1.1
02:36:34.249 [Test worker] DEBUG o.a.h.impl.execchain.MainClientExec - Target auth state: UNCHALLENGED
02:36:34.249 [Test worker] DEBUG o.a.h.impl.execchain.MainClientExec - Proxy auth state: UNCHALLENGED
02:36:34.249 [Test worker] DEBUG org.apache.http.headers - http-outgoing-150 >> DELETE /containers/ac553e1a250f7e57ee44057c44a3635e50a5a4d7c7e89f31cfd876b7fbe81d65?force=true HTTP/1.1
02:36:34.249 [Test worker] DEBUG org.apache.http.headers - http-outgoing-150 >> Accept: application/json
02:36:34.249 [Test worker] DEBUG org.apache.http.headers - http-outgoing-150 >> User-Agent: Jersey/2.23.1 (Apache HttpClient 4.5.1)
02:36:34.249 [Test worker] DEBUG org.apache.http.headers - http-outgoing-150 >> Host: Thesis:2376
02:36:34.249 [Test worker] DEBUG org.apache.http.headers - http-outgoing-150 >> Connection: Keep-Alive
02:36:34.249 [Test worker] DEBUG org.apache.http.headers - http-outgoing-150 >> Accept-Encoding: gzip,deflate
02:36:34.249 [Test worker] DEBUG org.apache.http.wire - http-outgoing-150 >> "DELETE /containers/ac553e1a250f7e57ee44057c44a3635e50a5a4d7c7e89f31cfd876b7fbe81d65?force=true HTTP/1.1[\r][\n]"
02:36:34.250 [Test worker] DEBUG org.apache.http.wire - http-outgoing-150 >> "Accept: application/json[\r][\n]"
02:36:34.250 [Test worker] DEBUG org.apache.http.wire - http-outgoing-150 >> "User-Agent: Jersey/2.23.1 (Apache HttpClient 4.5.1)[\r][\n]"
02:36:34.250 [Test worker] DEBUG org.apache.http.wire - http-outgoing-150 >> "Host: Thesis:2376[\r][\n]"
02:36:34.250 [Test worker] DEBUG org.apache.http.wire - http-outgoing-150 >> "Connection: Keep-Alive[\r][\n]"
02:36:34.250 [Test worker] DEBUG org.apache.http.wire - http-outgoing-150 >> "Accept-Encoding: gzip,deflate[\r][\n]"
02:36:34.250 [Test worker] DEBUG org.apache.http.wire - http-outgoing-150 >> "[\r][\n]"
02:36:34.340 [Test worker] DEBUG org.apache.http.wire - http-outgoing-150 << "H"
02:36:34.341 [Test worker] DEBUG org.apache.http.wire - http-outgoing-150 << "TTP/1.1 204 No Content[\r][\n]"
02:36:34.341 [Test worker] DEBUG org.apache.http.wire - http-outgoing-150 << "Server: Docker/1.12.3 (linux)[\r][\n]"
02:36:34.341 [Test worker] DEBUG org.apache.http.wire - http-outgoing-150 << "Date: Tue, 03 Jan 2017 01:36:34 GMT[\r][\n]"
02:36:34.341 [Test worker] DEBUG org.apache.http.wire - http-outgoing-150 << "[\r][\n]"
02:36:34.341 [Test worker] DEBUG org.apache.http.headers - http-outgoing-150 << HTTP/1.1 204 No Content
02:36:34.341 [Test worker] DEBUG org.apache.http.headers - http-outgoing-150 << Server: Docker/1.12.3 (linux)
02:36:34.341 [Test worker] DEBUG org.apache.http.headers - http-outgoing-150 << Date: Tue, 03 Jan 2017 01:36:34 GMT
02:36:34.341 [Test worker] DEBUG o.a.h.impl.execchain.MainClientExec - Connection can be kept alive indefinitely
02:36:34.341 [Test worker] DEBUG c.g.d.j.JerseyDockerCmdExecFactory$1 - Connection [id: 150][route: {s}->https://Thesis:2376][state: CN=Thesis] can be kept alive indefinitely
02:36:34.341 [Test worker] DEBUG c.g.d.j.JerseyDockerCmdExecFactory$1 - Connection released: [id: 150][route: {s}->https://Thesis:2376][state: CN=Thesis][total kept alive: 2; route allocated: 2 of 2; total allocated: 2 of 20]
02:36:34.341 [Test worker] DEBUG c.g.d.j.JerseyDockerCmdExecFactory - 22 * Client response received on thread Test worker
22 < 204
22 < Date: Tue, 03 Jan 2017 01:36:34 GMT
22 < Server: Docker/1.12.3 (linux)

02:36:34.341 [Test worker] DEBUG org.openbaton.docker.DockerVim - Server deleted successfully
02:36:34.341 [Test worker] DEBUG c.g.d.core.command.AbstrDockerCmd - Cmd: com.github.dockerjava.core.util.FiltersBuilder@0,com.github.dockerjava.jaxrs.ListNetworksCmdExec@1ca71c3
02:36:34.342 [Test worker] DEBUG c.g.d.j.JerseyDockerCmdExecFactory - 23 * Sending client request on thread Test worker
23 > GET https://Thesis:2376/networks
23 > Accept: application/json

02:36:34.342 [Test worker] DEBUG o.a.h.c.protocol.RequestAddCookies - CookieSpec selected: default
02:36:34.342 [Test worker] DEBUG o.a.h.c.protocol.RequestAuthCache - Auth cache not set in the context
02:36:34.342 [Test worker] DEBUG c.g.d.j.JerseyDockerCmdExecFactory$1 - Connection request: [route: {s}->https://Thesis:2376][total kept alive: 2; route allocated: 2 of 2; total allocated: 2 of 20]
02:36:34.345 [Test worker] DEBUG o.a.h.i.c.DefaultManagedHttpClientConnection - http-outgoing-145: Close connection
02:36:34.346 [Test worker] DEBUG c.g.d.j.JerseyDockerCmdExecFactory$1 - Connection leased: [id: 151][route: {s}->https://Thesis:2376][total kept alive: 1; route allocated: 2 of 2; total allocated: 2 of 20]
02:36:34.346 [Test worker] DEBUG o.a.h.impl.execchain.MainClientExec - Opening connection {s}->https://Thesis:2376
02:36:34.346 [Test worker] DEBUG o.a.h.i.c.DefaultHttpClientConnectionOperator - Connecting to Thesis/127.0.1.1:2376
02:36:34.348 [Test worker] DEBUG o.a.h.c.s.SSLConnectionSocketFactory - Connecting socket to Thesis/127.0.1.1:2376 with timeout 0
02:36:34.354 [Test worker] DEBUG o.a.h.c.s.SSLConnectionSocketFactory - Enabled protocols: [TLSv1]
02:36:34.354 [Test worker] DEBUG o.a.h.c.s.SSLConnectionSocketFactory - Enabled cipher suites:[TLS_ECDHE_ECDSA_WITH_AES_128_CBC_SHA, TLS_ECDHE_RSA_WITH_AES_128_CBC_SHA, TLS_RSA_WITH_AES_128_CBC_SHA, TLS_ECDH_ECDSA_WITH_AES_128_CBC_SHA, TLS_ECDH_RSA_WITH_AES_128_CBC_SHA, TLS_DHE_RSA_WITH_AES_128_CBC_SHA, TLS_DHE_DSS_WITH_AES_128_CBC_SHA, TLS_ECDHE_ECDSA_WITH_3DES_EDE_CBC_SHA, TLS_ECDHE_RSA_WITH_3DES_EDE_CBC_SHA, SSL_RSA_WITH_3DES_EDE_CBC_SHA, TLS_ECDH_ECDSA_WITH_3DES_EDE_CBC_SHA, TLS_ECDH_RSA_WITH_3DES_EDE_CBC_SHA, SSL_DHE_RSA_WITH_3DES_EDE_CBC_SHA, SSL_DHE_DSS_WITH_3DES_EDE_CBC_SHA, TLS_ECDHE_ECDSA_WITH_RC4_128_SHA, TLS_ECDHE_RSA_WITH_RC4_128_SHA, SSL_RSA_WITH_RC4_128_SHA, TLS_ECDH_ECDSA_WITH_RC4_128_SHA, TLS_ECDH_RSA_WITH_RC4_128_SHA, SSL_RSA_WITH_RC4_128_MD5, TLS_EMPTY_RENEGOTIATION_INFO_SCSV]
02:36:34.355 [Test worker] DEBUG o.a.h.c.s.SSLConnectionSocketFactory - Starting handshake
02:36:34.419 [Test worker] DEBUG o.a.h.c.s.SSLConnectionSocketFactory - Secure session established
02:36:34.419 [Test worker] DEBUG o.a.h.c.s.SSLConnectionSocketFactory -  negotiated protocol: TLSv1
02:36:34.420 [Test worker] DEBUG o.a.h.c.s.SSLConnectionSocketFactory -  negotiated cipher suite: TLS_ECDHE_RSA_WITH_AES_128_CBC_SHA
02:36:34.420 [Test worker] DEBUG o.a.h.c.s.SSLConnectionSocketFactory -  peer principal: CN=Thesis
02:36:34.420 [Test worker] DEBUG o.a.h.c.s.SSLConnectionSocketFactory -  issuer principal: EMAILADDRESS=sha@yamil.com, CN=Thesis, OU=Open, O=Fra, L=BER, ST=BER, C=DE
02:36:34.420 [Test worker] DEBUG o.a.h.i.c.DefaultHttpClientConnectionOperator - Connection established 127.0.0.1:41602<->127.0.1.1:2376
02:36:34.420 [Test worker] DEBUG o.a.h.impl.execchain.MainClientExec - Executing request GET /networks HTTP/1.1
02:36:34.420 [Test worker] DEBUG o.a.h.impl.execchain.MainClientExec - Target auth state: UNCHALLENGED
02:36:34.420 [Test worker] DEBUG o.a.h.impl.execchain.MainClientExec - Proxy auth state: UNCHALLENGED
02:36:34.420 [Test worker] DEBUG org.apache.http.headers - http-outgoing-151 >> GET /networks HTTP/1.1
02:36:34.421 [Test worker] DEBUG org.apache.http.headers - http-outgoing-151 >> Accept: application/json
02:36:34.421 [Test worker] DEBUG org.apache.http.headers - http-outgoing-151 >> User-Agent: Jersey/2.23.1 (Apache HttpClient 4.5.1)
02:36:34.421 [Test worker] DEBUG org.apache.http.headers - http-outgoing-151 >> Host: Thesis:2376
02:36:34.421 [Test worker] DEBUG org.apache.http.headers - http-outgoing-151 >> Connection: Keep-Alive
02:36:34.421 [Test worker] DEBUG org.apache.http.headers - http-outgoing-151 >> Accept-Encoding: gzip,deflate
02:36:34.421 [Test worker] DEBUG org.apache.http.wire - http-outgoing-151 >> "GET /networks HTTP/1.1[\r][\n]"
02:36:34.421 [Test worker] DEBUG org.apache.http.wire - http-outgoing-151 >> "Accept: application/json[\r][\n]"
02:36:34.421 [Test worker] DEBUG org.apache.http.wire - http-outgoing-151 >> "User-Agent: Jersey/2.23.1 (Apache HttpClient 4.5.1)[\r][\n]"
02:36:34.421 [Test worker] DEBUG org.apache.http.wire - http-outgoing-151 >> "Host: Thesis:2376[\r][\n]"
02:36:34.421 [Test worker] DEBUG org.apache.http.wire - http-outgoing-151 >> "Connection: Keep-Alive[\r][\n]"
02:36:34.422 [Test worker] DEBUG org.apache.http.wire - http-outgoing-151 >> "Accept-Encoding: gzip,deflate[\r][\n]"
02:36:34.422 [Test worker] DEBUG org.apache.http.wire - http-outgoing-151 >> "[\r][\n]"
02:36:34.422 [Test worker] DEBUG org.apache.http.wire - http-outgoing-151 << "H"
02:36:34.422 [Test worker] DEBUG org.apache.http.wire - http-outgoing-151 << "TTP/1.1 200 OK[\r][\n]"
02:36:34.423 [Test worker] DEBUG org.apache.http.wire - http-outgoing-151 << "Content-Type: application/json[\r][\n]"
02:36:34.423 [Test worker] DEBUG org.apache.http.wire - http-outgoing-151 << "Server: Docker/1.12.3 (linux)[\r][\n]"
02:36:34.423 [Test worker] DEBUG org.apache.http.wire - http-outgoing-151 << "Date: Tue, 03 Jan 2017 01:36:34 GMT[\r][\n]"
02:36:34.423 [Test worker] DEBUG org.apache.http.wire - http-outgoing-151 << "Content-Length: 1100[\r][\n]"
02:36:34.423 [Test worker] DEBUG org.apache.http.wire - http-outgoing-151 << "[\r][\n]"
02:36:34.423 [Test worker] DEBUG org.apache.http.wire - http-outgoing-151 << "[{"Name":"none","Id":"4d89c194eb79cd2beb38458d10a1b98c74d6b8462af72afde29ae7aca53ed5ca","Scope":"local","Driver":"null","EnableIPv6":false,"IPAM":{"Driver":"default","Options":null,"Config":[]},"Internal":false,"Containers":{},"Options":{},"Labels":{}},{"Name":"bridge","Id":"e0d36057aa1769e9fd52ba88be81b698b495f9b6b4946d0f98f24d971a27fc98","Scope":"local","Driver":"bridge","EnableIPv6":false,"IPAM":{"Driver":"default","Options":null,"Config":[{"Subnet":"172.17.0.0/16","Gateway":"172.17.0.1"}]},"Internal":false,"Containers":{},"Options":{"com.docker.network.bridge.default_bridge":"true","com.docker.network.bridge.enable_icc":"true","com.docker.network.bridge.enable_ip_masquerade":"true","com.docker.network.bridge.host_binding_ipv4":"0.0.0.0","com.docker.network.bridge.name":"docker0","com.docker.network.driver.mtu":"1500"},"Labels":{}},{"Name":"host","Id":"fe042b0866671b5be4f097ba43830c0a02959c058702d18e18c14a24d88a357d","Scope":"local","Driver":"host","EnableIPv6":false,"IPAM":{"Driver":"default","Options":null,"Config":[]},"Internal":false,"Containers":{},"Options":{},"Labels":{}}][\n]"
02:36:34.423 [Test worker] DEBUG org.apache.http.headers - http-outgoing-151 << HTTP/1.1 200 OK
02:36:34.423 [Test worker] DEBUG org.apache.http.headers - http-outgoing-151 << Content-Type: application/json
02:36:34.424 [Test worker] DEBUG org.apache.http.headers - http-outgoing-151 << Server: Docker/1.12.3 (linux)
02:36:34.424 [Test worker] DEBUG org.apache.http.headers - http-outgoing-151 << Date: Tue, 03 Jan 2017 01:36:34 GMT
02:36:34.424 [Test worker] DEBUG org.apache.http.headers - http-outgoing-151 << Content-Length: 1100
02:36:34.424 [Test worker] DEBUG o.a.h.impl.execchain.MainClientExec - Connection can be kept alive indefinitely
02:36:34.424 [Test worker] DEBUG c.g.d.j.JerseyDockerCmdExecFactory - 24 * Client response received on thread Test worker
24 < 200
24 < Content-Length: 1100
24 < Content-Type: application/json
24 < Date: Tue, 03 Jan 2017 01:36:34 GMT
24 < Server: Docker/1.12.3 (linux)
[{"Name":"none","Id":"4d89c194eb79cd2beb38458d10a1b98c74d6b8462af72afde29ae7aca53ed5ca","Scope":"local","Driver":"null","EnableIPv6":false,"IPAM":{"Driver":"default","Options":null,"Config":[]},"Internal":false,"Containers":{},"Options":{},"Labels":{}},{"Name":"bridge","Id":"e0d36057aa1769e9fd52ba88be81b698b495f9b6b4946d0f98f24d971a27fc98","Scope":"local","Driver":"bridge","EnableIPv6":false,"IPAM":{"Driver":"default","Options":null,"Config":[{"Subnet":"172.17.0.0/16","Gateway":"172.17.0.1"}]},"Internal":false,"Containers":{},"Options":{"com.docker.network.bridge.default_bridge":"true","com.docker.network.bridge.enable_icc":"true","com.docker.network.bridge.enable_ip_masquerade":"true","com.docker.network.bridge.host_binding_ipv4":"0.0.0.0","com.docker.network.bridge.name":"docker0","com.docker.network.driver.mtu":"1500"},"Labels":{}},{"Name":"host","Id":"fe042b0866671b5be4f097ba43830c0a02959c058702d18e18c14a24d88a357d","Scope":"local","Driver":"host","EnableIPv6":false,"IPAM":{"Driver":"default","Options":null,"Config":[]},"Internal":false,"Containers":{},"Options":{},"Labels":{}}]


02:36:34.425 [Test worker] DEBUG o.a.h.i.c.DefaultManagedHttpClientConnection - http-outgoing-151: Close connection
02:36:34.426 [Test worker] DEBUG o.a.h.impl.execchain.MainClientExec - Connection discarded
02:36:34.426 [Test worker] DEBUG c.g.d.j.JerseyDockerCmdExecFactory$1 - Connection released: [id: 151][route: {s}->https://Thesis:2376][total kept alive: 1; route allocated: 1 of 2; total allocated: 1 of 20]
02:36:34.426 [Test worker] DEBUG c.g.d.core.command.AbstrDockerCmd - Cmd: com.github.dockerjava.core.util.FiltersBuilder@0,com.github.dockerjava.jaxrs.ListVolumesCmdExec@56999414
02:36:34.426 [Test worker] DEBUG c.g.d.j.JerseyDockerCmdExecFactory - 25 * Sending client request on thread Test worker
25 > GET https://Thesis:2376/volumes
25 > Accept: application/json

02:36:34.427 [Test worker] DEBUG o.a.h.c.protocol.RequestAddCookies - CookieSpec selected: default
02:36:34.427 [Test worker] DEBUG o.a.h.c.protocol.RequestAuthCache - Auth cache not set in the context
02:36:34.428 [Test worker] DEBUG c.g.d.j.JerseyDockerCmdExecFactory$1 - Connection request: [route: {s}->https://Thesis:2376][total kept alive: 1; route allocated: 1 of 2; total allocated: 1 of 20]
02:36:34.428 [Test worker] DEBUG c.g.d.j.JerseyDockerCmdExecFactory$1 - Connection leased: [id: 152][route: {s}->https://Thesis:2376][total kept alive: 1; route allocated: 2 of 2; total allocated: 2 of 20]
02:36:34.428 [Test worker] DEBUG o.a.h.impl.execchain.MainClientExec - Opening connection {s}->https://Thesis:2376
02:36:34.428 [Test worker] DEBUG o.a.h.i.c.DefaultHttpClientConnectionOperator - Connecting to Thesis/127.0.1.1:2376
02:36:34.428 [Test worker] DEBUG o.a.h.c.s.SSLConnectionSocketFactory - Connecting socket to Thesis/127.0.1.1:2376 with timeout 0
02:36:34.429 [Test worker] DEBUG o.a.h.c.s.SSLConnectionSocketFactory - Enabled protocols: [TLSv1]
02:36:34.429 [Test worker] DEBUG o.a.h.c.s.SSLConnectionSocketFactory - Enabled cipher suites:[TLS_ECDHE_ECDSA_WITH_AES_128_CBC_SHA, TLS_ECDHE_RSA_WITH_AES_128_CBC_SHA, TLS_RSA_WITH_AES_128_CBC_SHA, TLS_ECDH_ECDSA_WITH_AES_128_CBC_SHA, TLS_ECDH_RSA_WITH_AES_128_CBC_SHA, TLS_DHE_RSA_WITH_AES_128_CBC_SHA, TLS_DHE_DSS_WITH_AES_128_CBC_SHA, TLS_ECDHE_ECDSA_WITH_3DES_EDE_CBC_SHA, TLS_ECDHE_RSA_WITH_3DES_EDE_CBC_SHA, SSL_RSA_WITH_3DES_EDE_CBC_SHA, TLS_ECDH_ECDSA_WITH_3DES_EDE_CBC_SHA, TLS_ECDH_RSA_WITH_3DES_EDE_CBC_SHA, SSL_DHE_RSA_WITH_3DES_EDE_CBC_SHA, SSL_DHE_DSS_WITH_3DES_EDE_CBC_SHA, TLS_ECDHE_ECDSA_WITH_RC4_128_SHA, TLS_ECDHE_RSA_WITH_RC4_128_SHA, SSL_RSA_WITH_RC4_128_SHA, TLS_ECDH_ECDSA_WITH_RC4_128_SHA, TLS_ECDH_RSA_WITH_RC4_128_SHA, SSL_RSA_WITH_RC4_128_MD5, TLS_EMPTY_RENEGOTIATION_INFO_SCSV]
02:36:34.429 [Test worker] DEBUG o.a.h.c.s.SSLConnectionSocketFactory - Starting handshake
02:36:34.487 [Test worker] DEBUG o.a.h.c.s.SSLConnectionSocketFactory - Secure session established
02:36:34.487 [Test worker] DEBUG o.a.h.c.s.SSLConnectionSocketFactory -  negotiated protocol: TLSv1
02:36:34.487 [Test worker] DEBUG o.a.h.c.s.SSLConnectionSocketFactory -  negotiated cipher suite: TLS_ECDHE_RSA_WITH_AES_128_CBC_SHA
02:36:34.487 [Test worker] DEBUG o.a.h.c.s.SSLConnectionSocketFactory -  peer principal: CN=Thesis
02:36:34.488 [Test worker] DEBUG o.a.h.c.s.SSLConnectionSocketFactory -  issuer principal: EMAILADDRESS=sha@yamil.com, CN=Thesis, OU=Open, O=Fra, L=BER, ST=BER, C=DE
02:36:34.488 [Test worker] DEBUG o.a.h.i.c.DefaultHttpClientConnectionOperator - Connection established 127.0.0.1:41604<->127.0.1.1:2376
02:36:34.488 [Test worker] DEBUG o.a.h.impl.execchain.MainClientExec - Executing request GET /volumes HTTP/1.1
02:36:34.488 [Test worker] DEBUG o.a.h.impl.execchain.MainClientExec - Target auth state: UNCHALLENGED
02:36:34.488 [Test worker] DEBUG o.a.h.impl.execchain.MainClientExec - Proxy auth state: UNCHALLENGED
02:36:34.488 [Test worker] DEBUG org.apache.http.headers - http-outgoing-152 >> GET /volumes HTTP/1.1
02:36:34.488 [Test worker] DEBUG org.apache.http.headers - http-outgoing-152 >> Accept: application/json
02:36:34.488 [Test worker] DEBUG org.apache.http.headers - http-outgoing-152 >> User-Agent: Jersey/2.23.1 (Apache HttpClient 4.5.1)
02:36:34.489 [Test worker] DEBUG org.apache.http.headers - http-outgoing-152 >> Host: Thesis:2376
02:36:34.489 [Test worker] DEBUG org.apache.http.headers - http-outgoing-152 >> Connection: Keep-Alive
02:36:34.492 [Test worker] DEBUG org.apache.http.headers - http-outgoing-152 >> Accept-Encoding: gzip,deflate
02:36:34.492 [Test worker] DEBUG org.apache.http.wire - http-outgoing-152 >> "GET /volumes HTTP/1.1[\r][\n]"
02:36:34.492 [Test worker] DEBUG org.apache.http.wire - http-outgoing-152 >> "Accept: application/json[\r][\n]"
02:36:34.493 [Test worker] DEBUG org.apache.http.wire - http-outgoing-152 >> "User-Agent: Jersey/2.23.1 (Apache HttpClient 4.5.1)[\r][\n]"
02:36:34.493 [Test worker] DEBUG org.apache.http.wire - http-outgoing-152 >> "Host: Thesis:2376[\r][\n]"
02:36:34.493 [Test worker] DEBUG org.apache.http.wire - http-outgoing-152 >> "Connection: Keep-Alive[\r][\n]"
02:36:34.493 [Test worker] DEBUG org.apache.http.wire - http-outgoing-152 >> "Accept-Encoding: gzip,deflate[\r][\n]"
02:36:34.493 [Test worker] DEBUG org.apache.http.wire - http-outgoing-152 >> "[\r][\n]"
02:36:34.502 [Test worker] DEBUG org.apache.http.wire - http-outgoing-152 << "H"
02:36:34.503 [Test worker] DEBUG org.apache.http.wire - http-outgoing-152 << "TTP/1.1 200 OK[\r][\n]"
02:36:34.503 [Test worker] DEBUG org.apache.http.wire - http-outgoing-152 << "Content-Type: application/json[\r][\n]"
02:36:34.503 [Test worker] DEBUG org.apache.http.wire - http-outgoing-152 << "Server: Docker/1.12.3 (linux)[\r][\n]"
02:36:34.503 [Test worker] DEBUG org.apache.http.wire - http-outgoing-152 << "Date: Tue, 03 Jan 2017 01:36:34 GMT[\r][\n]"
02:36:34.503 [Test worker] DEBUG org.apache.http.wire - http-outgoing-152 << "Content-Length: 33[\r][\n]"
02:36:34.503 [Test worker] DEBUG org.apache.http.wire - http-outgoing-152 << "[\r][\n]"
02:36:34.503 [Test worker] DEBUG org.apache.http.wire - http-outgoing-152 << "{"Volumes":null,"Warnings":null}[\n]"
02:36:34.503 [Test worker] DEBUG org.apache.http.headers - http-outgoing-152 << HTTP/1.1 200 OK
02:36:34.503 [Test worker] DEBUG org.apache.http.headers - http-outgoing-152 << Content-Type: application/json
02:36:34.504 [Test worker] DEBUG org.apache.http.headers - http-outgoing-152 << Server: Docker/1.12.3 (linux)
02:36:34.504 [Test worker] DEBUG org.apache.http.headers - http-outgoing-152 << Date: Tue, 03 Jan 2017 01:36:34 GMT
02:36:34.504 [Test worker] DEBUG org.apache.http.headers - http-outgoing-152 << Content-Length: 33
02:36:34.504 [Test worker] DEBUG o.a.h.impl.execchain.MainClientExec - Connection can be kept alive indefinitely
02:36:34.504 [Test worker] DEBUG c.g.d.j.JerseyDockerCmdExecFactory - 26 * Client response received on thread Test worker
26 < 200
26 < Content-Length: 33
26 < Content-Type: application/json
26 < Date: Tue, 03 Jan 2017 01:36:34 GMT
26 < Server: Docker/1.12.3 (linux)
{"Volumes":null,"Warnings":null}


02:36:34.505 [Test worker] DEBUG o.a.h.i.c.DefaultManagedHttpClientConnection - http-outgoing-152: Close connection
02:36:34.505 [Test worker] DEBUG o.a.h.impl.execchain.MainClientExec - Connection discarded
02:36:34.506 [Test worker] DEBUG c.g.d.j.JerseyDockerCmdExecFactory$1 - Connection released: [id: 152][route: {s}->https://Thesis:2376][total kept alive: 1; route allocated: 1 of 2; total allocated: 1 of 20]
02:36:34.507 [Test worker] DEBUG org.openbaton.docker.DockerVim - Loading properties
02:36:34.507 [Test worker] DEBUG org.openbaton.docker.DockerVim - Loaded properties: {vim.instance.auth.url=tcp://Thesis:2376, docker.cert.path=/home/sakib/.docker, type=docker, tls.verify=true}
02:36:34.511 [Test worker] DEBUG c.g.d.core.command.AbstrDockerCmd - Cmd: -1,<null>,true,<null>,<null>,com.github.dockerjava.core.util.FiltersBuilder@0,com.github.dockerjava.jaxrs.ListContainersCmdExec@3b43c4db
02:36:34.535 [Test worker] DEBUG c.g.d.j.JerseyDockerCmdExecFactory - 1 * Sending client request on thread Test worker
1 > GET https://Thesis:2376/containers/json?all=true
1 > Accept: application/json

02:36:34.536 [Test worker] DEBUG o.a.h.c.protocol.RequestAddCookies - CookieSpec selected: default
02:36:34.536 [Test worker] DEBUG o.a.h.c.protocol.RequestAuthCache - Auth cache not set in the context
02:36:34.536 [Test worker] DEBUG c.g.d.j.JerseyDockerCmdExecFactory$1 - Connection request: [route: {s}->https://Thesis:2376][total kept alive: 0; route allocated: 0 of 2; total allocated: 0 of 20]
02:36:34.536 [Test worker] DEBUG c.g.d.j.JerseyDockerCmdExecFactory$1 - Connection leased: [id: 153][route: {s}->https://Thesis:2376][total kept alive: 0; route allocated: 1 of 2; total allocated: 1 of 20]
02:36:34.536 [Test worker] DEBUG o.a.h.impl.execchain.MainClientExec - Opening connection {s}->https://Thesis:2376
02:36:34.536 [Test worker] DEBUG o.a.h.i.c.DefaultHttpClientConnectionOperator - Connecting to Thesis/127.0.1.1:2376
02:36:34.537 [Test worker] DEBUG o.a.h.c.s.SSLConnectionSocketFactory - Connecting socket to Thesis/127.0.1.1:2376 with timeout 0
02:36:34.537 [Test worker] DEBUG o.a.h.c.s.SSLConnectionSocketFactory - Enabled protocols: [TLSv1]
02:36:34.537 [Test worker] DEBUG o.a.h.c.s.SSLConnectionSocketFactory - Enabled cipher suites:[TLS_ECDHE_ECDSA_WITH_AES_128_CBC_SHA, TLS_ECDHE_RSA_WITH_AES_128_CBC_SHA, TLS_RSA_WITH_AES_128_CBC_SHA, TLS_ECDH_ECDSA_WITH_AES_128_CBC_SHA, TLS_ECDH_RSA_WITH_AES_128_CBC_SHA, TLS_DHE_RSA_WITH_AES_128_CBC_SHA, TLS_DHE_DSS_WITH_AES_128_CBC_SHA, TLS_ECDHE_ECDSA_WITH_3DES_EDE_CBC_SHA, TLS_ECDHE_RSA_WITH_3DES_EDE_CBC_SHA, SSL_RSA_WITH_3DES_EDE_CBC_SHA, TLS_ECDH_ECDSA_WITH_3DES_EDE_CBC_SHA, TLS_ECDH_RSA_WITH_3DES_EDE_CBC_SHA, SSL_DHE_RSA_WITH_3DES_EDE_CBC_SHA, SSL_DHE_DSS_WITH_3DES_EDE_CBC_SHA, TLS_ECDHE_ECDSA_WITH_RC4_128_SHA, TLS_ECDHE_RSA_WITH_RC4_128_SHA, SSL_RSA_WITH_RC4_128_SHA, TLS_ECDH_ECDSA_WITH_RC4_128_SHA, TLS_ECDH_RSA_WITH_RC4_128_SHA, SSL_RSA_WITH_RC4_128_MD5, TLS_EMPTY_RENEGOTIATION_INFO_SCSV]
02:36:34.538 [Test worker] DEBUG o.a.h.c.s.SSLConnectionSocketFactory - Starting handshake
02:36:34.610 [Test worker] DEBUG o.a.h.c.s.SSLConnectionSocketFactory - Secure session established
02:36:34.610 [Test worker] DEBUG o.a.h.c.s.SSLConnectionSocketFactory -  negotiated protocol: TLSv1
02:36:34.611 [Test worker] DEBUG o.a.h.c.s.SSLConnectionSocketFactory -  negotiated cipher suite: TLS_ECDHE_RSA_WITH_AES_128_CBC_SHA
02:36:34.611 [Test worker] DEBUG o.a.h.c.s.SSLConnectionSocketFactory -  peer principal: CN=Thesis
02:36:34.611 [Test worker] DEBUG o.a.h.c.s.SSLConnectionSocketFactory -  issuer principal: EMAILADDRESS=sha@yamil.com, CN=Thesis, OU=Open, O=Fra, L=BER, ST=BER, C=DE
02:36:34.611 [Test worker] DEBUG o.a.h.i.c.DefaultHttpClientConnectionOperator - Connection established 127.0.0.1:41606<->127.0.1.1:2376
02:36:34.611 [Test worker] DEBUG o.a.h.impl.execchain.MainClientExec - Executing request GET /containers/json?all=true HTTP/1.1
02:36:34.611 [Test worker] DEBUG o.a.h.impl.execchain.MainClientExec - Target auth state: UNCHALLENGED
02:36:34.611 [Test worker] DEBUG o.a.h.impl.execchain.MainClientExec - Proxy auth state: UNCHALLENGED
02:36:34.612 [Test worker] DEBUG org.apache.http.headers - http-outgoing-153 >> GET /containers/json?all=true HTTP/1.1
02:36:34.612 [Test worker] DEBUG org.apache.http.headers - http-outgoing-153 >> Accept: application/json
02:36:34.612 [Test worker] DEBUG org.apache.http.headers - http-outgoing-153 >> User-Agent: Jersey/2.23.1 (Apache HttpClient 4.5.1)
02:36:34.612 [Test worker] DEBUG org.apache.http.headers - http-outgoing-153 >> Host: Thesis:2376
02:36:34.612 [Test worker] DEBUG org.apache.http.headers - http-outgoing-153 >> Connection: Keep-Alive
02:36:34.612 [Test worker] DEBUG org.apache.http.headers - http-outgoing-153 >> Accept-Encoding: gzip,deflate
02:36:34.612 [Test worker] DEBUG org.apache.http.wire - http-outgoing-153 >> "GET /containers/json?all=true HTTP/1.1[\r][\n]"
02:36:34.612 [Test worker] DEBUG org.apache.http.wire - http-outgoing-153 >> "Accept: application/json[\r][\n]"
02:36:34.613 [Test worker] DEBUG org.apache.http.wire - http-outgoing-153 >> "User-Agent: Jersey/2.23.1 (Apache HttpClient 4.5.1)[\r][\n]"
02:36:34.613 [Test worker] DEBUG org.apache.http.wire - http-outgoing-153 >> "Host: Thesis:2376[\r][\n]"
02:36:34.613 [Test worker] DEBUG org.apache.http.wire - http-outgoing-153 >> "Connection: Keep-Alive[\r][\n]"
02:36:34.613 [Test worker] DEBUG org.apache.http.wire - http-outgoing-153 >> "Accept-Encoding: gzip,deflate[\r][\n]"
02:36:34.613 [Test worker] DEBUG org.apache.http.wire - http-outgoing-153 >> "[\r][\n]"
02:36:34.613 [Test worker] DEBUG org.apache.http.wire - http-outgoing-153 << "H"
02:36:34.613 [Test worker] DEBUG org.apache.http.wire - http-outgoing-153 << "TTP/1.1 200 OK[\r][\n]"
02:36:34.614 [Test worker] DEBUG org.apache.http.wire - http-outgoing-153 << "Content-Type: application/json[\r][\n]"
02:36:34.614 [Test worker] DEBUG org.apache.http.wire - http-outgoing-153 << "Server: Docker/1.12.3 (linux)[\r][\n]"
02:36:34.614 [Test worker] DEBUG org.apache.http.wire - http-outgoing-153 << "Date: Tue, 03 Jan 2017 01:36:34 GMT[\r][\n]"
02:36:34.614 [Test worker] DEBUG org.apache.http.wire - http-outgoing-153 << "Content-Length: 3[\r][\n]"
02:36:34.614 [Test worker] DEBUG org.apache.http.wire - http-outgoing-153 << "[\r][\n]"
02:36:34.614 [Test worker] DEBUG org.apache.http.wire - http-outgoing-153 << "[][\n]"
02:36:34.614 [Test worker] DEBUG org.apache.http.headers - http-outgoing-153 << HTTP/1.1 200 OK
02:36:34.614 [Test worker] DEBUG org.apache.http.headers - http-outgoing-153 << Content-Type: application/json
02:36:34.614 [Test worker] DEBUG org.apache.http.headers - http-outgoing-153 << Server: Docker/1.12.3 (linux)
02:36:34.615 [Test worker] DEBUG org.apache.http.headers - http-outgoing-153 << Date: Tue, 03 Jan 2017 01:36:34 GMT
02:36:34.615 [Test worker] DEBUG org.apache.http.headers - http-outgoing-153 << Content-Length: 3
02:36:34.615 [Test worker] DEBUG o.a.h.impl.execchain.MainClientExec - Connection can be kept alive indefinitely
02:36:34.615 [Test worker] DEBUG c.g.d.j.JerseyDockerCmdExecFactory - 2 * Client response received on thread Test worker
2 < 200
2 < Content-Length: 3
2 < Content-Type: application/json
2 < Date: Tue, 03 Jan 2017 01:36:34 GMT
2 < Server: Docker/1.12.3 (linux)
[]


02:36:34.616 [Test worker] DEBUG c.g.d.j.JerseyDockerCmdExecFactory$1 - Connection [id: 153][route: {s}->https://Thesis:2376][state: CN=Thesis] can be kept alive indefinitely
02:36:34.617 [Test worker] DEBUG c.g.d.j.JerseyDockerCmdExecFactory$1 - Connection released: [id: 153][route: {s}->https://Thesis:2376][state: CN=Thesis][total kept alive: 1; route allocated: 1 of 2; total allocated: 1 of 20]
02:36:34.623 [Test worker] DEBUG c.g.d.core.command.AbstrDockerCmd - Cmd: com.github.dockerjava.core.util.FiltersBuilder@0,com.github.dockerjava.jaxrs.ListNetworksCmdExec@77a3e2f7
02:36:34.623 [Test worker] DEBUG c.g.d.j.JerseyDockerCmdExecFactory - 3 * Sending client request on thread Test worker
3 > GET https://Thesis:2376/networks
3 > Accept: application/json

02:36:34.624 [Test worker] DEBUG o.a.h.c.protocol.RequestAddCookies - CookieSpec selected: default
02:36:34.624 [Test worker] DEBUG o.a.h.c.protocol.RequestAuthCache - Auth cache not set in the context
02:36:34.624 [Test worker] DEBUG c.g.d.j.JerseyDockerCmdExecFactory$1 - Connection request: [route: {s}->https://Thesis:2376][total kept alive: 1; route allocated: 1 of 2; total allocated: 1 of 20]
02:36:34.624 [Test worker] DEBUG c.g.d.j.JerseyDockerCmdExecFactory$1 - Connection leased: [id: 154][route: {s}->https://Thesis:2376][total kept alive: 1; route allocated: 2 of 2; total allocated: 2 of 20]
02:36:34.624 [Test worker] DEBUG o.a.h.impl.execchain.MainClientExec - Opening connection {s}->https://Thesis:2376
02:36:34.624 [Test worker] DEBUG o.a.h.i.c.DefaultHttpClientConnectionOperator - Connecting to Thesis/127.0.1.1:2376
02:36:34.624 [Test worker] DEBUG o.a.h.c.s.SSLConnectionSocketFactory - Connecting socket to Thesis/127.0.1.1:2376 with timeout 0
02:36:34.625 [Test worker] DEBUG o.a.h.c.s.SSLConnectionSocketFactory - Enabled protocols: [TLSv1]
02:36:34.625 [Test worker] DEBUG o.a.h.c.s.SSLConnectionSocketFactory - Enabled cipher suites:[TLS_ECDHE_ECDSA_WITH_AES_128_CBC_SHA, TLS_ECDHE_RSA_WITH_AES_128_CBC_SHA, TLS_RSA_WITH_AES_128_CBC_SHA, TLS_ECDH_ECDSA_WITH_AES_128_CBC_SHA, TLS_ECDH_RSA_WITH_AES_128_CBC_SHA, TLS_DHE_RSA_WITH_AES_128_CBC_SHA, TLS_DHE_DSS_WITH_AES_128_CBC_SHA, TLS_ECDHE_ECDSA_WITH_3DES_EDE_CBC_SHA, TLS_ECDHE_RSA_WITH_3DES_EDE_CBC_SHA, SSL_RSA_WITH_3DES_EDE_CBC_SHA, TLS_ECDH_ECDSA_WITH_3DES_EDE_CBC_SHA, TLS_ECDH_RSA_WITH_3DES_EDE_CBC_SHA, SSL_DHE_RSA_WITH_3DES_EDE_CBC_SHA, SSL_DHE_DSS_WITH_3DES_EDE_CBC_SHA, TLS_ECDHE_ECDSA_WITH_RC4_128_SHA, TLS_ECDHE_RSA_WITH_RC4_128_SHA, SSL_RSA_WITH_RC4_128_SHA, TLS_ECDH_ECDSA_WITH_RC4_128_SHA, TLS_ECDH_RSA_WITH_RC4_128_SHA, SSL_RSA_WITH_RC4_128_MD5, TLS_EMPTY_RENEGOTIATION_INFO_SCSV]
02:36:34.626 [Test worker] DEBUG o.a.h.c.s.SSLConnectionSocketFactory - Starting handshake
02:36:34.688 [Test worker] DEBUG o.a.h.c.s.SSLConnectionSocketFactory - Secure session established
02:36:34.688 [Test worker] DEBUG o.a.h.c.s.SSLConnectionSocketFactory -  negotiated protocol: TLSv1
02:36:34.688 [Test worker] DEBUG o.a.h.c.s.SSLConnectionSocketFactory -  negotiated cipher suite: TLS_ECDHE_RSA_WITH_AES_128_CBC_SHA
02:36:34.688 [Test worker] DEBUG o.a.h.c.s.SSLConnectionSocketFactory -  peer principal: CN=Thesis
02:36:34.688 [Test worker] DEBUG o.a.h.c.s.SSLConnectionSocketFactory -  issuer principal: EMAILADDRESS=sha@yamil.com, CN=Thesis, OU=Open, O=Fra, L=BER, ST=BER, C=DE
02:36:34.689 [Test worker] DEBUG o.a.h.i.c.DefaultHttpClientConnectionOperator - Connection established 127.0.0.1:41608<->127.0.1.1:2376
02:36:34.689 [Test worker] DEBUG o.a.h.impl.execchain.MainClientExec - Executing request GET /networks HTTP/1.1
02:36:34.689 [Test worker] DEBUG o.a.h.impl.execchain.MainClientExec - Target auth state: UNCHALLENGED
02:36:34.689 [Test worker] DEBUG o.a.h.impl.execchain.MainClientExec - Proxy auth state: UNCHALLENGED
02:36:34.689 [Test worker] DEBUG org.apache.http.headers - http-outgoing-154 >> GET /networks HTTP/1.1
02:36:34.689 [Test worker] DEBUG org.apache.http.headers - http-outgoing-154 >> Accept: application/json
02:36:34.689 [Test worker] DEBUG org.apache.http.headers - http-outgoing-154 >> User-Agent: Jersey/2.23.1 (Apache HttpClient 4.5.1)
02:36:34.689 [Test worker] DEBUG org.apache.http.headers - http-outgoing-154 >> Host: Thesis:2376
02:36:34.690 [Test worker] DEBUG org.apache.http.headers - http-outgoing-154 >> Connection: Keep-Alive
02:36:34.690 [Test worker] DEBUG org.apache.http.headers - http-outgoing-154 >> Accept-Encoding: gzip,deflate
02:36:34.690 [Test worker] DEBUG org.apache.http.wire - http-outgoing-154 >> "GET /networks HTTP/1.1[\r][\n]"
02:36:34.690 [Test worker] DEBUG org.apache.http.wire - http-outgoing-154 >> "Accept: application/json[\r][\n]"
02:36:34.690 [Test worker] DEBUG org.apache.http.wire - http-outgoing-154 >> "User-Agent: Jersey/2.23.1 (Apache HttpClient 4.5.1)[\r][\n]"
02:36:34.690 [Test worker] DEBUG org.apache.http.wire - http-outgoing-154 >> "Host: Thesis:2376[\r][\n]"
02:36:34.690 [Test worker] DEBUG org.apache.http.wire - http-outgoing-154 >> "Connection: Keep-Alive[\r][\n]"
02:36:34.691 [Test worker] DEBUG org.apache.http.wire - http-outgoing-154 >> "Accept-Encoding: gzip,deflate[\r][\n]"
02:36:34.691 [Test worker] DEBUG org.apache.http.wire - http-outgoing-154 >> "[\r][\n]"
02:36:34.691 [Test worker] DEBUG org.apache.http.wire - http-outgoing-154 << "H"
02:36:34.691 [Test worker] DEBUG org.apache.http.wire - http-outgoing-154 << "TTP/1.1 200 OK[\r][\n]"
02:36:34.691 [Test worker] DEBUG org.apache.http.wire - http-outgoing-154 << "Content-Type: application/json[\r][\n]"
02:36:34.691 [Test worker] DEBUG org.apache.http.wire - http-outgoing-154 << "Server: Docker/1.12.3 (linux)[\r][\n]"
02:36:34.692 [Test worker] DEBUG org.apache.http.wire - http-outgoing-154 << "Date: Tue, 03 Jan 2017 01:36:34 GMT[\r][\n]"
02:36:34.692 [Test worker] DEBUG org.apache.http.wire - http-outgoing-154 << "Content-Length: 1100[\r][\n]"
02:36:34.692 [Test worker] DEBUG org.apache.http.wire - http-outgoing-154 << "[\r][\n]"
02:36:34.692 [Test worker] DEBUG org.apache.http.wire - http-outgoing-154 << "[{"Name":"none","Id":"4d89c194eb79cd2beb38458d10a1b98c74d6b8462af72afde29ae7aca53ed5ca","Scope":"local","Driver":"null","EnableIPv6":false,"IPAM":{"Driver":"default","Options":null,"Config":[]},"Internal":false,"Containers":{},"Options":{},"Labels":{}},{"Name":"bridge","Id":"e0d36057aa1769e9fd52ba88be81b698b495f9b6b4946d0f98f24d971a27fc98","Scope":"local","Driver":"bridge","EnableIPv6":false,"IPAM":{"Driver":"default","Options":null,"Config":[{"Subnet":"172.17.0.0/16","Gateway":"172.17.0.1"}]},"Internal":false,"Containers":{},"Options":{"com.docker.network.bridge.default_bridge":"true","com.docker.network.bridge.enable_icc":"true","com.docker.network.bridge.enable_ip_masquerade":"true","com.docker.network.bridge.host_binding_ipv4":"0.0.0.0","com.docker.network.bridge.name":"docker0","com.docker.network.driver.mtu":"1500"},"Labels":{}},{"Name":"host","Id":"fe042b0866671b5be4f097ba43830c0a02959c058702d18e18c14a24d88a357d","Scope":"local","Driver":"host","EnableIPv6":false,"IPAM":{"Driver":"default","Options":null,"Config":[]},"Internal":false,"Containers":{},"Options":{},"Labels":{}}][\n]"
02:36:34.692 [Test worker] DEBUG org.apache.http.headers - http-outgoing-154 << HTTP/1.1 200 OK
02:36:34.692 [Test worker] DEBUG org.apache.http.headers - http-outgoing-154 << Content-Type: application/json
02:36:34.693 [Test worker] DEBUG org.apache.http.headers - http-outgoing-154 << Server: Docker/1.12.3 (linux)
02:36:34.693 [Test worker] DEBUG org.apache.http.headers - http-outgoing-154 << Date: Tue, 03 Jan 2017 01:36:34 GMT
02:36:34.693 [Test worker] DEBUG org.apache.http.headers - http-outgoing-154 << Content-Length: 1100
02:36:34.693 [Test worker] DEBUG o.a.h.impl.execchain.MainClientExec - Connection can be kept alive indefinitely
02:36:34.693 [Test worker] DEBUG c.g.d.j.JerseyDockerCmdExecFactory - 4 * Client response received on thread Test worker
4 < 200
4 < Content-Length: 1100
4 < Content-Type: application/json
4 < Date: Tue, 03 Jan 2017 01:36:34 GMT
4 < Server: Docker/1.12.3 (linux)
[{"Name":"none","Id":"4d89c194eb79cd2beb38458d10a1b98c74d6b8462af72afde29ae7aca53ed5ca","Scope":"local","Driver":"null","EnableIPv6":false,"IPAM":{"Driver":"default","Options":null,"Config":[]},"Internal":false,"Containers":{},"Options":{},"Labels":{}},{"Name":"bridge","Id":"e0d36057aa1769e9fd52ba88be81b698b495f9b6b4946d0f98f24d971a27fc98","Scope":"local","Driver":"bridge","EnableIPv6":false,"IPAM":{"Driver":"default","Options":null,"Config":[{"Subnet":"172.17.0.0/16","Gateway":"172.17.0.1"}]},"Internal":false,"Containers":{},"Options":{"com.docker.network.bridge.default_bridge":"true","com.docker.network.bridge.enable_icc":"true","com.docker.network.bridge.enable_ip_masquerade":"true","com.docker.network.bridge.host_binding_ipv4":"0.0.0.0","com.docker.network.bridge.name":"docker0","com.docker.network.driver.mtu":"1500"},"Labels":{}},{"Name":"host","Id":"fe042b0866671b5be4f097ba43830c0a02959c058702d18e18c14a24d88a357d","Scope":"local","Driver":"host","EnableIPv6":false,"IPAM":{"Driver":"default","Options":null,"Config":[]},"Internal":false,"Containers":{},"Options":{},"Labels":{}}]


02:36:34.696 [Test worker] DEBUG o.a.h.i.c.DefaultManagedHttpClientConnection - http-outgoing-154: Close connection
02:36:34.697 [Test worker] DEBUG o.a.h.impl.execchain.MainClientExec - Connection discarded
02:36:34.697 [Test worker] DEBUG c.g.d.j.JerseyDockerCmdExecFactory$1 - Connection released: [id: 154][route: {s}->https://Thesis:2376][total kept alive: 1; route allocated: 1 of 2; total allocated: 1 of 20]
02:36:34.697 [Test worker] DEBUG c.g.d.core.command.AbstrDockerCmd - Cmd: com.github.dockerjava.core.util.FiltersBuilder@0,com.github.dockerjava.jaxrs.ListVolumesCmdExec@3f60ef76
02:36:34.697 [Test worker] DEBUG c.g.d.j.JerseyDockerCmdExecFactory - 5 * Sending client request on thread Test worker
5 > GET https://Thesis:2376/volumes
5 > Accept: application/json

02:36:34.698 [Test worker] DEBUG o.a.h.c.protocol.RequestAddCookies - CookieSpec selected: default
02:36:34.698 [Test worker] DEBUG o.a.h.c.protocol.RequestAuthCache - Auth cache not set in the context
02:36:34.698 [Test worker] DEBUG c.g.d.j.JerseyDockerCmdExecFactory$1 - Connection request: [route: {s}->https://Thesis:2376][total kept alive: 1; route allocated: 1 of 2; total allocated: 1 of 20]
02:36:34.698 [Test worker] DEBUG c.g.d.j.JerseyDockerCmdExecFactory$1 - Connection leased: [id: 155][route: {s}->https://Thesis:2376][total kept alive: 1; route allocated: 2 of 2; total allocated: 2 of 20]
02:36:34.698 [Test worker] DEBUG o.a.h.impl.execchain.MainClientExec - Opening connection {s}->https://Thesis:2376
02:36:34.699 [Test worker] DEBUG o.a.h.i.c.DefaultHttpClientConnectionOperator - Connecting to Thesis/127.0.1.1:2376
02:36:34.699 [Test worker] DEBUG o.a.h.c.s.SSLConnectionSocketFactory - Connecting socket to Thesis/127.0.1.1:2376 with timeout 0
02:36:34.699 [Test worker] DEBUG o.a.h.c.s.SSLConnectionSocketFactory - Enabled protocols: [TLSv1]
02:36:34.699 [Test worker] DEBUG o.a.h.c.s.SSLConnectionSocketFactory - Enabled cipher suites:[TLS_ECDHE_ECDSA_WITH_AES_128_CBC_SHA, TLS_ECDHE_RSA_WITH_AES_128_CBC_SHA, TLS_RSA_WITH_AES_128_CBC_SHA, TLS_ECDH_ECDSA_WITH_AES_128_CBC_SHA, TLS_ECDH_RSA_WITH_AES_128_CBC_SHA, TLS_DHE_RSA_WITH_AES_128_CBC_SHA, TLS_DHE_DSS_WITH_AES_128_CBC_SHA, TLS_ECDHE_ECDSA_WITH_3DES_EDE_CBC_SHA, TLS_ECDHE_RSA_WITH_3DES_EDE_CBC_SHA, SSL_RSA_WITH_3DES_EDE_CBC_SHA, TLS_ECDH_ECDSA_WITH_3DES_EDE_CBC_SHA, TLS_ECDH_RSA_WITH_3DES_EDE_CBC_SHA, SSL_DHE_RSA_WITH_3DES_EDE_CBC_SHA, SSL_DHE_DSS_WITH_3DES_EDE_CBC_SHA, TLS_ECDHE_ECDSA_WITH_RC4_128_SHA, TLS_ECDHE_RSA_WITH_RC4_128_SHA, SSL_RSA_WITH_RC4_128_SHA, TLS_ECDH_ECDSA_WITH_RC4_128_SHA, TLS_ECDH_RSA_WITH_RC4_128_SHA, SSL_RSA_WITH_RC4_128_MD5, TLS_EMPTY_RENEGOTIATION_INFO_SCSV]
02:36:34.700 [Test worker] DEBUG o.a.h.c.s.SSLConnectionSocketFactory - Starting handshake
02:36:34.757 [Test worker] DEBUG o.a.h.c.s.SSLConnectionSocketFactory - Secure session established
02:36:34.757 [Test worker] DEBUG o.a.h.c.s.SSLConnectionSocketFactory -  negotiated protocol: TLSv1
02:36:34.757 [Test worker] DEBUG o.a.h.c.s.SSLConnectionSocketFactory -  negotiated cipher suite: TLS_ECDHE_RSA_WITH_AES_128_CBC_SHA
02:36:34.757 [Test worker] DEBUG o.a.h.c.s.SSLConnectionSocketFactory -  peer principal: CN=Thesis
02:36:34.757 [Test worker] DEBUG o.a.h.c.s.SSLConnectionSocketFactory -  issuer principal: EMAILADDRESS=sha@yamil.com, CN=Thesis, OU=Open, O=Fra, L=BER, ST=BER, C=DE
02:36:34.757 [Test worker] DEBUG o.a.h.i.c.DefaultHttpClientConnectionOperator - Connection established 127.0.0.1:41610<->127.0.1.1:2376
02:36:34.757 [Test worker] DEBUG o.a.h.impl.execchain.MainClientExec - Executing request GET /volumes HTTP/1.1
02:36:34.758 [Test worker] DEBUG o.a.h.impl.execchain.MainClientExec - Target auth state: UNCHALLENGED
02:36:34.758 [Test worker] DEBUG o.a.h.impl.execchain.MainClientExec - Proxy auth state: UNCHALLENGED
02:36:34.758 [Test worker] DEBUG org.apache.http.headers - http-outgoing-155 >> GET /volumes HTTP/1.1
02:36:34.758 [Test worker] DEBUG org.apache.http.headers - http-outgoing-155 >> Accept: application/json
02:36:34.758 [Test worker] DEBUG org.apache.http.headers - http-outgoing-155 >> User-Agent: Jersey/2.23.1 (Apache HttpClient 4.5.1)
02:36:34.763 [Test worker] DEBUG org.apache.http.headers - http-outgoing-155 >> Host: Thesis:2376
02:36:34.763 [Test worker] DEBUG org.apache.http.headers - http-outgoing-155 >> Connection: Keep-Alive
02:36:34.763 [Test worker] DEBUG org.apache.http.headers - http-outgoing-155 >> Accept-Encoding: gzip,deflate
02:36:34.763 [Test worker] DEBUG org.apache.http.wire - http-outgoing-155 >> "GET /volumes HTTP/1.1[\r][\n]"
02:36:34.763 [Test worker] DEBUG org.apache.http.wire - http-outgoing-155 >> "Accept: application/json[\r][\n]"
02:36:34.763 [Test worker] DEBUG org.apache.http.wire - http-outgoing-155 >> "User-Agent: Jersey/2.23.1 (Apache HttpClient 4.5.1)[\r][\n]"
02:36:34.763 [Test worker] DEBUG org.apache.http.wire - http-outgoing-155 >> "Host: Thesis:2376[\r][\n]"
02:36:34.763 [Test worker] DEBUG org.apache.http.wire - http-outgoing-155 >> "Connection: Keep-Alive[\r][\n]"
02:36:34.764 [Test worker] DEBUG org.apache.http.wire - http-outgoing-155 >> "Accept-Encoding: gzip,deflate[\r][\n]"
02:36:34.764 [Test worker] DEBUG org.apache.http.wire - http-outgoing-155 >> "[\r][\n]"
02:36:34.764 [Test worker] DEBUG org.apache.http.wire - http-outgoing-155 << "H"
02:36:34.764 [Test worker] DEBUG org.apache.http.wire - http-outgoing-155 << "TTP/1.1 200 OK[\r][\n]"
02:36:34.764 [Test worker] DEBUG org.apache.http.wire - http-outgoing-155 << "Content-Type: application/json[\r][\n]"
02:36:34.764 [Test worker] DEBUG org.apache.http.wire - http-outgoing-155 << "Server: Docker/1.12.3 (linux)[\r][\n]"
02:36:34.765 [Test worker] DEBUG org.apache.http.wire - http-outgoing-155 << "Date: Tue, 03 Jan 2017 01:36:34 GMT[\r][\n]"
02:36:34.765 [Test worker] DEBUG org.apache.http.wire - http-outgoing-155 << "Content-Length: 33[\r][\n]"
02:36:34.765 [Test worker] DEBUG org.apache.http.wire - http-outgoing-155 << "[\r][\n]"
02:36:34.765 [Test worker] DEBUG org.apache.http.wire - http-outgoing-155 << "{"Volumes":null,"Warnings":null}[\n]"
02:36:34.765 [Test worker] DEBUG org.apache.http.headers - http-outgoing-155 << HTTP/1.1 200 OK
02:36:34.766 [Test worker] DEBUG org.apache.http.headers - http-outgoing-155 << Content-Type: application/json
02:36:34.766 [Test worker] DEBUG org.apache.http.headers - http-outgoing-155 << Server: Docker/1.12.3 (linux)
02:36:34.769 [Test worker] DEBUG org.apache.http.headers - http-outgoing-155 << Date: Tue, 03 Jan 2017 01:36:34 GMT
02:36:34.769 [Test worker] DEBUG org.apache.http.headers - http-outgoing-155 << Content-Length: 33
02:36:34.770 [Test worker] DEBUG o.a.h.impl.execchain.MainClientExec - Connection can be kept alive indefinitely
02:36:34.770 [Test worker] DEBUG c.g.d.j.JerseyDockerCmdExecFactory - 6 * Client response received on thread Test worker
6 < 200
6 < Content-Length: 33
6 < Content-Type: application/json
6 < Date: Tue, 03 Jan 2017 01:36:34 GMT
6 < Server: Docker/1.12.3 (linux)
{"Volumes":null,"Warnings":null}


02:36:34.772 [Test worker] DEBUG o.a.h.i.c.DefaultManagedHttpClientConnection - http-outgoing-155: Close connection
02:36:34.777 [Test worker] DEBUG o.a.h.impl.execchain.MainClientExec - Connection discarded
02:36:34.777 [Test worker] DEBUG c.g.d.j.JerseyDockerCmdExecFactory$1 - Connection released: [id: 155][route: {s}->https://Thesis:2376][total kept alive: 1; route allocated: 1 of 2; total allocated: 1 of 20]
02:36:34.777 [Test worker] DEBUG c.g.d.core.command.AbstrDockerCmd - Cmd: MyNetwork,<null>,<null>,{},true,<null>,<null>,com.github.dockerjava.jaxrs.CreateNetworkCmdExec@357c5b44
02:36:34.778 [Test worker] DEBUG o.a.h.c.protocol.RequestAddCookies - CookieSpec selected: default
02:36:34.778 [Test worker] DEBUG o.a.h.c.protocol.RequestAuthCache - Auth cache not set in the context
02:36:34.778 [Test worker] DEBUG c.g.d.j.JerseyDockerCmdExecFactory$1 - Connection request: [route: {s}->https://Thesis:2376][total kept alive: 1; route allocated: 1 of 2; total allocated: 1 of 20]
02:36:34.778 [Test worker] DEBUG c.g.d.j.JerseyDockerCmdExecFactory$1 - Connection leased: [id: 156][route: {s}->https://Thesis:2376][total kept alive: 1; route allocated: 2 of 2; total allocated: 2 of 20]
02:36:34.778 [Test worker] DEBUG o.a.h.impl.execchain.MainClientExec - Opening connection {s}->https://Thesis:2376
02:36:34.778 [Test worker] DEBUG o.a.h.i.c.DefaultHttpClientConnectionOperator - Connecting to Thesis/127.0.1.1:2376
02:36:34.779 [Test worker] DEBUG o.a.h.c.s.SSLConnectionSocketFactory - Connecting socket to Thesis/127.0.1.1:2376 with timeout 0
02:36:34.779 [Test worker] DEBUG o.a.h.c.s.SSLConnectionSocketFactory - Enabled protocols: [TLSv1]
02:36:34.779 [Test worker] DEBUG o.a.h.c.s.SSLConnectionSocketFactory - Enabled cipher suites:[TLS_ECDHE_ECDSA_WITH_AES_128_CBC_SHA, TLS_ECDHE_RSA_WITH_AES_128_CBC_SHA, TLS_RSA_WITH_AES_128_CBC_SHA, TLS_ECDH_ECDSA_WITH_AES_128_CBC_SHA, TLS_ECDH_RSA_WITH_AES_128_CBC_SHA, TLS_DHE_RSA_WITH_AES_128_CBC_SHA, TLS_DHE_DSS_WITH_AES_128_CBC_SHA, TLS_ECDHE_ECDSA_WITH_3DES_EDE_CBC_SHA, TLS_ECDHE_RSA_WITH_3DES_EDE_CBC_SHA, SSL_RSA_WITH_3DES_EDE_CBC_SHA, TLS_ECDH_ECDSA_WITH_3DES_EDE_CBC_SHA, TLS_ECDH_RSA_WITH_3DES_EDE_CBC_SHA, SSL_DHE_RSA_WITH_3DES_EDE_CBC_SHA, SSL_DHE_DSS_WITH_3DES_EDE_CBC_SHA, TLS_ECDHE_ECDSA_WITH_RC4_128_SHA, TLS_ECDHE_RSA_WITH_RC4_128_SHA, SSL_RSA_WITH_RC4_128_SHA, TLS_ECDH_ECDSA_WITH_RC4_128_SHA, TLS_ECDH_RSA_WITH_RC4_128_SHA, SSL_RSA_WITH_RC4_128_MD5, TLS_EMPTY_RENEGOTIATION_INFO_SCSV]
02:36:34.780 [Test worker] DEBUG o.a.h.c.s.SSLConnectionSocketFactory - Starting handshake
02:36:34.839 [Test worker] DEBUG o.a.h.c.s.SSLConnectionSocketFactory - Secure session established
02:36:34.839 [Test worker] DEBUG o.a.h.c.s.SSLConnectionSocketFactory -  negotiated protocol: TLSv1
02:36:34.839 [Test worker] DEBUG o.a.h.c.s.SSLConnectionSocketFactory -  negotiated cipher suite: TLS_ECDHE_RSA_WITH_AES_128_CBC_SHA
02:36:34.848 [Test worker] DEBUG o.a.h.c.s.SSLConnectionSocketFactory -  peer principal: CN=Thesis
02:36:34.848 [Test worker] DEBUG o.a.h.c.s.SSLConnectionSocketFactory -  issuer principal: EMAILADDRESS=sha@yamil.com, CN=Thesis, OU=Open, O=Fra, L=BER, ST=BER, C=DE
02:36:34.849 [Test worker] DEBUG o.a.h.i.c.DefaultHttpClientConnectionOperator - Connection established 127.0.0.1:41612<->127.0.1.1:2376
02:36:34.850 [Test worker] DEBUG o.a.h.impl.execchain.MainClientExec - Executing request POST /networks/create HTTP/1.1
02:36:34.850 [Test worker] DEBUG o.a.h.impl.execchain.MainClientExec - Target auth state: UNCHALLENGED
02:36:34.851 [Test worker] DEBUG o.a.h.impl.execchain.MainClientExec - Proxy auth state: UNCHALLENGED
02:36:34.851 [Test worker] DEBUG org.apache.http.headers - http-outgoing-156 >> POST /networks/create HTTP/1.1
02:36:34.851 [Test worker] DEBUG org.apache.http.headers - http-outgoing-156 >> Accept: application/json
02:36:34.851 [Test worker] DEBUG org.apache.http.headers - http-outgoing-156 >> Content-Type: application/json
02:36:34.851 [Test worker] DEBUG org.apache.http.headers - http-outgoing-156 >> User-Agent: Jersey/2.23.1 (Apache HttpClient 4.5.1)
02:36:34.851 [Test worker] DEBUG org.apache.http.headers - http-outgoing-156 >> Transfer-Encoding: chunked
02:36:34.852 [Test worker] DEBUG org.apache.http.headers - http-outgoing-156 >> Host: Thesis:2376
02:36:34.852 [Test worker] DEBUG org.apache.http.headers - http-outgoing-156 >> Connection: Keep-Alive
02:36:34.852 [Test worker] DEBUG org.apache.http.headers - http-outgoing-156 >> Accept-Encoding: gzip,deflate
02:36:34.864 [Test worker] DEBUG c.g.d.j.JerseyDockerCmdExecFactory - 7 * Sending client request on thread Test worker
7 > POST https://Thesis:2376/networks/create
7 > Accept: application/json
7 > Content-Type: application/json
{"enableIPv6":null,"Name":"MyNetwork","Driver":null,"IPAM":null,"Options":{},"CheckDuplicate":true,"Internal":null,"EnableIPv6":null}

02:36:34.867 [Test worker] DEBUG org.apache.http.wire - http-outgoing-156 >> "POST /networks/create HTTP/1.1[\r][\n]"
02:36:34.867 [Test worker] DEBUG org.apache.http.wire - http-outgoing-156 >> "Accept: application/json[\r][\n]"
02:36:34.867 [Test worker] DEBUG org.apache.http.wire - http-outgoing-156 >> "Content-Type: application/json[\r][\n]"
02:36:34.867 [Test worker] DEBUG org.apache.http.wire - http-outgoing-156 >> "User-Agent: Jersey/2.23.1 (Apache HttpClient 4.5.1)[\r][\n]"
02:36:34.867 [Test worker] DEBUG org.apache.http.wire - http-outgoing-156 >> "Transfer-Encoding: chunked[\r][\n]"
02:36:34.867 [Test worker] DEBUG org.apache.http.wire - http-outgoing-156 >> "Host: Thesis:2376[\r][\n]"
02:36:34.867 [Test worker] DEBUG org.apache.http.wire - http-outgoing-156 >> "Connection: Keep-Alive[\r][\n]"
02:36:34.867 [Test worker] DEBUG org.apache.http.wire - http-outgoing-156 >> "Accept-Encoding: gzip,deflate[\r][\n]"
02:36:34.872 [Test worker] DEBUG org.apache.http.wire - http-outgoing-156 >> "[\r][\n]"
02:36:34.872 [Test worker] DEBUG org.apache.http.wire - http-outgoing-156 >> "85[\r][\n]"
02:36:34.873 [Test worker] DEBUG org.apache.http.wire - http-outgoing-156 >> "{"enableIPv6":null,"Name":"MyNetwork","Driver":null,"IPAM":null,"Options":{},"CheckDuplicate":true,"Internal":null,"EnableIPv6":null}[\r][\n]"
02:36:34.873 [Test worker] DEBUG org.apache.http.wire - http-outgoing-156 >> "0[\r][\n]"
02:36:34.873 [Test worker] DEBUG org.apache.http.wire - http-outgoing-156 >> "[\r][\n]"
02:36:35.005 [Test worker] DEBUG org.apache.http.wire - http-outgoing-156 << "H"
02:36:35.009 [Test worker] DEBUG org.apache.http.wire - http-outgoing-156 << "TTP/1.1 201 Created[\r][\n]"
02:36:35.009 [Test worker] DEBUG org.apache.http.wire - http-outgoing-156 << "Content-Type: application/json[\r][\n]"
02:36:35.009 [Test worker] DEBUG org.apache.http.wire - http-outgoing-156 << "Server: Docker/1.12.3 (linux)[\r][\n]"
02:36:35.009 [Test worker] DEBUG org.apache.http.wire - http-outgoing-156 << "Date: Tue, 03 Jan 2017 01:36:34 GMT[\r][\n]"
02:36:35.009 [Test worker] DEBUG org.apache.http.wire - http-outgoing-156 << "Content-Length: 87[\r][\n]"
02:36:35.009 [Test worker] DEBUG org.apache.http.wire - http-outgoing-156 << "[\r][\n]"
02:36:35.009 [Test worker] DEBUG org.apache.http.wire - http-outgoing-156 << "{"Id":"02ceab7694858a4c2300ba48e19a5bf6a9486fc4bdf848f90b27bbe4c244566b","Warning":""}[\n]"
02:36:35.009 [Test worker] DEBUG org.apache.http.headers - http-outgoing-156 << HTTP/1.1 201 Created
02:36:35.009 [Test worker] DEBUG org.apache.http.headers - http-outgoing-156 << Content-Type: application/json
02:36:35.009 [Test worker] DEBUG org.apache.http.headers - http-outgoing-156 << Server: Docker/1.12.3 (linux)
02:36:35.009 [Test worker] DEBUG org.apache.http.headers - http-outgoing-156 << Date: Tue, 03 Jan 2017 01:36:34 GMT
02:36:35.009 [Test worker] DEBUG org.apache.http.headers - http-outgoing-156 << Content-Length: 87
02:36:35.009 [Test worker] DEBUG o.a.h.impl.execchain.MainClientExec - Connection can be kept alive indefinitely
02:36:35.010 [Test worker] DEBUG c.g.d.j.JerseyDockerCmdExecFactory - 8 * Client response received on thread Test worker
8 < 201
8 < Content-Length: 87
8 < Content-Type: application/json
8 < Date: Tue, 03 Jan 2017 01:36:34 GMT
8 < Server: Docker/1.12.3 (linux)
{"Id":"02ceab7694858a4c2300ba48e19a5bf6a9486fc4bdf848f90b27bbe4c244566b","Warning":""}


02:36:35.010 [Test worker] DEBUG o.a.h.i.c.DefaultManagedHttpClientConnection - http-outgoing-156: Close connection
02:36:35.011 [Test worker] DEBUG o.a.h.impl.execchain.MainClientExec - Connection discarded
02:36:35.011 [Test worker] DEBUG c.g.d.j.JerseyDockerCmdExecFactory$1 - Connection released: [id: 156][route: {s}->https://Thesis:2376][total kept alive: 1; route allocated: 1 of 2; total allocated: 1 of 20]
02:36:35.011 [Test worker] DEBUG c.g.d.core.command.AbstrDockerCmd - Cmd: 02ceab7694858a4c2300ba48e19a5bf6a9486fc4bdf848f90b27bbe4c244566b,com.github.dockerjava.jaxrs.InspectNetworkCmdExec@18a062f6
02:36:35.011 [Test worker] DEBUG c.g.d.jaxrs.ListNetworksCmdExec - GET: JerseyWebTarget { https://Thesis:2376/networks/02ceab7694858a4c2300ba48e19a5bf6a9486fc4bdf848f90b27bbe4c244566b }
02:36:35.011 [Test worker] DEBUG c.g.d.j.JerseyDockerCmdExecFactory - 9 * Sending client request on thread Test worker
9 > GET https://Thesis:2376/networks/02ceab7694858a4c2300ba48e19a5bf6a9486fc4bdf848f90b27bbe4c244566b
9 > Accept: application/json

02:36:35.011 [Test worker] DEBUG o.a.h.c.protocol.RequestAddCookies - CookieSpec selected: default
02:36:35.011 [Test worker] DEBUG o.a.h.c.protocol.RequestAuthCache - Auth cache not set in the context
02:36:35.033 [Test worker] DEBUG c.g.d.j.JerseyDockerCmdExecFactory$1 - Connection request: [route: {s}->https://Thesis:2376][total kept alive: 1; route allocated: 1 of 2; total allocated: 1 of 20]
02:36:35.033 [Test worker] DEBUG c.g.d.j.JerseyDockerCmdExecFactory$1 - Connection leased: [id: 157][route: {s}->https://Thesis:2376][total kept alive: 1; route allocated: 2 of 2; total allocated: 2 of 20]
02:36:35.033 [Test worker] DEBUG o.a.h.impl.execchain.MainClientExec - Opening connection {s}->https://Thesis:2376
02:36:35.043 [Test worker] DEBUG o.a.h.i.c.DefaultHttpClientConnectionOperator - Connecting to Thesis/127.0.1.1:2376
02:36:35.044 [Test worker] DEBUG o.a.h.c.s.SSLConnectionSocketFactory - Connecting socket to Thesis/127.0.1.1:2376 with timeout 0
02:36:35.044 [Test worker] DEBUG o.a.h.c.s.SSLConnectionSocketFactory - Enabled protocols: [TLSv1]
02:36:35.044 [Test worker] DEBUG o.a.h.c.s.SSLConnectionSocketFactory - Enabled cipher suites:[TLS_ECDHE_ECDSA_WITH_AES_128_CBC_SHA, TLS_ECDHE_RSA_WITH_AES_128_CBC_SHA, TLS_RSA_WITH_AES_128_CBC_SHA, TLS_ECDH_ECDSA_WITH_AES_128_CBC_SHA, TLS_ECDH_RSA_WITH_AES_128_CBC_SHA, TLS_DHE_RSA_WITH_AES_128_CBC_SHA, TLS_DHE_DSS_WITH_AES_128_CBC_SHA, TLS_ECDHE_ECDSA_WITH_3DES_EDE_CBC_SHA, TLS_ECDHE_RSA_WITH_3DES_EDE_CBC_SHA, SSL_RSA_WITH_3DES_EDE_CBC_SHA, TLS_ECDH_ECDSA_WITH_3DES_EDE_CBC_SHA, TLS_ECDH_RSA_WITH_3DES_EDE_CBC_SHA, SSL_DHE_RSA_WITH_3DES_EDE_CBC_SHA, SSL_DHE_DSS_WITH_3DES_EDE_CBC_SHA, TLS_ECDHE_ECDSA_WITH_RC4_128_SHA, TLS_ECDHE_RSA_WITH_RC4_128_SHA, SSL_RSA_WITH_RC4_128_SHA, TLS_ECDH_ECDSA_WITH_RC4_128_SHA, TLS_ECDH_RSA_WITH_RC4_128_SHA, SSL_RSA_WITH_RC4_128_MD5, TLS_EMPTY_RENEGOTIATION_INFO_SCSV]
02:36:35.045 [Test worker] DEBUG o.a.h.c.s.SSLConnectionSocketFactory - Starting handshake
02:36:35.217 [Test worker] DEBUG o.a.h.c.s.SSLConnectionSocketFactory - Secure session established
02:36:35.217 [Test worker] DEBUG o.a.h.c.s.SSLConnectionSocketFactory -  negotiated protocol: TLSv1
02:36:35.217 [Test worker] DEBUG o.a.h.c.s.SSLConnectionSocketFactory -  negotiated cipher suite: TLS_ECDHE_RSA_WITH_AES_128_CBC_SHA
02:36:35.217 [Test worker] DEBUG o.a.h.c.s.SSLConnectionSocketFactory -  peer principal: CN=Thesis
02:36:35.217 [Test worker] DEBUG o.a.h.c.s.SSLConnectionSocketFactory -  issuer principal: EMAILADDRESS=sha@yamil.com, CN=Thesis, OU=Open, O=Fra, L=BER, ST=BER, C=DE
02:36:35.218 [Test worker] DEBUG o.a.h.i.c.DefaultHttpClientConnectionOperator - Connection established 127.0.0.1:41614<->127.0.1.1:2376
02:36:35.218 [Test worker] DEBUG o.a.h.impl.execchain.MainClientExec - Executing request GET /networks/02ceab7694858a4c2300ba48e19a5bf6a9486fc4bdf848f90b27bbe4c244566b HTTP/1.1
02:36:35.218 [Test worker] DEBUG o.a.h.impl.execchain.MainClientExec - Target auth state: UNCHALLENGED
02:36:35.218 [Test worker] DEBUG o.a.h.impl.execchain.MainClientExec - Proxy auth state: UNCHALLENGED
02:36:35.218 [Test worker] DEBUG org.apache.http.headers - http-outgoing-157 >> GET /networks/02ceab7694858a4c2300ba48e19a5bf6a9486fc4bdf848f90b27bbe4c244566b HTTP/1.1
02:36:35.218 [Test worker] DEBUG org.apache.http.headers - http-outgoing-157 >> Accept: application/json
02:36:35.218 [Test worker] DEBUG org.apache.http.headers - http-outgoing-157 >> User-Agent: Jersey/2.23.1 (Apache HttpClient 4.5.1)
02:36:35.218 [Test worker] DEBUG org.apache.http.headers - http-outgoing-157 >> Host: Thesis:2376
02:36:35.218 [Test worker] DEBUG org.apache.http.headers - http-outgoing-157 >> Connection: Keep-Alive
02:36:35.218 [Test worker] DEBUG org.apache.http.headers - http-outgoing-157 >> Accept-Encoding: gzip,deflate
02:36:35.219 [Test worker] DEBUG org.apache.http.wire - http-outgoing-157 >> "GET /networks/02ceab7694858a4c2300ba48e19a5bf6a9486fc4bdf848f90b27bbe4c244566b HTTP/1.1[\r][\n]"
02:36:35.219 [Test worker] DEBUG org.apache.http.wire - http-outgoing-157 >> "Accept: application/json[\r][\n]"
02:36:35.219 [Test worker] DEBUG org.apache.http.wire - http-outgoing-157 >> "User-Agent: Jersey/2.23.1 (Apache HttpClient 4.5.1)[\r][\n]"
02:36:35.219 [Test worker] DEBUG org.apache.http.wire - http-outgoing-157 >> "Host: Thesis:2376[\r][\n]"
02:36:35.219 [Test worker] DEBUG org.apache.http.wire - http-outgoing-157 >> "Connection: Keep-Alive[\r][\n]"
02:36:35.219 [Test worker] DEBUG org.apache.http.wire - http-outgoing-157 >> "Accept-Encoding: gzip,deflate[\r][\n]"
02:36:35.219 [Test worker] DEBUG org.apache.http.wire - http-outgoing-157 >> "[\r][\n]"
02:36:35.220 [Test worker] DEBUG org.apache.http.wire - http-outgoing-157 << "H"
02:36:35.220 [Test worker] DEBUG org.apache.http.wire - http-outgoing-157 << "TTP/1.1 200 OK[\r][\n]"
02:36:35.220 [Test worker] DEBUG org.apache.http.wire - http-outgoing-157 << "Content-Type: application/json[\r][\n]"
02:36:35.220 [Test worker] DEBUG org.apache.http.wire - http-outgoing-157 << "Server: Docker/1.12.3 (linux)[\r][\n]"
02:36:35.220 [Test worker] DEBUG org.apache.http.wire - http-outgoing-157 << "Date: Tue, 03 Jan 2017 01:36:35 GMT[\r][\n]"
02:36:35.220 [Test worker] DEBUG org.apache.http.wire - http-outgoing-157 << "Content-Length: 311[\r][\n]"
02:36:35.220 [Test worker] DEBUG org.apache.http.wire - http-outgoing-157 << "[\r][\n]"
02:36:35.220 [Test worker] DEBUG org.apache.http.wire - http-outgoing-157 << "{"Name":"MyNetwork","Id":"02ceab7694858a4c2300ba48e19a5bf6a9486fc4bdf848f90b27bbe4c244566b","Scope":"local","Driver":"bridge","EnableIPv6":false,"IPAM":{"Driver":"default","Options":null,"Config":[{"Subnet":"172.18.0.0/16","Gateway":"172.18.0.1/16"}]},"Internal":false,"Containers":{},"Options":{},"Labels":{}}[\n]"
02:36:35.220 [Test worker] DEBUG org.apache.http.headers - http-outgoing-157 << HTTP/1.1 200 OK
02:36:35.221 [Test worker] DEBUG org.apache.http.headers - http-outgoing-157 << Content-Type: application/json
02:36:35.221 [Test worker] DEBUG org.apache.http.headers - http-outgoing-157 << Server: Docker/1.12.3 (linux)
02:36:35.221 [Test worker] DEBUG org.apache.http.headers - http-outgoing-157 << Date: Tue, 03 Jan 2017 01:36:35 GMT
02:36:35.221 [Test worker] DEBUG org.apache.http.headers - http-outgoing-157 << Content-Length: 311
02:36:35.221 [Test worker] DEBUG o.a.h.impl.execchain.MainClientExec - Connection can be kept alive indefinitely
02:36:35.221 [Test worker] DEBUG c.g.d.j.JerseyDockerCmdExecFactory - 10 * Client response received on thread Test worker
10 < 200
10 < Content-Length: 311
10 < Content-Type: application/json
10 < Date: Tue, 03 Jan 2017 01:36:35 GMT
10 < Server: Docker/1.12.3 (linux)
{"Name":"MyNetwork","Id":"02ceab7694858a4c2300ba48e19a5bf6a9486fc4bdf848f90b27bbe4c244566b","Scope":"local","Driver":"bridge","EnableIPv6":false,"IPAM":{"Driver":"default","Options":null,"Config":[{"Subnet":"172.18.0.0/16","Gateway":"172.18.0.1/16"}]},"Internal":false,"Containers":{},"Options":{},"Labels":{}}


02:36:35.222 [Test worker] DEBUG o.a.h.i.c.DefaultManagedHttpClientConnection - http-outgoing-157: Close connection
02:36:35.222 [Test worker] DEBUG o.a.h.impl.execchain.MainClientExec - Connection discarded
02:36:35.223 [Test worker] DEBUG c.g.d.j.JerseyDockerCmdExecFactory$1 - Connection released: [id: 157][route: {s}->https://Thesis:2376][total kept alive: 1; route allocated: 1 of 2; total allocated: 1 of 20]
02:36:35.223 [Test worker] DEBUG org.openbaton.docker.DockerVim - Network successfully created
02:36:35.223 [Test worker] DEBUG c.g.d.core.command.AbstrDockerCmd - Cmd: ListImagesCmdImpl[imageNameFilter=<null>,showAll=true,filters=com.github.dockerjava.core.util.FiltersBuilder@0,execution=com.github.dockerjava.jaxrs.ListImagesCmdExec@4e2d4656]
02:36:35.223 [Test worker] DEBUG c.g.d.j.JerseyDockerCmdExecFactory - 11 * Sending client request on thread Test worker
11 > GET https://Thesis:2376/images/json?all=true
11 > Accept: application/json

02:36:35.224 [Test worker] DEBUG o.a.h.c.protocol.RequestAddCookies - CookieSpec selected: default
02:36:35.224 [Test worker] DEBUG o.a.h.c.protocol.RequestAuthCache - Auth cache not set in the context
02:36:35.224 [Test worker] DEBUG c.g.d.j.JerseyDockerCmdExecFactory$1 - Connection request: [route: {s}->https://Thesis:2376][total kept alive: 1; route allocated: 1 of 2; total allocated: 1 of 20]
02:36:35.224 [Test worker] DEBUG c.g.d.j.JerseyDockerCmdExecFactory$1 - Connection leased: [id: 158][route: {s}->https://Thesis:2376][total kept alive: 1; route allocated: 2 of 2; total allocated: 2 of 20]
02:36:35.232 [Test worker] DEBUG o.a.h.impl.execchain.MainClientExec - Opening connection {s}->https://Thesis:2376
02:36:35.232 [Test worker] DEBUG o.a.h.i.c.DefaultHttpClientConnectionOperator - Connecting to Thesis/127.0.1.1:2376
02:36:35.232 [Test worker] DEBUG o.a.h.c.s.SSLConnectionSocketFactory - Connecting socket to Thesis/127.0.1.1:2376 with timeout 0
02:36:35.233 [Test worker] DEBUG o.a.h.c.s.SSLConnectionSocketFactory - Enabled protocols: [TLSv1]
02:36:35.233 [Test worker] DEBUG o.a.h.c.s.SSLConnectionSocketFactory - Enabled cipher suites:[TLS_ECDHE_ECDSA_WITH_AES_128_CBC_SHA, TLS_ECDHE_RSA_WITH_AES_128_CBC_SHA, TLS_RSA_WITH_AES_128_CBC_SHA, TLS_ECDH_ECDSA_WITH_AES_128_CBC_SHA, TLS_ECDH_RSA_WITH_AES_128_CBC_SHA, TLS_DHE_RSA_WITH_AES_128_CBC_SHA, TLS_DHE_DSS_WITH_AES_128_CBC_SHA, TLS_ECDHE_ECDSA_WITH_3DES_EDE_CBC_SHA, TLS_ECDHE_RSA_WITH_3DES_EDE_CBC_SHA, SSL_RSA_WITH_3DES_EDE_CBC_SHA, TLS_ECDH_ECDSA_WITH_3DES_EDE_CBC_SHA, TLS_ECDH_RSA_WITH_3DES_EDE_CBC_SHA, SSL_DHE_RSA_WITH_3DES_EDE_CBC_SHA, SSL_DHE_DSS_WITH_3DES_EDE_CBC_SHA, TLS_ECDHE_ECDSA_WITH_RC4_128_SHA, TLS_ECDHE_RSA_WITH_RC4_128_SHA, SSL_RSA_WITH_RC4_128_SHA, TLS_ECDH_ECDSA_WITH_RC4_128_SHA, TLS_ECDH_RSA_WITH_RC4_128_SHA, SSL_RSA_WITH_RC4_128_MD5, TLS_EMPTY_RENEGOTIATION_INFO_SCSV]
02:36:35.233 [Test worker] DEBUG o.a.h.c.s.SSLConnectionSocketFactory - Starting handshake
02:36:35.311 [Test worker] DEBUG o.a.h.c.s.SSLConnectionSocketFactory - Secure session established
02:36:35.311 [Test worker] DEBUG o.a.h.c.s.SSLConnectionSocketFactory -  negotiated protocol: TLSv1
02:36:35.312 [Test worker] DEBUG o.a.h.c.s.SSLConnectionSocketFactory -  negotiated cipher suite: TLS_ECDHE_RSA_WITH_AES_128_CBC_SHA
02:36:35.312 [Test worker] DEBUG o.a.h.c.s.SSLConnectionSocketFactory -  peer principal: CN=Thesis
02:36:35.312 [Test worker] DEBUG o.a.h.c.s.SSLConnectionSocketFactory -  issuer principal: EMAILADDRESS=sha@yamil.com, CN=Thesis, OU=Open, O=Fra, L=BER, ST=BER, C=DE
02:36:35.312 [Test worker] DEBUG o.a.h.i.c.DefaultHttpClientConnectionOperator - Connection established 127.0.0.1:41616<->127.0.1.1:2376
02:36:35.312 [Test worker] DEBUG o.a.h.impl.execchain.MainClientExec - Executing request GET /images/json?all=true HTTP/1.1
02:36:35.312 [Test worker] DEBUG o.a.h.impl.execchain.MainClientExec - Target auth state: UNCHALLENGED
02:36:35.312 [Test worker] DEBUG o.a.h.impl.execchain.MainClientExec - Proxy auth state: UNCHALLENGED
02:36:35.313 [Test worker] DEBUG org.apache.http.headers - http-outgoing-158 >> GET /images/json?all=true HTTP/1.1
02:36:35.313 [Test worker] DEBUG org.apache.http.headers - http-outgoing-158 >> Accept: application/json
02:36:35.313 [Test worker] DEBUG org.apache.http.headers - http-outgoing-158 >> User-Agent: Jersey/2.23.1 (Apache HttpClient 4.5.1)
02:36:35.313 [Test worker] DEBUG org.apache.http.headers - http-outgoing-158 >> Host: Thesis:2376
02:36:35.313 [Test worker] DEBUG org.apache.http.headers - http-outgoing-158 >> Connection: Keep-Alive
02:36:35.313 [Test worker] DEBUG org.apache.http.headers - http-outgoing-158 >> Accept-Encoding: gzip,deflate
02:36:35.313 [Test worker] DEBUG org.apache.http.wire - http-outgoing-158 >> "GET /images/json?all=true HTTP/1.1[\r][\n]"
02:36:35.313 [Test worker] DEBUG org.apache.http.wire - http-outgoing-158 >> "Accept: application/json[\r][\n]"
02:36:35.313 [Test worker] DEBUG org.apache.http.wire - http-outgoing-158 >> "User-Agent: Jersey/2.23.1 (Apache HttpClient 4.5.1)[\r][\n]"
02:36:35.313 [Test worker] DEBUG org.apache.http.wire - http-outgoing-158 >> "Host: Thesis:2376[\r][\n]"
02:36:35.313 [Test worker] DEBUG org.apache.http.wire - http-outgoing-158 >> "Connection: Keep-Alive[\r][\n]"
02:36:35.313 [Test worker] DEBUG org.apache.http.wire - http-outgoing-158 >> "Accept-Encoding: gzip,deflate[\r][\n]"
02:36:35.314 [Test worker] DEBUG org.apache.http.wire - http-outgoing-158 >> "[\r][\n]"
02:36:35.314 [Test worker] DEBUG org.apache.http.wire - http-outgoing-158 << "H"
02:36:35.315 [Test worker] DEBUG org.apache.http.wire - http-outgoing-158 << "TTP/1.1 200 OK[\r][\n]"
02:36:35.315 [Test worker] DEBUG org.apache.http.wire - http-outgoing-158 << "Content-Type: application/json[\r][\n]"
02:36:35.315 [Test worker] DEBUG org.apache.http.wire - http-outgoing-158 << "Server: Docker/1.12.3 (linux)[\r][\n]"
02:36:35.315 [Test worker] DEBUG org.apache.http.wire - http-outgoing-158 << "Date: Tue, 03 Jan 2017 01:36:35 GMT[\r][\n]"
02:36:35.315 [Test worker] DEBUG org.apache.http.wire - http-outgoing-158 << "Content-Length: 1195[\r][\n]"
02:36:35.315 [Test worker] DEBUG org.apache.http.wire - http-outgoing-158 << "[\r][\n]"
02:36:35.315 [Test worker] DEBUG org.apache.http.wire - http-outgoing-158 << "[{"Id":"sha256:4ca3a192ff2a5b7e225e81dc006b6379c10776ed3619757a65608cb72de0a7f6","ParentId":"","RepoTags":["ubuntu:latest"],"RepoDigests":["ubuntu@sha256:3b64c309deae7ab0f7dbdd42b6b326261ccd6261da5d88396439353162703fb5"],"Created":1480449877,"Size":128206574,"VirtualSize":128206574,"Labels":{}},{"Id":"sha256:aae2b63c49461fcae4962e4a8043f66acf8e3af7e62f5ebceb70b181d8ca01e0","ParentId":"","RepoTags":["ubuntu:14.04"],"RepoDigests":["ubuntu@sha256:edb984703bd3e8981ff541a5b9297ca1b81fde6e6e8094d86e390a38ebc30b4d"],"Created":1480449856,"Size":187952254,"VirtualSize":187952254,"Labels":{}},{"Id":"sha256:e02e811dd08fd49e7f6032625495118e63f597eb150403d02e3238af1df240ba","ParentId":"","RepoTags":["busybox:latest"],"RepoDigests":["busybox@sha256:29f5d56d12684887bdfa50dcd29fc31eea4aaf4ad3bec43daf19026a7ce69912"],"Created":1475874238,"Size":1093484,"VirtualSize":1093484,"Labels":{}},{"Id":"sha256:d654de4499473ed41349b54a988b6f46a7fc92e3fa2d61e102bf2660a0116e25","ParentId":"","RepoTags":["sakib37/iperf3:latest"],"RepoDigests":["sakib37/iperf3@sha256:8d80a810f8f508c074b14d02555f20110eac382c8dbda7252075392983629d40"],"Created":1474907599,"Size":199456654,"VirtualSize":199456654,"Labels":{}}][\n]"
02:36:35.315 [Test worker] DEBUG org.apache.http.headers - http-outgoing-158 << HTTP/1.1 200 OK
02:36:35.315 [Test worker] DEBUG org.apache.http.headers - http-outgoing-158 << Content-Type: application/json
02:36:35.315 [Test worker] DEBUG org.apache.http.headers - http-outgoing-158 << Server: Docker/1.12.3 (linux)
02:36:35.315 [Test worker] DEBUG org.apache.http.headers - http-outgoing-158 << Date: Tue, 03 Jan 2017 01:36:35 GMT
02:36:35.315 [Test worker] DEBUG org.apache.http.headers - http-outgoing-158 << Content-Length: 1195
02:36:35.316 [Test worker] DEBUG o.a.h.impl.execchain.MainClientExec - Connection can be kept alive indefinitely
02:36:35.316 [Test worker] DEBUG c.g.d.j.JerseyDockerCmdExecFactory - 12 * Client response received on thread Test worker
12 < 200
12 < Content-Length: 1195
12 < Content-Type: application/json
12 < Date: Tue, 03 Jan 2017 01:36:35 GMT
12 < Server: Docker/1.12.3 (linux)
[{"Id":"sha256:4ca3a192ff2a5b7e225e81dc006b6379c10776ed3619757a65608cb72de0a7f6","ParentId":"","RepoTags":["ubuntu:latest"],"RepoDigests":["ubuntu@sha256:3b64c309deae7ab0f7dbdd42b6b326261ccd6261da5d88396439353162703fb5"],"Created":1480449877,"Size":128206574,"VirtualSize":128206574,"Labels":{}},{"Id":"sha256:aae2b63c49461fcae4962e4a8043f66acf8e3af7e62f5ebceb70b181d8ca01e0","ParentId":"","RepoTags":["ubuntu:14.04"],"RepoDigests":["ubuntu@sha256:edb984703bd3e8981ff541a5b9297ca1b81fde6e6e8094d86e390a38ebc30b4d"],"Created":1480449856,"Size":187952254,"VirtualSize":187952254,"Labels":{}},{"Id":"sha256:e02e811dd08fd49e7f6032625495118e63f597eb150403d02e3238af1df240ba","ParentId":"","RepoTags":["busybox:latest"],"RepoDigests":["busybox@sha256:29f5d56d12684887bdfa50dcd29fc31eea4aaf4ad3bec43daf19026a7ce69912"],"Created":1475874238,"Size":1093484,"VirtualSize":1093484,"Labels":{}},{"Id":"sha256:d654de4499473ed41349b54a988b6f46a7fc92e3fa2d61e102bf2660a0116e25","ParentId":"","RepoTags":["sakib37/iperf3:latest"],"RepoDigests":["sakib37/iperf3@sha256:8d80a810f8f508c074b14d02555f20110eac382c8dbda7252075392983629d40"],"Created":1474907599,"Size":199456654,"VirtualSize":199456654,"Labels":{}}]


02:36:35.323 [Test worker] DEBUG o.a.h.i.c.DefaultManagedHttpClientConnection - http-outgoing-158: Close connection
02:36:35.323 [Test worker] DEBUG o.a.h.impl.execchain.MainClientExec - Connection discarded
02:36:35.323 [Test worker] DEBUG c.g.d.j.JerseyDockerCmdExecFactory$1 - Connection released: [id: 158][route: {s}->https://Thesis:2376][total kept alive: 1; route allocated: 1 of 2; total allocated: 1 of 20]
02:36:35.323 [Test worker] DEBUG c.g.d.core.command.AbstrDockerCmd - Cmd: com.github.dockerjava.core.command.CreateContainerCmdImpl@10bb3372[name=MyContainer,hostName=MyContainer,domainName=<null>,user=<null>,attachStdin=<null>,attachStdout=<null>,attachStderr=<null>,portSpecs=<null>,tty=<null>,stdinOpen=<null>,stdInOnce=<null>,env={port=8080,TERM=xterm},cmd={sleep,99999},entrypoint=<null>,image=ubuntu:14.04,volumes=com.github.dockerjava.api.model.Volumes@722e89f2,workingDir=<null>,macAddress=<null>,networkDisabled=<null>,exposedPorts=com.github.dockerjava.api.model.ExposedPorts@4d62a96e,stopSignal=<null>,hostConfig=com.github.dockerjava.api.model.HostConfig@8619c73[binds=<null>,blkioWeight=<null>,blkioWeightDevice=<null>,blkioDeviceReadBps=<null>,blkioDeviceReadIOps=<null>,blkioDeviceWriteBps=<null>,blkioDeviceWriteIOps=<null>,memorySwappiness=<null>,capAdd=<null>,capDrop=<null>,containerIDFile=<null>,cpuPeriod=<null>,cpuShares=<null>,cpuQuota=<null>,cpusetCpus=<null>,cpusetMems=<null>,devices=<null>,dns=<null>,dnsSearch=<null>,extraHosts=<null>,links=<null>,logConfig=<null>,lxcConf=<null>,memory=<null>,memorySwap=<null>,memoryReservation=<null>,kernelMemory=<null>,networkMode=<null>,oomKillDisable=<null>,oomScoreAdj=<null>,portBindings={8084/tcp=[Lcom.github.dockerjava.api.model.Ports$Binding;@ae1c3e5},privileged=<null>,publishAllPorts=<null>,readonlyRootfs=<null>,restartPolicy=<null>,ulimits=<null>,volumesFrom=<null>,pidMode=<null>,securityOpts=<null>,cgroupParent=<null>,volumeDriver=<null>,shmSize=<null>],labels=<null>,networkingConfig=<null>,ipv4Address=<null>,ipv6Address=<null>,aliases=<null>,execution=com.github.dockerjava.jaxrs.CreateContainerCmdExec@7a9290de]
02:36:35.325 [Test worker] DEBUG o.a.h.c.protocol.RequestAddCookies - CookieSpec selected: default
02:36:35.332 [Test worker] DEBUG o.a.h.c.protocol.RequestAuthCache - Auth cache not set in the context
02:36:35.332 [Test worker] DEBUG c.g.d.j.JerseyDockerCmdExecFactory$1 - Connection request: [route: {s}->https://Thesis:2376][total kept alive: 1; route allocated: 1 of 2; total allocated: 1 of 20]
02:36:35.332 [Test worker] DEBUG c.g.d.j.JerseyDockerCmdExecFactory$1 - Connection leased: [id: 159][route: {s}->https://Thesis:2376][total kept alive: 1; route allocated: 2 of 2; total allocated: 2 of 20]
02:36:35.337 [Test worker] DEBUG o.a.h.impl.execchain.MainClientExec - Opening connection {s}->https://Thesis:2376
02:36:35.337 [Test worker] DEBUG o.a.h.i.c.DefaultHttpClientConnectionOperator - Connecting to Thesis/127.0.1.1:2376
02:36:35.337 [Test worker] DEBUG o.a.h.c.s.SSLConnectionSocketFactory - Connecting socket to Thesis/127.0.1.1:2376 with timeout 0
02:36:35.338 [Test worker] DEBUG o.a.h.c.s.SSLConnectionSocketFactory - Enabled protocols: [TLSv1]
02:36:35.338 [Test worker] DEBUG o.a.h.c.s.SSLConnectionSocketFactory - Enabled cipher suites:[TLS_ECDHE_ECDSA_WITH_AES_128_CBC_SHA, TLS_ECDHE_RSA_WITH_AES_128_CBC_SHA, TLS_RSA_WITH_AES_128_CBC_SHA, TLS_ECDH_ECDSA_WITH_AES_128_CBC_SHA, TLS_ECDH_RSA_WITH_AES_128_CBC_SHA, TLS_DHE_RSA_WITH_AES_128_CBC_SHA, TLS_DHE_DSS_WITH_AES_128_CBC_SHA, TLS_ECDHE_ECDSA_WITH_3DES_EDE_CBC_SHA, TLS_ECDHE_RSA_WITH_3DES_EDE_CBC_SHA, SSL_RSA_WITH_3DES_EDE_CBC_SHA, TLS_ECDH_ECDSA_WITH_3DES_EDE_CBC_SHA, TLS_ECDH_RSA_WITH_3DES_EDE_CBC_SHA, SSL_DHE_RSA_WITH_3DES_EDE_CBC_SHA, SSL_DHE_DSS_WITH_3DES_EDE_CBC_SHA, TLS_ECDHE_ECDSA_WITH_RC4_128_SHA, TLS_ECDHE_RSA_WITH_RC4_128_SHA, SSL_RSA_WITH_RC4_128_SHA, TLS_ECDH_ECDSA_WITH_RC4_128_SHA, TLS_ECDH_RSA_WITH_RC4_128_SHA, SSL_RSA_WITH_RC4_128_MD5, TLS_EMPTY_RENEGOTIATION_INFO_SCSV]
02:36:35.338 [Test worker] DEBUG o.a.h.c.s.SSLConnectionSocketFactory - Starting handshake
02:36:35.445 [Test worker] DEBUG o.a.h.c.s.SSLConnectionSocketFactory - Secure session established
02:36:35.446 [Test worker] DEBUG o.a.h.c.s.SSLConnectionSocketFactory -  negotiated protocol: TLSv1
02:36:35.446 [Test worker] DEBUG o.a.h.c.s.SSLConnectionSocketFactory -  negotiated cipher suite: TLS_ECDHE_RSA_WITH_AES_128_CBC_SHA
02:36:35.446 [Test worker] DEBUG o.a.h.c.s.SSLConnectionSocketFactory -  peer principal: CN=Thesis
02:36:35.446 [Test worker] DEBUG o.a.h.c.s.SSLConnectionSocketFactory -  issuer principal: EMAILADDRESS=sha@yamil.com, CN=Thesis, OU=Open, O=Fra, L=BER, ST=BER, C=DE
02:36:35.446 [Test worker] DEBUG o.a.h.i.c.DefaultHttpClientConnectionOperator - Connection established 127.0.0.1:41618<->127.0.1.1:2376
02:36:35.446 [Test worker] DEBUG o.a.h.impl.execchain.MainClientExec - Executing request POST /containers/create?name=MyContainer HTTP/1.1
02:36:35.446 [Test worker] DEBUG o.a.h.impl.execchain.MainClientExec - Target auth state: UNCHALLENGED
02:36:35.446 [Test worker] DEBUG o.a.h.impl.execchain.MainClientExec - Proxy auth state: UNCHALLENGED
02:36:35.446 [Test worker] DEBUG org.apache.http.headers - http-outgoing-159 >> POST /containers/create?name=MyContainer HTTP/1.1
02:36:35.447 [Test worker] DEBUG org.apache.http.headers - http-outgoing-159 >> Accept: application/json
02:36:35.447 [Test worker] DEBUG org.apache.http.headers - http-outgoing-159 >> Content-Type: application/json
02:36:35.447 [Test worker] DEBUG org.apache.http.headers - http-outgoing-159 >> User-Agent: Jersey/2.23.1 (Apache HttpClient 4.5.1)
02:36:35.447 [Test worker] DEBUG org.apache.http.headers - http-outgoing-159 >> Transfer-Encoding: chunked
02:36:35.447 [Test worker] DEBUG org.apache.http.headers - http-outgoing-159 >> Host: Thesis:2376
02:36:35.447 [Test worker] DEBUG org.apache.http.headers - http-outgoing-159 >> Connection: Keep-Alive
02:36:35.447 [Test worker] DEBUG org.apache.http.headers - http-outgoing-159 >> Accept-Encoding: gzip,deflate
02:36:35.468 [Test worker] DEBUG c.g.d.j.JerseyDockerCmdExecFactory - 13 * Sending client request on thread Test worker
13 > POST https://Thesis:2376/containers/create?name=MyContainer
13 > Accept: application/json
13 > Content-Type: application/json
{"name":"MyContainer","Hostname":"MyContainer","Env":["port=8080","TERM=xterm"],"Cmd":["sleep","99999"],"Image":"ubuntu:14.04","Volumes":{},"ExposedPorts":{"8084/tcp":{}},"HostConfig":{"PortBindings":{"8084/tcp":[{"HostIp":"","HostPort":"8084"}]}}}

02:36:35.468 [Test worker] DEBUG org.apache.http.wire - http-outgoing-159 >> "POST /containers/create?name=MyContainer HTTP/1.1[\r][\n]"
02:36:35.468 [Test worker] DEBUG org.apache.http.wire - http-outgoing-159 >> "Accept: application/json[\r][\n]"
02:36:35.468 [Test worker] DEBUG org.apache.http.wire - http-outgoing-159 >> "Content-Type: application/json[\r][\n]"
02:36:35.468 [Test worker] DEBUG org.apache.http.wire - http-outgoing-159 >> "User-Agent: Jersey/2.23.1 (Apache HttpClient 4.5.1)[\r][\n]"
02:36:35.468 [Test worker] DEBUG org.apache.http.wire - http-outgoing-159 >> "Transfer-Encoding: chunked[\r][\n]"
02:36:35.468 [Test worker] DEBUG org.apache.http.wire - http-outgoing-159 >> "Host: Thesis:2376[\r][\n]"
02:36:35.468 [Test worker] DEBUG org.apache.http.wire - http-outgoing-159 >> "Connection: Keep-Alive[\r][\n]"
02:36:35.469 [Test worker] DEBUG org.apache.http.wire - http-outgoing-159 >> "Accept-Encoding: gzip,deflate[\r][\n]"
02:36:35.469 [Test worker] DEBUG org.apache.http.wire - http-outgoing-159 >> "[\r][\n]"
02:36:35.469 [Test worker] DEBUG org.apache.http.wire - http-outgoing-159 >> "f8[\r][\n]"
02:36:35.469 [Test worker] DEBUG org.apache.http.wire - http-outgoing-159 >> "{"name":"MyContainer","Hostname":"MyContainer","Env":["port=8080","TERM=xterm"],"Cmd":["sleep","99999"],"Image":"ubuntu:14.04","Volumes":{},"ExposedPorts":{"8084/tcp":{}},"HostConfig":{"PortBindings":{"8084/tcp":[{"HostIp":"","HostPort":"8084"}]}}}[\r][\n]"
02:36:35.469 [Test worker] DEBUG org.apache.http.wire - http-outgoing-159 >> "0[\r][\n]"
02:36:35.469 [Test worker] DEBUG org.apache.http.wire - http-outgoing-159 >> "[\r][\n]"
02:36:35.489 [Test worker] DEBUG org.apache.http.wire - http-outgoing-159 << "H"
02:36:35.490 [Test worker] DEBUG org.apache.http.wire - http-outgoing-159 << "TTP/1.1 201 Created[\r][\n]"
02:36:35.490 [Test worker] DEBUG org.apache.http.wire - http-outgoing-159 << "Content-Type: application/json[\r][\n]"
02:36:35.490 [Test worker] DEBUG org.apache.http.wire - http-outgoing-159 << "Server: Docker/1.12.3 (linux)[\r][\n]"
02:36:35.490 [Test worker] DEBUG org.apache.http.wire - http-outgoing-159 << "Date: Tue, 03 Jan 2017 01:36:35 GMT[\r][\n]"
02:36:35.490 [Test worker] DEBUG org.apache.http.wire - http-outgoing-159 << "Content-Length: 90[\r][\n]"
02:36:35.490 [Test worker] DEBUG org.apache.http.wire - http-outgoing-159 << "[\r][\n]"
02:36:35.490 [Test worker] DEBUG org.apache.http.wire - http-outgoing-159 << "{"Id":"ee9e791549f83a5eb95afcb8171e704aa4d068a4ae49f85dd680cd46c6d23523","Warnings":null}[\n]"
02:36:35.490 [Test worker] DEBUG org.apache.http.headers - http-outgoing-159 << HTTP/1.1 201 Created
02:36:35.490 [Test worker] DEBUG org.apache.http.headers - http-outgoing-159 << Content-Type: application/json
02:36:35.490 [Test worker] DEBUG org.apache.http.headers - http-outgoing-159 << Server: Docker/1.12.3 (linux)
02:36:35.491 [Test worker] DEBUG org.apache.http.headers - http-outgoing-159 << Date: Tue, 03 Jan 2017 01:36:35 GMT
02:36:35.491 [Test worker] DEBUG org.apache.http.headers - http-outgoing-159 << Content-Length: 90
02:36:35.491 [Test worker] DEBUG o.a.h.impl.execchain.MainClientExec - Connection can be kept alive indefinitely
02:36:35.491 [Test worker] DEBUG c.g.d.j.JerseyDockerCmdExecFactory - 14 * Client response received on thread Test worker
14 < 201
14 < Content-Length: 90
14 < Content-Type: application/json
14 < Date: Tue, 03 Jan 2017 01:36:35 GMT
14 < Server: Docker/1.12.3 (linux)
{"Id":"ee9e791549f83a5eb95afcb8171e704aa4d068a4ae49f85dd680cd46c6d23523","Warnings":null}


02:36:35.492 [Test worker] DEBUG o.a.h.i.c.DefaultManagedHttpClientConnection - http-outgoing-159: Close connection
02:36:35.492 [Test worker] DEBUG o.a.h.impl.execchain.MainClientExec - Connection discarded
02:36:35.493 [Test worker] DEBUG c.g.d.j.JerseyDockerCmdExecFactory$1 - Connection released: [id: 159][route: {s}->https://Thesis:2376][total kept alive: 1; route allocated: 1 of 2; total allocated: 1 of 20]
02:36:35.493 [Test worker] DEBUG org.openbaton.docker.DockerVim - Instance created successfully
02:36:35.493 [Test worker] DEBUG c.g.d.core.command.AbstrDockerCmd - Cmd: ee9e791549f83a5eb95afcb8171e704aa4d068a4ae49f85dd680cd46c6d23523,com.github.dockerjava.jaxrs.StartContainerCmdExec@77c7bb87
02:36:35.493 [Test worker] DEBUG c.g.d.j.JerseyDockerCmdExecFactory - 15 * Sending client request on thread Test worker
15 > POST https://Thesis:2376/containers/ee9e791549f83a5eb95afcb8171e704aa4d068a4ae49f85dd680cd46c6d23523/start
15 > Accept: application/json

02:36:35.494 [Test worker] DEBUG o.a.h.c.protocol.RequestAddCookies - CookieSpec selected: default
02:36:35.494 [Test worker] DEBUG o.a.h.c.protocol.RequestAuthCache - Auth cache not set in the context
02:36:35.494 [Test worker] DEBUG c.g.d.j.JerseyDockerCmdExecFactory$1 - Connection request: [route: {s}->https://Thesis:2376][total kept alive: 1; route allocated: 1 of 2; total allocated: 1 of 20]
02:36:35.494 [Test worker] DEBUG c.g.d.j.JerseyDockerCmdExecFactory$1 - Connection leased: [id: 160][route: {s}->https://Thesis:2376][total kept alive: 1; route allocated: 2 of 2; total allocated: 2 of 20]
02:36:35.494 [Test worker] DEBUG o.a.h.impl.execchain.MainClientExec - Opening connection {s}->https://Thesis:2376
02:36:35.494 [Test worker] DEBUG o.a.h.i.c.DefaultHttpClientConnectionOperator - Connecting to Thesis/127.0.1.1:2376
02:36:35.494 [Test worker] DEBUG o.a.h.c.s.SSLConnectionSocketFactory - Connecting socket to Thesis/127.0.1.1:2376 with timeout 0
02:36:35.495 [Test worker] DEBUG o.a.h.c.s.SSLConnectionSocketFactory - Enabled protocols: [TLSv1]
02:36:35.495 [Test worker] DEBUG o.a.h.c.s.SSLConnectionSocketFactory - Enabled cipher suites:[TLS_ECDHE_ECDSA_WITH_AES_128_CBC_SHA, TLS_ECDHE_RSA_WITH_AES_128_CBC_SHA, TLS_RSA_WITH_AES_128_CBC_SHA, TLS_ECDH_ECDSA_WITH_AES_128_CBC_SHA, TLS_ECDH_RSA_WITH_AES_128_CBC_SHA, TLS_DHE_RSA_WITH_AES_128_CBC_SHA, TLS_DHE_DSS_WITH_AES_128_CBC_SHA, TLS_ECDHE_ECDSA_WITH_3DES_EDE_CBC_SHA, TLS_ECDHE_RSA_WITH_3DES_EDE_CBC_SHA, SSL_RSA_WITH_3DES_EDE_CBC_SHA, TLS_ECDH_ECDSA_WITH_3DES_EDE_CBC_SHA, TLS_ECDH_RSA_WITH_3DES_EDE_CBC_SHA, SSL_DHE_RSA_WITH_3DES_EDE_CBC_SHA, SSL_DHE_DSS_WITH_3DES_EDE_CBC_SHA, TLS_ECDHE_ECDSA_WITH_RC4_128_SHA, TLS_ECDHE_RSA_WITH_RC4_128_SHA, SSL_RSA_WITH_RC4_128_SHA, TLS_ECDH_ECDSA_WITH_RC4_128_SHA, TLS_ECDH_RSA_WITH_RC4_128_SHA, SSL_RSA_WITH_RC4_128_MD5, TLS_EMPTY_RENEGOTIATION_INFO_SCSV]
02:36:35.495 [Test worker] DEBUG o.a.h.c.s.SSLConnectionSocketFactory - Starting handshake
02:36:35.555 [Test worker] DEBUG o.a.h.c.s.SSLConnectionSocketFactory - Secure session established
02:36:35.555 [Test worker] DEBUG o.a.h.c.s.SSLConnectionSocketFactory -  negotiated protocol: TLSv1
02:36:35.555 [Test worker] DEBUG o.a.h.c.s.SSLConnectionSocketFactory -  negotiated cipher suite: TLS_ECDHE_RSA_WITH_AES_128_CBC_SHA
02:36:35.556 [Test worker] DEBUG o.a.h.c.s.SSLConnectionSocketFactory -  peer principal: CN=Thesis
02:36:35.556 [Test worker] DEBUG o.a.h.c.s.SSLConnectionSocketFactory -  issuer principal: EMAILADDRESS=sha@yamil.com, CN=Thesis, OU=Open, O=Fra, L=BER, ST=BER, C=DE
02:36:35.556 [Test worker] DEBUG o.a.h.i.c.DefaultHttpClientConnectionOperator - Connection established 127.0.0.1:41620<->127.0.1.1:2376
02:36:35.556 [Test worker] DEBUG o.a.h.impl.execchain.MainClientExec - Executing request POST /containers/ee9e791549f83a5eb95afcb8171e704aa4d068a4ae49f85dd680cd46c6d23523/start HTTP/1.1
02:36:35.556 [Test worker] DEBUG o.a.h.impl.execchain.MainClientExec - Target auth state: UNCHALLENGED
02:36:35.556 [Test worker] DEBUG o.a.h.impl.execchain.MainClientExec - Proxy auth state: UNCHALLENGED
02:36:35.556 [Test worker] DEBUG org.apache.http.headers - http-outgoing-160 >> POST /containers/ee9e791549f83a5eb95afcb8171e704aa4d068a4ae49f85dd680cd46c6d23523/start HTTP/1.1
02:36:35.556 [Test worker] DEBUG org.apache.http.headers - http-outgoing-160 >> Accept: application/json
02:36:35.556 [Test worker] DEBUG org.apache.http.headers - http-outgoing-160 >> User-Agent: Jersey/2.23.1 (Apache HttpClient 4.5.1)
02:36:35.556 [Test worker] DEBUG org.apache.http.headers - http-outgoing-160 >> Host: Thesis:2376
02:36:35.556 [Test worker] DEBUG org.apache.http.headers - http-outgoing-160 >> Connection: Keep-Alive
02:36:35.557 [Test worker] DEBUG org.apache.http.headers - http-outgoing-160 >> Accept-Encoding: gzip,deflate
02:36:35.557 [Test worker] DEBUG org.apache.http.wire - http-outgoing-160 >> "POST /containers/ee9e791549f83a5eb95afcb8171e704aa4d068a4ae49f85dd680cd46c6d23523/start HTTP/1.1[\r][\n]"
02:36:35.557 [Test worker] DEBUG org.apache.http.wire - http-outgoing-160 >> "Accept: application/json[\r][\n]"
02:36:35.557 [Test worker] DEBUG org.apache.http.wire - http-outgoing-160 >> "User-Agent: Jersey/2.23.1 (Apache HttpClient 4.5.1)[\r][\n]"
02:36:35.557 [Test worker] DEBUG org.apache.http.wire - http-outgoing-160 >> "Host: Thesis:2376[\r][\n]"
02:36:35.557 [Test worker] DEBUG org.apache.http.wire - http-outgoing-160 >> "Connection: Keep-Alive[\r][\n]"
02:36:35.557 [Test worker] DEBUG org.apache.http.wire - http-outgoing-160 >> "Accept-Encoding: gzip,deflate[\r][\n]"
02:36:35.557 [Test worker] DEBUG org.apache.http.wire - http-outgoing-160 >> "[\r][\n]"
02:36:35.726 [Test worker] DEBUG org.apache.http.wire - http-outgoing-160 << "H"
02:36:35.726 [Test worker] DEBUG org.apache.http.wire - http-outgoing-160 << "TTP/1.1 204 No Content[\r][\n]"
02:36:35.726 [Test worker] DEBUG org.apache.http.wire - http-outgoing-160 << "Server: Docker/1.12.3 (linux)[\r][\n]"
02:36:35.726 [Test worker] DEBUG org.apache.http.wire - http-outgoing-160 << "Date: Tue, 03 Jan 2017 01:36:35 GMT[\r][\n]"
02:36:35.726 [Test worker] DEBUG org.apache.http.wire - http-outgoing-160 << "[\r][\n]"
02:36:35.726 [Test worker] DEBUG org.apache.http.headers - http-outgoing-160 << HTTP/1.1 204 No Content
02:36:35.727 [Test worker] DEBUG org.apache.http.headers - http-outgoing-160 << Server: Docker/1.12.3 (linux)
02:36:35.727 [Test worker] DEBUG org.apache.http.headers - http-outgoing-160 << Date: Tue, 03 Jan 2017 01:36:35 GMT
02:36:35.727 [Test worker] DEBUG o.a.h.impl.execchain.MainClientExec - Connection can be kept alive indefinitely
02:36:35.727 [Test worker] DEBUG c.g.d.j.JerseyDockerCmdExecFactory$1 - Connection [id: 160][route: {s}->https://Thesis:2376][state: CN=Thesis] can be kept alive indefinitely
02:36:35.727 [Test worker] DEBUG c.g.d.j.JerseyDockerCmdExecFactory$1 - Connection released: [id: 160][route: {s}->https://Thesis:2376][state: CN=Thesis][total kept alive: 2; route allocated: 2 of 2; total allocated: 2 of 20]
02:36:35.727 [Test worker] DEBUG c.g.d.j.JerseyDockerCmdExecFactory - 16 * Client response received on thread Test worker
16 < 204
16 < Date: Tue, 03 Jan 2017 01:36:35 GMT
16 < Server: Docker/1.12.3 (linux)

02:36:35.727 [Test worker] DEBUG c.g.d.core.command.AbstrDockerCmd - Cmd: ListImagesCmdImpl[imageNameFilter=<null>,showAll=true,filters=com.github.dockerjava.core.util.FiltersBuilder@0,execution=com.github.dockerjava.jaxrs.ListImagesCmdExec@66f204f0]
02:36:35.727 [Test worker] DEBUG c.g.d.j.JerseyDockerCmdExecFactory - 17 * Sending client request on thread Test worker
17 > GET https://Thesis:2376/images/json?all=true
17 > Accept: application/json

02:36:35.728 [Test worker] DEBUG o.a.h.c.protocol.RequestAddCookies - CookieSpec selected: default
02:36:35.728 [Test worker] DEBUG o.a.h.c.protocol.RequestAuthCache - Auth cache not set in the context
02:36:35.728 [Test worker] DEBUG c.g.d.j.JerseyDockerCmdExecFactory$1 - Connection request: [route: {s}->https://Thesis:2376][total kept alive: 2; route allocated: 2 of 2; total allocated: 2 of 20]
02:36:35.728 [Test worker] DEBUG o.a.h.i.c.DefaultManagedHttpClientConnection - http-outgoing-153: Close connection
02:36:35.728 [Test worker] DEBUG c.g.d.j.JerseyDockerCmdExecFactory$1 - Connection leased: [id: 161][route: {s}->https://Thesis:2376][total kept alive: 1; route allocated: 2 of 2; total allocated: 2 of 20]
02:36:35.728 [Test worker] DEBUG o.a.h.impl.execchain.MainClientExec - Opening connection {s}->https://Thesis:2376
02:36:35.728 [Test worker] DEBUG o.a.h.i.c.DefaultHttpClientConnectionOperator - Connecting to Thesis/127.0.1.1:2376
02:36:35.728 [Test worker] DEBUG o.a.h.c.s.SSLConnectionSocketFactory - Connecting socket to Thesis/127.0.1.1:2376 with timeout 0
02:36:35.729 [Test worker] DEBUG o.a.h.c.s.SSLConnectionSocketFactory - Enabled protocols: [TLSv1]
02:36:35.729 [Test worker] DEBUG o.a.h.c.s.SSLConnectionSocketFactory - Enabled cipher suites:[TLS_ECDHE_ECDSA_WITH_AES_128_CBC_SHA, TLS_ECDHE_RSA_WITH_AES_128_CBC_SHA, TLS_RSA_WITH_AES_128_CBC_SHA, TLS_ECDH_ECDSA_WITH_AES_128_CBC_SHA, TLS_ECDH_RSA_WITH_AES_128_CBC_SHA, TLS_DHE_RSA_WITH_AES_128_CBC_SHA, TLS_DHE_DSS_WITH_AES_128_CBC_SHA, TLS_ECDHE_ECDSA_WITH_3DES_EDE_CBC_SHA, TLS_ECDHE_RSA_WITH_3DES_EDE_CBC_SHA, SSL_RSA_WITH_3DES_EDE_CBC_SHA, TLS_ECDH_ECDSA_WITH_3DES_EDE_CBC_SHA, TLS_ECDH_RSA_WITH_3DES_EDE_CBC_SHA, SSL_DHE_RSA_WITH_3DES_EDE_CBC_SHA, SSL_DHE_DSS_WITH_3DES_EDE_CBC_SHA, TLS_ECDHE_ECDSA_WITH_RC4_128_SHA, TLS_ECDHE_RSA_WITH_RC4_128_SHA, SSL_RSA_WITH_RC4_128_SHA, TLS_ECDH_ECDSA_WITH_RC4_128_SHA, TLS_ECDH_RSA_WITH_RC4_128_SHA, SSL_RSA_WITH_RC4_128_MD5, TLS_EMPTY_RENEGOTIATION_INFO_SCSV]
02:36:35.729 [Test worker] DEBUG o.a.h.c.s.SSLConnectionSocketFactory - Starting handshake
02:36:35.790 [Test worker] DEBUG o.a.h.c.s.SSLConnectionSocketFactory - Secure session established
02:36:35.790 [Test worker] DEBUG o.a.h.c.s.SSLConnectionSocketFactory -  negotiated protocol: TLSv1
02:36:35.790 [Test worker] DEBUG o.a.h.c.s.SSLConnectionSocketFactory -  negotiated cipher suite: TLS_ECDHE_RSA_WITH_AES_128_CBC_SHA
02:36:35.790 [Test worker] DEBUG o.a.h.c.s.SSLConnectionSocketFactory -  peer principal: CN=Thesis
02:36:35.791 [Test worker] DEBUG o.a.h.c.s.SSLConnectionSocketFactory -  issuer principal: EMAILADDRESS=sha@yamil.com, CN=Thesis, OU=Open, O=Fra, L=BER, ST=BER, C=DE
02:36:35.791 [Test worker] DEBUG o.a.h.i.c.DefaultHttpClientConnectionOperator - Connection established 127.0.0.1:41622<->127.0.1.1:2376
02:36:35.791 [Test worker] DEBUG o.a.h.impl.execchain.MainClientExec - Executing request GET /images/json?all=true HTTP/1.1
02:36:35.791 [Test worker] DEBUG o.a.h.impl.execchain.MainClientExec - Target auth state: UNCHALLENGED
02:36:35.791 [Test worker] DEBUG o.a.h.impl.execchain.MainClientExec - Proxy auth state: UNCHALLENGED
02:36:35.792 [Test worker] DEBUG org.apache.http.headers - http-outgoing-161 >> GET /images/json?all=true HTTP/1.1
02:36:35.792 [Test worker] DEBUG org.apache.http.headers - http-outgoing-161 >> Accept: application/json
02:36:35.792 [Test worker] DEBUG org.apache.http.headers - http-outgoing-161 >> User-Agent: Jersey/2.23.1 (Apache HttpClient 4.5.1)
02:36:35.792 [Test worker] DEBUG org.apache.http.headers - http-outgoing-161 >> Host: Thesis:2376
02:36:35.792 [Test worker] DEBUG org.apache.http.headers - http-outgoing-161 >> Connection: Keep-Alive
02:36:35.792 [Test worker] DEBUG org.apache.http.headers - http-outgoing-161 >> Accept-Encoding: gzip,deflate
02:36:35.792 [Test worker] DEBUG org.apache.http.wire - http-outgoing-161 >> "GET /images/json?all=true HTTP/1.1[\r][\n]"
02:36:35.792 [Test worker] DEBUG org.apache.http.wire - http-outgoing-161 >> "Accept: application/json[\r][\n]"
02:36:35.792 [Test worker] DEBUG org.apache.http.wire - http-outgoing-161 >> "User-Agent: Jersey/2.23.1 (Apache HttpClient 4.5.1)[\r][\n]"
02:36:35.792 [Test worker] DEBUG org.apache.http.wire - http-outgoing-161 >> "Host: Thesis:2376[\r][\n]"
02:36:35.792 [Test worker] DEBUG org.apache.http.wire - http-outgoing-161 >> "Connection: Keep-Alive[\r][\n]"
02:36:35.792 [Test worker] DEBUG org.apache.http.wire - http-outgoing-161 >> "Accept-Encoding: gzip,deflate[\r][\n]"
02:36:35.792 [Test worker] DEBUG org.apache.http.wire - http-outgoing-161 >> "[\r][\n]"
02:36:35.793 [Test worker] DEBUG org.apache.http.wire - http-outgoing-161 << "H"
02:36:35.794 [Test worker] DEBUG org.apache.http.wire - http-outgoing-161 << "TTP/1.1 200 OK[\r][\n]"
02:36:35.794 [Test worker] DEBUG org.apache.http.wire - http-outgoing-161 << "Content-Type: application/json[\r][\n]"
02:36:35.794 [Test worker] DEBUG org.apache.http.wire - http-outgoing-161 << "Server: Docker/1.12.3 (linux)[\r][\n]"
02:36:35.794 [Test worker] DEBUG org.apache.http.wire - http-outgoing-161 << "Date: Tue, 03 Jan 2017 01:36:35 GMT[\r][\n]"
02:36:35.794 [Test worker] DEBUG org.apache.http.wire - http-outgoing-161 << "Content-Length: 1195[\r][\n]"
02:36:35.794 [Test worker] DEBUG org.apache.http.wire - http-outgoing-161 << "[\r][\n]"
02:36:35.794 [Test worker] DEBUG org.apache.http.wire - http-outgoing-161 << "[{"Id":"sha256:4ca3a192ff2a5b7e225e81dc006b6379c10776ed3619757a65608cb72de0a7f6","ParentId":"","RepoTags":["ubuntu:latest"],"RepoDigests":["ubuntu@sha256:3b64c309deae7ab0f7dbdd42b6b326261ccd6261da5d88396439353162703fb5"],"Created":1480449877,"Size":128206574,"VirtualSize":128206574,"Labels":{}},{"Id":"sha256:aae2b63c49461fcae4962e4a8043f66acf8e3af7e62f5ebceb70b181d8ca01e0","ParentId":"","RepoTags":["ubuntu:14.04"],"RepoDigests":["ubuntu@sha256:edb984703bd3e8981ff541a5b9297ca1b81fde6e6e8094d86e390a38ebc30b4d"],"Created":1480449856,"Size":187952254,"VirtualSize":187952254,"Labels":{}},{"Id":"sha256:e02e811dd08fd49e7f6032625495118e63f597eb150403d02e3238af1df240ba","ParentId":"","RepoTags":["busybox:latest"],"RepoDigests":["busybox@sha256:29f5d56d12684887bdfa50dcd29fc31eea4aaf4ad3bec43daf19026a7ce69912"],"Created":1475874238,"Size":1093484,"VirtualSize":1093484,"Labels":{}},{"Id":"sha256:d654de4499473ed41349b54a988b6f46a7fc92e3fa2d61e102bf2660a0116e25","ParentId":"","RepoTags":["sakib37/iperf3:latest"],"RepoDigests":["sakib37/iperf3@sha256:8d80a810f8f508c074b14d02555f20110eac382c8dbda7252075392983629d40"],"Created":1474907599,"Size":199456654,"VirtualSize":199456654,"Labels":{}}][\n]"
02:36:35.794 [Test worker] DEBUG org.apache.http.headers - http-outgoing-161 << HTTP/1.1 200 OK
02:36:35.794 [Test worker] DEBUG org.apache.http.headers - http-outgoing-161 << Content-Type: application/json
02:36:35.794 [Test worker] DEBUG org.apache.http.headers - http-outgoing-161 << Server: Docker/1.12.3 (linux)
02:36:35.794 [Test worker] DEBUG org.apache.http.headers - http-outgoing-161 << Date: Tue, 03 Jan 2017 01:36:35 GMT
02:36:35.795 [Test worker] DEBUG org.apache.http.headers - http-outgoing-161 << Content-Length: 1195
02:36:35.795 [Test worker] DEBUG o.a.h.impl.execchain.MainClientExec - Connection can be kept alive indefinitely
02:36:35.795 [Test worker] DEBUG c.g.d.j.JerseyDockerCmdExecFactory - 18 * Client response received on thread Test worker
18 < 200
18 < Content-Length: 1195
18 < Content-Type: application/json
18 < Date: Tue, 03 Jan 2017 01:36:35 GMT
18 < Server: Docker/1.12.3 (linux)
[{"Id":"sha256:4ca3a192ff2a5b7e225e81dc006b6379c10776ed3619757a65608cb72de0a7f6","ParentId":"","RepoTags":["ubuntu:latest"],"RepoDigests":["ubuntu@sha256:3b64c309deae7ab0f7dbdd42b6b326261ccd6261da5d88396439353162703fb5"],"Created":1480449877,"Size":128206574,"VirtualSize":128206574,"Labels":{}},{"Id":"sha256:aae2b63c49461fcae4962e4a8043f66acf8e3af7e62f5ebceb70b181d8ca01e0","ParentId":"","RepoTags":["ubuntu:14.04"],"RepoDigests":["ubuntu@sha256:edb984703bd3e8981ff541a5b9297ca1b81fde6e6e8094d86e390a38ebc30b4d"],"Created":1480449856,"Size":187952254,"VirtualSize":187952254,"Labels":{}},{"Id":"sha256:e02e811dd08fd49e7f6032625495118e63f597eb150403d02e3238af1df240ba","ParentId":"","RepoTags":["busybox:latest"],"RepoDigests":["busybox@sha256:29f5d56d12684887bdfa50dcd29fc31eea4aaf4ad3bec43daf19026a7ce69912"],"Created":1475874238,"Size":1093484,"VirtualSize":1093484,"Labels":{}},{"Id":"sha256:d654de4499473ed41349b54a988b6f46a7fc92e3fa2d61e102bf2660a0116e25","ParentId":"","RepoTags":["sakib37/iperf3:latest"],"RepoDigests":["sakib37/iperf3@sha256:8d80a810f8f508c074b14d02555f20110eac382c8dbda7252075392983629d40"],"Created":1474907599,"Size":199456654,"VirtualSize":199456654,"Labels":{}}]


02:36:35.796 [Test worker] DEBUG o.a.h.i.c.DefaultManagedHttpClientConnection - http-outgoing-161: Close connection
02:36:35.796 [Test worker] DEBUG o.a.h.impl.execchain.MainClientExec - Connection discarded
02:36:35.796 [Test worker] DEBUG c.g.d.j.JerseyDockerCmdExecFactory$1 - Connection released: [id: 161][route: {s}->https://Thesis:2376][total kept alive: 1; route allocated: 1 of 2; total allocated: 1 of 20]
02:36:35.796 [Test worker] DEBUG org.openbaton.docker.DockerVim - Found a docker image, transformed into a NFV Image Image{id='sha256:aae2b63c49461fcae4962e4a8043f66acf8e3af7e62f5ebceb70b181d8ca01e0', name='ubuntu:14.04', version=0, extId='null', minRam='0', minDiskSpace='0', minCPU='null', public='true', diskFormat='null', containerFormat='docker', created='Sun Jan 18 04:14:09 CET 1970', updated='null'}
02:36:35.797 [Test worker] DEBUG c.g.d.core.command.AbstrDockerCmd - Cmd: com.github.dockerjava.core.command.CopyArchiveToContainerCmdImpl@6d1f9295[cp ,/home/sakib/docker-plugin/src/test/data, ,ee9e791549f83a5eb95afcb8171e704aa4d068a4ae49f85dd680cd46c6d23523,:,/]
02:36:35.798 [Test worker] DEBUG o.a.h.c.protocol.RequestAddCookies - CookieSpec selected: default
02:36:35.798 [Test worker] DEBUG o.a.h.c.protocol.RequestAuthCache - Auth cache not set in the context
02:36:35.799 [Test worker] DEBUG c.g.d.j.JerseyDockerCmdExecFactory$1 - Connection request: [route: {s}->https://Thesis:2376][total kept alive: 1; route allocated: 1 of 2; total allocated: 1 of 20]
02:36:35.799 [Test worker] DEBUG c.g.d.j.JerseyDockerCmdExecFactory$1 - Connection leased: [id: 162][route: {s}->https://Thesis:2376][total kept alive: 1; route allocated: 2 of 2; total allocated: 2 of 20]
02:36:35.799 [Test worker] DEBUG o.a.h.impl.execchain.MainClientExec - Opening connection {s}->https://Thesis:2376
02:36:35.799 [Test worker] DEBUG o.a.h.i.c.DefaultHttpClientConnectionOperator - Connecting to Thesis/127.0.1.1:2376
02:36:35.799 [Test worker] DEBUG o.a.h.c.s.SSLConnectionSocketFactory - Connecting socket to Thesis/127.0.1.1:2376 with timeout 0
02:36:35.800 [Test worker] DEBUG o.a.h.c.s.SSLConnectionSocketFactory - Enabled protocols: [TLSv1]
02:36:35.800 [Test worker] DEBUG o.a.h.c.s.SSLConnectionSocketFactory - Enabled cipher suites:[TLS_ECDHE_ECDSA_WITH_AES_128_CBC_SHA, TLS_ECDHE_RSA_WITH_AES_128_CBC_SHA, TLS_RSA_WITH_AES_128_CBC_SHA, TLS_ECDH_ECDSA_WITH_AES_128_CBC_SHA, TLS_ECDH_RSA_WITH_AES_128_CBC_SHA, TLS_DHE_RSA_WITH_AES_128_CBC_SHA, TLS_DHE_DSS_WITH_AES_128_CBC_SHA, TLS_ECDHE_ECDSA_WITH_3DES_EDE_CBC_SHA, TLS_ECDHE_RSA_WITH_3DES_EDE_CBC_SHA, SSL_RSA_WITH_3DES_EDE_CBC_SHA, TLS_ECDH_ECDSA_WITH_3DES_EDE_CBC_SHA, TLS_ECDH_RSA_WITH_3DES_EDE_CBC_SHA, SSL_DHE_RSA_WITH_3DES_EDE_CBC_SHA, SSL_DHE_DSS_WITH_3DES_EDE_CBC_SHA, TLS_ECDHE_ECDSA_WITH_RC4_128_SHA, TLS_ECDHE_RSA_WITH_RC4_128_SHA, SSL_RSA_WITH_RC4_128_SHA, TLS_ECDH_ECDSA_WITH_RC4_128_SHA, TLS_ECDH_RSA_WITH_RC4_128_SHA, SSL_RSA_WITH_RC4_128_MD5, TLS_EMPTY_RENEGOTIATION_INFO_SCSV]
02:36:35.800 [Test worker] DEBUG o.a.h.c.s.SSLConnectionSocketFactory - Starting handshake
02:36:35.858 [Test worker] DEBUG o.a.h.c.s.SSLConnectionSocketFactory - Secure session established
02:36:35.858 [Test worker] DEBUG o.a.h.c.s.SSLConnectionSocketFactory -  negotiated protocol: TLSv1
02:36:35.858 [Test worker] DEBUG o.a.h.c.s.SSLConnectionSocketFactory -  negotiated cipher suite: TLS_ECDHE_RSA_WITH_AES_128_CBC_SHA
02:36:35.858 [Test worker] DEBUG o.a.h.c.s.SSLConnectionSocketFactory -  peer principal: CN=Thesis
02:36:35.858 [Test worker] DEBUG o.a.h.c.s.SSLConnectionSocketFactory -  issuer principal: EMAILADDRESS=sha@yamil.com, CN=Thesis, OU=Open, O=Fra, L=BER, ST=BER, C=DE
02:36:35.858 [Test worker] DEBUG o.a.h.i.c.DefaultHttpClientConnectionOperator - Connection established 127.0.0.1:41624<->127.0.1.1:2376
02:36:35.858 [Test worker] DEBUG o.a.h.impl.execchain.MainClientExec - Executing request PUT /containers/ee9e791549f83a5eb95afcb8171e704aa4d068a4ae49f85dd680cd46c6d23523/archive?path=%2F&noOverwriteDirNonDir=false HTTP/1.1
02:36:35.858 [Test worker] DEBUG o.a.h.impl.execchain.MainClientExec - Target auth state: UNCHALLENGED
02:36:35.858 [Test worker] DEBUG o.a.h.impl.execchain.MainClientExec - Proxy auth state: UNCHALLENGED
02:36:35.859 [Test worker] DEBUG org.apache.http.headers - http-outgoing-162 >> PUT /containers/ee9e791549f83a5eb95afcb8171e704aa4d068a4ae49f85dd680cd46c6d23523/archive?path=%2F&noOverwriteDirNonDir=false HTTP/1.1
02:36:35.859 [Test worker] DEBUG org.apache.http.headers - http-outgoing-162 >> Content-Type: application/x-tar
02:36:35.859 [Test worker] DEBUG org.apache.http.headers - http-outgoing-162 >> User-Agent: Jersey/2.23.1 (Apache HttpClient 4.5.1)
02:36:35.859 [Test worker] DEBUG org.apache.http.headers - http-outgoing-162 >> Transfer-Encoding: chunked
02:36:35.859 [Test worker] DEBUG org.apache.http.headers - http-outgoing-162 >> Host: Thesis:2376
02:36:35.859 [Test worker] DEBUG org.apache.http.headers - http-outgoing-162 >> Connection: Keep-Alive
02:36:35.859 [Test worker] DEBUG org.apache.http.headers - http-outgoing-162 >> Accept-Encoding: gzip,deflate
02:36:35.859 [Test worker] DEBUG c.g.d.j.JerseyDockerCmdExecFactory - 19 * Sending client request on thread Test worker
19 > PUT https://Thesis:2376/containers/ee9e791549f83a5eb95afcb8171e704aa4d068a4ae49f85dd680cd46c6d23523/archive?path=%2F&noOverwriteDirNonDir=false
19 > Content-Type: application/x-tar
?�???????����O�0??p��+��ٽQ&'�?%$$?�N�Vm?d�}�]]>&#x7f;<![CDATA[�n�?w0&�:��dɚu}�۷�?��΋y��<'nu��8S���q4R�?�?�(?�?� ��-?[��q'��%�u�b��?�m�.����y����q']]>&#x7f;<![CDATA[5��?:������ޤK�N�:�$��'�����!m�Ū�xw+�H�-,�|f
[Q�O�4�^�?e����u�⥩>_?�?F;'�6��O#�� �5?����f�8���?S�Rq��Ϊk�F????????????????���?g?��?(??

02:36:35.864 [Test worker] DEBUG org.apache.http.wire - http-outgoing-162 >> "PUT /containers/ee9e791549f83a5eb95afcb8171e704aa4d068a4ae49f85dd680cd46c6d23523/archive?path=%2F&noOverwriteDirNonDir=false HTTP/1.1[\r][\n]"
02:36:35.864 [Test worker] DEBUG org.apache.http.wire - http-outgoing-162 >> "Content-Type: application/x-tar[\r][\n]"
02:36:35.864 [Test worker] DEBUG org.apache.http.wire - http-outgoing-162 >> "User-Agent: Jersey/2.23.1 (Apache HttpClient 4.5.1)[\r][\n]"
02:36:35.864 [Test worker] DEBUG org.apache.http.wire - http-outgoing-162 >> "Transfer-Encoding: chunked[\r][\n]"
02:36:35.864 [Test worker] DEBUG org.apache.http.wire - http-outgoing-162 >> "Host: Thesis:2376[\r][\n]"
02:36:35.864 [Test worker] DEBUG org.apache.http.wire - http-outgoing-162 >> "Connection: Keep-Alive[\r][\n]"
02:36:35.864 [Test worker] DEBUG org.apache.http.wire - http-outgoing-162 >> "Accept-Encoding: gzip,deflate[\r][\n]"
02:36:35.864 [Test worker] DEBUG org.apache.http.wire - http-outgoing-162 >> "[\r][\n]"
02:36:35.864 [Test worker] DEBUG org.apache.http.wire - http-outgoing-162 >> "112[\r][\n]"
02:36:35.864 [Test worker] DEBUG org.apache.http.wire - http-outgoing-162 >> "[0x1f][0x8b][0x8][0x0][0x0][0x0][0x0][0x0][0x0][0xff][0xed][0xd2][0xcf]O[0xc2]0[0x14][0x7]p[0xce][0xfb]+[0x9e][0xc8][0xd9][0xbd]Q&'[0xbd][0x18]%$$[0x1c][0xf4]N[0xca]Vm[0x13]d[0xa4]}[0x84]]]>&#x7f;<![CDATA[[0x9f]n[0xd3][0x4]w0&[0xfc]:[0xf8][0xfd]d[0xc9][0x9a]u}[0xaf][0xdb][0xb7][0xa5][0x16][0x9d][0xf6][0xce][0x8b]y[0xc4][0xe3]<'nu[0xef][0xcd]8S[0xac][0x86][0xf7]q4R[0xc4][0x19][0xe7][0x19][0xf7](?[0xf3][0xbe][0x1a][0xdb] [0xda][0xc7]-[0x1e][[0xa7][0xfb]q'[0xd8][0xda]%[0x94]u[0xfe]b[0x82][0xbc][0x16][0xde]m[0xe4].[0xd8][0xd3][0xf7][0x88]y[0xfe][0x9a][0xbf][0xe2]q']]>&#x7f;<![CDATA[5[0xac][0xf3]?:[0x93][0xbf][0xf8][0xe7][0xf9][0xdf][0xde][0xa4]K[0xb7]N[0x97]:[0xd8]$[0x99][0xcd]'[0x8b][0x97][0xe9][0xec][0xf9]!m[0x8e][0xc5][0xaa][0xfa]xw+[0x93]H[0xb5]-,[0xfd]|f[\n]"
02:36:35.864 [Test worker] DEBUG org.apache.http.wire - http-outgoing-162 >> "[Q[0xbf]O[0x8f]4[0xf8]^[0x95][0x14]e[0xfb][0xd2][0xd7][0xe4][0x9b]u[0x81][0xe2][0xa5][0xa9]>_[0x14][0x9a][0x3]F;'[0x96]6[0xda][0xeb]O#[0xc6][0xd3] [0x8b]5[0xe][0x8b][0xb4][0xcd][0xd6]f[0xb7]8[0xe8][0xf3][0xe4][0x8d][0x16]S[0xc6]Rq[0x82][0xea][0x89][0xce][0xaa]k[0xff]F[0x0][0x0][0x0][0x0][0x0][0x0][0x0][0x0][0x0][0x0][0x0][0x0][0x0][0x0][0x0][0x0][0x80][0xab][0xd8][0x3]g[0x2][0xf0][0x89][0x0]([0x0][0x0][\r][\n]"
02:36:35.865 [Test worker] DEBUG org.apache.http.wire - http-outgoing-162 >> "0[\r][\n]"
02:36:35.865 [Test worker] DEBUG org.apache.http.wire - http-outgoing-162 >> "[\r][\n]"
02:36:35.893 [Test worker] DEBUG org.apache.http.wire - http-outgoing-162 << "H"
02:36:35.893 [Test worker] DEBUG org.apache.http.wire - http-outgoing-162 << "TTP/1.1 200 OK[\r][\n]"
02:36:35.894 [Test worker] DEBUG org.apache.http.wire - http-outgoing-162 << "Server: Docker/1.12.3 (linux)[\r][\n]"
02:36:35.894 [Test worker] DEBUG org.apache.http.wire - http-outgoing-162 << "Date: Tue, 03 Jan 2017 01:36:35 GMT[\r][\n]"
02:36:35.894 [Test worker] DEBUG org.apache.http.wire - http-outgoing-162 << "Content-Length: 0[\r][\n]"
02:36:35.894 [Test worker] DEBUG org.apache.http.wire - http-outgoing-162 << "Content-Type: text/plain; charset=utf-8[\r][\n]"
02:36:35.894 [Test worker] DEBUG org.apache.http.wire - http-outgoing-162 << "[\r][\n]"
02:36:35.894 [Test worker] DEBUG org.apache.http.headers - http-outgoing-162 << HTTP/1.1 200 OK
02:36:35.894 [Test worker] DEBUG org.apache.http.headers - http-outgoing-162 << Server: Docker/1.12.3 (linux)
02:36:35.894 [Test worker] DEBUG org.apache.http.headers - http-outgoing-162 << Date: Tue, 03 Jan 2017 01:36:35 GMT
02:36:35.894 [Test worker] DEBUG org.apache.http.headers - http-outgoing-162 << Content-Length: 0
02:36:35.894 [Test worker] DEBUG org.apache.http.headers - http-outgoing-162 << Content-Type: text/plain; charset=utf-8
02:36:35.894 [Test worker] DEBUG o.a.h.impl.execchain.MainClientExec - Connection can be kept alive indefinitely
02:36:35.895 [Test worker] DEBUG c.g.d.j.JerseyDockerCmdExecFactory$1 - Connection [id: 162][route: {s}->https://Thesis:2376][state: CN=Thesis] can be kept alive indefinitely
02:36:35.895 [Test worker] DEBUG c.g.d.j.JerseyDockerCmdExecFactory$1 - Connection released: [id: 162][route: {s}->https://Thesis:2376][state: CN=Thesis][total kept alive: 2; route allocated: 2 of 2; total allocated: 2 of 20]
02:36:35.895 [Test worker] DEBUG c.g.d.j.JerseyDockerCmdExecFactory - 20 * Client response received on thread Test worker
20 < 200
20 < Content-Length: 0
20 < Content-Type: application/json;charset=utf-8
20 < Date: Tue, 03 Jan 2017 01:36:35 GMT
20 < Server: Docker/1.12.3 (linux)

02:36:35.895 [Test worker] INFO  org.openbaton.docker.DockerVim - Archive '/home/sakib/docker-plugin/src/test/data' copied successfully to container 'ee9e791549f83a5eb95afcb8171e704aa4d068a4ae49f85dd680cd46c6d23523
02:36:35.896 [Test worker] DEBUG c.g.d.core.command.AbstrDockerCmd - Cmd: ee9e791549f83a5eb95afcb8171e704aa4d068a4ae49f85dd680cd46c6d23523,true,true,<null>,true,root,{/data/testScript.sh,param1},com.github.dockerjava.jaxrs.ExecCreateCmdExec@3136a0bc
02:36:35.896 [Test worker] DEBUG o.a.h.c.protocol.RequestAddCookies - CookieSpec selected: default
02:36:35.896 [Test worker] DEBUG o.a.h.c.protocol.RequestAuthCache - Auth cache not set in the context
02:36:35.896 [Test worker] DEBUG c.g.d.j.JerseyDockerCmdExecFactory$1 - Connection request: [route: {s}->https://Thesis:2376][total kept alive: 2; route allocated: 2 of 2; total allocated: 2 of 20]
02:36:35.897 [Test worker] DEBUG o.a.h.i.c.DefaultManagedHttpClientConnection - http-outgoing-160: Close connection
02:36:35.897 [Test worker] DEBUG c.g.d.j.JerseyDockerCmdExecFactory$1 - Connection leased: [id: 163][route: {s}->https://Thesis:2376][total kept alive: 1; route allocated: 2 of 2; total allocated: 2 of 20]
02:36:35.897 [Test worker] DEBUG o.a.h.impl.execchain.MainClientExec - Opening connection {s}->https://Thesis:2376
02:36:35.897 [Test worker] DEBUG o.a.h.i.c.DefaultHttpClientConnectionOperator - Connecting to Thesis/127.0.1.1:2376
02:36:35.897 [Test worker] DEBUG o.a.h.c.s.SSLConnectionSocketFactory - Connecting socket to Thesis/127.0.1.1:2376 with timeout 0
02:36:35.898 [Test worker] DEBUG o.a.h.c.s.SSLConnectionSocketFactory - Enabled protocols: [TLSv1]
02:36:35.898 [Test worker] DEBUG o.a.h.c.s.SSLConnectionSocketFactory - Enabled cipher suites:[TLS_ECDHE_ECDSA_WITH_AES_128_CBC_SHA, TLS_ECDHE_RSA_WITH_AES_128_CBC_SHA, TLS_RSA_WITH_AES_128_CBC_SHA, TLS_ECDH_ECDSA_WITH_AES_128_CBC_SHA, TLS_ECDH_RSA_WITH_AES_128_CBC_SHA, TLS_DHE_RSA_WITH_AES_128_CBC_SHA, TLS_DHE_DSS_WITH_AES_128_CBC_SHA, TLS_ECDHE_ECDSA_WITH_3DES_EDE_CBC_SHA, TLS_ECDHE_RSA_WITH_3DES_EDE_CBC_SHA, SSL_RSA_WITH_3DES_EDE_CBC_SHA, TLS_ECDH_ECDSA_WITH_3DES_EDE_CBC_SHA, TLS_ECDH_RSA_WITH_3DES_EDE_CBC_SHA, SSL_DHE_RSA_WITH_3DES_EDE_CBC_SHA, SSL_DHE_DSS_WITH_3DES_EDE_CBC_SHA, TLS_ECDHE_ECDSA_WITH_RC4_128_SHA, TLS_ECDHE_RSA_WITH_RC4_128_SHA, SSL_RSA_WITH_RC4_128_SHA, TLS_ECDH_ECDSA_WITH_RC4_128_SHA, TLS_ECDH_RSA_WITH_RC4_128_SHA, SSL_RSA_WITH_RC4_128_MD5, TLS_EMPTY_RENEGOTIATION_INFO_SCSV]
02:36:35.898 [Test worker] DEBUG o.a.h.c.s.SSLConnectionSocketFactory - Starting handshake
02:36:35.980 [Test worker] DEBUG o.a.h.c.s.SSLConnectionSocketFactory - Secure session established
02:36:35.980 [Test worker] DEBUG o.a.h.c.s.SSLConnectionSocketFactory -  negotiated protocol: TLSv1
02:36:35.981 [Test worker] DEBUG o.a.h.c.s.SSLConnectionSocketFactory -  negotiated cipher suite: TLS_ECDHE_RSA_WITH_AES_128_CBC_SHA
02:36:35.981 [Test worker] DEBUG o.a.h.c.s.SSLConnectionSocketFactory -  peer principal: CN=Thesis
02:36:35.981 [Test worker] DEBUG o.a.h.c.s.SSLConnectionSocketFactory -  issuer principal: EMAILADDRESS=sha@yamil.com, CN=Thesis, OU=Open, O=Fra, L=BER, ST=BER, C=DE
02:36:35.981 [Test worker] DEBUG o.a.h.i.c.DefaultHttpClientConnectionOperator - Connection established 127.0.0.1:41626<->127.0.1.1:2376
02:36:35.981 [Test worker] DEBUG o.a.h.impl.execchain.MainClientExec - Executing request POST /containers/ee9e791549f83a5eb95afcb8171e704aa4d068a4ae49f85dd680cd46c6d23523/exec HTTP/1.1
02:36:35.981 [Test worker] DEBUG o.a.h.impl.execchain.MainClientExec - Target auth state: UNCHALLENGED
02:36:35.981 [Test worker] DEBUG o.a.h.impl.execchain.MainClientExec - Proxy auth state: UNCHALLENGED
02:36:35.981 [Test worker] DEBUG org.apache.http.headers - http-outgoing-163 >> POST /containers/ee9e791549f83a5eb95afcb8171e704aa4d068a4ae49f85dd680cd46c6d23523/exec HTTP/1.1
02:36:35.981 [Test worker] DEBUG org.apache.http.headers - http-outgoing-163 >> Accept: application/json
02:36:35.981 [Test worker] DEBUG org.apache.http.headers - http-outgoing-163 >> Content-Type: application/json
02:36:35.981 [Test worker] DEBUG org.apache.http.headers - http-outgoing-163 >> User-Agent: Jersey/2.23.1 (Apache HttpClient 4.5.1)
02:36:35.982 [Test worker] DEBUG org.apache.http.headers - http-outgoing-163 >> Transfer-Encoding: chunked
02:36:35.982 [Test worker] DEBUG org.apache.http.headers - http-outgoing-163 >> Host: Thesis:2376
02:36:35.982 [Test worker] DEBUG org.apache.http.headers - http-outgoing-163 >> Connection: Keep-Alive
02:36:35.982 [Test worker] DEBUG org.apache.http.headers - http-outgoing-163 >> Accept-Encoding: gzip,deflate
02:36:35.984 [Test worker] DEBUG c.g.d.j.JerseyDockerCmdExecFactory - 21 * Sending client request on thread Test worker
21 > POST https://Thesis:2376/containers/ee9e791549f83a5eb95afcb8171e704aa4d068a4ae49f85dd680cd46c6d23523/exec
21 > Accept: application/json
21 > Content-Type: application/json
{"containerId":"ee9e791549f83a5eb95afcb8171e704aa4d068a4ae49f85dd680cd46c6d23523","AttachStdin":true,"AttachStdout":true,"Tty":true,"User":"root","Cmd":["/data/testScript.sh","param1"]}

02:36:35.985 [Test worker] DEBUG org.apache.http.wire - http-outgoing-163 >> "POST /containers/ee9e791549f83a5eb95afcb8171e704aa4d068a4ae49f85dd680cd46c6d23523/exec HTTP/1.1[\r][\n]"
02:36:35.985 [Test worker] DEBUG org.apache.http.wire - http-outgoing-163 >> "Accept: application/json[\r][\n]"
02:36:35.985 [Test worker] DEBUG org.apache.http.wire - http-outgoing-163 >> "Content-Type: application/json[\r][\n]"
02:36:35.985 [Test worker] DEBUG org.apache.http.wire - http-outgoing-163 >> "User-Agent: Jersey/2.23.1 (Apache HttpClient 4.5.1)[\r][\n]"
02:36:35.985 [Test worker] DEBUG org.apache.http.wire - http-outgoing-163 >> "Transfer-Encoding: chunked[\r][\n]"
02:36:35.985 [Test worker] DEBUG org.apache.http.wire - http-outgoing-163 >> "Host: Thesis:2376[\r][\n]"
02:36:35.985 [Test worker] DEBUG org.apache.http.wire - http-outgoing-163 >> "Connection: Keep-Alive[\r][\n]"
02:36:35.985 [Test worker] DEBUG org.apache.http.wire - http-outgoing-163 >> "Accept-Encoding: gzip,deflate[\r][\n]"
02:36:35.985 [Test worker] DEBUG org.apache.http.wire - http-outgoing-163 >> "[\r][\n]"
02:36:35.986 [Test worker] DEBUG org.apache.http.wire - http-outgoing-163 >> "b9[\r][\n]"
02:36:35.986 [Test worker] DEBUG org.apache.http.wire - http-outgoing-163 >> "{"containerId":"ee9e791549f83a5eb95afcb8171e704aa4d068a4ae49f85dd680cd46c6d23523","AttachStdin":true,"AttachStdout":true,"Tty":true,"User":"root","Cmd":["/data/testScript.sh","param1"]}[\r][\n]"
02:36:35.986 [Test worker] DEBUG org.apache.http.wire - http-outgoing-163 >> "0[\r][\n]"
02:36:35.986 [Test worker] DEBUG org.apache.http.wire - http-outgoing-163 >> "[\r][\n]"
02:36:35.986 [Test worker] DEBUG org.apache.http.wire - http-outgoing-163 << "H"
02:36:35.986 [Test worker] DEBUG org.apache.http.wire - http-outgoing-163 << "TTP/1.1 201 Created[\r][\n]"
02:36:35.987 [Test worker] DEBUG org.apache.http.wire - http-outgoing-163 << "Content-Type: application/json[\r][\n]"
02:36:35.987 [Test worker] DEBUG org.apache.http.wire - http-outgoing-163 << "Server: Docker/1.12.3 (linux)[\r][\n]"
02:36:35.987 [Test worker] DEBUG org.apache.http.wire - http-outgoing-163 << "Date: Tue, 03 Jan 2017 01:36:35 GMT[\r][\n]"
02:36:35.987 [Test worker] DEBUG org.apache.http.wire - http-outgoing-163 << "Content-Length: 74[\r][\n]"
02:36:35.987 [Test worker] DEBUG org.apache.http.wire - http-outgoing-163 << "[\r][\n]"
02:36:35.987 [Test worker] DEBUG org.apache.http.wire - http-outgoing-163 << "{"Id":"16c7147d686d4d2d118ef9b4a328a84cb80ba5786f1578659abdc404ec4ca26e"}[\n]"
02:36:35.987 [Test worker] DEBUG org.apache.http.headers - http-outgoing-163 << HTTP/1.1 201 Created
02:36:35.987 [Test worker] DEBUG org.apache.http.headers - http-outgoing-163 << Content-Type: application/json
02:36:35.987 [Test worker] DEBUG org.apache.http.headers - http-outgoing-163 << Server: Docker/1.12.3 (linux)
02:36:35.987 [Test worker] DEBUG org.apache.http.headers - http-outgoing-163 << Date: Tue, 03 Jan 2017 01:36:35 GMT
02:36:35.987 [Test worker] DEBUG org.apache.http.headers - http-outgoing-163 << Content-Length: 74
02:36:35.987 [Test worker] DEBUG o.a.h.impl.execchain.MainClientExec - Connection can be kept alive indefinitely
02:36:35.988 [Test worker] DEBUG c.g.d.j.JerseyDockerCmdExecFactory - 22 * Client response received on thread Test worker
22 < 201
22 < Content-Length: 74
22 < Content-Type: application/json
22 < Date: Tue, 03 Jan 2017 01:36:35 GMT
22 < Server: Docker/1.12.3 (linux)
{"Id":"16c7147d686d4d2d118ef9b4a328a84cb80ba5786f1578659abdc404ec4ca26e"}


02:36:35.989 [Test worker] DEBUG o.a.h.i.c.DefaultManagedHttpClientConnection - http-outgoing-163: Close connection
02:36:35.989 [Test worker] DEBUG o.a.h.impl.execchain.MainClientExec - Connection discarded
02:36:35.989 [Test worker] DEBUG c.g.d.j.JerseyDockerCmdExecFactory$1 - Connection released: [id: 163][route: {s}->https://Thesis:2376][total kept alive: 1; route allocated: 1 of 2; total allocated: 1 of 20]
02:36:35.990 [dockerjava-jaxrs-async-1] DEBUG o.a.h.c.protocol.RequestAddCookies - CookieSpec selected: default
02:36:35.990 [dockerjava-jaxrs-async-1] DEBUG o.a.h.c.protocol.RequestAuthCache - Auth cache not set in the context
02:36:35.990 [dockerjava-jaxrs-async-1] DEBUG c.g.d.j.JerseyDockerCmdExecFactory$1 - Connection request: [route: {s}->https://Thesis:2376][total kept alive: 1; route allocated: 1 of 2; total allocated: 1 of 20]
02:36:35.990 [dockerjava-jaxrs-async-1] DEBUG c.g.d.j.JerseyDockerCmdExecFactory$1 - Connection leased: [id: 164][route: {s}->https://Thesis:2376][total kept alive: 1; route allocated: 2 of 2; total allocated: 2 of 20]
02:36:35.990 [dockerjava-jaxrs-async-1] DEBUG o.a.h.impl.execchain.MainClientExec - Opening connection {s}->https://Thesis:2376
02:36:35.990 [dockerjava-jaxrs-async-1] DEBUG o.a.h.i.c.DefaultHttpClientConnectionOperator - Connecting to Thesis/127.0.1.1:2376
02:36:35.991 [dockerjava-jaxrs-async-1] DEBUG o.a.h.c.s.SSLConnectionSocketFactory - Connecting socket to Thesis/127.0.1.1:2376 with timeout 0
02:36:35.991 [dockerjava-jaxrs-async-1] DEBUG o.a.h.c.s.SSLConnectionSocketFactory - Enabled protocols: [TLSv1]
02:36:35.991 [dockerjava-jaxrs-async-1] DEBUG o.a.h.c.s.SSLConnectionSocketFactory - Enabled cipher suites:[TLS_ECDHE_ECDSA_WITH_AES_128_CBC_SHA, TLS_ECDHE_RSA_WITH_AES_128_CBC_SHA, TLS_RSA_WITH_AES_128_CBC_SHA, TLS_ECDH_ECDSA_WITH_AES_128_CBC_SHA, TLS_ECDH_RSA_WITH_AES_128_CBC_SHA, TLS_DHE_RSA_WITH_AES_128_CBC_SHA, TLS_DHE_DSS_WITH_AES_128_CBC_SHA, TLS_ECDHE_ECDSA_WITH_3DES_EDE_CBC_SHA, TLS_ECDHE_RSA_WITH_3DES_EDE_CBC_SHA, SSL_RSA_WITH_3DES_EDE_CBC_SHA, TLS_ECDH_ECDSA_WITH_3DES_EDE_CBC_SHA, TLS_ECDH_RSA_WITH_3DES_EDE_CBC_SHA, SSL_DHE_RSA_WITH_3DES_EDE_CBC_SHA, SSL_DHE_DSS_WITH_3DES_EDE_CBC_SHA, TLS_ECDHE_ECDSA_WITH_RC4_128_SHA, TLS_ECDHE_RSA_WITH_RC4_128_SHA, SSL_RSA_WITH_RC4_128_SHA, TLS_ECDH_ECDSA_WITH_RC4_128_SHA, TLS_ECDH_RSA_WITH_RC4_128_SHA, SSL_RSA_WITH_RC4_128_MD5, TLS_EMPTY_RENEGOTIATION_INFO_SCSV]
02:36:35.991 [dockerjava-jaxrs-async-1] DEBUG o.a.h.c.s.SSLConnectionSocketFactory - Starting handshake
02:36:36.051 [dockerjava-jaxrs-async-1] DEBUG o.a.h.c.s.SSLConnectionSocketFactory - Secure session established
02:36:36.051 [dockerjava-jaxrs-async-1] DEBUG o.a.h.c.s.SSLConnectionSocketFactory -  negotiated protocol: TLSv1
02:36:36.051 [dockerjava-jaxrs-async-1] DEBUG o.a.h.c.s.SSLConnectionSocketFactory -  negotiated cipher suite: TLS_ECDHE_RSA_WITH_AES_128_CBC_SHA
02:36:36.051 [dockerjava-jaxrs-async-1] DEBUG o.a.h.c.s.SSLConnectionSocketFactory -  peer principal: CN=Thesis
02:36:36.051 [dockerjava-jaxrs-async-1] DEBUG o.a.h.c.s.SSLConnectionSocketFactory -  issuer principal: EMAILADDRESS=sha@yamil.com, CN=Thesis, OU=Open, O=Fra, L=BER, ST=BER, C=DE
02:36:36.052 [dockerjava-jaxrs-async-1] DEBUG o.a.h.i.c.DefaultHttpClientConnectionOperator - Connection established 127.0.0.1:41628<->127.0.1.1:2376
02:36:36.052 [dockerjava-jaxrs-async-1] DEBUG o.a.h.impl.execchain.MainClientExec - Executing request POST /exec/16c7147d686d4d2d118ef9b4a328a84cb80ba5786f1578659abdc404ec4ca26e/start HTTP/1.1
02:36:36.052 [dockerjava-jaxrs-async-1] DEBUG o.a.h.impl.execchain.MainClientExec - Target auth state: UNCHALLENGED
02:36:36.052 [dockerjava-jaxrs-async-1] DEBUG o.a.h.impl.execchain.MainClientExec - Proxy auth state: UNCHALLENGED
02:36:36.052 [dockerjava-jaxrs-async-1] DEBUG org.apache.http.headers - http-outgoing-164 >> POST /exec/16c7147d686d4d2d118ef9b4a328a84cb80ba5786f1578659abdc404ec4ca26e/start HTTP/1.1
02:36:36.052 [dockerjava-jaxrs-async-1] DEBUG org.apache.http.headers - http-outgoing-164 >> Accept: application/json
02:36:36.052 [dockerjava-jaxrs-async-1] DEBUG org.apache.http.headers - http-outgoing-164 >> Content-Type: application/json
02:36:36.052 [dockerjava-jaxrs-async-1] DEBUG org.apache.http.headers - http-outgoing-164 >> User-Agent: Jersey/2.23.1 (Apache HttpClient 4.5.1)
02:36:36.052 [dockerjava-jaxrs-async-1] DEBUG org.apache.http.headers - http-outgoing-164 >> Transfer-Encoding: chunked
02:36:36.053 [dockerjava-jaxrs-async-1] DEBUG org.apache.http.headers - http-outgoing-164 >> Host: Thesis:2376
02:36:36.053 [dockerjava-jaxrs-async-1] DEBUG org.apache.http.headers - http-outgoing-164 >> Connection: Keep-Alive
02:36:36.053 [dockerjava-jaxrs-async-1] DEBUG org.apache.http.headers - http-outgoing-164 >> Accept-Encoding: gzip,deflate
02:36:36.054 [dockerjava-jaxrs-async-1] DEBUG c.g.d.j.JerseyDockerCmdExecFactory - 23 * Sending client request on thread dockerjava-jaxrs-async-1
23 > POST https://Thesis:2376/exec/16c7147d686d4d2d118ef9b4a328a84cb80ba5786f1578659abdc404ec4ca26e/start
23 > Accept: application/json
23 > Content-Type: application/json
{}

02:36:36.054 [dockerjava-jaxrs-async-1] DEBUG org.apache.http.wire - http-outgoing-164 >> "POST /exec/16c7147d686d4d2d118ef9b4a328a84cb80ba5786f1578659abdc404ec4ca26e/start HTTP/1.1[\r][\n]"
02:36:36.055 [dockerjava-jaxrs-async-1] DEBUG org.apache.http.wire - http-outgoing-164 >> "Accept: application/json[\r][\n]"
02:36:36.055 [dockerjava-jaxrs-async-1] DEBUG org.apache.http.wire - http-outgoing-164 >> "Content-Type: application/json[\r][\n]"
02:36:36.055 [dockerjava-jaxrs-async-1] DEBUG org.apache.http.wire - http-outgoing-164 >> "User-Agent: Jersey/2.23.1 (Apache HttpClient 4.5.1)[\r][\n]"
02:36:36.055 [dockerjava-jaxrs-async-1] DEBUG org.apache.http.wire - http-outgoing-164 >> "Transfer-Encoding: chunked[\r][\n]"
02:36:36.055 [dockerjava-jaxrs-async-1] DEBUG org.apache.http.wire - http-outgoing-164 >> "Host: Thesis:2376[\r][\n]"
02:36:36.055 [dockerjava-jaxrs-async-1] DEBUG org.apache.http.wire - http-outgoing-164 >> "Connection: Keep-Alive[\r][\n]"
02:36:36.055 [dockerjava-jaxrs-async-1] DEBUG org.apache.http.wire - http-outgoing-164 >> "Accept-Encoding: gzip,deflate[\r][\n]"
02:36:36.055 [dockerjava-jaxrs-async-1] DEBUG org.apache.http.wire - http-outgoing-164 >> "[\r][\n]"
02:36:36.055 [dockerjava-jaxrs-async-1] DEBUG org.apache.http.wire - http-outgoing-164 >> "2[\r][\n]"
02:36:36.055 [dockerjava-jaxrs-async-1] DEBUG org.apache.http.wire - http-outgoing-164 >> "{}[\r][\n]"
02:36:36.055 [dockerjava-jaxrs-async-1] DEBUG org.apache.http.wire - http-outgoing-164 >> "0[\r][\n]"
02:36:36.055 [dockerjava-jaxrs-async-1] DEBUG org.apache.http.wire - http-outgoing-164 >> "[\r][\n]"
02:36:36.056 [dockerjava-jaxrs-async-1] DEBUG org.apache.http.wire - http-outgoing-164 << "H"
02:36:36.056 [dockerjava-jaxrs-async-1] DEBUG org.apache.http.wire - http-outgoing-164 << "TTP/1.1 200 OK[\r][\n]"
02:36:36.056 [dockerjava-jaxrs-async-1] DEBUG org.apache.http.wire - http-outgoing-164 << "Content-Type: application/vnd.docker.raw-stream[\r][\n]"
02:36:36.059 [dockerjava-jaxrs-async-1] DEBUG org.apache.http.wire - http-outgoing-164 << "[\r][\n]"
02:36:36.060 [dockerjava-jaxrs-async-1] DEBUG org.apache.http.headers - http-outgoing-164 << HTTP/1.1 200 OK
02:36:36.060 [dockerjava-jaxrs-async-1] DEBUG org.apache.http.headers - http-outgoing-164 << Content-Type: application/vnd.docker.raw-stream
02:36:36.080 [dockerjava-jaxrs-async-1] DEBUG org.apache.http.wire - http-outgoing-164 << "end of stream"
02:36:36.080 [dockerjava-jaxrs-async-1] DEBUG o.a.h.i.c.DefaultManagedHttpClientConnection - http-outgoing-164: Close connection
02:36:36.080 [dockerjava-jaxrs-async-1] DEBUG o.a.h.impl.execchain.MainClientExec - Connection discarded
02:36:36.081 [dockerjava-jaxrs-async-1] DEBUG c.g.d.j.JerseyDockerCmdExecFactory$1 - Connection released: [id: 164][route: {s}->https://Thesis:2376][total kept alive: 1; route allocated: 1 of 2; total allocated: 1 of 20]
02:36:36.081 [dockerjava-jaxrs-async-1] DEBUG c.g.d.j.JerseyDockerCmdExecFactory - 24 * Client response received on thread dockerjava-jaxrs-async-1
24 < 200
24 < Content-Length: -1
24 < Content-Type: application/vnd.docker.raw-stream

02:36:36.081 [Test worker] INFO  org.openbaton.docker.DockerVim - Command run successfully in Container
02:36:36.081 [Test worker] DEBUG c.g.d.core.command.AbstrDockerCmd - Cmd: -1,<null>,true,<null>,<null>,com.github.dockerjava.core.util.FiltersBuilder@0,com.github.dockerjava.jaxrs.ListContainersCmdExec@4d19dc97
02:36:36.082 [Test worker] DEBUG c.g.d.j.JerseyDockerCmdExecFactory - 25 * Sending client request on thread Test worker
25 > GET https://Thesis:2376/containers/json?all=true
25 > Accept: application/json

02:36:36.082 [Test worker] DEBUG o.a.h.c.protocol.RequestAddCookies - CookieSpec selected: default
02:36:36.082 [Test worker] DEBUG o.a.h.c.protocol.RequestAuthCache - Auth cache not set in the context
02:36:36.082 [Test worker] DEBUG c.g.d.j.JerseyDockerCmdExecFactory$1 - Connection request: [route: {s}->https://Thesis:2376][total kept alive: 1; route allocated: 1 of 2; total allocated: 1 of 20]
02:36:36.082 [Test worker] DEBUG c.g.d.j.JerseyDockerCmdExecFactory$1 - Connection leased: [id: 165][route: {s}->https://Thesis:2376][total kept alive: 1; route allocated: 2 of 2; total allocated: 2 of 20]
02:36:36.082 [Test worker] DEBUG o.a.h.impl.execchain.MainClientExec - Opening connection {s}->https://Thesis:2376
02:36:36.082 [Test worker] DEBUG o.a.h.i.c.DefaultHttpClientConnectionOperator - Connecting to Thesis/127.0.1.1:2376
02:36:36.082 [Test worker] DEBUG o.a.h.c.s.SSLConnectionSocketFactory - Connecting socket to Thesis/127.0.1.1:2376 with timeout 0
02:36:36.083 [Test worker] DEBUG o.a.h.c.s.SSLConnectionSocketFactory - Enabled protocols: [TLSv1]
02:36:36.083 [Test worker] DEBUG o.a.h.c.s.SSLConnectionSocketFactory - Enabled cipher suites:[TLS_ECDHE_ECDSA_WITH_AES_128_CBC_SHA, TLS_ECDHE_RSA_WITH_AES_128_CBC_SHA, TLS_RSA_WITH_AES_128_CBC_SHA, TLS_ECDH_ECDSA_WITH_AES_128_CBC_SHA, TLS_ECDH_RSA_WITH_AES_128_CBC_SHA, TLS_DHE_RSA_WITH_AES_128_CBC_SHA, TLS_DHE_DSS_WITH_AES_128_CBC_SHA, TLS_ECDHE_ECDSA_WITH_3DES_EDE_CBC_SHA, TLS_ECDHE_RSA_WITH_3DES_EDE_CBC_SHA, SSL_RSA_WITH_3DES_EDE_CBC_SHA, TLS_ECDH_ECDSA_WITH_3DES_EDE_CBC_SHA, TLS_ECDH_RSA_WITH_3DES_EDE_CBC_SHA, SSL_DHE_RSA_WITH_3DES_EDE_CBC_SHA, SSL_DHE_DSS_WITH_3DES_EDE_CBC_SHA, TLS_ECDHE_ECDSA_WITH_RC4_128_SHA, TLS_ECDHE_RSA_WITH_RC4_128_SHA, SSL_RSA_WITH_RC4_128_SHA, TLS_ECDH_ECDSA_WITH_RC4_128_SHA, TLS_ECDH_RSA_WITH_RC4_128_SHA, SSL_RSA_WITH_RC4_128_MD5, TLS_EMPTY_RENEGOTIATION_INFO_SCSV]
02:36:36.083 [Test worker] DEBUG o.a.h.c.s.SSLConnectionSocketFactory - Starting handshake
02:36:36.244 [Test worker] DEBUG o.a.h.c.s.SSLConnectionSocketFactory - Secure session established
02:36:36.244 [Test worker] DEBUG o.a.h.c.s.SSLConnectionSocketFactory -  negotiated protocol: TLSv1
02:36:36.244 [Test worker] DEBUG o.a.h.c.s.SSLConnectionSocketFactory -  negotiated cipher suite: TLS_ECDHE_RSA_WITH_AES_128_CBC_SHA
02:36:36.244 [Test worker] DEBUG o.a.h.c.s.SSLConnectionSocketFactory -  peer principal: CN=Thesis
02:36:36.244 [Test worker] DEBUG o.a.h.c.s.SSLConnectionSocketFactory -  issuer principal: EMAILADDRESS=sha@yamil.com, CN=Thesis, OU=Open, O=Fra, L=BER, ST=BER, C=DE
02:36:36.245 [Test worker] DEBUG o.a.h.i.c.DefaultHttpClientConnectionOperator - Connection established 127.0.0.1:41630<->127.0.1.1:2376
02:36:36.245 [Test worker] DEBUG o.a.h.impl.execchain.MainClientExec - Executing request GET /containers/json?all=true HTTP/1.1
02:36:36.245 [Test worker] DEBUG o.a.h.impl.execchain.MainClientExec - Target auth state: UNCHALLENGED
02:36:36.245 [Test worker] DEBUG o.a.h.impl.execchain.MainClientExec - Proxy auth state: UNCHALLENGED
02:36:36.245 [Test worker] DEBUG org.apache.http.headers - http-outgoing-165 >> GET /containers/json?all=true HTTP/1.1
02:36:36.245 [Test worker] DEBUG org.apache.http.headers - http-outgoing-165 >> Accept: application/json
02:36:36.245 [Test worker] DEBUG org.apache.http.headers - http-outgoing-165 >> User-Agent: Jersey/2.23.1 (Apache HttpClient 4.5.1)
02:36:36.245 [Test worker] DEBUG org.apache.http.headers - http-outgoing-165 >> Host: Thesis:2376
02:36:36.245 [Test worker] DEBUG org.apache.http.headers - http-outgoing-165 >> Connection: Keep-Alive
02:36:36.245 [Test worker] DEBUG org.apache.http.headers - http-outgoing-165 >> Accept-Encoding: gzip,deflate
02:36:36.245 [Test worker] DEBUG org.apache.http.wire - http-outgoing-165 >> "GET /containers/json?all=true HTTP/1.1[\r][\n]"
02:36:36.245 [Test worker] DEBUG org.apache.http.wire - http-outgoing-165 >> "Accept: application/json[\r][\n]"
02:36:36.246 [Test worker] DEBUG org.apache.http.wire - http-outgoing-165 >> "User-Agent: Jersey/2.23.1 (Apache HttpClient 4.5.1)[\r][\n]"
02:36:36.246 [Test worker] DEBUG org.apache.http.wire - http-outgoing-165 >> "Host: Thesis:2376[\r][\n]"
02:36:36.246 [Test worker] DEBUG org.apache.http.wire - http-outgoing-165 >> "Connection: Keep-Alive[\r][\n]"
02:36:36.246 [Test worker] DEBUG org.apache.http.wire - http-outgoing-165 >> "Accept-Encoding: gzip,deflate[\r][\n]"
02:36:36.246 [Test worker] DEBUG org.apache.http.wire - http-outgoing-165 >> "[\r][\n]"
02:36:36.246 [Test worker] DEBUG org.apache.http.wire - http-outgoing-165 << "H"
02:36:36.246 [Test worker] DEBUG org.apache.http.wire - http-outgoing-165 << "TTP/1.1 200 OK[\r][\n]"
02:36:36.246 [Test worker] DEBUG org.apache.http.wire - http-outgoing-165 << "Content-Type: application/json[\r][\n]"
02:36:36.246 [Test worker] DEBUG org.apache.http.wire - http-outgoing-165 << "Server: Docker/1.12.3 (linux)[\r][\n]"
02:36:36.247 [Test worker] DEBUG org.apache.http.wire - http-outgoing-165 << "Date: Tue, 03 Jan 2017 01:36:36 GMT[\r][\n]"
02:36:36.247 [Test worker] DEBUG org.apache.http.wire - http-outgoing-165 << "Content-Length: 855[\r][\n]"
02:36:36.247 [Test worker] DEBUG org.apache.http.wire - http-outgoing-165 << "[\r][\n]"
02:36:36.247 [Test worker] DEBUG org.apache.http.wire - http-outgoing-165 << "[{"Id":"ee9e791549f83a5eb95afcb8171e704aa4d068a4ae49f85dd680cd46c6d23523","Names":["/MyContainer"],"Image":"ubuntu:14.04","ImageID":"sha256:aae2b63c49461fcae4962e4a8043f66acf8e3af7e62f5ebceb70b181d8ca01e0","Command":"sleep 99999","Created":1483407395,"Ports":[{"IP":"0.0.0.0","PrivatePort":8084,"PublicPort":8084,"Type":"tcp"}],"Labels":{},"State":"running","Status":"Up Less than a second","HostConfig":{"NetworkMode":"default"},"NetworkSettings":{"Networks":{"bridge":{"IPAMConfig":null,"Links":null,"Aliases":null,"NetworkID":"e0d36057aa1769e9fd52ba88be81b698b495f9b6b4946d0f98f24d971a27fc98","EndpointID":"82a9d3fb1a6f695fd51f751f1cfe324661b4e958255d81f5f5ff519c7fc260d0","Gateway":"172.17.0.1","IPAddress":"172.17.0.2","IPPrefixLen":16,"IPv6Gateway":"","GlobalIPv6Address":"","GlobalIPv6PrefixLen":0,"MacAddress":"02:42:ac:11:00:02"}}},"Mounts":[]}][\n]"
02:36:36.247 [Test worker] DEBUG org.apache.http.headers - http-outgoing-165 << HTTP/1.1 200 OK
02:36:36.247 [Test worker] DEBUG org.apache.http.headers - http-outgoing-165 << Content-Type: application/json
02:36:36.247 [Test worker] DEBUG org.apache.http.headers - http-outgoing-165 << Server: Docker/1.12.3 (linux)
02:36:36.247 [Test worker] DEBUG org.apache.http.headers - http-outgoing-165 << Date: Tue, 03 Jan 2017 01:36:36 GMT
02:36:36.247 [Test worker] DEBUG org.apache.http.headers - http-outgoing-165 << Content-Length: 855
02:36:36.247 [Test worker] DEBUG o.a.h.impl.execchain.MainClientExec - Connection can be kept alive indefinitely
02:36:36.248 [Test worker] DEBUG c.g.d.j.JerseyDockerCmdExecFactory - 26 * Client response received on thread Test worker
26 < 200
26 < Content-Length: 855
26 < Content-Type: application/json
26 < Date: Tue, 03 Jan 2017 01:36:36 GMT
26 < Server: Docker/1.12.3 (linux)
[{"Id":"ee9e791549f83a5eb95afcb8171e704aa4d068a4ae49f85dd680cd46c6d23523","Names":["/MyContainer"],"Image":"ubuntu:14.04","ImageID":"sha256:aae2b63c49461fcae4962e4a8043f66acf8e3af7e62f5ebceb70b181d8ca01e0","Command":"sleep 99999","Created":1483407395,"Ports":[{"IP":"0.0.0.0","PrivatePort":8084,"PublicPort":8084,"Type":"tcp"}],"Labels":{},"State":"running","Status":"Up Less than a second","HostConfig":{"NetworkMode":"default"},"NetworkSettings":{"Networks":{"bridge":{"IPAMConfig":null,"Links":null,"Aliases":null,"NetworkID":"e0d36057aa1769e9fd52ba88be81b698b495f9b6b4946d0f98f24d971a27fc98","EndpointID":"82a9d3fb1a6f695fd51f751f1cfe324661b4e958255d81f5f5ff519c7fc260d0","Gateway":"172.17.0.1","IPAddress":"172.17.0.2","IPPrefixLen":16,"IPv6Gateway":"","GlobalIPv6Address":"","GlobalIPv6PrefixLen":0,"MacAddress":"02:42:ac:11:00:02"}}},"Mounts":[]}]


02:36:36.249 [Test worker] DEBUG o.a.h.i.c.DefaultManagedHttpClientConnection - http-outgoing-165: Close connection
02:36:36.249 [Test worker] DEBUG o.a.h.impl.execchain.MainClientExec - Connection discarded
02:36:36.249 [Test worker] DEBUG c.g.d.j.JerseyDockerCmdExecFactory$1 - Connection released: [id: 165][route: {s}->https://Thesis:2376][total kept alive: 1; route allocated: 1 of 2; total allocated: 1 of 20]
02:36:36.249 [Test worker] DEBUG c.g.d.core.command.AbstrDockerCmd - Cmd: ListImagesCmdImpl[imageNameFilter=<null>,showAll=true,filters=com.github.dockerjava.core.util.FiltersBuilder@0,execution=com.github.dockerjava.jaxrs.ListImagesCmdExec@2cb50aa0]
02:36:36.250 [Test worker] DEBUG c.g.d.j.JerseyDockerCmdExecFactory - 27 * Sending client request on thread Test worker
27 > GET https://Thesis:2376/images/json?all=true
27 > Accept: application/json

02:36:36.250 [Test worker] DEBUG o.a.h.c.protocol.RequestAddCookies - CookieSpec selected: default
02:36:36.250 [Test worker] DEBUG o.a.h.c.protocol.RequestAuthCache - Auth cache not set in the context
02:36:36.251 [Test worker] DEBUG c.g.d.j.JerseyDockerCmdExecFactory$1 - Connection request: [route: {s}->https://Thesis:2376][total kept alive: 1; route allocated: 1 of 2; total allocated: 1 of 20]
02:36:36.251 [Test worker] DEBUG c.g.d.j.JerseyDockerCmdExecFactory$1 - Connection leased: [id: 166][route: {s}->https://Thesis:2376][total kept alive: 1; route allocated: 2 of 2; total allocated: 2 of 20]
02:36:36.251 [Test worker] DEBUG o.a.h.impl.execchain.MainClientExec - Opening connection {s}->https://Thesis:2376
02:36:36.251 [Test worker] DEBUG o.a.h.i.c.DefaultHttpClientConnectionOperator - Connecting to Thesis/127.0.1.1:2376
02:36:36.251 [Test worker] DEBUG o.a.h.c.s.SSLConnectionSocketFactory - Connecting socket to Thesis/127.0.1.1:2376 with timeout 0
02:36:36.252 [Test worker] DEBUG o.a.h.c.s.SSLConnectionSocketFactory - Enabled protocols: [TLSv1]
02:36:36.252 [Test worker] DEBUG o.a.h.c.s.SSLConnectionSocketFactory - Enabled cipher suites:[TLS_ECDHE_ECDSA_WITH_AES_128_CBC_SHA, TLS_ECDHE_RSA_WITH_AES_128_CBC_SHA, TLS_RSA_WITH_AES_128_CBC_SHA, TLS_ECDH_ECDSA_WITH_AES_128_CBC_SHA, TLS_ECDH_RSA_WITH_AES_128_CBC_SHA, TLS_DHE_RSA_WITH_AES_128_CBC_SHA, TLS_DHE_DSS_WITH_AES_128_CBC_SHA, TLS_ECDHE_ECDSA_WITH_3DES_EDE_CBC_SHA, TLS_ECDHE_RSA_WITH_3DES_EDE_CBC_SHA, SSL_RSA_WITH_3DES_EDE_CBC_SHA, TLS_ECDH_ECDSA_WITH_3DES_EDE_CBC_SHA, TLS_ECDH_RSA_WITH_3DES_EDE_CBC_SHA, SSL_DHE_RSA_WITH_3DES_EDE_CBC_SHA, SSL_DHE_DSS_WITH_3DES_EDE_CBC_SHA, TLS_ECDHE_ECDSA_WITH_RC4_128_SHA, TLS_ECDHE_RSA_WITH_RC4_128_SHA, SSL_RSA_WITH_RC4_128_SHA, TLS_ECDH_ECDSA_WITH_RC4_128_SHA, TLS_ECDH_RSA_WITH_RC4_128_SHA, SSL_RSA_WITH_RC4_128_MD5, TLS_EMPTY_RENEGOTIATION_INFO_SCSV]
02:36:36.252 [Test worker] DEBUG o.a.h.c.s.SSLConnectionSocketFactory - Starting handshake
02:36:36.404 [Test worker] DEBUG o.a.h.c.s.SSLConnectionSocketFactory - Secure session established
02:36:36.404 [Test worker] DEBUG o.a.h.c.s.SSLConnectionSocketFactory -  negotiated protocol: TLSv1
02:36:36.404 [Test worker] DEBUG o.a.h.c.s.SSLConnectionSocketFactory -  negotiated cipher suite: TLS_ECDHE_RSA_WITH_AES_128_CBC_SHA
02:36:36.404 [Test worker] DEBUG o.a.h.c.s.SSLConnectionSocketFactory -  peer principal: CN=Thesis
02:36:36.404 [Test worker] DEBUG o.a.h.c.s.SSLConnectionSocketFactory -  issuer principal: EMAILADDRESS=sha@yamil.com, CN=Thesis, OU=Open, O=Fra, L=BER, ST=BER, C=DE
02:36:36.405 [Test worker] DEBUG o.a.h.i.c.DefaultHttpClientConnectionOperator - Connection established 127.0.0.1:41632<->127.0.1.1:2376
02:36:36.405 [Test worker] DEBUG o.a.h.impl.execchain.MainClientExec - Executing request GET /images/json?all=true HTTP/1.1
02:36:36.405 [Test worker] DEBUG o.a.h.impl.execchain.MainClientExec - Target auth state: UNCHALLENGED
02:36:36.405 [Test worker] DEBUG o.a.h.impl.execchain.MainClientExec - Proxy auth state: UNCHALLENGED
02:36:36.405 [Test worker] DEBUG org.apache.http.headers - http-outgoing-166 >> GET /images/json?all=true HTTP/1.1
02:36:36.405 [Test worker] DEBUG org.apache.http.headers - http-outgoing-166 >> Accept: application/json
02:36:36.405 [Test worker] DEBUG org.apache.http.headers - http-outgoing-166 >> User-Agent: Jersey/2.23.1 (Apache HttpClient 4.5.1)
02:36:36.405 [Test worker] DEBUG org.apache.http.headers - http-outgoing-166 >> Host: Thesis:2376
02:36:36.405 [Test worker] DEBUG org.apache.http.headers - http-outgoing-166 >> Connection: Keep-Alive
02:36:36.405 [Test worker] DEBUG org.apache.http.headers - http-outgoing-166 >> Accept-Encoding: gzip,deflate
02:36:36.406 [Test worker] DEBUG org.apache.http.wire - http-outgoing-166 >> "GET /images/json?all=true HTTP/1.1[\r][\n]"
02:36:36.406 [Test worker] DEBUG org.apache.http.wire - http-outgoing-166 >> "Accept: application/json[\r][\n]"
02:36:36.406 [Test worker] DEBUG org.apache.http.wire - http-outgoing-166 >> "User-Agent: Jersey/2.23.1 (Apache HttpClient 4.5.1)[\r][\n]"
02:36:36.406 [Test worker] DEBUG org.apache.http.wire - http-outgoing-166 >> "Host: Thesis:2376[\r][\n]"
02:36:36.406 [Test worker] DEBUG org.apache.http.wire - http-outgoing-166 >> "Connection: Keep-Alive[\r][\n]"
02:36:36.406 [Test worker] DEBUG org.apache.http.wire - http-outgoing-166 >> "Accept-Encoding: gzip,deflate[\r][\n]"
02:36:36.406 [Test worker] DEBUG org.apache.http.wire - http-outgoing-166 >> "[\r][\n]"
02:36:36.407 [Test worker] DEBUG org.apache.http.wire - http-outgoing-166 << "H"
02:36:36.407 [Test worker] DEBUG org.apache.http.wire - http-outgoing-166 << "TTP/1.1 200 OK[\r][\n]"
02:36:36.407 [Test worker] DEBUG org.apache.http.wire - http-outgoing-166 << "Content-Type: application/json[\r][\n]"
02:36:36.407 [Test worker] DEBUG org.apache.http.wire - http-outgoing-166 << "Server: Docker/1.12.3 (linux)[\r][\n]"
02:36:36.407 [Test worker] DEBUG org.apache.http.wire - http-outgoing-166 << "Date: Tue, 03 Jan 2017 01:36:36 GMT[\r][\n]"
02:36:36.407 [Test worker] DEBUG org.apache.http.wire - http-outgoing-166 << "Content-Length: 1195[\r][\n]"
02:36:36.407 [Test worker] DEBUG org.apache.http.wire - http-outgoing-166 << "[\r][\n]"
02:36:36.408 [Test worker] DEBUG org.apache.http.wire - http-outgoing-166 << "[{"Id":"sha256:4ca3a192ff2a5b7e225e81dc006b6379c10776ed3619757a65608cb72de0a7f6","ParentId":"","RepoTags":["ubuntu:latest"],"RepoDigests":["ubuntu@sha256:3b64c309deae7ab0f7dbdd42b6b326261ccd6261da5d88396439353162703fb5"],"Created":1480449877,"Size":128206574,"VirtualSize":128206574,"Labels":{}},{"Id":"sha256:aae2b63c49461fcae4962e4a8043f66acf8e3af7e62f5ebceb70b181d8ca01e0","ParentId":"","RepoTags":["ubuntu:14.04"],"RepoDigests":["ubuntu@sha256:edb984703bd3e8981ff541a5b9297ca1b81fde6e6e8094d86e390a38ebc30b4d"],"Created":1480449856,"Size":187952254,"VirtualSize":187952254,"Labels":{}},{"Id":"sha256:e02e811dd08fd49e7f6032625495118e63f597eb150403d02e3238af1df240ba","ParentId":"","RepoTags":["busybox:latest"],"RepoDigests":["busybox@sha256:29f5d56d12684887bdfa50dcd29fc31eea4aaf4ad3bec43daf19026a7ce69912"],"Created":1475874238,"Size":1093484,"VirtualSize":1093484,"Labels":{}},{"Id":"sha256:d654de4499473ed41349b54a988b6f46a7fc92e3fa2d61e102bf2660a0116e25","ParentId":"","RepoTags":["sakib37/iperf3:latest"],"RepoDigests":["sakib37/iperf3@sha256:8d80a810f8f508c074b14d02555f20110eac382c8dbda7252075392983629d40"],"Created":1474907599,"Size":199456654,"VirtualSize":199456654,"Labels":{}}][\n]"
02:36:36.408 [Test worker] DEBUG org.apache.http.headers - http-outgoing-166 << HTTP/1.1 200 OK
02:36:36.408 [Test worker] DEBUG org.apache.http.headers - http-outgoing-166 << Content-Type: application/json
02:36:36.408 [Test worker] DEBUG org.apache.http.headers - http-outgoing-166 << Server: Docker/1.12.3 (linux)
02:36:36.408 [Test worker] DEBUG org.apache.http.headers - http-outgoing-166 << Date: Tue, 03 Jan 2017 01:36:36 GMT
02:36:36.408 [Test worker] DEBUG org.apache.http.headers - http-outgoing-166 << Content-Length: 1195
02:36:36.408 [Test worker] DEBUG o.a.h.impl.execchain.MainClientExec - Connection can be kept alive indefinitely
02:36:36.408 [Test worker] DEBUG c.g.d.j.JerseyDockerCmdExecFactory - 28 * Client response received on thread Test worker
28 < 200
28 < Content-Length: 1195
28 < Content-Type: application/json
28 < Date: Tue, 03 Jan 2017 01:36:36 GMT
28 < Server: Docker/1.12.3 (linux)
[{"Id":"sha256:4ca3a192ff2a5b7e225e81dc006b6379c10776ed3619757a65608cb72de0a7f6","ParentId":"","RepoTags":["ubuntu:latest"],"RepoDigests":["ubuntu@sha256:3b64c309deae7ab0f7dbdd42b6b326261ccd6261da5d88396439353162703fb5"],"Created":1480449877,"Size":128206574,"VirtualSize":128206574,"Labels":{}},{"Id":"sha256:aae2b63c49461fcae4962e4a8043f66acf8e3af7e62f5ebceb70b181d8ca01e0","ParentId":"","RepoTags":["ubuntu:14.04"],"RepoDigests":["ubuntu@sha256:edb984703bd3e8981ff541a5b9297ca1b81fde6e6e8094d86e390a38ebc30b4d"],"Created":1480449856,"Size":187952254,"VirtualSize":187952254,"Labels":{}},{"Id":"sha256:e02e811dd08fd49e7f6032625495118e63f597eb150403d02e3238af1df240ba","ParentId":"","RepoTags":["busybox:latest"],"RepoDigests":["busybox@sha256:29f5d56d12684887bdfa50dcd29fc31eea4aaf4ad3bec43daf19026a7ce69912"],"Created":1475874238,"Size":1093484,"VirtualSize":1093484,"Labels":{}},{"Id":"sha256:d654de4499473ed41349b54a988b6f46a7fc92e3fa2d61e102bf2660a0116e25","ParentId":"","RepoTags":["sakib37/iperf3:latest"],"RepoDigests":["sakib37/iperf3@sha256:8d80a810f8f508c074b14d02555f20110eac382c8dbda7252075392983629d40"],"Created":1474907599,"Size":199456654,"VirtualSize":199456654,"Labels":{}}]


02:36:36.409 [Test worker] DEBUG o.a.h.i.c.DefaultManagedHttpClientConnection - http-outgoing-166: Close connection
02:36:36.409 [Test worker] DEBUG o.a.h.impl.execchain.MainClientExec - Connection discarded
02:36:36.410 [Test worker] DEBUG c.g.d.j.JerseyDockerCmdExecFactory$1 - Connection released: [id: 166][route: {s}->https://Thesis:2376][total kept alive: 1; route allocated: 1 of 2; total allocated: 1 of 20]
02:36:36.410 [Test worker] DEBUG org.openbaton.docker.DockerVim - Found a docker image, transformed into a NFV Image Image{id='sha256:aae2b63c49461fcae4962e4a8043f66acf8e3af7e62f5ebceb70b181d8ca01e0', name='ubuntu:14.04', version=0, extId='null', minRam='0', minDiskSpace='0', minCPU='null', public='true', diskFormat='null', containerFormat='docker', created='Sun Jan 18 04:14:09 CET 1970', updated='null'}
02:36:36.412 [Test worker] DEBUG c.g.d.core.command.AbstrDockerCmd - Cmd: ee9e791549f83a5eb95afcb8171e704aa4d068a4ae49f85dd680cd46c6d23523,<null>,true,com.github.dockerjava.jaxrs.RemoveContainerCmdExec@278b538
02:36:36.413 [Test worker] DEBUG c.g.d.j.JerseyDockerCmdExecFactory - 29 * Sending client request on thread Test worker
29 > DELETE https://Thesis:2376/containers/ee9e791549f83a5eb95afcb8171e704aa4d068a4ae49f85dd680cd46c6d23523?force=true
29 > Accept: application/json

02:36:36.413 [Test worker] DEBUG o.a.h.c.protocol.RequestAddCookies - CookieSpec selected: default
02:36:36.413 [Test worker] DEBUG o.a.h.c.protocol.RequestAuthCache - Auth cache not set in the context
02:36:36.413 [Test worker] DEBUG c.g.d.j.JerseyDockerCmdExecFactory$1 - Connection request: [route: {s}->https://Thesis:2376][total kept alive: 1; route allocated: 1 of 2; total allocated: 1 of 20]
02:36:36.413 [Test worker] DEBUG c.g.d.j.JerseyDockerCmdExecFactory$1 - Connection leased: [id: 167][route: {s}->https://Thesis:2376][total kept alive: 1; route allocated: 2 of 2; total allocated: 2 of 20]
02:36:36.414 [Test worker] DEBUG o.a.h.impl.execchain.MainClientExec - Opening connection {s}->https://Thesis:2376
02:36:36.414 [Test worker] DEBUG o.a.h.i.c.DefaultHttpClientConnectionOperator - Connecting to Thesis/127.0.1.1:2376
02:36:36.414 [Test worker] DEBUG o.a.h.c.s.SSLConnectionSocketFactory - Connecting socket to Thesis/127.0.1.1:2376 with timeout 0
02:36:36.414 [Test worker] DEBUG o.a.h.c.s.SSLConnectionSocketFactory - Enabled protocols: [TLSv1]
02:36:36.414 [Test worker] DEBUG o.a.h.c.s.SSLConnectionSocketFactory - Enabled cipher suites:[TLS_ECDHE_ECDSA_WITH_AES_128_CBC_SHA, TLS_ECDHE_RSA_WITH_AES_128_CBC_SHA, TLS_RSA_WITH_AES_128_CBC_SHA, TLS_ECDH_ECDSA_WITH_AES_128_CBC_SHA, TLS_ECDH_RSA_WITH_AES_128_CBC_SHA, TLS_DHE_RSA_WITH_AES_128_CBC_SHA, TLS_DHE_DSS_WITH_AES_128_CBC_SHA, TLS_ECDHE_ECDSA_WITH_3DES_EDE_CBC_SHA, TLS_ECDHE_RSA_WITH_3DES_EDE_CBC_SHA, SSL_RSA_WITH_3DES_EDE_CBC_SHA, TLS_ECDH_ECDSA_WITH_3DES_EDE_CBC_SHA, TLS_ECDH_RSA_WITH_3DES_EDE_CBC_SHA, SSL_DHE_RSA_WITH_3DES_EDE_CBC_SHA, SSL_DHE_DSS_WITH_3DES_EDE_CBC_SHA, TLS_ECDHE_ECDSA_WITH_RC4_128_SHA, TLS_ECDHE_RSA_WITH_RC4_128_SHA, SSL_RSA_WITH_RC4_128_SHA, TLS_ECDH_ECDSA_WITH_RC4_128_SHA, TLS_ECDH_RSA_WITH_RC4_128_SHA, SSL_RSA_WITH_RC4_128_MD5, TLS_EMPTY_RENEGOTIATION_INFO_SCSV]
02:36:36.415 [Test worker] DEBUG o.a.h.c.s.SSLConnectionSocketFactory - Starting handshake
02:36:36.564 [Test worker] DEBUG o.a.h.c.s.SSLConnectionSocketFactory - Secure session established
02:36:36.564 [Test worker] DEBUG o.a.h.c.s.SSLConnectionSocketFactory -  negotiated protocol: TLSv1
02:36:36.564 [Test worker] DEBUG o.a.h.c.s.SSLConnectionSocketFactory -  negotiated cipher suite: TLS_ECDHE_RSA_WITH_AES_128_CBC_SHA
02:36:36.564 [Test worker] DEBUG o.a.h.c.s.SSLConnectionSocketFactory -  peer principal: CN=Thesis
02:36:36.564 [Test worker] DEBUG o.a.h.c.s.SSLConnectionSocketFactory -  issuer principal: EMAILADDRESS=sha@yamil.com, CN=Thesis, OU=Open, O=Fra, L=BER, ST=BER, C=DE
02:36:36.564 [Test worker] DEBUG o.a.h.i.c.DefaultHttpClientConnectionOperator - Connection established 127.0.0.1:41634<->127.0.1.1:2376
02:36:36.565 [Test worker] DEBUG o.a.h.impl.execchain.MainClientExec - Executing request DELETE /containers/ee9e791549f83a5eb95afcb8171e704aa4d068a4ae49f85dd680cd46c6d23523?force=true HTTP/1.1
02:36:36.572 [Test worker] DEBUG o.a.h.impl.execchain.MainClientExec - Target auth state: UNCHALLENGED
02:36:36.572 [Test worker] DEBUG o.a.h.impl.execchain.MainClientExec - Proxy auth state: UNCHALLENGED
02:36:36.572 [Test worker] DEBUG org.apache.http.headers - http-outgoing-167 >> DELETE /containers/ee9e791549f83a5eb95afcb8171e704aa4d068a4ae49f85dd680cd46c6d23523?force=true HTTP/1.1
02:36:36.572 [Test worker] DEBUG org.apache.http.headers - http-outgoing-167 >> Accept: application/json
02:36:36.573 [Test worker] DEBUG org.apache.http.headers - http-outgoing-167 >> User-Agent: Jersey/2.23.1 (Apache HttpClient 4.5.1)
02:36:36.573 [Test worker] DEBUG org.apache.http.headers - http-outgoing-167 >> Host: Thesis:2376
02:36:36.573 [Test worker] DEBUG org.apache.http.headers - http-outgoing-167 >> Connection: Keep-Alive
02:36:36.573 [Test worker] DEBUG org.apache.http.headers - http-outgoing-167 >> Accept-Encoding: gzip,deflate
02:36:36.573 [Test worker] DEBUG org.apache.http.wire - http-outgoing-167 >> "DELETE /containers/ee9e791549f83a5eb95afcb8171e704aa4d068a4ae49f85dd680cd46c6d23523?force=true HTTP/1.1[\r][\n]"
02:36:36.573 [Test worker] DEBUG org.apache.http.wire - http-outgoing-167 >> "Accept: application/json[\r][\n]"
02:36:36.573 [Test worker] DEBUG org.apache.http.wire - http-outgoing-167 >> "User-Agent: Jersey/2.23.1 (Apache HttpClient 4.5.1)[\r][\n]"
02:36:36.573 [Test worker] DEBUG org.apache.http.wire - http-outgoing-167 >> "Host: Thesis:2376[\r][\n]"
02:36:36.573 [Test worker] DEBUG org.apache.http.wire - http-outgoing-167 >> "Connection: Keep-Alive[\r][\n]"
02:36:36.573 [Test worker] DEBUG org.apache.http.wire - http-outgoing-167 >> "Accept-Encoding: gzip,deflate[\r][\n]"
02:36:36.573 [Test worker] DEBUG org.apache.http.wire - http-outgoing-167 >> "[\r][\n]"
02:36:36.680 [Test worker] DEBUG org.apache.http.wire - http-outgoing-167 << "H"
02:36:36.680 [Test worker] DEBUG org.apache.http.wire - http-outgoing-167 << "TTP/1.1 204 No Content[\r][\n]"
02:36:36.680 [Test worker] DEBUG org.apache.http.wire - http-outgoing-167 << "Server: Docker/1.12.3 (linux)[\r][\n]"
02:36:36.680 [Test worker] DEBUG org.apache.http.wire - http-outgoing-167 << "Date: Tue, 03 Jan 2017 01:36:36 GMT[\r][\n]"
02:36:36.680 [Test worker] DEBUG org.apache.http.wire - http-outgoing-167 << "[\r][\n]"
02:36:36.681 [Test worker] DEBUG org.apache.http.headers - http-outgoing-167 << HTTP/1.1 204 No Content
02:36:36.681 [Test worker] DEBUG org.apache.http.headers - http-outgoing-167 << Server: Docker/1.12.3 (linux)
02:36:36.681 [Test worker] DEBUG org.apache.http.headers - http-outgoing-167 << Date: Tue, 03 Jan 2017 01:36:36 GMT
02:36:36.681 [Test worker] DEBUG o.a.h.impl.execchain.MainClientExec - Connection can be kept alive indefinitely
02:36:36.681 [Test worker] DEBUG c.g.d.j.JerseyDockerCmdExecFactory$1 - Connection [id: 167][route: {s}->https://Thesis:2376][state: CN=Thesis] can be kept alive indefinitely
02:36:36.681 [Test worker] DEBUG c.g.d.j.JerseyDockerCmdExecFactory$1 - Connection released: [id: 167][route: {s}->https://Thesis:2376][state: CN=Thesis][total kept alive: 2; route allocated: 2 of 2; total allocated: 2 of 20]
02:36:36.681 [Test worker] DEBUG c.g.d.j.JerseyDockerCmdExecFactory - 30 * Client response received on thread Test worker
30 < 204
30 < Date: Tue, 03 Jan 2017 01:36:36 GMT
30 < Server: Docker/1.12.3 (linux)

02:36:36.681 [Test worker] DEBUG org.openbaton.docker.DockerVim - Server deleted successfully
02:36:36.681 [Test worker] DEBUG c.g.d.core.command.AbstrDockerCmd - Cmd: com.github.dockerjava.core.util.FiltersBuilder@0,com.github.dockerjava.jaxrs.ListNetworksCmdExec@29d48351
02:36:36.681 [Test worker] DEBUG c.g.d.j.JerseyDockerCmdExecFactory - 31 * Sending client request on thread Test worker
31 > GET https://Thesis:2376/networks
31 > Accept: application/json

02:36:36.682 [Test worker] DEBUG o.a.h.c.protocol.RequestAddCookies - CookieSpec selected: default
02:36:36.682 [Test worker] DEBUG o.a.h.c.protocol.RequestAuthCache - Auth cache not set in the context
02:36:36.682 [Test worker] DEBUG c.g.d.j.JerseyDockerCmdExecFactory$1 - Connection request: [route: {s}->https://Thesis:2376][total kept alive: 2; route allocated: 2 of 2; total allocated: 2 of 20]
02:36:36.682 [Test worker] DEBUG o.a.h.i.c.DefaultManagedHttpClientConnection - http-outgoing-162: Close connection
02:36:36.682 [Test worker] DEBUG c.g.d.j.JerseyDockerCmdExecFactory$1 - Connection leased: [id: 168][route: {s}->https://Thesis:2376][total kept alive: 1; route allocated: 2 of 2; total allocated: 2 of 20]
02:36:36.687 [Test worker] DEBUG o.a.h.impl.execchain.MainClientExec - Opening connection {s}->https://Thesis:2376
02:36:36.688 [Test worker] DEBUG o.a.h.i.c.DefaultHttpClientConnectionOperator - Connecting to Thesis/127.0.1.1:2376
02:36:36.690 [Test worker] DEBUG o.a.h.c.s.SSLConnectionSocketFactory - Connecting socket to Thesis/127.0.1.1:2376 with timeout 0
02:36:36.691 [Test worker] DEBUG o.a.h.c.s.SSLConnectionSocketFactory - Enabled protocols: [TLSv1]
02:36:36.691 [Test worker] DEBUG o.a.h.c.s.SSLConnectionSocketFactory - Enabled cipher suites:[TLS_ECDHE_ECDSA_WITH_AES_128_CBC_SHA, TLS_ECDHE_RSA_WITH_AES_128_CBC_SHA, TLS_RSA_WITH_AES_128_CBC_SHA, TLS_ECDH_ECDSA_WITH_AES_128_CBC_SHA, TLS_ECDH_RSA_WITH_AES_128_CBC_SHA, TLS_DHE_RSA_WITH_AES_128_CBC_SHA, TLS_DHE_DSS_WITH_AES_128_CBC_SHA, TLS_ECDHE_ECDSA_WITH_3DES_EDE_CBC_SHA, TLS_ECDHE_RSA_WITH_3DES_EDE_CBC_SHA, SSL_RSA_WITH_3DES_EDE_CBC_SHA, TLS_ECDH_ECDSA_WITH_3DES_EDE_CBC_SHA, TLS_ECDH_RSA_WITH_3DES_EDE_CBC_SHA, SSL_DHE_RSA_WITH_3DES_EDE_CBC_SHA, SSL_DHE_DSS_WITH_3DES_EDE_CBC_SHA, TLS_ECDHE_ECDSA_WITH_RC4_128_SHA, TLS_ECDHE_RSA_WITH_RC4_128_SHA, SSL_RSA_WITH_RC4_128_SHA, TLS_ECDH_ECDSA_WITH_RC4_128_SHA, TLS_ECDH_RSA_WITH_RC4_128_SHA, SSL_RSA_WITH_RC4_128_MD5, TLS_EMPTY_RENEGOTIATION_INFO_SCSV]
02:36:36.691 [Test worker] DEBUG o.a.h.c.s.SSLConnectionSocketFactory - Starting handshake
02:36:36.866 [Test worker] DEBUG o.a.h.c.s.SSLConnectionSocketFactory - Secure session established
02:36:36.866 [Test worker] DEBUG o.a.h.c.s.SSLConnectionSocketFactory -  negotiated protocol: TLSv1
02:36:36.866 [Test worker] DEBUG o.a.h.c.s.SSLConnectionSocketFactory -  negotiated cipher suite: TLS_ECDHE_RSA_WITH_AES_128_CBC_SHA
02:36:36.866 [Test worker] DEBUG o.a.h.c.s.SSLConnectionSocketFactory -  peer principal: CN=Thesis
02:36:36.866 [Test worker] DEBUG o.a.h.c.s.SSLConnectionSocketFactory -  issuer principal: EMAILADDRESS=sha@yamil.com, CN=Thesis, OU=Open, O=Fra, L=BER, ST=BER, C=DE
02:36:36.866 [Test worker] DEBUG o.a.h.i.c.DefaultHttpClientConnectionOperator - Connection established 127.0.0.1:41636<->127.0.1.1:2376
02:36:36.866 [Test worker] DEBUG o.a.h.impl.execchain.MainClientExec - Executing request GET /networks HTTP/1.1
02:36:36.866 [Test worker] DEBUG o.a.h.impl.execchain.MainClientExec - Target auth state: UNCHALLENGED
02:36:36.866 [Test worker] DEBUG o.a.h.impl.execchain.MainClientExec - Proxy auth state: UNCHALLENGED
02:36:36.867 [Test worker] DEBUG org.apache.http.headers - http-outgoing-168 >> GET /networks HTTP/1.1
02:36:36.867 [Test worker] DEBUG org.apache.http.headers - http-outgoing-168 >> Accept: application/json
02:36:36.867 [Test worker] DEBUG org.apache.http.headers - http-outgoing-168 >> User-Agent: Jersey/2.23.1 (Apache HttpClient 4.5.1)
02:36:36.867 [Test worker] DEBUG org.apache.http.headers - http-outgoing-168 >> Host: Thesis:2376
02:36:36.867 [Test worker] DEBUG org.apache.http.headers - http-outgoing-168 >> Connection: Keep-Alive
02:36:36.867 [Test worker] DEBUG org.apache.http.headers - http-outgoing-168 >> Accept-Encoding: gzip,deflate
02:36:36.867 [Test worker] DEBUG org.apache.http.wire - http-outgoing-168 >> "GET /networks HTTP/1.1[\r][\n]"
02:36:36.867 [Test worker] DEBUG org.apache.http.wire - http-outgoing-168 >> "Accept: application/json[\r][\n]"
02:36:36.867 [Test worker] DEBUG org.apache.http.wire - http-outgoing-168 >> "User-Agent: Jersey/2.23.1 (Apache HttpClient 4.5.1)[\r][\n]"
02:36:36.867 [Test worker] DEBUG org.apache.http.wire - http-outgoing-168 >> "Host: Thesis:2376[\r][\n]"
02:36:36.867 [Test worker] DEBUG org.apache.http.wire - http-outgoing-168 >> "Connection: Keep-Alive[\r][\n]"
02:36:36.867 [Test worker] DEBUG org.apache.http.wire - http-outgoing-168 >> "Accept-Encoding: gzip,deflate[\r][\n]"
02:36:36.867 [Test worker] DEBUG org.apache.http.wire - http-outgoing-168 >> "[\r][\n]"
02:36:36.868 [Test worker] DEBUG org.apache.http.wire - http-outgoing-168 << "H"
02:36:36.868 [Test worker] DEBUG org.apache.http.wire - http-outgoing-168 << "TTP/1.1 200 OK[\r][\n]"
02:36:36.868 [Test worker] DEBUG org.apache.http.wire - http-outgoing-168 << "Content-Type: application/json[\r][\n]"
02:36:36.868 [Test worker] DEBUG org.apache.http.wire - http-outgoing-168 << "Server: Docker/1.12.3 (linux)[\r][\n]"
02:36:36.868 [Test worker] DEBUG org.apache.http.wire - http-outgoing-168 << "Date: Tue, 03 Jan 2017 01:36:36 GMT[\r][\n]"
02:36:36.868 [Test worker] DEBUG org.apache.http.wire - http-outgoing-168 << "Content-Length: 1411[\r][\n]"
02:36:36.868 [Test worker] DEBUG org.apache.http.wire - http-outgoing-168 << "[\r][\n]"
02:36:36.869 [Test worker] DEBUG org.apache.http.wire - http-outgoing-168 << "[{"Name":"host","Id":"fe042b0866671b5be4f097ba43830c0a02959c058702d18e18c14a24d88a357d","Scope":"local","Driver":"host","EnableIPv6":false,"IPAM":{"Driver":"default","Options":null,"Config":[]},"Internal":false,"Containers":{},"Options":{},"Labels":{}},{"Name":"MyNetwork","Id":"02ceab7694858a4c2300ba48e19a5bf6a9486fc4bdf848f90b27bbe4c244566b","Scope":"local","Driver":"bridge","EnableIPv6":false,"IPAM":{"Driver":"default","Options":null,"Config":[{"Subnet":"172.18.0.0/16","Gateway":"172.18.0.1/16"}]},"Internal":false,"Containers":{},"Options":{},"Labels":{}},{"Name":"none","Id":"4d89c194eb79cd2beb38458d10a1b98c74d6b8462af72afde29ae7aca53ed5ca","Scope":"local","Driver":"null","EnableIPv6":false,"IPAM":{"Driver":"default","Options":null,"Config":[]},"Internal":false,"Containers":{},"Options":{},"Labels":{}},{"Name":"bridge","Id":"e0d36057aa1769e9fd52ba88be81b698b495f9b6b4946d0f98f24d971a27fc98","Scope":"local","Driver":"bridge","EnableIPv6":false,"IPAM":{"Driver":"default","Options":null,"Config":[{"Subnet":"172.17.0.0/16","Gateway":"172.17.0.1"}]},"Internal":false,"Containers":{},"Options":{"com.docker.network.bridge.default_bridge":"true","com.docker.network.bridge.enable_icc":"true","com.docker.network.bridge.enable_ip_masquerade":"true","com.docker.network.bridge.host_binding_ipv4":"0.0.0.0","com.docker.network.bridge.name":"docker0","com.docker.network.driver.mtu":"1500"},"Labels":{}}][\n]"
02:36:36.869 [Test worker] DEBUG org.apache.http.headers - http-outgoing-168 << HTTP/1.1 200 OK
02:36:36.869 [Test worker] DEBUG org.apache.http.headers - http-outgoing-168 << Content-Type: application/json
02:36:36.869 [Test worker] DEBUG org.apache.http.headers - http-outgoing-168 << Server: Docker/1.12.3 (linux)
02:36:36.869 [Test worker] DEBUG org.apache.http.headers - http-outgoing-168 << Date: Tue, 03 Jan 2017 01:36:36 GMT
02:36:36.869 [Test worker] DEBUG org.apache.http.headers - http-outgoing-168 << Content-Length: 1411
02:36:36.869 [Test worker] DEBUG o.a.h.impl.execchain.MainClientExec - Connection can be kept alive indefinitely
02:36:36.869 [Test worker] DEBUG c.g.d.j.JerseyDockerCmdExecFactory - 32 * Client response received on thread Test worker
32 < 200
32 < Content-Length: 1411
32 < Content-Type: application/json
32 < Date: Tue, 03 Jan 2017 01:36:36 GMT
32 < Server: Docker/1.12.3 (linux)
[{"Name":"host","Id":"fe042b0866671b5be4f097ba43830c0a02959c058702d18e18c14a24d88a357d","Scope":"local","Driver":"host","EnableIPv6":false,"IPAM":{"Driver":"default","Options":null,"Config":[]},"Internal":false,"Containers":{},"Options":{},"Labels":{}},{"Name":"MyNetwork","Id":"02ceab7694858a4c2300ba48e19a5bf6a9486fc4bdf848f90b27bbe4c244566b","Scope":"local","Driver":"bridge","EnableIPv6":false,"IPAM":{"Driver":"default","Options":null,"Config":[{"Subnet":"172.18.0.0/16","Gateway":"172.18.0.1/16"}]},"Internal":false,"Containers":{},"Options":{},"Labels":{}},{"Name":"none","Id":"4d89c194eb79cd2beb38458d10a1b98c74d6b8462af72afde29ae7aca53ed5ca","Scope":"local","Driver":"null","EnableIPv6":false,"IPAM":{"Driver":"default","Options":null,"Config":[]},"Internal":false,"Containers":{},"Options":{},"Labels":{}},{"Name":"bridge","Id":"e0d36057aa1769e9fd52ba88be81b698b495f9b6b4946d0f98f24d971a27fc98","Scope":"local","Driver":"bridge","EnableIPv6":false,"IPAM":{"Driver":"default","Options":null,"Config":[{"Subnet":"172.17.0.0/16","Gateway":"172.17.0.1"}]},"Internal":false,"Containers":{},"Options":{"com.docker.network.bridge.default_bridge":"true","com.docker.network.bridge.enable_icc":"true","com.docker.network.bridge.enable_ip_masquerade":"true","com.docker.network.bridge.host_binding_ipv4":"0.0.0.0","com.docker.network.bridge.name":"docker0","com.docker.network.driver.mtu":"1500"},"Labels":{}}]


02:36:36.870 [Test worker] DEBUG o.a.h.i.c.DefaultManagedHttpClientConnection - http-outgoing-168: Close connection
02:36:36.870 [Test worker] DEBUG o.a.h.impl.execchain.MainClientExec - Connection discarded
02:36:36.871 [Test worker] DEBUG c.g.d.j.JerseyDockerCmdExecFactory$1 - Connection released: [id: 168][route: {s}->https://Thesis:2376][total kept alive: 1; route allocated: 1 of 2; total allocated: 1 of 20]
02:36:36.871 [Test worker] DEBUG org.openbaton.docker.DockerVim - Found a docker network, transformed into a NFV network Network{id='02ceab7694858a4c2300ba48e19a5bf6a9486fc4bdf848f90b27bbe4c244566b', name='MyNetwork', extId='null', external=false, shared=false, subnets=[Subnet{id='null', version=0, name='bridge', extId='null', networkId='172.18.0.0/16', cidr='null', gatewayIp='172.18.0.1/16'}]}
02:36:36.871 [Test worker] DEBUG c.g.d.core.command.AbstrDockerCmd - Cmd: 02ceab7694858a4c2300ba48e19a5bf6a9486fc4bdf848f90b27bbe4c244566b,com.github.dockerjava.jaxrs.RemoveNetworkCmdExec@1be02476
02:36:36.871 [Test worker] DEBUG c.g.d.j.JerseyDockerCmdExecFactory - 33 * Sending client request on thread Test worker
33 > DELETE https://Thesis:2376/networks/02ceab7694858a4c2300ba48e19a5bf6a9486fc4bdf848f90b27bbe4c244566b
33 > Accept: application/json

02:36:36.872 [Test worker] DEBUG o.a.h.c.protocol.RequestAddCookies - CookieSpec selected: default
02:36:36.872 [Test worker] DEBUG o.a.h.c.protocol.RequestAuthCache - Auth cache not set in the context
02:36:36.872 [Test worker] DEBUG c.g.d.j.JerseyDockerCmdExecFactory$1 - Connection request: [route: {s}->https://Thesis:2376][total kept alive: 1; route allocated: 1 of 2; total allocated: 1 of 20]
02:36:36.872 [Test worker] DEBUG c.g.d.j.JerseyDockerCmdExecFactory$1 - Connection leased: [id: 169][route: {s}->https://Thesis:2376][total kept alive: 1; route allocated: 2 of 2; total allocated: 2 of 20]
02:36:36.872 [Test worker] DEBUG o.a.h.impl.execchain.MainClientExec - Opening connection {s}->https://Thesis:2376
02:36:36.873 [Test worker] DEBUG o.a.h.i.c.DefaultHttpClientConnectionOperator - Connecting to Thesis/127.0.1.1:2376
02:36:36.873 [Test worker] DEBUG o.a.h.c.s.SSLConnectionSocketFactory - Connecting socket to Thesis/127.0.1.1:2376 with timeout 0
02:36:36.873 [Test worker] DEBUG o.a.h.c.s.SSLConnectionSocketFactory - Enabled protocols: [TLSv1]
02:36:36.874 [Test worker] DEBUG o.a.h.c.s.SSLConnectionSocketFactory - Enabled cipher suites:[TLS_ECDHE_ECDSA_WITH_AES_128_CBC_SHA, TLS_ECDHE_RSA_WITH_AES_128_CBC_SHA, TLS_RSA_WITH_AES_128_CBC_SHA, TLS_ECDH_ECDSA_WITH_AES_128_CBC_SHA, TLS_ECDH_RSA_WITH_AES_128_CBC_SHA, TLS_DHE_RSA_WITH_AES_128_CBC_SHA, TLS_DHE_DSS_WITH_AES_128_CBC_SHA, TLS_ECDHE_ECDSA_WITH_3DES_EDE_CBC_SHA, TLS_ECDHE_RSA_WITH_3DES_EDE_CBC_SHA, SSL_RSA_WITH_3DES_EDE_CBC_SHA, TLS_ECDH_ECDSA_WITH_3DES_EDE_CBC_SHA, TLS_ECDH_RSA_WITH_3DES_EDE_CBC_SHA, SSL_DHE_RSA_WITH_3DES_EDE_CBC_SHA, SSL_DHE_DSS_WITH_3DES_EDE_CBC_SHA, TLS_ECDHE_ECDSA_WITH_RC4_128_SHA, TLS_ECDHE_RSA_WITH_RC4_128_SHA, SSL_RSA_WITH_RC4_128_SHA, TLS_ECDH_ECDSA_WITH_RC4_128_SHA, TLS_ECDH_RSA_WITH_RC4_128_SHA, SSL_RSA_WITH_RC4_128_MD5, TLS_EMPTY_RENEGOTIATION_INFO_SCSV]
02:36:36.874 [Test worker] DEBUG o.a.h.c.s.SSLConnectionSocketFactory - Starting handshake
02:36:36.931 [Test worker] DEBUG o.a.h.c.s.SSLConnectionSocketFactory - Secure session established
02:36:36.931 [Test worker] DEBUG o.a.h.c.s.SSLConnectionSocketFactory -  negotiated protocol: TLSv1
02:36:36.931 [Test worker] DEBUG o.a.h.c.s.SSLConnectionSocketFactory -  negotiated cipher suite: TLS_ECDHE_RSA_WITH_AES_128_CBC_SHA
02:36:36.931 [Test worker] DEBUG o.a.h.c.s.SSLConnectionSocketFactory -  peer principal: CN=Thesis
02:36:36.931 [Test worker] DEBUG o.a.h.c.s.SSLConnectionSocketFactory -  issuer principal: EMAILADDRESS=sha@yamil.com, CN=Thesis, OU=Open, O=Fra, L=BER, ST=BER, C=DE
02:36:36.931 [Test worker] DEBUG o.a.h.i.c.DefaultHttpClientConnectionOperator - Connection established 127.0.0.1:41638<->127.0.1.1:2376
02:36:36.932 [Test worker] DEBUG o.a.h.impl.execchain.MainClientExec - Executing request DELETE /networks/02ceab7694858a4c2300ba48e19a5bf6a9486fc4bdf848f90b27bbe4c244566b HTTP/1.1
02:36:36.932 [Test worker] DEBUG o.a.h.impl.execchain.MainClientExec - Target auth state: UNCHALLENGED
02:36:36.932 [Test worker] DEBUG o.a.h.impl.execchain.MainClientExec - Proxy auth state: UNCHALLENGED
02:36:36.932 [Test worker] DEBUG org.apache.http.headers - http-outgoing-169 >> DELETE /networks/02ceab7694858a4c2300ba48e19a5bf6a9486fc4bdf848f90b27bbe4c244566b HTTP/1.1
02:36:36.932 [Test worker] DEBUG org.apache.http.headers - http-outgoing-169 >> Accept: application/json
02:36:36.932 [Test worker] DEBUG org.apache.http.headers - http-outgoing-169 >> User-Agent: Jersey/2.23.1 (Apache HttpClient 4.5.1)
02:36:36.932 [Test worker] DEBUG org.apache.http.headers - http-outgoing-169 >> Host: Thesis:2376
02:36:36.932 [Test worker] DEBUG org.apache.http.headers - http-outgoing-169 >> Connection: Keep-Alive
02:36:36.932 [Test worker] DEBUG org.apache.http.headers - http-outgoing-169 >> Accept-Encoding: gzip,deflate
02:36:36.932 [Test worker] DEBUG org.apache.http.wire - http-outgoing-169 >> "DELETE /networks/02ceab7694858a4c2300ba48e19a5bf6a9486fc4bdf848f90b27bbe4c244566b HTTP/1.1[\r][\n]"
02:36:36.933 [Test worker] DEBUG org.apache.http.wire - http-outgoing-169 >> "Accept: application/json[\r][\n]"
02:36:36.933 [Test worker] DEBUG org.apache.http.wire - http-outgoing-169 >> "User-Agent: Jersey/2.23.1 (Apache HttpClient 4.5.1)[\r][\n]"
02:36:36.933 [Test worker] DEBUG org.apache.http.wire - http-outgoing-169 >> "Host: Thesis:2376[\r][\n]"
02:36:36.933 [Test worker] DEBUG org.apache.http.wire - http-outgoing-169 >> "Connection: Keep-Alive[\r][\n]"
02:36:36.933 [Test worker] DEBUG org.apache.http.wire - http-outgoing-169 >> "Accept-Encoding: gzip,deflate[\r][\n]"
02:36:36.933 [Test worker] DEBUG org.apache.http.wire - http-outgoing-169 >> "[\r][\n]"
02:36:37.009 [Test worker] DEBUG org.apache.http.wire - http-outgoing-169 << "H"
02:36:37.009 [Test worker] DEBUG org.apache.http.wire - http-outgoing-169 << "TTP/1.1 204 No Content[\r][\n]"
02:36:37.009 [Test worker] DEBUG org.apache.http.wire - http-outgoing-169 << "Server: Docker/1.12.3 (linux)[\r][\n]"
02:36:37.009 [Test worker] DEBUG org.apache.http.wire - http-outgoing-169 << "Date: Tue, 03 Jan 2017 01:36:37 GMT[\r][\n]"
02:36:37.009 [Test worker] DEBUG org.apache.http.wire - http-outgoing-169 << "[\r][\n]"
02:36:37.009 [Test worker] DEBUG org.apache.http.headers - http-outgoing-169 << HTTP/1.1 204 No Content
02:36:37.009 [Test worker] DEBUG org.apache.http.headers - http-outgoing-169 << Server: Docker/1.12.3 (linux)
02:36:37.009 [Test worker] DEBUG org.apache.http.headers - http-outgoing-169 << Date: Tue, 03 Jan 2017 01:36:37 GMT
02:36:37.009 [Test worker] DEBUG o.a.h.impl.execchain.MainClientExec - Connection can be kept alive indefinitely
02:36:37.010 [Test worker] DEBUG c.g.d.j.JerseyDockerCmdExecFactory$1 - Connection [id: 169][route: {s}->https://Thesis:2376][state: CN=Thesis] can be kept alive indefinitely
02:36:37.010 [Test worker] DEBUG c.g.d.j.JerseyDockerCmdExecFactory$1 - Connection released: [id: 169][route: {s}->https://Thesis:2376][state: CN=Thesis][total kept alive: 2; route allocated: 2 of 2; total allocated: 2 of 20]
02:36:37.010 [Test worker] DEBUG c.g.d.j.JerseyDockerCmdExecFactory - 34 * Client response received on thread Test worker
34 < 204
34 < Date: Tue, 03 Jan 2017 01:36:37 GMT
34 < Server: Docker/1.12.3 (linux)

02:36:37.010 [Test worker] INFO  org.openbaton.docker.DockerVim - Network '02ceab7694858a4c2300ba48e19a5bf6a9486fc4bdf848f90b27bbe4c244566b' deleted successfully
02:36:37.010 [Test worker] DEBUG c.g.d.core.command.AbstrDockerCmd - Cmd: com.github.dockerjava.core.util.FiltersBuilder@0,com.github.dockerjava.jaxrs.ListVolumesCmdExec@6493bb37
02:36:37.010 [Test worker] DEBUG c.g.d.j.JerseyDockerCmdExecFactory - 35 * Sending client request on thread Test worker
35 > GET https://Thesis:2376/volumes
35 > Accept: application/json

02:36:37.011 [Test worker] DEBUG o.a.h.c.protocol.RequestAddCookies - CookieSpec selected: default
02:36:37.011 [Test worker] DEBUG o.a.h.c.protocol.RequestAuthCache - Auth cache not set in the context
02:36:37.011 [Test worker] DEBUG c.g.d.j.JerseyDockerCmdExecFactory$1 - Connection request: [route: {s}->https://Thesis:2376][total kept alive: 2; route allocated: 2 of 2; total allocated: 2 of 20]
02:36:37.011 [Test worker] DEBUG o.a.h.i.c.DefaultManagedHttpClientConnection - http-outgoing-167: Close connection
02:36:37.011 [Test worker] DEBUG c.g.d.j.JerseyDockerCmdExecFactory$1 - Connection leased: [id: 170][route: {s}->https://Thesis:2376][total kept alive: 1; route allocated: 2 of 2; total allocated: 2 of 20]
02:36:37.011 [Test worker] DEBUG o.a.h.impl.execchain.MainClientExec - Opening connection {s}->https://Thesis:2376
02:36:37.011 [Test worker] DEBUG o.a.h.i.c.DefaultHttpClientConnectionOperator - Connecting to Thesis/127.0.1.1:2376
02:36:37.011 [Test worker] DEBUG o.a.h.c.s.SSLConnectionSocketFactory - Connecting socket to Thesis/127.0.1.1:2376 with timeout 0
02:36:37.016 [Test worker] DEBUG o.a.h.c.s.SSLConnectionSocketFactory - Enabled protocols: [TLSv1]
02:36:37.016 [Test worker] DEBUG o.a.h.c.s.SSLConnectionSocketFactory - Enabled cipher suites:[TLS_ECDHE_ECDSA_WITH_AES_128_CBC_SHA, TLS_ECDHE_RSA_WITH_AES_128_CBC_SHA, TLS_RSA_WITH_AES_128_CBC_SHA, TLS_ECDH_ECDSA_WITH_AES_128_CBC_SHA, TLS_ECDH_RSA_WITH_AES_128_CBC_SHA, TLS_DHE_RSA_WITH_AES_128_CBC_SHA, TLS_DHE_DSS_WITH_AES_128_CBC_SHA, TLS_ECDHE_ECDSA_WITH_3DES_EDE_CBC_SHA, TLS_ECDHE_RSA_WITH_3DES_EDE_CBC_SHA, SSL_RSA_WITH_3DES_EDE_CBC_SHA, TLS_ECDH_ECDSA_WITH_3DES_EDE_CBC_SHA, TLS_ECDH_RSA_WITH_3DES_EDE_CBC_SHA, SSL_DHE_RSA_WITH_3DES_EDE_CBC_SHA, SSL_DHE_DSS_WITH_3DES_EDE_CBC_SHA, TLS_ECDHE_ECDSA_WITH_RC4_128_SHA, TLS_ECDHE_RSA_WITH_RC4_128_SHA, SSL_RSA_WITH_RC4_128_SHA, TLS_ECDH_ECDSA_WITH_RC4_128_SHA, TLS_ECDH_RSA_WITH_RC4_128_SHA, SSL_RSA_WITH_RC4_128_MD5, TLS_EMPTY_RENEGOTIATION_INFO_SCSV]
02:36:37.016 [Test worker] DEBUG o.a.h.c.s.SSLConnectionSocketFactory - Starting handshake
02:36:37.080 [Test worker] DEBUG o.a.h.c.s.SSLConnectionSocketFactory - Secure session established
02:36:37.081 [Test worker] DEBUG o.a.h.c.s.SSLConnectionSocketFactory -  negotiated protocol: TLSv1
02:36:37.081 [Test worker] DEBUG o.a.h.c.s.SSLConnectionSocketFactory -  negotiated cipher suite: TLS_ECDHE_RSA_WITH_AES_128_CBC_SHA
02:36:37.102 [Test worker] DEBUG o.a.h.c.s.SSLConnectionSocketFactory -  peer principal: CN=Thesis
02:36:37.102 [Test worker] DEBUG o.a.h.c.s.SSLConnectionSocketFactory -  issuer principal: EMAILADDRESS=sha@yamil.com, CN=Thesis, OU=Open, O=Fra, L=BER, ST=BER, C=DE
02:36:37.102 [Test worker] DEBUG o.a.h.i.c.DefaultHttpClientConnectionOperator - Connection established 127.0.0.1:41640<->127.0.1.1:2376
02:36:37.102 [Test worker] DEBUG o.a.h.impl.execchain.MainClientExec - Executing request GET /volumes HTTP/1.1
02:36:37.103 [Test worker] DEBUG o.a.h.impl.execchain.MainClientExec - Target auth state: UNCHALLENGED
02:36:37.103 [Test worker] DEBUG o.a.h.impl.execchain.MainClientExec - Proxy auth state: UNCHALLENGED
02:36:37.103 [Test worker] DEBUG org.apache.http.headers - http-outgoing-170 >> GET /volumes HTTP/1.1
02:36:37.103 [Test worker] DEBUG org.apache.http.headers - http-outgoing-170 >> Accept: application/json
02:36:37.103 [Test worker] DEBUG org.apache.http.headers - http-outgoing-170 >> User-Agent: Jersey/2.23.1 (Apache HttpClient 4.5.1)
02:36:37.103 [Test worker] DEBUG org.apache.http.headers - http-outgoing-170 >> Host: Thesis:2376
02:36:37.103 [Test worker] DEBUG org.apache.http.headers - http-outgoing-170 >> Connection: Keep-Alive
02:36:37.103 [Test worker] DEBUG org.apache.http.headers - http-outgoing-170 >> Accept-Encoding: gzip,deflate
02:36:37.103 [Test worker] DEBUG org.apache.http.wire - http-outgoing-170 >> "GET /volumes HTTP/1.1[\r][\n]"
02:36:37.103 [Test worker] DEBUG org.apache.http.wire - http-outgoing-170 >> "Accept: application/json[\r][\n]"
02:36:37.103 [Test worker] DEBUG org.apache.http.wire - http-outgoing-170 >> "User-Agent: Jersey/2.23.1 (Apache HttpClient 4.5.1)[\r][\n]"
02:36:37.103 [Test worker] DEBUG org.apache.http.wire - http-outgoing-170 >> "Host: Thesis:2376[\r][\n]"
02:36:37.103 [Test worker] DEBUG org.apache.http.wire - http-outgoing-170 >> "Connection: Keep-Alive[\r][\n]"
02:36:37.103 [Test worker] DEBUG org.apache.http.wire - http-outgoing-170 >> "Accept-Encoding: gzip,deflate[\r][\n]"
02:36:37.103 [Test worker] DEBUG org.apache.http.wire - http-outgoing-170 >> "[\r][\n]"
02:36:37.104 [Test worker] DEBUG org.apache.http.wire - http-outgoing-170 << "H"
02:36:37.104 [Test worker] DEBUG org.apache.http.wire - http-outgoing-170 << "TTP/1.1 200 OK[\r][\n]"
02:36:37.104 [Test worker] DEBUG org.apache.http.wire - http-outgoing-170 << "Content-Type: application/json[\r][\n]"
02:36:37.104 [Test worker] DEBUG org.apache.http.wire - http-outgoing-170 << "Server: Docker/1.12.3 (linux)[\r][\n]"
02:36:37.104 [Test worker] DEBUG org.apache.http.wire - http-outgoing-170 << "Date: Tue, 03 Jan 2017 01:36:37 GMT[\r][\n]"
02:36:37.104 [Test worker] DEBUG org.apache.http.wire - http-outgoing-170 << "Content-Length: 33[\r][\n]"
02:36:37.104 [Test worker] DEBUG org.apache.http.wire - http-outgoing-170 << "[\r][\n]"
02:36:37.104 [Test worker] DEBUG org.apache.http.wire - http-outgoing-170 << "{"Volumes":null,"Warnings":null}[\n]"
02:36:37.105 [Test worker] DEBUG org.apache.http.headers - http-outgoing-170 << HTTP/1.1 200 OK
02:36:37.105 [Test worker] DEBUG org.apache.http.headers - http-outgoing-170 << Content-Type: application/json
02:36:37.105 [Test worker] DEBUG org.apache.http.headers - http-outgoing-170 << Server: Docker/1.12.3 (linux)
02:36:37.105 [Test worker] DEBUG org.apache.http.headers - http-outgoing-170 << Date: Tue, 03 Jan 2017 01:36:37 GMT
02:36:37.105 [Test worker] DEBUG org.apache.http.headers - http-outgoing-170 << Content-Length: 33
02:36:37.105 [Test worker] DEBUG o.a.h.impl.execchain.MainClientExec - Connection can be kept alive indefinitely
02:36:37.116 [Test worker] DEBUG c.g.d.j.JerseyDockerCmdExecFactory - 36 * Client response received on thread Test worker
36 < 200
36 < Content-Length: 33
36 < Content-Type: application/json
36 < Date: Tue, 03 Jan 2017 01:36:37 GMT
36 < Server: Docker/1.12.3 (linux)
{"Volumes":null,"Warnings":null}


02:36:37.117 [Test worker] DEBUG o.a.h.i.c.DefaultManagedHttpClientConnection - http-outgoing-170: Close connection
02:36:37.117 [Test worker] DEBUG o.a.h.impl.execchain.MainClientExec - Connection discarded
02:36:37.117 [Test worker] DEBUG c.g.d.j.JerseyDockerCmdExecFactory$1 - Connection released: [id: 170][route: {s}->https://Thesis:2376][total kept alive: 1; route allocated: 1 of 2; total allocated: 1 of 20]
02:36:37.119 [Test worker] DEBUG org.openbaton.docker.DockerVim - Loading properties
02:36:37.119 [Test worker] DEBUG org.openbaton.docker.DockerVim - Loaded properties: {vim.instance.auth.url=tcp://Thesis:2376, docker.cert.path=/home/sakib/.docker, type=docker, tls.verify=true}
02:36:37.129 [Test worker] DEBUG c.g.d.core.command.AbstrDockerCmd - Cmd: -1,<null>,true,<null>,<null>,com.github.dockerjava.core.util.FiltersBuilder@0,com.github.dockerjava.jaxrs.ListContainersCmdExec@32a2e982
02:36:37.183 [Test worker] DEBUG c.g.d.j.JerseyDockerCmdExecFactory - 1 * Sending client request on thread Test worker
1 > GET https://Thesis:2376/containers/json?all=true
1 > Accept: application/json

02:36:37.184 [Test worker] DEBUG o.a.h.c.protocol.RequestAddCookies - CookieSpec selected: default
02:36:37.184 [Test worker] DEBUG o.a.h.c.protocol.RequestAuthCache - Auth cache not set in the context
02:36:37.184 [Test worker] DEBUG c.g.d.j.JerseyDockerCmdExecFactory$1 - Connection request: [route: {s}->https://Thesis:2376][total kept alive: 0; route allocated: 0 of 2; total allocated: 0 of 20]
02:36:37.184 [Test worker] DEBUG c.g.d.j.JerseyDockerCmdExecFactory$1 - Connection leased: [id: 171][route: {s}->https://Thesis:2376][total kept alive: 0; route allocated: 1 of 2; total allocated: 1 of 20]
02:36:37.184 [Test worker] DEBUG o.a.h.impl.execchain.MainClientExec - Opening connection {s}->https://Thesis:2376
02:36:37.184 [Test worker] DEBUG o.a.h.i.c.DefaultHttpClientConnectionOperator - Connecting to Thesis/127.0.1.1:2376
02:36:37.184 [Test worker] DEBUG o.a.h.c.s.SSLConnectionSocketFactory - Connecting socket to Thesis/127.0.1.1:2376 with timeout 0
02:36:37.185 [Test worker] DEBUG o.a.h.c.s.SSLConnectionSocketFactory - Enabled protocols: [TLSv1]
02:36:37.185 [Test worker] DEBUG o.a.h.c.s.SSLConnectionSocketFactory - Enabled cipher suites:[TLS_ECDHE_ECDSA_WITH_AES_128_CBC_SHA, TLS_ECDHE_RSA_WITH_AES_128_CBC_SHA, TLS_RSA_WITH_AES_128_CBC_SHA, TLS_ECDH_ECDSA_WITH_AES_128_CBC_SHA, TLS_ECDH_RSA_WITH_AES_128_CBC_SHA, TLS_DHE_RSA_WITH_AES_128_CBC_SHA, TLS_DHE_DSS_WITH_AES_128_CBC_SHA, TLS_ECDHE_ECDSA_WITH_3DES_EDE_CBC_SHA, TLS_ECDHE_RSA_WITH_3DES_EDE_CBC_SHA, SSL_RSA_WITH_3DES_EDE_CBC_SHA, TLS_ECDH_ECDSA_WITH_3DES_EDE_CBC_SHA, TLS_ECDH_RSA_WITH_3DES_EDE_CBC_SHA, SSL_DHE_RSA_WITH_3DES_EDE_CBC_SHA, SSL_DHE_DSS_WITH_3DES_EDE_CBC_SHA, TLS_ECDHE_ECDSA_WITH_RC4_128_SHA, TLS_ECDHE_RSA_WITH_RC4_128_SHA, SSL_RSA_WITH_RC4_128_SHA, TLS_ECDH_ECDSA_WITH_RC4_128_SHA, TLS_ECDH_RSA_WITH_RC4_128_SHA, SSL_RSA_WITH_RC4_128_MD5, TLS_EMPTY_RENEGOTIATION_INFO_SCSV]
02:36:37.185 [Test worker] DEBUG o.a.h.c.s.SSLConnectionSocketFactory - Starting handshake
02:36:37.254 [Test worker] DEBUG o.a.h.c.s.SSLConnectionSocketFactory - Secure session established
02:36:37.254 [Test worker] DEBUG o.a.h.c.s.SSLConnectionSocketFactory -  negotiated protocol: TLSv1
02:36:37.254 [Test worker] DEBUG o.a.h.c.s.SSLConnectionSocketFactory -  negotiated cipher suite: TLS_ECDHE_RSA_WITH_AES_128_CBC_SHA
02:36:37.254 [Test worker] DEBUG o.a.h.c.s.SSLConnectionSocketFactory -  peer principal: CN=Thesis
02:36:37.254 [Test worker] DEBUG o.a.h.c.s.SSLConnectionSocketFactory -  issuer principal: EMAILADDRESS=sha@yamil.com, CN=Thesis, OU=Open, O=Fra, L=BER, ST=BER, C=DE
02:36:37.254 [Test worker] DEBUG o.a.h.i.c.DefaultHttpClientConnectionOperator - Connection established 127.0.0.1:41642<->127.0.1.1:2376
02:36:37.254 [Test worker] DEBUG o.a.h.impl.execchain.MainClientExec - Executing request GET /containers/json?all=true HTTP/1.1
02:36:37.254 [Test worker] DEBUG o.a.h.impl.execchain.MainClientExec - Target auth state: UNCHALLENGED
02:36:37.254 [Test worker] DEBUG o.a.h.impl.execchain.MainClientExec - Proxy auth state: UNCHALLENGED
02:36:37.254 [Test worker] DEBUG org.apache.http.headers - http-outgoing-171 >> GET /containers/json?all=true HTTP/1.1
02:36:37.255 [Test worker] DEBUG org.apache.http.headers - http-outgoing-171 >> Accept: application/json
02:36:37.255 [Test worker] DEBUG org.apache.http.headers - http-outgoing-171 >> User-Agent: Jersey/2.23.1 (Apache HttpClient 4.5.1)
02:36:37.255 [Test worker] DEBUG org.apache.http.headers - http-outgoing-171 >> Host: Thesis:2376
02:36:37.255 [Test worker] DEBUG org.apache.http.headers - http-outgoing-171 >> Connection: Keep-Alive
02:36:37.255 [Test worker] DEBUG org.apache.http.headers - http-outgoing-171 >> Accept-Encoding: gzip,deflate
02:36:37.255 [Test worker] DEBUG org.apache.http.wire - http-outgoing-171 >> "GET /containers/json?all=true HTTP/1.1[\r][\n]"
02:36:37.255 [Test worker] DEBUG org.apache.http.wire - http-outgoing-171 >> "Accept: application/json[\r][\n]"
02:36:37.255 [Test worker] DEBUG org.apache.http.wire - http-outgoing-171 >> "User-Agent: Jersey/2.23.1 (Apache HttpClient 4.5.1)[\r][\n]"
02:36:37.255 [Test worker] DEBUG org.apache.http.wire - http-outgoing-171 >> "Host: Thesis:2376[\r][\n]"
02:36:37.255 [Test worker] DEBUG org.apache.http.wire - http-outgoing-171 >> "Connection: Keep-Alive[\r][\n]"
02:36:37.255 [Test worker] DEBUG org.apache.http.wire - http-outgoing-171 >> "Accept-Encoding: gzip,deflate[\r][\n]"
02:36:37.255 [Test worker] DEBUG org.apache.http.wire - http-outgoing-171 >> "[\r][\n]"
02:36:37.255 [Test worker] DEBUG org.apache.http.wire - http-outgoing-171 << "H"
02:36:37.255 [Test worker] DEBUG org.apache.http.wire - http-outgoing-171 << "TTP/1.1 200 OK[\r][\n]"
02:36:37.256 [Test worker] DEBUG org.apache.http.wire - http-outgoing-171 << "Content-Type: application/json[\r][\n]"
02:36:37.256 [Test worker] DEBUG org.apache.http.wire - http-outgoing-171 << "Server: Docker/1.12.3 (linux)[\r][\n]"
02:36:37.256 [Test worker] DEBUG org.apache.http.wire - http-outgoing-171 << "Date: Tue, 03 Jan 2017 01:36:37 GMT[\r][\n]"
02:36:37.256 [Test worker] DEBUG org.apache.http.wire - http-outgoing-171 << "Content-Length: 3[\r][\n]"
02:36:37.256 [Test worker] DEBUG org.apache.http.wire - http-outgoing-171 << "[\r][\n]"
02:36:37.256 [Test worker] DEBUG org.apache.http.wire - http-outgoing-171 << "[][\n]"
02:36:37.256 [Test worker] DEBUG org.apache.http.headers - http-outgoing-171 << HTTP/1.1 200 OK
02:36:37.256 [Test worker] DEBUG org.apache.http.headers - http-outgoing-171 << Content-Type: application/json
02:36:37.256 [Test worker] DEBUG org.apache.http.headers - http-outgoing-171 << Server: Docker/1.12.3 (linux)
02:36:37.256 [Test worker] DEBUG org.apache.http.headers - http-outgoing-171 << Date: Tue, 03 Jan 2017 01:36:37 GMT
02:36:37.256 [Test worker] DEBUG org.apache.http.headers - http-outgoing-171 << Content-Length: 3
02:36:37.256 [Test worker] DEBUG o.a.h.impl.execchain.MainClientExec - Connection can be kept alive indefinitely
02:36:37.256 [Test worker] DEBUG c.g.d.j.JerseyDockerCmdExecFactory - 2 * Client response received on thread Test worker
2 < 200
2 < Content-Length: 3
2 < Content-Type: application/json
2 < Date: Tue, 03 Jan 2017 01:36:37 GMT
2 < Server: Docker/1.12.3 (linux)
[]


02:36:37.257 [Test worker] DEBUG c.g.d.j.JerseyDockerCmdExecFactory$1 - Connection [id: 171][route: {s}->https://Thesis:2376][state: CN=Thesis] can be kept alive indefinitely
02:36:37.257 [Test worker] DEBUG c.g.d.j.JerseyDockerCmdExecFactory$1 - Connection released: [id: 171][route: {s}->https://Thesis:2376][state: CN=Thesis][total kept alive: 1; route allocated: 1 of 2; total allocated: 1 of 20]
02:36:37.264 [Test worker] DEBUG c.g.d.core.command.AbstrDockerCmd - Cmd: com.github.dockerjava.core.util.FiltersBuilder@0,com.github.dockerjava.jaxrs.ListNetworksCmdExec@225e1da5
02:36:37.264 [Test worker] DEBUG c.g.d.j.JerseyDockerCmdExecFactory - 3 * Sending client request on thread Test worker
3 > GET https://Thesis:2376/networks
3 > Accept: application/json

02:36:37.265 [Test worker] DEBUG o.a.h.c.protocol.RequestAddCookies - CookieSpec selected: default
02:36:37.265 [Test worker] DEBUG o.a.h.c.protocol.RequestAuthCache - Auth cache not set in the context
02:36:37.265 [Test worker] DEBUG c.g.d.j.JerseyDockerCmdExecFactory$1 - Connection request: [route: {s}->https://Thesis:2376][total kept alive: 1; route allocated: 1 of 2; total allocated: 1 of 20]
02:36:37.265 [Test worker] DEBUG c.g.d.j.JerseyDockerCmdExecFactory$1 - Connection leased: [id: 172][route: {s}->https://Thesis:2376][total kept alive: 1; route allocated: 2 of 2; total allocated: 2 of 20]
02:36:37.265 [Test worker] DEBUG o.a.h.impl.execchain.MainClientExec - Opening connection {s}->https://Thesis:2376
02:36:37.265 [Test worker] DEBUG o.a.h.i.c.DefaultHttpClientConnectionOperator - Connecting to Thesis/127.0.1.1:2376
02:36:37.265 [Test worker] DEBUG o.a.h.c.s.SSLConnectionSocketFactory - Connecting socket to Thesis/127.0.1.1:2376 with timeout 0
02:36:37.266 [Test worker] DEBUG o.a.h.c.s.SSLConnectionSocketFactory - Enabled protocols: [TLSv1]
02:36:37.266 [Test worker] DEBUG o.a.h.c.s.SSLConnectionSocketFactory - Enabled cipher suites:[TLS_ECDHE_ECDSA_WITH_AES_128_CBC_SHA, TLS_ECDHE_RSA_WITH_AES_128_CBC_SHA, TLS_RSA_WITH_AES_128_CBC_SHA, TLS_ECDH_ECDSA_WITH_AES_128_CBC_SHA, TLS_ECDH_RSA_WITH_AES_128_CBC_SHA, TLS_DHE_RSA_WITH_AES_128_CBC_SHA, TLS_DHE_DSS_WITH_AES_128_CBC_SHA, TLS_ECDHE_ECDSA_WITH_3DES_EDE_CBC_SHA, TLS_ECDHE_RSA_WITH_3DES_EDE_CBC_SHA, SSL_RSA_WITH_3DES_EDE_CBC_SHA, TLS_ECDH_ECDSA_WITH_3DES_EDE_CBC_SHA, TLS_ECDH_RSA_WITH_3DES_EDE_CBC_SHA, SSL_DHE_RSA_WITH_3DES_EDE_CBC_SHA, SSL_DHE_DSS_WITH_3DES_EDE_CBC_SHA, TLS_ECDHE_ECDSA_WITH_RC4_128_SHA, TLS_ECDHE_RSA_WITH_RC4_128_SHA, SSL_RSA_WITH_RC4_128_SHA, TLS_ECDH_ECDSA_WITH_RC4_128_SHA, TLS_ECDH_RSA_WITH_RC4_128_SHA, SSL_RSA_WITH_RC4_128_MD5, TLS_EMPTY_RENEGOTIATION_INFO_SCSV]
02:36:37.266 [Test worker] DEBUG o.a.h.c.s.SSLConnectionSocketFactory - Starting handshake
02:36:37.324 [Test worker] DEBUG o.a.h.c.s.SSLConnectionSocketFactory - Secure session established
02:36:37.324 [Test worker] DEBUG o.a.h.c.s.SSLConnectionSocketFactory -  negotiated protocol: TLSv1
02:36:37.324 [Test worker] DEBUG o.a.h.c.s.SSLConnectionSocketFactory -  negotiated cipher suite: TLS_ECDHE_RSA_WITH_AES_128_CBC_SHA
02:36:37.324 [Test worker] DEBUG o.a.h.c.s.SSLConnectionSocketFactory -  peer principal: CN=Thesis
02:36:37.325 [Test worker] DEBUG o.a.h.c.s.SSLConnectionSocketFactory -  issuer principal: EMAILADDRESS=sha@yamil.com, CN=Thesis, OU=Open, O=Fra, L=BER, ST=BER, C=DE
02:36:37.325 [Test worker] DEBUG o.a.h.i.c.DefaultHttpClientConnectionOperator - Connection established 127.0.0.1:41644<->127.0.1.1:2376
02:36:37.325 [Test worker] DEBUG o.a.h.impl.execchain.MainClientExec - Executing request GET /networks HTTP/1.1
02:36:37.325 [Test worker] DEBUG o.a.h.impl.execchain.MainClientExec - Target auth state: UNCHALLENGED
02:36:37.325 [Test worker] DEBUG o.a.h.impl.execchain.MainClientExec - Proxy auth state: UNCHALLENGED
02:36:37.325 [Test worker] DEBUG org.apache.http.headers - http-outgoing-172 >> GET /networks HTTP/1.1
02:36:37.325 [Test worker] DEBUG org.apache.http.headers - http-outgoing-172 >> Accept: application/json
02:36:37.325 [Test worker] DEBUG org.apache.http.headers - http-outgoing-172 >> User-Agent: Jersey/2.23.1 (Apache HttpClient 4.5.1)
02:36:37.325 [Test worker] DEBUG org.apache.http.headers - http-outgoing-172 >> Host: Thesis:2376
02:36:37.325 [Test worker] DEBUG org.apache.http.headers - http-outgoing-172 >> Connection: Keep-Alive
02:36:37.325 [Test worker] DEBUG org.apache.http.headers - http-outgoing-172 >> Accept-Encoding: gzip,deflate
02:36:37.325 [Test worker] DEBUG org.apache.http.wire - http-outgoing-172 >> "GET /networks HTTP/1.1[\r][\n]"
02:36:37.325 [Test worker] DEBUG org.apache.http.wire - http-outgoing-172 >> "Accept: application/json[\r][\n]"
02:36:37.325 [Test worker] DEBUG org.apache.http.wire - http-outgoing-172 >> "User-Agent: Jersey/2.23.1 (Apache HttpClient 4.5.1)[\r][\n]"
02:36:37.326 [Test worker] DEBUG org.apache.http.wire - http-outgoing-172 >> "Host: Thesis:2376[\r][\n]"
02:36:37.326 [Test worker] DEBUG org.apache.http.wire - http-outgoing-172 >> "Connection: Keep-Alive[\r][\n]"
02:36:37.326 [Test worker] DEBUG org.apache.http.wire - http-outgoing-172 >> "Accept-Encoding: gzip,deflate[\r][\n]"
02:36:37.326 [Test worker] DEBUG org.apache.http.wire - http-outgoing-172 >> "[\r][\n]"
02:36:37.326 [Test worker] DEBUG org.apache.http.wire - http-outgoing-172 << "H"
02:36:37.326 [Test worker] DEBUG org.apache.http.wire - http-outgoing-172 << "TTP/1.1 200 OK[\r][\n]"
02:36:37.326 [Test worker] DEBUG org.apache.http.wire - http-outgoing-172 << "Content-Type: application/json[\r][\n]"
02:36:37.326 [Test worker] DEBUG org.apache.http.wire - http-outgoing-172 << "Server: Docker/1.12.3 (linux)[\r][\n]"
02:36:37.326 [Test worker] DEBUG org.apache.http.wire - http-outgoing-172 << "Date: Tue, 03 Jan 2017 01:36:37 GMT[\r][\n]"
02:36:37.326 [Test worker] DEBUG org.apache.http.wire - http-outgoing-172 << "Content-Length: 1100[\r][\n]"
02:36:37.326 [Test worker] DEBUG org.apache.http.wire - http-outgoing-172 << "[\r][\n]"
02:36:37.327 [Test worker] DEBUG org.apache.http.wire - http-outgoing-172 << "[{"Name":"none","Id":"4d89c194eb79cd2beb38458d10a1b98c74d6b8462af72afde29ae7aca53ed5ca","Scope":"local","Driver":"null","EnableIPv6":false,"IPAM":{"Driver":"default","Options":null,"Config":[]},"Internal":false,"Containers":{},"Options":{},"Labels":{}},{"Name":"bridge","Id":"e0d36057aa1769e9fd52ba88be81b698b495f9b6b4946d0f98f24d971a27fc98","Scope":"local","Driver":"bridge","EnableIPv6":false,"IPAM":{"Driver":"default","Options":null,"Config":[{"Subnet":"172.17.0.0/16","Gateway":"172.17.0.1"}]},"Internal":false,"Containers":{},"Options":{"com.docker.network.bridge.default_bridge":"true","com.docker.network.bridge.enable_icc":"true","com.docker.network.bridge.enable_ip_masquerade":"true","com.docker.network.bridge.host_binding_ipv4":"0.0.0.0","com.docker.network.bridge.name":"docker0","com.docker.network.driver.mtu":"1500"},"Labels":{}},{"Name":"host","Id":"fe042b0866671b5be4f097ba43830c0a02959c058702d18e18c14a24d88a357d","Scope":"local","Driver":"host","EnableIPv6":false,"IPAM":{"Driver":"default","Options":null,"Config":[]},"Internal":false,"Containers":{},"Options":{},"Labels":{}}][\n]"
02:36:37.327 [Test worker] DEBUG org.apache.http.headers - http-outgoing-172 << HTTP/1.1 200 OK
02:36:37.327 [Test worker] DEBUG org.apache.http.headers - http-outgoing-172 << Content-Type: application/json
02:36:37.327 [Test worker] DEBUG org.apache.http.headers - http-outgoing-172 << Server: Docker/1.12.3 (linux)
02:36:37.327 [Test worker] DEBUG org.apache.http.headers - http-outgoing-172 << Date: Tue, 03 Jan 2017 01:36:37 GMT
02:36:37.327 [Test worker] DEBUG org.apache.http.headers - http-outgoing-172 << Content-Length: 1100
02:36:37.327 [Test worker] DEBUG o.a.h.impl.execchain.MainClientExec - Connection can be kept alive indefinitely
02:36:37.327 [Test worker] DEBUG c.g.d.j.JerseyDockerCmdExecFactory - 4 * Client response received on thread Test worker
4 < 200
4 < Content-Length: 1100
4 < Content-Type: application/json
4 < Date: Tue, 03 Jan 2017 01:36:37 GMT
4 < Server: Docker/1.12.3 (linux)
[{"Name":"none","Id":"4d89c194eb79cd2beb38458d10a1b98c74d6b8462af72afde29ae7aca53ed5ca","Scope":"local","Driver":"null","EnableIPv6":false,"IPAM":{"Driver":"default","Options":null,"Config":[]},"Internal":false,"Containers":{},"Options":{},"Labels":{}},{"Name":"bridge","Id":"e0d36057aa1769e9fd52ba88be81b698b495f9b6b4946d0f98f24d971a27fc98","Scope":"local","Driver":"bridge","EnableIPv6":false,"IPAM":{"Driver":"default","Options":null,"Config":[{"Subnet":"172.17.0.0/16","Gateway":"172.17.0.1"}]},"Internal":false,"Containers":{},"Options":{"com.docker.network.bridge.default_bridge":"true","com.docker.network.bridge.enable_icc":"true","com.docker.network.bridge.enable_ip_masquerade":"true","com.docker.network.bridge.host_binding_ipv4":"0.0.0.0","com.docker.network.bridge.name":"docker0","com.docker.network.driver.mtu":"1500"},"Labels":{}},{"Name":"host","Id":"fe042b0866671b5be4f097ba43830c0a02959c058702d18e18c14a24d88a357d","Scope":"local","Driver":"host","EnableIPv6":false,"IPAM":{"Driver":"default","Options":null,"Config":[]},"Internal":false,"Containers":{},"Options":{},"Labels":{}}]


02:36:37.330 [Test worker] DEBUG o.a.h.i.c.DefaultManagedHttpClientConnection - http-outgoing-172: Close connection
02:36:37.330 [Test worker] DEBUG o.a.h.impl.execchain.MainClientExec - Connection discarded
02:36:37.330 [Test worker] DEBUG c.g.d.j.JerseyDockerCmdExecFactory$1 - Connection released: [id: 172][route: {s}->https://Thesis:2376][total kept alive: 1; route allocated: 1 of 2; total allocated: 1 of 20]
02:36:37.330 [Test worker] DEBUG c.g.d.core.command.AbstrDockerCmd - Cmd: com.github.dockerjava.core.util.FiltersBuilder@0,com.github.dockerjava.jaxrs.ListVolumesCmdExec@49c49336
02:36:37.331 [Test worker] DEBUG c.g.d.j.JerseyDockerCmdExecFactory - 5 * Sending client request on thread Test worker
5 > GET https://Thesis:2376/volumes
5 > Accept: application/json

02:36:37.331 [Test worker] DEBUG o.a.h.c.protocol.RequestAddCookies - CookieSpec selected: default
02:36:37.331 [Test worker] DEBUG o.a.h.c.protocol.RequestAuthCache - Auth cache not set in the context
02:36:37.331 [Test worker] DEBUG c.g.d.j.JerseyDockerCmdExecFactory$1 - Connection request: [route: {s}->https://Thesis:2376][total kept alive: 1; route allocated: 1 of 2; total allocated: 1 of 20]
02:36:37.331 [Test worker] DEBUG c.g.d.j.JerseyDockerCmdExecFactory$1 - Connection leased: [id: 173][route: {s}->https://Thesis:2376][total kept alive: 1; route allocated: 2 of 2; total allocated: 2 of 20]
02:36:37.331 [Test worker] DEBUG o.a.h.impl.execchain.MainClientExec - Opening connection {s}->https://Thesis:2376
02:36:37.332 [Test worker] DEBUG o.a.h.i.c.DefaultHttpClientConnectionOperator - Connecting to Thesis/127.0.1.1:2376
02:36:37.332 [Test worker] DEBUG o.a.h.c.s.SSLConnectionSocketFactory - Connecting socket to Thesis/127.0.1.1:2376 with timeout 0
02:36:37.332 [Test worker] DEBUG o.a.h.c.s.SSLConnectionSocketFactory - Enabled protocols: [TLSv1]
02:36:37.332 [Test worker] DEBUG o.a.h.c.s.SSLConnectionSocketFactory - Enabled cipher suites:[TLS_ECDHE_ECDSA_WITH_AES_128_CBC_SHA, TLS_ECDHE_RSA_WITH_AES_128_CBC_SHA, TLS_RSA_WITH_AES_128_CBC_SHA, TLS_ECDH_ECDSA_WITH_AES_128_CBC_SHA, TLS_ECDH_RSA_WITH_AES_128_CBC_SHA, TLS_DHE_RSA_WITH_AES_128_CBC_SHA, TLS_DHE_DSS_WITH_AES_128_CBC_SHA, TLS_ECDHE_ECDSA_WITH_3DES_EDE_CBC_SHA, TLS_ECDHE_RSA_WITH_3DES_EDE_CBC_SHA, SSL_RSA_WITH_3DES_EDE_CBC_SHA, TLS_ECDH_ECDSA_WITH_3DES_EDE_CBC_SHA, TLS_ECDH_RSA_WITH_3DES_EDE_CBC_SHA, SSL_DHE_RSA_WITH_3DES_EDE_CBC_SHA, SSL_DHE_DSS_WITH_3DES_EDE_CBC_SHA, TLS_ECDHE_ECDSA_WITH_RC4_128_SHA, TLS_ECDHE_RSA_WITH_RC4_128_SHA, SSL_RSA_WITH_RC4_128_SHA, TLS_ECDH_ECDSA_WITH_RC4_128_SHA, TLS_ECDH_RSA_WITH_RC4_128_SHA, SSL_RSA_WITH_RC4_128_MD5, TLS_EMPTY_RENEGOTIATION_INFO_SCSV]
02:36:37.333 [Test worker] DEBUG o.a.h.c.s.SSLConnectionSocketFactory - Starting handshake
02:36:37.390 [Test worker] DEBUG o.a.h.c.s.SSLConnectionSocketFactory - Secure session established
02:36:37.390 [Test worker] DEBUG o.a.h.c.s.SSLConnectionSocketFactory -  negotiated protocol: TLSv1
02:36:37.390 [Test worker] DEBUG o.a.h.c.s.SSLConnectionSocketFactory -  negotiated cipher suite: TLS_ECDHE_RSA_WITH_AES_128_CBC_SHA
02:36:37.390 [Test worker] DEBUG o.a.h.c.s.SSLConnectionSocketFactory -  peer principal: CN=Thesis
02:36:37.391 [Test worker] DEBUG o.a.h.c.s.SSLConnectionSocketFactory -  issuer principal: EMAILADDRESS=sha@yamil.com, CN=Thesis, OU=Open, O=Fra, L=BER, ST=BER, C=DE
02:36:37.391 [Test worker] DEBUG o.a.h.i.c.DefaultHttpClientConnectionOperator - Connection established 127.0.0.1:41646<->127.0.1.1:2376
02:36:37.391 [Test worker] DEBUG o.a.h.impl.execchain.MainClientExec - Executing request GET /volumes HTTP/1.1
02:36:37.391 [Test worker] DEBUG o.a.h.impl.execchain.MainClientExec - Target auth state: UNCHALLENGED
02:36:37.391 [Test worker] DEBUG o.a.h.impl.execchain.MainClientExec - Proxy auth state: UNCHALLENGED
02:36:37.391 [Test worker] DEBUG org.apache.http.headers - http-outgoing-173 >> GET /volumes HTTP/1.1
02:36:37.391 [Test worker] DEBUG org.apache.http.headers - http-outgoing-173 >> Accept: application/json
02:36:37.391 [Test worker] DEBUG org.apache.http.headers - http-outgoing-173 >> User-Agent: Jersey/2.23.1 (Apache HttpClient 4.5.1)
02:36:37.391 [Test worker] DEBUG org.apache.http.headers - http-outgoing-173 >> Host: Thesis:2376
02:36:37.391 [Test worker] DEBUG org.apache.http.headers - http-outgoing-173 >> Connection: Keep-Alive
02:36:37.391 [Test worker] DEBUG org.apache.http.headers - http-outgoing-173 >> Accept-Encoding: gzip,deflate
02:36:37.391 [Test worker] DEBUG org.apache.http.wire - http-outgoing-173 >> "GET /volumes HTTP/1.1[\r][\n]"
02:36:37.391 [Test worker] DEBUG org.apache.http.wire - http-outgoing-173 >> "Accept: application/json[\r][\n]"
02:36:37.391 [Test worker] DEBUG org.apache.http.wire - http-outgoing-173 >> "User-Agent: Jersey/2.23.1 (Apache HttpClient 4.5.1)[\r][\n]"
02:36:37.391 [Test worker] DEBUG org.apache.http.wire - http-outgoing-173 >> "Host: Thesis:2376[\r][\n]"
02:36:37.392 [Test worker] DEBUG org.apache.http.wire - http-outgoing-173 >> "Connection: Keep-Alive[\r][\n]"
02:36:37.392 [Test worker] DEBUG org.apache.http.wire - http-outgoing-173 >> "Accept-Encoding: gzip,deflate[\r][\n]"
02:36:37.392 [Test worker] DEBUG org.apache.http.wire - http-outgoing-173 >> "[\r][\n]"
02:36:37.392 [Test worker] DEBUG org.apache.http.wire - http-outgoing-173 << "H"
02:36:37.392 [Test worker] DEBUG org.apache.http.wire - http-outgoing-173 << "TTP/1.1 200 OK[\r][\n]"
02:36:37.392 [Test worker] DEBUG org.apache.http.wire - http-outgoing-173 << "Content-Type: application/json[\r][\n]"
02:36:37.392 [Test worker] DEBUG org.apache.http.wire - http-outgoing-173 << "Server: Docker/1.12.3 (linux)[\r][\n]"
02:36:37.392 [Test worker] DEBUG org.apache.http.wire - http-outgoing-173 << "Date: Tue, 03 Jan 2017 01:36:37 GMT[\r][\n]"
02:36:37.392 [Test worker] DEBUG org.apache.http.wire - http-outgoing-173 << "Content-Length: 33[\r][\n]"
02:36:37.392 [Test worker] DEBUG org.apache.http.wire - http-outgoing-173 << "[\r][\n]"
02:36:37.392 [Test worker] DEBUG org.apache.http.wire - http-outgoing-173 << "{"Volumes":null,"Warnings":null}[\n]"
02:36:37.395 [Test worker] DEBUG org.apache.http.headers - http-outgoing-173 << HTTP/1.1 200 OK
02:36:37.395 [Test worker] DEBUG org.apache.http.headers - http-outgoing-173 << Content-Type: application/json
02:36:37.395 [Test worker] DEBUG org.apache.http.headers - http-outgoing-173 << Server: Docker/1.12.3 (linux)
02:36:37.395 [Test worker] DEBUG org.apache.http.headers - http-outgoing-173 << Date: Tue, 03 Jan 2017 01:36:37 GMT
02:36:37.395 [Test worker] DEBUG org.apache.http.headers - http-outgoing-173 << Content-Length: 33
02:36:37.395 [Test worker] DEBUG o.a.h.impl.execchain.MainClientExec - Connection can be kept alive indefinitely
02:36:37.395 [Test worker] DEBUG c.g.d.j.JerseyDockerCmdExecFactory - 6 * Client response received on thread Test worker
6 < 200
6 < Content-Length: 33
6 < Content-Type: application/json
6 < Date: Tue, 03 Jan 2017 01:36:37 GMT
6 < Server: Docker/1.12.3 (linux)
{"Volumes":null,"Warnings":null}


02:36:37.397 [Test worker] DEBUG o.a.h.i.c.DefaultManagedHttpClientConnection - http-outgoing-173: Close connection
02:36:37.397 [Test worker] DEBUG o.a.h.impl.execchain.MainClientExec - Connection discarded
02:36:37.397 [Test worker] DEBUG c.g.d.j.JerseyDockerCmdExecFactory$1 - Connection released: [id: 173][route: {s}->https://Thesis:2376][total kept alive: 1; route allocated: 1 of 2; total allocated: 1 of 20]
02:36:37.397 [Test worker] DEBUG c.g.d.core.command.AbstrDockerCmd - Cmd: MyNetwork,<null>,<null>,{},true,<null>,<null>,com.github.dockerjava.jaxrs.CreateNetworkCmdExec@7440dada
02:36:37.398 [Test worker] DEBUG o.a.h.c.protocol.RequestAddCookies - CookieSpec selected: default
02:36:37.398 [Test worker] DEBUG o.a.h.c.protocol.RequestAuthCache - Auth cache not set in the context
02:36:37.398 [Test worker] DEBUG c.g.d.j.JerseyDockerCmdExecFactory$1 - Connection request: [route: {s}->https://Thesis:2376][total kept alive: 1; route allocated: 1 of 2; total allocated: 1 of 20]
02:36:37.398 [Test worker] DEBUG c.g.d.j.JerseyDockerCmdExecFactory$1 - Connection leased: [id: 174][route: {s}->https://Thesis:2376][total kept alive: 1; route allocated: 2 of 2; total allocated: 2 of 20]
02:36:37.398 [Test worker] DEBUG o.a.h.impl.execchain.MainClientExec - Opening connection {s}->https://Thesis:2376
02:36:37.398 [Test worker] DEBUG o.a.h.i.c.DefaultHttpClientConnectionOperator - Connecting to Thesis/127.0.1.1:2376
02:36:37.398 [Test worker] DEBUG o.a.h.c.s.SSLConnectionSocketFactory - Connecting socket to Thesis/127.0.1.1:2376 with timeout 0
02:36:37.399 [Test worker] DEBUG o.a.h.c.s.SSLConnectionSocketFactory - Enabled protocols: [TLSv1]
02:36:37.399 [Test worker] DEBUG o.a.h.c.s.SSLConnectionSocketFactory - Enabled cipher suites:[TLS_ECDHE_ECDSA_WITH_AES_128_CBC_SHA, TLS_ECDHE_RSA_WITH_AES_128_CBC_SHA, TLS_RSA_WITH_AES_128_CBC_SHA, TLS_ECDH_ECDSA_WITH_AES_128_CBC_SHA, TLS_ECDH_RSA_WITH_AES_128_CBC_SHA, TLS_DHE_RSA_WITH_AES_128_CBC_SHA, TLS_DHE_DSS_WITH_AES_128_CBC_SHA, TLS_ECDHE_ECDSA_WITH_3DES_EDE_CBC_SHA, TLS_ECDHE_RSA_WITH_3DES_EDE_CBC_SHA, SSL_RSA_WITH_3DES_EDE_CBC_SHA, TLS_ECDH_ECDSA_WITH_3DES_EDE_CBC_SHA, TLS_ECDH_RSA_WITH_3DES_EDE_CBC_SHA, SSL_DHE_RSA_WITH_3DES_EDE_CBC_SHA, SSL_DHE_DSS_WITH_3DES_EDE_CBC_SHA, TLS_ECDHE_ECDSA_WITH_RC4_128_SHA, TLS_ECDHE_RSA_WITH_RC4_128_SHA, SSL_RSA_WITH_RC4_128_SHA, TLS_ECDH_ECDSA_WITH_RC4_128_SHA, TLS_ECDH_RSA_WITH_RC4_128_SHA, SSL_RSA_WITH_RC4_128_MD5, TLS_EMPTY_RENEGOTIATION_INFO_SCSV]
02:36:37.399 [Test worker] DEBUG o.a.h.c.s.SSLConnectionSocketFactory - Starting handshake
02:36:37.470 [Test worker] DEBUG o.a.h.c.s.SSLConnectionSocketFactory - Secure session established
02:36:37.471 [Test worker] DEBUG o.a.h.c.s.SSLConnectionSocketFactory -  negotiated protocol: TLSv1
02:36:37.471 [Test worker] DEBUG o.a.h.c.s.SSLConnectionSocketFactory -  negotiated cipher suite: TLS_ECDHE_RSA_WITH_AES_128_CBC_SHA
02:36:37.471 [Test worker] DEBUG o.a.h.c.s.SSLConnectionSocketFactory -  peer principal: CN=Thesis
02:36:37.471 [Test worker] DEBUG o.a.h.c.s.SSLConnectionSocketFactory -  issuer principal: EMAILADDRESS=sha@yamil.com, CN=Thesis, OU=Open, O=Fra, L=BER, ST=BER, C=DE
02:36:37.471 [Test worker] DEBUG o.a.h.i.c.DefaultHttpClientConnectionOperator - Connection established 127.0.0.1:41648<->127.0.1.1:2376
02:36:37.471 [Test worker] DEBUG o.a.h.impl.execchain.MainClientExec - Executing request POST /networks/create HTTP/1.1
02:36:37.471 [Test worker] DEBUG o.a.h.impl.execchain.MainClientExec - Target auth state: UNCHALLENGED
02:36:37.471 [Test worker] DEBUG o.a.h.impl.execchain.MainClientExec - Proxy auth state: UNCHALLENGED
02:36:37.471 [Test worker] DEBUG org.apache.http.headers - http-outgoing-174 >> POST /networks/create HTTP/1.1
02:36:37.471 [Test worker] DEBUG org.apache.http.headers - http-outgoing-174 >> Accept: application/json
02:36:37.471 [Test worker] DEBUG org.apache.http.headers - http-outgoing-174 >> Content-Type: application/json
02:36:37.471 [Test worker] DEBUG org.apache.http.headers - http-outgoing-174 >> User-Agent: Jersey/2.23.1 (Apache HttpClient 4.5.1)
02:36:37.472 [Test worker] DEBUG org.apache.http.headers - http-outgoing-174 >> Transfer-Encoding: chunked
02:36:37.472 [Test worker] DEBUG org.apache.http.headers - http-outgoing-174 >> Host: Thesis:2376
02:36:37.472 [Test worker] DEBUG org.apache.http.headers - http-outgoing-174 >> Connection: Keep-Alive
02:36:37.472 [Test worker] DEBUG org.apache.http.headers - http-outgoing-174 >> Accept-Encoding: gzip,deflate
02:36:37.478 [Test worker] DEBUG c.g.d.j.JerseyDockerCmdExecFactory - 7 * Sending client request on thread Test worker
7 > POST https://Thesis:2376/networks/create
7 > Accept: application/json
7 > Content-Type: application/json
{"enableIPv6":null,"Name":"MyNetwork","Driver":null,"IPAM":null,"Options":{},"CheckDuplicate":true,"Internal":null,"EnableIPv6":null}

02:36:37.480 [Test worker] DEBUG org.apache.http.wire - http-outgoing-174 >> "POST /networks/create HTTP/1.1[\r][\n]"
02:36:37.480 [Test worker] DEBUG org.apache.http.wire - http-outgoing-174 >> "Accept: application/json[\r][\n]"
02:36:37.480 [Test worker] DEBUG org.apache.http.wire - http-outgoing-174 >> "Content-Type: application/json[\r][\n]"
02:36:37.480 [Test worker] DEBUG org.apache.http.wire - http-outgoing-174 >> "User-Agent: Jersey/2.23.1 (Apache HttpClient 4.5.1)[\r][\n]"
02:36:37.480 [Test worker] DEBUG org.apache.http.wire - http-outgoing-174 >> "Transfer-Encoding: chunked[\r][\n]"
02:36:37.480 [Test worker] DEBUG org.apache.http.wire - http-outgoing-174 >> "Host: Thesis:2376[\r][\n]"
02:36:37.480 [Test worker] DEBUG org.apache.http.wire - http-outgoing-174 >> "Connection: Keep-Alive[\r][\n]"
02:36:37.480 [Test worker] DEBUG org.apache.http.wire - http-outgoing-174 >> "Accept-Encoding: gzip,deflate[\r][\n]"
02:36:37.480 [Test worker] DEBUG org.apache.http.wire - http-outgoing-174 >> "[\r][\n]"
02:36:37.480 [Test worker] DEBUG org.apache.http.wire - http-outgoing-174 >> "85[\r][\n]"
02:36:37.480 [Test worker] DEBUG org.apache.http.wire - http-outgoing-174 >> "{"enableIPv6":null,"Name":"MyNetwork","Driver":null,"IPAM":null,"Options":{},"CheckDuplicate":true,"Internal":null,"EnableIPv6":null}[\r][\n]"
02:36:37.481 [Test worker] DEBUG org.apache.http.wire - http-outgoing-174 >> "0[\r][\n]"
02:36:37.481 [Test worker] DEBUG org.apache.http.wire - http-outgoing-174 >> "[\r][\n]"
02:36:37.575 [Test worker] DEBUG org.apache.http.wire - http-outgoing-174 << "H"
02:36:37.575 [Test worker] DEBUG org.apache.http.wire - http-outgoing-174 << "TTP/1.1 201 Created[\r][\n]"
02:36:37.575 [Test worker] DEBUG org.apache.http.wire - http-outgoing-174 << "Content-Type: application/json[\r][\n]"
02:36:37.575 [Test worker] DEBUG org.apache.http.wire - http-outgoing-174 << "Server: Docker/1.12.3 (linux)[\r][\n]"
02:36:37.575 [Test worker] DEBUG org.apache.http.wire - http-outgoing-174 << "Date: Tue, 03 Jan 2017 01:36:37 GMT[\r][\n]"
02:36:37.575 [Test worker] DEBUG org.apache.http.wire - http-outgoing-174 << "Content-Length: 87[\r][\n]"
02:36:37.575 [Test worker] DEBUG org.apache.http.wire - http-outgoing-174 << "[\r][\n]"
02:36:37.575 [Test worker] DEBUG org.apache.http.wire - http-outgoing-174 << "{"Id":"5de830b93db6ab32fc7b38776b4d6539f76d8e289e55b7793ed199fd3c5284a4","Warning":""}[\n]"
02:36:37.575 [Test worker] DEBUG org.apache.http.headers - http-outgoing-174 << HTTP/1.1 201 Created
02:36:37.575 [Test worker] DEBUG org.apache.http.headers - http-outgoing-174 << Content-Type: application/json
02:36:37.575 [Test worker] DEBUG org.apache.http.headers - http-outgoing-174 << Server: Docker/1.12.3 (linux)
02:36:37.575 [Test worker] DEBUG org.apache.http.headers - http-outgoing-174 << Date: Tue, 03 Jan 2017 01:36:37 GMT
02:36:37.575 [Test worker] DEBUG org.apache.http.headers - http-outgoing-174 << Content-Length: 87
02:36:37.575 [Test worker] DEBUG o.a.h.impl.execchain.MainClientExec - Connection can be kept alive indefinitely
02:36:37.575 [Test worker] DEBUG c.g.d.j.JerseyDockerCmdExecFactory - 8 * Client response received on thread Test worker
8 < 201
8 < Content-Length: 87
8 < Content-Type: application/json
8 < Date: Tue, 03 Jan 2017 01:36:37 GMT
8 < Server: Docker/1.12.3 (linux)
{"Id":"5de830b93db6ab32fc7b38776b4d6539f76d8e289e55b7793ed199fd3c5284a4","Warning":""}


02:36:37.576 [Test worker] DEBUG o.a.h.i.c.DefaultManagedHttpClientConnection - http-outgoing-174: Close connection
02:36:37.576 [Test worker] DEBUG o.a.h.impl.execchain.MainClientExec - Connection discarded
02:36:37.576 [Test worker] DEBUG c.g.d.j.JerseyDockerCmdExecFactory$1 - Connection released: [id: 174][route: {s}->https://Thesis:2376][total kept alive: 1; route allocated: 1 of 2; total allocated: 1 of 20]
02:36:37.576 [Test worker] DEBUG c.g.d.core.command.AbstrDockerCmd - Cmd: 5de830b93db6ab32fc7b38776b4d6539f76d8e289e55b7793ed199fd3c5284a4,com.github.dockerjava.jaxrs.InspectNetworkCmdExec@442a188b
02:36:37.577 [Test worker] DEBUG c.g.d.jaxrs.ListNetworksCmdExec - GET: JerseyWebTarget { https://Thesis:2376/networks/5de830b93db6ab32fc7b38776b4d6539f76d8e289e55b7793ed199fd3c5284a4 }
02:36:37.577 [Test worker] DEBUG c.g.d.j.JerseyDockerCmdExecFactory - 9 * Sending client request on thread Test worker
9 > GET https://Thesis:2376/networks/5de830b93db6ab32fc7b38776b4d6539f76d8e289e55b7793ed199fd3c5284a4
9 > Accept: application/json

02:36:37.577 [Test worker] DEBUG o.a.h.c.protocol.RequestAddCookies - CookieSpec selected: default
02:36:37.577 [Test worker] DEBUG o.a.h.c.protocol.RequestAuthCache - Auth cache not set in the context
02:36:37.577 [Test worker] DEBUG c.g.d.j.JerseyDockerCmdExecFactory$1 - Connection request: [route: {s}->https://Thesis:2376][total kept alive: 1; route allocated: 1 of 2; total allocated: 1 of 20]
02:36:37.577 [Test worker] DEBUG c.g.d.j.JerseyDockerCmdExecFactory$1 - Connection leased: [id: 175][route: {s}->https://Thesis:2376][total kept alive: 1; route allocated: 2 of 2; total allocated: 2 of 20]
02:36:37.577 [Test worker] DEBUG o.a.h.impl.execchain.MainClientExec - Opening connection {s}->https://Thesis:2376
02:36:37.577 [Test worker] DEBUG o.a.h.i.c.DefaultHttpClientConnectionOperator - Connecting to Thesis/127.0.1.1:2376
02:36:37.577 [Test worker] DEBUG o.a.h.c.s.SSLConnectionSocketFactory - Connecting socket to Thesis/127.0.1.1:2376 with timeout 0
02:36:37.600 [Test worker] DEBUG o.a.h.c.s.SSLConnectionSocketFactory - Enabled protocols: [TLSv1]
02:36:37.600 [Test worker] DEBUG o.a.h.c.s.SSLConnectionSocketFactory - Enabled cipher suites:[TLS_ECDHE_ECDSA_WITH_AES_128_CBC_SHA, TLS_ECDHE_RSA_WITH_AES_128_CBC_SHA, TLS_RSA_WITH_AES_128_CBC_SHA, TLS_ECDH_ECDSA_WITH_AES_128_CBC_SHA, TLS_ECDH_RSA_WITH_AES_128_CBC_SHA, TLS_DHE_RSA_WITH_AES_128_CBC_SHA, TLS_DHE_DSS_WITH_AES_128_CBC_SHA, TLS_ECDHE_ECDSA_WITH_3DES_EDE_CBC_SHA, TLS_ECDHE_RSA_WITH_3DES_EDE_CBC_SHA, SSL_RSA_WITH_3DES_EDE_CBC_SHA, TLS_ECDH_ECDSA_WITH_3DES_EDE_CBC_SHA, TLS_ECDH_RSA_WITH_3DES_EDE_CBC_SHA, SSL_DHE_RSA_WITH_3DES_EDE_CBC_SHA, SSL_DHE_DSS_WITH_3DES_EDE_CBC_SHA, TLS_ECDHE_ECDSA_WITH_RC4_128_SHA, TLS_ECDHE_RSA_WITH_RC4_128_SHA, SSL_RSA_WITH_RC4_128_SHA, TLS_ECDH_ECDSA_WITH_RC4_128_SHA, TLS_ECDH_RSA_WITH_RC4_128_SHA, SSL_RSA_WITH_RC4_128_MD5, TLS_EMPTY_RENEGOTIATION_INFO_SCSV]
02:36:37.600 [Test worker] DEBUG o.a.h.c.s.SSLConnectionSocketFactory - Starting handshake
02:36:37.700 [Test worker] DEBUG o.a.h.c.s.SSLConnectionSocketFactory - Secure session established
02:36:37.700 [Test worker] DEBUG o.a.h.c.s.SSLConnectionSocketFactory -  negotiated protocol: TLSv1
02:36:37.700 [Test worker] DEBUG o.a.h.c.s.SSLConnectionSocketFactory -  negotiated cipher suite: TLS_ECDHE_RSA_WITH_AES_128_CBC_SHA
02:36:37.700 [Test worker] DEBUG o.a.h.c.s.SSLConnectionSocketFactory -  peer principal: CN=Thesis
02:36:37.700 [Test worker] DEBUG o.a.h.c.s.SSLConnectionSocketFactory -  issuer principal: EMAILADDRESS=sha@yamil.com, CN=Thesis, OU=Open, O=Fra, L=BER, ST=BER, C=DE
02:36:37.700 [Test worker] DEBUG o.a.h.i.c.DefaultHttpClientConnectionOperator - Connection established 127.0.0.1:41650<->127.0.1.1:2376
02:36:37.701 [Test worker] DEBUG o.a.h.impl.execchain.MainClientExec - Executing request GET /networks/5de830b93db6ab32fc7b38776b4d6539f76d8e289e55b7793ed199fd3c5284a4 HTTP/1.1
02:36:37.701 [Test worker] DEBUG o.a.h.impl.execchain.MainClientExec - Target auth state: UNCHALLENGED
02:36:37.701 [Test worker] DEBUG o.a.h.impl.execchain.MainClientExec - Proxy auth state: UNCHALLENGED
02:36:37.701 [Test worker] DEBUG org.apache.http.headers - http-outgoing-175 >> GET /networks/5de830b93db6ab32fc7b38776b4d6539f76d8e289e55b7793ed199fd3c5284a4 HTTP/1.1
02:36:37.701 [Test worker] DEBUG org.apache.http.headers - http-outgoing-175 >> Accept: application/json
02:36:37.701 [Test worker] DEBUG org.apache.http.headers - http-outgoing-175 >> User-Agent: Jersey/2.23.1 (Apache HttpClient 4.5.1)
02:36:37.701 [Test worker] DEBUG org.apache.http.headers - http-outgoing-175 >> Host: Thesis:2376
02:36:37.701 [Test worker] DEBUG org.apache.http.headers - http-outgoing-175 >> Connection: Keep-Alive
02:36:37.701 [Test worker] DEBUG org.apache.http.headers - http-outgoing-175 >> Accept-Encoding: gzip,deflate
02:36:37.701 [Test worker] DEBUG org.apache.http.wire - http-outgoing-175 >> "GET /networks/5de830b93db6ab32fc7b38776b4d6539f76d8e289e55b7793ed199fd3c5284a4 HTTP/1.1[\r][\n]"
02:36:37.701 [Test worker] DEBUG org.apache.http.wire - http-outgoing-175 >> "Accept: application/json[\r][\n]"
02:36:37.701 [Test worker] DEBUG org.apache.http.wire - http-outgoing-175 >> "User-Agent: Jersey/2.23.1 (Apache HttpClient 4.5.1)[\r][\n]"
02:36:37.701 [Test worker] DEBUG org.apache.http.wire - http-outgoing-175 >> "Host: Thesis:2376[\r][\n]"
02:36:37.701 [Test worker] DEBUG org.apache.http.wire - http-outgoing-175 >> "Connection: Keep-Alive[\r][\n]"
02:36:37.701 [Test worker] DEBUG org.apache.http.wire - http-outgoing-175 >> "Accept-Encoding: gzip,deflate[\r][\n]"
02:36:37.701 [Test worker] DEBUG org.apache.http.wire - http-outgoing-175 >> "[\r][\n]"
02:36:37.702 [Test worker] DEBUG org.apache.http.wire - http-outgoing-175 << "H"
02:36:37.702 [Test worker] DEBUG org.apache.http.wire - http-outgoing-175 << "TTP/1.1 200 OK[\r][\n]"
02:36:37.702 [Test worker] DEBUG org.apache.http.wire - http-outgoing-175 << "Content-Type: application/json[\r][\n]"
02:36:37.702 [Test worker] DEBUG org.apache.http.wire - http-outgoing-175 << "Server: Docker/1.12.3 (linux)[\r][\n]"
02:36:37.703 [Test worker] DEBUG org.apache.http.wire - http-outgoing-175 << "Date: Tue, 03 Jan 2017 01:36:37 GMT[\r][\n]"
02:36:37.703 [Test worker] DEBUG org.apache.http.wire - http-outgoing-175 << "Content-Length: 311[\r][\n]"
02:36:37.703 [Test worker] DEBUG org.apache.http.wire - http-outgoing-175 << "[\r][\n]"
02:36:37.703 [Test worker] DEBUG org.apache.http.wire - http-outgoing-175 << "{"Name":"MyNetwork","Id":"5de830b93db6ab32fc7b38776b4d6539f76d8e289e55b7793ed199fd3c5284a4","Scope":"local","Driver":"bridge","EnableIPv6":false,"IPAM":{"Driver":"default","Options":null,"Config":[{"Subnet":"172.18.0.0/16","Gateway":"172.18.0.1/16"}]},"Internal":false,"Containers":{},"Options":{},"Labels":{}}[\n]"
02:36:37.703 [Test worker] DEBUG org.apache.http.headers - http-outgoing-175 << HTTP/1.1 200 OK
02:36:37.703 [Test worker] DEBUG org.apache.http.headers - http-outgoing-175 << Content-Type: application/json
02:36:37.703 [Test worker] DEBUG org.apache.http.headers - http-outgoing-175 << Server: Docker/1.12.3 (linux)
02:36:37.703 [Test worker] DEBUG org.apache.http.headers - http-outgoing-175 << Date: Tue, 03 Jan 2017 01:36:37 GMT
02:36:37.703 [Test worker] DEBUG org.apache.http.headers - http-outgoing-175 << Content-Length: 311
02:36:37.703 [Test worker] DEBUG o.a.h.impl.execchain.MainClientExec - Connection can be kept alive indefinitely
02:36:37.703 [Test worker] DEBUG c.g.d.j.JerseyDockerCmdExecFactory - 10 * Client response received on thread Test worker
10 < 200
10 < Content-Length: 311
10 < Content-Type: application/json
10 < Date: Tue, 03 Jan 2017 01:36:37 GMT
10 < Server: Docker/1.12.3 (linux)
{"Name":"MyNetwork","Id":"5de830b93db6ab32fc7b38776b4d6539f76d8e289e55b7793ed199fd3c5284a4","Scope":"local","Driver":"bridge","EnableIPv6":false,"IPAM":{"Driver":"default","Options":null,"Config":[{"Subnet":"172.18.0.0/16","Gateway":"172.18.0.1/16"}]},"Internal":false,"Containers":{},"Options":{},"Labels":{}}


02:36:37.704 [Test worker] DEBUG o.a.h.i.c.DefaultManagedHttpClientConnection - http-outgoing-175: Close connection
02:36:37.704 [Test worker] DEBUG o.a.h.impl.execchain.MainClientExec - Connection discarded
02:36:37.704 [Test worker] DEBUG c.g.d.j.JerseyDockerCmdExecFactory$1 - Connection released: [id: 175][route: {s}->https://Thesis:2376][total kept alive: 1; route allocated: 1 of 2; total allocated: 1 of 20]
02:36:37.705 [Test worker] DEBUG org.openbaton.docker.DockerVim - Network successfully created
02:36:37.705 [Test worker] DEBUG c.g.d.core.command.AbstrDockerCmd - Cmd: MyNetwork2,<null>,<null>,{},true,<null>,<null>,com.github.dockerjava.jaxrs.CreateNetworkCmdExec@6f0a9476
02:36:37.705 [Test worker] DEBUG o.a.h.c.protocol.RequestAddCookies - CookieSpec selected: default
02:36:37.705 [Test worker] DEBUG o.a.h.c.protocol.RequestAuthCache - Auth cache not set in the context
02:36:37.705 [Test worker] DEBUG c.g.d.j.JerseyDockerCmdExecFactory$1 - Connection request: [route: {s}->https://Thesis:2376][total kept alive: 1; route allocated: 1 of 2; total allocated: 1 of 20]
02:36:37.705 [Test worker] DEBUG c.g.d.j.JerseyDockerCmdExecFactory$1 - Connection leased: [id: 176][route: {s}->https://Thesis:2376][total kept alive: 1; route allocated: 2 of 2; total allocated: 2 of 20]
02:36:37.705 [Test worker] DEBUG o.a.h.impl.execchain.MainClientExec - Opening connection {s}->https://Thesis:2376
02:36:37.706 [Test worker] DEBUG o.a.h.i.c.DefaultHttpClientConnectionOperator - Connecting to Thesis/127.0.1.1:2376
02:36:37.706 [Test worker] DEBUG o.a.h.c.s.SSLConnectionSocketFactory - Connecting socket to Thesis/127.0.1.1:2376 with timeout 0
02:36:37.706 [Test worker] DEBUG o.a.h.c.s.SSLConnectionSocketFactory - Enabled protocols: [TLSv1]
02:36:37.706 [Test worker] DEBUG o.a.h.c.s.SSLConnectionSocketFactory - Enabled cipher suites:[TLS_ECDHE_ECDSA_WITH_AES_128_CBC_SHA, TLS_ECDHE_RSA_WITH_AES_128_CBC_SHA, TLS_RSA_WITH_AES_128_CBC_SHA, TLS_ECDH_ECDSA_WITH_AES_128_CBC_SHA, TLS_ECDH_RSA_WITH_AES_128_CBC_SHA, TLS_DHE_RSA_WITH_AES_128_CBC_SHA, TLS_DHE_DSS_WITH_AES_128_CBC_SHA, TLS_ECDHE_ECDSA_WITH_3DES_EDE_CBC_SHA, TLS_ECDHE_RSA_WITH_3DES_EDE_CBC_SHA, SSL_RSA_WITH_3DES_EDE_CBC_SHA, TLS_ECDH_ECDSA_WITH_3DES_EDE_CBC_SHA, TLS_ECDH_RSA_WITH_3DES_EDE_CBC_SHA, SSL_DHE_RSA_WITH_3DES_EDE_CBC_SHA, SSL_DHE_DSS_WITH_3DES_EDE_CBC_SHA, TLS_ECDHE_ECDSA_WITH_RC4_128_SHA, TLS_ECDHE_RSA_WITH_RC4_128_SHA, SSL_RSA_WITH_RC4_128_SHA, TLS_ECDH_ECDSA_WITH_RC4_128_SHA, TLS_ECDH_RSA_WITH_RC4_128_SHA, SSL_RSA_WITH_RC4_128_MD5, TLS_EMPTY_RENEGOTIATION_INFO_SCSV]
02:36:37.706 [Test worker] DEBUG o.a.h.c.s.SSLConnectionSocketFactory - Starting handshake
02:36:37.769 [Test worker] DEBUG o.a.h.c.s.SSLConnectionSocketFactory - Secure session established
02:36:37.769 [Test worker] DEBUG o.a.h.c.s.SSLConnectionSocketFactory -  negotiated protocol: TLSv1
02:36:37.769 [Test worker] DEBUG o.a.h.c.s.SSLConnectionSocketFactory -  negotiated cipher suite: TLS_ECDHE_RSA_WITH_AES_128_CBC_SHA
02:36:37.769 [Test worker] DEBUG o.a.h.c.s.SSLConnectionSocketFactory -  peer principal: CN=Thesis
02:36:37.769 [Test worker] DEBUG o.a.h.c.s.SSLConnectionSocketFactory -  issuer principal: EMAILADDRESS=sha@yamil.com, CN=Thesis, OU=Open, O=Fra, L=BER, ST=BER, C=DE
02:36:37.769 [Test worker] DEBUG o.a.h.i.c.DefaultHttpClientConnectionOperator - Connection established 127.0.0.1:41652<->127.0.1.1:2376
02:36:37.769 [Test worker] DEBUG o.a.h.impl.execchain.MainClientExec - Executing request POST /networks/create HTTP/1.1
02:36:37.770 [Test worker] DEBUG o.a.h.impl.execchain.MainClientExec - Target auth state: UNCHALLENGED
02:36:37.770 [Test worker] DEBUG o.a.h.impl.execchain.MainClientExec - Proxy auth state: UNCHALLENGED
02:36:37.770 [Test worker] DEBUG org.apache.http.headers - http-outgoing-176 >> POST /networks/create HTTP/1.1
02:36:37.770 [Test worker] DEBUG org.apache.http.headers - http-outgoing-176 >> Accept: application/json
02:36:37.770 [Test worker] DEBUG org.apache.http.headers - http-outgoing-176 >> Content-Type: application/json
02:36:37.770 [Test worker] DEBUG org.apache.http.headers - http-outgoing-176 >> User-Agent: Jersey/2.23.1 (Apache HttpClient 4.5.1)
02:36:37.770 [Test worker] DEBUG org.apache.http.headers - http-outgoing-176 >> Transfer-Encoding: chunked
02:36:37.770 [Test worker] DEBUG org.apache.http.headers - http-outgoing-176 >> Host: Thesis:2376
02:36:37.770 [Test worker] DEBUG org.apache.http.headers - http-outgoing-176 >> Connection: Keep-Alive
02:36:37.770 [Test worker] DEBUG org.apache.http.headers - http-outgoing-176 >> Accept-Encoding: gzip,deflate
02:36:37.770 [Test worker] DEBUG c.g.d.j.JerseyDockerCmdExecFactory - 11 * Sending client request on thread Test worker
11 > POST https://Thesis:2376/networks/create
11 > Accept: application/json
11 > Content-Type: application/json
{"enableIPv6":null,"Name":"MyNetwork2","Driver":null,"IPAM":null,"Options":{},"CheckDuplicate":true,"Internal":null,"EnableIPv6":null}

02:36:37.771 [Test worker] DEBUG org.apache.http.wire - http-outgoing-176 >> "POST /networks/create HTTP/1.1[\r][\n]"
02:36:37.771 [Test worker] DEBUG org.apache.http.wire - http-outgoing-176 >> "Accept: application/json[\r][\n]"
02:36:37.771 [Test worker] DEBUG org.apache.http.wire - http-outgoing-176 >> "Content-Type: application/json[\r][\n]"
02:36:37.771 [Test worker] DEBUG org.apache.http.wire - http-outgoing-176 >> "User-Agent: Jersey/2.23.1 (Apache HttpClient 4.5.1)[\r][\n]"
02:36:37.771 [Test worker] DEBUG org.apache.http.wire - http-outgoing-176 >> "Transfer-Encoding: chunked[\r][\n]"
02:36:37.772 [Test worker] DEBUG org.apache.http.wire - http-outgoing-176 >> "Host: Thesis:2376[\r][\n]"
02:36:37.772 [Test worker] DEBUG org.apache.http.wire - http-outgoing-176 >> "Connection: Keep-Alive[\r][\n]"
02:36:37.773 [Test worker] DEBUG org.apache.http.wire - http-outgoing-176 >> "Accept-Encoding: gzip,deflate[\r][\n]"
02:36:37.773 [Test worker] DEBUG org.apache.http.wire - http-outgoing-176 >> "[\r][\n]"
02:36:37.773 [Test worker] DEBUG org.apache.http.wire - http-outgoing-176 >> "86[\r][\n]"
02:36:37.773 [Test worker] DEBUG org.apache.http.wire - http-outgoing-176 >> "{"enableIPv6":null,"Name":"MyNetwork2","Driver":null,"IPAM":null,"Options":{},"CheckDuplicate":true,"Internal":null,"EnableIPv6":null}[\r][\n]"
02:36:37.773 [Test worker] DEBUG org.apache.http.wire - http-outgoing-176 >> "0[\r][\n]"
02:36:37.773 [Test worker] DEBUG org.apache.http.wire - http-outgoing-176 >> "[\r][\n]"
02:36:37.873 [Test worker] DEBUG org.apache.http.wire - http-outgoing-176 << "H"
02:36:37.873 [Test worker] DEBUG org.apache.http.wire - http-outgoing-176 << "TTP/1.1 201 Created[\r][\n]"
02:36:37.873 [Test worker] DEBUG org.apache.http.wire - http-outgoing-176 << "Content-Type: application/json[\r][\n]"
02:36:37.873 [Test worker] DEBUG org.apache.http.wire - http-outgoing-176 << "Server: Docker/1.12.3 (linux)[\r][\n]"
02:36:37.873 [Test worker] DEBUG org.apache.http.wire - http-outgoing-176 << "Date: Tue, 03 Jan 2017 01:36:37 GMT[\r][\n]"
02:36:37.873 [Test worker] DEBUG org.apache.http.wire - http-outgoing-176 << "Content-Length: 87[\r][\n]"
02:36:37.873 [Test worker] DEBUG org.apache.http.wire - http-outgoing-176 << "[\r][\n]"
02:36:37.873 [Test worker] DEBUG org.apache.http.wire - http-outgoing-176 << "{"Id":"1265d4f13b2058f8e2d1c84c8ed5e2124475cafb35f67c0eed0d23ccb955a7f6","Warning":""}[\n]"
02:36:37.873 [Test worker] DEBUG org.apache.http.headers - http-outgoing-176 << HTTP/1.1 201 Created
02:36:37.873 [Test worker] DEBUG org.apache.http.headers - http-outgoing-176 << Content-Type: application/json
02:36:37.873 [Test worker] DEBUG org.apache.http.headers - http-outgoing-176 << Server: Docker/1.12.3 (linux)
02:36:37.873 [Test worker] DEBUG org.apache.http.headers - http-outgoing-176 << Date: Tue, 03 Jan 2017 01:36:37 GMT
02:36:37.873 [Test worker] DEBUG org.apache.http.headers - http-outgoing-176 << Content-Length: 87
02:36:37.873 [Test worker] DEBUG o.a.h.impl.execchain.MainClientExec - Connection can be kept alive indefinitely
02:36:37.874 [Test worker] DEBUG c.g.d.j.JerseyDockerCmdExecFactory - 12 * Client response received on thread Test worker
12 < 201
12 < Content-Length: 87
12 < Content-Type: application/json
12 < Date: Tue, 03 Jan 2017 01:36:37 GMT
12 < Server: Docker/1.12.3 (linux)
{"Id":"1265d4f13b2058f8e2d1c84c8ed5e2124475cafb35f67c0eed0d23ccb955a7f6","Warning":""}


02:36:37.874 [Test worker] DEBUG o.a.h.i.c.DefaultManagedHttpClientConnection - http-outgoing-176: Close connection
02:36:37.874 [Test worker] DEBUG o.a.h.impl.execchain.MainClientExec - Connection discarded
02:36:37.874 [Test worker] DEBUG c.g.d.j.JerseyDockerCmdExecFactory$1 - Connection released: [id: 176][route: {s}->https://Thesis:2376][total kept alive: 1; route allocated: 1 of 2; total allocated: 1 of 20]
02:36:37.874 [Test worker] DEBUG c.g.d.core.command.AbstrDockerCmd - Cmd: 1265d4f13b2058f8e2d1c84c8ed5e2124475cafb35f67c0eed0d23ccb955a7f6,com.github.dockerjava.jaxrs.InspectNetworkCmdExec@77d7aa76
02:36:37.874 [Test worker] DEBUG c.g.d.jaxrs.ListNetworksCmdExec - GET: JerseyWebTarget { https://Thesis:2376/networks/1265d4f13b2058f8e2d1c84c8ed5e2124475cafb35f67c0eed0d23ccb955a7f6 }
02:36:37.874 [Test worker] DEBUG c.g.d.j.JerseyDockerCmdExecFactory - 13 * Sending client request on thread Test worker
13 > GET https://Thesis:2376/networks/1265d4f13b2058f8e2d1c84c8ed5e2124475cafb35f67c0eed0d23ccb955a7f6
13 > Accept: application/json

02:36:37.875 [Test worker] DEBUG o.a.h.c.protocol.RequestAddCookies - CookieSpec selected: default
02:36:37.875 [Test worker] DEBUG o.a.h.c.protocol.RequestAuthCache - Auth cache not set in the context
02:36:37.875 [Test worker] DEBUG c.g.d.j.JerseyDockerCmdExecFactory$1 - Connection request: [route: {s}->https://Thesis:2376][total kept alive: 1; route allocated: 1 of 2; total allocated: 1 of 20]
02:36:37.875 [Test worker] DEBUG c.g.d.j.JerseyDockerCmdExecFactory$1 - Connection leased: [id: 177][route: {s}->https://Thesis:2376][total kept alive: 1; route allocated: 2 of 2; total allocated: 2 of 20]
02:36:37.875 [Test worker] DEBUG o.a.h.impl.execchain.MainClientExec - Opening connection {s}->https://Thesis:2376
02:36:37.875 [Test worker] DEBUG o.a.h.i.c.DefaultHttpClientConnectionOperator - Connecting to Thesis/127.0.1.1:2376
02:36:37.875 [Test worker] DEBUG o.a.h.c.s.SSLConnectionSocketFactory - Connecting socket to Thesis/127.0.1.1:2376 with timeout 0
02:36:37.878 [Test worker] DEBUG o.a.h.c.s.SSLConnectionSocketFactory - Enabled protocols: [TLSv1]
02:36:37.879 [Test worker] DEBUG o.a.h.c.s.SSLConnectionSocketFactory - Enabled cipher suites:[TLS_ECDHE_ECDSA_WITH_AES_128_CBC_SHA, TLS_ECDHE_RSA_WITH_AES_128_CBC_SHA, TLS_RSA_WITH_AES_128_CBC_SHA, TLS_ECDH_ECDSA_WITH_AES_128_CBC_SHA, TLS_ECDH_RSA_WITH_AES_128_CBC_SHA, TLS_DHE_RSA_WITH_AES_128_CBC_SHA, TLS_DHE_DSS_WITH_AES_128_CBC_SHA, TLS_ECDHE_ECDSA_WITH_3DES_EDE_CBC_SHA, TLS_ECDHE_RSA_WITH_3DES_EDE_CBC_SHA, SSL_RSA_WITH_3DES_EDE_CBC_SHA, TLS_ECDH_ECDSA_WITH_3DES_EDE_CBC_SHA, TLS_ECDH_RSA_WITH_3DES_EDE_CBC_SHA, SSL_DHE_RSA_WITH_3DES_EDE_CBC_SHA, SSL_DHE_DSS_WITH_3DES_EDE_CBC_SHA, TLS_ECDHE_ECDSA_WITH_RC4_128_SHA, TLS_ECDHE_RSA_WITH_RC4_128_SHA, SSL_RSA_WITH_RC4_128_SHA, TLS_ECDH_ECDSA_WITH_RC4_128_SHA, TLS_ECDH_RSA_WITH_RC4_128_SHA, SSL_RSA_WITH_RC4_128_MD5, TLS_EMPTY_RENEGOTIATION_INFO_SCSV]
02:36:37.883 [Test worker] DEBUG o.a.h.c.s.SSLConnectionSocketFactory - Starting handshake
02:36:38.026 [Test worker] DEBUG o.a.h.c.s.SSLConnectionSocketFactory - Secure session established
02:36:38.026 [Test worker] DEBUG o.a.h.c.s.SSLConnectionSocketFactory -  negotiated protocol: TLSv1
02:36:38.026 [Test worker] DEBUG o.a.h.c.s.SSLConnectionSocketFactory -  negotiated cipher suite: TLS_ECDHE_RSA_WITH_AES_128_CBC_SHA
02:36:38.026 [Test worker] DEBUG o.a.h.c.s.SSLConnectionSocketFactory -  peer principal: CN=Thesis
02:36:38.026 [Test worker] DEBUG o.a.h.c.s.SSLConnectionSocketFactory -  issuer principal: EMAILADDRESS=sha@yamil.com, CN=Thesis, OU=Open, O=Fra, L=BER, ST=BER, C=DE
02:36:38.026 [Test worker] DEBUG o.a.h.i.c.DefaultHttpClientConnectionOperator - Connection established 127.0.0.1:41654<->127.0.1.1:2376
02:36:38.026 [Test worker] DEBUG o.a.h.impl.execchain.MainClientExec - Executing request GET /networks/1265d4f13b2058f8e2d1c84c8ed5e2124475cafb35f67c0eed0d23ccb955a7f6 HTTP/1.1
02:36:38.026 [Test worker] DEBUG o.a.h.impl.execchain.MainClientExec - Target auth state: UNCHALLENGED
02:36:38.026 [Test worker] DEBUG o.a.h.impl.execchain.MainClientExec - Proxy auth state: UNCHALLENGED
02:36:38.026 [Test worker] DEBUG org.apache.http.headers - http-outgoing-177 >> GET /networks/1265d4f13b2058f8e2d1c84c8ed5e2124475cafb35f67c0eed0d23ccb955a7f6 HTTP/1.1
02:36:38.026 [Test worker] DEBUG org.apache.http.headers - http-outgoing-177 >> Accept: application/json
02:36:38.027 [Test worker] DEBUG org.apache.http.headers - http-outgoing-177 >> User-Agent: Jersey/2.23.1 (Apache HttpClient 4.5.1)
02:36:38.027 [Test worker] DEBUG org.apache.http.headers - http-outgoing-177 >> Host: Thesis:2376
02:36:38.027 [Test worker] DEBUG org.apache.http.headers - http-outgoing-177 >> Connection: Keep-Alive
02:36:38.027 [Test worker] DEBUG org.apache.http.headers - http-outgoing-177 >> Accept-Encoding: gzip,deflate
02:36:38.027 [Test worker] DEBUG org.apache.http.wire - http-outgoing-177 >> "GET /networks/1265d4f13b2058f8e2d1c84c8ed5e2124475cafb35f67c0eed0d23ccb955a7f6 HTTP/1.1[\r][\n]"
02:36:38.027 [Test worker] DEBUG org.apache.http.wire - http-outgoing-177 >> "Accept: application/json[\r][\n]"
02:36:38.027 [Test worker] DEBUG org.apache.http.wire - http-outgoing-177 >> "User-Agent: Jersey/2.23.1 (Apache HttpClient 4.5.1)[\r][\n]"
02:36:38.027 [Test worker] DEBUG org.apache.http.wire - http-outgoing-177 >> "Host: Thesis:2376[\r][\n]"
02:36:38.027 [Test worker] DEBUG org.apache.http.wire - http-outgoing-177 >> "Connection: Keep-Alive[\r][\n]"
02:36:38.027 [Test worker] DEBUG org.apache.http.wire - http-outgoing-177 >> "Accept-Encoding: gzip,deflate[\r][\n]"
02:36:38.027 [Test worker] DEBUG org.apache.http.wire - http-outgoing-177 >> "[\r][\n]"
02:36:38.028 [Test worker] DEBUG org.apache.http.wire - http-outgoing-177 << "H"
02:36:38.028 [Test worker] DEBUG org.apache.http.wire - http-outgoing-177 << "TTP/1.1 200 OK[\r][\n]"
02:36:38.028 [Test worker] DEBUG org.apache.http.wire - http-outgoing-177 << "Content-Type: application/json[\r][\n]"
02:36:38.028 [Test worker] DEBUG org.apache.http.wire - http-outgoing-177 << "Server: Docker/1.12.3 (linux)[\r][\n]"
02:36:38.028 [Test worker] DEBUG org.apache.http.wire - http-outgoing-177 << "Date: Tue, 03 Jan 2017 01:36:38 GMT[\r][\n]"
02:36:38.028 [Test worker] DEBUG org.apache.http.wire - http-outgoing-177 << "Content-Length: 312[\r][\n]"
02:36:38.028 [Test worker] DEBUG org.apache.http.wire - http-outgoing-177 << "[\r][\n]"
02:36:38.028 [Test worker] DEBUG org.apache.http.wire - http-outgoing-177 << "{"Name":"MyNetwork2","Id":"1265d4f13b2058f8e2d1c84c8ed5e2124475cafb35f67c0eed0d23ccb955a7f6","Scope":"local","Driver":"bridge","EnableIPv6":false,"IPAM":{"Driver":"default","Options":null,"Config":[{"Subnet":"172.19.0.0/16","Gateway":"172.19.0.1/16"}]},"Internal":false,"Containers":{},"Options":{},"Labels":{}}[\n]"
02:36:38.028 [Test worker] DEBUG org.apache.http.headers - http-outgoing-177 << HTTP/1.1 200 OK
02:36:38.028 [Test worker] DEBUG org.apache.http.headers - http-outgoing-177 << Content-Type: application/json
02:36:38.028 [Test worker] DEBUG org.apache.http.headers - http-outgoing-177 << Server: Docker/1.12.3 (linux)
02:36:38.028 [Test worker] DEBUG org.apache.http.headers - http-outgoing-177 << Date: Tue, 03 Jan 2017 01:36:38 GMT
02:36:38.029 [Test worker] DEBUG org.apache.http.headers - http-outgoing-177 << Content-Length: 312
02:36:38.029 [Test worker] DEBUG o.a.h.impl.execchain.MainClientExec - Connection can be kept alive indefinitely
02:36:38.029 [Test worker] DEBUG c.g.d.j.JerseyDockerCmdExecFactory - 14 * Client response received on thread Test worker
14 < 200
14 < Content-Length: 312
14 < Content-Type: application/json
14 < Date: Tue, 03 Jan 2017 01:36:38 GMT
14 < Server: Docker/1.12.3 (linux)
{"Name":"MyNetwork2","Id":"1265d4f13b2058f8e2d1c84c8ed5e2124475cafb35f67c0eed0d23ccb955a7f6","Scope":"local","Driver":"bridge","EnableIPv6":false,"IPAM":{"Driver":"default","Options":null,"Config":[{"Subnet":"172.19.0.0/16","Gateway":"172.19.0.1/16"}]},"Internal":false,"Containers":{},"Options":{},"Labels":{}}


02:36:38.029 [Test worker] DEBUG o.a.h.i.c.DefaultManagedHttpClientConnection - http-outgoing-177: Close connection
02:36:38.030 [Test worker] DEBUG o.a.h.impl.execchain.MainClientExec - Connection discarded
02:36:38.030 [Test worker] DEBUG c.g.d.j.JerseyDockerCmdExecFactory$1 - Connection released: [id: 177][route: {s}->https://Thesis:2376][total kept alive: 1; route allocated: 1 of 2; total allocated: 1 of 20]
02:36:38.030 [Test worker] DEBUG org.openbaton.docker.DockerVim - Network successfully created
02:36:38.030 [Test worker] DEBUG c.g.d.core.command.AbstrDockerCmd - Cmd: ListImagesCmdImpl[imageNameFilter=<null>,showAll=true,filters=com.github.dockerjava.core.util.FiltersBuilder@0,execution=com.github.dockerjava.jaxrs.ListImagesCmdExec@3dc4baf4]
02:36:38.031 [Test worker] DEBUG c.g.d.j.JerseyDockerCmdExecFactory - 15 * Sending client request on thread Test worker
15 > GET https://Thesis:2376/images/json?all=true
15 > Accept: application/json

02:36:38.031 [Test worker] DEBUG o.a.h.c.protocol.RequestAddCookies - CookieSpec selected: default
02:36:38.031 [Test worker] DEBUG o.a.h.c.protocol.RequestAuthCache - Auth cache not set in the context
02:36:38.031 [Test worker] DEBUG c.g.d.j.JerseyDockerCmdExecFactory$1 - Connection request: [route: {s}->https://Thesis:2376][total kept alive: 1; route allocated: 1 of 2; total allocated: 1 of 20]
02:36:38.031 [Test worker] DEBUG c.g.d.j.JerseyDockerCmdExecFactory$1 - Connection leased: [id: 178][route: {s}->https://Thesis:2376][total kept alive: 1; route allocated: 2 of 2; total allocated: 2 of 20]
02:36:38.035 [Test worker] DEBUG o.a.h.impl.execchain.MainClientExec - Opening connection {s}->https://Thesis:2376
02:36:38.036 [Test worker] DEBUG o.a.h.i.c.DefaultHttpClientConnectionOperator - Connecting to Thesis/127.0.1.1:2376
02:36:38.036 [Test worker] DEBUG o.a.h.c.s.SSLConnectionSocketFactory - Connecting socket to Thesis/127.0.1.1:2376 with timeout 0
02:36:38.036 [Test worker] DEBUG o.a.h.c.s.SSLConnectionSocketFactory - Enabled protocols: [TLSv1]
02:36:38.036 [Test worker] DEBUG o.a.h.c.s.SSLConnectionSocketFactory - Enabled cipher suites:[TLS_ECDHE_ECDSA_WITH_AES_128_CBC_SHA, TLS_ECDHE_RSA_WITH_AES_128_CBC_SHA, TLS_RSA_WITH_AES_128_CBC_SHA, TLS_ECDH_ECDSA_WITH_AES_128_CBC_SHA, TLS_ECDH_RSA_WITH_AES_128_CBC_SHA, TLS_DHE_RSA_WITH_AES_128_CBC_SHA, TLS_DHE_DSS_WITH_AES_128_CBC_SHA, TLS_ECDHE_ECDSA_WITH_3DES_EDE_CBC_SHA, TLS_ECDHE_RSA_WITH_3DES_EDE_CBC_SHA, SSL_RSA_WITH_3DES_EDE_CBC_SHA, TLS_ECDH_ECDSA_WITH_3DES_EDE_CBC_SHA, TLS_ECDH_RSA_WITH_3DES_EDE_CBC_SHA, SSL_DHE_RSA_WITH_3DES_EDE_CBC_SHA, SSL_DHE_DSS_WITH_3DES_EDE_CBC_SHA, TLS_ECDHE_ECDSA_WITH_RC4_128_SHA, TLS_ECDHE_RSA_WITH_RC4_128_SHA, SSL_RSA_WITH_RC4_128_SHA, TLS_ECDH_ECDSA_WITH_RC4_128_SHA, TLS_ECDH_RSA_WITH_RC4_128_SHA, SSL_RSA_WITH_RC4_128_MD5, TLS_EMPTY_RENEGOTIATION_INFO_SCSV]
02:36:38.036 [Test worker] DEBUG o.a.h.c.s.SSLConnectionSocketFactory - Starting handshake
02:36:38.098 [Test worker] DEBUG o.a.h.c.s.SSLConnectionSocketFactory - Secure session established
02:36:38.098 [Test worker] DEBUG o.a.h.c.s.SSLConnectionSocketFactory -  negotiated protocol: TLSv1
02:36:38.098 [Test worker] DEBUG o.a.h.c.s.SSLConnectionSocketFactory -  negotiated cipher suite: TLS_ECDHE_RSA_WITH_AES_128_CBC_SHA
02:36:38.098 [Test worker] DEBUG o.a.h.c.s.SSLConnectionSocketFactory -  peer principal: CN=Thesis
02:36:38.098 [Test worker] DEBUG o.a.h.c.s.SSLConnectionSocketFactory -  issuer principal: EMAILADDRESS=sha@yamil.com, CN=Thesis, OU=Open, O=Fra, L=BER, ST=BER, C=DE
02:36:38.098 [Test worker] DEBUG o.a.h.i.c.DefaultHttpClientConnectionOperator - Connection established 127.0.0.1:41656<->127.0.1.1:2376
02:36:38.099 [Test worker] DEBUG o.a.h.impl.execchain.MainClientExec - Executing request GET /images/json?all=true HTTP/1.1
02:36:38.099 [Test worker] DEBUG o.a.h.impl.execchain.MainClientExec - Target auth state: UNCHALLENGED
02:36:38.099 [Test worker] DEBUG o.a.h.impl.execchain.MainClientExec - Proxy auth state: UNCHALLENGED
02:36:38.099 [Test worker] DEBUG org.apache.http.headers - http-outgoing-178 >> GET /images/json?all=true HTTP/1.1
02:36:38.099 [Test worker] DEBUG org.apache.http.headers - http-outgoing-178 >> Accept: application/json
02:36:38.099 [Test worker] DEBUG org.apache.http.headers - http-outgoing-178 >> User-Agent: Jersey/2.23.1 (Apache HttpClient 4.5.1)
02:36:38.099 [Test worker] DEBUG org.apache.http.headers - http-outgoing-178 >> Host: Thesis:2376
02:36:38.099 [Test worker] DEBUG org.apache.http.headers - http-outgoing-178 >> Connection: Keep-Alive
02:36:38.100 [Test worker] DEBUG org.apache.http.headers - http-outgoing-178 >> Accept-Encoding: gzip,deflate
02:36:38.100 [Test worker] DEBUG org.apache.http.wire - http-outgoing-178 >> "GET /images/json?all=true HTTP/1.1[\r][\n]"
02:36:38.100 [Test worker] DEBUG org.apache.http.wire - http-outgoing-178 >> "Accept: application/json[\r][\n]"
02:36:38.100 [Test worker] DEBUG org.apache.http.wire - http-outgoing-178 >> "User-Agent: Jersey/2.23.1 (Apache HttpClient 4.5.1)[\r][\n]"
02:36:38.100 [Test worker] DEBUG org.apache.http.wire - http-outgoing-178 >> "Host: Thesis:2376[\r][\n]"
02:36:38.100 [Test worker] DEBUG org.apache.http.wire - http-outgoing-178 >> "Connection: Keep-Alive[\r][\n]"
02:36:38.100 [Test worker] DEBUG org.apache.http.wire - http-outgoing-178 >> "Accept-Encoding: gzip,deflate[\r][\n]"
02:36:38.100 [Test worker] DEBUG org.apache.http.wire - http-outgoing-178 >> "[\r][\n]"
02:36:38.101 [Test worker] DEBUG org.apache.http.wire - http-outgoing-178 << "H"
02:36:38.101 [Test worker] DEBUG org.apache.http.wire - http-outgoing-178 << "TTP/1.1 200 OK[\r][\n]"
02:36:38.101 [Test worker] DEBUG org.apache.http.wire - http-outgoing-178 << "Content-Type: application/json[\r][\n]"
02:36:38.102 [Test worker] DEBUG org.apache.http.wire - http-outgoing-178 << "Server: Docker/1.12.3 (linux)[\r][\n]"
02:36:38.102 [Test worker] DEBUG org.apache.http.wire - http-outgoing-178 << "Date: Tue, 03 Jan 2017 01:36:38 GMT[\r][\n]"
02:36:38.102 [Test worker] DEBUG org.apache.http.wire - http-outgoing-178 << "Content-Length: 1195[\r][\n]"
02:36:38.102 [Test worker] DEBUG org.apache.http.wire - http-outgoing-178 << "[\r][\n]"
02:36:38.102 [Test worker] DEBUG org.apache.http.wire - http-outgoing-178 << "[{"Id":"sha256:4ca3a192ff2a5b7e225e81dc006b6379c10776ed3619757a65608cb72de0a7f6","ParentId":"","RepoTags":["ubuntu:latest"],"RepoDigests":["ubuntu@sha256:3b64c309deae7ab0f7dbdd42b6b326261ccd6261da5d88396439353162703fb5"],"Created":1480449877,"Size":128206574,"VirtualSize":128206574,"Labels":{}},{"Id":"sha256:aae2b63c49461fcae4962e4a8043f66acf8e3af7e62f5ebceb70b181d8ca01e0","ParentId":"","RepoTags":["ubuntu:14.04"],"RepoDigests":["ubuntu@sha256:edb984703bd3e8981ff541a5b9297ca1b81fde6e6e8094d86e390a38ebc30b4d"],"Created":1480449856,"Size":187952254,"VirtualSize":187952254,"Labels":{}},{"Id":"sha256:e02e811dd08fd49e7f6032625495118e63f597eb150403d02e3238af1df240ba","ParentId":"","RepoTags":["busybox:latest"],"RepoDigests":["busybox@sha256:29f5d56d12684887bdfa50dcd29fc31eea4aaf4ad3bec43daf19026a7ce69912"],"Created":1475874238,"Size":1093484,"VirtualSize":1093484,"Labels":{}},{"Id":"sha256:d654de4499473ed41349b54a988b6f46a7fc92e3fa2d61e102bf2660a0116e25","ParentId":"","RepoTags":["sakib37/iperf3:latest"],"RepoDigests":["sakib37/iperf3@sha256:8d80a810f8f508c074b14d02555f20110eac382c8dbda7252075392983629d40"],"Created":1474907599,"Size":199456654,"VirtualSize":199456654,"Labels":{}}][\n]"
02:36:38.102 [Test worker] DEBUG org.apache.http.headers - http-outgoing-178 << HTTP/1.1 200 OK
02:36:38.102 [Test worker] DEBUG org.apache.http.headers - http-outgoing-178 << Content-Type: application/json
02:36:38.102 [Test worker] DEBUG org.apache.http.headers - http-outgoing-178 << Server: Docker/1.12.3 (linux)
02:36:38.102 [Test worker] DEBUG org.apache.http.headers - http-outgoing-178 << Date: Tue, 03 Jan 2017 01:36:38 GMT
02:36:38.102 [Test worker] DEBUG org.apache.http.headers - http-outgoing-178 << Content-Length: 1195
02:36:38.103 [Test worker] DEBUG o.a.h.impl.execchain.MainClientExec - Connection can be kept alive indefinitely
02:36:38.103 [Test worker] DEBUG c.g.d.j.JerseyDockerCmdExecFactory - 16 * Client response received on thread Test worker
16 < 200
16 < Content-Length: 1195
16 < Content-Type: application/json
16 < Date: Tue, 03 Jan 2017 01:36:38 GMT
16 < Server: Docker/1.12.3 (linux)
[{"Id":"sha256:4ca3a192ff2a5b7e225e81dc006b6379c10776ed3619757a65608cb72de0a7f6","ParentId":"","RepoTags":["ubuntu:latest"],"RepoDigests":["ubuntu@sha256:3b64c309deae7ab0f7dbdd42b6b326261ccd6261da5d88396439353162703fb5"],"Created":1480449877,"Size":128206574,"VirtualSize":128206574,"Labels":{}},{"Id":"sha256:aae2b63c49461fcae4962e4a8043f66acf8e3af7e62f5ebceb70b181d8ca01e0","ParentId":"","RepoTags":["ubuntu:14.04"],"RepoDigests":["ubuntu@sha256:edb984703bd3e8981ff541a5b9297ca1b81fde6e6e8094d86e390a38ebc30b4d"],"Created":1480449856,"Size":187952254,"VirtualSize":187952254,"Labels":{}},{"Id":"sha256:e02e811dd08fd49e7f6032625495118e63f597eb150403d02e3238af1df240ba","ParentId":"","RepoTags":["busybox:latest"],"RepoDigests":["busybox@sha256:29f5d56d12684887bdfa50dcd29fc31eea4aaf4ad3bec43daf19026a7ce69912"],"Created":1475874238,"Size":1093484,"VirtualSize":1093484,"Labels":{}},{"Id":"sha256:d654de4499473ed41349b54a988b6f46a7fc92e3fa2d61e102bf2660a0116e25","ParentId":"","RepoTags":["sakib37/iperf3:latest"],"RepoDigests":["sakib37/iperf3@sha256:8d80a810f8f508c074b14d02555f20110eac382c8dbda7252075392983629d40"],"Created":1474907599,"Size":199456654,"VirtualSize":199456654,"Labels":{}}]


02:36:38.104 [Test worker] DEBUG o.a.h.i.c.DefaultManagedHttpClientConnection - http-outgoing-178: Close connection
02:36:38.105 [Test worker] DEBUG o.a.h.impl.execchain.MainClientExec - Connection discarded
02:36:38.105 [Test worker] DEBUG c.g.d.j.JerseyDockerCmdExecFactory$1 - Connection released: [id: 178][route: {s}->https://Thesis:2376][total kept alive: 1; route allocated: 1 of 2; total allocated: 1 of 20]
02:36:38.105 [Test worker] DEBUG c.g.d.core.command.AbstrDockerCmd - Cmd: com.github.dockerjava.core.command.CreateContainerCmdImpl@48a7406c[name=MyContainer,hostName=MyContainer,domainName=<null>,user=<null>,attachStdin=<null>,attachStdout=<null>,attachStderr=<null>,portSpecs=<null>,tty=<null>,stdinOpen=<null>,stdInOnce=<null>,env={port=8080,TERM=xterm},cmd={sleep,99999},entrypoint=<null>,image=ubuntu:14.04,volumes=com.github.dockerjava.api.model.Volumes@5c7697b7,workingDir=<null>,macAddress=<null>,networkDisabled=<null>,exposedPorts=com.github.dockerjava.api.model.ExposedPorts@6de29ecd,stopSignal=<null>,hostConfig=com.github.dockerjava.api.model.HostConfig@3927dd17[binds=<null>,blkioWeight=<null>,blkioWeightDevice=<null>,blkioDeviceReadBps=<null>,blkioDeviceReadIOps=<null>,blkioDeviceWriteBps=<null>,blkioDeviceWriteIOps=<null>,memorySwappiness=<null>,capAdd=<null>,capDrop=<null>,containerIDFile=<null>,cpuPeriod=<null>,cpuShares=<null>,cpuQuota=<null>,cpusetCpus=<null>,cpusetMems=<null>,devices=<null>,dns=<null>,dnsSearch=<null>,extraHosts=<null>,links=<null>,logConfig=<null>,lxcConf=<null>,memory=<null>,memorySwap=<null>,memoryReservation=<null>,kernelMemory=<null>,networkMode=<null>,oomKillDisable=<null>,oomScoreAdj=<null>,portBindings={8084/tcp=[Lcom.github.dockerjava.api.model.Ports$Binding;@11241756},privileged=<null>,publishAllPorts=<null>,readonlyRootfs=<null>,restartPolicy=<null>,ulimits=<null>,volumesFrom=<null>,pidMode=<null>,securityOpts=<null>,cgroupParent=<null>,volumeDriver=<null>,shmSize=<null>],labels=<null>,networkingConfig=<null>,ipv4Address=<null>,ipv6Address=<null>,aliases=<null>,execution=com.github.dockerjava.jaxrs.CreateContainerCmdExec@1f5cfd41]
02:36:38.110 [Test worker] DEBUG o.a.h.c.protocol.RequestAddCookies - CookieSpec selected: default
02:36:38.110 [Test worker] DEBUG o.a.h.c.protocol.RequestAuthCache - Auth cache not set in the context
02:36:38.110 [Test worker] DEBUG c.g.d.j.JerseyDockerCmdExecFactory$1 - Connection request: [route: {s}->https://Thesis:2376][total kept alive: 1; route allocated: 1 of 2; total allocated: 1 of 20]
02:36:38.110 [Test worker] DEBUG c.g.d.j.JerseyDockerCmdExecFactory$1 - Connection leased: [id: 179][route: {s}->https://Thesis:2376][total kept alive: 1; route allocated: 2 of 2; total allocated: 2 of 20]
02:36:38.110 [Test worker] DEBUG o.a.h.impl.execchain.MainClientExec - Opening connection {s}->https://Thesis:2376
02:36:38.110 [Test worker] DEBUG o.a.h.i.c.DefaultHttpClientConnectionOperator - Connecting to Thesis/127.0.1.1:2376
02:36:38.110 [Test worker] DEBUG o.a.h.c.s.SSLConnectionSocketFactory - Connecting socket to Thesis/127.0.1.1:2376 with timeout 0
02:36:38.111 [Test worker] DEBUG o.a.h.c.s.SSLConnectionSocketFactory - Enabled protocols: [TLSv1]
02:36:38.111 [Test worker] DEBUG o.a.h.c.s.SSLConnectionSocketFactory - Enabled cipher suites:[TLS_ECDHE_ECDSA_WITH_AES_128_CBC_SHA, TLS_ECDHE_RSA_WITH_AES_128_CBC_SHA, TLS_RSA_WITH_AES_128_CBC_SHA, TLS_ECDH_ECDSA_WITH_AES_128_CBC_SHA, TLS_ECDH_RSA_WITH_AES_128_CBC_SHA, TLS_DHE_RSA_WITH_AES_128_CBC_SHA, TLS_DHE_DSS_WITH_AES_128_CBC_SHA, TLS_ECDHE_ECDSA_WITH_3DES_EDE_CBC_SHA, TLS_ECDHE_RSA_WITH_3DES_EDE_CBC_SHA, SSL_RSA_WITH_3DES_EDE_CBC_SHA, TLS_ECDH_ECDSA_WITH_3DES_EDE_CBC_SHA, TLS_ECDH_RSA_WITH_3DES_EDE_CBC_SHA, SSL_DHE_RSA_WITH_3DES_EDE_CBC_SHA, SSL_DHE_DSS_WITH_3DES_EDE_CBC_SHA, TLS_ECDHE_ECDSA_WITH_RC4_128_SHA, TLS_ECDHE_RSA_WITH_RC4_128_SHA, SSL_RSA_WITH_RC4_128_SHA, TLS_ECDH_ECDSA_WITH_RC4_128_SHA, TLS_ECDH_RSA_WITH_RC4_128_SHA, SSL_RSA_WITH_RC4_128_MD5, TLS_EMPTY_RENEGOTIATION_INFO_SCSV]
02:36:38.111 [Test worker] DEBUG o.a.h.c.s.SSLConnectionSocketFactory - Starting handshake
02:36:38.185 [Test worker] DEBUG o.a.h.c.s.SSLConnectionSocketFactory - Secure session established
02:36:38.185 [Test worker] DEBUG o.a.h.c.s.SSLConnectionSocketFactory -  negotiated protocol: TLSv1
02:36:38.185 [Test worker] DEBUG o.a.h.c.s.SSLConnectionSocketFactory -  negotiated cipher suite: TLS_ECDHE_RSA_WITH_AES_128_CBC_SHA
02:36:38.185 [Test worker] DEBUG o.a.h.c.s.SSLConnectionSocketFactory -  peer principal: CN=Thesis
02:36:38.185 [Test worker] DEBUG o.a.h.c.s.SSLConnectionSocketFactory -  issuer principal: EMAILADDRESS=sha@yamil.com, CN=Thesis, OU=Open, O=Fra, L=BER, ST=BER, C=DE
02:36:38.186 [Test worker] DEBUG o.a.h.i.c.DefaultHttpClientConnectionOperator - Connection established 127.0.0.1:41658<->127.0.1.1:2376
02:36:38.186 [Test worker] DEBUG o.a.h.impl.execchain.MainClientExec - Executing request POST /containers/create?name=MyContainer HTTP/1.1
02:36:38.186 [Test worker] DEBUG o.a.h.impl.execchain.MainClientExec - Target auth state: UNCHALLENGED
02:36:38.186 [Test worker] DEBUG o.a.h.impl.execchain.MainClientExec - Proxy auth state: UNCHALLENGED
02:36:38.186 [Test worker] DEBUG org.apache.http.headers - http-outgoing-179 >> POST /containers/create?name=MyContainer HTTP/1.1
02:36:38.186 [Test worker] DEBUG org.apache.http.headers - http-outgoing-179 >> Accept: application/json
02:36:38.186 [Test worker] DEBUG org.apache.http.headers - http-outgoing-179 >> Content-Type: application/json
02:36:38.186 [Test worker] DEBUG org.apache.http.headers - http-outgoing-179 >> User-Agent: Jersey/2.23.1 (Apache HttpClient 4.5.1)
02:36:38.186 [Test worker] DEBUG org.apache.http.headers - http-outgoing-179 >> Transfer-Encoding: chunked
02:36:38.186 [Test worker] DEBUG org.apache.http.headers - http-outgoing-179 >> Host: Thesis:2376
02:36:38.186 [Test worker] DEBUG org.apache.http.headers - http-outgoing-179 >> Connection: Keep-Alive
02:36:38.186 [Test worker] DEBUG org.apache.http.headers - http-outgoing-179 >> Accept-Encoding: gzip,deflate
02:36:38.211 [Test worker] DEBUG c.g.d.j.JerseyDockerCmdExecFactory - 17 * Sending client request on thread Test worker
17 > POST https://Thesis:2376/containers/create?name=MyContainer
17 > Accept: application/json
17 > Content-Type: application/json
{"name":"MyContainer","Hostname":"MyContainer","Env":["port=8080","TERM=xterm"],"Cmd":["sleep","99999"],"Image":"ubuntu:14.04","Volumes":{},"ExposedPorts":{"8084/tcp":{}},"HostConfig":{"PortBindings":{"8084/tcp":[{"HostIp":"","HostPort":"8084"}]}}}

02:36:38.211 [Test worker] DEBUG org.apache.http.wire - http-outgoing-179 >> "POST /containers/create?name=MyContainer HTTP/1.1[\r][\n]"
02:36:38.211 [Test worker] DEBUG org.apache.http.wire - http-outgoing-179 >> "Accept: application/json[\r][\n]"
02:36:38.211 [Test worker] DEBUG org.apache.http.wire - http-outgoing-179 >> "Content-Type: application/json[\r][\n]"
02:36:38.211 [Test worker] DEBUG org.apache.http.wire - http-outgoing-179 >> "User-Agent: Jersey/2.23.1 (Apache HttpClient 4.5.1)[\r][\n]"
02:36:38.211 [Test worker] DEBUG org.apache.http.wire - http-outgoing-179 >> "Transfer-Encoding: chunked[\r][\n]"
02:36:38.211 [Test worker] DEBUG org.apache.http.wire - http-outgoing-179 >> "Host: Thesis:2376[\r][\n]"
02:36:38.211 [Test worker] DEBUG org.apache.http.wire - http-outgoing-179 >> "Connection: Keep-Alive[\r][\n]"
02:36:38.211 [Test worker] DEBUG org.apache.http.wire - http-outgoing-179 >> "Accept-Encoding: gzip,deflate[\r][\n]"
02:36:38.211 [Test worker] DEBUG org.apache.http.wire - http-outgoing-179 >> "[\r][\n]"
02:36:38.211 [Test worker] DEBUG org.apache.http.wire - http-outgoing-179 >> "f8[\r][\n]"
02:36:38.212 [Test worker] DEBUG org.apache.http.wire - http-outgoing-179 >> "{"name":"MyContainer","Hostname":"MyContainer","Env":["port=8080","TERM=xterm"],"Cmd":["sleep","99999"],"Image":"ubuntu:14.04","Volumes":{},"ExposedPorts":{"8084/tcp":{}},"HostConfig":{"PortBindings":{"8084/tcp":[{"HostIp":"","HostPort":"8084"}]}}}[\r][\n]"
02:36:38.212 [Test worker] DEBUG org.apache.http.wire - http-outgoing-179 >> "0[\r][\n]"
02:36:38.212 [Test worker] DEBUG org.apache.http.wire - http-outgoing-179 >> "[\r][\n]"
02:36:38.232 [Test worker] DEBUG org.apache.http.wire - http-outgoing-179 << "H"
02:36:38.232 [Test worker] DEBUG org.apache.http.wire - http-outgoing-179 << "TTP/1.1 201 Created[\r][\n]"
02:36:38.232 [Test worker] DEBUG org.apache.http.wire - http-outgoing-179 << "Content-Type: application/json[\r][\n]"
02:36:38.232 [Test worker] DEBUG org.apache.http.wire - http-outgoing-179 << "Server: Docker/1.12.3 (linux)[\r][\n]"
02:36:38.232 [Test worker] DEBUG org.apache.http.wire - http-outgoing-179 << "Date: Tue, 03 Jan 2017 01:36:38 GMT[\r][\n]"
02:36:38.232 [Test worker] DEBUG org.apache.http.wire - http-outgoing-179 << "Content-Length: 90[\r][\n]"
02:36:38.232 [Test worker] DEBUG org.apache.http.wire - http-outgoing-179 << "[\r][\n]"
02:36:38.232 [Test worker] DEBUG org.apache.http.wire - http-outgoing-179 << "{"Id":"a87e12af34d47622ccc8018ba2290e698dcb75543c25fe3ca367ca002095e953","Warnings":null}[\n]"
02:36:38.232 [Test worker] DEBUG org.apache.http.headers - http-outgoing-179 << HTTP/1.1 201 Created
02:36:38.232 [Test worker] DEBUG org.apache.http.headers - http-outgoing-179 << Content-Type: application/json
02:36:38.232 [Test worker] DEBUG org.apache.http.headers - http-outgoing-179 << Server: Docker/1.12.3 (linux)
02:36:38.232 [Test worker] DEBUG org.apache.http.headers - http-outgoing-179 << Date: Tue, 03 Jan 2017 01:36:38 GMT
02:36:38.232 [Test worker] DEBUG org.apache.http.headers - http-outgoing-179 << Content-Length: 90
02:36:38.232 [Test worker] DEBUG o.a.h.impl.execchain.MainClientExec - Connection can be kept alive indefinitely
02:36:38.233 [Test worker] DEBUG c.g.d.j.JerseyDockerCmdExecFactory - 18 * Client response received on thread Test worker
18 < 201
18 < Content-Length: 90
18 < Content-Type: application/json
18 < Date: Tue, 03 Jan 2017 01:36:38 GMT
18 < Server: Docker/1.12.3 (linux)
{"Id":"a87e12af34d47622ccc8018ba2290e698dcb75543c25fe3ca367ca002095e953","Warnings":null}


02:36:38.233 [Test worker] DEBUG o.a.h.i.c.DefaultManagedHttpClientConnection - http-outgoing-179: Close connection
02:36:38.234 [Test worker] DEBUG o.a.h.impl.execchain.MainClientExec - Connection discarded
02:36:38.234 [Test worker] DEBUG c.g.d.j.JerseyDockerCmdExecFactory$1 - Connection released: [id: 179][route: {s}->https://Thesis:2376][total kept alive: 1; route allocated: 1 of 2; total allocated: 1 of 20]
02:36:38.234 [Test worker] DEBUG org.openbaton.docker.DockerVim - Instance created successfully
02:36:38.234 [Test worker] DEBUG c.g.d.core.command.AbstrDockerCmd - Cmd: a87e12af34d47622ccc8018ba2290e698dcb75543c25fe3ca367ca002095e953,com.github.dockerjava.jaxrs.StartContainerCmdExec@42b33a25
02:36:38.234 [Test worker] DEBUG c.g.d.j.JerseyDockerCmdExecFactory - 19 * Sending client request on thread Test worker
19 > POST https://Thesis:2376/containers/a87e12af34d47622ccc8018ba2290e698dcb75543c25fe3ca367ca002095e953/start
19 > Accept: application/json

02:36:38.235 [Test worker] DEBUG o.a.h.c.protocol.RequestAddCookies - CookieSpec selected: default
02:36:38.235 [Test worker] DEBUG o.a.h.c.protocol.RequestAuthCache - Auth cache not set in the context
02:36:38.235 [Test worker] DEBUG c.g.d.j.JerseyDockerCmdExecFactory$1 - Connection request: [route: {s}->https://Thesis:2376][total kept alive: 1; route allocated: 1 of 2; total allocated: 1 of 20]
02:36:38.235 [Test worker] DEBUG c.g.d.j.JerseyDockerCmdExecFactory$1 - Connection leased: [id: 180][route: {s}->https://Thesis:2376][total kept alive: 1; route allocated: 2 of 2; total allocated: 2 of 20]
02:36:38.235 [Test worker] DEBUG o.a.h.impl.execchain.MainClientExec - Opening connection {s}->https://Thesis:2376
02:36:38.235 [Test worker] DEBUG o.a.h.i.c.DefaultHttpClientConnectionOperator - Connecting to Thesis/127.0.1.1:2376
02:36:38.235 [Test worker] DEBUG o.a.h.c.s.SSLConnectionSocketFactory - Connecting socket to Thesis/127.0.1.1:2376 with timeout 0
02:36:38.236 [Test worker] DEBUG o.a.h.c.s.SSLConnectionSocketFactory - Enabled protocols: [TLSv1]
02:36:38.236 [Test worker] DEBUG o.a.h.c.s.SSLConnectionSocketFactory - Enabled cipher suites:[TLS_ECDHE_ECDSA_WITH_AES_128_CBC_SHA, TLS_ECDHE_RSA_WITH_AES_128_CBC_SHA, TLS_RSA_WITH_AES_128_CBC_SHA, TLS_ECDH_ECDSA_WITH_AES_128_CBC_SHA, TLS_ECDH_RSA_WITH_AES_128_CBC_SHA, TLS_DHE_RSA_WITH_AES_128_CBC_SHA, TLS_DHE_DSS_WITH_AES_128_CBC_SHA, TLS_ECDHE_ECDSA_WITH_3DES_EDE_CBC_SHA, TLS_ECDHE_RSA_WITH_3DES_EDE_CBC_SHA, SSL_RSA_WITH_3DES_EDE_CBC_SHA, TLS_ECDH_ECDSA_WITH_3DES_EDE_CBC_SHA, TLS_ECDH_RSA_WITH_3DES_EDE_CBC_SHA, SSL_DHE_RSA_WITH_3DES_EDE_CBC_SHA, SSL_DHE_DSS_WITH_3DES_EDE_CBC_SHA, TLS_ECDHE_ECDSA_WITH_RC4_128_SHA, TLS_ECDHE_RSA_WITH_RC4_128_SHA, SSL_RSA_WITH_RC4_128_SHA, TLS_ECDH_ECDSA_WITH_RC4_128_SHA, TLS_ECDH_RSA_WITH_RC4_128_SHA, SSL_RSA_WITH_RC4_128_MD5, TLS_EMPTY_RENEGOTIATION_INFO_SCSV]
02:36:38.236 [Test worker] DEBUG o.a.h.c.s.SSLConnectionSocketFactory - Starting handshake
02:36:38.294 [Test worker] DEBUG o.a.h.c.s.SSLConnectionSocketFactory - Secure session established
02:36:38.295 [Test worker] DEBUG o.a.h.c.s.SSLConnectionSocketFactory -  negotiated protocol: TLSv1
02:36:38.295 [Test worker] DEBUG o.a.h.c.s.SSLConnectionSocketFactory -  negotiated cipher suite: TLS_ECDHE_RSA_WITH_AES_128_CBC_SHA
02:36:38.295 [Test worker] DEBUG o.a.h.c.s.SSLConnectionSocketFactory -  peer principal: CN=Thesis
02:36:38.295 [Test worker] DEBUG o.a.h.c.s.SSLConnectionSocketFactory -  issuer principal: EMAILADDRESS=sha@yamil.com, CN=Thesis, OU=Open, O=Fra, L=BER, ST=BER, C=DE
02:36:38.295 [Test worker] DEBUG o.a.h.i.c.DefaultHttpClientConnectionOperator - Connection established 127.0.0.1:41660<->127.0.1.1:2376
02:36:38.295 [Test worker] DEBUG o.a.h.impl.execchain.MainClientExec - Executing request POST /containers/a87e12af34d47622ccc8018ba2290e698dcb75543c25fe3ca367ca002095e953/start HTTP/1.1
02:36:38.295 [Test worker] DEBUG o.a.h.impl.execchain.MainClientExec - Target auth state: UNCHALLENGED
02:36:38.295 [Test worker] DEBUG o.a.h.impl.execchain.MainClientExec - Proxy auth state: UNCHALLENGED
02:36:38.295 [Test worker] DEBUG org.apache.http.headers - http-outgoing-180 >> POST /containers/a87e12af34d47622ccc8018ba2290e698dcb75543c25fe3ca367ca002095e953/start HTTP/1.1
02:36:38.295 [Test worker] DEBUG org.apache.http.headers - http-outgoing-180 >> Accept: application/json
02:36:38.295 [Test worker] DEBUG org.apache.http.headers - http-outgoing-180 >> User-Agent: Jersey/2.23.1 (Apache HttpClient 4.5.1)
02:36:38.295 [Test worker] DEBUG org.apache.http.headers - http-outgoing-180 >> Host: Thesis:2376
02:36:38.295 [Test worker] DEBUG org.apache.http.headers - http-outgoing-180 >> Connection: Keep-Alive
02:36:38.296 [Test worker] DEBUG org.apache.http.headers - http-outgoing-180 >> Accept-Encoding: gzip,deflate
02:36:38.296 [Test worker] DEBUG org.apache.http.wire - http-outgoing-180 >> "POST /containers/a87e12af34d47622ccc8018ba2290e698dcb75543c25fe3ca367ca002095e953/start HTTP/1.1[\r][\n]"
02:36:38.296 [Test worker] DEBUG org.apache.http.wire - http-outgoing-180 >> "Accept: application/json[\r][\n]"
02:36:38.296 [Test worker] DEBUG org.apache.http.wire - http-outgoing-180 >> "User-Agent: Jersey/2.23.1 (Apache HttpClient 4.5.1)[\r][\n]"
02:36:38.296 [Test worker] DEBUG org.apache.http.wire - http-outgoing-180 >> "Host: Thesis:2376[\r][\n]"
02:36:38.296 [Test worker] DEBUG org.apache.http.wire - http-outgoing-180 >> "Connection: Keep-Alive[\r][\n]"
02:36:38.296 [Test worker] DEBUG org.apache.http.wire - http-outgoing-180 >> "Accept-Encoding: gzip,deflate[\r][\n]"
02:36:38.296 [Test worker] DEBUG org.apache.http.wire - http-outgoing-180 >> "[\r][\n]"
02:36:38.486 [Test worker] DEBUG org.apache.http.wire - http-outgoing-180 << "H"
02:36:38.486 [Test worker] DEBUG org.apache.http.wire - http-outgoing-180 << "TTP/1.1 204 No Content[\r][\n]"
02:36:38.486 [Test worker] DEBUG org.apache.http.wire - http-outgoing-180 << "Server: Docker/1.12.3 (linux)[\r][\n]"
02:36:38.486 [Test worker] DEBUG org.apache.http.wire - http-outgoing-180 << "Date: Tue, 03 Jan 2017 01:36:38 GMT[\r][\n]"
02:36:38.486 [Test worker] DEBUG org.apache.http.wire - http-outgoing-180 << "[\r][\n]"
02:36:38.486 [Test worker] DEBUG org.apache.http.headers - http-outgoing-180 << HTTP/1.1 204 No Content
02:36:38.486 [Test worker] DEBUG org.apache.http.headers - http-outgoing-180 << Server: Docker/1.12.3 (linux)
02:36:38.486 [Test worker] DEBUG org.apache.http.headers - http-outgoing-180 << Date: Tue, 03 Jan 2017 01:36:38 GMT
02:36:38.486 [Test worker] DEBUG o.a.h.impl.execchain.MainClientExec - Connection can be kept alive indefinitely
02:36:38.487 [Test worker] DEBUG c.g.d.j.JerseyDockerCmdExecFactory$1 - Connection [id: 180][route: {s}->https://Thesis:2376][state: CN=Thesis] can be kept alive indefinitely
02:36:38.487 [Test worker] DEBUG c.g.d.j.JerseyDockerCmdExecFactory$1 - Connection released: [id: 180][route: {s}->https://Thesis:2376][state: CN=Thesis][total kept alive: 2; route allocated: 2 of 2; total allocated: 2 of 20]
02:36:38.487 [Test worker] DEBUG c.g.d.j.JerseyDockerCmdExecFactory - 20 * Client response received on thread Test worker
20 < 204
20 < Date: Tue, 03 Jan 2017 01:36:38 GMT
20 < Server: Docker/1.12.3 (linux)

02:36:38.487 [Test worker] DEBUG c.g.d.core.command.AbstrDockerCmd - Cmd: ListImagesCmdImpl[imageNameFilter=<null>,showAll=true,filters=com.github.dockerjava.core.util.FiltersBuilder@0,execution=com.github.dockerjava.jaxrs.ListImagesCmdExec@17d64748]
02:36:38.487 [Test worker] DEBUG c.g.d.j.JerseyDockerCmdExecFactory - 21 * Sending client request on thread Test worker
21 > GET https://Thesis:2376/images/json?all=true
21 > Accept: application/json

02:36:38.487 [Test worker] DEBUG o.a.h.c.protocol.RequestAddCookies - CookieSpec selected: default
02:36:38.488 [Test worker] DEBUG o.a.h.c.protocol.RequestAuthCache - Auth cache not set in the context
02:36:38.488 [Test worker] DEBUG c.g.d.j.JerseyDockerCmdExecFactory$1 - Connection request: [route: {s}->https://Thesis:2376][total kept alive: 2; route allocated: 2 of 2; total allocated: 2 of 20]
02:36:38.488 [Test worker] DEBUG o.a.h.i.c.DefaultManagedHttpClientConnection - http-outgoing-171: Close connection
02:36:38.488 [Test worker] DEBUG c.g.d.j.JerseyDockerCmdExecFactory$1 - Connection leased: [id: 181][route: {s}->https://Thesis:2376][total kept alive: 1; route allocated: 2 of 2; total allocated: 2 of 20]
02:36:38.488 [Test worker] DEBUG o.a.h.impl.execchain.MainClientExec - Opening connection {s}->https://Thesis:2376
02:36:38.488 [Test worker] DEBUG o.a.h.i.c.DefaultHttpClientConnectionOperator - Connecting to Thesis/127.0.1.1:2376
02:36:38.488 [Test worker] DEBUG o.a.h.c.s.SSLConnectionSocketFactory - Connecting socket to Thesis/127.0.1.1:2376 with timeout 0
02:36:38.492 [Test worker] DEBUG o.a.h.c.s.SSLConnectionSocketFactory - Enabled protocols: [TLSv1]
02:36:38.493 [Test worker] DEBUG o.a.h.c.s.SSLConnectionSocketFactory - Enabled cipher suites:[TLS_ECDHE_ECDSA_WITH_AES_128_CBC_SHA, TLS_ECDHE_RSA_WITH_AES_128_CBC_SHA, TLS_RSA_WITH_AES_128_CBC_SHA, TLS_ECDH_ECDSA_WITH_AES_128_CBC_SHA, TLS_ECDH_RSA_WITH_AES_128_CBC_SHA, TLS_DHE_RSA_WITH_AES_128_CBC_SHA, TLS_DHE_DSS_WITH_AES_128_CBC_SHA, TLS_ECDHE_ECDSA_WITH_3DES_EDE_CBC_SHA, TLS_ECDHE_RSA_WITH_3DES_EDE_CBC_SHA, SSL_RSA_WITH_3DES_EDE_CBC_SHA, TLS_ECDH_ECDSA_WITH_3DES_EDE_CBC_SHA, TLS_ECDH_RSA_WITH_3DES_EDE_CBC_SHA, SSL_DHE_RSA_WITH_3DES_EDE_CBC_SHA, SSL_DHE_DSS_WITH_3DES_EDE_CBC_SHA, TLS_ECDHE_ECDSA_WITH_RC4_128_SHA, TLS_ECDHE_RSA_WITH_RC4_128_SHA, SSL_RSA_WITH_RC4_128_SHA, TLS_ECDH_ECDSA_WITH_RC4_128_SHA, TLS_ECDH_RSA_WITH_RC4_128_SHA, SSL_RSA_WITH_RC4_128_MD5, TLS_EMPTY_RENEGOTIATION_INFO_SCSV]
02:36:38.493 [Test worker] DEBUG o.a.h.c.s.SSLConnectionSocketFactory - Starting handshake
02:36:38.555 [Test worker] DEBUG o.a.h.c.s.SSLConnectionSocketFactory - Secure session established
02:36:38.555 [Test worker] DEBUG o.a.h.c.s.SSLConnectionSocketFactory -  negotiated protocol: TLSv1
02:36:38.555 [Test worker] DEBUG o.a.h.c.s.SSLConnectionSocketFactory -  negotiated cipher suite: TLS_ECDHE_RSA_WITH_AES_128_CBC_SHA
02:36:38.555 [Test worker] DEBUG o.a.h.c.s.SSLConnectionSocketFactory -  peer principal: CN=Thesis
02:36:38.555 [Test worker] DEBUG o.a.h.c.s.SSLConnectionSocketFactory -  issuer principal: EMAILADDRESS=sha@yamil.com, CN=Thesis, OU=Open, O=Fra, L=BER, ST=BER, C=DE
02:36:38.555 [Test worker] DEBUG o.a.h.i.c.DefaultHttpClientConnectionOperator - Connection established 127.0.0.1:41662<->127.0.1.1:2376
02:36:38.555 [Test worker] DEBUG o.a.h.impl.execchain.MainClientExec - Executing request GET /images/json?all=true HTTP/1.1
02:36:38.555 [Test worker] DEBUG o.a.h.impl.execchain.MainClientExec - Target auth state: UNCHALLENGED
02:36:38.555 [Test worker] DEBUG o.a.h.impl.execchain.MainClientExec - Proxy auth state: UNCHALLENGED
02:36:38.555 [Test worker] DEBUG org.apache.http.headers - http-outgoing-181 >> GET /images/json?all=true HTTP/1.1
02:36:38.556 [Test worker] DEBUG org.apache.http.headers - http-outgoing-181 >> Accept: application/json
02:36:38.556 [Test worker] DEBUG org.apache.http.headers - http-outgoing-181 >> User-Agent: Jersey/2.23.1 (Apache HttpClient 4.5.1)
02:36:38.556 [Test worker] DEBUG org.apache.http.headers - http-outgoing-181 >> Host: Thesis:2376
02:36:38.556 [Test worker] DEBUG org.apache.http.headers - http-outgoing-181 >> Connection: Keep-Alive
02:36:38.556 [Test worker] DEBUG org.apache.http.headers - http-outgoing-181 >> Accept-Encoding: gzip,deflate
02:36:38.556 [Test worker] DEBUG org.apache.http.wire - http-outgoing-181 >> "GET /images/json?all=true HTTP/1.1[\r][\n]"
02:36:38.556 [Test worker] DEBUG org.apache.http.wire - http-outgoing-181 >> "Accept: application/json[\r][\n]"
02:36:38.556 [Test worker] DEBUG org.apache.http.wire - http-outgoing-181 >> "User-Agent: Jersey/2.23.1 (Apache HttpClient 4.5.1)[\r][\n]"
02:36:38.556 [Test worker] DEBUG org.apache.http.wire - http-outgoing-181 >> "Host: Thesis:2376[\r][\n]"
02:36:38.556 [Test worker] DEBUG org.apache.http.wire - http-outgoing-181 >> "Connection: Keep-Alive[\r][\n]"
02:36:38.556 [Test worker] DEBUG org.apache.http.wire - http-outgoing-181 >> "Accept-Encoding: gzip,deflate[\r][\n]"
02:36:38.556 [Test worker] DEBUG org.apache.http.wire - http-outgoing-181 >> "[\r][\n]"
02:36:38.557 [Test worker] DEBUG org.apache.http.wire - http-outgoing-181 << "H"
02:36:38.557 [Test worker] DEBUG org.apache.http.wire - http-outgoing-181 << "TTP/1.1 200 OK[\r][\n]"
02:36:38.557 [Test worker] DEBUG org.apache.http.wire - http-outgoing-181 << "Content-Type: application/json[\r][\n]"
02:36:38.557 [Test worker] DEBUG org.apache.http.wire - http-outgoing-181 << "Server: Docker/1.12.3 (linux)[\r][\n]"
02:36:38.557 [Test worker] DEBUG org.apache.http.wire - http-outgoing-181 << "Date: Tue, 03 Jan 2017 01:36:38 GMT[\r][\n]"
02:36:38.558 [Test worker] DEBUG org.apache.http.wire - http-outgoing-181 << "Content-Length: 1195[\r][\n]"
02:36:38.558 [Test worker] DEBUG org.apache.http.wire - http-outgoing-181 << "[\r][\n]"
02:36:38.558 [Test worker] DEBUG org.apache.http.wire - http-outgoing-181 << "[{"Id":"sha256:4ca3a192ff2a5b7e225e81dc006b6379c10776ed3619757a65608cb72de0a7f6","ParentId":"","RepoTags":["ubuntu:latest"],"RepoDigests":["ubuntu@sha256:3b64c309deae7ab0f7dbdd42b6b326261ccd6261da5d88396439353162703fb5"],"Created":1480449877,"Size":128206574,"VirtualSize":128206574,"Labels":{}},{"Id":"sha256:aae2b63c49461fcae4962e4a8043f66acf8e3af7e62f5ebceb70b181d8ca01e0","ParentId":"","RepoTags":["ubuntu:14.04"],"RepoDigests":["ubuntu@sha256:edb984703bd3e8981ff541a5b9297ca1b81fde6e6e8094d86e390a38ebc30b4d"],"Created":1480449856,"Size":187952254,"VirtualSize":187952254,"Labels":{}},{"Id":"sha256:e02e811dd08fd49e7f6032625495118e63f597eb150403d02e3238af1df240ba","ParentId":"","RepoTags":["busybox:latest"],"RepoDigests":["busybox@sha256:29f5d56d12684887bdfa50dcd29fc31eea4aaf4ad3bec43daf19026a7ce69912"],"Created":1475874238,"Size":1093484,"VirtualSize":1093484,"Labels":{}},{"Id":"sha256:d654de4499473ed41349b54a988b6f46a7fc92e3fa2d61e102bf2660a0116e25","ParentId":"","RepoTags":["sakib37/iperf3:latest"],"RepoDigests":["sakib37/iperf3@sha256:8d80a810f8f508c074b14d02555f20110eac382c8dbda7252075392983629d40"],"Created":1474907599,"Size":199456654,"VirtualSize":199456654,"Labels":{}}][\n]"
02:36:38.558 [Test worker] DEBUG org.apache.http.headers - http-outgoing-181 << HTTP/1.1 200 OK
02:36:38.558 [Test worker] DEBUG org.apache.http.headers - http-outgoing-181 << Content-Type: application/json
02:36:38.558 [Test worker] DEBUG org.apache.http.headers - http-outgoing-181 << Server: Docker/1.12.3 (linux)
02:36:38.558 [Test worker] DEBUG org.apache.http.headers - http-outgoing-181 << Date: Tue, 03 Jan 2017 01:36:38 GMT
02:36:38.558 [Test worker] DEBUG org.apache.http.headers - http-outgoing-181 << Content-Length: 1195
02:36:38.558 [Test worker] DEBUG o.a.h.impl.execchain.MainClientExec - Connection can be kept alive indefinitely
02:36:38.558 [Test worker] DEBUG c.g.d.j.JerseyDockerCmdExecFactory - 22 * Client response received on thread Test worker
22 < 200
22 < Content-Length: 1195
22 < Content-Type: application/json
22 < Date: Tue, 03 Jan 2017 01:36:38 GMT
22 < Server: Docker/1.12.3 (linux)
[{"Id":"sha256:4ca3a192ff2a5b7e225e81dc006b6379c10776ed3619757a65608cb72de0a7f6","ParentId":"","RepoTags":["ubuntu:latest"],"RepoDigests":["ubuntu@sha256:3b64c309deae7ab0f7dbdd42b6b326261ccd6261da5d88396439353162703fb5"],"Created":1480449877,"Size":128206574,"VirtualSize":128206574,"Labels":{}},{"Id":"sha256:aae2b63c49461fcae4962e4a8043f66acf8e3af7e62f5ebceb70b181d8ca01e0","ParentId":"","RepoTags":["ubuntu:14.04"],"RepoDigests":["ubuntu@sha256:edb984703bd3e8981ff541a5b9297ca1b81fde6e6e8094d86e390a38ebc30b4d"],"Created":1480449856,"Size":187952254,"VirtualSize":187952254,"Labels":{}},{"Id":"sha256:e02e811dd08fd49e7f6032625495118e63f597eb150403d02e3238af1df240ba","ParentId":"","RepoTags":["busybox:latest"],"RepoDigests":["busybox@sha256:29f5d56d12684887bdfa50dcd29fc31eea4aaf4ad3bec43daf19026a7ce69912"],"Created":1475874238,"Size":1093484,"VirtualSize":1093484,"Labels":{}},{"Id":"sha256:d654de4499473ed41349b54a988b6f46a7fc92e3fa2d61e102bf2660a0116e25","ParentId":"","RepoTags":["sakib37/iperf3:latest"],"RepoDigests":["sakib37/iperf3@sha256:8d80a810f8f508c074b14d02555f20110eac382c8dbda7252075392983629d40"],"Created":1474907599,"Size":199456654,"VirtualSize":199456654,"Labels":{}}]


02:36:38.559 [Test worker] DEBUG o.a.h.i.c.DefaultManagedHttpClientConnection - http-outgoing-181: Close connection
02:36:38.559 [Test worker] DEBUG o.a.h.impl.execchain.MainClientExec - Connection discarded
02:36:38.559 [Test worker] DEBUG c.g.d.j.JerseyDockerCmdExecFactory$1 - Connection released: [id: 181][route: {s}->https://Thesis:2376][total kept alive: 1; route allocated: 1 of 2; total allocated: 1 of 20]
02:36:38.559 [Test worker] DEBUG org.openbaton.docker.DockerVim - Found a docker image, transformed into a NFV Image Image{id='sha256:aae2b63c49461fcae4962e4a8043f66acf8e3af7e62f5ebceb70b181d8ca01e0', name='ubuntu:14.04', version=0, extId='null', minRam='0', minDiskSpace='0', minCPU='null', public='true', diskFormat='null', containerFormat='docker', created='Sun Jan 18 04:14:09 CET 1970', updated='null'}
02:36:38.560 [Test worker] DEBUG c.g.d.core.command.AbstrDockerCmd - Cmd: ListImagesCmdImpl[imageNameFilter=<null>,showAll=true,filters=com.github.dockerjava.core.util.FiltersBuilder@0,execution=com.github.dockerjava.jaxrs.ListImagesCmdExec@3301b608]
02:36:38.561 [Test worker] DEBUG c.g.d.j.JerseyDockerCmdExecFactory - 23 * Sending client request on thread Test worker
23 > GET https://Thesis:2376/images/json?all=true
23 > Accept: application/json

02:36:38.561 [Test worker] DEBUG o.a.h.c.protocol.RequestAddCookies - CookieSpec selected: default
02:36:38.561 [Test worker] DEBUG o.a.h.c.protocol.RequestAuthCache - Auth cache not set in the context
02:36:38.561 [Test worker] DEBUG c.g.d.j.JerseyDockerCmdExecFactory$1 - Connection request: [route: {s}->https://Thesis:2376][total kept alive: 1; route allocated: 1 of 2; total allocated: 1 of 20]
02:36:38.561 [Test worker] DEBUG c.g.d.j.JerseyDockerCmdExecFactory$1 - Connection leased: [id: 182][route: {s}->https://Thesis:2376][total kept alive: 1; route allocated: 2 of 2; total allocated: 2 of 20]
02:36:38.561 [Test worker] DEBUG o.a.h.impl.execchain.MainClientExec - Opening connection {s}->https://Thesis:2376
02:36:38.562 [Test worker] DEBUG o.a.h.i.c.DefaultHttpClientConnectionOperator - Connecting to Thesis/127.0.1.1:2376
02:36:38.562 [Test worker] DEBUG o.a.h.c.s.SSLConnectionSocketFactory - Connecting socket to Thesis/127.0.1.1:2376 with timeout 0
02:36:38.562 [Test worker] DEBUG o.a.h.c.s.SSLConnectionSocketFactory - Enabled protocols: [TLSv1]
02:36:38.563 [Test worker] DEBUG o.a.h.c.s.SSLConnectionSocketFactory - Enabled cipher suites:[TLS_ECDHE_ECDSA_WITH_AES_128_CBC_SHA, TLS_ECDHE_RSA_WITH_AES_128_CBC_SHA, TLS_RSA_WITH_AES_128_CBC_SHA, TLS_ECDH_ECDSA_WITH_AES_128_CBC_SHA, TLS_ECDH_RSA_WITH_AES_128_CBC_SHA, TLS_DHE_RSA_WITH_AES_128_CBC_SHA, TLS_DHE_DSS_WITH_AES_128_CBC_SHA, TLS_ECDHE_ECDSA_WITH_3DES_EDE_CBC_SHA, TLS_ECDHE_RSA_WITH_3DES_EDE_CBC_SHA, SSL_RSA_WITH_3DES_EDE_CBC_SHA, TLS_ECDH_ECDSA_WITH_3DES_EDE_CBC_SHA, TLS_ECDH_RSA_WITH_3DES_EDE_CBC_SHA, SSL_DHE_RSA_WITH_3DES_EDE_CBC_SHA, SSL_DHE_DSS_WITH_3DES_EDE_CBC_SHA, TLS_ECDHE_ECDSA_WITH_RC4_128_SHA, TLS_ECDHE_RSA_WITH_RC4_128_SHA, SSL_RSA_WITH_RC4_128_SHA, TLS_ECDH_ECDSA_WITH_RC4_128_SHA, TLS_ECDH_RSA_WITH_RC4_128_SHA, SSL_RSA_WITH_RC4_128_MD5, TLS_EMPTY_RENEGOTIATION_INFO_SCSV]
02:36:38.563 [Test worker] DEBUG o.a.h.c.s.SSLConnectionSocketFactory - Starting handshake
02:36:38.627 [Test worker] DEBUG o.a.h.c.s.SSLConnectionSocketFactory - Secure session established
02:36:38.627 [Test worker] DEBUG o.a.h.c.s.SSLConnectionSocketFactory -  negotiated protocol: TLSv1
02:36:38.627 [Test worker] DEBUG o.a.h.c.s.SSLConnectionSocketFactory -  negotiated cipher suite: TLS_ECDHE_RSA_WITH_AES_128_CBC_SHA
02:36:38.627 [Test worker] DEBUG o.a.h.c.s.SSLConnectionSocketFactory -  peer principal: CN=Thesis
02:36:38.627 [Test worker] DEBUG o.a.h.c.s.SSLConnectionSocketFactory -  issuer principal: EMAILADDRESS=sha@yamil.com, CN=Thesis, OU=Open, O=Fra, L=BER, ST=BER, C=DE
02:36:38.627 [Test worker] DEBUG o.a.h.i.c.DefaultHttpClientConnectionOperator - Connection established 127.0.0.1:41664<->127.0.1.1:2376
02:36:38.627 [Test worker] DEBUG o.a.h.impl.execchain.MainClientExec - Executing request GET /images/json?all=true HTTP/1.1
02:36:38.627 [Test worker] DEBUG o.a.h.impl.execchain.MainClientExec - Target auth state: UNCHALLENGED
02:36:38.627 [Test worker] DEBUG o.a.h.impl.execchain.MainClientExec - Proxy auth state: UNCHALLENGED
02:36:38.628 [Test worker] DEBUG org.apache.http.headers - http-outgoing-182 >> GET /images/json?all=true HTTP/1.1
02:36:38.628 [Test worker] DEBUG org.apache.http.headers - http-outgoing-182 >> Accept: application/json
02:36:38.628 [Test worker] DEBUG org.apache.http.headers - http-outgoing-182 >> User-Agent: Jersey/2.23.1 (Apache HttpClient 4.5.1)
02:36:38.628 [Test worker] DEBUG org.apache.http.headers - http-outgoing-182 >> Host: Thesis:2376
02:36:38.628 [Test worker] DEBUG org.apache.http.headers - http-outgoing-182 >> Connection: Keep-Alive
02:36:38.628 [Test worker] DEBUG org.apache.http.headers - http-outgoing-182 >> Accept-Encoding: gzip,deflate
02:36:38.628 [Test worker] DEBUG org.apache.http.wire - http-outgoing-182 >> "GET /images/json?all=true HTTP/1.1[\r][\n]"
02:36:38.628 [Test worker] DEBUG org.apache.http.wire - http-outgoing-182 >> "Accept: application/json[\r][\n]"
02:36:38.628 [Test worker] DEBUG org.apache.http.wire - http-outgoing-182 >> "User-Agent: Jersey/2.23.1 (Apache HttpClient 4.5.1)[\r][\n]"
02:36:38.628 [Test worker] DEBUG org.apache.http.wire - http-outgoing-182 >> "Host: Thesis:2376[\r][\n]"
02:36:38.628 [Test worker] DEBUG org.apache.http.wire - http-outgoing-182 >> "Connection: Keep-Alive[\r][\n]"
02:36:38.628 [Test worker] DEBUG org.apache.http.wire - http-outgoing-182 >> "Accept-Encoding: gzip,deflate[\r][\n]"
02:36:38.628 [Test worker] DEBUG org.apache.http.wire - http-outgoing-182 >> "[\r][\n]"
02:36:38.629 [Test worker] DEBUG org.apache.http.wire - http-outgoing-182 << "H"
02:36:38.629 [Test worker] DEBUG org.apache.http.wire - http-outgoing-182 << "TTP/1.1 200 OK[\r][\n]"
02:36:38.629 [Test worker] DEBUG org.apache.http.wire - http-outgoing-182 << "Content-Type: application/json[\r][\n]"
02:36:38.629 [Test worker] DEBUG org.apache.http.wire - http-outgoing-182 << "Server: Docker/1.12.3 (linux)[\r][\n]"
02:36:38.629 [Test worker] DEBUG org.apache.http.wire - http-outgoing-182 << "Date: Tue, 03 Jan 2017 01:36:38 GMT[\r][\n]"
02:36:38.630 [Test worker] DEBUG org.apache.http.wire - http-outgoing-182 << "Content-Length: 1195[\r][\n]"
02:36:38.630 [Test worker] DEBUG org.apache.http.wire - http-outgoing-182 << "[\r][\n]"
02:36:38.630 [Test worker] DEBUG org.apache.http.wire - http-outgoing-182 << "[{"Id":"sha256:4ca3a192ff2a5b7e225e81dc006b6379c10776ed3619757a65608cb72de0a7f6","ParentId":"","RepoTags":["ubuntu:latest"],"RepoDigests":["ubuntu@sha256:3b64c309deae7ab0f7dbdd42b6b326261ccd6261da5d88396439353162703fb5"],"Created":1480449877,"Size":128206574,"VirtualSize":128206574,"Labels":{}},{"Id":"sha256:aae2b63c49461fcae4962e4a8043f66acf8e3af7e62f5ebceb70b181d8ca01e0","ParentId":"","RepoTags":["ubuntu:14.04"],"RepoDigests":["ubuntu@sha256:edb984703bd3e8981ff541a5b9297ca1b81fde6e6e8094d86e390a38ebc30b4d"],"Created":1480449856,"Size":187952254,"VirtualSize":187952254,"Labels":{}},{"Id":"sha256:e02e811dd08fd49e7f6032625495118e63f597eb150403d02e3238af1df240ba","ParentId":"","RepoTags":["busybox:latest"],"RepoDigests":["busybox@sha256:29f5d56d12684887bdfa50dcd29fc31eea4aaf4ad3bec43daf19026a7ce69912"],"Created":1475874238,"Size":1093484,"VirtualSize":1093484,"Labels":{}},{"Id":"sha256:d654de4499473ed41349b54a988b6f46a7fc92e3fa2d61e102bf2660a0116e25","ParentId":"","RepoTags":["sakib37/iperf3:latest"],"RepoDigests":["sakib37/iperf3@sha256:8d80a810f8f508c074b14d02555f20110eac382c8dbda7252075392983629d40"],"Created":1474907599,"Size":199456654,"VirtualSize":199456654,"Labels":{}}][\n]"
02:36:38.630 [Test worker] DEBUG org.apache.http.headers - http-outgoing-182 << HTTP/1.1 200 OK
02:36:38.630 [Test worker] DEBUG org.apache.http.headers - http-outgoing-182 << Content-Type: application/json
02:36:38.630 [Test worker] DEBUG org.apache.http.headers - http-outgoing-182 << Server: Docker/1.12.3 (linux)
02:36:38.630 [Test worker] DEBUG org.apache.http.headers - http-outgoing-182 << Date: Tue, 03 Jan 2017 01:36:38 GMT
02:36:38.630 [Test worker] DEBUG org.apache.http.headers - http-outgoing-182 << Content-Length: 1195
02:36:38.630 [Test worker] DEBUG o.a.h.impl.execchain.MainClientExec - Connection can be kept alive indefinitely
02:36:38.630 [Test worker] DEBUG c.g.d.j.JerseyDockerCmdExecFactory - 24 * Client response received on thread Test worker
24 < 200
24 < Content-Length: 1195
24 < Content-Type: application/json
24 < Date: Tue, 03 Jan 2017 01:36:38 GMT
24 < Server: Docker/1.12.3 (linux)
[{"Id":"sha256:4ca3a192ff2a5b7e225e81dc006b6379c10776ed3619757a65608cb72de0a7f6","ParentId":"","RepoTags":["ubuntu:latest"],"RepoDigests":["ubuntu@sha256:3b64c309deae7ab0f7dbdd42b6b326261ccd6261da5d88396439353162703fb5"],"Created":1480449877,"Size":128206574,"VirtualSize":128206574,"Labels":{}},{"Id":"sha256:aae2b63c49461fcae4962e4a8043f66acf8e3af7e62f5ebceb70b181d8ca01e0","ParentId":"","RepoTags":["ubuntu:14.04"],"RepoDigests":["ubuntu@sha256:edb984703bd3e8981ff541a5b9297ca1b81fde6e6e8094d86e390a38ebc30b4d"],"Created":1480449856,"Size":187952254,"VirtualSize":187952254,"Labels":{}},{"Id":"sha256:e02e811dd08fd49e7f6032625495118e63f597eb150403d02e3238af1df240ba","ParentId":"","RepoTags":["busybox:latest"],"RepoDigests":["busybox@sha256:29f5d56d12684887bdfa50dcd29fc31eea4aaf4ad3bec43daf19026a7ce69912"],"Created":1475874238,"Size":1093484,"VirtualSize":1093484,"Labels":{}},{"Id":"sha256:d654de4499473ed41349b54a988b6f46a7fc92e3fa2d61e102bf2660a0116e25","ParentId":"","RepoTags":["sakib37/iperf3:latest"],"RepoDigests":["sakib37/iperf3@sha256:8d80a810f8f508c074b14d02555f20110eac382c8dbda7252075392983629d40"],"Created":1474907599,"Size":199456654,"VirtualSize":199456654,"Labels":{}}]


02:36:38.631 [Test worker] DEBUG o.a.h.i.c.DefaultManagedHttpClientConnection - http-outgoing-182: Close connection
02:36:38.631 [Test worker] DEBUG o.a.h.impl.execchain.MainClientExec - Connection discarded
02:36:38.631 [Test worker] DEBUG c.g.d.j.JerseyDockerCmdExecFactory$1 - Connection released: [id: 182][route: {s}->https://Thesis:2376][total kept alive: 1; route allocated: 1 of 2; total allocated: 1 of 20]
02:36:38.631 [Test worker] DEBUG c.g.d.core.command.AbstrDockerCmd - Cmd: com.github.dockerjava.core.command.CreateContainerCmdImpl@193fc2a2[name=MyContainer2,hostName=MyContainer2,domainName=<null>,user=<null>,attachStdin=<null>,attachStdout=<null>,attachStderr=<null>,portSpecs=<null>,tty=<null>,stdinOpen=<null>,stdInOnce=<null>,env={port=8080,TERM=xterm,TERM=xterm},cmd={sleep,99999},entrypoint=<null>,image=ubuntu:14.04,volumes=com.github.dockerjava.api.model.Volumes@290326a1,workingDir=<null>,macAddress=<null>,networkDisabled=<null>,exposedPorts=com.github.dockerjava.api.model.ExposedPorts@ddd2910,stopSignal=<null>,hostConfig=com.github.dockerjava.api.model.HostConfig@32b2e08c[binds=<null>,blkioWeight=<null>,blkioWeightDevice=<null>,blkioDeviceReadBps=<null>,blkioDeviceReadIOps=<null>,blkioDeviceWriteBps=<null>,blkioDeviceWriteIOps=<null>,memorySwappiness=<null>,capAdd=<null>,capDrop=<null>,containerIDFile=<null>,cpuPeriod=<null>,cpuShares=<null>,cpuQuota=<null>,cpusetCpus=<null>,cpusetMems=<null>,devices=<null>,dns=<null>,dnsSearch=<null>,extraHosts=<null>,links=<null>,logConfig=<null>,lxcConf=<null>,memory=<null>,memorySwap=<null>,memoryReservation=<null>,kernelMemory=<null>,networkMode=<null>,oomKillDisable=<null>,oomScoreAdj=<null>,portBindings={8085/tcp=[Lcom.github.dockerjava.api.model.Ports$Binding;@6328d38b},privileged=<null>,publishAllPorts=<null>,readonlyRootfs=<null>,restartPolicy=<null>,ulimits=<null>,volumesFrom=<null>,pidMode=<null>,securityOpts=<null>,cgroupParent=<null>,volumeDriver=<null>,shmSize=<null>],labels=<null>,networkingConfig=<null>,ipv4Address=<null>,ipv6Address=<null>,aliases=<null>,execution=com.github.dockerjava.jaxrs.CreateContainerCmdExec@3cf85245]
02:36:38.633 [Test worker] DEBUG o.a.h.c.protocol.RequestAddCookies - CookieSpec selected: default
02:36:38.633 [Test worker] DEBUG o.a.h.c.protocol.RequestAuthCache - Auth cache not set in the context
02:36:38.633 [Test worker] DEBUG c.g.d.j.JerseyDockerCmdExecFactory$1 - Connection request: [route: {s}->https://Thesis:2376][total kept alive: 1; route allocated: 1 of 2; total allocated: 1 of 20]
02:36:38.634 [Test worker] DEBUG c.g.d.j.JerseyDockerCmdExecFactory$1 - Connection leased: [id: 183][route: {s}->https://Thesis:2376][total kept alive: 1; route allocated: 2 of 2; total allocated: 2 of 20]
02:36:38.634 [Test worker] DEBUG o.a.h.impl.execchain.MainClientExec - Opening connection {s}->https://Thesis:2376
02:36:38.635 [Test worker] DEBUG o.a.h.i.c.DefaultHttpClientConnectionOperator - Connecting to Thesis/127.0.1.1:2376
02:36:38.635 [Test worker] DEBUG o.a.h.c.s.SSLConnectionSocketFactory - Connecting socket to Thesis/127.0.1.1:2376 with timeout 0
02:36:38.635 [Test worker] DEBUG o.a.h.c.s.SSLConnectionSocketFactory - Enabled protocols: [TLSv1]
02:36:38.635 [Test worker] DEBUG o.a.h.c.s.SSLConnectionSocketFactory - Enabled cipher suites:[TLS_ECDHE_ECDSA_WITH_AES_128_CBC_SHA, TLS_ECDHE_RSA_WITH_AES_128_CBC_SHA, TLS_RSA_WITH_AES_128_CBC_SHA, TLS_ECDH_ECDSA_WITH_AES_128_CBC_SHA, TLS_ECDH_RSA_WITH_AES_128_CBC_SHA, TLS_DHE_RSA_WITH_AES_128_CBC_SHA, TLS_DHE_DSS_WITH_AES_128_CBC_SHA, TLS_ECDHE_ECDSA_WITH_3DES_EDE_CBC_SHA, TLS_ECDHE_RSA_WITH_3DES_EDE_CBC_SHA, SSL_RSA_WITH_3DES_EDE_CBC_SHA, TLS_ECDH_ECDSA_WITH_3DES_EDE_CBC_SHA, TLS_ECDH_RSA_WITH_3DES_EDE_CBC_SHA, SSL_DHE_RSA_WITH_3DES_EDE_CBC_SHA, SSL_DHE_DSS_WITH_3DES_EDE_CBC_SHA, TLS_ECDHE_ECDSA_WITH_RC4_128_SHA, TLS_ECDHE_RSA_WITH_RC4_128_SHA, SSL_RSA_WITH_RC4_128_SHA, TLS_ECDH_ECDSA_WITH_RC4_128_SHA, TLS_ECDH_RSA_WITH_RC4_128_SHA, SSL_RSA_WITH_RC4_128_MD5, TLS_EMPTY_RENEGOTIATION_INFO_SCSV]
02:36:38.636 [Test worker] DEBUG o.a.h.c.s.SSLConnectionSocketFactory - Starting handshake
02:36:38.704 [Test worker] DEBUG o.a.h.c.s.SSLConnectionSocketFactory - Secure session established
02:36:38.704 [Test worker] DEBUG o.a.h.c.s.SSLConnectionSocketFactory -  negotiated protocol: TLSv1
02:36:38.704 [Test worker] DEBUG o.a.h.c.s.SSLConnectionSocketFactory -  negotiated cipher suite: TLS_ECDHE_RSA_WITH_AES_128_CBC_SHA
02:36:38.704 [Test worker] DEBUG o.a.h.c.s.SSLConnectionSocketFactory -  peer principal: CN=Thesis
02:36:38.704 [Test worker] DEBUG o.a.h.c.s.SSLConnectionSocketFactory -  issuer principal: EMAILADDRESS=sha@yamil.com, CN=Thesis, OU=Open, O=Fra, L=BER, ST=BER, C=DE
02:36:38.704 [Test worker] DEBUG o.a.h.i.c.DefaultHttpClientConnectionOperator - Connection established 127.0.0.1:41666<->127.0.1.1:2376
02:36:38.704 [Test worker] DEBUG o.a.h.impl.execchain.MainClientExec - Executing request POST /containers/create?name=MyContainer2 HTTP/1.1
02:36:38.704 [Test worker] DEBUG o.a.h.impl.execchain.MainClientExec - Target auth state: UNCHALLENGED
02:36:38.704 [Test worker] DEBUG o.a.h.impl.execchain.MainClientExec - Proxy auth state: UNCHALLENGED
02:36:38.705 [Test worker] DEBUG org.apache.http.headers - http-outgoing-183 >> POST /containers/create?name=MyContainer2 HTTP/1.1
02:36:38.705 [Test worker] DEBUG org.apache.http.headers - http-outgoing-183 >> Accept: application/json
02:36:38.705 [Test worker] DEBUG org.apache.http.headers - http-outgoing-183 >> Content-Type: application/json
02:36:38.705 [Test worker] DEBUG org.apache.http.headers - http-outgoing-183 >> User-Agent: Jersey/2.23.1 (Apache HttpClient 4.5.1)
02:36:38.705 [Test worker] DEBUG org.apache.http.headers - http-outgoing-183 >> Transfer-Encoding: chunked
02:36:38.705 [Test worker] DEBUG org.apache.http.headers - http-outgoing-183 >> Host: Thesis:2376
02:36:38.705 [Test worker] DEBUG org.apache.http.headers - http-outgoing-183 >> Connection: Keep-Alive
02:36:38.705 [Test worker] DEBUG org.apache.http.headers - http-outgoing-183 >> Accept-Encoding: gzip,deflate
02:36:38.705 [Test worker] DEBUG c.g.d.j.JerseyDockerCmdExecFactory - 25 * Sending client request on thread Test worker
25 > POST https://Thesis:2376/containers/create?name=MyContainer2
25 > Accept: application/json
25 > Content-Type: application/json
{"name":"MyContainer2","Hostname":"MyContainer2","Env":["port=8080","TERM=xterm","TERM=xterm"],"Cmd":["sleep","99999"],"Image":"ubuntu:14.04","Volumes":{},"ExposedPorts":{"8085/tcp":{}},"HostConfig":{"PortBindings":{"8085/tcp":[{"HostIp":"","HostPort":"8085"}]}}}

02:36:38.706 [Test worker] DEBUG org.apache.http.wire - http-outgoing-183 >> "POST /containers/create?name=MyContainer2 HTTP/1.1[\r][\n]"
02:36:38.706 [Test worker] DEBUG org.apache.http.wire - http-outgoing-183 >> "Accept: application/json[\r][\n]"
02:36:38.706 [Test worker] DEBUG org.apache.http.wire - http-outgoing-183 >> "Content-Type: application/json[\r][\n]"
02:36:38.706 [Test worker] DEBUG org.apache.http.wire - http-outgoing-183 >> "User-Agent: Jersey/2.23.1 (Apache HttpClient 4.5.1)[\r][\n]"
02:36:38.706 [Test worker] DEBUG org.apache.http.wire - http-outgoing-183 >> "Transfer-Encoding: chunked[\r][\n]"
02:36:38.706 [Test worker] DEBUG org.apache.http.wire - http-outgoing-183 >> "Host: Thesis:2376[\r][\n]"
02:36:38.706 [Test worker] DEBUG org.apache.http.wire - http-outgoing-183 >> "Connection: Keep-Alive[\r][\n]"
02:36:38.706 [Test worker] DEBUG org.apache.http.wire - http-outgoing-183 >> "Accept-Encoding: gzip,deflate[\r][\n]"
02:36:38.706 [Test worker] DEBUG org.apache.http.wire - http-outgoing-183 >> "[\r][\n]"
02:36:38.706 [Test worker] DEBUG org.apache.http.wire - http-outgoing-183 >> "107[\r][\n]"
02:36:38.706 [Test worker] DEBUG org.apache.http.wire - http-outgoing-183 >> "{"name":"MyContainer2","Hostname":"MyContainer2","Env":["port=8080","TERM=xterm","TERM=xterm"],"Cmd":["sleep","99999"],"Image":"ubuntu:14.04","Volumes":{},"ExposedPorts":{"8085/tcp":{}},"HostConfig":{"PortBindings":{"8085/tcp":[{"HostIp":"","HostPort":"8085"}]}}}[\r][\n]"
02:36:38.706 [Test worker] DEBUG org.apache.http.wire - http-outgoing-183 >> "0[\r][\n]"
02:36:38.706 [Test worker] DEBUG org.apache.http.wire - http-outgoing-183 >> "[\r][\n]"
02:36:38.737 [Test worker] DEBUG org.apache.http.wire - http-outgoing-183 << "H"
02:36:38.738 [Test worker] DEBUG org.apache.http.wire - http-outgoing-183 << "TTP/1.1 201 Created[\r][\n]"
02:36:38.738 [Test worker] DEBUG org.apache.http.wire - http-outgoing-183 << "Content-Type: application/json[\r][\n]"
02:36:38.738 [Test worker] DEBUG org.apache.http.wire - http-outgoing-183 << "Server: Docker/1.12.3 (linux)[\r][\n]"
02:36:38.738 [Test worker] DEBUG org.apache.http.wire - http-outgoing-183 << "Date: Tue, 03 Jan 2017 01:36:38 GMT[\r][\n]"
02:36:38.738 [Test worker] DEBUG org.apache.http.wire - http-outgoing-183 << "Content-Length: 90[\r][\n]"
02:36:38.738 [Test worker] DEBUG org.apache.http.wire - http-outgoing-183 << "[\r][\n]"
02:36:38.738 [Test worker] DEBUG org.apache.http.wire - http-outgoing-183 << "{"Id":"890bc9b3536f763020022d3ed4d9ce50e1af116181a8cc0ab7666e5f064e495c","Warnings":null}[\n]"
02:36:38.738 [Test worker] DEBUG org.apache.http.headers - http-outgoing-183 << HTTP/1.1 201 Created
02:36:38.738 [Test worker] DEBUG org.apache.http.headers - http-outgoing-183 << Content-Type: application/json
02:36:38.738 [Test worker] DEBUG org.apache.http.headers - http-outgoing-183 << Server: Docker/1.12.3 (linux)
02:36:38.738 [Test worker] DEBUG org.apache.http.headers - http-outgoing-183 << Date: Tue, 03 Jan 2017 01:36:38 GMT
02:36:38.738 [Test worker] DEBUG org.apache.http.headers - http-outgoing-183 << Content-Length: 90
02:36:38.739 [Test worker] DEBUG o.a.h.impl.execchain.MainClientExec - Connection can be kept alive indefinitely
02:36:38.739 [Test worker] DEBUG c.g.d.j.JerseyDockerCmdExecFactory - 26 * Client response received on thread Test worker
26 < 201
26 < Content-Length: 90
26 < Content-Type: application/json
26 < Date: Tue, 03 Jan 2017 01:36:38 GMT
26 < Server: Docker/1.12.3 (linux)
{"Id":"890bc9b3536f763020022d3ed4d9ce50e1af116181a8cc0ab7666e5f064e495c","Warnings":null}


02:36:38.740 [Test worker] DEBUG o.a.h.i.c.DefaultManagedHttpClientConnection - http-outgoing-183: Close connection
02:36:38.740 [Test worker] DEBUG o.a.h.impl.execchain.MainClientExec - Connection discarded
02:36:38.740 [Test worker] DEBUG c.g.d.j.JerseyDockerCmdExecFactory$1 - Connection released: [id: 183][route: {s}->https://Thesis:2376][total kept alive: 1; route allocated: 1 of 2; total allocated: 1 of 20]
02:36:38.740 [Test worker] DEBUG org.openbaton.docker.DockerVim - Instance created successfully
02:36:38.740 [Test worker] DEBUG c.g.d.core.command.AbstrDockerCmd - Cmd: 890bc9b3536f763020022d3ed4d9ce50e1af116181a8cc0ab7666e5f064e495c,com.github.dockerjava.jaxrs.StartContainerCmdExec@2c99b437
02:36:38.741 [Test worker] DEBUG c.g.d.j.JerseyDockerCmdExecFactory - 27 * Sending client request on thread Test worker
27 > POST https://Thesis:2376/containers/890bc9b3536f763020022d3ed4d9ce50e1af116181a8cc0ab7666e5f064e495c/start
27 > Accept: application/json

02:36:38.741 [Test worker] DEBUG o.a.h.c.protocol.RequestAddCookies - CookieSpec selected: default
02:36:38.741 [Test worker] DEBUG o.a.h.c.protocol.RequestAuthCache - Auth cache not set in the context
02:36:38.741 [Test worker] DEBUG c.g.d.j.JerseyDockerCmdExecFactory$1 - Connection request: [route: {s}->https://Thesis:2376][total kept alive: 1; route allocated: 1 of 2; total allocated: 1 of 20]
02:36:38.742 [Test worker] DEBUG c.g.d.j.JerseyDockerCmdExecFactory$1 - Connection leased: [id: 184][route: {s}->https://Thesis:2376][total kept alive: 1; route allocated: 2 of 2; total allocated: 2 of 20]
02:36:38.742 [Test worker] DEBUG o.a.h.impl.execchain.MainClientExec - Opening connection {s}->https://Thesis:2376
02:36:38.742 [Test worker] DEBUG o.a.h.i.c.DefaultHttpClientConnectionOperator - Connecting to Thesis/127.0.1.1:2376
02:36:38.742 [Test worker] DEBUG o.a.h.c.s.SSLConnectionSocketFactory - Connecting socket to Thesis/127.0.1.1:2376 with timeout 0
02:36:38.743 [Test worker] DEBUG o.a.h.c.s.SSLConnectionSocketFactory - Enabled protocols: [TLSv1]
02:36:38.743 [Test worker] DEBUG o.a.h.c.s.SSLConnectionSocketFactory - Enabled cipher suites:[TLS_ECDHE_ECDSA_WITH_AES_128_CBC_SHA, TLS_ECDHE_RSA_WITH_AES_128_CBC_SHA, TLS_RSA_WITH_AES_128_CBC_SHA, TLS_ECDH_ECDSA_WITH_AES_128_CBC_SHA, TLS_ECDH_RSA_WITH_AES_128_CBC_SHA, TLS_DHE_RSA_WITH_AES_128_CBC_SHA, TLS_DHE_DSS_WITH_AES_128_CBC_SHA, TLS_ECDHE_ECDSA_WITH_3DES_EDE_CBC_SHA, TLS_ECDHE_RSA_WITH_3DES_EDE_CBC_SHA, SSL_RSA_WITH_3DES_EDE_CBC_SHA, TLS_ECDH_ECDSA_WITH_3DES_EDE_CBC_SHA, TLS_ECDH_RSA_WITH_3DES_EDE_CBC_SHA, SSL_DHE_RSA_WITH_3DES_EDE_CBC_SHA, SSL_DHE_DSS_WITH_3DES_EDE_CBC_SHA, TLS_ECDHE_ECDSA_WITH_RC4_128_SHA, TLS_ECDHE_RSA_WITH_RC4_128_SHA, SSL_RSA_WITH_RC4_128_SHA, TLS_ECDH_ECDSA_WITH_RC4_128_SHA, TLS_ECDH_RSA_WITH_RC4_128_SHA, SSL_RSA_WITH_RC4_128_MD5, TLS_EMPTY_RENEGOTIATION_INFO_SCSV]
02:36:38.744 [Test worker] DEBUG o.a.h.c.s.SSLConnectionSocketFactory - Starting handshake
02:36:38.808 [Test worker] DEBUG o.a.h.c.s.SSLConnectionSocketFactory - Secure session established
02:36:38.808 [Test worker] DEBUG o.a.h.c.s.SSLConnectionSocketFactory -  negotiated protocol: TLSv1
02:36:38.808 [Test worker] DEBUG o.a.h.c.s.SSLConnectionSocketFactory -  negotiated cipher suite: TLS_ECDHE_RSA_WITH_AES_128_CBC_SHA
02:36:38.808 [Test worker] DEBUG o.a.h.c.s.SSLConnectionSocketFactory -  peer principal: CN=Thesis
02:36:38.808 [Test worker] DEBUG o.a.h.c.s.SSLConnectionSocketFactory -  issuer principal: EMAILADDRESS=sha@yamil.com, CN=Thesis, OU=Open, O=Fra, L=BER, ST=BER, C=DE
02:36:38.808 [Test worker] DEBUG o.a.h.i.c.DefaultHttpClientConnectionOperator - Connection established 127.0.0.1:41668<->127.0.1.1:2376
02:36:38.808 [Test worker] DEBUG o.a.h.impl.execchain.MainClientExec - Executing request POST /containers/890bc9b3536f763020022d3ed4d9ce50e1af116181a8cc0ab7666e5f064e495c/start HTTP/1.1
02:36:38.808 [Test worker] DEBUG o.a.h.impl.execchain.MainClientExec - Target auth state: UNCHALLENGED
02:36:38.808 [Test worker] DEBUG o.a.h.impl.execchain.MainClientExec - Proxy auth state: UNCHALLENGED
02:36:38.808 [Test worker] DEBUG org.apache.http.headers - http-outgoing-184 >> POST /containers/890bc9b3536f763020022d3ed4d9ce50e1af116181a8cc0ab7666e5f064e495c/start HTTP/1.1
02:36:38.808 [Test worker] DEBUG org.apache.http.headers - http-outgoing-184 >> Accept: application/json
02:36:38.809 [Test worker] DEBUG org.apache.http.headers - http-outgoing-184 >> User-Agent: Jersey/2.23.1 (Apache HttpClient 4.5.1)
02:36:38.809 [Test worker] DEBUG org.apache.http.headers - http-outgoing-184 >> Host: Thesis:2376
02:36:38.809 [Test worker] DEBUG org.apache.http.headers - http-outgoing-184 >> Connection: Keep-Alive
02:36:38.809 [Test worker] DEBUG org.apache.http.headers - http-outgoing-184 >> Accept-Encoding: gzip,deflate
02:36:38.809 [Test worker] DEBUG org.apache.http.wire - http-outgoing-184 >> "POST /containers/890bc9b3536f763020022d3ed4d9ce50e1af116181a8cc0ab7666e5f064e495c/start HTTP/1.1[\r][\n]"
02:36:38.809 [Test worker] DEBUG org.apache.http.wire - http-outgoing-184 >> "Accept: application/json[\r][\n]"
02:36:38.809 [Test worker] DEBUG org.apache.http.wire - http-outgoing-184 >> "User-Agent: Jersey/2.23.1 (Apache HttpClient 4.5.1)[\r][\n]"
02:36:38.809 [Test worker] DEBUG org.apache.http.wire - http-outgoing-184 >> "Host: Thesis:2376[\r][\n]"
02:36:38.809 [Test worker] DEBUG org.apache.http.wire - http-outgoing-184 >> "Connection: Keep-Alive[\r][\n]"
02:36:38.809 [Test worker] DEBUG org.apache.http.wire - http-outgoing-184 >> "Accept-Encoding: gzip,deflate[\r][\n]"
02:36:38.809 [Test worker] DEBUG org.apache.http.wire - http-outgoing-184 >> "[\r][\n]"
02:36:39.006 [Test worker] DEBUG org.apache.http.wire - http-outgoing-184 << "H"
02:36:39.007 [Test worker] DEBUG org.apache.http.wire - http-outgoing-184 << "TTP/1.1 204 No Content[\r][\n]"
02:36:39.007 [Test worker] DEBUG org.apache.http.wire - http-outgoing-184 << "Server: Docker/1.12.3 (linux)[\r][\n]"
02:36:39.007 [Test worker] DEBUG org.apache.http.wire - http-outgoing-184 << "Date: Tue, 03 Jan 2017 01:36:39 GMT[\r][\n]"
02:36:39.007 [Test worker] DEBUG org.apache.http.wire - http-outgoing-184 << "[\r][\n]"
02:36:39.007 [Test worker] DEBUG org.apache.http.headers - http-outgoing-184 << HTTP/1.1 204 No Content
02:36:39.007 [Test worker] DEBUG org.apache.http.headers - http-outgoing-184 << Server: Docker/1.12.3 (linux)
02:36:39.007 [Test worker] DEBUG org.apache.http.headers - http-outgoing-184 << Date: Tue, 03 Jan 2017 01:36:39 GMT
02:36:39.007 [Test worker] DEBUG o.a.h.impl.execchain.MainClientExec - Connection can be kept alive indefinitely
02:36:39.007 [Test worker] DEBUG c.g.d.j.JerseyDockerCmdExecFactory$1 - Connection [id: 184][route: {s}->https://Thesis:2376][state: CN=Thesis] can be kept alive indefinitely
02:36:39.007 [Test worker] DEBUG c.g.d.j.JerseyDockerCmdExecFactory$1 - Connection released: [id: 184][route: {s}->https://Thesis:2376][state: CN=Thesis][total kept alive: 2; route allocated: 2 of 2; total allocated: 2 of 20]
02:36:39.007 [Test worker] DEBUG c.g.d.j.JerseyDockerCmdExecFactory - 28 * Client response received on thread Test worker
28 < 204
28 < Date: Tue, 03 Jan 2017 01:36:39 GMT
28 < Server: Docker/1.12.3 (linux)

02:36:39.007 [Test worker] DEBUG c.g.d.core.command.AbstrDockerCmd - Cmd: ListImagesCmdImpl[imageNameFilter=<null>,showAll=true,filters=com.github.dockerjava.core.util.FiltersBuilder@0,execution=com.github.dockerjava.jaxrs.ListImagesCmdExec@2862fdc2]
02:36:39.008 [Test worker] DEBUG c.g.d.j.JerseyDockerCmdExecFactory - 29 * Sending client request on thread Test worker
29 > GET https://Thesis:2376/images/json?all=true
29 > Accept: application/json

02:36:39.008 [Test worker] DEBUG o.a.h.c.protocol.RequestAddCookies - CookieSpec selected: default
02:36:39.008 [Test worker] DEBUG o.a.h.c.protocol.RequestAuthCache - Auth cache not set in the context
02:36:39.008 [Test worker] DEBUG c.g.d.j.JerseyDockerCmdExecFactory$1 - Connection request: [route: {s}->https://Thesis:2376][total kept alive: 2; route allocated: 2 of 2; total allocated: 2 of 20]
02:36:39.008 [Test worker] DEBUG o.a.h.i.c.DefaultManagedHttpClientConnection - http-outgoing-180: Close connection
02:36:39.008 [Test worker] DEBUG c.g.d.j.JerseyDockerCmdExecFactory$1 - Connection leased: [id: 185][route: {s}->https://Thesis:2376][total kept alive: 1; route allocated: 2 of 2; total allocated: 2 of 20]
02:36:39.008 [Test worker] DEBUG o.a.h.impl.execchain.MainClientExec - Opening connection {s}->https://Thesis:2376
02:36:39.008 [Test worker] DEBUG o.a.h.i.c.DefaultHttpClientConnectionOperator - Connecting to Thesis/127.0.1.1:2376
02:36:39.008 [Test worker] DEBUG o.a.h.c.s.SSLConnectionSocketFactory - Connecting socket to Thesis/127.0.1.1:2376 with timeout 0
02:36:39.013 [Test worker] DEBUG o.a.h.c.s.SSLConnectionSocketFactory - Enabled protocols: [TLSv1]
02:36:39.013 [Test worker] DEBUG o.a.h.c.s.SSLConnectionSocketFactory - Enabled cipher suites:[TLS_ECDHE_ECDSA_WITH_AES_128_CBC_SHA, TLS_ECDHE_RSA_WITH_AES_128_CBC_SHA, TLS_RSA_WITH_AES_128_CBC_SHA, TLS_ECDH_ECDSA_WITH_AES_128_CBC_SHA, TLS_ECDH_RSA_WITH_AES_128_CBC_SHA, TLS_DHE_RSA_WITH_AES_128_CBC_SHA, TLS_DHE_DSS_WITH_AES_128_CBC_SHA, TLS_ECDHE_ECDSA_WITH_3DES_EDE_CBC_SHA, TLS_ECDHE_RSA_WITH_3DES_EDE_CBC_SHA, SSL_RSA_WITH_3DES_EDE_CBC_SHA, TLS_ECDH_ECDSA_WITH_3DES_EDE_CBC_SHA, TLS_ECDH_RSA_WITH_3DES_EDE_CBC_SHA, SSL_DHE_RSA_WITH_3DES_EDE_CBC_SHA, SSL_DHE_DSS_WITH_3DES_EDE_CBC_SHA, TLS_ECDHE_ECDSA_WITH_RC4_128_SHA, TLS_ECDHE_RSA_WITH_RC4_128_SHA, SSL_RSA_WITH_RC4_128_SHA, TLS_ECDH_ECDSA_WITH_RC4_128_SHA, TLS_ECDH_RSA_WITH_RC4_128_SHA, SSL_RSA_WITH_RC4_128_MD5, TLS_EMPTY_RENEGOTIATION_INFO_SCSV]
02:36:39.013 [Test worker] DEBUG o.a.h.c.s.SSLConnectionSocketFactory - Starting handshake
02:36:39.124 [Test worker] DEBUG o.a.h.c.s.SSLConnectionSocketFactory - Secure session established
02:36:39.124 [Test worker] DEBUG o.a.h.c.s.SSLConnectionSocketFactory -  negotiated protocol: TLSv1
02:36:39.124 [Test worker] DEBUG o.a.h.c.s.SSLConnectionSocketFactory -  negotiated cipher suite: TLS_ECDHE_RSA_WITH_AES_128_CBC_SHA
02:36:39.124 [Test worker] DEBUG o.a.h.c.s.SSLConnectionSocketFactory -  peer principal: CN=Thesis
02:36:39.124 [Test worker] DEBUG o.a.h.c.s.SSLConnectionSocketFactory -  issuer principal: EMAILADDRESS=sha@yamil.com, CN=Thesis, OU=Open, O=Fra, L=BER, ST=BER, C=DE
02:36:39.124 [Test worker] DEBUG o.a.h.i.c.DefaultHttpClientConnectionOperator - Connection established 127.0.0.1:41670<->127.0.1.1:2376
02:36:39.124 [Test worker] DEBUG o.a.h.impl.execchain.MainClientExec - Executing request GET /images/json?all=true HTTP/1.1
02:36:39.125 [Test worker] DEBUG o.a.h.impl.execchain.MainClientExec - Target auth state: UNCHALLENGED
02:36:39.125 [Test worker] DEBUG o.a.h.impl.execchain.MainClientExec - Proxy auth state: UNCHALLENGED
02:36:39.125 [Test worker] DEBUG org.apache.http.headers - http-outgoing-185 >> GET /images/json?all=true HTTP/1.1
02:36:39.125 [Test worker] DEBUG org.apache.http.headers - http-outgoing-185 >> Accept: application/json
02:36:39.125 [Test worker] DEBUG org.apache.http.headers - http-outgoing-185 >> User-Agent: Jersey/2.23.1 (Apache HttpClient 4.5.1)
02:36:39.125 [Test worker] DEBUG org.apache.http.headers - http-outgoing-185 >> Host: Thesis:2376
02:36:39.125 [Test worker] DEBUG org.apache.http.headers - http-outgoing-185 >> Connection: Keep-Alive
02:36:39.125 [Test worker] DEBUG org.apache.http.headers - http-outgoing-185 >> Accept-Encoding: gzip,deflate
02:36:39.125 [Test worker] DEBUG org.apache.http.wire - http-outgoing-185 >> "GET /images/json?all=true HTTP/1.1[\r][\n]"
02:36:39.125 [Test worker] DEBUG org.apache.http.wire - http-outgoing-185 >> "Accept: application/json[\r][\n]"
02:36:39.125 [Test worker] DEBUG org.apache.http.wire - http-outgoing-185 >> "User-Agent: Jersey/2.23.1 (Apache HttpClient 4.5.1)[\r][\n]"
02:36:39.125 [Test worker] DEBUG org.apache.http.wire - http-outgoing-185 >> "Host: Thesis:2376[\r][\n]"
02:36:39.125 [Test worker] DEBUG org.apache.http.wire - http-outgoing-185 >> "Connection: Keep-Alive[\r][\n]"
02:36:39.125 [Test worker] DEBUG org.apache.http.wire - http-outgoing-185 >> "Accept-Encoding: gzip,deflate[\r][\n]"
02:36:39.125 [Test worker] DEBUG org.apache.http.wire - http-outgoing-185 >> "[\r][\n]"
02:36:39.126 [Test worker] DEBUG org.apache.http.wire - http-outgoing-185 << "H"
02:36:39.127 [Test worker] DEBUG org.apache.http.wire - http-outgoing-185 << "TTP/1.1 200 OK[\r][\n]"
02:36:39.127 [Test worker] DEBUG org.apache.http.wire - http-outgoing-185 << "Content-Type: application/json[\r][\n]"
02:36:39.127 [Test worker] DEBUG org.apache.http.wire - http-outgoing-185 << "Server: Docker/1.12.3 (linux)[\r][\n]"
02:36:39.127 [Test worker] DEBUG org.apache.http.wire - http-outgoing-185 << "Date: Tue, 03 Jan 2017 01:36:39 GMT[\r][\n]"
02:36:39.127 [Test worker] DEBUG org.apache.http.wire - http-outgoing-185 << "Content-Length: 1195[\r][\n]"
02:36:39.127 [Test worker] DEBUG org.apache.http.wire - http-outgoing-185 << "[\r][\n]"
02:36:39.127 [Test worker] DEBUG org.apache.http.wire - http-outgoing-185 << "[{"Id":"sha256:4ca3a192ff2a5b7e225e81dc006b6379c10776ed3619757a65608cb72de0a7f6","ParentId":"","RepoTags":["ubuntu:latest"],"RepoDigests":["ubuntu@sha256:3b64c309deae7ab0f7dbdd42b6b326261ccd6261da5d88396439353162703fb5"],"Created":1480449877,"Size":128206574,"VirtualSize":128206574,"Labels":{}},{"Id":"sha256:aae2b63c49461fcae4962e4a8043f66acf8e3af7e62f5ebceb70b181d8ca01e0","ParentId":"","RepoTags":["ubuntu:14.04"],"RepoDigests":["ubuntu@sha256:edb984703bd3e8981ff541a5b9297ca1b81fde6e6e8094d86e390a38ebc30b4d"],"Created":1480449856,"Size":187952254,"VirtualSize":187952254,"Labels":{}},{"Id":"sha256:e02e811dd08fd49e7f6032625495118e63f597eb150403d02e3238af1df240ba","ParentId":"","RepoTags":["busybox:latest"],"RepoDigests":["busybox@sha256:29f5d56d12684887bdfa50dcd29fc31eea4aaf4ad3bec43daf19026a7ce69912"],"Created":1475874238,"Size":1093484,"VirtualSize":1093484,"Labels":{}},{"Id":"sha256:d654de4499473ed41349b54a988b6f46a7fc92e3fa2d61e102bf2660a0116e25","ParentId":"","RepoTags":["sakib37/iperf3:latest"],"RepoDigests":["sakib37/iperf3@sha256:8d80a810f8f508c074b14d02555f20110eac382c8dbda7252075392983629d40"],"Created":1474907599,"Size":199456654,"VirtualSize":199456654,"Labels":{}}][\n]"
02:36:39.127 [Test worker] DEBUG org.apache.http.headers - http-outgoing-185 << HTTP/1.1 200 OK
02:36:39.127 [Test worker] DEBUG org.apache.http.headers - http-outgoing-185 << Content-Type: application/json
02:36:39.127 [Test worker] DEBUG org.apache.http.headers - http-outgoing-185 << Server: Docker/1.12.3 (linux)
02:36:39.127 [Test worker] DEBUG org.apache.http.headers - http-outgoing-185 << Date: Tue, 03 Jan 2017 01:36:39 GMT
02:36:39.127 [Test worker] DEBUG org.apache.http.headers - http-outgoing-185 << Content-Length: 1195
02:36:39.128 [Test worker] DEBUG o.a.h.impl.execchain.MainClientExec - Connection can be kept alive indefinitely
02:36:39.128 [Test worker] DEBUG c.g.d.j.JerseyDockerCmdExecFactory - 30 * Client response received on thread Test worker
30 < 200
30 < Content-Length: 1195
30 < Content-Type: application/json
30 < Date: Tue, 03 Jan 2017 01:36:39 GMT
30 < Server: Docker/1.12.3 (linux)
[{"Id":"sha256:4ca3a192ff2a5b7e225e81dc006b6379c10776ed3619757a65608cb72de0a7f6","ParentId":"","RepoTags":["ubuntu:latest"],"RepoDigests":["ubuntu@sha256:3b64c309deae7ab0f7dbdd42b6b326261ccd6261da5d88396439353162703fb5"],"Created":1480449877,"Size":128206574,"VirtualSize":128206574,"Labels":{}},{"Id":"sha256:aae2b63c49461fcae4962e4a8043f66acf8e3af7e62f5ebceb70b181d8ca01e0","ParentId":"","RepoTags":["ubuntu:14.04"],"RepoDigests":["ubuntu@sha256:edb984703bd3e8981ff541a5b9297ca1b81fde6e6e8094d86e390a38ebc30b4d"],"Created":1480449856,"Size":187952254,"VirtualSize":187952254,"Labels":{}},{"Id":"sha256:e02e811dd08fd49e7f6032625495118e63f597eb150403d02e3238af1df240ba","ParentId":"","RepoTags":["busybox:latest"],"RepoDigests":["busybox@sha256:29f5d56d12684887bdfa50dcd29fc31eea4aaf4ad3bec43daf19026a7ce69912"],"Created":1475874238,"Size":1093484,"VirtualSize":1093484,"Labels":{}},{"Id":"sha256:d654de4499473ed41349b54a988b6f46a7fc92e3fa2d61e102bf2660a0116e25","ParentId":"","RepoTags":["sakib37/iperf3:latest"],"RepoDigests":["sakib37/iperf3@sha256:8d80a810f8f508c074b14d02555f20110eac382c8dbda7252075392983629d40"],"Created":1474907599,"Size":199456654,"VirtualSize":199456654,"Labels":{}}]


02:36:39.129 [Test worker] DEBUG o.a.h.i.c.DefaultManagedHttpClientConnection - http-outgoing-185: Close connection
02:36:39.129 [Test worker] DEBUG o.a.h.impl.execchain.MainClientExec - Connection discarded
02:36:39.129 [Test worker] DEBUG c.g.d.j.JerseyDockerCmdExecFactory$1 - Connection released: [id: 185][route: {s}->https://Thesis:2376][total kept alive: 1; route allocated: 1 of 2; total allocated: 1 of 20]
02:36:39.129 [Test worker] DEBUG org.openbaton.docker.DockerVim - Found a docker image, transformed into a NFV Image Image{id='sha256:aae2b63c49461fcae4962e4a8043f66acf8e3af7e62f5ebceb70b181d8ca01e0', name='ubuntu:14.04', version=0, extId='null', minRam='0', minDiskSpace='0', minCPU='null', public='true', diskFormat='null', containerFormat='docker', created='Sun Jan 18 04:14:09 CET 1970', updated='null'}
02:36:39.129 [Test worker] DEBUG c.g.d.core.command.AbstrDockerCmd - Cmd: 5de830b93db6ab32fc7b38776b4d6539f76d8e289e55b7793ed199fd3c5284a4,a87e12af34d47622ccc8018ba2290e698dcb75543c25fe3ca367ca002095e953,com.github.dockerjava.api.model.ContainerNetwork@382acf73[ipamConfig=com.github.dockerjava.api.model.ContainerNetwork$Ipam@299a3d4,links=<null>,aliases=<null>,networkID=<null>,endpointId=<null>,gateway=<null>,ipAddress=<null>,ipPrefixLen=<null>,ipV6Gateway=<null>,globalIPv6Address=<null>,globalIPv6PrefixLen=<null>,macAddress=<null>],com.github.dockerjava.jaxrs.ConnectToNetworkCmdExec@34d2b4a1
02:36:39.130 [Test worker] DEBUG o.a.h.c.protocol.RequestAddCookies - CookieSpec selected: default
02:36:39.131 [Test worker] DEBUG o.a.h.c.protocol.RequestAuthCache - Auth cache not set in the context
02:36:39.131 [Test worker] DEBUG c.g.d.j.JerseyDockerCmdExecFactory$1 - Connection request: [route: {s}->https://Thesis:2376][total kept alive: 1; route allocated: 1 of 2; total allocated: 1 of 20]
02:36:39.131 [Test worker] DEBUG c.g.d.j.JerseyDockerCmdExecFactory$1 - Connection leased: [id: 186][route: {s}->https://Thesis:2376][total kept alive: 1; route allocated: 2 of 2; total allocated: 2 of 20]
02:36:39.131 [Test worker] DEBUG o.a.h.impl.execchain.MainClientExec - Opening connection {s}->https://Thesis:2376
02:36:39.131 [Test worker] DEBUG o.a.h.i.c.DefaultHttpClientConnectionOperator - Connecting to Thesis/127.0.1.1:2376
02:36:39.131 [Test worker] DEBUG o.a.h.c.s.SSLConnectionSocketFactory - Connecting socket to Thesis/127.0.1.1:2376 with timeout 0
02:36:39.132 [Test worker] DEBUG o.a.h.c.s.SSLConnectionSocketFactory - Enabled protocols: [TLSv1]
02:36:39.133 [Test worker] DEBUG o.a.h.c.s.SSLConnectionSocketFactory - Enabled cipher suites:[TLS_ECDHE_ECDSA_WITH_AES_128_CBC_SHA, TLS_ECDHE_RSA_WITH_AES_128_CBC_SHA, TLS_RSA_WITH_AES_128_CBC_SHA, TLS_ECDH_ECDSA_WITH_AES_128_CBC_SHA, TLS_ECDH_RSA_WITH_AES_128_CBC_SHA, TLS_DHE_RSA_WITH_AES_128_CBC_SHA, TLS_DHE_DSS_WITH_AES_128_CBC_SHA, TLS_ECDHE_ECDSA_WITH_3DES_EDE_CBC_SHA, TLS_ECDHE_RSA_WITH_3DES_EDE_CBC_SHA, SSL_RSA_WITH_3DES_EDE_CBC_SHA, TLS_ECDH_ECDSA_WITH_3DES_EDE_CBC_SHA, TLS_ECDH_RSA_WITH_3DES_EDE_CBC_SHA, SSL_DHE_RSA_WITH_3DES_EDE_CBC_SHA, SSL_DHE_DSS_WITH_3DES_EDE_CBC_SHA, TLS_ECDHE_ECDSA_WITH_RC4_128_SHA, TLS_ECDHE_RSA_WITH_RC4_128_SHA, SSL_RSA_WITH_RC4_128_SHA, TLS_ECDH_ECDSA_WITH_RC4_128_SHA, TLS_ECDH_RSA_WITH_RC4_128_SHA, SSL_RSA_WITH_RC4_128_MD5, TLS_EMPTY_RENEGOTIATION_INFO_SCSV]
02:36:39.133 [Test worker] DEBUG o.a.h.c.s.SSLConnectionSocketFactory - Starting handshake
02:36:39.192 [Test worker] DEBUG o.a.h.c.s.SSLConnectionSocketFactory - Secure session established
02:36:39.192 [Test worker] DEBUG o.a.h.c.s.SSLConnectionSocketFactory -  negotiated protocol: TLSv1
02:36:39.192 [Test worker] DEBUG o.a.h.c.s.SSLConnectionSocketFactory -  negotiated cipher suite: TLS_ECDHE_RSA_WITH_AES_128_CBC_SHA
02:36:39.192 [Test worker] DEBUG o.a.h.c.s.SSLConnectionSocketFactory -  peer principal: CN=Thesis
02:36:39.192 [Test worker] DEBUG o.a.h.c.s.SSLConnectionSocketFactory -  issuer principal: EMAILADDRESS=sha@yamil.com, CN=Thesis, OU=Open, O=Fra, L=BER, ST=BER, C=DE
02:36:39.192 [Test worker] DEBUG o.a.h.i.c.DefaultHttpClientConnectionOperator - Connection established 127.0.0.1:41672<->127.0.1.1:2376
02:36:39.192 [Test worker] DEBUG o.a.h.impl.execchain.MainClientExec - Executing request POST /networks/5de830b93db6ab32fc7b38776b4d6539f76d8e289e55b7793ed199fd3c5284a4/connect HTTP/1.1
02:36:39.193 [Test worker] DEBUG o.a.h.impl.execchain.MainClientExec - Target auth state: UNCHALLENGED
02:36:39.193 [Test worker] DEBUG o.a.h.impl.execchain.MainClientExec - Proxy auth state: UNCHALLENGED
02:36:39.193 [Test worker] DEBUG org.apache.http.headers - http-outgoing-186 >> POST /networks/5de830b93db6ab32fc7b38776b4d6539f76d8e289e55b7793ed199fd3c5284a4/connect HTTP/1.1
02:36:39.193 [Test worker] DEBUG org.apache.http.headers - http-outgoing-186 >> Content-Type: application/json
02:36:39.193 [Test worker] DEBUG org.apache.http.headers - http-outgoing-186 >> User-Agent: Jersey/2.23.1 (Apache HttpClient 4.5.1)
02:36:39.193 [Test worker] DEBUG org.apache.http.headers - http-outgoing-186 >> Transfer-Encoding: chunked
02:36:39.193 [Test worker] DEBUG org.apache.http.headers - http-outgoing-186 >> Host: Thesis:2376
02:36:39.193 [Test worker] DEBUG org.apache.http.headers - http-outgoing-186 >> Connection: Keep-Alive
02:36:39.193 [Test worker] DEBUG org.apache.http.headers - http-outgoing-186 >> Accept-Encoding: gzip,deflate
02:36:39.198 [Test worker] DEBUG c.g.d.j.JerseyDockerCmdExecFactory - 31 * Sending client request on thread Test worker
31 > POST https://Thesis:2376/networks/5de830b93db6ab32fc7b38776b4d6539f76d8e289e55b7793ed199fd3c5284a4/connect
31 > Content-Type: application/json
{"containerConfig":{"IPAMConfig":{"IPv4Address":null,"IPv6Address":null},"Links":null,"Aliases":null,"NetworkID":null,"EndpointID":null,"Gateway":null,"IPAddress":null,"IPPrefixLen":null,"IPv6Gateway":null,"GlobalIPv6Address":null,"GlobalIPv6PrefixLen":null,"MacAddress":null},"Container":"a87e12af34d47622ccc8018ba2290e698dcb75543c25fe3ca367ca002095e953","EndpointConfig":{"IPAMConfig":{"IPv4Address":null,"IPv6Address":null},"Links":null,"Aliases":null,"NetworkID":null,"EndpointID":null,"Gateway":null,"IPAddress":null,"IPPrefixLen":null,"IPv6Gateway":null,"GlobalIPv6Address":null,"GlobalIPv6PrefixLen":null,"MacAddress":null}}

02:36:39.199 [Test worker] DEBUG org.apache.http.wire - http-outgoing-186 >> "POST /networks/5de830b93db6ab32fc7b38776b4d6539f76d8e289e55b7793ed199fd3c5284a4/connect HTTP/1.1[\r][\n]"
02:36:39.199 [Test worker] DEBUG org.apache.http.wire - http-outgoing-186 >> "Content-Type: application/json[\r][\n]"
02:36:39.199 [Test worker] DEBUG org.apache.http.wire - http-outgoing-186 >> "User-Agent: Jersey/2.23.1 (Apache HttpClient 4.5.1)[\r][\n]"
02:36:39.199 [Test worker] DEBUG org.apache.http.wire - http-outgoing-186 >> "Transfer-Encoding: chunked[\r][\n]"
02:36:39.199 [Test worker] DEBUG org.apache.http.wire - http-outgoing-186 >> "Host: Thesis:2376[\r][\n]"
02:36:39.199 [Test worker] DEBUG org.apache.http.wire - http-outgoing-186 >> "Connection: Keep-Alive[\r][\n]"
02:36:39.199 [Test worker] DEBUG org.apache.http.wire - http-outgoing-186 >> "Accept-Encoding: gzip,deflate[\r][\n]"
02:36:39.199 [Test worker] DEBUG org.apache.http.wire - http-outgoing-186 >> "[\r][\n]"
02:36:39.199 [Test worker] DEBUG org.apache.http.wire - http-outgoing-186 >> "277[\r][\n]"
02:36:39.199 [Test worker] DEBUG org.apache.http.wire - http-outgoing-186 >> "{"containerConfig":{"IPAMConfig":{"IPv4Address":null,"IPv6Address":null},"Links":null,"Aliases":null,"NetworkID":null,"EndpointID":null,"Gateway":null,"IPAddress":null,"IPPrefixLen":null,"IPv6Gateway":null,"GlobalIPv6Address":null,"GlobalIPv6PrefixLen":null,"MacAddress":null},"Container":"a87e12af34d47622ccc8018ba2290e698dcb75543c25fe3ca367ca002095e953","EndpointConfig":{"IPAMConfig":{"IPv4Address":null,"IPv6Address":null},"Links":null,"Aliases":null,"NetworkID":null,"EndpointID":null,"Gateway":null,"IPAddress":null,"IPPrefixLen":null,"IPv6Gateway":null,"GlobalIPv6Address":null,"GlobalIPv6PrefixLen":null,"MacAddress":null}}[\r][\n]"
02:36:39.199 [Test worker] DEBUG org.apache.http.wire - http-outgoing-186 >> "0[\r][\n]"
02:36:39.199 [Test worker] DEBUG org.apache.http.wire - http-outgoing-186 >> "[\r][\n]"
02:36:39.365 [Test worker] DEBUG org.apache.http.wire - http-outgoing-186 << "H"
02:36:39.365 [Test worker] DEBUG org.apache.http.wire - http-outgoing-186 << "TTP/1.1 200 OK[\r][\n]"
02:36:39.365 [Test worker] DEBUG org.apache.http.wire - http-outgoing-186 << "Server: Docker/1.12.3 (linux)[\r][\n]"
02:36:39.365 [Test worker] DEBUG org.apache.http.wire - http-outgoing-186 << "Date: Tue, 03 Jan 2017 01:36:39 GMT[\r][\n]"
02:36:39.365 [Test worker] DEBUG org.apache.http.wire - http-outgoing-186 << "Content-Length: 0[\r][\n]"
02:36:39.365 [Test worker] DEBUG org.apache.http.wire - http-outgoing-186 << "Content-Type: text/plain; charset=utf-8[\r][\n]"
02:36:39.365 [Test worker] DEBUG org.apache.http.wire - http-outgoing-186 << "[\r][\n]"
02:36:39.365 [Test worker] DEBUG org.apache.http.headers - http-outgoing-186 << HTTP/1.1 200 OK
02:36:39.365 [Test worker] DEBUG org.apache.http.headers - http-outgoing-186 << Server: Docker/1.12.3 (linux)
02:36:39.365 [Test worker] DEBUG org.apache.http.headers - http-outgoing-186 << Date: Tue, 03 Jan 2017 01:36:39 GMT
02:36:39.365 [Test worker] DEBUG org.apache.http.headers - http-outgoing-186 << Content-Length: 0
02:36:39.365 [Test worker] DEBUG org.apache.http.headers - http-outgoing-186 << Content-Type: text/plain; charset=utf-8
02:36:39.365 [Test worker] DEBUG o.a.h.impl.execchain.MainClientExec - Connection can be kept alive indefinitely
02:36:39.365 [Test worker] DEBUG c.g.d.j.JerseyDockerCmdExecFactory$1 - Connection [id: 186][route: {s}->https://Thesis:2376][state: CN=Thesis] can be kept alive indefinitely
02:36:39.365 [Test worker] DEBUG c.g.d.j.JerseyDockerCmdExecFactory$1 - Connection released: [id: 186][route: {s}->https://Thesis:2376][state: CN=Thesis][total kept alive: 2; route allocated: 2 of 2; total allocated: 2 of 20]
02:36:39.366 [Test worker] DEBUG c.g.d.j.JerseyDockerCmdExecFactory - 32 * Client response received on thread Test worker
32 < 200
32 < Content-Length: 0
32 < Content-Type: application/json;charset=utf-8
32 < Date: Tue, 03 Jan 2017 01:36:39 GMT
32 < Server: Docker/1.12.3 (linux)

02:36:39.366 [Test worker] INFO  org.openbaton.docker.DockerVim - Container connected to the Network Successfully
02:36:39.366 [Test worker] DEBUG c.g.d.core.command.AbstrDockerCmd - Cmd: 1265d4f13b2058f8e2d1c84c8ed5e2124475cafb35f67c0eed0d23ccb955a7f6,a87e12af34d47622ccc8018ba2290e698dcb75543c25fe3ca367ca002095e953,com.github.dockerjava.api.model.ContainerNetwork@7ef81c84[ipamConfig=com.github.dockerjava.api.model.ContainerNetwork$Ipam@53185f3b,links=<null>,aliases=<null>,networkID=<null>,endpointId=<null>,gateway=<null>,ipAddress=<null>,ipPrefixLen=<null>,ipV6Gateway=<null>,globalIPv6Address=<null>,globalIPv6PrefixLen=<null>,macAddress=<null>],com.github.dockerjava.jaxrs.ConnectToNetworkCmdExec@6514451b
02:36:39.367 [Test worker] DEBUG o.a.h.c.protocol.RequestAddCookies - CookieSpec selected: default
02:36:39.367 [Test worker] DEBUG o.a.h.c.protocol.RequestAuthCache - Auth cache not set in the context
02:36:39.371 [Test worker] DEBUG c.g.d.j.JerseyDockerCmdExecFactory$1 - Connection request: [route: {s}->https://Thesis:2376][total kept alive: 2; route allocated: 2 of 2; total allocated: 2 of 20]
02:36:39.372 [Test worker] DEBUG o.a.h.i.c.DefaultManagedHttpClientConnection - http-outgoing-184: Close connection
02:36:39.372 [Test worker] DEBUG c.g.d.j.JerseyDockerCmdExecFactory$1 - Connection leased: [id: 187][route: {s}->https://Thesis:2376][total kept alive: 1; route allocated: 2 of 2; total allocated: 2 of 20]
02:36:39.373 [Test worker] DEBUG o.a.h.impl.execchain.MainClientExec - Opening connection {s}->https://Thesis:2376
02:36:39.373 [Test worker] DEBUG o.a.h.i.c.DefaultHttpClientConnectionOperator - Connecting to Thesis/127.0.1.1:2376
02:36:39.373 [Test worker] DEBUG o.a.h.c.s.SSLConnectionSocketFactory - Connecting socket to Thesis/127.0.1.1:2376 with timeout 0
02:36:39.374 [Test worker] DEBUG o.a.h.c.s.SSLConnectionSocketFactory - Enabled protocols: [TLSv1]
02:36:39.374 [Test worker] DEBUG o.a.h.c.s.SSLConnectionSocketFactory - Enabled cipher suites:[TLS_ECDHE_ECDSA_WITH_AES_128_CBC_SHA, TLS_ECDHE_RSA_WITH_AES_128_CBC_SHA, TLS_RSA_WITH_AES_128_CBC_SHA, TLS_ECDH_ECDSA_WITH_AES_128_CBC_SHA, TLS_ECDH_RSA_WITH_AES_128_CBC_SHA, TLS_DHE_RSA_WITH_AES_128_CBC_SHA, TLS_DHE_DSS_WITH_AES_128_CBC_SHA, TLS_ECDHE_ECDSA_WITH_3DES_EDE_CBC_SHA, TLS_ECDHE_RSA_WITH_3DES_EDE_CBC_SHA, SSL_RSA_WITH_3DES_EDE_CBC_SHA, TLS_ECDH_ECDSA_WITH_3DES_EDE_CBC_SHA, TLS_ECDH_RSA_WITH_3DES_EDE_CBC_SHA, SSL_DHE_RSA_WITH_3DES_EDE_CBC_SHA, SSL_DHE_DSS_WITH_3DES_EDE_CBC_SHA, TLS_ECDHE_ECDSA_WITH_RC4_128_SHA, TLS_ECDHE_RSA_WITH_RC4_128_SHA, SSL_RSA_WITH_RC4_128_SHA, TLS_ECDH_ECDSA_WITH_RC4_128_SHA, TLS_ECDH_RSA_WITH_RC4_128_SHA, SSL_RSA_WITH_RC4_128_MD5, TLS_EMPTY_RENEGOTIATION_INFO_SCSV]
02:36:39.374 [Test worker] DEBUG o.a.h.c.s.SSLConnectionSocketFactory - Starting handshake
02:36:39.443 [Test worker] DEBUG o.a.h.c.s.SSLConnectionSocketFactory - Secure session established
02:36:39.443 [Test worker] DEBUG o.a.h.c.s.SSLConnectionSocketFactory -  negotiated protocol: TLSv1
02:36:39.443 [Test worker] DEBUG o.a.h.c.s.SSLConnectionSocketFactory -  negotiated cipher suite: TLS_ECDHE_RSA_WITH_AES_128_CBC_SHA
02:36:39.444 [Test worker] DEBUG o.a.h.c.s.SSLConnectionSocketFactory -  peer principal: CN=Thesis
02:36:39.444 [Test worker] DEBUG o.a.h.c.s.SSLConnectionSocketFactory -  issuer principal: EMAILADDRESS=sha@yamil.com, CN=Thesis, OU=Open, O=Fra, L=BER, ST=BER, C=DE
02:36:39.444 [Test worker] DEBUG o.a.h.i.c.DefaultHttpClientConnectionOperator - Connection established 127.0.0.1:41674<->127.0.1.1:2376
02:36:39.444 [Test worker] DEBUG o.a.h.impl.execchain.MainClientExec - Executing request POST /networks/1265d4f13b2058f8e2d1c84c8ed5e2124475cafb35f67c0eed0d23ccb955a7f6/connect HTTP/1.1
02:36:39.444 [Test worker] DEBUG o.a.h.impl.execchain.MainClientExec - Target auth state: UNCHALLENGED
02:36:39.444 [Test worker] DEBUG o.a.h.impl.execchain.MainClientExec - Proxy auth state: UNCHALLENGED
02:36:39.444 [Test worker] DEBUG org.apache.http.headers - http-outgoing-187 >> POST /networks/1265d4f13b2058f8e2d1c84c8ed5e2124475cafb35f67c0eed0d23ccb955a7f6/connect HTTP/1.1
02:36:39.444 [Test worker] DEBUG org.apache.http.headers - http-outgoing-187 >> Content-Type: application/json
02:36:39.444 [Test worker] DEBUG org.apache.http.headers - http-outgoing-187 >> User-Agent: Jersey/2.23.1 (Apache HttpClient 4.5.1)
02:36:39.444 [Test worker] DEBUG org.apache.http.headers - http-outgoing-187 >> Transfer-Encoding: chunked
02:36:39.444 [Test worker] DEBUG org.apache.http.headers - http-outgoing-187 >> Host: Thesis:2376
02:36:39.444 [Test worker] DEBUG org.apache.http.headers - http-outgoing-187 >> Connection: Keep-Alive
02:36:39.445 [Test worker] DEBUG org.apache.http.headers - http-outgoing-187 >> Accept-Encoding: gzip,deflate
02:36:39.445 [Test worker] DEBUG c.g.d.j.JerseyDockerCmdExecFactory - 33 * Sending client request on thread Test worker
33 > POST https://Thesis:2376/networks/1265d4f13b2058f8e2d1c84c8ed5e2124475cafb35f67c0eed0d23ccb955a7f6/connect
33 > Content-Type: application/json
{"containerConfig":{"IPAMConfig":{"IPv4Address":null,"IPv6Address":null},"Links":null,"Aliases":null,"NetworkID":null,"EndpointID":null,"Gateway":null,"IPAddress":null,"IPPrefixLen":null,"IPv6Gateway":null,"GlobalIPv6Address":null,"GlobalIPv6PrefixLen":null,"MacAddress":null},"Container":"a87e12af34d47622ccc8018ba2290e698dcb75543c25fe3ca367ca002095e953","EndpointConfig":{"IPAMConfig":{"IPv4Address":null,"IPv6Address":null},"Links":null,"Aliases":null,"NetworkID":null,"EndpointID":null,"Gateway":null,"IPAddress":null,"IPPrefixLen":null,"IPv6Gateway":null,"GlobalIPv6Address":null,"GlobalIPv6PrefixLen":null,"MacAddress":null}}

02:36:39.445 [Test worker] DEBUG org.apache.http.wire - http-outgoing-187 >> "POST /networks/1265d4f13b2058f8e2d1c84c8ed5e2124475cafb35f67c0eed0d23ccb955a7f6/connect HTTP/1.1[\r][\n]"
02:36:39.445 [Test worker] DEBUG org.apache.http.wire - http-outgoing-187 >> "Content-Type: application/json[\r][\n]"
02:36:39.445 [Test worker] DEBUG org.apache.http.wire - http-outgoing-187 >> "User-Agent: Jersey/2.23.1 (Apache HttpClient 4.5.1)[\r][\n]"
02:36:39.445 [Test worker] DEBUG org.apache.http.wire - http-outgoing-187 >> "Transfer-Encoding: chunked[\r][\n]"
02:36:39.445 [Test worker] DEBUG org.apache.http.wire - http-outgoing-187 >> "Host: Thesis:2376[\r][\n]"
02:36:39.445 [Test worker] DEBUG org.apache.http.wire - http-outgoing-187 >> "Connection: Keep-Alive[\r][\n]"
02:36:39.446 [Test worker] DEBUG org.apache.http.wire - http-outgoing-187 >> "Accept-Encoding: gzip,deflate[\r][\n]"
02:36:39.446 [Test worker] DEBUG org.apache.http.wire - http-outgoing-187 >> "[\r][\n]"
02:36:39.446 [Test worker] DEBUG org.apache.http.wire - http-outgoing-187 >> "277[\r][\n]"
02:36:39.446 [Test worker] DEBUG org.apache.http.wire - http-outgoing-187 >> "{"containerConfig":{"IPAMConfig":{"IPv4Address":null,"IPv6Address":null},"Links":null,"Aliases":null,"NetworkID":null,"EndpointID":null,"Gateway":null,"IPAddress":null,"IPPrefixLen":null,"IPv6Gateway":null,"GlobalIPv6Address":null,"GlobalIPv6PrefixLen":null,"MacAddress":null},"Container":"a87e12af34d47622ccc8018ba2290e698dcb75543c25fe3ca367ca002095e953","EndpointConfig":{"IPAMConfig":{"IPv4Address":null,"IPv6Address":null},"Links":null,"Aliases":null,"NetworkID":null,"EndpointID":null,"Gateway":null,"IPAddress":null,"IPPrefixLen":null,"IPv6Gateway":null,"GlobalIPv6Address":null,"GlobalIPv6PrefixLen":null,"MacAddress":null}}[\r][\n]"
02:36:39.446 [Test worker] DEBUG org.apache.http.wire - http-outgoing-187 >> "0[\r][\n]"
02:36:39.446 [Test worker] DEBUG org.apache.http.wire - http-outgoing-187 >> "[\r][\n]"
02:36:39.511 [Test worker] DEBUG org.apache.http.wire - http-outgoing-187 << "H"
02:36:39.511 [Test worker] DEBUG org.apache.http.wire - http-outgoing-187 << "TTP/1.1 200 OK[\r][\n]"
02:36:39.511 [Test worker] DEBUG org.apache.http.wire - http-outgoing-187 << "Server: Docker/1.12.3 (linux)[\r][\n]"
02:36:39.511 [Test worker] DEBUG org.apache.http.wire - http-outgoing-187 << "Date: Tue, 03 Jan 2017 01:36:39 GMT[\r][\n]"
02:36:39.511 [Test worker] DEBUG org.apache.http.wire - http-outgoing-187 << "Content-Length: 0[\r][\n]"
02:36:39.511 [Test worker] DEBUG org.apache.http.wire - http-outgoing-187 << "Content-Type: text/plain; charset=utf-8[\r][\n]"
02:36:39.511 [Test worker] DEBUG org.apache.http.wire - http-outgoing-187 << "[\r][\n]"
02:36:39.511 [Test worker] DEBUG org.apache.http.headers - http-outgoing-187 << HTTP/1.1 200 OK
02:36:39.511 [Test worker] DEBUG org.apache.http.headers - http-outgoing-187 << Server: Docker/1.12.3 (linux)
02:36:39.512 [Test worker] DEBUG org.apache.http.headers - http-outgoing-187 << Date: Tue, 03 Jan 2017 01:36:39 GMT
02:36:39.512 [Test worker] DEBUG org.apache.http.headers - http-outgoing-187 << Content-Length: 0
02:36:39.512 [Test worker] DEBUG org.apache.http.headers - http-outgoing-187 << Content-Type: text/plain; charset=utf-8
02:36:39.512 [Test worker] DEBUG o.a.h.impl.execchain.MainClientExec - Connection can be kept alive indefinitely
02:36:39.512 [Test worker] DEBUG c.g.d.j.JerseyDockerCmdExecFactory$1 - Connection [id: 187][route: {s}->https://Thesis:2376][state: CN=Thesis] can be kept alive indefinitely
02:36:39.512 [Test worker] DEBUG c.g.d.j.JerseyDockerCmdExecFactory$1 - Connection released: [id: 187][route: {s}->https://Thesis:2376][state: CN=Thesis][total kept alive: 2; route allocated: 2 of 2; total allocated: 2 of 20]
02:36:39.512 [Test worker] DEBUG c.g.d.j.JerseyDockerCmdExecFactory - 34 * Client response received on thread Test worker
34 < 200
34 < Content-Length: 0
34 < Content-Type: application/json;charset=utf-8
34 < Date: Tue, 03 Jan 2017 01:36:39 GMT
34 < Server: Docker/1.12.3 (linux)

02:36:39.512 [Test worker] INFO  org.openbaton.docker.DockerVim - Container connected to the Network Successfully
02:36:39.512 [Test worker] DEBUG c.g.d.core.command.AbstrDockerCmd - Cmd: 5de830b93db6ab32fc7b38776b4d6539f76d8e289e55b7793ed199fd3c5284a4,890bc9b3536f763020022d3ed4d9ce50e1af116181a8cc0ab7666e5f064e495c,com.github.dockerjava.api.model.ContainerNetwork@419ae17d[ipamConfig=com.github.dockerjava.api.model.ContainerNetwork$Ipam@1f49f731,links=<null>,aliases=<null>,networkID=<null>,endpointId=<null>,gateway=<null>,ipAddress=<null>,ipPrefixLen=<null>,ipV6Gateway=<null>,globalIPv6Address=<null>,globalIPv6PrefixLen=<null>,macAddress=<null>],com.github.dockerjava.jaxrs.ConnectToNetworkCmdExec@3103c203
02:36:39.513 [Test worker] DEBUG o.a.h.c.protocol.RequestAddCookies - CookieSpec selected: default
02:36:39.513 [Test worker] DEBUG o.a.h.c.protocol.RequestAuthCache - Auth cache not set in the context
02:36:39.513 [Test worker] DEBUG c.g.d.j.JerseyDockerCmdExecFactory$1 - Connection request: [route: {s}->https://Thesis:2376][total kept alive: 2; route allocated: 2 of 2; total allocated: 2 of 20]
02:36:39.513 [Test worker] DEBUG o.a.h.i.c.DefaultManagedHttpClientConnection - http-outgoing-186: Close connection
02:36:39.514 [Test worker] DEBUG c.g.d.j.JerseyDockerCmdExecFactory$1 - Connection leased: [id: 188][route: {s}->https://Thesis:2376][total kept alive: 1; route allocated: 2 of 2; total allocated: 2 of 20]
02:36:39.514 [Test worker] DEBUG o.a.h.impl.execchain.MainClientExec - Opening connection {s}->https://Thesis:2376
02:36:39.514 [Test worker] DEBUG o.a.h.i.c.DefaultHttpClientConnectionOperator - Connecting to Thesis/127.0.1.1:2376
02:36:39.514 [Test worker] DEBUG o.a.h.c.s.SSLConnectionSocketFactory - Connecting socket to Thesis/127.0.1.1:2376 with timeout 0
02:36:39.518 [Test worker] DEBUG o.a.h.c.s.SSLConnectionSocketFactory - Enabled protocols: [TLSv1]
02:36:39.523 [Test worker] DEBUG o.a.h.c.s.SSLConnectionSocketFactory - Enabled cipher suites:[TLS_ECDHE_ECDSA_WITH_AES_128_CBC_SHA, TLS_ECDHE_RSA_WITH_AES_128_CBC_SHA, TLS_RSA_WITH_AES_128_CBC_SHA, TLS_ECDH_ECDSA_WITH_AES_128_CBC_SHA, TLS_ECDH_RSA_WITH_AES_128_CBC_SHA, TLS_DHE_RSA_WITH_AES_128_CBC_SHA, TLS_DHE_DSS_WITH_AES_128_CBC_SHA, TLS_ECDHE_ECDSA_WITH_3DES_EDE_CBC_SHA, TLS_ECDHE_RSA_WITH_3DES_EDE_CBC_SHA, SSL_RSA_WITH_3DES_EDE_CBC_SHA, TLS_ECDH_ECDSA_WITH_3DES_EDE_CBC_SHA, TLS_ECDH_RSA_WITH_3DES_EDE_CBC_SHA, SSL_DHE_RSA_WITH_3DES_EDE_CBC_SHA, SSL_DHE_DSS_WITH_3DES_EDE_CBC_SHA, TLS_ECDHE_ECDSA_WITH_RC4_128_SHA, TLS_ECDHE_RSA_WITH_RC4_128_SHA, SSL_RSA_WITH_RC4_128_SHA, TLS_ECDH_ECDSA_WITH_RC4_128_SHA, TLS_ECDH_RSA_WITH_RC4_128_SHA, SSL_RSA_WITH_RC4_128_MD5, TLS_EMPTY_RENEGOTIATION_INFO_SCSV]
02:36:39.529 [Test worker] DEBUG o.a.h.c.s.SSLConnectionSocketFactory - Starting handshake
02:36:39.675 [Test worker] DEBUG o.a.h.c.s.SSLConnectionSocketFactory - Secure session established
02:36:39.675 [Test worker] DEBUG o.a.h.c.s.SSLConnectionSocketFactory -  negotiated protocol: TLSv1
02:36:39.675 [Test worker] DEBUG o.a.h.c.s.SSLConnectionSocketFactory -  negotiated cipher suite: TLS_ECDHE_RSA_WITH_AES_128_CBC_SHA
02:36:39.675 [Test worker] DEBUG o.a.h.c.s.SSLConnectionSocketFactory -  peer principal: CN=Thesis
02:36:39.677 [Test worker] DEBUG o.a.h.c.s.SSLConnectionSocketFactory -  issuer principal: EMAILADDRESS=sha@yamil.com, CN=Thesis, OU=Open, O=Fra, L=BER, ST=BER, C=DE
02:36:39.692 [Test worker] DEBUG o.a.h.i.c.DefaultHttpClientConnectionOperator - Connection established 127.0.0.1:41676<->127.0.1.1:2376
02:36:39.692 [Test worker] DEBUG o.a.h.impl.execchain.MainClientExec - Executing request POST /networks/5de830b93db6ab32fc7b38776b4d6539f76d8e289e55b7793ed199fd3c5284a4/connect HTTP/1.1
02:36:39.692 [Test worker] DEBUG o.a.h.impl.execchain.MainClientExec - Target auth state: UNCHALLENGED
02:36:39.692 [Test worker] DEBUG o.a.h.impl.execchain.MainClientExec - Proxy auth state: UNCHALLENGED
02:36:39.692 [Test worker] DEBUG org.apache.http.headers - http-outgoing-188 >> POST /networks/5de830b93db6ab32fc7b38776b4d6539f76d8e289e55b7793ed199fd3c5284a4/connect HTTP/1.1
02:36:39.693 [Test worker] DEBUG org.apache.http.headers - http-outgoing-188 >> Content-Type: application/json
02:36:39.693 [Test worker] DEBUG org.apache.http.headers - http-outgoing-188 >> User-Agent: Jersey/2.23.1 (Apache HttpClient 4.5.1)
02:36:39.693 [Test worker] DEBUG org.apache.http.headers - http-outgoing-188 >> Transfer-Encoding: chunked
02:36:39.693 [Test worker] DEBUG org.apache.http.headers - http-outgoing-188 >> Host: Thesis:2376
02:36:39.693 [Test worker] DEBUG org.apache.http.headers - http-outgoing-188 >> Connection: Keep-Alive
02:36:39.693 [Test worker] DEBUG org.apache.http.headers - http-outgoing-188 >> Accept-Encoding: gzip,deflate
02:36:39.693 [Test worker] DEBUG c.g.d.j.JerseyDockerCmdExecFactory - 35 * Sending client request on thread Test worker
35 > POST https://Thesis:2376/networks/5de830b93db6ab32fc7b38776b4d6539f76d8e289e55b7793ed199fd3c5284a4/connect
35 > Content-Type: application/json
{"containerConfig":{"IPAMConfig":{"IPv4Address":null,"IPv6Address":null},"Links":null,"Aliases":null,"NetworkID":null,"EndpointID":null,"Gateway":null,"IPAddress":null,"IPPrefixLen":null,"IPv6Gateway":null,"GlobalIPv6Address":null,"GlobalIPv6PrefixLen":null,"MacAddress":null},"Container":"890bc9b3536f763020022d3ed4d9ce50e1af116181a8cc0ab7666e5f064e495c","EndpointConfig":{"IPAMConfig":{"IPv4Address":null,"IPv6Address":null},"Links":null,"Aliases":null,"NetworkID":null,"EndpointID":null,"Gateway":null,"IPAddress":null,"IPPrefixLen":null,"IPv6Gateway":null,"GlobalIPv6Address":null,"GlobalIPv6PrefixLen":null,"MacAddress":null}}

02:36:39.693 [Test worker] DEBUG org.apache.http.wire - http-outgoing-188 >> "POST /networks/5de830b93db6ab32fc7b38776b4d6539f76d8e289e55b7793ed199fd3c5284a4/connect HTTP/1.1[\r][\n]"
02:36:39.694 [Test worker] DEBUG org.apache.http.wire - http-outgoing-188 >> "Content-Type: application/json[\r][\n]"
02:36:39.694 [Test worker] DEBUG org.apache.http.wire - http-outgoing-188 >> "User-Agent: Jersey/2.23.1 (Apache HttpClient 4.5.1)[\r][\n]"
02:36:39.694 [Test worker] DEBUG org.apache.http.wire - http-outgoing-188 >> "Transfer-Encoding: chunked[\r][\n]"
02:36:39.694 [Test worker] DEBUG org.apache.http.wire - http-outgoing-188 >> "Host: Thesis:2376[\r][\n]"
02:36:39.694 [Test worker] DEBUG org.apache.http.wire - http-outgoing-188 >> "Connection: Keep-Alive[\r][\n]"
02:36:39.694 [Test worker] DEBUG org.apache.http.wire - http-outgoing-188 >> "Accept-Encoding: gzip,deflate[\r][\n]"
02:36:39.694 [Test worker] DEBUG org.apache.http.wire - http-outgoing-188 >> "[\r][\n]"
02:36:39.694 [Test worker] DEBUG org.apache.http.wire - http-outgoing-188 >> "277[\r][\n]"
02:36:39.694 [Test worker] DEBUG org.apache.http.wire - http-outgoing-188 >> "{"containerConfig":{"IPAMConfig":{"IPv4Address":null,"IPv6Address":null},"Links":null,"Aliases":null,"NetworkID":null,"EndpointID":null,"Gateway":null,"IPAddress":null,"IPPrefixLen":null,"IPv6Gateway":null,"GlobalIPv6Address":null,"GlobalIPv6PrefixLen":null,"MacAddress":null},"Container":"890bc9b3536f763020022d3ed4d9ce50e1af116181a8cc0ab7666e5f064e495c","EndpointConfig":{"IPAMConfig":{"IPv4Address":null,"IPv6Address":null},"Links":null,"Aliases":null,"NetworkID":null,"EndpointID":null,"Gateway":null,"IPAddress":null,"IPPrefixLen":null,"IPv6Gateway":null,"GlobalIPv6Address":null,"GlobalIPv6PrefixLen":null,"MacAddress":null}}[\r][\n]"
02:36:39.694 [Test worker] DEBUG org.apache.http.wire - http-outgoing-188 >> "0[\r][\n]"
02:36:39.694 [Test worker] DEBUG org.apache.http.wire - http-outgoing-188 >> "[\r][\n]"
02:36:39.923 [Test worker] DEBUG org.apache.http.wire - http-outgoing-188 << "H"
02:36:39.923 [Test worker] DEBUG org.apache.http.wire - http-outgoing-188 << "TTP/1.1 200 OK[\r][\n]"
02:36:39.923 [Test worker] DEBUG org.apache.http.wire - http-outgoing-188 << "Server: Docker/1.12.3 (linux)[\r][\n]"
02:36:39.923 [Test worker] DEBUG org.apache.http.wire - http-outgoing-188 << "Date: Tue, 03 Jan 2017 01:36:39 GMT[\r][\n]"
02:36:39.923 [Test worker] DEBUG org.apache.http.wire - http-outgoing-188 << "Content-Length: 0[\r][\n]"
02:36:39.923 [Test worker] DEBUG org.apache.http.wire - http-outgoing-188 << "Content-Type: text/plain; charset=utf-8[\r][\n]"
02:36:39.923 [Test worker] DEBUG org.apache.http.wire - http-outgoing-188 << "[\r][\n]"
02:36:39.923 [Test worker] DEBUG org.apache.http.headers - http-outgoing-188 << HTTP/1.1 200 OK
02:36:39.923 [Test worker] DEBUG org.apache.http.headers - http-outgoing-188 << Server: Docker/1.12.3 (linux)
02:36:39.923 [Test worker] DEBUG org.apache.http.headers - http-outgoing-188 << Date: Tue, 03 Jan 2017 01:36:39 GMT
02:36:39.923 [Test worker] DEBUG org.apache.http.headers - http-outgoing-188 << Content-Length: 0
02:36:39.923 [Test worker] DEBUG org.apache.http.headers - http-outgoing-188 << Content-Type: text/plain; charset=utf-8
02:36:39.923 [Test worker] DEBUG o.a.h.impl.execchain.MainClientExec - Connection can be kept alive indefinitely
02:36:39.923 [Test worker] DEBUG c.g.d.j.JerseyDockerCmdExecFactory$1 - Connection [id: 188][route: {s}->https://Thesis:2376][state: CN=Thesis] can be kept alive indefinitely
02:36:39.923 [Test worker] DEBUG c.g.d.j.JerseyDockerCmdExecFactory$1 - Connection released: [id: 188][route: {s}->https://Thesis:2376][state: CN=Thesis][total kept alive: 2; route allocated: 2 of 2; total allocated: 2 of 20]
02:36:39.923 [Test worker] DEBUG c.g.d.j.JerseyDockerCmdExecFactory - 36 * Client response received on thread Test worker
36 < 200
36 < Content-Length: 0
36 < Content-Type: application/json;charset=utf-8
36 < Date: Tue, 03 Jan 2017 01:36:39 GMT
36 < Server: Docker/1.12.3 (linux)

02:36:39.923 [Test worker] INFO  org.openbaton.docker.DockerVim - Container connected to the Network Successfully
02:36:39.923 [Test worker] DEBUG c.g.d.core.command.AbstrDockerCmd - Cmd: 1265d4f13b2058f8e2d1c84c8ed5e2124475cafb35f67c0eed0d23ccb955a7f6,890bc9b3536f763020022d3ed4d9ce50e1af116181a8cc0ab7666e5f064e495c,com.github.dockerjava.api.model.ContainerNetwork@6372d3ed[ipamConfig=com.github.dockerjava.api.model.ContainerNetwork$Ipam@7b79f9d,links=<null>,aliases=<null>,networkID=<null>,endpointId=<null>,gateway=<null>,ipAddress=<null>,ipPrefixLen=<null>,ipV6Gateway=<null>,globalIPv6Address=<null>,globalIPv6PrefixLen=<null>,macAddress=<null>],com.github.dockerjava.jaxrs.ConnectToNetworkCmdExec@28500060
02:36:39.924 [Test worker] DEBUG o.a.h.c.protocol.RequestAddCookies - CookieSpec selected: default
02:36:39.924 [Test worker] DEBUG o.a.h.c.protocol.RequestAuthCache - Auth cache not set in the context
02:36:39.924 [Test worker] DEBUG c.g.d.j.JerseyDockerCmdExecFactory$1 - Connection request: [route: {s}->https://Thesis:2376][total kept alive: 2; route allocated: 2 of 2; total allocated: 2 of 20]
02:36:39.924 [Test worker] DEBUG o.a.h.i.c.DefaultManagedHttpClientConnection - http-outgoing-187: Close connection
02:36:39.925 [Test worker] DEBUG c.g.d.j.JerseyDockerCmdExecFactory$1 - Connection leased: [id: 189][route: {s}->https://Thesis:2376][total kept alive: 1; route allocated: 2 of 2; total allocated: 2 of 20]
02:36:39.925 [Test worker] DEBUG o.a.h.impl.execchain.MainClientExec - Opening connection {s}->https://Thesis:2376
02:36:39.925 [Test worker] DEBUG o.a.h.i.c.DefaultHttpClientConnectionOperator - Connecting to Thesis/127.0.1.1:2376
02:36:39.925 [Test worker] DEBUG o.a.h.c.s.SSLConnectionSocketFactory - Connecting socket to Thesis/127.0.1.1:2376 with timeout 0
02:36:39.926 [Test worker] DEBUG o.a.h.c.s.SSLConnectionSocketFactory - Enabled protocols: [TLSv1]
02:36:39.926 [Test worker] DEBUG o.a.h.c.s.SSLConnectionSocketFactory - Enabled cipher suites:[TLS_ECDHE_ECDSA_WITH_AES_128_CBC_SHA, TLS_ECDHE_RSA_WITH_AES_128_CBC_SHA, TLS_RSA_WITH_AES_128_CBC_SHA, TLS_ECDH_ECDSA_WITH_AES_128_CBC_SHA, TLS_ECDH_RSA_WITH_AES_128_CBC_SHA, TLS_DHE_RSA_WITH_AES_128_CBC_SHA, TLS_DHE_DSS_WITH_AES_128_CBC_SHA, TLS_ECDHE_ECDSA_WITH_3DES_EDE_CBC_SHA, TLS_ECDHE_RSA_WITH_3DES_EDE_CBC_SHA, SSL_RSA_WITH_3DES_EDE_CBC_SHA, TLS_ECDH_ECDSA_WITH_3DES_EDE_CBC_SHA, TLS_ECDH_RSA_WITH_3DES_EDE_CBC_SHA, SSL_DHE_RSA_WITH_3DES_EDE_CBC_SHA, SSL_DHE_DSS_WITH_3DES_EDE_CBC_SHA, TLS_ECDHE_ECDSA_WITH_RC4_128_SHA, TLS_ECDHE_RSA_WITH_RC4_128_SHA, SSL_RSA_WITH_RC4_128_SHA, TLS_ECDH_ECDSA_WITH_RC4_128_SHA, TLS_ECDH_RSA_WITH_RC4_128_SHA, SSL_RSA_WITH_RC4_128_MD5, TLS_EMPTY_RENEGOTIATION_INFO_SCSV]
02:36:39.926 [Test worker] DEBUG o.a.h.c.s.SSLConnectionSocketFactory - Starting handshake
02:36:40.021 [Test worker] DEBUG o.a.h.c.s.SSLConnectionSocketFactory - Secure session established
02:36:40.021 [Test worker] DEBUG o.a.h.c.s.SSLConnectionSocketFactory -  negotiated protocol: TLSv1
02:36:40.021 [Test worker] DEBUG o.a.h.c.s.SSLConnectionSocketFactory -  negotiated cipher suite: TLS_ECDHE_RSA_WITH_AES_128_CBC_SHA
02:36:40.021 [Test worker] DEBUG o.a.h.c.s.SSLConnectionSocketFactory -  peer principal: CN=Thesis
02:36:40.021 [Test worker] DEBUG o.a.h.c.s.SSLConnectionSocketFactory -  issuer principal: EMAILADDRESS=sha@yamil.com, CN=Thesis, OU=Open, O=Fra, L=BER, ST=BER, C=DE
02:36:40.021 [Test worker] DEBUG o.a.h.i.c.DefaultHttpClientConnectionOperator - Connection established 127.0.0.1:41678<->127.0.1.1:2376
02:36:40.021 [Test worker] DEBUG o.a.h.impl.execchain.MainClientExec - Executing request POST /networks/1265d4f13b2058f8e2d1c84c8ed5e2124475cafb35f67c0eed0d23ccb955a7f6/connect HTTP/1.1
02:36:40.021 [Test worker] DEBUG o.a.h.impl.execchain.MainClientExec - Target auth state: UNCHALLENGED
02:36:40.021 [Test worker] DEBUG o.a.h.impl.execchain.MainClientExec - Proxy auth state: UNCHALLENGED
02:36:40.021 [Test worker] DEBUG org.apache.http.headers - http-outgoing-189 >> POST /networks/1265d4f13b2058f8e2d1c84c8ed5e2124475cafb35f67c0eed0d23ccb955a7f6/connect HTTP/1.1
02:36:40.025 [Test worker] DEBUG org.apache.http.headers - http-outgoing-189 >> Content-Type: application/json
02:36:40.025 [Test worker] DEBUG org.apache.http.headers - http-outgoing-189 >> User-Agent: Jersey/2.23.1 (Apache HttpClient 4.5.1)
02:36:40.025 [Test worker] DEBUG org.apache.http.headers - http-outgoing-189 >> Transfer-Encoding: chunked
02:36:40.025 [Test worker] DEBUG org.apache.http.headers - http-outgoing-189 >> Host: Thesis:2376
02:36:40.025 [Test worker] DEBUG org.apache.http.headers - http-outgoing-189 >> Connection: Keep-Alive
02:36:40.025 [Test worker] DEBUG org.apache.http.headers - http-outgoing-189 >> Accept-Encoding: gzip,deflate
02:36:40.026 [Test worker] DEBUG c.g.d.j.JerseyDockerCmdExecFactory - 37 * Sending client request on thread Test worker
37 > POST https://Thesis:2376/networks/1265d4f13b2058f8e2d1c84c8ed5e2124475cafb35f67c0eed0d23ccb955a7f6/connect
37 > Content-Type: application/json
{"containerConfig":{"IPAMConfig":{"IPv4Address":null,"IPv6Address":null},"Links":null,"Aliases":null,"NetworkID":null,"EndpointID":null,"Gateway":null,"IPAddress":null,"IPPrefixLen":null,"IPv6Gateway":null,"GlobalIPv6Address":null,"GlobalIPv6PrefixLen":null,"MacAddress":null},"Container":"890bc9b3536f763020022d3ed4d9ce50e1af116181a8cc0ab7666e5f064e495c","EndpointConfig":{"IPAMConfig":{"IPv4Address":null,"IPv6Address":null},"Links":null,"Aliases":null,"NetworkID":null,"EndpointID":null,"Gateway":null,"IPAddress":null,"IPPrefixLen":null,"IPv6Gateway":null,"GlobalIPv6Address":null,"GlobalIPv6PrefixLen":null,"MacAddress":null}}

02:36:40.026 [Test worker] DEBUG org.apache.http.wire - http-outgoing-189 >> "POST /networks/1265d4f13b2058f8e2d1c84c8ed5e2124475cafb35f67c0eed0d23ccb955a7f6/connect HTTP/1.1[\r][\n]"
02:36:40.026 [Test worker] DEBUG org.apache.http.wire - http-outgoing-189 >> "Content-Type: application/json[\r][\n]"
02:36:40.026 [Test worker] DEBUG org.apache.http.wire - http-outgoing-189 >> "User-Agent: Jersey/2.23.1 (Apache HttpClient 4.5.1)[\r][\n]"
02:36:40.026 [Test worker] DEBUG org.apache.http.wire - http-outgoing-189 >> "Transfer-Encoding: chunked[\r][\n]"
02:36:40.026 [Test worker] DEBUG org.apache.http.wire - http-outgoing-189 >> "Host: Thesis:2376[\r][\n]"
02:36:40.026 [Test worker] DEBUG org.apache.http.wire - http-outgoing-189 >> "Connection: Keep-Alive[\r][\n]"
02:36:40.026 [Test worker] DEBUG org.apache.http.wire - http-outgoing-189 >> "Accept-Encoding: gzip,deflate[\r][\n]"
02:36:40.026 [Test worker] DEBUG org.apache.http.wire - http-outgoing-189 >> "[\r][\n]"
02:36:40.026 [Test worker] DEBUG org.apache.http.wire - http-outgoing-189 >> "277[\r][\n]"
02:36:40.026 [Test worker] DEBUG org.apache.http.wire - http-outgoing-189 >> "{"containerConfig":{"IPAMConfig":{"IPv4Address":null,"IPv6Address":null},"Links":null,"Aliases":null,"NetworkID":null,"EndpointID":null,"Gateway":null,"IPAddress":null,"IPPrefixLen":null,"IPv6Gateway":null,"GlobalIPv6Address":null,"GlobalIPv6PrefixLen":null,"MacAddress":null},"Container":"890bc9b3536f763020022d3ed4d9ce50e1af116181a8cc0ab7666e5f064e495c","EndpointConfig":{"IPAMConfig":{"IPv4Address":null,"IPv6Address":null},"Links":null,"Aliases":null,"NetworkID":null,"EndpointID":null,"Gateway":null,"IPAddress":null,"IPPrefixLen":null,"IPv6Gateway":null,"GlobalIPv6Address":null,"GlobalIPv6PrefixLen":null,"MacAddress":null}}[\r][\n]"
02:36:40.026 [Test worker] DEBUG org.apache.http.wire - http-outgoing-189 >> "0[\r][\n]"
02:36:40.026 [Test worker] DEBUG org.apache.http.wire - http-outgoing-189 >> "[\r][\n]"
02:36:40.076 [Test worker] DEBUG org.apache.http.wire - http-outgoing-189 << "H"
02:36:40.076 [Test worker] DEBUG org.apache.http.wire - http-outgoing-189 << "TTP/1.1 200 OK[\r][\n]"
02:36:40.076 [Test worker] DEBUG org.apache.http.wire - http-outgoing-189 << "Server: Docker/1.12.3 (linux)[\r][\n]"
02:36:40.076 [Test worker] DEBUG org.apache.http.wire - http-outgoing-189 << "Date: Tue, 03 Jan 2017 01:36:40 GMT[\r][\n]"
02:36:40.077 [Test worker] DEBUG org.apache.http.wire - http-outgoing-189 << "Content-Length: 0[\r][\n]"
02:36:40.077 [Test worker] DEBUG org.apache.http.wire - http-outgoing-189 << "Content-Type: text/plain; charset=utf-8[\r][\n]"
02:36:40.077 [Test worker] DEBUG org.apache.http.wire - http-outgoing-189 << "[\r][\n]"
02:36:40.077 [Test worker] DEBUG org.apache.http.headers - http-outgoing-189 << HTTP/1.1 200 OK
02:36:40.077 [Test worker] DEBUG org.apache.http.headers - http-outgoing-189 << Server: Docker/1.12.3 (linux)
02:36:40.077 [Test worker] DEBUG org.apache.http.headers - http-outgoing-189 << Date: Tue, 03 Jan 2017 01:36:40 GMT
02:36:40.077 [Test worker] DEBUG org.apache.http.headers - http-outgoing-189 << Content-Length: 0
02:36:40.077 [Test worker] DEBUG org.apache.http.headers - http-outgoing-189 << Content-Type: text/plain; charset=utf-8
02:36:40.077 [Test worker] DEBUG o.a.h.impl.execchain.MainClientExec - Connection can be kept alive indefinitely
02:36:40.077 [Test worker] DEBUG c.g.d.j.JerseyDockerCmdExecFactory$1 - Connection [id: 189][route: {s}->https://Thesis:2376][state: CN=Thesis] can be kept alive indefinitely
02:36:40.077 [Test worker] DEBUG c.g.d.j.JerseyDockerCmdExecFactory$1 - Connection released: [id: 189][route: {s}->https://Thesis:2376][state: CN=Thesis][total kept alive: 2; route allocated: 2 of 2; total allocated: 2 of 20]
02:36:40.077 [Test worker] DEBUG c.g.d.j.JerseyDockerCmdExecFactory - 38 * Client response received on thread Test worker
38 < 200
38 < Content-Length: 0
38 < Content-Type: application/json;charset=utf-8
38 < Date: Tue, 03 Jan 2017 01:36:40 GMT
38 < Server: Docker/1.12.3 (linux)

02:36:40.077 [Test worker] INFO  org.openbaton.docker.DockerVim - Container connected to the Network Successfully
02:36:40.077 [Test worker] DEBUG c.g.d.core.command.AbstrDockerCmd - Cmd: 5de830b93db6ab32fc7b38776b4d6539f76d8e289e55b7793ed199fd3c5284a4,com.github.dockerjava.jaxrs.InspectNetworkCmdExec@68f392bc
02:36:40.077 [Test worker] DEBUG c.g.d.jaxrs.ListNetworksCmdExec - GET: JerseyWebTarget { https://Thesis:2376/networks/5de830b93db6ab32fc7b38776b4d6539f76d8e289e55b7793ed199fd3c5284a4 }
02:36:40.078 [Test worker] DEBUG c.g.d.j.JerseyDockerCmdExecFactory - 39 * Sending client request on thread Test worker
39 > GET https://Thesis:2376/networks/5de830b93db6ab32fc7b38776b4d6539f76d8e289e55b7793ed199fd3c5284a4
39 > Accept: application/json

02:36:40.078 [Test worker] DEBUG o.a.h.c.protocol.RequestAddCookies - CookieSpec selected: default
02:36:40.078 [Test worker] DEBUG o.a.h.c.protocol.RequestAuthCache - Auth cache not set in the context
02:36:40.078 [Test worker] DEBUG c.g.d.j.JerseyDockerCmdExecFactory$1 - Connection request: [route: {s}->https://Thesis:2376][total kept alive: 2; route allocated: 2 of 2; total allocated: 2 of 20]
02:36:40.078 [Test worker] DEBUG o.a.h.i.c.DefaultManagedHttpClientConnection - http-outgoing-188: Close connection
02:36:40.078 [Test worker] DEBUG c.g.d.j.JerseyDockerCmdExecFactory$1 - Connection leased: [id: 190][route: {s}->https://Thesis:2376][total kept alive: 1; route allocated: 2 of 2; total allocated: 2 of 20]
02:36:40.078 [Test worker] DEBUG o.a.h.impl.execchain.MainClientExec - Opening connection {s}->https://Thesis:2376
02:36:40.078 [Test worker] DEBUG o.a.h.i.c.DefaultHttpClientConnectionOperator - Connecting to Thesis/127.0.1.1:2376
02:36:40.078 [Test worker] DEBUG o.a.h.c.s.SSLConnectionSocketFactory - Connecting socket to Thesis/127.0.1.1:2376 with timeout 0
02:36:40.081 [Test worker] DEBUG o.a.h.c.s.SSLConnectionSocketFactory - Enabled protocols: [TLSv1]
02:36:40.081 [Test worker] DEBUG o.a.h.c.s.SSLConnectionSocketFactory - Enabled cipher suites:[TLS_ECDHE_ECDSA_WITH_AES_128_CBC_SHA, TLS_ECDHE_RSA_WITH_AES_128_CBC_SHA, TLS_RSA_WITH_AES_128_CBC_SHA, TLS_ECDH_ECDSA_WITH_AES_128_CBC_SHA, TLS_ECDH_RSA_WITH_AES_128_CBC_SHA, TLS_DHE_RSA_WITH_AES_128_CBC_SHA, TLS_DHE_DSS_WITH_AES_128_CBC_SHA, TLS_ECDHE_ECDSA_WITH_3DES_EDE_CBC_SHA, TLS_ECDHE_RSA_WITH_3DES_EDE_CBC_SHA, SSL_RSA_WITH_3DES_EDE_CBC_SHA, TLS_ECDH_ECDSA_WITH_3DES_EDE_CBC_SHA, TLS_ECDH_RSA_WITH_3DES_EDE_CBC_SHA, SSL_DHE_RSA_WITH_3DES_EDE_CBC_SHA, SSL_DHE_DSS_WITH_3DES_EDE_CBC_SHA, TLS_ECDHE_ECDSA_WITH_RC4_128_SHA, TLS_ECDHE_RSA_WITH_RC4_128_SHA, SSL_RSA_WITH_RC4_128_SHA, TLS_ECDH_ECDSA_WITH_RC4_128_SHA, TLS_ECDH_RSA_WITH_RC4_128_SHA, SSL_RSA_WITH_RC4_128_MD5, TLS_EMPTY_RENEGOTIATION_INFO_SCSV]
02:36:40.081 [Test worker] DEBUG o.a.h.c.s.SSLConnectionSocketFactory - Starting handshake
02:36:40.184 [Test worker] DEBUG o.a.h.c.s.SSLConnectionSocketFactory - Secure session established
02:36:40.184 [Test worker] DEBUG o.a.h.c.s.SSLConnectionSocketFactory -  negotiated protocol: TLSv1
02:36:40.185 [Test worker] DEBUG o.a.h.c.s.SSLConnectionSocketFactory -  negotiated cipher suite: TLS_ECDHE_RSA_WITH_AES_128_CBC_SHA
02:36:40.185 [Test worker] DEBUG o.a.h.c.s.SSLConnectionSocketFactory -  peer principal: CN=Thesis
02:36:40.185 [Test worker] DEBUG o.a.h.c.s.SSLConnectionSocketFactory -  issuer principal: EMAILADDRESS=sha@yamil.com, CN=Thesis, OU=Open, O=Fra, L=BER, ST=BER, C=DE
02:36:40.185 [Test worker] DEBUG o.a.h.i.c.DefaultHttpClientConnectionOperator - Connection established 127.0.0.1:41680<->127.0.1.1:2376
02:36:40.185 [Test worker] DEBUG o.a.h.impl.execchain.MainClientExec - Executing request GET /networks/5de830b93db6ab32fc7b38776b4d6539f76d8e289e55b7793ed199fd3c5284a4 HTTP/1.1
02:36:40.185 [Test worker] DEBUG o.a.h.impl.execchain.MainClientExec - Target auth state: UNCHALLENGED
02:36:40.185 [Test worker] DEBUG o.a.h.impl.execchain.MainClientExec - Proxy auth state: UNCHALLENGED
02:36:40.185 [Test worker] DEBUG org.apache.http.headers - http-outgoing-190 >> GET /networks/5de830b93db6ab32fc7b38776b4d6539f76d8e289e55b7793ed199fd3c5284a4 HTTP/1.1
02:36:40.185 [Test worker] DEBUG org.apache.http.headers - http-outgoing-190 >> Accept: application/json
02:36:40.185 [Test worker] DEBUG org.apache.http.headers - http-outgoing-190 >> User-Agent: Jersey/2.23.1 (Apache HttpClient 4.5.1)
02:36:40.185 [Test worker] DEBUG org.apache.http.headers - http-outgoing-190 >> Host: Thesis:2376
02:36:40.185 [Test worker] DEBUG org.apache.http.headers - http-outgoing-190 >> Connection: Keep-Alive
02:36:40.185 [Test worker] DEBUG org.apache.http.headers - http-outgoing-190 >> Accept-Encoding: gzip,deflate
02:36:40.185 [Test worker] DEBUG org.apache.http.wire - http-outgoing-190 >> "GET /networks/5de830b93db6ab32fc7b38776b4d6539f76d8e289e55b7793ed199fd3c5284a4 HTTP/1.1[\r][\n]"
02:36:40.185 [Test worker] DEBUG org.apache.http.wire - http-outgoing-190 >> "Accept: application/json[\r][\n]"
02:36:40.185 [Test worker] DEBUG org.apache.http.wire - http-outgoing-190 >> "User-Agent: Jersey/2.23.1 (Apache HttpClient 4.5.1)[\r][\n]"
02:36:40.185 [Test worker] DEBUG org.apache.http.wire - http-outgoing-190 >> "Host: Thesis:2376[\r][\n]"
02:36:40.185 [Test worker] DEBUG org.apache.http.wire - http-outgoing-190 >> "Connection: Keep-Alive[\r][\n]"
02:36:40.186 [Test worker] DEBUG org.apache.http.wire - http-outgoing-190 >> "Accept-Encoding: gzip,deflate[\r][\n]"
02:36:40.186 [Test worker] DEBUG org.apache.http.wire - http-outgoing-190 >> "[\r][\n]"
02:36:40.186 [Test worker] DEBUG org.apache.http.wire - http-outgoing-190 << "H"
02:36:40.186 [Test worker] DEBUG org.apache.http.wire - http-outgoing-190 << "TTP/1.1 200 OK[\r][\n]"
02:36:40.186 [Test worker] DEBUG org.apache.http.wire - http-outgoing-190 << "Content-Type: application/json[\r][\n]"
02:36:40.186 [Test worker] DEBUG org.apache.http.wire - http-outgoing-190 << "Server: Docker/1.12.3 (linux)[\r][\n]"
02:36:40.186 [Test worker] DEBUG org.apache.http.wire - http-outgoing-190 << "Date: Tue, 03 Jan 2017 01:36:40 GMT[\r][\n]"
02:36:40.186 [Test worker] DEBUG org.apache.http.wire - http-outgoing-190 << "Content-Length: 811[\r][\n]"
02:36:40.186 [Test worker] DEBUG org.apache.http.wire - http-outgoing-190 << "[\r][\n]"
02:36:40.186 [Test worker] DEBUG org.apache.http.wire - http-outgoing-190 << "{"Name":"MyNetwork","Id":"5de830b93db6ab32fc7b38776b4d6539f76d8e289e55b7793ed199fd3c5284a4","Scope":"local","Driver":"bridge","EnableIPv6":false,"IPAM":{"Driver":"default","Options":null,"Config":[{"Subnet":"172.18.0.0/16","Gateway":"172.18.0.1/16"}]},"Internal":false,"Containers":{"890bc9b3536f763020022d3ed4d9ce50e1af116181a8cc0ab7666e5f064e495c":{"Name":"MyContainer2","EndpointID":"90a2ca1f46dcb8804801a08163b864817dc7249711b934f770c92ecedfe62af1","MacAddress":"02:42:ac:12:00:03","IPv4Address":"172.18.0.3/16","IPv6Address":""},"a87e12af34d47622ccc8018ba2290e698dcb75543c25fe3ca367ca002095e953":{"Name":"MyContainer","EndpointID":"82227596f4260f199a9efebb53af784c6266d131b10a72f0d09cf3365c5da708","MacAddress":"02:42:ac:12:00:02","IPv4Address":"172.18.0.2/16","IPv6Address":""}},"Options":{},"Labels":{}}[\n]"
02:36:40.186 [Test worker] DEBUG org.apache.http.headers - http-outgoing-190 << HTTP/1.1 200 OK
02:36:40.187 [Test worker] DEBUG org.apache.http.headers - http-outgoing-190 << Content-Type: application/json
02:36:40.187 [Test worker] DEBUG org.apache.http.headers - http-outgoing-190 << Server: Docker/1.12.3 (linux)
02:36:40.187 [Test worker] DEBUG org.apache.http.headers - http-outgoing-190 << Date: Tue, 03 Jan 2017 01:36:40 GMT
02:36:40.187 [Test worker] DEBUG org.apache.http.headers - http-outgoing-190 << Content-Length: 811
02:36:40.187 [Test worker] DEBUG o.a.h.impl.execchain.MainClientExec - Connection can be kept alive indefinitely
02:36:40.187 [Test worker] DEBUG c.g.d.j.JerseyDockerCmdExecFactory - 40 * Client response received on thread Test worker
40 < 200
40 < Content-Length: 811
40 < Content-Type: application/json
40 < Date: Tue, 03 Jan 2017 01:36:40 GMT
40 < Server: Docker/1.12.3 (linux)
{"Name":"MyNetwork","Id":"5de830b93db6ab32fc7b38776b4d6539f76d8e289e55b7793ed199fd3c5284a4","Scope":"local","Driver":"bridge","EnableIPv6":false,"IPAM":{"Driver":"default","Options":null,"Config":[{"Subnet":"172.18.0.0/16","Gateway":"172.18.0.1/16"}]},"Internal":false,"Containers":{"890bc9b3536f763020022d3ed4d9ce50e1af116181a8cc0ab7666e5f064e495c":{"Name":"MyContainer2","EndpointID":"90a2ca1f46dcb8804801a08163b864817dc7249711b934f770c92ecedfe62af1","MacAddress":"02:42:ac:12:00:03","IPv4Address":"172.18.0.3/16","IPv6Address":""},"a87e12af34d47622ccc8018ba2290e698dcb75543c25fe3ca367ca002095e953":{"Name":"MyContainer","EndpointID":"82227596f4260f199a9efebb53af784c6266d131b10a72f0d09cf3365c5da708","MacAddress":"02:42:ac:12:00:02","IPv4Address":"172.18.0.2/16","IPv6Address":""}},"Options":{},"Labels":{}}


02:36:40.188 [Test worker] DEBUG o.a.h.i.c.DefaultManagedHttpClientConnection - http-outgoing-190: Close connection
02:36:40.188 [Test worker] DEBUG o.a.h.impl.execchain.MainClientExec - Connection discarded
02:36:40.188 [Test worker] DEBUG c.g.d.j.JerseyDockerCmdExecFactory$1 - Connection released: [id: 190][route: {s}->https://Thesis:2376][total kept alive: 1; route allocated: 1 of 2; total allocated: 1 of 20]
02:36:40.188 [Test worker] DEBUG c.g.d.core.command.AbstrDockerCmd - Cmd: a87e12af34d47622ccc8018ba2290e698dcb75543c25fe3ca367ca002095e953,false,com.github.dockerjava.jaxrs.InspectContainerCmdExec@7381d4e0
02:36:40.188 [Test worker] DEBUG c.g.d.jaxrs.InspectContainerCmdExec - GET: JerseyWebTarget { https://Thesis:2376/containers/a87e12af34d47622ccc8018ba2290e698dcb75543c25fe3ca367ca002095e953/json }
02:36:40.188 [Test worker] DEBUG c.g.d.j.JerseyDockerCmdExecFactory - 41 * Sending client request on thread Test worker
41 > GET https://Thesis:2376/containers/a87e12af34d47622ccc8018ba2290e698dcb75543c25fe3ca367ca002095e953/json
41 > Accept: application/json

02:36:40.189 [Test worker] DEBUG o.a.h.c.protocol.RequestAddCookies - CookieSpec selected: default
02:36:40.189 [Test worker] DEBUG o.a.h.c.protocol.RequestAuthCache - Auth cache not set in the context
02:36:40.189 [Test worker] DEBUG c.g.d.j.JerseyDockerCmdExecFactory$1 - Connection request: [route: {s}->https://Thesis:2376][total kept alive: 1; route allocated: 1 of 2; total allocated: 1 of 20]
02:36:40.189 [Test worker] DEBUG c.g.d.j.JerseyDockerCmdExecFactory$1 - Connection leased: [id: 191][route: {s}->https://Thesis:2376][total kept alive: 1; route allocated: 2 of 2; total allocated: 2 of 20]
02:36:40.189 [Test worker] DEBUG o.a.h.impl.execchain.MainClientExec - Opening connection {s}->https://Thesis:2376
02:36:40.189 [Test worker] DEBUG o.a.h.i.c.DefaultHttpClientConnectionOperator - Connecting to Thesis/127.0.1.1:2376
02:36:40.189 [Test worker] DEBUG o.a.h.c.s.SSLConnectionSocketFactory - Connecting socket to Thesis/127.0.1.1:2376 with timeout 0
02:36:40.190 [Test worker] DEBUG o.a.h.c.s.SSLConnectionSocketFactory - Enabled protocols: [TLSv1]
02:36:40.190 [Test worker] DEBUG o.a.h.c.s.SSLConnectionSocketFactory - Enabled cipher suites:[TLS_ECDHE_ECDSA_WITH_AES_128_CBC_SHA, TLS_ECDHE_RSA_WITH_AES_128_CBC_SHA, TLS_RSA_WITH_AES_128_CBC_SHA, TLS_ECDH_ECDSA_WITH_AES_128_CBC_SHA, TLS_ECDH_RSA_WITH_AES_128_CBC_SHA, TLS_DHE_RSA_WITH_AES_128_CBC_SHA, TLS_DHE_DSS_WITH_AES_128_CBC_SHA, TLS_ECDHE_ECDSA_WITH_3DES_EDE_CBC_SHA, TLS_ECDHE_RSA_WITH_3DES_EDE_CBC_SHA, SSL_RSA_WITH_3DES_EDE_CBC_SHA, TLS_ECDH_ECDSA_WITH_3DES_EDE_CBC_SHA, TLS_ECDH_RSA_WITH_3DES_EDE_CBC_SHA, SSL_DHE_RSA_WITH_3DES_EDE_CBC_SHA, SSL_DHE_DSS_WITH_3DES_EDE_CBC_SHA, TLS_ECDHE_ECDSA_WITH_RC4_128_SHA, TLS_ECDHE_RSA_WITH_RC4_128_SHA, SSL_RSA_WITH_RC4_128_SHA, TLS_ECDH_ECDSA_WITH_RC4_128_SHA, TLS_ECDH_RSA_WITH_RC4_128_SHA, SSL_RSA_WITH_RC4_128_MD5, TLS_EMPTY_RENEGOTIATION_INFO_SCSV]
02:36:40.190 [Test worker] DEBUG o.a.h.c.s.SSLConnectionSocketFactory - Starting handshake
02:36:40.252 [Test worker] DEBUG o.a.h.c.s.SSLConnectionSocketFactory - Secure session established
02:36:40.252 [Test worker] DEBUG o.a.h.c.s.SSLConnectionSocketFactory -  negotiated protocol: TLSv1
02:36:40.252 [Test worker] DEBUG o.a.h.c.s.SSLConnectionSocketFactory -  negotiated cipher suite: TLS_ECDHE_RSA_WITH_AES_128_CBC_SHA
02:36:40.253 [Test worker] DEBUG o.a.h.c.s.SSLConnectionSocketFactory -  peer principal: CN=Thesis
02:36:40.253 [Test worker] DEBUG o.a.h.c.s.SSLConnectionSocketFactory -  issuer principal: EMAILADDRESS=sha@yamil.com, CN=Thesis, OU=Open, O=Fra, L=BER, ST=BER, C=DE
02:36:40.253 [Test worker] DEBUG o.a.h.i.c.DefaultHttpClientConnectionOperator - Connection established 127.0.0.1:41682<->127.0.1.1:2376
02:36:40.253 [Test worker] DEBUG o.a.h.impl.execchain.MainClientExec - Executing request GET /containers/a87e12af34d47622ccc8018ba2290e698dcb75543c25fe3ca367ca002095e953/json HTTP/1.1
02:36:40.253 [Test worker] DEBUG o.a.h.impl.execchain.MainClientExec - Target auth state: UNCHALLENGED
02:36:40.253 [Test worker] DEBUG o.a.h.impl.execchain.MainClientExec - Proxy auth state: UNCHALLENGED
02:36:40.253 [Test worker] DEBUG org.apache.http.headers - http-outgoing-191 >> GET /containers/a87e12af34d47622ccc8018ba2290e698dcb75543c25fe3ca367ca002095e953/json HTTP/1.1
02:36:40.253 [Test worker] DEBUG org.apache.http.headers - http-outgoing-191 >> Accept: application/json
02:36:40.253 [Test worker] DEBUG org.apache.http.headers - http-outgoing-191 >> User-Agent: Jersey/2.23.1 (Apache HttpClient 4.5.1)
02:36:40.253 [Test worker] DEBUG org.apache.http.headers - http-outgoing-191 >> Host: Thesis:2376
02:36:40.253 [Test worker] DEBUG org.apache.http.headers - http-outgoing-191 >> Connection: Keep-Alive
02:36:40.253 [Test worker] DEBUG org.apache.http.headers - http-outgoing-191 >> Accept-Encoding: gzip,deflate
02:36:40.253 [Test worker] DEBUG org.apache.http.wire - http-outgoing-191 >> "GET /containers/a87e12af34d47622ccc8018ba2290e698dcb75543c25fe3ca367ca002095e953/json HTTP/1.1[\r][\n]"
02:36:40.253 [Test worker] DEBUG org.apache.http.wire - http-outgoing-191 >> "Accept: application/json[\r][\n]"
02:36:40.253 [Test worker] DEBUG org.apache.http.wire - http-outgoing-191 >> "User-Agent: Jersey/2.23.1 (Apache HttpClient 4.5.1)[\r][\n]"
02:36:40.253 [Test worker] DEBUG org.apache.http.wire - http-outgoing-191 >> "Host: Thesis:2376[\r][\n]"
02:36:40.253 [Test worker] DEBUG org.apache.http.wire - http-outgoing-191 >> "Connection: Keep-Alive[\r][\n]"
02:36:40.254 [Test worker] DEBUG org.apache.http.wire - http-outgoing-191 >> "Accept-Encoding: gzip,deflate[\r][\n]"
02:36:40.254 [Test worker] DEBUG org.apache.http.wire - http-outgoing-191 >> "[\r][\n]"
02:36:40.254 [Test worker] DEBUG org.apache.http.wire - http-outgoing-191 << "H"
02:36:40.254 [Test worker] DEBUG org.apache.http.wire - http-outgoing-191 << "TTP/1.1 200 OK[\r][\n]"
02:36:40.254 [Test worker] DEBUG org.apache.http.wire - http-outgoing-191 << "Content-Type: application/json[\r][\n]"
02:36:40.254 [Test worker] DEBUG org.apache.http.wire - http-outgoing-191 << "Server: Docker/1.12.3 (linux)[\r][\n]"
02:36:40.254 [Test worker] DEBUG org.apache.http.wire - http-outgoing-191 << "Date: Tue, 03 Jan 2017 01:36:40 GMT[\r][\n]"
02:36:40.254 [Test worker] DEBUG org.apache.http.wire - http-outgoing-191 << "Transfer-Encoding: chunked[\r][\n]"
02:36:40.254 [Test worker] DEBUG org.apache.http.wire - http-outgoing-191 << "[\r][\n]"
02:36:40.254 [Test worker] DEBUG org.apache.http.wire - http-outgoing-191 << "1188[\r][\n]"
02:36:40.254 [Test worker] DEBUG org.apache.http.wire - http-outgoing-191 << "{"Id":"a87e12af34d47622ccc8018ba2290e698dcb75543c25fe3ca367ca002095e953","Created":"2017-01-03T01:36:38.213396867Z","Path":"sleep","Args":["99999"],"State":{"Status":"running","Running":true,"Paused":false,"Restarting":false,"OOMKilled":false,"Dead":false,"Pid":32474,"ExitCode":0,"Error":"","StartedAt":"2017-01-03T01:36:38.483437345Z","FinishedAt":"0001-01-01T00:00:00Z"},"Image":"sha256:aae2b63c49461fcae4962e4a8043f66acf8e3af7e62f5ebceb70b181d8ca01e0","ResolvConfPath":"/var/lib/docker/containers/a87e12af34d47622ccc8018ba2290e698dcb75543c25fe3ca367ca002095e953/resolv.conf","HostnamePath":"/var/lib/docker/containers/a87e12af34d47622ccc8018ba2290e698dcb75543c25fe3ca367ca002095e953/hostname","HostsPath":"/var/lib/docker/containers/a87e12af34d47622ccc8018ba2290e698dcb75543c25fe3ca367ca002095e953/hosts","LogPath":"/var/lib/docker/containers/a87e12af34d47622ccc8018ba2290e698dcb75543c25fe3ca367ca002095e953/a87e12af34d47622ccc8018ba2290e698dcb75543c25fe3ca367ca002095e953-json.log","Name":"/MyContainer","RestartCount":0,"Driver":"aufs","MountLabel":"","ProcessLabel":"","AppArmorProfile":"","ExecIDs":null,"HostConfig":{"Binds":null,"ContainerIDFile":"","LogConfig":{"Type":"json-file","Config":{}},"NetworkMode":"default","PortBindings":{"8084/tcp":[{"HostIp":"","HostPort":"8084"}]},"RestartPolicy":{"Name":"","MaximumRetryCount":0},"AutoRemove":false,"VolumeDriver":"","VolumesFrom":null,"CapAdd":null,"CapDrop":null,"Dns":null,"DnsOptions":null,"DnsSearch":null,"ExtraHosts":null,"GroupAdd":null,"IpcMode":"","Cgroup":"","Links":null,"OomScoreAdj":0,"PidMode":"","Privileged":false,"PublishAllPorts":false,"ReadonlyRootfs":false,"SecurityOpt":null,"UTSMode":"","UsernsMode":"","ShmSize":67108864,"Runtime":"runc","ConsoleSize":[0,0],"Isolation":"","CpuShares":0,"Memory":0,"CgroupParent":"","BlkioWeight":0,"BlkioWeightDevice":null,"BlkioDeviceReadBps":null,"BlkioDeviceWriteBps":null,"BlkioDeviceReadIOps":null,"BlkioDeviceWriteIOps":null,"CpuPeriod":0,"CpuQuota":0,"CpusetCpus":"","CpusetMems":"","Devices":null,"DiskQuota":0,"KernelMemory":0,"MemoryReservation":0,"MemorySwap":0,"MemorySwappiness":-1,"OomKillDisable":false,"PidsLimit":0,"Ulimits":null,"CpuCount":0,"CpuPercent":0,"IOMaximumIOps":0,"IOMaximumBandwidth":0},"GraphDriver":{"Name":"aufs","Data":null},"Mounts":[],"Config":{"Hostname":"MyContainer","Domainname":"","User":"","AttachStdin":false,"AttachStdout":false,"AttachStderr":false,"ExposedPorts":{"8084/tcp":{}},"Tty":false,"OpenStdin":false,"StdinOnce":false,"Env":["port=8080","TERM=xterm","PATH=/usr/local/sbin:/usr/local/bin:/usr/sbin:/usr/bin:/sbin:/bin"],"Cmd":["sleep","99999"],"Image":"ubuntu:14.04","Volumes":null,"WorkingDir":"","Entrypoint":null,"OnBuild":null,"Labels":{}},"NetworkSettings":{"Bridge":"","SandboxID":"ddaa90fce628f875bddf4eb14b1b417d57d66aac335b38b651bd3f551437ff11","HairpinMode":false,"LinkLocalIPv6Address":"","LinkLocalIPv6PrefixLen":0,"Ports":{"8084/tcp":[{"HostIp":"0.0.0.0","HostPort":"8084"}]},"SandboxKey":"/var/run/docker/netns/ddaa90fce628","SecondaryIPAddresses":null,"SecondaryIPv6Addresses":null,"EndpointID":"a81bf0e17bc9def52aed33bbca9fab5097a3314638afec83e08210610bcca773","Gateway":"172.17.0.1","GlobalIPv6Address":"","GlobalIPv6PrefixLen":0,"IPAddress":"172.17.0.2","IPPrefixLen":16,"IPv6Gateway":"","MacAddress":"02:42:ac:11:00:02","Networks":{"MyNetwork":{"IPAMConfig":{},"Links":null,"Aliases":["a87e12af34d4"],"NetworkID":"5de830b93db6ab32fc7b38776b4d6539f76d8e289e55b7793ed199fd3c5284a4","EndpointID":"82227596f4260f199a9efebb53af784c6266d131b10a72f0d09cf3365c5da708","Gateway":"172.18.0.1","IPAddress":"172.18.0.2","IPPrefixLen":16,"IPv6Gateway":"","GlobalIPv6Address":"","GlobalIPv6PrefixLen":0,"MacAddress":"02:42:ac:12:00:02"},"MyNetwork2":{"IPAMConfig":{},"Links":null,"Aliases":["a87e12af34d4"],"NetworkID":"1265d4f13b2058f8e2d1c84c8ed5e2124475cafb35f67c0eed0d23ccb955a7f6","EndpointID":"e4cea37ab3f6abf0efb3e3c32e68504c59647e0de7ecbdfbe6386164e297644b""
02:36:40.254 [Test worker] DEBUG org.apache.http.headers - http-outgoing-191 << HTTP/1.1 200 OK
02:36:40.255 [Test worker] DEBUG org.apache.http.headers - http-outgoing-191 << Content-Type: application/json
02:36:40.255 [Test worker] DEBUG org.apache.http.headers - http-outgoing-191 << Server: Docker/1.12.3 (linux)
02:36:40.255 [Test worker] DEBUG org.apache.http.headers - http-outgoing-191 << Date: Tue, 03 Jan 2017 01:36:40 GMT
02:36:40.255 [Test worker] DEBUG org.apache.http.headers - http-outgoing-191 << Transfer-Encoding: chunked
02:36:40.255 [Test worker] DEBUG o.a.h.impl.execchain.MainClientExec - Connection can be kept alive indefinitely
02:36:40.255 [Test worker] DEBUG c.g.d.j.JerseyDockerCmdExecFactory - 42 * Client response received on thread Test worker
42 < 200
42 < Content-Length: -1
42 < Content-Type: application/json
42 < Date: Tue, 03 Jan 2017 01:36:40 GMT
42 < Server: Docker/1.12.3 (linux)
42 < Transfer-Encoding: chunked
{"Id":"a87e12af34d47622ccc8018ba2290e698dcb75543c25fe3ca367ca002095e953","Created":"2017-01-03T01:36:38.213396867Z","Path":"sleep","Args":["99999"],"State":{"Status":"running","Running":true,"Paused":false,"Restarting":false,"OOMKilled":false,"Dead":false,"Pid":32474,"ExitCode":0,"Error":"","StartedAt":"2017-01-03T01:36:38.483437345Z","FinishedAt":"0001-01-01T00:00:00Z"},"Image":"sha256:aae2b63c49461fcae4962e4a8043f66acf8e3af7e62f5ebceb70b181d8ca01e0","ResolvConfPath":"/var/lib/docker/containers/a87e12af34d47622ccc8018ba2290e698dcb75543c25fe3ca367ca002095e953/resolv.conf","HostnamePath":"/var/lib/docker/containers/a87e12af34d47622ccc8018ba2290e698dcb75543c25fe3ca367ca002095e953/hostname","HostsPath":"/var/lib/docker/containers/a87e12af34d47622ccc8018ba2290e698dcb75543c25fe3ca367ca002095e953/hosts","LogPath":"/var/lib/docker/containers/a87e12af34d47622ccc8018ba2290e698dcb75543c25fe3ca367ca002095e953/a87e12af34d47622ccc8018ba2290e698dcb75543c25fe3ca367ca002095e953-json.log","Name":"/MyContainer","RestartCount":0,"Driver":"aufs","MountLabel":"","ProcessLabel":"","AppArmorProfile":"","ExecIDs":null,"HostConfig":{"Binds":null,"ContainerIDFile":"","LogConfig":{"Type":"json-file","Config":{}},"NetworkMode":"default","PortBindings":{"8084/tcp":[{"HostIp":"","HostPort":"8084"}]},"RestartPolicy":{"Name":"","MaximumRetryCount":0},"AutoRemove":false,"VolumeDriver":"","VolumesFrom":null,"CapAdd":null,"CapDrop":null,"Dns":null,"DnsOptions":null,"DnsSearch":null,"ExtraHosts":null,"GroupAdd":null,"IpcMode":"","Cgroup":"","Links":null,"OomScoreAdj":0,"PidMode":"","Privileged":false,"PublishAllPorts":false,"ReadonlyRootfs":false,"SecurityOpt":null,"UTSMode":"","UsernsMode":"","ShmSize":67108864,"Runtime":"runc","ConsoleSize":[0,0],"Isolation":"","CpuShares":0,"Memory":0,"CgroupParent":"","BlkioWeight":0,"BlkioWeightDevice":null,"BlkioDeviceReadBps":null,"BlkioDeviceWriteBps":null,"BlkioDeviceReadIOps":null,"BlkioDeviceWriteIOps":null,"CpuPeriod":0,"CpuQuota":0,"CpusetCpus":"","CpusetMems":"","Devices":null,"DiskQuota":0,"KernelMemory":0,"MemoryReservation":0,"MemorySwap":0,"MemorySwappiness":-1,"OomKillDisable":false,"PidsLimit":0,"Ulimits":null,"CpuCount":0,"CpuPercent":0,"IOMaximumIOps":0,"IOMaximumBandwidth":0},"GraphDriver":{"Name":"aufs","Data":null},"Mounts":[],"Config":{"Hostname":"MyContainer","Domainname":"","User":"","AttachStdin":false,"AttachStdout":false,"AttachStderr":false,"ExposedPorts":{"8084/tcp":{}},"Tty":false,"OpenStdin":false,"StdinOnce":false,"Env":["port=8080","TERM=xterm","PATH=/usr/local/sbin:/usr/local/bin:/usr/sbin:/usr/bin:/sbin:/bin"],"Cmd":["sleep","99999"],"Image":"ubuntu:14.04","Volumes":null,"WorkingDir":"","Entrypoint":null,"OnBuild":null,"Labels":{}},"NetworkSettings":{"Bridge":"","SandboxID":"ddaa90fce628f875bddf4eb14b1b417d57d66aac335b38b651bd3f551437ff11","HairpinMode":false,"LinkLocalIPv6Address":"","LinkLocalIPv6PrefixLen":0,"Ports":{"8084/tcp":[{"HostIp":"0.0.0.0","HostPort":"8084"}]},"SandboxKey":"/var/run/docker/netns/ddaa90fce628","SecondaryIPAddresses":null,"SecondaryIPv6Addresses":null,"EndpointID":"a81bf0e17bc9def52aed33bbca9fab5097a3314638afec83e08210610bcca773","Gateway":"172.17.0.1","GlobalIPv6Address":"","GlobalIPv6PrefixLen":0,"IPAddress":"172.17.0.2","IPPrefixLen":16,"IPv6Gateway":"","MacAddress":"02:42:ac:11:00:02","Networks":{"MyNetwork":{"IPAMConfig":{},"Links":null,"Aliases":["a87e12af34d4"],"NetworkID":"5de830b93db6ab32fc7b38776b4d6539f76d8e289e55b7793ed199fd3c5284a4","EndpointID":"82227596f4260f199a9efebb53af784c6266d131b10a72f0d09cf3365c5da708","Gateway":"172.18.0.1","IPAddress":"172.18.0.2","IPPrefixLen":16,"IPv6Gateway":"","GlobalIPv6Address":"","GlobalIPv6PrefixLen":0,"MacAddress":"02:42:ac:12:00:02"},"MyNetwork2":{"IPAMConfig":{},"Links":null,"Aliases":["a87e12af34d4"],"NetworkID":"1265d4f13b2058f8e2d1c84c8ed5e2124475cafb35f67c0eed0d23ccb955a7f6","EndpointID":"e4cea37ab3f6abf0efb3e3c32e68504c59647e0de7ecbdfbe6386164e297644b"

02:36:40.279 [Test worker] DEBUG org.apache.http.wire - http-outgoing-191 << ","
02:36:40.280 [Test worker] DEBUG org.apache.http.wire - http-outgoing-191 << ""Gateway":"172.19.0.1","IPAddress":"172.19.0.2","IPPrefixLen":16,"IPv6Gateway":"","GlobalIPv6Address":"","GlobalIPv6PrefixLen":0,"MacAddress":"02:42:ac:13:00:02"},"bridge":{"IPAMConfig":null,"Links":null,"Aliases":null,"NetworkID":"e0d36057aa1769e9fd52ba88be81b698b495f9b6b4946d0f98f24d971a27fc98","EndpointID":"a81bf0e17bc9def52aed33bbca9fab5097a3314638afec83e08210610bcca773","Gateway":"172.17.0.1","IPAddress":"172.17.0.2","IPPrefixLen":16,"IPv6Gateway":"","GlobalIPv6Address":"","GlobalIPv6PrefixLen":0,"MacAddress":"02:42:ac:11:00:02"}}}}[\n]"
02:36:40.280 [Test worker] DEBUG o.a.h.i.c.DefaultManagedHttpClientConnection - http-outgoing-191: Close connection
02:36:40.280 [Test worker] DEBUG o.a.h.impl.execchain.MainClientExec - Connection discarded
02:36:40.280 [Test worker] DEBUG c.g.d.j.JerseyDockerCmdExecFactory$1 - Connection released: [id: 191][route: {s}->https://Thesis:2376][total kept alive: 1; route allocated: 1 of 2; total allocated: 1 of 20]
02:36:40.280 [Test worker] DEBUG org.apache.http.wire - http-outgoing-191 << "[read] I/O error: Socket is closed"
02:36:40.280 [Test worker] DEBUG c.g.d.core.command.AbstrDockerCmd - Cmd: -1,<null>,true,<null>,<null>,com.github.dockerjava.core.util.FiltersBuilder@0,com.github.dockerjava.jaxrs.ListContainersCmdExec@277b1121
02:36:40.281 [Test worker] DEBUG c.g.d.j.JerseyDockerCmdExecFactory - 43 * Sending client request on thread Test worker
43 > GET https://Thesis:2376/containers/json?all=true
43 > Accept: application/json

02:36:40.281 [Test worker] DEBUG o.a.h.c.protocol.RequestAddCookies - CookieSpec selected: default
02:36:40.281 [Test worker] DEBUG o.a.h.c.protocol.RequestAuthCache - Auth cache not set in the context
02:36:40.281 [Test worker] DEBUG c.g.d.j.JerseyDockerCmdExecFactory$1 - Connection request: [route: {s}->https://Thesis:2376][total kept alive: 1; route allocated: 1 of 2; total allocated: 1 of 20]
02:36:40.281 [Test worker] DEBUG c.g.d.j.JerseyDockerCmdExecFactory$1 - Connection leased: [id: 192][route: {s}->https://Thesis:2376][total kept alive: 1; route allocated: 2 of 2; total allocated: 2 of 20]
02:36:40.281 [Test worker] DEBUG o.a.h.impl.execchain.MainClientExec - Opening connection {s}->https://Thesis:2376
02:36:40.282 [Test worker] DEBUG o.a.h.i.c.DefaultHttpClientConnectionOperator - Connecting to Thesis/127.0.1.1:2376
02:36:40.282 [Test worker] DEBUG o.a.h.c.s.SSLConnectionSocketFactory - Connecting socket to Thesis/127.0.1.1:2376 with timeout 0
02:36:40.282 [Test worker] DEBUG o.a.h.c.s.SSLConnectionSocketFactory - Enabled protocols: [TLSv1]
02:36:40.282 [Test worker] DEBUG o.a.h.c.s.SSLConnectionSocketFactory - Enabled cipher suites:[TLS_ECDHE_ECDSA_WITH_AES_128_CBC_SHA, TLS_ECDHE_RSA_WITH_AES_128_CBC_SHA, TLS_RSA_WITH_AES_128_CBC_SHA, TLS_ECDH_ECDSA_WITH_AES_128_CBC_SHA, TLS_ECDH_RSA_WITH_AES_128_CBC_SHA, TLS_DHE_RSA_WITH_AES_128_CBC_SHA, TLS_DHE_DSS_WITH_AES_128_CBC_SHA, TLS_ECDHE_ECDSA_WITH_3DES_EDE_CBC_SHA, TLS_ECDHE_RSA_WITH_3DES_EDE_CBC_SHA, SSL_RSA_WITH_3DES_EDE_CBC_SHA, TLS_ECDH_ECDSA_WITH_3DES_EDE_CBC_SHA, TLS_ECDH_RSA_WITH_3DES_EDE_CBC_SHA, SSL_DHE_RSA_WITH_3DES_EDE_CBC_SHA, SSL_DHE_DSS_WITH_3DES_EDE_CBC_SHA, TLS_ECDHE_ECDSA_WITH_RC4_128_SHA, TLS_ECDHE_RSA_WITH_RC4_128_SHA, SSL_RSA_WITH_RC4_128_SHA, TLS_ECDH_ECDSA_WITH_RC4_128_SHA, TLS_ECDH_RSA_WITH_RC4_128_SHA, SSL_RSA_WITH_RC4_128_MD5, TLS_EMPTY_RENEGOTIATION_INFO_SCSV]
02:36:40.283 [Test worker] DEBUG o.a.h.c.s.SSLConnectionSocketFactory - Starting handshake
02:36:40.344 [Test worker] DEBUG o.a.h.c.s.SSLConnectionSocketFactory - Secure session established
02:36:40.344 [Test worker] DEBUG o.a.h.c.s.SSLConnectionSocketFactory -  negotiated protocol: TLSv1
02:36:40.344 [Test worker] DEBUG o.a.h.c.s.SSLConnectionSocketFactory -  negotiated cipher suite: TLS_ECDHE_RSA_WITH_AES_128_CBC_SHA
02:36:40.344 [Test worker] DEBUG o.a.h.c.s.SSLConnectionSocketFactory -  peer principal: CN=Thesis
02:36:40.344 [Test worker] DEBUG o.a.h.c.s.SSLConnectionSocketFactory -  issuer principal: EMAILADDRESS=sha@yamil.com, CN=Thesis, OU=Open, O=Fra, L=BER, ST=BER, C=DE
02:36:40.344 [Test worker] DEBUG o.a.h.i.c.DefaultHttpClientConnectionOperator - Connection established 127.0.0.1:41684<->127.0.1.1:2376
02:36:40.344 [Test worker] DEBUG o.a.h.impl.execchain.MainClientExec - Executing request GET /containers/json?all=true HTTP/1.1
02:36:40.344 [Test worker] DEBUG o.a.h.impl.execchain.MainClientExec - Target auth state: UNCHALLENGED
02:36:40.344 [Test worker] DEBUG o.a.h.impl.execchain.MainClientExec - Proxy auth state: UNCHALLENGED
02:36:40.345 [Test worker] DEBUG org.apache.http.headers - http-outgoing-192 >> GET /containers/json?all=true HTTP/1.1
02:36:40.345 [Test worker] DEBUG org.apache.http.headers - http-outgoing-192 >> Accept: application/json
02:36:40.345 [Test worker] DEBUG org.apache.http.headers - http-outgoing-192 >> User-Agent: Jersey/2.23.1 (Apache HttpClient 4.5.1)
02:36:40.345 [Test worker] DEBUG org.apache.http.headers - http-outgoing-192 >> Host: Thesis:2376
02:36:40.345 [Test worker] DEBUG org.apache.http.headers - http-outgoing-192 >> Connection: Keep-Alive
02:36:40.345 [Test worker] DEBUG org.apache.http.headers - http-outgoing-192 >> Accept-Encoding: gzip,deflate
02:36:40.345 [Test worker] DEBUG org.apache.http.wire - http-outgoing-192 >> "GET /containers/json?all=true HTTP/1.1[\r][\n]"
02:36:40.345 [Test worker] DEBUG org.apache.http.wire - http-outgoing-192 >> "Accept: application/json[\r][\n]"
02:36:40.345 [Test worker] DEBUG org.apache.http.wire - http-outgoing-192 >> "User-Agent: Jersey/2.23.1 (Apache HttpClient 4.5.1)[\r][\n]"
02:36:40.345 [Test worker] DEBUG org.apache.http.wire - http-outgoing-192 >> "Host: Thesis:2376[\r][\n]"
02:36:40.345 [Test worker] DEBUG org.apache.http.wire - http-outgoing-192 >> "Connection: Keep-Alive[\r][\n]"
02:36:40.345 [Test worker] DEBUG org.apache.http.wire - http-outgoing-192 >> "Accept-Encoding: gzip,deflate[\r][\n]"
02:36:40.345 [Test worker] DEBUG org.apache.http.wire - http-outgoing-192 >> "[\r][\n]"
02:36:40.345 [Test worker] DEBUG org.apache.http.wire - http-outgoing-192 << "H"
02:36:40.346 [Test worker] DEBUG org.apache.http.wire - http-outgoing-192 << "TTP/1.1 200 OK[\r][\n]"
02:36:40.346 [Test worker] DEBUG org.apache.http.wire - http-outgoing-192 << "Content-Type: application/json[\r][\n]"
02:36:40.346 [Test worker] DEBUG org.apache.http.wire - http-outgoing-192 << "Server: Docker/1.12.3 (linux)[\r][\n]"
02:36:40.346 [Test worker] DEBUG org.apache.http.wire - http-outgoing-192 << "Date: Tue, 03 Jan 2017 01:36:40 GMT[\r][\n]"
02:36:40.346 [Test worker] DEBUG org.apache.http.wire - http-outgoing-192 << "Transfer-Encoding: chunked[\r][\n]"
02:36:40.346 [Test worker] DEBUG org.apache.http.wire - http-outgoing-192 << "[\r][\n]"
02:36:40.346 [Test worker] DEBUG org.apache.http.wire - http-outgoing-192 << "c89[\r][\n]"
02:36:40.346 [Test worker] DEBUG org.apache.http.wire - http-outgoing-192 << "[{"Id":"890bc9b3536f763020022d3ed4d9ce50e1af116181a8cc0ab7666e5f064e495c","Names":["/MyContainer2"],"Image":"ubuntu:14.04","ImageID":"sha256:aae2b63c49461fcae4962e4a8043f66acf8e3af7e62f5ebceb70b181d8ca01e0","Command":"sleep 99999","Created":1483407398,"Ports":[{"IP":"0.0.0.0","PrivatePort":8085,"PublicPort":8085,"Type":"tcp"}],"Labels":{},"State":"running","Status":"Up 1 seconds","HostConfig":{"NetworkMode":"default"},"NetworkSettings":{"Networks":{"MyNetwork":{"IPAMConfig":{},"Links":null,"Aliases":null,"NetworkID":"5de830b93db6ab32fc7b38776b4d6539f76d8e289e55b7793ed199fd3c5284a4","EndpointID":"90a2ca1f46dcb8804801a08163b864817dc7249711b934f770c92ecedfe62af1","Gateway":"172.18.0.1","IPAddress":"172.18.0.3","IPPrefixLen":16,"IPv6Gateway":"","GlobalIPv6Address":"","GlobalIPv6PrefixLen":0,"MacAddress":"02:42:ac:12:00:03"},"MyNetwork2":{"IPAMConfig":{},"Links":null,"Aliases":null,"NetworkID":"1265d4f13b2058f8e2d1c84c8ed5e2124475cafb35f67c0eed0d23ccb955a7f6","EndpointID":"b4fb11de2a6a96681cbb8cdf3efe63216a552c96b5fce917aaef3506a1125af8","Gateway":"172.19.0.1","IPAddress":"172.19.0.3","IPPrefixLen":16,"IPv6Gateway":"","GlobalIPv6Address":"","GlobalIPv6PrefixLen":0,"MacAddress":"02:42:ac:13:00:03"},"bridge":{"IPAMConfig":null,"Links":null,"Aliases":null,"NetworkID":"e0d36057aa1769e9fd52ba88be81b698b495f9b6b4946d0f98f24d971a27fc98","EndpointID":"e96c80b695da0219505d990bc67865bac7d7b9da0061e17560a9cc42b3b3cc44","Gateway":"172.17.0.1","IPAddress":"172.17.0.3","IPPrefixLen":16,"IPv6Gateway":"","GlobalIPv6Address":"","GlobalIPv6PrefixLen":0,"MacAddress":"02:42:ac:11:00:03"}}},"Mounts":[]},{"Id":"a87e12af34d47622ccc8018ba2290e698dcb75543c25fe3ca367ca002095e953","Names":["/MyContainer"],"Image":"ubuntu:14.04","ImageID":"sha256:aae2b63c49461fcae4962e4a8043f66acf8e3af7e62f5ebceb70b181d8ca01e0","Command":"sleep 99999","Created":1483407398,"Ports":[{"IP":"0.0.0.0","PrivatePort":8084,"PublicPort":8084,"Type":"tcp"}],"Labels":{},"State":"running","Status":"Up 1 seconds","HostConfig":{"NetworkMode":"default"},"NetworkSettings":{"Networks":{"MyNetwork":{"IPAMConfig":{},"Links":null,"Aliases":null,"NetworkID":"5de830b93db6ab32fc7b38776b4d6539f76d8e289e55b7793ed199fd3c5284a4","EndpointID":"82227596f4260f199a9efebb53af784c6266d131b10a72f0d09cf3365c5da708","Gateway":"172.18.0.1","IPAddress":"172.18.0.2","IPPrefixLen":16,"IPv6Gateway":"","GlobalIPv6Address":"","GlobalIPv6PrefixLen":0,"MacAddress":"02:42:ac:12:00:02"},"MyNetwork2":{"IPAMConfig":{},"Links":null,"Aliases":null,"NetworkID":"1265d4f13b2058f8e2d1c84c8ed5e2124475cafb35f67c0eed0d23ccb955a7f6","EndpointID":"e4cea37ab3f6abf0efb3e3c32e68504c59647e0de7ecbdfbe6386164e297644b","Gateway":"172.19.0.1","IPAddress":"172.19.0.2","IPPrefixLen":16,"IPv6Gateway":"","GlobalIPv6Address":"","GlobalIPv6PrefixLen":0,"MacAddress":"02:42:ac:13:00:02"},"bridge":{"IPAMConfig":null,"Links":null,"Aliases":null,"NetworkID":"e0d36057aa1769e9fd52ba88be81b698b495f9b6b4946d0f98f24d971a27fc98","EndpointID":"a81bf0e17bc9def52aed33bbca9fab5097a3314638afec83e08210610bcca773","Gateway":"172.17.0.1","IPAddress":"172.17.0.2","IPPrefixLen":16,"IPv6Gateway":"","GlobalIPv6Address":"","GlobalIPv6PrefixLen":0,"MacAddress":"02:42:ac:11:00:02"}}},"Mounts":[]}][\n]"
02:36:40.346 [Test worker] DEBUG org.apache.http.wire - http-outgoing-192 << "[\r][\n]"
02:36:40.346 [Test worker] DEBUG org.apache.http.wire - http-outgoing-192 << "0[\r][\n]"
02:36:40.346 [Test worker] DEBUG org.apache.http.wire - http-outgoing-192 << "[\r][\n]"
02:36:40.346 [Test worker] DEBUG org.apache.http.headers - http-outgoing-192 << HTTP/1.1 200 OK
02:36:40.346 [Test worker] DEBUG org.apache.http.headers - http-outgoing-192 << Content-Type: application/json
02:36:40.346 [Test worker] DEBUG org.apache.http.headers - http-outgoing-192 << Server: Docker/1.12.3 (linux)
02:36:40.346 [Test worker] DEBUG org.apache.http.headers - http-outgoing-192 << Date: Tue, 03 Jan 2017 01:36:40 GMT
02:36:40.346 [Test worker] DEBUG org.apache.http.headers - http-outgoing-192 << Transfer-Encoding: chunked
02:36:40.346 [Test worker] DEBUG o.a.h.impl.execchain.MainClientExec - Connection can be kept alive indefinitely
02:36:40.347 [Test worker] DEBUG c.g.d.j.JerseyDockerCmdExecFactory - 44 * Client response received on thread Test worker
44 < 200
44 < Content-Length: -1
44 < Content-Type: application/json
44 < Date: Tue, 03 Jan 2017 01:36:40 GMT
44 < Server: Docker/1.12.3 (linux)
44 < Transfer-Encoding: chunked
[{"Id":"890bc9b3536f763020022d3ed4d9ce50e1af116181a8cc0ab7666e5f064e495c","Names":["/MyContainer2"],"Image":"ubuntu:14.04","ImageID":"sha256:aae2b63c49461fcae4962e4a8043f66acf8e3af7e62f5ebceb70b181d8ca01e0","Command":"sleep 99999","Created":1483407398,"Ports":[{"IP":"0.0.0.0","PrivatePort":8085,"PublicPort":8085,"Type":"tcp"}],"Labels":{},"State":"running","Status":"Up 1 seconds","HostConfig":{"NetworkMode":"default"},"NetworkSettings":{"Networks":{"MyNetwork":{"IPAMConfig":{},"Links":null,"Aliases":null,"NetworkID":"5de830b93db6ab32fc7b38776b4d6539f76d8e289e55b7793ed199fd3c5284a4","EndpointID":"90a2ca1f46dcb8804801a08163b864817dc7249711b934f770c92ecedfe62af1","Gateway":"172.18.0.1","IPAddress":"172.18.0.3","IPPrefixLen":16,"IPv6Gateway":"","GlobalIPv6Address":"","GlobalIPv6PrefixLen":0,"MacAddress":"02:42:ac:12:00:03"},"MyNetwork2":{"IPAMConfig":{},"Links":null,"Aliases":null,"NetworkID":"1265d4f13b2058f8e2d1c84c8ed5e2124475cafb35f67c0eed0d23ccb955a7f6","EndpointID":"b4fb11de2a6a96681cbb8cdf3efe63216a552c96b5fce917aaef3506a1125af8","Gateway":"172.19.0.1","IPAddress":"172.19.0.3","IPPrefixLen":16,"IPv6Gateway":"","GlobalIPv6Address":"","GlobalIPv6PrefixLen":0,"MacAddress":"02:42:ac:13:00:03"},"bridge":{"IPAMConfig":null,"Links":null,"Aliases":null,"NetworkID":"e0d36057aa1769e9fd52ba88be81b698b495f9b6b4946d0f98f24d971a27fc98","EndpointID":"e96c80b695da0219505d990bc67865bac7d7b9da0061e17560a9cc42b3b3cc44","Gateway":"172.17.0.1","IPAddress":"172.17.0.3","IPPrefixLen":16,"IPv6Gateway":"","GlobalIPv6Address":"","GlobalIPv6PrefixLen":0,"MacAddress":"02:42:ac:11:00:03"}}},"Mounts":[]},{"Id":"a87e12af34d47622ccc8018ba2290e698dcb75543c25fe3ca367ca002095e953","Names":["/MyContainer"],"Image":"ubuntu:14.04","ImageID":"sha256:aae2b63c49461fcae4962e4a8043f66acf8e3af7e62f5ebceb70b181d8ca01e0","Command":"sleep 99999","Created":1483407398,"Ports":[{"IP":"0.0.0.0","PrivatePort":8084,"PublicPort":8084,"Type":"tcp"}],"Labels":{},"State":"running","Status":"Up 1 seconds","HostConfig":{"NetworkMode":"default"},"NetworkSettings":{"Networks":{"MyNetwork":{"IPAMConfig":{},"Links":null,"Aliases":null,"NetworkID":"5de830b93db6ab32fc7b38776b4d6539f76d8e289e55b7793ed199fd3c5284a4","EndpointID":"82227596f4260f199a9efebb53af784c6266d131b10a72f0d09cf3365c5da708","Gateway":"172.18.0.1","IPAddress":"172.18.0.2","IPPrefixLen":16,"IPv6Gateway":"","GlobalIPv6Address":"","GlobalIPv6PrefixLen":0,"MacAddress":"02:42:ac:12:00:02"},"MyNetwork2":{"IPAMConfig":{},"Links":null,"Aliases":null,"NetworkID":"1265d4f13b2058f8e2d1c84c8ed5e2124475cafb35f67c0eed0d23ccb955a7f6","EndpointID":"e4cea37ab3f6abf0efb3e3c32e68504c59647e0de7ecbdfbe6386164e297644b","Gateway":"172.19.0.1","IPAddress":"172.19.0.2","IPPrefixLen":16,"IPv6Gateway":"","GlobalIPv6Address":"","GlobalIPv6PrefixLen":0,"MacAddress":"02:42:ac:13:00:02"},"bridge":{"IPAMConfig":null,"Links":null,"Aliases":null,"NetworkID":"e0d36057aa1769e9fd52ba88be81b698b495f9b6b4946d0f98f24d971a27fc98","EndpointID":"a81bf0e17bc9def52aed33bbca9fab5097a3314638afec83e08210610bcca773","Gateway":"172.17.0.1","IPAddress":"172.17.0.2","IPPrefixLen":16,"IPv6Gateway":"","GlobalIPv6Address":"","GlobalIPv6PrefixLen":0,"MacAddress":"02:42:ac:11:00:02"}}},"Mounts":[]}]


02:36:40.348 [Test worker] DEBUG o.a.h.i.c.DefaultManagedHttpClientConnection - http-outgoing-192: Close connection
02:36:40.348 [Test worker] DEBUG o.a.h.impl.execchain.MainClientExec - Connection discarded
02:36:40.348 [Test worker] DEBUG c.g.d.j.JerseyDockerCmdExecFactory$1 - Connection released: [id: 192][route: {s}->https://Thesis:2376][total kept alive: 1; route allocated: 1 of 2; total allocated: 1 of 20]
02:36:40.348 [Test worker] DEBUG org.apache.http.wire - http-outgoing-192 << "[read] I/O error: Socket is closed"
02:36:40.348 [Test worker] DEBUG c.g.d.core.command.AbstrDockerCmd - Cmd: ListImagesCmdImpl[imageNameFilter=<null>,showAll=true,filters=com.github.dockerjava.core.util.FiltersBuilder@0,execution=com.github.dockerjava.jaxrs.ListImagesCmdExec@26170092]
02:36:40.349 [Test worker] DEBUG c.g.d.j.JerseyDockerCmdExecFactory - 45 * Sending client request on thread Test worker
45 > GET https://Thesis:2376/images/json?all=true
45 > Accept: application/json

02:36:40.349 [Test worker] DEBUG o.a.h.c.protocol.RequestAddCookies - CookieSpec selected: default
02:36:40.349 [Test worker] DEBUG o.a.h.c.protocol.RequestAuthCache - Auth cache not set in the context
02:36:40.349 [Test worker] DEBUG c.g.d.j.JerseyDockerCmdExecFactory$1 - Connection request: [route: {s}->https://Thesis:2376][total kept alive: 1; route allocated: 1 of 2; total allocated: 1 of 20]
02:36:40.349 [Test worker] DEBUG c.g.d.j.JerseyDockerCmdExecFactory$1 - Connection leased: [id: 193][route: {s}->https://Thesis:2376][total kept alive: 1; route allocated: 2 of 2; total allocated: 2 of 20]
02:36:40.350 [Test worker] DEBUG o.a.h.impl.execchain.MainClientExec - Opening connection {s}->https://Thesis:2376
02:36:40.350 [Test worker] DEBUG o.a.h.i.c.DefaultHttpClientConnectionOperator - Connecting to Thesis/127.0.1.1:2376
02:36:40.350 [Test worker] DEBUG o.a.h.c.s.SSLConnectionSocketFactory - Connecting socket to Thesis/127.0.1.1:2376 with timeout 0
02:36:40.350 [Test worker] DEBUG o.a.h.c.s.SSLConnectionSocketFactory - Enabled protocols: [TLSv1]
02:36:40.350 [Test worker] DEBUG o.a.h.c.s.SSLConnectionSocketFactory - Enabled cipher suites:[TLS_ECDHE_ECDSA_WITH_AES_128_CBC_SHA, TLS_ECDHE_RSA_WITH_AES_128_CBC_SHA, TLS_RSA_WITH_AES_128_CBC_SHA, TLS_ECDH_ECDSA_WITH_AES_128_CBC_SHA, TLS_ECDH_RSA_WITH_AES_128_CBC_SHA, TLS_DHE_RSA_WITH_AES_128_CBC_SHA, TLS_DHE_DSS_WITH_AES_128_CBC_SHA, TLS_ECDHE_ECDSA_WITH_3DES_EDE_CBC_SHA, TLS_ECDHE_RSA_WITH_3DES_EDE_CBC_SHA, SSL_RSA_WITH_3DES_EDE_CBC_SHA, TLS_ECDH_ECDSA_WITH_3DES_EDE_CBC_SHA, TLS_ECDH_RSA_WITH_3DES_EDE_CBC_SHA, SSL_DHE_RSA_WITH_3DES_EDE_CBC_SHA, SSL_DHE_DSS_WITH_3DES_EDE_CBC_SHA, TLS_ECDHE_ECDSA_WITH_RC4_128_SHA, TLS_ECDHE_RSA_WITH_RC4_128_SHA, SSL_RSA_WITH_RC4_128_SHA, TLS_ECDH_ECDSA_WITH_RC4_128_SHA, TLS_ECDH_RSA_WITH_RC4_128_SHA, SSL_RSA_WITH_RC4_128_MD5, TLS_EMPTY_RENEGOTIATION_INFO_SCSV]
02:36:40.350 [Test worker] DEBUG o.a.h.c.s.SSLConnectionSocketFactory - Starting handshake
02:36:40.423 [Test worker] DEBUG o.a.h.c.s.SSLConnectionSocketFactory - Secure session established
02:36:40.424 [Test worker] DEBUG o.a.h.c.s.SSLConnectionSocketFactory -  negotiated protocol: TLSv1
02:36:40.424 [Test worker] DEBUG o.a.h.c.s.SSLConnectionSocketFactory -  negotiated cipher suite: TLS_ECDHE_RSA_WITH_AES_128_CBC_SHA
02:36:40.424 [Test worker] DEBUG o.a.h.c.s.SSLConnectionSocketFactory -  peer principal: CN=Thesis
02:36:40.424 [Test worker] DEBUG o.a.h.c.s.SSLConnectionSocketFactory -  issuer principal: EMAILADDRESS=sha@yamil.com, CN=Thesis, OU=Open, O=Fra, L=BER, ST=BER, C=DE
02:36:40.424 [Test worker] DEBUG o.a.h.i.c.DefaultHttpClientConnectionOperator - Connection established 127.0.0.1:41686<->127.0.1.1:2376
02:36:40.424 [Test worker] DEBUG o.a.h.impl.execchain.MainClientExec - Executing request GET /images/json?all=true HTTP/1.1
02:36:40.424 [Test worker] DEBUG o.a.h.impl.execchain.MainClientExec - Target auth state: UNCHALLENGED
02:36:40.424 [Test worker] DEBUG o.a.h.impl.execchain.MainClientExec - Proxy auth state: UNCHALLENGED
02:36:40.424 [Test worker] DEBUG org.apache.http.headers - http-outgoing-193 >> GET /images/json?all=true HTTP/1.1
02:36:40.424 [Test worker] DEBUG org.apache.http.headers - http-outgoing-193 >> Accept: application/json
02:36:40.424 [Test worker] DEBUG org.apache.http.headers - http-outgoing-193 >> User-Agent: Jersey/2.23.1 (Apache HttpClient 4.5.1)
02:36:40.424 [Test worker] DEBUG org.apache.http.headers - http-outgoing-193 >> Host: Thesis:2376
02:36:40.424 [Test worker] DEBUG org.apache.http.headers - http-outgoing-193 >> Connection: Keep-Alive
02:36:40.424 [Test worker] DEBUG org.apache.http.headers - http-outgoing-193 >> Accept-Encoding: gzip,deflate
02:36:40.424 [Test worker] DEBUG org.apache.http.wire - http-outgoing-193 >> "GET /images/json?all=true HTTP/1.1[\r][\n]"
02:36:40.424 [Test worker] DEBUG org.apache.http.wire - http-outgoing-193 >> "Accept: application/json[\r][\n]"
02:36:40.424 [Test worker] DEBUG org.apache.http.wire - http-outgoing-193 >> "User-Agent: Jersey/2.23.1 (Apache HttpClient 4.5.1)[\r][\n]"
02:36:40.425 [Test worker] DEBUG org.apache.http.wire - http-outgoing-193 >> "Host: Thesis:2376[\r][\n]"
02:36:40.425 [Test worker] DEBUG org.apache.http.wire - http-outgoing-193 >> "Connection: Keep-Alive[\r][\n]"
02:36:40.425 [Test worker] DEBUG org.apache.http.wire - http-outgoing-193 >> "Accept-Encoding: gzip,deflate[\r][\n]"
02:36:40.425 [Test worker] DEBUG org.apache.http.wire - http-outgoing-193 >> "[\r][\n]"
02:36:40.425 [Test worker] DEBUG org.apache.http.wire - http-outgoing-193 << "H"
02:36:40.426 [Test worker] DEBUG org.apache.http.wire - http-outgoing-193 << "TTP/1.1 200 OK[\r][\n]"
02:36:40.426 [Test worker] DEBUG org.apache.http.wire - http-outgoing-193 << "Content-Type: application/json[\r][\n]"
02:36:40.426 [Test worker] DEBUG org.apache.http.wire - http-outgoing-193 << "Server: Docker/1.12.3 (linux)[\r][\n]"
02:36:40.426 [Test worker] DEBUG org.apache.http.wire - http-outgoing-193 << "Date: Tue, 03 Jan 2017 01:36:40 GMT[\r][\n]"
02:36:40.426 [Test worker] DEBUG org.apache.http.wire - http-outgoing-193 << "Content-Length: 1195[\r][\n]"
02:36:40.426 [Test worker] DEBUG org.apache.http.wire - http-outgoing-193 << "[\r][\n]"
02:36:40.426 [Test worker] DEBUG org.apache.http.wire - http-outgoing-193 << "[{"Id":"sha256:4ca3a192ff2a5b7e225e81dc006b6379c10776ed3619757a65608cb72de0a7f6","ParentId":"","RepoTags":["ubuntu:latest"],"RepoDigests":["ubuntu@sha256:3b64c309deae7ab0f7dbdd42b6b326261ccd6261da5d88396439353162703fb5"],"Created":1480449877,"Size":128206574,"VirtualSize":128206574,"Labels":{}},{"Id":"sha256:aae2b63c49461fcae4962e4a8043f66acf8e3af7e62f5ebceb70b181d8ca01e0","ParentId":"","RepoTags":["ubuntu:14.04"],"RepoDigests":["ubuntu@sha256:edb984703bd3e8981ff541a5b9297ca1b81fde6e6e8094d86e390a38ebc30b4d"],"Created":1480449856,"Size":187952254,"VirtualSize":187952254,"Labels":{}},{"Id":"sha256:e02e811dd08fd49e7f6032625495118e63f597eb150403d02e3238af1df240ba","ParentId":"","RepoTags":["busybox:latest"],"RepoDigests":["busybox@sha256:29f5d56d12684887bdfa50dcd29fc31eea4aaf4ad3bec43daf19026a7ce69912"],"Created":1475874238,"Size":1093484,"VirtualSize":1093484,"Labels":{}},{"Id":"sha256:d654de4499473ed41349b54a988b6f46a7fc92e3fa2d61e102bf2660a0116e25","ParentId":"","RepoTags":["sakib37/iperf3:latest"],"RepoDigests":["sakib37/iperf3@sha256:8d80a810f8f508c074b14d02555f20110eac382c8dbda7252075392983629d40"],"Created":1474907599,"Size":199456654,"VirtualSize":199456654,"Labels":{}}][\n]"
02:36:40.426 [Test worker] DEBUG org.apache.http.headers - http-outgoing-193 << HTTP/1.1 200 OK
02:36:40.426 [Test worker] DEBUG org.apache.http.headers - http-outgoing-193 << Content-Type: application/json
02:36:40.426 [Test worker] DEBUG org.apache.http.headers - http-outgoing-193 << Server: Docker/1.12.3 (linux)
02:36:40.426 [Test worker] DEBUG org.apache.http.headers - http-outgoing-193 << Date: Tue, 03 Jan 2017 01:36:40 GMT
02:36:40.426 [Test worker] DEBUG org.apache.http.headers - http-outgoing-193 << Content-Length: 1195
02:36:40.426 [Test worker] DEBUG o.a.h.impl.execchain.MainClientExec - Connection can be kept alive indefinitely
02:36:40.426 [Test worker] DEBUG c.g.d.j.JerseyDockerCmdExecFactory - 46 * Client response received on thread Test worker
46 < 200
46 < Content-Length: 1195
46 < Content-Type: application/json
46 < Date: Tue, 03 Jan 2017 01:36:40 GMT
46 < Server: Docker/1.12.3 (linux)
[{"Id":"sha256:4ca3a192ff2a5b7e225e81dc006b6379c10776ed3619757a65608cb72de0a7f6","ParentId":"","RepoTags":["ubuntu:latest"],"RepoDigests":["ubuntu@sha256:3b64c309deae7ab0f7dbdd42b6b326261ccd6261da5d88396439353162703fb5"],"Created":1480449877,"Size":128206574,"VirtualSize":128206574,"Labels":{}},{"Id":"sha256:aae2b63c49461fcae4962e4a8043f66acf8e3af7e62f5ebceb70b181d8ca01e0","ParentId":"","RepoTags":["ubuntu:14.04"],"RepoDigests":["ubuntu@sha256:edb984703bd3e8981ff541a5b9297ca1b81fde6e6e8094d86e390a38ebc30b4d"],"Created":1480449856,"Size":187952254,"VirtualSize":187952254,"Labels":{}},{"Id":"sha256:e02e811dd08fd49e7f6032625495118e63f597eb150403d02e3238af1df240ba","ParentId":"","RepoTags":["busybox:latest"],"RepoDigests":["busybox@sha256:29f5d56d12684887bdfa50dcd29fc31eea4aaf4ad3bec43daf19026a7ce69912"],"Created":1475874238,"Size":1093484,"VirtualSize":1093484,"Labels":{}},{"Id":"sha256:d654de4499473ed41349b54a988b6f46a7fc92e3fa2d61e102bf2660a0116e25","ParentId":"","RepoTags":["sakib37/iperf3:latest"],"RepoDigests":["sakib37/iperf3@sha256:8d80a810f8f508c074b14d02555f20110eac382c8dbda7252075392983629d40"],"Created":1474907599,"Size":199456654,"VirtualSize":199456654,"Labels":{}}]


02:36:40.427 [Test worker] DEBUG o.a.h.i.c.DefaultManagedHttpClientConnection - http-outgoing-193: Close connection
02:36:40.427 [Test worker] DEBUG o.a.h.impl.execchain.MainClientExec - Connection discarded
02:36:40.427 [Test worker] DEBUG c.g.d.j.JerseyDockerCmdExecFactory$1 - Connection released: [id: 193][route: {s}->https://Thesis:2376][total kept alive: 1; route allocated: 1 of 2; total allocated: 1 of 20]
02:36:40.427 [Test worker] DEBUG org.openbaton.docker.DockerVim - Found a docker image, transformed into a NFV Image Image{id='sha256:aae2b63c49461fcae4962e4a8043f66acf8e3af7e62f5ebceb70b181d8ca01e0', name='ubuntu:14.04', version=0, extId='null', minRam='0', minDiskSpace='0', minCPU='null', public='true', diskFormat='null', containerFormat='docker', created='Sun Jan 18 04:14:09 CET 1970', updated='null'}
02:36:40.428 [Test worker] DEBUG c.g.d.core.command.AbstrDockerCmd - Cmd: ListImagesCmdImpl[imageNameFilter=<null>,showAll=true,filters=com.github.dockerjava.core.util.FiltersBuilder@0,execution=com.github.dockerjava.jaxrs.ListImagesCmdExec@3077c82]
02:36:40.428 [Test worker] DEBUG c.g.d.j.JerseyDockerCmdExecFactory - 47 * Sending client request on thread Test worker
47 > GET https://Thesis:2376/images/json?all=true
47 > Accept: application/json

02:36:40.428 [Test worker] DEBUG o.a.h.c.protocol.RequestAddCookies - CookieSpec selected: default
02:36:40.428 [Test worker] DEBUG o.a.h.c.protocol.RequestAuthCache - Auth cache not set in the context
02:36:40.428 [Test worker] DEBUG c.g.d.j.JerseyDockerCmdExecFactory$1 - Connection request: [route: {s}->https://Thesis:2376][total kept alive: 1; route allocated: 1 of 2; total allocated: 1 of 20]
02:36:40.429 [Test worker] DEBUG c.g.d.j.JerseyDockerCmdExecFactory$1 - Connection leased: [id: 194][route: {s}->https://Thesis:2376][total kept alive: 1; route allocated: 2 of 2; total allocated: 2 of 20]
02:36:40.429 [Test worker] DEBUG o.a.h.impl.execchain.MainClientExec - Opening connection {s}->https://Thesis:2376
02:36:40.429 [Test worker] DEBUG o.a.h.i.c.DefaultHttpClientConnectionOperator - Connecting to Thesis/127.0.1.1:2376
02:36:40.429 [Test worker] DEBUG o.a.h.c.s.SSLConnectionSocketFactory - Connecting socket to Thesis/127.0.1.1:2376 with timeout 0
02:36:40.429 [Test worker] DEBUG o.a.h.c.s.SSLConnectionSocketFactory - Enabled protocols: [TLSv1]
02:36:40.429 [Test worker] DEBUG o.a.h.c.s.SSLConnectionSocketFactory - Enabled cipher suites:[TLS_ECDHE_ECDSA_WITH_AES_128_CBC_SHA, TLS_ECDHE_RSA_WITH_AES_128_CBC_SHA, TLS_RSA_WITH_AES_128_CBC_SHA, TLS_ECDH_ECDSA_WITH_AES_128_CBC_SHA, TLS_ECDH_RSA_WITH_AES_128_CBC_SHA, TLS_DHE_RSA_WITH_AES_128_CBC_SHA, TLS_DHE_DSS_WITH_AES_128_CBC_SHA, TLS_ECDHE_ECDSA_WITH_3DES_EDE_CBC_SHA, TLS_ECDHE_RSA_WITH_3DES_EDE_CBC_SHA, SSL_RSA_WITH_3DES_EDE_CBC_SHA, TLS_ECDH_ECDSA_WITH_3DES_EDE_CBC_SHA, TLS_ECDH_RSA_WITH_3DES_EDE_CBC_SHA, SSL_DHE_RSA_WITH_3DES_EDE_CBC_SHA, SSL_DHE_DSS_WITH_3DES_EDE_CBC_SHA, TLS_ECDHE_ECDSA_WITH_RC4_128_SHA, TLS_ECDHE_RSA_WITH_RC4_128_SHA, SSL_RSA_WITH_RC4_128_SHA, TLS_ECDH_ECDSA_WITH_RC4_128_SHA, TLS_ECDH_RSA_WITH_RC4_128_SHA, SSL_RSA_WITH_RC4_128_MD5, TLS_EMPTY_RENEGOTIATION_INFO_SCSV]
02:36:40.429 [Test worker] DEBUG o.a.h.c.s.SSLConnectionSocketFactory - Starting handshake
02:36:40.487 [Test worker] DEBUG o.a.h.c.s.SSLConnectionSocketFactory - Secure session established
02:36:40.487 [Test worker] DEBUG o.a.h.c.s.SSLConnectionSocketFactory -  negotiated protocol: TLSv1
02:36:40.487 [Test worker] DEBUG o.a.h.c.s.SSLConnectionSocketFactory -  negotiated cipher suite: TLS_ECDHE_RSA_WITH_AES_128_CBC_SHA
02:36:40.488 [Test worker] DEBUG o.a.h.c.s.SSLConnectionSocketFactory -  peer principal: CN=Thesis
02:36:40.488 [Test worker] DEBUG o.a.h.c.s.SSLConnectionSocketFactory -  issuer principal: EMAILADDRESS=sha@yamil.com, CN=Thesis, OU=Open, O=Fra, L=BER, ST=BER, C=DE
02:36:40.488 [Test worker] DEBUG o.a.h.i.c.DefaultHttpClientConnectionOperator - Connection established 127.0.0.1:41688<->127.0.1.1:2376
02:36:40.488 [Test worker] DEBUG o.a.h.impl.execchain.MainClientExec - Executing request GET /images/json?all=true HTTP/1.1
02:36:40.488 [Test worker] DEBUG o.a.h.impl.execchain.MainClientExec - Target auth state: UNCHALLENGED
02:36:40.488 [Test worker] DEBUG o.a.h.impl.execchain.MainClientExec - Proxy auth state: UNCHALLENGED
02:36:40.488 [Test worker] DEBUG org.apache.http.headers - http-outgoing-194 >> GET /images/json?all=true HTTP/1.1
02:36:40.488 [Test worker] DEBUG org.apache.http.headers - http-outgoing-194 >> Accept: application/json
02:36:40.488 [Test worker] DEBUG org.apache.http.headers - http-outgoing-194 >> User-Agent: Jersey/2.23.1 (Apache HttpClient 4.5.1)
02:36:40.488 [Test worker] DEBUG org.apache.http.headers - http-outgoing-194 >> Host: Thesis:2376
02:36:40.488 [Test worker] DEBUG org.apache.http.headers - http-outgoing-194 >> Connection: Keep-Alive
02:36:40.488 [Test worker] DEBUG org.apache.http.headers - http-outgoing-194 >> Accept-Encoding: gzip,deflate
02:36:40.488 [Test worker] DEBUG org.apache.http.wire - http-outgoing-194 >> "GET /images/json?all=true HTTP/1.1[\r][\n]"
02:36:40.488 [Test worker] DEBUG org.apache.http.wire - http-outgoing-194 >> "Accept: application/json[\r][\n]"
02:36:40.488 [Test worker] DEBUG org.apache.http.wire - http-outgoing-194 >> "User-Agent: Jersey/2.23.1 (Apache HttpClient 4.5.1)[\r][\n]"
02:36:40.488 [Test worker] DEBUG org.apache.http.wire - http-outgoing-194 >> "Host: Thesis:2376[\r][\n]"
02:36:40.488 [Test worker] DEBUG org.apache.http.wire - http-outgoing-194 >> "Connection: Keep-Alive[\r][\n]"
02:36:40.488 [Test worker] DEBUG org.apache.http.wire - http-outgoing-194 >> "Accept-Encoding: gzip,deflate[\r][\n]"
02:36:40.488 [Test worker] DEBUG org.apache.http.wire - http-outgoing-194 >> "[\r][\n]"
02:36:40.489 [Test worker] DEBUG org.apache.http.wire - http-outgoing-194 << "H"
02:36:40.489 [Test worker] DEBUG org.apache.http.wire - http-outgoing-194 << "TTP/1.1 200 OK[\r][\n]"
02:36:40.489 [Test worker] DEBUG org.apache.http.wire - http-outgoing-194 << "Content-Type: application/json[\r][\n]"
02:36:40.490 [Test worker] DEBUG org.apache.http.wire - http-outgoing-194 << "Server: Docker/1.12.3 (linux)[\r][\n]"
02:36:40.490 [Test worker] DEBUG org.apache.http.wire - http-outgoing-194 << "Date: Tue, 03 Jan 2017 01:36:40 GMT[\r][\n]"
02:36:40.490 [Test worker] DEBUG org.apache.http.wire - http-outgoing-194 << "Content-Length: 1195[\r][\n]"
02:36:40.490 [Test worker] DEBUG org.apache.http.wire - http-outgoing-194 << "[\r][\n]"
02:36:40.490 [Test worker] DEBUG org.apache.http.wire - http-outgoing-194 << "[{"Id":"sha256:4ca3a192ff2a5b7e225e81dc006b6379c10776ed3619757a65608cb72de0a7f6","ParentId":"","RepoTags":["ubuntu:latest"],"RepoDigests":["ubuntu@sha256:3b64c309deae7ab0f7dbdd42b6b326261ccd6261da5d88396439353162703fb5"],"Created":1480449877,"Size":128206574,"VirtualSize":128206574,"Labels":{}},{"Id":"sha256:aae2b63c49461fcae4962e4a8043f66acf8e3af7e62f5ebceb70b181d8ca01e0","ParentId":"","RepoTags":["ubuntu:14.04"],"RepoDigests":["ubuntu@sha256:edb984703bd3e8981ff541a5b9297ca1b81fde6e6e8094d86e390a38ebc30b4d"],"Created":1480449856,"Size":187952254,"VirtualSize":187952254,"Labels":{}},{"Id":"sha256:e02e811dd08fd49e7f6032625495118e63f597eb150403d02e3238af1df240ba","ParentId":"","RepoTags":["busybox:latest"],"RepoDigests":["busybox@sha256:29f5d56d12684887bdfa50dcd29fc31eea4aaf4ad3bec43daf19026a7ce69912"],"Created":1475874238,"Size":1093484,"VirtualSize":1093484,"Labels":{}},{"Id":"sha256:d654de4499473ed41349b54a988b6f46a7fc92e3fa2d61e102bf2660a0116e25","ParentId":"","RepoTags":["sakib37/iperf3:latest"],"RepoDigests":["sakib37/iperf3@sha256:8d80a810f8f508c074b14d02555f20110eac382c8dbda7252075392983629d40"],"Created":1474907599,"Size":199456654,"VirtualSize":199456654,"Labels":{}}][\n]"
02:36:40.490 [Test worker] DEBUG org.apache.http.headers - http-outgoing-194 << HTTP/1.1 200 OK
02:36:40.490 [Test worker] DEBUG org.apache.http.headers - http-outgoing-194 << Content-Type: application/json
02:36:40.490 [Test worker] DEBUG org.apache.http.headers - http-outgoing-194 << Server: Docker/1.12.3 (linux)
02:36:40.490 [Test worker] DEBUG org.apache.http.headers - http-outgoing-194 << Date: Tue, 03 Jan 2017 01:36:40 GMT
02:36:40.490 [Test worker] DEBUG org.apache.http.headers - http-outgoing-194 << Content-Length: 1195
02:36:40.490 [Test worker] DEBUG o.a.h.impl.execchain.MainClientExec - Connection can be kept alive indefinitely
02:36:40.490 [Test worker] DEBUG c.g.d.j.JerseyDockerCmdExecFactory - 48 * Client response received on thread Test worker
48 < 200
48 < Content-Length: 1195
48 < Content-Type: application/json
48 < Date: Tue, 03 Jan 2017 01:36:40 GMT
48 < Server: Docker/1.12.3 (linux)
[{"Id":"sha256:4ca3a192ff2a5b7e225e81dc006b6379c10776ed3619757a65608cb72de0a7f6","ParentId":"","RepoTags":["ubuntu:latest"],"RepoDigests":["ubuntu@sha256:3b64c309deae7ab0f7dbdd42b6b326261ccd6261da5d88396439353162703fb5"],"Created":1480449877,"Size":128206574,"VirtualSize":128206574,"Labels":{}},{"Id":"sha256:aae2b63c49461fcae4962e4a8043f66acf8e3af7e62f5ebceb70b181d8ca01e0","ParentId":"","RepoTags":["ubuntu:14.04"],"RepoDigests":["ubuntu@sha256:edb984703bd3e8981ff541a5b9297ca1b81fde6e6e8094d86e390a38ebc30b4d"],"Created":1480449856,"Size":187952254,"VirtualSize":187952254,"Labels":{}},{"Id":"sha256:e02e811dd08fd49e7f6032625495118e63f597eb150403d02e3238af1df240ba","ParentId":"","RepoTags":["busybox:latest"],"RepoDigests":["busybox@sha256:29f5d56d12684887bdfa50dcd29fc31eea4aaf4ad3bec43daf19026a7ce69912"],"Created":1475874238,"Size":1093484,"VirtualSize":1093484,"Labels":{}},{"Id":"sha256:d654de4499473ed41349b54a988b6f46a7fc92e3fa2d61e102bf2660a0116e25","ParentId":"","RepoTags":["sakib37/iperf3:latest"],"RepoDigests":["sakib37/iperf3@sha256:8d80a810f8f508c074b14d02555f20110eac382c8dbda7252075392983629d40"],"Created":1474907599,"Size":199456654,"VirtualSize":199456654,"Labels":{}}]


02:36:40.491 [Test worker] DEBUG o.a.h.i.c.DefaultManagedHttpClientConnection - http-outgoing-194: Close connection
02:36:40.491 [Test worker] DEBUG o.a.h.impl.execchain.MainClientExec - Connection discarded
02:36:40.491 [Test worker] DEBUG c.g.d.j.JerseyDockerCmdExecFactory$1 - Connection released: [id: 194][route: {s}->https://Thesis:2376][total kept alive: 1; route allocated: 1 of 2; total allocated: 1 of 20]
02:36:40.491 [Test worker] DEBUG org.openbaton.docker.DockerVim - Found a docker image, transformed into a NFV Image Image{id='sha256:aae2b63c49461fcae4962e4a8043f66acf8e3af7e62f5ebceb70b181d8ca01e0', name='ubuntu:14.04', version=0, extId='null', minRam='0', minDiskSpace='0', minCPU='null', public='true', diskFormat='null', containerFormat='docker', created='Sun Jan 18 04:14:09 CET 1970', updated='null'}
02:36:40.491 [Test worker] DEBUG c.g.d.core.command.AbstrDockerCmd - Cmd: 890bc9b3536f763020022d3ed4d9ce50e1af116181a8cc0ab7666e5f064e495c,<null>,true,com.github.dockerjava.jaxrs.RemoveContainerCmdExec@4153abdb
02:36:40.492 [Test worker] DEBUG c.g.d.j.JerseyDockerCmdExecFactory - 49 * Sending client request on thread Test worker
49 > DELETE https://Thesis:2376/containers/890bc9b3536f763020022d3ed4d9ce50e1af116181a8cc0ab7666e5f064e495c?force=true
49 > Accept: application/json

02:36:40.492 [Test worker] DEBUG o.a.h.c.protocol.RequestAddCookies - CookieSpec selected: default
02:36:40.492 [Test worker] DEBUG o.a.h.c.protocol.RequestAuthCache - Auth cache not set in the context
02:36:40.492 [Test worker] DEBUG c.g.d.j.JerseyDockerCmdExecFactory$1 - Connection request: [route: {s}->https://Thesis:2376][total kept alive: 1; route allocated: 1 of 2; total allocated: 1 of 20]
02:36:40.492 [Test worker] DEBUG c.g.d.j.JerseyDockerCmdExecFactory$1 - Connection leased: [id: 195][route: {s}->https://Thesis:2376][total kept alive: 1; route allocated: 2 of 2; total allocated: 2 of 20]
02:36:40.492 [Test worker] DEBUG o.a.h.impl.execchain.MainClientExec - Opening connection {s}->https://Thesis:2376
02:36:40.493 [Test worker] DEBUG o.a.h.i.c.DefaultHttpClientConnectionOperator - Connecting to Thesis/127.0.1.1:2376
02:36:40.493 [Test worker] DEBUG o.a.h.c.s.SSLConnectionSocketFactory - Connecting socket to Thesis/127.0.1.1:2376 with timeout 0
02:36:40.493 [Test worker] DEBUG o.a.h.c.s.SSLConnectionSocketFactory - Enabled protocols: [TLSv1]
02:36:40.493 [Test worker] DEBUG o.a.h.c.s.SSLConnectionSocketFactory - Enabled cipher suites:[TLS_ECDHE_ECDSA_WITH_AES_128_CBC_SHA, TLS_ECDHE_RSA_WITH_AES_128_CBC_SHA, TLS_RSA_WITH_AES_128_CBC_SHA, TLS_ECDH_ECDSA_WITH_AES_128_CBC_SHA, TLS_ECDH_RSA_WITH_AES_128_CBC_SHA, TLS_DHE_RSA_WITH_AES_128_CBC_SHA, TLS_DHE_DSS_WITH_AES_128_CBC_SHA, TLS_ECDHE_ECDSA_WITH_3DES_EDE_CBC_SHA, TLS_ECDHE_RSA_WITH_3DES_EDE_CBC_SHA, SSL_RSA_WITH_3DES_EDE_CBC_SHA, TLS_ECDH_ECDSA_WITH_3DES_EDE_CBC_SHA, TLS_ECDH_RSA_WITH_3DES_EDE_CBC_SHA, SSL_DHE_RSA_WITH_3DES_EDE_CBC_SHA, SSL_DHE_DSS_WITH_3DES_EDE_CBC_SHA, TLS_ECDHE_ECDSA_WITH_RC4_128_SHA, TLS_ECDHE_RSA_WITH_RC4_128_SHA, SSL_RSA_WITH_RC4_128_SHA, TLS_ECDH_ECDSA_WITH_RC4_128_SHA, TLS_ECDH_RSA_WITH_RC4_128_SHA, SSL_RSA_WITH_RC4_128_MD5, TLS_EMPTY_RENEGOTIATION_INFO_SCSV]
02:36:40.493 [Test worker] DEBUG o.a.h.c.s.SSLConnectionSocketFactory - Starting handshake
02:36:40.555 [Test worker] DEBUG o.a.h.c.s.SSLConnectionSocketFactory - Secure session established
02:36:40.555 [Test worker] DEBUG o.a.h.c.s.SSLConnectionSocketFactory -  negotiated protocol: TLSv1
02:36:40.555 [Test worker] DEBUG o.a.h.c.s.SSLConnectionSocketFactory -  negotiated cipher suite: TLS_ECDHE_RSA_WITH_AES_128_CBC_SHA
02:36:40.555 [Test worker] DEBUG o.a.h.c.s.SSLConnectionSocketFactory -  peer principal: CN=Thesis
02:36:40.555 [Test worker] DEBUG o.a.h.c.s.SSLConnectionSocketFactory -  issuer principal: EMAILADDRESS=sha@yamil.com, CN=Thesis, OU=Open, O=Fra, L=BER, ST=BER, C=DE
02:36:40.555 [Test worker] DEBUG o.a.h.i.c.DefaultHttpClientConnectionOperator - Connection established 127.0.0.1:41690<->127.0.1.1:2376
02:36:40.555 [Test worker] DEBUG o.a.h.impl.execchain.MainClientExec - Executing request DELETE /containers/890bc9b3536f763020022d3ed4d9ce50e1af116181a8cc0ab7666e5f064e495c?force=true HTTP/1.1
02:36:40.555 [Test worker] DEBUG o.a.h.impl.execchain.MainClientExec - Target auth state: UNCHALLENGED
02:36:40.555 [Test worker] DEBUG o.a.h.impl.execchain.MainClientExec - Proxy auth state: UNCHALLENGED
02:36:40.555 [Test worker] DEBUG org.apache.http.headers - http-outgoing-195 >> DELETE /containers/890bc9b3536f763020022d3ed4d9ce50e1af116181a8cc0ab7666e5f064e495c?force=true HTTP/1.1
02:36:40.556 [Test worker] DEBUG org.apache.http.headers - http-outgoing-195 >> Accept: application/json
02:36:40.556 [Test worker] DEBUG org.apache.http.headers - http-outgoing-195 >> User-Agent: Jersey/2.23.1 (Apache HttpClient 4.5.1)
02:36:40.556 [Test worker] DEBUG org.apache.http.headers - http-outgoing-195 >> Host: Thesis:2376
02:36:40.556 [Test worker] DEBUG org.apache.http.headers - http-outgoing-195 >> Connection: Keep-Alive
02:36:40.556 [Test worker] DEBUG org.apache.http.headers - http-outgoing-195 >> Accept-Encoding: gzip,deflate
02:36:40.556 [Test worker] DEBUG org.apache.http.wire - http-outgoing-195 >> "DELETE /containers/890bc9b3536f763020022d3ed4d9ce50e1af116181a8cc0ab7666e5f064e495c?force=true HTTP/1.1[\r][\n]"
02:36:40.556 [Test worker] DEBUG org.apache.http.wire - http-outgoing-195 >> "Accept: application/json[\r][\n]"
02:36:40.556 [Test worker] DEBUG org.apache.http.wire - http-outgoing-195 >> "User-Agent: Jersey/2.23.1 (Apache HttpClient 4.5.1)[\r][\n]"
02:36:40.556 [Test worker] DEBUG org.apache.http.wire - http-outgoing-195 >> "Host: Thesis:2376[\r][\n]"
02:36:40.556 [Test worker] DEBUG org.apache.http.wire - http-outgoing-195 >> "Connection: Keep-Alive[\r][\n]"
02:36:40.556 [Test worker] DEBUG org.apache.http.wire - http-outgoing-195 >> "Accept-Encoding: gzip,deflate[\r][\n]"
02:36:40.556 [Test worker] DEBUG org.apache.http.wire - http-outgoing-195 >> "[\r][\n]"
02:36:40.804 [Test worker] DEBUG org.apache.http.wire - http-outgoing-195 << "H"
02:36:40.804 [Test worker] DEBUG org.apache.http.wire - http-outgoing-195 << "TTP/1.1 204 No Content[\r][\n]"
02:36:40.804 [Test worker] DEBUG org.apache.http.wire - http-outgoing-195 << "Server: Docker/1.12.3 (linux)[\r][\n]"
02:36:40.804 [Test worker] DEBUG org.apache.http.wire - http-outgoing-195 << "Date: Tue, 03 Jan 2017 01:36:40 GMT[\r][\n]"
02:36:40.804 [Test worker] DEBUG org.apache.http.wire - http-outgoing-195 << "[\r][\n]"
02:36:40.804 [Test worker] DEBUG org.apache.http.headers - http-outgoing-195 << HTTP/1.1 204 No Content
02:36:40.804 [Test worker] DEBUG org.apache.http.headers - http-outgoing-195 << Server: Docker/1.12.3 (linux)
02:36:40.804 [Test worker] DEBUG org.apache.http.headers - http-outgoing-195 << Date: Tue, 03 Jan 2017 01:36:40 GMT
02:36:40.804 [Test worker] DEBUG o.a.h.impl.execchain.MainClientExec - Connection can be kept alive indefinitely
02:36:40.804 [Test worker] DEBUG c.g.d.j.JerseyDockerCmdExecFactory$1 - Connection [id: 195][route: {s}->https://Thesis:2376][state: CN=Thesis] can be kept alive indefinitely
02:36:40.804 [Test worker] DEBUG c.g.d.j.JerseyDockerCmdExecFactory$1 - Connection released: [id: 195][route: {s}->https://Thesis:2376][state: CN=Thesis][total kept alive: 2; route allocated: 2 of 2; total allocated: 2 of 20]
02:36:40.804 [Test worker] DEBUG c.g.d.j.JerseyDockerCmdExecFactory - 50 * Client response received on thread Test worker
50 < 204
50 < Date: Tue, 03 Jan 2017 01:36:40 GMT
50 < Server: Docker/1.12.3 (linux)

02:36:40.804 [Test worker] DEBUG org.openbaton.docker.DockerVim - Server deleted successfully
02:36:40.804 [Test worker] DEBUG c.g.d.core.command.AbstrDockerCmd - Cmd: a87e12af34d47622ccc8018ba2290e698dcb75543c25fe3ca367ca002095e953,<null>,true,com.github.dockerjava.jaxrs.RemoveContainerCmdExec@565e329e
02:36:40.805 [Test worker] DEBUG c.g.d.j.JerseyDockerCmdExecFactory - 51 * Sending client request on thread Test worker
51 > DELETE https://Thesis:2376/containers/a87e12af34d47622ccc8018ba2290e698dcb75543c25fe3ca367ca002095e953?force=true
51 > Accept: application/json

02:36:40.805 [Test worker] DEBUG o.a.h.c.protocol.RequestAddCookies - CookieSpec selected: default
02:36:40.805 [Test worker] DEBUG o.a.h.c.protocol.RequestAuthCache - Auth cache not set in the context
02:36:40.805 [Test worker] DEBUG c.g.d.j.JerseyDockerCmdExecFactory$1 - Connection request: [route: {s}->https://Thesis:2376][total kept alive: 2; route allocated: 2 of 2; total allocated: 2 of 20]
02:36:40.805 [Test worker] DEBUG o.a.h.i.c.DefaultManagedHttpClientConnection - http-outgoing-189: Close connection
02:36:40.807 [Test worker] DEBUG c.g.d.j.JerseyDockerCmdExecFactory$1 - Connection leased: [id: 196][route: {s}->https://Thesis:2376][total kept alive: 1; route allocated: 2 of 2; total allocated: 2 of 20]
02:36:40.807 [Test worker] DEBUG o.a.h.impl.execchain.MainClientExec - Opening connection {s}->https://Thesis:2376
02:36:40.808 [Test worker] DEBUG o.a.h.i.c.DefaultHttpClientConnectionOperator - Connecting to Thesis/127.0.1.1:2376
02:36:40.808 [Test worker] DEBUG o.a.h.c.s.SSLConnectionSocketFactory - Connecting socket to Thesis/127.0.1.1:2376 with timeout 0
02:36:40.809 [Test worker] DEBUG o.a.h.c.s.SSLConnectionSocketFactory - Enabled protocols: [TLSv1]
02:36:40.809 [Test worker] DEBUG o.a.h.c.s.SSLConnectionSocketFactory - Enabled cipher suites:[TLS_ECDHE_ECDSA_WITH_AES_128_CBC_SHA, TLS_ECDHE_RSA_WITH_AES_128_CBC_SHA, TLS_RSA_WITH_AES_128_CBC_SHA, TLS_ECDH_ECDSA_WITH_AES_128_CBC_SHA, TLS_ECDH_RSA_WITH_AES_128_CBC_SHA, TLS_DHE_RSA_WITH_AES_128_CBC_SHA, TLS_DHE_DSS_WITH_AES_128_CBC_SHA, TLS_ECDHE_ECDSA_WITH_3DES_EDE_CBC_SHA, TLS_ECDHE_RSA_WITH_3DES_EDE_CBC_SHA, SSL_RSA_WITH_3DES_EDE_CBC_SHA, TLS_ECDH_ECDSA_WITH_3DES_EDE_CBC_SHA, TLS_ECDH_RSA_WITH_3DES_EDE_CBC_SHA, SSL_DHE_RSA_WITH_3DES_EDE_CBC_SHA, SSL_DHE_DSS_WITH_3DES_EDE_CBC_SHA, TLS_ECDHE_ECDSA_WITH_RC4_128_SHA, TLS_ECDHE_RSA_WITH_RC4_128_SHA, SSL_RSA_WITH_RC4_128_SHA, TLS_ECDH_ECDSA_WITH_RC4_128_SHA, TLS_ECDH_RSA_WITH_RC4_128_SHA, SSL_RSA_WITH_RC4_128_MD5, TLS_EMPTY_RENEGOTIATION_INFO_SCSV]
02:36:40.809 [Test worker] DEBUG o.a.h.c.s.SSLConnectionSocketFactory - Starting handshake
02:36:40.893 [Test worker] DEBUG o.a.h.c.s.SSLConnectionSocketFactory - Secure session established
02:36:40.894 [Test worker] DEBUG o.a.h.c.s.SSLConnectionSocketFactory -  negotiated protocol: TLSv1
02:36:40.894 [Test worker] DEBUG o.a.h.c.s.SSLConnectionSocketFactory -  negotiated cipher suite: TLS_ECDHE_RSA_WITH_AES_128_CBC_SHA
02:36:40.894 [Test worker] DEBUG o.a.h.c.s.SSLConnectionSocketFactory -  peer principal: CN=Thesis
02:36:40.894 [Test worker] DEBUG o.a.h.c.s.SSLConnectionSocketFactory -  issuer principal: EMAILADDRESS=sha@yamil.com, CN=Thesis, OU=Open, O=Fra, L=BER, ST=BER, C=DE
02:36:40.894 [Test worker] DEBUG o.a.h.i.c.DefaultHttpClientConnectionOperator - Connection established 127.0.0.1:41692<->127.0.1.1:2376
02:36:40.894 [Test worker] DEBUG o.a.h.impl.execchain.MainClientExec - Executing request DELETE /containers/a87e12af34d47622ccc8018ba2290e698dcb75543c25fe3ca367ca002095e953?force=true HTTP/1.1
02:36:40.894 [Test worker] DEBUG o.a.h.impl.execchain.MainClientExec - Target auth state: UNCHALLENGED
02:36:40.894 [Test worker] DEBUG o.a.h.impl.execchain.MainClientExec - Proxy auth state: UNCHALLENGED
02:36:40.894 [Test worker] DEBUG org.apache.http.headers - http-outgoing-196 >> DELETE /containers/a87e12af34d47622ccc8018ba2290e698dcb75543c25fe3ca367ca002095e953?force=true HTTP/1.1
02:36:40.894 [Test worker] DEBUG org.apache.http.headers - http-outgoing-196 >> Accept: application/json
02:36:40.894 [Test worker] DEBUG org.apache.http.headers - http-outgoing-196 >> User-Agent: Jersey/2.23.1 (Apache HttpClient 4.5.1)
02:36:40.894 [Test worker] DEBUG org.apache.http.headers - http-outgoing-196 >> Host: Thesis:2376
02:36:40.894 [Test worker] DEBUG org.apache.http.headers - http-outgoing-196 >> Connection: Keep-Alive
02:36:40.894 [Test worker] DEBUG org.apache.http.headers - http-outgoing-196 >> Accept-Encoding: gzip,deflate
02:36:40.894 [Test worker] DEBUG org.apache.http.wire - http-outgoing-196 >> "DELETE /containers/a87e12af34d47622ccc8018ba2290e698dcb75543c25fe3ca367ca002095e953?force=true HTTP/1.1[\r][\n]"
02:36:40.894 [Test worker] DEBUG org.apache.http.wire - http-outgoing-196 >> "Accept: application/json[\r][\n]"
02:36:40.895 [Test worker] DEBUG org.apache.http.wire - http-outgoing-196 >> "User-Agent: Jersey/2.23.1 (Apache HttpClient 4.5.1)[\r][\n]"
02:36:40.895 [Test worker] DEBUG org.apache.http.wire - http-outgoing-196 >> "Host: Thesis:2376[\r][\n]"
02:36:40.895 [Test worker] DEBUG org.apache.http.wire - http-outgoing-196 >> "Connection: Keep-Alive[\r][\n]"
02:36:40.895 [Test worker] DEBUG org.apache.http.wire - http-outgoing-196 >> "Accept-Encoding: gzip,deflate[\r][\n]"
02:36:40.895 [Test worker] DEBUG org.apache.http.wire - http-outgoing-196 >> "[\r][\n]"
02:36:41.151 [Test worker] DEBUG org.apache.http.wire - http-outgoing-196 << "H"
02:36:41.189 [Test worker] DEBUG org.apache.http.wire - http-outgoing-196 << "TTP/1.1 204 No Content[\r][\n]"
02:36:41.189 [Test worker] DEBUG org.apache.http.wire - http-outgoing-196 << "Server: Docker/1.12.3 (linux)[\r][\n]"
02:36:41.189 [Test worker] DEBUG org.apache.http.wire - http-outgoing-196 << "Date: Tue, 03 Jan 2017 01:36:41 GMT[\r][\n]"
02:36:41.189 [Test worker] DEBUG org.apache.http.wire - http-outgoing-196 << "[\r][\n]"
02:36:41.189 [Test worker] DEBUG org.apache.http.headers - http-outgoing-196 << HTTP/1.1 204 No Content
02:36:41.189 [Test worker] DEBUG org.apache.http.headers - http-outgoing-196 << Server: Docker/1.12.3 (linux)
02:36:41.189 [Test worker] DEBUG org.apache.http.headers - http-outgoing-196 << Date: Tue, 03 Jan 2017 01:36:41 GMT
02:36:41.189 [Test worker] DEBUG o.a.h.impl.execchain.MainClientExec - Connection can be kept alive indefinitely
02:36:41.189 [Test worker] DEBUG c.g.d.j.JerseyDockerCmdExecFactory$1 - Connection [id: 196][route: {s}->https://Thesis:2376][state: CN=Thesis] can be kept alive indefinitely
02:36:41.189 [Test worker] DEBUG c.g.d.j.JerseyDockerCmdExecFactory$1 - Connection released: [id: 196][route: {s}->https://Thesis:2376][state: CN=Thesis][total kept alive: 2; route allocated: 2 of 2; total allocated: 2 of 20]
02:36:41.190 [Test worker] DEBUG c.g.d.j.JerseyDockerCmdExecFactory - 52 * Client response received on thread Test worker
52 < 204
52 < Date: Tue, 03 Jan 2017 01:36:41 GMT
52 < Server: Docker/1.12.3 (linux)

02:36:41.190 [Test worker] DEBUG org.openbaton.docker.DockerVim - Server deleted successfully
02:36:41.190 [Test worker] DEBUG c.g.d.core.command.AbstrDockerCmd - Cmd: com.github.dockerjava.core.util.FiltersBuilder@0,com.github.dockerjava.jaxrs.ListNetworksCmdExec@6195c653
02:36:41.190 [Test worker] DEBUG c.g.d.j.JerseyDockerCmdExecFactory - 53 * Sending client request on thread Test worker
53 > GET https://Thesis:2376/networks
53 > Accept: application/json

02:36:41.190 [Test worker] DEBUG o.a.h.c.protocol.RequestAddCookies - CookieSpec selected: default
02:36:41.190 [Test worker] DEBUG o.a.h.c.protocol.RequestAuthCache - Auth cache not set in the context
02:36:41.190 [Test worker] DEBUG c.g.d.j.JerseyDockerCmdExecFactory$1 - Connection request: [route: {s}->https://Thesis:2376][total kept alive: 2; route allocated: 2 of 2; total allocated: 2 of 20]
02:36:41.190 [Test worker] DEBUG o.a.h.i.c.DefaultManagedHttpClientConnection - http-outgoing-195: Close connection
02:36:41.193 [Test worker] DEBUG c.g.d.j.JerseyDockerCmdExecFactory$1 - Connection leased: [id: 197][route: {s}->https://Thesis:2376][total kept alive: 1; route allocated: 2 of 2; total allocated: 2 of 20]
02:36:41.194 [Test worker] DEBUG o.a.h.impl.execchain.MainClientExec - Opening connection {s}->https://Thesis:2376
02:36:41.194 [Test worker] DEBUG o.a.h.i.c.DefaultHttpClientConnectionOperator - Connecting to Thesis/127.0.1.1:2376
02:36:41.194 [Test worker] DEBUG o.a.h.c.s.SSLConnectionSocketFactory - Connecting socket to Thesis/127.0.1.1:2376 with timeout 0
02:36:41.195 [Test worker] DEBUG o.a.h.c.s.SSLConnectionSocketFactory - Enabled protocols: [TLSv1]
02:36:41.195 [Test worker] DEBUG o.a.h.c.s.SSLConnectionSocketFactory - Enabled cipher suites:[TLS_ECDHE_ECDSA_WITH_AES_128_CBC_SHA, TLS_ECDHE_RSA_WITH_AES_128_CBC_SHA, TLS_RSA_WITH_AES_128_CBC_SHA, TLS_ECDH_ECDSA_WITH_AES_128_CBC_SHA, TLS_ECDH_RSA_WITH_AES_128_CBC_SHA, TLS_DHE_RSA_WITH_AES_128_CBC_SHA, TLS_DHE_DSS_WITH_AES_128_CBC_SHA, TLS_ECDHE_ECDSA_WITH_3DES_EDE_CBC_SHA, TLS_ECDHE_RSA_WITH_3DES_EDE_CBC_SHA, SSL_RSA_WITH_3DES_EDE_CBC_SHA, TLS_ECDH_ECDSA_WITH_3DES_EDE_CBC_SHA, TLS_ECDH_RSA_WITH_3DES_EDE_CBC_SHA, SSL_DHE_RSA_WITH_3DES_EDE_CBC_SHA, SSL_DHE_DSS_WITH_3DES_EDE_CBC_SHA, TLS_ECDHE_ECDSA_WITH_RC4_128_SHA, TLS_ECDHE_RSA_WITH_RC4_128_SHA, SSL_RSA_WITH_RC4_128_SHA, TLS_ECDH_ECDSA_WITH_RC4_128_SHA, TLS_ECDH_RSA_WITH_RC4_128_SHA, SSL_RSA_WITH_RC4_128_MD5, TLS_EMPTY_RENEGOTIATION_INFO_SCSV]
02:36:41.195 [Test worker] DEBUG o.a.h.c.s.SSLConnectionSocketFactory - Starting handshake
02:36:41.286 [Test worker] DEBUG o.a.h.c.s.SSLConnectionSocketFactory - Secure session established
02:36:41.286 [Test worker] DEBUG o.a.h.c.s.SSLConnectionSocketFactory -  negotiated protocol: TLSv1
02:36:41.286 [Test worker] DEBUG o.a.h.c.s.SSLConnectionSocketFactory -  negotiated cipher suite: TLS_ECDHE_RSA_WITH_AES_128_CBC_SHA
02:36:41.287 [Test worker] DEBUG o.a.h.c.s.SSLConnectionSocketFactory -  peer principal: CN=Thesis
02:36:41.287 [Test worker] DEBUG o.a.h.c.s.SSLConnectionSocketFactory -  issuer principal: EMAILADDRESS=sha@yamil.com, CN=Thesis, OU=Open, O=Fra, L=BER, ST=BER, C=DE
02:36:41.287 [Test worker] DEBUG o.a.h.i.c.DefaultHttpClientConnectionOperator - Connection established 127.0.0.1:41694<->127.0.1.1:2376
02:36:41.287 [Test worker] DEBUG o.a.h.impl.execchain.MainClientExec - Executing request GET /networks HTTP/1.1
02:36:41.287 [Test worker] DEBUG o.a.h.impl.execchain.MainClientExec - Target auth state: UNCHALLENGED
02:36:41.287 [Test worker] DEBUG o.a.h.impl.execchain.MainClientExec - Proxy auth state: UNCHALLENGED
02:36:41.287 [Test worker] DEBUG org.apache.http.headers - http-outgoing-197 >> GET /networks HTTP/1.1
02:36:41.287 [Test worker] DEBUG org.apache.http.headers - http-outgoing-197 >> Accept: application/json
02:36:41.287 [Test worker] DEBUG org.apache.http.headers - http-outgoing-197 >> User-Agent: Jersey/2.23.1 (Apache HttpClient 4.5.1)
02:36:41.287 [Test worker] DEBUG org.apache.http.headers - http-outgoing-197 >> Host: Thesis:2376
02:36:41.287 [Test worker] DEBUG org.apache.http.headers - http-outgoing-197 >> Connection: Keep-Alive
02:36:41.287 [Test worker] DEBUG org.apache.http.headers - http-outgoing-197 >> Accept-Encoding: gzip,deflate
02:36:41.287 [Test worker] DEBUG org.apache.http.wire - http-outgoing-197 >> "GET /networks HTTP/1.1[\r][\n]"
02:36:41.287 [Test worker] DEBUG org.apache.http.wire - http-outgoing-197 >> "Accept: application/json[\r][\n]"
02:36:41.287 [Test worker] DEBUG org.apache.http.wire - http-outgoing-197 >> "User-Agent: Jersey/2.23.1 (Apache HttpClient 4.5.1)[\r][\n]"
02:36:41.287 [Test worker] DEBUG org.apache.http.wire - http-outgoing-197 >> "Host: Thesis:2376[\r][\n]"
02:36:41.287 [Test worker] DEBUG org.apache.http.wire - http-outgoing-197 >> "Connection: Keep-Alive[\r][\n]"
02:36:41.287 [Test worker] DEBUG org.apache.http.wire - http-outgoing-197 >> "Accept-Encoding: gzip,deflate[\r][\n]"
02:36:41.287 [Test worker] DEBUG org.apache.http.wire - http-outgoing-197 >> "[\r][\n]"
02:36:41.288 [Test worker] DEBUG org.apache.http.wire - http-outgoing-197 << "H"
02:36:41.288 [Test worker] DEBUG org.apache.http.wire - http-outgoing-197 << "TTP/1.1 200 OK[\r][\n]"
02:36:41.288 [Test worker] DEBUG org.apache.http.wire - http-outgoing-197 << "Content-Type: application/json[\r][\n]"
02:36:41.288 [Test worker] DEBUG org.apache.http.wire - http-outgoing-197 << "Server: Docker/1.12.3 (linux)[\r][\n]"
02:36:41.288 [Test worker] DEBUG org.apache.http.wire - http-outgoing-197 << "Date: Tue, 03 Jan 2017 01:36:41 GMT[\r][\n]"
02:36:41.288 [Test worker] DEBUG org.apache.http.wire - http-outgoing-197 << "Content-Length: 1723[\r][\n]"
02:36:41.289 [Test worker] DEBUG org.apache.http.wire - http-outgoing-197 << "[\r][\n]"
02:36:41.289 [Test worker] DEBUG org.apache.http.wire - http-outgoing-197 << "[{"Name":"none","Id":"4d89c194eb79cd2beb38458d10a1b98c74d6b8462af72afde29ae7aca53ed5ca","Scope":"local","Driver":"null","EnableIPv6":false,"IPAM":{"Driver":"default","Options":null,"Config":[]},"Internal":false,"Containers":{},"Options":{},"Labels":{}},{"Name":"bridge","Id":"e0d36057aa1769e9fd52ba88be81b698b495f9b6b4946d0f98f24d971a27fc98","Scope":"local","Driver":"bridge","EnableIPv6":false,"IPAM":{"Driver":"default","Options":null,"Config":[{"Subnet":"172.17.0.0/16","Gateway":"172.17.0.1"}]},"Internal":false,"Containers":{},"Options":{"com.docker.network.bridge.default_bridge":"true","com.docker.network.bridge.enable_icc":"true","com.docker.network.bridge.enable_ip_masquerade":"true","com.docker.network.bridge.host_binding_ipv4":"0.0.0.0","com.docker.network.bridge.name":"docker0","com.docker.network.driver.mtu":"1500"},"Labels":{}},{"Name":"MyNetwork2","Id":"1265d4f13b2058f8e2d1c84c8ed5e2124475cafb35f67c0eed0d23ccb955a7f6","Scope":"local","Driver":"bridge","EnableIPv6":false,"IPAM":{"Driver":"default","Options":null,"Config":[{"Subnet":"172.19.0.0/16","Gateway":"172.19.0.1/16"}]},"Internal":false,"Containers":{},"Options":{},"Labels":{}},{"Name":"host","Id":"fe042b0866671b5be4f097ba43830c0a02959c058702d18e18c14a24d88a357d","Scope":"local","Driver":"host","EnableIPv6":false,"IPAM":{"Driver":"default","Options":null,"Config":[]},"Internal":false,"Containers":{},"Options":{},"Labels":{}},{"Name":"MyNetwork","Id":"5de830b93db6ab32fc7b38776b4d6539f76d8e289e55b7793ed199fd3c5284a4","Scope":"local","Driver":"bridge","EnableIPv6":false,"IPAM":{"Driver":"default","Options":null,"Config":[{"Subnet":"172.18.0.0/16","Gateway":"172.18.0.1/16"}]},"Internal":false,"Containers":{},"Options":{},"Labels":{}}][\n]"
02:36:41.289 [Test worker] DEBUG org.apache.http.headers - http-outgoing-197 << HTTP/1.1 200 OK
02:36:41.289 [Test worker] DEBUG org.apache.http.headers - http-outgoing-197 << Content-Type: application/json
02:36:41.289 [Test worker] DEBUG org.apache.http.headers - http-outgoing-197 << Server: Docker/1.12.3 (linux)
02:36:41.289 [Test worker] DEBUG org.apache.http.headers - http-outgoing-197 << Date: Tue, 03 Jan 2017 01:36:41 GMT
02:36:41.289 [Test worker] DEBUG org.apache.http.headers - http-outgoing-197 << Content-Length: 1723
02:36:41.289 [Test worker] DEBUG o.a.h.impl.execchain.MainClientExec - Connection can be kept alive indefinitely
02:36:41.289 [Test worker] DEBUG c.g.d.j.JerseyDockerCmdExecFactory - 54 * Client response received on thread Test worker
54 < 200
54 < Content-Length: 1723
54 < Content-Type: application/json
54 < Date: Tue, 03 Jan 2017 01:36:41 GMT
54 < Server: Docker/1.12.3 (linux)
[{"Name":"none","Id":"4d89c194eb79cd2beb38458d10a1b98c74d6b8462af72afde29ae7aca53ed5ca","Scope":"local","Driver":"null","EnableIPv6":false,"IPAM":{"Driver":"default","Options":null,"Config":[]},"Internal":false,"Containers":{},"Options":{},"Labels":{}},{"Name":"bridge","Id":"e0d36057aa1769e9fd52ba88be81b698b495f9b6b4946d0f98f24d971a27fc98","Scope":"local","Driver":"bridge","EnableIPv6":false,"IPAM":{"Driver":"default","Options":null,"Config":[{"Subnet":"172.17.0.0/16","Gateway":"172.17.0.1"}]},"Internal":false,"Containers":{},"Options":{"com.docker.network.bridge.default_bridge":"true","com.docker.network.bridge.enable_icc":"true","com.docker.network.bridge.enable_ip_masquerade":"true","com.docker.network.bridge.host_binding_ipv4":"0.0.0.0","com.docker.network.bridge.name":"docker0","com.docker.network.driver.mtu":"1500"},"Labels":{}},{"Name":"MyNetwork2","Id":"1265d4f13b2058f8e2d1c84c8ed5e2124475cafb35f67c0eed0d23ccb955a7f6","Scope":"local","Driver":"bridge","EnableIPv6":false,"IPAM":{"Driver":"default","Options":null,"Config":[{"Subnet":"172.19.0.0/16","Gateway":"172.19.0.1/16"}]},"Internal":false,"Containers":{},"Options":{},"Labels":{}},{"Name":"host","Id":"fe042b0866671b5be4f097ba43830c0a02959c058702d18e18c14a24d88a357d","Scope":"local","Driver":"host","EnableIPv6":false,"IPAM":{"Driver":"default","Options":null,"Config":[]},"Internal":false,"Containers":{},"Options":{},"Labels":{}},{"Name":"MyNetwork","Id":"5de830b93db6ab32fc7b38776b4d6539f76d8e289e55b7793ed199fd3c5284a4","Scope":"local","Driver":"bridge","EnableIPv6":false,"IPAM":{"Driver":"default","Options":null,"Config":[{"Subnet":"172.18.0.0/16","Gateway":"172.18.0.1/16"}]},"Internal":false,"Containers":{},"Options":{},"Labels":{}}]


02:36:41.290 [Test worker] DEBUG o.a.h.i.c.DefaultManagedHttpClientConnection - http-outgoing-197: Close connection
02:36:41.290 [Test worker] DEBUG o.a.h.impl.execchain.MainClientExec - Connection discarded
02:36:41.290 [Test worker] DEBUG c.g.d.j.JerseyDockerCmdExecFactory$1 - Connection released: [id: 197][route: {s}->https://Thesis:2376][total kept alive: 1; route allocated: 1 of 2; total allocated: 1 of 20]
02:36:41.291 [Test worker] DEBUG org.openbaton.docker.DockerVim - Found a docker network, transformed into a NFV network Network{id='1265d4f13b2058f8e2d1c84c8ed5e2124475cafb35f67c0eed0d23ccb955a7f6', name='MyNetwork2', extId='null', external=false, shared=false, subnets=[Subnet{id='null', version=0, name='bridge', extId='null', networkId='172.19.0.0/16', cidr='null', gatewayIp='172.19.0.1/16'}]}
02:36:41.291 [Test worker] DEBUG org.openbaton.docker.DockerVim - Found a docker network, transformed into a NFV network Network{id='5de830b93db6ab32fc7b38776b4d6539f76d8e289e55b7793ed199fd3c5284a4', name='MyNetwork', extId='null', external=false, shared=false, subnets=[Subnet{id='null', version=0, name='bridge', extId='null', networkId='172.18.0.0/16', cidr='null', gatewayIp='172.18.0.1/16'}]}
02:36:41.291 [Test worker] DEBUG c.g.d.core.command.AbstrDockerCmd - Cmd: 1265d4f13b2058f8e2d1c84c8ed5e2124475cafb35f67c0eed0d23ccb955a7f6,com.github.dockerjava.jaxrs.RemoveNetworkCmdExec@54b483bf
02:36:41.291 [Test worker] DEBUG c.g.d.j.JerseyDockerCmdExecFactory - 55 * Sending client request on thread Test worker
55 > DELETE https://Thesis:2376/networks/1265d4f13b2058f8e2d1c84c8ed5e2124475cafb35f67c0eed0d23ccb955a7f6
55 > Accept: application/json

02:36:41.292 [Test worker] DEBUG o.a.h.c.protocol.RequestAddCookies - CookieSpec selected: default
02:36:41.292 [Test worker] DEBUG o.a.h.c.protocol.RequestAuthCache - Auth cache not set in the context
02:36:41.292 [Test worker] DEBUG c.g.d.j.JerseyDockerCmdExecFactory$1 - Connection request: [route: {s}->https://Thesis:2376][total kept alive: 1; route allocated: 1 of 2; total allocated: 1 of 20]
02:36:41.292 [Test worker] DEBUG c.g.d.j.JerseyDockerCmdExecFactory$1 - Connection leased: [id: 198][route: {s}->https://Thesis:2376][total kept alive: 1; route allocated: 2 of 2; total allocated: 2 of 20]
02:36:41.292 [Test worker] DEBUG o.a.h.impl.execchain.MainClientExec - Opening connection {s}->https://Thesis:2376
02:36:41.292 [Test worker] DEBUG o.a.h.i.c.DefaultHttpClientConnectionOperator - Connecting to Thesis/127.0.1.1:2376
02:36:41.292 [Test worker] DEBUG o.a.h.c.s.SSLConnectionSocketFactory - Connecting socket to Thesis/127.0.1.1:2376 with timeout 0
02:36:41.293 [Test worker] DEBUG o.a.h.c.s.SSLConnectionSocketFactory - Enabled protocols: [TLSv1]
02:36:41.293 [Test worker] DEBUG o.a.h.c.s.SSLConnectionSocketFactory - Enabled cipher suites:[TLS_ECDHE_ECDSA_WITH_AES_128_CBC_SHA, TLS_ECDHE_RSA_WITH_AES_128_CBC_SHA, TLS_RSA_WITH_AES_128_CBC_SHA, TLS_ECDH_ECDSA_WITH_AES_128_CBC_SHA, TLS_ECDH_RSA_WITH_AES_128_CBC_SHA, TLS_DHE_RSA_WITH_AES_128_CBC_SHA, TLS_DHE_DSS_WITH_AES_128_CBC_SHA, TLS_ECDHE_ECDSA_WITH_3DES_EDE_CBC_SHA, TLS_ECDHE_RSA_WITH_3DES_EDE_CBC_SHA, SSL_RSA_WITH_3DES_EDE_CBC_SHA, TLS_ECDH_ECDSA_WITH_3DES_EDE_CBC_SHA, TLS_ECDH_RSA_WITH_3DES_EDE_CBC_SHA, SSL_DHE_RSA_WITH_3DES_EDE_CBC_SHA, SSL_DHE_DSS_WITH_3DES_EDE_CBC_SHA, TLS_ECDHE_ECDSA_WITH_RC4_128_SHA, TLS_ECDHE_RSA_WITH_RC4_128_SHA, SSL_RSA_WITH_RC4_128_SHA, TLS_ECDH_ECDSA_WITH_RC4_128_SHA, TLS_ECDH_RSA_WITH_RC4_128_SHA, SSL_RSA_WITH_RC4_128_MD5, TLS_EMPTY_RENEGOTIATION_INFO_SCSV]
02:36:41.293 [Test worker] DEBUG o.a.h.c.s.SSLConnectionSocketFactory - Starting handshake
02:36:41.375 [Test worker] DEBUG o.a.h.c.s.SSLConnectionSocketFactory - Secure session established
02:36:41.375 [Test worker] DEBUG o.a.h.c.s.SSLConnectionSocketFactory -  negotiated protocol: TLSv1
02:36:41.375 [Test worker] DEBUG o.a.h.c.s.SSLConnectionSocketFactory -  negotiated cipher suite: TLS_ECDHE_RSA_WITH_AES_128_CBC_SHA
02:36:41.375 [Test worker] DEBUG o.a.h.c.s.SSLConnectionSocketFactory -  peer principal: CN=Thesis
02:36:41.375 [Test worker] DEBUG o.a.h.c.s.SSLConnectionSocketFactory -  issuer principal: EMAILADDRESS=sha@yamil.com, CN=Thesis, OU=Open, O=Fra, L=BER, ST=BER, C=DE
02:36:41.375 [Test worker] DEBUG o.a.h.i.c.DefaultHttpClientConnectionOperator - Connection established 127.0.0.1:41696<->127.0.1.1:2376
02:36:41.375 [Test worker] DEBUG o.a.h.impl.execchain.MainClientExec - Executing request DELETE /networks/1265d4f13b2058f8e2d1c84c8ed5e2124475cafb35f67c0eed0d23ccb955a7f6 HTTP/1.1
02:36:41.375 [Test worker] DEBUG o.a.h.impl.execchain.MainClientExec - Target auth state: UNCHALLENGED
02:36:41.375 [Test worker] DEBUG o.a.h.impl.execchain.MainClientExec - Proxy auth state: UNCHALLENGED
02:36:41.375 [Test worker] DEBUG org.apache.http.headers - http-outgoing-198 >> DELETE /networks/1265d4f13b2058f8e2d1c84c8ed5e2124475cafb35f67c0eed0d23ccb955a7f6 HTTP/1.1
02:36:41.375 [Test worker] DEBUG org.apache.http.headers - http-outgoing-198 >> Accept: application/json
02:36:41.375 [Test worker] DEBUG org.apache.http.headers - http-outgoing-198 >> User-Agent: Jersey/2.23.1 (Apache HttpClient 4.5.1)
02:36:41.375 [Test worker] DEBUG org.apache.http.headers - http-outgoing-198 >> Host: Thesis:2376
02:36:41.375 [Test worker] DEBUG org.apache.http.headers - http-outgoing-198 >> Connection: Keep-Alive
02:36:41.375 [Test worker] DEBUG org.apache.http.headers - http-outgoing-198 >> Accept-Encoding: gzip,deflate
02:36:41.375 [Test worker] DEBUG org.apache.http.wire - http-outgoing-198 >> "DELETE /networks/1265d4f13b2058f8e2d1c84c8ed5e2124475cafb35f67c0eed0d23ccb955a7f6 HTTP/1.1[\r][\n]"
02:36:41.376 [Test worker] DEBUG org.apache.http.wire - http-outgoing-198 >> "Accept: application/json[\r][\n]"
02:36:41.376 [Test worker] DEBUG org.apache.http.wire - http-outgoing-198 >> "User-Agent: Jersey/2.23.1 (Apache HttpClient 4.5.1)[\r][\n]"
02:36:41.376 [Test worker] DEBUG org.apache.http.wire - http-outgoing-198 >> "Host: Thesis:2376[\r][\n]"
02:36:41.376 [Test worker] DEBUG org.apache.http.wire - http-outgoing-198 >> "Connection: Keep-Alive[\r][\n]"
02:36:41.376 [Test worker] DEBUG org.apache.http.wire - http-outgoing-198 >> "Accept-Encoding: gzip,deflate[\r][\n]"
02:36:41.376 [Test worker] DEBUG org.apache.http.wire - http-outgoing-198 >> "[\r][\n]"
02:36:41.479 [Test worker] DEBUG org.apache.http.wire - http-outgoing-198 << "H"
02:36:41.480 [Test worker] DEBUG org.apache.http.wire - http-outgoing-198 << "TTP/1.1 204 No Content[\r][\n]"
02:36:41.480 [Test worker] DEBUG org.apache.http.wire - http-outgoing-198 << "Server: Docker/1.12.3 (linux)[\r][\n]"
02:36:41.480 [Test worker] DEBUG org.apache.http.wire - http-outgoing-198 << "Date: Tue, 03 Jan 2017 01:36:41 GMT[\r][\n]"
02:36:41.480 [Test worker] DEBUG org.apache.http.wire - http-outgoing-198 << "[\r][\n]"
02:36:41.480 [Test worker] DEBUG org.apache.http.headers - http-outgoing-198 << HTTP/1.1 204 No Content
02:36:41.480 [Test worker] DEBUG org.apache.http.headers - http-outgoing-198 << Server: Docker/1.12.3 (linux)
02:36:41.480 [Test worker] DEBUG org.apache.http.headers - http-outgoing-198 << Date: Tue, 03 Jan 2017 01:36:41 GMT
02:36:41.480 [Test worker] DEBUG o.a.h.impl.execchain.MainClientExec - Connection can be kept alive indefinitely
02:36:41.480 [Test worker] DEBUG c.g.d.j.JerseyDockerCmdExecFactory$1 - Connection [id: 198][route: {s}->https://Thesis:2376][state: CN=Thesis] can be kept alive indefinitely
02:36:41.480 [Test worker] DEBUG c.g.d.j.JerseyDockerCmdExecFactory$1 - Connection released: [id: 198][route: {s}->https://Thesis:2376][state: CN=Thesis][total kept alive: 2; route allocated: 2 of 2; total allocated: 2 of 20]
02:36:41.480 [Test worker] DEBUG c.g.d.j.JerseyDockerCmdExecFactory - 56 * Client response received on thread Test worker
56 < 204
56 < Date: Tue, 03 Jan 2017 01:36:41 GMT
56 < Server: Docker/1.12.3 (linux)

02:36:41.480 [Test worker] INFO  org.openbaton.docker.DockerVim - Network '1265d4f13b2058f8e2d1c84c8ed5e2124475cafb35f67c0eed0d23ccb955a7f6' deleted successfully
02:36:41.480 [Test worker] DEBUG c.g.d.core.command.AbstrDockerCmd - Cmd: 5de830b93db6ab32fc7b38776b4d6539f76d8e289e55b7793ed199fd3c5284a4,com.github.dockerjava.jaxrs.RemoveNetworkCmdExec@4097a214
02:36:41.480 [Test worker] DEBUG c.g.d.j.JerseyDockerCmdExecFactory - 57 * Sending client request on thread Test worker
57 > DELETE https://Thesis:2376/networks/5de830b93db6ab32fc7b38776b4d6539f76d8e289e55b7793ed199fd3c5284a4
57 > Accept: application/json

02:36:41.481 [Test worker] DEBUG o.a.h.c.protocol.RequestAddCookies - CookieSpec selected: default
02:36:41.492 [Test worker] DEBUG o.a.h.c.protocol.RequestAuthCache - Auth cache not set in the context
02:36:41.492 [Test worker] DEBUG c.g.d.j.JerseyDockerCmdExecFactory$1 - Connection request: [route: {s}->https://Thesis:2376][total kept alive: 2; route allocated: 2 of 2; total allocated: 2 of 20]
02:36:41.492 [Test worker] DEBUG o.a.h.i.c.DefaultManagedHttpClientConnection - http-outgoing-196: Close connection
02:36:41.493 [Test worker] DEBUG c.g.d.j.JerseyDockerCmdExecFactory$1 - Connection leased: [id: 199][route: {s}->https://Thesis:2376][total kept alive: 1; route allocated: 2 of 2; total allocated: 2 of 20]
02:36:41.493 [Test worker] DEBUG o.a.h.impl.execchain.MainClientExec - Opening connection {s}->https://Thesis:2376
02:36:41.493 [Test worker] DEBUG o.a.h.i.c.DefaultHttpClientConnectionOperator - Connecting to Thesis/127.0.1.1:2376
02:36:41.493 [Test worker] DEBUG o.a.h.c.s.SSLConnectionSocketFactory - Connecting socket to Thesis/127.0.1.1:2376 with timeout 0
02:36:41.494 [Test worker] DEBUG o.a.h.c.s.SSLConnectionSocketFactory - Enabled protocols: [TLSv1]
02:36:41.494 [Test worker] DEBUG o.a.h.c.s.SSLConnectionSocketFactory - Enabled cipher suites:[TLS_ECDHE_ECDSA_WITH_AES_128_CBC_SHA, TLS_ECDHE_RSA_WITH_AES_128_CBC_SHA, TLS_RSA_WITH_AES_128_CBC_SHA, TLS_ECDH_ECDSA_WITH_AES_128_CBC_SHA, TLS_ECDH_RSA_WITH_AES_128_CBC_SHA, TLS_DHE_RSA_WITH_AES_128_CBC_SHA, TLS_DHE_DSS_WITH_AES_128_CBC_SHA, TLS_ECDHE_ECDSA_WITH_3DES_EDE_CBC_SHA, TLS_ECDHE_RSA_WITH_3DES_EDE_CBC_SHA, SSL_RSA_WITH_3DES_EDE_CBC_SHA, TLS_ECDH_ECDSA_WITH_3DES_EDE_CBC_SHA, TLS_ECDH_RSA_WITH_3DES_EDE_CBC_SHA, SSL_DHE_RSA_WITH_3DES_EDE_CBC_SHA, SSL_DHE_DSS_WITH_3DES_EDE_CBC_SHA, TLS_ECDHE_ECDSA_WITH_RC4_128_SHA, TLS_ECDHE_RSA_WITH_RC4_128_SHA, SSL_RSA_WITH_RC4_128_SHA, TLS_ECDH_ECDSA_WITH_RC4_128_SHA, TLS_ECDH_RSA_WITH_RC4_128_SHA, SSL_RSA_WITH_RC4_128_MD5, TLS_EMPTY_RENEGOTIATION_INFO_SCSV]
02:36:41.494 [Test worker] DEBUG o.a.h.c.s.SSLConnectionSocketFactory - Starting handshake
02:36:41.578 [Test worker] DEBUG o.a.h.c.s.SSLConnectionSocketFactory - Secure session established
02:36:41.578 [Test worker] DEBUG o.a.h.c.s.SSLConnectionSocketFactory -  negotiated protocol: TLSv1
02:36:41.578 [Test worker] DEBUG o.a.h.c.s.SSLConnectionSocketFactory -  negotiated cipher suite: TLS_ECDHE_RSA_WITH_AES_128_CBC_SHA
02:36:41.578 [Test worker] DEBUG o.a.h.c.s.SSLConnectionSocketFactory -  peer principal: CN=Thesis
02:36:41.578 [Test worker] DEBUG o.a.h.c.s.SSLConnectionSocketFactory -  issuer principal: EMAILADDRESS=sha@yamil.com, CN=Thesis, OU=Open, O=Fra, L=BER, ST=BER, C=DE
02:36:41.578 [Test worker] DEBUG o.a.h.i.c.DefaultHttpClientConnectionOperator - Connection established 127.0.0.1:41698<->127.0.1.1:2376
02:36:41.578 [Test worker] DEBUG o.a.h.impl.execchain.MainClientExec - Executing request DELETE /networks/5de830b93db6ab32fc7b38776b4d6539f76d8e289e55b7793ed199fd3c5284a4 HTTP/1.1
02:36:41.579 [Test worker] DEBUG o.a.h.impl.execchain.MainClientExec - Target auth state: UNCHALLENGED
02:36:41.579 [Test worker] DEBUG o.a.h.impl.execchain.MainClientExec - Proxy auth state: UNCHALLENGED
02:36:41.579 [Test worker] DEBUG org.apache.http.headers - http-outgoing-199 >> DELETE /networks/5de830b93db6ab32fc7b38776b4d6539f76d8e289e55b7793ed199fd3c5284a4 HTTP/1.1
02:36:41.579 [Test worker] DEBUG org.apache.http.headers - http-outgoing-199 >> Accept: application/json
02:36:41.579 [Test worker] DEBUG org.apache.http.headers - http-outgoing-199 >> User-Agent: Jersey/2.23.1 (Apache HttpClient 4.5.1)
02:36:41.579 [Test worker] DEBUG org.apache.http.headers - http-outgoing-199 >> Host: Thesis:2376
02:36:41.579 [Test worker] DEBUG org.apache.http.headers - http-outgoing-199 >> Connection: Keep-Alive
02:36:41.579 [Test worker] DEBUG org.apache.http.headers - http-outgoing-199 >> Accept-Encoding: gzip,deflate
02:36:41.579 [Test worker] DEBUG org.apache.http.wire - http-outgoing-199 >> "DELETE /networks/5de830b93db6ab32fc7b38776b4d6539f76d8e289e55b7793ed199fd3c5284a4 HTTP/1.1[\r][\n]"
02:36:41.579 [Test worker] DEBUG org.apache.http.wire - http-outgoing-199 >> "Accept: application/json[\r][\n]"
02:36:41.579 [Test worker] DEBUG org.apache.http.wire - http-outgoing-199 >> "User-Agent: Jersey/2.23.1 (Apache HttpClient 4.5.1)[\r][\n]"
02:36:41.579 [Test worker] DEBUG org.apache.http.wire - http-outgoing-199 >> "Host: Thesis:2376[\r][\n]"
02:36:41.579 [Test worker] DEBUG org.apache.http.wire - http-outgoing-199 >> "Connection: Keep-Alive[\r][\n]"
02:36:41.579 [Test worker] DEBUG org.apache.http.wire - http-outgoing-199 >> "Accept-Encoding: gzip,deflate[\r][\n]"
02:36:41.579 [Test worker] DEBUG org.apache.http.wire - http-outgoing-199 >> "[\r][\n]"
02:36:41.678 [Test worker] DEBUG org.apache.http.wire - http-outgoing-199 << "H"
02:36:41.678 [Test worker] DEBUG org.apache.http.wire - http-outgoing-199 << "TTP/1.1 204 No Content[\r][\n]"
02:36:41.678 [Test worker] DEBUG org.apache.http.wire - http-outgoing-199 << "Server: Docker/1.12.3 (linux)[\r][\n]"
02:36:41.678 [Test worker] DEBUG org.apache.http.wire - http-outgoing-199 << "Date: Tue, 03 Jan 2017 01:36:41 GMT[\r][\n]"
02:36:41.678 [Test worker] DEBUG org.apache.http.wire - http-outgoing-199 << "[\r][\n]"
02:36:41.678 [Test worker] DEBUG org.apache.http.headers - http-outgoing-199 << HTTP/1.1 204 No Content
02:36:41.678 [Test worker] DEBUG org.apache.http.headers - http-outgoing-199 << Server: Docker/1.12.3 (linux)
02:36:41.679 [Test worker] DEBUG org.apache.http.headers - http-outgoing-199 << Date: Tue, 03 Jan 2017 01:36:41 GMT
02:36:41.679 [Test worker] DEBUG o.a.h.impl.execchain.MainClientExec - Connection can be kept alive indefinitely
02:36:41.679 [Test worker] DEBUG c.g.d.j.JerseyDockerCmdExecFactory$1 - Connection [id: 199][route: {s}->https://Thesis:2376][state: CN=Thesis] can be kept alive indefinitely
02:36:41.679 [Test worker] DEBUG c.g.d.j.JerseyDockerCmdExecFactory$1 - Connection released: [id: 199][route: {s}->https://Thesis:2376][state: CN=Thesis][total kept alive: 2; route allocated: 2 of 2; total allocated: 2 of 20]
02:36:41.679 [Test worker] DEBUG c.g.d.j.JerseyDockerCmdExecFactory - 58 * Client response received on thread Test worker
58 < 204
58 < Date: Tue, 03 Jan 2017 01:36:41 GMT
58 < Server: Docker/1.12.3 (linux)

02:36:41.679 [Test worker] INFO  org.openbaton.docker.DockerVim - Network '5de830b93db6ab32fc7b38776b4d6539f76d8e289e55b7793ed199fd3c5284a4' deleted successfully
02:36:41.679 [Test worker] DEBUG c.g.d.core.command.AbstrDockerCmd - Cmd: com.github.dockerjava.core.util.FiltersBuilder@0,com.github.dockerjava.jaxrs.ListVolumesCmdExec@6eaf2c57
02:36:41.680 [Test worker] DEBUG c.g.d.j.JerseyDockerCmdExecFactory - 59 * Sending client request on thread Test worker
59 > GET https://Thesis:2376/volumes
59 > Accept: application/json

02:36:41.680 [Test worker] DEBUG o.a.h.c.protocol.RequestAddCookies - CookieSpec selected: default
02:36:41.680 [Test worker] DEBUG o.a.h.c.protocol.RequestAuthCache - Auth cache not set in the context
02:36:41.680 [Test worker] DEBUG c.g.d.j.JerseyDockerCmdExecFactory$1 - Connection request: [route: {s}->https://Thesis:2376][total kept alive: 2; route allocated: 2 of 2; total allocated: 2 of 20]
02:36:41.680 [Test worker] DEBUG o.a.h.i.c.DefaultManagedHttpClientConnection - http-outgoing-198: Close connection
02:36:41.680 [Test worker] DEBUG c.g.d.j.JerseyDockerCmdExecFactory$1 - Connection leased: [id: 200][route: {s}->https://Thesis:2376][total kept alive: 1; route allocated: 2 of 2; total allocated: 2 of 20]
02:36:41.680 [Test worker] DEBUG o.a.h.impl.execchain.MainClientExec - Opening connection {s}->https://Thesis:2376
02:36:41.681 [Test worker] DEBUG o.a.h.i.c.DefaultHttpClientConnectionOperator - Connecting to Thesis/127.0.1.1:2376
02:36:41.681 [Test worker] DEBUG o.a.h.c.s.SSLConnectionSocketFactory - Connecting socket to Thesis/127.0.1.1:2376 with timeout 0
02:36:41.681 [Test worker] DEBUG o.a.h.c.s.SSLConnectionSocketFactory - Enabled protocols: [TLSv1]
02:36:41.682 [Test worker] DEBUG o.a.h.c.s.SSLConnectionSocketFactory - Enabled cipher suites:[TLS_ECDHE_ECDSA_WITH_AES_128_CBC_SHA, TLS_ECDHE_RSA_WITH_AES_128_CBC_SHA, TLS_RSA_WITH_AES_128_CBC_SHA, TLS_ECDH_ECDSA_WITH_AES_128_CBC_SHA, TLS_ECDH_RSA_WITH_AES_128_CBC_SHA, TLS_DHE_RSA_WITH_AES_128_CBC_SHA, TLS_DHE_DSS_WITH_AES_128_CBC_SHA, TLS_ECDHE_ECDSA_WITH_3DES_EDE_CBC_SHA, TLS_ECDHE_RSA_WITH_3DES_EDE_CBC_SHA, SSL_RSA_WITH_3DES_EDE_CBC_SHA, TLS_ECDH_ECDSA_WITH_3DES_EDE_CBC_SHA, TLS_ECDH_RSA_WITH_3DES_EDE_CBC_SHA, SSL_DHE_RSA_WITH_3DES_EDE_CBC_SHA, SSL_DHE_DSS_WITH_3DES_EDE_CBC_SHA, TLS_ECDHE_ECDSA_WITH_RC4_128_SHA, TLS_ECDHE_RSA_WITH_RC4_128_SHA, SSL_RSA_WITH_RC4_128_SHA, TLS_ECDH_ECDSA_WITH_RC4_128_SHA, TLS_ECDH_RSA_WITH_RC4_128_SHA, SSL_RSA_WITH_RC4_128_MD5, TLS_EMPTY_RENEGOTIATION_INFO_SCSV]
02:36:41.682 [Test worker] DEBUG o.a.h.c.s.SSLConnectionSocketFactory - Starting handshake
02:36:41.801 [Test worker] DEBUG o.a.h.c.s.SSLConnectionSocketFactory - Secure session established
02:36:41.801 [Test worker] DEBUG o.a.h.c.s.SSLConnectionSocketFactory -  negotiated protocol: TLSv1
02:36:41.801 [Test worker] DEBUG o.a.h.c.s.SSLConnectionSocketFactory -  negotiated cipher suite: TLS_ECDHE_RSA_WITH_AES_128_CBC_SHA
02:36:41.801 [Test worker] DEBUG o.a.h.c.s.SSLConnectionSocketFactory -  peer principal: CN=Thesis
02:36:41.801 [Test worker] DEBUG o.a.h.c.s.SSLConnectionSocketFactory -  issuer principal: EMAILADDRESS=sha@yamil.com, CN=Thesis, OU=Open, O=Fra, L=BER, ST=BER, C=DE
02:36:41.801 [Test worker] DEBUG o.a.h.i.c.DefaultHttpClientConnectionOperator - Connection established 127.0.0.1:41700<->127.0.1.1:2376
02:36:41.801 [Test worker] DEBUG o.a.h.impl.execchain.MainClientExec - Executing request GET /volumes HTTP/1.1
02:36:41.801 [Test worker] DEBUG o.a.h.impl.execchain.MainClientExec - Target auth state: UNCHALLENGED
02:36:41.802 [Test worker] DEBUG o.a.h.impl.execchain.MainClientExec - Proxy auth state: UNCHALLENGED
02:36:41.802 [Test worker] DEBUG org.apache.http.headers - http-outgoing-200 >> GET /volumes HTTP/1.1
02:36:41.802 [Test worker] DEBUG org.apache.http.headers - http-outgoing-200 >> Accept: application/json
02:36:41.802 [Test worker] DEBUG org.apache.http.headers - http-outgoing-200 >> User-Agent: Jersey/2.23.1 (Apache HttpClient 4.5.1)
02:36:41.802 [Test worker] DEBUG org.apache.http.headers - http-outgoing-200 >> Host: Thesis:2376
02:36:41.802 [Test worker] DEBUG org.apache.http.headers - http-outgoing-200 >> Connection: Keep-Alive
02:36:41.802 [Test worker] DEBUG org.apache.http.headers - http-outgoing-200 >> Accept-Encoding: gzip,deflate
02:36:41.802 [Test worker] DEBUG org.apache.http.wire - http-outgoing-200 >> "GET /volumes HTTP/1.1[\r][\n]"
02:36:41.802 [Test worker] DEBUG org.apache.http.wire - http-outgoing-200 >> "Accept: application/json[\r][\n]"
02:36:41.802 [Test worker] DEBUG org.apache.http.wire - http-outgoing-200 >> "User-Agent: Jersey/2.23.1 (Apache HttpClient 4.5.1)[\r][\n]"
02:36:41.802 [Test worker] DEBUG org.apache.http.wire - http-outgoing-200 >> "Host: Thesis:2376[\r][\n]"
02:36:41.802 [Test worker] DEBUG org.apache.http.wire - http-outgoing-200 >> "Connection: Keep-Alive[\r][\n]"
02:36:41.802 [Test worker] DEBUG org.apache.http.wire - http-outgoing-200 >> "Accept-Encoding: gzip,deflate[\r][\n]"
02:36:41.802 [Test worker] DEBUG org.apache.http.wire - http-outgoing-200 >> "[\r][\n]"
02:36:41.803 [Test worker] DEBUG org.apache.http.wire - http-outgoing-200 << "H"
02:36:41.803 [Test worker] DEBUG org.apache.http.wire - http-outgoing-200 << "TTP/1.1 200 OK[\r][\n]"
02:36:41.803 [Test worker] DEBUG org.apache.http.wire - http-outgoing-200 << "Content-Type: application/json[\r][\n]"
02:36:41.803 [Test worker] DEBUG org.apache.http.wire - http-outgoing-200 << "Server: Docker/1.12.3 (linux)[\r][\n]"
02:36:41.803 [Test worker] DEBUG org.apache.http.wire - http-outgoing-200 << "Date: Tue, 03 Jan 2017 01:36:41 GMT[\r][\n]"
02:36:41.803 [Test worker] DEBUG org.apache.http.wire - http-outgoing-200 << "Content-Length: 33[\r][\n]"
02:36:41.803 [Test worker] DEBUG org.apache.http.wire - http-outgoing-200 << "[\r][\n]"
02:36:41.803 [Test worker] DEBUG org.apache.http.wire - http-outgoing-200 << "{"Volumes":null,"Warnings":null}[\n]"
02:36:41.803 [Test worker] DEBUG org.apache.http.headers - http-outgoing-200 << HTTP/1.1 200 OK
02:36:41.803 [Test worker] DEBUG org.apache.http.headers - http-outgoing-200 << Content-Type: application/json
02:36:41.803 [Test worker] DEBUG org.apache.http.headers - http-outgoing-200 << Server: Docker/1.12.3 (linux)
02:36:41.803 [Test worker] DEBUG org.apache.http.headers - http-outgoing-200 << Date: Tue, 03 Jan 2017 01:36:41 GMT
02:36:41.803 [Test worker] DEBUG org.apache.http.headers - http-outgoing-200 << Content-Length: 33
02:36:41.803 [Test worker] DEBUG o.a.h.impl.execchain.MainClientExec - Connection can be kept alive indefinitely
02:36:41.804 [Test worker] DEBUG c.g.d.j.JerseyDockerCmdExecFactory - 60 * Client response received on thread Test worker
60 < 200
60 < Content-Length: 33
60 < Content-Type: application/json
60 < Date: Tue, 03 Jan 2017 01:36:41 GMT
60 < Server: Docker/1.12.3 (linux)
{"Volumes":null,"Warnings":null}


02:36:41.804 [Test worker] DEBUG o.a.h.i.c.DefaultManagedHttpClientConnection - http-outgoing-200: Close connection
02:36:41.804 [Test worker] DEBUG o.a.h.impl.execchain.MainClientExec - Connection discarded
02:36:41.804 [Test worker] DEBUG c.g.d.j.JerseyDockerCmdExecFactory$1 - Connection released: [id: 200][route: {s}->https://Thesis:2376][total kept alive: 1; route allocated: 1 of 2; total allocated: 1 of 20]
]]></system-out>
  <system-err><![CDATA[]]></system-err>
</testsuite>
