<?xml version="1.0" encoding="UTF-8"?>
<testsuite name="org.openbaton.vim_driver.test.DockerVimTest" tests="17" skipped="3" failures="0" errors="0" timestamp="2017-01-03T01:20:34" hostname="Thesis" time="27.902">
  <properties/>
  <testcase name="deleteNetworkTest" classname="org.openbaton.vim_driver.test.DockerVimTest" time="3.874"/>
  <testcase name="listNetworksTest" classname="org.openbaton.vim_driver.test.DockerVimTest" time="1.314"/>
  <testcase name="deleteServerByIdAndWaitTest" classname="org.openbaton.vim_driver.test.DockerVimTest" time="2.038"/>
  <testcase name="disconnectContainerFromNetworkTest" classname="org.openbaton.vim_driver.test.DockerVimTest" time="2.749"/>
  <testcase name="getNetworkByIdTest" classname="org.openbaton.vim_driver.test.DockerVimTest" time="1.207"/>
  <testcase name="createDockerNetworkTest" classname="org.openbaton.vim_driver.test.DockerVimTest" time="1.3"/>
  <testcase name="deleteImageTest" classname="org.openbaton.vim_driver.test.DockerVimTest" time="0.0">
    <skipped/>
  </testcase>
  <testcase name="pullImageTest" classname="org.openbaton.vim_driver.test.DockerVimTest" time="0.0">
    <skipped/>
  </testcase>
  <testcase name="createVolumeTest" classname="org.openbaton.vim_driver.test.DockerVimTest" time="0.862"/>
  <testcase name="copyArchiveFromContainerTest" classname="org.openbaton.vim_driver.test.DockerVimTest" time="2.162"/>
  <testcase name="listServerTest" classname="org.openbaton.vim_driver.test.DockerVimTest" time="1.571"/>
  <testcase name="copyArchiveToContainerTest" classname="org.openbaton.vim_driver.test.DockerVimTest" time="1.886"/>
  <testcase name="listImagesTest" classname="org.openbaton.vim_driver.test.DockerVimTest" time="0.001">
    <skipped/>
  </testcase>
  <testcase name="deleteVolumeTest" classname="org.openbaton.vim_driver.test.DockerVimTest" time="0.778"/>
  <testcase name="launchInstanceTest" classname="org.openbaton.vim_driver.test.DockerVimTest" time="1.34"/>
  <testcase name="execCommandTest" classname="org.openbaton.vim_driver.test.DockerVimTest" time="2.607"/>
  <testcase name="connectContainerToNetworkTest" classname="org.openbaton.vim_driver.test.DockerVimTest" time="4.197"/>
  <system-out><![CDATA[02:20:34.768 [Test worker] DEBUG org.openbaton.docker.DockerVim - Loading properties
02:20:34.773 [Test worker] DEBUG org.openbaton.docker.DockerVim - Loaded properties: {vim.instance.auth.url=tcp://Thesis:2376, docker.cert.path=/home/sakib/.docker, type=docker, tls.verify=true}
02:20:35.852 [Test worker] DEBUG c.g.d.core.command.AbstrDockerCmd - Cmd: -1,<null>,true,<null>,<null>,com.github.dockerjava.core.util.FiltersBuilder@0,com.github.dockerjava.jaxrs.ListContainersCmdExec@21b19aaa
02:20:36.071 [Test worker] DEBUG c.g.d.j.JerseyDockerCmdExecFactory - 1 * Sending client request on thread Test worker
1 > GET https://Thesis:2376/containers/json?all=true
1 > Accept: application/json

02:20:36.127 [Test worker] DEBUG o.a.h.c.protocol.RequestAddCookies - CookieSpec selected: default
02:20:36.141 [Test worker] DEBUG o.a.h.c.protocol.RequestAuthCache - Auth cache not set in the context
02:20:36.142 [Test worker] DEBUG c.g.d.j.JerseyDockerCmdExecFactory$1 - Connection request: [route: {s}->https://Thesis:2376][total kept alive: 0; route allocated: 0 of 2; total allocated: 0 of 20]
02:20:36.155 [Test worker] DEBUG c.g.d.j.JerseyDockerCmdExecFactory$1 - Connection leased: [id: 0][route: {s}->https://Thesis:2376][total kept alive: 0; route allocated: 1 of 2; total allocated: 1 of 20]
02:20:36.157 [Test worker] DEBUG o.a.h.impl.execchain.MainClientExec - Opening connection {s}->https://Thesis:2376
02:20:36.161 [Test worker] DEBUG o.a.h.i.c.DefaultHttpClientConnectionOperator - Connecting to Thesis/127.0.1.1:2376
02:20:36.161 [Test worker] DEBUG o.a.h.c.s.SSLConnectionSocketFactory - Connecting socket to Thesis/127.0.1.1:2376 with timeout 0
02:20:36.703 [Test worker] DEBUG o.a.h.c.s.SSLConnectionSocketFactory - Enabled protocols: [TLSv1]
02:20:36.703 [Test worker] DEBUG o.a.h.c.s.SSLConnectionSocketFactory - Enabled cipher suites:[TLS_ECDHE_ECDSA_WITH_AES_128_CBC_SHA, TLS_ECDHE_RSA_WITH_AES_128_CBC_SHA, TLS_RSA_WITH_AES_128_CBC_SHA, TLS_ECDH_ECDSA_WITH_AES_128_CBC_SHA, TLS_ECDH_RSA_WITH_AES_128_CBC_SHA, TLS_DHE_RSA_WITH_AES_128_CBC_SHA, TLS_DHE_DSS_WITH_AES_128_CBC_SHA, TLS_ECDHE_ECDSA_WITH_3DES_EDE_CBC_SHA, TLS_ECDHE_RSA_WITH_3DES_EDE_CBC_SHA, SSL_RSA_WITH_3DES_EDE_CBC_SHA, TLS_ECDH_ECDSA_WITH_3DES_EDE_CBC_SHA, TLS_ECDH_RSA_WITH_3DES_EDE_CBC_SHA, SSL_DHE_RSA_WITH_3DES_EDE_CBC_SHA, SSL_DHE_DSS_WITH_3DES_EDE_CBC_SHA, TLS_ECDHE_ECDSA_WITH_RC4_128_SHA, TLS_ECDHE_RSA_WITH_RC4_128_SHA, SSL_RSA_WITH_RC4_128_SHA, TLS_ECDH_ECDSA_WITH_RC4_128_SHA, TLS_ECDH_RSA_WITH_RC4_128_SHA, SSL_RSA_WITH_RC4_128_MD5, TLS_EMPTY_RENEGOTIATION_INFO_SCSV]
02:20:36.704 [Test worker] DEBUG o.a.h.c.s.SSLConnectionSocketFactory - Starting handshake
02:20:36.843 [Test worker] DEBUG o.a.h.c.s.SSLConnectionSocketFactory - Secure session established
02:20:36.844 [Test worker] DEBUG o.a.h.c.s.SSLConnectionSocketFactory -  negotiated protocol: TLSv1
02:20:36.844 [Test worker] DEBUG o.a.h.c.s.SSLConnectionSocketFactory -  negotiated cipher suite: TLS_ECDHE_RSA_WITH_AES_128_CBC_SHA
02:20:36.844 [Test worker] DEBUG o.a.h.c.s.SSLConnectionSocketFactory -  peer principal: CN=Thesis
02:20:36.844 [Test worker] DEBUG o.a.h.c.s.SSLConnectionSocketFactory -  issuer principal: EMAILADDRESS=sha@yamil.com, CN=Thesis, OU=Open, O=Fra, L=BER, ST=BER, C=DE
02:20:36.847 [Test worker] DEBUG o.a.h.i.c.DefaultHttpClientConnectionOperator - Connection established 127.0.0.1:40874<->127.0.1.1:2376
02:20:36.847 [Test worker] DEBUG o.a.h.impl.execchain.MainClientExec - Executing request GET /containers/json?all=true HTTP/1.1
02:20:36.847 [Test worker] DEBUG o.a.h.impl.execchain.MainClientExec - Target auth state: UNCHALLENGED
02:20:36.848 [Test worker] DEBUG o.a.h.impl.execchain.MainClientExec - Proxy auth state: UNCHALLENGED
02:20:36.849 [Test worker] DEBUG org.apache.http.headers - http-outgoing-0 >> GET /containers/json?all=true HTTP/1.1
02:20:36.849 [Test worker] DEBUG org.apache.http.headers - http-outgoing-0 >> Accept: application/json
02:20:36.849 [Test worker] DEBUG org.apache.http.headers - http-outgoing-0 >> User-Agent: Jersey/2.23.1 (Apache HttpClient 4.5.1)
02:20:36.850 [Test worker] DEBUG org.apache.http.headers - http-outgoing-0 >> Host: Thesis:2376
02:20:36.856 [Test worker] DEBUG org.apache.http.headers - http-outgoing-0 >> Connection: Keep-Alive
02:20:36.857 [Test worker] DEBUG org.apache.http.headers - http-outgoing-0 >> Accept-Encoding: gzip,deflate
02:20:36.857 [Test worker] DEBUG org.apache.http.wire - http-outgoing-0 >> "GET /containers/json?all=true HTTP/1.1[\r][\n]"
02:20:36.857 [Test worker] DEBUG org.apache.http.wire - http-outgoing-0 >> "Accept: application/json[\r][\n]"
02:20:36.857 [Test worker] DEBUG org.apache.http.wire - http-outgoing-0 >> "User-Agent: Jersey/2.23.1 (Apache HttpClient 4.5.1)[\r][\n]"
02:20:36.858 [Test worker] DEBUG org.apache.http.wire - http-outgoing-0 >> "Host: Thesis:2376[\r][\n]"
02:20:36.858 [Test worker] DEBUG org.apache.http.wire - http-outgoing-0 >> "Connection: Keep-Alive[\r][\n]"
02:20:36.858 [Test worker] DEBUG org.apache.http.wire - http-outgoing-0 >> "Accept-Encoding: gzip,deflate[\r][\n]"
02:20:36.858 [Test worker] DEBUG org.apache.http.wire - http-outgoing-0 >> "[\r][\n]"
02:20:36.859 [Test worker] DEBUG org.apache.http.wire - http-outgoing-0 << "H"
02:20:36.859 [Test worker] DEBUG org.apache.http.wire - http-outgoing-0 << "TTP/1.1 200 OK[\r][\n]"
02:20:36.859 [Test worker] DEBUG org.apache.http.wire - http-outgoing-0 << "Content-Type: application/json[\r][\n]"
02:20:36.859 [Test worker] DEBUG org.apache.http.wire - http-outgoing-0 << "Server: Docker/1.12.3 (linux)[\r][\n]"
02:20:36.860 [Test worker] DEBUG org.apache.http.wire - http-outgoing-0 << "Date: Tue, 03 Jan 2017 01:20:36 GMT[\r][\n]"
02:20:36.860 [Test worker] DEBUG org.apache.http.wire - http-outgoing-0 << "Content-Length: 3[\r][\n]"
02:20:36.860 [Test worker] DEBUG org.apache.http.wire - http-outgoing-0 << "[\r][\n]"
02:20:36.860 [Test worker] DEBUG org.apache.http.wire - http-outgoing-0 << "[][\n]"
02:20:36.862 [Test worker] DEBUG org.apache.http.headers - http-outgoing-0 << HTTP/1.1 200 OK
02:20:36.862 [Test worker] DEBUG org.apache.http.headers - http-outgoing-0 << Content-Type: application/json
02:20:36.862 [Test worker] DEBUG org.apache.http.headers - http-outgoing-0 << Server: Docker/1.12.3 (linux)
02:20:36.862 [Test worker] DEBUG org.apache.http.headers - http-outgoing-0 << Date: Tue, 03 Jan 2017 01:20:36 GMT
02:20:36.863 [Test worker] DEBUG org.apache.http.headers - http-outgoing-0 << Content-Length: 3
02:20:36.864 [Test worker] DEBUG o.a.h.impl.execchain.MainClientExec - Connection can be kept alive indefinitely
02:20:36.880 [Test worker] DEBUG c.g.d.j.JerseyDockerCmdExecFactory - 2 * Client response received on thread Test worker
2 < 200
2 < Content-Length: 3
2 < Content-Type: application/json
2 < Date: Tue, 03 Jan 2017 01:20:36 GMT
2 < Server: Docker/1.12.3 (linux)
[]


02:20:37.032 [Test worker] DEBUG c.g.d.j.JerseyDockerCmdExecFactory$1 - Connection [id: 0][route: {s}->https://Thesis:2376][state: CN=Thesis] can be kept alive indefinitely
02:20:37.033 [Test worker] DEBUG c.g.d.j.JerseyDockerCmdExecFactory$1 - Connection released: [id: 0][route: {s}->https://Thesis:2376][state: CN=Thesis][total kept alive: 1; route allocated: 1 of 2; total allocated: 1 of 20]
02:20:37.138 [Test worker] DEBUG c.g.d.core.command.AbstrDockerCmd - Cmd: com.github.dockerjava.core.util.FiltersBuilder@0,com.github.dockerjava.jaxrs.ListNetworksCmdExec@60f1057
02:20:37.156 [Test worker] DEBUG c.g.d.j.JerseyDockerCmdExecFactory - 3 * Sending client request on thread Test worker
3 > GET https://Thesis:2376/networks
3 > Accept: application/json

02:20:37.157 [Test worker] DEBUG o.a.h.c.protocol.RequestAddCookies - CookieSpec selected: default
02:20:37.158 [Test worker] DEBUG o.a.h.c.protocol.RequestAuthCache - Auth cache not set in the context
02:20:37.158 [Test worker] DEBUG c.g.d.j.JerseyDockerCmdExecFactory$1 - Connection request: [route: {s}->https://Thesis:2376][total kept alive: 1; route allocated: 1 of 2; total allocated: 1 of 20]
02:20:37.158 [Test worker] DEBUG c.g.d.j.JerseyDockerCmdExecFactory$1 - Connection leased: [id: 1][route: {s}->https://Thesis:2376][total kept alive: 1; route allocated: 2 of 2; total allocated: 2 of 20]
02:20:37.159 [Test worker] DEBUG o.a.h.impl.execchain.MainClientExec - Opening connection {s}->https://Thesis:2376
02:20:37.159 [Test worker] DEBUG o.a.h.i.c.DefaultHttpClientConnectionOperator - Connecting to Thesis/127.0.1.1:2376
02:20:37.159 [Test worker] DEBUG o.a.h.c.s.SSLConnectionSocketFactory - Connecting socket to Thesis/127.0.1.1:2376 with timeout 0
02:20:37.161 [Test worker] DEBUG o.a.h.c.s.SSLConnectionSocketFactory - Enabled protocols: [TLSv1]
02:20:37.162 [Test worker] DEBUG o.a.h.c.s.SSLConnectionSocketFactory - Enabled cipher suites:[TLS_ECDHE_ECDSA_WITH_AES_128_CBC_SHA, TLS_ECDHE_RSA_WITH_AES_128_CBC_SHA, TLS_RSA_WITH_AES_128_CBC_SHA, TLS_ECDH_ECDSA_WITH_AES_128_CBC_SHA, TLS_ECDH_RSA_WITH_AES_128_CBC_SHA, TLS_DHE_RSA_WITH_AES_128_CBC_SHA, TLS_DHE_DSS_WITH_AES_128_CBC_SHA, TLS_ECDHE_ECDSA_WITH_3DES_EDE_CBC_SHA, TLS_ECDHE_RSA_WITH_3DES_EDE_CBC_SHA, SSL_RSA_WITH_3DES_EDE_CBC_SHA, TLS_ECDH_ECDSA_WITH_3DES_EDE_CBC_SHA, TLS_ECDH_RSA_WITH_3DES_EDE_CBC_SHA, SSL_DHE_RSA_WITH_3DES_EDE_CBC_SHA, SSL_DHE_DSS_WITH_3DES_EDE_CBC_SHA, TLS_ECDHE_ECDSA_WITH_RC4_128_SHA, TLS_ECDHE_RSA_WITH_RC4_128_SHA, SSL_RSA_WITH_RC4_128_SHA, TLS_ECDH_ECDSA_WITH_RC4_128_SHA, TLS_ECDH_RSA_WITH_RC4_128_SHA, SSL_RSA_WITH_RC4_128_MD5, TLS_EMPTY_RENEGOTIATION_INFO_SCSV]
02:20:37.162 [Test worker] DEBUG o.a.h.c.s.SSLConnectionSocketFactory - Starting handshake
02:20:37.235 [Test worker] DEBUG o.a.h.c.s.SSLConnectionSocketFactory - Secure session established
02:20:37.235 [Test worker] DEBUG o.a.h.c.s.SSLConnectionSocketFactory -  negotiated protocol: TLSv1
02:20:37.235 [Test worker] DEBUG o.a.h.c.s.SSLConnectionSocketFactory -  negotiated cipher suite: TLS_ECDHE_RSA_WITH_AES_128_CBC_SHA
02:20:37.236 [Test worker] DEBUG o.a.h.c.s.SSLConnectionSocketFactory -  peer principal: CN=Thesis
02:20:37.238 [Test worker] DEBUG o.a.h.c.s.SSLConnectionSocketFactory -  issuer principal: EMAILADDRESS=sha@yamil.com, CN=Thesis, OU=Open, O=Fra, L=BER, ST=BER, C=DE
02:20:37.241 [Test worker] DEBUG o.a.h.i.c.DefaultHttpClientConnectionOperator - Connection established 127.0.0.1:40876<->127.0.1.1:2376
02:20:37.242 [Test worker] DEBUG o.a.h.impl.execchain.MainClientExec - Executing request GET /networks HTTP/1.1
02:20:37.242 [Test worker] DEBUG o.a.h.impl.execchain.MainClientExec - Target auth state: UNCHALLENGED
02:20:37.242 [Test worker] DEBUG o.a.h.impl.execchain.MainClientExec - Proxy auth state: UNCHALLENGED
02:20:37.242 [Test worker] DEBUG org.apache.http.headers - http-outgoing-1 >> GET /networks HTTP/1.1
02:20:37.242 [Test worker] DEBUG org.apache.http.headers - http-outgoing-1 >> Accept: application/json
02:20:37.242 [Test worker] DEBUG org.apache.http.headers - http-outgoing-1 >> User-Agent: Jersey/2.23.1 (Apache HttpClient 4.5.1)
02:20:37.243 [Test worker] DEBUG org.apache.http.headers - http-outgoing-1 >> Host: Thesis:2376
02:20:37.243 [Test worker] DEBUG org.apache.http.headers - http-outgoing-1 >> Connection: Keep-Alive
02:20:37.243 [Test worker] DEBUG org.apache.http.headers - http-outgoing-1 >> Accept-Encoding: gzip,deflate
02:20:37.243 [Test worker] DEBUG org.apache.http.wire - http-outgoing-1 >> "GET /networks HTTP/1.1[\r][\n]"
02:20:37.243 [Test worker] DEBUG org.apache.http.wire - http-outgoing-1 >> "Accept: application/json[\r][\n]"
02:20:37.244 [Test worker] DEBUG org.apache.http.wire - http-outgoing-1 >> "User-Agent: Jersey/2.23.1 (Apache HttpClient 4.5.1)[\r][\n]"
02:20:37.244 [Test worker] DEBUG org.apache.http.wire - http-outgoing-1 >> "Host: Thesis:2376[\r][\n]"
02:20:37.244 [Test worker] DEBUG org.apache.http.wire - http-outgoing-1 >> "Connection: Keep-Alive[\r][\n]"
02:20:37.244 [Test worker] DEBUG org.apache.http.wire - http-outgoing-1 >> "Accept-Encoding: gzip,deflate[\r][\n]"
02:20:37.244 [Test worker] DEBUG org.apache.http.wire - http-outgoing-1 >> "[\r][\n]"
02:20:37.245 [Test worker] DEBUG org.apache.http.wire - http-outgoing-1 << "H"
02:20:37.245 [Test worker] DEBUG org.apache.http.wire - http-outgoing-1 << "TTP/1.1 200 OK[\r][\n]"
02:20:37.245 [Test worker] DEBUG org.apache.http.wire - http-outgoing-1 << "Content-Type: application/json[\r][\n]"
02:20:37.246 [Test worker] DEBUG org.apache.http.wire - http-outgoing-1 << "Server: Docker/1.12.3 (linux)[\r][\n]"
02:20:37.246 [Test worker] DEBUG org.apache.http.wire - http-outgoing-1 << "Date: Tue, 03 Jan 2017 01:20:37 GMT[\r][\n]"
02:20:37.246 [Test worker] DEBUG org.apache.http.wire - http-outgoing-1 << "Content-Length: 1100[\r][\n]"
02:20:37.246 [Test worker] DEBUG org.apache.http.wire - http-outgoing-1 << "[\r][\n]"
02:20:37.247 [Test worker] DEBUG org.apache.http.wire - http-outgoing-1 << "[{"Name":"none","Id":"4d89c194eb79cd2beb38458d10a1b98c74d6b8462af72afde29ae7aca53ed5ca","Scope":"local","Driver":"null","EnableIPv6":false,"IPAM":{"Driver":"default","Options":null,"Config":[]},"Internal":false,"Containers":{},"Options":{},"Labels":{}},{"Name":"bridge","Id":"e0d36057aa1769e9fd52ba88be81b698b495f9b6b4946d0f98f24d971a27fc98","Scope":"local","Driver":"bridge","EnableIPv6":false,"IPAM":{"Driver":"default","Options":null,"Config":[{"Subnet":"172.17.0.0/16","Gateway":"172.17.0.1"}]},"Internal":false,"Containers":{},"Options":{"com.docker.network.bridge.default_bridge":"true","com.docker.network.bridge.enable_icc":"true","com.docker.network.bridge.enable_ip_masquerade":"true","com.docker.network.bridge.host_binding_ipv4":"0.0.0.0","com.docker.network.bridge.name":"docker0","com.docker.network.driver.mtu":"1500"},"Labels":{}},{"Name":"host","Id":"fe042b0866671b5be4f097ba43830c0a02959c058702d18e18c14a24d88a357d","Scope":"local","Driver":"host","EnableIPv6":false,"IPAM":{"Driver":"default","Options":null,"Config":[]},"Internal":false,"Containers":{},"Options":{},"Labels":{}}][\n]"
02:20:37.248 [Test worker] DEBUG org.apache.http.headers - http-outgoing-1 << HTTP/1.1 200 OK
02:20:37.248 [Test worker] DEBUG org.apache.http.headers - http-outgoing-1 << Content-Type: application/json
02:20:37.248 [Test worker] DEBUG org.apache.http.headers - http-outgoing-1 << Server: Docker/1.12.3 (linux)
02:20:37.248 [Test worker] DEBUG org.apache.http.headers - http-outgoing-1 << Date: Tue, 03 Jan 2017 01:20:37 GMT
02:20:37.248 [Test worker] DEBUG org.apache.http.headers - http-outgoing-1 << Content-Length: 1100
02:20:37.248 [Test worker] DEBUG o.a.h.impl.execchain.MainClientExec - Connection can be kept alive indefinitely
02:20:37.249 [Test worker] DEBUG c.g.d.j.JerseyDockerCmdExecFactory - 4 * Client response received on thread Test worker
4 < 200
4 < Content-Length: 1100
4 < Content-Type: application/json
4 < Date: Tue, 03 Jan 2017 01:20:37 GMT
4 < Server: Docker/1.12.3 (linux)
[{"Name":"none","Id":"4d89c194eb79cd2beb38458d10a1b98c74d6b8462af72afde29ae7aca53ed5ca","Scope":"local","Driver":"null","EnableIPv6":false,"IPAM":{"Driver":"default","Options":null,"Config":[]},"Internal":false,"Containers":{},"Options":{},"Labels":{}},{"Name":"bridge","Id":"e0d36057aa1769e9fd52ba88be81b698b495f9b6b4946d0f98f24d971a27fc98","Scope":"local","Driver":"bridge","EnableIPv6":false,"IPAM":{"Driver":"default","Options":null,"Config":[{"Subnet":"172.17.0.0/16","Gateway":"172.17.0.1"}]},"Internal":false,"Containers":{},"Options":{"com.docker.network.bridge.default_bridge":"true","com.docker.network.bridge.enable_icc":"true","com.docker.network.bridge.enable_ip_masquerade":"true","com.docker.network.bridge.host_binding_ipv4":"0.0.0.0","com.docker.network.bridge.name":"docker0","com.docker.network.driver.mtu":"1500"},"Labels":{}},{"Name":"host","Id":"fe042b0866671b5be4f097ba43830c0a02959c058702d18e18c14a24d88a357d","Scope":"local","Driver":"host","EnableIPv6":false,"IPAM":{"Driver":"default","Options":null,"Config":[]},"Internal":false,"Containers":{},"Options":{},"Labels":{}}]


02:20:37.257 [Test worker] DEBUG o.a.h.i.c.DefaultManagedHttpClientConnection - http-outgoing-1: Close connection
02:20:37.257 [Test worker] DEBUG o.a.h.impl.execchain.MainClientExec - Connection discarded
02:20:37.258 [Test worker] DEBUG c.g.d.j.JerseyDockerCmdExecFactory$1 - Connection released: [id: 1][route: {s}->https://Thesis:2376][total kept alive: 1; route allocated: 1 of 2; total allocated: 1 of 20]
02:20:37.258 [Test worker] DEBUG c.g.d.core.command.AbstrDockerCmd - Cmd: com.github.dockerjava.core.util.FiltersBuilder@0,com.github.dockerjava.jaxrs.ListVolumesCmdExec@3e2be89c
02:20:37.259 [Test worker] DEBUG c.g.d.j.JerseyDockerCmdExecFactory - 5 * Sending client request on thread Test worker
5 > GET https://Thesis:2376/volumes
5 > Accept: application/json

02:20:37.260 [Test worker] DEBUG o.a.h.c.protocol.RequestAddCookies - CookieSpec selected: default
02:20:37.261 [Test worker] DEBUG o.a.h.c.protocol.RequestAuthCache - Auth cache not set in the context
02:20:37.261 [Test worker] DEBUG c.g.d.j.JerseyDockerCmdExecFactory$1 - Connection request: [route: {s}->https://Thesis:2376][total kept alive: 1; route allocated: 1 of 2; total allocated: 1 of 20]
02:20:37.261 [Test worker] DEBUG c.g.d.j.JerseyDockerCmdExecFactory$1 - Connection leased: [id: 2][route: {s}->https://Thesis:2376][total kept alive: 1; route allocated: 2 of 2; total allocated: 2 of 20]
02:20:37.261 [Test worker] DEBUG o.a.h.impl.execchain.MainClientExec - Opening connection {s}->https://Thesis:2376
02:20:37.261 [Test worker] DEBUG o.a.h.i.c.DefaultHttpClientConnectionOperator - Connecting to Thesis/127.0.1.1:2376
02:20:37.262 [Test worker] DEBUG o.a.h.c.s.SSLConnectionSocketFactory - Connecting socket to Thesis/127.0.1.1:2376 with timeout 0
02:20:37.264 [Test worker] DEBUG o.a.h.c.s.SSLConnectionSocketFactory - Enabled protocols: [TLSv1]
02:20:37.264 [Test worker] DEBUG o.a.h.c.s.SSLConnectionSocketFactory - Enabled cipher suites:[TLS_ECDHE_ECDSA_WITH_AES_128_CBC_SHA, TLS_ECDHE_RSA_WITH_AES_128_CBC_SHA, TLS_RSA_WITH_AES_128_CBC_SHA, TLS_ECDH_ECDSA_WITH_AES_128_CBC_SHA, TLS_ECDH_RSA_WITH_AES_128_CBC_SHA, TLS_DHE_RSA_WITH_AES_128_CBC_SHA, TLS_DHE_DSS_WITH_AES_128_CBC_SHA, TLS_ECDHE_ECDSA_WITH_3DES_EDE_CBC_SHA, TLS_ECDHE_RSA_WITH_3DES_EDE_CBC_SHA, SSL_RSA_WITH_3DES_EDE_CBC_SHA, TLS_ECDH_ECDSA_WITH_3DES_EDE_CBC_SHA, TLS_ECDH_RSA_WITH_3DES_EDE_CBC_SHA, SSL_DHE_RSA_WITH_3DES_EDE_CBC_SHA, SSL_DHE_DSS_WITH_3DES_EDE_CBC_SHA, TLS_ECDHE_ECDSA_WITH_RC4_128_SHA, TLS_ECDHE_RSA_WITH_RC4_128_SHA, SSL_RSA_WITH_RC4_128_SHA, TLS_ECDH_ECDSA_WITH_RC4_128_SHA, TLS_ECDH_RSA_WITH_RC4_128_SHA, SSL_RSA_WITH_RC4_128_MD5, TLS_EMPTY_RENEGOTIATION_INFO_SCSV]
02:20:37.264 [Test worker] DEBUG o.a.h.c.s.SSLConnectionSocketFactory - Starting handshake
02:20:37.328 [Test worker] DEBUG o.a.h.c.s.SSLConnectionSocketFactory - Secure session established
02:20:37.328 [Test worker] DEBUG o.a.h.c.s.SSLConnectionSocketFactory -  negotiated protocol: TLSv1
02:20:37.328 [Test worker] DEBUG o.a.h.c.s.SSLConnectionSocketFactory -  negotiated cipher suite: TLS_ECDHE_RSA_WITH_AES_128_CBC_SHA
02:20:37.328 [Test worker] DEBUG o.a.h.c.s.SSLConnectionSocketFactory -  peer principal: CN=Thesis
02:20:37.328 [Test worker] DEBUG o.a.h.c.s.SSLConnectionSocketFactory -  issuer principal: EMAILADDRESS=sha@yamil.com, CN=Thesis, OU=Open, O=Fra, L=BER, ST=BER, C=DE
02:20:37.329 [Test worker] DEBUG o.a.h.i.c.DefaultHttpClientConnectionOperator - Connection established 127.0.0.1:40878<->127.0.1.1:2376
02:20:37.329 [Test worker] DEBUG o.a.h.impl.execchain.MainClientExec - Executing request GET /volumes HTTP/1.1
02:20:37.330 [Test worker] DEBUG o.a.h.impl.execchain.MainClientExec - Target auth state: UNCHALLENGED
02:20:37.330 [Test worker] DEBUG o.a.h.impl.execchain.MainClientExec - Proxy auth state: UNCHALLENGED
02:20:37.330 [Test worker] DEBUG org.apache.http.headers - http-outgoing-2 >> GET /volumes HTTP/1.1
02:20:37.330 [Test worker] DEBUG org.apache.http.headers - http-outgoing-2 >> Accept: application/json
02:20:37.330 [Test worker] DEBUG org.apache.http.headers - http-outgoing-2 >> User-Agent: Jersey/2.23.1 (Apache HttpClient 4.5.1)
02:20:37.330 [Test worker] DEBUG org.apache.http.headers - http-outgoing-2 >> Host: Thesis:2376
02:20:37.331 [Test worker] DEBUG org.apache.http.headers - http-outgoing-2 >> Connection: Keep-Alive
02:20:37.331 [Test worker] DEBUG org.apache.http.headers - http-outgoing-2 >> Accept-Encoding: gzip,deflate
02:20:37.331 [Test worker] DEBUG org.apache.http.wire - http-outgoing-2 >> "GET /volumes HTTP/1.1[\r][\n]"
02:20:37.331 [Test worker] DEBUG org.apache.http.wire - http-outgoing-2 >> "Accept: application/json[\r][\n]"
02:20:37.331 [Test worker] DEBUG org.apache.http.wire - http-outgoing-2 >> "User-Agent: Jersey/2.23.1 (Apache HttpClient 4.5.1)[\r][\n]"
02:20:37.332 [Test worker] DEBUG org.apache.http.wire - http-outgoing-2 >> "Host: Thesis:2376[\r][\n]"
02:20:37.332 [Test worker] DEBUG org.apache.http.wire - http-outgoing-2 >> "Connection: Keep-Alive[\r][\n]"
02:20:37.332 [Test worker] DEBUG org.apache.http.wire - http-outgoing-2 >> "Accept-Encoding: gzip,deflate[\r][\n]"
02:20:37.332 [Test worker] DEBUG org.apache.http.wire - http-outgoing-2 >> "[\r][\n]"
02:20:37.333 [Test worker] DEBUG org.apache.http.wire - http-outgoing-2 << "H"
02:20:37.333 [Test worker] DEBUG org.apache.http.wire - http-outgoing-2 << "TTP/1.1 200 OK[\r][\n]"
02:20:37.333 [Test worker] DEBUG org.apache.http.wire - http-outgoing-2 << "Content-Type: application/json[\r][\n]"
02:20:37.334 [Test worker] DEBUG org.apache.http.wire - http-outgoing-2 << "Server: Docker/1.12.3 (linux)[\r][\n]"
02:20:37.334 [Test worker] DEBUG org.apache.http.wire - http-outgoing-2 << "Date: Tue, 03 Jan 2017 01:20:37 GMT[\r][\n]"
02:20:37.334 [Test worker] DEBUG org.apache.http.wire - http-outgoing-2 << "Content-Length: 33[\r][\n]"
02:20:37.334 [Test worker] DEBUG org.apache.http.wire - http-outgoing-2 << "[\r][\n]"
02:20:37.334 [Test worker] DEBUG org.apache.http.wire - http-outgoing-2 << "{"Volumes":null,"Warnings":null}[\n]"
02:20:37.335 [Test worker] DEBUG org.apache.http.headers - http-outgoing-2 << HTTP/1.1 200 OK
02:20:37.335 [Test worker] DEBUG org.apache.http.headers - http-outgoing-2 << Content-Type: application/json
02:20:37.335 [Test worker] DEBUG org.apache.http.headers - http-outgoing-2 << Server: Docker/1.12.3 (linux)
02:20:37.335 [Test worker] DEBUG org.apache.http.headers - http-outgoing-2 << Date: Tue, 03 Jan 2017 01:20:37 GMT
02:20:37.335 [Test worker] DEBUG org.apache.http.headers - http-outgoing-2 << Content-Length: 33
02:20:37.335 [Test worker] DEBUG o.a.h.impl.execchain.MainClientExec - Connection can be kept alive indefinitely
02:20:37.336 [Test worker] DEBUG c.g.d.j.JerseyDockerCmdExecFactory - 6 * Client response received on thread Test worker
6 < 200
6 < Content-Length: 33
6 < Content-Type: application/json
6 < Date: Tue, 03 Jan 2017 01:20:37 GMT
6 < Server: Docker/1.12.3 (linux)
{"Volumes":null,"Warnings":null}


02:20:37.339 [Test worker] DEBUG o.a.h.i.c.DefaultManagedHttpClientConnection - http-outgoing-2: Close connection
02:20:37.340 [Test worker] DEBUG o.a.h.impl.execchain.MainClientExec - Connection discarded
02:20:37.340 [Test worker] DEBUG c.g.d.j.JerseyDockerCmdExecFactory$1 - Connection released: [id: 2][route: {s}->https://Thesis:2376][total kept alive: 1; route allocated: 1 of 2; total allocated: 1 of 20]
02:20:37.341 [Test worker] DEBUG c.g.d.core.command.AbstrDockerCmd - Cmd: MyNetwork,<null>,<null>,{},true,<null>,<null>,com.github.dockerjava.jaxrs.CreateNetworkCmdExec@540f51ab
02:20:37.343 [Test worker] DEBUG o.a.h.c.protocol.RequestAddCookies - CookieSpec selected: default
02:20:37.343 [Test worker] DEBUG o.a.h.c.protocol.RequestAuthCache - Auth cache not set in the context
02:20:37.344 [Test worker] DEBUG c.g.d.j.JerseyDockerCmdExecFactory$1 - Connection request: [route: {s}->https://Thesis:2376][total kept alive: 1; route allocated: 1 of 2; total allocated: 1 of 20]
02:20:37.344 [Test worker] DEBUG c.g.d.j.JerseyDockerCmdExecFactory$1 - Connection leased: [id: 3][route: {s}->https://Thesis:2376][total kept alive: 1; route allocated: 2 of 2; total allocated: 2 of 20]
02:20:37.344 [Test worker] DEBUG o.a.h.impl.execchain.MainClientExec - Opening connection {s}->https://Thesis:2376
02:20:37.344 [Test worker] DEBUG o.a.h.i.c.DefaultHttpClientConnectionOperator - Connecting to Thesis/127.0.1.1:2376
02:20:37.345 [Test worker] DEBUG o.a.h.c.s.SSLConnectionSocketFactory - Connecting socket to Thesis/127.0.1.1:2376 with timeout 0
02:20:37.347 [Test worker] DEBUG o.a.h.c.s.SSLConnectionSocketFactory - Enabled protocols: [TLSv1]
02:20:37.348 [Test worker] DEBUG o.a.h.c.s.SSLConnectionSocketFactory - Enabled cipher suites:[TLS_ECDHE_ECDSA_WITH_AES_128_CBC_SHA, TLS_ECDHE_RSA_WITH_AES_128_CBC_SHA, TLS_RSA_WITH_AES_128_CBC_SHA, TLS_ECDH_ECDSA_WITH_AES_128_CBC_SHA, TLS_ECDH_RSA_WITH_AES_128_CBC_SHA, TLS_DHE_RSA_WITH_AES_128_CBC_SHA, TLS_DHE_DSS_WITH_AES_128_CBC_SHA, TLS_ECDHE_ECDSA_WITH_3DES_EDE_CBC_SHA, TLS_ECDHE_RSA_WITH_3DES_EDE_CBC_SHA, SSL_RSA_WITH_3DES_EDE_CBC_SHA, TLS_ECDH_ECDSA_WITH_3DES_EDE_CBC_SHA, TLS_ECDH_RSA_WITH_3DES_EDE_CBC_SHA, SSL_DHE_RSA_WITH_3DES_EDE_CBC_SHA, SSL_DHE_DSS_WITH_3DES_EDE_CBC_SHA, TLS_ECDHE_ECDSA_WITH_RC4_128_SHA, TLS_ECDHE_RSA_WITH_RC4_128_SHA, SSL_RSA_WITH_RC4_128_SHA, TLS_ECDH_ECDSA_WITH_RC4_128_SHA, TLS_ECDH_RSA_WITH_RC4_128_SHA, SSL_RSA_WITH_RC4_128_MD5, TLS_EMPTY_RENEGOTIATION_INFO_SCSV]
02:20:37.348 [Test worker] DEBUG o.a.h.c.s.SSLConnectionSocketFactory - Starting handshake
02:20:37.416 [Test worker] DEBUG o.a.h.c.s.SSLConnectionSocketFactory - Secure session established
02:20:37.417 [Test worker] DEBUG o.a.h.c.s.SSLConnectionSocketFactory -  negotiated protocol: TLSv1
02:20:37.417 [Test worker] DEBUG o.a.h.c.s.SSLConnectionSocketFactory -  negotiated cipher suite: TLS_ECDHE_RSA_WITH_AES_128_CBC_SHA
02:20:37.417 [Test worker] DEBUG o.a.h.c.s.SSLConnectionSocketFactory -  peer principal: CN=Thesis
02:20:37.417 [Test worker] DEBUG o.a.h.c.s.SSLConnectionSocketFactory -  issuer principal: EMAILADDRESS=sha@yamil.com, CN=Thesis, OU=Open, O=Fra, L=BER, ST=BER, C=DE
02:20:37.417 [Test worker] DEBUG o.a.h.i.c.DefaultHttpClientConnectionOperator - Connection established 127.0.0.1:40880<->127.0.1.1:2376
02:20:37.418 [Test worker] DEBUG o.a.h.impl.execchain.MainClientExec - Executing request POST /networks/create HTTP/1.1
02:20:37.418 [Test worker] DEBUG o.a.h.impl.execchain.MainClientExec - Target auth state: UNCHALLENGED
02:20:37.418 [Test worker] DEBUG o.a.h.impl.execchain.MainClientExec - Proxy auth state: UNCHALLENGED
02:20:37.418 [Test worker] DEBUG org.apache.http.headers - http-outgoing-3 >> POST /networks/create HTTP/1.1
02:20:37.418 [Test worker] DEBUG org.apache.http.headers - http-outgoing-3 >> Accept: application/json
02:20:37.419 [Test worker] DEBUG org.apache.http.headers - http-outgoing-3 >> Content-Type: application/json
02:20:37.419 [Test worker] DEBUG org.apache.http.headers - http-outgoing-3 >> User-Agent: Jersey/2.23.1 (Apache HttpClient 4.5.1)
02:20:37.419 [Test worker] DEBUG org.apache.http.headers - http-outgoing-3 >> Transfer-Encoding: chunked
02:20:37.419 [Test worker] DEBUG org.apache.http.headers - http-outgoing-3 >> Host: Thesis:2376
02:20:37.419 [Test worker] DEBUG org.apache.http.headers - http-outgoing-3 >> Connection: Keep-Alive
02:20:37.420 [Test worker] DEBUG org.apache.http.headers - http-outgoing-3 >> Accept-Encoding: gzip,deflate
02:20:37.441 [Test worker] DEBUG c.g.d.j.JerseyDockerCmdExecFactory - 7 * Sending client request on thread Test worker
7 > POST https://Thesis:2376/networks/create
7 > Accept: application/json
7 > Content-Type: application/json
{"enableIPv6":null,"Name":"MyNetwork","Driver":null,"IPAM":null,"Options":{},"CheckDuplicate":true,"Internal":null,"EnableIPv6":null}

02:20:37.442 [Test worker] DEBUG org.apache.http.wire - http-outgoing-3 >> "POST /networks/create HTTP/1.1[\r][\n]"
02:20:37.442 [Test worker] DEBUG org.apache.http.wire - http-outgoing-3 >> "Accept: application/json[\r][\n]"
02:20:37.442 [Test worker] DEBUG org.apache.http.wire - http-outgoing-3 >> "Content-Type: application/json[\r][\n]"
02:20:37.443 [Test worker] DEBUG org.apache.http.wire - http-outgoing-3 >> "User-Agent: Jersey/2.23.1 (Apache HttpClient 4.5.1)[\r][\n]"
02:20:37.443 [Test worker] DEBUG org.apache.http.wire - http-outgoing-3 >> "Transfer-Encoding: chunked[\r][\n]"
02:20:37.443 [Test worker] DEBUG org.apache.http.wire - http-outgoing-3 >> "Host: Thesis:2376[\r][\n]"
02:20:37.443 [Test worker] DEBUG org.apache.http.wire - http-outgoing-3 >> "Connection: Keep-Alive[\r][\n]"
02:20:37.443 [Test worker] DEBUG org.apache.http.wire - http-outgoing-3 >> "Accept-Encoding: gzip,deflate[\r][\n]"
02:20:37.443 [Test worker] DEBUG org.apache.http.wire - http-outgoing-3 >> "[\r][\n]"
02:20:37.444 [Test worker] DEBUG org.apache.http.wire - http-outgoing-3 >> "85[\r][\n]"
02:20:37.444 [Test worker] DEBUG org.apache.http.wire - http-outgoing-3 >> "{"enableIPv6":null,"Name":"MyNetwork","Driver":null,"IPAM":null,"Options":{},"CheckDuplicate":true,"Internal":null,"EnableIPv6":null}[\r][\n]"
02:20:37.444 [Test worker] DEBUG org.apache.http.wire - http-outgoing-3 >> "0[\r][\n]"
02:20:37.444 [Test worker] DEBUG org.apache.http.wire - http-outgoing-3 >> "[\r][\n]"
02:20:37.562 [Test worker] DEBUG org.apache.http.wire - http-outgoing-3 << "H"
02:20:37.562 [Test worker] DEBUG org.apache.http.wire - http-outgoing-3 << "TTP/1.1 201 Created[\r][\n]"
02:20:37.562 [Test worker] DEBUG org.apache.http.wire - http-outgoing-3 << "Content-Type: application/json[\r][\n]"
02:20:37.562 [Test worker] DEBUG org.apache.http.wire - http-outgoing-3 << "Server: Docker/1.12.3 (linux)[\r][\n]"
02:20:37.562 [Test worker] DEBUG org.apache.http.wire - http-outgoing-3 << "Date: Tue, 03 Jan 2017 01:20:37 GMT[\r][\n]"
02:20:37.562 [Test worker] DEBUG org.apache.http.wire - http-outgoing-3 << "Content-Length: 87[\r][\n]"
02:20:37.562 [Test worker] DEBUG org.apache.http.wire - http-outgoing-3 << "[\r][\n]"
02:20:37.562 [Test worker] DEBUG org.apache.http.wire - http-outgoing-3 << "{"Id":"7e1e5a4ea25a4e23a282b975a313f5f8de242a354fb1d3ca0371b9874fec20a8","Warning":""}[\n]"
02:20:37.562 [Test worker] DEBUG org.apache.http.headers - http-outgoing-3 << HTTP/1.1 201 Created
02:20:37.562 [Test worker] DEBUG org.apache.http.headers - http-outgoing-3 << Content-Type: application/json
02:20:37.562 [Test worker] DEBUG org.apache.http.headers - http-outgoing-3 << Server: Docker/1.12.3 (linux)
02:20:37.562 [Test worker] DEBUG org.apache.http.headers - http-outgoing-3 << Date: Tue, 03 Jan 2017 01:20:37 GMT
02:20:37.562 [Test worker] DEBUG org.apache.http.headers - http-outgoing-3 << Content-Length: 87
02:20:37.562 [Test worker] DEBUG o.a.h.impl.execchain.MainClientExec - Connection can be kept alive indefinitely
02:20:37.563 [Test worker] DEBUG c.g.d.j.JerseyDockerCmdExecFactory - 8 * Client response received on thread Test worker
8 < 201
8 < Content-Length: 87
8 < Content-Type: application/json
8 < Date: Tue, 03 Jan 2017 01:20:37 GMT
8 < Server: Docker/1.12.3 (linux)
{"Id":"7e1e5a4ea25a4e23a282b975a313f5f8de242a354fb1d3ca0371b9874fec20a8","Warning":""}


02:20:37.564 [Test worker] DEBUG o.a.h.i.c.DefaultManagedHttpClientConnection - http-outgoing-3: Close connection
02:20:37.572 [Test worker] DEBUG o.a.h.impl.execchain.MainClientExec - Connection discarded
02:20:37.575 [Test worker] DEBUG c.g.d.j.JerseyDockerCmdExecFactory$1 - Connection released: [id: 3][route: {s}->https://Thesis:2376][total kept alive: 1; route allocated: 1 of 2; total allocated: 1 of 20]
02:20:37.576 [Test worker] DEBUG c.g.d.core.command.AbstrDockerCmd - Cmd: 7e1e5a4ea25a4e23a282b975a313f5f8de242a354fb1d3ca0371b9874fec20a8,com.github.dockerjava.jaxrs.InspectNetworkCmdExec@1304ff98
02:20:37.595 [Test worker] DEBUG c.g.d.jaxrs.ListNetworksCmdExec - GET: JerseyWebTarget { https://Thesis:2376/networks/7e1e5a4ea25a4e23a282b975a313f5f8de242a354fb1d3ca0371b9874fec20a8 }
02:20:37.608 [Test worker] DEBUG c.g.d.j.JerseyDockerCmdExecFactory - 9 * Sending client request on thread Test worker
9 > GET https://Thesis:2376/networks/7e1e5a4ea25a4e23a282b975a313f5f8de242a354fb1d3ca0371b9874fec20a8
9 > Accept: application/json

02:20:37.612 [Test worker] DEBUG o.a.h.c.protocol.RequestAddCookies - CookieSpec selected: default
02:20:37.621 [Test worker] DEBUG o.a.h.c.protocol.RequestAuthCache - Auth cache not set in the context
02:20:37.622 [Test worker] DEBUG c.g.d.j.JerseyDockerCmdExecFactory$1 - Connection request: [route: {s}->https://Thesis:2376][total kept alive: 1; route allocated: 1 of 2; total allocated: 1 of 20]
02:20:37.622 [Test worker] DEBUG c.g.d.j.JerseyDockerCmdExecFactory$1 - Connection leased: [id: 4][route: {s}->https://Thesis:2376][total kept alive: 1; route allocated: 2 of 2; total allocated: 2 of 20]
02:20:37.626 [Test worker] DEBUG o.a.h.impl.execchain.MainClientExec - Opening connection {s}->https://Thesis:2376
02:20:37.627 [Test worker] DEBUG o.a.h.i.c.DefaultHttpClientConnectionOperator - Connecting to Thesis/127.0.1.1:2376
02:20:37.627 [Test worker] DEBUG o.a.h.c.s.SSLConnectionSocketFactory - Connecting socket to Thesis/127.0.1.1:2376 with timeout 0
02:20:37.637 [Test worker] DEBUG o.a.h.c.s.SSLConnectionSocketFactory - Enabled protocols: [TLSv1]
02:20:37.643 [Test worker] DEBUG o.a.h.c.s.SSLConnectionSocketFactory - Enabled cipher suites:[TLS_ECDHE_ECDSA_WITH_AES_128_CBC_SHA, TLS_ECDHE_RSA_WITH_AES_128_CBC_SHA, TLS_RSA_WITH_AES_128_CBC_SHA, TLS_ECDH_ECDSA_WITH_AES_128_CBC_SHA, TLS_ECDH_RSA_WITH_AES_128_CBC_SHA, TLS_DHE_RSA_WITH_AES_128_CBC_SHA, TLS_DHE_DSS_WITH_AES_128_CBC_SHA, TLS_ECDHE_ECDSA_WITH_3DES_EDE_CBC_SHA, TLS_ECDHE_RSA_WITH_3DES_EDE_CBC_SHA, SSL_RSA_WITH_3DES_EDE_CBC_SHA, TLS_ECDH_ECDSA_WITH_3DES_EDE_CBC_SHA, TLS_ECDH_RSA_WITH_3DES_EDE_CBC_SHA, SSL_DHE_RSA_WITH_3DES_EDE_CBC_SHA, SSL_DHE_DSS_WITH_3DES_EDE_CBC_SHA, TLS_ECDHE_ECDSA_WITH_RC4_128_SHA, TLS_ECDHE_RSA_WITH_RC4_128_SHA, SSL_RSA_WITH_RC4_128_SHA, TLS_ECDH_ECDSA_WITH_RC4_128_SHA, TLS_ECDH_RSA_WITH_RC4_128_SHA, SSL_RSA_WITH_RC4_128_MD5, TLS_EMPTY_RENEGOTIATION_INFO_SCSV]
02:20:37.645 [Test worker] DEBUG o.a.h.c.s.SSLConnectionSocketFactory - Starting handshake
02:20:37.767 [Test worker] DEBUG o.a.h.c.s.SSLConnectionSocketFactory - Secure session established
02:20:37.767 [Test worker] DEBUG o.a.h.c.s.SSLConnectionSocketFactory -  negotiated protocol: TLSv1
02:20:37.768 [Test worker] DEBUG o.a.h.c.s.SSLConnectionSocketFactory -  negotiated cipher suite: TLS_ECDHE_RSA_WITH_AES_128_CBC_SHA
02:20:37.768 [Test worker] DEBUG o.a.h.c.s.SSLConnectionSocketFactory -  peer principal: CN=Thesis
02:20:37.768 [Test worker] DEBUG o.a.h.c.s.SSLConnectionSocketFactory -  issuer principal: EMAILADDRESS=sha@yamil.com, CN=Thesis, OU=Open, O=Fra, L=BER, ST=BER, C=DE
02:20:37.768 [Test worker] DEBUG o.a.h.i.c.DefaultHttpClientConnectionOperator - Connection established 127.0.0.1:40882<->127.0.1.1:2376
02:20:37.769 [Test worker] DEBUG o.a.h.impl.execchain.MainClientExec - Executing request GET /networks/7e1e5a4ea25a4e23a282b975a313f5f8de242a354fb1d3ca0371b9874fec20a8 HTTP/1.1
02:20:37.769 [Test worker] DEBUG o.a.h.impl.execchain.MainClientExec - Target auth state: UNCHALLENGED
02:20:37.769 [Test worker] DEBUG o.a.h.impl.execchain.MainClientExec - Proxy auth state: UNCHALLENGED
02:20:37.769 [Test worker] DEBUG org.apache.http.headers - http-outgoing-4 >> GET /networks/7e1e5a4ea25a4e23a282b975a313f5f8de242a354fb1d3ca0371b9874fec20a8 HTTP/1.1
02:20:37.770 [Test worker] DEBUG org.apache.http.headers - http-outgoing-4 >> Accept: application/json
02:20:37.770 [Test worker] DEBUG org.apache.http.headers - http-outgoing-4 >> User-Agent: Jersey/2.23.1 (Apache HttpClient 4.5.1)
02:20:37.770 [Test worker] DEBUG org.apache.http.headers - http-outgoing-4 >> Host: Thesis:2376
02:20:37.770 [Test worker] DEBUG org.apache.http.headers - http-outgoing-4 >> Connection: Keep-Alive
02:20:37.770 [Test worker] DEBUG org.apache.http.headers - http-outgoing-4 >> Accept-Encoding: gzip,deflate
02:20:37.770 [Test worker] DEBUG org.apache.http.wire - http-outgoing-4 >> "GET /networks/7e1e5a4ea25a4e23a282b975a313f5f8de242a354fb1d3ca0371b9874fec20a8 HTTP/1.1[\r][\n]"
02:20:37.771 [Test worker] DEBUG org.apache.http.wire - http-outgoing-4 >> "Accept: application/json[\r][\n]"
02:20:37.771 [Test worker] DEBUG org.apache.http.wire - http-outgoing-4 >> "User-Agent: Jersey/2.23.1 (Apache HttpClient 4.5.1)[\r][\n]"
02:20:37.771 [Test worker] DEBUG org.apache.http.wire - http-outgoing-4 >> "Host: Thesis:2376[\r][\n]"
02:20:37.771 [Test worker] DEBUG org.apache.http.wire - http-outgoing-4 >> "Connection: Keep-Alive[\r][\n]"
02:20:37.771 [Test worker] DEBUG org.apache.http.wire - http-outgoing-4 >> "Accept-Encoding: gzip,deflate[\r][\n]"
02:20:37.772 [Test worker] DEBUG org.apache.http.wire - http-outgoing-4 >> "[\r][\n]"
02:20:37.772 [Test worker] DEBUG org.apache.http.wire - http-outgoing-4 << "H"
02:20:37.773 [Test worker] DEBUG org.apache.http.wire - http-outgoing-4 << "TTP/1.1 200 OK[\r][\n]"
02:20:37.773 [Test worker] DEBUG org.apache.http.wire - http-outgoing-4 << "Content-Type: application/json[\r][\n]"
02:20:37.773 [Test worker] DEBUG org.apache.http.wire - http-outgoing-4 << "Server: Docker/1.12.3 (linux)[\r][\n]"
02:20:37.773 [Test worker] DEBUG org.apache.http.wire - http-outgoing-4 << "Date: Tue, 03 Jan 2017 01:20:37 GMT[\r][\n]"
02:20:37.773 [Test worker] DEBUG org.apache.http.wire - http-outgoing-4 << "Content-Length: 311[\r][\n]"
02:20:37.774 [Test worker] DEBUG org.apache.http.wire - http-outgoing-4 << "[\r][\n]"
02:20:37.774 [Test worker] DEBUG org.apache.http.wire - http-outgoing-4 << "{"Name":"MyNetwork","Id":"7e1e5a4ea25a4e23a282b975a313f5f8de242a354fb1d3ca0371b9874fec20a8","Scope":"local","Driver":"bridge","EnableIPv6":false,"IPAM":{"Driver":"default","Options":null,"Config":[{"Subnet":"172.18.0.0/16","Gateway":"172.18.0.1/16"}]},"Internal":false,"Containers":{},"Options":{},"Labels":{}}[\n]"
02:20:37.774 [Test worker] DEBUG org.apache.http.headers - http-outgoing-4 << HTTP/1.1 200 OK
02:20:37.774 [Test worker] DEBUG org.apache.http.headers - http-outgoing-4 << Content-Type: application/json
02:20:37.774 [Test worker] DEBUG org.apache.http.headers - http-outgoing-4 << Server: Docker/1.12.3 (linux)
02:20:37.775 [Test worker] DEBUG org.apache.http.headers - http-outgoing-4 << Date: Tue, 03 Jan 2017 01:20:37 GMT
02:20:37.775 [Test worker] DEBUG org.apache.http.headers - http-outgoing-4 << Content-Length: 311
02:20:37.776 [Test worker] DEBUG o.a.h.impl.execchain.MainClientExec - Connection can be kept alive indefinitely
02:20:37.776 [Test worker] DEBUG c.g.d.j.JerseyDockerCmdExecFactory - 10 * Client response received on thread Test worker
10 < 200
10 < Content-Length: 311
10 < Content-Type: application/json
10 < Date: Tue, 03 Jan 2017 01:20:37 GMT
10 < Server: Docker/1.12.3 (linux)
{"Name":"MyNetwork","Id":"7e1e5a4ea25a4e23a282b975a313f5f8de242a354fb1d3ca0371b9874fec20a8","Scope":"local","Driver":"bridge","EnableIPv6":false,"IPAM":{"Driver":"default","Options":null,"Config":[{"Subnet":"172.18.0.0/16","Gateway":"172.18.0.1/16"}]},"Internal":false,"Containers":{},"Options":{},"Labels":{}}


02:20:37.778 [Test worker] DEBUG o.a.h.i.c.DefaultManagedHttpClientConnection - http-outgoing-4: Close connection
02:20:37.778 [Test worker] DEBUG o.a.h.impl.execchain.MainClientExec - Connection discarded
02:20:37.779 [Test worker] DEBUG c.g.d.j.JerseyDockerCmdExecFactory$1 - Connection released: [id: 4][route: {s}->https://Thesis:2376][total kept alive: 1; route allocated: 1 of 2; total allocated: 1 of 20]
02:20:37.780 [Test worker] DEBUG org.openbaton.docker.DockerVim - Network successfully created
02:20:37.780 [Test worker] DEBUG c.g.d.core.command.AbstrDockerCmd - Cmd: com.github.dockerjava.core.util.FiltersBuilder@0,com.github.dockerjava.jaxrs.ListNetworksCmdExec@1f8b0ed2
02:20:37.781 [Test worker] DEBUG c.g.d.j.JerseyDockerCmdExecFactory - 11 * Sending client request on thread Test worker
11 > GET https://Thesis:2376/networks
11 > Accept: application/json

02:20:37.782 [Test worker] DEBUG o.a.h.c.protocol.RequestAddCookies - CookieSpec selected: default
02:20:37.782 [Test worker] DEBUG o.a.h.c.protocol.RequestAuthCache - Auth cache not set in the context
02:20:37.782 [Test worker] DEBUG c.g.d.j.JerseyDockerCmdExecFactory$1 - Connection request: [route: {s}->https://Thesis:2376][total kept alive: 1; route allocated: 1 of 2; total allocated: 1 of 20]
02:20:37.782 [Test worker] DEBUG c.g.d.j.JerseyDockerCmdExecFactory$1 - Connection leased: [id: 5][route: {s}->https://Thesis:2376][total kept alive: 1; route allocated: 2 of 2; total allocated: 2 of 20]
02:20:37.783 [Test worker] DEBUG o.a.h.impl.execchain.MainClientExec - Opening connection {s}->https://Thesis:2376
02:20:37.783 [Test worker] DEBUG o.a.h.i.c.DefaultHttpClientConnectionOperator - Connecting to Thesis/127.0.1.1:2376
02:20:37.783 [Test worker] DEBUG o.a.h.c.s.SSLConnectionSocketFactory - Connecting socket to Thesis/127.0.1.1:2376 with timeout 0
02:20:37.786 [Test worker] DEBUG o.a.h.c.s.SSLConnectionSocketFactory - Enabled protocols: [TLSv1]
02:20:37.786 [Test worker] DEBUG o.a.h.c.s.SSLConnectionSocketFactory - Enabled cipher suites:[TLS_ECDHE_ECDSA_WITH_AES_128_CBC_SHA, TLS_ECDHE_RSA_WITH_AES_128_CBC_SHA, TLS_RSA_WITH_AES_128_CBC_SHA, TLS_ECDH_ECDSA_WITH_AES_128_CBC_SHA, TLS_ECDH_RSA_WITH_AES_128_CBC_SHA, TLS_DHE_RSA_WITH_AES_128_CBC_SHA, TLS_DHE_DSS_WITH_AES_128_CBC_SHA, TLS_ECDHE_ECDSA_WITH_3DES_EDE_CBC_SHA, TLS_ECDHE_RSA_WITH_3DES_EDE_CBC_SHA, SSL_RSA_WITH_3DES_EDE_CBC_SHA, TLS_ECDH_ECDSA_WITH_3DES_EDE_CBC_SHA, TLS_ECDH_RSA_WITH_3DES_EDE_CBC_SHA, SSL_DHE_RSA_WITH_3DES_EDE_CBC_SHA, SSL_DHE_DSS_WITH_3DES_EDE_CBC_SHA, TLS_ECDHE_ECDSA_WITH_RC4_128_SHA, TLS_ECDHE_RSA_WITH_RC4_128_SHA, SSL_RSA_WITH_RC4_128_SHA, TLS_ECDH_ECDSA_WITH_RC4_128_SHA, TLS_ECDH_RSA_WITH_RC4_128_SHA, SSL_RSA_WITH_RC4_128_MD5, TLS_EMPTY_RENEGOTIATION_INFO_SCSV]
02:20:37.786 [Test worker] DEBUG o.a.h.c.s.SSLConnectionSocketFactory - Starting handshake
02:20:37.864 [Test worker] DEBUG o.a.h.c.s.SSLConnectionSocketFactory - Secure session established
02:20:37.864 [Test worker] DEBUG o.a.h.c.s.SSLConnectionSocketFactory -  negotiated protocol: TLSv1
02:20:37.864 [Test worker] DEBUG o.a.h.c.s.SSLConnectionSocketFactory -  negotiated cipher suite: TLS_ECDHE_RSA_WITH_AES_128_CBC_SHA
02:20:37.865 [Test worker] DEBUG o.a.h.c.s.SSLConnectionSocketFactory -  peer principal: CN=Thesis
02:20:37.865 [Test worker] DEBUG o.a.h.c.s.SSLConnectionSocketFactory -  issuer principal: EMAILADDRESS=sha@yamil.com, CN=Thesis, OU=Open, O=Fra, L=BER, ST=BER, C=DE
02:20:37.865 [Test worker] DEBUG o.a.h.i.c.DefaultHttpClientConnectionOperator - Connection established 127.0.0.1:40884<->127.0.1.1:2376
02:20:37.865 [Test worker] DEBUG o.a.h.impl.execchain.MainClientExec - Executing request GET /networks HTTP/1.1
02:20:37.866 [Test worker] DEBUG o.a.h.impl.execchain.MainClientExec - Target auth state: UNCHALLENGED
02:20:37.866 [Test worker] DEBUG o.a.h.impl.execchain.MainClientExec - Proxy auth state: UNCHALLENGED
02:20:37.866 [Test worker] DEBUG org.apache.http.headers - http-outgoing-5 >> GET /networks HTTP/1.1
02:20:37.866 [Test worker] DEBUG org.apache.http.headers - http-outgoing-5 >> Accept: application/json
02:20:37.866 [Test worker] DEBUG org.apache.http.headers - http-outgoing-5 >> User-Agent: Jersey/2.23.1 (Apache HttpClient 4.5.1)
02:20:37.866 [Test worker] DEBUG org.apache.http.headers - http-outgoing-5 >> Host: Thesis:2376
02:20:37.867 [Test worker] DEBUG org.apache.http.headers - http-outgoing-5 >> Connection: Keep-Alive
02:20:37.867 [Test worker] DEBUG org.apache.http.headers - http-outgoing-5 >> Accept-Encoding: gzip,deflate
02:20:37.867 [Test worker] DEBUG org.apache.http.wire - http-outgoing-5 >> "GET /networks HTTP/1.1[\r][\n]"
02:20:37.867 [Test worker] DEBUG org.apache.http.wire - http-outgoing-5 >> "Accept: application/json[\r][\n]"
02:20:37.867 [Test worker] DEBUG org.apache.http.wire - http-outgoing-5 >> "User-Agent: Jersey/2.23.1 (Apache HttpClient 4.5.1)[\r][\n]"
02:20:37.867 [Test worker] DEBUG org.apache.http.wire - http-outgoing-5 >> "Host: Thesis:2376[\r][\n]"
02:20:37.868 [Test worker] DEBUG org.apache.http.wire - http-outgoing-5 >> "Connection: Keep-Alive[\r][\n]"
02:20:37.868 [Test worker] DEBUG org.apache.http.wire - http-outgoing-5 >> "Accept-Encoding: gzip,deflate[\r][\n]"
02:20:37.868 [Test worker] DEBUG org.apache.http.wire - http-outgoing-5 >> "[\r][\n]"
02:20:37.869 [Test worker] DEBUG org.apache.http.wire - http-outgoing-5 << "H"
02:20:37.869 [Test worker] DEBUG org.apache.http.wire - http-outgoing-5 << "TTP/1.1 200 OK[\r][\n]"
02:20:37.870 [Test worker] DEBUG org.apache.http.wire - http-outgoing-5 << "Content-Type: application/json[\r][\n]"
02:20:37.870 [Test worker] DEBUG org.apache.http.wire - http-outgoing-5 << "Server: Docker/1.12.3 (linux)[\r][\n]"
02:20:37.870 [Test worker] DEBUG org.apache.http.wire - http-outgoing-5 << "Date: Tue, 03 Jan 2017 01:20:37 GMT[\r][\n]"
02:20:37.870 [Test worker] DEBUG org.apache.http.wire - http-outgoing-5 << "Content-Length: 1411[\r][\n]"
02:20:37.870 [Test worker] DEBUG org.apache.http.wire - http-outgoing-5 << "[\r][\n]"
02:20:37.870 [Test worker] DEBUG org.apache.http.wire - http-outgoing-5 << "[{"Name":"host","Id":"fe042b0866671b5be4f097ba43830c0a02959c058702d18e18c14a24d88a357d","Scope":"local","Driver":"host","EnableIPv6":false,"IPAM":{"Driver":"default","Options":null,"Config":[]},"Internal":false,"Containers":{},"Options":{},"Labels":{}},{"Name":"MyNetwork","Id":"7e1e5a4ea25a4e23a282b975a313f5f8de242a354fb1d3ca0371b9874fec20a8","Scope":"local","Driver":"bridge","EnableIPv6":false,"IPAM":{"Driver":"default","Options":null,"Config":[{"Subnet":"172.18.0.0/16","Gateway":"172.18.0.1/16"}]},"Internal":false,"Containers":{},"Options":{},"Labels":{}},{"Name":"none","Id":"4d89c194eb79cd2beb38458d10a1b98c74d6b8462af72afde29ae7aca53ed5ca","Scope":"local","Driver":"null","EnableIPv6":false,"IPAM":{"Driver":"default","Options":null,"Config":[]},"Internal":false,"Containers":{},"Options":{},"Labels":{}},{"Name":"bridge","Id":"e0d36057aa1769e9fd52ba88be81b698b495f9b6b4946d0f98f24d971a27fc98","Scope":"local","Driver":"bridge","EnableIPv6":false,"IPAM":{"Driver":"default","Options":null,"Config":[{"Subnet":"172.17.0.0/16","Gateway":"172.17.0.1"}]},"Internal":false,"Containers":{},"Options":{"com.docker.network.bridge.default_bridge":"true","com.docker.network.bridge.enable_icc":"true","com.docker.network.bridge.enable_ip_masquerade":"true","com.docker.network.bridge.host_binding_ipv4":"0.0.0.0","com.docker.network.bridge.name":"docker0","com.docker.network.driver.mtu":"1500"},"Labels":{}}][\n]"
02:20:37.871 [Test worker] DEBUG org.apache.http.headers - http-outgoing-5 << HTTP/1.1 200 OK
02:20:37.871 [Test worker] DEBUG org.apache.http.headers - http-outgoing-5 << Content-Type: application/json
02:20:37.871 [Test worker] DEBUG org.apache.http.headers - http-outgoing-5 << Server: Docker/1.12.3 (linux)
02:20:37.871 [Test worker] DEBUG org.apache.http.headers - http-outgoing-5 << Date: Tue, 03 Jan 2017 01:20:37 GMT
02:20:37.871 [Test worker] DEBUG org.apache.http.headers - http-outgoing-5 << Content-Length: 1411
02:20:37.872 [Test worker] DEBUG o.a.h.impl.execchain.MainClientExec - Connection can be kept alive indefinitely
02:20:37.872 [Test worker] DEBUG c.g.d.j.JerseyDockerCmdExecFactory - 12 * Client response received on thread Test worker
12 < 200
12 < Content-Length: 1411
12 < Content-Type: application/json
12 < Date: Tue, 03 Jan 2017 01:20:37 GMT
12 < Server: Docker/1.12.3 (linux)
[{"Name":"host","Id":"fe042b0866671b5be4f097ba43830c0a02959c058702d18e18c14a24d88a357d","Scope":"local","Driver":"host","EnableIPv6":false,"IPAM":{"Driver":"default","Options":null,"Config":[]},"Internal":false,"Containers":{},"Options":{},"Labels":{}},{"Name":"MyNetwork","Id":"7e1e5a4ea25a4e23a282b975a313f5f8de242a354fb1d3ca0371b9874fec20a8","Scope":"local","Driver":"bridge","EnableIPv6":false,"IPAM":{"Driver":"default","Options":null,"Config":[{"Subnet":"172.18.0.0/16","Gateway":"172.18.0.1/16"}]},"Internal":false,"Containers":{},"Options":{},"Labels":{}},{"Name":"none","Id":"4d89c194eb79cd2beb38458d10a1b98c74d6b8462af72afde29ae7aca53ed5ca","Scope":"local","Driver":"null","EnableIPv6":false,"IPAM":{"Driver":"default","Options":null,"Config":[]},"Internal":false,"Containers":{},"Options":{},"Labels":{}},{"Name":"bridge","Id":"e0d36057aa1769e9fd52ba88be81b698b495f9b6b4946d0f98f24d971a27fc98","Scope":"local","Driver":"bridge","EnableIPv6":false,"IPAM":{"Driver":"default","Options":null,"Config":[{"Subnet":"172.17.0.0/16","Gateway":"172.17.0.1"}]},"Internal":false,"Containers":{},"Options":{"com.docker.network.bridge.default_bridge":"true","com.docker.network.bridge.enable_icc":"true","com.docker.network.bridge.enable_ip_masquerade":"true","com.docker.network.bridge.host_binding_ipv4":"0.0.0.0","com.docker.network.bridge.name":"docker0","com.docker.network.driver.mtu":"1500"},"Labels":{}}]


02:20:37.874 [Test worker] DEBUG o.a.h.i.c.DefaultManagedHttpClientConnection - http-outgoing-5: Close connection
02:20:37.874 [Test worker] DEBUG o.a.h.impl.execchain.MainClientExec - Connection discarded
02:20:37.875 [Test worker] DEBUG c.g.d.j.JerseyDockerCmdExecFactory$1 - Connection released: [id: 5][route: {s}->https://Thesis:2376][total kept alive: 1; route allocated: 1 of 2; total allocated: 1 of 20]
02:20:37.875 [Test worker] DEBUG org.openbaton.docker.DockerVim - Found a docker network, transformed into a NFV network Network{id='7e1e5a4ea25a4e23a282b975a313f5f8de242a354fb1d3ca0371b9874fec20a8', name='MyNetwork', extId='null', external=false, shared=false, subnets=[Subnet{id='null', version=0, name='bridge', extId='null', networkId='172.18.0.0/16', cidr='null', gatewayIp='172.18.0.1/16'}]}
02:20:37.876 [Test worker] DEBUG c.g.d.core.command.AbstrDockerCmd - Cmd: 7e1e5a4ea25a4e23a282b975a313f5f8de242a354fb1d3ca0371b9874fec20a8,com.github.dockerjava.jaxrs.RemoveNetworkCmdExec@381fd5f4
02:20:37.877 [Test worker] DEBUG c.g.d.j.JerseyDockerCmdExecFactory - 13 * Sending client request on thread Test worker
13 > DELETE https://Thesis:2376/networks/7e1e5a4ea25a4e23a282b975a313f5f8de242a354fb1d3ca0371b9874fec20a8
13 > Accept: application/json

02:20:37.878 [Test worker] DEBUG o.a.h.c.protocol.RequestAddCookies - CookieSpec selected: default
02:20:37.878 [Test worker] DEBUG o.a.h.c.protocol.RequestAuthCache - Auth cache not set in the context
02:20:37.879 [Test worker] DEBUG c.g.d.j.JerseyDockerCmdExecFactory$1 - Connection request: [route: {s}->https://Thesis:2376][total kept alive: 1; route allocated: 1 of 2; total allocated: 1 of 20]
02:20:37.879 [Test worker] DEBUG c.g.d.j.JerseyDockerCmdExecFactory$1 - Connection leased: [id: 6][route: {s}->https://Thesis:2376][total kept alive: 1; route allocated: 2 of 2; total allocated: 2 of 20]
02:20:37.879 [Test worker] DEBUG o.a.h.impl.execchain.MainClientExec - Opening connection {s}->https://Thesis:2376
02:20:37.880 [Test worker] DEBUG o.a.h.i.c.DefaultHttpClientConnectionOperator - Connecting to Thesis/127.0.1.1:2376
02:20:37.880 [Test worker] DEBUG o.a.h.c.s.SSLConnectionSocketFactory - Connecting socket to Thesis/127.0.1.1:2376 with timeout 0
02:20:37.882 [Test worker] DEBUG o.a.h.c.s.SSLConnectionSocketFactory - Enabled protocols: [TLSv1]
02:20:37.882 [Test worker] DEBUG o.a.h.c.s.SSLConnectionSocketFactory - Enabled cipher suites:[TLS_ECDHE_ECDSA_WITH_AES_128_CBC_SHA, TLS_ECDHE_RSA_WITH_AES_128_CBC_SHA, TLS_RSA_WITH_AES_128_CBC_SHA, TLS_ECDH_ECDSA_WITH_AES_128_CBC_SHA, TLS_ECDH_RSA_WITH_AES_128_CBC_SHA, TLS_DHE_RSA_WITH_AES_128_CBC_SHA, TLS_DHE_DSS_WITH_AES_128_CBC_SHA, TLS_ECDHE_ECDSA_WITH_3DES_EDE_CBC_SHA, TLS_ECDHE_RSA_WITH_3DES_EDE_CBC_SHA, SSL_RSA_WITH_3DES_EDE_CBC_SHA, TLS_ECDH_ECDSA_WITH_3DES_EDE_CBC_SHA, TLS_ECDH_RSA_WITH_3DES_EDE_CBC_SHA, SSL_DHE_RSA_WITH_3DES_EDE_CBC_SHA, SSL_DHE_DSS_WITH_3DES_EDE_CBC_SHA, TLS_ECDHE_ECDSA_WITH_RC4_128_SHA, TLS_ECDHE_RSA_WITH_RC4_128_SHA, SSL_RSA_WITH_RC4_128_SHA, TLS_ECDH_ECDSA_WITH_RC4_128_SHA, TLS_ECDH_RSA_WITH_RC4_128_SHA, SSL_RSA_WITH_RC4_128_MD5, TLS_EMPTY_RENEGOTIATION_INFO_SCSV]
02:20:37.882 [Test worker] DEBUG o.a.h.c.s.SSLConnectionSocketFactory - Starting handshake
02:20:37.980 [Test worker] DEBUG o.a.h.c.s.SSLConnectionSocketFactory - Secure session established
02:20:37.980 [Test worker] DEBUG o.a.h.c.s.SSLConnectionSocketFactory -  negotiated protocol: TLSv1
02:20:37.980 [Test worker] DEBUG o.a.h.c.s.SSLConnectionSocketFactory -  negotiated cipher suite: TLS_ECDHE_RSA_WITH_AES_128_CBC_SHA
02:20:37.980 [Test worker] DEBUG o.a.h.c.s.SSLConnectionSocketFactory -  peer principal: CN=Thesis
02:20:37.980 [Test worker] DEBUG o.a.h.c.s.SSLConnectionSocketFactory -  issuer principal: EMAILADDRESS=sha@yamil.com, CN=Thesis, OU=Open, O=Fra, L=BER, ST=BER, C=DE
02:20:37.981 [Test worker] DEBUG o.a.h.i.c.DefaultHttpClientConnectionOperator - Connection established 127.0.0.1:40886<->127.0.1.1:2376
02:20:37.981 [Test worker] DEBUG o.a.h.impl.execchain.MainClientExec - Executing request DELETE /networks/7e1e5a4ea25a4e23a282b975a313f5f8de242a354fb1d3ca0371b9874fec20a8 HTTP/1.1
02:20:37.981 [Test worker] DEBUG o.a.h.impl.execchain.MainClientExec - Target auth state: UNCHALLENGED
02:20:37.981 [Test worker] DEBUG o.a.h.impl.execchain.MainClientExec - Proxy auth state: UNCHALLENGED
02:20:37.982 [Test worker] DEBUG org.apache.http.headers - http-outgoing-6 >> DELETE /networks/7e1e5a4ea25a4e23a282b975a313f5f8de242a354fb1d3ca0371b9874fec20a8 HTTP/1.1
02:20:37.982 [Test worker] DEBUG org.apache.http.headers - http-outgoing-6 >> Accept: application/json
02:20:37.982 [Test worker] DEBUG org.apache.http.headers - http-outgoing-6 >> User-Agent: Jersey/2.23.1 (Apache HttpClient 4.5.1)
02:20:37.982 [Test worker] DEBUG org.apache.http.headers - http-outgoing-6 >> Host: Thesis:2376
02:20:37.982 [Test worker] DEBUG org.apache.http.headers - http-outgoing-6 >> Connection: Keep-Alive
02:20:37.982 [Test worker] DEBUG org.apache.http.headers - http-outgoing-6 >> Accept-Encoding: gzip,deflate
02:20:37.983 [Test worker] DEBUG org.apache.http.wire - http-outgoing-6 >> "DELETE /networks/7e1e5a4ea25a4e23a282b975a313f5f8de242a354fb1d3ca0371b9874fec20a8 HTTP/1.1[\r][\n]"
02:20:37.983 [Test worker] DEBUG org.apache.http.wire - http-outgoing-6 >> "Accept: application/json[\r][\n]"
02:20:37.983 [Test worker] DEBUG org.apache.http.wire - http-outgoing-6 >> "User-Agent: Jersey/2.23.1 (Apache HttpClient 4.5.1)[\r][\n]"
02:20:37.983 [Test worker] DEBUG org.apache.http.wire - http-outgoing-6 >> "Host: Thesis:2376[\r][\n]"
02:20:37.983 [Test worker] DEBUG org.apache.http.wire - http-outgoing-6 >> "Connection: Keep-Alive[\r][\n]"
02:20:37.983 [Test worker] DEBUG org.apache.http.wire - http-outgoing-6 >> "Accept-Encoding: gzip,deflate[\r][\n]"
02:20:37.984 [Test worker] DEBUG org.apache.http.wire - http-outgoing-6 >> "[\r][\n]"
02:20:38.089 [Test worker] DEBUG org.apache.http.wire - http-outgoing-6 << "H"
02:20:38.089 [Test worker] DEBUG org.apache.http.wire - http-outgoing-6 << "TTP/1.1 204 No Content[\r][\n]"
02:20:38.090 [Test worker] DEBUG org.apache.http.wire - http-outgoing-6 << "Server: Docker/1.12.3 (linux)[\r][\n]"
02:20:38.090 [Test worker] DEBUG org.apache.http.wire - http-outgoing-6 << "Date: Tue, 03 Jan 2017 01:20:38 GMT[\r][\n]"
02:20:38.090 [Test worker] DEBUG org.apache.http.wire - http-outgoing-6 << "[\r][\n]"
02:20:38.090 [Test worker] DEBUG org.apache.http.headers - http-outgoing-6 << HTTP/1.1 204 No Content
02:20:38.090 [Test worker] DEBUG org.apache.http.headers - http-outgoing-6 << Server: Docker/1.12.3 (linux)
02:20:38.090 [Test worker] DEBUG org.apache.http.headers - http-outgoing-6 << Date: Tue, 03 Jan 2017 01:20:38 GMT
02:20:38.090 [Test worker] DEBUG o.a.h.impl.execchain.MainClientExec - Connection can be kept alive indefinitely
02:20:38.090 [Test worker] DEBUG c.g.d.j.JerseyDockerCmdExecFactory$1 - Connection [id: 6][route: {s}->https://Thesis:2376][state: CN=Thesis] can be kept alive indefinitely
02:20:38.090 [Test worker] DEBUG c.g.d.j.JerseyDockerCmdExecFactory$1 - Connection released: [id: 6][route: {s}->https://Thesis:2376][state: CN=Thesis][total kept alive: 2; route allocated: 2 of 2; total allocated: 2 of 20]
02:20:38.090 [Test worker] DEBUG c.g.d.j.JerseyDockerCmdExecFactory - 14 * Client response received on thread Test worker
14 < 204
14 < Date: Tue, 03 Jan 2017 01:20:38 GMT
14 < Server: Docker/1.12.3 (linux)

02:20:38.091 [Test worker] INFO  org.openbaton.docker.DockerVim - Network '7e1e5a4ea25a4e23a282b975a313f5f8de242a354fb1d3ca0371b9874fec20a8' deleted successfully
02:20:38.091 [Test worker] DEBUG c.g.d.core.command.AbstrDockerCmd - Cmd: com.github.dockerjava.core.util.FiltersBuilder@0,com.github.dockerjava.jaxrs.ListNetworksCmdExec@35ea67e3
02:20:38.092 [Test worker] DEBUG c.g.d.j.JerseyDockerCmdExecFactory - 15 * Sending client request on thread Test worker
15 > GET https://Thesis:2376/networks
15 > Accept: application/json

02:20:38.092 [Test worker] DEBUG o.a.h.c.protocol.RequestAddCookies - CookieSpec selected: default
02:20:38.092 [Test worker] DEBUG o.a.h.c.protocol.RequestAuthCache - Auth cache not set in the context
02:20:38.092 [Test worker] DEBUG c.g.d.j.JerseyDockerCmdExecFactory$1 - Connection request: [route: {s}->https://Thesis:2376][total kept alive: 2; route allocated: 2 of 2; total allocated: 2 of 20]
02:20:38.092 [Test worker] DEBUG o.a.h.i.c.DefaultManagedHttpClientConnection - http-outgoing-0: Close connection
02:20:38.092 [Test worker] DEBUG c.g.d.j.JerseyDockerCmdExecFactory$1 - Connection leased: [id: 7][route: {s}->https://Thesis:2376][total kept alive: 1; route allocated: 2 of 2; total allocated: 2 of 20]
02:20:38.093 [Test worker] DEBUG o.a.h.impl.execchain.MainClientExec - Opening connection {s}->https://Thesis:2376
02:20:38.093 [Test worker] DEBUG o.a.h.i.c.DefaultHttpClientConnectionOperator - Connecting to Thesis/127.0.1.1:2376
02:20:38.093 [Test worker] DEBUG o.a.h.c.s.SSLConnectionSocketFactory - Connecting socket to Thesis/127.0.1.1:2376 with timeout 0
02:20:38.097 [Test worker] DEBUG o.a.h.c.s.SSLConnectionSocketFactory - Enabled protocols: [TLSv1]
02:20:38.097 [Test worker] DEBUG o.a.h.c.s.SSLConnectionSocketFactory - Enabled cipher suites:[TLS_ECDHE_ECDSA_WITH_AES_128_CBC_SHA, TLS_ECDHE_RSA_WITH_AES_128_CBC_SHA, TLS_RSA_WITH_AES_128_CBC_SHA, TLS_ECDH_ECDSA_WITH_AES_128_CBC_SHA, TLS_ECDH_RSA_WITH_AES_128_CBC_SHA, TLS_DHE_RSA_WITH_AES_128_CBC_SHA, TLS_DHE_DSS_WITH_AES_128_CBC_SHA, TLS_ECDHE_ECDSA_WITH_3DES_EDE_CBC_SHA, TLS_ECDHE_RSA_WITH_3DES_EDE_CBC_SHA, SSL_RSA_WITH_3DES_EDE_CBC_SHA, TLS_ECDH_ECDSA_WITH_3DES_EDE_CBC_SHA, TLS_ECDH_RSA_WITH_3DES_EDE_CBC_SHA, SSL_DHE_RSA_WITH_3DES_EDE_CBC_SHA, SSL_DHE_DSS_WITH_3DES_EDE_CBC_SHA, TLS_ECDHE_ECDSA_WITH_RC4_128_SHA, TLS_ECDHE_RSA_WITH_RC4_128_SHA, SSL_RSA_WITH_RC4_128_SHA, TLS_ECDH_ECDSA_WITH_RC4_128_SHA, TLS_ECDH_RSA_WITH_RC4_128_SHA, SSL_RSA_WITH_RC4_128_MD5, TLS_EMPTY_RENEGOTIATION_INFO_SCSV]
02:20:38.097 [Test worker] DEBUG o.a.h.c.s.SSLConnectionSocketFactory - Starting handshake
02:20:38.178 [Test worker] DEBUG o.a.h.c.s.SSLConnectionSocketFactory - Secure session established
02:20:38.178 [Test worker] DEBUG o.a.h.c.s.SSLConnectionSocketFactory -  negotiated protocol: TLSv1
02:20:38.178 [Test worker] DEBUG o.a.h.c.s.SSLConnectionSocketFactory -  negotiated cipher suite: TLS_ECDHE_RSA_WITH_AES_128_CBC_SHA
02:20:38.178 [Test worker] DEBUG o.a.h.c.s.SSLConnectionSocketFactory -  peer principal: CN=Thesis
02:20:38.179 [Test worker] DEBUG o.a.h.c.s.SSLConnectionSocketFactory -  issuer principal: EMAILADDRESS=sha@yamil.com, CN=Thesis, OU=Open, O=Fra, L=BER, ST=BER, C=DE
02:20:38.179 [Test worker] DEBUG o.a.h.i.c.DefaultHttpClientConnectionOperator - Connection established 127.0.0.1:40888<->127.0.1.1:2376
02:20:38.179 [Test worker] DEBUG o.a.h.impl.execchain.MainClientExec - Executing request GET /networks HTTP/1.1
02:20:38.179 [Test worker] DEBUG o.a.h.impl.execchain.MainClientExec - Target auth state: UNCHALLENGED
02:20:38.180 [Test worker] DEBUG o.a.h.impl.execchain.MainClientExec - Proxy auth state: UNCHALLENGED
02:20:38.180 [Test worker] DEBUG org.apache.http.headers - http-outgoing-7 >> GET /networks HTTP/1.1
02:20:38.180 [Test worker] DEBUG org.apache.http.headers - http-outgoing-7 >> Accept: application/json
02:20:38.180 [Test worker] DEBUG org.apache.http.headers - http-outgoing-7 >> User-Agent: Jersey/2.23.1 (Apache HttpClient 4.5.1)
02:20:38.180 [Test worker] DEBUG org.apache.http.headers - http-outgoing-7 >> Host: Thesis:2376
02:20:38.181 [Test worker] DEBUG org.apache.http.headers - http-outgoing-7 >> Connection: Keep-Alive
02:20:38.181 [Test worker] DEBUG org.apache.http.headers - http-outgoing-7 >> Accept-Encoding: gzip,deflate
02:20:38.181 [Test worker] DEBUG org.apache.http.wire - http-outgoing-7 >> "GET /networks HTTP/1.1[\r][\n]"
02:20:38.181 [Test worker] DEBUG org.apache.http.wire - http-outgoing-7 >> "Accept: application/json[\r][\n]"
02:20:38.181 [Test worker] DEBUG org.apache.http.wire - http-outgoing-7 >> "User-Agent: Jersey/2.23.1 (Apache HttpClient 4.5.1)[\r][\n]"
02:20:38.181 [Test worker] DEBUG org.apache.http.wire - http-outgoing-7 >> "Host: Thesis:2376[\r][\n]"
02:20:38.182 [Test worker] DEBUG org.apache.http.wire - http-outgoing-7 >> "Connection: Keep-Alive[\r][\n]"
02:20:38.182 [Test worker] DEBUG org.apache.http.wire - http-outgoing-7 >> "Accept-Encoding: gzip,deflate[\r][\n]"
02:20:38.182 [Test worker] DEBUG org.apache.http.wire - http-outgoing-7 >> "[\r][\n]"
02:20:38.183 [Test worker] DEBUG org.apache.http.wire - http-outgoing-7 << "H"
02:20:38.183 [Test worker] DEBUG org.apache.http.wire - http-outgoing-7 << "TTP/1.1 200 OK[\r][\n]"
02:20:38.183 [Test worker] DEBUG org.apache.http.wire - http-outgoing-7 << "Content-Type: application/json[\r][\n]"
02:20:38.183 [Test worker] DEBUG org.apache.http.wire - http-outgoing-7 << "Server: Docker/1.12.3 (linux)[\r][\n]"
02:20:38.184 [Test worker] DEBUG org.apache.http.wire - http-outgoing-7 << "Date: Tue, 03 Jan 2017 01:20:38 GMT[\r][\n]"
02:20:38.184 [Test worker] DEBUG org.apache.http.wire - http-outgoing-7 << "Content-Length: 1100[\r][\n]"
02:20:38.184 [Test worker] DEBUG org.apache.http.wire - http-outgoing-7 << "[\r][\n]"
02:20:38.184 [Test worker] DEBUG org.apache.http.wire - http-outgoing-7 << "[{"Name":"none","Id":"4d89c194eb79cd2beb38458d10a1b98c74d6b8462af72afde29ae7aca53ed5ca","Scope":"local","Driver":"null","EnableIPv6":false,"IPAM":{"Driver":"default","Options":null,"Config":[]},"Internal":false,"Containers":{},"Options":{},"Labels":{}},{"Name":"bridge","Id":"e0d36057aa1769e9fd52ba88be81b698b495f9b6b4946d0f98f24d971a27fc98","Scope":"local","Driver":"bridge","EnableIPv6":false,"IPAM":{"Driver":"default","Options":null,"Config":[{"Subnet":"172.17.0.0/16","Gateway":"172.17.0.1"}]},"Internal":false,"Containers":{},"Options":{"com.docker.network.bridge.default_bridge":"true","com.docker.network.bridge.enable_icc":"true","com.docker.network.bridge.enable_ip_masquerade":"true","com.docker.network.bridge.host_binding_ipv4":"0.0.0.0","com.docker.network.bridge.name":"docker0","com.docker.network.driver.mtu":"1500"},"Labels":{}},{"Name":"host","Id":"fe042b0866671b5be4f097ba43830c0a02959c058702d18e18c14a24d88a357d","Scope":"local","Driver":"host","EnableIPv6":false,"IPAM":{"Driver":"default","Options":null,"Config":[]},"Internal":false,"Containers":{},"Options":{},"Labels":{}}][\n]"
02:20:38.184 [Test worker] DEBUG org.apache.http.headers - http-outgoing-7 << HTTP/1.1 200 OK
02:20:38.185 [Test worker] DEBUG org.apache.http.headers - http-outgoing-7 << Content-Type: application/json
02:20:38.185 [Test worker] DEBUG org.apache.http.headers - http-outgoing-7 << Server: Docker/1.12.3 (linux)
02:20:38.185 [Test worker] DEBUG org.apache.http.headers - http-outgoing-7 << Date: Tue, 03 Jan 2017 01:20:38 GMT
02:20:38.185 [Test worker] DEBUG org.apache.http.headers - http-outgoing-7 << Content-Length: 1100
02:20:38.185 [Test worker] DEBUG o.a.h.impl.execchain.MainClientExec - Connection can be kept alive indefinitely
02:20:38.186 [Test worker] DEBUG c.g.d.j.JerseyDockerCmdExecFactory - 16 * Client response received on thread Test worker
16 < 200
16 < Content-Length: 1100
16 < Content-Type: application/json
16 < Date: Tue, 03 Jan 2017 01:20:38 GMT
16 < Server: Docker/1.12.3 (linux)
[{"Name":"none","Id":"4d89c194eb79cd2beb38458d10a1b98c74d6b8462af72afde29ae7aca53ed5ca","Scope":"local","Driver":"null","EnableIPv6":false,"IPAM":{"Driver":"default","Options":null,"Config":[]},"Internal":false,"Containers":{},"Options":{},"Labels":{}},{"Name":"bridge","Id":"e0d36057aa1769e9fd52ba88be81b698b495f9b6b4946d0f98f24d971a27fc98","Scope":"local","Driver":"bridge","EnableIPv6":false,"IPAM":{"Driver":"default","Options":null,"Config":[{"Subnet":"172.17.0.0/16","Gateway":"172.17.0.1"}]},"Internal":false,"Containers":{},"Options":{"com.docker.network.bridge.default_bridge":"true","com.docker.network.bridge.enable_icc":"true","com.docker.network.bridge.enable_ip_masquerade":"true","com.docker.network.bridge.host_binding_ipv4":"0.0.0.0","com.docker.network.bridge.name":"docker0","com.docker.network.driver.mtu":"1500"},"Labels":{}},{"Name":"host","Id":"fe042b0866671b5be4f097ba43830c0a02959c058702d18e18c14a24d88a357d","Scope":"local","Driver":"host","EnableIPv6":false,"IPAM":{"Driver":"default","Options":null,"Config":[]},"Internal":false,"Containers":{},"Options":{},"Labels":{}}]


02:20:38.188 [Test worker] DEBUG o.a.h.i.c.DefaultManagedHttpClientConnection - http-outgoing-7: Close connection
02:20:38.188 [Test worker] DEBUG o.a.h.impl.execchain.MainClientExec - Connection discarded
02:20:38.188 [Test worker] DEBUG c.g.d.j.JerseyDockerCmdExecFactory$1 - Connection released: [id: 7][route: {s}->https://Thesis:2376][total kept alive: 1; route allocated: 1 of 2; total allocated: 1 of 20]
02:20:38.188 [Test worker] DEBUG c.g.d.core.command.AbstrDockerCmd - Cmd: -1,<null>,true,<null>,<null>,com.github.dockerjava.core.util.FiltersBuilder@0,com.github.dockerjava.jaxrs.ListContainersCmdExec@170150b
02:20:38.190 [Test worker] DEBUG c.g.d.j.JerseyDockerCmdExecFactory - 17 * Sending client request on thread Test worker
17 > GET https://Thesis:2376/containers/json?all=true
17 > Accept: application/json

02:20:38.191 [Test worker] DEBUG o.a.h.c.protocol.RequestAddCookies - CookieSpec selected: default
02:20:38.191 [Test worker] DEBUG o.a.h.c.protocol.RequestAuthCache - Auth cache not set in the context
02:20:38.191 [Test worker] DEBUG c.g.d.j.JerseyDockerCmdExecFactory$1 - Connection request: [route: {s}->https://Thesis:2376][total kept alive: 1; route allocated: 1 of 2; total allocated: 1 of 20]
02:20:38.191 [Test worker] DEBUG c.g.d.j.JerseyDockerCmdExecFactory$1 - Connection leased: [id: 8][route: {s}->https://Thesis:2376][total kept alive: 1; route allocated: 2 of 2; total allocated: 2 of 20]
02:20:38.192 [Test worker] DEBUG o.a.h.impl.execchain.MainClientExec - Opening connection {s}->https://Thesis:2376
02:20:38.192 [Test worker] DEBUG o.a.h.i.c.DefaultHttpClientConnectionOperator - Connecting to Thesis/127.0.1.1:2376
02:20:38.193 [Test worker] DEBUG o.a.h.c.s.SSLConnectionSocketFactory - Connecting socket to Thesis/127.0.1.1:2376 with timeout 0
02:20:38.197 [Test worker] DEBUG o.a.h.c.s.SSLConnectionSocketFactory - Enabled protocols: [TLSv1]
02:20:38.198 [Test worker] DEBUG o.a.h.c.s.SSLConnectionSocketFactory - Enabled cipher suites:[TLS_ECDHE_ECDSA_WITH_AES_128_CBC_SHA, TLS_ECDHE_RSA_WITH_AES_128_CBC_SHA, TLS_RSA_WITH_AES_128_CBC_SHA, TLS_ECDH_ECDSA_WITH_AES_128_CBC_SHA, TLS_ECDH_RSA_WITH_AES_128_CBC_SHA, TLS_DHE_RSA_WITH_AES_128_CBC_SHA, TLS_DHE_DSS_WITH_AES_128_CBC_SHA, TLS_ECDHE_ECDSA_WITH_3DES_EDE_CBC_SHA, TLS_ECDHE_RSA_WITH_3DES_EDE_CBC_SHA, SSL_RSA_WITH_3DES_EDE_CBC_SHA, TLS_ECDH_ECDSA_WITH_3DES_EDE_CBC_SHA, TLS_ECDH_RSA_WITH_3DES_EDE_CBC_SHA, SSL_DHE_RSA_WITH_3DES_EDE_CBC_SHA, SSL_DHE_DSS_WITH_3DES_EDE_CBC_SHA, TLS_ECDHE_ECDSA_WITH_RC4_128_SHA, TLS_ECDHE_RSA_WITH_RC4_128_SHA, SSL_RSA_WITH_RC4_128_SHA, TLS_ECDH_ECDSA_WITH_RC4_128_SHA, TLS_ECDH_RSA_WITH_RC4_128_SHA, SSL_RSA_WITH_RC4_128_MD5, TLS_EMPTY_RENEGOTIATION_INFO_SCSV]
02:20:38.198 [Test worker] DEBUG o.a.h.c.s.SSLConnectionSocketFactory - Starting handshake
02:20:38.266 [Test worker] DEBUG o.a.h.c.s.SSLConnectionSocketFactory - Secure session established
02:20:38.266 [Test worker] DEBUG o.a.h.c.s.SSLConnectionSocketFactory -  negotiated protocol: TLSv1
02:20:38.266 [Test worker] DEBUG o.a.h.c.s.SSLConnectionSocketFactory -  negotiated cipher suite: TLS_ECDHE_RSA_WITH_AES_128_CBC_SHA
02:20:38.267 [Test worker] DEBUG o.a.h.c.s.SSLConnectionSocketFactory -  peer principal: CN=Thesis
02:20:38.267 [Test worker] DEBUG o.a.h.c.s.SSLConnectionSocketFactory -  issuer principal: EMAILADDRESS=sha@yamil.com, CN=Thesis, OU=Open, O=Fra, L=BER, ST=BER, C=DE
02:20:38.267 [Test worker] DEBUG o.a.h.i.c.DefaultHttpClientConnectionOperator - Connection established 127.0.0.1:40890<->127.0.1.1:2376
02:20:38.267 [Test worker] DEBUG o.a.h.impl.execchain.MainClientExec - Executing request GET /containers/json?all=true HTTP/1.1
02:20:38.268 [Test worker] DEBUG o.a.h.impl.execchain.MainClientExec - Target auth state: UNCHALLENGED
02:20:38.268 [Test worker] DEBUG o.a.h.impl.execchain.MainClientExec - Proxy auth state: UNCHALLENGED
02:20:38.268 [Test worker] DEBUG org.apache.http.headers - http-outgoing-8 >> GET /containers/json?all=true HTTP/1.1
02:20:38.268 [Test worker] DEBUG org.apache.http.headers - http-outgoing-8 >> Accept: application/json
02:20:38.268 [Test worker] DEBUG org.apache.http.headers - http-outgoing-8 >> User-Agent: Jersey/2.23.1 (Apache HttpClient 4.5.1)
02:20:38.269 [Test worker] DEBUG org.apache.http.headers - http-outgoing-8 >> Host: Thesis:2376
02:20:38.269 [Test worker] DEBUG org.apache.http.headers - http-outgoing-8 >> Connection: Keep-Alive
02:20:38.269 [Test worker] DEBUG org.apache.http.headers - http-outgoing-8 >> Accept-Encoding: gzip,deflate
02:20:38.269 [Test worker] DEBUG org.apache.http.wire - http-outgoing-8 >> "GET /containers/json?all=true HTTP/1.1[\r][\n]"
02:20:38.269 [Test worker] DEBUG org.apache.http.wire - http-outgoing-8 >> "Accept: application/json[\r][\n]"
02:20:38.270 [Test worker] DEBUG org.apache.http.wire - http-outgoing-8 >> "User-Agent: Jersey/2.23.1 (Apache HttpClient 4.5.1)[\r][\n]"
02:20:38.270 [Test worker] DEBUG org.apache.http.wire - http-outgoing-8 >> "Host: Thesis:2376[\r][\n]"
02:20:38.270 [Test worker] DEBUG org.apache.http.wire - http-outgoing-8 >> "Connection: Keep-Alive[\r][\n]"
02:20:38.270 [Test worker] DEBUG org.apache.http.wire - http-outgoing-8 >> "Accept-Encoding: gzip,deflate[\r][\n]"
02:20:38.270 [Test worker] DEBUG org.apache.http.wire - http-outgoing-8 >> "[\r][\n]"
02:20:38.271 [Test worker] DEBUG org.apache.http.wire - http-outgoing-8 << "H"
02:20:38.271 [Test worker] DEBUG org.apache.http.wire - http-outgoing-8 << "TTP/1.1 200 OK[\r][\n]"
02:20:38.271 [Test worker] DEBUG org.apache.http.wire - http-outgoing-8 << "Content-Type: application/json[\r][\n]"
02:20:38.271 [Test worker] DEBUG org.apache.http.wire - http-outgoing-8 << "Server: Docker/1.12.3 (linux)[\r][\n]"
02:20:38.272 [Test worker] DEBUG org.apache.http.wire - http-outgoing-8 << "Date: Tue, 03 Jan 2017 01:20:38 GMT[\r][\n]"
02:20:38.272 [Test worker] DEBUG org.apache.http.wire - http-outgoing-8 << "Content-Length: 3[\r][\n]"
02:20:38.272 [Test worker] DEBUG org.apache.http.wire - http-outgoing-8 << "[\r][\n]"
02:20:38.272 [Test worker] DEBUG org.apache.http.wire - http-outgoing-8 << "[][\n]"
02:20:38.273 [Test worker] DEBUG org.apache.http.headers - http-outgoing-8 << HTTP/1.1 200 OK
02:20:38.273 [Test worker] DEBUG org.apache.http.headers - http-outgoing-8 << Content-Type: application/json
02:20:38.273 [Test worker] DEBUG org.apache.http.headers - http-outgoing-8 << Server: Docker/1.12.3 (linux)
02:20:38.273 [Test worker] DEBUG org.apache.http.headers - http-outgoing-8 << Date: Tue, 03 Jan 2017 01:20:38 GMT
02:20:38.273 [Test worker] DEBUG org.apache.http.headers - http-outgoing-8 << Content-Length: 3
02:20:38.273 [Test worker] DEBUG o.a.h.impl.execchain.MainClientExec - Connection can be kept alive indefinitely
02:20:38.274 [Test worker] DEBUG c.g.d.j.JerseyDockerCmdExecFactory - 18 * Client response received on thread Test worker
18 < 200
18 < Content-Length: 3
18 < Content-Type: application/json
18 < Date: Tue, 03 Jan 2017 01:20:38 GMT
18 < Server: Docker/1.12.3 (linux)
[]


02:20:38.275 [Test worker] DEBUG c.g.d.j.JerseyDockerCmdExecFactory$1 - Connection [id: 8][route: {s}->https://Thesis:2376][state: CN=Thesis] can be kept alive indefinitely
02:20:38.276 [Test worker] DEBUG c.g.d.j.JerseyDockerCmdExecFactory$1 - Connection released: [id: 8][route: {s}->https://Thesis:2376][state: CN=Thesis][total kept alive: 2; route allocated: 2 of 2; total allocated: 2 of 20]
02:20:38.276 [Test worker] DEBUG c.g.d.core.command.AbstrDockerCmd - Cmd: com.github.dockerjava.core.util.FiltersBuilder@0,com.github.dockerjava.jaxrs.ListNetworksCmdExec@5ccfc9f7
02:20:38.277 [Test worker] DEBUG c.g.d.j.JerseyDockerCmdExecFactory - 19 * Sending client request on thread Test worker
19 > GET https://Thesis:2376/networks
19 > Accept: application/json

02:20:38.277 [Test worker] DEBUG o.a.h.c.protocol.RequestAddCookies - CookieSpec selected: default
02:20:38.278 [Test worker] DEBUG o.a.h.c.protocol.RequestAuthCache - Auth cache not set in the context
02:20:38.278 [Test worker] DEBUG c.g.d.j.JerseyDockerCmdExecFactory$1 - Connection request: [route: {s}->https://Thesis:2376][total kept alive: 2; route allocated: 2 of 2; total allocated: 2 of 20]
02:20:38.278 [Test worker] DEBUG o.a.h.i.c.DefaultManagedHttpClientConnection - http-outgoing-6: Close connection
02:20:38.278 [Test worker] DEBUG c.g.d.j.JerseyDockerCmdExecFactory$1 - Connection leased: [id: 9][route: {s}->https://Thesis:2376][total kept alive: 1; route allocated: 2 of 2; total allocated: 2 of 20]
02:20:38.279 [Test worker] DEBUG o.a.h.impl.execchain.MainClientExec - Opening connection {s}->https://Thesis:2376
02:20:38.279 [Test worker] DEBUG o.a.h.i.c.DefaultHttpClientConnectionOperator - Connecting to Thesis/127.0.1.1:2376
02:20:38.279 [Test worker] DEBUG o.a.h.c.s.SSLConnectionSocketFactory - Connecting socket to Thesis/127.0.1.1:2376 with timeout 0
02:20:38.286 [Test worker] DEBUG o.a.h.c.s.SSLConnectionSocketFactory - Enabled protocols: [TLSv1]
02:20:38.286 [Test worker] DEBUG o.a.h.c.s.SSLConnectionSocketFactory - Enabled cipher suites:[TLS_ECDHE_ECDSA_WITH_AES_128_CBC_SHA, TLS_ECDHE_RSA_WITH_AES_128_CBC_SHA, TLS_RSA_WITH_AES_128_CBC_SHA, TLS_ECDH_ECDSA_WITH_AES_128_CBC_SHA, TLS_ECDH_RSA_WITH_AES_128_CBC_SHA, TLS_DHE_RSA_WITH_AES_128_CBC_SHA, TLS_DHE_DSS_WITH_AES_128_CBC_SHA, TLS_ECDHE_ECDSA_WITH_3DES_EDE_CBC_SHA, TLS_ECDHE_RSA_WITH_3DES_EDE_CBC_SHA, SSL_RSA_WITH_3DES_EDE_CBC_SHA, TLS_ECDH_ECDSA_WITH_3DES_EDE_CBC_SHA, TLS_ECDH_RSA_WITH_3DES_EDE_CBC_SHA, SSL_DHE_RSA_WITH_3DES_EDE_CBC_SHA, SSL_DHE_DSS_WITH_3DES_EDE_CBC_SHA, TLS_ECDHE_ECDSA_WITH_RC4_128_SHA, TLS_ECDHE_RSA_WITH_RC4_128_SHA, SSL_RSA_WITH_RC4_128_SHA, TLS_ECDH_ECDSA_WITH_RC4_128_SHA, TLS_ECDH_RSA_WITH_RC4_128_SHA, SSL_RSA_WITH_RC4_128_MD5, TLS_EMPTY_RENEGOTIATION_INFO_SCSV]
02:20:38.286 [Test worker] DEBUG o.a.h.c.s.SSLConnectionSocketFactory - Starting handshake
02:20:38.357 [Test worker] DEBUG o.a.h.c.s.SSLConnectionSocketFactory - Secure session established
02:20:38.358 [Test worker] DEBUG o.a.h.c.s.SSLConnectionSocketFactory -  negotiated protocol: TLSv1
02:20:38.358 [Test worker] DEBUG o.a.h.c.s.SSLConnectionSocketFactory -  negotiated cipher suite: TLS_ECDHE_RSA_WITH_AES_128_CBC_SHA
02:20:38.358 [Test worker] DEBUG o.a.h.c.s.SSLConnectionSocketFactory -  peer principal: CN=Thesis
02:20:38.358 [Test worker] DEBUG o.a.h.c.s.SSLConnectionSocketFactory -  issuer principal: EMAILADDRESS=sha@yamil.com, CN=Thesis, OU=Open, O=Fra, L=BER, ST=BER, C=DE
02:20:38.359 [Test worker] DEBUG o.a.h.i.c.DefaultHttpClientConnectionOperator - Connection established 127.0.0.1:40892<->127.0.1.1:2376
02:20:38.360 [Test worker] DEBUG o.a.h.impl.execchain.MainClientExec - Executing request GET /networks HTTP/1.1
02:20:38.360 [Test worker] DEBUG o.a.h.impl.execchain.MainClientExec - Target auth state: UNCHALLENGED
02:20:38.360 [Test worker] DEBUG o.a.h.impl.execchain.MainClientExec - Proxy auth state: UNCHALLENGED
02:20:38.360 [Test worker] DEBUG org.apache.http.headers - http-outgoing-9 >> GET /networks HTTP/1.1
02:20:38.360 [Test worker] DEBUG org.apache.http.headers - http-outgoing-9 >> Accept: application/json
02:20:38.360 [Test worker] DEBUG org.apache.http.headers - http-outgoing-9 >> User-Agent: Jersey/2.23.1 (Apache HttpClient 4.5.1)
02:20:38.361 [Test worker] DEBUG org.apache.http.headers - http-outgoing-9 >> Host: Thesis:2376
02:20:38.361 [Test worker] DEBUG org.apache.http.headers - http-outgoing-9 >> Connection: Keep-Alive
02:20:38.361 [Test worker] DEBUG org.apache.http.headers - http-outgoing-9 >> Accept-Encoding: gzip,deflate
02:20:38.361 [Test worker] DEBUG org.apache.http.wire - http-outgoing-9 >> "GET /networks HTTP/1.1[\r][\n]"
02:20:38.361 [Test worker] DEBUG org.apache.http.wire - http-outgoing-9 >> "Accept: application/json[\r][\n]"
02:20:38.362 [Test worker] DEBUG org.apache.http.wire - http-outgoing-9 >> "User-Agent: Jersey/2.23.1 (Apache HttpClient 4.5.1)[\r][\n]"
02:20:38.362 [Test worker] DEBUG org.apache.http.wire - http-outgoing-9 >> "Host: Thesis:2376[\r][\n]"
02:20:38.362 [Test worker] DEBUG org.apache.http.wire - http-outgoing-9 >> "Connection: Keep-Alive[\r][\n]"
02:20:38.362 [Test worker] DEBUG org.apache.http.wire - http-outgoing-9 >> "Accept-Encoding: gzip,deflate[\r][\n]"
02:20:38.362 [Test worker] DEBUG org.apache.http.wire - http-outgoing-9 >> "[\r][\n]"
02:20:38.363 [Test worker] DEBUG org.apache.http.wire - http-outgoing-9 << "H"
02:20:38.363 [Test worker] DEBUG org.apache.http.wire - http-outgoing-9 << "TTP/1.1 200 OK[\r][\n]"
02:20:38.363 [Test worker] DEBUG org.apache.http.wire - http-outgoing-9 << "Content-Type: application/json[\r][\n]"
02:20:38.364 [Test worker] DEBUG org.apache.http.wire - http-outgoing-9 << "Server: Docker/1.12.3 (linux)[\r][\n]"
02:20:38.364 [Test worker] DEBUG org.apache.http.wire - http-outgoing-9 << "Date: Tue, 03 Jan 2017 01:20:38 GMT[\r][\n]"
02:20:38.364 [Test worker] DEBUG org.apache.http.wire - http-outgoing-9 << "Content-Length: 1100[\r][\n]"
02:20:38.364 [Test worker] DEBUG org.apache.http.wire - http-outgoing-9 << "[\r][\n]"
02:20:38.364 [Test worker] DEBUG org.apache.http.wire - http-outgoing-9 << "[{"Name":"none","Id":"4d89c194eb79cd2beb38458d10a1b98c74d6b8462af72afde29ae7aca53ed5ca","Scope":"local","Driver":"null","EnableIPv6":false,"IPAM":{"Driver":"default","Options":null,"Config":[]},"Internal":false,"Containers":{},"Options":{},"Labels":{}},{"Name":"bridge","Id":"e0d36057aa1769e9fd52ba88be81b698b495f9b6b4946d0f98f24d971a27fc98","Scope":"local","Driver":"bridge","EnableIPv6":false,"IPAM":{"Driver":"default","Options":null,"Config":[{"Subnet":"172.17.0.0/16","Gateway":"172.17.0.1"}]},"Internal":false,"Containers":{},"Options":{"com.docker.network.bridge.default_bridge":"true","com.docker.network.bridge.enable_icc":"true","com.docker.network.bridge.enable_ip_masquerade":"true","com.docker.network.bridge.host_binding_ipv4":"0.0.0.0","com.docker.network.bridge.name":"docker0","com.docker.network.driver.mtu":"1500"},"Labels":{}},{"Name":"host","Id":"fe042b0866671b5be4f097ba43830c0a02959c058702d18e18c14a24d88a357d","Scope":"local","Driver":"host","EnableIPv6":false,"IPAM":{"Driver":"default","Options":null,"Config":[]},"Internal":false,"Containers":{},"Options":{},"Labels":{}}][\n]"
02:20:38.365 [Test worker] DEBUG org.apache.http.headers - http-outgoing-9 << HTTP/1.1 200 OK
02:20:38.365 [Test worker] DEBUG org.apache.http.headers - http-outgoing-9 << Content-Type: application/json
02:20:38.365 [Test worker] DEBUG org.apache.http.headers - http-outgoing-9 << Server: Docker/1.12.3 (linux)
02:20:38.365 [Test worker] DEBUG org.apache.http.headers - http-outgoing-9 << Date: Tue, 03 Jan 2017 01:20:38 GMT
02:20:38.365 [Test worker] DEBUG org.apache.http.headers - http-outgoing-9 << Content-Length: 1100
02:20:38.366 [Test worker] DEBUG o.a.h.impl.execchain.MainClientExec - Connection can be kept alive indefinitely
02:20:38.366 [Test worker] DEBUG c.g.d.j.JerseyDockerCmdExecFactory - 20 * Client response received on thread Test worker
20 < 200
20 < Content-Length: 1100
20 < Content-Type: application/json
20 < Date: Tue, 03 Jan 2017 01:20:38 GMT
20 < Server: Docker/1.12.3 (linux)
[{"Name":"none","Id":"4d89c194eb79cd2beb38458d10a1b98c74d6b8462af72afde29ae7aca53ed5ca","Scope":"local","Driver":"null","EnableIPv6":false,"IPAM":{"Driver":"default","Options":null,"Config":[]},"Internal":false,"Containers":{},"Options":{},"Labels":{}},{"Name":"bridge","Id":"e0d36057aa1769e9fd52ba88be81b698b495f9b6b4946d0f98f24d971a27fc98","Scope":"local","Driver":"bridge","EnableIPv6":false,"IPAM":{"Driver":"default","Options":null,"Config":[{"Subnet":"172.17.0.0/16","Gateway":"172.17.0.1"}]},"Internal":false,"Containers":{},"Options":{"com.docker.network.bridge.default_bridge":"true","com.docker.network.bridge.enable_icc":"true","com.docker.network.bridge.enable_ip_masquerade":"true","com.docker.network.bridge.host_binding_ipv4":"0.0.0.0","com.docker.network.bridge.name":"docker0","com.docker.network.driver.mtu":"1500"},"Labels":{}},{"Name":"host","Id":"fe042b0866671b5be4f097ba43830c0a02959c058702d18e18c14a24d88a357d","Scope":"local","Driver":"host","EnableIPv6":false,"IPAM":{"Driver":"default","Options":null,"Config":[]},"Internal":false,"Containers":{},"Options":{},"Labels":{}}]


02:20:38.368 [Test worker] DEBUG o.a.h.i.c.DefaultManagedHttpClientConnection - http-outgoing-9: Close connection
02:20:38.368 [Test worker] DEBUG o.a.h.impl.execchain.MainClientExec - Connection discarded
02:20:38.368 [Test worker] DEBUG c.g.d.j.JerseyDockerCmdExecFactory$1 - Connection released: [id: 9][route: {s}->https://Thesis:2376][total kept alive: 1; route allocated: 1 of 2; total allocated: 1 of 20]
02:20:38.369 [Test worker] DEBUG c.g.d.core.command.AbstrDockerCmd - Cmd: com.github.dockerjava.core.util.FiltersBuilder@0,com.github.dockerjava.jaxrs.ListVolumesCmdExec@d862c40
02:20:38.369 [Test worker] DEBUG c.g.d.j.JerseyDockerCmdExecFactory - 21 * Sending client request on thread Test worker
21 > GET https://Thesis:2376/volumes
21 > Accept: application/json

02:20:38.370 [Test worker] DEBUG o.a.h.c.protocol.RequestAddCookies - CookieSpec selected: default
02:20:38.370 [Test worker] DEBUG o.a.h.c.protocol.RequestAuthCache - Auth cache not set in the context
02:20:38.371 [Test worker] DEBUG c.g.d.j.JerseyDockerCmdExecFactory$1 - Connection request: [route: {s}->https://Thesis:2376][total kept alive: 1; route allocated: 1 of 2; total allocated: 1 of 20]
02:20:38.371 [Test worker] DEBUG c.g.d.j.JerseyDockerCmdExecFactory$1 - Connection leased: [id: 10][route: {s}->https://Thesis:2376][total kept alive: 1; route allocated: 2 of 2; total allocated: 2 of 20]
02:20:38.371 [Test worker] DEBUG o.a.h.impl.execchain.MainClientExec - Opening connection {s}->https://Thesis:2376
02:20:38.371 [Test worker] DEBUG o.a.h.i.c.DefaultHttpClientConnectionOperator - Connecting to Thesis/127.0.1.1:2376
02:20:38.373 [Test worker] DEBUG o.a.h.c.s.SSLConnectionSocketFactory - Connecting socket to Thesis/127.0.1.1:2376 with timeout 0
02:20:38.375 [Test worker] DEBUG o.a.h.c.s.SSLConnectionSocketFactory - Enabled protocols: [TLSv1]
02:20:38.375 [Test worker] DEBUG o.a.h.c.s.SSLConnectionSocketFactory - Enabled cipher suites:[TLS_ECDHE_ECDSA_WITH_AES_128_CBC_SHA, TLS_ECDHE_RSA_WITH_AES_128_CBC_SHA, TLS_RSA_WITH_AES_128_CBC_SHA, TLS_ECDH_ECDSA_WITH_AES_128_CBC_SHA, TLS_ECDH_RSA_WITH_AES_128_CBC_SHA, TLS_DHE_RSA_WITH_AES_128_CBC_SHA, TLS_DHE_DSS_WITH_AES_128_CBC_SHA, TLS_ECDHE_ECDSA_WITH_3DES_EDE_CBC_SHA, TLS_ECDHE_RSA_WITH_3DES_EDE_CBC_SHA, SSL_RSA_WITH_3DES_EDE_CBC_SHA, TLS_ECDH_ECDSA_WITH_3DES_EDE_CBC_SHA, TLS_ECDH_RSA_WITH_3DES_EDE_CBC_SHA, SSL_DHE_RSA_WITH_3DES_EDE_CBC_SHA, SSL_DHE_DSS_WITH_3DES_EDE_CBC_SHA, TLS_ECDHE_ECDSA_WITH_RC4_128_SHA, TLS_ECDHE_RSA_WITH_RC4_128_SHA, SSL_RSA_WITH_RC4_128_SHA, TLS_ECDH_ECDSA_WITH_RC4_128_SHA, TLS_ECDH_RSA_WITH_RC4_128_SHA, SSL_RSA_WITH_RC4_128_MD5, TLS_EMPTY_RENEGOTIATION_INFO_SCSV]
02:20:38.375 [Test worker] DEBUG o.a.h.c.s.SSLConnectionSocketFactory - Starting handshake
02:20:38.473 [Test worker] DEBUG o.a.h.c.s.SSLConnectionSocketFactory - Secure session established
02:20:38.473 [Test worker] DEBUG o.a.h.c.s.SSLConnectionSocketFactory -  negotiated protocol: TLSv1
02:20:38.474 [Test worker] DEBUG o.a.h.c.s.SSLConnectionSocketFactory -  negotiated cipher suite: TLS_ECDHE_RSA_WITH_AES_128_CBC_SHA
02:20:38.474 [Test worker] DEBUG o.a.h.c.s.SSLConnectionSocketFactory -  peer principal: CN=Thesis
02:20:38.474 [Test worker] DEBUG o.a.h.c.s.SSLConnectionSocketFactory -  issuer principal: EMAILADDRESS=sha@yamil.com, CN=Thesis, OU=Open, O=Fra, L=BER, ST=BER, C=DE
02:20:38.474 [Test worker] DEBUG o.a.h.i.c.DefaultHttpClientConnectionOperator - Connection established 127.0.0.1:40894<->127.0.1.1:2376
02:20:38.475 [Test worker] DEBUG o.a.h.impl.execchain.MainClientExec - Executing request GET /volumes HTTP/1.1
02:20:38.475 [Test worker] DEBUG o.a.h.impl.execchain.MainClientExec - Target auth state: UNCHALLENGED
02:20:38.480 [Test worker] DEBUG o.a.h.impl.execchain.MainClientExec - Proxy auth state: UNCHALLENGED
02:20:38.480 [Test worker] DEBUG org.apache.http.headers - http-outgoing-10 >> GET /volumes HTTP/1.1
02:20:38.480 [Test worker] DEBUG org.apache.http.headers - http-outgoing-10 >> Accept: application/json
02:20:38.480 [Test worker] DEBUG org.apache.http.headers - http-outgoing-10 >> User-Agent: Jersey/2.23.1 (Apache HttpClient 4.5.1)
02:20:38.481 [Test worker] DEBUG org.apache.http.headers - http-outgoing-10 >> Host: Thesis:2376
02:20:38.481 [Test worker] DEBUG org.apache.http.headers - http-outgoing-10 >> Connection: Keep-Alive
02:20:38.481 [Test worker] DEBUG org.apache.http.headers - http-outgoing-10 >> Accept-Encoding: gzip,deflate
02:20:38.481 [Test worker] DEBUG org.apache.http.wire - http-outgoing-10 >> "GET /volumes HTTP/1.1[\r][\n]"
02:20:38.481 [Test worker] DEBUG org.apache.http.wire - http-outgoing-10 >> "Accept: application/json[\r][\n]"
02:20:38.482 [Test worker] DEBUG org.apache.http.wire - http-outgoing-10 >> "User-Agent: Jersey/2.23.1 (Apache HttpClient 4.5.1)[\r][\n]"
02:20:38.482 [Test worker] DEBUG org.apache.http.wire - http-outgoing-10 >> "Host: Thesis:2376[\r][\n]"
02:20:38.482 [Test worker] DEBUG org.apache.http.wire - http-outgoing-10 >> "Connection: Keep-Alive[\r][\n]"
02:20:38.482 [Test worker] DEBUG org.apache.http.wire - http-outgoing-10 >> "Accept-Encoding: gzip,deflate[\r][\n]"
02:20:38.482 [Test worker] DEBUG org.apache.http.wire - http-outgoing-10 >> "[\r][\n]"
02:20:38.483 [Test worker] DEBUG org.apache.http.wire - http-outgoing-10 << "H"
02:20:38.483 [Test worker] DEBUG org.apache.http.wire - http-outgoing-10 << "TTP/1.1 200 OK[\r][\n]"
02:20:38.484 [Test worker] DEBUG org.apache.http.wire - http-outgoing-10 << "Content-Type: application/json[\r][\n]"
02:20:38.484 [Test worker] DEBUG org.apache.http.wire - http-outgoing-10 << "Server: Docker/1.12.3 (linux)[\r][\n]"
02:20:38.484 [Test worker] DEBUG org.apache.http.wire - http-outgoing-10 << "Date: Tue, 03 Jan 2017 01:20:38 GMT[\r][\n]"
02:20:38.488 [Test worker] DEBUG org.apache.http.wire - http-outgoing-10 << "Content-Length: 33[\r][\n]"
02:20:38.488 [Test worker] DEBUG org.apache.http.wire - http-outgoing-10 << "[\r][\n]"
02:20:38.488 [Test worker] DEBUG org.apache.http.wire - http-outgoing-10 << "{"Volumes":null,"Warnings":null}[\n]"
02:20:38.489 [Test worker] DEBUG org.apache.http.headers - http-outgoing-10 << HTTP/1.1 200 OK
02:20:38.493 [Test worker] DEBUG org.apache.http.headers - http-outgoing-10 << Content-Type: application/json
02:20:38.493 [Test worker] DEBUG org.apache.http.headers - http-outgoing-10 << Server: Docker/1.12.3 (linux)
02:20:38.493 [Test worker] DEBUG org.apache.http.headers - http-outgoing-10 << Date: Tue, 03 Jan 2017 01:20:38 GMT
02:20:38.493 [Test worker] DEBUG org.apache.http.headers - http-outgoing-10 << Content-Length: 33
02:20:38.493 [Test worker] DEBUG o.a.h.impl.execchain.MainClientExec - Connection can be kept alive indefinitely
02:20:38.494 [Test worker] DEBUG c.g.d.j.JerseyDockerCmdExecFactory - 22 * Client response received on thread Test worker
22 < 200
22 < Content-Length: 33
22 < Content-Type: application/json
22 < Date: Tue, 03 Jan 2017 01:20:38 GMT
22 < Server: Docker/1.12.3 (linux)
{"Volumes":null,"Warnings":null}


02:20:38.496 [Test worker] DEBUG o.a.h.i.c.DefaultManagedHttpClientConnection - http-outgoing-10: Close connection
02:20:38.496 [Test worker] DEBUG o.a.h.impl.execchain.MainClientExec - Connection discarded
02:20:38.496 [Test worker] DEBUG c.g.d.j.JerseyDockerCmdExecFactory$1 - Connection released: [id: 10][route: {s}->https://Thesis:2376][total kept alive: 1; route allocated: 1 of 2; total allocated: 1 of 20]
02:20:38.500 [Test worker] DEBUG org.openbaton.docker.DockerVim - Loading properties
02:20:38.500 [Test worker] DEBUG org.openbaton.docker.DockerVim - Loaded properties: {vim.instance.auth.url=tcp://Thesis:2376, docker.cert.path=/home/sakib/.docker, type=docker, tls.verify=true}
02:20:38.520 [Test worker] DEBUG c.g.d.core.command.AbstrDockerCmd - Cmd: -1,<null>,true,<null>,<null>,com.github.dockerjava.core.util.FiltersBuilder@0,com.github.dockerjava.jaxrs.ListContainersCmdExec@103af23c
02:20:38.553 [Test worker] DEBUG c.g.d.j.JerseyDockerCmdExecFactory - 1 * Sending client request on thread Test worker
1 > GET https://Thesis:2376/containers/json?all=true
1 > Accept: application/json

02:20:38.554 [Test worker] DEBUG o.a.h.c.protocol.RequestAddCookies - CookieSpec selected: default
02:20:38.554 [Test worker] DEBUG o.a.h.c.protocol.RequestAuthCache - Auth cache not set in the context
02:20:38.555 [Test worker] DEBUG c.g.d.j.JerseyDockerCmdExecFactory$1 - Connection request: [route: {s}->https://Thesis:2376][total kept alive: 0; route allocated: 0 of 2; total allocated: 0 of 20]
02:20:38.555 [Test worker] DEBUG c.g.d.j.JerseyDockerCmdExecFactory$1 - Connection leased: [id: 11][route: {s}->https://Thesis:2376][total kept alive: 0; route allocated: 1 of 2; total allocated: 1 of 20]
02:20:38.555 [Test worker] DEBUG o.a.h.impl.execchain.MainClientExec - Opening connection {s}->https://Thesis:2376
02:20:38.555 [Test worker] DEBUG o.a.h.i.c.DefaultHttpClientConnectionOperator - Connecting to Thesis/127.0.1.1:2376
02:20:38.555 [Test worker] DEBUG o.a.h.c.s.SSLConnectionSocketFactory - Connecting socket to Thesis/127.0.1.1:2376 with timeout 0
02:20:38.558 [Test worker] DEBUG o.a.h.c.s.SSLConnectionSocketFactory - Enabled protocols: [TLSv1]
02:20:38.558 [Test worker] DEBUG o.a.h.c.s.SSLConnectionSocketFactory - Enabled cipher suites:[TLS_ECDHE_ECDSA_WITH_AES_128_CBC_SHA, TLS_ECDHE_RSA_WITH_AES_128_CBC_SHA, TLS_RSA_WITH_AES_128_CBC_SHA, TLS_ECDH_ECDSA_WITH_AES_128_CBC_SHA, TLS_ECDH_RSA_WITH_AES_128_CBC_SHA, TLS_DHE_RSA_WITH_AES_128_CBC_SHA, TLS_DHE_DSS_WITH_AES_128_CBC_SHA, TLS_ECDHE_ECDSA_WITH_3DES_EDE_CBC_SHA, TLS_ECDHE_RSA_WITH_3DES_EDE_CBC_SHA, SSL_RSA_WITH_3DES_EDE_CBC_SHA, TLS_ECDH_ECDSA_WITH_3DES_EDE_CBC_SHA, TLS_ECDH_RSA_WITH_3DES_EDE_CBC_SHA, SSL_DHE_RSA_WITH_3DES_EDE_CBC_SHA, SSL_DHE_DSS_WITH_3DES_EDE_CBC_SHA, TLS_ECDHE_ECDSA_WITH_RC4_128_SHA, TLS_ECDHE_RSA_WITH_RC4_128_SHA, SSL_RSA_WITH_RC4_128_SHA, TLS_ECDH_ECDSA_WITH_RC4_128_SHA, TLS_ECDH_RSA_WITH_RC4_128_SHA, SSL_RSA_WITH_RC4_128_MD5, TLS_EMPTY_RENEGOTIATION_INFO_SCSV]
02:20:38.558 [Test worker] DEBUG o.a.h.c.s.SSLConnectionSocketFactory - Starting handshake
02:20:38.625 [Test worker] DEBUG o.a.h.c.s.SSLConnectionSocketFactory - Secure session established
02:20:38.625 [Test worker] DEBUG o.a.h.c.s.SSLConnectionSocketFactory -  negotiated protocol: TLSv1
02:20:38.626 [Test worker] DEBUG o.a.h.c.s.SSLConnectionSocketFactory -  negotiated cipher suite: TLS_ECDHE_RSA_WITH_AES_128_CBC_SHA
02:20:38.626 [Test worker] DEBUG o.a.h.c.s.SSLConnectionSocketFactory -  peer principal: CN=Thesis
02:20:38.626 [Test worker] DEBUG o.a.h.c.s.SSLConnectionSocketFactory -  issuer principal: EMAILADDRESS=sha@yamil.com, CN=Thesis, OU=Open, O=Fra, L=BER, ST=BER, C=DE
02:20:38.626 [Test worker] DEBUG o.a.h.i.c.DefaultHttpClientConnectionOperator - Connection established 127.0.0.1:40896<->127.0.1.1:2376
02:20:38.626 [Test worker] DEBUG o.a.h.impl.execchain.MainClientExec - Executing request GET /containers/json?all=true HTTP/1.1
02:20:38.627 [Test worker] DEBUG o.a.h.impl.execchain.MainClientExec - Target auth state: UNCHALLENGED
02:20:38.627 [Test worker] DEBUG o.a.h.impl.execchain.MainClientExec - Proxy auth state: UNCHALLENGED
02:20:38.627 [Test worker] DEBUG org.apache.http.headers - http-outgoing-11 >> GET /containers/json?all=true HTTP/1.1
02:20:38.627 [Test worker] DEBUG org.apache.http.headers - http-outgoing-11 >> Accept: application/json
02:20:38.627 [Test worker] DEBUG org.apache.http.headers - http-outgoing-11 >> User-Agent: Jersey/2.23.1 (Apache HttpClient 4.5.1)
02:20:38.628 [Test worker] DEBUG org.apache.http.headers - http-outgoing-11 >> Host: Thesis:2376
02:20:38.628 [Test worker] DEBUG org.apache.http.headers - http-outgoing-11 >> Connection: Keep-Alive
02:20:38.628 [Test worker] DEBUG org.apache.http.headers - http-outgoing-11 >> Accept-Encoding: gzip,deflate
02:20:38.628 [Test worker] DEBUG org.apache.http.wire - http-outgoing-11 >> "GET /containers/json?all=true HTTP/1.1[\r][\n]"
02:20:38.628 [Test worker] DEBUG org.apache.http.wire - http-outgoing-11 >> "Accept: application/json[\r][\n]"
02:20:38.628 [Test worker] DEBUG org.apache.http.wire - http-outgoing-11 >> "User-Agent: Jersey/2.23.1 (Apache HttpClient 4.5.1)[\r][\n]"
02:20:38.629 [Test worker] DEBUG org.apache.http.wire - http-outgoing-11 >> "Host: Thesis:2376[\r][\n]"
02:20:38.629 [Test worker] DEBUG org.apache.http.wire - http-outgoing-11 >> "Connection: Keep-Alive[\r][\n]"
02:20:38.629 [Test worker] DEBUG org.apache.http.wire - http-outgoing-11 >> "Accept-Encoding: gzip,deflate[\r][\n]"
02:20:38.630 [Test worker] DEBUG org.apache.http.wire - http-outgoing-11 >> "[\r][\n]"
02:20:38.633 [Test worker] DEBUG org.apache.http.wire - http-outgoing-11 << "H"
02:20:38.634 [Test worker] DEBUG org.apache.http.wire - http-outgoing-11 << "TTP/1.1 200 OK[\r][\n]"
02:20:38.634 [Test worker] DEBUG org.apache.http.wire - http-outgoing-11 << "Content-Type: application/json[\r][\n]"
02:20:38.634 [Test worker] DEBUG org.apache.http.wire - http-outgoing-11 << "Server: Docker/1.12.3 (linux)[\r][\n]"
02:20:38.634 [Test worker] DEBUG org.apache.http.wire - http-outgoing-11 << "Date: Tue, 03 Jan 2017 01:20:38 GMT[\r][\n]"
02:20:38.635 [Test worker] DEBUG org.apache.http.wire - http-outgoing-11 << "Content-Length: 3[\r][\n]"
02:20:38.635 [Test worker] DEBUG org.apache.http.wire - http-outgoing-11 << "[\r][\n]"
02:20:38.635 [Test worker] DEBUG org.apache.http.wire - http-outgoing-11 << "[][\n]"
02:20:38.635 [Test worker] DEBUG org.apache.http.headers - http-outgoing-11 << HTTP/1.1 200 OK
02:20:38.636 [Test worker] DEBUG org.apache.http.headers - http-outgoing-11 << Content-Type: application/json
02:20:38.636 [Test worker] DEBUG org.apache.http.headers - http-outgoing-11 << Server: Docker/1.12.3 (linux)
02:20:38.636 [Test worker] DEBUG org.apache.http.headers - http-outgoing-11 << Date: Tue, 03 Jan 2017 01:20:38 GMT
02:20:38.636 [Test worker] DEBUG org.apache.http.headers - http-outgoing-11 << Content-Length: 3
02:20:38.636 [Test worker] DEBUG o.a.h.impl.execchain.MainClientExec - Connection can be kept alive indefinitely
02:20:38.637 [Test worker] DEBUG c.g.d.j.JerseyDockerCmdExecFactory - 2 * Client response received on thread Test worker
2 < 200
2 < Content-Length: 3
2 < Content-Type: application/json
2 < Date: Tue, 03 Jan 2017 01:20:38 GMT
2 < Server: Docker/1.12.3 (linux)
[]


02:20:38.642 [Test worker] DEBUG c.g.d.j.JerseyDockerCmdExecFactory$1 - Connection [id: 11][route: {s}->https://Thesis:2376][state: CN=Thesis] can be kept alive indefinitely
02:20:38.642 [Test worker] DEBUG c.g.d.j.JerseyDockerCmdExecFactory$1 - Connection released: [id: 11][route: {s}->https://Thesis:2376][state: CN=Thesis][total kept alive: 1; route allocated: 1 of 2; total allocated: 1 of 20]
02:20:38.652 [Test worker] DEBUG c.g.d.core.command.AbstrDockerCmd - Cmd: com.github.dockerjava.core.util.FiltersBuilder@0,com.github.dockerjava.jaxrs.ListNetworksCmdExec@57101ba4
02:20:38.653 [Test worker] DEBUG c.g.d.j.JerseyDockerCmdExecFactory - 3 * Sending client request on thread Test worker
3 > GET https://Thesis:2376/networks
3 > Accept: application/json

02:20:38.654 [Test worker] DEBUG o.a.h.c.protocol.RequestAddCookies - CookieSpec selected: default
02:20:38.654 [Test worker] DEBUG o.a.h.c.protocol.RequestAuthCache - Auth cache not set in the context
02:20:38.654 [Test worker] DEBUG c.g.d.j.JerseyDockerCmdExecFactory$1 - Connection request: [route: {s}->https://Thesis:2376][total kept alive: 1; route allocated: 1 of 2; total allocated: 1 of 20]
02:20:38.655 [Test worker] DEBUG c.g.d.j.JerseyDockerCmdExecFactory$1 - Connection leased: [id: 12][route: {s}->https://Thesis:2376][total kept alive: 1; route allocated: 2 of 2; total allocated: 2 of 20]
02:20:38.655 [Test worker] DEBUG o.a.h.impl.execchain.MainClientExec - Opening connection {s}->https://Thesis:2376
02:20:38.655 [Test worker] DEBUG o.a.h.i.c.DefaultHttpClientConnectionOperator - Connecting to Thesis/127.0.1.1:2376
02:20:38.655 [Test worker] DEBUG o.a.h.c.s.SSLConnectionSocketFactory - Connecting socket to Thesis/127.0.1.1:2376 with timeout 0
02:20:38.657 [Test worker] DEBUG o.a.h.c.s.SSLConnectionSocketFactory - Enabled protocols: [TLSv1]
02:20:38.657 [Test worker] DEBUG o.a.h.c.s.SSLConnectionSocketFactory - Enabled cipher suites:[TLS_ECDHE_ECDSA_WITH_AES_128_CBC_SHA, TLS_ECDHE_RSA_WITH_AES_128_CBC_SHA, TLS_RSA_WITH_AES_128_CBC_SHA, TLS_ECDH_ECDSA_WITH_AES_128_CBC_SHA, TLS_ECDH_RSA_WITH_AES_128_CBC_SHA, TLS_DHE_RSA_WITH_AES_128_CBC_SHA, TLS_DHE_DSS_WITH_AES_128_CBC_SHA, TLS_ECDHE_ECDSA_WITH_3DES_EDE_CBC_SHA, TLS_ECDHE_RSA_WITH_3DES_EDE_CBC_SHA, SSL_RSA_WITH_3DES_EDE_CBC_SHA, TLS_ECDH_ECDSA_WITH_3DES_EDE_CBC_SHA, TLS_ECDH_RSA_WITH_3DES_EDE_CBC_SHA, SSL_DHE_RSA_WITH_3DES_EDE_CBC_SHA, SSL_DHE_DSS_WITH_3DES_EDE_CBC_SHA, TLS_ECDHE_ECDSA_WITH_RC4_128_SHA, TLS_ECDHE_RSA_WITH_RC4_128_SHA, SSL_RSA_WITH_RC4_128_SHA, TLS_ECDH_ECDSA_WITH_RC4_128_SHA, TLS_ECDH_RSA_WITH_RC4_128_SHA, SSL_RSA_WITH_RC4_128_MD5, TLS_EMPTY_RENEGOTIATION_INFO_SCSV]
02:20:38.657 [Test worker] DEBUG o.a.h.c.s.SSLConnectionSocketFactory - Starting handshake
02:20:38.723 [Test worker] DEBUG o.a.h.c.s.SSLConnectionSocketFactory - Secure session established
02:20:38.724 [Test worker] DEBUG o.a.h.c.s.SSLConnectionSocketFactory -  negotiated protocol: TLSv1
02:20:38.724 [Test worker] DEBUG o.a.h.c.s.SSLConnectionSocketFactory -  negotiated cipher suite: TLS_ECDHE_RSA_WITH_AES_128_CBC_SHA
02:20:38.724 [Test worker] DEBUG o.a.h.c.s.SSLConnectionSocketFactory -  peer principal: CN=Thesis
02:20:38.724 [Test worker] DEBUG o.a.h.c.s.SSLConnectionSocketFactory -  issuer principal: EMAILADDRESS=sha@yamil.com, CN=Thesis, OU=Open, O=Fra, L=BER, ST=BER, C=DE
02:20:38.725 [Test worker] DEBUG o.a.h.i.c.DefaultHttpClientConnectionOperator - Connection established 127.0.0.1:40898<->127.0.1.1:2376
02:20:38.726 [Test worker] DEBUG o.a.h.impl.execchain.MainClientExec - Executing request GET /networks HTTP/1.1
02:20:38.726 [Test worker] DEBUG o.a.h.impl.execchain.MainClientExec - Target auth state: UNCHALLENGED
02:20:38.726 [Test worker] DEBUG o.a.h.impl.execchain.MainClientExec - Proxy auth state: UNCHALLENGED
02:20:38.726 [Test worker] DEBUG org.apache.http.headers - http-outgoing-12 >> GET /networks HTTP/1.1
02:20:38.726 [Test worker] DEBUG org.apache.http.headers - http-outgoing-12 >> Accept: application/json
02:20:38.727 [Test worker] DEBUG org.apache.http.headers - http-outgoing-12 >> User-Agent: Jersey/2.23.1 (Apache HttpClient 4.5.1)
02:20:38.727 [Test worker] DEBUG org.apache.http.headers - http-outgoing-12 >> Host: Thesis:2376
02:20:38.727 [Test worker] DEBUG org.apache.http.headers - http-outgoing-12 >> Connection: Keep-Alive
02:20:38.727 [Test worker] DEBUG org.apache.http.headers - http-outgoing-12 >> Accept-Encoding: gzip,deflate
02:20:38.727 [Test worker] DEBUG org.apache.http.wire - http-outgoing-12 >> "GET /networks HTTP/1.1[\r][\n]"
02:20:38.728 [Test worker] DEBUG org.apache.http.wire - http-outgoing-12 >> "Accept: application/json[\r][\n]"
02:20:38.728 [Test worker] DEBUG org.apache.http.wire - http-outgoing-12 >> "User-Agent: Jersey/2.23.1 (Apache HttpClient 4.5.1)[\r][\n]"
02:20:38.728 [Test worker] DEBUG org.apache.http.wire - http-outgoing-12 >> "Host: Thesis:2376[\r][\n]"
02:20:38.728 [Test worker] DEBUG org.apache.http.wire - http-outgoing-12 >> "Connection: Keep-Alive[\r][\n]"
02:20:38.728 [Test worker] DEBUG org.apache.http.wire - http-outgoing-12 >> "Accept-Encoding: gzip,deflate[\r][\n]"
02:20:38.728 [Test worker] DEBUG org.apache.http.wire - http-outgoing-12 >> "[\r][\n]"
02:20:38.729 [Test worker] DEBUG org.apache.http.wire - http-outgoing-12 << "H"
02:20:38.730 [Test worker] DEBUG org.apache.http.wire - http-outgoing-12 << "TTP/1.1 200 OK[\r][\n]"
02:20:38.730 [Test worker] DEBUG org.apache.http.wire - http-outgoing-12 << "Content-Type: application/json[\r][\n]"
02:20:38.730 [Test worker] DEBUG org.apache.http.wire - http-outgoing-12 << "Server: Docker/1.12.3 (linux)[\r][\n]"
02:20:38.730 [Test worker] DEBUG org.apache.http.wire - http-outgoing-12 << "Date: Tue, 03 Jan 2017 01:20:38 GMT[\r][\n]"
02:20:38.731 [Test worker] DEBUG org.apache.http.wire - http-outgoing-12 << "Content-Length: 1100[\r][\n]"
02:20:38.731 [Test worker] DEBUG org.apache.http.wire - http-outgoing-12 << "[\r][\n]"
02:20:38.731 [Test worker] DEBUG org.apache.http.wire - http-outgoing-12 << "[{"Name":"none","Id":"4d89c194eb79cd2beb38458d10a1b98c74d6b8462af72afde29ae7aca53ed5ca","Scope":"local","Driver":"null","EnableIPv6":false,"IPAM":{"Driver":"default","Options":null,"Config":[]},"Internal":false,"Containers":{},"Options":{},"Labels":{}},{"Name":"bridge","Id":"e0d36057aa1769e9fd52ba88be81b698b495f9b6b4946d0f98f24d971a27fc98","Scope":"local","Driver":"bridge","EnableIPv6":false,"IPAM":{"Driver":"default","Options":null,"Config":[{"Subnet":"172.17.0.0/16","Gateway":"172.17.0.1"}]},"Internal":false,"Containers":{},"Options":{"com.docker.network.bridge.default_bridge":"true","com.docker.network.bridge.enable_icc":"true","com.docker.network.bridge.enable_ip_masquerade":"true","com.docker.network.bridge.host_binding_ipv4":"0.0.0.0","com.docker.network.bridge.name":"docker0","com.docker.network.driver.mtu":"1500"},"Labels":{}},{"Name":"host","Id":"fe042b0866671b5be4f097ba43830c0a02959c058702d18e18c14a24d88a357d","Scope":"local","Driver":"host","EnableIPv6":false,"IPAM":{"Driver":"default","Options":null,"Config":[]},"Internal":false,"Containers":{},"Options":{},"Labels":{}}][\n]"
02:20:38.731 [Test worker] DEBUG org.apache.http.headers - http-outgoing-12 << HTTP/1.1 200 OK
02:20:38.732 [Test worker] DEBUG org.apache.http.headers - http-outgoing-12 << Content-Type: application/json
02:20:38.732 [Test worker] DEBUG org.apache.http.headers - http-outgoing-12 << Server: Docker/1.12.3 (linux)
02:20:38.732 [Test worker] DEBUG org.apache.http.headers - http-outgoing-12 << Date: Tue, 03 Jan 2017 01:20:38 GMT
02:20:38.732 [Test worker] DEBUG org.apache.http.headers - http-outgoing-12 << Content-Length: 1100
02:20:38.733 [Test worker] DEBUG o.a.h.impl.execchain.MainClientExec - Connection can be kept alive indefinitely
02:20:38.733 [Test worker] DEBUG c.g.d.j.JerseyDockerCmdExecFactory - 4 * Client response received on thread Test worker
4 < 200
4 < Content-Length: 1100
4 < Content-Type: application/json
4 < Date: Tue, 03 Jan 2017 01:20:38 GMT
4 < Server: Docker/1.12.3 (linux)
[{"Name":"none","Id":"4d89c194eb79cd2beb38458d10a1b98c74d6b8462af72afde29ae7aca53ed5ca","Scope":"local","Driver":"null","EnableIPv6":false,"IPAM":{"Driver":"default","Options":null,"Config":[]},"Internal":false,"Containers":{},"Options":{},"Labels":{}},{"Name":"bridge","Id":"e0d36057aa1769e9fd52ba88be81b698b495f9b6b4946d0f98f24d971a27fc98","Scope":"local","Driver":"bridge","EnableIPv6":false,"IPAM":{"Driver":"default","Options":null,"Config":[{"Subnet":"172.17.0.0/16","Gateway":"172.17.0.1"}]},"Internal":false,"Containers":{},"Options":{"com.docker.network.bridge.default_bridge":"true","com.docker.network.bridge.enable_icc":"true","com.docker.network.bridge.enable_ip_masquerade":"true","com.docker.network.bridge.host_binding_ipv4":"0.0.0.0","com.docker.network.bridge.name":"docker0","com.docker.network.driver.mtu":"1500"},"Labels":{}},{"Name":"host","Id":"fe042b0866671b5be4f097ba43830c0a02959c058702d18e18c14a24d88a357d","Scope":"local","Driver":"host","EnableIPv6":false,"IPAM":{"Driver":"default","Options":null,"Config":[]},"Internal":false,"Containers":{},"Options":{},"Labels":{}}]


02:20:38.740 [Test worker] DEBUG o.a.h.i.c.DefaultManagedHttpClientConnection - http-outgoing-12: Close connection
02:20:38.740 [Test worker] DEBUG o.a.h.impl.execchain.MainClientExec - Connection discarded
02:20:38.740 [Test worker] DEBUG c.g.d.j.JerseyDockerCmdExecFactory$1 - Connection released: [id: 12][route: {s}->https://Thesis:2376][total kept alive: 1; route allocated: 1 of 2; total allocated: 1 of 20]
02:20:38.740 [Test worker] DEBUG c.g.d.core.command.AbstrDockerCmd - Cmd: com.github.dockerjava.core.util.FiltersBuilder@0,com.github.dockerjava.jaxrs.ListVolumesCmdExec@65076fbc
02:20:38.741 [Test worker] DEBUG c.g.d.j.JerseyDockerCmdExecFactory - 5 * Sending client request on thread Test worker
5 > GET https://Thesis:2376/volumes
5 > Accept: application/json

02:20:38.742 [Test worker] DEBUG o.a.h.c.protocol.RequestAddCookies - CookieSpec selected: default
02:20:38.742 [Test worker] DEBUG o.a.h.c.protocol.RequestAuthCache - Auth cache not set in the context
02:20:38.742 [Test worker] DEBUG c.g.d.j.JerseyDockerCmdExecFactory$1 - Connection request: [route: {s}->https://Thesis:2376][total kept alive: 1; route allocated: 1 of 2; total allocated: 1 of 20]
02:20:38.742 [Test worker] DEBUG c.g.d.j.JerseyDockerCmdExecFactory$1 - Connection leased: [id: 13][route: {s}->https://Thesis:2376][total kept alive: 1; route allocated: 2 of 2; total allocated: 2 of 20]
02:20:38.743 [Test worker] DEBUG o.a.h.impl.execchain.MainClientExec - Opening connection {s}->https://Thesis:2376
02:20:38.743 [Test worker] DEBUG o.a.h.i.c.DefaultHttpClientConnectionOperator - Connecting to Thesis/127.0.1.1:2376
02:20:38.743 [Test worker] DEBUG o.a.h.c.s.SSLConnectionSocketFactory - Connecting socket to Thesis/127.0.1.1:2376 with timeout 0
02:20:38.745 [Test worker] DEBUG o.a.h.c.s.SSLConnectionSocketFactory - Enabled protocols: [TLSv1]
02:20:38.745 [Test worker] DEBUG o.a.h.c.s.SSLConnectionSocketFactory - Enabled cipher suites:[TLS_ECDHE_ECDSA_WITH_AES_128_CBC_SHA, TLS_ECDHE_RSA_WITH_AES_128_CBC_SHA, TLS_RSA_WITH_AES_128_CBC_SHA, TLS_ECDH_ECDSA_WITH_AES_128_CBC_SHA, TLS_ECDH_RSA_WITH_AES_128_CBC_SHA, TLS_DHE_RSA_WITH_AES_128_CBC_SHA, TLS_DHE_DSS_WITH_AES_128_CBC_SHA, TLS_ECDHE_ECDSA_WITH_3DES_EDE_CBC_SHA, TLS_ECDHE_RSA_WITH_3DES_EDE_CBC_SHA, SSL_RSA_WITH_3DES_EDE_CBC_SHA, TLS_ECDH_ECDSA_WITH_3DES_EDE_CBC_SHA, TLS_ECDH_RSA_WITH_3DES_EDE_CBC_SHA, SSL_DHE_RSA_WITH_3DES_EDE_CBC_SHA, SSL_DHE_DSS_WITH_3DES_EDE_CBC_SHA, TLS_ECDHE_ECDSA_WITH_RC4_128_SHA, TLS_ECDHE_RSA_WITH_RC4_128_SHA, SSL_RSA_WITH_RC4_128_SHA, TLS_ECDH_ECDSA_WITH_RC4_128_SHA, TLS_ECDH_RSA_WITH_RC4_128_SHA, SSL_RSA_WITH_RC4_128_MD5, TLS_EMPTY_RENEGOTIATION_INFO_SCSV]
02:20:38.745 [Test worker] DEBUG o.a.h.c.s.SSLConnectionSocketFactory - Starting handshake
02:20:38.811 [Test worker] DEBUG o.a.h.c.s.SSLConnectionSocketFactory - Secure session established
02:20:38.811 [Test worker] DEBUG o.a.h.c.s.SSLConnectionSocketFactory -  negotiated protocol: TLSv1
02:20:38.812 [Test worker] DEBUG o.a.h.c.s.SSLConnectionSocketFactory -  negotiated cipher suite: TLS_ECDHE_RSA_WITH_AES_128_CBC_SHA
02:20:38.812 [Test worker] DEBUG o.a.h.c.s.SSLConnectionSocketFactory -  peer principal: CN=Thesis
02:20:38.812 [Test worker] DEBUG o.a.h.c.s.SSLConnectionSocketFactory -  issuer principal: EMAILADDRESS=sha@yamil.com, CN=Thesis, OU=Open, O=Fra, L=BER, ST=BER, C=DE
02:20:38.812 [Test worker] DEBUG o.a.h.i.c.DefaultHttpClientConnectionOperator - Connection established 127.0.0.1:40900<->127.0.1.1:2376
02:20:38.812 [Test worker] DEBUG o.a.h.impl.execchain.MainClientExec - Executing request GET /volumes HTTP/1.1
02:20:38.813 [Test worker] DEBUG o.a.h.impl.execchain.MainClientExec - Target auth state: UNCHALLENGED
02:20:38.813 [Test worker] DEBUG o.a.h.impl.execchain.MainClientExec - Proxy auth state: UNCHALLENGED
02:20:38.813 [Test worker] DEBUG org.apache.http.headers - http-outgoing-13 >> GET /volumes HTTP/1.1
02:20:38.813 [Test worker] DEBUG org.apache.http.headers - http-outgoing-13 >> Accept: application/json
02:20:38.813 [Test worker] DEBUG org.apache.http.headers - http-outgoing-13 >> User-Agent: Jersey/2.23.1 (Apache HttpClient 4.5.1)
02:20:38.814 [Test worker] DEBUG org.apache.http.headers - http-outgoing-13 >> Host: Thesis:2376
02:20:38.814 [Test worker] DEBUG org.apache.http.headers - http-outgoing-13 >> Connection: Keep-Alive
02:20:38.814 [Test worker] DEBUG org.apache.http.headers - http-outgoing-13 >> Accept-Encoding: gzip,deflate
02:20:38.819 [Test worker] DEBUG org.apache.http.wire - http-outgoing-13 >> "GET /volumes HTTP/1.1[\r][\n]"
02:20:38.819 [Test worker] DEBUG org.apache.http.wire - http-outgoing-13 >> "Accept: application/json[\r][\n]"
02:20:38.820 [Test worker] DEBUG org.apache.http.wire - http-outgoing-13 >> "User-Agent: Jersey/2.23.1 (Apache HttpClient 4.5.1)[\r][\n]"
02:20:38.820 [Test worker] DEBUG org.apache.http.wire - http-outgoing-13 >> "Host: Thesis:2376[\r][\n]"
02:20:38.820 [Test worker] DEBUG org.apache.http.wire - http-outgoing-13 >> "Connection: Keep-Alive[\r][\n]"
02:20:38.820 [Test worker] DEBUG org.apache.http.wire - http-outgoing-13 >> "Accept-Encoding: gzip,deflate[\r][\n]"
02:20:38.820 [Test worker] DEBUG org.apache.http.wire - http-outgoing-13 >> "[\r][\n]"
02:20:38.821 [Test worker] DEBUG org.apache.http.wire - http-outgoing-13 << "H"
02:20:38.821 [Test worker] DEBUG org.apache.http.wire - http-outgoing-13 << "TTP/1.1 200 OK[\r][\n]"
02:20:38.821 [Test worker] DEBUG org.apache.http.wire - http-outgoing-13 << "Content-Type: application/json[\r][\n]"
02:20:38.821 [Test worker] DEBUG org.apache.http.wire - http-outgoing-13 << "Server: Docker/1.12.3 (linux)[\r][\n]"
02:20:38.822 [Test worker] DEBUG org.apache.http.wire - http-outgoing-13 << "Date: Tue, 03 Jan 2017 01:20:38 GMT[\r][\n]"
02:20:38.822 [Test worker] DEBUG org.apache.http.wire - http-outgoing-13 << "Content-Length: 33[\r][\n]"
02:20:38.822 [Test worker] DEBUG org.apache.http.wire - http-outgoing-13 << "[\r][\n]"
02:20:38.822 [Test worker] DEBUG org.apache.http.wire - http-outgoing-13 << "{"Volumes":null,"Warnings":null}[\n]"
02:20:38.822 [Test worker] DEBUG org.apache.http.headers - http-outgoing-13 << HTTP/1.1 200 OK
02:20:38.823 [Test worker] DEBUG org.apache.http.headers - http-outgoing-13 << Content-Type: application/json
02:20:38.823 [Test worker] DEBUG org.apache.http.headers - http-outgoing-13 << Server: Docker/1.12.3 (linux)
02:20:38.823 [Test worker] DEBUG org.apache.http.headers - http-outgoing-13 << Date: Tue, 03 Jan 2017 01:20:38 GMT
02:20:38.823 [Test worker] DEBUG org.apache.http.headers - http-outgoing-13 << Content-Length: 33
02:20:38.823 [Test worker] DEBUG o.a.h.impl.execchain.MainClientExec - Connection can be kept alive indefinitely
02:20:38.824 [Test worker] DEBUG c.g.d.j.JerseyDockerCmdExecFactory - 6 * Client response received on thread Test worker
6 < 200
6 < Content-Length: 33
6 < Content-Type: application/json
6 < Date: Tue, 03 Jan 2017 01:20:38 GMT
6 < Server: Docker/1.12.3 (linux)
{"Volumes":null,"Warnings":null}


02:20:38.832 [Test worker] DEBUG o.a.h.i.c.DefaultManagedHttpClientConnection - http-outgoing-13: Close connection
02:20:38.832 [Test worker] DEBUG o.a.h.impl.execchain.MainClientExec - Connection discarded
02:20:38.832 [Test worker] DEBUG c.g.d.j.JerseyDockerCmdExecFactory$1 - Connection released: [id: 13][route: {s}->https://Thesis:2376][total kept alive: 1; route allocated: 1 of 2; total allocated: 1 of 20]
02:20:38.833 [Test worker] DEBUG c.g.d.core.command.AbstrDockerCmd - Cmd: MyNetwork,<null>,<null>,{},true,<null>,<null>,com.github.dockerjava.jaxrs.CreateNetworkCmdExec@7fc2cce7
02:20:38.833 [Test worker] DEBUG o.a.h.c.protocol.RequestAddCookies - CookieSpec selected: default
02:20:38.834 [Test worker] DEBUG o.a.h.c.protocol.RequestAuthCache - Auth cache not set in the context
02:20:38.834 [Test worker] DEBUG c.g.d.j.JerseyDockerCmdExecFactory$1 - Connection request: [route: {s}->https://Thesis:2376][total kept alive: 1; route allocated: 1 of 2; total allocated: 1 of 20]
02:20:38.834 [Test worker] DEBUG c.g.d.j.JerseyDockerCmdExecFactory$1 - Connection leased: [id: 14][route: {s}->https://Thesis:2376][total kept alive: 1; route allocated: 2 of 2; total allocated: 2 of 20]
02:20:38.834 [Test worker] DEBUG o.a.h.impl.execchain.MainClientExec - Opening connection {s}->https://Thesis:2376
02:20:38.835 [Test worker] DEBUG o.a.h.i.c.DefaultHttpClientConnectionOperator - Connecting to Thesis/127.0.1.1:2376
02:20:38.835 [Test worker] DEBUG o.a.h.c.s.SSLConnectionSocketFactory - Connecting socket to Thesis/127.0.1.1:2376 with timeout 0
02:20:38.840 [Test worker] DEBUG o.a.h.c.s.SSLConnectionSocketFactory - Enabled protocols: [TLSv1]
02:20:38.849 [Test worker] DEBUG o.a.h.c.s.SSLConnectionSocketFactory - Enabled cipher suites:[TLS_ECDHE_ECDSA_WITH_AES_128_CBC_SHA, TLS_ECDHE_RSA_WITH_AES_128_CBC_SHA, TLS_RSA_WITH_AES_128_CBC_SHA, TLS_ECDH_ECDSA_WITH_AES_128_CBC_SHA, TLS_ECDH_RSA_WITH_AES_128_CBC_SHA, TLS_DHE_RSA_WITH_AES_128_CBC_SHA, TLS_DHE_DSS_WITH_AES_128_CBC_SHA, TLS_ECDHE_ECDSA_WITH_3DES_EDE_CBC_SHA, TLS_ECDHE_RSA_WITH_3DES_EDE_CBC_SHA, SSL_RSA_WITH_3DES_EDE_CBC_SHA, TLS_ECDH_ECDSA_WITH_3DES_EDE_CBC_SHA, TLS_ECDH_RSA_WITH_3DES_EDE_CBC_SHA, SSL_DHE_RSA_WITH_3DES_EDE_CBC_SHA, SSL_DHE_DSS_WITH_3DES_EDE_CBC_SHA, TLS_ECDHE_ECDSA_WITH_RC4_128_SHA, TLS_ECDHE_RSA_WITH_RC4_128_SHA, SSL_RSA_WITH_RC4_128_SHA, TLS_ECDH_ECDSA_WITH_RC4_128_SHA, TLS_ECDH_RSA_WITH_RC4_128_SHA, SSL_RSA_WITH_RC4_128_MD5, TLS_EMPTY_RENEGOTIATION_INFO_SCSV]
02:20:38.849 [Test worker] DEBUG o.a.h.c.s.SSLConnectionSocketFactory - Starting handshake
02:20:38.946 [Test worker] DEBUG o.a.h.c.s.SSLConnectionSocketFactory - Secure session established
02:20:38.947 [Test worker] DEBUG o.a.h.c.s.SSLConnectionSocketFactory -  negotiated protocol: TLSv1
02:20:38.947 [Test worker] DEBUG o.a.h.c.s.SSLConnectionSocketFactory -  negotiated cipher suite: TLS_ECDHE_RSA_WITH_AES_128_CBC_SHA
02:20:38.947 [Test worker] DEBUG o.a.h.c.s.SSLConnectionSocketFactory -  peer principal: CN=Thesis
02:20:38.947 [Test worker] DEBUG o.a.h.c.s.SSLConnectionSocketFactory -  issuer principal: EMAILADDRESS=sha@yamil.com, CN=Thesis, OU=Open, O=Fra, L=BER, ST=BER, C=DE
02:20:38.948 [Test worker] DEBUG o.a.h.i.c.DefaultHttpClientConnectionOperator - Connection established 127.0.0.1:40902<->127.0.1.1:2376
02:20:38.948 [Test worker] DEBUG o.a.h.impl.execchain.MainClientExec - Executing request POST /networks/create HTTP/1.1
02:20:38.948 [Test worker] DEBUG o.a.h.impl.execchain.MainClientExec - Target auth state: UNCHALLENGED
02:20:38.948 [Test worker] DEBUG o.a.h.impl.execchain.MainClientExec - Proxy auth state: UNCHALLENGED
02:20:38.948 [Test worker] DEBUG org.apache.http.headers - http-outgoing-14 >> POST /networks/create HTTP/1.1
02:20:38.948 [Test worker] DEBUG org.apache.http.headers - http-outgoing-14 >> Accept: application/json
02:20:38.949 [Test worker] DEBUG org.apache.http.headers - http-outgoing-14 >> Content-Type: application/json
02:20:38.949 [Test worker] DEBUG org.apache.http.headers - http-outgoing-14 >> User-Agent: Jersey/2.23.1 (Apache HttpClient 4.5.1)
02:20:38.949 [Test worker] DEBUG org.apache.http.headers - http-outgoing-14 >> Transfer-Encoding: chunked
02:20:38.950 [Test worker] DEBUG org.apache.http.headers - http-outgoing-14 >> Host: Thesis:2376
02:20:38.950 [Test worker] DEBUG org.apache.http.headers - http-outgoing-14 >> Connection: Keep-Alive
02:20:38.950 [Test worker] DEBUG org.apache.http.headers - http-outgoing-14 >> Accept-Encoding: gzip,deflate
02:20:38.953 [Test worker] DEBUG c.g.d.j.JerseyDockerCmdExecFactory - 7 * Sending client request on thread Test worker
7 > POST https://Thesis:2376/networks/create
7 > Accept: application/json
7 > Content-Type: application/json
{"enableIPv6":null,"Name":"MyNetwork","Driver":null,"IPAM":null,"Options":{},"CheckDuplicate":true,"Internal":null,"EnableIPv6":null}

02:20:38.954 [Test worker] DEBUG org.apache.http.wire - http-outgoing-14 >> "POST /networks/create HTTP/1.1[\r][\n]"
02:20:38.954 [Test worker] DEBUG org.apache.http.wire - http-outgoing-14 >> "Accept: application/json[\r][\n]"
02:20:38.954 [Test worker] DEBUG org.apache.http.wire - http-outgoing-14 >> "Content-Type: application/json[\r][\n]"
02:20:38.954 [Test worker] DEBUG org.apache.http.wire - http-outgoing-14 >> "User-Agent: Jersey/2.23.1 (Apache HttpClient 4.5.1)[\r][\n]"
02:20:38.955 [Test worker] DEBUG org.apache.http.wire - http-outgoing-14 >> "Transfer-Encoding: chunked[\r][\n]"
02:20:38.955 [Test worker] DEBUG org.apache.http.wire - http-outgoing-14 >> "Host: Thesis:2376[\r][\n]"
02:20:38.955 [Test worker] DEBUG org.apache.http.wire - http-outgoing-14 >> "Connection: Keep-Alive[\r][\n]"
02:20:38.955 [Test worker] DEBUG org.apache.http.wire - http-outgoing-14 >> "Accept-Encoding: gzip,deflate[\r][\n]"
02:20:38.955 [Test worker] DEBUG org.apache.http.wire - http-outgoing-14 >> "[\r][\n]"
02:20:38.955 [Test worker] DEBUG org.apache.http.wire - http-outgoing-14 >> "85[\r][\n]"
02:20:38.956 [Test worker] DEBUG org.apache.http.wire - http-outgoing-14 >> "{"enableIPv6":null,"Name":"MyNetwork","Driver":null,"IPAM":null,"Options":{},"CheckDuplicate":true,"Internal":null,"EnableIPv6":null}[\r][\n]"
02:20:38.956 [Test worker] DEBUG org.apache.http.wire - http-outgoing-14 >> "0[\r][\n]"
02:20:38.956 [Test worker] DEBUG org.apache.http.wire - http-outgoing-14 >> "[\r][\n]"
02:20:39.049 [Test worker] DEBUG org.apache.http.wire - http-outgoing-14 << "H"
02:20:39.049 [Test worker] DEBUG org.apache.http.wire - http-outgoing-14 << "TTP/1.1 201 Created[\r][\n]"
02:20:39.049 [Test worker] DEBUG org.apache.http.wire - http-outgoing-14 << "Content-Type: application/json[\r][\n]"
02:20:39.049 [Test worker] DEBUG org.apache.http.wire - http-outgoing-14 << "Server: Docker/1.12.3 (linux)[\r][\n]"
02:20:39.049 [Test worker] DEBUG org.apache.http.wire - http-outgoing-14 << "Date: Tue, 03 Jan 2017 01:20:39 GMT[\r][\n]"
02:20:39.049 [Test worker] DEBUG org.apache.http.wire - http-outgoing-14 << "Content-Length: 87[\r][\n]"
02:20:39.049 [Test worker] DEBUG org.apache.http.wire - http-outgoing-14 << "[\r][\n]"
02:20:39.049 [Test worker] DEBUG org.apache.http.wire - http-outgoing-14 << "{"Id":"76e6e77b6065671155cf4c86b7ebc25bd40283d18bcb330f33c528085a465f94","Warning":""}[\n]"
02:20:39.050 [Test worker] DEBUG org.apache.http.headers - http-outgoing-14 << HTTP/1.1 201 Created
02:20:39.050 [Test worker] DEBUG org.apache.http.headers - http-outgoing-14 << Content-Type: application/json
02:20:39.050 [Test worker] DEBUG org.apache.http.headers - http-outgoing-14 << Server: Docker/1.12.3 (linux)
02:20:39.050 [Test worker] DEBUG org.apache.http.headers - http-outgoing-14 << Date: Tue, 03 Jan 2017 01:20:39 GMT
02:20:39.050 [Test worker] DEBUG org.apache.http.headers - http-outgoing-14 << Content-Length: 87
02:20:39.050 [Test worker] DEBUG o.a.h.impl.execchain.MainClientExec - Connection can be kept alive indefinitely
02:20:39.050 [Test worker] DEBUG c.g.d.j.JerseyDockerCmdExecFactory - 8 * Client response received on thread Test worker
8 < 201
8 < Content-Length: 87
8 < Content-Type: application/json
8 < Date: Tue, 03 Jan 2017 01:20:39 GMT
8 < Server: Docker/1.12.3 (linux)
{"Id":"76e6e77b6065671155cf4c86b7ebc25bd40283d18bcb330f33c528085a465f94","Warning":""}


02:20:39.051 [Test worker] DEBUG o.a.h.i.c.DefaultManagedHttpClientConnection - http-outgoing-14: Close connection
02:20:39.055 [Test worker] DEBUG o.a.h.impl.execchain.MainClientExec - Connection discarded
02:20:39.058 [Test worker] DEBUG c.g.d.j.JerseyDockerCmdExecFactory$1 - Connection released: [id: 14][route: {s}->https://Thesis:2376][total kept alive: 1; route allocated: 1 of 2; total allocated: 1 of 20]
02:20:39.058 [Test worker] DEBUG c.g.d.core.command.AbstrDockerCmd - Cmd: 76e6e77b6065671155cf4c86b7ebc25bd40283d18bcb330f33c528085a465f94,com.github.dockerjava.jaxrs.InspectNetworkCmdExec@32b76997
02:20:39.060 [Test worker] DEBUG c.g.d.jaxrs.ListNetworksCmdExec - GET: JerseyWebTarget { https://Thesis:2376/networks/76e6e77b6065671155cf4c86b7ebc25bd40283d18bcb330f33c528085a465f94 }
02:20:39.063 [Test worker] DEBUG c.g.d.j.JerseyDockerCmdExecFactory - 9 * Sending client request on thread Test worker
9 > GET https://Thesis:2376/networks/76e6e77b6065671155cf4c86b7ebc25bd40283d18bcb330f33c528085a465f94
9 > Accept: application/json

02:20:39.069 [Test worker] DEBUG o.a.h.c.protocol.RequestAddCookies - CookieSpec selected: default
02:20:39.072 [Test worker] DEBUG o.a.h.c.protocol.RequestAuthCache - Auth cache not set in the context
02:20:39.073 [Test worker] DEBUG c.g.d.j.JerseyDockerCmdExecFactory$1 - Connection request: [route: {s}->https://Thesis:2376][total kept alive: 1; route allocated: 1 of 2; total allocated: 1 of 20]
02:20:39.073 [Test worker] DEBUG c.g.d.j.JerseyDockerCmdExecFactory$1 - Connection leased: [id: 15][route: {s}->https://Thesis:2376][total kept alive: 1; route allocated: 2 of 2; total allocated: 2 of 20]
02:20:39.073 [Test worker] DEBUG o.a.h.impl.execchain.MainClientExec - Opening connection {s}->https://Thesis:2376
02:20:39.073 [Test worker] DEBUG o.a.h.i.c.DefaultHttpClientConnectionOperator - Connecting to Thesis/127.0.1.1:2376
02:20:39.074 [Test worker] DEBUG o.a.h.c.s.SSLConnectionSocketFactory - Connecting socket to Thesis/127.0.1.1:2376 with timeout 0
02:20:39.082 [Test worker] DEBUG o.a.h.c.s.SSLConnectionSocketFactory - Enabled protocols: [TLSv1]
02:20:39.090 [Test worker] DEBUG o.a.h.c.s.SSLConnectionSocketFactory - Enabled cipher suites:[TLS_ECDHE_ECDSA_WITH_AES_128_CBC_SHA, TLS_ECDHE_RSA_WITH_AES_128_CBC_SHA, TLS_RSA_WITH_AES_128_CBC_SHA, TLS_ECDH_ECDSA_WITH_AES_128_CBC_SHA, TLS_ECDH_RSA_WITH_AES_128_CBC_SHA, TLS_DHE_RSA_WITH_AES_128_CBC_SHA, TLS_DHE_DSS_WITH_AES_128_CBC_SHA, TLS_ECDHE_ECDSA_WITH_3DES_EDE_CBC_SHA, TLS_ECDHE_RSA_WITH_3DES_EDE_CBC_SHA, SSL_RSA_WITH_3DES_EDE_CBC_SHA, TLS_ECDH_ECDSA_WITH_3DES_EDE_CBC_SHA, TLS_ECDH_RSA_WITH_3DES_EDE_CBC_SHA, SSL_DHE_RSA_WITH_3DES_EDE_CBC_SHA, SSL_DHE_DSS_WITH_3DES_EDE_CBC_SHA, TLS_ECDHE_ECDSA_WITH_RC4_128_SHA, TLS_ECDHE_RSA_WITH_RC4_128_SHA, SSL_RSA_WITH_RC4_128_SHA, TLS_ECDH_ECDSA_WITH_RC4_128_SHA, TLS_ECDH_RSA_WITH_RC4_128_SHA, SSL_RSA_WITH_RC4_128_MD5, TLS_EMPTY_RENEGOTIATION_INFO_SCSV]
02:20:39.093 [Test worker] DEBUG o.a.h.c.s.SSLConnectionSocketFactory - Starting handshake
02:20:39.230 [Test worker] DEBUG o.a.h.c.s.SSLConnectionSocketFactory - Secure session established
02:20:39.230 [Test worker] DEBUG o.a.h.c.s.SSLConnectionSocketFactory -  negotiated protocol: TLSv1
02:20:39.230 [Test worker] DEBUG o.a.h.c.s.SSLConnectionSocketFactory -  negotiated cipher suite: TLS_ECDHE_RSA_WITH_AES_128_CBC_SHA
02:20:39.231 [Test worker] DEBUG o.a.h.c.s.SSLConnectionSocketFactory -  peer principal: CN=Thesis
02:20:39.231 [Test worker] DEBUG o.a.h.c.s.SSLConnectionSocketFactory -  issuer principal: EMAILADDRESS=sha@yamil.com, CN=Thesis, OU=Open, O=Fra, L=BER, ST=BER, C=DE
02:20:39.231 [Test worker] DEBUG o.a.h.i.c.DefaultHttpClientConnectionOperator - Connection established 127.0.0.1:40904<->127.0.1.1:2376
02:20:39.231 [Test worker] DEBUG o.a.h.impl.execchain.MainClientExec - Executing request GET /networks/76e6e77b6065671155cf4c86b7ebc25bd40283d18bcb330f33c528085a465f94 HTTP/1.1
02:20:39.231 [Test worker] DEBUG o.a.h.impl.execchain.MainClientExec - Target auth state: UNCHALLENGED
02:20:39.232 [Test worker] DEBUG o.a.h.impl.execchain.MainClientExec - Proxy auth state: UNCHALLENGED
02:20:39.232 [Test worker] DEBUG org.apache.http.headers - http-outgoing-15 >> GET /networks/76e6e77b6065671155cf4c86b7ebc25bd40283d18bcb330f33c528085a465f94 HTTP/1.1
02:20:39.232 [Test worker] DEBUG org.apache.http.headers - http-outgoing-15 >> Accept: application/json
02:20:39.232 [Test worker] DEBUG org.apache.http.headers - http-outgoing-15 >> User-Agent: Jersey/2.23.1 (Apache HttpClient 4.5.1)
02:20:39.233 [Test worker] DEBUG org.apache.http.headers - http-outgoing-15 >> Host: Thesis:2376
02:20:39.233 [Test worker] DEBUG org.apache.http.headers - http-outgoing-15 >> Connection: Keep-Alive
02:20:39.233 [Test worker] DEBUG org.apache.http.headers - http-outgoing-15 >> Accept-Encoding: gzip,deflate
02:20:39.233 [Test worker] DEBUG org.apache.http.wire - http-outgoing-15 >> "GET /networks/76e6e77b6065671155cf4c86b7ebc25bd40283d18bcb330f33c528085a465f94 HTTP/1.1[\r][\n]"
02:20:39.233 [Test worker] DEBUG org.apache.http.wire - http-outgoing-15 >> "Accept: application/json[\r][\n]"
02:20:39.233 [Test worker] DEBUG org.apache.http.wire - http-outgoing-15 >> "User-Agent: Jersey/2.23.1 (Apache HttpClient 4.5.1)[\r][\n]"
02:20:39.234 [Test worker] DEBUG org.apache.http.wire - http-outgoing-15 >> "Host: Thesis:2376[\r][\n]"
02:20:39.234 [Test worker] DEBUG org.apache.http.wire - http-outgoing-15 >> "Connection: Keep-Alive[\r][\n]"
02:20:39.234 [Test worker] DEBUG org.apache.http.wire - http-outgoing-15 >> "Accept-Encoding: gzip,deflate[\r][\n]"
02:20:39.234 [Test worker] DEBUG org.apache.http.wire - http-outgoing-15 >> "[\r][\n]"
02:20:39.235 [Test worker] DEBUG org.apache.http.wire - http-outgoing-15 << "H"
02:20:39.235 [Test worker] DEBUG org.apache.http.wire - http-outgoing-15 << "TTP/1.1 200 OK[\r][\n]"
02:20:39.235 [Test worker] DEBUG org.apache.http.wire - http-outgoing-15 << "Content-Type: application/json[\r][\n]"
02:20:39.239 [Test worker] DEBUG org.apache.http.wire - http-outgoing-15 << "Server: Docker/1.12.3 (linux)[\r][\n]"
02:20:39.239 [Test worker] DEBUG org.apache.http.wire - http-outgoing-15 << "Date: Tue, 03 Jan 2017 01:20:39 GMT[\r][\n]"
02:20:39.240 [Test worker] DEBUG org.apache.http.wire - http-outgoing-15 << "Content-Length: 311[\r][\n]"
02:20:39.240 [Test worker] DEBUG org.apache.http.wire - http-outgoing-15 << "[\r][\n]"
02:20:39.240 [Test worker] DEBUG org.apache.http.wire - http-outgoing-15 << "{"Name":"MyNetwork","Id":"76e6e77b6065671155cf4c86b7ebc25bd40283d18bcb330f33c528085a465f94","Scope":"local","Driver":"bridge","EnableIPv6":false,"IPAM":{"Driver":"default","Options":null,"Config":[{"Subnet":"172.18.0.0/16","Gateway":"172.18.0.1/16"}]},"Internal":false,"Containers":{},"Options":{},"Labels":{}}[\n]"
02:20:39.240 [Test worker] DEBUG org.apache.http.headers - http-outgoing-15 << HTTP/1.1 200 OK
02:20:39.241 [Test worker] DEBUG org.apache.http.headers - http-outgoing-15 << Content-Type: application/json
02:20:39.241 [Test worker] DEBUG org.apache.http.headers - http-outgoing-15 << Server: Docker/1.12.3 (linux)
02:20:39.241 [Test worker] DEBUG org.apache.http.headers - http-outgoing-15 << Date: Tue, 03 Jan 2017 01:20:39 GMT
02:20:39.241 [Test worker] DEBUG org.apache.http.headers - http-outgoing-15 << Content-Length: 311
02:20:39.241 [Test worker] DEBUG o.a.h.impl.execchain.MainClientExec - Connection can be kept alive indefinitely
02:20:39.242 [Test worker] DEBUG c.g.d.j.JerseyDockerCmdExecFactory - 10 * Client response received on thread Test worker
10 < 200
10 < Content-Length: 311
10 < Content-Type: application/json
10 < Date: Tue, 03 Jan 2017 01:20:39 GMT
10 < Server: Docker/1.12.3 (linux)
{"Name":"MyNetwork","Id":"76e6e77b6065671155cf4c86b7ebc25bd40283d18bcb330f33c528085a465f94","Scope":"local","Driver":"bridge","EnableIPv6":false,"IPAM":{"Driver":"default","Options":null,"Config":[{"Subnet":"172.18.0.0/16","Gateway":"172.18.0.1/16"}]},"Internal":false,"Containers":{},"Options":{},"Labels":{}}


02:20:39.244 [Test worker] DEBUG o.a.h.i.c.DefaultManagedHttpClientConnection - http-outgoing-15: Close connection
02:20:39.244 [Test worker] DEBUG o.a.h.impl.execchain.MainClientExec - Connection discarded
02:20:39.244 [Test worker] DEBUG c.g.d.j.JerseyDockerCmdExecFactory$1 - Connection released: [id: 15][route: {s}->https://Thesis:2376][total kept alive: 1; route allocated: 1 of 2; total allocated: 1 of 20]
02:20:39.244 [Test worker] DEBUG org.openbaton.docker.DockerVim - Network successfully created
02:20:39.245 [Test worker] DEBUG c.g.d.core.command.AbstrDockerCmd - Cmd: com.github.dockerjava.core.util.FiltersBuilder@0,com.github.dockerjava.jaxrs.ListNetworksCmdExec@2dba20a1
02:20:39.245 [Test worker] DEBUG c.g.d.j.JerseyDockerCmdExecFactory - 11 * Sending client request on thread Test worker
11 > GET https://Thesis:2376/networks
11 > Accept: application/json

02:20:39.246 [Test worker] DEBUG o.a.h.c.protocol.RequestAddCookies - CookieSpec selected: default
02:20:39.246 [Test worker] DEBUG o.a.h.c.protocol.RequestAuthCache - Auth cache not set in the context
02:20:39.246 [Test worker] DEBUG c.g.d.j.JerseyDockerCmdExecFactory$1 - Connection request: [route: {s}->https://Thesis:2376][total kept alive: 1; route allocated: 1 of 2; total allocated: 1 of 20]
02:20:39.246 [Test worker] DEBUG c.g.d.j.JerseyDockerCmdExecFactory$1 - Connection leased: [id: 16][route: {s}->https://Thesis:2376][total kept alive: 1; route allocated: 2 of 2; total allocated: 2 of 20]
02:20:39.247 [Test worker] DEBUG o.a.h.impl.execchain.MainClientExec - Opening connection {s}->https://Thesis:2376
02:20:39.247 [Test worker] DEBUG o.a.h.i.c.DefaultHttpClientConnectionOperator - Connecting to Thesis/127.0.1.1:2376
02:20:39.247 [Test worker] DEBUG o.a.h.c.s.SSLConnectionSocketFactory - Connecting socket to Thesis/127.0.1.1:2376 with timeout 0
02:20:39.260 [Test worker] DEBUG o.a.h.c.s.SSLConnectionSocketFactory - Enabled protocols: [TLSv1]
02:20:39.260 [Test worker] DEBUG o.a.h.c.s.SSLConnectionSocketFactory - Enabled cipher suites:[TLS_ECDHE_ECDSA_WITH_AES_128_CBC_SHA, TLS_ECDHE_RSA_WITH_AES_128_CBC_SHA, TLS_RSA_WITH_AES_128_CBC_SHA, TLS_ECDH_ECDSA_WITH_AES_128_CBC_SHA, TLS_ECDH_RSA_WITH_AES_128_CBC_SHA, TLS_DHE_RSA_WITH_AES_128_CBC_SHA, TLS_DHE_DSS_WITH_AES_128_CBC_SHA, TLS_ECDHE_ECDSA_WITH_3DES_EDE_CBC_SHA, TLS_ECDHE_RSA_WITH_3DES_EDE_CBC_SHA, SSL_RSA_WITH_3DES_EDE_CBC_SHA, TLS_ECDH_ECDSA_WITH_3DES_EDE_CBC_SHA, TLS_ECDH_RSA_WITH_3DES_EDE_CBC_SHA, SSL_DHE_RSA_WITH_3DES_EDE_CBC_SHA, SSL_DHE_DSS_WITH_3DES_EDE_CBC_SHA, TLS_ECDHE_ECDSA_WITH_RC4_128_SHA, TLS_ECDHE_RSA_WITH_RC4_128_SHA, SSL_RSA_WITH_RC4_128_SHA, TLS_ECDH_ECDSA_WITH_RC4_128_SHA, TLS_ECDH_RSA_WITH_RC4_128_SHA, SSL_RSA_WITH_RC4_128_MD5, TLS_EMPTY_RENEGOTIATION_INFO_SCSV]
02:20:39.260 [Test worker] DEBUG o.a.h.c.s.SSLConnectionSocketFactory - Starting handshake
02:20:39.335 [Test worker] DEBUG o.a.h.c.s.SSLConnectionSocketFactory - Secure session established
02:20:39.335 [Test worker] DEBUG o.a.h.c.s.SSLConnectionSocketFactory -  negotiated protocol: TLSv1
02:20:39.335 [Test worker] DEBUG o.a.h.c.s.SSLConnectionSocketFactory -  negotiated cipher suite: TLS_ECDHE_RSA_WITH_AES_128_CBC_SHA
02:20:39.335 [Test worker] DEBUG o.a.h.c.s.SSLConnectionSocketFactory -  peer principal: CN=Thesis
02:20:39.336 [Test worker] DEBUG o.a.h.c.s.SSLConnectionSocketFactory -  issuer principal: EMAILADDRESS=sha@yamil.com, CN=Thesis, OU=Open, O=Fra, L=BER, ST=BER, C=DE
02:20:39.336 [Test worker] DEBUG o.a.h.i.c.DefaultHttpClientConnectionOperator - Connection established 127.0.0.1:40906<->127.0.1.1:2376
02:20:39.336 [Test worker] DEBUG o.a.h.impl.execchain.MainClientExec - Executing request GET /networks HTTP/1.1
02:20:39.336 [Test worker] DEBUG o.a.h.impl.execchain.MainClientExec - Target auth state: UNCHALLENGED
02:20:39.336 [Test worker] DEBUG o.a.h.impl.execchain.MainClientExec - Proxy auth state: UNCHALLENGED
02:20:39.337 [Test worker] DEBUG org.apache.http.headers - http-outgoing-16 >> GET /networks HTTP/1.1
02:20:39.337 [Test worker] DEBUG org.apache.http.headers - http-outgoing-16 >> Accept: application/json
02:20:39.337 [Test worker] DEBUG org.apache.http.headers - http-outgoing-16 >> User-Agent: Jersey/2.23.1 (Apache HttpClient 4.5.1)
02:20:39.337 [Test worker] DEBUG org.apache.http.headers - http-outgoing-16 >> Host: Thesis:2376
02:20:39.337 [Test worker] DEBUG org.apache.http.headers - http-outgoing-16 >> Connection: Keep-Alive
02:20:39.337 [Test worker] DEBUG org.apache.http.headers - http-outgoing-16 >> Accept-Encoding: gzip,deflate
02:20:39.338 [Test worker] DEBUG org.apache.http.wire - http-outgoing-16 >> "GET /networks HTTP/1.1[\r][\n]"
02:20:39.338 [Test worker] DEBUG org.apache.http.wire - http-outgoing-16 >> "Accept: application/json[\r][\n]"
02:20:39.338 [Test worker] DEBUG org.apache.http.wire - http-outgoing-16 >> "User-Agent: Jersey/2.23.1 (Apache HttpClient 4.5.1)[\r][\n]"
02:20:39.338 [Test worker] DEBUG org.apache.http.wire - http-outgoing-16 >> "Host: Thesis:2376[\r][\n]"
02:20:39.338 [Test worker] DEBUG org.apache.http.wire - http-outgoing-16 >> "Connection: Keep-Alive[\r][\n]"
02:20:39.338 [Test worker] DEBUG org.apache.http.wire - http-outgoing-16 >> "Accept-Encoding: gzip,deflate[\r][\n]"
02:20:39.340 [Test worker] DEBUG org.apache.http.wire - http-outgoing-16 >> "[\r][\n]"
02:20:39.341 [Test worker] DEBUG org.apache.http.wire - http-outgoing-16 << "H"
02:20:39.341 [Test worker] DEBUG org.apache.http.wire - http-outgoing-16 << "TTP/1.1 200 OK[\r][\n]"
02:20:39.342 [Test worker] DEBUG org.apache.http.wire - http-outgoing-16 << "Content-Type: application/json[\r][\n]"
02:20:39.342 [Test worker] DEBUG org.apache.http.wire - http-outgoing-16 << "Server: Docker/1.12.3 (linux)[\r][\n]"
02:20:39.342 [Test worker] DEBUG org.apache.http.wire - http-outgoing-16 << "Date: Tue, 03 Jan 2017 01:20:39 GMT[\r][\n]"
02:20:39.342 [Test worker] DEBUG org.apache.http.wire - http-outgoing-16 << "Content-Length: 1411[\r][\n]"
02:20:39.342 [Test worker] DEBUG org.apache.http.wire - http-outgoing-16 << "[\r][\n]"
02:20:39.342 [Test worker] DEBUG org.apache.http.wire - http-outgoing-16 << "[{"Name":"MyNetwork","Id":"76e6e77b6065671155cf4c86b7ebc25bd40283d18bcb330f33c528085a465f94","Scope":"local","Driver":"bridge","EnableIPv6":false,"IPAM":{"Driver":"default","Options":null,"Config":[{"Subnet":"172.18.0.0/16","Gateway":"172.18.0.1/16"}]},"Internal":false,"Containers":{},"Options":{},"Labels":{}},{"Name":"none","Id":"4d89c194eb79cd2beb38458d10a1b98c74d6b8462af72afde29ae7aca53ed5ca","Scope":"local","Driver":"null","EnableIPv6":false,"IPAM":{"Driver":"default","Options":null,"Config":[]},"Internal":false,"Containers":{},"Options":{},"Labels":{}},{"Name":"bridge","Id":"e0d36057aa1769e9fd52ba88be81b698b495f9b6b4946d0f98f24d971a27fc98","Scope":"local","Driver":"bridge","EnableIPv6":false,"IPAM":{"Driver":"default","Options":null,"Config":[{"Subnet":"172.17.0.0/16","Gateway":"172.17.0.1"}]},"Internal":false,"Containers":{},"Options":{"com.docker.network.bridge.default_bridge":"true","com.docker.network.bridge.enable_icc":"true","com.docker.network.bridge.enable_ip_masquerade":"true","com.docker.network.bridge.host_binding_ipv4":"0.0.0.0","com.docker.network.bridge.name":"docker0","com.docker.network.driver.mtu":"1500"},"Labels":{}},{"Name":"host","Id":"fe042b0866671b5be4f097ba43830c0a02959c058702d18e18c14a24d88a357d","Scope":"local","Driver":"host","EnableIPv6":false,"IPAM":{"Driver":"default","Options":null,"Config":[]},"Internal":false,"Containers":{},"Options":{},"Labels":{}}][\n]"
02:20:39.343 [Test worker] DEBUG org.apache.http.headers - http-outgoing-16 << HTTP/1.1 200 OK
02:20:39.343 [Test worker] DEBUG org.apache.http.headers - http-outgoing-16 << Content-Type: application/json
02:20:39.343 [Test worker] DEBUG org.apache.http.headers - http-outgoing-16 << Server: Docker/1.12.3 (linux)
02:20:39.343 [Test worker] DEBUG org.apache.http.headers - http-outgoing-16 << Date: Tue, 03 Jan 2017 01:20:39 GMT
02:20:39.343 [Test worker] DEBUG org.apache.http.headers - http-outgoing-16 << Content-Length: 1411
02:20:39.344 [Test worker] DEBUG o.a.h.impl.execchain.MainClientExec - Connection can be kept alive indefinitely
02:20:39.344 [Test worker] DEBUG c.g.d.j.JerseyDockerCmdExecFactory - 12 * Client response received on thread Test worker
12 < 200
12 < Content-Length: 1411
12 < Content-Type: application/json
12 < Date: Tue, 03 Jan 2017 01:20:39 GMT
12 < Server: Docker/1.12.3 (linux)
[{"Name":"MyNetwork","Id":"76e6e77b6065671155cf4c86b7ebc25bd40283d18bcb330f33c528085a465f94","Scope":"local","Driver":"bridge","EnableIPv6":false,"IPAM":{"Driver":"default","Options":null,"Config":[{"Subnet":"172.18.0.0/16","Gateway":"172.18.0.1/16"}]},"Internal":false,"Containers":{},"Options":{},"Labels":{}},{"Name":"none","Id":"4d89c194eb79cd2beb38458d10a1b98c74d6b8462af72afde29ae7aca53ed5ca","Scope":"local","Driver":"null","EnableIPv6":false,"IPAM":{"Driver":"default","Options":null,"Config":[]},"Internal":false,"Containers":{},"Options":{},"Labels":{}},{"Name":"bridge","Id":"e0d36057aa1769e9fd52ba88be81b698b495f9b6b4946d0f98f24d971a27fc98","Scope":"local","Driver":"bridge","EnableIPv6":false,"IPAM":{"Driver":"default","Options":null,"Config":[{"Subnet":"172.17.0.0/16","Gateway":"172.17.0.1"}]},"Internal":false,"Containers":{},"Options":{"com.docker.network.bridge.default_bridge":"true","com.docker.network.bridge.enable_icc":"true","com.docker.network.bridge.enable_ip_masquerade":"true","com.docker.network.bridge.host_binding_ipv4":"0.0.0.0","com.docker.network.bridge.name":"docker0","com.docker.network.driver.mtu":"1500"},"Labels":{}},{"Name":"host","Id":"fe042b0866671b5be4f097ba43830c0a02959c058702d18e18c14a24d88a357d","Scope":"local","Driver":"host","EnableIPv6":false,"IPAM":{"Driver":"default","Options":null,"Config":[]},"Internal":false,"Containers":{},"Options":{},"Labels":{}}]


02:20:39.346 [Test worker] DEBUG o.a.h.i.c.DefaultManagedHttpClientConnection - http-outgoing-16: Close connection
02:20:39.346 [Test worker] DEBUG o.a.h.impl.execchain.MainClientExec - Connection discarded
02:20:39.346 [Test worker] DEBUG c.g.d.j.JerseyDockerCmdExecFactory$1 - Connection released: [id: 16][route: {s}->https://Thesis:2376][total kept alive: 1; route allocated: 1 of 2; total allocated: 1 of 20]
02:20:39.347 [Test worker] DEBUG org.openbaton.docker.DockerVim - Found a docker network, transformed into a NFV network Network{id='76e6e77b6065671155cf4c86b7ebc25bd40283d18bcb330f33c528085a465f94', name='MyNetwork', extId='null', external=false, shared=false, subnets=[Subnet{id='null', version=0, name='bridge', extId='null', networkId='172.18.0.0/16', cidr='null', gatewayIp='172.18.0.1/16'}]}
02:20:39.347 [Test worker] DEBUG c.g.d.core.command.AbstrDockerCmd - Cmd: -1,<null>,true,<null>,<null>,com.github.dockerjava.core.util.FiltersBuilder@0,com.github.dockerjava.jaxrs.ListContainersCmdExec@26560acc
02:20:39.353 [Test worker] DEBUG c.g.d.j.JerseyDockerCmdExecFactory - 13 * Sending client request on thread Test worker
13 > GET https://Thesis:2376/containers/json?all=true
13 > Accept: application/json

02:20:39.354 [Test worker] DEBUG o.a.h.c.protocol.RequestAddCookies - CookieSpec selected: default
02:20:39.354 [Test worker] DEBUG o.a.h.c.protocol.RequestAuthCache - Auth cache not set in the context
02:20:39.355 [Test worker] DEBUG c.g.d.j.JerseyDockerCmdExecFactory$1 - Connection request: [route: {s}->https://Thesis:2376][total kept alive: 1; route allocated: 1 of 2; total allocated: 1 of 20]
02:20:39.355 [Test worker] DEBUG c.g.d.j.JerseyDockerCmdExecFactory$1 - Connection leased: [id: 17][route: {s}->https://Thesis:2376][total kept alive: 1; route allocated: 2 of 2; total allocated: 2 of 20]
02:20:39.355 [Test worker] DEBUG o.a.h.impl.execchain.MainClientExec - Opening connection {s}->https://Thesis:2376
02:20:39.355 [Test worker] DEBUG o.a.h.i.c.DefaultHttpClientConnectionOperator - Connecting to Thesis/127.0.1.1:2376
02:20:39.356 [Test worker] DEBUG o.a.h.c.s.SSLConnectionSocketFactory - Connecting socket to Thesis/127.0.1.1:2376 with timeout 0
02:20:39.357 [Test worker] DEBUG o.a.h.c.s.SSLConnectionSocketFactory - Enabled protocols: [TLSv1]
02:20:39.357 [Test worker] DEBUG o.a.h.c.s.SSLConnectionSocketFactory - Enabled cipher suites:[TLS_ECDHE_ECDSA_WITH_AES_128_CBC_SHA, TLS_ECDHE_RSA_WITH_AES_128_CBC_SHA, TLS_RSA_WITH_AES_128_CBC_SHA, TLS_ECDH_ECDSA_WITH_AES_128_CBC_SHA, TLS_ECDH_RSA_WITH_AES_128_CBC_SHA, TLS_DHE_RSA_WITH_AES_128_CBC_SHA, TLS_DHE_DSS_WITH_AES_128_CBC_SHA, TLS_ECDHE_ECDSA_WITH_3DES_EDE_CBC_SHA, TLS_ECDHE_RSA_WITH_3DES_EDE_CBC_SHA, SSL_RSA_WITH_3DES_EDE_CBC_SHA, TLS_ECDH_ECDSA_WITH_3DES_EDE_CBC_SHA, TLS_ECDH_RSA_WITH_3DES_EDE_CBC_SHA, SSL_DHE_RSA_WITH_3DES_EDE_CBC_SHA, SSL_DHE_DSS_WITH_3DES_EDE_CBC_SHA, TLS_ECDHE_ECDSA_WITH_RC4_128_SHA, TLS_ECDHE_RSA_WITH_RC4_128_SHA, SSL_RSA_WITH_RC4_128_SHA, TLS_ECDH_ECDSA_WITH_RC4_128_SHA, TLS_ECDH_RSA_WITH_RC4_128_SHA, SSL_RSA_WITH_RC4_128_MD5, TLS_EMPTY_RENEGOTIATION_INFO_SCSV]
02:20:39.357 [Test worker] DEBUG o.a.h.c.s.SSLConnectionSocketFactory - Starting handshake
02:20:39.429 [Test worker] DEBUG o.a.h.c.s.SSLConnectionSocketFactory - Secure session established
02:20:39.429 [Test worker] DEBUG o.a.h.c.s.SSLConnectionSocketFactory -  negotiated protocol: TLSv1
02:20:39.429 [Test worker] DEBUG o.a.h.c.s.SSLConnectionSocketFactory -  negotiated cipher suite: TLS_ECDHE_RSA_WITH_AES_128_CBC_SHA
02:20:39.430 [Test worker] DEBUG o.a.h.c.s.SSLConnectionSocketFactory -  peer principal: CN=Thesis
02:20:39.430 [Test worker] DEBUG o.a.h.c.s.SSLConnectionSocketFactory -  issuer principal: EMAILADDRESS=sha@yamil.com, CN=Thesis, OU=Open, O=Fra, L=BER, ST=BER, C=DE
02:20:39.430 [Test worker] DEBUG o.a.h.i.c.DefaultHttpClientConnectionOperator - Connection established 127.0.0.1:40908<->127.0.1.1:2376
02:20:39.430 [Test worker] DEBUG o.a.h.impl.execchain.MainClientExec - Executing request GET /containers/json?all=true HTTP/1.1
02:20:39.437 [Test worker] DEBUG o.a.h.impl.execchain.MainClientExec - Target auth state: UNCHALLENGED
02:20:39.437 [Test worker] DEBUG o.a.h.impl.execchain.MainClientExec - Proxy auth state: UNCHALLENGED
02:20:39.437 [Test worker] DEBUG org.apache.http.headers - http-outgoing-17 >> GET /containers/json?all=true HTTP/1.1
02:20:39.438 [Test worker] DEBUG org.apache.http.headers - http-outgoing-17 >> Accept: application/json
02:20:39.438 [Test worker] DEBUG org.apache.http.headers - http-outgoing-17 >> User-Agent: Jersey/2.23.1 (Apache HttpClient 4.5.1)
02:20:39.438 [Test worker] DEBUG org.apache.http.headers - http-outgoing-17 >> Host: Thesis:2376
02:20:39.438 [Test worker] DEBUG org.apache.http.headers - http-outgoing-17 >> Connection: Keep-Alive
02:20:39.438 [Test worker] DEBUG org.apache.http.headers - http-outgoing-17 >> Accept-Encoding: gzip,deflate
02:20:39.439 [Test worker] DEBUG org.apache.http.wire - http-outgoing-17 >> "GET /containers/json?all=true HTTP/1.1[\r][\n]"
02:20:39.439 [Test worker] DEBUG org.apache.http.wire - http-outgoing-17 >> "Accept: application/json[\r][\n]"
02:20:39.439 [Test worker] DEBUG org.apache.http.wire - http-outgoing-17 >> "User-Agent: Jersey/2.23.1 (Apache HttpClient 4.5.1)[\r][\n]"
02:20:39.439 [Test worker] DEBUG org.apache.http.wire - http-outgoing-17 >> "Host: Thesis:2376[\r][\n]"
02:20:39.439 [Test worker] DEBUG org.apache.http.wire - http-outgoing-17 >> "Connection: Keep-Alive[\r][\n]"
02:20:39.440 [Test worker] DEBUG org.apache.http.wire - http-outgoing-17 >> "Accept-Encoding: gzip,deflate[\r][\n]"
02:20:39.440 [Test worker] DEBUG org.apache.http.wire - http-outgoing-17 >> "[\r][\n]"
02:20:39.440 [Test worker] DEBUG org.apache.http.wire - http-outgoing-17 << "H"
02:20:39.440 [Test worker] DEBUG org.apache.http.wire - http-outgoing-17 << "TTP/1.1 200 OK[\r][\n]"
02:20:39.441 [Test worker] DEBUG org.apache.http.wire - http-outgoing-17 << "Content-Type: application/json[\r][\n]"
02:20:39.441 [Test worker] DEBUG org.apache.http.wire - http-outgoing-17 << "Server: Docker/1.12.3 (linux)[\r][\n]"
02:20:39.442 [Test worker] DEBUG org.apache.http.wire - http-outgoing-17 << "Date: Tue, 03 Jan 2017 01:20:39 GMT[\r][\n]"
02:20:39.442 [Test worker] DEBUG org.apache.http.wire - http-outgoing-17 << "Content-Length: 3[\r][\n]"
02:20:39.442 [Test worker] DEBUG org.apache.http.wire - http-outgoing-17 << "[\r][\n]"
02:20:39.442 [Test worker] DEBUG org.apache.http.wire - http-outgoing-17 << "[][\n]"
02:20:39.443 [Test worker] DEBUG org.apache.http.headers - http-outgoing-17 << HTTP/1.1 200 OK
02:20:39.443 [Test worker] DEBUG org.apache.http.headers - http-outgoing-17 << Content-Type: application/json
02:20:39.443 [Test worker] DEBUG org.apache.http.headers - http-outgoing-17 << Server: Docker/1.12.3 (linux)
02:20:39.443 [Test worker] DEBUG org.apache.http.headers - http-outgoing-17 << Date: Tue, 03 Jan 2017 01:20:39 GMT
02:20:39.443 [Test worker] DEBUG org.apache.http.headers - http-outgoing-17 << Content-Length: 3
02:20:39.443 [Test worker] DEBUG o.a.h.impl.execchain.MainClientExec - Connection can be kept alive indefinitely
02:20:39.444 [Test worker] DEBUG c.g.d.j.JerseyDockerCmdExecFactory - 14 * Client response received on thread Test worker
14 < 200
14 < Content-Length: 3
14 < Content-Type: application/json
14 < Date: Tue, 03 Jan 2017 01:20:39 GMT
14 < Server: Docker/1.12.3 (linux)
[]


02:20:39.445 [Test worker] DEBUG c.g.d.j.JerseyDockerCmdExecFactory$1 - Connection [id: 17][route: {s}->https://Thesis:2376][state: CN=Thesis] can be kept alive indefinitely
02:20:39.446 [Test worker] DEBUG c.g.d.j.JerseyDockerCmdExecFactory$1 - Connection released: [id: 17][route: {s}->https://Thesis:2376][state: CN=Thesis][total kept alive: 2; route allocated: 2 of 2; total allocated: 2 of 20]
02:20:39.446 [Test worker] DEBUG c.g.d.core.command.AbstrDockerCmd - Cmd: com.github.dockerjava.core.util.FiltersBuilder@0,com.github.dockerjava.jaxrs.ListNetworksCmdExec@61054ce6
02:20:39.447 [Test worker] DEBUG c.g.d.j.JerseyDockerCmdExecFactory - 15 * Sending client request on thread Test worker
15 > GET https://Thesis:2376/networks
15 > Accept: application/json

02:20:39.447 [Test worker] DEBUG o.a.h.c.protocol.RequestAddCookies - CookieSpec selected: default
02:20:39.448 [Test worker] DEBUG o.a.h.c.protocol.RequestAuthCache - Auth cache not set in the context
02:20:39.448 [Test worker] DEBUG c.g.d.j.JerseyDockerCmdExecFactory$1 - Connection request: [route: {s}->https://Thesis:2376][total kept alive: 2; route allocated: 2 of 2; total allocated: 2 of 20]
02:20:39.448 [Test worker] DEBUG o.a.h.i.c.DefaultManagedHttpClientConnection - http-outgoing-11: Close connection
02:20:39.448 [Test worker] DEBUG c.g.d.j.JerseyDockerCmdExecFactory$1 - Connection leased: [id: 18][route: {s}->https://Thesis:2376][total kept alive: 1; route allocated: 2 of 2; total allocated: 2 of 20]
02:20:39.449 [Test worker] DEBUG o.a.h.impl.execchain.MainClientExec - Opening connection {s}->https://Thesis:2376
02:20:39.449 [Test worker] DEBUG o.a.h.i.c.DefaultHttpClientConnectionOperator - Connecting to Thesis/127.0.1.1:2376
02:20:39.449 [Test worker] DEBUG o.a.h.c.s.SSLConnectionSocketFactory - Connecting socket to Thesis/127.0.1.1:2376 with timeout 0
02:20:39.450 [Test worker] DEBUG o.a.h.c.s.SSLConnectionSocketFactory - Enabled protocols: [TLSv1]
02:20:39.451 [Test worker] DEBUG o.a.h.c.s.SSLConnectionSocketFactory - Enabled cipher suites:[TLS_ECDHE_ECDSA_WITH_AES_128_CBC_SHA, TLS_ECDHE_RSA_WITH_AES_128_CBC_SHA, TLS_RSA_WITH_AES_128_CBC_SHA, TLS_ECDH_ECDSA_WITH_AES_128_CBC_SHA, TLS_ECDH_RSA_WITH_AES_128_CBC_SHA, TLS_DHE_RSA_WITH_AES_128_CBC_SHA, TLS_DHE_DSS_WITH_AES_128_CBC_SHA, TLS_ECDHE_ECDSA_WITH_3DES_EDE_CBC_SHA, TLS_ECDHE_RSA_WITH_3DES_EDE_CBC_SHA, SSL_RSA_WITH_3DES_EDE_CBC_SHA, TLS_ECDH_ECDSA_WITH_3DES_EDE_CBC_SHA, TLS_ECDH_RSA_WITH_3DES_EDE_CBC_SHA, SSL_DHE_RSA_WITH_3DES_EDE_CBC_SHA, SSL_DHE_DSS_WITH_3DES_EDE_CBC_SHA, TLS_ECDHE_ECDSA_WITH_RC4_128_SHA, TLS_ECDHE_RSA_WITH_RC4_128_SHA, SSL_RSA_WITH_RC4_128_SHA, TLS_ECDH_ECDSA_WITH_RC4_128_SHA, TLS_ECDH_RSA_WITH_RC4_128_SHA, SSL_RSA_WITH_RC4_128_MD5, TLS_EMPTY_RENEGOTIATION_INFO_SCSV]
02:20:39.451 [Test worker] DEBUG o.a.h.c.s.SSLConnectionSocketFactory - Starting handshake
02:20:39.517 [Test worker] DEBUG o.a.h.c.s.SSLConnectionSocketFactory - Secure session established
02:20:39.517 [Test worker] DEBUG o.a.h.c.s.SSLConnectionSocketFactory -  negotiated protocol: TLSv1
02:20:39.517 [Test worker] DEBUG o.a.h.c.s.SSLConnectionSocketFactory -  negotiated cipher suite: TLS_ECDHE_RSA_WITH_AES_128_CBC_SHA
02:20:39.518 [Test worker] DEBUG o.a.h.c.s.SSLConnectionSocketFactory -  peer principal: CN=Thesis
02:20:39.518 [Test worker] DEBUG o.a.h.c.s.SSLConnectionSocketFactory -  issuer principal: EMAILADDRESS=sha@yamil.com, CN=Thesis, OU=Open, O=Fra, L=BER, ST=BER, C=DE
02:20:39.518 [Test worker] DEBUG o.a.h.i.c.DefaultHttpClientConnectionOperator - Connection established 127.0.0.1:40910<->127.0.1.1:2376
02:20:39.518 [Test worker] DEBUG o.a.h.impl.execchain.MainClientExec - Executing request GET /networks HTTP/1.1
02:20:39.518 [Test worker] DEBUG o.a.h.impl.execchain.MainClientExec - Target auth state: UNCHALLENGED
02:20:39.519 [Test worker] DEBUG o.a.h.impl.execchain.MainClientExec - Proxy auth state: UNCHALLENGED
02:20:39.519 [Test worker] DEBUG org.apache.http.headers - http-outgoing-18 >> GET /networks HTTP/1.1
02:20:39.519 [Test worker] DEBUG org.apache.http.headers - http-outgoing-18 >> Accept: application/json
02:20:39.520 [Test worker] DEBUG org.apache.http.headers - http-outgoing-18 >> User-Agent: Jersey/2.23.1 (Apache HttpClient 4.5.1)
02:20:39.520 [Test worker] DEBUG org.apache.http.headers - http-outgoing-18 >> Host: Thesis:2376
02:20:39.520 [Test worker] DEBUG org.apache.http.headers - http-outgoing-18 >> Connection: Keep-Alive
02:20:39.520 [Test worker] DEBUG org.apache.http.headers - http-outgoing-18 >> Accept-Encoding: gzip,deflate
02:20:39.520 [Test worker] DEBUG org.apache.http.wire - http-outgoing-18 >> "GET /networks HTTP/1.1[\r][\n]"
02:20:39.520 [Test worker] DEBUG org.apache.http.wire - http-outgoing-18 >> "Accept: application/json[\r][\n]"
02:20:39.521 [Test worker] DEBUG org.apache.http.wire - http-outgoing-18 >> "User-Agent: Jersey/2.23.1 (Apache HttpClient 4.5.1)[\r][\n]"
02:20:39.521 [Test worker] DEBUG org.apache.http.wire - http-outgoing-18 >> "Host: Thesis:2376[\r][\n]"
02:20:39.521 [Test worker] DEBUG org.apache.http.wire - http-outgoing-18 >> "Connection: Keep-Alive[\r][\n]"
02:20:39.521 [Test worker] DEBUG org.apache.http.wire - http-outgoing-18 >> "Accept-Encoding: gzip,deflate[\r][\n]"
02:20:39.521 [Test worker] DEBUG org.apache.http.wire - http-outgoing-18 >> "[\r][\n]"
02:20:39.522 [Test worker] DEBUG org.apache.http.wire - http-outgoing-18 << "H"
02:20:39.522 [Test worker] DEBUG org.apache.http.wire - http-outgoing-18 << "TTP/1.1 200 OK[\r][\n]"
02:20:39.522 [Test worker] DEBUG org.apache.http.wire - http-outgoing-18 << "Content-Type: application/json[\r][\n]"
02:20:39.523 [Test worker] DEBUG org.apache.http.wire - http-outgoing-18 << "Server: Docker/1.12.3 (linux)[\r][\n]"
02:20:39.523 [Test worker] DEBUG org.apache.http.wire - http-outgoing-18 << "Date: Tue, 03 Jan 2017 01:20:39 GMT[\r][\n]"
02:20:39.523 [Test worker] DEBUG org.apache.http.wire - http-outgoing-18 << "Content-Length: 1411[\r][\n]"
02:20:39.523 [Test worker] DEBUG org.apache.http.wire - http-outgoing-18 << "[\r][\n]"
02:20:39.523 [Test worker] DEBUG org.apache.http.wire - http-outgoing-18 << "[{"Name":"host","Id":"fe042b0866671b5be4f097ba43830c0a02959c058702d18e18c14a24d88a357d","Scope":"local","Driver":"host","EnableIPv6":false,"IPAM":{"Driver":"default","Options":null,"Config":[]},"Internal":false,"Containers":{},"Options":{},"Labels":{}},{"Name":"MyNetwork","Id":"76e6e77b6065671155cf4c86b7ebc25bd40283d18bcb330f33c528085a465f94","Scope":"local","Driver":"bridge","EnableIPv6":false,"IPAM":{"Driver":"default","Options":null,"Config":[{"Subnet":"172.18.0.0/16","Gateway":"172.18.0.1/16"}]},"Internal":false,"Containers":{},"Options":{},"Labels":{}},{"Name":"none","Id":"4d89c194eb79cd2beb38458d10a1b98c74d6b8462af72afde29ae7aca53ed5ca","Scope":"local","Driver":"null","EnableIPv6":false,"IPAM":{"Driver":"default","Options":null,"Config":[]},"Internal":false,"Containers":{},"Options":{},"Labels":{}},{"Name":"bridge","Id":"e0d36057aa1769e9fd52ba88be81b698b495f9b6b4946d0f98f24d971a27fc98","Scope":"local","Driver":"bridge","EnableIPv6":false,"IPAM":{"Driver":"default","Options":null,"Config":[{"Subnet":"172.17.0.0/16","Gateway":"172.17.0.1"}]},"Internal":false,"Containers":{},"Options":{"com.docker.network.bridge.default_bridge":"true","com.docker.network.bridge.enable_icc":"true","com.docker.network.bridge.enable_ip_masquerade":"true","com.docker.network.bridge.host_binding_ipv4":"0.0.0.0","com.docker.network.bridge.name":"docker0","com.docker.network.driver.mtu":"1500"},"Labels":{}}][\n]"
02:20:39.523 [Test worker] DEBUG org.apache.http.headers - http-outgoing-18 << HTTP/1.1 200 OK
02:20:39.524 [Test worker] DEBUG org.apache.http.headers - http-outgoing-18 << Content-Type: application/json
02:20:39.524 [Test worker] DEBUG org.apache.http.headers - http-outgoing-18 << Server: Docker/1.12.3 (linux)
02:20:39.524 [Test worker] DEBUG org.apache.http.headers - http-outgoing-18 << Date: Tue, 03 Jan 2017 01:20:39 GMT
02:20:39.524 [Test worker] DEBUG org.apache.http.headers - http-outgoing-18 << Content-Length: 1411
02:20:39.524 [Test worker] DEBUG o.a.h.impl.execchain.MainClientExec - Connection can be kept alive indefinitely
02:20:39.525 [Test worker] DEBUG c.g.d.j.JerseyDockerCmdExecFactory - 16 * Client response received on thread Test worker
16 < 200
16 < Content-Length: 1411
16 < Content-Type: application/json
16 < Date: Tue, 03 Jan 2017 01:20:39 GMT
16 < Server: Docker/1.12.3 (linux)
[{"Name":"host","Id":"fe042b0866671b5be4f097ba43830c0a02959c058702d18e18c14a24d88a357d","Scope":"local","Driver":"host","EnableIPv6":false,"IPAM":{"Driver":"default","Options":null,"Config":[]},"Internal":false,"Containers":{},"Options":{},"Labels":{}},{"Name":"MyNetwork","Id":"76e6e77b6065671155cf4c86b7ebc25bd40283d18bcb330f33c528085a465f94","Scope":"local","Driver":"bridge","EnableIPv6":false,"IPAM":{"Driver":"default","Options":null,"Config":[{"Subnet":"172.18.0.0/16","Gateway":"172.18.0.1/16"}]},"Internal":false,"Containers":{},"Options":{},"Labels":{}},{"Name":"none","Id":"4d89c194eb79cd2beb38458d10a1b98c74d6b8462af72afde29ae7aca53ed5ca","Scope":"local","Driver":"null","EnableIPv6":false,"IPAM":{"Driver":"default","Options":null,"Config":[]},"Internal":false,"Containers":{},"Options":{},"Labels":{}},{"Name":"bridge","Id":"e0d36057aa1769e9fd52ba88be81b698b495f9b6b4946d0f98f24d971a27fc98","Scope":"local","Driver":"bridge","EnableIPv6":false,"IPAM":{"Driver":"default","Options":null,"Config":[{"Subnet":"172.17.0.0/16","Gateway":"172.17.0.1"}]},"Internal":false,"Containers":{},"Options":{"com.docker.network.bridge.default_bridge":"true","com.docker.network.bridge.enable_icc":"true","com.docker.network.bridge.enable_ip_masquerade":"true","com.docker.network.bridge.host_binding_ipv4":"0.0.0.0","com.docker.network.bridge.name":"docker0","com.docker.network.driver.mtu":"1500"},"Labels":{}}]


02:20:39.527 [Test worker] DEBUG o.a.h.i.c.DefaultManagedHttpClientConnection - http-outgoing-18: Close connection
02:20:39.527 [Test worker] DEBUG o.a.h.impl.execchain.MainClientExec - Connection discarded
02:20:39.527 [Test worker] DEBUG c.g.d.j.JerseyDockerCmdExecFactory$1 - Connection released: [id: 18][route: {s}->https://Thesis:2376][total kept alive: 1; route allocated: 1 of 2; total allocated: 1 of 20]
02:20:39.527 [Test worker] DEBUG org.openbaton.docker.DockerVim - Found a docker network, transformed into a NFV network Network{id='76e6e77b6065671155cf4c86b7ebc25bd40283d18bcb330f33c528085a465f94', name='MyNetwork', extId='null', external=false, shared=false, subnets=[Subnet{id='null', version=0, name='bridge', extId='null', networkId='172.18.0.0/16', cidr='null', gatewayIp='172.18.0.1/16'}]}
02:20:39.528 [Test worker] DEBUG c.g.d.core.command.AbstrDockerCmd - Cmd: 76e6e77b6065671155cf4c86b7ebc25bd40283d18bcb330f33c528085a465f94,com.github.dockerjava.jaxrs.RemoveNetworkCmdExec@4ee1e93a
02:20:39.528 [Test worker] DEBUG c.g.d.j.JerseyDockerCmdExecFactory - 17 * Sending client request on thread Test worker
17 > DELETE https://Thesis:2376/networks/76e6e77b6065671155cf4c86b7ebc25bd40283d18bcb330f33c528085a465f94
17 > Accept: application/json

02:20:39.529 [Test worker] DEBUG o.a.h.c.protocol.RequestAddCookies - CookieSpec selected: default
02:20:39.529 [Test worker] DEBUG o.a.h.c.protocol.RequestAuthCache - Auth cache not set in the context
02:20:39.529 [Test worker] DEBUG c.g.d.j.JerseyDockerCmdExecFactory$1 - Connection request: [route: {s}->https://Thesis:2376][total kept alive: 1; route allocated: 1 of 2; total allocated: 1 of 20]
02:20:39.530 [Test worker] DEBUG c.g.d.j.JerseyDockerCmdExecFactory$1 - Connection leased: [id: 19][route: {s}->https://Thesis:2376][total kept alive: 1; route allocated: 2 of 2; total allocated: 2 of 20]
02:20:39.530 [Test worker] DEBUG o.a.h.impl.execchain.MainClientExec - Opening connection {s}->https://Thesis:2376
02:20:39.530 [Test worker] DEBUG o.a.h.i.c.DefaultHttpClientConnectionOperator - Connecting to Thesis/127.0.1.1:2376
02:20:39.530 [Test worker] DEBUG o.a.h.c.s.SSLConnectionSocketFactory - Connecting socket to Thesis/127.0.1.1:2376 with timeout 0
02:20:39.532 [Test worker] DEBUG o.a.h.c.s.SSLConnectionSocketFactory - Enabled protocols: [TLSv1]
02:20:39.532 [Test worker] DEBUG o.a.h.c.s.SSLConnectionSocketFactory - Enabled cipher suites:[TLS_ECDHE_ECDSA_WITH_AES_128_CBC_SHA, TLS_ECDHE_RSA_WITH_AES_128_CBC_SHA, TLS_RSA_WITH_AES_128_CBC_SHA, TLS_ECDH_ECDSA_WITH_AES_128_CBC_SHA, TLS_ECDH_RSA_WITH_AES_128_CBC_SHA, TLS_DHE_RSA_WITH_AES_128_CBC_SHA, TLS_DHE_DSS_WITH_AES_128_CBC_SHA, TLS_ECDHE_ECDSA_WITH_3DES_EDE_CBC_SHA, TLS_ECDHE_RSA_WITH_3DES_EDE_CBC_SHA, SSL_RSA_WITH_3DES_EDE_CBC_SHA, TLS_ECDH_ECDSA_WITH_3DES_EDE_CBC_SHA, TLS_ECDH_RSA_WITH_3DES_EDE_CBC_SHA, SSL_DHE_RSA_WITH_3DES_EDE_CBC_SHA, SSL_DHE_DSS_WITH_3DES_EDE_CBC_SHA, TLS_ECDHE_ECDSA_WITH_RC4_128_SHA, TLS_ECDHE_RSA_WITH_RC4_128_SHA, SSL_RSA_WITH_RC4_128_SHA, TLS_ECDH_ECDSA_WITH_RC4_128_SHA, TLS_ECDH_RSA_WITH_RC4_128_SHA, SSL_RSA_WITH_RC4_128_MD5, TLS_EMPTY_RENEGOTIATION_INFO_SCSV]
02:20:39.532 [Test worker] DEBUG o.a.h.c.s.SSLConnectionSocketFactory - Starting handshake
02:20:39.595 [Test worker] DEBUG o.a.h.c.s.SSLConnectionSocketFactory - Secure session established
02:20:39.595 [Test worker] DEBUG o.a.h.c.s.SSLConnectionSocketFactory -  negotiated protocol: TLSv1
02:20:39.596 [Test worker] DEBUG o.a.h.c.s.SSLConnectionSocketFactory -  negotiated cipher suite: TLS_ECDHE_RSA_WITH_AES_128_CBC_SHA
02:20:39.596 [Test worker] DEBUG o.a.h.c.s.SSLConnectionSocketFactory -  peer principal: CN=Thesis
02:20:39.596 [Test worker] DEBUG o.a.h.c.s.SSLConnectionSocketFactory -  issuer principal: EMAILADDRESS=sha@yamil.com, CN=Thesis, OU=Open, O=Fra, L=BER, ST=BER, C=DE
02:20:39.596 [Test worker] DEBUG o.a.h.i.c.DefaultHttpClientConnectionOperator - Connection established 127.0.0.1:40912<->127.0.1.1:2376
02:20:39.596 [Test worker] DEBUG o.a.h.impl.execchain.MainClientExec - Executing request DELETE /networks/76e6e77b6065671155cf4c86b7ebc25bd40283d18bcb330f33c528085a465f94 HTTP/1.1
02:20:39.597 [Test worker] DEBUG o.a.h.impl.execchain.MainClientExec - Target auth state: UNCHALLENGED
02:20:39.597 [Test worker] DEBUG o.a.h.impl.execchain.MainClientExec - Proxy auth state: UNCHALLENGED
02:20:39.597 [Test worker] DEBUG org.apache.http.headers - http-outgoing-19 >> DELETE /networks/76e6e77b6065671155cf4c86b7ebc25bd40283d18bcb330f33c528085a465f94 HTTP/1.1
02:20:39.597 [Test worker] DEBUG org.apache.http.headers - http-outgoing-19 >> Accept: application/json
02:20:39.597 [Test worker] DEBUG org.apache.http.headers - http-outgoing-19 >> User-Agent: Jersey/2.23.1 (Apache HttpClient 4.5.1)
02:20:39.598 [Test worker] DEBUG org.apache.http.headers - http-outgoing-19 >> Host: Thesis:2376
02:20:39.598 [Test worker] DEBUG org.apache.http.headers - http-outgoing-19 >> Connection: Keep-Alive
02:20:39.598 [Test worker] DEBUG org.apache.http.headers - http-outgoing-19 >> Accept-Encoding: gzip,deflate
02:20:39.598 [Test worker] DEBUG org.apache.http.wire - http-outgoing-19 >> "DELETE /networks/76e6e77b6065671155cf4c86b7ebc25bd40283d18bcb330f33c528085a465f94 HTTP/1.1[\r][\n]"
02:20:39.598 [Test worker] DEBUG org.apache.http.wire - http-outgoing-19 >> "Accept: application/json[\r][\n]"
02:20:39.598 [Test worker] DEBUG org.apache.http.wire - http-outgoing-19 >> "User-Agent: Jersey/2.23.1 (Apache HttpClient 4.5.1)[\r][\n]"
02:20:39.599 [Test worker] DEBUG org.apache.http.wire - http-outgoing-19 >> "Host: Thesis:2376[\r][\n]"
02:20:39.599 [Test worker] DEBUG org.apache.http.wire - http-outgoing-19 >> "Connection: Keep-Alive[\r][\n]"
02:20:39.599 [Test worker] DEBUG org.apache.http.wire - http-outgoing-19 >> "Accept-Encoding: gzip,deflate[\r][\n]"
02:20:39.599 [Test worker] DEBUG org.apache.http.wire - http-outgoing-19 >> "[\r][\n]"
02:20:39.698 [Test worker] DEBUG org.apache.http.wire - http-outgoing-19 << "H"
02:20:39.699 [Test worker] DEBUG org.apache.http.wire - http-outgoing-19 << "TTP/1.1 204 No Content[\r][\n]"
02:20:39.699 [Test worker] DEBUG org.apache.http.wire - http-outgoing-19 << "Server: Docker/1.12.3 (linux)[\r][\n]"
02:20:39.699 [Test worker] DEBUG org.apache.http.wire - http-outgoing-19 << "Date: Tue, 03 Jan 2017 01:20:39 GMT[\r][\n]"
02:20:39.699 [Test worker] DEBUG org.apache.http.wire - http-outgoing-19 << "[\r][\n]"
02:20:39.699 [Test worker] DEBUG org.apache.http.headers - http-outgoing-19 << HTTP/1.1 204 No Content
02:20:39.699 [Test worker] DEBUG org.apache.http.headers - http-outgoing-19 << Server: Docker/1.12.3 (linux)
02:20:39.699 [Test worker] DEBUG org.apache.http.headers - http-outgoing-19 << Date: Tue, 03 Jan 2017 01:20:39 GMT
02:20:39.699 [Test worker] DEBUG o.a.h.impl.execchain.MainClientExec - Connection can be kept alive indefinitely
02:20:39.699 [Test worker] DEBUG c.g.d.j.JerseyDockerCmdExecFactory$1 - Connection [id: 19][route: {s}->https://Thesis:2376][state: CN=Thesis] can be kept alive indefinitely
02:20:39.699 [Test worker] DEBUG c.g.d.j.JerseyDockerCmdExecFactory$1 - Connection released: [id: 19][route: {s}->https://Thesis:2376][state: CN=Thesis][total kept alive: 2; route allocated: 2 of 2; total allocated: 2 of 20]
02:20:39.699 [Test worker] DEBUG c.g.d.j.JerseyDockerCmdExecFactory - 18 * Client response received on thread Test worker
18 < 204
18 < Date: Tue, 03 Jan 2017 01:20:39 GMT
18 < Server: Docker/1.12.3 (linux)

02:20:39.700 [Test worker] INFO  org.openbaton.docker.DockerVim - Network '76e6e77b6065671155cf4c86b7ebc25bd40283d18bcb330f33c528085a465f94' deleted successfully
02:20:39.700 [Test worker] DEBUG c.g.d.core.command.AbstrDockerCmd - Cmd: com.github.dockerjava.core.util.FiltersBuilder@0,com.github.dockerjava.jaxrs.ListVolumesCmdExec@5a424a96
02:20:39.700 [Test worker] DEBUG c.g.d.j.JerseyDockerCmdExecFactory - 19 * Sending client request on thread Test worker
19 > GET https://Thesis:2376/volumes
19 > Accept: application/json

02:20:39.700 [Test worker] DEBUG o.a.h.c.protocol.RequestAddCookies - CookieSpec selected: default
02:20:39.700 [Test worker] DEBUG o.a.h.c.protocol.RequestAuthCache - Auth cache not set in the context
02:20:39.701 [Test worker] DEBUG c.g.d.j.JerseyDockerCmdExecFactory$1 - Connection request: [route: {s}->https://Thesis:2376][total kept alive: 2; route allocated: 2 of 2; total allocated: 2 of 20]
02:20:39.701 [Test worker] DEBUG o.a.h.i.c.DefaultManagedHttpClientConnection - http-outgoing-17: Close connection
02:20:39.701 [Test worker] DEBUG c.g.d.j.JerseyDockerCmdExecFactory$1 - Connection leased: [id: 20][route: {s}->https://Thesis:2376][total kept alive: 1; route allocated: 2 of 2; total allocated: 2 of 20]
02:20:39.701 [Test worker] DEBUG o.a.h.impl.execchain.MainClientExec - Opening connection {s}->https://Thesis:2376
02:20:39.701 [Test worker] DEBUG o.a.h.i.c.DefaultHttpClientConnectionOperator - Connecting to Thesis/127.0.1.1:2376
02:20:39.701 [Test worker] DEBUG o.a.h.c.s.SSLConnectionSocketFactory - Connecting socket to Thesis/127.0.1.1:2376 with timeout 0
02:20:39.705 [Test worker] DEBUG o.a.h.c.s.SSLConnectionSocketFactory - Enabled protocols: [TLSv1]
02:20:39.705 [Test worker] DEBUG o.a.h.c.s.SSLConnectionSocketFactory - Enabled cipher suites:[TLS_ECDHE_ECDSA_WITH_AES_128_CBC_SHA, TLS_ECDHE_RSA_WITH_AES_128_CBC_SHA, TLS_RSA_WITH_AES_128_CBC_SHA, TLS_ECDH_ECDSA_WITH_AES_128_CBC_SHA, TLS_ECDH_RSA_WITH_AES_128_CBC_SHA, TLS_DHE_RSA_WITH_AES_128_CBC_SHA, TLS_DHE_DSS_WITH_AES_128_CBC_SHA, TLS_ECDHE_ECDSA_WITH_3DES_EDE_CBC_SHA, TLS_ECDHE_RSA_WITH_3DES_EDE_CBC_SHA, SSL_RSA_WITH_3DES_EDE_CBC_SHA, TLS_ECDH_ECDSA_WITH_3DES_EDE_CBC_SHA, TLS_ECDH_RSA_WITH_3DES_EDE_CBC_SHA, SSL_DHE_RSA_WITH_3DES_EDE_CBC_SHA, SSL_DHE_DSS_WITH_3DES_EDE_CBC_SHA, TLS_ECDHE_ECDSA_WITH_RC4_128_SHA, TLS_ECDHE_RSA_WITH_RC4_128_SHA, SSL_RSA_WITH_RC4_128_SHA, TLS_ECDH_ECDSA_WITH_RC4_128_SHA, TLS_ECDH_RSA_WITH_RC4_128_SHA, SSL_RSA_WITH_RC4_128_MD5, TLS_EMPTY_RENEGOTIATION_INFO_SCSV]
02:20:39.705 [Test worker] DEBUG o.a.h.c.s.SSLConnectionSocketFactory - Starting handshake
02:20:39.804 [Test worker] DEBUG o.a.h.c.s.SSLConnectionSocketFactory - Secure session established
02:20:39.805 [Test worker] DEBUG o.a.h.c.s.SSLConnectionSocketFactory -  negotiated protocol: TLSv1
02:20:39.805 [Test worker] DEBUG o.a.h.c.s.SSLConnectionSocketFactory -  negotiated cipher suite: TLS_ECDHE_RSA_WITH_AES_128_CBC_SHA
02:20:39.805 [Test worker] DEBUG o.a.h.c.s.SSLConnectionSocketFactory -  peer principal: CN=Thesis
02:20:39.805 [Test worker] DEBUG o.a.h.c.s.SSLConnectionSocketFactory -  issuer principal: EMAILADDRESS=sha@yamil.com, CN=Thesis, OU=Open, O=Fra, L=BER, ST=BER, C=DE
02:20:39.806 [Test worker] DEBUG o.a.h.i.c.DefaultHttpClientConnectionOperator - Connection established 127.0.0.1:40914<->127.0.1.1:2376
02:20:39.806 [Test worker] DEBUG o.a.h.impl.execchain.MainClientExec - Executing request GET /volumes HTTP/1.1
02:20:39.806 [Test worker] DEBUG o.a.h.impl.execchain.MainClientExec - Target auth state: UNCHALLENGED
02:20:39.806 [Test worker] DEBUG o.a.h.impl.execchain.MainClientExec - Proxy auth state: UNCHALLENGED
02:20:39.806 [Test worker] DEBUG org.apache.http.headers - http-outgoing-20 >> GET /volumes HTTP/1.1
02:20:39.807 [Test worker] DEBUG org.apache.http.headers - http-outgoing-20 >> Accept: application/json
02:20:39.807 [Test worker] DEBUG org.apache.http.headers - http-outgoing-20 >> User-Agent: Jersey/2.23.1 (Apache HttpClient 4.5.1)
02:20:39.807 [Test worker] DEBUG org.apache.http.headers - http-outgoing-20 >> Host: Thesis:2376
02:20:39.807 [Test worker] DEBUG org.apache.http.headers - http-outgoing-20 >> Connection: Keep-Alive
02:20:39.807 [Test worker] DEBUG org.apache.http.headers - http-outgoing-20 >> Accept-Encoding: gzip,deflate
02:20:39.807 [Test worker] DEBUG org.apache.http.wire - http-outgoing-20 >> "GET /volumes HTTP/1.1[\r][\n]"
02:20:39.808 [Test worker] DEBUG org.apache.http.wire - http-outgoing-20 >> "Accept: application/json[\r][\n]"
02:20:39.808 [Test worker] DEBUG org.apache.http.wire - http-outgoing-20 >> "User-Agent: Jersey/2.23.1 (Apache HttpClient 4.5.1)[\r][\n]"
02:20:39.808 [Test worker] DEBUG org.apache.http.wire - http-outgoing-20 >> "Host: Thesis:2376[\r][\n]"
02:20:39.808 [Test worker] DEBUG org.apache.http.wire - http-outgoing-20 >> "Connection: Keep-Alive[\r][\n]"
02:20:39.808 [Test worker] DEBUG org.apache.http.wire - http-outgoing-20 >> "Accept-Encoding: gzip,deflate[\r][\n]"
02:20:39.809 [Test worker] DEBUG org.apache.http.wire - http-outgoing-20 >> "[\r][\n]"
02:20:39.809 [Test worker] DEBUG org.apache.http.wire - http-outgoing-20 << "H"
02:20:39.809 [Test worker] DEBUG org.apache.http.wire - http-outgoing-20 << "TTP/1.1 200 OK[\r][\n]"
02:20:39.810 [Test worker] DEBUG org.apache.http.wire - http-outgoing-20 << "Content-Type: application/json[\r][\n]"
02:20:39.810 [Test worker] DEBUG org.apache.http.wire - http-outgoing-20 << "Server: Docker/1.12.3 (linux)[\r][\n]"
02:20:39.810 [Test worker] DEBUG org.apache.http.wire - http-outgoing-20 << "Date: Tue, 03 Jan 2017 01:20:39 GMT[\r][\n]"
02:20:39.810 [Test worker] DEBUG org.apache.http.wire - http-outgoing-20 << "Content-Length: 33[\r][\n]"
02:20:39.810 [Test worker] DEBUG org.apache.http.wire - http-outgoing-20 << "[\r][\n]"
02:20:39.810 [Test worker] DEBUG org.apache.http.wire - http-outgoing-20 << "{"Volumes":null,"Warnings":null}[\n]"
02:20:39.811 [Test worker] DEBUG org.apache.http.headers - http-outgoing-20 << HTTP/1.1 200 OK
02:20:39.811 [Test worker] DEBUG org.apache.http.headers - http-outgoing-20 << Content-Type: application/json
02:20:39.811 [Test worker] DEBUG org.apache.http.headers - http-outgoing-20 << Server: Docker/1.12.3 (linux)
02:20:39.811 [Test worker] DEBUG org.apache.http.headers - http-outgoing-20 << Date: Tue, 03 Jan 2017 01:20:39 GMT
02:20:39.811 [Test worker] DEBUG org.apache.http.headers - http-outgoing-20 << Content-Length: 33
02:20:39.811 [Test worker] DEBUG o.a.h.impl.execchain.MainClientExec - Connection can be kept alive indefinitely
02:20:39.812 [Test worker] DEBUG c.g.d.j.JerseyDockerCmdExecFactory - 20 * Client response received on thread Test worker
20 < 200
20 < Content-Length: 33
20 < Content-Type: application/json
20 < Date: Tue, 03 Jan 2017 01:20:39 GMT
20 < Server: Docker/1.12.3 (linux)
{"Volumes":null,"Warnings":null}


02:20:39.813 [Test worker] DEBUG o.a.h.i.c.DefaultManagedHttpClientConnection - http-outgoing-20: Close connection
02:20:39.814 [Test worker] DEBUG o.a.h.impl.execchain.MainClientExec - Connection discarded
02:20:39.814 [Test worker] DEBUG c.g.d.j.JerseyDockerCmdExecFactory$1 - Connection released: [id: 20][route: {s}->https://Thesis:2376][total kept alive: 1; route allocated: 1 of 2; total allocated: 1 of 20]
02:20:39.815 [Test worker] DEBUG org.openbaton.docker.DockerVim - Loading properties
02:20:39.815 [Test worker] DEBUG org.openbaton.docker.DockerVim - Loaded properties: {vim.instance.auth.url=tcp://Thesis:2376, docker.cert.path=/home/sakib/.docker, type=docker, tls.verify=true}
02:20:39.837 [Test worker] DEBUG c.g.d.core.command.AbstrDockerCmd - Cmd: -1,<null>,true,<null>,<null>,com.github.dockerjava.core.util.FiltersBuilder@0,com.github.dockerjava.jaxrs.ListContainersCmdExec@6a7b295f
02:20:39.878 [Test worker] DEBUG c.g.d.j.JerseyDockerCmdExecFactory - 1 * Sending client request on thread Test worker
1 > GET https://Thesis:2376/containers/json?all=true
1 > Accept: application/json

02:20:39.880 [Test worker] DEBUG o.a.h.c.protocol.RequestAddCookies - CookieSpec selected: default
02:20:39.880 [Test worker] DEBUG o.a.h.c.protocol.RequestAuthCache - Auth cache not set in the context
02:20:39.880 [Test worker] DEBUG c.g.d.j.JerseyDockerCmdExecFactory$1 - Connection request: [route: {s}->https://Thesis:2376][total kept alive: 0; route allocated: 0 of 2; total allocated: 0 of 20]
02:20:39.880 [Test worker] DEBUG c.g.d.j.JerseyDockerCmdExecFactory$1 - Connection leased: [id: 21][route: {s}->https://Thesis:2376][total kept alive: 0; route allocated: 1 of 2; total allocated: 1 of 20]
02:20:39.881 [Test worker] DEBUG o.a.h.impl.execchain.MainClientExec - Opening connection {s}->https://Thesis:2376
02:20:39.881 [Test worker] DEBUG o.a.h.i.c.DefaultHttpClientConnectionOperator - Connecting to Thesis/127.0.1.1:2376
02:20:39.882 [Test worker] DEBUG o.a.h.c.s.SSLConnectionSocketFactory - Connecting socket to Thesis/127.0.1.1:2376 with timeout 0
02:20:39.883 [Test worker] DEBUG o.a.h.c.s.SSLConnectionSocketFactory - Enabled protocols: [TLSv1]
02:20:39.883 [Test worker] DEBUG o.a.h.c.s.SSLConnectionSocketFactory - Enabled cipher suites:[TLS_ECDHE_ECDSA_WITH_AES_128_CBC_SHA, TLS_ECDHE_RSA_WITH_AES_128_CBC_SHA, TLS_RSA_WITH_AES_128_CBC_SHA, TLS_ECDH_ECDSA_WITH_AES_128_CBC_SHA, TLS_ECDH_RSA_WITH_AES_128_CBC_SHA, TLS_DHE_RSA_WITH_AES_128_CBC_SHA, TLS_DHE_DSS_WITH_AES_128_CBC_SHA, TLS_ECDHE_ECDSA_WITH_3DES_EDE_CBC_SHA, TLS_ECDHE_RSA_WITH_3DES_EDE_CBC_SHA, SSL_RSA_WITH_3DES_EDE_CBC_SHA, TLS_ECDH_ECDSA_WITH_3DES_EDE_CBC_SHA, TLS_ECDH_RSA_WITH_3DES_EDE_CBC_SHA, SSL_DHE_RSA_WITH_3DES_EDE_CBC_SHA, SSL_DHE_DSS_WITH_3DES_EDE_CBC_SHA, TLS_ECDHE_ECDSA_WITH_RC4_128_SHA, TLS_ECDHE_RSA_WITH_RC4_128_SHA, SSL_RSA_WITH_RC4_128_SHA, TLS_ECDH_ECDSA_WITH_RC4_128_SHA, TLS_ECDH_RSA_WITH_RC4_128_SHA, SSL_RSA_WITH_RC4_128_MD5, TLS_EMPTY_RENEGOTIATION_INFO_SCSV]
02:20:39.883 [Test worker] DEBUG o.a.h.c.s.SSLConnectionSocketFactory - Starting handshake
02:20:39.950 [Test worker] DEBUG o.a.h.c.s.SSLConnectionSocketFactory - Secure session established
02:20:39.951 [Test worker] DEBUG o.a.h.c.s.SSLConnectionSocketFactory -  negotiated protocol: TLSv1
02:20:39.951 [Test worker] DEBUG o.a.h.c.s.SSLConnectionSocketFactory -  negotiated cipher suite: TLS_ECDHE_RSA_WITH_AES_128_CBC_SHA
02:20:39.951 [Test worker] DEBUG o.a.h.c.s.SSLConnectionSocketFactory -  peer principal: CN=Thesis
02:20:39.951 [Test worker] DEBUG o.a.h.c.s.SSLConnectionSocketFactory -  issuer principal: EMAILADDRESS=sha@yamil.com, CN=Thesis, OU=Open, O=Fra, L=BER, ST=BER, C=DE
02:20:39.951 [Test worker] DEBUG o.a.h.i.c.DefaultHttpClientConnectionOperator - Connection established 127.0.0.1:40916<->127.0.1.1:2376
02:20:39.952 [Test worker] DEBUG o.a.h.impl.execchain.MainClientExec - Executing request GET /containers/json?all=true HTTP/1.1
02:20:39.952 [Test worker] DEBUG o.a.h.impl.execchain.MainClientExec - Target auth state: UNCHALLENGED
02:20:39.952 [Test worker] DEBUG o.a.h.impl.execchain.MainClientExec - Proxy auth state: UNCHALLENGED
02:20:39.952 [Test worker] DEBUG org.apache.http.headers - http-outgoing-21 >> GET /containers/json?all=true HTTP/1.1
02:20:39.952 [Test worker] DEBUG org.apache.http.headers - http-outgoing-21 >> Accept: application/json
02:20:39.953 [Test worker] DEBUG org.apache.http.headers - http-outgoing-21 >> User-Agent: Jersey/2.23.1 (Apache HttpClient 4.5.1)
02:20:39.953 [Test worker] DEBUG org.apache.http.headers - http-outgoing-21 >> Host: Thesis:2376
02:20:39.953 [Test worker] DEBUG org.apache.http.headers - http-outgoing-21 >> Connection: Keep-Alive
02:20:39.953 [Test worker] DEBUG org.apache.http.headers - http-outgoing-21 >> Accept-Encoding: gzip,deflate
02:20:39.953 [Test worker] DEBUG org.apache.http.wire - http-outgoing-21 >> "GET /containers/json?all=true HTTP/1.1[\r][\n]"
02:20:39.953 [Test worker] DEBUG org.apache.http.wire - http-outgoing-21 >> "Accept: application/json[\r][\n]"
02:20:39.954 [Test worker] DEBUG org.apache.http.wire - http-outgoing-21 >> "User-Agent: Jersey/2.23.1 (Apache HttpClient 4.5.1)[\r][\n]"
02:20:39.954 [Test worker] DEBUG org.apache.http.wire - http-outgoing-21 >> "Host: Thesis:2376[\r][\n]"
02:20:39.954 [Test worker] DEBUG org.apache.http.wire - http-outgoing-21 >> "Connection: Keep-Alive[\r][\n]"
02:20:39.954 [Test worker] DEBUG org.apache.http.wire - http-outgoing-21 >> "Accept-Encoding: gzip,deflate[\r][\n]"
02:20:39.954 [Test worker] DEBUG org.apache.http.wire - http-outgoing-21 >> "[\r][\n]"
02:20:39.955 [Test worker] DEBUG org.apache.http.wire - http-outgoing-21 << "H"
02:20:39.955 [Test worker] DEBUG org.apache.http.wire - http-outgoing-21 << "TTP/1.1 200 OK[\r][\n]"
02:20:39.955 [Test worker] DEBUG org.apache.http.wire - http-outgoing-21 << "Content-Type: application/json[\r][\n]"
02:20:39.955 [Test worker] DEBUG org.apache.http.wire - http-outgoing-21 << "Server: Docker/1.12.3 (linux)[\r][\n]"
02:20:39.955 [Test worker] DEBUG org.apache.http.wire - http-outgoing-21 << "Date: Tue, 03 Jan 2017 01:20:39 GMT[\r][\n]"
02:20:39.956 [Test worker] DEBUG org.apache.http.wire - http-outgoing-21 << "Content-Length: 3[\r][\n]"
02:20:39.956 [Test worker] DEBUG org.apache.http.wire - http-outgoing-21 << "[\r][\n]"
02:20:39.956 [Test worker] DEBUG org.apache.http.wire - http-outgoing-21 << "[][\n]"
02:20:39.956 [Test worker] DEBUG org.apache.http.headers - http-outgoing-21 << HTTP/1.1 200 OK
02:20:39.956 [Test worker] DEBUG org.apache.http.headers - http-outgoing-21 << Content-Type: application/json
02:20:39.956 [Test worker] DEBUG org.apache.http.headers - http-outgoing-21 << Server: Docker/1.12.3 (linux)
02:20:39.957 [Test worker] DEBUG org.apache.http.headers - http-outgoing-21 << Date: Tue, 03 Jan 2017 01:20:39 GMT
02:20:39.957 [Test worker] DEBUG org.apache.http.headers - http-outgoing-21 << Content-Length: 3
02:20:39.957 [Test worker] DEBUG o.a.h.impl.execchain.MainClientExec - Connection can be kept alive indefinitely
02:20:39.960 [Test worker] DEBUG c.g.d.j.JerseyDockerCmdExecFactory - 2 * Client response received on thread Test worker
2 < 200
2 < Content-Length: 3
2 < Content-Type: application/json
2 < Date: Tue, 03 Jan 2017 01:20:39 GMT
2 < Server: Docker/1.12.3 (linux)
[]


02:20:39.962 [Test worker] DEBUG c.g.d.j.JerseyDockerCmdExecFactory$1 - Connection [id: 21][route: {s}->https://Thesis:2376][state: CN=Thesis] can be kept alive indefinitely
02:20:39.962 [Test worker] DEBUG c.g.d.j.JerseyDockerCmdExecFactory$1 - Connection released: [id: 21][route: {s}->https://Thesis:2376][state: CN=Thesis][total kept alive: 1; route allocated: 1 of 2; total allocated: 1 of 20]
02:20:39.970 [Test worker] DEBUG c.g.d.core.command.AbstrDockerCmd - Cmd: com.github.dockerjava.core.util.FiltersBuilder@0,com.github.dockerjava.jaxrs.ListNetworksCmdExec@6a2dbeb8
02:20:39.972 [Test worker] DEBUG c.g.d.j.JerseyDockerCmdExecFactory - 3 * Sending client request on thread Test worker
3 > GET https://Thesis:2376/networks
3 > Accept: application/json

02:20:39.973 [Test worker] DEBUG o.a.h.c.protocol.RequestAddCookies - CookieSpec selected: default
02:20:39.973 [Test worker] DEBUG o.a.h.c.protocol.RequestAuthCache - Auth cache not set in the context
02:20:39.974 [Test worker] DEBUG c.g.d.j.JerseyDockerCmdExecFactory$1 - Connection request: [route: {s}->https://Thesis:2376][total kept alive: 1; route allocated: 1 of 2; total allocated: 1 of 20]
02:20:39.974 [Test worker] DEBUG c.g.d.j.JerseyDockerCmdExecFactory$1 - Connection leased: [id: 22][route: {s}->https://Thesis:2376][total kept alive: 1; route allocated: 2 of 2; total allocated: 2 of 20]
02:20:39.974 [Test worker] DEBUG o.a.h.impl.execchain.MainClientExec - Opening connection {s}->https://Thesis:2376
02:20:39.974 [Test worker] DEBUG o.a.h.i.c.DefaultHttpClientConnectionOperator - Connecting to Thesis/127.0.1.1:2376
02:20:39.975 [Test worker] DEBUG o.a.h.c.s.SSLConnectionSocketFactory - Connecting socket to Thesis/127.0.1.1:2376 with timeout 0
02:20:39.976 [Test worker] DEBUG o.a.h.c.s.SSLConnectionSocketFactory - Enabled protocols: [TLSv1]
02:20:39.976 [Test worker] DEBUG o.a.h.c.s.SSLConnectionSocketFactory - Enabled cipher suites:[TLS_ECDHE_ECDSA_WITH_AES_128_CBC_SHA, TLS_ECDHE_RSA_WITH_AES_128_CBC_SHA, TLS_RSA_WITH_AES_128_CBC_SHA, TLS_ECDH_ECDSA_WITH_AES_128_CBC_SHA, TLS_ECDH_RSA_WITH_AES_128_CBC_SHA, TLS_DHE_RSA_WITH_AES_128_CBC_SHA, TLS_DHE_DSS_WITH_AES_128_CBC_SHA, TLS_ECDHE_ECDSA_WITH_3DES_EDE_CBC_SHA, TLS_ECDHE_RSA_WITH_3DES_EDE_CBC_SHA, SSL_RSA_WITH_3DES_EDE_CBC_SHA, TLS_ECDH_ECDSA_WITH_3DES_EDE_CBC_SHA, TLS_ECDH_RSA_WITH_3DES_EDE_CBC_SHA, SSL_DHE_RSA_WITH_3DES_EDE_CBC_SHA, SSL_DHE_DSS_WITH_3DES_EDE_CBC_SHA, TLS_ECDHE_ECDSA_WITH_RC4_128_SHA, TLS_ECDHE_RSA_WITH_RC4_128_SHA, SSL_RSA_WITH_RC4_128_SHA, TLS_ECDH_ECDSA_WITH_RC4_128_SHA, TLS_ECDH_RSA_WITH_RC4_128_SHA, SSL_RSA_WITH_RC4_128_MD5, TLS_EMPTY_RENEGOTIATION_INFO_SCSV]
02:20:39.976 [Test worker] DEBUG o.a.h.c.s.SSLConnectionSocketFactory - Starting handshake
02:20:40.048 [Test worker] DEBUG o.a.h.c.s.SSLConnectionSocketFactory - Secure session established
02:20:40.048 [Test worker] DEBUG o.a.h.c.s.SSLConnectionSocketFactory -  negotiated protocol: TLSv1
02:20:40.049 [Test worker] DEBUG o.a.h.c.s.SSLConnectionSocketFactory -  negotiated cipher suite: TLS_ECDHE_RSA_WITH_AES_128_CBC_SHA
02:20:40.049 [Test worker] DEBUG o.a.h.c.s.SSLConnectionSocketFactory -  peer principal: CN=Thesis
02:20:40.050 [Test worker] DEBUG o.a.h.c.s.SSLConnectionSocketFactory -  issuer principal: EMAILADDRESS=sha@yamil.com, CN=Thesis, OU=Open, O=Fra, L=BER, ST=BER, C=DE
02:20:40.050 [Test worker] DEBUG o.a.h.i.c.DefaultHttpClientConnectionOperator - Connection established 127.0.0.1:40918<->127.0.1.1:2376
02:20:40.050 [Test worker] DEBUG o.a.h.impl.execchain.MainClientExec - Executing request GET /networks HTTP/1.1
02:20:40.050 [Test worker] DEBUG o.a.h.impl.execchain.MainClientExec - Target auth state: UNCHALLENGED
02:20:40.050 [Test worker] DEBUG o.a.h.impl.execchain.MainClientExec - Proxy auth state: UNCHALLENGED
02:20:40.051 [Test worker] DEBUG org.apache.http.headers - http-outgoing-22 >> GET /networks HTTP/1.1
02:20:40.051 [Test worker] DEBUG org.apache.http.headers - http-outgoing-22 >> Accept: application/json
02:20:40.051 [Test worker] DEBUG org.apache.http.headers - http-outgoing-22 >> User-Agent: Jersey/2.23.1 (Apache HttpClient 4.5.1)
02:20:40.051 [Test worker] DEBUG org.apache.http.headers - http-outgoing-22 >> Host: Thesis:2376
02:20:40.051 [Test worker] DEBUG org.apache.http.headers - http-outgoing-22 >> Connection: Keep-Alive
02:20:40.052 [Test worker] DEBUG org.apache.http.headers - http-outgoing-22 >> Accept-Encoding: gzip,deflate
02:20:40.052 [Test worker] DEBUG org.apache.http.wire - http-outgoing-22 >> "GET /networks HTTP/1.1[\r][\n]"
02:20:40.052 [Test worker] DEBUG org.apache.http.wire - http-outgoing-22 >> "Accept: application/json[\r][\n]"
02:20:40.052 [Test worker] DEBUG org.apache.http.wire - http-outgoing-22 >> "User-Agent: Jersey/2.23.1 (Apache HttpClient 4.5.1)[\r][\n]"
02:20:40.052 [Test worker] DEBUG org.apache.http.wire - http-outgoing-22 >> "Host: Thesis:2376[\r][\n]"
02:20:40.052 [Test worker] DEBUG org.apache.http.wire - http-outgoing-22 >> "Connection: Keep-Alive[\r][\n]"
02:20:40.053 [Test worker] DEBUG org.apache.http.wire - http-outgoing-22 >> "Accept-Encoding: gzip,deflate[\r][\n]"
02:20:40.053 [Test worker] DEBUG org.apache.http.wire - http-outgoing-22 >> "[\r][\n]"
02:20:40.053 [Test worker] DEBUG org.apache.http.wire - http-outgoing-22 << "H"
02:20:40.053 [Test worker] DEBUG org.apache.http.wire - http-outgoing-22 << "TTP/1.1 200 OK[\r][\n]"
02:20:40.054 [Test worker] DEBUG org.apache.http.wire - http-outgoing-22 << "Content-Type: application/json[\r][\n]"
02:20:40.054 [Test worker] DEBUG org.apache.http.wire - http-outgoing-22 << "Server: Docker/1.12.3 (linux)[\r][\n]"
02:20:40.054 [Test worker] DEBUG org.apache.http.wire - http-outgoing-22 << "Date: Tue, 03 Jan 2017 01:20:40 GMT[\r][\n]"
02:20:40.054 [Test worker] DEBUG org.apache.http.wire - http-outgoing-22 << "Content-Length: 1100[\r][\n]"
02:20:40.054 [Test worker] DEBUG org.apache.http.wire - http-outgoing-22 << "[\r][\n]"
02:20:40.055 [Test worker] DEBUG org.apache.http.wire - http-outgoing-22 << "[{"Name":"none","Id":"4d89c194eb79cd2beb38458d10a1b98c74d6b8462af72afde29ae7aca53ed5ca","Scope":"local","Driver":"null","EnableIPv6":false,"IPAM":{"Driver":"default","Options":null,"Config":[]},"Internal":false,"Containers":{},"Options":{},"Labels":{}},{"Name":"bridge","Id":"e0d36057aa1769e9fd52ba88be81b698b495f9b6b4946d0f98f24d971a27fc98","Scope":"local","Driver":"bridge","EnableIPv6":false,"IPAM":{"Driver":"default","Options":null,"Config":[{"Subnet":"172.17.0.0/16","Gateway":"172.17.0.1"}]},"Internal":false,"Containers":{},"Options":{"com.docker.network.bridge.default_bridge":"true","com.docker.network.bridge.enable_icc":"true","com.docker.network.bridge.enable_ip_masquerade":"true","com.docker.network.bridge.host_binding_ipv4":"0.0.0.0","com.docker.network.bridge.name":"docker0","com.docker.network.driver.mtu":"1500"},"Labels":{}},{"Name":"host","Id":"fe042b0866671b5be4f097ba43830c0a02959c058702d18e18c14a24d88a357d","Scope":"local","Driver":"host","EnableIPv6":false,"IPAM":{"Driver":"default","Options":null,"Config":[]},"Internal":false,"Containers":{},"Options":{},"Labels":{}}][\n]"
02:20:40.055 [Test worker] DEBUG org.apache.http.headers - http-outgoing-22 << HTTP/1.1 200 OK
02:20:40.055 [Test worker] DEBUG org.apache.http.headers - http-outgoing-22 << Content-Type: application/json
02:20:40.055 [Test worker] DEBUG org.apache.http.headers - http-outgoing-22 << Server: Docker/1.12.3 (linux)
02:20:40.055 [Test worker] DEBUG org.apache.http.headers - http-outgoing-22 << Date: Tue, 03 Jan 2017 01:20:40 GMT
02:20:40.055 [Test worker] DEBUG org.apache.http.headers - http-outgoing-22 << Content-Length: 1100
02:20:40.056 [Test worker] DEBUG o.a.h.impl.execchain.MainClientExec - Connection can be kept alive indefinitely
02:20:40.056 [Test worker] DEBUG c.g.d.j.JerseyDockerCmdExecFactory - 4 * Client response received on thread Test worker
4 < 200
4 < Content-Length: 1100
4 < Content-Type: application/json
4 < Date: Tue, 03 Jan 2017 01:20:40 GMT
4 < Server: Docker/1.12.3 (linux)
[{"Name":"none","Id":"4d89c194eb79cd2beb38458d10a1b98c74d6b8462af72afde29ae7aca53ed5ca","Scope":"local","Driver":"null","EnableIPv6":false,"IPAM":{"Driver":"default","Options":null,"Config":[]},"Internal":false,"Containers":{},"Options":{},"Labels":{}},{"Name":"bridge","Id":"e0d36057aa1769e9fd52ba88be81b698b495f9b6b4946d0f98f24d971a27fc98","Scope":"local","Driver":"bridge","EnableIPv6":false,"IPAM":{"Driver":"default","Options":null,"Config":[{"Subnet":"172.17.0.0/16","Gateway":"172.17.0.1"}]},"Internal":false,"Containers":{},"Options":{"com.docker.network.bridge.default_bridge":"true","com.docker.network.bridge.enable_icc":"true","com.docker.network.bridge.enable_ip_masquerade":"true","com.docker.network.bridge.host_binding_ipv4":"0.0.0.0","com.docker.network.bridge.name":"docker0","com.docker.network.driver.mtu":"1500"},"Labels":{}},{"Name":"host","Id":"fe042b0866671b5be4f097ba43830c0a02959c058702d18e18c14a24d88a357d","Scope":"local","Driver":"host","EnableIPv6":false,"IPAM":{"Driver":"default","Options":null,"Config":[]},"Internal":false,"Containers":{},"Options":{},"Labels":{}}]


02:20:40.067 [Test worker] DEBUG o.a.h.i.c.DefaultManagedHttpClientConnection - http-outgoing-22: Close connection
02:20:40.067 [Test worker] DEBUG o.a.h.impl.execchain.MainClientExec - Connection discarded
02:20:40.068 [Test worker] DEBUG c.g.d.j.JerseyDockerCmdExecFactory$1 - Connection released: [id: 22][route: {s}->https://Thesis:2376][total kept alive: 1; route allocated: 1 of 2; total allocated: 1 of 20]
02:20:40.068 [Test worker] DEBUG c.g.d.core.command.AbstrDockerCmd - Cmd: com.github.dockerjava.core.util.FiltersBuilder@0,com.github.dockerjava.jaxrs.ListVolumesCmdExec@4e0da86e
02:20:40.069 [Test worker] DEBUG c.g.d.j.JerseyDockerCmdExecFactory - 5 * Sending client request on thread Test worker
5 > GET https://Thesis:2376/volumes
5 > Accept: application/json

02:20:40.070 [Test worker] DEBUG o.a.h.c.protocol.RequestAddCookies - CookieSpec selected: default
02:20:40.070 [Test worker] DEBUG o.a.h.c.protocol.RequestAuthCache - Auth cache not set in the context
02:20:40.070 [Test worker] DEBUG c.g.d.j.JerseyDockerCmdExecFactory$1 - Connection request: [route: {s}->https://Thesis:2376][total kept alive: 1; route allocated: 1 of 2; total allocated: 1 of 20]
02:20:40.070 [Test worker] DEBUG c.g.d.j.JerseyDockerCmdExecFactory$1 - Connection leased: [id: 23][route: {s}->https://Thesis:2376][total kept alive: 1; route allocated: 2 of 2; total allocated: 2 of 20]
02:20:40.071 [Test worker] DEBUG o.a.h.impl.execchain.MainClientExec - Opening connection {s}->https://Thesis:2376
02:20:40.071 [Test worker] DEBUG o.a.h.i.c.DefaultHttpClientConnectionOperator - Connecting to Thesis/127.0.1.1:2376
02:20:40.071 [Test worker] DEBUG o.a.h.c.s.SSLConnectionSocketFactory - Connecting socket to Thesis/127.0.1.1:2376 with timeout 0
02:20:40.072 [Test worker] DEBUG o.a.h.c.s.SSLConnectionSocketFactory - Enabled protocols: [TLSv1]
02:20:40.072 [Test worker] DEBUG o.a.h.c.s.SSLConnectionSocketFactory - Enabled cipher suites:[TLS_ECDHE_ECDSA_WITH_AES_128_CBC_SHA, TLS_ECDHE_RSA_WITH_AES_128_CBC_SHA, TLS_RSA_WITH_AES_128_CBC_SHA, TLS_ECDH_ECDSA_WITH_AES_128_CBC_SHA, TLS_ECDH_RSA_WITH_AES_128_CBC_SHA, TLS_DHE_RSA_WITH_AES_128_CBC_SHA, TLS_DHE_DSS_WITH_AES_128_CBC_SHA, TLS_ECDHE_ECDSA_WITH_3DES_EDE_CBC_SHA, TLS_ECDHE_RSA_WITH_3DES_EDE_CBC_SHA, SSL_RSA_WITH_3DES_EDE_CBC_SHA, TLS_ECDH_ECDSA_WITH_3DES_EDE_CBC_SHA, TLS_ECDH_RSA_WITH_3DES_EDE_CBC_SHA, SSL_DHE_RSA_WITH_3DES_EDE_CBC_SHA, SSL_DHE_DSS_WITH_3DES_EDE_CBC_SHA, TLS_ECDHE_ECDSA_WITH_RC4_128_SHA, TLS_ECDHE_RSA_WITH_RC4_128_SHA, SSL_RSA_WITH_RC4_128_SHA, TLS_ECDH_ECDSA_WITH_RC4_128_SHA, TLS_ECDH_RSA_WITH_RC4_128_SHA, SSL_RSA_WITH_RC4_128_MD5, TLS_EMPTY_RENEGOTIATION_INFO_SCSV]
02:20:40.073 [Test worker] DEBUG o.a.h.c.s.SSLConnectionSocketFactory - Starting handshake
02:20:40.153 [Test worker] DEBUG o.a.h.c.s.SSLConnectionSocketFactory - Secure session established
02:20:40.154 [Test worker] DEBUG o.a.h.c.s.SSLConnectionSocketFactory -  negotiated protocol: TLSv1
02:20:40.155 [Test worker] DEBUG o.a.h.c.s.SSLConnectionSocketFactory -  negotiated cipher suite: TLS_ECDHE_RSA_WITH_AES_128_CBC_SHA
02:20:40.155 [Test worker] DEBUG o.a.h.c.s.SSLConnectionSocketFactory -  peer principal: CN=Thesis
02:20:40.155 [Test worker] DEBUG o.a.h.c.s.SSLConnectionSocketFactory -  issuer principal: EMAILADDRESS=sha@yamil.com, CN=Thesis, OU=Open, O=Fra, L=BER, ST=BER, C=DE
02:20:40.155 [Test worker] DEBUG o.a.h.i.c.DefaultHttpClientConnectionOperator - Connection established 127.0.0.1:40920<->127.0.1.1:2376
02:20:40.155 [Test worker] DEBUG o.a.h.impl.execchain.MainClientExec - Executing request GET /volumes HTTP/1.1
02:20:40.156 [Test worker] DEBUG o.a.h.impl.execchain.MainClientExec - Target auth state: UNCHALLENGED
02:20:40.156 [Test worker] DEBUG o.a.h.impl.execchain.MainClientExec - Proxy auth state: UNCHALLENGED
02:20:40.156 [Test worker] DEBUG org.apache.http.headers - http-outgoing-23 >> GET /volumes HTTP/1.1
02:20:40.156 [Test worker] DEBUG org.apache.http.headers - http-outgoing-23 >> Accept: application/json
02:20:40.156 [Test worker] DEBUG org.apache.http.headers - http-outgoing-23 >> User-Agent: Jersey/2.23.1 (Apache HttpClient 4.5.1)
02:20:40.157 [Test worker] DEBUG org.apache.http.headers - http-outgoing-23 >> Host: Thesis:2376
02:20:40.157 [Test worker] DEBUG org.apache.http.headers - http-outgoing-23 >> Connection: Keep-Alive
02:20:40.157 [Test worker] DEBUG org.apache.http.headers - http-outgoing-23 >> Accept-Encoding: gzip,deflate
02:20:40.157 [Test worker] DEBUG org.apache.http.wire - http-outgoing-23 >> "GET /volumes HTTP/1.1[\r][\n]"
02:20:40.157 [Test worker] DEBUG org.apache.http.wire - http-outgoing-23 >> "Accept: application/json[\r][\n]"
02:20:40.157 [Test worker] DEBUG org.apache.http.wire - http-outgoing-23 >> "User-Agent: Jersey/2.23.1 (Apache HttpClient 4.5.1)[\r][\n]"
02:20:40.158 [Test worker] DEBUG org.apache.http.wire - http-outgoing-23 >> "Host: Thesis:2376[\r][\n]"
02:20:40.158 [Test worker] DEBUG org.apache.http.wire - http-outgoing-23 >> "Connection: Keep-Alive[\r][\n]"
02:20:40.158 [Test worker] DEBUG org.apache.http.wire - http-outgoing-23 >> "Accept-Encoding: gzip,deflate[\r][\n]"
02:20:40.158 [Test worker] DEBUG org.apache.http.wire - http-outgoing-23 >> "[\r][\n]"
02:20:40.159 [Test worker] DEBUG org.apache.http.wire - http-outgoing-23 << "H"
02:20:40.159 [Test worker] DEBUG org.apache.http.wire - http-outgoing-23 << "TTP/1.1 200 OK[\r][\n]"
02:20:40.159 [Test worker] DEBUG org.apache.http.wire - http-outgoing-23 << "Content-Type: application/json[\r][\n]"
02:20:40.159 [Test worker] DEBUG org.apache.http.wire - http-outgoing-23 << "Server: Docker/1.12.3 (linux)[\r][\n]"
02:20:40.160 [Test worker] DEBUG org.apache.http.wire - http-outgoing-23 << "Date: Tue, 03 Jan 2017 01:20:40 GMT[\r][\n]"
02:20:40.160 [Test worker] DEBUG org.apache.http.wire - http-outgoing-23 << "Content-Length: 33[\r][\n]"
02:20:40.160 [Test worker] DEBUG org.apache.http.wire - http-outgoing-23 << "[\r][\n]"
02:20:40.160 [Test worker] DEBUG org.apache.http.wire - http-outgoing-23 << "{"Volumes":null,"Warnings":null}[\n]"
02:20:40.160 [Test worker] DEBUG org.apache.http.headers - http-outgoing-23 << HTTP/1.1 200 OK
02:20:40.160 [Test worker] DEBUG org.apache.http.headers - http-outgoing-23 << Content-Type: application/json
02:20:40.161 [Test worker] DEBUG org.apache.http.headers - http-outgoing-23 << Server: Docker/1.12.3 (linux)
02:20:40.161 [Test worker] DEBUG org.apache.http.headers - http-outgoing-23 << Date: Tue, 03 Jan 2017 01:20:40 GMT
02:20:40.161 [Test worker] DEBUG org.apache.http.headers - http-outgoing-23 << Content-Length: 33
02:20:40.161 [Test worker] DEBUG o.a.h.impl.execchain.MainClientExec - Connection can be kept alive indefinitely
02:20:40.162 [Test worker] DEBUG c.g.d.j.JerseyDockerCmdExecFactory - 6 * Client response received on thread Test worker
6 < 200
6 < Content-Length: 33
6 < Content-Type: application/json
6 < Date: Tue, 03 Jan 2017 01:20:40 GMT
6 < Server: Docker/1.12.3 (linux)
{"Volumes":null,"Warnings":null}


02:20:40.166 [Test worker] DEBUG o.a.h.i.c.DefaultManagedHttpClientConnection - http-outgoing-23: Close connection
02:20:40.167 [Test worker] DEBUG o.a.h.impl.execchain.MainClientExec - Connection discarded
02:20:40.167 [Test worker] DEBUG c.g.d.j.JerseyDockerCmdExecFactory$1 - Connection released: [id: 23][route: {s}->https://Thesis:2376][total kept alive: 1; route allocated: 1 of 2; total allocated: 1 of 20]
02:20:40.168 [Test worker] DEBUG c.g.d.core.command.AbstrDockerCmd - Cmd: ListImagesCmdImpl[imageNameFilter=<null>,showAll=true,filters=com.github.dockerjava.core.util.FiltersBuilder@0,execution=com.github.dockerjava.jaxrs.ListImagesCmdExec@5269becc]
02:20:40.173 [Test worker] DEBUG c.g.d.j.JerseyDockerCmdExecFactory - 7 * Sending client request on thread Test worker
7 > GET https://Thesis:2376/images/json?all=true
7 > Accept: application/json

02:20:40.174 [Test worker] DEBUG o.a.h.c.protocol.RequestAddCookies - CookieSpec selected: default
02:20:40.174 [Test worker] DEBUG o.a.h.c.protocol.RequestAuthCache - Auth cache not set in the context
02:20:40.175 [Test worker] DEBUG c.g.d.j.JerseyDockerCmdExecFactory$1 - Connection request: [route: {s}->https://Thesis:2376][total kept alive: 1; route allocated: 1 of 2; total allocated: 1 of 20]
02:20:40.175 [Test worker] DEBUG c.g.d.j.JerseyDockerCmdExecFactory$1 - Connection leased: [id: 24][route: {s}->https://Thesis:2376][total kept alive: 1; route allocated: 2 of 2; total allocated: 2 of 20]
02:20:40.175 [Test worker] DEBUG o.a.h.impl.execchain.MainClientExec - Opening connection {s}->https://Thesis:2376
02:20:40.175 [Test worker] DEBUG o.a.h.i.c.DefaultHttpClientConnectionOperator - Connecting to Thesis/127.0.1.1:2376
02:20:40.176 [Test worker] DEBUG o.a.h.c.s.SSLConnectionSocketFactory - Connecting socket to Thesis/127.0.1.1:2376 with timeout 0
02:20:40.177 [Test worker] DEBUG o.a.h.c.s.SSLConnectionSocketFactory - Enabled protocols: [TLSv1]
02:20:40.178 [Test worker] DEBUG o.a.h.c.s.SSLConnectionSocketFactory - Enabled cipher suites:[TLS_ECDHE_ECDSA_WITH_AES_128_CBC_SHA, TLS_ECDHE_RSA_WITH_AES_128_CBC_SHA, TLS_RSA_WITH_AES_128_CBC_SHA, TLS_ECDH_ECDSA_WITH_AES_128_CBC_SHA, TLS_ECDH_RSA_WITH_AES_128_CBC_SHA, TLS_DHE_RSA_WITH_AES_128_CBC_SHA, TLS_DHE_DSS_WITH_AES_128_CBC_SHA, TLS_ECDHE_ECDSA_WITH_3DES_EDE_CBC_SHA, TLS_ECDHE_RSA_WITH_3DES_EDE_CBC_SHA, SSL_RSA_WITH_3DES_EDE_CBC_SHA, TLS_ECDH_ECDSA_WITH_3DES_EDE_CBC_SHA, TLS_ECDH_RSA_WITH_3DES_EDE_CBC_SHA, SSL_DHE_RSA_WITH_3DES_EDE_CBC_SHA, SSL_DHE_DSS_WITH_3DES_EDE_CBC_SHA, TLS_ECDHE_ECDSA_WITH_RC4_128_SHA, TLS_ECDHE_RSA_WITH_RC4_128_SHA, SSL_RSA_WITH_RC4_128_SHA, TLS_ECDH_ECDSA_WITH_RC4_128_SHA, TLS_ECDH_RSA_WITH_RC4_128_SHA, SSL_RSA_WITH_RC4_128_MD5, TLS_EMPTY_RENEGOTIATION_INFO_SCSV]
02:20:40.178 [Test worker] DEBUG o.a.h.c.s.SSLConnectionSocketFactory - Starting handshake
02:20:40.242 [Test worker] DEBUG o.a.h.c.s.SSLConnectionSocketFactory - Secure session established
02:20:40.243 [Test worker] DEBUG o.a.h.c.s.SSLConnectionSocketFactory -  negotiated protocol: TLSv1
02:20:40.243 [Test worker] DEBUG o.a.h.c.s.SSLConnectionSocketFactory -  negotiated cipher suite: TLS_ECDHE_RSA_WITH_AES_128_CBC_SHA
02:20:40.243 [Test worker] DEBUG o.a.h.c.s.SSLConnectionSocketFactory -  peer principal: CN=Thesis
02:20:40.243 [Test worker] DEBUG o.a.h.c.s.SSLConnectionSocketFactory -  issuer principal: EMAILADDRESS=sha@yamil.com, CN=Thesis, OU=Open, O=Fra, L=BER, ST=BER, C=DE
02:20:40.244 [Test worker] DEBUG o.a.h.i.c.DefaultHttpClientConnectionOperator - Connection established 127.0.0.1:40922<->127.0.1.1:2376
02:20:40.244 [Test worker] DEBUG o.a.h.impl.execchain.MainClientExec - Executing request GET /images/json?all=true HTTP/1.1
02:20:40.244 [Test worker] DEBUG o.a.h.impl.execchain.MainClientExec - Target auth state: UNCHALLENGED
02:20:40.244 [Test worker] DEBUG o.a.h.impl.execchain.MainClientExec - Proxy auth state: UNCHALLENGED
02:20:40.245 [Test worker] DEBUG org.apache.http.headers - http-outgoing-24 >> GET /images/json?all=true HTTP/1.1
02:20:40.245 [Test worker] DEBUG org.apache.http.headers - http-outgoing-24 >> Accept: application/json
02:20:40.245 [Test worker] DEBUG org.apache.http.headers - http-outgoing-24 >> User-Agent: Jersey/2.23.1 (Apache HttpClient 4.5.1)
02:20:40.245 [Test worker] DEBUG org.apache.http.headers - http-outgoing-24 >> Host: Thesis:2376
02:20:40.245 [Test worker] DEBUG org.apache.http.headers - http-outgoing-24 >> Connection: Keep-Alive
02:20:40.245 [Test worker] DEBUG org.apache.http.headers - http-outgoing-24 >> Accept-Encoding: gzip,deflate
02:20:40.246 [Test worker] DEBUG org.apache.http.wire - http-outgoing-24 >> "GET /images/json?all=true HTTP/1.1[\r][\n]"
02:20:40.246 [Test worker] DEBUG org.apache.http.wire - http-outgoing-24 >> "Accept: application/json[\r][\n]"
02:20:40.246 [Test worker] DEBUG org.apache.http.wire - http-outgoing-24 >> "User-Agent: Jersey/2.23.1 (Apache HttpClient 4.5.1)[\r][\n]"
02:20:40.246 [Test worker] DEBUG org.apache.http.wire - http-outgoing-24 >> "Host: Thesis:2376[\r][\n]"
02:20:40.246 [Test worker] DEBUG org.apache.http.wire - http-outgoing-24 >> "Connection: Keep-Alive[\r][\n]"
02:20:40.246 [Test worker] DEBUG org.apache.http.wire - http-outgoing-24 >> "Accept-Encoding: gzip,deflate[\r][\n]"
02:20:40.247 [Test worker] DEBUG org.apache.http.wire - http-outgoing-24 >> "[\r][\n]"
02:20:40.248 [Test worker] DEBUG org.apache.http.wire - http-outgoing-24 << "H"
02:20:40.248 [Test worker] DEBUG org.apache.http.wire - http-outgoing-24 << "TTP/1.1 200 OK[\r][\n]"
02:20:40.253 [Test worker] DEBUG org.apache.http.wire - http-outgoing-24 << "Content-Type: application/json[\r][\n]"
02:20:40.253 [Test worker] DEBUG org.apache.http.wire - http-outgoing-24 << "Server: Docker/1.12.3 (linux)[\r][\n]"
02:20:40.254 [Test worker] DEBUG org.apache.http.wire - http-outgoing-24 << "Date: Tue, 03 Jan 2017 01:20:40 GMT[\r][\n]"
02:20:40.254 [Test worker] DEBUG org.apache.http.wire - http-outgoing-24 << "Content-Length: 1195[\r][\n]"
02:20:40.254 [Test worker] DEBUG org.apache.http.wire - http-outgoing-24 << "[\r][\n]"
02:20:40.254 [Test worker] DEBUG org.apache.http.wire - http-outgoing-24 << "[{"Id":"sha256:4ca3a192ff2a5b7e225e81dc006b6379c10776ed3619757a65608cb72de0a7f6","ParentId":"","RepoTags":["ubuntu:latest"],"RepoDigests":["ubuntu@sha256:3b64c309deae7ab0f7dbdd42b6b326261ccd6261da5d88396439353162703fb5"],"Created":1480449877,"Size":128206574,"VirtualSize":128206574,"Labels":{}},{"Id":"sha256:aae2b63c49461fcae4962e4a8043f66acf8e3af7e62f5ebceb70b181d8ca01e0","ParentId":"","RepoTags":["ubuntu:14.04"],"RepoDigests":["ubuntu@sha256:edb984703bd3e8981ff541a5b9297ca1b81fde6e6e8094d86e390a38ebc30b4d"],"Created":1480449856,"Size":187952254,"VirtualSize":187952254,"Labels":{}},{"Id":"sha256:e02e811dd08fd49e7f6032625495118e63f597eb150403d02e3238af1df240ba","ParentId":"","RepoTags":["busybox:latest"],"RepoDigests":["busybox@sha256:29f5d56d12684887bdfa50dcd29fc31eea4aaf4ad3bec43daf19026a7ce69912"],"Created":1475874238,"Size":1093484,"VirtualSize":1093484,"Labels":{}},{"Id":"sha256:d654de4499473ed41349b54a988b6f46a7fc92e3fa2d61e102bf2660a0116e25","ParentId":"","RepoTags":["sakib37/iperf3:latest"],"RepoDigests":["sakib37/iperf3@sha256:8d80a810f8f508c074b14d02555f20110eac382c8dbda7252075392983629d40"],"Created":1474907599,"Size":199456654,"VirtualSize":199456654,"Labels":{}}][\n]"
02:20:40.254 [Test worker] DEBUG org.apache.http.headers - http-outgoing-24 << HTTP/1.1 200 OK
02:20:40.255 [Test worker] DEBUG org.apache.http.headers - http-outgoing-24 << Content-Type: application/json
02:20:40.255 [Test worker] DEBUG org.apache.http.headers - http-outgoing-24 << Server: Docker/1.12.3 (linux)
02:20:40.255 [Test worker] DEBUG org.apache.http.headers - http-outgoing-24 << Date: Tue, 03 Jan 2017 01:20:40 GMT
02:20:40.255 [Test worker] DEBUG org.apache.http.headers - http-outgoing-24 << Content-Length: 1195
02:20:40.255 [Test worker] DEBUG o.a.h.impl.execchain.MainClientExec - Connection can be kept alive indefinitely
02:20:40.256 [Test worker] DEBUG c.g.d.j.JerseyDockerCmdExecFactory - 8 * Client response received on thread Test worker
8 < 200
8 < Content-Length: 1195
8 < Content-Type: application/json
8 < Date: Tue, 03 Jan 2017 01:20:40 GMT
8 < Server: Docker/1.12.3 (linux)
[{"Id":"sha256:4ca3a192ff2a5b7e225e81dc006b6379c10776ed3619757a65608cb72de0a7f6","ParentId":"","RepoTags":["ubuntu:latest"],"RepoDigests":["ubuntu@sha256:3b64c309deae7ab0f7dbdd42b6b326261ccd6261da5d88396439353162703fb5"],"Created":1480449877,"Size":128206574,"VirtualSize":128206574,"Labels":{}},{"Id":"sha256:aae2b63c49461fcae4962e4a8043f66acf8e3af7e62f5ebceb70b181d8ca01e0","ParentId":"","RepoTags":["ubuntu:14.04"],"RepoDigests":["ubuntu@sha256:edb984703bd3e8981ff541a5b9297ca1b81fde6e6e8094d86e390a38ebc30b4d"],"Created":1480449856,"Size":187952254,"VirtualSize":187952254,"Labels":{}},{"Id":"sha256:e02e811dd08fd49e7f6032625495118e63f597eb150403d02e3238af1df240ba","ParentId":"","RepoTags":["busybox:latest"],"RepoDigests":["busybox@sha256:29f5d56d12684887bdfa50dcd29fc31eea4aaf4ad3bec43daf19026a7ce69912"],"Created":1475874238,"Size":1093484,"VirtualSize":1093484,"Labels":{}},{"Id":"sha256:d654de4499473ed41349b54a988b6f46a7fc92e3fa2d61e102bf2660a0116e25","ParentId":"","RepoTags":["sakib37/iperf3:latest"],"RepoDigests":["sakib37/iperf3@sha256:8d80a810f8f508c074b14d02555f20110eac382c8dbda7252075392983629d40"],"Created":1474907599,"Size":199456654,"VirtualSize":199456654,"Labels":{}}]


02:20:40.260 [Test worker] DEBUG o.a.h.i.c.DefaultManagedHttpClientConnection - http-outgoing-24: Close connection
02:20:40.260 [Test worker] DEBUG o.a.h.impl.execchain.MainClientExec - Connection discarded
02:20:40.260 [Test worker] DEBUG c.g.d.j.JerseyDockerCmdExecFactory$1 - Connection released: [id: 24][route: {s}->https://Thesis:2376][total kept alive: 1; route allocated: 1 of 2; total allocated: 1 of 20]
02:20:40.266 [Test worker] DEBUG c.g.d.core.command.AbstrDockerCmd - Cmd: com.github.dockerjava.core.command.CreateContainerCmdImpl@195be7f7[name=MyContainer,hostName=MyContainer,domainName=<null>,user=<null>,attachStdin=<null>,attachStdout=<null>,attachStderr=<null>,portSpecs=<null>,tty=<null>,stdinOpen=<null>,stdInOnce=<null>,env={port=8080,TERM=xterm},cmd={sleep,99999},entrypoint=<null>,image=ubuntu:14.04,volumes=com.github.dockerjava.api.model.Volumes@118b2918,workingDir=<null>,macAddress=<null>,networkDisabled=<null>,exposedPorts=com.github.dockerjava.api.model.ExposedPorts@4736efa7,stopSignal=<null>,hostConfig=com.github.dockerjava.api.model.HostConfig@67afe177[binds=<null>,blkioWeight=<null>,blkioWeightDevice=<null>,blkioDeviceReadBps=<null>,blkioDeviceReadIOps=<null>,blkioDeviceWriteBps=<null>,blkioDeviceWriteIOps=<null>,memorySwappiness=<null>,capAdd=<null>,capDrop=<null>,containerIDFile=<null>,cpuPeriod=<null>,cpuShares=<null>,cpuQuota=<null>,cpusetCpus=<null>,cpusetMems=<null>,devices=<null>,dns=<null>,dnsSearch=<null>,extraHosts=<null>,links=<null>,logConfig=<null>,lxcConf=<null>,memory=<null>,memorySwap=<null>,memoryReservation=<null>,kernelMemory=<null>,networkMode=<null>,oomKillDisable=<null>,oomScoreAdj=<null>,portBindings={8084/tcp=[Lcom.github.dockerjava.api.model.Ports$Binding;@6d3efee5},privileged=<null>,publishAllPorts=<null>,readonlyRootfs=<null>,restartPolicy=<null>,ulimits=<null>,volumesFrom=<null>,pidMode=<null>,securityOpts=<null>,cgroupParent=<null>,volumeDriver=<null>,shmSize=<null>],labels=<null>,networkingConfig=<null>,ipv4Address=<null>,ipv6Address=<null>,aliases=<null>,execution=com.github.dockerjava.jaxrs.CreateContainerCmdExec@643a57eb]
02:20:40.275 [Test worker] DEBUG o.a.h.c.protocol.RequestAddCookies - CookieSpec selected: default
02:20:40.275 [Test worker] DEBUG o.a.h.c.protocol.RequestAuthCache - Auth cache not set in the context
02:20:40.275 [Test worker] DEBUG c.g.d.j.JerseyDockerCmdExecFactory$1 - Connection request: [route: {s}->https://Thesis:2376][total kept alive: 1; route allocated: 1 of 2; total allocated: 1 of 20]
02:20:40.275 [Test worker] DEBUG c.g.d.j.JerseyDockerCmdExecFactory$1 - Connection leased: [id: 25][route: {s}->https://Thesis:2376][total kept alive: 1; route allocated: 2 of 2; total allocated: 2 of 20]
02:20:40.276 [Test worker] DEBUG o.a.h.impl.execchain.MainClientExec - Opening connection {s}->https://Thesis:2376
02:20:40.276 [Test worker] DEBUG o.a.h.i.c.DefaultHttpClientConnectionOperator - Connecting to Thesis/127.0.1.1:2376
02:20:40.276 [Test worker] DEBUG o.a.h.c.s.SSLConnectionSocketFactory - Connecting socket to Thesis/127.0.1.1:2376 with timeout 0
02:20:40.281 [Test worker] DEBUG o.a.h.c.s.SSLConnectionSocketFactory - Enabled protocols: [TLSv1]
02:20:40.282 [Test worker] DEBUG o.a.h.c.s.SSLConnectionSocketFactory - Enabled cipher suites:[TLS_ECDHE_ECDSA_WITH_AES_128_CBC_SHA, TLS_ECDHE_RSA_WITH_AES_128_CBC_SHA, TLS_RSA_WITH_AES_128_CBC_SHA, TLS_ECDH_ECDSA_WITH_AES_128_CBC_SHA, TLS_ECDH_RSA_WITH_AES_128_CBC_SHA, TLS_DHE_RSA_WITH_AES_128_CBC_SHA, TLS_DHE_DSS_WITH_AES_128_CBC_SHA, TLS_ECDHE_ECDSA_WITH_3DES_EDE_CBC_SHA, TLS_ECDHE_RSA_WITH_3DES_EDE_CBC_SHA, SSL_RSA_WITH_3DES_EDE_CBC_SHA, TLS_ECDH_ECDSA_WITH_3DES_EDE_CBC_SHA, TLS_ECDH_RSA_WITH_3DES_EDE_CBC_SHA, SSL_DHE_RSA_WITH_3DES_EDE_CBC_SHA, SSL_DHE_DSS_WITH_3DES_EDE_CBC_SHA, TLS_ECDHE_ECDSA_WITH_RC4_128_SHA, TLS_ECDHE_RSA_WITH_RC4_128_SHA, SSL_RSA_WITH_RC4_128_SHA, TLS_ECDH_ECDSA_WITH_RC4_128_SHA, TLS_ECDH_RSA_WITH_RC4_128_SHA, SSL_RSA_WITH_RC4_128_MD5, TLS_EMPTY_RENEGOTIATION_INFO_SCSV]
02:20:40.282 [Test worker] DEBUG o.a.h.c.s.SSLConnectionSocketFactory - Starting handshake
02:20:40.344 [Test worker] DEBUG o.a.h.c.s.SSLConnectionSocketFactory - Secure session established
02:20:40.344 [Test worker] DEBUG o.a.h.c.s.SSLConnectionSocketFactory -  negotiated protocol: TLSv1
02:20:40.344 [Test worker] DEBUG o.a.h.c.s.SSLConnectionSocketFactory -  negotiated cipher suite: TLS_ECDHE_RSA_WITH_AES_128_CBC_SHA
02:20:40.344 [Test worker] DEBUG o.a.h.c.s.SSLConnectionSocketFactory -  peer principal: CN=Thesis
02:20:40.345 [Test worker] DEBUG o.a.h.c.s.SSLConnectionSocketFactory -  issuer principal: EMAILADDRESS=sha@yamil.com, CN=Thesis, OU=Open, O=Fra, L=BER, ST=BER, C=DE
02:20:40.345 [Test worker] DEBUG o.a.h.i.c.DefaultHttpClientConnectionOperator - Connection established 127.0.0.1:40924<->127.0.1.1:2376
02:20:40.345 [Test worker] DEBUG o.a.h.impl.execchain.MainClientExec - Executing request POST /containers/create?name=MyContainer HTTP/1.1
02:20:40.345 [Test worker] DEBUG o.a.h.impl.execchain.MainClientExec - Target auth state: UNCHALLENGED
02:20:40.345 [Test worker] DEBUG o.a.h.impl.execchain.MainClientExec - Proxy auth state: UNCHALLENGED
02:20:40.346 [Test worker] DEBUG org.apache.http.headers - http-outgoing-25 >> POST /containers/create?name=MyContainer HTTP/1.1
02:20:40.346 [Test worker] DEBUG org.apache.http.headers - http-outgoing-25 >> Accept: application/json
02:20:40.346 [Test worker] DEBUG org.apache.http.headers - http-outgoing-25 >> Content-Type: application/json
02:20:40.346 [Test worker] DEBUG org.apache.http.headers - http-outgoing-25 >> User-Agent: Jersey/2.23.1 (Apache HttpClient 4.5.1)
02:20:40.346 [Test worker] DEBUG org.apache.http.headers - http-outgoing-25 >> Transfer-Encoding: chunked
02:20:40.346 [Test worker] DEBUG org.apache.http.headers - http-outgoing-25 >> Host: Thesis:2376
02:20:40.347 [Test worker] DEBUG org.apache.http.headers - http-outgoing-25 >> Connection: Keep-Alive
02:20:40.347 [Test worker] DEBUG org.apache.http.headers - http-outgoing-25 >> Accept-Encoding: gzip,deflate
02:20:40.385 [Test worker] DEBUG c.g.d.j.JerseyDockerCmdExecFactory - 9 * Sending client request on thread Test worker
9 > POST https://Thesis:2376/containers/create?name=MyContainer
9 > Accept: application/json
9 > Content-Type: application/json
{"name":"MyContainer","Hostname":"MyContainer","Env":["port=8080","TERM=xterm"],"Cmd":["sleep","99999"],"Image":"ubuntu:14.04","Volumes":{},"ExposedPorts":{"8084/tcp":{}},"HostConfig":{"PortBindings":{"8084/tcp":[{"HostIp":"","HostPort":"8084"}]}}}

02:20:40.386 [Test worker] DEBUG org.apache.http.wire - http-outgoing-25 >> "POST /containers/create?name=MyContainer HTTP/1.1[\r][\n]"
02:20:40.386 [Test worker] DEBUG org.apache.http.wire - http-outgoing-25 >> "Accept: application/json[\r][\n]"
02:20:40.386 [Test worker] DEBUG org.apache.http.wire - http-outgoing-25 >> "Content-Type: application/json[\r][\n]"
02:20:40.387 [Test worker] DEBUG org.apache.http.wire - http-outgoing-25 >> "User-Agent: Jersey/2.23.1 (Apache HttpClient 4.5.1)[\r][\n]"
02:20:40.387 [Test worker] DEBUG org.apache.http.wire - http-outgoing-25 >> "Transfer-Encoding: chunked[\r][\n]"
02:20:40.387 [Test worker] DEBUG org.apache.http.wire - http-outgoing-25 >> "Host: Thesis:2376[\r][\n]"
02:20:40.387 [Test worker] DEBUG org.apache.http.wire - http-outgoing-25 >> "Connection: Keep-Alive[\r][\n]"
02:20:40.387 [Test worker] DEBUG org.apache.http.wire - http-outgoing-25 >> "Accept-Encoding: gzip,deflate[\r][\n]"
02:20:40.387 [Test worker] DEBUG org.apache.http.wire - http-outgoing-25 >> "[\r][\n]"
02:20:40.388 [Test worker] DEBUG org.apache.http.wire - http-outgoing-25 >> "f8[\r][\n]"
02:20:40.388 [Test worker] DEBUG org.apache.http.wire - http-outgoing-25 >> "{"name":"MyContainer","Hostname":"MyContainer","Env":["port=8080","TERM=xterm"],"Cmd":["sleep","99999"],"Image":"ubuntu:14.04","Volumes":{},"ExposedPorts":{"8084/tcp":{}},"HostConfig":{"PortBindings":{"8084/tcp":[{"HostIp":"","HostPort":"8084"}]}}}[\r][\n]"
02:20:40.388 [Test worker] DEBUG org.apache.http.wire - http-outgoing-25 >> "0[\r][\n]"
02:20:40.388 [Test worker] DEBUG org.apache.http.wire - http-outgoing-25 >> "[\r][\n]"
02:20:40.423 [Test worker] DEBUG org.apache.http.wire - http-outgoing-25 << "H"
02:20:40.423 [Test worker] DEBUG org.apache.http.wire - http-outgoing-25 << "TTP/1.1 201 Created[\r][\n]"
02:20:40.423 [Test worker] DEBUG org.apache.http.wire - http-outgoing-25 << "Content-Type: application/json[\r][\n]"
02:20:40.423 [Test worker] DEBUG org.apache.http.wire - http-outgoing-25 << "Server: Docker/1.12.3 (linux)[\r][\n]"
02:20:40.424 [Test worker] DEBUG org.apache.http.wire - http-outgoing-25 << "Date: Tue, 03 Jan 2017 01:20:40 GMT[\r][\n]"
02:20:40.424 [Test worker] DEBUG org.apache.http.wire - http-outgoing-25 << "Content-Length: 90[\r][\n]"
02:20:40.424 [Test worker] DEBUG org.apache.http.wire - http-outgoing-25 << "[\r][\n]"
02:20:40.424 [Test worker] DEBUG org.apache.http.wire - http-outgoing-25 << "{"Id":"a5212d8691382f3ddb065d4ca17b4a29098d4e367159d104265f0f7910224775","Warnings":null}[\n]"
02:20:40.424 [Test worker] DEBUG org.apache.http.headers - http-outgoing-25 << HTTP/1.1 201 Created
02:20:40.425 [Test worker] DEBUG org.apache.http.headers - http-outgoing-25 << Content-Type: application/json
02:20:40.425 [Test worker] DEBUG org.apache.http.headers - http-outgoing-25 << Server: Docker/1.12.3 (linux)
02:20:40.425 [Test worker] DEBUG org.apache.http.headers - http-outgoing-25 << Date: Tue, 03 Jan 2017 01:20:40 GMT
02:20:40.425 [Test worker] DEBUG org.apache.http.headers - http-outgoing-25 << Content-Length: 90
02:20:40.425 [Test worker] DEBUG o.a.h.impl.execchain.MainClientExec - Connection can be kept alive indefinitely
02:20:40.426 [Test worker] DEBUG c.g.d.j.JerseyDockerCmdExecFactory - 10 * Client response received on thread Test worker
10 < 201
10 < Content-Length: 90
10 < Content-Type: application/json
10 < Date: Tue, 03 Jan 2017 01:20:40 GMT
10 < Server: Docker/1.12.3 (linux)
{"Id":"a5212d8691382f3ddb065d4ca17b4a29098d4e367159d104265f0f7910224775","Warnings":null}


02:20:40.428 [Test worker] DEBUG o.a.h.i.c.DefaultManagedHttpClientConnection - http-outgoing-25: Close connection
02:20:40.428 [Test worker] DEBUG o.a.h.impl.execchain.MainClientExec - Connection discarded
02:20:40.429 [Test worker] DEBUG c.g.d.j.JerseyDockerCmdExecFactory$1 - Connection released: [id: 25][route: {s}->https://Thesis:2376][total kept alive: 1; route allocated: 1 of 2; total allocated: 1 of 20]
02:20:40.429 [Test worker] DEBUG org.openbaton.docker.DockerVim - Instance created successfully
02:20:40.430 [Test worker] DEBUG c.g.d.core.command.AbstrDockerCmd - Cmd: a5212d8691382f3ddb065d4ca17b4a29098d4e367159d104265f0f7910224775,com.github.dockerjava.jaxrs.StartContainerCmdExec@25a98448
02:20:40.430 [Test worker] DEBUG c.g.d.j.JerseyDockerCmdExecFactory - 11 * Sending client request on thread Test worker
11 > POST https://Thesis:2376/containers/a5212d8691382f3ddb065d4ca17b4a29098d4e367159d104265f0f7910224775/start
11 > Accept: application/json

02:20:40.431 [Test worker] DEBUG o.a.h.c.protocol.RequestAddCookies - CookieSpec selected: default
02:20:40.431 [Test worker] DEBUG o.a.h.c.protocol.RequestAuthCache - Auth cache not set in the context
02:20:40.431 [Test worker] DEBUG c.g.d.j.JerseyDockerCmdExecFactory$1 - Connection request: [route: {s}->https://Thesis:2376][total kept alive: 1; route allocated: 1 of 2; total allocated: 1 of 20]
02:20:40.432 [Test worker] DEBUG c.g.d.j.JerseyDockerCmdExecFactory$1 - Connection leased: [id: 26][route: {s}->https://Thesis:2376][total kept alive: 1; route allocated: 2 of 2; total allocated: 2 of 20]
02:20:40.432 [Test worker] DEBUG o.a.h.impl.execchain.MainClientExec - Opening connection {s}->https://Thesis:2376
02:20:40.432 [Test worker] DEBUG o.a.h.i.c.DefaultHttpClientConnectionOperator - Connecting to Thesis/127.0.1.1:2376
02:20:40.432 [Test worker] DEBUG o.a.h.c.s.SSLConnectionSocketFactory - Connecting socket to Thesis/127.0.1.1:2376 with timeout 0
02:20:40.433 [Test worker] DEBUG o.a.h.c.s.SSLConnectionSocketFactory - Enabled protocols: [TLSv1]
02:20:40.433 [Test worker] DEBUG o.a.h.c.s.SSLConnectionSocketFactory - Enabled cipher suites:[TLS_ECDHE_ECDSA_WITH_AES_128_CBC_SHA, TLS_ECDHE_RSA_WITH_AES_128_CBC_SHA, TLS_RSA_WITH_AES_128_CBC_SHA, TLS_ECDH_ECDSA_WITH_AES_128_CBC_SHA, TLS_ECDH_RSA_WITH_AES_128_CBC_SHA, TLS_DHE_RSA_WITH_AES_128_CBC_SHA, TLS_DHE_DSS_WITH_AES_128_CBC_SHA, TLS_ECDHE_ECDSA_WITH_3DES_EDE_CBC_SHA, TLS_ECDHE_RSA_WITH_3DES_EDE_CBC_SHA, SSL_RSA_WITH_3DES_EDE_CBC_SHA, TLS_ECDH_ECDSA_WITH_3DES_EDE_CBC_SHA, TLS_ECDH_RSA_WITH_3DES_EDE_CBC_SHA, SSL_DHE_RSA_WITH_3DES_EDE_CBC_SHA, SSL_DHE_DSS_WITH_3DES_EDE_CBC_SHA, TLS_ECDHE_ECDSA_WITH_RC4_128_SHA, TLS_ECDHE_RSA_WITH_RC4_128_SHA, SSL_RSA_WITH_RC4_128_SHA, TLS_ECDH_ECDSA_WITH_RC4_128_SHA, TLS_ECDH_RSA_WITH_RC4_128_SHA, SSL_RSA_WITH_RC4_128_MD5, TLS_EMPTY_RENEGOTIATION_INFO_SCSV]
02:20:40.434 [Test worker] DEBUG o.a.h.c.s.SSLConnectionSocketFactory - Starting handshake
02:20:40.506 [Test worker] DEBUG o.a.h.c.s.SSLConnectionSocketFactory - Secure session established
02:20:40.507 [Test worker] DEBUG o.a.h.c.s.SSLConnectionSocketFactory -  negotiated protocol: TLSv1
02:20:40.507 [Test worker] DEBUG o.a.h.c.s.SSLConnectionSocketFactory -  negotiated cipher suite: TLS_ECDHE_RSA_WITH_AES_128_CBC_SHA
02:20:40.508 [Test worker] DEBUG o.a.h.c.s.SSLConnectionSocketFactory -  peer principal: CN=Thesis
02:20:40.508 [Test worker] DEBUG o.a.h.c.s.SSLConnectionSocketFactory -  issuer principal: EMAILADDRESS=sha@yamil.com, CN=Thesis, OU=Open, O=Fra, L=BER, ST=BER, C=DE
02:20:40.508 [Test worker] DEBUG o.a.h.i.c.DefaultHttpClientConnectionOperator - Connection established 127.0.0.1:40926<->127.0.1.1:2376
02:20:40.508 [Test worker] DEBUG o.a.h.impl.execchain.MainClientExec - Executing request POST /containers/a5212d8691382f3ddb065d4ca17b4a29098d4e367159d104265f0f7910224775/start HTTP/1.1
02:20:40.512 [Test worker] DEBUG o.a.h.impl.execchain.MainClientExec - Target auth state: UNCHALLENGED
02:20:40.513 [Test worker] DEBUG o.a.h.impl.execchain.MainClientExec - Proxy auth state: UNCHALLENGED
02:20:40.513 [Test worker] DEBUG org.apache.http.headers - http-outgoing-26 >> POST /containers/a5212d8691382f3ddb065d4ca17b4a29098d4e367159d104265f0f7910224775/start HTTP/1.1
02:20:40.513 [Test worker] DEBUG org.apache.http.headers - http-outgoing-26 >> Accept: application/json
02:20:40.513 [Test worker] DEBUG org.apache.http.headers - http-outgoing-26 >> User-Agent: Jersey/2.23.1 (Apache HttpClient 4.5.1)
02:20:40.513 [Test worker] DEBUG org.apache.http.headers - http-outgoing-26 >> Host: Thesis:2376
02:20:40.514 [Test worker] DEBUG org.apache.http.headers - http-outgoing-26 >> Connection: Keep-Alive
02:20:40.514 [Test worker] DEBUG org.apache.http.headers - http-outgoing-26 >> Accept-Encoding: gzip,deflate
02:20:40.514 [Test worker] DEBUG org.apache.http.wire - http-outgoing-26 >> "POST /containers/a5212d8691382f3ddb065d4ca17b4a29098d4e367159d104265f0f7910224775/start HTTP/1.1[\r][\n]"
02:20:40.514 [Test worker] DEBUG org.apache.http.wire - http-outgoing-26 >> "Accept: application/json[\r][\n]"
02:20:40.514 [Test worker] DEBUG org.apache.http.wire - http-outgoing-26 >> "User-Agent: Jersey/2.23.1 (Apache HttpClient 4.5.1)[\r][\n]"
02:20:40.515 [Test worker] DEBUG org.apache.http.wire - http-outgoing-26 >> "Host: Thesis:2376[\r][\n]"
02:20:40.515 [Test worker] DEBUG org.apache.http.wire - http-outgoing-26 >> "Connection: Keep-Alive[\r][\n]"
02:20:40.515 [Test worker] DEBUG org.apache.http.wire - http-outgoing-26 >> "Accept-Encoding: gzip,deflate[\r][\n]"
02:20:40.515 [Test worker] DEBUG org.apache.http.wire - http-outgoing-26 >> "[\r][\n]"
02:20:40.698 [Test worker] DEBUG org.apache.http.wire - http-outgoing-26 << "H"
02:20:40.698 [Test worker] DEBUG org.apache.http.wire - http-outgoing-26 << "TTP/1.1 204 No Content[\r][\n]"
02:20:40.698 [Test worker] DEBUG org.apache.http.wire - http-outgoing-26 << "Server: Docker/1.12.3 (linux)[\r][\n]"
02:20:40.698 [Test worker] DEBUG org.apache.http.wire - http-outgoing-26 << "Date: Tue, 03 Jan 2017 01:20:40 GMT[\r][\n]"
02:20:40.698 [Test worker] DEBUG org.apache.http.wire - http-outgoing-26 << "[\r][\n]"
02:20:40.699 [Test worker] DEBUG org.apache.http.headers - http-outgoing-26 << HTTP/1.1 204 No Content
02:20:40.699 [Test worker] DEBUG org.apache.http.headers - http-outgoing-26 << Server: Docker/1.12.3 (linux)
02:20:40.699 [Test worker] DEBUG org.apache.http.headers - http-outgoing-26 << Date: Tue, 03 Jan 2017 01:20:40 GMT
02:20:40.699 [Test worker] DEBUG o.a.h.impl.execchain.MainClientExec - Connection can be kept alive indefinitely
02:20:40.699 [Test worker] DEBUG c.g.d.j.JerseyDockerCmdExecFactory$1 - Connection [id: 26][route: {s}->https://Thesis:2376][state: CN=Thesis] can be kept alive indefinitely
02:20:40.699 [Test worker] DEBUG c.g.d.j.JerseyDockerCmdExecFactory$1 - Connection released: [id: 26][route: {s}->https://Thesis:2376][state: CN=Thesis][total kept alive: 2; route allocated: 2 of 2; total allocated: 2 of 20]
02:20:40.699 [Test worker] DEBUG c.g.d.j.JerseyDockerCmdExecFactory - 12 * Client response received on thread Test worker
12 < 204
12 < Date: Tue, 03 Jan 2017 01:20:40 GMT
12 < Server: Docker/1.12.3 (linux)

02:20:40.700 [Test worker] DEBUG c.g.d.core.command.AbstrDockerCmd - Cmd: ListImagesCmdImpl[imageNameFilter=<null>,showAll=true,filters=com.github.dockerjava.core.util.FiltersBuilder@0,execution=com.github.dockerjava.jaxrs.ListImagesCmdExec@595188bf]
02:20:40.700 [Test worker] DEBUG c.g.d.j.JerseyDockerCmdExecFactory - 13 * Sending client request on thread Test worker
13 > GET https://Thesis:2376/images/json?all=true
13 > Accept: application/json

02:20:40.701 [Test worker] DEBUG o.a.h.c.protocol.RequestAddCookies - CookieSpec selected: default
02:20:40.701 [Test worker] DEBUG o.a.h.c.protocol.RequestAuthCache - Auth cache not set in the context
02:20:40.701 [Test worker] DEBUG c.g.d.j.JerseyDockerCmdExecFactory$1 - Connection request: [route: {s}->https://Thesis:2376][total kept alive: 2; route allocated: 2 of 2; total allocated: 2 of 20]
02:20:40.701 [Test worker] DEBUG o.a.h.i.c.DefaultManagedHttpClientConnection - http-outgoing-21: Close connection
02:20:40.702 [Test worker] DEBUG c.g.d.j.JerseyDockerCmdExecFactory$1 - Connection leased: [id: 27][route: {s}->https://Thesis:2376][total kept alive: 1; route allocated: 2 of 2; total allocated: 2 of 20]
02:20:40.702 [Test worker] DEBUG o.a.h.impl.execchain.MainClientExec - Opening connection {s}->https://Thesis:2376
02:20:40.702 [Test worker] DEBUG o.a.h.i.c.DefaultHttpClientConnectionOperator - Connecting to Thesis/127.0.1.1:2376
02:20:40.702 [Test worker] DEBUG o.a.h.c.s.SSLConnectionSocketFactory - Connecting socket to Thesis/127.0.1.1:2376 with timeout 0
02:20:40.706 [Test worker] DEBUG o.a.h.c.s.SSLConnectionSocketFactory - Enabled protocols: [TLSv1]
02:20:40.706 [Test worker] DEBUG o.a.h.c.s.SSLConnectionSocketFactory - Enabled cipher suites:[TLS_ECDHE_ECDSA_WITH_AES_128_CBC_SHA, TLS_ECDHE_RSA_WITH_AES_128_CBC_SHA, TLS_RSA_WITH_AES_128_CBC_SHA, TLS_ECDH_ECDSA_WITH_AES_128_CBC_SHA, TLS_ECDH_RSA_WITH_AES_128_CBC_SHA, TLS_DHE_RSA_WITH_AES_128_CBC_SHA, TLS_DHE_DSS_WITH_AES_128_CBC_SHA, TLS_ECDHE_ECDSA_WITH_3DES_EDE_CBC_SHA, TLS_ECDHE_RSA_WITH_3DES_EDE_CBC_SHA, SSL_RSA_WITH_3DES_EDE_CBC_SHA, TLS_ECDH_ECDSA_WITH_3DES_EDE_CBC_SHA, TLS_ECDH_RSA_WITH_3DES_EDE_CBC_SHA, SSL_DHE_RSA_WITH_3DES_EDE_CBC_SHA, SSL_DHE_DSS_WITH_3DES_EDE_CBC_SHA, TLS_ECDHE_ECDSA_WITH_RC4_128_SHA, TLS_ECDHE_RSA_WITH_RC4_128_SHA, SSL_RSA_WITH_RC4_128_SHA, TLS_ECDH_ECDSA_WITH_RC4_128_SHA, TLS_ECDH_RSA_WITH_RC4_128_SHA, SSL_RSA_WITH_RC4_128_MD5, TLS_EMPTY_RENEGOTIATION_INFO_SCSV]
02:20:40.707 [Test worker] DEBUG o.a.h.c.s.SSLConnectionSocketFactory - Starting handshake
02:20:40.839 [Test worker] DEBUG o.a.h.c.s.SSLConnectionSocketFactory - Secure session established
02:20:40.840 [Test worker] DEBUG o.a.h.c.s.SSLConnectionSocketFactory -  negotiated protocol: TLSv1
02:20:40.842 [Test worker] DEBUG o.a.h.c.s.SSLConnectionSocketFactory -  negotiated cipher suite: TLS_ECDHE_RSA_WITH_AES_128_CBC_SHA
02:20:40.842 [Test worker] DEBUG o.a.h.c.s.SSLConnectionSocketFactory -  peer principal: CN=Thesis
02:20:40.843 [Test worker] DEBUG o.a.h.c.s.SSLConnectionSocketFactory -  issuer principal: EMAILADDRESS=sha@yamil.com, CN=Thesis, OU=Open, O=Fra, L=BER, ST=BER, C=DE
02:20:40.843 [Test worker] DEBUG o.a.h.i.c.DefaultHttpClientConnectionOperator - Connection established 127.0.0.1:40928<->127.0.1.1:2376
02:20:40.843 [Test worker] DEBUG o.a.h.impl.execchain.MainClientExec - Executing request GET /images/json?all=true HTTP/1.1
02:20:40.843 [Test worker] DEBUG o.a.h.impl.execchain.MainClientExec - Target auth state: UNCHALLENGED
02:20:40.843 [Test worker] DEBUG o.a.h.impl.execchain.MainClientExec - Proxy auth state: UNCHALLENGED
02:20:40.844 [Test worker] DEBUG org.apache.http.headers - http-outgoing-27 >> GET /images/json?all=true HTTP/1.1
02:20:40.844 [Test worker] DEBUG org.apache.http.headers - http-outgoing-27 >> Accept: application/json
02:20:40.844 [Test worker] DEBUG org.apache.http.headers - http-outgoing-27 >> User-Agent: Jersey/2.23.1 (Apache HttpClient 4.5.1)
02:20:40.844 [Test worker] DEBUG org.apache.http.headers - http-outgoing-27 >> Host: Thesis:2376
02:20:40.844 [Test worker] DEBUG org.apache.http.headers - http-outgoing-27 >> Connection: Keep-Alive
02:20:40.844 [Test worker] DEBUG org.apache.http.headers - http-outgoing-27 >> Accept-Encoding: gzip,deflate
02:20:40.845 [Test worker] DEBUG org.apache.http.wire - http-outgoing-27 >> "GET /images/json?all=true HTTP/1.1[\r][\n]"
02:20:40.845 [Test worker] DEBUG org.apache.http.wire - http-outgoing-27 >> "Accept: application/json[\r][\n]"
02:20:40.845 [Test worker] DEBUG org.apache.http.wire - http-outgoing-27 >> "User-Agent: Jersey/2.23.1 (Apache HttpClient 4.5.1)[\r][\n]"
02:20:40.845 [Test worker] DEBUG org.apache.http.wire - http-outgoing-27 >> "Host: Thesis:2376[\r][\n]"
02:20:40.846 [Test worker] DEBUG org.apache.http.wire - http-outgoing-27 >> "Connection: Keep-Alive[\r][\n]"
02:20:40.846 [Test worker] DEBUG org.apache.http.wire - http-outgoing-27 >> "Accept-Encoding: gzip,deflate[\r][\n]"
02:20:40.846 [Test worker] DEBUG org.apache.http.wire - http-outgoing-27 >> "[\r][\n]"
02:20:40.847 [Test worker] DEBUG org.apache.http.wire - http-outgoing-27 << "H"
02:20:40.847 [Test worker] DEBUG org.apache.http.wire - http-outgoing-27 << "TTP/1.1 200 OK[\r][\n]"
02:20:40.848 [Test worker] DEBUG org.apache.http.wire - http-outgoing-27 << "Content-Type: application/json[\r][\n]"
02:20:40.848 [Test worker] DEBUG org.apache.http.wire - http-outgoing-27 << "Server: Docker/1.12.3 (linux)[\r][\n]"
02:20:40.848 [Test worker] DEBUG org.apache.http.wire - http-outgoing-27 << "Date: Tue, 03 Jan 2017 01:20:40 GMT[\r][\n]"
02:20:40.848 [Test worker] DEBUG org.apache.http.wire - http-outgoing-27 << "Content-Length: 1195[\r][\n]"
02:20:40.848 [Test worker] DEBUG org.apache.http.wire - http-outgoing-27 << "[\r][\n]"
02:20:40.849 [Test worker] DEBUG org.apache.http.wire - http-outgoing-27 << "[{"Id":"sha256:4ca3a192ff2a5b7e225e81dc006b6379c10776ed3619757a65608cb72de0a7f6","ParentId":"","RepoTags":["ubuntu:latest"],"RepoDigests":["ubuntu@sha256:3b64c309deae7ab0f7dbdd42b6b326261ccd6261da5d88396439353162703fb5"],"Created":1480449877,"Size":128206574,"VirtualSize":128206574,"Labels":{}},{"Id":"sha256:aae2b63c49461fcae4962e4a8043f66acf8e3af7e62f5ebceb70b181d8ca01e0","ParentId":"","RepoTags":["ubuntu:14.04"],"RepoDigests":["ubuntu@sha256:edb984703bd3e8981ff541a5b9297ca1b81fde6e6e8094d86e390a38ebc30b4d"],"Created":1480449856,"Size":187952254,"VirtualSize":187952254,"Labels":{}},{"Id":"sha256:e02e811dd08fd49e7f6032625495118e63f597eb150403d02e3238af1df240ba","ParentId":"","RepoTags":["busybox:latest"],"RepoDigests":["busybox@sha256:29f5d56d12684887bdfa50dcd29fc31eea4aaf4ad3bec43daf19026a7ce69912"],"Created":1475874238,"Size":1093484,"VirtualSize":1093484,"Labels":{}},{"Id":"sha256:d654de4499473ed41349b54a988b6f46a7fc92e3fa2d61e102bf2660a0116e25","ParentId":"","RepoTags":["sakib37/iperf3:latest"],"RepoDigests":["sakib37/iperf3@sha256:8d80a810f8f508c074b14d02555f20110eac382c8dbda7252075392983629d40"],"Created":1474907599,"Size":199456654,"VirtualSize":199456654,"Labels":{}}][\n]"
02:20:40.849 [Test worker] DEBUG org.apache.http.headers - http-outgoing-27 << HTTP/1.1 200 OK
02:20:40.849 [Test worker] DEBUG org.apache.http.headers - http-outgoing-27 << Content-Type: application/json
02:20:40.849 [Test worker] DEBUG org.apache.http.headers - http-outgoing-27 << Server: Docker/1.12.3 (linux)
02:20:40.849 [Test worker] DEBUG org.apache.http.headers - http-outgoing-27 << Date: Tue, 03 Jan 2017 01:20:40 GMT
02:20:40.850 [Test worker] DEBUG org.apache.http.headers - http-outgoing-27 << Content-Length: 1195
02:20:40.850 [Test worker] DEBUG o.a.h.impl.execchain.MainClientExec - Connection can be kept alive indefinitely
02:20:40.850 [Test worker] DEBUG c.g.d.j.JerseyDockerCmdExecFactory - 14 * Client response received on thread Test worker
14 < 200
14 < Content-Length: 1195
14 < Content-Type: application/json
14 < Date: Tue, 03 Jan 2017 01:20:40 GMT
14 < Server: Docker/1.12.3 (linux)
[{"Id":"sha256:4ca3a192ff2a5b7e225e81dc006b6379c10776ed3619757a65608cb72de0a7f6","ParentId":"","RepoTags":["ubuntu:latest"],"RepoDigests":["ubuntu@sha256:3b64c309deae7ab0f7dbdd42b6b326261ccd6261da5d88396439353162703fb5"],"Created":1480449877,"Size":128206574,"VirtualSize":128206574,"Labels":{}},{"Id":"sha256:aae2b63c49461fcae4962e4a8043f66acf8e3af7e62f5ebceb70b181d8ca01e0","ParentId":"","RepoTags":["ubuntu:14.04"],"RepoDigests":["ubuntu@sha256:edb984703bd3e8981ff541a5b9297ca1b81fde6e6e8094d86e390a38ebc30b4d"],"Created":1480449856,"Size":187952254,"VirtualSize":187952254,"Labels":{}},{"Id":"sha256:e02e811dd08fd49e7f6032625495118e63f597eb150403d02e3238af1df240ba","ParentId":"","RepoTags":["busybox:latest"],"RepoDigests":["busybox@sha256:29f5d56d12684887bdfa50dcd29fc31eea4aaf4ad3bec43daf19026a7ce69912"],"Created":1475874238,"Size":1093484,"VirtualSize":1093484,"Labels":{}},{"Id":"sha256:d654de4499473ed41349b54a988b6f46a7fc92e3fa2d61e102bf2660a0116e25","ParentId":"","RepoTags":["sakib37/iperf3:latest"],"RepoDigests":["sakib37/iperf3@sha256:8d80a810f8f508c074b14d02555f20110eac382c8dbda7252075392983629d40"],"Created":1474907599,"Size":199456654,"VirtualSize":199456654,"Labels":{}}]


02:20:40.860 [Test worker] DEBUG o.a.h.i.c.DefaultManagedHttpClientConnection - http-outgoing-27: Close connection
02:20:40.861 [Test worker] DEBUG o.a.h.impl.execchain.MainClientExec - Connection discarded
02:20:40.861 [Test worker] DEBUG c.g.d.j.JerseyDockerCmdExecFactory$1 - Connection released: [id: 27][route: {s}->https://Thesis:2376][total kept alive: 1; route allocated: 1 of 2; total allocated: 1 of 20]
02:20:40.863 [Test worker] DEBUG org.openbaton.docker.DockerVim - Found a docker image, transformed into a NFV Image Image{id='sha256:aae2b63c49461fcae4962e4a8043f66acf8e3af7e62f5ebceb70b181d8ca01e0', name='ubuntu:14.04', version=0, extId='null', minRam='0', minDiskSpace='0', minCPU='null', public='true', diskFormat='null', containerFormat='docker', created='Sun Jan 18 04:14:09 CET 1970', updated='null'}
02:20:40.863 [Test worker] DEBUG c.g.d.core.command.AbstrDockerCmd - Cmd: -1,<null>,true,<null>,<null>,com.github.dockerjava.core.util.FiltersBuilder@0,com.github.dockerjava.jaxrs.ListContainersCmdExec@55a7f0a0
02:20:40.864 [Test worker] DEBUG c.g.d.j.JerseyDockerCmdExecFactory - 15 * Sending client request on thread Test worker
15 > GET https://Thesis:2376/containers/json?all=true
15 > Accept: application/json

02:20:40.865 [Test worker] DEBUG o.a.h.c.protocol.RequestAddCookies - CookieSpec selected: default
02:20:40.865 [Test worker] DEBUG o.a.h.c.protocol.RequestAuthCache - Auth cache not set in the context
02:20:40.866 [Test worker] DEBUG c.g.d.j.JerseyDockerCmdExecFactory$1 - Connection request: [route: {s}->https://Thesis:2376][total kept alive: 1; route allocated: 1 of 2; total allocated: 1 of 20]
02:20:40.866 [Test worker] DEBUG c.g.d.j.JerseyDockerCmdExecFactory$1 - Connection leased: [id: 28][route: {s}->https://Thesis:2376][total kept alive: 1; route allocated: 2 of 2; total allocated: 2 of 20]
02:20:40.866 [Test worker] DEBUG o.a.h.impl.execchain.MainClientExec - Opening connection {s}->https://Thesis:2376
02:20:40.866 [Test worker] DEBUG o.a.h.i.c.DefaultHttpClientConnectionOperator - Connecting to Thesis/127.0.1.1:2376
02:20:40.867 [Test worker] DEBUG o.a.h.c.s.SSLConnectionSocketFactory - Connecting socket to Thesis/127.0.1.1:2376 with timeout 0
02:20:40.868 [Test worker] DEBUG o.a.h.c.s.SSLConnectionSocketFactory - Enabled protocols: [TLSv1]
02:20:40.871 [Test worker] DEBUG o.a.h.c.s.SSLConnectionSocketFactory - Enabled cipher suites:[TLS_ECDHE_ECDSA_WITH_AES_128_CBC_SHA, TLS_ECDHE_RSA_WITH_AES_128_CBC_SHA, TLS_RSA_WITH_AES_128_CBC_SHA, TLS_ECDH_ECDSA_WITH_AES_128_CBC_SHA, TLS_ECDH_RSA_WITH_AES_128_CBC_SHA, TLS_DHE_RSA_WITH_AES_128_CBC_SHA, TLS_DHE_DSS_WITH_AES_128_CBC_SHA, TLS_ECDHE_ECDSA_WITH_3DES_EDE_CBC_SHA, TLS_ECDHE_RSA_WITH_3DES_EDE_CBC_SHA, SSL_RSA_WITH_3DES_EDE_CBC_SHA, TLS_ECDH_ECDSA_WITH_3DES_EDE_CBC_SHA, TLS_ECDH_RSA_WITH_3DES_EDE_CBC_SHA, SSL_DHE_RSA_WITH_3DES_EDE_CBC_SHA, SSL_DHE_DSS_WITH_3DES_EDE_CBC_SHA, TLS_ECDHE_ECDSA_WITH_RC4_128_SHA, TLS_ECDHE_RSA_WITH_RC4_128_SHA, SSL_RSA_WITH_RC4_128_SHA, TLS_ECDH_ECDSA_WITH_RC4_128_SHA, TLS_ECDH_RSA_WITH_RC4_128_SHA, SSL_RSA_WITH_RC4_128_MD5, TLS_EMPTY_RENEGOTIATION_INFO_SCSV]
02:20:40.871 [Test worker] DEBUG o.a.h.c.s.SSLConnectionSocketFactory - Starting handshake
02:20:41.019 [Test worker] DEBUG o.a.h.c.s.SSLConnectionSocketFactory - Secure session established
02:20:41.020 [Test worker] DEBUG o.a.h.c.s.SSLConnectionSocketFactory -  negotiated protocol: TLSv1
02:20:41.020 [Test worker] DEBUG o.a.h.c.s.SSLConnectionSocketFactory -  negotiated cipher suite: TLS_ECDHE_RSA_WITH_AES_128_CBC_SHA
02:20:41.020 [Test worker] DEBUG o.a.h.c.s.SSLConnectionSocketFactory -  peer principal: CN=Thesis
02:20:41.020 [Test worker] DEBUG o.a.h.c.s.SSLConnectionSocketFactory -  issuer principal: EMAILADDRESS=sha@yamil.com, CN=Thesis, OU=Open, O=Fra, L=BER, ST=BER, C=DE
02:20:41.021 [Test worker] DEBUG o.a.h.i.c.DefaultHttpClientConnectionOperator - Connection established 127.0.0.1:40930<->127.0.1.1:2376
02:20:41.021 [Test worker] DEBUG o.a.h.impl.execchain.MainClientExec - Executing request GET /containers/json?all=true HTTP/1.1
02:20:41.021 [Test worker] DEBUG o.a.h.impl.execchain.MainClientExec - Target auth state: UNCHALLENGED
02:20:41.021 [Test worker] DEBUG o.a.h.impl.execchain.MainClientExec - Proxy auth state: UNCHALLENGED
02:20:41.022 [Test worker] DEBUG org.apache.http.headers - http-outgoing-28 >> GET /containers/json?all=true HTTP/1.1
02:20:41.022 [Test worker] DEBUG org.apache.http.headers - http-outgoing-28 >> Accept: application/json
02:20:41.022 [Test worker] DEBUG org.apache.http.headers - http-outgoing-28 >> User-Agent: Jersey/2.23.1 (Apache HttpClient 4.5.1)
02:20:41.022 [Test worker] DEBUG org.apache.http.headers - http-outgoing-28 >> Host: Thesis:2376
02:20:41.023 [Test worker] DEBUG org.apache.http.headers - http-outgoing-28 >> Connection: Keep-Alive
02:20:41.023 [Test worker] DEBUG org.apache.http.headers - http-outgoing-28 >> Accept-Encoding: gzip,deflate
02:20:41.023 [Test worker] DEBUG org.apache.http.wire - http-outgoing-28 >> "GET /containers/json?all=true HTTP/1.1[\r][\n]"
02:20:41.023 [Test worker] DEBUG org.apache.http.wire - http-outgoing-28 >> "Accept: application/json[\r][\n]"
02:20:41.024 [Test worker] DEBUG org.apache.http.wire - http-outgoing-28 >> "User-Agent: Jersey/2.23.1 (Apache HttpClient 4.5.1)[\r][\n]"
02:20:41.024 [Test worker] DEBUG org.apache.http.wire - http-outgoing-28 >> "Host: Thesis:2376[\r][\n]"
02:20:41.024 [Test worker] DEBUG org.apache.http.wire - http-outgoing-28 >> "Connection: Keep-Alive[\r][\n]"
02:20:41.025 [Test worker] DEBUG org.apache.http.wire - http-outgoing-28 >> "Accept-Encoding: gzip,deflate[\r][\n]"
02:20:41.025 [Test worker] DEBUG org.apache.http.wire - http-outgoing-28 >> "[\r][\n]"
02:20:41.026 [Test worker] DEBUG org.apache.http.wire - http-outgoing-28 << "H"
02:20:41.026 [Test worker] DEBUG org.apache.http.wire - http-outgoing-28 << "TTP/1.1 200 OK[\r][\n]"
02:20:41.026 [Test worker] DEBUG org.apache.http.wire - http-outgoing-28 << "Content-Type: application/json[\r][\n]"
02:20:41.026 [Test worker] DEBUG org.apache.http.wire - http-outgoing-28 << "Server: Docker/1.12.3 (linux)[\r][\n]"
02:20:41.028 [Test worker] DEBUG org.apache.http.wire - http-outgoing-28 << "Date: Tue, 03 Jan 2017 01:20:41 GMT[\r][\n]"
02:20:41.029 [Test worker] DEBUG org.apache.http.wire - http-outgoing-28 << "Content-Length: 855[\r][\n]"
02:20:41.029 [Test worker] DEBUG org.apache.http.wire - http-outgoing-28 << "[\r][\n]"
02:20:41.029 [Test worker] DEBUG org.apache.http.wire - http-outgoing-28 << "[{"Id":"a5212d8691382f3ddb065d4ca17b4a29098d4e367159d104265f0f7910224775","Names":["/MyContainer"],"Image":"ubuntu:14.04","ImageID":"sha256:aae2b63c49461fcae4962e4a8043f66acf8e3af7e62f5ebceb70b181d8ca01e0","Command":"sleep 99999","Created":1483406440,"Ports":[{"IP":"0.0.0.0","PrivatePort":8084,"PublicPort":8084,"Type":"tcp"}],"Labels":{},"State":"running","Status":"Up Less than a second","HostConfig":{"NetworkMode":"default"},"NetworkSettings":{"Networks":{"bridge":{"IPAMConfig":null,"Links":null,"Aliases":null,"NetworkID":"e0d36057aa1769e9fd52ba88be81b698b495f9b6b4946d0f98f24d971a27fc98","EndpointID":"6c2b7c19343be342ec969f211241c0cffc38feb6779ad281f12eb4cf90caaea7","Gateway":"172.17.0.1","IPAddress":"172.17.0.2","IPPrefixLen":16,"IPv6Gateway":"","GlobalIPv6Address":"","GlobalIPv6PrefixLen":0,"MacAddress":"02:42:ac:11:00:02"}}},"Mounts":[]}][\n]"
02:20:41.029 [Test worker] DEBUG org.apache.http.headers - http-outgoing-28 << HTTP/1.1 200 OK
02:20:41.029 [Test worker] DEBUG org.apache.http.headers - http-outgoing-28 << Content-Type: application/json
02:20:41.030 [Test worker] DEBUG org.apache.http.headers - http-outgoing-28 << Server: Docker/1.12.3 (linux)
02:20:41.030 [Test worker] DEBUG org.apache.http.headers - http-outgoing-28 << Date: Tue, 03 Jan 2017 01:20:41 GMT
02:20:41.030 [Test worker] DEBUG org.apache.http.headers - http-outgoing-28 << Content-Length: 855
02:20:41.030 [Test worker] DEBUG o.a.h.impl.execchain.MainClientExec - Connection can be kept alive indefinitely
02:20:41.031 [Test worker] DEBUG c.g.d.j.JerseyDockerCmdExecFactory - 16 * Client response received on thread Test worker
16 < 200
16 < Content-Length: 855
16 < Content-Type: application/json
16 < Date: Tue, 03 Jan 2017 01:20:41 GMT
16 < Server: Docker/1.12.3 (linux)
[{"Id":"a5212d8691382f3ddb065d4ca17b4a29098d4e367159d104265f0f7910224775","Names":["/MyContainer"],"Image":"ubuntu:14.04","ImageID":"sha256:aae2b63c49461fcae4962e4a8043f66acf8e3af7e62f5ebceb70b181d8ca01e0","Command":"sleep 99999","Created":1483406440,"Ports":[{"IP":"0.0.0.0","PrivatePort":8084,"PublicPort":8084,"Type":"tcp"}],"Labels":{},"State":"running","Status":"Up Less than a second","HostConfig":{"NetworkMode":"default"},"NetworkSettings":{"Networks":{"bridge":{"IPAMConfig":null,"Links":null,"Aliases":null,"NetworkID":"e0d36057aa1769e9fd52ba88be81b698b495f9b6b4946d0f98f24d971a27fc98","EndpointID":"6c2b7c19343be342ec969f211241c0cffc38feb6779ad281f12eb4cf90caaea7","Gateway":"172.17.0.1","IPAddress":"172.17.0.2","IPPrefixLen":16,"IPv6Gateway":"","GlobalIPv6Address":"","GlobalIPv6PrefixLen":0,"MacAddress":"02:42:ac:11:00:02"}}},"Mounts":[]}]


02:20:41.033 [Test worker] DEBUG o.a.h.i.c.DefaultManagedHttpClientConnection - http-outgoing-28: Close connection
02:20:41.043 [Test worker] DEBUG o.a.h.impl.execchain.MainClientExec - Connection discarded
02:20:41.043 [Test worker] DEBUG c.g.d.j.JerseyDockerCmdExecFactory$1 - Connection released: [id: 28][route: {s}->https://Thesis:2376][total kept alive: 1; route allocated: 1 of 2; total allocated: 1 of 20]
02:20:41.044 [Test worker] DEBUG c.g.d.core.command.AbstrDockerCmd - Cmd: ListImagesCmdImpl[imageNameFilter=<null>,showAll=true,filters=com.github.dockerjava.core.util.FiltersBuilder@0,execution=com.github.dockerjava.jaxrs.ListImagesCmdExec@753e3ae6]
02:20:41.044 [Test worker] DEBUG c.g.d.j.JerseyDockerCmdExecFactory - 17 * Sending client request on thread Test worker
17 > GET https://Thesis:2376/images/json?all=true
17 > Accept: application/json

02:20:41.045 [Test worker] DEBUG o.a.h.c.protocol.RequestAddCookies - CookieSpec selected: default
02:20:41.046 [Test worker] DEBUG o.a.h.c.protocol.RequestAuthCache - Auth cache not set in the context
02:20:41.046 [Test worker] DEBUG c.g.d.j.JerseyDockerCmdExecFactory$1 - Connection request: [route: {s}->https://Thesis:2376][total kept alive: 1; route allocated: 1 of 2; total allocated: 1 of 20]
02:20:41.046 [Test worker] DEBUG c.g.d.j.JerseyDockerCmdExecFactory$1 - Connection leased: [id: 29][route: {s}->https://Thesis:2376][total kept alive: 1; route allocated: 2 of 2; total allocated: 2 of 20]
02:20:41.046 [Test worker] DEBUG o.a.h.impl.execchain.MainClientExec - Opening connection {s}->https://Thesis:2376
02:20:41.046 [Test worker] DEBUG o.a.h.i.c.DefaultHttpClientConnectionOperator - Connecting to Thesis/127.0.1.1:2376
02:20:41.047 [Test worker] DEBUG o.a.h.c.s.SSLConnectionSocketFactory - Connecting socket to Thesis/127.0.1.1:2376 with timeout 0
02:20:41.055 [Test worker] DEBUG o.a.h.c.s.SSLConnectionSocketFactory - Enabled protocols: [TLSv1]
02:20:41.056 [Test worker] DEBUG o.a.h.c.s.SSLConnectionSocketFactory - Enabled cipher suites:[TLS_ECDHE_ECDSA_WITH_AES_128_CBC_SHA, TLS_ECDHE_RSA_WITH_AES_128_CBC_SHA, TLS_RSA_WITH_AES_128_CBC_SHA, TLS_ECDH_ECDSA_WITH_AES_128_CBC_SHA, TLS_ECDH_RSA_WITH_AES_128_CBC_SHA, TLS_DHE_RSA_WITH_AES_128_CBC_SHA, TLS_DHE_DSS_WITH_AES_128_CBC_SHA, TLS_ECDHE_ECDSA_WITH_3DES_EDE_CBC_SHA, TLS_ECDHE_RSA_WITH_3DES_EDE_CBC_SHA, SSL_RSA_WITH_3DES_EDE_CBC_SHA, TLS_ECDH_ECDSA_WITH_3DES_EDE_CBC_SHA, TLS_ECDH_RSA_WITH_3DES_EDE_CBC_SHA, SSL_DHE_RSA_WITH_3DES_EDE_CBC_SHA, SSL_DHE_DSS_WITH_3DES_EDE_CBC_SHA, TLS_ECDHE_ECDSA_WITH_RC4_128_SHA, TLS_ECDHE_RSA_WITH_RC4_128_SHA, SSL_RSA_WITH_RC4_128_SHA, TLS_ECDH_ECDSA_WITH_RC4_128_SHA, TLS_ECDH_RSA_WITH_RC4_128_SHA, SSL_RSA_WITH_RC4_128_MD5, TLS_EMPTY_RENEGOTIATION_INFO_SCSV]
02:20:41.056 [Test worker] DEBUG o.a.h.c.s.SSLConnectionSocketFactory - Starting handshake
02:20:41.133 [Test worker] DEBUG o.a.h.c.s.SSLConnectionSocketFactory - Secure session established
02:20:41.134 [Test worker] DEBUG o.a.h.c.s.SSLConnectionSocketFactory -  negotiated protocol: TLSv1
02:20:41.134 [Test worker] DEBUG o.a.h.c.s.SSLConnectionSocketFactory -  negotiated cipher suite: TLS_ECDHE_RSA_WITH_AES_128_CBC_SHA
02:20:41.134 [Test worker] DEBUG o.a.h.c.s.SSLConnectionSocketFactory -  peer principal: CN=Thesis
02:20:41.134 [Test worker] DEBUG o.a.h.c.s.SSLConnectionSocketFactory -  issuer principal: EMAILADDRESS=sha@yamil.com, CN=Thesis, OU=Open, O=Fra, L=BER, ST=BER, C=DE
02:20:41.135 [Test worker] DEBUG o.a.h.i.c.DefaultHttpClientConnectionOperator - Connection established 127.0.0.1:40932<->127.0.1.1:2376
02:20:41.135 [Test worker] DEBUG o.a.h.impl.execchain.MainClientExec - Executing request GET /images/json?all=true HTTP/1.1
02:20:41.135 [Test worker] DEBUG o.a.h.impl.execchain.MainClientExec - Target auth state: UNCHALLENGED
02:20:41.135 [Test worker] DEBUG o.a.h.impl.execchain.MainClientExec - Proxy auth state: UNCHALLENGED
02:20:41.135 [Test worker] DEBUG org.apache.http.headers - http-outgoing-29 >> GET /images/json?all=true HTTP/1.1
02:20:41.136 [Test worker] DEBUG org.apache.http.headers - http-outgoing-29 >> Accept: application/json
02:20:41.136 [Test worker] DEBUG org.apache.http.headers - http-outgoing-29 >> User-Agent: Jersey/2.23.1 (Apache HttpClient 4.5.1)
02:20:41.136 [Test worker] DEBUG org.apache.http.headers - http-outgoing-29 >> Host: Thesis:2376
02:20:41.136 [Test worker] DEBUG org.apache.http.headers - http-outgoing-29 >> Connection: Keep-Alive
02:20:41.136 [Test worker] DEBUG org.apache.http.headers - http-outgoing-29 >> Accept-Encoding: gzip,deflate
02:20:41.136 [Test worker] DEBUG org.apache.http.wire - http-outgoing-29 >> "GET /images/json?all=true HTTP/1.1[\r][\n]"
02:20:41.136 [Test worker] DEBUG org.apache.http.wire - http-outgoing-29 >> "Accept: application/json[\r][\n]"
02:20:41.137 [Test worker] DEBUG org.apache.http.wire - http-outgoing-29 >> "User-Agent: Jersey/2.23.1 (Apache HttpClient 4.5.1)[\r][\n]"
02:20:41.137 [Test worker] DEBUG org.apache.http.wire - http-outgoing-29 >> "Host: Thesis:2376[\r][\n]"
02:20:41.137 [Test worker] DEBUG org.apache.http.wire - http-outgoing-29 >> "Connection: Keep-Alive[\r][\n]"
02:20:41.137 [Test worker] DEBUG org.apache.http.wire - http-outgoing-29 >> "Accept-Encoding: gzip,deflate[\r][\n]"
02:20:41.137 [Test worker] DEBUG org.apache.http.wire - http-outgoing-29 >> "[\r][\n]"
02:20:41.138 [Test worker] DEBUG org.apache.http.wire - http-outgoing-29 << "H"
02:20:41.139 [Test worker] DEBUG org.apache.http.wire - http-outgoing-29 << "TTP/1.1 200 OK[\r][\n]"
02:20:41.139 [Test worker] DEBUG org.apache.http.wire - http-outgoing-29 << "Content-Type: application/json[\r][\n]"
02:20:41.139 [Test worker] DEBUG org.apache.http.wire - http-outgoing-29 << "Server: Docker/1.12.3 (linux)[\r][\n]"
02:20:41.139 [Test worker] DEBUG org.apache.http.wire - http-outgoing-29 << "Date: Tue, 03 Jan 2017 01:20:41 GMT[\r][\n]"
02:20:41.140 [Test worker] DEBUG org.apache.http.wire - http-outgoing-29 << "Content-Length: 1195[\r][\n]"
02:20:41.140 [Test worker] DEBUG org.apache.http.wire - http-outgoing-29 << "[\r][\n]"
02:20:41.140 [Test worker] DEBUG org.apache.http.wire - http-outgoing-29 << "[{"Id":"sha256:4ca3a192ff2a5b7e225e81dc006b6379c10776ed3619757a65608cb72de0a7f6","ParentId":"","RepoTags":["ubuntu:latest"],"RepoDigests":["ubuntu@sha256:3b64c309deae7ab0f7dbdd42b6b326261ccd6261da5d88396439353162703fb5"],"Created":1480449877,"Size":128206574,"VirtualSize":128206574,"Labels":{}},{"Id":"sha256:aae2b63c49461fcae4962e4a8043f66acf8e3af7e62f5ebceb70b181d8ca01e0","ParentId":"","RepoTags":["ubuntu:14.04"],"RepoDigests":["ubuntu@sha256:edb984703bd3e8981ff541a5b9297ca1b81fde6e6e8094d86e390a38ebc30b4d"],"Created":1480449856,"Size":187952254,"VirtualSize":187952254,"Labels":{}},{"Id":"sha256:e02e811dd08fd49e7f6032625495118e63f597eb150403d02e3238af1df240ba","ParentId":"","RepoTags":["busybox:latest"],"RepoDigests":["busybox@sha256:29f5d56d12684887bdfa50dcd29fc31eea4aaf4ad3bec43daf19026a7ce69912"],"Created":1475874238,"Size":1093484,"VirtualSize":1093484,"Labels":{}},{"Id":"sha256:d654de4499473ed41349b54a988b6f46a7fc92e3fa2d61e102bf2660a0116e25","ParentId":"","RepoTags":["sakib37/iperf3:latest"],"RepoDigests":["sakib37/iperf3@sha256:8d80a810f8f508c074b14d02555f20110eac382c8dbda7252075392983629d40"],"Created":1474907599,"Size":199456654,"VirtualSize":199456654,"Labels":{}}][\n]"
02:20:41.140 [Test worker] DEBUG org.apache.http.headers - http-outgoing-29 << HTTP/1.1 200 OK
02:20:41.140 [Test worker] DEBUG org.apache.http.headers - http-outgoing-29 << Content-Type: application/json
02:20:41.140 [Test worker] DEBUG org.apache.http.headers - http-outgoing-29 << Server: Docker/1.12.3 (linux)
02:20:41.141 [Test worker] DEBUG org.apache.http.headers - http-outgoing-29 << Date: Tue, 03 Jan 2017 01:20:41 GMT
02:20:41.141 [Test worker] DEBUG org.apache.http.headers - http-outgoing-29 << Content-Length: 1195
02:20:41.141 [Test worker] DEBUG o.a.h.impl.execchain.MainClientExec - Connection can be kept alive indefinitely
02:20:41.141 [Test worker] DEBUG c.g.d.j.JerseyDockerCmdExecFactory - 18 * Client response received on thread Test worker
18 < 200
18 < Content-Length: 1195
18 < Content-Type: application/json
18 < Date: Tue, 03 Jan 2017 01:20:41 GMT
18 < Server: Docker/1.12.3 (linux)
[{"Id":"sha256:4ca3a192ff2a5b7e225e81dc006b6379c10776ed3619757a65608cb72de0a7f6","ParentId":"","RepoTags":["ubuntu:latest"],"RepoDigests":["ubuntu@sha256:3b64c309deae7ab0f7dbdd42b6b326261ccd6261da5d88396439353162703fb5"],"Created":1480449877,"Size":128206574,"VirtualSize":128206574,"Labels":{}},{"Id":"sha256:aae2b63c49461fcae4962e4a8043f66acf8e3af7e62f5ebceb70b181d8ca01e0","ParentId":"","RepoTags":["ubuntu:14.04"],"RepoDigests":["ubuntu@sha256:edb984703bd3e8981ff541a5b9297ca1b81fde6e6e8094d86e390a38ebc30b4d"],"Created":1480449856,"Size":187952254,"VirtualSize":187952254,"Labels":{}},{"Id":"sha256:e02e811dd08fd49e7f6032625495118e63f597eb150403d02e3238af1df240ba","ParentId":"","RepoTags":["busybox:latest"],"RepoDigests":["busybox@sha256:29f5d56d12684887bdfa50dcd29fc31eea4aaf4ad3bec43daf19026a7ce69912"],"Created":1475874238,"Size":1093484,"VirtualSize":1093484,"Labels":{}},{"Id":"sha256:d654de4499473ed41349b54a988b6f46a7fc92e3fa2d61e102bf2660a0116e25","ParentId":"","RepoTags":["sakib37/iperf3:latest"],"RepoDigests":["sakib37/iperf3@sha256:8d80a810f8f508c074b14d02555f20110eac382c8dbda7252075392983629d40"],"Created":1474907599,"Size":199456654,"VirtualSize":199456654,"Labels":{}}]


02:20:41.144 [Test worker] DEBUG o.a.h.i.c.DefaultManagedHttpClientConnection - http-outgoing-29: Close connection
02:20:41.144 [Test worker] DEBUG o.a.h.impl.execchain.MainClientExec - Connection discarded
02:20:41.144 [Test worker] DEBUG c.g.d.j.JerseyDockerCmdExecFactory$1 - Connection released: [id: 29][route: {s}->https://Thesis:2376][total kept alive: 1; route allocated: 1 of 2; total allocated: 1 of 20]
02:20:41.145 [Test worker] DEBUG org.openbaton.docker.DockerVim - Found a docker image, transformed into a NFV Image Image{id='sha256:aae2b63c49461fcae4962e4a8043f66acf8e3af7e62f5ebceb70b181d8ca01e0', name='ubuntu:14.04', version=0, extId='null', minRam='0', minDiskSpace='0', minCPU='null', public='true', diskFormat='null', containerFormat='docker', created='Sun Jan 18 04:14:09 CET 1970', updated='null'}
02:20:41.146 [Test worker] DEBUG c.g.d.core.command.AbstrDockerCmd - Cmd: a5212d8691382f3ddb065d4ca17b4a29098d4e367159d104265f0f7910224775,<null>,true,com.github.dockerjava.jaxrs.RemoveContainerCmdExec@11655d63
02:20:41.146 [Test worker] DEBUG c.g.d.j.JerseyDockerCmdExecFactory - 19 * Sending client request on thread Test worker
19 > DELETE https://Thesis:2376/containers/a5212d8691382f3ddb065d4ca17b4a29098d4e367159d104265f0f7910224775?force=true
19 > Accept: application/json

02:20:41.147 [Test worker] DEBUG o.a.h.c.protocol.RequestAddCookies - CookieSpec selected: default
02:20:41.147 [Test worker] DEBUG o.a.h.c.protocol.RequestAuthCache - Auth cache not set in the context
02:20:41.147 [Test worker] DEBUG c.g.d.j.JerseyDockerCmdExecFactory$1 - Connection request: [route: {s}->https://Thesis:2376][total kept alive: 1; route allocated: 1 of 2; total allocated: 1 of 20]
02:20:41.148 [Test worker] DEBUG c.g.d.j.JerseyDockerCmdExecFactory$1 - Connection leased: [id: 30][route: {s}->https://Thesis:2376][total kept alive: 1; route allocated: 2 of 2; total allocated: 2 of 20]
02:20:41.148 [Test worker] DEBUG o.a.h.impl.execchain.MainClientExec - Opening connection {s}->https://Thesis:2376
02:20:41.148 [Test worker] DEBUG o.a.h.i.c.DefaultHttpClientConnectionOperator - Connecting to Thesis/127.0.1.1:2376
02:20:41.148 [Test worker] DEBUG o.a.h.c.s.SSLConnectionSocketFactory - Connecting socket to Thesis/127.0.1.1:2376 with timeout 0
02:20:41.149 [Test worker] DEBUG o.a.h.c.s.SSLConnectionSocketFactory - Enabled protocols: [TLSv1]
02:20:41.149 [Test worker] DEBUG o.a.h.c.s.SSLConnectionSocketFactory - Enabled cipher suites:[TLS_ECDHE_ECDSA_WITH_AES_128_CBC_SHA, TLS_ECDHE_RSA_WITH_AES_128_CBC_SHA, TLS_RSA_WITH_AES_128_CBC_SHA, TLS_ECDH_ECDSA_WITH_AES_128_CBC_SHA, TLS_ECDH_RSA_WITH_AES_128_CBC_SHA, TLS_DHE_RSA_WITH_AES_128_CBC_SHA, TLS_DHE_DSS_WITH_AES_128_CBC_SHA, TLS_ECDHE_ECDSA_WITH_3DES_EDE_CBC_SHA, TLS_ECDHE_RSA_WITH_3DES_EDE_CBC_SHA, SSL_RSA_WITH_3DES_EDE_CBC_SHA, TLS_ECDH_ECDSA_WITH_3DES_EDE_CBC_SHA, TLS_ECDH_RSA_WITH_3DES_EDE_CBC_SHA, SSL_DHE_RSA_WITH_3DES_EDE_CBC_SHA, SSL_DHE_DSS_WITH_3DES_EDE_CBC_SHA, TLS_ECDHE_ECDSA_WITH_RC4_128_SHA, TLS_ECDHE_RSA_WITH_RC4_128_SHA, SSL_RSA_WITH_RC4_128_SHA, TLS_ECDH_ECDSA_WITH_RC4_128_SHA, TLS_ECDH_RSA_WITH_RC4_128_SHA, SSL_RSA_WITH_RC4_128_MD5, TLS_EMPTY_RENEGOTIATION_INFO_SCSV]
02:20:41.150 [Test worker] DEBUG o.a.h.c.s.SSLConnectionSocketFactory - Starting handshake
02:20:41.300 [Test worker] DEBUG o.a.h.c.s.SSLConnectionSocketFactory - Secure session established
02:20:41.301 [Test worker] DEBUG o.a.h.c.s.SSLConnectionSocketFactory -  negotiated protocol: TLSv1
02:20:41.301 [Test worker] DEBUG o.a.h.c.s.SSLConnectionSocketFactory -  negotiated cipher suite: TLS_ECDHE_RSA_WITH_AES_128_CBC_SHA
02:20:41.301 [Test worker] DEBUG o.a.h.c.s.SSLConnectionSocketFactory -  peer principal: CN=Thesis
02:20:41.301 [Test worker] DEBUG o.a.h.c.s.SSLConnectionSocketFactory -  issuer principal: EMAILADDRESS=sha@yamil.com, CN=Thesis, OU=Open, O=Fra, L=BER, ST=BER, C=DE
02:20:41.301 [Test worker] DEBUG o.a.h.i.c.DefaultHttpClientConnectionOperator - Connection established 127.0.0.1:40934<->127.0.1.1:2376
02:20:41.302 [Test worker] DEBUG o.a.h.impl.execchain.MainClientExec - Executing request DELETE /containers/a5212d8691382f3ddb065d4ca17b4a29098d4e367159d104265f0f7910224775?force=true HTTP/1.1
02:20:41.302 [Test worker] DEBUG o.a.h.impl.execchain.MainClientExec - Target auth state: UNCHALLENGED
02:20:41.302 [Test worker] DEBUG o.a.h.impl.execchain.MainClientExec - Proxy auth state: UNCHALLENGED
02:20:41.302 [Test worker] DEBUG org.apache.http.headers - http-outgoing-30 >> DELETE /containers/a5212d8691382f3ddb065d4ca17b4a29098d4e367159d104265f0f7910224775?force=true HTTP/1.1
02:20:41.302 [Test worker] DEBUG org.apache.http.headers - http-outgoing-30 >> Accept: application/json
02:20:41.302 [Test worker] DEBUG org.apache.http.headers - http-outgoing-30 >> User-Agent: Jersey/2.23.1 (Apache HttpClient 4.5.1)
02:20:41.307 [Test worker] DEBUG org.apache.http.headers - http-outgoing-30 >> Host: Thesis:2376
02:20:41.308 [Test worker] DEBUG org.apache.http.headers - http-outgoing-30 >> Connection: Keep-Alive
02:20:41.309 [Test worker] DEBUG org.apache.http.headers - http-outgoing-30 >> Accept-Encoding: gzip,deflate
02:20:41.309 [Test worker] DEBUG org.apache.http.wire - http-outgoing-30 >> "DELETE /containers/a5212d8691382f3ddb065d4ca17b4a29098d4e367159d104265f0f7910224775?force=true HTTP/1.1[\r][\n]"
02:20:41.309 [Test worker] DEBUG org.apache.http.wire - http-outgoing-30 >> "Accept: application/json[\r][\n]"
02:20:41.309 [Test worker] DEBUG org.apache.http.wire - http-outgoing-30 >> "User-Agent: Jersey/2.23.1 (Apache HttpClient 4.5.1)[\r][\n]"
02:20:41.309 [Test worker] DEBUG org.apache.http.wire - http-outgoing-30 >> "Host: Thesis:2376[\r][\n]"
02:20:41.310 [Test worker] DEBUG org.apache.http.wire - http-outgoing-30 >> "Connection: Keep-Alive[\r][\n]"
02:20:41.310 [Test worker] DEBUG org.apache.http.wire - http-outgoing-30 >> "Accept-Encoding: gzip,deflate[\r][\n]"
02:20:41.310 [Test worker] DEBUG org.apache.http.wire - http-outgoing-30 >> "[\r][\n]"
02:20:41.440 [Test worker] DEBUG org.apache.http.wire - http-outgoing-30 << "H"
02:20:41.440 [Test worker] DEBUG org.apache.http.wire - http-outgoing-30 << "TTP/1.1 204 No Content[\r][\n]"
02:20:41.440 [Test worker] DEBUG org.apache.http.wire - http-outgoing-30 << "Server: Docker/1.12.3 (linux)[\r][\n]"
02:20:41.440 [Test worker] DEBUG org.apache.http.wire - http-outgoing-30 << "Date: Tue, 03 Jan 2017 01:20:41 GMT[\r][\n]"
02:20:41.440 [Test worker] DEBUG org.apache.http.wire - http-outgoing-30 << "[\r][\n]"
02:20:41.440 [Test worker] DEBUG org.apache.http.headers - http-outgoing-30 << HTTP/1.1 204 No Content
02:20:41.440 [Test worker] DEBUG org.apache.http.headers - http-outgoing-30 << Server: Docker/1.12.3 (linux)
02:20:41.440 [Test worker] DEBUG org.apache.http.headers - http-outgoing-30 << Date: Tue, 03 Jan 2017 01:20:41 GMT
02:20:41.440 [Test worker] DEBUG o.a.h.impl.execchain.MainClientExec - Connection can be kept alive indefinitely
02:20:41.440 [Test worker] DEBUG c.g.d.j.JerseyDockerCmdExecFactory$1 - Connection [id: 30][route: {s}->https://Thesis:2376][state: CN=Thesis] can be kept alive indefinitely
02:20:41.440 [Test worker] DEBUG c.g.d.j.JerseyDockerCmdExecFactory$1 - Connection released: [id: 30][route: {s}->https://Thesis:2376][state: CN=Thesis][total kept alive: 2; route allocated: 2 of 2; total allocated: 2 of 20]
02:20:41.441 [Test worker] DEBUG c.g.d.j.JerseyDockerCmdExecFactory - 20 * Client response received on thread Test worker
20 < 204
20 < Date: Tue, 03 Jan 2017 01:20:41 GMT
20 < Server: Docker/1.12.3 (linux)

02:20:41.441 [Test worker] DEBUG org.openbaton.docker.DockerVim - Server deleted successfully
02:20:41.441 [Test worker] DEBUG c.g.d.core.command.AbstrDockerCmd - Cmd: -1,<null>,true,<null>,<null>,com.github.dockerjava.core.util.FiltersBuilder@0,com.github.dockerjava.jaxrs.ListContainersCmdExec@1aa1215a
02:20:41.442 [Test worker] DEBUG c.g.d.j.JerseyDockerCmdExecFactory - 21 * Sending client request on thread Test worker
21 > GET https://Thesis:2376/containers/json?all=true
21 > Accept: application/json

02:20:41.442 [Test worker] DEBUG o.a.h.c.protocol.RequestAddCookies - CookieSpec selected: default
02:20:41.442 [Test worker] DEBUG o.a.h.c.protocol.RequestAuthCache - Auth cache not set in the context
02:20:41.442 [Test worker] DEBUG c.g.d.j.JerseyDockerCmdExecFactory$1 - Connection request: [route: {s}->https://Thesis:2376][total kept alive: 2; route allocated: 2 of 2; total allocated: 2 of 20]
02:20:41.442 [Test worker] DEBUG o.a.h.i.c.DefaultManagedHttpClientConnection - http-outgoing-26: Close connection
02:20:41.449 [Test worker] DEBUG c.g.d.j.JerseyDockerCmdExecFactory$1 - Connection leased: [id: 31][route: {s}->https://Thesis:2376][total kept alive: 1; route allocated: 2 of 2; total allocated: 2 of 20]
02:20:41.450 [Test worker] DEBUG o.a.h.impl.execchain.MainClientExec - Opening connection {s}->https://Thesis:2376
02:20:41.450 [Test worker] DEBUG o.a.h.i.c.DefaultHttpClientConnectionOperator - Connecting to Thesis/127.0.1.1:2376
02:20:41.453 [Test worker] DEBUG o.a.h.c.s.SSLConnectionSocketFactory - Connecting socket to Thesis/127.0.1.1:2376 with timeout 0
02:20:41.457 [Test worker] DEBUG o.a.h.c.s.SSLConnectionSocketFactory - Enabled protocols: [TLSv1]
02:20:41.463 [Test worker] DEBUG o.a.h.c.s.SSLConnectionSocketFactory - Enabled cipher suites:[TLS_ECDHE_ECDSA_WITH_AES_128_CBC_SHA, TLS_ECDHE_RSA_WITH_AES_128_CBC_SHA, TLS_RSA_WITH_AES_128_CBC_SHA, TLS_ECDH_ECDSA_WITH_AES_128_CBC_SHA, TLS_ECDH_RSA_WITH_AES_128_CBC_SHA, TLS_DHE_RSA_WITH_AES_128_CBC_SHA, TLS_DHE_DSS_WITH_AES_128_CBC_SHA, TLS_ECDHE_ECDSA_WITH_3DES_EDE_CBC_SHA, TLS_ECDHE_RSA_WITH_3DES_EDE_CBC_SHA, SSL_RSA_WITH_3DES_EDE_CBC_SHA, TLS_ECDH_ECDSA_WITH_3DES_EDE_CBC_SHA, TLS_ECDH_RSA_WITH_3DES_EDE_CBC_SHA, SSL_DHE_RSA_WITH_3DES_EDE_CBC_SHA, SSL_DHE_DSS_WITH_3DES_EDE_CBC_SHA, TLS_ECDHE_ECDSA_WITH_RC4_128_SHA, TLS_ECDHE_RSA_WITH_RC4_128_SHA, SSL_RSA_WITH_RC4_128_SHA, TLS_ECDH_ECDSA_WITH_RC4_128_SHA, TLS_ECDH_RSA_WITH_RC4_128_SHA, SSL_RSA_WITH_RC4_128_MD5, TLS_EMPTY_RENEGOTIATION_INFO_SCSV]
02:20:41.463 [Test worker] DEBUG o.a.h.c.s.SSLConnectionSocketFactory - Starting handshake
02:20:41.608 [Test worker] DEBUG o.a.h.c.s.SSLConnectionSocketFactory - Secure session established
02:20:41.609 [Test worker] DEBUG o.a.h.c.s.SSLConnectionSocketFactory -  negotiated protocol: TLSv1
02:20:41.611 [Test worker] DEBUG o.a.h.c.s.SSLConnectionSocketFactory -  negotiated cipher suite: TLS_ECDHE_RSA_WITH_AES_128_CBC_SHA
02:20:41.611 [Test worker] DEBUG o.a.h.c.s.SSLConnectionSocketFactory -  peer principal: CN=Thesis
02:20:41.611 [Test worker] DEBUG o.a.h.c.s.SSLConnectionSocketFactory -  issuer principal: EMAILADDRESS=sha@yamil.com, CN=Thesis, OU=Open, O=Fra, L=BER, ST=BER, C=DE
02:20:41.611 [Test worker] DEBUG o.a.h.i.c.DefaultHttpClientConnectionOperator - Connection established 127.0.0.1:40938<->127.0.1.1:2376
02:20:41.612 [Test worker] DEBUG o.a.h.impl.execchain.MainClientExec - Executing request GET /containers/json?all=true HTTP/1.1
02:20:41.612 [Test worker] DEBUG o.a.h.impl.execchain.MainClientExec - Target auth state: UNCHALLENGED
02:20:41.612 [Test worker] DEBUG o.a.h.impl.execchain.MainClientExec - Proxy auth state: UNCHALLENGED
02:20:41.612 [Test worker] DEBUG org.apache.http.headers - http-outgoing-31 >> GET /containers/json?all=true HTTP/1.1
02:20:41.612 [Test worker] DEBUG org.apache.http.headers - http-outgoing-31 >> Accept: application/json
02:20:41.612 [Test worker] DEBUG org.apache.http.headers - http-outgoing-31 >> User-Agent: Jersey/2.23.1 (Apache HttpClient 4.5.1)
02:20:41.613 [Test worker] DEBUG org.apache.http.headers - http-outgoing-31 >> Host: Thesis:2376
02:20:41.613 [Test worker] DEBUG org.apache.http.headers - http-outgoing-31 >> Connection: Keep-Alive
02:20:41.613 [Test worker] DEBUG org.apache.http.headers - http-outgoing-31 >> Accept-Encoding: gzip,deflate
02:20:41.613 [Test worker] DEBUG org.apache.http.wire - http-outgoing-31 >> "GET /containers/json?all=true HTTP/1.1[\r][\n]"
02:20:41.613 [Test worker] DEBUG org.apache.http.wire - http-outgoing-31 >> "Accept: application/json[\r][\n]"
02:20:41.613 [Test worker] DEBUG org.apache.http.wire - http-outgoing-31 >> "User-Agent: Jersey/2.23.1 (Apache HttpClient 4.5.1)[\r][\n]"
02:20:41.614 [Test worker] DEBUG org.apache.http.wire - http-outgoing-31 >> "Host: Thesis:2376[\r][\n]"
02:20:41.614 [Test worker] DEBUG org.apache.http.wire - http-outgoing-31 >> "Connection: Keep-Alive[\r][\n]"
02:20:41.614 [Test worker] DEBUG org.apache.http.wire - http-outgoing-31 >> "Accept-Encoding: gzip,deflate[\r][\n]"
02:20:41.615 [Test worker] DEBUG org.apache.http.wire - http-outgoing-31 >> "[\r][\n]"
02:20:41.615 [Test worker] DEBUG org.apache.http.wire - http-outgoing-31 << "H"
02:20:41.617 [Test worker] DEBUG org.apache.http.wire - http-outgoing-31 << "TTP/1.1 200 OK[\r][\n]"
02:20:41.618 [Test worker] DEBUG org.apache.http.wire - http-outgoing-31 << "Content-Type: application/json[\r][\n]"
02:20:41.618 [Test worker] DEBUG org.apache.http.wire - http-outgoing-31 << "Server: Docker/1.12.3 (linux)[\r][\n]"
02:20:41.618 [Test worker] DEBUG org.apache.http.wire - http-outgoing-31 << "Date: Tue, 03 Jan 2017 01:20:41 GMT[\r][\n]"
02:20:41.618 [Test worker] DEBUG org.apache.http.wire - http-outgoing-31 << "Content-Length: 3[\r][\n]"
02:20:41.618 [Test worker] DEBUG org.apache.http.wire - http-outgoing-31 << "[\r][\n]"
02:20:41.619 [Test worker] DEBUG org.apache.http.wire - http-outgoing-31 << "[][\n]"
02:20:41.619 [Test worker] DEBUG org.apache.http.headers - http-outgoing-31 << HTTP/1.1 200 OK
02:20:41.620 [Test worker] DEBUG org.apache.http.headers - http-outgoing-31 << Content-Type: application/json
02:20:41.620 [Test worker] DEBUG org.apache.http.headers - http-outgoing-31 << Server: Docker/1.12.3 (linux)
02:20:41.620 [Test worker] DEBUG org.apache.http.headers - http-outgoing-31 << Date: Tue, 03 Jan 2017 01:20:41 GMT
02:20:41.620 [Test worker] DEBUG org.apache.http.headers - http-outgoing-31 << Content-Length: 3
02:20:41.620 [Test worker] DEBUG o.a.h.impl.execchain.MainClientExec - Connection can be kept alive indefinitely
02:20:41.621 [Test worker] DEBUG c.g.d.j.JerseyDockerCmdExecFactory - 22 * Client response received on thread Test worker
22 < 200
22 < Content-Length: 3
22 < Content-Type: application/json
22 < Date: Tue, 03 Jan 2017 01:20:41 GMT
22 < Server: Docker/1.12.3 (linux)
[]


02:20:41.623 [Test worker] DEBUG c.g.d.j.JerseyDockerCmdExecFactory$1 - Connection [id: 31][route: {s}->https://Thesis:2376][state: CN=Thesis] can be kept alive indefinitely
02:20:41.624 [Test worker] DEBUG c.g.d.j.JerseyDockerCmdExecFactory$1 - Connection released: [id: 31][route: {s}->https://Thesis:2376][state: CN=Thesis][total kept alive: 2; route allocated: 2 of 2; total allocated: 2 of 20]
02:20:41.624 [Test worker] DEBUG c.g.d.core.command.AbstrDockerCmd - Cmd: -1,<null>,true,<null>,<null>,com.github.dockerjava.core.util.FiltersBuilder@0,com.github.dockerjava.jaxrs.ListContainersCmdExec@72cca1
02:20:41.625 [Test worker] DEBUG c.g.d.j.JerseyDockerCmdExecFactory - 23 * Sending client request on thread Test worker
23 > GET https://Thesis:2376/containers/json?all=true
23 > Accept: application/json

02:20:41.628 [Test worker] DEBUG o.a.h.c.protocol.RequestAddCookies - CookieSpec selected: default
02:20:41.628 [Test worker] DEBUG o.a.h.c.protocol.RequestAuthCache - Auth cache not set in the context
02:20:41.628 [Test worker] DEBUG c.g.d.j.JerseyDockerCmdExecFactory$1 - Connection request: [route: {s}->https://Thesis:2376][total kept alive: 2; route allocated: 2 of 2; total allocated: 2 of 20]
02:20:41.628 [Test worker] DEBUG o.a.h.i.c.DefaultManagedHttpClientConnection - http-outgoing-30: Close connection
02:20:41.629 [Test worker] DEBUG c.g.d.j.JerseyDockerCmdExecFactory$1 - Connection leased: [id: 32][route: {s}->https://Thesis:2376][total kept alive: 1; route allocated: 2 of 2; total allocated: 2 of 20]
02:20:41.629 [Test worker] DEBUG o.a.h.impl.execchain.MainClientExec - Opening connection {s}->https://Thesis:2376
02:20:41.630 [Test worker] DEBUG o.a.h.i.c.DefaultHttpClientConnectionOperator - Connecting to Thesis/127.0.1.1:2376
02:20:41.630 [Test worker] DEBUG o.a.h.c.s.SSLConnectionSocketFactory - Connecting socket to Thesis/127.0.1.1:2376 with timeout 0
02:20:41.631 [Test worker] DEBUG o.a.h.c.s.SSLConnectionSocketFactory - Enabled protocols: [TLSv1]
02:20:41.632 [Test worker] DEBUG o.a.h.c.s.SSLConnectionSocketFactory - Enabled cipher suites:[TLS_ECDHE_ECDSA_WITH_AES_128_CBC_SHA, TLS_ECDHE_RSA_WITH_AES_128_CBC_SHA, TLS_RSA_WITH_AES_128_CBC_SHA, TLS_ECDH_ECDSA_WITH_AES_128_CBC_SHA, TLS_ECDH_RSA_WITH_AES_128_CBC_SHA, TLS_DHE_RSA_WITH_AES_128_CBC_SHA, TLS_DHE_DSS_WITH_AES_128_CBC_SHA, TLS_ECDHE_ECDSA_WITH_3DES_EDE_CBC_SHA, TLS_ECDHE_RSA_WITH_3DES_EDE_CBC_SHA, SSL_RSA_WITH_3DES_EDE_CBC_SHA, TLS_ECDH_ECDSA_WITH_3DES_EDE_CBC_SHA, TLS_ECDH_RSA_WITH_3DES_EDE_CBC_SHA, SSL_DHE_RSA_WITH_3DES_EDE_CBC_SHA, SSL_DHE_DSS_WITH_3DES_EDE_CBC_SHA, TLS_ECDHE_ECDSA_WITH_RC4_128_SHA, TLS_ECDHE_RSA_WITH_RC4_128_SHA, SSL_RSA_WITH_RC4_128_SHA, TLS_ECDH_ECDSA_WITH_RC4_128_SHA, TLS_ECDH_RSA_WITH_RC4_128_SHA, SSL_RSA_WITH_RC4_128_MD5, TLS_EMPTY_RENEGOTIATION_INFO_SCSV]
02:20:41.632 [Test worker] DEBUG o.a.h.c.s.SSLConnectionSocketFactory - Starting handshake
02:20:41.693 [Test worker] DEBUG o.a.h.c.s.SSLConnectionSocketFactory - Secure session established
02:20:41.694 [Test worker] DEBUG o.a.h.c.s.SSLConnectionSocketFactory -  negotiated protocol: TLSv1
02:20:41.694 [Test worker] DEBUG o.a.h.c.s.SSLConnectionSocketFactory -  negotiated cipher suite: TLS_ECDHE_RSA_WITH_AES_128_CBC_SHA
02:20:41.694 [Test worker] DEBUG o.a.h.c.s.SSLConnectionSocketFactory -  peer principal: CN=Thesis
02:20:41.694 [Test worker] DEBUG o.a.h.c.s.SSLConnectionSocketFactory -  issuer principal: EMAILADDRESS=sha@yamil.com, CN=Thesis, OU=Open, O=Fra, L=BER, ST=BER, C=DE
02:20:41.694 [Test worker] DEBUG o.a.h.i.c.DefaultHttpClientConnectionOperator - Connection established 127.0.0.1:40940<->127.0.1.1:2376
02:20:41.695 [Test worker] DEBUG o.a.h.impl.execchain.MainClientExec - Executing request GET /containers/json?all=true HTTP/1.1
02:20:41.695 [Test worker] DEBUG o.a.h.impl.execchain.MainClientExec - Target auth state: UNCHALLENGED
02:20:41.695 [Test worker] DEBUG o.a.h.impl.execchain.MainClientExec - Proxy auth state: UNCHALLENGED
02:20:41.695 [Test worker] DEBUG org.apache.http.headers - http-outgoing-32 >> GET /containers/json?all=true HTTP/1.1
02:20:41.695 [Test worker] DEBUG org.apache.http.headers - http-outgoing-32 >> Accept: application/json
02:20:41.695 [Test worker] DEBUG org.apache.http.headers - http-outgoing-32 >> User-Agent: Jersey/2.23.1 (Apache HttpClient 4.5.1)
02:20:41.696 [Test worker] DEBUG org.apache.http.headers - http-outgoing-32 >> Host: Thesis:2376
02:20:41.696 [Test worker] DEBUG org.apache.http.headers - http-outgoing-32 >> Connection: Keep-Alive
02:20:41.696 [Test worker] DEBUG org.apache.http.headers - http-outgoing-32 >> Accept-Encoding: gzip,deflate
02:20:41.696 [Test worker] DEBUG org.apache.http.wire - http-outgoing-32 >> "GET /containers/json?all=true HTTP/1.1[\r][\n]"
02:20:41.696 [Test worker] DEBUG org.apache.http.wire - http-outgoing-32 >> "Accept: application/json[\r][\n]"
02:20:41.696 [Test worker] DEBUG org.apache.http.wire - http-outgoing-32 >> "User-Agent: Jersey/2.23.1 (Apache HttpClient 4.5.1)[\r][\n]"
02:20:41.697 [Test worker] DEBUG org.apache.http.wire - http-outgoing-32 >> "Host: Thesis:2376[\r][\n]"
02:20:41.697 [Test worker] DEBUG org.apache.http.wire - http-outgoing-32 >> "Connection: Keep-Alive[\r][\n]"
02:20:41.697 [Test worker] DEBUG org.apache.http.wire - http-outgoing-32 >> "Accept-Encoding: gzip,deflate[\r][\n]"
02:20:41.697 [Test worker] DEBUG org.apache.http.wire - http-outgoing-32 >> "[\r][\n]"
02:20:41.697 [Test worker] DEBUG org.apache.http.wire - http-outgoing-32 << "H"
02:20:41.698 [Test worker] DEBUG org.apache.http.wire - http-outgoing-32 << "TTP/1.1 200 OK[\r][\n]"
02:20:41.698 [Test worker] DEBUG org.apache.http.wire - http-outgoing-32 << "Content-Type: application/json[\r][\n]"
02:20:41.698 [Test worker] DEBUG org.apache.http.wire - http-outgoing-32 << "Server: Docker/1.12.3 (linux)[\r][\n]"
02:20:41.698 [Test worker] DEBUG org.apache.http.wire - http-outgoing-32 << "Date: Tue, 03 Jan 2017 01:20:41 GMT[\r][\n]"
02:20:41.699 [Test worker] DEBUG org.apache.http.wire - http-outgoing-32 << "Content-Length: 3[\r][\n]"
02:20:41.699 [Test worker] DEBUG org.apache.http.wire - http-outgoing-32 << "[\r][\n]"
02:20:41.699 [Test worker] DEBUG org.apache.http.wire - http-outgoing-32 << "[][\n]"
02:20:41.700 [Test worker] DEBUG org.apache.http.headers - http-outgoing-32 << HTTP/1.1 200 OK
02:20:41.700 [Test worker] DEBUG org.apache.http.headers - http-outgoing-32 << Content-Type: application/json
02:20:41.700 [Test worker] DEBUG org.apache.http.headers - http-outgoing-32 << Server: Docker/1.12.3 (linux)
02:20:41.700 [Test worker] DEBUG org.apache.http.headers - http-outgoing-32 << Date: Tue, 03 Jan 2017 01:20:41 GMT
02:20:41.700 [Test worker] DEBUG org.apache.http.headers - http-outgoing-32 << Content-Length: 3
02:20:41.700 [Test worker] DEBUG o.a.h.impl.execchain.MainClientExec - Connection can be kept alive indefinitely
02:20:41.701 [Test worker] DEBUG c.g.d.j.JerseyDockerCmdExecFactory - 24 * Client response received on thread Test worker
24 < 200
24 < Content-Length: 3
24 < Content-Type: application/json
24 < Date: Tue, 03 Jan 2017 01:20:41 GMT
24 < Server: Docker/1.12.3 (linux)
[]


02:20:41.702 [Test worker] DEBUG c.g.d.j.JerseyDockerCmdExecFactory$1 - Connection [id: 32][route: {s}->https://Thesis:2376][state: CN=Thesis] can be kept alive indefinitely
02:20:41.702 [Test worker] DEBUG c.g.d.j.JerseyDockerCmdExecFactory$1 - Connection released: [id: 32][route: {s}->https://Thesis:2376][state: CN=Thesis][total kept alive: 2; route allocated: 2 of 2; total allocated: 2 of 20]
02:20:41.703 [Test worker] DEBUG c.g.d.core.command.AbstrDockerCmd - Cmd: com.github.dockerjava.core.util.FiltersBuilder@0,com.github.dockerjava.jaxrs.ListNetworksCmdExec@d143748
02:20:41.703 [Test worker] DEBUG c.g.d.j.JerseyDockerCmdExecFactory - 25 * Sending client request on thread Test worker
25 > GET https://Thesis:2376/networks
25 > Accept: application/json

02:20:41.704 [Test worker] DEBUG o.a.h.c.protocol.RequestAddCookies - CookieSpec selected: default
02:20:41.704 [Test worker] DEBUG o.a.h.c.protocol.RequestAuthCache - Auth cache not set in the context
02:20:41.704 [Test worker] DEBUG c.g.d.j.JerseyDockerCmdExecFactory$1 - Connection request: [route: {s}->https://Thesis:2376][total kept alive: 2; route allocated: 2 of 2; total allocated: 2 of 20]
02:20:41.705 [Test worker] DEBUG o.a.h.i.c.DefaultManagedHttpClientConnection - http-outgoing-31: Close connection
02:20:41.705 [Test worker] DEBUG c.g.d.j.JerseyDockerCmdExecFactory$1 - Connection leased: [id: 33][route: {s}->https://Thesis:2376][total kept alive: 1; route allocated: 2 of 2; total allocated: 2 of 20]
02:20:41.705 [Test worker] DEBUG o.a.h.impl.execchain.MainClientExec - Opening connection {s}->https://Thesis:2376
02:20:41.705 [Test worker] DEBUG o.a.h.i.c.DefaultHttpClientConnectionOperator - Connecting to Thesis/127.0.1.1:2376
02:20:41.706 [Test worker] DEBUG o.a.h.c.s.SSLConnectionSocketFactory - Connecting socket to Thesis/127.0.1.1:2376 with timeout 0
02:20:41.706 [Test worker] DEBUG o.a.h.c.s.SSLConnectionSocketFactory - Enabled protocols: [TLSv1]
02:20:41.707 [Test worker] DEBUG o.a.h.c.s.SSLConnectionSocketFactory - Enabled cipher suites:[TLS_ECDHE_ECDSA_WITH_AES_128_CBC_SHA, TLS_ECDHE_RSA_WITH_AES_128_CBC_SHA, TLS_RSA_WITH_AES_128_CBC_SHA, TLS_ECDH_ECDSA_WITH_AES_128_CBC_SHA, TLS_ECDH_RSA_WITH_AES_128_CBC_SHA, TLS_DHE_RSA_WITH_AES_128_CBC_SHA, TLS_DHE_DSS_WITH_AES_128_CBC_SHA, TLS_ECDHE_ECDSA_WITH_3DES_EDE_CBC_SHA, TLS_ECDHE_RSA_WITH_3DES_EDE_CBC_SHA, SSL_RSA_WITH_3DES_EDE_CBC_SHA, TLS_ECDH_ECDSA_WITH_3DES_EDE_CBC_SHA, TLS_ECDH_RSA_WITH_3DES_EDE_CBC_SHA, SSL_DHE_RSA_WITH_3DES_EDE_CBC_SHA, SSL_DHE_DSS_WITH_3DES_EDE_CBC_SHA, TLS_ECDHE_ECDSA_WITH_RC4_128_SHA, TLS_ECDHE_RSA_WITH_RC4_128_SHA, SSL_RSA_WITH_RC4_128_SHA, TLS_ECDH_ECDSA_WITH_RC4_128_SHA, TLS_ECDH_RSA_WITH_RC4_128_SHA, SSL_RSA_WITH_RC4_128_MD5, TLS_EMPTY_RENEGOTIATION_INFO_SCSV]
02:20:41.707 [Test worker] DEBUG o.a.h.c.s.SSLConnectionSocketFactory - Starting handshake
02:20:41.768 [Test worker] DEBUG o.a.h.c.s.SSLConnectionSocketFactory - Secure session established
02:20:41.769 [Test worker] DEBUG o.a.h.c.s.SSLConnectionSocketFactory -  negotiated protocol: TLSv1
02:20:41.769 [Test worker] DEBUG o.a.h.c.s.SSLConnectionSocketFactory -  negotiated cipher suite: TLS_ECDHE_RSA_WITH_AES_128_CBC_SHA
02:20:41.769 [Test worker] DEBUG o.a.h.c.s.SSLConnectionSocketFactory -  peer principal: CN=Thesis
02:20:41.769 [Test worker] DEBUG o.a.h.c.s.SSLConnectionSocketFactory -  issuer principal: EMAILADDRESS=sha@yamil.com, CN=Thesis, OU=Open, O=Fra, L=BER, ST=BER, C=DE
02:20:41.770 [Test worker] DEBUG o.a.h.i.c.DefaultHttpClientConnectionOperator - Connection established 127.0.0.1:40942<->127.0.1.1:2376
02:20:41.770 [Test worker] DEBUG o.a.h.impl.execchain.MainClientExec - Executing request GET /networks HTTP/1.1
02:20:41.770 [Test worker] DEBUG o.a.h.impl.execchain.MainClientExec - Target auth state: UNCHALLENGED
02:20:41.770 [Test worker] DEBUG o.a.h.impl.execchain.MainClientExec - Proxy auth state: UNCHALLENGED
02:20:41.770 [Test worker] DEBUG org.apache.http.headers - http-outgoing-33 >> GET /networks HTTP/1.1
02:20:41.771 [Test worker] DEBUG org.apache.http.headers - http-outgoing-33 >> Accept: application/json
02:20:41.771 [Test worker] DEBUG org.apache.http.headers - http-outgoing-33 >> User-Agent: Jersey/2.23.1 (Apache HttpClient 4.5.1)
02:20:41.771 [Test worker] DEBUG org.apache.http.headers - http-outgoing-33 >> Host: Thesis:2376
02:20:41.771 [Test worker] DEBUG org.apache.http.headers - http-outgoing-33 >> Connection: Keep-Alive
02:20:41.771 [Test worker] DEBUG org.apache.http.headers - http-outgoing-33 >> Accept-Encoding: gzip,deflate
02:20:41.771 [Test worker] DEBUG org.apache.http.wire - http-outgoing-33 >> "GET /networks HTTP/1.1[\r][\n]"
02:20:41.772 [Test worker] DEBUG org.apache.http.wire - http-outgoing-33 >> "Accept: application/json[\r][\n]"
02:20:41.772 [Test worker] DEBUG org.apache.http.wire - http-outgoing-33 >> "User-Agent: Jersey/2.23.1 (Apache HttpClient 4.5.1)[\r][\n]"
02:20:41.772 [Test worker] DEBUG org.apache.http.wire - http-outgoing-33 >> "Host: Thesis:2376[\r][\n]"
02:20:41.772 [Test worker] DEBUG org.apache.http.wire - http-outgoing-33 >> "Connection: Keep-Alive[\r][\n]"
02:20:41.773 [Test worker] DEBUG org.apache.http.wire - http-outgoing-33 >> "Accept-Encoding: gzip,deflate[\r][\n]"
02:20:41.773 [Test worker] DEBUG org.apache.http.wire - http-outgoing-33 >> "[\r][\n]"
02:20:41.773 [Test worker] DEBUG org.apache.http.wire - http-outgoing-33 << "H"
02:20:41.774 [Test worker] DEBUG org.apache.http.wire - http-outgoing-33 << "TTP/1.1 200 OK[\r][\n]"
02:20:41.774 [Test worker] DEBUG org.apache.http.wire - http-outgoing-33 << "Content-Type: application/json[\r][\n]"
02:20:41.774 [Test worker] DEBUG org.apache.http.wire - http-outgoing-33 << "Server: Docker/1.12.3 (linux)[\r][\n]"
02:20:41.774 [Test worker] DEBUG org.apache.http.wire - http-outgoing-33 << "Date: Tue, 03 Jan 2017 01:20:41 GMT[\r][\n]"
02:20:41.774 [Test worker] DEBUG org.apache.http.wire - http-outgoing-33 << "Content-Length: 1100[\r][\n]"
02:20:41.774 [Test worker] DEBUG org.apache.http.wire - http-outgoing-33 << "[\r][\n]"
02:20:41.775 [Test worker] DEBUG org.apache.http.wire - http-outgoing-33 << "[{"Name":"host","Id":"fe042b0866671b5be4f097ba43830c0a02959c058702d18e18c14a24d88a357d","Scope":"local","Driver":"host","EnableIPv6":false,"IPAM":{"Driver":"default","Options":null,"Config":[]},"Internal":false,"Containers":{},"Options":{},"Labels":{}},{"Name":"none","Id":"4d89c194eb79cd2beb38458d10a1b98c74d6b8462af72afde29ae7aca53ed5ca","Scope":"local","Driver":"null","EnableIPv6":false,"IPAM":{"Driver":"default","Options":null,"Config":[]},"Internal":false,"Containers":{},"Options":{},"Labels":{}},{"Name":"bridge","Id":"e0d36057aa1769e9fd52ba88be81b698b495f9b6b4946d0f98f24d971a27fc98","Scope":"local","Driver":"bridge","EnableIPv6":false,"IPAM":{"Driver":"default","Options":null,"Config":[{"Subnet":"172.17.0.0/16","Gateway":"172.17.0.1"}]},"Internal":false,"Containers":{},"Options":{"com.docker.network.bridge.default_bridge":"true","com.docker.network.bridge.enable_icc":"true","com.docker.network.bridge.enable_ip_masquerade":"true","com.docker.network.bridge.host_binding_ipv4":"0.0.0.0","com.docker.network.bridge.name":"docker0","com.docker.network.driver.mtu":"1500"},"Labels":{}}][\n]"
02:20:41.775 [Test worker] DEBUG org.apache.http.headers - http-outgoing-33 << HTTP/1.1 200 OK
02:20:41.775 [Test worker] DEBUG org.apache.http.headers - http-outgoing-33 << Content-Type: application/json
02:20:41.775 [Test worker] DEBUG org.apache.http.headers - http-outgoing-33 << Server: Docker/1.12.3 (linux)
02:20:41.775 [Test worker] DEBUG org.apache.http.headers - http-outgoing-33 << Date: Tue, 03 Jan 2017 01:20:41 GMT
02:20:41.775 [Test worker] DEBUG org.apache.http.headers - http-outgoing-33 << Content-Length: 1100
02:20:41.776 [Test worker] DEBUG o.a.h.impl.execchain.MainClientExec - Connection can be kept alive indefinitely
02:20:41.776 [Test worker] DEBUG c.g.d.j.JerseyDockerCmdExecFactory - 26 * Client response received on thread Test worker
26 < 200
26 < Content-Length: 1100
26 < Content-Type: application/json
26 < Date: Tue, 03 Jan 2017 01:20:41 GMT
26 < Server: Docker/1.12.3 (linux)
[{"Name":"host","Id":"fe042b0866671b5be4f097ba43830c0a02959c058702d18e18c14a24d88a357d","Scope":"local","Driver":"host","EnableIPv6":false,"IPAM":{"Driver":"default","Options":null,"Config":[]},"Internal":false,"Containers":{},"Options":{},"Labels":{}},{"Name":"none","Id":"4d89c194eb79cd2beb38458d10a1b98c74d6b8462af72afde29ae7aca53ed5ca","Scope":"local","Driver":"null","EnableIPv6":false,"IPAM":{"Driver":"default","Options":null,"Config":[]},"Internal":false,"Containers":{},"Options":{},"Labels":{}},{"Name":"bridge","Id":"e0d36057aa1769e9fd52ba88be81b698b495f9b6b4946d0f98f24d971a27fc98","Scope":"local","Driver":"bridge","EnableIPv6":false,"IPAM":{"Driver":"default","Options":null,"Config":[{"Subnet":"172.17.0.0/16","Gateway":"172.17.0.1"}]},"Internal":false,"Containers":{},"Options":{"com.docker.network.bridge.default_bridge":"true","com.docker.network.bridge.enable_icc":"true","com.docker.network.bridge.enable_ip_masquerade":"true","com.docker.network.bridge.host_binding_ipv4":"0.0.0.0","com.docker.network.bridge.name":"docker0","com.docker.network.driver.mtu":"1500"},"Labels":{}}]


02:20:41.778 [Test worker] DEBUG o.a.h.i.c.DefaultManagedHttpClientConnection - http-outgoing-33: Close connection
02:20:41.778 [Test worker] DEBUG o.a.h.impl.execchain.MainClientExec - Connection discarded
02:20:41.778 [Test worker] DEBUG c.g.d.j.JerseyDockerCmdExecFactory$1 - Connection released: [id: 33][route: {s}->https://Thesis:2376][total kept alive: 1; route allocated: 1 of 2; total allocated: 1 of 20]
02:20:41.779 [Test worker] DEBUG c.g.d.core.command.AbstrDockerCmd - Cmd: com.github.dockerjava.core.util.FiltersBuilder@0,com.github.dockerjava.jaxrs.ListVolumesCmdExec@1c76c583
02:20:41.779 [Test worker] DEBUG c.g.d.j.JerseyDockerCmdExecFactory - 27 * Sending client request on thread Test worker
27 > GET https://Thesis:2376/volumes
27 > Accept: application/json

02:20:41.780 [Test worker] DEBUG o.a.h.c.protocol.RequestAddCookies - CookieSpec selected: default
02:20:41.780 [Test worker] DEBUG o.a.h.c.protocol.RequestAuthCache - Auth cache not set in the context
02:20:41.780 [Test worker] DEBUG c.g.d.j.JerseyDockerCmdExecFactory$1 - Connection request: [route: {s}->https://Thesis:2376][total kept alive: 1; route allocated: 1 of 2; total allocated: 1 of 20]
02:20:41.780 [Test worker] DEBUG c.g.d.j.JerseyDockerCmdExecFactory$1 - Connection leased: [id: 34][route: {s}->https://Thesis:2376][total kept alive: 1; route allocated: 2 of 2; total allocated: 2 of 20]
02:20:41.781 [Test worker] DEBUG o.a.h.impl.execchain.MainClientExec - Opening connection {s}->https://Thesis:2376
02:20:41.781 [Test worker] DEBUG o.a.h.i.c.DefaultHttpClientConnectionOperator - Connecting to Thesis/127.0.1.1:2376
02:20:41.781 [Test worker] DEBUG o.a.h.c.s.SSLConnectionSocketFactory - Connecting socket to Thesis/127.0.1.1:2376 with timeout 0
02:20:41.782 [Test worker] DEBUG o.a.h.c.s.SSLConnectionSocketFactory - Enabled protocols: [TLSv1]
02:20:41.782 [Test worker] DEBUG o.a.h.c.s.SSLConnectionSocketFactory - Enabled cipher suites:[TLS_ECDHE_ECDSA_WITH_AES_128_CBC_SHA, TLS_ECDHE_RSA_WITH_AES_128_CBC_SHA, TLS_RSA_WITH_AES_128_CBC_SHA, TLS_ECDH_ECDSA_WITH_AES_128_CBC_SHA, TLS_ECDH_RSA_WITH_AES_128_CBC_SHA, TLS_DHE_RSA_WITH_AES_128_CBC_SHA, TLS_DHE_DSS_WITH_AES_128_CBC_SHA, TLS_ECDHE_ECDSA_WITH_3DES_EDE_CBC_SHA, TLS_ECDHE_RSA_WITH_3DES_EDE_CBC_SHA, SSL_RSA_WITH_3DES_EDE_CBC_SHA, TLS_ECDH_ECDSA_WITH_3DES_EDE_CBC_SHA, TLS_ECDH_RSA_WITH_3DES_EDE_CBC_SHA, SSL_DHE_RSA_WITH_3DES_EDE_CBC_SHA, SSL_DHE_DSS_WITH_3DES_EDE_CBC_SHA, TLS_ECDHE_ECDSA_WITH_RC4_128_SHA, TLS_ECDHE_RSA_WITH_RC4_128_SHA, SSL_RSA_WITH_RC4_128_SHA, TLS_ECDH_ECDSA_WITH_RC4_128_SHA, TLS_ECDH_RSA_WITH_RC4_128_SHA, SSL_RSA_WITH_RC4_128_MD5, TLS_EMPTY_RENEGOTIATION_INFO_SCSV]
02:20:41.782 [Test worker] DEBUG o.a.h.c.s.SSLConnectionSocketFactory - Starting handshake
02:20:41.844 [Test worker] DEBUG o.a.h.c.s.SSLConnectionSocketFactory - Secure session established
02:20:41.844 [Test worker] DEBUG o.a.h.c.s.SSLConnectionSocketFactory -  negotiated protocol: TLSv1
02:20:41.844 [Test worker] DEBUG o.a.h.c.s.SSLConnectionSocketFactory -  negotiated cipher suite: TLS_ECDHE_RSA_WITH_AES_128_CBC_SHA
02:20:41.844 [Test worker] DEBUG o.a.h.c.s.SSLConnectionSocketFactory -  peer principal: CN=Thesis
02:20:41.844 [Test worker] DEBUG o.a.h.c.s.SSLConnectionSocketFactory -  issuer principal: EMAILADDRESS=sha@yamil.com, CN=Thesis, OU=Open, O=Fra, L=BER, ST=BER, C=DE
02:20:41.845 [Test worker] DEBUG o.a.h.i.c.DefaultHttpClientConnectionOperator - Connection established 127.0.0.1:40944<->127.0.1.1:2376
02:20:41.845 [Test worker] DEBUG o.a.h.impl.execchain.MainClientExec - Executing request GET /volumes HTTP/1.1
02:20:41.845 [Test worker] DEBUG o.a.h.impl.execchain.MainClientExec - Target auth state: UNCHALLENGED
02:20:41.845 [Test worker] DEBUG o.a.h.impl.execchain.MainClientExec - Proxy auth state: UNCHALLENGED
02:20:41.845 [Test worker] DEBUG org.apache.http.headers - http-outgoing-34 >> GET /volumes HTTP/1.1
02:20:41.846 [Test worker] DEBUG org.apache.http.headers - http-outgoing-34 >> Accept: application/json
02:20:41.846 [Test worker] DEBUG org.apache.http.headers - http-outgoing-34 >> User-Agent: Jersey/2.23.1 (Apache HttpClient 4.5.1)
02:20:41.846 [Test worker] DEBUG org.apache.http.headers - http-outgoing-34 >> Host: Thesis:2376
02:20:41.846 [Test worker] DEBUG org.apache.http.headers - http-outgoing-34 >> Connection: Keep-Alive
02:20:41.846 [Test worker] DEBUG org.apache.http.headers - http-outgoing-34 >> Accept-Encoding: gzip,deflate
02:20:41.846 [Test worker] DEBUG org.apache.http.wire - http-outgoing-34 >> "GET /volumes HTTP/1.1[\r][\n]"
02:20:41.846 [Test worker] DEBUG org.apache.http.wire - http-outgoing-34 >> "Accept: application/json[\r][\n]"
02:20:41.847 [Test worker] DEBUG org.apache.http.wire - http-outgoing-34 >> "User-Agent: Jersey/2.23.1 (Apache HttpClient 4.5.1)[\r][\n]"
02:20:41.847 [Test worker] DEBUG org.apache.http.wire - http-outgoing-34 >> "Host: Thesis:2376[\r][\n]"
02:20:41.847 [Test worker] DEBUG org.apache.http.wire - http-outgoing-34 >> "Connection: Keep-Alive[\r][\n]"
02:20:41.847 [Test worker] DEBUG org.apache.http.wire - http-outgoing-34 >> "Accept-Encoding: gzip,deflate[\r][\n]"
02:20:41.847 [Test worker] DEBUG org.apache.http.wire - http-outgoing-34 >> "[\r][\n]"
02:20:41.848 [Test worker] DEBUG org.apache.http.wire - http-outgoing-34 << "H"
02:20:41.848 [Test worker] DEBUG org.apache.http.wire - http-outgoing-34 << "TTP/1.1 200 OK[\r][\n]"
02:20:41.848 [Test worker] DEBUG org.apache.http.wire - http-outgoing-34 << "Content-Type: application/json[\r][\n]"
02:20:41.848 [Test worker] DEBUG org.apache.http.wire - http-outgoing-34 << "Server: Docker/1.12.3 (linux)[\r][\n]"
02:20:41.849 [Test worker] DEBUG org.apache.http.wire - http-outgoing-34 << "Date: Tue, 03 Jan 2017 01:20:41 GMT[\r][\n]"
02:20:41.849 [Test worker] DEBUG org.apache.http.wire - http-outgoing-34 << "Content-Length: 33[\r][\n]"
02:20:41.849 [Test worker] DEBUG org.apache.http.wire - http-outgoing-34 << "[\r][\n]"
02:20:41.849 [Test worker] DEBUG org.apache.http.wire - http-outgoing-34 << "{"Volumes":null,"Warnings":null}[\n]"
02:20:41.850 [Test worker] DEBUG org.apache.http.headers - http-outgoing-34 << HTTP/1.1 200 OK
02:20:41.850 [Test worker] DEBUG org.apache.http.headers - http-outgoing-34 << Content-Type: application/json
02:20:41.850 [Test worker] DEBUG org.apache.http.headers - http-outgoing-34 << Server: Docker/1.12.3 (linux)
02:20:41.850 [Test worker] DEBUG org.apache.http.headers - http-outgoing-34 << Date: Tue, 03 Jan 2017 01:20:41 GMT
02:20:41.850 [Test worker] DEBUG org.apache.http.headers - http-outgoing-34 << Content-Length: 33
02:20:41.850 [Test worker] DEBUG o.a.h.impl.execchain.MainClientExec - Connection can be kept alive indefinitely
02:20:41.851 [Test worker] DEBUG c.g.d.j.JerseyDockerCmdExecFactory - 28 * Client response received on thread Test worker
28 < 200
28 < Content-Length: 33
28 < Content-Type: application/json
28 < Date: Tue, 03 Jan 2017 01:20:41 GMT
28 < Server: Docker/1.12.3 (linux)
{"Volumes":null,"Warnings":null}


02:20:41.852 [Test worker] DEBUG o.a.h.i.c.DefaultManagedHttpClientConnection - http-outgoing-34: Close connection
02:20:41.852 [Test worker] DEBUG o.a.h.impl.execchain.MainClientExec - Connection discarded
02:20:41.853 [Test worker] DEBUG c.g.d.j.JerseyDockerCmdExecFactory$1 - Connection released: [id: 34][route: {s}->https://Thesis:2376][total kept alive: 1; route allocated: 1 of 2; total allocated: 1 of 20]
02:20:41.854 [Test worker] DEBUG org.openbaton.docker.DockerVim - Loading properties
02:20:41.854 [Test worker] DEBUG org.openbaton.docker.DockerVim - Loaded properties: {vim.instance.auth.url=tcp://Thesis:2376, docker.cert.path=/home/sakib/.docker, type=docker, tls.verify=true}
02:20:41.865 [Test worker] DEBUG c.g.d.core.command.AbstrDockerCmd - Cmd: -1,<null>,true,<null>,<null>,com.github.dockerjava.core.util.FiltersBuilder@0,com.github.dockerjava.jaxrs.ListContainersCmdExec@5c495dc4
02:20:41.886 [Test worker] DEBUG c.g.d.j.JerseyDockerCmdExecFactory - 1 * Sending client request on thread Test worker
1 > GET https://Thesis:2376/containers/json?all=true
1 > Accept: application/json

02:20:41.896 [Test worker] DEBUG o.a.h.c.protocol.RequestAddCookies - CookieSpec selected: default
02:20:41.896 [Test worker] DEBUG o.a.h.c.protocol.RequestAuthCache - Auth cache not set in the context
02:20:41.896 [Test worker] DEBUG c.g.d.j.JerseyDockerCmdExecFactory$1 - Connection request: [route: {s}->https://Thesis:2376][total kept alive: 0; route allocated: 0 of 2; total allocated: 0 of 20]
02:20:41.896 [Test worker] DEBUG c.g.d.j.JerseyDockerCmdExecFactory$1 - Connection leased: [id: 35][route: {s}->https://Thesis:2376][total kept alive: 0; route allocated: 1 of 2; total allocated: 1 of 20]
02:20:41.897 [Test worker] DEBUG o.a.h.impl.execchain.MainClientExec - Opening connection {s}->https://Thesis:2376
02:20:41.897 [Test worker] DEBUG o.a.h.i.c.DefaultHttpClientConnectionOperator - Connecting to Thesis/127.0.1.1:2376
02:20:41.897 [Test worker] DEBUG o.a.h.c.s.SSLConnectionSocketFactory - Connecting socket to Thesis/127.0.1.1:2376 with timeout 0
02:20:41.898 [Test worker] DEBUG o.a.h.c.s.SSLConnectionSocketFactory - Enabled protocols: [TLSv1]
02:20:41.898 [Test worker] DEBUG o.a.h.c.s.SSLConnectionSocketFactory - Enabled cipher suites:[TLS_ECDHE_ECDSA_WITH_AES_128_CBC_SHA, TLS_ECDHE_RSA_WITH_AES_128_CBC_SHA, TLS_RSA_WITH_AES_128_CBC_SHA, TLS_ECDH_ECDSA_WITH_AES_128_CBC_SHA, TLS_ECDH_RSA_WITH_AES_128_CBC_SHA, TLS_DHE_RSA_WITH_AES_128_CBC_SHA, TLS_DHE_DSS_WITH_AES_128_CBC_SHA, TLS_ECDHE_ECDSA_WITH_3DES_EDE_CBC_SHA, TLS_ECDHE_RSA_WITH_3DES_EDE_CBC_SHA, SSL_RSA_WITH_3DES_EDE_CBC_SHA, TLS_ECDH_ECDSA_WITH_3DES_EDE_CBC_SHA, TLS_ECDH_RSA_WITH_3DES_EDE_CBC_SHA, SSL_DHE_RSA_WITH_3DES_EDE_CBC_SHA, SSL_DHE_DSS_WITH_3DES_EDE_CBC_SHA, TLS_ECDHE_ECDSA_WITH_RC4_128_SHA, TLS_ECDHE_RSA_WITH_RC4_128_SHA, SSL_RSA_WITH_RC4_128_SHA, TLS_ECDH_ECDSA_WITH_RC4_128_SHA, TLS_ECDH_RSA_WITH_RC4_128_SHA, SSL_RSA_WITH_RC4_128_MD5, TLS_EMPTY_RENEGOTIATION_INFO_SCSV]
02:20:41.898 [Test worker] DEBUG o.a.h.c.s.SSLConnectionSocketFactory - Starting handshake
02:20:41.960 [Test worker] DEBUG o.a.h.c.s.SSLConnectionSocketFactory - Secure session established
02:20:41.960 [Test worker] DEBUG o.a.h.c.s.SSLConnectionSocketFactory -  negotiated protocol: TLSv1
02:20:41.961 [Test worker] DEBUG o.a.h.c.s.SSLConnectionSocketFactory -  negotiated cipher suite: TLS_ECDHE_RSA_WITH_AES_128_CBC_SHA
02:20:41.961 [Test worker] DEBUG o.a.h.c.s.SSLConnectionSocketFactory -  peer principal: CN=Thesis
02:20:41.961 [Test worker] DEBUG o.a.h.c.s.SSLConnectionSocketFactory -  issuer principal: EMAILADDRESS=sha@yamil.com, CN=Thesis, OU=Open, O=Fra, L=BER, ST=BER, C=DE
02:20:41.961 [Test worker] DEBUG o.a.h.i.c.DefaultHttpClientConnectionOperator - Connection established 127.0.0.1:40946<->127.0.1.1:2376
02:20:41.961 [Test worker] DEBUG o.a.h.impl.execchain.MainClientExec - Executing request GET /containers/json?all=true HTTP/1.1
02:20:41.962 [Test worker] DEBUG o.a.h.impl.execchain.MainClientExec - Target auth state: UNCHALLENGED
02:20:41.962 [Test worker] DEBUG o.a.h.impl.execchain.MainClientExec - Proxy auth state: UNCHALLENGED
02:20:41.962 [Test worker] DEBUG org.apache.http.headers - http-outgoing-35 >> GET /containers/json?all=true HTTP/1.1
02:20:41.962 [Test worker] DEBUG org.apache.http.headers - http-outgoing-35 >> Accept: application/json
02:20:41.962 [Test worker] DEBUG org.apache.http.headers - http-outgoing-35 >> User-Agent: Jersey/2.23.1 (Apache HttpClient 4.5.1)
02:20:41.962 [Test worker] DEBUG org.apache.http.headers - http-outgoing-35 >> Host: Thesis:2376
02:20:41.963 [Test worker] DEBUG org.apache.http.headers - http-outgoing-35 >> Connection: Keep-Alive
02:20:41.963 [Test worker] DEBUG org.apache.http.headers - http-outgoing-35 >> Accept-Encoding: gzip,deflate
02:20:41.964 [Test worker] DEBUG org.apache.http.wire - http-outgoing-35 >> "GET /containers/json?all=true HTTP/1.1[\r][\n]"
02:20:41.964 [Test worker] DEBUG org.apache.http.wire - http-outgoing-35 >> "Accept: application/json[\r][\n]"
02:20:41.964 [Test worker] DEBUG org.apache.http.wire - http-outgoing-35 >> "User-Agent: Jersey/2.23.1 (Apache HttpClient 4.5.1)[\r][\n]"
02:20:41.964 [Test worker] DEBUG org.apache.http.wire - http-outgoing-35 >> "Host: Thesis:2376[\r][\n]"
02:20:41.965 [Test worker] DEBUG org.apache.http.wire - http-outgoing-35 >> "Connection: Keep-Alive[\r][\n]"
02:20:41.965 [Test worker] DEBUG org.apache.http.wire - http-outgoing-35 >> "Accept-Encoding: gzip,deflate[\r][\n]"
02:20:41.965 [Test worker] DEBUG org.apache.http.wire - http-outgoing-35 >> "[\r][\n]"
02:20:41.965 [Test worker] DEBUG org.apache.http.wire - http-outgoing-35 << "H"
02:20:41.965 [Test worker] DEBUG org.apache.http.wire - http-outgoing-35 << "TTP/1.1 200 OK[\r][\n]"
02:20:41.966 [Test worker] DEBUG org.apache.http.wire - http-outgoing-35 << "Content-Type: application/json[\r][\n]"
02:20:41.966 [Test worker] DEBUG org.apache.http.wire - http-outgoing-35 << "Server: Docker/1.12.3 (linux)[\r][\n]"
02:20:41.966 [Test worker] DEBUG org.apache.http.wire - http-outgoing-35 << "Date: Tue, 03 Jan 2017 01:20:41 GMT[\r][\n]"
02:20:41.966 [Test worker] DEBUG org.apache.http.wire - http-outgoing-35 << "Content-Length: 3[\r][\n]"
02:20:41.966 [Test worker] DEBUG org.apache.http.wire - http-outgoing-35 << "[\r][\n]"
02:20:41.966 [Test worker] DEBUG org.apache.http.wire - http-outgoing-35 << "[][\n]"
02:20:41.967 [Test worker] DEBUG org.apache.http.headers - http-outgoing-35 << HTTP/1.1 200 OK
02:20:41.967 [Test worker] DEBUG org.apache.http.headers - http-outgoing-35 << Content-Type: application/json
02:20:41.967 [Test worker] DEBUG org.apache.http.headers - http-outgoing-35 << Server: Docker/1.12.3 (linux)
02:20:41.967 [Test worker] DEBUG org.apache.http.headers - http-outgoing-35 << Date: Tue, 03 Jan 2017 01:20:41 GMT
02:20:41.967 [Test worker] DEBUG org.apache.http.headers - http-outgoing-35 << Content-Length: 3
02:20:41.967 [Test worker] DEBUG o.a.h.impl.execchain.MainClientExec - Connection can be kept alive indefinitely
02:20:41.970 [Test worker] DEBUG c.g.d.j.JerseyDockerCmdExecFactory - 2 * Client response received on thread Test worker
2 < 200
2 < Content-Length: 3
2 < Content-Type: application/json
2 < Date: Tue, 03 Jan 2017 01:20:41 GMT
2 < Server: Docker/1.12.3 (linux)
[]


02:20:41.972 [Test worker] DEBUG c.g.d.j.JerseyDockerCmdExecFactory$1 - Connection [id: 35][route: {s}->https://Thesis:2376][state: CN=Thesis] can be kept alive indefinitely
02:20:41.972 [Test worker] DEBUG c.g.d.j.JerseyDockerCmdExecFactory$1 - Connection released: [id: 35][route: {s}->https://Thesis:2376][state: CN=Thesis][total kept alive: 1; route allocated: 1 of 2; total allocated: 1 of 20]
02:20:41.980 [Test worker] DEBUG c.g.d.core.command.AbstrDockerCmd - Cmd: com.github.dockerjava.core.util.FiltersBuilder@0,com.github.dockerjava.jaxrs.ListNetworksCmdExec@f0d8c26
02:20:41.980 [Test worker] DEBUG c.g.d.j.JerseyDockerCmdExecFactory - 3 * Sending client request on thread Test worker
3 > GET https://Thesis:2376/networks
3 > Accept: application/json

02:20:41.981 [Test worker] DEBUG o.a.h.c.protocol.RequestAddCookies - CookieSpec selected: default
02:20:41.981 [Test worker] DEBUG o.a.h.c.protocol.RequestAuthCache - Auth cache not set in the context
02:20:41.982 [Test worker] DEBUG c.g.d.j.JerseyDockerCmdExecFactory$1 - Connection request: [route: {s}->https://Thesis:2376][total kept alive: 1; route allocated: 1 of 2; total allocated: 1 of 20]
02:20:41.982 [Test worker] DEBUG c.g.d.j.JerseyDockerCmdExecFactory$1 - Connection leased: [id: 36][route: {s}->https://Thesis:2376][total kept alive: 1; route allocated: 2 of 2; total allocated: 2 of 20]
02:20:41.982 [Test worker] DEBUG o.a.h.impl.execchain.MainClientExec - Opening connection {s}->https://Thesis:2376
02:20:41.982 [Test worker] DEBUG o.a.h.i.c.DefaultHttpClientConnectionOperator - Connecting to Thesis/127.0.1.1:2376
02:20:41.982 [Test worker] DEBUG o.a.h.c.s.SSLConnectionSocketFactory - Connecting socket to Thesis/127.0.1.1:2376 with timeout 0
02:20:41.983 [Test worker] DEBUG o.a.h.c.s.SSLConnectionSocketFactory - Enabled protocols: [TLSv1]
02:20:41.983 [Test worker] DEBUG o.a.h.c.s.SSLConnectionSocketFactory - Enabled cipher suites:[TLS_ECDHE_ECDSA_WITH_AES_128_CBC_SHA, TLS_ECDHE_RSA_WITH_AES_128_CBC_SHA, TLS_RSA_WITH_AES_128_CBC_SHA, TLS_ECDH_ECDSA_WITH_AES_128_CBC_SHA, TLS_ECDH_RSA_WITH_AES_128_CBC_SHA, TLS_DHE_RSA_WITH_AES_128_CBC_SHA, TLS_DHE_DSS_WITH_AES_128_CBC_SHA, TLS_ECDHE_ECDSA_WITH_3DES_EDE_CBC_SHA, TLS_ECDHE_RSA_WITH_3DES_EDE_CBC_SHA, SSL_RSA_WITH_3DES_EDE_CBC_SHA, TLS_ECDH_ECDSA_WITH_3DES_EDE_CBC_SHA, TLS_ECDH_RSA_WITH_3DES_EDE_CBC_SHA, SSL_DHE_RSA_WITH_3DES_EDE_CBC_SHA, SSL_DHE_DSS_WITH_3DES_EDE_CBC_SHA, TLS_ECDHE_ECDSA_WITH_RC4_128_SHA, TLS_ECDHE_RSA_WITH_RC4_128_SHA, SSL_RSA_WITH_RC4_128_SHA, TLS_ECDH_ECDSA_WITH_RC4_128_SHA, TLS_ECDH_RSA_WITH_RC4_128_SHA, SSL_RSA_WITH_RC4_128_MD5, TLS_EMPTY_RENEGOTIATION_INFO_SCSV]
02:20:41.984 [Test worker] DEBUG o.a.h.c.s.SSLConnectionSocketFactory - Starting handshake
02:20:42.073 [Test worker] DEBUG o.a.h.c.s.SSLConnectionSocketFactory - Secure session established
02:20:42.073 [Test worker] DEBUG o.a.h.c.s.SSLConnectionSocketFactory -  negotiated protocol: TLSv1
02:20:42.074 [Test worker] DEBUG o.a.h.c.s.SSLConnectionSocketFactory -  negotiated cipher suite: TLS_ECDHE_RSA_WITH_AES_128_CBC_SHA
02:20:42.074 [Test worker] DEBUG o.a.h.c.s.SSLConnectionSocketFactory -  peer principal: CN=Thesis
02:20:42.074 [Test worker] DEBUG o.a.h.c.s.SSLConnectionSocketFactory -  issuer principal: EMAILADDRESS=sha@yamil.com, CN=Thesis, OU=Open, O=Fra, L=BER, ST=BER, C=DE
02:20:42.074 [Test worker] DEBUG o.a.h.i.c.DefaultHttpClientConnectionOperator - Connection established 127.0.0.1:40948<->127.0.1.1:2376
02:20:42.074 [Test worker] DEBUG o.a.h.impl.execchain.MainClientExec - Executing request GET /networks HTTP/1.1
02:20:42.074 [Test worker] DEBUG o.a.h.impl.execchain.MainClientExec - Target auth state: UNCHALLENGED
02:20:42.075 [Test worker] DEBUG o.a.h.impl.execchain.MainClientExec - Proxy auth state: UNCHALLENGED
02:20:42.075 [Test worker] DEBUG org.apache.http.headers - http-outgoing-36 >> GET /networks HTTP/1.1
02:20:42.080 [Test worker] DEBUG org.apache.http.headers - http-outgoing-36 >> Accept: application/json
02:20:42.080 [Test worker] DEBUG org.apache.http.headers - http-outgoing-36 >> User-Agent: Jersey/2.23.1 (Apache HttpClient 4.5.1)
02:20:42.080 [Test worker] DEBUG org.apache.http.headers - http-outgoing-36 >> Host: Thesis:2376
02:20:42.081 [Test worker] DEBUG org.apache.http.headers - http-outgoing-36 >> Connection: Keep-Alive
02:20:42.081 [Test worker] DEBUG org.apache.http.headers - http-outgoing-36 >> Accept-Encoding: gzip,deflate
02:20:42.081 [Test worker] DEBUG org.apache.http.wire - http-outgoing-36 >> "GET /networks HTTP/1.1[\r][\n]"
02:20:42.081 [Test worker] DEBUG org.apache.http.wire - http-outgoing-36 >> "Accept: application/json[\r][\n]"
02:20:42.081 [Test worker] DEBUG org.apache.http.wire - http-outgoing-36 >> "User-Agent: Jersey/2.23.1 (Apache HttpClient 4.5.1)[\r][\n]"
02:20:42.081 [Test worker] DEBUG org.apache.http.wire - http-outgoing-36 >> "Host: Thesis:2376[\r][\n]"
02:20:42.082 [Test worker] DEBUG org.apache.http.wire - http-outgoing-36 >> "Connection: Keep-Alive[\r][\n]"
02:20:42.082 [Test worker] DEBUG org.apache.http.wire - http-outgoing-36 >> "Accept-Encoding: gzip,deflate[\r][\n]"
02:20:42.082 [Test worker] DEBUG org.apache.http.wire - http-outgoing-36 >> "[\r][\n]"
02:20:42.083 [Test worker] DEBUG org.apache.http.wire - http-outgoing-36 << "H"
02:20:42.083 [Test worker] DEBUG org.apache.http.wire - http-outgoing-36 << "TTP/1.1 200 OK[\r][\n]"
02:20:42.083 [Test worker] DEBUG org.apache.http.wire - http-outgoing-36 << "Content-Type: application/json[\r][\n]"
02:20:42.083 [Test worker] DEBUG org.apache.http.wire - http-outgoing-36 << "Server: Docker/1.12.3 (linux)[\r][\n]"
02:20:42.083 [Test worker] DEBUG org.apache.http.wire - http-outgoing-36 << "Date: Tue, 03 Jan 2017 01:20:42 GMT[\r][\n]"
02:20:42.083 [Test worker] DEBUG org.apache.http.wire - http-outgoing-36 << "Content-Length: 1100[\r][\n]"
02:20:42.084 [Test worker] DEBUG org.apache.http.wire - http-outgoing-36 << "[\r][\n]"
02:20:42.084 [Test worker] DEBUG org.apache.http.wire - http-outgoing-36 << "[{"Name":"none","Id":"4d89c194eb79cd2beb38458d10a1b98c74d6b8462af72afde29ae7aca53ed5ca","Scope":"local","Driver":"null","EnableIPv6":false,"IPAM":{"Driver":"default","Options":null,"Config":[]},"Internal":false,"Containers":{},"Options":{},"Labels":{}},{"Name":"bridge","Id":"e0d36057aa1769e9fd52ba88be81b698b495f9b6b4946d0f98f24d971a27fc98","Scope":"local","Driver":"bridge","EnableIPv6":false,"IPAM":{"Driver":"default","Options":null,"Config":[{"Subnet":"172.17.0.0/16","Gateway":"172.17.0.1"}]},"Internal":false,"Containers":{},"Options":{"com.docker.network.bridge.default_bridge":"true","com.docker.network.bridge.enable_icc":"true","com.docker.network.bridge.enable_ip_masquerade":"true","com.docker.network.bridge.host_binding_ipv4":"0.0.0.0","com.docker.network.bridge.name":"docker0","com.docker.network.driver.mtu":"1500"},"Labels":{}},{"Name":"host","Id":"fe042b0866671b5be4f097ba43830c0a02959c058702d18e18c14a24d88a357d","Scope":"local","Driver":"host","EnableIPv6":false,"IPAM":{"Driver":"default","Options":null,"Config":[]},"Internal":false,"Containers":{},"Options":{},"Labels":{}}][\n]"
02:20:42.084 [Test worker] DEBUG org.apache.http.headers - http-outgoing-36 << HTTP/1.1 200 OK
02:20:42.084 [Test worker] DEBUG org.apache.http.headers - http-outgoing-36 << Content-Type: application/json
02:20:42.084 [Test worker] DEBUG org.apache.http.headers - http-outgoing-36 << Server: Docker/1.12.3 (linux)
02:20:42.084 [Test worker] DEBUG org.apache.http.headers - http-outgoing-36 << Date: Tue, 03 Jan 2017 01:20:42 GMT
02:20:42.085 [Test worker] DEBUG org.apache.http.headers - http-outgoing-36 << Content-Length: 1100
02:20:42.085 [Test worker] DEBUG o.a.h.impl.execchain.MainClientExec - Connection can be kept alive indefinitely
02:20:42.085 [Test worker] DEBUG c.g.d.j.JerseyDockerCmdExecFactory - 4 * Client response received on thread Test worker
4 < 200
4 < Content-Length: 1100
4 < Content-Type: application/json
4 < Date: Tue, 03 Jan 2017 01:20:42 GMT
4 < Server: Docker/1.12.3 (linux)
[{"Name":"none","Id":"4d89c194eb79cd2beb38458d10a1b98c74d6b8462af72afde29ae7aca53ed5ca","Scope":"local","Driver":"null","EnableIPv6":false,"IPAM":{"Driver":"default","Options":null,"Config":[]},"Internal":false,"Containers":{},"Options":{},"Labels":{}},{"Name":"bridge","Id":"e0d36057aa1769e9fd52ba88be81b698b495f9b6b4946d0f98f24d971a27fc98","Scope":"local","Driver":"bridge","EnableIPv6":false,"IPAM":{"Driver":"default","Options":null,"Config":[{"Subnet":"172.17.0.0/16","Gateway":"172.17.0.1"}]},"Internal":false,"Containers":{},"Options":{"com.docker.network.bridge.default_bridge":"true","com.docker.network.bridge.enable_icc":"true","com.docker.network.bridge.enable_ip_masquerade":"true","com.docker.network.bridge.host_binding_ipv4":"0.0.0.0","com.docker.network.bridge.name":"docker0","com.docker.network.driver.mtu":"1500"},"Labels":{}},{"Name":"host","Id":"fe042b0866671b5be4f097ba43830c0a02959c058702d18e18c14a24d88a357d","Scope":"local","Driver":"host","EnableIPv6":false,"IPAM":{"Driver":"default","Options":null,"Config":[]},"Internal":false,"Containers":{},"Options":{},"Labels":{}}]


02:20:42.090 [Test worker] DEBUG o.a.h.i.c.DefaultManagedHttpClientConnection - http-outgoing-36: Close connection
02:20:42.091 [Test worker] DEBUG o.a.h.impl.execchain.MainClientExec - Connection discarded
02:20:42.091 [Test worker] DEBUG c.g.d.j.JerseyDockerCmdExecFactory$1 - Connection released: [id: 36][route: {s}->https://Thesis:2376][total kept alive: 1; route allocated: 1 of 2; total allocated: 1 of 20]
02:20:42.091 [Test worker] DEBUG c.g.d.core.command.AbstrDockerCmd - Cmd: com.github.dockerjava.core.util.FiltersBuilder@0,com.github.dockerjava.jaxrs.ListVolumesCmdExec@47406edf
02:20:42.092 [Test worker] DEBUG c.g.d.j.JerseyDockerCmdExecFactory - 5 * Sending client request on thread Test worker
5 > GET https://Thesis:2376/volumes
5 > Accept: application/json

02:20:42.093 [Test worker] DEBUG o.a.h.c.protocol.RequestAddCookies - CookieSpec selected: default
02:20:42.093 [Test worker] DEBUG o.a.h.c.protocol.RequestAuthCache - Auth cache not set in the context
02:20:42.093 [Test worker] DEBUG c.g.d.j.JerseyDockerCmdExecFactory$1 - Connection request: [route: {s}->https://Thesis:2376][total kept alive: 1; route allocated: 1 of 2; total allocated: 1 of 20]
02:20:42.093 [Test worker] DEBUG c.g.d.j.JerseyDockerCmdExecFactory$1 - Connection leased: [id: 37][route: {s}->https://Thesis:2376][total kept alive: 1; route allocated: 2 of 2; total allocated: 2 of 20]
02:20:42.093 [Test worker] DEBUG o.a.h.impl.execchain.MainClientExec - Opening connection {s}->https://Thesis:2376
02:20:42.094 [Test worker] DEBUG o.a.h.i.c.DefaultHttpClientConnectionOperator - Connecting to Thesis/127.0.1.1:2376
02:20:42.094 [Test worker] DEBUG o.a.h.c.s.SSLConnectionSocketFactory - Connecting socket to Thesis/127.0.1.1:2376 with timeout 0
02:20:42.102 [Test worker] DEBUG o.a.h.c.s.SSLConnectionSocketFactory - Enabled protocols: [TLSv1]
02:20:42.103 [Test worker] DEBUG o.a.h.c.s.SSLConnectionSocketFactory - Enabled cipher suites:[TLS_ECDHE_ECDSA_WITH_AES_128_CBC_SHA, TLS_ECDHE_RSA_WITH_AES_128_CBC_SHA, TLS_RSA_WITH_AES_128_CBC_SHA, TLS_ECDH_ECDSA_WITH_AES_128_CBC_SHA, TLS_ECDH_RSA_WITH_AES_128_CBC_SHA, TLS_DHE_RSA_WITH_AES_128_CBC_SHA, TLS_DHE_DSS_WITH_AES_128_CBC_SHA, TLS_ECDHE_ECDSA_WITH_3DES_EDE_CBC_SHA, TLS_ECDHE_RSA_WITH_3DES_EDE_CBC_SHA, SSL_RSA_WITH_3DES_EDE_CBC_SHA, TLS_ECDH_ECDSA_WITH_3DES_EDE_CBC_SHA, TLS_ECDH_RSA_WITH_3DES_EDE_CBC_SHA, SSL_DHE_RSA_WITH_3DES_EDE_CBC_SHA, SSL_DHE_DSS_WITH_3DES_EDE_CBC_SHA, TLS_ECDHE_ECDSA_WITH_RC4_128_SHA, TLS_ECDHE_RSA_WITH_RC4_128_SHA, SSL_RSA_WITH_RC4_128_SHA, TLS_ECDH_ECDSA_WITH_RC4_128_SHA, TLS_ECDH_RSA_WITH_RC4_128_SHA, SSL_RSA_WITH_RC4_128_MD5, TLS_EMPTY_RENEGOTIATION_INFO_SCSV]
02:20:42.103 [Test worker] DEBUG o.a.h.c.s.SSLConnectionSocketFactory - Starting handshake
02:20:42.179 [Test worker] DEBUG o.a.h.c.s.SSLConnectionSocketFactory - Secure session established
02:20:42.179 [Test worker] DEBUG o.a.h.c.s.SSLConnectionSocketFactory -  negotiated protocol: TLSv1
02:20:42.179 [Test worker] DEBUG o.a.h.c.s.SSLConnectionSocketFactory -  negotiated cipher suite: TLS_ECDHE_RSA_WITH_AES_128_CBC_SHA
02:20:42.179 [Test worker] DEBUG o.a.h.c.s.SSLConnectionSocketFactory -  peer principal: CN=Thesis
02:20:42.180 [Test worker] DEBUG o.a.h.c.s.SSLConnectionSocketFactory -  issuer principal: EMAILADDRESS=sha@yamil.com, CN=Thesis, OU=Open, O=Fra, L=BER, ST=BER, C=DE
02:20:42.180 [Test worker] DEBUG o.a.h.i.c.DefaultHttpClientConnectionOperator - Connection established 127.0.0.1:40950<->127.0.1.1:2376
02:20:42.180 [Test worker] DEBUG o.a.h.impl.execchain.MainClientExec - Executing request GET /volumes HTTP/1.1
02:20:42.180 [Test worker] DEBUG o.a.h.impl.execchain.MainClientExec - Target auth state: UNCHALLENGED
02:20:42.180 [Test worker] DEBUG o.a.h.impl.execchain.MainClientExec - Proxy auth state: UNCHALLENGED
02:20:42.181 [Test worker] DEBUG org.apache.http.headers - http-outgoing-37 >> GET /volumes HTTP/1.1
02:20:42.181 [Test worker] DEBUG org.apache.http.headers - http-outgoing-37 >> Accept: application/json
02:20:42.181 [Test worker] DEBUG org.apache.http.headers - http-outgoing-37 >> User-Agent: Jersey/2.23.1 (Apache HttpClient 4.5.1)
02:20:42.181 [Test worker] DEBUG org.apache.http.headers - http-outgoing-37 >> Host: Thesis:2376
02:20:42.181 [Test worker] DEBUG org.apache.http.headers - http-outgoing-37 >> Connection: Keep-Alive
02:20:42.181 [Test worker] DEBUG org.apache.http.headers - http-outgoing-37 >> Accept-Encoding: gzip,deflate
02:20:42.182 [Test worker] DEBUG org.apache.http.wire - http-outgoing-37 >> "GET /volumes HTTP/1.1[\r][\n]"
02:20:42.182 [Test worker] DEBUG org.apache.http.wire - http-outgoing-37 >> "Accept: application/json[\r][\n]"
02:20:42.182 [Test worker] DEBUG org.apache.http.wire - http-outgoing-37 >> "User-Agent: Jersey/2.23.1 (Apache HttpClient 4.5.1)[\r][\n]"
02:20:42.182 [Test worker] DEBUG org.apache.http.wire - http-outgoing-37 >> "Host: Thesis:2376[\r][\n]"
02:20:42.182 [Test worker] DEBUG org.apache.http.wire - http-outgoing-37 >> "Connection: Keep-Alive[\r][\n]"
02:20:42.182 [Test worker] DEBUG org.apache.http.wire - http-outgoing-37 >> "Accept-Encoding: gzip,deflate[\r][\n]"
02:20:42.183 [Test worker] DEBUG org.apache.http.wire - http-outgoing-37 >> "[\r][\n]"
02:20:42.183 [Test worker] DEBUG org.apache.http.wire - http-outgoing-37 << "H"
02:20:42.183 [Test worker] DEBUG org.apache.http.wire - http-outgoing-37 << "TTP/1.1 200 OK[\r][\n]"
02:20:42.184 [Test worker] DEBUG org.apache.http.wire - http-outgoing-37 << "Content-Type: application/json[\r][\n]"
02:20:42.189 [Test worker] DEBUG org.apache.http.wire - http-outgoing-37 << "Server: Docker/1.12.3 (linux)[\r][\n]"
02:20:42.189 [Test worker] DEBUG org.apache.http.wire - http-outgoing-37 << "Date: Tue, 03 Jan 2017 01:20:42 GMT[\r][\n]"
02:20:42.189 [Test worker] DEBUG org.apache.http.wire - http-outgoing-37 << "Content-Length: 33[\r][\n]"
02:20:42.189 [Test worker] DEBUG org.apache.http.wire - http-outgoing-37 << "[\r][\n]"
02:20:42.189 [Test worker] DEBUG org.apache.http.wire - http-outgoing-37 << "{"Volumes":null,"Warnings":null}[\n]"
02:20:42.190 [Test worker] DEBUG org.apache.http.headers - http-outgoing-37 << HTTP/1.1 200 OK
02:20:42.190 [Test worker] DEBUG org.apache.http.headers - http-outgoing-37 << Content-Type: application/json
02:20:42.190 [Test worker] DEBUG org.apache.http.headers - http-outgoing-37 << Server: Docker/1.12.3 (linux)
02:20:42.190 [Test worker] DEBUG org.apache.http.headers - http-outgoing-37 << Date: Tue, 03 Jan 2017 01:20:42 GMT
02:20:42.190 [Test worker] DEBUG org.apache.http.headers - http-outgoing-37 << Content-Length: 33
02:20:42.190 [Test worker] DEBUG o.a.h.impl.execchain.MainClientExec - Connection can be kept alive indefinitely
02:20:42.191 [Test worker] DEBUG c.g.d.j.JerseyDockerCmdExecFactory - 6 * Client response received on thread Test worker
6 < 200
6 < Content-Length: 33
6 < Content-Type: application/json
6 < Date: Tue, 03 Jan 2017 01:20:42 GMT
6 < Server: Docker/1.12.3 (linux)
{"Volumes":null,"Warnings":null}


02:20:42.199 [Test worker] DEBUG o.a.h.i.c.DefaultManagedHttpClientConnection - http-outgoing-37: Close connection
02:20:42.200 [Test worker] DEBUG o.a.h.impl.execchain.MainClientExec - Connection discarded
02:20:42.200 [Test worker] DEBUG c.g.d.j.JerseyDockerCmdExecFactory$1 - Connection released: [id: 37][route: {s}->https://Thesis:2376][total kept alive: 1; route allocated: 1 of 2; total allocated: 1 of 20]
02:20:42.200 [Test worker] DEBUG c.g.d.core.command.AbstrDockerCmd - Cmd: MyNetwork,<null>,<null>,{},true,<null>,<null>,com.github.dockerjava.jaxrs.CreateNetworkCmdExec@54903453
02:20:42.201 [Test worker] DEBUG o.a.h.c.protocol.RequestAddCookies - CookieSpec selected: default
02:20:42.201 [Test worker] DEBUG o.a.h.c.protocol.RequestAuthCache - Auth cache not set in the context
02:20:42.201 [Test worker] DEBUG c.g.d.j.JerseyDockerCmdExecFactory$1 - Connection request: [route: {s}->https://Thesis:2376][total kept alive: 1; route allocated: 1 of 2; total allocated: 1 of 20]
02:20:42.201 [Test worker] DEBUG c.g.d.j.JerseyDockerCmdExecFactory$1 - Connection leased: [id: 38][route: {s}->https://Thesis:2376][total kept alive: 1; route allocated: 2 of 2; total allocated: 2 of 20]
02:20:42.202 [Test worker] DEBUG o.a.h.impl.execchain.MainClientExec - Opening connection {s}->https://Thesis:2376
02:20:42.202 [Test worker] DEBUG o.a.h.i.c.DefaultHttpClientConnectionOperator - Connecting to Thesis/127.0.1.1:2376
02:20:42.202 [Test worker] DEBUG o.a.h.c.s.SSLConnectionSocketFactory - Connecting socket to Thesis/127.0.1.1:2376 with timeout 0
02:20:42.203 [Test worker] DEBUG o.a.h.c.s.SSLConnectionSocketFactory - Enabled protocols: [TLSv1]
02:20:42.203 [Test worker] DEBUG o.a.h.c.s.SSLConnectionSocketFactory - Enabled cipher suites:[TLS_ECDHE_ECDSA_WITH_AES_128_CBC_SHA, TLS_ECDHE_RSA_WITH_AES_128_CBC_SHA, TLS_RSA_WITH_AES_128_CBC_SHA, TLS_ECDH_ECDSA_WITH_AES_128_CBC_SHA, TLS_ECDH_RSA_WITH_AES_128_CBC_SHA, TLS_DHE_RSA_WITH_AES_128_CBC_SHA, TLS_DHE_DSS_WITH_AES_128_CBC_SHA, TLS_ECDHE_ECDSA_WITH_3DES_EDE_CBC_SHA, TLS_ECDHE_RSA_WITH_3DES_EDE_CBC_SHA, SSL_RSA_WITH_3DES_EDE_CBC_SHA, TLS_ECDH_ECDSA_WITH_3DES_EDE_CBC_SHA, TLS_ECDH_RSA_WITH_3DES_EDE_CBC_SHA, SSL_DHE_RSA_WITH_3DES_EDE_CBC_SHA, SSL_DHE_DSS_WITH_3DES_EDE_CBC_SHA, TLS_ECDHE_ECDSA_WITH_RC4_128_SHA, TLS_ECDHE_RSA_WITH_RC4_128_SHA, SSL_RSA_WITH_RC4_128_SHA, TLS_ECDH_ECDSA_WITH_RC4_128_SHA, TLS_ECDH_RSA_WITH_RC4_128_SHA, SSL_RSA_WITH_RC4_128_MD5, TLS_EMPTY_RENEGOTIATION_INFO_SCSV]
02:20:42.203 [Test worker] DEBUG o.a.h.c.s.SSLConnectionSocketFactory - Starting handshake
02:20:42.278 [Test worker] DEBUG o.a.h.c.s.SSLConnectionSocketFactory - Secure session established
02:20:42.281 [Test worker] DEBUG o.a.h.c.s.SSLConnectionSocketFactory -  negotiated protocol: TLSv1
02:20:42.281 [Test worker] DEBUG o.a.h.c.s.SSLConnectionSocketFactory -  negotiated cipher suite: TLS_ECDHE_RSA_WITH_AES_128_CBC_SHA
02:20:42.281 [Test worker] DEBUG o.a.h.c.s.SSLConnectionSocketFactory -  peer principal: CN=Thesis
02:20:42.281 [Test worker] DEBUG o.a.h.c.s.SSLConnectionSocketFactory -  issuer principal: EMAILADDRESS=sha@yamil.com, CN=Thesis, OU=Open, O=Fra, L=BER, ST=BER, C=DE
02:20:42.282 [Test worker] DEBUG o.a.h.i.c.DefaultHttpClientConnectionOperator - Connection established 127.0.0.1:40952<->127.0.1.1:2376
02:20:42.282 [Test worker] DEBUG o.a.h.impl.execchain.MainClientExec - Executing request POST /networks/create HTTP/1.1
02:20:42.282 [Test worker] DEBUG o.a.h.impl.execchain.MainClientExec - Target auth state: UNCHALLENGED
02:20:42.282 [Test worker] DEBUG o.a.h.impl.execchain.MainClientExec - Proxy auth state: UNCHALLENGED
02:20:42.282 [Test worker] DEBUG org.apache.http.headers - http-outgoing-38 >> POST /networks/create HTTP/1.1
02:20:42.282 [Test worker] DEBUG org.apache.http.headers - http-outgoing-38 >> Accept: application/json
02:20:42.283 [Test worker] DEBUG org.apache.http.headers - http-outgoing-38 >> Content-Type: application/json
02:20:42.287 [Test worker] DEBUG org.apache.http.headers - http-outgoing-38 >> User-Agent: Jersey/2.23.1 (Apache HttpClient 4.5.1)
02:20:42.287 [Test worker] DEBUG org.apache.http.headers - http-outgoing-38 >> Transfer-Encoding: chunked
02:20:42.288 [Test worker] DEBUG org.apache.http.headers - http-outgoing-38 >> Host: Thesis:2376
02:20:42.288 [Test worker] DEBUG org.apache.http.headers - http-outgoing-38 >> Connection: Keep-Alive
02:20:42.288 [Test worker] DEBUG org.apache.http.headers - http-outgoing-38 >> Accept-Encoding: gzip,deflate
02:20:42.293 [Test worker] DEBUG c.g.d.j.JerseyDockerCmdExecFactory - 7 * Sending client request on thread Test worker
7 > POST https://Thesis:2376/networks/create
7 > Accept: application/json
7 > Content-Type: application/json
{"enableIPv6":null,"Name":"MyNetwork","Driver":null,"IPAM":null,"Options":{},"CheckDuplicate":true,"Internal":null,"EnableIPv6":null}

02:20:42.295 [Test worker] DEBUG org.apache.http.wire - http-outgoing-38 >> "POST /networks/create HTTP/1.1[\r][\n]"
02:20:42.295 [Test worker] DEBUG org.apache.http.wire - http-outgoing-38 >> "Accept: application/json[\r][\n]"
02:20:42.295 [Test worker] DEBUG org.apache.http.wire - http-outgoing-38 >> "Content-Type: application/json[\r][\n]"
02:20:42.296 [Test worker] DEBUG org.apache.http.wire - http-outgoing-38 >> "User-Agent: Jersey/2.23.1 (Apache HttpClient 4.5.1)[\r][\n]"
02:20:42.296 [Test worker] DEBUG org.apache.http.wire - http-outgoing-38 >> "Transfer-Encoding: chunked[\r][\n]"
02:20:42.296 [Test worker] DEBUG org.apache.http.wire - http-outgoing-38 >> "Host: Thesis:2376[\r][\n]"
02:20:42.296 [Test worker] DEBUG org.apache.http.wire - http-outgoing-38 >> "Connection: Keep-Alive[\r][\n]"
02:20:42.296 [Test worker] DEBUG org.apache.http.wire - http-outgoing-38 >> "Accept-Encoding: gzip,deflate[\r][\n]"
02:20:42.296 [Test worker] DEBUG org.apache.http.wire - http-outgoing-38 >> "[\r][\n]"
02:20:42.297 [Test worker] DEBUG org.apache.http.wire - http-outgoing-38 >> "85[\r][\n]"
02:20:42.297 [Test worker] DEBUG org.apache.http.wire - http-outgoing-38 >> "{"enableIPv6":null,"Name":"MyNetwork","Driver":null,"IPAM":null,"Options":{},"CheckDuplicate":true,"Internal":null,"EnableIPv6":null}[\r][\n]"
02:20:42.297 [Test worker] DEBUG org.apache.http.wire - http-outgoing-38 >> "0[\r][\n]"
02:20:42.297 [Test worker] DEBUG org.apache.http.wire - http-outgoing-38 >> "[\r][\n]"
02:20:42.391 [Test worker] DEBUG org.apache.http.wire - http-outgoing-38 << "H"
02:20:42.391 [Test worker] DEBUG org.apache.http.wire - http-outgoing-38 << "TTP/1.1 201 Created[\r][\n]"
02:20:42.391 [Test worker] DEBUG org.apache.http.wire - http-outgoing-38 << "Content-Type: application/json[\r][\n]"
02:20:42.391 [Test worker] DEBUG org.apache.http.wire - http-outgoing-38 << "Server: Docker/1.12.3 (linux)[\r][\n]"
02:20:42.391 [Test worker] DEBUG org.apache.http.wire - http-outgoing-38 << "Date: Tue, 03 Jan 2017 01:20:42 GMT[\r][\n]"
02:20:42.391 [Test worker] DEBUG org.apache.http.wire - http-outgoing-38 << "Content-Length: 87[\r][\n]"
02:20:42.391 [Test worker] DEBUG org.apache.http.wire - http-outgoing-38 << "[\r][\n]"
02:20:42.391 [Test worker] DEBUG org.apache.http.wire - http-outgoing-38 << "{"Id":"6c4c3e3ab127fe71eb651c7e60dfc097c25aeec99dbcdb7524934257d40d617f","Warning":""}[\n]"
02:20:42.391 [Test worker] DEBUG org.apache.http.headers - http-outgoing-38 << HTTP/1.1 201 Created
02:20:42.391 [Test worker] DEBUG org.apache.http.headers - http-outgoing-38 << Content-Type: application/json
02:20:42.391 [Test worker] DEBUG org.apache.http.headers - http-outgoing-38 << Server: Docker/1.12.3 (linux)
02:20:42.391 [Test worker] DEBUG org.apache.http.headers - http-outgoing-38 << Date: Tue, 03 Jan 2017 01:20:42 GMT
02:20:42.391 [Test worker] DEBUG org.apache.http.headers - http-outgoing-38 << Content-Length: 87
02:20:42.391 [Test worker] DEBUG o.a.h.impl.execchain.MainClientExec - Connection can be kept alive indefinitely
02:20:42.391 [Test worker] DEBUG c.g.d.j.JerseyDockerCmdExecFactory - 8 * Client response received on thread Test worker
8 < 201
8 < Content-Length: 87
8 < Content-Type: application/json
8 < Date: Tue, 03 Jan 2017 01:20:42 GMT
8 < Server: Docker/1.12.3 (linux)
{"Id":"6c4c3e3ab127fe71eb651c7e60dfc097c25aeec99dbcdb7524934257d40d617f","Warning":""}


02:20:42.392 [Test worker] DEBUG o.a.h.i.c.DefaultManagedHttpClientConnection - http-outgoing-38: Close connection
02:20:42.395 [Test worker] DEBUG o.a.h.impl.execchain.MainClientExec - Connection discarded
02:20:42.396 [Test worker] DEBUG c.g.d.j.JerseyDockerCmdExecFactory$1 - Connection released: [id: 38][route: {s}->https://Thesis:2376][total kept alive: 1; route allocated: 1 of 2; total allocated: 1 of 20]
02:20:42.396 [Test worker] DEBUG c.g.d.core.command.AbstrDockerCmd - Cmd: 6c4c3e3ab127fe71eb651c7e60dfc097c25aeec99dbcdb7524934257d40d617f,com.github.dockerjava.jaxrs.InspectNetworkCmdExec@401d9eb5
02:20:42.397 [Test worker] DEBUG c.g.d.jaxrs.ListNetworksCmdExec - GET: JerseyWebTarget { https://Thesis:2376/networks/6c4c3e3ab127fe71eb651c7e60dfc097c25aeec99dbcdb7524934257d40d617f }
02:20:42.399 [Test worker] DEBUG c.g.d.j.JerseyDockerCmdExecFactory - 9 * Sending client request on thread Test worker
9 > GET https://Thesis:2376/networks/6c4c3e3ab127fe71eb651c7e60dfc097c25aeec99dbcdb7524934257d40d617f
9 > Accept: application/json

02:20:42.407 [Test worker] DEBUG o.a.h.c.protocol.RequestAddCookies - CookieSpec selected: default
02:20:42.426 [Test worker] DEBUG o.a.h.c.protocol.RequestAuthCache - Auth cache not set in the context
02:20:42.426 [Test worker] DEBUG c.g.d.j.JerseyDockerCmdExecFactory$1 - Connection request: [route: {s}->https://Thesis:2376][total kept alive: 1; route allocated: 1 of 2; total allocated: 1 of 20]
02:20:42.429 [Test worker] DEBUG c.g.d.j.JerseyDockerCmdExecFactory$1 - Connection leased: [id: 39][route: {s}->https://Thesis:2376][total kept alive: 1; route allocated: 2 of 2; total allocated: 2 of 20]
02:20:42.429 [Test worker] DEBUG o.a.h.impl.execchain.MainClientExec - Opening connection {s}->https://Thesis:2376
02:20:42.429 [Test worker] DEBUG o.a.h.i.c.DefaultHttpClientConnectionOperator - Connecting to Thesis/127.0.1.1:2376
02:20:42.430 [Test worker] DEBUG o.a.h.c.s.SSLConnectionSocketFactory - Connecting socket to Thesis/127.0.1.1:2376 with timeout 0
02:20:42.432 [Test worker] DEBUG o.a.h.c.s.SSLConnectionSocketFactory - Enabled protocols: [TLSv1]
02:20:42.433 [Test worker] DEBUG o.a.h.c.s.SSLConnectionSocketFactory - Enabled cipher suites:[TLS_ECDHE_ECDSA_WITH_AES_128_CBC_SHA, TLS_ECDHE_RSA_WITH_AES_128_CBC_SHA, TLS_RSA_WITH_AES_128_CBC_SHA, TLS_ECDH_ECDSA_WITH_AES_128_CBC_SHA, TLS_ECDH_RSA_WITH_AES_128_CBC_SHA, TLS_DHE_RSA_WITH_AES_128_CBC_SHA, TLS_DHE_DSS_WITH_AES_128_CBC_SHA, TLS_ECDHE_ECDSA_WITH_3DES_EDE_CBC_SHA, TLS_ECDHE_RSA_WITH_3DES_EDE_CBC_SHA, SSL_RSA_WITH_3DES_EDE_CBC_SHA, TLS_ECDH_ECDSA_WITH_3DES_EDE_CBC_SHA, TLS_ECDH_RSA_WITH_3DES_EDE_CBC_SHA, SSL_DHE_RSA_WITH_3DES_EDE_CBC_SHA, SSL_DHE_DSS_WITH_3DES_EDE_CBC_SHA, TLS_ECDHE_ECDSA_WITH_RC4_128_SHA, TLS_ECDHE_RSA_WITH_RC4_128_SHA, SSL_RSA_WITH_RC4_128_SHA, TLS_ECDH_ECDSA_WITH_RC4_128_SHA, TLS_ECDH_RSA_WITH_RC4_128_SHA, SSL_RSA_WITH_RC4_128_MD5, TLS_EMPTY_RENEGOTIATION_INFO_SCSV]
02:20:42.438 [Test worker] DEBUG o.a.h.c.s.SSLConnectionSocketFactory - Starting handshake
02:20:42.513 [Test worker] DEBUG o.a.h.c.s.SSLConnectionSocketFactory - Secure session established
02:20:42.513 [Test worker] DEBUG o.a.h.c.s.SSLConnectionSocketFactory -  negotiated protocol: TLSv1
02:20:42.513 [Test worker] DEBUG o.a.h.c.s.SSLConnectionSocketFactory -  negotiated cipher suite: TLS_ECDHE_RSA_WITH_AES_128_CBC_SHA
02:20:42.513 [Test worker] DEBUG o.a.h.c.s.SSLConnectionSocketFactory -  peer principal: CN=Thesis
02:20:42.513 [Test worker] DEBUG o.a.h.c.s.SSLConnectionSocketFactory -  issuer principal: EMAILADDRESS=sha@yamil.com, CN=Thesis, OU=Open, O=Fra, L=BER, ST=BER, C=DE
02:20:42.514 [Test worker] DEBUG o.a.h.i.c.DefaultHttpClientConnectionOperator - Connection established 127.0.0.1:40954<->127.0.1.1:2376
02:20:42.514 [Test worker] DEBUG o.a.h.impl.execchain.MainClientExec - Executing request GET /networks/6c4c3e3ab127fe71eb651c7e60dfc097c25aeec99dbcdb7524934257d40d617f HTTP/1.1
02:20:42.514 [Test worker] DEBUG o.a.h.impl.execchain.MainClientExec - Target auth state: UNCHALLENGED
02:20:42.514 [Test worker] DEBUG o.a.h.impl.execchain.MainClientExec - Proxy auth state: UNCHALLENGED
02:20:42.514 [Test worker] DEBUG org.apache.http.headers - http-outgoing-39 >> GET /networks/6c4c3e3ab127fe71eb651c7e60dfc097c25aeec99dbcdb7524934257d40d617f HTTP/1.1
02:20:42.515 [Test worker] DEBUG org.apache.http.headers - http-outgoing-39 >> Accept: application/json
02:20:42.515 [Test worker] DEBUG org.apache.http.headers - http-outgoing-39 >> User-Agent: Jersey/2.23.1 (Apache HttpClient 4.5.1)
02:20:42.515 [Test worker] DEBUG org.apache.http.headers - http-outgoing-39 >> Host: Thesis:2376
02:20:42.515 [Test worker] DEBUG org.apache.http.headers - http-outgoing-39 >> Connection: Keep-Alive
02:20:42.515 [Test worker] DEBUG org.apache.http.headers - http-outgoing-39 >> Accept-Encoding: gzip,deflate
02:20:42.515 [Test worker] DEBUG org.apache.http.wire - http-outgoing-39 >> "GET /networks/6c4c3e3ab127fe71eb651c7e60dfc097c25aeec99dbcdb7524934257d40d617f HTTP/1.1[\r][\n]"
02:20:42.516 [Test worker] DEBUG org.apache.http.wire - http-outgoing-39 >> "Accept: application/json[\r][\n]"
02:20:42.516 [Test worker] DEBUG org.apache.http.wire - http-outgoing-39 >> "User-Agent: Jersey/2.23.1 (Apache HttpClient 4.5.1)[\r][\n]"
02:20:42.516 [Test worker] DEBUG org.apache.http.wire - http-outgoing-39 >> "Host: Thesis:2376[\r][\n]"
02:20:42.517 [Test worker] DEBUG org.apache.http.wire - http-outgoing-39 >> "Connection: Keep-Alive[\r][\n]"
02:20:42.517 [Test worker] DEBUG org.apache.http.wire - http-outgoing-39 >> "Accept-Encoding: gzip,deflate[\r][\n]"
02:20:42.517 [Test worker] DEBUG org.apache.http.wire - http-outgoing-39 >> "[\r][\n]"
02:20:42.518 [Test worker] DEBUG org.apache.http.wire - http-outgoing-39 << "H"
02:20:42.518 [Test worker] DEBUG org.apache.http.wire - http-outgoing-39 << "TTP/1.1 200 OK[\r][\n]"
02:20:42.519 [Test worker] DEBUG org.apache.http.wire - http-outgoing-39 << "Content-Type: application/json[\r][\n]"
02:20:42.519 [Test worker] DEBUG org.apache.http.wire - http-outgoing-39 << "Server: Docker/1.12.3 (linux)[\r][\n]"
02:20:42.519 [Test worker] DEBUG org.apache.http.wire - http-outgoing-39 << "Date: Tue, 03 Jan 2017 01:20:42 GMT[\r][\n]"
02:20:42.520 [Test worker] DEBUG org.apache.http.wire - http-outgoing-39 << "Content-Length: 311[\r][\n]"
02:20:42.520 [Test worker] DEBUG org.apache.http.wire - http-outgoing-39 << "[\r][\n]"
02:20:42.520 [Test worker] DEBUG org.apache.http.wire - http-outgoing-39 << "{"Name":"MyNetwork","Id":"6c4c3e3ab127fe71eb651c7e60dfc097c25aeec99dbcdb7524934257d40d617f","Scope":"local","Driver":"bridge","EnableIPv6":false,"IPAM":{"Driver":"default","Options":null,"Config":[{"Subnet":"172.18.0.0/16","Gateway":"172.18.0.1/16"}]},"Internal":false,"Containers":{},"Options":{},"Labels":{}}[\n]"
02:20:42.520 [Test worker] DEBUG org.apache.http.headers - http-outgoing-39 << HTTP/1.1 200 OK
02:20:42.520 [Test worker] DEBUG org.apache.http.headers - http-outgoing-39 << Content-Type: application/json
02:20:42.520 [Test worker] DEBUG org.apache.http.headers - http-outgoing-39 << Server: Docker/1.12.3 (linux)
02:20:42.521 [Test worker] DEBUG org.apache.http.headers - http-outgoing-39 << Date: Tue, 03 Jan 2017 01:20:42 GMT
02:20:42.521 [Test worker] DEBUG org.apache.http.headers - http-outgoing-39 << Content-Length: 311
02:20:42.521 [Test worker] DEBUG o.a.h.impl.execchain.MainClientExec - Connection can be kept alive indefinitely
02:20:42.521 [Test worker] DEBUG c.g.d.j.JerseyDockerCmdExecFactory - 10 * Client response received on thread Test worker
10 < 200
10 < Content-Length: 311
10 < Content-Type: application/json
10 < Date: Tue, 03 Jan 2017 01:20:42 GMT
10 < Server: Docker/1.12.3 (linux)
{"Name":"MyNetwork","Id":"6c4c3e3ab127fe71eb651c7e60dfc097c25aeec99dbcdb7524934257d40d617f","Scope":"local","Driver":"bridge","EnableIPv6":false,"IPAM":{"Driver":"default","Options":null,"Config":[{"Subnet":"172.18.0.0/16","Gateway":"172.18.0.1/16"}]},"Internal":false,"Containers":{},"Options":{},"Labels":{}}


02:20:42.523 [Test worker] DEBUG o.a.h.i.c.DefaultManagedHttpClientConnection - http-outgoing-39: Close connection
02:20:42.523 [Test worker] DEBUG o.a.h.impl.execchain.MainClientExec - Connection discarded
02:20:42.524 [Test worker] DEBUG c.g.d.j.JerseyDockerCmdExecFactory$1 - Connection released: [id: 39][route: {s}->https://Thesis:2376][total kept alive: 1; route allocated: 1 of 2; total allocated: 1 of 20]
02:20:42.524 [Test worker] DEBUG org.openbaton.docker.DockerVim - Network successfully created
02:20:42.524 [Test worker] DEBUG c.g.d.core.command.AbstrDockerCmd - Cmd: ListImagesCmdImpl[imageNameFilter=<null>,showAll=true,filters=com.github.dockerjava.core.util.FiltersBuilder@0,execution=com.github.dockerjava.jaxrs.ListImagesCmdExec@61937add]
02:20:42.525 [Test worker] DEBUG c.g.d.j.JerseyDockerCmdExecFactory - 11 * Sending client request on thread Test worker
11 > GET https://Thesis:2376/images/json?all=true
11 > Accept: application/json

02:20:42.526 [Test worker] DEBUG o.a.h.c.protocol.RequestAddCookies - CookieSpec selected: default
02:20:42.526 [Test worker] DEBUG o.a.h.c.protocol.RequestAuthCache - Auth cache not set in the context
02:20:42.526 [Test worker] DEBUG c.g.d.j.JerseyDockerCmdExecFactory$1 - Connection request: [route: {s}->https://Thesis:2376][total kept alive: 1; route allocated: 1 of 2; total allocated: 1 of 20]
02:20:42.526 [Test worker] DEBUG c.g.d.j.JerseyDockerCmdExecFactory$1 - Connection leased: [id: 40][route: {s}->https://Thesis:2376][total kept alive: 1; route allocated: 2 of 2; total allocated: 2 of 20]
02:20:42.526 [Test worker] DEBUG o.a.h.impl.execchain.MainClientExec - Opening connection {s}->https://Thesis:2376
02:20:42.527 [Test worker] DEBUG o.a.h.i.c.DefaultHttpClientConnectionOperator - Connecting to Thesis/127.0.1.1:2376
02:20:42.527 [Test worker] DEBUG o.a.h.c.s.SSLConnectionSocketFactory - Connecting socket to Thesis/127.0.1.1:2376 with timeout 0
02:20:42.528 [Test worker] DEBUG o.a.h.c.s.SSLConnectionSocketFactory - Enabled protocols: [TLSv1]
02:20:42.528 [Test worker] DEBUG o.a.h.c.s.SSLConnectionSocketFactory - Enabled cipher suites:[TLS_ECDHE_ECDSA_WITH_AES_128_CBC_SHA, TLS_ECDHE_RSA_WITH_AES_128_CBC_SHA, TLS_RSA_WITH_AES_128_CBC_SHA, TLS_ECDH_ECDSA_WITH_AES_128_CBC_SHA, TLS_ECDH_RSA_WITH_AES_128_CBC_SHA, TLS_DHE_RSA_WITH_AES_128_CBC_SHA, TLS_DHE_DSS_WITH_AES_128_CBC_SHA, TLS_ECDHE_ECDSA_WITH_3DES_EDE_CBC_SHA, TLS_ECDHE_RSA_WITH_3DES_EDE_CBC_SHA, SSL_RSA_WITH_3DES_EDE_CBC_SHA, TLS_ECDH_ECDSA_WITH_3DES_EDE_CBC_SHA, TLS_ECDH_RSA_WITH_3DES_EDE_CBC_SHA, SSL_DHE_RSA_WITH_3DES_EDE_CBC_SHA, SSL_DHE_DSS_WITH_3DES_EDE_CBC_SHA, TLS_ECDHE_ECDSA_WITH_RC4_128_SHA, TLS_ECDHE_RSA_WITH_RC4_128_SHA, SSL_RSA_WITH_RC4_128_SHA, TLS_ECDH_ECDSA_WITH_RC4_128_SHA, TLS_ECDH_RSA_WITH_RC4_128_SHA, SSL_RSA_WITH_RC4_128_MD5, TLS_EMPTY_RENEGOTIATION_INFO_SCSV]
02:20:42.528 [Test worker] DEBUG o.a.h.c.s.SSLConnectionSocketFactory - Starting handshake
02:20:42.590 [Test worker] DEBUG o.a.h.c.s.SSLConnectionSocketFactory - Secure session established
02:20:42.590 [Test worker] DEBUG o.a.h.c.s.SSLConnectionSocketFactory -  negotiated protocol: TLSv1
02:20:42.590 [Test worker] DEBUG o.a.h.c.s.SSLConnectionSocketFactory -  negotiated cipher suite: TLS_ECDHE_RSA_WITH_AES_128_CBC_SHA
02:20:42.591 [Test worker] DEBUG o.a.h.c.s.SSLConnectionSocketFactory -  peer principal: CN=Thesis
02:20:42.591 [Test worker] DEBUG o.a.h.c.s.SSLConnectionSocketFactory -  issuer principal: EMAILADDRESS=sha@yamil.com, CN=Thesis, OU=Open, O=Fra, L=BER, ST=BER, C=DE
02:20:42.591 [Test worker] DEBUG o.a.h.i.c.DefaultHttpClientConnectionOperator - Connection established 127.0.0.1:40956<->127.0.1.1:2376
02:20:42.591 [Test worker] DEBUG o.a.h.impl.execchain.MainClientExec - Executing request GET /images/json?all=true HTTP/1.1
02:20:42.591 [Test worker] DEBUG o.a.h.impl.execchain.MainClientExec - Target auth state: UNCHALLENGED
02:20:42.591 [Test worker] DEBUG o.a.h.impl.execchain.MainClientExec - Proxy auth state: UNCHALLENGED
02:20:42.592 [Test worker] DEBUG org.apache.http.headers - http-outgoing-40 >> GET /images/json?all=true HTTP/1.1
02:20:42.592 [Test worker] DEBUG org.apache.http.headers - http-outgoing-40 >> Accept: application/json
02:20:42.592 [Test worker] DEBUG org.apache.http.headers - http-outgoing-40 >> User-Agent: Jersey/2.23.1 (Apache HttpClient 4.5.1)
02:20:42.592 [Test worker] DEBUG org.apache.http.headers - http-outgoing-40 >> Host: Thesis:2376
02:20:42.592 [Test worker] DEBUG org.apache.http.headers - http-outgoing-40 >> Connection: Keep-Alive
02:20:42.592 [Test worker] DEBUG org.apache.http.headers - http-outgoing-40 >> Accept-Encoding: gzip,deflate
02:20:42.593 [Test worker] DEBUG org.apache.http.wire - http-outgoing-40 >> "GET /images/json?all=true HTTP/1.1[\r][\n]"
02:20:42.593 [Test worker] DEBUG org.apache.http.wire - http-outgoing-40 >> "Accept: application/json[\r][\n]"
02:20:42.593 [Test worker] DEBUG org.apache.http.wire - http-outgoing-40 >> "User-Agent: Jersey/2.23.1 (Apache HttpClient 4.5.1)[\r][\n]"
02:20:42.593 [Test worker] DEBUG org.apache.http.wire - http-outgoing-40 >> "Host: Thesis:2376[\r][\n]"
02:20:42.594 [Test worker] DEBUG org.apache.http.wire - http-outgoing-40 >> "Connection: Keep-Alive[\r][\n]"
02:20:42.594 [Test worker] DEBUG org.apache.http.wire - http-outgoing-40 >> "Accept-Encoding: gzip,deflate[\r][\n]"
02:20:42.594 [Test worker] DEBUG org.apache.http.wire - http-outgoing-40 >> "[\r][\n]"
02:20:42.595 [Test worker] DEBUG org.apache.http.wire - http-outgoing-40 << "H"
02:20:42.595 [Test worker] DEBUG org.apache.http.wire - http-outgoing-40 << "TTP/1.1 200 OK[\r][\n]"
02:20:42.595 [Test worker] DEBUG org.apache.http.wire - http-outgoing-40 << "Content-Type: application/json[\r][\n]"
02:20:42.596 [Test worker] DEBUG org.apache.http.wire - http-outgoing-40 << "Server: Docker/1.12.3 (linux)[\r][\n]"
02:20:42.596 [Test worker] DEBUG org.apache.http.wire - http-outgoing-40 << "Date: Tue, 03 Jan 2017 01:20:42 GMT[\r][\n]"
02:20:42.596 [Test worker] DEBUG org.apache.http.wire - http-outgoing-40 << "Content-Length: 1195[\r][\n]"
02:20:42.596 [Test worker] DEBUG org.apache.http.wire - http-outgoing-40 << "[\r][\n]"
02:20:42.596 [Test worker] DEBUG org.apache.http.wire - http-outgoing-40 << "[{"Id":"sha256:4ca3a192ff2a5b7e225e81dc006b6379c10776ed3619757a65608cb72de0a7f6","ParentId":"","RepoTags":["ubuntu:latest"],"RepoDigests":["ubuntu@sha256:3b64c309deae7ab0f7dbdd42b6b326261ccd6261da5d88396439353162703fb5"],"Created":1480449877,"Size":128206574,"VirtualSize":128206574,"Labels":{}},{"Id":"sha256:aae2b63c49461fcae4962e4a8043f66acf8e3af7e62f5ebceb70b181d8ca01e0","ParentId":"","RepoTags":["ubuntu:14.04"],"RepoDigests":["ubuntu@sha256:edb984703bd3e8981ff541a5b9297ca1b81fde6e6e8094d86e390a38ebc30b4d"],"Created":1480449856,"Size":187952254,"VirtualSize":187952254,"Labels":{}},{"Id":"sha256:e02e811dd08fd49e7f6032625495118e63f597eb150403d02e3238af1df240ba","ParentId":"","RepoTags":["busybox:latest"],"RepoDigests":["busybox@sha256:29f5d56d12684887bdfa50dcd29fc31eea4aaf4ad3bec43daf19026a7ce69912"],"Created":1475874238,"Size":1093484,"VirtualSize":1093484,"Labels":{}},{"Id":"sha256:d654de4499473ed41349b54a988b6f46a7fc92e3fa2d61e102bf2660a0116e25","ParentId":"","RepoTags":["sakib37/iperf3:latest"],"RepoDigests":["sakib37/iperf3@sha256:8d80a810f8f508c074b14d02555f20110eac382c8dbda7252075392983629d40"],"Created":1474907599,"Size":199456654,"VirtualSize":199456654,"Labels":{}}][\n]"
02:20:42.596 [Test worker] DEBUG org.apache.http.headers - http-outgoing-40 << HTTP/1.1 200 OK
02:20:42.596 [Test worker] DEBUG org.apache.http.headers - http-outgoing-40 << Content-Type: application/json
02:20:42.597 [Test worker] DEBUG org.apache.http.headers - http-outgoing-40 << Server: Docker/1.12.3 (linux)
02:20:42.597 [Test worker] DEBUG org.apache.http.headers - http-outgoing-40 << Date: Tue, 03 Jan 2017 01:20:42 GMT
02:20:42.597 [Test worker] DEBUG org.apache.http.headers - http-outgoing-40 << Content-Length: 1195
02:20:42.597 [Test worker] DEBUG o.a.h.impl.execchain.MainClientExec - Connection can be kept alive indefinitely
02:20:42.597 [Test worker] DEBUG c.g.d.j.JerseyDockerCmdExecFactory - 12 * Client response received on thread Test worker
12 < 200
12 < Content-Length: 1195
12 < Content-Type: application/json
12 < Date: Tue, 03 Jan 2017 01:20:42 GMT
12 < Server: Docker/1.12.3 (linux)
[{"Id":"sha256:4ca3a192ff2a5b7e225e81dc006b6379c10776ed3619757a65608cb72de0a7f6","ParentId":"","RepoTags":["ubuntu:latest"],"RepoDigests":["ubuntu@sha256:3b64c309deae7ab0f7dbdd42b6b326261ccd6261da5d88396439353162703fb5"],"Created":1480449877,"Size":128206574,"VirtualSize":128206574,"Labels":{}},{"Id":"sha256:aae2b63c49461fcae4962e4a8043f66acf8e3af7e62f5ebceb70b181d8ca01e0","ParentId":"","RepoTags":["ubuntu:14.04"],"RepoDigests":["ubuntu@sha256:edb984703bd3e8981ff541a5b9297ca1b81fde6e6e8094d86e390a38ebc30b4d"],"Created":1480449856,"Size":187952254,"VirtualSize":187952254,"Labels":{}},{"Id":"sha256:e02e811dd08fd49e7f6032625495118e63f597eb150403d02e3238af1df240ba","ParentId":"","RepoTags":["busybox:latest"],"RepoDigests":["busybox@sha256:29f5d56d12684887bdfa50dcd29fc31eea4aaf4ad3bec43daf19026a7ce69912"],"Created":1475874238,"Size":1093484,"VirtualSize":1093484,"Labels":{}},{"Id":"sha256:d654de4499473ed41349b54a988b6f46a7fc92e3fa2d61e102bf2660a0116e25","ParentId":"","RepoTags":["sakib37/iperf3:latest"],"RepoDigests":["sakib37/iperf3@sha256:8d80a810f8f508c074b14d02555f20110eac382c8dbda7252075392983629d40"],"Created":1474907599,"Size":199456654,"VirtualSize":199456654,"Labels":{}}]


02:20:42.600 [Test worker] DEBUG o.a.h.i.c.DefaultManagedHttpClientConnection - http-outgoing-40: Close connection
02:20:42.601 [Test worker] DEBUG o.a.h.impl.execchain.MainClientExec - Connection discarded
02:20:42.601 [Test worker] DEBUG c.g.d.j.JerseyDockerCmdExecFactory$1 - Connection released: [id: 40][route: {s}->https://Thesis:2376][total kept alive: 1; route allocated: 1 of 2; total allocated: 1 of 20]
02:20:42.601 [Test worker] DEBUG c.g.d.core.command.AbstrDockerCmd - Cmd: com.github.dockerjava.core.command.CreateContainerCmdImpl@8f65bc0[name=MyContainer,hostName=MyContainer,domainName=<null>,user=<null>,attachStdin=<null>,attachStdout=<null>,attachStderr=<null>,portSpecs=<null>,tty=<null>,stdinOpen=<null>,stdInOnce=<null>,env={port=8080,TERM=xterm},cmd={sleep,99999},entrypoint=<null>,image=ubuntu:14.04,volumes=com.github.dockerjava.api.model.Volumes@66019ed8,workingDir=<null>,macAddress=<null>,networkDisabled=<null>,exposedPorts=com.github.dockerjava.api.model.ExposedPorts@7463ab39,stopSignal=<null>,hostConfig=com.github.dockerjava.api.model.HostConfig@3b7e66e1[binds=<null>,blkioWeight=<null>,blkioWeightDevice=<null>,blkioDeviceReadBps=<null>,blkioDeviceReadIOps=<null>,blkioDeviceWriteBps=<null>,blkioDeviceWriteIOps=<null>,memorySwappiness=<null>,capAdd=<null>,capDrop=<null>,containerIDFile=<null>,cpuPeriod=<null>,cpuShares=<null>,cpuQuota=<null>,cpusetCpus=<null>,cpusetMems=<null>,devices=<null>,dns=<null>,dnsSearch=<null>,extraHosts=<null>,links=<null>,logConfig=<null>,lxcConf=<null>,memory=<null>,memorySwap=<null>,memoryReservation=<null>,kernelMemory=<null>,networkMode=<null>,oomKillDisable=<null>,oomScoreAdj=<null>,portBindings={8084/tcp=[Lcom.github.dockerjava.api.model.Ports$Binding;@267e5798},privileged=<null>,publishAllPorts=<null>,readonlyRootfs=<null>,restartPolicy=<null>,ulimits=<null>,volumesFrom=<null>,pidMode=<null>,securityOpts=<null>,cgroupParent=<null>,volumeDriver=<null>,shmSize=<null>],labels=<null>,networkingConfig=<null>,ipv4Address=<null>,ipv6Address=<null>,aliases=<null>,execution=com.github.dockerjava.jaxrs.CreateContainerCmdExec@3d373366]
02:20:42.603 [Test worker] DEBUG o.a.h.c.protocol.RequestAddCookies - CookieSpec selected: default
02:20:42.603 [Test worker] DEBUG o.a.h.c.protocol.RequestAuthCache - Auth cache not set in the context
02:20:42.603 [Test worker] DEBUG c.g.d.j.JerseyDockerCmdExecFactory$1 - Connection request: [route: {s}->https://Thesis:2376][total kept alive: 1; route allocated: 1 of 2; total allocated: 1 of 20]
02:20:42.603 [Test worker] DEBUG c.g.d.j.JerseyDockerCmdExecFactory$1 - Connection leased: [id: 41][route: {s}->https://Thesis:2376][total kept alive: 1; route allocated: 2 of 2; total allocated: 2 of 20]
02:20:42.604 [Test worker] DEBUG o.a.h.impl.execchain.MainClientExec - Opening connection {s}->https://Thesis:2376
02:20:42.604 [Test worker] DEBUG o.a.h.i.c.DefaultHttpClientConnectionOperator - Connecting to Thesis/127.0.1.1:2376
02:20:42.604 [Test worker] DEBUG o.a.h.c.s.SSLConnectionSocketFactory - Connecting socket to Thesis/127.0.1.1:2376 with timeout 0
02:20:42.605 [Test worker] DEBUG o.a.h.c.s.SSLConnectionSocketFactory - Enabled protocols: [TLSv1]
02:20:42.605 [Test worker] DEBUG o.a.h.c.s.SSLConnectionSocketFactory - Enabled cipher suites:[TLS_ECDHE_ECDSA_WITH_AES_128_CBC_SHA, TLS_ECDHE_RSA_WITH_AES_128_CBC_SHA, TLS_RSA_WITH_AES_128_CBC_SHA, TLS_ECDH_ECDSA_WITH_AES_128_CBC_SHA, TLS_ECDH_RSA_WITH_AES_128_CBC_SHA, TLS_DHE_RSA_WITH_AES_128_CBC_SHA, TLS_DHE_DSS_WITH_AES_128_CBC_SHA, TLS_ECDHE_ECDSA_WITH_3DES_EDE_CBC_SHA, TLS_ECDHE_RSA_WITH_3DES_EDE_CBC_SHA, SSL_RSA_WITH_3DES_EDE_CBC_SHA, TLS_ECDH_ECDSA_WITH_3DES_EDE_CBC_SHA, TLS_ECDH_RSA_WITH_3DES_EDE_CBC_SHA, SSL_DHE_RSA_WITH_3DES_EDE_CBC_SHA, SSL_DHE_DSS_WITH_3DES_EDE_CBC_SHA, TLS_ECDHE_ECDSA_WITH_RC4_128_SHA, TLS_ECDHE_RSA_WITH_RC4_128_SHA, SSL_RSA_WITH_RC4_128_SHA, TLS_ECDH_ECDSA_WITH_RC4_128_SHA, TLS_ECDH_RSA_WITH_RC4_128_SHA, SSL_RSA_WITH_RC4_128_MD5, TLS_EMPTY_RENEGOTIATION_INFO_SCSV]
02:20:42.605 [Test worker] DEBUG o.a.h.c.s.SSLConnectionSocketFactory - Starting handshake
02:20:42.680 [Test worker] DEBUG o.a.h.c.s.SSLConnectionSocketFactory - Secure session established
02:20:42.681 [Test worker] DEBUG o.a.h.c.s.SSLConnectionSocketFactory -  negotiated protocol: TLSv1
02:20:42.681 [Test worker] DEBUG o.a.h.c.s.SSLConnectionSocketFactory -  negotiated cipher suite: TLS_ECDHE_RSA_WITH_AES_128_CBC_SHA
02:20:42.681 [Test worker] DEBUG o.a.h.c.s.SSLConnectionSocketFactory -  peer principal: CN=Thesis
02:20:42.681 [Test worker] DEBUG o.a.h.c.s.SSLConnectionSocketFactory -  issuer principal: EMAILADDRESS=sha@yamil.com, CN=Thesis, OU=Open, O=Fra, L=BER, ST=BER, C=DE
02:20:42.682 [Test worker] DEBUG o.a.h.i.c.DefaultHttpClientConnectionOperator - Connection established 127.0.0.1:40958<->127.0.1.1:2376
02:20:42.683 [Test worker] DEBUG o.a.h.impl.execchain.MainClientExec - Executing request POST /containers/create?name=MyContainer HTTP/1.1
02:20:42.683 [Test worker] DEBUG o.a.h.impl.execchain.MainClientExec - Target auth state: UNCHALLENGED
02:20:42.683 [Test worker] DEBUG o.a.h.impl.execchain.MainClientExec - Proxy auth state: UNCHALLENGED
02:20:42.683 [Test worker] DEBUG org.apache.http.headers - http-outgoing-41 >> POST /containers/create?name=MyContainer HTTP/1.1
02:20:42.684 [Test worker] DEBUG org.apache.http.headers - http-outgoing-41 >> Accept: application/json
02:20:42.684 [Test worker] DEBUG org.apache.http.headers - http-outgoing-41 >> Content-Type: application/json
02:20:42.684 [Test worker] DEBUG org.apache.http.headers - http-outgoing-41 >> User-Agent: Jersey/2.23.1 (Apache HttpClient 4.5.1)
02:20:42.684 [Test worker] DEBUG org.apache.http.headers - http-outgoing-41 >> Transfer-Encoding: chunked
02:20:42.689 [Test worker] DEBUG org.apache.http.headers - http-outgoing-41 >> Host: Thesis:2376
02:20:42.689 [Test worker] DEBUG org.apache.http.headers - http-outgoing-41 >> Connection: Keep-Alive
02:20:42.689 [Test worker] DEBUG org.apache.http.headers - http-outgoing-41 >> Accept-Encoding: gzip,deflate
02:20:42.711 [Test worker] DEBUG c.g.d.j.JerseyDockerCmdExecFactory - 13 * Sending client request on thread Test worker
13 > POST https://Thesis:2376/containers/create?name=MyContainer
13 > Accept: application/json
13 > Content-Type: application/json
{"name":"MyContainer","Hostname":"MyContainer","Env":["port=8080","TERM=xterm"],"Cmd":["sleep","99999"],"Image":"ubuntu:14.04","Volumes":{},"ExposedPorts":{"8084/tcp":{}},"HostConfig":{"PortBindings":{"8084/tcp":[{"HostIp":"","HostPort":"8084"}]}}}

02:20:42.712 [Test worker] DEBUG org.apache.http.wire - http-outgoing-41 >> "POST /containers/create?name=MyContainer HTTP/1.1[\r][\n]"
02:20:42.712 [Test worker] DEBUG org.apache.http.wire - http-outgoing-41 >> "Accept: application/json[\r][\n]"
02:20:42.712 [Test worker] DEBUG org.apache.http.wire - http-outgoing-41 >> "Content-Type: application/json[\r][\n]"
02:20:42.713 [Test worker] DEBUG org.apache.http.wire - http-outgoing-41 >> "User-Agent: Jersey/2.23.1 (Apache HttpClient 4.5.1)[\r][\n]"
02:20:42.713 [Test worker] DEBUG org.apache.http.wire - http-outgoing-41 >> "Transfer-Encoding: chunked[\r][\n]"
02:20:42.713 [Test worker] DEBUG org.apache.http.wire - http-outgoing-41 >> "Host: Thesis:2376[\r][\n]"
02:20:42.713 [Test worker] DEBUG org.apache.http.wire - http-outgoing-41 >> "Connection: Keep-Alive[\r][\n]"
02:20:42.713 [Test worker] DEBUG org.apache.http.wire - http-outgoing-41 >> "Accept-Encoding: gzip,deflate[\r][\n]"
02:20:42.713 [Test worker] DEBUG org.apache.http.wire - http-outgoing-41 >> "[\r][\n]"
02:20:42.713 [Test worker] DEBUG org.apache.http.wire - http-outgoing-41 >> "f8[\r][\n]"
02:20:42.714 [Test worker] DEBUG org.apache.http.wire - http-outgoing-41 >> "{"name":"MyContainer","Hostname":"MyContainer","Env":["port=8080","TERM=xterm"],"Cmd":["sleep","99999"],"Image":"ubuntu:14.04","Volumes":{},"ExposedPorts":{"8084/tcp":{}},"HostConfig":{"PortBindings":{"8084/tcp":[{"HostIp":"","HostPort":"8084"}]}}}[\r][\n]"
02:20:42.714 [Test worker] DEBUG org.apache.http.wire - http-outgoing-41 >> "0[\r][\n]"
02:20:42.714 [Test worker] DEBUG org.apache.http.wire - http-outgoing-41 >> "[\r][\n]"
02:20:42.736 [Test worker] DEBUG org.apache.http.wire - http-outgoing-41 << "H"
02:20:42.736 [Test worker] DEBUG org.apache.http.wire - http-outgoing-41 << "TTP/1.1 201 Created[\r][\n]"
02:20:42.736 [Test worker] DEBUG org.apache.http.wire - http-outgoing-41 << "Content-Type: application/json[\r][\n]"
02:20:42.736 [Test worker] DEBUG org.apache.http.wire - http-outgoing-41 << "Server: Docker/1.12.3 (linux)[\r][\n]"
02:20:42.737 [Test worker] DEBUG org.apache.http.wire - http-outgoing-41 << "Date: Tue, 03 Jan 2017 01:20:42 GMT[\r][\n]"
02:20:42.737 [Test worker] DEBUG org.apache.http.wire - http-outgoing-41 << "Content-Length: 90[\r][\n]"
02:20:42.737 [Test worker] DEBUG org.apache.http.wire - http-outgoing-41 << "[\r][\n]"
02:20:42.737 [Test worker] DEBUG org.apache.http.wire - http-outgoing-41 << "{"Id":"86a1b2f42ac713701a7972ec7caf9f1a88bf516f01868c0278b930247f8ac95b","Warnings":null}[\n]"
02:20:42.737 [Test worker] DEBUG org.apache.http.headers - http-outgoing-41 << HTTP/1.1 201 Created
02:20:42.740 [Test worker] DEBUG org.apache.http.headers - http-outgoing-41 << Content-Type: application/json
02:20:42.741 [Test worker] DEBUG org.apache.http.headers - http-outgoing-41 << Server: Docker/1.12.3 (linux)
02:20:42.741 [Test worker] DEBUG org.apache.http.headers - http-outgoing-41 << Date: Tue, 03 Jan 2017 01:20:42 GMT
02:20:42.741 [Test worker] DEBUG org.apache.http.headers - http-outgoing-41 << Content-Length: 90
02:20:42.741 [Test worker] DEBUG o.a.h.impl.execchain.MainClientExec - Connection can be kept alive indefinitely
02:20:42.742 [Test worker] DEBUG c.g.d.j.JerseyDockerCmdExecFactory - 14 * Client response received on thread Test worker
14 < 201
14 < Content-Length: 90
14 < Content-Type: application/json
14 < Date: Tue, 03 Jan 2017 01:20:42 GMT
14 < Server: Docker/1.12.3 (linux)
{"Id":"86a1b2f42ac713701a7972ec7caf9f1a88bf516f01868c0278b930247f8ac95b","Warnings":null}


02:20:42.744 [Test worker] DEBUG o.a.h.i.c.DefaultManagedHttpClientConnection - http-outgoing-41: Close connection
02:20:42.744 [Test worker] DEBUG o.a.h.impl.execchain.MainClientExec - Connection discarded
02:20:42.744 [Test worker] DEBUG c.g.d.j.JerseyDockerCmdExecFactory$1 - Connection released: [id: 41][route: {s}->https://Thesis:2376][total kept alive: 1; route allocated: 1 of 2; total allocated: 1 of 20]
02:20:42.744 [Test worker] DEBUG org.openbaton.docker.DockerVim - Instance created successfully
02:20:42.744 [Test worker] DEBUG c.g.d.core.command.AbstrDockerCmd - Cmd: 86a1b2f42ac713701a7972ec7caf9f1a88bf516f01868c0278b930247f8ac95b,com.github.dockerjava.jaxrs.StartContainerCmdExec@1ae91dff
02:20:42.749 [Test worker] DEBUG c.g.d.j.JerseyDockerCmdExecFactory - 15 * Sending client request on thread Test worker
15 > POST https://Thesis:2376/containers/86a1b2f42ac713701a7972ec7caf9f1a88bf516f01868c0278b930247f8ac95b/start
15 > Accept: application/json

02:20:42.750 [Test worker] DEBUG o.a.h.c.protocol.RequestAddCookies - CookieSpec selected: default
02:20:42.752 [Test worker] DEBUG o.a.h.c.protocol.RequestAuthCache - Auth cache not set in the context
02:20:42.752 [Test worker] DEBUG c.g.d.j.JerseyDockerCmdExecFactory$1 - Connection request: [route: {s}->https://Thesis:2376][total kept alive: 1; route allocated: 1 of 2; total allocated: 1 of 20]
02:20:42.753 [Test worker] DEBUG c.g.d.j.JerseyDockerCmdExecFactory$1 - Connection leased: [id: 42][route: {s}->https://Thesis:2376][total kept alive: 1; route allocated: 2 of 2; total allocated: 2 of 20]
02:20:42.753 [Test worker] DEBUG o.a.h.impl.execchain.MainClientExec - Opening connection {s}->https://Thesis:2376
02:20:42.753 [Test worker] DEBUG o.a.h.i.c.DefaultHttpClientConnectionOperator - Connecting to Thesis/127.0.1.1:2376
02:20:42.753 [Test worker] DEBUG o.a.h.c.s.SSLConnectionSocketFactory - Connecting socket to Thesis/127.0.1.1:2376 with timeout 0
02:20:42.761 [Test worker] DEBUG o.a.h.c.s.SSLConnectionSocketFactory - Enabled protocols: [TLSv1]
02:20:42.762 [Test worker] DEBUG o.a.h.c.s.SSLConnectionSocketFactory - Enabled cipher suites:[TLS_ECDHE_ECDSA_WITH_AES_128_CBC_SHA, TLS_ECDHE_RSA_WITH_AES_128_CBC_SHA, TLS_RSA_WITH_AES_128_CBC_SHA, TLS_ECDH_ECDSA_WITH_AES_128_CBC_SHA, TLS_ECDH_RSA_WITH_AES_128_CBC_SHA, TLS_DHE_RSA_WITH_AES_128_CBC_SHA, TLS_DHE_DSS_WITH_AES_128_CBC_SHA, TLS_ECDHE_ECDSA_WITH_3DES_EDE_CBC_SHA, TLS_ECDHE_RSA_WITH_3DES_EDE_CBC_SHA, SSL_RSA_WITH_3DES_EDE_CBC_SHA, TLS_ECDH_ECDSA_WITH_3DES_EDE_CBC_SHA, TLS_ECDH_RSA_WITH_3DES_EDE_CBC_SHA, SSL_DHE_RSA_WITH_3DES_EDE_CBC_SHA, SSL_DHE_DSS_WITH_3DES_EDE_CBC_SHA, TLS_ECDHE_ECDSA_WITH_RC4_128_SHA, TLS_ECDHE_RSA_WITH_RC4_128_SHA, SSL_RSA_WITH_RC4_128_SHA, TLS_ECDH_ECDSA_WITH_RC4_128_SHA, TLS_ECDH_RSA_WITH_RC4_128_SHA, SSL_RSA_WITH_RC4_128_MD5, TLS_EMPTY_RENEGOTIATION_INFO_SCSV]
02:20:42.762 [Test worker] DEBUG o.a.h.c.s.SSLConnectionSocketFactory - Starting handshake
02:20:42.827 [Test worker] DEBUG o.a.h.c.s.SSLConnectionSocketFactory - Secure session established
02:20:42.827 [Test worker] DEBUG o.a.h.c.s.SSLConnectionSocketFactory -  negotiated protocol: TLSv1
02:20:42.827 [Test worker] DEBUG o.a.h.c.s.SSLConnectionSocketFactory -  negotiated cipher suite: TLS_ECDHE_RSA_WITH_AES_128_CBC_SHA
02:20:42.827 [Test worker] DEBUG o.a.h.c.s.SSLConnectionSocketFactory -  peer principal: CN=Thesis
02:20:42.827 [Test worker] DEBUG o.a.h.c.s.SSLConnectionSocketFactory -  issuer principal: EMAILADDRESS=sha@yamil.com, CN=Thesis, OU=Open, O=Fra, L=BER, ST=BER, C=DE
02:20:42.828 [Test worker] DEBUG o.a.h.i.c.DefaultHttpClientConnectionOperator - Connection established 127.0.0.1:40960<->127.0.1.1:2376
02:20:42.828 [Test worker] DEBUG o.a.h.impl.execchain.MainClientExec - Executing request POST /containers/86a1b2f42ac713701a7972ec7caf9f1a88bf516f01868c0278b930247f8ac95b/start HTTP/1.1
02:20:42.828 [Test worker] DEBUG o.a.h.impl.execchain.MainClientExec - Target auth state: UNCHALLENGED
02:20:42.828 [Test worker] DEBUG o.a.h.impl.execchain.MainClientExec - Proxy auth state: UNCHALLENGED
02:20:42.828 [Test worker] DEBUG org.apache.http.headers - http-outgoing-42 >> POST /containers/86a1b2f42ac713701a7972ec7caf9f1a88bf516f01868c0278b930247f8ac95b/start HTTP/1.1
02:20:42.829 [Test worker] DEBUG org.apache.http.headers - http-outgoing-42 >> Accept: application/json
02:20:42.829 [Test worker] DEBUG org.apache.http.headers - http-outgoing-42 >> User-Agent: Jersey/2.23.1 (Apache HttpClient 4.5.1)
02:20:42.829 [Test worker] DEBUG org.apache.http.headers - http-outgoing-42 >> Host: Thesis:2376
02:20:42.829 [Test worker] DEBUG org.apache.http.headers - http-outgoing-42 >> Connection: Keep-Alive
02:20:42.829 [Test worker] DEBUG org.apache.http.headers - http-outgoing-42 >> Accept-Encoding: gzip,deflate
02:20:42.829 [Test worker] DEBUG org.apache.http.wire - http-outgoing-42 >> "POST /containers/86a1b2f42ac713701a7972ec7caf9f1a88bf516f01868c0278b930247f8ac95b/start HTTP/1.1[\r][\n]"
02:20:42.830 [Test worker] DEBUG org.apache.http.wire - http-outgoing-42 >> "Accept: application/json[\r][\n]"
02:20:42.830 [Test worker] DEBUG org.apache.http.wire - http-outgoing-42 >> "User-Agent: Jersey/2.23.1 (Apache HttpClient 4.5.1)[\r][\n]"
02:20:42.830 [Test worker] DEBUG org.apache.http.wire - http-outgoing-42 >> "Host: Thesis:2376[\r][\n]"
02:20:42.830 [Test worker] DEBUG org.apache.http.wire - http-outgoing-42 >> "Connection: Keep-Alive[\r][\n]"
02:20:42.830 [Test worker] DEBUG org.apache.http.wire - http-outgoing-42 >> "Accept-Encoding: gzip,deflate[\r][\n]"
02:20:42.831 [Test worker] DEBUG org.apache.http.wire - http-outgoing-42 >> "[\r][\n]"
02:20:42.992 [Test worker] DEBUG org.apache.http.wire - http-outgoing-42 << "H"
02:20:42.993 [Test worker] DEBUG org.apache.http.wire - http-outgoing-42 << "TTP/1.1 204 No Content[\r][\n]"
02:20:42.993 [Test worker] DEBUG org.apache.http.wire - http-outgoing-42 << "Server: Docker/1.12.3 (linux)[\r][\n]"
02:20:42.993 [Test worker] DEBUG org.apache.http.wire - http-outgoing-42 << "Date: Tue, 03 Jan 2017 01:20:42 GMT[\r][\n]"
02:20:42.993 [Test worker] DEBUG org.apache.http.wire - http-outgoing-42 << "[\r][\n]"
02:20:42.993 [Test worker] DEBUG org.apache.http.headers - http-outgoing-42 << HTTP/1.1 204 No Content
02:20:42.993 [Test worker] DEBUG org.apache.http.headers - http-outgoing-42 << Server: Docker/1.12.3 (linux)
02:20:42.993 [Test worker] DEBUG org.apache.http.headers - http-outgoing-42 << Date: Tue, 03 Jan 2017 01:20:42 GMT
02:20:42.993 [Test worker] DEBUG o.a.h.impl.execchain.MainClientExec - Connection can be kept alive indefinitely
02:20:42.993 [Test worker] DEBUG c.g.d.j.JerseyDockerCmdExecFactory$1 - Connection [id: 42][route: {s}->https://Thesis:2376][state: CN=Thesis] can be kept alive indefinitely
02:20:42.993 [Test worker] DEBUG c.g.d.j.JerseyDockerCmdExecFactory$1 - Connection released: [id: 42][route: {s}->https://Thesis:2376][state: CN=Thesis][total kept alive: 2; route allocated: 2 of 2; total allocated: 2 of 20]
02:20:42.994 [Test worker] DEBUG c.g.d.j.JerseyDockerCmdExecFactory - 16 * Client response received on thread Test worker
16 < 204
16 < Date: Tue, 03 Jan 2017 01:20:42 GMT
16 < Server: Docker/1.12.3 (linux)

02:20:42.994 [Test worker] DEBUG c.g.d.core.command.AbstrDockerCmd - Cmd: ListImagesCmdImpl[imageNameFilter=<null>,showAll=true,filters=com.github.dockerjava.core.util.FiltersBuilder@0,execution=com.github.dockerjava.jaxrs.ListImagesCmdExec@3ebe0a6a]
02:20:42.994 [Test worker] DEBUG c.g.d.j.JerseyDockerCmdExecFactory - 17 * Sending client request on thread Test worker
17 > GET https://Thesis:2376/images/json?all=true
17 > Accept: application/json

02:20:42.995 [Test worker] DEBUG o.a.h.c.protocol.RequestAddCookies - CookieSpec selected: default
02:20:42.995 [Test worker] DEBUG o.a.h.c.protocol.RequestAuthCache - Auth cache not set in the context
02:20:42.995 [Test worker] DEBUG c.g.d.j.JerseyDockerCmdExecFactory$1 - Connection request: [route: {s}->https://Thesis:2376][total kept alive: 2; route allocated: 2 of 2; total allocated: 2 of 20]
02:20:42.995 [Test worker] DEBUG o.a.h.i.c.DefaultManagedHttpClientConnection - http-outgoing-35: Close connection
02:20:42.995 [Test worker] DEBUG c.g.d.j.JerseyDockerCmdExecFactory$1 - Connection leased: [id: 43][route: {s}->https://Thesis:2376][total kept alive: 1; route allocated: 2 of 2; total allocated: 2 of 20]
02:20:42.995 [Test worker] DEBUG o.a.h.impl.execchain.MainClientExec - Opening connection {s}->https://Thesis:2376
02:20:42.995 [Test worker] DEBUG o.a.h.i.c.DefaultHttpClientConnectionOperator - Connecting to Thesis/127.0.1.1:2376
02:20:42.995 [Test worker] DEBUG o.a.h.c.s.SSLConnectionSocketFactory - Connecting socket to Thesis/127.0.1.1:2376 with timeout 0
02:20:42.997 [Test worker] DEBUG o.a.h.c.s.SSLConnectionSocketFactory - Enabled protocols: [TLSv1]
02:20:42.998 [Test worker] DEBUG o.a.h.c.s.SSLConnectionSocketFactory - Enabled cipher suites:[TLS_ECDHE_ECDSA_WITH_AES_128_CBC_SHA, TLS_ECDHE_RSA_WITH_AES_128_CBC_SHA, TLS_RSA_WITH_AES_128_CBC_SHA, TLS_ECDH_ECDSA_WITH_AES_128_CBC_SHA, TLS_ECDH_RSA_WITH_AES_128_CBC_SHA, TLS_DHE_RSA_WITH_AES_128_CBC_SHA, TLS_DHE_DSS_WITH_AES_128_CBC_SHA, TLS_ECDHE_ECDSA_WITH_3DES_EDE_CBC_SHA, TLS_ECDHE_RSA_WITH_3DES_EDE_CBC_SHA, SSL_RSA_WITH_3DES_EDE_CBC_SHA, TLS_ECDH_ECDSA_WITH_3DES_EDE_CBC_SHA, TLS_ECDH_RSA_WITH_3DES_EDE_CBC_SHA, SSL_DHE_RSA_WITH_3DES_EDE_CBC_SHA, SSL_DHE_DSS_WITH_3DES_EDE_CBC_SHA, TLS_ECDHE_ECDSA_WITH_RC4_128_SHA, TLS_ECDHE_RSA_WITH_RC4_128_SHA, SSL_RSA_WITH_RC4_128_SHA, TLS_ECDH_ECDSA_WITH_RC4_128_SHA, TLS_ECDH_RSA_WITH_RC4_128_SHA, SSL_RSA_WITH_RC4_128_MD5, TLS_EMPTY_RENEGOTIATION_INFO_SCSV]
02:20:42.998 [Test worker] DEBUG o.a.h.c.s.SSLConnectionSocketFactory - Starting handshake
02:20:43.061 [Test worker] DEBUG o.a.h.c.s.SSLConnectionSocketFactory - Secure session established
02:20:43.061 [Test worker] DEBUG o.a.h.c.s.SSLConnectionSocketFactory -  negotiated protocol: TLSv1
02:20:43.062 [Test worker] DEBUG o.a.h.c.s.SSLConnectionSocketFactory -  negotiated cipher suite: TLS_ECDHE_RSA_WITH_AES_128_CBC_SHA
02:20:43.062 [Test worker] DEBUG o.a.h.c.s.SSLConnectionSocketFactory -  peer principal: CN=Thesis
02:20:43.062 [Test worker] DEBUG o.a.h.c.s.SSLConnectionSocketFactory -  issuer principal: EMAILADDRESS=sha@yamil.com, CN=Thesis, OU=Open, O=Fra, L=BER, ST=BER, C=DE
02:20:43.062 [Test worker] DEBUG o.a.h.i.c.DefaultHttpClientConnectionOperator - Connection established 127.0.0.1:40962<->127.0.1.1:2376
02:20:43.062 [Test worker] DEBUG o.a.h.impl.execchain.MainClientExec - Executing request GET /images/json?all=true HTTP/1.1
02:20:43.062 [Test worker] DEBUG o.a.h.impl.execchain.MainClientExec - Target auth state: UNCHALLENGED
02:20:43.063 [Test worker] DEBUG o.a.h.impl.execchain.MainClientExec - Proxy auth state: UNCHALLENGED
02:20:43.063 [Test worker] DEBUG org.apache.http.headers - http-outgoing-43 >> GET /images/json?all=true HTTP/1.1
02:20:43.063 [Test worker] DEBUG org.apache.http.headers - http-outgoing-43 >> Accept: application/json
02:20:43.063 [Test worker] DEBUG org.apache.http.headers - http-outgoing-43 >> User-Agent: Jersey/2.23.1 (Apache HttpClient 4.5.1)
02:20:43.063 [Test worker] DEBUG org.apache.http.headers - http-outgoing-43 >> Host: Thesis:2376
02:20:43.063 [Test worker] DEBUG org.apache.http.headers - http-outgoing-43 >> Connection: Keep-Alive
02:20:43.063 [Test worker] DEBUG org.apache.http.headers - http-outgoing-43 >> Accept-Encoding: gzip,deflate
02:20:43.064 [Test worker] DEBUG org.apache.http.wire - http-outgoing-43 >> "GET /images/json?all=true HTTP/1.1[\r][\n]"
02:20:43.064 [Test worker] DEBUG org.apache.http.wire - http-outgoing-43 >> "Accept: application/json[\r][\n]"
02:20:43.064 [Test worker] DEBUG org.apache.http.wire - http-outgoing-43 >> "User-Agent: Jersey/2.23.1 (Apache HttpClient 4.5.1)[\r][\n]"
02:20:43.064 [Test worker] DEBUG org.apache.http.wire - http-outgoing-43 >> "Host: Thesis:2376[\r][\n]"
02:20:43.064 [Test worker] DEBUG org.apache.http.wire - http-outgoing-43 >> "Connection: Keep-Alive[\r][\n]"
02:20:43.064 [Test worker] DEBUG org.apache.http.wire - http-outgoing-43 >> "Accept-Encoding: gzip,deflate[\r][\n]"
02:20:43.064 [Test worker] DEBUG org.apache.http.wire - http-outgoing-43 >> "[\r][\n]"
02:20:43.066 [Test worker] DEBUG org.apache.http.wire - http-outgoing-43 << "H"
02:20:43.066 [Test worker] DEBUG org.apache.http.wire - http-outgoing-43 << "TTP/1.1 200 OK[\r][\n]"
02:20:43.066 [Test worker] DEBUG org.apache.http.wire - http-outgoing-43 << "Content-Type: application/json[\r][\n]"
02:20:43.066 [Test worker] DEBUG org.apache.http.wire - http-outgoing-43 << "Server: Docker/1.12.3 (linux)[\r][\n]"
02:20:43.066 [Test worker] DEBUG org.apache.http.wire - http-outgoing-43 << "Date: Tue, 03 Jan 2017 01:20:43 GMT[\r][\n]"
02:20:43.066 [Test worker] DEBUG org.apache.http.wire - http-outgoing-43 << "Content-Length: 1195[\r][\n]"
02:20:43.067 [Test worker] DEBUG org.apache.http.wire - http-outgoing-43 << "[\r][\n]"
02:20:43.067 [Test worker] DEBUG org.apache.http.wire - http-outgoing-43 << "[{"Id":"sha256:4ca3a192ff2a5b7e225e81dc006b6379c10776ed3619757a65608cb72de0a7f6","ParentId":"","RepoTags":["ubuntu:latest"],"RepoDigests":["ubuntu@sha256:3b64c309deae7ab0f7dbdd42b6b326261ccd6261da5d88396439353162703fb5"],"Created":1480449877,"Size":128206574,"VirtualSize":128206574,"Labels":{}},{"Id":"sha256:aae2b63c49461fcae4962e4a8043f66acf8e3af7e62f5ebceb70b181d8ca01e0","ParentId":"","RepoTags":["ubuntu:14.04"],"RepoDigests":["ubuntu@sha256:edb984703bd3e8981ff541a5b9297ca1b81fde6e6e8094d86e390a38ebc30b4d"],"Created":1480449856,"Size":187952254,"VirtualSize":187952254,"Labels":{}},{"Id":"sha256:e02e811dd08fd49e7f6032625495118e63f597eb150403d02e3238af1df240ba","ParentId":"","RepoTags":["busybox:latest"],"RepoDigests":["busybox@sha256:29f5d56d12684887bdfa50dcd29fc31eea4aaf4ad3bec43daf19026a7ce69912"],"Created":1475874238,"Size":1093484,"VirtualSize":1093484,"Labels":{}},{"Id":"sha256:d654de4499473ed41349b54a988b6f46a7fc92e3fa2d61e102bf2660a0116e25","ParentId":"","RepoTags":["sakib37/iperf3:latest"],"RepoDigests":["sakib37/iperf3@sha256:8d80a810f8f508c074b14d02555f20110eac382c8dbda7252075392983629d40"],"Created":1474907599,"Size":199456654,"VirtualSize":199456654,"Labels":{}}][\n]"
02:20:43.067 [Test worker] DEBUG org.apache.http.headers - http-outgoing-43 << HTTP/1.1 200 OK
02:20:43.067 [Test worker] DEBUG org.apache.http.headers - http-outgoing-43 << Content-Type: application/json
02:20:43.067 [Test worker] DEBUG org.apache.http.headers - http-outgoing-43 << Server: Docker/1.12.3 (linux)
02:20:43.067 [Test worker] DEBUG org.apache.http.headers - http-outgoing-43 << Date: Tue, 03 Jan 2017 01:20:43 GMT
02:20:43.068 [Test worker] DEBUG org.apache.http.headers - http-outgoing-43 << Content-Length: 1195
02:20:43.068 [Test worker] DEBUG o.a.h.impl.execchain.MainClientExec - Connection can be kept alive indefinitely
02:20:43.068 [Test worker] DEBUG c.g.d.j.JerseyDockerCmdExecFactory - 18 * Client response received on thread Test worker
18 < 200
18 < Content-Length: 1195
18 < Content-Type: application/json
18 < Date: Tue, 03 Jan 2017 01:20:43 GMT
18 < Server: Docker/1.12.3 (linux)
[{"Id":"sha256:4ca3a192ff2a5b7e225e81dc006b6379c10776ed3619757a65608cb72de0a7f6","ParentId":"","RepoTags":["ubuntu:latest"],"RepoDigests":["ubuntu@sha256:3b64c309deae7ab0f7dbdd42b6b326261ccd6261da5d88396439353162703fb5"],"Created":1480449877,"Size":128206574,"VirtualSize":128206574,"Labels":{}},{"Id":"sha256:aae2b63c49461fcae4962e4a8043f66acf8e3af7e62f5ebceb70b181d8ca01e0","ParentId":"","RepoTags":["ubuntu:14.04"],"RepoDigests":["ubuntu@sha256:edb984703bd3e8981ff541a5b9297ca1b81fde6e6e8094d86e390a38ebc30b4d"],"Created":1480449856,"Size":187952254,"VirtualSize":187952254,"Labels":{}},{"Id":"sha256:e02e811dd08fd49e7f6032625495118e63f597eb150403d02e3238af1df240ba","ParentId":"","RepoTags":["busybox:latest"],"RepoDigests":["busybox@sha256:29f5d56d12684887bdfa50dcd29fc31eea4aaf4ad3bec43daf19026a7ce69912"],"Created":1475874238,"Size":1093484,"VirtualSize":1093484,"Labels":{}},{"Id":"sha256:d654de4499473ed41349b54a988b6f46a7fc92e3fa2d61e102bf2660a0116e25","ParentId":"","RepoTags":["sakib37/iperf3:latest"],"RepoDigests":["sakib37/iperf3@sha256:8d80a810f8f508c074b14d02555f20110eac382c8dbda7252075392983629d40"],"Created":1474907599,"Size":199456654,"VirtualSize":199456654,"Labels":{}}]


02:20:43.070 [Test worker] DEBUG o.a.h.i.c.DefaultManagedHttpClientConnection - http-outgoing-43: Close connection
02:20:43.070 [Test worker] DEBUG o.a.h.impl.execchain.MainClientExec - Connection discarded
02:20:43.071 [Test worker] DEBUG c.g.d.j.JerseyDockerCmdExecFactory$1 - Connection released: [id: 43][route: {s}->https://Thesis:2376][total kept alive: 1; route allocated: 1 of 2; total allocated: 1 of 20]
02:20:43.071 [Test worker] DEBUG org.openbaton.docker.DockerVim - Found a docker image, transformed into a NFV Image Image{id='sha256:aae2b63c49461fcae4962e4a8043f66acf8e3af7e62f5ebceb70b181d8ca01e0', name='ubuntu:14.04', version=0, extId='null', minRam='0', minDiskSpace='0', minCPU='null', public='true', diskFormat='null', containerFormat='docker', created='Sun Jan 18 04:14:09 CET 1970', updated='null'}
02:20:43.072 [Test worker] DEBUG c.g.d.core.command.AbstrDockerCmd - Cmd: 6c4c3e3ab127fe71eb651c7e60dfc097c25aeec99dbcdb7524934257d40d617f,86a1b2f42ac713701a7972ec7caf9f1a88bf516f01868c0278b930247f8ac95b,com.github.dockerjava.api.model.ContainerNetwork@4554a2b2[ipamConfig=com.github.dockerjava.api.model.ContainerNetwork$Ipam@378577ad,links=<null>,aliases=<null>,networkID=<null>,endpointId=<null>,gateway=<null>,ipAddress=<null>,ipPrefixLen=<null>,ipV6Gateway=<null>,globalIPv6Address=<null>,globalIPv6PrefixLen=<null>,macAddress=<null>],com.github.dockerjava.jaxrs.ConnectToNetworkCmdExec@1b741b55
02:20:43.076 [Test worker] DEBUG o.a.h.c.protocol.RequestAddCookies - CookieSpec selected: default
02:20:43.076 [Test worker] DEBUG o.a.h.c.protocol.RequestAuthCache - Auth cache not set in the context
02:20:43.076 [Test worker] DEBUG c.g.d.j.JerseyDockerCmdExecFactory$1 - Connection request: [route: {s}->https://Thesis:2376][total kept alive: 1; route allocated: 1 of 2; total allocated: 1 of 20]
02:20:43.076 [Test worker] DEBUG c.g.d.j.JerseyDockerCmdExecFactory$1 - Connection leased: [id: 44][route: {s}->https://Thesis:2376][total kept alive: 1; route allocated: 2 of 2; total allocated: 2 of 20]
02:20:43.076 [Test worker] DEBUG o.a.h.impl.execchain.MainClientExec - Opening connection {s}->https://Thesis:2376
02:20:43.077 [Test worker] DEBUG o.a.h.i.c.DefaultHttpClientConnectionOperator - Connecting to Thesis/127.0.1.1:2376
02:20:43.077 [Test worker] DEBUG o.a.h.c.s.SSLConnectionSocketFactory - Connecting socket to Thesis/127.0.1.1:2376 with timeout 0
02:20:43.078 [Test worker] DEBUG o.a.h.c.s.SSLConnectionSocketFactory - Enabled protocols: [TLSv1]
02:20:43.078 [Test worker] DEBUG o.a.h.c.s.SSLConnectionSocketFactory - Enabled cipher suites:[TLS_ECDHE_ECDSA_WITH_AES_128_CBC_SHA, TLS_ECDHE_RSA_WITH_AES_128_CBC_SHA, TLS_RSA_WITH_AES_128_CBC_SHA, TLS_ECDH_ECDSA_WITH_AES_128_CBC_SHA, TLS_ECDH_RSA_WITH_AES_128_CBC_SHA, TLS_DHE_RSA_WITH_AES_128_CBC_SHA, TLS_DHE_DSS_WITH_AES_128_CBC_SHA, TLS_ECDHE_ECDSA_WITH_3DES_EDE_CBC_SHA, TLS_ECDHE_RSA_WITH_3DES_EDE_CBC_SHA, SSL_RSA_WITH_3DES_EDE_CBC_SHA, TLS_ECDH_ECDSA_WITH_3DES_EDE_CBC_SHA, TLS_ECDH_RSA_WITH_3DES_EDE_CBC_SHA, SSL_DHE_RSA_WITH_3DES_EDE_CBC_SHA, SSL_DHE_DSS_WITH_3DES_EDE_CBC_SHA, TLS_ECDHE_ECDSA_WITH_RC4_128_SHA, TLS_ECDHE_RSA_WITH_RC4_128_SHA, SSL_RSA_WITH_RC4_128_SHA, TLS_ECDH_ECDSA_WITH_RC4_128_SHA, TLS_ECDH_RSA_WITH_RC4_128_SHA, SSL_RSA_WITH_RC4_128_MD5, TLS_EMPTY_RENEGOTIATION_INFO_SCSV]
02:20:43.078 [Test worker] DEBUG o.a.h.c.s.SSLConnectionSocketFactory - Starting handshake
02:20:43.137 [Test worker] DEBUG o.a.h.c.s.SSLConnectionSocketFactory - Secure session established
02:20:43.137 [Test worker] DEBUG o.a.h.c.s.SSLConnectionSocketFactory -  negotiated protocol: TLSv1
02:20:43.138 [Test worker] DEBUG o.a.h.c.s.SSLConnectionSocketFactory -  negotiated cipher suite: TLS_ECDHE_RSA_WITH_AES_128_CBC_SHA
02:20:43.138 [Test worker] DEBUG o.a.h.c.s.SSLConnectionSocketFactory -  peer principal: CN=Thesis
02:20:43.138 [Test worker] DEBUG o.a.h.c.s.SSLConnectionSocketFactory -  issuer principal: EMAILADDRESS=sha@yamil.com, CN=Thesis, OU=Open, O=Fra, L=BER, ST=BER, C=DE
02:20:43.138 [Test worker] DEBUG o.a.h.i.c.DefaultHttpClientConnectionOperator - Connection established 127.0.0.1:40964<->127.0.1.1:2376
02:20:43.139 [Test worker] DEBUG o.a.h.impl.execchain.MainClientExec - Executing request POST /networks/6c4c3e3ab127fe71eb651c7e60dfc097c25aeec99dbcdb7524934257d40d617f/connect HTTP/1.1
02:20:43.139 [Test worker] DEBUG o.a.h.impl.execchain.MainClientExec - Target auth state: UNCHALLENGED
02:20:43.139 [Test worker] DEBUG o.a.h.impl.execchain.MainClientExec - Proxy auth state: UNCHALLENGED
02:20:43.139 [Test worker] DEBUG org.apache.http.headers - http-outgoing-44 >> POST /networks/6c4c3e3ab127fe71eb651c7e60dfc097c25aeec99dbcdb7524934257d40d617f/connect HTTP/1.1
02:20:43.139 [Test worker] DEBUG org.apache.http.headers - http-outgoing-44 >> Content-Type: application/json
02:20:43.139 [Test worker] DEBUG org.apache.http.headers - http-outgoing-44 >> User-Agent: Jersey/2.23.1 (Apache HttpClient 4.5.1)
02:20:43.139 [Test worker] DEBUG org.apache.http.headers - http-outgoing-44 >> Transfer-Encoding: chunked
02:20:43.140 [Test worker] DEBUG org.apache.http.headers - http-outgoing-44 >> Host: Thesis:2376
02:20:43.140 [Test worker] DEBUG org.apache.http.headers - http-outgoing-44 >> Connection: Keep-Alive
02:20:43.140 [Test worker] DEBUG org.apache.http.headers - http-outgoing-44 >> Accept-Encoding: gzip,deflate
02:20:43.145 [Test worker] DEBUG c.g.d.j.JerseyDockerCmdExecFactory - 19 * Sending client request on thread Test worker
19 > POST https://Thesis:2376/networks/6c4c3e3ab127fe71eb651c7e60dfc097c25aeec99dbcdb7524934257d40d617f/connect
19 > Content-Type: application/json
{"containerConfig":{"IPAMConfig":{"IPv4Address":null,"IPv6Address":null},"Links":null,"Aliases":null,"NetworkID":null,"EndpointID":null,"Gateway":null,"IPAddress":null,"IPPrefixLen":null,"IPv6Gateway":null,"GlobalIPv6Address":null,"GlobalIPv6PrefixLen":null,"MacAddress":null},"Container":"86a1b2f42ac713701a7972ec7caf9f1a88bf516f01868c0278b930247f8ac95b","EndpointConfig":{"IPAMConfig":{"IPv4Address":null,"IPv6Address":null},"Links":null,"Aliases":null,"NetworkID":null,"EndpointID":null,"Gateway":null,"IPAddress":null,"IPPrefixLen":null,"IPv6Gateway":null,"GlobalIPv6Address":null,"GlobalIPv6PrefixLen":null,"MacAddress":null}}

02:20:43.146 [Test worker] DEBUG org.apache.http.wire - http-outgoing-44 >> "POST /networks/6c4c3e3ab127fe71eb651c7e60dfc097c25aeec99dbcdb7524934257d40d617f/connect HTTP/1.1[\r][\n]"
02:20:43.146 [Test worker] DEBUG org.apache.http.wire - http-outgoing-44 >> "Content-Type: application/json[\r][\n]"
02:20:43.146 [Test worker] DEBUG org.apache.http.wire - http-outgoing-44 >> "User-Agent: Jersey/2.23.1 (Apache HttpClient 4.5.1)[\r][\n]"
02:20:43.146 [Test worker] DEBUG org.apache.http.wire - http-outgoing-44 >> "Transfer-Encoding: chunked[\r][\n]"
02:20:43.146 [Test worker] DEBUG org.apache.http.wire - http-outgoing-44 >> "Host: Thesis:2376[\r][\n]"
02:20:43.147 [Test worker] DEBUG org.apache.http.wire - http-outgoing-44 >> "Connection: Keep-Alive[\r][\n]"
02:20:43.147 [Test worker] DEBUG org.apache.http.wire - http-outgoing-44 >> "Accept-Encoding: gzip,deflate[\r][\n]"
02:20:43.147 [Test worker] DEBUG org.apache.http.wire - http-outgoing-44 >> "[\r][\n]"
02:20:43.147 [Test worker] DEBUG org.apache.http.wire - http-outgoing-44 >> "277[\r][\n]"
02:20:43.147 [Test worker] DEBUG org.apache.http.wire - http-outgoing-44 >> "{"containerConfig":{"IPAMConfig":{"IPv4Address":null,"IPv6Address":null},"Links":null,"Aliases":null,"NetworkID":null,"EndpointID":null,"Gateway":null,"IPAddress":null,"IPPrefixLen":null,"IPv6Gateway":null,"GlobalIPv6Address":null,"GlobalIPv6PrefixLen":null,"MacAddress":null},"Container":"86a1b2f42ac713701a7972ec7caf9f1a88bf516f01868c0278b930247f8ac95b","EndpointConfig":{"IPAMConfig":{"IPv4Address":null,"IPv6Address":null},"Links":null,"Aliases":null,"NetworkID":null,"EndpointID":null,"Gateway":null,"IPAddress":null,"IPPrefixLen":null,"IPv6Gateway":null,"GlobalIPv6Address":null,"GlobalIPv6PrefixLen":null,"MacAddress":null}}[\r][\n]"
02:20:43.147 [Test worker] DEBUG org.apache.http.wire - http-outgoing-44 >> "0[\r][\n]"
02:20:43.147 [Test worker] DEBUG org.apache.http.wire - http-outgoing-44 >> "[\r][\n]"
02:20:43.283 [Test worker] DEBUG org.apache.http.wire - http-outgoing-44 << "H"
02:20:43.284 [Test worker] DEBUG org.apache.http.wire - http-outgoing-44 << "TTP/1.1 200 OK[\r][\n]"
02:20:43.284 [Test worker] DEBUG org.apache.http.wire - http-outgoing-44 << "Server: Docker/1.12.3 (linux)[\r][\n]"
02:20:43.284 [Test worker] DEBUG org.apache.http.wire - http-outgoing-44 << "Date: Tue, 03 Jan 2017 01:20:43 GMT[\r][\n]"
02:20:43.284 [Test worker] DEBUG org.apache.http.wire - http-outgoing-44 << "Content-Length: 0[\r][\n]"
02:20:43.284 [Test worker] DEBUG org.apache.http.wire - http-outgoing-44 << "Content-Type: text/plain; charset=utf-8[\r][\n]"
02:20:43.284 [Test worker] DEBUG org.apache.http.wire - http-outgoing-44 << "[\r][\n]"
02:20:43.284 [Test worker] DEBUG org.apache.http.headers - http-outgoing-44 << HTTP/1.1 200 OK
02:20:43.284 [Test worker] DEBUG org.apache.http.headers - http-outgoing-44 << Server: Docker/1.12.3 (linux)
02:20:43.284 [Test worker] DEBUG org.apache.http.headers - http-outgoing-44 << Date: Tue, 03 Jan 2017 01:20:43 GMT
02:20:43.284 [Test worker] DEBUG org.apache.http.headers - http-outgoing-44 << Content-Length: 0
02:20:43.284 [Test worker] DEBUG org.apache.http.headers - http-outgoing-44 << Content-Type: text/plain; charset=utf-8
02:20:43.284 [Test worker] DEBUG o.a.h.impl.execchain.MainClientExec - Connection can be kept alive indefinitely
02:20:43.284 [Test worker] DEBUG c.g.d.j.JerseyDockerCmdExecFactory$1 - Connection [id: 44][route: {s}->https://Thesis:2376][state: CN=Thesis] can be kept alive indefinitely
02:20:43.284 [Test worker] DEBUG c.g.d.j.JerseyDockerCmdExecFactory$1 - Connection released: [id: 44][route: {s}->https://Thesis:2376][state: CN=Thesis][total kept alive: 2; route allocated: 2 of 2; total allocated: 2 of 20]
02:20:43.285 [Test worker] DEBUG c.g.d.j.JerseyDockerCmdExecFactory - 20 * Client response received on thread Test worker
20 < 200
20 < Content-Length: 0
20 < Content-Type: application/json;charset=utf-8
20 < Date: Tue, 03 Jan 2017 01:20:43 GMT
20 < Server: Docker/1.12.3 (linux)

02:20:43.285 [Test worker] INFO  org.openbaton.docker.DockerVim - Container connected to the Network Successfully
02:20:43.285 [Test worker] DEBUG c.g.d.core.command.AbstrDockerCmd - Cmd: 6c4c3e3ab127fe71eb651c7e60dfc097c25aeec99dbcdb7524934257d40d617f,com.github.dockerjava.jaxrs.InspectNetworkCmdExec@65d53d90
02:20:43.285 [Test worker] DEBUG c.g.d.jaxrs.ListNetworksCmdExec - GET: JerseyWebTarget { https://Thesis:2376/networks/6c4c3e3ab127fe71eb651c7e60dfc097c25aeec99dbcdb7524934257d40d617f }
02:20:43.286 [Test worker] DEBUG c.g.d.j.JerseyDockerCmdExecFactory - 21 * Sending client request on thread Test worker
21 > GET https://Thesis:2376/networks/6c4c3e3ab127fe71eb651c7e60dfc097c25aeec99dbcdb7524934257d40d617f
21 > Accept: application/json

02:20:43.289 [Test worker] DEBUG o.a.h.c.protocol.RequestAddCookies - CookieSpec selected: default
02:20:43.290 [Test worker] DEBUG o.a.h.c.protocol.RequestAuthCache - Auth cache not set in the context
02:20:43.290 [Test worker] DEBUG c.g.d.j.JerseyDockerCmdExecFactory$1 - Connection request: [route: {s}->https://Thesis:2376][total kept alive: 2; route allocated: 2 of 2; total allocated: 2 of 20]
02:20:43.290 [Test worker] DEBUG o.a.h.i.c.DefaultManagedHttpClientConnection - http-outgoing-42: Close connection
02:20:43.291 [Test worker] DEBUG c.g.d.j.JerseyDockerCmdExecFactory$1 - Connection leased: [id: 45][route: {s}->https://Thesis:2376][total kept alive: 1; route allocated: 2 of 2; total allocated: 2 of 20]
02:20:43.291 [Test worker] DEBUG o.a.h.impl.execchain.MainClientExec - Opening connection {s}->https://Thesis:2376
02:20:43.291 [Test worker] DEBUG o.a.h.i.c.DefaultHttpClientConnectionOperator - Connecting to Thesis/127.0.1.1:2376
02:20:43.292 [Test worker] DEBUG o.a.h.c.s.SSLConnectionSocketFactory - Connecting socket to Thesis/127.0.1.1:2376 with timeout 0
02:20:43.293 [Test worker] DEBUG o.a.h.c.s.SSLConnectionSocketFactory - Enabled protocols: [TLSv1]
02:20:43.293 [Test worker] DEBUG o.a.h.c.s.SSLConnectionSocketFactory - Enabled cipher suites:[TLS_ECDHE_ECDSA_WITH_AES_128_CBC_SHA, TLS_ECDHE_RSA_WITH_AES_128_CBC_SHA, TLS_RSA_WITH_AES_128_CBC_SHA, TLS_ECDH_ECDSA_WITH_AES_128_CBC_SHA, TLS_ECDH_RSA_WITH_AES_128_CBC_SHA, TLS_DHE_RSA_WITH_AES_128_CBC_SHA, TLS_DHE_DSS_WITH_AES_128_CBC_SHA, TLS_ECDHE_ECDSA_WITH_3DES_EDE_CBC_SHA, TLS_ECDHE_RSA_WITH_3DES_EDE_CBC_SHA, SSL_RSA_WITH_3DES_EDE_CBC_SHA, TLS_ECDH_ECDSA_WITH_3DES_EDE_CBC_SHA, TLS_ECDH_RSA_WITH_3DES_EDE_CBC_SHA, SSL_DHE_RSA_WITH_3DES_EDE_CBC_SHA, SSL_DHE_DSS_WITH_3DES_EDE_CBC_SHA, TLS_ECDHE_ECDSA_WITH_RC4_128_SHA, TLS_ECDHE_RSA_WITH_RC4_128_SHA, SSL_RSA_WITH_RC4_128_SHA, TLS_ECDH_ECDSA_WITH_RC4_128_SHA, TLS_ECDH_RSA_WITH_RC4_128_SHA, SSL_RSA_WITH_RC4_128_MD5, TLS_EMPTY_RENEGOTIATION_INFO_SCSV]
02:20:43.293 [Test worker] DEBUG o.a.h.c.s.SSLConnectionSocketFactory - Starting handshake
02:20:43.377 [Test worker] DEBUG o.a.h.c.s.SSLConnectionSocketFactory - Secure session established
02:20:43.378 [Test worker] DEBUG o.a.h.c.s.SSLConnectionSocketFactory -  negotiated protocol: TLSv1
02:20:43.378 [Test worker] DEBUG o.a.h.c.s.SSLConnectionSocketFactory -  negotiated cipher suite: TLS_ECDHE_RSA_WITH_AES_128_CBC_SHA
02:20:43.378 [Test worker] DEBUG o.a.h.c.s.SSLConnectionSocketFactory -  peer principal: CN=Thesis
02:20:43.378 [Test worker] DEBUG o.a.h.c.s.SSLConnectionSocketFactory -  issuer principal: EMAILADDRESS=sha@yamil.com, CN=Thesis, OU=Open, O=Fra, L=BER, ST=BER, C=DE
02:20:43.379 [Test worker] DEBUG o.a.h.i.c.DefaultHttpClientConnectionOperator - Connection established 127.0.0.1:40966<->127.0.1.1:2376
02:20:43.379 [Test worker] DEBUG o.a.h.impl.execchain.MainClientExec - Executing request GET /networks/6c4c3e3ab127fe71eb651c7e60dfc097c25aeec99dbcdb7524934257d40d617f HTTP/1.1
02:20:43.379 [Test worker] DEBUG o.a.h.impl.execchain.MainClientExec - Target auth state: UNCHALLENGED
02:20:43.379 [Test worker] DEBUG o.a.h.impl.execchain.MainClientExec - Proxy auth state: UNCHALLENGED
02:20:43.379 [Test worker] DEBUG org.apache.http.headers - http-outgoing-45 >> GET /networks/6c4c3e3ab127fe71eb651c7e60dfc097c25aeec99dbcdb7524934257d40d617f HTTP/1.1
02:20:43.379 [Test worker] DEBUG org.apache.http.headers - http-outgoing-45 >> Accept: application/json
02:20:43.380 [Test worker] DEBUG org.apache.http.headers - http-outgoing-45 >> User-Agent: Jersey/2.23.1 (Apache HttpClient 4.5.1)
02:20:43.380 [Test worker] DEBUG org.apache.http.headers - http-outgoing-45 >> Host: Thesis:2376
02:20:43.380 [Test worker] DEBUG org.apache.http.headers - http-outgoing-45 >> Connection: Keep-Alive
02:20:43.380 [Test worker] DEBUG org.apache.http.headers - http-outgoing-45 >> Accept-Encoding: gzip,deflate
02:20:43.380 [Test worker] DEBUG org.apache.http.wire - http-outgoing-45 >> "GET /networks/6c4c3e3ab127fe71eb651c7e60dfc097c25aeec99dbcdb7524934257d40d617f HTTP/1.1[\r][\n]"
02:20:43.380 [Test worker] DEBUG org.apache.http.wire - http-outgoing-45 >> "Accept: application/json[\r][\n]"
02:20:43.381 [Test worker] DEBUG org.apache.http.wire - http-outgoing-45 >> "User-Agent: Jersey/2.23.1 (Apache HttpClient 4.5.1)[\r][\n]"
02:20:43.381 [Test worker] DEBUG org.apache.http.wire - http-outgoing-45 >> "Host: Thesis:2376[\r][\n]"
02:20:43.381 [Test worker] DEBUG org.apache.http.wire - http-outgoing-45 >> "Connection: Keep-Alive[\r][\n]"
02:20:43.381 [Test worker] DEBUG org.apache.http.wire - http-outgoing-45 >> "Accept-Encoding: gzip,deflate[\r][\n]"
02:20:43.381 [Test worker] DEBUG org.apache.http.wire - http-outgoing-45 >> "[\r][\n]"
02:20:43.382 [Test worker] DEBUG org.apache.http.wire - http-outgoing-45 << "H"
02:20:43.382 [Test worker] DEBUG org.apache.http.wire - http-outgoing-45 << "TTP/1.1 200 OK[\r][\n]"
02:20:43.382 [Test worker] DEBUG org.apache.http.wire - http-outgoing-45 << "Content-Type: application/json[\r][\n]"
02:20:43.382 [Test worker] DEBUG org.apache.http.wire - http-outgoing-45 << "Server: Docker/1.12.3 (linux)[\r][\n]"
02:20:43.382 [Test worker] DEBUG org.apache.http.wire - http-outgoing-45 << "Date: Tue, 03 Jan 2017 01:20:43 GMT[\r][\n]"
02:20:43.383 [Test worker] DEBUG org.apache.http.wire - http-outgoing-45 << "Content-Length: 560[\r][\n]"
02:20:43.383 [Test worker] DEBUG org.apache.http.wire - http-outgoing-45 << "[\r][\n]"
02:20:43.383 [Test worker] DEBUG org.apache.http.wire - http-outgoing-45 << "{"Name":"MyNetwork","Id":"6c4c3e3ab127fe71eb651c7e60dfc097c25aeec99dbcdb7524934257d40d617f","Scope":"local","Driver":"bridge","EnableIPv6":false,"IPAM":{"Driver":"default","Options":null,"Config":[{"Subnet":"172.18.0.0/16","Gateway":"172.18.0.1/16"}]},"Internal":false,"Containers":{"86a1b2f42ac713701a7972ec7caf9f1a88bf516f01868c0278b930247f8ac95b":{"Name":"MyContainer","EndpointID":"3a005b7b442d13e84d4c0916cc47dcd504da6d388da15312c199f44bd1fa4669","MacAddress":"02:42:ac:12:00:02","IPv4Address":"172.18.0.2/16","IPv6Address":""}},"Options":{},"Labels":{}}[\n]"
02:20:43.383 [Test worker] DEBUG org.apache.http.headers - http-outgoing-45 << HTTP/1.1 200 OK
02:20:43.383 [Test worker] DEBUG org.apache.http.headers - http-outgoing-45 << Content-Type: application/json
02:20:43.383 [Test worker] DEBUG org.apache.http.headers - http-outgoing-45 << Server: Docker/1.12.3 (linux)
02:20:43.384 [Test worker] DEBUG org.apache.http.headers - http-outgoing-45 << Date: Tue, 03 Jan 2017 01:20:43 GMT
02:20:43.384 [Test worker] DEBUG org.apache.http.headers - http-outgoing-45 << Content-Length: 560
02:20:43.384 [Test worker] DEBUG o.a.h.impl.execchain.MainClientExec - Connection can be kept alive indefinitely
02:20:43.384 [Test worker] DEBUG c.g.d.j.JerseyDockerCmdExecFactory - 22 * Client response received on thread Test worker
22 < 200
22 < Content-Length: 560
22 < Content-Type: application/json
22 < Date: Tue, 03 Jan 2017 01:20:43 GMT
22 < Server: Docker/1.12.3 (linux)
{"Name":"MyNetwork","Id":"6c4c3e3ab127fe71eb651c7e60dfc097c25aeec99dbcdb7524934257d40d617f","Scope":"local","Driver":"bridge","EnableIPv6":false,"IPAM":{"Driver":"default","Options":null,"Config":[{"Subnet":"172.18.0.0/16","Gateway":"172.18.0.1/16"}]},"Internal":false,"Containers":{"86a1b2f42ac713701a7972ec7caf9f1a88bf516f01868c0278b930247f8ac95b":{"Name":"MyContainer","EndpointID":"3a005b7b442d13e84d4c0916cc47dcd504da6d388da15312c199f44bd1fa4669","MacAddress":"02:42:ac:12:00:02","IPv4Address":"172.18.0.2/16","IPv6Address":""}},"Options":{},"Labels":{}}


02:20:43.386 [Test worker] DEBUG o.a.h.i.c.DefaultManagedHttpClientConnection - http-outgoing-45: Close connection
02:20:43.386 [Test worker] DEBUG o.a.h.impl.execchain.MainClientExec - Connection discarded
02:20:43.386 [Test worker] DEBUG c.g.d.j.JerseyDockerCmdExecFactory$1 - Connection released: [id: 45][route: {s}->https://Thesis:2376][total kept alive: 1; route allocated: 1 of 2; total allocated: 1 of 20]
02:20:43.387 [Test worker] DEBUG c.g.d.core.command.AbstrDockerCmd - Cmd: 6c4c3e3ab127fe71eb651c7e60dfc097c25aeec99dbcdb7524934257d40d617f,86a1b2f42ac713701a7972ec7caf9f1a88bf516f01868c0278b930247f8ac95b,<null>,com.github.dockerjava.jaxrs.DisconnectFromNetworkCmdExec@2d3c9854
02:20:43.388 [Test worker] DEBUG o.a.h.c.protocol.RequestAddCookies - CookieSpec selected: default
02:20:43.388 [Test worker] DEBUG o.a.h.c.protocol.RequestAuthCache - Auth cache not set in the context
02:20:43.388 [Test worker] DEBUG c.g.d.j.JerseyDockerCmdExecFactory$1 - Connection request: [route: {s}->https://Thesis:2376][total kept alive: 1; route allocated: 1 of 2; total allocated: 1 of 20]
02:20:43.389 [Test worker] DEBUG c.g.d.j.JerseyDockerCmdExecFactory$1 - Connection leased: [id: 46][route: {s}->https://Thesis:2376][total kept alive: 1; route allocated: 2 of 2; total allocated: 2 of 20]
02:20:43.389 [Test worker] DEBUG o.a.h.impl.execchain.MainClientExec - Opening connection {s}->https://Thesis:2376
02:20:43.389 [Test worker] DEBUG o.a.h.i.c.DefaultHttpClientConnectionOperator - Connecting to Thesis/127.0.1.1:2376
02:20:43.389 [Test worker] DEBUG o.a.h.c.s.SSLConnectionSocketFactory - Connecting socket to Thesis/127.0.1.1:2376 with timeout 0
02:20:43.390 [Test worker] DEBUG o.a.h.c.s.SSLConnectionSocketFactory - Enabled protocols: [TLSv1]
02:20:43.390 [Test worker] DEBUG o.a.h.c.s.SSLConnectionSocketFactory - Enabled cipher suites:[TLS_ECDHE_ECDSA_WITH_AES_128_CBC_SHA, TLS_ECDHE_RSA_WITH_AES_128_CBC_SHA, TLS_RSA_WITH_AES_128_CBC_SHA, TLS_ECDH_ECDSA_WITH_AES_128_CBC_SHA, TLS_ECDH_RSA_WITH_AES_128_CBC_SHA, TLS_DHE_RSA_WITH_AES_128_CBC_SHA, TLS_DHE_DSS_WITH_AES_128_CBC_SHA, TLS_ECDHE_ECDSA_WITH_3DES_EDE_CBC_SHA, TLS_ECDHE_RSA_WITH_3DES_EDE_CBC_SHA, SSL_RSA_WITH_3DES_EDE_CBC_SHA, TLS_ECDH_ECDSA_WITH_3DES_EDE_CBC_SHA, TLS_ECDH_RSA_WITH_3DES_EDE_CBC_SHA, SSL_DHE_RSA_WITH_3DES_EDE_CBC_SHA, SSL_DHE_DSS_WITH_3DES_EDE_CBC_SHA, TLS_ECDHE_ECDSA_WITH_RC4_128_SHA, TLS_ECDHE_RSA_WITH_RC4_128_SHA, SSL_RSA_WITH_RC4_128_SHA, TLS_ECDH_ECDSA_WITH_RC4_128_SHA, TLS_ECDH_RSA_WITH_RC4_128_SHA, SSL_RSA_WITH_RC4_128_MD5, TLS_EMPTY_RENEGOTIATION_INFO_SCSV]
02:20:43.390 [Test worker] DEBUG o.a.h.c.s.SSLConnectionSocketFactory - Starting handshake
02:20:43.457 [Test worker] DEBUG o.a.h.c.s.SSLConnectionSocketFactory - Secure session established
02:20:43.457 [Test worker] DEBUG o.a.h.c.s.SSLConnectionSocketFactory -  negotiated protocol: TLSv1
02:20:43.457 [Test worker] DEBUG o.a.h.c.s.SSLConnectionSocketFactory -  negotiated cipher suite: TLS_ECDHE_RSA_WITH_AES_128_CBC_SHA
02:20:43.457 [Test worker] DEBUG o.a.h.c.s.SSLConnectionSocketFactory -  peer principal: CN=Thesis
02:20:43.458 [Test worker] DEBUG o.a.h.c.s.SSLConnectionSocketFactory -  issuer principal: EMAILADDRESS=sha@yamil.com, CN=Thesis, OU=Open, O=Fra, L=BER, ST=BER, C=DE
02:20:43.458 [Test worker] DEBUG o.a.h.i.c.DefaultHttpClientConnectionOperator - Connection established 127.0.0.1:40968<->127.0.1.1:2376
02:20:43.458 [Test worker] DEBUG o.a.h.impl.execchain.MainClientExec - Executing request POST /networks/6c4c3e3ab127fe71eb651c7e60dfc097c25aeec99dbcdb7524934257d40d617f/disconnect HTTP/1.1
02:20:43.458 [Test worker] DEBUG o.a.h.impl.execchain.MainClientExec - Target auth state: UNCHALLENGED
02:20:43.459 [Test worker] DEBUG o.a.h.impl.execchain.MainClientExec - Proxy auth state: UNCHALLENGED
02:20:43.459 [Test worker] DEBUG org.apache.http.headers - http-outgoing-46 >> POST /networks/6c4c3e3ab127fe71eb651c7e60dfc097c25aeec99dbcdb7524934257d40d617f/disconnect HTTP/1.1
02:20:43.459 [Test worker] DEBUG org.apache.http.headers - http-outgoing-46 >> Content-Type: application/json
02:20:43.459 [Test worker] DEBUG org.apache.http.headers - http-outgoing-46 >> User-Agent: Jersey/2.23.1 (Apache HttpClient 4.5.1)
02:20:43.459 [Test worker] DEBUG org.apache.http.headers - http-outgoing-46 >> Transfer-Encoding: chunked
02:20:43.460 [Test worker] DEBUG org.apache.http.headers - http-outgoing-46 >> Host: Thesis:2376
02:20:43.460 [Test worker] DEBUG org.apache.http.headers - http-outgoing-46 >> Connection: Keep-Alive
02:20:43.461 [Test worker] DEBUG org.apache.http.headers - http-outgoing-46 >> Accept-Encoding: gzip,deflate
02:20:43.462 [Test worker] DEBUG c.g.d.j.JerseyDockerCmdExecFactory - 23 * Sending client request on thread Test worker
23 > POST https://Thesis:2376/networks/6c4c3e3ab127fe71eb651c7e60dfc097c25aeec99dbcdb7524934257d40d617f/disconnect
23 > Content-Type: application/json
{"Container":"86a1b2f42ac713701a7972ec7caf9f1a88bf516f01868c0278b930247f8ac95b","Force":null}

02:20:43.463 [Test worker] DEBUG org.apache.http.wire - http-outgoing-46 >> "POST /networks/6c4c3e3ab127fe71eb651c7e60dfc097c25aeec99dbcdb7524934257d40d617f/disconnect HTTP/1.1[\r][\n]"
02:20:43.463 [Test worker] DEBUG org.apache.http.wire - http-outgoing-46 >> "Content-Type: application/json[\r][\n]"
02:20:43.464 [Test worker] DEBUG org.apache.http.wire - http-outgoing-46 >> "User-Agent: Jersey/2.23.1 (Apache HttpClient 4.5.1)[\r][\n]"
02:20:43.464 [Test worker] DEBUG org.apache.http.wire - http-outgoing-46 >> "Transfer-Encoding: chunked[\r][\n]"
02:20:43.464 [Test worker] DEBUG org.apache.http.wire - http-outgoing-46 >> "Host: Thesis:2376[\r][\n]"
02:20:43.464 [Test worker] DEBUG org.apache.http.wire - http-outgoing-46 >> "Connection: Keep-Alive[\r][\n]"
02:20:43.464 [Test worker] DEBUG org.apache.http.wire - http-outgoing-46 >> "Accept-Encoding: gzip,deflate[\r][\n]"
02:20:43.464 [Test worker] DEBUG org.apache.http.wire - http-outgoing-46 >> "[\r][\n]"
02:20:43.465 [Test worker] DEBUG org.apache.http.wire - http-outgoing-46 >> "5d[\r][\n]"
02:20:43.465 [Test worker] DEBUG org.apache.http.wire - http-outgoing-46 >> "{"Container":"86a1b2f42ac713701a7972ec7caf9f1a88bf516f01868c0278b930247f8ac95b","Force":null}[\r][\n]"
02:20:43.465 [Test worker] DEBUG org.apache.http.wire - http-outgoing-46 >> "0[\r][\n]"
02:20:43.465 [Test worker] DEBUG org.apache.http.wire - http-outgoing-46 >> "[\r][\n]"
02:20:43.584 [Test worker] DEBUG org.apache.http.wire - http-outgoing-46 << "H"
02:20:43.585 [Test worker] DEBUG org.apache.http.wire - http-outgoing-46 << "TTP/1.1 200 OK[\r][\n]"
02:20:43.585 [Test worker] DEBUG org.apache.http.wire - http-outgoing-46 << "Server: Docker/1.12.3 (linux)[\r][\n]"
02:20:43.585 [Test worker] DEBUG org.apache.http.wire - http-outgoing-46 << "Date: Tue, 03 Jan 2017 01:20:43 GMT[\r][\n]"
02:20:43.585 [Test worker] DEBUG org.apache.http.wire - http-outgoing-46 << "Content-Length: 0[\r][\n]"
02:20:43.585 [Test worker] DEBUG org.apache.http.wire - http-outgoing-46 << "Content-Type: text/plain; charset=utf-8[\r][\n]"
02:20:43.585 [Test worker] DEBUG org.apache.http.wire - http-outgoing-46 << "[\r][\n]"
02:20:43.585 [Test worker] DEBUG org.apache.http.headers - http-outgoing-46 << HTTP/1.1 200 OK
02:20:43.585 [Test worker] DEBUG org.apache.http.headers - http-outgoing-46 << Server: Docker/1.12.3 (linux)
02:20:43.585 [Test worker] DEBUG org.apache.http.headers - http-outgoing-46 << Date: Tue, 03 Jan 2017 01:20:43 GMT
02:20:43.585 [Test worker] DEBUG org.apache.http.headers - http-outgoing-46 << Content-Length: 0
02:20:43.585 [Test worker] DEBUG org.apache.http.headers - http-outgoing-46 << Content-Type: text/plain; charset=utf-8
02:20:43.585 [Test worker] DEBUG o.a.h.impl.execchain.MainClientExec - Connection can be kept alive indefinitely
02:20:43.585 [Test worker] DEBUG c.g.d.j.JerseyDockerCmdExecFactory$1 - Connection [id: 46][route: {s}->https://Thesis:2376][state: CN=Thesis] can be kept alive indefinitely
02:20:43.585 [Test worker] DEBUG c.g.d.j.JerseyDockerCmdExecFactory$1 - Connection released: [id: 46][route: {s}->https://Thesis:2376][state: CN=Thesis][total kept alive: 2; route allocated: 2 of 2; total allocated: 2 of 20]
02:20:43.586 [Test worker] DEBUG c.g.d.j.JerseyDockerCmdExecFactory - 24 * Client response received on thread Test worker
24 < 200
24 < Content-Length: 0
24 < Content-Type: application/json;charset=utf-8
24 < Date: Tue, 03 Jan 2017 01:20:43 GMT
24 < Server: Docker/1.12.3 (linux)

02:20:43.586 [Test worker] INFO  org.openbaton.docker.DockerVim - Container disconnected to the Network Successfully
02:20:43.587 [Test worker] DEBUG c.g.d.core.command.AbstrDockerCmd - Cmd: 86a1b2f42ac713701a7972ec7caf9f1a88bf516f01868c0278b930247f8ac95b,false,com.github.dockerjava.jaxrs.InspectContainerCmdExec@77969c4e
02:20:43.588 [Test worker] DEBUG c.g.d.jaxrs.InspectContainerCmdExec - GET: JerseyWebTarget { https://Thesis:2376/containers/86a1b2f42ac713701a7972ec7caf9f1a88bf516f01868c0278b930247f8ac95b/json }
02:20:43.589 [Test worker] DEBUG c.g.d.j.JerseyDockerCmdExecFactory - 25 * Sending client request on thread Test worker
25 > GET https://Thesis:2376/containers/86a1b2f42ac713701a7972ec7caf9f1a88bf516f01868c0278b930247f8ac95b/json
25 > Accept: application/json

02:20:43.591 [Test worker] DEBUG o.a.h.c.protocol.RequestAddCookies - CookieSpec selected: default
02:20:43.591 [Test worker] DEBUG o.a.h.c.protocol.RequestAuthCache - Auth cache not set in the context
02:20:43.591 [Test worker] DEBUG c.g.d.j.JerseyDockerCmdExecFactory$1 - Connection request: [route: {s}->https://Thesis:2376][total kept alive: 2; route allocated: 2 of 2; total allocated: 2 of 20]
02:20:43.591 [Test worker] DEBUG o.a.h.i.c.DefaultManagedHttpClientConnection - http-outgoing-44: Close connection
02:20:43.592 [Test worker] DEBUG c.g.d.j.JerseyDockerCmdExecFactory$1 - Connection leased: [id: 47][route: {s}->https://Thesis:2376][total kept alive: 1; route allocated: 2 of 2; total allocated: 2 of 20]
02:20:43.595 [Test worker] DEBUG o.a.h.impl.execchain.MainClientExec - Opening connection {s}->https://Thesis:2376
02:20:43.595 [Test worker] DEBUG o.a.h.i.c.DefaultHttpClientConnectionOperator - Connecting to Thesis/127.0.1.1:2376
02:20:43.595 [Test worker] DEBUG o.a.h.c.s.SSLConnectionSocketFactory - Connecting socket to Thesis/127.0.1.1:2376 with timeout 0
02:20:43.597 [Test worker] DEBUG o.a.h.c.s.SSLConnectionSocketFactory - Enabled protocols: [TLSv1]
02:20:43.597 [Test worker] DEBUG o.a.h.c.s.SSLConnectionSocketFactory - Enabled cipher suites:[TLS_ECDHE_ECDSA_WITH_AES_128_CBC_SHA, TLS_ECDHE_RSA_WITH_AES_128_CBC_SHA, TLS_RSA_WITH_AES_128_CBC_SHA, TLS_ECDH_ECDSA_WITH_AES_128_CBC_SHA, TLS_ECDH_RSA_WITH_AES_128_CBC_SHA, TLS_DHE_RSA_WITH_AES_128_CBC_SHA, TLS_DHE_DSS_WITH_AES_128_CBC_SHA, TLS_ECDHE_ECDSA_WITH_3DES_EDE_CBC_SHA, TLS_ECDHE_RSA_WITH_3DES_EDE_CBC_SHA, SSL_RSA_WITH_3DES_EDE_CBC_SHA, TLS_ECDH_ECDSA_WITH_3DES_EDE_CBC_SHA, TLS_ECDH_RSA_WITH_3DES_EDE_CBC_SHA, SSL_DHE_RSA_WITH_3DES_EDE_CBC_SHA, SSL_DHE_DSS_WITH_3DES_EDE_CBC_SHA, TLS_ECDHE_ECDSA_WITH_RC4_128_SHA, TLS_ECDHE_RSA_WITH_RC4_128_SHA, SSL_RSA_WITH_RC4_128_SHA, TLS_ECDH_ECDSA_WITH_RC4_128_SHA, TLS_ECDH_RSA_WITH_RC4_128_SHA, SSL_RSA_WITH_RC4_128_MD5, TLS_EMPTY_RENEGOTIATION_INFO_SCSV]
02:20:43.597 [Test worker] DEBUG o.a.h.c.s.SSLConnectionSocketFactory - Starting handshake
02:20:43.665 [Test worker] DEBUG o.a.h.c.s.SSLConnectionSocketFactory - Secure session established
02:20:43.665 [Test worker] DEBUG o.a.h.c.s.SSLConnectionSocketFactory -  negotiated protocol: TLSv1
02:20:43.665 [Test worker] DEBUG o.a.h.c.s.SSLConnectionSocketFactory -  negotiated cipher suite: TLS_ECDHE_RSA_WITH_AES_128_CBC_SHA
02:20:43.665 [Test worker] DEBUG o.a.h.c.s.SSLConnectionSocketFactory -  peer principal: CN=Thesis
02:20:43.665 [Test worker] DEBUG o.a.h.c.s.SSLConnectionSocketFactory -  issuer principal: EMAILADDRESS=sha@yamil.com, CN=Thesis, OU=Open, O=Fra, L=BER, ST=BER, C=DE
02:20:43.666 [Test worker] DEBUG o.a.h.i.c.DefaultHttpClientConnectionOperator - Connection established 127.0.0.1:40970<->127.0.1.1:2376
02:20:43.666 [Test worker] DEBUG o.a.h.impl.execchain.MainClientExec - Executing request GET /containers/86a1b2f42ac713701a7972ec7caf9f1a88bf516f01868c0278b930247f8ac95b/json HTTP/1.1
02:20:43.666 [Test worker] DEBUG o.a.h.impl.execchain.MainClientExec - Target auth state: UNCHALLENGED
02:20:43.666 [Test worker] DEBUG o.a.h.impl.execchain.MainClientExec - Proxy auth state: UNCHALLENGED
02:20:43.666 [Test worker] DEBUG org.apache.http.headers - http-outgoing-47 >> GET /containers/86a1b2f42ac713701a7972ec7caf9f1a88bf516f01868c0278b930247f8ac95b/json HTTP/1.1
02:20:43.667 [Test worker] DEBUG org.apache.http.headers - http-outgoing-47 >> Accept: application/json
02:20:43.667 [Test worker] DEBUG org.apache.http.headers - http-outgoing-47 >> User-Agent: Jersey/2.23.1 (Apache HttpClient 4.5.1)
02:20:43.667 [Test worker] DEBUG org.apache.http.headers - http-outgoing-47 >> Host: Thesis:2376
02:20:43.667 [Test worker] DEBUG org.apache.http.headers - http-outgoing-47 >> Connection: Keep-Alive
02:20:43.667 [Test worker] DEBUG org.apache.http.headers - http-outgoing-47 >> Accept-Encoding: gzip,deflate
02:20:43.667 [Test worker] DEBUG org.apache.http.wire - http-outgoing-47 >> "GET /containers/86a1b2f42ac713701a7972ec7caf9f1a88bf516f01868c0278b930247f8ac95b/json HTTP/1.1[\r][\n]"
02:20:43.668 [Test worker] DEBUG org.apache.http.wire - http-outgoing-47 >> "Accept: application/json[\r][\n]"
02:20:43.668 [Test worker] DEBUG org.apache.http.wire - http-outgoing-47 >> "User-Agent: Jersey/2.23.1 (Apache HttpClient 4.5.1)[\r][\n]"
02:20:43.668 [Test worker] DEBUG org.apache.http.wire - http-outgoing-47 >> "Host: Thesis:2376[\r][\n]"
02:20:43.668 [Test worker] DEBUG org.apache.http.wire - http-outgoing-47 >> "Connection: Keep-Alive[\r][\n]"
02:20:43.668 [Test worker] DEBUG org.apache.http.wire - http-outgoing-47 >> "Accept-Encoding: gzip,deflate[\r][\n]"
02:20:43.669 [Test worker] DEBUG org.apache.http.wire - http-outgoing-47 >> "[\r][\n]"
02:20:43.669 [Test worker] DEBUG org.apache.http.wire - http-outgoing-47 << "H"
02:20:43.670 [Test worker] DEBUG org.apache.http.wire - http-outgoing-47 << "TTP/1.1 200 OK[\r][\n]"
02:20:43.670 [Test worker] DEBUG org.apache.http.wire - http-outgoing-47 << "Content-Type: application/json[\r][\n]"
02:20:43.670 [Test worker] DEBUG org.apache.http.wire - http-outgoing-47 << "Server: Docker/1.12.3 (linux)[\r][\n]"
02:20:43.670 [Test worker] DEBUG org.apache.http.wire - http-outgoing-47 << "Date: Tue, 03 Jan 2017 01:20:43 GMT[\r][\n]"
02:20:43.670 [Test worker] DEBUG org.apache.http.wire - http-outgoing-47 << "Transfer-Encoding: chunked[\r][\n]"
02:20:43.670 [Test worker] DEBUG org.apache.http.wire - http-outgoing-47 << "[\r][\n]"
02:20:43.670 [Test worker] DEBUG org.apache.http.wire - http-outgoing-47 << "e79[\r][\n]"
02:20:43.671 [Test worker] DEBUG org.apache.http.wire - http-outgoing-47 << "{"Id":"86a1b2f42ac713701a7972ec7caf9f1a88bf516f01868c0278b930247f8ac95b","Created":"2017-01-03T01:20:42.715250128Z","Path":"sleep","Args":["99999"],"State":{"Status":"running","Running":true,"Paused":false,"Restarting":false,"OOMKilled":false,"Dead":false,"Pid":27468,"ExitCode":0,"Error":"","StartedAt":"2017-01-03T01:20:42.989078301Z","FinishedAt":"0001-01-01T00:00:00Z"},"Image":"sha256:aae2b63c49461fcae4962e4a8043f66acf8e3af7e62f5ebceb70b181d8ca01e0","ResolvConfPath":"/var/lib/docker/containers/86a1b2f42ac713701a7972ec7caf9f1a88bf516f01868c0278b930247f8ac95b/resolv.conf","HostnamePath":"/var/lib/docker/containers/86a1b2f42ac713701a7972ec7caf9f1a88bf516f01868c0278b930247f8ac95b/hostname","HostsPath":"/var/lib/docker/containers/86a1b2f42ac713701a7972ec7caf9f1a88bf516f01868c0278b930247f8ac95b/hosts","LogPath":"/var/lib/docker/containers/86a1b2f42ac713701a7972ec7caf9f1a88bf516f01868c0278b930247f8ac95b/86a1b2f42ac713701a7972ec7caf9f1a88bf516f01868c0278b930247f8ac95b-json.log","Name":"/MyContainer","RestartCount":0,"Driver":"aufs","MountLabel":"","ProcessLabel":"","AppArmorProfile":"","ExecIDs":null,"HostConfig":{"Binds":null,"ContainerIDFile":"","LogConfig":{"Type":"json-file","Config":{}},"NetworkMode":"default","PortBindings":{"8084/tcp":[{"HostIp":"","HostPort":"8084"}]},"RestartPolicy":{"Name":"","MaximumRetryCount":0},"AutoRemove":false,"VolumeDriver":"","VolumesFrom":null,"CapAdd":null,"CapDrop":null,"Dns":null,"DnsOptions":null,"DnsSearch":null,"ExtraHosts":null,"GroupAdd":null,"IpcMode":"","Cgroup":"","Links":null,"OomScoreAdj":0,"PidMode":"","Privileged":false,"PublishAllPorts":false,"ReadonlyRootfs":false,"SecurityOpt":null,"UTSMode":"","UsernsMode":"","ShmSize":67108864,"Runtime":"runc","ConsoleSize":[0,0],"Isolation":"","CpuShares":0,"Memory":0,"CgroupParent":"","BlkioWeight":0,"BlkioWeightDevice":null,"BlkioDeviceReadBps":null,"BlkioDeviceWriteBps":null,"BlkioDeviceReadIOps":null,"BlkioDeviceWriteIOps":null,"CpuPeriod":0,"CpuQuota":0,"CpusetCpus":"","CpusetMems":"","Devices":null,"DiskQuota":0,"KernelMemory":0,"MemoryReservation":0,"MemorySwap":0,"MemorySwappiness":-1,"OomKillDisable":false,"PidsLimit":0,"Ulimits":null,"CpuCount":0,"CpuPercent":0,"IOMaximumIOps":0,"IOMaximumBandwidth":0},"GraphDriver":{"Name":"aufs","Data":null},"Mounts":[],"Config":{"Hostname":"MyContainer","Domainname":"","User":"","AttachStdin":false,"AttachStdout":false,"AttachStderr":false,"ExposedPorts":{"8084/tcp":{}},"Tty":false,"OpenStdin":false,"StdinOnce":false,"Env":["port=8080","TERM=xterm","PATH=/usr/local/sbin:/usr/local/bin:/usr/sbin:/usr/bin:/sbin:/bin"],"Cmd":["sleep","99999"],"Image":"ubuntu:14.04","Volumes":null,"WorkingDir":"","Entrypoint":null,"OnBuild":null,"Labels":{}},"NetworkSettings":{"Bridge":"","SandboxID":"dce7bcdb8f56b8c372dc5b58f0cbf9b3a8d75e9795b8716e883eb54786212414","HairpinMode":false,"LinkLocalIPv6Address":"","LinkLocalIPv6PrefixLen":0,"Ports":{"8084/tcp":[{"HostIp":"0.0.0.0","HostPort":"8084"}]},"SandboxKey":"/var/run/docker/netns/dce7bcdb8f56","SecondaryIPAddresses":null,"SecondaryIPv6Addresses":null,"EndpointID":"f8646931daf0884a01cda98157e3a9da47583f87b2e153ba8f1fdab82503662e","Gateway":"172.17.0.1","GlobalIPv6Address":"","GlobalIPv6PrefixLen":0,"IPAddress":"172.17.0.2","IPPrefixLen":16,"IPv6Gateway":"","MacAddress":"02:42:ac:11:00:02","Networks":{"bridge":{"IPAMConfig":null,"Links":null,"Aliases":null,"NetworkID":"e0d36057aa1769e9fd52ba88be81b698b495f9b6b4946d0f98f24d971a27fc98","EndpointID":"f8646931daf0884a01cda98157e3a9da47583f87b2e153ba8f1fdab82503662e","Gateway":"172.17.0.1","IPAddress":"172.17.0.2","IPPrefixLen":16,"IPv6Gateway":"","GlobalIPv6Address":"","GlobalIPv6PrefixLen":0,"MacAddress":"02:42:ac:11:00:02"}}}}[\n]"
02:20:43.671 [Test worker] DEBUG org.apache.http.wire - http-outgoing-47 << "[\r][\n]"
02:20:43.671 [Test worker] DEBUG org.apache.http.wire - http-outgoing-47 << "0[\r][\n]"
02:20:43.671 [Test worker] DEBUG org.apache.http.wire - http-outgoing-47 << "[\r][\n]"
02:20:43.671 [Test worker] DEBUG org.apache.http.headers - http-outgoing-47 << HTTP/1.1 200 OK
02:20:43.671 [Test worker] DEBUG org.apache.http.headers - http-outgoing-47 << Content-Type: application/json
02:20:43.671 [Test worker] DEBUG org.apache.http.headers - http-outgoing-47 << Server: Docker/1.12.3 (linux)
02:20:43.671 [Test worker] DEBUG org.apache.http.headers - http-outgoing-47 << Date: Tue, 03 Jan 2017 01:20:43 GMT
02:20:43.671 [Test worker] DEBUG org.apache.http.headers - http-outgoing-47 << Transfer-Encoding: chunked
02:20:43.672 [Test worker] DEBUG o.a.h.impl.execchain.MainClientExec - Connection can be kept alive indefinitely
02:20:43.673 [Test worker] DEBUG c.g.d.j.JerseyDockerCmdExecFactory - 26 * Client response received on thread Test worker
26 < 200
26 < Content-Length: -1
26 < Content-Type: application/json
26 < Date: Tue, 03 Jan 2017 01:20:43 GMT
26 < Server: Docker/1.12.3 (linux)
26 < Transfer-Encoding: chunked
{"Id":"86a1b2f42ac713701a7972ec7caf9f1a88bf516f01868c0278b930247f8ac95b","Created":"2017-01-03T01:20:42.715250128Z","Path":"sleep","Args":["99999"],"State":{"Status":"running","Running":true,"Paused":false,"Restarting":false,"OOMKilled":false,"Dead":false,"Pid":27468,"ExitCode":0,"Error":"","StartedAt":"2017-01-03T01:20:42.989078301Z","FinishedAt":"0001-01-01T00:00:00Z"},"Image":"sha256:aae2b63c49461fcae4962e4a8043f66acf8e3af7e62f5ebceb70b181d8ca01e0","ResolvConfPath":"/var/lib/docker/containers/86a1b2f42ac713701a7972ec7caf9f1a88bf516f01868c0278b930247f8ac95b/resolv.conf","HostnamePath":"/var/lib/docker/containers/86a1b2f42ac713701a7972ec7caf9f1a88bf516f01868c0278b930247f8ac95b/hostname","HostsPath":"/var/lib/docker/containers/86a1b2f42ac713701a7972ec7caf9f1a88bf516f01868c0278b930247f8ac95b/hosts","LogPath":"/var/lib/docker/containers/86a1b2f42ac713701a7972ec7caf9f1a88bf516f01868c0278b930247f8ac95b/86a1b2f42ac713701a7972ec7caf9f1a88bf516f01868c0278b930247f8ac95b-json.log","Name":"/MyContainer","RestartCount":0,"Driver":"aufs","MountLabel":"","ProcessLabel":"","AppArmorProfile":"","ExecIDs":null,"HostConfig":{"Binds":null,"ContainerIDFile":"","LogConfig":{"Type":"json-file","Config":{}},"NetworkMode":"default","PortBindings":{"8084/tcp":[{"HostIp":"","HostPort":"8084"}]},"RestartPolicy":{"Name":"","MaximumRetryCount":0},"AutoRemove":false,"VolumeDriver":"","VolumesFrom":null,"CapAdd":null,"CapDrop":null,"Dns":null,"DnsOptions":null,"DnsSearch":null,"ExtraHosts":null,"GroupAdd":null,"IpcMode":"","Cgroup":"","Links":null,"OomScoreAdj":0,"PidMode":"","Privileged":false,"PublishAllPorts":false,"ReadonlyRootfs":false,"SecurityOpt":null,"UTSMode":"","UsernsMode":"","ShmSize":67108864,"Runtime":"runc","ConsoleSize":[0,0],"Isolation":"","CpuShares":0,"Memory":0,"CgroupParent":"","BlkioWeight":0,"BlkioWeightDevice":null,"BlkioDeviceReadBps":null,"BlkioDeviceWriteBps":null,"BlkioDeviceReadIOps":null,"BlkioDeviceWriteIOps":null,"CpuPeriod":0,"CpuQuota":0,"CpusetCpus":"","CpusetMems":"","Devices":null,"DiskQuota":0,"KernelMemory":0,"MemoryReservation":0,"MemorySwap":0,"MemorySwappiness":-1,"OomKillDisable":false,"PidsLimit":0,"Ulimits":null,"CpuCount":0,"CpuPercent":0,"IOMaximumIOps":0,"IOMaximumBandwidth":0},"GraphDriver":{"Name":"aufs","Data":null},"Mounts":[],"Config":{"Hostname":"MyContainer","Domainname":"","User":"","AttachStdin":false,"AttachStdout":false,"AttachStderr":false,"ExposedPorts":{"8084/tcp":{}},"Tty":false,"OpenStdin":false,"StdinOnce":false,"Env":["port=8080","TERM=xterm","PATH=/usr/local/sbin:/usr/local/bin:/usr/sbin:/usr/bin:/sbin:/bin"],"Cmd":["sleep","99999"],"Image":"ubuntu:14.04","Volumes":null,"WorkingDir":"","Entrypoint":null,"OnBuild":null,"Labels":{}},"NetworkSettings":{"Bridge":"","SandboxID":"dce7bcdb8f56b8c372dc5b58f0cbf9b3a8d75e9795b8716e883eb54786212414","HairpinMode":false,"LinkLocalIPv6Address":"","LinkLocalIPv6PrefixLen":0,"Ports":{"8084/tcp":[{"HostIp":"0.0.0.0","HostPort":"8084"}]},"SandboxKey":"/var/run/docker/netns/dce7bcdb8f56","SecondaryIPAddresses":null,"SecondaryIPv6Addresses":null,"EndpointID":"f8646931daf0884a01cda98157e3a9da47583f87b2e153ba8f1fdab82503662e","Gateway":"172.17.0.1","GlobalIPv6Address":"","GlobalIPv6PrefixLen":0,"IPAddress":"172.17.0.2","IPPrefixLen":16,"IPv6Gateway":"","MacAddress":"02:42:ac:11:00:02","Networks":{"bridge":{"IPAMConfig":null,"Links":null,"Aliases":null,"NetworkID":"e0d36057aa1769e9fd52ba88be81b698b495f9b6b4946d0f98f24d971a27fc98","EndpointID":"f8646931daf0884a01cda98157e3a9da47583f87b2e153ba8f1fdab82503662e","Gateway":"172.17.0.1","IPAddress":"172.17.0.2","IPPrefixLen":16,"IPv6Gateway":"","GlobalIPv6Address":"","GlobalIPv6PrefixLen":0,"MacAddress":"02:42:ac:11:00:02"}}}}


02:20:43.720 [Test worker] DEBUG o.a.h.i.c.DefaultManagedHttpClientConnection - http-outgoing-47: Close connection
02:20:43.726 [Test worker] DEBUG o.a.h.impl.execchain.MainClientExec - Connection discarded
02:20:43.727 [Test worker] DEBUG c.g.d.j.JerseyDockerCmdExecFactory$1 - Connection released: [id: 47][route: {s}->https://Thesis:2376][total kept alive: 1; route allocated: 1 of 2; total allocated: 1 of 20]
02:20:43.727 [Test worker] DEBUG org.apache.http.wire - http-outgoing-47 << "[read] I/O error: Socket is closed"
02:20:43.727 [Test worker] DEBUG c.g.d.core.command.AbstrDockerCmd - Cmd: 6c4c3e3ab127fe71eb651c7e60dfc097c25aeec99dbcdb7524934257d40d617f,com.github.dockerjava.jaxrs.InspectNetworkCmdExec@1b174e9e
02:20:43.727 [Test worker] DEBUG c.g.d.jaxrs.ListNetworksCmdExec - GET: JerseyWebTarget { https://Thesis:2376/networks/6c4c3e3ab127fe71eb651c7e60dfc097c25aeec99dbcdb7524934257d40d617f }
02:20:43.727 [Test worker] DEBUG c.g.d.j.JerseyDockerCmdExecFactory - 27 * Sending client request on thread Test worker
27 > GET https://Thesis:2376/networks/6c4c3e3ab127fe71eb651c7e60dfc097c25aeec99dbcdb7524934257d40d617f
27 > Accept: application/json

02:20:43.728 [Test worker] DEBUG o.a.h.c.protocol.RequestAddCookies - CookieSpec selected: default
02:20:43.728 [Test worker] DEBUG o.a.h.c.protocol.RequestAuthCache - Auth cache not set in the context
02:20:43.728 [Test worker] DEBUG c.g.d.j.JerseyDockerCmdExecFactory$1 - Connection request: [route: {s}->https://Thesis:2376][total kept alive: 1; route allocated: 1 of 2; total allocated: 1 of 20]
02:20:43.728 [Test worker] DEBUG c.g.d.j.JerseyDockerCmdExecFactory$1 - Connection leased: [id: 48][route: {s}->https://Thesis:2376][total kept alive: 1; route allocated: 2 of 2; total allocated: 2 of 20]
02:20:43.728 [Test worker] DEBUG o.a.h.impl.execchain.MainClientExec - Opening connection {s}->https://Thesis:2376
02:20:43.728 [Test worker] DEBUG o.a.h.i.c.DefaultHttpClientConnectionOperator - Connecting to Thesis/127.0.1.1:2376
02:20:43.728 [Test worker] DEBUG o.a.h.c.s.SSLConnectionSocketFactory - Connecting socket to Thesis/127.0.1.1:2376 with timeout 0
02:20:43.729 [Test worker] DEBUG o.a.h.c.s.SSLConnectionSocketFactory - Enabled protocols: [TLSv1]
02:20:43.730 [Test worker] DEBUG o.a.h.c.s.SSLConnectionSocketFactory - Enabled cipher suites:[TLS_ECDHE_ECDSA_WITH_AES_128_CBC_SHA, TLS_ECDHE_RSA_WITH_AES_128_CBC_SHA, TLS_RSA_WITH_AES_128_CBC_SHA, TLS_ECDH_ECDSA_WITH_AES_128_CBC_SHA, TLS_ECDH_RSA_WITH_AES_128_CBC_SHA, TLS_DHE_RSA_WITH_AES_128_CBC_SHA, TLS_DHE_DSS_WITH_AES_128_CBC_SHA, TLS_ECDHE_ECDSA_WITH_3DES_EDE_CBC_SHA, TLS_ECDHE_RSA_WITH_3DES_EDE_CBC_SHA, SSL_RSA_WITH_3DES_EDE_CBC_SHA, TLS_ECDH_ECDSA_WITH_3DES_EDE_CBC_SHA, TLS_ECDH_RSA_WITH_3DES_EDE_CBC_SHA, SSL_DHE_RSA_WITH_3DES_EDE_CBC_SHA, SSL_DHE_DSS_WITH_3DES_EDE_CBC_SHA, TLS_ECDHE_ECDSA_WITH_RC4_128_SHA, TLS_ECDHE_RSA_WITH_RC4_128_SHA, SSL_RSA_WITH_RC4_128_SHA, TLS_ECDH_ECDSA_WITH_RC4_128_SHA, TLS_ECDH_RSA_WITH_RC4_128_SHA, SSL_RSA_WITH_RC4_128_MD5, TLS_EMPTY_RENEGOTIATION_INFO_SCSV]
02:20:43.730 [Test worker] DEBUG o.a.h.c.s.SSLConnectionSocketFactory - Starting handshake
02:20:43.795 [Test worker] DEBUG o.a.h.c.s.SSLConnectionSocketFactory - Secure session established
02:20:43.795 [Test worker] DEBUG o.a.h.c.s.SSLConnectionSocketFactory -  negotiated protocol: TLSv1
02:20:43.795 [Test worker] DEBUG o.a.h.c.s.SSLConnectionSocketFactory -  negotiated cipher suite: TLS_ECDHE_RSA_WITH_AES_128_CBC_SHA
02:20:43.795 [Test worker] DEBUG o.a.h.c.s.SSLConnectionSocketFactory -  peer principal: CN=Thesis
02:20:43.795 [Test worker] DEBUG o.a.h.c.s.SSLConnectionSocketFactory -  issuer principal: EMAILADDRESS=sha@yamil.com, CN=Thesis, OU=Open, O=Fra, L=BER, ST=BER, C=DE
02:20:43.796 [Test worker] DEBUG o.a.h.i.c.DefaultHttpClientConnectionOperator - Connection established 127.0.0.1:40972<->127.0.1.1:2376
02:20:43.796 [Test worker] DEBUG o.a.h.impl.execchain.MainClientExec - Executing request GET /networks/6c4c3e3ab127fe71eb651c7e60dfc097c25aeec99dbcdb7524934257d40d617f HTTP/1.1
02:20:43.796 [Test worker] DEBUG o.a.h.impl.execchain.MainClientExec - Target auth state: UNCHALLENGED
02:20:43.796 [Test worker] DEBUG o.a.h.impl.execchain.MainClientExec - Proxy auth state: UNCHALLENGED
02:20:43.796 [Test worker] DEBUG org.apache.http.headers - http-outgoing-48 >> GET /networks/6c4c3e3ab127fe71eb651c7e60dfc097c25aeec99dbcdb7524934257d40d617f HTTP/1.1
02:20:43.797 [Test worker] DEBUG org.apache.http.headers - http-outgoing-48 >> Accept: application/json
02:20:43.797 [Test worker] DEBUG org.apache.http.headers - http-outgoing-48 >> User-Agent: Jersey/2.23.1 (Apache HttpClient 4.5.1)
02:20:43.797 [Test worker] DEBUG org.apache.http.headers - http-outgoing-48 >> Host: Thesis:2376
02:20:43.797 [Test worker] DEBUG org.apache.http.headers - http-outgoing-48 >> Connection: Keep-Alive
02:20:43.797 [Test worker] DEBUG org.apache.http.headers - http-outgoing-48 >> Accept-Encoding: gzip,deflate
02:20:43.797 [Test worker] DEBUG org.apache.http.wire - http-outgoing-48 >> "GET /networks/6c4c3e3ab127fe71eb651c7e60dfc097c25aeec99dbcdb7524934257d40d617f HTTP/1.1[\r][\n]"
02:20:43.797 [Test worker] DEBUG org.apache.http.wire - http-outgoing-48 >> "Accept: application/json[\r][\n]"
02:20:43.798 [Test worker] DEBUG org.apache.http.wire - http-outgoing-48 >> "User-Agent: Jersey/2.23.1 (Apache HttpClient 4.5.1)[\r][\n]"
02:20:43.798 [Test worker] DEBUG org.apache.http.wire - http-outgoing-48 >> "Host: Thesis:2376[\r][\n]"
02:20:43.798 [Test worker] DEBUG org.apache.http.wire - http-outgoing-48 >> "Connection: Keep-Alive[\r][\n]"
02:20:43.798 [Test worker] DEBUG org.apache.http.wire - http-outgoing-48 >> "Accept-Encoding: gzip,deflate[\r][\n]"
02:20:43.798 [Test worker] DEBUG org.apache.http.wire - http-outgoing-48 >> "[\r][\n]"
02:20:43.799 [Test worker] DEBUG org.apache.http.wire - http-outgoing-48 << "H"
02:20:43.799 [Test worker] DEBUG org.apache.http.wire - http-outgoing-48 << "TTP/1.1 200 OK[\r][\n]"
02:20:43.799 [Test worker] DEBUG org.apache.http.wire - http-outgoing-48 << "Content-Type: application/json[\r][\n]"
02:20:43.799 [Test worker] DEBUG org.apache.http.wire - http-outgoing-48 << "Server: Docker/1.12.3 (linux)[\r][\n]"
02:20:43.799 [Test worker] DEBUG org.apache.http.wire - http-outgoing-48 << "Date: Tue, 03 Jan 2017 01:20:43 GMT[\r][\n]"
02:20:43.800 [Test worker] DEBUG org.apache.http.wire - http-outgoing-48 << "Content-Length: 311[\r][\n]"
02:20:43.800 [Test worker] DEBUG org.apache.http.wire - http-outgoing-48 << "[\r][\n]"
02:20:43.800 [Test worker] DEBUG org.apache.http.wire - http-outgoing-48 << "{"Name":"MyNetwork","Id":"6c4c3e3ab127fe71eb651c7e60dfc097c25aeec99dbcdb7524934257d40d617f","Scope":"local","Driver":"bridge","EnableIPv6":false,"IPAM":{"Driver":"default","Options":null,"Config":[{"Subnet":"172.18.0.0/16","Gateway":"172.18.0.1/16"}]},"Internal":false,"Containers":{},"Options":{},"Labels":{}}[\n]"
02:20:43.800 [Test worker] DEBUG org.apache.http.headers - http-outgoing-48 << HTTP/1.1 200 OK
02:20:43.800 [Test worker] DEBUG org.apache.http.headers - http-outgoing-48 << Content-Type: application/json
02:20:43.800 [Test worker] DEBUG org.apache.http.headers - http-outgoing-48 << Server: Docker/1.12.3 (linux)
02:20:43.800 [Test worker] DEBUG org.apache.http.headers - http-outgoing-48 << Date: Tue, 03 Jan 2017 01:20:43 GMT
02:20:43.801 [Test worker] DEBUG org.apache.http.headers - http-outgoing-48 << Content-Length: 311
02:20:43.801 [Test worker] DEBUG o.a.h.impl.execchain.MainClientExec - Connection can be kept alive indefinitely
02:20:43.801 [Test worker] DEBUG c.g.d.j.JerseyDockerCmdExecFactory - 28 * Client response received on thread Test worker
28 < 200
28 < Content-Length: 311
28 < Content-Type: application/json
28 < Date: Tue, 03 Jan 2017 01:20:43 GMT
28 < Server: Docker/1.12.3 (linux)
{"Name":"MyNetwork","Id":"6c4c3e3ab127fe71eb651c7e60dfc097c25aeec99dbcdb7524934257d40d617f","Scope":"local","Driver":"bridge","EnableIPv6":false,"IPAM":{"Driver":"default","Options":null,"Config":[{"Subnet":"172.18.0.0/16","Gateway":"172.18.0.1/16"}]},"Internal":false,"Containers":{},"Options":{},"Labels":{}}


02:20:43.803 [Test worker] DEBUG o.a.h.i.c.DefaultManagedHttpClientConnection - http-outgoing-48: Close connection
02:20:43.803 [Test worker] DEBUG o.a.h.impl.execchain.MainClientExec - Connection discarded
02:20:43.803 [Test worker] DEBUG c.g.d.j.JerseyDockerCmdExecFactory$1 - Connection released: [id: 48][route: {s}->https://Thesis:2376][total kept alive: 1; route allocated: 1 of 2; total allocated: 1 of 20]
02:20:43.803 [Test worker] DEBUG c.g.d.core.command.AbstrDockerCmd - Cmd: -1,<null>,true,<null>,<null>,com.github.dockerjava.core.util.FiltersBuilder@0,com.github.dockerjava.jaxrs.ListContainersCmdExec@26fe26cc
02:20:43.804 [Test worker] DEBUG c.g.d.j.JerseyDockerCmdExecFactory - 29 * Sending client request on thread Test worker
29 > GET https://Thesis:2376/containers/json?all=true
29 > Accept: application/json

02:20:43.809 [Test worker] DEBUG o.a.h.c.protocol.RequestAddCookies - CookieSpec selected: default
02:20:43.809 [Test worker] DEBUG o.a.h.c.protocol.RequestAuthCache - Auth cache not set in the context
02:20:43.809 [Test worker] DEBUG c.g.d.j.JerseyDockerCmdExecFactory$1 - Connection request: [route: {s}->https://Thesis:2376][total kept alive: 1; route allocated: 1 of 2; total allocated: 1 of 20]
02:20:43.810 [Test worker] DEBUG c.g.d.j.JerseyDockerCmdExecFactory$1 - Connection leased: [id: 49][route: {s}->https://Thesis:2376][total kept alive: 1; route allocated: 2 of 2; total allocated: 2 of 20]
02:20:43.810 [Test worker] DEBUG o.a.h.impl.execchain.MainClientExec - Opening connection {s}->https://Thesis:2376
02:20:43.810 [Test worker] DEBUG o.a.h.i.c.DefaultHttpClientConnectionOperator - Connecting to Thesis/127.0.1.1:2376
02:20:43.810 [Test worker] DEBUG o.a.h.c.s.SSLConnectionSocketFactory - Connecting socket to Thesis/127.0.1.1:2376 with timeout 0
02:20:43.811 [Test worker] DEBUG o.a.h.c.s.SSLConnectionSocketFactory - Enabled protocols: [TLSv1]
02:20:43.819 [Test worker] DEBUG o.a.h.c.s.SSLConnectionSocketFactory - Enabled cipher suites:[TLS_ECDHE_ECDSA_WITH_AES_128_CBC_SHA, TLS_ECDHE_RSA_WITH_AES_128_CBC_SHA, TLS_RSA_WITH_AES_128_CBC_SHA, TLS_ECDH_ECDSA_WITH_AES_128_CBC_SHA, TLS_ECDH_RSA_WITH_AES_128_CBC_SHA, TLS_DHE_RSA_WITH_AES_128_CBC_SHA, TLS_DHE_DSS_WITH_AES_128_CBC_SHA, TLS_ECDHE_ECDSA_WITH_3DES_EDE_CBC_SHA, TLS_ECDHE_RSA_WITH_3DES_EDE_CBC_SHA, SSL_RSA_WITH_3DES_EDE_CBC_SHA, TLS_ECDH_ECDSA_WITH_3DES_EDE_CBC_SHA, TLS_ECDH_RSA_WITH_3DES_EDE_CBC_SHA, SSL_DHE_RSA_WITH_3DES_EDE_CBC_SHA, SSL_DHE_DSS_WITH_3DES_EDE_CBC_SHA, TLS_ECDHE_ECDSA_WITH_RC4_128_SHA, TLS_ECDHE_RSA_WITH_RC4_128_SHA, SSL_RSA_WITH_RC4_128_SHA, TLS_ECDH_ECDSA_WITH_RC4_128_SHA, TLS_ECDH_RSA_WITH_RC4_128_SHA, SSL_RSA_WITH_RC4_128_MD5, TLS_EMPTY_RENEGOTIATION_INFO_SCSV]
02:20:43.819 [Test worker] DEBUG o.a.h.c.s.SSLConnectionSocketFactory - Starting handshake
02:20:43.909 [Test worker] DEBUG o.a.h.c.s.SSLConnectionSocketFactory - Secure session established
02:20:43.909 [Test worker] DEBUG o.a.h.c.s.SSLConnectionSocketFactory -  negotiated protocol: TLSv1
02:20:43.909 [Test worker] DEBUG o.a.h.c.s.SSLConnectionSocketFactory -  negotiated cipher suite: TLS_ECDHE_RSA_WITH_AES_128_CBC_SHA
02:20:43.910 [Test worker] DEBUG o.a.h.c.s.SSLConnectionSocketFactory -  peer principal: CN=Thesis
02:20:43.910 [Test worker] DEBUG o.a.h.c.s.SSLConnectionSocketFactory -  issuer principal: EMAILADDRESS=sha@yamil.com, CN=Thesis, OU=Open, O=Fra, L=BER, ST=BER, C=DE
02:20:43.910 [Test worker] DEBUG o.a.h.i.c.DefaultHttpClientConnectionOperator - Connection established 127.0.0.1:40974<->127.0.1.1:2376
02:20:43.910 [Test worker] DEBUG o.a.h.impl.execchain.MainClientExec - Executing request GET /containers/json?all=true HTTP/1.1
02:20:43.910 [Test worker] DEBUG o.a.h.impl.execchain.MainClientExec - Target auth state: UNCHALLENGED
02:20:43.910 [Test worker] DEBUG o.a.h.impl.execchain.MainClientExec - Proxy auth state: UNCHALLENGED
02:20:43.913 [Test worker] DEBUG org.apache.http.headers - http-outgoing-49 >> GET /containers/json?all=true HTTP/1.1
02:20:43.913 [Test worker] DEBUG org.apache.http.headers - http-outgoing-49 >> Accept: application/json
02:20:43.913 [Test worker] DEBUG org.apache.http.headers - http-outgoing-49 >> User-Agent: Jersey/2.23.1 (Apache HttpClient 4.5.1)
02:20:43.913 [Test worker] DEBUG org.apache.http.headers - http-outgoing-49 >> Host: Thesis:2376
02:20:43.913 [Test worker] DEBUG org.apache.http.headers - http-outgoing-49 >> Connection: Keep-Alive
02:20:43.914 [Test worker] DEBUG org.apache.http.headers - http-outgoing-49 >> Accept-Encoding: gzip,deflate
02:20:43.914 [Test worker] DEBUG org.apache.http.wire - http-outgoing-49 >> "GET /containers/json?all=true HTTP/1.1[\r][\n]"
02:20:43.914 [Test worker] DEBUG org.apache.http.wire - http-outgoing-49 >> "Accept: application/json[\r][\n]"
02:20:43.914 [Test worker] DEBUG org.apache.http.wire - http-outgoing-49 >> "User-Agent: Jersey/2.23.1 (Apache HttpClient 4.5.1)[\r][\n]"
02:20:43.914 [Test worker] DEBUG org.apache.http.wire - http-outgoing-49 >> "Host: Thesis:2376[\r][\n]"
02:20:43.914 [Test worker] DEBUG org.apache.http.wire - http-outgoing-49 >> "Connection: Keep-Alive[\r][\n]"
02:20:43.914 [Test worker] DEBUG org.apache.http.wire - http-outgoing-49 >> "Accept-Encoding: gzip,deflate[\r][\n]"
02:20:43.915 [Test worker] DEBUG org.apache.http.wire - http-outgoing-49 >> "[\r][\n]"
02:20:43.915 [Test worker] DEBUG org.apache.http.wire - http-outgoing-49 << "H"
02:20:43.915 [Test worker] DEBUG org.apache.http.wire - http-outgoing-49 << "TTP/1.1 200 OK[\r][\n]"
02:20:43.916 [Test worker] DEBUG org.apache.http.wire - http-outgoing-49 << "Content-Type: application/json[\r][\n]"
02:20:43.916 [Test worker] DEBUG org.apache.http.wire - http-outgoing-49 << "Server: Docker/1.12.3 (linux)[\r][\n]"
02:20:43.916 [Test worker] DEBUG org.apache.http.wire - http-outgoing-49 << "Date: Tue, 03 Jan 2017 01:20:43 GMT[\r][\n]"
02:20:43.916 [Test worker] DEBUG org.apache.http.wire - http-outgoing-49 << "Content-Length: 855[\r][\n]"
02:20:43.916 [Test worker] DEBUG org.apache.http.wire - http-outgoing-49 << "[\r][\n]"
02:20:43.916 [Test worker] DEBUG org.apache.http.wire - http-outgoing-49 << "[{"Id":"86a1b2f42ac713701a7972ec7caf9f1a88bf516f01868c0278b930247f8ac95b","Names":["/MyContainer"],"Image":"ubuntu:14.04","ImageID":"sha256:aae2b63c49461fcae4962e4a8043f66acf8e3af7e62f5ebceb70b181d8ca01e0","Command":"sleep 99999","Created":1483406442,"Ports":[{"IP":"0.0.0.0","PrivatePort":8084,"PublicPort":8084,"Type":"tcp"}],"Labels":{},"State":"running","Status":"Up Less than a second","HostConfig":{"NetworkMode":"default"},"NetworkSettings":{"Networks":{"bridge":{"IPAMConfig":null,"Links":null,"Aliases":null,"NetworkID":"e0d36057aa1769e9fd52ba88be81b698b495f9b6b4946d0f98f24d971a27fc98","EndpointID":"f8646931daf0884a01cda98157e3a9da47583f87b2e153ba8f1fdab82503662e","Gateway":"172.17.0.1","IPAddress":"172.17.0.2","IPPrefixLen":16,"IPv6Gateway":"","GlobalIPv6Address":"","GlobalIPv6PrefixLen":0,"MacAddress":"02:42:ac:11:00:02"}}},"Mounts":[]}][\n]"
02:20:43.916 [Test worker] DEBUG org.apache.http.headers - http-outgoing-49 << HTTP/1.1 200 OK
02:20:43.917 [Test worker] DEBUG org.apache.http.headers - http-outgoing-49 << Content-Type: application/json
02:20:43.917 [Test worker] DEBUG org.apache.http.headers - http-outgoing-49 << Server: Docker/1.12.3 (linux)
02:20:43.917 [Test worker] DEBUG org.apache.http.headers - http-outgoing-49 << Date: Tue, 03 Jan 2017 01:20:43 GMT
02:20:43.917 [Test worker] DEBUG org.apache.http.headers - http-outgoing-49 << Content-Length: 855
02:20:43.917 [Test worker] DEBUG o.a.h.impl.execchain.MainClientExec - Connection can be kept alive indefinitely
02:20:43.918 [Test worker] DEBUG c.g.d.j.JerseyDockerCmdExecFactory - 30 * Client response received on thread Test worker
30 < 200
30 < Content-Length: 855
30 < Content-Type: application/json
30 < Date: Tue, 03 Jan 2017 01:20:43 GMT
30 < Server: Docker/1.12.3 (linux)
[{"Id":"86a1b2f42ac713701a7972ec7caf9f1a88bf516f01868c0278b930247f8ac95b","Names":["/MyContainer"],"Image":"ubuntu:14.04","ImageID":"sha256:aae2b63c49461fcae4962e4a8043f66acf8e3af7e62f5ebceb70b181d8ca01e0","Command":"sleep 99999","Created":1483406442,"Ports":[{"IP":"0.0.0.0","PrivatePort":8084,"PublicPort":8084,"Type":"tcp"}],"Labels":{},"State":"running","Status":"Up Less than a second","HostConfig":{"NetworkMode":"default"},"NetworkSettings":{"Networks":{"bridge":{"IPAMConfig":null,"Links":null,"Aliases":null,"NetworkID":"e0d36057aa1769e9fd52ba88be81b698b495f9b6b4946d0f98f24d971a27fc98","EndpointID":"f8646931daf0884a01cda98157e3a9da47583f87b2e153ba8f1fdab82503662e","Gateway":"172.17.0.1","IPAddress":"172.17.0.2","IPPrefixLen":16,"IPv6Gateway":"","GlobalIPv6Address":"","GlobalIPv6PrefixLen":0,"MacAddress":"02:42:ac:11:00:02"}}},"Mounts":[]}]


02:20:43.922 [Test worker] DEBUG o.a.h.i.c.DefaultManagedHttpClientConnection - http-outgoing-49: Close connection
02:20:43.923 [Test worker] DEBUG o.a.h.impl.execchain.MainClientExec - Connection discarded
02:20:43.923 [Test worker] DEBUG c.g.d.j.JerseyDockerCmdExecFactory$1 - Connection released: [id: 49][route: {s}->https://Thesis:2376][total kept alive: 1; route allocated: 1 of 2; total allocated: 1 of 20]
02:20:43.923 [Test worker] DEBUG c.g.d.core.command.AbstrDockerCmd - Cmd: ListImagesCmdImpl[imageNameFilter=<null>,showAll=true,filters=com.github.dockerjava.core.util.FiltersBuilder@0,execution=com.github.dockerjava.jaxrs.ListImagesCmdExec@28ca8408]
02:20:43.924 [Test worker] DEBUG c.g.d.j.JerseyDockerCmdExecFactory - 31 * Sending client request on thread Test worker
31 > GET https://Thesis:2376/images/json?all=true
31 > Accept: application/json

02:20:43.924 [Test worker] DEBUG o.a.h.c.protocol.RequestAddCookies - CookieSpec selected: default
02:20:43.925 [Test worker] DEBUG o.a.h.c.protocol.RequestAuthCache - Auth cache not set in the context
02:20:43.925 [Test worker] DEBUG c.g.d.j.JerseyDockerCmdExecFactory$1 - Connection request: [route: {s}->https://Thesis:2376][total kept alive: 1; route allocated: 1 of 2; total allocated: 1 of 20]
02:20:43.925 [Test worker] DEBUG c.g.d.j.JerseyDockerCmdExecFactory$1 - Connection leased: [id: 50][route: {s}->https://Thesis:2376][total kept alive: 1; route allocated: 2 of 2; total allocated: 2 of 20]
02:20:43.925 [Test worker] DEBUG o.a.h.impl.execchain.MainClientExec - Opening connection {s}->https://Thesis:2376
02:20:43.925 [Test worker] DEBUG o.a.h.i.c.DefaultHttpClientConnectionOperator - Connecting to Thesis/127.0.1.1:2376
02:20:43.925 [Test worker] DEBUG o.a.h.c.s.SSLConnectionSocketFactory - Connecting socket to Thesis/127.0.1.1:2376 with timeout 0
02:20:43.927 [Test worker] DEBUG o.a.h.c.s.SSLConnectionSocketFactory - Enabled protocols: [TLSv1]
02:20:43.927 [Test worker] DEBUG o.a.h.c.s.SSLConnectionSocketFactory - Enabled cipher suites:[TLS_ECDHE_ECDSA_WITH_AES_128_CBC_SHA, TLS_ECDHE_RSA_WITH_AES_128_CBC_SHA, TLS_RSA_WITH_AES_128_CBC_SHA, TLS_ECDH_ECDSA_WITH_AES_128_CBC_SHA, TLS_ECDH_RSA_WITH_AES_128_CBC_SHA, TLS_DHE_RSA_WITH_AES_128_CBC_SHA, TLS_DHE_DSS_WITH_AES_128_CBC_SHA, TLS_ECDHE_ECDSA_WITH_3DES_EDE_CBC_SHA, TLS_ECDHE_RSA_WITH_3DES_EDE_CBC_SHA, SSL_RSA_WITH_3DES_EDE_CBC_SHA, TLS_ECDH_ECDSA_WITH_3DES_EDE_CBC_SHA, TLS_ECDH_RSA_WITH_3DES_EDE_CBC_SHA, SSL_DHE_RSA_WITH_3DES_EDE_CBC_SHA, SSL_DHE_DSS_WITH_3DES_EDE_CBC_SHA, TLS_ECDHE_ECDSA_WITH_RC4_128_SHA, TLS_ECDHE_RSA_WITH_RC4_128_SHA, SSL_RSA_WITH_RC4_128_SHA, TLS_ECDH_ECDSA_WITH_RC4_128_SHA, TLS_ECDH_RSA_WITH_RC4_128_SHA, SSL_RSA_WITH_RC4_128_MD5, TLS_EMPTY_RENEGOTIATION_INFO_SCSV]
02:20:43.927 [Test worker] DEBUG o.a.h.c.s.SSLConnectionSocketFactory - Starting handshake
02:20:44.002 [Test worker] DEBUG o.a.h.c.s.SSLConnectionSocketFactory - Secure session established
02:20:44.002 [Test worker] DEBUG o.a.h.c.s.SSLConnectionSocketFactory -  negotiated protocol: TLSv1
02:20:44.003 [Test worker] DEBUG o.a.h.c.s.SSLConnectionSocketFactory -  negotiated cipher suite: TLS_ECDHE_RSA_WITH_AES_128_CBC_SHA
02:20:44.003 [Test worker] DEBUG o.a.h.c.s.SSLConnectionSocketFactory -  peer principal: CN=Thesis
02:20:44.003 [Test worker] DEBUG o.a.h.c.s.SSLConnectionSocketFactory -  issuer principal: EMAILADDRESS=sha@yamil.com, CN=Thesis, OU=Open, O=Fra, L=BER, ST=BER, C=DE
02:20:44.003 [Test worker] DEBUG o.a.h.i.c.DefaultHttpClientConnectionOperator - Connection established 127.0.0.1:40976<->127.0.1.1:2376
02:20:44.003 [Test worker] DEBUG o.a.h.impl.execchain.MainClientExec - Executing request GET /images/json?all=true HTTP/1.1
02:20:44.003 [Test worker] DEBUG o.a.h.impl.execchain.MainClientExec - Target auth state: UNCHALLENGED
02:20:44.004 [Test worker] DEBUG o.a.h.impl.execchain.MainClientExec - Proxy auth state: UNCHALLENGED
02:20:44.004 [Test worker] DEBUG org.apache.http.headers - http-outgoing-50 >> GET /images/json?all=true HTTP/1.1
02:20:44.004 [Test worker] DEBUG org.apache.http.headers - http-outgoing-50 >> Accept: application/json
02:20:44.004 [Test worker] DEBUG org.apache.http.headers - http-outgoing-50 >> User-Agent: Jersey/2.23.1 (Apache HttpClient 4.5.1)
02:20:44.004 [Test worker] DEBUG org.apache.http.headers - http-outgoing-50 >> Host: Thesis:2376
02:20:44.004 [Test worker] DEBUG org.apache.http.headers - http-outgoing-50 >> Connection: Keep-Alive
02:20:44.004 [Test worker] DEBUG org.apache.http.headers - http-outgoing-50 >> Accept-Encoding: gzip,deflate
02:20:44.005 [Test worker] DEBUG org.apache.http.wire - http-outgoing-50 >> "GET /images/json?all=true HTTP/1.1[\r][\n]"
02:20:44.005 [Test worker] DEBUG org.apache.http.wire - http-outgoing-50 >> "Accept: application/json[\r][\n]"
02:20:44.005 [Test worker] DEBUG org.apache.http.wire - http-outgoing-50 >> "User-Agent: Jersey/2.23.1 (Apache HttpClient 4.5.1)[\r][\n]"
02:20:44.005 [Test worker] DEBUG org.apache.http.wire - http-outgoing-50 >> "Host: Thesis:2376[\r][\n]"
02:20:44.005 [Test worker] DEBUG org.apache.http.wire - http-outgoing-50 >> "Connection: Keep-Alive[\r][\n]"
02:20:44.005 [Test worker] DEBUG org.apache.http.wire - http-outgoing-50 >> "Accept-Encoding: gzip,deflate[\r][\n]"
02:20:44.006 [Test worker] DEBUG org.apache.http.wire - http-outgoing-50 >> "[\r][\n]"
02:20:44.007 [Test worker] DEBUG org.apache.http.wire - http-outgoing-50 << "H"
02:20:44.007 [Test worker] DEBUG org.apache.http.wire - http-outgoing-50 << "TTP/1.1 200 OK[\r][\n]"
02:20:44.007 [Test worker] DEBUG org.apache.http.wire - http-outgoing-50 << "Content-Type: application/json[\r][\n]"
02:20:44.007 [Test worker] DEBUG org.apache.http.wire - http-outgoing-50 << "Server: Docker/1.12.3 (linux)[\r][\n]"
02:20:44.007 [Test worker] DEBUG org.apache.http.wire - http-outgoing-50 << "Date: Tue, 03 Jan 2017 01:20:44 GMT[\r][\n]"
02:20:44.015 [Test worker] DEBUG org.apache.http.wire - http-outgoing-50 << "Content-Length: 1195[\r][\n]"
02:20:44.015 [Test worker] DEBUG org.apache.http.wire - http-outgoing-50 << "[\r][\n]"
02:20:44.015 [Test worker] DEBUG org.apache.http.wire - http-outgoing-50 << "[{"Id":"sha256:4ca3a192ff2a5b7e225e81dc006b6379c10776ed3619757a65608cb72de0a7f6","ParentId":"","RepoTags":["ubuntu:latest"],"RepoDigests":["ubuntu@sha256:3b64c309deae7ab0f7dbdd42b6b326261ccd6261da5d88396439353162703fb5"],"Created":1480449877,"Size":128206574,"VirtualSize":128206574,"Labels":{}},{"Id":"sha256:aae2b63c49461fcae4962e4a8043f66acf8e3af7e62f5ebceb70b181d8ca01e0","ParentId":"","RepoTags":["ubuntu:14.04"],"RepoDigests":["ubuntu@sha256:edb984703bd3e8981ff541a5b9297ca1b81fde6e6e8094d86e390a38ebc30b4d"],"Created":1480449856,"Size":187952254,"VirtualSize":187952254,"Labels":{}},{"Id":"sha256:e02e811dd08fd49e7f6032625495118e63f597eb150403d02e3238af1df240ba","ParentId":"","RepoTags":["busybox:latest"],"RepoDigests":["busybox@sha256:29f5d56d12684887bdfa50dcd29fc31eea4aaf4ad3bec43daf19026a7ce69912"],"Created":1475874238,"Size":1093484,"VirtualSize":1093484,"Labels":{}},{"Id":"sha256:d654de4499473ed41349b54a988b6f46a7fc92e3fa2d61e102bf2660a0116e25","ParentId":"","RepoTags":["sakib37/iperf3:latest"],"RepoDigests":["sakib37/iperf3@sha256:8d80a810f8f508c074b14d02555f20110eac382c8dbda7252075392983629d40"],"Created":1474907599,"Size":199456654,"VirtualSize":199456654,"Labels":{}}][\n]"
02:20:44.017 [Test worker] DEBUG org.apache.http.headers - http-outgoing-50 << HTTP/1.1 200 OK
02:20:44.017 [Test worker] DEBUG org.apache.http.headers - http-outgoing-50 << Content-Type: application/json
02:20:44.018 [Test worker] DEBUG org.apache.http.headers - http-outgoing-50 << Server: Docker/1.12.3 (linux)
02:20:44.018 [Test worker] DEBUG org.apache.http.headers - http-outgoing-50 << Date: Tue, 03 Jan 2017 01:20:44 GMT
02:20:44.018 [Test worker] DEBUG org.apache.http.headers - http-outgoing-50 << Content-Length: 1195
02:20:44.018 [Test worker] DEBUG o.a.h.impl.execchain.MainClientExec - Connection can be kept alive indefinitely
02:20:44.019 [Test worker] DEBUG c.g.d.j.JerseyDockerCmdExecFactory - 32 * Client response received on thread Test worker
32 < 200
32 < Content-Length: 1195
32 < Content-Type: application/json
32 < Date: Tue, 03 Jan 2017 01:20:44 GMT
32 < Server: Docker/1.12.3 (linux)
[{"Id":"sha256:4ca3a192ff2a5b7e225e81dc006b6379c10776ed3619757a65608cb72de0a7f6","ParentId":"","RepoTags":["ubuntu:latest"],"RepoDigests":["ubuntu@sha256:3b64c309deae7ab0f7dbdd42b6b326261ccd6261da5d88396439353162703fb5"],"Created":1480449877,"Size":128206574,"VirtualSize":128206574,"Labels":{}},{"Id":"sha256:aae2b63c49461fcae4962e4a8043f66acf8e3af7e62f5ebceb70b181d8ca01e0","ParentId":"","RepoTags":["ubuntu:14.04"],"RepoDigests":["ubuntu@sha256:edb984703bd3e8981ff541a5b9297ca1b81fde6e6e8094d86e390a38ebc30b4d"],"Created":1480449856,"Size":187952254,"VirtualSize":187952254,"Labels":{}},{"Id":"sha256:e02e811dd08fd49e7f6032625495118e63f597eb150403d02e3238af1df240ba","ParentId":"","RepoTags":["busybox:latest"],"RepoDigests":["busybox@sha256:29f5d56d12684887bdfa50dcd29fc31eea4aaf4ad3bec43daf19026a7ce69912"],"Created":1475874238,"Size":1093484,"VirtualSize":1093484,"Labels":{}},{"Id":"sha256:d654de4499473ed41349b54a988b6f46a7fc92e3fa2d61e102bf2660a0116e25","ParentId":"","RepoTags":["sakib37/iperf3:latest"],"RepoDigests":["sakib37/iperf3@sha256:8d80a810f8f508c074b14d02555f20110eac382c8dbda7252075392983629d40"],"Created":1474907599,"Size":199456654,"VirtualSize":199456654,"Labels":{}}]


02:20:44.020 [Test worker] DEBUG o.a.h.i.c.DefaultManagedHttpClientConnection - http-outgoing-50: Close connection
02:20:44.021 [Test worker] DEBUG o.a.h.impl.execchain.MainClientExec - Connection discarded
02:20:44.021 [Test worker] DEBUG c.g.d.j.JerseyDockerCmdExecFactory$1 - Connection released: [id: 50][route: {s}->https://Thesis:2376][total kept alive: 1; route allocated: 1 of 2; total allocated: 1 of 20]
02:20:44.021 [Test worker] DEBUG org.openbaton.docker.DockerVim - Found a docker image, transformed into a NFV Image Image{id='sha256:aae2b63c49461fcae4962e4a8043f66acf8e3af7e62f5ebceb70b181d8ca01e0', name='ubuntu:14.04', version=0, extId='null', minRam='0', minDiskSpace='0', minCPU='null', public='true', diskFormat='null', containerFormat='docker', created='Sun Jan 18 04:14:09 CET 1970', updated='null'}
02:20:44.021 [Test worker] DEBUG c.g.d.core.command.AbstrDockerCmd - Cmd: 86a1b2f42ac713701a7972ec7caf9f1a88bf516f01868c0278b930247f8ac95b,<null>,true,com.github.dockerjava.jaxrs.RemoveContainerCmdExec@24e9b66c
02:20:44.022 [Test worker] DEBUG c.g.d.j.JerseyDockerCmdExecFactory - 33 * Sending client request on thread Test worker
33 > DELETE https://Thesis:2376/containers/86a1b2f42ac713701a7972ec7caf9f1a88bf516f01868c0278b930247f8ac95b?force=true
33 > Accept: application/json

02:20:44.023 [Test worker] DEBUG o.a.h.c.protocol.RequestAddCookies - CookieSpec selected: default
02:20:44.023 [Test worker] DEBUG o.a.h.c.protocol.RequestAuthCache - Auth cache not set in the context
02:20:44.023 [Test worker] DEBUG c.g.d.j.JerseyDockerCmdExecFactory$1 - Connection request: [route: {s}->https://Thesis:2376][total kept alive: 1; route allocated: 1 of 2; total allocated: 1 of 20]
02:20:44.023 [Test worker] DEBUG c.g.d.j.JerseyDockerCmdExecFactory$1 - Connection leased: [id: 51][route: {s}->https://Thesis:2376][total kept alive: 1; route allocated: 2 of 2; total allocated: 2 of 20]
02:20:44.023 [Test worker] DEBUG o.a.h.impl.execchain.MainClientExec - Opening connection {s}->https://Thesis:2376
02:20:44.024 [Test worker] DEBUG o.a.h.i.c.DefaultHttpClientConnectionOperator - Connecting to Thesis/127.0.1.1:2376
02:20:44.024 [Test worker] DEBUG o.a.h.c.s.SSLConnectionSocketFactory - Connecting socket to Thesis/127.0.1.1:2376 with timeout 0
02:20:44.024 [Test worker] DEBUG o.a.h.c.s.SSLConnectionSocketFactory - Enabled protocols: [TLSv1]
02:20:44.025 [Test worker] DEBUG o.a.h.c.s.SSLConnectionSocketFactory - Enabled cipher suites:[TLS_ECDHE_ECDSA_WITH_AES_128_CBC_SHA, TLS_ECDHE_RSA_WITH_AES_128_CBC_SHA, TLS_RSA_WITH_AES_128_CBC_SHA, TLS_ECDH_ECDSA_WITH_AES_128_CBC_SHA, TLS_ECDH_RSA_WITH_AES_128_CBC_SHA, TLS_DHE_RSA_WITH_AES_128_CBC_SHA, TLS_DHE_DSS_WITH_AES_128_CBC_SHA, TLS_ECDHE_ECDSA_WITH_3DES_EDE_CBC_SHA, TLS_ECDHE_RSA_WITH_3DES_EDE_CBC_SHA, SSL_RSA_WITH_3DES_EDE_CBC_SHA, TLS_ECDH_ECDSA_WITH_3DES_EDE_CBC_SHA, TLS_ECDH_RSA_WITH_3DES_EDE_CBC_SHA, SSL_DHE_RSA_WITH_3DES_EDE_CBC_SHA, SSL_DHE_DSS_WITH_3DES_EDE_CBC_SHA, TLS_ECDHE_ECDSA_WITH_RC4_128_SHA, TLS_ECDHE_RSA_WITH_RC4_128_SHA, SSL_RSA_WITH_RC4_128_SHA, TLS_ECDH_ECDSA_WITH_RC4_128_SHA, TLS_ECDH_RSA_WITH_RC4_128_SHA, SSL_RSA_WITH_RC4_128_MD5, TLS_EMPTY_RENEGOTIATION_INFO_SCSV]
02:20:44.025 [Test worker] DEBUG o.a.h.c.s.SSLConnectionSocketFactory - Starting handshake
02:20:44.097 [Test worker] DEBUG o.a.h.c.s.SSLConnectionSocketFactory - Secure session established
02:20:44.097 [Test worker] DEBUG o.a.h.c.s.SSLConnectionSocketFactory -  negotiated protocol: TLSv1
02:20:44.097 [Test worker] DEBUG o.a.h.c.s.SSLConnectionSocketFactory -  negotiated cipher suite: TLS_ECDHE_RSA_WITH_AES_128_CBC_SHA
02:20:44.097 [Test worker] DEBUG o.a.h.c.s.SSLConnectionSocketFactory -  peer principal: CN=Thesis
02:20:44.098 [Test worker] DEBUG o.a.h.c.s.SSLConnectionSocketFactory -  issuer principal: EMAILADDRESS=sha@yamil.com, CN=Thesis, OU=Open, O=Fra, L=BER, ST=BER, C=DE
02:20:44.098 [Test worker] DEBUG o.a.h.i.c.DefaultHttpClientConnectionOperator - Connection established 127.0.0.1:40978<->127.0.1.1:2376
02:20:44.098 [Test worker] DEBUG o.a.h.impl.execchain.MainClientExec - Executing request DELETE /containers/86a1b2f42ac713701a7972ec7caf9f1a88bf516f01868c0278b930247f8ac95b?force=true HTTP/1.1
02:20:44.098 [Test worker] DEBUG o.a.h.impl.execchain.MainClientExec - Target auth state: UNCHALLENGED
02:20:44.098 [Test worker] DEBUG o.a.h.impl.execchain.MainClientExec - Proxy auth state: UNCHALLENGED
02:20:44.099 [Test worker] DEBUG org.apache.http.headers - http-outgoing-51 >> DELETE /containers/86a1b2f42ac713701a7972ec7caf9f1a88bf516f01868c0278b930247f8ac95b?force=true HTTP/1.1
02:20:44.099 [Test worker] DEBUG org.apache.http.headers - http-outgoing-51 >> Accept: application/json
02:20:44.099 [Test worker] DEBUG org.apache.http.headers - http-outgoing-51 >> User-Agent: Jersey/2.23.1 (Apache HttpClient 4.5.1)
02:20:44.099 [Test worker] DEBUG org.apache.http.headers - http-outgoing-51 >> Host: Thesis:2376
02:20:44.099 [Test worker] DEBUG org.apache.http.headers - http-outgoing-51 >> Connection: Keep-Alive
02:20:44.099 [Test worker] DEBUG org.apache.http.headers - http-outgoing-51 >> Accept-Encoding: gzip,deflate
02:20:44.100 [Test worker] DEBUG org.apache.http.wire - http-outgoing-51 >> "DELETE /containers/86a1b2f42ac713701a7972ec7caf9f1a88bf516f01868c0278b930247f8ac95b?force=true HTTP/1.1[\r][\n]"
02:20:44.100 [Test worker] DEBUG org.apache.http.wire - http-outgoing-51 >> "Accept: application/json[\r][\n]"
02:20:44.100 [Test worker] DEBUG org.apache.http.wire - http-outgoing-51 >> "User-Agent: Jersey/2.23.1 (Apache HttpClient 4.5.1)[\r][\n]"
02:20:44.100 [Test worker] DEBUG org.apache.http.wire - http-outgoing-51 >> "Host: Thesis:2376[\r][\n]"
02:20:44.100 [Test worker] DEBUG org.apache.http.wire - http-outgoing-51 >> "Connection: Keep-Alive[\r][\n]"
02:20:44.100 [Test worker] DEBUG org.apache.http.wire - http-outgoing-51 >> "Accept-Encoding: gzip,deflate[\r][\n]"
02:20:44.100 [Test worker] DEBUG org.apache.http.wire - http-outgoing-51 >> "[\r][\n]"
02:20:44.198 [Test worker] DEBUG org.apache.http.wire - http-outgoing-51 << "H"
02:20:44.199 [Test worker] DEBUG org.apache.http.wire - http-outgoing-51 << "TTP/1.1 204 No Content[\r][\n]"
02:20:44.199 [Test worker] DEBUG org.apache.http.wire - http-outgoing-51 << "Server: Docker/1.12.3 (linux)[\r][\n]"
02:20:44.199 [Test worker] DEBUG org.apache.http.wire - http-outgoing-51 << "Date: Tue, 03 Jan 2017 01:20:44 GMT[\r][\n]"
02:20:44.199 [Test worker] DEBUG org.apache.http.wire - http-outgoing-51 << "[\r][\n]"
02:20:44.199 [Test worker] DEBUG org.apache.http.headers - http-outgoing-51 << HTTP/1.1 204 No Content
02:20:44.199 [Test worker] DEBUG org.apache.http.headers - http-outgoing-51 << Server: Docker/1.12.3 (linux)
02:20:44.199 [Test worker] DEBUG org.apache.http.headers - http-outgoing-51 << Date: Tue, 03 Jan 2017 01:20:44 GMT
02:20:44.199 [Test worker] DEBUG o.a.h.impl.execchain.MainClientExec - Connection can be kept alive indefinitely
02:20:44.200 [Test worker] DEBUG c.g.d.j.JerseyDockerCmdExecFactory$1 - Connection [id: 51][route: {s}->https://Thesis:2376][state: CN=Thesis] can be kept alive indefinitely
02:20:44.200 [Test worker] DEBUG c.g.d.j.JerseyDockerCmdExecFactory$1 - Connection released: [id: 51][route: {s}->https://Thesis:2376][state: CN=Thesis][total kept alive: 2; route allocated: 2 of 2; total allocated: 2 of 20]
02:20:44.200 [Test worker] DEBUG c.g.d.j.JerseyDockerCmdExecFactory - 34 * Client response received on thread Test worker
34 < 204
34 < Date: Tue, 03 Jan 2017 01:20:44 GMT
34 < Server: Docker/1.12.3 (linux)

02:20:44.200 [Test worker] DEBUG org.openbaton.docker.DockerVim - Server deleted successfully
02:20:44.200 [Test worker] DEBUG c.g.d.core.command.AbstrDockerCmd - Cmd: com.github.dockerjava.core.util.FiltersBuilder@0,com.github.dockerjava.jaxrs.ListNetworksCmdExec@767c3235
02:20:44.200 [Test worker] DEBUG c.g.d.j.JerseyDockerCmdExecFactory - 35 * Sending client request on thread Test worker
35 > GET https://Thesis:2376/networks
35 > Accept: application/json

02:20:44.201 [Test worker] DEBUG o.a.h.c.protocol.RequestAddCookies - CookieSpec selected: default
02:20:44.201 [Test worker] DEBUG o.a.h.c.protocol.RequestAuthCache - Auth cache not set in the context
02:20:44.201 [Test worker] DEBUG c.g.d.j.JerseyDockerCmdExecFactory$1 - Connection request: [route: {s}->https://Thesis:2376][total kept alive: 2; route allocated: 2 of 2; total allocated: 2 of 20]
02:20:44.201 [Test worker] DEBUG o.a.h.i.c.DefaultManagedHttpClientConnection - http-outgoing-46: Close connection
02:20:44.206 [Test worker] DEBUG c.g.d.j.JerseyDockerCmdExecFactory$1 - Connection leased: [id: 52][route: {s}->https://Thesis:2376][total kept alive: 1; route allocated: 2 of 2; total allocated: 2 of 20]
02:20:44.206 [Test worker] DEBUG o.a.h.impl.execchain.MainClientExec - Opening connection {s}->https://Thesis:2376
02:20:44.206 [Test worker] DEBUG o.a.h.i.c.DefaultHttpClientConnectionOperator - Connecting to Thesis/127.0.1.1:2376
02:20:44.217 [Test worker] DEBUG o.a.h.c.s.SSLConnectionSocketFactory - Connecting socket to Thesis/127.0.1.1:2376 with timeout 0
02:20:44.218 [Test worker] DEBUG o.a.h.c.s.SSLConnectionSocketFactory - Enabled protocols: [TLSv1]
02:20:44.222 [Test worker] DEBUG o.a.h.c.s.SSLConnectionSocketFactory - Enabled cipher suites:[TLS_ECDHE_ECDSA_WITH_AES_128_CBC_SHA, TLS_ECDHE_RSA_WITH_AES_128_CBC_SHA, TLS_RSA_WITH_AES_128_CBC_SHA, TLS_ECDH_ECDSA_WITH_AES_128_CBC_SHA, TLS_ECDH_RSA_WITH_AES_128_CBC_SHA, TLS_DHE_RSA_WITH_AES_128_CBC_SHA, TLS_DHE_DSS_WITH_AES_128_CBC_SHA, TLS_ECDHE_ECDSA_WITH_3DES_EDE_CBC_SHA, TLS_ECDHE_RSA_WITH_3DES_EDE_CBC_SHA, SSL_RSA_WITH_3DES_EDE_CBC_SHA, TLS_ECDH_ECDSA_WITH_3DES_EDE_CBC_SHA, TLS_ECDH_RSA_WITH_3DES_EDE_CBC_SHA, SSL_DHE_RSA_WITH_3DES_EDE_CBC_SHA, SSL_DHE_DSS_WITH_3DES_EDE_CBC_SHA, TLS_ECDHE_ECDSA_WITH_RC4_128_SHA, TLS_ECDHE_RSA_WITH_RC4_128_SHA, SSL_RSA_WITH_RC4_128_SHA, TLS_ECDH_ECDSA_WITH_RC4_128_SHA, TLS_ECDH_RSA_WITH_RC4_128_SHA, SSL_RSA_WITH_RC4_128_MD5, TLS_EMPTY_RENEGOTIATION_INFO_SCSV]
02:20:44.223 [Test worker] DEBUG o.a.h.c.s.SSLConnectionSocketFactory - Starting handshake
02:20:44.297 [Test worker] DEBUG o.a.h.c.s.SSLConnectionSocketFactory - Secure session established
02:20:44.298 [Test worker] DEBUG o.a.h.c.s.SSLConnectionSocketFactory -  negotiated protocol: TLSv1
02:20:44.298 [Test worker] DEBUG o.a.h.c.s.SSLConnectionSocketFactory -  negotiated cipher suite: TLS_ECDHE_RSA_WITH_AES_128_CBC_SHA
02:20:44.298 [Test worker] DEBUG o.a.h.c.s.SSLConnectionSocketFactory -  peer principal: CN=Thesis
02:20:44.298 [Test worker] DEBUG o.a.h.c.s.SSLConnectionSocketFactory -  issuer principal: EMAILADDRESS=sha@yamil.com, CN=Thesis, OU=Open, O=Fra, L=BER, ST=BER, C=DE
02:20:44.299 [Test worker] DEBUG o.a.h.i.c.DefaultHttpClientConnectionOperator - Connection established 127.0.0.1:40980<->127.0.1.1:2376
02:20:44.299 [Test worker] DEBUG o.a.h.impl.execchain.MainClientExec - Executing request GET /networks HTTP/1.1
02:20:44.299 [Test worker] DEBUG o.a.h.impl.execchain.MainClientExec - Target auth state: UNCHALLENGED
02:20:44.300 [Test worker] DEBUG o.a.h.impl.execchain.MainClientExec - Proxy auth state: UNCHALLENGED
02:20:44.300 [Test worker] DEBUG org.apache.http.headers - http-outgoing-52 >> GET /networks HTTP/1.1
02:20:44.300 [Test worker] DEBUG org.apache.http.headers - http-outgoing-52 >> Accept: application/json
02:20:44.300 [Test worker] DEBUG org.apache.http.headers - http-outgoing-52 >> User-Agent: Jersey/2.23.1 (Apache HttpClient 4.5.1)
02:20:44.300 [Test worker] DEBUG org.apache.http.headers - http-outgoing-52 >> Host: Thesis:2376
02:20:44.300 [Test worker] DEBUG org.apache.http.headers - http-outgoing-52 >> Connection: Keep-Alive
02:20:44.301 [Test worker] DEBUG org.apache.http.headers - http-outgoing-52 >> Accept-Encoding: gzip,deflate
02:20:44.301 [Test worker] DEBUG org.apache.http.wire - http-outgoing-52 >> "GET /networks HTTP/1.1[\r][\n]"
02:20:44.301 [Test worker] DEBUG org.apache.http.wire - http-outgoing-52 >> "Accept: application/json[\r][\n]"
02:20:44.301 [Test worker] DEBUG org.apache.http.wire - http-outgoing-52 >> "User-Agent: Jersey/2.23.1 (Apache HttpClient 4.5.1)[\r][\n]"
02:20:44.301 [Test worker] DEBUG org.apache.http.wire - http-outgoing-52 >> "Host: Thesis:2376[\r][\n]"
02:20:44.301 [Test worker] DEBUG org.apache.http.wire - http-outgoing-52 >> "Connection: Keep-Alive[\r][\n]"
02:20:44.302 [Test worker] DEBUG org.apache.http.wire - http-outgoing-52 >> "Accept-Encoding: gzip,deflate[\r][\n]"
02:20:44.302 [Test worker] DEBUG org.apache.http.wire - http-outgoing-52 >> "[\r][\n]"
02:20:44.302 [Test worker] DEBUG org.apache.http.wire - http-outgoing-52 << "H"
02:20:44.303 [Test worker] DEBUG org.apache.http.wire - http-outgoing-52 << "TTP/1.1 200 OK[\r][\n]"
02:20:44.303 [Test worker] DEBUG org.apache.http.wire - http-outgoing-52 << "Content-Type: application/json[\r][\n]"
02:20:44.303 [Test worker] DEBUG org.apache.http.wire - http-outgoing-52 << "Server: Docker/1.12.3 (linux)[\r][\n]"
02:20:44.303 [Test worker] DEBUG org.apache.http.wire - http-outgoing-52 << "Date: Tue, 03 Jan 2017 01:20:44 GMT[\r][\n]"
02:20:44.303 [Test worker] DEBUG org.apache.http.wire - http-outgoing-52 << "Content-Length: 1411[\r][\n]"
02:20:44.303 [Test worker] DEBUG org.apache.http.wire - http-outgoing-52 << "[\r][\n]"
02:20:44.303 [Test worker] DEBUG org.apache.http.wire - http-outgoing-52 << "[{"Name":"bridge","Id":"e0d36057aa1769e9fd52ba88be81b698b495f9b6b4946d0f98f24d971a27fc98","Scope":"local","Driver":"bridge","EnableIPv6":false,"IPAM":{"Driver":"default","Options":null,"Config":[{"Subnet":"172.17.0.0/16","Gateway":"172.17.0.1"}]},"Internal":false,"Containers":{},"Options":{"com.docker.network.bridge.default_bridge":"true","com.docker.network.bridge.enable_icc":"true","com.docker.network.bridge.enable_ip_masquerade":"true","com.docker.network.bridge.host_binding_ipv4":"0.0.0.0","com.docker.network.bridge.name":"docker0","com.docker.network.driver.mtu":"1500"},"Labels":{}},{"Name":"host","Id":"fe042b0866671b5be4f097ba43830c0a02959c058702d18e18c14a24d88a357d","Scope":"local","Driver":"host","EnableIPv6":false,"IPAM":{"Driver":"default","Options":null,"Config":[]},"Internal":false,"Containers":{},"Options":{},"Labels":{}},{"Name":"MyNetwork","Id":"6c4c3e3ab127fe71eb651c7e60dfc097c25aeec99dbcdb7524934257d40d617f","Scope":"local","Driver":"bridge","EnableIPv6":false,"IPAM":{"Driver":"default","Options":null,"Config":[{"Subnet":"172.18.0.0/16","Gateway":"172.18.0.1/16"}]},"Internal":false,"Containers":{},"Options":{},"Labels":{}},{"Name":"none","Id":"4d89c194eb79cd2beb38458d10a1b98c74d6b8462af72afde29ae7aca53ed5ca","Scope":"local","Driver":"null","EnableIPv6":false,"IPAM":{"Driver":"default","Options":null,"Config":[]},"Internal":false,"Containers":{},"Options":{},"Labels":{}}][\n]"
02:20:44.304 [Test worker] DEBUG org.apache.http.headers - http-outgoing-52 << HTTP/1.1 200 OK
02:20:44.304 [Test worker] DEBUG org.apache.http.headers - http-outgoing-52 << Content-Type: application/json
02:20:44.304 [Test worker] DEBUG org.apache.http.headers - http-outgoing-52 << Server: Docker/1.12.3 (linux)
02:20:44.304 [Test worker] DEBUG org.apache.http.headers - http-outgoing-52 << Date: Tue, 03 Jan 2017 01:20:44 GMT
02:20:44.304 [Test worker] DEBUG org.apache.http.headers - http-outgoing-52 << Content-Length: 1411
02:20:44.304 [Test worker] DEBUG o.a.h.impl.execchain.MainClientExec - Connection can be kept alive indefinitely
02:20:44.305 [Test worker] DEBUG c.g.d.j.JerseyDockerCmdExecFactory - 36 * Client response received on thread Test worker
36 < 200
36 < Content-Length: 1411
36 < Content-Type: application/json
36 < Date: Tue, 03 Jan 2017 01:20:44 GMT
36 < Server: Docker/1.12.3 (linux)
[{"Name":"bridge","Id":"e0d36057aa1769e9fd52ba88be81b698b495f9b6b4946d0f98f24d971a27fc98","Scope":"local","Driver":"bridge","EnableIPv6":false,"IPAM":{"Driver":"default","Options":null,"Config":[{"Subnet":"172.17.0.0/16","Gateway":"172.17.0.1"}]},"Internal":false,"Containers":{},"Options":{"com.docker.network.bridge.default_bridge":"true","com.docker.network.bridge.enable_icc":"true","com.docker.network.bridge.enable_ip_masquerade":"true","com.docker.network.bridge.host_binding_ipv4":"0.0.0.0","com.docker.network.bridge.name":"docker0","com.docker.network.driver.mtu":"1500"},"Labels":{}},{"Name":"host","Id":"fe042b0866671b5be4f097ba43830c0a02959c058702d18e18c14a24d88a357d","Scope":"local","Driver":"host","EnableIPv6":false,"IPAM":{"Driver":"default","Options":null,"Config":[]},"Internal":false,"Containers":{},"Options":{},"Labels":{}},{"Name":"MyNetwork","Id":"6c4c3e3ab127fe71eb651c7e60dfc097c25aeec99dbcdb7524934257d40d617f","Scope":"local","Driver":"bridge","EnableIPv6":false,"IPAM":{"Driver":"default","Options":null,"Config":[{"Subnet":"172.18.0.0/16","Gateway":"172.18.0.1/16"}]},"Internal":false,"Containers":{},"Options":{},"Labels":{}},{"Name":"none","Id":"4d89c194eb79cd2beb38458d10a1b98c74d6b8462af72afde29ae7aca53ed5ca","Scope":"local","Driver":"null","EnableIPv6":false,"IPAM":{"Driver":"default","Options":null,"Config":[]},"Internal":false,"Containers":{},"Options":{},"Labels":{}}]


02:20:44.306 [Test worker] DEBUG o.a.h.i.c.DefaultManagedHttpClientConnection - http-outgoing-52: Close connection
02:20:44.307 [Test worker] DEBUG o.a.h.impl.execchain.MainClientExec - Connection discarded
02:20:44.314 [Test worker] DEBUG c.g.d.j.JerseyDockerCmdExecFactory$1 - Connection released: [id: 52][route: {s}->https://Thesis:2376][total kept alive: 1; route allocated: 1 of 2; total allocated: 1 of 20]
02:20:44.315 [Test worker] DEBUG org.openbaton.docker.DockerVim - Found a docker network, transformed into a NFV network Network{id='6c4c3e3ab127fe71eb651c7e60dfc097c25aeec99dbcdb7524934257d40d617f', name='MyNetwork', extId='null', external=false, shared=false, subnets=[Subnet{id='null', version=0, name='bridge', extId='null', networkId='172.18.0.0/16', cidr='null', gatewayIp='172.18.0.1/16'}]}
02:20:44.315 [Test worker] DEBUG c.g.d.core.command.AbstrDockerCmd - Cmd: 6c4c3e3ab127fe71eb651c7e60dfc097c25aeec99dbcdb7524934257d40d617f,com.github.dockerjava.jaxrs.RemoveNetworkCmdExec@7e6c5624
02:20:44.315 [Test worker] DEBUG c.g.d.j.JerseyDockerCmdExecFactory - 37 * Sending client request on thread Test worker
37 > DELETE https://Thesis:2376/networks/6c4c3e3ab127fe71eb651c7e60dfc097c25aeec99dbcdb7524934257d40d617f
37 > Accept: application/json

02:20:44.316 [Test worker] DEBUG o.a.h.c.protocol.RequestAddCookies - CookieSpec selected: default
02:20:44.316 [Test worker] DEBUG o.a.h.c.protocol.RequestAuthCache - Auth cache not set in the context
02:20:44.317 [Test worker] DEBUG c.g.d.j.JerseyDockerCmdExecFactory$1 - Connection request: [route: {s}->https://Thesis:2376][total kept alive: 1; route allocated: 1 of 2; total allocated: 1 of 20]
02:20:44.317 [Test worker] DEBUG c.g.d.j.JerseyDockerCmdExecFactory$1 - Connection leased: [id: 53][route: {s}->https://Thesis:2376][total kept alive: 1; route allocated: 2 of 2; total allocated: 2 of 20]
02:20:44.317 [Test worker] DEBUG o.a.h.impl.execchain.MainClientExec - Opening connection {s}->https://Thesis:2376
02:20:44.317 [Test worker] DEBUG o.a.h.i.c.DefaultHttpClientConnectionOperator - Connecting to Thesis/127.0.1.1:2376
02:20:44.317 [Test worker] DEBUG o.a.h.c.s.SSLConnectionSocketFactory - Connecting socket to Thesis/127.0.1.1:2376 with timeout 0
02:20:44.318 [Test worker] DEBUG o.a.h.c.s.SSLConnectionSocketFactory - Enabled protocols: [TLSv1]
02:20:44.319 [Test worker] DEBUG o.a.h.c.s.SSLConnectionSocketFactory - Enabled cipher suites:[TLS_ECDHE_ECDSA_WITH_AES_128_CBC_SHA, TLS_ECDHE_RSA_WITH_AES_128_CBC_SHA, TLS_RSA_WITH_AES_128_CBC_SHA, TLS_ECDH_ECDSA_WITH_AES_128_CBC_SHA, TLS_ECDH_RSA_WITH_AES_128_CBC_SHA, TLS_DHE_RSA_WITH_AES_128_CBC_SHA, TLS_DHE_DSS_WITH_AES_128_CBC_SHA, TLS_ECDHE_ECDSA_WITH_3DES_EDE_CBC_SHA, TLS_ECDHE_RSA_WITH_3DES_EDE_CBC_SHA, SSL_RSA_WITH_3DES_EDE_CBC_SHA, TLS_ECDH_ECDSA_WITH_3DES_EDE_CBC_SHA, TLS_ECDH_RSA_WITH_3DES_EDE_CBC_SHA, SSL_DHE_RSA_WITH_3DES_EDE_CBC_SHA, SSL_DHE_DSS_WITH_3DES_EDE_CBC_SHA, TLS_ECDHE_ECDSA_WITH_RC4_128_SHA, TLS_ECDHE_RSA_WITH_RC4_128_SHA, SSL_RSA_WITH_RC4_128_SHA, TLS_ECDH_ECDSA_WITH_RC4_128_SHA, TLS_ECDH_RSA_WITH_RC4_128_SHA, SSL_RSA_WITH_RC4_128_MD5, TLS_EMPTY_RENEGOTIATION_INFO_SCSV]
02:20:44.319 [Test worker] DEBUG o.a.h.c.s.SSLConnectionSocketFactory - Starting handshake
02:20:44.391 [Test worker] DEBUG o.a.h.c.s.SSLConnectionSocketFactory - Secure session established
02:20:44.391 [Test worker] DEBUG o.a.h.c.s.SSLConnectionSocketFactory -  negotiated protocol: TLSv1
02:20:44.391 [Test worker] DEBUG o.a.h.c.s.SSLConnectionSocketFactory -  negotiated cipher suite: TLS_ECDHE_RSA_WITH_AES_128_CBC_SHA
02:20:44.391 [Test worker] DEBUG o.a.h.c.s.SSLConnectionSocketFactory -  peer principal: CN=Thesis
02:20:44.392 [Test worker] DEBUG o.a.h.c.s.SSLConnectionSocketFactory -  issuer principal: EMAILADDRESS=sha@yamil.com, CN=Thesis, OU=Open, O=Fra, L=BER, ST=BER, C=DE
02:20:44.392 [Test worker] DEBUG o.a.h.i.c.DefaultHttpClientConnectionOperator - Connection established 127.0.0.1:40982<->127.0.1.1:2376
02:20:44.392 [Test worker] DEBUG o.a.h.impl.execchain.MainClientExec - Executing request DELETE /networks/6c4c3e3ab127fe71eb651c7e60dfc097c25aeec99dbcdb7524934257d40d617f HTTP/1.1
02:20:44.392 [Test worker] DEBUG o.a.h.impl.execchain.MainClientExec - Target auth state: UNCHALLENGED
02:20:44.392 [Test worker] DEBUG o.a.h.impl.execchain.MainClientExec - Proxy auth state: UNCHALLENGED
02:20:44.392 [Test worker] DEBUG org.apache.http.headers - http-outgoing-53 >> DELETE /networks/6c4c3e3ab127fe71eb651c7e60dfc097c25aeec99dbcdb7524934257d40d617f HTTP/1.1
02:20:44.393 [Test worker] DEBUG org.apache.http.headers - http-outgoing-53 >> Accept: application/json
02:20:44.393 [Test worker] DEBUG org.apache.http.headers - http-outgoing-53 >> User-Agent: Jersey/2.23.1 (Apache HttpClient 4.5.1)
02:20:44.393 [Test worker] DEBUG org.apache.http.headers - http-outgoing-53 >> Host: Thesis:2376
02:20:44.393 [Test worker] DEBUG org.apache.http.headers - http-outgoing-53 >> Connection: Keep-Alive
02:20:44.393 [Test worker] DEBUG org.apache.http.headers - http-outgoing-53 >> Accept-Encoding: gzip,deflate
02:20:44.393 [Test worker] DEBUG org.apache.http.wire - http-outgoing-53 >> "DELETE /networks/6c4c3e3ab127fe71eb651c7e60dfc097c25aeec99dbcdb7524934257d40d617f HTTP/1.1[\r][\n]"
02:20:44.393 [Test worker] DEBUG org.apache.http.wire - http-outgoing-53 >> "Accept: application/json[\r][\n]"
02:20:44.394 [Test worker] DEBUG org.apache.http.wire - http-outgoing-53 >> "User-Agent: Jersey/2.23.1 (Apache HttpClient 4.5.1)[\r][\n]"
02:20:44.398 [Test worker] DEBUG org.apache.http.wire - http-outgoing-53 >> "Host: Thesis:2376[\r][\n]"
02:20:44.399 [Test worker] DEBUG org.apache.http.wire - http-outgoing-53 >> "Connection: Keep-Alive[\r][\n]"
02:20:44.399 [Test worker] DEBUG org.apache.http.wire - http-outgoing-53 >> "Accept-Encoding: gzip,deflate[\r][\n]"
02:20:44.399 [Test worker] DEBUG org.apache.http.wire - http-outgoing-53 >> "[\r][\n]"
02:20:44.466 [Test worker] DEBUG org.apache.http.wire - http-outgoing-53 << "H"
02:20:44.467 [Test worker] DEBUG org.apache.http.wire - http-outgoing-53 << "TTP/1.1 204 No Content[\r][\n]"
02:20:44.467 [Test worker] DEBUG org.apache.http.wire - http-outgoing-53 << "Server: Docker/1.12.3 (linux)[\r][\n]"
02:20:44.467 [Test worker] DEBUG org.apache.http.wire - http-outgoing-53 << "Date: Tue, 03 Jan 2017 01:20:44 GMT[\r][\n]"
02:20:44.467 [Test worker] DEBUG org.apache.http.wire - http-outgoing-53 << "[\r][\n]"
02:20:44.467 [Test worker] DEBUG org.apache.http.headers - http-outgoing-53 << HTTP/1.1 204 No Content
02:20:44.467 [Test worker] DEBUG org.apache.http.headers - http-outgoing-53 << Server: Docker/1.12.3 (linux)
02:20:44.467 [Test worker] DEBUG org.apache.http.headers - http-outgoing-53 << Date: Tue, 03 Jan 2017 01:20:44 GMT
02:20:44.468 [Test worker] DEBUG o.a.h.impl.execchain.MainClientExec - Connection can be kept alive indefinitely
02:20:44.468 [Test worker] DEBUG c.g.d.j.JerseyDockerCmdExecFactory$1 - Connection [id: 53][route: {s}->https://Thesis:2376][state: CN=Thesis] can be kept alive indefinitely
02:20:44.468 [Test worker] DEBUG c.g.d.j.JerseyDockerCmdExecFactory$1 - Connection released: [id: 53][route: {s}->https://Thesis:2376][state: CN=Thesis][total kept alive: 2; route allocated: 2 of 2; total allocated: 2 of 20]
02:20:44.468 [Test worker] DEBUG c.g.d.j.JerseyDockerCmdExecFactory - 38 * Client response received on thread Test worker
38 < 204
38 < Date: Tue, 03 Jan 2017 01:20:44 GMT
38 < Server: Docker/1.12.3 (linux)

02:20:44.468 [Test worker] INFO  org.openbaton.docker.DockerVim - Network '6c4c3e3ab127fe71eb651c7e60dfc097c25aeec99dbcdb7524934257d40d617f' deleted successfully
02:20:44.468 [Test worker] DEBUG c.g.d.core.command.AbstrDockerCmd - Cmd: com.github.dockerjava.core.util.FiltersBuilder@0,com.github.dockerjava.jaxrs.ListVolumesCmdExec@623a61ff
02:20:44.469 [Test worker] DEBUG c.g.d.j.JerseyDockerCmdExecFactory - 39 * Sending client request on thread Test worker
39 > GET https://Thesis:2376/volumes
39 > Accept: application/json

02:20:44.469 [Test worker] DEBUG o.a.h.c.protocol.RequestAddCookies - CookieSpec selected: default
02:20:44.469 [Test worker] DEBUG o.a.h.c.protocol.RequestAuthCache - Auth cache not set in the context
02:20:44.469 [Test worker] DEBUG c.g.d.j.JerseyDockerCmdExecFactory$1 - Connection request: [route: {s}->https://Thesis:2376][total kept alive: 2; route allocated: 2 of 2; total allocated: 2 of 20]
02:20:44.469 [Test worker] DEBUG o.a.h.i.c.DefaultManagedHttpClientConnection - http-outgoing-51: Close connection
02:20:44.469 [Test worker] DEBUG c.g.d.j.JerseyDockerCmdExecFactory$1 - Connection leased: [id: 54][route: {s}->https://Thesis:2376][total kept alive: 1; route allocated: 2 of 2; total allocated: 2 of 20]
02:20:44.469 [Test worker] DEBUG o.a.h.impl.execchain.MainClientExec - Opening connection {s}->https://Thesis:2376
02:20:44.470 [Test worker] DEBUG o.a.h.i.c.DefaultHttpClientConnectionOperator - Connecting to Thesis/127.0.1.1:2376
02:20:44.470 [Test worker] DEBUG o.a.h.c.s.SSLConnectionSocketFactory - Connecting socket to Thesis/127.0.1.1:2376 with timeout 0
02:20:44.480 [Test worker] DEBUG o.a.h.c.s.SSLConnectionSocketFactory - Enabled protocols: [TLSv1]
02:20:44.480 [Test worker] DEBUG o.a.h.c.s.SSLConnectionSocketFactory - Enabled cipher suites:[TLS_ECDHE_ECDSA_WITH_AES_128_CBC_SHA, TLS_ECDHE_RSA_WITH_AES_128_CBC_SHA, TLS_RSA_WITH_AES_128_CBC_SHA, TLS_ECDH_ECDSA_WITH_AES_128_CBC_SHA, TLS_ECDH_RSA_WITH_AES_128_CBC_SHA, TLS_DHE_RSA_WITH_AES_128_CBC_SHA, TLS_DHE_DSS_WITH_AES_128_CBC_SHA, TLS_ECDHE_ECDSA_WITH_3DES_EDE_CBC_SHA, TLS_ECDHE_RSA_WITH_3DES_EDE_CBC_SHA, SSL_RSA_WITH_3DES_EDE_CBC_SHA, TLS_ECDH_ECDSA_WITH_3DES_EDE_CBC_SHA, TLS_ECDH_RSA_WITH_3DES_EDE_CBC_SHA, SSL_DHE_RSA_WITH_3DES_EDE_CBC_SHA, SSL_DHE_DSS_WITH_3DES_EDE_CBC_SHA, TLS_ECDHE_ECDSA_WITH_RC4_128_SHA, TLS_ECDHE_RSA_WITH_RC4_128_SHA, SSL_RSA_WITH_RC4_128_SHA, TLS_ECDH_ECDSA_WITH_RC4_128_SHA, TLS_ECDH_RSA_WITH_RC4_128_SHA, SSL_RSA_WITH_RC4_128_MD5, TLS_EMPTY_RENEGOTIATION_INFO_SCSV]
02:20:44.480 [Test worker] DEBUG o.a.h.c.s.SSLConnectionSocketFactory - Starting handshake
02:20:44.591 [Test worker] DEBUG o.a.h.c.s.SSLConnectionSocketFactory - Secure session established
02:20:44.591 [Test worker] DEBUG o.a.h.c.s.SSLConnectionSocketFactory -  negotiated protocol: TLSv1
02:20:44.591 [Test worker] DEBUG o.a.h.c.s.SSLConnectionSocketFactory -  negotiated cipher suite: TLS_ECDHE_RSA_WITH_AES_128_CBC_SHA
02:20:44.591 [Test worker] DEBUG o.a.h.c.s.SSLConnectionSocketFactory -  peer principal: CN=Thesis
02:20:44.592 [Test worker] DEBUG o.a.h.c.s.SSLConnectionSocketFactory -  issuer principal: EMAILADDRESS=sha@yamil.com, CN=Thesis, OU=Open, O=Fra, L=BER, ST=BER, C=DE
02:20:44.592 [Test worker] DEBUG o.a.h.i.c.DefaultHttpClientConnectionOperator - Connection established 127.0.0.1:40984<->127.0.1.1:2376
02:20:44.592 [Test worker] DEBUG o.a.h.impl.execchain.MainClientExec - Executing request GET /volumes HTTP/1.1
02:20:44.592 [Test worker] DEBUG o.a.h.impl.execchain.MainClientExec - Target auth state: UNCHALLENGED
02:20:44.592 [Test worker] DEBUG o.a.h.impl.execchain.MainClientExec - Proxy auth state: UNCHALLENGED
02:20:44.592 [Test worker] DEBUG org.apache.http.headers - http-outgoing-54 >> GET /volumes HTTP/1.1
02:20:44.593 [Test worker] DEBUG org.apache.http.headers - http-outgoing-54 >> Accept: application/json
02:20:44.593 [Test worker] DEBUG org.apache.http.headers - http-outgoing-54 >> User-Agent: Jersey/2.23.1 (Apache HttpClient 4.5.1)
02:20:44.593 [Test worker] DEBUG org.apache.http.headers - http-outgoing-54 >> Host: Thesis:2376
02:20:44.593 [Test worker] DEBUG org.apache.http.headers - http-outgoing-54 >> Connection: Keep-Alive
02:20:44.593 [Test worker] DEBUG org.apache.http.headers - http-outgoing-54 >> Accept-Encoding: gzip,deflate
02:20:44.593 [Test worker] DEBUG org.apache.http.wire - http-outgoing-54 >> "GET /volumes HTTP/1.1[\r][\n]"
02:20:44.593 [Test worker] DEBUG org.apache.http.wire - http-outgoing-54 >> "Accept: application/json[\r][\n]"
02:20:44.593 [Test worker] DEBUG org.apache.http.wire - http-outgoing-54 >> "User-Agent: Jersey/2.23.1 (Apache HttpClient 4.5.1)[\r][\n]"
02:20:44.594 [Test worker] DEBUG org.apache.http.wire - http-outgoing-54 >> "Host: Thesis:2376[\r][\n]"
02:20:44.594 [Test worker] DEBUG org.apache.http.wire - http-outgoing-54 >> "Connection: Keep-Alive[\r][\n]"
02:20:44.594 [Test worker] DEBUG org.apache.http.wire - http-outgoing-54 >> "Accept-Encoding: gzip,deflate[\r][\n]"
02:20:44.594 [Test worker] DEBUG org.apache.http.wire - http-outgoing-54 >> "[\r][\n]"
02:20:44.595 [Test worker] DEBUG org.apache.http.wire - http-outgoing-54 << "H"
02:20:44.595 [Test worker] DEBUG org.apache.http.wire - http-outgoing-54 << "TTP/1.1 200 OK[\r][\n]"
02:20:44.595 [Test worker] DEBUG org.apache.http.wire - http-outgoing-54 << "Content-Type: application/json[\r][\n]"
02:20:44.595 [Test worker] DEBUG org.apache.http.wire - http-outgoing-54 << "Server: Docker/1.12.3 (linux)[\r][\n]"
02:20:44.598 [Test worker] DEBUG org.apache.http.wire - http-outgoing-54 << "Date: Tue, 03 Jan 2017 01:20:44 GMT[\r][\n]"
02:20:44.599 [Test worker] DEBUG org.apache.http.wire - http-outgoing-54 << "Content-Length: 33[\r][\n]"
02:20:44.599 [Test worker] DEBUG org.apache.http.wire - http-outgoing-54 << "[\r][\n]"
02:20:44.599 [Test worker] DEBUG org.apache.http.wire - http-outgoing-54 << "{"Volumes":null,"Warnings":null}[\n]"
02:20:44.599 [Test worker] DEBUG org.apache.http.headers - http-outgoing-54 << HTTP/1.1 200 OK
02:20:44.599 [Test worker] DEBUG org.apache.http.headers - http-outgoing-54 << Content-Type: application/json
02:20:44.599 [Test worker] DEBUG org.apache.http.headers - http-outgoing-54 << Server: Docker/1.12.3 (linux)
02:20:44.599 [Test worker] DEBUG org.apache.http.headers - http-outgoing-54 << Date: Tue, 03 Jan 2017 01:20:44 GMT
02:20:44.600 [Test worker] DEBUG org.apache.http.headers - http-outgoing-54 << Content-Length: 33
02:20:44.600 [Test worker] DEBUG o.a.h.impl.execchain.MainClientExec - Connection can be kept alive indefinitely
02:20:44.600 [Test worker] DEBUG c.g.d.j.JerseyDockerCmdExecFactory - 40 * Client response received on thread Test worker
40 < 200
40 < Content-Length: 33
40 < Content-Type: application/json
40 < Date: Tue, 03 Jan 2017 01:20:44 GMT
40 < Server: Docker/1.12.3 (linux)
{"Volumes":null,"Warnings":null}


02:20:44.601 [Test worker] DEBUG o.a.h.i.c.DefaultManagedHttpClientConnection - http-outgoing-54: Close connection
02:20:44.602 [Test worker] DEBUG o.a.h.impl.execchain.MainClientExec - Connection discarded
02:20:44.602 [Test worker] DEBUG c.g.d.j.JerseyDockerCmdExecFactory$1 - Connection released: [id: 54][route: {s}->https://Thesis:2376][total kept alive: 1; route allocated: 1 of 2; total allocated: 1 of 20]
02:20:44.603 [Test worker] DEBUG org.openbaton.docker.DockerVim - Loading properties
02:20:44.603 [Test worker] DEBUG org.openbaton.docker.DockerVim - Loaded properties: {vim.instance.auth.url=tcp://Thesis:2376, docker.cert.path=/home/sakib/.docker, type=docker, tls.verify=true}
02:20:44.613 [Test worker] DEBUG c.g.d.core.command.AbstrDockerCmd - Cmd: -1,<null>,true,<null>,<null>,com.github.dockerjava.core.util.FiltersBuilder@0,com.github.dockerjava.jaxrs.ListContainersCmdExec@3a8bbd49
02:20:44.663 [Test worker] DEBUG c.g.d.j.JerseyDockerCmdExecFactory - 1 * Sending client request on thread Test worker
1 > GET https://Thesis:2376/containers/json?all=true
1 > Accept: application/json

02:20:44.664 [Test worker] DEBUG o.a.h.c.protocol.RequestAddCookies - CookieSpec selected: default
02:20:44.665 [Test worker] DEBUG o.a.h.c.protocol.RequestAuthCache - Auth cache not set in the context
02:20:44.665 [Test worker] DEBUG c.g.d.j.JerseyDockerCmdExecFactory$1 - Connection request: [route: {s}->https://Thesis:2376][total kept alive: 0; route allocated: 0 of 2; total allocated: 0 of 20]
02:20:44.665 [Test worker] DEBUG c.g.d.j.JerseyDockerCmdExecFactory$1 - Connection leased: [id: 55][route: {s}->https://Thesis:2376][total kept alive: 0; route allocated: 1 of 2; total allocated: 1 of 20]
02:20:44.665 [Test worker] DEBUG o.a.h.impl.execchain.MainClientExec - Opening connection {s}->https://Thesis:2376
02:20:44.665 [Test worker] DEBUG o.a.h.i.c.DefaultHttpClientConnectionOperator - Connecting to Thesis/127.0.1.1:2376
02:20:44.666 [Test worker] DEBUG o.a.h.c.s.SSLConnectionSocketFactory - Connecting socket to Thesis/127.0.1.1:2376 with timeout 0
02:20:44.667 [Test worker] DEBUG o.a.h.c.s.SSLConnectionSocketFactory - Enabled protocols: [TLSv1]
02:20:44.671 [Test worker] DEBUG o.a.h.c.s.SSLConnectionSocketFactory - Enabled cipher suites:[TLS_ECDHE_ECDSA_WITH_AES_128_CBC_SHA, TLS_ECDHE_RSA_WITH_AES_128_CBC_SHA, TLS_RSA_WITH_AES_128_CBC_SHA, TLS_ECDH_ECDSA_WITH_AES_128_CBC_SHA, TLS_ECDH_RSA_WITH_AES_128_CBC_SHA, TLS_DHE_RSA_WITH_AES_128_CBC_SHA, TLS_DHE_DSS_WITH_AES_128_CBC_SHA, TLS_ECDHE_ECDSA_WITH_3DES_EDE_CBC_SHA, TLS_ECDHE_RSA_WITH_3DES_EDE_CBC_SHA, SSL_RSA_WITH_3DES_EDE_CBC_SHA, TLS_ECDH_ECDSA_WITH_3DES_EDE_CBC_SHA, TLS_ECDH_RSA_WITH_3DES_EDE_CBC_SHA, SSL_DHE_RSA_WITH_3DES_EDE_CBC_SHA, SSL_DHE_DSS_WITH_3DES_EDE_CBC_SHA, TLS_ECDHE_ECDSA_WITH_RC4_128_SHA, TLS_ECDHE_RSA_WITH_RC4_128_SHA, SSL_RSA_WITH_RC4_128_SHA, TLS_ECDH_ECDSA_WITH_RC4_128_SHA, TLS_ECDH_RSA_WITH_RC4_128_SHA, SSL_RSA_WITH_RC4_128_MD5, TLS_EMPTY_RENEGOTIATION_INFO_SCSV]
02:20:44.672 [Test worker] DEBUG o.a.h.c.s.SSLConnectionSocketFactory - Starting handshake
02:20:44.765 [Test worker] DEBUG o.a.h.c.s.SSLConnectionSocketFactory - Secure session established
02:20:44.765 [Test worker] DEBUG o.a.h.c.s.SSLConnectionSocketFactory -  negotiated protocol: TLSv1
02:20:44.765 [Test worker] DEBUG o.a.h.c.s.SSLConnectionSocketFactory -  negotiated cipher suite: TLS_ECDHE_RSA_WITH_AES_128_CBC_SHA
02:20:44.765 [Test worker] DEBUG o.a.h.c.s.SSLConnectionSocketFactory -  peer principal: CN=Thesis
02:20:44.765 [Test worker] DEBUG o.a.h.c.s.SSLConnectionSocketFactory -  issuer principal: EMAILADDRESS=sha@yamil.com, CN=Thesis, OU=Open, O=Fra, L=BER, ST=BER, C=DE
02:20:44.766 [Test worker] DEBUG o.a.h.i.c.DefaultHttpClientConnectionOperator - Connection established 127.0.0.1:40986<->127.0.1.1:2376
02:20:44.766 [Test worker] DEBUG o.a.h.impl.execchain.MainClientExec - Executing request GET /containers/json?all=true HTTP/1.1
02:20:44.766 [Test worker] DEBUG o.a.h.impl.execchain.MainClientExec - Target auth state: UNCHALLENGED
02:20:44.766 [Test worker] DEBUG o.a.h.impl.execchain.MainClientExec - Proxy auth state: UNCHALLENGED
02:20:44.766 [Test worker] DEBUG org.apache.http.headers - http-outgoing-55 >> GET /containers/json?all=true HTTP/1.1
02:20:44.766 [Test worker] DEBUG org.apache.http.headers - http-outgoing-55 >> Accept: application/json
02:20:44.767 [Test worker] DEBUG org.apache.http.headers - http-outgoing-55 >> User-Agent: Jersey/2.23.1 (Apache HttpClient 4.5.1)
02:20:44.767 [Test worker] DEBUG org.apache.http.headers - http-outgoing-55 >> Host: Thesis:2376
02:20:44.767 [Test worker] DEBUG org.apache.http.headers - http-outgoing-55 >> Connection: Keep-Alive
02:20:44.767 [Test worker] DEBUG org.apache.http.headers - http-outgoing-55 >> Accept-Encoding: gzip,deflate
02:20:44.767 [Test worker] DEBUG org.apache.http.wire - http-outgoing-55 >> "GET /containers/json?all=true HTTP/1.1[\r][\n]"
02:20:44.767 [Test worker] DEBUG org.apache.http.wire - http-outgoing-55 >> "Accept: application/json[\r][\n]"
02:20:44.767 [Test worker] DEBUG org.apache.http.wire - http-outgoing-55 >> "User-Agent: Jersey/2.23.1 (Apache HttpClient 4.5.1)[\r][\n]"
02:20:44.768 [Test worker] DEBUG org.apache.http.wire - http-outgoing-55 >> "Host: Thesis:2376[\r][\n]"
02:20:44.768 [Test worker] DEBUG org.apache.http.wire - http-outgoing-55 >> "Connection: Keep-Alive[\r][\n]"
02:20:44.768 [Test worker] DEBUG org.apache.http.wire - http-outgoing-55 >> "Accept-Encoding: gzip,deflate[\r][\n]"
02:20:44.768 [Test worker] DEBUG org.apache.http.wire - http-outgoing-55 >> "[\r][\n]"
02:20:44.772 [Test worker] DEBUG org.apache.http.wire - http-outgoing-55 << "H"
02:20:44.772 [Test worker] DEBUG org.apache.http.wire - http-outgoing-55 << "TTP/1.1 200 OK[\r][\n]"
02:20:44.772 [Test worker] DEBUG org.apache.http.wire - http-outgoing-55 << "Content-Type: application/json[\r][\n]"
02:20:44.773 [Test worker] DEBUG org.apache.http.wire - http-outgoing-55 << "Server: Docker/1.12.3 (linux)[\r][\n]"
02:20:44.773 [Test worker] DEBUG org.apache.http.wire - http-outgoing-55 << "Date: Tue, 03 Jan 2017 01:20:44 GMT[\r][\n]"
02:20:44.773 [Test worker] DEBUG org.apache.http.wire - http-outgoing-55 << "Content-Length: 3[\r][\n]"
02:20:44.773 [Test worker] DEBUG org.apache.http.wire - http-outgoing-55 << "[\r][\n]"
02:20:44.773 [Test worker] DEBUG org.apache.http.wire - http-outgoing-55 << "[][\n]"
02:20:44.773 [Test worker] DEBUG org.apache.http.headers - http-outgoing-55 << HTTP/1.1 200 OK
02:20:44.773 [Test worker] DEBUG org.apache.http.headers - http-outgoing-55 << Content-Type: application/json
02:20:44.774 [Test worker] DEBUG org.apache.http.headers - http-outgoing-55 << Server: Docker/1.12.3 (linux)
02:20:44.774 [Test worker] DEBUG org.apache.http.headers - http-outgoing-55 << Date: Tue, 03 Jan 2017 01:20:44 GMT
02:20:44.774 [Test worker] DEBUG org.apache.http.headers - http-outgoing-55 << Content-Length: 3
02:20:44.774 [Test worker] DEBUG o.a.h.impl.execchain.MainClientExec - Connection can be kept alive indefinitely
02:20:44.774 [Test worker] DEBUG c.g.d.j.JerseyDockerCmdExecFactory - 2 * Client response received on thread Test worker
2 < 200
2 < Content-Length: 3
2 < Content-Type: application/json
2 < Date: Tue, 03 Jan 2017 01:20:44 GMT
2 < Server: Docker/1.12.3 (linux)
[]


02:20:44.776 [Test worker] DEBUG c.g.d.j.JerseyDockerCmdExecFactory$1 - Connection [id: 55][route: {s}->https://Thesis:2376][state: CN=Thesis] can be kept alive indefinitely
02:20:44.776 [Test worker] DEBUG c.g.d.j.JerseyDockerCmdExecFactory$1 - Connection released: [id: 55][route: {s}->https://Thesis:2376][state: CN=Thesis][total kept alive: 1; route allocated: 1 of 2; total allocated: 1 of 20]
02:20:44.794 [Test worker] DEBUG c.g.d.core.command.AbstrDockerCmd - Cmd: com.github.dockerjava.core.util.FiltersBuilder@0,com.github.dockerjava.jaxrs.ListNetworksCmdExec@5297df32
02:20:44.794 [Test worker] DEBUG c.g.d.j.JerseyDockerCmdExecFactory - 3 * Sending client request on thread Test worker
3 > GET https://Thesis:2376/networks
3 > Accept: application/json

02:20:44.795 [Test worker] DEBUG o.a.h.c.protocol.RequestAddCookies - CookieSpec selected: default
02:20:44.795 [Test worker] DEBUG o.a.h.c.protocol.RequestAuthCache - Auth cache not set in the context
02:20:44.795 [Test worker] DEBUG c.g.d.j.JerseyDockerCmdExecFactory$1 - Connection request: [route: {s}->https://Thesis:2376][total kept alive: 1; route allocated: 1 of 2; total allocated: 1 of 20]
02:20:44.795 [Test worker] DEBUG c.g.d.j.JerseyDockerCmdExecFactory$1 - Connection leased: [id: 56][route: {s}->https://Thesis:2376][total kept alive: 1; route allocated: 2 of 2; total allocated: 2 of 20]
02:20:44.796 [Test worker] DEBUG o.a.h.impl.execchain.MainClientExec - Opening connection {s}->https://Thesis:2376
02:20:44.800 [Test worker] DEBUG o.a.h.i.c.DefaultHttpClientConnectionOperator - Connecting to Thesis/127.0.1.1:2376
02:20:44.800 [Test worker] DEBUG o.a.h.c.s.SSLConnectionSocketFactory - Connecting socket to Thesis/127.0.1.1:2376 with timeout 0
02:20:44.801 [Test worker] DEBUG o.a.h.c.s.SSLConnectionSocketFactory - Enabled protocols: [TLSv1]
02:20:44.801 [Test worker] DEBUG o.a.h.c.s.SSLConnectionSocketFactory - Enabled cipher suites:[TLS_ECDHE_ECDSA_WITH_AES_128_CBC_SHA, TLS_ECDHE_RSA_WITH_AES_128_CBC_SHA, TLS_RSA_WITH_AES_128_CBC_SHA, TLS_ECDH_ECDSA_WITH_AES_128_CBC_SHA, TLS_ECDH_RSA_WITH_AES_128_CBC_SHA, TLS_DHE_RSA_WITH_AES_128_CBC_SHA, TLS_DHE_DSS_WITH_AES_128_CBC_SHA, TLS_ECDHE_ECDSA_WITH_3DES_EDE_CBC_SHA, TLS_ECDHE_RSA_WITH_3DES_EDE_CBC_SHA, SSL_RSA_WITH_3DES_EDE_CBC_SHA, TLS_ECDH_ECDSA_WITH_3DES_EDE_CBC_SHA, TLS_ECDH_RSA_WITH_3DES_EDE_CBC_SHA, SSL_DHE_RSA_WITH_3DES_EDE_CBC_SHA, SSL_DHE_DSS_WITH_3DES_EDE_CBC_SHA, TLS_ECDHE_ECDSA_WITH_RC4_128_SHA, TLS_ECDHE_RSA_WITH_RC4_128_SHA, SSL_RSA_WITH_RC4_128_SHA, TLS_ECDH_ECDSA_WITH_RC4_128_SHA, TLS_ECDH_RSA_WITH_RC4_128_SHA, SSL_RSA_WITH_RC4_128_MD5, TLS_EMPTY_RENEGOTIATION_INFO_SCSV]
02:20:44.801 [Test worker] DEBUG o.a.h.c.s.SSLConnectionSocketFactory - Starting handshake
02:20:44.861 [Test worker] DEBUG o.a.h.c.s.SSLConnectionSocketFactory - Secure session established
02:20:44.861 [Test worker] DEBUG o.a.h.c.s.SSLConnectionSocketFactory -  negotiated protocol: TLSv1
02:20:44.861 [Test worker] DEBUG o.a.h.c.s.SSLConnectionSocketFactory -  negotiated cipher suite: TLS_ECDHE_RSA_WITH_AES_128_CBC_SHA
02:20:44.862 [Test worker] DEBUG o.a.h.c.s.SSLConnectionSocketFactory -  peer principal: CN=Thesis
02:20:44.863 [Test worker] DEBUG o.a.h.c.s.SSLConnectionSocketFactory -  issuer principal: EMAILADDRESS=sha@yamil.com, CN=Thesis, OU=Open, O=Fra, L=BER, ST=BER, C=DE
02:20:44.863 [Test worker] DEBUG o.a.h.i.c.DefaultHttpClientConnectionOperator - Connection established 127.0.0.1:40988<->127.0.1.1:2376
02:20:44.863 [Test worker] DEBUG o.a.h.impl.execchain.MainClientExec - Executing request GET /networks HTTP/1.1
02:20:44.863 [Test worker] DEBUG o.a.h.impl.execchain.MainClientExec - Target auth state: UNCHALLENGED
02:20:44.863 [Test worker] DEBUG o.a.h.impl.execchain.MainClientExec - Proxy auth state: UNCHALLENGED
02:20:44.863 [Test worker] DEBUG org.apache.http.headers - http-outgoing-56 >> GET /networks HTTP/1.1
02:20:44.864 [Test worker] DEBUG org.apache.http.headers - http-outgoing-56 >> Accept: application/json
02:20:44.864 [Test worker] DEBUG org.apache.http.headers - http-outgoing-56 >> User-Agent: Jersey/2.23.1 (Apache HttpClient 4.5.1)
02:20:44.864 [Test worker] DEBUG org.apache.http.headers - http-outgoing-56 >> Host: Thesis:2376
02:20:44.864 [Test worker] DEBUG org.apache.http.headers - http-outgoing-56 >> Connection: Keep-Alive
02:20:44.864 [Test worker] DEBUG org.apache.http.headers - http-outgoing-56 >> Accept-Encoding: gzip,deflate
02:20:44.864 [Test worker] DEBUG org.apache.http.wire - http-outgoing-56 >> "GET /networks HTTP/1.1[\r][\n]"
02:20:44.865 [Test worker] DEBUG org.apache.http.wire - http-outgoing-56 >> "Accept: application/json[\r][\n]"
02:20:44.866 [Test worker] DEBUG org.apache.http.wire - http-outgoing-56 >> "User-Agent: Jersey/2.23.1 (Apache HttpClient 4.5.1)[\r][\n]"
02:20:44.866 [Test worker] DEBUG org.apache.http.wire - http-outgoing-56 >> "Host: Thesis:2376[\r][\n]"
02:20:44.866 [Test worker] DEBUG org.apache.http.wire - http-outgoing-56 >> "Connection: Keep-Alive[\r][\n]"
02:20:44.866 [Test worker] DEBUG org.apache.http.wire - http-outgoing-56 >> "Accept-Encoding: gzip,deflate[\r][\n]"
02:20:44.866 [Test worker] DEBUG org.apache.http.wire - http-outgoing-56 >> "[\r][\n]"
02:20:44.867 [Test worker] DEBUG org.apache.http.wire - http-outgoing-56 << "H"
02:20:44.867 [Test worker] DEBUG org.apache.http.wire - http-outgoing-56 << "TTP/1.1 200 OK[\r][\n]"
02:20:44.867 [Test worker] DEBUG org.apache.http.wire - http-outgoing-56 << "Content-Type: application/json[\r][\n]"
02:20:44.867 [Test worker] DEBUG org.apache.http.wire - http-outgoing-56 << "Server: Docker/1.12.3 (linux)[\r][\n]"
02:20:44.867 [Test worker] DEBUG org.apache.http.wire - http-outgoing-56 << "Date: Tue, 03 Jan 2017 01:20:44 GMT[\r][\n]"
02:20:44.867 [Test worker] DEBUG org.apache.http.wire - http-outgoing-56 << "Content-Length: 1100[\r][\n]"
02:20:44.867 [Test worker] DEBUG org.apache.http.wire - http-outgoing-56 << "[\r][\n]"
02:20:44.868 [Test worker] DEBUG org.apache.http.wire - http-outgoing-56 << "[{"Name":"none","Id":"4d89c194eb79cd2beb38458d10a1b98c74d6b8462af72afde29ae7aca53ed5ca","Scope":"local","Driver":"null","EnableIPv6":false,"IPAM":{"Driver":"default","Options":null,"Config":[]},"Internal":false,"Containers":{},"Options":{},"Labels":{}},{"Name":"bridge","Id":"e0d36057aa1769e9fd52ba88be81b698b495f9b6b4946d0f98f24d971a27fc98","Scope":"local","Driver":"bridge","EnableIPv6":false,"IPAM":{"Driver":"default","Options":null,"Config":[{"Subnet":"172.17.0.0/16","Gateway":"172.17.0.1"}]},"Internal":false,"Containers":{},"Options":{"com.docker.network.bridge.default_bridge":"true","com.docker.network.bridge.enable_icc":"true","com.docker.network.bridge.enable_ip_masquerade":"true","com.docker.network.bridge.host_binding_ipv4":"0.0.0.0","com.docker.network.bridge.name":"docker0","com.docker.network.driver.mtu":"1500"},"Labels":{}},{"Name":"host","Id":"fe042b0866671b5be4f097ba43830c0a02959c058702d18e18c14a24d88a357d","Scope":"local","Driver":"host","EnableIPv6":false,"IPAM":{"Driver":"default","Options":null,"Config":[]},"Internal":false,"Containers":{},"Options":{},"Labels":{}}][\n]"
02:20:44.868 [Test worker] DEBUG org.apache.http.headers - http-outgoing-56 << HTTP/1.1 200 OK
02:20:44.868 [Test worker] DEBUG org.apache.http.headers - http-outgoing-56 << Content-Type: application/json
02:20:44.868 [Test worker] DEBUG org.apache.http.headers - http-outgoing-56 << Server: Docker/1.12.3 (linux)
02:20:44.868 [Test worker] DEBUG org.apache.http.headers - http-outgoing-56 << Date: Tue, 03 Jan 2017 01:20:44 GMT
02:20:44.868 [Test worker] DEBUG org.apache.http.headers - http-outgoing-56 << Content-Length: 1100
02:20:44.869 [Test worker] DEBUG o.a.h.impl.execchain.MainClientExec - Connection can be kept alive indefinitely
02:20:44.869 [Test worker] DEBUG c.g.d.j.JerseyDockerCmdExecFactory - 4 * Client response received on thread Test worker
4 < 200
4 < Content-Length: 1100
4 < Content-Type: application/json
4 < Date: Tue, 03 Jan 2017 01:20:44 GMT
4 < Server: Docker/1.12.3 (linux)
[{"Name":"none","Id":"4d89c194eb79cd2beb38458d10a1b98c74d6b8462af72afde29ae7aca53ed5ca","Scope":"local","Driver":"null","EnableIPv6":false,"IPAM":{"Driver":"default","Options":null,"Config":[]},"Internal":false,"Containers":{},"Options":{},"Labels":{}},{"Name":"bridge","Id":"e0d36057aa1769e9fd52ba88be81b698b495f9b6b4946d0f98f24d971a27fc98","Scope":"local","Driver":"bridge","EnableIPv6":false,"IPAM":{"Driver":"default","Options":null,"Config":[{"Subnet":"172.17.0.0/16","Gateway":"172.17.0.1"}]},"Internal":false,"Containers":{},"Options":{"com.docker.network.bridge.default_bridge":"true","com.docker.network.bridge.enable_icc":"true","com.docker.network.bridge.enable_ip_masquerade":"true","com.docker.network.bridge.host_binding_ipv4":"0.0.0.0","com.docker.network.bridge.name":"docker0","com.docker.network.driver.mtu":"1500"},"Labels":{}},{"Name":"host","Id":"fe042b0866671b5be4f097ba43830c0a02959c058702d18e18c14a24d88a357d","Scope":"local","Driver":"host","EnableIPv6":false,"IPAM":{"Driver":"default","Options":null,"Config":[]},"Internal":false,"Containers":{},"Options":{},"Labels":{}}]


02:20:44.873 [Test worker] DEBUG o.a.h.i.c.DefaultManagedHttpClientConnection - http-outgoing-56: Close connection
02:20:44.874 [Test worker] DEBUG o.a.h.impl.execchain.MainClientExec - Connection discarded
02:20:44.874 [Test worker] DEBUG c.g.d.j.JerseyDockerCmdExecFactory$1 - Connection released: [id: 56][route: {s}->https://Thesis:2376][total kept alive: 1; route allocated: 1 of 2; total allocated: 1 of 20]
02:20:44.874 [Test worker] DEBUG c.g.d.core.command.AbstrDockerCmd - Cmd: com.github.dockerjava.core.util.FiltersBuilder@0,com.github.dockerjava.jaxrs.ListVolumesCmdExec@6833a9e9
02:20:44.874 [Test worker] DEBUG c.g.d.j.JerseyDockerCmdExecFactory - 5 * Sending client request on thread Test worker
5 > GET https://Thesis:2376/volumes
5 > Accept: application/json

02:20:44.875 [Test worker] DEBUG o.a.h.c.protocol.RequestAddCookies - CookieSpec selected: default
02:20:44.875 [Test worker] DEBUG o.a.h.c.protocol.RequestAuthCache - Auth cache not set in the context
02:20:44.875 [Test worker] DEBUG c.g.d.j.JerseyDockerCmdExecFactory$1 - Connection request: [route: {s}->https://Thesis:2376][total kept alive: 1; route allocated: 1 of 2; total allocated: 1 of 20]
02:20:44.876 [Test worker] DEBUG c.g.d.j.JerseyDockerCmdExecFactory$1 - Connection leased: [id: 57][route: {s}->https://Thesis:2376][total kept alive: 1; route allocated: 2 of 2; total allocated: 2 of 20]
02:20:44.876 [Test worker] DEBUG o.a.h.impl.execchain.MainClientExec - Opening connection {s}->https://Thesis:2376
02:20:44.876 [Test worker] DEBUG o.a.h.i.c.DefaultHttpClientConnectionOperator - Connecting to Thesis/127.0.1.1:2376
02:20:44.876 [Test worker] DEBUG o.a.h.c.s.SSLConnectionSocketFactory - Connecting socket to Thesis/127.0.1.1:2376 with timeout 0
02:20:44.877 [Test worker] DEBUG o.a.h.c.s.SSLConnectionSocketFactory - Enabled protocols: [TLSv1]
02:20:44.877 [Test worker] DEBUG o.a.h.c.s.SSLConnectionSocketFactory - Enabled cipher suites:[TLS_ECDHE_ECDSA_WITH_AES_128_CBC_SHA, TLS_ECDHE_RSA_WITH_AES_128_CBC_SHA, TLS_RSA_WITH_AES_128_CBC_SHA, TLS_ECDH_ECDSA_WITH_AES_128_CBC_SHA, TLS_ECDH_RSA_WITH_AES_128_CBC_SHA, TLS_DHE_RSA_WITH_AES_128_CBC_SHA, TLS_DHE_DSS_WITH_AES_128_CBC_SHA, TLS_ECDHE_ECDSA_WITH_3DES_EDE_CBC_SHA, TLS_ECDHE_RSA_WITH_3DES_EDE_CBC_SHA, SSL_RSA_WITH_3DES_EDE_CBC_SHA, TLS_ECDH_ECDSA_WITH_3DES_EDE_CBC_SHA, TLS_ECDH_RSA_WITH_3DES_EDE_CBC_SHA, SSL_DHE_RSA_WITH_3DES_EDE_CBC_SHA, SSL_DHE_DSS_WITH_3DES_EDE_CBC_SHA, TLS_ECDHE_ECDSA_WITH_RC4_128_SHA, TLS_ECDHE_RSA_WITH_RC4_128_SHA, SSL_RSA_WITH_RC4_128_SHA, TLS_ECDH_ECDSA_WITH_RC4_128_SHA, TLS_ECDH_RSA_WITH_RC4_128_SHA, SSL_RSA_WITH_RC4_128_MD5, TLS_EMPTY_RENEGOTIATION_INFO_SCSV]
02:20:44.877 [Test worker] DEBUG o.a.h.c.s.SSLConnectionSocketFactory - Starting handshake
02:20:44.937 [Test worker] DEBUG o.a.h.c.s.SSLConnectionSocketFactory - Secure session established
02:20:44.937 [Test worker] DEBUG o.a.h.c.s.SSLConnectionSocketFactory -  negotiated protocol: TLSv1
02:20:44.937 [Test worker] DEBUG o.a.h.c.s.SSLConnectionSocketFactory -  negotiated cipher suite: TLS_ECDHE_RSA_WITH_AES_128_CBC_SHA
02:20:44.938 [Test worker] DEBUG o.a.h.c.s.SSLConnectionSocketFactory -  peer principal: CN=Thesis
02:20:44.938 [Test worker] DEBUG o.a.h.c.s.SSLConnectionSocketFactory -  issuer principal: EMAILADDRESS=sha@yamil.com, CN=Thesis, OU=Open, O=Fra, L=BER, ST=BER, C=DE
02:20:44.938 [Test worker] DEBUG o.a.h.i.c.DefaultHttpClientConnectionOperator - Connection established 127.0.0.1:40990<->127.0.1.1:2376
02:20:44.938 [Test worker] DEBUG o.a.h.impl.execchain.MainClientExec - Executing request GET /volumes HTTP/1.1
02:20:44.938 [Test worker] DEBUG o.a.h.impl.execchain.MainClientExec - Target auth state: UNCHALLENGED
02:20:44.939 [Test worker] DEBUG o.a.h.impl.execchain.MainClientExec - Proxy auth state: UNCHALLENGED
02:20:44.939 [Test worker] DEBUG org.apache.http.headers - http-outgoing-57 >> GET /volumes HTTP/1.1
02:20:44.939 [Test worker] DEBUG org.apache.http.headers - http-outgoing-57 >> Accept: application/json
02:20:44.939 [Test worker] DEBUG org.apache.http.headers - http-outgoing-57 >> User-Agent: Jersey/2.23.1 (Apache HttpClient 4.5.1)
02:20:44.939 [Test worker] DEBUG org.apache.http.headers - http-outgoing-57 >> Host: Thesis:2376
02:20:44.939 [Test worker] DEBUG org.apache.http.headers - http-outgoing-57 >> Connection: Keep-Alive
02:20:44.939 [Test worker] DEBUG org.apache.http.headers - http-outgoing-57 >> Accept-Encoding: gzip,deflate
02:20:44.940 [Test worker] DEBUG org.apache.http.wire - http-outgoing-57 >> "GET /volumes HTTP/1.1[\r][\n]"
02:20:44.940 [Test worker] DEBUG org.apache.http.wire - http-outgoing-57 >> "Accept: application/json[\r][\n]"
02:20:44.940 [Test worker] DEBUG org.apache.http.wire - http-outgoing-57 >> "User-Agent: Jersey/2.23.1 (Apache HttpClient 4.5.1)[\r][\n]"
02:20:44.940 [Test worker] DEBUG org.apache.http.wire - http-outgoing-57 >> "Host: Thesis:2376[\r][\n]"
02:20:44.940 [Test worker] DEBUG org.apache.http.wire - http-outgoing-57 >> "Connection: Keep-Alive[\r][\n]"
02:20:44.941 [Test worker] DEBUG org.apache.http.wire - http-outgoing-57 >> "Accept-Encoding: gzip,deflate[\r][\n]"
02:20:44.941 [Test worker] DEBUG org.apache.http.wire - http-outgoing-57 >> "[\r][\n]"
02:20:44.941 [Test worker] DEBUG org.apache.http.wire - http-outgoing-57 << "H"
02:20:44.941 [Test worker] DEBUG org.apache.http.wire - http-outgoing-57 << "TTP/1.1 200 OK[\r][\n]"
02:20:44.941 [Test worker] DEBUG org.apache.http.wire - http-outgoing-57 << "Content-Type: application/json[\r][\n]"
02:20:44.942 [Test worker] DEBUG org.apache.http.wire - http-outgoing-57 << "Server: Docker/1.12.3 (linux)[\r][\n]"
02:20:44.942 [Test worker] DEBUG org.apache.http.wire - http-outgoing-57 << "Date: Tue, 03 Jan 2017 01:20:44 GMT[\r][\n]"
02:20:44.942 [Test worker] DEBUG org.apache.http.wire - http-outgoing-57 << "Content-Length: 33[\r][\n]"
02:20:44.942 [Test worker] DEBUG org.apache.http.wire - http-outgoing-57 << "[\r][\n]"
02:20:44.942 [Test worker] DEBUG org.apache.http.wire - http-outgoing-57 << "{"Volumes":null,"Warnings":null}[\n]"
02:20:44.942 [Test worker] DEBUG org.apache.http.headers - http-outgoing-57 << HTTP/1.1 200 OK
02:20:44.942 [Test worker] DEBUG org.apache.http.headers - http-outgoing-57 << Content-Type: application/json
02:20:44.943 [Test worker] DEBUG org.apache.http.headers - http-outgoing-57 << Server: Docker/1.12.3 (linux)
02:20:44.943 [Test worker] DEBUG org.apache.http.headers - http-outgoing-57 << Date: Tue, 03 Jan 2017 01:20:44 GMT
02:20:44.943 [Test worker] DEBUG org.apache.http.headers - http-outgoing-57 << Content-Length: 33
02:20:44.943 [Test worker] DEBUG o.a.h.impl.execchain.MainClientExec - Connection can be kept alive indefinitely
02:20:44.943 [Test worker] DEBUG c.g.d.j.JerseyDockerCmdExecFactory - 6 * Client response received on thread Test worker
6 < 200
6 < Content-Length: 33
6 < Content-Type: application/json
6 < Date: Tue, 03 Jan 2017 01:20:44 GMT
6 < Server: Docker/1.12.3 (linux)
{"Volumes":null,"Warnings":null}


02:20:44.945 [Test worker] DEBUG o.a.h.i.c.DefaultManagedHttpClientConnection - http-outgoing-57: Close connection
02:20:44.946 [Test worker] DEBUG o.a.h.impl.execchain.MainClientExec - Connection discarded
02:20:44.946 [Test worker] DEBUG c.g.d.j.JerseyDockerCmdExecFactory$1 - Connection released: [id: 57][route: {s}->https://Thesis:2376][total kept alive: 1; route allocated: 1 of 2; total allocated: 1 of 20]
02:20:44.948 [Test worker] DEBUG c.g.d.core.command.AbstrDockerCmd - Cmd: MyNetwork,<null>,<null>,{},true,<null>,<null>,com.github.dockerjava.jaxrs.CreateNetworkCmdExec@739c99f1
02:20:44.952 [Test worker] DEBUG o.a.h.c.protocol.RequestAddCookies - CookieSpec selected: default
02:20:44.952 [Test worker] DEBUG o.a.h.c.protocol.RequestAuthCache - Auth cache not set in the context
02:20:44.952 [Test worker] DEBUG c.g.d.j.JerseyDockerCmdExecFactory$1 - Connection request: [route: {s}->https://Thesis:2376][total kept alive: 1; route allocated: 1 of 2; total allocated: 1 of 20]
02:20:44.952 [Test worker] DEBUG c.g.d.j.JerseyDockerCmdExecFactory$1 - Connection leased: [id: 58][route: {s}->https://Thesis:2376][total kept alive: 1; route allocated: 2 of 2; total allocated: 2 of 20]
02:20:44.952 [Test worker] DEBUG o.a.h.impl.execchain.MainClientExec - Opening connection {s}->https://Thesis:2376
02:20:44.952 [Test worker] DEBUG o.a.h.i.c.DefaultHttpClientConnectionOperator - Connecting to Thesis/127.0.1.1:2376
02:20:44.953 [Test worker] DEBUG o.a.h.c.s.SSLConnectionSocketFactory - Connecting socket to Thesis/127.0.1.1:2376 with timeout 0
02:20:44.953 [Test worker] DEBUG o.a.h.c.s.SSLConnectionSocketFactory - Enabled protocols: [TLSv1]
02:20:44.954 [Test worker] DEBUG o.a.h.c.s.SSLConnectionSocketFactory - Enabled cipher suites:[TLS_ECDHE_ECDSA_WITH_AES_128_CBC_SHA, TLS_ECDHE_RSA_WITH_AES_128_CBC_SHA, TLS_RSA_WITH_AES_128_CBC_SHA, TLS_ECDH_ECDSA_WITH_AES_128_CBC_SHA, TLS_ECDH_RSA_WITH_AES_128_CBC_SHA, TLS_DHE_RSA_WITH_AES_128_CBC_SHA, TLS_DHE_DSS_WITH_AES_128_CBC_SHA, TLS_ECDHE_ECDSA_WITH_3DES_EDE_CBC_SHA, TLS_ECDHE_RSA_WITH_3DES_EDE_CBC_SHA, SSL_RSA_WITH_3DES_EDE_CBC_SHA, TLS_ECDH_ECDSA_WITH_3DES_EDE_CBC_SHA, TLS_ECDH_RSA_WITH_3DES_EDE_CBC_SHA, SSL_DHE_RSA_WITH_3DES_EDE_CBC_SHA, SSL_DHE_DSS_WITH_3DES_EDE_CBC_SHA, TLS_ECDHE_ECDSA_WITH_RC4_128_SHA, TLS_ECDHE_RSA_WITH_RC4_128_SHA, SSL_RSA_WITH_RC4_128_SHA, TLS_ECDH_ECDSA_WITH_RC4_128_SHA, TLS_ECDH_RSA_WITH_RC4_128_SHA, SSL_RSA_WITH_RC4_128_MD5, TLS_EMPTY_RENEGOTIATION_INFO_SCSV]
02:20:44.954 [Test worker] DEBUG o.a.h.c.s.SSLConnectionSocketFactory - Starting handshake
02:20:45.016 [Test worker] DEBUG o.a.h.c.s.SSLConnectionSocketFactory - Secure session established
02:20:45.016 [Test worker] DEBUG o.a.h.c.s.SSLConnectionSocketFactory -  negotiated protocol: TLSv1
02:20:45.016 [Test worker] DEBUG o.a.h.c.s.SSLConnectionSocketFactory -  negotiated cipher suite: TLS_ECDHE_RSA_WITH_AES_128_CBC_SHA
02:20:45.016 [Test worker] DEBUG o.a.h.c.s.SSLConnectionSocketFactory -  peer principal: CN=Thesis
02:20:45.016 [Test worker] DEBUG o.a.h.c.s.SSLConnectionSocketFactory -  issuer principal: EMAILADDRESS=sha@yamil.com, CN=Thesis, OU=Open, O=Fra, L=BER, ST=BER, C=DE
02:20:45.017 [Test worker] DEBUG o.a.h.i.c.DefaultHttpClientConnectionOperator - Connection established 127.0.0.1:40992<->127.0.1.1:2376
02:20:45.017 [Test worker] DEBUG o.a.h.impl.execchain.MainClientExec - Executing request POST /networks/create HTTP/1.1
02:20:45.017 [Test worker] DEBUG o.a.h.impl.execchain.MainClientExec - Target auth state: UNCHALLENGED
02:20:45.017 [Test worker] DEBUG o.a.h.impl.execchain.MainClientExec - Proxy auth state: UNCHALLENGED
02:20:45.017 [Test worker] DEBUG org.apache.http.headers - http-outgoing-58 >> POST /networks/create HTTP/1.1
02:20:45.017 [Test worker] DEBUG org.apache.http.headers - http-outgoing-58 >> Accept: application/json
02:20:45.017 [Test worker] DEBUG org.apache.http.headers - http-outgoing-58 >> Content-Type: application/json
02:20:45.018 [Test worker] DEBUG org.apache.http.headers - http-outgoing-58 >> User-Agent: Jersey/2.23.1 (Apache HttpClient 4.5.1)
02:20:45.018 [Test worker] DEBUG org.apache.http.headers - http-outgoing-58 >> Transfer-Encoding: chunked
02:20:45.018 [Test worker] DEBUG org.apache.http.headers - http-outgoing-58 >> Host: Thesis:2376
02:20:45.018 [Test worker] DEBUG org.apache.http.headers - http-outgoing-58 >> Connection: Keep-Alive
02:20:45.018 [Test worker] DEBUG org.apache.http.headers - http-outgoing-58 >> Accept-Encoding: gzip,deflate
02:20:45.021 [Test worker] DEBUG c.g.d.j.JerseyDockerCmdExecFactory - 7 * Sending client request on thread Test worker
7 > POST https://Thesis:2376/networks/create
7 > Accept: application/json
7 > Content-Type: application/json
{"enableIPv6":null,"Name":"MyNetwork","Driver":null,"IPAM":null,"Options":{},"CheckDuplicate":true,"Internal":null,"EnableIPv6":null}

02:20:45.022 [Test worker] DEBUG org.apache.http.wire - http-outgoing-58 >> "POST /networks/create HTTP/1.1[\r][\n]"
02:20:45.022 [Test worker] DEBUG org.apache.http.wire - http-outgoing-58 >> "Accept: application/json[\r][\n]"
02:20:45.022 [Test worker] DEBUG org.apache.http.wire - http-outgoing-58 >> "Content-Type: application/json[\r][\n]"
02:20:45.022 [Test worker] DEBUG org.apache.http.wire - http-outgoing-58 >> "User-Agent: Jersey/2.23.1 (Apache HttpClient 4.5.1)[\r][\n]"
02:20:45.022 [Test worker] DEBUG org.apache.http.wire - http-outgoing-58 >> "Transfer-Encoding: chunked[\r][\n]"
02:20:45.023 [Test worker] DEBUG org.apache.http.wire - http-outgoing-58 >> "Host: Thesis:2376[\r][\n]"
02:20:45.023 [Test worker] DEBUG org.apache.http.wire - http-outgoing-58 >> "Connection: Keep-Alive[\r][\n]"
02:20:45.023 [Test worker] DEBUG org.apache.http.wire - http-outgoing-58 >> "Accept-Encoding: gzip,deflate[\r][\n]"
02:20:45.023 [Test worker] DEBUG org.apache.http.wire - http-outgoing-58 >> "[\r][\n]"
02:20:45.023 [Test worker] DEBUG org.apache.http.wire - http-outgoing-58 >> "85[\r][\n]"
02:20:45.025 [Test worker] DEBUG org.apache.http.wire - http-outgoing-58 >> "{"enableIPv6":null,"Name":"MyNetwork","Driver":null,"IPAM":null,"Options":{},"CheckDuplicate":true,"Internal":null,"EnableIPv6":null}[\r][\n]"
02:20:45.026 [Test worker] DEBUG org.apache.http.wire - http-outgoing-58 >> "0[\r][\n]"
02:20:45.026 [Test worker] DEBUG org.apache.http.wire - http-outgoing-58 >> "[\r][\n]"
02:20:45.150 [Test worker] DEBUG org.apache.http.wire - http-outgoing-58 << "H"
02:20:45.150 [Test worker] DEBUG org.apache.http.wire - http-outgoing-58 << "TTP/1.1 201 Created[\r][\n]"
02:20:45.150 [Test worker] DEBUG org.apache.http.wire - http-outgoing-58 << "Content-Type: application/json[\r][\n]"
02:20:45.150 [Test worker] DEBUG org.apache.http.wire - http-outgoing-58 << "Server: Docker/1.12.3 (linux)[\r][\n]"
02:20:45.150 [Test worker] DEBUG org.apache.http.wire - http-outgoing-58 << "Date: Tue, 03 Jan 2017 01:20:45 GMT[\r][\n]"
02:20:45.150 [Test worker] DEBUG org.apache.http.wire - http-outgoing-58 << "Content-Length: 87[\r][\n]"
02:20:45.150 [Test worker] DEBUG org.apache.http.wire - http-outgoing-58 << "[\r][\n]"
02:20:45.150 [Test worker] DEBUG org.apache.http.wire - http-outgoing-58 << "{"Id":"32ea81185e00216e135b6176968db617807f52c50ead89da591f89fdf1476bf0","Warning":""}[\n]"
02:20:45.150 [Test worker] DEBUG org.apache.http.headers - http-outgoing-58 << HTTP/1.1 201 Created
02:20:45.150 [Test worker] DEBUG org.apache.http.headers - http-outgoing-58 << Content-Type: application/json
02:20:45.150 [Test worker] DEBUG org.apache.http.headers - http-outgoing-58 << Server: Docker/1.12.3 (linux)
02:20:45.150 [Test worker] DEBUG org.apache.http.headers - http-outgoing-58 << Date: Tue, 03 Jan 2017 01:20:45 GMT
02:20:45.150 [Test worker] DEBUG org.apache.http.headers - http-outgoing-58 << Content-Length: 87
02:20:45.151 [Test worker] DEBUG o.a.h.impl.execchain.MainClientExec - Connection can be kept alive indefinitely
02:20:45.151 [Test worker] DEBUG c.g.d.j.JerseyDockerCmdExecFactory - 8 * Client response received on thread Test worker
8 < 201
8 < Content-Length: 87
8 < Content-Type: application/json
8 < Date: Tue, 03 Jan 2017 01:20:45 GMT
8 < Server: Docker/1.12.3 (linux)
{"Id":"32ea81185e00216e135b6176968db617807f52c50ead89da591f89fdf1476bf0","Warning":""}


02:20:45.152 [Test worker] DEBUG o.a.h.i.c.DefaultManagedHttpClientConnection - http-outgoing-58: Close connection
02:20:45.152 [Test worker] DEBUG o.a.h.impl.execchain.MainClientExec - Connection discarded
02:20:45.152 [Test worker] DEBUG c.g.d.j.JerseyDockerCmdExecFactory$1 - Connection released: [id: 58][route: {s}->https://Thesis:2376][total kept alive: 1; route allocated: 1 of 2; total allocated: 1 of 20]
02:20:45.152 [Test worker] DEBUG c.g.d.core.command.AbstrDockerCmd - Cmd: 32ea81185e00216e135b6176968db617807f52c50ead89da591f89fdf1476bf0,com.github.dockerjava.jaxrs.InspectNetworkCmdExec@79cec2c0
02:20:45.152 [Test worker] DEBUG c.g.d.jaxrs.ListNetworksCmdExec - GET: JerseyWebTarget { https://Thesis:2376/networks/32ea81185e00216e135b6176968db617807f52c50ead89da591f89fdf1476bf0 }
02:20:45.153 [Test worker] DEBUG c.g.d.j.JerseyDockerCmdExecFactory - 9 * Sending client request on thread Test worker
9 > GET https://Thesis:2376/networks/32ea81185e00216e135b6176968db617807f52c50ead89da591f89fdf1476bf0
9 > Accept: application/json

02:20:45.153 [Test worker] DEBUG o.a.h.c.protocol.RequestAddCookies - CookieSpec selected: default
02:20:45.153 [Test worker] DEBUG o.a.h.c.protocol.RequestAuthCache - Auth cache not set in the context
02:20:45.153 [Test worker] DEBUG c.g.d.j.JerseyDockerCmdExecFactory$1 - Connection request: [route: {s}->https://Thesis:2376][total kept alive: 1; route allocated: 1 of 2; total allocated: 1 of 20]
02:20:45.153 [Test worker] DEBUG c.g.d.j.JerseyDockerCmdExecFactory$1 - Connection leased: [id: 59][route: {s}->https://Thesis:2376][total kept alive: 1; route allocated: 2 of 2; total allocated: 2 of 20]
02:20:45.153 [Test worker] DEBUG o.a.h.impl.execchain.MainClientExec - Opening connection {s}->https://Thesis:2376
02:20:45.153 [Test worker] DEBUG o.a.h.i.c.DefaultHttpClientConnectionOperator - Connecting to Thesis/127.0.1.1:2376
02:20:45.153 [Test worker] DEBUG o.a.h.c.s.SSLConnectionSocketFactory - Connecting socket to Thesis/127.0.1.1:2376 with timeout 0
02:20:45.162 [Test worker] DEBUG o.a.h.c.s.SSLConnectionSocketFactory - Enabled protocols: [TLSv1]
02:20:45.167 [Test worker] DEBUG o.a.h.c.s.SSLConnectionSocketFactory - Enabled cipher suites:[TLS_ECDHE_ECDSA_WITH_AES_128_CBC_SHA, TLS_ECDHE_RSA_WITH_AES_128_CBC_SHA, TLS_RSA_WITH_AES_128_CBC_SHA, TLS_ECDH_ECDSA_WITH_AES_128_CBC_SHA, TLS_ECDH_RSA_WITH_AES_128_CBC_SHA, TLS_DHE_RSA_WITH_AES_128_CBC_SHA, TLS_DHE_DSS_WITH_AES_128_CBC_SHA, TLS_ECDHE_ECDSA_WITH_3DES_EDE_CBC_SHA, TLS_ECDHE_RSA_WITH_3DES_EDE_CBC_SHA, SSL_RSA_WITH_3DES_EDE_CBC_SHA, TLS_ECDH_ECDSA_WITH_3DES_EDE_CBC_SHA, TLS_ECDH_RSA_WITH_3DES_EDE_CBC_SHA, SSL_DHE_RSA_WITH_3DES_EDE_CBC_SHA, SSL_DHE_DSS_WITH_3DES_EDE_CBC_SHA, TLS_ECDHE_ECDSA_WITH_RC4_128_SHA, TLS_ECDHE_RSA_WITH_RC4_128_SHA, SSL_RSA_WITH_RC4_128_SHA, TLS_ECDH_ECDSA_WITH_RC4_128_SHA, TLS_ECDH_RSA_WITH_RC4_128_SHA, SSL_RSA_WITH_RC4_128_MD5, TLS_EMPTY_RENEGOTIATION_INFO_SCSV]
02:20:45.170 [Test worker] DEBUG o.a.h.c.s.SSLConnectionSocketFactory - Starting handshake
02:20:45.282 [Test worker] DEBUG o.a.h.c.s.SSLConnectionSocketFactory - Secure session established
02:20:45.283 [Test worker] DEBUG o.a.h.c.s.SSLConnectionSocketFactory -  negotiated protocol: TLSv1
02:20:45.283 [Test worker] DEBUG o.a.h.c.s.SSLConnectionSocketFactory -  negotiated cipher suite: TLS_ECDHE_RSA_WITH_AES_128_CBC_SHA
02:20:45.283 [Test worker] DEBUG o.a.h.c.s.SSLConnectionSocketFactory -  peer principal: CN=Thesis
02:20:45.283 [Test worker] DEBUG o.a.h.c.s.SSLConnectionSocketFactory -  issuer principal: EMAILADDRESS=sha@yamil.com, CN=Thesis, OU=Open, O=Fra, L=BER, ST=BER, C=DE
02:20:45.284 [Test worker] DEBUG o.a.h.i.c.DefaultHttpClientConnectionOperator - Connection established 127.0.0.1:40994<->127.0.1.1:2376
02:20:45.284 [Test worker] DEBUG o.a.h.impl.execchain.MainClientExec - Executing request GET /networks/32ea81185e00216e135b6176968db617807f52c50ead89da591f89fdf1476bf0 HTTP/1.1
02:20:45.284 [Test worker] DEBUG o.a.h.impl.execchain.MainClientExec - Target auth state: UNCHALLENGED
02:20:45.284 [Test worker] DEBUG o.a.h.impl.execchain.MainClientExec - Proxy auth state: UNCHALLENGED
02:20:45.284 [Test worker] DEBUG org.apache.http.headers - http-outgoing-59 >> GET /networks/32ea81185e00216e135b6176968db617807f52c50ead89da591f89fdf1476bf0 HTTP/1.1
02:20:45.284 [Test worker] DEBUG org.apache.http.headers - http-outgoing-59 >> Accept: application/json
02:20:45.284 [Test worker] DEBUG org.apache.http.headers - http-outgoing-59 >> User-Agent: Jersey/2.23.1 (Apache HttpClient 4.5.1)
02:20:45.285 [Test worker] DEBUG org.apache.http.headers - http-outgoing-59 >> Host: Thesis:2376
02:20:45.285 [Test worker] DEBUG org.apache.http.headers - http-outgoing-59 >> Connection: Keep-Alive
02:20:45.285 [Test worker] DEBUG org.apache.http.headers - http-outgoing-59 >> Accept-Encoding: gzip,deflate
02:20:45.285 [Test worker] DEBUG org.apache.http.wire - http-outgoing-59 >> "GET /networks/32ea81185e00216e135b6176968db617807f52c50ead89da591f89fdf1476bf0 HTTP/1.1[\r][\n]"
02:20:45.285 [Test worker] DEBUG org.apache.http.wire - http-outgoing-59 >> "Accept: application/json[\r][\n]"
02:20:45.285 [Test worker] DEBUG org.apache.http.wire - http-outgoing-59 >> "User-Agent: Jersey/2.23.1 (Apache HttpClient 4.5.1)[\r][\n]"
02:20:45.285 [Test worker] DEBUG org.apache.http.wire - http-outgoing-59 >> "Host: Thesis:2376[\r][\n]"
02:20:45.285 [Test worker] DEBUG org.apache.http.wire - http-outgoing-59 >> "Connection: Keep-Alive[\r][\n]"
02:20:45.286 [Test worker] DEBUG org.apache.http.wire - http-outgoing-59 >> "Accept-Encoding: gzip,deflate[\r][\n]"
02:20:45.286 [Test worker] DEBUG org.apache.http.wire - http-outgoing-59 >> "[\r][\n]"
02:20:45.286 [Test worker] DEBUG org.apache.http.wire - http-outgoing-59 << "H"
02:20:45.287 [Test worker] DEBUG org.apache.http.wire - http-outgoing-59 << "TTP/1.1 200 OK[\r][\n]"
02:20:45.287 [Test worker] DEBUG org.apache.http.wire - http-outgoing-59 << "Content-Type: application/json[\r][\n]"
02:20:45.287 [Test worker] DEBUG org.apache.http.wire - http-outgoing-59 << "Server: Docker/1.12.3 (linux)[\r][\n]"
02:20:45.287 [Test worker] DEBUG org.apache.http.wire - http-outgoing-59 << "Date: Tue, 03 Jan 2017 01:20:45 GMT[\r][\n]"
02:20:45.291 [Test worker] DEBUG org.apache.http.wire - http-outgoing-59 << "Content-Length: 311[\r][\n]"
02:20:45.294 [Test worker] DEBUG org.apache.http.wire - http-outgoing-59 << "[\r][\n]"
02:20:45.295 [Test worker] DEBUG org.apache.http.wire - http-outgoing-59 << "{"Name":"MyNetwork","Id":"32ea81185e00216e135b6176968db617807f52c50ead89da591f89fdf1476bf0","Scope":"local","Driver":"bridge","EnableIPv6":false,"IPAM":{"Driver":"default","Options":null,"Config":[{"Subnet":"172.18.0.0/16","Gateway":"172.18.0.1/16"}]},"Internal":false,"Containers":{},"Options":{},"Labels":{}}[\n]"
02:20:45.295 [Test worker] DEBUG org.apache.http.headers - http-outgoing-59 << HTTP/1.1 200 OK
02:20:45.295 [Test worker] DEBUG org.apache.http.headers - http-outgoing-59 << Content-Type: application/json
02:20:45.295 [Test worker] DEBUG org.apache.http.headers - http-outgoing-59 << Server: Docker/1.12.3 (linux)
02:20:45.295 [Test worker] DEBUG org.apache.http.headers - http-outgoing-59 << Date: Tue, 03 Jan 2017 01:20:45 GMT
02:20:45.295 [Test worker] DEBUG org.apache.http.headers - http-outgoing-59 << Content-Length: 311
02:20:45.296 [Test worker] DEBUG o.a.h.impl.execchain.MainClientExec - Connection can be kept alive indefinitely
02:20:45.296 [Test worker] DEBUG c.g.d.j.JerseyDockerCmdExecFactory - 10 * Client response received on thread Test worker
10 < 200
10 < Content-Length: 311
10 < Content-Type: application/json
10 < Date: Tue, 03 Jan 2017 01:20:45 GMT
10 < Server: Docker/1.12.3 (linux)
{"Name":"MyNetwork","Id":"32ea81185e00216e135b6176968db617807f52c50ead89da591f89fdf1476bf0","Scope":"local","Driver":"bridge","EnableIPv6":false,"IPAM":{"Driver":"default","Options":null,"Config":[{"Subnet":"172.18.0.0/16","Gateway":"172.18.0.1/16"}]},"Internal":false,"Containers":{},"Options":{},"Labels":{}}


02:20:45.297 [Test worker] DEBUG o.a.h.i.c.DefaultManagedHttpClientConnection - http-outgoing-59: Close connection
02:20:45.298 [Test worker] DEBUG o.a.h.impl.execchain.MainClientExec - Connection discarded
02:20:45.298 [Test worker] DEBUG c.g.d.j.JerseyDockerCmdExecFactory$1 - Connection released: [id: 59][route: {s}->https://Thesis:2376][total kept alive: 1; route allocated: 1 of 2; total allocated: 1 of 20]
02:20:45.298 [Test worker] DEBUG org.openbaton.docker.DockerVim - Network successfully created
02:20:45.298 [Test worker] DEBUG c.g.d.core.command.AbstrDockerCmd - Cmd: 32ea81185e00216e135b6176968db617807f52c50ead89da591f89fdf1476bf0,com.github.dockerjava.jaxrs.InspectNetworkCmdExec@3e65f0e7
02:20:45.298 [Test worker] DEBUG c.g.d.jaxrs.ListNetworksCmdExec - GET: JerseyWebTarget { https://Thesis:2376/networks/32ea81185e00216e135b6176968db617807f52c50ead89da591f89fdf1476bf0 }
02:20:45.299 [Test worker] DEBUG c.g.d.j.JerseyDockerCmdExecFactory - 11 * Sending client request on thread Test worker
11 > GET https://Thesis:2376/networks/32ea81185e00216e135b6176968db617807f52c50ead89da591f89fdf1476bf0
11 > Accept: application/json

02:20:45.302 [Test worker] DEBUG o.a.h.c.protocol.RequestAddCookies - CookieSpec selected: default
02:20:45.302 [Test worker] DEBUG o.a.h.c.protocol.RequestAuthCache - Auth cache not set in the context
02:20:45.302 [Test worker] DEBUG c.g.d.j.JerseyDockerCmdExecFactory$1 - Connection request: [route: {s}->https://Thesis:2376][total kept alive: 1; route allocated: 1 of 2; total allocated: 1 of 20]
02:20:45.302 [Test worker] DEBUG c.g.d.j.JerseyDockerCmdExecFactory$1 - Connection leased: [id: 60][route: {s}->https://Thesis:2376][total kept alive: 1; route allocated: 2 of 2; total allocated: 2 of 20]
02:20:45.302 [Test worker] DEBUG o.a.h.impl.execchain.MainClientExec - Opening connection {s}->https://Thesis:2376
02:20:45.302 [Test worker] DEBUG o.a.h.i.c.DefaultHttpClientConnectionOperator - Connecting to Thesis/127.0.1.1:2376
02:20:45.303 [Test worker] DEBUG o.a.h.c.s.SSLConnectionSocketFactory - Connecting socket to Thesis/127.0.1.1:2376 with timeout 0
02:20:45.303 [Test worker] DEBUG o.a.h.c.s.SSLConnectionSocketFactory - Enabled protocols: [TLSv1]
02:20:45.303 [Test worker] DEBUG o.a.h.c.s.SSLConnectionSocketFactory - Enabled cipher suites:[TLS_ECDHE_ECDSA_WITH_AES_128_CBC_SHA, TLS_ECDHE_RSA_WITH_AES_128_CBC_SHA, TLS_RSA_WITH_AES_128_CBC_SHA, TLS_ECDH_ECDSA_WITH_AES_128_CBC_SHA, TLS_ECDH_RSA_WITH_AES_128_CBC_SHA, TLS_DHE_RSA_WITH_AES_128_CBC_SHA, TLS_DHE_DSS_WITH_AES_128_CBC_SHA, TLS_ECDHE_ECDSA_WITH_3DES_EDE_CBC_SHA, TLS_ECDHE_RSA_WITH_3DES_EDE_CBC_SHA, SSL_RSA_WITH_3DES_EDE_CBC_SHA, TLS_ECDH_ECDSA_WITH_3DES_EDE_CBC_SHA, TLS_ECDH_RSA_WITH_3DES_EDE_CBC_SHA, SSL_DHE_RSA_WITH_3DES_EDE_CBC_SHA, SSL_DHE_DSS_WITH_3DES_EDE_CBC_SHA, TLS_ECDHE_ECDSA_WITH_RC4_128_SHA, TLS_ECDHE_RSA_WITH_RC4_128_SHA, SSL_RSA_WITH_RC4_128_SHA, TLS_ECDH_ECDSA_WITH_RC4_128_SHA, TLS_ECDH_RSA_WITH_RC4_128_SHA, SSL_RSA_WITH_RC4_128_MD5, TLS_EMPTY_RENEGOTIATION_INFO_SCSV]
02:20:45.304 [Test worker] DEBUG o.a.h.c.s.SSLConnectionSocketFactory - Starting handshake
02:20:45.366 [Test worker] DEBUG o.a.h.c.s.SSLConnectionSocketFactory - Secure session established
02:20:45.366 [Test worker] DEBUG o.a.h.c.s.SSLConnectionSocketFactory -  negotiated protocol: TLSv1
02:20:45.366 [Test worker] DEBUG o.a.h.c.s.SSLConnectionSocketFactory -  negotiated cipher suite: TLS_ECDHE_RSA_WITH_AES_128_CBC_SHA
02:20:45.367 [Test worker] DEBUG o.a.h.c.s.SSLConnectionSocketFactory -  peer principal: CN=Thesis
02:20:45.367 [Test worker] DEBUG o.a.h.c.s.SSLConnectionSocketFactory -  issuer principal: EMAILADDRESS=sha@yamil.com, CN=Thesis, OU=Open, O=Fra, L=BER, ST=BER, C=DE
02:20:45.367 [Test worker] DEBUG o.a.h.i.c.DefaultHttpClientConnectionOperator - Connection established 127.0.0.1:40996<->127.0.1.1:2376
02:20:45.367 [Test worker] DEBUG o.a.h.impl.execchain.MainClientExec - Executing request GET /networks/32ea81185e00216e135b6176968db617807f52c50ead89da591f89fdf1476bf0 HTTP/1.1
02:20:45.367 [Test worker] DEBUG o.a.h.impl.execchain.MainClientExec - Target auth state: UNCHALLENGED
02:20:45.367 [Test worker] DEBUG o.a.h.impl.execchain.MainClientExec - Proxy auth state: UNCHALLENGED
02:20:45.368 [Test worker] DEBUG org.apache.http.headers - http-outgoing-60 >> GET /networks/32ea81185e00216e135b6176968db617807f52c50ead89da591f89fdf1476bf0 HTTP/1.1
02:20:45.368 [Test worker] DEBUG org.apache.http.headers - http-outgoing-60 >> Accept: application/json
02:20:45.368 [Test worker] DEBUG org.apache.http.headers - http-outgoing-60 >> User-Agent: Jersey/2.23.1 (Apache HttpClient 4.5.1)
02:20:45.368 [Test worker] DEBUG org.apache.http.headers - http-outgoing-60 >> Host: Thesis:2376
02:20:45.369 [Test worker] DEBUG org.apache.http.headers - http-outgoing-60 >> Connection: Keep-Alive
02:20:45.369 [Test worker] DEBUG org.apache.http.headers - http-outgoing-60 >> Accept-Encoding: gzip,deflate
02:20:45.369 [Test worker] DEBUG org.apache.http.wire - http-outgoing-60 >> "GET /networks/32ea81185e00216e135b6176968db617807f52c50ead89da591f89fdf1476bf0 HTTP/1.1[\r][\n]"
02:20:45.369 [Test worker] DEBUG org.apache.http.wire - http-outgoing-60 >> "Accept: application/json[\r][\n]"
02:20:45.369 [Test worker] DEBUG org.apache.http.wire - http-outgoing-60 >> "User-Agent: Jersey/2.23.1 (Apache HttpClient 4.5.1)[\r][\n]"
02:20:45.370 [Test worker] DEBUG org.apache.http.wire - http-outgoing-60 >> "Host: Thesis:2376[\r][\n]"
02:20:45.370 [Test worker] DEBUG org.apache.http.wire - http-outgoing-60 >> "Connection: Keep-Alive[\r][\n]"
02:20:45.370 [Test worker] DEBUG org.apache.http.wire - http-outgoing-60 >> "Accept-Encoding: gzip,deflate[\r][\n]"
02:20:45.370 [Test worker] DEBUG org.apache.http.wire - http-outgoing-60 >> "[\r][\n]"
02:20:45.371 [Test worker] DEBUG org.apache.http.wire - http-outgoing-60 << "H"
02:20:45.371 [Test worker] DEBUG org.apache.http.wire - http-outgoing-60 << "TTP/1.1 200 OK[\r][\n]"
02:20:45.371 [Test worker] DEBUG org.apache.http.wire - http-outgoing-60 << "Content-Type: application/json[\r][\n]"
02:20:45.371 [Test worker] DEBUG org.apache.http.wire - http-outgoing-60 << "Server: Docker/1.12.3 (linux)[\r][\n]"
02:20:45.371 [Test worker] DEBUG org.apache.http.wire - http-outgoing-60 << "Date: Tue, 03 Jan 2017 01:20:45 GMT[\r][\n]"
02:20:45.371 [Test worker] DEBUG org.apache.http.wire - http-outgoing-60 << "Content-Length: 311[\r][\n]"
02:20:45.371 [Test worker] DEBUG org.apache.http.wire - http-outgoing-60 << "[\r][\n]"
02:20:45.371 [Test worker] DEBUG org.apache.http.wire - http-outgoing-60 << "{"Name":"MyNetwork","Id":"32ea81185e00216e135b6176968db617807f52c50ead89da591f89fdf1476bf0","Scope":"local","Driver":"bridge","EnableIPv6":false,"IPAM":{"Driver":"default","Options":null,"Config":[{"Subnet":"172.18.0.0/16","Gateway":"172.18.0.1/16"}]},"Internal":false,"Containers":{},"Options":{},"Labels":{}}[\n]"
02:20:45.372 [Test worker] DEBUG org.apache.http.headers - http-outgoing-60 << HTTP/1.1 200 OK
02:20:45.372 [Test worker] DEBUG org.apache.http.headers - http-outgoing-60 << Content-Type: application/json
02:20:45.372 [Test worker] DEBUG org.apache.http.headers - http-outgoing-60 << Server: Docker/1.12.3 (linux)
02:20:45.372 [Test worker] DEBUG org.apache.http.headers - http-outgoing-60 << Date: Tue, 03 Jan 2017 01:20:45 GMT
02:20:45.372 [Test worker] DEBUG org.apache.http.headers - http-outgoing-60 << Content-Length: 311
02:20:45.372 [Test worker] DEBUG o.a.h.impl.execchain.MainClientExec - Connection can be kept alive indefinitely
02:20:45.373 [Test worker] DEBUG c.g.d.j.JerseyDockerCmdExecFactory - 12 * Client response received on thread Test worker
12 < 200
12 < Content-Length: 311
12 < Content-Type: application/json
12 < Date: Tue, 03 Jan 2017 01:20:45 GMT
12 < Server: Docker/1.12.3 (linux)
{"Name":"MyNetwork","Id":"32ea81185e00216e135b6176968db617807f52c50ead89da591f89fdf1476bf0","Scope":"local","Driver":"bridge","EnableIPv6":false,"IPAM":{"Driver":"default","Options":null,"Config":[{"Subnet":"172.18.0.0/16","Gateway":"172.18.0.1/16"}]},"Internal":false,"Containers":{},"Options":{},"Labels":{}}


02:20:45.374 [Test worker] DEBUG o.a.h.i.c.DefaultManagedHttpClientConnection - http-outgoing-60: Close connection
02:20:45.375 [Test worker] DEBUG o.a.h.impl.execchain.MainClientExec - Connection discarded
02:20:45.375 [Test worker] DEBUG c.g.d.j.JerseyDockerCmdExecFactory$1 - Connection released: [id: 60][route: {s}->https://Thesis:2376][total kept alive: 1; route allocated: 1 of 2; total allocated: 1 of 20]
02:20:45.375 [Test worker] DEBUG c.g.d.core.command.AbstrDockerCmd - Cmd: -1,<null>,true,<null>,<null>,com.github.dockerjava.core.util.FiltersBuilder@0,com.github.dockerjava.jaxrs.ListContainersCmdExec@668b667d
02:20:45.376 [Test worker] DEBUG c.g.d.j.JerseyDockerCmdExecFactory - 13 * Sending client request on thread Test worker
13 > GET https://Thesis:2376/containers/json?all=true
13 > Accept: application/json

02:20:45.376 [Test worker] DEBUG o.a.h.c.protocol.RequestAddCookies - CookieSpec selected: default
02:20:45.376 [Test worker] DEBUG o.a.h.c.protocol.RequestAuthCache - Auth cache not set in the context
02:20:45.377 [Test worker] DEBUG c.g.d.j.JerseyDockerCmdExecFactory$1 - Connection request: [route: {s}->https://Thesis:2376][total kept alive: 1; route allocated: 1 of 2; total allocated: 1 of 20]
02:20:45.377 [Test worker] DEBUG c.g.d.j.JerseyDockerCmdExecFactory$1 - Connection leased: [id: 61][route: {s}->https://Thesis:2376][total kept alive: 1; route allocated: 2 of 2; total allocated: 2 of 20]
02:20:45.377 [Test worker] DEBUG o.a.h.impl.execchain.MainClientExec - Opening connection {s}->https://Thesis:2376
02:20:45.377 [Test worker] DEBUG o.a.h.i.c.DefaultHttpClientConnectionOperator - Connecting to Thesis/127.0.1.1:2376
02:20:45.377 [Test worker] DEBUG o.a.h.c.s.SSLConnectionSocketFactory - Connecting socket to Thesis/127.0.1.1:2376 with timeout 0
02:20:45.378 [Test worker] DEBUG o.a.h.c.s.SSLConnectionSocketFactory - Enabled protocols: [TLSv1]
02:20:45.378 [Test worker] DEBUG o.a.h.c.s.SSLConnectionSocketFactory - Enabled cipher suites:[TLS_ECDHE_ECDSA_WITH_AES_128_CBC_SHA, TLS_ECDHE_RSA_WITH_AES_128_CBC_SHA, TLS_RSA_WITH_AES_128_CBC_SHA, TLS_ECDH_ECDSA_WITH_AES_128_CBC_SHA, TLS_ECDH_RSA_WITH_AES_128_CBC_SHA, TLS_DHE_RSA_WITH_AES_128_CBC_SHA, TLS_DHE_DSS_WITH_AES_128_CBC_SHA, TLS_ECDHE_ECDSA_WITH_3DES_EDE_CBC_SHA, TLS_ECDHE_RSA_WITH_3DES_EDE_CBC_SHA, SSL_RSA_WITH_3DES_EDE_CBC_SHA, TLS_ECDH_ECDSA_WITH_3DES_EDE_CBC_SHA, TLS_ECDH_RSA_WITH_3DES_EDE_CBC_SHA, SSL_DHE_RSA_WITH_3DES_EDE_CBC_SHA, SSL_DHE_DSS_WITH_3DES_EDE_CBC_SHA, TLS_ECDHE_ECDSA_WITH_RC4_128_SHA, TLS_ECDHE_RSA_WITH_RC4_128_SHA, SSL_RSA_WITH_RC4_128_SHA, TLS_ECDH_ECDSA_WITH_RC4_128_SHA, TLS_ECDH_RSA_WITH_RC4_128_SHA, SSL_RSA_WITH_RC4_128_MD5, TLS_EMPTY_RENEGOTIATION_INFO_SCSV]
02:20:45.378 [Test worker] DEBUG o.a.h.c.s.SSLConnectionSocketFactory - Starting handshake
02:20:45.472 [Test worker] DEBUG o.a.h.c.s.SSLConnectionSocketFactory - Secure session established
02:20:45.473 [Test worker] DEBUG o.a.h.c.s.SSLConnectionSocketFactory -  negotiated protocol: TLSv1
02:20:45.473 [Test worker] DEBUG o.a.h.c.s.SSLConnectionSocketFactory -  negotiated cipher suite: TLS_ECDHE_RSA_WITH_AES_128_CBC_SHA
02:20:45.473 [Test worker] DEBUG o.a.h.c.s.SSLConnectionSocketFactory -  peer principal: CN=Thesis
02:20:45.473 [Test worker] DEBUG o.a.h.c.s.SSLConnectionSocketFactory -  issuer principal: EMAILADDRESS=sha@yamil.com, CN=Thesis, OU=Open, O=Fra, L=BER, ST=BER, C=DE
02:20:45.473 [Test worker] DEBUG o.a.h.i.c.DefaultHttpClientConnectionOperator - Connection established 127.0.0.1:40998<->127.0.1.1:2376
02:20:45.474 [Test worker] DEBUG o.a.h.impl.execchain.MainClientExec - Executing request GET /containers/json?all=true HTTP/1.1
02:20:45.474 [Test worker] DEBUG o.a.h.impl.execchain.MainClientExec - Target auth state: UNCHALLENGED
02:20:45.474 [Test worker] DEBUG o.a.h.impl.execchain.MainClientExec - Proxy auth state: UNCHALLENGED
02:20:45.474 [Test worker] DEBUG org.apache.http.headers - http-outgoing-61 >> GET /containers/json?all=true HTTP/1.1
02:20:45.474 [Test worker] DEBUG org.apache.http.headers - http-outgoing-61 >> Accept: application/json
02:20:45.475 [Test worker] DEBUG org.apache.http.headers - http-outgoing-61 >> User-Agent: Jersey/2.23.1 (Apache HttpClient 4.5.1)
02:20:45.475 [Test worker] DEBUG org.apache.http.headers - http-outgoing-61 >> Host: Thesis:2376
02:20:45.475 [Test worker] DEBUG org.apache.http.headers - http-outgoing-61 >> Connection: Keep-Alive
02:20:45.476 [Test worker] DEBUG org.apache.http.headers - http-outgoing-61 >> Accept-Encoding: gzip,deflate
02:20:45.476 [Test worker] DEBUG org.apache.http.wire - http-outgoing-61 >> "GET /containers/json?all=true HTTP/1.1[\r][\n]"
02:20:45.476 [Test worker] DEBUG org.apache.http.wire - http-outgoing-61 >> "Accept: application/json[\r][\n]"
02:20:45.476 [Test worker] DEBUG org.apache.http.wire - http-outgoing-61 >> "User-Agent: Jersey/2.23.1 (Apache HttpClient 4.5.1)[\r][\n]"
02:20:45.476 [Test worker] DEBUG org.apache.http.wire - http-outgoing-61 >> "Host: Thesis:2376[\r][\n]"
02:20:45.476 [Test worker] DEBUG org.apache.http.wire - http-outgoing-61 >> "Connection: Keep-Alive[\r][\n]"
02:20:45.476 [Test worker] DEBUG org.apache.http.wire - http-outgoing-61 >> "Accept-Encoding: gzip,deflate[\r][\n]"
02:20:45.476 [Test worker] DEBUG org.apache.http.wire - http-outgoing-61 >> "[\r][\n]"
02:20:45.477 [Test worker] DEBUG org.apache.http.wire - http-outgoing-61 << "H"
02:20:45.477 [Test worker] DEBUG org.apache.http.wire - http-outgoing-61 << "TTP/1.1 200 OK[\r][\n]"
02:20:45.477 [Test worker] DEBUG org.apache.http.wire - http-outgoing-61 << "Content-Type: application/json[\r][\n]"
02:20:45.477 [Test worker] DEBUG org.apache.http.wire - http-outgoing-61 << "Server: Docker/1.12.3 (linux)[\r][\n]"
02:20:45.477 [Test worker] DEBUG org.apache.http.wire - http-outgoing-61 << "Date: Tue, 03 Jan 2017 01:20:45 GMT[\r][\n]"
02:20:45.478 [Test worker] DEBUG org.apache.http.wire - http-outgoing-61 << "Content-Length: 3[\r][\n]"
02:20:45.478 [Test worker] DEBUG org.apache.http.wire - http-outgoing-61 << "[\r][\n]"
02:20:45.478 [Test worker] DEBUG org.apache.http.wire - http-outgoing-61 << "[][\n]"
02:20:45.478 [Test worker] DEBUG org.apache.http.headers - http-outgoing-61 << HTTP/1.1 200 OK
02:20:45.481 [Test worker] DEBUG org.apache.http.headers - http-outgoing-61 << Content-Type: application/json
02:20:45.482 [Test worker] DEBUG org.apache.http.headers - http-outgoing-61 << Server: Docker/1.12.3 (linux)
02:20:45.482 [Test worker] DEBUG org.apache.http.headers - http-outgoing-61 << Date: Tue, 03 Jan 2017 01:20:45 GMT
02:20:45.482 [Test worker] DEBUG org.apache.http.headers - http-outgoing-61 << Content-Length: 3
02:20:45.482 [Test worker] DEBUG o.a.h.impl.execchain.MainClientExec - Connection can be kept alive indefinitely
02:20:45.483 [Test worker] DEBUG c.g.d.j.JerseyDockerCmdExecFactory - 14 * Client response received on thread Test worker
14 < 200
14 < Content-Length: 3
14 < Content-Type: application/json
14 < Date: Tue, 03 Jan 2017 01:20:45 GMT
14 < Server: Docker/1.12.3 (linux)
[]


02:20:45.485 [Test worker] DEBUG c.g.d.j.JerseyDockerCmdExecFactory$1 - Connection [id: 61][route: {s}->https://Thesis:2376][state: CN=Thesis] can be kept alive indefinitely
02:20:45.486 [Test worker] DEBUG c.g.d.j.JerseyDockerCmdExecFactory$1 - Connection released: [id: 61][route: {s}->https://Thesis:2376][state: CN=Thesis][total kept alive: 2; route allocated: 2 of 2; total allocated: 2 of 20]
02:20:45.486 [Test worker] DEBUG c.g.d.core.command.AbstrDockerCmd - Cmd: com.github.dockerjava.core.util.FiltersBuilder@0,com.github.dockerjava.jaxrs.ListNetworksCmdExec@286edac4
02:20:45.487 [Test worker] DEBUG c.g.d.j.JerseyDockerCmdExecFactory - 15 * Sending client request on thread Test worker
15 > GET https://Thesis:2376/networks
15 > Accept: application/json

02:20:45.487 [Test worker] DEBUG o.a.h.c.protocol.RequestAddCookies - CookieSpec selected: default
02:20:45.488 [Test worker] DEBUG o.a.h.c.protocol.RequestAuthCache - Auth cache not set in the context
02:20:45.488 [Test worker] DEBUG c.g.d.j.JerseyDockerCmdExecFactory$1 - Connection request: [route: {s}->https://Thesis:2376][total kept alive: 2; route allocated: 2 of 2; total allocated: 2 of 20]
02:20:45.488 [Test worker] DEBUG o.a.h.i.c.DefaultManagedHttpClientConnection - http-outgoing-55: Close connection
02:20:45.492 [Test worker] DEBUG c.g.d.j.JerseyDockerCmdExecFactory$1 - Connection leased: [id: 62][route: {s}->https://Thesis:2376][total kept alive: 1; route allocated: 2 of 2; total allocated: 2 of 20]
02:20:45.492 [Test worker] DEBUG o.a.h.impl.execchain.MainClientExec - Opening connection {s}->https://Thesis:2376
02:20:45.493 [Test worker] DEBUG o.a.h.i.c.DefaultHttpClientConnectionOperator - Connecting to Thesis/127.0.1.1:2376
02:20:45.493 [Test worker] DEBUG o.a.h.c.s.SSLConnectionSocketFactory - Connecting socket to Thesis/127.0.1.1:2376 with timeout 0
02:20:45.494 [Test worker] DEBUG o.a.h.c.s.SSLConnectionSocketFactory - Enabled protocols: [TLSv1]
02:20:45.494 [Test worker] DEBUG o.a.h.c.s.SSLConnectionSocketFactory - Enabled cipher suites:[TLS_ECDHE_ECDSA_WITH_AES_128_CBC_SHA, TLS_ECDHE_RSA_WITH_AES_128_CBC_SHA, TLS_RSA_WITH_AES_128_CBC_SHA, TLS_ECDH_ECDSA_WITH_AES_128_CBC_SHA, TLS_ECDH_RSA_WITH_AES_128_CBC_SHA, TLS_DHE_RSA_WITH_AES_128_CBC_SHA, TLS_DHE_DSS_WITH_AES_128_CBC_SHA, TLS_ECDHE_ECDSA_WITH_3DES_EDE_CBC_SHA, TLS_ECDHE_RSA_WITH_3DES_EDE_CBC_SHA, SSL_RSA_WITH_3DES_EDE_CBC_SHA, TLS_ECDH_ECDSA_WITH_3DES_EDE_CBC_SHA, TLS_ECDH_RSA_WITH_3DES_EDE_CBC_SHA, SSL_DHE_RSA_WITH_3DES_EDE_CBC_SHA, SSL_DHE_DSS_WITH_3DES_EDE_CBC_SHA, TLS_ECDHE_ECDSA_WITH_RC4_128_SHA, TLS_ECDHE_RSA_WITH_RC4_128_SHA, SSL_RSA_WITH_RC4_128_SHA, TLS_ECDH_ECDSA_WITH_RC4_128_SHA, TLS_ECDH_RSA_WITH_RC4_128_SHA, SSL_RSA_WITH_RC4_128_MD5, TLS_EMPTY_RENEGOTIATION_INFO_SCSV]
02:20:45.494 [Test worker] DEBUG o.a.h.c.s.SSLConnectionSocketFactory - Starting handshake
02:20:45.556 [Test worker] DEBUG o.a.h.c.s.SSLConnectionSocketFactory - Secure session established
02:20:45.557 [Test worker] DEBUG o.a.h.c.s.SSLConnectionSocketFactory -  negotiated protocol: TLSv1
02:20:45.557 [Test worker] DEBUG o.a.h.c.s.SSLConnectionSocketFactory -  negotiated cipher suite: TLS_ECDHE_RSA_WITH_AES_128_CBC_SHA
02:20:45.557 [Test worker] DEBUG o.a.h.c.s.SSLConnectionSocketFactory -  peer principal: CN=Thesis
02:20:45.557 [Test worker] DEBUG o.a.h.c.s.SSLConnectionSocketFactory -  issuer principal: EMAILADDRESS=sha@yamil.com, CN=Thesis, OU=Open, O=Fra, L=BER, ST=BER, C=DE
02:20:45.557 [Test worker] DEBUG o.a.h.i.c.DefaultHttpClientConnectionOperator - Connection established 127.0.0.1:41000<->127.0.1.1:2376
02:20:45.557 [Test worker] DEBUG o.a.h.impl.execchain.MainClientExec - Executing request GET /networks HTTP/1.1
02:20:45.558 [Test worker] DEBUG o.a.h.impl.execchain.MainClientExec - Target auth state: UNCHALLENGED
02:20:45.558 [Test worker] DEBUG o.a.h.impl.execchain.MainClientExec - Proxy auth state: UNCHALLENGED
02:20:45.558 [Test worker] DEBUG org.apache.http.headers - http-outgoing-62 >> GET /networks HTTP/1.1
02:20:45.558 [Test worker] DEBUG org.apache.http.headers - http-outgoing-62 >> Accept: application/json
02:20:45.558 [Test worker] DEBUG org.apache.http.headers - http-outgoing-62 >> User-Agent: Jersey/2.23.1 (Apache HttpClient 4.5.1)
02:20:45.559 [Test worker] DEBUG org.apache.http.headers - http-outgoing-62 >> Host: Thesis:2376
02:20:45.559 [Test worker] DEBUG org.apache.http.headers - http-outgoing-62 >> Connection: Keep-Alive
02:20:45.559 [Test worker] DEBUG org.apache.http.headers - http-outgoing-62 >> Accept-Encoding: gzip,deflate
02:20:45.559 [Test worker] DEBUG org.apache.http.wire - http-outgoing-62 >> "GET /networks HTTP/1.1[\r][\n]"
02:20:45.559 [Test worker] DEBUG org.apache.http.wire - http-outgoing-62 >> "Accept: application/json[\r][\n]"
02:20:45.559 [Test worker] DEBUG org.apache.http.wire - http-outgoing-62 >> "User-Agent: Jersey/2.23.1 (Apache HttpClient 4.5.1)[\r][\n]"
02:20:45.559 [Test worker] DEBUG org.apache.http.wire - http-outgoing-62 >> "Host: Thesis:2376[\r][\n]"
02:20:45.559 [Test worker] DEBUG org.apache.http.wire - http-outgoing-62 >> "Connection: Keep-Alive[\r][\n]"
02:20:45.560 [Test worker] DEBUG org.apache.http.wire - http-outgoing-62 >> "Accept-Encoding: gzip,deflate[\r][\n]"
02:20:45.560 [Test worker] DEBUG org.apache.http.wire - http-outgoing-62 >> "[\r][\n]"
02:20:45.560 [Test worker] DEBUG org.apache.http.wire - http-outgoing-62 << "H"
02:20:45.560 [Test worker] DEBUG org.apache.http.wire - http-outgoing-62 << "TTP/1.1 200 OK[\r][\n]"
02:20:45.560 [Test worker] DEBUG org.apache.http.wire - http-outgoing-62 << "Content-Type: application/json[\r][\n]"
02:20:45.561 [Test worker] DEBUG org.apache.http.wire - http-outgoing-62 << "Server: Docker/1.12.3 (linux)[\r][\n]"
02:20:45.561 [Test worker] DEBUG org.apache.http.wire - http-outgoing-62 << "Date: Tue, 03 Jan 2017 01:20:45 GMT[\r][\n]"
02:20:45.561 [Test worker] DEBUG org.apache.http.wire - http-outgoing-62 << "Content-Length: 1411[\r][\n]"
02:20:45.561 [Test worker] DEBUG org.apache.http.wire - http-outgoing-62 << "[\r][\n]"
02:20:45.561 [Test worker] DEBUG org.apache.http.wire - http-outgoing-62 << "[{"Name":"bridge","Id":"e0d36057aa1769e9fd52ba88be81b698b495f9b6b4946d0f98f24d971a27fc98","Scope":"local","Driver":"bridge","EnableIPv6":false,"IPAM":{"Driver":"default","Options":null,"Config":[{"Subnet":"172.17.0.0/16","Gateway":"172.17.0.1"}]},"Internal":false,"Containers":{},"Options":{"com.docker.network.bridge.default_bridge":"true","com.docker.network.bridge.enable_icc":"true","com.docker.network.bridge.enable_ip_masquerade":"true","com.docker.network.bridge.host_binding_ipv4":"0.0.0.0","com.docker.network.bridge.name":"docker0","com.docker.network.driver.mtu":"1500"},"Labels":{}},{"Name":"host","Id":"fe042b0866671b5be4f097ba43830c0a02959c058702d18e18c14a24d88a357d","Scope":"local","Driver":"host","EnableIPv6":false,"IPAM":{"Driver":"default","Options":null,"Config":[]},"Internal":false,"Containers":{},"Options":{},"Labels":{}},{"Name":"MyNetwork","Id":"32ea81185e00216e135b6176968db617807f52c50ead89da591f89fdf1476bf0","Scope":"local","Driver":"bridge","EnableIPv6":false,"IPAM":{"Driver":"default","Options":null,"Config":[{"Subnet":"172.18.0.0/16","Gateway":"172.18.0.1/16"}]},"Internal":false,"Containers":{},"Options":{},"Labels":{}},{"Name":"none","Id":"4d89c194eb79cd2beb38458d10a1b98c74d6b8462af72afde29ae7aca53ed5ca","Scope":"local","Driver":"null","EnableIPv6":false,"IPAM":{"Driver":"default","Options":null,"Config":[]},"Internal":false,"Containers":{},"Options":{},"Labels":{}}][\n]"
02:20:45.561 [Test worker] DEBUG org.apache.http.headers - http-outgoing-62 << HTTP/1.1 200 OK
02:20:45.561 [Test worker] DEBUG org.apache.http.headers - http-outgoing-62 << Content-Type: application/json
02:20:45.562 [Test worker] DEBUG org.apache.http.headers - http-outgoing-62 << Server: Docker/1.12.3 (linux)
02:20:45.562 [Test worker] DEBUG org.apache.http.headers - http-outgoing-62 << Date: Tue, 03 Jan 2017 01:20:45 GMT
02:20:45.562 [Test worker] DEBUG org.apache.http.headers - http-outgoing-62 << Content-Length: 1411
02:20:45.562 [Test worker] DEBUG o.a.h.impl.execchain.MainClientExec - Connection can be kept alive indefinitely
02:20:45.562 [Test worker] DEBUG c.g.d.j.JerseyDockerCmdExecFactory - 16 * Client response received on thread Test worker
16 < 200
16 < Content-Length: 1411
16 < Content-Type: application/json
16 < Date: Tue, 03 Jan 2017 01:20:45 GMT
16 < Server: Docker/1.12.3 (linux)
[{"Name":"bridge","Id":"e0d36057aa1769e9fd52ba88be81b698b495f9b6b4946d0f98f24d971a27fc98","Scope":"local","Driver":"bridge","EnableIPv6":false,"IPAM":{"Driver":"default","Options":null,"Config":[{"Subnet":"172.17.0.0/16","Gateway":"172.17.0.1"}]},"Internal":false,"Containers":{},"Options":{"com.docker.network.bridge.default_bridge":"true","com.docker.network.bridge.enable_icc":"true","com.docker.network.bridge.enable_ip_masquerade":"true","com.docker.network.bridge.host_binding_ipv4":"0.0.0.0","com.docker.network.bridge.name":"docker0","com.docker.network.driver.mtu":"1500"},"Labels":{}},{"Name":"host","Id":"fe042b0866671b5be4f097ba43830c0a02959c058702d18e18c14a24d88a357d","Scope":"local","Driver":"host","EnableIPv6":false,"IPAM":{"Driver":"default","Options":null,"Config":[]},"Internal":false,"Containers":{},"Options":{},"Labels":{}},{"Name":"MyNetwork","Id":"32ea81185e00216e135b6176968db617807f52c50ead89da591f89fdf1476bf0","Scope":"local","Driver":"bridge","EnableIPv6":false,"IPAM":{"Driver":"default","Options":null,"Config":[{"Subnet":"172.18.0.0/16","Gateway":"172.18.0.1/16"}]},"Internal":false,"Containers":{},"Options":{},"Labels":{}},{"Name":"none","Id":"4d89c194eb79cd2beb38458d10a1b98c74d6b8462af72afde29ae7aca53ed5ca","Scope":"local","Driver":"null","EnableIPv6":false,"IPAM":{"Driver":"default","Options":null,"Config":[]},"Internal":false,"Containers":{},"Options":{},"Labels":{}}]


02:20:45.568 [Test worker] DEBUG o.a.h.i.c.DefaultManagedHttpClientConnection - http-outgoing-62: Close connection
02:20:45.569 [Test worker] DEBUG o.a.h.impl.execchain.MainClientExec - Connection discarded
02:20:45.569 [Test worker] DEBUG c.g.d.j.JerseyDockerCmdExecFactory$1 - Connection released: [id: 62][route: {s}->https://Thesis:2376][total kept alive: 1; route allocated: 1 of 2; total allocated: 1 of 20]
02:20:45.569 [Test worker] DEBUG org.openbaton.docker.DockerVim - Found a docker network, transformed into a NFV network Network{id='32ea81185e00216e135b6176968db617807f52c50ead89da591f89fdf1476bf0', name='MyNetwork', extId='null', external=false, shared=false, subnets=[Subnet{id='null', version=0, name='bridge', extId='null', networkId='172.18.0.0/16', cidr='null', gatewayIp='172.18.0.1/16'}]}
02:20:45.569 [Test worker] DEBUG c.g.d.core.command.AbstrDockerCmd - Cmd: 32ea81185e00216e135b6176968db617807f52c50ead89da591f89fdf1476bf0,com.github.dockerjava.jaxrs.RemoveNetworkCmdExec@419c494d
02:20:45.570 [Test worker] DEBUG c.g.d.j.JerseyDockerCmdExecFactory - 17 * Sending client request on thread Test worker
17 > DELETE https://Thesis:2376/networks/32ea81185e00216e135b6176968db617807f52c50ead89da591f89fdf1476bf0
17 > Accept: application/json

02:20:45.570 [Test worker] DEBUG o.a.h.c.protocol.RequestAddCookies - CookieSpec selected: default
02:20:45.571 [Test worker] DEBUG o.a.h.c.protocol.RequestAuthCache - Auth cache not set in the context
02:20:45.571 [Test worker] DEBUG c.g.d.j.JerseyDockerCmdExecFactory$1 - Connection request: [route: {s}->https://Thesis:2376][total kept alive: 1; route allocated: 1 of 2; total allocated: 1 of 20]
02:20:45.574 [Test worker] DEBUG c.g.d.j.JerseyDockerCmdExecFactory$1 - Connection leased: [id: 63][route: {s}->https://Thesis:2376][total kept alive: 1; route allocated: 2 of 2; total allocated: 2 of 20]
02:20:45.575 [Test worker] DEBUG o.a.h.impl.execchain.MainClientExec - Opening connection {s}->https://Thesis:2376
02:20:45.575 [Test worker] DEBUG o.a.h.i.c.DefaultHttpClientConnectionOperator - Connecting to Thesis/127.0.1.1:2376
02:20:45.575 [Test worker] DEBUG o.a.h.c.s.SSLConnectionSocketFactory - Connecting socket to Thesis/127.0.1.1:2376 with timeout 0
02:20:45.576 [Test worker] DEBUG o.a.h.c.s.SSLConnectionSocketFactory - Enabled protocols: [TLSv1]
02:20:45.576 [Test worker] DEBUG o.a.h.c.s.SSLConnectionSocketFactory - Enabled cipher suites:[TLS_ECDHE_ECDSA_WITH_AES_128_CBC_SHA, TLS_ECDHE_RSA_WITH_AES_128_CBC_SHA, TLS_RSA_WITH_AES_128_CBC_SHA, TLS_ECDH_ECDSA_WITH_AES_128_CBC_SHA, TLS_ECDH_RSA_WITH_AES_128_CBC_SHA, TLS_DHE_RSA_WITH_AES_128_CBC_SHA, TLS_DHE_DSS_WITH_AES_128_CBC_SHA, TLS_ECDHE_ECDSA_WITH_3DES_EDE_CBC_SHA, TLS_ECDHE_RSA_WITH_3DES_EDE_CBC_SHA, SSL_RSA_WITH_3DES_EDE_CBC_SHA, TLS_ECDH_ECDSA_WITH_3DES_EDE_CBC_SHA, TLS_ECDH_RSA_WITH_3DES_EDE_CBC_SHA, SSL_DHE_RSA_WITH_3DES_EDE_CBC_SHA, SSL_DHE_DSS_WITH_3DES_EDE_CBC_SHA, TLS_ECDHE_ECDSA_WITH_RC4_128_SHA, TLS_ECDHE_RSA_WITH_RC4_128_SHA, SSL_RSA_WITH_RC4_128_SHA, TLS_ECDH_ECDSA_WITH_RC4_128_SHA, TLS_ECDH_RSA_WITH_RC4_128_SHA, SSL_RSA_WITH_RC4_128_MD5, TLS_EMPTY_RENEGOTIATION_INFO_SCSV]
02:20:45.576 [Test worker] DEBUG o.a.h.c.s.SSLConnectionSocketFactory - Starting handshake
02:20:45.636 [Test worker] DEBUG o.a.h.c.s.SSLConnectionSocketFactory - Secure session established
02:20:45.636 [Test worker] DEBUG o.a.h.c.s.SSLConnectionSocketFactory -  negotiated protocol: TLSv1
02:20:45.636 [Test worker] DEBUG o.a.h.c.s.SSLConnectionSocketFactory -  negotiated cipher suite: TLS_ECDHE_RSA_WITH_AES_128_CBC_SHA
02:20:45.637 [Test worker] DEBUG o.a.h.c.s.SSLConnectionSocketFactory -  peer principal: CN=Thesis
02:20:45.637 [Test worker] DEBUG o.a.h.c.s.SSLConnectionSocketFactory -  issuer principal: EMAILADDRESS=sha@yamil.com, CN=Thesis, OU=Open, O=Fra, L=BER, ST=BER, C=DE
02:20:45.637 [Test worker] DEBUG o.a.h.i.c.DefaultHttpClientConnectionOperator - Connection established 127.0.0.1:41002<->127.0.1.1:2376
02:20:45.637 [Test worker] DEBUG o.a.h.impl.execchain.MainClientExec - Executing request DELETE /networks/32ea81185e00216e135b6176968db617807f52c50ead89da591f89fdf1476bf0 HTTP/1.1
02:20:45.637 [Test worker] DEBUG o.a.h.impl.execchain.MainClientExec - Target auth state: UNCHALLENGED
02:20:45.637 [Test worker] DEBUG o.a.h.impl.execchain.MainClientExec - Proxy auth state: UNCHALLENGED
02:20:45.637 [Test worker] DEBUG org.apache.http.headers - http-outgoing-63 >> DELETE /networks/32ea81185e00216e135b6176968db617807f52c50ead89da591f89fdf1476bf0 HTTP/1.1
02:20:45.638 [Test worker] DEBUG org.apache.http.headers - http-outgoing-63 >> Accept: application/json
02:20:45.638 [Test worker] DEBUG org.apache.http.headers - http-outgoing-63 >> User-Agent: Jersey/2.23.1 (Apache HttpClient 4.5.1)
02:20:45.638 [Test worker] DEBUG org.apache.http.headers - http-outgoing-63 >> Host: Thesis:2376
02:20:45.638 [Test worker] DEBUG org.apache.http.headers - http-outgoing-63 >> Connection: Keep-Alive
02:20:45.638 [Test worker] DEBUG org.apache.http.headers - http-outgoing-63 >> Accept-Encoding: gzip,deflate
02:20:45.638 [Test worker] DEBUG org.apache.http.wire - http-outgoing-63 >> "DELETE /networks/32ea81185e00216e135b6176968db617807f52c50ead89da591f89fdf1476bf0 HTTP/1.1[\r][\n]"
02:20:45.639 [Test worker] DEBUG org.apache.http.wire - http-outgoing-63 >> "Accept: application/json[\r][\n]"
02:20:45.639 [Test worker] DEBUG org.apache.http.wire - http-outgoing-63 >> "User-Agent: Jersey/2.23.1 (Apache HttpClient 4.5.1)[\r][\n]"
02:20:45.639 [Test worker] DEBUG org.apache.http.wire - http-outgoing-63 >> "Host: Thesis:2376[\r][\n]"
02:20:45.639 [Test worker] DEBUG org.apache.http.wire - http-outgoing-63 >> "Connection: Keep-Alive[\r][\n]"
02:20:45.639 [Test worker] DEBUG org.apache.http.wire - http-outgoing-63 >> "Accept-Encoding: gzip,deflate[\r][\n]"
02:20:45.639 [Test worker] DEBUG org.apache.http.wire - http-outgoing-63 >> "[\r][\n]"
02:20:45.722 [Test worker] DEBUG org.apache.http.wire - http-outgoing-63 << "H"
02:20:45.723 [Test worker] DEBUG org.apache.http.wire - http-outgoing-63 << "TTP/1.1 204 No Content[\r][\n]"
02:20:45.723 [Test worker] DEBUG org.apache.http.wire - http-outgoing-63 << "Server: Docker/1.12.3 (linux)[\r][\n]"
02:20:45.723 [Test worker] DEBUG org.apache.http.wire - http-outgoing-63 << "Date: Tue, 03 Jan 2017 01:20:45 GMT[\r][\n]"
02:20:45.723 [Test worker] DEBUG org.apache.http.wire - http-outgoing-63 << "[\r][\n]"
02:20:45.723 [Test worker] DEBUG org.apache.http.headers - http-outgoing-63 << HTTP/1.1 204 No Content
02:20:45.723 [Test worker] DEBUG org.apache.http.headers - http-outgoing-63 << Server: Docker/1.12.3 (linux)
02:20:45.723 [Test worker] DEBUG org.apache.http.headers - http-outgoing-63 << Date: Tue, 03 Jan 2017 01:20:45 GMT
02:20:45.723 [Test worker] DEBUG o.a.h.impl.execchain.MainClientExec - Connection can be kept alive indefinitely
02:20:45.723 [Test worker] DEBUG c.g.d.j.JerseyDockerCmdExecFactory$1 - Connection [id: 63][route: {s}->https://Thesis:2376][state: CN=Thesis] can be kept alive indefinitely
02:20:45.723 [Test worker] DEBUG c.g.d.j.JerseyDockerCmdExecFactory$1 - Connection released: [id: 63][route: {s}->https://Thesis:2376][state: CN=Thesis][total kept alive: 2; route allocated: 2 of 2; total allocated: 2 of 20]
02:20:45.724 [Test worker] DEBUG c.g.d.j.JerseyDockerCmdExecFactory - 18 * Client response received on thread Test worker
18 < 204
18 < Date: Tue, 03 Jan 2017 01:20:45 GMT
18 < Server: Docker/1.12.3 (linux)

02:20:45.724 [Test worker] INFO  org.openbaton.docker.DockerVim - Network '32ea81185e00216e135b6176968db617807f52c50ead89da591f89fdf1476bf0' deleted successfully
02:20:45.724 [Test worker] DEBUG c.g.d.core.command.AbstrDockerCmd - Cmd: com.github.dockerjava.core.util.FiltersBuilder@0,com.github.dockerjava.jaxrs.ListVolumesCmdExec@4bbbcc27
02:20:45.724 [Test worker] DEBUG c.g.d.j.JerseyDockerCmdExecFactory - 19 * Sending client request on thread Test worker
19 > GET https://Thesis:2376/volumes
19 > Accept: application/json

02:20:45.724 [Test worker] DEBUG o.a.h.c.protocol.RequestAddCookies - CookieSpec selected: default
02:20:45.724 [Test worker] DEBUG o.a.h.c.protocol.RequestAuthCache - Auth cache not set in the context
02:20:45.724 [Test worker] DEBUG c.g.d.j.JerseyDockerCmdExecFactory$1 - Connection request: [route: {s}->https://Thesis:2376][total kept alive: 2; route allocated: 2 of 2; total allocated: 2 of 20]
02:20:45.724 [Test worker] DEBUG o.a.h.i.c.DefaultManagedHttpClientConnection - http-outgoing-61: Close connection
02:20:45.725 [Test worker] DEBUG c.g.d.j.JerseyDockerCmdExecFactory$1 - Connection leased: [id: 64][route: {s}->https://Thesis:2376][total kept alive: 1; route allocated: 2 of 2; total allocated: 2 of 20]
02:20:45.725 [Test worker] DEBUG o.a.h.impl.execchain.MainClientExec - Opening connection {s}->https://Thesis:2376
02:20:45.725 [Test worker] DEBUG o.a.h.i.c.DefaultHttpClientConnectionOperator - Connecting to Thesis/127.0.1.1:2376
02:20:45.725 [Test worker] DEBUG o.a.h.c.s.SSLConnectionSocketFactory - Connecting socket to Thesis/127.0.1.1:2376 with timeout 0
02:20:45.726 [Test worker] DEBUG o.a.h.c.s.SSLConnectionSocketFactory - Enabled protocols: [TLSv1]
02:20:45.727 [Test worker] DEBUG o.a.h.c.s.SSLConnectionSocketFactory - Enabled cipher suites:[TLS_ECDHE_ECDSA_WITH_AES_128_CBC_SHA, TLS_ECDHE_RSA_WITH_AES_128_CBC_SHA, TLS_RSA_WITH_AES_128_CBC_SHA, TLS_ECDH_ECDSA_WITH_AES_128_CBC_SHA, TLS_ECDH_RSA_WITH_AES_128_CBC_SHA, TLS_DHE_RSA_WITH_AES_128_CBC_SHA, TLS_DHE_DSS_WITH_AES_128_CBC_SHA, TLS_ECDHE_ECDSA_WITH_3DES_EDE_CBC_SHA, TLS_ECDHE_RSA_WITH_3DES_EDE_CBC_SHA, SSL_RSA_WITH_3DES_EDE_CBC_SHA, TLS_ECDH_ECDSA_WITH_3DES_EDE_CBC_SHA, TLS_ECDH_RSA_WITH_3DES_EDE_CBC_SHA, SSL_DHE_RSA_WITH_3DES_EDE_CBC_SHA, SSL_DHE_DSS_WITH_3DES_EDE_CBC_SHA, TLS_ECDHE_ECDSA_WITH_RC4_128_SHA, TLS_ECDHE_RSA_WITH_RC4_128_SHA, SSL_RSA_WITH_RC4_128_SHA, TLS_ECDH_ECDSA_WITH_RC4_128_SHA, TLS_ECDH_RSA_WITH_RC4_128_SHA, SSL_RSA_WITH_RC4_128_MD5, TLS_EMPTY_RENEGOTIATION_INFO_SCSV]
02:20:45.727 [Test worker] DEBUG o.a.h.c.s.SSLConnectionSocketFactory - Starting handshake
02:20:45.798 [Test worker] DEBUG o.a.h.c.s.SSLConnectionSocketFactory - Secure session established
02:20:45.798 [Test worker] DEBUG o.a.h.c.s.SSLConnectionSocketFactory -  negotiated protocol: TLSv1
02:20:45.798 [Test worker] DEBUG o.a.h.c.s.SSLConnectionSocketFactory -  negotiated cipher suite: TLS_ECDHE_RSA_WITH_AES_128_CBC_SHA
02:20:45.799 [Test worker] DEBUG o.a.h.c.s.SSLConnectionSocketFactory -  peer principal: CN=Thesis
02:20:45.799 [Test worker] DEBUG o.a.h.c.s.SSLConnectionSocketFactory -  issuer principal: EMAILADDRESS=sha@yamil.com, CN=Thesis, OU=Open, O=Fra, L=BER, ST=BER, C=DE
02:20:45.799 [Test worker] DEBUG o.a.h.i.c.DefaultHttpClientConnectionOperator - Connection established 127.0.0.1:41004<->127.0.1.1:2376
02:20:45.799 [Test worker] DEBUG o.a.h.impl.execchain.MainClientExec - Executing request GET /volumes HTTP/1.1
02:20:45.799 [Test worker] DEBUG o.a.h.impl.execchain.MainClientExec - Target auth state: UNCHALLENGED
02:20:45.799 [Test worker] DEBUG o.a.h.impl.execchain.MainClientExec - Proxy auth state: UNCHALLENGED
02:20:45.800 [Test worker] DEBUG org.apache.http.headers - http-outgoing-64 >> GET /volumes HTTP/1.1
02:20:45.800 [Test worker] DEBUG org.apache.http.headers - http-outgoing-64 >> Accept: application/json
02:20:45.800 [Test worker] DEBUG org.apache.http.headers - http-outgoing-64 >> User-Agent: Jersey/2.23.1 (Apache HttpClient 4.5.1)
02:20:45.800 [Test worker] DEBUG org.apache.http.headers - http-outgoing-64 >> Host: Thesis:2376
02:20:45.800 [Test worker] DEBUG org.apache.http.headers - http-outgoing-64 >> Connection: Keep-Alive
02:20:45.800 [Test worker] DEBUG org.apache.http.headers - http-outgoing-64 >> Accept-Encoding: gzip,deflate
02:20:45.800 [Test worker] DEBUG org.apache.http.wire - http-outgoing-64 >> "GET /volumes HTTP/1.1[\r][\n]"
02:20:45.800 [Test worker] DEBUG org.apache.http.wire - http-outgoing-64 >> "Accept: application/json[\r][\n]"
02:20:45.801 [Test worker] DEBUG org.apache.http.wire - http-outgoing-64 >> "User-Agent: Jersey/2.23.1 (Apache HttpClient 4.5.1)[\r][\n]"
02:20:45.801 [Test worker] DEBUG org.apache.http.wire - http-outgoing-64 >> "Host: Thesis:2376[\r][\n]"
02:20:45.801 [Test worker] DEBUG org.apache.http.wire - http-outgoing-64 >> "Connection: Keep-Alive[\r][\n]"
02:20:45.801 [Test worker] DEBUG org.apache.http.wire - http-outgoing-64 >> "Accept-Encoding: gzip,deflate[\r][\n]"
02:20:45.801 [Test worker] DEBUG org.apache.http.wire - http-outgoing-64 >> "[\r][\n]"
02:20:45.802 [Test worker] DEBUG org.apache.http.wire - http-outgoing-64 << "H"
02:20:45.802 [Test worker] DEBUG org.apache.http.wire - http-outgoing-64 << "TTP/1.1 200 OK[\r][\n]"
02:20:45.802 [Test worker] DEBUG org.apache.http.wire - http-outgoing-64 << "Content-Type: application/json[\r][\n]"
02:20:45.802 [Test worker] DEBUG org.apache.http.wire - http-outgoing-64 << "Server: Docker/1.12.3 (linux)[\r][\n]"
02:20:45.802 [Test worker] DEBUG org.apache.http.wire - http-outgoing-64 << "Date: Tue, 03 Jan 2017 01:20:45 GMT[\r][\n]"
02:20:45.802 [Test worker] DEBUG org.apache.http.wire - http-outgoing-64 << "Content-Length: 33[\r][\n]"
02:20:45.803 [Test worker] DEBUG org.apache.http.wire - http-outgoing-64 << "[\r][\n]"
02:20:45.803 [Test worker] DEBUG org.apache.http.wire - http-outgoing-64 << "{"Volumes":null,"Warnings":null}[\n]"
02:20:45.806 [Test worker] DEBUG org.apache.http.headers - http-outgoing-64 << HTTP/1.1 200 OK
02:20:45.806 [Test worker] DEBUG org.apache.http.headers - http-outgoing-64 << Content-Type: application/json
02:20:45.806 [Test worker] DEBUG org.apache.http.headers - http-outgoing-64 << Server: Docker/1.12.3 (linux)
02:20:45.807 [Test worker] DEBUG org.apache.http.headers - http-outgoing-64 << Date: Tue, 03 Jan 2017 01:20:45 GMT
02:20:45.807 [Test worker] DEBUG org.apache.http.headers - http-outgoing-64 << Content-Length: 33
02:20:45.807 [Test worker] DEBUG o.a.h.impl.execchain.MainClientExec - Connection can be kept alive indefinitely
02:20:45.807 [Test worker] DEBUG c.g.d.j.JerseyDockerCmdExecFactory - 20 * Client response received on thread Test worker
20 < 200
20 < Content-Length: 33
20 < Content-Type: application/json
20 < Date: Tue, 03 Jan 2017 01:20:45 GMT
20 < Server: Docker/1.12.3 (linux)
{"Volumes":null,"Warnings":null}


02:20:45.809 [Test worker] DEBUG o.a.h.i.c.DefaultManagedHttpClientConnection - http-outgoing-64: Close connection
02:20:45.809 [Test worker] DEBUG o.a.h.impl.execchain.MainClientExec - Connection discarded
02:20:45.809 [Test worker] DEBUG c.g.d.j.JerseyDockerCmdExecFactory$1 - Connection released: [id: 64][route: {s}->https://Thesis:2376][total kept alive: 1; route allocated: 1 of 2; total allocated: 1 of 20]
02:20:45.810 [Test worker] DEBUG org.openbaton.docker.DockerVim - Loading properties
02:20:45.813 [Test worker] DEBUG org.openbaton.docker.DockerVim - Loaded properties: {vim.instance.auth.url=tcp://Thesis:2376, docker.cert.path=/home/sakib/.docker, type=docker, tls.verify=true}
02:20:45.837 [Test worker] DEBUG c.g.d.core.command.AbstrDockerCmd - Cmd: -1,<null>,true,<null>,<null>,com.github.dockerjava.core.util.FiltersBuilder@0,com.github.dockerjava.jaxrs.ListContainersCmdExec@340fd760
02:20:45.903 [Test worker] DEBUG c.g.d.j.JerseyDockerCmdExecFactory - 1 * Sending client request on thread Test worker
1 > GET https://Thesis:2376/containers/json?all=true
1 > Accept: application/json

02:20:45.904 [Test worker] DEBUG o.a.h.c.protocol.RequestAddCookies - CookieSpec selected: default
02:20:45.904 [Test worker] DEBUG o.a.h.c.protocol.RequestAuthCache - Auth cache not set in the context
02:20:45.904 [Test worker] DEBUG c.g.d.j.JerseyDockerCmdExecFactory$1 - Connection request: [route: {s}->https://Thesis:2376][total kept alive: 0; route allocated: 0 of 2; total allocated: 0 of 20]
02:20:45.904 [Test worker] DEBUG c.g.d.j.JerseyDockerCmdExecFactory$1 - Connection leased: [id: 65][route: {s}->https://Thesis:2376][total kept alive: 0; route allocated: 1 of 2; total allocated: 1 of 20]
02:20:45.904 [Test worker] DEBUG o.a.h.impl.execchain.MainClientExec - Opening connection {s}->https://Thesis:2376
02:20:45.904 [Test worker] DEBUG o.a.h.i.c.DefaultHttpClientConnectionOperator - Connecting to Thesis/127.0.1.1:2376
02:20:45.905 [Test worker] DEBUG o.a.h.c.s.SSLConnectionSocketFactory - Connecting socket to Thesis/127.0.1.1:2376 with timeout 0
02:20:45.905 [Test worker] DEBUG o.a.h.c.s.SSLConnectionSocketFactory - Enabled protocols: [TLSv1]
02:20:45.906 [Test worker] DEBUG o.a.h.c.s.SSLConnectionSocketFactory - Enabled cipher suites:[TLS_ECDHE_ECDSA_WITH_AES_128_CBC_SHA, TLS_ECDHE_RSA_WITH_AES_128_CBC_SHA, TLS_RSA_WITH_AES_128_CBC_SHA, TLS_ECDH_ECDSA_WITH_AES_128_CBC_SHA, TLS_ECDH_RSA_WITH_AES_128_CBC_SHA, TLS_DHE_RSA_WITH_AES_128_CBC_SHA, TLS_DHE_DSS_WITH_AES_128_CBC_SHA, TLS_ECDHE_ECDSA_WITH_3DES_EDE_CBC_SHA, TLS_ECDHE_RSA_WITH_3DES_EDE_CBC_SHA, SSL_RSA_WITH_3DES_EDE_CBC_SHA, TLS_ECDH_ECDSA_WITH_3DES_EDE_CBC_SHA, TLS_ECDH_RSA_WITH_3DES_EDE_CBC_SHA, SSL_DHE_RSA_WITH_3DES_EDE_CBC_SHA, SSL_DHE_DSS_WITH_3DES_EDE_CBC_SHA, TLS_ECDHE_ECDSA_WITH_RC4_128_SHA, TLS_ECDHE_RSA_WITH_RC4_128_SHA, SSL_RSA_WITH_RC4_128_SHA, TLS_ECDH_ECDSA_WITH_RC4_128_SHA, TLS_ECDH_RSA_WITH_RC4_128_SHA, SSL_RSA_WITH_RC4_128_MD5, TLS_EMPTY_RENEGOTIATION_INFO_SCSV]
02:20:45.906 [Test worker] DEBUG o.a.h.c.s.SSLConnectionSocketFactory - Starting handshake
02:20:46.036 [Test worker] DEBUG o.a.h.c.s.SSLConnectionSocketFactory - Secure session established
02:20:46.036 [Test worker] DEBUG o.a.h.c.s.SSLConnectionSocketFactory -  negotiated protocol: TLSv1
02:20:46.036 [Test worker] DEBUG o.a.h.c.s.SSLConnectionSocketFactory -  negotiated cipher suite: TLS_ECDHE_RSA_WITH_AES_128_CBC_SHA
02:20:46.037 [Test worker] DEBUG o.a.h.c.s.SSLConnectionSocketFactory -  peer principal: CN=Thesis
02:20:46.037 [Test worker] DEBUG o.a.h.c.s.SSLConnectionSocketFactory -  issuer principal: EMAILADDRESS=sha@yamil.com, CN=Thesis, OU=Open, O=Fra, L=BER, ST=BER, C=DE
02:20:46.037 [Test worker] DEBUG o.a.h.i.c.DefaultHttpClientConnectionOperator - Connection established 127.0.0.1:41006<->127.0.1.1:2376
02:20:46.037 [Test worker] DEBUG o.a.h.impl.execchain.MainClientExec - Executing request GET /containers/json?all=true HTTP/1.1
02:20:46.037 [Test worker] DEBUG o.a.h.impl.execchain.MainClientExec - Target auth state: UNCHALLENGED
02:20:46.038 [Test worker] DEBUG o.a.h.impl.execchain.MainClientExec - Proxy auth state: UNCHALLENGED
02:20:46.038 [Test worker] DEBUG org.apache.http.headers - http-outgoing-65 >> GET /containers/json?all=true HTTP/1.1
02:20:46.038 [Test worker] DEBUG org.apache.http.headers - http-outgoing-65 >> Accept: application/json
02:20:46.038 [Test worker] DEBUG org.apache.http.headers - http-outgoing-65 >> User-Agent: Jersey/2.23.1 (Apache HttpClient 4.5.1)
02:20:46.038 [Test worker] DEBUG org.apache.http.headers - http-outgoing-65 >> Host: Thesis:2376
02:20:46.039 [Test worker] DEBUG org.apache.http.headers - http-outgoing-65 >> Connection: Keep-Alive
02:20:46.039 [Test worker] DEBUG org.apache.http.headers - http-outgoing-65 >> Accept-Encoding: gzip,deflate
02:20:46.039 [Test worker] DEBUG org.apache.http.wire - http-outgoing-65 >> "GET /containers/json?all=true HTTP/1.1[\r][\n]"
02:20:46.039 [Test worker] DEBUG org.apache.http.wire - http-outgoing-65 >> "Accept: application/json[\r][\n]"
02:20:46.039 [Test worker] DEBUG org.apache.http.wire - http-outgoing-65 >> "User-Agent: Jersey/2.23.1 (Apache HttpClient 4.5.1)[\r][\n]"
02:20:46.039 [Test worker] DEBUG org.apache.http.wire - http-outgoing-65 >> "Host: Thesis:2376[\r][\n]"
02:20:46.039 [Test worker] DEBUG org.apache.http.wire - http-outgoing-65 >> "Connection: Keep-Alive[\r][\n]"
02:20:46.040 [Test worker] DEBUG org.apache.http.wire - http-outgoing-65 >> "Accept-Encoding: gzip,deflate[\r][\n]"
02:20:46.040 [Test worker] DEBUG org.apache.http.wire - http-outgoing-65 >> "[\r][\n]"
02:20:46.040 [Test worker] DEBUG org.apache.http.wire - http-outgoing-65 << "H"
02:20:46.040 [Test worker] DEBUG org.apache.http.wire - http-outgoing-65 << "TTP/1.1 200 OK[\r][\n]"
02:20:46.040 [Test worker] DEBUG org.apache.http.wire - http-outgoing-65 << "Content-Type: application/json[\r][\n]"
02:20:46.040 [Test worker] DEBUG org.apache.http.wire - http-outgoing-65 << "Server: Docker/1.12.3 (linux)[\r][\n]"
02:20:46.041 [Test worker] DEBUG org.apache.http.wire - http-outgoing-65 << "Date: Tue, 03 Jan 2017 01:20:46 GMT[\r][\n]"
02:20:46.041 [Test worker] DEBUG org.apache.http.wire - http-outgoing-65 << "Content-Length: 3[\r][\n]"
02:20:46.041 [Test worker] DEBUG org.apache.http.wire - http-outgoing-65 << "[\r][\n]"
02:20:46.041 [Test worker] DEBUG org.apache.http.wire - http-outgoing-65 << "[][\n]"
02:20:46.041 [Test worker] DEBUG org.apache.http.headers - http-outgoing-65 << HTTP/1.1 200 OK
02:20:46.041 [Test worker] DEBUG org.apache.http.headers - http-outgoing-65 << Content-Type: application/json
02:20:46.041 [Test worker] DEBUG org.apache.http.headers - http-outgoing-65 << Server: Docker/1.12.3 (linux)
02:20:46.041 [Test worker] DEBUG org.apache.http.headers - http-outgoing-65 << Date: Tue, 03 Jan 2017 01:20:46 GMT
02:20:46.042 [Test worker] DEBUG org.apache.http.headers - http-outgoing-65 << Content-Length: 3
02:20:46.042 [Test worker] DEBUG o.a.h.impl.execchain.MainClientExec - Connection can be kept alive indefinitely
02:20:46.042 [Test worker] DEBUG c.g.d.j.JerseyDockerCmdExecFactory - 2 * Client response received on thread Test worker
2 < 200
2 < Content-Length: 3
2 < Content-Type: application/json
2 < Date: Tue, 03 Jan 2017 01:20:46 GMT
2 < Server: Docker/1.12.3 (linux)
[]


02:20:46.044 [Test worker] DEBUG c.g.d.j.JerseyDockerCmdExecFactory$1 - Connection [id: 65][route: {s}->https://Thesis:2376][state: CN=Thesis] can be kept alive indefinitely
02:20:46.044 [Test worker] DEBUG c.g.d.j.JerseyDockerCmdExecFactory$1 - Connection released: [id: 65][route: {s}->https://Thesis:2376][state: CN=Thesis][total kept alive: 1; route allocated: 1 of 2; total allocated: 1 of 20]
02:20:46.053 [Test worker] DEBUG c.g.d.core.command.AbstrDockerCmd - Cmd: com.github.dockerjava.core.util.FiltersBuilder@0,com.github.dockerjava.jaxrs.ListNetworksCmdExec@3ae51758
02:20:46.053 [Test worker] DEBUG c.g.d.j.JerseyDockerCmdExecFactory - 3 * Sending client request on thread Test worker
3 > GET https://Thesis:2376/networks
3 > Accept: application/json

02:20:46.054 [Test worker] DEBUG o.a.h.c.protocol.RequestAddCookies - CookieSpec selected: default
02:20:46.054 [Test worker] DEBUG o.a.h.c.protocol.RequestAuthCache - Auth cache not set in the context
02:20:46.054 [Test worker] DEBUG c.g.d.j.JerseyDockerCmdExecFactory$1 - Connection request: [route: {s}->https://Thesis:2376][total kept alive: 1; route allocated: 1 of 2; total allocated: 1 of 20]
02:20:46.055 [Test worker] DEBUG c.g.d.j.JerseyDockerCmdExecFactory$1 - Connection leased: [id: 66][route: {s}->https://Thesis:2376][total kept alive: 1; route allocated: 2 of 2; total allocated: 2 of 20]
02:20:46.055 [Test worker] DEBUG o.a.h.impl.execchain.MainClientExec - Opening connection {s}->https://Thesis:2376
02:20:46.055 [Test worker] DEBUG o.a.h.i.c.DefaultHttpClientConnectionOperator - Connecting to Thesis/127.0.1.1:2376
02:20:46.055 [Test worker] DEBUG o.a.h.c.s.SSLConnectionSocketFactory - Connecting socket to Thesis/127.0.1.1:2376 with timeout 0
02:20:46.056 [Test worker] DEBUG o.a.h.c.s.SSLConnectionSocketFactory - Enabled protocols: [TLSv1]
02:20:46.056 [Test worker] DEBUG o.a.h.c.s.SSLConnectionSocketFactory - Enabled cipher suites:[TLS_ECDHE_ECDSA_WITH_AES_128_CBC_SHA, TLS_ECDHE_RSA_WITH_AES_128_CBC_SHA, TLS_RSA_WITH_AES_128_CBC_SHA, TLS_ECDH_ECDSA_WITH_AES_128_CBC_SHA, TLS_ECDH_RSA_WITH_AES_128_CBC_SHA, TLS_DHE_RSA_WITH_AES_128_CBC_SHA, TLS_DHE_DSS_WITH_AES_128_CBC_SHA, TLS_ECDHE_ECDSA_WITH_3DES_EDE_CBC_SHA, TLS_ECDHE_RSA_WITH_3DES_EDE_CBC_SHA, SSL_RSA_WITH_3DES_EDE_CBC_SHA, TLS_ECDH_ECDSA_WITH_3DES_EDE_CBC_SHA, TLS_ECDH_RSA_WITH_3DES_EDE_CBC_SHA, SSL_DHE_RSA_WITH_3DES_EDE_CBC_SHA, SSL_DHE_DSS_WITH_3DES_EDE_CBC_SHA, TLS_ECDHE_ECDSA_WITH_RC4_128_SHA, TLS_ECDHE_RSA_WITH_RC4_128_SHA, SSL_RSA_WITH_RC4_128_SHA, TLS_ECDH_ECDSA_WITH_RC4_128_SHA, TLS_ECDH_RSA_WITH_RC4_128_SHA, SSL_RSA_WITH_RC4_128_MD5, TLS_EMPTY_RENEGOTIATION_INFO_SCSV]
02:20:46.056 [Test worker] DEBUG o.a.h.c.s.SSLConnectionSocketFactory - Starting handshake
02:20:46.130 [Test worker] DEBUG o.a.h.c.s.SSLConnectionSocketFactory - Secure session established
02:20:46.130 [Test worker] DEBUG o.a.h.c.s.SSLConnectionSocketFactory -  negotiated protocol: TLSv1
02:20:46.130 [Test worker] DEBUG o.a.h.c.s.SSLConnectionSocketFactory -  negotiated cipher suite: TLS_ECDHE_RSA_WITH_AES_128_CBC_SHA
02:20:46.130 [Test worker] DEBUG o.a.h.c.s.SSLConnectionSocketFactory -  peer principal: CN=Thesis
02:20:46.131 [Test worker] DEBUG o.a.h.c.s.SSLConnectionSocketFactory -  issuer principal: EMAILADDRESS=sha@yamil.com, CN=Thesis, OU=Open, O=Fra, L=BER, ST=BER, C=DE
02:20:46.131 [Test worker] DEBUG o.a.h.i.c.DefaultHttpClientConnectionOperator - Connection established 127.0.0.1:41008<->127.0.1.1:2376
02:20:46.131 [Test worker] DEBUG o.a.h.impl.execchain.MainClientExec - Executing request GET /networks HTTP/1.1
02:20:46.131 [Test worker] DEBUG o.a.h.impl.execchain.MainClientExec - Target auth state: UNCHALLENGED
02:20:46.131 [Test worker] DEBUG o.a.h.impl.execchain.MainClientExec - Proxy auth state: UNCHALLENGED
02:20:46.131 [Test worker] DEBUG org.apache.http.headers - http-outgoing-66 >> GET /networks HTTP/1.1
02:20:46.131 [Test worker] DEBUG org.apache.http.headers - http-outgoing-66 >> Accept: application/json
02:20:46.132 [Test worker] DEBUG org.apache.http.headers - http-outgoing-66 >> User-Agent: Jersey/2.23.1 (Apache HttpClient 4.5.1)
02:20:46.132 [Test worker] DEBUG org.apache.http.headers - http-outgoing-66 >> Host: Thesis:2376
02:20:46.132 [Test worker] DEBUG org.apache.http.headers - http-outgoing-66 >> Connection: Keep-Alive
02:20:46.132 [Test worker] DEBUG org.apache.http.headers - http-outgoing-66 >> Accept-Encoding: gzip,deflate
02:20:46.132 [Test worker] DEBUG org.apache.http.wire - http-outgoing-66 >> "GET /networks HTTP/1.1[\r][\n]"
02:20:46.132 [Test worker] DEBUG org.apache.http.wire - http-outgoing-66 >> "Accept: application/json[\r][\n]"
02:20:46.132 [Test worker] DEBUG org.apache.http.wire - http-outgoing-66 >> "User-Agent: Jersey/2.23.1 (Apache HttpClient 4.5.1)[\r][\n]"
02:20:46.133 [Test worker] DEBUG org.apache.http.wire - http-outgoing-66 >> "Host: Thesis:2376[\r][\n]"
02:20:46.133 [Test worker] DEBUG org.apache.http.wire - http-outgoing-66 >> "Connection: Keep-Alive[\r][\n]"
02:20:46.133 [Test worker] DEBUG org.apache.http.wire - http-outgoing-66 >> "Accept-Encoding: gzip,deflate[\r][\n]"
02:20:46.133 [Test worker] DEBUG org.apache.http.wire - http-outgoing-66 >> "[\r][\n]"
02:20:46.133 [Test worker] DEBUG org.apache.http.wire - http-outgoing-66 << "H"
02:20:46.134 [Test worker] DEBUG org.apache.http.wire - http-outgoing-66 << "TTP/1.1 200 OK[\r][\n]"
02:20:46.134 [Test worker] DEBUG org.apache.http.wire - http-outgoing-66 << "Content-Type: application/json[\r][\n]"
02:20:46.134 [Test worker] DEBUG org.apache.http.wire - http-outgoing-66 << "Server: Docker/1.12.3 (linux)[\r][\n]"
02:20:46.134 [Test worker] DEBUG org.apache.http.wire - http-outgoing-66 << "Date: Tue, 03 Jan 2017 01:20:46 GMT[\r][\n]"
02:20:46.134 [Test worker] DEBUG org.apache.http.wire - http-outgoing-66 << "Content-Length: 1100[\r][\n]"
02:20:46.134 [Test worker] DEBUG org.apache.http.wire - http-outgoing-66 << "[\r][\n]"
02:20:46.134 [Test worker] DEBUG org.apache.http.wire - http-outgoing-66 << "[{"Name":"none","Id":"4d89c194eb79cd2beb38458d10a1b98c74d6b8462af72afde29ae7aca53ed5ca","Scope":"local","Driver":"null","EnableIPv6":false,"IPAM":{"Driver":"default","Options":null,"Config":[]},"Internal":false,"Containers":{},"Options":{},"Labels":{}},{"Name":"bridge","Id":"e0d36057aa1769e9fd52ba88be81b698b495f9b6b4946d0f98f24d971a27fc98","Scope":"local","Driver":"bridge","EnableIPv6":false,"IPAM":{"Driver":"default","Options":null,"Config":[{"Subnet":"172.17.0.0/16","Gateway":"172.17.0.1"}]},"Internal":false,"Containers":{},"Options":{"com.docker.network.bridge.default_bridge":"true","com.docker.network.bridge.enable_icc":"true","com.docker.network.bridge.enable_ip_masquerade":"true","com.docker.network.bridge.host_binding_ipv4":"0.0.0.0","com.docker.network.bridge.name":"docker0","com.docker.network.driver.mtu":"1500"},"Labels":{}},{"Name":"host","Id":"fe042b0866671b5be4f097ba43830c0a02959c058702d18e18c14a24d88a357d","Scope":"local","Driver":"host","EnableIPv6":false,"IPAM":{"Driver":"default","Options":null,"Config":[]},"Internal":false,"Containers":{},"Options":{},"Labels":{}}][\n]"
02:20:46.135 [Test worker] DEBUG org.apache.http.headers - http-outgoing-66 << HTTP/1.1 200 OK
02:20:46.135 [Test worker] DEBUG org.apache.http.headers - http-outgoing-66 << Content-Type: application/json
02:20:46.135 [Test worker] DEBUG org.apache.http.headers - http-outgoing-66 << Server: Docker/1.12.3 (linux)
02:20:46.135 [Test worker] DEBUG org.apache.http.headers - http-outgoing-66 << Date: Tue, 03 Jan 2017 01:20:46 GMT
02:20:46.135 [Test worker] DEBUG org.apache.http.headers - http-outgoing-66 << Content-Length: 1100
02:20:46.135 [Test worker] DEBUG o.a.h.impl.execchain.MainClientExec - Connection can be kept alive indefinitely
02:20:46.136 [Test worker] DEBUG c.g.d.j.JerseyDockerCmdExecFactory - 4 * Client response received on thread Test worker
4 < 200
4 < Content-Length: 1100
4 < Content-Type: application/json
4 < Date: Tue, 03 Jan 2017 01:20:46 GMT
4 < Server: Docker/1.12.3 (linux)
[{"Name":"none","Id":"4d89c194eb79cd2beb38458d10a1b98c74d6b8462af72afde29ae7aca53ed5ca","Scope":"local","Driver":"null","EnableIPv6":false,"IPAM":{"Driver":"default","Options":null,"Config":[]},"Internal":false,"Containers":{},"Options":{},"Labels":{}},{"Name":"bridge","Id":"e0d36057aa1769e9fd52ba88be81b698b495f9b6b4946d0f98f24d971a27fc98","Scope":"local","Driver":"bridge","EnableIPv6":false,"IPAM":{"Driver":"default","Options":null,"Config":[{"Subnet":"172.17.0.0/16","Gateway":"172.17.0.1"}]},"Internal":false,"Containers":{},"Options":{"com.docker.network.bridge.default_bridge":"true","com.docker.network.bridge.enable_icc":"true","com.docker.network.bridge.enable_ip_masquerade":"true","com.docker.network.bridge.host_binding_ipv4":"0.0.0.0","com.docker.network.bridge.name":"docker0","com.docker.network.driver.mtu":"1500"},"Labels":{}},{"Name":"host","Id":"fe042b0866671b5be4f097ba43830c0a02959c058702d18e18c14a24d88a357d","Scope":"local","Driver":"host","EnableIPv6":false,"IPAM":{"Driver":"default","Options":null,"Config":[]},"Internal":false,"Containers":{},"Options":{},"Labels":{}}]


02:20:46.140 [Test worker] DEBUG o.a.h.i.c.DefaultManagedHttpClientConnection - http-outgoing-66: Close connection
02:20:46.140 [Test worker] DEBUG o.a.h.impl.execchain.MainClientExec - Connection discarded
02:20:46.141 [Test worker] DEBUG c.g.d.j.JerseyDockerCmdExecFactory$1 - Connection released: [id: 66][route: {s}->https://Thesis:2376][total kept alive: 1; route allocated: 1 of 2; total allocated: 1 of 20]
02:20:46.141 [Test worker] DEBUG c.g.d.core.command.AbstrDockerCmd - Cmd: com.github.dockerjava.core.util.FiltersBuilder@0,com.github.dockerjava.jaxrs.ListVolumesCmdExec@64441ee4
02:20:46.141 [Test worker] DEBUG c.g.d.j.JerseyDockerCmdExecFactory - 5 * Sending client request on thread Test worker
5 > GET https://Thesis:2376/volumes
5 > Accept: application/json

02:20:46.142 [Test worker] DEBUG o.a.h.c.protocol.RequestAddCookies - CookieSpec selected: default
02:20:46.142 [Test worker] DEBUG o.a.h.c.protocol.RequestAuthCache - Auth cache not set in the context
02:20:46.142 [Test worker] DEBUG c.g.d.j.JerseyDockerCmdExecFactory$1 - Connection request: [route: {s}->https://Thesis:2376][total kept alive: 1; route allocated: 1 of 2; total allocated: 1 of 20]
02:20:46.142 [Test worker] DEBUG c.g.d.j.JerseyDockerCmdExecFactory$1 - Connection leased: [id: 67][route: {s}->https://Thesis:2376][total kept alive: 1; route allocated: 2 of 2; total allocated: 2 of 20]
02:20:46.142 [Test worker] DEBUG o.a.h.impl.execchain.MainClientExec - Opening connection {s}->https://Thesis:2376
02:20:46.143 [Test worker] DEBUG o.a.h.i.c.DefaultHttpClientConnectionOperator - Connecting to Thesis/127.0.1.1:2376
02:20:46.143 [Test worker] DEBUG o.a.h.c.s.SSLConnectionSocketFactory - Connecting socket to Thesis/127.0.1.1:2376 with timeout 0
02:20:46.144 [Test worker] DEBUG o.a.h.c.s.SSLConnectionSocketFactory - Enabled protocols: [TLSv1]
02:20:46.144 [Test worker] DEBUG o.a.h.c.s.SSLConnectionSocketFactory - Enabled cipher suites:[TLS_ECDHE_ECDSA_WITH_AES_128_CBC_SHA, TLS_ECDHE_RSA_WITH_AES_128_CBC_SHA, TLS_RSA_WITH_AES_128_CBC_SHA, TLS_ECDH_ECDSA_WITH_AES_128_CBC_SHA, TLS_ECDH_RSA_WITH_AES_128_CBC_SHA, TLS_DHE_RSA_WITH_AES_128_CBC_SHA, TLS_DHE_DSS_WITH_AES_128_CBC_SHA, TLS_ECDHE_ECDSA_WITH_3DES_EDE_CBC_SHA, TLS_ECDHE_RSA_WITH_3DES_EDE_CBC_SHA, SSL_RSA_WITH_3DES_EDE_CBC_SHA, TLS_ECDH_ECDSA_WITH_3DES_EDE_CBC_SHA, TLS_ECDH_RSA_WITH_3DES_EDE_CBC_SHA, SSL_DHE_RSA_WITH_3DES_EDE_CBC_SHA, SSL_DHE_DSS_WITH_3DES_EDE_CBC_SHA, TLS_ECDHE_ECDSA_WITH_RC4_128_SHA, TLS_ECDHE_RSA_WITH_RC4_128_SHA, SSL_RSA_WITH_RC4_128_SHA, TLS_ECDH_ECDSA_WITH_RC4_128_SHA, TLS_ECDH_RSA_WITH_RC4_128_SHA, SSL_RSA_WITH_RC4_128_MD5, TLS_EMPTY_RENEGOTIATION_INFO_SCSV]
02:20:46.144 [Test worker] DEBUG o.a.h.c.s.SSLConnectionSocketFactory - Starting handshake
02:20:46.217 [Test worker] DEBUG o.a.h.c.s.SSLConnectionSocketFactory - Secure session established
02:20:46.220 [Test worker] DEBUG o.a.h.c.s.SSLConnectionSocketFactory -  negotiated protocol: TLSv1
02:20:46.221 [Test worker] DEBUG o.a.h.c.s.SSLConnectionSocketFactory -  negotiated cipher suite: TLS_ECDHE_RSA_WITH_AES_128_CBC_SHA
02:20:46.221 [Test worker] DEBUG o.a.h.c.s.SSLConnectionSocketFactory -  peer principal: CN=Thesis
02:20:46.221 [Test worker] DEBUG o.a.h.c.s.SSLConnectionSocketFactory -  issuer principal: EMAILADDRESS=sha@yamil.com, CN=Thesis, OU=Open, O=Fra, L=BER, ST=BER, C=DE
02:20:46.221 [Test worker] DEBUG o.a.h.i.c.DefaultHttpClientConnectionOperator - Connection established 127.0.0.1:41010<->127.0.1.1:2376
02:20:46.221 [Test worker] DEBUG o.a.h.impl.execchain.MainClientExec - Executing request GET /volumes HTTP/1.1
02:20:46.221 [Test worker] DEBUG o.a.h.impl.execchain.MainClientExec - Target auth state: UNCHALLENGED
02:20:46.222 [Test worker] DEBUG o.a.h.impl.execchain.MainClientExec - Proxy auth state: UNCHALLENGED
02:20:46.222 [Test worker] DEBUG org.apache.http.headers - http-outgoing-67 >> GET /volumes HTTP/1.1
02:20:46.222 [Test worker] DEBUG org.apache.http.headers - http-outgoing-67 >> Accept: application/json
02:20:46.222 [Test worker] DEBUG org.apache.http.headers - http-outgoing-67 >> User-Agent: Jersey/2.23.1 (Apache HttpClient 4.5.1)
02:20:46.222 [Test worker] DEBUG org.apache.http.headers - http-outgoing-67 >> Host: Thesis:2376
02:20:46.222 [Test worker] DEBUG org.apache.http.headers - http-outgoing-67 >> Connection: Keep-Alive
02:20:46.222 [Test worker] DEBUG org.apache.http.headers - http-outgoing-67 >> Accept-Encoding: gzip,deflate
02:20:46.223 [Test worker] DEBUG org.apache.http.wire - http-outgoing-67 >> "GET /volumes HTTP/1.1[\r][\n]"
02:20:46.223 [Test worker] DEBUG org.apache.http.wire - http-outgoing-67 >> "Accept: application/json[\r][\n]"
02:20:46.223 [Test worker] DEBUG org.apache.http.wire - http-outgoing-67 >> "User-Agent: Jersey/2.23.1 (Apache HttpClient 4.5.1)[\r][\n]"
02:20:46.223 [Test worker] DEBUG org.apache.http.wire - http-outgoing-67 >> "Host: Thesis:2376[\r][\n]"
02:20:46.223 [Test worker] DEBUG org.apache.http.wire - http-outgoing-67 >> "Connection: Keep-Alive[\r][\n]"
02:20:46.223 [Test worker] DEBUG org.apache.http.wire - http-outgoing-67 >> "Accept-Encoding: gzip,deflate[\r][\n]"
02:20:46.223 [Test worker] DEBUG org.apache.http.wire - http-outgoing-67 >> "[\r][\n]"
02:20:46.224 [Test worker] DEBUG org.apache.http.wire - http-outgoing-67 << "H"
02:20:46.224 [Test worker] DEBUG org.apache.http.wire - http-outgoing-67 << "TTP/1.1 200 OK[\r][\n]"
02:20:46.224 [Test worker] DEBUG org.apache.http.wire - http-outgoing-67 << "Content-Type: application/json[\r][\n]"
02:20:46.224 [Test worker] DEBUG org.apache.http.wire - http-outgoing-67 << "Server: Docker/1.12.3 (linux)[\r][\n]"
02:20:46.224 [Test worker] DEBUG org.apache.http.wire - http-outgoing-67 << "Date: Tue, 03 Jan 2017 01:20:46 GMT[\r][\n]"
02:20:46.225 [Test worker] DEBUG org.apache.http.wire - http-outgoing-67 << "Content-Length: 33[\r][\n]"
02:20:46.225 [Test worker] DEBUG org.apache.http.wire - http-outgoing-67 << "[\r][\n]"
02:20:46.225 [Test worker] DEBUG org.apache.http.wire - http-outgoing-67 << "{"Volumes":null,"Warnings":null}[\n]"
02:20:46.225 [Test worker] DEBUG org.apache.http.headers - http-outgoing-67 << HTTP/1.1 200 OK
02:20:46.225 [Test worker] DEBUG org.apache.http.headers - http-outgoing-67 << Content-Type: application/json
02:20:46.225 [Test worker] DEBUG org.apache.http.headers - http-outgoing-67 << Server: Docker/1.12.3 (linux)
02:20:46.225 [Test worker] DEBUG org.apache.http.headers - http-outgoing-67 << Date: Tue, 03 Jan 2017 01:20:46 GMT
02:20:46.225 [Test worker] DEBUG org.apache.http.headers - http-outgoing-67 << Content-Length: 33
02:20:46.226 [Test worker] DEBUG o.a.h.impl.execchain.MainClientExec - Connection can be kept alive indefinitely
02:20:46.226 [Test worker] DEBUG c.g.d.j.JerseyDockerCmdExecFactory - 6 * Client response received on thread Test worker
6 < 200
6 < Content-Length: 33
6 < Content-Type: application/json
6 < Date: Tue, 03 Jan 2017 01:20:46 GMT
6 < Server: Docker/1.12.3 (linux)
{"Volumes":null,"Warnings":null}


02:20:46.236 [Test worker] DEBUG o.a.h.i.c.DefaultManagedHttpClientConnection - http-outgoing-67: Close connection
02:20:46.237 [Test worker] DEBUG o.a.h.impl.execchain.MainClientExec - Connection discarded
02:20:46.237 [Test worker] DEBUG c.g.d.j.JerseyDockerCmdExecFactory$1 - Connection released: [id: 67][route: {s}->https://Thesis:2376][total kept alive: 1; route allocated: 1 of 2; total allocated: 1 of 20]
02:20:46.237 [Test worker] DEBUG c.g.d.core.command.AbstrDockerCmd - Cmd: MyNetwork,<null>,<null>,{},true,<null>,<null>,com.github.dockerjava.jaxrs.CreateNetworkCmdExec@3824904c
02:20:46.238 [Test worker] DEBUG o.a.h.c.protocol.RequestAddCookies - CookieSpec selected: default
02:20:46.238 [Test worker] DEBUG o.a.h.c.protocol.RequestAuthCache - Auth cache not set in the context
02:20:46.238 [Test worker] DEBUG c.g.d.j.JerseyDockerCmdExecFactory$1 - Connection request: [route: {s}->https://Thesis:2376][total kept alive: 1; route allocated: 1 of 2; total allocated: 1 of 20]
02:20:46.238 [Test worker] DEBUG c.g.d.j.JerseyDockerCmdExecFactory$1 - Connection leased: [id: 68][route: {s}->https://Thesis:2376][total kept alive: 1; route allocated: 2 of 2; total allocated: 2 of 20]
02:20:46.239 [Test worker] DEBUG o.a.h.impl.execchain.MainClientExec - Opening connection {s}->https://Thesis:2376
02:20:46.239 [Test worker] DEBUG o.a.h.i.c.DefaultHttpClientConnectionOperator - Connecting to Thesis/127.0.1.1:2376
02:20:46.239 [Test worker] DEBUG o.a.h.c.s.SSLConnectionSocketFactory - Connecting socket to Thesis/127.0.1.1:2376 with timeout 0
02:20:46.240 [Test worker] DEBUG o.a.h.c.s.SSLConnectionSocketFactory - Enabled protocols: [TLSv1]
02:20:46.240 [Test worker] DEBUG o.a.h.c.s.SSLConnectionSocketFactory - Enabled cipher suites:[TLS_ECDHE_ECDSA_WITH_AES_128_CBC_SHA, TLS_ECDHE_RSA_WITH_AES_128_CBC_SHA, TLS_RSA_WITH_AES_128_CBC_SHA, TLS_ECDH_ECDSA_WITH_AES_128_CBC_SHA, TLS_ECDH_RSA_WITH_AES_128_CBC_SHA, TLS_DHE_RSA_WITH_AES_128_CBC_SHA, TLS_DHE_DSS_WITH_AES_128_CBC_SHA, TLS_ECDHE_ECDSA_WITH_3DES_EDE_CBC_SHA, TLS_ECDHE_RSA_WITH_3DES_EDE_CBC_SHA, SSL_RSA_WITH_3DES_EDE_CBC_SHA, TLS_ECDH_ECDSA_WITH_3DES_EDE_CBC_SHA, TLS_ECDH_RSA_WITH_3DES_EDE_CBC_SHA, SSL_DHE_RSA_WITH_3DES_EDE_CBC_SHA, SSL_DHE_DSS_WITH_3DES_EDE_CBC_SHA, TLS_ECDHE_ECDSA_WITH_RC4_128_SHA, TLS_ECDHE_RSA_WITH_RC4_128_SHA, SSL_RSA_WITH_RC4_128_SHA, TLS_ECDH_ECDSA_WITH_RC4_128_SHA, TLS_ECDH_RSA_WITH_RC4_128_SHA, SSL_RSA_WITH_RC4_128_MD5, TLS_EMPTY_RENEGOTIATION_INFO_SCSV]
02:20:46.240 [Test worker] DEBUG o.a.h.c.s.SSLConnectionSocketFactory - Starting handshake
02:20:46.323 [Test worker] DEBUG o.a.h.c.s.SSLConnectionSocketFactory - Secure session established
02:20:46.323 [Test worker] DEBUG o.a.h.c.s.SSLConnectionSocketFactory -  negotiated protocol: TLSv1
02:20:46.323 [Test worker] DEBUG o.a.h.c.s.SSLConnectionSocketFactory -  negotiated cipher suite: TLS_ECDHE_RSA_WITH_AES_128_CBC_SHA
02:20:46.323 [Test worker] DEBUG o.a.h.c.s.SSLConnectionSocketFactory -  peer principal: CN=Thesis
02:20:46.324 [Test worker] DEBUG o.a.h.c.s.SSLConnectionSocketFactory -  issuer principal: EMAILADDRESS=sha@yamil.com, CN=Thesis, OU=Open, O=Fra, L=BER, ST=BER, C=DE
02:20:46.324 [Test worker] DEBUG o.a.h.i.c.DefaultHttpClientConnectionOperator - Connection established 127.0.0.1:41012<->127.0.1.1:2376
02:20:46.324 [Test worker] DEBUG o.a.h.impl.execchain.MainClientExec - Executing request POST /networks/create HTTP/1.1
02:20:46.324 [Test worker] DEBUG o.a.h.impl.execchain.MainClientExec - Target auth state: UNCHALLENGED
02:20:46.324 [Test worker] DEBUG o.a.h.impl.execchain.MainClientExec - Proxy auth state: UNCHALLENGED
02:20:46.324 [Test worker] DEBUG org.apache.http.headers - http-outgoing-68 >> POST /networks/create HTTP/1.1
02:20:46.325 [Test worker] DEBUG org.apache.http.headers - http-outgoing-68 >> Accept: application/json
02:20:46.325 [Test worker] DEBUG org.apache.http.headers - http-outgoing-68 >> Content-Type: application/json
02:20:46.325 [Test worker] DEBUG org.apache.http.headers - http-outgoing-68 >> User-Agent: Jersey/2.23.1 (Apache HttpClient 4.5.1)
02:20:46.325 [Test worker] DEBUG org.apache.http.headers - http-outgoing-68 >> Transfer-Encoding: chunked
02:20:46.325 [Test worker] DEBUG org.apache.http.headers - http-outgoing-68 >> Host: Thesis:2376
02:20:46.325 [Test worker] DEBUG org.apache.http.headers - http-outgoing-68 >> Connection: Keep-Alive
02:20:46.325 [Test worker] DEBUG org.apache.http.headers - http-outgoing-68 >> Accept-Encoding: gzip,deflate
02:20:46.328 [Test worker] DEBUG c.g.d.j.JerseyDockerCmdExecFactory - 7 * Sending client request on thread Test worker
7 > POST https://Thesis:2376/networks/create
7 > Accept: application/json
7 > Content-Type: application/json
{"enableIPv6":null,"Name":"MyNetwork","Driver":null,"IPAM":null,"Options":{},"CheckDuplicate":true,"Internal":null,"EnableIPv6":null}

02:20:46.329 [Test worker] DEBUG org.apache.http.wire - http-outgoing-68 >> "POST /networks/create HTTP/1.1[\r][\n]"
02:20:46.329 [Test worker] DEBUG org.apache.http.wire - http-outgoing-68 >> "Accept: application/json[\r][\n]"
02:20:46.329 [Test worker] DEBUG org.apache.http.wire - http-outgoing-68 >> "Content-Type: application/json[\r][\n]"
02:20:46.329 [Test worker] DEBUG org.apache.http.wire - http-outgoing-68 >> "User-Agent: Jersey/2.23.1 (Apache HttpClient 4.5.1)[\r][\n]"
02:20:46.329 [Test worker] DEBUG org.apache.http.wire - http-outgoing-68 >> "Transfer-Encoding: chunked[\r][\n]"
02:20:46.329 [Test worker] DEBUG org.apache.http.wire - http-outgoing-68 >> "Host: Thesis:2376[\r][\n]"
02:20:46.330 [Test worker] DEBUG org.apache.http.wire - http-outgoing-68 >> "Connection: Keep-Alive[\r][\n]"
02:20:46.330 [Test worker] DEBUG org.apache.http.wire - http-outgoing-68 >> "Accept-Encoding: gzip,deflate[\r][\n]"
02:20:46.330 [Test worker] DEBUG org.apache.http.wire - http-outgoing-68 >> "[\r][\n]"
02:20:46.330 [Test worker] DEBUG org.apache.http.wire - http-outgoing-68 >> "85[\r][\n]"
02:20:46.330 [Test worker] DEBUG org.apache.http.wire - http-outgoing-68 >> "{"enableIPv6":null,"Name":"MyNetwork","Driver":null,"IPAM":null,"Options":{},"CheckDuplicate":true,"Internal":null,"EnableIPv6":null}[\r][\n]"
02:20:46.330 [Test worker] DEBUG org.apache.http.wire - http-outgoing-68 >> "0[\r][\n]"
02:20:46.330 [Test worker] DEBUG org.apache.http.wire - http-outgoing-68 >> "[\r][\n]"
02:20:46.426 [Test worker] DEBUG org.apache.http.wire - http-outgoing-68 << "H"
02:20:46.427 [Test worker] DEBUG org.apache.http.wire - http-outgoing-68 << "TTP/1.1 201 Created[\r][\n]"
02:20:46.427 [Test worker] DEBUG org.apache.http.wire - http-outgoing-68 << "Content-Type: application/json[\r][\n]"
02:20:46.427 [Test worker] DEBUG org.apache.http.wire - http-outgoing-68 << "Server: Docker/1.12.3 (linux)[\r][\n]"
02:20:46.427 [Test worker] DEBUG org.apache.http.wire - http-outgoing-68 << "Date: Tue, 03 Jan 2017 01:20:46 GMT[\r][\n]"
02:20:46.427 [Test worker] DEBUG org.apache.http.wire - http-outgoing-68 << "Content-Length: 87[\r][\n]"
02:20:46.427 [Test worker] DEBUG org.apache.http.wire - http-outgoing-68 << "[\r][\n]"
02:20:46.427 [Test worker] DEBUG org.apache.http.wire - http-outgoing-68 << "{"Id":"1404c9f709e68ec9df5570d722626b7d2ec0e2b20136bbfa1ff58d51956d2316","Warning":""}[\n]"
02:20:46.427 [Test worker] DEBUG org.apache.http.headers - http-outgoing-68 << HTTP/1.1 201 Created
02:20:46.427 [Test worker] DEBUG org.apache.http.headers - http-outgoing-68 << Content-Type: application/json
02:20:46.427 [Test worker] DEBUG org.apache.http.headers - http-outgoing-68 << Server: Docker/1.12.3 (linux)
02:20:46.427 [Test worker] DEBUG org.apache.http.headers - http-outgoing-68 << Date: Tue, 03 Jan 2017 01:20:46 GMT
02:20:46.427 [Test worker] DEBUG org.apache.http.headers - http-outgoing-68 << Content-Length: 87
02:20:46.427 [Test worker] DEBUG o.a.h.impl.execchain.MainClientExec - Connection can be kept alive indefinitely
02:20:46.427 [Test worker] DEBUG c.g.d.j.JerseyDockerCmdExecFactory - 8 * Client response received on thread Test worker
8 < 201
8 < Content-Length: 87
8 < Content-Type: application/json
8 < Date: Tue, 03 Jan 2017 01:20:46 GMT
8 < Server: Docker/1.12.3 (linux)
{"Id":"1404c9f709e68ec9df5570d722626b7d2ec0e2b20136bbfa1ff58d51956d2316","Warning":""}


02:20:46.431 [Test worker] DEBUG o.a.h.i.c.DefaultManagedHttpClientConnection - http-outgoing-68: Close connection
02:20:46.434 [Test worker] DEBUG o.a.h.impl.execchain.MainClientExec - Connection discarded
02:20:46.434 [Test worker] DEBUG c.g.d.j.JerseyDockerCmdExecFactory$1 - Connection released: [id: 68][route: {s}->https://Thesis:2376][total kept alive: 1; route allocated: 1 of 2; total allocated: 1 of 20]
02:20:46.434 [Test worker] DEBUG c.g.d.core.command.AbstrDockerCmd - Cmd: 1404c9f709e68ec9df5570d722626b7d2ec0e2b20136bbfa1ff58d51956d2316,com.github.dockerjava.jaxrs.InspectNetworkCmdExec@a079891
02:20:46.435 [Test worker] DEBUG c.g.d.jaxrs.ListNetworksCmdExec - GET: JerseyWebTarget { https://Thesis:2376/networks/1404c9f709e68ec9df5570d722626b7d2ec0e2b20136bbfa1ff58d51956d2316 }
02:20:46.453 [Test worker] DEBUG c.g.d.j.JerseyDockerCmdExecFactory - 9 * Sending client request on thread Test worker
9 > GET https://Thesis:2376/networks/1404c9f709e68ec9df5570d722626b7d2ec0e2b20136bbfa1ff58d51956d2316
9 > Accept: application/json

02:20:46.455 [Test worker] DEBUG o.a.h.c.protocol.RequestAddCookies - CookieSpec selected: default
02:20:46.455 [Test worker] DEBUG o.a.h.c.protocol.RequestAuthCache - Auth cache not set in the context
02:20:46.455 [Test worker] DEBUG c.g.d.j.JerseyDockerCmdExecFactory$1 - Connection request: [route: {s}->https://Thesis:2376][total kept alive: 1; route allocated: 1 of 2; total allocated: 1 of 20]
02:20:46.455 [Test worker] DEBUG c.g.d.j.JerseyDockerCmdExecFactory$1 - Connection leased: [id: 69][route: {s}->https://Thesis:2376][total kept alive: 1; route allocated: 2 of 2; total allocated: 2 of 20]
02:20:46.458 [Test worker] DEBUG o.a.h.impl.execchain.MainClientExec - Opening connection {s}->https://Thesis:2376
02:20:46.458 [Test worker] DEBUG o.a.h.i.c.DefaultHttpClientConnectionOperator - Connecting to Thesis/127.0.1.1:2376
02:20:46.459 [Test worker] DEBUG o.a.h.c.s.SSLConnectionSocketFactory - Connecting socket to Thesis/127.0.1.1:2376 with timeout 0
02:20:46.462 [Test worker] DEBUG o.a.h.c.s.SSLConnectionSocketFactory - Enabled protocols: [TLSv1]
02:20:46.462 [Test worker] DEBUG o.a.h.c.s.SSLConnectionSocketFactory - Enabled cipher suites:[TLS_ECDHE_ECDSA_WITH_AES_128_CBC_SHA, TLS_ECDHE_RSA_WITH_AES_128_CBC_SHA, TLS_RSA_WITH_AES_128_CBC_SHA, TLS_ECDH_ECDSA_WITH_AES_128_CBC_SHA, TLS_ECDH_RSA_WITH_AES_128_CBC_SHA, TLS_DHE_RSA_WITH_AES_128_CBC_SHA, TLS_DHE_DSS_WITH_AES_128_CBC_SHA, TLS_ECDHE_ECDSA_WITH_3DES_EDE_CBC_SHA, TLS_ECDHE_RSA_WITH_3DES_EDE_CBC_SHA, SSL_RSA_WITH_3DES_EDE_CBC_SHA, TLS_ECDH_ECDSA_WITH_3DES_EDE_CBC_SHA, TLS_ECDH_RSA_WITH_3DES_EDE_CBC_SHA, SSL_DHE_RSA_WITH_3DES_EDE_CBC_SHA, SSL_DHE_DSS_WITH_3DES_EDE_CBC_SHA, TLS_ECDHE_ECDSA_WITH_RC4_128_SHA, TLS_ECDHE_RSA_WITH_RC4_128_SHA, SSL_RSA_WITH_RC4_128_SHA, TLS_ECDH_ECDSA_WITH_RC4_128_SHA, TLS_ECDH_RSA_WITH_RC4_128_SHA, SSL_RSA_WITH_RC4_128_MD5, TLS_EMPTY_RENEGOTIATION_INFO_SCSV]
02:20:46.462 [Test worker] DEBUG o.a.h.c.s.SSLConnectionSocketFactory - Starting handshake
02:20:46.560 [Test worker] DEBUG o.a.h.c.s.SSLConnectionSocketFactory - Secure session established
02:20:46.560 [Test worker] DEBUG o.a.h.c.s.SSLConnectionSocketFactory -  negotiated protocol: TLSv1
02:20:46.560 [Test worker] DEBUG o.a.h.c.s.SSLConnectionSocketFactory -  negotiated cipher suite: TLS_ECDHE_RSA_WITH_AES_128_CBC_SHA
02:20:46.560 [Test worker] DEBUG o.a.h.c.s.SSLConnectionSocketFactory -  peer principal: CN=Thesis
02:20:46.560 [Test worker] DEBUG o.a.h.c.s.SSLConnectionSocketFactory -  issuer principal: EMAILADDRESS=sha@yamil.com, CN=Thesis, OU=Open, O=Fra, L=BER, ST=BER, C=DE
02:20:46.561 [Test worker] DEBUG o.a.h.i.c.DefaultHttpClientConnectionOperator - Connection established 127.0.0.1:41014<->127.0.1.1:2376
02:20:46.561 [Test worker] DEBUG o.a.h.impl.execchain.MainClientExec - Executing request GET /networks/1404c9f709e68ec9df5570d722626b7d2ec0e2b20136bbfa1ff58d51956d2316 HTTP/1.1
02:20:46.561 [Test worker] DEBUG o.a.h.impl.execchain.MainClientExec - Target auth state: UNCHALLENGED
02:20:46.561 [Test worker] DEBUG o.a.h.impl.execchain.MainClientExec - Proxy auth state: UNCHALLENGED
02:20:46.561 [Test worker] DEBUG org.apache.http.headers - http-outgoing-69 >> GET /networks/1404c9f709e68ec9df5570d722626b7d2ec0e2b20136bbfa1ff58d51956d2316 HTTP/1.1
02:20:46.561 [Test worker] DEBUG org.apache.http.headers - http-outgoing-69 >> Accept: application/json
02:20:46.562 [Test worker] DEBUG org.apache.http.headers - http-outgoing-69 >> User-Agent: Jersey/2.23.1 (Apache HttpClient 4.5.1)
02:20:46.562 [Test worker] DEBUG org.apache.http.headers - http-outgoing-69 >> Host: Thesis:2376
02:20:46.562 [Test worker] DEBUG org.apache.http.headers - http-outgoing-69 >> Connection: Keep-Alive
02:20:46.562 [Test worker] DEBUG org.apache.http.headers - http-outgoing-69 >> Accept-Encoding: gzip,deflate
02:20:46.562 [Test worker] DEBUG org.apache.http.wire - http-outgoing-69 >> "GET /networks/1404c9f709e68ec9df5570d722626b7d2ec0e2b20136bbfa1ff58d51956d2316 HTTP/1.1[\r][\n]"
02:20:46.562 [Test worker] DEBUG org.apache.http.wire - http-outgoing-69 >> "Accept: application/json[\r][\n]"
02:20:46.563 [Test worker] DEBUG org.apache.http.wire - http-outgoing-69 >> "User-Agent: Jersey/2.23.1 (Apache HttpClient 4.5.1)[\r][\n]"
02:20:46.563 [Test worker] DEBUG org.apache.http.wire - http-outgoing-69 >> "Host: Thesis:2376[\r][\n]"
02:20:46.563 [Test worker] DEBUG org.apache.http.wire - http-outgoing-69 >> "Connection: Keep-Alive[\r][\n]"
02:20:46.563 [Test worker] DEBUG org.apache.http.wire - http-outgoing-69 >> "Accept-Encoding: gzip,deflate[\r][\n]"
02:20:46.563 [Test worker] DEBUG org.apache.http.wire - http-outgoing-69 >> "[\r][\n]"
02:20:46.564 [Test worker] DEBUG org.apache.http.wire - http-outgoing-69 << "H"
02:20:46.564 [Test worker] DEBUG org.apache.http.wire - http-outgoing-69 << "TTP/1.1 200 OK[\r][\n]"
02:20:46.564 [Test worker] DEBUG org.apache.http.wire - http-outgoing-69 << "Content-Type: application/json[\r][\n]"
02:20:46.564 [Test worker] DEBUG org.apache.http.wire - http-outgoing-69 << "Server: Docker/1.12.3 (linux)[\r][\n]"
02:20:46.564 [Test worker] DEBUG org.apache.http.wire - http-outgoing-69 << "Date: Tue, 03 Jan 2017 01:20:46 GMT[\r][\n]"
02:20:46.565 [Test worker] DEBUG org.apache.http.wire - http-outgoing-69 << "Content-Length: 311[\r][\n]"
02:20:46.565 [Test worker] DEBUG org.apache.http.wire - http-outgoing-69 << "[\r][\n]"
02:20:46.565 [Test worker] DEBUG org.apache.http.wire - http-outgoing-69 << "{"Name":"MyNetwork","Id":"1404c9f709e68ec9df5570d722626b7d2ec0e2b20136bbfa1ff58d51956d2316","Scope":"local","Driver":"bridge","EnableIPv6":false,"IPAM":{"Driver":"default","Options":null,"Config":[{"Subnet":"172.18.0.0/16","Gateway":"172.18.0.1/16"}]},"Internal":false,"Containers":{},"Options":{},"Labels":{}}[\n]"
02:20:46.565 [Test worker] DEBUG org.apache.http.headers - http-outgoing-69 << HTTP/1.1 200 OK
02:20:46.565 [Test worker] DEBUG org.apache.http.headers - http-outgoing-69 << Content-Type: application/json
02:20:46.565 [Test worker] DEBUG org.apache.http.headers - http-outgoing-69 << Server: Docker/1.12.3 (linux)
02:20:46.565 [Test worker] DEBUG org.apache.http.headers - http-outgoing-69 << Date: Tue, 03 Jan 2017 01:20:46 GMT
02:20:46.565 [Test worker] DEBUG org.apache.http.headers - http-outgoing-69 << Content-Length: 311
02:20:46.566 [Test worker] DEBUG o.a.h.impl.execchain.MainClientExec - Connection can be kept alive indefinitely
02:20:46.566 [Test worker] DEBUG c.g.d.j.JerseyDockerCmdExecFactory - 10 * Client response received on thread Test worker
10 < 200
10 < Content-Length: 311
10 < Content-Type: application/json
10 < Date: Tue, 03 Jan 2017 01:20:46 GMT
10 < Server: Docker/1.12.3 (linux)
{"Name":"MyNetwork","Id":"1404c9f709e68ec9df5570d722626b7d2ec0e2b20136bbfa1ff58d51956d2316","Scope":"local","Driver":"bridge","EnableIPv6":false,"IPAM":{"Driver":"default","Options":null,"Config":[{"Subnet":"172.18.0.0/16","Gateway":"172.18.0.1/16"}]},"Internal":false,"Containers":{},"Options":{},"Labels":{}}


02:20:46.567 [Test worker] DEBUG o.a.h.i.c.DefaultManagedHttpClientConnection - http-outgoing-69: Close connection
02:20:46.568 [Test worker] DEBUG o.a.h.impl.execchain.MainClientExec - Connection discarded
02:20:46.569 [Test worker] DEBUG c.g.d.j.JerseyDockerCmdExecFactory$1 - Connection released: [id: 69][route: {s}->https://Thesis:2376][total kept alive: 1; route allocated: 1 of 2; total allocated: 1 of 20]
02:20:46.569 [Test worker] DEBUG org.openbaton.docker.DockerVim - Network successfully created
02:20:46.569 [Test worker] DEBUG c.g.d.core.command.AbstrDockerCmd - Cmd: com.github.dockerjava.core.util.FiltersBuilder@0,com.github.dockerjava.jaxrs.ListNetworksCmdExec@122cd5bd
02:20:46.569 [Test worker] DEBUG c.g.d.j.JerseyDockerCmdExecFactory - 11 * Sending client request on thread Test worker
11 > GET https://Thesis:2376/networks
11 > Accept: application/json

02:20:46.570 [Test worker] DEBUG o.a.h.c.protocol.RequestAddCookies - CookieSpec selected: default
02:20:46.570 [Test worker] DEBUG o.a.h.c.protocol.RequestAuthCache - Auth cache not set in the context
02:20:46.570 [Test worker] DEBUG c.g.d.j.JerseyDockerCmdExecFactory$1 - Connection request: [route: {s}->https://Thesis:2376][total kept alive: 1; route allocated: 1 of 2; total allocated: 1 of 20]
02:20:46.570 [Test worker] DEBUG c.g.d.j.JerseyDockerCmdExecFactory$1 - Connection leased: [id: 70][route: {s}->https://Thesis:2376][total kept alive: 1; route allocated: 2 of 2; total allocated: 2 of 20]
02:20:46.571 [Test worker] DEBUG o.a.h.impl.execchain.MainClientExec - Opening connection {s}->https://Thesis:2376
02:20:46.571 [Test worker] DEBUG o.a.h.i.c.DefaultHttpClientConnectionOperator - Connecting to Thesis/127.0.1.1:2376
02:20:46.571 [Test worker] DEBUG o.a.h.c.s.SSLConnectionSocketFactory - Connecting socket to Thesis/127.0.1.1:2376 with timeout 0
02:20:46.573 [Test worker] DEBUG o.a.h.c.s.SSLConnectionSocketFactory - Enabled protocols: [TLSv1]
02:20:46.573 [Test worker] DEBUG o.a.h.c.s.SSLConnectionSocketFactory - Enabled cipher suites:[TLS_ECDHE_ECDSA_WITH_AES_128_CBC_SHA, TLS_ECDHE_RSA_WITH_AES_128_CBC_SHA, TLS_RSA_WITH_AES_128_CBC_SHA, TLS_ECDH_ECDSA_WITH_AES_128_CBC_SHA, TLS_ECDH_RSA_WITH_AES_128_CBC_SHA, TLS_DHE_RSA_WITH_AES_128_CBC_SHA, TLS_DHE_DSS_WITH_AES_128_CBC_SHA, TLS_ECDHE_ECDSA_WITH_3DES_EDE_CBC_SHA, TLS_ECDHE_RSA_WITH_3DES_EDE_CBC_SHA, SSL_RSA_WITH_3DES_EDE_CBC_SHA, TLS_ECDH_ECDSA_WITH_3DES_EDE_CBC_SHA, TLS_ECDH_RSA_WITH_3DES_EDE_CBC_SHA, SSL_DHE_RSA_WITH_3DES_EDE_CBC_SHA, SSL_DHE_DSS_WITH_3DES_EDE_CBC_SHA, TLS_ECDHE_ECDSA_WITH_RC4_128_SHA, TLS_ECDHE_RSA_WITH_RC4_128_SHA, SSL_RSA_WITH_RC4_128_SHA, TLS_ECDH_ECDSA_WITH_RC4_128_SHA, TLS_ECDH_RSA_WITH_RC4_128_SHA, SSL_RSA_WITH_RC4_128_MD5, TLS_EMPTY_RENEGOTIATION_INFO_SCSV]
02:20:46.573 [Test worker] DEBUG o.a.h.c.s.SSLConnectionSocketFactory - Starting handshake
02:20:46.633 [Test worker] DEBUG o.a.h.c.s.SSLConnectionSocketFactory - Secure session established
02:20:46.634 [Test worker] DEBUG o.a.h.c.s.SSLConnectionSocketFactory -  negotiated protocol: TLSv1
02:20:46.634 [Test worker] DEBUG o.a.h.c.s.SSLConnectionSocketFactory -  negotiated cipher suite: TLS_ECDHE_RSA_WITH_AES_128_CBC_SHA
02:20:46.634 [Test worker] DEBUG o.a.h.c.s.SSLConnectionSocketFactory -  peer principal: CN=Thesis
02:20:46.634 [Test worker] DEBUG o.a.h.c.s.SSLConnectionSocketFactory -  issuer principal: EMAILADDRESS=sha@yamil.com, CN=Thesis, OU=Open, O=Fra, L=BER, ST=BER, C=DE
02:20:46.635 [Test worker] DEBUG o.a.h.i.c.DefaultHttpClientConnectionOperator - Connection established 127.0.0.1:41016<->127.0.1.1:2376
02:20:46.635 [Test worker] DEBUG o.a.h.impl.execchain.MainClientExec - Executing request GET /networks HTTP/1.1
02:20:46.635 [Test worker] DEBUG o.a.h.impl.execchain.MainClientExec - Target auth state: UNCHALLENGED
02:20:46.635 [Test worker] DEBUG o.a.h.impl.execchain.MainClientExec - Proxy auth state: UNCHALLENGED
02:20:46.635 [Test worker] DEBUG org.apache.http.headers - http-outgoing-70 >> GET /networks HTTP/1.1
02:20:46.636 [Test worker] DEBUG org.apache.http.headers - http-outgoing-70 >> Accept: application/json
02:20:46.636 [Test worker] DEBUG org.apache.http.headers - http-outgoing-70 >> User-Agent: Jersey/2.23.1 (Apache HttpClient 4.5.1)
02:20:46.636 [Test worker] DEBUG org.apache.http.headers - http-outgoing-70 >> Host: Thesis:2376
02:20:46.636 [Test worker] DEBUG org.apache.http.headers - http-outgoing-70 >> Connection: Keep-Alive
02:20:46.636 [Test worker] DEBUG org.apache.http.headers - http-outgoing-70 >> Accept-Encoding: gzip,deflate
02:20:46.636 [Test worker] DEBUG org.apache.http.wire - http-outgoing-70 >> "GET /networks HTTP/1.1[\r][\n]"
02:20:46.636 [Test worker] DEBUG org.apache.http.wire - http-outgoing-70 >> "Accept: application/json[\r][\n]"
02:20:46.636 [Test worker] DEBUG org.apache.http.wire - http-outgoing-70 >> "User-Agent: Jersey/2.23.1 (Apache HttpClient 4.5.1)[\r][\n]"
02:20:46.637 [Test worker] DEBUG org.apache.http.wire - http-outgoing-70 >> "Host: Thesis:2376[\r][\n]"
02:20:46.637 [Test worker] DEBUG org.apache.http.wire - http-outgoing-70 >> "Connection: Keep-Alive[\r][\n]"
02:20:46.637 [Test worker] DEBUG org.apache.http.wire - http-outgoing-70 >> "Accept-Encoding: gzip,deflate[\r][\n]"
02:20:46.637 [Test worker] DEBUG org.apache.http.wire - http-outgoing-70 >> "[\r][\n]"
02:20:46.637 [Test worker] DEBUG org.apache.http.wire - http-outgoing-70 << "H"
02:20:46.638 [Test worker] DEBUG org.apache.http.wire - http-outgoing-70 << "TTP/1.1 200 OK[\r][\n]"
02:20:46.638 [Test worker] DEBUG org.apache.http.wire - http-outgoing-70 << "Content-Type: application/json[\r][\n]"
02:20:46.638 [Test worker] DEBUG org.apache.http.wire - http-outgoing-70 << "Server: Docker/1.12.3 (linux)[\r][\n]"
02:20:46.639 [Test worker] DEBUG org.apache.http.wire - http-outgoing-70 << "Date: Tue, 03 Jan 2017 01:20:46 GMT[\r][\n]"
02:20:46.639 [Test worker] DEBUG org.apache.http.wire - http-outgoing-70 << "Content-Length: 1411[\r][\n]"
02:20:46.639 [Test worker] DEBUG org.apache.http.wire - http-outgoing-70 << "[\r][\n]"
02:20:46.639 [Test worker] DEBUG org.apache.http.wire - http-outgoing-70 << "[{"Name":"bridge","Id":"e0d36057aa1769e9fd52ba88be81b698b495f9b6b4946d0f98f24d971a27fc98","Scope":"local","Driver":"bridge","EnableIPv6":false,"IPAM":{"Driver":"default","Options":null,"Config":[{"Subnet":"172.17.0.0/16","Gateway":"172.17.0.1"}]},"Internal":false,"Containers":{},"Options":{"com.docker.network.bridge.default_bridge":"true","com.docker.network.bridge.enable_icc":"true","com.docker.network.bridge.enable_ip_masquerade":"true","com.docker.network.bridge.host_binding_ipv4":"0.0.0.0","com.docker.network.bridge.name":"docker0","com.docker.network.driver.mtu":"1500"},"Labels":{}},{"Name":"host","Id":"fe042b0866671b5be4f097ba43830c0a02959c058702d18e18c14a24d88a357d","Scope":"local","Driver":"host","EnableIPv6":false,"IPAM":{"Driver":"default","Options":null,"Config":[]},"Internal":false,"Containers":{},"Options":{},"Labels":{}},{"Name":"MyNetwork","Id":"1404c9f709e68ec9df5570d722626b7d2ec0e2b20136bbfa1ff58d51956d2316","Scope":"local","Driver":"bridge","EnableIPv6":false,"IPAM":{"Driver":"default","Options":null,"Config":[{"Subnet":"172.18.0.0/16","Gateway":"172.18.0.1/16"}]},"Internal":false,"Containers":{},"Options":{},"Labels":{}},{"Name":"none","Id":"4d89c194eb79cd2beb38458d10a1b98c74d6b8462af72afde29ae7aca53ed5ca","Scope":"local","Driver":"null","EnableIPv6":false,"IPAM":{"Driver":"default","Options":null,"Config":[]},"Internal":false,"Containers":{},"Options":{},"Labels":{}}][\n]"
02:20:46.639 [Test worker] DEBUG org.apache.http.headers - http-outgoing-70 << HTTP/1.1 200 OK
02:20:46.639 [Test worker] DEBUG org.apache.http.headers - http-outgoing-70 << Content-Type: application/json
02:20:46.639 [Test worker] DEBUG org.apache.http.headers - http-outgoing-70 << Server: Docker/1.12.3 (linux)
02:20:46.640 [Test worker] DEBUG org.apache.http.headers - http-outgoing-70 << Date: Tue, 03 Jan 2017 01:20:46 GMT
02:20:46.640 [Test worker] DEBUG org.apache.http.headers - http-outgoing-70 << Content-Length: 1411
02:20:46.640 [Test worker] DEBUG o.a.h.impl.execchain.MainClientExec - Connection can be kept alive indefinitely
02:20:46.640 [Test worker] DEBUG c.g.d.j.JerseyDockerCmdExecFactory - 12 * Client response received on thread Test worker
12 < 200
12 < Content-Length: 1411
12 < Content-Type: application/json
12 < Date: Tue, 03 Jan 2017 01:20:46 GMT
12 < Server: Docker/1.12.3 (linux)
[{"Name":"bridge","Id":"e0d36057aa1769e9fd52ba88be81b698b495f9b6b4946d0f98f24d971a27fc98","Scope":"local","Driver":"bridge","EnableIPv6":false,"IPAM":{"Driver":"default","Options":null,"Config":[{"Subnet":"172.17.0.0/16","Gateway":"172.17.0.1"}]},"Internal":false,"Containers":{},"Options":{"com.docker.network.bridge.default_bridge":"true","com.docker.network.bridge.enable_icc":"true","com.docker.network.bridge.enable_ip_masquerade":"true","com.docker.network.bridge.host_binding_ipv4":"0.0.0.0","com.docker.network.bridge.name":"docker0","com.docker.network.driver.mtu":"1500"},"Labels":{}},{"Name":"host","Id":"fe042b0866671b5be4f097ba43830c0a02959c058702d18e18c14a24d88a357d","Scope":"local","Driver":"host","EnableIPv6":false,"IPAM":{"Driver":"default","Options":null,"Config":[]},"Internal":false,"Containers":{},"Options":{},"Labels":{}},{"Name":"MyNetwork","Id":"1404c9f709e68ec9df5570d722626b7d2ec0e2b20136bbfa1ff58d51956d2316","Scope":"local","Driver":"bridge","EnableIPv6":false,"IPAM":{"Driver":"default","Options":null,"Config":[{"Subnet":"172.18.0.0/16","Gateway":"172.18.0.1/16"}]},"Internal":false,"Containers":{},"Options":{},"Labels":{}},{"Name":"none","Id":"4d89c194eb79cd2beb38458d10a1b98c74d6b8462af72afde29ae7aca53ed5ca","Scope":"local","Driver":"null","EnableIPv6":false,"IPAM":{"Driver":"default","Options":null,"Config":[]},"Internal":false,"Containers":{},"Options":{},"Labels":{}}]


02:20:46.642 [Test worker] DEBUG o.a.h.i.c.DefaultManagedHttpClientConnection - http-outgoing-70: Close connection
02:20:46.642 [Test worker] DEBUG o.a.h.impl.execchain.MainClientExec - Connection discarded
02:20:46.642 [Test worker] DEBUG c.g.d.j.JerseyDockerCmdExecFactory$1 - Connection released: [id: 70][route: {s}->https://Thesis:2376][total kept alive: 1; route allocated: 1 of 2; total allocated: 1 of 20]
02:20:46.642 [Test worker] DEBUG org.openbaton.docker.DockerVim - Found a docker network, transformed into a NFV network Network{id='1404c9f709e68ec9df5570d722626b7d2ec0e2b20136bbfa1ff58d51956d2316', name='MyNetwork', extId='null', external=false, shared=false, subnets=[Subnet{id='null', version=0, name='bridge', extId='null', networkId='172.18.0.0/16', cidr='null', gatewayIp='172.18.0.1/16'}]}
02:20:46.642 [Test worker] DEBUG c.g.d.core.command.AbstrDockerCmd - Cmd: -1,<null>,true,<null>,<null>,com.github.dockerjava.core.util.FiltersBuilder@0,com.github.dockerjava.jaxrs.ListContainersCmdExec@3f72de27
02:20:46.643 [Test worker] DEBUG c.g.d.j.JerseyDockerCmdExecFactory - 13 * Sending client request on thread Test worker
13 > GET https://Thesis:2376/containers/json?all=true
13 > Accept: application/json

02:20:46.644 [Test worker] DEBUG o.a.h.c.protocol.RequestAddCookies - CookieSpec selected: default
02:20:46.644 [Test worker] DEBUG o.a.h.c.protocol.RequestAuthCache - Auth cache not set in the context
02:20:46.644 [Test worker] DEBUG c.g.d.j.JerseyDockerCmdExecFactory$1 - Connection request: [route: {s}->https://Thesis:2376][total kept alive: 1; route allocated: 1 of 2; total allocated: 1 of 20]
02:20:46.644 [Test worker] DEBUG c.g.d.j.JerseyDockerCmdExecFactory$1 - Connection leased: [id: 71][route: {s}->https://Thesis:2376][total kept alive: 1; route allocated: 2 of 2; total allocated: 2 of 20]
02:20:46.644 [Test worker] DEBUG o.a.h.impl.execchain.MainClientExec - Opening connection {s}->https://Thesis:2376
02:20:46.645 [Test worker] DEBUG o.a.h.i.c.DefaultHttpClientConnectionOperator - Connecting to Thesis/127.0.1.1:2376
02:20:46.645 [Test worker] DEBUG o.a.h.c.s.SSLConnectionSocketFactory - Connecting socket to Thesis/127.0.1.1:2376 with timeout 0
02:20:46.645 [Test worker] DEBUG o.a.h.c.s.SSLConnectionSocketFactory - Enabled protocols: [TLSv1]
02:20:46.646 [Test worker] DEBUG o.a.h.c.s.SSLConnectionSocketFactory - Enabled cipher suites:[TLS_ECDHE_ECDSA_WITH_AES_128_CBC_SHA, TLS_ECDHE_RSA_WITH_AES_128_CBC_SHA, TLS_RSA_WITH_AES_128_CBC_SHA, TLS_ECDH_ECDSA_WITH_AES_128_CBC_SHA, TLS_ECDH_RSA_WITH_AES_128_CBC_SHA, TLS_DHE_RSA_WITH_AES_128_CBC_SHA, TLS_DHE_DSS_WITH_AES_128_CBC_SHA, TLS_ECDHE_ECDSA_WITH_3DES_EDE_CBC_SHA, TLS_ECDHE_RSA_WITH_3DES_EDE_CBC_SHA, SSL_RSA_WITH_3DES_EDE_CBC_SHA, TLS_ECDH_ECDSA_WITH_3DES_EDE_CBC_SHA, TLS_ECDH_RSA_WITH_3DES_EDE_CBC_SHA, SSL_DHE_RSA_WITH_3DES_EDE_CBC_SHA, SSL_DHE_DSS_WITH_3DES_EDE_CBC_SHA, TLS_ECDHE_ECDSA_WITH_RC4_128_SHA, TLS_ECDHE_RSA_WITH_RC4_128_SHA, SSL_RSA_WITH_RC4_128_SHA, TLS_ECDH_ECDSA_WITH_RC4_128_SHA, TLS_ECDH_RSA_WITH_RC4_128_SHA, SSL_RSA_WITH_RC4_128_MD5, TLS_EMPTY_RENEGOTIATION_INFO_SCSV]
02:20:46.646 [Test worker] DEBUG o.a.h.c.s.SSLConnectionSocketFactory - Starting handshake
02:20:46.722 [Test worker] DEBUG o.a.h.c.s.SSLConnectionSocketFactory - Secure session established
02:20:46.722 [Test worker] DEBUG o.a.h.c.s.SSLConnectionSocketFactory -  negotiated protocol: TLSv1
02:20:46.723 [Test worker] DEBUG o.a.h.c.s.SSLConnectionSocketFactory -  negotiated cipher suite: TLS_ECDHE_RSA_WITH_AES_128_CBC_SHA
02:20:46.723 [Test worker] DEBUG o.a.h.c.s.SSLConnectionSocketFactory -  peer principal: CN=Thesis
02:20:46.723 [Test worker] DEBUG o.a.h.c.s.SSLConnectionSocketFactory -  issuer principal: EMAILADDRESS=sha@yamil.com, CN=Thesis, OU=Open, O=Fra, L=BER, ST=BER, C=DE
02:20:46.723 [Test worker] DEBUG o.a.h.i.c.DefaultHttpClientConnectionOperator - Connection established 127.0.0.1:41018<->127.0.1.1:2376
02:20:46.723 [Test worker] DEBUG o.a.h.impl.execchain.MainClientExec - Executing request GET /containers/json?all=true HTTP/1.1
02:20:46.724 [Test worker] DEBUG o.a.h.impl.execchain.MainClientExec - Target auth state: UNCHALLENGED
02:20:46.724 [Test worker] DEBUG o.a.h.impl.execchain.MainClientExec - Proxy auth state: UNCHALLENGED
02:20:46.724 [Test worker] DEBUG org.apache.http.headers - http-outgoing-71 >> GET /containers/json?all=true HTTP/1.1
02:20:46.724 [Test worker] DEBUG org.apache.http.headers - http-outgoing-71 >> Accept: application/json
02:20:46.724 [Test worker] DEBUG org.apache.http.headers - http-outgoing-71 >> User-Agent: Jersey/2.23.1 (Apache HttpClient 4.5.1)
02:20:46.724 [Test worker] DEBUG org.apache.http.headers - http-outgoing-71 >> Host: Thesis:2376
02:20:46.724 [Test worker] DEBUG org.apache.http.headers - http-outgoing-71 >> Connection: Keep-Alive
02:20:46.724 [Test worker] DEBUG org.apache.http.headers - http-outgoing-71 >> Accept-Encoding: gzip,deflate
02:20:46.725 [Test worker] DEBUG org.apache.http.wire - http-outgoing-71 >> "GET /containers/json?all=true HTTP/1.1[\r][\n]"
02:20:46.725 [Test worker] DEBUG org.apache.http.wire - http-outgoing-71 >> "Accept: application/json[\r][\n]"
02:20:46.725 [Test worker] DEBUG org.apache.http.wire - http-outgoing-71 >> "User-Agent: Jersey/2.23.1 (Apache HttpClient 4.5.1)[\r][\n]"
02:20:46.725 [Test worker] DEBUG org.apache.http.wire - http-outgoing-71 >> "Host: Thesis:2376[\r][\n]"
02:20:46.725 [Test worker] DEBUG org.apache.http.wire - http-outgoing-71 >> "Connection: Keep-Alive[\r][\n]"
02:20:46.725 [Test worker] DEBUG org.apache.http.wire - http-outgoing-71 >> "Accept-Encoding: gzip,deflate[\r][\n]"
02:20:46.725 [Test worker] DEBUG org.apache.http.wire - http-outgoing-71 >> "[\r][\n]"
02:20:46.726 [Test worker] DEBUG org.apache.http.wire - http-outgoing-71 << "H"
02:20:46.726 [Test worker] DEBUG org.apache.http.wire - http-outgoing-71 << "TTP/1.1 200 OK[\r][\n]"
02:20:46.726 [Test worker] DEBUG org.apache.http.wire - http-outgoing-71 << "Content-Type: application/json[\r][\n]"
02:20:46.726 [Test worker] DEBUG org.apache.http.wire - http-outgoing-71 << "Server: Docker/1.12.3 (linux)[\r][\n]"
02:20:46.726 [Test worker] DEBUG org.apache.http.wire - http-outgoing-71 << "Date: Tue, 03 Jan 2017 01:20:46 GMT[\r][\n]"
02:20:46.726 [Test worker] DEBUG org.apache.http.wire - http-outgoing-71 << "Content-Length: 3[\r][\n]"
02:20:46.727 [Test worker] DEBUG org.apache.http.wire - http-outgoing-71 << "[\r][\n]"
02:20:46.727 [Test worker] DEBUG org.apache.http.wire - http-outgoing-71 << "[][\n]"
02:20:46.727 [Test worker] DEBUG org.apache.http.headers - http-outgoing-71 << HTTP/1.1 200 OK
02:20:46.727 [Test worker] DEBUG org.apache.http.headers - http-outgoing-71 << Content-Type: application/json
02:20:46.727 [Test worker] DEBUG org.apache.http.headers - http-outgoing-71 << Server: Docker/1.12.3 (linux)
02:20:46.727 [Test worker] DEBUG org.apache.http.headers - http-outgoing-71 << Date: Tue, 03 Jan 2017 01:20:46 GMT
02:20:46.727 [Test worker] DEBUG org.apache.http.headers - http-outgoing-71 << Content-Length: 3
02:20:46.728 [Test worker] DEBUG o.a.h.impl.execchain.MainClientExec - Connection can be kept alive indefinitely
02:20:46.728 [Test worker] DEBUG c.g.d.j.JerseyDockerCmdExecFactory - 14 * Client response received on thread Test worker
14 < 200
14 < Content-Length: 3
14 < Content-Type: application/json
14 < Date: Tue, 03 Jan 2017 01:20:46 GMT
14 < Server: Docker/1.12.3 (linux)
[]


02:20:46.729 [Test worker] DEBUG c.g.d.j.JerseyDockerCmdExecFactory$1 - Connection [id: 71][route: {s}->https://Thesis:2376][state: CN=Thesis] can be kept alive indefinitely
02:20:46.729 [Test worker] DEBUG c.g.d.j.JerseyDockerCmdExecFactory$1 - Connection released: [id: 71][route: {s}->https://Thesis:2376][state: CN=Thesis][total kept alive: 2; route allocated: 2 of 2; total allocated: 2 of 20]
02:20:46.730 [Test worker] DEBUG c.g.d.core.command.AbstrDockerCmd - Cmd: com.github.dockerjava.core.util.FiltersBuilder@0,com.github.dockerjava.jaxrs.ListNetworksCmdExec@6e6a85be
02:20:46.730 [Test worker] DEBUG c.g.d.j.JerseyDockerCmdExecFactory - 15 * Sending client request on thread Test worker
15 > GET https://Thesis:2376/networks
15 > Accept: application/json

02:20:46.731 [Test worker] DEBUG o.a.h.c.protocol.RequestAddCookies - CookieSpec selected: default
02:20:46.731 [Test worker] DEBUG o.a.h.c.protocol.RequestAuthCache - Auth cache not set in the context
02:20:46.731 [Test worker] DEBUG c.g.d.j.JerseyDockerCmdExecFactory$1 - Connection request: [route: {s}->https://Thesis:2376][total kept alive: 2; route allocated: 2 of 2; total allocated: 2 of 20]
02:20:46.731 [Test worker] DEBUG o.a.h.i.c.DefaultManagedHttpClientConnection - http-outgoing-65: Close connection
02:20:46.731 [Test worker] DEBUG c.g.d.j.JerseyDockerCmdExecFactory$1 - Connection leased: [id: 72][route: {s}->https://Thesis:2376][total kept alive: 1; route allocated: 2 of 2; total allocated: 2 of 20]
02:20:46.732 [Test worker] DEBUG o.a.h.impl.execchain.MainClientExec - Opening connection {s}->https://Thesis:2376
02:20:46.732 [Test worker] DEBUG o.a.h.i.c.DefaultHttpClientConnectionOperator - Connecting to Thesis/127.0.1.1:2376
02:20:46.732 [Test worker] DEBUG o.a.h.c.s.SSLConnectionSocketFactory - Connecting socket to Thesis/127.0.1.1:2376 with timeout 0
02:20:46.733 [Test worker] DEBUG o.a.h.c.s.SSLConnectionSocketFactory - Enabled protocols: [TLSv1]
02:20:46.733 [Test worker] DEBUG o.a.h.c.s.SSLConnectionSocketFactory - Enabled cipher suites:[TLS_ECDHE_ECDSA_WITH_AES_128_CBC_SHA, TLS_ECDHE_RSA_WITH_AES_128_CBC_SHA, TLS_RSA_WITH_AES_128_CBC_SHA, TLS_ECDH_ECDSA_WITH_AES_128_CBC_SHA, TLS_ECDH_RSA_WITH_AES_128_CBC_SHA, TLS_DHE_RSA_WITH_AES_128_CBC_SHA, TLS_DHE_DSS_WITH_AES_128_CBC_SHA, TLS_ECDHE_ECDSA_WITH_3DES_EDE_CBC_SHA, TLS_ECDHE_RSA_WITH_3DES_EDE_CBC_SHA, SSL_RSA_WITH_3DES_EDE_CBC_SHA, TLS_ECDH_ECDSA_WITH_3DES_EDE_CBC_SHA, TLS_ECDH_RSA_WITH_3DES_EDE_CBC_SHA, SSL_DHE_RSA_WITH_3DES_EDE_CBC_SHA, SSL_DHE_DSS_WITH_3DES_EDE_CBC_SHA, TLS_ECDHE_ECDSA_WITH_RC4_128_SHA, TLS_ECDHE_RSA_WITH_RC4_128_SHA, SSL_RSA_WITH_RC4_128_SHA, TLS_ECDH_ECDSA_WITH_RC4_128_SHA, TLS_ECDH_RSA_WITH_RC4_128_SHA, SSL_RSA_WITH_RC4_128_MD5, TLS_EMPTY_RENEGOTIATION_INFO_SCSV]
02:20:46.733 [Test worker] DEBUG o.a.h.c.s.SSLConnectionSocketFactory - Starting handshake
02:20:46.826 [Test worker] DEBUG o.a.h.c.s.SSLConnectionSocketFactory - Secure session established
02:20:46.826 [Test worker] DEBUG o.a.h.c.s.SSLConnectionSocketFactory -  negotiated protocol: TLSv1
02:20:46.826 [Test worker] DEBUG o.a.h.c.s.SSLConnectionSocketFactory -  negotiated cipher suite: TLS_ECDHE_RSA_WITH_AES_128_CBC_SHA
02:20:46.826 [Test worker] DEBUG o.a.h.c.s.SSLConnectionSocketFactory -  peer principal: CN=Thesis
02:20:46.826 [Test worker] DEBUG o.a.h.c.s.SSLConnectionSocketFactory -  issuer principal: EMAILADDRESS=sha@yamil.com, CN=Thesis, OU=Open, O=Fra, L=BER, ST=BER, C=DE
02:20:46.826 [Test worker] DEBUG o.a.h.i.c.DefaultHttpClientConnectionOperator - Connection established 127.0.0.1:41020<->127.0.1.1:2376
02:20:46.827 [Test worker] DEBUG o.a.h.impl.execchain.MainClientExec - Executing request GET /networks HTTP/1.1
02:20:46.827 [Test worker] DEBUG o.a.h.impl.execchain.MainClientExec - Target auth state: UNCHALLENGED
02:20:46.827 [Test worker] DEBUG o.a.h.impl.execchain.MainClientExec - Proxy auth state: UNCHALLENGED
02:20:46.827 [Test worker] DEBUG org.apache.http.headers - http-outgoing-72 >> GET /networks HTTP/1.1
02:20:46.827 [Test worker] DEBUG org.apache.http.headers - http-outgoing-72 >> Accept: application/json
02:20:46.827 [Test worker] DEBUG org.apache.http.headers - http-outgoing-72 >> User-Agent: Jersey/2.23.1 (Apache HttpClient 4.5.1)
02:20:46.827 [Test worker] DEBUG org.apache.http.headers - http-outgoing-72 >> Host: Thesis:2376
02:20:46.828 [Test worker] DEBUG org.apache.http.headers - http-outgoing-72 >> Connection: Keep-Alive
02:20:46.828 [Test worker] DEBUG org.apache.http.headers - http-outgoing-72 >> Accept-Encoding: gzip,deflate
02:20:46.828 [Test worker] DEBUG org.apache.http.wire - http-outgoing-72 >> "GET /networks HTTP/1.1[\r][\n]"
02:20:46.835 [Test worker] DEBUG org.apache.http.wire - http-outgoing-72 >> "Accept: application/json[\r][\n]"
02:20:46.835 [Test worker] DEBUG org.apache.http.wire - http-outgoing-72 >> "User-Agent: Jersey/2.23.1 (Apache HttpClient 4.5.1)[\r][\n]"
02:20:46.835 [Test worker] DEBUG org.apache.http.wire - http-outgoing-72 >> "Host: Thesis:2376[\r][\n]"
02:20:46.836 [Test worker] DEBUG org.apache.http.wire - http-outgoing-72 >> "Connection: Keep-Alive[\r][\n]"
02:20:46.836 [Test worker] DEBUG org.apache.http.wire - http-outgoing-72 >> "Accept-Encoding: gzip,deflate[\r][\n]"
02:20:46.836 [Test worker] DEBUG org.apache.http.wire - http-outgoing-72 >> "[\r][\n]"
02:20:46.837 [Test worker] DEBUG org.apache.http.wire - http-outgoing-72 << "H"
02:20:46.837 [Test worker] DEBUG org.apache.http.wire - http-outgoing-72 << "TTP/1.1 200 OK[\r][\n]"
02:20:46.837 [Test worker] DEBUG org.apache.http.wire - http-outgoing-72 << "Content-Type: application/json[\r][\n]"
02:20:46.837 [Test worker] DEBUG org.apache.http.wire - http-outgoing-72 << "Server: Docker/1.12.3 (linux)[\r][\n]"
02:20:46.837 [Test worker] DEBUG org.apache.http.wire - http-outgoing-72 << "Date: Tue, 03 Jan 2017 01:20:46 GMT[\r][\n]"
02:20:46.837 [Test worker] DEBUG org.apache.http.wire - http-outgoing-72 << "Content-Length: 1411[\r][\n]"
02:20:46.838 [Test worker] DEBUG org.apache.http.wire - http-outgoing-72 << "[\r][\n]"
02:20:46.838 [Test worker] DEBUG org.apache.http.wire - http-outgoing-72 << "[{"Name":"bridge","Id":"e0d36057aa1769e9fd52ba88be81b698b495f9b6b4946d0f98f24d971a27fc98","Scope":"local","Driver":"bridge","EnableIPv6":false,"IPAM":{"Driver":"default","Options":null,"Config":[{"Subnet":"172.17.0.0/16","Gateway":"172.17.0.1"}]},"Internal":false,"Containers":{},"Options":{"com.docker.network.bridge.default_bridge":"true","com.docker.network.bridge.enable_icc":"true","com.docker.network.bridge.enable_ip_masquerade":"true","com.docker.network.bridge.host_binding_ipv4":"0.0.0.0","com.docker.network.bridge.name":"docker0","com.docker.network.driver.mtu":"1500"},"Labels":{}},{"Name":"host","Id":"fe042b0866671b5be4f097ba43830c0a02959c058702d18e18c14a24d88a357d","Scope":"local","Driver":"host","EnableIPv6":false,"IPAM":{"Driver":"default","Options":null,"Config":[]},"Internal":false,"Containers":{},"Options":{},"Labels":{}},{"Name":"MyNetwork","Id":"1404c9f709e68ec9df5570d722626b7d2ec0e2b20136bbfa1ff58d51956d2316","Scope":"local","Driver":"bridge","EnableIPv6":false,"IPAM":{"Driver":"default","Options":null,"Config":[{"Subnet":"172.18.0.0/16","Gateway":"172.18.0.1/16"}]},"Internal":false,"Containers":{},"Options":{},"Labels":{}},{"Name":"none","Id":"4d89c194eb79cd2beb38458d10a1b98c74d6b8462af72afde29ae7aca53ed5ca","Scope":"local","Driver":"null","EnableIPv6":false,"IPAM":{"Driver":"default","Options":null,"Config":[]},"Internal":false,"Containers":{},"Options":{},"Labels":{}}][\n]"
02:20:46.843 [Test worker] DEBUG org.apache.http.headers - http-outgoing-72 << HTTP/1.1 200 OK
02:20:46.843 [Test worker] DEBUG org.apache.http.headers - http-outgoing-72 << Content-Type: application/json
02:20:46.843 [Test worker] DEBUG org.apache.http.headers - http-outgoing-72 << Server: Docker/1.12.3 (linux)
02:20:46.843 [Test worker] DEBUG org.apache.http.headers - http-outgoing-72 << Date: Tue, 03 Jan 2017 01:20:46 GMT
02:20:46.843 [Test worker] DEBUG org.apache.http.headers - http-outgoing-72 << Content-Length: 1411
02:20:46.844 [Test worker] DEBUG o.a.h.impl.execchain.MainClientExec - Connection can be kept alive indefinitely
02:20:46.844 [Test worker] DEBUG c.g.d.j.JerseyDockerCmdExecFactory - 16 * Client response received on thread Test worker
16 < 200
16 < Content-Length: 1411
16 < Content-Type: application/json
16 < Date: Tue, 03 Jan 2017 01:20:46 GMT
16 < Server: Docker/1.12.3 (linux)
[{"Name":"bridge","Id":"e0d36057aa1769e9fd52ba88be81b698b495f9b6b4946d0f98f24d971a27fc98","Scope":"local","Driver":"bridge","EnableIPv6":false,"IPAM":{"Driver":"default","Options":null,"Config":[{"Subnet":"172.17.0.0/16","Gateway":"172.17.0.1"}]},"Internal":false,"Containers":{},"Options":{"com.docker.network.bridge.default_bridge":"true","com.docker.network.bridge.enable_icc":"true","com.docker.network.bridge.enable_ip_masquerade":"true","com.docker.network.bridge.host_binding_ipv4":"0.0.0.0","com.docker.network.bridge.name":"docker0","com.docker.network.driver.mtu":"1500"},"Labels":{}},{"Name":"host","Id":"fe042b0866671b5be4f097ba43830c0a02959c058702d18e18c14a24d88a357d","Scope":"local","Driver":"host","EnableIPv6":false,"IPAM":{"Driver":"default","Options":null,"Config":[]},"Internal":false,"Containers":{},"Options":{},"Labels":{}},{"Name":"MyNetwork","Id":"1404c9f709e68ec9df5570d722626b7d2ec0e2b20136bbfa1ff58d51956d2316","Scope":"local","Driver":"bridge","EnableIPv6":false,"IPAM":{"Driver":"default","Options":null,"Config":[{"Subnet":"172.18.0.0/16","Gateway":"172.18.0.1/16"}]},"Internal":false,"Containers":{},"Options":{},"Labels":{}},{"Name":"none","Id":"4d89c194eb79cd2beb38458d10a1b98c74d6b8462af72afde29ae7aca53ed5ca","Scope":"local","Driver":"null","EnableIPv6":false,"IPAM":{"Driver":"default","Options":null,"Config":[]},"Internal":false,"Containers":{},"Options":{},"Labels":{}}]


02:20:46.846 [Test worker] DEBUG o.a.h.i.c.DefaultManagedHttpClientConnection - http-outgoing-72: Close connection
02:20:46.848 [Test worker] DEBUG o.a.h.impl.execchain.MainClientExec - Connection discarded
02:20:46.849 [Test worker] DEBUG c.g.d.j.JerseyDockerCmdExecFactory$1 - Connection released: [id: 72][route: {s}->https://Thesis:2376][total kept alive: 1; route allocated: 1 of 2; total allocated: 1 of 20]
02:20:46.849 [Test worker] DEBUG org.openbaton.docker.DockerVim - Found a docker network, transformed into a NFV network Network{id='1404c9f709e68ec9df5570d722626b7d2ec0e2b20136bbfa1ff58d51956d2316', name='MyNetwork', extId='null', external=false, shared=false, subnets=[Subnet{id='null', version=0, name='bridge', extId='null', networkId='172.18.0.0/16', cidr='null', gatewayIp='172.18.0.1/16'}]}
02:20:46.849 [Test worker] DEBUG c.g.d.core.command.AbstrDockerCmd - Cmd: 1404c9f709e68ec9df5570d722626b7d2ec0e2b20136bbfa1ff58d51956d2316,com.github.dockerjava.jaxrs.RemoveNetworkCmdExec@58675bc2
02:20:46.850 [Test worker] DEBUG c.g.d.j.JerseyDockerCmdExecFactory - 17 * Sending client request on thread Test worker
17 > DELETE https://Thesis:2376/networks/1404c9f709e68ec9df5570d722626b7d2ec0e2b20136bbfa1ff58d51956d2316
17 > Accept: application/json

02:20:46.850 [Test worker] DEBUG o.a.h.c.protocol.RequestAddCookies - CookieSpec selected: default
02:20:46.851 [Test worker] DEBUG o.a.h.c.protocol.RequestAuthCache - Auth cache not set in the context
02:20:46.851 [Test worker] DEBUG c.g.d.j.JerseyDockerCmdExecFactory$1 - Connection request: [route: {s}->https://Thesis:2376][total kept alive: 1; route allocated: 1 of 2; total allocated: 1 of 20]
02:20:46.851 [Test worker] DEBUG c.g.d.j.JerseyDockerCmdExecFactory$1 - Connection leased: [id: 73][route: {s}->https://Thesis:2376][total kept alive: 1; route allocated: 2 of 2; total allocated: 2 of 20]
02:20:46.851 [Test worker] DEBUG o.a.h.impl.execchain.MainClientExec - Opening connection {s}->https://Thesis:2376
02:20:46.851 [Test worker] DEBUG o.a.h.i.c.DefaultHttpClientConnectionOperator - Connecting to Thesis/127.0.1.1:2376
02:20:46.852 [Test worker] DEBUG o.a.h.c.s.SSLConnectionSocketFactory - Connecting socket to Thesis/127.0.1.1:2376 with timeout 0
02:20:46.873 [Test worker] DEBUG o.a.h.c.s.SSLConnectionSocketFactory - Enabled protocols: [TLSv1]
02:20:46.874 [Test worker] DEBUG o.a.h.c.s.SSLConnectionSocketFactory - Enabled cipher suites:[TLS_ECDHE_ECDSA_WITH_AES_128_CBC_SHA, TLS_ECDHE_RSA_WITH_AES_128_CBC_SHA, TLS_RSA_WITH_AES_128_CBC_SHA, TLS_ECDH_ECDSA_WITH_AES_128_CBC_SHA, TLS_ECDH_RSA_WITH_AES_128_CBC_SHA, TLS_DHE_RSA_WITH_AES_128_CBC_SHA, TLS_DHE_DSS_WITH_AES_128_CBC_SHA, TLS_ECDHE_ECDSA_WITH_3DES_EDE_CBC_SHA, TLS_ECDHE_RSA_WITH_3DES_EDE_CBC_SHA, SSL_RSA_WITH_3DES_EDE_CBC_SHA, TLS_ECDH_ECDSA_WITH_3DES_EDE_CBC_SHA, TLS_ECDH_RSA_WITH_3DES_EDE_CBC_SHA, SSL_DHE_RSA_WITH_3DES_EDE_CBC_SHA, SSL_DHE_DSS_WITH_3DES_EDE_CBC_SHA, TLS_ECDHE_ECDSA_WITH_RC4_128_SHA, TLS_ECDHE_RSA_WITH_RC4_128_SHA, SSL_RSA_WITH_RC4_128_SHA, TLS_ECDH_ECDSA_WITH_RC4_128_SHA, TLS_ECDH_RSA_WITH_RC4_128_SHA, SSL_RSA_WITH_RC4_128_MD5, TLS_EMPTY_RENEGOTIATION_INFO_SCSV]
02:20:46.874 [Test worker] DEBUG o.a.h.c.s.SSLConnectionSocketFactory - Starting handshake
02:20:46.941 [Test worker] DEBUG o.a.h.c.s.SSLConnectionSocketFactory - Secure session established
02:20:46.942 [Test worker] DEBUG o.a.h.c.s.SSLConnectionSocketFactory -  negotiated protocol: TLSv1
02:20:46.942 [Test worker] DEBUG o.a.h.c.s.SSLConnectionSocketFactory -  negotiated cipher suite: TLS_ECDHE_RSA_WITH_AES_128_CBC_SHA
02:20:46.943 [Test worker] DEBUG o.a.h.c.s.SSLConnectionSocketFactory -  peer principal: CN=Thesis
02:20:46.943 [Test worker] DEBUG o.a.h.c.s.SSLConnectionSocketFactory -  issuer principal: EMAILADDRESS=sha@yamil.com, CN=Thesis, OU=Open, O=Fra, L=BER, ST=BER, C=DE
02:20:46.943 [Test worker] DEBUG o.a.h.i.c.DefaultHttpClientConnectionOperator - Connection established 127.0.0.1:41022<->127.0.1.1:2376
02:20:46.943 [Test worker] DEBUG o.a.h.impl.execchain.MainClientExec - Executing request DELETE /networks/1404c9f709e68ec9df5570d722626b7d2ec0e2b20136bbfa1ff58d51956d2316 HTTP/1.1
02:20:46.943 [Test worker] DEBUG o.a.h.impl.execchain.MainClientExec - Target auth state: UNCHALLENGED
02:20:46.943 [Test worker] DEBUG o.a.h.impl.execchain.MainClientExec - Proxy auth state: UNCHALLENGED
02:20:46.944 [Test worker] DEBUG org.apache.http.headers - http-outgoing-73 >> DELETE /networks/1404c9f709e68ec9df5570d722626b7d2ec0e2b20136bbfa1ff58d51956d2316 HTTP/1.1
02:20:46.944 [Test worker] DEBUG org.apache.http.headers - http-outgoing-73 >> Accept: application/json
02:20:46.944 [Test worker] DEBUG org.apache.http.headers - http-outgoing-73 >> User-Agent: Jersey/2.23.1 (Apache HttpClient 4.5.1)
02:20:46.944 [Test worker] DEBUG org.apache.http.headers - http-outgoing-73 >> Host: Thesis:2376
02:20:46.944 [Test worker] DEBUG org.apache.http.headers - http-outgoing-73 >> Connection: Keep-Alive
02:20:46.944 [Test worker] DEBUG org.apache.http.headers - http-outgoing-73 >> Accept-Encoding: gzip,deflate
02:20:46.944 [Test worker] DEBUG org.apache.http.wire - http-outgoing-73 >> "DELETE /networks/1404c9f709e68ec9df5570d722626b7d2ec0e2b20136bbfa1ff58d51956d2316 HTTP/1.1[\r][\n]"
02:20:46.944 [Test worker] DEBUG org.apache.http.wire - http-outgoing-73 >> "Accept: application/json[\r][\n]"
02:20:46.945 [Test worker] DEBUG org.apache.http.wire - http-outgoing-73 >> "User-Agent: Jersey/2.23.1 (Apache HttpClient 4.5.1)[\r][\n]"
02:20:46.945 [Test worker] DEBUG org.apache.http.wire - http-outgoing-73 >> "Host: Thesis:2376[\r][\n]"
02:20:46.945 [Test worker] DEBUG org.apache.http.wire - http-outgoing-73 >> "Connection: Keep-Alive[\r][\n]"
02:20:46.945 [Test worker] DEBUG org.apache.http.wire - http-outgoing-73 >> "Accept-Encoding: gzip,deflate[\r][\n]"
02:20:46.945 [Test worker] DEBUG org.apache.http.wire - http-outgoing-73 >> "[\r][\n]"
02:20:47.032 [Test worker] DEBUG org.apache.http.wire - http-outgoing-73 << "H"
02:20:47.033 [Test worker] DEBUG org.apache.http.wire - http-outgoing-73 << "TTP/1.1 204 No Content[\r][\n]"
02:20:47.033 [Test worker] DEBUG org.apache.http.wire - http-outgoing-73 << "Server: Docker/1.12.3 (linux)[\r][\n]"
02:20:47.033 [Test worker] DEBUG org.apache.http.wire - http-outgoing-73 << "Date: Tue, 03 Jan 2017 01:20:47 GMT[\r][\n]"
02:20:47.033 [Test worker] DEBUG org.apache.http.wire - http-outgoing-73 << "[\r][\n]"
02:20:47.033 [Test worker] DEBUG org.apache.http.headers - http-outgoing-73 << HTTP/1.1 204 No Content
02:20:47.033 [Test worker] DEBUG org.apache.http.headers - http-outgoing-73 << Server: Docker/1.12.3 (linux)
02:20:47.033 [Test worker] DEBUG org.apache.http.headers - http-outgoing-73 << Date: Tue, 03 Jan 2017 01:20:47 GMT
02:20:47.033 [Test worker] DEBUG o.a.h.impl.execchain.MainClientExec - Connection can be kept alive indefinitely
02:20:47.034 [Test worker] DEBUG c.g.d.j.JerseyDockerCmdExecFactory$1 - Connection [id: 73][route: {s}->https://Thesis:2376][state: CN=Thesis] can be kept alive indefinitely
02:20:47.034 [Test worker] DEBUG c.g.d.j.JerseyDockerCmdExecFactory$1 - Connection released: [id: 73][route: {s}->https://Thesis:2376][state: CN=Thesis][total kept alive: 2; route allocated: 2 of 2; total allocated: 2 of 20]
02:20:47.034 [Test worker] DEBUG c.g.d.j.JerseyDockerCmdExecFactory - 18 * Client response received on thread Test worker
18 < 204
18 < Date: Tue, 03 Jan 2017 01:20:47 GMT
18 < Server: Docker/1.12.3 (linux)

02:20:47.034 [Test worker] INFO  org.openbaton.docker.DockerVim - Network '1404c9f709e68ec9df5570d722626b7d2ec0e2b20136bbfa1ff58d51956d2316' deleted successfully
02:20:47.034 [Test worker] DEBUG c.g.d.core.command.AbstrDockerCmd - Cmd: com.github.dockerjava.core.util.FiltersBuilder@0,com.github.dockerjava.jaxrs.ListVolumesCmdExec@3e4369d
02:20:47.034 [Test worker] DEBUG c.g.d.j.JerseyDockerCmdExecFactory - 19 * Sending client request on thread Test worker
19 > GET https://Thesis:2376/volumes
19 > Accept: application/json

02:20:47.035 [Test worker] DEBUG o.a.h.c.protocol.RequestAddCookies - CookieSpec selected: default
02:20:47.035 [Test worker] DEBUG o.a.h.c.protocol.RequestAuthCache - Auth cache not set in the context
02:20:47.035 [Test worker] DEBUG c.g.d.j.JerseyDockerCmdExecFactory$1 - Connection request: [route: {s}->https://Thesis:2376][total kept alive: 2; route allocated: 2 of 2; total allocated: 2 of 20]
02:20:47.035 [Test worker] DEBUG o.a.h.i.c.DefaultManagedHttpClientConnection - http-outgoing-71: Close connection
02:20:47.035 [Test worker] DEBUG c.g.d.j.JerseyDockerCmdExecFactory$1 - Connection leased: [id: 74][route: {s}->https://Thesis:2376][total kept alive: 1; route allocated: 2 of 2; total allocated: 2 of 20]
02:20:47.035 [Test worker] DEBUG o.a.h.impl.execchain.MainClientExec - Opening connection {s}->https://Thesis:2376
02:20:47.035 [Test worker] DEBUG o.a.h.i.c.DefaultHttpClientConnectionOperator - Connecting to Thesis/127.0.1.1:2376
02:20:47.035 [Test worker] DEBUG o.a.h.c.s.SSLConnectionSocketFactory - Connecting socket to Thesis/127.0.1.1:2376 with timeout 0
02:20:47.037 [Test worker] DEBUG o.a.h.c.s.SSLConnectionSocketFactory - Enabled protocols: [TLSv1]
02:20:47.037 [Test worker] DEBUG o.a.h.c.s.SSLConnectionSocketFactory - Enabled cipher suites:[TLS_ECDHE_ECDSA_WITH_AES_128_CBC_SHA, TLS_ECDHE_RSA_WITH_AES_128_CBC_SHA, TLS_RSA_WITH_AES_128_CBC_SHA, TLS_ECDH_ECDSA_WITH_AES_128_CBC_SHA, TLS_ECDH_RSA_WITH_AES_128_CBC_SHA, TLS_DHE_RSA_WITH_AES_128_CBC_SHA, TLS_DHE_DSS_WITH_AES_128_CBC_SHA, TLS_ECDHE_ECDSA_WITH_3DES_EDE_CBC_SHA, TLS_ECDHE_RSA_WITH_3DES_EDE_CBC_SHA, SSL_RSA_WITH_3DES_EDE_CBC_SHA, TLS_ECDH_ECDSA_WITH_3DES_EDE_CBC_SHA, TLS_ECDH_RSA_WITH_3DES_EDE_CBC_SHA, SSL_DHE_RSA_WITH_3DES_EDE_CBC_SHA, SSL_DHE_DSS_WITH_3DES_EDE_CBC_SHA, TLS_ECDHE_ECDSA_WITH_RC4_128_SHA, TLS_ECDHE_RSA_WITH_RC4_128_SHA, SSL_RSA_WITH_RC4_128_SHA, TLS_ECDH_ECDSA_WITH_RC4_128_SHA, TLS_ECDH_RSA_WITH_RC4_128_SHA, SSL_RSA_WITH_RC4_128_MD5, TLS_EMPTY_RENEGOTIATION_INFO_SCSV]
02:20:47.037 [Test worker] DEBUG o.a.h.c.s.SSLConnectionSocketFactory - Starting handshake
02:20:47.100 [Test worker] DEBUG o.a.h.c.s.SSLConnectionSocketFactory - Secure session established
02:20:47.101 [Test worker] DEBUG o.a.h.c.s.SSLConnectionSocketFactory -  negotiated protocol: TLSv1
02:20:47.101 [Test worker] DEBUG o.a.h.c.s.SSLConnectionSocketFactory -  negotiated cipher suite: TLS_ECDHE_RSA_WITH_AES_128_CBC_SHA
02:20:47.101 [Test worker] DEBUG o.a.h.c.s.SSLConnectionSocketFactory -  peer principal: CN=Thesis
02:20:47.101 [Test worker] DEBUG o.a.h.c.s.SSLConnectionSocketFactory -  issuer principal: EMAILADDRESS=sha@yamil.com, CN=Thesis, OU=Open, O=Fra, L=BER, ST=BER, C=DE
02:20:47.101 [Test worker] DEBUG o.a.h.i.c.DefaultHttpClientConnectionOperator - Connection established 127.0.0.1:41024<->127.0.1.1:2376
02:20:47.103 [Test worker] DEBUG o.a.h.impl.execchain.MainClientExec - Executing request GET /volumes HTTP/1.1
02:20:47.103 [Test worker] DEBUG o.a.h.impl.execchain.MainClientExec - Target auth state: UNCHALLENGED
02:20:47.103 [Test worker] DEBUG o.a.h.impl.execchain.MainClientExec - Proxy auth state: UNCHALLENGED
02:20:47.103 [Test worker] DEBUG org.apache.http.headers - http-outgoing-74 >> GET /volumes HTTP/1.1
02:20:47.104 [Test worker] DEBUG org.apache.http.headers - http-outgoing-74 >> Accept: application/json
02:20:47.104 [Test worker] DEBUG org.apache.http.headers - http-outgoing-74 >> User-Agent: Jersey/2.23.1 (Apache HttpClient 4.5.1)
02:20:47.104 [Test worker] DEBUG org.apache.http.headers - http-outgoing-74 >> Host: Thesis:2376
02:20:47.104 [Test worker] DEBUG org.apache.http.headers - http-outgoing-74 >> Connection: Keep-Alive
02:20:47.104 [Test worker] DEBUG org.apache.http.headers - http-outgoing-74 >> Accept-Encoding: gzip,deflate
02:20:47.104 [Test worker] DEBUG org.apache.http.wire - http-outgoing-74 >> "GET /volumes HTTP/1.1[\r][\n]"
02:20:47.104 [Test worker] DEBUG org.apache.http.wire - http-outgoing-74 >> "Accept: application/json[\r][\n]"
02:20:47.104 [Test worker] DEBUG org.apache.http.wire - http-outgoing-74 >> "User-Agent: Jersey/2.23.1 (Apache HttpClient 4.5.1)[\r][\n]"
02:20:47.105 [Test worker] DEBUG org.apache.http.wire - http-outgoing-74 >> "Host: Thesis:2376[\r][\n]"
02:20:47.105 [Test worker] DEBUG org.apache.http.wire - http-outgoing-74 >> "Connection: Keep-Alive[\r][\n]"
02:20:47.105 [Test worker] DEBUG org.apache.http.wire - http-outgoing-74 >> "Accept-Encoding: gzip,deflate[\r][\n]"
02:20:47.105 [Test worker] DEBUG org.apache.http.wire - http-outgoing-74 >> "[\r][\n]"
02:20:47.106 [Test worker] DEBUG org.apache.http.wire - http-outgoing-74 << "H"
02:20:47.106 [Test worker] DEBUG org.apache.http.wire - http-outgoing-74 << "TTP/1.1 200 OK[\r][\n]"
02:20:47.106 [Test worker] DEBUG org.apache.http.wire - http-outgoing-74 << "Content-Type: application/json[\r][\n]"
02:20:47.106 [Test worker] DEBUG org.apache.http.wire - http-outgoing-74 << "Server: Docker/1.12.3 (linux)[\r][\n]"
02:20:47.106 [Test worker] DEBUG org.apache.http.wire - http-outgoing-74 << "Date: Tue, 03 Jan 2017 01:20:47 GMT[\r][\n]"
02:20:47.106 [Test worker] DEBUG org.apache.http.wire - http-outgoing-74 << "Content-Length: 33[\r][\n]"
02:20:47.106 [Test worker] DEBUG org.apache.http.wire - http-outgoing-74 << "[\r][\n]"
02:20:47.107 [Test worker] DEBUG org.apache.http.wire - http-outgoing-74 << "{"Volumes":null,"Warnings":null}[\n]"
02:20:47.107 [Test worker] DEBUG org.apache.http.headers - http-outgoing-74 << HTTP/1.1 200 OK
02:20:47.107 [Test worker] DEBUG org.apache.http.headers - http-outgoing-74 << Content-Type: application/json
02:20:47.107 [Test worker] DEBUG org.apache.http.headers - http-outgoing-74 << Server: Docker/1.12.3 (linux)
02:20:47.107 [Test worker] DEBUG org.apache.http.headers - http-outgoing-74 << Date: Tue, 03 Jan 2017 01:20:47 GMT
02:20:47.107 [Test worker] DEBUG org.apache.http.headers - http-outgoing-74 << Content-Length: 33
02:20:47.108 [Test worker] DEBUG o.a.h.impl.execchain.MainClientExec - Connection can be kept alive indefinitely
02:20:47.108 [Test worker] DEBUG c.g.d.j.JerseyDockerCmdExecFactory - 20 * Client response received on thread Test worker
20 < 200
20 < Content-Length: 33
20 < Content-Type: application/json
20 < Date: Tue, 03 Jan 2017 01:20:47 GMT
20 < Server: Docker/1.12.3 (linux)
{"Volumes":null,"Warnings":null}


02:20:47.110 [Test worker] DEBUG o.a.h.i.c.DefaultManagedHttpClientConnection - http-outgoing-74: Close connection
02:20:47.110 [Test worker] DEBUG o.a.h.impl.execchain.MainClientExec - Connection discarded
02:20:47.110 [Test worker] DEBUG c.g.d.j.JerseyDockerCmdExecFactory$1 - Connection released: [id: 74][route: {s}->https://Thesis:2376][total kept alive: 1; route allocated: 1 of 2; total allocated: 1 of 20]
02:20:47.112 [Test worker] DEBUG org.openbaton.docker.DockerVim - Loading properties
02:20:47.112 [Test worker] DEBUG org.openbaton.docker.DockerVim - Loaded properties: {vim.instance.auth.url=tcp://Thesis:2376, docker.cert.path=/home/sakib/.docker, type=docker, tls.verify=true}
02:20:47.121 [Test worker] DEBUG c.g.d.core.command.AbstrDockerCmd - Cmd: -1,<null>,true,<null>,<null>,com.github.dockerjava.core.util.FiltersBuilder@0,com.github.dockerjava.jaxrs.ListContainersCmdExec@26cd778
02:20:47.153 [Test worker] DEBUG c.g.d.j.JerseyDockerCmdExecFactory - 1 * Sending client request on thread Test worker
1 > GET https://Thesis:2376/containers/json?all=true
1 > Accept: application/json

02:20:47.153 [Test worker] DEBUG o.a.h.c.protocol.RequestAddCookies - CookieSpec selected: default
02:20:47.154 [Test worker] DEBUG o.a.h.c.protocol.RequestAuthCache - Auth cache not set in the context
02:20:47.154 [Test worker] DEBUG c.g.d.j.JerseyDockerCmdExecFactory$1 - Connection request: [route: {s}->https://Thesis:2376][total kept alive: 0; route allocated: 0 of 2; total allocated: 0 of 20]
02:20:47.154 [Test worker] DEBUG c.g.d.j.JerseyDockerCmdExecFactory$1 - Connection leased: [id: 75][route: {s}->https://Thesis:2376][total kept alive: 0; route allocated: 1 of 2; total allocated: 1 of 20]
02:20:47.154 [Test worker] DEBUG o.a.h.impl.execchain.MainClientExec - Opening connection {s}->https://Thesis:2376
02:20:47.154 [Test worker] DEBUG o.a.h.i.c.DefaultHttpClientConnectionOperator - Connecting to Thesis/127.0.1.1:2376
02:20:47.155 [Test worker] DEBUG o.a.h.c.s.SSLConnectionSocketFactory - Connecting socket to Thesis/127.0.1.1:2376 with timeout 0
02:20:47.155 [Test worker] DEBUG o.a.h.c.s.SSLConnectionSocketFactory - Enabled protocols: [TLSv1]
02:20:47.156 [Test worker] DEBUG o.a.h.c.s.SSLConnectionSocketFactory - Enabled cipher suites:[TLS_ECDHE_ECDSA_WITH_AES_128_CBC_SHA, TLS_ECDHE_RSA_WITH_AES_128_CBC_SHA, TLS_RSA_WITH_AES_128_CBC_SHA, TLS_ECDH_ECDSA_WITH_AES_128_CBC_SHA, TLS_ECDH_RSA_WITH_AES_128_CBC_SHA, TLS_DHE_RSA_WITH_AES_128_CBC_SHA, TLS_DHE_DSS_WITH_AES_128_CBC_SHA, TLS_ECDHE_ECDSA_WITH_3DES_EDE_CBC_SHA, TLS_ECDHE_RSA_WITH_3DES_EDE_CBC_SHA, SSL_RSA_WITH_3DES_EDE_CBC_SHA, TLS_ECDH_ECDSA_WITH_3DES_EDE_CBC_SHA, TLS_ECDH_RSA_WITH_3DES_EDE_CBC_SHA, SSL_DHE_RSA_WITH_3DES_EDE_CBC_SHA, SSL_DHE_DSS_WITH_3DES_EDE_CBC_SHA, TLS_ECDHE_ECDSA_WITH_RC4_128_SHA, TLS_ECDHE_RSA_WITH_RC4_128_SHA, SSL_RSA_WITH_RC4_128_SHA, TLS_ECDH_ECDSA_WITH_RC4_128_SHA, TLS_ECDH_RSA_WITH_RC4_128_SHA, SSL_RSA_WITH_RC4_128_MD5, TLS_EMPTY_RENEGOTIATION_INFO_SCSV]
02:20:47.156 [Test worker] DEBUG o.a.h.c.s.SSLConnectionSocketFactory - Starting handshake
02:20:47.232 [Test worker] DEBUG o.a.h.c.s.SSLConnectionSocketFactory - Secure session established
02:20:47.232 [Test worker] DEBUG o.a.h.c.s.SSLConnectionSocketFactory -  negotiated protocol: TLSv1
02:20:47.232 [Test worker] DEBUG o.a.h.c.s.SSLConnectionSocketFactory -  negotiated cipher suite: TLS_ECDHE_RSA_WITH_AES_128_CBC_SHA
02:20:47.232 [Test worker] DEBUG o.a.h.c.s.SSLConnectionSocketFactory -  peer principal: CN=Thesis
02:20:47.232 [Test worker] DEBUG o.a.h.c.s.SSLConnectionSocketFactory -  issuer principal: EMAILADDRESS=sha@yamil.com, CN=Thesis, OU=Open, O=Fra, L=BER, ST=BER, C=DE
02:20:47.233 [Test worker] DEBUG o.a.h.i.c.DefaultHttpClientConnectionOperator - Connection established 127.0.0.1:41026<->127.0.1.1:2376
02:20:47.233 [Test worker] DEBUG o.a.h.impl.execchain.MainClientExec - Executing request GET /containers/json?all=true HTTP/1.1
02:20:47.233 [Test worker] DEBUG o.a.h.impl.execchain.MainClientExec - Target auth state: UNCHALLENGED
02:20:47.233 [Test worker] DEBUG o.a.h.impl.execchain.MainClientExec - Proxy auth state: UNCHALLENGED
02:20:47.233 [Test worker] DEBUG org.apache.http.headers - http-outgoing-75 >> GET /containers/json?all=true HTTP/1.1
02:20:47.233 [Test worker] DEBUG org.apache.http.headers - http-outgoing-75 >> Accept: application/json
02:20:47.234 [Test worker] DEBUG org.apache.http.headers - http-outgoing-75 >> User-Agent: Jersey/2.23.1 (Apache HttpClient 4.5.1)
02:20:47.234 [Test worker] DEBUG org.apache.http.headers - http-outgoing-75 >> Host: Thesis:2376
02:20:47.234 [Test worker] DEBUG org.apache.http.headers - http-outgoing-75 >> Connection: Keep-Alive
02:20:47.234 [Test worker] DEBUG org.apache.http.headers - http-outgoing-75 >> Accept-Encoding: gzip,deflate
02:20:47.234 [Test worker] DEBUG org.apache.http.wire - http-outgoing-75 >> "GET /containers/json?all=true HTTP/1.1[\r][\n]"
02:20:47.234 [Test worker] DEBUG org.apache.http.wire - http-outgoing-75 >> "Accept: application/json[\r][\n]"
02:20:47.234 [Test worker] DEBUG org.apache.http.wire - http-outgoing-75 >> "User-Agent: Jersey/2.23.1 (Apache HttpClient 4.5.1)[\r][\n]"
02:20:47.235 [Test worker] DEBUG org.apache.http.wire - http-outgoing-75 >> "Host: Thesis:2376[\r][\n]"
02:20:47.235 [Test worker] DEBUG org.apache.http.wire - http-outgoing-75 >> "Connection: Keep-Alive[\r][\n]"
02:20:47.235 [Test worker] DEBUG org.apache.http.wire - http-outgoing-75 >> "Accept-Encoding: gzip,deflate[\r][\n]"
02:20:47.235 [Test worker] DEBUG org.apache.http.wire - http-outgoing-75 >> "[\r][\n]"
02:20:47.235 [Test worker] DEBUG org.apache.http.wire - http-outgoing-75 << "H"
02:20:47.235 [Test worker] DEBUG org.apache.http.wire - http-outgoing-75 << "TTP/1.1 200 OK[\r][\n]"
02:20:47.236 [Test worker] DEBUG org.apache.http.wire - http-outgoing-75 << "Content-Type: application/json[\r][\n]"
02:20:47.236 [Test worker] DEBUG org.apache.http.wire - http-outgoing-75 << "Server: Docker/1.12.3 (linux)[\r][\n]"
02:20:47.236 [Test worker] DEBUG org.apache.http.wire - http-outgoing-75 << "Date: Tue, 03 Jan 2017 01:20:47 GMT[\r][\n]"
02:20:47.236 [Test worker] DEBUG org.apache.http.wire - http-outgoing-75 << "Content-Length: 3[\r][\n]"
02:20:47.236 [Test worker] DEBUG org.apache.http.wire - http-outgoing-75 << "[\r][\n]"
02:20:47.236 [Test worker] DEBUG org.apache.http.wire - http-outgoing-75 << "[][\n]"
02:20:47.236 [Test worker] DEBUG org.apache.http.headers - http-outgoing-75 << HTTP/1.1 200 OK
02:20:47.237 [Test worker] DEBUG org.apache.http.headers - http-outgoing-75 << Content-Type: application/json
02:20:47.237 [Test worker] DEBUG org.apache.http.headers - http-outgoing-75 << Server: Docker/1.12.3 (linux)
02:20:47.237 [Test worker] DEBUG org.apache.http.headers - http-outgoing-75 << Date: Tue, 03 Jan 2017 01:20:47 GMT
02:20:47.237 [Test worker] DEBUG org.apache.http.headers - http-outgoing-75 << Content-Length: 3
02:20:47.237 [Test worker] DEBUG o.a.h.impl.execchain.MainClientExec - Connection can be kept alive indefinitely
02:20:47.238 [Test worker] DEBUG c.g.d.j.JerseyDockerCmdExecFactory - 2 * Client response received on thread Test worker
2 < 200
2 < Content-Length: 3
2 < Content-Type: application/json
2 < Date: Tue, 03 Jan 2017 01:20:47 GMT
2 < Server: Docker/1.12.3 (linux)
[]


02:20:47.240 [Test worker] DEBUG c.g.d.j.JerseyDockerCmdExecFactory$1 - Connection [id: 75][route: {s}->https://Thesis:2376][state: CN=Thesis] can be kept alive indefinitely
02:20:47.241 [Test worker] DEBUG c.g.d.j.JerseyDockerCmdExecFactory$1 - Connection released: [id: 75][route: {s}->https://Thesis:2376][state: CN=Thesis][total kept alive: 1; route allocated: 1 of 2; total allocated: 1 of 20]
02:20:47.247 [Test worker] DEBUG c.g.d.core.command.AbstrDockerCmd - Cmd: com.github.dockerjava.core.util.FiltersBuilder@0,com.github.dockerjava.jaxrs.ListNetworksCmdExec@302b65cf
02:20:47.248 [Test worker] DEBUG c.g.d.j.JerseyDockerCmdExecFactory - 3 * Sending client request on thread Test worker
3 > GET https://Thesis:2376/networks
3 > Accept: application/json

02:20:47.249 [Test worker] DEBUG o.a.h.c.protocol.RequestAddCookies - CookieSpec selected: default
02:20:47.249 [Test worker] DEBUG o.a.h.c.protocol.RequestAuthCache - Auth cache not set in the context
02:20:47.249 [Test worker] DEBUG c.g.d.j.JerseyDockerCmdExecFactory$1 - Connection request: [route: {s}->https://Thesis:2376][total kept alive: 1; route allocated: 1 of 2; total allocated: 1 of 20]
02:20:47.249 [Test worker] DEBUG c.g.d.j.JerseyDockerCmdExecFactory$1 - Connection leased: [id: 76][route: {s}->https://Thesis:2376][total kept alive: 1; route allocated: 2 of 2; total allocated: 2 of 20]
02:20:47.249 [Test worker] DEBUG o.a.h.impl.execchain.MainClientExec - Opening connection {s}->https://Thesis:2376
02:20:47.250 [Test worker] DEBUG o.a.h.i.c.DefaultHttpClientConnectionOperator - Connecting to Thesis/127.0.1.1:2376
02:20:47.250 [Test worker] DEBUG o.a.h.c.s.SSLConnectionSocketFactory - Connecting socket to Thesis/127.0.1.1:2376 with timeout 0
02:20:47.251 [Test worker] DEBUG o.a.h.c.s.SSLConnectionSocketFactory - Enabled protocols: [TLSv1]
02:20:47.251 [Test worker] DEBUG o.a.h.c.s.SSLConnectionSocketFactory - Enabled cipher suites:[TLS_ECDHE_ECDSA_WITH_AES_128_CBC_SHA, TLS_ECDHE_RSA_WITH_AES_128_CBC_SHA, TLS_RSA_WITH_AES_128_CBC_SHA, TLS_ECDH_ECDSA_WITH_AES_128_CBC_SHA, TLS_ECDH_RSA_WITH_AES_128_CBC_SHA, TLS_DHE_RSA_WITH_AES_128_CBC_SHA, TLS_DHE_DSS_WITH_AES_128_CBC_SHA, TLS_ECDHE_ECDSA_WITH_3DES_EDE_CBC_SHA, TLS_ECDHE_RSA_WITH_3DES_EDE_CBC_SHA, SSL_RSA_WITH_3DES_EDE_CBC_SHA, TLS_ECDH_ECDSA_WITH_3DES_EDE_CBC_SHA, TLS_ECDH_RSA_WITH_3DES_EDE_CBC_SHA, SSL_DHE_RSA_WITH_3DES_EDE_CBC_SHA, SSL_DHE_DSS_WITH_3DES_EDE_CBC_SHA, TLS_ECDHE_ECDSA_WITH_RC4_128_SHA, TLS_ECDHE_RSA_WITH_RC4_128_SHA, SSL_RSA_WITH_RC4_128_SHA, TLS_ECDH_ECDSA_WITH_RC4_128_SHA, TLS_ECDH_RSA_WITH_RC4_128_SHA, SSL_RSA_WITH_RC4_128_MD5, TLS_EMPTY_RENEGOTIATION_INFO_SCSV]
02:20:47.251 [Test worker] DEBUG o.a.h.c.s.SSLConnectionSocketFactory - Starting handshake
02:20:47.326 [Test worker] DEBUG o.a.h.c.s.SSLConnectionSocketFactory - Secure session established
02:20:47.326 [Test worker] DEBUG o.a.h.c.s.SSLConnectionSocketFactory -  negotiated protocol: TLSv1
02:20:47.326 [Test worker] DEBUG o.a.h.c.s.SSLConnectionSocketFactory -  negotiated cipher suite: TLS_ECDHE_RSA_WITH_AES_128_CBC_SHA
02:20:47.326 [Test worker] DEBUG o.a.h.c.s.SSLConnectionSocketFactory -  peer principal: CN=Thesis
02:20:47.327 [Test worker] DEBUG o.a.h.c.s.SSLConnectionSocketFactory -  issuer principal: EMAILADDRESS=sha@yamil.com, CN=Thesis, OU=Open, O=Fra, L=BER, ST=BER, C=DE
02:20:47.327 [Test worker] DEBUG o.a.h.i.c.DefaultHttpClientConnectionOperator - Connection established 127.0.0.1:41028<->127.0.1.1:2376
02:20:47.327 [Test worker] DEBUG o.a.h.impl.execchain.MainClientExec - Executing request GET /networks HTTP/1.1
02:20:47.327 [Test worker] DEBUG o.a.h.impl.execchain.MainClientExec - Target auth state: UNCHALLENGED
02:20:47.327 [Test worker] DEBUG o.a.h.impl.execchain.MainClientExec - Proxy auth state: UNCHALLENGED
02:20:47.327 [Test worker] DEBUG org.apache.http.headers - http-outgoing-76 >> GET /networks HTTP/1.1
02:20:47.327 [Test worker] DEBUG org.apache.http.headers - http-outgoing-76 >> Accept: application/json
02:20:47.328 [Test worker] DEBUG org.apache.http.headers - http-outgoing-76 >> User-Agent: Jersey/2.23.1 (Apache HttpClient 4.5.1)
02:20:47.328 [Test worker] DEBUG org.apache.http.headers - http-outgoing-76 >> Host: Thesis:2376
02:20:47.328 [Test worker] DEBUG org.apache.http.headers - http-outgoing-76 >> Connection: Keep-Alive
02:20:47.328 [Test worker] DEBUG org.apache.http.headers - http-outgoing-76 >> Accept-Encoding: gzip,deflate
02:20:47.328 [Test worker] DEBUG org.apache.http.wire - http-outgoing-76 >> "GET /networks HTTP/1.1[\r][\n]"
02:20:47.328 [Test worker] DEBUG org.apache.http.wire - http-outgoing-76 >> "Accept: application/json[\r][\n]"
02:20:47.328 [Test worker] DEBUG org.apache.http.wire - http-outgoing-76 >> "User-Agent: Jersey/2.23.1 (Apache HttpClient 4.5.1)[\r][\n]"
02:20:47.329 [Test worker] DEBUG org.apache.http.wire - http-outgoing-76 >> "Host: Thesis:2376[\r][\n]"
02:20:47.329 [Test worker] DEBUG org.apache.http.wire - http-outgoing-76 >> "Connection: Keep-Alive[\r][\n]"
02:20:47.329 [Test worker] DEBUG org.apache.http.wire - http-outgoing-76 >> "Accept-Encoding: gzip,deflate[\r][\n]"
02:20:47.335 [Test worker] DEBUG org.apache.http.wire - http-outgoing-76 >> "[\r][\n]"
02:20:47.336 [Test worker] DEBUG org.apache.http.wire - http-outgoing-76 << "H"
02:20:47.336 [Test worker] DEBUG org.apache.http.wire - http-outgoing-76 << "TTP/1.1 200 OK[\r][\n]"
02:20:47.337 [Test worker] DEBUG org.apache.http.wire - http-outgoing-76 << "Content-Type: application/json[\r][\n]"
02:20:47.337 [Test worker] DEBUG org.apache.http.wire - http-outgoing-76 << "Server: Docker/1.12.3 (linux)[\r][\n]"
02:20:47.337 [Test worker] DEBUG org.apache.http.wire - http-outgoing-76 << "Date: Tue, 03 Jan 2017 01:20:47 GMT[\r][\n]"
02:20:47.337 [Test worker] DEBUG org.apache.http.wire - http-outgoing-76 << "Content-Length: 1100[\r][\n]"
02:20:47.337 [Test worker] DEBUG org.apache.http.wire - http-outgoing-76 << "[\r][\n]"
02:20:47.337 [Test worker] DEBUG org.apache.http.wire - http-outgoing-76 << "[{"Name":"none","Id":"4d89c194eb79cd2beb38458d10a1b98c74d6b8462af72afde29ae7aca53ed5ca","Scope":"local","Driver":"null","EnableIPv6":false,"IPAM":{"Driver":"default","Options":null,"Config":[]},"Internal":false,"Containers":{},"Options":{},"Labels":{}},{"Name":"bridge","Id":"e0d36057aa1769e9fd52ba88be81b698b495f9b6b4946d0f98f24d971a27fc98","Scope":"local","Driver":"bridge","EnableIPv6":false,"IPAM":{"Driver":"default","Options":null,"Config":[{"Subnet":"172.17.0.0/16","Gateway":"172.17.0.1"}]},"Internal":false,"Containers":{},"Options":{"com.docker.network.bridge.default_bridge":"true","com.docker.network.bridge.enable_icc":"true","com.docker.network.bridge.enable_ip_masquerade":"true","com.docker.network.bridge.host_binding_ipv4":"0.0.0.0","com.docker.network.bridge.name":"docker0","com.docker.network.driver.mtu":"1500"},"Labels":{}},{"Name":"host","Id":"fe042b0866671b5be4f097ba43830c0a02959c058702d18e18c14a24d88a357d","Scope":"local","Driver":"host","EnableIPv6":false,"IPAM":{"Driver":"default","Options":null,"Config":[]},"Internal":false,"Containers":{},"Options":{},"Labels":{}}][\n]"
02:20:47.337 [Test worker] DEBUG org.apache.http.headers - http-outgoing-76 << HTTP/1.1 200 OK
02:20:47.338 [Test worker] DEBUG org.apache.http.headers - http-outgoing-76 << Content-Type: application/json
02:20:47.338 [Test worker] DEBUG org.apache.http.headers - http-outgoing-76 << Server: Docker/1.12.3 (linux)
02:20:47.338 [Test worker] DEBUG org.apache.http.headers - http-outgoing-76 << Date: Tue, 03 Jan 2017 01:20:47 GMT
02:20:47.338 [Test worker] DEBUG org.apache.http.headers - http-outgoing-76 << Content-Length: 1100
02:20:47.340 [Test worker] DEBUG o.a.h.impl.execchain.MainClientExec - Connection can be kept alive indefinitely
02:20:47.340 [Test worker] DEBUG c.g.d.j.JerseyDockerCmdExecFactory - 4 * Client response received on thread Test worker
4 < 200
4 < Content-Length: 1100
4 < Content-Type: application/json
4 < Date: Tue, 03 Jan 2017 01:20:47 GMT
4 < Server: Docker/1.12.3 (linux)
[{"Name":"none","Id":"4d89c194eb79cd2beb38458d10a1b98c74d6b8462af72afde29ae7aca53ed5ca","Scope":"local","Driver":"null","EnableIPv6":false,"IPAM":{"Driver":"default","Options":null,"Config":[]},"Internal":false,"Containers":{},"Options":{},"Labels":{}},{"Name":"bridge","Id":"e0d36057aa1769e9fd52ba88be81b698b495f9b6b4946d0f98f24d971a27fc98","Scope":"local","Driver":"bridge","EnableIPv6":false,"IPAM":{"Driver":"default","Options":null,"Config":[{"Subnet":"172.17.0.0/16","Gateway":"172.17.0.1"}]},"Internal":false,"Containers":{},"Options":{"com.docker.network.bridge.default_bridge":"true","com.docker.network.bridge.enable_icc":"true","com.docker.network.bridge.enable_ip_masquerade":"true","com.docker.network.bridge.host_binding_ipv4":"0.0.0.0","com.docker.network.bridge.name":"docker0","com.docker.network.driver.mtu":"1500"},"Labels":{}},{"Name":"host","Id":"fe042b0866671b5be4f097ba43830c0a02959c058702d18e18c14a24d88a357d","Scope":"local","Driver":"host","EnableIPv6":false,"IPAM":{"Driver":"default","Options":null,"Config":[]},"Internal":false,"Containers":{},"Options":{},"Labels":{}}]


02:20:47.345 [Test worker] DEBUG o.a.h.i.c.DefaultManagedHttpClientConnection - http-outgoing-76: Close connection
02:20:47.345 [Test worker] DEBUG o.a.h.impl.execchain.MainClientExec - Connection discarded
02:20:47.345 [Test worker] DEBUG c.g.d.j.JerseyDockerCmdExecFactory$1 - Connection released: [id: 76][route: {s}->https://Thesis:2376][total kept alive: 1; route allocated: 1 of 2; total allocated: 1 of 20]
02:20:47.346 [Test worker] DEBUG c.g.d.core.command.AbstrDockerCmd - Cmd: com.github.dockerjava.core.util.FiltersBuilder@0,com.github.dockerjava.jaxrs.ListVolumesCmdExec@3f4bc955
02:20:47.346 [Test worker] DEBUG c.g.d.j.JerseyDockerCmdExecFactory - 5 * Sending client request on thread Test worker
5 > GET https://Thesis:2376/volumes
5 > Accept: application/json

02:20:47.347 [Test worker] DEBUG o.a.h.c.protocol.RequestAddCookies - CookieSpec selected: default
02:20:47.347 [Test worker] DEBUG o.a.h.c.protocol.RequestAuthCache - Auth cache not set in the context
02:20:47.347 [Test worker] DEBUG c.g.d.j.JerseyDockerCmdExecFactory$1 - Connection request: [route: {s}->https://Thesis:2376][total kept alive: 1; route allocated: 1 of 2; total allocated: 1 of 20]
02:20:47.347 [Test worker] DEBUG c.g.d.j.JerseyDockerCmdExecFactory$1 - Connection leased: [id: 77][route: {s}->https://Thesis:2376][total kept alive: 1; route allocated: 2 of 2; total allocated: 2 of 20]
02:20:47.347 [Test worker] DEBUG o.a.h.impl.execchain.MainClientExec - Opening connection {s}->https://Thesis:2376
02:20:47.348 [Test worker] DEBUG o.a.h.i.c.DefaultHttpClientConnectionOperator - Connecting to Thesis/127.0.1.1:2376
02:20:47.348 [Test worker] DEBUG o.a.h.c.s.SSLConnectionSocketFactory - Connecting socket to Thesis/127.0.1.1:2376 with timeout 0
02:20:47.349 [Test worker] DEBUG o.a.h.c.s.SSLConnectionSocketFactory - Enabled protocols: [TLSv1]
02:20:47.349 [Test worker] DEBUG o.a.h.c.s.SSLConnectionSocketFactory - Enabled cipher suites:[TLS_ECDHE_ECDSA_WITH_AES_128_CBC_SHA, TLS_ECDHE_RSA_WITH_AES_128_CBC_SHA, TLS_RSA_WITH_AES_128_CBC_SHA, TLS_ECDH_ECDSA_WITH_AES_128_CBC_SHA, TLS_ECDH_RSA_WITH_AES_128_CBC_SHA, TLS_DHE_RSA_WITH_AES_128_CBC_SHA, TLS_DHE_DSS_WITH_AES_128_CBC_SHA, TLS_ECDHE_ECDSA_WITH_3DES_EDE_CBC_SHA, TLS_ECDHE_RSA_WITH_3DES_EDE_CBC_SHA, SSL_RSA_WITH_3DES_EDE_CBC_SHA, TLS_ECDH_ECDSA_WITH_3DES_EDE_CBC_SHA, TLS_ECDH_RSA_WITH_3DES_EDE_CBC_SHA, SSL_DHE_RSA_WITH_3DES_EDE_CBC_SHA, SSL_DHE_DSS_WITH_3DES_EDE_CBC_SHA, TLS_ECDHE_ECDSA_WITH_RC4_128_SHA, TLS_ECDHE_RSA_WITH_RC4_128_SHA, SSL_RSA_WITH_RC4_128_SHA, TLS_ECDH_ECDSA_WITH_RC4_128_SHA, TLS_ECDH_RSA_WITH_RC4_128_SHA, SSL_RSA_WITH_RC4_128_MD5, TLS_EMPTY_RENEGOTIATION_INFO_SCSV]
02:20:47.349 [Test worker] DEBUG o.a.h.c.s.SSLConnectionSocketFactory - Starting handshake
02:20:47.415 [Test worker] DEBUG o.a.h.c.s.SSLConnectionSocketFactory - Secure session established
02:20:47.416 [Test worker] DEBUG o.a.h.c.s.SSLConnectionSocketFactory -  negotiated protocol: TLSv1
02:20:47.416 [Test worker] DEBUG o.a.h.c.s.SSLConnectionSocketFactory -  negotiated cipher suite: TLS_ECDHE_RSA_WITH_AES_128_CBC_SHA
02:20:47.416 [Test worker] DEBUG o.a.h.c.s.SSLConnectionSocketFactory -  peer principal: CN=Thesis
02:20:47.416 [Test worker] DEBUG o.a.h.c.s.SSLConnectionSocketFactory -  issuer principal: EMAILADDRESS=sha@yamil.com, CN=Thesis, OU=Open, O=Fra, L=BER, ST=BER, C=DE
02:20:47.416 [Test worker] DEBUG o.a.h.i.c.DefaultHttpClientConnectionOperator - Connection established 127.0.0.1:41030<->127.0.1.1:2376
02:20:47.417 [Test worker] DEBUG o.a.h.impl.execchain.MainClientExec - Executing request GET /volumes HTTP/1.1
02:20:47.418 [Test worker] DEBUG o.a.h.impl.execchain.MainClientExec - Target auth state: UNCHALLENGED
02:20:47.418 [Test worker] DEBUG o.a.h.impl.execchain.MainClientExec - Proxy auth state: UNCHALLENGED
02:20:47.418 [Test worker] DEBUG org.apache.http.headers - http-outgoing-77 >> GET /volumes HTTP/1.1
02:20:47.418 [Test worker] DEBUG org.apache.http.headers - http-outgoing-77 >> Accept: application/json
02:20:47.418 [Test worker] DEBUG org.apache.http.headers - http-outgoing-77 >> User-Agent: Jersey/2.23.1 (Apache HttpClient 4.5.1)
02:20:47.419 [Test worker] DEBUG org.apache.http.headers - http-outgoing-77 >> Host: Thesis:2376
02:20:47.419 [Test worker] DEBUG org.apache.http.headers - http-outgoing-77 >> Connection: Keep-Alive
02:20:47.419 [Test worker] DEBUG org.apache.http.headers - http-outgoing-77 >> Accept-Encoding: gzip,deflate
02:20:47.419 [Test worker] DEBUG org.apache.http.wire - http-outgoing-77 >> "GET /volumes HTTP/1.1[\r][\n]"
02:20:47.419 [Test worker] DEBUG org.apache.http.wire - http-outgoing-77 >> "Accept: application/json[\r][\n]"
02:20:47.419 [Test worker] DEBUG org.apache.http.wire - http-outgoing-77 >> "User-Agent: Jersey/2.23.1 (Apache HttpClient 4.5.1)[\r][\n]"
02:20:47.419 [Test worker] DEBUG org.apache.http.wire - http-outgoing-77 >> "Host: Thesis:2376[\r][\n]"
02:20:47.420 [Test worker] DEBUG org.apache.http.wire - http-outgoing-77 >> "Connection: Keep-Alive[\r][\n]"
02:20:47.420 [Test worker] DEBUG org.apache.http.wire - http-outgoing-77 >> "Accept-Encoding: gzip,deflate[\r][\n]"
02:20:47.420 [Test worker] DEBUG org.apache.http.wire - http-outgoing-77 >> "[\r][\n]"
02:20:47.420 [Test worker] DEBUG org.apache.http.wire - http-outgoing-77 << "H"
02:20:47.420 [Test worker] DEBUG org.apache.http.wire - http-outgoing-77 << "TTP/1.1 200 OK[\r][\n]"
02:20:47.421 [Test worker] DEBUG org.apache.http.wire - http-outgoing-77 << "Content-Type: application/json[\r][\n]"
02:20:47.421 [Test worker] DEBUG org.apache.http.wire - http-outgoing-77 << "Server: Docker/1.12.3 (linux)[\r][\n]"
02:20:47.421 [Test worker] DEBUG org.apache.http.wire - http-outgoing-77 << "Date: Tue, 03 Jan 2017 01:20:47 GMT[\r][\n]"
02:20:47.421 [Test worker] DEBUG org.apache.http.wire - http-outgoing-77 << "Content-Length: 33[\r][\n]"
02:20:47.421 [Test worker] DEBUG org.apache.http.wire - http-outgoing-77 << "[\r][\n]"
02:20:47.421 [Test worker] DEBUG org.apache.http.wire - http-outgoing-77 << "{"Volumes":null,"Warnings":null}[\n]"
02:20:47.423 [Test worker] DEBUG org.apache.http.headers - http-outgoing-77 << HTTP/1.1 200 OK
02:20:47.423 [Test worker] DEBUG org.apache.http.headers - http-outgoing-77 << Content-Type: application/json
02:20:47.424 [Test worker] DEBUG org.apache.http.headers - http-outgoing-77 << Server: Docker/1.12.3 (linux)
02:20:47.424 [Test worker] DEBUG org.apache.http.headers - http-outgoing-77 << Date: Tue, 03 Jan 2017 01:20:47 GMT
02:20:47.424 [Test worker] DEBUG org.apache.http.headers - http-outgoing-77 << Content-Length: 33
02:20:47.424 [Test worker] DEBUG o.a.h.impl.execchain.MainClientExec - Connection can be kept alive indefinitely
02:20:47.424 [Test worker] DEBUG c.g.d.j.JerseyDockerCmdExecFactory - 6 * Client response received on thread Test worker
6 < 200
6 < Content-Length: 33
6 < Content-Type: application/json
6 < Date: Tue, 03 Jan 2017 01:20:47 GMT
6 < Server: Docker/1.12.3 (linux)
{"Volumes":null,"Warnings":null}


02:20:47.426 [Test worker] DEBUG o.a.h.i.c.DefaultManagedHttpClientConnection - http-outgoing-77: Close connection
02:20:47.427 [Test worker] DEBUG o.a.h.impl.execchain.MainClientExec - Connection discarded
02:20:47.427 [Test worker] DEBUG c.g.d.j.JerseyDockerCmdExecFactory$1 - Connection released: [id: 77][route: {s}->https://Thesis:2376][total kept alive: 1; route allocated: 1 of 2; total allocated: 1 of 20]
02:20:47.428 [Test worker] DEBUG c.g.d.core.command.AbstrDockerCmd - Cmd: NewVolume,local,<null>,com.github.dockerjava.jaxrs.CreateVolumeCmdExec@7259f725
02:20:47.429 [Test worker] DEBUG o.a.h.c.protocol.RequestAddCookies - CookieSpec selected: default
02:20:47.435 [Test worker] DEBUG o.a.h.c.protocol.RequestAuthCache - Auth cache not set in the context
02:20:47.435 [Test worker] DEBUG c.g.d.j.JerseyDockerCmdExecFactory$1 - Connection request: [route: {s}->https://Thesis:2376][total kept alive: 1; route allocated: 1 of 2; total allocated: 1 of 20]
02:20:47.435 [Test worker] DEBUG c.g.d.j.JerseyDockerCmdExecFactory$1 - Connection leased: [id: 78][route: {s}->https://Thesis:2376][total kept alive: 1; route allocated: 2 of 2; total allocated: 2 of 20]
02:20:47.435 [Test worker] DEBUG o.a.h.impl.execchain.MainClientExec - Opening connection {s}->https://Thesis:2376
02:20:47.435 [Test worker] DEBUG o.a.h.i.c.DefaultHttpClientConnectionOperator - Connecting to Thesis/127.0.1.1:2376
02:20:47.436 [Test worker] DEBUG o.a.h.c.s.SSLConnectionSocketFactory - Connecting socket to Thesis/127.0.1.1:2376 with timeout 0
02:20:47.436 [Test worker] DEBUG o.a.h.c.s.SSLConnectionSocketFactory - Enabled protocols: [TLSv1]
02:20:47.437 [Test worker] DEBUG o.a.h.c.s.SSLConnectionSocketFactory - Enabled cipher suites:[TLS_ECDHE_ECDSA_WITH_AES_128_CBC_SHA, TLS_ECDHE_RSA_WITH_AES_128_CBC_SHA, TLS_RSA_WITH_AES_128_CBC_SHA, TLS_ECDH_ECDSA_WITH_AES_128_CBC_SHA, TLS_ECDH_RSA_WITH_AES_128_CBC_SHA, TLS_DHE_RSA_WITH_AES_128_CBC_SHA, TLS_DHE_DSS_WITH_AES_128_CBC_SHA, TLS_ECDHE_ECDSA_WITH_3DES_EDE_CBC_SHA, TLS_ECDHE_RSA_WITH_3DES_EDE_CBC_SHA, SSL_RSA_WITH_3DES_EDE_CBC_SHA, TLS_ECDH_ECDSA_WITH_3DES_EDE_CBC_SHA, TLS_ECDH_RSA_WITH_3DES_EDE_CBC_SHA, SSL_DHE_RSA_WITH_3DES_EDE_CBC_SHA, SSL_DHE_DSS_WITH_3DES_EDE_CBC_SHA, TLS_ECDHE_ECDSA_WITH_RC4_128_SHA, TLS_ECDHE_RSA_WITH_RC4_128_SHA, SSL_RSA_WITH_RC4_128_SHA, TLS_ECDH_ECDSA_WITH_RC4_128_SHA, TLS_ECDH_RSA_WITH_RC4_128_SHA, SSL_RSA_WITH_RC4_128_MD5, TLS_EMPTY_RENEGOTIATION_INFO_SCSV]
02:20:47.437 [Test worker] DEBUG o.a.h.c.s.SSLConnectionSocketFactory - Starting handshake
02:20:47.527 [Test worker] DEBUG o.a.h.c.s.SSLConnectionSocketFactory - Secure session established
02:20:47.527 [Test worker] DEBUG o.a.h.c.s.SSLConnectionSocketFactory -  negotiated protocol: TLSv1
02:20:47.527 [Test worker] DEBUG o.a.h.c.s.SSLConnectionSocketFactory -  negotiated cipher suite: TLS_ECDHE_RSA_WITH_AES_128_CBC_SHA
02:20:47.528 [Test worker] DEBUG o.a.h.c.s.SSLConnectionSocketFactory -  peer principal: CN=Thesis
02:20:47.528 [Test worker] DEBUG o.a.h.c.s.SSLConnectionSocketFactory -  issuer principal: EMAILADDRESS=sha@yamil.com, CN=Thesis, OU=Open, O=Fra, L=BER, ST=BER, C=DE
02:20:47.528 [Test worker] DEBUG o.a.h.i.c.DefaultHttpClientConnectionOperator - Connection established 127.0.0.1:41032<->127.0.1.1:2376
02:20:47.528 [Test worker] DEBUG o.a.h.impl.execchain.MainClientExec - Executing request POST /volumes/create HTTP/1.1
02:20:47.528 [Test worker] DEBUG o.a.h.impl.execchain.MainClientExec - Target auth state: UNCHALLENGED
02:20:47.529 [Test worker] DEBUG o.a.h.impl.execchain.MainClientExec - Proxy auth state: UNCHALLENGED
02:20:47.529 [Test worker] DEBUG org.apache.http.headers - http-outgoing-78 >> POST /volumes/create HTTP/1.1
02:20:47.529 [Test worker] DEBUG org.apache.http.headers - http-outgoing-78 >> Accept: application/json
02:20:47.529 [Test worker] DEBUG org.apache.http.headers - http-outgoing-78 >> Content-Type: application/json
02:20:47.529 [Test worker] DEBUG org.apache.http.headers - http-outgoing-78 >> User-Agent: Jersey/2.23.1 (Apache HttpClient 4.5.1)
02:20:47.529 [Test worker] DEBUG org.apache.http.headers - http-outgoing-78 >> Transfer-Encoding: chunked
02:20:47.529 [Test worker] DEBUG org.apache.http.headers - http-outgoing-78 >> Host: Thesis:2376
02:20:47.530 [Test worker] DEBUG org.apache.http.headers - http-outgoing-78 >> Connection: Keep-Alive
02:20:47.530 [Test worker] DEBUG org.apache.http.headers - http-outgoing-78 >> Accept-Encoding: gzip,deflate
02:20:47.531 [Test worker] DEBUG c.g.d.j.JerseyDockerCmdExecFactory - 7 * Sending client request on thread Test worker
7 > POST https://Thesis:2376/volumes/create
7 > Accept: application/json
7 > Content-Type: application/json
{"Name":"NewVolume","Driver":"local","DriverOpts":null}

02:20:47.532 [Test worker] DEBUG org.apache.http.wire - http-outgoing-78 >> "POST /volumes/create HTTP/1.1[\r][\n]"
02:20:47.532 [Test worker] DEBUG org.apache.http.wire - http-outgoing-78 >> "Accept: application/json[\r][\n]"
02:20:47.532 [Test worker] DEBUG org.apache.http.wire - http-outgoing-78 >> "Content-Type: application/json[\r][\n]"
02:20:47.532 [Test worker] DEBUG org.apache.http.wire - http-outgoing-78 >> "User-Agent: Jersey/2.23.1 (Apache HttpClient 4.5.1)[\r][\n]"
02:20:47.533 [Test worker] DEBUG org.apache.http.wire - http-outgoing-78 >> "Transfer-Encoding: chunked[\r][\n]"
02:20:47.533 [Test worker] DEBUG org.apache.http.wire - http-outgoing-78 >> "Host: Thesis:2376[\r][\n]"
02:20:47.536 [Test worker] DEBUG org.apache.http.wire - http-outgoing-78 >> "Connection: Keep-Alive[\r][\n]"
02:20:47.536 [Test worker] DEBUG org.apache.http.wire - http-outgoing-78 >> "Accept-Encoding: gzip,deflate[\r][\n]"
02:20:47.536 [Test worker] DEBUG org.apache.http.wire - http-outgoing-78 >> "[\r][\n]"
02:20:47.536 [Test worker] DEBUG org.apache.http.wire - http-outgoing-78 >> "37[\r][\n]"
02:20:47.537 [Test worker] DEBUG org.apache.http.wire - http-outgoing-78 >> "{"Name":"NewVolume","Driver":"local","DriverOpts":null}[\r][\n]"
02:20:47.537 [Test worker] DEBUG org.apache.http.wire - http-outgoing-78 >> "0[\r][\n]"
02:20:47.537 [Test worker] DEBUG org.apache.http.wire - http-outgoing-78 >> "[\r][\n]"
02:20:47.543 [Test worker] DEBUG org.apache.http.wire - http-outgoing-78 << "H"
02:20:47.548 [Test worker] DEBUG org.apache.http.wire - http-outgoing-78 << "TTP/1.1 201 Created[\r][\n]"
02:20:47.549 [Test worker] DEBUG org.apache.http.wire - http-outgoing-78 << "Content-Type: application/json[\r][\n]"
02:20:47.549 [Test worker] DEBUG org.apache.http.wire - http-outgoing-78 << "Server: Docker/1.12.3 (linux)[\r][\n]"
02:20:47.549 [Test worker] DEBUG org.apache.http.wire - http-outgoing-78 << "Date: Tue, 03 Jan 2017 01:20:47 GMT[\r][\n]"
02:20:47.550 [Test worker] DEBUG org.apache.http.wire - http-outgoing-78 << "Content-Length: 123[\r][\n]"
02:20:47.550 [Test worker] DEBUG org.apache.http.wire - http-outgoing-78 << "[\r][\n]"
02:20:47.550 [Test worker] DEBUG org.apache.http.wire - http-outgoing-78 << "{"Name":"NewVolume","Driver":"local","Mountpoint":"/var/lib/docker/volumes/NewVolume/_data","Labels":null,"Scope":"local"}[\n]"
02:20:47.550 [Test worker] DEBUG org.apache.http.headers - http-outgoing-78 << HTTP/1.1 201 Created
02:20:47.551 [Test worker] DEBUG org.apache.http.headers - http-outgoing-78 << Content-Type: application/json
02:20:47.551 [Test worker] DEBUG org.apache.http.headers - http-outgoing-78 << Server: Docker/1.12.3 (linux)
02:20:47.551 [Test worker] DEBUG org.apache.http.headers - http-outgoing-78 << Date: Tue, 03 Jan 2017 01:20:47 GMT
02:20:47.551 [Test worker] DEBUG org.apache.http.headers - http-outgoing-78 << Content-Length: 123
02:20:47.552 [Test worker] DEBUG o.a.h.impl.execchain.MainClientExec - Connection can be kept alive indefinitely
02:20:47.552 [Test worker] DEBUG c.g.d.j.JerseyDockerCmdExecFactory - 8 * Client response received on thread Test worker
8 < 201
8 < Content-Length: 123
8 < Content-Type: application/json
8 < Date: Tue, 03 Jan 2017 01:20:47 GMT
8 < Server: Docker/1.12.3 (linux)
{"Name":"NewVolume","Driver":"local","Mountpoint":"/var/lib/docker/volumes/NewVolume/_data","Labels":null,"Scope":"local"}


02:20:47.555 [Test worker] DEBUG o.a.h.i.c.DefaultManagedHttpClientConnection - http-outgoing-78: Close connection
02:20:47.556 [Test worker] DEBUG o.a.h.impl.execchain.MainClientExec - Connection discarded
02:20:47.557 [Test worker] DEBUG c.g.d.j.JerseyDockerCmdExecFactory$1 - Connection released: [id: 78][route: {s}->https://Thesis:2376][total kept alive: 1; route allocated: 1 of 2; total allocated: 1 of 20]
02:20:47.564 [Test worker] INFO  org.openbaton.docker.DockerVim - Volume 'NewVolume' created successfully
02:20:47.565 [Test worker] DEBUG c.g.d.core.command.AbstrDockerCmd - Cmd: NewVolume,com.github.dockerjava.jaxrs.InspectVolumeCmdExec@7e48ce0f
02:20:47.566 [Test worker] DEBUG c.g.d.j.JerseyDockerCmdExecFactory - 9 * Sending client request on thread Test worker
9 > GET https://Thesis:2376/volumes/NewVolume
9 > Accept: application/json

02:20:47.566 [Test worker] DEBUG o.a.h.c.protocol.RequestAddCookies - CookieSpec selected: default
02:20:47.567 [Test worker] DEBUG o.a.h.c.protocol.RequestAuthCache - Auth cache not set in the context
02:20:47.567 [Test worker] DEBUG c.g.d.j.JerseyDockerCmdExecFactory$1 - Connection request: [route: {s}->https://Thesis:2376][total kept alive: 1; route allocated: 1 of 2; total allocated: 1 of 20]
02:20:47.567 [Test worker] DEBUG c.g.d.j.JerseyDockerCmdExecFactory$1 - Connection leased: [id: 79][route: {s}->https://Thesis:2376][total kept alive: 1; route allocated: 2 of 2; total allocated: 2 of 20]
02:20:47.567 [Test worker] DEBUG o.a.h.impl.execchain.MainClientExec - Opening connection {s}->https://Thesis:2376
02:20:47.569 [Test worker] DEBUG o.a.h.i.c.DefaultHttpClientConnectionOperator - Connecting to Thesis/127.0.1.1:2376
02:20:47.569 [Test worker] DEBUG o.a.h.c.s.SSLConnectionSocketFactory - Connecting socket to Thesis/127.0.1.1:2376 with timeout 0
02:20:47.570 [Test worker] DEBUG o.a.h.c.s.SSLConnectionSocketFactory - Enabled protocols: [TLSv1]
02:20:47.570 [Test worker] DEBUG o.a.h.c.s.SSLConnectionSocketFactory - Enabled cipher suites:[TLS_ECDHE_ECDSA_WITH_AES_128_CBC_SHA, TLS_ECDHE_RSA_WITH_AES_128_CBC_SHA, TLS_RSA_WITH_AES_128_CBC_SHA, TLS_ECDH_ECDSA_WITH_AES_128_CBC_SHA, TLS_ECDH_RSA_WITH_AES_128_CBC_SHA, TLS_DHE_RSA_WITH_AES_128_CBC_SHA, TLS_DHE_DSS_WITH_AES_128_CBC_SHA, TLS_ECDHE_ECDSA_WITH_3DES_EDE_CBC_SHA, TLS_ECDHE_RSA_WITH_3DES_EDE_CBC_SHA, SSL_RSA_WITH_3DES_EDE_CBC_SHA, TLS_ECDH_ECDSA_WITH_3DES_EDE_CBC_SHA, TLS_ECDH_RSA_WITH_3DES_EDE_CBC_SHA, SSL_DHE_RSA_WITH_3DES_EDE_CBC_SHA, SSL_DHE_DSS_WITH_3DES_EDE_CBC_SHA, TLS_ECDHE_ECDSA_WITH_RC4_128_SHA, TLS_ECDHE_RSA_WITH_RC4_128_SHA, SSL_RSA_WITH_RC4_128_SHA, TLS_ECDH_ECDSA_WITH_RC4_128_SHA, TLS_ECDH_RSA_WITH_RC4_128_SHA, SSL_RSA_WITH_RC4_128_MD5, TLS_EMPTY_RENEGOTIATION_INFO_SCSV]
02:20:47.571 [Test worker] DEBUG o.a.h.c.s.SSLConnectionSocketFactory - Starting handshake
02:20:47.633 [Test worker] DEBUG o.a.h.c.s.SSLConnectionSocketFactory - Secure session established
02:20:47.633 [Test worker] DEBUG o.a.h.c.s.SSLConnectionSocketFactory -  negotiated protocol: TLSv1
02:20:47.633 [Test worker] DEBUG o.a.h.c.s.SSLConnectionSocketFactory -  negotiated cipher suite: TLS_ECDHE_RSA_WITH_AES_128_CBC_SHA
02:20:47.633 [Test worker] DEBUG o.a.h.c.s.SSLConnectionSocketFactory -  peer principal: CN=Thesis
02:20:47.634 [Test worker] DEBUG o.a.h.c.s.SSLConnectionSocketFactory -  issuer principal: EMAILADDRESS=sha@yamil.com, CN=Thesis, OU=Open, O=Fra, L=BER, ST=BER, C=DE
02:20:47.634 [Test worker] DEBUG o.a.h.i.c.DefaultHttpClientConnectionOperator - Connection established 127.0.0.1:41034<->127.0.1.1:2376
02:20:47.634 [Test worker] DEBUG o.a.h.impl.execchain.MainClientExec - Executing request GET /volumes/NewVolume HTTP/1.1
02:20:47.634 [Test worker] DEBUG o.a.h.impl.execchain.MainClientExec - Target auth state: UNCHALLENGED
02:20:47.634 [Test worker] DEBUG o.a.h.impl.execchain.MainClientExec - Proxy auth state: UNCHALLENGED
02:20:47.635 [Test worker] DEBUG org.apache.http.headers - http-outgoing-79 >> GET /volumes/NewVolume HTTP/1.1
02:20:47.635 [Test worker] DEBUG org.apache.http.headers - http-outgoing-79 >> Accept: application/json
02:20:47.635 [Test worker] DEBUG org.apache.http.headers - http-outgoing-79 >> User-Agent: Jersey/2.23.1 (Apache HttpClient 4.5.1)
02:20:47.635 [Test worker] DEBUG org.apache.http.headers - http-outgoing-79 >> Host: Thesis:2376
02:20:47.635 [Test worker] DEBUG org.apache.http.headers - http-outgoing-79 >> Connection: Keep-Alive
02:20:47.635 [Test worker] DEBUG org.apache.http.headers - http-outgoing-79 >> Accept-Encoding: gzip,deflate
02:20:47.635 [Test worker] DEBUG org.apache.http.wire - http-outgoing-79 >> "GET /volumes/NewVolume HTTP/1.1[\r][\n]"
02:20:47.635 [Test worker] DEBUG org.apache.http.wire - http-outgoing-79 >> "Accept: application/json[\r][\n]"
02:20:47.636 [Test worker] DEBUG org.apache.http.wire - http-outgoing-79 >> "User-Agent: Jersey/2.23.1 (Apache HttpClient 4.5.1)[\r][\n]"
02:20:47.636 [Test worker] DEBUG org.apache.http.wire - http-outgoing-79 >> "Host: Thesis:2376[\r][\n]"
02:20:47.636 [Test worker] DEBUG org.apache.http.wire - http-outgoing-79 >> "Connection: Keep-Alive[\r][\n]"
02:20:47.636 [Test worker] DEBUG org.apache.http.wire - http-outgoing-79 >> "Accept-Encoding: gzip,deflate[\r][\n]"
02:20:47.636 [Test worker] DEBUG org.apache.http.wire - http-outgoing-79 >> "[\r][\n]"
02:20:47.640 [Test worker] DEBUG org.apache.http.wire - http-outgoing-79 << "H"
02:20:47.640 [Test worker] DEBUG org.apache.http.wire - http-outgoing-79 << "TTP/1.1 200 OK[\r][\n]"
02:20:47.640 [Test worker] DEBUG org.apache.http.wire - http-outgoing-79 << "Content-Type: application/json[\r][\n]"
02:20:47.640 [Test worker] DEBUG org.apache.http.wire - http-outgoing-79 << "Server: Docker/1.12.3 (linux)[\r][\n]"
02:20:47.640 [Test worker] DEBUG org.apache.http.wire - http-outgoing-79 << "Date: Tue, 03 Jan 2017 01:20:47 GMT[\r][\n]"
02:20:47.641 [Test worker] DEBUG org.apache.http.wire - http-outgoing-79 << "Content-Length: 123[\r][\n]"
02:20:47.641 [Test worker] DEBUG org.apache.http.wire - http-outgoing-79 << "[\r][\n]"
02:20:47.641 [Test worker] DEBUG org.apache.http.wire - http-outgoing-79 << "{"Name":"NewVolume","Driver":"local","Mountpoint":"/var/lib/docker/volumes/NewVolume/_data","Labels":null,"Scope":"local"}[\n]"
02:20:47.641 [Test worker] DEBUG org.apache.http.headers - http-outgoing-79 << HTTP/1.1 200 OK
02:20:47.641 [Test worker] DEBUG org.apache.http.headers - http-outgoing-79 << Content-Type: application/json
02:20:47.641 [Test worker] DEBUG org.apache.http.headers - http-outgoing-79 << Server: Docker/1.12.3 (linux)
02:20:47.641 [Test worker] DEBUG org.apache.http.headers - http-outgoing-79 << Date: Tue, 03 Jan 2017 01:20:47 GMT
02:20:47.642 [Test worker] DEBUG org.apache.http.headers - http-outgoing-79 << Content-Length: 123
02:20:47.642 [Test worker] DEBUG o.a.h.impl.execchain.MainClientExec - Connection can be kept alive indefinitely
02:20:47.642 [Test worker] DEBUG c.g.d.j.JerseyDockerCmdExecFactory - 10 * Client response received on thread Test worker
10 < 200
10 < Content-Length: 123
10 < Content-Type: application/json
10 < Date: Tue, 03 Jan 2017 01:20:47 GMT
10 < Server: Docker/1.12.3 (linux)
{"Name":"NewVolume","Driver":"local","Mountpoint":"/var/lib/docker/volumes/NewVolume/_data","Labels":null,"Scope":"local"}


02:20:47.643 [Test worker] DEBUG o.a.h.i.c.DefaultManagedHttpClientConnection - http-outgoing-79: Close connection
02:20:47.644 [Test worker] DEBUG o.a.h.impl.execchain.MainClientExec - Connection discarded
02:20:47.644 [Test worker] DEBUG c.g.d.j.JerseyDockerCmdExecFactory$1 - Connection released: [id: 79][route: {s}->https://Thesis:2376][total kept alive: 1; route allocated: 1 of 2; total allocated: 1 of 20]
02:20:47.644 [Test worker] DEBUG c.g.d.core.command.AbstrDockerCmd - Cmd: -1,<null>,true,<null>,<null>,com.github.dockerjava.core.util.FiltersBuilder@0,com.github.dockerjava.jaxrs.ListContainersCmdExec@225fd7c0
02:20:47.644 [Test worker] DEBUG c.g.d.j.JerseyDockerCmdExecFactory - 11 * Sending client request on thread Test worker
11 > GET https://Thesis:2376/containers/json?all=true
11 > Accept: application/json

02:20:47.645 [Test worker] DEBUG o.a.h.c.protocol.RequestAddCookies - CookieSpec selected: default
02:20:47.645 [Test worker] DEBUG o.a.h.c.protocol.RequestAuthCache - Auth cache not set in the context
02:20:47.645 [Test worker] DEBUG c.g.d.j.JerseyDockerCmdExecFactory$1 - Connection request: [route: {s}->https://Thesis:2376][total kept alive: 1; route allocated: 1 of 2; total allocated: 1 of 20]
02:20:47.646 [Test worker] DEBUG c.g.d.j.JerseyDockerCmdExecFactory$1 - Connection leased: [id: 80][route: {s}->https://Thesis:2376][total kept alive: 1; route allocated: 2 of 2; total allocated: 2 of 20]
02:20:47.646 [Test worker] DEBUG o.a.h.impl.execchain.MainClientExec - Opening connection {s}->https://Thesis:2376
02:20:47.646 [Test worker] DEBUG o.a.h.i.c.DefaultHttpClientConnectionOperator - Connecting to Thesis/127.0.1.1:2376
02:20:47.646 [Test worker] DEBUG o.a.h.c.s.SSLConnectionSocketFactory - Connecting socket to Thesis/127.0.1.1:2376 with timeout 0
02:20:47.647 [Test worker] DEBUG o.a.h.c.s.SSLConnectionSocketFactory - Enabled protocols: [TLSv1]
02:20:47.647 [Test worker] DEBUG o.a.h.c.s.SSLConnectionSocketFactory - Enabled cipher suites:[TLS_ECDHE_ECDSA_WITH_AES_128_CBC_SHA, TLS_ECDHE_RSA_WITH_AES_128_CBC_SHA, TLS_RSA_WITH_AES_128_CBC_SHA, TLS_ECDH_ECDSA_WITH_AES_128_CBC_SHA, TLS_ECDH_RSA_WITH_AES_128_CBC_SHA, TLS_DHE_RSA_WITH_AES_128_CBC_SHA, TLS_DHE_DSS_WITH_AES_128_CBC_SHA, TLS_ECDHE_ECDSA_WITH_3DES_EDE_CBC_SHA, TLS_ECDHE_RSA_WITH_3DES_EDE_CBC_SHA, SSL_RSA_WITH_3DES_EDE_CBC_SHA, TLS_ECDH_ECDSA_WITH_3DES_EDE_CBC_SHA, TLS_ECDH_RSA_WITH_3DES_EDE_CBC_SHA, SSL_DHE_RSA_WITH_3DES_EDE_CBC_SHA, SSL_DHE_DSS_WITH_3DES_EDE_CBC_SHA, TLS_ECDHE_ECDSA_WITH_RC4_128_SHA, TLS_ECDHE_RSA_WITH_RC4_128_SHA, SSL_RSA_WITH_RC4_128_SHA, TLS_ECDH_ECDSA_WITH_RC4_128_SHA, TLS_ECDH_RSA_WITH_RC4_128_SHA, SSL_RSA_WITH_RC4_128_MD5, TLS_EMPTY_RENEGOTIATION_INFO_SCSV]
02:20:47.647 [Test worker] DEBUG o.a.h.c.s.SSLConnectionSocketFactory - Starting handshake
02:20:47.711 [Test worker] DEBUG o.a.h.c.s.SSLConnectionSocketFactory - Secure session established
02:20:47.711 [Test worker] DEBUG o.a.h.c.s.SSLConnectionSocketFactory -  negotiated protocol: TLSv1
02:20:47.711 [Test worker] DEBUG o.a.h.c.s.SSLConnectionSocketFactory -  negotiated cipher suite: TLS_ECDHE_RSA_WITH_AES_128_CBC_SHA
02:20:47.711 [Test worker] DEBUG o.a.h.c.s.SSLConnectionSocketFactory -  peer principal: CN=Thesis
02:20:47.711 [Test worker] DEBUG o.a.h.c.s.SSLConnectionSocketFactory -  issuer principal: EMAILADDRESS=sha@yamil.com, CN=Thesis, OU=Open, O=Fra, L=BER, ST=BER, C=DE
02:20:47.712 [Test worker] DEBUG o.a.h.i.c.DefaultHttpClientConnectionOperator - Connection established 127.0.0.1:41036<->127.0.1.1:2376
02:20:47.712 [Test worker] DEBUG o.a.h.impl.execchain.MainClientExec - Executing request GET /containers/json?all=true HTTP/1.1
02:20:47.712 [Test worker] DEBUG o.a.h.impl.execchain.MainClientExec - Target auth state: UNCHALLENGED
02:20:47.712 [Test worker] DEBUG o.a.h.impl.execchain.MainClientExec - Proxy auth state: UNCHALLENGED
02:20:47.712 [Test worker] DEBUG org.apache.http.headers - http-outgoing-80 >> GET /containers/json?all=true HTTP/1.1
02:20:47.712 [Test worker] DEBUG org.apache.http.headers - http-outgoing-80 >> Accept: application/json
02:20:47.713 [Test worker] DEBUG org.apache.http.headers - http-outgoing-80 >> User-Agent: Jersey/2.23.1 (Apache HttpClient 4.5.1)
02:20:47.713 [Test worker] DEBUG org.apache.http.headers - http-outgoing-80 >> Host: Thesis:2376
02:20:47.714 [Test worker] DEBUG org.apache.http.headers - http-outgoing-80 >> Connection: Keep-Alive
02:20:47.714 [Test worker] DEBUG org.apache.http.headers - http-outgoing-80 >> Accept-Encoding: gzip,deflate
02:20:47.715 [Test worker] DEBUG org.apache.http.wire - http-outgoing-80 >> "GET /containers/json?all=true HTTP/1.1[\r][\n]"
02:20:47.715 [Test worker] DEBUG org.apache.http.wire - http-outgoing-80 >> "Accept: application/json[\r][\n]"
02:20:47.715 [Test worker] DEBUG org.apache.http.wire - http-outgoing-80 >> "User-Agent: Jersey/2.23.1 (Apache HttpClient 4.5.1)[\r][\n]"
02:20:47.715 [Test worker] DEBUG org.apache.http.wire - http-outgoing-80 >> "Host: Thesis:2376[\r][\n]"
02:20:47.715 [Test worker] DEBUG org.apache.http.wire - http-outgoing-80 >> "Connection: Keep-Alive[\r][\n]"
02:20:47.715 [Test worker] DEBUG org.apache.http.wire - http-outgoing-80 >> "Accept-Encoding: gzip,deflate[\r][\n]"
02:20:47.715 [Test worker] DEBUG org.apache.http.wire - http-outgoing-80 >> "[\r][\n]"
02:20:47.716 [Test worker] DEBUG org.apache.http.wire - http-outgoing-80 << "H"
02:20:47.716 [Test worker] DEBUG org.apache.http.wire - http-outgoing-80 << "TTP/1.1 200 OK[\r][\n]"
02:20:47.716 [Test worker] DEBUG org.apache.http.wire - http-outgoing-80 << "Content-Type: application/json[\r][\n]"
02:20:47.716 [Test worker] DEBUG org.apache.http.wire - http-outgoing-80 << "Server: Docker/1.12.3 (linux)[\r][\n]"
02:20:47.716 [Test worker] DEBUG org.apache.http.wire - http-outgoing-80 << "Date: Tue, 03 Jan 2017 01:20:47 GMT[\r][\n]"
02:20:47.716 [Test worker] DEBUG org.apache.http.wire - http-outgoing-80 << "Content-Length: 3[\r][\n]"
02:20:47.716 [Test worker] DEBUG org.apache.http.wire - http-outgoing-80 << "[\r][\n]"
02:20:47.717 [Test worker] DEBUG org.apache.http.wire - http-outgoing-80 << "[][\n]"
02:20:47.717 [Test worker] DEBUG org.apache.http.headers - http-outgoing-80 << HTTP/1.1 200 OK
02:20:47.717 [Test worker] DEBUG org.apache.http.headers - http-outgoing-80 << Content-Type: application/json
02:20:47.717 [Test worker] DEBUG org.apache.http.headers - http-outgoing-80 << Server: Docker/1.12.3 (linux)
02:20:47.717 [Test worker] DEBUG org.apache.http.headers - http-outgoing-80 << Date: Tue, 03 Jan 2017 01:20:47 GMT
02:20:47.717 [Test worker] DEBUG org.apache.http.headers - http-outgoing-80 << Content-Length: 3
02:20:47.717 [Test worker] DEBUG o.a.h.impl.execchain.MainClientExec - Connection can be kept alive indefinitely
02:20:47.718 [Test worker] DEBUG c.g.d.j.JerseyDockerCmdExecFactory - 12 * Client response received on thread Test worker
12 < 200
12 < Content-Length: 3
12 < Content-Type: application/json
12 < Date: Tue, 03 Jan 2017 01:20:47 GMT
12 < Server: Docker/1.12.3 (linux)
[]


02:20:47.721 [Test worker] DEBUG c.g.d.j.JerseyDockerCmdExecFactory$1 - Connection [id: 80][route: {s}->https://Thesis:2376][state: CN=Thesis] can be kept alive indefinitely
02:20:47.721 [Test worker] DEBUG c.g.d.j.JerseyDockerCmdExecFactory$1 - Connection released: [id: 80][route: {s}->https://Thesis:2376][state: CN=Thesis][total kept alive: 2; route allocated: 2 of 2; total allocated: 2 of 20]
02:20:47.721 [Test worker] DEBUG c.g.d.core.command.AbstrDockerCmd - Cmd: com.github.dockerjava.core.util.FiltersBuilder@0,com.github.dockerjava.jaxrs.ListNetworksCmdExec@72211ec8
02:20:47.722 [Test worker] DEBUG c.g.d.j.JerseyDockerCmdExecFactory - 13 * Sending client request on thread Test worker
13 > GET https://Thesis:2376/networks
13 > Accept: application/json

02:20:47.723 [Test worker] DEBUG o.a.h.c.protocol.RequestAddCookies - CookieSpec selected: default
02:20:47.726 [Test worker] DEBUG o.a.h.c.protocol.RequestAuthCache - Auth cache not set in the context
02:20:47.726 [Test worker] DEBUG c.g.d.j.JerseyDockerCmdExecFactory$1 - Connection request: [route: {s}->https://Thesis:2376][total kept alive: 2; route allocated: 2 of 2; total allocated: 2 of 20]
02:20:47.726 [Test worker] DEBUG o.a.h.i.c.DefaultManagedHttpClientConnection - http-outgoing-75: Close connection
02:20:47.726 [Test worker] DEBUG c.g.d.j.JerseyDockerCmdExecFactory$1 - Connection leased: [id: 81][route: {s}->https://Thesis:2376][total kept alive: 1; route allocated: 2 of 2; total allocated: 2 of 20]
02:20:47.727 [Test worker] DEBUG o.a.h.impl.execchain.MainClientExec - Opening connection {s}->https://Thesis:2376
02:20:47.727 [Test worker] DEBUG o.a.h.i.c.DefaultHttpClientConnectionOperator - Connecting to Thesis/127.0.1.1:2376
02:20:47.727 [Test worker] DEBUG o.a.h.c.s.SSLConnectionSocketFactory - Connecting socket to Thesis/127.0.1.1:2376 with timeout 0
02:20:47.728 [Test worker] DEBUG o.a.h.c.s.SSLConnectionSocketFactory - Enabled protocols: [TLSv1]
02:20:47.728 [Test worker] DEBUG o.a.h.c.s.SSLConnectionSocketFactory - Enabled cipher suites:[TLS_ECDHE_ECDSA_WITH_AES_128_CBC_SHA, TLS_ECDHE_RSA_WITH_AES_128_CBC_SHA, TLS_RSA_WITH_AES_128_CBC_SHA, TLS_ECDH_ECDSA_WITH_AES_128_CBC_SHA, TLS_ECDH_RSA_WITH_AES_128_CBC_SHA, TLS_DHE_RSA_WITH_AES_128_CBC_SHA, TLS_DHE_DSS_WITH_AES_128_CBC_SHA, TLS_ECDHE_ECDSA_WITH_3DES_EDE_CBC_SHA, TLS_ECDHE_RSA_WITH_3DES_EDE_CBC_SHA, SSL_RSA_WITH_3DES_EDE_CBC_SHA, TLS_ECDH_ECDSA_WITH_3DES_EDE_CBC_SHA, TLS_ECDH_RSA_WITH_3DES_EDE_CBC_SHA, SSL_DHE_RSA_WITH_3DES_EDE_CBC_SHA, SSL_DHE_DSS_WITH_3DES_EDE_CBC_SHA, TLS_ECDHE_ECDSA_WITH_RC4_128_SHA, TLS_ECDHE_RSA_WITH_RC4_128_SHA, SSL_RSA_WITH_RC4_128_SHA, TLS_ECDH_ECDSA_WITH_RC4_128_SHA, TLS_ECDH_RSA_WITH_RC4_128_SHA, SSL_RSA_WITH_RC4_128_MD5, TLS_EMPTY_RENEGOTIATION_INFO_SCSV]
02:20:47.728 [Test worker] DEBUG o.a.h.c.s.SSLConnectionSocketFactory - Starting handshake
02:20:47.803 [Test worker] DEBUG o.a.h.c.s.SSLConnectionSocketFactory - Secure session established
02:20:47.803 [Test worker] DEBUG o.a.h.c.s.SSLConnectionSocketFactory -  negotiated protocol: TLSv1
02:20:47.803 [Test worker] DEBUG o.a.h.c.s.SSLConnectionSocketFactory -  negotiated cipher suite: TLS_ECDHE_RSA_WITH_AES_128_CBC_SHA
02:20:47.803 [Test worker] DEBUG o.a.h.c.s.SSLConnectionSocketFactory -  peer principal: CN=Thesis
02:20:47.803 [Test worker] DEBUG o.a.h.c.s.SSLConnectionSocketFactory -  issuer principal: EMAILADDRESS=sha@yamil.com, CN=Thesis, OU=Open, O=Fra, L=BER, ST=BER, C=DE
02:20:47.804 [Test worker] DEBUG o.a.h.i.c.DefaultHttpClientConnectionOperator - Connection established 127.0.0.1:41038<->127.0.1.1:2376
02:20:47.804 [Test worker] DEBUG o.a.h.impl.execchain.MainClientExec - Executing request GET /networks HTTP/1.1
02:20:47.804 [Test worker] DEBUG o.a.h.impl.execchain.MainClientExec - Target auth state: UNCHALLENGED
02:20:47.804 [Test worker] DEBUG o.a.h.impl.execchain.MainClientExec - Proxy auth state: UNCHALLENGED
02:20:47.804 [Test worker] DEBUG org.apache.http.headers - http-outgoing-81 >> GET /networks HTTP/1.1
02:20:47.804 [Test worker] DEBUG org.apache.http.headers - http-outgoing-81 >> Accept: application/json
02:20:47.804 [Test worker] DEBUG org.apache.http.headers - http-outgoing-81 >> User-Agent: Jersey/2.23.1 (Apache HttpClient 4.5.1)
02:20:47.805 [Test worker] DEBUG org.apache.http.headers - http-outgoing-81 >> Host: Thesis:2376
02:20:47.805 [Test worker] DEBUG org.apache.http.headers - http-outgoing-81 >> Connection: Keep-Alive
02:20:47.805 [Test worker] DEBUG org.apache.http.headers - http-outgoing-81 >> Accept-Encoding: gzip,deflate
02:20:47.805 [Test worker] DEBUG org.apache.http.wire - http-outgoing-81 >> "GET /networks HTTP/1.1[\r][\n]"
02:20:47.805 [Test worker] DEBUG org.apache.http.wire - http-outgoing-81 >> "Accept: application/json[\r][\n]"
02:20:47.805 [Test worker] DEBUG org.apache.http.wire - http-outgoing-81 >> "User-Agent: Jersey/2.23.1 (Apache HttpClient 4.5.1)[\r][\n]"
02:20:47.806 [Test worker] DEBUG org.apache.http.wire - http-outgoing-81 >> "Host: Thesis:2376[\r][\n]"
02:20:47.806 [Test worker] DEBUG org.apache.http.wire - http-outgoing-81 >> "Connection: Keep-Alive[\r][\n]"
02:20:47.806 [Test worker] DEBUG org.apache.http.wire - http-outgoing-81 >> "Accept-Encoding: gzip,deflate[\r][\n]"
02:20:47.806 [Test worker] DEBUG org.apache.http.wire - http-outgoing-81 >> "[\r][\n]"
02:20:47.807 [Test worker] DEBUG org.apache.http.wire - http-outgoing-81 << "H"
02:20:47.807 [Test worker] DEBUG org.apache.http.wire - http-outgoing-81 << "TTP/1.1 200 OK[\r][\n]"
02:20:47.807 [Test worker] DEBUG org.apache.http.wire - http-outgoing-81 << "Content-Type: application/json[\r][\n]"
02:20:47.807 [Test worker] DEBUG org.apache.http.wire - http-outgoing-81 << "Server: Docker/1.12.3 (linux)[\r][\n]"
02:20:47.807 [Test worker] DEBUG org.apache.http.wire - http-outgoing-81 << "Date: Tue, 03 Jan 2017 01:20:47 GMT[\r][\n]"
02:20:47.807 [Test worker] DEBUG org.apache.http.wire - http-outgoing-81 << "Content-Length: 1100[\r][\n]"
02:20:47.807 [Test worker] DEBUG org.apache.http.wire - http-outgoing-81 << "[\r][\n]"
02:20:47.808 [Test worker] DEBUG org.apache.http.wire - http-outgoing-81 << "[{"Name":"none","Id":"4d89c194eb79cd2beb38458d10a1b98c74d6b8462af72afde29ae7aca53ed5ca","Scope":"local","Driver":"null","EnableIPv6":false,"IPAM":{"Driver":"default","Options":null,"Config":[]},"Internal":false,"Containers":{},"Options":{},"Labels":{}},{"Name":"bridge","Id":"e0d36057aa1769e9fd52ba88be81b698b495f9b6b4946d0f98f24d971a27fc98","Scope":"local","Driver":"bridge","EnableIPv6":false,"IPAM":{"Driver":"default","Options":null,"Config":[{"Subnet":"172.17.0.0/16","Gateway":"172.17.0.1"}]},"Internal":false,"Containers":{},"Options":{"com.docker.network.bridge.default_bridge":"true","com.docker.network.bridge.enable_icc":"true","com.docker.network.bridge.enable_ip_masquerade":"true","com.docker.network.bridge.host_binding_ipv4":"0.0.0.0","com.docker.network.bridge.name":"docker0","com.docker.network.driver.mtu":"1500"},"Labels":{}},{"Name":"host","Id":"fe042b0866671b5be4f097ba43830c0a02959c058702d18e18c14a24d88a357d","Scope":"local","Driver":"host","EnableIPv6":false,"IPAM":{"Driver":"default","Options":null,"Config":[]},"Internal":false,"Containers":{},"Options":{},"Labels":{}}][\n]"
02:20:47.808 [Test worker] DEBUG org.apache.http.headers - http-outgoing-81 << HTTP/1.1 200 OK
02:20:47.808 [Test worker] DEBUG org.apache.http.headers - http-outgoing-81 << Content-Type: application/json
02:20:47.808 [Test worker] DEBUG org.apache.http.headers - http-outgoing-81 << Server: Docker/1.12.3 (linux)
02:20:47.809 [Test worker] DEBUG org.apache.http.headers - http-outgoing-81 << Date: Tue, 03 Jan 2017 01:20:47 GMT
02:20:47.809 [Test worker] DEBUG org.apache.http.headers - http-outgoing-81 << Content-Length: 1100
02:20:47.809 [Test worker] DEBUG o.a.h.impl.execchain.MainClientExec - Connection can be kept alive indefinitely
02:20:47.809 [Test worker] DEBUG c.g.d.j.JerseyDockerCmdExecFactory - 14 * Client response received on thread Test worker
14 < 200
14 < Content-Length: 1100
14 < Content-Type: application/json
14 < Date: Tue, 03 Jan 2017 01:20:47 GMT
14 < Server: Docker/1.12.3 (linux)
[{"Name":"none","Id":"4d89c194eb79cd2beb38458d10a1b98c74d6b8462af72afde29ae7aca53ed5ca","Scope":"local","Driver":"null","EnableIPv6":false,"IPAM":{"Driver":"default","Options":null,"Config":[]},"Internal":false,"Containers":{},"Options":{},"Labels":{}},{"Name":"bridge","Id":"e0d36057aa1769e9fd52ba88be81b698b495f9b6b4946d0f98f24d971a27fc98","Scope":"local","Driver":"bridge","EnableIPv6":false,"IPAM":{"Driver":"default","Options":null,"Config":[{"Subnet":"172.17.0.0/16","Gateway":"172.17.0.1"}]},"Internal":false,"Containers":{},"Options":{"com.docker.network.bridge.default_bridge":"true","com.docker.network.bridge.enable_icc":"true","com.docker.network.bridge.enable_ip_masquerade":"true","com.docker.network.bridge.host_binding_ipv4":"0.0.0.0","com.docker.network.bridge.name":"docker0","com.docker.network.driver.mtu":"1500"},"Labels":{}},{"Name":"host","Id":"fe042b0866671b5be4f097ba43830c0a02959c058702d18e18c14a24d88a357d","Scope":"local","Driver":"host","EnableIPv6":false,"IPAM":{"Driver":"default","Options":null,"Config":[]},"Internal":false,"Containers":{},"Options":{},"Labels":{}}]


02:20:47.811 [Test worker] DEBUG o.a.h.i.c.DefaultManagedHttpClientConnection - http-outgoing-81: Close connection
02:20:47.811 [Test worker] DEBUG o.a.h.impl.execchain.MainClientExec - Connection discarded
02:20:47.811 [Test worker] DEBUG c.g.d.j.JerseyDockerCmdExecFactory$1 - Connection released: [id: 81][route: {s}->https://Thesis:2376][total kept alive: 1; route allocated: 1 of 2; total allocated: 1 of 20]
02:20:47.811 [Test worker] DEBUG c.g.d.core.command.AbstrDockerCmd - Cmd: com.github.dockerjava.core.util.FiltersBuilder@0,com.github.dockerjava.jaxrs.ListVolumesCmdExec@3c5a720e
02:20:47.812 [Test worker] DEBUG c.g.d.j.JerseyDockerCmdExecFactory - 15 * Sending client request on thread Test worker
15 > GET https://Thesis:2376/volumes
15 > Accept: application/json

02:20:47.812 [Test worker] DEBUG o.a.h.c.protocol.RequestAddCookies - CookieSpec selected: default
02:20:47.813 [Test worker] DEBUG o.a.h.c.protocol.RequestAuthCache - Auth cache not set in the context
02:20:47.813 [Test worker] DEBUG c.g.d.j.JerseyDockerCmdExecFactory$1 - Connection request: [route: {s}->https://Thesis:2376][total kept alive: 1; route allocated: 1 of 2; total allocated: 1 of 20]
02:20:47.813 [Test worker] DEBUG c.g.d.j.JerseyDockerCmdExecFactory$1 - Connection leased: [id: 82][route: {s}->https://Thesis:2376][total kept alive: 1; route allocated: 2 of 2; total allocated: 2 of 20]
02:20:47.813 [Test worker] DEBUG o.a.h.impl.execchain.MainClientExec - Opening connection {s}->https://Thesis:2376
02:20:47.813 [Test worker] DEBUG o.a.h.i.c.DefaultHttpClientConnectionOperator - Connecting to Thesis/127.0.1.1:2376
02:20:47.813 [Test worker] DEBUG o.a.h.c.s.SSLConnectionSocketFactory - Connecting socket to Thesis/127.0.1.1:2376 with timeout 0
02:20:47.814 [Test worker] DEBUG o.a.h.c.s.SSLConnectionSocketFactory - Enabled protocols: [TLSv1]
02:20:47.814 [Test worker] DEBUG o.a.h.c.s.SSLConnectionSocketFactory - Enabled cipher suites:[TLS_ECDHE_ECDSA_WITH_AES_128_CBC_SHA, TLS_ECDHE_RSA_WITH_AES_128_CBC_SHA, TLS_RSA_WITH_AES_128_CBC_SHA, TLS_ECDH_ECDSA_WITH_AES_128_CBC_SHA, TLS_ECDH_RSA_WITH_AES_128_CBC_SHA, TLS_DHE_RSA_WITH_AES_128_CBC_SHA, TLS_DHE_DSS_WITH_AES_128_CBC_SHA, TLS_ECDHE_ECDSA_WITH_3DES_EDE_CBC_SHA, TLS_ECDHE_RSA_WITH_3DES_EDE_CBC_SHA, SSL_RSA_WITH_3DES_EDE_CBC_SHA, TLS_ECDH_ECDSA_WITH_3DES_EDE_CBC_SHA, TLS_ECDH_RSA_WITH_3DES_EDE_CBC_SHA, SSL_DHE_RSA_WITH_3DES_EDE_CBC_SHA, SSL_DHE_DSS_WITH_3DES_EDE_CBC_SHA, TLS_ECDHE_ECDSA_WITH_RC4_128_SHA, TLS_ECDHE_RSA_WITH_RC4_128_SHA, SSL_RSA_WITH_RC4_128_SHA, TLS_ECDH_ECDSA_WITH_RC4_128_SHA, TLS_ECDH_RSA_WITH_RC4_128_SHA, SSL_RSA_WITH_RC4_128_MD5, TLS_EMPTY_RENEGOTIATION_INFO_SCSV]
02:20:47.814 [Test worker] DEBUG o.a.h.c.s.SSLConnectionSocketFactory - Starting handshake
02:20:47.889 [Test worker] DEBUG o.a.h.c.s.SSLConnectionSocketFactory - Secure session established
02:20:47.890 [Test worker] DEBUG o.a.h.c.s.SSLConnectionSocketFactory -  negotiated protocol: TLSv1
02:20:47.890 [Test worker] DEBUG o.a.h.c.s.SSLConnectionSocketFactory -  negotiated cipher suite: TLS_ECDHE_RSA_WITH_AES_128_CBC_SHA
02:20:47.890 [Test worker] DEBUG o.a.h.c.s.SSLConnectionSocketFactory -  peer principal: CN=Thesis
02:20:47.890 [Test worker] DEBUG o.a.h.c.s.SSLConnectionSocketFactory -  issuer principal: EMAILADDRESS=sha@yamil.com, CN=Thesis, OU=Open, O=Fra, L=BER, ST=BER, C=DE
02:20:47.892 [Test worker] DEBUG o.a.h.i.c.DefaultHttpClientConnectionOperator - Connection established 127.0.0.1:41040<->127.0.1.1:2376
02:20:47.892 [Test worker] DEBUG o.a.h.impl.execchain.MainClientExec - Executing request GET /volumes HTTP/1.1
02:20:47.893 [Test worker] DEBUG o.a.h.impl.execchain.MainClientExec - Target auth state: UNCHALLENGED
02:20:47.893 [Test worker] DEBUG o.a.h.impl.execchain.MainClientExec - Proxy auth state: UNCHALLENGED
02:20:47.893 [Test worker] DEBUG org.apache.http.headers - http-outgoing-82 >> GET /volumes HTTP/1.1
02:20:47.893 [Test worker] DEBUG org.apache.http.headers - http-outgoing-82 >> Accept: application/json
02:20:47.893 [Test worker] DEBUG org.apache.http.headers - http-outgoing-82 >> User-Agent: Jersey/2.23.1 (Apache HttpClient 4.5.1)
02:20:47.893 [Test worker] DEBUG org.apache.http.headers - http-outgoing-82 >> Host: Thesis:2376
02:20:47.893 [Test worker] DEBUG org.apache.http.headers - http-outgoing-82 >> Connection: Keep-Alive
02:20:47.893 [Test worker] DEBUG org.apache.http.headers - http-outgoing-82 >> Accept-Encoding: gzip,deflate
02:20:47.894 [Test worker] DEBUG org.apache.http.wire - http-outgoing-82 >> "GET /volumes HTTP/1.1[\r][\n]"
02:20:47.894 [Test worker] DEBUG org.apache.http.wire - http-outgoing-82 >> "Accept: application/json[\r][\n]"
02:20:47.894 [Test worker] DEBUG org.apache.http.wire - http-outgoing-82 >> "User-Agent: Jersey/2.23.1 (Apache HttpClient 4.5.1)[\r][\n]"
02:20:47.894 [Test worker] DEBUG org.apache.http.wire - http-outgoing-82 >> "Host: Thesis:2376[\r][\n]"
02:20:47.894 [Test worker] DEBUG org.apache.http.wire - http-outgoing-82 >> "Connection: Keep-Alive[\r][\n]"
02:20:47.894 [Test worker] DEBUG org.apache.http.wire - http-outgoing-82 >> "Accept-Encoding: gzip,deflate[\r][\n]"
02:20:47.894 [Test worker] DEBUG org.apache.http.wire - http-outgoing-82 >> "[\r][\n]"
02:20:47.895 [Test worker] DEBUG org.apache.http.wire - http-outgoing-82 << "H"
02:20:47.895 [Test worker] DEBUG org.apache.http.wire - http-outgoing-82 << "TTP/1.1 200 OK[\r][\n]"
02:20:47.895 [Test worker] DEBUG org.apache.http.wire - http-outgoing-82 << "Content-Type: application/json[\r][\n]"
02:20:47.895 [Test worker] DEBUG org.apache.http.wire - http-outgoing-82 << "Server: Docker/1.12.3 (linux)[\r][\n]"
02:20:47.895 [Test worker] DEBUG org.apache.http.wire - http-outgoing-82 << "Date: Tue, 03 Jan 2017 01:20:47 GMT[\r][\n]"
02:20:47.895 [Test worker] DEBUG org.apache.http.wire - http-outgoing-82 << "Content-Length: 153[\r][\n]"
02:20:47.895 [Test worker] DEBUG org.apache.http.wire - http-outgoing-82 << "[\r][\n]"
02:20:47.896 [Test worker] DEBUG org.apache.http.wire - http-outgoing-82 << "{"Volumes":[{"Name":"NewVolume","Driver":"local","Mountpoint":"/var/lib/docker/volumes/NewVolume/_data","Labels":null,"Scope":"local"}],"Warnings":null}[\n]"
02:20:47.896 [Test worker] DEBUG org.apache.http.headers - http-outgoing-82 << HTTP/1.1 200 OK
02:20:47.896 [Test worker] DEBUG org.apache.http.headers - http-outgoing-82 << Content-Type: application/json
02:20:47.896 [Test worker] DEBUG org.apache.http.headers - http-outgoing-82 << Server: Docker/1.12.3 (linux)
02:20:47.896 [Test worker] DEBUG org.apache.http.headers - http-outgoing-82 << Date: Tue, 03 Jan 2017 01:20:47 GMT
02:20:47.896 [Test worker] DEBUG org.apache.http.headers - http-outgoing-82 << Content-Length: 153
02:20:47.896 [Test worker] DEBUG o.a.h.impl.execchain.MainClientExec - Connection can be kept alive indefinitely
02:20:47.897 [Test worker] DEBUG c.g.d.j.JerseyDockerCmdExecFactory - 16 * Client response received on thread Test worker
16 < 200
16 < Content-Length: 153
16 < Content-Type: application/json
16 < Date: Tue, 03 Jan 2017 01:20:47 GMT
16 < Server: Docker/1.12.3 (linux)
{"Volumes":[{"Name":"NewVolume","Driver":"local","Mountpoint":"/var/lib/docker/volumes/NewVolume/_data","Labels":null,"Scope":"local"}],"Warnings":null}


02:20:47.898 [Test worker] DEBUG o.a.h.i.c.DefaultManagedHttpClientConnection - http-outgoing-82: Close connection
02:20:47.899 [Test worker] DEBUG o.a.h.impl.execchain.MainClientExec - Connection discarded
02:20:47.899 [Test worker] DEBUG c.g.d.j.JerseyDockerCmdExecFactory$1 - Connection released: [id: 82][route: {s}->https://Thesis:2376][total kept alive: 1; route allocated: 1 of 2; total allocated: 1 of 20]
02:20:47.900 [Test worker] DEBUG c.g.d.core.command.AbstrDockerCmd - Cmd: NewVolume,com.github.dockerjava.jaxrs.RemoveVolumeCmdExec@3ab6ebd9
02:20:47.900 [Test worker] DEBUG c.g.d.j.JerseyDockerCmdExecFactory - 17 * Sending client request on thread Test worker
17 > DELETE https://Thesis:2376/volumes/NewVolume
17 > Accept: application/json

02:20:47.901 [Test worker] DEBUG o.a.h.c.protocol.RequestAddCookies - CookieSpec selected: default
02:20:47.901 [Test worker] DEBUG o.a.h.c.protocol.RequestAuthCache - Auth cache not set in the context
02:20:47.901 [Test worker] DEBUG c.g.d.j.JerseyDockerCmdExecFactory$1 - Connection request: [route: {s}->https://Thesis:2376][total kept alive: 1; route allocated: 1 of 2; total allocated: 1 of 20]
02:20:47.901 [Test worker] DEBUG c.g.d.j.JerseyDockerCmdExecFactory$1 - Connection leased: [id: 83][route: {s}->https://Thesis:2376][total kept alive: 1; route allocated: 2 of 2; total allocated: 2 of 20]
02:20:47.901 [Test worker] DEBUG o.a.h.impl.execchain.MainClientExec - Opening connection {s}->https://Thesis:2376
02:20:47.901 [Test worker] DEBUG o.a.h.i.c.DefaultHttpClientConnectionOperator - Connecting to Thesis/127.0.1.1:2376
02:20:47.902 [Test worker] DEBUG o.a.h.c.s.SSLConnectionSocketFactory - Connecting socket to Thesis/127.0.1.1:2376 with timeout 0
02:20:47.902 [Test worker] DEBUG o.a.h.c.s.SSLConnectionSocketFactory - Enabled protocols: [TLSv1]
02:20:47.902 [Test worker] DEBUG o.a.h.c.s.SSLConnectionSocketFactory - Enabled cipher suites:[TLS_ECDHE_ECDSA_WITH_AES_128_CBC_SHA, TLS_ECDHE_RSA_WITH_AES_128_CBC_SHA, TLS_RSA_WITH_AES_128_CBC_SHA, TLS_ECDH_ECDSA_WITH_AES_128_CBC_SHA, TLS_ECDH_RSA_WITH_AES_128_CBC_SHA, TLS_DHE_RSA_WITH_AES_128_CBC_SHA, TLS_DHE_DSS_WITH_AES_128_CBC_SHA, TLS_ECDHE_ECDSA_WITH_3DES_EDE_CBC_SHA, TLS_ECDHE_RSA_WITH_3DES_EDE_CBC_SHA, SSL_RSA_WITH_3DES_EDE_CBC_SHA, TLS_ECDH_ECDSA_WITH_3DES_EDE_CBC_SHA, TLS_ECDH_RSA_WITH_3DES_EDE_CBC_SHA, SSL_DHE_RSA_WITH_3DES_EDE_CBC_SHA, SSL_DHE_DSS_WITH_3DES_EDE_CBC_SHA, TLS_ECDHE_ECDSA_WITH_RC4_128_SHA, TLS_ECDHE_RSA_WITH_RC4_128_SHA, SSL_RSA_WITH_RC4_128_SHA, TLS_ECDH_ECDSA_WITH_RC4_128_SHA, TLS_ECDH_RSA_WITH_RC4_128_SHA, SSL_RSA_WITH_RC4_128_MD5, TLS_EMPTY_RENEGOTIATION_INFO_SCSV]
02:20:47.903 [Test worker] DEBUG o.a.h.c.s.SSLConnectionSocketFactory - Starting handshake
02:20:47.962 [Test worker] DEBUG o.a.h.c.s.SSLConnectionSocketFactory - Secure session established
02:20:47.962 [Test worker] DEBUG o.a.h.c.s.SSLConnectionSocketFactory -  negotiated protocol: TLSv1
02:20:47.962 [Test worker] DEBUG o.a.h.c.s.SSLConnectionSocketFactory -  negotiated cipher suite: TLS_ECDHE_RSA_WITH_AES_128_CBC_SHA
02:20:47.963 [Test worker] DEBUG o.a.h.c.s.SSLConnectionSocketFactory -  peer principal: CN=Thesis
02:20:47.963 [Test worker] DEBUG o.a.h.c.s.SSLConnectionSocketFactory -  issuer principal: EMAILADDRESS=sha@yamil.com, CN=Thesis, OU=Open, O=Fra, L=BER, ST=BER, C=DE
02:20:47.963 [Test worker] DEBUG o.a.h.i.c.DefaultHttpClientConnectionOperator - Connection established 127.0.0.1:41042<->127.0.1.1:2376
02:20:47.963 [Test worker] DEBUG o.a.h.impl.execchain.MainClientExec - Executing request DELETE /volumes/NewVolume HTTP/1.1
02:20:47.963 [Test worker] DEBUG o.a.h.impl.execchain.MainClientExec - Target auth state: UNCHALLENGED
02:20:47.963 [Test worker] DEBUG o.a.h.impl.execchain.MainClientExec - Proxy auth state: UNCHALLENGED
02:20:47.964 [Test worker] DEBUG org.apache.http.headers - http-outgoing-83 >> DELETE /volumes/NewVolume HTTP/1.1
02:20:47.964 [Test worker] DEBUG org.apache.http.headers - http-outgoing-83 >> Accept: application/json
02:20:47.964 [Test worker] DEBUG org.apache.http.headers - http-outgoing-83 >> User-Agent: Jersey/2.23.1 (Apache HttpClient 4.5.1)
02:20:47.964 [Test worker] DEBUG org.apache.http.headers - http-outgoing-83 >> Host: Thesis:2376
02:20:47.964 [Test worker] DEBUG org.apache.http.headers - http-outgoing-83 >> Connection: Keep-Alive
02:20:47.964 [Test worker] DEBUG org.apache.http.headers - http-outgoing-83 >> Accept-Encoding: gzip,deflate
02:20:47.967 [Test worker] DEBUG org.apache.http.wire - http-outgoing-83 >> "DELETE /volumes/NewVolume HTTP/1.1[\r][\n]"
02:20:47.967 [Test worker] DEBUG org.apache.http.wire - http-outgoing-83 >> "Accept: application/json[\r][\n]"
02:20:47.967 [Test worker] DEBUG org.apache.http.wire - http-outgoing-83 >> "User-Agent: Jersey/2.23.1 (Apache HttpClient 4.5.1)[\r][\n]"
02:20:47.967 [Test worker] DEBUG org.apache.http.wire - http-outgoing-83 >> "Host: Thesis:2376[\r][\n]"
02:20:47.968 [Test worker] DEBUG org.apache.http.wire - http-outgoing-83 >> "Connection: Keep-Alive[\r][\n]"
02:20:47.968 [Test worker] DEBUG org.apache.http.wire - http-outgoing-83 >> "Accept-Encoding: gzip,deflate[\r][\n]"
02:20:47.968 [Test worker] DEBUG org.apache.http.wire - http-outgoing-83 >> "[\r][\n]"
02:20:47.971 [Test worker] DEBUG org.apache.http.wire - http-outgoing-83 << "H"
02:20:47.971 [Test worker] DEBUG org.apache.http.wire - http-outgoing-83 << "TTP/1.1 204 No Content[\r][\n]"
02:20:47.972 [Test worker] DEBUG org.apache.http.wire - http-outgoing-83 << "Server: Docker/1.12.3 (linux)[\r][\n]"
02:20:47.972 [Test worker] DEBUG org.apache.http.wire - http-outgoing-83 << "Date: Tue, 03 Jan 2017 01:20:47 GMT[\r][\n]"
02:20:47.972 [Test worker] DEBUG org.apache.http.wire - http-outgoing-83 << "[\r][\n]"
02:20:47.972 [Test worker] DEBUG org.apache.http.headers - http-outgoing-83 << HTTP/1.1 204 No Content
02:20:47.972 [Test worker] DEBUG org.apache.http.headers - http-outgoing-83 << Server: Docker/1.12.3 (linux)
02:20:47.972 [Test worker] DEBUG org.apache.http.headers - http-outgoing-83 << Date: Tue, 03 Jan 2017 01:20:47 GMT
02:20:47.972 [Test worker] DEBUG o.a.h.impl.execchain.MainClientExec - Connection can be kept alive indefinitely
02:20:47.973 [Test worker] DEBUG c.g.d.j.JerseyDockerCmdExecFactory$1 - Connection [id: 83][route: {s}->https://Thesis:2376][state: CN=Thesis] can be kept alive indefinitely
02:20:47.973 [Test worker] DEBUG c.g.d.j.JerseyDockerCmdExecFactory$1 - Connection released: [id: 83][route: {s}->https://Thesis:2376][state: CN=Thesis][total kept alive: 2; route allocated: 2 of 2; total allocated: 2 of 20]
02:20:47.973 [Test worker] DEBUG c.g.d.j.JerseyDockerCmdExecFactory - 18 * Client response received on thread Test worker
18 < 204
18 < Date: Tue, 03 Jan 2017 01:20:47 GMT
18 < Server: Docker/1.12.3 (linux)

02:20:47.974 [Test worker] INFO  org.openbaton.docker.DockerVim - Volume 'NewVolume' deleted successfully
02:20:47.975 [Test worker] DEBUG org.openbaton.docker.DockerVim - Loading properties
02:20:47.975 [Test worker] DEBUG org.openbaton.docker.DockerVim - Loaded properties: {vim.instance.auth.url=tcp://Thesis:2376, docker.cert.path=/home/sakib/.docker, type=docker, tls.verify=true}
02:20:47.981 [Test worker] DEBUG c.g.d.core.command.AbstrDockerCmd - Cmd: -1,<null>,true,<null>,<null>,com.github.dockerjava.core.util.FiltersBuilder@0,com.github.dockerjava.jaxrs.ListContainersCmdExec@31999fe0
02:20:48.008 [Test worker] DEBUG c.g.d.j.JerseyDockerCmdExecFactory - 1 * Sending client request on thread Test worker
1 > GET https://Thesis:2376/containers/json?all=true
1 > Accept: application/json

02:20:48.009 [Test worker] DEBUG o.a.h.c.protocol.RequestAddCookies - CookieSpec selected: default
02:20:48.009 [Test worker] DEBUG o.a.h.c.protocol.RequestAuthCache - Auth cache not set in the context
02:20:48.009 [Test worker] DEBUG c.g.d.j.JerseyDockerCmdExecFactory$1 - Connection request: [route: {s}->https://Thesis:2376][total kept alive: 0; route allocated: 0 of 2; total allocated: 0 of 20]
02:20:48.009 [Test worker] DEBUG c.g.d.j.JerseyDockerCmdExecFactory$1 - Connection leased: [id: 84][route: {s}->https://Thesis:2376][total kept alive: 0; route allocated: 1 of 2; total allocated: 1 of 20]
02:20:48.010 [Test worker] DEBUG o.a.h.impl.execchain.MainClientExec - Opening connection {s}->https://Thesis:2376
02:20:48.010 [Test worker] DEBUG o.a.h.i.c.DefaultHttpClientConnectionOperator - Connecting to Thesis/127.0.1.1:2376
02:20:48.010 [Test worker] DEBUG o.a.h.c.s.SSLConnectionSocketFactory - Connecting socket to Thesis/127.0.1.1:2376 with timeout 0
02:20:48.011 [Test worker] DEBUG o.a.h.c.s.SSLConnectionSocketFactory - Enabled protocols: [TLSv1]
02:20:48.011 [Test worker] DEBUG o.a.h.c.s.SSLConnectionSocketFactory - Enabled cipher suites:[TLS_ECDHE_ECDSA_WITH_AES_128_CBC_SHA, TLS_ECDHE_RSA_WITH_AES_128_CBC_SHA, TLS_RSA_WITH_AES_128_CBC_SHA, TLS_ECDH_ECDSA_WITH_AES_128_CBC_SHA, TLS_ECDH_RSA_WITH_AES_128_CBC_SHA, TLS_DHE_RSA_WITH_AES_128_CBC_SHA, TLS_DHE_DSS_WITH_AES_128_CBC_SHA, TLS_ECDHE_ECDSA_WITH_3DES_EDE_CBC_SHA, TLS_ECDHE_RSA_WITH_3DES_EDE_CBC_SHA, SSL_RSA_WITH_3DES_EDE_CBC_SHA, TLS_ECDH_ECDSA_WITH_3DES_EDE_CBC_SHA, TLS_ECDH_RSA_WITH_3DES_EDE_CBC_SHA, SSL_DHE_RSA_WITH_3DES_EDE_CBC_SHA, SSL_DHE_DSS_WITH_3DES_EDE_CBC_SHA, TLS_ECDHE_ECDSA_WITH_RC4_128_SHA, TLS_ECDHE_RSA_WITH_RC4_128_SHA, SSL_RSA_WITH_RC4_128_SHA, TLS_ECDH_ECDSA_WITH_RC4_128_SHA, TLS_ECDH_RSA_WITH_RC4_128_SHA, SSL_RSA_WITH_RC4_128_MD5, TLS_EMPTY_RENEGOTIATION_INFO_SCSV]
02:20:48.011 [Test worker] DEBUG o.a.h.c.s.SSLConnectionSocketFactory - Starting handshake
02:20:48.071 [Test worker] DEBUG o.a.h.c.s.SSLConnectionSocketFactory - Secure session established
02:20:48.072 [Test worker] DEBUG o.a.h.c.s.SSLConnectionSocketFactory -  negotiated protocol: TLSv1
02:20:48.072 [Test worker] DEBUG o.a.h.c.s.SSLConnectionSocketFactory -  negotiated cipher suite: TLS_ECDHE_RSA_WITH_AES_128_CBC_SHA
02:20:48.072 [Test worker] DEBUG o.a.h.c.s.SSLConnectionSocketFactory -  peer principal: CN=Thesis
02:20:48.072 [Test worker] DEBUG o.a.h.c.s.SSLConnectionSocketFactory -  issuer principal: EMAILADDRESS=sha@yamil.com, CN=Thesis, OU=Open, O=Fra, L=BER, ST=BER, C=DE
02:20:48.072 [Test worker] DEBUG o.a.h.i.c.DefaultHttpClientConnectionOperator - Connection established 127.0.0.1:41044<->127.0.1.1:2376
02:20:48.072 [Test worker] DEBUG o.a.h.impl.execchain.MainClientExec - Executing request GET /containers/json?all=true HTTP/1.1
02:20:48.073 [Test worker] DEBUG o.a.h.impl.execchain.MainClientExec - Target auth state: UNCHALLENGED
02:20:48.073 [Test worker] DEBUG o.a.h.impl.execchain.MainClientExec - Proxy auth state: UNCHALLENGED
02:20:48.073 [Test worker] DEBUG org.apache.http.headers - http-outgoing-84 >> GET /containers/json?all=true HTTP/1.1
02:20:48.073 [Test worker] DEBUG org.apache.http.headers - http-outgoing-84 >> Accept: application/json
02:20:48.073 [Test worker] DEBUG org.apache.http.headers - http-outgoing-84 >> User-Agent: Jersey/2.23.1 (Apache HttpClient 4.5.1)
02:20:48.073 [Test worker] DEBUG org.apache.http.headers - http-outgoing-84 >> Host: Thesis:2376
02:20:48.073 [Test worker] DEBUG org.apache.http.headers - http-outgoing-84 >> Connection: Keep-Alive
02:20:48.074 [Test worker] DEBUG org.apache.http.headers - http-outgoing-84 >> Accept-Encoding: gzip,deflate
02:20:48.074 [Test worker] DEBUG org.apache.http.wire - http-outgoing-84 >> "GET /containers/json?all=true HTTP/1.1[\r][\n]"
02:20:48.074 [Test worker] DEBUG org.apache.http.wire - http-outgoing-84 >> "Accept: application/json[\r][\n]"
02:20:48.074 [Test worker] DEBUG org.apache.http.wire - http-outgoing-84 >> "User-Agent: Jersey/2.23.1 (Apache HttpClient 4.5.1)[\r][\n]"
02:20:48.074 [Test worker] DEBUG org.apache.http.wire - http-outgoing-84 >> "Host: Thesis:2376[\r][\n]"
02:20:48.074 [Test worker] DEBUG org.apache.http.wire - http-outgoing-84 >> "Connection: Keep-Alive[\r][\n]"
02:20:48.074 [Test worker] DEBUG org.apache.http.wire - http-outgoing-84 >> "Accept-Encoding: gzip,deflate[\r][\n]"
02:20:48.074 [Test worker] DEBUG org.apache.http.wire - http-outgoing-84 >> "[\r][\n]"
02:20:48.075 [Test worker] DEBUG org.apache.http.wire - http-outgoing-84 << "H"
02:20:48.075 [Test worker] DEBUG org.apache.http.wire - http-outgoing-84 << "TTP/1.1 200 OK[\r][\n]"
02:20:48.075 [Test worker] DEBUG org.apache.http.wire - http-outgoing-84 << "Content-Type: application/json[\r][\n]"
02:20:48.075 [Test worker] DEBUG org.apache.http.wire - http-outgoing-84 << "Server: Docker/1.12.3 (linux)[\r][\n]"
02:20:48.075 [Test worker] DEBUG org.apache.http.wire - http-outgoing-84 << "Date: Tue, 03 Jan 2017 01:20:48 GMT[\r][\n]"
02:20:48.078 [Test worker] DEBUG org.apache.http.wire - http-outgoing-84 << "Content-Length: 3[\r][\n]"
02:20:48.080 [Test worker] DEBUG org.apache.http.wire - http-outgoing-84 << "[\r][\n]"
02:20:48.080 [Test worker] DEBUG org.apache.http.wire - http-outgoing-84 << "[][\n]"
02:20:48.080 [Test worker] DEBUG org.apache.http.headers - http-outgoing-84 << HTTP/1.1 200 OK
02:20:48.080 [Test worker] DEBUG org.apache.http.headers - http-outgoing-84 << Content-Type: application/json
02:20:48.080 [Test worker] DEBUG org.apache.http.headers - http-outgoing-84 << Server: Docker/1.12.3 (linux)
02:20:48.089 [Test worker] DEBUG org.apache.http.headers - http-outgoing-84 << Date: Tue, 03 Jan 2017 01:20:48 GMT
02:20:48.089 [Test worker] DEBUG org.apache.http.headers - http-outgoing-84 << Content-Length: 3
02:20:48.089 [Test worker] DEBUG o.a.h.impl.execchain.MainClientExec - Connection can be kept alive indefinitely
02:20:48.089 [Test worker] DEBUG c.g.d.j.JerseyDockerCmdExecFactory - 2 * Client response received on thread Test worker
2 < 200
2 < Content-Length: 3
2 < Content-Type: application/json
2 < Date: Tue, 03 Jan 2017 01:20:48 GMT
2 < Server: Docker/1.12.3 (linux)
[]


02:20:48.100 [Test worker] DEBUG c.g.d.j.JerseyDockerCmdExecFactory$1 - Connection [id: 84][route: {s}->https://Thesis:2376][state: CN=Thesis] can be kept alive indefinitely
02:20:48.100 [Test worker] DEBUG c.g.d.j.JerseyDockerCmdExecFactory$1 - Connection released: [id: 84][route: {s}->https://Thesis:2376][state: CN=Thesis][total kept alive: 1; route allocated: 1 of 2; total allocated: 1 of 20]
02:20:48.107 [Test worker] DEBUG c.g.d.core.command.AbstrDockerCmd - Cmd: com.github.dockerjava.core.util.FiltersBuilder@0,com.github.dockerjava.jaxrs.ListNetworksCmdExec@3af5cfc9
02:20:48.124 [Test worker] DEBUG c.g.d.j.JerseyDockerCmdExecFactory - 3 * Sending client request on thread Test worker
3 > GET https://Thesis:2376/networks
3 > Accept: application/json

02:20:48.124 [Test worker] DEBUG o.a.h.c.protocol.RequestAddCookies - CookieSpec selected: default
02:20:48.125 [Test worker] DEBUG o.a.h.c.protocol.RequestAuthCache - Auth cache not set in the context
02:20:48.125 [Test worker] DEBUG c.g.d.j.JerseyDockerCmdExecFactory$1 - Connection request: [route: {s}->https://Thesis:2376][total kept alive: 1; route allocated: 1 of 2; total allocated: 1 of 20]
02:20:48.125 [Test worker] DEBUG c.g.d.j.JerseyDockerCmdExecFactory$1 - Connection leased: [id: 85][route: {s}->https://Thesis:2376][total kept alive: 1; route allocated: 2 of 2; total allocated: 2 of 20]
02:20:48.125 [Test worker] DEBUG o.a.h.impl.execchain.MainClientExec - Opening connection {s}->https://Thesis:2376
02:20:48.125 [Test worker] DEBUG o.a.h.i.c.DefaultHttpClientConnectionOperator - Connecting to Thesis/127.0.1.1:2376
02:20:48.125 [Test worker] DEBUG o.a.h.c.s.SSLConnectionSocketFactory - Connecting socket to Thesis/127.0.1.1:2376 with timeout 0
02:20:48.126 [Test worker] DEBUG o.a.h.c.s.SSLConnectionSocketFactory - Enabled protocols: [TLSv1]
02:20:48.126 [Test worker] DEBUG o.a.h.c.s.SSLConnectionSocketFactory - Enabled cipher suites:[TLS_ECDHE_ECDSA_WITH_AES_128_CBC_SHA, TLS_ECDHE_RSA_WITH_AES_128_CBC_SHA, TLS_RSA_WITH_AES_128_CBC_SHA, TLS_ECDH_ECDSA_WITH_AES_128_CBC_SHA, TLS_ECDH_RSA_WITH_AES_128_CBC_SHA, TLS_DHE_RSA_WITH_AES_128_CBC_SHA, TLS_DHE_DSS_WITH_AES_128_CBC_SHA, TLS_ECDHE_ECDSA_WITH_3DES_EDE_CBC_SHA, TLS_ECDHE_RSA_WITH_3DES_EDE_CBC_SHA, SSL_RSA_WITH_3DES_EDE_CBC_SHA, TLS_ECDH_ECDSA_WITH_3DES_EDE_CBC_SHA, TLS_ECDH_RSA_WITH_3DES_EDE_CBC_SHA, SSL_DHE_RSA_WITH_3DES_EDE_CBC_SHA, SSL_DHE_DSS_WITH_3DES_EDE_CBC_SHA, TLS_ECDHE_ECDSA_WITH_RC4_128_SHA, TLS_ECDHE_RSA_WITH_RC4_128_SHA, SSL_RSA_WITH_RC4_128_SHA, TLS_ECDH_ECDSA_WITH_RC4_128_SHA, TLS_ECDH_RSA_WITH_RC4_128_SHA, SSL_RSA_WITH_RC4_128_MD5, TLS_EMPTY_RENEGOTIATION_INFO_SCSV]
02:20:48.126 [Test worker] DEBUG o.a.h.c.s.SSLConnectionSocketFactory - Starting handshake
02:20:48.202 [Test worker] DEBUG o.a.h.c.s.SSLConnectionSocketFactory - Secure session established
02:20:48.202 [Test worker] DEBUG o.a.h.c.s.SSLConnectionSocketFactory -  negotiated protocol: TLSv1
02:20:48.202 [Test worker] DEBUG o.a.h.c.s.SSLConnectionSocketFactory -  negotiated cipher suite: TLS_ECDHE_RSA_WITH_AES_128_CBC_SHA
02:20:48.202 [Test worker] DEBUG o.a.h.c.s.SSLConnectionSocketFactory -  peer principal: CN=Thesis
02:20:48.211 [Test worker] DEBUG o.a.h.c.s.SSLConnectionSocketFactory -  issuer principal: EMAILADDRESS=sha@yamil.com, CN=Thesis, OU=Open, O=Fra, L=BER, ST=BER, C=DE
02:20:48.221 [Test worker] DEBUG o.a.h.i.c.DefaultHttpClientConnectionOperator - Connection established 127.0.0.1:41046<->127.0.1.1:2376
02:20:48.222 [Test worker] DEBUG o.a.h.impl.execchain.MainClientExec - Executing request GET /networks HTTP/1.1
02:20:48.222 [Test worker] DEBUG o.a.h.impl.execchain.MainClientExec - Target auth state: UNCHALLENGED
02:20:48.222 [Test worker] DEBUG o.a.h.impl.execchain.MainClientExec - Proxy auth state: UNCHALLENGED
02:20:48.222 [Test worker] DEBUG org.apache.http.headers - http-outgoing-85 >> GET /networks HTTP/1.1
02:20:48.222 [Test worker] DEBUG org.apache.http.headers - http-outgoing-85 >> Accept: application/json
02:20:48.223 [Test worker] DEBUG org.apache.http.headers - http-outgoing-85 >> User-Agent: Jersey/2.23.1 (Apache HttpClient 4.5.1)
02:20:48.223 [Test worker] DEBUG org.apache.http.headers - http-outgoing-85 >> Host: Thesis:2376
02:20:48.223 [Test worker] DEBUG org.apache.http.headers - http-outgoing-85 >> Connection: Keep-Alive
02:20:48.223 [Test worker] DEBUG org.apache.http.headers - http-outgoing-85 >> Accept-Encoding: gzip,deflate
02:20:48.223 [Test worker] DEBUG org.apache.http.wire - http-outgoing-85 >> "GET /networks HTTP/1.1[\r][\n]"
02:20:48.225 [Test worker] DEBUG org.apache.http.wire - http-outgoing-85 >> "Accept: application/json[\r][\n]"
02:20:48.226 [Test worker] DEBUG org.apache.http.wire - http-outgoing-85 >> "User-Agent: Jersey/2.23.1 (Apache HttpClient 4.5.1)[\r][\n]"
02:20:48.226 [Test worker] DEBUG org.apache.http.wire - http-outgoing-85 >> "Host: Thesis:2376[\r][\n]"
02:20:48.227 [Test worker] DEBUG org.apache.http.wire - http-outgoing-85 >> "Connection: Keep-Alive[\r][\n]"
02:20:48.227 [Test worker] DEBUG org.apache.http.wire - http-outgoing-85 >> "Accept-Encoding: gzip,deflate[\r][\n]"
02:20:48.227 [Test worker] DEBUG org.apache.http.wire - http-outgoing-85 >> "[\r][\n]"
02:20:48.227 [Test worker] DEBUG org.apache.http.wire - http-outgoing-85 << "H"
02:20:48.228 [Test worker] DEBUG org.apache.http.wire - http-outgoing-85 << "TTP/1.1 200 OK[\r][\n]"
02:20:48.228 [Test worker] DEBUG org.apache.http.wire - http-outgoing-85 << "Content-Type: application/json[\r][\n]"
02:20:48.228 [Test worker] DEBUG org.apache.http.wire - http-outgoing-85 << "Server: Docker/1.12.3 (linux)[\r][\n]"
02:20:48.228 [Test worker] DEBUG org.apache.http.wire - http-outgoing-85 << "Date: Tue, 03 Jan 2017 01:20:48 GMT[\r][\n]"
02:20:48.228 [Test worker] DEBUG org.apache.http.wire - http-outgoing-85 << "Content-Length: 1100[\r][\n]"
02:20:48.228 [Test worker] DEBUG org.apache.http.wire - http-outgoing-85 << "[\r][\n]"
02:20:48.229 [Test worker] DEBUG org.apache.http.wire - http-outgoing-85 << "[{"Name":"host","Id":"fe042b0866671b5be4f097ba43830c0a02959c058702d18e18c14a24d88a357d","Scope":"local","Driver":"host","EnableIPv6":false,"IPAM":{"Driver":"default","Options":null,"Config":[]},"Internal":false,"Containers":{},"Options":{},"Labels":{}},{"Name":"none","Id":"4d89c194eb79cd2beb38458d10a1b98c74d6b8462af72afde29ae7aca53ed5ca","Scope":"local","Driver":"null","EnableIPv6":false,"IPAM":{"Driver":"default","Options":null,"Config":[]},"Internal":false,"Containers":{},"Options":{},"Labels":{}},{"Name":"bridge","Id":"e0d36057aa1769e9fd52ba88be81b698b495f9b6b4946d0f98f24d971a27fc98","Scope":"local","Driver":"bridge","EnableIPv6":false,"IPAM":{"Driver":"default","Options":null,"Config":[{"Subnet":"172.17.0.0/16","Gateway":"172.17.0.1"}]},"Internal":false,"Containers":{},"Options":{"com.docker.network.bridge.default_bridge":"true","com.docker.network.bridge.enable_icc":"true","com.docker.network.bridge.enable_ip_masquerade":"true","com.docker.network.bridge.host_binding_ipv4":"0.0.0.0","com.docker.network.bridge.name":"docker0","com.docker.network.driver.mtu":"1500"},"Labels":{}}][\n]"
02:20:48.229 [Test worker] DEBUG org.apache.http.headers - http-outgoing-85 << HTTP/1.1 200 OK
02:20:48.229 [Test worker] DEBUG org.apache.http.headers - http-outgoing-85 << Content-Type: application/json
02:20:48.229 [Test worker] DEBUG org.apache.http.headers - http-outgoing-85 << Server: Docker/1.12.3 (linux)
02:20:48.229 [Test worker] DEBUG org.apache.http.headers - http-outgoing-85 << Date: Tue, 03 Jan 2017 01:20:48 GMT
02:20:48.235 [Test worker] DEBUG org.apache.http.headers - http-outgoing-85 << Content-Length: 1100
02:20:48.235 [Test worker] DEBUG o.a.h.impl.execchain.MainClientExec - Connection can be kept alive indefinitely
02:20:48.236 [Test worker] DEBUG c.g.d.j.JerseyDockerCmdExecFactory - 4 * Client response received on thread Test worker
4 < 200
4 < Content-Length: 1100
4 < Content-Type: application/json
4 < Date: Tue, 03 Jan 2017 01:20:48 GMT
4 < Server: Docker/1.12.3 (linux)
[{"Name":"host","Id":"fe042b0866671b5be4f097ba43830c0a02959c058702d18e18c14a24d88a357d","Scope":"local","Driver":"host","EnableIPv6":false,"IPAM":{"Driver":"default","Options":null,"Config":[]},"Internal":false,"Containers":{},"Options":{},"Labels":{}},{"Name":"none","Id":"4d89c194eb79cd2beb38458d10a1b98c74d6b8462af72afde29ae7aca53ed5ca","Scope":"local","Driver":"null","EnableIPv6":false,"IPAM":{"Driver":"default","Options":null,"Config":[]},"Internal":false,"Containers":{},"Options":{},"Labels":{}},{"Name":"bridge","Id":"e0d36057aa1769e9fd52ba88be81b698b495f9b6b4946d0f98f24d971a27fc98","Scope":"local","Driver":"bridge","EnableIPv6":false,"IPAM":{"Driver":"default","Options":null,"Config":[{"Subnet":"172.17.0.0/16","Gateway":"172.17.0.1"}]},"Internal":false,"Containers":{},"Options":{"com.docker.network.bridge.default_bridge":"true","com.docker.network.bridge.enable_icc":"true","com.docker.network.bridge.enable_ip_masquerade":"true","com.docker.network.bridge.host_binding_ipv4":"0.0.0.0","com.docker.network.bridge.name":"docker0","com.docker.network.driver.mtu":"1500"},"Labels":{}}]


02:20:48.240 [Test worker] DEBUG o.a.h.i.c.DefaultManagedHttpClientConnection - http-outgoing-85: Close connection
02:20:48.240 [Test worker] DEBUG o.a.h.impl.execchain.MainClientExec - Connection discarded
02:20:48.240 [Test worker] DEBUG c.g.d.j.JerseyDockerCmdExecFactory$1 - Connection released: [id: 85][route: {s}->https://Thesis:2376][total kept alive: 1; route allocated: 1 of 2; total allocated: 1 of 20]
02:20:48.241 [Test worker] DEBUG c.g.d.core.command.AbstrDockerCmd - Cmd: com.github.dockerjava.core.util.FiltersBuilder@0,com.github.dockerjava.jaxrs.ListVolumesCmdExec@37342445
02:20:48.241 [Test worker] DEBUG c.g.d.j.JerseyDockerCmdExecFactory - 5 * Sending client request on thread Test worker
5 > GET https://Thesis:2376/volumes
5 > Accept: application/json

02:20:48.242 [Test worker] DEBUG o.a.h.c.protocol.RequestAddCookies - CookieSpec selected: default
02:20:48.242 [Test worker] DEBUG o.a.h.c.protocol.RequestAuthCache - Auth cache not set in the context
02:20:48.242 [Test worker] DEBUG c.g.d.j.JerseyDockerCmdExecFactory$1 - Connection request: [route: {s}->https://Thesis:2376][total kept alive: 1; route allocated: 1 of 2; total allocated: 1 of 20]
02:20:48.242 [Test worker] DEBUG c.g.d.j.JerseyDockerCmdExecFactory$1 - Connection leased: [id: 86][route: {s}->https://Thesis:2376][total kept alive: 1; route allocated: 2 of 2; total allocated: 2 of 20]
02:20:48.242 [Test worker] DEBUG o.a.h.impl.execchain.MainClientExec - Opening connection {s}->https://Thesis:2376
02:20:48.242 [Test worker] DEBUG o.a.h.i.c.DefaultHttpClientConnectionOperator - Connecting to Thesis/127.0.1.1:2376
02:20:48.242 [Test worker] DEBUG o.a.h.c.s.SSLConnectionSocketFactory - Connecting socket to Thesis/127.0.1.1:2376 with timeout 0
02:20:48.243 [Test worker] DEBUG o.a.h.c.s.SSLConnectionSocketFactory - Enabled protocols: [TLSv1]
02:20:48.243 [Test worker] DEBUG o.a.h.c.s.SSLConnectionSocketFactory - Enabled cipher suites:[TLS_ECDHE_ECDSA_WITH_AES_128_CBC_SHA, TLS_ECDHE_RSA_WITH_AES_128_CBC_SHA, TLS_RSA_WITH_AES_128_CBC_SHA, TLS_ECDH_ECDSA_WITH_AES_128_CBC_SHA, TLS_ECDH_RSA_WITH_AES_128_CBC_SHA, TLS_DHE_RSA_WITH_AES_128_CBC_SHA, TLS_DHE_DSS_WITH_AES_128_CBC_SHA, TLS_ECDHE_ECDSA_WITH_3DES_EDE_CBC_SHA, TLS_ECDHE_RSA_WITH_3DES_EDE_CBC_SHA, SSL_RSA_WITH_3DES_EDE_CBC_SHA, TLS_ECDH_ECDSA_WITH_3DES_EDE_CBC_SHA, TLS_ECDH_RSA_WITH_3DES_EDE_CBC_SHA, SSL_DHE_RSA_WITH_3DES_EDE_CBC_SHA, SSL_DHE_DSS_WITH_3DES_EDE_CBC_SHA, TLS_ECDHE_ECDSA_WITH_RC4_128_SHA, TLS_ECDHE_RSA_WITH_RC4_128_SHA, SSL_RSA_WITH_RC4_128_SHA, TLS_ECDH_ECDSA_WITH_RC4_128_SHA, TLS_ECDH_RSA_WITH_RC4_128_SHA, SSL_RSA_WITH_RC4_128_MD5, TLS_EMPTY_RENEGOTIATION_INFO_SCSV]
02:20:48.243 [Test worker] DEBUG o.a.h.c.s.SSLConnectionSocketFactory - Starting handshake
02:20:48.303 [Test worker] DEBUG o.a.h.c.s.SSLConnectionSocketFactory - Secure session established
02:20:48.303 [Test worker] DEBUG o.a.h.c.s.SSLConnectionSocketFactory -  negotiated protocol: TLSv1
02:20:48.303 [Test worker] DEBUG o.a.h.c.s.SSLConnectionSocketFactory -  negotiated cipher suite: TLS_ECDHE_RSA_WITH_AES_128_CBC_SHA
02:20:48.303 [Test worker] DEBUG o.a.h.c.s.SSLConnectionSocketFactory -  peer principal: CN=Thesis
02:20:48.303 [Test worker] DEBUG o.a.h.c.s.SSLConnectionSocketFactory -  issuer principal: EMAILADDRESS=sha@yamil.com, CN=Thesis, OU=Open, O=Fra, L=BER, ST=BER, C=DE
02:20:48.304 [Test worker] DEBUG o.a.h.i.c.DefaultHttpClientConnectionOperator - Connection established 127.0.0.1:41048<->127.0.1.1:2376
02:20:48.304 [Test worker] DEBUG o.a.h.impl.execchain.MainClientExec - Executing request GET /volumes HTTP/1.1
02:20:48.304 [Test worker] DEBUG o.a.h.impl.execchain.MainClientExec - Target auth state: UNCHALLENGED
02:20:48.304 [Test worker] DEBUG o.a.h.impl.execchain.MainClientExec - Proxy auth state: UNCHALLENGED
02:20:48.304 [Test worker] DEBUG org.apache.http.headers - http-outgoing-86 >> GET /volumes HTTP/1.1
02:20:48.304 [Test worker] DEBUG org.apache.http.headers - http-outgoing-86 >> Accept: application/json
02:20:48.304 [Test worker] DEBUG org.apache.http.headers - http-outgoing-86 >> User-Agent: Jersey/2.23.1 (Apache HttpClient 4.5.1)
02:20:48.304 [Test worker] DEBUG org.apache.http.headers - http-outgoing-86 >> Host: Thesis:2376
02:20:48.305 [Test worker] DEBUG org.apache.http.headers - http-outgoing-86 >> Connection: Keep-Alive
02:20:48.305 [Test worker] DEBUG org.apache.http.headers - http-outgoing-86 >> Accept-Encoding: gzip,deflate
02:20:48.305 [Test worker] DEBUG org.apache.http.wire - http-outgoing-86 >> "GET /volumes HTTP/1.1[\r][\n]"
02:20:48.305 [Test worker] DEBUG org.apache.http.wire - http-outgoing-86 >> "Accept: application/json[\r][\n]"
02:20:48.305 [Test worker] DEBUG org.apache.http.wire - http-outgoing-86 >> "User-Agent: Jersey/2.23.1 (Apache HttpClient 4.5.1)[\r][\n]"
02:20:48.305 [Test worker] DEBUG org.apache.http.wire - http-outgoing-86 >> "Host: Thesis:2376[\r][\n]"
02:20:48.305 [Test worker] DEBUG org.apache.http.wire - http-outgoing-86 >> "Connection: Keep-Alive[\r][\n]"
02:20:48.305 [Test worker] DEBUG org.apache.http.wire - http-outgoing-86 >> "Accept-Encoding: gzip,deflate[\r][\n]"
02:20:48.305 [Test worker] DEBUG org.apache.http.wire - http-outgoing-86 >> "[\r][\n]"
02:20:48.306 [Test worker] DEBUG org.apache.http.wire - http-outgoing-86 << "H"
02:20:48.306 [Test worker] DEBUG org.apache.http.wire - http-outgoing-86 << "TTP/1.1 200 OK[\r][\n]"
02:20:48.306 [Test worker] DEBUG org.apache.http.wire - http-outgoing-86 << "Content-Type: application/json[\r][\n]"
02:20:48.306 [Test worker] DEBUG org.apache.http.wire - http-outgoing-86 << "Server: Docker/1.12.3 (linux)[\r][\n]"
02:20:48.306 [Test worker] DEBUG org.apache.http.wire - http-outgoing-86 << "Date: Tue, 03 Jan 2017 01:20:48 GMT[\r][\n]"
02:20:48.306 [Test worker] DEBUG org.apache.http.wire - http-outgoing-86 << "Content-Length: 33[\r][\n]"
02:20:48.306 [Test worker] DEBUG org.apache.http.wire - http-outgoing-86 << "[\r][\n]"
02:20:48.307 [Test worker] DEBUG org.apache.http.wire - http-outgoing-86 << "{"Volumes":null,"Warnings":null}[\n]"
02:20:48.307 [Test worker] DEBUG org.apache.http.headers - http-outgoing-86 << HTTP/1.1 200 OK
02:20:48.307 [Test worker] DEBUG org.apache.http.headers - http-outgoing-86 << Content-Type: application/json
02:20:48.307 [Test worker] DEBUG org.apache.http.headers - http-outgoing-86 << Server: Docker/1.12.3 (linux)
02:20:48.307 [Test worker] DEBUG org.apache.http.headers - http-outgoing-86 << Date: Tue, 03 Jan 2017 01:20:48 GMT
02:20:48.307 [Test worker] DEBUG org.apache.http.headers - http-outgoing-86 << Content-Length: 33
02:20:48.307 [Test worker] DEBUG o.a.h.impl.execchain.MainClientExec - Connection can be kept alive indefinitely
02:20:48.308 [Test worker] DEBUG c.g.d.j.JerseyDockerCmdExecFactory - 6 * Client response received on thread Test worker
6 < 200
6 < Content-Length: 33
6 < Content-Type: application/json
6 < Date: Tue, 03 Jan 2017 01:20:48 GMT
6 < Server: Docker/1.12.3 (linux)
{"Volumes":null,"Warnings":null}


02:20:48.310 [Test worker] DEBUG o.a.h.i.c.DefaultManagedHttpClientConnection - http-outgoing-86: Close connection
02:20:48.310 [Test worker] DEBUG o.a.h.impl.execchain.MainClientExec - Connection discarded
02:20:48.310 [Test worker] DEBUG c.g.d.j.JerseyDockerCmdExecFactory$1 - Connection released: [id: 86][route: {s}->https://Thesis:2376][total kept alive: 1; route allocated: 1 of 2; total allocated: 1 of 20]
02:20:48.310 [Test worker] DEBUG c.g.d.core.command.AbstrDockerCmd - Cmd: ListImagesCmdImpl[imageNameFilter=<null>,showAll=true,filters=com.github.dockerjava.core.util.FiltersBuilder@0,execution=com.github.dockerjava.jaxrs.ListImagesCmdExec@4a9a6cc8]
02:20:48.311 [Test worker] DEBUG c.g.d.j.JerseyDockerCmdExecFactory - 7 * Sending client request on thread Test worker
7 > GET https://Thesis:2376/images/json?all=true
7 > Accept: application/json

02:20:48.311 [Test worker] DEBUG o.a.h.c.protocol.RequestAddCookies - CookieSpec selected: default
02:20:48.312 [Test worker] DEBUG o.a.h.c.protocol.RequestAuthCache - Auth cache not set in the context
02:20:48.312 [Test worker] DEBUG c.g.d.j.JerseyDockerCmdExecFactory$1 - Connection request: [route: {s}->https://Thesis:2376][total kept alive: 1; route allocated: 1 of 2; total allocated: 1 of 20]
02:20:48.312 [Test worker] DEBUG c.g.d.j.JerseyDockerCmdExecFactory$1 - Connection leased: [id: 87][route: {s}->https://Thesis:2376][total kept alive: 1; route allocated: 2 of 2; total allocated: 2 of 20]
02:20:48.312 [Test worker] DEBUG o.a.h.impl.execchain.MainClientExec - Opening connection {s}->https://Thesis:2376
02:20:48.312 [Test worker] DEBUG o.a.h.i.c.DefaultHttpClientConnectionOperator - Connecting to Thesis/127.0.1.1:2376
02:20:48.312 [Test worker] DEBUG o.a.h.c.s.SSLConnectionSocketFactory - Connecting socket to Thesis/127.0.1.1:2376 with timeout 0
02:20:48.313 [Test worker] DEBUG o.a.h.c.s.SSLConnectionSocketFactory - Enabled protocols: [TLSv1]
02:20:48.313 [Test worker] DEBUG o.a.h.c.s.SSLConnectionSocketFactory - Enabled cipher suites:[TLS_ECDHE_ECDSA_WITH_AES_128_CBC_SHA, TLS_ECDHE_RSA_WITH_AES_128_CBC_SHA, TLS_RSA_WITH_AES_128_CBC_SHA, TLS_ECDH_ECDSA_WITH_AES_128_CBC_SHA, TLS_ECDH_RSA_WITH_AES_128_CBC_SHA, TLS_DHE_RSA_WITH_AES_128_CBC_SHA, TLS_DHE_DSS_WITH_AES_128_CBC_SHA, TLS_ECDHE_ECDSA_WITH_3DES_EDE_CBC_SHA, TLS_ECDHE_RSA_WITH_3DES_EDE_CBC_SHA, SSL_RSA_WITH_3DES_EDE_CBC_SHA, TLS_ECDH_ECDSA_WITH_3DES_EDE_CBC_SHA, TLS_ECDH_RSA_WITH_3DES_EDE_CBC_SHA, SSL_DHE_RSA_WITH_3DES_EDE_CBC_SHA, SSL_DHE_DSS_WITH_3DES_EDE_CBC_SHA, TLS_ECDHE_ECDSA_WITH_RC4_128_SHA, TLS_ECDHE_RSA_WITH_RC4_128_SHA, SSL_RSA_WITH_RC4_128_SHA, TLS_ECDH_ECDSA_WITH_RC4_128_SHA, TLS_ECDH_RSA_WITH_RC4_128_SHA, SSL_RSA_WITH_RC4_128_MD5, TLS_EMPTY_RENEGOTIATION_INFO_SCSV]
02:20:48.313 [Test worker] DEBUG o.a.h.c.s.SSLConnectionSocketFactory - Starting handshake
02:20:48.390 [Test worker] DEBUG o.a.h.c.s.SSLConnectionSocketFactory - Secure session established
02:20:48.390 [Test worker] DEBUG o.a.h.c.s.SSLConnectionSocketFactory -  negotiated protocol: TLSv1
02:20:48.390 [Test worker] DEBUG o.a.h.c.s.SSLConnectionSocketFactory -  negotiated cipher suite: TLS_ECDHE_RSA_WITH_AES_128_CBC_SHA
02:20:48.391 [Test worker] DEBUG o.a.h.c.s.SSLConnectionSocketFactory -  peer principal: CN=Thesis
02:20:48.391 [Test worker] DEBUG o.a.h.c.s.SSLConnectionSocketFactory -  issuer principal: EMAILADDRESS=sha@yamil.com, CN=Thesis, OU=Open, O=Fra, L=BER, ST=BER, C=DE
02:20:48.391 [Test worker] DEBUG o.a.h.i.c.DefaultHttpClientConnectionOperator - Connection established 127.0.0.1:41050<->127.0.1.1:2376
02:20:48.391 [Test worker] DEBUG o.a.h.impl.execchain.MainClientExec - Executing request GET /images/json?all=true HTTP/1.1
02:20:48.391 [Test worker] DEBUG o.a.h.impl.execchain.MainClientExec - Target auth state: UNCHALLENGED
02:20:48.391 [Test worker] DEBUG o.a.h.impl.execchain.MainClientExec - Proxy auth state: UNCHALLENGED
02:20:48.391 [Test worker] DEBUG org.apache.http.headers - http-outgoing-87 >> GET /images/json?all=true HTTP/1.1
02:20:48.392 [Test worker] DEBUG org.apache.http.headers - http-outgoing-87 >> Accept: application/json
02:20:48.392 [Test worker] DEBUG org.apache.http.headers - http-outgoing-87 >> User-Agent: Jersey/2.23.1 (Apache HttpClient 4.5.1)
02:20:48.392 [Test worker] DEBUG org.apache.http.headers - http-outgoing-87 >> Host: Thesis:2376
02:20:48.392 [Test worker] DEBUG org.apache.http.headers - http-outgoing-87 >> Connection: Keep-Alive
02:20:48.392 [Test worker] DEBUG org.apache.http.headers - http-outgoing-87 >> Accept-Encoding: gzip,deflate
02:20:48.392 [Test worker] DEBUG org.apache.http.wire - http-outgoing-87 >> "GET /images/json?all=true HTTP/1.1[\r][\n]"
02:20:48.392 [Test worker] DEBUG org.apache.http.wire - http-outgoing-87 >> "Accept: application/json[\r][\n]"
02:20:48.392 [Test worker] DEBUG org.apache.http.wire - http-outgoing-87 >> "User-Agent: Jersey/2.23.1 (Apache HttpClient 4.5.1)[\r][\n]"
02:20:48.392 [Test worker] DEBUG org.apache.http.wire - http-outgoing-87 >> "Host: Thesis:2376[\r][\n]"
02:20:48.393 [Test worker] DEBUG org.apache.http.wire - http-outgoing-87 >> "Connection: Keep-Alive[\r][\n]"
02:20:48.393 [Test worker] DEBUG org.apache.http.wire - http-outgoing-87 >> "Accept-Encoding: gzip,deflate[\r][\n]"
02:20:48.393 [Test worker] DEBUG org.apache.http.wire - http-outgoing-87 >> "[\r][\n]"
02:20:48.394 [Test worker] DEBUG org.apache.http.wire - http-outgoing-87 << "H"
02:20:48.394 [Test worker] DEBUG org.apache.http.wire - http-outgoing-87 << "TTP/1.1 200 OK[\r][\n]"
02:20:48.394 [Test worker] DEBUG org.apache.http.wire - http-outgoing-87 << "Content-Type: application/json[\r][\n]"
02:20:48.394 [Test worker] DEBUG org.apache.http.wire - http-outgoing-87 << "Server: Docker/1.12.3 (linux)[\r][\n]"
02:20:48.394 [Test worker] DEBUG org.apache.http.wire - http-outgoing-87 << "Date: Tue, 03 Jan 2017 01:20:48 GMT[\r][\n]"
02:20:48.394 [Test worker] DEBUG org.apache.http.wire - http-outgoing-87 << "Content-Length: 1195[\r][\n]"
02:20:48.394 [Test worker] DEBUG org.apache.http.wire - http-outgoing-87 << "[\r][\n]"
02:20:48.395 [Test worker] DEBUG org.apache.http.wire - http-outgoing-87 << "[{"Id":"sha256:4ca3a192ff2a5b7e225e81dc006b6379c10776ed3619757a65608cb72de0a7f6","ParentId":"","RepoTags":["ubuntu:latest"],"RepoDigests":["ubuntu@sha256:3b64c309deae7ab0f7dbdd42b6b326261ccd6261da5d88396439353162703fb5"],"Created":1480449877,"Size":128206574,"VirtualSize":128206574,"Labels":{}},{"Id":"sha256:aae2b63c49461fcae4962e4a8043f66acf8e3af7e62f5ebceb70b181d8ca01e0","ParentId":"","RepoTags":["ubuntu:14.04"],"RepoDigests":["ubuntu@sha256:edb984703bd3e8981ff541a5b9297ca1b81fde6e6e8094d86e390a38ebc30b4d"],"Created":1480449856,"Size":187952254,"VirtualSize":187952254,"Labels":{}},{"Id":"sha256:e02e811dd08fd49e7f6032625495118e63f597eb150403d02e3238af1df240ba","ParentId":"","RepoTags":["busybox:latest"],"RepoDigests":["busybox@sha256:29f5d56d12684887bdfa50dcd29fc31eea4aaf4ad3bec43daf19026a7ce69912"],"Created":1475874238,"Size":1093484,"VirtualSize":1093484,"Labels":{}},{"Id":"sha256:d654de4499473ed41349b54a988b6f46a7fc92e3fa2d61e102bf2660a0116e25","ParentId":"","RepoTags":["sakib37/iperf3:latest"],"RepoDigests":["sakib37/iperf3@sha256:8d80a810f8f508c074b14d02555f20110eac382c8dbda7252075392983629d40"],"Created":1474907599,"Size":199456654,"VirtualSize":199456654,"Labels":{}}][\n]"
02:20:48.395 [Test worker] DEBUG org.apache.http.headers - http-outgoing-87 << HTTP/1.1 200 OK
02:20:48.395 [Test worker] DEBUG org.apache.http.headers - http-outgoing-87 << Content-Type: application/json
02:20:48.395 [Test worker] DEBUG org.apache.http.headers - http-outgoing-87 << Server: Docker/1.12.3 (linux)
02:20:48.395 [Test worker] DEBUG org.apache.http.headers - http-outgoing-87 << Date: Tue, 03 Jan 2017 01:20:48 GMT
02:20:48.395 [Test worker] DEBUG org.apache.http.headers - http-outgoing-87 << Content-Length: 1195
02:20:48.395 [Test worker] DEBUG o.a.h.impl.execchain.MainClientExec - Connection can be kept alive indefinitely
02:20:48.396 [Test worker] DEBUG c.g.d.j.JerseyDockerCmdExecFactory - 8 * Client response received on thread Test worker
8 < 200
8 < Content-Length: 1195
8 < Content-Type: application/json
8 < Date: Tue, 03 Jan 2017 01:20:48 GMT
8 < Server: Docker/1.12.3 (linux)
[{"Id":"sha256:4ca3a192ff2a5b7e225e81dc006b6379c10776ed3619757a65608cb72de0a7f6","ParentId":"","RepoTags":["ubuntu:latest"],"RepoDigests":["ubuntu@sha256:3b64c309deae7ab0f7dbdd42b6b326261ccd6261da5d88396439353162703fb5"],"Created":1480449877,"Size":128206574,"VirtualSize":128206574,"Labels":{}},{"Id":"sha256:aae2b63c49461fcae4962e4a8043f66acf8e3af7e62f5ebceb70b181d8ca01e0","ParentId":"","RepoTags":["ubuntu:14.04"],"RepoDigests":["ubuntu@sha256:edb984703bd3e8981ff541a5b9297ca1b81fde6e6e8094d86e390a38ebc30b4d"],"Created":1480449856,"Size":187952254,"VirtualSize":187952254,"Labels":{}},{"Id":"sha256:e02e811dd08fd49e7f6032625495118e63f597eb150403d02e3238af1df240ba","ParentId":"","RepoTags":["busybox:latest"],"RepoDigests":["busybox@sha256:29f5d56d12684887bdfa50dcd29fc31eea4aaf4ad3bec43daf19026a7ce69912"],"Created":1475874238,"Size":1093484,"VirtualSize":1093484,"Labels":{}},{"Id":"sha256:d654de4499473ed41349b54a988b6f46a7fc92e3fa2d61e102bf2660a0116e25","ParentId":"","RepoTags":["sakib37/iperf3:latest"],"RepoDigests":["sakib37/iperf3@sha256:8d80a810f8f508c074b14d02555f20110eac382c8dbda7252075392983629d40"],"Created":1474907599,"Size":199456654,"VirtualSize":199456654,"Labels":{}}]


02:20:48.398 [Test worker] DEBUG o.a.h.i.c.DefaultManagedHttpClientConnection - http-outgoing-87: Close connection
02:20:48.398 [Test worker] DEBUG o.a.h.impl.execchain.MainClientExec - Connection discarded
02:20:48.398 [Test worker] DEBUG c.g.d.j.JerseyDockerCmdExecFactory$1 - Connection released: [id: 87][route: {s}->https://Thesis:2376][total kept alive: 1; route allocated: 1 of 2; total allocated: 1 of 20]
02:20:48.399 [Test worker] DEBUG c.g.d.core.command.AbstrDockerCmd - Cmd: com.github.dockerjava.core.command.CreateContainerCmdImpl@3105e269[name=MyContainer,hostName=MyContainer,domainName=<null>,user=<null>,attachStdin=<null>,attachStdout=<null>,attachStderr=<null>,portSpecs=<null>,tty=<null>,stdinOpen=<null>,stdInOnce=<null>,env={TERM=xterm},cmd={sleep,99999},entrypoint=<null>,image=ubuntu:14.04,volumes=com.github.dockerjava.api.model.Volumes@795374a3,workingDir=<null>,macAddress=<null>,networkDisabled=<null>,exposedPorts=com.github.dockerjava.api.model.ExposedPorts@560eb78f,stopSignal=<null>,hostConfig=com.github.dockerjava.api.model.HostConfig@6035396c[binds=<null>,blkioWeight=<null>,blkioWeightDevice=<null>,blkioDeviceReadBps=<null>,blkioDeviceReadIOps=<null>,blkioDeviceWriteBps=<null>,blkioDeviceWriteIOps=<null>,memorySwappiness=<null>,capAdd=<null>,capDrop=<null>,containerIDFile=<null>,cpuPeriod=<null>,cpuShares=<null>,cpuQuota=<null>,cpusetCpus=<null>,cpusetMems=<null>,devices=<null>,dns=<null>,dnsSearch=<null>,extraHosts=<null>,links=<null>,logConfig=<null>,lxcConf=<null>,memory=<null>,memorySwap=<null>,memoryReservation=<null>,kernelMemory=<null>,networkMode=<null>,oomKillDisable=<null>,oomScoreAdj=<null>,portBindings={8084/tcp=[Lcom.github.dockerjava.api.model.Ports$Binding;@480101a7},privileged=<null>,publishAllPorts=<null>,readonlyRootfs=<null>,restartPolicy=<null>,ulimits=<null>,volumesFrom=<null>,pidMode=<null>,securityOpts=<null>,cgroupParent=<null>,volumeDriver=<null>,shmSize=<null>],labels=<null>,networkingConfig=<null>,ipv4Address=<null>,ipv6Address=<null>,aliases=<null>,execution=com.github.dockerjava.jaxrs.CreateContainerCmdExec@6e0d3322]
02:20:48.401 [Test worker] DEBUG o.a.h.c.protocol.RequestAddCookies - CookieSpec selected: default
02:20:48.401 [Test worker] DEBUG o.a.h.c.protocol.RequestAuthCache - Auth cache not set in the context
02:20:48.401 [Test worker] DEBUG c.g.d.j.JerseyDockerCmdExecFactory$1 - Connection request: [route: {s}->https://Thesis:2376][total kept alive: 1; route allocated: 1 of 2; total allocated: 1 of 20]
02:20:48.401 [Test worker] DEBUG c.g.d.j.JerseyDockerCmdExecFactory$1 - Connection leased: [id: 88][route: {s}->https://Thesis:2376][total kept alive: 1; route allocated: 2 of 2; total allocated: 2 of 20]
02:20:48.401 [Test worker] DEBUG o.a.h.impl.execchain.MainClientExec - Opening connection {s}->https://Thesis:2376
02:20:48.401 [Test worker] DEBUG o.a.h.i.c.DefaultHttpClientConnectionOperator - Connecting to Thesis/127.0.1.1:2376
02:20:48.401 [Test worker] DEBUG o.a.h.c.s.SSLConnectionSocketFactory - Connecting socket to Thesis/127.0.1.1:2376 with timeout 0
02:20:48.402 [Test worker] DEBUG o.a.h.c.s.SSLConnectionSocketFactory - Enabled protocols: [TLSv1]
02:20:48.402 [Test worker] DEBUG o.a.h.c.s.SSLConnectionSocketFactory - Enabled cipher suites:[TLS_ECDHE_ECDSA_WITH_AES_128_CBC_SHA, TLS_ECDHE_RSA_WITH_AES_128_CBC_SHA, TLS_RSA_WITH_AES_128_CBC_SHA, TLS_ECDH_ECDSA_WITH_AES_128_CBC_SHA, TLS_ECDH_RSA_WITH_AES_128_CBC_SHA, TLS_DHE_RSA_WITH_AES_128_CBC_SHA, TLS_DHE_DSS_WITH_AES_128_CBC_SHA, TLS_ECDHE_ECDSA_WITH_3DES_EDE_CBC_SHA, TLS_ECDHE_RSA_WITH_3DES_EDE_CBC_SHA, SSL_RSA_WITH_3DES_EDE_CBC_SHA, TLS_ECDH_ECDSA_WITH_3DES_EDE_CBC_SHA, TLS_ECDH_RSA_WITH_3DES_EDE_CBC_SHA, SSL_DHE_RSA_WITH_3DES_EDE_CBC_SHA, SSL_DHE_DSS_WITH_3DES_EDE_CBC_SHA, TLS_ECDHE_ECDSA_WITH_RC4_128_SHA, TLS_ECDHE_RSA_WITH_RC4_128_SHA, SSL_RSA_WITH_RC4_128_SHA, TLS_ECDH_ECDSA_WITH_RC4_128_SHA, TLS_ECDH_RSA_WITH_RC4_128_SHA, SSL_RSA_WITH_RC4_128_MD5, TLS_EMPTY_RENEGOTIATION_INFO_SCSV]
02:20:48.402 [Test worker] DEBUG o.a.h.c.s.SSLConnectionSocketFactory - Starting handshake
02:20:48.462 [Test worker] DEBUG o.a.h.c.s.SSLConnectionSocketFactory - Secure session established
02:20:48.462 [Test worker] DEBUG o.a.h.c.s.SSLConnectionSocketFactory -  negotiated protocol: TLSv1
02:20:48.462 [Test worker] DEBUG o.a.h.c.s.SSLConnectionSocketFactory -  negotiated cipher suite: TLS_ECDHE_RSA_WITH_AES_128_CBC_SHA
02:20:48.462 [Test worker] DEBUG o.a.h.c.s.SSLConnectionSocketFactory -  peer principal: CN=Thesis
02:20:48.462 [Test worker] DEBUG o.a.h.c.s.SSLConnectionSocketFactory -  issuer principal: EMAILADDRESS=sha@yamil.com, CN=Thesis, OU=Open, O=Fra, L=BER, ST=BER, C=DE
02:20:48.463 [Test worker] DEBUG o.a.h.i.c.DefaultHttpClientConnectionOperator - Connection established 127.0.0.1:41052<->127.0.1.1:2376
02:20:48.463 [Test worker] DEBUG o.a.h.impl.execchain.MainClientExec - Executing request POST /containers/create?name=MyContainer HTTP/1.1
02:20:48.463 [Test worker] DEBUG o.a.h.impl.execchain.MainClientExec - Target auth state: UNCHALLENGED
02:20:48.463 [Test worker] DEBUG o.a.h.impl.execchain.MainClientExec - Proxy auth state: UNCHALLENGED
02:20:48.463 [Test worker] DEBUG org.apache.http.headers - http-outgoing-88 >> POST /containers/create?name=MyContainer HTTP/1.1
02:20:48.463 [Test worker] DEBUG org.apache.http.headers - http-outgoing-88 >> Accept: application/json
02:20:48.463 [Test worker] DEBUG org.apache.http.headers - http-outgoing-88 >> Content-Type: application/json
02:20:48.463 [Test worker] DEBUG org.apache.http.headers - http-outgoing-88 >> User-Agent: Jersey/2.23.1 (Apache HttpClient 4.5.1)
02:20:48.463 [Test worker] DEBUG org.apache.http.headers - http-outgoing-88 >> Transfer-Encoding: chunked
02:20:48.464 [Test worker] DEBUG org.apache.http.headers - http-outgoing-88 >> Host: Thesis:2376
02:20:48.464 [Test worker] DEBUG org.apache.http.headers - http-outgoing-88 >> Connection: Keep-Alive
02:20:48.464 [Test worker] DEBUG org.apache.http.headers - http-outgoing-88 >> Accept-Encoding: gzip,deflate
02:20:48.482 [Test worker] DEBUG c.g.d.j.JerseyDockerCmdExecFactory - 9 * Sending client request on thread Test worker
9 > POST https://Thesis:2376/containers/create?name=MyContainer
9 > Accept: application/json
9 > Content-Type: application/json
{"name":"MyContainer","Hostname":"MyContainer","Env":["TERM=xterm"],"Cmd":["sleep","99999"],"Image":"ubuntu:14.04","Volumes":{},"ExposedPorts":{"8084/tcp":{}},"HostConfig":{"PortBindings":{"8084/tcp":[{"HostIp":"","HostPort":"8084"}]}}}

02:20:48.482 [Test worker] DEBUG org.apache.http.wire - http-outgoing-88 >> "POST /containers/create?name=MyContainer HTTP/1.1[\r][\n]"
02:20:48.483 [Test worker] DEBUG org.apache.http.wire - http-outgoing-88 >> "Accept: application/json[\r][\n]"
02:20:48.483 [Test worker] DEBUG org.apache.http.wire - http-outgoing-88 >> "Content-Type: application/json[\r][\n]"
02:20:48.483 [Test worker] DEBUG org.apache.http.wire - http-outgoing-88 >> "User-Agent: Jersey/2.23.1 (Apache HttpClient 4.5.1)[\r][\n]"
02:20:48.483 [Test worker] DEBUG org.apache.http.wire - http-outgoing-88 >> "Transfer-Encoding: chunked[\r][\n]"
02:20:48.483 [Test worker] DEBUG org.apache.http.wire - http-outgoing-88 >> "Host: Thesis:2376[\r][\n]"
02:20:48.483 [Test worker] DEBUG org.apache.http.wire - http-outgoing-88 >> "Connection: Keep-Alive[\r][\n]"
02:20:48.483 [Test worker] DEBUG org.apache.http.wire - http-outgoing-88 >> "Accept-Encoding: gzip,deflate[\r][\n]"
02:20:48.483 [Test worker] DEBUG org.apache.http.wire - http-outgoing-88 >> "[\r][\n]"
02:20:48.483 [Test worker] DEBUG org.apache.http.wire - http-outgoing-88 >> "ec[\r][\n]"
02:20:48.484 [Test worker] DEBUG org.apache.http.wire - http-outgoing-88 >> "{"name":"MyContainer","Hostname":"MyContainer","Env":["TERM=xterm"],"Cmd":["sleep","99999"],"Image":"ubuntu:14.04","Volumes":{},"ExposedPorts":{"8084/tcp":{}},"HostConfig":{"PortBindings":{"8084/tcp":[{"HostIp":"","HostPort":"8084"}]}}}[\r][\n]"
02:20:48.484 [Test worker] DEBUG org.apache.http.wire - http-outgoing-88 >> "0[\r][\n]"
02:20:48.484 [Test worker] DEBUG org.apache.http.wire - http-outgoing-88 >> "[\r][\n]"
02:20:48.505 [Test worker] DEBUG org.apache.http.wire - http-outgoing-88 << "H"
02:20:48.506 [Test worker] DEBUG org.apache.http.wire - http-outgoing-88 << "TTP/1.1 201 Created[\r][\n]"
02:20:48.506 [Test worker] DEBUG org.apache.http.wire - http-outgoing-88 << "Content-Type: application/json[\r][\n]"
02:20:48.506 [Test worker] DEBUG org.apache.http.wire - http-outgoing-88 << "Server: Docker/1.12.3 (linux)[\r][\n]"
02:20:48.506 [Test worker] DEBUG org.apache.http.wire - http-outgoing-88 << "Date: Tue, 03 Jan 2017 01:20:48 GMT[\r][\n]"
02:20:48.506 [Test worker] DEBUG org.apache.http.wire - http-outgoing-88 << "Content-Length: 90[\r][\n]"
02:20:48.506 [Test worker] DEBUG org.apache.http.wire - http-outgoing-88 << "[\r][\n]"
02:20:48.506 [Test worker] DEBUG org.apache.http.wire - http-outgoing-88 << "{"Id":"35463f05b7b7b83339e42a61b6036b336ee03c406bf7000ff7d3118c538b2572","Warnings":null}[\n]"
02:20:48.506 [Test worker] DEBUG org.apache.http.headers - http-outgoing-88 << HTTP/1.1 201 Created
02:20:48.507 [Test worker] DEBUG org.apache.http.headers - http-outgoing-88 << Content-Type: application/json
02:20:48.507 [Test worker] DEBUG org.apache.http.headers - http-outgoing-88 << Server: Docker/1.12.3 (linux)
02:20:48.507 [Test worker] DEBUG org.apache.http.headers - http-outgoing-88 << Date: Tue, 03 Jan 2017 01:20:48 GMT
02:20:48.507 [Test worker] DEBUG org.apache.http.headers - http-outgoing-88 << Content-Length: 90
02:20:48.507 [Test worker] DEBUG o.a.h.impl.execchain.MainClientExec - Connection can be kept alive indefinitely
02:20:48.507 [Test worker] DEBUG c.g.d.j.JerseyDockerCmdExecFactory - 10 * Client response received on thread Test worker
10 < 201
10 < Content-Length: 90
10 < Content-Type: application/json
10 < Date: Tue, 03 Jan 2017 01:20:48 GMT
10 < Server: Docker/1.12.3 (linux)
{"Id":"35463f05b7b7b83339e42a61b6036b336ee03c406bf7000ff7d3118c538b2572","Warnings":null}


02:20:48.509 [Test worker] DEBUG o.a.h.i.c.DefaultManagedHttpClientConnection - http-outgoing-88: Close connection
02:20:48.509 [Test worker] DEBUG o.a.h.impl.execchain.MainClientExec - Connection discarded
02:20:48.509 [Test worker] DEBUG c.g.d.j.JerseyDockerCmdExecFactory$1 - Connection released: [id: 88][route: {s}->https://Thesis:2376][total kept alive: 1; route allocated: 1 of 2; total allocated: 1 of 20]
02:20:48.510 [Test worker] DEBUG org.openbaton.docker.DockerVim - Instance created successfully
02:20:48.510 [Test worker] DEBUG c.g.d.core.command.AbstrDockerCmd - Cmd: 35463f05b7b7b83339e42a61b6036b336ee03c406bf7000ff7d3118c538b2572,com.github.dockerjava.jaxrs.StartContainerCmdExec@5e650742
02:20:48.510 [Test worker] DEBUG c.g.d.j.JerseyDockerCmdExecFactory - 11 * Sending client request on thread Test worker
11 > POST https://Thesis:2376/containers/35463f05b7b7b83339e42a61b6036b336ee03c406bf7000ff7d3118c538b2572/start
11 > Accept: application/json

02:20:48.511 [Test worker] DEBUG o.a.h.c.protocol.RequestAddCookies - CookieSpec selected: default
02:20:48.511 [Test worker] DEBUG o.a.h.c.protocol.RequestAuthCache - Auth cache not set in the context
02:20:48.511 [Test worker] DEBUG c.g.d.j.JerseyDockerCmdExecFactory$1 - Connection request: [route: {s}->https://Thesis:2376][total kept alive: 1; route allocated: 1 of 2; total allocated: 1 of 20]
02:20:48.511 [Test worker] DEBUG c.g.d.j.JerseyDockerCmdExecFactory$1 - Connection leased: [id: 89][route: {s}->https://Thesis:2376][total kept alive: 1; route allocated: 2 of 2; total allocated: 2 of 20]
02:20:48.511 [Test worker] DEBUG o.a.h.impl.execchain.MainClientExec - Opening connection {s}->https://Thesis:2376
02:20:48.511 [Test worker] DEBUG o.a.h.i.c.DefaultHttpClientConnectionOperator - Connecting to Thesis/127.0.1.1:2376
02:20:48.512 [Test worker] DEBUG o.a.h.c.s.SSLConnectionSocketFactory - Connecting socket to Thesis/127.0.1.1:2376 with timeout 0
02:20:48.512 [Test worker] DEBUG o.a.h.c.s.SSLConnectionSocketFactory - Enabled protocols: [TLSv1]
02:20:48.512 [Test worker] DEBUG o.a.h.c.s.SSLConnectionSocketFactory - Enabled cipher suites:[TLS_ECDHE_ECDSA_WITH_AES_128_CBC_SHA, TLS_ECDHE_RSA_WITH_AES_128_CBC_SHA, TLS_RSA_WITH_AES_128_CBC_SHA, TLS_ECDH_ECDSA_WITH_AES_128_CBC_SHA, TLS_ECDH_RSA_WITH_AES_128_CBC_SHA, TLS_DHE_RSA_WITH_AES_128_CBC_SHA, TLS_DHE_DSS_WITH_AES_128_CBC_SHA, TLS_ECDHE_ECDSA_WITH_3DES_EDE_CBC_SHA, TLS_ECDHE_RSA_WITH_3DES_EDE_CBC_SHA, SSL_RSA_WITH_3DES_EDE_CBC_SHA, TLS_ECDH_ECDSA_WITH_3DES_EDE_CBC_SHA, TLS_ECDH_RSA_WITH_3DES_EDE_CBC_SHA, SSL_DHE_RSA_WITH_3DES_EDE_CBC_SHA, SSL_DHE_DSS_WITH_3DES_EDE_CBC_SHA, TLS_ECDHE_ECDSA_WITH_RC4_128_SHA, TLS_ECDHE_RSA_WITH_RC4_128_SHA, SSL_RSA_WITH_RC4_128_SHA, TLS_ECDH_ECDSA_WITH_RC4_128_SHA, TLS_ECDH_RSA_WITH_RC4_128_SHA, SSL_RSA_WITH_RC4_128_MD5, TLS_EMPTY_RENEGOTIATION_INFO_SCSV]
02:20:48.512 [Test worker] DEBUG o.a.h.c.s.SSLConnectionSocketFactory - Starting handshake
02:20:48.619 [Test worker] DEBUG o.a.h.c.s.SSLConnectionSocketFactory - Secure session established
02:20:48.619 [Test worker] DEBUG o.a.h.c.s.SSLConnectionSocketFactory -  negotiated protocol: TLSv1
02:20:48.620 [Test worker] DEBUG o.a.h.c.s.SSLConnectionSocketFactory -  negotiated cipher suite: TLS_ECDHE_RSA_WITH_AES_128_CBC_SHA
02:20:48.620 [Test worker] DEBUG o.a.h.c.s.SSLConnectionSocketFactory -  peer principal: CN=Thesis
02:20:48.620 [Test worker] DEBUG o.a.h.c.s.SSLConnectionSocketFactory -  issuer principal: EMAILADDRESS=sha@yamil.com, CN=Thesis, OU=Open, O=Fra, L=BER, ST=BER, C=DE
02:20:48.620 [Test worker] DEBUG o.a.h.i.c.DefaultHttpClientConnectionOperator - Connection established 127.0.0.1:41054<->127.0.1.1:2376
02:20:48.620 [Test worker] DEBUG o.a.h.impl.execchain.MainClientExec - Executing request POST /containers/35463f05b7b7b83339e42a61b6036b336ee03c406bf7000ff7d3118c538b2572/start HTTP/1.1
02:20:48.620 [Test worker] DEBUG o.a.h.impl.execchain.MainClientExec - Target auth state: UNCHALLENGED
02:20:48.620 [Test worker] DEBUG o.a.h.impl.execchain.MainClientExec - Proxy auth state: UNCHALLENGED
02:20:48.621 [Test worker] DEBUG org.apache.http.headers - http-outgoing-89 >> POST /containers/35463f05b7b7b83339e42a61b6036b336ee03c406bf7000ff7d3118c538b2572/start HTTP/1.1
02:20:48.621 [Test worker] DEBUG org.apache.http.headers - http-outgoing-89 >> Accept: application/json
02:20:48.621 [Test worker] DEBUG org.apache.http.headers - http-outgoing-89 >> User-Agent: Jersey/2.23.1 (Apache HttpClient 4.5.1)
02:20:48.621 [Test worker] DEBUG org.apache.http.headers - http-outgoing-89 >> Host: Thesis:2376
02:20:48.621 [Test worker] DEBUG org.apache.http.headers - http-outgoing-89 >> Connection: Keep-Alive
02:20:48.621 [Test worker] DEBUG org.apache.http.headers - http-outgoing-89 >> Accept-Encoding: gzip,deflate
02:20:48.621 [Test worker] DEBUG org.apache.http.wire - http-outgoing-89 >> "POST /containers/35463f05b7b7b83339e42a61b6036b336ee03c406bf7000ff7d3118c538b2572/start HTTP/1.1[\r][\n]"
02:20:48.621 [Test worker] DEBUG org.apache.http.wire - http-outgoing-89 >> "Accept: application/json[\r][\n]"
02:20:48.622 [Test worker] DEBUG org.apache.http.wire - http-outgoing-89 >> "User-Agent: Jersey/2.23.1 (Apache HttpClient 4.5.1)[\r][\n]"
02:20:48.622 [Test worker] DEBUG org.apache.http.wire - http-outgoing-89 >> "Host: Thesis:2376[\r][\n]"
02:20:48.622 [Test worker] DEBUG org.apache.http.wire - http-outgoing-89 >> "Connection: Keep-Alive[\r][\n]"
02:20:48.622 [Test worker] DEBUG org.apache.http.wire - http-outgoing-89 >> "Accept-Encoding: gzip,deflate[\r][\n]"
02:20:48.622 [Test worker] DEBUG org.apache.http.wire - http-outgoing-89 >> "[\r][\n]"
02:20:48.794 [Test worker] DEBUG org.apache.http.wire - http-outgoing-89 << "H"
02:20:48.795 [Test worker] DEBUG org.apache.http.wire - http-outgoing-89 << "TTP/1.1 204 No Content[\r][\n]"
02:20:48.795 [Test worker] DEBUG org.apache.http.wire - http-outgoing-89 << "Server: Docker/1.12.3 (linux)[\r][\n]"
02:20:48.795 [Test worker] DEBUG org.apache.http.wire - http-outgoing-89 << "Date: Tue, 03 Jan 2017 01:20:48 GMT[\r][\n]"
02:20:48.795 [Test worker] DEBUG org.apache.http.wire - http-outgoing-89 << "[\r][\n]"
02:20:48.795 [Test worker] DEBUG org.apache.http.headers - http-outgoing-89 << HTTP/1.1 204 No Content
02:20:48.795 [Test worker] DEBUG org.apache.http.headers - http-outgoing-89 << Server: Docker/1.12.3 (linux)
02:20:48.795 [Test worker] DEBUG org.apache.http.headers - http-outgoing-89 << Date: Tue, 03 Jan 2017 01:20:48 GMT
02:20:48.795 [Test worker] DEBUG o.a.h.impl.execchain.MainClientExec - Connection can be kept alive indefinitely
02:20:48.795 [Test worker] DEBUG c.g.d.j.JerseyDockerCmdExecFactory$1 - Connection [id: 89][route: {s}->https://Thesis:2376][state: CN=Thesis] can be kept alive indefinitely
02:20:48.795 [Test worker] DEBUG c.g.d.j.JerseyDockerCmdExecFactory$1 - Connection released: [id: 89][route: {s}->https://Thesis:2376][state: CN=Thesis][total kept alive: 2; route allocated: 2 of 2; total allocated: 2 of 20]
02:20:48.796 [Test worker] DEBUG c.g.d.j.JerseyDockerCmdExecFactory - 12 * Client response received on thread Test worker
12 < 204
12 < Date: Tue, 03 Jan 2017 01:20:48 GMT
12 < Server: Docker/1.12.3 (linux)

02:20:48.796 [Test worker] DEBUG c.g.d.core.command.AbstrDockerCmd - Cmd: ListImagesCmdImpl[imageNameFilter=<null>,showAll=true,filters=com.github.dockerjava.core.util.FiltersBuilder@0,execution=com.github.dockerjava.jaxrs.ListImagesCmdExec@1c04b84c]
02:20:48.796 [Test worker] DEBUG c.g.d.j.JerseyDockerCmdExecFactory - 13 * Sending client request on thread Test worker
13 > GET https://Thesis:2376/images/json?all=true
13 > Accept: application/json

02:20:48.796 [Test worker] DEBUG o.a.h.c.protocol.RequestAddCookies - CookieSpec selected: default
02:20:48.796 [Test worker] DEBUG o.a.h.c.protocol.RequestAuthCache - Auth cache not set in the context
02:20:48.796 [Test worker] DEBUG c.g.d.j.JerseyDockerCmdExecFactory$1 - Connection request: [route: {s}->https://Thesis:2376][total kept alive: 2; route allocated: 2 of 2; total allocated: 2 of 20]
02:20:48.796 [Test worker] DEBUG o.a.h.i.c.DefaultManagedHttpClientConnection - http-outgoing-84: Close connection
02:20:48.797 [Test worker] DEBUG c.g.d.j.JerseyDockerCmdExecFactory$1 - Connection leased: [id: 90][route: {s}->https://Thesis:2376][total kept alive: 1; route allocated: 2 of 2; total allocated: 2 of 20]
02:20:48.797 [Test worker] DEBUG o.a.h.impl.execchain.MainClientExec - Opening connection {s}->https://Thesis:2376
02:20:48.798 [Test worker] DEBUG o.a.h.i.c.DefaultHttpClientConnectionOperator - Connecting to Thesis/127.0.1.1:2376
02:20:48.798 [Test worker] DEBUG o.a.h.c.s.SSLConnectionSocketFactory - Connecting socket to Thesis/127.0.1.1:2376 with timeout 0
02:20:48.799 [Test worker] DEBUG o.a.h.c.s.SSLConnectionSocketFactory - Enabled protocols: [TLSv1]
02:20:48.799 [Test worker] DEBUG o.a.h.c.s.SSLConnectionSocketFactory - Enabled cipher suites:[TLS_ECDHE_ECDSA_WITH_AES_128_CBC_SHA, TLS_ECDHE_RSA_WITH_AES_128_CBC_SHA, TLS_RSA_WITH_AES_128_CBC_SHA, TLS_ECDH_ECDSA_WITH_AES_128_CBC_SHA, TLS_ECDH_RSA_WITH_AES_128_CBC_SHA, TLS_DHE_RSA_WITH_AES_128_CBC_SHA, TLS_DHE_DSS_WITH_AES_128_CBC_SHA, TLS_ECDHE_ECDSA_WITH_3DES_EDE_CBC_SHA, TLS_ECDHE_RSA_WITH_3DES_EDE_CBC_SHA, SSL_RSA_WITH_3DES_EDE_CBC_SHA, TLS_ECDH_ECDSA_WITH_3DES_EDE_CBC_SHA, TLS_ECDH_RSA_WITH_3DES_EDE_CBC_SHA, SSL_DHE_RSA_WITH_3DES_EDE_CBC_SHA, SSL_DHE_DSS_WITH_3DES_EDE_CBC_SHA, TLS_ECDHE_ECDSA_WITH_RC4_128_SHA, TLS_ECDHE_RSA_WITH_RC4_128_SHA, SSL_RSA_WITH_RC4_128_SHA, TLS_ECDH_ECDSA_WITH_RC4_128_SHA, TLS_ECDH_RSA_WITH_RC4_128_SHA, SSL_RSA_WITH_RC4_128_MD5, TLS_EMPTY_RENEGOTIATION_INFO_SCSV]
02:20:48.799 [Test worker] DEBUG o.a.h.c.s.SSLConnectionSocketFactory - Starting handshake
02:20:48.862 [Test worker] DEBUG o.a.h.c.s.SSLConnectionSocketFactory - Secure session established
02:20:48.862 [Test worker] DEBUG o.a.h.c.s.SSLConnectionSocketFactory -  negotiated protocol: TLSv1
02:20:48.862 [Test worker] DEBUG o.a.h.c.s.SSLConnectionSocketFactory -  negotiated cipher suite: TLS_ECDHE_RSA_WITH_AES_128_CBC_SHA
02:20:48.862 [Test worker] DEBUG o.a.h.c.s.SSLConnectionSocketFactory -  peer principal: CN=Thesis
02:20:48.863 [Test worker] DEBUG o.a.h.c.s.SSLConnectionSocketFactory -  issuer principal: EMAILADDRESS=sha@yamil.com, CN=Thesis, OU=Open, O=Fra, L=BER, ST=BER, C=DE
02:20:48.863 [Test worker] DEBUG o.a.h.i.c.DefaultHttpClientConnectionOperator - Connection established 127.0.0.1:41056<->127.0.1.1:2376
02:20:48.863 [Test worker] DEBUG o.a.h.impl.execchain.MainClientExec - Executing request GET /images/json?all=true HTTP/1.1
02:20:48.863 [Test worker] DEBUG o.a.h.impl.execchain.MainClientExec - Target auth state: UNCHALLENGED
02:20:48.863 [Test worker] DEBUG o.a.h.impl.execchain.MainClientExec - Proxy auth state: UNCHALLENGED
02:20:48.863 [Test worker] DEBUG org.apache.http.headers - http-outgoing-90 >> GET /images/json?all=true HTTP/1.1
02:20:48.863 [Test worker] DEBUG org.apache.http.headers - http-outgoing-90 >> Accept: application/json
02:20:48.864 [Test worker] DEBUG org.apache.http.headers - http-outgoing-90 >> User-Agent: Jersey/2.23.1 (Apache HttpClient 4.5.1)
02:20:48.864 [Test worker] DEBUG org.apache.http.headers - http-outgoing-90 >> Host: Thesis:2376
02:20:48.864 [Test worker] DEBUG org.apache.http.headers - http-outgoing-90 >> Connection: Keep-Alive
02:20:48.864 [Test worker] DEBUG org.apache.http.headers - http-outgoing-90 >> Accept-Encoding: gzip,deflate
02:20:48.864 [Test worker] DEBUG org.apache.http.wire - http-outgoing-90 >> "GET /images/json?all=true HTTP/1.1[\r][\n]"
02:20:48.864 [Test worker] DEBUG org.apache.http.wire - http-outgoing-90 >> "Accept: application/json[\r][\n]"
02:20:48.864 [Test worker] DEBUG org.apache.http.wire - http-outgoing-90 >> "User-Agent: Jersey/2.23.1 (Apache HttpClient 4.5.1)[\r][\n]"
02:20:48.864 [Test worker] DEBUG org.apache.http.wire - http-outgoing-90 >> "Host: Thesis:2376[\r][\n]"
02:20:48.864 [Test worker] DEBUG org.apache.http.wire - http-outgoing-90 >> "Connection: Keep-Alive[\r][\n]"
02:20:48.865 [Test worker] DEBUG org.apache.http.wire - http-outgoing-90 >> "Accept-Encoding: gzip,deflate[\r][\n]"
02:20:48.865 [Test worker] DEBUG org.apache.http.wire - http-outgoing-90 >> "[\r][\n]"
02:20:48.866 [Test worker] DEBUG org.apache.http.wire - http-outgoing-90 << "H"
02:20:48.866 [Test worker] DEBUG org.apache.http.wire - http-outgoing-90 << "TTP/1.1 200 OK[\r][\n]"
02:20:48.866 [Test worker] DEBUG org.apache.http.wire - http-outgoing-90 << "Content-Type: application/json[\r][\n]"
02:20:48.866 [Test worker] DEBUG org.apache.http.wire - http-outgoing-90 << "Server: Docker/1.12.3 (linux)[\r][\n]"
02:20:48.866 [Test worker] DEBUG org.apache.http.wire - http-outgoing-90 << "Date: Tue, 03 Jan 2017 01:20:48 GMT[\r][\n]"
02:20:48.866 [Test worker] DEBUG org.apache.http.wire - http-outgoing-90 << "Content-Length: 1195[\r][\n]"
02:20:48.866 [Test worker] DEBUG org.apache.http.wire - http-outgoing-90 << "[\r][\n]"
02:20:48.867 [Test worker] DEBUG org.apache.http.wire - http-outgoing-90 << "[{"Id":"sha256:4ca3a192ff2a5b7e225e81dc006b6379c10776ed3619757a65608cb72de0a7f6","ParentId":"","RepoTags":["ubuntu:latest"],"RepoDigests":["ubuntu@sha256:3b64c309deae7ab0f7dbdd42b6b326261ccd6261da5d88396439353162703fb5"],"Created":1480449877,"Size":128206574,"VirtualSize":128206574,"Labels":{}},{"Id":"sha256:aae2b63c49461fcae4962e4a8043f66acf8e3af7e62f5ebceb70b181d8ca01e0","ParentId":"","RepoTags":["ubuntu:14.04"],"RepoDigests":["ubuntu@sha256:edb984703bd3e8981ff541a5b9297ca1b81fde6e6e8094d86e390a38ebc30b4d"],"Created":1480449856,"Size":187952254,"VirtualSize":187952254,"Labels":{}},{"Id":"sha256:e02e811dd08fd49e7f6032625495118e63f597eb150403d02e3238af1df240ba","ParentId":"","RepoTags":["busybox:latest"],"RepoDigests":["busybox@sha256:29f5d56d12684887bdfa50dcd29fc31eea4aaf4ad3bec43daf19026a7ce69912"],"Created":1475874238,"Size":1093484,"VirtualSize":1093484,"Labels":{}},{"Id":"sha256:d654de4499473ed41349b54a988b6f46a7fc92e3fa2d61e102bf2660a0116e25","ParentId":"","RepoTags":["sakib37/iperf3:latest"],"RepoDigests":["sakib37/iperf3@sha256:8d80a810f8f508c074b14d02555f20110eac382c8dbda7252075392983629d40"],"Created":1474907599,"Size":199456654,"VirtualSize":199456654,"Labels":{}}][\n]"
02:20:48.867 [Test worker] DEBUG org.apache.http.headers - http-outgoing-90 << HTTP/1.1 200 OK
02:20:48.867 [Test worker] DEBUG org.apache.http.headers - http-outgoing-90 << Content-Type: application/json
02:20:48.867 [Test worker] DEBUG org.apache.http.headers - http-outgoing-90 << Server: Docker/1.12.3 (linux)
02:20:48.867 [Test worker] DEBUG org.apache.http.headers - http-outgoing-90 << Date: Tue, 03 Jan 2017 01:20:48 GMT
02:20:48.867 [Test worker] DEBUG org.apache.http.headers - http-outgoing-90 << Content-Length: 1195
02:20:48.870 [Test worker] DEBUG o.a.h.impl.execchain.MainClientExec - Connection can be kept alive indefinitely
02:20:48.870 [Test worker] DEBUG c.g.d.j.JerseyDockerCmdExecFactory - 14 * Client response received on thread Test worker
14 < 200
14 < Content-Length: 1195
14 < Content-Type: application/json
14 < Date: Tue, 03 Jan 2017 01:20:48 GMT
14 < Server: Docker/1.12.3 (linux)
[{"Id":"sha256:4ca3a192ff2a5b7e225e81dc006b6379c10776ed3619757a65608cb72de0a7f6","ParentId":"","RepoTags":["ubuntu:latest"],"RepoDigests":["ubuntu@sha256:3b64c309deae7ab0f7dbdd42b6b326261ccd6261da5d88396439353162703fb5"],"Created":1480449877,"Size":128206574,"VirtualSize":128206574,"Labels":{}},{"Id":"sha256:aae2b63c49461fcae4962e4a8043f66acf8e3af7e62f5ebceb70b181d8ca01e0","ParentId":"","RepoTags":["ubuntu:14.04"],"RepoDigests":["ubuntu@sha256:edb984703bd3e8981ff541a5b9297ca1b81fde6e6e8094d86e390a38ebc30b4d"],"Created":1480449856,"Size":187952254,"VirtualSize":187952254,"Labels":{}},{"Id":"sha256:e02e811dd08fd49e7f6032625495118e63f597eb150403d02e3238af1df240ba","ParentId":"","RepoTags":["busybox:latest"],"RepoDigests":["busybox@sha256:29f5d56d12684887bdfa50dcd29fc31eea4aaf4ad3bec43daf19026a7ce69912"],"Created":1475874238,"Size":1093484,"VirtualSize":1093484,"Labels":{}},{"Id":"sha256:d654de4499473ed41349b54a988b6f46a7fc92e3fa2d61e102bf2660a0116e25","ParentId":"","RepoTags":["sakib37/iperf3:latest"],"RepoDigests":["sakib37/iperf3@sha256:8d80a810f8f508c074b14d02555f20110eac382c8dbda7252075392983629d40"],"Created":1474907599,"Size":199456654,"VirtualSize":199456654,"Labels":{}}]


02:20:48.872 [Test worker] DEBUG o.a.h.i.c.DefaultManagedHttpClientConnection - http-outgoing-90: Close connection
02:20:48.872 [Test worker] DEBUG o.a.h.impl.execchain.MainClientExec - Connection discarded
02:20:48.872 [Test worker] DEBUG c.g.d.j.JerseyDockerCmdExecFactory$1 - Connection released: [id: 90][route: {s}->https://Thesis:2376][total kept alive: 1; route allocated: 1 of 2; total allocated: 1 of 20]
02:20:48.872 [Test worker] DEBUG org.openbaton.docker.DockerVim - Found a docker image, transformed into a NFV Image Image{id='sha256:aae2b63c49461fcae4962e4a8043f66acf8e3af7e62f5ebceb70b181d8ca01e0', name='ubuntu:14.04', version=0, extId='null', minRam='0', minDiskSpace='0', minCPU='null', public='true', diskFormat='null', containerFormat='docker', created='Sun Jan 18 04:14:09 CET 1970', updated='null'}
02:20:48.890 [Test worker] DEBUG c.g.d.core.command.AbstrDockerCmd - Cmd: com.github.dockerjava.core.command.CopyArchiveToContainerCmdImpl@6638e53[cp ,/home/sakib/docker-plugin/src/test/data, ,35463f05b7b7b83339e42a61b6036b336ee03c406bf7000ff7d3118c538b2572,:,/]
02:20:48.891 [Test worker] DEBUG o.a.h.c.protocol.RequestAddCookies - CookieSpec selected: default
02:20:48.891 [Test worker] DEBUG o.a.h.c.protocol.RequestAuthCache - Auth cache not set in the context
02:20:48.891 [Test worker] DEBUG c.g.d.j.JerseyDockerCmdExecFactory$1 - Connection request: [route: {s}->https://Thesis:2376][total kept alive: 1; route allocated: 1 of 2; total allocated: 1 of 20]
02:20:48.891 [Test worker] DEBUG c.g.d.j.JerseyDockerCmdExecFactory$1 - Connection leased: [id: 91][route: {s}->https://Thesis:2376][total kept alive: 1; route allocated: 2 of 2; total allocated: 2 of 20]
02:20:48.891 [Test worker] DEBUG o.a.h.impl.execchain.MainClientExec - Opening connection {s}->https://Thesis:2376
02:20:48.892 [Test worker] DEBUG o.a.h.i.c.DefaultHttpClientConnectionOperator - Connecting to Thesis/127.0.1.1:2376
02:20:48.892 [Test worker] DEBUG o.a.h.c.s.SSLConnectionSocketFactory - Connecting socket to Thesis/127.0.1.1:2376 with timeout 0
02:20:48.892 [Test worker] DEBUG o.a.h.c.s.SSLConnectionSocketFactory - Enabled protocols: [TLSv1]
02:20:48.893 [Test worker] DEBUG o.a.h.c.s.SSLConnectionSocketFactory - Enabled cipher suites:[TLS_ECDHE_ECDSA_WITH_AES_128_CBC_SHA, TLS_ECDHE_RSA_WITH_AES_128_CBC_SHA, TLS_RSA_WITH_AES_128_CBC_SHA, TLS_ECDH_ECDSA_WITH_AES_128_CBC_SHA, TLS_ECDH_RSA_WITH_AES_128_CBC_SHA, TLS_DHE_RSA_WITH_AES_128_CBC_SHA, TLS_DHE_DSS_WITH_AES_128_CBC_SHA, TLS_ECDHE_ECDSA_WITH_3DES_EDE_CBC_SHA, TLS_ECDHE_RSA_WITH_3DES_EDE_CBC_SHA, SSL_RSA_WITH_3DES_EDE_CBC_SHA, TLS_ECDH_ECDSA_WITH_3DES_EDE_CBC_SHA, TLS_ECDH_RSA_WITH_3DES_EDE_CBC_SHA, SSL_DHE_RSA_WITH_3DES_EDE_CBC_SHA, SSL_DHE_DSS_WITH_3DES_EDE_CBC_SHA, TLS_ECDHE_ECDSA_WITH_RC4_128_SHA, TLS_ECDHE_RSA_WITH_RC4_128_SHA, SSL_RSA_WITH_RC4_128_SHA, TLS_ECDH_ECDSA_WITH_RC4_128_SHA, TLS_ECDH_RSA_WITH_RC4_128_SHA, SSL_RSA_WITH_RC4_128_MD5, TLS_EMPTY_RENEGOTIATION_INFO_SCSV]
02:20:48.893 [Test worker] DEBUG o.a.h.c.s.SSLConnectionSocketFactory - Starting handshake
02:20:48.959 [Test worker] DEBUG o.a.h.c.s.SSLConnectionSocketFactory - Secure session established
02:20:48.959 [Test worker] DEBUG o.a.h.c.s.SSLConnectionSocketFactory -  negotiated protocol: TLSv1
02:20:48.959 [Test worker] DEBUG o.a.h.c.s.SSLConnectionSocketFactory -  negotiated cipher suite: TLS_ECDHE_RSA_WITH_AES_128_CBC_SHA
02:20:48.959 [Test worker] DEBUG o.a.h.c.s.SSLConnectionSocketFactory -  peer principal: CN=Thesis
02:20:48.959 [Test worker] DEBUG o.a.h.c.s.SSLConnectionSocketFactory -  issuer principal: EMAILADDRESS=sha@yamil.com, CN=Thesis, OU=Open, O=Fra, L=BER, ST=BER, C=DE
02:20:48.960 [Test worker] DEBUG o.a.h.i.c.DefaultHttpClientConnectionOperator - Connection established 127.0.0.1:41058<->127.0.1.1:2376
02:20:48.960 [Test worker] DEBUG o.a.h.impl.execchain.MainClientExec - Executing request PUT /containers/35463f05b7b7b83339e42a61b6036b336ee03c406bf7000ff7d3118c538b2572/archive?path=%2F&noOverwriteDirNonDir=false HTTP/1.1
02:20:48.960 [Test worker] DEBUG o.a.h.impl.execchain.MainClientExec - Target auth state: UNCHALLENGED
02:20:48.960 [Test worker] DEBUG o.a.h.impl.execchain.MainClientExec - Proxy auth state: UNCHALLENGED
02:20:48.960 [Test worker] DEBUG org.apache.http.headers - http-outgoing-91 >> PUT /containers/35463f05b7b7b83339e42a61b6036b336ee03c406bf7000ff7d3118c538b2572/archive?path=%2F&noOverwriteDirNonDir=false HTTP/1.1
02:20:48.960 [Test worker] DEBUG org.apache.http.headers - http-outgoing-91 >> Content-Type: application/x-tar
02:20:48.960 [Test worker] DEBUG org.apache.http.headers - http-outgoing-91 >> User-Agent: Jersey/2.23.1 (Apache HttpClient 4.5.1)
02:20:48.960 [Test worker] DEBUG org.apache.http.headers - http-outgoing-91 >> Transfer-Encoding: chunked
02:20:48.961 [Test worker] DEBUG org.apache.http.headers - http-outgoing-91 >> Host: Thesis:2376
02:20:48.961 [Test worker] DEBUG org.apache.http.headers - http-outgoing-91 >> Connection: Keep-Alive
02:20:48.961 [Test worker] DEBUG org.apache.http.headers - http-outgoing-91 >> Accept-Encoding: gzip,deflate
02:20:48.961 [Test worker] DEBUG c.g.d.j.JerseyDockerCmdExecFactory - 15 * Sending client request on thread Test worker
15 > PUT https://Thesis:2376/containers/35463f05b7b7b83339e42a61b6036b336ee03c406bf7000ff7d3118c538b2572/archive?path=%2F&noOverwriteDirNonDir=false
15 > Content-Type: application/x-tar
?�???????���Ok�0??p��?��5m�=m��c ��%��?pV�W��K[?׃?�;��(�$��}R*Vqﲄ?�\J?��yN2��2?%�0�?�?{$/���ڳra����~�?�ve�?kϟ��+~���=B�?��D��?K��O��?w���C<��x�������l�>??�ͱXT?�v�#�օ��c�0?���B�ݪ�(ۗ��_�z
���|�o??m,?Z)�~5kG�$��/�6[��l�ϫӊu?J�	�':�n�??????????????????n�?�(?T?(??

02:20:48.962 [Test worker] DEBUG org.apache.http.wire - http-outgoing-91 >> "PUT /containers/35463f05b7b7b83339e42a61b6036b336ee03c406bf7000ff7d3118c538b2572/archive?path=%2F&noOverwriteDirNonDir=false HTTP/1.1[\r][\n]"
02:20:48.962 [Test worker] DEBUG org.apache.http.wire - http-outgoing-91 >> "Content-Type: application/x-tar[\r][\n]"
02:20:48.962 [Test worker] DEBUG org.apache.http.wire - http-outgoing-91 >> "User-Agent: Jersey/2.23.1 (Apache HttpClient 4.5.1)[\r][\n]"
02:20:48.963 [Test worker] DEBUG org.apache.http.wire - http-outgoing-91 >> "Transfer-Encoding: chunked[\r][\n]"
02:20:48.963 [Test worker] DEBUG org.apache.http.wire - http-outgoing-91 >> "Host: Thesis:2376[\r][\n]"
02:20:48.963 [Test worker] DEBUG org.apache.http.wire - http-outgoing-91 >> "Connection: Keep-Alive[\r][\n]"
02:20:48.963 [Test worker] DEBUG org.apache.http.wire - http-outgoing-91 >> "Accept-Encoding: gzip,deflate[\r][\n]"
02:20:48.963 [Test worker] DEBUG org.apache.http.wire - http-outgoing-91 >> "[\r][\n]"
02:20:48.963 [Test worker] DEBUG org.apache.http.wire - http-outgoing-91 >> "112[\r][\n]"
02:20:48.964 [Test worker] DEBUG org.apache.http.wire - http-outgoing-91 >> "[0x1f][0x8b][0x8][0x0][0x0][0x0][0x0][0x0][0x0][0xff][0xed][0xd2]Ok[0xc2]0[0x18][0x6]p[0xcf][0xfd][0x14][0xef][0x9c][0xe7]5m[0x8d]=m[0x97][0xa1]c [0xec][0xb0][0xdd]%[0xb6][0xd9][0x12]pV[0x92]W[0xfc][0xfa]K[[0x5][0xd7][0x83][0x8][0xfe];[0xf8][0xfc]([0xb4]$[0xcd][0xfb][0xa6]}R*Vq[0xef][0xb2][0x84][0x18][0x8a]\J[0x12][0xad][0xee][0xbd]yN2[0x91][0xa5]2[0x1f]%[0xa3]0[0x9e][0x8][0x99][0xe]{$/[0xbc][0xaf][0xc6][0xda][0xb3]ra[0x8b][0xa7][0xd6][0xe9]~[0xdc][0x19][0xb6]v[\r]e[0x9d]?k[0xcf][0x9f][0x85][0xb3]+~[0xf2][0xe6][0xfc]=B[0x9e][0x7][0xf3][0xcf]D[0xde][0xc9]?K[0xeb][0xfc]O[0xce][0xe4][0x18]w[0x9e][0xff][0xe3]C<[0xb7][0xcb]x[0xae][0xbc][0x89][0xa2][0xe9][0xc7][0xdb]l[0xf2]>[0x1d]?[0xc7][0xcd][0xb1]XT?[0xdf]v[0xa1]#[0xae][0xd6][0x85][0xa1][0xff]c[0xba]0[0x15][0xf5][0xfb][0xf4]B[0x83][0xdd][0xaa][0xa8]([0xdb][0x97][0xb6][0x93]_[0xc6]z[\n]"
02:20:48.964 [Test worker] DEBUG org.apache.http.wire - http-outgoing-91 >> "[0x97][0xa2][0xfa]|[0x91]o[0xe][0x18]m,[0x1b]Z)[0xa7]~5kG[0x83]$[0xd4][0xd8]/[0xd2]6[[0xea][0xcd]l[0xaf][0xcf][0xab][0xd3][0x8a]u[0x19]J[0x85][0x9][0xaa]':[0xab]n[0xfd][0x1b][0x1][0x0][0x0][0x0][0x0][0x0][0x0][0x0][0x0][0x0][0x0][0x0][0x0][0x0][0x0][0x0][0x0]n[0xe2][0xf][0xa3]([0x11]T[0x0]([0x0][0x0][\r][\n]"
02:20:48.964 [Test worker] DEBUG org.apache.http.wire - http-outgoing-91 >> "0[\r][\n]"
02:20:48.964 [Test worker] DEBUG org.apache.http.wire - http-outgoing-91 >> "[\r][\n]"
02:20:49.005 [Test worker] DEBUG org.apache.http.wire - http-outgoing-91 << "H"
02:20:49.006 [Test worker] DEBUG org.apache.http.wire - http-outgoing-91 << "TTP/1.1 200 OK[\r][\n]"
02:20:49.006 [Test worker] DEBUG org.apache.http.wire - http-outgoing-91 << "Server: Docker/1.12.3 (linux)[\r][\n]"
02:20:49.006 [Test worker] DEBUG org.apache.http.wire - http-outgoing-91 << "Date: Tue, 03 Jan 2017 01:20:49 GMT[\r][\n]"
02:20:49.006 [Test worker] DEBUG org.apache.http.wire - http-outgoing-91 << "Content-Length: 0[\r][\n]"
02:20:49.006 [Test worker] DEBUG org.apache.http.wire - http-outgoing-91 << "Content-Type: text/plain; charset=utf-8[\r][\n]"
02:20:49.007 [Test worker] DEBUG org.apache.http.wire - http-outgoing-91 << "[\r][\n]"
02:20:49.007 [Test worker] DEBUG org.apache.http.headers - http-outgoing-91 << HTTP/1.1 200 OK
02:20:49.007 [Test worker] DEBUG org.apache.http.headers - http-outgoing-91 << Server: Docker/1.12.3 (linux)
02:20:49.007 [Test worker] DEBUG org.apache.http.headers - http-outgoing-91 << Date: Tue, 03 Jan 2017 01:20:49 GMT
02:20:49.007 [Test worker] DEBUG org.apache.http.headers - http-outgoing-91 << Content-Length: 0
02:20:49.007 [Test worker] DEBUG org.apache.http.headers - http-outgoing-91 << Content-Type: text/plain; charset=utf-8
02:20:49.007 [Test worker] DEBUG o.a.h.impl.execchain.MainClientExec - Connection can be kept alive indefinitely
02:20:49.015 [Test worker] DEBUG c.g.d.j.JerseyDockerCmdExecFactory$1 - Connection [id: 91][route: {s}->https://Thesis:2376][state: CN=Thesis] can be kept alive indefinitely
02:20:49.015 [Test worker] DEBUG c.g.d.j.JerseyDockerCmdExecFactory$1 - Connection released: [id: 91][route: {s}->https://Thesis:2376][state: CN=Thesis][total kept alive: 2; route allocated: 2 of 2; total allocated: 2 of 20]
02:20:49.015 [Test worker] DEBUG c.g.d.j.JerseyDockerCmdExecFactory - 16 * Client response received on thread Test worker
16 < 200
16 < Content-Length: 0
16 < Content-Type: application/json;charset=utf-8
16 < Date: Tue, 03 Jan 2017 01:20:49 GMT
16 < Server: Docker/1.12.3 (linux)

02:20:49.035 [Test worker] INFO  org.openbaton.docker.DockerVim - Archive '/home/sakib/docker-plugin/src/test/data' copied successfully to container '35463f05b7b7b83339e42a61b6036b336ee03c406bf7000ff7d3118c538b2572
02:20:49.036 [Test worker] DEBUG c.g.d.core.command.AbstrDockerCmd - Cmd: 35463f05b7b7b83339e42a61b6036b336ee03c406bf7000ff7d3118c538b2572,true,true,<null>,true,root,{/data/testScript.sh,param1},com.github.dockerjava.jaxrs.ExecCreateCmdExec@642194fd
02:20:49.037 [Test worker] DEBUG o.a.h.c.protocol.RequestAddCookies - CookieSpec selected: default
02:20:49.037 [Test worker] DEBUG o.a.h.c.protocol.RequestAuthCache - Auth cache not set in the context
02:20:49.037 [Test worker] DEBUG c.g.d.j.JerseyDockerCmdExecFactory$1 - Connection request: [route: {s}->https://Thesis:2376][total kept alive: 2; route allocated: 2 of 2; total allocated: 2 of 20]
02:20:49.037 [Test worker] DEBUG o.a.h.i.c.DefaultManagedHttpClientConnection - http-outgoing-89: Close connection
02:20:49.038 [Test worker] DEBUG c.g.d.j.JerseyDockerCmdExecFactory$1 - Connection leased: [id: 92][route: {s}->https://Thesis:2376][total kept alive: 1; route allocated: 2 of 2; total allocated: 2 of 20]
02:20:49.038 [Test worker] DEBUG o.a.h.impl.execchain.MainClientExec - Opening connection {s}->https://Thesis:2376
02:20:49.038 [Test worker] DEBUG o.a.h.i.c.DefaultHttpClientConnectionOperator - Connecting to Thesis/127.0.1.1:2376
02:20:49.042 [Test worker] DEBUG o.a.h.c.s.SSLConnectionSocketFactory - Connecting socket to Thesis/127.0.1.1:2376 with timeout 0
02:20:49.043 [Test worker] DEBUG o.a.h.c.s.SSLConnectionSocketFactory - Enabled protocols: [TLSv1]
02:20:49.043 [Test worker] DEBUG o.a.h.c.s.SSLConnectionSocketFactory - Enabled cipher suites:[TLS_ECDHE_ECDSA_WITH_AES_128_CBC_SHA, TLS_ECDHE_RSA_WITH_AES_128_CBC_SHA, TLS_RSA_WITH_AES_128_CBC_SHA, TLS_ECDH_ECDSA_WITH_AES_128_CBC_SHA, TLS_ECDH_RSA_WITH_AES_128_CBC_SHA, TLS_DHE_RSA_WITH_AES_128_CBC_SHA, TLS_DHE_DSS_WITH_AES_128_CBC_SHA, TLS_ECDHE_ECDSA_WITH_3DES_EDE_CBC_SHA, TLS_ECDHE_RSA_WITH_3DES_EDE_CBC_SHA, SSL_RSA_WITH_3DES_EDE_CBC_SHA, TLS_ECDH_ECDSA_WITH_3DES_EDE_CBC_SHA, TLS_ECDH_RSA_WITH_3DES_EDE_CBC_SHA, SSL_DHE_RSA_WITH_3DES_EDE_CBC_SHA, SSL_DHE_DSS_WITH_3DES_EDE_CBC_SHA, TLS_ECDHE_ECDSA_WITH_RC4_128_SHA, TLS_ECDHE_RSA_WITH_RC4_128_SHA, SSL_RSA_WITH_RC4_128_SHA, TLS_ECDH_ECDSA_WITH_RC4_128_SHA, TLS_ECDH_RSA_WITH_RC4_128_SHA, SSL_RSA_WITH_RC4_128_MD5, TLS_EMPTY_RENEGOTIATION_INFO_SCSV]
02:20:49.044 [Test worker] DEBUG o.a.h.c.s.SSLConnectionSocketFactory - Starting handshake
02:20:49.131 [Test worker] DEBUG o.a.h.c.s.SSLConnectionSocketFactory - Secure session established
02:20:49.131 [Test worker] DEBUG o.a.h.c.s.SSLConnectionSocketFactory -  negotiated protocol: TLSv1
02:20:49.132 [Test worker] DEBUG o.a.h.c.s.SSLConnectionSocketFactory -  negotiated cipher suite: TLS_ECDHE_RSA_WITH_AES_128_CBC_SHA
02:20:49.132 [Test worker] DEBUG o.a.h.c.s.SSLConnectionSocketFactory -  peer principal: CN=Thesis
02:20:49.132 [Test worker] DEBUG o.a.h.c.s.SSLConnectionSocketFactory -  issuer principal: EMAILADDRESS=sha@yamil.com, CN=Thesis, OU=Open, O=Fra, L=BER, ST=BER, C=DE
02:20:49.132 [Test worker] DEBUG o.a.h.i.c.DefaultHttpClientConnectionOperator - Connection established 127.0.0.1:41060<->127.0.1.1:2376
02:20:49.135 [Test worker] DEBUG o.a.h.impl.execchain.MainClientExec - Executing request POST /containers/35463f05b7b7b83339e42a61b6036b336ee03c406bf7000ff7d3118c538b2572/exec HTTP/1.1
02:20:49.136 [Test worker] DEBUG o.a.h.impl.execchain.MainClientExec - Target auth state: UNCHALLENGED
02:20:49.136 [Test worker] DEBUG o.a.h.impl.execchain.MainClientExec - Proxy auth state: UNCHALLENGED
02:20:49.136 [Test worker] DEBUG org.apache.http.headers - http-outgoing-92 >> POST /containers/35463f05b7b7b83339e42a61b6036b336ee03c406bf7000ff7d3118c538b2572/exec HTTP/1.1
02:20:49.136 [Test worker] DEBUG org.apache.http.headers - http-outgoing-92 >> Accept: application/json
02:20:49.136 [Test worker] DEBUG org.apache.http.headers - http-outgoing-92 >> Content-Type: application/json
02:20:49.136 [Test worker] DEBUG org.apache.http.headers - http-outgoing-92 >> User-Agent: Jersey/2.23.1 (Apache HttpClient 4.5.1)
02:20:49.136 [Test worker] DEBUG org.apache.http.headers - http-outgoing-92 >> Transfer-Encoding: chunked
02:20:49.136 [Test worker] DEBUG org.apache.http.headers - http-outgoing-92 >> Host: Thesis:2376
02:20:49.137 [Test worker] DEBUG org.apache.http.headers - http-outgoing-92 >> Connection: Keep-Alive
02:20:49.137 [Test worker] DEBUG org.apache.http.headers - http-outgoing-92 >> Accept-Encoding: gzip,deflate
02:20:49.139 [Test worker] DEBUG c.g.d.j.JerseyDockerCmdExecFactory - 17 * Sending client request on thread Test worker
17 > POST https://Thesis:2376/containers/35463f05b7b7b83339e42a61b6036b336ee03c406bf7000ff7d3118c538b2572/exec
17 > Accept: application/json
17 > Content-Type: application/json
{"containerId":"35463f05b7b7b83339e42a61b6036b336ee03c406bf7000ff7d3118c538b2572","AttachStdin":true,"AttachStdout":true,"Tty":true,"User":"root","Cmd":["/data/testScript.sh","param1"]}

02:20:49.140 [Test worker] DEBUG org.apache.http.wire - http-outgoing-92 >> "POST /containers/35463f05b7b7b83339e42a61b6036b336ee03c406bf7000ff7d3118c538b2572/exec HTTP/1.1[\r][\n]"
02:20:49.140 [Test worker] DEBUG org.apache.http.wire - http-outgoing-92 >> "Accept: application/json[\r][\n]"
02:20:49.140 [Test worker] DEBUG org.apache.http.wire - http-outgoing-92 >> "Content-Type: application/json[\r][\n]"
02:20:49.140 [Test worker] DEBUG org.apache.http.wire - http-outgoing-92 >> "User-Agent: Jersey/2.23.1 (Apache HttpClient 4.5.1)[\r][\n]"
02:20:49.140 [Test worker] DEBUG org.apache.http.wire - http-outgoing-92 >> "Transfer-Encoding: chunked[\r][\n]"
02:20:49.144 [Test worker] DEBUG org.apache.http.wire - http-outgoing-92 >> "Host: Thesis:2376[\r][\n]"
02:20:49.144 [Test worker] DEBUG org.apache.http.wire - http-outgoing-92 >> "Connection: Keep-Alive[\r][\n]"
02:20:49.144 [Test worker] DEBUG org.apache.http.wire - http-outgoing-92 >> "Accept-Encoding: gzip,deflate[\r][\n]"
02:20:49.144 [Test worker] DEBUG org.apache.http.wire - http-outgoing-92 >> "[\r][\n]"
02:20:49.148 [Test worker] DEBUG org.apache.http.wire - http-outgoing-92 >> "b9[\r][\n]"
02:20:49.148 [Test worker] DEBUG org.apache.http.wire - http-outgoing-92 >> "{"containerId":"35463f05b7b7b83339e42a61b6036b336ee03c406bf7000ff7d3118c538b2572","AttachStdin":true,"AttachStdout":true,"Tty":true,"User":"root","Cmd":["/data/testScript.sh","param1"]}[\r][\n]"
02:20:49.148 [Test worker] DEBUG org.apache.http.wire - http-outgoing-92 >> "0[\r][\n]"
02:20:49.149 [Test worker] DEBUG org.apache.http.wire - http-outgoing-92 >> "[\r][\n]"
02:20:49.149 [Test worker] DEBUG org.apache.http.wire - http-outgoing-92 << "H"
02:20:49.149 [Test worker] DEBUG org.apache.http.wire - http-outgoing-92 << "TTP/1.1 201 Created[\r][\n]"
02:20:49.149 [Test worker] DEBUG org.apache.http.wire - http-outgoing-92 << "Content-Type: application/json[\r][\n]"
02:20:49.150 [Test worker] DEBUG org.apache.http.wire - http-outgoing-92 << "Server: Docker/1.12.3 (linux)[\r][\n]"
02:20:49.150 [Test worker] DEBUG org.apache.http.wire - http-outgoing-92 << "Date: Tue, 03 Jan 2017 01:20:49 GMT[\r][\n]"
02:20:49.150 [Test worker] DEBUG org.apache.http.wire - http-outgoing-92 << "Content-Length: 74[\r][\n]"
02:20:49.150 [Test worker] DEBUG org.apache.http.wire - http-outgoing-92 << "[\r][\n]"
02:20:49.151 [Test worker] DEBUG org.apache.http.wire - http-outgoing-92 << "{"Id":"ff4e6ca0e9d1780caa8e181f1e9b9257244751f33b855c38def2eaa0843b0167"}[\n]"
02:20:49.151 [Test worker] DEBUG org.apache.http.headers - http-outgoing-92 << HTTP/1.1 201 Created
02:20:49.152 [Test worker] DEBUG org.apache.http.headers - http-outgoing-92 << Content-Type: application/json
02:20:49.152 [Test worker] DEBUG org.apache.http.headers - http-outgoing-92 << Server: Docker/1.12.3 (linux)
02:20:49.152 [Test worker] DEBUG org.apache.http.headers - http-outgoing-92 << Date: Tue, 03 Jan 2017 01:20:49 GMT
02:20:49.152 [Test worker] DEBUG org.apache.http.headers - http-outgoing-92 << Content-Length: 74
02:20:49.152 [Test worker] DEBUG o.a.h.impl.execchain.MainClientExec - Connection can be kept alive indefinitely
02:20:49.152 [Test worker] DEBUG c.g.d.j.JerseyDockerCmdExecFactory - 18 * Client response received on thread Test worker
18 < 201
18 < Content-Length: 74
18 < Content-Type: application/json
18 < Date: Tue, 03 Jan 2017 01:20:49 GMT
18 < Server: Docker/1.12.3 (linux)
{"Id":"ff4e6ca0e9d1780caa8e181f1e9b9257244751f33b855c38def2eaa0843b0167"}


02:20:49.154 [Test worker] DEBUG o.a.h.i.c.DefaultManagedHttpClientConnection - http-outgoing-92: Close connection
02:20:49.154 [Test worker] DEBUG o.a.h.impl.execchain.MainClientExec - Connection discarded
02:20:49.154 [Test worker] DEBUG c.g.d.j.JerseyDockerCmdExecFactory$1 - Connection released: [id: 92][route: {s}->https://Thesis:2376][total kept alive: 1; route allocated: 1 of 2; total allocated: 1 of 20]
02:20:49.165 [dockerjava-jaxrs-async-0] DEBUG o.a.h.c.protocol.RequestAddCookies - CookieSpec selected: default
02:20:49.166 [dockerjava-jaxrs-async-0] DEBUG o.a.h.c.protocol.RequestAuthCache - Auth cache not set in the context
02:20:49.166 [dockerjava-jaxrs-async-0] DEBUG c.g.d.j.JerseyDockerCmdExecFactory$1 - Connection request: [route: {s}->https://Thesis:2376][total kept alive: 1; route allocated: 1 of 2; total allocated: 1 of 20]
02:20:49.166 [dockerjava-jaxrs-async-0] DEBUG c.g.d.j.JerseyDockerCmdExecFactory$1 - Connection leased: [id: 93][route: {s}->https://Thesis:2376][total kept alive: 1; route allocated: 2 of 2; total allocated: 2 of 20]
02:20:49.166 [dockerjava-jaxrs-async-0] DEBUG o.a.h.impl.execchain.MainClientExec - Opening connection {s}->https://Thesis:2376
02:20:49.166 [dockerjava-jaxrs-async-0] DEBUG o.a.h.i.c.DefaultHttpClientConnectionOperator - Connecting to Thesis/127.0.1.1:2376
02:20:49.166 [dockerjava-jaxrs-async-0] DEBUG o.a.h.c.s.SSLConnectionSocketFactory - Connecting socket to Thesis/127.0.1.1:2376 with timeout 0
02:20:49.174 [dockerjava-jaxrs-async-0] DEBUG o.a.h.c.s.SSLConnectionSocketFactory - Enabled protocols: [TLSv1]
02:20:49.174 [dockerjava-jaxrs-async-0] DEBUG o.a.h.c.s.SSLConnectionSocketFactory - Enabled cipher suites:[TLS_ECDHE_ECDSA_WITH_AES_128_CBC_SHA, TLS_ECDHE_RSA_WITH_AES_128_CBC_SHA, TLS_RSA_WITH_AES_128_CBC_SHA, TLS_ECDH_ECDSA_WITH_AES_128_CBC_SHA, TLS_ECDH_RSA_WITH_AES_128_CBC_SHA, TLS_DHE_RSA_WITH_AES_128_CBC_SHA, TLS_DHE_DSS_WITH_AES_128_CBC_SHA, TLS_ECDHE_ECDSA_WITH_3DES_EDE_CBC_SHA, TLS_ECDHE_RSA_WITH_3DES_EDE_CBC_SHA, SSL_RSA_WITH_3DES_EDE_CBC_SHA, TLS_ECDH_ECDSA_WITH_3DES_EDE_CBC_SHA, TLS_ECDH_RSA_WITH_3DES_EDE_CBC_SHA, SSL_DHE_RSA_WITH_3DES_EDE_CBC_SHA, SSL_DHE_DSS_WITH_3DES_EDE_CBC_SHA, TLS_ECDHE_ECDSA_WITH_RC4_128_SHA, TLS_ECDHE_RSA_WITH_RC4_128_SHA, SSL_RSA_WITH_RC4_128_SHA, TLS_ECDH_ECDSA_WITH_RC4_128_SHA, TLS_ECDH_RSA_WITH_RC4_128_SHA, SSL_RSA_WITH_RC4_128_MD5, TLS_EMPTY_RENEGOTIATION_INFO_SCSV]
02:20:49.174 [dockerjava-jaxrs-async-0] DEBUG o.a.h.c.s.SSLConnectionSocketFactory - Starting handshake
02:20:49.241 [dockerjava-jaxrs-async-0] DEBUG o.a.h.c.s.SSLConnectionSocketFactory - Secure session established
02:20:49.241 [dockerjava-jaxrs-async-0] DEBUG o.a.h.c.s.SSLConnectionSocketFactory -  negotiated protocol: TLSv1
02:20:49.241 [dockerjava-jaxrs-async-0] DEBUG o.a.h.c.s.SSLConnectionSocketFactory -  negotiated cipher suite: TLS_ECDHE_RSA_WITH_AES_128_CBC_SHA
02:20:49.241 [dockerjava-jaxrs-async-0] DEBUG o.a.h.c.s.SSLConnectionSocketFactory -  peer principal: CN=Thesis
02:20:49.241 [dockerjava-jaxrs-async-0] DEBUG o.a.h.c.s.SSLConnectionSocketFactory -  issuer principal: EMAILADDRESS=sha@yamil.com, CN=Thesis, OU=Open, O=Fra, L=BER, ST=BER, C=DE
02:20:49.242 [dockerjava-jaxrs-async-0] DEBUG o.a.h.i.c.DefaultHttpClientConnectionOperator - Connection established 127.0.0.1:41062<->127.0.1.1:2376
02:20:49.242 [dockerjava-jaxrs-async-0] DEBUG o.a.h.impl.execchain.MainClientExec - Executing request POST /exec/ff4e6ca0e9d1780caa8e181f1e9b9257244751f33b855c38def2eaa0843b0167/start HTTP/1.1
02:20:49.242 [dockerjava-jaxrs-async-0] DEBUG o.a.h.impl.execchain.MainClientExec - Target auth state: UNCHALLENGED
02:20:49.243 [dockerjava-jaxrs-async-0] DEBUG o.a.h.impl.execchain.MainClientExec - Proxy auth state: UNCHALLENGED
02:20:49.243 [dockerjava-jaxrs-async-0] DEBUG org.apache.http.headers - http-outgoing-93 >> POST /exec/ff4e6ca0e9d1780caa8e181f1e9b9257244751f33b855c38def2eaa0843b0167/start HTTP/1.1
02:20:49.243 [dockerjava-jaxrs-async-0] DEBUG org.apache.http.headers - http-outgoing-93 >> Accept: application/json
02:20:49.244 [dockerjava-jaxrs-async-0] DEBUG org.apache.http.headers - http-outgoing-93 >> Content-Type: application/json
02:20:49.244 [dockerjava-jaxrs-async-0] DEBUG org.apache.http.headers - http-outgoing-93 >> User-Agent: Jersey/2.23.1 (Apache HttpClient 4.5.1)
02:20:49.244 [dockerjava-jaxrs-async-0] DEBUG org.apache.http.headers - http-outgoing-93 >> Transfer-Encoding: chunked
02:20:49.244 [dockerjava-jaxrs-async-0] DEBUG org.apache.http.headers - http-outgoing-93 >> Host: Thesis:2376
02:20:49.244 [dockerjava-jaxrs-async-0] DEBUG org.apache.http.headers - http-outgoing-93 >> Connection: Keep-Alive
02:20:49.244 [dockerjava-jaxrs-async-0] DEBUG org.apache.http.headers - http-outgoing-93 >> Accept-Encoding: gzip,deflate
02:20:49.246 [dockerjava-jaxrs-async-0] DEBUG c.g.d.j.JerseyDockerCmdExecFactory - 19 * Sending client request on thread dockerjava-jaxrs-async-0
19 > POST https://Thesis:2376/exec/ff4e6ca0e9d1780caa8e181f1e9b9257244751f33b855c38def2eaa0843b0167/start
19 > Accept: application/json
19 > Content-Type: application/json
{}

02:20:49.246 [dockerjava-jaxrs-async-0] DEBUG org.apache.http.wire - http-outgoing-93 >> "POST /exec/ff4e6ca0e9d1780caa8e181f1e9b9257244751f33b855c38def2eaa0843b0167/start HTTP/1.1[\r][\n]"
02:20:49.247 [dockerjava-jaxrs-async-0] DEBUG org.apache.http.wire - http-outgoing-93 >> "Accept: application/json[\r][\n]"
02:20:49.247 [dockerjava-jaxrs-async-0] DEBUG org.apache.http.wire - http-outgoing-93 >> "Content-Type: application/json[\r][\n]"
02:20:49.247 [dockerjava-jaxrs-async-0] DEBUG org.apache.http.wire - http-outgoing-93 >> "User-Agent: Jersey/2.23.1 (Apache HttpClient 4.5.1)[\r][\n]"
02:20:49.247 [dockerjava-jaxrs-async-0] DEBUG org.apache.http.wire - http-outgoing-93 >> "Transfer-Encoding: chunked[\r][\n]"
02:20:49.247 [dockerjava-jaxrs-async-0] DEBUG org.apache.http.wire - http-outgoing-93 >> "Host: Thesis:2376[\r][\n]"
02:20:49.247 [dockerjava-jaxrs-async-0] DEBUG org.apache.http.wire - http-outgoing-93 >> "Connection: Keep-Alive[\r][\n]"
02:20:49.247 [dockerjava-jaxrs-async-0] DEBUG org.apache.http.wire - http-outgoing-93 >> "Accept-Encoding: gzip,deflate[\r][\n]"
02:20:49.247 [dockerjava-jaxrs-async-0] DEBUG org.apache.http.wire - http-outgoing-93 >> "[\r][\n]"
02:20:49.248 [dockerjava-jaxrs-async-0] DEBUG org.apache.http.wire - http-outgoing-93 >> "2[\r][\n]"
02:20:49.248 [dockerjava-jaxrs-async-0] DEBUG org.apache.http.wire - http-outgoing-93 >> "{}[\r][\n]"
02:20:49.248 [dockerjava-jaxrs-async-0] DEBUG org.apache.http.wire - http-outgoing-93 >> "0[\r][\n]"
02:20:49.248 [dockerjava-jaxrs-async-0] DEBUG org.apache.http.wire - http-outgoing-93 >> "[\r][\n]"
02:20:49.249 [dockerjava-jaxrs-async-0] DEBUG org.apache.http.wire - http-outgoing-93 << "H"
02:20:49.249 [dockerjava-jaxrs-async-0] DEBUG org.apache.http.wire - http-outgoing-93 << "TTP/1.1 200 OK[\r][\n]"
02:20:49.249 [dockerjava-jaxrs-async-0] DEBUG org.apache.http.wire - http-outgoing-93 << "Content-Type: application/vnd.docker.raw-stream[\r][\n]"
02:20:49.250 [dockerjava-jaxrs-async-0] DEBUG org.apache.http.wire - http-outgoing-93 << "[\r][\n]"
02:20:49.250 [dockerjava-jaxrs-async-0] DEBUG org.apache.http.headers - http-outgoing-93 << HTTP/1.1 200 OK
02:20:49.250 [dockerjava-jaxrs-async-0] DEBUG org.apache.http.headers - http-outgoing-93 << Content-Type: application/vnd.docker.raw-stream
02:20:49.286 [dockerjava-jaxrs-async-0] DEBUG org.apache.http.wire - http-outgoing-93 << "end of stream"
02:20:49.290 [dockerjava-jaxrs-async-0] DEBUG o.a.h.i.c.DefaultManagedHttpClientConnection - http-outgoing-93: Close connection
02:20:49.290 [dockerjava-jaxrs-async-0] DEBUG o.a.h.impl.execchain.MainClientExec - Connection discarded
02:20:49.290 [dockerjava-jaxrs-async-0] DEBUG c.g.d.j.JerseyDockerCmdExecFactory$1 - Connection released: [id: 93][route: {s}->https://Thesis:2376][total kept alive: 1; route allocated: 1 of 2; total allocated: 1 of 20]
02:20:49.291 [dockerjava-jaxrs-async-0] DEBUG c.g.d.j.JerseyDockerCmdExecFactory - 20 * Client response received on thread dockerjava-jaxrs-async-0
20 < 200
20 < Content-Length: -1
20 < Content-Type: application/vnd.docker.raw-stream

02:20:49.293 [Test worker] INFO  org.openbaton.docker.DockerVim - Command run successfully in Container
02:20:49.294 [Test worker] DEBUG c.g.d.core.command.AbstrDockerCmd - Cmd: 35463f05b7b7b83339e42a61b6036b336ee03c406bf7000ff7d3118c538b2572,/tmp/,/data,com.github.dockerjava.jaxrs.CopyArchiveFromContainerCmdExec@3ce36adf
02:20:49.294 [Test worker] DEBUG c.g.d.j.JerseyDockerCmdExecFactory - 21 * Sending client request on thread Test worker
21 > GET https://Thesis:2376/containers/35463f05b7b7b83339e42a61b6036b336ee03c406bf7000ff7d3118c538b2572/archive?path=%2Fdata
21 > Accept: application/x-tar

02:20:49.295 [Test worker] DEBUG o.a.h.c.protocol.RequestAddCookies - CookieSpec selected: default
02:20:49.295 [Test worker] DEBUG o.a.h.c.protocol.RequestAuthCache - Auth cache not set in the context
02:20:49.295 [Test worker] DEBUG c.g.d.j.JerseyDockerCmdExecFactory$1 - Connection request: [route: {s}->https://Thesis:2376][total kept alive: 1; route allocated: 1 of 2; total allocated: 1 of 20]
02:20:49.295 [Test worker] DEBUG c.g.d.j.JerseyDockerCmdExecFactory$1 - Connection leased: [id: 94][route: {s}->https://Thesis:2376][total kept alive: 1; route allocated: 2 of 2; total allocated: 2 of 20]
02:20:49.295 [Test worker] DEBUG o.a.h.impl.execchain.MainClientExec - Opening connection {s}->https://Thesis:2376
02:20:49.295 [Test worker] DEBUG o.a.h.i.c.DefaultHttpClientConnectionOperator - Connecting to Thesis/127.0.1.1:2376
02:20:49.295 [Test worker] DEBUG o.a.h.c.s.SSLConnectionSocketFactory - Connecting socket to Thesis/127.0.1.1:2376 with timeout 0
02:20:49.297 [Test worker] DEBUG o.a.h.c.s.SSLConnectionSocketFactory - Enabled protocols: [TLSv1]
02:20:49.297 [Test worker] DEBUG o.a.h.c.s.SSLConnectionSocketFactory - Enabled cipher suites:[TLS_ECDHE_ECDSA_WITH_AES_128_CBC_SHA, TLS_ECDHE_RSA_WITH_AES_128_CBC_SHA, TLS_RSA_WITH_AES_128_CBC_SHA, TLS_ECDH_ECDSA_WITH_AES_128_CBC_SHA, TLS_ECDH_RSA_WITH_AES_128_CBC_SHA, TLS_DHE_RSA_WITH_AES_128_CBC_SHA, TLS_DHE_DSS_WITH_AES_128_CBC_SHA, TLS_ECDHE_ECDSA_WITH_3DES_EDE_CBC_SHA, TLS_ECDHE_RSA_WITH_3DES_EDE_CBC_SHA, SSL_RSA_WITH_3DES_EDE_CBC_SHA, TLS_ECDH_ECDSA_WITH_3DES_EDE_CBC_SHA, TLS_ECDH_RSA_WITH_3DES_EDE_CBC_SHA, SSL_DHE_RSA_WITH_3DES_EDE_CBC_SHA, SSL_DHE_DSS_WITH_3DES_EDE_CBC_SHA, TLS_ECDHE_ECDSA_WITH_RC4_128_SHA, TLS_ECDHE_RSA_WITH_RC4_128_SHA, SSL_RSA_WITH_RC4_128_SHA, TLS_ECDH_ECDSA_WITH_RC4_128_SHA, TLS_ECDH_RSA_WITH_RC4_128_SHA, SSL_RSA_WITH_RC4_128_MD5, TLS_EMPTY_RENEGOTIATION_INFO_SCSV]
02:20:49.298 [Test worker] DEBUG o.a.h.c.s.SSLConnectionSocketFactory - Starting handshake
02:20:49.372 [Test worker] DEBUG o.a.h.c.s.SSLConnectionSocketFactory - Secure session established
02:20:49.372 [Test worker] DEBUG o.a.h.c.s.SSLConnectionSocketFactory -  negotiated protocol: TLSv1
02:20:49.373 [Test worker] DEBUG o.a.h.c.s.SSLConnectionSocketFactory -  negotiated cipher suite: TLS_ECDHE_RSA_WITH_AES_128_CBC_SHA
02:20:49.373 [Test worker] DEBUG o.a.h.c.s.SSLConnectionSocketFactory -  peer principal: CN=Thesis
02:20:49.373 [Test worker] DEBUG o.a.h.c.s.SSLConnectionSocketFactory -  issuer principal: EMAILADDRESS=sha@yamil.com, CN=Thesis, OU=Open, O=Fra, L=BER, ST=BER, C=DE
02:20:49.375 [Test worker] DEBUG o.a.h.i.c.DefaultHttpClientConnectionOperator - Connection established 127.0.0.1:41064<->127.0.1.1:2376
02:20:49.375 [Test worker] DEBUG o.a.h.impl.execchain.MainClientExec - Executing request GET /containers/35463f05b7b7b83339e42a61b6036b336ee03c406bf7000ff7d3118c538b2572/archive?path=%2Fdata HTTP/1.1
02:20:49.375 [Test worker] DEBUG o.a.h.impl.execchain.MainClientExec - Target auth state: UNCHALLENGED
02:20:49.375 [Test worker] DEBUG o.a.h.impl.execchain.MainClientExec - Proxy auth state: UNCHALLENGED
02:20:49.375 [Test worker] DEBUG org.apache.http.headers - http-outgoing-94 >> GET /containers/35463f05b7b7b83339e42a61b6036b336ee03c406bf7000ff7d3118c538b2572/archive?path=%2Fdata HTTP/1.1
02:20:49.376 [Test worker] DEBUG org.apache.http.headers - http-outgoing-94 >> Accept: application/x-tar
02:20:49.376 [Test worker] DEBUG org.apache.http.headers - http-outgoing-94 >> User-Agent: Jersey/2.23.1 (Apache HttpClient 4.5.1)
02:20:49.376 [Test worker] DEBUG org.apache.http.headers - http-outgoing-94 >> Host: Thesis:2376
02:20:49.376 [Test worker] DEBUG org.apache.http.headers - http-outgoing-94 >> Connection: Keep-Alive
02:20:49.376 [Test worker] DEBUG org.apache.http.headers - http-outgoing-94 >> Accept-Encoding: gzip,deflate
02:20:49.376 [Test worker] DEBUG org.apache.http.wire - http-outgoing-94 >> "GET /containers/35463f05b7b7b83339e42a61b6036b336ee03c406bf7000ff7d3118c538b2572/archive?path=%2Fdata HTTP/1.1[\r][\n]"
02:20:49.376 [Test worker] DEBUG org.apache.http.wire - http-outgoing-94 >> "Accept: application/x-tar[\r][\n]"
02:20:49.376 [Test worker] DEBUG org.apache.http.wire - http-outgoing-94 >> "User-Agent: Jersey/2.23.1 (Apache HttpClient 4.5.1)[\r][\n]"
02:20:49.376 [Test worker] DEBUG org.apache.http.wire - http-outgoing-94 >> "Host: Thesis:2376[\r][\n]"
02:20:49.377 [Test worker] DEBUG org.apache.http.wire - http-outgoing-94 >> "Connection: Keep-Alive[\r][\n]"
02:20:49.377 [Test worker] DEBUG org.apache.http.wire - http-outgoing-94 >> "Accept-Encoding: gzip,deflate[\r][\n]"
02:20:49.377 [Test worker] DEBUG org.apache.http.wire - http-outgoing-94 >> "[\r][\n]"
02:20:49.395 [Test worker] DEBUG org.apache.http.wire - http-outgoing-94 << "H"
02:20:49.395 [Test worker] DEBUG org.apache.http.wire - http-outgoing-94 << "TTP/1.1 200 OK[\r][\n]"
02:20:49.395 [Test worker] DEBUG org.apache.http.wire - http-outgoing-94 << "Content-Type: application/x-tar[\r][\n]"
02:20:49.395 [Test worker] DEBUG org.apache.http.wire - http-outgoing-94 << "Server: Docker/1.12.3 (linux)[\r][\n]"
02:20:49.395 [Test worker] DEBUG org.apache.http.wire - http-outgoing-94 << "X-Docker-Container-Path-Stat: eyJuYW1lIjoiZGF0YSIsInNpemUiOjQwOTYsIm1vZGUiOjIxNDc0ODQxNDEsIm10aW1lIjoiMjAxNy0wMS0wM1QwMjoyMDo0OS4yNzIxODQ2ODgrMDE6MDAiLCJsaW5rVGFyZ2V0IjoiIn0=[\r][\n]"
02:20:49.396 [Test worker] DEBUG org.apache.http.wire - http-outgoing-94 << "Date: Tue, 03 Jan 2017 01:20:49 GMT[\r][\n]"
02:20:49.396 [Test worker] DEBUG org.apache.http.wire - http-outgoing-94 << "Transfer-Encoding: chunked[\r][\n]"
02:20:49.396 [Test worker] DEBUG org.apache.http.wire - http-outgoing-94 << "[\r][\n]"
02:20:49.396 [Test worker] DEBUG org.apache.http.wire - http-outgoing-94 << "1000[\r][\n]"
02:20:49.396 [Test worker] DEBUG org.apache.http.wire - http-outgoing-94 << "data/[0x0][0x0][0x0][0x0][0x0][0x0][0x0][0x0][0x0][0x0][0x0][0x0][0x0][0x0][0x0][0x0][0x0][0x0][0x0][0x0][0x0][0x0][0x0][0x0][0x0][0x0][0x0][0x0][0x0][0x0][0x0][0x0][0x0][0x0][0x0][0x0][0x0][0x0][0x0][0x0][0x0][0x0][0x0][0x0][0x0][0x0][0x0][0x0][0x0][0x0][0x0][0x0][0x0][0x0][0x0][0x0][0x0][0x0][0x0][0x0][0x0][0x0][0x0][0x0][0x0][0x0][0x0][0x0][0x0][0x0][0x0][0x0][0x0][0x0][0x0][0x0][0x0][0x0][0x0][0x0][0x0][0x0][0x0][0x0][0x0][0x0][0x0][0x0][0x0][0x0][0x0][0x0][0x0][0x0][0x0]0040755[0x0]0000000[0x0]0000000[0x0]00000000000[0x0]13032576161[0x0]010165[0x0] 5[0x0][0x0][0x0][0x0][0x0][0x0][0x0][0x0][0x0][0x0][0x0][0x0][0x0][0x0][0x0][0x0][0x0][0x0][0x0][0x0][0x0][0x0][0x0][0x0][0x0][0x0][0x0][0x0][0x0][0x0][0x0][0x0][0x0][0x0][0x0][0x0][0x0][0x0][0x0][0x0][0x0][0x0][0x0][0x0][0x0][0x0][0x0][0x0][0x0][0x0][0x0][0x0][0x0][0x0][0x0][0x0][0x0][0x0][0x0][0x0][0x0][0x0][0x0][0x0][0x0][0x0][0x0][0x0][0x0][0x0][0x0][0x0][0x0][0x0][0x0][0x0][0x0][0x0][0x0][0x0][0x0][0x0][0x0][0x0][0x0][0x0][0x0][0x0][0x0][0x0][0x0][0x0][0x0][0x0][0x0][0x0][0x0][0x0][0x0][0x0]ustar[0x0]00[0x0][0x0][0x0][0x0][0x0][0x0][0x0][0x0][0x0][0x0][0x0][0x0][0x0][0x0][0x0][0x0][0x0][0x0][0x0][0x0][0x0][0x0][0x0][0x0][0x0][0x0][0x0][0x0][0x0][0x0][0x0][0x0][0x0][0x0][0x0][0x0][0x0][0x0][0x0][0x0][0x0][0x0][0x0][0x0][0x0][0x0][0x0][0x0][0x0][0x0][0x0][0x0][0x0][0x0][0x0][0x0][0x0][0x0][0x0][0x0][0x0][0x0][0x0][0x0]0000000[0x0]0000000[0x0][0x0][0x0][0x0][0x0][0x0][0x0][0x0][0x0][0x0][0x0][0x0][0x0][0x0][0x0][0x0][0x0][0x0][0x0][0x0][0x0][0x0][0x0][0x0][0x0][0x0][0x0][0x0][0x0][0x0][0x0][0x0][0x0][0x0][0x0][0x0][0x0][0x0][0x0][0x0][0x0][0x0][0x0][0x0][0x0][0x0][0x0][0x0][0x0][0x0][0x0][0x0][0x0][0x0][0x0][0x0][0x0][0x0][0x0][0x0][0x0][0x0][0x0][0x0][0x0][0x0][0x0][0x0][0x0][0x0][0x0][0x0][0x0][0x0][0x0][0x0][0x0][0x0][0x0][0x0][0x0][0x0][0x0][0x0][0x0][0x0][0x0][0x0][0x0][0x0][0x0][0x0][0x0][0x0][0x0][0x0][0x0][0x0][0x0][0x0][0x0][0x0][0x0][0x0][0x0][0x0][0x0][0x0][0x0][0x0][0x0][0x0][0x0][0x0][0x0][0x0][0x0][0x0][0x0][0x0][0x0][0x0][0x0][0x0][0x0][0x0][0x0][0x0][0x0][0x0][0x0][0x0][0x0][0x0][0x0][0x0][0x0][0x0][0x0][0x0][0x0][0x0][0x0][0x0][0x0][0x0][0x0][0x0][0x0][0x0][0x0][0x0][0x0][0x0][0x0][0x0][0x0][0x0][0x0][0x0][0x0][0x0][0x0][0x0][0x0][0x0][0x0][0x0]data/logfile[0x0][0x0][0x0][0x0][0x0][0x0][0x0][0x0][0x0][0x0][0x0][0x0][0x0][0x0][0x0][0x0][0x0][0x0][0x0][0x0][0x0][0x0][0x0][0x0][0x0][0x0][0x0][0x0][0x0][0x0][0x0][0x0][0x0][0x0][0x0][0x0][0x0][0x0][0x0][0x0][0x0][0x0][0x0][0x0][0x0][0x0][0x0][0x0][0x0][0x0][0x0][0x0][0x0][0x0][0x0][0x0][0x0][0x0][0x0][0x0][0x0][0x0][0x0][0x0][0x0][0x0][0x0][0x0][0x0][0x0][0x0][0x0][0x0][0x0][0x0][0x0][0x0][0x0][0x0][0x0][0x0][0x0][0x0][0x0][0x0][0x0][0x0][0x0]0100644[0x0]0000000[0x0]0000000[0x0]00000000100[0x0]13032576161[0x0]011515[0x0] 0[0x0][0x0][0x0][0x0][0x0][0x0][0x0][0x0][0x0][0x0][0x0][0x0][0x0][0x0][0x0][0x0][0x0][0x0][0x0][0x0][0x0][0x0][0x0][0x0][0x0][0x0][0x0][0x0][0x0][0x0][0x0][0x0][0x0][0x0][0x0][0x0][0x0][0x0][0x0][0x0][0x0][0x0][0x0][0x0][0x0][0x0][0x0][0x0][0x0][0x0][0x0][0x0][0x0][0x0][0x0][0x0][0x0][0x0][0x0][0x0][0x0][0x0][0x0][0x0][0x0][0x0][0x0][0x0][0x0][0x0][0x0][0x0][0x0][0x0][0x0][0x0][0x0][0x0][0x0][0x0][0x0][0x0][0x0][0x0][0x0][0x0][0x0][0x0][0x0][0x0][0x0][0x0][0x0][0x0][0x0][0x0][0x0][0x0][0x0][0x0]ustar[0x0]00[0x0][0x0][0x0][0x0][0x0][0x0][0x0][0x0][0x0][0x0][0x0][0x0][0x0][0x0][0x0][0x0][0x0][0x0][0x0][0x0][0x0][0x0][0x0][0x0][0x0][0x0][0x0][0x0][0x0][0x0][0x0][0x0][0x0][0x0][0x0][0x0][0x0][0x0][0x0][0x0][0x0][0x0][0x0][0x0][0x0][0x0][0x0][0x0][0x0][0x0][0x0][0x0][0x0][0x0][0x0][0x0][0x0][0x0][0x0][0x0][0x0][0x0][0x0][0x0]0000000[0x0]0000000[0x0][0x0][0x0][0x0][0x0][0x0][0x0][0x0][0x0][0x0][0x0][0x0][0x0][0x0][0x0][0x0][0x0][0x0][0x0][0x0][0x0][0x0][0x0][0x0][0x0][0x0][0x0][0x0][0x0][0x0][0x0][0x0][0x0][0x0][0x0][0x0][0x0][0x0][0x0][0x0][0x0][0x0][0x0][0x0][0x0][0x0][0x0][0x0][0x0][0x0][0x0][0x0][0x0][0x0][0x0][0x0][0x0][0x0][0x0][0x0][0x0][0x0][0x0][0x0][0x0][0x0][0x0][0x0][0x0][0x0][0x0][0x0][0x0][0x0][0x0][0x0][0x0][0x0][0x0][0x0][0x0][0x0][0x0][0x0][0x0][0x0][0x0][0x0][0x0][0x0][0x0][0x0][0x0][0x0][0x0][0x0][0x0][0x0][0x0][0x0][0x0][0x0][0x0][0x0][0x0][0x0][0x0][0x0][0x0][0x0][0x0][0x0][0x0][0x0][0x0][0x0][0x0][0x0][0x0][0x0][0x0][0x0][0x0][0x0][0x0][0x0][0x0][0x0][0x0][0x0][0x0][0x0][0x0][0x0][0x0][0x0][0x0][0x0][0x0][0x0][0x0][0x0][0x0][0x0][0x0][0x0][0x0][0x0][0x0][0x0][0x0][0x0][0x0][0x0][0x0][0x0][0x0][0x0][0x0][0x0][0x0][0x0][0x0][0x0][0x0][0x0][0x0][0x0][\n]"
02:20:49.397 [Test worker] DEBUG org.apache.http.wire - http-outgoing-94 << "This is a test script with parameter param1[\n]"
02:20:49.397 [Test worker] DEBUG org.apache.http.wire - http-outgoing-94 << "Created a new file[\n]"
02:20:49.397 [Test worker] DEBUG org.apache.http.wire - http-outgoing-94 << "[0x0][0x0][0x0][0x0][0x0][0x0][0x0][0x0][0x0][0x0][0x0][0x0][0x0][0x0][0x0][0x0][0x0][0x0][0x0][0x0][0x0][0x0][0x0][0x0][0x0][0x0][0x0][0x0][0x0][0x0][0x0][0x0][0x0][0x0][0x0][0x0][0x0][0x0][0x0][0x0][0x0][0x0][0x0][0x0][0x0][0x0][0x0][0x0][0x0][0x0][0x0][0x0][0x0][0x0][0x0][0x0][0x0][0x0][0x0][0x0][0x0][0x0][0x0][0x0][0x0][0x0][0x0][0x0][0x0][0x0][0x0][0x0][0x0][0x0][0x0][0x0][0x0][0x0][0x0][0x0][0x0][0x0][0x0][0x0][0x0][0x0][0x0][0x0][0x0][0x0][0x0][0x0][0x0][0x0][0x0][0x0][0x0][0x0][0x0][0x0][0x0][0x0][0x0][0x0][0x0][0x0][0x0][0x0][0x0][0x0][0x0][0x0][0x0][0x0][0x0][0x0][0x0][0x0][0x0][0x0][0x0][0x0][0x0][0x0][0x0][0x0][0x0][0x0][0x0][0x0][0x0][0x0][0x0][0x0][0x0][0x0][0x0][0x0][0x0][0x0][0x0][0x0][0x0][0x0][0x0][0x0][0x0][0x0][0x0][0x0][0x0][0x0][0x0][0x0][0x0][0x0][0x0][0x0][0x0][0x0][0x0][0x0][0x0][0x0][0x0][0x0][0x0][0x0][0x0][0x0][0x0][0x0][0x0][0x0][0x0][0x0][0x0][0x0][0x0][0x0][0x0][0x0][0x0][0x0][0x0][0x0][0x0][0x0][0x0][0x0][0x0][0x0][0x0][0x0][0x0][0x0][0x0][0x0][0x0][0x0][0x0][0x0][0x0][0x0][0x0][0x0][0x0][0x0][0x0][0x0][0x0][0x0][0x0][0x0][0x0][0x0][0x0][0x0][0x0][0x0][0x0][0x0][0x0][0x0][0x0][0x0][0x0][0x0][0x0][0x0][0x0][0x0][0x0][0x0][0x0][0x0][0x0][0x0][0x0][0x0][0x0][0x0][0x0][0x0][0x0][0x0][0x0][0x0][0x0][0x0][0x0][0x0][0x0][0x0][0x0][0x0][0x0][0x0][0x0][0x0][0x0][0x0][0x0][0x0][0x0][0x0][0x0][0x0][0x0][0x0][0x0][0x0][0x0][0x0][0x0][0x0][0x0][0x0][0x0][0x0][0x0][0x0][0x0][0x0][0x0][0x0][0x0][0x0][0x0][0x0][0x0][0x0][0x0][0x0][0x0][0x0][0x0][0x0][0x0][0x0][0x0][0x0][0x0][0x0][0x0][0x0][0x0][0x0][0x0][0x0][0x0][0x0][0x0][0x0][0x0][0x0][0x0][0x0][0x0][0x0][0x0][0x0][0x0][0x0][0x0][0x0][0x0][0x0][0x0][0x0][0x0][0x0][0x0][0x0][0x0][0x0][0x0][0x0][0x0][0x0][0x0][0x0][0x0][0x0][0x0][0x0][0x0][0x0][0x0][0x0][0x0][0x0][0x0][0x0][0x0][0x0][0x0][0x0][0x0][0x0][0x0][0x0][0x0][0x0][0x0][0x0][0x0][0x0][0x0][0x0][0x0][0x0][0x0][0x0][0x0][0x0][0x0][0x0][0x0][0x0][0x0][0x0][0x0][0x0][0x0][0x0][0x0][0x0][0x0][0x0][0x0][0x0][0x0][0x0][0x0][0x0][0x0][0x0][0x0][0x0][0x0][0x0][0x0][0x0][0x0][0x0][0x0][0x0][0x0][0x0][0x0][0x0][0x0][0x0][0x0][0x0][0x0][0x0][0x0][0x0][0x0][0x0][0x0][0x0][0x0][0x0][0x0][0x0][0x0][0x0][0x0][0x0][0x0][0x0][0x0][0x0][0x0][0x0][0x0][0x0][0x0][0x0][0x0][0x0][0x0][0x0][0x0][0x0]data/new_file[0x0][0x0][0x0][0x0][0x0][0x0][0x0][0x0][0x0][0x0][0x0][0x0][0x0][0x0][0x0][0x0][0x0][0x0][0x0][0x0][0x0][0x0][0x0][0x0][0x0][0x0][0x0][0x0][0x0][0x0][0x0][0x0][0x0][0x0][0x0][0x0][0x0][0x0][0x0][0x0][0x0][0x0][0x0][0x0][0x0][0x0][0x0][0x0][0x0][0x0][0x0][0x0][0x0][0x0][0x0][0x0][0x0][0x0][0x0][0x0][0x0][0x0][0x0][0x0][0x0][0x0][0x0][0x0][0x0][0x0][0x0][0x0][0x0][0x0][0x0][0x0][0x0][0x0][0x0][0x0][0x0][0x0][0x0][0x0][0x0][0x0][0x0]0100644[0x0]0000000[0x0]0000000[0x0]00000000000[0x0]13032576161[0x0]011663[0x0] 0[0x0][0x0][0x0][0x0][0x0][0x0][0x0][0x0][0x0][0x0][0x0][0x0][0x0][0x0][0x0][0x0][0x0][0x0][0x0][0x0][0x0][0x0][0x0][0x0][0x0][0x0][0x0][0x0][0x0][0x0][0x0][0x0][0x0][0x0][0x0][0x0][0x0][0x0][0x0][0x0][0x0][0x0][0x0][0x0][0x0][0x0][0x0][0x0][0x0][0x0][0x0][0x0][0x0][0x0][0x0][0x0][0x0][0x0][0x0][0x0][0x0][0x0][0x0][0x0][0x0][0x0][0x0][0x0][0x0][0x0][0x0][0x0][0x0][0x0][0x0][0x0][0x0][0x0][0x0][0x0][0x0][0x0][0x0][0x0][0x0][0x0][0x0][0x0][0x0][0x0][0x0][0x0][0x0][0x0][0x0][0x0][0x0][0x0][0x0][0x0]ustar[0x0]00[0x0][0x0][0x0][0x0][0x0][0x0][0x0][0x0][0x0][0x0][0x0][0x0][0x0][0x0][0x0][0x0][0x0][0x0][0x0][0x0][0x0][0x0][0x0][0x0][0x0][0x0][0x0][0x0][0x0][0x0][0x0][0x0][0x0][0x0][0x0][0x0][0x0][0x0][0x0][0x0][0x0][0x0][0x0][0x0][0x0][0x0][0x0][0x0][0x0][0x0][0x0][0x0][0x0][0x0][0x0][0x0][0x0][0x0][0x0][0x0][0x0][0x0][0x0][0x0]0000000[0x0]0000000[0x0][0x0][0x0][0x0][0x0][0x0][0x0][0x0][0x0][0x0][0x0][0x0][0x0][0x0][0x0][0x0][0x0][0x0][0x0][0x0][0x0][0x0][0x0][0x0][0x0][0x0][0x0][0x0][0x0][0x0][0x0][0x0][0x0][0x0][0x0][0x0][0x0][0x0][0x0][0x0][0x0][0x0][0x0][0x0][0x0][0x0][0x0][0x0][0x0][0x0][0x0][0x0][0x0][0x0][0x0][0x0][0x0][0x0][0x0][0x0][0x0][0x0][0x0][0x0][0x0][0x0][0x0][0x0][0x0][0x0][0x0][0x0][0x0][0x0][0x0][0x0][0x0][0x0][0x0][0x0][0x0][0x0][0x0][0x0][0x0][0x0][0x0][0x0][0x0][0x0][0x0][0x0][0x0][0x0][0x0][0x0][0x0][0x0][0x0][0x0][0x0][0x0][0x0][0x0][0x0][0x0][0x0][0x0][0x0][0x0][0x0][0x0][0x0][0x0][0x0][0x0][0x0][0x0][0x0][0x0][0x0][0x0][0x0][0x0][0x0][0x0][0x0][0x0][0x0][0x0][0x0][0x0][0x0][0x0][0x0][0x0][0x0][0x0][0x0][0x0][0x0][0x0][0x0][0x0][0x0][0x0][0x0][0x0][0x0][0x0][0x0][0x0][0x0][0x0][0x0][0x0][0x0][0x0][0x0][0x0][0x0][0x0][0x0][0x0][0x0][0x0][0x0][0x0]data/testScript.sh[0x0][0x0][0x0][0x0][0x0][0x0][0x0][0x0][0x0][0x0][0x0][0x0][0x0][0x0][0x0][0x0][0x0][0x0][0x0][0x0][0x0][0x0][0x0][0x0][0x0][0x0][0x0][0x0][0x0][0x0][0x0][0x0][0x0][0x0][0x0][0x0][0x0][0x0][0x0][0x0][0x0][0x0][0x0][0x0][0x0][0x0][0x0][0x0][0x0][0x0][0x0][0x0][0x0][0x0][0x0][0x0][0x0][0x0][0x0][0x0][0x0][0x0][0x0][0x0][0x0][0x0][0x0][0x0][0x0][0x0][0x0][0x0][0x0][0x0][0x0][0x0][0x0][0x0][0x0][0x0][0x0][0x0]0100755[0x0]0000000[0x0]0000000[0x0]00000000307[0x0]13032576160[0x0]012664[0x0] 0[0x0][0x0][0x0][0x0][0x0][0x0][0x0][0x0][0x0][0x0][0x0][0x0][0x0][0x0][0x0][0x0][0x0][0x0][0x0][0x0][0x0][0x0][0x0][0x0][0x0][0x0][0x0][0x0][0x0][0x0][0x0][0x0][0x0][0x0][0x0][0x0][0x0][0x0][0x0][0x0][0x0][0x0][0x0][0x0][0x0][0x0][0x0][0x0][0x0][0x0][0x0][0x0][0x0][0x0][0x0][0x0][0x0][0x0][0x0][0x0][0x0][0x0][0x0][0x0][0x0][0x0][0x0][0x0][0x0][0x0][0x0][0x0][0x0][0x0][0x0][0x0][0x0][0x0][0x0][0x0][0x0][0x0][0x0][0x0][0x0][0x0][0x0][0x0][0x0][0x0][0x0][0x0][0x0][0x0][0x0][0x0][0x0][0x0][0x0][0x0]ustar[0x0]00[0x0][0x0][0x0][0x0][0x0][0x0][0x0][0x0][0x0][0x0][0x0][0x0][0x0][0x0][0x0][0x0][0x0][0x0][0x0][0x0][0x0][0x0][0x0][0x0][0x0][0x0][0x0][0x0][0x0][0x0][0x0][0x0][0x0][0x0][0x0][0x0][0x0][0x0][0x0][0x0][0x0][0x0][0x0][0x0][0x0][0x0][0x0][0x0][0x0][0x0][0x0][0x0][0x0][0x0][0x0][0x0][0x0][0x0][0x0][0x0][0x0][0x0][0x0][0x0]0000000[0x0]0000000[0x0][0x0][0x0][0x0][0x0][0x0][0x0][0x0][0x0][0x0][0x0][0x0][0x0][0x0][0x0][0x0][0x0][0x0][0x0][0x0][0x0][0x0][0x0][0x0][0x0][0x0][0x0][0x0][0x0][0x0][0x0][0x0][0x0][0x0][0x0][0x0][0x0][0x0][0x0][0x0][0x0][0x0][0x0][0x0][0x0][0x0][0x0][0x0][0x0][0x0][0x0][0x0][0x0][0x0][0x0][0x0][0x0][0x0][0x0][0x0][0x0][0x0][0x0][0x0][0x0][0x0][0x0][0x0][0x0][0x0][0x0][0x0][0x0][0x0][0x0][0x0][0x0][0x0][0x0][0x0][0x0][0x0][0x0][0x0][0x0][0x0][0x0][0x0][0x0][0x0][0x0][0x0][0x0][0x0][0x0][0x0][0x0][0x0][0x0][0x0][0x0][0x0][0x0][0x0][0x0][0x0][0x0][0x0][0x0][0x0][0x0][0x0][0x0][0x0][0x0][0x0][0x0][0x0][0x0][0x0][0x0][0x0][0x0][0x0][0x0][0x0][0x0][0x0][0x0][0x0][0x0][0x0][0x0][0x0][0x0][0x0][0x0][0x0][0x0][0x0][0x0][0x0][0x0][0x0][0x0][0x0][0x0][0x0][0x0][0x0][0x0][0x0][0x0][0x0][0x0][0x0][0x0][0x0][0x0][0x0][0x0][0x0][0x0][0x0][0x0][0x0][0x0][0x0]#!/bin/bash[\n]"
02:20:49.398 [Test worker] DEBUG org.apache.http.wire - http-outgoing-94 << "[\n]"
02:20:49.398 [Test worker] DEBUG org.apache.http.wire - http-outgoing-94 << "LOG_FILE=/data/logfile[\n]"
02:20:49.398 [Test worker] DEBUG org.apache.http.wire - http-outgoing-94 << "touch /data/logfile[\n]"
02:20:49.398 [Test worker] DEBUG org.apache.http.wire - http-outgoing-94 << "echo "" > $LOG_FILE[\n]"
02:20:49.398 [Test worker] DEBUG org.apache.http.wire - http-outgoing-94 << "cd /data[\n]"
02:20:49.398 [Test worker] DEBUG org.apache.http.wire - http-outgoing-94 << "echo "This is a test script with parameter $1" >> $LOG_FILE[\n]"
02:20:49.398 [Test worker] DEBUG org.apache.http.wire - http-outgoing-94 << "touch new_file[\n]"
02:20:49.398 [Test worker] DEBUG org.apache.http.wire - http-outgoing-94 << "echo "Created a new file" >> $LOG_FILE[\n]"
02:20:49.399 [Test worker] DEBUG org.apache.http.wire - http-outgoing-94 << "[0x0][0x0][0x0][0x0][0x0][0x0][0x0][0x0][0x0][0x0][0x0][0x0][0x0][0x0][0x0][0x0][0x0][0x0][0x0][0x0][0x0][0x0][0x0][0x0][0x0][0x0][0x0][0x0][0x0][0x0][0x0][0x0][0x0][0x0][0x0][0x0][0x0][0x0][0x0][0x0][0x0][0x0][0x0][0x0][0x0][0x0][0x0][0x0][0x0][0x0][0x0][0x0][0x0][0x0][0x0][0x0][0x0][0x0][0x0][0x0][0x0][0x0][0x0][0x0][0x0][0x0][0x0][0x0][0x0][0x0][0x0][0x0][0x0][0x0][0x0][0x0][0x0][0x0][0x0][0x0][0x0][0x0][0x0][0x0][0x0][0x0][0x0][0x0][0x0][0x0][0x0][0x0][0x0][0x0][0x0][0x0][0x0][0x0][0x0][0x0][0x0][0x0][0x0][0x0][0x0][0x0][0x0][0x0][0x0][0x0][0x0][0x0][0x0][0x0][0x0][0x0][0x0][0x0][0x0][0x0][0x0][0x0][0x0][0x0][0x0][0x0][0x0][0x0][0x0][0x0][0x0][0x0][0x0][0x0][0x0][0x0][0x0][0x0][0x0][0x0][0x0][0x0][0x0][0x0][0x0][0x0][0x0][0x0][0x0][0x0][0x0][0x0][0x0][0x0][0x0][0x0][0x0][0x0][0x0][0x0][0x0][0x0][0x0][0x0][0x0][0x0][0x0][0x0][0x0][0x0][0x0][0x0][0x0][0x0][0x0][0x0][0x0][0x0][0x0][0x0][0x0][0x0][0x0][0x0][0x0][0x0][0x0][0x0][0x0][0x0][0x0][0x0][0x0][0x0][0x0][0x0][0x0][0x0][0x0][0x0][0x0][0x0][0x0][0x0][0x0][0x0][0x0][0x0][0x0][0x0][0x0][0x0][0x0][0x0][0x0][0x0][0x0][0x0][0x0][0x0][0x0][0x0][0x0][0x0][0x0][0x0][0x0][0x0][0x0][0x0][0x0][0x0][0x0][0x0][0x0][0x0][0x0][0x0][0x0][0x0][0x0][0x0][0x0][0x0][0x0][0x0][0x0][0x0][0x0][0x0][0x0][0x0][0x0][0x0][0x0][0x0][0x0][0x0][0x0][0x0][0x0][0x0][0x0][0x0][0x0][0x0][0x0][0x0][0x0][0x0][0x0][0x0][0x0][0x0][0x0][0x0][0x0][0x0][0x0][0x0][0x0][0x0][0x0][0x0][0x0][0x0][0x0][0x0][0x0][0x0][0x0][0x0][0x0][0x0][0x0][0x0][0x0][0x0][0x0][0x0][0x0][0x0][0x0][0x0][0x0][0x0][0x0][0x0][0x0][0x0][0x0][0x0][0x0][0x0][0x0][0x0][0x0][0x0][0x0][0x0][0x0][0x0][0x0][0x0][0x0][0x0][0x0][0x0][0x0][0x0][0x0][0x0][0x0][0x0][0x0][0x0][0x0][0x0][0x0][0x0][0x0][0x0][0x0][0x0][0x0][0x0][0x0][0x0][0x0][0x0][0x0][0x0][0x0][0x0][0x0][0x0][0x0][0x0][0x0][0x0][0x0][0x0][0x0][0x0][0x0][0x0][0x0][0x0][0x0][0x0][0x0][0x0][0x0][0x0][0x0][0x0][0x0][0x0][0x0][0x0][0x0][0x0][0x0][0x0][0x0][0x0][0x0][0x0][0x0][0x0][0x0][0x0][0x0][0x0][0x0][0x0][0x0][0x0][0x0][0x0][0x0][0x0][0x0][0x0][0x0][0x0][0x0][0x0][0x0][0x0][0x0][0x0][0x0][0x0][0x0][0x0][0x0][0x0][0x0][0x0][0x0][0x0][0x0][0x0][0x0][0x0][0x0][0x0][0x0][0x0][0x0][0x0][0x0][0x0][0x0][0x0][0x0][0x0][0x0][0x0][0x0][0x0][0x0][0x0][0x0][0x0][0x0][0x0][0x0][0x0][0x0][0x0][0x0][0x0][0x0][0x0][0x0][0x0][0x0][0x0][0x0][0x0][0x0][0x0][0x0][0x0][0x0][0x0][0x0][0x0][0x0][0x0][0x0][0x0][0x0][0x0][0x0][0x0][0x0][0x0][0x0][0x0][0x0][0x0][0x0][0x0][0x0][0x0][0x0][0x0][0x0][0x0][0x0][0x0][0x0][0x0][0x0][0x0][0x0][0x0][0x0][0x0][0x0][0x0][0x0][0x0][0x0][0x0][0x0][0x0][0x0][0x0][0x0][0x0][0x0][0x0][0x0][0x0][0x0][0x0][0x0][0x0][0x0][0x0][0x0][0x0][0x0][0x0][0x0][0x0][0x0][0x0][0x0][0x0][0x0][0x0][0x0][0x0][0x0][0x0][0x0][0x0][0x0][0x0][0x0][0x0][0x0][0x0][0x0][0x0][0x0][0x0][0x0][0x0][0x0][0x0][0x0][0x0][0x0][0x0][0x0][0x0][0x0][0x0][0x0][0x0][0x0][0x0][0x0][0x0][0x0][0x0][0x0][0x0][0x0][0x0][0x0][0x0][0x0][0x0][0x0][0x0][0x0][0x0][0x0][0x0][0x0][0x0][0x0][0x0][0x0][0x0][0x0][0x0][0x0][0x0][0x0][0x0][0x0][0x0][0x0][0x0][0x0][0x0][0x0][0x0][0x0][0x0][0x0][0x0][0x0][0x0][0x0][0x0][0x0][0x0][0x0][0x0][0x0][0x0][0x0][0x0][0x0][0x0][0x0][0x0][0x0][0x0][0x0][0x0][0x0][0x0][0x0][0x0][0x0][0x0][0x0][0x0][0x0][0x0][0x0][0x0][0x0][0x0][0x0][0x0][0x0][0x0][0x0][0x0][0x0][0x0][0x0][0x0][0x0][0x0][0x0][0x0][0x0][0x0][0x0][0x0][0x0][0x0][0x0][0x0][0x0][0x0][0x0][0x0][0x0][0x0][0x0][0x0][0x0][0x0][0x0][0x0][0x0][0x0][0x0][0x0][0x0][0x0][0x0][0x0][0x0][0x0][0x0][0x0][0x0][0x0][0x0][0x0][0x0][0x0][0x0][0x0][0x0][0x0][0x0][0x0][0x0][0x0][0x0][0x0][0x0][0x0][0x0][0x0][0x0][0x0][0x0][0x0][0x0][0x0][0x0][0x0][0x0][0x0][0x0][0x0][0x0][0x0][0x0][0x0][0x0][0x0][0x0][0x0][0x0][0x0][0x0][0x0][0x0][0x0][0x0][0x0][0x0][0x0][0x0][0x0][0x0][0x0][0x0][0x0][0x0][0x0][0x0][0x0][0x0][0x0][0x0][0x0][0x0][0x0][0x0][0x0][0x0][0x0][0x0][0x0][0x0][0x0][0x0][0x0][0x0][0x0][0x0][0x0][0x0][0x0][0x0][0x0][0x0][0x0][0x0][0x0][0x0][0x0][0x0][0x0][0x0][0x0][0x0][0x0][0x0][0x0][0x0][0x0][0x0][0x0][0x0][0x0][0x0][0x0][0x0][0x0][0x0][0x0][0x0][0x0][0x0][0x0][0x0][0x0][0x0][0x0][0x0][0x0][0x0][0x0][0x0][0x0][0x0][0x0][0x0][0x0][0x0][0x0][0x0][0x0][0x0][0x0][0x0][0x0][0x0][0x0][0x0][0x0][0x0][0x0][0x0][0x0][0x0][0x0][0x0][0x0][0x0][0x0][0x0][0x0][0x0][0x0][0x0][0x0][0x0][0x0][0x0][0x0][0x0][0x0][0x0][0x0][0x0][0x0][0x0][0x0][0x0][0x0][0x0][0x0][0x0][0x0][0x0][0x0][0x0][0x0][0x0][0x0][0x0][0x0][0x0][0x0][0x0][0x0][0x0][0x0][0x0][0x0][0x0][0x0][0x0][0x0][0x0][0x0][0x0][0x0][0x0][0x0][0x0][0x0][0x0][0x0][0x0][0x0][0x0][0x0][0x0][0x0][0x0][0x0][0x0][0x0][0x0][0x0][0x0][0x0][0x0][0x0][0x0][0x0][0x0][0x0][0x0][0x0][0x0][0x0][0x0][0x0][0x0][0x0][0x0][0x0][0x0][0x0][0x0][0x0][0x0][0x0][0x0][0x0][0x0][0x0][0x0][0x0][0x0][0x0][0x0][0x0][0x0][0x0][0x0][0x0][0x0][0x0][0x0][0x0][0x0][0x0][0x0][0x0][0x0][0x0][0x0][0x0][0x0][0x0][0x0][0x0][0x0][0x0][0x0][0x0][0x0][0x0][0x0][0x0][0x0][0x0][0x0][0x0][0x0][0x0][0x0][0x0][0x0][0x0][0x0][0x0][0x0][0x0][0x0][0x0][0x0][0x0][0x0][0x0][0x0][0x0][0x0][0x0][0x0][0x0][0x0][0x0][0x0][0x0][0x0][0x0][0x0][0x0][0x0][0x0][0x0][0x0][0x0]"
02:20:49.401 [Test worker] DEBUG org.apache.http.headers - http-outgoing-94 << HTTP/1.1 200 OK
02:20:49.401 [Test worker] DEBUG org.apache.http.headers - http-outgoing-94 << Content-Type: application/x-tar
02:20:49.401 [Test worker] DEBUG org.apache.http.headers - http-outgoing-94 << Server: Docker/1.12.3 (linux)
02:20:49.401 [Test worker] DEBUG org.apache.http.headers - http-outgoing-94 << X-Docker-Container-Path-Stat: eyJuYW1lIjoiZGF0YSIsInNpemUiOjQwOTYsIm1vZGUiOjIxNDc0ODQxNDEsIm10aW1lIjoiMjAxNy0wMS0wM1QwMjoyMDo0OS4yNzIxODQ2ODgrMDE6MDAiLCJsaW5rVGFyZ2V0IjoiIn0=
02:20:49.401 [Test worker] DEBUG org.apache.http.headers - http-outgoing-94 << Date: Tue, 03 Jan 2017 01:20:49 GMT
02:20:49.401 [Test worker] DEBUG org.apache.http.headers - http-outgoing-94 << Transfer-Encoding: chunked
02:20:49.401 [Test worker] DEBUG o.a.h.impl.execchain.MainClientExec - Connection can be kept alive indefinitely
02:20:49.401 [Test worker] DEBUG c.g.d.j.JerseyDockerCmdExecFactory - 22 * Client response received on thread Test worker
22 < 200
22 < Content-Length: -1
22 < Content-Type: application/x-tar
22 < Date: Tue, 03 Jan 2017 01:20:49 GMT
22 < Server: Docker/1.12.3 (linux)
22 < Transfer-Encoding: chunked
22 < X-Docker-Container-Path-Stat: eyJuYW1lIjoiZGF0YSIsInNpemUiOjQwOTYsIm1vZGUiOjIxNDc0ODQxNDEsIm10aW1lIjoiMjAxNy0wMS0wM1QwMjoyMDo0OS4yNzIxODQ2ODgrMDE6MDAiLCJsaW5rVGFyZ2V0IjoiIn0=
data/???????????????????????????????????????????????????????????????????????????????????????????????0040755?0000000?0000000?00000000000?13032576161?010165? 5????????????????????????????????????????????????????????????????????????????????????????????????????ustar?00????????????????????????????????????????????????????????????????0000000?0000000????????????????????????????????????????????????????????????????????????????????????????????????????????????????????????????????????????????????????????????????????????data/logfile????????????????????????????????????????????????????????????????????????????????????????0100644?0000000?0000000?00000000100?13032576161?011515? 0????????????????????????????????????????????????????????????????????????????????????????????????????ustar?00????????????????????????????????????????????????????????????????0000000?0000000????????????????????????????????????????????????????????????????????????????????????????????????????????????????????????????????????????????????????????????????????????
This is a test script with parameter param1
Created a new file
????????????????????????????????????????????????????????????????????????????????????????????????????????????????????????????????????????????????????????????????????????????????????????????????????????????????????????????????????????????????????????????????????????????????????????????????????????????????????????????????????????????????????????????????????????????????????????????????????????????????????????????????????????????????????????????????data/new_file???????????????????????????????????????????????????????????????????????????????????????0100644?0000000?0000000?00000000000?13032576161?011663? 0????????????????????????????????????????????????????????????????????????????????????????????????????ustar?00????????????????????????????????????????????????????????????????0000000?0000000????????????????????????????????????????????????????????????????????????????????????????????????????????????????????????????????????????????????????????????????????????data/testScript.sh??????????????????????????????????????????????????????????????????????????????????0100755?0000000?0000000?00000000307?13032576160?012664? 0????????????????????????????????????????????????????????????????????????????????????????????????????ustar?00????????????????????????????????????????????????????????????????0000000?0000000????????????????????????????????????????????????????????????????????????????????????????????????????????????????????????????????????????????????????????????????????????#!/bin/bash

LOG_FILE=/data/logfile
touch /data/logfile
echo "" > $LOG_FILE
cd /data
echo "This is a test script with parameter $1" >> $LOG_FILE
touch new_file
echo "Created a new file" >> $LOG_FILE
???????????????????????????????????????????????????????????????????????????????????????????????????????????????????????????????????????????????????????????????????????????????????????????????????????????????????????????????????????????????????????????????????????????????????????????????????????????????????????????????????????????????????????????????????????????????????????????????????????????????????????????????????????????????????????????????????????????????????????????????????????????????????????????????????????????????????????????????????????????????????????????????????????????????????????????????????????????????????????????????????????????????????????????????????????????????????????????????????????????????????????????????????????????????????????????????????????????????????????????????????????????????????????????????????????????????????????????????????????????????????????????????????????????????????????????????????????????????????????????????????????????????????????????????????????????????

02:20:49.402 [Test worker] INFO  org.openbaton.docker.DockerVim - Archive '/data' is copied successfully
02:20:49.402 [Test worker] DEBUG c.g.d.core.command.AbstrDockerCmd - Cmd: -1,<null>,true,<null>,<null>,com.github.dockerjava.core.util.FiltersBuilder@0,com.github.dockerjava.jaxrs.ListContainersCmdExec@41b21326
02:20:49.402 [Test worker] DEBUG c.g.d.j.JerseyDockerCmdExecFactory - 23 * Sending client request on thread Test worker
23 > GET https://Thesis:2376/containers/json?all=true
23 > Accept: application/json

02:20:49.403 [Test worker] DEBUG o.a.h.c.protocol.RequestAddCookies - CookieSpec selected: default
02:20:49.403 [Test worker] DEBUG o.a.h.c.protocol.RequestAuthCache - Auth cache not set in the context
02:20:49.403 [Test worker] DEBUG c.g.d.j.JerseyDockerCmdExecFactory$1 - Connection request: [route: {s}->https://Thesis:2376][total kept alive: 1; route allocated: 2 of 2; total allocated: 2 of 20]
02:20:49.403 [Test worker] DEBUG o.a.h.i.c.DefaultManagedHttpClientConnection - http-outgoing-91: Close connection
02:20:49.403 [Test worker] DEBUG c.g.d.j.JerseyDockerCmdExecFactory$1 - Connection leased: [id: 95][route: {s}->https://Thesis:2376][total kept alive: 0; route allocated: 2 of 2; total allocated: 2 of 20]
02:20:49.403 [Test worker] DEBUG o.a.h.impl.execchain.MainClientExec - Opening connection {s}->https://Thesis:2376
02:20:49.403 [Test worker] DEBUG o.a.h.i.c.DefaultHttpClientConnectionOperator - Connecting to Thesis/127.0.1.1:2376
02:20:49.403 [Test worker] DEBUG o.a.h.c.s.SSLConnectionSocketFactory - Connecting socket to Thesis/127.0.1.1:2376 with timeout 0
02:20:49.404 [Test worker] DEBUG o.a.h.c.s.SSLConnectionSocketFactory - Enabled protocols: [TLSv1]
02:20:49.404 [Test worker] DEBUG o.a.h.c.s.SSLConnectionSocketFactory - Enabled cipher suites:[TLS_ECDHE_ECDSA_WITH_AES_128_CBC_SHA, TLS_ECDHE_RSA_WITH_AES_128_CBC_SHA, TLS_RSA_WITH_AES_128_CBC_SHA, TLS_ECDH_ECDSA_WITH_AES_128_CBC_SHA, TLS_ECDH_RSA_WITH_AES_128_CBC_SHA, TLS_DHE_RSA_WITH_AES_128_CBC_SHA, TLS_DHE_DSS_WITH_AES_128_CBC_SHA, TLS_ECDHE_ECDSA_WITH_3DES_EDE_CBC_SHA, TLS_ECDHE_RSA_WITH_3DES_EDE_CBC_SHA, SSL_RSA_WITH_3DES_EDE_CBC_SHA, TLS_ECDH_ECDSA_WITH_3DES_EDE_CBC_SHA, TLS_ECDH_RSA_WITH_3DES_EDE_CBC_SHA, SSL_DHE_RSA_WITH_3DES_EDE_CBC_SHA, SSL_DHE_DSS_WITH_3DES_EDE_CBC_SHA, TLS_ECDHE_ECDSA_WITH_RC4_128_SHA, TLS_ECDHE_RSA_WITH_RC4_128_SHA, SSL_RSA_WITH_RC4_128_SHA, TLS_ECDH_ECDSA_WITH_RC4_128_SHA, TLS_ECDH_RSA_WITH_RC4_128_SHA, SSL_RSA_WITH_RC4_128_MD5, TLS_EMPTY_RENEGOTIATION_INFO_SCSV]
02:20:49.405 [Test worker] DEBUG o.a.h.c.s.SSLConnectionSocketFactory - Starting handshake
02:20:49.465 [Test worker] DEBUG o.a.h.c.s.SSLConnectionSocketFactory - Secure session established
02:20:49.465 [Test worker] DEBUG o.a.h.c.s.SSLConnectionSocketFactory -  negotiated protocol: TLSv1
02:20:49.465 [Test worker] DEBUG o.a.h.c.s.SSLConnectionSocketFactory -  negotiated cipher suite: TLS_ECDHE_RSA_WITH_AES_128_CBC_SHA
02:20:49.465 [Test worker] DEBUG o.a.h.c.s.SSLConnectionSocketFactory -  peer principal: CN=Thesis
02:20:49.465 [Test worker] DEBUG o.a.h.c.s.SSLConnectionSocketFactory -  issuer principal: EMAILADDRESS=sha@yamil.com, CN=Thesis, OU=Open, O=Fra, L=BER, ST=BER, C=DE
02:20:49.466 [Test worker] DEBUG o.a.h.i.c.DefaultHttpClientConnectionOperator - Connection established 127.0.0.1:41066<->127.0.1.1:2376
02:20:49.466 [Test worker] DEBUG o.a.h.impl.execchain.MainClientExec - Executing request GET /containers/json?all=true HTTP/1.1
02:20:49.466 [Test worker] DEBUG o.a.h.impl.execchain.MainClientExec - Target auth state: UNCHALLENGED
02:20:49.466 [Test worker] DEBUG o.a.h.impl.execchain.MainClientExec - Proxy auth state: UNCHALLENGED
02:20:49.466 [Test worker] DEBUG org.apache.http.headers - http-outgoing-95 >> GET /containers/json?all=true HTTP/1.1
02:20:49.466 [Test worker] DEBUG org.apache.http.headers - http-outgoing-95 >> Accept: application/json
02:20:49.466 [Test worker] DEBUG org.apache.http.headers - http-outgoing-95 >> User-Agent: Jersey/2.23.1 (Apache HttpClient 4.5.1)
02:20:49.466 [Test worker] DEBUG org.apache.http.headers - http-outgoing-95 >> Host: Thesis:2376
02:20:49.466 [Test worker] DEBUG org.apache.http.headers - http-outgoing-95 >> Connection: Keep-Alive
02:20:49.466 [Test worker] DEBUG org.apache.http.headers - http-outgoing-95 >> Accept-Encoding: gzip,deflate
02:20:49.466 [Test worker] DEBUG org.apache.http.wire - http-outgoing-95 >> "GET /containers/json?all=true HTTP/1.1[\r][\n]"
02:20:49.466 [Test worker] DEBUG org.apache.http.wire - http-outgoing-95 >> "Accept: application/json[\r][\n]"
02:20:49.466 [Test worker] DEBUG org.apache.http.wire - http-outgoing-95 >> "User-Agent: Jersey/2.23.1 (Apache HttpClient 4.5.1)[\r][\n]"
02:20:49.466 [Test worker] DEBUG org.apache.http.wire - http-outgoing-95 >> "Host: Thesis:2376[\r][\n]"
02:20:49.466 [Test worker] DEBUG org.apache.http.wire - http-outgoing-95 >> "Connection: Keep-Alive[\r][\n]"
02:20:49.466 [Test worker] DEBUG org.apache.http.wire - http-outgoing-95 >> "Accept-Encoding: gzip,deflate[\r][\n]"
02:20:49.466 [Test worker] DEBUG org.apache.http.wire - http-outgoing-95 >> "[\r][\n]"
02:20:49.469 [Test worker] DEBUG org.apache.http.wire - http-outgoing-95 << "H"
02:20:49.469 [Test worker] DEBUG org.apache.http.wire - http-outgoing-95 << "TTP/1.1 200 OK[\r][\n]"
02:20:49.469 [Test worker] DEBUG org.apache.http.wire - http-outgoing-95 << "Content-Type: application/json[\r][\n]"
02:20:49.469 [Test worker] DEBUG org.apache.http.wire - http-outgoing-95 << "Server: Docker/1.12.3 (linux)[\r][\n]"
02:20:49.469 [Test worker] DEBUG org.apache.http.wire - http-outgoing-95 << "Date: Tue, 03 Jan 2017 01:20:49 GMT[\r][\n]"
02:20:49.469 [Test worker] DEBUG org.apache.http.wire - http-outgoing-95 << "Content-Length: 855[\r][\n]"
02:20:49.469 [Test worker] DEBUG org.apache.http.wire - http-outgoing-95 << "[\r][\n]"
02:20:49.470 [Test worker] DEBUG org.apache.http.wire - http-outgoing-95 << "[{"Id":"35463f05b7b7b83339e42a61b6036b336ee03c406bf7000ff7d3118c538b2572","Names":["/MyContainer"],"Image":"ubuntu:14.04","ImageID":"sha256:aae2b63c49461fcae4962e4a8043f66acf8e3af7e62f5ebceb70b181d8ca01e0","Command":"sleep 99999","Created":1483406448,"Ports":[{"IP":"0.0.0.0","PrivatePort":8084,"PublicPort":8084,"Type":"tcp"}],"Labels":{},"State":"running","Status":"Up Less than a second","HostConfig":{"NetworkMode":"default"},"NetworkSettings":{"Networks":{"bridge":{"IPAMConfig":null,"Links":null,"Aliases":null,"NetworkID":"e0d36057aa1769e9fd52ba88be81b698b495f9b6b4946d0f98f24d971a27fc98","EndpointID":"341a6d3b70a54c0ca1e82698972447e0d0c0bd986c12d362af67675c31a67896","Gateway":"172.17.0.1","IPAddress":"172.17.0.2","IPPrefixLen":16,"IPv6Gateway":"","GlobalIPv6Address":"","GlobalIPv6PrefixLen":0,"MacAddress":"02:42:ac:11:00:02"}}},"Mounts":[]}][\n]"
02:20:49.470 [Test worker] DEBUG org.apache.http.headers - http-outgoing-95 << HTTP/1.1 200 OK
02:20:49.470 [Test worker] DEBUG org.apache.http.headers - http-outgoing-95 << Content-Type: application/json
02:20:49.470 [Test worker] DEBUG org.apache.http.headers - http-outgoing-95 << Server: Docker/1.12.3 (linux)
02:20:49.470 [Test worker] DEBUG org.apache.http.headers - http-outgoing-95 << Date: Tue, 03 Jan 2017 01:20:49 GMT
02:20:49.470 [Test worker] DEBUG org.apache.http.headers - http-outgoing-95 << Content-Length: 855
02:20:49.470 [Test worker] DEBUG o.a.h.impl.execchain.MainClientExec - Connection can be kept alive indefinitely
02:20:49.471 [Test worker] DEBUG c.g.d.j.JerseyDockerCmdExecFactory - 24 * Client response received on thread Test worker
24 < 200
24 < Content-Length: 855
24 < Content-Type: application/json
24 < Date: Tue, 03 Jan 2017 01:20:49 GMT
24 < Server: Docker/1.12.3 (linux)
[{"Id":"35463f05b7b7b83339e42a61b6036b336ee03c406bf7000ff7d3118c538b2572","Names":["/MyContainer"],"Image":"ubuntu:14.04","ImageID":"sha256:aae2b63c49461fcae4962e4a8043f66acf8e3af7e62f5ebceb70b181d8ca01e0","Command":"sleep 99999","Created":1483406448,"Ports":[{"IP":"0.0.0.0","PrivatePort":8084,"PublicPort":8084,"Type":"tcp"}],"Labels":{},"State":"running","Status":"Up Less than a second","HostConfig":{"NetworkMode":"default"},"NetworkSettings":{"Networks":{"bridge":{"IPAMConfig":null,"Links":null,"Aliases":null,"NetworkID":"e0d36057aa1769e9fd52ba88be81b698b495f9b6b4946d0f98f24d971a27fc98","EndpointID":"341a6d3b70a54c0ca1e82698972447e0d0c0bd986c12d362af67675c31a67896","Gateway":"172.17.0.1","IPAddress":"172.17.0.2","IPPrefixLen":16,"IPv6Gateway":"","GlobalIPv6Address":"","GlobalIPv6PrefixLen":0,"MacAddress":"02:42:ac:11:00:02"}}},"Mounts":[]}]


02:20:49.478 [Test worker] DEBUG o.a.h.i.c.DefaultManagedHttpClientConnection - http-outgoing-95: Close connection
02:20:49.479 [Test worker] DEBUG o.a.h.impl.execchain.MainClientExec - Connection discarded
02:20:49.479 [Test worker] DEBUG c.g.d.j.JerseyDockerCmdExecFactory$1 - Connection released: [id: 95][route: {s}->https://Thesis:2376][total kept alive: 0; route allocated: 1 of 2; total allocated: 1 of 20]
02:20:49.479 [Test worker] DEBUG c.g.d.core.command.AbstrDockerCmd - Cmd: ListImagesCmdImpl[imageNameFilter=<null>,showAll=true,filters=com.github.dockerjava.core.util.FiltersBuilder@0,execution=com.github.dockerjava.jaxrs.ListImagesCmdExec@769d96e0]
02:20:49.480 [Test worker] DEBUG c.g.d.j.JerseyDockerCmdExecFactory - 25 * Sending client request on thread Test worker
25 > GET https://Thesis:2376/images/json?all=true
25 > Accept: application/json

02:20:49.480 [Test worker] DEBUG o.a.h.c.protocol.RequestAddCookies - CookieSpec selected: default
02:20:49.480 [Test worker] DEBUG o.a.h.c.protocol.RequestAuthCache - Auth cache not set in the context
02:20:49.481 [Test worker] DEBUG c.g.d.j.JerseyDockerCmdExecFactory$1 - Connection request: [route: {s}->https://Thesis:2376][total kept alive: 0; route allocated: 1 of 2; total allocated: 1 of 20]
02:20:49.481 [Test worker] DEBUG c.g.d.j.JerseyDockerCmdExecFactory$1 - Connection leased: [id: 96][route: {s}->https://Thesis:2376][total kept alive: 0; route allocated: 2 of 2; total allocated: 2 of 20]
02:20:49.481 [Test worker] DEBUG o.a.h.impl.execchain.MainClientExec - Opening connection {s}->https://Thesis:2376
02:20:49.481 [Test worker] DEBUG o.a.h.i.c.DefaultHttpClientConnectionOperator - Connecting to Thesis/127.0.1.1:2376
02:20:49.481 [Test worker] DEBUG o.a.h.c.s.SSLConnectionSocketFactory - Connecting socket to Thesis/127.0.1.1:2376 with timeout 0
02:20:49.482 [Test worker] DEBUG o.a.h.c.s.SSLConnectionSocketFactory - Enabled protocols: [TLSv1]
02:20:49.482 [Test worker] DEBUG o.a.h.c.s.SSLConnectionSocketFactory - Enabled cipher suites:[TLS_ECDHE_ECDSA_WITH_AES_128_CBC_SHA, TLS_ECDHE_RSA_WITH_AES_128_CBC_SHA, TLS_RSA_WITH_AES_128_CBC_SHA, TLS_ECDH_ECDSA_WITH_AES_128_CBC_SHA, TLS_ECDH_RSA_WITH_AES_128_CBC_SHA, TLS_DHE_RSA_WITH_AES_128_CBC_SHA, TLS_DHE_DSS_WITH_AES_128_CBC_SHA, TLS_ECDHE_ECDSA_WITH_3DES_EDE_CBC_SHA, TLS_ECDHE_RSA_WITH_3DES_EDE_CBC_SHA, SSL_RSA_WITH_3DES_EDE_CBC_SHA, TLS_ECDH_ECDSA_WITH_3DES_EDE_CBC_SHA, TLS_ECDH_RSA_WITH_3DES_EDE_CBC_SHA, SSL_DHE_RSA_WITH_3DES_EDE_CBC_SHA, SSL_DHE_DSS_WITH_3DES_EDE_CBC_SHA, TLS_ECDHE_ECDSA_WITH_RC4_128_SHA, TLS_ECDHE_RSA_WITH_RC4_128_SHA, SSL_RSA_WITH_RC4_128_SHA, TLS_ECDH_ECDSA_WITH_RC4_128_SHA, TLS_ECDH_RSA_WITH_RC4_128_SHA, SSL_RSA_WITH_RC4_128_MD5, TLS_EMPTY_RENEGOTIATION_INFO_SCSV]
02:20:49.482 [Test worker] DEBUG o.a.h.c.s.SSLConnectionSocketFactory - Starting handshake
02:20:49.552 [Test worker] DEBUG o.a.h.c.s.SSLConnectionSocketFactory - Secure session established
02:20:49.552 [Test worker] DEBUG o.a.h.c.s.SSLConnectionSocketFactory -  negotiated protocol: TLSv1
02:20:49.552 [Test worker] DEBUG o.a.h.c.s.SSLConnectionSocketFactory -  negotiated cipher suite: TLS_ECDHE_RSA_WITH_AES_128_CBC_SHA
02:20:49.552 [Test worker] DEBUG o.a.h.c.s.SSLConnectionSocketFactory -  peer principal: CN=Thesis
02:20:49.552 [Test worker] DEBUG o.a.h.c.s.SSLConnectionSocketFactory -  issuer principal: EMAILADDRESS=sha@yamil.com, CN=Thesis, OU=Open, O=Fra, L=BER, ST=BER, C=DE
02:20:49.553 [Test worker] DEBUG o.a.h.i.c.DefaultHttpClientConnectionOperator - Connection established 127.0.0.1:41068<->127.0.1.1:2376
02:20:49.553 [Test worker] DEBUG o.a.h.impl.execchain.MainClientExec - Executing request GET /images/json?all=true HTTP/1.1
02:20:49.553 [Test worker] DEBUG o.a.h.impl.execchain.MainClientExec - Target auth state: UNCHALLENGED
02:20:49.553 [Test worker] DEBUG o.a.h.impl.execchain.MainClientExec - Proxy auth state: UNCHALLENGED
02:20:49.553 [Test worker] DEBUG org.apache.http.headers - http-outgoing-96 >> GET /images/json?all=true HTTP/1.1
02:20:49.553 [Test worker] DEBUG org.apache.http.headers - http-outgoing-96 >> Accept: application/json
02:20:49.553 [Test worker] DEBUG org.apache.http.headers - http-outgoing-96 >> User-Agent: Jersey/2.23.1 (Apache HttpClient 4.5.1)
02:20:49.554 [Test worker] DEBUG org.apache.http.headers - http-outgoing-96 >> Host: Thesis:2376
02:20:49.554 [Test worker] DEBUG org.apache.http.headers - http-outgoing-96 >> Connection: Keep-Alive
02:20:49.554 [Test worker] DEBUG org.apache.http.headers - http-outgoing-96 >> Accept-Encoding: gzip,deflate
02:20:49.554 [Test worker] DEBUG org.apache.http.wire - http-outgoing-96 >> "GET /images/json?all=true HTTP/1.1[\r][\n]"
02:20:49.554 [Test worker] DEBUG org.apache.http.wire - http-outgoing-96 >> "Accept: application/json[\r][\n]"
02:20:49.558 [Test worker] DEBUG org.apache.http.wire - http-outgoing-96 >> "User-Agent: Jersey/2.23.1 (Apache HttpClient 4.5.1)[\r][\n]"
02:20:49.559 [Test worker] DEBUG org.apache.http.wire - http-outgoing-96 >> "Host: Thesis:2376[\r][\n]"
02:20:49.559 [Test worker] DEBUG org.apache.http.wire - http-outgoing-96 >> "Connection: Keep-Alive[\r][\n]"
02:20:49.559 [Test worker] DEBUG org.apache.http.wire - http-outgoing-96 >> "Accept-Encoding: gzip,deflate[\r][\n]"
02:20:49.559 [Test worker] DEBUG org.apache.http.wire - http-outgoing-96 >> "[\r][\n]"
02:20:49.560 [Test worker] DEBUG org.apache.http.wire - http-outgoing-96 << "H"
02:20:49.560 [Test worker] DEBUG org.apache.http.wire - http-outgoing-96 << "TTP/1.1 200 OK[\r][\n]"
02:20:49.560 [Test worker] DEBUG org.apache.http.wire - http-outgoing-96 << "Content-Type: application/json[\r][\n]"
02:20:49.560 [Test worker] DEBUG org.apache.http.wire - http-outgoing-96 << "Server: Docker/1.12.3 (linux)[\r][\n]"
02:20:49.561 [Test worker] DEBUG org.apache.http.wire - http-outgoing-96 << "Date: Tue, 03 Jan 2017 01:20:49 GMT[\r][\n]"
02:20:49.561 [Test worker] DEBUG org.apache.http.wire - http-outgoing-96 << "Content-Length: 1195[\r][\n]"
02:20:49.561 [Test worker] DEBUG org.apache.http.wire - http-outgoing-96 << "[\r][\n]"
02:20:49.562 [Test worker] DEBUG org.apache.http.wire - http-outgoing-96 << "[{"Id":"sha256:4ca3a192ff2a5b7e225e81dc006b6379c10776ed3619757a65608cb72de0a7f6","ParentId":"","RepoTags":["ubuntu:latest"],"RepoDigests":["ubuntu@sha256:3b64c309deae7ab0f7dbdd42b6b326261ccd6261da5d88396439353162703fb5"],"Created":1480449877,"Size":128206574,"VirtualSize":128206574,"Labels":{}},{"Id":"sha256:aae2b63c49461fcae4962e4a8043f66acf8e3af7e62f5ebceb70b181d8ca01e0","ParentId":"","RepoTags":["ubuntu:14.04"],"RepoDigests":["ubuntu@sha256:edb984703bd3e8981ff541a5b9297ca1b81fde6e6e8094d86e390a38ebc30b4d"],"Created":1480449856,"Size":187952254,"VirtualSize":187952254,"Labels":{}},{"Id":"sha256:e02e811dd08fd49e7f6032625495118e63f597eb150403d02e3238af1df240ba","ParentId":"","RepoTags":["busybox:latest"],"RepoDigests":["busybox@sha256:29f5d56d12684887bdfa50dcd29fc31eea4aaf4ad3bec43daf19026a7ce69912"],"Created":1475874238,"Size":1093484,"VirtualSize":1093484,"Labels":{}},{"Id":"sha256:d654de4499473ed41349b54a988b6f46a7fc92e3fa2d61e102bf2660a0116e25","ParentId":"","RepoTags":["sakib37/iperf3:latest"],"RepoDigests":["sakib37/iperf3@sha256:8d80a810f8f508c074b14d02555f20110eac382c8dbda7252075392983629d40"],"Created":1474907599,"Size":199456654,"VirtualSize":199456654,"Labels":{}}][\n]"
02:20:49.562 [Test worker] DEBUG org.apache.http.headers - http-outgoing-96 << HTTP/1.1 200 OK
02:20:49.563 [Test worker] DEBUG org.apache.http.headers - http-outgoing-96 << Content-Type: application/json
02:20:49.563 [Test worker] DEBUG org.apache.http.headers - http-outgoing-96 << Server: Docker/1.12.3 (linux)
02:20:49.563 [Test worker] DEBUG org.apache.http.headers - http-outgoing-96 << Date: Tue, 03 Jan 2017 01:20:49 GMT
02:20:49.563 [Test worker] DEBUG org.apache.http.headers - http-outgoing-96 << Content-Length: 1195
02:20:49.563 [Test worker] DEBUG o.a.h.impl.execchain.MainClientExec - Connection can be kept alive indefinitely
02:20:49.563 [Test worker] DEBUG c.g.d.j.JerseyDockerCmdExecFactory - 26 * Client response received on thread Test worker
26 < 200
26 < Content-Length: 1195
26 < Content-Type: application/json
26 < Date: Tue, 03 Jan 2017 01:20:49 GMT
26 < Server: Docker/1.12.3 (linux)
[{"Id":"sha256:4ca3a192ff2a5b7e225e81dc006b6379c10776ed3619757a65608cb72de0a7f6","ParentId":"","RepoTags":["ubuntu:latest"],"RepoDigests":["ubuntu@sha256:3b64c309deae7ab0f7dbdd42b6b326261ccd6261da5d88396439353162703fb5"],"Created":1480449877,"Size":128206574,"VirtualSize":128206574,"Labels":{}},{"Id":"sha256:aae2b63c49461fcae4962e4a8043f66acf8e3af7e62f5ebceb70b181d8ca01e0","ParentId":"","RepoTags":["ubuntu:14.04"],"RepoDigests":["ubuntu@sha256:edb984703bd3e8981ff541a5b9297ca1b81fde6e6e8094d86e390a38ebc30b4d"],"Created":1480449856,"Size":187952254,"VirtualSize":187952254,"Labels":{}},{"Id":"sha256:e02e811dd08fd49e7f6032625495118e63f597eb150403d02e3238af1df240ba","ParentId":"","RepoTags":["busybox:latest"],"RepoDigests":["busybox@sha256:29f5d56d12684887bdfa50dcd29fc31eea4aaf4ad3bec43daf19026a7ce69912"],"Created":1475874238,"Size":1093484,"VirtualSize":1093484,"Labels":{}},{"Id":"sha256:d654de4499473ed41349b54a988b6f46a7fc92e3fa2d61e102bf2660a0116e25","ParentId":"","RepoTags":["sakib37/iperf3:latest"],"RepoDigests":["sakib37/iperf3@sha256:8d80a810f8f508c074b14d02555f20110eac382c8dbda7252075392983629d40"],"Created":1474907599,"Size":199456654,"VirtualSize":199456654,"Labels":{}}]


02:20:49.565 [Test worker] DEBUG o.a.h.i.c.DefaultManagedHttpClientConnection - http-outgoing-96: Close connection
02:20:49.568 [Test worker] DEBUG o.a.h.impl.execchain.MainClientExec - Connection discarded
02:20:49.568 [Test worker] DEBUG c.g.d.j.JerseyDockerCmdExecFactory$1 - Connection released: [id: 96][route: {s}->https://Thesis:2376][total kept alive: 0; route allocated: 1 of 2; total allocated: 1 of 20]
02:20:49.569 [Test worker] DEBUG org.openbaton.docker.DockerVim - Found a docker image, transformed into a NFV Image Image{id='sha256:aae2b63c49461fcae4962e4a8043f66acf8e3af7e62f5ebceb70b181d8ca01e0', name='ubuntu:14.04', version=0, extId='null', minRam='0', minDiskSpace='0', minCPU='null', public='true', diskFormat='null', containerFormat='docker', created='Sun Jan 18 04:14:09 CET 1970', updated='null'}
02:20:49.569 [Test worker] DEBUG c.g.d.core.command.AbstrDockerCmd - Cmd: 35463f05b7b7b83339e42a61b6036b336ee03c406bf7000ff7d3118c538b2572,<null>,true,com.github.dockerjava.jaxrs.RemoveContainerCmdExec@d6401d3
02:20:49.569 [Test worker] DEBUG c.g.d.j.JerseyDockerCmdExecFactory - 27 * Sending client request on thread Test worker
27 > DELETE https://Thesis:2376/containers/35463f05b7b7b83339e42a61b6036b336ee03c406bf7000ff7d3118c538b2572?force=true
27 > Accept: application/json

02:20:49.570 [Test worker] DEBUG o.a.h.c.protocol.RequestAddCookies - CookieSpec selected: default
02:20:49.570 [Test worker] DEBUG o.a.h.c.protocol.RequestAuthCache - Auth cache not set in the context
02:20:49.570 [Test worker] DEBUG c.g.d.j.JerseyDockerCmdExecFactory$1 - Connection request: [route: {s}->https://Thesis:2376][total kept alive: 0; route allocated: 1 of 2; total allocated: 1 of 20]
02:20:49.570 [Test worker] DEBUG c.g.d.j.JerseyDockerCmdExecFactory$1 - Connection leased: [id: 97][route: {s}->https://Thesis:2376][total kept alive: 0; route allocated: 2 of 2; total allocated: 2 of 20]
02:20:49.570 [Test worker] DEBUG o.a.h.impl.execchain.MainClientExec - Opening connection {s}->https://Thesis:2376
02:20:49.570 [Test worker] DEBUG o.a.h.i.c.DefaultHttpClientConnectionOperator - Connecting to Thesis/127.0.1.1:2376
02:20:49.571 [Test worker] DEBUG o.a.h.c.s.SSLConnectionSocketFactory - Connecting socket to Thesis/127.0.1.1:2376 with timeout 0
02:20:49.571 [Test worker] DEBUG o.a.h.c.s.SSLConnectionSocketFactory - Enabled protocols: [TLSv1]
02:20:49.571 [Test worker] DEBUG o.a.h.c.s.SSLConnectionSocketFactory - Enabled cipher suites:[TLS_ECDHE_ECDSA_WITH_AES_128_CBC_SHA, TLS_ECDHE_RSA_WITH_AES_128_CBC_SHA, TLS_RSA_WITH_AES_128_CBC_SHA, TLS_ECDH_ECDSA_WITH_AES_128_CBC_SHA, TLS_ECDH_RSA_WITH_AES_128_CBC_SHA, TLS_DHE_RSA_WITH_AES_128_CBC_SHA, TLS_DHE_DSS_WITH_AES_128_CBC_SHA, TLS_ECDHE_ECDSA_WITH_3DES_EDE_CBC_SHA, TLS_ECDHE_RSA_WITH_3DES_EDE_CBC_SHA, SSL_RSA_WITH_3DES_EDE_CBC_SHA, TLS_ECDH_ECDSA_WITH_3DES_EDE_CBC_SHA, TLS_ECDH_RSA_WITH_3DES_EDE_CBC_SHA, SSL_DHE_RSA_WITH_3DES_EDE_CBC_SHA, SSL_DHE_DSS_WITH_3DES_EDE_CBC_SHA, TLS_ECDHE_ECDSA_WITH_RC4_128_SHA, TLS_ECDHE_RSA_WITH_RC4_128_SHA, SSL_RSA_WITH_RC4_128_SHA, TLS_ECDH_ECDSA_WITH_RC4_128_SHA, TLS_ECDH_RSA_WITH_RC4_128_SHA, SSL_RSA_WITH_RC4_128_MD5, TLS_EMPTY_RENEGOTIATION_INFO_SCSV]
02:20:49.572 [Test worker] DEBUG o.a.h.c.s.SSLConnectionSocketFactory - Starting handshake
02:20:49.672 [Test worker] DEBUG o.a.h.c.s.SSLConnectionSocketFactory - Secure session established
02:20:49.672 [Test worker] DEBUG o.a.h.c.s.SSLConnectionSocketFactory -  negotiated protocol: TLSv1
02:20:49.672 [Test worker] DEBUG o.a.h.c.s.SSLConnectionSocketFactory -  negotiated cipher suite: TLS_ECDHE_RSA_WITH_AES_128_CBC_SHA
02:20:49.672 [Test worker] DEBUG o.a.h.c.s.SSLConnectionSocketFactory -  peer principal: CN=Thesis
02:20:49.672 [Test worker] DEBUG o.a.h.c.s.SSLConnectionSocketFactory -  issuer principal: EMAILADDRESS=sha@yamil.com, CN=Thesis, OU=Open, O=Fra, L=BER, ST=BER, C=DE
02:20:49.673 [Test worker] DEBUG o.a.h.i.c.DefaultHttpClientConnectionOperator - Connection established 127.0.0.1:41070<->127.0.1.1:2376
02:20:49.673 [Test worker] DEBUG o.a.h.impl.execchain.MainClientExec - Executing request DELETE /containers/35463f05b7b7b83339e42a61b6036b336ee03c406bf7000ff7d3118c538b2572?force=true HTTP/1.1
02:20:49.673 [Test worker] DEBUG o.a.h.impl.execchain.MainClientExec - Target auth state: UNCHALLENGED
02:20:49.673 [Test worker] DEBUG o.a.h.impl.execchain.MainClientExec - Proxy auth state: UNCHALLENGED
02:20:49.673 [Test worker] DEBUG org.apache.http.headers - http-outgoing-97 >> DELETE /containers/35463f05b7b7b83339e42a61b6036b336ee03c406bf7000ff7d3118c538b2572?force=true HTTP/1.1
02:20:49.673 [Test worker] DEBUG org.apache.http.headers - http-outgoing-97 >> Accept: application/json
02:20:49.674 [Test worker] DEBUG org.apache.http.headers - http-outgoing-97 >> User-Agent: Jersey/2.23.1 (Apache HttpClient 4.5.1)
02:20:49.674 [Test worker] DEBUG org.apache.http.headers - http-outgoing-97 >> Host: Thesis:2376
02:20:49.674 [Test worker] DEBUG org.apache.http.headers - http-outgoing-97 >> Connection: Keep-Alive
02:20:49.674 [Test worker] DEBUG org.apache.http.headers - http-outgoing-97 >> Accept-Encoding: gzip,deflate
02:20:49.681 [Test worker] DEBUG org.apache.http.wire - http-outgoing-97 >> "DELETE /containers/35463f05b7b7b83339e42a61b6036b336ee03c406bf7000ff7d3118c538b2572?force=true HTTP/1.1[\r][\n]"
02:20:49.681 [Test worker] DEBUG org.apache.http.wire - http-outgoing-97 >> "Accept: application/json[\r][\n]"
02:20:49.681 [Test worker] DEBUG org.apache.http.wire - http-outgoing-97 >> "User-Agent: Jersey/2.23.1 (Apache HttpClient 4.5.1)[\r][\n]"
02:20:49.682 [Test worker] DEBUG org.apache.http.wire - http-outgoing-97 >> "Host: Thesis:2376[\r][\n]"
02:20:49.682 [Test worker] DEBUG org.apache.http.wire - http-outgoing-97 >> "Connection: Keep-Alive[\r][\n]"
02:20:49.682 [Test worker] DEBUG org.apache.http.wire - http-outgoing-97 >> "Accept-Encoding: gzip,deflate[\r][\n]"
02:20:49.682 [Test worker] DEBUG org.apache.http.wire - http-outgoing-97 >> "[\r][\n]"
02:20:49.958 [Test worker] DEBUG org.apache.http.wire - http-outgoing-97 << "H"
02:20:49.958 [Test worker] DEBUG org.apache.http.wire - http-outgoing-97 << "TTP/1.1 204 No Content[\r][\n]"
02:20:49.958 [Test worker] DEBUG org.apache.http.wire - http-outgoing-97 << "Server: Docker/1.12.3 (linux)[\r][\n]"
02:20:49.958 [Test worker] DEBUG org.apache.http.wire - http-outgoing-97 << "Date: Tue, 03 Jan 2017 01:20:49 GMT[\r][\n]"
02:20:49.958 [Test worker] DEBUG org.apache.http.wire - http-outgoing-97 << "[\r][\n]"
02:20:49.958 [Test worker] DEBUG org.apache.http.headers - http-outgoing-97 << HTTP/1.1 204 No Content
02:20:49.958 [Test worker] DEBUG org.apache.http.headers - http-outgoing-97 << Server: Docker/1.12.3 (linux)
02:20:49.958 [Test worker] DEBUG org.apache.http.headers - http-outgoing-97 << Date: Tue, 03 Jan 2017 01:20:49 GMT
02:20:49.958 [Test worker] DEBUG o.a.h.impl.execchain.MainClientExec - Connection can be kept alive indefinitely
02:20:49.959 [Test worker] DEBUG c.g.d.j.JerseyDockerCmdExecFactory$1 - Connection [id: 97][route: {s}->https://Thesis:2376][state: CN=Thesis] can be kept alive indefinitely
02:20:49.959 [Test worker] DEBUG c.g.d.j.JerseyDockerCmdExecFactory$1 - Connection released: [id: 97][route: {s}->https://Thesis:2376][state: CN=Thesis][total kept alive: 1; route allocated: 2 of 2; total allocated: 2 of 20]
02:20:49.959 [Test worker] DEBUG c.g.d.j.JerseyDockerCmdExecFactory - 28 * Client response received on thread Test worker
28 < 204
28 < Date: Tue, 03 Jan 2017 01:20:49 GMT
28 < Server: Docker/1.12.3 (linux)

02:20:49.959 [Test worker] DEBUG org.openbaton.docker.DockerVim - Server deleted successfully
02:20:49.959 [Test worker] DEBUG c.g.d.core.command.AbstrDockerCmd - Cmd: com.github.dockerjava.core.util.FiltersBuilder@0,com.github.dockerjava.jaxrs.ListNetworksCmdExec@7bb46f3a
02:20:49.959 [Test worker] DEBUG c.g.d.j.JerseyDockerCmdExecFactory - 29 * Sending client request on thread Test worker
29 > GET https://Thesis:2376/networks
29 > Accept: application/json

02:20:49.960 [Test worker] DEBUG o.a.h.c.protocol.RequestAddCookies - CookieSpec selected: default
02:20:49.960 [Test worker] DEBUG o.a.h.c.protocol.RequestAuthCache - Auth cache not set in the context
02:20:49.960 [Test worker] DEBUG c.g.d.j.JerseyDockerCmdExecFactory$1 - Connection request: [route: {s}->https://Thesis:2376][total kept alive: 1; route allocated: 2 of 2; total allocated: 2 of 20]
02:20:49.960 [Test worker] DEBUG o.a.h.i.c.DefaultManagedHttpClientConnection - http-outgoing-97: Close connection
02:20:49.964 [Test worker] DEBUG c.g.d.j.JerseyDockerCmdExecFactory$1 - Connection leased: [id: 98][route: {s}->https://Thesis:2376][total kept alive: 0; route allocated: 2 of 2; total allocated: 2 of 20]
02:20:49.964 [Test worker] DEBUG o.a.h.impl.execchain.MainClientExec - Opening connection {s}->https://Thesis:2376
02:20:49.964 [Test worker] DEBUG o.a.h.i.c.DefaultHttpClientConnectionOperator - Connecting to Thesis/127.0.1.1:2376
02:20:49.964 [Test worker] DEBUG o.a.h.c.s.SSLConnectionSocketFactory - Connecting socket to Thesis/127.0.1.1:2376 with timeout 0
02:20:49.968 [Test worker] DEBUG o.a.h.c.s.SSLConnectionSocketFactory - Enabled protocols: [TLSv1]
02:20:49.973 [Test worker] DEBUG o.a.h.c.s.SSLConnectionSocketFactory - Enabled cipher suites:[TLS_ECDHE_ECDSA_WITH_AES_128_CBC_SHA, TLS_ECDHE_RSA_WITH_AES_128_CBC_SHA, TLS_RSA_WITH_AES_128_CBC_SHA, TLS_ECDH_ECDSA_WITH_AES_128_CBC_SHA, TLS_ECDH_RSA_WITH_AES_128_CBC_SHA, TLS_DHE_RSA_WITH_AES_128_CBC_SHA, TLS_DHE_DSS_WITH_AES_128_CBC_SHA, TLS_ECDHE_ECDSA_WITH_3DES_EDE_CBC_SHA, TLS_ECDHE_RSA_WITH_3DES_EDE_CBC_SHA, SSL_RSA_WITH_3DES_EDE_CBC_SHA, TLS_ECDH_ECDSA_WITH_3DES_EDE_CBC_SHA, TLS_ECDH_RSA_WITH_3DES_EDE_CBC_SHA, SSL_DHE_RSA_WITH_3DES_EDE_CBC_SHA, SSL_DHE_DSS_WITH_3DES_EDE_CBC_SHA, TLS_ECDHE_ECDSA_WITH_RC4_128_SHA, TLS_ECDHE_RSA_WITH_RC4_128_SHA, SSL_RSA_WITH_RC4_128_SHA, TLS_ECDH_ECDSA_WITH_RC4_128_SHA, TLS_ECDH_RSA_WITH_RC4_128_SHA, SSL_RSA_WITH_RC4_128_MD5, TLS_EMPTY_RENEGOTIATION_INFO_SCSV]
02:20:49.973 [Test worker] DEBUG o.a.h.c.s.SSLConnectionSocketFactory - Starting handshake
02:20:50.059 [Test worker] DEBUG o.a.h.c.s.SSLConnectionSocketFactory - Secure session established
02:20:50.059 [Test worker] DEBUG o.a.h.c.s.SSLConnectionSocketFactory -  negotiated protocol: TLSv1
02:20:50.060 [Test worker] DEBUG o.a.h.c.s.SSLConnectionSocketFactory -  negotiated cipher suite: TLS_ECDHE_RSA_WITH_AES_128_CBC_SHA
02:20:50.060 [Test worker] DEBUG o.a.h.c.s.SSLConnectionSocketFactory -  peer principal: CN=Thesis
02:20:50.060 [Test worker] DEBUG o.a.h.c.s.SSLConnectionSocketFactory -  issuer principal: EMAILADDRESS=sha@yamil.com, CN=Thesis, OU=Open, O=Fra, L=BER, ST=BER, C=DE
02:20:50.060 [Test worker] DEBUG o.a.h.i.c.DefaultHttpClientConnectionOperator - Connection established 127.0.0.1:41072<->127.0.1.1:2376
02:20:50.060 [Test worker] DEBUG o.a.h.impl.execchain.MainClientExec - Executing request GET /networks HTTP/1.1
02:20:50.060 [Test worker] DEBUG o.a.h.impl.execchain.MainClientExec - Target auth state: UNCHALLENGED
02:20:50.060 [Test worker] DEBUG o.a.h.impl.execchain.MainClientExec - Proxy auth state: UNCHALLENGED
02:20:50.061 [Test worker] DEBUG org.apache.http.headers - http-outgoing-98 >> GET /networks HTTP/1.1
02:20:50.061 [Test worker] DEBUG org.apache.http.headers - http-outgoing-98 >> Accept: application/json
02:20:50.061 [Test worker] DEBUG org.apache.http.headers - http-outgoing-98 >> User-Agent: Jersey/2.23.1 (Apache HttpClient 4.5.1)
02:20:50.061 [Test worker] DEBUG org.apache.http.headers - http-outgoing-98 >> Host: Thesis:2376
02:20:50.061 [Test worker] DEBUG org.apache.http.headers - http-outgoing-98 >> Connection: Keep-Alive
02:20:50.061 [Test worker] DEBUG org.apache.http.headers - http-outgoing-98 >> Accept-Encoding: gzip,deflate
02:20:50.061 [Test worker] DEBUG org.apache.http.wire - http-outgoing-98 >> "GET /networks HTTP/1.1[\r][\n]"
02:20:50.061 [Test worker] DEBUG org.apache.http.wire - http-outgoing-98 >> "Accept: application/json[\r][\n]"
02:20:50.061 [Test worker] DEBUG org.apache.http.wire - http-outgoing-98 >> "User-Agent: Jersey/2.23.1 (Apache HttpClient 4.5.1)[\r][\n]"
02:20:50.062 [Test worker] DEBUG org.apache.http.wire - http-outgoing-98 >> "Host: Thesis:2376[\r][\n]"
02:20:50.062 [Test worker] DEBUG org.apache.http.wire - http-outgoing-98 >> "Connection: Keep-Alive[\r][\n]"
02:20:50.062 [Test worker] DEBUG org.apache.http.wire - http-outgoing-98 >> "Accept-Encoding: gzip,deflate[\r][\n]"
02:20:50.062 [Test worker] DEBUG org.apache.http.wire - http-outgoing-98 >> "[\r][\n]"
02:20:50.062 [Test worker] DEBUG org.apache.http.wire - http-outgoing-98 << "H"
02:20:50.063 [Test worker] DEBUG org.apache.http.wire - http-outgoing-98 << "TTP/1.1 200 OK[\r][\n]"
02:20:50.063 [Test worker] DEBUG org.apache.http.wire - http-outgoing-98 << "Content-Type: application/json[\r][\n]"
02:20:50.063 [Test worker] DEBUG org.apache.http.wire - http-outgoing-98 << "Server: Docker/1.12.3 (linux)[\r][\n]"
02:20:50.063 [Test worker] DEBUG org.apache.http.wire - http-outgoing-98 << "Date: Tue, 03 Jan 2017 01:20:50 GMT[\r][\n]"
02:20:50.063 [Test worker] DEBUG org.apache.http.wire - http-outgoing-98 << "Content-Length: 1100[\r][\n]"
02:20:50.063 [Test worker] DEBUG org.apache.http.wire - http-outgoing-98 << "[\r][\n]"
02:20:50.063 [Test worker] DEBUG org.apache.http.wire - http-outgoing-98 << "[{"Name":"none","Id":"4d89c194eb79cd2beb38458d10a1b98c74d6b8462af72afde29ae7aca53ed5ca","Scope":"local","Driver":"null","EnableIPv6":false,"IPAM":{"Driver":"default","Options":null,"Config":[]},"Internal":false,"Containers":{},"Options":{},"Labels":{}},{"Name":"bridge","Id":"e0d36057aa1769e9fd52ba88be81b698b495f9b6b4946d0f98f24d971a27fc98","Scope":"local","Driver":"bridge","EnableIPv6":false,"IPAM":{"Driver":"default","Options":null,"Config":[{"Subnet":"172.17.0.0/16","Gateway":"172.17.0.1"}]},"Internal":false,"Containers":{},"Options":{"com.docker.network.bridge.default_bridge":"true","com.docker.network.bridge.enable_icc":"true","com.docker.network.bridge.enable_ip_masquerade":"true","com.docker.network.bridge.host_binding_ipv4":"0.0.0.0","com.docker.network.bridge.name":"docker0","com.docker.network.driver.mtu":"1500"},"Labels":{}},{"Name":"host","Id":"fe042b0866671b5be4f097ba43830c0a02959c058702d18e18c14a24d88a357d","Scope":"local","Driver":"host","EnableIPv6":false,"IPAM":{"Driver":"default","Options":null,"Config":[]},"Internal":false,"Containers":{},"Options":{},"Labels":{}}][\n]"
02:20:50.063 [Test worker] DEBUG org.apache.http.headers - http-outgoing-98 << HTTP/1.1 200 OK
02:20:50.064 [Test worker] DEBUG org.apache.http.headers - http-outgoing-98 << Content-Type: application/json
02:20:50.064 [Test worker] DEBUG org.apache.http.headers - http-outgoing-98 << Server: Docker/1.12.3 (linux)
02:20:50.064 [Test worker] DEBUG org.apache.http.headers - http-outgoing-98 << Date: Tue, 03 Jan 2017 01:20:50 GMT
02:20:50.064 [Test worker] DEBUG org.apache.http.headers - http-outgoing-98 << Content-Length: 1100
02:20:50.064 [Test worker] DEBUG o.a.h.impl.execchain.MainClientExec - Connection can be kept alive indefinitely
02:20:50.064 [Test worker] DEBUG c.g.d.j.JerseyDockerCmdExecFactory - 30 * Client response received on thread Test worker
30 < 200
30 < Content-Length: 1100
30 < Content-Type: application/json
30 < Date: Tue, 03 Jan 2017 01:20:50 GMT
30 < Server: Docker/1.12.3 (linux)
[{"Name":"none","Id":"4d89c194eb79cd2beb38458d10a1b98c74d6b8462af72afde29ae7aca53ed5ca","Scope":"local","Driver":"null","EnableIPv6":false,"IPAM":{"Driver":"default","Options":null,"Config":[]},"Internal":false,"Containers":{},"Options":{},"Labels":{}},{"Name":"bridge","Id":"e0d36057aa1769e9fd52ba88be81b698b495f9b6b4946d0f98f24d971a27fc98","Scope":"local","Driver":"bridge","EnableIPv6":false,"IPAM":{"Driver":"default","Options":null,"Config":[{"Subnet":"172.17.0.0/16","Gateway":"172.17.0.1"}]},"Internal":false,"Containers":{},"Options":{"com.docker.network.bridge.default_bridge":"true","com.docker.network.bridge.enable_icc":"true","com.docker.network.bridge.enable_ip_masquerade":"true","com.docker.network.bridge.host_binding_ipv4":"0.0.0.0","com.docker.network.bridge.name":"docker0","com.docker.network.driver.mtu":"1500"},"Labels":{}},{"Name":"host","Id":"fe042b0866671b5be4f097ba43830c0a02959c058702d18e18c14a24d88a357d","Scope":"local","Driver":"host","EnableIPv6":false,"IPAM":{"Driver":"default","Options":null,"Config":[]},"Internal":false,"Containers":{},"Options":{},"Labels":{}}]


02:20:50.066 [Test worker] DEBUG o.a.h.i.c.DefaultManagedHttpClientConnection - http-outgoing-98: Close connection
02:20:50.066 [Test worker] DEBUG o.a.h.impl.execchain.MainClientExec - Connection discarded
02:20:50.067 [Test worker] DEBUG c.g.d.j.JerseyDockerCmdExecFactory$1 - Connection released: [id: 98][route: {s}->https://Thesis:2376][total kept alive: 0; route allocated: 1 of 2; total allocated: 1 of 20]
02:20:50.067 [Test worker] DEBUG c.g.d.core.command.AbstrDockerCmd - Cmd: com.github.dockerjava.core.util.FiltersBuilder@0,com.github.dockerjava.jaxrs.ListVolumesCmdExec@d17222
02:20:50.067 [Test worker] DEBUG c.g.d.j.JerseyDockerCmdExecFactory - 31 * Sending client request on thread Test worker
31 > GET https://Thesis:2376/volumes
31 > Accept: application/json

02:20:50.068 [Test worker] DEBUG o.a.h.c.protocol.RequestAddCookies - CookieSpec selected: default
02:20:50.068 [Test worker] DEBUG o.a.h.c.protocol.RequestAuthCache - Auth cache not set in the context
02:20:50.068 [Test worker] DEBUG c.g.d.j.JerseyDockerCmdExecFactory$1 - Connection request: [route: {s}->https://Thesis:2376][total kept alive: 0; route allocated: 1 of 2; total allocated: 1 of 20]
02:20:50.069 [Test worker] DEBUG c.g.d.j.JerseyDockerCmdExecFactory$1 - Connection leased: [id: 99][route: {s}->https://Thesis:2376][total kept alive: 0; route allocated: 2 of 2; total allocated: 2 of 20]
02:20:50.069 [Test worker] DEBUG o.a.h.impl.execchain.MainClientExec - Opening connection {s}->https://Thesis:2376
02:20:50.069 [Test worker] DEBUG o.a.h.i.c.DefaultHttpClientConnectionOperator - Connecting to Thesis/127.0.1.1:2376
02:20:50.069 [Test worker] DEBUG o.a.h.c.s.SSLConnectionSocketFactory - Connecting socket to Thesis/127.0.1.1:2376 with timeout 0
02:20:50.070 [Test worker] DEBUG o.a.h.c.s.SSLConnectionSocketFactory - Enabled protocols: [TLSv1]
02:20:50.070 [Test worker] DEBUG o.a.h.c.s.SSLConnectionSocketFactory - Enabled cipher suites:[TLS_ECDHE_ECDSA_WITH_AES_128_CBC_SHA, TLS_ECDHE_RSA_WITH_AES_128_CBC_SHA, TLS_RSA_WITH_AES_128_CBC_SHA, TLS_ECDH_ECDSA_WITH_AES_128_CBC_SHA, TLS_ECDH_RSA_WITH_AES_128_CBC_SHA, TLS_DHE_RSA_WITH_AES_128_CBC_SHA, TLS_DHE_DSS_WITH_AES_128_CBC_SHA, TLS_ECDHE_ECDSA_WITH_3DES_EDE_CBC_SHA, TLS_ECDHE_RSA_WITH_3DES_EDE_CBC_SHA, SSL_RSA_WITH_3DES_EDE_CBC_SHA, TLS_ECDH_ECDSA_WITH_3DES_EDE_CBC_SHA, TLS_ECDH_RSA_WITH_3DES_EDE_CBC_SHA, SSL_DHE_RSA_WITH_3DES_EDE_CBC_SHA, SSL_DHE_DSS_WITH_3DES_EDE_CBC_SHA, TLS_ECDHE_ECDSA_WITH_RC4_128_SHA, TLS_ECDHE_RSA_WITH_RC4_128_SHA, SSL_RSA_WITH_RC4_128_SHA, TLS_ECDH_ECDSA_WITH_RC4_128_SHA, TLS_ECDH_RSA_WITH_RC4_128_SHA, SSL_RSA_WITH_RC4_128_MD5, TLS_EMPTY_RENEGOTIATION_INFO_SCSV]
02:20:50.070 [Test worker] DEBUG o.a.h.c.s.SSLConnectionSocketFactory - Starting handshake
02:20:50.130 [Test worker] DEBUG o.a.h.c.s.SSLConnectionSocketFactory - Secure session established
02:20:50.130 [Test worker] DEBUG o.a.h.c.s.SSLConnectionSocketFactory -  negotiated protocol: TLSv1
02:20:50.130 [Test worker] DEBUG o.a.h.c.s.SSLConnectionSocketFactory -  negotiated cipher suite: TLS_ECDHE_RSA_WITH_AES_128_CBC_SHA
02:20:50.130 [Test worker] DEBUG o.a.h.c.s.SSLConnectionSocketFactory -  peer principal: CN=Thesis
02:20:50.130 [Test worker] DEBUG o.a.h.c.s.SSLConnectionSocketFactory -  issuer principal: EMAILADDRESS=sha@yamil.com, CN=Thesis, OU=Open, O=Fra, L=BER, ST=BER, C=DE
02:20:50.131 [Test worker] DEBUG o.a.h.i.c.DefaultHttpClientConnectionOperator - Connection established 127.0.0.1:41074<->127.0.1.1:2376
02:20:50.131 [Test worker] DEBUG o.a.h.impl.execchain.MainClientExec - Executing request GET /volumes HTTP/1.1
02:20:50.131 [Test worker] DEBUG o.a.h.impl.execchain.MainClientExec - Target auth state: UNCHALLENGED
02:20:50.131 [Test worker] DEBUG o.a.h.impl.execchain.MainClientExec - Proxy auth state: UNCHALLENGED
02:20:50.131 [Test worker] DEBUG org.apache.http.headers - http-outgoing-99 >> GET /volumes HTTP/1.1
02:20:50.131 [Test worker] DEBUG org.apache.http.headers - http-outgoing-99 >> Accept: application/json
02:20:50.131 [Test worker] DEBUG org.apache.http.headers - http-outgoing-99 >> User-Agent: Jersey/2.23.1 (Apache HttpClient 4.5.1)
02:20:50.131 [Test worker] DEBUG org.apache.http.headers - http-outgoing-99 >> Host: Thesis:2376
02:20:50.132 [Test worker] DEBUG org.apache.http.headers - http-outgoing-99 >> Connection: Keep-Alive
02:20:50.132 [Test worker] DEBUG org.apache.http.headers - http-outgoing-99 >> Accept-Encoding: gzip,deflate
02:20:50.132 [Test worker] DEBUG org.apache.http.wire - http-outgoing-99 >> "GET /volumes HTTP/1.1[\r][\n]"
02:20:50.132 [Test worker] DEBUG org.apache.http.wire - http-outgoing-99 >> "Accept: application/json[\r][\n]"
02:20:50.132 [Test worker] DEBUG org.apache.http.wire - http-outgoing-99 >> "User-Agent: Jersey/2.23.1 (Apache HttpClient 4.5.1)[\r][\n]"
02:20:50.132 [Test worker] DEBUG org.apache.http.wire - http-outgoing-99 >> "Host: Thesis:2376[\r][\n]"
02:20:50.132 [Test worker] DEBUG org.apache.http.wire - http-outgoing-99 >> "Connection: Keep-Alive[\r][\n]"
02:20:50.132 [Test worker] DEBUG org.apache.http.wire - http-outgoing-99 >> "Accept-Encoding: gzip,deflate[\r][\n]"
02:20:50.132 [Test worker] DEBUG org.apache.http.wire - http-outgoing-99 >> "[\r][\n]"
02:20:50.133 [Test worker] DEBUG org.apache.http.wire - http-outgoing-99 << "H"
02:20:50.133 [Test worker] DEBUG org.apache.http.wire - http-outgoing-99 << "TTP/1.1 200 OK[\r][\n]"
02:20:50.133 [Test worker] DEBUG org.apache.http.wire - http-outgoing-99 << "Content-Type: application/json[\r][\n]"
02:20:50.133 [Test worker] DEBUG org.apache.http.wire - http-outgoing-99 << "Server: Docker/1.12.3 (linux)[\r][\n]"
02:20:50.133 [Test worker] DEBUG org.apache.http.wire - http-outgoing-99 << "Date: Tue, 03 Jan 2017 01:20:50 GMT[\r][\n]"
02:20:50.133 [Test worker] DEBUG org.apache.http.wire - http-outgoing-99 << "Content-Length: 33[\r][\n]"
02:20:50.134 [Test worker] DEBUG org.apache.http.wire - http-outgoing-99 << "[\r][\n]"
02:20:50.134 [Test worker] DEBUG org.apache.http.wire - http-outgoing-99 << "{"Volumes":null,"Warnings":null}[\n]"
02:20:50.134 [Test worker] DEBUG org.apache.http.headers - http-outgoing-99 << HTTP/1.1 200 OK
02:20:50.134 [Test worker] DEBUG org.apache.http.headers - http-outgoing-99 << Content-Type: application/json
02:20:50.134 [Test worker] DEBUG org.apache.http.headers - http-outgoing-99 << Server: Docker/1.12.3 (linux)
02:20:50.134 [Test worker] DEBUG org.apache.http.headers - http-outgoing-99 << Date: Tue, 03 Jan 2017 01:20:50 GMT
02:20:50.134 [Test worker] DEBUG org.apache.http.headers - http-outgoing-99 << Content-Length: 33
02:20:50.134 [Test worker] DEBUG o.a.h.impl.execchain.MainClientExec - Connection can be kept alive indefinitely
02:20:50.135 [Test worker] DEBUG c.g.d.j.JerseyDockerCmdExecFactory - 32 * Client response received on thread Test worker
32 < 200
32 < Content-Length: 33
32 < Content-Type: application/json
32 < Date: Tue, 03 Jan 2017 01:20:50 GMT
32 < Server: Docker/1.12.3 (linux)
{"Volumes":null,"Warnings":null}


02:20:50.136 [Test worker] DEBUG o.a.h.i.c.DefaultManagedHttpClientConnection - http-outgoing-99: Close connection
02:20:50.136 [Test worker] DEBUG o.a.h.impl.execchain.MainClientExec - Connection discarded
02:20:50.136 [Test worker] DEBUG c.g.d.j.JerseyDockerCmdExecFactory$1 - Connection released: [id: 99][route: {s}->https://Thesis:2376][total kept alive: 0; route allocated: 1 of 2; total allocated: 1 of 20]
02:20:50.137 [Test worker] DEBUG org.openbaton.docker.DockerVim - Loading properties
02:20:50.137 [Test worker] DEBUG org.openbaton.docker.DockerVim - Loaded properties: {vim.instance.auth.url=tcp://Thesis:2376, docker.cert.path=/home/sakib/.docker, type=docker, tls.verify=true}
02:20:50.142 [Test worker] DEBUG c.g.d.core.command.AbstrDockerCmd - Cmd: -1,<null>,true,<null>,<null>,com.github.dockerjava.core.util.FiltersBuilder@0,com.github.dockerjava.jaxrs.ListContainersCmdExec@31ca9f31
02:20:50.177 [Test worker] DEBUG c.g.d.j.JerseyDockerCmdExecFactory - 1 * Sending client request on thread Test worker
1 > GET https://Thesis:2376/containers/json?all=true
1 > Accept: application/json

02:20:50.199 [Test worker] DEBUG o.a.h.c.protocol.RequestAddCookies - CookieSpec selected: default
02:20:50.199 [Test worker] DEBUG o.a.h.c.protocol.RequestAuthCache - Auth cache not set in the context
02:20:50.199 [Test worker] DEBUG c.g.d.j.JerseyDockerCmdExecFactory$1 - Connection request: [route: {s}->https://Thesis:2376][total kept alive: 0; route allocated: 0 of 2; total allocated: 0 of 20]
02:20:50.199 [Test worker] DEBUG c.g.d.j.JerseyDockerCmdExecFactory$1 - Connection leased: [id: 100][route: {s}->https://Thesis:2376][total kept alive: 0; route allocated: 1 of 2; total allocated: 1 of 20]
02:20:50.199 [Test worker] DEBUG o.a.h.impl.execchain.MainClientExec - Opening connection {s}->https://Thesis:2376
02:20:50.199 [Test worker] DEBUG o.a.h.i.c.DefaultHttpClientConnectionOperator - Connecting to Thesis/127.0.1.1:2376
02:20:50.200 [Test worker] DEBUG o.a.h.c.s.SSLConnectionSocketFactory - Connecting socket to Thesis/127.0.1.1:2376 with timeout 0
02:20:50.200 [Test worker] DEBUG o.a.h.c.s.SSLConnectionSocketFactory - Enabled protocols: [TLSv1]
02:20:50.201 [Test worker] DEBUG o.a.h.c.s.SSLConnectionSocketFactory - Enabled cipher suites:[TLS_ECDHE_ECDSA_WITH_AES_128_CBC_SHA, TLS_ECDHE_RSA_WITH_AES_128_CBC_SHA, TLS_RSA_WITH_AES_128_CBC_SHA, TLS_ECDH_ECDSA_WITH_AES_128_CBC_SHA, TLS_ECDH_RSA_WITH_AES_128_CBC_SHA, TLS_DHE_RSA_WITH_AES_128_CBC_SHA, TLS_DHE_DSS_WITH_AES_128_CBC_SHA, TLS_ECDHE_ECDSA_WITH_3DES_EDE_CBC_SHA, TLS_ECDHE_RSA_WITH_3DES_EDE_CBC_SHA, SSL_RSA_WITH_3DES_EDE_CBC_SHA, TLS_ECDH_ECDSA_WITH_3DES_EDE_CBC_SHA, TLS_ECDH_RSA_WITH_3DES_EDE_CBC_SHA, SSL_DHE_RSA_WITH_3DES_EDE_CBC_SHA, SSL_DHE_DSS_WITH_3DES_EDE_CBC_SHA, TLS_ECDHE_ECDSA_WITH_RC4_128_SHA, TLS_ECDHE_RSA_WITH_RC4_128_SHA, SSL_RSA_WITH_RC4_128_SHA, TLS_ECDH_ECDSA_WITH_RC4_128_SHA, TLS_ECDH_RSA_WITH_RC4_128_SHA, SSL_RSA_WITH_RC4_128_MD5, TLS_EMPTY_RENEGOTIATION_INFO_SCSV]
02:20:50.201 [Test worker] DEBUG o.a.h.c.s.SSLConnectionSocketFactory - Starting handshake
02:20:50.282 [Test worker] DEBUG o.a.h.c.s.SSLConnectionSocketFactory - Secure session established
02:20:50.282 [Test worker] DEBUG o.a.h.c.s.SSLConnectionSocketFactory -  negotiated protocol: TLSv1
02:20:50.282 [Test worker] DEBUG o.a.h.c.s.SSLConnectionSocketFactory -  negotiated cipher suite: TLS_ECDHE_RSA_WITH_AES_128_CBC_SHA
02:20:50.282 [Test worker] DEBUG o.a.h.c.s.SSLConnectionSocketFactory -  peer principal: CN=Thesis
02:20:50.282 [Test worker] DEBUG o.a.h.c.s.SSLConnectionSocketFactory -  issuer principal: EMAILADDRESS=sha@yamil.com, CN=Thesis, OU=Open, O=Fra, L=BER, ST=BER, C=DE
02:20:50.283 [Test worker] DEBUG o.a.h.i.c.DefaultHttpClientConnectionOperator - Connection established 127.0.0.1:41076<->127.0.1.1:2376
02:20:50.283 [Test worker] DEBUG o.a.h.impl.execchain.MainClientExec - Executing request GET /containers/json?all=true HTTP/1.1
02:20:50.283 [Test worker] DEBUG o.a.h.impl.execchain.MainClientExec - Target auth state: UNCHALLENGED
02:20:50.283 [Test worker] DEBUG o.a.h.impl.execchain.MainClientExec - Proxy auth state: UNCHALLENGED
02:20:50.283 [Test worker] DEBUG org.apache.http.headers - http-outgoing-100 >> GET /containers/json?all=true HTTP/1.1
02:20:50.283 [Test worker] DEBUG org.apache.http.headers - http-outgoing-100 >> Accept: application/json
02:20:50.283 [Test worker] DEBUG org.apache.http.headers - http-outgoing-100 >> User-Agent: Jersey/2.23.1 (Apache HttpClient 4.5.1)
02:20:50.283 [Test worker] DEBUG org.apache.http.headers - http-outgoing-100 >> Host: Thesis:2376
02:20:50.284 [Test worker] DEBUG org.apache.http.headers - http-outgoing-100 >> Connection: Keep-Alive
02:20:50.284 [Test worker] DEBUG org.apache.http.headers - http-outgoing-100 >> Accept-Encoding: gzip,deflate
02:20:50.284 [Test worker] DEBUG org.apache.http.wire - http-outgoing-100 >> "GET /containers/json?all=true HTTP/1.1[\r][\n]"
02:20:50.284 [Test worker] DEBUG org.apache.http.wire - http-outgoing-100 >> "Accept: application/json[\r][\n]"
02:20:50.284 [Test worker] DEBUG org.apache.http.wire - http-outgoing-100 >> "User-Agent: Jersey/2.23.1 (Apache HttpClient 4.5.1)[\r][\n]"
02:20:50.284 [Test worker] DEBUG org.apache.http.wire - http-outgoing-100 >> "Host: Thesis:2376[\r][\n]"
02:20:50.284 [Test worker] DEBUG org.apache.http.wire - http-outgoing-100 >> "Connection: Keep-Alive[\r][\n]"
02:20:50.284 [Test worker] DEBUG org.apache.http.wire - http-outgoing-100 >> "Accept-Encoding: gzip,deflate[\r][\n]"
02:20:50.284 [Test worker] DEBUG org.apache.http.wire - http-outgoing-100 >> "[\r][\n]"
02:20:50.285 [Test worker] DEBUG org.apache.http.wire - http-outgoing-100 << "H"
02:20:50.285 [Test worker] DEBUG org.apache.http.wire - http-outgoing-100 << "TTP/1.1 200 OK[\r][\n]"
02:20:50.285 [Test worker] DEBUG org.apache.http.wire - http-outgoing-100 << "Content-Type: application/json[\r][\n]"
02:20:50.285 [Test worker] DEBUG org.apache.http.wire - http-outgoing-100 << "Server: Docker/1.12.3 (linux)[\r][\n]"
02:20:50.285 [Test worker] DEBUG org.apache.http.wire - http-outgoing-100 << "Date: Tue, 03 Jan 2017 01:20:50 GMT[\r][\n]"
02:20:50.285 [Test worker] DEBUG org.apache.http.wire - http-outgoing-100 << "Content-Length: 3[\r][\n]"
02:20:50.285 [Test worker] DEBUG org.apache.http.wire - http-outgoing-100 << "[\r][\n]"
02:20:50.286 [Test worker] DEBUG org.apache.http.wire - http-outgoing-100 << "[][\n]"
02:20:50.286 [Test worker] DEBUG org.apache.http.headers - http-outgoing-100 << HTTP/1.1 200 OK
02:20:50.286 [Test worker] DEBUG org.apache.http.headers - http-outgoing-100 << Content-Type: application/json
02:20:50.286 [Test worker] DEBUG org.apache.http.headers - http-outgoing-100 << Server: Docker/1.12.3 (linux)
02:20:50.286 [Test worker] DEBUG org.apache.http.headers - http-outgoing-100 << Date: Tue, 03 Jan 2017 01:20:50 GMT
02:20:50.286 [Test worker] DEBUG org.apache.http.headers - http-outgoing-100 << Content-Length: 3
02:20:50.287 [Test worker] DEBUG o.a.h.impl.execchain.MainClientExec - Connection can be kept alive indefinitely
02:20:50.287 [Test worker] DEBUG c.g.d.j.JerseyDockerCmdExecFactory - 2 * Client response received on thread Test worker
2 < 200
2 < Content-Length: 3
2 < Content-Type: application/json
2 < Date: Tue, 03 Jan 2017 01:20:50 GMT
2 < Server: Docker/1.12.3 (linux)
[]


02:20:50.288 [Test worker] DEBUG c.g.d.j.JerseyDockerCmdExecFactory$1 - Connection [id: 100][route: {s}->https://Thesis:2376][state: CN=Thesis] can be kept alive indefinitely
02:20:50.288 [Test worker] DEBUG c.g.d.j.JerseyDockerCmdExecFactory$1 - Connection released: [id: 100][route: {s}->https://Thesis:2376][state: CN=Thesis][total kept alive: 1; route allocated: 1 of 2; total allocated: 1 of 20]
02:20:50.297 [Test worker] DEBUG c.g.d.core.command.AbstrDockerCmd - Cmd: com.github.dockerjava.core.util.FiltersBuilder@0,com.github.dockerjava.jaxrs.ListNetworksCmdExec@6dcaf16
02:20:50.298 [Test worker] DEBUG c.g.d.j.JerseyDockerCmdExecFactory - 3 * Sending client request on thread Test worker
3 > GET https://Thesis:2376/networks
3 > Accept: application/json

02:20:50.299 [Test worker] DEBUG o.a.h.c.protocol.RequestAddCookies - CookieSpec selected: default
02:20:50.299 [Test worker] DEBUG o.a.h.c.protocol.RequestAuthCache - Auth cache not set in the context
02:20:50.299 [Test worker] DEBUG c.g.d.j.JerseyDockerCmdExecFactory$1 - Connection request: [route: {s}->https://Thesis:2376][total kept alive: 1; route allocated: 1 of 2; total allocated: 1 of 20]
02:20:50.299 [Test worker] DEBUG c.g.d.j.JerseyDockerCmdExecFactory$1 - Connection leased: [id: 101][route: {s}->https://Thesis:2376][total kept alive: 1; route allocated: 2 of 2; total allocated: 2 of 20]
02:20:50.299 [Test worker] DEBUG o.a.h.impl.execchain.MainClientExec - Opening connection {s}->https://Thesis:2376
02:20:50.300 [Test worker] DEBUG o.a.h.i.c.DefaultHttpClientConnectionOperator - Connecting to Thesis/127.0.1.1:2376
02:20:50.300 [Test worker] DEBUG o.a.h.c.s.SSLConnectionSocketFactory - Connecting socket to Thesis/127.0.1.1:2376 with timeout 0
02:20:50.300 [Test worker] DEBUG o.a.h.c.s.SSLConnectionSocketFactory - Enabled protocols: [TLSv1]
02:20:50.301 [Test worker] DEBUG o.a.h.c.s.SSLConnectionSocketFactory - Enabled cipher suites:[TLS_ECDHE_ECDSA_WITH_AES_128_CBC_SHA, TLS_ECDHE_RSA_WITH_AES_128_CBC_SHA, TLS_RSA_WITH_AES_128_CBC_SHA, TLS_ECDH_ECDSA_WITH_AES_128_CBC_SHA, TLS_ECDH_RSA_WITH_AES_128_CBC_SHA, TLS_DHE_RSA_WITH_AES_128_CBC_SHA, TLS_DHE_DSS_WITH_AES_128_CBC_SHA, TLS_ECDHE_ECDSA_WITH_3DES_EDE_CBC_SHA, TLS_ECDHE_RSA_WITH_3DES_EDE_CBC_SHA, SSL_RSA_WITH_3DES_EDE_CBC_SHA, TLS_ECDH_ECDSA_WITH_3DES_EDE_CBC_SHA, TLS_ECDH_RSA_WITH_3DES_EDE_CBC_SHA, SSL_DHE_RSA_WITH_3DES_EDE_CBC_SHA, SSL_DHE_DSS_WITH_3DES_EDE_CBC_SHA, TLS_ECDHE_ECDSA_WITH_RC4_128_SHA, TLS_ECDHE_RSA_WITH_RC4_128_SHA, SSL_RSA_WITH_RC4_128_SHA, TLS_ECDH_ECDSA_WITH_RC4_128_SHA, TLS_ECDH_RSA_WITH_RC4_128_SHA, SSL_RSA_WITH_RC4_128_MD5, TLS_EMPTY_RENEGOTIATION_INFO_SCSV]
02:20:50.301 [Test worker] DEBUG o.a.h.c.s.SSLConnectionSocketFactory - Starting handshake
02:20:50.363 [Test worker] DEBUG o.a.h.c.s.SSLConnectionSocketFactory - Secure session established
02:20:50.364 [Test worker] DEBUG o.a.h.c.s.SSLConnectionSocketFactory -  negotiated protocol: TLSv1
02:20:50.364 [Test worker] DEBUG o.a.h.c.s.SSLConnectionSocketFactory -  negotiated cipher suite: TLS_ECDHE_RSA_WITH_AES_128_CBC_SHA
02:20:50.364 [Test worker] DEBUG o.a.h.c.s.SSLConnectionSocketFactory -  peer principal: CN=Thesis
02:20:50.364 [Test worker] DEBUG o.a.h.c.s.SSLConnectionSocketFactory -  issuer principal: EMAILADDRESS=sha@yamil.com, CN=Thesis, OU=Open, O=Fra, L=BER, ST=BER, C=DE
02:20:50.364 [Test worker] DEBUG o.a.h.i.c.DefaultHttpClientConnectionOperator - Connection established 127.0.0.1:41078<->127.0.1.1:2376
02:20:50.364 [Test worker] DEBUG o.a.h.impl.execchain.MainClientExec - Executing request GET /networks HTTP/1.1
02:20:50.365 [Test worker] DEBUG o.a.h.impl.execchain.MainClientExec - Target auth state: UNCHALLENGED
02:20:50.365 [Test worker] DEBUG o.a.h.impl.execchain.MainClientExec - Proxy auth state: UNCHALLENGED
02:20:50.365 [Test worker] DEBUG org.apache.http.headers - http-outgoing-101 >> GET /networks HTTP/1.1
02:20:50.365 [Test worker] DEBUG org.apache.http.headers - http-outgoing-101 >> Accept: application/json
02:20:50.365 [Test worker] DEBUG org.apache.http.headers - http-outgoing-101 >> User-Agent: Jersey/2.23.1 (Apache HttpClient 4.5.1)
02:20:50.365 [Test worker] DEBUG org.apache.http.headers - http-outgoing-101 >> Host: Thesis:2376
02:20:50.365 [Test worker] DEBUG org.apache.http.headers - http-outgoing-101 >> Connection: Keep-Alive
02:20:50.365 [Test worker] DEBUG org.apache.http.headers - http-outgoing-101 >> Accept-Encoding: gzip,deflate
02:20:50.366 [Test worker] DEBUG org.apache.http.wire - http-outgoing-101 >> "GET /networks HTTP/1.1[\r][\n]"
02:20:50.366 [Test worker] DEBUG org.apache.http.wire - http-outgoing-101 >> "Accept: application/json[\r][\n]"
02:20:50.366 [Test worker] DEBUG org.apache.http.wire - http-outgoing-101 >> "User-Agent: Jersey/2.23.1 (Apache HttpClient 4.5.1)[\r][\n]"
02:20:50.366 [Test worker] DEBUG org.apache.http.wire - http-outgoing-101 >> "Host: Thesis:2376[\r][\n]"
02:20:50.366 [Test worker] DEBUG org.apache.http.wire - http-outgoing-101 >> "Connection: Keep-Alive[\r][\n]"
02:20:50.366 [Test worker] DEBUG org.apache.http.wire - http-outgoing-101 >> "Accept-Encoding: gzip,deflate[\r][\n]"
02:20:50.366 [Test worker] DEBUG org.apache.http.wire - http-outgoing-101 >> "[\r][\n]"
02:20:50.367 [Test worker] DEBUG org.apache.http.wire - http-outgoing-101 << "H"
02:20:50.367 [Test worker] DEBUG org.apache.http.wire - http-outgoing-101 << "TTP/1.1 200 OK[\r][\n]"
02:20:50.367 [Test worker] DEBUG org.apache.http.wire - http-outgoing-101 << "Content-Type: application/json[\r][\n]"
02:20:50.367 [Test worker] DEBUG org.apache.http.wire - http-outgoing-101 << "Server: Docker/1.12.3 (linux)[\r][\n]"
02:20:50.367 [Test worker] DEBUG org.apache.http.wire - http-outgoing-101 << "Date: Tue, 03 Jan 2017 01:20:50 GMT[\r][\n]"
02:20:50.367 [Test worker] DEBUG org.apache.http.wire - http-outgoing-101 << "Content-Length: 1100[\r][\n]"
02:20:50.368 [Test worker] DEBUG org.apache.http.wire - http-outgoing-101 << "[\r][\n]"
02:20:50.368 [Test worker] DEBUG org.apache.http.wire - http-outgoing-101 << "[{"Name":"host","Id":"fe042b0866671b5be4f097ba43830c0a02959c058702d18e18c14a24d88a357d","Scope":"local","Driver":"host","EnableIPv6":false,"IPAM":{"Driver":"default","Options":null,"Config":[]},"Internal":false,"Containers":{},"Options":{},"Labels":{}},{"Name":"none","Id":"4d89c194eb79cd2beb38458d10a1b98c74d6b8462af72afde29ae7aca53ed5ca","Scope":"local","Driver":"null","EnableIPv6":false,"IPAM":{"Driver":"default","Options":null,"Config":[]},"Internal":false,"Containers":{},"Options":{},"Labels":{}},{"Name":"bridge","Id":"e0d36057aa1769e9fd52ba88be81b698b495f9b6b4946d0f98f24d971a27fc98","Scope":"local","Driver":"bridge","EnableIPv6":false,"IPAM":{"Driver":"default","Options":null,"Config":[{"Subnet":"172.17.0.0/16","Gateway":"172.17.0.1"}]},"Internal":false,"Containers":{},"Options":{"com.docker.network.bridge.default_bridge":"true","com.docker.network.bridge.enable_icc":"true","com.docker.network.bridge.enable_ip_masquerade":"true","com.docker.network.bridge.host_binding_ipv4":"0.0.0.0","com.docker.network.bridge.name":"docker0","com.docker.network.driver.mtu":"1500"},"Labels":{}}][\n]"
02:20:50.368 [Test worker] DEBUG org.apache.http.headers - http-outgoing-101 << HTTP/1.1 200 OK
02:20:50.368 [Test worker] DEBUG org.apache.http.headers - http-outgoing-101 << Content-Type: application/json
02:20:50.368 [Test worker] DEBUG org.apache.http.headers - http-outgoing-101 << Server: Docker/1.12.3 (linux)
02:20:50.368 [Test worker] DEBUG org.apache.http.headers - http-outgoing-101 << Date: Tue, 03 Jan 2017 01:20:50 GMT
02:20:50.368 [Test worker] DEBUG org.apache.http.headers - http-outgoing-101 << Content-Length: 1100
02:20:50.369 [Test worker] DEBUG o.a.h.impl.execchain.MainClientExec - Connection can be kept alive indefinitely
02:20:50.369 [Test worker] DEBUG c.g.d.j.JerseyDockerCmdExecFactory - 4 * Client response received on thread Test worker
4 < 200
4 < Content-Length: 1100
4 < Content-Type: application/json
4 < Date: Tue, 03 Jan 2017 01:20:50 GMT
4 < Server: Docker/1.12.3 (linux)
[{"Name":"host","Id":"fe042b0866671b5be4f097ba43830c0a02959c058702d18e18c14a24d88a357d","Scope":"local","Driver":"host","EnableIPv6":false,"IPAM":{"Driver":"default","Options":null,"Config":[]},"Internal":false,"Containers":{},"Options":{},"Labels":{}},{"Name":"none","Id":"4d89c194eb79cd2beb38458d10a1b98c74d6b8462af72afde29ae7aca53ed5ca","Scope":"local","Driver":"null","EnableIPv6":false,"IPAM":{"Driver":"default","Options":null,"Config":[]},"Internal":false,"Containers":{},"Options":{},"Labels":{}},{"Name":"bridge","Id":"e0d36057aa1769e9fd52ba88be81b698b495f9b6b4946d0f98f24d971a27fc98","Scope":"local","Driver":"bridge","EnableIPv6":false,"IPAM":{"Driver":"default","Options":null,"Config":[{"Subnet":"172.17.0.0/16","Gateway":"172.17.0.1"}]},"Internal":false,"Containers":{},"Options":{"com.docker.network.bridge.default_bridge":"true","com.docker.network.bridge.enable_icc":"true","com.docker.network.bridge.enable_ip_masquerade":"true","com.docker.network.bridge.host_binding_ipv4":"0.0.0.0","com.docker.network.bridge.name":"docker0","com.docker.network.driver.mtu":"1500"},"Labels":{}}]


02:20:50.376 [Test worker] DEBUG o.a.h.i.c.DefaultManagedHttpClientConnection - http-outgoing-101: Close connection
02:20:50.377 [Test worker] DEBUG o.a.h.impl.execchain.MainClientExec - Connection discarded
02:20:50.377 [Test worker] DEBUG c.g.d.j.JerseyDockerCmdExecFactory$1 - Connection released: [id: 101][route: {s}->https://Thesis:2376][total kept alive: 1; route allocated: 1 of 2; total allocated: 1 of 20]
02:20:50.377 [Test worker] DEBUG c.g.d.core.command.AbstrDockerCmd - Cmd: com.github.dockerjava.core.util.FiltersBuilder@0,com.github.dockerjava.jaxrs.ListVolumesCmdExec@49c8dbd
02:20:50.377 [Test worker] DEBUG c.g.d.j.JerseyDockerCmdExecFactory - 5 * Sending client request on thread Test worker
5 > GET https://Thesis:2376/volumes
5 > Accept: application/json

02:20:50.378 [Test worker] DEBUG o.a.h.c.protocol.RequestAddCookies - CookieSpec selected: default
02:20:50.378 [Test worker] DEBUG o.a.h.c.protocol.RequestAuthCache - Auth cache not set in the context
02:20:50.379 [Test worker] DEBUG c.g.d.j.JerseyDockerCmdExecFactory$1 - Connection request: [route: {s}->https://Thesis:2376][total kept alive: 1; route allocated: 1 of 2; total allocated: 1 of 20]
02:20:50.379 [Test worker] DEBUG c.g.d.j.JerseyDockerCmdExecFactory$1 - Connection leased: [id: 102][route: {s}->https://Thesis:2376][total kept alive: 1; route allocated: 2 of 2; total allocated: 2 of 20]
02:20:50.379 [Test worker] DEBUG o.a.h.impl.execchain.MainClientExec - Opening connection {s}->https://Thesis:2376
02:20:50.379 [Test worker] DEBUG o.a.h.i.c.DefaultHttpClientConnectionOperator - Connecting to Thesis/127.0.1.1:2376
02:20:50.379 [Test worker] DEBUG o.a.h.c.s.SSLConnectionSocketFactory - Connecting socket to Thesis/127.0.1.1:2376 with timeout 0
02:20:50.380 [Test worker] DEBUG o.a.h.c.s.SSLConnectionSocketFactory - Enabled protocols: [TLSv1]
02:20:50.380 [Test worker] DEBUG o.a.h.c.s.SSLConnectionSocketFactory - Enabled cipher suites:[TLS_ECDHE_ECDSA_WITH_AES_128_CBC_SHA, TLS_ECDHE_RSA_WITH_AES_128_CBC_SHA, TLS_RSA_WITH_AES_128_CBC_SHA, TLS_ECDH_ECDSA_WITH_AES_128_CBC_SHA, TLS_ECDH_RSA_WITH_AES_128_CBC_SHA, TLS_DHE_RSA_WITH_AES_128_CBC_SHA, TLS_DHE_DSS_WITH_AES_128_CBC_SHA, TLS_ECDHE_ECDSA_WITH_3DES_EDE_CBC_SHA, TLS_ECDHE_RSA_WITH_3DES_EDE_CBC_SHA, SSL_RSA_WITH_3DES_EDE_CBC_SHA, TLS_ECDH_ECDSA_WITH_3DES_EDE_CBC_SHA, TLS_ECDH_RSA_WITH_3DES_EDE_CBC_SHA, SSL_DHE_RSA_WITH_3DES_EDE_CBC_SHA, SSL_DHE_DSS_WITH_3DES_EDE_CBC_SHA, TLS_ECDHE_ECDSA_WITH_RC4_128_SHA, TLS_ECDHE_RSA_WITH_RC4_128_SHA, SSL_RSA_WITH_RC4_128_SHA, TLS_ECDH_ECDSA_WITH_RC4_128_SHA, TLS_ECDH_RSA_WITH_RC4_128_SHA, SSL_RSA_WITH_RC4_128_MD5, TLS_EMPTY_RENEGOTIATION_INFO_SCSV]
02:20:50.380 [Test worker] DEBUG o.a.h.c.s.SSLConnectionSocketFactory - Starting handshake
02:20:50.459 [Test worker] DEBUG o.a.h.c.s.SSLConnectionSocketFactory - Secure session established
02:20:50.460 [Test worker] DEBUG o.a.h.c.s.SSLConnectionSocketFactory -  negotiated protocol: TLSv1
02:20:50.460 [Test worker] DEBUG o.a.h.c.s.SSLConnectionSocketFactory -  negotiated cipher suite: TLS_ECDHE_RSA_WITH_AES_128_CBC_SHA
02:20:50.460 [Test worker] DEBUG o.a.h.c.s.SSLConnectionSocketFactory -  peer principal: CN=Thesis
02:20:50.460 [Test worker] DEBUG o.a.h.c.s.SSLConnectionSocketFactory -  issuer principal: EMAILADDRESS=sha@yamil.com, CN=Thesis, OU=Open, O=Fra, L=BER, ST=BER, C=DE
02:20:50.460 [Test worker] DEBUG o.a.h.i.c.DefaultHttpClientConnectionOperator - Connection established 127.0.0.1:41080<->127.0.1.1:2376
02:20:50.460 [Test worker] DEBUG o.a.h.impl.execchain.MainClientExec - Executing request GET /volumes HTTP/1.1
02:20:50.461 [Test worker] DEBUG o.a.h.impl.execchain.MainClientExec - Target auth state: UNCHALLENGED
02:20:50.461 [Test worker] DEBUG o.a.h.impl.execchain.MainClientExec - Proxy auth state: UNCHALLENGED
02:20:50.461 [Test worker] DEBUG org.apache.http.headers - http-outgoing-102 >> GET /volumes HTTP/1.1
02:20:50.461 [Test worker] DEBUG org.apache.http.headers - http-outgoing-102 >> Accept: application/json
02:20:50.461 [Test worker] DEBUG org.apache.http.headers - http-outgoing-102 >> User-Agent: Jersey/2.23.1 (Apache HttpClient 4.5.1)
02:20:50.461 [Test worker] DEBUG org.apache.http.headers - http-outgoing-102 >> Host: Thesis:2376
02:20:50.461 [Test worker] DEBUG org.apache.http.headers - http-outgoing-102 >> Connection: Keep-Alive
02:20:50.461 [Test worker] DEBUG org.apache.http.headers - http-outgoing-102 >> Accept-Encoding: gzip,deflate
02:20:50.462 [Test worker] DEBUG org.apache.http.wire - http-outgoing-102 >> "GET /volumes HTTP/1.1[\r][\n]"
02:20:50.462 [Test worker] DEBUG org.apache.http.wire - http-outgoing-102 >> "Accept: application/json[\r][\n]"
02:20:50.462 [Test worker] DEBUG org.apache.http.wire - http-outgoing-102 >> "User-Agent: Jersey/2.23.1 (Apache HttpClient 4.5.1)[\r][\n]"
02:20:50.462 [Test worker] DEBUG org.apache.http.wire - http-outgoing-102 >> "Host: Thesis:2376[\r][\n]"
02:20:50.462 [Test worker] DEBUG org.apache.http.wire - http-outgoing-102 >> "Connection: Keep-Alive[\r][\n]"
02:20:50.462 [Test worker] DEBUG org.apache.http.wire - http-outgoing-102 >> "Accept-Encoding: gzip,deflate[\r][\n]"
02:20:50.462 [Test worker] DEBUG org.apache.http.wire - http-outgoing-102 >> "[\r][\n]"
02:20:50.463 [Test worker] DEBUG org.apache.http.wire - http-outgoing-102 << "H"
02:20:50.463 [Test worker] DEBUG org.apache.http.wire - http-outgoing-102 << "TTP/1.1 200 OK[\r][\n]"
02:20:50.463 [Test worker] DEBUG org.apache.http.wire - http-outgoing-102 << "Content-Type: application/json[\r][\n]"
02:20:50.463 [Test worker] DEBUG org.apache.http.wire - http-outgoing-102 << "Server: Docker/1.12.3 (linux)[\r][\n]"
02:20:50.463 [Test worker] DEBUG org.apache.http.wire - http-outgoing-102 << "Date: Tue, 03 Jan 2017 01:20:50 GMT[\r][\n]"
02:20:50.463 [Test worker] DEBUG org.apache.http.wire - http-outgoing-102 << "Content-Length: 33[\r][\n]"
02:20:50.463 [Test worker] DEBUG org.apache.http.wire - http-outgoing-102 << "[\r][\n]"
02:20:50.464 [Test worker] DEBUG org.apache.http.wire - http-outgoing-102 << "{"Volumes":null,"Warnings":null}[\n]"
02:20:50.464 [Test worker] DEBUG org.apache.http.headers - http-outgoing-102 << HTTP/1.1 200 OK
02:20:50.464 [Test worker] DEBUG org.apache.http.headers - http-outgoing-102 << Content-Type: application/json
02:20:50.464 [Test worker] DEBUG org.apache.http.headers - http-outgoing-102 << Server: Docker/1.12.3 (linux)
02:20:50.464 [Test worker] DEBUG org.apache.http.headers - http-outgoing-102 << Date: Tue, 03 Jan 2017 01:20:50 GMT
02:20:50.464 [Test worker] DEBUG org.apache.http.headers - http-outgoing-102 << Content-Length: 33
02:20:50.464 [Test worker] DEBUG o.a.h.impl.execchain.MainClientExec - Connection can be kept alive indefinitely
02:20:50.465 [Test worker] DEBUG c.g.d.j.JerseyDockerCmdExecFactory - 6 * Client response received on thread Test worker
6 < 200
6 < Content-Length: 33
6 < Content-Type: application/json
6 < Date: Tue, 03 Jan 2017 01:20:50 GMT
6 < Server: Docker/1.12.3 (linux)
{"Volumes":null,"Warnings":null}


02:20:50.467 [Test worker] DEBUG o.a.h.i.c.DefaultManagedHttpClientConnection - http-outgoing-102: Close connection
02:20:50.468 [Test worker] DEBUG o.a.h.impl.execchain.MainClientExec - Connection discarded
02:20:50.468 [Test worker] DEBUG c.g.d.j.JerseyDockerCmdExecFactory$1 - Connection released: [id: 102][route: {s}->https://Thesis:2376][total kept alive: 1; route allocated: 1 of 2; total allocated: 1 of 20]
02:20:50.468 [Test worker] DEBUG c.g.d.core.command.AbstrDockerCmd - Cmd: ListImagesCmdImpl[imageNameFilter=<null>,showAll=true,filters=com.github.dockerjava.core.util.FiltersBuilder@0,execution=com.github.dockerjava.jaxrs.ListImagesCmdExec@4d86298f]
02:20:50.469 [Test worker] DEBUG c.g.d.j.JerseyDockerCmdExecFactory - 7 * Sending client request on thread Test worker
7 > GET https://Thesis:2376/images/json?all=true
7 > Accept: application/json

02:20:50.469 [Test worker] DEBUG o.a.h.c.protocol.RequestAddCookies - CookieSpec selected: default
02:20:50.469 [Test worker] DEBUG o.a.h.c.protocol.RequestAuthCache - Auth cache not set in the context
02:20:50.469 [Test worker] DEBUG c.g.d.j.JerseyDockerCmdExecFactory$1 - Connection request: [route: {s}->https://Thesis:2376][total kept alive: 1; route allocated: 1 of 2; total allocated: 1 of 20]
02:20:50.470 [Test worker] DEBUG c.g.d.j.JerseyDockerCmdExecFactory$1 - Connection leased: [id: 103][route: {s}->https://Thesis:2376][total kept alive: 1; route allocated: 2 of 2; total allocated: 2 of 20]
02:20:50.470 [Test worker] DEBUG o.a.h.impl.execchain.MainClientExec - Opening connection {s}->https://Thesis:2376
02:20:50.470 [Test worker] DEBUG o.a.h.i.c.DefaultHttpClientConnectionOperator - Connecting to Thesis/127.0.1.1:2376
02:20:50.470 [Test worker] DEBUG o.a.h.c.s.SSLConnectionSocketFactory - Connecting socket to Thesis/127.0.1.1:2376 with timeout 0
02:20:50.471 [Test worker] DEBUG o.a.h.c.s.SSLConnectionSocketFactory - Enabled protocols: [TLSv1]
02:20:50.471 [Test worker] DEBUG o.a.h.c.s.SSLConnectionSocketFactory - Enabled cipher suites:[TLS_ECDHE_ECDSA_WITH_AES_128_CBC_SHA, TLS_ECDHE_RSA_WITH_AES_128_CBC_SHA, TLS_RSA_WITH_AES_128_CBC_SHA, TLS_ECDH_ECDSA_WITH_AES_128_CBC_SHA, TLS_ECDH_RSA_WITH_AES_128_CBC_SHA, TLS_DHE_RSA_WITH_AES_128_CBC_SHA, TLS_DHE_DSS_WITH_AES_128_CBC_SHA, TLS_ECDHE_ECDSA_WITH_3DES_EDE_CBC_SHA, TLS_ECDHE_RSA_WITH_3DES_EDE_CBC_SHA, SSL_RSA_WITH_3DES_EDE_CBC_SHA, TLS_ECDH_ECDSA_WITH_3DES_EDE_CBC_SHA, TLS_ECDH_RSA_WITH_3DES_EDE_CBC_SHA, SSL_DHE_RSA_WITH_3DES_EDE_CBC_SHA, SSL_DHE_DSS_WITH_3DES_EDE_CBC_SHA, TLS_ECDHE_ECDSA_WITH_RC4_128_SHA, TLS_ECDHE_RSA_WITH_RC4_128_SHA, SSL_RSA_WITH_RC4_128_SHA, TLS_ECDH_ECDSA_WITH_RC4_128_SHA, TLS_ECDH_RSA_WITH_RC4_128_SHA, SSL_RSA_WITH_RC4_128_MD5, TLS_EMPTY_RENEGOTIATION_INFO_SCSV]
02:20:50.471 [Test worker] DEBUG o.a.h.c.s.SSLConnectionSocketFactory - Starting handshake
02:20:50.533 [Test worker] DEBUG o.a.h.c.s.SSLConnectionSocketFactory - Secure session established
02:20:50.534 [Test worker] DEBUG o.a.h.c.s.SSLConnectionSocketFactory -  negotiated protocol: TLSv1
02:20:50.534 [Test worker] DEBUG o.a.h.c.s.SSLConnectionSocketFactory -  negotiated cipher suite: TLS_ECDHE_RSA_WITH_AES_128_CBC_SHA
02:20:50.534 [Test worker] DEBUG o.a.h.c.s.SSLConnectionSocketFactory -  peer principal: CN=Thesis
02:20:50.534 [Test worker] DEBUG o.a.h.c.s.SSLConnectionSocketFactory -  issuer principal: EMAILADDRESS=sha@yamil.com, CN=Thesis, OU=Open, O=Fra, L=BER, ST=BER, C=DE
02:20:50.534 [Test worker] DEBUG o.a.h.i.c.DefaultHttpClientConnectionOperator - Connection established 127.0.0.1:41082<->127.0.1.1:2376
02:20:50.534 [Test worker] DEBUG o.a.h.impl.execchain.MainClientExec - Executing request GET /images/json?all=true HTTP/1.1
02:20:50.535 [Test worker] DEBUG o.a.h.impl.execchain.MainClientExec - Target auth state: UNCHALLENGED
02:20:50.535 [Test worker] DEBUG o.a.h.impl.execchain.MainClientExec - Proxy auth state: UNCHALLENGED
02:20:50.535 [Test worker] DEBUG org.apache.http.headers - http-outgoing-103 >> GET /images/json?all=true HTTP/1.1
02:20:50.535 [Test worker] DEBUG org.apache.http.headers - http-outgoing-103 >> Accept: application/json
02:20:50.535 [Test worker] DEBUG org.apache.http.headers - http-outgoing-103 >> User-Agent: Jersey/2.23.1 (Apache HttpClient 4.5.1)
02:20:50.538 [Test worker] DEBUG org.apache.http.headers - http-outgoing-103 >> Host: Thesis:2376
02:20:50.538 [Test worker] DEBUG org.apache.http.headers - http-outgoing-103 >> Connection: Keep-Alive
02:20:50.538 [Test worker] DEBUG org.apache.http.headers - http-outgoing-103 >> Accept-Encoding: gzip,deflate
02:20:50.538 [Test worker] DEBUG org.apache.http.wire - http-outgoing-103 >> "GET /images/json?all=true HTTP/1.1[\r][\n]"
02:20:50.538 [Test worker] DEBUG org.apache.http.wire - http-outgoing-103 >> "Accept: application/json[\r][\n]"
02:20:50.539 [Test worker] DEBUG org.apache.http.wire - http-outgoing-103 >> "User-Agent: Jersey/2.23.1 (Apache HttpClient 4.5.1)[\r][\n]"
02:20:50.539 [Test worker] DEBUG org.apache.http.wire - http-outgoing-103 >> "Host: Thesis:2376[\r][\n]"
02:20:50.539 [Test worker] DEBUG org.apache.http.wire - http-outgoing-103 >> "Connection: Keep-Alive[\r][\n]"
02:20:50.539 [Test worker] DEBUG org.apache.http.wire - http-outgoing-103 >> "Accept-Encoding: gzip,deflate[\r][\n]"
02:20:50.539 [Test worker] DEBUG org.apache.http.wire - http-outgoing-103 >> "[\r][\n]"
02:20:50.540 [Test worker] DEBUG org.apache.http.wire - http-outgoing-103 << "H"
02:20:50.540 [Test worker] DEBUG org.apache.http.wire - http-outgoing-103 << "TTP/1.1 200 OK[\r][\n]"
02:20:50.540 [Test worker] DEBUG org.apache.http.wire - http-outgoing-103 << "Content-Type: application/json[\r][\n]"
02:20:50.540 [Test worker] DEBUG org.apache.http.wire - http-outgoing-103 << "Server: Docker/1.12.3 (linux)[\r][\n]"
02:20:50.540 [Test worker] DEBUG org.apache.http.wire - http-outgoing-103 << "Date: Tue, 03 Jan 2017 01:20:50 GMT[\r][\n]"
02:20:50.541 [Test worker] DEBUG org.apache.http.wire - http-outgoing-103 << "Content-Length: 1195[\r][\n]"
02:20:50.541 [Test worker] DEBUG org.apache.http.wire - http-outgoing-103 << "[\r][\n]"
02:20:50.541 [Test worker] DEBUG org.apache.http.wire - http-outgoing-103 << "[{"Id":"sha256:4ca3a192ff2a5b7e225e81dc006b6379c10776ed3619757a65608cb72de0a7f6","ParentId":"","RepoTags":["ubuntu:latest"],"RepoDigests":["ubuntu@sha256:3b64c309deae7ab0f7dbdd42b6b326261ccd6261da5d88396439353162703fb5"],"Created":1480449877,"Size":128206574,"VirtualSize":128206574,"Labels":{}},{"Id":"sha256:aae2b63c49461fcae4962e4a8043f66acf8e3af7e62f5ebceb70b181d8ca01e0","ParentId":"","RepoTags":["ubuntu:14.04"],"RepoDigests":["ubuntu@sha256:edb984703bd3e8981ff541a5b9297ca1b81fde6e6e8094d86e390a38ebc30b4d"],"Created":1480449856,"Size":187952254,"VirtualSize":187952254,"Labels":{}},{"Id":"sha256:e02e811dd08fd49e7f6032625495118e63f597eb150403d02e3238af1df240ba","ParentId":"","RepoTags":["busybox:latest"],"RepoDigests":["busybox@sha256:29f5d56d12684887bdfa50dcd29fc31eea4aaf4ad3bec43daf19026a7ce69912"],"Created":1475874238,"Size":1093484,"VirtualSize":1093484,"Labels":{}},{"Id":"sha256:d654de4499473ed41349b54a988b6f46a7fc92e3fa2d61e102bf2660a0116e25","ParentId":"","RepoTags":["sakib37/iperf3:latest"],"RepoDigests":["sakib37/iperf3@sha256:8d80a810f8f508c074b14d02555f20110eac382c8dbda7252075392983629d40"],"Created":1474907599,"Size":199456654,"VirtualSize":199456654,"Labels":{}}][\n]"
02:20:50.541 [Test worker] DEBUG org.apache.http.headers - http-outgoing-103 << HTTP/1.1 200 OK
02:20:50.541 [Test worker] DEBUG org.apache.http.headers - http-outgoing-103 << Content-Type: application/json
02:20:50.541 [Test worker] DEBUG org.apache.http.headers - http-outgoing-103 << Server: Docker/1.12.3 (linux)
02:20:50.541 [Test worker] DEBUG org.apache.http.headers - http-outgoing-103 << Date: Tue, 03 Jan 2017 01:20:50 GMT
02:20:50.541 [Test worker] DEBUG org.apache.http.headers - http-outgoing-103 << Content-Length: 1195
02:20:50.542 [Test worker] DEBUG o.a.h.impl.execchain.MainClientExec - Connection can be kept alive indefinitely
02:20:50.542 [Test worker] DEBUG c.g.d.j.JerseyDockerCmdExecFactory - 8 * Client response received on thread Test worker
8 < 200
8 < Content-Length: 1195
8 < Content-Type: application/json
8 < Date: Tue, 03 Jan 2017 01:20:50 GMT
8 < Server: Docker/1.12.3 (linux)
[{"Id":"sha256:4ca3a192ff2a5b7e225e81dc006b6379c10776ed3619757a65608cb72de0a7f6","ParentId":"","RepoTags":["ubuntu:latest"],"RepoDigests":["ubuntu@sha256:3b64c309deae7ab0f7dbdd42b6b326261ccd6261da5d88396439353162703fb5"],"Created":1480449877,"Size":128206574,"VirtualSize":128206574,"Labels":{}},{"Id":"sha256:aae2b63c49461fcae4962e4a8043f66acf8e3af7e62f5ebceb70b181d8ca01e0","ParentId":"","RepoTags":["ubuntu:14.04"],"RepoDigests":["ubuntu@sha256:edb984703bd3e8981ff541a5b9297ca1b81fde6e6e8094d86e390a38ebc30b4d"],"Created":1480449856,"Size":187952254,"VirtualSize":187952254,"Labels":{}},{"Id":"sha256:e02e811dd08fd49e7f6032625495118e63f597eb150403d02e3238af1df240ba","ParentId":"","RepoTags":["busybox:latest"],"RepoDigests":["busybox@sha256:29f5d56d12684887bdfa50dcd29fc31eea4aaf4ad3bec43daf19026a7ce69912"],"Created":1475874238,"Size":1093484,"VirtualSize":1093484,"Labels":{}},{"Id":"sha256:d654de4499473ed41349b54a988b6f46a7fc92e3fa2d61e102bf2660a0116e25","ParentId":"","RepoTags":["sakib37/iperf3:latest"],"RepoDigests":["sakib37/iperf3@sha256:8d80a810f8f508c074b14d02555f20110eac382c8dbda7252075392983629d40"],"Created":1474907599,"Size":199456654,"VirtualSize":199456654,"Labels":{}}]


02:20:50.544 [Test worker] DEBUG o.a.h.i.c.DefaultManagedHttpClientConnection - http-outgoing-103: Close connection
02:20:50.544 [Test worker] DEBUG o.a.h.impl.execchain.MainClientExec - Connection discarded
02:20:50.544 [Test worker] DEBUG c.g.d.j.JerseyDockerCmdExecFactory$1 - Connection released: [id: 103][route: {s}->https://Thesis:2376][total kept alive: 1; route allocated: 1 of 2; total allocated: 1 of 20]
02:20:50.545 [Test worker] DEBUG c.g.d.core.command.AbstrDockerCmd - Cmd: com.github.dockerjava.core.command.CreateContainerCmdImpl@18740ad1[name=MyContainer,hostName=MyContainer,domainName=<null>,user=<null>,attachStdin=<null>,attachStdout=<null>,attachStderr=<null>,portSpecs=<null>,tty=<null>,stdinOpen=<null>,stdInOnce=<null>,env={port=8080,TERM=xterm},cmd={sleep,99999},entrypoint=<null>,image=ubuntu:14.04,volumes=com.github.dockerjava.api.model.Volumes@6a722be1,workingDir=<null>,macAddress=<null>,networkDisabled=<null>,exposedPorts=com.github.dockerjava.api.model.ExposedPorts@6d9ef75f,stopSignal=<null>,hostConfig=com.github.dockerjava.api.model.HostConfig@5f82b632[binds=<null>,blkioWeight=<null>,blkioWeightDevice=<null>,blkioDeviceReadBps=<null>,blkioDeviceReadIOps=<null>,blkioDeviceWriteBps=<null>,blkioDeviceWriteIOps=<null>,memorySwappiness=<null>,capAdd=<null>,capDrop=<null>,containerIDFile=<null>,cpuPeriod=<null>,cpuShares=<null>,cpuQuota=<null>,cpusetCpus=<null>,cpusetMems=<null>,devices=<null>,dns=<null>,dnsSearch=<null>,extraHosts=<null>,links=<null>,logConfig=<null>,lxcConf=<null>,memory=<null>,memorySwap=<null>,memoryReservation=<null>,kernelMemory=<null>,networkMode=<null>,oomKillDisable=<null>,oomScoreAdj=<null>,portBindings={8084/tcp=[Lcom.github.dockerjava.api.model.Ports$Binding;@4b12cd26},privileged=<null>,publishAllPorts=<null>,readonlyRootfs=<null>,restartPolicy=<null>,ulimits=<null>,volumesFrom=<null>,pidMode=<null>,securityOpts=<null>,cgroupParent=<null>,volumeDriver=<null>,shmSize=<null>],labels=<null>,networkingConfig=<null>,ipv4Address=<null>,ipv6Address=<null>,aliases=<null>,execution=com.github.dockerjava.jaxrs.CreateContainerCmdExec@1b10a5c]
02:20:50.546 [Test worker] DEBUG o.a.h.c.protocol.RequestAddCookies - CookieSpec selected: default
02:20:50.547 [Test worker] DEBUG o.a.h.c.protocol.RequestAuthCache - Auth cache not set in the context
02:20:50.547 [Test worker] DEBUG c.g.d.j.JerseyDockerCmdExecFactory$1 - Connection request: [route: {s}->https://Thesis:2376][total kept alive: 1; route allocated: 1 of 2; total allocated: 1 of 20]
02:20:50.547 [Test worker] DEBUG c.g.d.j.JerseyDockerCmdExecFactory$1 - Connection leased: [id: 104][route: {s}->https://Thesis:2376][total kept alive: 1; route allocated: 2 of 2; total allocated: 2 of 20]
02:20:50.547 [Test worker] DEBUG o.a.h.impl.execchain.MainClientExec - Opening connection {s}->https://Thesis:2376
02:20:50.547 [Test worker] DEBUG o.a.h.i.c.DefaultHttpClientConnectionOperator - Connecting to Thesis/127.0.1.1:2376
02:20:50.547 [Test worker] DEBUG o.a.h.c.s.SSLConnectionSocketFactory - Connecting socket to Thesis/127.0.1.1:2376 with timeout 0
02:20:50.548 [Test worker] DEBUG o.a.h.c.s.SSLConnectionSocketFactory - Enabled protocols: [TLSv1]
02:20:50.548 [Test worker] DEBUG o.a.h.c.s.SSLConnectionSocketFactory - Enabled cipher suites:[TLS_ECDHE_ECDSA_WITH_AES_128_CBC_SHA, TLS_ECDHE_RSA_WITH_AES_128_CBC_SHA, TLS_RSA_WITH_AES_128_CBC_SHA, TLS_ECDH_ECDSA_WITH_AES_128_CBC_SHA, TLS_ECDH_RSA_WITH_AES_128_CBC_SHA, TLS_DHE_RSA_WITH_AES_128_CBC_SHA, TLS_DHE_DSS_WITH_AES_128_CBC_SHA, TLS_ECDHE_ECDSA_WITH_3DES_EDE_CBC_SHA, TLS_ECDHE_RSA_WITH_3DES_EDE_CBC_SHA, SSL_RSA_WITH_3DES_EDE_CBC_SHA, TLS_ECDH_ECDSA_WITH_3DES_EDE_CBC_SHA, TLS_ECDH_RSA_WITH_3DES_EDE_CBC_SHA, SSL_DHE_RSA_WITH_3DES_EDE_CBC_SHA, SSL_DHE_DSS_WITH_3DES_EDE_CBC_SHA, TLS_ECDHE_ECDSA_WITH_RC4_128_SHA, TLS_ECDHE_RSA_WITH_RC4_128_SHA, SSL_RSA_WITH_RC4_128_SHA, TLS_ECDH_ECDSA_WITH_RC4_128_SHA, TLS_ECDH_RSA_WITH_RC4_128_SHA, SSL_RSA_WITH_RC4_128_MD5, TLS_EMPTY_RENEGOTIATION_INFO_SCSV]
02:20:50.548 [Test worker] DEBUG o.a.h.c.s.SSLConnectionSocketFactory - Starting handshake
02:20:50.607 [Test worker] DEBUG o.a.h.c.s.SSLConnectionSocketFactory - Secure session established
02:20:50.608 [Test worker] DEBUG o.a.h.c.s.SSLConnectionSocketFactory -  negotiated protocol: TLSv1
02:20:50.608 [Test worker] DEBUG o.a.h.c.s.SSLConnectionSocketFactory -  negotiated cipher suite: TLS_ECDHE_RSA_WITH_AES_128_CBC_SHA
02:20:50.608 [Test worker] DEBUG o.a.h.c.s.SSLConnectionSocketFactory -  peer principal: CN=Thesis
02:20:50.608 [Test worker] DEBUG o.a.h.c.s.SSLConnectionSocketFactory -  issuer principal: EMAILADDRESS=sha@yamil.com, CN=Thesis, OU=Open, O=Fra, L=BER, ST=BER, C=DE
02:20:50.608 [Test worker] DEBUG o.a.h.i.c.DefaultHttpClientConnectionOperator - Connection established 127.0.0.1:41084<->127.0.1.1:2376
02:20:50.608 [Test worker] DEBUG o.a.h.impl.execchain.MainClientExec - Executing request POST /containers/create?name=MyContainer HTTP/1.1
02:20:50.609 [Test worker] DEBUG o.a.h.impl.execchain.MainClientExec - Target auth state: UNCHALLENGED
02:20:50.609 [Test worker] DEBUG o.a.h.impl.execchain.MainClientExec - Proxy auth state: UNCHALLENGED
02:20:50.609 [Test worker] DEBUG org.apache.http.headers - http-outgoing-104 >> POST /containers/create?name=MyContainer HTTP/1.1
02:20:50.609 [Test worker] DEBUG org.apache.http.headers - http-outgoing-104 >> Accept: application/json
02:20:50.609 [Test worker] DEBUG org.apache.http.headers - http-outgoing-104 >> Content-Type: application/json
02:20:50.609 [Test worker] DEBUG org.apache.http.headers - http-outgoing-104 >> User-Agent: Jersey/2.23.1 (Apache HttpClient 4.5.1)
02:20:50.609 [Test worker] DEBUG org.apache.http.headers - http-outgoing-104 >> Transfer-Encoding: chunked
02:20:50.609 [Test worker] DEBUG org.apache.http.headers - http-outgoing-104 >> Host: Thesis:2376
02:20:50.609 [Test worker] DEBUG org.apache.http.headers - http-outgoing-104 >> Connection: Keep-Alive
02:20:50.610 [Test worker] DEBUG org.apache.http.headers - http-outgoing-104 >> Accept-Encoding: gzip,deflate
02:20:50.638 [Test worker] DEBUG c.g.d.j.JerseyDockerCmdExecFactory - 9 * Sending client request on thread Test worker
9 > POST https://Thesis:2376/containers/create?name=MyContainer
9 > Accept: application/json
9 > Content-Type: application/json
{"name":"MyContainer","Hostname":"MyContainer","Env":["port=8080","TERM=xterm"],"Cmd":["sleep","99999"],"Image":"ubuntu:14.04","Volumes":{},"ExposedPorts":{"8084/tcp":{}},"HostConfig":{"PortBindings":{"8084/tcp":[{"HostIp":"","HostPort":"8084"}]}}}

02:20:50.639 [Test worker] DEBUG org.apache.http.wire - http-outgoing-104 >> "POST /containers/create?name=MyContainer HTTP/1.1[\r][\n]"
02:20:50.639 [Test worker] DEBUG org.apache.http.wire - http-outgoing-104 >> "Accept: application/json[\r][\n]"
02:20:50.639 [Test worker] DEBUG org.apache.http.wire - http-outgoing-104 >> "Content-Type: application/json[\r][\n]"
02:20:50.639 [Test worker] DEBUG org.apache.http.wire - http-outgoing-104 >> "User-Agent: Jersey/2.23.1 (Apache HttpClient 4.5.1)[\r][\n]"
02:20:50.639 [Test worker] DEBUG org.apache.http.wire - http-outgoing-104 >> "Transfer-Encoding: chunked[\r][\n]"
02:20:50.639 [Test worker] DEBUG org.apache.http.wire - http-outgoing-104 >> "Host: Thesis:2376[\r][\n]"
02:20:50.639 [Test worker] DEBUG org.apache.http.wire - http-outgoing-104 >> "Connection: Keep-Alive[\r][\n]"
02:20:50.640 [Test worker] DEBUG org.apache.http.wire - http-outgoing-104 >> "Accept-Encoding: gzip,deflate[\r][\n]"
02:20:50.640 [Test worker] DEBUG org.apache.http.wire - http-outgoing-104 >> "[\r][\n]"
02:20:50.640 [Test worker] DEBUG org.apache.http.wire - http-outgoing-104 >> "f8[\r][\n]"
02:20:50.640 [Test worker] DEBUG org.apache.http.wire - http-outgoing-104 >> "{"name":"MyContainer","Hostname":"MyContainer","Env":["port=8080","TERM=xterm"],"Cmd":["sleep","99999"],"Image":"ubuntu:14.04","Volumes":{},"ExposedPorts":{"8084/tcp":{}},"HostConfig":{"PortBindings":{"8084/tcp":[{"HostIp":"","HostPort":"8084"}]}}}[\r][\n]"
02:20:50.640 [Test worker] DEBUG org.apache.http.wire - http-outgoing-104 >> "0[\r][\n]"
02:20:50.640 [Test worker] DEBUG org.apache.http.wire - http-outgoing-104 >> "[\r][\n]"
02:20:50.660 [Test worker] DEBUG org.apache.http.wire - http-outgoing-104 << "H"
02:20:50.661 [Test worker] DEBUG org.apache.http.wire - http-outgoing-104 << "TTP/1.1 201 Created[\r][\n]"
02:20:50.661 [Test worker] DEBUG org.apache.http.wire - http-outgoing-104 << "Content-Type: application/json[\r][\n]"
02:20:50.661 [Test worker] DEBUG org.apache.http.wire - http-outgoing-104 << "Server: Docker/1.12.3 (linux)[\r][\n]"
02:20:50.661 [Test worker] DEBUG org.apache.http.wire - http-outgoing-104 << "Date: Tue, 03 Jan 2017 01:20:50 GMT[\r][\n]"
02:20:50.661 [Test worker] DEBUG org.apache.http.wire - http-outgoing-104 << "Content-Length: 90[\r][\n]"
02:20:50.661 [Test worker] DEBUG org.apache.http.wire - http-outgoing-104 << "[\r][\n]"
02:20:50.662 [Test worker] DEBUG org.apache.http.wire - http-outgoing-104 << "{"Id":"83821c7e453212328d2c2b0bf1fae91591f1612aacdf731539caad0c7e14cb1e","Warnings":null}[\n]"
02:20:50.662 [Test worker] DEBUG org.apache.http.headers - http-outgoing-104 << HTTP/1.1 201 Created
02:20:50.662 [Test worker] DEBUG org.apache.http.headers - http-outgoing-104 << Content-Type: application/json
02:20:50.662 [Test worker] DEBUG org.apache.http.headers - http-outgoing-104 << Server: Docker/1.12.3 (linux)
02:20:50.662 [Test worker] DEBUG org.apache.http.headers - http-outgoing-104 << Date: Tue, 03 Jan 2017 01:20:50 GMT
02:20:50.662 [Test worker] DEBUG org.apache.http.headers - http-outgoing-104 << Content-Length: 90
02:20:50.662 [Test worker] DEBUG o.a.h.impl.execchain.MainClientExec - Connection can be kept alive indefinitely
02:20:50.663 [Test worker] DEBUG c.g.d.j.JerseyDockerCmdExecFactory - 10 * Client response received on thread Test worker
10 < 201
10 < Content-Length: 90
10 < Content-Type: application/json
10 < Date: Tue, 03 Jan 2017 01:20:50 GMT
10 < Server: Docker/1.12.3 (linux)
{"Id":"83821c7e453212328d2c2b0bf1fae91591f1612aacdf731539caad0c7e14cb1e","Warnings":null}


02:20:50.664 [Test worker] DEBUG o.a.h.i.c.DefaultManagedHttpClientConnection - http-outgoing-104: Close connection
02:20:50.665 [Test worker] DEBUG o.a.h.impl.execchain.MainClientExec - Connection discarded
02:20:50.665 [Test worker] DEBUG c.g.d.j.JerseyDockerCmdExecFactory$1 - Connection released: [id: 104][route: {s}->https://Thesis:2376][total kept alive: 1; route allocated: 1 of 2; total allocated: 1 of 20]
02:20:50.665 [Test worker] DEBUG org.openbaton.docker.DockerVim - Instance created successfully
02:20:50.665 [Test worker] DEBUG c.g.d.core.command.AbstrDockerCmd - Cmd: 83821c7e453212328d2c2b0bf1fae91591f1612aacdf731539caad0c7e14cb1e,com.github.dockerjava.jaxrs.StartContainerCmdExec@56d1bc6b
02:20:50.665 [Test worker] DEBUG c.g.d.j.JerseyDockerCmdExecFactory - 11 * Sending client request on thread Test worker
11 > POST https://Thesis:2376/containers/83821c7e453212328d2c2b0bf1fae91591f1612aacdf731539caad0c7e14cb1e/start
11 > Accept: application/json

02:20:50.666 [Test worker] DEBUG o.a.h.c.protocol.RequestAddCookies - CookieSpec selected: default
02:20:50.666 [Test worker] DEBUG o.a.h.c.protocol.RequestAuthCache - Auth cache not set in the context
02:20:50.666 [Test worker] DEBUG c.g.d.j.JerseyDockerCmdExecFactory$1 - Connection request: [route: {s}->https://Thesis:2376][total kept alive: 1; route allocated: 1 of 2; total allocated: 1 of 20]
02:20:50.667 [Test worker] DEBUG c.g.d.j.JerseyDockerCmdExecFactory$1 - Connection leased: [id: 105][route: {s}->https://Thesis:2376][total kept alive: 1; route allocated: 2 of 2; total allocated: 2 of 20]
02:20:50.667 [Test worker] DEBUG o.a.h.impl.execchain.MainClientExec - Opening connection {s}->https://Thesis:2376
02:20:50.667 [Test worker] DEBUG o.a.h.i.c.DefaultHttpClientConnectionOperator - Connecting to Thesis/127.0.1.1:2376
02:20:50.667 [Test worker] DEBUG o.a.h.c.s.SSLConnectionSocketFactory - Connecting socket to Thesis/127.0.1.1:2376 with timeout 0
02:20:50.668 [Test worker] DEBUG o.a.h.c.s.SSLConnectionSocketFactory - Enabled protocols: [TLSv1]
02:20:50.668 [Test worker] DEBUG o.a.h.c.s.SSLConnectionSocketFactory - Enabled cipher suites:[TLS_ECDHE_ECDSA_WITH_AES_128_CBC_SHA, TLS_ECDHE_RSA_WITH_AES_128_CBC_SHA, TLS_RSA_WITH_AES_128_CBC_SHA, TLS_ECDH_ECDSA_WITH_AES_128_CBC_SHA, TLS_ECDH_RSA_WITH_AES_128_CBC_SHA, TLS_DHE_RSA_WITH_AES_128_CBC_SHA, TLS_DHE_DSS_WITH_AES_128_CBC_SHA, TLS_ECDHE_ECDSA_WITH_3DES_EDE_CBC_SHA, TLS_ECDHE_RSA_WITH_3DES_EDE_CBC_SHA, SSL_RSA_WITH_3DES_EDE_CBC_SHA, TLS_ECDH_ECDSA_WITH_3DES_EDE_CBC_SHA, TLS_ECDH_RSA_WITH_3DES_EDE_CBC_SHA, SSL_DHE_RSA_WITH_3DES_EDE_CBC_SHA, SSL_DHE_DSS_WITH_3DES_EDE_CBC_SHA, TLS_ECDHE_ECDSA_WITH_RC4_128_SHA, TLS_ECDHE_RSA_WITH_RC4_128_SHA, SSL_RSA_WITH_RC4_128_SHA, TLS_ECDH_ECDSA_WITH_RC4_128_SHA, TLS_ECDH_RSA_WITH_RC4_128_SHA, SSL_RSA_WITH_RC4_128_MD5, TLS_EMPTY_RENEGOTIATION_INFO_SCSV]
02:20:50.668 [Test worker] DEBUG o.a.h.c.s.SSLConnectionSocketFactory - Starting handshake
02:20:50.727 [Test worker] DEBUG o.a.h.c.s.SSLConnectionSocketFactory - Secure session established
02:20:50.727 [Test worker] DEBUG o.a.h.c.s.SSLConnectionSocketFactory -  negotiated protocol: TLSv1
02:20:50.727 [Test worker] DEBUG o.a.h.c.s.SSLConnectionSocketFactory -  negotiated cipher suite: TLS_ECDHE_RSA_WITH_AES_128_CBC_SHA
02:20:50.727 [Test worker] DEBUG o.a.h.c.s.SSLConnectionSocketFactory -  peer principal: CN=Thesis
02:20:50.727 [Test worker] DEBUG o.a.h.c.s.SSLConnectionSocketFactory -  issuer principal: EMAILADDRESS=sha@yamil.com, CN=Thesis, OU=Open, O=Fra, L=BER, ST=BER, C=DE
02:20:50.728 [Test worker] DEBUG o.a.h.i.c.DefaultHttpClientConnectionOperator - Connection established 127.0.0.1:41086<->127.0.1.1:2376
02:20:50.728 [Test worker] DEBUG o.a.h.impl.execchain.MainClientExec - Executing request POST /containers/83821c7e453212328d2c2b0bf1fae91591f1612aacdf731539caad0c7e14cb1e/start HTTP/1.1
02:20:50.728 [Test worker] DEBUG o.a.h.impl.execchain.MainClientExec - Target auth state: UNCHALLENGED
02:20:50.728 [Test worker] DEBUG o.a.h.impl.execchain.MainClientExec - Proxy auth state: UNCHALLENGED
02:20:50.728 [Test worker] DEBUG org.apache.http.headers - http-outgoing-105 >> POST /containers/83821c7e453212328d2c2b0bf1fae91591f1612aacdf731539caad0c7e14cb1e/start HTTP/1.1
02:20:50.729 [Test worker] DEBUG org.apache.http.headers - http-outgoing-105 >> Accept: application/json
02:20:50.729 [Test worker] DEBUG org.apache.http.headers - http-outgoing-105 >> User-Agent: Jersey/2.23.1 (Apache HttpClient 4.5.1)
02:20:50.729 [Test worker] DEBUG org.apache.http.headers - http-outgoing-105 >> Host: Thesis:2376
02:20:50.729 [Test worker] DEBUG org.apache.http.headers - http-outgoing-105 >> Connection: Keep-Alive
02:20:50.729 [Test worker] DEBUG org.apache.http.headers - http-outgoing-105 >> Accept-Encoding: gzip,deflate
02:20:50.729 [Test worker] DEBUG org.apache.http.wire - http-outgoing-105 >> "POST /containers/83821c7e453212328d2c2b0bf1fae91591f1612aacdf731539caad0c7e14cb1e/start HTTP/1.1[\r][\n]"
02:20:50.729 [Test worker] DEBUG org.apache.http.wire - http-outgoing-105 >> "Accept: application/json[\r][\n]"
02:20:50.729 [Test worker] DEBUG org.apache.http.wire - http-outgoing-105 >> "User-Agent: Jersey/2.23.1 (Apache HttpClient 4.5.1)[\r][\n]"
02:20:50.729 [Test worker] DEBUG org.apache.http.wire - http-outgoing-105 >> "Host: Thesis:2376[\r][\n]"
02:20:50.730 [Test worker] DEBUG org.apache.http.wire - http-outgoing-105 >> "Connection: Keep-Alive[\r][\n]"
02:20:50.730 [Test worker] DEBUG org.apache.http.wire - http-outgoing-105 >> "Accept-Encoding: gzip,deflate[\r][\n]"
02:20:50.730 [Test worker] DEBUG org.apache.http.wire - http-outgoing-105 >> "[\r][\n]"
02:20:50.893 [Test worker] DEBUG org.apache.http.wire - http-outgoing-105 << "H"
02:20:50.893 [Test worker] DEBUG org.apache.http.wire - http-outgoing-105 << "TTP/1.1 204 No Content[\r][\n]"
02:20:50.894 [Test worker] DEBUG org.apache.http.wire - http-outgoing-105 << "Server: Docker/1.12.3 (linux)[\r][\n]"
02:20:50.894 [Test worker] DEBUG org.apache.http.wire - http-outgoing-105 << "Date: Tue, 03 Jan 2017 01:20:50 GMT[\r][\n]"
02:20:50.894 [Test worker] DEBUG org.apache.http.wire - http-outgoing-105 << "[\r][\n]"
02:20:50.894 [Test worker] DEBUG org.apache.http.headers - http-outgoing-105 << HTTP/1.1 204 No Content
02:20:50.894 [Test worker] DEBUG org.apache.http.headers - http-outgoing-105 << Server: Docker/1.12.3 (linux)
02:20:50.894 [Test worker] DEBUG org.apache.http.headers - http-outgoing-105 << Date: Tue, 03 Jan 2017 01:20:50 GMT
02:20:50.894 [Test worker] DEBUG o.a.h.impl.execchain.MainClientExec - Connection can be kept alive indefinitely
02:20:50.894 [Test worker] DEBUG c.g.d.j.JerseyDockerCmdExecFactory$1 - Connection [id: 105][route: {s}->https://Thesis:2376][state: CN=Thesis] can be kept alive indefinitely
02:20:50.894 [Test worker] DEBUG c.g.d.j.JerseyDockerCmdExecFactory$1 - Connection released: [id: 105][route: {s}->https://Thesis:2376][state: CN=Thesis][total kept alive: 2; route allocated: 2 of 2; total allocated: 2 of 20]
02:20:50.894 [Test worker] DEBUG c.g.d.j.JerseyDockerCmdExecFactory - 12 * Client response received on thread Test worker
12 < 204
12 < Date: Tue, 03 Jan 2017 01:20:50 GMT
12 < Server: Docker/1.12.3 (linux)

02:20:50.894 [Test worker] DEBUG c.g.d.core.command.AbstrDockerCmd - Cmd: ListImagesCmdImpl[imageNameFilter=<null>,showAll=true,filters=com.github.dockerjava.core.util.FiltersBuilder@0,execution=com.github.dockerjava.jaxrs.ListImagesCmdExec@14777d1c]
02:20:50.895 [Test worker] DEBUG c.g.d.j.JerseyDockerCmdExecFactory - 13 * Sending client request on thread Test worker
13 > GET https://Thesis:2376/images/json?all=true
13 > Accept: application/json

02:20:50.895 [Test worker] DEBUG o.a.h.c.protocol.RequestAddCookies - CookieSpec selected: default
02:20:50.895 [Test worker] DEBUG o.a.h.c.protocol.RequestAuthCache - Auth cache not set in the context
02:20:50.895 [Test worker] DEBUG c.g.d.j.JerseyDockerCmdExecFactory$1 - Connection request: [route: {s}->https://Thesis:2376][total kept alive: 2; route allocated: 2 of 2; total allocated: 2 of 20]
02:20:50.895 [Test worker] DEBUG o.a.h.i.c.DefaultManagedHttpClientConnection - http-outgoing-100: Close connection
02:20:50.895 [Test worker] DEBUG c.g.d.j.JerseyDockerCmdExecFactory$1 - Connection leased: [id: 106][route: {s}->https://Thesis:2376][total kept alive: 1; route allocated: 2 of 2; total allocated: 2 of 20]
02:20:50.895 [Test worker] DEBUG o.a.h.impl.execchain.MainClientExec - Opening connection {s}->https://Thesis:2376
02:20:50.895 [Test worker] DEBUG o.a.h.i.c.DefaultHttpClientConnectionOperator - Connecting to Thesis/127.0.1.1:2376
02:20:50.895 [Test worker] DEBUG o.a.h.c.s.SSLConnectionSocketFactory - Connecting socket to Thesis/127.0.1.1:2376 with timeout 0
02:20:50.897 [Test worker] DEBUG o.a.h.c.s.SSLConnectionSocketFactory - Enabled protocols: [TLSv1]
02:20:50.897 [Test worker] DEBUG o.a.h.c.s.SSLConnectionSocketFactory - Enabled cipher suites:[TLS_ECDHE_ECDSA_WITH_AES_128_CBC_SHA, TLS_ECDHE_RSA_WITH_AES_128_CBC_SHA, TLS_RSA_WITH_AES_128_CBC_SHA, TLS_ECDH_ECDSA_WITH_AES_128_CBC_SHA, TLS_ECDH_RSA_WITH_AES_128_CBC_SHA, TLS_DHE_RSA_WITH_AES_128_CBC_SHA, TLS_DHE_DSS_WITH_AES_128_CBC_SHA, TLS_ECDHE_ECDSA_WITH_3DES_EDE_CBC_SHA, TLS_ECDHE_RSA_WITH_3DES_EDE_CBC_SHA, SSL_RSA_WITH_3DES_EDE_CBC_SHA, TLS_ECDH_ECDSA_WITH_3DES_EDE_CBC_SHA, TLS_ECDH_RSA_WITH_3DES_EDE_CBC_SHA, SSL_DHE_RSA_WITH_3DES_EDE_CBC_SHA, SSL_DHE_DSS_WITH_3DES_EDE_CBC_SHA, TLS_ECDHE_ECDSA_WITH_RC4_128_SHA, TLS_ECDHE_RSA_WITH_RC4_128_SHA, SSL_RSA_WITH_RC4_128_SHA, TLS_ECDH_ECDSA_WITH_RC4_128_SHA, TLS_ECDH_RSA_WITH_RC4_128_SHA, SSL_RSA_WITH_RC4_128_MD5, TLS_EMPTY_RENEGOTIATION_INFO_SCSV]
02:20:50.897 [Test worker] DEBUG o.a.h.c.s.SSLConnectionSocketFactory - Starting handshake
02:20:50.960 [Test worker] DEBUG o.a.h.c.s.SSLConnectionSocketFactory - Secure session established
02:20:50.961 [Test worker] DEBUG o.a.h.c.s.SSLConnectionSocketFactory -  negotiated protocol: TLSv1
02:20:50.961 [Test worker] DEBUG o.a.h.c.s.SSLConnectionSocketFactory -  negotiated cipher suite: TLS_ECDHE_RSA_WITH_AES_128_CBC_SHA
02:20:50.961 [Test worker] DEBUG o.a.h.c.s.SSLConnectionSocketFactory -  peer principal: CN=Thesis
02:20:50.961 [Test worker] DEBUG o.a.h.c.s.SSLConnectionSocketFactory -  issuer principal: EMAILADDRESS=sha@yamil.com, CN=Thesis, OU=Open, O=Fra, L=BER, ST=BER, C=DE
02:20:50.961 [Test worker] DEBUG o.a.h.i.c.DefaultHttpClientConnectionOperator - Connection established 127.0.0.1:41088<->127.0.1.1:2376
02:20:50.961 [Test worker] DEBUG o.a.h.impl.execchain.MainClientExec - Executing request GET /images/json?all=true HTTP/1.1
02:20:50.961 [Test worker] DEBUG o.a.h.impl.execchain.MainClientExec - Target auth state: UNCHALLENGED
02:20:50.961 [Test worker] DEBUG o.a.h.impl.execchain.MainClientExec - Proxy auth state: UNCHALLENGED
02:20:50.962 [Test worker] DEBUG org.apache.http.headers - http-outgoing-106 >> GET /images/json?all=true HTTP/1.1
02:20:50.962 [Test worker] DEBUG org.apache.http.headers - http-outgoing-106 >> Accept: application/json
02:20:50.962 [Test worker] DEBUG org.apache.http.headers - http-outgoing-106 >> User-Agent: Jersey/2.23.1 (Apache HttpClient 4.5.1)
02:20:50.963 [Test worker] DEBUG org.apache.http.headers - http-outgoing-106 >> Host: Thesis:2376
02:20:50.963 [Test worker] DEBUG org.apache.http.headers - http-outgoing-106 >> Connection: Keep-Alive
02:20:50.963 [Test worker] DEBUG org.apache.http.headers - http-outgoing-106 >> Accept-Encoding: gzip,deflate
02:20:50.963 [Test worker] DEBUG org.apache.http.wire - http-outgoing-106 >> "GET /images/json?all=true HTTP/1.1[\r][\n]"
02:20:50.964 [Test worker] DEBUG org.apache.http.wire - http-outgoing-106 >> "Accept: application/json[\r][\n]"
02:20:50.964 [Test worker] DEBUG org.apache.http.wire - http-outgoing-106 >> "User-Agent: Jersey/2.23.1 (Apache HttpClient 4.5.1)[\r][\n]"
02:20:50.964 [Test worker] DEBUG org.apache.http.wire - http-outgoing-106 >> "Host: Thesis:2376[\r][\n]"
02:20:50.964 [Test worker] DEBUG org.apache.http.wire - http-outgoing-106 >> "Connection: Keep-Alive[\r][\n]"
02:20:50.964 [Test worker] DEBUG org.apache.http.wire - http-outgoing-106 >> "Accept-Encoding: gzip,deflate[\r][\n]"
02:20:50.964 [Test worker] DEBUG org.apache.http.wire - http-outgoing-106 >> "[\r][\n]"
02:20:50.965 [Test worker] DEBUG org.apache.http.wire - http-outgoing-106 << "H"
02:20:50.966 [Test worker] DEBUG org.apache.http.wire - http-outgoing-106 << "TTP/1.1 200 OK[\r][\n]"
02:20:50.966 [Test worker] DEBUG org.apache.http.wire - http-outgoing-106 << "Content-Type: application/json[\r][\n]"
02:20:50.966 [Test worker] DEBUG org.apache.http.wire - http-outgoing-106 << "Server: Docker/1.12.3 (linux)[\r][\n]"
02:20:50.966 [Test worker] DEBUG org.apache.http.wire - http-outgoing-106 << "Date: Tue, 03 Jan 2017 01:20:50 GMT[\r][\n]"
02:20:50.966 [Test worker] DEBUG org.apache.http.wire - http-outgoing-106 << "Content-Length: 1195[\r][\n]"
02:20:50.966 [Test worker] DEBUG org.apache.http.wire - http-outgoing-106 << "[\r][\n]"
02:20:50.966 [Test worker] DEBUG org.apache.http.wire - http-outgoing-106 << "[{"Id":"sha256:4ca3a192ff2a5b7e225e81dc006b6379c10776ed3619757a65608cb72de0a7f6","ParentId":"","RepoTags":["ubuntu:latest"],"RepoDigests":["ubuntu@sha256:3b64c309deae7ab0f7dbdd42b6b326261ccd6261da5d88396439353162703fb5"],"Created":1480449877,"Size":128206574,"VirtualSize":128206574,"Labels":{}},{"Id":"sha256:aae2b63c49461fcae4962e4a8043f66acf8e3af7e62f5ebceb70b181d8ca01e0","ParentId":"","RepoTags":["ubuntu:14.04"],"RepoDigests":["ubuntu@sha256:edb984703bd3e8981ff541a5b9297ca1b81fde6e6e8094d86e390a38ebc30b4d"],"Created":1480449856,"Size":187952254,"VirtualSize":187952254,"Labels":{}},{"Id":"sha256:e02e811dd08fd49e7f6032625495118e63f597eb150403d02e3238af1df240ba","ParentId":"","RepoTags":["busybox:latest"],"RepoDigests":["busybox@sha256:29f5d56d12684887bdfa50dcd29fc31eea4aaf4ad3bec43daf19026a7ce69912"],"Created":1475874238,"Size":1093484,"VirtualSize":1093484,"Labels":{}},{"Id":"sha256:d654de4499473ed41349b54a988b6f46a7fc92e3fa2d61e102bf2660a0116e25","ParentId":"","RepoTags":["sakib37/iperf3:latest"],"RepoDigests":["sakib37/iperf3@sha256:8d80a810f8f508c074b14d02555f20110eac382c8dbda7252075392983629d40"],"Created":1474907599,"Size":199456654,"VirtualSize":199456654,"Labels":{}}][\n]"
02:20:50.966 [Test worker] DEBUG org.apache.http.headers - http-outgoing-106 << HTTP/1.1 200 OK
02:20:50.967 [Test worker] DEBUG org.apache.http.headers - http-outgoing-106 << Content-Type: application/json
02:20:50.967 [Test worker] DEBUG org.apache.http.headers - http-outgoing-106 << Server: Docker/1.12.3 (linux)
02:20:50.967 [Test worker] DEBUG org.apache.http.headers - http-outgoing-106 << Date: Tue, 03 Jan 2017 01:20:50 GMT
02:20:50.967 [Test worker] DEBUG org.apache.http.headers - http-outgoing-106 << Content-Length: 1195
02:20:50.967 [Test worker] DEBUG o.a.h.impl.execchain.MainClientExec - Connection can be kept alive indefinitely
02:20:50.967 [Test worker] DEBUG c.g.d.j.JerseyDockerCmdExecFactory - 14 * Client response received on thread Test worker
14 < 200
14 < Content-Length: 1195
14 < Content-Type: application/json
14 < Date: Tue, 03 Jan 2017 01:20:50 GMT
14 < Server: Docker/1.12.3 (linux)
[{"Id":"sha256:4ca3a192ff2a5b7e225e81dc006b6379c10776ed3619757a65608cb72de0a7f6","ParentId":"","RepoTags":["ubuntu:latest"],"RepoDigests":["ubuntu@sha256:3b64c309deae7ab0f7dbdd42b6b326261ccd6261da5d88396439353162703fb5"],"Created":1480449877,"Size":128206574,"VirtualSize":128206574,"Labels":{}},{"Id":"sha256:aae2b63c49461fcae4962e4a8043f66acf8e3af7e62f5ebceb70b181d8ca01e0","ParentId":"","RepoTags":["ubuntu:14.04"],"RepoDigests":["ubuntu@sha256:edb984703bd3e8981ff541a5b9297ca1b81fde6e6e8094d86e390a38ebc30b4d"],"Created":1480449856,"Size":187952254,"VirtualSize":187952254,"Labels":{}},{"Id":"sha256:e02e811dd08fd49e7f6032625495118e63f597eb150403d02e3238af1df240ba","ParentId":"","RepoTags":["busybox:latest"],"RepoDigests":["busybox@sha256:29f5d56d12684887bdfa50dcd29fc31eea4aaf4ad3bec43daf19026a7ce69912"],"Created":1475874238,"Size":1093484,"VirtualSize":1093484,"Labels":{}},{"Id":"sha256:d654de4499473ed41349b54a988b6f46a7fc92e3fa2d61e102bf2660a0116e25","ParentId":"","RepoTags":["sakib37/iperf3:latest"],"RepoDigests":["sakib37/iperf3@sha256:8d80a810f8f508c074b14d02555f20110eac382c8dbda7252075392983629d40"],"Created":1474907599,"Size":199456654,"VirtualSize":199456654,"Labels":{}}]


02:20:50.969 [Test worker] DEBUG o.a.h.i.c.DefaultManagedHttpClientConnection - http-outgoing-106: Close connection
02:20:50.969 [Test worker] DEBUG o.a.h.impl.execchain.MainClientExec - Connection discarded
02:20:50.969 [Test worker] DEBUG c.g.d.j.JerseyDockerCmdExecFactory$1 - Connection released: [id: 106][route: {s}->https://Thesis:2376][total kept alive: 1; route allocated: 1 of 2; total allocated: 1 of 20]
02:20:50.969 [Test worker] DEBUG org.openbaton.docker.DockerVim - Found a docker image, transformed into a NFV Image Image{id='sha256:aae2b63c49461fcae4962e4a8043f66acf8e3af7e62f5ebceb70b181d8ca01e0', name='ubuntu:14.04', version=0, extId='null', minRam='0', minDiskSpace='0', minCPU='null', public='true', diskFormat='null', containerFormat='docker', created='Sun Jan 18 04:14:09 CET 1970', updated='null'}
02:20:50.969 [Test worker] DEBUG c.g.d.core.command.AbstrDockerCmd - Cmd: -1,<null>,true,<null>,<null>,com.github.dockerjava.core.util.FiltersBuilder@0,com.github.dockerjava.jaxrs.ListContainersCmdExec@2eee5031
02:20:50.970 [Test worker] DEBUG c.g.d.j.JerseyDockerCmdExecFactory - 15 * Sending client request on thread Test worker
15 > GET https://Thesis:2376/containers/json?all=true
15 > Accept: application/json

02:20:50.971 [Test worker] DEBUG o.a.h.c.protocol.RequestAddCookies - CookieSpec selected: default
02:20:50.971 [Test worker] DEBUG o.a.h.c.protocol.RequestAuthCache - Auth cache not set in the context
02:20:50.971 [Test worker] DEBUG c.g.d.j.JerseyDockerCmdExecFactory$1 - Connection request: [route: {s}->https://Thesis:2376][total kept alive: 1; route allocated: 1 of 2; total allocated: 1 of 20]
02:20:50.971 [Test worker] DEBUG c.g.d.j.JerseyDockerCmdExecFactory$1 - Connection leased: [id: 107][route: {s}->https://Thesis:2376][total kept alive: 1; route allocated: 2 of 2; total allocated: 2 of 20]
02:20:50.971 [Test worker] DEBUG o.a.h.impl.execchain.MainClientExec - Opening connection {s}->https://Thesis:2376
02:20:50.971 [Test worker] DEBUG o.a.h.i.c.DefaultHttpClientConnectionOperator - Connecting to Thesis/127.0.1.1:2376
02:20:50.972 [Test worker] DEBUG o.a.h.c.s.SSLConnectionSocketFactory - Connecting socket to Thesis/127.0.1.1:2376 with timeout 0
02:20:50.972 [Test worker] DEBUG o.a.h.c.s.SSLConnectionSocketFactory - Enabled protocols: [TLSv1]
02:20:50.972 [Test worker] DEBUG o.a.h.c.s.SSLConnectionSocketFactory - Enabled cipher suites:[TLS_ECDHE_ECDSA_WITH_AES_128_CBC_SHA, TLS_ECDHE_RSA_WITH_AES_128_CBC_SHA, TLS_RSA_WITH_AES_128_CBC_SHA, TLS_ECDH_ECDSA_WITH_AES_128_CBC_SHA, TLS_ECDH_RSA_WITH_AES_128_CBC_SHA, TLS_DHE_RSA_WITH_AES_128_CBC_SHA, TLS_DHE_DSS_WITH_AES_128_CBC_SHA, TLS_ECDHE_ECDSA_WITH_3DES_EDE_CBC_SHA, TLS_ECDHE_RSA_WITH_3DES_EDE_CBC_SHA, SSL_RSA_WITH_3DES_EDE_CBC_SHA, TLS_ECDH_ECDSA_WITH_3DES_EDE_CBC_SHA, TLS_ECDH_RSA_WITH_3DES_EDE_CBC_SHA, SSL_DHE_RSA_WITH_3DES_EDE_CBC_SHA, SSL_DHE_DSS_WITH_3DES_EDE_CBC_SHA, TLS_ECDHE_ECDSA_WITH_RC4_128_SHA, TLS_ECDHE_RSA_WITH_RC4_128_SHA, SSL_RSA_WITH_RC4_128_SHA, TLS_ECDH_ECDSA_WITH_RC4_128_SHA, TLS_ECDH_RSA_WITH_RC4_128_SHA, SSL_RSA_WITH_RC4_128_MD5, TLS_EMPTY_RENEGOTIATION_INFO_SCSV]
02:20:50.973 [Test worker] DEBUG o.a.h.c.s.SSLConnectionSocketFactory - Starting handshake
02:20:51.047 [Test worker] DEBUG o.a.h.c.s.SSLConnectionSocketFactory - Secure session established
02:20:51.047 [Test worker] DEBUG o.a.h.c.s.SSLConnectionSocketFactory -  negotiated protocol: TLSv1
02:20:51.048 [Test worker] DEBUG o.a.h.c.s.SSLConnectionSocketFactory -  negotiated cipher suite: TLS_ECDHE_RSA_WITH_AES_128_CBC_SHA
02:20:51.048 [Test worker] DEBUG o.a.h.c.s.SSLConnectionSocketFactory -  peer principal: CN=Thesis
02:20:51.048 [Test worker] DEBUG o.a.h.c.s.SSLConnectionSocketFactory -  issuer principal: EMAILADDRESS=sha@yamil.com, CN=Thesis, OU=Open, O=Fra, L=BER, ST=BER, C=DE
02:20:51.048 [Test worker] DEBUG o.a.h.i.c.DefaultHttpClientConnectionOperator - Connection established 127.0.0.1:41090<->127.0.1.1:2376
02:20:51.048 [Test worker] DEBUG o.a.h.impl.execchain.MainClientExec - Executing request GET /containers/json?all=true HTTP/1.1
02:20:51.048 [Test worker] DEBUG o.a.h.impl.execchain.MainClientExec - Target auth state: UNCHALLENGED
02:20:51.048 [Test worker] DEBUG o.a.h.impl.execchain.MainClientExec - Proxy auth state: UNCHALLENGED
02:20:51.049 [Test worker] DEBUG org.apache.http.headers - http-outgoing-107 >> GET /containers/json?all=true HTTP/1.1
02:20:51.049 [Test worker] DEBUG org.apache.http.headers - http-outgoing-107 >> Accept: application/json
02:20:51.049 [Test worker] DEBUG org.apache.http.headers - http-outgoing-107 >> User-Agent: Jersey/2.23.1 (Apache HttpClient 4.5.1)
02:20:51.049 [Test worker] DEBUG org.apache.http.headers - http-outgoing-107 >> Host: Thesis:2376
02:20:51.049 [Test worker] DEBUG org.apache.http.headers - http-outgoing-107 >> Connection: Keep-Alive
02:20:51.049 [Test worker] DEBUG org.apache.http.headers - http-outgoing-107 >> Accept-Encoding: gzip,deflate
02:20:51.049 [Test worker] DEBUG org.apache.http.wire - http-outgoing-107 >> "GET /containers/json?all=true HTTP/1.1[\r][\n]"
02:20:51.049 [Test worker] DEBUG org.apache.http.wire - http-outgoing-107 >> "Accept: application/json[\r][\n]"
02:20:51.049 [Test worker] DEBUG org.apache.http.wire - http-outgoing-107 >> "User-Agent: Jersey/2.23.1 (Apache HttpClient 4.5.1)[\r][\n]"
02:20:51.050 [Test worker] DEBUG org.apache.http.wire - http-outgoing-107 >> "Host: Thesis:2376[\r][\n]"
02:20:51.050 [Test worker] DEBUG org.apache.http.wire - http-outgoing-107 >> "Connection: Keep-Alive[\r][\n]"
02:20:51.050 [Test worker] DEBUG org.apache.http.wire - http-outgoing-107 >> "Accept-Encoding: gzip,deflate[\r][\n]"
02:20:51.050 [Test worker] DEBUG org.apache.http.wire - http-outgoing-107 >> "[\r][\n]"
02:20:51.050 [Test worker] DEBUG org.apache.http.wire - http-outgoing-107 << "H"
02:20:51.050 [Test worker] DEBUG org.apache.http.wire - http-outgoing-107 << "TTP/1.1 200 OK[\r][\n]"
02:20:51.051 [Test worker] DEBUG org.apache.http.wire - http-outgoing-107 << "Content-Type: application/json[\r][\n]"
02:20:51.051 [Test worker] DEBUG org.apache.http.wire - http-outgoing-107 << "Server: Docker/1.12.3 (linux)[\r][\n]"
02:20:51.051 [Test worker] DEBUG org.apache.http.wire - http-outgoing-107 << "Date: Tue, 03 Jan 2017 01:20:51 GMT[\r][\n]"
02:20:51.051 [Test worker] DEBUG org.apache.http.wire - http-outgoing-107 << "Content-Length: 855[\r][\n]"
02:20:51.051 [Test worker] DEBUG org.apache.http.wire - http-outgoing-107 << "[\r][\n]"
02:20:51.051 [Test worker] DEBUG org.apache.http.wire - http-outgoing-107 << "[{"Id":"83821c7e453212328d2c2b0bf1fae91591f1612aacdf731539caad0c7e14cb1e","Names":["/MyContainer"],"Image":"ubuntu:14.04","ImageID":"sha256:aae2b63c49461fcae4962e4a8043f66acf8e3af7e62f5ebceb70b181d8ca01e0","Command":"sleep 99999","Created":1483406450,"Ports":[{"IP":"0.0.0.0","PrivatePort":8084,"PublicPort":8084,"Type":"tcp"}],"Labels":{},"State":"running","Status":"Up Less than a second","HostConfig":{"NetworkMode":"default"},"NetworkSettings":{"Networks":{"bridge":{"IPAMConfig":null,"Links":null,"Aliases":null,"NetworkID":"e0d36057aa1769e9fd52ba88be81b698b495f9b6b4946d0f98f24d971a27fc98","EndpointID":"1808aa645ffdd364a0263938eaac028ed1fce8ed39bebdd7f7e152d5aebdbdbe","Gateway":"172.17.0.1","IPAddress":"172.17.0.2","IPPrefixLen":16,"IPv6Gateway":"","GlobalIPv6Address":"","GlobalIPv6PrefixLen":0,"MacAddress":"02:42:ac:11:00:02"}}},"Mounts":[]}][\n]"
02:20:51.051 [Test worker] DEBUG org.apache.http.headers - http-outgoing-107 << HTTP/1.1 200 OK
02:20:51.051 [Test worker] DEBUG org.apache.http.headers - http-outgoing-107 << Content-Type: application/json
02:20:51.051 [Test worker] DEBUG org.apache.http.headers - http-outgoing-107 << Server: Docker/1.12.3 (linux)
02:20:51.052 [Test worker] DEBUG org.apache.http.headers - http-outgoing-107 << Date: Tue, 03 Jan 2017 01:20:51 GMT
02:20:51.052 [Test worker] DEBUG org.apache.http.headers - http-outgoing-107 << Content-Length: 855
02:20:51.052 [Test worker] DEBUG o.a.h.impl.execchain.MainClientExec - Connection can be kept alive indefinitely
02:20:51.052 [Test worker] DEBUG c.g.d.j.JerseyDockerCmdExecFactory - 16 * Client response received on thread Test worker
16 < 200
16 < Content-Length: 855
16 < Content-Type: application/json
16 < Date: Tue, 03 Jan 2017 01:20:51 GMT
16 < Server: Docker/1.12.3 (linux)
[{"Id":"83821c7e453212328d2c2b0bf1fae91591f1612aacdf731539caad0c7e14cb1e","Names":["/MyContainer"],"Image":"ubuntu:14.04","ImageID":"sha256:aae2b63c49461fcae4962e4a8043f66acf8e3af7e62f5ebceb70b181d8ca01e0","Command":"sleep 99999","Created":1483406450,"Ports":[{"IP":"0.0.0.0","PrivatePort":8084,"PublicPort":8084,"Type":"tcp"}],"Labels":{},"State":"running","Status":"Up Less than a second","HostConfig":{"NetworkMode":"default"},"NetworkSettings":{"Networks":{"bridge":{"IPAMConfig":null,"Links":null,"Aliases":null,"NetworkID":"e0d36057aa1769e9fd52ba88be81b698b495f9b6b4946d0f98f24d971a27fc98","EndpointID":"1808aa645ffdd364a0263938eaac028ed1fce8ed39bebdd7f7e152d5aebdbdbe","Gateway":"172.17.0.1","IPAddress":"172.17.0.2","IPPrefixLen":16,"IPv6Gateway":"","GlobalIPv6Address":"","GlobalIPv6PrefixLen":0,"MacAddress":"02:42:ac:11:00:02"}}},"Mounts":[]}]


02:20:51.053 [Test worker] DEBUG o.a.h.i.c.DefaultManagedHttpClientConnection - http-outgoing-107: Close connection
02:20:51.054 [Test worker] DEBUG o.a.h.impl.execchain.MainClientExec - Connection discarded
02:20:51.054 [Test worker] DEBUG c.g.d.j.JerseyDockerCmdExecFactory$1 - Connection released: [id: 107][route: {s}->https://Thesis:2376][total kept alive: 1; route allocated: 1 of 2; total allocated: 1 of 20]
02:20:51.054 [Test worker] DEBUG c.g.d.core.command.AbstrDockerCmd - Cmd: ListImagesCmdImpl[imageNameFilter=<null>,showAll=true,filters=com.github.dockerjava.core.util.FiltersBuilder@0,execution=com.github.dockerjava.jaxrs.ListImagesCmdExec@3c5ff9c4]
02:20:51.054 [Test worker] DEBUG c.g.d.j.JerseyDockerCmdExecFactory - 17 * Sending client request on thread Test worker
17 > GET https://Thesis:2376/images/json?all=true
17 > Accept: application/json

02:20:51.055 [Test worker] DEBUG o.a.h.c.protocol.RequestAddCookies - CookieSpec selected: default
02:20:51.055 [Test worker] DEBUG o.a.h.c.protocol.RequestAuthCache - Auth cache not set in the context
02:20:51.055 [Test worker] DEBUG c.g.d.j.JerseyDockerCmdExecFactory$1 - Connection request: [route: {s}->https://Thesis:2376][total kept alive: 1; route allocated: 1 of 2; total allocated: 1 of 20]
02:20:51.056 [Test worker] DEBUG c.g.d.j.JerseyDockerCmdExecFactory$1 - Connection leased: [id: 108][route: {s}->https://Thesis:2376][total kept alive: 1; route allocated: 2 of 2; total allocated: 2 of 20]
02:20:51.056 [Test worker] DEBUG o.a.h.impl.execchain.MainClientExec - Opening connection {s}->https://Thesis:2376
02:20:51.056 [Test worker] DEBUG o.a.h.i.c.DefaultHttpClientConnectionOperator - Connecting to Thesis/127.0.1.1:2376
02:20:51.056 [Test worker] DEBUG o.a.h.c.s.SSLConnectionSocketFactory - Connecting socket to Thesis/127.0.1.1:2376 with timeout 0
02:20:51.057 [Test worker] DEBUG o.a.h.c.s.SSLConnectionSocketFactory - Enabled protocols: [TLSv1]
02:20:51.057 [Test worker] DEBUG o.a.h.c.s.SSLConnectionSocketFactory - Enabled cipher suites:[TLS_ECDHE_ECDSA_WITH_AES_128_CBC_SHA, TLS_ECDHE_RSA_WITH_AES_128_CBC_SHA, TLS_RSA_WITH_AES_128_CBC_SHA, TLS_ECDH_ECDSA_WITH_AES_128_CBC_SHA, TLS_ECDH_RSA_WITH_AES_128_CBC_SHA, TLS_DHE_RSA_WITH_AES_128_CBC_SHA, TLS_DHE_DSS_WITH_AES_128_CBC_SHA, TLS_ECDHE_ECDSA_WITH_3DES_EDE_CBC_SHA, TLS_ECDHE_RSA_WITH_3DES_EDE_CBC_SHA, SSL_RSA_WITH_3DES_EDE_CBC_SHA, TLS_ECDH_ECDSA_WITH_3DES_EDE_CBC_SHA, TLS_ECDH_RSA_WITH_3DES_EDE_CBC_SHA, SSL_DHE_RSA_WITH_3DES_EDE_CBC_SHA, SSL_DHE_DSS_WITH_3DES_EDE_CBC_SHA, TLS_ECDHE_ECDSA_WITH_RC4_128_SHA, TLS_ECDHE_RSA_WITH_RC4_128_SHA, SSL_RSA_WITH_RC4_128_SHA, TLS_ECDH_ECDSA_WITH_RC4_128_SHA, TLS_ECDH_RSA_WITH_RC4_128_SHA, SSL_RSA_WITH_RC4_128_MD5, TLS_EMPTY_RENEGOTIATION_INFO_SCSV]
02:20:51.057 [Test worker] DEBUG o.a.h.c.s.SSLConnectionSocketFactory - Starting handshake
02:20:51.116 [Test worker] DEBUG o.a.h.c.s.SSLConnectionSocketFactory - Secure session established
02:20:51.116 [Test worker] DEBUG o.a.h.c.s.SSLConnectionSocketFactory -  negotiated protocol: TLSv1
02:20:51.116 [Test worker] DEBUG o.a.h.c.s.SSLConnectionSocketFactory -  negotiated cipher suite: TLS_ECDHE_RSA_WITH_AES_128_CBC_SHA
02:20:51.116 [Test worker] DEBUG o.a.h.c.s.SSLConnectionSocketFactory -  peer principal: CN=Thesis
02:20:51.116 [Test worker] DEBUG o.a.h.c.s.SSLConnectionSocketFactory -  issuer principal: EMAILADDRESS=sha@yamil.com, CN=Thesis, OU=Open, O=Fra, L=BER, ST=BER, C=DE
02:20:51.116 [Test worker] DEBUG o.a.h.i.c.DefaultHttpClientConnectionOperator - Connection established 127.0.0.1:41092<->127.0.1.1:2376
02:20:51.117 [Test worker] DEBUG o.a.h.impl.execchain.MainClientExec - Executing request GET /images/json?all=true HTTP/1.1
02:20:51.117 [Test worker] DEBUG o.a.h.impl.execchain.MainClientExec - Target auth state: UNCHALLENGED
02:20:51.117 [Test worker] DEBUG o.a.h.impl.execchain.MainClientExec - Proxy auth state: UNCHALLENGED
02:20:51.117 [Test worker] DEBUG org.apache.http.headers - http-outgoing-108 >> GET /images/json?all=true HTTP/1.1
02:20:51.117 [Test worker] DEBUG org.apache.http.headers - http-outgoing-108 >> Accept: application/json
02:20:51.117 [Test worker] DEBUG org.apache.http.headers - http-outgoing-108 >> User-Agent: Jersey/2.23.1 (Apache HttpClient 4.5.1)
02:20:51.117 [Test worker] DEBUG org.apache.http.headers - http-outgoing-108 >> Host: Thesis:2376
02:20:51.117 [Test worker] DEBUG org.apache.http.headers - http-outgoing-108 >> Connection: Keep-Alive
02:20:51.117 [Test worker] DEBUG org.apache.http.headers - http-outgoing-108 >> Accept-Encoding: gzip,deflate
02:20:51.118 [Test worker] DEBUG org.apache.http.wire - http-outgoing-108 >> "GET /images/json?all=true HTTP/1.1[\r][\n]"
02:20:51.118 [Test worker] DEBUG org.apache.http.wire - http-outgoing-108 >> "Accept: application/json[\r][\n]"
02:20:51.118 [Test worker] DEBUG org.apache.http.wire - http-outgoing-108 >> "User-Agent: Jersey/2.23.1 (Apache HttpClient 4.5.1)[\r][\n]"
02:20:51.119 [Test worker] DEBUG org.apache.http.wire - http-outgoing-108 >> "Host: Thesis:2376[\r][\n]"
02:20:51.119 [Test worker] DEBUG org.apache.http.wire - http-outgoing-108 >> "Connection: Keep-Alive[\r][\n]"
02:20:51.119 [Test worker] DEBUG org.apache.http.wire - http-outgoing-108 >> "Accept-Encoding: gzip,deflate[\r][\n]"
02:20:51.119 [Test worker] DEBUG org.apache.http.wire - http-outgoing-108 >> "[\r][\n]"
02:20:51.120 [Test worker] DEBUG org.apache.http.wire - http-outgoing-108 << "H"
02:20:51.120 [Test worker] DEBUG org.apache.http.wire - http-outgoing-108 << "TTP/1.1 200 OK[\r][\n]"
02:20:51.120 [Test worker] DEBUG org.apache.http.wire - http-outgoing-108 << "Content-Type: application/json[\r][\n]"
02:20:51.120 [Test worker] DEBUG org.apache.http.wire - http-outgoing-108 << "Server: Docker/1.12.3 (linux)[\r][\n]"
02:20:51.120 [Test worker] DEBUG org.apache.http.wire - http-outgoing-108 << "Date: Tue, 03 Jan 2017 01:20:51 GMT[\r][\n]"
02:20:51.121 [Test worker] DEBUG org.apache.http.wire - http-outgoing-108 << "Content-Length: 1195[\r][\n]"
02:20:51.121 [Test worker] DEBUG org.apache.http.wire - http-outgoing-108 << "[\r][\n]"
02:20:51.121 [Test worker] DEBUG org.apache.http.wire - http-outgoing-108 << "[{"Id":"sha256:4ca3a192ff2a5b7e225e81dc006b6379c10776ed3619757a65608cb72de0a7f6","ParentId":"","RepoTags":["ubuntu:latest"],"RepoDigests":["ubuntu@sha256:3b64c309deae7ab0f7dbdd42b6b326261ccd6261da5d88396439353162703fb5"],"Created":1480449877,"Size":128206574,"VirtualSize":128206574,"Labels":{}},{"Id":"sha256:aae2b63c49461fcae4962e4a8043f66acf8e3af7e62f5ebceb70b181d8ca01e0","ParentId":"","RepoTags":["ubuntu:14.04"],"RepoDigests":["ubuntu@sha256:edb984703bd3e8981ff541a5b9297ca1b81fde6e6e8094d86e390a38ebc30b4d"],"Created":1480449856,"Size":187952254,"VirtualSize":187952254,"Labels":{}},{"Id":"sha256:e02e811dd08fd49e7f6032625495118e63f597eb150403d02e3238af1df240ba","ParentId":"","RepoTags":["busybox:latest"],"RepoDigests":["busybox@sha256:29f5d56d12684887bdfa50dcd29fc31eea4aaf4ad3bec43daf19026a7ce69912"],"Created":1475874238,"Size":1093484,"VirtualSize":1093484,"Labels":{}},{"Id":"sha256:d654de4499473ed41349b54a988b6f46a7fc92e3fa2d61e102bf2660a0116e25","ParentId":"","RepoTags":["sakib37/iperf3:latest"],"RepoDigests":["sakib37/iperf3@sha256:8d80a810f8f508c074b14d02555f20110eac382c8dbda7252075392983629d40"],"Created":1474907599,"Size":199456654,"VirtualSize":199456654,"Labels":{}}][\n]"
02:20:51.121 [Test worker] DEBUG org.apache.http.headers - http-outgoing-108 << HTTP/1.1 200 OK
02:20:51.121 [Test worker] DEBUG org.apache.http.headers - http-outgoing-108 << Content-Type: application/json
02:20:51.121 [Test worker] DEBUG org.apache.http.headers - http-outgoing-108 << Server: Docker/1.12.3 (linux)
02:20:51.121 [Test worker] DEBUG org.apache.http.headers - http-outgoing-108 << Date: Tue, 03 Jan 2017 01:20:51 GMT
02:20:51.121 [Test worker] DEBUG org.apache.http.headers - http-outgoing-108 << Content-Length: 1195
02:20:51.121 [Test worker] DEBUG o.a.h.impl.execchain.MainClientExec - Connection can be kept alive indefinitely
02:20:51.122 [Test worker] DEBUG c.g.d.j.JerseyDockerCmdExecFactory - 18 * Client response received on thread Test worker
18 < 200
18 < Content-Length: 1195
18 < Content-Type: application/json
18 < Date: Tue, 03 Jan 2017 01:20:51 GMT
18 < Server: Docker/1.12.3 (linux)
[{"Id":"sha256:4ca3a192ff2a5b7e225e81dc006b6379c10776ed3619757a65608cb72de0a7f6","ParentId":"","RepoTags":["ubuntu:latest"],"RepoDigests":["ubuntu@sha256:3b64c309deae7ab0f7dbdd42b6b326261ccd6261da5d88396439353162703fb5"],"Created":1480449877,"Size":128206574,"VirtualSize":128206574,"Labels":{}},{"Id":"sha256:aae2b63c49461fcae4962e4a8043f66acf8e3af7e62f5ebceb70b181d8ca01e0","ParentId":"","RepoTags":["ubuntu:14.04"],"RepoDigests":["ubuntu@sha256:edb984703bd3e8981ff541a5b9297ca1b81fde6e6e8094d86e390a38ebc30b4d"],"Created":1480449856,"Size":187952254,"VirtualSize":187952254,"Labels":{}},{"Id":"sha256:e02e811dd08fd49e7f6032625495118e63f597eb150403d02e3238af1df240ba","ParentId":"","RepoTags":["busybox:latest"],"RepoDigests":["busybox@sha256:29f5d56d12684887bdfa50dcd29fc31eea4aaf4ad3bec43daf19026a7ce69912"],"Created":1475874238,"Size":1093484,"VirtualSize":1093484,"Labels":{}},{"Id":"sha256:d654de4499473ed41349b54a988b6f46a7fc92e3fa2d61e102bf2660a0116e25","ParentId":"","RepoTags":["sakib37/iperf3:latest"],"RepoDigests":["sakib37/iperf3@sha256:8d80a810f8f508c074b14d02555f20110eac382c8dbda7252075392983629d40"],"Created":1474907599,"Size":199456654,"VirtualSize":199456654,"Labels":{}}]


02:20:51.123 [Test worker] DEBUG o.a.h.i.c.DefaultManagedHttpClientConnection - http-outgoing-108: Close connection
02:20:51.123 [Test worker] DEBUG o.a.h.impl.execchain.MainClientExec - Connection discarded
02:20:51.123 [Test worker] DEBUG c.g.d.j.JerseyDockerCmdExecFactory$1 - Connection released: [id: 108][route: {s}->https://Thesis:2376][total kept alive: 1; route allocated: 1 of 2; total allocated: 1 of 20]
02:20:51.124 [Test worker] DEBUG org.openbaton.docker.DockerVim - Found a docker image, transformed into a NFV Image Image{id='sha256:aae2b63c49461fcae4962e4a8043f66acf8e3af7e62f5ebceb70b181d8ca01e0', name='ubuntu:14.04', version=0, extId='null', minRam='0', minDiskSpace='0', minCPU='null', public='true', diskFormat='null', containerFormat='docker', created='Sun Jan 18 04:14:09 CET 1970', updated='null'}
02:20:51.124 [Test worker] DEBUG c.g.d.core.command.AbstrDockerCmd - Cmd: -1,<null>,true,<null>,<null>,com.github.dockerjava.core.util.FiltersBuilder@0,com.github.dockerjava.jaxrs.ListContainersCmdExec@26b994ff
02:20:51.124 [Test worker] DEBUG c.g.d.j.JerseyDockerCmdExecFactory - 19 * Sending client request on thread Test worker
19 > GET https://Thesis:2376/containers/json?all=true
19 > Accept: application/json

02:20:51.125 [Test worker] DEBUG o.a.h.c.protocol.RequestAddCookies - CookieSpec selected: default
02:20:51.125 [Test worker] DEBUG o.a.h.c.protocol.RequestAuthCache - Auth cache not set in the context
02:20:51.125 [Test worker] DEBUG c.g.d.j.JerseyDockerCmdExecFactory$1 - Connection request: [route: {s}->https://Thesis:2376][total kept alive: 1; route allocated: 1 of 2; total allocated: 1 of 20]
02:20:51.125 [Test worker] DEBUG c.g.d.j.JerseyDockerCmdExecFactory$1 - Connection leased: [id: 109][route: {s}->https://Thesis:2376][total kept alive: 1; route allocated: 2 of 2; total allocated: 2 of 20]
02:20:51.125 [Test worker] DEBUG o.a.h.impl.execchain.MainClientExec - Opening connection {s}->https://Thesis:2376
02:20:51.125 [Test worker] DEBUG o.a.h.i.c.DefaultHttpClientConnectionOperator - Connecting to Thesis/127.0.1.1:2376
02:20:51.126 [Test worker] DEBUG o.a.h.c.s.SSLConnectionSocketFactory - Connecting socket to Thesis/127.0.1.1:2376 with timeout 0
02:20:51.126 [Test worker] DEBUG o.a.h.c.s.SSLConnectionSocketFactory - Enabled protocols: [TLSv1]
02:20:51.126 [Test worker] DEBUG o.a.h.c.s.SSLConnectionSocketFactory - Enabled cipher suites:[TLS_ECDHE_ECDSA_WITH_AES_128_CBC_SHA, TLS_ECDHE_RSA_WITH_AES_128_CBC_SHA, TLS_RSA_WITH_AES_128_CBC_SHA, TLS_ECDH_ECDSA_WITH_AES_128_CBC_SHA, TLS_ECDH_RSA_WITH_AES_128_CBC_SHA, TLS_DHE_RSA_WITH_AES_128_CBC_SHA, TLS_DHE_DSS_WITH_AES_128_CBC_SHA, TLS_ECDHE_ECDSA_WITH_3DES_EDE_CBC_SHA, TLS_ECDHE_RSA_WITH_3DES_EDE_CBC_SHA, SSL_RSA_WITH_3DES_EDE_CBC_SHA, TLS_ECDH_ECDSA_WITH_3DES_EDE_CBC_SHA, TLS_ECDH_RSA_WITH_3DES_EDE_CBC_SHA, SSL_DHE_RSA_WITH_3DES_EDE_CBC_SHA, SSL_DHE_DSS_WITH_3DES_EDE_CBC_SHA, TLS_ECDHE_ECDSA_WITH_RC4_128_SHA, TLS_ECDHE_RSA_WITH_RC4_128_SHA, SSL_RSA_WITH_RC4_128_SHA, TLS_ECDH_ECDSA_WITH_RC4_128_SHA, TLS_ECDH_RSA_WITH_RC4_128_SHA, SSL_RSA_WITH_RC4_128_MD5, TLS_EMPTY_RENEGOTIATION_INFO_SCSV]
02:20:51.127 [Test worker] DEBUG o.a.h.c.s.SSLConnectionSocketFactory - Starting handshake
02:20:51.185 [Test worker] DEBUG o.a.h.c.s.SSLConnectionSocketFactory - Secure session established
02:20:51.185 [Test worker] DEBUG o.a.h.c.s.SSLConnectionSocketFactory -  negotiated protocol: TLSv1
02:20:51.186 [Test worker] DEBUG o.a.h.c.s.SSLConnectionSocketFactory -  negotiated cipher suite: TLS_ECDHE_RSA_WITH_AES_128_CBC_SHA
02:20:51.186 [Test worker] DEBUG o.a.h.c.s.SSLConnectionSocketFactory -  peer principal: CN=Thesis
02:20:51.186 [Test worker] DEBUG o.a.h.c.s.SSLConnectionSocketFactory -  issuer principal: EMAILADDRESS=sha@yamil.com, CN=Thesis, OU=Open, O=Fra, L=BER, ST=BER, C=DE
02:20:51.186 [Test worker] DEBUG o.a.h.i.c.DefaultHttpClientConnectionOperator - Connection established 127.0.0.1:41094<->127.0.1.1:2376
02:20:51.186 [Test worker] DEBUG o.a.h.impl.execchain.MainClientExec - Executing request GET /containers/json?all=true HTTP/1.1
02:20:51.186 [Test worker] DEBUG o.a.h.impl.execchain.MainClientExec - Target auth state: UNCHALLENGED
02:20:51.186 [Test worker] DEBUG o.a.h.impl.execchain.MainClientExec - Proxy auth state: UNCHALLENGED
02:20:51.187 [Test worker] DEBUG org.apache.http.headers - http-outgoing-109 >> GET /containers/json?all=true HTTP/1.1
02:20:51.187 [Test worker] DEBUG org.apache.http.headers - http-outgoing-109 >> Accept: application/json
02:20:51.187 [Test worker] DEBUG org.apache.http.headers - http-outgoing-109 >> User-Agent: Jersey/2.23.1 (Apache HttpClient 4.5.1)
02:20:51.187 [Test worker] DEBUG org.apache.http.headers - http-outgoing-109 >> Host: Thesis:2376
02:20:51.187 [Test worker] DEBUG org.apache.http.headers - http-outgoing-109 >> Connection: Keep-Alive
02:20:51.187 [Test worker] DEBUG org.apache.http.headers - http-outgoing-109 >> Accept-Encoding: gzip,deflate
02:20:51.187 [Test worker] DEBUG org.apache.http.wire - http-outgoing-109 >> "GET /containers/json?all=true HTTP/1.1[\r][\n]"
02:20:51.187 [Test worker] DEBUG org.apache.http.wire - http-outgoing-109 >> "Accept: application/json[\r][\n]"
02:20:51.187 [Test worker] DEBUG org.apache.http.wire - http-outgoing-109 >> "User-Agent: Jersey/2.23.1 (Apache HttpClient 4.5.1)[\r][\n]"
02:20:51.187 [Test worker] DEBUG org.apache.http.wire - http-outgoing-109 >> "Host: Thesis:2376[\r][\n]"
02:20:51.188 [Test worker] DEBUG org.apache.http.wire - http-outgoing-109 >> "Connection: Keep-Alive[\r][\n]"
02:20:51.188 [Test worker] DEBUG org.apache.http.wire - http-outgoing-109 >> "Accept-Encoding: gzip,deflate[\r][\n]"
02:20:51.188 [Test worker] DEBUG org.apache.http.wire - http-outgoing-109 >> "[\r][\n]"
02:20:51.188 [Test worker] DEBUG org.apache.http.wire - http-outgoing-109 << "H"
02:20:51.189 [Test worker] DEBUG org.apache.http.wire - http-outgoing-109 << "TTP/1.1 200 OK[\r][\n]"
02:20:51.189 [Test worker] DEBUG org.apache.http.wire - http-outgoing-109 << "Content-Type: application/json[\r][\n]"
02:20:51.189 [Test worker] DEBUG org.apache.http.wire - http-outgoing-109 << "Server: Docker/1.12.3 (linux)[\r][\n]"
02:20:51.189 [Test worker] DEBUG org.apache.http.wire - http-outgoing-109 << "Date: Tue, 03 Jan 2017 01:20:51 GMT[\r][\n]"
02:20:51.189 [Test worker] DEBUG org.apache.http.wire - http-outgoing-109 << "Content-Length: 855[\r][\n]"
02:20:51.189 [Test worker] DEBUG org.apache.http.wire - http-outgoing-109 << "[\r][\n]"
02:20:51.189 [Test worker] DEBUG org.apache.http.wire - http-outgoing-109 << "[{"Id":"83821c7e453212328d2c2b0bf1fae91591f1612aacdf731539caad0c7e14cb1e","Names":["/MyContainer"],"Image":"ubuntu:14.04","ImageID":"sha256:aae2b63c49461fcae4962e4a8043f66acf8e3af7e62f5ebceb70b181d8ca01e0","Command":"sleep 99999","Created":1483406450,"Ports":[{"IP":"0.0.0.0","PrivatePort":8084,"PublicPort":8084,"Type":"tcp"}],"Labels":{},"State":"running","Status":"Up Less than a second","HostConfig":{"NetworkMode":"default"},"NetworkSettings":{"Networks":{"bridge":{"IPAMConfig":null,"Links":null,"Aliases":null,"NetworkID":"e0d36057aa1769e9fd52ba88be81b698b495f9b6b4946d0f98f24d971a27fc98","EndpointID":"1808aa645ffdd364a0263938eaac028ed1fce8ed39bebdd7f7e152d5aebdbdbe","Gateway":"172.17.0.1","IPAddress":"172.17.0.2","IPPrefixLen":16,"IPv6Gateway":"","GlobalIPv6Address":"","GlobalIPv6PrefixLen":0,"MacAddress":"02:42:ac:11:00:02"}}},"Mounts":[]}][\n]"
02:20:51.189 [Test worker] DEBUG org.apache.http.headers - http-outgoing-109 << HTTP/1.1 200 OK
02:20:51.189 [Test worker] DEBUG org.apache.http.headers - http-outgoing-109 << Content-Type: application/json
02:20:51.190 [Test worker] DEBUG org.apache.http.headers - http-outgoing-109 << Server: Docker/1.12.3 (linux)
02:20:51.190 [Test worker] DEBUG org.apache.http.headers - http-outgoing-109 << Date: Tue, 03 Jan 2017 01:20:51 GMT
02:20:51.190 [Test worker] DEBUG org.apache.http.headers - http-outgoing-109 << Content-Length: 855
02:20:51.190 [Test worker] DEBUG o.a.h.impl.execchain.MainClientExec - Connection can be kept alive indefinitely
02:20:51.190 [Test worker] DEBUG c.g.d.j.JerseyDockerCmdExecFactory - 20 * Client response received on thread Test worker
20 < 200
20 < Content-Length: 855
20 < Content-Type: application/json
20 < Date: Tue, 03 Jan 2017 01:20:51 GMT
20 < Server: Docker/1.12.3 (linux)
[{"Id":"83821c7e453212328d2c2b0bf1fae91591f1612aacdf731539caad0c7e14cb1e","Names":["/MyContainer"],"Image":"ubuntu:14.04","ImageID":"sha256:aae2b63c49461fcae4962e4a8043f66acf8e3af7e62f5ebceb70b181d8ca01e0","Command":"sleep 99999","Created":1483406450,"Ports":[{"IP":"0.0.0.0","PrivatePort":8084,"PublicPort":8084,"Type":"tcp"}],"Labels":{},"State":"running","Status":"Up Less than a second","HostConfig":{"NetworkMode":"default"},"NetworkSettings":{"Networks":{"bridge":{"IPAMConfig":null,"Links":null,"Aliases":null,"NetworkID":"e0d36057aa1769e9fd52ba88be81b698b495f9b6b4946d0f98f24d971a27fc98","EndpointID":"1808aa645ffdd364a0263938eaac028ed1fce8ed39bebdd7f7e152d5aebdbdbe","Gateway":"172.17.0.1","IPAddress":"172.17.0.2","IPPrefixLen":16,"IPv6Gateway":"","GlobalIPv6Address":"","GlobalIPv6PrefixLen":0,"MacAddress":"02:42:ac:11:00:02"}}},"Mounts":[]}]


02:20:51.191 [Test worker] DEBUG o.a.h.i.c.DefaultManagedHttpClientConnection - http-outgoing-109: Close connection
02:20:51.192 [Test worker] DEBUG o.a.h.impl.execchain.MainClientExec - Connection discarded
02:20:51.192 [Test worker] DEBUG c.g.d.j.JerseyDockerCmdExecFactory$1 - Connection released: [id: 109][route: {s}->https://Thesis:2376][total kept alive: 1; route allocated: 1 of 2; total allocated: 1 of 20]
02:20:51.192 [Test worker] DEBUG c.g.d.core.command.AbstrDockerCmd - Cmd: ListImagesCmdImpl[imageNameFilter=<null>,showAll=true,filters=com.github.dockerjava.core.util.FiltersBuilder@0,execution=com.github.dockerjava.jaxrs.ListImagesCmdExec@42f66184]
02:20:51.192 [Test worker] DEBUG c.g.d.j.JerseyDockerCmdExecFactory - 21 * Sending client request on thread Test worker
21 > GET https://Thesis:2376/images/json?all=true
21 > Accept: application/json

02:20:51.193 [Test worker] DEBUG o.a.h.c.protocol.RequestAddCookies - CookieSpec selected: default
02:20:51.193 [Test worker] DEBUG o.a.h.c.protocol.RequestAuthCache - Auth cache not set in the context
02:20:51.193 [Test worker] DEBUG c.g.d.j.JerseyDockerCmdExecFactory$1 - Connection request: [route: {s}->https://Thesis:2376][total kept alive: 1; route allocated: 1 of 2; total allocated: 1 of 20]
02:20:51.193 [Test worker] DEBUG c.g.d.j.JerseyDockerCmdExecFactory$1 - Connection leased: [id: 110][route: {s}->https://Thesis:2376][total kept alive: 1; route allocated: 2 of 2; total allocated: 2 of 20]
02:20:51.194 [Test worker] DEBUG o.a.h.impl.execchain.MainClientExec - Opening connection {s}->https://Thesis:2376
02:20:51.194 [Test worker] DEBUG o.a.h.i.c.DefaultHttpClientConnectionOperator - Connecting to Thesis/127.0.1.1:2376
02:20:51.194 [Test worker] DEBUG o.a.h.c.s.SSLConnectionSocketFactory - Connecting socket to Thesis/127.0.1.1:2376 with timeout 0
02:20:51.195 [Test worker] DEBUG o.a.h.c.s.SSLConnectionSocketFactory - Enabled protocols: [TLSv1]
02:20:51.195 [Test worker] DEBUG o.a.h.c.s.SSLConnectionSocketFactory - Enabled cipher suites:[TLS_ECDHE_ECDSA_WITH_AES_128_CBC_SHA, TLS_ECDHE_RSA_WITH_AES_128_CBC_SHA, TLS_RSA_WITH_AES_128_CBC_SHA, TLS_ECDH_ECDSA_WITH_AES_128_CBC_SHA, TLS_ECDH_RSA_WITH_AES_128_CBC_SHA, TLS_DHE_RSA_WITH_AES_128_CBC_SHA, TLS_DHE_DSS_WITH_AES_128_CBC_SHA, TLS_ECDHE_ECDSA_WITH_3DES_EDE_CBC_SHA, TLS_ECDHE_RSA_WITH_3DES_EDE_CBC_SHA, SSL_RSA_WITH_3DES_EDE_CBC_SHA, TLS_ECDH_ECDSA_WITH_3DES_EDE_CBC_SHA, TLS_ECDH_RSA_WITH_3DES_EDE_CBC_SHA, SSL_DHE_RSA_WITH_3DES_EDE_CBC_SHA, SSL_DHE_DSS_WITH_3DES_EDE_CBC_SHA, TLS_ECDHE_ECDSA_WITH_RC4_128_SHA, TLS_ECDHE_RSA_WITH_RC4_128_SHA, SSL_RSA_WITH_RC4_128_SHA, TLS_ECDH_ECDSA_WITH_RC4_128_SHA, TLS_ECDH_RSA_WITH_RC4_128_SHA, SSL_RSA_WITH_RC4_128_MD5, TLS_EMPTY_RENEGOTIATION_INFO_SCSV]
02:20:51.195 [Test worker] DEBUG o.a.h.c.s.SSLConnectionSocketFactory - Starting handshake
02:20:51.255 [Test worker] DEBUG o.a.h.c.s.SSLConnectionSocketFactory - Secure session established
02:20:51.255 [Test worker] DEBUG o.a.h.c.s.SSLConnectionSocketFactory -  negotiated protocol: TLSv1
02:20:51.255 [Test worker] DEBUG o.a.h.c.s.SSLConnectionSocketFactory -  negotiated cipher suite: TLS_ECDHE_RSA_WITH_AES_128_CBC_SHA
02:20:51.255 [Test worker] DEBUG o.a.h.c.s.SSLConnectionSocketFactory -  peer principal: CN=Thesis
02:20:51.255 [Test worker] DEBUG o.a.h.c.s.SSLConnectionSocketFactory -  issuer principal: EMAILADDRESS=sha@yamil.com, CN=Thesis, OU=Open, O=Fra, L=BER, ST=BER, C=DE
02:20:51.255 [Test worker] DEBUG o.a.h.i.c.DefaultHttpClientConnectionOperator - Connection established 127.0.0.1:41096<->127.0.1.1:2376
02:20:51.256 [Test worker] DEBUG o.a.h.impl.execchain.MainClientExec - Executing request GET /images/json?all=true HTTP/1.1
02:20:51.256 [Test worker] DEBUG o.a.h.impl.execchain.MainClientExec - Target auth state: UNCHALLENGED
02:20:51.256 [Test worker] DEBUG o.a.h.impl.execchain.MainClientExec - Proxy auth state: UNCHALLENGED
02:20:51.256 [Test worker] DEBUG org.apache.http.headers - http-outgoing-110 >> GET /images/json?all=true HTTP/1.1
02:20:51.256 [Test worker] DEBUG org.apache.http.headers - http-outgoing-110 >> Accept: application/json
02:20:51.256 [Test worker] DEBUG org.apache.http.headers - http-outgoing-110 >> User-Agent: Jersey/2.23.1 (Apache HttpClient 4.5.1)
02:20:51.256 [Test worker] DEBUG org.apache.http.headers - http-outgoing-110 >> Host: Thesis:2376
02:20:51.256 [Test worker] DEBUG org.apache.http.headers - http-outgoing-110 >> Connection: Keep-Alive
02:20:51.256 [Test worker] DEBUG org.apache.http.headers - http-outgoing-110 >> Accept-Encoding: gzip,deflate
02:20:51.257 [Test worker] DEBUG org.apache.http.wire - http-outgoing-110 >> "GET /images/json?all=true HTTP/1.1[\r][\n]"
02:20:51.257 [Test worker] DEBUG org.apache.http.wire - http-outgoing-110 >> "Accept: application/json[\r][\n]"
02:20:51.257 [Test worker] DEBUG org.apache.http.wire - http-outgoing-110 >> "User-Agent: Jersey/2.23.1 (Apache HttpClient 4.5.1)[\r][\n]"
02:20:51.257 [Test worker] DEBUG org.apache.http.wire - http-outgoing-110 >> "Host: Thesis:2376[\r][\n]"
02:20:51.257 [Test worker] DEBUG org.apache.http.wire - http-outgoing-110 >> "Connection: Keep-Alive[\r][\n]"
02:20:51.257 [Test worker] DEBUG org.apache.http.wire - http-outgoing-110 >> "Accept-Encoding: gzip,deflate[\r][\n]"
02:20:51.257 [Test worker] DEBUG org.apache.http.wire - http-outgoing-110 >> "[\r][\n]"
02:20:51.258 [Test worker] DEBUG org.apache.http.wire - http-outgoing-110 << "H"
02:20:51.258 [Test worker] DEBUG org.apache.http.wire - http-outgoing-110 << "TTP/1.1 200 OK[\r][\n]"
02:20:51.258 [Test worker] DEBUG org.apache.http.wire - http-outgoing-110 << "Content-Type: application/json[\r][\n]"
02:20:51.259 [Test worker] DEBUG org.apache.http.wire - http-outgoing-110 << "Server: Docker/1.12.3 (linux)[\r][\n]"
02:20:51.259 [Test worker] DEBUG org.apache.http.wire - http-outgoing-110 << "Date: Tue, 03 Jan 2017 01:20:51 GMT[\r][\n]"
02:20:51.259 [Test worker] DEBUG org.apache.http.wire - http-outgoing-110 << "Content-Length: 1195[\r][\n]"
02:20:51.259 [Test worker] DEBUG org.apache.http.wire - http-outgoing-110 << "[\r][\n]"
02:20:51.259 [Test worker] DEBUG org.apache.http.wire - http-outgoing-110 << "[{"Id":"sha256:4ca3a192ff2a5b7e225e81dc006b6379c10776ed3619757a65608cb72de0a7f6","ParentId":"","RepoTags":["ubuntu:latest"],"RepoDigests":["ubuntu@sha256:3b64c309deae7ab0f7dbdd42b6b326261ccd6261da5d88396439353162703fb5"],"Created":1480449877,"Size":128206574,"VirtualSize":128206574,"Labels":{}},{"Id":"sha256:aae2b63c49461fcae4962e4a8043f66acf8e3af7e62f5ebceb70b181d8ca01e0","ParentId":"","RepoTags":["ubuntu:14.04"],"RepoDigests":["ubuntu@sha256:edb984703bd3e8981ff541a5b9297ca1b81fde6e6e8094d86e390a38ebc30b4d"],"Created":1480449856,"Size":187952254,"VirtualSize":187952254,"Labels":{}},{"Id":"sha256:e02e811dd08fd49e7f6032625495118e63f597eb150403d02e3238af1df240ba","ParentId":"","RepoTags":["busybox:latest"],"RepoDigests":["busybox@sha256:29f5d56d12684887bdfa50dcd29fc31eea4aaf4ad3bec43daf19026a7ce69912"],"Created":1475874238,"Size":1093484,"VirtualSize":1093484,"Labels":{}},{"Id":"sha256:d654de4499473ed41349b54a988b6f46a7fc92e3fa2d61e102bf2660a0116e25","ParentId":"","RepoTags":["sakib37/iperf3:latest"],"RepoDigests":["sakib37/iperf3@sha256:8d80a810f8f508c074b14d02555f20110eac382c8dbda7252075392983629d40"],"Created":1474907599,"Size":199456654,"VirtualSize":199456654,"Labels":{}}][\n]"
02:20:51.259 [Test worker] DEBUG org.apache.http.headers - http-outgoing-110 << HTTP/1.1 200 OK
02:20:51.259 [Test worker] DEBUG org.apache.http.headers - http-outgoing-110 << Content-Type: application/json
02:20:51.259 [Test worker] DEBUG org.apache.http.headers - http-outgoing-110 << Server: Docker/1.12.3 (linux)
02:20:51.259 [Test worker] DEBUG org.apache.http.headers - http-outgoing-110 << Date: Tue, 03 Jan 2017 01:20:51 GMT
02:20:51.260 [Test worker] DEBUG org.apache.http.headers - http-outgoing-110 << Content-Length: 1195
02:20:51.260 [Test worker] DEBUG o.a.h.impl.execchain.MainClientExec - Connection can be kept alive indefinitely
02:20:51.260 [Test worker] DEBUG c.g.d.j.JerseyDockerCmdExecFactory - 22 * Client response received on thread Test worker
22 < 200
22 < Content-Length: 1195
22 < Content-Type: application/json
22 < Date: Tue, 03 Jan 2017 01:20:51 GMT
22 < Server: Docker/1.12.3 (linux)
[{"Id":"sha256:4ca3a192ff2a5b7e225e81dc006b6379c10776ed3619757a65608cb72de0a7f6","ParentId":"","RepoTags":["ubuntu:latest"],"RepoDigests":["ubuntu@sha256:3b64c309deae7ab0f7dbdd42b6b326261ccd6261da5d88396439353162703fb5"],"Created":1480449877,"Size":128206574,"VirtualSize":128206574,"Labels":{}},{"Id":"sha256:aae2b63c49461fcae4962e4a8043f66acf8e3af7e62f5ebceb70b181d8ca01e0","ParentId":"","RepoTags":["ubuntu:14.04"],"RepoDigests":["ubuntu@sha256:edb984703bd3e8981ff541a5b9297ca1b81fde6e6e8094d86e390a38ebc30b4d"],"Created":1480449856,"Size":187952254,"VirtualSize":187952254,"Labels":{}},{"Id":"sha256:e02e811dd08fd49e7f6032625495118e63f597eb150403d02e3238af1df240ba","ParentId":"","RepoTags":["busybox:latest"],"RepoDigests":["busybox@sha256:29f5d56d12684887bdfa50dcd29fc31eea4aaf4ad3bec43daf19026a7ce69912"],"Created":1475874238,"Size":1093484,"VirtualSize":1093484,"Labels":{}},{"Id":"sha256:d654de4499473ed41349b54a988b6f46a7fc92e3fa2d61e102bf2660a0116e25","ParentId":"","RepoTags":["sakib37/iperf3:latest"],"RepoDigests":["sakib37/iperf3@sha256:8d80a810f8f508c074b14d02555f20110eac382c8dbda7252075392983629d40"],"Created":1474907599,"Size":199456654,"VirtualSize":199456654,"Labels":{}}]


02:20:51.261 [Test worker] DEBUG o.a.h.i.c.DefaultManagedHttpClientConnection - http-outgoing-110: Close connection
02:20:51.261 [Test worker] DEBUG o.a.h.impl.execchain.MainClientExec - Connection discarded
02:20:51.262 [Test worker] DEBUG c.g.d.j.JerseyDockerCmdExecFactory$1 - Connection released: [id: 110][route: {s}->https://Thesis:2376][total kept alive: 1; route allocated: 1 of 2; total allocated: 1 of 20]
02:20:51.262 [Test worker] DEBUG org.openbaton.docker.DockerVim - Found a docker image, transformed into a NFV Image Image{id='sha256:aae2b63c49461fcae4962e4a8043f66acf8e3af7e62f5ebceb70b181d8ca01e0', name='ubuntu:14.04', version=0, extId='null', minRam='0', minDiskSpace='0', minCPU='null', public='true', diskFormat='null', containerFormat='docker', created='Sun Jan 18 04:14:09 CET 1970', updated='null'}
02:20:51.262 [Test worker] DEBUG c.g.d.core.command.AbstrDockerCmd - Cmd: 83821c7e453212328d2c2b0bf1fae91591f1612aacdf731539caad0c7e14cb1e,<null>,true,com.github.dockerjava.jaxrs.RemoveContainerCmdExec@29309435
02:20:51.262 [Test worker] DEBUG c.g.d.j.JerseyDockerCmdExecFactory - 23 * Sending client request on thread Test worker
23 > DELETE https://Thesis:2376/containers/83821c7e453212328d2c2b0bf1fae91591f1612aacdf731539caad0c7e14cb1e?force=true
23 > Accept: application/json

02:20:51.263 [Test worker] DEBUG o.a.h.c.protocol.RequestAddCookies - CookieSpec selected: default
02:20:51.263 [Test worker] DEBUG o.a.h.c.protocol.RequestAuthCache - Auth cache not set in the context
02:20:51.263 [Test worker] DEBUG c.g.d.j.JerseyDockerCmdExecFactory$1 - Connection request: [route: {s}->https://Thesis:2376][total kept alive: 1; route allocated: 1 of 2; total allocated: 1 of 20]
02:20:51.263 [Test worker] DEBUG c.g.d.j.JerseyDockerCmdExecFactory$1 - Connection leased: [id: 111][route: {s}->https://Thesis:2376][total kept alive: 1; route allocated: 2 of 2; total allocated: 2 of 20]
02:20:51.263 [Test worker] DEBUG o.a.h.impl.execchain.MainClientExec - Opening connection {s}->https://Thesis:2376
02:20:51.264 [Test worker] DEBUG o.a.h.i.c.DefaultHttpClientConnectionOperator - Connecting to Thesis/127.0.1.1:2376
02:20:51.264 [Test worker] DEBUG o.a.h.c.s.SSLConnectionSocketFactory - Connecting socket to Thesis/127.0.1.1:2376 with timeout 0
02:20:51.264 [Test worker] DEBUG o.a.h.c.s.SSLConnectionSocketFactory - Enabled protocols: [TLSv1]
02:20:51.265 [Test worker] DEBUG o.a.h.c.s.SSLConnectionSocketFactory - Enabled cipher suites:[TLS_ECDHE_ECDSA_WITH_AES_128_CBC_SHA, TLS_ECDHE_RSA_WITH_AES_128_CBC_SHA, TLS_RSA_WITH_AES_128_CBC_SHA, TLS_ECDH_ECDSA_WITH_AES_128_CBC_SHA, TLS_ECDH_RSA_WITH_AES_128_CBC_SHA, TLS_DHE_RSA_WITH_AES_128_CBC_SHA, TLS_DHE_DSS_WITH_AES_128_CBC_SHA, TLS_ECDHE_ECDSA_WITH_3DES_EDE_CBC_SHA, TLS_ECDHE_RSA_WITH_3DES_EDE_CBC_SHA, SSL_RSA_WITH_3DES_EDE_CBC_SHA, TLS_ECDH_ECDSA_WITH_3DES_EDE_CBC_SHA, TLS_ECDH_RSA_WITH_3DES_EDE_CBC_SHA, SSL_DHE_RSA_WITH_3DES_EDE_CBC_SHA, SSL_DHE_DSS_WITH_3DES_EDE_CBC_SHA, TLS_ECDHE_ECDSA_WITH_RC4_128_SHA, TLS_ECDHE_RSA_WITH_RC4_128_SHA, SSL_RSA_WITH_RC4_128_SHA, TLS_ECDH_ECDSA_WITH_RC4_128_SHA, TLS_ECDH_RSA_WITH_RC4_128_SHA, SSL_RSA_WITH_RC4_128_MD5, TLS_EMPTY_RENEGOTIATION_INFO_SCSV]
02:20:51.265 [Test worker] DEBUG o.a.h.c.s.SSLConnectionSocketFactory - Starting handshake
02:20:51.324 [Test worker] DEBUG o.a.h.c.s.SSLConnectionSocketFactory - Secure session established
02:20:51.325 [Test worker] DEBUG o.a.h.c.s.SSLConnectionSocketFactory -  negotiated protocol: TLSv1
02:20:51.325 [Test worker] DEBUG o.a.h.c.s.SSLConnectionSocketFactory -  negotiated cipher suite: TLS_ECDHE_RSA_WITH_AES_128_CBC_SHA
02:20:51.325 [Test worker] DEBUG o.a.h.c.s.SSLConnectionSocketFactory -  peer principal: CN=Thesis
02:20:51.325 [Test worker] DEBUG o.a.h.c.s.SSLConnectionSocketFactory -  issuer principal: EMAILADDRESS=sha@yamil.com, CN=Thesis, OU=Open, O=Fra, L=BER, ST=BER, C=DE
02:20:51.325 [Test worker] DEBUG o.a.h.i.c.DefaultHttpClientConnectionOperator - Connection established 127.0.0.1:41098<->127.0.1.1:2376
02:20:51.326 [Test worker] DEBUG o.a.h.impl.execchain.MainClientExec - Executing request DELETE /containers/83821c7e453212328d2c2b0bf1fae91591f1612aacdf731539caad0c7e14cb1e?force=true HTTP/1.1
02:20:51.326 [Test worker] DEBUG o.a.h.impl.execchain.MainClientExec - Target auth state: UNCHALLENGED
02:20:51.326 [Test worker] DEBUG o.a.h.impl.execchain.MainClientExec - Proxy auth state: UNCHALLENGED
02:20:51.326 [Test worker] DEBUG org.apache.http.headers - http-outgoing-111 >> DELETE /containers/83821c7e453212328d2c2b0bf1fae91591f1612aacdf731539caad0c7e14cb1e?force=true HTTP/1.1
02:20:51.326 [Test worker] DEBUG org.apache.http.headers - http-outgoing-111 >> Accept: application/json
02:20:51.326 [Test worker] DEBUG org.apache.http.headers - http-outgoing-111 >> User-Agent: Jersey/2.23.1 (Apache HttpClient 4.5.1)
02:20:51.326 [Test worker] DEBUG org.apache.http.headers - http-outgoing-111 >> Host: Thesis:2376
02:20:51.326 [Test worker] DEBUG org.apache.http.headers - http-outgoing-111 >> Connection: Keep-Alive
02:20:51.326 [Test worker] DEBUG org.apache.http.headers - http-outgoing-111 >> Accept-Encoding: gzip,deflate
02:20:51.327 [Test worker] DEBUG org.apache.http.wire - http-outgoing-111 >> "DELETE /containers/83821c7e453212328d2c2b0bf1fae91591f1612aacdf731539caad0c7e14cb1e?force=true HTTP/1.1[\r][\n]"
02:20:51.327 [Test worker] DEBUG org.apache.http.wire - http-outgoing-111 >> "Accept: application/json[\r][\n]"
02:20:51.327 [Test worker] DEBUG org.apache.http.wire - http-outgoing-111 >> "User-Agent: Jersey/2.23.1 (Apache HttpClient 4.5.1)[\r][\n]"
02:20:51.327 [Test worker] DEBUG org.apache.http.wire - http-outgoing-111 >> "Host: Thesis:2376[\r][\n]"
02:20:51.327 [Test worker] DEBUG org.apache.http.wire - http-outgoing-111 >> "Connection: Keep-Alive[\r][\n]"
02:20:51.327 [Test worker] DEBUG org.apache.http.wire - http-outgoing-111 >> "Accept-Encoding: gzip,deflate[\r][\n]"
02:20:51.327 [Test worker] DEBUG org.apache.http.wire - http-outgoing-111 >> "[\r][\n]"
02:20:51.445 [Test worker] DEBUG org.apache.http.wire - http-outgoing-111 << "H"
02:20:51.445 [Test worker] DEBUG org.apache.http.wire - http-outgoing-111 << "TTP/1.1 204 No Content[\r][\n]"
02:20:51.445 [Test worker] DEBUG org.apache.http.wire - http-outgoing-111 << "Server: Docker/1.12.3 (linux)[\r][\n]"
02:20:51.445 [Test worker] DEBUG org.apache.http.wire - http-outgoing-111 << "Date: Tue, 03 Jan 2017 01:20:51 GMT[\r][\n]"
02:20:51.445 [Test worker] DEBUG org.apache.http.wire - http-outgoing-111 << "[\r][\n]"
02:20:51.446 [Test worker] DEBUG org.apache.http.headers - http-outgoing-111 << HTTP/1.1 204 No Content
02:20:51.446 [Test worker] DEBUG org.apache.http.headers - http-outgoing-111 << Server: Docker/1.12.3 (linux)
02:20:51.446 [Test worker] DEBUG org.apache.http.headers - http-outgoing-111 << Date: Tue, 03 Jan 2017 01:20:51 GMT
02:20:51.446 [Test worker] DEBUG o.a.h.impl.execchain.MainClientExec - Connection can be kept alive indefinitely
02:20:51.446 [Test worker] DEBUG c.g.d.j.JerseyDockerCmdExecFactory$1 - Connection [id: 111][route: {s}->https://Thesis:2376][state: CN=Thesis] can be kept alive indefinitely
02:20:51.446 [Test worker] DEBUG c.g.d.j.JerseyDockerCmdExecFactory$1 - Connection released: [id: 111][route: {s}->https://Thesis:2376][state: CN=Thesis][total kept alive: 2; route allocated: 2 of 2; total allocated: 2 of 20]
02:20:51.446 [Test worker] DEBUG c.g.d.j.JerseyDockerCmdExecFactory - 24 * Client response received on thread Test worker
24 < 204
24 < Date: Tue, 03 Jan 2017 01:20:51 GMT
24 < Server: Docker/1.12.3 (linux)

02:20:51.446 [Test worker] DEBUG org.openbaton.docker.DockerVim - Server deleted successfully
02:20:51.446 [Test worker] DEBUG c.g.d.core.command.AbstrDockerCmd - Cmd: com.github.dockerjava.core.util.FiltersBuilder@0,com.github.dockerjava.jaxrs.ListNetworksCmdExec@7ec3c727
02:20:51.446 [Test worker] DEBUG c.g.d.j.JerseyDockerCmdExecFactory - 25 * Sending client request on thread Test worker
25 > GET https://Thesis:2376/networks
25 > Accept: application/json

02:20:51.447 [Test worker] DEBUG o.a.h.c.protocol.RequestAddCookies - CookieSpec selected: default
02:20:51.447 [Test worker] DEBUG o.a.h.c.protocol.RequestAuthCache - Auth cache not set in the context
02:20:51.447 [Test worker] DEBUG c.g.d.j.JerseyDockerCmdExecFactory$1 - Connection request: [route: {s}->https://Thesis:2376][total kept alive: 2; route allocated: 2 of 2; total allocated: 2 of 20]
02:20:51.447 [Test worker] DEBUG o.a.h.i.c.DefaultManagedHttpClientConnection - http-outgoing-105: Close connection
02:20:51.447 [Test worker] DEBUG c.g.d.j.JerseyDockerCmdExecFactory$1 - Connection leased: [id: 112][route: {s}->https://Thesis:2376][total kept alive: 1; route allocated: 2 of 2; total allocated: 2 of 20]
02:20:51.447 [Test worker] DEBUG o.a.h.impl.execchain.MainClientExec - Opening connection {s}->https://Thesis:2376
02:20:51.447 [Test worker] DEBUG o.a.h.i.c.DefaultHttpClientConnectionOperator - Connecting to Thesis/127.0.1.1:2376
02:20:51.447 [Test worker] DEBUG o.a.h.c.s.SSLConnectionSocketFactory - Connecting socket to Thesis/127.0.1.1:2376 with timeout 0
02:20:51.451 [Test worker] DEBUG o.a.h.c.s.SSLConnectionSocketFactory - Enabled protocols: [TLSv1]
02:20:51.451 [Test worker] DEBUG o.a.h.c.s.SSLConnectionSocketFactory - Enabled cipher suites:[TLS_ECDHE_ECDSA_WITH_AES_128_CBC_SHA, TLS_ECDHE_RSA_WITH_AES_128_CBC_SHA, TLS_RSA_WITH_AES_128_CBC_SHA, TLS_ECDH_ECDSA_WITH_AES_128_CBC_SHA, TLS_ECDH_RSA_WITH_AES_128_CBC_SHA, TLS_DHE_RSA_WITH_AES_128_CBC_SHA, TLS_DHE_DSS_WITH_AES_128_CBC_SHA, TLS_ECDHE_ECDSA_WITH_3DES_EDE_CBC_SHA, TLS_ECDHE_RSA_WITH_3DES_EDE_CBC_SHA, SSL_RSA_WITH_3DES_EDE_CBC_SHA, TLS_ECDH_ECDSA_WITH_3DES_EDE_CBC_SHA, TLS_ECDH_RSA_WITH_3DES_EDE_CBC_SHA, SSL_DHE_RSA_WITH_3DES_EDE_CBC_SHA, SSL_DHE_DSS_WITH_3DES_EDE_CBC_SHA, TLS_ECDHE_ECDSA_WITH_RC4_128_SHA, TLS_ECDHE_RSA_WITH_RC4_128_SHA, SSL_RSA_WITH_RC4_128_SHA, TLS_ECDH_ECDSA_WITH_RC4_128_SHA, TLS_ECDH_RSA_WITH_RC4_128_SHA, SSL_RSA_WITH_RC4_128_MD5, TLS_EMPTY_RENEGOTIATION_INFO_SCSV]
02:20:51.451 [Test worker] DEBUG o.a.h.c.s.SSLConnectionSocketFactory - Starting handshake
02:20:51.557 [Test worker] DEBUG o.a.h.c.s.SSLConnectionSocketFactory - Secure session established
02:20:51.557 [Test worker] DEBUG o.a.h.c.s.SSLConnectionSocketFactory -  negotiated protocol: TLSv1
02:20:51.557 [Test worker] DEBUG o.a.h.c.s.SSLConnectionSocketFactory -  negotiated cipher suite: TLS_ECDHE_RSA_WITH_AES_128_CBC_SHA
02:20:51.557 [Test worker] DEBUG o.a.h.c.s.SSLConnectionSocketFactory -  peer principal: CN=Thesis
02:20:51.558 [Test worker] DEBUG o.a.h.c.s.SSLConnectionSocketFactory -  issuer principal: EMAILADDRESS=sha@yamil.com, CN=Thesis, OU=Open, O=Fra, L=BER, ST=BER, C=DE
02:20:51.558 [Test worker] DEBUG o.a.h.i.c.DefaultHttpClientConnectionOperator - Connection established 127.0.0.1:41100<->127.0.1.1:2376
02:20:51.558 [Test worker] DEBUG o.a.h.impl.execchain.MainClientExec - Executing request GET /networks HTTP/1.1
02:20:51.558 [Test worker] DEBUG o.a.h.impl.execchain.MainClientExec - Target auth state: UNCHALLENGED
02:20:51.558 [Test worker] DEBUG o.a.h.impl.execchain.MainClientExec - Proxy auth state: UNCHALLENGED
02:20:51.558 [Test worker] DEBUG org.apache.http.headers - http-outgoing-112 >> GET /networks HTTP/1.1
02:20:51.559 [Test worker] DEBUG org.apache.http.headers - http-outgoing-112 >> Accept: application/json
02:20:51.559 [Test worker] DEBUG org.apache.http.headers - http-outgoing-112 >> User-Agent: Jersey/2.23.1 (Apache HttpClient 4.5.1)
02:20:51.559 [Test worker] DEBUG org.apache.http.headers - http-outgoing-112 >> Host: Thesis:2376
02:20:51.559 [Test worker] DEBUG org.apache.http.headers - http-outgoing-112 >> Connection: Keep-Alive
02:20:51.559 [Test worker] DEBUG org.apache.http.headers - http-outgoing-112 >> Accept-Encoding: gzip,deflate
02:20:51.559 [Test worker] DEBUG org.apache.http.wire - http-outgoing-112 >> "GET /networks HTTP/1.1[\r][\n]"
02:20:51.559 [Test worker] DEBUG org.apache.http.wire - http-outgoing-112 >> "Accept: application/json[\r][\n]"
02:20:51.559 [Test worker] DEBUG org.apache.http.wire - http-outgoing-112 >> "User-Agent: Jersey/2.23.1 (Apache HttpClient 4.5.1)[\r][\n]"
02:20:51.559 [Test worker] DEBUG org.apache.http.wire - http-outgoing-112 >> "Host: Thesis:2376[\r][\n]"
02:20:51.559 [Test worker] DEBUG org.apache.http.wire - http-outgoing-112 >> "Connection: Keep-Alive[\r][\n]"
02:20:51.560 [Test worker] DEBUG org.apache.http.wire - http-outgoing-112 >> "Accept-Encoding: gzip,deflate[\r][\n]"
02:20:51.560 [Test worker] DEBUG org.apache.http.wire - http-outgoing-112 >> "[\r][\n]"
02:20:51.560 [Test worker] DEBUG org.apache.http.wire - http-outgoing-112 << "H"
02:20:51.560 [Test worker] DEBUG org.apache.http.wire - http-outgoing-112 << "TTP/1.1 200 OK[\r][\n]"
02:20:51.561 [Test worker] DEBUG org.apache.http.wire - http-outgoing-112 << "Content-Type: application/json[\r][\n]"
02:20:51.561 [Test worker] DEBUG org.apache.http.wire - http-outgoing-112 << "Server: Docker/1.12.3 (linux)[\r][\n]"
02:20:51.561 [Test worker] DEBUG org.apache.http.wire - http-outgoing-112 << "Date: Tue, 03 Jan 2017 01:20:51 GMT[\r][\n]"
02:20:51.561 [Test worker] DEBUG org.apache.http.wire - http-outgoing-112 << "Content-Length: 1100[\r][\n]"
02:20:51.561 [Test worker] DEBUG org.apache.http.wire - http-outgoing-112 << "[\r][\n]"
02:20:51.561 [Test worker] DEBUG org.apache.http.wire - http-outgoing-112 << "[{"Name":"host","Id":"fe042b0866671b5be4f097ba43830c0a02959c058702d18e18c14a24d88a357d","Scope":"local","Driver":"host","EnableIPv6":false,"IPAM":{"Driver":"default","Options":null,"Config":[]},"Internal":false,"Containers":{},"Options":{},"Labels":{}},{"Name":"none","Id":"4d89c194eb79cd2beb38458d10a1b98c74d6b8462af72afde29ae7aca53ed5ca","Scope":"local","Driver":"null","EnableIPv6":false,"IPAM":{"Driver":"default","Options":null,"Config":[]},"Internal":false,"Containers":{},"Options":{},"Labels":{}},{"Name":"bridge","Id":"e0d36057aa1769e9fd52ba88be81b698b495f9b6b4946d0f98f24d971a27fc98","Scope":"local","Driver":"bridge","EnableIPv6":false,"IPAM":{"Driver":"default","Options":null,"Config":[{"Subnet":"172.17.0.0/16","Gateway":"172.17.0.1"}]},"Internal":false,"Containers":{},"Options":{"com.docker.network.bridge.default_bridge":"true","com.docker.network.bridge.enable_icc":"true","com.docker.network.bridge.enable_ip_masquerade":"true","com.docker.network.bridge.host_binding_ipv4":"0.0.0.0","com.docker.network.bridge.name":"docker0","com.docker.network.driver.mtu":"1500"},"Labels":{}}][\n]"
02:20:51.561 [Test worker] DEBUG org.apache.http.headers - http-outgoing-112 << HTTP/1.1 200 OK
02:20:51.562 [Test worker] DEBUG org.apache.http.headers - http-outgoing-112 << Content-Type: application/json
02:20:51.562 [Test worker] DEBUG org.apache.http.headers - http-outgoing-112 << Server: Docker/1.12.3 (linux)
02:20:51.562 [Test worker] DEBUG org.apache.http.headers - http-outgoing-112 << Date: Tue, 03 Jan 2017 01:20:51 GMT
02:20:51.567 [Test worker] DEBUG org.apache.http.headers - http-outgoing-112 << Content-Length: 1100
02:20:51.568 [Test worker] DEBUG o.a.h.impl.execchain.MainClientExec - Connection can be kept alive indefinitely
02:20:51.568 [Test worker] DEBUG c.g.d.j.JerseyDockerCmdExecFactory - 26 * Client response received on thread Test worker
26 < 200
26 < Content-Length: 1100
26 < Content-Type: application/json
26 < Date: Tue, 03 Jan 2017 01:20:51 GMT
26 < Server: Docker/1.12.3 (linux)
[{"Name":"host","Id":"fe042b0866671b5be4f097ba43830c0a02959c058702d18e18c14a24d88a357d","Scope":"local","Driver":"host","EnableIPv6":false,"IPAM":{"Driver":"default","Options":null,"Config":[]},"Internal":false,"Containers":{},"Options":{},"Labels":{}},{"Name":"none","Id":"4d89c194eb79cd2beb38458d10a1b98c74d6b8462af72afde29ae7aca53ed5ca","Scope":"local","Driver":"null","EnableIPv6":false,"IPAM":{"Driver":"default","Options":null,"Config":[]},"Internal":false,"Containers":{},"Options":{},"Labels":{}},{"Name":"bridge","Id":"e0d36057aa1769e9fd52ba88be81b698b495f9b6b4946d0f98f24d971a27fc98","Scope":"local","Driver":"bridge","EnableIPv6":false,"IPAM":{"Driver":"default","Options":null,"Config":[{"Subnet":"172.17.0.0/16","Gateway":"172.17.0.1"}]},"Internal":false,"Containers":{},"Options":{"com.docker.network.bridge.default_bridge":"true","com.docker.network.bridge.enable_icc":"true","com.docker.network.bridge.enable_ip_masquerade":"true","com.docker.network.bridge.host_binding_ipv4":"0.0.0.0","com.docker.network.bridge.name":"docker0","com.docker.network.driver.mtu":"1500"},"Labels":{}}]


02:20:51.569 [Test worker] DEBUG o.a.h.i.c.DefaultManagedHttpClientConnection - http-outgoing-112: Close connection
02:20:51.570 [Test worker] DEBUG o.a.h.impl.execchain.MainClientExec - Connection discarded
02:20:51.570 [Test worker] DEBUG c.g.d.j.JerseyDockerCmdExecFactory$1 - Connection released: [id: 112][route: {s}->https://Thesis:2376][total kept alive: 1; route allocated: 1 of 2; total allocated: 1 of 20]
02:20:51.570 [Test worker] DEBUG c.g.d.core.command.AbstrDockerCmd - Cmd: com.github.dockerjava.core.util.FiltersBuilder@0,com.github.dockerjava.jaxrs.ListVolumesCmdExec@2cb3f44c
02:20:51.572 [Test worker] DEBUG c.g.d.j.JerseyDockerCmdExecFactory - 27 * Sending client request on thread Test worker
27 > GET https://Thesis:2376/volumes
27 > Accept: application/json

02:20:51.572 [Test worker] DEBUG o.a.h.c.protocol.RequestAddCookies - CookieSpec selected: default
02:20:51.573 [Test worker] DEBUG o.a.h.c.protocol.RequestAuthCache - Auth cache not set in the context
02:20:51.573 [Test worker] DEBUG c.g.d.j.JerseyDockerCmdExecFactory$1 - Connection request: [route: {s}->https://Thesis:2376][total kept alive: 1; route allocated: 1 of 2; total allocated: 1 of 20]
02:20:51.573 [Test worker] DEBUG c.g.d.j.JerseyDockerCmdExecFactory$1 - Connection leased: [id: 113][route: {s}->https://Thesis:2376][total kept alive: 1; route allocated: 2 of 2; total allocated: 2 of 20]
02:20:51.573 [Test worker] DEBUG o.a.h.impl.execchain.MainClientExec - Opening connection {s}->https://Thesis:2376
02:20:51.573 [Test worker] DEBUG o.a.h.i.c.DefaultHttpClientConnectionOperator - Connecting to Thesis/127.0.1.1:2376
02:20:51.573 [Test worker] DEBUG o.a.h.c.s.SSLConnectionSocketFactory - Connecting socket to Thesis/127.0.1.1:2376 with timeout 0
02:20:51.583 [Test worker] DEBUG o.a.h.c.s.SSLConnectionSocketFactory - Enabled protocols: [TLSv1]
02:20:51.583 [Test worker] DEBUG o.a.h.c.s.SSLConnectionSocketFactory - Enabled cipher suites:[TLS_ECDHE_ECDSA_WITH_AES_128_CBC_SHA, TLS_ECDHE_RSA_WITH_AES_128_CBC_SHA, TLS_RSA_WITH_AES_128_CBC_SHA, TLS_ECDH_ECDSA_WITH_AES_128_CBC_SHA, TLS_ECDH_RSA_WITH_AES_128_CBC_SHA, TLS_DHE_RSA_WITH_AES_128_CBC_SHA, TLS_DHE_DSS_WITH_AES_128_CBC_SHA, TLS_ECDHE_ECDSA_WITH_3DES_EDE_CBC_SHA, TLS_ECDHE_RSA_WITH_3DES_EDE_CBC_SHA, SSL_RSA_WITH_3DES_EDE_CBC_SHA, TLS_ECDH_ECDSA_WITH_3DES_EDE_CBC_SHA, TLS_ECDH_RSA_WITH_3DES_EDE_CBC_SHA, SSL_DHE_RSA_WITH_3DES_EDE_CBC_SHA, SSL_DHE_DSS_WITH_3DES_EDE_CBC_SHA, TLS_ECDHE_ECDSA_WITH_RC4_128_SHA, TLS_ECDHE_RSA_WITH_RC4_128_SHA, SSL_RSA_WITH_RC4_128_SHA, TLS_ECDH_ECDSA_WITH_RC4_128_SHA, TLS_ECDH_RSA_WITH_RC4_128_SHA, SSL_RSA_WITH_RC4_128_MD5, TLS_EMPTY_RENEGOTIATION_INFO_SCSV]
02:20:51.583 [Test worker] DEBUG o.a.h.c.s.SSLConnectionSocketFactory - Starting handshake
02:20:51.701 [Test worker] DEBUG o.a.h.c.s.SSLConnectionSocketFactory - Secure session established
02:20:51.701 [Test worker] DEBUG o.a.h.c.s.SSLConnectionSocketFactory -  negotiated protocol: TLSv1
02:20:51.701 [Test worker] DEBUG o.a.h.c.s.SSLConnectionSocketFactory -  negotiated cipher suite: TLS_ECDHE_RSA_WITH_AES_128_CBC_SHA
02:20:51.701 [Test worker] DEBUG o.a.h.c.s.SSLConnectionSocketFactory -  peer principal: CN=Thesis
02:20:51.702 [Test worker] DEBUG o.a.h.c.s.SSLConnectionSocketFactory -  issuer principal: EMAILADDRESS=sha@yamil.com, CN=Thesis, OU=Open, O=Fra, L=BER, ST=BER, C=DE
02:20:51.702 [Test worker] DEBUG o.a.h.i.c.DefaultHttpClientConnectionOperator - Connection established 127.0.0.1:41102<->127.0.1.1:2376
02:20:51.702 [Test worker] DEBUG o.a.h.impl.execchain.MainClientExec - Executing request GET /volumes HTTP/1.1
02:20:51.702 [Test worker] DEBUG o.a.h.impl.execchain.MainClientExec - Target auth state: UNCHALLENGED
02:20:51.702 [Test worker] DEBUG o.a.h.impl.execchain.MainClientExec - Proxy auth state: UNCHALLENGED
02:20:51.702 [Test worker] DEBUG org.apache.http.headers - http-outgoing-113 >> GET /volumes HTTP/1.1
02:20:51.702 [Test worker] DEBUG org.apache.http.headers - http-outgoing-113 >> Accept: application/json
02:20:51.702 [Test worker] DEBUG org.apache.http.headers - http-outgoing-113 >> User-Agent: Jersey/2.23.1 (Apache HttpClient 4.5.1)
02:20:51.703 [Test worker] DEBUG org.apache.http.headers - http-outgoing-113 >> Host: Thesis:2376
02:20:51.703 [Test worker] DEBUG org.apache.http.headers - http-outgoing-113 >> Connection: Keep-Alive
02:20:51.703 [Test worker] DEBUG org.apache.http.headers - http-outgoing-113 >> Accept-Encoding: gzip,deflate
02:20:51.703 [Test worker] DEBUG org.apache.http.wire - http-outgoing-113 >> "GET /volumes HTTP/1.1[\r][\n]"
02:20:51.703 [Test worker] DEBUG org.apache.http.wire - http-outgoing-113 >> "Accept: application/json[\r][\n]"
02:20:51.703 [Test worker] DEBUG org.apache.http.wire - http-outgoing-113 >> "User-Agent: Jersey/2.23.1 (Apache HttpClient 4.5.1)[\r][\n]"
02:20:51.703 [Test worker] DEBUG org.apache.http.wire - http-outgoing-113 >> "Host: Thesis:2376[\r][\n]"
02:20:51.703 [Test worker] DEBUG org.apache.http.wire - http-outgoing-113 >> "Connection: Keep-Alive[\r][\n]"
02:20:51.703 [Test worker] DEBUG org.apache.http.wire - http-outgoing-113 >> "Accept-Encoding: gzip,deflate[\r][\n]"
02:20:51.704 [Test worker] DEBUG org.apache.http.wire - http-outgoing-113 >> "[\r][\n]"
02:20:51.704 [Test worker] DEBUG org.apache.http.wire - http-outgoing-113 << "H"
02:20:51.704 [Test worker] DEBUG org.apache.http.wire - http-outgoing-113 << "TTP/1.1 200 OK[\r][\n]"
02:20:51.704 [Test worker] DEBUG org.apache.http.wire - http-outgoing-113 << "Content-Type: application/json[\r][\n]"
02:20:51.705 [Test worker] DEBUG org.apache.http.wire - http-outgoing-113 << "Server: Docker/1.12.3 (linux)[\r][\n]"
02:20:51.705 [Test worker] DEBUG org.apache.http.wire - http-outgoing-113 << "Date: Tue, 03 Jan 2017 01:20:51 GMT[\r][\n]"
02:20:51.705 [Test worker] DEBUG org.apache.http.wire - http-outgoing-113 << "Content-Length: 33[\r][\n]"
02:20:51.705 [Test worker] DEBUG org.apache.http.wire - http-outgoing-113 << "[\r][\n]"
02:20:51.705 [Test worker] DEBUG org.apache.http.wire - http-outgoing-113 << "{"Volumes":null,"Warnings":null}[\n]"
02:20:51.705 [Test worker] DEBUG org.apache.http.headers - http-outgoing-113 << HTTP/1.1 200 OK
02:20:51.705 [Test worker] DEBUG org.apache.http.headers - http-outgoing-113 << Content-Type: application/json
02:20:51.705 [Test worker] DEBUG org.apache.http.headers - http-outgoing-113 << Server: Docker/1.12.3 (linux)
02:20:51.705 [Test worker] DEBUG org.apache.http.headers - http-outgoing-113 << Date: Tue, 03 Jan 2017 01:20:51 GMT
02:20:51.706 [Test worker] DEBUG org.apache.http.headers - http-outgoing-113 << Content-Length: 33
02:20:51.706 [Test worker] DEBUG o.a.h.impl.execchain.MainClientExec - Connection can be kept alive indefinitely
02:20:51.706 [Test worker] DEBUG c.g.d.j.JerseyDockerCmdExecFactory - 28 * Client response received on thread Test worker
28 < 200
28 < Content-Length: 33
28 < Content-Type: application/json
28 < Date: Tue, 03 Jan 2017 01:20:51 GMT
28 < Server: Docker/1.12.3 (linux)
{"Volumes":null,"Warnings":null}


02:20:51.707 [Test worker] DEBUG o.a.h.i.c.DefaultManagedHttpClientConnection - http-outgoing-113: Close connection
02:20:51.708 [Test worker] DEBUG o.a.h.impl.execchain.MainClientExec - Connection discarded
02:20:51.708 [Test worker] DEBUG c.g.d.j.JerseyDockerCmdExecFactory$1 - Connection released: [id: 113][route: {s}->https://Thesis:2376][total kept alive: 1; route allocated: 1 of 2; total allocated: 1 of 20]
02:20:51.708 [Test worker] DEBUG org.openbaton.docker.DockerVim - Loading properties
02:20:51.709 [Test worker] DEBUG org.openbaton.docker.DockerVim - Loaded properties: {vim.instance.auth.url=tcp://Thesis:2376, docker.cert.path=/home/sakib/.docker, type=docker, tls.verify=true}
02:20:51.720 [Test worker] DEBUG c.g.d.core.command.AbstrDockerCmd - Cmd: -1,<null>,true,<null>,<null>,com.github.dockerjava.core.util.FiltersBuilder@0,com.github.dockerjava.jaxrs.ListContainersCmdExec@3e3155a8
02:20:51.734 [Test worker] DEBUG c.g.d.j.JerseyDockerCmdExecFactory - 1 * Sending client request on thread Test worker
1 > GET https://Thesis:2376/containers/json?all=true
1 > Accept: application/json

02:20:51.735 [Test worker] DEBUG o.a.h.c.protocol.RequestAddCookies - CookieSpec selected: default
02:20:51.735 [Test worker] DEBUG o.a.h.c.protocol.RequestAuthCache - Auth cache not set in the context
02:20:51.735 [Test worker] DEBUG c.g.d.j.JerseyDockerCmdExecFactory$1 - Connection request: [route: {s}->https://Thesis:2376][total kept alive: 0; route allocated: 0 of 2; total allocated: 0 of 20]
02:20:51.735 [Test worker] DEBUG c.g.d.j.JerseyDockerCmdExecFactory$1 - Connection leased: [id: 114][route: {s}->https://Thesis:2376][total kept alive: 0; route allocated: 1 of 2; total allocated: 1 of 20]
02:20:51.736 [Test worker] DEBUG o.a.h.impl.execchain.MainClientExec - Opening connection {s}->https://Thesis:2376
02:20:51.736 [Test worker] DEBUG o.a.h.i.c.DefaultHttpClientConnectionOperator - Connecting to Thesis/127.0.1.1:2376
02:20:51.736 [Test worker] DEBUG o.a.h.c.s.SSLConnectionSocketFactory - Connecting socket to Thesis/127.0.1.1:2376 with timeout 0
02:20:51.737 [Test worker] DEBUG o.a.h.c.s.SSLConnectionSocketFactory - Enabled protocols: [TLSv1]
02:20:51.737 [Test worker] DEBUG o.a.h.c.s.SSLConnectionSocketFactory - Enabled cipher suites:[TLS_ECDHE_ECDSA_WITH_AES_128_CBC_SHA, TLS_ECDHE_RSA_WITH_AES_128_CBC_SHA, TLS_RSA_WITH_AES_128_CBC_SHA, TLS_ECDH_ECDSA_WITH_AES_128_CBC_SHA, TLS_ECDH_RSA_WITH_AES_128_CBC_SHA, TLS_DHE_RSA_WITH_AES_128_CBC_SHA, TLS_DHE_DSS_WITH_AES_128_CBC_SHA, TLS_ECDHE_ECDSA_WITH_3DES_EDE_CBC_SHA, TLS_ECDHE_RSA_WITH_3DES_EDE_CBC_SHA, SSL_RSA_WITH_3DES_EDE_CBC_SHA, TLS_ECDH_ECDSA_WITH_3DES_EDE_CBC_SHA, TLS_ECDH_RSA_WITH_3DES_EDE_CBC_SHA, SSL_DHE_RSA_WITH_3DES_EDE_CBC_SHA, SSL_DHE_DSS_WITH_3DES_EDE_CBC_SHA, TLS_ECDHE_ECDSA_WITH_RC4_128_SHA, TLS_ECDHE_RSA_WITH_RC4_128_SHA, SSL_RSA_WITH_RC4_128_SHA, TLS_ECDH_ECDSA_WITH_RC4_128_SHA, TLS_ECDH_RSA_WITH_RC4_128_SHA, SSL_RSA_WITH_RC4_128_MD5, TLS_EMPTY_RENEGOTIATION_INFO_SCSV]
02:20:51.737 [Test worker] DEBUG o.a.h.c.s.SSLConnectionSocketFactory - Starting handshake
02:20:51.797 [Test worker] DEBUG o.a.h.c.s.SSLConnectionSocketFactory - Secure session established
02:20:51.797 [Test worker] DEBUG o.a.h.c.s.SSLConnectionSocketFactory -  negotiated protocol: TLSv1
02:20:51.798 [Test worker] DEBUG o.a.h.c.s.SSLConnectionSocketFactory -  negotiated cipher suite: TLS_ECDHE_RSA_WITH_AES_128_CBC_SHA
02:20:51.798 [Test worker] DEBUG o.a.h.c.s.SSLConnectionSocketFactory -  peer principal: CN=Thesis
02:20:51.798 [Test worker] DEBUG o.a.h.c.s.SSLConnectionSocketFactory -  issuer principal: EMAILADDRESS=sha@yamil.com, CN=Thesis, OU=Open, O=Fra, L=BER, ST=BER, C=DE
02:20:51.798 [Test worker] DEBUG o.a.h.i.c.DefaultHttpClientConnectionOperator - Connection established 127.0.0.1:41104<->127.0.1.1:2376
02:20:51.798 [Test worker] DEBUG o.a.h.impl.execchain.MainClientExec - Executing request GET /containers/json?all=true HTTP/1.1
02:20:51.798 [Test worker] DEBUG o.a.h.impl.execchain.MainClientExec - Target auth state: UNCHALLENGED
02:20:51.799 [Test worker] DEBUG o.a.h.impl.execchain.MainClientExec - Proxy auth state: UNCHALLENGED
02:20:51.799 [Test worker] DEBUG org.apache.http.headers - http-outgoing-114 >> GET /containers/json?all=true HTTP/1.1
02:20:51.799 [Test worker] DEBUG org.apache.http.headers - http-outgoing-114 >> Accept: application/json
02:20:51.799 [Test worker] DEBUG org.apache.http.headers - http-outgoing-114 >> User-Agent: Jersey/2.23.1 (Apache HttpClient 4.5.1)
02:20:51.799 [Test worker] DEBUG org.apache.http.headers - http-outgoing-114 >> Host: Thesis:2376
02:20:51.799 [Test worker] DEBUG org.apache.http.headers - http-outgoing-114 >> Connection: Keep-Alive
02:20:51.799 [Test worker] DEBUG org.apache.http.headers - http-outgoing-114 >> Accept-Encoding: gzip,deflate
02:20:51.799 [Test worker] DEBUG org.apache.http.wire - http-outgoing-114 >> "GET /containers/json?all=true HTTP/1.1[\r][\n]"
02:20:51.800 [Test worker] DEBUG org.apache.http.wire - http-outgoing-114 >> "Accept: application/json[\r][\n]"
02:20:51.800 [Test worker] DEBUG org.apache.http.wire - http-outgoing-114 >> "User-Agent: Jersey/2.23.1 (Apache HttpClient 4.5.1)[\r][\n]"
02:20:51.800 [Test worker] DEBUG org.apache.http.wire - http-outgoing-114 >> "Host: Thesis:2376[\r][\n]"
02:20:51.800 [Test worker] DEBUG org.apache.http.wire - http-outgoing-114 >> "Connection: Keep-Alive[\r][\n]"
02:20:51.800 [Test worker] DEBUG org.apache.http.wire - http-outgoing-114 >> "Accept-Encoding: gzip,deflate[\r][\n]"
02:20:51.800 [Test worker] DEBUG org.apache.http.wire - http-outgoing-114 >> "[\r][\n]"
02:20:51.800 [Test worker] DEBUG org.apache.http.wire - http-outgoing-114 << "H"
02:20:51.801 [Test worker] DEBUG org.apache.http.wire - http-outgoing-114 << "TTP/1.1 200 OK[\r][\n]"
02:20:51.801 [Test worker] DEBUG org.apache.http.wire - http-outgoing-114 << "Content-Type: application/json[\r][\n]"
02:20:51.801 [Test worker] DEBUG org.apache.http.wire - http-outgoing-114 << "Server: Docker/1.12.3 (linux)[\r][\n]"
02:20:51.801 [Test worker] DEBUG org.apache.http.wire - http-outgoing-114 << "Date: Tue, 03 Jan 2017 01:20:51 GMT[\r][\n]"
02:20:51.801 [Test worker] DEBUG org.apache.http.wire - http-outgoing-114 << "Content-Length: 3[\r][\n]"
02:20:51.801 [Test worker] DEBUG org.apache.http.wire - http-outgoing-114 << "[\r][\n]"
02:20:51.801 [Test worker] DEBUG org.apache.http.wire - http-outgoing-114 << "[][\n]"
02:20:51.801 [Test worker] DEBUG org.apache.http.headers - http-outgoing-114 << HTTP/1.1 200 OK
02:20:51.801 [Test worker] DEBUG org.apache.http.headers - http-outgoing-114 << Content-Type: application/json
02:20:51.801 [Test worker] DEBUG org.apache.http.headers - http-outgoing-114 << Server: Docker/1.12.3 (linux)
02:20:51.802 [Test worker] DEBUG org.apache.http.headers - http-outgoing-114 << Date: Tue, 03 Jan 2017 01:20:51 GMT
02:20:51.802 [Test worker] DEBUG org.apache.http.headers - http-outgoing-114 << Content-Length: 3
02:20:51.802 [Test worker] DEBUG o.a.h.impl.execchain.MainClientExec - Connection can be kept alive indefinitely
02:20:51.802 [Test worker] DEBUG c.g.d.j.JerseyDockerCmdExecFactory - 2 * Client response received on thread Test worker
2 < 200
2 < Content-Length: 3
2 < Content-Type: application/json
2 < Date: Tue, 03 Jan 2017 01:20:51 GMT
2 < Server: Docker/1.12.3 (linux)
[]


02:20:51.804 [Test worker] DEBUG c.g.d.j.JerseyDockerCmdExecFactory$1 - Connection [id: 114][route: {s}->https://Thesis:2376][state: CN=Thesis] can be kept alive indefinitely
02:20:51.804 [Test worker] DEBUG c.g.d.j.JerseyDockerCmdExecFactory$1 - Connection released: [id: 114][route: {s}->https://Thesis:2376][state: CN=Thesis][total kept alive: 1; route allocated: 1 of 2; total allocated: 1 of 20]
02:20:51.813 [Test worker] DEBUG c.g.d.core.command.AbstrDockerCmd - Cmd: com.github.dockerjava.core.util.FiltersBuilder@0,com.github.dockerjava.jaxrs.ListNetworksCmdExec@1ed408f0
02:20:51.814 [Test worker] DEBUG c.g.d.j.JerseyDockerCmdExecFactory - 3 * Sending client request on thread Test worker
3 > GET https://Thesis:2376/networks
3 > Accept: application/json

02:20:51.814 [Test worker] DEBUG o.a.h.c.protocol.RequestAddCookies - CookieSpec selected: default
02:20:51.814 [Test worker] DEBUG o.a.h.c.protocol.RequestAuthCache - Auth cache not set in the context
02:20:51.814 [Test worker] DEBUG c.g.d.j.JerseyDockerCmdExecFactory$1 - Connection request: [route: {s}->https://Thesis:2376][total kept alive: 1; route allocated: 1 of 2; total allocated: 1 of 20]
02:20:51.815 [Test worker] DEBUG c.g.d.j.JerseyDockerCmdExecFactory$1 - Connection leased: [id: 115][route: {s}->https://Thesis:2376][total kept alive: 1; route allocated: 2 of 2; total allocated: 2 of 20]
02:20:51.815 [Test worker] DEBUG o.a.h.impl.execchain.MainClientExec - Opening connection {s}->https://Thesis:2376
02:20:51.815 [Test worker] DEBUG o.a.h.i.c.DefaultHttpClientConnectionOperator - Connecting to Thesis/127.0.1.1:2376
02:20:51.815 [Test worker] DEBUG o.a.h.c.s.SSLConnectionSocketFactory - Connecting socket to Thesis/127.0.1.1:2376 with timeout 0
02:20:51.816 [Test worker] DEBUG o.a.h.c.s.SSLConnectionSocketFactory - Enabled protocols: [TLSv1]
02:20:51.816 [Test worker] DEBUG o.a.h.c.s.SSLConnectionSocketFactory - Enabled cipher suites:[TLS_ECDHE_ECDSA_WITH_AES_128_CBC_SHA, TLS_ECDHE_RSA_WITH_AES_128_CBC_SHA, TLS_RSA_WITH_AES_128_CBC_SHA, TLS_ECDH_ECDSA_WITH_AES_128_CBC_SHA, TLS_ECDH_RSA_WITH_AES_128_CBC_SHA, TLS_DHE_RSA_WITH_AES_128_CBC_SHA, TLS_DHE_DSS_WITH_AES_128_CBC_SHA, TLS_ECDHE_ECDSA_WITH_3DES_EDE_CBC_SHA, TLS_ECDHE_RSA_WITH_3DES_EDE_CBC_SHA, SSL_RSA_WITH_3DES_EDE_CBC_SHA, TLS_ECDH_ECDSA_WITH_3DES_EDE_CBC_SHA, TLS_ECDH_RSA_WITH_3DES_EDE_CBC_SHA, SSL_DHE_RSA_WITH_3DES_EDE_CBC_SHA, SSL_DHE_DSS_WITH_3DES_EDE_CBC_SHA, TLS_ECDHE_ECDSA_WITH_RC4_128_SHA, TLS_ECDHE_RSA_WITH_RC4_128_SHA, SSL_RSA_WITH_RC4_128_SHA, TLS_ECDH_ECDSA_WITH_RC4_128_SHA, TLS_ECDH_RSA_WITH_RC4_128_SHA, SSL_RSA_WITH_RC4_128_MD5, TLS_EMPTY_RENEGOTIATION_INFO_SCSV]
02:20:51.816 [Test worker] DEBUG o.a.h.c.s.SSLConnectionSocketFactory - Starting handshake
02:20:51.874 [Test worker] DEBUG o.a.h.c.s.SSLConnectionSocketFactory - Secure session established
02:20:51.874 [Test worker] DEBUG o.a.h.c.s.SSLConnectionSocketFactory -  negotiated protocol: TLSv1
02:20:51.874 [Test worker] DEBUG o.a.h.c.s.SSLConnectionSocketFactory -  negotiated cipher suite: TLS_ECDHE_RSA_WITH_AES_128_CBC_SHA
02:20:51.874 [Test worker] DEBUG o.a.h.c.s.SSLConnectionSocketFactory -  peer principal: CN=Thesis
02:20:51.875 [Test worker] DEBUG o.a.h.c.s.SSLConnectionSocketFactory -  issuer principal: EMAILADDRESS=sha@yamil.com, CN=Thesis, OU=Open, O=Fra, L=BER, ST=BER, C=DE
02:20:51.875 [Test worker] DEBUG o.a.h.i.c.DefaultHttpClientConnectionOperator - Connection established 127.0.0.1:41106<->127.0.1.1:2376
02:20:51.875 [Test worker] DEBUG o.a.h.impl.execchain.MainClientExec - Executing request GET /networks HTTP/1.1
02:20:51.875 [Test worker] DEBUG o.a.h.impl.execchain.MainClientExec - Target auth state: UNCHALLENGED
02:20:51.875 [Test worker] DEBUG o.a.h.impl.execchain.MainClientExec - Proxy auth state: UNCHALLENGED
02:20:51.875 [Test worker] DEBUG org.apache.http.headers - http-outgoing-115 >> GET /networks HTTP/1.1
02:20:51.875 [Test worker] DEBUG org.apache.http.headers - http-outgoing-115 >> Accept: application/json
02:20:51.875 [Test worker] DEBUG org.apache.http.headers - http-outgoing-115 >> User-Agent: Jersey/2.23.1 (Apache HttpClient 4.5.1)
02:20:51.876 [Test worker] DEBUG org.apache.http.headers - http-outgoing-115 >> Host: Thesis:2376
02:20:51.876 [Test worker] DEBUG org.apache.http.headers - http-outgoing-115 >> Connection: Keep-Alive
02:20:51.876 [Test worker] DEBUG org.apache.http.headers - http-outgoing-115 >> Accept-Encoding: gzip,deflate
02:20:51.876 [Test worker] DEBUG org.apache.http.wire - http-outgoing-115 >> "GET /networks HTTP/1.1[\r][\n]"
02:20:51.876 [Test worker] DEBUG org.apache.http.wire - http-outgoing-115 >> "Accept: application/json[\r][\n]"
02:20:51.876 [Test worker] DEBUG org.apache.http.wire - http-outgoing-115 >> "User-Agent: Jersey/2.23.1 (Apache HttpClient 4.5.1)[\r][\n]"
02:20:51.876 [Test worker] DEBUG org.apache.http.wire - http-outgoing-115 >> "Host: Thesis:2376[\r][\n]"
02:20:51.876 [Test worker] DEBUG org.apache.http.wire - http-outgoing-115 >> "Connection: Keep-Alive[\r][\n]"
02:20:51.876 [Test worker] DEBUG org.apache.http.wire - http-outgoing-115 >> "Accept-Encoding: gzip,deflate[\r][\n]"
02:20:51.877 [Test worker] DEBUG org.apache.http.wire - http-outgoing-115 >> "[\r][\n]"
02:20:51.877 [Test worker] DEBUG org.apache.http.wire - http-outgoing-115 << "H"
02:20:51.877 [Test worker] DEBUG org.apache.http.wire - http-outgoing-115 << "TTP/1.1 200 OK[\r][\n]"
02:20:51.877 [Test worker] DEBUG org.apache.http.wire - http-outgoing-115 << "Content-Type: application/json[\r][\n]"
02:20:51.878 [Test worker] DEBUG org.apache.http.wire - http-outgoing-115 << "Server: Docker/1.12.3 (linux)[\r][\n]"
02:20:51.878 [Test worker] DEBUG org.apache.http.wire - http-outgoing-115 << "Date: Tue, 03 Jan 2017 01:20:51 GMT[\r][\n]"
02:20:51.879 [Test worker] DEBUG org.apache.http.wire - http-outgoing-115 << "Content-Length: 1100[\r][\n]"
02:20:51.879 [Test worker] DEBUG org.apache.http.wire - http-outgoing-115 << "[\r][\n]"
02:20:51.879 [Test worker] DEBUG org.apache.http.wire - http-outgoing-115 << "[{"Name":"bridge","Id":"e0d36057aa1769e9fd52ba88be81b698b495f9b6b4946d0f98f24d971a27fc98","Scope":"local","Driver":"bridge","EnableIPv6":false,"IPAM":{"Driver":"default","Options":null,"Config":[{"Subnet":"172.17.0.0/16","Gateway":"172.17.0.1"}]},"Internal":false,"Containers":{},"Options":{"com.docker.network.bridge.default_bridge":"true","com.docker.network.bridge.enable_icc":"true","com.docker.network.bridge.enable_ip_masquerade":"true","com.docker.network.bridge.host_binding_ipv4":"0.0.0.0","com.docker.network.bridge.name":"docker0","com.docker.network.driver.mtu":"1500"},"Labels":{}},{"Name":"host","Id":"fe042b0866671b5be4f097ba43830c0a02959c058702d18e18c14a24d88a357d","Scope":"local","Driver":"host","EnableIPv6":false,"IPAM":{"Driver":"default","Options":null,"Config":[]},"Internal":false,"Containers":{},"Options":{},"Labels":{}},{"Name":"none","Id":"4d89c194eb79cd2beb38458d10a1b98c74d6b8462af72afde29ae7aca53ed5ca","Scope":"local","Driver":"null","EnableIPv6":false,"IPAM":{"Driver":"default","Options":null,"Config":[]},"Internal":false,"Containers":{},"Options":{},"Labels":{}}][\n]"
02:20:51.879 [Test worker] DEBUG org.apache.http.headers - http-outgoing-115 << HTTP/1.1 200 OK
02:20:51.879 [Test worker] DEBUG org.apache.http.headers - http-outgoing-115 << Content-Type: application/json
02:20:51.879 [Test worker] DEBUG org.apache.http.headers - http-outgoing-115 << Server: Docker/1.12.3 (linux)
02:20:51.879 [Test worker] DEBUG org.apache.http.headers - http-outgoing-115 << Date: Tue, 03 Jan 2017 01:20:51 GMT
02:20:51.879 [Test worker] DEBUG org.apache.http.headers - http-outgoing-115 << Content-Length: 1100
02:20:51.879 [Test worker] DEBUG o.a.h.impl.execchain.MainClientExec - Connection can be kept alive indefinitely
02:20:51.880 [Test worker] DEBUG c.g.d.j.JerseyDockerCmdExecFactory - 4 * Client response received on thread Test worker
4 < 200
4 < Content-Length: 1100
4 < Content-Type: application/json
4 < Date: Tue, 03 Jan 2017 01:20:51 GMT
4 < Server: Docker/1.12.3 (linux)
[{"Name":"bridge","Id":"e0d36057aa1769e9fd52ba88be81b698b495f9b6b4946d0f98f24d971a27fc98","Scope":"local","Driver":"bridge","EnableIPv6":false,"IPAM":{"Driver":"default","Options":null,"Config":[{"Subnet":"172.17.0.0/16","Gateway":"172.17.0.1"}]},"Internal":false,"Containers":{},"Options":{"com.docker.network.bridge.default_bridge":"true","com.docker.network.bridge.enable_icc":"true","com.docker.network.bridge.enable_ip_masquerade":"true","com.docker.network.bridge.host_binding_ipv4":"0.0.0.0","com.docker.network.bridge.name":"docker0","com.docker.network.driver.mtu":"1500"},"Labels":{}},{"Name":"host","Id":"fe042b0866671b5be4f097ba43830c0a02959c058702d18e18c14a24d88a357d","Scope":"local","Driver":"host","EnableIPv6":false,"IPAM":{"Driver":"default","Options":null,"Config":[]},"Internal":false,"Containers":{},"Options":{},"Labels":{}},{"Name":"none","Id":"4d89c194eb79cd2beb38458d10a1b98c74d6b8462af72afde29ae7aca53ed5ca","Scope":"local","Driver":"null","EnableIPv6":false,"IPAM":{"Driver":"default","Options":null,"Config":[]},"Internal":false,"Containers":{},"Options":{},"Labels":{}}]


02:20:51.885 [Test worker] DEBUG o.a.h.i.c.DefaultManagedHttpClientConnection - http-outgoing-115: Close connection
02:20:51.885 [Test worker] DEBUG o.a.h.impl.execchain.MainClientExec - Connection discarded
02:20:51.885 [Test worker] DEBUG c.g.d.j.JerseyDockerCmdExecFactory$1 - Connection released: [id: 115][route: {s}->https://Thesis:2376][total kept alive: 1; route allocated: 1 of 2; total allocated: 1 of 20]
02:20:51.886 [Test worker] DEBUG c.g.d.core.command.AbstrDockerCmd - Cmd: com.github.dockerjava.core.util.FiltersBuilder@0,com.github.dockerjava.jaxrs.ListVolumesCmdExec@c50e3bf
02:20:51.886 [Test worker] DEBUG c.g.d.j.JerseyDockerCmdExecFactory - 5 * Sending client request on thread Test worker
5 > GET https://Thesis:2376/volumes
5 > Accept: application/json

02:20:51.887 [Test worker] DEBUG o.a.h.c.protocol.RequestAddCookies - CookieSpec selected: default
02:20:51.887 [Test worker] DEBUG o.a.h.c.protocol.RequestAuthCache - Auth cache not set in the context
02:20:51.887 [Test worker] DEBUG c.g.d.j.JerseyDockerCmdExecFactory$1 - Connection request: [route: {s}->https://Thesis:2376][total kept alive: 1; route allocated: 1 of 2; total allocated: 1 of 20]
02:20:51.887 [Test worker] DEBUG c.g.d.j.JerseyDockerCmdExecFactory$1 - Connection leased: [id: 116][route: {s}->https://Thesis:2376][total kept alive: 1; route allocated: 2 of 2; total allocated: 2 of 20]
02:20:51.887 [Test worker] DEBUG o.a.h.impl.execchain.MainClientExec - Opening connection {s}->https://Thesis:2376
02:20:51.887 [Test worker] DEBUG o.a.h.i.c.DefaultHttpClientConnectionOperator - Connecting to Thesis/127.0.1.1:2376
02:20:51.887 [Test worker] DEBUG o.a.h.c.s.SSLConnectionSocketFactory - Connecting socket to Thesis/127.0.1.1:2376 with timeout 0
02:20:51.891 [Test worker] DEBUG o.a.h.c.s.SSLConnectionSocketFactory - Enabled protocols: [TLSv1]
02:20:51.896 [Test worker] DEBUG o.a.h.c.s.SSLConnectionSocketFactory - Enabled cipher suites:[TLS_ECDHE_ECDSA_WITH_AES_128_CBC_SHA, TLS_ECDHE_RSA_WITH_AES_128_CBC_SHA, TLS_RSA_WITH_AES_128_CBC_SHA, TLS_ECDH_ECDSA_WITH_AES_128_CBC_SHA, TLS_ECDH_RSA_WITH_AES_128_CBC_SHA, TLS_DHE_RSA_WITH_AES_128_CBC_SHA, TLS_DHE_DSS_WITH_AES_128_CBC_SHA, TLS_ECDHE_ECDSA_WITH_3DES_EDE_CBC_SHA, TLS_ECDHE_RSA_WITH_3DES_EDE_CBC_SHA, SSL_RSA_WITH_3DES_EDE_CBC_SHA, TLS_ECDH_ECDSA_WITH_3DES_EDE_CBC_SHA, TLS_ECDH_RSA_WITH_3DES_EDE_CBC_SHA, SSL_DHE_RSA_WITH_3DES_EDE_CBC_SHA, SSL_DHE_DSS_WITH_3DES_EDE_CBC_SHA, TLS_ECDHE_ECDSA_WITH_RC4_128_SHA, TLS_ECDHE_RSA_WITH_RC4_128_SHA, SSL_RSA_WITH_RC4_128_SHA, TLS_ECDH_ECDSA_WITH_RC4_128_SHA, TLS_ECDH_RSA_WITH_RC4_128_SHA, SSL_RSA_WITH_RC4_128_MD5, TLS_EMPTY_RENEGOTIATION_INFO_SCSV]
02:20:51.896 [Test worker] DEBUG o.a.h.c.s.SSLConnectionSocketFactory - Starting handshake
02:20:52.022 [Test worker] DEBUG o.a.h.c.s.SSLConnectionSocketFactory - Secure session established
02:20:52.022 [Test worker] DEBUG o.a.h.c.s.SSLConnectionSocketFactory -  negotiated protocol: TLSv1
02:20:52.023 [Test worker] DEBUG o.a.h.c.s.SSLConnectionSocketFactory -  negotiated cipher suite: TLS_ECDHE_RSA_WITH_AES_128_CBC_SHA
02:20:52.023 [Test worker] DEBUG o.a.h.c.s.SSLConnectionSocketFactory -  peer principal: CN=Thesis
02:20:52.023 [Test worker] DEBUG o.a.h.c.s.SSLConnectionSocketFactory -  issuer principal: EMAILADDRESS=sha@yamil.com, CN=Thesis, OU=Open, O=Fra, L=BER, ST=BER, C=DE
02:20:52.023 [Test worker] DEBUG o.a.h.i.c.DefaultHttpClientConnectionOperator - Connection established 127.0.0.1:41108<->127.0.1.1:2376
02:20:52.023 [Test worker] DEBUG o.a.h.impl.execchain.MainClientExec - Executing request GET /volumes HTTP/1.1
02:20:52.023 [Test worker] DEBUG o.a.h.impl.execchain.MainClientExec - Target auth state: UNCHALLENGED
02:20:52.023 [Test worker] DEBUG o.a.h.impl.execchain.MainClientExec - Proxy auth state: UNCHALLENGED
02:20:52.024 [Test worker] DEBUG org.apache.http.headers - http-outgoing-116 >> GET /volumes HTTP/1.1
02:20:52.024 [Test worker] DEBUG org.apache.http.headers - http-outgoing-116 >> Accept: application/json
02:20:52.024 [Test worker] DEBUG org.apache.http.headers - http-outgoing-116 >> User-Agent: Jersey/2.23.1 (Apache HttpClient 4.5.1)
02:20:52.024 [Test worker] DEBUG org.apache.http.headers - http-outgoing-116 >> Host: Thesis:2376
02:20:52.024 [Test worker] DEBUG org.apache.http.headers - http-outgoing-116 >> Connection: Keep-Alive
02:20:52.024 [Test worker] DEBUG org.apache.http.headers - http-outgoing-116 >> Accept-Encoding: gzip,deflate
02:20:52.024 [Test worker] DEBUG org.apache.http.wire - http-outgoing-116 >> "GET /volumes HTTP/1.1[\r][\n]"
02:20:52.024 [Test worker] DEBUG org.apache.http.wire - http-outgoing-116 >> "Accept: application/json[\r][\n]"
02:20:52.024 [Test worker] DEBUG org.apache.http.wire - http-outgoing-116 >> "User-Agent: Jersey/2.23.1 (Apache HttpClient 4.5.1)[\r][\n]"
02:20:52.024 [Test worker] DEBUG org.apache.http.wire - http-outgoing-116 >> "Host: Thesis:2376[\r][\n]"
02:20:52.025 [Test worker] DEBUG org.apache.http.wire - http-outgoing-116 >> "Connection: Keep-Alive[\r][\n]"
02:20:52.025 [Test worker] DEBUG org.apache.http.wire - http-outgoing-116 >> "Accept-Encoding: gzip,deflate[\r][\n]"
02:20:52.025 [Test worker] DEBUG org.apache.http.wire - http-outgoing-116 >> "[\r][\n]"
02:20:52.025 [Test worker] DEBUG org.apache.http.wire - http-outgoing-116 << "H"
02:20:52.025 [Test worker] DEBUG org.apache.http.wire - http-outgoing-116 << "TTP/1.1 200 OK[\r][\n]"
02:20:52.026 [Test worker] DEBUG org.apache.http.wire - http-outgoing-116 << "Content-Type: application/json[\r][\n]"
02:20:52.026 [Test worker] DEBUG org.apache.http.wire - http-outgoing-116 << "Server: Docker/1.12.3 (linux)[\r][\n]"
02:20:52.026 [Test worker] DEBUG org.apache.http.wire - http-outgoing-116 << "Date: Tue, 03 Jan 2017 01:20:52 GMT[\r][\n]"
02:20:52.026 [Test worker] DEBUG org.apache.http.wire - http-outgoing-116 << "Content-Length: 33[\r][\n]"
02:20:52.026 [Test worker] DEBUG org.apache.http.wire - http-outgoing-116 << "[\r][\n]"
02:20:52.026 [Test worker] DEBUG org.apache.http.wire - http-outgoing-116 << "{"Volumes":null,"Warnings":null}[\n]"
02:20:52.026 [Test worker] DEBUG org.apache.http.headers - http-outgoing-116 << HTTP/1.1 200 OK
02:20:52.026 [Test worker] DEBUG org.apache.http.headers - http-outgoing-116 << Content-Type: application/json
02:20:52.026 [Test worker] DEBUG org.apache.http.headers - http-outgoing-116 << Server: Docker/1.12.3 (linux)
02:20:52.027 [Test worker] DEBUG org.apache.http.headers - http-outgoing-116 << Date: Tue, 03 Jan 2017 01:20:52 GMT
02:20:52.027 [Test worker] DEBUG org.apache.http.headers - http-outgoing-116 << Content-Length: 33
02:20:52.027 [Test worker] DEBUG o.a.h.impl.execchain.MainClientExec - Connection can be kept alive indefinitely
02:20:52.027 [Test worker] DEBUG c.g.d.j.JerseyDockerCmdExecFactory - 6 * Client response received on thread Test worker
6 < 200
6 < Content-Length: 33
6 < Content-Type: application/json
6 < Date: Tue, 03 Jan 2017 01:20:52 GMT
6 < Server: Docker/1.12.3 (linux)
{"Volumes":null,"Warnings":null}


02:20:52.039 [Test worker] DEBUG o.a.h.i.c.DefaultManagedHttpClientConnection - http-outgoing-116: Close connection
02:20:52.039 [Test worker] DEBUG o.a.h.impl.execchain.MainClientExec - Connection discarded
02:20:52.040 [Test worker] DEBUG c.g.d.j.JerseyDockerCmdExecFactory$1 - Connection released: [id: 116][route: {s}->https://Thesis:2376][total kept alive: 1; route allocated: 1 of 2; total allocated: 1 of 20]
02:20:52.040 [Test worker] DEBUG c.g.d.core.command.AbstrDockerCmd - Cmd: MyNetwork,<null>,<null>,{},true,<null>,<null>,com.github.dockerjava.jaxrs.CreateNetworkCmdExec@3f08662f
02:20:52.040 [Test worker] DEBUG o.a.h.c.protocol.RequestAddCookies - CookieSpec selected: default
02:20:52.041 [Test worker] DEBUG o.a.h.c.protocol.RequestAuthCache - Auth cache not set in the context
02:20:52.041 [Test worker] DEBUG c.g.d.j.JerseyDockerCmdExecFactory$1 - Connection request: [route: {s}->https://Thesis:2376][total kept alive: 1; route allocated: 1 of 2; total allocated: 1 of 20]
02:20:52.041 [Test worker] DEBUG c.g.d.j.JerseyDockerCmdExecFactory$1 - Connection leased: [id: 117][route: {s}->https://Thesis:2376][total kept alive: 1; route allocated: 2 of 2; total allocated: 2 of 20]
02:20:52.041 [Test worker] DEBUG o.a.h.impl.execchain.MainClientExec - Opening connection {s}->https://Thesis:2376
02:20:52.041 [Test worker] DEBUG o.a.h.i.c.DefaultHttpClientConnectionOperator - Connecting to Thesis/127.0.1.1:2376
02:20:52.041 [Test worker] DEBUG o.a.h.c.s.SSLConnectionSocketFactory - Connecting socket to Thesis/127.0.1.1:2376 with timeout 0
02:20:52.042 [Test worker] DEBUG o.a.h.c.s.SSLConnectionSocketFactory - Enabled protocols: [TLSv1]
02:20:52.042 [Test worker] DEBUG o.a.h.c.s.SSLConnectionSocketFactory - Enabled cipher suites:[TLS_ECDHE_ECDSA_WITH_AES_128_CBC_SHA, TLS_ECDHE_RSA_WITH_AES_128_CBC_SHA, TLS_RSA_WITH_AES_128_CBC_SHA, TLS_ECDH_ECDSA_WITH_AES_128_CBC_SHA, TLS_ECDH_RSA_WITH_AES_128_CBC_SHA, TLS_DHE_RSA_WITH_AES_128_CBC_SHA, TLS_DHE_DSS_WITH_AES_128_CBC_SHA, TLS_ECDHE_ECDSA_WITH_3DES_EDE_CBC_SHA, TLS_ECDHE_RSA_WITH_3DES_EDE_CBC_SHA, SSL_RSA_WITH_3DES_EDE_CBC_SHA, TLS_ECDH_ECDSA_WITH_3DES_EDE_CBC_SHA, TLS_ECDH_RSA_WITH_3DES_EDE_CBC_SHA, SSL_DHE_RSA_WITH_3DES_EDE_CBC_SHA, SSL_DHE_DSS_WITH_3DES_EDE_CBC_SHA, TLS_ECDHE_ECDSA_WITH_RC4_128_SHA, TLS_ECDHE_RSA_WITH_RC4_128_SHA, SSL_RSA_WITH_RC4_128_SHA, TLS_ECDH_ECDSA_WITH_RC4_128_SHA, TLS_ECDH_RSA_WITH_RC4_128_SHA, SSL_RSA_WITH_RC4_128_MD5, TLS_EMPTY_RENEGOTIATION_INFO_SCSV]
02:20:52.042 [Test worker] DEBUG o.a.h.c.s.SSLConnectionSocketFactory - Starting handshake
02:20:52.116 [Test worker] DEBUG o.a.h.c.s.SSLConnectionSocketFactory - Secure session established
02:20:52.117 [Test worker] DEBUG o.a.h.c.s.SSLConnectionSocketFactory -  negotiated protocol: TLSv1
02:20:52.117 [Test worker] DEBUG o.a.h.c.s.SSLConnectionSocketFactory -  negotiated cipher suite: TLS_ECDHE_RSA_WITH_AES_128_CBC_SHA
02:20:52.117 [Test worker] DEBUG o.a.h.c.s.SSLConnectionSocketFactory -  peer principal: CN=Thesis
02:20:52.117 [Test worker] DEBUG o.a.h.c.s.SSLConnectionSocketFactory -  issuer principal: EMAILADDRESS=sha@yamil.com, CN=Thesis, OU=Open, O=Fra, L=BER, ST=BER, C=DE
02:20:52.117 [Test worker] DEBUG o.a.h.i.c.DefaultHttpClientConnectionOperator - Connection established 127.0.0.1:41110<->127.0.1.1:2376
02:20:52.117 [Test worker] DEBUG o.a.h.impl.execchain.MainClientExec - Executing request POST /networks/create HTTP/1.1
02:20:52.117 [Test worker] DEBUG o.a.h.impl.execchain.MainClientExec - Target auth state: UNCHALLENGED
02:20:52.118 [Test worker] DEBUG o.a.h.impl.execchain.MainClientExec - Proxy auth state: UNCHALLENGED
02:20:52.118 [Test worker] DEBUG org.apache.http.headers - http-outgoing-117 >> POST /networks/create HTTP/1.1
02:20:52.118 [Test worker] DEBUG org.apache.http.headers - http-outgoing-117 >> Accept: application/json
02:20:52.118 [Test worker] DEBUG org.apache.http.headers - http-outgoing-117 >> Content-Type: application/json
02:20:52.118 [Test worker] DEBUG org.apache.http.headers - http-outgoing-117 >> User-Agent: Jersey/2.23.1 (Apache HttpClient 4.5.1)
02:20:52.118 [Test worker] DEBUG org.apache.http.headers - http-outgoing-117 >> Transfer-Encoding: chunked
02:20:52.118 [Test worker] DEBUG org.apache.http.headers - http-outgoing-117 >> Host: Thesis:2376
02:20:52.119 [Test worker] DEBUG org.apache.http.headers - http-outgoing-117 >> Connection: Keep-Alive
02:20:52.119 [Test worker] DEBUG org.apache.http.headers - http-outgoing-117 >> Accept-Encoding: gzip,deflate
02:20:52.122 [Test worker] DEBUG c.g.d.j.JerseyDockerCmdExecFactory - 7 * Sending client request on thread Test worker
7 > POST https://Thesis:2376/networks/create
7 > Accept: application/json
7 > Content-Type: application/json
{"enableIPv6":null,"Name":"MyNetwork","Driver":null,"IPAM":null,"Options":{},"CheckDuplicate":true,"Internal":null,"EnableIPv6":null}

02:20:52.123 [Test worker] DEBUG org.apache.http.wire - http-outgoing-117 >> "POST /networks/create HTTP/1.1[\r][\n]"
02:20:52.123 [Test worker] DEBUG org.apache.http.wire - http-outgoing-117 >> "Accept: application/json[\r][\n]"
02:20:52.123 [Test worker] DEBUG org.apache.http.wire - http-outgoing-117 >> "Content-Type: application/json[\r][\n]"
02:20:52.123 [Test worker] DEBUG org.apache.http.wire - http-outgoing-117 >> "User-Agent: Jersey/2.23.1 (Apache HttpClient 4.5.1)[\r][\n]"
02:20:52.123 [Test worker] DEBUG org.apache.http.wire - http-outgoing-117 >> "Transfer-Encoding: chunked[\r][\n]"
02:20:52.123 [Test worker] DEBUG org.apache.http.wire - http-outgoing-117 >> "Host: Thesis:2376[\r][\n]"
02:20:52.123 [Test worker] DEBUG org.apache.http.wire - http-outgoing-117 >> "Connection: Keep-Alive[\r][\n]"
02:20:52.123 [Test worker] DEBUG org.apache.http.wire - http-outgoing-117 >> "Accept-Encoding: gzip,deflate[\r][\n]"
02:20:52.124 [Test worker] DEBUG org.apache.http.wire - http-outgoing-117 >> "[\r][\n]"
02:20:52.124 [Test worker] DEBUG org.apache.http.wire - http-outgoing-117 >> "85[\r][\n]"
02:20:52.124 [Test worker] DEBUG org.apache.http.wire - http-outgoing-117 >> "{"enableIPv6":null,"Name":"MyNetwork","Driver":null,"IPAM":null,"Options":{},"CheckDuplicate":true,"Internal":null,"EnableIPv6":null}[\r][\n]"
02:20:52.124 [Test worker] DEBUG org.apache.http.wire - http-outgoing-117 >> "0[\r][\n]"
02:20:52.124 [Test worker] DEBUG org.apache.http.wire - http-outgoing-117 >> "[\r][\n]"
02:20:52.211 [Test worker] DEBUG org.apache.http.wire - http-outgoing-117 << "H"
02:20:52.211 [Test worker] DEBUG org.apache.http.wire - http-outgoing-117 << "TTP/1.1 201 Created[\r][\n]"
02:20:52.211 [Test worker] DEBUG org.apache.http.wire - http-outgoing-117 << "Content-Type: application/json[\r][\n]"
02:20:52.211 [Test worker] DEBUG org.apache.http.wire - http-outgoing-117 << "Server: Docker/1.12.3 (linux)[\r][\n]"
02:20:52.211 [Test worker] DEBUG org.apache.http.wire - http-outgoing-117 << "Date: Tue, 03 Jan 2017 01:20:52 GMT[\r][\n]"
02:20:52.211 [Test worker] DEBUG org.apache.http.wire - http-outgoing-117 << "Content-Length: 87[\r][\n]"
02:20:52.211 [Test worker] DEBUG org.apache.http.wire - http-outgoing-117 << "[\r][\n]"
02:20:52.211 [Test worker] DEBUG org.apache.http.wire - http-outgoing-117 << "{"Id":"3ef90625aebeb865ad6cf5503d4319cb2c5d8695d4d950e1aae51f100d2b95c9","Warning":""}[\n]"
02:20:52.211 [Test worker] DEBUG org.apache.http.headers - http-outgoing-117 << HTTP/1.1 201 Created
02:20:52.211 [Test worker] DEBUG org.apache.http.headers - http-outgoing-117 << Content-Type: application/json
02:20:52.211 [Test worker] DEBUG org.apache.http.headers - http-outgoing-117 << Server: Docker/1.12.3 (linux)
02:20:52.211 [Test worker] DEBUG org.apache.http.headers - http-outgoing-117 << Date: Tue, 03 Jan 2017 01:20:52 GMT
02:20:52.211 [Test worker] DEBUG org.apache.http.headers - http-outgoing-117 << Content-Length: 87
02:20:52.211 [Test worker] DEBUG o.a.h.impl.execchain.MainClientExec - Connection can be kept alive indefinitely
02:20:52.212 [Test worker] DEBUG c.g.d.j.JerseyDockerCmdExecFactory - 8 * Client response received on thread Test worker
8 < 201
8 < Content-Length: 87
8 < Content-Type: application/json
8 < Date: Tue, 03 Jan 2017 01:20:52 GMT
8 < Server: Docker/1.12.3 (linux)
{"Id":"3ef90625aebeb865ad6cf5503d4319cb2c5d8695d4d950e1aae51f100d2b95c9","Warning":""}


02:20:52.212 [Test worker] DEBUG o.a.h.i.c.DefaultManagedHttpClientConnection - http-outgoing-117: Close connection
02:20:52.212 [Test worker] DEBUG o.a.h.impl.execchain.MainClientExec - Connection discarded
02:20:52.213 [Test worker] DEBUG c.g.d.j.JerseyDockerCmdExecFactory$1 - Connection released: [id: 117][route: {s}->https://Thesis:2376][total kept alive: 1; route allocated: 1 of 2; total allocated: 1 of 20]
02:20:52.213 [Test worker] DEBUG c.g.d.core.command.AbstrDockerCmd - Cmd: 3ef90625aebeb865ad6cf5503d4319cb2c5d8695d4d950e1aae51f100d2b95c9,com.github.dockerjava.jaxrs.InspectNetworkCmdExec@21a36416
02:20:52.213 [Test worker] DEBUG c.g.d.jaxrs.ListNetworksCmdExec - GET: JerseyWebTarget { https://Thesis:2376/networks/3ef90625aebeb865ad6cf5503d4319cb2c5d8695d4d950e1aae51f100d2b95c9 }
02:20:52.213 [Test worker] DEBUG c.g.d.j.JerseyDockerCmdExecFactory - 9 * Sending client request on thread Test worker
9 > GET https://Thesis:2376/networks/3ef90625aebeb865ad6cf5503d4319cb2c5d8695d4d950e1aae51f100d2b95c9
9 > Accept: application/json

02:20:52.213 [Test worker] DEBUG o.a.h.c.protocol.RequestAddCookies - CookieSpec selected: default
02:20:52.213 [Test worker] DEBUG o.a.h.c.protocol.RequestAuthCache - Auth cache not set in the context
02:20:52.213 [Test worker] DEBUG c.g.d.j.JerseyDockerCmdExecFactory$1 - Connection request: [route: {s}->https://Thesis:2376][total kept alive: 1; route allocated: 1 of 2; total allocated: 1 of 20]
02:20:52.213 [Test worker] DEBUG c.g.d.j.JerseyDockerCmdExecFactory$1 - Connection leased: [id: 118][route: {s}->https://Thesis:2376][total kept alive: 1; route allocated: 2 of 2; total allocated: 2 of 20]
02:20:52.213 [Test worker] DEBUG o.a.h.impl.execchain.MainClientExec - Opening connection {s}->https://Thesis:2376
02:20:52.214 [Test worker] DEBUG o.a.h.i.c.DefaultHttpClientConnectionOperator - Connecting to Thesis/127.0.1.1:2376
02:20:52.214 [Test worker] DEBUG o.a.h.c.s.SSLConnectionSocketFactory - Connecting socket to Thesis/127.0.1.1:2376 with timeout 0
02:20:52.218 [Test worker] DEBUG o.a.h.c.s.SSLConnectionSocketFactory - Enabled protocols: [TLSv1]
02:20:52.222 [Test worker] DEBUG o.a.h.c.s.SSLConnectionSocketFactory - Enabled cipher suites:[TLS_ECDHE_ECDSA_WITH_AES_128_CBC_SHA, TLS_ECDHE_RSA_WITH_AES_128_CBC_SHA, TLS_RSA_WITH_AES_128_CBC_SHA, TLS_ECDH_ECDSA_WITH_AES_128_CBC_SHA, TLS_ECDH_RSA_WITH_AES_128_CBC_SHA, TLS_DHE_RSA_WITH_AES_128_CBC_SHA, TLS_DHE_DSS_WITH_AES_128_CBC_SHA, TLS_ECDHE_ECDSA_WITH_3DES_EDE_CBC_SHA, TLS_ECDHE_RSA_WITH_3DES_EDE_CBC_SHA, SSL_RSA_WITH_3DES_EDE_CBC_SHA, TLS_ECDH_ECDSA_WITH_3DES_EDE_CBC_SHA, TLS_ECDH_RSA_WITH_3DES_EDE_CBC_SHA, SSL_DHE_RSA_WITH_3DES_EDE_CBC_SHA, SSL_DHE_DSS_WITH_3DES_EDE_CBC_SHA, TLS_ECDHE_ECDSA_WITH_RC4_128_SHA, TLS_ECDHE_RSA_WITH_RC4_128_SHA, SSL_RSA_WITH_RC4_128_SHA, TLS_ECDH_ECDSA_WITH_RC4_128_SHA, TLS_ECDH_RSA_WITH_RC4_128_SHA, SSL_RSA_WITH_RC4_128_MD5, TLS_EMPTY_RENEGOTIATION_INFO_SCSV]
02:20:52.222 [Test worker] DEBUG o.a.h.c.s.SSLConnectionSocketFactory - Starting handshake
02:20:52.327 [Test worker] DEBUG o.a.h.c.s.SSLConnectionSocketFactory - Secure session established
02:20:52.327 [Test worker] DEBUG o.a.h.c.s.SSLConnectionSocketFactory -  negotiated protocol: TLSv1
02:20:52.327 [Test worker] DEBUG o.a.h.c.s.SSLConnectionSocketFactory -  negotiated cipher suite: TLS_ECDHE_RSA_WITH_AES_128_CBC_SHA
02:20:52.327 [Test worker] DEBUG o.a.h.c.s.SSLConnectionSocketFactory -  peer principal: CN=Thesis
02:20:52.327 [Test worker] DEBUG o.a.h.c.s.SSLConnectionSocketFactory -  issuer principal: EMAILADDRESS=sha@yamil.com, CN=Thesis, OU=Open, O=Fra, L=BER, ST=BER, C=DE
02:20:52.328 [Test worker] DEBUG o.a.h.i.c.DefaultHttpClientConnectionOperator - Connection established 127.0.0.1:41112<->127.0.1.1:2376
02:20:52.328 [Test worker] DEBUG o.a.h.impl.execchain.MainClientExec - Executing request GET /networks/3ef90625aebeb865ad6cf5503d4319cb2c5d8695d4d950e1aae51f100d2b95c9 HTTP/1.1
02:20:52.328 [Test worker] DEBUG o.a.h.impl.execchain.MainClientExec - Target auth state: UNCHALLENGED
02:20:52.328 [Test worker] DEBUG o.a.h.impl.execchain.MainClientExec - Proxy auth state: UNCHALLENGED
02:20:52.328 [Test worker] DEBUG org.apache.http.headers - http-outgoing-118 >> GET /networks/3ef90625aebeb865ad6cf5503d4319cb2c5d8695d4d950e1aae51f100d2b95c9 HTTP/1.1
02:20:52.328 [Test worker] DEBUG org.apache.http.headers - http-outgoing-118 >> Accept: application/json
02:20:52.328 [Test worker] DEBUG org.apache.http.headers - http-outgoing-118 >> User-Agent: Jersey/2.23.1 (Apache HttpClient 4.5.1)
02:20:52.328 [Test worker] DEBUG org.apache.http.headers - http-outgoing-118 >> Host: Thesis:2376
02:20:52.329 [Test worker] DEBUG org.apache.http.headers - http-outgoing-118 >> Connection: Keep-Alive
02:20:52.329 [Test worker] DEBUG org.apache.http.headers - http-outgoing-118 >> Accept-Encoding: gzip,deflate
02:20:52.329 [Test worker] DEBUG org.apache.http.wire - http-outgoing-118 >> "GET /networks/3ef90625aebeb865ad6cf5503d4319cb2c5d8695d4d950e1aae51f100d2b95c9 HTTP/1.1[\r][\n]"
02:20:52.329 [Test worker] DEBUG org.apache.http.wire - http-outgoing-118 >> "Accept: application/json[\r][\n]"
02:20:52.329 [Test worker] DEBUG org.apache.http.wire - http-outgoing-118 >> "User-Agent: Jersey/2.23.1 (Apache HttpClient 4.5.1)[\r][\n]"
02:20:52.329 [Test worker] DEBUG org.apache.http.wire - http-outgoing-118 >> "Host: Thesis:2376[\r][\n]"
02:20:52.329 [Test worker] DEBUG org.apache.http.wire - http-outgoing-118 >> "Connection: Keep-Alive[\r][\n]"
02:20:52.329 [Test worker] DEBUG org.apache.http.wire - http-outgoing-118 >> "Accept-Encoding: gzip,deflate[\r][\n]"
02:20:52.329 [Test worker] DEBUG org.apache.http.wire - http-outgoing-118 >> "[\r][\n]"
02:20:52.330 [Test worker] DEBUG org.apache.http.wire - http-outgoing-118 << "H"
02:20:52.330 [Test worker] DEBUG org.apache.http.wire - http-outgoing-118 << "TTP/1.1 200 OK[\r][\n]"
02:20:52.330 [Test worker] DEBUG org.apache.http.wire - http-outgoing-118 << "Content-Type: application/json[\r][\n]"
02:20:52.331 [Test worker] DEBUG org.apache.http.wire - http-outgoing-118 << "Server: Docker/1.12.3 (linux)[\r][\n]"
02:20:52.331 [Test worker] DEBUG org.apache.http.wire - http-outgoing-118 << "Date: Tue, 03 Jan 2017 01:20:52 GMT[\r][\n]"
02:20:52.331 [Test worker] DEBUG org.apache.http.wire - http-outgoing-118 << "Content-Length: 311[\r][\n]"
02:20:52.331 [Test worker] DEBUG org.apache.http.wire - http-outgoing-118 << "[\r][\n]"
02:20:52.331 [Test worker] DEBUG org.apache.http.wire - http-outgoing-118 << "{"Name":"MyNetwork","Id":"3ef90625aebeb865ad6cf5503d4319cb2c5d8695d4d950e1aae51f100d2b95c9","Scope":"local","Driver":"bridge","EnableIPv6":false,"IPAM":{"Driver":"default","Options":null,"Config":[{"Subnet":"172.18.0.0/16","Gateway":"172.18.0.1/16"}]},"Internal":false,"Containers":{},"Options":{},"Labels":{}}[\n]"
02:20:52.331 [Test worker] DEBUG org.apache.http.headers - http-outgoing-118 << HTTP/1.1 200 OK
02:20:52.331 [Test worker] DEBUG org.apache.http.headers - http-outgoing-118 << Content-Type: application/json
02:20:52.331 [Test worker] DEBUG org.apache.http.headers - http-outgoing-118 << Server: Docker/1.12.3 (linux)
02:20:52.331 [Test worker] DEBUG org.apache.http.headers - http-outgoing-118 << Date: Tue, 03 Jan 2017 01:20:52 GMT
02:20:52.332 [Test worker] DEBUG org.apache.http.headers - http-outgoing-118 << Content-Length: 311
02:20:52.332 [Test worker] DEBUG o.a.h.impl.execchain.MainClientExec - Connection can be kept alive indefinitely
02:20:52.332 [Test worker] DEBUG c.g.d.j.JerseyDockerCmdExecFactory - 10 * Client response received on thread Test worker
10 < 200
10 < Content-Length: 311
10 < Content-Type: application/json
10 < Date: Tue, 03 Jan 2017 01:20:52 GMT
10 < Server: Docker/1.12.3 (linux)
{"Name":"MyNetwork","Id":"3ef90625aebeb865ad6cf5503d4319cb2c5d8695d4d950e1aae51f100d2b95c9","Scope":"local","Driver":"bridge","EnableIPv6":false,"IPAM":{"Driver":"default","Options":null,"Config":[{"Subnet":"172.18.0.0/16","Gateway":"172.18.0.1/16"}]},"Internal":false,"Containers":{},"Options":{},"Labels":{}}


02:20:52.333 [Test worker] DEBUG o.a.h.i.c.DefaultManagedHttpClientConnection - http-outgoing-118: Close connection
02:20:52.333 [Test worker] DEBUG o.a.h.impl.execchain.MainClientExec - Connection discarded
02:20:52.333 [Test worker] DEBUG c.g.d.j.JerseyDockerCmdExecFactory$1 - Connection released: [id: 118][route: {s}->https://Thesis:2376][total kept alive: 1; route allocated: 1 of 2; total allocated: 1 of 20]
02:20:52.334 [Test worker] DEBUG org.openbaton.docker.DockerVim - Network successfully created
02:20:52.334 [Test worker] DEBUG c.g.d.core.command.AbstrDockerCmd - Cmd: ListImagesCmdImpl[imageNameFilter=<null>,showAll=true,filters=com.github.dockerjava.core.util.FiltersBuilder@0,execution=com.github.dockerjava.jaxrs.ListImagesCmdExec@7c7b1133]
02:20:52.334 [Test worker] DEBUG c.g.d.j.JerseyDockerCmdExecFactory - 11 * Sending client request on thread Test worker
11 > GET https://Thesis:2376/images/json?all=true
11 > Accept: application/json

02:20:52.335 [Test worker] DEBUG o.a.h.c.protocol.RequestAddCookies - CookieSpec selected: default
02:20:52.335 [Test worker] DEBUG o.a.h.c.protocol.RequestAuthCache - Auth cache not set in the context
02:20:52.335 [Test worker] DEBUG c.g.d.j.JerseyDockerCmdExecFactory$1 - Connection request: [route: {s}->https://Thesis:2376][total kept alive: 1; route allocated: 1 of 2; total allocated: 1 of 20]
02:20:52.335 [Test worker] DEBUG c.g.d.j.JerseyDockerCmdExecFactory$1 - Connection leased: [id: 119][route: {s}->https://Thesis:2376][total kept alive: 1; route allocated: 2 of 2; total allocated: 2 of 20]
02:20:52.335 [Test worker] DEBUG o.a.h.impl.execchain.MainClientExec - Opening connection {s}->https://Thesis:2376
02:20:52.336 [Test worker] DEBUG o.a.h.i.c.DefaultHttpClientConnectionOperator - Connecting to Thesis/127.0.1.1:2376
02:20:52.336 [Test worker] DEBUG o.a.h.c.s.SSLConnectionSocketFactory - Connecting socket to Thesis/127.0.1.1:2376 with timeout 0
02:20:52.337 [Test worker] DEBUG o.a.h.c.s.SSLConnectionSocketFactory - Enabled protocols: [TLSv1]
02:20:52.337 [Test worker] DEBUG o.a.h.c.s.SSLConnectionSocketFactory - Enabled cipher suites:[TLS_ECDHE_ECDSA_WITH_AES_128_CBC_SHA, TLS_ECDHE_RSA_WITH_AES_128_CBC_SHA, TLS_RSA_WITH_AES_128_CBC_SHA, TLS_ECDH_ECDSA_WITH_AES_128_CBC_SHA, TLS_ECDH_RSA_WITH_AES_128_CBC_SHA, TLS_DHE_RSA_WITH_AES_128_CBC_SHA, TLS_DHE_DSS_WITH_AES_128_CBC_SHA, TLS_ECDHE_ECDSA_WITH_3DES_EDE_CBC_SHA, TLS_ECDHE_RSA_WITH_3DES_EDE_CBC_SHA, SSL_RSA_WITH_3DES_EDE_CBC_SHA, TLS_ECDH_ECDSA_WITH_3DES_EDE_CBC_SHA, TLS_ECDH_RSA_WITH_3DES_EDE_CBC_SHA, SSL_DHE_RSA_WITH_3DES_EDE_CBC_SHA, SSL_DHE_DSS_WITH_3DES_EDE_CBC_SHA, TLS_ECDHE_ECDSA_WITH_RC4_128_SHA, TLS_ECDHE_RSA_WITH_RC4_128_SHA, SSL_RSA_WITH_RC4_128_SHA, TLS_ECDH_ECDSA_WITH_RC4_128_SHA, TLS_ECDH_RSA_WITH_RC4_128_SHA, SSL_RSA_WITH_RC4_128_MD5, TLS_EMPTY_RENEGOTIATION_INFO_SCSV]
02:20:52.337 [Test worker] DEBUG o.a.h.c.s.SSLConnectionSocketFactory - Starting handshake
02:20:52.396 [Test worker] DEBUG o.a.h.c.s.SSLConnectionSocketFactory - Secure session established
02:20:52.396 [Test worker] DEBUG o.a.h.c.s.SSLConnectionSocketFactory -  negotiated protocol: TLSv1
02:20:52.396 [Test worker] DEBUG o.a.h.c.s.SSLConnectionSocketFactory -  negotiated cipher suite: TLS_ECDHE_RSA_WITH_AES_128_CBC_SHA
02:20:52.396 [Test worker] DEBUG o.a.h.c.s.SSLConnectionSocketFactory -  peer principal: CN=Thesis
02:20:52.397 [Test worker] DEBUG o.a.h.c.s.SSLConnectionSocketFactory -  issuer principal: EMAILADDRESS=sha@yamil.com, CN=Thesis, OU=Open, O=Fra, L=BER, ST=BER, C=DE
02:20:52.397 [Test worker] DEBUG o.a.h.i.c.DefaultHttpClientConnectionOperator - Connection established 127.0.0.1:41114<->127.0.1.1:2376
02:20:52.397 [Test worker] DEBUG o.a.h.impl.execchain.MainClientExec - Executing request GET /images/json?all=true HTTP/1.1
02:20:52.397 [Test worker] DEBUG o.a.h.impl.execchain.MainClientExec - Target auth state: UNCHALLENGED
02:20:52.397 [Test worker] DEBUG o.a.h.impl.execchain.MainClientExec - Proxy auth state: UNCHALLENGED
02:20:52.397 [Test worker] DEBUG org.apache.http.headers - http-outgoing-119 >> GET /images/json?all=true HTTP/1.1
02:20:52.397 [Test worker] DEBUG org.apache.http.headers - http-outgoing-119 >> Accept: application/json
02:20:52.397 [Test worker] DEBUG org.apache.http.headers - http-outgoing-119 >> User-Agent: Jersey/2.23.1 (Apache HttpClient 4.5.1)
02:20:52.398 [Test worker] DEBUG org.apache.http.headers - http-outgoing-119 >> Host: Thesis:2376
02:20:52.398 [Test worker] DEBUG org.apache.http.headers - http-outgoing-119 >> Connection: Keep-Alive
02:20:52.398 [Test worker] DEBUG org.apache.http.headers - http-outgoing-119 >> Accept-Encoding: gzip,deflate
02:20:52.398 [Test worker] DEBUG org.apache.http.wire - http-outgoing-119 >> "GET /images/json?all=true HTTP/1.1[\r][\n]"
02:20:52.398 [Test worker] DEBUG org.apache.http.wire - http-outgoing-119 >> "Accept: application/json[\r][\n]"
02:20:52.398 [Test worker] DEBUG org.apache.http.wire - http-outgoing-119 >> "User-Agent: Jersey/2.23.1 (Apache HttpClient 4.5.1)[\r][\n]"
02:20:52.398 [Test worker] DEBUG org.apache.http.wire - http-outgoing-119 >> "Host: Thesis:2376[\r][\n]"
02:20:52.398 [Test worker] DEBUG org.apache.http.wire - http-outgoing-119 >> "Connection: Keep-Alive[\r][\n]"
02:20:52.398 [Test worker] DEBUG org.apache.http.wire - http-outgoing-119 >> "Accept-Encoding: gzip,deflate[\r][\n]"
02:20:52.399 [Test worker] DEBUG org.apache.http.wire - http-outgoing-119 >> "[\r][\n]"
02:20:52.400 [Test worker] DEBUG org.apache.http.wire - http-outgoing-119 << "H"
02:20:52.400 [Test worker] DEBUG org.apache.http.wire - http-outgoing-119 << "TTP/1.1 200 OK[\r][\n]"
02:20:52.400 [Test worker] DEBUG org.apache.http.wire - http-outgoing-119 << "Content-Type: application/json[\r][\n]"
02:20:52.400 [Test worker] DEBUG org.apache.http.wire - http-outgoing-119 << "Server: Docker/1.12.3 (linux)[\r][\n]"
02:20:52.400 [Test worker] DEBUG org.apache.http.wire - http-outgoing-119 << "Date: Tue, 03 Jan 2017 01:20:52 GMT[\r][\n]"
02:20:52.400 [Test worker] DEBUG org.apache.http.wire - http-outgoing-119 << "Content-Length: 1195[\r][\n]"
02:20:52.400 [Test worker] DEBUG org.apache.http.wire - http-outgoing-119 << "[\r][\n]"
02:20:52.400 [Test worker] DEBUG org.apache.http.wire - http-outgoing-119 << "[{"Id":"sha256:4ca3a192ff2a5b7e225e81dc006b6379c10776ed3619757a65608cb72de0a7f6","ParentId":"","RepoTags":["ubuntu:latest"],"RepoDigests":["ubuntu@sha256:3b64c309deae7ab0f7dbdd42b6b326261ccd6261da5d88396439353162703fb5"],"Created":1480449877,"Size":128206574,"VirtualSize":128206574,"Labels":{}},{"Id":"sha256:aae2b63c49461fcae4962e4a8043f66acf8e3af7e62f5ebceb70b181d8ca01e0","ParentId":"","RepoTags":["ubuntu:14.04"],"RepoDigests":["ubuntu@sha256:edb984703bd3e8981ff541a5b9297ca1b81fde6e6e8094d86e390a38ebc30b4d"],"Created":1480449856,"Size":187952254,"VirtualSize":187952254,"Labels":{}},{"Id":"sha256:e02e811dd08fd49e7f6032625495118e63f597eb150403d02e3238af1df240ba","ParentId":"","RepoTags":["busybox:latest"],"RepoDigests":["busybox@sha256:29f5d56d12684887bdfa50dcd29fc31eea4aaf4ad3bec43daf19026a7ce69912"],"Created":1475874238,"Size":1093484,"VirtualSize":1093484,"Labels":{}},{"Id":"sha256:d654de4499473ed41349b54a988b6f46a7fc92e3fa2d61e102bf2660a0116e25","ParentId":"","RepoTags":["sakib37/iperf3:latest"],"RepoDigests":["sakib37/iperf3@sha256:8d80a810f8f508c074b14d02555f20110eac382c8dbda7252075392983629d40"],"Created":1474907599,"Size":199456654,"VirtualSize":199456654,"Labels":{}}][\n]"
02:20:52.401 [Test worker] DEBUG org.apache.http.headers - http-outgoing-119 << HTTP/1.1 200 OK
02:20:52.401 [Test worker] DEBUG org.apache.http.headers - http-outgoing-119 << Content-Type: application/json
02:20:52.401 [Test worker] DEBUG org.apache.http.headers - http-outgoing-119 << Server: Docker/1.12.3 (linux)
02:20:52.401 [Test worker] DEBUG org.apache.http.headers - http-outgoing-119 << Date: Tue, 03 Jan 2017 01:20:52 GMT
02:20:52.401 [Test worker] DEBUG org.apache.http.headers - http-outgoing-119 << Content-Length: 1195
02:20:52.401 [Test worker] DEBUG o.a.h.impl.execchain.MainClientExec - Connection can be kept alive indefinitely
02:20:52.401 [Test worker] DEBUG c.g.d.j.JerseyDockerCmdExecFactory - 12 * Client response received on thread Test worker
12 < 200
12 < Content-Length: 1195
12 < Content-Type: application/json
12 < Date: Tue, 03 Jan 2017 01:20:52 GMT
12 < Server: Docker/1.12.3 (linux)
[{"Id":"sha256:4ca3a192ff2a5b7e225e81dc006b6379c10776ed3619757a65608cb72de0a7f6","ParentId":"","RepoTags":["ubuntu:latest"],"RepoDigests":["ubuntu@sha256:3b64c309deae7ab0f7dbdd42b6b326261ccd6261da5d88396439353162703fb5"],"Created":1480449877,"Size":128206574,"VirtualSize":128206574,"Labels":{}},{"Id":"sha256:aae2b63c49461fcae4962e4a8043f66acf8e3af7e62f5ebceb70b181d8ca01e0","ParentId":"","RepoTags":["ubuntu:14.04"],"RepoDigests":["ubuntu@sha256:edb984703bd3e8981ff541a5b9297ca1b81fde6e6e8094d86e390a38ebc30b4d"],"Created":1480449856,"Size":187952254,"VirtualSize":187952254,"Labels":{}},{"Id":"sha256:e02e811dd08fd49e7f6032625495118e63f597eb150403d02e3238af1df240ba","ParentId":"","RepoTags":["busybox:latest"],"RepoDigests":["busybox@sha256:29f5d56d12684887bdfa50dcd29fc31eea4aaf4ad3bec43daf19026a7ce69912"],"Created":1475874238,"Size":1093484,"VirtualSize":1093484,"Labels":{}},{"Id":"sha256:d654de4499473ed41349b54a988b6f46a7fc92e3fa2d61e102bf2660a0116e25","ParentId":"","RepoTags":["sakib37/iperf3:latest"],"RepoDigests":["sakib37/iperf3@sha256:8d80a810f8f508c074b14d02555f20110eac382c8dbda7252075392983629d40"],"Created":1474907599,"Size":199456654,"VirtualSize":199456654,"Labels":{}}]


02:20:52.403 [Test worker] DEBUG o.a.h.i.c.DefaultManagedHttpClientConnection - http-outgoing-119: Close connection
02:20:52.404 [Test worker] DEBUG o.a.h.impl.execchain.MainClientExec - Connection discarded
02:20:52.404 [Test worker] DEBUG c.g.d.j.JerseyDockerCmdExecFactory$1 - Connection released: [id: 119][route: {s}->https://Thesis:2376][total kept alive: 1; route allocated: 1 of 2; total allocated: 1 of 20]
02:20:52.404 [Test worker] DEBUG c.g.d.core.command.AbstrDockerCmd - Cmd: com.github.dockerjava.core.command.CreateContainerCmdImpl@7d63c52c[name=MyContainer,hostName=MyContainer,domainName=<null>,user=<null>,attachStdin=<null>,attachStdout=<null>,attachStderr=<null>,portSpecs=<null>,tty=<null>,stdinOpen=<null>,stdInOnce=<null>,env={port=8080,TERM=xterm},cmd={sleep,99999},entrypoint=<null>,image=ubuntu:14.04,volumes=com.github.dockerjava.api.model.Volumes@21260c04,workingDir=<null>,macAddress=<null>,networkDisabled=<null>,exposedPorts=com.github.dockerjava.api.model.ExposedPorts@48deeb9c,stopSignal=<null>,hostConfig=com.github.dockerjava.api.model.HostConfig@233e7424[binds=<null>,blkioWeight=<null>,blkioWeightDevice=<null>,blkioDeviceReadBps=<null>,blkioDeviceReadIOps=<null>,blkioDeviceWriteBps=<null>,blkioDeviceWriteIOps=<null>,memorySwappiness=<null>,capAdd=<null>,capDrop=<null>,containerIDFile=<null>,cpuPeriod=<null>,cpuShares=<null>,cpuQuota=<null>,cpusetCpus=<null>,cpusetMems=<null>,devices=<null>,dns=<null>,dnsSearch=<null>,extraHosts=<null>,links=<null>,logConfig=<null>,lxcConf=<null>,memory=<null>,memorySwap=<null>,memoryReservation=<null>,kernelMemory=<null>,networkMode=<null>,oomKillDisable=<null>,oomScoreAdj=<null>,portBindings={8084/tcp=[Lcom.github.dockerjava.api.model.Ports$Binding;@6867946a},privileged=<null>,publishAllPorts=<null>,readonlyRootfs=<null>,restartPolicy=<null>,ulimits=<null>,volumesFrom=<null>,pidMode=<null>,securityOpts=<null>,cgroupParent=<null>,volumeDriver=<null>,shmSize=<null>],labels=<null>,networkingConfig=<null>,ipv4Address=<null>,ipv6Address=<null>,aliases=<null>,execution=com.github.dockerjava.jaxrs.CreateContainerCmdExec@2ed6490d]
02:20:52.411 [Test worker] DEBUG o.a.h.c.protocol.RequestAddCookies - CookieSpec selected: default
02:20:52.412 [Test worker] DEBUG o.a.h.c.protocol.RequestAuthCache - Auth cache not set in the context
02:20:52.412 [Test worker] DEBUG c.g.d.j.JerseyDockerCmdExecFactory$1 - Connection request: [route: {s}->https://Thesis:2376][total kept alive: 1; route allocated: 1 of 2; total allocated: 1 of 20]
02:20:52.412 [Test worker] DEBUG c.g.d.j.JerseyDockerCmdExecFactory$1 - Connection leased: [id: 120][route: {s}->https://Thesis:2376][total kept alive: 1; route allocated: 2 of 2; total allocated: 2 of 20]
02:20:52.412 [Test worker] DEBUG o.a.h.impl.execchain.MainClientExec - Opening connection {s}->https://Thesis:2376
02:20:52.412 [Test worker] DEBUG o.a.h.i.c.DefaultHttpClientConnectionOperator - Connecting to Thesis/127.0.1.1:2376
02:20:52.412 [Test worker] DEBUG o.a.h.c.s.SSLConnectionSocketFactory - Connecting socket to Thesis/127.0.1.1:2376 with timeout 0
02:20:52.413 [Test worker] DEBUG o.a.h.c.s.SSLConnectionSocketFactory - Enabled protocols: [TLSv1]
02:20:52.413 [Test worker] DEBUG o.a.h.c.s.SSLConnectionSocketFactory - Enabled cipher suites:[TLS_ECDHE_ECDSA_WITH_AES_128_CBC_SHA, TLS_ECDHE_RSA_WITH_AES_128_CBC_SHA, TLS_RSA_WITH_AES_128_CBC_SHA, TLS_ECDH_ECDSA_WITH_AES_128_CBC_SHA, TLS_ECDH_RSA_WITH_AES_128_CBC_SHA, TLS_DHE_RSA_WITH_AES_128_CBC_SHA, TLS_DHE_DSS_WITH_AES_128_CBC_SHA, TLS_ECDHE_ECDSA_WITH_3DES_EDE_CBC_SHA, TLS_ECDHE_RSA_WITH_3DES_EDE_CBC_SHA, SSL_RSA_WITH_3DES_EDE_CBC_SHA, TLS_ECDH_ECDSA_WITH_3DES_EDE_CBC_SHA, TLS_ECDH_RSA_WITH_3DES_EDE_CBC_SHA, SSL_DHE_RSA_WITH_3DES_EDE_CBC_SHA, SSL_DHE_DSS_WITH_3DES_EDE_CBC_SHA, TLS_ECDHE_ECDSA_WITH_RC4_128_SHA, TLS_ECDHE_RSA_WITH_RC4_128_SHA, SSL_RSA_WITH_RC4_128_SHA, TLS_ECDH_ECDSA_WITH_RC4_128_SHA, TLS_ECDH_RSA_WITH_RC4_128_SHA, SSL_RSA_WITH_RC4_128_MD5, TLS_EMPTY_RENEGOTIATION_INFO_SCSV]
02:20:52.413 [Test worker] DEBUG o.a.h.c.s.SSLConnectionSocketFactory - Starting handshake
02:20:52.475 [Test worker] DEBUG o.a.h.c.s.SSLConnectionSocketFactory - Secure session established
02:20:52.475 [Test worker] DEBUG o.a.h.c.s.SSLConnectionSocketFactory -  negotiated protocol: TLSv1
02:20:52.476 [Test worker] DEBUG o.a.h.c.s.SSLConnectionSocketFactory -  negotiated cipher suite: TLS_ECDHE_RSA_WITH_AES_128_CBC_SHA
02:20:52.476 [Test worker] DEBUG o.a.h.c.s.SSLConnectionSocketFactory -  peer principal: CN=Thesis
02:20:52.476 [Test worker] DEBUG o.a.h.c.s.SSLConnectionSocketFactory -  issuer principal: EMAILADDRESS=sha@yamil.com, CN=Thesis, OU=Open, O=Fra, L=BER, ST=BER, C=DE
02:20:52.476 [Test worker] DEBUG o.a.h.i.c.DefaultHttpClientConnectionOperator - Connection established 127.0.0.1:41116<->127.0.1.1:2376
02:20:52.476 [Test worker] DEBUG o.a.h.impl.execchain.MainClientExec - Executing request POST /containers/create?name=MyContainer HTTP/1.1
02:20:52.476 [Test worker] DEBUG o.a.h.impl.execchain.MainClientExec - Target auth state: UNCHALLENGED
02:20:52.476 [Test worker] DEBUG o.a.h.impl.execchain.MainClientExec - Proxy auth state: UNCHALLENGED
02:20:52.477 [Test worker] DEBUG org.apache.http.headers - http-outgoing-120 >> POST /containers/create?name=MyContainer HTTP/1.1
02:20:52.477 [Test worker] DEBUG org.apache.http.headers - http-outgoing-120 >> Accept: application/json
02:20:52.477 [Test worker] DEBUG org.apache.http.headers - http-outgoing-120 >> Content-Type: application/json
02:20:52.477 [Test worker] DEBUG org.apache.http.headers - http-outgoing-120 >> User-Agent: Jersey/2.23.1 (Apache HttpClient 4.5.1)
02:20:52.477 [Test worker] DEBUG org.apache.http.headers - http-outgoing-120 >> Transfer-Encoding: chunked
02:20:52.477 [Test worker] DEBUG org.apache.http.headers - http-outgoing-120 >> Host: Thesis:2376
02:20:52.477 [Test worker] DEBUG org.apache.http.headers - http-outgoing-120 >> Connection: Keep-Alive
02:20:52.477 [Test worker] DEBUG org.apache.http.headers - http-outgoing-120 >> Accept-Encoding: gzip,deflate
02:20:52.499 [Test worker] DEBUG c.g.d.j.JerseyDockerCmdExecFactory - 13 * Sending client request on thread Test worker
13 > POST https://Thesis:2376/containers/create?name=MyContainer
13 > Accept: application/json
13 > Content-Type: application/json
{"name":"MyContainer","Hostname":"MyContainer","Env":["port=8080","TERM=xterm"],"Cmd":["sleep","99999"],"Image":"ubuntu:14.04","Volumes":{},"ExposedPorts":{"8084/tcp":{}},"HostConfig":{"PortBindings":{"8084/tcp":[{"HostIp":"","HostPort":"8084"}]}}}

02:20:52.500 [Test worker] DEBUG org.apache.http.wire - http-outgoing-120 >> "POST /containers/create?name=MyContainer HTTP/1.1[\r][\n]"
02:20:52.500 [Test worker] DEBUG org.apache.http.wire - http-outgoing-120 >> "Accept: application/json[\r][\n]"
02:20:52.500 [Test worker] DEBUG org.apache.http.wire - http-outgoing-120 >> "Content-Type: application/json[\r][\n]"
02:20:52.501 [Test worker] DEBUG org.apache.http.wire - http-outgoing-120 >> "User-Agent: Jersey/2.23.1 (Apache HttpClient 4.5.1)[\r][\n]"
02:20:52.501 [Test worker] DEBUG org.apache.http.wire - http-outgoing-120 >> "Transfer-Encoding: chunked[\r][\n]"
02:20:52.501 [Test worker] DEBUG org.apache.http.wire - http-outgoing-120 >> "Host: Thesis:2376[\r][\n]"
02:20:52.501 [Test worker] DEBUG org.apache.http.wire - http-outgoing-120 >> "Connection: Keep-Alive[\r][\n]"
02:20:52.501 [Test worker] DEBUG org.apache.http.wire - http-outgoing-120 >> "Accept-Encoding: gzip,deflate[\r][\n]"
02:20:52.501 [Test worker] DEBUG org.apache.http.wire - http-outgoing-120 >> "[\r][\n]"
02:20:52.501 [Test worker] DEBUG org.apache.http.wire - http-outgoing-120 >> "f8[\r][\n]"
02:20:52.501 [Test worker] DEBUG org.apache.http.wire - http-outgoing-120 >> "{"name":"MyContainer","Hostname":"MyContainer","Env":["port=8080","TERM=xterm"],"Cmd":["sleep","99999"],"Image":"ubuntu:14.04","Volumes":{},"ExposedPorts":{"8084/tcp":{}},"HostConfig":{"PortBindings":{"8084/tcp":[{"HostIp":"","HostPort":"8084"}]}}}[\r][\n]"
02:20:52.501 [Test worker] DEBUG org.apache.http.wire - http-outgoing-120 >> "0[\r][\n]"
02:20:52.502 [Test worker] DEBUG org.apache.http.wire - http-outgoing-120 >> "[\r][\n]"
02:20:52.522 [Test worker] DEBUG org.apache.http.wire - http-outgoing-120 << "H"
02:20:52.523 [Test worker] DEBUG org.apache.http.wire - http-outgoing-120 << "TTP/1.1 201 Created[\r][\n]"
02:20:52.523 [Test worker] DEBUG org.apache.http.wire - http-outgoing-120 << "Content-Type: application/json[\r][\n]"
02:20:52.523 [Test worker] DEBUG org.apache.http.wire - http-outgoing-120 << "Server: Docker/1.12.3 (linux)[\r][\n]"
02:20:52.523 [Test worker] DEBUG org.apache.http.wire - http-outgoing-120 << "Date: Tue, 03 Jan 2017 01:20:52 GMT[\r][\n]"
02:20:52.523 [Test worker] DEBUG org.apache.http.wire - http-outgoing-120 << "Content-Length: 90[\r][\n]"
02:20:52.523 [Test worker] DEBUG org.apache.http.wire - http-outgoing-120 << "[\r][\n]"
02:20:52.523 [Test worker] DEBUG org.apache.http.wire - http-outgoing-120 << "{"Id":"6ceb7f9eecef86255a70fddf7179212cdb7f2d486ceebc0d2bebf6e63a34aa7b","Warnings":null}[\n]"
02:20:52.524 [Test worker] DEBUG org.apache.http.headers - http-outgoing-120 << HTTP/1.1 201 Created
02:20:52.524 [Test worker] DEBUG org.apache.http.headers - http-outgoing-120 << Content-Type: application/json
02:20:52.524 [Test worker] DEBUG org.apache.http.headers - http-outgoing-120 << Server: Docker/1.12.3 (linux)
02:20:52.524 [Test worker] DEBUG org.apache.http.headers - http-outgoing-120 << Date: Tue, 03 Jan 2017 01:20:52 GMT
02:20:52.524 [Test worker] DEBUG org.apache.http.headers - http-outgoing-120 << Content-Length: 90
02:20:52.524 [Test worker] DEBUG o.a.h.impl.execchain.MainClientExec - Connection can be kept alive indefinitely
02:20:52.525 [Test worker] DEBUG c.g.d.j.JerseyDockerCmdExecFactory - 14 * Client response received on thread Test worker
14 < 201
14 < Content-Length: 90
14 < Content-Type: application/json
14 < Date: Tue, 03 Jan 2017 01:20:52 GMT
14 < Server: Docker/1.12.3 (linux)
{"Id":"6ceb7f9eecef86255a70fddf7179212cdb7f2d486ceebc0d2bebf6e63a34aa7b","Warnings":null}


02:20:52.526 [Test worker] DEBUG o.a.h.i.c.DefaultManagedHttpClientConnection - http-outgoing-120: Close connection
02:20:52.526 [Test worker] DEBUG o.a.h.impl.execchain.MainClientExec - Connection discarded
02:20:52.527 [Test worker] DEBUG c.g.d.j.JerseyDockerCmdExecFactory$1 - Connection released: [id: 120][route: {s}->https://Thesis:2376][total kept alive: 1; route allocated: 1 of 2; total allocated: 1 of 20]
02:20:52.527 [Test worker] DEBUG org.openbaton.docker.DockerVim - Instance created successfully
02:20:52.527 [Test worker] DEBUG c.g.d.core.command.AbstrDockerCmd - Cmd: 6ceb7f9eecef86255a70fddf7179212cdb7f2d486ceebc0d2bebf6e63a34aa7b,com.github.dockerjava.jaxrs.StartContainerCmdExec@7ba5b6a7
02:20:52.527 [Test worker] DEBUG c.g.d.j.JerseyDockerCmdExecFactory - 15 * Sending client request on thread Test worker
15 > POST https://Thesis:2376/containers/6ceb7f9eecef86255a70fddf7179212cdb7f2d486ceebc0d2bebf6e63a34aa7b/start
15 > Accept: application/json

02:20:52.528 [Test worker] DEBUG o.a.h.c.protocol.RequestAddCookies - CookieSpec selected: default
02:20:52.528 [Test worker] DEBUG o.a.h.c.protocol.RequestAuthCache - Auth cache not set in the context
02:20:52.528 [Test worker] DEBUG c.g.d.j.JerseyDockerCmdExecFactory$1 - Connection request: [route: {s}->https://Thesis:2376][total kept alive: 1; route allocated: 1 of 2; total allocated: 1 of 20]
02:20:52.528 [Test worker] DEBUG c.g.d.j.JerseyDockerCmdExecFactory$1 - Connection leased: [id: 121][route: {s}->https://Thesis:2376][total kept alive: 1; route allocated: 2 of 2; total allocated: 2 of 20]
02:20:52.528 [Test worker] DEBUG o.a.h.impl.execchain.MainClientExec - Opening connection {s}->https://Thesis:2376
02:20:52.529 [Test worker] DEBUG o.a.h.i.c.DefaultHttpClientConnectionOperator - Connecting to Thesis/127.0.1.1:2376
02:20:52.529 [Test worker] DEBUG o.a.h.c.s.SSLConnectionSocketFactory - Connecting socket to Thesis/127.0.1.1:2376 with timeout 0
02:20:52.529 [Test worker] DEBUG o.a.h.c.s.SSLConnectionSocketFactory - Enabled protocols: [TLSv1]
02:20:52.530 [Test worker] DEBUG o.a.h.c.s.SSLConnectionSocketFactory - Enabled cipher suites:[TLS_ECDHE_ECDSA_WITH_AES_128_CBC_SHA, TLS_ECDHE_RSA_WITH_AES_128_CBC_SHA, TLS_RSA_WITH_AES_128_CBC_SHA, TLS_ECDH_ECDSA_WITH_AES_128_CBC_SHA, TLS_ECDH_RSA_WITH_AES_128_CBC_SHA, TLS_DHE_RSA_WITH_AES_128_CBC_SHA, TLS_DHE_DSS_WITH_AES_128_CBC_SHA, TLS_ECDHE_ECDSA_WITH_3DES_EDE_CBC_SHA, TLS_ECDHE_RSA_WITH_3DES_EDE_CBC_SHA, SSL_RSA_WITH_3DES_EDE_CBC_SHA, TLS_ECDH_ECDSA_WITH_3DES_EDE_CBC_SHA, TLS_ECDH_RSA_WITH_3DES_EDE_CBC_SHA, SSL_DHE_RSA_WITH_3DES_EDE_CBC_SHA, SSL_DHE_DSS_WITH_3DES_EDE_CBC_SHA, TLS_ECDHE_ECDSA_WITH_RC4_128_SHA, TLS_ECDHE_RSA_WITH_RC4_128_SHA, SSL_RSA_WITH_RC4_128_SHA, TLS_ECDH_ECDSA_WITH_RC4_128_SHA, TLS_ECDH_RSA_WITH_RC4_128_SHA, SSL_RSA_WITH_RC4_128_MD5, TLS_EMPTY_RENEGOTIATION_INFO_SCSV]
02:20:52.530 [Test worker] DEBUG o.a.h.c.s.SSLConnectionSocketFactory - Starting handshake
02:20:52.589 [Test worker] DEBUG o.a.h.c.s.SSLConnectionSocketFactory - Secure session established
02:20:52.589 [Test worker] DEBUG o.a.h.c.s.SSLConnectionSocketFactory -  negotiated protocol: TLSv1
02:20:52.590 [Test worker] DEBUG o.a.h.c.s.SSLConnectionSocketFactory -  negotiated cipher suite: TLS_ECDHE_RSA_WITH_AES_128_CBC_SHA
02:20:52.590 [Test worker] DEBUG o.a.h.c.s.SSLConnectionSocketFactory -  peer principal: CN=Thesis
02:20:52.590 [Test worker] DEBUG o.a.h.c.s.SSLConnectionSocketFactory -  issuer principal: EMAILADDRESS=sha@yamil.com, CN=Thesis, OU=Open, O=Fra, L=BER, ST=BER, C=DE
02:20:52.590 [Test worker] DEBUG o.a.h.i.c.DefaultHttpClientConnectionOperator - Connection established 127.0.0.1:41118<->127.0.1.1:2376
02:20:52.590 [Test worker] DEBUG o.a.h.impl.execchain.MainClientExec - Executing request POST /containers/6ceb7f9eecef86255a70fddf7179212cdb7f2d486ceebc0d2bebf6e63a34aa7b/start HTTP/1.1
02:20:52.590 [Test worker] DEBUG o.a.h.impl.execchain.MainClientExec - Target auth state: UNCHALLENGED
02:20:52.590 [Test worker] DEBUG o.a.h.impl.execchain.MainClientExec - Proxy auth state: UNCHALLENGED
02:20:52.591 [Test worker] DEBUG org.apache.http.headers - http-outgoing-121 >> POST /containers/6ceb7f9eecef86255a70fddf7179212cdb7f2d486ceebc0d2bebf6e63a34aa7b/start HTTP/1.1
02:20:52.591 [Test worker] DEBUG org.apache.http.headers - http-outgoing-121 >> Accept: application/json
02:20:52.591 [Test worker] DEBUG org.apache.http.headers - http-outgoing-121 >> User-Agent: Jersey/2.23.1 (Apache HttpClient 4.5.1)
02:20:52.591 [Test worker] DEBUG org.apache.http.headers - http-outgoing-121 >> Host: Thesis:2376
02:20:52.591 [Test worker] DEBUG org.apache.http.headers - http-outgoing-121 >> Connection: Keep-Alive
02:20:52.591 [Test worker] DEBUG org.apache.http.headers - http-outgoing-121 >> Accept-Encoding: gzip,deflate
02:20:52.591 [Test worker] DEBUG org.apache.http.wire - http-outgoing-121 >> "POST /containers/6ceb7f9eecef86255a70fddf7179212cdb7f2d486ceebc0d2bebf6e63a34aa7b/start HTTP/1.1[\r][\n]"
02:20:52.591 [Test worker] DEBUG org.apache.http.wire - http-outgoing-121 >> "Accept: application/json[\r][\n]"
02:20:52.591 [Test worker] DEBUG org.apache.http.wire - http-outgoing-121 >> "User-Agent: Jersey/2.23.1 (Apache HttpClient 4.5.1)[\r][\n]"
02:20:52.592 [Test worker] DEBUG org.apache.http.wire - http-outgoing-121 >> "Host: Thesis:2376[\r][\n]"
02:20:52.592 [Test worker] DEBUG org.apache.http.wire - http-outgoing-121 >> "Connection: Keep-Alive[\r][\n]"
02:20:52.592 [Test worker] DEBUG org.apache.http.wire - http-outgoing-121 >> "Accept-Encoding: gzip,deflate[\r][\n]"
02:20:52.592 [Test worker] DEBUG org.apache.http.wire - http-outgoing-121 >> "[\r][\n]"
02:20:52.752 [Test worker] DEBUG org.apache.http.wire - http-outgoing-121 << "H"
02:20:52.752 [Test worker] DEBUG org.apache.http.wire - http-outgoing-121 << "TTP/1.1 204 No Content[\r][\n]"
02:20:52.752 [Test worker] DEBUG org.apache.http.wire - http-outgoing-121 << "Server: Docker/1.12.3 (linux)[\r][\n]"
02:20:52.752 [Test worker] DEBUG org.apache.http.wire - http-outgoing-121 << "Date: Tue, 03 Jan 2017 01:20:52 GMT[\r][\n]"
02:20:52.752 [Test worker] DEBUG org.apache.http.wire - http-outgoing-121 << "[\r][\n]"
02:20:52.752 [Test worker] DEBUG org.apache.http.headers - http-outgoing-121 << HTTP/1.1 204 No Content
02:20:52.752 [Test worker] DEBUG org.apache.http.headers - http-outgoing-121 << Server: Docker/1.12.3 (linux)
02:20:52.752 [Test worker] DEBUG org.apache.http.headers - http-outgoing-121 << Date: Tue, 03 Jan 2017 01:20:52 GMT
02:20:52.752 [Test worker] DEBUG o.a.h.impl.execchain.MainClientExec - Connection can be kept alive indefinitely
02:20:52.752 [Test worker] DEBUG c.g.d.j.JerseyDockerCmdExecFactory$1 - Connection [id: 121][route: {s}->https://Thesis:2376][state: CN=Thesis] can be kept alive indefinitely
02:20:52.752 [Test worker] DEBUG c.g.d.j.JerseyDockerCmdExecFactory$1 - Connection released: [id: 121][route: {s}->https://Thesis:2376][state: CN=Thesis][total kept alive: 2; route allocated: 2 of 2; total allocated: 2 of 20]
02:20:52.753 [Test worker] DEBUG c.g.d.j.JerseyDockerCmdExecFactory - 16 * Client response received on thread Test worker
16 < 204
16 < Date: Tue, 03 Jan 2017 01:20:52 GMT
16 < Server: Docker/1.12.3 (linux)

02:20:52.753 [Test worker] DEBUG c.g.d.core.command.AbstrDockerCmd - Cmd: ListImagesCmdImpl[imageNameFilter=<null>,showAll=true,filters=com.github.dockerjava.core.util.FiltersBuilder@0,execution=com.github.dockerjava.jaxrs.ListImagesCmdExec@34febe70]
02:20:52.753 [Test worker] DEBUG c.g.d.j.JerseyDockerCmdExecFactory - 17 * Sending client request on thread Test worker
17 > GET https://Thesis:2376/images/json?all=true
17 > Accept: application/json

02:20:52.753 [Test worker] DEBUG o.a.h.c.protocol.RequestAddCookies - CookieSpec selected: default
02:20:52.754 [Test worker] DEBUG o.a.h.c.protocol.RequestAuthCache - Auth cache not set in the context
02:20:52.754 [Test worker] DEBUG c.g.d.j.JerseyDockerCmdExecFactory$1 - Connection request: [route: {s}->https://Thesis:2376][total kept alive: 2; route allocated: 2 of 2; total allocated: 2 of 20]
02:20:52.754 [Test worker] DEBUG o.a.h.i.c.DefaultManagedHttpClientConnection - http-outgoing-114: Close connection
02:20:52.754 [Test worker] DEBUG c.g.d.j.JerseyDockerCmdExecFactory$1 - Connection leased: [id: 122][route: {s}->https://Thesis:2376][total kept alive: 1; route allocated: 2 of 2; total allocated: 2 of 20]
02:20:52.754 [Test worker] DEBUG o.a.h.impl.execchain.MainClientExec - Opening connection {s}->https://Thesis:2376
02:20:52.754 [Test worker] DEBUG o.a.h.i.c.DefaultHttpClientConnectionOperator - Connecting to Thesis/127.0.1.1:2376
02:20:52.754 [Test worker] DEBUG o.a.h.c.s.SSLConnectionSocketFactory - Connecting socket to Thesis/127.0.1.1:2376 with timeout 0
02:20:52.756 [Test worker] DEBUG o.a.h.c.s.SSLConnectionSocketFactory - Enabled protocols: [TLSv1]
02:20:52.756 [Test worker] DEBUG o.a.h.c.s.SSLConnectionSocketFactory - Enabled cipher suites:[TLS_ECDHE_ECDSA_WITH_AES_128_CBC_SHA, TLS_ECDHE_RSA_WITH_AES_128_CBC_SHA, TLS_RSA_WITH_AES_128_CBC_SHA, TLS_ECDH_ECDSA_WITH_AES_128_CBC_SHA, TLS_ECDH_RSA_WITH_AES_128_CBC_SHA, TLS_DHE_RSA_WITH_AES_128_CBC_SHA, TLS_DHE_DSS_WITH_AES_128_CBC_SHA, TLS_ECDHE_ECDSA_WITH_3DES_EDE_CBC_SHA, TLS_ECDHE_RSA_WITH_3DES_EDE_CBC_SHA, SSL_RSA_WITH_3DES_EDE_CBC_SHA, TLS_ECDH_ECDSA_WITH_3DES_EDE_CBC_SHA, TLS_ECDH_RSA_WITH_3DES_EDE_CBC_SHA, SSL_DHE_RSA_WITH_3DES_EDE_CBC_SHA, SSL_DHE_DSS_WITH_3DES_EDE_CBC_SHA, TLS_ECDHE_ECDSA_WITH_RC4_128_SHA, TLS_ECDHE_RSA_WITH_RC4_128_SHA, SSL_RSA_WITH_RC4_128_SHA, TLS_ECDH_ECDSA_WITH_RC4_128_SHA, TLS_ECDH_RSA_WITH_RC4_128_SHA, SSL_RSA_WITH_RC4_128_MD5, TLS_EMPTY_RENEGOTIATION_INFO_SCSV]
02:20:52.757 [Test worker] DEBUG o.a.h.c.s.SSLConnectionSocketFactory - Starting handshake
02:20:52.832 [Test worker] DEBUG o.a.h.c.s.SSLConnectionSocketFactory - Secure session established
02:20:52.832 [Test worker] DEBUG o.a.h.c.s.SSLConnectionSocketFactory -  negotiated protocol: TLSv1
02:20:52.832 [Test worker] DEBUG o.a.h.c.s.SSLConnectionSocketFactory -  negotiated cipher suite: TLS_ECDHE_RSA_WITH_AES_128_CBC_SHA
02:20:52.832 [Test worker] DEBUG o.a.h.c.s.SSLConnectionSocketFactory -  peer principal: CN=Thesis
02:20:52.832 [Test worker] DEBUG o.a.h.c.s.SSLConnectionSocketFactory -  issuer principal: EMAILADDRESS=sha@yamil.com, CN=Thesis, OU=Open, O=Fra, L=BER, ST=BER, C=DE
02:20:52.832 [Test worker] DEBUG o.a.h.i.c.DefaultHttpClientConnectionOperator - Connection established 127.0.0.1:41120<->127.0.1.1:2376
02:20:52.833 [Test worker] DEBUG o.a.h.impl.execchain.MainClientExec - Executing request GET /images/json?all=true HTTP/1.1
02:20:52.833 [Test worker] DEBUG o.a.h.impl.execchain.MainClientExec - Target auth state: UNCHALLENGED
02:20:52.833 [Test worker] DEBUG o.a.h.impl.execchain.MainClientExec - Proxy auth state: UNCHALLENGED
02:20:52.833 [Test worker] DEBUG org.apache.http.headers - http-outgoing-122 >> GET /images/json?all=true HTTP/1.1
02:20:52.833 [Test worker] DEBUG org.apache.http.headers - http-outgoing-122 >> Accept: application/json
02:20:52.833 [Test worker] DEBUG org.apache.http.headers - http-outgoing-122 >> User-Agent: Jersey/2.23.1 (Apache HttpClient 4.5.1)
02:20:52.833 [Test worker] DEBUG org.apache.http.headers - http-outgoing-122 >> Host: Thesis:2376
02:20:52.833 [Test worker] DEBUG org.apache.http.headers - http-outgoing-122 >> Connection: Keep-Alive
02:20:52.833 [Test worker] DEBUG org.apache.http.headers - http-outgoing-122 >> Accept-Encoding: gzip,deflate
02:20:52.834 [Test worker] DEBUG org.apache.http.wire - http-outgoing-122 >> "GET /images/json?all=true HTTP/1.1[\r][\n]"
02:20:52.834 [Test worker] DEBUG org.apache.http.wire - http-outgoing-122 >> "Accept: application/json[\r][\n]"
02:20:52.834 [Test worker] DEBUG org.apache.http.wire - http-outgoing-122 >> "User-Agent: Jersey/2.23.1 (Apache HttpClient 4.5.1)[\r][\n]"
02:20:52.834 [Test worker] DEBUG org.apache.http.wire - http-outgoing-122 >> "Host: Thesis:2376[\r][\n]"
02:20:52.834 [Test worker] DEBUG org.apache.http.wire - http-outgoing-122 >> "Connection: Keep-Alive[\r][\n]"
02:20:52.834 [Test worker] DEBUG org.apache.http.wire - http-outgoing-122 >> "Accept-Encoding: gzip,deflate[\r][\n]"
02:20:52.834 [Test worker] DEBUG org.apache.http.wire - http-outgoing-122 >> "[\r][\n]"
02:20:52.835 [Test worker] DEBUG org.apache.http.wire - http-outgoing-122 << "H"
02:20:52.835 [Test worker] DEBUG org.apache.http.wire - http-outgoing-122 << "TTP/1.1 200 OK[\r][\n]"
02:20:52.835 [Test worker] DEBUG org.apache.http.wire - http-outgoing-122 << "Content-Type: application/json[\r][\n]"
02:20:52.836 [Test worker] DEBUG org.apache.http.wire - http-outgoing-122 << "Server: Docker/1.12.3 (linux)[\r][\n]"
02:20:52.836 [Test worker] DEBUG org.apache.http.wire - http-outgoing-122 << "Date: Tue, 03 Jan 2017 01:20:52 GMT[\r][\n]"
02:20:52.836 [Test worker] DEBUG org.apache.http.wire - http-outgoing-122 << "Content-Length: 1195[\r][\n]"
02:20:52.836 [Test worker] DEBUG org.apache.http.wire - http-outgoing-122 << "[\r][\n]"
02:20:52.836 [Test worker] DEBUG org.apache.http.wire - http-outgoing-122 << "[{"Id":"sha256:4ca3a192ff2a5b7e225e81dc006b6379c10776ed3619757a65608cb72de0a7f6","ParentId":"","RepoTags":["ubuntu:latest"],"RepoDigests":["ubuntu@sha256:3b64c309deae7ab0f7dbdd42b6b326261ccd6261da5d88396439353162703fb5"],"Created":1480449877,"Size":128206574,"VirtualSize":128206574,"Labels":{}},{"Id":"sha256:aae2b63c49461fcae4962e4a8043f66acf8e3af7e62f5ebceb70b181d8ca01e0","ParentId":"","RepoTags":["ubuntu:14.04"],"RepoDigests":["ubuntu@sha256:edb984703bd3e8981ff541a5b9297ca1b81fde6e6e8094d86e390a38ebc30b4d"],"Created":1480449856,"Size":187952254,"VirtualSize":187952254,"Labels":{}},{"Id":"sha256:e02e811dd08fd49e7f6032625495118e63f597eb150403d02e3238af1df240ba","ParentId":"","RepoTags":["busybox:latest"],"RepoDigests":["busybox@sha256:29f5d56d12684887bdfa50dcd29fc31eea4aaf4ad3bec43daf19026a7ce69912"],"Created":1475874238,"Size":1093484,"VirtualSize":1093484,"Labels":{}},{"Id":"sha256:d654de4499473ed41349b54a988b6f46a7fc92e3fa2d61e102bf2660a0116e25","ParentId":"","RepoTags":["sakib37/iperf3:latest"],"RepoDigests":["sakib37/iperf3@sha256:8d80a810f8f508c074b14d02555f20110eac382c8dbda7252075392983629d40"],"Created":1474907599,"Size":199456654,"VirtualSize":199456654,"Labels":{}}][\n]"
02:20:52.836 [Test worker] DEBUG org.apache.http.headers - http-outgoing-122 << HTTP/1.1 200 OK
02:20:52.836 [Test worker] DEBUG org.apache.http.headers - http-outgoing-122 << Content-Type: application/json
02:20:52.836 [Test worker] DEBUG org.apache.http.headers - http-outgoing-122 << Server: Docker/1.12.3 (linux)
02:20:52.837 [Test worker] DEBUG org.apache.http.headers - http-outgoing-122 << Date: Tue, 03 Jan 2017 01:20:52 GMT
02:20:52.837 [Test worker] DEBUG org.apache.http.headers - http-outgoing-122 << Content-Length: 1195
02:20:52.837 [Test worker] DEBUG o.a.h.impl.execchain.MainClientExec - Connection can be kept alive indefinitely
02:20:52.837 [Test worker] DEBUG c.g.d.j.JerseyDockerCmdExecFactory - 18 * Client response received on thread Test worker
18 < 200
18 < Content-Length: 1195
18 < Content-Type: application/json
18 < Date: Tue, 03 Jan 2017 01:20:52 GMT
18 < Server: Docker/1.12.3 (linux)
[{"Id":"sha256:4ca3a192ff2a5b7e225e81dc006b6379c10776ed3619757a65608cb72de0a7f6","ParentId":"","RepoTags":["ubuntu:latest"],"RepoDigests":["ubuntu@sha256:3b64c309deae7ab0f7dbdd42b6b326261ccd6261da5d88396439353162703fb5"],"Created":1480449877,"Size":128206574,"VirtualSize":128206574,"Labels":{}},{"Id":"sha256:aae2b63c49461fcae4962e4a8043f66acf8e3af7e62f5ebceb70b181d8ca01e0","ParentId":"","RepoTags":["ubuntu:14.04"],"RepoDigests":["ubuntu@sha256:edb984703bd3e8981ff541a5b9297ca1b81fde6e6e8094d86e390a38ebc30b4d"],"Created":1480449856,"Size":187952254,"VirtualSize":187952254,"Labels":{}},{"Id":"sha256:e02e811dd08fd49e7f6032625495118e63f597eb150403d02e3238af1df240ba","ParentId":"","RepoTags":["busybox:latest"],"RepoDigests":["busybox@sha256:29f5d56d12684887bdfa50dcd29fc31eea4aaf4ad3bec43daf19026a7ce69912"],"Created":1475874238,"Size":1093484,"VirtualSize":1093484,"Labels":{}},{"Id":"sha256:d654de4499473ed41349b54a988b6f46a7fc92e3fa2d61e102bf2660a0116e25","ParentId":"","RepoTags":["sakib37/iperf3:latest"],"RepoDigests":["sakib37/iperf3@sha256:8d80a810f8f508c074b14d02555f20110eac382c8dbda7252075392983629d40"],"Created":1474907599,"Size":199456654,"VirtualSize":199456654,"Labels":{}}]


02:20:52.838 [Test worker] DEBUG o.a.h.i.c.DefaultManagedHttpClientConnection - http-outgoing-122: Close connection
02:20:52.839 [Test worker] DEBUG o.a.h.impl.execchain.MainClientExec - Connection discarded
02:20:52.839 [Test worker] DEBUG c.g.d.j.JerseyDockerCmdExecFactory$1 - Connection released: [id: 122][route: {s}->https://Thesis:2376][total kept alive: 1; route allocated: 1 of 2; total allocated: 1 of 20]
02:20:52.839 [Test worker] DEBUG org.openbaton.docker.DockerVim - Found a docker image, transformed into a NFV Image Image{id='sha256:aae2b63c49461fcae4962e4a8043f66acf8e3af7e62f5ebceb70b181d8ca01e0', name='ubuntu:14.04', version=0, extId='null', minRam='0', minDiskSpace='0', minCPU='null', public='true', diskFormat='null', containerFormat='docker', created='Sun Jan 18 04:14:09 CET 1970', updated='null'}
02:20:52.841 [Test worker] DEBUG c.g.d.core.command.AbstrDockerCmd - Cmd: com.github.dockerjava.core.command.CopyArchiveToContainerCmdImpl@538f318b[cp ,/home/sakib/docker-plugin/src/test/data, ,6ceb7f9eecef86255a70fddf7179212cdb7f2d486ceebc0d2bebf6e63a34aa7b,:,/]
02:20:52.842 [Test worker] DEBUG o.a.h.c.protocol.RequestAddCookies - CookieSpec selected: default
02:20:52.842 [Test worker] DEBUG o.a.h.c.protocol.RequestAuthCache - Auth cache not set in the context
02:20:52.842 [Test worker] DEBUG c.g.d.j.JerseyDockerCmdExecFactory$1 - Connection request: [route: {s}->https://Thesis:2376][total kept alive: 1; route allocated: 1 of 2; total allocated: 1 of 20]
02:20:52.842 [Test worker] DEBUG c.g.d.j.JerseyDockerCmdExecFactory$1 - Connection leased: [id: 123][route: {s}->https://Thesis:2376][total kept alive: 1; route allocated: 2 of 2; total allocated: 2 of 20]
02:20:52.842 [Test worker] DEBUG o.a.h.impl.execchain.MainClientExec - Opening connection {s}->https://Thesis:2376
02:20:52.843 [Test worker] DEBUG o.a.h.i.c.DefaultHttpClientConnectionOperator - Connecting to Thesis/127.0.1.1:2376
02:20:52.843 [Test worker] DEBUG o.a.h.c.s.SSLConnectionSocketFactory - Connecting socket to Thesis/127.0.1.1:2376 with timeout 0
02:20:52.844 [Test worker] DEBUG o.a.h.c.s.SSLConnectionSocketFactory - Enabled protocols: [TLSv1]
02:20:52.844 [Test worker] DEBUG o.a.h.c.s.SSLConnectionSocketFactory - Enabled cipher suites:[TLS_ECDHE_ECDSA_WITH_AES_128_CBC_SHA, TLS_ECDHE_RSA_WITH_AES_128_CBC_SHA, TLS_RSA_WITH_AES_128_CBC_SHA, TLS_ECDH_ECDSA_WITH_AES_128_CBC_SHA, TLS_ECDH_RSA_WITH_AES_128_CBC_SHA, TLS_DHE_RSA_WITH_AES_128_CBC_SHA, TLS_DHE_DSS_WITH_AES_128_CBC_SHA, TLS_ECDHE_ECDSA_WITH_3DES_EDE_CBC_SHA, TLS_ECDHE_RSA_WITH_3DES_EDE_CBC_SHA, SSL_RSA_WITH_3DES_EDE_CBC_SHA, TLS_ECDH_ECDSA_WITH_3DES_EDE_CBC_SHA, TLS_ECDH_RSA_WITH_3DES_EDE_CBC_SHA, SSL_DHE_RSA_WITH_3DES_EDE_CBC_SHA, SSL_DHE_DSS_WITH_3DES_EDE_CBC_SHA, TLS_ECDHE_ECDSA_WITH_RC4_128_SHA, TLS_ECDHE_RSA_WITH_RC4_128_SHA, SSL_RSA_WITH_RC4_128_SHA, TLS_ECDH_ECDSA_WITH_RC4_128_SHA, TLS_ECDH_RSA_WITH_RC4_128_SHA, SSL_RSA_WITH_RC4_128_MD5, TLS_EMPTY_RENEGOTIATION_INFO_SCSV]
02:20:52.844 [Test worker] DEBUG o.a.h.c.s.SSLConnectionSocketFactory - Starting handshake
02:20:52.902 [Test worker] DEBUG o.a.h.c.s.SSLConnectionSocketFactory - Secure session established
02:20:52.903 [Test worker] DEBUG o.a.h.c.s.SSLConnectionSocketFactory -  negotiated protocol: TLSv1
02:20:52.903 [Test worker] DEBUG o.a.h.c.s.SSLConnectionSocketFactory -  negotiated cipher suite: TLS_ECDHE_RSA_WITH_AES_128_CBC_SHA
02:20:52.903 [Test worker] DEBUG o.a.h.c.s.SSLConnectionSocketFactory -  peer principal: CN=Thesis
02:20:52.903 [Test worker] DEBUG o.a.h.c.s.SSLConnectionSocketFactory -  issuer principal: EMAILADDRESS=sha@yamil.com, CN=Thesis, OU=Open, O=Fra, L=BER, ST=BER, C=DE
02:20:52.903 [Test worker] DEBUG o.a.h.i.c.DefaultHttpClientConnectionOperator - Connection established 127.0.0.1:41122<->127.0.1.1:2376
02:20:52.903 [Test worker] DEBUG o.a.h.impl.execchain.MainClientExec - Executing request PUT /containers/6ceb7f9eecef86255a70fddf7179212cdb7f2d486ceebc0d2bebf6e63a34aa7b/archive?path=%2F&noOverwriteDirNonDir=false HTTP/1.1
02:20:52.904 [Test worker] DEBUG o.a.h.impl.execchain.MainClientExec - Target auth state: UNCHALLENGED
02:20:52.904 [Test worker] DEBUG o.a.h.impl.execchain.MainClientExec - Proxy auth state: UNCHALLENGED
02:20:52.904 [Test worker] DEBUG org.apache.http.headers - http-outgoing-123 >> PUT /containers/6ceb7f9eecef86255a70fddf7179212cdb7f2d486ceebc0d2bebf6e63a34aa7b/archive?path=%2F&noOverwriteDirNonDir=false HTTP/1.1
02:20:52.904 [Test worker] DEBUG org.apache.http.headers - http-outgoing-123 >> Content-Type: application/x-tar
02:20:52.904 [Test worker] DEBUG org.apache.http.headers - http-outgoing-123 >> User-Agent: Jersey/2.23.1 (Apache HttpClient 4.5.1)
02:20:52.904 [Test worker] DEBUG org.apache.http.headers - http-outgoing-123 >> Transfer-Encoding: chunked
02:20:52.907 [Test worker] DEBUG org.apache.http.headers - http-outgoing-123 >> Host: Thesis:2376
02:20:52.907 [Test worker] DEBUG org.apache.http.headers - http-outgoing-123 >> Connection: Keep-Alive
02:20:52.907 [Test worker] DEBUG org.apache.http.headers - http-outgoing-123 >> Accept-Encoding: gzip,deflate
02:20:52.908 [Test worker] DEBUG c.g.d.j.JerseyDockerCmdExecFactory - 19 * Sending client request on thread Test worker
19 > PUT https://Thesis:2376/containers/6ceb7f9eecef86255a70fddf7179212cdb7f2d486ceebc0d2bebf6e63a34aa7b/archive?path=%2F&noOverwriteDirNonDir=false
19 > Content-Type: application/x-tar
?�???????���Ak�0??p��?oγM��'w?�???�]b?M�YI�����?�?�@���]]>&#x7f;<![CDATA[??�潴���uڻ.!�"W�D�{oƙ?r��I6?�Ȅ��G���j??k?�xn���]`k]]>&#x7f;<![CDATA[���g?��n��`/�#��c�R������L~��]]>&#x7f;<![CDATA[]]>&#x7f;<![CDATA[���.]�`�d�xY>��OӴ9?�j�v[�pu(,}]]>&#x7f;<![CDATA[f
[Q�O?4�Z�?e����u�⥩>_?�?FGǖ���w��� �5N���v�<���fS�Rq��Ϊ[�F????????????????���?x��-?(??

02:20:52.908 [Test worker] DEBUG org.apache.http.wire - http-outgoing-123 >> "PUT /containers/6ceb7f9eecef86255a70fddf7179212cdb7f2d486ceebc0d2bebf6e63a34aa7b/archive?path=%2F&noOverwriteDirNonDir=false HTTP/1.1[\r][\n]"
02:20:52.909 [Test worker] DEBUG org.apache.http.wire - http-outgoing-123 >> "Content-Type: application/x-tar[\r][\n]"
02:20:52.909 [Test worker] DEBUG org.apache.http.wire - http-outgoing-123 >> "User-Agent: Jersey/2.23.1 (Apache HttpClient 4.5.1)[\r][\n]"
02:20:52.909 [Test worker] DEBUG org.apache.http.wire - http-outgoing-123 >> "Transfer-Encoding: chunked[\r][\n]"
02:20:52.909 [Test worker] DEBUG org.apache.http.wire - http-outgoing-123 >> "Host: Thesis:2376[\r][\n]"
02:20:52.909 [Test worker] DEBUG org.apache.http.wire - http-outgoing-123 >> "Connection: Keep-Alive[\r][\n]"
02:20:52.909 [Test worker] DEBUG org.apache.http.wire - http-outgoing-123 >> "Accept-Encoding: gzip,deflate[\r][\n]"
02:20:52.909 [Test worker] DEBUG org.apache.http.wire - http-outgoing-123 >> "[\r][\n]"
02:20:52.909 [Test worker] DEBUG org.apache.http.wire - http-outgoing-123 >> "112[\r][\n]"
02:20:52.909 [Test worker] DEBUG org.apache.http.wire - http-outgoing-123 >> "[0x1f][0x8b][0x8][0x0][0x0][0x0][0x0][0x0][0x0][0xff][0xed][0xd2]Ak[0xc2]0[0x14][0x7]p[0xcf][0xfd][0x14]o[0xce][0xb3]M[0x8d][0xb1]'w[0x19][0xdb][0x10][0x4][0xf][0xdb]]b[0x1b]M[0xc0]YI[0x9e][0xf8][0xf5][0x97][0xb6][0x1b][0xb8][0x1e][0xc6]@[0x9d][0x87][0xfd]]]>&#x7f;<![CDATA[[0x14][0x1a][0x9a][0xe6][0xbd][0xb4][0xff][0x94][0x9a]u[0xda][0xbb].![0xc6]"W[0x8a]D[0xab]{o[0xc6][0x99][0x14]r[0xa4][0xf2]I6[0x19][0x93][0xc8][0x84][0x92][0xa2]G[0xea][0xca][0xfb]j[0x1c][0x2]k[0x1f][0xb7]xn[0x9d][0xee][0xc7]]`k]]>&#x7f;<![CDATA[[0xa1][0xac][0xf3]g[0x13][0xf8][0xb5][0xf0]n[0xcf][0xc3]`/[0xdf]#[0xe6][0xf9]c[0xfe]R[0xe4][0x9d][0xfc][0xe5][0xa8][0xce][0xff][0xec]L~[0xe3][0x9f][0xe7]]]>&#x7f;<![CDATA[]]>&#x7f;<![CDATA[[0x97][0xae][0xdc].][0xe9]`[0x93]d[0xbe]xY>[0xcf][0xe6]O[0xd3][0xb4]9[0x16][0xdb]j[0xb3]v[[0x93]pu(,}]]>&#x7f;<![CDATA[f[\n]"
02:20:52.910 [Test worker] DEBUG org.apache.http.wire - http-outgoing-123 >> "[Q[0xbf]O[0xf]4[0xf8]Z[0x95][0x14]e[0xfb][0xd2][0xe7][0xe4][0x9b]u[0x81][0xe2][0xa5][0xa9]>_[0x14][0x9a][0x3]FG[0xc7][0x96][0xf6][0xda][0xeb]w[0xc3][0xc6][0xd3] [0x8b]5N[0x8b][0xb4][0xcd]v[0xe6][0xb8]<[0xe9][0xf3][0xe8][0x8d]fS[0xc6]Rq[0x82][0xea][0x89][0xce][0xaa][[0xff]F[0x0][0x0][0x0][0x0][0x0][0x0][0x0][0x0][0x0][0x0][0x0][0x0][0x0][0x0][0x0][0x0][0x80][0x9b][0xf8][0x0]x[0xa1][0xe8]-[0x0]([0x0][0x0][\r][\n]"
02:20:52.910 [Test worker] DEBUG org.apache.http.wire - http-outgoing-123 >> "0[\r][\n]"
02:20:52.910 [Test worker] DEBUG org.apache.http.wire - http-outgoing-123 >> "[\r][\n]"
02:20:52.938 [Test worker] DEBUG org.apache.http.wire - http-outgoing-123 << "H"
02:20:52.938 [Test worker] DEBUG org.apache.http.wire - http-outgoing-123 << "TTP/1.1 200 OK[\r][\n]"
02:20:52.938 [Test worker] DEBUG org.apache.http.wire - http-outgoing-123 << "Server: Docker/1.12.3 (linux)[\r][\n]"
02:20:52.939 [Test worker] DEBUG org.apache.http.wire - http-outgoing-123 << "Date: Tue, 03 Jan 2017 01:20:52 GMT[\r][\n]"
02:20:52.939 [Test worker] DEBUG org.apache.http.wire - http-outgoing-123 << "Content-Length: 0[\r][\n]"
02:20:52.939 [Test worker] DEBUG org.apache.http.wire - http-outgoing-123 << "Content-Type: text/plain; charset=utf-8[\r][\n]"
02:20:52.940 [Test worker] DEBUG org.apache.http.wire - http-outgoing-123 << "[\r][\n]"
02:20:52.940 [Test worker] DEBUG org.apache.http.headers - http-outgoing-123 << HTTP/1.1 200 OK
02:20:52.940 [Test worker] DEBUG org.apache.http.headers - http-outgoing-123 << Server: Docker/1.12.3 (linux)
02:20:52.940 [Test worker] DEBUG org.apache.http.headers - http-outgoing-123 << Date: Tue, 03 Jan 2017 01:20:52 GMT
02:20:52.940 [Test worker] DEBUG org.apache.http.headers - http-outgoing-123 << Content-Length: 0
02:20:52.943 [Test worker] DEBUG org.apache.http.headers - http-outgoing-123 << Content-Type: text/plain; charset=utf-8
02:20:52.943 [Test worker] DEBUG o.a.h.impl.execchain.MainClientExec - Connection can be kept alive indefinitely
02:20:52.943 [Test worker] DEBUG c.g.d.j.JerseyDockerCmdExecFactory$1 - Connection [id: 123][route: {s}->https://Thesis:2376][state: CN=Thesis] can be kept alive indefinitely
02:20:52.943 [Test worker] DEBUG c.g.d.j.JerseyDockerCmdExecFactory$1 - Connection released: [id: 123][route: {s}->https://Thesis:2376][state: CN=Thesis][total kept alive: 2; route allocated: 2 of 2; total allocated: 2 of 20]
02:20:52.944 [Test worker] DEBUG c.g.d.j.JerseyDockerCmdExecFactory - 20 * Client response received on thread Test worker
20 < 200
20 < Content-Length: 0
20 < Content-Type: application/json;charset=utf-8
20 < Date: Tue, 03 Jan 2017 01:20:52 GMT
20 < Server: Docker/1.12.3 (linux)

02:20:52.946 [Test worker] INFO  org.openbaton.docker.DockerVim - Archive '/home/sakib/docker-plugin/src/test/data' copied successfully to container '6ceb7f9eecef86255a70fddf7179212cdb7f2d486ceebc0d2bebf6e63a34aa7b
02:20:52.946 [Test worker] DEBUG c.g.d.core.command.AbstrDockerCmd - Cmd: -1,<null>,true,<null>,<null>,com.github.dockerjava.core.util.FiltersBuilder@0,com.github.dockerjava.jaxrs.ListContainersCmdExec@4036e1ed
02:20:52.947 [Test worker] DEBUG c.g.d.j.JerseyDockerCmdExecFactory - 21 * Sending client request on thread Test worker
21 > GET https://Thesis:2376/containers/json?all=true
21 > Accept: application/json

02:20:52.947 [Test worker] DEBUG o.a.h.c.protocol.RequestAddCookies - CookieSpec selected: default
02:20:52.948 [Test worker] DEBUG o.a.h.c.protocol.RequestAuthCache - Auth cache not set in the context
02:20:52.948 [Test worker] DEBUG c.g.d.j.JerseyDockerCmdExecFactory$1 - Connection request: [route: {s}->https://Thesis:2376][total kept alive: 2; route allocated: 2 of 2; total allocated: 2 of 20]
02:20:52.949 [Test worker] DEBUG o.a.h.i.c.DefaultManagedHttpClientConnection - http-outgoing-121: Close connection
02:20:52.949 [Test worker] DEBUG c.g.d.j.JerseyDockerCmdExecFactory$1 - Connection leased: [id: 124][route: {s}->https://Thesis:2376][total kept alive: 1; route allocated: 2 of 2; total allocated: 2 of 20]
02:20:52.949 [Test worker] DEBUG o.a.h.impl.execchain.MainClientExec - Opening connection {s}->https://Thesis:2376
02:20:52.949 [Test worker] DEBUG o.a.h.i.c.DefaultHttpClientConnectionOperator - Connecting to Thesis/127.0.1.1:2376
02:20:52.949 [Test worker] DEBUG o.a.h.c.s.SSLConnectionSocketFactory - Connecting socket to Thesis/127.0.1.1:2376 with timeout 0
02:20:52.958 [Test worker] DEBUG o.a.h.c.s.SSLConnectionSocketFactory - Enabled protocols: [TLSv1]
02:20:52.959 [Test worker] DEBUG o.a.h.c.s.SSLConnectionSocketFactory - Enabled cipher suites:[TLS_ECDHE_ECDSA_WITH_AES_128_CBC_SHA, TLS_ECDHE_RSA_WITH_AES_128_CBC_SHA, TLS_RSA_WITH_AES_128_CBC_SHA, TLS_ECDH_ECDSA_WITH_AES_128_CBC_SHA, TLS_ECDH_RSA_WITH_AES_128_CBC_SHA, TLS_DHE_RSA_WITH_AES_128_CBC_SHA, TLS_DHE_DSS_WITH_AES_128_CBC_SHA, TLS_ECDHE_ECDSA_WITH_3DES_EDE_CBC_SHA, TLS_ECDHE_RSA_WITH_3DES_EDE_CBC_SHA, SSL_RSA_WITH_3DES_EDE_CBC_SHA, TLS_ECDH_ECDSA_WITH_3DES_EDE_CBC_SHA, TLS_ECDH_RSA_WITH_3DES_EDE_CBC_SHA, SSL_DHE_RSA_WITH_3DES_EDE_CBC_SHA, SSL_DHE_DSS_WITH_3DES_EDE_CBC_SHA, TLS_ECDHE_ECDSA_WITH_RC4_128_SHA, TLS_ECDHE_RSA_WITH_RC4_128_SHA, SSL_RSA_WITH_RC4_128_SHA, TLS_ECDH_ECDSA_WITH_RC4_128_SHA, TLS_ECDH_RSA_WITH_RC4_128_SHA, SSL_RSA_WITH_RC4_128_MD5, TLS_EMPTY_RENEGOTIATION_INFO_SCSV]
02:20:52.959 [Test worker] DEBUG o.a.h.c.s.SSLConnectionSocketFactory - Starting handshake
02:20:53.029 [Test worker] DEBUG o.a.h.c.s.SSLConnectionSocketFactory - Secure session established
02:20:53.029 [Test worker] DEBUG o.a.h.c.s.SSLConnectionSocketFactory -  negotiated protocol: TLSv1
02:20:53.030 [Test worker] DEBUG o.a.h.c.s.SSLConnectionSocketFactory -  negotiated cipher suite: TLS_ECDHE_RSA_WITH_AES_128_CBC_SHA
02:20:53.030 [Test worker] DEBUG o.a.h.c.s.SSLConnectionSocketFactory -  peer principal: CN=Thesis
02:20:53.030 [Test worker] DEBUG o.a.h.c.s.SSLConnectionSocketFactory -  issuer principal: EMAILADDRESS=sha@yamil.com, CN=Thesis, OU=Open, O=Fra, L=BER, ST=BER, C=DE
02:20:53.030 [Test worker] DEBUG o.a.h.i.c.DefaultHttpClientConnectionOperator - Connection established 127.0.0.1:41124<->127.0.1.1:2376
02:20:53.030 [Test worker] DEBUG o.a.h.impl.execchain.MainClientExec - Executing request GET /containers/json?all=true HTTP/1.1
02:20:53.030 [Test worker] DEBUG o.a.h.impl.execchain.MainClientExec - Target auth state: UNCHALLENGED
02:20:53.030 [Test worker] DEBUG o.a.h.impl.execchain.MainClientExec - Proxy auth state: UNCHALLENGED
02:20:53.030 [Test worker] DEBUG org.apache.http.headers - http-outgoing-124 >> GET /containers/json?all=true HTTP/1.1
02:20:53.031 [Test worker] DEBUG org.apache.http.headers - http-outgoing-124 >> Accept: application/json
02:20:53.031 [Test worker] DEBUG org.apache.http.headers - http-outgoing-124 >> User-Agent: Jersey/2.23.1 (Apache HttpClient 4.5.1)
02:20:53.031 [Test worker] DEBUG org.apache.http.headers - http-outgoing-124 >> Host: Thesis:2376
02:20:53.031 [Test worker] DEBUG org.apache.http.headers - http-outgoing-124 >> Connection: Keep-Alive
02:20:53.031 [Test worker] DEBUG org.apache.http.headers - http-outgoing-124 >> Accept-Encoding: gzip,deflate
02:20:53.031 [Test worker] DEBUG org.apache.http.wire - http-outgoing-124 >> "GET /containers/json?all=true HTTP/1.1[\r][\n]"
02:20:53.031 [Test worker] DEBUG org.apache.http.wire - http-outgoing-124 >> "Accept: application/json[\r][\n]"
02:20:53.031 [Test worker] DEBUG org.apache.http.wire - http-outgoing-124 >> "User-Agent: Jersey/2.23.1 (Apache HttpClient 4.5.1)[\r][\n]"
02:20:53.031 [Test worker] DEBUG org.apache.http.wire - http-outgoing-124 >> "Host: Thesis:2376[\r][\n]"
02:20:53.032 [Test worker] DEBUG org.apache.http.wire - http-outgoing-124 >> "Connection: Keep-Alive[\r][\n]"
02:20:53.032 [Test worker] DEBUG org.apache.http.wire - http-outgoing-124 >> "Accept-Encoding: gzip,deflate[\r][\n]"
02:20:53.032 [Test worker] DEBUG org.apache.http.wire - http-outgoing-124 >> "[\r][\n]"
02:20:53.032 [Test worker] DEBUG org.apache.http.wire - http-outgoing-124 << "H"
02:20:53.032 [Test worker] DEBUG org.apache.http.wire - http-outgoing-124 << "TTP/1.1 200 OK[\r][\n]"
02:20:53.032 [Test worker] DEBUG org.apache.http.wire - http-outgoing-124 << "Content-Type: application/json[\r][\n]"
02:20:53.032 [Test worker] DEBUG org.apache.http.wire - http-outgoing-124 << "Server: Docker/1.12.3 (linux)[\r][\n]"
02:20:53.033 [Test worker] DEBUG org.apache.http.wire - http-outgoing-124 << "Date: Tue, 03 Jan 2017 01:20:53 GMT[\r][\n]"
02:20:53.033 [Test worker] DEBUG org.apache.http.wire - http-outgoing-124 << "Content-Length: 855[\r][\n]"
02:20:53.033 [Test worker] DEBUG org.apache.http.wire - http-outgoing-124 << "[\r][\n]"
02:20:53.033 [Test worker] DEBUG org.apache.http.wire - http-outgoing-124 << "[{"Id":"6ceb7f9eecef86255a70fddf7179212cdb7f2d486ceebc0d2bebf6e63a34aa7b","Names":["/MyContainer"],"Image":"ubuntu:14.04","ImageID":"sha256:aae2b63c49461fcae4962e4a8043f66acf8e3af7e62f5ebceb70b181d8ca01e0","Command":"sleep 99999","Created":1483406452,"Ports":[{"IP":"0.0.0.0","PrivatePort":8084,"PublicPort":8084,"Type":"tcp"}],"Labels":{},"State":"running","Status":"Up Less than a second","HostConfig":{"NetworkMode":"default"},"NetworkSettings":{"Networks":{"bridge":{"IPAMConfig":null,"Links":null,"Aliases":null,"NetworkID":"e0d36057aa1769e9fd52ba88be81b698b495f9b6b4946d0f98f24d971a27fc98","EndpointID":"fc2079e5ec0e7b7b02edc52caea7723d7e9c613ae54b71a5fa75dd7ef5388c89","Gateway":"172.17.0.1","IPAddress":"172.17.0.2","IPPrefixLen":16,"IPv6Gateway":"","GlobalIPv6Address":"","GlobalIPv6PrefixLen":0,"MacAddress":"02:42:ac:11:00:02"}}},"Mounts":[]}][\n]"
02:20:53.033 [Test worker] DEBUG org.apache.http.headers - http-outgoing-124 << HTTP/1.1 200 OK
02:20:53.033 [Test worker] DEBUG org.apache.http.headers - http-outgoing-124 << Content-Type: application/json
02:20:53.033 [Test worker] DEBUG org.apache.http.headers - http-outgoing-124 << Server: Docker/1.12.3 (linux)
02:20:53.033 [Test worker] DEBUG org.apache.http.headers - http-outgoing-124 << Date: Tue, 03 Jan 2017 01:20:53 GMT
02:20:53.033 [Test worker] DEBUG org.apache.http.headers - http-outgoing-124 << Content-Length: 855
02:20:53.034 [Test worker] DEBUG o.a.h.impl.execchain.MainClientExec - Connection can be kept alive indefinitely
02:20:53.034 [Test worker] DEBUG c.g.d.j.JerseyDockerCmdExecFactory - 22 * Client response received on thread Test worker
22 < 200
22 < Content-Length: 855
22 < Content-Type: application/json
22 < Date: Tue, 03 Jan 2017 01:20:53 GMT
22 < Server: Docker/1.12.3 (linux)
[{"Id":"6ceb7f9eecef86255a70fddf7179212cdb7f2d486ceebc0d2bebf6e63a34aa7b","Names":["/MyContainer"],"Image":"ubuntu:14.04","ImageID":"sha256:aae2b63c49461fcae4962e4a8043f66acf8e3af7e62f5ebceb70b181d8ca01e0","Command":"sleep 99999","Created":1483406452,"Ports":[{"IP":"0.0.0.0","PrivatePort":8084,"PublicPort":8084,"Type":"tcp"}],"Labels":{},"State":"running","Status":"Up Less than a second","HostConfig":{"NetworkMode":"default"},"NetworkSettings":{"Networks":{"bridge":{"IPAMConfig":null,"Links":null,"Aliases":null,"NetworkID":"e0d36057aa1769e9fd52ba88be81b698b495f9b6b4946d0f98f24d971a27fc98","EndpointID":"fc2079e5ec0e7b7b02edc52caea7723d7e9c613ae54b71a5fa75dd7ef5388c89","Gateway":"172.17.0.1","IPAddress":"172.17.0.2","IPPrefixLen":16,"IPv6Gateway":"","GlobalIPv6Address":"","GlobalIPv6PrefixLen":0,"MacAddress":"02:42:ac:11:00:02"}}},"Mounts":[]}]


02:20:53.036 [Test worker] DEBUG o.a.h.i.c.DefaultManagedHttpClientConnection - http-outgoing-124: Close connection
02:20:53.036 [Test worker] DEBUG o.a.h.impl.execchain.MainClientExec - Connection discarded
02:20:53.036 [Test worker] DEBUG c.g.d.j.JerseyDockerCmdExecFactory$1 - Connection released: [id: 124][route: {s}->https://Thesis:2376][total kept alive: 1; route allocated: 1 of 2; total allocated: 1 of 20]
02:20:53.036 [Test worker] DEBUG c.g.d.core.command.AbstrDockerCmd - Cmd: ListImagesCmdImpl[imageNameFilter=<null>,showAll=true,filters=com.github.dockerjava.core.util.FiltersBuilder@0,execution=com.github.dockerjava.jaxrs.ListImagesCmdExec@5f410c84]
02:20:53.036 [Test worker] DEBUG c.g.d.j.JerseyDockerCmdExecFactory - 23 * Sending client request on thread Test worker
23 > GET https://Thesis:2376/images/json?all=true
23 > Accept: application/json

02:20:53.037 [Test worker] DEBUG o.a.h.c.protocol.RequestAddCookies - CookieSpec selected: default
02:20:53.037 [Test worker] DEBUG o.a.h.c.protocol.RequestAuthCache - Auth cache not set in the context
02:20:53.037 [Test worker] DEBUG c.g.d.j.JerseyDockerCmdExecFactory$1 - Connection request: [route: {s}->https://Thesis:2376][total kept alive: 1; route allocated: 1 of 2; total allocated: 1 of 20]
02:20:53.037 [Test worker] DEBUG c.g.d.j.JerseyDockerCmdExecFactory$1 - Connection leased: [id: 125][route: {s}->https://Thesis:2376][total kept alive: 1; route allocated: 2 of 2; total allocated: 2 of 20]
02:20:53.038 [Test worker] DEBUG o.a.h.impl.execchain.MainClientExec - Opening connection {s}->https://Thesis:2376
02:20:53.038 [Test worker] DEBUG o.a.h.i.c.DefaultHttpClientConnectionOperator - Connecting to Thesis/127.0.1.1:2376
02:20:53.038 [Test worker] DEBUG o.a.h.c.s.SSLConnectionSocketFactory - Connecting socket to Thesis/127.0.1.1:2376 with timeout 0
02:20:53.039 [Test worker] DEBUG o.a.h.c.s.SSLConnectionSocketFactory - Enabled protocols: [TLSv1]
02:20:53.039 [Test worker] DEBUG o.a.h.c.s.SSLConnectionSocketFactory - Enabled cipher suites:[TLS_ECDHE_ECDSA_WITH_AES_128_CBC_SHA, TLS_ECDHE_RSA_WITH_AES_128_CBC_SHA, TLS_RSA_WITH_AES_128_CBC_SHA, TLS_ECDH_ECDSA_WITH_AES_128_CBC_SHA, TLS_ECDH_RSA_WITH_AES_128_CBC_SHA, TLS_DHE_RSA_WITH_AES_128_CBC_SHA, TLS_DHE_DSS_WITH_AES_128_CBC_SHA, TLS_ECDHE_ECDSA_WITH_3DES_EDE_CBC_SHA, TLS_ECDHE_RSA_WITH_3DES_EDE_CBC_SHA, SSL_RSA_WITH_3DES_EDE_CBC_SHA, TLS_ECDH_ECDSA_WITH_3DES_EDE_CBC_SHA, TLS_ECDH_RSA_WITH_3DES_EDE_CBC_SHA, SSL_DHE_RSA_WITH_3DES_EDE_CBC_SHA, SSL_DHE_DSS_WITH_3DES_EDE_CBC_SHA, TLS_ECDHE_ECDSA_WITH_RC4_128_SHA, TLS_ECDHE_RSA_WITH_RC4_128_SHA, SSL_RSA_WITH_RC4_128_SHA, TLS_ECDH_ECDSA_WITH_RC4_128_SHA, TLS_ECDH_RSA_WITH_RC4_128_SHA, SSL_RSA_WITH_RC4_128_MD5, TLS_EMPTY_RENEGOTIATION_INFO_SCSV]
02:20:53.039 [Test worker] DEBUG o.a.h.c.s.SSLConnectionSocketFactory - Starting handshake
02:20:53.103 [Test worker] DEBUG o.a.h.c.s.SSLConnectionSocketFactory - Secure session established
02:20:53.103 [Test worker] DEBUG o.a.h.c.s.SSLConnectionSocketFactory -  negotiated protocol: TLSv1
02:20:53.104 [Test worker] DEBUG o.a.h.c.s.SSLConnectionSocketFactory -  negotiated cipher suite: TLS_ECDHE_RSA_WITH_AES_128_CBC_SHA
02:20:53.104 [Test worker] DEBUG o.a.h.c.s.SSLConnectionSocketFactory -  peer principal: CN=Thesis
02:20:53.104 [Test worker] DEBUG o.a.h.c.s.SSLConnectionSocketFactory -  issuer principal: EMAILADDRESS=sha@yamil.com, CN=Thesis, OU=Open, O=Fra, L=BER, ST=BER, C=DE
02:20:53.104 [Test worker] DEBUG o.a.h.i.c.DefaultHttpClientConnectionOperator - Connection established 127.0.0.1:41126<->127.0.1.1:2376
02:20:53.104 [Test worker] DEBUG o.a.h.impl.execchain.MainClientExec - Executing request GET /images/json?all=true HTTP/1.1
02:20:53.104 [Test worker] DEBUG o.a.h.impl.execchain.MainClientExec - Target auth state: UNCHALLENGED
02:20:53.104 [Test worker] DEBUG o.a.h.impl.execchain.MainClientExec - Proxy auth state: UNCHALLENGED
02:20:53.105 [Test worker] DEBUG org.apache.http.headers - http-outgoing-125 >> GET /images/json?all=true HTTP/1.1
02:20:53.105 [Test worker] DEBUG org.apache.http.headers - http-outgoing-125 >> Accept: application/json
02:20:53.105 [Test worker] DEBUG org.apache.http.headers - http-outgoing-125 >> User-Agent: Jersey/2.23.1 (Apache HttpClient 4.5.1)
02:20:53.105 [Test worker] DEBUG org.apache.http.headers - http-outgoing-125 >> Host: Thesis:2376
02:20:53.105 [Test worker] DEBUG org.apache.http.headers - http-outgoing-125 >> Connection: Keep-Alive
02:20:53.105 [Test worker] DEBUG org.apache.http.headers - http-outgoing-125 >> Accept-Encoding: gzip,deflate
02:20:53.105 [Test worker] DEBUG org.apache.http.wire - http-outgoing-125 >> "GET /images/json?all=true HTTP/1.1[\r][\n]"
02:20:53.105 [Test worker] DEBUG org.apache.http.wire - http-outgoing-125 >> "Accept: application/json[\r][\n]"
02:20:53.105 [Test worker] DEBUG org.apache.http.wire - http-outgoing-125 >> "User-Agent: Jersey/2.23.1 (Apache HttpClient 4.5.1)[\r][\n]"
02:20:53.106 [Test worker] DEBUG org.apache.http.wire - http-outgoing-125 >> "Host: Thesis:2376[\r][\n]"
02:20:53.106 [Test worker] DEBUG org.apache.http.wire - http-outgoing-125 >> "Connection: Keep-Alive[\r][\n]"
02:20:53.106 [Test worker] DEBUG org.apache.http.wire - http-outgoing-125 >> "Accept-Encoding: gzip,deflate[\r][\n]"
02:20:53.106 [Test worker] DEBUG org.apache.http.wire - http-outgoing-125 >> "[\r][\n]"
02:20:53.107 [Test worker] DEBUG org.apache.http.wire - http-outgoing-125 << "H"
02:20:53.107 [Test worker] DEBUG org.apache.http.wire - http-outgoing-125 << "TTP/1.1 200 OK[\r][\n]"
02:20:53.107 [Test worker] DEBUG org.apache.http.wire - http-outgoing-125 << "Content-Type: application/json[\r][\n]"
02:20:53.107 [Test worker] DEBUG org.apache.http.wire - http-outgoing-125 << "Server: Docker/1.12.3 (linux)[\r][\n]"
02:20:53.107 [Test worker] DEBUG org.apache.http.wire - http-outgoing-125 << "Date: Tue, 03 Jan 2017 01:20:53 GMT[\r][\n]"
02:20:53.108 [Test worker] DEBUG org.apache.http.wire - http-outgoing-125 << "Content-Length: 1195[\r][\n]"
02:20:53.108 [Test worker] DEBUG org.apache.http.wire - http-outgoing-125 << "[\r][\n]"
02:20:53.108 [Test worker] DEBUG org.apache.http.wire - http-outgoing-125 << "[{"Id":"sha256:4ca3a192ff2a5b7e225e81dc006b6379c10776ed3619757a65608cb72de0a7f6","ParentId":"","RepoTags":["ubuntu:latest"],"RepoDigests":["ubuntu@sha256:3b64c309deae7ab0f7dbdd42b6b326261ccd6261da5d88396439353162703fb5"],"Created":1480449877,"Size":128206574,"VirtualSize":128206574,"Labels":{}},{"Id":"sha256:aae2b63c49461fcae4962e4a8043f66acf8e3af7e62f5ebceb70b181d8ca01e0","ParentId":"","RepoTags":["ubuntu:14.04"],"RepoDigests":["ubuntu@sha256:edb984703bd3e8981ff541a5b9297ca1b81fde6e6e8094d86e390a38ebc30b4d"],"Created":1480449856,"Size":187952254,"VirtualSize":187952254,"Labels":{}},{"Id":"sha256:e02e811dd08fd49e7f6032625495118e63f597eb150403d02e3238af1df240ba","ParentId":"","RepoTags":["busybox:latest"],"RepoDigests":["busybox@sha256:29f5d56d12684887bdfa50dcd29fc31eea4aaf4ad3bec43daf19026a7ce69912"],"Created":1475874238,"Size":1093484,"VirtualSize":1093484,"Labels":{}},{"Id":"sha256:d654de4499473ed41349b54a988b6f46a7fc92e3fa2d61e102bf2660a0116e25","ParentId":"","RepoTags":["sakib37/iperf3:latest"],"RepoDigests":["sakib37/iperf3@sha256:8d80a810f8f508c074b14d02555f20110eac382c8dbda7252075392983629d40"],"Created":1474907599,"Size":199456654,"VirtualSize":199456654,"Labels":{}}][\n]"
02:20:53.108 [Test worker] DEBUG org.apache.http.headers - http-outgoing-125 << HTTP/1.1 200 OK
02:20:53.108 [Test worker] DEBUG org.apache.http.headers - http-outgoing-125 << Content-Type: application/json
02:20:53.108 [Test worker] DEBUG org.apache.http.headers - http-outgoing-125 << Server: Docker/1.12.3 (linux)
02:20:53.108 [Test worker] DEBUG org.apache.http.headers - http-outgoing-125 << Date: Tue, 03 Jan 2017 01:20:53 GMT
02:20:53.108 [Test worker] DEBUG org.apache.http.headers - http-outgoing-125 << Content-Length: 1195
02:20:53.109 [Test worker] DEBUG o.a.h.impl.execchain.MainClientExec - Connection can be kept alive indefinitely
02:20:53.109 [Test worker] DEBUG c.g.d.j.JerseyDockerCmdExecFactory - 24 * Client response received on thread Test worker
24 < 200
24 < Content-Length: 1195
24 < Content-Type: application/json
24 < Date: Tue, 03 Jan 2017 01:20:53 GMT
24 < Server: Docker/1.12.3 (linux)
[{"Id":"sha256:4ca3a192ff2a5b7e225e81dc006b6379c10776ed3619757a65608cb72de0a7f6","ParentId":"","RepoTags":["ubuntu:latest"],"RepoDigests":["ubuntu@sha256:3b64c309deae7ab0f7dbdd42b6b326261ccd6261da5d88396439353162703fb5"],"Created":1480449877,"Size":128206574,"VirtualSize":128206574,"Labels":{}},{"Id":"sha256:aae2b63c49461fcae4962e4a8043f66acf8e3af7e62f5ebceb70b181d8ca01e0","ParentId":"","RepoTags":["ubuntu:14.04"],"RepoDigests":["ubuntu@sha256:edb984703bd3e8981ff541a5b9297ca1b81fde6e6e8094d86e390a38ebc30b4d"],"Created":1480449856,"Size":187952254,"VirtualSize":187952254,"Labels":{}},{"Id":"sha256:e02e811dd08fd49e7f6032625495118e63f597eb150403d02e3238af1df240ba","ParentId":"","RepoTags":["busybox:latest"],"RepoDigests":["busybox@sha256:29f5d56d12684887bdfa50dcd29fc31eea4aaf4ad3bec43daf19026a7ce69912"],"Created":1475874238,"Size":1093484,"VirtualSize":1093484,"Labels":{}},{"Id":"sha256:d654de4499473ed41349b54a988b6f46a7fc92e3fa2d61e102bf2660a0116e25","ParentId":"","RepoTags":["sakib37/iperf3:latest"],"RepoDigests":["sakib37/iperf3@sha256:8d80a810f8f508c074b14d02555f20110eac382c8dbda7252075392983629d40"],"Created":1474907599,"Size":199456654,"VirtualSize":199456654,"Labels":{}}]


02:20:53.110 [Test worker] DEBUG o.a.h.i.c.DefaultManagedHttpClientConnection - http-outgoing-125: Close connection
02:20:53.110 [Test worker] DEBUG o.a.h.impl.execchain.MainClientExec - Connection discarded
02:20:53.110 [Test worker] DEBUG c.g.d.j.JerseyDockerCmdExecFactory$1 - Connection released: [id: 125][route: {s}->https://Thesis:2376][total kept alive: 1; route allocated: 1 of 2; total allocated: 1 of 20]
02:20:53.111 [Test worker] DEBUG org.openbaton.docker.DockerVim - Found a docker image, transformed into a NFV Image Image{id='sha256:aae2b63c49461fcae4962e4a8043f66acf8e3af7e62f5ebceb70b181d8ca01e0', name='ubuntu:14.04', version=0, extId='null', minRam='0', minDiskSpace='0', minCPU='null', public='true', diskFormat='null', containerFormat='docker', created='Sun Jan 18 04:14:09 CET 1970', updated='null'}
02:20:53.111 [Test worker] DEBUG c.g.d.core.command.AbstrDockerCmd - Cmd: 6ceb7f9eecef86255a70fddf7179212cdb7f2d486ceebc0d2bebf6e63a34aa7b,<null>,true,com.github.dockerjava.jaxrs.RemoveContainerCmdExec@2bf23e72
02:20:53.111 [Test worker] DEBUG c.g.d.j.JerseyDockerCmdExecFactory - 25 * Sending client request on thread Test worker
25 > DELETE https://Thesis:2376/containers/6ceb7f9eecef86255a70fddf7179212cdb7f2d486ceebc0d2bebf6e63a34aa7b?force=true
25 > Accept: application/json

02:20:53.112 [Test worker] DEBUG o.a.h.c.protocol.RequestAddCookies - CookieSpec selected: default
02:20:53.112 [Test worker] DEBUG o.a.h.c.protocol.RequestAuthCache - Auth cache not set in the context
02:20:53.112 [Test worker] DEBUG c.g.d.j.JerseyDockerCmdExecFactory$1 - Connection request: [route: {s}->https://Thesis:2376][total kept alive: 1; route allocated: 1 of 2; total allocated: 1 of 20]
02:20:53.112 [Test worker] DEBUG c.g.d.j.JerseyDockerCmdExecFactory$1 - Connection leased: [id: 126][route: {s}->https://Thesis:2376][total kept alive: 1; route allocated: 2 of 2; total allocated: 2 of 20]
02:20:53.112 [Test worker] DEBUG o.a.h.impl.execchain.MainClientExec - Opening connection {s}->https://Thesis:2376
02:20:53.112 [Test worker] DEBUG o.a.h.i.c.DefaultHttpClientConnectionOperator - Connecting to Thesis/127.0.1.1:2376
02:20:53.113 [Test worker] DEBUG o.a.h.c.s.SSLConnectionSocketFactory - Connecting socket to Thesis/127.0.1.1:2376 with timeout 0
02:20:53.113 [Test worker] DEBUG o.a.h.c.s.SSLConnectionSocketFactory - Enabled protocols: [TLSv1]
02:20:53.113 [Test worker] DEBUG o.a.h.c.s.SSLConnectionSocketFactory - Enabled cipher suites:[TLS_ECDHE_ECDSA_WITH_AES_128_CBC_SHA, TLS_ECDHE_RSA_WITH_AES_128_CBC_SHA, TLS_RSA_WITH_AES_128_CBC_SHA, TLS_ECDH_ECDSA_WITH_AES_128_CBC_SHA, TLS_ECDH_RSA_WITH_AES_128_CBC_SHA, TLS_DHE_RSA_WITH_AES_128_CBC_SHA, TLS_DHE_DSS_WITH_AES_128_CBC_SHA, TLS_ECDHE_ECDSA_WITH_3DES_EDE_CBC_SHA, TLS_ECDHE_RSA_WITH_3DES_EDE_CBC_SHA, SSL_RSA_WITH_3DES_EDE_CBC_SHA, TLS_ECDH_ECDSA_WITH_3DES_EDE_CBC_SHA, TLS_ECDH_RSA_WITH_3DES_EDE_CBC_SHA, SSL_DHE_RSA_WITH_3DES_EDE_CBC_SHA, SSL_DHE_DSS_WITH_3DES_EDE_CBC_SHA, TLS_ECDHE_ECDSA_WITH_RC4_128_SHA, TLS_ECDHE_RSA_WITH_RC4_128_SHA, SSL_RSA_WITH_RC4_128_SHA, TLS_ECDH_ECDSA_WITH_RC4_128_SHA, TLS_ECDH_RSA_WITH_RC4_128_SHA, SSL_RSA_WITH_RC4_128_MD5, TLS_EMPTY_RENEGOTIATION_INFO_SCSV]
02:20:53.114 [Test worker] DEBUG o.a.h.c.s.SSLConnectionSocketFactory - Starting handshake
02:20:53.174 [Test worker] DEBUG o.a.h.c.s.SSLConnectionSocketFactory - Secure session established
02:20:53.174 [Test worker] DEBUG o.a.h.c.s.SSLConnectionSocketFactory -  negotiated protocol: TLSv1
02:20:53.174 [Test worker] DEBUG o.a.h.c.s.SSLConnectionSocketFactory -  negotiated cipher suite: TLS_ECDHE_RSA_WITH_AES_128_CBC_SHA
02:20:53.175 [Test worker] DEBUG o.a.h.c.s.SSLConnectionSocketFactory -  peer principal: CN=Thesis
02:20:53.175 [Test worker] DEBUG o.a.h.c.s.SSLConnectionSocketFactory -  issuer principal: EMAILADDRESS=sha@yamil.com, CN=Thesis, OU=Open, O=Fra, L=BER, ST=BER, C=DE
02:20:53.175 [Test worker] DEBUG o.a.h.i.c.DefaultHttpClientConnectionOperator - Connection established 127.0.0.1:41128<->127.0.1.1:2376
02:20:53.175 [Test worker] DEBUG o.a.h.impl.execchain.MainClientExec - Executing request DELETE /containers/6ceb7f9eecef86255a70fddf7179212cdb7f2d486ceebc0d2bebf6e63a34aa7b?force=true HTTP/1.1
02:20:53.175 [Test worker] DEBUG o.a.h.impl.execchain.MainClientExec - Target auth state: UNCHALLENGED
02:20:53.175 [Test worker] DEBUG o.a.h.impl.execchain.MainClientExec - Proxy auth state: UNCHALLENGED
02:20:53.175 [Test worker] DEBUG org.apache.http.headers - http-outgoing-126 >> DELETE /containers/6ceb7f9eecef86255a70fddf7179212cdb7f2d486ceebc0d2bebf6e63a34aa7b?force=true HTTP/1.1
02:20:53.176 [Test worker] DEBUG org.apache.http.headers - http-outgoing-126 >> Accept: application/json
02:20:53.176 [Test worker] DEBUG org.apache.http.headers - http-outgoing-126 >> User-Agent: Jersey/2.23.1 (Apache HttpClient 4.5.1)
02:20:53.176 [Test worker] DEBUG org.apache.http.headers - http-outgoing-126 >> Host: Thesis:2376
02:20:53.176 [Test worker] DEBUG org.apache.http.headers - http-outgoing-126 >> Connection: Keep-Alive
02:20:53.176 [Test worker] DEBUG org.apache.http.headers - http-outgoing-126 >> Accept-Encoding: gzip,deflate
02:20:53.176 [Test worker] DEBUG org.apache.http.wire - http-outgoing-126 >> "DELETE /containers/6ceb7f9eecef86255a70fddf7179212cdb7f2d486ceebc0d2bebf6e63a34aa7b?force=true HTTP/1.1[\r][\n]"
02:20:53.176 [Test worker] DEBUG org.apache.http.wire - http-outgoing-126 >> "Accept: application/json[\r][\n]"
02:20:53.176 [Test worker] DEBUG org.apache.http.wire - http-outgoing-126 >> "User-Agent: Jersey/2.23.1 (Apache HttpClient 4.5.1)[\r][\n]"
02:20:53.176 [Test worker] DEBUG org.apache.http.wire - http-outgoing-126 >> "Host: Thesis:2376[\r][\n]"
02:20:53.176 [Test worker] DEBUG org.apache.http.wire - http-outgoing-126 >> "Connection: Keep-Alive[\r][\n]"
02:20:53.177 [Test worker] DEBUG org.apache.http.wire - http-outgoing-126 >> "Accept-Encoding: gzip,deflate[\r][\n]"
02:20:53.177 [Test worker] DEBUG org.apache.http.wire - http-outgoing-126 >> "[\r][\n]"
02:20:53.272 [Test worker] DEBUG org.apache.http.wire - http-outgoing-126 << "H"
02:20:53.272 [Test worker] DEBUG org.apache.http.wire - http-outgoing-126 << "TTP/1.1 204 No Content[\r][\n]"
02:20:53.272 [Test worker] DEBUG org.apache.http.wire - http-outgoing-126 << "Server: Docker/1.12.3 (linux)[\r][\n]"
02:20:53.272 [Test worker] DEBUG org.apache.http.wire - http-outgoing-126 << "Date: Tue, 03 Jan 2017 01:20:53 GMT[\r][\n]"
02:20:53.272 [Test worker] DEBUG org.apache.http.wire - http-outgoing-126 << "[\r][\n]"
02:20:53.272 [Test worker] DEBUG org.apache.http.headers - http-outgoing-126 << HTTP/1.1 204 No Content
02:20:53.272 [Test worker] DEBUG org.apache.http.headers - http-outgoing-126 << Server: Docker/1.12.3 (linux)
02:20:53.272 [Test worker] DEBUG org.apache.http.headers - http-outgoing-126 << Date: Tue, 03 Jan 2017 01:20:53 GMT
02:20:53.272 [Test worker] DEBUG o.a.h.impl.execchain.MainClientExec - Connection can be kept alive indefinitely
02:20:53.272 [Test worker] DEBUG c.g.d.j.JerseyDockerCmdExecFactory$1 - Connection [id: 126][route: {s}->https://Thesis:2376][state: CN=Thesis] can be kept alive indefinitely
02:20:53.272 [Test worker] DEBUG c.g.d.j.JerseyDockerCmdExecFactory$1 - Connection released: [id: 126][route: {s}->https://Thesis:2376][state: CN=Thesis][total kept alive: 2; route allocated: 2 of 2; total allocated: 2 of 20]
02:20:53.272 [Test worker] DEBUG c.g.d.j.JerseyDockerCmdExecFactory - 26 * Client response received on thread Test worker
26 < 204
26 < Date: Tue, 03 Jan 2017 01:20:53 GMT
26 < Server: Docker/1.12.3 (linux)

02:20:53.272 [Test worker] DEBUG org.openbaton.docker.DockerVim - Server deleted successfully
02:20:53.272 [Test worker] DEBUG c.g.d.core.command.AbstrDockerCmd - Cmd: com.github.dockerjava.core.util.FiltersBuilder@0,com.github.dockerjava.jaxrs.ListNetworksCmdExec@1a46725d
02:20:53.273 [Test worker] DEBUG c.g.d.j.JerseyDockerCmdExecFactory - 27 * Sending client request on thread Test worker
27 > GET https://Thesis:2376/networks
27 > Accept: application/json

02:20:53.273 [Test worker] DEBUG o.a.h.c.protocol.RequestAddCookies - CookieSpec selected: default
02:20:53.273 [Test worker] DEBUG o.a.h.c.protocol.RequestAuthCache - Auth cache not set in the context
02:20:53.273 [Test worker] DEBUG c.g.d.j.JerseyDockerCmdExecFactory$1 - Connection request: [route: {s}->https://Thesis:2376][total kept alive: 2; route allocated: 2 of 2; total allocated: 2 of 20]
02:20:53.273 [Test worker] DEBUG o.a.h.i.c.DefaultManagedHttpClientConnection - http-outgoing-123: Close connection
02:20:53.273 [Test worker] DEBUG c.g.d.j.JerseyDockerCmdExecFactory$1 - Connection leased: [id: 127][route: {s}->https://Thesis:2376][total kept alive: 1; route allocated: 2 of 2; total allocated: 2 of 20]
02:20:53.273 [Test worker] DEBUG o.a.h.impl.execchain.MainClientExec - Opening connection {s}->https://Thesis:2376
02:20:53.273 [Test worker] DEBUG o.a.h.i.c.DefaultHttpClientConnectionOperator - Connecting to Thesis/127.0.1.1:2376
02:20:53.273 [Test worker] DEBUG o.a.h.c.s.SSLConnectionSocketFactory - Connecting socket to Thesis/127.0.1.1:2376 with timeout 0
02:20:53.277 [Test worker] DEBUG o.a.h.c.s.SSLConnectionSocketFactory - Enabled protocols: [TLSv1]
02:20:53.277 [Test worker] DEBUG o.a.h.c.s.SSLConnectionSocketFactory - Enabled cipher suites:[TLS_ECDHE_ECDSA_WITH_AES_128_CBC_SHA, TLS_ECDHE_RSA_WITH_AES_128_CBC_SHA, TLS_RSA_WITH_AES_128_CBC_SHA, TLS_ECDH_ECDSA_WITH_AES_128_CBC_SHA, TLS_ECDH_RSA_WITH_AES_128_CBC_SHA, TLS_DHE_RSA_WITH_AES_128_CBC_SHA, TLS_DHE_DSS_WITH_AES_128_CBC_SHA, TLS_ECDHE_ECDSA_WITH_3DES_EDE_CBC_SHA, TLS_ECDHE_RSA_WITH_3DES_EDE_CBC_SHA, SSL_RSA_WITH_3DES_EDE_CBC_SHA, TLS_ECDH_ECDSA_WITH_3DES_EDE_CBC_SHA, TLS_ECDH_RSA_WITH_3DES_EDE_CBC_SHA, SSL_DHE_RSA_WITH_3DES_EDE_CBC_SHA, SSL_DHE_DSS_WITH_3DES_EDE_CBC_SHA, TLS_ECDHE_ECDSA_WITH_RC4_128_SHA, TLS_ECDHE_RSA_WITH_RC4_128_SHA, SSL_RSA_WITH_RC4_128_SHA, TLS_ECDH_ECDSA_WITH_RC4_128_SHA, TLS_ECDH_RSA_WITH_RC4_128_SHA, SSL_RSA_WITH_RC4_128_MD5, TLS_EMPTY_RENEGOTIATION_INFO_SCSV]
02:20:53.277 [Test worker] DEBUG o.a.h.c.s.SSLConnectionSocketFactory - Starting handshake
02:20:53.369 [Test worker] DEBUG o.a.h.c.s.SSLConnectionSocketFactory - Secure session established
02:20:53.369 [Test worker] DEBUG o.a.h.c.s.SSLConnectionSocketFactory -  negotiated protocol: TLSv1
02:20:53.369 [Test worker] DEBUG o.a.h.c.s.SSLConnectionSocketFactory -  negotiated cipher suite: TLS_ECDHE_RSA_WITH_AES_128_CBC_SHA
02:20:53.369 [Test worker] DEBUG o.a.h.c.s.SSLConnectionSocketFactory -  peer principal: CN=Thesis
02:20:53.369 [Test worker] DEBUG o.a.h.c.s.SSLConnectionSocketFactory -  issuer principal: EMAILADDRESS=sha@yamil.com, CN=Thesis, OU=Open, O=Fra, L=BER, ST=BER, C=DE
02:20:53.369 [Test worker] DEBUG o.a.h.i.c.DefaultHttpClientConnectionOperator - Connection established 127.0.0.1:41130<->127.0.1.1:2376
02:20:53.370 [Test worker] DEBUG o.a.h.impl.execchain.MainClientExec - Executing request GET /networks HTTP/1.1
02:20:53.370 [Test worker] DEBUG o.a.h.impl.execchain.MainClientExec - Target auth state: UNCHALLENGED
02:20:53.370 [Test worker] DEBUG o.a.h.impl.execchain.MainClientExec - Proxy auth state: UNCHALLENGED
02:20:53.370 [Test worker] DEBUG org.apache.http.headers - http-outgoing-127 >> GET /networks HTTP/1.1
02:20:53.370 [Test worker] DEBUG org.apache.http.headers - http-outgoing-127 >> Accept: application/json
02:20:53.370 [Test worker] DEBUG org.apache.http.headers - http-outgoing-127 >> User-Agent: Jersey/2.23.1 (Apache HttpClient 4.5.1)
02:20:53.370 [Test worker] DEBUG org.apache.http.headers - http-outgoing-127 >> Host: Thesis:2376
02:20:53.370 [Test worker] DEBUG org.apache.http.headers - http-outgoing-127 >> Connection: Keep-Alive
02:20:53.371 [Test worker] DEBUG org.apache.http.headers - http-outgoing-127 >> Accept-Encoding: gzip,deflate
02:20:53.371 [Test worker] DEBUG org.apache.http.wire - http-outgoing-127 >> "GET /networks HTTP/1.1[\r][\n]"
02:20:53.371 [Test worker] DEBUG org.apache.http.wire - http-outgoing-127 >> "Accept: application/json[\r][\n]"
02:20:53.371 [Test worker] DEBUG org.apache.http.wire - http-outgoing-127 >> "User-Agent: Jersey/2.23.1 (Apache HttpClient 4.5.1)[\r][\n]"
02:20:53.371 [Test worker] DEBUG org.apache.http.wire - http-outgoing-127 >> "Host: Thesis:2376[\r][\n]"
02:20:53.371 [Test worker] DEBUG org.apache.http.wire - http-outgoing-127 >> "Connection: Keep-Alive[\r][\n]"
02:20:53.371 [Test worker] DEBUG org.apache.http.wire - http-outgoing-127 >> "Accept-Encoding: gzip,deflate[\r][\n]"
02:20:53.371 [Test worker] DEBUG org.apache.http.wire - http-outgoing-127 >> "[\r][\n]"
02:20:53.372 [Test worker] DEBUG org.apache.http.wire - http-outgoing-127 << "H"
02:20:53.372 [Test worker] DEBUG org.apache.http.wire - http-outgoing-127 << "TTP/1.1 200 OK[\r][\n]"
02:20:53.372 [Test worker] DEBUG org.apache.http.wire - http-outgoing-127 << "Content-Type: application/json[\r][\n]"
02:20:53.372 [Test worker] DEBUG org.apache.http.wire - http-outgoing-127 << "Server: Docker/1.12.3 (linux)[\r][\n]"
02:20:53.372 [Test worker] DEBUG org.apache.http.wire - http-outgoing-127 << "Date: Tue, 03 Jan 2017 01:20:53 GMT[\r][\n]"
02:20:53.373 [Test worker] DEBUG org.apache.http.wire - http-outgoing-127 << "Content-Length: 1411[\r][\n]"
02:20:53.373 [Test worker] DEBUG org.apache.http.wire - http-outgoing-127 << "[\r][\n]"
02:20:53.373 [Test worker] DEBUG org.apache.http.wire - http-outgoing-127 << "[{"Name":"none","Id":"4d89c194eb79cd2beb38458d10a1b98c74d6b8462af72afde29ae7aca53ed5ca","Scope":"local","Driver":"null","EnableIPv6":false,"IPAM":{"Driver":"default","Options":null,"Config":[]},"Internal":false,"Containers":{},"Options":{},"Labels":{}},{"Name":"bridge","Id":"e0d36057aa1769e9fd52ba88be81b698b495f9b6b4946d0f98f24d971a27fc98","Scope":"local","Driver":"bridge","EnableIPv6":false,"IPAM":{"Driver":"default","Options":null,"Config":[{"Subnet":"172.17.0.0/16","Gateway":"172.17.0.1"}]},"Internal":false,"Containers":{},"Options":{"com.docker.network.bridge.default_bridge":"true","com.docker.network.bridge.enable_icc":"true","com.docker.network.bridge.enable_ip_masquerade":"true","com.docker.network.bridge.host_binding_ipv4":"0.0.0.0","com.docker.network.bridge.name":"docker0","com.docker.network.driver.mtu":"1500"},"Labels":{}},{"Name":"host","Id":"fe042b0866671b5be4f097ba43830c0a02959c058702d18e18c14a24d88a357d","Scope":"local","Driver":"host","EnableIPv6":false,"IPAM":{"Driver":"default","Options":null,"Config":[]},"Internal":false,"Containers":{},"Options":{},"Labels":{}},{"Name":"MyNetwork","Id":"3ef90625aebeb865ad6cf5503d4319cb2c5d8695d4d950e1aae51f100d2b95c9","Scope":"local","Driver":"bridge","EnableIPv6":false,"IPAM":{"Driver":"default","Options":null,"Config":[{"Subnet":"172.18.0.0/16","Gateway":"172.18.0.1/16"}]},"Internal":false,"Containers":{},"Options":{},"Labels":{}}][\n]"
02:20:53.373 [Test worker] DEBUG org.apache.http.headers - http-outgoing-127 << HTTP/1.1 200 OK
02:20:53.373 [Test worker] DEBUG org.apache.http.headers - http-outgoing-127 << Content-Type: application/json
02:20:53.373 [Test worker] DEBUG org.apache.http.headers - http-outgoing-127 << Server: Docker/1.12.3 (linux)
02:20:53.373 [Test worker] DEBUG org.apache.http.headers - http-outgoing-127 << Date: Tue, 03 Jan 2017 01:20:53 GMT
02:20:53.373 [Test worker] DEBUG org.apache.http.headers - http-outgoing-127 << Content-Length: 1411
02:20:53.373 [Test worker] DEBUG o.a.h.impl.execchain.MainClientExec - Connection can be kept alive indefinitely
02:20:53.374 [Test worker] DEBUG c.g.d.j.JerseyDockerCmdExecFactory - 28 * Client response received on thread Test worker
28 < 200
28 < Content-Length: 1411
28 < Content-Type: application/json
28 < Date: Tue, 03 Jan 2017 01:20:53 GMT
28 < Server: Docker/1.12.3 (linux)
[{"Name":"none","Id":"4d89c194eb79cd2beb38458d10a1b98c74d6b8462af72afde29ae7aca53ed5ca","Scope":"local","Driver":"null","EnableIPv6":false,"IPAM":{"Driver":"default","Options":null,"Config":[]},"Internal":false,"Containers":{},"Options":{},"Labels":{}},{"Name":"bridge","Id":"e0d36057aa1769e9fd52ba88be81b698b495f9b6b4946d0f98f24d971a27fc98","Scope":"local","Driver":"bridge","EnableIPv6":false,"IPAM":{"Driver":"default","Options":null,"Config":[{"Subnet":"172.17.0.0/16","Gateway":"172.17.0.1"}]},"Internal":false,"Containers":{},"Options":{"com.docker.network.bridge.default_bridge":"true","com.docker.network.bridge.enable_icc":"true","com.docker.network.bridge.enable_ip_masquerade":"true","com.docker.network.bridge.host_binding_ipv4":"0.0.0.0","com.docker.network.bridge.name":"docker0","com.docker.network.driver.mtu":"1500"},"Labels":{}},{"Name":"host","Id":"fe042b0866671b5be4f097ba43830c0a02959c058702d18e18c14a24d88a357d","Scope":"local","Driver":"host","EnableIPv6":false,"IPAM":{"Driver":"default","Options":null,"Config":[]},"Internal":false,"Containers":{},"Options":{},"Labels":{}},{"Name":"MyNetwork","Id":"3ef90625aebeb865ad6cf5503d4319cb2c5d8695d4d950e1aae51f100d2b95c9","Scope":"local","Driver":"bridge","EnableIPv6":false,"IPAM":{"Driver":"default","Options":null,"Config":[{"Subnet":"172.18.0.0/16","Gateway":"172.18.0.1/16"}]},"Internal":false,"Containers":{},"Options":{},"Labels":{}}]


02:20:53.375 [Test worker] DEBUG o.a.h.i.c.DefaultManagedHttpClientConnection - http-outgoing-127: Close connection
02:20:53.375 [Test worker] DEBUG o.a.h.impl.execchain.MainClientExec - Connection discarded
02:20:53.375 [Test worker] DEBUG c.g.d.j.JerseyDockerCmdExecFactory$1 - Connection released: [id: 127][route: {s}->https://Thesis:2376][total kept alive: 1; route allocated: 1 of 2; total allocated: 1 of 20]
02:20:53.376 [Test worker] DEBUG org.openbaton.docker.DockerVim - Found a docker network, transformed into a NFV network Network{id='3ef90625aebeb865ad6cf5503d4319cb2c5d8695d4d950e1aae51f100d2b95c9', name='MyNetwork', extId='null', external=false, shared=false, subnets=[Subnet{id='null', version=0, name='bridge', extId='null', networkId='172.18.0.0/16', cidr='null', gatewayIp='172.18.0.1/16'}]}
02:20:53.376 [Test worker] DEBUG c.g.d.core.command.AbstrDockerCmd - Cmd: 3ef90625aebeb865ad6cf5503d4319cb2c5d8695d4d950e1aae51f100d2b95c9,com.github.dockerjava.jaxrs.RemoveNetworkCmdExec@4ee2f6cd
02:20:53.376 [Test worker] DEBUG c.g.d.j.JerseyDockerCmdExecFactory - 29 * Sending client request on thread Test worker
29 > DELETE https://Thesis:2376/networks/3ef90625aebeb865ad6cf5503d4319cb2c5d8695d4d950e1aae51f100d2b95c9
29 > Accept: application/json

02:20:53.377 [Test worker] DEBUG o.a.h.c.protocol.RequestAddCookies - CookieSpec selected: default
02:20:53.377 [Test worker] DEBUG o.a.h.c.protocol.RequestAuthCache - Auth cache not set in the context
02:20:53.377 [Test worker] DEBUG c.g.d.j.JerseyDockerCmdExecFactory$1 - Connection request: [route: {s}->https://Thesis:2376][total kept alive: 1; route allocated: 1 of 2; total allocated: 1 of 20]
02:20:53.377 [Test worker] DEBUG c.g.d.j.JerseyDockerCmdExecFactory$1 - Connection leased: [id: 128][route: {s}->https://Thesis:2376][total kept alive: 1; route allocated: 2 of 2; total allocated: 2 of 20]
02:20:53.377 [Test worker] DEBUG o.a.h.impl.execchain.MainClientExec - Opening connection {s}->https://Thesis:2376
02:20:53.377 [Test worker] DEBUG o.a.h.i.c.DefaultHttpClientConnectionOperator - Connecting to Thesis/127.0.1.1:2376
02:20:53.377 [Test worker] DEBUG o.a.h.c.s.SSLConnectionSocketFactory - Connecting socket to Thesis/127.0.1.1:2376 with timeout 0
02:20:53.381 [Test worker] DEBUG o.a.h.c.s.SSLConnectionSocketFactory - Enabled protocols: [TLSv1]
02:20:53.381 [Test worker] DEBUG o.a.h.c.s.SSLConnectionSocketFactory - Enabled cipher suites:[TLS_ECDHE_ECDSA_WITH_AES_128_CBC_SHA, TLS_ECDHE_RSA_WITH_AES_128_CBC_SHA, TLS_RSA_WITH_AES_128_CBC_SHA, TLS_ECDH_ECDSA_WITH_AES_128_CBC_SHA, TLS_ECDH_RSA_WITH_AES_128_CBC_SHA, TLS_DHE_RSA_WITH_AES_128_CBC_SHA, TLS_DHE_DSS_WITH_AES_128_CBC_SHA, TLS_ECDHE_ECDSA_WITH_3DES_EDE_CBC_SHA, TLS_ECDHE_RSA_WITH_3DES_EDE_CBC_SHA, SSL_RSA_WITH_3DES_EDE_CBC_SHA, TLS_ECDH_ECDSA_WITH_3DES_EDE_CBC_SHA, TLS_ECDH_RSA_WITH_3DES_EDE_CBC_SHA, SSL_DHE_RSA_WITH_3DES_EDE_CBC_SHA, SSL_DHE_DSS_WITH_3DES_EDE_CBC_SHA, TLS_ECDHE_ECDSA_WITH_RC4_128_SHA, TLS_ECDHE_RSA_WITH_RC4_128_SHA, SSL_RSA_WITH_RC4_128_SHA, TLS_ECDH_ECDSA_WITH_RC4_128_SHA, TLS_ECDH_RSA_WITH_RC4_128_SHA, SSL_RSA_WITH_RC4_128_MD5, TLS_EMPTY_RENEGOTIATION_INFO_SCSV]
02:20:53.381 [Test worker] DEBUG o.a.h.c.s.SSLConnectionSocketFactory - Starting handshake
02:20:53.442 [Test worker] DEBUG o.a.h.c.s.SSLConnectionSocketFactory - Secure session established
02:20:53.442 [Test worker] DEBUG o.a.h.c.s.SSLConnectionSocketFactory -  negotiated protocol: TLSv1
02:20:53.442 [Test worker] DEBUG o.a.h.c.s.SSLConnectionSocketFactory -  negotiated cipher suite: TLS_ECDHE_RSA_WITH_AES_128_CBC_SHA
02:20:53.442 [Test worker] DEBUG o.a.h.c.s.SSLConnectionSocketFactory -  peer principal: CN=Thesis
02:20:53.442 [Test worker] DEBUG o.a.h.c.s.SSLConnectionSocketFactory -  issuer principal: EMAILADDRESS=sha@yamil.com, CN=Thesis, OU=Open, O=Fra, L=BER, ST=BER, C=DE
02:20:53.443 [Test worker] DEBUG o.a.h.i.c.DefaultHttpClientConnectionOperator - Connection established 127.0.0.1:41132<->127.0.1.1:2376
02:20:53.443 [Test worker] DEBUG o.a.h.impl.execchain.MainClientExec - Executing request DELETE /networks/3ef90625aebeb865ad6cf5503d4319cb2c5d8695d4d950e1aae51f100d2b95c9 HTTP/1.1
02:20:53.443 [Test worker] DEBUG o.a.h.impl.execchain.MainClientExec - Target auth state: UNCHALLENGED
02:20:53.443 [Test worker] DEBUG o.a.h.impl.execchain.MainClientExec - Proxy auth state: UNCHALLENGED
02:20:53.443 [Test worker] DEBUG org.apache.http.headers - http-outgoing-128 >> DELETE /networks/3ef90625aebeb865ad6cf5503d4319cb2c5d8695d4d950e1aae51f100d2b95c9 HTTP/1.1
02:20:53.443 [Test worker] DEBUG org.apache.http.headers - http-outgoing-128 >> Accept: application/json
02:20:53.443 [Test worker] DEBUG org.apache.http.headers - http-outgoing-128 >> User-Agent: Jersey/2.23.1 (Apache HttpClient 4.5.1)
02:20:53.443 [Test worker] DEBUG org.apache.http.headers - http-outgoing-128 >> Host: Thesis:2376
02:20:53.443 [Test worker] DEBUG org.apache.http.headers - http-outgoing-128 >> Connection: Keep-Alive
02:20:53.444 [Test worker] DEBUG org.apache.http.headers - http-outgoing-128 >> Accept-Encoding: gzip,deflate
02:20:53.444 [Test worker] DEBUG org.apache.http.wire - http-outgoing-128 >> "DELETE /networks/3ef90625aebeb865ad6cf5503d4319cb2c5d8695d4d950e1aae51f100d2b95c9 HTTP/1.1[\r][\n]"
02:20:53.444 [Test worker] DEBUG org.apache.http.wire - http-outgoing-128 >> "Accept: application/json[\r][\n]"
02:20:53.444 [Test worker] DEBUG org.apache.http.wire - http-outgoing-128 >> "User-Agent: Jersey/2.23.1 (Apache HttpClient 4.5.1)[\r][\n]"
02:20:53.444 [Test worker] DEBUG org.apache.http.wire - http-outgoing-128 >> "Host: Thesis:2376[\r][\n]"
02:20:53.444 [Test worker] DEBUG org.apache.http.wire - http-outgoing-128 >> "Connection: Keep-Alive[\r][\n]"
02:20:53.444 [Test worker] DEBUG org.apache.http.wire - http-outgoing-128 >> "Accept-Encoding: gzip,deflate[\r][\n]"
02:20:53.444 [Test worker] DEBUG org.apache.http.wire - http-outgoing-128 >> "[\r][\n]"
02:20:53.519 [Test worker] DEBUG org.apache.http.wire - http-outgoing-128 << "H"
02:20:53.519 [Test worker] DEBUG org.apache.http.wire - http-outgoing-128 << "TTP/1.1 204 No Content[\r][\n]"
02:20:53.519 [Test worker] DEBUG org.apache.http.wire - http-outgoing-128 << "Server: Docker/1.12.3 (linux)[\r][\n]"
02:20:53.519 [Test worker] DEBUG org.apache.http.wire - http-outgoing-128 << "Date: Tue, 03 Jan 2017 01:20:53 GMT[\r][\n]"
02:20:53.520 [Test worker] DEBUG org.apache.http.wire - http-outgoing-128 << "[\r][\n]"
02:20:53.520 [Test worker] DEBUG org.apache.http.headers - http-outgoing-128 << HTTP/1.1 204 No Content
02:20:53.520 [Test worker] DEBUG org.apache.http.headers - http-outgoing-128 << Server: Docker/1.12.3 (linux)
02:20:53.520 [Test worker] DEBUG org.apache.http.headers - http-outgoing-128 << Date: Tue, 03 Jan 2017 01:20:53 GMT
02:20:53.520 [Test worker] DEBUG o.a.h.impl.execchain.MainClientExec - Connection can be kept alive indefinitely
02:20:53.520 [Test worker] DEBUG c.g.d.j.JerseyDockerCmdExecFactory$1 - Connection [id: 128][route: {s}->https://Thesis:2376][state: CN=Thesis] can be kept alive indefinitely
02:20:53.520 [Test worker] DEBUG c.g.d.j.JerseyDockerCmdExecFactory$1 - Connection released: [id: 128][route: {s}->https://Thesis:2376][state: CN=Thesis][total kept alive: 2; route allocated: 2 of 2; total allocated: 2 of 20]
02:20:53.520 [Test worker] DEBUG c.g.d.j.JerseyDockerCmdExecFactory - 30 * Client response received on thread Test worker
30 < 204
30 < Date: Tue, 03 Jan 2017 01:20:53 GMT
30 < Server: Docker/1.12.3 (linux)

02:20:53.520 [Test worker] INFO  org.openbaton.docker.DockerVim - Network '3ef90625aebeb865ad6cf5503d4319cb2c5d8695d4d950e1aae51f100d2b95c9' deleted successfully
02:20:53.520 [Test worker] DEBUG c.g.d.core.command.AbstrDockerCmd - Cmd: com.github.dockerjava.core.util.FiltersBuilder@0,com.github.dockerjava.jaxrs.ListVolumesCmdExec@645b5be2
02:20:53.521 [Test worker] DEBUG c.g.d.j.JerseyDockerCmdExecFactory - 31 * Sending client request on thread Test worker
31 > GET https://Thesis:2376/volumes
31 > Accept: application/json

02:20:53.522 [Test worker] DEBUG o.a.h.c.protocol.RequestAddCookies - CookieSpec selected: default
02:20:53.522 [Test worker] DEBUG o.a.h.c.protocol.RequestAuthCache - Auth cache not set in the context
02:20:53.522 [Test worker] DEBUG c.g.d.j.JerseyDockerCmdExecFactory$1 - Connection request: [route: {s}->https://Thesis:2376][total kept alive: 2; route allocated: 2 of 2; total allocated: 2 of 20]
02:20:53.522 [Test worker] DEBUG o.a.h.i.c.DefaultManagedHttpClientConnection - http-outgoing-126: Close connection
02:20:53.522 [Test worker] DEBUG c.g.d.j.JerseyDockerCmdExecFactory$1 - Connection leased: [id: 129][route: {s}->https://Thesis:2376][total kept alive: 1; route allocated: 2 of 2; total allocated: 2 of 20]
02:20:53.523 [Test worker] DEBUG o.a.h.impl.execchain.MainClientExec - Opening connection {s}->https://Thesis:2376
02:20:53.523 [Test worker] DEBUG o.a.h.i.c.DefaultHttpClientConnectionOperator - Connecting to Thesis/127.0.1.1:2376
02:20:53.523 [Test worker] DEBUG o.a.h.c.s.SSLConnectionSocketFactory - Connecting socket to Thesis/127.0.1.1:2376 with timeout 0
02:20:53.524 [Test worker] DEBUG o.a.h.c.s.SSLConnectionSocketFactory - Enabled protocols: [TLSv1]
02:20:53.524 [Test worker] DEBUG o.a.h.c.s.SSLConnectionSocketFactory - Enabled cipher suites:[TLS_ECDHE_ECDSA_WITH_AES_128_CBC_SHA, TLS_ECDHE_RSA_WITH_AES_128_CBC_SHA, TLS_RSA_WITH_AES_128_CBC_SHA, TLS_ECDH_ECDSA_WITH_AES_128_CBC_SHA, TLS_ECDH_RSA_WITH_AES_128_CBC_SHA, TLS_DHE_RSA_WITH_AES_128_CBC_SHA, TLS_DHE_DSS_WITH_AES_128_CBC_SHA, TLS_ECDHE_ECDSA_WITH_3DES_EDE_CBC_SHA, TLS_ECDHE_RSA_WITH_3DES_EDE_CBC_SHA, SSL_RSA_WITH_3DES_EDE_CBC_SHA, TLS_ECDH_ECDSA_WITH_3DES_EDE_CBC_SHA, TLS_ECDH_RSA_WITH_3DES_EDE_CBC_SHA, SSL_DHE_RSA_WITH_3DES_EDE_CBC_SHA, SSL_DHE_DSS_WITH_3DES_EDE_CBC_SHA, TLS_ECDHE_ECDSA_WITH_RC4_128_SHA, TLS_ECDHE_RSA_WITH_RC4_128_SHA, SSL_RSA_WITH_RC4_128_SHA, TLS_ECDH_ECDSA_WITH_RC4_128_SHA, TLS_ECDH_RSA_WITH_RC4_128_SHA, SSL_RSA_WITH_RC4_128_MD5, TLS_EMPTY_RENEGOTIATION_INFO_SCSV]
02:20:53.524 [Test worker] DEBUG o.a.h.c.s.SSLConnectionSocketFactory - Starting handshake
02:20:53.587 [Test worker] DEBUG o.a.h.c.s.SSLConnectionSocketFactory - Secure session established
02:20:53.588 [Test worker] DEBUG o.a.h.c.s.SSLConnectionSocketFactory -  negotiated protocol: TLSv1
02:20:53.588 [Test worker] DEBUG o.a.h.c.s.SSLConnectionSocketFactory -  negotiated cipher suite: TLS_ECDHE_RSA_WITH_AES_128_CBC_SHA
02:20:53.588 [Test worker] DEBUG o.a.h.c.s.SSLConnectionSocketFactory -  peer principal: CN=Thesis
02:20:53.588 [Test worker] DEBUG o.a.h.c.s.SSLConnectionSocketFactory -  issuer principal: EMAILADDRESS=sha@yamil.com, CN=Thesis, OU=Open, O=Fra, L=BER, ST=BER, C=DE
02:20:53.588 [Test worker] DEBUG o.a.h.i.c.DefaultHttpClientConnectionOperator - Connection established 127.0.0.1:41134<->127.0.1.1:2376
02:20:53.588 [Test worker] DEBUG o.a.h.impl.execchain.MainClientExec - Executing request GET /volumes HTTP/1.1
02:20:53.589 [Test worker] DEBUG o.a.h.impl.execchain.MainClientExec - Target auth state: UNCHALLENGED
02:20:53.589 [Test worker] DEBUG o.a.h.impl.execchain.MainClientExec - Proxy auth state: UNCHALLENGED
02:20:53.589 [Test worker] DEBUG org.apache.http.headers - http-outgoing-129 >> GET /volumes HTTP/1.1
02:20:53.589 [Test worker] DEBUG org.apache.http.headers - http-outgoing-129 >> Accept: application/json
02:20:53.589 [Test worker] DEBUG org.apache.http.headers - http-outgoing-129 >> User-Agent: Jersey/2.23.1 (Apache HttpClient 4.5.1)
02:20:53.589 [Test worker] DEBUG org.apache.http.headers - http-outgoing-129 >> Host: Thesis:2376
02:20:53.589 [Test worker] DEBUG org.apache.http.headers - http-outgoing-129 >> Connection: Keep-Alive
02:20:53.589 [Test worker] DEBUG org.apache.http.headers - http-outgoing-129 >> Accept-Encoding: gzip,deflate
02:20:53.589 [Test worker] DEBUG org.apache.http.wire - http-outgoing-129 >> "GET /volumes HTTP/1.1[\r][\n]"
02:20:53.590 [Test worker] DEBUG org.apache.http.wire - http-outgoing-129 >> "Accept: application/json[\r][\n]"
02:20:53.590 [Test worker] DEBUG org.apache.http.wire - http-outgoing-129 >> "User-Agent: Jersey/2.23.1 (Apache HttpClient 4.5.1)[\r][\n]"
02:20:53.590 [Test worker] DEBUG org.apache.http.wire - http-outgoing-129 >> "Host: Thesis:2376[\r][\n]"
02:20:53.590 [Test worker] DEBUG org.apache.http.wire - http-outgoing-129 >> "Connection: Keep-Alive[\r][\n]"
02:20:53.590 [Test worker] DEBUG org.apache.http.wire - http-outgoing-129 >> "Accept-Encoding: gzip,deflate[\r][\n]"
02:20:53.590 [Test worker] DEBUG org.apache.http.wire - http-outgoing-129 >> "[\r][\n]"
02:20:53.591 [Test worker] DEBUG org.apache.http.wire - http-outgoing-129 << "H"
02:20:53.591 [Test worker] DEBUG org.apache.http.wire - http-outgoing-129 << "TTP/1.1 200 OK[\r][\n]"
02:20:53.591 [Test worker] DEBUG org.apache.http.wire - http-outgoing-129 << "Content-Type: application/json[\r][\n]"
02:20:53.591 [Test worker] DEBUG org.apache.http.wire - http-outgoing-129 << "Server: Docker/1.12.3 (linux)[\r][\n]"
02:20:53.591 [Test worker] DEBUG org.apache.http.wire - http-outgoing-129 << "Date: Tue, 03 Jan 2017 01:20:53 GMT[\r][\n]"
02:20:53.591 [Test worker] DEBUG org.apache.http.wire - http-outgoing-129 << "Content-Length: 33[\r][\n]"
02:20:53.591 [Test worker] DEBUG org.apache.http.wire - http-outgoing-129 << "[\r][\n]"
02:20:53.591 [Test worker] DEBUG org.apache.http.wire - http-outgoing-129 << "{"Volumes":null,"Warnings":null}[\n]"
02:20:53.591 [Test worker] DEBUG org.apache.http.headers - http-outgoing-129 << HTTP/1.1 200 OK
02:20:53.592 [Test worker] DEBUG org.apache.http.headers - http-outgoing-129 << Content-Type: application/json
02:20:53.592 [Test worker] DEBUG org.apache.http.headers - http-outgoing-129 << Server: Docker/1.12.3 (linux)
02:20:53.592 [Test worker] DEBUG org.apache.http.headers - http-outgoing-129 << Date: Tue, 03 Jan 2017 01:20:53 GMT
02:20:53.592 [Test worker] DEBUG org.apache.http.headers - http-outgoing-129 << Content-Length: 33
02:20:53.592 [Test worker] DEBUG o.a.h.impl.execchain.MainClientExec - Connection can be kept alive indefinitely
02:20:53.592 [Test worker] DEBUG c.g.d.j.JerseyDockerCmdExecFactory - 32 * Client response received on thread Test worker
32 < 200
32 < Content-Length: 33
32 < Content-Type: application/json
32 < Date: Tue, 03 Jan 2017 01:20:53 GMT
32 < Server: Docker/1.12.3 (linux)
{"Volumes":null,"Warnings":null}


02:20:53.593 [Test worker] DEBUG o.a.h.i.c.DefaultManagedHttpClientConnection - http-outgoing-129: Close connection
02:20:53.593 [Test worker] DEBUG o.a.h.impl.execchain.MainClientExec - Connection discarded
02:20:53.594 [Test worker] DEBUG c.g.d.j.JerseyDockerCmdExecFactory$1 - Connection released: [id: 129][route: {s}->https://Thesis:2376][total kept alive: 1; route allocated: 1 of 2; total allocated: 1 of 20]
02:20:53.595 [Test worker] DEBUG org.openbaton.docker.DockerVim - Loading properties
02:20:53.596 [Test worker] DEBUG org.openbaton.docker.DockerVim - Loaded properties: {vim.instance.auth.url=tcp://Thesis:2376, docker.cert.path=/home/sakib/.docker, type=docker, tls.verify=true}
02:20:53.600 [Test worker] DEBUG c.g.d.core.command.AbstrDockerCmd - Cmd: -1,<null>,true,<null>,<null>,com.github.dockerjava.core.util.FiltersBuilder@0,com.github.dockerjava.jaxrs.ListContainersCmdExec@28e3987a
02:20:53.618 [Test worker] DEBUG c.g.d.j.JerseyDockerCmdExecFactory - 1 * Sending client request on thread Test worker
1 > GET https://Thesis:2376/containers/json?all=true
1 > Accept: application/json

02:20:53.619 [Test worker] DEBUG o.a.h.c.protocol.RequestAddCookies - CookieSpec selected: default
02:20:53.619 [Test worker] DEBUG o.a.h.c.protocol.RequestAuthCache - Auth cache not set in the context
02:20:53.619 [Test worker] DEBUG c.g.d.j.JerseyDockerCmdExecFactory$1 - Connection request: [route: {s}->https://Thesis:2376][total kept alive: 0; route allocated: 0 of 2; total allocated: 0 of 20]
02:20:53.619 [Test worker] DEBUG c.g.d.j.JerseyDockerCmdExecFactory$1 - Connection leased: [id: 130][route: {s}->https://Thesis:2376][total kept alive: 0; route allocated: 1 of 2; total allocated: 1 of 20]
02:20:53.619 [Test worker] DEBUG o.a.h.impl.execchain.MainClientExec - Opening connection {s}->https://Thesis:2376
02:20:53.619 [Test worker] DEBUG o.a.h.i.c.DefaultHttpClientConnectionOperator - Connecting to Thesis/127.0.1.1:2376
02:20:53.620 [Test worker] DEBUG o.a.h.c.s.SSLConnectionSocketFactory - Connecting socket to Thesis/127.0.1.1:2376 with timeout 0
02:20:53.621 [Test worker] DEBUG o.a.h.c.s.SSLConnectionSocketFactory - Enabled protocols: [TLSv1]
02:20:53.621 [Test worker] DEBUG o.a.h.c.s.SSLConnectionSocketFactory - Enabled cipher suites:[TLS_ECDHE_ECDSA_WITH_AES_128_CBC_SHA, TLS_ECDHE_RSA_WITH_AES_128_CBC_SHA, TLS_RSA_WITH_AES_128_CBC_SHA, TLS_ECDH_ECDSA_WITH_AES_128_CBC_SHA, TLS_ECDH_RSA_WITH_AES_128_CBC_SHA, TLS_DHE_RSA_WITH_AES_128_CBC_SHA, TLS_DHE_DSS_WITH_AES_128_CBC_SHA, TLS_ECDHE_ECDSA_WITH_3DES_EDE_CBC_SHA, TLS_ECDHE_RSA_WITH_3DES_EDE_CBC_SHA, SSL_RSA_WITH_3DES_EDE_CBC_SHA, TLS_ECDH_ECDSA_WITH_3DES_EDE_CBC_SHA, TLS_ECDH_RSA_WITH_3DES_EDE_CBC_SHA, SSL_DHE_RSA_WITH_3DES_EDE_CBC_SHA, SSL_DHE_DSS_WITH_3DES_EDE_CBC_SHA, TLS_ECDHE_ECDSA_WITH_RC4_128_SHA, TLS_ECDHE_RSA_WITH_RC4_128_SHA, SSL_RSA_WITH_RC4_128_SHA, TLS_ECDH_ECDSA_WITH_RC4_128_SHA, TLS_ECDH_RSA_WITH_RC4_128_SHA, SSL_RSA_WITH_RC4_128_MD5, TLS_EMPTY_RENEGOTIATION_INFO_SCSV]
02:20:53.622 [Test worker] DEBUG o.a.h.c.s.SSLConnectionSocketFactory - Starting handshake
02:20:53.683 [Test worker] DEBUG o.a.h.c.s.SSLConnectionSocketFactory - Secure session established
02:20:53.684 [Test worker] DEBUG o.a.h.c.s.SSLConnectionSocketFactory -  negotiated protocol: TLSv1
02:20:53.684 [Test worker] DEBUG o.a.h.c.s.SSLConnectionSocketFactory -  negotiated cipher suite: TLS_ECDHE_RSA_WITH_AES_128_CBC_SHA
02:20:53.684 [Test worker] DEBUG o.a.h.c.s.SSLConnectionSocketFactory -  peer principal: CN=Thesis
02:20:53.684 [Test worker] DEBUG o.a.h.c.s.SSLConnectionSocketFactory -  issuer principal: EMAILADDRESS=sha@yamil.com, CN=Thesis, OU=Open, O=Fra, L=BER, ST=BER, C=DE
02:20:53.684 [Test worker] DEBUG o.a.h.i.c.DefaultHttpClientConnectionOperator - Connection established 127.0.0.1:41136<->127.0.1.1:2376
02:20:53.684 [Test worker] DEBUG o.a.h.impl.execchain.MainClientExec - Executing request GET /containers/json?all=true HTTP/1.1
02:20:53.684 [Test worker] DEBUG o.a.h.impl.execchain.MainClientExec - Target auth state: UNCHALLENGED
02:20:53.684 [Test worker] DEBUG o.a.h.impl.execchain.MainClientExec - Proxy auth state: UNCHALLENGED
02:20:53.685 [Test worker] DEBUG org.apache.http.headers - http-outgoing-130 >> GET /containers/json?all=true HTTP/1.1
02:20:53.685 [Test worker] DEBUG org.apache.http.headers - http-outgoing-130 >> Accept: application/json
02:20:53.685 [Test worker] DEBUG org.apache.http.headers - http-outgoing-130 >> User-Agent: Jersey/2.23.1 (Apache HttpClient 4.5.1)
02:20:53.685 [Test worker] DEBUG org.apache.http.headers - http-outgoing-130 >> Host: Thesis:2376
02:20:53.685 [Test worker] DEBUG org.apache.http.headers - http-outgoing-130 >> Connection: Keep-Alive
02:20:53.685 [Test worker] DEBUG org.apache.http.headers - http-outgoing-130 >> Accept-Encoding: gzip,deflate
02:20:53.685 [Test worker] DEBUG org.apache.http.wire - http-outgoing-130 >> "GET /containers/json?all=true HTTP/1.1[\r][\n]"
02:20:53.685 [Test worker] DEBUG org.apache.http.wire - http-outgoing-130 >> "Accept: application/json[\r][\n]"
02:20:53.685 [Test worker] DEBUG org.apache.http.wire - http-outgoing-130 >> "User-Agent: Jersey/2.23.1 (Apache HttpClient 4.5.1)[\r][\n]"
02:20:53.686 [Test worker] DEBUG org.apache.http.wire - http-outgoing-130 >> "Host: Thesis:2376[\r][\n]"
02:20:53.686 [Test worker] DEBUG org.apache.http.wire - http-outgoing-130 >> "Connection: Keep-Alive[\r][\n]"
02:20:53.686 [Test worker] DEBUG org.apache.http.wire - http-outgoing-130 >> "Accept-Encoding: gzip,deflate[\r][\n]"
02:20:53.686 [Test worker] DEBUG org.apache.http.wire - http-outgoing-130 >> "[\r][\n]"
02:20:53.686 [Test worker] DEBUG org.apache.http.wire - http-outgoing-130 << "H"
02:20:53.686 [Test worker] DEBUG org.apache.http.wire - http-outgoing-130 << "TTP/1.1 200 OK[\r][\n]"
02:20:53.686 [Test worker] DEBUG org.apache.http.wire - http-outgoing-130 << "Content-Type: application/json[\r][\n]"
02:20:53.687 [Test worker] DEBUG org.apache.http.wire - http-outgoing-130 << "Server: Docker/1.12.3 (linux)[\r][\n]"
02:20:53.687 [Test worker] DEBUG org.apache.http.wire - http-outgoing-130 << "Date: Tue, 03 Jan 2017 01:20:53 GMT[\r][\n]"
02:20:53.687 [Test worker] DEBUG org.apache.http.wire - http-outgoing-130 << "Content-Length: 3[\r][\n]"
02:20:53.687 [Test worker] DEBUG org.apache.http.wire - http-outgoing-130 << "[\r][\n]"
02:20:53.687 [Test worker] DEBUG org.apache.http.wire - http-outgoing-130 << "[][\n]"
02:20:53.687 [Test worker] DEBUG org.apache.http.headers - http-outgoing-130 << HTTP/1.1 200 OK
02:20:53.687 [Test worker] DEBUG org.apache.http.headers - http-outgoing-130 << Content-Type: application/json
02:20:53.687 [Test worker] DEBUG org.apache.http.headers - http-outgoing-130 << Server: Docker/1.12.3 (linux)
02:20:53.687 [Test worker] DEBUG org.apache.http.headers - http-outgoing-130 << Date: Tue, 03 Jan 2017 01:20:53 GMT
02:20:53.687 [Test worker] DEBUG org.apache.http.headers - http-outgoing-130 << Content-Length: 3
02:20:53.688 [Test worker] DEBUG o.a.h.impl.execchain.MainClientExec - Connection can be kept alive indefinitely
02:20:53.688 [Test worker] DEBUG c.g.d.j.JerseyDockerCmdExecFactory - 2 * Client response received on thread Test worker
2 < 200
2 < Content-Length: 3
2 < Content-Type: application/json
2 < Date: Tue, 03 Jan 2017 01:20:53 GMT
2 < Server: Docker/1.12.3 (linux)
[]


02:20:53.691 [Test worker] DEBUG c.g.d.j.JerseyDockerCmdExecFactory$1 - Connection [id: 130][route: {s}->https://Thesis:2376][state: CN=Thesis] can be kept alive indefinitely
02:20:53.691 [Test worker] DEBUG c.g.d.j.JerseyDockerCmdExecFactory$1 - Connection released: [id: 130][route: {s}->https://Thesis:2376][state: CN=Thesis][total kept alive: 1; route allocated: 1 of 2; total allocated: 1 of 20]
02:20:53.697 [Test worker] DEBUG c.g.d.core.command.AbstrDockerCmd - Cmd: com.github.dockerjava.core.util.FiltersBuilder@0,com.github.dockerjava.jaxrs.ListNetworksCmdExec@8ff58d4
02:20:53.697 [Test worker] DEBUG c.g.d.j.JerseyDockerCmdExecFactory - 3 * Sending client request on thread Test worker
3 > GET https://Thesis:2376/networks
3 > Accept: application/json

02:20:53.698 [Test worker] DEBUG o.a.h.c.protocol.RequestAddCookies - CookieSpec selected: default
02:20:53.698 [Test worker] DEBUG o.a.h.c.protocol.RequestAuthCache - Auth cache not set in the context
02:20:53.698 [Test worker] DEBUG c.g.d.j.JerseyDockerCmdExecFactory$1 - Connection request: [route: {s}->https://Thesis:2376][total kept alive: 1; route allocated: 1 of 2; total allocated: 1 of 20]
02:20:53.699 [Test worker] DEBUG c.g.d.j.JerseyDockerCmdExecFactory$1 - Connection leased: [id: 131][route: {s}->https://Thesis:2376][total kept alive: 1; route allocated: 2 of 2; total allocated: 2 of 20]
02:20:53.699 [Test worker] DEBUG o.a.h.impl.execchain.MainClientExec - Opening connection {s}->https://Thesis:2376
02:20:53.699 [Test worker] DEBUG o.a.h.i.c.DefaultHttpClientConnectionOperator - Connecting to Thesis/127.0.1.1:2376
02:20:53.699 [Test worker] DEBUG o.a.h.c.s.SSLConnectionSocketFactory - Connecting socket to Thesis/127.0.1.1:2376 with timeout 0
02:20:53.700 [Test worker] DEBUG o.a.h.c.s.SSLConnectionSocketFactory - Enabled protocols: [TLSv1]
02:20:53.700 [Test worker] DEBUG o.a.h.c.s.SSLConnectionSocketFactory - Enabled cipher suites:[TLS_ECDHE_ECDSA_WITH_AES_128_CBC_SHA, TLS_ECDHE_RSA_WITH_AES_128_CBC_SHA, TLS_RSA_WITH_AES_128_CBC_SHA, TLS_ECDH_ECDSA_WITH_AES_128_CBC_SHA, TLS_ECDH_RSA_WITH_AES_128_CBC_SHA, TLS_DHE_RSA_WITH_AES_128_CBC_SHA, TLS_DHE_DSS_WITH_AES_128_CBC_SHA, TLS_ECDHE_ECDSA_WITH_3DES_EDE_CBC_SHA, TLS_ECDHE_RSA_WITH_3DES_EDE_CBC_SHA, SSL_RSA_WITH_3DES_EDE_CBC_SHA, TLS_ECDH_ECDSA_WITH_3DES_EDE_CBC_SHA, TLS_ECDH_RSA_WITH_3DES_EDE_CBC_SHA, SSL_DHE_RSA_WITH_3DES_EDE_CBC_SHA, SSL_DHE_DSS_WITH_3DES_EDE_CBC_SHA, TLS_ECDHE_ECDSA_WITH_RC4_128_SHA, TLS_ECDHE_RSA_WITH_RC4_128_SHA, SSL_RSA_WITH_RC4_128_SHA, TLS_ECDH_ECDSA_WITH_RC4_128_SHA, TLS_ECDH_RSA_WITH_RC4_128_SHA, SSL_RSA_WITH_RC4_128_MD5, TLS_EMPTY_RENEGOTIATION_INFO_SCSV]
02:20:53.700 [Test worker] DEBUG o.a.h.c.s.SSLConnectionSocketFactory - Starting handshake
02:20:53.762 [Test worker] DEBUG o.a.h.c.s.SSLConnectionSocketFactory - Secure session established
02:20:53.762 [Test worker] DEBUG o.a.h.c.s.SSLConnectionSocketFactory -  negotiated protocol: TLSv1
02:20:53.762 [Test worker] DEBUG o.a.h.c.s.SSLConnectionSocketFactory -  negotiated cipher suite: TLS_ECDHE_RSA_WITH_AES_128_CBC_SHA
02:20:53.762 [Test worker] DEBUG o.a.h.c.s.SSLConnectionSocketFactory -  peer principal: CN=Thesis
02:20:53.763 [Test worker] DEBUG o.a.h.c.s.SSLConnectionSocketFactory -  issuer principal: EMAILADDRESS=sha@yamil.com, CN=Thesis, OU=Open, O=Fra, L=BER, ST=BER, C=DE
02:20:53.763 [Test worker] DEBUG o.a.h.i.c.DefaultHttpClientConnectionOperator - Connection established 127.0.0.1:41138<->127.0.1.1:2376
02:20:53.763 [Test worker] DEBUG o.a.h.impl.execchain.MainClientExec - Executing request GET /networks HTTP/1.1
02:20:53.763 [Test worker] DEBUG o.a.h.impl.execchain.MainClientExec - Target auth state: UNCHALLENGED
02:20:53.763 [Test worker] DEBUG o.a.h.impl.execchain.MainClientExec - Proxy auth state: UNCHALLENGED
02:20:53.763 [Test worker] DEBUG org.apache.http.headers - http-outgoing-131 >> GET /networks HTTP/1.1
02:20:53.763 [Test worker] DEBUG org.apache.http.headers - http-outgoing-131 >> Accept: application/json
02:20:53.763 [Test worker] DEBUG org.apache.http.headers - http-outgoing-131 >> User-Agent: Jersey/2.23.1 (Apache HttpClient 4.5.1)
02:20:53.764 [Test worker] DEBUG org.apache.http.headers - http-outgoing-131 >> Host: Thesis:2376
02:20:53.764 [Test worker] DEBUG org.apache.http.headers - http-outgoing-131 >> Connection: Keep-Alive
02:20:53.764 [Test worker] DEBUG org.apache.http.headers - http-outgoing-131 >> Accept-Encoding: gzip,deflate
02:20:53.764 [Test worker] DEBUG org.apache.http.wire - http-outgoing-131 >> "GET /networks HTTP/1.1[\r][\n]"
02:20:53.764 [Test worker] DEBUG org.apache.http.wire - http-outgoing-131 >> "Accept: application/json[\r][\n]"
02:20:53.764 [Test worker] DEBUG org.apache.http.wire - http-outgoing-131 >> "User-Agent: Jersey/2.23.1 (Apache HttpClient 4.5.1)[\r][\n]"
02:20:53.764 [Test worker] DEBUG org.apache.http.wire - http-outgoing-131 >> "Host: Thesis:2376[\r][\n]"
02:20:53.764 [Test worker] DEBUG org.apache.http.wire - http-outgoing-131 >> "Connection: Keep-Alive[\r][\n]"
02:20:53.764 [Test worker] DEBUG org.apache.http.wire - http-outgoing-131 >> "Accept-Encoding: gzip,deflate[\r][\n]"
02:20:53.764 [Test worker] DEBUG org.apache.http.wire - http-outgoing-131 >> "[\r][\n]"
02:20:53.765 [Test worker] DEBUG org.apache.http.wire - http-outgoing-131 << "H"
02:20:53.765 [Test worker] DEBUG org.apache.http.wire - http-outgoing-131 << "TTP/1.1 200 OK[\r][\n]"
02:20:53.765 [Test worker] DEBUG org.apache.http.wire - http-outgoing-131 << "Content-Type: application/json[\r][\n]"
02:20:53.765 [Test worker] DEBUG org.apache.http.wire - http-outgoing-131 << "Server: Docker/1.12.3 (linux)[\r][\n]"
02:20:53.765 [Test worker] DEBUG org.apache.http.wire - http-outgoing-131 << "Date: Tue, 03 Jan 2017 01:20:53 GMT[\r][\n]"
02:20:53.766 [Test worker] DEBUG org.apache.http.wire - http-outgoing-131 << "Content-Length: 1100[\r][\n]"
02:20:53.766 [Test worker] DEBUG org.apache.http.wire - http-outgoing-131 << "[\r][\n]"
02:20:53.766 [Test worker] DEBUG org.apache.http.wire - http-outgoing-131 << "[{"Name":"bridge","Id":"e0d36057aa1769e9fd52ba88be81b698b495f9b6b4946d0f98f24d971a27fc98","Scope":"local","Driver":"bridge","EnableIPv6":false,"IPAM":{"Driver":"default","Options":null,"Config":[{"Subnet":"172.17.0.0/16","Gateway":"172.17.0.1"}]},"Internal":false,"Containers":{},"Options":{"com.docker.network.bridge.default_bridge":"true","com.docker.network.bridge.enable_icc":"true","com.docker.network.bridge.enable_ip_masquerade":"true","com.docker.network.bridge.host_binding_ipv4":"0.0.0.0","com.docker.network.bridge.name":"docker0","com.docker.network.driver.mtu":"1500"},"Labels":{}},{"Name":"host","Id":"fe042b0866671b5be4f097ba43830c0a02959c058702d18e18c14a24d88a357d","Scope":"local","Driver":"host","EnableIPv6":false,"IPAM":{"Driver":"default","Options":null,"Config":[]},"Internal":false,"Containers":{},"Options":{},"Labels":{}},{"Name":"none","Id":"4d89c194eb79cd2beb38458d10a1b98c74d6b8462af72afde29ae7aca53ed5ca","Scope":"local","Driver":"null","EnableIPv6":false,"IPAM":{"Driver":"default","Options":null,"Config":[]},"Internal":false,"Containers":{},"Options":{},"Labels":{}}][\n]"
02:20:53.766 [Test worker] DEBUG org.apache.http.headers - http-outgoing-131 << HTTP/1.1 200 OK
02:20:53.766 [Test worker] DEBUG org.apache.http.headers - http-outgoing-131 << Content-Type: application/json
02:20:53.766 [Test worker] DEBUG org.apache.http.headers - http-outgoing-131 << Server: Docker/1.12.3 (linux)
02:20:53.766 [Test worker] DEBUG org.apache.http.headers - http-outgoing-131 << Date: Tue, 03 Jan 2017 01:20:53 GMT
02:20:53.766 [Test worker] DEBUG org.apache.http.headers - http-outgoing-131 << Content-Length: 1100
02:20:53.766 [Test worker] DEBUG o.a.h.impl.execchain.MainClientExec - Connection can be kept alive indefinitely
02:20:53.767 [Test worker] DEBUG c.g.d.j.JerseyDockerCmdExecFactory - 4 * Client response received on thread Test worker
4 < 200
4 < Content-Length: 1100
4 < Content-Type: application/json
4 < Date: Tue, 03 Jan 2017 01:20:53 GMT
4 < Server: Docker/1.12.3 (linux)
[{"Name":"bridge","Id":"e0d36057aa1769e9fd52ba88be81b698b495f9b6b4946d0f98f24d971a27fc98","Scope":"local","Driver":"bridge","EnableIPv6":false,"IPAM":{"Driver":"default","Options":null,"Config":[{"Subnet":"172.17.0.0/16","Gateway":"172.17.0.1"}]},"Internal":false,"Containers":{},"Options":{"com.docker.network.bridge.default_bridge":"true","com.docker.network.bridge.enable_icc":"true","com.docker.network.bridge.enable_ip_masquerade":"true","com.docker.network.bridge.host_binding_ipv4":"0.0.0.0","com.docker.network.bridge.name":"docker0","com.docker.network.driver.mtu":"1500"},"Labels":{}},{"Name":"host","Id":"fe042b0866671b5be4f097ba43830c0a02959c058702d18e18c14a24d88a357d","Scope":"local","Driver":"host","EnableIPv6":false,"IPAM":{"Driver":"default","Options":null,"Config":[]},"Internal":false,"Containers":{},"Options":{},"Labels":{}},{"Name":"none","Id":"4d89c194eb79cd2beb38458d10a1b98c74d6b8462af72afde29ae7aca53ed5ca","Scope":"local","Driver":"null","EnableIPv6":false,"IPAM":{"Driver":"default","Options":null,"Config":[]},"Internal":false,"Containers":{},"Options":{},"Labels":{}}]


02:20:53.771 [Test worker] DEBUG o.a.h.i.c.DefaultManagedHttpClientConnection - http-outgoing-131: Close connection
02:20:53.771 [Test worker] DEBUG o.a.h.impl.execchain.MainClientExec - Connection discarded
02:20:53.771 [Test worker] DEBUG c.g.d.j.JerseyDockerCmdExecFactory$1 - Connection released: [id: 131][route: {s}->https://Thesis:2376][total kept alive: 1; route allocated: 1 of 2; total allocated: 1 of 20]
02:20:53.771 [Test worker] DEBUG c.g.d.core.command.AbstrDockerCmd - Cmd: com.github.dockerjava.core.util.FiltersBuilder@0,com.github.dockerjava.jaxrs.ListVolumesCmdExec@54e9a1bb
02:20:53.772 [Test worker] DEBUG c.g.d.j.JerseyDockerCmdExecFactory - 5 * Sending client request on thread Test worker
5 > GET https://Thesis:2376/volumes
5 > Accept: application/json

02:20:53.772 [Test worker] DEBUG o.a.h.c.protocol.RequestAddCookies - CookieSpec selected: default
02:20:53.773 [Test worker] DEBUG o.a.h.c.protocol.RequestAuthCache - Auth cache not set in the context
02:20:53.773 [Test worker] DEBUG c.g.d.j.JerseyDockerCmdExecFactory$1 - Connection request: [route: {s}->https://Thesis:2376][total kept alive: 1; route allocated: 1 of 2; total allocated: 1 of 20]
02:20:53.773 [Test worker] DEBUG c.g.d.j.JerseyDockerCmdExecFactory$1 - Connection leased: [id: 132][route: {s}->https://Thesis:2376][total kept alive: 1; route allocated: 2 of 2; total allocated: 2 of 20]
02:20:53.773 [Test worker] DEBUG o.a.h.impl.execchain.MainClientExec - Opening connection {s}->https://Thesis:2376
02:20:53.773 [Test worker] DEBUG o.a.h.i.c.DefaultHttpClientConnectionOperator - Connecting to Thesis/127.0.1.1:2376
02:20:53.773 [Test worker] DEBUG o.a.h.c.s.SSLConnectionSocketFactory - Connecting socket to Thesis/127.0.1.1:2376 with timeout 0
02:20:53.774 [Test worker] DEBUG o.a.h.c.s.SSLConnectionSocketFactory - Enabled protocols: [TLSv1]
02:20:53.774 [Test worker] DEBUG o.a.h.c.s.SSLConnectionSocketFactory - Enabled cipher suites:[TLS_ECDHE_ECDSA_WITH_AES_128_CBC_SHA, TLS_ECDHE_RSA_WITH_AES_128_CBC_SHA, TLS_RSA_WITH_AES_128_CBC_SHA, TLS_ECDH_ECDSA_WITH_AES_128_CBC_SHA, TLS_ECDH_RSA_WITH_AES_128_CBC_SHA, TLS_DHE_RSA_WITH_AES_128_CBC_SHA, TLS_DHE_DSS_WITH_AES_128_CBC_SHA, TLS_ECDHE_ECDSA_WITH_3DES_EDE_CBC_SHA, TLS_ECDHE_RSA_WITH_3DES_EDE_CBC_SHA, SSL_RSA_WITH_3DES_EDE_CBC_SHA, TLS_ECDH_ECDSA_WITH_3DES_EDE_CBC_SHA, TLS_ECDH_RSA_WITH_3DES_EDE_CBC_SHA, SSL_DHE_RSA_WITH_3DES_EDE_CBC_SHA, SSL_DHE_DSS_WITH_3DES_EDE_CBC_SHA, TLS_ECDHE_ECDSA_WITH_RC4_128_SHA, TLS_ECDHE_RSA_WITH_RC4_128_SHA, SSL_RSA_WITH_RC4_128_SHA, TLS_ECDH_ECDSA_WITH_RC4_128_SHA, TLS_ECDH_RSA_WITH_RC4_128_SHA, SSL_RSA_WITH_RC4_128_MD5, TLS_EMPTY_RENEGOTIATION_INFO_SCSV]
02:20:53.774 [Test worker] DEBUG o.a.h.c.s.SSLConnectionSocketFactory - Starting handshake
02:20:53.847 [Test worker] DEBUG o.a.h.c.s.SSLConnectionSocketFactory - Secure session established
02:20:53.847 [Test worker] DEBUG o.a.h.c.s.SSLConnectionSocketFactory -  negotiated protocol: TLSv1
02:20:53.847 [Test worker] DEBUG o.a.h.c.s.SSLConnectionSocketFactory -  negotiated cipher suite: TLS_ECDHE_RSA_WITH_AES_128_CBC_SHA
02:20:53.847 [Test worker] DEBUG o.a.h.c.s.SSLConnectionSocketFactory -  peer principal: CN=Thesis
02:20:53.847 [Test worker] DEBUG o.a.h.c.s.SSLConnectionSocketFactory -  issuer principal: EMAILADDRESS=sha@yamil.com, CN=Thesis, OU=Open, O=Fra, L=BER, ST=BER, C=DE
02:20:53.847 [Test worker] DEBUG o.a.h.i.c.DefaultHttpClientConnectionOperator - Connection established 127.0.0.1:41140<->127.0.1.1:2376
02:20:53.847 [Test worker] DEBUG o.a.h.impl.execchain.MainClientExec - Executing request GET /volumes HTTP/1.1
02:20:53.848 [Test worker] DEBUG o.a.h.impl.execchain.MainClientExec - Target auth state: UNCHALLENGED
02:20:53.848 [Test worker] DEBUG o.a.h.impl.execchain.MainClientExec - Proxy auth state: UNCHALLENGED
02:20:53.848 [Test worker] DEBUG org.apache.http.headers - http-outgoing-132 >> GET /volumes HTTP/1.1
02:20:53.848 [Test worker] DEBUG org.apache.http.headers - http-outgoing-132 >> Accept: application/json
02:20:53.848 [Test worker] DEBUG org.apache.http.headers - http-outgoing-132 >> User-Agent: Jersey/2.23.1 (Apache HttpClient 4.5.1)
02:20:53.848 [Test worker] DEBUG org.apache.http.headers - http-outgoing-132 >> Host: Thesis:2376
02:20:53.848 [Test worker] DEBUG org.apache.http.headers - http-outgoing-132 >> Connection: Keep-Alive
02:20:53.848 [Test worker] DEBUG org.apache.http.headers - http-outgoing-132 >> Accept-Encoding: gzip,deflate
02:20:53.849 [Test worker] DEBUG org.apache.http.wire - http-outgoing-132 >> "GET /volumes HTTP/1.1[\r][\n]"
02:20:53.849 [Test worker] DEBUG org.apache.http.wire - http-outgoing-132 >> "Accept: application/json[\r][\n]"
02:20:53.849 [Test worker] DEBUG org.apache.http.wire - http-outgoing-132 >> "User-Agent: Jersey/2.23.1 (Apache HttpClient 4.5.1)[\r][\n]"
02:20:53.849 [Test worker] DEBUG org.apache.http.wire - http-outgoing-132 >> "Host: Thesis:2376[\r][\n]"
02:20:53.849 [Test worker] DEBUG org.apache.http.wire - http-outgoing-132 >> "Connection: Keep-Alive[\r][\n]"
02:20:53.849 [Test worker] DEBUG org.apache.http.wire - http-outgoing-132 >> "Accept-Encoding: gzip,deflate[\r][\n]"
02:20:53.849 [Test worker] DEBUG org.apache.http.wire - http-outgoing-132 >> "[\r][\n]"
02:20:53.850 [Test worker] DEBUG org.apache.http.wire - http-outgoing-132 << "H"
02:20:53.850 [Test worker] DEBUG org.apache.http.wire - http-outgoing-132 << "TTP/1.1 200 OK[\r][\n]"
02:20:53.850 [Test worker] DEBUG org.apache.http.wire - http-outgoing-132 << "Content-Type: application/json[\r][\n]"
02:20:53.850 [Test worker] DEBUG org.apache.http.wire - http-outgoing-132 << "Server: Docker/1.12.3 (linux)[\r][\n]"
02:20:53.850 [Test worker] DEBUG org.apache.http.wire - http-outgoing-132 << "Date: Tue, 03 Jan 2017 01:20:53 GMT[\r][\n]"
02:20:53.850 [Test worker] DEBUG org.apache.http.wire - http-outgoing-132 << "Content-Length: 33[\r][\n]"
02:20:53.850 [Test worker] DEBUG org.apache.http.wire - http-outgoing-132 << "[\r][\n]"
02:20:53.851 [Test worker] DEBUG org.apache.http.wire - http-outgoing-132 << "{"Volumes":null,"Warnings":null}[\n]"
02:20:53.853 [Test worker] DEBUG org.apache.http.headers - http-outgoing-132 << HTTP/1.1 200 OK
02:20:53.854 [Test worker] DEBUG org.apache.http.headers - http-outgoing-132 << Content-Type: application/json
02:20:53.854 [Test worker] DEBUG org.apache.http.headers - http-outgoing-132 << Server: Docker/1.12.3 (linux)
02:20:53.854 [Test worker] DEBUG org.apache.http.headers - http-outgoing-132 << Date: Tue, 03 Jan 2017 01:20:53 GMT
02:20:53.854 [Test worker] DEBUG org.apache.http.headers - http-outgoing-132 << Content-Length: 33
02:20:53.854 [Test worker] DEBUG o.a.h.impl.execchain.MainClientExec - Connection can be kept alive indefinitely
02:20:53.854 [Test worker] DEBUG c.g.d.j.JerseyDockerCmdExecFactory - 6 * Client response received on thread Test worker
6 < 200
6 < Content-Length: 33
6 < Content-Type: application/json
6 < Date: Tue, 03 Jan 2017 01:20:53 GMT
6 < Server: Docker/1.12.3 (linux)
{"Volumes":null,"Warnings":null}


02:20:53.856 [Test worker] DEBUG o.a.h.i.c.DefaultManagedHttpClientConnection - http-outgoing-132: Close connection
02:20:53.857 [Test worker] DEBUG o.a.h.impl.execchain.MainClientExec - Connection discarded
02:20:53.857 [Test worker] DEBUG c.g.d.j.JerseyDockerCmdExecFactory$1 - Connection released: [id: 132][route: {s}->https://Thesis:2376][total kept alive: 1; route allocated: 1 of 2; total allocated: 1 of 20]
02:20:53.857 [Test worker] DEBUG c.g.d.core.command.AbstrDockerCmd - Cmd: NewVolume,local,<null>,com.github.dockerjava.jaxrs.CreateVolumeCmdExec@4c12f0f6
02:20:53.857 [Test worker] DEBUG o.a.h.c.protocol.RequestAddCookies - CookieSpec selected: default
02:20:53.858 [Test worker] DEBUG o.a.h.c.protocol.RequestAuthCache - Auth cache not set in the context
02:20:53.858 [Test worker] DEBUG c.g.d.j.JerseyDockerCmdExecFactory$1 - Connection request: [route: {s}->https://Thesis:2376][total kept alive: 1; route allocated: 1 of 2; total allocated: 1 of 20]
02:20:53.858 [Test worker] DEBUG c.g.d.j.JerseyDockerCmdExecFactory$1 - Connection leased: [id: 133][route: {s}->https://Thesis:2376][total kept alive: 1; route allocated: 2 of 2; total allocated: 2 of 20]
02:20:53.858 [Test worker] DEBUG o.a.h.impl.execchain.MainClientExec - Opening connection {s}->https://Thesis:2376
02:20:53.858 [Test worker] DEBUG o.a.h.i.c.DefaultHttpClientConnectionOperator - Connecting to Thesis/127.0.1.1:2376
02:20:53.859 [Test worker] DEBUG o.a.h.c.s.SSLConnectionSocketFactory - Connecting socket to Thesis/127.0.1.1:2376 with timeout 0
02:20:53.859 [Test worker] DEBUG o.a.h.c.s.SSLConnectionSocketFactory - Enabled protocols: [TLSv1]
02:20:53.859 [Test worker] DEBUG o.a.h.c.s.SSLConnectionSocketFactory - Enabled cipher suites:[TLS_ECDHE_ECDSA_WITH_AES_128_CBC_SHA, TLS_ECDHE_RSA_WITH_AES_128_CBC_SHA, TLS_RSA_WITH_AES_128_CBC_SHA, TLS_ECDH_ECDSA_WITH_AES_128_CBC_SHA, TLS_ECDH_RSA_WITH_AES_128_CBC_SHA, TLS_DHE_RSA_WITH_AES_128_CBC_SHA, TLS_DHE_DSS_WITH_AES_128_CBC_SHA, TLS_ECDHE_ECDSA_WITH_3DES_EDE_CBC_SHA, TLS_ECDHE_RSA_WITH_3DES_EDE_CBC_SHA, SSL_RSA_WITH_3DES_EDE_CBC_SHA, TLS_ECDH_ECDSA_WITH_3DES_EDE_CBC_SHA, TLS_ECDH_RSA_WITH_3DES_EDE_CBC_SHA, SSL_DHE_RSA_WITH_3DES_EDE_CBC_SHA, SSL_DHE_DSS_WITH_3DES_EDE_CBC_SHA, TLS_ECDHE_ECDSA_WITH_RC4_128_SHA, TLS_ECDHE_RSA_WITH_RC4_128_SHA, SSL_RSA_WITH_RC4_128_SHA, TLS_ECDH_ECDSA_WITH_RC4_128_SHA, TLS_ECDH_RSA_WITH_RC4_128_SHA, SSL_RSA_WITH_RC4_128_MD5, TLS_EMPTY_RENEGOTIATION_INFO_SCSV]
02:20:53.860 [Test worker] DEBUG o.a.h.c.s.SSLConnectionSocketFactory - Starting handshake
02:20:53.918 [Test worker] DEBUG o.a.h.c.s.SSLConnectionSocketFactory - Secure session established
02:20:53.918 [Test worker] DEBUG o.a.h.c.s.SSLConnectionSocketFactory -  negotiated protocol: TLSv1
02:20:53.918 [Test worker] DEBUG o.a.h.c.s.SSLConnectionSocketFactory -  negotiated cipher suite: TLS_ECDHE_RSA_WITH_AES_128_CBC_SHA
02:20:53.918 [Test worker] DEBUG o.a.h.c.s.SSLConnectionSocketFactory -  peer principal: CN=Thesis
02:20:53.918 [Test worker] DEBUG o.a.h.c.s.SSLConnectionSocketFactory -  issuer principal: EMAILADDRESS=sha@yamil.com, CN=Thesis, OU=Open, O=Fra, L=BER, ST=BER, C=DE
02:20:53.918 [Test worker] DEBUG o.a.h.i.c.DefaultHttpClientConnectionOperator - Connection established 127.0.0.1:41142<->127.0.1.1:2376
02:20:53.918 [Test worker] DEBUG o.a.h.impl.execchain.MainClientExec - Executing request POST /volumes/create HTTP/1.1
02:20:53.919 [Test worker] DEBUG o.a.h.impl.execchain.MainClientExec - Target auth state: UNCHALLENGED
02:20:53.919 [Test worker] DEBUG o.a.h.impl.execchain.MainClientExec - Proxy auth state: UNCHALLENGED
02:20:53.919 [Test worker] DEBUG org.apache.http.headers - http-outgoing-133 >> POST /volumes/create HTTP/1.1
02:20:53.919 [Test worker] DEBUG org.apache.http.headers - http-outgoing-133 >> Accept: application/json
02:20:53.919 [Test worker] DEBUG org.apache.http.headers - http-outgoing-133 >> Content-Type: application/json
02:20:53.919 [Test worker] DEBUG org.apache.http.headers - http-outgoing-133 >> User-Agent: Jersey/2.23.1 (Apache HttpClient 4.5.1)
02:20:53.919 [Test worker] DEBUG org.apache.http.headers - http-outgoing-133 >> Transfer-Encoding: chunked
02:20:53.919 [Test worker] DEBUG org.apache.http.headers - http-outgoing-133 >> Host: Thesis:2376
02:20:53.919 [Test worker] DEBUG org.apache.http.headers - http-outgoing-133 >> Connection: Keep-Alive
02:20:53.920 [Test worker] DEBUG org.apache.http.headers - http-outgoing-133 >> Accept-Encoding: gzip,deflate
02:20:53.921 [Test worker] DEBUG c.g.d.j.JerseyDockerCmdExecFactory - 7 * Sending client request on thread Test worker
7 > POST https://Thesis:2376/volumes/create
7 > Accept: application/json
7 > Content-Type: application/json
{"Name":"NewVolume","Driver":"local","DriverOpts":null}

02:20:53.921 [Test worker] DEBUG org.apache.http.wire - http-outgoing-133 >> "POST /volumes/create HTTP/1.1[\r][\n]"
02:20:53.923 [Test worker] DEBUG org.apache.http.wire - http-outgoing-133 >> "Accept: application/json[\r][\n]"
02:20:53.923 [Test worker] DEBUG org.apache.http.wire - http-outgoing-133 >> "Content-Type: application/json[\r][\n]"
02:20:53.924 [Test worker] DEBUG org.apache.http.wire - http-outgoing-133 >> "User-Agent: Jersey/2.23.1 (Apache HttpClient 4.5.1)[\r][\n]"
02:20:53.924 [Test worker] DEBUG org.apache.http.wire - http-outgoing-133 >> "Transfer-Encoding: chunked[\r][\n]"
02:20:53.924 [Test worker] DEBUG org.apache.http.wire - http-outgoing-133 >> "Host: Thesis:2376[\r][\n]"
02:20:53.924 [Test worker] DEBUG org.apache.http.wire - http-outgoing-133 >> "Connection: Keep-Alive[\r][\n]"
02:20:53.924 [Test worker] DEBUG org.apache.http.wire - http-outgoing-133 >> "Accept-Encoding: gzip,deflate[\r][\n]"
02:20:53.924 [Test worker] DEBUG org.apache.http.wire - http-outgoing-133 >> "[\r][\n]"
02:20:53.924 [Test worker] DEBUG org.apache.http.wire - http-outgoing-133 >> "37[\r][\n]"
02:20:53.924 [Test worker] DEBUG org.apache.http.wire - http-outgoing-133 >> "{"Name":"NewVolume","Driver":"local","DriverOpts":null}[\r][\n]"
02:20:53.924 [Test worker] DEBUG org.apache.http.wire - http-outgoing-133 >> "0[\r][\n]"
02:20:53.924 [Test worker] DEBUG org.apache.http.wire - http-outgoing-133 >> "[\r][\n]"
02:20:53.927 [Test worker] DEBUG org.apache.http.wire - http-outgoing-133 << "H"
02:20:53.927 [Test worker] DEBUG org.apache.http.wire - http-outgoing-133 << "TTP/1.1 201 Created[\r][\n]"
02:20:53.927 [Test worker] DEBUG org.apache.http.wire - http-outgoing-133 << "Content-Type: application/json[\r][\n]"
02:20:53.927 [Test worker] DEBUG org.apache.http.wire - http-outgoing-133 << "Server: Docker/1.12.3 (linux)[\r][\n]"
02:20:53.928 [Test worker] DEBUG org.apache.http.wire - http-outgoing-133 << "Date: Tue, 03 Jan 2017 01:20:53 GMT[\r][\n]"
02:20:53.928 [Test worker] DEBUG org.apache.http.wire - http-outgoing-133 << "Content-Length: 123[\r][\n]"
02:20:53.928 [Test worker] DEBUG org.apache.http.wire - http-outgoing-133 << "[\r][\n]"
02:20:53.928 [Test worker] DEBUG org.apache.http.wire - http-outgoing-133 << "{"Name":"NewVolume","Driver":"local","Mountpoint":"/var/lib/docker/volumes/NewVolume/_data","Labels":null,"Scope":"local"}[\n]"
02:20:53.928 [Test worker] DEBUG org.apache.http.headers - http-outgoing-133 << HTTP/1.1 201 Created
02:20:53.928 [Test worker] DEBUG org.apache.http.headers - http-outgoing-133 << Content-Type: application/json
02:20:53.929 [Test worker] DEBUG org.apache.http.headers - http-outgoing-133 << Server: Docker/1.12.3 (linux)
02:20:53.929 [Test worker] DEBUG org.apache.http.headers - http-outgoing-133 << Date: Tue, 03 Jan 2017 01:20:53 GMT
02:20:53.929 [Test worker] DEBUG org.apache.http.headers - http-outgoing-133 << Content-Length: 123
02:20:53.929 [Test worker] DEBUG o.a.h.impl.execchain.MainClientExec - Connection can be kept alive indefinitely
02:20:53.929 [Test worker] DEBUG c.g.d.j.JerseyDockerCmdExecFactory - 8 * Client response received on thread Test worker
8 < 201
8 < Content-Length: 123
8 < Content-Type: application/json
8 < Date: Tue, 03 Jan 2017 01:20:53 GMT
8 < Server: Docker/1.12.3 (linux)
{"Name":"NewVolume","Driver":"local","Mountpoint":"/var/lib/docker/volumes/NewVolume/_data","Labels":null,"Scope":"local"}


02:20:53.931 [Test worker] DEBUG o.a.h.i.c.DefaultManagedHttpClientConnection - http-outgoing-133: Close connection
02:20:53.931 [Test worker] DEBUG o.a.h.impl.execchain.MainClientExec - Connection discarded
02:20:53.931 [Test worker] DEBUG c.g.d.j.JerseyDockerCmdExecFactory$1 - Connection released: [id: 133][route: {s}->https://Thesis:2376][total kept alive: 1; route allocated: 1 of 2; total allocated: 1 of 20]
02:20:53.931 [Test worker] INFO  org.openbaton.docker.DockerVim - Volume 'NewVolume' created successfully
02:20:53.931 [Test worker] DEBUG c.g.d.core.command.AbstrDockerCmd - Cmd: NewVolume,com.github.dockerjava.jaxrs.InspectVolumeCmdExec@40124467
02:20:53.932 [Test worker] DEBUG c.g.d.j.JerseyDockerCmdExecFactory - 9 * Sending client request on thread Test worker
9 > GET https://Thesis:2376/volumes/NewVolume
9 > Accept: application/json

02:20:53.932 [Test worker] DEBUG o.a.h.c.protocol.RequestAddCookies - CookieSpec selected: default
02:20:53.933 [Test worker] DEBUG o.a.h.c.protocol.RequestAuthCache - Auth cache not set in the context
02:20:53.933 [Test worker] DEBUG c.g.d.j.JerseyDockerCmdExecFactory$1 - Connection request: [route: {s}->https://Thesis:2376][total kept alive: 1; route allocated: 1 of 2; total allocated: 1 of 20]
02:20:53.933 [Test worker] DEBUG c.g.d.j.JerseyDockerCmdExecFactory$1 - Connection leased: [id: 134][route: {s}->https://Thesis:2376][total kept alive: 1; route allocated: 2 of 2; total allocated: 2 of 20]
02:20:53.933 [Test worker] DEBUG o.a.h.impl.execchain.MainClientExec - Opening connection {s}->https://Thesis:2376
02:20:53.933 [Test worker] DEBUG o.a.h.i.c.DefaultHttpClientConnectionOperator - Connecting to Thesis/127.0.1.1:2376
02:20:53.933 [Test worker] DEBUG o.a.h.c.s.SSLConnectionSocketFactory - Connecting socket to Thesis/127.0.1.1:2376 with timeout 0
02:20:53.934 [Test worker] DEBUG o.a.h.c.s.SSLConnectionSocketFactory - Enabled protocols: [TLSv1]
02:20:53.934 [Test worker] DEBUG o.a.h.c.s.SSLConnectionSocketFactory - Enabled cipher suites:[TLS_ECDHE_ECDSA_WITH_AES_128_CBC_SHA, TLS_ECDHE_RSA_WITH_AES_128_CBC_SHA, TLS_RSA_WITH_AES_128_CBC_SHA, TLS_ECDH_ECDSA_WITH_AES_128_CBC_SHA, TLS_ECDH_RSA_WITH_AES_128_CBC_SHA, TLS_DHE_RSA_WITH_AES_128_CBC_SHA, TLS_DHE_DSS_WITH_AES_128_CBC_SHA, TLS_ECDHE_ECDSA_WITH_3DES_EDE_CBC_SHA, TLS_ECDHE_RSA_WITH_3DES_EDE_CBC_SHA, SSL_RSA_WITH_3DES_EDE_CBC_SHA, TLS_ECDH_ECDSA_WITH_3DES_EDE_CBC_SHA, TLS_ECDH_RSA_WITH_3DES_EDE_CBC_SHA, SSL_DHE_RSA_WITH_3DES_EDE_CBC_SHA, SSL_DHE_DSS_WITH_3DES_EDE_CBC_SHA, TLS_ECDHE_ECDSA_WITH_RC4_128_SHA, TLS_ECDHE_RSA_WITH_RC4_128_SHA, SSL_RSA_WITH_RC4_128_SHA, TLS_ECDH_ECDSA_WITH_RC4_128_SHA, TLS_ECDH_RSA_WITH_RC4_128_SHA, SSL_RSA_WITH_RC4_128_MD5, TLS_EMPTY_RENEGOTIATION_INFO_SCSV]
02:20:53.934 [Test worker] DEBUG o.a.h.c.s.SSLConnectionSocketFactory - Starting handshake
02:20:53.992 [Test worker] DEBUG o.a.h.c.s.SSLConnectionSocketFactory - Secure session established
02:20:53.993 [Test worker] DEBUG o.a.h.c.s.SSLConnectionSocketFactory -  negotiated protocol: TLSv1
02:20:53.993 [Test worker] DEBUG o.a.h.c.s.SSLConnectionSocketFactory -  negotiated cipher suite: TLS_ECDHE_RSA_WITH_AES_128_CBC_SHA
02:20:53.993 [Test worker] DEBUG o.a.h.c.s.SSLConnectionSocketFactory -  peer principal: CN=Thesis
02:20:53.993 [Test worker] DEBUG o.a.h.c.s.SSLConnectionSocketFactory -  issuer principal: EMAILADDRESS=sha@yamil.com, CN=Thesis, OU=Open, O=Fra, L=BER, ST=BER, C=DE
02:20:53.993 [Test worker] DEBUG o.a.h.i.c.DefaultHttpClientConnectionOperator - Connection established 127.0.0.1:41144<->127.0.1.1:2376
02:20:53.993 [Test worker] DEBUG o.a.h.impl.execchain.MainClientExec - Executing request GET /volumes/NewVolume HTTP/1.1
02:20:53.994 [Test worker] DEBUG o.a.h.impl.execchain.MainClientExec - Target auth state: UNCHALLENGED
02:20:53.994 [Test worker] DEBUG o.a.h.impl.execchain.MainClientExec - Proxy auth state: UNCHALLENGED
02:20:53.994 [Test worker] DEBUG org.apache.http.headers - http-outgoing-134 >> GET /volumes/NewVolume HTTP/1.1
02:20:53.994 [Test worker] DEBUG org.apache.http.headers - http-outgoing-134 >> Accept: application/json
02:20:53.994 [Test worker] DEBUG org.apache.http.headers - http-outgoing-134 >> User-Agent: Jersey/2.23.1 (Apache HttpClient 4.5.1)
02:20:53.994 [Test worker] DEBUG org.apache.http.headers - http-outgoing-134 >> Host: Thesis:2376
02:20:53.994 [Test worker] DEBUG org.apache.http.headers - http-outgoing-134 >> Connection: Keep-Alive
02:20:53.994 [Test worker] DEBUG org.apache.http.headers - http-outgoing-134 >> Accept-Encoding: gzip,deflate
02:20:53.994 [Test worker] DEBUG org.apache.http.wire - http-outgoing-134 >> "GET /volumes/NewVolume HTTP/1.1[\r][\n]"
02:20:53.995 [Test worker] DEBUG org.apache.http.wire - http-outgoing-134 >> "Accept: application/json[\r][\n]"
02:20:53.995 [Test worker] DEBUG org.apache.http.wire - http-outgoing-134 >> "User-Agent: Jersey/2.23.1 (Apache HttpClient 4.5.1)[\r][\n]"
02:20:53.995 [Test worker] DEBUG org.apache.http.wire - http-outgoing-134 >> "Host: Thesis:2376[\r][\n]"
02:20:53.995 [Test worker] DEBUG org.apache.http.wire - http-outgoing-134 >> "Connection: Keep-Alive[\r][\n]"
02:20:53.995 [Test worker] DEBUG org.apache.http.wire - http-outgoing-134 >> "Accept-Encoding: gzip,deflate[\r][\n]"
02:20:53.995 [Test worker] DEBUG org.apache.http.wire - http-outgoing-134 >> "[\r][\n]"
02:20:53.997 [Test worker] DEBUG org.apache.http.wire - http-outgoing-134 << "H"
02:20:53.997 [Test worker] DEBUG org.apache.http.wire - http-outgoing-134 << "TTP/1.1 200 OK[\r][\n]"
02:20:53.997 [Test worker] DEBUG org.apache.http.wire - http-outgoing-134 << "Content-Type: application/json[\r][\n]"
02:20:53.997 [Test worker] DEBUG org.apache.http.wire - http-outgoing-134 << "Server: Docker/1.12.3 (linux)[\r][\n]"
02:20:53.997 [Test worker] DEBUG org.apache.http.wire - http-outgoing-134 << "Date: Tue, 03 Jan 2017 01:20:53 GMT[\r][\n]"
02:20:53.997 [Test worker] DEBUG org.apache.http.wire - http-outgoing-134 << "Content-Length: 123[\r][\n]"
02:20:53.997 [Test worker] DEBUG org.apache.http.wire - http-outgoing-134 << "[\r][\n]"
02:20:53.997 [Test worker] DEBUG org.apache.http.wire - http-outgoing-134 << "{"Name":"NewVolume","Driver":"local","Mountpoint":"/var/lib/docker/volumes/NewVolume/_data","Labels":null,"Scope":"local"}[\n]"
02:20:53.998 [Test worker] DEBUG org.apache.http.headers - http-outgoing-134 << HTTP/1.1 200 OK
02:20:53.998 [Test worker] DEBUG org.apache.http.headers - http-outgoing-134 << Content-Type: application/json
02:20:54.005 [Test worker] DEBUG org.apache.http.headers - http-outgoing-134 << Server: Docker/1.12.3 (linux)
02:20:54.005 [Test worker] DEBUG org.apache.http.headers - http-outgoing-134 << Date: Tue, 03 Jan 2017 01:20:53 GMT
02:20:54.005 [Test worker] DEBUG org.apache.http.headers - http-outgoing-134 << Content-Length: 123
02:20:54.005 [Test worker] DEBUG o.a.h.impl.execchain.MainClientExec - Connection can be kept alive indefinitely
02:20:54.006 [Test worker] DEBUG c.g.d.j.JerseyDockerCmdExecFactory - 10 * Client response received on thread Test worker
10 < 200
10 < Content-Length: 123
10 < Content-Type: application/json
10 < Date: Tue, 03 Jan 2017 01:20:53 GMT
10 < Server: Docker/1.12.3 (linux)
{"Name":"NewVolume","Driver":"local","Mountpoint":"/var/lib/docker/volumes/NewVolume/_data","Labels":null,"Scope":"local"}


02:20:54.007 [Test worker] DEBUG o.a.h.i.c.DefaultManagedHttpClientConnection - http-outgoing-134: Close connection
02:20:54.007 [Test worker] DEBUG o.a.h.impl.execchain.MainClientExec - Connection discarded
02:20:54.007 [Test worker] DEBUG c.g.d.j.JerseyDockerCmdExecFactory$1 - Connection released: [id: 134][route: {s}->https://Thesis:2376][total kept alive: 1; route allocated: 1 of 2; total allocated: 1 of 20]
02:20:54.008 [Test worker] DEBUG c.g.d.core.command.AbstrDockerCmd - Cmd: NewVolume,com.github.dockerjava.jaxrs.RemoveVolumeCmdExec@1b393f8f
02:20:54.008 [Test worker] DEBUG c.g.d.j.JerseyDockerCmdExecFactory - 11 * Sending client request on thread Test worker
11 > DELETE https://Thesis:2376/volumes/NewVolume
11 > Accept: application/json

02:20:54.008 [Test worker] DEBUG o.a.h.c.protocol.RequestAddCookies - CookieSpec selected: default
02:20:54.009 [Test worker] DEBUG o.a.h.c.protocol.RequestAuthCache - Auth cache not set in the context
02:20:54.009 [Test worker] DEBUG c.g.d.j.JerseyDockerCmdExecFactory$1 - Connection request: [route: {s}->https://Thesis:2376][total kept alive: 1; route allocated: 1 of 2; total allocated: 1 of 20]
02:20:54.009 [Test worker] DEBUG c.g.d.j.JerseyDockerCmdExecFactory$1 - Connection leased: [id: 135][route: {s}->https://Thesis:2376][total kept alive: 1; route allocated: 2 of 2; total allocated: 2 of 20]
02:20:54.009 [Test worker] DEBUG o.a.h.impl.execchain.MainClientExec - Opening connection {s}->https://Thesis:2376
02:20:54.009 [Test worker] DEBUG o.a.h.i.c.DefaultHttpClientConnectionOperator - Connecting to Thesis/127.0.1.1:2376
02:20:54.009 [Test worker] DEBUG o.a.h.c.s.SSLConnectionSocketFactory - Connecting socket to Thesis/127.0.1.1:2376 with timeout 0
02:20:54.010 [Test worker] DEBUG o.a.h.c.s.SSLConnectionSocketFactory - Enabled protocols: [TLSv1]
02:20:54.010 [Test worker] DEBUG o.a.h.c.s.SSLConnectionSocketFactory - Enabled cipher suites:[TLS_ECDHE_ECDSA_WITH_AES_128_CBC_SHA, TLS_ECDHE_RSA_WITH_AES_128_CBC_SHA, TLS_RSA_WITH_AES_128_CBC_SHA, TLS_ECDH_ECDSA_WITH_AES_128_CBC_SHA, TLS_ECDH_RSA_WITH_AES_128_CBC_SHA, TLS_DHE_RSA_WITH_AES_128_CBC_SHA, TLS_DHE_DSS_WITH_AES_128_CBC_SHA, TLS_ECDHE_ECDSA_WITH_3DES_EDE_CBC_SHA, TLS_ECDHE_RSA_WITH_3DES_EDE_CBC_SHA, SSL_RSA_WITH_3DES_EDE_CBC_SHA, TLS_ECDH_ECDSA_WITH_3DES_EDE_CBC_SHA, TLS_ECDH_RSA_WITH_3DES_EDE_CBC_SHA, SSL_DHE_RSA_WITH_3DES_EDE_CBC_SHA, SSL_DHE_DSS_WITH_3DES_EDE_CBC_SHA, TLS_ECDHE_ECDSA_WITH_RC4_128_SHA, TLS_ECDHE_RSA_WITH_RC4_128_SHA, SSL_RSA_WITH_RC4_128_SHA, TLS_ECDH_ECDSA_WITH_RC4_128_SHA, TLS_ECDH_RSA_WITH_RC4_128_SHA, SSL_RSA_WITH_RC4_128_MD5, TLS_EMPTY_RENEGOTIATION_INFO_SCSV]
02:20:54.010 [Test worker] DEBUG o.a.h.c.s.SSLConnectionSocketFactory - Starting handshake
02:20:54.072 [Test worker] DEBUG o.a.h.c.s.SSLConnectionSocketFactory - Secure session established
02:20:54.072 [Test worker] DEBUG o.a.h.c.s.SSLConnectionSocketFactory -  negotiated protocol: TLSv1
02:20:54.072 [Test worker] DEBUG o.a.h.c.s.SSLConnectionSocketFactory -  negotiated cipher suite: TLS_ECDHE_RSA_WITH_AES_128_CBC_SHA
02:20:54.072 [Test worker] DEBUG o.a.h.c.s.SSLConnectionSocketFactory -  peer principal: CN=Thesis
02:20:54.072 [Test worker] DEBUG o.a.h.c.s.SSLConnectionSocketFactory -  issuer principal: EMAILADDRESS=sha@yamil.com, CN=Thesis, OU=Open, O=Fra, L=BER, ST=BER, C=DE
02:20:54.072 [Test worker] DEBUG o.a.h.i.c.DefaultHttpClientConnectionOperator - Connection established 127.0.0.1:41146<->127.0.1.1:2376
02:20:54.072 [Test worker] DEBUG o.a.h.impl.execchain.MainClientExec - Executing request DELETE /volumes/NewVolume HTTP/1.1
02:20:54.073 [Test worker] DEBUG o.a.h.impl.execchain.MainClientExec - Target auth state: UNCHALLENGED
02:20:54.073 [Test worker] DEBUG o.a.h.impl.execchain.MainClientExec - Proxy auth state: UNCHALLENGED
02:20:54.073 [Test worker] DEBUG org.apache.http.headers - http-outgoing-135 >> DELETE /volumes/NewVolume HTTP/1.1
02:20:54.073 [Test worker] DEBUG org.apache.http.headers - http-outgoing-135 >> Accept: application/json
02:20:54.073 [Test worker] DEBUG org.apache.http.headers - http-outgoing-135 >> User-Agent: Jersey/2.23.1 (Apache HttpClient 4.5.1)
02:20:54.073 [Test worker] DEBUG org.apache.http.headers - http-outgoing-135 >> Host: Thesis:2376
02:20:54.073 [Test worker] DEBUG org.apache.http.headers - http-outgoing-135 >> Connection: Keep-Alive
02:20:54.073 [Test worker] DEBUG org.apache.http.headers - http-outgoing-135 >> Accept-Encoding: gzip,deflate
02:20:54.073 [Test worker] DEBUG org.apache.http.wire - http-outgoing-135 >> "DELETE /volumes/NewVolume HTTP/1.1[\r][\n]"
02:20:54.074 [Test worker] DEBUG org.apache.http.wire - http-outgoing-135 >> "Accept: application/json[\r][\n]"
02:20:54.074 [Test worker] DEBUG org.apache.http.wire - http-outgoing-135 >> "User-Agent: Jersey/2.23.1 (Apache HttpClient 4.5.1)[\r][\n]"
02:20:54.074 [Test worker] DEBUG org.apache.http.wire - http-outgoing-135 >> "Host: Thesis:2376[\r][\n]"
02:20:54.074 [Test worker] DEBUG org.apache.http.wire - http-outgoing-135 >> "Connection: Keep-Alive[\r][\n]"
02:20:54.074 [Test worker] DEBUG org.apache.http.wire - http-outgoing-135 >> "Accept-Encoding: gzip,deflate[\r][\n]"
02:20:54.074 [Test worker] DEBUG org.apache.http.wire - http-outgoing-135 >> "[\r][\n]"
02:20:54.076 [Test worker] DEBUG org.apache.http.wire - http-outgoing-135 << "H"
02:20:54.076 [Test worker] DEBUG org.apache.http.wire - http-outgoing-135 << "TTP/1.1 204 No Content[\r][\n]"
02:20:54.076 [Test worker] DEBUG org.apache.http.wire - http-outgoing-135 << "Server: Docker/1.12.3 (linux)[\r][\n]"
02:20:54.076 [Test worker] DEBUG org.apache.http.wire - http-outgoing-135 << "Date: Tue, 03 Jan 2017 01:20:54 GMT[\r][\n]"
02:20:54.076 [Test worker] DEBUG org.apache.http.wire - http-outgoing-135 << "[\r][\n]"
02:20:54.076 [Test worker] DEBUG org.apache.http.headers - http-outgoing-135 << HTTP/1.1 204 No Content
02:20:54.076 [Test worker] DEBUG org.apache.http.headers - http-outgoing-135 << Server: Docker/1.12.3 (linux)
02:20:54.076 [Test worker] DEBUG org.apache.http.headers - http-outgoing-135 << Date: Tue, 03 Jan 2017 01:20:54 GMT
02:20:54.077 [Test worker] DEBUG o.a.h.impl.execchain.MainClientExec - Connection can be kept alive indefinitely
02:20:54.077 [Test worker] DEBUG c.g.d.j.JerseyDockerCmdExecFactory$1 - Connection [id: 135][route: {s}->https://Thesis:2376][state: CN=Thesis] can be kept alive indefinitely
02:20:54.077 [Test worker] DEBUG c.g.d.j.JerseyDockerCmdExecFactory$1 - Connection released: [id: 135][route: {s}->https://Thesis:2376][state: CN=Thesis][total kept alive: 2; route allocated: 2 of 2; total allocated: 2 of 20]
02:20:54.077 [Test worker] DEBUG c.g.d.j.JerseyDockerCmdExecFactory - 12 * Client response received on thread Test worker
12 < 204
12 < Date: Tue, 03 Jan 2017 01:20:54 GMT
12 < Server: Docker/1.12.3 (linux)

02:20:54.078 [Test worker] INFO  org.openbaton.docker.DockerVim - Volume 'NewVolume' deleted successfully
02:20:54.078 [Test worker] DEBUG c.g.d.core.command.AbstrDockerCmd - Cmd: NewVolume,com.github.dockerjava.jaxrs.InspectVolumeCmdExec@2e69f3d0
02:20:54.078 [Test worker] DEBUG c.g.d.j.JerseyDockerCmdExecFactory - 13 * Sending client request on thread Test worker
13 > GET https://Thesis:2376/volumes/NewVolume
13 > Accept: application/json

02:20:54.079 [Test worker] DEBUG o.a.h.c.protocol.RequestAddCookies - CookieSpec selected: default
02:20:54.080 [Test worker] DEBUG o.a.h.c.protocol.RequestAuthCache - Auth cache not set in the context
02:20:54.080 [Test worker] DEBUG c.g.d.j.JerseyDockerCmdExecFactory$1 - Connection request: [route: {s}->https://Thesis:2376][total kept alive: 2; route allocated: 2 of 2; total allocated: 2 of 20]
02:20:54.080 [Test worker] DEBUG o.a.h.i.c.DefaultManagedHttpClientConnection - http-outgoing-130: Close connection
02:20:54.080 [Test worker] DEBUG c.g.d.j.JerseyDockerCmdExecFactory$1 - Connection leased: [id: 136][route: {s}->https://Thesis:2376][total kept alive: 1; route allocated: 2 of 2; total allocated: 2 of 20]
02:20:54.080 [Test worker] DEBUG o.a.h.impl.execchain.MainClientExec - Opening connection {s}->https://Thesis:2376
02:20:54.080 [Test worker] DEBUG o.a.h.i.c.DefaultHttpClientConnectionOperator - Connecting to Thesis/127.0.1.1:2376
02:20:54.080 [Test worker] DEBUG o.a.h.c.s.SSLConnectionSocketFactory - Connecting socket to Thesis/127.0.1.1:2376 with timeout 0
02:20:54.081 [Test worker] DEBUG o.a.h.c.s.SSLConnectionSocketFactory - Enabled protocols: [TLSv1]
02:20:54.081 [Test worker] DEBUG o.a.h.c.s.SSLConnectionSocketFactory - Enabled cipher suites:[TLS_ECDHE_ECDSA_WITH_AES_128_CBC_SHA, TLS_ECDHE_RSA_WITH_AES_128_CBC_SHA, TLS_RSA_WITH_AES_128_CBC_SHA, TLS_ECDH_ECDSA_WITH_AES_128_CBC_SHA, TLS_ECDH_RSA_WITH_AES_128_CBC_SHA, TLS_DHE_RSA_WITH_AES_128_CBC_SHA, TLS_DHE_DSS_WITH_AES_128_CBC_SHA, TLS_ECDHE_ECDSA_WITH_3DES_EDE_CBC_SHA, TLS_ECDHE_RSA_WITH_3DES_EDE_CBC_SHA, SSL_RSA_WITH_3DES_EDE_CBC_SHA, TLS_ECDH_ECDSA_WITH_3DES_EDE_CBC_SHA, TLS_ECDH_RSA_WITH_3DES_EDE_CBC_SHA, SSL_DHE_RSA_WITH_3DES_EDE_CBC_SHA, SSL_DHE_DSS_WITH_3DES_EDE_CBC_SHA, TLS_ECDHE_ECDSA_WITH_RC4_128_SHA, TLS_ECDHE_RSA_WITH_RC4_128_SHA, SSL_RSA_WITH_RC4_128_SHA, TLS_ECDH_ECDSA_WITH_RC4_128_SHA, TLS_ECDH_RSA_WITH_RC4_128_SHA, SSL_RSA_WITH_RC4_128_MD5, TLS_EMPTY_RENEGOTIATION_INFO_SCSV]
02:20:54.081 [Test worker] DEBUG o.a.h.c.s.SSLConnectionSocketFactory - Starting handshake
02:20:54.140 [Test worker] DEBUG o.a.h.c.s.SSLConnectionSocketFactory - Secure session established
02:20:54.140 [Test worker] DEBUG o.a.h.c.s.SSLConnectionSocketFactory -  negotiated protocol: TLSv1
02:20:54.141 [Test worker] DEBUG o.a.h.c.s.SSLConnectionSocketFactory -  negotiated cipher suite: TLS_ECDHE_RSA_WITH_AES_128_CBC_SHA
02:20:54.141 [Test worker] DEBUG o.a.h.c.s.SSLConnectionSocketFactory -  peer principal: CN=Thesis
02:20:54.141 [Test worker] DEBUG o.a.h.c.s.SSLConnectionSocketFactory -  issuer principal: EMAILADDRESS=sha@yamil.com, CN=Thesis, OU=Open, O=Fra, L=BER, ST=BER, C=DE
02:20:54.141 [Test worker] DEBUG o.a.h.i.c.DefaultHttpClientConnectionOperator - Connection established 127.0.0.1:41148<->127.0.1.1:2376
02:20:54.141 [Test worker] DEBUG o.a.h.impl.execchain.MainClientExec - Executing request GET /volumes/NewVolume HTTP/1.1
02:20:54.141 [Test worker] DEBUG o.a.h.impl.execchain.MainClientExec - Target auth state: UNCHALLENGED
02:20:54.141 [Test worker] DEBUG o.a.h.impl.execchain.MainClientExec - Proxy auth state: UNCHALLENGED
02:20:54.141 [Test worker] DEBUG org.apache.http.headers - http-outgoing-136 >> GET /volumes/NewVolume HTTP/1.1
02:20:54.142 [Test worker] DEBUG org.apache.http.headers - http-outgoing-136 >> Accept: application/json
02:20:54.142 [Test worker] DEBUG org.apache.http.headers - http-outgoing-136 >> User-Agent: Jersey/2.23.1 (Apache HttpClient 4.5.1)
02:20:54.142 [Test worker] DEBUG org.apache.http.headers - http-outgoing-136 >> Host: Thesis:2376
02:20:54.142 [Test worker] DEBUG org.apache.http.headers - http-outgoing-136 >> Connection: Keep-Alive
02:20:54.142 [Test worker] DEBUG org.apache.http.headers - http-outgoing-136 >> Accept-Encoding: gzip,deflate
02:20:54.142 [Test worker] DEBUG org.apache.http.wire - http-outgoing-136 >> "GET /volumes/NewVolume HTTP/1.1[\r][\n]"
02:20:54.142 [Test worker] DEBUG org.apache.http.wire - http-outgoing-136 >> "Accept: application/json[\r][\n]"
02:20:54.142 [Test worker] DEBUG org.apache.http.wire - http-outgoing-136 >> "User-Agent: Jersey/2.23.1 (Apache HttpClient 4.5.1)[\r][\n]"
02:20:54.142 [Test worker] DEBUG org.apache.http.wire - http-outgoing-136 >> "Host: Thesis:2376[\r][\n]"
02:20:54.142 [Test worker] DEBUG org.apache.http.wire - http-outgoing-136 >> "Connection: Keep-Alive[\r][\n]"
02:20:54.143 [Test worker] DEBUG org.apache.http.wire - http-outgoing-136 >> "Accept-Encoding: gzip,deflate[\r][\n]"
02:20:54.143 [Test worker] DEBUG org.apache.http.wire - http-outgoing-136 >> "[\r][\n]"
02:20:54.144 [Test worker] DEBUG org.apache.http.wire - http-outgoing-136 << "H"
02:20:54.145 [Test worker] DEBUG org.apache.http.wire - http-outgoing-136 << "TTP/1.1 404 Not Found[\r][\n]"
02:20:54.145 [Test worker] DEBUG org.apache.http.wire - http-outgoing-136 << "Content-Type: application/json[\r][\n]"
02:20:54.145 [Test worker] DEBUG org.apache.http.wire - http-outgoing-136 << "Server: Docker/1.12.3 (linux)[\r][\n]"
02:20:54.145 [Test worker] DEBUG org.apache.http.wire - http-outgoing-136 << "Date: Tue, 03 Jan 2017 01:20:54 GMT[\r][\n]"
02:20:54.145 [Test worker] DEBUG org.apache.http.wire - http-outgoing-136 << "Content-Length: 44[\r][\n]"
02:20:54.145 [Test worker] DEBUG org.apache.http.wire - http-outgoing-136 << "[\r][\n]"
02:20:54.145 [Test worker] DEBUG org.apache.http.wire - http-outgoing-136 << "{"message":"get NewVolume: no such volume"}[\n]"
02:20:54.146 [Test worker] DEBUG org.apache.http.headers - http-outgoing-136 << HTTP/1.1 404 Not Found
02:20:54.146 [Test worker] DEBUG org.apache.http.headers - http-outgoing-136 << Content-Type: application/json
02:20:54.146 [Test worker] DEBUG org.apache.http.headers - http-outgoing-136 << Server: Docker/1.12.3 (linux)
02:20:54.146 [Test worker] DEBUG org.apache.http.headers - http-outgoing-136 << Date: Tue, 03 Jan 2017 01:20:54 GMT
02:20:54.146 [Test worker] DEBUG org.apache.http.headers - http-outgoing-136 << Content-Length: 44
02:20:54.146 [Test worker] DEBUG o.a.h.impl.execchain.MainClientExec - Connection can be kept alive indefinitely
02:20:54.149 [Test worker] DEBUG o.a.h.i.c.DefaultManagedHttpClientConnection - http-outgoing-136: Close connection
02:20:54.149 [Test worker] DEBUG o.a.h.impl.execchain.MainClientExec - Connection discarded
02:20:54.149 [Test worker] DEBUG c.g.d.j.JerseyDockerCmdExecFactory$1 - Connection released: [id: 136][route: {s}->https://Thesis:2376][total kept alive: 1; route allocated: 1 of 2; total allocated: 1 of 20]
02:20:54.149 [Test worker] DEBUG c.g.d.core.command.AbstrDockerCmd - Cmd: -1,<null>,true,<null>,<null>,com.github.dockerjava.core.util.FiltersBuilder@0,com.github.dockerjava.jaxrs.ListContainersCmdExec@666391ed
02:20:54.150 [Test worker] DEBUG c.g.d.j.JerseyDockerCmdExecFactory - 14 * Sending client request on thread Test worker
14 > GET https://Thesis:2376/containers/json?all=true
14 > Accept: application/json

02:20:54.150 [Test worker] DEBUG o.a.h.c.protocol.RequestAddCookies - CookieSpec selected: default
02:20:54.151 [Test worker] DEBUG o.a.h.c.protocol.RequestAuthCache - Auth cache not set in the context
02:20:54.151 [Test worker] DEBUG c.g.d.j.JerseyDockerCmdExecFactory$1 - Connection request: [route: {s}->https://Thesis:2376][total kept alive: 1; route allocated: 1 of 2; total allocated: 1 of 20]
02:20:54.151 [Test worker] DEBUG c.g.d.j.JerseyDockerCmdExecFactory$1 - Connection leased: [id: 137][route: {s}->https://Thesis:2376][total kept alive: 1; route allocated: 2 of 2; total allocated: 2 of 20]
02:20:54.151 [Test worker] DEBUG o.a.h.impl.execchain.MainClientExec - Opening connection {s}->https://Thesis:2376
02:20:54.151 [Test worker] DEBUG o.a.h.i.c.DefaultHttpClientConnectionOperator - Connecting to Thesis/127.0.1.1:2376
02:20:54.151 [Test worker] DEBUG o.a.h.c.s.SSLConnectionSocketFactory - Connecting socket to Thesis/127.0.1.1:2376 with timeout 0
02:20:54.152 [Test worker] DEBUG o.a.h.c.s.SSLConnectionSocketFactory - Enabled protocols: [TLSv1]
02:20:54.152 [Test worker] DEBUG o.a.h.c.s.SSLConnectionSocketFactory - Enabled cipher suites:[TLS_ECDHE_ECDSA_WITH_AES_128_CBC_SHA, TLS_ECDHE_RSA_WITH_AES_128_CBC_SHA, TLS_RSA_WITH_AES_128_CBC_SHA, TLS_ECDH_ECDSA_WITH_AES_128_CBC_SHA, TLS_ECDH_RSA_WITH_AES_128_CBC_SHA, TLS_DHE_RSA_WITH_AES_128_CBC_SHA, TLS_DHE_DSS_WITH_AES_128_CBC_SHA, TLS_ECDHE_ECDSA_WITH_3DES_EDE_CBC_SHA, TLS_ECDHE_RSA_WITH_3DES_EDE_CBC_SHA, SSL_RSA_WITH_3DES_EDE_CBC_SHA, TLS_ECDH_ECDSA_WITH_3DES_EDE_CBC_SHA, TLS_ECDH_RSA_WITH_3DES_EDE_CBC_SHA, SSL_DHE_RSA_WITH_3DES_EDE_CBC_SHA, SSL_DHE_DSS_WITH_3DES_EDE_CBC_SHA, TLS_ECDHE_ECDSA_WITH_RC4_128_SHA, TLS_ECDHE_RSA_WITH_RC4_128_SHA, SSL_RSA_WITH_RC4_128_SHA, TLS_ECDH_ECDSA_WITH_RC4_128_SHA, TLS_ECDH_RSA_WITH_RC4_128_SHA, SSL_RSA_WITH_RC4_128_MD5, TLS_EMPTY_RENEGOTIATION_INFO_SCSV]
02:20:54.152 [Test worker] DEBUG o.a.h.c.s.SSLConnectionSocketFactory - Starting handshake
02:20:54.214 [Test worker] DEBUG o.a.h.c.s.SSLConnectionSocketFactory - Secure session established
02:20:54.214 [Test worker] DEBUG o.a.h.c.s.SSLConnectionSocketFactory -  negotiated protocol: TLSv1
02:20:54.214 [Test worker] DEBUG o.a.h.c.s.SSLConnectionSocketFactory -  negotiated cipher suite: TLS_ECDHE_RSA_WITH_AES_128_CBC_SHA
02:20:54.214 [Test worker] DEBUG o.a.h.c.s.SSLConnectionSocketFactory -  peer principal: CN=Thesis
02:20:54.214 [Test worker] DEBUG o.a.h.c.s.SSLConnectionSocketFactory -  issuer principal: EMAILADDRESS=sha@yamil.com, CN=Thesis, OU=Open, O=Fra, L=BER, ST=BER, C=DE
02:20:54.214 [Test worker] DEBUG o.a.h.i.c.DefaultHttpClientConnectionOperator - Connection established 127.0.0.1:41150<->127.0.1.1:2376
02:20:54.214 [Test worker] DEBUG o.a.h.impl.execchain.MainClientExec - Executing request GET /containers/json?all=true HTTP/1.1
02:20:54.215 [Test worker] DEBUG o.a.h.impl.execchain.MainClientExec - Target auth state: UNCHALLENGED
02:20:54.215 [Test worker] DEBUG o.a.h.impl.execchain.MainClientExec - Proxy auth state: UNCHALLENGED
02:20:54.215 [Test worker] DEBUG org.apache.http.headers - http-outgoing-137 >> GET /containers/json?all=true HTTP/1.1
02:20:54.215 [Test worker] DEBUG org.apache.http.headers - http-outgoing-137 >> Accept: application/json
02:20:54.215 [Test worker] DEBUG org.apache.http.headers - http-outgoing-137 >> User-Agent: Jersey/2.23.1 (Apache HttpClient 4.5.1)
02:20:54.215 [Test worker] DEBUG org.apache.http.headers - http-outgoing-137 >> Host: Thesis:2376
02:20:54.215 [Test worker] DEBUG org.apache.http.headers - http-outgoing-137 >> Connection: Keep-Alive
02:20:54.215 [Test worker] DEBUG org.apache.http.headers - http-outgoing-137 >> Accept-Encoding: gzip,deflate
02:20:54.215 [Test worker] DEBUG org.apache.http.wire - http-outgoing-137 >> "GET /containers/json?all=true HTTP/1.1[\r][\n]"
02:20:54.216 [Test worker] DEBUG org.apache.http.wire - http-outgoing-137 >> "Accept: application/json[\r][\n]"
02:20:54.216 [Test worker] DEBUG org.apache.http.wire - http-outgoing-137 >> "User-Agent: Jersey/2.23.1 (Apache HttpClient 4.5.1)[\r][\n]"
02:20:54.216 [Test worker] DEBUG org.apache.http.wire - http-outgoing-137 >> "Host: Thesis:2376[\r][\n]"
02:20:54.216 [Test worker] DEBUG org.apache.http.wire - http-outgoing-137 >> "Connection: Keep-Alive[\r][\n]"
02:20:54.216 [Test worker] DEBUG org.apache.http.wire - http-outgoing-137 >> "Accept-Encoding: gzip,deflate[\r][\n]"
02:20:54.216 [Test worker] DEBUG org.apache.http.wire - http-outgoing-137 >> "[\r][\n]"
02:20:54.216 [Test worker] DEBUG org.apache.http.wire - http-outgoing-137 << "H"
02:20:54.216 [Test worker] DEBUG org.apache.http.wire - http-outgoing-137 << "TTP/1.1 200 OK[\r][\n]"
02:20:54.217 [Test worker] DEBUG org.apache.http.wire - http-outgoing-137 << "Content-Type: application/json[\r][\n]"
02:20:54.217 [Test worker] DEBUG org.apache.http.wire - http-outgoing-137 << "Server: Docker/1.12.3 (linux)[\r][\n]"
02:20:54.217 [Test worker] DEBUG org.apache.http.wire - http-outgoing-137 << "Date: Tue, 03 Jan 2017 01:20:54 GMT[\r][\n]"
02:20:54.217 [Test worker] DEBUG org.apache.http.wire - http-outgoing-137 << "Content-Length: 3[\r][\n]"
02:20:54.217 [Test worker] DEBUG org.apache.http.wire - http-outgoing-137 << "[\r][\n]"
02:20:54.217 [Test worker] DEBUG org.apache.http.wire - http-outgoing-137 << "[][\n]"
02:20:54.217 [Test worker] DEBUG org.apache.http.headers - http-outgoing-137 << HTTP/1.1 200 OK
02:20:54.217 [Test worker] DEBUG org.apache.http.headers - http-outgoing-137 << Content-Type: application/json
02:20:54.217 [Test worker] DEBUG org.apache.http.headers - http-outgoing-137 << Server: Docker/1.12.3 (linux)
02:20:54.218 [Test worker] DEBUG org.apache.http.headers - http-outgoing-137 << Date: Tue, 03 Jan 2017 01:20:54 GMT
02:20:54.218 [Test worker] DEBUG org.apache.http.headers - http-outgoing-137 << Content-Length: 3
02:20:54.218 [Test worker] DEBUG o.a.h.impl.execchain.MainClientExec - Connection can be kept alive indefinitely
02:20:54.218 [Test worker] DEBUG c.g.d.j.JerseyDockerCmdExecFactory - 15 * Client response received on thread Test worker
15 < 200
15 < Content-Length: 3
15 < Content-Type: application/json
15 < Date: Tue, 03 Jan 2017 01:20:54 GMT
15 < Server: Docker/1.12.3 (linux)
[]


02:20:54.219 [Test worker] DEBUG c.g.d.j.JerseyDockerCmdExecFactory$1 - Connection [id: 137][route: {s}->https://Thesis:2376][state: CN=Thesis] can be kept alive indefinitely
02:20:54.219 [Test worker] DEBUG c.g.d.j.JerseyDockerCmdExecFactory$1 - Connection released: [id: 137][route: {s}->https://Thesis:2376][state: CN=Thesis][total kept alive: 2; route allocated: 2 of 2; total allocated: 2 of 20]
02:20:54.219 [Test worker] DEBUG c.g.d.core.command.AbstrDockerCmd - Cmd: com.github.dockerjava.core.util.FiltersBuilder@0,com.github.dockerjava.jaxrs.ListNetworksCmdExec@4c61e1f8
02:20:54.220 [Test worker] DEBUG c.g.d.j.JerseyDockerCmdExecFactory - 16 * Sending client request on thread Test worker
16 > GET https://Thesis:2376/networks
16 > Accept: application/json

02:20:54.220 [Test worker] DEBUG o.a.h.c.protocol.RequestAddCookies - CookieSpec selected: default
02:20:54.220 [Test worker] DEBUG o.a.h.c.protocol.RequestAuthCache - Auth cache not set in the context
02:20:54.221 [Test worker] DEBUG c.g.d.j.JerseyDockerCmdExecFactory$1 - Connection request: [route: {s}->https://Thesis:2376][total kept alive: 2; route allocated: 2 of 2; total allocated: 2 of 20]
02:20:54.221 [Test worker] DEBUG o.a.h.i.c.DefaultManagedHttpClientConnection - http-outgoing-135: Close connection
02:20:54.221 [Test worker] DEBUG c.g.d.j.JerseyDockerCmdExecFactory$1 - Connection leased: [id: 138][route: {s}->https://Thesis:2376][total kept alive: 1; route allocated: 2 of 2; total allocated: 2 of 20]
02:20:54.221 [Test worker] DEBUG o.a.h.impl.execchain.MainClientExec - Opening connection {s}->https://Thesis:2376
02:20:54.221 [Test worker] DEBUG o.a.h.i.c.DefaultHttpClientConnectionOperator - Connecting to Thesis/127.0.1.1:2376
02:20:54.221 [Test worker] DEBUG o.a.h.c.s.SSLConnectionSocketFactory - Connecting socket to Thesis/127.0.1.1:2376 with timeout 0
02:20:54.222 [Test worker] DEBUG o.a.h.c.s.SSLConnectionSocketFactory - Enabled protocols: [TLSv1]
02:20:54.222 [Test worker] DEBUG o.a.h.c.s.SSLConnectionSocketFactory - Enabled cipher suites:[TLS_ECDHE_ECDSA_WITH_AES_128_CBC_SHA, TLS_ECDHE_RSA_WITH_AES_128_CBC_SHA, TLS_RSA_WITH_AES_128_CBC_SHA, TLS_ECDH_ECDSA_WITH_AES_128_CBC_SHA, TLS_ECDH_RSA_WITH_AES_128_CBC_SHA, TLS_DHE_RSA_WITH_AES_128_CBC_SHA, TLS_DHE_DSS_WITH_AES_128_CBC_SHA, TLS_ECDHE_ECDSA_WITH_3DES_EDE_CBC_SHA, TLS_ECDHE_RSA_WITH_3DES_EDE_CBC_SHA, SSL_RSA_WITH_3DES_EDE_CBC_SHA, TLS_ECDH_ECDSA_WITH_3DES_EDE_CBC_SHA, TLS_ECDH_RSA_WITH_3DES_EDE_CBC_SHA, SSL_DHE_RSA_WITH_3DES_EDE_CBC_SHA, SSL_DHE_DSS_WITH_3DES_EDE_CBC_SHA, TLS_ECDHE_ECDSA_WITH_RC4_128_SHA, TLS_ECDHE_RSA_WITH_RC4_128_SHA, SSL_RSA_WITH_RC4_128_SHA, TLS_ECDH_ECDSA_WITH_RC4_128_SHA, TLS_ECDH_RSA_WITH_RC4_128_SHA, SSL_RSA_WITH_RC4_128_MD5, TLS_EMPTY_RENEGOTIATION_INFO_SCSV]
02:20:54.222 [Test worker] DEBUG o.a.h.c.s.SSLConnectionSocketFactory - Starting handshake
02:20:54.293 [Test worker] DEBUG o.a.h.c.s.SSLConnectionSocketFactory - Secure session established
02:20:54.293 [Test worker] DEBUG o.a.h.c.s.SSLConnectionSocketFactory -  negotiated protocol: TLSv1
02:20:54.294 [Test worker] DEBUG o.a.h.c.s.SSLConnectionSocketFactory -  negotiated cipher suite: TLS_ECDHE_RSA_WITH_AES_128_CBC_SHA
02:20:54.294 [Test worker] DEBUG o.a.h.c.s.SSLConnectionSocketFactory -  peer principal: CN=Thesis
02:20:54.294 [Test worker] DEBUG o.a.h.c.s.SSLConnectionSocketFactory -  issuer principal: EMAILADDRESS=sha@yamil.com, CN=Thesis, OU=Open, O=Fra, L=BER, ST=BER, C=DE
02:20:54.294 [Test worker] DEBUG o.a.h.i.c.DefaultHttpClientConnectionOperator - Connection established 127.0.0.1:41152<->127.0.1.1:2376
02:20:54.294 [Test worker] DEBUG o.a.h.impl.execchain.MainClientExec - Executing request GET /networks HTTP/1.1
02:20:54.294 [Test worker] DEBUG o.a.h.impl.execchain.MainClientExec - Target auth state: UNCHALLENGED
02:20:54.294 [Test worker] DEBUG o.a.h.impl.execchain.MainClientExec - Proxy auth state: UNCHALLENGED
02:20:54.295 [Test worker] DEBUG org.apache.http.headers - http-outgoing-138 >> GET /networks HTTP/1.1
02:20:54.295 [Test worker] DEBUG org.apache.http.headers - http-outgoing-138 >> Accept: application/json
02:20:54.295 [Test worker] DEBUG org.apache.http.headers - http-outgoing-138 >> User-Agent: Jersey/2.23.1 (Apache HttpClient 4.5.1)
02:20:54.295 [Test worker] DEBUG org.apache.http.headers - http-outgoing-138 >> Host: Thesis:2376
02:20:54.295 [Test worker] DEBUG org.apache.http.headers - http-outgoing-138 >> Connection: Keep-Alive
02:20:54.295 [Test worker] DEBUG org.apache.http.headers - http-outgoing-138 >> Accept-Encoding: gzip,deflate
02:20:54.295 [Test worker] DEBUG org.apache.http.wire - http-outgoing-138 >> "GET /networks HTTP/1.1[\r][\n]"
02:20:54.295 [Test worker] DEBUG org.apache.http.wire - http-outgoing-138 >> "Accept: application/json[\r][\n]"
02:20:54.295 [Test worker] DEBUG org.apache.http.wire - http-outgoing-138 >> "User-Agent: Jersey/2.23.1 (Apache HttpClient 4.5.1)[\r][\n]"
02:20:54.295 [Test worker] DEBUG org.apache.http.wire - http-outgoing-138 >> "Host: Thesis:2376[\r][\n]"
02:20:54.296 [Test worker] DEBUG org.apache.http.wire - http-outgoing-138 >> "Connection: Keep-Alive[\r][\n]"
02:20:54.296 [Test worker] DEBUG org.apache.http.wire - http-outgoing-138 >> "Accept-Encoding: gzip,deflate[\r][\n]"
02:20:54.296 [Test worker] DEBUG org.apache.http.wire - http-outgoing-138 >> "[\r][\n]"
02:20:54.296 [Test worker] DEBUG org.apache.http.wire - http-outgoing-138 << "H"
02:20:54.296 [Test worker] DEBUG org.apache.http.wire - http-outgoing-138 << "TTP/1.1 200 OK[\r][\n]"
02:20:54.296 [Test worker] DEBUG org.apache.http.wire - http-outgoing-138 << "Content-Type: application/json[\r][\n]"
02:20:54.297 [Test worker] DEBUG org.apache.http.wire - http-outgoing-138 << "Server: Docker/1.12.3 (linux)[\r][\n]"
02:20:54.297 [Test worker] DEBUG org.apache.http.wire - http-outgoing-138 << "Date: Tue, 03 Jan 2017 01:20:54 GMT[\r][\n]"
02:20:54.297 [Test worker] DEBUG org.apache.http.wire - http-outgoing-138 << "Content-Length: 1100[\r][\n]"
02:20:54.297 [Test worker] DEBUG org.apache.http.wire - http-outgoing-138 << "[\r][\n]"
02:20:54.297 [Test worker] DEBUG org.apache.http.wire - http-outgoing-138 << "[{"Name":"none","Id":"4d89c194eb79cd2beb38458d10a1b98c74d6b8462af72afde29ae7aca53ed5ca","Scope":"local","Driver":"null","EnableIPv6":false,"IPAM":{"Driver":"default","Options":null,"Config":[]},"Internal":false,"Containers":{},"Options":{},"Labels":{}},{"Name":"bridge","Id":"e0d36057aa1769e9fd52ba88be81b698b495f9b6b4946d0f98f24d971a27fc98","Scope":"local","Driver":"bridge","EnableIPv6":false,"IPAM":{"Driver":"default","Options":null,"Config":[{"Subnet":"172.17.0.0/16","Gateway":"172.17.0.1"}]},"Internal":false,"Containers":{},"Options":{"com.docker.network.bridge.default_bridge":"true","com.docker.network.bridge.enable_icc":"true","com.docker.network.bridge.enable_ip_masquerade":"true","com.docker.network.bridge.host_binding_ipv4":"0.0.0.0","com.docker.network.bridge.name":"docker0","com.docker.network.driver.mtu":"1500"},"Labels":{}},{"Name":"host","Id":"fe042b0866671b5be4f097ba43830c0a02959c058702d18e18c14a24d88a357d","Scope":"local","Driver":"host","EnableIPv6":false,"IPAM":{"Driver":"default","Options":null,"Config":[]},"Internal":false,"Containers":{},"Options":{},"Labels":{}}][\n]"
02:20:54.297 [Test worker] DEBUG org.apache.http.headers - http-outgoing-138 << HTTP/1.1 200 OK
02:20:54.297 [Test worker] DEBUG org.apache.http.headers - http-outgoing-138 << Content-Type: application/json
02:20:54.297 [Test worker] DEBUG org.apache.http.headers - http-outgoing-138 << Server: Docker/1.12.3 (linux)
02:20:54.297 [Test worker] DEBUG org.apache.http.headers - http-outgoing-138 << Date: Tue, 03 Jan 2017 01:20:54 GMT
02:20:54.301 [Test worker] DEBUG org.apache.http.headers - http-outgoing-138 << Content-Length: 1100
02:20:54.302 [Test worker] DEBUG o.a.h.impl.execchain.MainClientExec - Connection can be kept alive indefinitely
02:20:54.302 [Test worker] DEBUG c.g.d.j.JerseyDockerCmdExecFactory - 17 * Client response received on thread Test worker
17 < 200
17 < Content-Length: 1100
17 < Content-Type: application/json
17 < Date: Tue, 03 Jan 2017 01:20:54 GMT
17 < Server: Docker/1.12.3 (linux)
[{"Name":"none","Id":"4d89c194eb79cd2beb38458d10a1b98c74d6b8462af72afde29ae7aca53ed5ca","Scope":"local","Driver":"null","EnableIPv6":false,"IPAM":{"Driver":"default","Options":null,"Config":[]},"Internal":false,"Containers":{},"Options":{},"Labels":{}},{"Name":"bridge","Id":"e0d36057aa1769e9fd52ba88be81b698b495f9b6b4946d0f98f24d971a27fc98","Scope":"local","Driver":"bridge","EnableIPv6":false,"IPAM":{"Driver":"default","Options":null,"Config":[{"Subnet":"172.17.0.0/16","Gateway":"172.17.0.1"}]},"Internal":false,"Containers":{},"Options":{"com.docker.network.bridge.default_bridge":"true","com.docker.network.bridge.enable_icc":"true","com.docker.network.bridge.enable_ip_masquerade":"true","com.docker.network.bridge.host_binding_ipv4":"0.0.0.0","com.docker.network.bridge.name":"docker0","com.docker.network.driver.mtu":"1500"},"Labels":{}},{"Name":"host","Id":"fe042b0866671b5be4f097ba43830c0a02959c058702d18e18c14a24d88a357d","Scope":"local","Driver":"host","EnableIPv6":false,"IPAM":{"Driver":"default","Options":null,"Config":[]},"Internal":false,"Containers":{},"Options":{},"Labels":{}}]


02:20:54.303 [Test worker] DEBUG o.a.h.i.c.DefaultManagedHttpClientConnection - http-outgoing-138: Close connection
02:20:54.304 [Test worker] DEBUG o.a.h.impl.execchain.MainClientExec - Connection discarded
02:20:54.304 [Test worker] DEBUG c.g.d.j.JerseyDockerCmdExecFactory$1 - Connection released: [id: 138][route: {s}->https://Thesis:2376][total kept alive: 1; route allocated: 1 of 2; total allocated: 1 of 20]
02:20:54.304 [Test worker] DEBUG c.g.d.core.command.AbstrDockerCmd - Cmd: com.github.dockerjava.core.util.FiltersBuilder@0,com.github.dockerjava.jaxrs.ListVolumesCmdExec@4b3fd89
02:20:54.305 [Test worker] DEBUG c.g.d.j.JerseyDockerCmdExecFactory - 18 * Sending client request on thread Test worker
18 > GET https://Thesis:2376/volumes
18 > Accept: application/json

02:20:54.305 [Test worker] DEBUG o.a.h.c.protocol.RequestAddCookies - CookieSpec selected: default
02:20:54.306 [Test worker] DEBUG o.a.h.c.protocol.RequestAuthCache - Auth cache not set in the context
02:20:54.306 [Test worker] DEBUG c.g.d.j.JerseyDockerCmdExecFactory$1 - Connection request: [route: {s}->https://Thesis:2376][total kept alive: 1; route allocated: 1 of 2; total allocated: 1 of 20]
02:20:54.306 [Test worker] DEBUG c.g.d.j.JerseyDockerCmdExecFactory$1 - Connection leased: [id: 139][route: {s}->https://Thesis:2376][total kept alive: 1; route allocated: 2 of 2; total allocated: 2 of 20]
02:20:54.306 [Test worker] DEBUG o.a.h.impl.execchain.MainClientExec - Opening connection {s}->https://Thesis:2376
02:20:54.306 [Test worker] DEBUG o.a.h.i.c.DefaultHttpClientConnectionOperator - Connecting to Thesis/127.0.1.1:2376
02:20:54.306 [Test worker] DEBUG o.a.h.c.s.SSLConnectionSocketFactory - Connecting socket to Thesis/127.0.1.1:2376 with timeout 0
02:20:54.307 [Test worker] DEBUG o.a.h.c.s.SSLConnectionSocketFactory - Enabled protocols: [TLSv1]
02:20:54.307 [Test worker] DEBUG o.a.h.c.s.SSLConnectionSocketFactory - Enabled cipher suites:[TLS_ECDHE_ECDSA_WITH_AES_128_CBC_SHA, TLS_ECDHE_RSA_WITH_AES_128_CBC_SHA, TLS_RSA_WITH_AES_128_CBC_SHA, TLS_ECDH_ECDSA_WITH_AES_128_CBC_SHA, TLS_ECDH_RSA_WITH_AES_128_CBC_SHA, TLS_DHE_RSA_WITH_AES_128_CBC_SHA, TLS_DHE_DSS_WITH_AES_128_CBC_SHA, TLS_ECDHE_ECDSA_WITH_3DES_EDE_CBC_SHA, TLS_ECDHE_RSA_WITH_3DES_EDE_CBC_SHA, SSL_RSA_WITH_3DES_EDE_CBC_SHA, TLS_ECDH_ECDSA_WITH_3DES_EDE_CBC_SHA, TLS_ECDH_RSA_WITH_3DES_EDE_CBC_SHA, SSL_DHE_RSA_WITH_3DES_EDE_CBC_SHA, SSL_DHE_DSS_WITH_3DES_EDE_CBC_SHA, TLS_ECDHE_ECDSA_WITH_RC4_128_SHA, TLS_ECDHE_RSA_WITH_RC4_128_SHA, SSL_RSA_WITH_RC4_128_SHA, TLS_ECDH_ECDSA_WITH_RC4_128_SHA, TLS_ECDH_RSA_WITH_RC4_128_SHA, SSL_RSA_WITH_RC4_128_MD5, TLS_EMPTY_RENEGOTIATION_INFO_SCSV]
02:20:54.307 [Test worker] DEBUG o.a.h.c.s.SSLConnectionSocketFactory - Starting handshake
02:20:54.367 [Test worker] DEBUG o.a.h.c.s.SSLConnectionSocketFactory - Secure session established
02:20:54.367 [Test worker] DEBUG o.a.h.c.s.SSLConnectionSocketFactory -  negotiated protocol: TLSv1
02:20:54.367 [Test worker] DEBUG o.a.h.c.s.SSLConnectionSocketFactory -  negotiated cipher suite: TLS_ECDHE_RSA_WITH_AES_128_CBC_SHA
02:20:54.368 [Test worker] DEBUG o.a.h.c.s.SSLConnectionSocketFactory -  peer principal: CN=Thesis
02:20:54.368 [Test worker] DEBUG o.a.h.c.s.SSLConnectionSocketFactory -  issuer principal: EMAILADDRESS=sha@yamil.com, CN=Thesis, OU=Open, O=Fra, L=BER, ST=BER, C=DE
02:20:54.368 [Test worker] DEBUG o.a.h.i.c.DefaultHttpClientConnectionOperator - Connection established 127.0.0.1:41154<->127.0.1.1:2376
02:20:54.368 [Test worker] DEBUG o.a.h.impl.execchain.MainClientExec - Executing request GET /volumes HTTP/1.1
02:20:54.368 [Test worker] DEBUG o.a.h.impl.execchain.MainClientExec - Target auth state: UNCHALLENGED
02:20:54.368 [Test worker] DEBUG o.a.h.impl.execchain.MainClientExec - Proxy auth state: UNCHALLENGED
02:20:54.369 [Test worker] DEBUG org.apache.http.headers - http-outgoing-139 >> GET /volumes HTTP/1.1
02:20:54.369 [Test worker] DEBUG org.apache.http.headers - http-outgoing-139 >> Accept: application/json
02:20:54.369 [Test worker] DEBUG org.apache.http.headers - http-outgoing-139 >> User-Agent: Jersey/2.23.1 (Apache HttpClient 4.5.1)
02:20:54.369 [Test worker] DEBUG org.apache.http.headers - http-outgoing-139 >> Host: Thesis:2376
02:20:54.369 [Test worker] DEBUG org.apache.http.headers - http-outgoing-139 >> Connection: Keep-Alive
02:20:54.369 [Test worker] DEBUG org.apache.http.headers - http-outgoing-139 >> Accept-Encoding: gzip,deflate
02:20:54.369 [Test worker] DEBUG org.apache.http.wire - http-outgoing-139 >> "GET /volumes HTTP/1.1[\r][\n]"
02:20:54.369 [Test worker] DEBUG org.apache.http.wire - http-outgoing-139 >> "Accept: application/json[\r][\n]"
02:20:54.369 [Test worker] DEBUG org.apache.http.wire - http-outgoing-139 >> "User-Agent: Jersey/2.23.1 (Apache HttpClient 4.5.1)[\r][\n]"
02:20:54.369 [Test worker] DEBUG org.apache.http.wire - http-outgoing-139 >> "Host: Thesis:2376[\r][\n]"
02:20:54.370 [Test worker] DEBUG org.apache.http.wire - http-outgoing-139 >> "Connection: Keep-Alive[\r][\n]"
02:20:54.370 [Test worker] DEBUG org.apache.http.wire - http-outgoing-139 >> "Accept-Encoding: gzip,deflate[\r][\n]"
02:20:54.370 [Test worker] DEBUG org.apache.http.wire - http-outgoing-139 >> "[\r][\n]"
02:20:54.370 [Test worker] DEBUG org.apache.http.wire - http-outgoing-139 << "H"
02:20:54.370 [Test worker] DEBUG org.apache.http.wire - http-outgoing-139 << "TTP/1.1 200 OK[\r][\n]"
02:20:54.370 [Test worker] DEBUG org.apache.http.wire - http-outgoing-139 << "Content-Type: application/json[\r][\n]"
02:20:54.371 [Test worker] DEBUG org.apache.http.wire - http-outgoing-139 << "Server: Docker/1.12.3 (linux)[\r][\n]"
02:20:54.371 [Test worker] DEBUG org.apache.http.wire - http-outgoing-139 << "Date: Tue, 03 Jan 2017 01:20:54 GMT[\r][\n]"
02:20:54.371 [Test worker] DEBUG org.apache.http.wire - http-outgoing-139 << "Content-Length: 33[\r][\n]"
02:20:54.371 [Test worker] DEBUG org.apache.http.wire - http-outgoing-139 << "[\r][\n]"
02:20:54.371 [Test worker] DEBUG org.apache.http.wire - http-outgoing-139 << "{"Volumes":null,"Warnings":null}[\n]"
02:20:54.371 [Test worker] DEBUG org.apache.http.headers - http-outgoing-139 << HTTP/1.1 200 OK
02:20:54.371 [Test worker] DEBUG org.apache.http.headers - http-outgoing-139 << Content-Type: application/json
02:20:54.371 [Test worker] DEBUG org.apache.http.headers - http-outgoing-139 << Server: Docker/1.12.3 (linux)
02:20:54.371 [Test worker] DEBUG org.apache.http.headers - http-outgoing-139 << Date: Tue, 03 Jan 2017 01:20:54 GMT
02:20:54.372 [Test worker] DEBUG org.apache.http.headers - http-outgoing-139 << Content-Length: 33
02:20:54.372 [Test worker] DEBUG o.a.h.impl.execchain.MainClientExec - Connection can be kept alive indefinitely
02:20:54.372 [Test worker] DEBUG c.g.d.j.JerseyDockerCmdExecFactory - 19 * Client response received on thread Test worker
19 < 200
19 < Content-Length: 33
19 < Content-Type: application/json
19 < Date: Tue, 03 Jan 2017 01:20:54 GMT
19 < Server: Docker/1.12.3 (linux)
{"Volumes":null,"Warnings":null}


02:20:54.373 [Test worker] DEBUG o.a.h.i.c.DefaultManagedHttpClientConnection - http-outgoing-139: Close connection
02:20:54.373 [Test worker] DEBUG o.a.h.impl.execchain.MainClientExec - Connection discarded
02:20:54.373 [Test worker] DEBUG c.g.d.j.JerseyDockerCmdExecFactory$1 - Connection released: [id: 139][route: {s}->https://Thesis:2376][total kept alive: 1; route allocated: 1 of 2; total allocated: 1 of 20]
02:20:54.374 [Test worker] DEBUG org.openbaton.docker.DockerVim - Loading properties
02:20:54.374 [Test worker] DEBUG org.openbaton.docker.DockerVim - Loaded properties: {vim.instance.auth.url=tcp://Thesis:2376, docker.cert.path=/home/sakib/.docker, type=docker, tls.verify=true}
02:20:54.381 [Test worker] DEBUG c.g.d.core.command.AbstrDockerCmd - Cmd: -1,<null>,true,<null>,<null>,com.github.dockerjava.core.util.FiltersBuilder@0,com.github.dockerjava.jaxrs.ListContainersCmdExec@60c25cf7
02:20:54.394 [Test worker] DEBUG c.g.d.j.JerseyDockerCmdExecFactory - 1 * Sending client request on thread Test worker
1 > GET https://Thesis:2376/containers/json?all=true
1 > Accept: application/json

02:20:54.394 [Test worker] DEBUG o.a.h.c.protocol.RequestAddCookies - CookieSpec selected: default
02:20:54.395 [Test worker] DEBUG o.a.h.c.protocol.RequestAuthCache - Auth cache not set in the context
02:20:54.395 [Test worker] DEBUG c.g.d.j.JerseyDockerCmdExecFactory$1 - Connection request: [route: {s}->https://Thesis:2376][total kept alive: 0; route allocated: 0 of 2; total allocated: 0 of 20]
02:20:54.395 [Test worker] DEBUG c.g.d.j.JerseyDockerCmdExecFactory$1 - Connection leased: [id: 140][route: {s}->https://Thesis:2376][total kept alive: 0; route allocated: 1 of 2; total allocated: 1 of 20]
02:20:54.395 [Test worker] DEBUG o.a.h.impl.execchain.MainClientExec - Opening connection {s}->https://Thesis:2376
02:20:54.395 [Test worker] DEBUG o.a.h.i.c.DefaultHttpClientConnectionOperator - Connecting to Thesis/127.0.1.1:2376
02:20:54.395 [Test worker] DEBUG o.a.h.c.s.SSLConnectionSocketFactory - Connecting socket to Thesis/127.0.1.1:2376 with timeout 0
02:20:54.396 [Test worker] DEBUG o.a.h.c.s.SSLConnectionSocketFactory - Enabled protocols: [TLSv1]
02:20:54.396 [Test worker] DEBUG o.a.h.c.s.SSLConnectionSocketFactory - Enabled cipher suites:[TLS_ECDHE_ECDSA_WITH_AES_128_CBC_SHA, TLS_ECDHE_RSA_WITH_AES_128_CBC_SHA, TLS_RSA_WITH_AES_128_CBC_SHA, TLS_ECDH_ECDSA_WITH_AES_128_CBC_SHA, TLS_ECDH_RSA_WITH_AES_128_CBC_SHA, TLS_DHE_RSA_WITH_AES_128_CBC_SHA, TLS_DHE_DSS_WITH_AES_128_CBC_SHA, TLS_ECDHE_ECDSA_WITH_3DES_EDE_CBC_SHA, TLS_ECDHE_RSA_WITH_3DES_EDE_CBC_SHA, SSL_RSA_WITH_3DES_EDE_CBC_SHA, TLS_ECDH_ECDSA_WITH_3DES_EDE_CBC_SHA, TLS_ECDH_RSA_WITH_3DES_EDE_CBC_SHA, SSL_DHE_RSA_WITH_3DES_EDE_CBC_SHA, SSL_DHE_DSS_WITH_3DES_EDE_CBC_SHA, TLS_ECDHE_ECDSA_WITH_RC4_128_SHA, TLS_ECDHE_RSA_WITH_RC4_128_SHA, SSL_RSA_WITH_RC4_128_SHA, TLS_ECDH_ECDSA_WITH_RC4_128_SHA, TLS_ECDH_RSA_WITH_RC4_128_SHA, SSL_RSA_WITH_RC4_128_MD5, TLS_EMPTY_RENEGOTIATION_INFO_SCSV]
02:20:54.396 [Test worker] DEBUG o.a.h.c.s.SSLConnectionSocketFactory - Starting handshake
02:20:54.459 [Test worker] DEBUG o.a.h.c.s.SSLConnectionSocketFactory - Secure session established
02:20:54.459 [Test worker] DEBUG o.a.h.c.s.SSLConnectionSocketFactory -  negotiated protocol: TLSv1
02:20:54.459 [Test worker] DEBUG o.a.h.c.s.SSLConnectionSocketFactory -  negotiated cipher suite: TLS_ECDHE_RSA_WITH_AES_128_CBC_SHA
02:20:54.460 [Test worker] DEBUG o.a.h.c.s.SSLConnectionSocketFactory -  peer principal: CN=Thesis
02:20:54.460 [Test worker] DEBUG o.a.h.c.s.SSLConnectionSocketFactory -  issuer principal: EMAILADDRESS=sha@yamil.com, CN=Thesis, OU=Open, O=Fra, L=BER, ST=BER, C=DE
02:20:54.460 [Test worker] DEBUG o.a.h.i.c.DefaultHttpClientConnectionOperator - Connection established 127.0.0.1:41156<->127.0.1.1:2376
02:20:54.460 [Test worker] DEBUG o.a.h.impl.execchain.MainClientExec - Executing request GET /containers/json?all=true HTTP/1.1
02:20:54.460 [Test worker] DEBUG o.a.h.impl.execchain.MainClientExec - Target auth state: UNCHALLENGED
02:20:54.460 [Test worker] DEBUG o.a.h.impl.execchain.MainClientExec - Proxy auth state: UNCHALLENGED
02:20:54.460 [Test worker] DEBUG org.apache.http.headers - http-outgoing-140 >> GET /containers/json?all=true HTTP/1.1
02:20:54.460 [Test worker] DEBUG org.apache.http.headers - http-outgoing-140 >> Accept: application/json
02:20:54.461 [Test worker] DEBUG org.apache.http.headers - http-outgoing-140 >> User-Agent: Jersey/2.23.1 (Apache HttpClient 4.5.1)
02:20:54.461 [Test worker] DEBUG org.apache.http.headers - http-outgoing-140 >> Host: Thesis:2376
02:20:54.461 [Test worker] DEBUG org.apache.http.headers - http-outgoing-140 >> Connection: Keep-Alive
02:20:54.461 [Test worker] DEBUG org.apache.http.headers - http-outgoing-140 >> Accept-Encoding: gzip,deflate
02:20:54.461 [Test worker] DEBUG org.apache.http.wire - http-outgoing-140 >> "GET /containers/json?all=true HTTP/1.1[\r][\n]"
02:20:54.461 [Test worker] DEBUG org.apache.http.wire - http-outgoing-140 >> "Accept: application/json[\r][\n]"
02:20:54.461 [Test worker] DEBUG org.apache.http.wire - http-outgoing-140 >> "User-Agent: Jersey/2.23.1 (Apache HttpClient 4.5.1)[\r][\n]"
02:20:54.461 [Test worker] DEBUG org.apache.http.wire - http-outgoing-140 >> "Host: Thesis:2376[\r][\n]"
02:20:54.461 [Test worker] DEBUG org.apache.http.wire - http-outgoing-140 >> "Connection: Keep-Alive[\r][\n]"
02:20:54.461 [Test worker] DEBUG org.apache.http.wire - http-outgoing-140 >> "Accept-Encoding: gzip,deflate[\r][\n]"
02:20:54.462 [Test worker] DEBUG org.apache.http.wire - http-outgoing-140 >> "[\r][\n]"
02:20:54.462 [Test worker] DEBUG org.apache.http.wire - http-outgoing-140 << "H"
02:20:54.462 [Test worker] DEBUG org.apache.http.wire - http-outgoing-140 << "TTP/1.1 200 OK[\r][\n]"
02:20:54.462 [Test worker] DEBUG org.apache.http.wire - http-outgoing-140 << "Content-Type: application/json[\r][\n]"
02:20:54.462 [Test worker] DEBUG org.apache.http.wire - http-outgoing-140 << "Server: Docker/1.12.3 (linux)[\r][\n]"
02:20:54.462 [Test worker] DEBUG org.apache.http.wire - http-outgoing-140 << "Date: Tue, 03 Jan 2017 01:20:54 GMT[\r][\n]"
02:20:54.462 [Test worker] DEBUG org.apache.http.wire - http-outgoing-140 << "Content-Length: 3[\r][\n]"
02:20:54.463 [Test worker] DEBUG org.apache.http.wire - http-outgoing-140 << "[\r][\n]"
02:20:54.463 [Test worker] DEBUG org.apache.http.wire - http-outgoing-140 << "[][\n]"
02:20:54.463 [Test worker] DEBUG org.apache.http.headers - http-outgoing-140 << HTTP/1.1 200 OK
02:20:54.463 [Test worker] DEBUG org.apache.http.headers - http-outgoing-140 << Content-Type: application/json
02:20:54.463 [Test worker] DEBUG org.apache.http.headers - http-outgoing-140 << Server: Docker/1.12.3 (linux)
02:20:54.463 [Test worker] DEBUG org.apache.http.headers - http-outgoing-140 << Date: Tue, 03 Jan 2017 01:20:54 GMT
02:20:54.463 [Test worker] DEBUG org.apache.http.headers - http-outgoing-140 << Content-Length: 3
02:20:54.464 [Test worker] DEBUG o.a.h.impl.execchain.MainClientExec - Connection can be kept alive indefinitely
02:20:54.468 [Test worker] DEBUG c.g.d.j.JerseyDockerCmdExecFactory - 2 * Client response received on thread Test worker
2 < 200
2 < Content-Length: 3
2 < Content-Type: application/json
2 < Date: Tue, 03 Jan 2017 01:20:54 GMT
2 < Server: Docker/1.12.3 (linux)
[]


02:20:54.470 [Test worker] DEBUG c.g.d.j.JerseyDockerCmdExecFactory$1 - Connection [id: 140][route: {s}->https://Thesis:2376][state: CN=Thesis] can be kept alive indefinitely
02:20:54.476 [Test worker] DEBUG c.g.d.j.JerseyDockerCmdExecFactory$1 - Connection released: [id: 140][route: {s}->https://Thesis:2376][state: CN=Thesis][total kept alive: 1; route allocated: 1 of 2; total allocated: 1 of 20]
02:20:54.484 [Test worker] DEBUG c.g.d.core.command.AbstrDockerCmd - Cmd: com.github.dockerjava.core.util.FiltersBuilder@0,com.github.dockerjava.jaxrs.ListNetworksCmdExec@3f078f1c
02:20:54.486 [Test worker] DEBUG c.g.d.j.JerseyDockerCmdExecFactory - 3 * Sending client request on thread Test worker
3 > GET https://Thesis:2376/networks
3 > Accept: application/json

02:20:54.486 [Test worker] DEBUG o.a.h.c.protocol.RequestAddCookies - CookieSpec selected: default
02:20:54.486 [Test worker] DEBUG o.a.h.c.protocol.RequestAuthCache - Auth cache not set in the context
02:20:54.486 [Test worker] DEBUG c.g.d.j.JerseyDockerCmdExecFactory$1 - Connection request: [route: {s}->https://Thesis:2376][total kept alive: 1; route allocated: 1 of 2; total allocated: 1 of 20]
02:20:54.487 [Test worker] DEBUG c.g.d.j.JerseyDockerCmdExecFactory$1 - Connection leased: [id: 141][route: {s}->https://Thesis:2376][total kept alive: 1; route allocated: 2 of 2; total allocated: 2 of 20]
02:20:54.487 [Test worker] DEBUG o.a.h.impl.execchain.MainClientExec - Opening connection {s}->https://Thesis:2376
02:20:54.487 [Test worker] DEBUG o.a.h.i.c.DefaultHttpClientConnectionOperator - Connecting to Thesis/127.0.1.1:2376
02:20:54.487 [Test worker] DEBUG o.a.h.c.s.SSLConnectionSocketFactory - Connecting socket to Thesis/127.0.1.1:2376 with timeout 0
02:20:54.488 [Test worker] DEBUG o.a.h.c.s.SSLConnectionSocketFactory - Enabled protocols: [TLSv1]
02:20:54.488 [Test worker] DEBUG o.a.h.c.s.SSLConnectionSocketFactory - Enabled cipher suites:[TLS_ECDHE_ECDSA_WITH_AES_128_CBC_SHA, TLS_ECDHE_RSA_WITH_AES_128_CBC_SHA, TLS_RSA_WITH_AES_128_CBC_SHA, TLS_ECDH_ECDSA_WITH_AES_128_CBC_SHA, TLS_ECDH_RSA_WITH_AES_128_CBC_SHA, TLS_DHE_RSA_WITH_AES_128_CBC_SHA, TLS_DHE_DSS_WITH_AES_128_CBC_SHA, TLS_ECDHE_ECDSA_WITH_3DES_EDE_CBC_SHA, TLS_ECDHE_RSA_WITH_3DES_EDE_CBC_SHA, SSL_RSA_WITH_3DES_EDE_CBC_SHA, TLS_ECDH_ECDSA_WITH_3DES_EDE_CBC_SHA, TLS_ECDH_RSA_WITH_3DES_EDE_CBC_SHA, SSL_DHE_RSA_WITH_3DES_EDE_CBC_SHA, SSL_DHE_DSS_WITH_3DES_EDE_CBC_SHA, TLS_ECDHE_ECDSA_WITH_RC4_128_SHA, TLS_ECDHE_RSA_WITH_RC4_128_SHA, SSL_RSA_WITH_RC4_128_SHA, TLS_ECDH_ECDSA_WITH_RC4_128_SHA, TLS_ECDH_RSA_WITH_RC4_128_SHA, SSL_RSA_WITH_RC4_128_MD5, TLS_EMPTY_RENEGOTIATION_INFO_SCSV]
02:20:54.488 [Test worker] DEBUG o.a.h.c.s.SSLConnectionSocketFactory - Starting handshake
02:20:54.546 [Test worker] DEBUG o.a.h.c.s.SSLConnectionSocketFactory - Secure session established
02:20:54.547 [Test worker] DEBUG o.a.h.c.s.SSLConnectionSocketFactory -  negotiated protocol: TLSv1
02:20:54.547 [Test worker] DEBUG o.a.h.c.s.SSLConnectionSocketFactory -  negotiated cipher suite: TLS_ECDHE_RSA_WITH_AES_128_CBC_SHA
02:20:54.547 [Test worker] DEBUG o.a.h.c.s.SSLConnectionSocketFactory -  peer principal: CN=Thesis
02:20:54.547 [Test worker] DEBUG o.a.h.c.s.SSLConnectionSocketFactory -  issuer principal: EMAILADDRESS=sha@yamil.com, CN=Thesis, OU=Open, O=Fra, L=BER, ST=BER, C=DE
02:20:54.547 [Test worker] DEBUG o.a.h.i.c.DefaultHttpClientConnectionOperator - Connection established 127.0.0.1:41158<->127.0.1.1:2376
02:20:54.547 [Test worker] DEBUG o.a.h.impl.execchain.MainClientExec - Executing request GET /networks HTTP/1.1
02:20:54.548 [Test worker] DEBUG o.a.h.impl.execchain.MainClientExec - Target auth state: UNCHALLENGED
02:20:54.548 [Test worker] DEBUG o.a.h.impl.execchain.MainClientExec - Proxy auth state: UNCHALLENGED
02:20:54.548 [Test worker] DEBUG org.apache.http.headers - http-outgoing-141 >> GET /networks HTTP/1.1
02:20:54.548 [Test worker] DEBUG org.apache.http.headers - http-outgoing-141 >> Accept: application/json
02:20:54.548 [Test worker] DEBUG org.apache.http.headers - http-outgoing-141 >> User-Agent: Jersey/2.23.1 (Apache HttpClient 4.5.1)
02:20:54.548 [Test worker] DEBUG org.apache.http.headers - http-outgoing-141 >> Host: Thesis:2376
02:20:54.548 [Test worker] DEBUG org.apache.http.headers - http-outgoing-141 >> Connection: Keep-Alive
02:20:54.549 [Test worker] DEBUG org.apache.http.headers - http-outgoing-141 >> Accept-Encoding: gzip,deflate
02:20:54.549 [Test worker] DEBUG org.apache.http.wire - http-outgoing-141 >> "GET /networks HTTP/1.1[\r][\n]"
02:20:54.549 [Test worker] DEBUG org.apache.http.wire - http-outgoing-141 >> "Accept: application/json[\r][\n]"
02:20:54.549 [Test worker] DEBUG org.apache.http.wire - http-outgoing-141 >> "User-Agent: Jersey/2.23.1 (Apache HttpClient 4.5.1)[\r][\n]"
02:20:54.549 [Test worker] DEBUG org.apache.http.wire - http-outgoing-141 >> "Host: Thesis:2376[\r][\n]"
02:20:54.549 [Test worker] DEBUG org.apache.http.wire - http-outgoing-141 >> "Connection: Keep-Alive[\r][\n]"
02:20:54.549 [Test worker] DEBUG org.apache.http.wire - http-outgoing-141 >> "Accept-Encoding: gzip,deflate[\r][\n]"
02:20:54.549 [Test worker] DEBUG org.apache.http.wire - http-outgoing-141 >> "[\r][\n]"
02:20:54.550 [Test worker] DEBUG org.apache.http.wire - http-outgoing-141 << "H"
02:20:54.550 [Test worker] DEBUG org.apache.http.wire - http-outgoing-141 << "TTP/1.1 200 OK[\r][\n]"
02:20:54.550 [Test worker] DEBUG org.apache.http.wire - http-outgoing-141 << "Content-Type: application/json[\r][\n]"
02:20:54.550 [Test worker] DEBUG org.apache.http.wire - http-outgoing-141 << "Server: Docker/1.12.3 (linux)[\r][\n]"
02:20:54.550 [Test worker] DEBUG org.apache.http.wire - http-outgoing-141 << "Date: Tue, 03 Jan 2017 01:20:54 GMT[\r][\n]"
02:20:54.550 [Test worker] DEBUG org.apache.http.wire - http-outgoing-141 << "Content-Length: 1100[\r][\n]"
02:20:54.550 [Test worker] DEBUG org.apache.http.wire - http-outgoing-141 << "[\r][\n]"
02:20:54.550 [Test worker] DEBUG org.apache.http.wire - http-outgoing-141 << "[{"Name":"none","Id":"4d89c194eb79cd2beb38458d10a1b98c74d6b8462af72afde29ae7aca53ed5ca","Scope":"local","Driver":"null","EnableIPv6":false,"IPAM":{"Driver":"default","Options":null,"Config":[]},"Internal":false,"Containers":{},"Options":{},"Labels":{}},{"Name":"bridge","Id":"e0d36057aa1769e9fd52ba88be81b698b495f9b6b4946d0f98f24d971a27fc98","Scope":"local","Driver":"bridge","EnableIPv6":false,"IPAM":{"Driver":"default","Options":null,"Config":[{"Subnet":"172.17.0.0/16","Gateway":"172.17.0.1"}]},"Internal":false,"Containers":{},"Options":{"com.docker.network.bridge.default_bridge":"true","com.docker.network.bridge.enable_icc":"true","com.docker.network.bridge.enable_ip_masquerade":"true","com.docker.network.bridge.host_binding_ipv4":"0.0.0.0","com.docker.network.bridge.name":"docker0","com.docker.network.driver.mtu":"1500"},"Labels":{}},{"Name":"host","Id":"fe042b0866671b5be4f097ba43830c0a02959c058702d18e18c14a24d88a357d","Scope":"local","Driver":"host","EnableIPv6":false,"IPAM":{"Driver":"default","Options":null,"Config":[]},"Internal":false,"Containers":{},"Options":{},"Labels":{}}][\n]"
02:20:54.557 [Test worker] DEBUG org.apache.http.headers - http-outgoing-141 << HTTP/1.1 200 OK
02:20:54.557 [Test worker] DEBUG org.apache.http.headers - http-outgoing-141 << Content-Type: application/json
02:20:54.558 [Test worker] DEBUG org.apache.http.headers - http-outgoing-141 << Server: Docker/1.12.3 (linux)
02:20:54.558 [Test worker] DEBUG org.apache.http.headers - http-outgoing-141 << Date: Tue, 03 Jan 2017 01:20:54 GMT
02:20:54.558 [Test worker] DEBUG org.apache.http.headers - http-outgoing-141 << Content-Length: 1100
02:20:54.558 [Test worker] DEBUG o.a.h.impl.execchain.MainClientExec - Connection can be kept alive indefinitely
02:20:54.558 [Test worker] DEBUG c.g.d.j.JerseyDockerCmdExecFactory - 4 * Client response received on thread Test worker
4 < 200
4 < Content-Length: 1100
4 < Content-Type: application/json
4 < Date: Tue, 03 Jan 2017 01:20:54 GMT
4 < Server: Docker/1.12.3 (linux)
[{"Name":"none","Id":"4d89c194eb79cd2beb38458d10a1b98c74d6b8462af72afde29ae7aca53ed5ca","Scope":"local","Driver":"null","EnableIPv6":false,"IPAM":{"Driver":"default","Options":null,"Config":[]},"Internal":false,"Containers":{},"Options":{},"Labels":{}},{"Name":"bridge","Id":"e0d36057aa1769e9fd52ba88be81b698b495f9b6b4946d0f98f24d971a27fc98","Scope":"local","Driver":"bridge","EnableIPv6":false,"IPAM":{"Driver":"default","Options":null,"Config":[{"Subnet":"172.17.0.0/16","Gateway":"172.17.0.1"}]},"Internal":false,"Containers":{},"Options":{"com.docker.network.bridge.default_bridge":"true","com.docker.network.bridge.enable_icc":"true","com.docker.network.bridge.enable_ip_masquerade":"true","com.docker.network.bridge.host_binding_ipv4":"0.0.0.0","com.docker.network.bridge.name":"docker0","com.docker.network.driver.mtu":"1500"},"Labels":{}},{"Name":"host","Id":"fe042b0866671b5be4f097ba43830c0a02959c058702d18e18c14a24d88a357d","Scope":"local","Driver":"host","EnableIPv6":false,"IPAM":{"Driver":"default","Options":null,"Config":[]},"Internal":false,"Containers":{},"Options":{},"Labels":{}}]


02:20:54.562 [Test worker] DEBUG o.a.h.i.c.DefaultManagedHttpClientConnection - http-outgoing-141: Close connection
02:20:54.563 [Test worker] DEBUG o.a.h.impl.execchain.MainClientExec - Connection discarded
02:20:54.563 [Test worker] DEBUG c.g.d.j.JerseyDockerCmdExecFactory$1 - Connection released: [id: 141][route: {s}->https://Thesis:2376][total kept alive: 1; route allocated: 1 of 2; total allocated: 1 of 20]
02:20:54.563 [Test worker] DEBUG c.g.d.core.command.AbstrDockerCmd - Cmd: com.github.dockerjava.core.util.FiltersBuilder@0,com.github.dockerjava.jaxrs.ListVolumesCmdExec@763c80e8
02:20:54.564 [Test worker] DEBUG c.g.d.j.JerseyDockerCmdExecFactory - 5 * Sending client request on thread Test worker
5 > GET https://Thesis:2376/volumes
5 > Accept: application/json

02:20:54.564 [Test worker] DEBUG o.a.h.c.protocol.RequestAddCookies - CookieSpec selected: default
02:20:54.564 [Test worker] DEBUG o.a.h.c.protocol.RequestAuthCache - Auth cache not set in the context
02:20:54.564 [Test worker] DEBUG c.g.d.j.JerseyDockerCmdExecFactory$1 - Connection request: [route: {s}->https://Thesis:2376][total kept alive: 1; route allocated: 1 of 2; total allocated: 1 of 20]
02:20:54.565 [Test worker] DEBUG c.g.d.j.JerseyDockerCmdExecFactory$1 - Connection leased: [id: 142][route: {s}->https://Thesis:2376][total kept alive: 1; route allocated: 2 of 2; total allocated: 2 of 20]
02:20:54.565 [Test worker] DEBUG o.a.h.impl.execchain.MainClientExec - Opening connection {s}->https://Thesis:2376
02:20:54.565 [Test worker] DEBUG o.a.h.i.c.DefaultHttpClientConnectionOperator - Connecting to Thesis/127.0.1.1:2376
02:20:54.565 [Test worker] DEBUG o.a.h.c.s.SSLConnectionSocketFactory - Connecting socket to Thesis/127.0.1.1:2376 with timeout 0
02:20:54.566 [Test worker] DEBUG o.a.h.c.s.SSLConnectionSocketFactory - Enabled protocols: [TLSv1]
02:20:54.566 [Test worker] DEBUG o.a.h.c.s.SSLConnectionSocketFactory - Enabled cipher suites:[TLS_ECDHE_ECDSA_WITH_AES_128_CBC_SHA, TLS_ECDHE_RSA_WITH_AES_128_CBC_SHA, TLS_RSA_WITH_AES_128_CBC_SHA, TLS_ECDH_ECDSA_WITH_AES_128_CBC_SHA, TLS_ECDH_RSA_WITH_AES_128_CBC_SHA, TLS_DHE_RSA_WITH_AES_128_CBC_SHA, TLS_DHE_DSS_WITH_AES_128_CBC_SHA, TLS_ECDHE_ECDSA_WITH_3DES_EDE_CBC_SHA, TLS_ECDHE_RSA_WITH_3DES_EDE_CBC_SHA, SSL_RSA_WITH_3DES_EDE_CBC_SHA, TLS_ECDH_ECDSA_WITH_3DES_EDE_CBC_SHA, TLS_ECDH_RSA_WITH_3DES_EDE_CBC_SHA, SSL_DHE_RSA_WITH_3DES_EDE_CBC_SHA, SSL_DHE_DSS_WITH_3DES_EDE_CBC_SHA, TLS_ECDHE_ECDSA_WITH_RC4_128_SHA, TLS_ECDHE_RSA_WITH_RC4_128_SHA, SSL_RSA_WITH_RC4_128_SHA, TLS_ECDH_ECDSA_WITH_RC4_128_SHA, TLS_ECDH_RSA_WITH_RC4_128_SHA, SSL_RSA_WITH_RC4_128_MD5, TLS_EMPTY_RENEGOTIATION_INFO_SCSV]
02:20:54.566 [Test worker] DEBUG o.a.h.c.s.SSLConnectionSocketFactory - Starting handshake
02:20:54.625 [Test worker] DEBUG o.a.h.c.s.SSLConnectionSocketFactory - Secure session established
02:20:54.625 [Test worker] DEBUG o.a.h.c.s.SSLConnectionSocketFactory -  negotiated protocol: TLSv1
02:20:54.625 [Test worker] DEBUG o.a.h.c.s.SSLConnectionSocketFactory -  negotiated cipher suite: TLS_ECDHE_RSA_WITH_AES_128_CBC_SHA
02:20:54.625 [Test worker] DEBUG o.a.h.c.s.SSLConnectionSocketFactory -  peer principal: CN=Thesis
02:20:54.626 [Test worker] DEBUG o.a.h.c.s.SSLConnectionSocketFactory -  issuer principal: EMAILADDRESS=sha@yamil.com, CN=Thesis, OU=Open, O=Fra, L=BER, ST=BER, C=DE
02:20:54.626 [Test worker] DEBUG o.a.h.i.c.DefaultHttpClientConnectionOperator - Connection established 127.0.0.1:41160<->127.0.1.1:2376
02:20:54.626 [Test worker] DEBUG o.a.h.impl.execchain.MainClientExec - Executing request GET /volumes HTTP/1.1
02:20:54.626 [Test worker] DEBUG o.a.h.impl.execchain.MainClientExec - Target auth state: UNCHALLENGED
02:20:54.626 [Test worker] DEBUG o.a.h.impl.execchain.MainClientExec - Proxy auth state: UNCHALLENGED
02:20:54.626 [Test worker] DEBUG org.apache.http.headers - http-outgoing-142 >> GET /volumes HTTP/1.1
02:20:54.626 [Test worker] DEBUG org.apache.http.headers - http-outgoing-142 >> Accept: application/json
02:20:54.626 [Test worker] DEBUG org.apache.http.headers - http-outgoing-142 >> User-Agent: Jersey/2.23.1 (Apache HttpClient 4.5.1)
02:20:54.627 [Test worker] DEBUG org.apache.http.headers - http-outgoing-142 >> Host: Thesis:2376
02:20:54.627 [Test worker] DEBUG org.apache.http.headers - http-outgoing-142 >> Connection: Keep-Alive
02:20:54.627 [Test worker] DEBUG org.apache.http.headers - http-outgoing-142 >> Accept-Encoding: gzip,deflate
02:20:54.627 [Test worker] DEBUG org.apache.http.wire - http-outgoing-142 >> "GET /volumes HTTP/1.1[\r][\n]"
02:20:54.627 [Test worker] DEBUG org.apache.http.wire - http-outgoing-142 >> "Accept: application/json[\r][\n]"
02:20:54.627 [Test worker] DEBUG org.apache.http.wire - http-outgoing-142 >> "User-Agent: Jersey/2.23.1 (Apache HttpClient 4.5.1)[\r][\n]"
02:20:54.627 [Test worker] DEBUG org.apache.http.wire - http-outgoing-142 >> "Host: Thesis:2376[\r][\n]"
02:20:54.627 [Test worker] DEBUG org.apache.http.wire - http-outgoing-142 >> "Connection: Keep-Alive[\r][\n]"
02:20:54.627 [Test worker] DEBUG org.apache.http.wire - http-outgoing-142 >> "Accept-Encoding: gzip,deflate[\r][\n]"
02:20:54.628 [Test worker] DEBUG org.apache.http.wire - http-outgoing-142 >> "[\r][\n]"
02:20:54.628 [Test worker] DEBUG org.apache.http.wire - http-outgoing-142 << "H"
02:20:54.629 [Test worker] DEBUG org.apache.http.wire - http-outgoing-142 << "TTP/1.1 200 OK[\r][\n]"
02:20:54.629 [Test worker] DEBUG org.apache.http.wire - http-outgoing-142 << "Content-Type: application/json[\r][\n]"
02:20:54.630 [Test worker] DEBUG org.apache.http.wire - http-outgoing-142 << "Server: Docker/1.12.3 (linux)[\r][\n]"
02:20:54.630 [Test worker] DEBUG org.apache.http.wire - http-outgoing-142 << "Date: Tue, 03 Jan 2017 01:20:54 GMT[\r][\n]"
02:20:54.630 [Test worker] DEBUG org.apache.http.wire - http-outgoing-142 << "Content-Length: 33[\r][\n]"
02:20:54.630 [Test worker] DEBUG org.apache.http.wire - http-outgoing-142 << "[\r][\n]"
02:20:54.630 [Test worker] DEBUG org.apache.http.wire - http-outgoing-142 << "{"Volumes":null,"Warnings":null}[\n]"
02:20:54.630 [Test worker] DEBUG org.apache.http.headers - http-outgoing-142 << HTTP/1.1 200 OK
02:20:54.630 [Test worker] DEBUG org.apache.http.headers - http-outgoing-142 << Content-Type: application/json
02:20:54.630 [Test worker] DEBUG org.apache.http.headers - http-outgoing-142 << Server: Docker/1.12.3 (linux)
02:20:54.630 [Test worker] DEBUG org.apache.http.headers - http-outgoing-142 << Date: Tue, 03 Jan 2017 01:20:54 GMT
02:20:54.630 [Test worker] DEBUG org.apache.http.headers - http-outgoing-142 << Content-Length: 33
02:20:54.631 [Test worker] DEBUG o.a.h.impl.execchain.MainClientExec - Connection can be kept alive indefinitely
02:20:54.631 [Test worker] DEBUG c.g.d.j.JerseyDockerCmdExecFactory - 6 * Client response received on thread Test worker
6 < 200
6 < Content-Length: 33
6 < Content-Type: application/json
6 < Date: Tue, 03 Jan 2017 01:20:54 GMT
6 < Server: Docker/1.12.3 (linux)
{"Volumes":null,"Warnings":null}


02:20:54.633 [Test worker] DEBUG o.a.h.i.c.DefaultManagedHttpClientConnection - http-outgoing-142: Close connection
02:20:54.633 [Test worker] DEBUG o.a.h.impl.execchain.MainClientExec - Connection discarded
02:20:54.633 [Test worker] DEBUG c.g.d.j.JerseyDockerCmdExecFactory$1 - Connection released: [id: 142][route: {s}->https://Thesis:2376][total kept alive: 1; route allocated: 1 of 2; total allocated: 1 of 20]
02:20:54.633 [Test worker] DEBUG c.g.d.core.command.AbstrDockerCmd - Cmd: ListImagesCmdImpl[imageNameFilter=<null>,showAll=true,filters=com.github.dockerjava.core.util.FiltersBuilder@0,execution=com.github.dockerjava.jaxrs.ListImagesCmdExec@5d5a271e]
02:20:54.634 [Test worker] DEBUG c.g.d.j.JerseyDockerCmdExecFactory - 7 * Sending client request on thread Test worker
7 > GET https://Thesis:2376/images/json?all=true
7 > Accept: application/json

02:20:54.634 [Test worker] DEBUG o.a.h.c.protocol.RequestAddCookies - CookieSpec selected: default
02:20:54.634 [Test worker] DEBUG o.a.h.c.protocol.RequestAuthCache - Auth cache not set in the context
02:20:54.634 [Test worker] DEBUG c.g.d.j.JerseyDockerCmdExecFactory$1 - Connection request: [route: {s}->https://Thesis:2376][total kept alive: 1; route allocated: 1 of 2; total allocated: 1 of 20]
02:20:54.635 [Test worker] DEBUG c.g.d.j.JerseyDockerCmdExecFactory$1 - Connection leased: [id: 143][route: {s}->https://Thesis:2376][total kept alive: 1; route allocated: 2 of 2; total allocated: 2 of 20]
02:20:54.635 [Test worker] DEBUG o.a.h.impl.execchain.MainClientExec - Opening connection {s}->https://Thesis:2376
02:20:54.635 [Test worker] DEBUG o.a.h.i.c.DefaultHttpClientConnectionOperator - Connecting to Thesis/127.0.1.1:2376
02:20:54.635 [Test worker] DEBUG o.a.h.c.s.SSLConnectionSocketFactory - Connecting socket to Thesis/127.0.1.1:2376 with timeout 0
02:20:54.636 [Test worker] DEBUG o.a.h.c.s.SSLConnectionSocketFactory - Enabled protocols: [TLSv1]
02:20:54.636 [Test worker] DEBUG o.a.h.c.s.SSLConnectionSocketFactory - Enabled cipher suites:[TLS_ECDHE_ECDSA_WITH_AES_128_CBC_SHA, TLS_ECDHE_RSA_WITH_AES_128_CBC_SHA, TLS_RSA_WITH_AES_128_CBC_SHA, TLS_ECDH_ECDSA_WITH_AES_128_CBC_SHA, TLS_ECDH_RSA_WITH_AES_128_CBC_SHA, TLS_DHE_RSA_WITH_AES_128_CBC_SHA, TLS_DHE_DSS_WITH_AES_128_CBC_SHA, TLS_ECDHE_ECDSA_WITH_3DES_EDE_CBC_SHA, TLS_ECDHE_RSA_WITH_3DES_EDE_CBC_SHA, SSL_RSA_WITH_3DES_EDE_CBC_SHA, TLS_ECDH_ECDSA_WITH_3DES_EDE_CBC_SHA, TLS_ECDH_RSA_WITH_3DES_EDE_CBC_SHA, SSL_DHE_RSA_WITH_3DES_EDE_CBC_SHA, SSL_DHE_DSS_WITH_3DES_EDE_CBC_SHA, TLS_ECDHE_ECDSA_WITH_RC4_128_SHA, TLS_ECDHE_RSA_WITH_RC4_128_SHA, SSL_RSA_WITH_RC4_128_SHA, TLS_ECDH_ECDSA_WITH_RC4_128_SHA, TLS_ECDH_RSA_WITH_RC4_128_SHA, SSL_RSA_WITH_RC4_128_MD5, TLS_EMPTY_RENEGOTIATION_INFO_SCSV]
02:20:54.636 [Test worker] DEBUG o.a.h.c.s.SSLConnectionSocketFactory - Starting handshake
02:20:54.708 [Test worker] DEBUG o.a.h.c.s.SSLConnectionSocketFactory - Secure session established
02:20:54.708 [Test worker] DEBUG o.a.h.c.s.SSLConnectionSocketFactory -  negotiated protocol: TLSv1
02:20:54.708 [Test worker] DEBUG o.a.h.c.s.SSLConnectionSocketFactory -  negotiated cipher suite: TLS_ECDHE_RSA_WITH_AES_128_CBC_SHA
02:20:54.708 [Test worker] DEBUG o.a.h.c.s.SSLConnectionSocketFactory -  peer principal: CN=Thesis
02:20:54.708 [Test worker] DEBUG o.a.h.c.s.SSLConnectionSocketFactory -  issuer principal: EMAILADDRESS=sha@yamil.com, CN=Thesis, OU=Open, O=Fra, L=BER, ST=BER, C=DE
02:20:54.709 [Test worker] DEBUG o.a.h.i.c.DefaultHttpClientConnectionOperator - Connection established 127.0.0.1:41162<->127.0.1.1:2376
02:20:54.709 [Test worker] DEBUG o.a.h.impl.execchain.MainClientExec - Executing request GET /images/json?all=true HTTP/1.1
02:20:54.709 [Test worker] DEBUG o.a.h.impl.execchain.MainClientExec - Target auth state: UNCHALLENGED
02:20:54.709 [Test worker] DEBUG o.a.h.impl.execchain.MainClientExec - Proxy auth state: UNCHALLENGED
02:20:54.709 [Test worker] DEBUG org.apache.http.headers - http-outgoing-143 >> GET /images/json?all=true HTTP/1.1
02:20:54.709 [Test worker] DEBUG org.apache.http.headers - http-outgoing-143 >> Accept: application/json
02:20:54.709 [Test worker] DEBUG org.apache.http.headers - http-outgoing-143 >> User-Agent: Jersey/2.23.1 (Apache HttpClient 4.5.1)
02:20:54.709 [Test worker] DEBUG org.apache.http.headers - http-outgoing-143 >> Host: Thesis:2376
02:20:54.710 [Test worker] DEBUG org.apache.http.headers - http-outgoing-143 >> Connection: Keep-Alive
02:20:54.710 [Test worker] DEBUG org.apache.http.headers - http-outgoing-143 >> Accept-Encoding: gzip,deflate
02:20:54.710 [Test worker] DEBUG org.apache.http.wire - http-outgoing-143 >> "GET /images/json?all=true HTTP/1.1[\r][\n]"
02:20:54.710 [Test worker] DEBUG org.apache.http.wire - http-outgoing-143 >> "Accept: application/json[\r][\n]"
02:20:54.710 [Test worker] DEBUG org.apache.http.wire - http-outgoing-143 >> "User-Agent: Jersey/2.23.1 (Apache HttpClient 4.5.1)[\r][\n]"
02:20:54.710 [Test worker] DEBUG org.apache.http.wire - http-outgoing-143 >> "Host: Thesis:2376[\r][\n]"
02:20:54.710 [Test worker] DEBUG org.apache.http.wire - http-outgoing-143 >> "Connection: Keep-Alive[\r][\n]"
02:20:54.710 [Test worker] DEBUG org.apache.http.wire - http-outgoing-143 >> "Accept-Encoding: gzip,deflate[\r][\n]"
02:20:54.710 [Test worker] DEBUG org.apache.http.wire - http-outgoing-143 >> "[\r][\n]"
02:20:54.711 [Test worker] DEBUG org.apache.http.wire - http-outgoing-143 << "H"
02:20:54.711 [Test worker] DEBUG org.apache.http.wire - http-outgoing-143 << "TTP/1.1 200 OK[\r][\n]"
02:20:54.712 [Test worker] DEBUG org.apache.http.wire - http-outgoing-143 << "Content-Type: application/json[\r][\n]"
02:20:54.712 [Test worker] DEBUG org.apache.http.wire - http-outgoing-143 << "Server: Docker/1.12.3 (linux)[\r][\n]"
02:20:54.712 [Test worker] DEBUG org.apache.http.wire - http-outgoing-143 << "Date: Tue, 03 Jan 2017 01:20:54 GMT[\r][\n]"
02:20:54.712 [Test worker] DEBUG org.apache.http.wire - http-outgoing-143 << "Content-Length: 1195[\r][\n]"
02:20:54.717 [Test worker] DEBUG org.apache.http.wire - http-outgoing-143 << "[\r][\n]"
02:20:54.717 [Test worker] DEBUG org.apache.http.wire - http-outgoing-143 << "[{"Id":"sha256:4ca3a192ff2a5b7e225e81dc006b6379c10776ed3619757a65608cb72de0a7f6","ParentId":"","RepoTags":["ubuntu:latest"],"RepoDigests":["ubuntu@sha256:3b64c309deae7ab0f7dbdd42b6b326261ccd6261da5d88396439353162703fb5"],"Created":1480449877,"Size":128206574,"VirtualSize":128206574,"Labels":{}},{"Id":"sha256:aae2b63c49461fcae4962e4a8043f66acf8e3af7e62f5ebceb70b181d8ca01e0","ParentId":"","RepoTags":["ubuntu:14.04"],"RepoDigests":["ubuntu@sha256:edb984703bd3e8981ff541a5b9297ca1b81fde6e6e8094d86e390a38ebc30b4d"],"Created":1480449856,"Size":187952254,"VirtualSize":187952254,"Labels":{}},{"Id":"sha256:e02e811dd08fd49e7f6032625495118e63f597eb150403d02e3238af1df240ba","ParentId":"","RepoTags":["busybox:latest"],"RepoDigests":["busybox@sha256:29f5d56d12684887bdfa50dcd29fc31eea4aaf4ad3bec43daf19026a7ce69912"],"Created":1475874238,"Size":1093484,"VirtualSize":1093484,"Labels":{}},{"Id":"sha256:d654de4499473ed41349b54a988b6f46a7fc92e3fa2d61e102bf2660a0116e25","ParentId":"","RepoTags":["sakib37/iperf3:latest"],"RepoDigests":["sakib37/iperf3@sha256:8d80a810f8f508c074b14d02555f20110eac382c8dbda7252075392983629d40"],"Created":1474907599,"Size":199456654,"VirtualSize":199456654,"Labels":{}}][\n]"
02:20:54.717 [Test worker] DEBUG org.apache.http.headers - http-outgoing-143 << HTTP/1.1 200 OK
02:20:54.717 [Test worker] DEBUG org.apache.http.headers - http-outgoing-143 << Content-Type: application/json
02:20:54.717 [Test worker] DEBUG org.apache.http.headers - http-outgoing-143 << Server: Docker/1.12.3 (linux)
02:20:54.717 [Test worker] DEBUG org.apache.http.headers - http-outgoing-143 << Date: Tue, 03 Jan 2017 01:20:54 GMT
02:20:54.717 [Test worker] DEBUG org.apache.http.headers - http-outgoing-143 << Content-Length: 1195
02:20:54.718 [Test worker] DEBUG o.a.h.impl.execchain.MainClientExec - Connection can be kept alive indefinitely
02:20:54.718 [Test worker] DEBUG c.g.d.j.JerseyDockerCmdExecFactory - 8 * Client response received on thread Test worker
8 < 200
8 < Content-Length: 1195
8 < Content-Type: application/json
8 < Date: Tue, 03 Jan 2017 01:20:54 GMT
8 < Server: Docker/1.12.3 (linux)
[{"Id":"sha256:4ca3a192ff2a5b7e225e81dc006b6379c10776ed3619757a65608cb72de0a7f6","ParentId":"","RepoTags":["ubuntu:latest"],"RepoDigests":["ubuntu@sha256:3b64c309deae7ab0f7dbdd42b6b326261ccd6261da5d88396439353162703fb5"],"Created":1480449877,"Size":128206574,"VirtualSize":128206574,"Labels":{}},{"Id":"sha256:aae2b63c49461fcae4962e4a8043f66acf8e3af7e62f5ebceb70b181d8ca01e0","ParentId":"","RepoTags":["ubuntu:14.04"],"RepoDigests":["ubuntu@sha256:edb984703bd3e8981ff541a5b9297ca1b81fde6e6e8094d86e390a38ebc30b4d"],"Created":1480449856,"Size":187952254,"VirtualSize":187952254,"Labels":{}},{"Id":"sha256:e02e811dd08fd49e7f6032625495118e63f597eb150403d02e3238af1df240ba","ParentId":"","RepoTags":["busybox:latest"],"RepoDigests":["busybox@sha256:29f5d56d12684887bdfa50dcd29fc31eea4aaf4ad3bec43daf19026a7ce69912"],"Created":1475874238,"Size":1093484,"VirtualSize":1093484,"Labels":{}},{"Id":"sha256:d654de4499473ed41349b54a988b6f46a7fc92e3fa2d61e102bf2660a0116e25","ParentId":"","RepoTags":["sakib37/iperf3:latest"],"RepoDigests":["sakib37/iperf3@sha256:8d80a810f8f508c074b14d02555f20110eac382c8dbda7252075392983629d40"],"Created":1474907599,"Size":199456654,"VirtualSize":199456654,"Labels":{}}]


02:20:54.720 [Test worker] DEBUG o.a.h.i.c.DefaultManagedHttpClientConnection - http-outgoing-143: Close connection
02:20:54.720 [Test worker] DEBUG o.a.h.impl.execchain.MainClientExec - Connection discarded
02:20:54.720 [Test worker] DEBUG c.g.d.j.JerseyDockerCmdExecFactory$1 - Connection released: [id: 143][route: {s}->https://Thesis:2376][total kept alive: 1; route allocated: 1 of 2; total allocated: 1 of 20]
02:20:54.720 [Test worker] DEBUG c.g.d.core.command.AbstrDockerCmd - Cmd: com.github.dockerjava.core.command.CreateContainerCmdImpl@6e1721d7[name=MyContainer,hostName=MyContainer,domainName=<null>,user=<null>,attachStdin=<null>,attachStdout=<null>,attachStderr=<null>,portSpecs=<null>,tty=<null>,stdinOpen=<null>,stdInOnce=<null>,env={port=8080,TERM=xterm},cmd={sleep,99999},entrypoint=<null>,image=ubuntu:14.04,volumes=com.github.dockerjava.api.model.Volumes@30aee2b8,workingDir=<null>,macAddress=<null>,networkDisabled=<null>,exposedPorts=com.github.dockerjava.api.model.ExposedPorts@29a6b700,stopSignal=<null>,hostConfig=com.github.dockerjava.api.model.HostConfig@38765d[binds=<null>,blkioWeight=<null>,blkioWeightDevice=<null>,blkioDeviceReadBps=<null>,blkioDeviceReadIOps=<null>,blkioDeviceWriteBps=<null>,blkioDeviceWriteIOps=<null>,memorySwappiness=<null>,capAdd=<null>,capDrop=<null>,containerIDFile=<null>,cpuPeriod=<null>,cpuShares=<null>,cpuQuota=<null>,cpusetCpus=<null>,cpusetMems=<null>,devices=<null>,dns=<null>,dnsSearch=<null>,extraHosts=<null>,links=<null>,logConfig=<null>,lxcConf=<null>,memory=<null>,memorySwap=<null>,memoryReservation=<null>,kernelMemory=<null>,networkMode=<null>,oomKillDisable=<null>,oomScoreAdj=<null>,portBindings={9046/tcp=[Lcom.github.dockerjava.api.model.Ports$Binding;@5533ab09, 8084/tcp=[Lcom.github.dockerjava.api.model.Ports$Binding;@33220792},privileged=<null>,publishAllPorts=<null>,readonlyRootfs=<null>,restartPolicy=<null>,ulimits=<null>,volumesFrom=<null>,pidMode=<null>,securityOpts=<null>,cgroupParent=<null>,volumeDriver=<null>,shmSize=<null>],labels=<null>,networkingConfig=<null>,ipv4Address=<null>,ipv6Address=<null>,aliases=<null>,execution=com.github.dockerjava.jaxrs.CreateContainerCmdExec@41bdecd8]
02:20:54.722 [Test worker] DEBUG o.a.h.c.protocol.RequestAddCookies - CookieSpec selected: default
02:20:54.722 [Test worker] DEBUG o.a.h.c.protocol.RequestAuthCache - Auth cache not set in the context
02:20:54.722 [Test worker] DEBUG c.g.d.j.JerseyDockerCmdExecFactory$1 - Connection request: [route: {s}->https://Thesis:2376][total kept alive: 1; route allocated: 1 of 2; total allocated: 1 of 20]
02:20:54.722 [Test worker] DEBUG c.g.d.j.JerseyDockerCmdExecFactory$1 - Connection leased: [id: 144][route: {s}->https://Thesis:2376][total kept alive: 1; route allocated: 2 of 2; total allocated: 2 of 20]
02:20:54.722 [Test worker] DEBUG o.a.h.impl.execchain.MainClientExec - Opening connection {s}->https://Thesis:2376
02:20:54.723 [Test worker] DEBUG o.a.h.i.c.DefaultHttpClientConnectionOperator - Connecting to Thesis/127.0.1.1:2376
02:20:54.723 [Test worker] DEBUG o.a.h.c.s.SSLConnectionSocketFactory - Connecting socket to Thesis/127.0.1.1:2376 with timeout 0
02:20:54.723 [Test worker] DEBUG o.a.h.c.s.SSLConnectionSocketFactory - Enabled protocols: [TLSv1]
02:20:54.724 [Test worker] DEBUG o.a.h.c.s.SSLConnectionSocketFactory - Enabled cipher suites:[TLS_ECDHE_ECDSA_WITH_AES_128_CBC_SHA, TLS_ECDHE_RSA_WITH_AES_128_CBC_SHA, TLS_RSA_WITH_AES_128_CBC_SHA, TLS_ECDH_ECDSA_WITH_AES_128_CBC_SHA, TLS_ECDH_RSA_WITH_AES_128_CBC_SHA, TLS_DHE_RSA_WITH_AES_128_CBC_SHA, TLS_DHE_DSS_WITH_AES_128_CBC_SHA, TLS_ECDHE_ECDSA_WITH_3DES_EDE_CBC_SHA, TLS_ECDHE_RSA_WITH_3DES_EDE_CBC_SHA, SSL_RSA_WITH_3DES_EDE_CBC_SHA, TLS_ECDH_ECDSA_WITH_3DES_EDE_CBC_SHA, TLS_ECDH_RSA_WITH_3DES_EDE_CBC_SHA, SSL_DHE_RSA_WITH_3DES_EDE_CBC_SHA, SSL_DHE_DSS_WITH_3DES_EDE_CBC_SHA, TLS_ECDHE_ECDSA_WITH_RC4_128_SHA, TLS_ECDHE_RSA_WITH_RC4_128_SHA, SSL_RSA_WITH_RC4_128_SHA, TLS_ECDH_ECDSA_WITH_RC4_128_SHA, TLS_ECDH_RSA_WITH_RC4_128_SHA, SSL_RSA_WITH_RC4_128_MD5, TLS_EMPTY_RENEGOTIATION_INFO_SCSV]
02:20:54.724 [Test worker] DEBUG o.a.h.c.s.SSLConnectionSocketFactory - Starting handshake
02:20:54.781 [Test worker] DEBUG o.a.h.c.s.SSLConnectionSocketFactory - Secure session established
02:20:54.781 [Test worker] DEBUG o.a.h.c.s.SSLConnectionSocketFactory -  negotiated protocol: TLSv1
02:20:54.781 [Test worker] DEBUG o.a.h.c.s.SSLConnectionSocketFactory -  negotiated cipher suite: TLS_ECDHE_RSA_WITH_AES_128_CBC_SHA
02:20:54.781 [Test worker] DEBUG o.a.h.c.s.SSLConnectionSocketFactory -  peer principal: CN=Thesis
02:20:54.781 [Test worker] DEBUG o.a.h.c.s.SSLConnectionSocketFactory -  issuer principal: EMAILADDRESS=sha@yamil.com, CN=Thesis, OU=Open, O=Fra, L=BER, ST=BER, C=DE
02:20:54.781 [Test worker] DEBUG o.a.h.i.c.DefaultHttpClientConnectionOperator - Connection established 127.0.0.1:41164<->127.0.1.1:2376
02:20:54.781 [Test worker] DEBUG o.a.h.impl.execchain.MainClientExec - Executing request POST /containers/create?name=MyContainer HTTP/1.1
02:20:54.782 [Test worker] DEBUG o.a.h.impl.execchain.MainClientExec - Target auth state: UNCHALLENGED
02:20:54.782 [Test worker] DEBUG o.a.h.impl.execchain.MainClientExec - Proxy auth state: UNCHALLENGED
02:20:54.782 [Test worker] DEBUG org.apache.http.headers - http-outgoing-144 >> POST /containers/create?name=MyContainer HTTP/1.1
02:20:54.782 [Test worker] DEBUG org.apache.http.headers - http-outgoing-144 >> Accept: application/json
02:20:54.782 [Test worker] DEBUG org.apache.http.headers - http-outgoing-144 >> Content-Type: application/json
02:20:54.782 [Test worker] DEBUG org.apache.http.headers - http-outgoing-144 >> User-Agent: Jersey/2.23.1 (Apache HttpClient 4.5.1)
02:20:54.782 [Test worker] DEBUG org.apache.http.headers - http-outgoing-144 >> Transfer-Encoding: chunked
02:20:54.782 [Test worker] DEBUG org.apache.http.headers - http-outgoing-144 >> Host: Thesis:2376
02:20:54.782 [Test worker] DEBUG org.apache.http.headers - http-outgoing-144 >> Connection: Keep-Alive
02:20:54.782 [Test worker] DEBUG org.apache.http.headers - http-outgoing-144 >> Accept-Encoding: gzip,deflate
02:20:54.803 [Test worker] DEBUG c.g.d.j.JerseyDockerCmdExecFactory - 9 * Sending client request on thread Test worker
9 > POST https://Thesis:2376/containers/create?name=MyContainer
9 > Accept: application/json
9 > Content-Type: application/json
{"name":"MyContainer","Hostname":"MyContainer","Env":["port=8080","TERM=xterm"],"Cmd":["sleep","99999"],"Image":"ubuntu:14.04","Volumes":{},"ExposedPorts":{"8084/tcp":{},"9046/tcp":{}},"HostConfig":{"PortBindings":{"9046/tcp":[{"HostIp":"","HostPort":"9046"}],"8084/tcp":[{"HostIp":"","HostPort":"8084"}]}}}

02:20:54.803 [Test worker] DEBUG org.apache.http.wire - http-outgoing-144 >> "POST /containers/create?name=MyContainer HTTP/1.1[\r][\n]"
02:20:54.804 [Test worker] DEBUG org.apache.http.wire - http-outgoing-144 >> "Accept: application/json[\r][\n]"
02:20:54.804 [Test worker] DEBUG org.apache.http.wire - http-outgoing-144 >> "Content-Type: application/json[\r][\n]"
02:20:54.804 [Test worker] DEBUG org.apache.http.wire - http-outgoing-144 >> "User-Agent: Jersey/2.23.1 (Apache HttpClient 4.5.1)[\r][\n]"
02:20:54.804 [Test worker] DEBUG org.apache.http.wire - http-outgoing-144 >> "Transfer-Encoding: chunked[\r][\n]"
02:20:54.804 [Test worker] DEBUG org.apache.http.wire - http-outgoing-144 >> "Host: Thesis:2376[\r][\n]"
02:20:54.804 [Test worker] DEBUG org.apache.http.wire - http-outgoing-144 >> "Connection: Keep-Alive[\r][\n]"
02:20:54.804 [Test worker] DEBUG org.apache.http.wire - http-outgoing-144 >> "Accept-Encoding: gzip,deflate[\r][\n]"
02:20:54.804 [Test worker] DEBUG org.apache.http.wire - http-outgoing-144 >> "[\r][\n]"
02:20:54.804 [Test worker] DEBUG org.apache.http.wire - http-outgoing-144 >> "133[\r][\n]"
02:20:54.804 [Test worker] DEBUG org.apache.http.wire - http-outgoing-144 >> "{"name":"MyContainer","Hostname":"MyContainer","Env":["port=8080","TERM=xterm"],"Cmd":["sleep","99999"],"Image":"ubuntu:14.04","Volumes":{},"ExposedPorts":{"8084/tcp":{},"9046/tcp":{}},"HostConfig":{"PortBindings":{"9046/tcp":[{"HostIp":"","HostPort":"9046"}],"8084/tcp":[{"HostIp":"","HostPort":"8084"}]}}}[\r][\n]"
02:20:54.805 [Test worker] DEBUG org.apache.http.wire - http-outgoing-144 >> "0[\r][\n]"
02:20:54.805 [Test worker] DEBUG org.apache.http.wire - http-outgoing-144 >> "[\r][\n]"
02:20:54.823 [Test worker] DEBUG org.apache.http.wire - http-outgoing-144 << "H"
02:20:54.824 [Test worker] DEBUG org.apache.http.wire - http-outgoing-144 << "TTP/1.1 201 Created[\r][\n]"
02:20:54.824 [Test worker] DEBUG org.apache.http.wire - http-outgoing-144 << "Content-Type: application/json[\r][\n]"
02:20:54.824 [Test worker] DEBUG org.apache.http.wire - http-outgoing-144 << "Server: Docker/1.12.3 (linux)[\r][\n]"
02:20:54.824 [Test worker] DEBUG org.apache.http.wire - http-outgoing-144 << "Date: Tue, 03 Jan 2017 01:20:54 GMT[\r][\n]"
02:20:54.824 [Test worker] DEBUG org.apache.http.wire - http-outgoing-144 << "Content-Length: 90[\r][\n]"
02:20:54.824 [Test worker] DEBUG org.apache.http.wire - http-outgoing-144 << "[\r][\n]"
02:20:54.824 [Test worker] DEBUG org.apache.http.wire - http-outgoing-144 << "{"Id":"62aea589903270111c71dc92d4a512669dd03c1058831d3580abe1cff9fb58aa","Warnings":null}[\n]"
02:20:54.825 [Test worker] DEBUG org.apache.http.headers - http-outgoing-144 << HTTP/1.1 201 Created
02:20:54.825 [Test worker] DEBUG org.apache.http.headers - http-outgoing-144 << Content-Type: application/json
02:20:54.825 [Test worker] DEBUG org.apache.http.headers - http-outgoing-144 << Server: Docker/1.12.3 (linux)
02:20:54.825 [Test worker] DEBUG org.apache.http.headers - http-outgoing-144 << Date: Tue, 03 Jan 2017 01:20:54 GMT
02:20:54.825 [Test worker] DEBUG org.apache.http.headers - http-outgoing-144 << Content-Length: 90
02:20:54.825 [Test worker] DEBUG o.a.h.impl.execchain.MainClientExec - Connection can be kept alive indefinitely
02:20:54.825 [Test worker] DEBUG c.g.d.j.JerseyDockerCmdExecFactory - 10 * Client response received on thread Test worker
10 < 201
10 < Content-Length: 90
10 < Content-Type: application/json
10 < Date: Tue, 03 Jan 2017 01:20:54 GMT
10 < Server: Docker/1.12.3 (linux)
{"Id":"62aea589903270111c71dc92d4a512669dd03c1058831d3580abe1cff9fb58aa","Warnings":null}


02:20:54.827 [Test worker] DEBUG o.a.h.i.c.DefaultManagedHttpClientConnection - http-outgoing-144: Close connection
02:20:54.827 [Test worker] DEBUG o.a.h.impl.execchain.MainClientExec - Connection discarded
02:20:54.827 [Test worker] DEBUG c.g.d.j.JerseyDockerCmdExecFactory$1 - Connection released: [id: 144][route: {s}->https://Thesis:2376][total kept alive: 1; route allocated: 1 of 2; total allocated: 1 of 20]
02:20:54.828 [Test worker] DEBUG org.openbaton.docker.DockerVim - Instance created successfully
02:20:54.828 [Test worker] DEBUG c.g.d.core.command.AbstrDockerCmd - Cmd: 62aea589903270111c71dc92d4a512669dd03c1058831d3580abe1cff9fb58aa,com.github.dockerjava.jaxrs.StartContainerCmdExec@538609d4
02:20:54.828 [Test worker] DEBUG c.g.d.j.JerseyDockerCmdExecFactory - 11 * Sending client request on thread Test worker
11 > POST https://Thesis:2376/containers/62aea589903270111c71dc92d4a512669dd03c1058831d3580abe1cff9fb58aa/start
11 > Accept: application/json

02:20:54.829 [Test worker] DEBUG o.a.h.c.protocol.RequestAddCookies - CookieSpec selected: default
02:20:54.829 [Test worker] DEBUG o.a.h.c.protocol.RequestAuthCache - Auth cache not set in the context
02:20:54.829 [Test worker] DEBUG c.g.d.j.JerseyDockerCmdExecFactory$1 - Connection request: [route: {s}->https://Thesis:2376][total kept alive: 1; route allocated: 1 of 2; total allocated: 1 of 20]
02:20:54.829 [Test worker] DEBUG c.g.d.j.JerseyDockerCmdExecFactory$1 - Connection leased: [id: 145][route: {s}->https://Thesis:2376][total kept alive: 1; route allocated: 2 of 2; total allocated: 2 of 20]
02:20:54.829 [Test worker] DEBUG o.a.h.impl.execchain.MainClientExec - Opening connection {s}->https://Thesis:2376
02:20:54.829 [Test worker] DEBUG o.a.h.i.c.DefaultHttpClientConnectionOperator - Connecting to Thesis/127.0.1.1:2376
02:20:54.829 [Test worker] DEBUG o.a.h.c.s.SSLConnectionSocketFactory - Connecting socket to Thesis/127.0.1.1:2376 with timeout 0
02:20:54.830 [Test worker] DEBUG o.a.h.c.s.SSLConnectionSocketFactory - Enabled protocols: [TLSv1]
02:20:54.830 [Test worker] DEBUG o.a.h.c.s.SSLConnectionSocketFactory - Enabled cipher suites:[TLS_ECDHE_ECDSA_WITH_AES_128_CBC_SHA, TLS_ECDHE_RSA_WITH_AES_128_CBC_SHA, TLS_RSA_WITH_AES_128_CBC_SHA, TLS_ECDH_ECDSA_WITH_AES_128_CBC_SHA, TLS_ECDH_RSA_WITH_AES_128_CBC_SHA, TLS_DHE_RSA_WITH_AES_128_CBC_SHA, TLS_DHE_DSS_WITH_AES_128_CBC_SHA, TLS_ECDHE_ECDSA_WITH_3DES_EDE_CBC_SHA, TLS_ECDHE_RSA_WITH_3DES_EDE_CBC_SHA, SSL_RSA_WITH_3DES_EDE_CBC_SHA, TLS_ECDH_ECDSA_WITH_3DES_EDE_CBC_SHA, TLS_ECDH_RSA_WITH_3DES_EDE_CBC_SHA, SSL_DHE_RSA_WITH_3DES_EDE_CBC_SHA, SSL_DHE_DSS_WITH_3DES_EDE_CBC_SHA, TLS_ECDHE_ECDSA_WITH_RC4_128_SHA, TLS_ECDHE_RSA_WITH_RC4_128_SHA, SSL_RSA_WITH_RC4_128_SHA, TLS_ECDH_ECDSA_WITH_RC4_128_SHA, TLS_ECDH_RSA_WITH_RC4_128_SHA, SSL_RSA_WITH_RC4_128_MD5, TLS_EMPTY_RENEGOTIATION_INFO_SCSV]
02:20:54.830 [Test worker] DEBUG o.a.h.c.s.SSLConnectionSocketFactory - Starting handshake
02:20:54.898 [Test worker] DEBUG o.a.h.c.s.SSLConnectionSocketFactory - Secure session established
02:20:54.898 [Test worker] DEBUG o.a.h.c.s.SSLConnectionSocketFactory -  negotiated protocol: TLSv1
02:20:54.898 [Test worker] DEBUG o.a.h.c.s.SSLConnectionSocketFactory -  negotiated cipher suite: TLS_ECDHE_RSA_WITH_AES_128_CBC_SHA
02:20:54.899 [Test worker] DEBUG o.a.h.c.s.SSLConnectionSocketFactory -  peer principal: CN=Thesis
02:20:54.899 [Test worker] DEBUG o.a.h.c.s.SSLConnectionSocketFactory -  issuer principal: EMAILADDRESS=sha@yamil.com, CN=Thesis, OU=Open, O=Fra, L=BER, ST=BER, C=DE
02:20:54.899 [Test worker] DEBUG o.a.h.i.c.DefaultHttpClientConnectionOperator - Connection established 127.0.0.1:41166<->127.0.1.1:2376
02:20:54.899 [Test worker] DEBUG o.a.h.impl.execchain.MainClientExec - Executing request POST /containers/62aea589903270111c71dc92d4a512669dd03c1058831d3580abe1cff9fb58aa/start HTTP/1.1
02:20:54.899 [Test worker] DEBUG o.a.h.impl.execchain.MainClientExec - Target auth state: UNCHALLENGED
02:20:54.899 [Test worker] DEBUG o.a.h.impl.execchain.MainClientExec - Proxy auth state: UNCHALLENGED
02:20:54.899 [Test worker] DEBUG org.apache.http.headers - http-outgoing-145 >> POST /containers/62aea589903270111c71dc92d4a512669dd03c1058831d3580abe1cff9fb58aa/start HTTP/1.1
02:20:54.899 [Test worker] DEBUG org.apache.http.headers - http-outgoing-145 >> Accept: application/json
02:20:54.900 [Test worker] DEBUG org.apache.http.headers - http-outgoing-145 >> User-Agent: Jersey/2.23.1 (Apache HttpClient 4.5.1)
02:20:54.900 [Test worker] DEBUG org.apache.http.headers - http-outgoing-145 >> Host: Thesis:2376
02:20:54.900 [Test worker] DEBUG org.apache.http.headers - http-outgoing-145 >> Connection: Keep-Alive
02:20:54.900 [Test worker] DEBUG org.apache.http.headers - http-outgoing-145 >> Accept-Encoding: gzip,deflate
02:20:54.900 [Test worker] DEBUG org.apache.http.wire - http-outgoing-145 >> "POST /containers/62aea589903270111c71dc92d4a512669dd03c1058831d3580abe1cff9fb58aa/start HTTP/1.1[\r][\n]"
02:20:54.900 [Test worker] DEBUG org.apache.http.wire - http-outgoing-145 >> "Accept: application/json[\r][\n]"
02:20:54.900 [Test worker] DEBUG org.apache.http.wire - http-outgoing-145 >> "User-Agent: Jersey/2.23.1 (Apache HttpClient 4.5.1)[\r][\n]"
02:20:54.900 [Test worker] DEBUG org.apache.http.wire - http-outgoing-145 >> "Host: Thesis:2376[\r][\n]"
02:20:54.900 [Test worker] DEBUG org.apache.http.wire - http-outgoing-145 >> "Connection: Keep-Alive[\r][\n]"
02:20:54.900 [Test worker] DEBUG org.apache.http.wire - http-outgoing-145 >> "Accept-Encoding: gzip,deflate[\r][\n]"
02:20:54.901 [Test worker] DEBUG org.apache.http.wire - http-outgoing-145 >> "[\r][\n]"
02:20:55.073 [Test worker] DEBUG org.apache.http.wire - http-outgoing-145 << "H"
02:20:55.073 [Test worker] DEBUG org.apache.http.wire - http-outgoing-145 << "TTP/1.1 204 No Content[\r][\n]"
02:20:55.074 [Test worker] DEBUG org.apache.http.wire - http-outgoing-145 << "Server: Docker/1.12.3 (linux)[\r][\n]"
02:20:55.074 [Test worker] DEBUG org.apache.http.wire - http-outgoing-145 << "Date: Tue, 03 Jan 2017 01:20:55 GMT[\r][\n]"
02:20:55.074 [Test worker] DEBUG org.apache.http.wire - http-outgoing-145 << "[\r][\n]"
02:20:55.074 [Test worker] DEBUG org.apache.http.headers - http-outgoing-145 << HTTP/1.1 204 No Content
02:20:55.074 [Test worker] DEBUG org.apache.http.headers - http-outgoing-145 << Server: Docker/1.12.3 (linux)
02:20:55.074 [Test worker] DEBUG org.apache.http.headers - http-outgoing-145 << Date: Tue, 03 Jan 2017 01:20:55 GMT
02:20:55.074 [Test worker] DEBUG o.a.h.impl.execchain.MainClientExec - Connection can be kept alive indefinitely
02:20:55.074 [Test worker] DEBUG c.g.d.j.JerseyDockerCmdExecFactory$1 - Connection [id: 145][route: {s}->https://Thesis:2376][state: CN=Thesis] can be kept alive indefinitely
02:20:55.074 [Test worker] DEBUG c.g.d.j.JerseyDockerCmdExecFactory$1 - Connection released: [id: 145][route: {s}->https://Thesis:2376][state: CN=Thesis][total kept alive: 2; route allocated: 2 of 2; total allocated: 2 of 20]
02:20:55.074 [Test worker] DEBUG c.g.d.j.JerseyDockerCmdExecFactory - 12 * Client response received on thread Test worker
12 < 204
12 < Date: Tue, 03 Jan 2017 01:20:55 GMT
12 < Server: Docker/1.12.3 (linux)

02:20:55.074 [Test worker] DEBUG c.g.d.core.command.AbstrDockerCmd - Cmd: ListImagesCmdImpl[imageNameFilter=<null>,showAll=true,filters=com.github.dockerjava.core.util.FiltersBuilder@0,execution=com.github.dockerjava.jaxrs.ListImagesCmdExec@27cc5532]
02:20:55.075 [Test worker] DEBUG c.g.d.j.JerseyDockerCmdExecFactory - 13 * Sending client request on thread Test worker
13 > GET https://Thesis:2376/images/json?all=true
13 > Accept: application/json

02:20:55.075 [Test worker] DEBUG o.a.h.c.protocol.RequestAddCookies - CookieSpec selected: default
02:20:55.075 [Test worker] DEBUG o.a.h.c.protocol.RequestAuthCache - Auth cache not set in the context
02:20:55.075 [Test worker] DEBUG c.g.d.j.JerseyDockerCmdExecFactory$1 - Connection request: [route: {s}->https://Thesis:2376][total kept alive: 2; route allocated: 2 of 2; total allocated: 2 of 20]
02:20:55.075 [Test worker] DEBUG o.a.h.i.c.DefaultManagedHttpClientConnection - http-outgoing-140: Close connection
02:20:55.075 [Test worker] DEBUG c.g.d.j.JerseyDockerCmdExecFactory$1 - Connection leased: [id: 146][route: {s}->https://Thesis:2376][total kept alive: 1; route allocated: 2 of 2; total allocated: 2 of 20]
02:20:55.075 [Test worker] DEBUG o.a.h.impl.execchain.MainClientExec - Opening connection {s}->https://Thesis:2376
02:20:55.075 [Test worker] DEBUG o.a.h.i.c.DefaultHttpClientConnectionOperator - Connecting to Thesis/127.0.1.1:2376
02:20:55.075 [Test worker] DEBUG o.a.h.c.s.SSLConnectionSocketFactory - Connecting socket to Thesis/127.0.1.1:2376 with timeout 0
02:20:55.078 [Test worker] DEBUG o.a.h.c.s.SSLConnectionSocketFactory - Enabled protocols: [TLSv1]
02:20:55.078 [Test worker] DEBUG o.a.h.c.s.SSLConnectionSocketFactory - Enabled cipher suites:[TLS_ECDHE_ECDSA_WITH_AES_128_CBC_SHA, TLS_ECDHE_RSA_WITH_AES_128_CBC_SHA, TLS_RSA_WITH_AES_128_CBC_SHA, TLS_ECDH_ECDSA_WITH_AES_128_CBC_SHA, TLS_ECDH_RSA_WITH_AES_128_CBC_SHA, TLS_DHE_RSA_WITH_AES_128_CBC_SHA, TLS_DHE_DSS_WITH_AES_128_CBC_SHA, TLS_ECDHE_ECDSA_WITH_3DES_EDE_CBC_SHA, TLS_ECDHE_RSA_WITH_3DES_EDE_CBC_SHA, SSL_RSA_WITH_3DES_EDE_CBC_SHA, TLS_ECDH_ECDSA_WITH_3DES_EDE_CBC_SHA, TLS_ECDH_RSA_WITH_3DES_EDE_CBC_SHA, SSL_DHE_RSA_WITH_3DES_EDE_CBC_SHA, SSL_DHE_DSS_WITH_3DES_EDE_CBC_SHA, TLS_ECDHE_ECDSA_WITH_RC4_128_SHA, TLS_ECDHE_RSA_WITH_RC4_128_SHA, SSL_RSA_WITH_RC4_128_SHA, TLS_ECDH_ECDSA_WITH_RC4_128_SHA, TLS_ECDH_RSA_WITH_RC4_128_SHA, SSL_RSA_WITH_RC4_128_MD5, TLS_EMPTY_RENEGOTIATION_INFO_SCSV]
02:20:55.078 [Test worker] DEBUG o.a.h.c.s.SSLConnectionSocketFactory - Starting handshake
02:20:55.139 [Test worker] DEBUG o.a.h.c.s.SSLConnectionSocketFactory - Secure session established
02:20:55.139 [Test worker] DEBUG o.a.h.c.s.SSLConnectionSocketFactory -  negotiated protocol: TLSv1
02:20:55.139 [Test worker] DEBUG o.a.h.c.s.SSLConnectionSocketFactory -  negotiated cipher suite: TLS_ECDHE_RSA_WITH_AES_128_CBC_SHA
02:20:55.139 [Test worker] DEBUG o.a.h.c.s.SSLConnectionSocketFactory -  peer principal: CN=Thesis
02:20:55.139 [Test worker] DEBUG o.a.h.c.s.SSLConnectionSocketFactory -  issuer principal: EMAILADDRESS=sha@yamil.com, CN=Thesis, OU=Open, O=Fra, L=BER, ST=BER, C=DE
02:20:55.139 [Test worker] DEBUG o.a.h.i.c.DefaultHttpClientConnectionOperator - Connection established 127.0.0.1:41168<->127.0.1.1:2376
02:20:55.140 [Test worker] DEBUG o.a.h.impl.execchain.MainClientExec - Executing request GET /images/json?all=true HTTP/1.1
02:20:55.140 [Test worker] DEBUG o.a.h.impl.execchain.MainClientExec - Target auth state: UNCHALLENGED
02:20:55.140 [Test worker] DEBUG o.a.h.impl.execchain.MainClientExec - Proxy auth state: UNCHALLENGED
02:20:55.140 [Test worker] DEBUG org.apache.http.headers - http-outgoing-146 >> GET /images/json?all=true HTTP/1.1
02:20:55.140 [Test worker] DEBUG org.apache.http.headers - http-outgoing-146 >> Accept: application/json
02:20:55.140 [Test worker] DEBUG org.apache.http.headers - http-outgoing-146 >> User-Agent: Jersey/2.23.1 (Apache HttpClient 4.5.1)
02:20:55.140 [Test worker] DEBUG org.apache.http.headers - http-outgoing-146 >> Host: Thesis:2376
02:20:55.140 [Test worker] DEBUG org.apache.http.headers - http-outgoing-146 >> Connection: Keep-Alive
02:20:55.140 [Test worker] DEBUG org.apache.http.headers - http-outgoing-146 >> Accept-Encoding: gzip,deflate
02:20:55.141 [Test worker] DEBUG org.apache.http.wire - http-outgoing-146 >> "GET /images/json?all=true HTTP/1.1[\r][\n]"
02:20:55.141 [Test worker] DEBUG org.apache.http.wire - http-outgoing-146 >> "Accept: application/json[\r][\n]"
02:20:55.141 [Test worker] DEBUG org.apache.http.wire - http-outgoing-146 >> "User-Agent: Jersey/2.23.1 (Apache HttpClient 4.5.1)[\r][\n]"
02:20:55.141 [Test worker] DEBUG org.apache.http.wire - http-outgoing-146 >> "Host: Thesis:2376[\r][\n]"
02:20:55.141 [Test worker] DEBUG org.apache.http.wire - http-outgoing-146 >> "Connection: Keep-Alive[\r][\n]"
02:20:55.141 [Test worker] DEBUG org.apache.http.wire - http-outgoing-146 >> "Accept-Encoding: gzip,deflate[\r][\n]"
02:20:55.141 [Test worker] DEBUG org.apache.http.wire - http-outgoing-146 >> "[\r][\n]"
02:20:55.142 [Test worker] DEBUG org.apache.http.wire - http-outgoing-146 << "H"
02:20:55.142 [Test worker] DEBUG org.apache.http.wire - http-outgoing-146 << "TTP/1.1 200 OK[\r][\n]"
02:20:55.143 [Test worker] DEBUG org.apache.http.wire - http-outgoing-146 << "Content-Type: application/json[\r][\n]"
02:20:55.143 [Test worker] DEBUG org.apache.http.wire - http-outgoing-146 << "Server: Docker/1.12.3 (linux)[\r][\n]"
02:20:55.143 [Test worker] DEBUG org.apache.http.wire - http-outgoing-146 << "Date: Tue, 03 Jan 2017 01:20:55 GMT[\r][\n]"
02:20:55.143 [Test worker] DEBUG org.apache.http.wire - http-outgoing-146 << "Content-Length: 1195[\r][\n]"
02:20:55.143 [Test worker] DEBUG org.apache.http.wire - http-outgoing-146 << "[\r][\n]"
02:20:55.143 [Test worker] DEBUG org.apache.http.wire - http-outgoing-146 << "[{"Id":"sha256:4ca3a192ff2a5b7e225e81dc006b6379c10776ed3619757a65608cb72de0a7f6","ParentId":"","RepoTags":["ubuntu:latest"],"RepoDigests":["ubuntu@sha256:3b64c309deae7ab0f7dbdd42b6b326261ccd6261da5d88396439353162703fb5"],"Created":1480449877,"Size":128206574,"VirtualSize":128206574,"Labels":{}},{"Id":"sha256:aae2b63c49461fcae4962e4a8043f66acf8e3af7e62f5ebceb70b181d8ca01e0","ParentId":"","RepoTags":["ubuntu:14.04"],"RepoDigests":["ubuntu@sha256:edb984703bd3e8981ff541a5b9297ca1b81fde6e6e8094d86e390a38ebc30b4d"],"Created":1480449856,"Size":187952254,"VirtualSize":187952254,"Labels":{}},{"Id":"sha256:e02e811dd08fd49e7f6032625495118e63f597eb150403d02e3238af1df240ba","ParentId":"","RepoTags":["busybox:latest"],"RepoDigests":["busybox@sha256:29f5d56d12684887bdfa50dcd29fc31eea4aaf4ad3bec43daf19026a7ce69912"],"Created":1475874238,"Size":1093484,"VirtualSize":1093484,"Labels":{}},{"Id":"sha256:d654de4499473ed41349b54a988b6f46a7fc92e3fa2d61e102bf2660a0116e25","ParentId":"","RepoTags":["sakib37/iperf3:latest"],"RepoDigests":["sakib37/iperf3@sha256:8d80a810f8f508c074b14d02555f20110eac382c8dbda7252075392983629d40"],"Created":1474907599,"Size":199456654,"VirtualSize":199456654,"Labels":{}}][\n]"
02:20:55.143 [Test worker] DEBUG org.apache.http.headers - http-outgoing-146 << HTTP/1.1 200 OK
02:20:55.143 [Test worker] DEBUG org.apache.http.headers - http-outgoing-146 << Content-Type: application/json
02:20:55.143 [Test worker] DEBUG org.apache.http.headers - http-outgoing-146 << Server: Docker/1.12.3 (linux)
02:20:55.144 [Test worker] DEBUG org.apache.http.headers - http-outgoing-146 << Date: Tue, 03 Jan 2017 01:20:55 GMT
02:20:55.144 [Test worker] DEBUG org.apache.http.headers - http-outgoing-146 << Content-Length: 1195
02:20:55.144 [Test worker] DEBUG o.a.h.impl.execchain.MainClientExec - Connection can be kept alive indefinitely
02:20:55.144 [Test worker] DEBUG c.g.d.j.JerseyDockerCmdExecFactory - 14 * Client response received on thread Test worker
14 < 200
14 < Content-Length: 1195
14 < Content-Type: application/json
14 < Date: Tue, 03 Jan 2017 01:20:55 GMT
14 < Server: Docker/1.12.3 (linux)
[{"Id":"sha256:4ca3a192ff2a5b7e225e81dc006b6379c10776ed3619757a65608cb72de0a7f6","ParentId":"","RepoTags":["ubuntu:latest"],"RepoDigests":["ubuntu@sha256:3b64c309deae7ab0f7dbdd42b6b326261ccd6261da5d88396439353162703fb5"],"Created":1480449877,"Size":128206574,"VirtualSize":128206574,"Labels":{}},{"Id":"sha256:aae2b63c49461fcae4962e4a8043f66acf8e3af7e62f5ebceb70b181d8ca01e0","ParentId":"","RepoTags":["ubuntu:14.04"],"RepoDigests":["ubuntu@sha256:edb984703bd3e8981ff541a5b9297ca1b81fde6e6e8094d86e390a38ebc30b4d"],"Created":1480449856,"Size":187952254,"VirtualSize":187952254,"Labels":{}},{"Id":"sha256:e02e811dd08fd49e7f6032625495118e63f597eb150403d02e3238af1df240ba","ParentId":"","RepoTags":["busybox:latest"],"RepoDigests":["busybox@sha256:29f5d56d12684887bdfa50dcd29fc31eea4aaf4ad3bec43daf19026a7ce69912"],"Created":1475874238,"Size":1093484,"VirtualSize":1093484,"Labels":{}},{"Id":"sha256:d654de4499473ed41349b54a988b6f46a7fc92e3fa2d61e102bf2660a0116e25","ParentId":"","RepoTags":["sakib37/iperf3:latest"],"RepoDigests":["sakib37/iperf3@sha256:8d80a810f8f508c074b14d02555f20110eac382c8dbda7252075392983629d40"],"Created":1474907599,"Size":199456654,"VirtualSize":199456654,"Labels":{}}]


02:20:55.145 [Test worker] DEBUG o.a.h.i.c.DefaultManagedHttpClientConnection - http-outgoing-146: Close connection
02:20:55.145 [Test worker] DEBUG o.a.h.impl.execchain.MainClientExec - Connection discarded
02:20:55.146 [Test worker] DEBUG c.g.d.j.JerseyDockerCmdExecFactory$1 - Connection released: [id: 146][route: {s}->https://Thesis:2376][total kept alive: 1; route allocated: 1 of 2; total allocated: 1 of 20]
02:20:55.146 [Test worker] DEBUG org.openbaton.docker.DockerVim - Found a docker image, transformed into a NFV Image Image{id='sha256:aae2b63c49461fcae4962e4a8043f66acf8e3af7e62f5ebceb70b181d8ca01e0', name='ubuntu:14.04', version=0, extId='null', minRam='0', minDiskSpace='0', minCPU='null', public='true', diskFormat='null', containerFormat='docker', created='Sun Jan 18 04:14:09 CET 1970', updated='null'}
02:20:55.146 [Test worker] DEBUG c.g.d.core.command.AbstrDockerCmd - Cmd: 62aea589903270111c71dc92d4a512669dd03c1058831d3580abe1cff9fb58aa,false,com.github.dockerjava.jaxrs.InspectContainerCmdExec@1fb1aeaa
02:20:55.146 [Test worker] DEBUG c.g.d.jaxrs.InspectContainerCmdExec - GET: JerseyWebTarget { https://Thesis:2376/containers/62aea589903270111c71dc92d4a512669dd03c1058831d3580abe1cff9fb58aa/json }
02:20:55.146 [Test worker] DEBUG c.g.d.j.JerseyDockerCmdExecFactory - 15 * Sending client request on thread Test worker
15 > GET https://Thesis:2376/containers/62aea589903270111c71dc92d4a512669dd03c1058831d3580abe1cff9fb58aa/json
15 > Accept: application/json

02:20:55.147 [Test worker] DEBUG o.a.h.c.protocol.RequestAddCookies - CookieSpec selected: default
02:20:55.147 [Test worker] DEBUG o.a.h.c.protocol.RequestAuthCache - Auth cache not set in the context
02:20:55.147 [Test worker] DEBUG c.g.d.j.JerseyDockerCmdExecFactory$1 - Connection request: [route: {s}->https://Thesis:2376][total kept alive: 1; route allocated: 1 of 2; total allocated: 1 of 20]
02:20:55.148 [Test worker] DEBUG c.g.d.j.JerseyDockerCmdExecFactory$1 - Connection leased: [id: 147][route: {s}->https://Thesis:2376][total kept alive: 1; route allocated: 2 of 2; total allocated: 2 of 20]
02:20:55.148 [Test worker] DEBUG o.a.h.impl.execchain.MainClientExec - Opening connection {s}->https://Thesis:2376
02:20:55.148 [Test worker] DEBUG o.a.h.i.c.DefaultHttpClientConnectionOperator - Connecting to Thesis/127.0.1.1:2376
02:20:55.148 [Test worker] DEBUG o.a.h.c.s.SSLConnectionSocketFactory - Connecting socket to Thesis/127.0.1.1:2376 with timeout 0
02:20:55.149 [Test worker] DEBUG o.a.h.c.s.SSLConnectionSocketFactory - Enabled protocols: [TLSv1]
02:20:55.149 [Test worker] DEBUG o.a.h.c.s.SSLConnectionSocketFactory - Enabled cipher suites:[TLS_ECDHE_ECDSA_WITH_AES_128_CBC_SHA, TLS_ECDHE_RSA_WITH_AES_128_CBC_SHA, TLS_RSA_WITH_AES_128_CBC_SHA, TLS_ECDH_ECDSA_WITH_AES_128_CBC_SHA, TLS_ECDH_RSA_WITH_AES_128_CBC_SHA, TLS_DHE_RSA_WITH_AES_128_CBC_SHA, TLS_DHE_DSS_WITH_AES_128_CBC_SHA, TLS_ECDHE_ECDSA_WITH_3DES_EDE_CBC_SHA, TLS_ECDHE_RSA_WITH_3DES_EDE_CBC_SHA, SSL_RSA_WITH_3DES_EDE_CBC_SHA, TLS_ECDH_ECDSA_WITH_3DES_EDE_CBC_SHA, TLS_ECDH_RSA_WITH_3DES_EDE_CBC_SHA, SSL_DHE_RSA_WITH_3DES_EDE_CBC_SHA, SSL_DHE_DSS_WITH_3DES_EDE_CBC_SHA, TLS_ECDHE_ECDSA_WITH_RC4_128_SHA, TLS_ECDHE_RSA_WITH_RC4_128_SHA, SSL_RSA_WITH_RC4_128_SHA, TLS_ECDH_ECDSA_WITH_RC4_128_SHA, TLS_ECDH_RSA_WITH_RC4_128_SHA, SSL_RSA_WITH_RC4_128_MD5, TLS_EMPTY_RENEGOTIATION_INFO_SCSV]
02:20:55.149 [Test worker] DEBUG o.a.h.c.s.SSLConnectionSocketFactory - Starting handshake
02:20:55.206 [Test worker] DEBUG o.a.h.c.s.SSLConnectionSocketFactory - Secure session established
02:20:55.206 [Test worker] DEBUG o.a.h.c.s.SSLConnectionSocketFactory -  negotiated protocol: TLSv1
02:20:55.207 [Test worker] DEBUG o.a.h.c.s.SSLConnectionSocketFactory -  negotiated cipher suite: TLS_ECDHE_RSA_WITH_AES_128_CBC_SHA
02:20:55.207 [Test worker] DEBUG o.a.h.c.s.SSLConnectionSocketFactory -  peer principal: CN=Thesis
02:20:55.207 [Test worker] DEBUG o.a.h.c.s.SSLConnectionSocketFactory -  issuer principal: EMAILADDRESS=sha@yamil.com, CN=Thesis, OU=Open, O=Fra, L=BER, ST=BER, C=DE
02:20:55.207 [Test worker] DEBUG o.a.h.i.c.DefaultHttpClientConnectionOperator - Connection established 127.0.0.1:41170<->127.0.1.1:2376
02:20:55.207 [Test worker] DEBUG o.a.h.impl.execchain.MainClientExec - Executing request GET /containers/62aea589903270111c71dc92d4a512669dd03c1058831d3580abe1cff9fb58aa/json HTTP/1.1
02:20:55.207 [Test worker] DEBUG o.a.h.impl.execchain.MainClientExec - Target auth state: UNCHALLENGED
02:20:55.207 [Test worker] DEBUG o.a.h.impl.execchain.MainClientExec - Proxy auth state: UNCHALLENGED
02:20:55.208 [Test worker] DEBUG org.apache.http.headers - http-outgoing-147 >> GET /containers/62aea589903270111c71dc92d4a512669dd03c1058831d3580abe1cff9fb58aa/json HTTP/1.1
02:20:55.208 [Test worker] DEBUG org.apache.http.headers - http-outgoing-147 >> Accept: application/json
02:20:55.208 [Test worker] DEBUG org.apache.http.headers - http-outgoing-147 >> User-Agent: Jersey/2.23.1 (Apache HttpClient 4.5.1)
02:20:55.208 [Test worker] DEBUG org.apache.http.headers - http-outgoing-147 >> Host: Thesis:2376
02:20:55.208 [Test worker] DEBUG org.apache.http.headers - http-outgoing-147 >> Connection: Keep-Alive
02:20:55.208 [Test worker] DEBUG org.apache.http.headers - http-outgoing-147 >> Accept-Encoding: gzip,deflate
02:20:55.208 [Test worker] DEBUG org.apache.http.wire - http-outgoing-147 >> "GET /containers/62aea589903270111c71dc92d4a512669dd03c1058831d3580abe1cff9fb58aa/json HTTP/1.1[\r][\n]"
02:20:55.209 [Test worker] DEBUG org.apache.http.wire - http-outgoing-147 >> "Accept: application/json[\r][\n]"
02:20:55.209 [Test worker] DEBUG org.apache.http.wire - http-outgoing-147 >> "User-Agent: Jersey/2.23.1 (Apache HttpClient 4.5.1)[\r][\n]"
02:20:55.209 [Test worker] DEBUG org.apache.http.wire - http-outgoing-147 >> "Host: Thesis:2376[\r][\n]"
02:20:55.209 [Test worker] DEBUG org.apache.http.wire - http-outgoing-147 >> "Connection: Keep-Alive[\r][\n]"
02:20:55.209 [Test worker] DEBUG org.apache.http.wire - http-outgoing-147 >> "Accept-Encoding: gzip,deflate[\r][\n]"
02:20:55.209 [Test worker] DEBUG org.apache.http.wire - http-outgoing-147 >> "[\r][\n]"
02:20:55.209 [Test worker] DEBUG org.apache.http.wire - http-outgoing-147 << "H"
02:20:55.210 [Test worker] DEBUG org.apache.http.wire - http-outgoing-147 << "TTP/1.1 200 OK[\r][\n]"
02:20:55.210 [Test worker] DEBUG org.apache.http.wire - http-outgoing-147 << "Content-Type: application/json[\r][\n]"
02:20:55.210 [Test worker] DEBUG org.apache.http.wire - http-outgoing-147 << "Server: Docker/1.12.3 (linux)[\r][\n]"
02:20:55.210 [Test worker] DEBUG org.apache.http.wire - http-outgoing-147 << "Date: Tue, 03 Jan 2017 01:20:55 GMT[\r][\n]"
02:20:55.210 [Test worker] DEBUG org.apache.http.wire - http-outgoing-147 << "Transfer-Encoding: chunked[\r][\n]"
02:20:55.210 [Test worker] DEBUG org.apache.http.wire - http-outgoing-147 << "[\r][\n]"
02:20:55.210 [Test worker] DEBUG org.apache.http.wire - http-outgoing-147 << "ee8[\r][\n]"
02:20:55.210 [Test worker] DEBUG org.apache.http.wire - http-outgoing-147 << "{"Id":"62aea589903270111c71dc92d4a512669dd03c1058831d3580abe1cff9fb58aa","Created":"2017-01-03T01:20:54.806005731Z","Path":"sleep","Args":["99999"],"State":{"Status":"running","Running":true,"Paused":false,"Restarting":false,"OOMKilled":false,"Dead":false,"Pid":28516,"ExitCode":0,"Error":"","StartedAt":"2017-01-03T01:20:55.070238784Z","FinishedAt":"0001-01-01T00:00:00Z"},"Image":"sha256:aae2b63c49461fcae4962e4a8043f66acf8e3af7e62f5ebceb70b181d8ca01e0","ResolvConfPath":"/var/lib/docker/containers/62aea589903270111c71dc92d4a512669dd03c1058831d3580abe1cff9fb58aa/resolv.conf","HostnamePath":"/var/lib/docker/containers/62aea589903270111c71dc92d4a512669dd03c1058831d3580abe1cff9fb58aa/hostname","HostsPath":"/var/lib/docker/containers/62aea589903270111c71dc92d4a512669dd03c1058831d3580abe1cff9fb58aa/hosts","LogPath":"/var/lib/docker/containers/62aea589903270111c71dc92d4a512669dd03c1058831d3580abe1cff9fb58aa/62aea589903270111c71dc92d4a512669dd03c1058831d3580abe1cff9fb58aa-json.log","Name":"/MyContainer","RestartCount":0,"Driver":"aufs","MountLabel":"","ProcessLabel":"","AppArmorProfile":"","ExecIDs":null,"HostConfig":{"Binds":null,"ContainerIDFile":"","LogConfig":{"Type":"json-file","Config":{}},"NetworkMode":"default","PortBindings":{"8084/tcp":[{"HostIp":"","HostPort":"8084"}],"9046/tcp":[{"HostIp":"","HostPort":"9046"}]},"RestartPolicy":{"Name":"","MaximumRetryCount":0},"AutoRemove":false,"VolumeDriver":"","VolumesFrom":null,"CapAdd":null,"CapDrop":null,"Dns":null,"DnsOptions":null,"DnsSearch":null,"ExtraHosts":null,"GroupAdd":null,"IpcMode":"","Cgroup":"","Links":null,"OomScoreAdj":0,"PidMode":"","Privileged":false,"PublishAllPorts":false,"ReadonlyRootfs":false,"SecurityOpt":null,"UTSMode":"","UsernsMode":"","ShmSize":67108864,"Runtime":"runc","ConsoleSize":[0,0],"Isolation":"","CpuShares":0,"Memory":0,"CgroupParent":"","BlkioWeight":0,"BlkioWeightDevice":null,"BlkioDeviceReadBps":null,"BlkioDeviceWriteBps":null,"BlkioDeviceReadIOps":null,"BlkioDeviceWriteIOps":null,"CpuPeriod":0,"CpuQuota":0,"CpusetCpus":"","CpusetMems":"","Devices":null,"DiskQuota":0,"KernelMemory":0,"MemoryReservation":0,"MemorySwap":0,"MemorySwappiness":-1,"OomKillDisable":false,"PidsLimit":0,"Ulimits":null,"CpuCount":0,"CpuPercent":0,"IOMaximumIOps":0,"IOMaximumBandwidth":0},"GraphDriver":{"Name":"aufs","Data":null},"Mounts":[],"Config":{"Hostname":"MyContainer","Domainname":"","User":"","AttachStdin":false,"AttachStdout":false,"AttachStderr":false,"ExposedPorts":{"8084/tcp":{},"9046/tcp":{}},"Tty":false,"OpenStdin":false,"StdinOnce":false,"Env":["port=8080","TERM=xterm","PATH=/usr/local/sbin:/usr/local/bin:/usr/sbin:/usr/bin:/sbin:/bin"],"Cmd":["sleep","99999"],"Image":"ubuntu:14.04","Volumes":null,"WorkingDir":"","Entrypoint":null,"OnBuild":null,"Labels":{}},"NetworkSettings":{"Bridge":"","SandboxID":"a5ab2ee17b844c434be3a09cfc5fc064c0b0384e6131415801eb9f6927e7d829","HairpinMode":false,"LinkLocalIPv6Address":"","LinkLocalIPv6PrefixLen":0,"Ports":{"8084/tcp":[{"HostIp":"0.0.0.0","HostPort":"8084"}],"9046/tcp":[{"HostIp":"0.0.0.0","HostPort":"9046"}]},"SandboxKey":"/var/run/docker/netns/a5ab2ee17b84","SecondaryIPAddresses":null,"SecondaryIPv6Addresses":null,"EndpointID":"bb189ea4b7244d18856700aa0f26b166803543cc9504e9f54f2a3c059091e654","Gateway":"172.17.0.1","GlobalIPv6Address":"","GlobalIPv6PrefixLen":0,"IPAddress":"172.17.0.2","IPPrefixLen":16,"IPv6Gateway":"","MacAddress":"02:42:ac:11:00:02","Networks":{"bridge":{"IPAMConfig":null,"Links":null,"Aliases":null,"NetworkID":"e0d36057aa1769e9fd52ba88be81b698b495f9b6b4946d0f98f24d971a27fc98","EndpointID":"bb189ea4b7244d18856700aa0f26b166803543cc9504e9f54f2a3c059091e654","Gateway":"172.17.0.1","IPAddress":"172.17.0.2","IPPrefixLen":16,"IPv6Gateway":"","GlobalIPv6Address":"","GlobalIPv6PrefixLen":0,"MacAddress":"02:42:ac:11:00:02"}}}}[\n]"
02:20:55.211 [Test worker] DEBUG org.apache.http.wire - http-outgoing-147 << "[\r][\n]"
02:20:55.211 [Test worker] DEBUG org.apache.http.wire - http-outgoing-147 << "0[\r][\n]"
02:20:55.211 [Test worker] DEBUG org.apache.http.wire - http-outgoing-147 << "[\r][\n]"
02:20:55.211 [Test worker] DEBUG org.apache.http.headers - http-outgoing-147 << HTTP/1.1 200 OK
02:20:55.211 [Test worker] DEBUG org.apache.http.headers - http-outgoing-147 << Content-Type: application/json
02:20:55.211 [Test worker] DEBUG org.apache.http.headers - http-outgoing-147 << Server: Docker/1.12.3 (linux)
02:20:55.211 [Test worker] DEBUG org.apache.http.headers - http-outgoing-147 << Date: Tue, 03 Jan 2017 01:20:55 GMT
02:20:55.211 [Test worker] DEBUG org.apache.http.headers - http-outgoing-147 << Transfer-Encoding: chunked
02:20:55.211 [Test worker] DEBUG o.a.h.impl.execchain.MainClientExec - Connection can be kept alive indefinitely
02:20:55.212 [Test worker] DEBUG c.g.d.j.JerseyDockerCmdExecFactory - 16 * Client response received on thread Test worker
16 < 200
16 < Content-Length: -1
16 < Content-Type: application/json
16 < Date: Tue, 03 Jan 2017 01:20:55 GMT
16 < Server: Docker/1.12.3 (linux)
16 < Transfer-Encoding: chunked
{"Id":"62aea589903270111c71dc92d4a512669dd03c1058831d3580abe1cff9fb58aa","Created":"2017-01-03T01:20:54.806005731Z","Path":"sleep","Args":["99999"],"State":{"Status":"running","Running":true,"Paused":false,"Restarting":false,"OOMKilled":false,"Dead":false,"Pid":28516,"ExitCode":0,"Error":"","StartedAt":"2017-01-03T01:20:55.070238784Z","FinishedAt":"0001-01-01T00:00:00Z"},"Image":"sha256:aae2b63c49461fcae4962e4a8043f66acf8e3af7e62f5ebceb70b181d8ca01e0","ResolvConfPath":"/var/lib/docker/containers/62aea589903270111c71dc92d4a512669dd03c1058831d3580abe1cff9fb58aa/resolv.conf","HostnamePath":"/var/lib/docker/containers/62aea589903270111c71dc92d4a512669dd03c1058831d3580abe1cff9fb58aa/hostname","HostsPath":"/var/lib/docker/containers/62aea589903270111c71dc92d4a512669dd03c1058831d3580abe1cff9fb58aa/hosts","LogPath":"/var/lib/docker/containers/62aea589903270111c71dc92d4a512669dd03c1058831d3580abe1cff9fb58aa/62aea589903270111c71dc92d4a512669dd03c1058831d3580abe1cff9fb58aa-json.log","Name":"/MyContainer","RestartCount":0,"Driver":"aufs","MountLabel":"","ProcessLabel":"","AppArmorProfile":"","ExecIDs":null,"HostConfig":{"Binds":null,"ContainerIDFile":"","LogConfig":{"Type":"json-file","Config":{}},"NetworkMode":"default","PortBindings":{"8084/tcp":[{"HostIp":"","HostPort":"8084"}],"9046/tcp":[{"HostIp":"","HostPort":"9046"}]},"RestartPolicy":{"Name":"","MaximumRetryCount":0},"AutoRemove":false,"VolumeDriver":"","VolumesFrom":null,"CapAdd":null,"CapDrop":null,"Dns":null,"DnsOptions":null,"DnsSearch":null,"ExtraHosts":null,"GroupAdd":null,"IpcMode":"","Cgroup":"","Links":null,"OomScoreAdj":0,"PidMode":"","Privileged":false,"PublishAllPorts":false,"ReadonlyRootfs":false,"SecurityOpt":null,"UTSMode":"","UsernsMode":"","ShmSize":67108864,"Runtime":"runc","ConsoleSize":[0,0],"Isolation":"","CpuShares":0,"Memory":0,"CgroupParent":"","BlkioWeight":0,"BlkioWeightDevice":null,"BlkioDeviceReadBps":null,"BlkioDeviceWriteBps":null,"BlkioDeviceReadIOps":null,"BlkioDeviceWriteIOps":null,"CpuPeriod":0,"CpuQuota":0,"CpusetCpus":"","CpusetMems":"","Devices":null,"DiskQuota":0,"KernelMemory":0,"MemoryReservation":0,"MemorySwap":0,"MemorySwappiness":-1,"OomKillDisable":false,"PidsLimit":0,"Ulimits":null,"CpuCount":0,"CpuPercent":0,"IOMaximumIOps":0,"IOMaximumBandwidth":0},"GraphDriver":{"Name":"aufs","Data":null},"Mounts":[],"Config":{"Hostname":"MyContainer","Domainname":"","User":"","AttachStdin":false,"AttachStdout":false,"AttachStderr":false,"ExposedPorts":{"8084/tcp":{},"9046/tcp":{}},"Tty":false,"OpenStdin":false,"StdinOnce":false,"Env":["port=8080","TERM=xterm","PATH=/usr/local/sbin:/usr/local/bin:/usr/sbin:/usr/bin:/sbin:/bin"],"Cmd":["sleep","99999"],"Image":"ubuntu:14.04","Volumes":null,"WorkingDir":"","Entrypoint":null,"OnBuild":null,"Labels":{}},"NetworkSettings":{"Bridge":"","SandboxID":"a5ab2ee17b844c434be3a09cfc5fc064c0b0384e6131415801eb9f6927e7d829","HairpinMode":false,"LinkLocalIPv6Address":"","LinkLocalIPv6PrefixLen":0,"Ports":{"8084/tcp":[{"HostIp":"0.0.0.0","HostPort":"8084"}],"9046/tcp":[{"HostIp":"0.0.0.0","HostPort":"9046"}]},"SandboxKey":"/var/run/docker/netns/a5ab2ee17b84","SecondaryIPAddresses":null,"SecondaryIPv6Addresses":null,"EndpointID":"bb189ea4b7244d18856700aa0f26b166803543cc9504e9f54f2a3c059091e654","Gateway":"172.17.0.1","GlobalIPv6Address":"","GlobalIPv6PrefixLen":0,"IPAddress":"172.17.0.2","IPPrefixLen":16,"IPv6Gateway":"","MacAddress":"02:42:ac:11:00:02","Networks":{"bridge":{"IPAMConfig":null,"Links":null,"Aliases":null,"NetworkID":"e0d36057aa1769e9fd52ba88be81b698b495f9b6b4946d0f98f24d971a27fc98","EndpointID":"bb189ea4b7244d18856700aa0f26b166803543cc9504e9f54f2a3c059091e654","Gateway":"172.17.0.1","IPAddress":"172.17.0.2","IPPrefixLen":16,"IPv6Gateway":"","GlobalIPv6Address":"","GlobalIPv6PrefixLen":0,"MacAddress":"02:42:ac:11:00:02"}}}}


02:20:55.234 [Test worker] DEBUG o.a.h.i.c.DefaultManagedHttpClientConnection - http-outgoing-147: Close connection
02:20:55.235 [Test worker] DEBUG o.a.h.impl.execchain.MainClientExec - Connection discarded
02:20:55.235 [Test worker] DEBUG c.g.d.j.JerseyDockerCmdExecFactory$1 - Connection released: [id: 147][route: {s}->https://Thesis:2376][total kept alive: 1; route allocated: 1 of 2; total allocated: 1 of 20]
02:20:55.235 [Test worker] DEBUG org.apache.http.wire - http-outgoing-147 << "[read] I/O error: Socket is closed"
02:20:55.237 [Test worker] DEBUG c.g.d.core.command.AbstrDockerCmd - Cmd: -1,<null>,true,<null>,<null>,com.github.dockerjava.core.util.FiltersBuilder@0,com.github.dockerjava.jaxrs.ListContainersCmdExec@6957b94b
02:20:55.238 [Test worker] DEBUG c.g.d.j.JerseyDockerCmdExecFactory - 17 * Sending client request on thread Test worker
17 > GET https://Thesis:2376/containers/json?all=true
17 > Accept: application/json

02:20:55.239 [Test worker] DEBUG o.a.h.c.protocol.RequestAddCookies - CookieSpec selected: default
02:20:55.239 [Test worker] DEBUG o.a.h.c.protocol.RequestAuthCache - Auth cache not set in the context
02:20:55.239 [Test worker] DEBUG c.g.d.j.JerseyDockerCmdExecFactory$1 - Connection request: [route: {s}->https://Thesis:2376][total kept alive: 1; route allocated: 1 of 2; total allocated: 1 of 20]
02:20:55.239 [Test worker] DEBUG c.g.d.j.JerseyDockerCmdExecFactory$1 - Connection leased: [id: 148][route: {s}->https://Thesis:2376][total kept alive: 1; route allocated: 2 of 2; total allocated: 2 of 20]
02:20:55.239 [Test worker] DEBUG o.a.h.impl.execchain.MainClientExec - Opening connection {s}->https://Thesis:2376
02:20:55.239 [Test worker] DEBUG o.a.h.i.c.DefaultHttpClientConnectionOperator - Connecting to Thesis/127.0.1.1:2376
02:20:55.239 [Test worker] DEBUG o.a.h.c.s.SSLConnectionSocketFactory - Connecting socket to Thesis/127.0.1.1:2376 with timeout 0
02:20:55.240 [Test worker] DEBUG o.a.h.c.s.SSLConnectionSocketFactory - Enabled protocols: [TLSv1]
02:20:55.240 [Test worker] DEBUG o.a.h.c.s.SSLConnectionSocketFactory - Enabled cipher suites:[TLS_ECDHE_ECDSA_WITH_AES_128_CBC_SHA, TLS_ECDHE_RSA_WITH_AES_128_CBC_SHA, TLS_RSA_WITH_AES_128_CBC_SHA, TLS_ECDH_ECDSA_WITH_AES_128_CBC_SHA, TLS_ECDH_RSA_WITH_AES_128_CBC_SHA, TLS_DHE_RSA_WITH_AES_128_CBC_SHA, TLS_DHE_DSS_WITH_AES_128_CBC_SHA, TLS_ECDHE_ECDSA_WITH_3DES_EDE_CBC_SHA, TLS_ECDHE_RSA_WITH_3DES_EDE_CBC_SHA, SSL_RSA_WITH_3DES_EDE_CBC_SHA, TLS_ECDH_ECDSA_WITH_3DES_EDE_CBC_SHA, TLS_ECDH_RSA_WITH_3DES_EDE_CBC_SHA, SSL_DHE_RSA_WITH_3DES_EDE_CBC_SHA, SSL_DHE_DSS_WITH_3DES_EDE_CBC_SHA, TLS_ECDHE_ECDSA_WITH_RC4_128_SHA, TLS_ECDHE_RSA_WITH_RC4_128_SHA, SSL_RSA_WITH_RC4_128_SHA, TLS_ECDH_ECDSA_WITH_RC4_128_SHA, TLS_ECDH_RSA_WITH_RC4_128_SHA, SSL_RSA_WITH_RC4_128_MD5, TLS_EMPTY_RENEGOTIATION_INFO_SCSV]
02:20:55.240 [Test worker] DEBUG o.a.h.c.s.SSLConnectionSocketFactory - Starting handshake
02:20:55.314 [Test worker] DEBUG o.a.h.c.s.SSLConnectionSocketFactory - Secure session established
02:20:55.314 [Test worker] DEBUG o.a.h.c.s.SSLConnectionSocketFactory -  negotiated protocol: TLSv1
02:20:55.314 [Test worker] DEBUG o.a.h.c.s.SSLConnectionSocketFactory -  negotiated cipher suite: TLS_ECDHE_RSA_WITH_AES_128_CBC_SHA
02:20:55.314 [Test worker] DEBUG o.a.h.c.s.SSLConnectionSocketFactory -  peer principal: CN=Thesis
02:20:55.314 [Test worker] DEBUG o.a.h.c.s.SSLConnectionSocketFactory -  issuer principal: EMAILADDRESS=sha@yamil.com, CN=Thesis, OU=Open, O=Fra, L=BER, ST=BER, C=DE
02:20:55.315 [Test worker] DEBUG o.a.h.i.c.DefaultHttpClientConnectionOperator - Connection established 127.0.0.1:41172<->127.0.1.1:2376
02:20:55.315 [Test worker] DEBUG o.a.h.impl.execchain.MainClientExec - Executing request GET /containers/json?all=true HTTP/1.1
02:20:55.315 [Test worker] DEBUG o.a.h.impl.execchain.MainClientExec - Target auth state: UNCHALLENGED
02:20:55.315 [Test worker] DEBUG o.a.h.impl.execchain.MainClientExec - Proxy auth state: UNCHALLENGED
02:20:55.316 [Test worker] DEBUG org.apache.http.headers - http-outgoing-148 >> GET /containers/json?all=true HTTP/1.1
02:20:55.316 [Test worker] DEBUG org.apache.http.headers - http-outgoing-148 >> Accept: application/json
02:20:55.316 [Test worker] DEBUG org.apache.http.headers - http-outgoing-148 >> User-Agent: Jersey/2.23.1 (Apache HttpClient 4.5.1)
02:20:55.316 [Test worker] DEBUG org.apache.http.headers - http-outgoing-148 >> Host: Thesis:2376
02:20:55.316 [Test worker] DEBUG org.apache.http.headers - http-outgoing-148 >> Connection: Keep-Alive
02:20:55.316 [Test worker] DEBUG org.apache.http.headers - http-outgoing-148 >> Accept-Encoding: gzip,deflate
02:20:55.316 [Test worker] DEBUG org.apache.http.wire - http-outgoing-148 >> "GET /containers/json?all=true HTTP/1.1[\r][\n]"
02:20:55.316 [Test worker] DEBUG org.apache.http.wire - http-outgoing-148 >> "Accept: application/json[\r][\n]"
02:20:55.316 [Test worker] DEBUG org.apache.http.wire - http-outgoing-148 >> "User-Agent: Jersey/2.23.1 (Apache HttpClient 4.5.1)[\r][\n]"
02:20:55.317 [Test worker] DEBUG org.apache.http.wire - http-outgoing-148 >> "Host: Thesis:2376[\r][\n]"
02:20:55.317 [Test worker] DEBUG org.apache.http.wire - http-outgoing-148 >> "Connection: Keep-Alive[\r][\n]"
02:20:55.317 [Test worker] DEBUG org.apache.http.wire - http-outgoing-148 >> "Accept-Encoding: gzip,deflate[\r][\n]"
02:20:55.317 [Test worker] DEBUG org.apache.http.wire - http-outgoing-148 >> "[\r][\n]"
02:20:55.317 [Test worker] DEBUG org.apache.http.wire - http-outgoing-148 << "H"
02:20:55.318 [Test worker] DEBUG org.apache.http.wire - http-outgoing-148 << "TTP/1.1 200 OK[\r][\n]"
02:20:55.318 [Test worker] DEBUG org.apache.http.wire - http-outgoing-148 << "Content-Type: application/json[\r][\n]"
02:20:55.318 [Test worker] DEBUG org.apache.http.wire - http-outgoing-148 << "Server: Docker/1.12.3 (linux)[\r][\n]"
02:20:55.318 [Test worker] DEBUG org.apache.http.wire - http-outgoing-148 << "Date: Tue, 03 Jan 2017 01:20:55 GMT[\r][\n]"
02:20:55.318 [Test worker] DEBUG org.apache.http.wire - http-outgoing-148 << "Content-Length: 922[\r][\n]"
02:20:55.318 [Test worker] DEBUG org.apache.http.wire - http-outgoing-148 << "[\r][\n]"
02:20:55.318 [Test worker] DEBUG org.apache.http.wire - http-outgoing-148 << "[{"Id":"62aea589903270111c71dc92d4a512669dd03c1058831d3580abe1cff9fb58aa","Names":["/MyContainer"],"Image":"ubuntu:14.04","ImageID":"sha256:aae2b63c49461fcae4962e4a8043f66acf8e3af7e62f5ebceb70b181d8ca01e0","Command":"sleep 99999","Created":1483406454,"Ports":[{"IP":"0.0.0.0","PrivatePort":9046,"PublicPort":9046,"Type":"tcp"},{"IP":"0.0.0.0","PrivatePort":8084,"PublicPort":8084,"Type":"tcp"}],"Labels":{},"State":"running","Status":"Up Less than a second","HostConfig":{"NetworkMode":"default"},"NetworkSettings":{"Networks":{"bridge":{"IPAMConfig":null,"Links":null,"Aliases":null,"NetworkID":"e0d36057aa1769e9fd52ba88be81b698b495f9b6b4946d0f98f24d971a27fc98","EndpointID":"bb189ea4b7244d18856700aa0f26b166803543cc9504e9f54f2a3c059091e654","Gateway":"172.17.0.1","IPAddress":"172.17.0.2","IPPrefixLen":16,"IPv6Gateway":"","GlobalIPv6Address":"","GlobalIPv6PrefixLen":0,"MacAddress":"02:42:ac:11:00:02"}}},"Mounts":[]}][\n]"
02:20:55.319 [Test worker] DEBUG org.apache.http.headers - http-outgoing-148 << HTTP/1.1 200 OK
02:20:55.319 [Test worker] DEBUG org.apache.http.headers - http-outgoing-148 << Content-Type: application/json
02:20:55.319 [Test worker] DEBUG org.apache.http.headers - http-outgoing-148 << Server: Docker/1.12.3 (linux)
02:20:55.319 [Test worker] DEBUG org.apache.http.headers - http-outgoing-148 << Date: Tue, 03 Jan 2017 01:20:55 GMT
02:20:55.319 [Test worker] DEBUG org.apache.http.headers - http-outgoing-148 << Content-Length: 922
02:20:55.319 [Test worker] DEBUG o.a.h.impl.execchain.MainClientExec - Connection can be kept alive indefinitely
02:20:55.319 [Test worker] DEBUG c.g.d.j.JerseyDockerCmdExecFactory - 18 * Client response received on thread Test worker
18 < 200
18 < Content-Length: 922
18 < Content-Type: application/json
18 < Date: Tue, 03 Jan 2017 01:20:55 GMT
18 < Server: Docker/1.12.3 (linux)
[{"Id":"62aea589903270111c71dc92d4a512669dd03c1058831d3580abe1cff9fb58aa","Names":["/MyContainer"],"Image":"ubuntu:14.04","ImageID":"sha256:aae2b63c49461fcae4962e4a8043f66acf8e3af7e62f5ebceb70b181d8ca01e0","Command":"sleep 99999","Created":1483406454,"Ports":[{"IP":"0.0.0.0","PrivatePort":9046,"PublicPort":9046,"Type":"tcp"},{"IP":"0.0.0.0","PrivatePort":8084,"PublicPort":8084,"Type":"tcp"}],"Labels":{},"State":"running","Status":"Up Less than a second","HostConfig":{"NetworkMode":"default"},"NetworkSettings":{"Networks":{"bridge":{"IPAMConfig":null,"Links":null,"Aliases":null,"NetworkID":"e0d36057aa1769e9fd52ba88be81b698b495f9b6b4946d0f98f24d971a27fc98","EndpointID":"bb189ea4b7244d18856700aa0f26b166803543cc9504e9f54f2a3c059091e654","Gateway":"172.17.0.1","IPAddress":"172.17.0.2","IPPrefixLen":16,"IPv6Gateway":"","GlobalIPv6Address":"","GlobalIPv6PrefixLen":0,"MacAddress":"02:42:ac:11:00:02"}}},"Mounts":[]}]


02:20:55.321 [Test worker] DEBUG o.a.h.i.c.DefaultManagedHttpClientConnection - http-outgoing-148: Close connection
02:20:55.321 [Test worker] DEBUG o.a.h.impl.execchain.MainClientExec - Connection discarded
02:20:55.321 [Test worker] DEBUG c.g.d.j.JerseyDockerCmdExecFactory$1 - Connection released: [id: 148][route: {s}->https://Thesis:2376][total kept alive: 1; route allocated: 1 of 2; total allocated: 1 of 20]
02:20:55.321 [Test worker] DEBUG c.g.d.core.command.AbstrDockerCmd - Cmd: ListImagesCmdImpl[imageNameFilter=<null>,showAll=true,filters=com.github.dockerjava.core.util.FiltersBuilder@0,execution=com.github.dockerjava.jaxrs.ListImagesCmdExec@20106937]
02:20:55.322 [Test worker] DEBUG c.g.d.j.JerseyDockerCmdExecFactory - 19 * Sending client request on thread Test worker
19 > GET https://Thesis:2376/images/json?all=true
19 > Accept: application/json

02:20:55.322 [Test worker] DEBUG o.a.h.c.protocol.RequestAddCookies - CookieSpec selected: default
02:20:55.322 [Test worker] DEBUG o.a.h.c.protocol.RequestAuthCache - Auth cache not set in the context
02:20:55.322 [Test worker] DEBUG c.g.d.j.JerseyDockerCmdExecFactory$1 - Connection request: [route: {s}->https://Thesis:2376][total kept alive: 1; route allocated: 1 of 2; total allocated: 1 of 20]
02:20:55.323 [Test worker] DEBUG c.g.d.j.JerseyDockerCmdExecFactory$1 - Connection leased: [id: 149][route: {s}->https://Thesis:2376][total kept alive: 1; route allocated: 2 of 2; total allocated: 2 of 20]
02:20:55.323 [Test worker] DEBUG o.a.h.impl.execchain.MainClientExec - Opening connection {s}->https://Thesis:2376
02:20:55.323 [Test worker] DEBUG o.a.h.i.c.DefaultHttpClientConnectionOperator - Connecting to Thesis/127.0.1.1:2376
02:20:55.323 [Test worker] DEBUG o.a.h.c.s.SSLConnectionSocketFactory - Connecting socket to Thesis/127.0.1.1:2376 with timeout 0
02:20:55.324 [Test worker] DEBUG o.a.h.c.s.SSLConnectionSocketFactory - Enabled protocols: [TLSv1]
02:20:55.324 [Test worker] DEBUG o.a.h.c.s.SSLConnectionSocketFactory - Enabled cipher suites:[TLS_ECDHE_ECDSA_WITH_AES_128_CBC_SHA, TLS_ECDHE_RSA_WITH_AES_128_CBC_SHA, TLS_RSA_WITH_AES_128_CBC_SHA, TLS_ECDH_ECDSA_WITH_AES_128_CBC_SHA, TLS_ECDH_RSA_WITH_AES_128_CBC_SHA, TLS_DHE_RSA_WITH_AES_128_CBC_SHA, TLS_DHE_DSS_WITH_AES_128_CBC_SHA, TLS_ECDHE_ECDSA_WITH_3DES_EDE_CBC_SHA, TLS_ECDHE_RSA_WITH_3DES_EDE_CBC_SHA, SSL_RSA_WITH_3DES_EDE_CBC_SHA, TLS_ECDH_ECDSA_WITH_3DES_EDE_CBC_SHA, TLS_ECDH_RSA_WITH_3DES_EDE_CBC_SHA, SSL_DHE_RSA_WITH_3DES_EDE_CBC_SHA, SSL_DHE_DSS_WITH_3DES_EDE_CBC_SHA, TLS_ECDHE_ECDSA_WITH_RC4_128_SHA, TLS_ECDHE_RSA_WITH_RC4_128_SHA, SSL_RSA_WITH_RC4_128_SHA, TLS_ECDH_ECDSA_WITH_RC4_128_SHA, TLS_ECDH_RSA_WITH_RC4_128_SHA, SSL_RSA_WITH_RC4_128_MD5, TLS_EMPTY_RENEGOTIATION_INFO_SCSV]
02:20:55.324 [Test worker] DEBUG o.a.h.c.s.SSLConnectionSocketFactory - Starting handshake
02:20:55.382 [Test worker] DEBUG o.a.h.c.s.SSLConnectionSocketFactory - Secure session established
02:20:55.383 [Test worker] DEBUG o.a.h.c.s.SSLConnectionSocketFactory -  negotiated protocol: TLSv1
02:20:55.383 [Test worker] DEBUG o.a.h.c.s.SSLConnectionSocketFactory -  negotiated cipher suite: TLS_ECDHE_RSA_WITH_AES_128_CBC_SHA
02:20:55.383 [Test worker] DEBUG o.a.h.c.s.SSLConnectionSocketFactory -  peer principal: CN=Thesis
02:20:55.383 [Test worker] DEBUG o.a.h.c.s.SSLConnectionSocketFactory -  issuer principal: EMAILADDRESS=sha@yamil.com, CN=Thesis, OU=Open, O=Fra, L=BER, ST=BER, C=DE
02:20:55.383 [Test worker] DEBUG o.a.h.i.c.DefaultHttpClientConnectionOperator - Connection established 127.0.0.1:41174<->127.0.1.1:2376
02:20:55.383 [Test worker] DEBUG o.a.h.impl.execchain.MainClientExec - Executing request GET /images/json?all=true HTTP/1.1
02:20:55.383 [Test worker] DEBUG o.a.h.impl.execchain.MainClientExec - Target auth state: UNCHALLENGED
02:20:55.384 [Test worker] DEBUG o.a.h.impl.execchain.MainClientExec - Proxy auth state: UNCHALLENGED
02:20:55.384 [Test worker] DEBUG org.apache.http.headers - http-outgoing-149 >> GET /images/json?all=true HTTP/1.1
02:20:55.384 [Test worker] DEBUG org.apache.http.headers - http-outgoing-149 >> Accept: application/json
02:20:55.384 [Test worker] DEBUG org.apache.http.headers - http-outgoing-149 >> User-Agent: Jersey/2.23.1 (Apache HttpClient 4.5.1)
02:20:55.384 [Test worker] DEBUG org.apache.http.headers - http-outgoing-149 >> Host: Thesis:2376
02:20:55.384 [Test worker] DEBUG org.apache.http.headers - http-outgoing-149 >> Connection: Keep-Alive
02:20:55.384 [Test worker] DEBUG org.apache.http.headers - http-outgoing-149 >> Accept-Encoding: gzip,deflate
02:20:55.387 [Test worker] DEBUG org.apache.http.wire - http-outgoing-149 >> "GET /images/json?all=true HTTP/1.1[\r][\n]"
02:20:55.389 [Test worker] DEBUG org.apache.http.wire - http-outgoing-149 >> "Accept: application/json[\r][\n]"
02:20:55.389 [Test worker] DEBUG org.apache.http.wire - http-outgoing-149 >> "User-Agent: Jersey/2.23.1 (Apache HttpClient 4.5.1)[\r][\n]"
02:20:55.389 [Test worker] DEBUG org.apache.http.wire - http-outgoing-149 >> "Host: Thesis:2376[\r][\n]"
02:20:55.389 [Test worker] DEBUG org.apache.http.wire - http-outgoing-149 >> "Connection: Keep-Alive[\r][\n]"
02:20:55.389 [Test worker] DEBUG org.apache.http.wire - http-outgoing-149 >> "Accept-Encoding: gzip,deflate[\r][\n]"
02:20:55.390 [Test worker] DEBUG org.apache.http.wire - http-outgoing-149 >> "[\r][\n]"
02:20:55.391 [Test worker] DEBUG org.apache.http.wire - http-outgoing-149 << "H"
02:20:55.391 [Test worker] DEBUG org.apache.http.wire - http-outgoing-149 << "TTP/1.1 200 OK[\r][\n]"
02:20:55.391 [Test worker] DEBUG org.apache.http.wire - http-outgoing-149 << "Content-Type: application/json[\r][\n]"
02:20:55.391 [Test worker] DEBUG org.apache.http.wire - http-outgoing-149 << "Server: Docker/1.12.3 (linux)[\r][\n]"
02:20:55.391 [Test worker] DEBUG org.apache.http.wire - http-outgoing-149 << "Date: Tue, 03 Jan 2017 01:20:55 GMT[\r][\n]"
02:20:55.391 [Test worker] DEBUG org.apache.http.wire - http-outgoing-149 << "Content-Length: 1195[\r][\n]"
02:20:55.391 [Test worker] DEBUG org.apache.http.wire - http-outgoing-149 << "[\r][\n]"
02:20:55.391 [Test worker] DEBUG org.apache.http.wire - http-outgoing-149 << "[{"Id":"sha256:4ca3a192ff2a5b7e225e81dc006b6379c10776ed3619757a65608cb72de0a7f6","ParentId":"","RepoTags":["ubuntu:latest"],"RepoDigests":["ubuntu@sha256:3b64c309deae7ab0f7dbdd42b6b326261ccd6261da5d88396439353162703fb5"],"Created":1480449877,"Size":128206574,"VirtualSize":128206574,"Labels":{}},{"Id":"sha256:aae2b63c49461fcae4962e4a8043f66acf8e3af7e62f5ebceb70b181d8ca01e0","ParentId":"","RepoTags":["ubuntu:14.04"],"RepoDigests":["ubuntu@sha256:edb984703bd3e8981ff541a5b9297ca1b81fde6e6e8094d86e390a38ebc30b4d"],"Created":1480449856,"Size":187952254,"VirtualSize":187952254,"Labels":{}},{"Id":"sha256:e02e811dd08fd49e7f6032625495118e63f597eb150403d02e3238af1df240ba","ParentId":"","RepoTags":["busybox:latest"],"RepoDigests":["busybox@sha256:29f5d56d12684887bdfa50dcd29fc31eea4aaf4ad3bec43daf19026a7ce69912"],"Created":1475874238,"Size":1093484,"VirtualSize":1093484,"Labels":{}},{"Id":"sha256:d654de4499473ed41349b54a988b6f46a7fc92e3fa2d61e102bf2660a0116e25","ParentId":"","RepoTags":["sakib37/iperf3:latest"],"RepoDigests":["sakib37/iperf3@sha256:8d80a810f8f508c074b14d02555f20110eac382c8dbda7252075392983629d40"],"Created":1474907599,"Size":199456654,"VirtualSize":199456654,"Labels":{}}][\n]"
02:20:55.391 [Test worker] DEBUG org.apache.http.headers - http-outgoing-149 << HTTP/1.1 200 OK
02:20:55.392 [Test worker] DEBUG org.apache.http.headers - http-outgoing-149 << Content-Type: application/json
02:20:55.392 [Test worker] DEBUG org.apache.http.headers - http-outgoing-149 << Server: Docker/1.12.3 (linux)
02:20:55.392 [Test worker] DEBUG org.apache.http.headers - http-outgoing-149 << Date: Tue, 03 Jan 2017 01:20:55 GMT
02:20:55.392 [Test worker] DEBUG org.apache.http.headers - http-outgoing-149 << Content-Length: 1195
02:20:55.392 [Test worker] DEBUG o.a.h.impl.execchain.MainClientExec - Connection can be kept alive indefinitely
02:20:55.392 [Test worker] DEBUG c.g.d.j.JerseyDockerCmdExecFactory - 20 * Client response received on thread Test worker
20 < 200
20 < Content-Length: 1195
20 < Content-Type: application/json
20 < Date: Tue, 03 Jan 2017 01:20:55 GMT
20 < Server: Docker/1.12.3 (linux)
[{"Id":"sha256:4ca3a192ff2a5b7e225e81dc006b6379c10776ed3619757a65608cb72de0a7f6","ParentId":"","RepoTags":["ubuntu:latest"],"RepoDigests":["ubuntu@sha256:3b64c309deae7ab0f7dbdd42b6b326261ccd6261da5d88396439353162703fb5"],"Created":1480449877,"Size":128206574,"VirtualSize":128206574,"Labels":{}},{"Id":"sha256:aae2b63c49461fcae4962e4a8043f66acf8e3af7e62f5ebceb70b181d8ca01e0","ParentId":"","RepoTags":["ubuntu:14.04"],"RepoDigests":["ubuntu@sha256:edb984703bd3e8981ff541a5b9297ca1b81fde6e6e8094d86e390a38ebc30b4d"],"Created":1480449856,"Size":187952254,"VirtualSize":187952254,"Labels":{}},{"Id":"sha256:e02e811dd08fd49e7f6032625495118e63f597eb150403d02e3238af1df240ba","ParentId":"","RepoTags":["busybox:latest"],"RepoDigests":["busybox@sha256:29f5d56d12684887bdfa50dcd29fc31eea4aaf4ad3bec43daf19026a7ce69912"],"Created":1475874238,"Size":1093484,"VirtualSize":1093484,"Labels":{}},{"Id":"sha256:d654de4499473ed41349b54a988b6f46a7fc92e3fa2d61e102bf2660a0116e25","ParentId":"","RepoTags":["sakib37/iperf3:latest"],"RepoDigests":["sakib37/iperf3@sha256:8d80a810f8f508c074b14d02555f20110eac382c8dbda7252075392983629d40"],"Created":1474907599,"Size":199456654,"VirtualSize":199456654,"Labels":{}}]


02:20:55.393 [Test worker] DEBUG o.a.h.i.c.DefaultManagedHttpClientConnection - http-outgoing-149: Close connection
02:20:55.394 [Test worker] DEBUG o.a.h.impl.execchain.MainClientExec - Connection discarded
02:20:55.394 [Test worker] DEBUG c.g.d.j.JerseyDockerCmdExecFactory$1 - Connection released: [id: 149][route: {s}->https://Thesis:2376][total kept alive: 1; route allocated: 1 of 2; total allocated: 1 of 20]
02:20:55.394 [Test worker] DEBUG org.openbaton.docker.DockerVim - Found a docker image, transformed into a NFV Image Image{id='sha256:aae2b63c49461fcae4962e4a8043f66acf8e3af7e62f5ebceb70b181d8ca01e0', name='ubuntu:14.04', version=0, extId='null', minRam='0', minDiskSpace='0', minCPU='null', public='true', diskFormat='null', containerFormat='docker', created='Sun Jan 18 04:14:09 CET 1970', updated='null'}
02:20:55.394 [Test worker] DEBUG c.g.d.core.command.AbstrDockerCmd - Cmd: 62aea589903270111c71dc92d4a512669dd03c1058831d3580abe1cff9fb58aa,<null>,true,com.github.dockerjava.jaxrs.RemoveContainerCmdExec@4f7b3a21
02:20:55.395 [Test worker] DEBUG c.g.d.j.JerseyDockerCmdExecFactory - 21 * Sending client request on thread Test worker
21 > DELETE https://Thesis:2376/containers/62aea589903270111c71dc92d4a512669dd03c1058831d3580abe1cff9fb58aa?force=true
21 > Accept: application/json

02:20:55.397 [Test worker] DEBUG o.a.h.c.protocol.RequestAddCookies - CookieSpec selected: default
02:20:55.397 [Test worker] DEBUG o.a.h.c.protocol.RequestAuthCache - Auth cache not set in the context
02:20:55.397 [Test worker] DEBUG c.g.d.j.JerseyDockerCmdExecFactory$1 - Connection request: [route: {s}->https://Thesis:2376][total kept alive: 1; route allocated: 1 of 2; total allocated: 1 of 20]
02:20:55.397 [Test worker] DEBUG c.g.d.j.JerseyDockerCmdExecFactory$1 - Connection leased: [id: 150][route: {s}->https://Thesis:2376][total kept alive: 1; route allocated: 2 of 2; total allocated: 2 of 20]
02:20:55.398 [Test worker] DEBUG o.a.h.impl.execchain.MainClientExec - Opening connection {s}->https://Thesis:2376
02:20:55.398 [Test worker] DEBUG o.a.h.i.c.DefaultHttpClientConnectionOperator - Connecting to Thesis/127.0.1.1:2376
02:20:55.398 [Test worker] DEBUG o.a.h.c.s.SSLConnectionSocketFactory - Connecting socket to Thesis/127.0.1.1:2376 with timeout 0
02:20:55.399 [Test worker] DEBUG o.a.h.c.s.SSLConnectionSocketFactory - Enabled protocols: [TLSv1]
02:20:55.399 [Test worker] DEBUG o.a.h.c.s.SSLConnectionSocketFactory - Enabled cipher suites:[TLS_ECDHE_ECDSA_WITH_AES_128_CBC_SHA, TLS_ECDHE_RSA_WITH_AES_128_CBC_SHA, TLS_RSA_WITH_AES_128_CBC_SHA, TLS_ECDH_ECDSA_WITH_AES_128_CBC_SHA, TLS_ECDH_RSA_WITH_AES_128_CBC_SHA, TLS_DHE_RSA_WITH_AES_128_CBC_SHA, TLS_DHE_DSS_WITH_AES_128_CBC_SHA, TLS_ECDHE_ECDSA_WITH_3DES_EDE_CBC_SHA, TLS_ECDHE_RSA_WITH_3DES_EDE_CBC_SHA, SSL_RSA_WITH_3DES_EDE_CBC_SHA, TLS_ECDH_ECDSA_WITH_3DES_EDE_CBC_SHA, TLS_ECDH_RSA_WITH_3DES_EDE_CBC_SHA, SSL_DHE_RSA_WITH_3DES_EDE_CBC_SHA, SSL_DHE_DSS_WITH_3DES_EDE_CBC_SHA, TLS_ECDHE_ECDSA_WITH_RC4_128_SHA, TLS_ECDHE_RSA_WITH_RC4_128_SHA, SSL_RSA_WITH_RC4_128_SHA, TLS_ECDH_ECDSA_WITH_RC4_128_SHA, TLS_ECDH_RSA_WITH_RC4_128_SHA, SSL_RSA_WITH_RC4_128_MD5, TLS_EMPTY_RENEGOTIATION_INFO_SCSV]
02:20:55.399 [Test worker] DEBUG o.a.h.c.s.SSLConnectionSocketFactory - Starting handshake
02:20:55.456 [Test worker] DEBUG o.a.h.c.s.SSLConnectionSocketFactory - Secure session established
02:20:55.456 [Test worker] DEBUG o.a.h.c.s.SSLConnectionSocketFactory -  negotiated protocol: TLSv1
02:20:55.457 [Test worker] DEBUG o.a.h.c.s.SSLConnectionSocketFactory -  negotiated cipher suite: TLS_ECDHE_RSA_WITH_AES_128_CBC_SHA
02:20:55.457 [Test worker] DEBUG o.a.h.c.s.SSLConnectionSocketFactory -  peer principal: CN=Thesis
02:20:55.457 [Test worker] DEBUG o.a.h.c.s.SSLConnectionSocketFactory -  issuer principal: EMAILADDRESS=sha@yamil.com, CN=Thesis, OU=Open, O=Fra, L=BER, ST=BER, C=DE
02:20:55.458 [Test worker] DEBUG o.a.h.i.c.DefaultHttpClientConnectionOperator - Connection established 127.0.0.1:41176<->127.0.1.1:2376
02:20:55.458 [Test worker] DEBUG o.a.h.impl.execchain.MainClientExec - Executing request DELETE /containers/62aea589903270111c71dc92d4a512669dd03c1058831d3580abe1cff9fb58aa?force=true HTTP/1.1
02:20:55.458 [Test worker] DEBUG o.a.h.impl.execchain.MainClientExec - Target auth state: UNCHALLENGED
02:20:55.458 [Test worker] DEBUG o.a.h.impl.execchain.MainClientExec - Proxy auth state: UNCHALLENGED
02:20:55.458 [Test worker] DEBUG org.apache.http.headers - http-outgoing-150 >> DELETE /containers/62aea589903270111c71dc92d4a512669dd03c1058831d3580abe1cff9fb58aa?force=true HTTP/1.1
02:20:55.458 [Test worker] DEBUG org.apache.http.headers - http-outgoing-150 >> Accept: application/json
02:20:55.458 [Test worker] DEBUG org.apache.http.headers - http-outgoing-150 >> User-Agent: Jersey/2.23.1 (Apache HttpClient 4.5.1)
02:20:55.458 [Test worker] DEBUG org.apache.http.headers - http-outgoing-150 >> Host: Thesis:2376
02:20:55.458 [Test worker] DEBUG org.apache.http.headers - http-outgoing-150 >> Connection: Keep-Alive
02:20:55.459 [Test worker] DEBUG org.apache.http.headers - http-outgoing-150 >> Accept-Encoding: gzip,deflate
02:20:55.459 [Test worker] DEBUG org.apache.http.wire - http-outgoing-150 >> "DELETE /containers/62aea589903270111c71dc92d4a512669dd03c1058831d3580abe1cff9fb58aa?force=true HTTP/1.1[\r][\n]"
02:20:55.459 [Test worker] DEBUG org.apache.http.wire - http-outgoing-150 >> "Accept: application/json[\r][\n]"
02:20:55.459 [Test worker] DEBUG org.apache.http.wire - http-outgoing-150 >> "User-Agent: Jersey/2.23.1 (Apache HttpClient 4.5.1)[\r][\n]"
02:20:55.459 [Test worker] DEBUG org.apache.http.wire - http-outgoing-150 >> "Host: Thesis:2376[\r][\n]"
02:20:55.459 [Test worker] DEBUG org.apache.http.wire - http-outgoing-150 >> "Connection: Keep-Alive[\r][\n]"
02:20:55.459 [Test worker] DEBUG org.apache.http.wire - http-outgoing-150 >> "Accept-Encoding: gzip,deflate[\r][\n]"
02:20:55.459 [Test worker] DEBUG org.apache.http.wire - http-outgoing-150 >> "[\r][\n]"
02:20:55.559 [Test worker] DEBUG org.apache.http.wire - http-outgoing-150 << "H"
02:20:55.559 [Test worker] DEBUG org.apache.http.wire - http-outgoing-150 << "TTP/1.1 204 No Content[\r][\n]"
02:20:55.559 [Test worker] DEBUG org.apache.http.wire - http-outgoing-150 << "Server: Docker/1.12.3 (linux)[\r][\n]"
02:20:55.559 [Test worker] DEBUG org.apache.http.wire - http-outgoing-150 << "Date: Tue, 03 Jan 2017 01:20:55 GMT[\r][\n]"
02:20:55.559 [Test worker] DEBUG org.apache.http.wire - http-outgoing-150 << "[\r][\n]"
02:20:55.559 [Test worker] DEBUG org.apache.http.headers - http-outgoing-150 << HTTP/1.1 204 No Content
02:20:55.559 [Test worker] DEBUG org.apache.http.headers - http-outgoing-150 << Server: Docker/1.12.3 (linux)
02:20:55.559 [Test worker] DEBUG org.apache.http.headers - http-outgoing-150 << Date: Tue, 03 Jan 2017 01:20:55 GMT
02:20:55.559 [Test worker] DEBUG o.a.h.impl.execchain.MainClientExec - Connection can be kept alive indefinitely
02:20:55.560 [Test worker] DEBUG c.g.d.j.JerseyDockerCmdExecFactory$1 - Connection [id: 150][route: {s}->https://Thesis:2376][state: CN=Thesis] can be kept alive indefinitely
02:20:55.560 [Test worker] DEBUG c.g.d.j.JerseyDockerCmdExecFactory$1 - Connection released: [id: 150][route: {s}->https://Thesis:2376][state: CN=Thesis][total kept alive: 2; route allocated: 2 of 2; total allocated: 2 of 20]
02:20:55.560 [Test worker] DEBUG c.g.d.j.JerseyDockerCmdExecFactory - 22 * Client response received on thread Test worker
22 < 204
22 < Date: Tue, 03 Jan 2017 01:20:55 GMT
22 < Server: Docker/1.12.3 (linux)

02:20:55.560 [Test worker] DEBUG org.openbaton.docker.DockerVim - Server deleted successfully
02:20:55.560 [Test worker] DEBUG c.g.d.core.command.AbstrDockerCmd - Cmd: com.github.dockerjava.core.util.FiltersBuilder@0,com.github.dockerjava.jaxrs.ListNetworksCmdExec@7037a0f3
02:20:55.560 [Test worker] DEBUG c.g.d.j.JerseyDockerCmdExecFactory - 23 * Sending client request on thread Test worker
23 > GET https://Thesis:2376/networks
23 > Accept: application/json

02:20:55.560 [Test worker] DEBUG o.a.h.c.protocol.RequestAddCookies - CookieSpec selected: default
02:20:55.561 [Test worker] DEBUG o.a.h.c.protocol.RequestAuthCache - Auth cache not set in the context
02:20:55.561 [Test worker] DEBUG c.g.d.j.JerseyDockerCmdExecFactory$1 - Connection request: [route: {s}->https://Thesis:2376][total kept alive: 2; route allocated: 2 of 2; total allocated: 2 of 20]
02:20:55.561 [Test worker] DEBUG o.a.h.i.c.DefaultManagedHttpClientConnection - http-outgoing-145: Close connection
02:20:55.564 [Test worker] DEBUG c.g.d.j.JerseyDockerCmdExecFactory$1 - Connection leased: [id: 151][route: {s}->https://Thesis:2376][total kept alive: 1; route allocated: 2 of 2; total allocated: 2 of 20]
02:20:55.564 [Test worker] DEBUG o.a.h.impl.execchain.MainClientExec - Opening connection {s}->https://Thesis:2376
02:20:55.565 [Test worker] DEBUG o.a.h.i.c.DefaultHttpClientConnectionOperator - Connecting to Thesis/127.0.1.1:2376
02:20:55.565 [Test worker] DEBUG o.a.h.c.s.SSLConnectionSocketFactory - Connecting socket to Thesis/127.0.1.1:2376 with timeout 0
02:20:55.568 [Test worker] DEBUG o.a.h.c.s.SSLConnectionSocketFactory - Enabled protocols: [TLSv1]
02:20:55.568 [Test worker] DEBUG o.a.h.c.s.SSLConnectionSocketFactory - Enabled cipher suites:[TLS_ECDHE_ECDSA_WITH_AES_128_CBC_SHA, TLS_ECDHE_RSA_WITH_AES_128_CBC_SHA, TLS_RSA_WITH_AES_128_CBC_SHA, TLS_ECDH_ECDSA_WITH_AES_128_CBC_SHA, TLS_ECDH_RSA_WITH_AES_128_CBC_SHA, TLS_DHE_RSA_WITH_AES_128_CBC_SHA, TLS_DHE_DSS_WITH_AES_128_CBC_SHA, TLS_ECDHE_ECDSA_WITH_3DES_EDE_CBC_SHA, TLS_ECDHE_RSA_WITH_3DES_EDE_CBC_SHA, SSL_RSA_WITH_3DES_EDE_CBC_SHA, TLS_ECDH_ECDSA_WITH_3DES_EDE_CBC_SHA, TLS_ECDH_RSA_WITH_3DES_EDE_CBC_SHA, SSL_DHE_RSA_WITH_3DES_EDE_CBC_SHA, SSL_DHE_DSS_WITH_3DES_EDE_CBC_SHA, TLS_ECDHE_ECDSA_WITH_RC4_128_SHA, TLS_ECDHE_RSA_WITH_RC4_128_SHA, SSL_RSA_WITH_RC4_128_SHA, TLS_ECDH_ECDSA_WITH_RC4_128_SHA, TLS_ECDH_RSA_WITH_RC4_128_SHA, SSL_RSA_WITH_RC4_128_MD5, TLS_EMPTY_RENEGOTIATION_INFO_SCSV]
02:20:55.569 [Test worker] DEBUG o.a.h.c.s.SSLConnectionSocketFactory - Starting handshake
02:20:55.637 [Test worker] DEBUG o.a.h.c.s.SSLConnectionSocketFactory - Secure session established
02:20:55.637 [Test worker] DEBUG o.a.h.c.s.SSLConnectionSocketFactory -  negotiated protocol: TLSv1
02:20:55.637 [Test worker] DEBUG o.a.h.c.s.SSLConnectionSocketFactory -  negotiated cipher suite: TLS_ECDHE_RSA_WITH_AES_128_CBC_SHA
02:20:55.637 [Test worker] DEBUG o.a.h.c.s.SSLConnectionSocketFactory -  peer principal: CN=Thesis
02:20:55.637 [Test worker] DEBUG o.a.h.c.s.SSLConnectionSocketFactory -  issuer principal: EMAILADDRESS=sha@yamil.com, CN=Thesis, OU=Open, O=Fra, L=BER, ST=BER, C=DE
02:20:55.637 [Test worker] DEBUG o.a.h.i.c.DefaultHttpClientConnectionOperator - Connection established 127.0.0.1:41178<->127.0.1.1:2376
02:20:55.638 [Test worker] DEBUG o.a.h.impl.execchain.MainClientExec - Executing request GET /networks HTTP/1.1
02:20:55.638 [Test worker] DEBUG o.a.h.impl.execchain.MainClientExec - Target auth state: UNCHALLENGED
02:20:55.638 [Test worker] DEBUG o.a.h.impl.execchain.MainClientExec - Proxy auth state: UNCHALLENGED
02:20:55.638 [Test worker] DEBUG org.apache.http.headers - http-outgoing-151 >> GET /networks HTTP/1.1
02:20:55.638 [Test worker] DEBUG org.apache.http.headers - http-outgoing-151 >> Accept: application/json
02:20:55.638 [Test worker] DEBUG org.apache.http.headers - http-outgoing-151 >> User-Agent: Jersey/2.23.1 (Apache HttpClient 4.5.1)
02:20:55.638 [Test worker] DEBUG org.apache.http.headers - http-outgoing-151 >> Host: Thesis:2376
02:20:55.638 [Test worker] DEBUG org.apache.http.headers - http-outgoing-151 >> Connection: Keep-Alive
02:20:55.639 [Test worker] DEBUG org.apache.http.headers - http-outgoing-151 >> Accept-Encoding: gzip,deflate
02:20:55.639 [Test worker] DEBUG org.apache.http.wire - http-outgoing-151 >> "GET /networks HTTP/1.1[\r][\n]"
02:20:55.639 [Test worker] DEBUG org.apache.http.wire - http-outgoing-151 >> "Accept: application/json[\r][\n]"
02:20:55.639 [Test worker] DEBUG org.apache.http.wire - http-outgoing-151 >> "User-Agent: Jersey/2.23.1 (Apache HttpClient 4.5.1)[\r][\n]"
02:20:55.639 [Test worker] DEBUG org.apache.http.wire - http-outgoing-151 >> "Host: Thesis:2376[\r][\n]"
02:20:55.639 [Test worker] DEBUG org.apache.http.wire - http-outgoing-151 >> "Connection: Keep-Alive[\r][\n]"
02:20:55.639 [Test worker] DEBUG org.apache.http.wire - http-outgoing-151 >> "Accept-Encoding: gzip,deflate[\r][\n]"
02:20:55.639 [Test worker] DEBUG org.apache.http.wire - http-outgoing-151 >> "[\r][\n]"
02:20:55.640 [Test worker] DEBUG org.apache.http.wire - http-outgoing-151 << "H"
02:20:55.640 [Test worker] DEBUG org.apache.http.wire - http-outgoing-151 << "TTP/1.1 200 OK[\r][\n]"
02:20:55.640 [Test worker] DEBUG org.apache.http.wire - http-outgoing-151 << "Content-Type: application/json[\r][\n]"
02:20:55.640 [Test worker] DEBUG org.apache.http.wire - http-outgoing-151 << "Server: Docker/1.12.3 (linux)[\r][\n]"
02:20:55.640 [Test worker] DEBUG org.apache.http.wire - http-outgoing-151 << "Date: Tue, 03 Jan 2017 01:20:55 GMT[\r][\n]"
02:20:55.640 [Test worker] DEBUG org.apache.http.wire - http-outgoing-151 << "Content-Length: 1100[\r][\n]"
02:20:55.641 [Test worker] DEBUG org.apache.http.wire - http-outgoing-151 << "[\r][\n]"
02:20:55.641 [Test worker] DEBUG org.apache.http.wire - http-outgoing-151 << "[{"Name":"none","Id":"4d89c194eb79cd2beb38458d10a1b98c74d6b8462af72afde29ae7aca53ed5ca","Scope":"local","Driver":"null","EnableIPv6":false,"IPAM":{"Driver":"default","Options":null,"Config":[]},"Internal":false,"Containers":{},"Options":{},"Labels":{}},{"Name":"bridge","Id":"e0d36057aa1769e9fd52ba88be81b698b495f9b6b4946d0f98f24d971a27fc98","Scope":"local","Driver":"bridge","EnableIPv6":false,"IPAM":{"Driver":"default","Options":null,"Config":[{"Subnet":"172.17.0.0/16","Gateway":"172.17.0.1"}]},"Internal":false,"Containers":{},"Options":{"com.docker.network.bridge.default_bridge":"true","com.docker.network.bridge.enable_icc":"true","com.docker.network.bridge.enable_ip_masquerade":"true","com.docker.network.bridge.host_binding_ipv4":"0.0.0.0","com.docker.network.bridge.name":"docker0","com.docker.network.driver.mtu":"1500"},"Labels":{}},{"Name":"host","Id":"fe042b0866671b5be4f097ba43830c0a02959c058702d18e18c14a24d88a357d","Scope":"local","Driver":"host","EnableIPv6":false,"IPAM":{"Driver":"default","Options":null,"Config":[]},"Internal":false,"Containers":{},"Options":{},"Labels":{}}][\n]"
02:20:55.641 [Test worker] DEBUG org.apache.http.headers - http-outgoing-151 << HTTP/1.1 200 OK
02:20:55.641 [Test worker] DEBUG org.apache.http.headers - http-outgoing-151 << Content-Type: application/json
02:20:55.641 [Test worker] DEBUG org.apache.http.headers - http-outgoing-151 << Server: Docker/1.12.3 (linux)
02:20:55.641 [Test worker] DEBUG org.apache.http.headers - http-outgoing-151 << Date: Tue, 03 Jan 2017 01:20:55 GMT
02:20:55.641 [Test worker] DEBUG org.apache.http.headers - http-outgoing-151 << Content-Length: 1100
02:20:55.641 [Test worker] DEBUG o.a.h.impl.execchain.MainClientExec - Connection can be kept alive indefinitely
02:20:55.642 [Test worker] DEBUG c.g.d.j.JerseyDockerCmdExecFactory - 24 * Client response received on thread Test worker
24 < 200
24 < Content-Length: 1100
24 < Content-Type: application/json
24 < Date: Tue, 03 Jan 2017 01:20:55 GMT
24 < Server: Docker/1.12.3 (linux)
[{"Name":"none","Id":"4d89c194eb79cd2beb38458d10a1b98c74d6b8462af72afde29ae7aca53ed5ca","Scope":"local","Driver":"null","EnableIPv6":false,"IPAM":{"Driver":"default","Options":null,"Config":[]},"Internal":false,"Containers":{},"Options":{},"Labels":{}},{"Name":"bridge","Id":"e0d36057aa1769e9fd52ba88be81b698b495f9b6b4946d0f98f24d971a27fc98","Scope":"local","Driver":"bridge","EnableIPv6":false,"IPAM":{"Driver":"default","Options":null,"Config":[{"Subnet":"172.17.0.0/16","Gateway":"172.17.0.1"}]},"Internal":false,"Containers":{},"Options":{"com.docker.network.bridge.default_bridge":"true","com.docker.network.bridge.enable_icc":"true","com.docker.network.bridge.enable_ip_masquerade":"true","com.docker.network.bridge.host_binding_ipv4":"0.0.0.0","com.docker.network.bridge.name":"docker0","com.docker.network.driver.mtu":"1500"},"Labels":{}},{"Name":"host","Id":"fe042b0866671b5be4f097ba43830c0a02959c058702d18e18c14a24d88a357d","Scope":"local","Driver":"host","EnableIPv6":false,"IPAM":{"Driver":"default","Options":null,"Config":[]},"Internal":false,"Containers":{},"Options":{},"Labels":{}}]


02:20:55.643 [Test worker] DEBUG o.a.h.i.c.DefaultManagedHttpClientConnection - http-outgoing-151: Close connection
02:20:55.643 [Test worker] DEBUG o.a.h.impl.execchain.MainClientExec - Connection discarded
02:20:55.643 [Test worker] DEBUG c.g.d.j.JerseyDockerCmdExecFactory$1 - Connection released: [id: 151][route: {s}->https://Thesis:2376][total kept alive: 1; route allocated: 1 of 2; total allocated: 1 of 20]
02:20:55.643 [Test worker] DEBUG c.g.d.core.command.AbstrDockerCmd - Cmd: com.github.dockerjava.core.util.FiltersBuilder@0,com.github.dockerjava.jaxrs.ListVolumesCmdExec@8ba578f
02:20:55.644 [Test worker] DEBUG c.g.d.j.JerseyDockerCmdExecFactory - 25 * Sending client request on thread Test worker
25 > GET https://Thesis:2376/volumes
25 > Accept: application/json

02:20:55.644 [Test worker] DEBUG o.a.h.c.protocol.RequestAddCookies - CookieSpec selected: default
02:20:55.645 [Test worker] DEBUG o.a.h.c.protocol.RequestAuthCache - Auth cache not set in the context
02:20:55.645 [Test worker] DEBUG c.g.d.j.JerseyDockerCmdExecFactory$1 - Connection request: [route: {s}->https://Thesis:2376][total kept alive: 1; route allocated: 1 of 2; total allocated: 1 of 20]
02:20:55.645 [Test worker] DEBUG c.g.d.j.JerseyDockerCmdExecFactory$1 - Connection leased: [id: 152][route: {s}->https://Thesis:2376][total kept alive: 1; route allocated: 2 of 2; total allocated: 2 of 20]
02:20:55.645 [Test worker] DEBUG o.a.h.impl.execchain.MainClientExec - Opening connection {s}->https://Thesis:2376
02:20:55.645 [Test worker] DEBUG o.a.h.i.c.DefaultHttpClientConnectionOperator - Connecting to Thesis/127.0.1.1:2376
02:20:55.645 [Test worker] DEBUG o.a.h.c.s.SSLConnectionSocketFactory - Connecting socket to Thesis/127.0.1.1:2376 with timeout 0
02:20:55.646 [Test worker] DEBUG o.a.h.c.s.SSLConnectionSocketFactory - Enabled protocols: [TLSv1]
02:20:55.646 [Test worker] DEBUG o.a.h.c.s.SSLConnectionSocketFactory - Enabled cipher suites:[TLS_ECDHE_ECDSA_WITH_AES_128_CBC_SHA, TLS_ECDHE_RSA_WITH_AES_128_CBC_SHA, TLS_RSA_WITH_AES_128_CBC_SHA, TLS_ECDH_ECDSA_WITH_AES_128_CBC_SHA, TLS_ECDH_RSA_WITH_AES_128_CBC_SHA, TLS_DHE_RSA_WITH_AES_128_CBC_SHA, TLS_DHE_DSS_WITH_AES_128_CBC_SHA, TLS_ECDHE_ECDSA_WITH_3DES_EDE_CBC_SHA, TLS_ECDHE_RSA_WITH_3DES_EDE_CBC_SHA, SSL_RSA_WITH_3DES_EDE_CBC_SHA, TLS_ECDH_ECDSA_WITH_3DES_EDE_CBC_SHA, TLS_ECDH_RSA_WITH_3DES_EDE_CBC_SHA, SSL_DHE_RSA_WITH_3DES_EDE_CBC_SHA, SSL_DHE_DSS_WITH_3DES_EDE_CBC_SHA, TLS_ECDHE_ECDSA_WITH_RC4_128_SHA, TLS_ECDHE_RSA_WITH_RC4_128_SHA, SSL_RSA_WITH_RC4_128_SHA, TLS_ECDH_ECDSA_WITH_RC4_128_SHA, TLS_ECDH_RSA_WITH_RC4_128_SHA, SSL_RSA_WITH_RC4_128_MD5, TLS_EMPTY_RENEGOTIATION_INFO_SCSV]
02:20:55.646 [Test worker] DEBUG o.a.h.c.s.SSLConnectionSocketFactory - Starting handshake
02:20:55.705 [Test worker] DEBUG o.a.h.c.s.SSLConnectionSocketFactory - Secure session established
02:20:55.705 [Test worker] DEBUG o.a.h.c.s.SSLConnectionSocketFactory -  negotiated protocol: TLSv1
02:20:55.705 [Test worker] DEBUG o.a.h.c.s.SSLConnectionSocketFactory -  negotiated cipher suite: TLS_ECDHE_RSA_WITH_AES_128_CBC_SHA
02:20:55.705 [Test worker] DEBUG o.a.h.c.s.SSLConnectionSocketFactory -  peer principal: CN=Thesis
02:20:55.706 [Test worker] DEBUG o.a.h.c.s.SSLConnectionSocketFactory -  issuer principal: EMAILADDRESS=sha@yamil.com, CN=Thesis, OU=Open, O=Fra, L=BER, ST=BER, C=DE
02:20:55.706 [Test worker] DEBUG o.a.h.i.c.DefaultHttpClientConnectionOperator - Connection established 127.0.0.1:41180<->127.0.1.1:2376
02:20:55.706 [Test worker] DEBUG o.a.h.impl.execchain.MainClientExec - Executing request GET /volumes HTTP/1.1
02:20:55.706 [Test worker] DEBUG o.a.h.impl.execchain.MainClientExec - Target auth state: UNCHALLENGED
02:20:55.706 [Test worker] DEBUG o.a.h.impl.execchain.MainClientExec - Proxy auth state: UNCHALLENGED
02:20:55.706 [Test worker] DEBUG org.apache.http.headers - http-outgoing-152 >> GET /volumes HTTP/1.1
02:20:55.707 [Test worker] DEBUG org.apache.http.headers - http-outgoing-152 >> Accept: application/json
02:20:55.708 [Test worker] DEBUG org.apache.http.headers - http-outgoing-152 >> User-Agent: Jersey/2.23.1 (Apache HttpClient 4.5.1)
02:20:55.708 [Test worker] DEBUG org.apache.http.headers - http-outgoing-152 >> Host: Thesis:2376
02:20:55.708 [Test worker] DEBUG org.apache.http.headers - http-outgoing-152 >> Connection: Keep-Alive
02:20:55.708 [Test worker] DEBUG org.apache.http.headers - http-outgoing-152 >> Accept-Encoding: gzip,deflate
02:20:55.708 [Test worker] DEBUG org.apache.http.wire - http-outgoing-152 >> "GET /volumes HTTP/1.1[\r][\n]"
02:20:55.709 [Test worker] DEBUG org.apache.http.wire - http-outgoing-152 >> "Accept: application/json[\r][\n]"
02:20:55.709 [Test worker] DEBUG org.apache.http.wire - http-outgoing-152 >> "User-Agent: Jersey/2.23.1 (Apache HttpClient 4.5.1)[\r][\n]"
02:20:55.709 [Test worker] DEBUG org.apache.http.wire - http-outgoing-152 >> "Host: Thesis:2376[\r][\n]"
02:20:55.709 [Test worker] DEBUG org.apache.http.wire - http-outgoing-152 >> "Connection: Keep-Alive[\r][\n]"
02:20:55.709 [Test worker] DEBUG org.apache.http.wire - http-outgoing-152 >> "Accept-Encoding: gzip,deflate[\r][\n]"
02:20:55.709 [Test worker] DEBUG org.apache.http.wire - http-outgoing-152 >> "[\r][\n]"
02:20:55.709 [Test worker] DEBUG org.apache.http.wire - http-outgoing-152 << "H"
02:20:55.710 [Test worker] DEBUG org.apache.http.wire - http-outgoing-152 << "TTP/1.1 200 OK[\r][\n]"
02:20:55.710 [Test worker] DEBUG org.apache.http.wire - http-outgoing-152 << "Content-Type: application/json[\r][\n]"
02:20:55.710 [Test worker] DEBUG org.apache.http.wire - http-outgoing-152 << "Server: Docker/1.12.3 (linux)[\r][\n]"
02:20:55.710 [Test worker] DEBUG org.apache.http.wire - http-outgoing-152 << "Date: Tue, 03 Jan 2017 01:20:55 GMT[\r][\n]"
02:20:55.710 [Test worker] DEBUG org.apache.http.wire - http-outgoing-152 << "Content-Length: 33[\r][\n]"
02:20:55.710 [Test worker] DEBUG org.apache.http.wire - http-outgoing-152 << "[\r][\n]"
02:20:55.710 [Test worker] DEBUG org.apache.http.wire - http-outgoing-152 << "{"Volumes":null,"Warnings":null}[\n]"
02:20:55.711 [Test worker] DEBUG org.apache.http.headers - http-outgoing-152 << HTTP/1.1 200 OK
02:20:55.711 [Test worker] DEBUG org.apache.http.headers - http-outgoing-152 << Content-Type: application/json
02:20:55.711 [Test worker] DEBUG org.apache.http.headers - http-outgoing-152 << Server: Docker/1.12.3 (linux)
02:20:55.711 [Test worker] DEBUG org.apache.http.headers - http-outgoing-152 << Date: Tue, 03 Jan 2017 01:20:55 GMT
02:20:55.711 [Test worker] DEBUG org.apache.http.headers - http-outgoing-152 << Content-Length: 33
02:20:55.711 [Test worker] DEBUG o.a.h.impl.execchain.MainClientExec - Connection can be kept alive indefinitely
02:20:55.712 [Test worker] DEBUG c.g.d.j.JerseyDockerCmdExecFactory - 26 * Client response received on thread Test worker
26 < 200
26 < Content-Length: 33
26 < Content-Type: application/json
26 < Date: Tue, 03 Jan 2017 01:20:55 GMT
26 < Server: Docker/1.12.3 (linux)
{"Volumes":null,"Warnings":null}


02:20:55.713 [Test worker] DEBUG o.a.h.i.c.DefaultManagedHttpClientConnection - http-outgoing-152: Close connection
02:20:55.713 [Test worker] DEBUG o.a.h.impl.execchain.MainClientExec - Connection discarded
02:20:55.713 [Test worker] DEBUG c.g.d.j.JerseyDockerCmdExecFactory$1 - Connection released: [id: 152][route: {s}->https://Thesis:2376][total kept alive: 1; route allocated: 1 of 2; total allocated: 1 of 20]
02:20:55.714 [Test worker] DEBUG org.openbaton.docker.DockerVim - Loading properties
02:20:55.715 [Test worker] DEBUG org.openbaton.docker.DockerVim - Loaded properties: {vim.instance.auth.url=tcp://Thesis:2376, docker.cert.path=/home/sakib/.docker, type=docker, tls.verify=true}
02:20:55.720 [Test worker] DEBUG c.g.d.core.command.AbstrDockerCmd - Cmd: -1,<null>,true,<null>,<null>,com.github.dockerjava.core.util.FiltersBuilder@0,com.github.dockerjava.jaxrs.ListContainersCmdExec@18ceb7c5
02:20:55.745 [Test worker] DEBUG c.g.d.j.JerseyDockerCmdExecFactory - 1 * Sending client request on thread Test worker
1 > GET https://Thesis:2376/containers/json?all=true
1 > Accept: application/json

02:20:55.746 [Test worker] DEBUG o.a.h.c.protocol.RequestAddCookies - CookieSpec selected: default
02:20:55.746 [Test worker] DEBUG o.a.h.c.protocol.RequestAuthCache - Auth cache not set in the context
02:20:55.746 [Test worker] DEBUG c.g.d.j.JerseyDockerCmdExecFactory$1 - Connection request: [route: {s}->https://Thesis:2376][total kept alive: 0; route allocated: 0 of 2; total allocated: 0 of 20]
02:20:55.746 [Test worker] DEBUG c.g.d.j.JerseyDockerCmdExecFactory$1 - Connection leased: [id: 153][route: {s}->https://Thesis:2376][total kept alive: 0; route allocated: 1 of 2; total allocated: 1 of 20]
02:20:55.746 [Test worker] DEBUG o.a.h.impl.execchain.MainClientExec - Opening connection {s}->https://Thesis:2376
02:20:55.747 [Test worker] DEBUG o.a.h.i.c.DefaultHttpClientConnectionOperator - Connecting to Thesis/127.0.1.1:2376
02:20:55.747 [Test worker] DEBUG o.a.h.c.s.SSLConnectionSocketFactory - Connecting socket to Thesis/127.0.1.1:2376 with timeout 0
02:20:55.748 [Test worker] DEBUG o.a.h.c.s.SSLConnectionSocketFactory - Enabled protocols: [TLSv1]
02:20:55.748 [Test worker] DEBUG o.a.h.c.s.SSLConnectionSocketFactory - Enabled cipher suites:[TLS_ECDHE_ECDSA_WITH_AES_128_CBC_SHA, TLS_ECDHE_RSA_WITH_AES_128_CBC_SHA, TLS_RSA_WITH_AES_128_CBC_SHA, TLS_ECDH_ECDSA_WITH_AES_128_CBC_SHA, TLS_ECDH_RSA_WITH_AES_128_CBC_SHA, TLS_DHE_RSA_WITH_AES_128_CBC_SHA, TLS_DHE_DSS_WITH_AES_128_CBC_SHA, TLS_ECDHE_ECDSA_WITH_3DES_EDE_CBC_SHA, TLS_ECDHE_RSA_WITH_3DES_EDE_CBC_SHA, SSL_RSA_WITH_3DES_EDE_CBC_SHA, TLS_ECDH_ECDSA_WITH_3DES_EDE_CBC_SHA, TLS_ECDH_RSA_WITH_3DES_EDE_CBC_SHA, SSL_DHE_RSA_WITH_3DES_EDE_CBC_SHA, SSL_DHE_DSS_WITH_3DES_EDE_CBC_SHA, TLS_ECDHE_ECDSA_WITH_RC4_128_SHA, TLS_ECDHE_RSA_WITH_RC4_128_SHA, SSL_RSA_WITH_RC4_128_SHA, TLS_ECDH_ECDSA_WITH_RC4_128_SHA, TLS_ECDH_RSA_WITH_RC4_128_SHA, SSL_RSA_WITH_RC4_128_MD5, TLS_EMPTY_RENEGOTIATION_INFO_SCSV]
02:20:55.748 [Test worker] DEBUG o.a.h.c.s.SSLConnectionSocketFactory - Starting handshake
02:20:55.824 [Test worker] DEBUG o.a.h.c.s.SSLConnectionSocketFactory - Secure session established
02:20:55.824 [Test worker] DEBUG o.a.h.c.s.SSLConnectionSocketFactory -  negotiated protocol: TLSv1
02:20:55.824 [Test worker] DEBUG o.a.h.c.s.SSLConnectionSocketFactory -  negotiated cipher suite: TLS_ECDHE_RSA_WITH_AES_128_CBC_SHA
02:20:55.824 [Test worker] DEBUG o.a.h.c.s.SSLConnectionSocketFactory -  peer principal: CN=Thesis
02:20:55.824 [Test worker] DEBUG o.a.h.c.s.SSLConnectionSocketFactory -  issuer principal: EMAILADDRESS=sha@yamil.com, CN=Thesis, OU=Open, O=Fra, L=BER, ST=BER, C=DE
02:20:55.824 [Test worker] DEBUG o.a.h.i.c.DefaultHttpClientConnectionOperator - Connection established 127.0.0.1:41182<->127.0.1.1:2376
02:20:55.824 [Test worker] DEBUG o.a.h.impl.execchain.MainClientExec - Executing request GET /containers/json?all=true HTTP/1.1
02:20:55.825 [Test worker] DEBUG o.a.h.impl.execchain.MainClientExec - Target auth state: UNCHALLENGED
02:20:55.825 [Test worker] DEBUG o.a.h.impl.execchain.MainClientExec - Proxy auth state: UNCHALLENGED
02:20:55.825 [Test worker] DEBUG org.apache.http.headers - http-outgoing-153 >> GET /containers/json?all=true HTTP/1.1
02:20:55.825 [Test worker] DEBUG org.apache.http.headers - http-outgoing-153 >> Accept: application/json
02:20:55.825 [Test worker] DEBUG org.apache.http.headers - http-outgoing-153 >> User-Agent: Jersey/2.23.1 (Apache HttpClient 4.5.1)
02:20:55.825 [Test worker] DEBUG org.apache.http.headers - http-outgoing-153 >> Host: Thesis:2376
02:20:55.825 [Test worker] DEBUG org.apache.http.headers - http-outgoing-153 >> Connection: Keep-Alive
02:20:55.825 [Test worker] DEBUG org.apache.http.headers - http-outgoing-153 >> Accept-Encoding: gzip,deflate
02:20:55.825 [Test worker] DEBUG org.apache.http.wire - http-outgoing-153 >> "GET /containers/json?all=true HTTP/1.1[\r][\n]"
02:20:55.826 [Test worker] DEBUG org.apache.http.wire - http-outgoing-153 >> "Accept: application/json[\r][\n]"
02:20:55.826 [Test worker] DEBUG org.apache.http.wire - http-outgoing-153 >> "User-Agent: Jersey/2.23.1 (Apache HttpClient 4.5.1)[\r][\n]"
02:20:55.826 [Test worker] DEBUG org.apache.http.wire - http-outgoing-153 >> "Host: Thesis:2376[\r][\n]"
02:20:55.826 [Test worker] DEBUG org.apache.http.wire - http-outgoing-153 >> "Connection: Keep-Alive[\r][\n]"
02:20:55.826 [Test worker] DEBUG org.apache.http.wire - http-outgoing-153 >> "Accept-Encoding: gzip,deflate[\r][\n]"
02:20:55.826 [Test worker] DEBUG org.apache.http.wire - http-outgoing-153 >> "[\r][\n]"
02:20:55.826 [Test worker] DEBUG org.apache.http.wire - http-outgoing-153 << "H"
02:20:55.826 [Test worker] DEBUG org.apache.http.wire - http-outgoing-153 << "TTP/1.1 200 OK[\r][\n]"
02:20:55.827 [Test worker] DEBUG org.apache.http.wire - http-outgoing-153 << "Content-Type: application/json[\r][\n]"
02:20:55.827 [Test worker] DEBUG org.apache.http.wire - http-outgoing-153 << "Server: Docker/1.12.3 (linux)[\r][\n]"
02:20:55.827 [Test worker] DEBUG org.apache.http.wire - http-outgoing-153 << "Date: Tue, 03 Jan 2017 01:20:55 GMT[\r][\n]"
02:20:55.827 [Test worker] DEBUG org.apache.http.wire - http-outgoing-153 << "Content-Length: 3[\r][\n]"
02:20:55.827 [Test worker] DEBUG org.apache.http.wire - http-outgoing-153 << "[\r][\n]"
02:20:55.827 [Test worker] DEBUG org.apache.http.wire - http-outgoing-153 << "[][\n]"
02:20:55.827 [Test worker] DEBUG org.apache.http.headers - http-outgoing-153 << HTTP/1.1 200 OK
02:20:55.827 [Test worker] DEBUG org.apache.http.headers - http-outgoing-153 << Content-Type: application/json
02:20:55.828 [Test worker] DEBUG org.apache.http.headers - http-outgoing-153 << Server: Docker/1.12.3 (linux)
02:20:55.828 [Test worker] DEBUG org.apache.http.headers - http-outgoing-153 << Date: Tue, 03 Jan 2017 01:20:55 GMT
02:20:55.828 [Test worker] DEBUG org.apache.http.headers - http-outgoing-153 << Content-Length: 3
02:20:55.828 [Test worker] DEBUG o.a.h.impl.execchain.MainClientExec - Connection can be kept alive indefinitely
02:20:55.828 [Test worker] DEBUG c.g.d.j.JerseyDockerCmdExecFactory - 2 * Client response received on thread Test worker
2 < 200
2 < Content-Length: 3
2 < Content-Type: application/json
2 < Date: Tue, 03 Jan 2017 01:20:55 GMT
2 < Server: Docker/1.12.3 (linux)
[]


02:20:55.829 [Test worker] DEBUG c.g.d.j.JerseyDockerCmdExecFactory$1 - Connection [id: 153][route: {s}->https://Thesis:2376][state: CN=Thesis] can be kept alive indefinitely
02:20:55.830 [Test worker] DEBUG c.g.d.j.JerseyDockerCmdExecFactory$1 - Connection released: [id: 153][route: {s}->https://Thesis:2376][state: CN=Thesis][total kept alive: 1; route allocated: 1 of 2; total allocated: 1 of 20]
02:20:55.836 [Test worker] DEBUG c.g.d.core.command.AbstrDockerCmd - Cmd: com.github.dockerjava.core.util.FiltersBuilder@0,com.github.dockerjava.jaxrs.ListNetworksCmdExec@68481f8e
02:20:55.836 [Test worker] DEBUG c.g.d.j.JerseyDockerCmdExecFactory - 3 * Sending client request on thread Test worker
3 > GET https://Thesis:2376/networks
3 > Accept: application/json

02:20:55.837 [Test worker] DEBUG o.a.h.c.protocol.RequestAddCookies - CookieSpec selected: default
02:20:55.837 [Test worker] DEBUG o.a.h.c.protocol.RequestAuthCache - Auth cache not set in the context
02:20:55.837 [Test worker] DEBUG c.g.d.j.JerseyDockerCmdExecFactory$1 - Connection request: [route: {s}->https://Thesis:2376][total kept alive: 1; route allocated: 1 of 2; total allocated: 1 of 20]
02:20:55.838 [Test worker] DEBUG c.g.d.j.JerseyDockerCmdExecFactory$1 - Connection leased: [id: 154][route: {s}->https://Thesis:2376][total kept alive: 1; route allocated: 2 of 2; total allocated: 2 of 20]
02:20:55.838 [Test worker] DEBUG o.a.h.impl.execchain.MainClientExec - Opening connection {s}->https://Thesis:2376
02:20:55.838 [Test worker] DEBUG o.a.h.i.c.DefaultHttpClientConnectionOperator - Connecting to Thesis/127.0.1.1:2376
02:20:55.838 [Test worker] DEBUG o.a.h.c.s.SSLConnectionSocketFactory - Connecting socket to Thesis/127.0.1.1:2376 with timeout 0
02:20:55.839 [Test worker] DEBUG o.a.h.c.s.SSLConnectionSocketFactory - Enabled protocols: [TLSv1]
02:20:55.839 [Test worker] DEBUG o.a.h.c.s.SSLConnectionSocketFactory - Enabled cipher suites:[TLS_ECDHE_ECDSA_WITH_AES_128_CBC_SHA, TLS_ECDHE_RSA_WITH_AES_128_CBC_SHA, TLS_RSA_WITH_AES_128_CBC_SHA, TLS_ECDH_ECDSA_WITH_AES_128_CBC_SHA, TLS_ECDH_RSA_WITH_AES_128_CBC_SHA, TLS_DHE_RSA_WITH_AES_128_CBC_SHA, TLS_DHE_DSS_WITH_AES_128_CBC_SHA, TLS_ECDHE_ECDSA_WITH_3DES_EDE_CBC_SHA, TLS_ECDHE_RSA_WITH_3DES_EDE_CBC_SHA, SSL_RSA_WITH_3DES_EDE_CBC_SHA, TLS_ECDH_ECDSA_WITH_3DES_EDE_CBC_SHA, TLS_ECDH_RSA_WITH_3DES_EDE_CBC_SHA, SSL_DHE_RSA_WITH_3DES_EDE_CBC_SHA, SSL_DHE_DSS_WITH_3DES_EDE_CBC_SHA, TLS_ECDHE_ECDSA_WITH_RC4_128_SHA, TLS_ECDHE_RSA_WITH_RC4_128_SHA, SSL_RSA_WITH_RC4_128_SHA, TLS_ECDH_ECDSA_WITH_RC4_128_SHA, TLS_ECDH_RSA_WITH_RC4_128_SHA, SSL_RSA_WITH_RC4_128_MD5, TLS_EMPTY_RENEGOTIATION_INFO_SCSV]
02:20:55.839 [Test worker] DEBUG o.a.h.c.s.SSLConnectionSocketFactory - Starting handshake
02:20:55.897 [Test worker] DEBUG o.a.h.c.s.SSLConnectionSocketFactory - Secure session established
02:20:55.897 [Test worker] DEBUG o.a.h.c.s.SSLConnectionSocketFactory -  negotiated protocol: TLSv1
02:20:55.897 [Test worker] DEBUG o.a.h.c.s.SSLConnectionSocketFactory -  negotiated cipher suite: TLS_ECDHE_RSA_WITH_AES_128_CBC_SHA
02:20:55.897 [Test worker] DEBUG o.a.h.c.s.SSLConnectionSocketFactory -  peer principal: CN=Thesis
02:20:55.898 [Test worker] DEBUG o.a.h.c.s.SSLConnectionSocketFactory -  issuer principal: EMAILADDRESS=sha@yamil.com, CN=Thesis, OU=Open, O=Fra, L=BER, ST=BER, C=DE
02:20:55.898 [Test worker] DEBUG o.a.h.i.c.DefaultHttpClientConnectionOperator - Connection established 127.0.0.1:41184<->127.0.1.1:2376
02:20:55.898 [Test worker] DEBUG o.a.h.impl.execchain.MainClientExec - Executing request GET /networks HTTP/1.1
02:20:55.898 [Test worker] DEBUG o.a.h.impl.execchain.MainClientExec - Target auth state: UNCHALLENGED
02:20:55.898 [Test worker] DEBUG o.a.h.impl.execchain.MainClientExec - Proxy auth state: UNCHALLENGED
02:20:55.898 [Test worker] DEBUG org.apache.http.headers - http-outgoing-154 >> GET /networks HTTP/1.1
02:20:55.898 [Test worker] DEBUG org.apache.http.headers - http-outgoing-154 >> Accept: application/json
02:20:55.898 [Test worker] DEBUG org.apache.http.headers - http-outgoing-154 >> User-Agent: Jersey/2.23.1 (Apache HttpClient 4.5.1)
02:20:55.899 [Test worker] DEBUG org.apache.http.headers - http-outgoing-154 >> Host: Thesis:2376
02:20:55.899 [Test worker] DEBUG org.apache.http.headers - http-outgoing-154 >> Connection: Keep-Alive
02:20:55.899 [Test worker] DEBUG org.apache.http.headers - http-outgoing-154 >> Accept-Encoding: gzip,deflate
02:20:55.899 [Test worker] DEBUG org.apache.http.wire - http-outgoing-154 >> "GET /networks HTTP/1.1[\r][\n]"
02:20:55.899 [Test worker] DEBUG org.apache.http.wire - http-outgoing-154 >> "Accept: application/json[\r][\n]"
02:20:55.899 [Test worker] DEBUG org.apache.http.wire - http-outgoing-154 >> "User-Agent: Jersey/2.23.1 (Apache HttpClient 4.5.1)[\r][\n]"
02:20:55.899 [Test worker] DEBUG org.apache.http.wire - http-outgoing-154 >> "Host: Thesis:2376[\r][\n]"
02:20:55.899 [Test worker] DEBUG org.apache.http.wire - http-outgoing-154 >> "Connection: Keep-Alive[\r][\n]"
02:20:55.899 [Test worker] DEBUG org.apache.http.wire - http-outgoing-154 >> "Accept-Encoding: gzip,deflate[\r][\n]"
02:20:55.899 [Test worker] DEBUG org.apache.http.wire - http-outgoing-154 >> "[\r][\n]"
02:20:55.900 [Test worker] DEBUG org.apache.http.wire - http-outgoing-154 << "H"
02:20:55.900 [Test worker] DEBUG org.apache.http.wire - http-outgoing-154 << "TTP/1.1 200 OK[\r][\n]"
02:20:55.900 [Test worker] DEBUG org.apache.http.wire - http-outgoing-154 << "Content-Type: application/json[\r][\n]"
02:20:55.900 [Test worker] DEBUG org.apache.http.wire - http-outgoing-154 << "Server: Docker/1.12.3 (linux)[\r][\n]"
02:20:55.900 [Test worker] DEBUG org.apache.http.wire - http-outgoing-154 << "Date: Tue, 03 Jan 2017 01:20:55 GMT[\r][\n]"
02:20:55.900 [Test worker] DEBUG org.apache.http.wire - http-outgoing-154 << "Content-Length: 1100[\r][\n]"
02:20:55.901 [Test worker] DEBUG org.apache.http.wire - http-outgoing-154 << "[\r][\n]"
02:20:55.901 [Test worker] DEBUG org.apache.http.wire - http-outgoing-154 << "[{"Name":"host","Id":"fe042b0866671b5be4f097ba43830c0a02959c058702d18e18c14a24d88a357d","Scope":"local","Driver":"host","EnableIPv6":false,"IPAM":{"Driver":"default","Options":null,"Config":[]},"Internal":false,"Containers":{},"Options":{},"Labels":{}},{"Name":"none","Id":"4d89c194eb79cd2beb38458d10a1b98c74d6b8462af72afde29ae7aca53ed5ca","Scope":"local","Driver":"null","EnableIPv6":false,"IPAM":{"Driver":"default","Options":null,"Config":[]},"Internal":false,"Containers":{},"Options":{},"Labels":{}},{"Name":"bridge","Id":"e0d36057aa1769e9fd52ba88be81b698b495f9b6b4946d0f98f24d971a27fc98","Scope":"local","Driver":"bridge","EnableIPv6":false,"IPAM":{"Driver":"default","Options":null,"Config":[{"Subnet":"172.17.0.0/16","Gateway":"172.17.0.1"}]},"Internal":false,"Containers":{},"Options":{"com.docker.network.bridge.default_bridge":"true","com.docker.network.bridge.enable_icc":"true","com.docker.network.bridge.enable_ip_masquerade":"true","com.docker.network.bridge.host_binding_ipv4":"0.0.0.0","com.docker.network.bridge.name":"docker0","com.docker.network.driver.mtu":"1500"},"Labels":{}}][\n]"
02:20:55.901 [Test worker] DEBUG org.apache.http.headers - http-outgoing-154 << HTTP/1.1 200 OK
02:20:55.901 [Test worker] DEBUG org.apache.http.headers - http-outgoing-154 << Content-Type: application/json
02:20:55.901 [Test worker] DEBUG org.apache.http.headers - http-outgoing-154 << Server: Docker/1.12.3 (linux)
02:20:55.901 [Test worker] DEBUG org.apache.http.headers - http-outgoing-154 << Date: Tue, 03 Jan 2017 01:20:55 GMT
02:20:55.901 [Test worker] DEBUG org.apache.http.headers - http-outgoing-154 << Content-Length: 1100
02:20:55.901 [Test worker] DEBUG o.a.h.impl.execchain.MainClientExec - Connection can be kept alive indefinitely
02:20:55.902 [Test worker] DEBUG c.g.d.j.JerseyDockerCmdExecFactory - 4 * Client response received on thread Test worker
4 < 200
4 < Content-Length: 1100
4 < Content-Type: application/json
4 < Date: Tue, 03 Jan 2017 01:20:55 GMT
4 < Server: Docker/1.12.3 (linux)
[{"Name":"host","Id":"fe042b0866671b5be4f097ba43830c0a02959c058702d18e18c14a24d88a357d","Scope":"local","Driver":"host","EnableIPv6":false,"IPAM":{"Driver":"default","Options":null,"Config":[]},"Internal":false,"Containers":{},"Options":{},"Labels":{}},{"Name":"none","Id":"4d89c194eb79cd2beb38458d10a1b98c74d6b8462af72afde29ae7aca53ed5ca","Scope":"local","Driver":"null","EnableIPv6":false,"IPAM":{"Driver":"default","Options":null,"Config":[]},"Internal":false,"Containers":{},"Options":{},"Labels":{}},{"Name":"bridge","Id":"e0d36057aa1769e9fd52ba88be81b698b495f9b6b4946d0f98f24d971a27fc98","Scope":"local","Driver":"bridge","EnableIPv6":false,"IPAM":{"Driver":"default","Options":null,"Config":[{"Subnet":"172.17.0.0/16","Gateway":"172.17.0.1"}]},"Internal":false,"Containers":{},"Options":{"com.docker.network.bridge.default_bridge":"true","com.docker.network.bridge.enable_icc":"true","com.docker.network.bridge.enable_ip_masquerade":"true","com.docker.network.bridge.host_binding_ipv4":"0.0.0.0","com.docker.network.bridge.name":"docker0","com.docker.network.driver.mtu":"1500"},"Labels":{}}]


02:20:55.905 [Test worker] DEBUG o.a.h.i.c.DefaultManagedHttpClientConnection - http-outgoing-154: Close connection
02:20:55.906 [Test worker] DEBUG o.a.h.impl.execchain.MainClientExec - Connection discarded
02:20:55.906 [Test worker] DEBUG c.g.d.j.JerseyDockerCmdExecFactory$1 - Connection released: [id: 154][route: {s}->https://Thesis:2376][total kept alive: 1; route allocated: 1 of 2; total allocated: 1 of 20]
02:20:55.906 [Test worker] DEBUG c.g.d.core.command.AbstrDockerCmd - Cmd: com.github.dockerjava.core.util.FiltersBuilder@0,com.github.dockerjava.jaxrs.ListVolumesCmdExec@77a3e2f7
02:20:55.906 [Test worker] DEBUG c.g.d.j.JerseyDockerCmdExecFactory - 5 * Sending client request on thread Test worker
5 > GET https://Thesis:2376/volumes
5 > Accept: application/json

02:20:55.907 [Test worker] DEBUG o.a.h.c.protocol.RequestAddCookies - CookieSpec selected: default
02:20:55.907 [Test worker] DEBUG o.a.h.c.protocol.RequestAuthCache - Auth cache not set in the context
02:20:55.907 [Test worker] DEBUG c.g.d.j.JerseyDockerCmdExecFactory$1 - Connection request: [route: {s}->https://Thesis:2376][total kept alive: 1; route allocated: 1 of 2; total allocated: 1 of 20]
02:20:55.908 [Test worker] DEBUG c.g.d.j.JerseyDockerCmdExecFactory$1 - Connection leased: [id: 155][route: {s}->https://Thesis:2376][total kept alive: 1; route allocated: 2 of 2; total allocated: 2 of 20]
02:20:55.908 [Test worker] DEBUG o.a.h.impl.execchain.MainClientExec - Opening connection {s}->https://Thesis:2376
02:20:55.908 [Test worker] DEBUG o.a.h.i.c.DefaultHttpClientConnectionOperator - Connecting to Thesis/127.0.1.1:2376
02:20:55.908 [Test worker] DEBUG o.a.h.c.s.SSLConnectionSocketFactory - Connecting socket to Thesis/127.0.1.1:2376 with timeout 0
02:20:55.909 [Test worker] DEBUG o.a.h.c.s.SSLConnectionSocketFactory - Enabled protocols: [TLSv1]
02:20:55.909 [Test worker] DEBUG o.a.h.c.s.SSLConnectionSocketFactory - Enabled cipher suites:[TLS_ECDHE_ECDSA_WITH_AES_128_CBC_SHA, TLS_ECDHE_RSA_WITH_AES_128_CBC_SHA, TLS_RSA_WITH_AES_128_CBC_SHA, TLS_ECDH_ECDSA_WITH_AES_128_CBC_SHA, TLS_ECDH_RSA_WITH_AES_128_CBC_SHA, TLS_DHE_RSA_WITH_AES_128_CBC_SHA, TLS_DHE_DSS_WITH_AES_128_CBC_SHA, TLS_ECDHE_ECDSA_WITH_3DES_EDE_CBC_SHA, TLS_ECDHE_RSA_WITH_3DES_EDE_CBC_SHA, SSL_RSA_WITH_3DES_EDE_CBC_SHA, TLS_ECDH_ECDSA_WITH_3DES_EDE_CBC_SHA, TLS_ECDH_RSA_WITH_3DES_EDE_CBC_SHA, SSL_DHE_RSA_WITH_3DES_EDE_CBC_SHA, SSL_DHE_DSS_WITH_3DES_EDE_CBC_SHA, TLS_ECDHE_ECDSA_WITH_RC4_128_SHA, TLS_ECDHE_RSA_WITH_RC4_128_SHA, SSL_RSA_WITH_RC4_128_SHA, TLS_ECDH_ECDSA_WITH_RC4_128_SHA, TLS_ECDH_RSA_WITH_RC4_128_SHA, SSL_RSA_WITH_RC4_128_MD5, TLS_EMPTY_RENEGOTIATION_INFO_SCSV]
02:20:55.909 [Test worker] DEBUG o.a.h.c.s.SSLConnectionSocketFactory - Starting handshake
02:20:55.967 [Test worker] DEBUG o.a.h.c.s.SSLConnectionSocketFactory - Secure session established
02:20:55.967 [Test worker] DEBUG o.a.h.c.s.SSLConnectionSocketFactory -  negotiated protocol: TLSv1
02:20:55.967 [Test worker] DEBUG o.a.h.c.s.SSLConnectionSocketFactory -  negotiated cipher suite: TLS_ECDHE_RSA_WITH_AES_128_CBC_SHA
02:20:55.967 [Test worker] DEBUG o.a.h.c.s.SSLConnectionSocketFactory -  peer principal: CN=Thesis
02:20:55.967 [Test worker] DEBUG o.a.h.c.s.SSLConnectionSocketFactory -  issuer principal: EMAILADDRESS=sha@yamil.com, CN=Thesis, OU=Open, O=Fra, L=BER, ST=BER, C=DE
02:20:55.967 [Test worker] DEBUG o.a.h.i.c.DefaultHttpClientConnectionOperator - Connection established 127.0.0.1:41186<->127.0.1.1:2376
02:20:55.967 [Test worker] DEBUG o.a.h.impl.execchain.MainClientExec - Executing request GET /volumes HTTP/1.1
02:20:55.968 [Test worker] DEBUG o.a.h.impl.execchain.MainClientExec - Target auth state: UNCHALLENGED
02:20:55.968 [Test worker] DEBUG o.a.h.impl.execchain.MainClientExec - Proxy auth state: UNCHALLENGED
02:20:55.968 [Test worker] DEBUG org.apache.http.headers - http-outgoing-155 >> GET /volumes HTTP/1.1
02:20:55.968 [Test worker] DEBUG org.apache.http.headers - http-outgoing-155 >> Accept: application/json
02:20:55.975 [Test worker] DEBUG org.apache.http.headers - http-outgoing-155 >> User-Agent: Jersey/2.23.1 (Apache HttpClient 4.5.1)
02:20:55.975 [Test worker] DEBUG org.apache.http.headers - http-outgoing-155 >> Host: Thesis:2376
02:20:55.975 [Test worker] DEBUG org.apache.http.headers - http-outgoing-155 >> Connection: Keep-Alive
02:20:55.975 [Test worker] DEBUG org.apache.http.headers - http-outgoing-155 >> Accept-Encoding: gzip,deflate
02:20:55.975 [Test worker] DEBUG org.apache.http.wire - http-outgoing-155 >> "GET /volumes HTTP/1.1[\r][\n]"
02:20:55.975 [Test worker] DEBUG org.apache.http.wire - http-outgoing-155 >> "Accept: application/json[\r][\n]"
02:20:55.975 [Test worker] DEBUG org.apache.http.wire - http-outgoing-155 >> "User-Agent: Jersey/2.23.1 (Apache HttpClient 4.5.1)[\r][\n]"
02:20:55.975 [Test worker] DEBUG org.apache.http.wire - http-outgoing-155 >> "Host: Thesis:2376[\r][\n]"
02:20:55.975 [Test worker] DEBUG org.apache.http.wire - http-outgoing-155 >> "Connection: Keep-Alive[\r][\n]"
02:20:55.975 [Test worker] DEBUG org.apache.http.wire - http-outgoing-155 >> "Accept-Encoding: gzip,deflate[\r][\n]"
02:20:55.976 [Test worker] DEBUG org.apache.http.wire - http-outgoing-155 >> "[\r][\n]"
02:20:55.976 [Test worker] DEBUG org.apache.http.wire - http-outgoing-155 << "H"
02:20:55.976 [Test worker] DEBUG org.apache.http.wire - http-outgoing-155 << "TTP/1.1 200 OK[\r][\n]"
02:20:55.977 [Test worker] DEBUG org.apache.http.wire - http-outgoing-155 << "Content-Type: application/json[\r][\n]"
02:20:55.977 [Test worker] DEBUG org.apache.http.wire - http-outgoing-155 << "Server: Docker/1.12.3 (linux)[\r][\n]"
02:20:55.977 [Test worker] DEBUG org.apache.http.wire - http-outgoing-155 << "Date: Tue, 03 Jan 2017 01:20:55 GMT[\r][\n]"
02:20:55.977 [Test worker] DEBUG org.apache.http.wire - http-outgoing-155 << "Content-Length: 33[\r][\n]"
02:20:55.977 [Test worker] DEBUG org.apache.http.wire - http-outgoing-155 << "[\r][\n]"
02:20:55.977 [Test worker] DEBUG org.apache.http.wire - http-outgoing-155 << "{"Volumes":null,"Warnings":null}[\n]"
02:20:55.977 [Test worker] DEBUG org.apache.http.headers - http-outgoing-155 << HTTP/1.1 200 OK
02:20:55.977 [Test worker] DEBUG org.apache.http.headers - http-outgoing-155 << Content-Type: application/json
02:20:55.978 [Test worker] DEBUG org.apache.http.headers - http-outgoing-155 << Server: Docker/1.12.3 (linux)
02:20:55.978 [Test worker] DEBUG org.apache.http.headers - http-outgoing-155 << Date: Tue, 03 Jan 2017 01:20:55 GMT
02:20:55.978 [Test worker] DEBUG org.apache.http.headers - http-outgoing-155 << Content-Length: 33
02:20:55.978 [Test worker] DEBUG o.a.h.impl.execchain.MainClientExec - Connection can be kept alive indefinitely
02:20:55.978 [Test worker] DEBUG c.g.d.j.JerseyDockerCmdExecFactory - 6 * Client response received on thread Test worker
6 < 200
6 < Content-Length: 33
6 < Content-Type: application/json
6 < Date: Tue, 03 Jan 2017 01:20:55 GMT
6 < Server: Docker/1.12.3 (linux)
{"Volumes":null,"Warnings":null}


02:20:55.980 [Test worker] DEBUG o.a.h.i.c.DefaultManagedHttpClientConnection - http-outgoing-155: Close connection
02:20:55.980 [Test worker] DEBUG o.a.h.impl.execchain.MainClientExec - Connection discarded
02:20:55.980 [Test worker] DEBUG c.g.d.j.JerseyDockerCmdExecFactory$1 - Connection released: [id: 155][route: {s}->https://Thesis:2376][total kept alive: 1; route allocated: 1 of 2; total allocated: 1 of 20]
02:20:55.980 [Test worker] DEBUG c.g.d.core.command.AbstrDockerCmd - Cmd: MyNetwork,<null>,<null>,{},true,<null>,<null>,com.github.dockerjava.jaxrs.CreateNetworkCmdExec@7ceb59fc
02:20:55.981 [Test worker] DEBUG o.a.h.c.protocol.RequestAddCookies - CookieSpec selected: default
02:20:55.981 [Test worker] DEBUG o.a.h.c.protocol.RequestAuthCache - Auth cache not set in the context
02:20:55.981 [Test worker] DEBUG c.g.d.j.JerseyDockerCmdExecFactory$1 - Connection request: [route: {s}->https://Thesis:2376][total kept alive: 1; route allocated: 1 of 2; total allocated: 1 of 20]
02:20:55.983 [Test worker] DEBUG c.g.d.j.JerseyDockerCmdExecFactory$1 - Connection leased: [id: 156][route: {s}->https://Thesis:2376][total kept alive: 1; route allocated: 2 of 2; total allocated: 2 of 20]
02:20:55.983 [Test worker] DEBUG o.a.h.impl.execchain.MainClientExec - Opening connection {s}->https://Thesis:2376
02:20:55.983 [Test worker] DEBUG o.a.h.i.c.DefaultHttpClientConnectionOperator - Connecting to Thesis/127.0.1.1:2376
02:20:55.983 [Test worker] DEBUG o.a.h.c.s.SSLConnectionSocketFactory - Connecting socket to Thesis/127.0.1.1:2376 with timeout 0
02:20:55.984 [Test worker] DEBUG o.a.h.c.s.SSLConnectionSocketFactory - Enabled protocols: [TLSv1]
02:20:55.984 [Test worker] DEBUG o.a.h.c.s.SSLConnectionSocketFactory - Enabled cipher suites:[TLS_ECDHE_ECDSA_WITH_AES_128_CBC_SHA, TLS_ECDHE_RSA_WITH_AES_128_CBC_SHA, TLS_RSA_WITH_AES_128_CBC_SHA, TLS_ECDH_ECDSA_WITH_AES_128_CBC_SHA, TLS_ECDH_RSA_WITH_AES_128_CBC_SHA, TLS_DHE_RSA_WITH_AES_128_CBC_SHA, TLS_DHE_DSS_WITH_AES_128_CBC_SHA, TLS_ECDHE_ECDSA_WITH_3DES_EDE_CBC_SHA, TLS_ECDHE_RSA_WITH_3DES_EDE_CBC_SHA, SSL_RSA_WITH_3DES_EDE_CBC_SHA, TLS_ECDH_ECDSA_WITH_3DES_EDE_CBC_SHA, TLS_ECDH_RSA_WITH_3DES_EDE_CBC_SHA, SSL_DHE_RSA_WITH_3DES_EDE_CBC_SHA, SSL_DHE_DSS_WITH_3DES_EDE_CBC_SHA, TLS_ECDHE_ECDSA_WITH_RC4_128_SHA, TLS_ECDHE_RSA_WITH_RC4_128_SHA, SSL_RSA_WITH_RC4_128_SHA, TLS_ECDH_ECDSA_WITH_RC4_128_SHA, TLS_ECDH_RSA_WITH_RC4_128_SHA, SSL_RSA_WITH_RC4_128_MD5, TLS_EMPTY_RENEGOTIATION_INFO_SCSV]
02:20:55.988 [Test worker] DEBUG o.a.h.c.s.SSLConnectionSocketFactory - Starting handshake
02:20:56.052 [Test worker] DEBUG o.a.h.c.s.SSLConnectionSocketFactory - Secure session established
02:20:56.054 [Test worker] DEBUG o.a.h.c.s.SSLConnectionSocketFactory -  negotiated protocol: TLSv1
02:20:56.054 [Test worker] DEBUG o.a.h.c.s.SSLConnectionSocketFactory -  negotiated cipher suite: TLS_ECDHE_RSA_WITH_AES_128_CBC_SHA
02:20:56.054 [Test worker] DEBUG o.a.h.c.s.SSLConnectionSocketFactory -  peer principal: CN=Thesis
02:20:56.055 [Test worker] DEBUG o.a.h.c.s.SSLConnectionSocketFactory -  issuer principal: EMAILADDRESS=sha@yamil.com, CN=Thesis, OU=Open, O=Fra, L=BER, ST=BER, C=DE
02:20:56.056 [Test worker] DEBUG o.a.h.i.c.DefaultHttpClientConnectionOperator - Connection established 127.0.0.1:41188<->127.0.1.1:2376
02:20:56.056 [Test worker] DEBUG o.a.h.impl.execchain.MainClientExec - Executing request POST /networks/create HTTP/1.1
02:20:56.056 [Test worker] DEBUG o.a.h.impl.execchain.MainClientExec - Target auth state: UNCHALLENGED
02:20:56.056 [Test worker] DEBUG o.a.h.impl.execchain.MainClientExec - Proxy auth state: UNCHALLENGED
02:20:56.056 [Test worker] DEBUG org.apache.http.headers - http-outgoing-156 >> POST /networks/create HTTP/1.1
02:20:56.056 [Test worker] DEBUG org.apache.http.headers - http-outgoing-156 >> Accept: application/json
02:20:56.056 [Test worker] DEBUG org.apache.http.headers - http-outgoing-156 >> Content-Type: application/json
02:20:56.056 [Test worker] DEBUG org.apache.http.headers - http-outgoing-156 >> User-Agent: Jersey/2.23.1 (Apache HttpClient 4.5.1)
02:20:56.056 [Test worker] DEBUG org.apache.http.headers - http-outgoing-156 >> Transfer-Encoding: chunked
02:20:56.057 [Test worker] DEBUG org.apache.http.headers - http-outgoing-156 >> Host: Thesis:2376
02:20:56.057 [Test worker] DEBUG org.apache.http.headers - http-outgoing-156 >> Connection: Keep-Alive
02:20:56.068 [Test worker] DEBUG org.apache.http.headers - http-outgoing-156 >> Accept-Encoding: gzip,deflate
02:20:56.071 [Test worker] DEBUG c.g.d.j.JerseyDockerCmdExecFactory - 7 * Sending client request on thread Test worker
7 > POST https://Thesis:2376/networks/create
7 > Accept: application/json
7 > Content-Type: application/json
{"enableIPv6":null,"Name":"MyNetwork","Driver":null,"IPAM":null,"Options":{},"CheckDuplicate":true,"Internal":null,"EnableIPv6":null}

02:20:56.084 [Test worker] DEBUG org.apache.http.wire - http-outgoing-156 >> "POST /networks/create HTTP/1.1[\r][\n]"
02:20:56.084 [Test worker] DEBUG org.apache.http.wire - http-outgoing-156 >> "Accept: application/json[\r][\n]"
02:20:56.084 [Test worker] DEBUG org.apache.http.wire - http-outgoing-156 >> "Content-Type: application/json[\r][\n]"
02:20:56.084 [Test worker] DEBUG org.apache.http.wire - http-outgoing-156 >> "User-Agent: Jersey/2.23.1 (Apache HttpClient 4.5.1)[\r][\n]"
02:20:56.084 [Test worker] DEBUG org.apache.http.wire - http-outgoing-156 >> "Transfer-Encoding: chunked[\r][\n]"
02:20:56.085 [Test worker] DEBUG org.apache.http.wire - http-outgoing-156 >> "Host: Thesis:2376[\r][\n]"
02:20:56.085 [Test worker] DEBUG org.apache.http.wire - http-outgoing-156 >> "Connection: Keep-Alive[\r][\n]"
02:20:56.085 [Test worker] DEBUG org.apache.http.wire - http-outgoing-156 >> "Accept-Encoding: gzip,deflate[\r][\n]"
02:20:56.088 [Test worker] DEBUG org.apache.http.wire - http-outgoing-156 >> "[\r][\n]"
02:20:56.088 [Test worker] DEBUG org.apache.http.wire - http-outgoing-156 >> "85[\r][\n]"
02:20:56.088 [Test worker] DEBUG org.apache.http.wire - http-outgoing-156 >> "{"enableIPv6":null,"Name":"MyNetwork","Driver":null,"IPAM":null,"Options":{},"CheckDuplicate":true,"Internal":null,"EnableIPv6":null}[\r][\n]"
02:20:56.088 [Test worker] DEBUG org.apache.http.wire - http-outgoing-156 >> "0[\r][\n]"
02:20:56.088 [Test worker] DEBUG org.apache.http.wire - http-outgoing-156 >> "[\r][\n]"
02:20:56.212 [Test worker] DEBUG org.apache.http.wire - http-outgoing-156 << "H"
02:20:56.213 [Test worker] DEBUG org.apache.http.wire - http-outgoing-156 << "TTP/1.1 201 Created[\r][\n]"
02:20:56.213 [Test worker] DEBUG org.apache.http.wire - http-outgoing-156 << "Content-Type: application/json[\r][\n]"
02:20:56.213 [Test worker] DEBUG org.apache.http.wire - http-outgoing-156 << "Server: Docker/1.12.3 (linux)[\r][\n]"
02:20:56.213 [Test worker] DEBUG org.apache.http.wire - http-outgoing-156 << "Date: Tue, 03 Jan 2017 01:20:56 GMT[\r][\n]"
02:20:56.213 [Test worker] DEBUG org.apache.http.wire - http-outgoing-156 << "Content-Length: 87[\r][\n]"
02:20:56.213 [Test worker] DEBUG org.apache.http.wire - http-outgoing-156 << "[\r][\n]"
02:20:56.213 [Test worker] DEBUG org.apache.http.wire - http-outgoing-156 << "{"Id":"752ec78fc83771e3af8ffd3d1f747b2676e95d4ac7a661b5f231a5da7024a87d","Warning":""}[\n]"
02:20:56.216 [Test worker] DEBUG org.apache.http.headers - http-outgoing-156 << HTTP/1.1 201 Created
02:20:56.216 [Test worker] DEBUG org.apache.http.headers - http-outgoing-156 << Content-Type: application/json
02:20:56.216 [Test worker] DEBUG org.apache.http.headers - http-outgoing-156 << Server: Docker/1.12.3 (linux)
02:20:56.216 [Test worker] DEBUG org.apache.http.headers - http-outgoing-156 << Date: Tue, 03 Jan 2017 01:20:56 GMT
02:20:56.216 [Test worker] DEBUG org.apache.http.headers - http-outgoing-156 << Content-Length: 87
02:20:56.216 [Test worker] DEBUG o.a.h.impl.execchain.MainClientExec - Connection can be kept alive indefinitely
02:20:56.217 [Test worker] DEBUG c.g.d.j.JerseyDockerCmdExecFactory - 8 * Client response received on thread Test worker
8 < 201
8 < Content-Length: 87
8 < Content-Type: application/json
8 < Date: Tue, 03 Jan 2017 01:20:56 GMT
8 < Server: Docker/1.12.3 (linux)
{"Id":"752ec78fc83771e3af8ffd3d1f747b2676e95d4ac7a661b5f231a5da7024a87d","Warning":""}


02:20:56.219 [Test worker] DEBUG o.a.h.i.c.DefaultManagedHttpClientConnection - http-outgoing-156: Close connection
02:20:56.220 [Test worker] DEBUG o.a.h.impl.execchain.MainClientExec - Connection discarded
02:20:56.220 [Test worker] DEBUG c.g.d.j.JerseyDockerCmdExecFactory$1 - Connection released: [id: 156][route: {s}->https://Thesis:2376][total kept alive: 1; route allocated: 1 of 2; total allocated: 1 of 20]
02:20:56.220 [Test worker] DEBUG c.g.d.core.command.AbstrDockerCmd - Cmd: 752ec78fc83771e3af8ffd3d1f747b2676e95d4ac7a661b5f231a5da7024a87d,com.github.dockerjava.jaxrs.InspectNetworkCmdExec@75094c7b
02:20:56.220 [Test worker] DEBUG c.g.d.jaxrs.ListNetworksCmdExec - GET: JerseyWebTarget { https://Thesis:2376/networks/752ec78fc83771e3af8ffd3d1f747b2676e95d4ac7a661b5f231a5da7024a87d }
02:20:56.221 [Test worker] DEBUG c.g.d.j.JerseyDockerCmdExecFactory - 9 * Sending client request on thread Test worker
9 > GET https://Thesis:2376/networks/752ec78fc83771e3af8ffd3d1f747b2676e95d4ac7a661b5f231a5da7024a87d
9 > Accept: application/json

02:20:56.223 [Test worker] DEBUG o.a.h.c.protocol.RequestAddCookies - CookieSpec selected: default
02:20:56.223 [Test worker] DEBUG o.a.h.c.protocol.RequestAuthCache - Auth cache not set in the context
02:20:56.224 [Test worker] DEBUG c.g.d.j.JerseyDockerCmdExecFactory$1 - Connection request: [route: {s}->https://Thesis:2376][total kept alive: 1; route allocated: 1 of 2; total allocated: 1 of 20]
02:20:56.225 [Test worker] DEBUG c.g.d.j.JerseyDockerCmdExecFactory$1 - Connection leased: [id: 157][route: {s}->https://Thesis:2376][total kept alive: 1; route allocated: 2 of 2; total allocated: 2 of 20]
02:20:56.225 [Test worker] DEBUG o.a.h.impl.execchain.MainClientExec - Opening connection {s}->https://Thesis:2376
02:20:56.225 [Test worker] DEBUG o.a.h.i.c.DefaultHttpClientConnectionOperator - Connecting to Thesis/127.0.1.1:2376
02:20:56.225 [Test worker] DEBUG o.a.h.c.s.SSLConnectionSocketFactory - Connecting socket to Thesis/127.0.1.1:2376 with timeout 0
02:20:56.228 [Test worker] DEBUG o.a.h.c.s.SSLConnectionSocketFactory - Enabled protocols: [TLSv1]
02:20:56.248 [Test worker] DEBUG o.a.h.c.s.SSLConnectionSocketFactory - Enabled cipher suites:[TLS_ECDHE_ECDSA_WITH_AES_128_CBC_SHA, TLS_ECDHE_RSA_WITH_AES_128_CBC_SHA, TLS_RSA_WITH_AES_128_CBC_SHA, TLS_ECDH_ECDSA_WITH_AES_128_CBC_SHA, TLS_ECDH_RSA_WITH_AES_128_CBC_SHA, TLS_DHE_RSA_WITH_AES_128_CBC_SHA, TLS_DHE_DSS_WITH_AES_128_CBC_SHA, TLS_ECDHE_ECDSA_WITH_3DES_EDE_CBC_SHA, TLS_ECDHE_RSA_WITH_3DES_EDE_CBC_SHA, SSL_RSA_WITH_3DES_EDE_CBC_SHA, TLS_ECDH_ECDSA_WITH_3DES_EDE_CBC_SHA, TLS_ECDH_RSA_WITH_3DES_EDE_CBC_SHA, SSL_DHE_RSA_WITH_3DES_EDE_CBC_SHA, SSL_DHE_DSS_WITH_3DES_EDE_CBC_SHA, TLS_ECDHE_ECDSA_WITH_RC4_128_SHA, TLS_ECDHE_RSA_WITH_RC4_128_SHA, SSL_RSA_WITH_RC4_128_SHA, TLS_ECDH_ECDSA_WITH_RC4_128_SHA, TLS_ECDH_RSA_WITH_RC4_128_SHA, SSL_RSA_WITH_RC4_128_MD5, TLS_EMPTY_RENEGOTIATION_INFO_SCSV]
02:20:56.249 [Test worker] DEBUG o.a.h.c.s.SSLConnectionSocketFactory - Starting handshake
02:20:56.438 [Test worker] DEBUG o.a.h.c.s.SSLConnectionSocketFactory - Secure session established
02:20:56.438 [Test worker] DEBUG o.a.h.c.s.SSLConnectionSocketFactory -  negotiated protocol: TLSv1
02:20:56.438 [Test worker] DEBUG o.a.h.c.s.SSLConnectionSocketFactory -  negotiated cipher suite: TLS_ECDHE_RSA_WITH_AES_128_CBC_SHA
02:20:56.439 [Test worker] DEBUG o.a.h.c.s.SSLConnectionSocketFactory -  peer principal: CN=Thesis
02:20:56.439 [Test worker] DEBUG o.a.h.c.s.SSLConnectionSocketFactory -  issuer principal: EMAILADDRESS=sha@yamil.com, CN=Thesis, OU=Open, O=Fra, L=BER, ST=BER, C=DE
02:20:56.439 [Test worker] DEBUG o.a.h.i.c.DefaultHttpClientConnectionOperator - Connection established 127.0.0.1:41190<->127.0.1.1:2376
02:20:56.439 [Test worker] DEBUG o.a.h.impl.execchain.MainClientExec - Executing request GET /networks/752ec78fc83771e3af8ffd3d1f747b2676e95d4ac7a661b5f231a5da7024a87d HTTP/1.1
02:20:56.439 [Test worker] DEBUG o.a.h.impl.execchain.MainClientExec - Target auth state: UNCHALLENGED
02:20:56.439 [Test worker] DEBUG o.a.h.impl.execchain.MainClientExec - Proxy auth state: UNCHALLENGED
02:20:56.439 [Test worker] DEBUG org.apache.http.headers - http-outgoing-157 >> GET /networks/752ec78fc83771e3af8ffd3d1f747b2676e95d4ac7a661b5f231a5da7024a87d HTTP/1.1
02:20:56.439 [Test worker] DEBUG org.apache.http.headers - http-outgoing-157 >> Accept: application/json
02:20:56.439 [Test worker] DEBUG org.apache.http.headers - http-outgoing-157 >> User-Agent: Jersey/2.23.1 (Apache HttpClient 4.5.1)
02:20:56.439 [Test worker] DEBUG org.apache.http.headers - http-outgoing-157 >> Host: Thesis:2376
02:20:56.440 [Test worker] DEBUG org.apache.http.headers - http-outgoing-157 >> Connection: Keep-Alive
02:20:56.440 [Test worker] DEBUG org.apache.http.headers - http-outgoing-157 >> Accept-Encoding: gzip,deflate
02:20:56.440 [Test worker] DEBUG org.apache.http.wire - http-outgoing-157 >> "GET /networks/752ec78fc83771e3af8ffd3d1f747b2676e95d4ac7a661b5f231a5da7024a87d HTTP/1.1[\r][\n]"
02:20:56.440 [Test worker] DEBUG org.apache.http.wire - http-outgoing-157 >> "Accept: application/json[\r][\n]"
02:20:56.440 [Test worker] DEBUG org.apache.http.wire - http-outgoing-157 >> "User-Agent: Jersey/2.23.1 (Apache HttpClient 4.5.1)[\r][\n]"
02:20:56.440 [Test worker] DEBUG org.apache.http.wire - http-outgoing-157 >> "Host: Thesis:2376[\r][\n]"
02:20:56.440 [Test worker] DEBUG org.apache.http.wire - http-outgoing-157 >> "Connection: Keep-Alive[\r][\n]"
02:20:56.440 [Test worker] DEBUG org.apache.http.wire - http-outgoing-157 >> "Accept-Encoding: gzip,deflate[\r][\n]"
02:20:56.440 [Test worker] DEBUG org.apache.http.wire - http-outgoing-157 >> "[\r][\n]"
02:20:56.441 [Test worker] DEBUG org.apache.http.wire - http-outgoing-157 << "H"
02:20:56.441 [Test worker] DEBUG org.apache.http.wire - http-outgoing-157 << "TTP/1.1 200 OK[\r][\n]"
02:20:56.441 [Test worker] DEBUG org.apache.http.wire - http-outgoing-157 << "Content-Type: application/json[\r][\n]"
02:20:56.441 [Test worker] DEBUG org.apache.http.wire - http-outgoing-157 << "Server: Docker/1.12.3 (linux)[\r][\n]"
02:20:56.441 [Test worker] DEBUG org.apache.http.wire - http-outgoing-157 << "Date: Tue, 03 Jan 2017 01:20:56 GMT[\r][\n]"
02:20:56.441 [Test worker] DEBUG org.apache.http.wire - http-outgoing-157 << "Content-Length: 311[\r][\n]"
02:20:56.441 [Test worker] DEBUG org.apache.http.wire - http-outgoing-157 << "[\r][\n]"
02:20:56.441 [Test worker] DEBUG org.apache.http.wire - http-outgoing-157 << "{"Name":"MyNetwork","Id":"752ec78fc83771e3af8ffd3d1f747b2676e95d4ac7a661b5f231a5da7024a87d","Scope":"local","Driver":"bridge","EnableIPv6":false,"IPAM":{"Driver":"default","Options":null,"Config":[{"Subnet":"172.18.0.0/16","Gateway":"172.18.0.1/16"}]},"Internal":false,"Containers":{},"Options":{},"Labels":{}}[\n]"
02:20:56.442 [Test worker] DEBUG org.apache.http.headers - http-outgoing-157 << HTTP/1.1 200 OK
02:20:56.442 [Test worker] DEBUG org.apache.http.headers - http-outgoing-157 << Content-Type: application/json
02:20:56.442 [Test worker] DEBUG org.apache.http.headers - http-outgoing-157 << Server: Docker/1.12.3 (linux)
02:20:56.442 [Test worker] DEBUG org.apache.http.headers - http-outgoing-157 << Date: Tue, 03 Jan 2017 01:20:56 GMT
02:20:56.442 [Test worker] DEBUG org.apache.http.headers - http-outgoing-157 << Content-Length: 311
02:20:56.442 [Test worker] DEBUG o.a.h.impl.execchain.MainClientExec - Connection can be kept alive indefinitely
02:20:56.442 [Test worker] DEBUG c.g.d.j.JerseyDockerCmdExecFactory - 10 * Client response received on thread Test worker
10 < 200
10 < Content-Length: 311
10 < Content-Type: application/json
10 < Date: Tue, 03 Jan 2017 01:20:56 GMT
10 < Server: Docker/1.12.3 (linux)
{"Name":"MyNetwork","Id":"752ec78fc83771e3af8ffd3d1f747b2676e95d4ac7a661b5f231a5da7024a87d","Scope":"local","Driver":"bridge","EnableIPv6":false,"IPAM":{"Driver":"default","Options":null,"Config":[{"Subnet":"172.18.0.0/16","Gateway":"172.18.0.1/16"}]},"Internal":false,"Containers":{},"Options":{},"Labels":{}}


02:20:56.443 [Test worker] DEBUG o.a.h.i.c.DefaultManagedHttpClientConnection - http-outgoing-157: Close connection
02:20:56.447 [Test worker] DEBUG o.a.h.impl.execchain.MainClientExec - Connection discarded
02:20:56.447 [Test worker] DEBUG c.g.d.j.JerseyDockerCmdExecFactory$1 - Connection released: [id: 157][route: {s}->https://Thesis:2376][total kept alive: 1; route allocated: 1 of 2; total allocated: 1 of 20]
02:20:56.447 [Test worker] DEBUG org.openbaton.docker.DockerVim - Network successfully created
02:20:56.447 [Test worker] DEBUG c.g.d.core.command.AbstrDockerCmd - Cmd: ListImagesCmdImpl[imageNameFilter=<null>,showAll=true,filters=com.github.dockerjava.core.util.FiltersBuilder@0,execution=com.github.dockerjava.jaxrs.ListImagesCmdExec@49c1111b]
02:20:56.448 [Test worker] DEBUG c.g.d.j.JerseyDockerCmdExecFactory - 11 * Sending client request on thread Test worker
11 > GET https://Thesis:2376/images/json?all=true
11 > Accept: application/json

02:20:56.448 [Test worker] DEBUG o.a.h.c.protocol.RequestAddCookies - CookieSpec selected: default
02:20:56.448 [Test worker] DEBUG o.a.h.c.protocol.RequestAuthCache - Auth cache not set in the context
02:20:56.448 [Test worker] DEBUG c.g.d.j.JerseyDockerCmdExecFactory$1 - Connection request: [route: {s}->https://Thesis:2376][total kept alive: 1; route allocated: 1 of 2; total allocated: 1 of 20]
02:20:56.449 [Test worker] DEBUG c.g.d.j.JerseyDockerCmdExecFactory$1 - Connection leased: [id: 158][route: {s}->https://Thesis:2376][total kept alive: 1; route allocated: 2 of 2; total allocated: 2 of 20]
02:20:56.449 [Test worker] DEBUG o.a.h.impl.execchain.MainClientExec - Opening connection {s}->https://Thesis:2376
02:20:56.449 [Test worker] DEBUG o.a.h.i.c.DefaultHttpClientConnectionOperator - Connecting to Thesis/127.0.1.1:2376
02:20:56.449 [Test worker] DEBUG o.a.h.c.s.SSLConnectionSocketFactory - Connecting socket to Thesis/127.0.1.1:2376 with timeout 0
02:20:56.450 [Test worker] DEBUG o.a.h.c.s.SSLConnectionSocketFactory - Enabled protocols: [TLSv1]
02:20:56.450 [Test worker] DEBUG o.a.h.c.s.SSLConnectionSocketFactory - Enabled cipher suites:[TLS_ECDHE_ECDSA_WITH_AES_128_CBC_SHA, TLS_ECDHE_RSA_WITH_AES_128_CBC_SHA, TLS_RSA_WITH_AES_128_CBC_SHA, TLS_ECDH_ECDSA_WITH_AES_128_CBC_SHA, TLS_ECDH_RSA_WITH_AES_128_CBC_SHA, TLS_DHE_RSA_WITH_AES_128_CBC_SHA, TLS_DHE_DSS_WITH_AES_128_CBC_SHA, TLS_ECDHE_ECDSA_WITH_3DES_EDE_CBC_SHA, TLS_ECDHE_RSA_WITH_3DES_EDE_CBC_SHA, SSL_RSA_WITH_3DES_EDE_CBC_SHA, TLS_ECDH_ECDSA_WITH_3DES_EDE_CBC_SHA, TLS_ECDH_RSA_WITH_3DES_EDE_CBC_SHA, SSL_DHE_RSA_WITH_3DES_EDE_CBC_SHA, SSL_DHE_DSS_WITH_3DES_EDE_CBC_SHA, TLS_ECDHE_ECDSA_WITH_RC4_128_SHA, TLS_ECDHE_RSA_WITH_RC4_128_SHA, SSL_RSA_WITH_RC4_128_SHA, TLS_ECDH_ECDSA_WITH_RC4_128_SHA, TLS_ECDH_RSA_WITH_RC4_128_SHA, SSL_RSA_WITH_RC4_128_MD5, TLS_EMPTY_RENEGOTIATION_INFO_SCSV]
02:20:56.450 [Test worker] DEBUG o.a.h.c.s.SSLConnectionSocketFactory - Starting handshake
02:20:56.576 [Test worker] DEBUG o.a.h.c.s.SSLConnectionSocketFactory - Secure session established
02:20:56.576 [Test worker] DEBUG o.a.h.c.s.SSLConnectionSocketFactory -  negotiated protocol: TLSv1
02:20:56.576 [Test worker] DEBUG o.a.h.c.s.SSLConnectionSocketFactory -  negotiated cipher suite: TLS_ECDHE_RSA_WITH_AES_128_CBC_SHA
02:20:56.576 [Test worker] DEBUG o.a.h.c.s.SSLConnectionSocketFactory -  peer principal: CN=Thesis
02:20:56.576 [Test worker] DEBUG o.a.h.c.s.SSLConnectionSocketFactory -  issuer principal: EMAILADDRESS=sha@yamil.com, CN=Thesis, OU=Open, O=Fra, L=BER, ST=BER, C=DE
02:20:56.577 [Test worker] DEBUG o.a.h.i.c.DefaultHttpClientConnectionOperator - Connection established 127.0.0.1:41192<->127.0.1.1:2376
02:20:56.577 [Test worker] DEBUG o.a.h.impl.execchain.MainClientExec - Executing request GET /images/json?all=true HTTP/1.1
02:20:56.577 [Test worker] DEBUG o.a.h.impl.execchain.MainClientExec - Target auth state: UNCHALLENGED
02:20:56.577 [Test worker] DEBUG o.a.h.impl.execchain.MainClientExec - Proxy auth state: UNCHALLENGED
02:20:56.577 [Test worker] DEBUG org.apache.http.headers - http-outgoing-158 >> GET /images/json?all=true HTTP/1.1
02:20:56.577 [Test worker] DEBUG org.apache.http.headers - http-outgoing-158 >> Accept: application/json
02:20:56.577 [Test worker] DEBUG org.apache.http.headers - http-outgoing-158 >> User-Agent: Jersey/2.23.1 (Apache HttpClient 4.5.1)
02:20:56.577 [Test worker] DEBUG org.apache.http.headers - http-outgoing-158 >> Host: Thesis:2376
02:20:56.578 [Test worker] DEBUG org.apache.http.headers - http-outgoing-158 >> Connection: Keep-Alive
02:20:56.578 [Test worker] DEBUG org.apache.http.headers - http-outgoing-158 >> Accept-Encoding: gzip,deflate
02:20:56.578 [Test worker] DEBUG org.apache.http.wire - http-outgoing-158 >> "GET /images/json?all=true HTTP/1.1[\r][\n]"
02:20:56.578 [Test worker] DEBUG org.apache.http.wire - http-outgoing-158 >> "Accept: application/json[\r][\n]"
02:20:56.578 [Test worker] DEBUG org.apache.http.wire - http-outgoing-158 >> "User-Agent: Jersey/2.23.1 (Apache HttpClient 4.5.1)[\r][\n]"
02:20:56.578 [Test worker] DEBUG org.apache.http.wire - http-outgoing-158 >> "Host: Thesis:2376[\r][\n]"
02:20:56.578 [Test worker] DEBUG org.apache.http.wire - http-outgoing-158 >> "Connection: Keep-Alive[\r][\n]"
02:20:56.578 [Test worker] DEBUG org.apache.http.wire - http-outgoing-158 >> "Accept-Encoding: gzip,deflate[\r][\n]"
02:20:56.578 [Test worker] DEBUG org.apache.http.wire - http-outgoing-158 >> "[\r][\n]"
02:20:56.579 [Test worker] DEBUG org.apache.http.wire - http-outgoing-158 << "H"
02:20:56.579 [Test worker] DEBUG org.apache.http.wire - http-outgoing-158 << "TTP/1.1 200 OK[\r][\n]"
02:20:56.579 [Test worker] DEBUG org.apache.http.wire - http-outgoing-158 << "Content-Type: application/json[\r][\n]"
02:20:56.579 [Test worker] DEBUG org.apache.http.wire - http-outgoing-158 << "Server: Docker/1.12.3 (linux)[\r][\n]"
02:20:56.579 [Test worker] DEBUG org.apache.http.wire - http-outgoing-158 << "Date: Tue, 03 Jan 2017 01:20:56 GMT[\r][\n]"
02:20:56.580 [Test worker] DEBUG org.apache.http.wire - http-outgoing-158 << "Content-Length: 1195[\r][\n]"
02:20:56.580 [Test worker] DEBUG org.apache.http.wire - http-outgoing-158 << "[\r][\n]"
02:20:56.580 [Test worker] DEBUG org.apache.http.wire - http-outgoing-158 << "[{"Id":"sha256:4ca3a192ff2a5b7e225e81dc006b6379c10776ed3619757a65608cb72de0a7f6","ParentId":"","RepoTags":["ubuntu:latest"],"RepoDigests":["ubuntu@sha256:3b64c309deae7ab0f7dbdd42b6b326261ccd6261da5d88396439353162703fb5"],"Created":1480449877,"Size":128206574,"VirtualSize":128206574,"Labels":{}},{"Id":"sha256:aae2b63c49461fcae4962e4a8043f66acf8e3af7e62f5ebceb70b181d8ca01e0","ParentId":"","RepoTags":["ubuntu:14.04"],"RepoDigests":["ubuntu@sha256:edb984703bd3e8981ff541a5b9297ca1b81fde6e6e8094d86e390a38ebc30b4d"],"Created":1480449856,"Size":187952254,"VirtualSize":187952254,"Labels":{}},{"Id":"sha256:e02e811dd08fd49e7f6032625495118e63f597eb150403d02e3238af1df240ba","ParentId":"","RepoTags":["busybox:latest"],"RepoDigests":["busybox@sha256:29f5d56d12684887bdfa50dcd29fc31eea4aaf4ad3bec43daf19026a7ce69912"],"Created":1475874238,"Size":1093484,"VirtualSize":1093484,"Labels":{}},{"Id":"sha256:d654de4499473ed41349b54a988b6f46a7fc92e3fa2d61e102bf2660a0116e25","ParentId":"","RepoTags":["sakib37/iperf3:latest"],"RepoDigests":["sakib37/iperf3@sha256:8d80a810f8f508c074b14d02555f20110eac382c8dbda7252075392983629d40"],"Created":1474907599,"Size":199456654,"VirtualSize":199456654,"Labels":{}}][\n]"
02:20:56.580 [Test worker] DEBUG org.apache.http.headers - http-outgoing-158 << HTTP/1.1 200 OK
02:20:56.580 [Test worker] DEBUG org.apache.http.headers - http-outgoing-158 << Content-Type: application/json
02:20:56.580 [Test worker] DEBUG org.apache.http.headers - http-outgoing-158 << Server: Docker/1.12.3 (linux)
02:20:56.580 [Test worker] DEBUG org.apache.http.headers - http-outgoing-158 << Date: Tue, 03 Jan 2017 01:20:56 GMT
02:20:56.580 [Test worker] DEBUG org.apache.http.headers - http-outgoing-158 << Content-Length: 1195
02:20:56.580 [Test worker] DEBUG o.a.h.impl.execchain.MainClientExec - Connection can be kept alive indefinitely
02:20:56.580 [Test worker] DEBUG c.g.d.j.JerseyDockerCmdExecFactory - 12 * Client response received on thread Test worker
12 < 200
12 < Content-Length: 1195
12 < Content-Type: application/json
12 < Date: Tue, 03 Jan 2017 01:20:56 GMT
12 < Server: Docker/1.12.3 (linux)
[{"Id":"sha256:4ca3a192ff2a5b7e225e81dc006b6379c10776ed3619757a65608cb72de0a7f6","ParentId":"","RepoTags":["ubuntu:latest"],"RepoDigests":["ubuntu@sha256:3b64c309deae7ab0f7dbdd42b6b326261ccd6261da5d88396439353162703fb5"],"Created":1480449877,"Size":128206574,"VirtualSize":128206574,"Labels":{}},{"Id":"sha256:aae2b63c49461fcae4962e4a8043f66acf8e3af7e62f5ebceb70b181d8ca01e0","ParentId":"","RepoTags":["ubuntu:14.04"],"RepoDigests":["ubuntu@sha256:edb984703bd3e8981ff541a5b9297ca1b81fde6e6e8094d86e390a38ebc30b4d"],"Created":1480449856,"Size":187952254,"VirtualSize":187952254,"Labels":{}},{"Id":"sha256:e02e811dd08fd49e7f6032625495118e63f597eb150403d02e3238af1df240ba","ParentId":"","RepoTags":["busybox:latest"],"RepoDigests":["busybox@sha256:29f5d56d12684887bdfa50dcd29fc31eea4aaf4ad3bec43daf19026a7ce69912"],"Created":1475874238,"Size":1093484,"VirtualSize":1093484,"Labels":{}},{"Id":"sha256:d654de4499473ed41349b54a988b6f46a7fc92e3fa2d61e102bf2660a0116e25","ParentId":"","RepoTags":["sakib37/iperf3:latest"],"RepoDigests":["sakib37/iperf3@sha256:8d80a810f8f508c074b14d02555f20110eac382c8dbda7252075392983629d40"],"Created":1474907599,"Size":199456654,"VirtualSize":199456654,"Labels":{}}]


02:20:56.588 [Test worker] DEBUG o.a.h.i.c.DefaultManagedHttpClientConnection - http-outgoing-158: Close connection
02:20:56.589 [Test worker] DEBUG o.a.h.impl.execchain.MainClientExec - Connection discarded
02:20:56.589 [Test worker] DEBUG c.g.d.j.JerseyDockerCmdExecFactory$1 - Connection released: [id: 158][route: {s}->https://Thesis:2376][total kept alive: 1; route allocated: 1 of 2; total allocated: 1 of 20]
02:20:56.589 [Test worker] DEBUG c.g.d.core.command.AbstrDockerCmd - Cmd: com.github.dockerjava.core.command.CreateContainerCmdImpl@32e6cb4d[name=MyContainer,hostName=MyContainer,domainName=<null>,user=<null>,attachStdin=<null>,attachStdout=<null>,attachStderr=<null>,portSpecs=<null>,tty=<null>,stdinOpen=<null>,stdInOnce=<null>,env={port=8080,TERM=xterm},cmd={sleep,99999},entrypoint=<null>,image=ubuntu:14.04,volumes=com.github.dockerjava.api.model.Volumes@4e2d4656,workingDir=<null>,macAddress=<null>,networkDisabled=<null>,exposedPorts=com.github.dockerjava.api.model.ExposedPorts@7e64e032,stopSignal=<null>,hostConfig=com.github.dockerjava.api.model.HostConfig@10bb3372[binds=<null>,blkioWeight=<null>,blkioWeightDevice=<null>,blkioDeviceReadBps=<null>,blkioDeviceReadIOps=<null>,blkioDeviceWriteBps=<null>,blkioDeviceWriteIOps=<null>,memorySwappiness=<null>,capAdd=<null>,capDrop=<null>,containerIDFile=<null>,cpuPeriod=<null>,cpuShares=<null>,cpuQuota=<null>,cpusetCpus=<null>,cpusetMems=<null>,devices=<null>,dns=<null>,dnsSearch=<null>,extraHosts=<null>,links=<null>,logConfig=<null>,lxcConf=<null>,memory=<null>,memorySwap=<null>,memoryReservation=<null>,kernelMemory=<null>,networkMode=<null>,oomKillDisable=<null>,oomScoreAdj=<null>,portBindings={8084/tcp=[Lcom.github.dockerjava.api.model.Ports$Binding;@7a9290de},privileged=<null>,publishAllPorts=<null>,readonlyRootfs=<null>,restartPolicy=<null>,ulimits=<null>,volumesFrom=<null>,pidMode=<null>,securityOpts=<null>,cgroupParent=<null>,volumeDriver=<null>,shmSize=<null>],labels=<null>,networkingConfig=<null>,ipv4Address=<null>,ipv6Address=<null>,aliases=<null>,execution=com.github.dockerjava.jaxrs.CreateContainerCmdExec@4d62a96e]
02:20:56.590 [Test worker] DEBUG o.a.h.c.protocol.RequestAddCookies - CookieSpec selected: default
02:20:56.591 [Test worker] DEBUG o.a.h.c.protocol.RequestAuthCache - Auth cache not set in the context
02:20:56.591 [Test worker] DEBUG c.g.d.j.JerseyDockerCmdExecFactory$1 - Connection request: [route: {s}->https://Thesis:2376][total kept alive: 1; route allocated: 1 of 2; total allocated: 1 of 20]
02:20:56.591 [Test worker] DEBUG c.g.d.j.JerseyDockerCmdExecFactory$1 - Connection leased: [id: 159][route: {s}->https://Thesis:2376][total kept alive: 1; route allocated: 2 of 2; total allocated: 2 of 20]
02:20:56.591 [Test worker] DEBUG o.a.h.impl.execchain.MainClientExec - Opening connection {s}->https://Thesis:2376
02:20:56.591 [Test worker] DEBUG o.a.h.i.c.DefaultHttpClientConnectionOperator - Connecting to Thesis/127.0.1.1:2376
02:20:56.591 [Test worker] DEBUG o.a.h.c.s.SSLConnectionSocketFactory - Connecting socket to Thesis/127.0.1.1:2376 with timeout 0
02:20:56.598 [Test worker] DEBUG o.a.h.c.s.SSLConnectionSocketFactory - Enabled protocols: [TLSv1]
02:20:56.598 [Test worker] DEBUG o.a.h.c.s.SSLConnectionSocketFactory - Enabled cipher suites:[TLS_ECDHE_ECDSA_WITH_AES_128_CBC_SHA, TLS_ECDHE_RSA_WITH_AES_128_CBC_SHA, TLS_RSA_WITH_AES_128_CBC_SHA, TLS_ECDH_ECDSA_WITH_AES_128_CBC_SHA, TLS_ECDH_RSA_WITH_AES_128_CBC_SHA, TLS_DHE_RSA_WITH_AES_128_CBC_SHA, TLS_DHE_DSS_WITH_AES_128_CBC_SHA, TLS_ECDHE_ECDSA_WITH_3DES_EDE_CBC_SHA, TLS_ECDHE_RSA_WITH_3DES_EDE_CBC_SHA, SSL_RSA_WITH_3DES_EDE_CBC_SHA, TLS_ECDH_ECDSA_WITH_3DES_EDE_CBC_SHA, TLS_ECDH_RSA_WITH_3DES_EDE_CBC_SHA, SSL_DHE_RSA_WITH_3DES_EDE_CBC_SHA, SSL_DHE_DSS_WITH_3DES_EDE_CBC_SHA, TLS_ECDHE_ECDSA_WITH_RC4_128_SHA, TLS_ECDHE_RSA_WITH_RC4_128_SHA, SSL_RSA_WITH_RC4_128_SHA, TLS_ECDH_ECDSA_WITH_RC4_128_SHA, TLS_ECDH_RSA_WITH_RC4_128_SHA, SSL_RSA_WITH_RC4_128_MD5, TLS_EMPTY_RENEGOTIATION_INFO_SCSV]
02:20:56.598 [Test worker] DEBUG o.a.h.c.s.SSLConnectionSocketFactory - Starting handshake
02:20:56.684 [Test worker] DEBUG o.a.h.c.s.SSLConnectionSocketFactory - Secure session established
02:20:56.684 [Test worker] DEBUG o.a.h.c.s.SSLConnectionSocketFactory -  negotiated protocol: TLSv1
02:20:56.684 [Test worker] DEBUG o.a.h.c.s.SSLConnectionSocketFactory -  negotiated cipher suite: TLS_ECDHE_RSA_WITH_AES_128_CBC_SHA
02:20:56.684 [Test worker] DEBUG o.a.h.c.s.SSLConnectionSocketFactory -  peer principal: CN=Thesis
02:20:56.684 [Test worker] DEBUG o.a.h.c.s.SSLConnectionSocketFactory -  issuer principal: EMAILADDRESS=sha@yamil.com, CN=Thesis, OU=Open, O=Fra, L=BER, ST=BER, C=DE
02:20:56.684 [Test worker] DEBUG o.a.h.i.c.DefaultHttpClientConnectionOperator - Connection established 127.0.0.1:41194<->127.0.1.1:2376
02:20:56.685 [Test worker] DEBUG o.a.h.impl.execchain.MainClientExec - Executing request POST /containers/create?name=MyContainer HTTP/1.1
02:20:56.685 [Test worker] DEBUG o.a.h.impl.execchain.MainClientExec - Target auth state: UNCHALLENGED
02:20:56.685 [Test worker] DEBUG o.a.h.impl.execchain.MainClientExec - Proxy auth state: UNCHALLENGED
02:20:56.685 [Test worker] DEBUG org.apache.http.headers - http-outgoing-159 >> POST /containers/create?name=MyContainer HTTP/1.1
02:20:56.685 [Test worker] DEBUG org.apache.http.headers - http-outgoing-159 >> Accept: application/json
02:20:56.685 [Test worker] DEBUG org.apache.http.headers - http-outgoing-159 >> Content-Type: application/json
02:20:56.685 [Test worker] DEBUG org.apache.http.headers - http-outgoing-159 >> User-Agent: Jersey/2.23.1 (Apache HttpClient 4.5.1)
02:20:56.685 [Test worker] DEBUG org.apache.http.headers - http-outgoing-159 >> Transfer-Encoding: chunked
02:20:56.685 [Test worker] DEBUG org.apache.http.headers - http-outgoing-159 >> Host: Thesis:2376
02:20:56.685 [Test worker] DEBUG org.apache.http.headers - http-outgoing-159 >> Connection: Keep-Alive
02:20:56.685 [Test worker] DEBUG org.apache.http.headers - http-outgoing-159 >> Accept-Encoding: gzip,deflate
02:20:56.701 [Test worker] DEBUG c.g.d.j.JerseyDockerCmdExecFactory - 13 * Sending client request on thread Test worker
13 > POST https://Thesis:2376/containers/create?name=MyContainer
13 > Accept: application/json
13 > Content-Type: application/json
{"name":"MyContainer","Hostname":"MyContainer","Env":["port=8080","TERM=xterm"],"Cmd":["sleep","99999"],"Image":"ubuntu:14.04","Volumes":{},"ExposedPorts":{"8084/tcp":{}},"HostConfig":{"PortBindings":{"8084/tcp":[{"HostIp":"","HostPort":"8084"}]}}}

02:20:56.701 [Test worker] DEBUG org.apache.http.wire - http-outgoing-159 >> "POST /containers/create?name=MyContainer HTTP/1.1[\r][\n]"
02:20:56.701 [Test worker] DEBUG org.apache.http.wire - http-outgoing-159 >> "Accept: application/json[\r][\n]"
02:20:56.702 [Test worker] DEBUG org.apache.http.wire - http-outgoing-159 >> "Content-Type: application/json[\r][\n]"
02:20:56.702 [Test worker] DEBUG org.apache.http.wire - http-outgoing-159 >> "User-Agent: Jersey/2.23.1 (Apache HttpClient 4.5.1)[\r][\n]"
02:20:56.702 [Test worker] DEBUG org.apache.http.wire - http-outgoing-159 >> "Transfer-Encoding: chunked[\r][\n]"
02:20:56.702 [Test worker] DEBUG org.apache.http.wire - http-outgoing-159 >> "Host: Thesis:2376[\r][\n]"
02:20:56.702 [Test worker] DEBUG org.apache.http.wire - http-outgoing-159 >> "Connection: Keep-Alive[\r][\n]"
02:20:56.702 [Test worker] DEBUG org.apache.http.wire - http-outgoing-159 >> "Accept-Encoding: gzip,deflate[\r][\n]"
02:20:56.702 [Test worker] DEBUG org.apache.http.wire - http-outgoing-159 >> "[\r][\n]"
02:20:56.702 [Test worker] DEBUG org.apache.http.wire - http-outgoing-159 >> "f8[\r][\n]"
02:20:56.702 [Test worker] DEBUG org.apache.http.wire - http-outgoing-159 >> "{"name":"MyContainer","Hostname":"MyContainer","Env":["port=8080","TERM=xterm"],"Cmd":["sleep","99999"],"Image":"ubuntu:14.04","Volumes":{},"ExposedPorts":{"8084/tcp":{}},"HostConfig":{"PortBindings":{"8084/tcp":[{"HostIp":"","HostPort":"8084"}]}}}[\r][\n]"
02:20:56.702 [Test worker] DEBUG org.apache.http.wire - http-outgoing-159 >> "0[\r][\n]"
02:20:56.702 [Test worker] DEBUG org.apache.http.wire - http-outgoing-159 >> "[\r][\n]"
02:20:56.726 [Test worker] DEBUG org.apache.http.wire - http-outgoing-159 << "H"
02:20:56.727 [Test worker] DEBUG org.apache.http.wire - http-outgoing-159 << "TTP/1.1 201 Created[\r][\n]"
02:20:56.727 [Test worker] DEBUG org.apache.http.wire - http-outgoing-159 << "Content-Type: application/json[\r][\n]"
02:20:56.727 [Test worker] DEBUG org.apache.http.wire - http-outgoing-159 << "Server: Docker/1.12.3 (linux)[\r][\n]"
02:20:56.727 [Test worker] DEBUG org.apache.http.wire - http-outgoing-159 << "Date: Tue, 03 Jan 2017 01:20:56 GMT[\r][\n]"
02:20:56.727 [Test worker] DEBUG org.apache.http.wire - http-outgoing-159 << "Content-Length: 90[\r][\n]"
02:20:56.727 [Test worker] DEBUG org.apache.http.wire - http-outgoing-159 << "[\r][\n]"
02:20:56.727 [Test worker] DEBUG org.apache.http.wire - http-outgoing-159 << "{"Id":"6f50453493cba75cd94d9ba75aafd4190ebbbbab8a9744264c6508d81be00b4b","Warnings":null}[\n]"
02:20:56.727 [Test worker] DEBUG org.apache.http.headers - http-outgoing-159 << HTTP/1.1 201 Created
02:20:56.727 [Test worker] DEBUG org.apache.http.headers - http-outgoing-159 << Content-Type: application/json
02:20:56.727 [Test worker] DEBUG org.apache.http.headers - http-outgoing-159 << Server: Docker/1.12.3 (linux)
02:20:56.727 [Test worker] DEBUG org.apache.http.headers - http-outgoing-159 << Date: Tue, 03 Jan 2017 01:20:56 GMT
02:20:56.728 [Test worker] DEBUG org.apache.http.headers - http-outgoing-159 << Content-Length: 90
02:20:56.728 [Test worker] DEBUG o.a.h.impl.execchain.MainClientExec - Connection can be kept alive indefinitely
02:20:56.728 [Test worker] DEBUG c.g.d.j.JerseyDockerCmdExecFactory - 14 * Client response received on thread Test worker
14 < 201
14 < Content-Length: 90
14 < Content-Type: application/json
14 < Date: Tue, 03 Jan 2017 01:20:56 GMT
14 < Server: Docker/1.12.3 (linux)
{"Id":"6f50453493cba75cd94d9ba75aafd4190ebbbbab8a9744264c6508d81be00b4b","Warnings":null}


02:20:56.729 [Test worker] DEBUG o.a.h.i.c.DefaultManagedHttpClientConnection - http-outgoing-159: Close connection
02:20:56.729 [Test worker] DEBUG o.a.h.impl.execchain.MainClientExec - Connection discarded
02:20:56.729 [Test worker] DEBUG c.g.d.j.JerseyDockerCmdExecFactory$1 - Connection released: [id: 159][route: {s}->https://Thesis:2376][total kept alive: 1; route allocated: 1 of 2; total allocated: 1 of 20]
02:20:56.730 [Test worker] DEBUG org.openbaton.docker.DockerVim - Instance created successfully
02:20:56.730 [Test worker] DEBUG c.g.d.core.command.AbstrDockerCmd - Cmd: 6f50453493cba75cd94d9ba75aafd4190ebbbbab8a9744264c6508d81be00b4b,com.github.dockerjava.jaxrs.StartContainerCmdExec@22802495
02:20:56.730 [Test worker] DEBUG c.g.d.j.JerseyDockerCmdExecFactory - 15 * Sending client request on thread Test worker
15 > POST https://Thesis:2376/containers/6f50453493cba75cd94d9ba75aafd4190ebbbbab8a9744264c6508d81be00b4b/start
15 > Accept: application/json

02:20:56.731 [Test worker] DEBUG o.a.h.c.protocol.RequestAddCookies - CookieSpec selected: default
02:20:56.731 [Test worker] DEBUG o.a.h.c.protocol.RequestAuthCache - Auth cache not set in the context
02:20:56.731 [Test worker] DEBUG c.g.d.j.JerseyDockerCmdExecFactory$1 - Connection request: [route: {s}->https://Thesis:2376][total kept alive: 1; route allocated: 1 of 2; total allocated: 1 of 20]
02:20:56.731 [Test worker] DEBUG c.g.d.j.JerseyDockerCmdExecFactory$1 - Connection leased: [id: 160][route: {s}->https://Thesis:2376][total kept alive: 1; route allocated: 2 of 2; total allocated: 2 of 20]
02:20:56.731 [Test worker] DEBUG o.a.h.impl.execchain.MainClientExec - Opening connection {s}->https://Thesis:2376
02:20:56.731 [Test worker] DEBUG o.a.h.i.c.DefaultHttpClientConnectionOperator - Connecting to Thesis/127.0.1.1:2376
02:20:56.731 [Test worker] DEBUG o.a.h.c.s.SSLConnectionSocketFactory - Connecting socket to Thesis/127.0.1.1:2376 with timeout 0
02:20:56.732 [Test worker] DEBUG o.a.h.c.s.SSLConnectionSocketFactory - Enabled protocols: [TLSv1]
02:20:56.732 [Test worker] DEBUG o.a.h.c.s.SSLConnectionSocketFactory - Enabled cipher suites:[TLS_ECDHE_ECDSA_WITH_AES_128_CBC_SHA, TLS_ECDHE_RSA_WITH_AES_128_CBC_SHA, TLS_RSA_WITH_AES_128_CBC_SHA, TLS_ECDH_ECDSA_WITH_AES_128_CBC_SHA, TLS_ECDH_RSA_WITH_AES_128_CBC_SHA, TLS_DHE_RSA_WITH_AES_128_CBC_SHA, TLS_DHE_DSS_WITH_AES_128_CBC_SHA, TLS_ECDHE_ECDSA_WITH_3DES_EDE_CBC_SHA, TLS_ECDHE_RSA_WITH_3DES_EDE_CBC_SHA, SSL_RSA_WITH_3DES_EDE_CBC_SHA, TLS_ECDH_ECDSA_WITH_3DES_EDE_CBC_SHA, TLS_ECDH_RSA_WITH_3DES_EDE_CBC_SHA, SSL_DHE_RSA_WITH_3DES_EDE_CBC_SHA, SSL_DHE_DSS_WITH_3DES_EDE_CBC_SHA, TLS_ECDHE_ECDSA_WITH_RC4_128_SHA, TLS_ECDHE_RSA_WITH_RC4_128_SHA, SSL_RSA_WITH_RC4_128_SHA, TLS_ECDH_ECDSA_WITH_RC4_128_SHA, TLS_ECDH_RSA_WITH_RC4_128_SHA, SSL_RSA_WITH_RC4_128_MD5, TLS_EMPTY_RENEGOTIATION_INFO_SCSV]
02:20:56.732 [Test worker] DEBUG o.a.h.c.s.SSLConnectionSocketFactory - Starting handshake
02:20:56.791 [Test worker] DEBUG o.a.h.c.s.SSLConnectionSocketFactory - Secure session established
02:20:56.791 [Test worker] DEBUG o.a.h.c.s.SSLConnectionSocketFactory -  negotiated protocol: TLSv1
02:20:56.791 [Test worker] DEBUG o.a.h.c.s.SSLConnectionSocketFactory -  negotiated cipher suite: TLS_ECDHE_RSA_WITH_AES_128_CBC_SHA
02:20:56.792 [Test worker] DEBUG o.a.h.c.s.SSLConnectionSocketFactory -  peer principal: CN=Thesis
02:20:56.792 [Test worker] DEBUG o.a.h.c.s.SSLConnectionSocketFactory -  issuer principal: EMAILADDRESS=sha@yamil.com, CN=Thesis, OU=Open, O=Fra, L=BER, ST=BER, C=DE
02:20:56.792 [Test worker] DEBUG o.a.h.i.c.DefaultHttpClientConnectionOperator - Connection established 127.0.0.1:41196<->127.0.1.1:2376
02:20:56.792 [Test worker] DEBUG o.a.h.impl.execchain.MainClientExec - Executing request POST /containers/6f50453493cba75cd94d9ba75aafd4190ebbbbab8a9744264c6508d81be00b4b/start HTTP/1.1
02:20:56.792 [Test worker] DEBUG o.a.h.impl.execchain.MainClientExec - Target auth state: UNCHALLENGED
02:20:56.792 [Test worker] DEBUG o.a.h.impl.execchain.MainClientExec - Proxy auth state: UNCHALLENGED
02:20:56.792 [Test worker] DEBUG org.apache.http.headers - http-outgoing-160 >> POST /containers/6f50453493cba75cd94d9ba75aafd4190ebbbbab8a9744264c6508d81be00b4b/start HTTP/1.1
02:20:56.792 [Test worker] DEBUG org.apache.http.headers - http-outgoing-160 >> Accept: application/json
02:20:56.792 [Test worker] DEBUG org.apache.http.headers - http-outgoing-160 >> User-Agent: Jersey/2.23.1 (Apache HttpClient 4.5.1)
02:20:56.792 [Test worker] DEBUG org.apache.http.headers - http-outgoing-160 >> Host: Thesis:2376
02:20:56.792 [Test worker] DEBUG org.apache.http.headers - http-outgoing-160 >> Connection: Keep-Alive
02:20:56.793 [Test worker] DEBUG org.apache.http.headers - http-outgoing-160 >> Accept-Encoding: gzip,deflate
02:20:56.793 [Test worker] DEBUG org.apache.http.wire - http-outgoing-160 >> "POST /containers/6f50453493cba75cd94d9ba75aafd4190ebbbbab8a9744264c6508d81be00b4b/start HTTP/1.1[\r][\n]"
02:20:56.793 [Test worker] DEBUG org.apache.http.wire - http-outgoing-160 >> "Accept: application/json[\r][\n]"
02:20:56.793 [Test worker] DEBUG org.apache.http.wire - http-outgoing-160 >> "User-Agent: Jersey/2.23.1 (Apache HttpClient 4.5.1)[\r][\n]"
02:20:56.793 [Test worker] DEBUG org.apache.http.wire - http-outgoing-160 >> "Host: Thesis:2376[\r][\n]"
02:20:56.793 [Test worker] DEBUG org.apache.http.wire - http-outgoing-160 >> "Connection: Keep-Alive[\r][\n]"
02:20:56.793 [Test worker] DEBUG org.apache.http.wire - http-outgoing-160 >> "Accept-Encoding: gzip,deflate[\r][\n]"
02:20:56.793 [Test worker] DEBUG org.apache.http.wire - http-outgoing-160 >> "[\r][\n]"
02:20:56.948 [Test worker] DEBUG org.apache.http.wire - http-outgoing-160 << "H"
02:20:56.949 [Test worker] DEBUG org.apache.http.wire - http-outgoing-160 << "TTP/1.1 204 No Content[\r][\n]"
02:20:56.949 [Test worker] DEBUG org.apache.http.wire - http-outgoing-160 << "Server: Docker/1.12.3 (linux)[\r][\n]"
02:20:56.949 [Test worker] DEBUG org.apache.http.wire - http-outgoing-160 << "Date: Tue, 03 Jan 2017 01:20:56 GMT[\r][\n]"
02:20:56.949 [Test worker] DEBUG org.apache.http.wire - http-outgoing-160 << "[\r][\n]"
02:20:56.949 [Test worker] DEBUG org.apache.http.headers - http-outgoing-160 << HTTP/1.1 204 No Content
02:20:56.949 [Test worker] DEBUG org.apache.http.headers - http-outgoing-160 << Server: Docker/1.12.3 (linux)
02:20:56.949 [Test worker] DEBUG org.apache.http.headers - http-outgoing-160 << Date: Tue, 03 Jan 2017 01:20:56 GMT
02:20:56.949 [Test worker] DEBUG o.a.h.impl.execchain.MainClientExec - Connection can be kept alive indefinitely
02:20:56.949 [Test worker] DEBUG c.g.d.j.JerseyDockerCmdExecFactory$1 - Connection [id: 160][route: {s}->https://Thesis:2376][state: CN=Thesis] can be kept alive indefinitely
02:20:56.949 [Test worker] DEBUG c.g.d.j.JerseyDockerCmdExecFactory$1 - Connection released: [id: 160][route: {s}->https://Thesis:2376][state: CN=Thesis][total kept alive: 2; route allocated: 2 of 2; total allocated: 2 of 20]
02:20:56.949 [Test worker] DEBUG c.g.d.j.JerseyDockerCmdExecFactory - 16 * Client response received on thread Test worker
16 < 204
16 < Date: Tue, 03 Jan 2017 01:20:56 GMT
16 < Server: Docker/1.12.3 (linux)

02:20:56.949 [Test worker] DEBUG c.g.d.core.command.AbstrDockerCmd - Cmd: ListImagesCmdImpl[imageNameFilter=<null>,showAll=true,filters=com.github.dockerjava.core.util.FiltersBuilder@0,execution=com.github.dockerjava.jaxrs.ListImagesCmdExec@59e8d980]
02:20:56.950 [Test worker] DEBUG c.g.d.j.JerseyDockerCmdExecFactory - 17 * Sending client request on thread Test worker
17 > GET https://Thesis:2376/images/json?all=true
17 > Accept: application/json

02:20:56.950 [Test worker] DEBUG o.a.h.c.protocol.RequestAddCookies - CookieSpec selected: default
02:20:56.950 [Test worker] DEBUG o.a.h.c.protocol.RequestAuthCache - Auth cache not set in the context
02:20:56.950 [Test worker] DEBUG c.g.d.j.JerseyDockerCmdExecFactory$1 - Connection request: [route: {s}->https://Thesis:2376][total kept alive: 2; route allocated: 2 of 2; total allocated: 2 of 20]
02:20:56.950 [Test worker] DEBUG o.a.h.i.c.DefaultManagedHttpClientConnection - http-outgoing-153: Close connection
02:20:56.950 [Test worker] DEBUG c.g.d.j.JerseyDockerCmdExecFactory$1 - Connection leased: [id: 161][route: {s}->https://Thesis:2376][total kept alive: 1; route allocated: 2 of 2; total allocated: 2 of 20]
02:20:56.950 [Test worker] DEBUG o.a.h.impl.execchain.MainClientExec - Opening connection {s}->https://Thesis:2376
02:20:56.950 [Test worker] DEBUG o.a.h.i.c.DefaultHttpClientConnectionOperator - Connecting to Thesis/127.0.1.1:2376
02:20:56.950 [Test worker] DEBUG o.a.h.c.s.SSLConnectionSocketFactory - Connecting socket to Thesis/127.0.1.1:2376 with timeout 0
02:20:56.951 [Test worker] DEBUG o.a.h.c.s.SSLConnectionSocketFactory - Enabled protocols: [TLSv1]
02:20:56.951 [Test worker] DEBUG o.a.h.c.s.SSLConnectionSocketFactory - Enabled cipher suites:[TLS_ECDHE_ECDSA_WITH_AES_128_CBC_SHA, TLS_ECDHE_RSA_WITH_AES_128_CBC_SHA, TLS_RSA_WITH_AES_128_CBC_SHA, TLS_ECDH_ECDSA_WITH_AES_128_CBC_SHA, TLS_ECDH_RSA_WITH_AES_128_CBC_SHA, TLS_DHE_RSA_WITH_AES_128_CBC_SHA, TLS_DHE_DSS_WITH_AES_128_CBC_SHA, TLS_ECDHE_ECDSA_WITH_3DES_EDE_CBC_SHA, TLS_ECDHE_RSA_WITH_3DES_EDE_CBC_SHA, SSL_RSA_WITH_3DES_EDE_CBC_SHA, TLS_ECDH_ECDSA_WITH_3DES_EDE_CBC_SHA, TLS_ECDH_RSA_WITH_3DES_EDE_CBC_SHA, SSL_DHE_RSA_WITH_3DES_EDE_CBC_SHA, SSL_DHE_DSS_WITH_3DES_EDE_CBC_SHA, TLS_ECDHE_ECDSA_WITH_RC4_128_SHA, TLS_ECDHE_RSA_WITH_RC4_128_SHA, SSL_RSA_WITH_RC4_128_SHA, TLS_ECDH_ECDSA_WITH_RC4_128_SHA, TLS_ECDH_RSA_WITH_RC4_128_SHA, SSL_RSA_WITH_RC4_128_MD5, TLS_EMPTY_RENEGOTIATION_INFO_SCSV]
02:20:56.951 [Test worker] DEBUG o.a.h.c.s.SSLConnectionSocketFactory - Starting handshake
02:20:57.011 [Test worker] DEBUG o.a.h.c.s.SSLConnectionSocketFactory - Secure session established
02:20:57.012 [Test worker] DEBUG o.a.h.c.s.SSLConnectionSocketFactory -  negotiated protocol: TLSv1
02:20:57.012 [Test worker] DEBUG o.a.h.c.s.SSLConnectionSocketFactory -  negotiated cipher suite: TLS_ECDHE_RSA_WITH_AES_128_CBC_SHA
02:20:57.012 [Test worker] DEBUG o.a.h.c.s.SSLConnectionSocketFactory -  peer principal: CN=Thesis
02:20:57.012 [Test worker] DEBUG o.a.h.c.s.SSLConnectionSocketFactory -  issuer principal: EMAILADDRESS=sha@yamil.com, CN=Thesis, OU=Open, O=Fra, L=BER, ST=BER, C=DE
02:20:57.012 [Test worker] DEBUG o.a.h.i.c.DefaultHttpClientConnectionOperator - Connection established 127.0.0.1:41198<->127.0.1.1:2376
02:20:57.012 [Test worker] DEBUG o.a.h.impl.execchain.MainClientExec - Executing request GET /images/json?all=true HTTP/1.1
02:20:57.012 [Test worker] DEBUG o.a.h.impl.execchain.MainClientExec - Target auth state: UNCHALLENGED
02:20:57.012 [Test worker] DEBUG o.a.h.impl.execchain.MainClientExec - Proxy auth state: UNCHALLENGED
02:20:57.012 [Test worker] DEBUG org.apache.http.headers - http-outgoing-161 >> GET /images/json?all=true HTTP/1.1
02:20:57.012 [Test worker] DEBUG org.apache.http.headers - http-outgoing-161 >> Accept: application/json
02:20:57.012 [Test worker] DEBUG org.apache.http.headers - http-outgoing-161 >> User-Agent: Jersey/2.23.1 (Apache HttpClient 4.5.1)
02:20:57.013 [Test worker] DEBUG org.apache.http.headers - http-outgoing-161 >> Host: Thesis:2376
02:20:57.013 [Test worker] DEBUG org.apache.http.headers - http-outgoing-161 >> Connection: Keep-Alive
02:20:57.013 [Test worker] DEBUG org.apache.http.headers - http-outgoing-161 >> Accept-Encoding: gzip,deflate
02:20:57.013 [Test worker] DEBUG org.apache.http.wire - http-outgoing-161 >> "GET /images/json?all=true HTTP/1.1[\r][\n]"
02:20:57.013 [Test worker] DEBUG org.apache.http.wire - http-outgoing-161 >> "Accept: application/json[\r][\n]"
02:20:57.013 [Test worker] DEBUG org.apache.http.wire - http-outgoing-161 >> "User-Agent: Jersey/2.23.1 (Apache HttpClient 4.5.1)[\r][\n]"
02:20:57.013 [Test worker] DEBUG org.apache.http.wire - http-outgoing-161 >> "Host: Thesis:2376[\r][\n]"
02:20:57.013 [Test worker] DEBUG org.apache.http.wire - http-outgoing-161 >> "Connection: Keep-Alive[\r][\n]"
02:20:57.013 [Test worker] DEBUG org.apache.http.wire - http-outgoing-161 >> "Accept-Encoding: gzip,deflate[\r][\n]"
02:20:57.013 [Test worker] DEBUG org.apache.http.wire - http-outgoing-161 >> "[\r][\n]"
02:20:57.014 [Test worker] DEBUG org.apache.http.wire - http-outgoing-161 << "H"
02:20:57.014 [Test worker] DEBUG org.apache.http.wire - http-outgoing-161 << "TTP/1.1 200 OK[\r][\n]"
02:20:57.014 [Test worker] DEBUG org.apache.http.wire - http-outgoing-161 << "Content-Type: application/json[\r][\n]"
02:20:57.014 [Test worker] DEBUG org.apache.http.wire - http-outgoing-161 << "Server: Docker/1.12.3 (linux)[\r][\n]"
02:20:57.015 [Test worker] DEBUG org.apache.http.wire - http-outgoing-161 << "Date: Tue, 03 Jan 2017 01:20:57 GMT[\r][\n]"
02:20:57.015 [Test worker] DEBUG org.apache.http.wire - http-outgoing-161 << "Content-Length: 1195[\r][\n]"
02:20:57.015 [Test worker] DEBUG org.apache.http.wire - http-outgoing-161 << "[\r][\n]"
02:20:57.015 [Test worker] DEBUG org.apache.http.wire - http-outgoing-161 << "[{"Id":"sha256:4ca3a192ff2a5b7e225e81dc006b6379c10776ed3619757a65608cb72de0a7f6","ParentId":"","RepoTags":["ubuntu:latest"],"RepoDigests":["ubuntu@sha256:3b64c309deae7ab0f7dbdd42b6b326261ccd6261da5d88396439353162703fb5"],"Created":1480449877,"Size":128206574,"VirtualSize":128206574,"Labels":{}},{"Id":"sha256:aae2b63c49461fcae4962e4a8043f66acf8e3af7e62f5ebceb70b181d8ca01e0","ParentId":"","RepoTags":["ubuntu:14.04"],"RepoDigests":["ubuntu@sha256:edb984703bd3e8981ff541a5b9297ca1b81fde6e6e8094d86e390a38ebc30b4d"],"Created":1480449856,"Size":187952254,"VirtualSize":187952254,"Labels":{}},{"Id":"sha256:e02e811dd08fd49e7f6032625495118e63f597eb150403d02e3238af1df240ba","ParentId":"","RepoTags":["busybox:latest"],"RepoDigests":["busybox@sha256:29f5d56d12684887bdfa50dcd29fc31eea4aaf4ad3bec43daf19026a7ce69912"],"Created":1475874238,"Size":1093484,"VirtualSize":1093484,"Labels":{}},{"Id":"sha256:d654de4499473ed41349b54a988b6f46a7fc92e3fa2d61e102bf2660a0116e25","ParentId":"","RepoTags":["sakib37/iperf3:latest"],"RepoDigests":["sakib37/iperf3@sha256:8d80a810f8f508c074b14d02555f20110eac382c8dbda7252075392983629d40"],"Created":1474907599,"Size":199456654,"VirtualSize":199456654,"Labels":{}}][\n]"
02:20:57.015 [Test worker] DEBUG org.apache.http.headers - http-outgoing-161 << HTTP/1.1 200 OK
02:20:57.015 [Test worker] DEBUG org.apache.http.headers - http-outgoing-161 << Content-Type: application/json
02:20:57.015 [Test worker] DEBUG org.apache.http.headers - http-outgoing-161 << Server: Docker/1.12.3 (linux)
02:20:57.015 [Test worker] DEBUG org.apache.http.headers - http-outgoing-161 << Date: Tue, 03 Jan 2017 01:20:57 GMT
02:20:57.015 [Test worker] DEBUG org.apache.http.headers - http-outgoing-161 << Content-Length: 1195
02:20:57.015 [Test worker] DEBUG o.a.h.impl.execchain.MainClientExec - Connection can be kept alive indefinitely
02:20:57.016 [Test worker] DEBUG c.g.d.j.JerseyDockerCmdExecFactory - 18 * Client response received on thread Test worker
18 < 200
18 < Content-Length: 1195
18 < Content-Type: application/json
18 < Date: Tue, 03 Jan 2017 01:20:57 GMT
18 < Server: Docker/1.12.3 (linux)
[{"Id":"sha256:4ca3a192ff2a5b7e225e81dc006b6379c10776ed3619757a65608cb72de0a7f6","ParentId":"","RepoTags":["ubuntu:latest"],"RepoDigests":["ubuntu@sha256:3b64c309deae7ab0f7dbdd42b6b326261ccd6261da5d88396439353162703fb5"],"Created":1480449877,"Size":128206574,"VirtualSize":128206574,"Labels":{}},{"Id":"sha256:aae2b63c49461fcae4962e4a8043f66acf8e3af7e62f5ebceb70b181d8ca01e0","ParentId":"","RepoTags":["ubuntu:14.04"],"RepoDigests":["ubuntu@sha256:edb984703bd3e8981ff541a5b9297ca1b81fde6e6e8094d86e390a38ebc30b4d"],"Created":1480449856,"Size":187952254,"VirtualSize":187952254,"Labels":{}},{"Id":"sha256:e02e811dd08fd49e7f6032625495118e63f597eb150403d02e3238af1df240ba","ParentId":"","RepoTags":["busybox:latest"],"RepoDigests":["busybox@sha256:29f5d56d12684887bdfa50dcd29fc31eea4aaf4ad3bec43daf19026a7ce69912"],"Created":1475874238,"Size":1093484,"VirtualSize":1093484,"Labels":{}},{"Id":"sha256:d654de4499473ed41349b54a988b6f46a7fc92e3fa2d61e102bf2660a0116e25","ParentId":"","RepoTags":["sakib37/iperf3:latest"],"RepoDigests":["sakib37/iperf3@sha256:8d80a810f8f508c074b14d02555f20110eac382c8dbda7252075392983629d40"],"Created":1474907599,"Size":199456654,"VirtualSize":199456654,"Labels":{}}]


02:20:57.016 [Test worker] DEBUG o.a.h.i.c.DefaultManagedHttpClientConnection - http-outgoing-161: Close connection
02:20:57.017 [Test worker] DEBUG o.a.h.impl.execchain.MainClientExec - Connection discarded
02:20:57.017 [Test worker] DEBUG c.g.d.j.JerseyDockerCmdExecFactory$1 - Connection released: [id: 161][route: {s}->https://Thesis:2376][total kept alive: 1; route allocated: 1 of 2; total allocated: 1 of 20]
02:20:57.017 [Test worker] DEBUG org.openbaton.docker.DockerVim - Found a docker image, transformed into a NFV Image Image{id='sha256:aae2b63c49461fcae4962e4a8043f66acf8e3af7e62f5ebceb70b181d8ca01e0', name='ubuntu:14.04', version=0, extId='null', minRam='0', minDiskSpace='0', minCPU='null', public='true', diskFormat='null', containerFormat='docker', created='Sun Jan 18 04:14:09 CET 1970', updated='null'}
02:20:57.018 [Test worker] DEBUG c.g.d.core.command.AbstrDockerCmd - Cmd: com.github.dockerjava.core.command.CopyArchiveToContainerCmdImpl@424f5762[cp ,/home/sakib/docker-plugin/src/test/data, ,6f50453493cba75cd94d9ba75aafd4190ebbbbab8a9744264c6508d81be00b4b,:,/]
02:20:57.019 [Test worker] DEBUG o.a.h.c.protocol.RequestAddCookies - CookieSpec selected: default
02:20:57.019 [Test worker] DEBUG o.a.h.c.protocol.RequestAuthCache - Auth cache not set in the context
02:20:57.019 [Test worker] DEBUG c.g.d.j.JerseyDockerCmdExecFactory$1 - Connection request: [route: {s}->https://Thesis:2376][total kept alive: 1; route allocated: 1 of 2; total allocated: 1 of 20]
02:20:57.019 [Test worker] DEBUG c.g.d.j.JerseyDockerCmdExecFactory$1 - Connection leased: [id: 162][route: {s}->https://Thesis:2376][total kept alive: 1; route allocated: 2 of 2; total allocated: 2 of 20]
02:20:57.032 [Test worker] DEBUG o.a.h.impl.execchain.MainClientExec - Opening connection {s}->https://Thesis:2376
02:20:57.032 [Test worker] DEBUG o.a.h.i.c.DefaultHttpClientConnectionOperator - Connecting to Thesis/127.0.1.1:2376
02:20:57.032 [Test worker] DEBUG o.a.h.c.s.SSLConnectionSocketFactory - Connecting socket to Thesis/127.0.1.1:2376 with timeout 0
02:20:57.033 [Test worker] DEBUG o.a.h.c.s.SSLConnectionSocketFactory - Enabled protocols: [TLSv1]
02:20:57.033 [Test worker] DEBUG o.a.h.c.s.SSLConnectionSocketFactory - Enabled cipher suites:[TLS_ECDHE_ECDSA_WITH_AES_128_CBC_SHA, TLS_ECDHE_RSA_WITH_AES_128_CBC_SHA, TLS_RSA_WITH_AES_128_CBC_SHA, TLS_ECDH_ECDSA_WITH_AES_128_CBC_SHA, TLS_ECDH_RSA_WITH_AES_128_CBC_SHA, TLS_DHE_RSA_WITH_AES_128_CBC_SHA, TLS_DHE_DSS_WITH_AES_128_CBC_SHA, TLS_ECDHE_ECDSA_WITH_3DES_EDE_CBC_SHA, TLS_ECDHE_RSA_WITH_3DES_EDE_CBC_SHA, SSL_RSA_WITH_3DES_EDE_CBC_SHA, TLS_ECDH_ECDSA_WITH_3DES_EDE_CBC_SHA, TLS_ECDH_RSA_WITH_3DES_EDE_CBC_SHA, SSL_DHE_RSA_WITH_3DES_EDE_CBC_SHA, SSL_DHE_DSS_WITH_3DES_EDE_CBC_SHA, TLS_ECDHE_ECDSA_WITH_RC4_128_SHA, TLS_ECDHE_RSA_WITH_RC4_128_SHA, SSL_RSA_WITH_RC4_128_SHA, TLS_ECDH_ECDSA_WITH_RC4_128_SHA, TLS_ECDH_RSA_WITH_RC4_128_SHA, SSL_RSA_WITH_RC4_128_MD5, TLS_EMPTY_RENEGOTIATION_INFO_SCSV]
02:20:57.033 [Test worker] DEBUG o.a.h.c.s.SSLConnectionSocketFactory - Starting handshake
02:20:57.095 [Test worker] DEBUG o.a.h.c.s.SSLConnectionSocketFactory - Secure session established
02:20:57.095 [Test worker] DEBUG o.a.h.c.s.SSLConnectionSocketFactory -  negotiated protocol: TLSv1
02:20:57.096 [Test worker] DEBUG o.a.h.c.s.SSLConnectionSocketFactory -  negotiated cipher suite: TLS_ECDHE_RSA_WITH_AES_128_CBC_SHA
02:20:57.096 [Test worker] DEBUG o.a.h.c.s.SSLConnectionSocketFactory -  peer principal: CN=Thesis
02:20:57.096 [Test worker] DEBUG o.a.h.c.s.SSLConnectionSocketFactory -  issuer principal: EMAILADDRESS=sha@yamil.com, CN=Thesis, OU=Open, O=Fra, L=BER, ST=BER, C=DE
02:20:57.096 [Test worker] DEBUG o.a.h.i.c.DefaultHttpClientConnectionOperator - Connection established 127.0.0.1:41200<->127.0.1.1:2376
02:20:57.096 [Test worker] DEBUG o.a.h.impl.execchain.MainClientExec - Executing request PUT /containers/6f50453493cba75cd94d9ba75aafd4190ebbbbab8a9744264c6508d81be00b4b/archive?path=%2F&noOverwriteDirNonDir=false HTTP/1.1
02:20:57.096 [Test worker] DEBUG o.a.h.impl.execchain.MainClientExec - Target auth state: UNCHALLENGED
02:20:57.096 [Test worker] DEBUG o.a.h.impl.execchain.MainClientExec - Proxy auth state: UNCHALLENGED
02:20:57.097 [Test worker] DEBUG org.apache.http.headers - http-outgoing-162 >> PUT /containers/6f50453493cba75cd94d9ba75aafd4190ebbbbab8a9744264c6508d81be00b4b/archive?path=%2F&noOverwriteDirNonDir=false HTTP/1.1
02:20:57.097 [Test worker] DEBUG org.apache.http.headers - http-outgoing-162 >> Content-Type: application/x-tar
02:20:57.097 [Test worker] DEBUG org.apache.http.headers - http-outgoing-162 >> User-Agent: Jersey/2.23.1 (Apache HttpClient 4.5.1)
02:20:57.097 [Test worker] DEBUG org.apache.http.headers - http-outgoing-162 >> Transfer-Encoding: chunked
02:20:57.097 [Test worker] DEBUG org.apache.http.headers - http-outgoing-162 >> Host: Thesis:2376
02:20:57.097 [Test worker] DEBUG org.apache.http.headers - http-outgoing-162 >> Connection: Keep-Alive
02:20:57.097 [Test worker] DEBUG org.apache.http.headers - http-outgoing-162 >> Accept-Encoding: gzip,deflate
02:20:57.097 [Test worker] DEBUG c.g.d.j.JerseyDockerCmdExecFactory - 19 * Sending client request on thread Test worker
19 > PUT https://Thesis:2376/containers/6f50453493cba75cd94d9ba75aafd4190ebbbbab8a9744264c6508d81be00b4b/archive?path=%2F&noOverwriteDirNonDir=false
19 > Content-Type: application/x-tar
?�???????���OK�0??��)^��6i�zҋ�1?x����h?s?�;����
�??������4��I�Y���?�^?J�����X�"�T1��$!���?Rg�Wk?X��c��?�?[���ɟM��һ�?{�?1�_��E��?Ϛ���/�y��7�ҭӥ?6I�/��d6]]>&#x7f;<![CDATA[~H�c��?���$\oKK?����4?�#��W%eս�5�f]�xij�?����α����Ӱ�4���a�����??}���l�X*NP3�[u��?????????????????p?{��~�?(??

02:20:57.098 [Test worker] DEBUG org.apache.http.wire - http-outgoing-162 >> "PUT /containers/6f50453493cba75cd94d9ba75aafd4190ebbbbab8a9744264c6508d81be00b4b/archive?path=%2F&noOverwriteDirNonDir=false HTTP/1.1[\r][\n]"
02:20:57.098 [Test worker] DEBUG org.apache.http.wire - http-outgoing-162 >> "Content-Type: application/x-tar[\r][\n]"
02:20:57.098 [Test worker] DEBUG org.apache.http.wire - http-outgoing-162 >> "User-Agent: Jersey/2.23.1 (Apache HttpClient 4.5.1)[\r][\n]"
02:20:57.098 [Test worker] DEBUG org.apache.http.wire - http-outgoing-162 >> "Transfer-Encoding: chunked[\r][\n]"
02:20:57.098 [Test worker] DEBUG org.apache.http.wire - http-outgoing-162 >> "Host: Thesis:2376[\r][\n]"
02:20:57.098 [Test worker] DEBUG org.apache.http.wire - http-outgoing-162 >> "Connection: Keep-Alive[\r][\n]"
02:20:57.098 [Test worker] DEBUG org.apache.http.wire - http-outgoing-162 >> "Accept-Encoding: gzip,deflate[\r][\n]"
02:20:57.098 [Test worker] DEBUG org.apache.http.wire - http-outgoing-162 >> "[\r][\n]"
02:20:57.098 [Test worker] DEBUG org.apache.http.wire - http-outgoing-162 >> "112[\r][\n]"
02:20:57.098 [Test worker] DEBUG org.apache.http.wire - http-outgoing-162 >> "[0x1f][0x8b][0x8][0x0][0x0][0x0][0x0][0x0][0x0][0xff][0xed][0xd2]OK[0xc3]0[0x18][0x6][0xf0][0x9d][0xfb])^[0xe7][0xce]6i[0xcd]z[0xd2][0x8b][0xb8]1[0x18]x[0xd0][0xfb][0xc8][0xda]h[0x2]s[0x1d][0xc9];[0xf6][0xf5][0x97][0xb6][\n]"
02:20:57.098 [Test worker] DEBUG org.apache.http.wire - http-outgoing-162 >> "[0xb3][0x7][0x11][0xf6][0xef][0xe0][0xf3][0xa3][0xd0][0xd0]4[0xef][0x9b][0xf6]I[0xa5]Y[0xa7][0x83][0xf3][0x12][0xe2]^[0x14]J[0x91][0xe8][0xf4][0xef][0xed]X[0xe6]"[0xcf]T1[0x96][0x85]$![0x85][0xca][0xc6][0x3]Rg[0xde]Wk[0x1b]X[0xfb][0xb8][0xc5]c[0xeb][0xf4]?[0xee][0x4][[0xbb][0x84][0xaa][0xc9][0x9f]M[0xe0][0xd7][0xd2][0xbb][\r][0xdf][0x5]{[0xfa][0x1e]1[0xcf]_[0xf3][0xcf]E[0xd1][0xcb]?[0xcf][0x9a][0xfc][0x8f][0xce][0xe4]/[0xfe]y[0xfe][0xb7]7[0xe9][0xd2][0xad][0xd3][0xa5][0xe]6I[0xe6]/[0xd3][0xc5]d6]]>&#x7f;<![CDATA[~H[0xdb]c[0xb1][0xaa]?[0xde][0xdd][0xca]$\oKK?[0x9f][0x99][0xd2][0xd6]4[0x1c][0xd2]#[0x8d][0xbe]W%e[0xd5][0xbd][0xf4]5[0xf9]f][0xa0]xij[0xce][0x17][0x85][0xf6][0x80][0xd1][0xce][0xb1][0xa5][0x8d][0xf6][0xfa][0xd3][0xb0][0xf1]4[0x92][0xb1][0xc6]a[0x91][0xae][0xd9][0xda][0xec][0x16][0x7]}[0x9e][0xbc][0xd1]l[0xaa]X*NP3[0xd1][u[0xed][0xdf][0x8][0x0][0x0][0x0][0x0][0x0][0x0][0x0][0x0][0x0][0x0][0x0][0x0][0x0][0x0][0x0][0x0]p[0x15]{[0xaf][0xdc]~[0xd7][0x0]([0x0][0x0][\r][\n]"
02:20:57.099 [Test worker] DEBUG org.apache.http.wire - http-outgoing-162 >> "0[\r][\n]"
02:20:57.099 [Test worker] DEBUG org.apache.http.wire - http-outgoing-162 >> "[\r][\n]"
02:20:57.129 [Test worker] DEBUG org.apache.http.wire - http-outgoing-162 << "H"
02:20:57.129 [Test worker] DEBUG org.apache.http.wire - http-outgoing-162 << "TTP/1.1 200 OK[\r][\n]"
02:20:57.129 [Test worker] DEBUG org.apache.http.wire - http-outgoing-162 << "Server: Docker/1.12.3 (linux)[\r][\n]"
02:20:57.129 [Test worker] DEBUG org.apache.http.wire - http-outgoing-162 << "Date: Tue, 03 Jan 2017 01:20:57 GMT[\r][\n]"
02:20:57.129 [Test worker] DEBUG org.apache.http.wire - http-outgoing-162 << "Content-Length: 0[\r][\n]"
02:20:57.130 [Test worker] DEBUG org.apache.http.wire - http-outgoing-162 << "Content-Type: text/plain; charset=utf-8[\r][\n]"
02:20:57.130 [Test worker] DEBUG org.apache.http.wire - http-outgoing-162 << "[\r][\n]"
02:20:57.130 [Test worker] DEBUG org.apache.http.headers - http-outgoing-162 << HTTP/1.1 200 OK
02:20:57.130 [Test worker] DEBUG org.apache.http.headers - http-outgoing-162 << Server: Docker/1.12.3 (linux)
02:20:57.130 [Test worker] DEBUG org.apache.http.headers - http-outgoing-162 << Date: Tue, 03 Jan 2017 01:20:57 GMT
02:20:57.130 [Test worker] DEBUG org.apache.http.headers - http-outgoing-162 << Content-Length: 0
02:20:57.130 [Test worker] DEBUG org.apache.http.headers - http-outgoing-162 << Content-Type: text/plain; charset=utf-8
02:20:57.130 [Test worker] DEBUG o.a.h.impl.execchain.MainClientExec - Connection can be kept alive indefinitely
02:20:57.130 [Test worker] DEBUG c.g.d.j.JerseyDockerCmdExecFactory$1 - Connection [id: 162][route: {s}->https://Thesis:2376][state: CN=Thesis] can be kept alive indefinitely
02:20:57.130 [Test worker] DEBUG c.g.d.j.JerseyDockerCmdExecFactory$1 - Connection released: [id: 162][route: {s}->https://Thesis:2376][state: CN=Thesis][total kept alive: 2; route allocated: 2 of 2; total allocated: 2 of 20]
02:20:57.131 [Test worker] DEBUG c.g.d.j.JerseyDockerCmdExecFactory - 20 * Client response received on thread Test worker
20 < 200
20 < Content-Length: 0
20 < Content-Type: application/json;charset=utf-8
20 < Date: Tue, 03 Jan 2017 01:20:57 GMT
20 < Server: Docker/1.12.3 (linux)

02:20:57.131 [Test worker] INFO  org.openbaton.docker.DockerVim - Archive '/home/sakib/docker-plugin/src/test/data' copied successfully to container '6f50453493cba75cd94d9ba75aafd4190ebbbbab8a9744264c6508d81be00b4b
02:20:57.131 [Test worker] DEBUG c.g.d.core.command.AbstrDockerCmd - Cmd: 6f50453493cba75cd94d9ba75aafd4190ebbbbab8a9744264c6508d81be00b4b,true,true,<null>,true,root,{/data/testScript.sh,param1},com.github.dockerjava.jaxrs.ExecCreateCmdExec@6d1f9295
02:20:57.132 [Test worker] DEBUG o.a.h.c.protocol.RequestAddCookies - CookieSpec selected: default
02:20:57.132 [Test worker] DEBUG o.a.h.c.protocol.RequestAuthCache - Auth cache not set in the context
02:20:57.132 [Test worker] DEBUG c.g.d.j.JerseyDockerCmdExecFactory$1 - Connection request: [route: {s}->https://Thesis:2376][total kept alive: 2; route allocated: 2 of 2; total allocated: 2 of 20]
02:20:57.132 [Test worker] DEBUG o.a.h.i.c.DefaultManagedHttpClientConnection - http-outgoing-160: Close connection
02:20:57.132 [Test worker] DEBUG c.g.d.j.JerseyDockerCmdExecFactory$1 - Connection leased: [id: 163][route: {s}->https://Thesis:2376][total kept alive: 1; route allocated: 2 of 2; total allocated: 2 of 20]
02:20:57.133 [Test worker] DEBUG o.a.h.impl.execchain.MainClientExec - Opening connection {s}->https://Thesis:2376
02:20:57.133 [Test worker] DEBUG o.a.h.i.c.DefaultHttpClientConnectionOperator - Connecting to Thesis/127.0.1.1:2376
02:20:57.133 [Test worker] DEBUG o.a.h.c.s.SSLConnectionSocketFactory - Connecting socket to Thesis/127.0.1.1:2376 with timeout 0
02:20:57.133 [Test worker] DEBUG o.a.h.c.s.SSLConnectionSocketFactory - Enabled protocols: [TLSv1]
02:20:57.133 [Test worker] DEBUG o.a.h.c.s.SSLConnectionSocketFactory - Enabled cipher suites:[TLS_ECDHE_ECDSA_WITH_AES_128_CBC_SHA, TLS_ECDHE_RSA_WITH_AES_128_CBC_SHA, TLS_RSA_WITH_AES_128_CBC_SHA, TLS_ECDH_ECDSA_WITH_AES_128_CBC_SHA, TLS_ECDH_RSA_WITH_AES_128_CBC_SHA, TLS_DHE_RSA_WITH_AES_128_CBC_SHA, TLS_DHE_DSS_WITH_AES_128_CBC_SHA, TLS_ECDHE_ECDSA_WITH_3DES_EDE_CBC_SHA, TLS_ECDHE_RSA_WITH_3DES_EDE_CBC_SHA, SSL_RSA_WITH_3DES_EDE_CBC_SHA, TLS_ECDH_ECDSA_WITH_3DES_EDE_CBC_SHA, TLS_ECDH_RSA_WITH_3DES_EDE_CBC_SHA, SSL_DHE_RSA_WITH_3DES_EDE_CBC_SHA, SSL_DHE_DSS_WITH_3DES_EDE_CBC_SHA, TLS_ECDHE_ECDSA_WITH_RC4_128_SHA, TLS_ECDHE_RSA_WITH_RC4_128_SHA, SSL_RSA_WITH_RC4_128_SHA, TLS_ECDH_ECDSA_WITH_RC4_128_SHA, TLS_ECDH_RSA_WITH_RC4_128_SHA, SSL_RSA_WITH_RC4_128_MD5, TLS_EMPTY_RENEGOTIATION_INFO_SCSV]
02:20:57.134 [Test worker] DEBUG o.a.h.c.s.SSLConnectionSocketFactory - Starting handshake
02:20:57.208 [Test worker] DEBUG o.a.h.c.s.SSLConnectionSocketFactory - Secure session established
02:20:57.208 [Test worker] DEBUG o.a.h.c.s.SSLConnectionSocketFactory -  negotiated protocol: TLSv1
02:20:57.208 [Test worker] DEBUG o.a.h.c.s.SSLConnectionSocketFactory -  negotiated cipher suite: TLS_ECDHE_RSA_WITH_AES_128_CBC_SHA
02:20:57.209 [Test worker] DEBUG o.a.h.c.s.SSLConnectionSocketFactory -  peer principal: CN=Thesis
02:20:57.209 [Test worker] DEBUG o.a.h.c.s.SSLConnectionSocketFactory -  issuer principal: EMAILADDRESS=sha@yamil.com, CN=Thesis, OU=Open, O=Fra, L=BER, ST=BER, C=DE
02:20:57.209 [Test worker] DEBUG o.a.h.i.c.DefaultHttpClientConnectionOperator - Connection established 127.0.0.1:41202<->127.0.1.1:2376
02:20:57.209 [Test worker] DEBUG o.a.h.impl.execchain.MainClientExec - Executing request POST /containers/6f50453493cba75cd94d9ba75aafd4190ebbbbab8a9744264c6508d81be00b4b/exec HTTP/1.1
02:20:57.209 [Test worker] DEBUG o.a.h.impl.execchain.MainClientExec - Target auth state: UNCHALLENGED
02:20:57.209 [Test worker] DEBUG o.a.h.impl.execchain.MainClientExec - Proxy auth state: UNCHALLENGED
02:20:57.209 [Test worker] DEBUG org.apache.http.headers - http-outgoing-163 >> POST /containers/6f50453493cba75cd94d9ba75aafd4190ebbbbab8a9744264c6508d81be00b4b/exec HTTP/1.1
02:20:57.209 [Test worker] DEBUG org.apache.http.headers - http-outgoing-163 >> Accept: application/json
02:20:57.209 [Test worker] DEBUG org.apache.http.headers - http-outgoing-163 >> Content-Type: application/json
02:20:57.209 [Test worker] DEBUG org.apache.http.headers - http-outgoing-163 >> User-Agent: Jersey/2.23.1 (Apache HttpClient 4.5.1)
02:20:57.209 [Test worker] DEBUG org.apache.http.headers - http-outgoing-163 >> Transfer-Encoding: chunked
02:20:57.210 [Test worker] DEBUG org.apache.http.headers - http-outgoing-163 >> Host: Thesis:2376
02:20:57.210 [Test worker] DEBUG org.apache.http.headers - http-outgoing-163 >> Connection: Keep-Alive
02:20:57.210 [Test worker] DEBUG org.apache.http.headers - http-outgoing-163 >> Accept-Encoding: gzip,deflate
02:20:57.211 [Test worker] DEBUG c.g.d.j.JerseyDockerCmdExecFactory - 21 * Sending client request on thread Test worker
21 > POST https://Thesis:2376/containers/6f50453493cba75cd94d9ba75aafd4190ebbbbab8a9744264c6508d81be00b4b/exec
21 > Accept: application/json
21 > Content-Type: application/json
{"containerId":"6f50453493cba75cd94d9ba75aafd4190ebbbbab8a9744264c6508d81be00b4b","AttachStdin":true,"AttachStdout":true,"Tty":true,"User":"root","Cmd":["/data/testScript.sh","param1"]}

02:20:57.212 [Test worker] DEBUG org.apache.http.wire - http-outgoing-163 >> "POST /containers/6f50453493cba75cd94d9ba75aafd4190ebbbbab8a9744264c6508d81be00b4b/exec HTTP/1.1[\r][\n]"
02:20:57.212 [Test worker] DEBUG org.apache.http.wire - http-outgoing-163 >> "Accept: application/json[\r][\n]"
02:20:57.212 [Test worker] DEBUG org.apache.http.wire - http-outgoing-163 >> "Content-Type: application/json[\r][\n]"
02:20:57.212 [Test worker] DEBUG org.apache.http.wire - http-outgoing-163 >> "User-Agent: Jersey/2.23.1 (Apache HttpClient 4.5.1)[\r][\n]"
02:20:57.212 [Test worker] DEBUG org.apache.http.wire - http-outgoing-163 >> "Transfer-Encoding: chunked[\r][\n]"
02:20:57.212 [Test worker] DEBUG org.apache.http.wire - http-outgoing-163 >> "Host: Thesis:2376[\r][\n]"
02:20:57.212 [Test worker] DEBUG org.apache.http.wire - http-outgoing-163 >> "Connection: Keep-Alive[\r][\n]"
02:20:57.212 [Test worker] DEBUG org.apache.http.wire - http-outgoing-163 >> "Accept-Encoding: gzip,deflate[\r][\n]"
02:20:57.212 [Test worker] DEBUG org.apache.http.wire - http-outgoing-163 >> "[\r][\n]"
02:20:57.212 [Test worker] DEBUG org.apache.http.wire - http-outgoing-163 >> "b9[\r][\n]"
02:20:57.212 [Test worker] DEBUG org.apache.http.wire - http-outgoing-163 >> "{"containerId":"6f50453493cba75cd94d9ba75aafd4190ebbbbab8a9744264c6508d81be00b4b","AttachStdin":true,"AttachStdout":true,"Tty":true,"User":"root","Cmd":["/data/testScript.sh","param1"]}[\r][\n]"
02:20:57.213 [Test worker] DEBUG org.apache.http.wire - http-outgoing-163 >> "0[\r][\n]"
02:20:57.213 [Test worker] DEBUG org.apache.http.wire - http-outgoing-163 >> "[\r][\n]"
02:20:57.213 [Test worker] DEBUG org.apache.http.wire - http-outgoing-163 << "H"
02:20:57.213 [Test worker] DEBUG org.apache.http.wire - http-outgoing-163 << "TTP/1.1 201 Created[\r][\n]"
02:20:57.213 [Test worker] DEBUG org.apache.http.wire - http-outgoing-163 << "Content-Type: application/json[\r][\n]"
02:20:57.213 [Test worker] DEBUG org.apache.http.wire - http-outgoing-163 << "Server: Docker/1.12.3 (linux)[\r][\n]"
02:20:57.213 [Test worker] DEBUG org.apache.http.wire - http-outgoing-163 << "Date: Tue, 03 Jan 2017 01:20:57 GMT[\r][\n]"
02:20:57.214 [Test worker] DEBUG org.apache.http.wire - http-outgoing-163 << "Content-Length: 74[\r][\n]"
02:20:57.214 [Test worker] DEBUG org.apache.http.wire - http-outgoing-163 << "[\r][\n]"
02:20:57.214 [Test worker] DEBUG org.apache.http.wire - http-outgoing-163 << "{"Id":"b990ec17b2bfd150239ada4b0ccd142bcdb1e3a1e18ae119edc0fa8c0c08d45c"}[\n]"
02:20:57.214 [Test worker] DEBUG org.apache.http.headers - http-outgoing-163 << HTTP/1.1 201 Created
02:20:57.214 [Test worker] DEBUG org.apache.http.headers - http-outgoing-163 << Content-Type: application/json
02:20:57.214 [Test worker] DEBUG org.apache.http.headers - http-outgoing-163 << Server: Docker/1.12.3 (linux)
02:20:57.215 [Test worker] DEBUG org.apache.http.headers - http-outgoing-163 << Date: Tue, 03 Jan 2017 01:20:57 GMT
02:20:57.215 [Test worker] DEBUG org.apache.http.headers - http-outgoing-163 << Content-Length: 74
02:20:57.215 [Test worker] DEBUG o.a.h.impl.execchain.MainClientExec - Connection can be kept alive indefinitely
02:20:57.215 [Test worker] DEBUG c.g.d.j.JerseyDockerCmdExecFactory - 22 * Client response received on thread Test worker
22 < 201
22 < Content-Length: 74
22 < Content-Type: application/json
22 < Date: Tue, 03 Jan 2017 01:20:57 GMT
22 < Server: Docker/1.12.3 (linux)
{"Id":"b990ec17b2bfd150239ada4b0ccd142bcdb1e3a1e18ae119edc0fa8c0c08d45c"}


02:20:57.216 [Test worker] DEBUG o.a.h.i.c.DefaultManagedHttpClientConnection - http-outgoing-163: Close connection
02:20:57.217 [Test worker] DEBUG o.a.h.impl.execchain.MainClientExec - Connection discarded
02:20:57.217 [Test worker] DEBUG c.g.d.j.JerseyDockerCmdExecFactory$1 - Connection released: [id: 163][route: {s}->https://Thesis:2376][total kept alive: 1; route allocated: 1 of 2; total allocated: 1 of 20]
02:20:57.218 [dockerjava-jaxrs-async-1] DEBUG o.a.h.c.protocol.RequestAddCookies - CookieSpec selected: default
02:20:57.218 [dockerjava-jaxrs-async-1] DEBUG o.a.h.c.protocol.RequestAuthCache - Auth cache not set in the context
02:20:57.218 [dockerjava-jaxrs-async-1] DEBUG c.g.d.j.JerseyDockerCmdExecFactory$1 - Connection request: [route: {s}->https://Thesis:2376][total kept alive: 1; route allocated: 1 of 2; total allocated: 1 of 20]
02:20:57.218 [dockerjava-jaxrs-async-1] DEBUG c.g.d.j.JerseyDockerCmdExecFactory$1 - Connection leased: [id: 164][route: {s}->https://Thesis:2376][total kept alive: 1; route allocated: 2 of 2; total allocated: 2 of 20]
02:20:57.218 [dockerjava-jaxrs-async-1] DEBUG o.a.h.impl.execchain.MainClientExec - Opening connection {s}->https://Thesis:2376
02:20:57.218 [dockerjava-jaxrs-async-1] DEBUG o.a.h.i.c.DefaultHttpClientConnectionOperator - Connecting to Thesis/127.0.1.1:2376
02:20:57.218 [dockerjava-jaxrs-async-1] DEBUG o.a.h.c.s.SSLConnectionSocketFactory - Connecting socket to Thesis/127.0.1.1:2376 with timeout 0
02:20:57.219 [dockerjava-jaxrs-async-1] DEBUG o.a.h.c.s.SSLConnectionSocketFactory - Enabled protocols: [TLSv1]
02:20:57.219 [dockerjava-jaxrs-async-1] DEBUG o.a.h.c.s.SSLConnectionSocketFactory - Enabled cipher suites:[TLS_ECDHE_ECDSA_WITH_AES_128_CBC_SHA, TLS_ECDHE_RSA_WITH_AES_128_CBC_SHA, TLS_RSA_WITH_AES_128_CBC_SHA, TLS_ECDH_ECDSA_WITH_AES_128_CBC_SHA, TLS_ECDH_RSA_WITH_AES_128_CBC_SHA, TLS_DHE_RSA_WITH_AES_128_CBC_SHA, TLS_DHE_DSS_WITH_AES_128_CBC_SHA, TLS_ECDHE_ECDSA_WITH_3DES_EDE_CBC_SHA, TLS_ECDHE_RSA_WITH_3DES_EDE_CBC_SHA, SSL_RSA_WITH_3DES_EDE_CBC_SHA, TLS_ECDH_ECDSA_WITH_3DES_EDE_CBC_SHA, TLS_ECDH_RSA_WITH_3DES_EDE_CBC_SHA, SSL_DHE_RSA_WITH_3DES_EDE_CBC_SHA, SSL_DHE_DSS_WITH_3DES_EDE_CBC_SHA, TLS_ECDHE_ECDSA_WITH_RC4_128_SHA, TLS_ECDHE_RSA_WITH_RC4_128_SHA, SSL_RSA_WITH_RC4_128_SHA, TLS_ECDH_ECDSA_WITH_RC4_128_SHA, TLS_ECDH_RSA_WITH_RC4_128_SHA, SSL_RSA_WITH_RC4_128_MD5, TLS_EMPTY_RENEGOTIATION_INFO_SCSV]
02:20:57.219 [dockerjava-jaxrs-async-1] DEBUG o.a.h.c.s.SSLConnectionSocketFactory - Starting handshake
02:20:57.278 [dockerjava-jaxrs-async-1] DEBUG o.a.h.c.s.SSLConnectionSocketFactory - Secure session established
02:20:57.278 [dockerjava-jaxrs-async-1] DEBUG o.a.h.c.s.SSLConnectionSocketFactory -  negotiated protocol: TLSv1
02:20:57.278 [dockerjava-jaxrs-async-1] DEBUG o.a.h.c.s.SSLConnectionSocketFactory -  negotiated cipher suite: TLS_ECDHE_RSA_WITH_AES_128_CBC_SHA
02:20:57.278 [dockerjava-jaxrs-async-1] DEBUG o.a.h.c.s.SSLConnectionSocketFactory -  peer principal: CN=Thesis
02:20:57.278 [dockerjava-jaxrs-async-1] DEBUG o.a.h.c.s.SSLConnectionSocketFactory -  issuer principal: EMAILADDRESS=sha@yamil.com, CN=Thesis, OU=Open, O=Fra, L=BER, ST=BER, C=DE
02:20:57.278 [dockerjava-jaxrs-async-1] DEBUG o.a.h.i.c.DefaultHttpClientConnectionOperator - Connection established 127.0.0.1:41204<->127.0.1.1:2376
02:20:57.278 [dockerjava-jaxrs-async-1] DEBUG o.a.h.impl.execchain.MainClientExec - Executing request POST /exec/b990ec17b2bfd150239ada4b0ccd142bcdb1e3a1e18ae119edc0fa8c0c08d45c/start HTTP/1.1
02:20:57.278 [dockerjava-jaxrs-async-1] DEBUG o.a.h.impl.execchain.MainClientExec - Target auth state: UNCHALLENGED
02:20:57.278 [dockerjava-jaxrs-async-1] DEBUG o.a.h.impl.execchain.MainClientExec - Proxy auth state: UNCHALLENGED
02:20:57.278 [dockerjava-jaxrs-async-1] DEBUG org.apache.http.headers - http-outgoing-164 >> POST /exec/b990ec17b2bfd150239ada4b0ccd142bcdb1e3a1e18ae119edc0fa8c0c08d45c/start HTTP/1.1
02:20:57.279 [dockerjava-jaxrs-async-1] DEBUG org.apache.http.headers - http-outgoing-164 >> Accept: application/json
02:20:57.279 [dockerjava-jaxrs-async-1] DEBUG org.apache.http.headers - http-outgoing-164 >> Content-Type: application/json
02:20:57.279 [dockerjava-jaxrs-async-1] DEBUG org.apache.http.headers - http-outgoing-164 >> User-Agent: Jersey/2.23.1 (Apache HttpClient 4.5.1)
02:20:57.279 [dockerjava-jaxrs-async-1] DEBUG org.apache.http.headers - http-outgoing-164 >> Transfer-Encoding: chunked
02:20:57.279 [dockerjava-jaxrs-async-1] DEBUG org.apache.http.headers - http-outgoing-164 >> Host: Thesis:2376
02:20:57.279 [dockerjava-jaxrs-async-1] DEBUG org.apache.http.headers - http-outgoing-164 >> Connection: Keep-Alive
02:20:57.279 [dockerjava-jaxrs-async-1] DEBUG org.apache.http.headers - http-outgoing-164 >> Accept-Encoding: gzip,deflate
02:20:57.281 [dockerjava-jaxrs-async-1] DEBUG c.g.d.j.JerseyDockerCmdExecFactory - 23 * Sending client request on thread dockerjava-jaxrs-async-1
23 > POST https://Thesis:2376/exec/b990ec17b2bfd150239ada4b0ccd142bcdb1e3a1e18ae119edc0fa8c0c08d45c/start
23 > Accept: application/json
23 > Content-Type: application/json
{}

02:20:57.281 [dockerjava-jaxrs-async-1] DEBUG org.apache.http.wire - http-outgoing-164 >> "POST /exec/b990ec17b2bfd150239ada4b0ccd142bcdb1e3a1e18ae119edc0fa8c0c08d45c/start HTTP/1.1[\r][\n]"
02:20:57.281 [dockerjava-jaxrs-async-1] DEBUG org.apache.http.wire - http-outgoing-164 >> "Accept: application/json[\r][\n]"
02:20:57.281 [dockerjava-jaxrs-async-1] DEBUG org.apache.http.wire - http-outgoing-164 >> "Content-Type: application/json[\r][\n]"
02:20:57.281 [dockerjava-jaxrs-async-1] DEBUG org.apache.http.wire - http-outgoing-164 >> "User-Agent: Jersey/2.23.1 (Apache HttpClient 4.5.1)[\r][\n]"
02:20:57.281 [dockerjava-jaxrs-async-1] DEBUG org.apache.http.wire - http-outgoing-164 >> "Transfer-Encoding: chunked[\r][\n]"
02:20:57.281 [dockerjava-jaxrs-async-1] DEBUG org.apache.http.wire - http-outgoing-164 >> "Host: Thesis:2376[\r][\n]"
02:20:57.282 [dockerjava-jaxrs-async-1] DEBUG org.apache.http.wire - http-outgoing-164 >> "Connection: Keep-Alive[\r][\n]"
02:20:57.282 [dockerjava-jaxrs-async-1] DEBUG org.apache.http.wire - http-outgoing-164 >> "Accept-Encoding: gzip,deflate[\r][\n]"
02:20:57.282 [dockerjava-jaxrs-async-1] DEBUG org.apache.http.wire - http-outgoing-164 >> "[\r][\n]"
02:20:57.282 [dockerjava-jaxrs-async-1] DEBUG org.apache.http.wire - http-outgoing-164 >> "2[\r][\n]"
02:20:57.282 [dockerjava-jaxrs-async-1] DEBUG org.apache.http.wire - http-outgoing-164 >> "{}[\r][\n]"
02:20:57.282 [dockerjava-jaxrs-async-1] DEBUG org.apache.http.wire - http-outgoing-164 >> "0[\r][\n]"
02:20:57.282 [dockerjava-jaxrs-async-1] DEBUG org.apache.http.wire - http-outgoing-164 >> "[\r][\n]"
02:20:57.283 [dockerjava-jaxrs-async-1] DEBUG org.apache.http.wire - http-outgoing-164 << "H"
02:20:57.283 [dockerjava-jaxrs-async-1] DEBUG org.apache.http.wire - http-outgoing-164 << "TTP/1.1 200 OK[\r][\n]"
02:20:57.283 [dockerjava-jaxrs-async-1] DEBUG org.apache.http.wire - http-outgoing-164 << "Content-Type: application/vnd.docker.raw-stream[\r][\n]"
02:20:57.283 [dockerjava-jaxrs-async-1] DEBUG org.apache.http.wire - http-outgoing-164 << "[\r][\n]"
02:20:57.283 [dockerjava-jaxrs-async-1] DEBUG org.apache.http.headers - http-outgoing-164 << HTTP/1.1 200 OK
02:20:57.283 [dockerjava-jaxrs-async-1] DEBUG org.apache.http.headers - http-outgoing-164 << Content-Type: application/vnd.docker.raw-stream
02:20:57.305 [dockerjava-jaxrs-async-1] DEBUG org.apache.http.wire - http-outgoing-164 << "end of stream"
02:20:57.305 [dockerjava-jaxrs-async-1] DEBUG o.a.h.i.c.DefaultManagedHttpClientConnection - http-outgoing-164: Close connection
02:20:57.305 [dockerjava-jaxrs-async-1] DEBUG o.a.h.impl.execchain.MainClientExec - Connection discarded
02:20:57.305 [dockerjava-jaxrs-async-1] DEBUG c.g.d.j.JerseyDockerCmdExecFactory$1 - Connection released: [id: 164][route: {s}->https://Thesis:2376][total kept alive: 1; route allocated: 1 of 2; total allocated: 1 of 20]
02:20:57.305 [dockerjava-jaxrs-async-1] DEBUG c.g.d.j.JerseyDockerCmdExecFactory - 24 * Client response received on thread dockerjava-jaxrs-async-1
24 < 200
24 < Content-Length: -1
24 < Content-Type: application/vnd.docker.raw-stream

02:20:57.306 [Test worker] INFO  org.openbaton.docker.DockerVim - Command run successfully in Container
02:20:57.306 [Test worker] DEBUG c.g.d.core.command.AbstrDockerCmd - Cmd: -1,<null>,true,<null>,<null>,com.github.dockerjava.core.util.FiltersBuilder@0,com.github.dockerjava.jaxrs.ListContainersCmdExec@6ebe499f
02:20:57.306 [Test worker] DEBUG c.g.d.j.JerseyDockerCmdExecFactory - 25 * Sending client request on thread Test worker
25 > GET https://Thesis:2376/containers/json?all=true
25 > Accept: application/json

02:20:57.307 [Test worker] DEBUG o.a.h.c.protocol.RequestAddCookies - CookieSpec selected: default
02:20:57.307 [Test worker] DEBUG o.a.h.c.protocol.RequestAuthCache - Auth cache not set in the context
02:20:57.307 [Test worker] DEBUG c.g.d.j.JerseyDockerCmdExecFactory$1 - Connection request: [route: {s}->https://Thesis:2376][total kept alive: 1; route allocated: 1 of 2; total allocated: 1 of 20]
02:20:57.307 [Test worker] DEBUG c.g.d.j.JerseyDockerCmdExecFactory$1 - Connection leased: [id: 165][route: {s}->https://Thesis:2376][total kept alive: 1; route allocated: 2 of 2; total allocated: 2 of 20]
02:20:57.307 [Test worker] DEBUG o.a.h.impl.execchain.MainClientExec - Opening connection {s}->https://Thesis:2376
02:20:57.307 [Test worker] DEBUG o.a.h.i.c.DefaultHttpClientConnectionOperator - Connecting to Thesis/127.0.1.1:2376
02:20:57.307 [Test worker] DEBUG o.a.h.c.s.SSLConnectionSocketFactory - Connecting socket to Thesis/127.0.1.1:2376 with timeout 0
02:20:57.308 [Test worker] DEBUG o.a.h.c.s.SSLConnectionSocketFactory - Enabled protocols: [TLSv1]
02:20:57.308 [Test worker] DEBUG o.a.h.c.s.SSLConnectionSocketFactory - Enabled cipher suites:[TLS_ECDHE_ECDSA_WITH_AES_128_CBC_SHA, TLS_ECDHE_RSA_WITH_AES_128_CBC_SHA, TLS_RSA_WITH_AES_128_CBC_SHA, TLS_ECDH_ECDSA_WITH_AES_128_CBC_SHA, TLS_ECDH_RSA_WITH_AES_128_CBC_SHA, TLS_DHE_RSA_WITH_AES_128_CBC_SHA, TLS_DHE_DSS_WITH_AES_128_CBC_SHA, TLS_ECDHE_ECDSA_WITH_3DES_EDE_CBC_SHA, TLS_ECDHE_RSA_WITH_3DES_EDE_CBC_SHA, SSL_RSA_WITH_3DES_EDE_CBC_SHA, TLS_ECDH_ECDSA_WITH_3DES_EDE_CBC_SHA, TLS_ECDH_RSA_WITH_3DES_EDE_CBC_SHA, SSL_DHE_RSA_WITH_3DES_EDE_CBC_SHA, SSL_DHE_DSS_WITH_3DES_EDE_CBC_SHA, TLS_ECDHE_ECDSA_WITH_RC4_128_SHA, TLS_ECDHE_RSA_WITH_RC4_128_SHA, SSL_RSA_WITH_RC4_128_SHA, TLS_ECDH_ECDSA_WITH_RC4_128_SHA, TLS_ECDH_RSA_WITH_RC4_128_SHA, SSL_RSA_WITH_RC4_128_MD5, TLS_EMPTY_RENEGOTIATION_INFO_SCSV]
02:20:57.308 [Test worker] DEBUG o.a.h.c.s.SSLConnectionSocketFactory - Starting handshake
02:20:57.469 [Test worker] DEBUG o.a.h.c.s.SSLConnectionSocketFactory - Secure session established
02:20:57.469 [Test worker] DEBUG o.a.h.c.s.SSLConnectionSocketFactory -  negotiated protocol: TLSv1
02:20:57.469 [Test worker] DEBUG o.a.h.c.s.SSLConnectionSocketFactory -  negotiated cipher suite: TLS_ECDHE_RSA_WITH_AES_128_CBC_SHA
02:20:57.469 [Test worker] DEBUG o.a.h.c.s.SSLConnectionSocketFactory -  peer principal: CN=Thesis
02:20:57.469 [Test worker] DEBUG o.a.h.c.s.SSLConnectionSocketFactory -  issuer principal: EMAILADDRESS=sha@yamil.com, CN=Thesis, OU=Open, O=Fra, L=BER, ST=BER, C=DE
02:20:57.470 [Test worker] DEBUG o.a.h.i.c.DefaultHttpClientConnectionOperator - Connection established 127.0.0.1:41206<->127.0.1.1:2376
02:20:57.470 [Test worker] DEBUG o.a.h.impl.execchain.MainClientExec - Executing request GET /containers/json?all=true HTTP/1.1
02:20:57.470 [Test worker] DEBUG o.a.h.impl.execchain.MainClientExec - Target auth state: UNCHALLENGED
02:20:57.470 [Test worker] DEBUG o.a.h.impl.execchain.MainClientExec - Proxy auth state: UNCHALLENGED
02:20:57.470 [Test worker] DEBUG org.apache.http.headers - http-outgoing-165 >> GET /containers/json?all=true HTTP/1.1
02:20:57.470 [Test worker] DEBUG org.apache.http.headers - http-outgoing-165 >> Accept: application/json
02:20:57.470 [Test worker] DEBUG org.apache.http.headers - http-outgoing-165 >> User-Agent: Jersey/2.23.1 (Apache HttpClient 4.5.1)
02:20:57.470 [Test worker] DEBUG org.apache.http.headers - http-outgoing-165 >> Host: Thesis:2376
02:20:57.470 [Test worker] DEBUG org.apache.http.headers - http-outgoing-165 >> Connection: Keep-Alive
02:20:57.470 [Test worker] DEBUG org.apache.http.headers - http-outgoing-165 >> Accept-Encoding: gzip,deflate
02:20:57.470 [Test worker] DEBUG org.apache.http.wire - http-outgoing-165 >> "GET /containers/json?all=true HTTP/1.1[\r][\n]"
02:20:57.470 [Test worker] DEBUG org.apache.http.wire - http-outgoing-165 >> "Accept: application/json[\r][\n]"
02:20:57.470 [Test worker] DEBUG org.apache.http.wire - http-outgoing-165 >> "User-Agent: Jersey/2.23.1 (Apache HttpClient 4.5.1)[\r][\n]"
02:20:57.471 [Test worker] DEBUG org.apache.http.wire - http-outgoing-165 >> "Host: Thesis:2376[\r][\n]"
02:20:57.471 [Test worker] DEBUG org.apache.http.wire - http-outgoing-165 >> "Connection: Keep-Alive[\r][\n]"
02:20:57.471 [Test worker] DEBUG org.apache.http.wire - http-outgoing-165 >> "Accept-Encoding: gzip,deflate[\r][\n]"
02:20:57.471 [Test worker] DEBUG org.apache.http.wire - http-outgoing-165 >> "[\r][\n]"
02:20:57.472 [Test worker] DEBUG org.apache.http.wire - http-outgoing-165 << "H"
02:20:57.472 [Test worker] DEBUG org.apache.http.wire - http-outgoing-165 << "TTP/1.1 200 OK[\r][\n]"
02:20:57.472 [Test worker] DEBUG org.apache.http.wire - http-outgoing-165 << "Content-Type: application/json[\r][\n]"
02:20:57.472 [Test worker] DEBUG org.apache.http.wire - http-outgoing-165 << "Server: Docker/1.12.3 (linux)[\r][\n]"
02:20:57.472 [Test worker] DEBUG org.apache.http.wire - http-outgoing-165 << "Date: Tue, 03 Jan 2017 01:20:57 GMT[\r][\n]"
02:20:57.472 [Test worker] DEBUG org.apache.http.wire - http-outgoing-165 << "Content-Length: 855[\r][\n]"
02:20:57.472 [Test worker] DEBUG org.apache.http.wire - http-outgoing-165 << "[\r][\n]"
02:20:57.473 [Test worker] DEBUG org.apache.http.wire - http-outgoing-165 << "[{"Id":"6f50453493cba75cd94d9ba75aafd4190ebbbbab8a9744264c6508d81be00b4b","Names":["/MyContainer"],"Image":"ubuntu:14.04","ImageID":"sha256:aae2b63c49461fcae4962e4a8043f66acf8e3af7e62f5ebceb70b181d8ca01e0","Command":"sleep 99999","Created":1483406456,"Ports":[{"IP":"0.0.0.0","PrivatePort":8084,"PublicPort":8084,"Type":"tcp"}],"Labels":{},"State":"running","Status":"Up Less than a second","HostConfig":{"NetworkMode":"default"},"NetworkSettings":{"Networks":{"bridge":{"IPAMConfig":null,"Links":null,"Aliases":null,"NetworkID":"e0d36057aa1769e9fd52ba88be81b698b495f9b6b4946d0f98f24d971a27fc98","EndpointID":"fddcd3f6de85e99138c6c6cb128af8f6e7ba670d46657e4463d18f6665e2c474","Gateway":"172.17.0.1","IPAddress":"172.17.0.2","IPPrefixLen":16,"IPv6Gateway":"","GlobalIPv6Address":"","GlobalIPv6PrefixLen":0,"MacAddress":"02:42:ac:11:00:02"}}},"Mounts":[]}][\n]"
02:20:57.473 [Test worker] DEBUG org.apache.http.headers - http-outgoing-165 << HTTP/1.1 200 OK
02:20:57.473 [Test worker] DEBUG org.apache.http.headers - http-outgoing-165 << Content-Type: application/json
02:20:57.473 [Test worker] DEBUG org.apache.http.headers - http-outgoing-165 << Server: Docker/1.12.3 (linux)
02:20:57.473 [Test worker] DEBUG org.apache.http.headers - http-outgoing-165 << Date: Tue, 03 Jan 2017 01:20:57 GMT
02:20:57.477 [Test worker] DEBUG org.apache.http.headers - http-outgoing-165 << Content-Length: 855
02:20:57.478 [Test worker] DEBUG o.a.h.impl.execchain.MainClientExec - Connection can be kept alive indefinitely
02:20:57.478 [Test worker] DEBUG c.g.d.j.JerseyDockerCmdExecFactory - 26 * Client response received on thread Test worker
26 < 200
26 < Content-Length: 855
26 < Content-Type: application/json
26 < Date: Tue, 03 Jan 2017 01:20:57 GMT
26 < Server: Docker/1.12.3 (linux)
[{"Id":"6f50453493cba75cd94d9ba75aafd4190ebbbbab8a9744264c6508d81be00b4b","Names":["/MyContainer"],"Image":"ubuntu:14.04","ImageID":"sha256:aae2b63c49461fcae4962e4a8043f66acf8e3af7e62f5ebceb70b181d8ca01e0","Command":"sleep 99999","Created":1483406456,"Ports":[{"IP":"0.0.0.0","PrivatePort":8084,"PublicPort":8084,"Type":"tcp"}],"Labels":{},"State":"running","Status":"Up Less than a second","HostConfig":{"NetworkMode":"default"},"NetworkSettings":{"Networks":{"bridge":{"IPAMConfig":null,"Links":null,"Aliases":null,"NetworkID":"e0d36057aa1769e9fd52ba88be81b698b495f9b6b4946d0f98f24d971a27fc98","EndpointID":"fddcd3f6de85e99138c6c6cb128af8f6e7ba670d46657e4463d18f6665e2c474","Gateway":"172.17.0.1","IPAddress":"172.17.0.2","IPPrefixLen":16,"IPv6Gateway":"","GlobalIPv6Address":"","GlobalIPv6PrefixLen":0,"MacAddress":"02:42:ac:11:00:02"}}},"Mounts":[]}]


02:20:57.479 [Test worker] DEBUG o.a.h.i.c.DefaultManagedHttpClientConnection - http-outgoing-165: Close connection
02:20:57.479 [Test worker] DEBUG o.a.h.impl.execchain.MainClientExec - Connection discarded
02:20:57.479 [Test worker] DEBUG c.g.d.j.JerseyDockerCmdExecFactory$1 - Connection released: [id: 165][route: {s}->https://Thesis:2376][total kept alive: 1; route allocated: 1 of 2; total allocated: 1 of 20]
02:20:57.479 [Test worker] DEBUG c.g.d.core.command.AbstrDockerCmd - Cmd: ListImagesCmdImpl[imageNameFilter=<null>,showAll=true,filters=com.github.dockerjava.core.util.FiltersBuilder@0,execution=com.github.dockerjava.jaxrs.ListImagesCmdExec@5ce1650c]
02:20:57.480 [Test worker] DEBUG c.g.d.j.JerseyDockerCmdExecFactory - 27 * Sending client request on thread Test worker
27 > GET https://Thesis:2376/images/json?all=true
27 > Accept: application/json

02:20:57.480 [Test worker] DEBUG o.a.h.c.protocol.RequestAddCookies - CookieSpec selected: default
02:20:57.480 [Test worker] DEBUG o.a.h.c.protocol.RequestAuthCache - Auth cache not set in the context
02:20:57.480 [Test worker] DEBUG c.g.d.j.JerseyDockerCmdExecFactory$1 - Connection request: [route: {s}->https://Thesis:2376][total kept alive: 1; route allocated: 1 of 2; total allocated: 1 of 20]
02:20:57.481 [Test worker] DEBUG c.g.d.j.JerseyDockerCmdExecFactory$1 - Connection leased: [id: 166][route: {s}->https://Thesis:2376][total kept alive: 1; route allocated: 2 of 2; total allocated: 2 of 20]
02:20:57.481 [Test worker] DEBUG o.a.h.impl.execchain.MainClientExec - Opening connection {s}->https://Thesis:2376
02:20:57.481 [Test worker] DEBUG o.a.h.i.c.DefaultHttpClientConnectionOperator - Connecting to Thesis/127.0.1.1:2376
02:20:57.481 [Test worker] DEBUG o.a.h.c.s.SSLConnectionSocketFactory - Connecting socket to Thesis/127.0.1.1:2376 with timeout 0
02:20:57.482 [Test worker] DEBUG o.a.h.c.s.SSLConnectionSocketFactory - Enabled protocols: [TLSv1]
02:20:57.482 [Test worker] DEBUG o.a.h.c.s.SSLConnectionSocketFactory - Enabled cipher suites:[TLS_ECDHE_ECDSA_WITH_AES_128_CBC_SHA, TLS_ECDHE_RSA_WITH_AES_128_CBC_SHA, TLS_RSA_WITH_AES_128_CBC_SHA, TLS_ECDH_ECDSA_WITH_AES_128_CBC_SHA, TLS_ECDH_RSA_WITH_AES_128_CBC_SHA, TLS_DHE_RSA_WITH_AES_128_CBC_SHA, TLS_DHE_DSS_WITH_AES_128_CBC_SHA, TLS_ECDHE_ECDSA_WITH_3DES_EDE_CBC_SHA, TLS_ECDHE_RSA_WITH_3DES_EDE_CBC_SHA, SSL_RSA_WITH_3DES_EDE_CBC_SHA, TLS_ECDH_ECDSA_WITH_3DES_EDE_CBC_SHA, TLS_ECDH_RSA_WITH_3DES_EDE_CBC_SHA, SSL_DHE_RSA_WITH_3DES_EDE_CBC_SHA, SSL_DHE_DSS_WITH_3DES_EDE_CBC_SHA, TLS_ECDHE_ECDSA_WITH_RC4_128_SHA, TLS_ECDHE_RSA_WITH_RC4_128_SHA, SSL_RSA_WITH_RC4_128_SHA, TLS_ECDH_ECDSA_WITH_RC4_128_SHA, TLS_ECDH_RSA_WITH_RC4_128_SHA, SSL_RSA_WITH_RC4_128_MD5, TLS_EMPTY_RENEGOTIATION_INFO_SCSV]
02:20:57.482 [Test worker] DEBUG o.a.h.c.s.SSLConnectionSocketFactory - Starting handshake
02:20:57.628 [Test worker] DEBUG o.a.h.c.s.SSLConnectionSocketFactory - Secure session established
02:20:57.628 [Test worker] DEBUG o.a.h.c.s.SSLConnectionSocketFactory -  negotiated protocol: TLSv1
02:20:57.628 [Test worker] DEBUG o.a.h.c.s.SSLConnectionSocketFactory -  negotiated cipher suite: TLS_ECDHE_RSA_WITH_AES_128_CBC_SHA
02:20:57.628 [Test worker] DEBUG o.a.h.c.s.SSLConnectionSocketFactory -  peer principal: CN=Thesis
02:20:57.628 [Test worker] DEBUG o.a.h.c.s.SSLConnectionSocketFactory -  issuer principal: EMAILADDRESS=sha@yamil.com, CN=Thesis, OU=Open, O=Fra, L=BER, ST=BER, C=DE
02:20:57.629 [Test worker] DEBUG o.a.h.i.c.DefaultHttpClientConnectionOperator - Connection established 127.0.0.1:41208<->127.0.1.1:2376
02:20:57.629 [Test worker] DEBUG o.a.h.impl.execchain.MainClientExec - Executing request GET /images/json?all=true HTTP/1.1
02:20:57.630 [Test worker] DEBUG o.a.h.impl.execchain.MainClientExec - Target auth state: UNCHALLENGED
02:20:57.630 [Test worker] DEBUG o.a.h.impl.execchain.MainClientExec - Proxy auth state: UNCHALLENGED
02:20:57.630 [Test worker] DEBUG org.apache.http.headers - http-outgoing-166 >> GET /images/json?all=true HTTP/1.1
02:20:57.630 [Test worker] DEBUG org.apache.http.headers - http-outgoing-166 >> Accept: application/json
02:20:57.637 [Test worker] DEBUG org.apache.http.headers - http-outgoing-166 >> User-Agent: Jersey/2.23.1 (Apache HttpClient 4.5.1)
02:20:57.647 [Test worker] DEBUG org.apache.http.headers - http-outgoing-166 >> Host: Thesis:2376
02:20:57.648 [Test worker] DEBUG org.apache.http.headers - http-outgoing-166 >> Connection: Keep-Alive
02:20:57.648 [Test worker] DEBUG org.apache.http.headers - http-outgoing-166 >> Accept-Encoding: gzip,deflate
02:20:57.648 [Test worker] DEBUG org.apache.http.wire - http-outgoing-166 >> "GET /images/json?all=true HTTP/1.1[\r][\n]"
02:20:57.648 [Test worker] DEBUG org.apache.http.wire - http-outgoing-166 >> "Accept: application/json[\r][\n]"
02:20:57.648 [Test worker] DEBUG org.apache.http.wire - http-outgoing-166 >> "User-Agent: Jersey/2.23.1 (Apache HttpClient 4.5.1)[\r][\n]"
02:20:57.648 [Test worker] DEBUG org.apache.http.wire - http-outgoing-166 >> "Host: Thesis:2376[\r][\n]"
02:20:57.648 [Test worker] DEBUG org.apache.http.wire - http-outgoing-166 >> "Connection: Keep-Alive[\r][\n]"
02:20:57.648 [Test worker] DEBUG org.apache.http.wire - http-outgoing-166 >> "Accept-Encoding: gzip,deflate[\r][\n]"
02:20:57.648 [Test worker] DEBUG org.apache.http.wire - http-outgoing-166 >> "[\r][\n]"
02:20:57.649 [Test worker] DEBUG org.apache.http.wire - http-outgoing-166 << "H"
02:20:57.649 [Test worker] DEBUG org.apache.http.wire - http-outgoing-166 << "TTP/1.1 200 OK[\r][\n]"
02:20:57.650 [Test worker] DEBUG org.apache.http.wire - http-outgoing-166 << "Content-Type: application/json[\r][\n]"
02:20:57.650 [Test worker] DEBUG org.apache.http.wire - http-outgoing-166 << "Server: Docker/1.12.3 (linux)[\r][\n]"
02:20:57.650 [Test worker] DEBUG org.apache.http.wire - http-outgoing-166 << "Date: Tue, 03 Jan 2017 01:20:57 GMT[\r][\n]"
02:20:57.650 [Test worker] DEBUG org.apache.http.wire - http-outgoing-166 << "Content-Length: 1195[\r][\n]"
02:20:57.650 [Test worker] DEBUG org.apache.http.wire - http-outgoing-166 << "[\r][\n]"
02:20:57.650 [Test worker] DEBUG org.apache.http.wire - http-outgoing-166 << "[{"Id":"sha256:4ca3a192ff2a5b7e225e81dc006b6379c10776ed3619757a65608cb72de0a7f6","ParentId":"","RepoTags":["ubuntu:latest"],"RepoDigests":["ubuntu@sha256:3b64c309deae7ab0f7dbdd42b6b326261ccd6261da5d88396439353162703fb5"],"Created":1480449877,"Size":128206574,"VirtualSize":128206574,"Labels":{}},{"Id":"sha256:aae2b63c49461fcae4962e4a8043f66acf8e3af7e62f5ebceb70b181d8ca01e0","ParentId":"","RepoTags":["ubuntu:14.04"],"RepoDigests":["ubuntu@sha256:edb984703bd3e8981ff541a5b9297ca1b81fde6e6e8094d86e390a38ebc30b4d"],"Created":1480449856,"Size":187952254,"VirtualSize":187952254,"Labels":{}},{"Id":"sha256:e02e811dd08fd49e7f6032625495118e63f597eb150403d02e3238af1df240ba","ParentId":"","RepoTags":["busybox:latest"],"RepoDigests":["busybox@sha256:29f5d56d12684887bdfa50dcd29fc31eea4aaf4ad3bec43daf19026a7ce69912"],"Created":1475874238,"Size":1093484,"VirtualSize":1093484,"Labels":{}},{"Id":"sha256:d654de4499473ed41349b54a988b6f46a7fc92e3fa2d61e102bf2660a0116e25","ParentId":"","RepoTags":["sakib37/iperf3:latest"],"RepoDigests":["sakib37/iperf3@sha256:8d80a810f8f508c074b14d02555f20110eac382c8dbda7252075392983629d40"],"Created":1474907599,"Size":199456654,"VirtualSize":199456654,"Labels":{}}][\n]"
02:20:57.650 [Test worker] DEBUG org.apache.http.headers - http-outgoing-166 << HTTP/1.1 200 OK
02:20:57.650 [Test worker] DEBUG org.apache.http.headers - http-outgoing-166 << Content-Type: application/json
02:20:57.650 [Test worker] DEBUG org.apache.http.headers - http-outgoing-166 << Server: Docker/1.12.3 (linux)
02:20:57.650 [Test worker] DEBUG org.apache.http.headers - http-outgoing-166 << Date: Tue, 03 Jan 2017 01:20:57 GMT
02:20:57.650 [Test worker] DEBUG org.apache.http.headers - http-outgoing-166 << Content-Length: 1195
02:20:57.650 [Test worker] DEBUG o.a.h.impl.execchain.MainClientExec - Connection can be kept alive indefinitely
02:20:57.651 [Test worker] DEBUG c.g.d.j.JerseyDockerCmdExecFactory - 28 * Client response received on thread Test worker
28 < 200
28 < Content-Length: 1195
28 < Content-Type: application/json
28 < Date: Tue, 03 Jan 2017 01:20:57 GMT
28 < Server: Docker/1.12.3 (linux)
[{"Id":"sha256:4ca3a192ff2a5b7e225e81dc006b6379c10776ed3619757a65608cb72de0a7f6","ParentId":"","RepoTags":["ubuntu:latest"],"RepoDigests":["ubuntu@sha256:3b64c309deae7ab0f7dbdd42b6b326261ccd6261da5d88396439353162703fb5"],"Created":1480449877,"Size":128206574,"VirtualSize":128206574,"Labels":{}},{"Id":"sha256:aae2b63c49461fcae4962e4a8043f66acf8e3af7e62f5ebceb70b181d8ca01e0","ParentId":"","RepoTags":["ubuntu:14.04"],"RepoDigests":["ubuntu@sha256:edb984703bd3e8981ff541a5b9297ca1b81fde6e6e8094d86e390a38ebc30b4d"],"Created":1480449856,"Size":187952254,"VirtualSize":187952254,"Labels":{}},{"Id":"sha256:e02e811dd08fd49e7f6032625495118e63f597eb150403d02e3238af1df240ba","ParentId":"","RepoTags":["busybox:latest"],"RepoDigests":["busybox@sha256:29f5d56d12684887bdfa50dcd29fc31eea4aaf4ad3bec43daf19026a7ce69912"],"Created":1475874238,"Size":1093484,"VirtualSize":1093484,"Labels":{}},{"Id":"sha256:d654de4499473ed41349b54a988b6f46a7fc92e3fa2d61e102bf2660a0116e25","ParentId":"","RepoTags":["sakib37/iperf3:latest"],"RepoDigests":["sakib37/iperf3@sha256:8d80a810f8f508c074b14d02555f20110eac382c8dbda7252075392983629d40"],"Created":1474907599,"Size":199456654,"VirtualSize":199456654,"Labels":{}}]


02:20:57.652 [Test worker] DEBUG o.a.h.i.c.DefaultManagedHttpClientConnection - http-outgoing-166: Close connection
02:20:57.652 [Test worker] DEBUG o.a.h.impl.execchain.MainClientExec - Connection discarded
02:20:57.652 [Test worker] DEBUG c.g.d.j.JerseyDockerCmdExecFactory$1 - Connection released: [id: 166][route: {s}->https://Thesis:2376][total kept alive: 1; route allocated: 1 of 2; total allocated: 1 of 20]
02:20:57.652 [Test worker] DEBUG org.openbaton.docker.DockerVim - Found a docker image, transformed into a NFV Image Image{id='sha256:aae2b63c49461fcae4962e4a8043f66acf8e3af7e62f5ebceb70b181d8ca01e0', name='ubuntu:14.04', version=0, extId='null', minRam='0', minDiskSpace='0', minCPU='null', public='true', diskFormat='null', containerFormat='docker', created='Sun Jan 18 04:14:09 CET 1970', updated='null'}
02:20:57.652 [Test worker] DEBUG c.g.d.core.command.AbstrDockerCmd - Cmd: 6f50453493cba75cd94d9ba75aafd4190ebbbbab8a9744264c6508d81be00b4b,<null>,true,com.github.dockerjava.jaxrs.RemoveContainerCmdExec@45547887
02:20:57.653 [Test worker] DEBUG c.g.d.j.JerseyDockerCmdExecFactory - 29 * Sending client request on thread Test worker
29 > DELETE https://Thesis:2376/containers/6f50453493cba75cd94d9ba75aafd4190ebbbbab8a9744264c6508d81be00b4b?force=true
29 > Accept: application/json

02:20:57.653 [Test worker] DEBUG o.a.h.c.protocol.RequestAddCookies - CookieSpec selected: default
02:20:57.653 [Test worker] DEBUG o.a.h.c.protocol.RequestAuthCache - Auth cache not set in the context
02:20:57.653 [Test worker] DEBUG c.g.d.j.JerseyDockerCmdExecFactory$1 - Connection request: [route: {s}->https://Thesis:2376][total kept alive: 1; route allocated: 1 of 2; total allocated: 1 of 20]
02:20:57.653 [Test worker] DEBUG c.g.d.j.JerseyDockerCmdExecFactory$1 - Connection leased: [id: 167][route: {s}->https://Thesis:2376][total kept alive: 1; route allocated: 2 of 2; total allocated: 2 of 20]
02:20:57.653 [Test worker] DEBUG o.a.h.impl.execchain.MainClientExec - Opening connection {s}->https://Thesis:2376
02:20:57.653 [Test worker] DEBUG o.a.h.i.c.DefaultHttpClientConnectionOperator - Connecting to Thesis/127.0.1.1:2376
02:20:57.654 [Test worker] DEBUG o.a.h.c.s.SSLConnectionSocketFactory - Connecting socket to Thesis/127.0.1.1:2376 with timeout 0
02:20:57.654 [Test worker] DEBUG o.a.h.c.s.SSLConnectionSocketFactory - Enabled protocols: [TLSv1]
02:20:57.654 [Test worker] DEBUG o.a.h.c.s.SSLConnectionSocketFactory - Enabled cipher suites:[TLS_ECDHE_ECDSA_WITH_AES_128_CBC_SHA, TLS_ECDHE_RSA_WITH_AES_128_CBC_SHA, TLS_RSA_WITH_AES_128_CBC_SHA, TLS_ECDH_ECDSA_WITH_AES_128_CBC_SHA, TLS_ECDH_RSA_WITH_AES_128_CBC_SHA, TLS_DHE_RSA_WITH_AES_128_CBC_SHA, TLS_DHE_DSS_WITH_AES_128_CBC_SHA, TLS_ECDHE_ECDSA_WITH_3DES_EDE_CBC_SHA, TLS_ECDHE_RSA_WITH_3DES_EDE_CBC_SHA, SSL_RSA_WITH_3DES_EDE_CBC_SHA, TLS_ECDH_ECDSA_WITH_3DES_EDE_CBC_SHA, TLS_ECDH_RSA_WITH_3DES_EDE_CBC_SHA, SSL_DHE_RSA_WITH_3DES_EDE_CBC_SHA, SSL_DHE_DSS_WITH_3DES_EDE_CBC_SHA, TLS_ECDHE_ECDSA_WITH_RC4_128_SHA, TLS_ECDHE_RSA_WITH_RC4_128_SHA, SSL_RSA_WITH_RC4_128_SHA, TLS_ECDH_ECDSA_WITH_RC4_128_SHA, TLS_ECDH_RSA_WITH_RC4_128_SHA, SSL_RSA_WITH_RC4_128_MD5, TLS_EMPTY_RENEGOTIATION_INFO_SCSV]
02:20:57.654 [Test worker] DEBUG o.a.h.c.s.SSLConnectionSocketFactory - Starting handshake
02:20:57.811 [Test worker] DEBUG o.a.h.c.s.SSLConnectionSocketFactory - Secure session established
02:20:57.811 [Test worker] DEBUG o.a.h.c.s.SSLConnectionSocketFactory -  negotiated protocol: TLSv1
02:20:57.812 [Test worker] DEBUG o.a.h.c.s.SSLConnectionSocketFactory -  negotiated cipher suite: TLS_ECDHE_RSA_WITH_AES_128_CBC_SHA
02:20:57.812 [Test worker] DEBUG o.a.h.c.s.SSLConnectionSocketFactory -  peer principal: CN=Thesis
02:20:57.812 [Test worker] DEBUG o.a.h.c.s.SSLConnectionSocketFactory -  issuer principal: EMAILADDRESS=sha@yamil.com, CN=Thesis, OU=Open, O=Fra, L=BER, ST=BER, C=DE
02:20:57.812 [Test worker] DEBUG o.a.h.i.c.DefaultHttpClientConnectionOperator - Connection established 127.0.0.1:41210<->127.0.1.1:2376
02:20:57.812 [Test worker] DEBUG o.a.h.impl.execchain.MainClientExec - Executing request DELETE /containers/6f50453493cba75cd94d9ba75aafd4190ebbbbab8a9744264c6508d81be00b4b?force=true HTTP/1.1
02:20:57.812 [Test worker] DEBUG o.a.h.impl.execchain.MainClientExec - Target auth state: UNCHALLENGED
02:20:57.812 [Test worker] DEBUG o.a.h.impl.execchain.MainClientExec - Proxy auth state: UNCHALLENGED
02:20:57.812 [Test worker] DEBUG org.apache.http.headers - http-outgoing-167 >> DELETE /containers/6f50453493cba75cd94d9ba75aafd4190ebbbbab8a9744264c6508d81be00b4b?force=true HTTP/1.1
02:20:57.812 [Test worker] DEBUG org.apache.http.headers - http-outgoing-167 >> Accept: application/json
02:20:57.812 [Test worker] DEBUG org.apache.http.headers - http-outgoing-167 >> User-Agent: Jersey/2.23.1 (Apache HttpClient 4.5.1)
02:20:57.812 [Test worker] DEBUG org.apache.http.headers - http-outgoing-167 >> Host: Thesis:2376
02:20:57.813 [Test worker] DEBUG org.apache.http.headers - http-outgoing-167 >> Connection: Keep-Alive
02:20:57.813 [Test worker] DEBUG org.apache.http.headers - http-outgoing-167 >> Accept-Encoding: gzip,deflate
02:20:57.813 [Test worker] DEBUG org.apache.http.wire - http-outgoing-167 >> "DELETE /containers/6f50453493cba75cd94d9ba75aafd4190ebbbbab8a9744264c6508d81be00b4b?force=true HTTP/1.1[\r][\n]"
02:20:57.813 [Test worker] DEBUG org.apache.http.wire - http-outgoing-167 >> "Accept: application/json[\r][\n]"
02:20:57.813 [Test worker] DEBUG org.apache.http.wire - http-outgoing-167 >> "User-Agent: Jersey/2.23.1 (Apache HttpClient 4.5.1)[\r][\n]"
02:20:57.813 [Test worker] DEBUG org.apache.http.wire - http-outgoing-167 >> "Host: Thesis:2376[\r][\n]"
02:20:57.813 [Test worker] DEBUG org.apache.http.wire - http-outgoing-167 >> "Connection: Keep-Alive[\r][\n]"
02:20:57.813 [Test worker] DEBUG org.apache.http.wire - http-outgoing-167 >> "Accept-Encoding: gzip,deflate[\r][\n]"
02:20:57.813 [Test worker] DEBUG org.apache.http.wire - http-outgoing-167 >> "[\r][\n]"
02:20:57.918 [Test worker] DEBUG org.apache.http.wire - http-outgoing-167 << "H"
02:20:57.918 [Test worker] DEBUG org.apache.http.wire - http-outgoing-167 << "TTP/1.1 204 No Content[\r][\n]"
02:20:57.918 [Test worker] DEBUG org.apache.http.wire - http-outgoing-167 << "Server: Docker/1.12.3 (linux)[\r][\n]"
02:20:57.918 [Test worker] DEBUG org.apache.http.wire - http-outgoing-167 << "Date: Tue, 03 Jan 2017 01:20:57 GMT[\r][\n]"
02:20:57.918 [Test worker] DEBUG org.apache.http.wire - http-outgoing-167 << "[\r][\n]"
02:20:57.918 [Test worker] DEBUG org.apache.http.headers - http-outgoing-167 << HTTP/1.1 204 No Content
02:20:57.918 [Test worker] DEBUG org.apache.http.headers - http-outgoing-167 << Server: Docker/1.12.3 (linux)
02:20:57.918 [Test worker] DEBUG org.apache.http.headers - http-outgoing-167 << Date: Tue, 03 Jan 2017 01:20:57 GMT
02:20:57.918 [Test worker] DEBUG o.a.h.impl.execchain.MainClientExec - Connection can be kept alive indefinitely
02:20:57.918 [Test worker] DEBUG c.g.d.j.JerseyDockerCmdExecFactory$1 - Connection [id: 167][route: {s}->https://Thesis:2376][state: CN=Thesis] can be kept alive indefinitely
02:20:57.918 [Test worker] DEBUG c.g.d.j.JerseyDockerCmdExecFactory$1 - Connection released: [id: 167][route: {s}->https://Thesis:2376][state: CN=Thesis][total kept alive: 2; route allocated: 2 of 2; total allocated: 2 of 20]
02:20:57.919 [Test worker] DEBUG c.g.d.j.JerseyDockerCmdExecFactory - 30 * Client response received on thread Test worker
30 < 204
30 < Date: Tue, 03 Jan 2017 01:20:57 GMT
30 < Server: Docker/1.12.3 (linux)

02:20:57.919 [Test worker] DEBUG org.openbaton.docker.DockerVim - Server deleted successfully
02:20:57.919 [Test worker] DEBUG c.g.d.core.command.AbstrDockerCmd - Cmd: com.github.dockerjava.core.util.FiltersBuilder@0,com.github.dockerjava.jaxrs.ListNetworksCmdExec@21cca54e
02:20:57.919 [Test worker] DEBUG c.g.d.j.JerseyDockerCmdExecFactory - 31 * Sending client request on thread Test worker
31 > GET https://Thesis:2376/networks
31 > Accept: application/json

02:20:57.919 [Test worker] DEBUG o.a.h.c.protocol.RequestAddCookies - CookieSpec selected: default
02:20:57.919 [Test worker] DEBUG o.a.h.c.protocol.RequestAuthCache - Auth cache not set in the context
02:20:57.919 [Test worker] DEBUG c.g.d.j.JerseyDockerCmdExecFactory$1 - Connection request: [route: {s}->https://Thesis:2376][total kept alive: 2; route allocated: 2 of 2; total allocated: 2 of 20]
02:20:57.919 [Test worker] DEBUG o.a.h.i.c.DefaultManagedHttpClientConnection - http-outgoing-162: Close connection
02:20:57.920 [Test worker] DEBUG c.g.d.j.JerseyDockerCmdExecFactory$1 - Connection leased: [id: 168][route: {s}->https://Thesis:2376][total kept alive: 1; route allocated: 2 of 2; total allocated: 2 of 20]
02:20:57.920 [Test worker] DEBUG o.a.h.impl.execchain.MainClientExec - Opening connection {s}->https://Thesis:2376
02:20:57.920 [Test worker] DEBUG o.a.h.i.c.DefaultHttpClientConnectionOperator - Connecting to Thesis/127.0.1.1:2376
02:20:57.920 [Test worker] DEBUG o.a.h.c.s.SSLConnectionSocketFactory - Connecting socket to Thesis/127.0.1.1:2376 with timeout 0
02:20:57.922 [Test worker] DEBUG o.a.h.c.s.SSLConnectionSocketFactory - Enabled protocols: [TLSv1]
02:20:57.922 [Test worker] DEBUG o.a.h.c.s.SSLConnectionSocketFactory - Enabled cipher suites:[TLS_ECDHE_ECDSA_WITH_AES_128_CBC_SHA, TLS_ECDHE_RSA_WITH_AES_128_CBC_SHA, TLS_RSA_WITH_AES_128_CBC_SHA, TLS_ECDH_ECDSA_WITH_AES_128_CBC_SHA, TLS_ECDH_RSA_WITH_AES_128_CBC_SHA, TLS_DHE_RSA_WITH_AES_128_CBC_SHA, TLS_DHE_DSS_WITH_AES_128_CBC_SHA, TLS_ECDHE_ECDSA_WITH_3DES_EDE_CBC_SHA, TLS_ECDHE_RSA_WITH_3DES_EDE_CBC_SHA, SSL_RSA_WITH_3DES_EDE_CBC_SHA, TLS_ECDH_ECDSA_WITH_3DES_EDE_CBC_SHA, TLS_ECDH_RSA_WITH_3DES_EDE_CBC_SHA, SSL_DHE_RSA_WITH_3DES_EDE_CBC_SHA, SSL_DHE_DSS_WITH_3DES_EDE_CBC_SHA, TLS_ECDHE_ECDSA_WITH_RC4_128_SHA, TLS_ECDHE_RSA_WITH_RC4_128_SHA, SSL_RSA_WITH_RC4_128_SHA, TLS_ECDH_ECDSA_WITH_RC4_128_SHA, TLS_ECDH_RSA_WITH_RC4_128_SHA, SSL_RSA_WITH_RC4_128_MD5, TLS_EMPTY_RENEGOTIATION_INFO_SCSV]
02:20:57.929 [Test worker] DEBUG o.a.h.c.s.SSLConnectionSocketFactory - Starting handshake
02:20:58.082 [Test worker] DEBUG o.a.h.c.s.SSLConnectionSocketFactory - Secure session established
02:20:58.082 [Test worker] DEBUG o.a.h.c.s.SSLConnectionSocketFactory -  negotiated protocol: TLSv1
02:20:58.082 [Test worker] DEBUG o.a.h.c.s.SSLConnectionSocketFactory -  negotiated cipher suite: TLS_ECDHE_RSA_WITH_AES_128_CBC_SHA
02:20:58.085 [Test worker] DEBUG o.a.h.c.s.SSLConnectionSocketFactory -  peer principal: CN=Thesis
02:20:58.086 [Test worker] DEBUG o.a.h.c.s.SSLConnectionSocketFactory -  issuer principal: EMAILADDRESS=sha@yamil.com, CN=Thesis, OU=Open, O=Fra, L=BER, ST=BER, C=DE
02:20:58.086 [Test worker] DEBUG o.a.h.i.c.DefaultHttpClientConnectionOperator - Connection established 127.0.0.1:41212<->127.0.1.1:2376
02:20:58.086 [Test worker] DEBUG o.a.h.impl.execchain.MainClientExec - Executing request GET /networks HTTP/1.1
02:20:58.086 [Test worker] DEBUG o.a.h.impl.execchain.MainClientExec - Target auth state: UNCHALLENGED
02:20:58.102 [Test worker] DEBUG o.a.h.impl.execchain.MainClientExec - Proxy auth state: UNCHALLENGED
02:20:58.102 [Test worker] DEBUG org.apache.http.headers - http-outgoing-168 >> GET /networks HTTP/1.1
02:20:58.102 [Test worker] DEBUG org.apache.http.headers - http-outgoing-168 >> Accept: application/json
02:20:58.102 [Test worker] DEBUG org.apache.http.headers - http-outgoing-168 >> User-Agent: Jersey/2.23.1 (Apache HttpClient 4.5.1)
02:20:58.102 [Test worker] DEBUG org.apache.http.headers - http-outgoing-168 >> Host: Thesis:2376
02:20:58.102 [Test worker] DEBUG org.apache.http.headers - http-outgoing-168 >> Connection: Keep-Alive
02:20:58.102 [Test worker] DEBUG org.apache.http.headers - http-outgoing-168 >> Accept-Encoding: gzip,deflate
02:20:58.103 [Test worker] DEBUG org.apache.http.wire - http-outgoing-168 >> "GET /networks HTTP/1.1[\r][\n]"
02:20:58.103 [Test worker] DEBUG org.apache.http.wire - http-outgoing-168 >> "Accept: application/json[\r][\n]"
02:20:58.103 [Test worker] DEBUG org.apache.http.wire - http-outgoing-168 >> "User-Agent: Jersey/2.23.1 (Apache HttpClient 4.5.1)[\r][\n]"
02:20:58.103 [Test worker] DEBUG org.apache.http.wire - http-outgoing-168 >> "Host: Thesis:2376[\r][\n]"
02:20:58.103 [Test worker] DEBUG org.apache.http.wire - http-outgoing-168 >> "Connection: Keep-Alive[\r][\n]"
02:20:58.103 [Test worker] DEBUG org.apache.http.wire - http-outgoing-168 >> "Accept-Encoding: gzip,deflate[\r][\n]"
02:20:58.103 [Test worker] DEBUG org.apache.http.wire - http-outgoing-168 >> "[\r][\n]"
02:20:58.104 [Test worker] DEBUG org.apache.http.wire - http-outgoing-168 << "H"
02:20:58.104 [Test worker] DEBUG org.apache.http.wire - http-outgoing-168 << "TTP/1.1 200 OK[\r][\n]"
02:20:58.104 [Test worker] DEBUG org.apache.http.wire - http-outgoing-168 << "Content-Type: application/json[\r][\n]"
02:20:58.104 [Test worker] DEBUG org.apache.http.wire - http-outgoing-168 << "Server: Docker/1.12.3 (linux)[\r][\n]"
02:20:58.104 [Test worker] DEBUG org.apache.http.wire - http-outgoing-168 << "Date: Tue, 03 Jan 2017 01:20:58 GMT[\r][\n]"
02:20:58.104 [Test worker] DEBUG org.apache.http.wire - http-outgoing-168 << "Content-Length: 1411[\r][\n]"
02:20:58.104 [Test worker] DEBUG org.apache.http.wire - http-outgoing-168 << "[\r][\n]"
02:20:58.104 [Test worker] DEBUG org.apache.http.wire - http-outgoing-168 << "[{"Name":"bridge","Id":"e0d36057aa1769e9fd52ba88be81b698b495f9b6b4946d0f98f24d971a27fc98","Scope":"local","Driver":"bridge","EnableIPv6":false,"IPAM":{"Driver":"default","Options":null,"Config":[{"Subnet":"172.17.0.0/16","Gateway":"172.17.0.1"}]},"Internal":false,"Containers":{},"Options":{"com.docker.network.bridge.default_bridge":"true","com.docker.network.bridge.enable_icc":"true","com.docker.network.bridge.enable_ip_masquerade":"true","com.docker.network.bridge.host_binding_ipv4":"0.0.0.0","com.docker.network.bridge.name":"docker0","com.docker.network.driver.mtu":"1500"},"Labels":{}},{"Name":"host","Id":"fe042b0866671b5be4f097ba43830c0a02959c058702d18e18c14a24d88a357d","Scope":"local","Driver":"host","EnableIPv6":false,"IPAM":{"Driver":"default","Options":null,"Config":[]},"Internal":false,"Containers":{},"Options":{},"Labels":{}},{"Name":"MyNetwork","Id":"752ec78fc83771e3af8ffd3d1f747b2676e95d4ac7a661b5f231a5da7024a87d","Scope":"local","Driver":"bridge","EnableIPv6":false,"IPAM":{"Driver":"default","Options":null,"Config":[{"Subnet":"172.18.0.0/16","Gateway":"172.18.0.1/16"}]},"Internal":false,"Containers":{},"Options":{},"Labels":{}},{"Name":"none","Id":"4d89c194eb79cd2beb38458d10a1b98c74d6b8462af72afde29ae7aca53ed5ca","Scope":"local","Driver":"null","EnableIPv6":false,"IPAM":{"Driver":"default","Options":null,"Config":[]},"Internal":false,"Containers":{},"Options":{},"Labels":{}}][\n]"
02:20:58.104 [Test worker] DEBUG org.apache.http.headers - http-outgoing-168 << HTTP/1.1 200 OK
02:20:58.104 [Test worker] DEBUG org.apache.http.headers - http-outgoing-168 << Content-Type: application/json
02:20:58.104 [Test worker] DEBUG org.apache.http.headers - http-outgoing-168 << Server: Docker/1.12.3 (linux)
02:20:58.104 [Test worker] DEBUG org.apache.http.headers - http-outgoing-168 << Date: Tue, 03 Jan 2017 01:20:58 GMT
02:20:58.104 [Test worker] DEBUG org.apache.http.headers - http-outgoing-168 << Content-Length: 1411
02:20:58.105 [Test worker] DEBUG o.a.h.impl.execchain.MainClientExec - Connection can be kept alive indefinitely
02:20:58.105 [Test worker] DEBUG c.g.d.j.JerseyDockerCmdExecFactory - 32 * Client response received on thread Test worker
32 < 200
32 < Content-Length: 1411
32 < Content-Type: application/json
32 < Date: Tue, 03 Jan 2017 01:20:58 GMT
32 < Server: Docker/1.12.3 (linux)
[{"Name":"bridge","Id":"e0d36057aa1769e9fd52ba88be81b698b495f9b6b4946d0f98f24d971a27fc98","Scope":"local","Driver":"bridge","EnableIPv6":false,"IPAM":{"Driver":"default","Options":null,"Config":[{"Subnet":"172.17.0.0/16","Gateway":"172.17.0.1"}]},"Internal":false,"Containers":{},"Options":{"com.docker.network.bridge.default_bridge":"true","com.docker.network.bridge.enable_icc":"true","com.docker.network.bridge.enable_ip_masquerade":"true","com.docker.network.bridge.host_binding_ipv4":"0.0.0.0","com.docker.network.bridge.name":"docker0","com.docker.network.driver.mtu":"1500"},"Labels":{}},{"Name":"host","Id":"fe042b0866671b5be4f097ba43830c0a02959c058702d18e18c14a24d88a357d","Scope":"local","Driver":"host","EnableIPv6":false,"IPAM":{"Driver":"default","Options":null,"Config":[]},"Internal":false,"Containers":{},"Options":{},"Labels":{}},{"Name":"MyNetwork","Id":"752ec78fc83771e3af8ffd3d1f747b2676e95d4ac7a661b5f231a5da7024a87d","Scope":"local","Driver":"bridge","EnableIPv6":false,"IPAM":{"Driver":"default","Options":null,"Config":[{"Subnet":"172.18.0.0/16","Gateway":"172.18.0.1/16"}]},"Internal":false,"Containers":{},"Options":{},"Labels":{}},{"Name":"none","Id":"4d89c194eb79cd2beb38458d10a1b98c74d6b8462af72afde29ae7aca53ed5ca","Scope":"local","Driver":"null","EnableIPv6":false,"IPAM":{"Driver":"default","Options":null,"Config":[]},"Internal":false,"Containers":{},"Options":{},"Labels":{}}]


02:20:58.106 [Test worker] DEBUG o.a.h.i.c.DefaultManagedHttpClientConnection - http-outgoing-168: Close connection
02:20:58.106 [Test worker] DEBUG o.a.h.impl.execchain.MainClientExec - Connection discarded
02:20:58.106 [Test worker] DEBUG c.g.d.j.JerseyDockerCmdExecFactory$1 - Connection released: [id: 168][route: {s}->https://Thesis:2376][total kept alive: 1; route allocated: 1 of 2; total allocated: 1 of 20]
02:20:58.106 [Test worker] DEBUG org.openbaton.docker.DockerVim - Found a docker network, transformed into a NFV network Network{id='752ec78fc83771e3af8ffd3d1f747b2676e95d4ac7a661b5f231a5da7024a87d', name='MyNetwork', extId='null', external=false, shared=false, subnets=[Subnet{id='null', version=0, name='bridge', extId='null', networkId='172.18.0.0/16', cidr='null', gatewayIp='172.18.0.1/16'}]}
02:20:58.106 [Test worker] DEBUG c.g.d.core.command.AbstrDockerCmd - Cmd: 752ec78fc83771e3af8ffd3d1f747b2676e95d4ac7a661b5f231a5da7024a87d,com.github.dockerjava.jaxrs.RemoveNetworkCmdExec@29d48351
02:20:58.107 [Test worker] DEBUG c.g.d.j.JerseyDockerCmdExecFactory - 33 * Sending client request on thread Test worker
33 > DELETE https://Thesis:2376/networks/752ec78fc83771e3af8ffd3d1f747b2676e95d4ac7a661b5f231a5da7024a87d
33 > Accept: application/json

02:20:58.107 [Test worker] DEBUG o.a.h.c.protocol.RequestAddCookies - CookieSpec selected: default
02:20:58.107 [Test worker] DEBUG o.a.h.c.protocol.RequestAuthCache - Auth cache not set in the context
02:20:58.107 [Test worker] DEBUG c.g.d.j.JerseyDockerCmdExecFactory$1 - Connection request: [route: {s}->https://Thesis:2376][total kept alive: 1; route allocated: 1 of 2; total allocated: 1 of 20]
02:20:58.108 [Test worker] DEBUG c.g.d.j.JerseyDockerCmdExecFactory$1 - Connection leased: [id: 169][route: {s}->https://Thesis:2376][total kept alive: 1; route allocated: 2 of 2; total allocated: 2 of 20]
02:20:58.108 [Test worker] DEBUG o.a.h.impl.execchain.MainClientExec - Opening connection {s}->https://Thesis:2376
02:20:58.108 [Test worker] DEBUG o.a.h.i.c.DefaultHttpClientConnectionOperator - Connecting to Thesis/127.0.1.1:2376
02:20:58.108 [Test worker] DEBUG o.a.h.c.s.SSLConnectionSocketFactory - Connecting socket to Thesis/127.0.1.1:2376 with timeout 0
02:20:58.109 [Test worker] DEBUG o.a.h.c.s.SSLConnectionSocketFactory - Enabled protocols: [TLSv1]
02:20:58.109 [Test worker] DEBUG o.a.h.c.s.SSLConnectionSocketFactory - Enabled cipher suites:[TLS_ECDHE_ECDSA_WITH_AES_128_CBC_SHA, TLS_ECDHE_RSA_WITH_AES_128_CBC_SHA, TLS_RSA_WITH_AES_128_CBC_SHA, TLS_ECDH_ECDSA_WITH_AES_128_CBC_SHA, TLS_ECDH_RSA_WITH_AES_128_CBC_SHA, TLS_DHE_RSA_WITH_AES_128_CBC_SHA, TLS_DHE_DSS_WITH_AES_128_CBC_SHA, TLS_ECDHE_ECDSA_WITH_3DES_EDE_CBC_SHA, TLS_ECDHE_RSA_WITH_3DES_EDE_CBC_SHA, SSL_RSA_WITH_3DES_EDE_CBC_SHA, TLS_ECDH_ECDSA_WITH_3DES_EDE_CBC_SHA, TLS_ECDH_RSA_WITH_3DES_EDE_CBC_SHA, SSL_DHE_RSA_WITH_3DES_EDE_CBC_SHA, SSL_DHE_DSS_WITH_3DES_EDE_CBC_SHA, TLS_ECDHE_ECDSA_WITH_RC4_128_SHA, TLS_ECDHE_RSA_WITH_RC4_128_SHA, SSL_RSA_WITH_RC4_128_SHA, TLS_ECDH_ECDSA_WITH_RC4_128_SHA, TLS_ECDH_RSA_WITH_RC4_128_SHA, SSL_RSA_WITH_RC4_128_MD5, TLS_EMPTY_RENEGOTIATION_INFO_SCSV]
02:20:58.109 [Test worker] DEBUG o.a.h.c.s.SSLConnectionSocketFactory - Starting handshake
02:20:58.168 [Test worker] DEBUG o.a.h.c.s.SSLConnectionSocketFactory - Secure session established
02:20:58.168 [Test worker] DEBUG o.a.h.c.s.SSLConnectionSocketFactory -  negotiated protocol: TLSv1
02:20:58.168 [Test worker] DEBUG o.a.h.c.s.SSLConnectionSocketFactory -  negotiated cipher suite: TLS_ECDHE_RSA_WITH_AES_128_CBC_SHA
02:20:58.168 [Test worker] DEBUG o.a.h.c.s.SSLConnectionSocketFactory -  peer principal: CN=Thesis
02:20:58.168 [Test worker] DEBUG o.a.h.c.s.SSLConnectionSocketFactory -  issuer principal: EMAILADDRESS=sha@yamil.com, CN=Thesis, OU=Open, O=Fra, L=BER, ST=BER, C=DE
02:20:58.168 [Test worker] DEBUG o.a.h.i.c.DefaultHttpClientConnectionOperator - Connection established 127.0.0.1:41214<->127.0.1.1:2376
02:20:58.169 [Test worker] DEBUG o.a.h.impl.execchain.MainClientExec - Executing request DELETE /networks/752ec78fc83771e3af8ffd3d1f747b2676e95d4ac7a661b5f231a5da7024a87d HTTP/1.1
02:20:58.169 [Test worker] DEBUG o.a.h.impl.execchain.MainClientExec - Target auth state: UNCHALLENGED
02:20:58.169 [Test worker] DEBUG o.a.h.impl.execchain.MainClientExec - Proxy auth state: UNCHALLENGED
02:20:58.169 [Test worker] DEBUG org.apache.http.headers - http-outgoing-169 >> DELETE /networks/752ec78fc83771e3af8ffd3d1f747b2676e95d4ac7a661b5f231a5da7024a87d HTTP/1.1
02:20:58.169 [Test worker] DEBUG org.apache.http.headers - http-outgoing-169 >> Accept: application/json
02:20:58.169 [Test worker] DEBUG org.apache.http.headers - http-outgoing-169 >> User-Agent: Jersey/2.23.1 (Apache HttpClient 4.5.1)
02:20:58.169 [Test worker] DEBUG org.apache.http.headers - http-outgoing-169 >> Host: Thesis:2376
02:20:58.169 [Test worker] DEBUG org.apache.http.headers - http-outgoing-169 >> Connection: Keep-Alive
02:20:58.169 [Test worker] DEBUG org.apache.http.headers - http-outgoing-169 >> Accept-Encoding: gzip,deflate
02:20:58.169 [Test worker] DEBUG org.apache.http.wire - http-outgoing-169 >> "DELETE /networks/752ec78fc83771e3af8ffd3d1f747b2676e95d4ac7a661b5f231a5da7024a87d HTTP/1.1[\r][\n]"
02:20:58.169 [Test worker] DEBUG org.apache.http.wire - http-outgoing-169 >> "Accept: application/json[\r][\n]"
02:20:58.170 [Test worker] DEBUG org.apache.http.wire - http-outgoing-169 >> "User-Agent: Jersey/2.23.1 (Apache HttpClient 4.5.1)[\r][\n]"
02:20:58.170 [Test worker] DEBUG org.apache.http.wire - http-outgoing-169 >> "Host: Thesis:2376[\r][\n]"
02:20:58.170 [Test worker] DEBUG org.apache.http.wire - http-outgoing-169 >> "Connection: Keep-Alive[\r][\n]"
02:20:58.170 [Test worker] DEBUG org.apache.http.wire - http-outgoing-169 >> "Accept-Encoding: gzip,deflate[\r][\n]"
02:20:58.170 [Test worker] DEBUG org.apache.http.wire - http-outgoing-169 >> "[\r][\n]"
02:20:58.235 [Test worker] DEBUG org.apache.http.wire - http-outgoing-169 << "H"
02:20:58.236 [Test worker] DEBUG org.apache.http.wire - http-outgoing-169 << "TTP/1.1 204 No Content[\r][\n]"
02:20:58.236 [Test worker] DEBUG org.apache.http.wire - http-outgoing-169 << "Server: Docker/1.12.3 (linux)[\r][\n]"
02:20:58.236 [Test worker] DEBUG org.apache.http.wire - http-outgoing-169 << "Date: Tue, 03 Jan 2017 01:20:58 GMT[\r][\n]"
02:20:58.236 [Test worker] DEBUG org.apache.http.wire - http-outgoing-169 << "[\r][\n]"
02:20:58.236 [Test worker] DEBUG org.apache.http.headers - http-outgoing-169 << HTTP/1.1 204 No Content
02:20:58.236 [Test worker] DEBUG org.apache.http.headers - http-outgoing-169 << Server: Docker/1.12.3 (linux)
02:20:58.236 [Test worker] DEBUG org.apache.http.headers - http-outgoing-169 << Date: Tue, 03 Jan 2017 01:20:58 GMT
02:20:58.236 [Test worker] DEBUG o.a.h.impl.execchain.MainClientExec - Connection can be kept alive indefinitely
02:20:58.236 [Test worker] DEBUG c.g.d.j.JerseyDockerCmdExecFactory$1 - Connection [id: 169][route: {s}->https://Thesis:2376][state: CN=Thesis] can be kept alive indefinitely
02:20:58.236 [Test worker] DEBUG c.g.d.j.JerseyDockerCmdExecFactory$1 - Connection released: [id: 169][route: {s}->https://Thesis:2376][state: CN=Thesis][total kept alive: 2; route allocated: 2 of 2; total allocated: 2 of 20]
02:20:58.236 [Test worker] DEBUG c.g.d.j.JerseyDockerCmdExecFactory - 34 * Client response received on thread Test worker
34 < 204
34 < Date: Tue, 03 Jan 2017 01:20:58 GMT
34 < Server: Docker/1.12.3 (linux)

02:20:58.236 [Test worker] INFO  org.openbaton.docker.DockerVim - Network '752ec78fc83771e3af8ffd3d1f747b2676e95d4ac7a661b5f231a5da7024a87d' deleted successfully
02:20:58.236 [Test worker] DEBUG c.g.d.core.command.AbstrDockerCmd - Cmd: com.github.dockerjava.core.util.FiltersBuilder@0,com.github.dockerjava.jaxrs.ListVolumesCmdExec@62068c39
02:20:58.236 [Test worker] DEBUG c.g.d.j.JerseyDockerCmdExecFactory - 35 * Sending client request on thread Test worker
35 > GET https://Thesis:2376/volumes
35 > Accept: application/json

02:20:58.237 [Test worker] DEBUG o.a.h.c.protocol.RequestAddCookies - CookieSpec selected: default
02:20:58.237 [Test worker] DEBUG o.a.h.c.protocol.RequestAuthCache - Auth cache not set in the context
02:20:58.237 [Test worker] DEBUG c.g.d.j.JerseyDockerCmdExecFactory$1 - Connection request: [route: {s}->https://Thesis:2376][total kept alive: 2; route allocated: 2 of 2; total allocated: 2 of 20]
02:20:58.237 [Test worker] DEBUG o.a.h.i.c.DefaultManagedHttpClientConnection - http-outgoing-167: Close connection
02:20:58.237 [Test worker] DEBUG c.g.d.j.JerseyDockerCmdExecFactory$1 - Connection leased: [id: 170][route: {s}->https://Thesis:2376][total kept alive: 1; route allocated: 2 of 2; total allocated: 2 of 20]
02:20:58.237 [Test worker] DEBUG o.a.h.impl.execchain.MainClientExec - Opening connection {s}->https://Thesis:2376
02:20:58.237 [Test worker] DEBUG o.a.h.i.c.DefaultHttpClientConnectionOperator - Connecting to Thesis/127.0.1.1:2376
02:20:58.237 [Test worker] DEBUG o.a.h.c.s.SSLConnectionSocketFactory - Connecting socket to Thesis/127.0.1.1:2376 with timeout 0
02:20:58.238 [Test worker] DEBUG o.a.h.c.s.SSLConnectionSocketFactory - Enabled protocols: [TLSv1]
02:20:58.238 [Test worker] DEBUG o.a.h.c.s.SSLConnectionSocketFactory - Enabled cipher suites:[TLS_ECDHE_ECDSA_WITH_AES_128_CBC_SHA, TLS_ECDHE_RSA_WITH_AES_128_CBC_SHA, TLS_RSA_WITH_AES_128_CBC_SHA, TLS_ECDH_ECDSA_WITH_AES_128_CBC_SHA, TLS_ECDH_RSA_WITH_AES_128_CBC_SHA, TLS_DHE_RSA_WITH_AES_128_CBC_SHA, TLS_DHE_DSS_WITH_AES_128_CBC_SHA, TLS_ECDHE_ECDSA_WITH_3DES_EDE_CBC_SHA, TLS_ECDHE_RSA_WITH_3DES_EDE_CBC_SHA, SSL_RSA_WITH_3DES_EDE_CBC_SHA, TLS_ECDH_ECDSA_WITH_3DES_EDE_CBC_SHA, TLS_ECDH_RSA_WITH_3DES_EDE_CBC_SHA, SSL_DHE_RSA_WITH_3DES_EDE_CBC_SHA, SSL_DHE_DSS_WITH_3DES_EDE_CBC_SHA, TLS_ECDHE_ECDSA_WITH_RC4_128_SHA, TLS_ECDHE_RSA_WITH_RC4_128_SHA, SSL_RSA_WITH_RC4_128_SHA, TLS_ECDH_ECDSA_WITH_RC4_128_SHA, TLS_ECDH_RSA_WITH_RC4_128_SHA, SSL_RSA_WITH_RC4_128_MD5, TLS_EMPTY_RENEGOTIATION_INFO_SCSV]
02:20:58.238 [Test worker] DEBUG o.a.h.c.s.SSLConnectionSocketFactory - Starting handshake
02:20:58.298 [Test worker] DEBUG o.a.h.c.s.SSLConnectionSocketFactory - Secure session established
02:20:58.298 [Test worker] DEBUG o.a.h.c.s.SSLConnectionSocketFactory -  negotiated protocol: TLSv1
02:20:58.299 [Test worker] DEBUG o.a.h.c.s.SSLConnectionSocketFactory -  negotiated cipher suite: TLS_ECDHE_RSA_WITH_AES_128_CBC_SHA
02:20:58.299 [Test worker] DEBUG o.a.h.c.s.SSLConnectionSocketFactory -  peer principal: CN=Thesis
02:20:58.299 [Test worker] DEBUG o.a.h.c.s.SSLConnectionSocketFactory -  issuer principal: EMAILADDRESS=sha@yamil.com, CN=Thesis, OU=Open, O=Fra, L=BER, ST=BER, C=DE
02:20:58.299 [Test worker] DEBUG o.a.h.i.c.DefaultHttpClientConnectionOperator - Connection established 127.0.0.1:41216<->127.0.1.1:2376
02:20:58.299 [Test worker] DEBUG o.a.h.impl.execchain.MainClientExec - Executing request GET /volumes HTTP/1.1
02:20:58.299 [Test worker] DEBUG o.a.h.impl.execchain.MainClientExec - Target auth state: UNCHALLENGED
02:20:58.299 [Test worker] DEBUG o.a.h.impl.execchain.MainClientExec - Proxy auth state: UNCHALLENGED
02:20:58.299 [Test worker] DEBUG org.apache.http.headers - http-outgoing-170 >> GET /volumes HTTP/1.1
02:20:58.300 [Test worker] DEBUG org.apache.http.headers - http-outgoing-170 >> Accept: application/json
02:20:58.300 [Test worker] DEBUG org.apache.http.headers - http-outgoing-170 >> User-Agent: Jersey/2.23.1 (Apache HttpClient 4.5.1)
02:20:58.300 [Test worker] DEBUG org.apache.http.headers - http-outgoing-170 >> Host: Thesis:2376
02:20:58.300 [Test worker] DEBUG org.apache.http.headers - http-outgoing-170 >> Connection: Keep-Alive
02:20:58.300 [Test worker] DEBUG org.apache.http.headers - http-outgoing-170 >> Accept-Encoding: gzip,deflate
02:20:58.300 [Test worker] DEBUG org.apache.http.wire - http-outgoing-170 >> "GET /volumes HTTP/1.1[\r][\n]"
02:20:58.300 [Test worker] DEBUG org.apache.http.wire - http-outgoing-170 >> "Accept: application/json[\r][\n]"
02:20:58.300 [Test worker] DEBUG org.apache.http.wire - http-outgoing-170 >> "User-Agent: Jersey/2.23.1 (Apache HttpClient 4.5.1)[\r][\n]"
02:20:58.300 [Test worker] DEBUG org.apache.http.wire - http-outgoing-170 >> "Host: Thesis:2376[\r][\n]"
02:20:58.300 [Test worker] DEBUG org.apache.http.wire - http-outgoing-170 >> "Connection: Keep-Alive[\r][\n]"
02:20:58.304 [Test worker] DEBUG org.apache.http.wire - http-outgoing-170 >> "Accept-Encoding: gzip,deflate[\r][\n]"
02:20:58.304 [Test worker] DEBUG org.apache.http.wire - http-outgoing-170 >> "[\r][\n]"
02:20:58.304 [Test worker] DEBUG org.apache.http.wire - http-outgoing-170 << "H"
02:20:58.304 [Test worker] DEBUG org.apache.http.wire - http-outgoing-170 << "TTP/1.1 200 OK[\r][\n]"
02:20:58.304 [Test worker] DEBUG org.apache.http.wire - http-outgoing-170 << "Content-Type: application/json[\r][\n]"
02:20:58.319 [Test worker] DEBUG org.apache.http.wire - http-outgoing-170 << "Server: Docker/1.12.3 (linux)[\r][\n]"
02:20:58.319 [Test worker] DEBUG org.apache.http.wire - http-outgoing-170 << "Date: Tue, 03 Jan 2017 01:20:58 GMT[\r][\n]"
02:20:58.319 [Test worker] DEBUG org.apache.http.wire - http-outgoing-170 << "Content-Length: 33[\r][\n]"
02:20:58.319 [Test worker] DEBUG org.apache.http.wire - http-outgoing-170 << "[\r][\n]"
02:20:58.319 [Test worker] DEBUG org.apache.http.wire - http-outgoing-170 << "{"Volumes":null,"Warnings":null}[\n]"
02:20:58.319 [Test worker] DEBUG org.apache.http.headers - http-outgoing-170 << HTTP/1.1 200 OK
02:20:58.319 [Test worker] DEBUG org.apache.http.headers - http-outgoing-170 << Content-Type: application/json
02:20:58.319 [Test worker] DEBUG org.apache.http.headers - http-outgoing-170 << Server: Docker/1.12.3 (linux)
02:20:58.319 [Test worker] DEBUG org.apache.http.headers - http-outgoing-170 << Date: Tue, 03 Jan 2017 01:20:58 GMT
02:20:58.319 [Test worker] DEBUG org.apache.http.headers - http-outgoing-170 << Content-Length: 33
02:20:58.319 [Test worker] DEBUG o.a.h.impl.execchain.MainClientExec - Connection can be kept alive indefinitely
02:20:58.320 [Test worker] DEBUG c.g.d.j.JerseyDockerCmdExecFactory - 36 * Client response received on thread Test worker
36 < 200
36 < Content-Length: 33
36 < Content-Type: application/json
36 < Date: Tue, 03 Jan 2017 01:20:58 GMT
36 < Server: Docker/1.12.3 (linux)
{"Volumes":null,"Warnings":null}


02:20:58.320 [Test worker] DEBUG o.a.h.i.c.DefaultManagedHttpClientConnection - http-outgoing-170: Close connection
02:20:58.321 [Test worker] DEBUG o.a.h.impl.execchain.MainClientExec - Connection discarded
02:20:58.321 [Test worker] DEBUG c.g.d.j.JerseyDockerCmdExecFactory$1 - Connection released: [id: 170][route: {s}->https://Thesis:2376][total kept alive: 1; route allocated: 1 of 2; total allocated: 1 of 20]
02:20:58.328 [Test worker] DEBUG org.openbaton.docker.DockerVim - Loading properties
02:20:58.329 [Test worker] DEBUG org.openbaton.docker.DockerVim - Loaded properties: {vim.instance.auth.url=tcp://Thesis:2376, docker.cert.path=/home/sakib/.docker, type=docker, tls.verify=true}
02:20:58.334 [Test worker] DEBUG c.g.d.core.command.AbstrDockerCmd - Cmd: -1,<null>,true,<null>,<null>,com.github.dockerjava.core.util.FiltersBuilder@0,com.github.dockerjava.jaxrs.ListContainersCmdExec@54f5ef22
02:20:58.378 [Test worker] DEBUG c.g.d.j.JerseyDockerCmdExecFactory - 1 * Sending client request on thread Test worker
1 > GET https://Thesis:2376/containers/json?all=true
1 > Accept: application/json

02:20:58.379 [Test worker] DEBUG o.a.h.c.protocol.RequestAddCookies - CookieSpec selected: default
02:20:58.379 [Test worker] DEBUG o.a.h.c.protocol.RequestAuthCache - Auth cache not set in the context
02:20:58.379 [Test worker] DEBUG c.g.d.j.JerseyDockerCmdExecFactory$1 - Connection request: [route: {s}->https://Thesis:2376][total kept alive: 0; route allocated: 0 of 2; total allocated: 0 of 20]
02:20:58.379 [Test worker] DEBUG c.g.d.j.JerseyDockerCmdExecFactory$1 - Connection leased: [id: 171][route: {s}->https://Thesis:2376][total kept alive: 0; route allocated: 1 of 2; total allocated: 1 of 20]
02:20:58.379 [Test worker] DEBUG o.a.h.impl.execchain.MainClientExec - Opening connection {s}->https://Thesis:2376
02:20:58.379 [Test worker] DEBUG o.a.h.i.c.DefaultHttpClientConnectionOperator - Connecting to Thesis/127.0.1.1:2376
02:20:58.379 [Test worker] DEBUG o.a.h.c.s.SSLConnectionSocketFactory - Connecting socket to Thesis/127.0.1.1:2376 with timeout 0
02:20:58.380 [Test worker] DEBUG o.a.h.c.s.SSLConnectionSocketFactory - Enabled protocols: [TLSv1]
02:20:58.380 [Test worker] DEBUG o.a.h.c.s.SSLConnectionSocketFactory - Enabled cipher suites:[TLS_ECDHE_ECDSA_WITH_AES_128_CBC_SHA, TLS_ECDHE_RSA_WITH_AES_128_CBC_SHA, TLS_RSA_WITH_AES_128_CBC_SHA, TLS_ECDH_ECDSA_WITH_AES_128_CBC_SHA, TLS_ECDH_RSA_WITH_AES_128_CBC_SHA, TLS_DHE_RSA_WITH_AES_128_CBC_SHA, TLS_DHE_DSS_WITH_AES_128_CBC_SHA, TLS_ECDHE_ECDSA_WITH_3DES_EDE_CBC_SHA, TLS_ECDHE_RSA_WITH_3DES_EDE_CBC_SHA, SSL_RSA_WITH_3DES_EDE_CBC_SHA, TLS_ECDH_ECDSA_WITH_3DES_EDE_CBC_SHA, TLS_ECDH_RSA_WITH_3DES_EDE_CBC_SHA, SSL_DHE_RSA_WITH_3DES_EDE_CBC_SHA, SSL_DHE_DSS_WITH_3DES_EDE_CBC_SHA, TLS_ECDHE_ECDSA_WITH_RC4_128_SHA, TLS_ECDHE_RSA_WITH_RC4_128_SHA, SSL_RSA_WITH_RC4_128_SHA, TLS_ECDH_ECDSA_WITH_RC4_128_SHA, TLS_ECDH_RSA_WITH_RC4_128_SHA, SSL_RSA_WITH_RC4_128_MD5, TLS_EMPTY_RENEGOTIATION_INFO_SCSV]
02:20:58.380 [Test worker] DEBUG o.a.h.c.s.SSLConnectionSocketFactory - Starting handshake
02:20:58.440 [Test worker] DEBUG o.a.h.c.s.SSLConnectionSocketFactory - Secure session established
02:20:58.440 [Test worker] DEBUG o.a.h.c.s.SSLConnectionSocketFactory -  negotiated protocol: TLSv1
02:20:58.440 [Test worker] DEBUG o.a.h.c.s.SSLConnectionSocketFactory -  negotiated cipher suite: TLS_ECDHE_RSA_WITH_AES_128_CBC_SHA
02:20:58.441 [Test worker] DEBUG o.a.h.c.s.SSLConnectionSocketFactory -  peer principal: CN=Thesis
02:20:58.441 [Test worker] DEBUG o.a.h.c.s.SSLConnectionSocketFactory -  issuer principal: EMAILADDRESS=sha@yamil.com, CN=Thesis, OU=Open, O=Fra, L=BER, ST=BER, C=DE
02:20:58.441 [Test worker] DEBUG o.a.h.i.c.DefaultHttpClientConnectionOperator - Connection established 127.0.0.1:41218<->127.0.1.1:2376
02:20:58.441 [Test worker] DEBUG o.a.h.impl.execchain.MainClientExec - Executing request GET /containers/json?all=true HTTP/1.1
02:20:58.441 [Test worker] DEBUG o.a.h.impl.execchain.MainClientExec - Target auth state: UNCHALLENGED
02:20:58.441 [Test worker] DEBUG o.a.h.impl.execchain.MainClientExec - Proxy auth state: UNCHALLENGED
02:20:58.441 [Test worker] DEBUG org.apache.http.headers - http-outgoing-171 >> GET /containers/json?all=true HTTP/1.1
02:20:58.441 [Test worker] DEBUG org.apache.http.headers - http-outgoing-171 >> Accept: application/json
02:20:58.441 [Test worker] DEBUG org.apache.http.headers - http-outgoing-171 >> User-Agent: Jersey/2.23.1 (Apache HttpClient 4.5.1)
02:20:58.441 [Test worker] DEBUG org.apache.http.headers - http-outgoing-171 >> Host: Thesis:2376
02:20:58.442 [Test worker] DEBUG org.apache.http.headers - http-outgoing-171 >> Connection: Keep-Alive
02:20:58.442 [Test worker] DEBUG org.apache.http.headers - http-outgoing-171 >> Accept-Encoding: gzip,deflate
02:20:58.442 [Test worker] DEBUG org.apache.http.wire - http-outgoing-171 >> "GET /containers/json?all=true HTTP/1.1[\r][\n]"
02:20:58.442 [Test worker] DEBUG org.apache.http.wire - http-outgoing-171 >> "Accept: application/json[\r][\n]"
02:20:58.442 [Test worker] DEBUG org.apache.http.wire - http-outgoing-171 >> "User-Agent: Jersey/2.23.1 (Apache HttpClient 4.5.1)[\r][\n]"
02:20:58.442 [Test worker] DEBUG org.apache.http.wire - http-outgoing-171 >> "Host: Thesis:2376[\r][\n]"
02:20:58.442 [Test worker] DEBUG org.apache.http.wire - http-outgoing-171 >> "Connection: Keep-Alive[\r][\n]"
02:20:58.442 [Test worker] DEBUG org.apache.http.wire - http-outgoing-171 >> "Accept-Encoding: gzip,deflate[\r][\n]"
02:20:58.442 [Test worker] DEBUG org.apache.http.wire - http-outgoing-171 >> "[\r][\n]"
02:20:58.442 [Test worker] DEBUG org.apache.http.wire - http-outgoing-171 << "H"
02:20:58.442 [Test worker] DEBUG org.apache.http.wire - http-outgoing-171 << "TTP/1.1 200 OK[\r][\n]"
02:20:58.442 [Test worker] DEBUG org.apache.http.wire - http-outgoing-171 << "Content-Type: application/json[\r][\n]"
02:20:58.442 [Test worker] DEBUG org.apache.http.wire - http-outgoing-171 << "Server: Docker/1.12.3 (linux)[\r][\n]"
02:20:58.442 [Test worker] DEBUG org.apache.http.wire - http-outgoing-171 << "Date: Tue, 03 Jan 2017 01:20:58 GMT[\r][\n]"
02:20:58.443 [Test worker] DEBUG org.apache.http.wire - http-outgoing-171 << "Content-Length: 3[\r][\n]"
02:20:58.443 [Test worker] DEBUG org.apache.http.wire - http-outgoing-171 << "[\r][\n]"
02:20:58.443 [Test worker] DEBUG org.apache.http.wire - http-outgoing-171 << "[][\n]"
02:20:58.443 [Test worker] DEBUG org.apache.http.headers - http-outgoing-171 << HTTP/1.1 200 OK
02:20:58.443 [Test worker] DEBUG org.apache.http.headers - http-outgoing-171 << Content-Type: application/json
02:20:58.443 [Test worker] DEBUG org.apache.http.headers - http-outgoing-171 << Server: Docker/1.12.3 (linux)
02:20:58.443 [Test worker] DEBUG org.apache.http.headers - http-outgoing-171 << Date: Tue, 03 Jan 2017 01:20:58 GMT
02:20:58.443 [Test worker] DEBUG org.apache.http.headers - http-outgoing-171 << Content-Length: 3
02:20:58.443 [Test worker] DEBUG o.a.h.impl.execchain.MainClientExec - Connection can be kept alive indefinitely
02:20:58.443 [Test worker] DEBUG c.g.d.j.JerseyDockerCmdExecFactory - 2 * Client response received on thread Test worker
2 < 200
2 < Content-Length: 3
2 < Content-Type: application/json
2 < Date: Tue, 03 Jan 2017 01:20:58 GMT
2 < Server: Docker/1.12.3 (linux)
[]


02:20:58.444 [Test worker] DEBUG c.g.d.j.JerseyDockerCmdExecFactory$1 - Connection [id: 171][route: {s}->https://Thesis:2376][state: CN=Thesis] can be kept alive indefinitely
02:20:58.444 [Test worker] DEBUG c.g.d.j.JerseyDockerCmdExecFactory$1 - Connection released: [id: 171][route: {s}->https://Thesis:2376][state: CN=Thesis][total kept alive: 1; route allocated: 1 of 2; total allocated: 1 of 20]
02:20:58.450 [Test worker] DEBUG c.g.d.core.command.AbstrDockerCmd - Cmd: com.github.dockerjava.core.util.FiltersBuilder@0,com.github.dockerjava.jaxrs.ListNetworksCmdExec@715a728a
02:20:58.451 [Test worker] DEBUG c.g.d.j.JerseyDockerCmdExecFactory - 3 * Sending client request on thread Test worker
3 > GET https://Thesis:2376/networks
3 > Accept: application/json

02:20:58.451 [Test worker] DEBUG o.a.h.c.protocol.RequestAddCookies - CookieSpec selected: default
02:20:58.451 [Test worker] DEBUG o.a.h.c.protocol.RequestAuthCache - Auth cache not set in the context
02:20:58.452 [Test worker] DEBUG c.g.d.j.JerseyDockerCmdExecFactory$1 - Connection request: [route: {s}->https://Thesis:2376][total kept alive: 1; route allocated: 1 of 2; total allocated: 1 of 20]
02:20:58.452 [Test worker] DEBUG c.g.d.j.JerseyDockerCmdExecFactory$1 - Connection leased: [id: 172][route: {s}->https://Thesis:2376][total kept alive: 1; route allocated: 2 of 2; total allocated: 2 of 20]
02:20:58.452 [Test worker] DEBUG o.a.h.impl.execchain.MainClientExec - Opening connection {s}->https://Thesis:2376
02:20:58.452 [Test worker] DEBUG o.a.h.i.c.DefaultHttpClientConnectionOperator - Connecting to Thesis/127.0.1.1:2376
02:20:58.452 [Test worker] DEBUG o.a.h.c.s.SSLConnectionSocketFactory - Connecting socket to Thesis/127.0.1.1:2376 with timeout 0
02:20:58.453 [Test worker] DEBUG o.a.h.c.s.SSLConnectionSocketFactory - Enabled protocols: [TLSv1]
02:20:58.453 [Test worker] DEBUG o.a.h.c.s.SSLConnectionSocketFactory - Enabled cipher suites:[TLS_ECDHE_ECDSA_WITH_AES_128_CBC_SHA, TLS_ECDHE_RSA_WITH_AES_128_CBC_SHA, TLS_RSA_WITH_AES_128_CBC_SHA, TLS_ECDH_ECDSA_WITH_AES_128_CBC_SHA, TLS_ECDH_RSA_WITH_AES_128_CBC_SHA, TLS_DHE_RSA_WITH_AES_128_CBC_SHA, TLS_DHE_DSS_WITH_AES_128_CBC_SHA, TLS_ECDHE_ECDSA_WITH_3DES_EDE_CBC_SHA, TLS_ECDHE_RSA_WITH_3DES_EDE_CBC_SHA, SSL_RSA_WITH_3DES_EDE_CBC_SHA, TLS_ECDH_ECDSA_WITH_3DES_EDE_CBC_SHA, TLS_ECDH_RSA_WITH_3DES_EDE_CBC_SHA, SSL_DHE_RSA_WITH_3DES_EDE_CBC_SHA, SSL_DHE_DSS_WITH_3DES_EDE_CBC_SHA, TLS_ECDHE_ECDSA_WITH_RC4_128_SHA, TLS_ECDHE_RSA_WITH_RC4_128_SHA, SSL_RSA_WITH_RC4_128_SHA, TLS_ECDH_ECDSA_WITH_RC4_128_SHA, TLS_ECDH_RSA_WITH_RC4_128_SHA, SSL_RSA_WITH_RC4_128_MD5, TLS_EMPTY_RENEGOTIATION_INFO_SCSV]
02:20:58.453 [Test worker] DEBUG o.a.h.c.s.SSLConnectionSocketFactory - Starting handshake
02:20:58.517 [Test worker] DEBUG o.a.h.c.s.SSLConnectionSocketFactory - Secure session established
02:20:58.518 [Test worker] DEBUG o.a.h.c.s.SSLConnectionSocketFactory -  negotiated protocol: TLSv1
02:20:58.518 [Test worker] DEBUG o.a.h.c.s.SSLConnectionSocketFactory -  negotiated cipher suite: TLS_ECDHE_RSA_WITH_AES_128_CBC_SHA
02:20:58.518 [Test worker] DEBUG o.a.h.c.s.SSLConnectionSocketFactory -  peer principal: CN=Thesis
02:20:58.518 [Test worker] DEBUG o.a.h.c.s.SSLConnectionSocketFactory -  issuer principal: EMAILADDRESS=sha@yamil.com, CN=Thesis, OU=Open, O=Fra, L=BER, ST=BER, C=DE
02:20:58.518 [Test worker] DEBUG o.a.h.i.c.DefaultHttpClientConnectionOperator - Connection established 127.0.0.1:41220<->127.0.1.1:2376
02:20:58.518 [Test worker] DEBUG o.a.h.impl.execchain.MainClientExec - Executing request GET /networks HTTP/1.1
02:20:58.518 [Test worker] DEBUG o.a.h.impl.execchain.MainClientExec - Target auth state: UNCHALLENGED
02:20:58.518 [Test worker] DEBUG o.a.h.impl.execchain.MainClientExec - Proxy auth state: UNCHALLENGED
02:20:58.518 [Test worker] DEBUG org.apache.http.headers - http-outgoing-172 >> GET /networks HTTP/1.1
02:20:58.518 [Test worker] DEBUG org.apache.http.headers - http-outgoing-172 >> Accept: application/json
02:20:58.522 [Test worker] DEBUG org.apache.http.headers - http-outgoing-172 >> User-Agent: Jersey/2.23.1 (Apache HttpClient 4.5.1)
02:20:58.523 [Test worker] DEBUG org.apache.http.headers - http-outgoing-172 >> Host: Thesis:2376
02:20:58.523 [Test worker] DEBUG org.apache.http.headers - http-outgoing-172 >> Connection: Keep-Alive
02:20:58.523 [Test worker] DEBUG org.apache.http.headers - http-outgoing-172 >> Accept-Encoding: gzip,deflate
02:20:58.523 [Test worker] DEBUG org.apache.http.wire - http-outgoing-172 >> "GET /networks HTTP/1.1[\r][\n]"
02:20:58.523 [Test worker] DEBUG org.apache.http.wire - http-outgoing-172 >> "Accept: application/json[\r][\n]"
02:20:58.523 [Test worker] DEBUG org.apache.http.wire - http-outgoing-172 >> "User-Agent: Jersey/2.23.1 (Apache HttpClient 4.5.1)[\r][\n]"
02:20:58.523 [Test worker] DEBUG org.apache.http.wire - http-outgoing-172 >> "Host: Thesis:2376[\r][\n]"
02:20:58.523 [Test worker] DEBUG org.apache.http.wire - http-outgoing-172 >> "Connection: Keep-Alive[\r][\n]"
02:20:58.523 [Test worker] DEBUG org.apache.http.wire - http-outgoing-172 >> "Accept-Encoding: gzip,deflate[\r][\n]"
02:20:58.523 [Test worker] DEBUG org.apache.http.wire - http-outgoing-172 >> "[\r][\n]"
02:20:58.523 [Test worker] DEBUG org.apache.http.wire - http-outgoing-172 << "H"
02:20:58.523 [Test worker] DEBUG org.apache.http.wire - http-outgoing-172 << "TTP/1.1 200 OK[\r][\n]"
02:20:58.523 [Test worker] DEBUG org.apache.http.wire - http-outgoing-172 << "Content-Type: application/json[\r][\n]"
02:20:58.523 [Test worker] DEBUG org.apache.http.wire - http-outgoing-172 << "Server: Docker/1.12.3 (linux)[\r][\n]"
02:20:58.523 [Test worker] DEBUG org.apache.http.wire - http-outgoing-172 << "Date: Tue, 03 Jan 2017 01:20:58 GMT[\r][\n]"
02:20:58.523 [Test worker] DEBUG org.apache.http.wire - http-outgoing-172 << "Content-Length: 1100[\r][\n]"
02:20:58.523 [Test worker] DEBUG org.apache.http.wire - http-outgoing-172 << "[\r][\n]"
02:20:58.524 [Test worker] DEBUG org.apache.http.wire - http-outgoing-172 << "[{"Name":"none","Id":"4d89c194eb79cd2beb38458d10a1b98c74d6b8462af72afde29ae7aca53ed5ca","Scope":"local","Driver":"null","EnableIPv6":false,"IPAM":{"Driver":"default","Options":null,"Config":[]},"Internal":false,"Containers":{},"Options":{},"Labels":{}},{"Name":"bridge","Id":"e0d36057aa1769e9fd52ba88be81b698b495f9b6b4946d0f98f24d971a27fc98","Scope":"local","Driver":"bridge","EnableIPv6":false,"IPAM":{"Driver":"default","Options":null,"Config":[{"Subnet":"172.17.0.0/16","Gateway":"172.17.0.1"}]},"Internal":false,"Containers":{},"Options":{"com.docker.network.bridge.default_bridge":"true","com.docker.network.bridge.enable_icc":"true","com.docker.network.bridge.enable_ip_masquerade":"true","com.docker.network.bridge.host_binding_ipv4":"0.0.0.0","com.docker.network.bridge.name":"docker0","com.docker.network.driver.mtu":"1500"},"Labels":{}},{"Name":"host","Id":"fe042b0866671b5be4f097ba43830c0a02959c058702d18e18c14a24d88a357d","Scope":"local","Driver":"host","EnableIPv6":false,"IPAM":{"Driver":"default","Options":null,"Config":[]},"Internal":false,"Containers":{},"Options":{},"Labels":{}}][\n]"
02:20:58.524 [Test worker] DEBUG org.apache.http.headers - http-outgoing-172 << HTTP/1.1 200 OK
02:20:58.524 [Test worker] DEBUG org.apache.http.headers - http-outgoing-172 << Content-Type: application/json
02:20:58.524 [Test worker] DEBUG org.apache.http.headers - http-outgoing-172 << Server: Docker/1.12.3 (linux)
02:20:58.524 [Test worker] DEBUG org.apache.http.headers - http-outgoing-172 << Date: Tue, 03 Jan 2017 01:20:58 GMT
02:20:58.524 [Test worker] DEBUG org.apache.http.headers - http-outgoing-172 << Content-Length: 1100
02:20:58.524 [Test worker] DEBUG o.a.h.impl.execchain.MainClientExec - Connection can be kept alive indefinitely
02:20:58.524 [Test worker] DEBUG c.g.d.j.JerseyDockerCmdExecFactory - 4 * Client response received on thread Test worker
4 < 200
4 < Content-Length: 1100
4 < Content-Type: application/json
4 < Date: Tue, 03 Jan 2017 01:20:58 GMT
4 < Server: Docker/1.12.3 (linux)
[{"Name":"none","Id":"4d89c194eb79cd2beb38458d10a1b98c74d6b8462af72afde29ae7aca53ed5ca","Scope":"local","Driver":"null","EnableIPv6":false,"IPAM":{"Driver":"default","Options":null,"Config":[]},"Internal":false,"Containers":{},"Options":{},"Labels":{}},{"Name":"bridge","Id":"e0d36057aa1769e9fd52ba88be81b698b495f9b6b4946d0f98f24d971a27fc98","Scope":"local","Driver":"bridge","EnableIPv6":false,"IPAM":{"Driver":"default","Options":null,"Config":[{"Subnet":"172.17.0.0/16","Gateway":"172.17.0.1"}]},"Internal":false,"Containers":{},"Options":{"com.docker.network.bridge.default_bridge":"true","com.docker.network.bridge.enable_icc":"true","com.docker.network.bridge.enable_ip_masquerade":"true","com.docker.network.bridge.host_binding_ipv4":"0.0.0.0","com.docker.network.bridge.name":"docker0","com.docker.network.driver.mtu":"1500"},"Labels":{}},{"Name":"host","Id":"fe042b0866671b5be4f097ba43830c0a02959c058702d18e18c14a24d88a357d","Scope":"local","Driver":"host","EnableIPv6":false,"IPAM":{"Driver":"default","Options":null,"Config":[]},"Internal":false,"Containers":{},"Options":{},"Labels":{}}]


02:20:58.526 [Test worker] DEBUG o.a.h.i.c.DefaultManagedHttpClientConnection - http-outgoing-172: Close connection
02:20:58.527 [Test worker] DEBUG o.a.h.impl.execchain.MainClientExec - Connection discarded
02:20:58.527 [Test worker] DEBUG c.g.d.j.JerseyDockerCmdExecFactory$1 - Connection released: [id: 172][route: {s}->https://Thesis:2376][total kept alive: 1; route allocated: 1 of 2; total allocated: 1 of 20]
02:20:58.528 [Test worker] DEBUG c.g.d.core.command.AbstrDockerCmd - Cmd: com.github.dockerjava.core.util.FiltersBuilder@0,com.github.dockerjava.jaxrs.ListVolumesCmdExec@225e1da5
02:20:58.528 [Test worker] DEBUG c.g.d.j.JerseyDockerCmdExecFactory - 5 * Sending client request on thread Test worker
5 > GET https://Thesis:2376/volumes
5 > Accept: application/json

02:20:58.528 [Test worker] DEBUG o.a.h.c.protocol.RequestAddCookies - CookieSpec selected: default
02:20:58.528 [Test worker] DEBUG o.a.h.c.protocol.RequestAuthCache - Auth cache not set in the context
02:20:58.528 [Test worker] DEBUG c.g.d.j.JerseyDockerCmdExecFactory$1 - Connection request: [route: {s}->https://Thesis:2376][total kept alive: 1; route allocated: 1 of 2; total allocated: 1 of 20]
02:20:58.529 [Test worker] DEBUG c.g.d.j.JerseyDockerCmdExecFactory$1 - Connection leased: [id: 173][route: {s}->https://Thesis:2376][total kept alive: 1; route allocated: 2 of 2; total allocated: 2 of 20]
02:20:58.529 [Test worker] DEBUG o.a.h.impl.execchain.MainClientExec - Opening connection {s}->https://Thesis:2376
02:20:58.529 [Test worker] DEBUG o.a.h.i.c.DefaultHttpClientConnectionOperator - Connecting to Thesis/127.0.1.1:2376
02:20:58.529 [Test worker] DEBUG o.a.h.c.s.SSLConnectionSocketFactory - Connecting socket to Thesis/127.0.1.1:2376 with timeout 0
02:20:58.529 [Test worker] DEBUG o.a.h.c.s.SSLConnectionSocketFactory - Enabled protocols: [TLSv1]
02:20:58.530 [Test worker] DEBUG o.a.h.c.s.SSLConnectionSocketFactory - Enabled cipher suites:[TLS_ECDHE_ECDSA_WITH_AES_128_CBC_SHA, TLS_ECDHE_RSA_WITH_AES_128_CBC_SHA, TLS_RSA_WITH_AES_128_CBC_SHA, TLS_ECDH_ECDSA_WITH_AES_128_CBC_SHA, TLS_ECDH_RSA_WITH_AES_128_CBC_SHA, TLS_DHE_RSA_WITH_AES_128_CBC_SHA, TLS_DHE_DSS_WITH_AES_128_CBC_SHA, TLS_ECDHE_ECDSA_WITH_3DES_EDE_CBC_SHA, TLS_ECDHE_RSA_WITH_3DES_EDE_CBC_SHA, SSL_RSA_WITH_3DES_EDE_CBC_SHA, TLS_ECDH_ECDSA_WITH_3DES_EDE_CBC_SHA, TLS_ECDH_RSA_WITH_3DES_EDE_CBC_SHA, SSL_DHE_RSA_WITH_3DES_EDE_CBC_SHA, SSL_DHE_DSS_WITH_3DES_EDE_CBC_SHA, TLS_ECDHE_ECDSA_WITH_RC4_128_SHA, TLS_ECDHE_RSA_WITH_RC4_128_SHA, SSL_RSA_WITH_RC4_128_SHA, TLS_ECDH_ECDSA_WITH_RC4_128_SHA, TLS_ECDH_RSA_WITH_RC4_128_SHA, SSL_RSA_WITH_RC4_128_MD5, TLS_EMPTY_RENEGOTIATION_INFO_SCSV]
02:20:58.530 [Test worker] DEBUG o.a.h.c.s.SSLConnectionSocketFactory - Starting handshake
02:20:58.602 [Test worker] DEBUG o.a.h.c.s.SSLConnectionSocketFactory - Secure session established
02:20:58.602 [Test worker] DEBUG o.a.h.c.s.SSLConnectionSocketFactory -  negotiated protocol: TLSv1
02:20:58.603 [Test worker] DEBUG o.a.h.c.s.SSLConnectionSocketFactory -  negotiated cipher suite: TLS_ECDHE_RSA_WITH_AES_128_CBC_SHA
02:20:58.603 [Test worker] DEBUG o.a.h.c.s.SSLConnectionSocketFactory -  peer principal: CN=Thesis
02:20:58.603 [Test worker] DEBUG o.a.h.c.s.SSLConnectionSocketFactory -  issuer principal: EMAILADDRESS=sha@yamil.com, CN=Thesis, OU=Open, O=Fra, L=BER, ST=BER, C=DE
02:20:58.603 [Test worker] DEBUG o.a.h.i.c.DefaultHttpClientConnectionOperator - Connection established 127.0.0.1:41222<->127.0.1.1:2376
02:20:58.603 [Test worker] DEBUG o.a.h.impl.execchain.MainClientExec - Executing request GET /volumes HTTP/1.1
02:20:58.603 [Test worker] DEBUG o.a.h.impl.execchain.MainClientExec - Target auth state: UNCHALLENGED
02:20:58.603 [Test worker] DEBUG o.a.h.impl.execchain.MainClientExec - Proxy auth state: UNCHALLENGED
02:20:58.603 [Test worker] DEBUG org.apache.http.headers - http-outgoing-173 >> GET /volumes HTTP/1.1
02:20:58.603 [Test worker] DEBUG org.apache.http.headers - http-outgoing-173 >> Accept: application/json
02:20:58.603 [Test worker] DEBUG org.apache.http.headers - http-outgoing-173 >> User-Agent: Jersey/2.23.1 (Apache HttpClient 4.5.1)
02:20:58.603 [Test worker] DEBUG org.apache.http.headers - http-outgoing-173 >> Host: Thesis:2376
02:20:58.603 [Test worker] DEBUG org.apache.http.headers - http-outgoing-173 >> Connection: Keep-Alive
02:20:58.603 [Test worker] DEBUG org.apache.http.headers - http-outgoing-173 >> Accept-Encoding: gzip,deflate
02:20:58.603 [Test worker] DEBUG org.apache.http.wire - http-outgoing-173 >> "GET /volumes HTTP/1.1[\r][\n]"
02:20:58.603 [Test worker] DEBUG org.apache.http.wire - http-outgoing-173 >> "Accept: application/json[\r][\n]"
02:20:58.604 [Test worker] DEBUG org.apache.http.wire - http-outgoing-173 >> "User-Agent: Jersey/2.23.1 (Apache HttpClient 4.5.1)[\r][\n]"
02:20:58.604 [Test worker] DEBUG org.apache.http.wire - http-outgoing-173 >> "Host: Thesis:2376[\r][\n]"
02:20:58.604 [Test worker] DEBUG org.apache.http.wire - http-outgoing-173 >> "Connection: Keep-Alive[\r][\n]"
02:20:58.604 [Test worker] DEBUG org.apache.http.wire - http-outgoing-173 >> "Accept-Encoding: gzip,deflate[\r][\n]"
02:20:58.604 [Test worker] DEBUG org.apache.http.wire - http-outgoing-173 >> "[\r][\n]"
02:20:58.604 [Test worker] DEBUG org.apache.http.wire - http-outgoing-173 << "H"
02:20:58.604 [Test worker] DEBUG org.apache.http.wire - http-outgoing-173 << "TTP/1.1 200 OK[\r][\n]"
02:20:58.604 [Test worker] DEBUG org.apache.http.wire - http-outgoing-173 << "Content-Type: application/json[\r][\n]"
02:20:58.604 [Test worker] DEBUG org.apache.http.wire - http-outgoing-173 << "Server: Docker/1.12.3 (linux)[\r][\n]"
02:20:58.604 [Test worker] DEBUG org.apache.http.wire - http-outgoing-173 << "Date: Tue, 03 Jan 2017 01:20:58 GMT[\r][\n]"
02:20:58.604 [Test worker] DEBUG org.apache.http.wire - http-outgoing-173 << "Content-Length: 33[\r][\n]"
02:20:58.604 [Test worker] DEBUG org.apache.http.wire - http-outgoing-173 << "[\r][\n]"
02:20:58.604 [Test worker] DEBUG org.apache.http.wire - http-outgoing-173 << "{"Volumes":null,"Warnings":null}[\n]"
02:20:58.607 [Test worker] DEBUG org.apache.http.headers - http-outgoing-173 << HTTP/1.1 200 OK
02:20:58.607 [Test worker] DEBUG org.apache.http.headers - http-outgoing-173 << Content-Type: application/json
02:20:58.607 [Test worker] DEBUG org.apache.http.headers - http-outgoing-173 << Server: Docker/1.12.3 (linux)
02:20:58.607 [Test worker] DEBUG org.apache.http.headers - http-outgoing-173 << Date: Tue, 03 Jan 2017 01:20:58 GMT
02:20:58.607 [Test worker] DEBUG org.apache.http.headers - http-outgoing-173 << Content-Length: 33
02:20:58.607 [Test worker] DEBUG o.a.h.impl.execchain.MainClientExec - Connection can be kept alive indefinitely
02:20:58.607 [Test worker] DEBUG c.g.d.j.JerseyDockerCmdExecFactory - 6 * Client response received on thread Test worker
6 < 200
6 < Content-Length: 33
6 < Content-Type: application/json
6 < Date: Tue, 03 Jan 2017 01:20:58 GMT
6 < Server: Docker/1.12.3 (linux)
{"Volumes":null,"Warnings":null}


02:20:58.614 [Test worker] DEBUG o.a.h.i.c.DefaultManagedHttpClientConnection - http-outgoing-173: Close connection
02:20:58.614 [Test worker] DEBUG o.a.h.impl.execchain.MainClientExec - Connection discarded
02:20:58.614 [Test worker] DEBUG c.g.d.j.JerseyDockerCmdExecFactory$1 - Connection released: [id: 173][route: {s}->https://Thesis:2376][total kept alive: 1; route allocated: 1 of 2; total allocated: 1 of 20]
02:20:58.614 [Test worker] DEBUG c.g.d.core.command.AbstrDockerCmd - Cmd: MyNetwork,<null>,<null>,{},true,<null>,<null>,com.github.dockerjava.jaxrs.CreateNetworkCmdExec@49c49336
02:20:58.615 [Test worker] DEBUG o.a.h.c.protocol.RequestAddCookies - CookieSpec selected: default
02:20:58.615 [Test worker] DEBUG o.a.h.c.protocol.RequestAuthCache - Auth cache not set in the context
02:20:58.615 [Test worker] DEBUG c.g.d.j.JerseyDockerCmdExecFactory$1 - Connection request: [route: {s}->https://Thesis:2376][total kept alive: 1; route allocated: 1 of 2; total allocated: 1 of 20]
02:20:58.615 [Test worker] DEBUG c.g.d.j.JerseyDockerCmdExecFactory$1 - Connection leased: [id: 174][route: {s}->https://Thesis:2376][total kept alive: 1; route allocated: 2 of 2; total allocated: 2 of 20]
02:20:58.615 [Test worker] DEBUG o.a.h.impl.execchain.MainClientExec - Opening connection {s}->https://Thesis:2376
02:20:58.615 [Test worker] DEBUG o.a.h.i.c.DefaultHttpClientConnectionOperator - Connecting to Thesis/127.0.1.1:2376
02:20:58.615 [Test worker] DEBUG o.a.h.c.s.SSLConnectionSocketFactory - Connecting socket to Thesis/127.0.1.1:2376 with timeout 0
02:20:58.616 [Test worker] DEBUG o.a.h.c.s.SSLConnectionSocketFactory - Enabled protocols: [TLSv1]
02:20:58.616 [Test worker] DEBUG o.a.h.c.s.SSLConnectionSocketFactory - Enabled cipher suites:[TLS_ECDHE_ECDSA_WITH_AES_128_CBC_SHA, TLS_ECDHE_RSA_WITH_AES_128_CBC_SHA, TLS_RSA_WITH_AES_128_CBC_SHA, TLS_ECDH_ECDSA_WITH_AES_128_CBC_SHA, TLS_ECDH_RSA_WITH_AES_128_CBC_SHA, TLS_DHE_RSA_WITH_AES_128_CBC_SHA, TLS_DHE_DSS_WITH_AES_128_CBC_SHA, TLS_ECDHE_ECDSA_WITH_3DES_EDE_CBC_SHA, TLS_ECDHE_RSA_WITH_3DES_EDE_CBC_SHA, SSL_RSA_WITH_3DES_EDE_CBC_SHA, TLS_ECDH_ECDSA_WITH_3DES_EDE_CBC_SHA, TLS_ECDH_RSA_WITH_3DES_EDE_CBC_SHA, SSL_DHE_RSA_WITH_3DES_EDE_CBC_SHA, SSL_DHE_DSS_WITH_3DES_EDE_CBC_SHA, TLS_ECDHE_ECDSA_WITH_RC4_128_SHA, TLS_ECDHE_RSA_WITH_RC4_128_SHA, SSL_RSA_WITH_RC4_128_SHA, TLS_ECDH_ECDSA_WITH_RC4_128_SHA, TLS_ECDH_RSA_WITH_RC4_128_SHA, SSL_RSA_WITH_RC4_128_MD5, TLS_EMPTY_RENEGOTIATION_INFO_SCSV]
02:20:58.616 [Test worker] DEBUG o.a.h.c.s.SSLConnectionSocketFactory - Starting handshake
02:20:58.675 [Test worker] DEBUG o.a.h.c.s.SSLConnectionSocketFactory - Secure session established
02:20:58.675 [Test worker] DEBUG o.a.h.c.s.SSLConnectionSocketFactory -  negotiated protocol: TLSv1
02:20:58.675 [Test worker] DEBUG o.a.h.c.s.SSLConnectionSocketFactory -  negotiated cipher suite: TLS_ECDHE_RSA_WITH_AES_128_CBC_SHA
02:20:58.675 [Test worker] DEBUG o.a.h.c.s.SSLConnectionSocketFactory -  peer principal: CN=Thesis
02:20:58.675 [Test worker] DEBUG o.a.h.c.s.SSLConnectionSocketFactory -  issuer principal: EMAILADDRESS=sha@yamil.com, CN=Thesis, OU=Open, O=Fra, L=BER, ST=BER, C=DE
02:20:58.675 [Test worker] DEBUG o.a.h.i.c.DefaultHttpClientConnectionOperator - Connection established 127.0.0.1:41224<->127.0.1.1:2376
02:20:58.675 [Test worker] DEBUG o.a.h.impl.execchain.MainClientExec - Executing request POST /networks/create HTTP/1.1
02:20:58.675 [Test worker] DEBUG o.a.h.impl.execchain.MainClientExec - Target auth state: UNCHALLENGED
02:20:58.675 [Test worker] DEBUG o.a.h.impl.execchain.MainClientExec - Proxy auth state: UNCHALLENGED
02:20:58.675 [Test worker] DEBUG org.apache.http.headers - http-outgoing-174 >> POST /networks/create HTTP/1.1
02:20:58.675 [Test worker] DEBUG org.apache.http.headers - http-outgoing-174 >> Accept: application/json
02:20:58.675 [Test worker] DEBUG org.apache.http.headers - http-outgoing-174 >> Content-Type: application/json
02:20:58.675 [Test worker] DEBUG org.apache.http.headers - http-outgoing-174 >> User-Agent: Jersey/2.23.1 (Apache HttpClient 4.5.1)
02:20:58.676 [Test worker] DEBUG org.apache.http.headers - http-outgoing-174 >> Transfer-Encoding: chunked
02:20:58.676 [Test worker] DEBUG org.apache.http.headers - http-outgoing-174 >> Host: Thesis:2376
02:20:58.676 [Test worker] DEBUG org.apache.http.headers - http-outgoing-174 >> Connection: Keep-Alive
02:20:58.676 [Test worker] DEBUG org.apache.http.headers - http-outgoing-174 >> Accept-Encoding: gzip,deflate
02:20:58.678 [Test worker] DEBUG c.g.d.j.JerseyDockerCmdExecFactory - 7 * Sending client request on thread Test worker
7 > POST https://Thesis:2376/networks/create
7 > Accept: application/json
7 > Content-Type: application/json
{"enableIPv6":null,"Name":"MyNetwork","Driver":null,"IPAM":null,"Options":{},"CheckDuplicate":true,"Internal":null,"EnableIPv6":null}

02:20:58.678 [Test worker] DEBUG org.apache.http.wire - http-outgoing-174 >> "POST /networks/create HTTP/1.1[\r][\n]"
02:20:58.678 [Test worker] DEBUG org.apache.http.wire - http-outgoing-174 >> "Accept: application/json[\r][\n]"
02:20:58.678 [Test worker] DEBUG org.apache.http.wire - http-outgoing-174 >> "Content-Type: application/json[\r][\n]"
02:20:58.678 [Test worker] DEBUG org.apache.http.wire - http-outgoing-174 >> "User-Agent: Jersey/2.23.1 (Apache HttpClient 4.5.1)[\r][\n]"
02:20:58.678 [Test worker] DEBUG org.apache.http.wire - http-outgoing-174 >> "Transfer-Encoding: chunked[\r][\n]"
02:20:58.678 [Test worker] DEBUG org.apache.http.wire - http-outgoing-174 >> "Host: Thesis:2376[\r][\n]"
02:20:58.678 [Test worker] DEBUG org.apache.http.wire - http-outgoing-174 >> "Connection: Keep-Alive[\r][\n]"
02:20:58.679 [Test worker] DEBUG org.apache.http.wire - http-outgoing-174 >> "Accept-Encoding: gzip,deflate[\r][\n]"
02:20:58.679 [Test worker] DEBUG org.apache.http.wire - http-outgoing-174 >> "[\r][\n]"
02:20:58.679 [Test worker] DEBUG org.apache.http.wire - http-outgoing-174 >> "85[\r][\n]"
02:20:58.679 [Test worker] DEBUG org.apache.http.wire - http-outgoing-174 >> "{"enableIPv6":null,"Name":"MyNetwork","Driver":null,"IPAM":null,"Options":{},"CheckDuplicate":true,"Internal":null,"EnableIPv6":null}[\r][\n]"
02:20:58.679 [Test worker] DEBUG org.apache.http.wire - http-outgoing-174 >> "0[\r][\n]"
02:20:58.679 [Test worker] DEBUG org.apache.http.wire - http-outgoing-174 >> "[\r][\n]"
02:20:58.759 [Test worker] DEBUG org.apache.http.wire - http-outgoing-174 << "H"
02:20:58.759 [Test worker] DEBUG org.apache.http.wire - http-outgoing-174 << "TTP/1.1 201 Created[\r][\n]"
02:20:58.759 [Test worker] DEBUG org.apache.http.wire - http-outgoing-174 << "Content-Type: application/json[\r][\n]"
02:20:58.759 [Test worker] DEBUG org.apache.http.wire - http-outgoing-174 << "Server: Docker/1.12.3 (linux)[\r][\n]"
02:20:58.759 [Test worker] DEBUG org.apache.http.wire - http-outgoing-174 << "Date: Tue, 03 Jan 2017 01:20:58 GMT[\r][\n]"
02:20:58.759 [Test worker] DEBUG org.apache.http.wire - http-outgoing-174 << "Content-Length: 87[\r][\n]"
02:20:58.759 [Test worker] DEBUG org.apache.http.wire - http-outgoing-174 << "[\r][\n]"
02:20:58.759 [Test worker] DEBUG org.apache.http.wire - http-outgoing-174 << "{"Id":"d0f5a2c45f1004132aedb75deade58cef1642e7e80860d95a5cbeab448afd10c","Warning":""}[\n]"
02:20:58.759 [Test worker] DEBUG org.apache.http.headers - http-outgoing-174 << HTTP/1.1 201 Created
02:20:58.759 [Test worker] DEBUG org.apache.http.headers - http-outgoing-174 << Content-Type: application/json
02:20:58.759 [Test worker] DEBUG org.apache.http.headers - http-outgoing-174 << Server: Docker/1.12.3 (linux)
02:20:58.759 [Test worker] DEBUG org.apache.http.headers - http-outgoing-174 << Date: Tue, 03 Jan 2017 01:20:58 GMT
02:20:58.759 [Test worker] DEBUG org.apache.http.headers - http-outgoing-174 << Content-Length: 87
02:20:58.759 [Test worker] DEBUG o.a.h.impl.execchain.MainClientExec - Connection can be kept alive indefinitely
02:20:58.759 [Test worker] DEBUG c.g.d.j.JerseyDockerCmdExecFactory - 8 * Client response received on thread Test worker
8 < 201
8 < Content-Length: 87
8 < Content-Type: application/json
8 < Date: Tue, 03 Jan 2017 01:20:58 GMT
8 < Server: Docker/1.12.3 (linux)
{"Id":"d0f5a2c45f1004132aedb75deade58cef1642e7e80860d95a5cbeab448afd10c","Warning":""}


02:20:58.760 [Test worker] DEBUG o.a.h.i.c.DefaultManagedHttpClientConnection - http-outgoing-174: Close connection
02:20:58.760 [Test worker] DEBUG o.a.h.impl.execchain.MainClientExec - Connection discarded
02:20:58.760 [Test worker] DEBUG c.g.d.j.JerseyDockerCmdExecFactory$1 - Connection released: [id: 174][route: {s}->https://Thesis:2376][total kept alive: 1; route allocated: 1 of 2; total allocated: 1 of 20]
02:20:58.760 [Test worker] DEBUG c.g.d.core.command.AbstrDockerCmd - Cmd: d0f5a2c45f1004132aedb75deade58cef1642e7e80860d95a5cbeab448afd10c,com.github.dockerjava.jaxrs.InspectNetworkCmdExec@7440dada
02:20:58.760 [Test worker] DEBUG c.g.d.jaxrs.ListNetworksCmdExec - GET: JerseyWebTarget { https://Thesis:2376/networks/d0f5a2c45f1004132aedb75deade58cef1642e7e80860d95a5cbeab448afd10c }
02:20:58.761 [Test worker] DEBUG c.g.d.j.JerseyDockerCmdExecFactory - 9 * Sending client request on thread Test worker
9 > GET https://Thesis:2376/networks/d0f5a2c45f1004132aedb75deade58cef1642e7e80860d95a5cbeab448afd10c
9 > Accept: application/json

02:20:58.761 [Test worker] DEBUG o.a.h.c.protocol.RequestAddCookies - CookieSpec selected: default
02:20:58.761 [Test worker] DEBUG o.a.h.c.protocol.RequestAuthCache - Auth cache not set in the context
02:20:58.761 [Test worker] DEBUG c.g.d.j.JerseyDockerCmdExecFactory$1 - Connection request: [route: {s}->https://Thesis:2376][total kept alive: 1; route allocated: 1 of 2; total allocated: 1 of 20]
02:20:58.761 [Test worker] DEBUG c.g.d.j.JerseyDockerCmdExecFactory$1 - Connection leased: [id: 175][route: {s}->https://Thesis:2376][total kept alive: 1; route allocated: 2 of 2; total allocated: 2 of 20]
02:20:58.761 [Test worker] DEBUG o.a.h.impl.execchain.MainClientExec - Opening connection {s}->https://Thesis:2376
02:20:58.761 [Test worker] DEBUG o.a.h.i.c.DefaultHttpClientConnectionOperator - Connecting to Thesis/127.0.1.1:2376
02:20:58.761 [Test worker] DEBUG o.a.h.c.s.SSLConnectionSocketFactory - Connecting socket to Thesis/127.0.1.1:2376 with timeout 0
02:20:58.770 [Test worker] DEBUG o.a.h.c.s.SSLConnectionSocketFactory - Enabled protocols: [TLSv1]
02:20:58.789 [Test worker] DEBUG o.a.h.c.s.SSLConnectionSocketFactory - Enabled cipher suites:[TLS_ECDHE_ECDSA_WITH_AES_128_CBC_SHA, TLS_ECDHE_RSA_WITH_AES_128_CBC_SHA, TLS_RSA_WITH_AES_128_CBC_SHA, TLS_ECDH_ECDSA_WITH_AES_128_CBC_SHA, TLS_ECDH_RSA_WITH_AES_128_CBC_SHA, TLS_DHE_RSA_WITH_AES_128_CBC_SHA, TLS_DHE_DSS_WITH_AES_128_CBC_SHA, TLS_ECDHE_ECDSA_WITH_3DES_EDE_CBC_SHA, TLS_ECDHE_RSA_WITH_3DES_EDE_CBC_SHA, SSL_RSA_WITH_3DES_EDE_CBC_SHA, TLS_ECDH_ECDSA_WITH_3DES_EDE_CBC_SHA, TLS_ECDH_RSA_WITH_3DES_EDE_CBC_SHA, SSL_DHE_RSA_WITH_3DES_EDE_CBC_SHA, SSL_DHE_DSS_WITH_3DES_EDE_CBC_SHA, TLS_ECDHE_ECDSA_WITH_RC4_128_SHA, TLS_ECDHE_RSA_WITH_RC4_128_SHA, SSL_RSA_WITH_RC4_128_SHA, TLS_ECDH_ECDSA_WITH_RC4_128_SHA, TLS_ECDH_RSA_WITH_RC4_128_SHA, SSL_RSA_WITH_RC4_128_MD5, TLS_EMPTY_RENEGOTIATION_INFO_SCSV]
02:20:58.790 [Test worker] DEBUG o.a.h.c.s.SSLConnectionSocketFactory - Starting handshake
02:20:58.884 [Test worker] DEBUG o.a.h.c.s.SSLConnectionSocketFactory - Secure session established
02:20:58.884 [Test worker] DEBUG o.a.h.c.s.SSLConnectionSocketFactory -  negotiated protocol: TLSv1
02:20:58.884 [Test worker] DEBUG o.a.h.c.s.SSLConnectionSocketFactory -  negotiated cipher suite: TLS_ECDHE_RSA_WITH_AES_128_CBC_SHA
02:20:58.884 [Test worker] DEBUG o.a.h.c.s.SSLConnectionSocketFactory -  peer principal: CN=Thesis
02:20:58.885 [Test worker] DEBUG o.a.h.c.s.SSLConnectionSocketFactory -  issuer principal: EMAILADDRESS=sha@yamil.com, CN=Thesis, OU=Open, O=Fra, L=BER, ST=BER, C=DE
02:20:58.885 [Test worker] DEBUG o.a.h.i.c.DefaultHttpClientConnectionOperator - Connection established 127.0.0.1:41226<->127.0.1.1:2376
02:20:58.885 [Test worker] DEBUG o.a.h.impl.execchain.MainClientExec - Executing request GET /networks/d0f5a2c45f1004132aedb75deade58cef1642e7e80860d95a5cbeab448afd10c HTTP/1.1
02:20:58.885 [Test worker] DEBUG o.a.h.impl.execchain.MainClientExec - Target auth state: UNCHALLENGED
02:20:58.885 [Test worker] DEBUG o.a.h.impl.execchain.MainClientExec - Proxy auth state: UNCHALLENGED
02:20:58.885 [Test worker] DEBUG org.apache.http.headers - http-outgoing-175 >> GET /networks/d0f5a2c45f1004132aedb75deade58cef1642e7e80860d95a5cbeab448afd10c HTTP/1.1
02:20:58.885 [Test worker] DEBUG org.apache.http.headers - http-outgoing-175 >> Accept: application/json
02:20:58.885 [Test worker] DEBUG org.apache.http.headers - http-outgoing-175 >> User-Agent: Jersey/2.23.1 (Apache HttpClient 4.5.1)
02:20:58.885 [Test worker] DEBUG org.apache.http.headers - http-outgoing-175 >> Host: Thesis:2376
02:20:58.885 [Test worker] DEBUG org.apache.http.headers - http-outgoing-175 >> Connection: Keep-Alive
02:20:58.885 [Test worker] DEBUG org.apache.http.headers - http-outgoing-175 >> Accept-Encoding: gzip,deflate
02:20:58.885 [Test worker] DEBUG org.apache.http.wire - http-outgoing-175 >> "GET /networks/d0f5a2c45f1004132aedb75deade58cef1642e7e80860d95a5cbeab448afd10c HTTP/1.1[\r][\n]"
02:20:58.885 [Test worker] DEBUG org.apache.http.wire - http-outgoing-175 >> "Accept: application/json[\r][\n]"
02:20:58.885 [Test worker] DEBUG org.apache.http.wire - http-outgoing-175 >> "User-Agent: Jersey/2.23.1 (Apache HttpClient 4.5.1)[\r][\n]"
02:20:58.885 [Test worker] DEBUG org.apache.http.wire - http-outgoing-175 >> "Host: Thesis:2376[\r][\n]"
02:20:58.886 [Test worker] DEBUG org.apache.http.wire - http-outgoing-175 >> "Connection: Keep-Alive[\r][\n]"
02:20:58.886 [Test worker] DEBUG org.apache.http.wire - http-outgoing-175 >> "Accept-Encoding: gzip,deflate[\r][\n]"
02:20:58.886 [Test worker] DEBUG org.apache.http.wire - http-outgoing-175 >> "[\r][\n]"
02:20:58.886 [Test worker] DEBUG org.apache.http.wire - http-outgoing-175 << "H"
02:20:58.886 [Test worker] DEBUG org.apache.http.wire - http-outgoing-175 << "TTP/1.1 200 OK[\r][\n]"
02:20:58.886 [Test worker] DEBUG org.apache.http.wire - http-outgoing-175 << "Content-Type: application/json[\r][\n]"
02:20:58.886 [Test worker] DEBUG org.apache.http.wire - http-outgoing-175 << "Server: Docker/1.12.3 (linux)[\r][\n]"
02:20:58.887 [Test worker] DEBUG org.apache.http.wire - http-outgoing-175 << "Date: Tue, 03 Jan 2017 01:20:58 GMT[\r][\n]"
02:20:58.887 [Test worker] DEBUG org.apache.http.wire - http-outgoing-175 << "Content-Length: 311[\r][\n]"
02:20:58.887 [Test worker] DEBUG org.apache.http.wire - http-outgoing-175 << "[\r][\n]"
02:20:58.887 [Test worker] DEBUG org.apache.http.wire - http-outgoing-175 << "{"Name":"MyNetwork","Id":"d0f5a2c45f1004132aedb75deade58cef1642e7e80860d95a5cbeab448afd10c","Scope":"local","Driver":"bridge","EnableIPv6":false,"IPAM":{"Driver":"default","Options":null,"Config":[{"Subnet":"172.18.0.0/16","Gateway":"172.18.0.1/16"}]},"Internal":false,"Containers":{},"Options":{},"Labels":{}}[\n]"
02:20:58.887 [Test worker] DEBUG org.apache.http.headers - http-outgoing-175 << HTTP/1.1 200 OK
02:20:58.887 [Test worker] DEBUG org.apache.http.headers - http-outgoing-175 << Content-Type: application/json
02:20:58.887 [Test worker] DEBUG org.apache.http.headers - http-outgoing-175 << Server: Docker/1.12.3 (linux)
02:20:58.887 [Test worker] DEBUG org.apache.http.headers - http-outgoing-175 << Date: Tue, 03 Jan 2017 01:20:58 GMT
02:20:58.887 [Test worker] DEBUG org.apache.http.headers - http-outgoing-175 << Content-Length: 311
02:20:58.887 [Test worker] DEBUG o.a.h.impl.execchain.MainClientExec - Connection can be kept alive indefinitely
02:20:58.888 [Test worker] DEBUG c.g.d.j.JerseyDockerCmdExecFactory - 10 * Client response received on thread Test worker
10 < 200
10 < Content-Length: 311
10 < Content-Type: application/json
10 < Date: Tue, 03 Jan 2017 01:20:58 GMT
10 < Server: Docker/1.12.3 (linux)
{"Name":"MyNetwork","Id":"d0f5a2c45f1004132aedb75deade58cef1642e7e80860d95a5cbeab448afd10c","Scope":"local","Driver":"bridge","EnableIPv6":false,"IPAM":{"Driver":"default","Options":null,"Config":[{"Subnet":"172.18.0.0/16","Gateway":"172.18.0.1/16"}]},"Internal":false,"Containers":{},"Options":{},"Labels":{}}


02:20:58.888 [Test worker] DEBUG o.a.h.i.c.DefaultManagedHttpClientConnection - http-outgoing-175: Close connection
02:20:58.889 [Test worker] DEBUG o.a.h.impl.execchain.MainClientExec - Connection discarded
02:20:58.889 [Test worker] DEBUG c.g.d.j.JerseyDockerCmdExecFactory$1 - Connection released: [id: 175][route: {s}->https://Thesis:2376][total kept alive: 1; route allocated: 1 of 2; total allocated: 1 of 20]
02:20:58.889 [Test worker] DEBUG org.openbaton.docker.DockerVim - Network successfully created
02:20:58.889 [Test worker] DEBUG c.g.d.core.command.AbstrDockerCmd - Cmd: MyNetwork2,<null>,<null>,{},true,<null>,<null>,com.github.dockerjava.jaxrs.CreateNetworkCmdExec@27b170a3
02:20:58.889 [Test worker] DEBUG o.a.h.c.protocol.RequestAddCookies - CookieSpec selected: default
02:20:58.889 [Test worker] DEBUG o.a.h.c.protocol.RequestAuthCache - Auth cache not set in the context
02:20:58.889 [Test worker] DEBUG c.g.d.j.JerseyDockerCmdExecFactory$1 - Connection request: [route: {s}->https://Thesis:2376][total kept alive: 1; route allocated: 1 of 2; total allocated: 1 of 20]
02:20:58.890 [Test worker] DEBUG c.g.d.j.JerseyDockerCmdExecFactory$1 - Connection leased: [id: 176][route: {s}->https://Thesis:2376][total kept alive: 1; route allocated: 2 of 2; total allocated: 2 of 20]
02:20:58.890 [Test worker] DEBUG o.a.h.impl.execchain.MainClientExec - Opening connection {s}->https://Thesis:2376
02:20:58.890 [Test worker] DEBUG o.a.h.i.c.DefaultHttpClientConnectionOperator - Connecting to Thesis/127.0.1.1:2376
02:20:58.890 [Test worker] DEBUG o.a.h.c.s.SSLConnectionSocketFactory - Connecting socket to Thesis/127.0.1.1:2376 with timeout 0
02:20:58.890 [Test worker] DEBUG o.a.h.c.s.SSLConnectionSocketFactory - Enabled protocols: [TLSv1]
02:20:58.891 [Test worker] DEBUG o.a.h.c.s.SSLConnectionSocketFactory - Enabled cipher suites:[TLS_ECDHE_ECDSA_WITH_AES_128_CBC_SHA, TLS_ECDHE_RSA_WITH_AES_128_CBC_SHA, TLS_RSA_WITH_AES_128_CBC_SHA, TLS_ECDH_ECDSA_WITH_AES_128_CBC_SHA, TLS_ECDH_RSA_WITH_AES_128_CBC_SHA, TLS_DHE_RSA_WITH_AES_128_CBC_SHA, TLS_DHE_DSS_WITH_AES_128_CBC_SHA, TLS_ECDHE_ECDSA_WITH_3DES_EDE_CBC_SHA, TLS_ECDHE_RSA_WITH_3DES_EDE_CBC_SHA, SSL_RSA_WITH_3DES_EDE_CBC_SHA, TLS_ECDH_ECDSA_WITH_3DES_EDE_CBC_SHA, TLS_ECDH_RSA_WITH_3DES_EDE_CBC_SHA, SSL_DHE_RSA_WITH_3DES_EDE_CBC_SHA, SSL_DHE_DSS_WITH_3DES_EDE_CBC_SHA, TLS_ECDHE_ECDSA_WITH_RC4_128_SHA, TLS_ECDHE_RSA_WITH_RC4_128_SHA, SSL_RSA_WITH_RC4_128_SHA, TLS_ECDH_ECDSA_WITH_RC4_128_SHA, TLS_ECDH_RSA_WITH_RC4_128_SHA, SSL_RSA_WITH_RC4_128_MD5, TLS_EMPTY_RENEGOTIATION_INFO_SCSV]
02:20:58.891 [Test worker] DEBUG o.a.h.c.s.SSLConnectionSocketFactory - Starting handshake
02:20:58.953 [Test worker] DEBUG o.a.h.c.s.SSLConnectionSocketFactory - Secure session established
02:20:58.953 [Test worker] DEBUG o.a.h.c.s.SSLConnectionSocketFactory -  negotiated protocol: TLSv1
02:20:58.953 [Test worker] DEBUG o.a.h.c.s.SSLConnectionSocketFactory -  negotiated cipher suite: TLS_ECDHE_RSA_WITH_AES_128_CBC_SHA
02:20:58.953 [Test worker] DEBUG o.a.h.c.s.SSLConnectionSocketFactory -  peer principal: CN=Thesis
02:20:58.953 [Test worker] DEBUG o.a.h.c.s.SSLConnectionSocketFactory -  issuer principal: EMAILADDRESS=sha@yamil.com, CN=Thesis, OU=Open, O=Fra, L=BER, ST=BER, C=DE
02:20:58.953 [Test worker] DEBUG o.a.h.i.c.DefaultHttpClientConnectionOperator - Connection established 127.0.0.1:41228<->127.0.1.1:2376
02:20:58.953 [Test worker] DEBUG o.a.h.impl.execchain.MainClientExec - Executing request POST /networks/create HTTP/1.1
02:20:58.953 [Test worker] DEBUG o.a.h.impl.execchain.MainClientExec - Target auth state: UNCHALLENGED
02:20:58.953 [Test worker] DEBUG o.a.h.impl.execchain.MainClientExec - Proxy auth state: UNCHALLENGED
02:20:58.953 [Test worker] DEBUG org.apache.http.headers - http-outgoing-176 >> POST /networks/create HTTP/1.1
02:20:58.953 [Test worker] DEBUG org.apache.http.headers - http-outgoing-176 >> Accept: application/json
02:20:58.953 [Test worker] DEBUG org.apache.http.headers - http-outgoing-176 >> Content-Type: application/json
02:20:58.954 [Test worker] DEBUG org.apache.http.headers - http-outgoing-176 >> User-Agent: Jersey/2.23.1 (Apache HttpClient 4.5.1)
02:20:58.954 [Test worker] DEBUG org.apache.http.headers - http-outgoing-176 >> Transfer-Encoding: chunked
02:20:58.954 [Test worker] DEBUG org.apache.http.headers - http-outgoing-176 >> Host: Thesis:2376
02:20:58.954 [Test worker] DEBUG org.apache.http.headers - http-outgoing-176 >> Connection: Keep-Alive
02:20:58.954 [Test worker] DEBUG org.apache.http.headers - http-outgoing-176 >> Accept-Encoding: gzip,deflate
02:20:58.954 [Test worker] DEBUG c.g.d.j.JerseyDockerCmdExecFactory - 11 * Sending client request on thread Test worker
11 > POST https://Thesis:2376/networks/create
11 > Accept: application/json
11 > Content-Type: application/json
{"enableIPv6":null,"Name":"MyNetwork2","Driver":null,"IPAM":null,"Options":{},"CheckDuplicate":true,"Internal":null,"EnableIPv6":null}

02:20:58.954 [Test worker] DEBUG org.apache.http.wire - http-outgoing-176 >> "POST /networks/create HTTP/1.1[\r][\n]"
02:20:58.954 [Test worker] DEBUG org.apache.http.wire - http-outgoing-176 >> "Accept: application/json[\r][\n]"
02:20:58.954 [Test worker] DEBUG org.apache.http.wire - http-outgoing-176 >> "Content-Type: application/json[\r][\n]"
02:20:58.954 [Test worker] DEBUG org.apache.http.wire - http-outgoing-176 >> "User-Agent: Jersey/2.23.1 (Apache HttpClient 4.5.1)[\r][\n]"
02:20:58.954 [Test worker] DEBUG org.apache.http.wire - http-outgoing-176 >> "Transfer-Encoding: chunked[\r][\n]"
02:20:58.954 [Test worker] DEBUG org.apache.http.wire - http-outgoing-176 >> "Host: Thesis:2376[\r][\n]"
02:20:58.955 [Test worker] DEBUG org.apache.http.wire - http-outgoing-176 >> "Connection: Keep-Alive[\r][\n]"
02:20:58.955 [Test worker] DEBUG org.apache.http.wire - http-outgoing-176 >> "Accept-Encoding: gzip,deflate[\r][\n]"
02:20:58.955 [Test worker] DEBUG org.apache.http.wire - http-outgoing-176 >> "[\r][\n]"
02:20:58.955 [Test worker] DEBUG org.apache.http.wire - http-outgoing-176 >> "86[\r][\n]"
02:20:58.955 [Test worker] DEBUG org.apache.http.wire - http-outgoing-176 >> "{"enableIPv6":null,"Name":"MyNetwork2","Driver":null,"IPAM":null,"Options":{},"CheckDuplicate":true,"Internal":null,"EnableIPv6":null}[\r][\n]"
02:20:58.955 [Test worker] DEBUG org.apache.http.wire - http-outgoing-176 >> "0[\r][\n]"
02:20:58.955 [Test worker] DEBUG org.apache.http.wire - http-outgoing-176 >> "[\r][\n]"
02:20:59.048 [Test worker] DEBUG org.apache.http.wire - http-outgoing-176 << "H"
02:20:59.048 [Test worker] DEBUG org.apache.http.wire - http-outgoing-176 << "TTP/1.1 201 Created[\r][\n]"
02:20:59.048 [Test worker] DEBUG org.apache.http.wire - http-outgoing-176 << "Content-Type: application/json[\r][\n]"
02:20:59.048 [Test worker] DEBUG org.apache.http.wire - http-outgoing-176 << "Server: Docker/1.12.3 (linux)[\r][\n]"
02:20:59.048 [Test worker] DEBUG org.apache.http.wire - http-outgoing-176 << "Date: Tue, 03 Jan 2017 01:20:59 GMT[\r][\n]"
02:20:59.048 [Test worker] DEBUG org.apache.http.wire - http-outgoing-176 << "Content-Length: 87[\r][\n]"
02:20:59.048 [Test worker] DEBUG org.apache.http.wire - http-outgoing-176 << "[\r][\n]"
02:20:59.048 [Test worker] DEBUG org.apache.http.wire - http-outgoing-176 << "{"Id":"31df3c6545224c9e9b0fdff3725c37715371526244100d2cda3be4c10e1054c4","Warning":""}[\n]"
02:20:59.049 [Test worker] DEBUG org.apache.http.headers - http-outgoing-176 << HTTP/1.1 201 Created
02:20:59.049 [Test worker] DEBUG org.apache.http.headers - http-outgoing-176 << Content-Type: application/json
02:20:59.049 [Test worker] DEBUG org.apache.http.headers - http-outgoing-176 << Server: Docker/1.12.3 (linux)
02:20:59.049 [Test worker] DEBUG org.apache.http.headers - http-outgoing-176 << Date: Tue, 03 Jan 2017 01:20:59 GMT
02:20:59.049 [Test worker] DEBUG org.apache.http.headers - http-outgoing-176 << Content-Length: 87
02:20:59.049 [Test worker] DEBUG o.a.h.impl.execchain.MainClientExec - Connection can be kept alive indefinitely
02:20:59.049 [Test worker] DEBUG c.g.d.j.JerseyDockerCmdExecFactory - 12 * Client response received on thread Test worker
12 < 201
12 < Content-Length: 87
12 < Content-Type: application/json
12 < Date: Tue, 03 Jan 2017 01:20:59 GMT
12 < Server: Docker/1.12.3 (linux)
{"Id":"31df3c6545224c9e9b0fdff3725c37715371526244100d2cda3be4c10e1054c4","Warning":""}


02:20:59.049 [Test worker] DEBUG o.a.h.i.c.DefaultManagedHttpClientConnection - http-outgoing-176: Close connection
02:20:59.049 [Test worker] DEBUG o.a.h.impl.execchain.MainClientExec - Connection discarded
02:20:59.049 [Test worker] DEBUG c.g.d.j.JerseyDockerCmdExecFactory$1 - Connection released: [id: 176][route: {s}->https://Thesis:2376][total kept alive: 1; route allocated: 1 of 2; total allocated: 1 of 20]
02:20:59.049 [Test worker] DEBUG c.g.d.core.command.AbstrDockerCmd - Cmd: 31df3c6545224c9e9b0fdff3725c37715371526244100d2cda3be4c10e1054c4,com.github.dockerjava.jaxrs.InspectNetworkCmdExec@6f0a9476
02:20:59.049 [Test worker] DEBUG c.g.d.jaxrs.ListNetworksCmdExec - GET: JerseyWebTarget { https://Thesis:2376/networks/31df3c6545224c9e9b0fdff3725c37715371526244100d2cda3be4c10e1054c4 }
02:20:59.050 [Test worker] DEBUG c.g.d.j.JerseyDockerCmdExecFactory - 13 * Sending client request on thread Test worker
13 > GET https://Thesis:2376/networks/31df3c6545224c9e9b0fdff3725c37715371526244100d2cda3be4c10e1054c4
13 > Accept: application/json

02:20:59.050 [Test worker] DEBUG o.a.h.c.protocol.RequestAddCookies - CookieSpec selected: default
02:20:59.050 [Test worker] DEBUG o.a.h.c.protocol.RequestAuthCache - Auth cache not set in the context
02:20:59.050 [Test worker] DEBUG c.g.d.j.JerseyDockerCmdExecFactory$1 - Connection request: [route: {s}->https://Thesis:2376][total kept alive: 1; route allocated: 1 of 2; total allocated: 1 of 20]
02:20:59.050 [Test worker] DEBUG c.g.d.j.JerseyDockerCmdExecFactory$1 - Connection leased: [id: 177][route: {s}->https://Thesis:2376][total kept alive: 1; route allocated: 2 of 2; total allocated: 2 of 20]
02:20:59.050 [Test worker] DEBUG o.a.h.impl.execchain.MainClientExec - Opening connection {s}->https://Thesis:2376
02:20:59.050 [Test worker] DEBUG o.a.h.i.c.DefaultHttpClientConnectionOperator - Connecting to Thesis/127.0.1.1:2376
02:20:59.050 [Test worker] DEBUG o.a.h.c.s.SSLConnectionSocketFactory - Connecting socket to Thesis/127.0.1.1:2376 with timeout 0
02:20:59.053 [Test worker] DEBUG o.a.h.c.s.SSLConnectionSocketFactory - Enabled protocols: [TLSv1]
02:20:59.055 [Test worker] DEBUG o.a.h.c.s.SSLConnectionSocketFactory - Enabled cipher suites:[TLS_ECDHE_ECDSA_WITH_AES_128_CBC_SHA, TLS_ECDHE_RSA_WITH_AES_128_CBC_SHA, TLS_RSA_WITH_AES_128_CBC_SHA, TLS_ECDH_ECDSA_WITH_AES_128_CBC_SHA, TLS_ECDH_RSA_WITH_AES_128_CBC_SHA, TLS_DHE_RSA_WITH_AES_128_CBC_SHA, TLS_DHE_DSS_WITH_AES_128_CBC_SHA, TLS_ECDHE_ECDSA_WITH_3DES_EDE_CBC_SHA, TLS_ECDHE_RSA_WITH_3DES_EDE_CBC_SHA, SSL_RSA_WITH_3DES_EDE_CBC_SHA, TLS_ECDH_ECDSA_WITH_3DES_EDE_CBC_SHA, TLS_ECDH_RSA_WITH_3DES_EDE_CBC_SHA, SSL_DHE_RSA_WITH_3DES_EDE_CBC_SHA, SSL_DHE_DSS_WITH_3DES_EDE_CBC_SHA, TLS_ECDHE_ECDSA_WITH_RC4_128_SHA, TLS_ECDHE_RSA_WITH_RC4_128_SHA, SSL_RSA_WITH_RC4_128_SHA, TLS_ECDH_ECDSA_WITH_RC4_128_SHA, TLS_ECDH_RSA_WITH_RC4_128_SHA, SSL_RSA_WITH_RC4_128_MD5, TLS_EMPTY_RENEGOTIATION_INFO_SCSV]
02:20:59.056 [Test worker] DEBUG o.a.h.c.s.SSLConnectionSocketFactory - Starting handshake
02:20:59.166 [Test worker] DEBUG o.a.h.c.s.SSLConnectionSocketFactory - Secure session established
02:20:59.166 [Test worker] DEBUG o.a.h.c.s.SSLConnectionSocketFactory -  negotiated protocol: TLSv1
02:20:59.166 [Test worker] DEBUG o.a.h.c.s.SSLConnectionSocketFactory -  negotiated cipher suite: TLS_ECDHE_RSA_WITH_AES_128_CBC_SHA
02:20:59.166 [Test worker] DEBUG o.a.h.c.s.SSLConnectionSocketFactory -  peer principal: CN=Thesis
02:20:59.167 [Test worker] DEBUG o.a.h.c.s.SSLConnectionSocketFactory -  issuer principal: EMAILADDRESS=sha@yamil.com, CN=Thesis, OU=Open, O=Fra, L=BER, ST=BER, C=DE
02:20:59.167 [Test worker] DEBUG o.a.h.i.c.DefaultHttpClientConnectionOperator - Connection established 127.0.0.1:41230<->127.0.1.1:2376
02:20:59.167 [Test worker] DEBUG o.a.h.impl.execchain.MainClientExec - Executing request GET /networks/31df3c6545224c9e9b0fdff3725c37715371526244100d2cda3be4c10e1054c4 HTTP/1.1
02:20:59.167 [Test worker] DEBUG o.a.h.impl.execchain.MainClientExec - Target auth state: UNCHALLENGED
02:20:59.167 [Test worker] DEBUG o.a.h.impl.execchain.MainClientExec - Proxy auth state: UNCHALLENGED
02:20:59.167 [Test worker] DEBUG org.apache.http.headers - http-outgoing-177 >> GET /networks/31df3c6545224c9e9b0fdff3725c37715371526244100d2cda3be4c10e1054c4 HTTP/1.1
02:20:59.167 [Test worker] DEBUG org.apache.http.headers - http-outgoing-177 >> Accept: application/json
02:20:59.167 [Test worker] DEBUG org.apache.http.headers - http-outgoing-177 >> User-Agent: Jersey/2.23.1 (Apache HttpClient 4.5.1)
02:20:59.167 [Test worker] DEBUG org.apache.http.headers - http-outgoing-177 >> Host: Thesis:2376
02:20:59.167 [Test worker] DEBUG org.apache.http.headers - http-outgoing-177 >> Connection: Keep-Alive
02:20:59.167 [Test worker] DEBUG org.apache.http.headers - http-outgoing-177 >> Accept-Encoding: gzip,deflate
02:20:59.167 [Test worker] DEBUG org.apache.http.wire - http-outgoing-177 >> "GET /networks/31df3c6545224c9e9b0fdff3725c37715371526244100d2cda3be4c10e1054c4 HTTP/1.1[\r][\n]"
02:20:59.167 [Test worker] DEBUG org.apache.http.wire - http-outgoing-177 >> "Accept: application/json[\r][\n]"
02:20:59.168 [Test worker] DEBUG org.apache.http.wire - http-outgoing-177 >> "User-Agent: Jersey/2.23.1 (Apache HttpClient 4.5.1)[\r][\n]"
02:20:59.168 [Test worker] DEBUG org.apache.http.wire - http-outgoing-177 >> "Host: Thesis:2376[\r][\n]"
02:20:59.168 [Test worker] DEBUG org.apache.http.wire - http-outgoing-177 >> "Connection: Keep-Alive[\r][\n]"
02:20:59.168 [Test worker] DEBUG org.apache.http.wire - http-outgoing-177 >> "Accept-Encoding: gzip,deflate[\r][\n]"
02:20:59.168 [Test worker] DEBUG org.apache.http.wire - http-outgoing-177 >> "[\r][\n]"
02:20:59.168 [Test worker] DEBUG org.apache.http.wire - http-outgoing-177 << "H"
02:20:59.168 [Test worker] DEBUG org.apache.http.wire - http-outgoing-177 << "TTP/1.1 200 OK[\r][\n]"
02:20:59.168 [Test worker] DEBUG org.apache.http.wire - http-outgoing-177 << "Content-Type: application/json[\r][\n]"
02:20:59.169 [Test worker] DEBUG org.apache.http.wire - http-outgoing-177 << "Server: Docker/1.12.3 (linux)[\r][\n]"
02:20:59.169 [Test worker] DEBUG org.apache.http.wire - http-outgoing-177 << "Date: Tue, 03 Jan 2017 01:20:59 GMT[\r][\n]"
02:20:59.169 [Test worker] DEBUG org.apache.http.wire - http-outgoing-177 << "Content-Length: 312[\r][\n]"
02:20:59.169 [Test worker] DEBUG org.apache.http.wire - http-outgoing-177 << "[\r][\n]"
02:20:59.169 [Test worker] DEBUG org.apache.http.wire - http-outgoing-177 << "{"Name":"MyNetwork2","Id":"31df3c6545224c9e9b0fdff3725c37715371526244100d2cda3be4c10e1054c4","Scope":"local","Driver":"bridge","EnableIPv6":false,"IPAM":{"Driver":"default","Options":null,"Config":[{"Subnet":"172.19.0.0/16","Gateway":"172.19.0.1/16"}]},"Internal":false,"Containers":{},"Options":{},"Labels":{}}[\n]"
02:20:59.169 [Test worker] DEBUG org.apache.http.headers - http-outgoing-177 << HTTP/1.1 200 OK
02:20:59.169 [Test worker] DEBUG org.apache.http.headers - http-outgoing-177 << Content-Type: application/json
02:20:59.169 [Test worker] DEBUG org.apache.http.headers - http-outgoing-177 << Server: Docker/1.12.3 (linux)
02:20:59.169 [Test worker] DEBUG org.apache.http.headers - http-outgoing-177 << Date: Tue, 03 Jan 2017 01:20:59 GMT
02:20:59.169 [Test worker] DEBUG org.apache.http.headers - http-outgoing-177 << Content-Length: 312
02:20:59.169 [Test worker] DEBUG o.a.h.impl.execchain.MainClientExec - Connection can be kept alive indefinitely
02:20:59.169 [Test worker] DEBUG c.g.d.j.JerseyDockerCmdExecFactory - 14 * Client response received on thread Test worker
14 < 200
14 < Content-Length: 312
14 < Content-Type: application/json
14 < Date: Tue, 03 Jan 2017 01:20:59 GMT
14 < Server: Docker/1.12.3 (linux)
{"Name":"MyNetwork2","Id":"31df3c6545224c9e9b0fdff3725c37715371526244100d2cda3be4c10e1054c4","Scope":"local","Driver":"bridge","EnableIPv6":false,"IPAM":{"Driver":"default","Options":null,"Config":[{"Subnet":"172.19.0.0/16","Gateway":"172.19.0.1/16"}]},"Internal":false,"Containers":{},"Options":{},"Labels":{}}


02:20:59.170 [Test worker] DEBUG o.a.h.i.c.DefaultManagedHttpClientConnection - http-outgoing-177: Close connection
02:20:59.170 [Test worker] DEBUG o.a.h.impl.execchain.MainClientExec - Connection discarded
02:20:59.171 [Test worker] DEBUG c.g.d.j.JerseyDockerCmdExecFactory$1 - Connection released: [id: 177][route: {s}->https://Thesis:2376][total kept alive: 1; route allocated: 1 of 2; total allocated: 1 of 20]
02:20:59.171 [Test worker] DEBUG org.openbaton.docker.DockerVim - Network successfully created
02:20:59.171 [Test worker] DEBUG c.g.d.core.command.AbstrDockerCmd - Cmd: ListImagesCmdImpl[imageNameFilter=<null>,showAll=true,filters=com.github.dockerjava.core.util.FiltersBuilder@0,execution=com.github.dockerjava.jaxrs.ListImagesCmdExec@1d0dbe25]
02:20:59.171 [Test worker] DEBUG c.g.d.j.JerseyDockerCmdExecFactory - 15 * Sending client request on thread Test worker
15 > GET https://Thesis:2376/images/json?all=true
15 > Accept: application/json

02:20:59.172 [Test worker] DEBUG o.a.h.c.protocol.RequestAddCookies - CookieSpec selected: default
02:20:59.172 [Test worker] DEBUG o.a.h.c.protocol.RequestAuthCache - Auth cache not set in the context
02:20:59.172 [Test worker] DEBUG c.g.d.j.JerseyDockerCmdExecFactory$1 - Connection request: [route: {s}->https://Thesis:2376][total kept alive: 1; route allocated: 1 of 2; total allocated: 1 of 20]
02:20:59.172 [Test worker] DEBUG c.g.d.j.JerseyDockerCmdExecFactory$1 - Connection leased: [id: 178][route: {s}->https://Thesis:2376][total kept alive: 1; route allocated: 2 of 2; total allocated: 2 of 20]
02:20:59.172 [Test worker] DEBUG o.a.h.impl.execchain.MainClientExec - Opening connection {s}->https://Thesis:2376
02:20:59.172 [Test worker] DEBUG o.a.h.i.c.DefaultHttpClientConnectionOperator - Connecting to Thesis/127.0.1.1:2376
02:20:59.172 [Test worker] DEBUG o.a.h.c.s.SSLConnectionSocketFactory - Connecting socket to Thesis/127.0.1.1:2376 with timeout 0
02:20:59.173 [Test worker] DEBUG o.a.h.c.s.SSLConnectionSocketFactory - Enabled protocols: [TLSv1]
02:20:59.173 [Test worker] DEBUG o.a.h.c.s.SSLConnectionSocketFactory - Enabled cipher suites:[TLS_ECDHE_ECDSA_WITH_AES_128_CBC_SHA, TLS_ECDHE_RSA_WITH_AES_128_CBC_SHA, TLS_RSA_WITH_AES_128_CBC_SHA, TLS_ECDH_ECDSA_WITH_AES_128_CBC_SHA, TLS_ECDH_RSA_WITH_AES_128_CBC_SHA, TLS_DHE_RSA_WITH_AES_128_CBC_SHA, TLS_DHE_DSS_WITH_AES_128_CBC_SHA, TLS_ECDHE_ECDSA_WITH_3DES_EDE_CBC_SHA, TLS_ECDHE_RSA_WITH_3DES_EDE_CBC_SHA, SSL_RSA_WITH_3DES_EDE_CBC_SHA, TLS_ECDH_ECDSA_WITH_3DES_EDE_CBC_SHA, TLS_ECDH_RSA_WITH_3DES_EDE_CBC_SHA, SSL_DHE_RSA_WITH_3DES_EDE_CBC_SHA, SSL_DHE_DSS_WITH_3DES_EDE_CBC_SHA, TLS_ECDHE_ECDSA_WITH_RC4_128_SHA, TLS_ECDHE_RSA_WITH_RC4_128_SHA, SSL_RSA_WITH_RC4_128_SHA, TLS_ECDH_ECDSA_WITH_RC4_128_SHA, TLS_ECDH_RSA_WITH_RC4_128_SHA, SSL_RSA_WITH_RC4_128_MD5, TLS_EMPTY_RENEGOTIATION_INFO_SCSV]
02:20:59.173 [Test worker] DEBUG o.a.h.c.s.SSLConnectionSocketFactory - Starting handshake
02:20:59.247 [Test worker] DEBUG o.a.h.c.s.SSLConnectionSocketFactory - Secure session established
02:20:59.247 [Test worker] DEBUG o.a.h.c.s.SSLConnectionSocketFactory -  negotiated protocol: TLSv1
02:20:59.247 [Test worker] DEBUG o.a.h.c.s.SSLConnectionSocketFactory -  negotiated cipher suite: TLS_ECDHE_RSA_WITH_AES_128_CBC_SHA
02:20:59.248 [Test worker] DEBUG o.a.h.c.s.SSLConnectionSocketFactory -  peer principal: CN=Thesis
02:20:59.248 [Test worker] DEBUG o.a.h.c.s.SSLConnectionSocketFactory -  issuer principal: EMAILADDRESS=sha@yamil.com, CN=Thesis, OU=Open, O=Fra, L=BER, ST=BER, C=DE
02:20:59.248 [Test worker] DEBUG o.a.h.i.c.DefaultHttpClientConnectionOperator - Connection established 127.0.0.1:41232<->127.0.1.1:2376
02:20:59.248 [Test worker] DEBUG o.a.h.impl.execchain.MainClientExec - Executing request GET /images/json?all=true HTTP/1.1
02:20:59.248 [Test worker] DEBUG o.a.h.impl.execchain.MainClientExec - Target auth state: UNCHALLENGED
02:20:59.248 [Test worker] DEBUG o.a.h.impl.execchain.MainClientExec - Proxy auth state: UNCHALLENGED
02:20:59.248 [Test worker] DEBUG org.apache.http.headers - http-outgoing-178 >> GET /images/json?all=true HTTP/1.1
02:20:59.248 [Test worker] DEBUG org.apache.http.headers - http-outgoing-178 >> Accept: application/json
02:20:59.248 [Test worker] DEBUG org.apache.http.headers - http-outgoing-178 >> User-Agent: Jersey/2.23.1 (Apache HttpClient 4.5.1)
02:20:59.248 [Test worker] DEBUG org.apache.http.headers - http-outgoing-178 >> Host: Thesis:2376
02:20:59.248 [Test worker] DEBUG org.apache.http.headers - http-outgoing-178 >> Connection: Keep-Alive
02:20:59.248 [Test worker] DEBUG org.apache.http.headers - http-outgoing-178 >> Accept-Encoding: gzip,deflate
02:20:59.248 [Test worker] DEBUG org.apache.http.wire - http-outgoing-178 >> "GET /images/json?all=true HTTP/1.1[\r][\n]"
02:20:59.248 [Test worker] DEBUG org.apache.http.wire - http-outgoing-178 >> "Accept: application/json[\r][\n]"
02:20:59.248 [Test worker] DEBUG org.apache.http.wire - http-outgoing-178 >> "User-Agent: Jersey/2.23.1 (Apache HttpClient 4.5.1)[\r][\n]"
02:20:59.248 [Test worker] DEBUG org.apache.http.wire - http-outgoing-178 >> "Host: Thesis:2376[\r][\n]"
02:20:59.249 [Test worker] DEBUG org.apache.http.wire - http-outgoing-178 >> "Connection: Keep-Alive[\r][\n]"
02:20:59.249 [Test worker] DEBUG org.apache.http.wire - http-outgoing-178 >> "Accept-Encoding: gzip,deflate[\r][\n]"
02:20:59.249 [Test worker] DEBUG org.apache.http.wire - http-outgoing-178 >> "[\r][\n]"
02:20:59.250 [Test worker] DEBUG org.apache.http.wire - http-outgoing-178 << "H"
02:20:59.250 [Test worker] DEBUG org.apache.http.wire - http-outgoing-178 << "TTP/1.1 200 OK[\r][\n]"
02:20:59.250 [Test worker] DEBUG org.apache.http.wire - http-outgoing-178 << "Content-Type: application/json[\r][\n]"
02:20:59.250 [Test worker] DEBUG org.apache.http.wire - http-outgoing-178 << "Server: Docker/1.12.3 (linux)[\r][\n]"
02:20:59.250 [Test worker] DEBUG org.apache.http.wire - http-outgoing-178 << "Date: Tue, 03 Jan 2017 01:20:59 GMT[\r][\n]"
02:20:59.250 [Test worker] DEBUG org.apache.http.wire - http-outgoing-178 << "Content-Length: 1195[\r][\n]"
02:20:59.250 [Test worker] DEBUG org.apache.http.wire - http-outgoing-178 << "[\r][\n]"
02:20:59.250 [Test worker] DEBUG org.apache.http.wire - http-outgoing-178 << "[{"Id":"sha256:4ca3a192ff2a5b7e225e81dc006b6379c10776ed3619757a65608cb72de0a7f6","ParentId":"","RepoTags":["ubuntu:latest"],"RepoDigests":["ubuntu@sha256:3b64c309deae7ab0f7dbdd42b6b326261ccd6261da5d88396439353162703fb5"],"Created":1480449877,"Size":128206574,"VirtualSize":128206574,"Labels":{}},{"Id":"sha256:aae2b63c49461fcae4962e4a8043f66acf8e3af7e62f5ebceb70b181d8ca01e0","ParentId":"","RepoTags":["ubuntu:14.04"],"RepoDigests":["ubuntu@sha256:edb984703bd3e8981ff541a5b9297ca1b81fde6e6e8094d86e390a38ebc30b4d"],"Created":1480449856,"Size":187952254,"VirtualSize":187952254,"Labels":{}},{"Id":"sha256:e02e811dd08fd49e7f6032625495118e63f597eb150403d02e3238af1df240ba","ParentId":"","RepoTags":["busybox:latest"],"RepoDigests":["busybox@sha256:29f5d56d12684887bdfa50dcd29fc31eea4aaf4ad3bec43daf19026a7ce69912"],"Created":1475874238,"Size":1093484,"VirtualSize":1093484,"Labels":{}},{"Id":"sha256:d654de4499473ed41349b54a988b6f46a7fc92e3fa2d61e102bf2660a0116e25","ParentId":"","RepoTags":["sakib37/iperf3:latest"],"RepoDigests":["sakib37/iperf3@sha256:8d80a810f8f508c074b14d02555f20110eac382c8dbda7252075392983629d40"],"Created":1474907599,"Size":199456654,"VirtualSize":199456654,"Labels":{}}][\n]"
02:20:59.250 [Test worker] DEBUG org.apache.http.headers - http-outgoing-178 << HTTP/1.1 200 OK
02:20:59.250 [Test worker] DEBUG org.apache.http.headers - http-outgoing-178 << Content-Type: application/json
02:20:59.250 [Test worker] DEBUG org.apache.http.headers - http-outgoing-178 << Server: Docker/1.12.3 (linux)
02:20:59.250 [Test worker] DEBUG org.apache.http.headers - http-outgoing-178 << Date: Tue, 03 Jan 2017 01:20:59 GMT
02:20:59.250 [Test worker] DEBUG org.apache.http.headers - http-outgoing-178 << Content-Length: 1195
02:20:59.250 [Test worker] DEBUG o.a.h.impl.execchain.MainClientExec - Connection can be kept alive indefinitely
02:20:59.251 [Test worker] DEBUG c.g.d.j.JerseyDockerCmdExecFactory - 16 * Client response received on thread Test worker
16 < 200
16 < Content-Length: 1195
16 < Content-Type: application/json
16 < Date: Tue, 03 Jan 2017 01:20:59 GMT
16 < Server: Docker/1.12.3 (linux)
[{"Id":"sha256:4ca3a192ff2a5b7e225e81dc006b6379c10776ed3619757a65608cb72de0a7f6","ParentId":"","RepoTags":["ubuntu:latest"],"RepoDigests":["ubuntu@sha256:3b64c309deae7ab0f7dbdd42b6b326261ccd6261da5d88396439353162703fb5"],"Created":1480449877,"Size":128206574,"VirtualSize":128206574,"Labels":{}},{"Id":"sha256:aae2b63c49461fcae4962e4a8043f66acf8e3af7e62f5ebceb70b181d8ca01e0","ParentId":"","RepoTags":["ubuntu:14.04"],"RepoDigests":["ubuntu@sha256:edb984703bd3e8981ff541a5b9297ca1b81fde6e6e8094d86e390a38ebc30b4d"],"Created":1480449856,"Size":187952254,"VirtualSize":187952254,"Labels":{}},{"Id":"sha256:e02e811dd08fd49e7f6032625495118e63f597eb150403d02e3238af1df240ba","ParentId":"","RepoTags":["busybox:latest"],"RepoDigests":["busybox@sha256:29f5d56d12684887bdfa50dcd29fc31eea4aaf4ad3bec43daf19026a7ce69912"],"Created":1475874238,"Size":1093484,"VirtualSize":1093484,"Labels":{}},{"Id":"sha256:d654de4499473ed41349b54a988b6f46a7fc92e3fa2d61e102bf2660a0116e25","ParentId":"","RepoTags":["sakib37/iperf3:latest"],"RepoDigests":["sakib37/iperf3@sha256:8d80a810f8f508c074b14d02555f20110eac382c8dbda7252075392983629d40"],"Created":1474907599,"Size":199456654,"VirtualSize":199456654,"Labels":{}}]


02:20:59.252 [Test worker] DEBUG o.a.h.i.c.DefaultManagedHttpClientConnection - http-outgoing-178: Close connection
02:20:59.252 [Test worker] DEBUG o.a.h.impl.execchain.MainClientExec - Connection discarded
02:20:59.252 [Test worker] DEBUG c.g.d.j.JerseyDockerCmdExecFactory$1 - Connection released: [id: 178][route: {s}->https://Thesis:2376][total kept alive: 1; route allocated: 1 of 2; total allocated: 1 of 20]
02:20:59.252 [Test worker] DEBUG c.g.d.core.command.AbstrDockerCmd - Cmd: com.github.dockerjava.core.command.CreateContainerCmdImpl@3dc4baf4[name=MyContainer,hostName=MyContainer,domainName=<null>,user=<null>,attachStdin=<null>,attachStdout=<null>,attachStderr=<null>,portSpecs=<null>,tty=<null>,stdinOpen=<null>,stdInOnce=<null>,env={port=8080,TERM=xterm},cmd={sleep,99999},entrypoint=<null>,image=ubuntu:14.04,volumes=com.github.dockerjava.api.model.Volumes@3ece08da,workingDir=<null>,macAddress=<null>,networkDisabled=<null>,exposedPorts=com.github.dockerjava.api.model.ExposedPorts@48a7406c,stopSignal=<null>,hostConfig=com.github.dockerjava.api.model.HostConfig@5c7697b7[binds=<null>,blkioWeight=<null>,blkioWeightDevice=<null>,blkioDeviceReadBps=<null>,blkioDeviceReadIOps=<null>,blkioDeviceWriteBps=<null>,blkioDeviceWriteIOps=<null>,memorySwappiness=<null>,capAdd=<null>,capDrop=<null>,containerIDFile=<null>,cpuPeriod=<null>,cpuShares=<null>,cpuQuota=<null>,cpusetCpus=<null>,cpusetMems=<null>,devices=<null>,dns=<null>,dnsSearch=<null>,extraHosts=<null>,links=<null>,logConfig=<null>,lxcConf=<null>,memory=<null>,memorySwap=<null>,memoryReservation=<null>,kernelMemory=<null>,networkMode=<null>,oomKillDisable=<null>,oomScoreAdj=<null>,portBindings={8084/tcp=[Lcom.github.dockerjava.api.model.Ports$Binding;@11f6c67d},privileged=<null>,publishAllPorts=<null>,readonlyRootfs=<null>,restartPolicy=<null>,ulimits=<null>,volumesFrom=<null>,pidMode=<null>,securityOpts=<null>,cgroupParent=<null>,volumeDriver=<null>,shmSize=<null>],labels=<null>,networkingConfig=<null>,ipv4Address=<null>,ipv6Address=<null>,aliases=<null>,execution=com.github.dockerjava.jaxrs.CreateContainerCmdExec@3927dd17]
02:20:59.257 [Test worker] DEBUG o.a.h.c.protocol.RequestAddCookies - CookieSpec selected: default
02:20:59.257 [Test worker] DEBUG o.a.h.c.protocol.RequestAuthCache - Auth cache not set in the context
02:20:59.257 [Test worker] DEBUG c.g.d.j.JerseyDockerCmdExecFactory$1 - Connection request: [route: {s}->https://Thesis:2376][total kept alive: 1; route allocated: 1 of 2; total allocated: 1 of 20]
02:20:59.258 [Test worker] DEBUG c.g.d.j.JerseyDockerCmdExecFactory$1 - Connection leased: [id: 179][route: {s}->https://Thesis:2376][total kept alive: 1; route allocated: 2 of 2; total allocated: 2 of 20]
02:20:59.258 [Test worker] DEBUG o.a.h.impl.execchain.MainClientExec - Opening connection {s}->https://Thesis:2376
02:20:59.258 [Test worker] DEBUG o.a.h.i.c.DefaultHttpClientConnectionOperator - Connecting to Thesis/127.0.1.1:2376
02:20:59.258 [Test worker] DEBUG o.a.h.c.s.SSLConnectionSocketFactory - Connecting socket to Thesis/127.0.1.1:2376 with timeout 0
02:20:59.258 [Test worker] DEBUG o.a.h.c.s.SSLConnectionSocketFactory - Enabled protocols: [TLSv1]
02:20:59.258 [Test worker] DEBUG o.a.h.c.s.SSLConnectionSocketFactory - Enabled cipher suites:[TLS_ECDHE_ECDSA_WITH_AES_128_CBC_SHA, TLS_ECDHE_RSA_WITH_AES_128_CBC_SHA, TLS_RSA_WITH_AES_128_CBC_SHA, TLS_ECDH_ECDSA_WITH_AES_128_CBC_SHA, TLS_ECDH_RSA_WITH_AES_128_CBC_SHA, TLS_DHE_RSA_WITH_AES_128_CBC_SHA, TLS_DHE_DSS_WITH_AES_128_CBC_SHA, TLS_ECDHE_ECDSA_WITH_3DES_EDE_CBC_SHA, TLS_ECDHE_RSA_WITH_3DES_EDE_CBC_SHA, SSL_RSA_WITH_3DES_EDE_CBC_SHA, TLS_ECDH_ECDSA_WITH_3DES_EDE_CBC_SHA, TLS_ECDH_RSA_WITH_3DES_EDE_CBC_SHA, SSL_DHE_RSA_WITH_3DES_EDE_CBC_SHA, SSL_DHE_DSS_WITH_3DES_EDE_CBC_SHA, TLS_ECDHE_ECDSA_WITH_RC4_128_SHA, TLS_ECDHE_RSA_WITH_RC4_128_SHA, SSL_RSA_WITH_RC4_128_SHA, TLS_ECDH_ECDSA_WITH_RC4_128_SHA, TLS_ECDH_RSA_WITH_RC4_128_SHA, SSL_RSA_WITH_RC4_128_MD5, TLS_EMPTY_RENEGOTIATION_INFO_SCSV]
02:20:59.259 [Test worker] DEBUG o.a.h.c.s.SSLConnectionSocketFactory - Starting handshake
02:20:59.317 [Test worker] DEBUG o.a.h.c.s.SSLConnectionSocketFactory - Secure session established
02:20:59.317 [Test worker] DEBUG o.a.h.c.s.SSLConnectionSocketFactory -  negotiated protocol: TLSv1
02:20:59.318 [Test worker] DEBUG o.a.h.c.s.SSLConnectionSocketFactory -  negotiated cipher suite: TLS_ECDHE_RSA_WITH_AES_128_CBC_SHA
02:20:59.318 [Test worker] DEBUG o.a.h.c.s.SSLConnectionSocketFactory -  peer principal: CN=Thesis
02:20:59.318 [Test worker] DEBUG o.a.h.c.s.SSLConnectionSocketFactory -  issuer principal: EMAILADDRESS=sha@yamil.com, CN=Thesis, OU=Open, O=Fra, L=BER, ST=BER, C=DE
02:20:59.318 [Test worker] DEBUG o.a.h.i.c.DefaultHttpClientConnectionOperator - Connection established 127.0.0.1:41234<->127.0.1.1:2376
02:20:59.318 [Test worker] DEBUG o.a.h.impl.execchain.MainClientExec - Executing request POST /containers/create?name=MyContainer HTTP/1.1
02:20:59.318 [Test worker] DEBUG o.a.h.impl.execchain.MainClientExec - Target auth state: UNCHALLENGED
02:20:59.318 [Test worker] DEBUG o.a.h.impl.execchain.MainClientExec - Proxy auth state: UNCHALLENGED
02:20:59.318 [Test worker] DEBUG org.apache.http.headers - http-outgoing-179 >> POST /containers/create?name=MyContainer HTTP/1.1
02:20:59.318 [Test worker] DEBUG org.apache.http.headers - http-outgoing-179 >> Accept: application/json
02:20:59.318 [Test worker] DEBUG org.apache.http.headers - http-outgoing-179 >> Content-Type: application/json
02:20:59.318 [Test worker] DEBUG org.apache.http.headers - http-outgoing-179 >> User-Agent: Jersey/2.23.1 (Apache HttpClient 4.5.1)
02:20:59.318 [Test worker] DEBUG org.apache.http.headers - http-outgoing-179 >> Transfer-Encoding: chunked
02:20:59.318 [Test worker] DEBUG org.apache.http.headers - http-outgoing-179 >> Host: Thesis:2376
02:20:59.318 [Test worker] DEBUG org.apache.http.headers - http-outgoing-179 >> Connection: Keep-Alive
02:20:59.318 [Test worker] DEBUG org.apache.http.headers - http-outgoing-179 >> Accept-Encoding: gzip,deflate
02:20:59.340 [Test worker] DEBUG c.g.d.j.JerseyDockerCmdExecFactory - 17 * Sending client request on thread Test worker
17 > POST https://Thesis:2376/containers/create?name=MyContainer
17 > Accept: application/json
17 > Content-Type: application/json
{"name":"MyContainer","Hostname":"MyContainer","Env":["port=8080","TERM=xterm"],"Cmd":["sleep","99999"],"Image":"ubuntu:14.04","Volumes":{},"ExposedPorts":{"8084/tcp":{}},"HostConfig":{"PortBindings":{"8084/tcp":[{"HostIp":"","HostPort":"8084"}]}}}

02:20:59.340 [Test worker] DEBUG org.apache.http.wire - http-outgoing-179 >> "POST /containers/create?name=MyContainer HTTP/1.1[\r][\n]"
02:20:59.340 [Test worker] DEBUG org.apache.http.wire - http-outgoing-179 >> "Accept: application/json[\r][\n]"
02:20:59.340 [Test worker] DEBUG org.apache.http.wire - http-outgoing-179 >> "Content-Type: application/json[\r][\n]"
02:20:59.340 [Test worker] DEBUG org.apache.http.wire - http-outgoing-179 >> "User-Agent: Jersey/2.23.1 (Apache HttpClient 4.5.1)[\r][\n]"
02:20:59.340 [Test worker] DEBUG org.apache.http.wire - http-outgoing-179 >> "Transfer-Encoding: chunked[\r][\n]"
02:20:59.340 [Test worker] DEBUG org.apache.http.wire - http-outgoing-179 >> "Host: Thesis:2376[\r][\n]"
02:20:59.341 [Test worker] DEBUG org.apache.http.wire - http-outgoing-179 >> "Connection: Keep-Alive[\r][\n]"
02:20:59.341 [Test worker] DEBUG org.apache.http.wire - http-outgoing-179 >> "Accept-Encoding: gzip,deflate[\r][\n]"
02:20:59.341 [Test worker] DEBUG org.apache.http.wire - http-outgoing-179 >> "[\r][\n]"
02:20:59.341 [Test worker] DEBUG org.apache.http.wire - http-outgoing-179 >> "f8[\r][\n]"
02:20:59.341 [Test worker] DEBUG org.apache.http.wire - http-outgoing-179 >> "{"name":"MyContainer","Hostname":"MyContainer","Env":["port=8080","TERM=xterm"],"Cmd":["sleep","99999"],"Image":"ubuntu:14.04","Volumes":{},"ExposedPorts":{"8084/tcp":{}},"HostConfig":{"PortBindings":{"8084/tcp":[{"HostIp":"","HostPort":"8084"}]}}}[\r][\n]"
02:20:59.341 [Test worker] DEBUG org.apache.http.wire - http-outgoing-179 >> "0[\r][\n]"
02:20:59.341 [Test worker] DEBUG org.apache.http.wire - http-outgoing-179 >> "[\r][\n]"
02:20:59.360 [Test worker] DEBUG org.apache.http.wire - http-outgoing-179 << "H"
02:20:59.360 [Test worker] DEBUG org.apache.http.wire - http-outgoing-179 << "TTP/1.1 201 Created[\r][\n]"
02:20:59.360 [Test worker] DEBUG org.apache.http.wire - http-outgoing-179 << "Content-Type: application/json[\r][\n]"
02:20:59.360 [Test worker] DEBUG org.apache.http.wire - http-outgoing-179 << "Server: Docker/1.12.3 (linux)[\r][\n]"
02:20:59.360 [Test worker] DEBUG org.apache.http.wire - http-outgoing-179 << "Date: Tue, 03 Jan 2017 01:20:59 GMT[\r][\n]"
02:20:59.360 [Test worker] DEBUG org.apache.http.wire - http-outgoing-179 << "Content-Length: 90[\r][\n]"
02:20:59.360 [Test worker] DEBUG org.apache.http.wire - http-outgoing-179 << "[\r][\n]"
02:20:59.360 [Test worker] DEBUG org.apache.http.wire - http-outgoing-179 << "{"Id":"ad5b709694693d24090bdb900829fb6f9ba891595a88a63b095451a7ffd34068","Warnings":null}[\n]"
02:20:59.360 [Test worker] DEBUG org.apache.http.headers - http-outgoing-179 << HTTP/1.1 201 Created
02:20:59.360 [Test worker] DEBUG org.apache.http.headers - http-outgoing-179 << Content-Type: application/json
02:20:59.360 [Test worker] DEBUG org.apache.http.headers - http-outgoing-179 << Server: Docker/1.12.3 (linux)
02:20:59.360 [Test worker] DEBUG org.apache.http.headers - http-outgoing-179 << Date: Tue, 03 Jan 2017 01:20:59 GMT
02:20:59.360 [Test worker] DEBUG org.apache.http.headers - http-outgoing-179 << Content-Length: 90
02:20:59.360 [Test worker] DEBUG o.a.h.impl.execchain.MainClientExec - Connection can be kept alive indefinitely
02:20:59.360 [Test worker] DEBUG c.g.d.j.JerseyDockerCmdExecFactory - 18 * Client response received on thread Test worker
18 < 201
18 < Content-Length: 90
18 < Content-Type: application/json
18 < Date: Tue, 03 Jan 2017 01:20:59 GMT
18 < Server: Docker/1.12.3 (linux)
{"Id":"ad5b709694693d24090bdb900829fb6f9ba891595a88a63b095451a7ffd34068","Warnings":null}


02:20:59.361 [Test worker] DEBUG o.a.h.i.c.DefaultManagedHttpClientConnection - http-outgoing-179: Close connection
02:20:59.361 [Test worker] DEBUG o.a.h.impl.execchain.MainClientExec - Connection discarded
02:20:59.362 [Test worker] DEBUG c.g.d.j.JerseyDockerCmdExecFactory$1 - Connection released: [id: 179][route: {s}->https://Thesis:2376][total kept alive: 1; route allocated: 1 of 2; total allocated: 1 of 20]
02:20:59.362 [Test worker] DEBUG org.openbaton.docker.DockerVim - Instance created successfully
02:20:59.362 [Test worker] DEBUG c.g.d.core.command.AbstrDockerCmd - Cmd: ad5b709694693d24090bdb900829fb6f9ba891595a88a63b095451a7ffd34068,com.github.dockerjava.jaxrs.StartContainerCmdExec@11241756
02:20:59.362 [Test worker] DEBUG c.g.d.j.JerseyDockerCmdExecFactory - 19 * Sending client request on thread Test worker
19 > POST https://Thesis:2376/containers/ad5b709694693d24090bdb900829fb6f9ba891595a88a63b095451a7ffd34068/start
19 > Accept: application/json

02:20:59.363 [Test worker] DEBUG o.a.h.c.protocol.RequestAddCookies - CookieSpec selected: default
02:20:59.363 [Test worker] DEBUG o.a.h.c.protocol.RequestAuthCache - Auth cache not set in the context
02:20:59.363 [Test worker] DEBUG c.g.d.j.JerseyDockerCmdExecFactory$1 - Connection request: [route: {s}->https://Thesis:2376][total kept alive: 1; route allocated: 1 of 2; total allocated: 1 of 20]
02:20:59.363 [Test worker] DEBUG c.g.d.j.JerseyDockerCmdExecFactory$1 - Connection leased: [id: 180][route: {s}->https://Thesis:2376][total kept alive: 1; route allocated: 2 of 2; total allocated: 2 of 20]
02:20:59.363 [Test worker] DEBUG o.a.h.impl.execchain.MainClientExec - Opening connection {s}->https://Thesis:2376
02:20:59.363 [Test worker] DEBUG o.a.h.i.c.DefaultHttpClientConnectionOperator - Connecting to Thesis/127.0.1.1:2376
02:20:59.363 [Test worker] DEBUG o.a.h.c.s.SSLConnectionSocketFactory - Connecting socket to Thesis/127.0.1.1:2376 with timeout 0
02:20:59.364 [Test worker] DEBUG o.a.h.c.s.SSLConnectionSocketFactory - Enabled protocols: [TLSv1]
02:20:59.364 [Test worker] DEBUG o.a.h.c.s.SSLConnectionSocketFactory - Enabled cipher suites:[TLS_ECDHE_ECDSA_WITH_AES_128_CBC_SHA, TLS_ECDHE_RSA_WITH_AES_128_CBC_SHA, TLS_RSA_WITH_AES_128_CBC_SHA, TLS_ECDH_ECDSA_WITH_AES_128_CBC_SHA, TLS_ECDH_RSA_WITH_AES_128_CBC_SHA, TLS_DHE_RSA_WITH_AES_128_CBC_SHA, TLS_DHE_DSS_WITH_AES_128_CBC_SHA, TLS_ECDHE_ECDSA_WITH_3DES_EDE_CBC_SHA, TLS_ECDHE_RSA_WITH_3DES_EDE_CBC_SHA, SSL_RSA_WITH_3DES_EDE_CBC_SHA, TLS_ECDH_ECDSA_WITH_3DES_EDE_CBC_SHA, TLS_ECDH_RSA_WITH_3DES_EDE_CBC_SHA, SSL_DHE_RSA_WITH_3DES_EDE_CBC_SHA, SSL_DHE_DSS_WITH_3DES_EDE_CBC_SHA, TLS_ECDHE_ECDSA_WITH_RC4_128_SHA, TLS_ECDHE_RSA_WITH_RC4_128_SHA, SSL_RSA_WITH_RC4_128_SHA, TLS_ECDH_ECDSA_WITH_RC4_128_SHA, TLS_ECDH_RSA_WITH_RC4_128_SHA, SSL_RSA_WITH_RC4_128_MD5, TLS_EMPTY_RENEGOTIATION_INFO_SCSV]
02:20:59.364 [Test worker] DEBUG o.a.h.c.s.SSLConnectionSocketFactory - Starting handshake
02:20:59.423 [Test worker] DEBUG o.a.h.c.s.SSLConnectionSocketFactory - Secure session established
02:20:59.423 [Test worker] DEBUG o.a.h.c.s.SSLConnectionSocketFactory -  negotiated protocol: TLSv1
02:20:59.423 [Test worker] DEBUG o.a.h.c.s.SSLConnectionSocketFactory -  negotiated cipher suite: TLS_ECDHE_RSA_WITH_AES_128_CBC_SHA
02:20:59.423 [Test worker] DEBUG o.a.h.c.s.SSLConnectionSocketFactory -  peer principal: CN=Thesis
02:20:59.423 [Test worker] DEBUG o.a.h.c.s.SSLConnectionSocketFactory -  issuer principal: EMAILADDRESS=sha@yamil.com, CN=Thesis, OU=Open, O=Fra, L=BER, ST=BER, C=DE
02:20:59.423 [Test worker] DEBUG o.a.h.i.c.DefaultHttpClientConnectionOperator - Connection established 127.0.0.1:41236<->127.0.1.1:2376
02:20:59.423 [Test worker] DEBUG o.a.h.impl.execchain.MainClientExec - Executing request POST /containers/ad5b709694693d24090bdb900829fb6f9ba891595a88a63b095451a7ffd34068/start HTTP/1.1
02:20:59.423 [Test worker] DEBUG o.a.h.impl.execchain.MainClientExec - Target auth state: UNCHALLENGED
02:20:59.423 [Test worker] DEBUG o.a.h.impl.execchain.MainClientExec - Proxy auth state: UNCHALLENGED
02:20:59.423 [Test worker] DEBUG org.apache.http.headers - http-outgoing-180 >> POST /containers/ad5b709694693d24090bdb900829fb6f9ba891595a88a63b095451a7ffd34068/start HTTP/1.1
02:20:59.424 [Test worker] DEBUG org.apache.http.headers - http-outgoing-180 >> Accept: application/json
02:20:59.424 [Test worker] DEBUG org.apache.http.headers - http-outgoing-180 >> User-Agent: Jersey/2.23.1 (Apache HttpClient 4.5.1)
02:20:59.424 [Test worker] DEBUG org.apache.http.headers - http-outgoing-180 >> Host: Thesis:2376
02:20:59.424 [Test worker] DEBUG org.apache.http.headers - http-outgoing-180 >> Connection: Keep-Alive
02:20:59.424 [Test worker] DEBUG org.apache.http.headers - http-outgoing-180 >> Accept-Encoding: gzip,deflate
02:20:59.424 [Test worker] DEBUG org.apache.http.wire - http-outgoing-180 >> "POST /containers/ad5b709694693d24090bdb900829fb6f9ba891595a88a63b095451a7ffd34068/start HTTP/1.1[\r][\n]"
02:20:59.424 [Test worker] DEBUG org.apache.http.wire - http-outgoing-180 >> "Accept: application/json[\r][\n]"
02:20:59.424 [Test worker] DEBUG org.apache.http.wire - http-outgoing-180 >> "User-Agent: Jersey/2.23.1 (Apache HttpClient 4.5.1)[\r][\n]"
02:20:59.424 [Test worker] DEBUG org.apache.http.wire - http-outgoing-180 >> "Host: Thesis:2376[\r][\n]"
02:20:59.424 [Test worker] DEBUG org.apache.http.wire - http-outgoing-180 >> "Connection: Keep-Alive[\r][\n]"
02:20:59.424 [Test worker] DEBUG org.apache.http.wire - http-outgoing-180 >> "Accept-Encoding: gzip,deflate[\r][\n]"
02:20:59.424 [Test worker] DEBUG org.apache.http.wire - http-outgoing-180 >> "[\r][\n]"
02:20:59.592 [Test worker] DEBUG org.apache.http.wire - http-outgoing-180 << "H"
02:20:59.592 [Test worker] DEBUG org.apache.http.wire - http-outgoing-180 << "TTP/1.1 204 No Content[\r][\n]"
02:20:59.592 [Test worker] DEBUG org.apache.http.wire - http-outgoing-180 << "Server: Docker/1.12.3 (linux)[\r][\n]"
02:20:59.592 [Test worker] DEBUG org.apache.http.wire - http-outgoing-180 << "Date: Tue, 03 Jan 2017 01:20:59 GMT[\r][\n]"
02:20:59.592 [Test worker] DEBUG org.apache.http.wire - http-outgoing-180 << "[\r][\n]"
02:20:59.592 [Test worker] DEBUG org.apache.http.headers - http-outgoing-180 << HTTP/1.1 204 No Content
02:20:59.592 [Test worker] DEBUG org.apache.http.headers - http-outgoing-180 << Server: Docker/1.12.3 (linux)
02:20:59.592 [Test worker] DEBUG org.apache.http.headers - http-outgoing-180 << Date: Tue, 03 Jan 2017 01:20:59 GMT
02:20:59.592 [Test worker] DEBUG o.a.h.impl.execchain.MainClientExec - Connection can be kept alive indefinitely
02:20:59.592 [Test worker] DEBUG c.g.d.j.JerseyDockerCmdExecFactory$1 - Connection [id: 180][route: {s}->https://Thesis:2376][state: CN=Thesis] can be kept alive indefinitely
02:20:59.592 [Test worker] DEBUG c.g.d.j.JerseyDockerCmdExecFactory$1 - Connection released: [id: 180][route: {s}->https://Thesis:2376][state: CN=Thesis][total kept alive: 2; route allocated: 2 of 2; total allocated: 2 of 20]
02:20:59.592 [Test worker] DEBUG c.g.d.j.JerseyDockerCmdExecFactory - 20 * Client response received on thread Test worker
20 < 204
20 < Date: Tue, 03 Jan 2017 01:20:59 GMT
20 < Server: Docker/1.12.3 (linux)

02:20:59.592 [Test worker] DEBUG c.g.d.core.command.AbstrDockerCmd - Cmd: ListImagesCmdImpl[imageNameFilter=<null>,showAll=true,filters=com.github.dockerjava.core.util.FiltersBuilder@0,execution=com.github.dockerjava.jaxrs.ListImagesCmdExec@4ae7559]
02:20:59.593 [Test worker] DEBUG c.g.d.j.JerseyDockerCmdExecFactory - 21 * Sending client request on thread Test worker
21 > GET https://Thesis:2376/images/json?all=true
21 > Accept: application/json

02:20:59.593 [Test worker] DEBUG o.a.h.c.protocol.RequestAddCookies - CookieSpec selected: default
02:20:59.593 [Test worker] DEBUG o.a.h.c.protocol.RequestAuthCache - Auth cache not set in the context
02:20:59.593 [Test worker] DEBUG c.g.d.j.JerseyDockerCmdExecFactory$1 - Connection request: [route: {s}->https://Thesis:2376][total kept alive: 2; route allocated: 2 of 2; total allocated: 2 of 20]
02:20:59.593 [Test worker] DEBUG o.a.h.i.c.DefaultManagedHttpClientConnection - http-outgoing-171: Close connection
02:20:59.593 [Test worker] DEBUG c.g.d.j.JerseyDockerCmdExecFactory$1 - Connection leased: [id: 181][route: {s}->https://Thesis:2376][total kept alive: 1; route allocated: 2 of 2; total allocated: 2 of 20]
02:20:59.593 [Test worker] DEBUG o.a.h.impl.execchain.MainClientExec - Opening connection {s}->https://Thesis:2376
02:20:59.593 [Test worker] DEBUG o.a.h.i.c.DefaultHttpClientConnectionOperator - Connecting to Thesis/127.0.1.1:2376
02:20:59.593 [Test worker] DEBUG o.a.h.c.s.SSLConnectionSocketFactory - Connecting socket to Thesis/127.0.1.1:2376 with timeout 0
02:20:59.598 [Test worker] DEBUG o.a.h.c.s.SSLConnectionSocketFactory - Enabled protocols: [TLSv1]
02:20:59.598 [Test worker] DEBUG o.a.h.c.s.SSLConnectionSocketFactory - Enabled cipher suites:[TLS_ECDHE_ECDSA_WITH_AES_128_CBC_SHA, TLS_ECDHE_RSA_WITH_AES_128_CBC_SHA, TLS_RSA_WITH_AES_128_CBC_SHA, TLS_ECDH_ECDSA_WITH_AES_128_CBC_SHA, TLS_ECDH_RSA_WITH_AES_128_CBC_SHA, TLS_DHE_RSA_WITH_AES_128_CBC_SHA, TLS_DHE_DSS_WITH_AES_128_CBC_SHA, TLS_ECDHE_ECDSA_WITH_3DES_EDE_CBC_SHA, TLS_ECDHE_RSA_WITH_3DES_EDE_CBC_SHA, SSL_RSA_WITH_3DES_EDE_CBC_SHA, TLS_ECDH_ECDSA_WITH_3DES_EDE_CBC_SHA, TLS_ECDH_RSA_WITH_3DES_EDE_CBC_SHA, SSL_DHE_RSA_WITH_3DES_EDE_CBC_SHA, SSL_DHE_DSS_WITH_3DES_EDE_CBC_SHA, TLS_ECDHE_ECDSA_WITH_RC4_128_SHA, TLS_ECDHE_RSA_WITH_RC4_128_SHA, SSL_RSA_WITH_RC4_128_SHA, TLS_ECDH_ECDSA_WITH_RC4_128_SHA, TLS_ECDH_RSA_WITH_RC4_128_SHA, SSL_RSA_WITH_RC4_128_MD5, TLS_EMPTY_RENEGOTIATION_INFO_SCSV]
02:20:59.598 [Test worker] DEBUG o.a.h.c.s.SSLConnectionSocketFactory - Starting handshake
02:20:59.658 [Test worker] DEBUG o.a.h.c.s.SSLConnectionSocketFactory - Secure session established
02:20:59.658 [Test worker] DEBUG o.a.h.c.s.SSLConnectionSocketFactory -  negotiated protocol: TLSv1
02:20:59.658 [Test worker] DEBUG o.a.h.c.s.SSLConnectionSocketFactory -  negotiated cipher suite: TLS_ECDHE_RSA_WITH_AES_128_CBC_SHA
02:20:59.658 [Test worker] DEBUG o.a.h.c.s.SSLConnectionSocketFactory -  peer principal: CN=Thesis
02:20:59.658 [Test worker] DEBUG o.a.h.c.s.SSLConnectionSocketFactory -  issuer principal: EMAILADDRESS=sha@yamil.com, CN=Thesis, OU=Open, O=Fra, L=BER, ST=BER, C=DE
02:20:59.658 [Test worker] DEBUG o.a.h.i.c.DefaultHttpClientConnectionOperator - Connection established 127.0.0.1:41238<->127.0.1.1:2376
02:20:59.658 [Test worker] DEBUG o.a.h.impl.execchain.MainClientExec - Executing request GET /images/json?all=true HTTP/1.1
02:20:59.658 [Test worker] DEBUG o.a.h.impl.execchain.MainClientExec - Target auth state: UNCHALLENGED
02:20:59.658 [Test worker] DEBUG o.a.h.impl.execchain.MainClientExec - Proxy auth state: UNCHALLENGED
02:20:59.658 [Test worker] DEBUG org.apache.http.headers - http-outgoing-181 >> GET /images/json?all=true HTTP/1.1
02:20:59.659 [Test worker] DEBUG org.apache.http.headers - http-outgoing-181 >> Accept: application/json
02:20:59.659 [Test worker] DEBUG org.apache.http.headers - http-outgoing-181 >> User-Agent: Jersey/2.23.1 (Apache HttpClient 4.5.1)
02:20:59.659 [Test worker] DEBUG org.apache.http.headers - http-outgoing-181 >> Host: Thesis:2376
02:20:59.659 [Test worker] DEBUG org.apache.http.headers - http-outgoing-181 >> Connection: Keep-Alive
02:20:59.659 [Test worker] DEBUG org.apache.http.headers - http-outgoing-181 >> Accept-Encoding: gzip,deflate
02:20:59.659 [Test worker] DEBUG org.apache.http.wire - http-outgoing-181 >> "GET /images/json?all=true HTTP/1.1[\r][\n]"
02:20:59.659 [Test worker] DEBUG org.apache.http.wire - http-outgoing-181 >> "Accept: application/json[\r][\n]"
02:20:59.659 [Test worker] DEBUG org.apache.http.wire - http-outgoing-181 >> "User-Agent: Jersey/2.23.1 (Apache HttpClient 4.5.1)[\r][\n]"
02:20:59.659 [Test worker] DEBUG org.apache.http.wire - http-outgoing-181 >> "Host: Thesis:2376[\r][\n]"
02:20:59.659 [Test worker] DEBUG org.apache.http.wire - http-outgoing-181 >> "Connection: Keep-Alive[\r][\n]"
02:20:59.659 [Test worker] DEBUG org.apache.http.wire - http-outgoing-181 >> "Accept-Encoding: gzip,deflate[\r][\n]"
02:20:59.659 [Test worker] DEBUG org.apache.http.wire - http-outgoing-181 >> "[\r][\n]"
02:20:59.660 [Test worker] DEBUG org.apache.http.wire - http-outgoing-181 << "H"
02:20:59.660 [Test worker] DEBUG org.apache.http.wire - http-outgoing-181 << "TTP/1.1 200 OK[\r][\n]"
02:20:59.660 [Test worker] DEBUG org.apache.http.wire - http-outgoing-181 << "Content-Type: application/json[\r][\n]"
02:20:59.660 [Test worker] DEBUG org.apache.http.wire - http-outgoing-181 << "Server: Docker/1.12.3 (linux)[\r][\n]"
02:20:59.660 [Test worker] DEBUG org.apache.http.wire - http-outgoing-181 << "Date: Tue, 03 Jan 2017 01:20:59 GMT[\r][\n]"
02:20:59.660 [Test worker] DEBUG org.apache.http.wire - http-outgoing-181 << "Content-Length: 1195[\r][\n]"
02:20:59.661 [Test worker] DEBUG org.apache.http.wire - http-outgoing-181 << "[\r][\n]"
02:20:59.661 [Test worker] DEBUG org.apache.http.wire - http-outgoing-181 << "[{"Id":"sha256:4ca3a192ff2a5b7e225e81dc006b6379c10776ed3619757a65608cb72de0a7f6","ParentId":"","RepoTags":["ubuntu:latest"],"RepoDigests":["ubuntu@sha256:3b64c309deae7ab0f7dbdd42b6b326261ccd6261da5d88396439353162703fb5"],"Created":1480449877,"Size":128206574,"VirtualSize":128206574,"Labels":{}},{"Id":"sha256:aae2b63c49461fcae4962e4a8043f66acf8e3af7e62f5ebceb70b181d8ca01e0","ParentId":"","RepoTags":["ubuntu:14.04"],"RepoDigests":["ubuntu@sha256:edb984703bd3e8981ff541a5b9297ca1b81fde6e6e8094d86e390a38ebc30b4d"],"Created":1480449856,"Size":187952254,"VirtualSize":187952254,"Labels":{}},{"Id":"sha256:e02e811dd08fd49e7f6032625495118e63f597eb150403d02e3238af1df240ba","ParentId":"","RepoTags":["busybox:latest"],"RepoDigests":["busybox@sha256:29f5d56d12684887bdfa50dcd29fc31eea4aaf4ad3bec43daf19026a7ce69912"],"Created":1475874238,"Size":1093484,"VirtualSize":1093484,"Labels":{}},{"Id":"sha256:d654de4499473ed41349b54a988b6f46a7fc92e3fa2d61e102bf2660a0116e25","ParentId":"","RepoTags":["sakib37/iperf3:latest"],"RepoDigests":["sakib37/iperf3@sha256:8d80a810f8f508c074b14d02555f20110eac382c8dbda7252075392983629d40"],"Created":1474907599,"Size":199456654,"VirtualSize":199456654,"Labels":{}}][\n]"
02:20:59.661 [Test worker] DEBUG org.apache.http.headers - http-outgoing-181 << HTTP/1.1 200 OK
02:20:59.661 [Test worker] DEBUG org.apache.http.headers - http-outgoing-181 << Content-Type: application/json
02:20:59.661 [Test worker] DEBUG org.apache.http.headers - http-outgoing-181 << Server: Docker/1.12.3 (linux)
02:20:59.661 [Test worker] DEBUG org.apache.http.headers - http-outgoing-181 << Date: Tue, 03 Jan 2017 01:20:59 GMT
02:20:59.661 [Test worker] DEBUG org.apache.http.headers - http-outgoing-181 << Content-Length: 1195
02:20:59.661 [Test worker] DEBUG o.a.h.impl.execchain.MainClientExec - Connection can be kept alive indefinitely
02:20:59.661 [Test worker] DEBUG c.g.d.j.JerseyDockerCmdExecFactory - 22 * Client response received on thread Test worker
22 < 200
22 < Content-Length: 1195
22 < Content-Type: application/json
22 < Date: Tue, 03 Jan 2017 01:20:59 GMT
22 < Server: Docker/1.12.3 (linux)
[{"Id":"sha256:4ca3a192ff2a5b7e225e81dc006b6379c10776ed3619757a65608cb72de0a7f6","ParentId":"","RepoTags":["ubuntu:latest"],"RepoDigests":["ubuntu@sha256:3b64c309deae7ab0f7dbdd42b6b326261ccd6261da5d88396439353162703fb5"],"Created":1480449877,"Size":128206574,"VirtualSize":128206574,"Labels":{}},{"Id":"sha256:aae2b63c49461fcae4962e4a8043f66acf8e3af7e62f5ebceb70b181d8ca01e0","ParentId":"","RepoTags":["ubuntu:14.04"],"RepoDigests":["ubuntu@sha256:edb984703bd3e8981ff541a5b9297ca1b81fde6e6e8094d86e390a38ebc30b4d"],"Created":1480449856,"Size":187952254,"VirtualSize":187952254,"Labels":{}},{"Id":"sha256:e02e811dd08fd49e7f6032625495118e63f597eb150403d02e3238af1df240ba","ParentId":"","RepoTags":["busybox:latest"],"RepoDigests":["busybox@sha256:29f5d56d12684887bdfa50dcd29fc31eea4aaf4ad3bec43daf19026a7ce69912"],"Created":1475874238,"Size":1093484,"VirtualSize":1093484,"Labels":{}},{"Id":"sha256:d654de4499473ed41349b54a988b6f46a7fc92e3fa2d61e102bf2660a0116e25","ParentId":"","RepoTags":["sakib37/iperf3:latest"],"RepoDigests":["sakib37/iperf3@sha256:8d80a810f8f508c074b14d02555f20110eac382c8dbda7252075392983629d40"],"Created":1474907599,"Size":199456654,"VirtualSize":199456654,"Labels":{}}]


02:20:59.662 [Test worker] DEBUG o.a.h.i.c.DefaultManagedHttpClientConnection - http-outgoing-181: Close connection
02:20:59.662 [Test worker] DEBUG o.a.h.impl.execchain.MainClientExec - Connection discarded
02:20:59.662 [Test worker] DEBUG c.g.d.j.JerseyDockerCmdExecFactory$1 - Connection released: [id: 181][route: {s}->https://Thesis:2376][total kept alive: 1; route allocated: 1 of 2; total allocated: 1 of 20]
02:20:59.662 [Test worker] DEBUG org.openbaton.docker.DockerVim - Found a docker image, transformed into a NFV Image Image{id='sha256:aae2b63c49461fcae4962e4a8043f66acf8e3af7e62f5ebceb70b181d8ca01e0', name='ubuntu:14.04', version=0, extId='null', minRam='0', minDiskSpace='0', minCPU='null', public='true', diskFormat='null', containerFormat='docker', created='Sun Jan 18 04:14:09 CET 1970', updated='null'}
02:20:59.662 [Test worker] DEBUG c.g.d.core.command.AbstrDockerCmd - Cmd: ListImagesCmdImpl[imageNameFilter=<null>,showAll=true,filters=com.github.dockerjava.core.util.FiltersBuilder@0,execution=com.github.dockerjava.jaxrs.ListImagesCmdExec@74e1d431]
02:20:59.663 [Test worker] DEBUG c.g.d.j.JerseyDockerCmdExecFactory - 23 * Sending client request on thread Test worker
23 > GET https://Thesis:2376/images/json?all=true
23 > Accept: application/json

02:20:59.663 [Test worker] DEBUG o.a.h.c.protocol.RequestAddCookies - CookieSpec selected: default
02:20:59.663 [Test worker] DEBUG o.a.h.c.protocol.RequestAuthCache - Auth cache not set in the context
02:20:59.663 [Test worker] DEBUG c.g.d.j.JerseyDockerCmdExecFactory$1 - Connection request: [route: {s}->https://Thesis:2376][total kept alive: 1; route allocated: 1 of 2; total allocated: 1 of 20]
02:20:59.663 [Test worker] DEBUG c.g.d.j.JerseyDockerCmdExecFactory$1 - Connection leased: [id: 182][route: {s}->https://Thesis:2376][total kept alive: 1; route allocated: 2 of 2; total allocated: 2 of 20]
02:20:59.663 [Test worker] DEBUG o.a.h.impl.execchain.MainClientExec - Opening connection {s}->https://Thesis:2376
02:20:59.664 [Test worker] DEBUG o.a.h.i.c.DefaultHttpClientConnectionOperator - Connecting to Thesis/127.0.1.1:2376
02:20:59.664 [Test worker] DEBUG o.a.h.c.s.SSLConnectionSocketFactory - Connecting socket to Thesis/127.0.1.1:2376 with timeout 0
02:20:59.667 [Test worker] DEBUG o.a.h.c.s.SSLConnectionSocketFactory - Enabled protocols: [TLSv1]
02:20:59.672 [Test worker] DEBUG o.a.h.c.s.SSLConnectionSocketFactory - Enabled cipher suites:[TLS_ECDHE_ECDSA_WITH_AES_128_CBC_SHA, TLS_ECDHE_RSA_WITH_AES_128_CBC_SHA, TLS_RSA_WITH_AES_128_CBC_SHA, TLS_ECDH_ECDSA_WITH_AES_128_CBC_SHA, TLS_ECDH_RSA_WITH_AES_128_CBC_SHA, TLS_DHE_RSA_WITH_AES_128_CBC_SHA, TLS_DHE_DSS_WITH_AES_128_CBC_SHA, TLS_ECDHE_ECDSA_WITH_3DES_EDE_CBC_SHA, TLS_ECDHE_RSA_WITH_3DES_EDE_CBC_SHA, SSL_RSA_WITH_3DES_EDE_CBC_SHA, TLS_ECDH_ECDSA_WITH_3DES_EDE_CBC_SHA, TLS_ECDH_RSA_WITH_3DES_EDE_CBC_SHA, SSL_DHE_RSA_WITH_3DES_EDE_CBC_SHA, SSL_DHE_DSS_WITH_3DES_EDE_CBC_SHA, TLS_ECDHE_ECDSA_WITH_RC4_128_SHA, TLS_ECDHE_RSA_WITH_RC4_128_SHA, SSL_RSA_WITH_RC4_128_SHA, TLS_ECDH_ECDSA_WITH_RC4_128_SHA, TLS_ECDH_RSA_WITH_RC4_128_SHA, SSL_RSA_WITH_RC4_128_MD5, TLS_EMPTY_RENEGOTIATION_INFO_SCSV]
02:20:59.672 [Test worker] DEBUG o.a.h.c.s.SSLConnectionSocketFactory - Starting handshake
02:20:59.729 [Test worker] DEBUG o.a.h.c.s.SSLConnectionSocketFactory - Secure session established
02:20:59.730 [Test worker] DEBUG o.a.h.c.s.SSLConnectionSocketFactory -  negotiated protocol: TLSv1
02:20:59.730 [Test worker] DEBUG o.a.h.c.s.SSLConnectionSocketFactory -  negotiated cipher suite: TLS_ECDHE_RSA_WITH_AES_128_CBC_SHA
02:20:59.730 [Test worker] DEBUG o.a.h.c.s.SSLConnectionSocketFactory -  peer principal: CN=Thesis
02:20:59.730 [Test worker] DEBUG o.a.h.c.s.SSLConnectionSocketFactory -  issuer principal: EMAILADDRESS=sha@yamil.com, CN=Thesis, OU=Open, O=Fra, L=BER, ST=BER, C=DE
02:20:59.730 [Test worker] DEBUG o.a.h.i.c.DefaultHttpClientConnectionOperator - Connection established 127.0.0.1:41240<->127.0.1.1:2376
02:20:59.730 [Test worker] DEBUG o.a.h.impl.execchain.MainClientExec - Executing request GET /images/json?all=true HTTP/1.1
02:20:59.730 [Test worker] DEBUG o.a.h.impl.execchain.MainClientExec - Target auth state: UNCHALLENGED
02:20:59.730 [Test worker] DEBUG o.a.h.impl.execchain.MainClientExec - Proxy auth state: UNCHALLENGED
02:20:59.730 [Test worker] DEBUG org.apache.http.headers - http-outgoing-182 >> GET /images/json?all=true HTTP/1.1
02:20:59.730 [Test worker] DEBUG org.apache.http.headers - http-outgoing-182 >> Accept: application/json
02:20:59.730 [Test worker] DEBUG org.apache.http.headers - http-outgoing-182 >> User-Agent: Jersey/2.23.1 (Apache HttpClient 4.5.1)
02:20:59.730 [Test worker] DEBUG org.apache.http.headers - http-outgoing-182 >> Host: Thesis:2376
02:20:59.730 [Test worker] DEBUG org.apache.http.headers - http-outgoing-182 >> Connection: Keep-Alive
02:20:59.730 [Test worker] DEBUG org.apache.http.headers - http-outgoing-182 >> Accept-Encoding: gzip,deflate
02:20:59.730 [Test worker] DEBUG org.apache.http.wire - http-outgoing-182 >> "GET /images/json?all=true HTTP/1.1[\r][\n]"
02:20:59.731 [Test worker] DEBUG org.apache.http.wire - http-outgoing-182 >> "Accept: application/json[\r][\n]"
02:20:59.731 [Test worker] DEBUG org.apache.http.wire - http-outgoing-182 >> "User-Agent: Jersey/2.23.1 (Apache HttpClient 4.5.1)[\r][\n]"
02:20:59.731 [Test worker] DEBUG org.apache.http.wire - http-outgoing-182 >> "Host: Thesis:2376[\r][\n]"
02:20:59.731 [Test worker] DEBUG org.apache.http.wire - http-outgoing-182 >> "Connection: Keep-Alive[\r][\n]"
02:20:59.731 [Test worker] DEBUG org.apache.http.wire - http-outgoing-182 >> "Accept-Encoding: gzip,deflate[\r][\n]"
02:20:59.731 [Test worker] DEBUG org.apache.http.wire - http-outgoing-182 >> "[\r][\n]"
02:20:59.732 [Test worker] DEBUG org.apache.http.wire - http-outgoing-182 << "H"
02:20:59.732 [Test worker] DEBUG org.apache.http.wire - http-outgoing-182 << "TTP/1.1 200 OK[\r][\n]"
02:20:59.732 [Test worker] DEBUG org.apache.http.wire - http-outgoing-182 << "Content-Type: application/json[\r][\n]"
02:20:59.732 [Test worker] DEBUG org.apache.http.wire - http-outgoing-182 << "Server: Docker/1.12.3 (linux)[\r][\n]"
02:20:59.732 [Test worker] DEBUG org.apache.http.wire - http-outgoing-182 << "Date: Tue, 03 Jan 2017 01:20:59 GMT[\r][\n]"
02:20:59.732 [Test worker] DEBUG org.apache.http.wire - http-outgoing-182 << "Content-Length: 1195[\r][\n]"
02:20:59.732 [Test worker] DEBUG org.apache.http.wire - http-outgoing-182 << "[\r][\n]"
02:20:59.732 [Test worker] DEBUG org.apache.http.wire - http-outgoing-182 << "[{"Id":"sha256:4ca3a192ff2a5b7e225e81dc006b6379c10776ed3619757a65608cb72de0a7f6","ParentId":"","RepoTags":["ubuntu:latest"],"RepoDigests":["ubuntu@sha256:3b64c309deae7ab0f7dbdd42b6b326261ccd6261da5d88396439353162703fb5"],"Created":1480449877,"Size":128206574,"VirtualSize":128206574,"Labels":{}},{"Id":"sha256:aae2b63c49461fcae4962e4a8043f66acf8e3af7e62f5ebceb70b181d8ca01e0","ParentId":"","RepoTags":["ubuntu:14.04"],"RepoDigests":["ubuntu@sha256:edb984703bd3e8981ff541a5b9297ca1b81fde6e6e8094d86e390a38ebc30b4d"],"Created":1480449856,"Size":187952254,"VirtualSize":187952254,"Labels":{}},{"Id":"sha256:e02e811dd08fd49e7f6032625495118e63f597eb150403d02e3238af1df240ba","ParentId":"","RepoTags":["busybox:latest"],"RepoDigests":["busybox@sha256:29f5d56d12684887bdfa50dcd29fc31eea4aaf4ad3bec43daf19026a7ce69912"],"Created":1475874238,"Size":1093484,"VirtualSize":1093484,"Labels":{}},{"Id":"sha256:d654de4499473ed41349b54a988b6f46a7fc92e3fa2d61e102bf2660a0116e25","ParentId":"","RepoTags":["sakib37/iperf3:latest"],"RepoDigests":["sakib37/iperf3@sha256:8d80a810f8f508c074b14d02555f20110eac382c8dbda7252075392983629d40"],"Created":1474907599,"Size":199456654,"VirtualSize":199456654,"Labels":{}}][\n]"
02:20:59.732 [Test worker] DEBUG org.apache.http.headers - http-outgoing-182 << HTTP/1.1 200 OK
02:20:59.732 [Test worker] DEBUG org.apache.http.headers - http-outgoing-182 << Content-Type: application/json
02:20:59.732 [Test worker] DEBUG org.apache.http.headers - http-outgoing-182 << Server: Docker/1.12.3 (linux)
02:20:59.732 [Test worker] DEBUG org.apache.http.headers - http-outgoing-182 << Date: Tue, 03 Jan 2017 01:20:59 GMT
02:20:59.732 [Test worker] DEBUG org.apache.http.headers - http-outgoing-182 << Content-Length: 1195
02:20:59.732 [Test worker] DEBUG o.a.h.impl.execchain.MainClientExec - Connection can be kept alive indefinitely
02:20:59.733 [Test worker] DEBUG c.g.d.j.JerseyDockerCmdExecFactory - 24 * Client response received on thread Test worker
24 < 200
24 < Content-Length: 1195
24 < Content-Type: application/json
24 < Date: Tue, 03 Jan 2017 01:20:59 GMT
24 < Server: Docker/1.12.3 (linux)
[{"Id":"sha256:4ca3a192ff2a5b7e225e81dc006b6379c10776ed3619757a65608cb72de0a7f6","ParentId":"","RepoTags":["ubuntu:latest"],"RepoDigests":["ubuntu@sha256:3b64c309deae7ab0f7dbdd42b6b326261ccd6261da5d88396439353162703fb5"],"Created":1480449877,"Size":128206574,"VirtualSize":128206574,"Labels":{}},{"Id":"sha256:aae2b63c49461fcae4962e4a8043f66acf8e3af7e62f5ebceb70b181d8ca01e0","ParentId":"","RepoTags":["ubuntu:14.04"],"RepoDigests":["ubuntu@sha256:edb984703bd3e8981ff541a5b9297ca1b81fde6e6e8094d86e390a38ebc30b4d"],"Created":1480449856,"Size":187952254,"VirtualSize":187952254,"Labels":{}},{"Id":"sha256:e02e811dd08fd49e7f6032625495118e63f597eb150403d02e3238af1df240ba","ParentId":"","RepoTags":["busybox:latest"],"RepoDigests":["busybox@sha256:29f5d56d12684887bdfa50dcd29fc31eea4aaf4ad3bec43daf19026a7ce69912"],"Created":1475874238,"Size":1093484,"VirtualSize":1093484,"Labels":{}},{"Id":"sha256:d654de4499473ed41349b54a988b6f46a7fc92e3fa2d61e102bf2660a0116e25","ParentId":"","RepoTags":["sakib37/iperf3:latest"],"RepoDigests":["sakib37/iperf3@sha256:8d80a810f8f508c074b14d02555f20110eac382c8dbda7252075392983629d40"],"Created":1474907599,"Size":199456654,"VirtualSize":199456654,"Labels":{}}]


02:20:59.733 [Test worker] DEBUG o.a.h.i.c.DefaultManagedHttpClientConnection - http-outgoing-182: Close connection
02:20:59.734 [Test worker] DEBUG o.a.h.impl.execchain.MainClientExec - Connection discarded
02:20:59.734 [Test worker] DEBUG c.g.d.j.JerseyDockerCmdExecFactory$1 - Connection released: [id: 182][route: {s}->https://Thesis:2376][total kept alive: 1; route allocated: 1 of 2; total allocated: 1 of 20]
02:20:59.734 [Test worker] DEBUG c.g.d.core.command.AbstrDockerCmd - Cmd: com.github.dockerjava.core.command.CreateContainerCmdImpl@3301b608[name=MyContainer2,hostName=MyContainer2,domainName=<null>,user=<null>,attachStdin=<null>,attachStdout=<null>,attachStderr=<null>,portSpecs=<null>,tty=<null>,stdinOpen=<null>,stdInOnce=<null>,env={port=8080,TERM=xterm,TERM=xterm},cmd={sleep,99999},entrypoint=<null>,image=ubuntu:14.04,volumes=com.github.dockerjava.api.model.Volumes@3555e161,workingDir=<null>,macAddress=<null>,networkDisabled=<null>,exposedPorts=com.github.dockerjava.api.model.ExposedPorts@193fc2a2,stopSignal=<null>,hostConfig=com.github.dockerjava.api.model.HostConfig@290326a1[binds=<null>,blkioWeight=<null>,blkioWeightDevice=<null>,blkioDeviceReadBps=<null>,blkioDeviceReadIOps=<null>,blkioDeviceWriteBps=<null>,blkioDeviceWriteIOps=<null>,memorySwappiness=<null>,capAdd=<null>,capDrop=<null>,containerIDFile=<null>,cpuPeriod=<null>,cpuShares=<null>,cpuQuota=<null>,cpusetCpus=<null>,cpusetMems=<null>,devices=<null>,dns=<null>,dnsSearch=<null>,extraHosts=<null>,links=<null>,logConfig=<null>,lxcConf=<null>,memory=<null>,memorySwap=<null>,memoryReservation=<null>,kernelMemory=<null>,networkMode=<null>,oomKillDisable=<null>,oomScoreAdj=<null>,portBindings={8085/tcp=[Lcom.github.dockerjava.api.model.Ports$Binding;@52e14f48},privileged=<null>,publishAllPorts=<null>,readonlyRootfs=<null>,restartPolicy=<null>,ulimits=<null>,volumesFrom=<null>,pidMode=<null>,securityOpts=<null>,cgroupParent=<null>,volumeDriver=<null>,shmSize=<null>],labels=<null>,networkingConfig=<null>,ipv4Address=<null>,ipv6Address=<null>,aliases=<null>,execution=com.github.dockerjava.jaxrs.CreateContainerCmdExec@32b2e08c]
02:20:59.735 [Test worker] DEBUG o.a.h.c.protocol.RequestAddCookies - CookieSpec selected: default
02:20:59.735 [Test worker] DEBUG o.a.h.c.protocol.RequestAuthCache - Auth cache not set in the context
02:20:59.735 [Test worker] DEBUG c.g.d.j.JerseyDockerCmdExecFactory$1 - Connection request: [route: {s}->https://Thesis:2376][total kept alive: 1; route allocated: 1 of 2; total allocated: 1 of 20]
02:20:59.735 [Test worker] DEBUG c.g.d.j.JerseyDockerCmdExecFactory$1 - Connection leased: [id: 183][route: {s}->https://Thesis:2376][total kept alive: 1; route allocated: 2 of 2; total allocated: 2 of 20]
02:20:59.736 [Test worker] DEBUG o.a.h.impl.execchain.MainClientExec - Opening connection {s}->https://Thesis:2376
02:20:59.736 [Test worker] DEBUG o.a.h.i.c.DefaultHttpClientConnectionOperator - Connecting to Thesis/127.0.1.1:2376
02:20:59.737 [Test worker] DEBUG o.a.h.c.s.SSLConnectionSocketFactory - Connecting socket to Thesis/127.0.1.1:2376 with timeout 0
02:20:59.737 [Test worker] DEBUG o.a.h.c.s.SSLConnectionSocketFactory - Enabled protocols: [TLSv1]
02:20:59.737 [Test worker] DEBUG o.a.h.c.s.SSLConnectionSocketFactory - Enabled cipher suites:[TLS_ECDHE_ECDSA_WITH_AES_128_CBC_SHA, TLS_ECDHE_RSA_WITH_AES_128_CBC_SHA, TLS_RSA_WITH_AES_128_CBC_SHA, TLS_ECDH_ECDSA_WITH_AES_128_CBC_SHA, TLS_ECDH_RSA_WITH_AES_128_CBC_SHA, TLS_DHE_RSA_WITH_AES_128_CBC_SHA, TLS_DHE_DSS_WITH_AES_128_CBC_SHA, TLS_ECDHE_ECDSA_WITH_3DES_EDE_CBC_SHA, TLS_ECDHE_RSA_WITH_3DES_EDE_CBC_SHA, SSL_RSA_WITH_3DES_EDE_CBC_SHA, TLS_ECDH_ECDSA_WITH_3DES_EDE_CBC_SHA, TLS_ECDH_RSA_WITH_3DES_EDE_CBC_SHA, SSL_DHE_RSA_WITH_3DES_EDE_CBC_SHA, SSL_DHE_DSS_WITH_3DES_EDE_CBC_SHA, TLS_ECDHE_ECDSA_WITH_RC4_128_SHA, TLS_ECDHE_RSA_WITH_RC4_128_SHA, SSL_RSA_WITH_RC4_128_SHA, TLS_ECDH_ECDSA_WITH_RC4_128_SHA, TLS_ECDH_RSA_WITH_RC4_128_SHA, SSL_RSA_WITH_RC4_128_MD5, TLS_EMPTY_RENEGOTIATION_INFO_SCSV]
02:20:59.737 [Test worker] DEBUG o.a.h.c.s.SSLConnectionSocketFactory - Starting handshake
02:20:59.810 [Test worker] DEBUG o.a.h.c.s.SSLConnectionSocketFactory - Secure session established
02:20:59.810 [Test worker] DEBUG o.a.h.c.s.SSLConnectionSocketFactory -  negotiated protocol: TLSv1
02:20:59.810 [Test worker] DEBUG o.a.h.c.s.SSLConnectionSocketFactory -  negotiated cipher suite: TLS_ECDHE_RSA_WITH_AES_128_CBC_SHA
02:20:59.810 [Test worker] DEBUG o.a.h.c.s.SSLConnectionSocketFactory -  peer principal: CN=Thesis
02:20:59.810 [Test worker] DEBUG o.a.h.c.s.SSLConnectionSocketFactory -  issuer principal: EMAILADDRESS=sha@yamil.com, CN=Thesis, OU=Open, O=Fra, L=BER, ST=BER, C=DE
02:20:59.810 [Test worker] DEBUG o.a.h.i.c.DefaultHttpClientConnectionOperator - Connection established 127.0.0.1:41242<->127.0.1.1:2376
02:20:59.810 [Test worker] DEBUG o.a.h.impl.execchain.MainClientExec - Executing request POST /containers/create?name=MyContainer2 HTTP/1.1
02:20:59.810 [Test worker] DEBUG o.a.h.impl.execchain.MainClientExec - Target auth state: UNCHALLENGED
02:20:59.810 [Test worker] DEBUG o.a.h.impl.execchain.MainClientExec - Proxy auth state: UNCHALLENGED
02:20:59.811 [Test worker] DEBUG org.apache.http.headers - http-outgoing-183 >> POST /containers/create?name=MyContainer2 HTTP/1.1
02:20:59.811 [Test worker] DEBUG org.apache.http.headers - http-outgoing-183 >> Accept: application/json
02:20:59.811 [Test worker] DEBUG org.apache.http.headers - http-outgoing-183 >> Content-Type: application/json
02:20:59.811 [Test worker] DEBUG org.apache.http.headers - http-outgoing-183 >> User-Agent: Jersey/2.23.1 (Apache HttpClient 4.5.1)
02:20:59.811 [Test worker] DEBUG org.apache.http.headers - http-outgoing-183 >> Transfer-Encoding: chunked
02:20:59.811 [Test worker] DEBUG org.apache.http.headers - http-outgoing-183 >> Host: Thesis:2376
02:20:59.811 [Test worker] DEBUG org.apache.http.headers - http-outgoing-183 >> Connection: Keep-Alive
02:20:59.811 [Test worker] DEBUG org.apache.http.headers - http-outgoing-183 >> Accept-Encoding: gzip,deflate
02:20:59.811 [Test worker] DEBUG c.g.d.j.JerseyDockerCmdExecFactory - 25 * Sending client request on thread Test worker
25 > POST https://Thesis:2376/containers/create?name=MyContainer2
25 > Accept: application/json
25 > Content-Type: application/json
{"name":"MyContainer2","Hostname":"MyContainer2","Env":["port=8080","TERM=xterm","TERM=xterm"],"Cmd":["sleep","99999"],"Image":"ubuntu:14.04","Volumes":{},"ExposedPorts":{"8085/tcp":{}},"HostConfig":{"PortBindings":{"8085/tcp":[{"HostIp":"","HostPort":"8085"}]}}}

02:20:59.811 [Test worker] DEBUG org.apache.http.wire - http-outgoing-183 >> "POST /containers/create?name=MyContainer2 HTTP/1.1[\r][\n]"
02:20:59.812 [Test worker] DEBUG org.apache.http.wire - http-outgoing-183 >> "Accept: application/json[\r][\n]"
02:20:59.812 [Test worker] DEBUG org.apache.http.wire - http-outgoing-183 >> "Content-Type: application/json[\r][\n]"
02:20:59.812 [Test worker] DEBUG org.apache.http.wire - http-outgoing-183 >> "User-Agent: Jersey/2.23.1 (Apache HttpClient 4.5.1)[\r][\n]"
02:20:59.812 [Test worker] DEBUG org.apache.http.wire - http-outgoing-183 >> "Transfer-Encoding: chunked[\r][\n]"
02:20:59.812 [Test worker] DEBUG org.apache.http.wire - http-outgoing-183 >> "Host: Thesis:2376[\r][\n]"
02:20:59.812 [Test worker] DEBUG org.apache.http.wire - http-outgoing-183 >> "Connection: Keep-Alive[\r][\n]"
02:20:59.812 [Test worker] DEBUG org.apache.http.wire - http-outgoing-183 >> "Accept-Encoding: gzip,deflate[\r][\n]"
02:20:59.812 [Test worker] DEBUG org.apache.http.wire - http-outgoing-183 >> "[\r][\n]"
02:20:59.812 [Test worker] DEBUG org.apache.http.wire - http-outgoing-183 >> "107[\r][\n]"
02:20:59.812 [Test worker] DEBUG org.apache.http.wire - http-outgoing-183 >> "{"name":"MyContainer2","Hostname":"MyContainer2","Env":["port=8080","TERM=xterm","TERM=xterm"],"Cmd":["sleep","99999"],"Image":"ubuntu:14.04","Volumes":{},"ExposedPorts":{"8085/tcp":{}},"HostConfig":{"PortBindings":{"8085/tcp":[{"HostIp":"","HostPort":"8085"}]}}}[\r][\n]"
02:20:59.812 [Test worker] DEBUG org.apache.http.wire - http-outgoing-183 >> "0[\r][\n]"
02:20:59.812 [Test worker] DEBUG org.apache.http.wire - http-outgoing-183 >> "[\r][\n]"
02:20:59.836 [Test worker] DEBUG org.apache.http.wire - http-outgoing-183 << "H"
02:20:59.836 [Test worker] DEBUG org.apache.http.wire - http-outgoing-183 << "TTP/1.1 201 Created[\r][\n]"
02:20:59.836 [Test worker] DEBUG org.apache.http.wire - http-outgoing-183 << "Content-Type: application/json[\r][\n]"
02:20:59.836 [Test worker] DEBUG org.apache.http.wire - http-outgoing-183 << "Server: Docker/1.12.3 (linux)[\r][\n]"
02:20:59.836 [Test worker] DEBUG org.apache.http.wire - http-outgoing-183 << "Date: Tue, 03 Jan 2017 01:20:59 GMT[\r][\n]"
02:20:59.836 [Test worker] DEBUG org.apache.http.wire - http-outgoing-183 << "Content-Length: 90[\r][\n]"
02:20:59.836 [Test worker] DEBUG org.apache.http.wire - http-outgoing-183 << "[\r][\n]"
02:20:59.837 [Test worker] DEBUG org.apache.http.wire - http-outgoing-183 << "{"Id":"a32fb40ba95634131250082dd9e41e4283dd4fbe773bde1ca9b7c2e67e3e881a","Warnings":null}[\n]"
02:20:59.837 [Test worker] DEBUG org.apache.http.headers - http-outgoing-183 << HTTP/1.1 201 Created
02:20:59.837 [Test worker] DEBUG org.apache.http.headers - http-outgoing-183 << Content-Type: application/json
02:20:59.837 [Test worker] DEBUG org.apache.http.headers - http-outgoing-183 << Server: Docker/1.12.3 (linux)
02:20:59.837 [Test worker] DEBUG org.apache.http.headers - http-outgoing-183 << Date: Tue, 03 Jan 2017 01:20:59 GMT
02:20:59.837 [Test worker] DEBUG org.apache.http.headers - http-outgoing-183 << Content-Length: 90
02:20:59.837 [Test worker] DEBUG o.a.h.impl.execchain.MainClientExec - Connection can be kept alive indefinitely
02:20:59.837 [Test worker] DEBUG c.g.d.j.JerseyDockerCmdExecFactory - 26 * Client response received on thread Test worker
26 < 201
26 < Content-Length: 90
26 < Content-Type: application/json
26 < Date: Tue, 03 Jan 2017 01:20:59 GMT
26 < Server: Docker/1.12.3 (linux)
{"Id":"a32fb40ba95634131250082dd9e41e4283dd4fbe773bde1ca9b7c2e67e3e881a","Warnings":null}


02:20:59.838 [Test worker] DEBUG o.a.h.i.c.DefaultManagedHttpClientConnection - http-outgoing-183: Close connection
02:20:59.838 [Test worker] DEBUG o.a.h.impl.execchain.MainClientExec - Connection discarded
02:20:59.838 [Test worker] DEBUG c.g.d.j.JerseyDockerCmdExecFactory$1 - Connection released: [id: 183][route: {s}->https://Thesis:2376][total kept alive: 1; route allocated: 1 of 2; total allocated: 1 of 20]
02:20:59.838 [Test worker] DEBUG org.openbaton.docker.DockerVim - Instance created successfully
02:20:59.838 [Test worker] DEBUG c.g.d.core.command.AbstrDockerCmd - Cmd: a32fb40ba95634131250082dd9e41e4283dd4fbe773bde1ca9b7c2e67e3e881a,com.github.dockerjava.jaxrs.StartContainerCmdExec@6328d38b
02:20:59.839 [Test worker] DEBUG c.g.d.j.JerseyDockerCmdExecFactory - 27 * Sending client request on thread Test worker
27 > POST https://Thesis:2376/containers/a32fb40ba95634131250082dd9e41e4283dd4fbe773bde1ca9b7c2e67e3e881a/start
27 > Accept: application/json

02:20:59.839 [Test worker] DEBUG o.a.h.c.protocol.RequestAddCookies - CookieSpec selected: default
02:20:59.840 [Test worker] DEBUG o.a.h.c.protocol.RequestAuthCache - Auth cache not set in the context
02:20:59.840 [Test worker] DEBUG c.g.d.j.JerseyDockerCmdExecFactory$1 - Connection request: [route: {s}->https://Thesis:2376][total kept alive: 1; route allocated: 1 of 2; total allocated: 1 of 20]
02:20:59.840 [Test worker] DEBUG c.g.d.j.JerseyDockerCmdExecFactory$1 - Connection leased: [id: 184][route: {s}->https://Thesis:2376][total kept alive: 1; route allocated: 2 of 2; total allocated: 2 of 20]
02:20:59.840 [Test worker] DEBUG o.a.h.impl.execchain.MainClientExec - Opening connection {s}->https://Thesis:2376
02:20:59.840 [Test worker] DEBUG o.a.h.i.c.DefaultHttpClientConnectionOperator - Connecting to Thesis/127.0.1.1:2376
02:20:59.840 [Test worker] DEBUG o.a.h.c.s.SSLConnectionSocketFactory - Connecting socket to Thesis/127.0.1.1:2376 with timeout 0
02:20:59.841 [Test worker] DEBUG o.a.h.c.s.SSLConnectionSocketFactory - Enabled protocols: [TLSv1]
02:20:59.841 [Test worker] DEBUG o.a.h.c.s.SSLConnectionSocketFactory - Enabled cipher suites:[TLS_ECDHE_ECDSA_WITH_AES_128_CBC_SHA, TLS_ECDHE_RSA_WITH_AES_128_CBC_SHA, TLS_RSA_WITH_AES_128_CBC_SHA, TLS_ECDH_ECDSA_WITH_AES_128_CBC_SHA, TLS_ECDH_RSA_WITH_AES_128_CBC_SHA, TLS_DHE_RSA_WITH_AES_128_CBC_SHA, TLS_DHE_DSS_WITH_AES_128_CBC_SHA, TLS_ECDHE_ECDSA_WITH_3DES_EDE_CBC_SHA, TLS_ECDHE_RSA_WITH_3DES_EDE_CBC_SHA, SSL_RSA_WITH_3DES_EDE_CBC_SHA, TLS_ECDH_ECDSA_WITH_3DES_EDE_CBC_SHA, TLS_ECDH_RSA_WITH_3DES_EDE_CBC_SHA, SSL_DHE_RSA_WITH_3DES_EDE_CBC_SHA, SSL_DHE_DSS_WITH_3DES_EDE_CBC_SHA, TLS_ECDHE_ECDSA_WITH_RC4_128_SHA, TLS_ECDHE_RSA_WITH_RC4_128_SHA, SSL_RSA_WITH_RC4_128_SHA, TLS_ECDH_ECDSA_WITH_RC4_128_SHA, TLS_ECDH_RSA_WITH_RC4_128_SHA, SSL_RSA_WITH_RC4_128_MD5, TLS_EMPTY_RENEGOTIATION_INFO_SCSV]
02:20:59.841 [Test worker] DEBUG o.a.h.c.s.SSLConnectionSocketFactory - Starting handshake
02:20:59.901 [Test worker] DEBUG o.a.h.c.s.SSLConnectionSocketFactory - Secure session established
02:20:59.901 [Test worker] DEBUG o.a.h.c.s.SSLConnectionSocketFactory -  negotiated protocol: TLSv1
02:20:59.901 [Test worker] DEBUG o.a.h.c.s.SSLConnectionSocketFactory -  negotiated cipher suite: TLS_ECDHE_RSA_WITH_AES_128_CBC_SHA
02:20:59.901 [Test worker] DEBUG o.a.h.c.s.SSLConnectionSocketFactory -  peer principal: CN=Thesis
02:20:59.901 [Test worker] DEBUG o.a.h.c.s.SSLConnectionSocketFactory -  issuer principal: EMAILADDRESS=sha@yamil.com, CN=Thesis, OU=Open, O=Fra, L=BER, ST=BER, C=DE
02:20:59.901 [Test worker] DEBUG o.a.h.i.c.DefaultHttpClientConnectionOperator - Connection established 127.0.0.1:41244<->127.0.1.1:2376
02:20:59.901 [Test worker] DEBUG o.a.h.impl.execchain.MainClientExec - Executing request POST /containers/a32fb40ba95634131250082dd9e41e4283dd4fbe773bde1ca9b7c2e67e3e881a/start HTTP/1.1
02:20:59.901 [Test worker] DEBUG o.a.h.impl.execchain.MainClientExec - Target auth state: UNCHALLENGED
02:20:59.901 [Test worker] DEBUG o.a.h.impl.execchain.MainClientExec - Proxy auth state: UNCHALLENGED
02:20:59.901 [Test worker] DEBUG org.apache.http.headers - http-outgoing-184 >> POST /containers/a32fb40ba95634131250082dd9e41e4283dd4fbe773bde1ca9b7c2e67e3e881a/start HTTP/1.1
02:20:59.902 [Test worker] DEBUG org.apache.http.headers - http-outgoing-184 >> Accept: application/json
02:20:59.902 [Test worker] DEBUG org.apache.http.headers - http-outgoing-184 >> User-Agent: Jersey/2.23.1 (Apache HttpClient 4.5.1)
02:20:59.902 [Test worker] DEBUG org.apache.http.headers - http-outgoing-184 >> Host: Thesis:2376
02:20:59.902 [Test worker] DEBUG org.apache.http.headers - http-outgoing-184 >> Connection: Keep-Alive
02:20:59.902 [Test worker] DEBUG org.apache.http.headers - http-outgoing-184 >> Accept-Encoding: gzip,deflate
02:20:59.902 [Test worker] DEBUG org.apache.http.wire - http-outgoing-184 >> "POST /containers/a32fb40ba95634131250082dd9e41e4283dd4fbe773bde1ca9b7c2e67e3e881a/start HTTP/1.1[\r][\n]"
02:20:59.902 [Test worker] DEBUG org.apache.http.wire - http-outgoing-184 >> "Accept: application/json[\r][\n]"
02:20:59.902 [Test worker] DEBUG org.apache.http.wire - http-outgoing-184 >> "User-Agent: Jersey/2.23.1 (Apache HttpClient 4.5.1)[\r][\n]"
02:20:59.902 [Test worker] DEBUG org.apache.http.wire - http-outgoing-184 >> "Host: Thesis:2376[\r][\n]"
02:20:59.902 [Test worker] DEBUG org.apache.http.wire - http-outgoing-184 >> "Connection: Keep-Alive[\r][\n]"
02:20:59.902 [Test worker] DEBUG org.apache.http.wire - http-outgoing-184 >> "Accept-Encoding: gzip,deflate[\r][\n]"
02:20:59.902 [Test worker] DEBUG org.apache.http.wire - http-outgoing-184 >> "[\r][\n]"
02:21:00.057 [Test worker] DEBUG org.apache.http.wire - http-outgoing-184 << "H"
02:21:00.057 [Test worker] DEBUG org.apache.http.wire - http-outgoing-184 << "TTP/1.1 204 No Content[\r][\n]"
02:21:00.057 [Test worker] DEBUG org.apache.http.wire - http-outgoing-184 << "Server: Docker/1.12.3 (linux)[\r][\n]"
02:21:00.057 [Test worker] DEBUG org.apache.http.wire - http-outgoing-184 << "Date: Tue, 03 Jan 2017 01:21:00 GMT[\r][\n]"
02:21:00.057 [Test worker] DEBUG org.apache.http.wire - http-outgoing-184 << "[\r][\n]"
02:21:00.057 [Test worker] DEBUG org.apache.http.headers - http-outgoing-184 << HTTP/1.1 204 No Content
02:21:00.057 [Test worker] DEBUG org.apache.http.headers - http-outgoing-184 << Server: Docker/1.12.3 (linux)
02:21:00.057 [Test worker] DEBUG org.apache.http.headers - http-outgoing-184 << Date: Tue, 03 Jan 2017 01:21:00 GMT
02:21:00.057 [Test worker] DEBUG o.a.h.impl.execchain.MainClientExec - Connection can be kept alive indefinitely
02:21:00.057 [Test worker] DEBUG c.g.d.j.JerseyDockerCmdExecFactory$1 - Connection [id: 184][route: {s}->https://Thesis:2376][state: CN=Thesis] can be kept alive indefinitely
02:21:00.057 [Test worker] DEBUG c.g.d.j.JerseyDockerCmdExecFactory$1 - Connection released: [id: 184][route: {s}->https://Thesis:2376][state: CN=Thesis][total kept alive: 2; route allocated: 2 of 2; total allocated: 2 of 20]
02:21:00.057 [Test worker] DEBUG c.g.d.j.JerseyDockerCmdExecFactory - 28 * Client response received on thread Test worker
28 < 204
28 < Date: Tue, 03 Jan 2017 01:21:00 GMT
28 < Server: Docker/1.12.3 (linux)

02:21:00.057 [Test worker] DEBUG c.g.d.core.command.AbstrDockerCmd - Cmd: ListImagesCmdImpl[imageNameFilter=<null>,showAll=true,filters=com.github.dockerjava.core.util.FiltersBuilder@0,execution=com.github.dockerjava.jaxrs.ListImagesCmdExec@1f069dc1]
02:21:00.058 [Test worker] DEBUG c.g.d.j.JerseyDockerCmdExecFactory - 29 * Sending client request on thread Test worker
29 > GET https://Thesis:2376/images/json?all=true
29 > Accept: application/json

02:21:00.058 [Test worker] DEBUG o.a.h.c.protocol.RequestAddCookies - CookieSpec selected: default
02:21:00.058 [Test worker] DEBUG o.a.h.c.protocol.RequestAuthCache - Auth cache not set in the context
02:21:00.058 [Test worker] DEBUG c.g.d.j.JerseyDockerCmdExecFactory$1 - Connection request: [route: {s}->https://Thesis:2376][total kept alive: 2; route allocated: 2 of 2; total allocated: 2 of 20]
02:21:00.058 [Test worker] DEBUG o.a.h.i.c.DefaultManagedHttpClientConnection - http-outgoing-180: Close connection
02:21:00.059 [Test worker] DEBUG c.g.d.j.JerseyDockerCmdExecFactory$1 - Connection leased: [id: 185][route: {s}->https://Thesis:2376][total kept alive: 1; route allocated: 2 of 2; total allocated: 2 of 20]
02:21:00.059 [Test worker] DEBUG o.a.h.impl.execchain.MainClientExec - Opening connection {s}->https://Thesis:2376
02:21:00.059 [Test worker] DEBUG o.a.h.i.c.DefaultHttpClientConnectionOperator - Connecting to Thesis/127.0.1.1:2376
02:21:00.059 [Test worker] DEBUG o.a.h.c.s.SSLConnectionSocketFactory - Connecting socket to Thesis/127.0.1.1:2376 with timeout 0
02:21:00.068 [Test worker] DEBUG o.a.h.c.s.SSLConnectionSocketFactory - Enabled protocols: [TLSv1]
02:21:00.068 [Test worker] DEBUG o.a.h.c.s.SSLConnectionSocketFactory - Enabled cipher suites:[TLS_ECDHE_ECDSA_WITH_AES_128_CBC_SHA, TLS_ECDHE_RSA_WITH_AES_128_CBC_SHA, TLS_RSA_WITH_AES_128_CBC_SHA, TLS_ECDH_ECDSA_WITH_AES_128_CBC_SHA, TLS_ECDH_RSA_WITH_AES_128_CBC_SHA, TLS_DHE_RSA_WITH_AES_128_CBC_SHA, TLS_DHE_DSS_WITH_AES_128_CBC_SHA, TLS_ECDHE_ECDSA_WITH_3DES_EDE_CBC_SHA, TLS_ECDHE_RSA_WITH_3DES_EDE_CBC_SHA, SSL_RSA_WITH_3DES_EDE_CBC_SHA, TLS_ECDH_ECDSA_WITH_3DES_EDE_CBC_SHA, TLS_ECDH_RSA_WITH_3DES_EDE_CBC_SHA, SSL_DHE_RSA_WITH_3DES_EDE_CBC_SHA, SSL_DHE_DSS_WITH_3DES_EDE_CBC_SHA, TLS_ECDHE_ECDSA_WITH_RC4_128_SHA, TLS_ECDHE_RSA_WITH_RC4_128_SHA, SSL_RSA_WITH_RC4_128_SHA, TLS_ECDH_ECDSA_WITH_RC4_128_SHA, TLS_ECDH_RSA_WITH_RC4_128_SHA, SSL_RSA_WITH_RC4_128_MD5, TLS_EMPTY_RENEGOTIATION_INFO_SCSV]
02:21:00.068 [Test worker] DEBUG o.a.h.c.s.SSLConnectionSocketFactory - Starting handshake
02:21:00.167 [Test worker] DEBUG o.a.h.c.s.SSLConnectionSocketFactory - Secure session established
02:21:00.167 [Test worker] DEBUG o.a.h.c.s.SSLConnectionSocketFactory -  negotiated protocol: TLSv1
02:21:00.167 [Test worker] DEBUG o.a.h.c.s.SSLConnectionSocketFactory -  negotiated cipher suite: TLS_ECDHE_RSA_WITH_AES_128_CBC_SHA
02:21:00.167 [Test worker] DEBUG o.a.h.c.s.SSLConnectionSocketFactory -  peer principal: CN=Thesis
02:21:00.168 [Test worker] DEBUG o.a.h.c.s.SSLConnectionSocketFactory -  issuer principal: EMAILADDRESS=sha@yamil.com, CN=Thesis, OU=Open, O=Fra, L=BER, ST=BER, C=DE
02:21:00.168 [Test worker] DEBUG o.a.h.i.c.DefaultHttpClientConnectionOperator - Connection established 127.0.0.1:41246<->127.0.1.1:2376
02:21:00.168 [Test worker] DEBUG o.a.h.impl.execchain.MainClientExec - Executing request GET /images/json?all=true HTTP/1.1
02:21:00.168 [Test worker] DEBUG o.a.h.impl.execchain.MainClientExec - Target auth state: UNCHALLENGED
02:21:00.168 [Test worker] DEBUG o.a.h.impl.execchain.MainClientExec - Proxy auth state: UNCHALLENGED
02:21:00.168 [Test worker] DEBUG org.apache.http.headers - http-outgoing-185 >> GET /images/json?all=true HTTP/1.1
02:21:00.168 [Test worker] DEBUG org.apache.http.headers - http-outgoing-185 >> Accept: application/json
02:21:00.168 [Test worker] DEBUG org.apache.http.headers - http-outgoing-185 >> User-Agent: Jersey/2.23.1 (Apache HttpClient 4.5.1)
02:21:00.168 [Test worker] DEBUG org.apache.http.headers - http-outgoing-185 >> Host: Thesis:2376
02:21:00.168 [Test worker] DEBUG org.apache.http.headers - http-outgoing-185 >> Connection: Keep-Alive
02:21:00.168 [Test worker] DEBUG org.apache.http.headers - http-outgoing-185 >> Accept-Encoding: gzip,deflate
02:21:00.168 [Test worker] DEBUG org.apache.http.wire - http-outgoing-185 >> "GET /images/json?all=true HTTP/1.1[\r][\n]"
02:21:00.168 [Test worker] DEBUG org.apache.http.wire - http-outgoing-185 >> "Accept: application/json[\r][\n]"
02:21:00.168 [Test worker] DEBUG org.apache.http.wire - http-outgoing-185 >> "User-Agent: Jersey/2.23.1 (Apache HttpClient 4.5.1)[\r][\n]"
02:21:00.169 [Test worker] DEBUG org.apache.http.wire - http-outgoing-185 >> "Host: Thesis:2376[\r][\n]"
02:21:00.169 [Test worker] DEBUG org.apache.http.wire - http-outgoing-185 >> "Connection: Keep-Alive[\r][\n]"
02:21:00.169 [Test worker] DEBUG org.apache.http.wire - http-outgoing-185 >> "Accept-Encoding: gzip,deflate[\r][\n]"
02:21:00.169 [Test worker] DEBUG org.apache.http.wire - http-outgoing-185 >> "[\r][\n]"
02:21:00.170 [Test worker] DEBUG org.apache.http.wire - http-outgoing-185 << "H"
02:21:00.170 [Test worker] DEBUG org.apache.http.wire - http-outgoing-185 << "TTP/1.1 200 OK[\r][\n]"
02:21:00.170 [Test worker] DEBUG org.apache.http.wire - http-outgoing-185 << "Content-Type: application/json[\r][\n]"
02:21:00.170 [Test worker] DEBUG org.apache.http.wire - http-outgoing-185 << "Server: Docker/1.12.3 (linux)[\r][\n]"
02:21:00.170 [Test worker] DEBUG org.apache.http.wire - http-outgoing-185 << "Date: Tue, 03 Jan 2017 01:21:00 GMT[\r][\n]"
02:21:00.170 [Test worker] DEBUG org.apache.http.wire - http-outgoing-185 << "Content-Length: 1195[\r][\n]"
02:21:00.170 [Test worker] DEBUG org.apache.http.wire - http-outgoing-185 << "[\r][\n]"
02:21:00.170 [Test worker] DEBUG org.apache.http.wire - http-outgoing-185 << "[{"Id":"sha256:4ca3a192ff2a5b7e225e81dc006b6379c10776ed3619757a65608cb72de0a7f6","ParentId":"","RepoTags":["ubuntu:latest"],"RepoDigests":["ubuntu@sha256:3b64c309deae7ab0f7dbdd42b6b326261ccd6261da5d88396439353162703fb5"],"Created":1480449877,"Size":128206574,"VirtualSize":128206574,"Labels":{}},{"Id":"sha256:aae2b63c49461fcae4962e4a8043f66acf8e3af7e62f5ebceb70b181d8ca01e0","ParentId":"","RepoTags":["ubuntu:14.04"],"RepoDigests":["ubuntu@sha256:edb984703bd3e8981ff541a5b9297ca1b81fde6e6e8094d86e390a38ebc30b4d"],"Created":1480449856,"Size":187952254,"VirtualSize":187952254,"Labels":{}},{"Id":"sha256:e02e811dd08fd49e7f6032625495118e63f597eb150403d02e3238af1df240ba","ParentId":"","RepoTags":["busybox:latest"],"RepoDigests":["busybox@sha256:29f5d56d12684887bdfa50dcd29fc31eea4aaf4ad3bec43daf19026a7ce69912"],"Created":1475874238,"Size":1093484,"VirtualSize":1093484,"Labels":{}},{"Id":"sha256:d654de4499473ed41349b54a988b6f46a7fc92e3fa2d61e102bf2660a0116e25","ParentId":"","RepoTags":["sakib37/iperf3:latest"],"RepoDigests":["sakib37/iperf3@sha256:8d80a810f8f508c074b14d02555f20110eac382c8dbda7252075392983629d40"],"Created":1474907599,"Size":199456654,"VirtualSize":199456654,"Labels":{}}][\n]"
02:21:00.170 [Test worker] DEBUG org.apache.http.headers - http-outgoing-185 << HTTP/1.1 200 OK
02:21:00.170 [Test worker] DEBUG org.apache.http.headers - http-outgoing-185 << Content-Type: application/json
02:21:00.170 [Test worker] DEBUG org.apache.http.headers - http-outgoing-185 << Server: Docker/1.12.3 (linux)
02:21:00.170 [Test worker] DEBUG org.apache.http.headers - http-outgoing-185 << Date: Tue, 03 Jan 2017 01:21:00 GMT
02:21:00.171 [Test worker] DEBUG org.apache.http.headers - http-outgoing-185 << Content-Length: 1195
02:21:00.171 [Test worker] DEBUG o.a.h.impl.execchain.MainClientExec - Connection can be kept alive indefinitely
02:21:00.171 [Test worker] DEBUG c.g.d.j.JerseyDockerCmdExecFactory - 30 * Client response received on thread Test worker
30 < 200
30 < Content-Length: 1195
30 < Content-Type: application/json
30 < Date: Tue, 03 Jan 2017 01:21:00 GMT
30 < Server: Docker/1.12.3 (linux)
[{"Id":"sha256:4ca3a192ff2a5b7e225e81dc006b6379c10776ed3619757a65608cb72de0a7f6","ParentId":"","RepoTags":["ubuntu:latest"],"RepoDigests":["ubuntu@sha256:3b64c309deae7ab0f7dbdd42b6b326261ccd6261da5d88396439353162703fb5"],"Created":1480449877,"Size":128206574,"VirtualSize":128206574,"Labels":{}},{"Id":"sha256:aae2b63c49461fcae4962e4a8043f66acf8e3af7e62f5ebceb70b181d8ca01e0","ParentId":"","RepoTags":["ubuntu:14.04"],"RepoDigests":["ubuntu@sha256:edb984703bd3e8981ff541a5b9297ca1b81fde6e6e8094d86e390a38ebc30b4d"],"Created":1480449856,"Size":187952254,"VirtualSize":187952254,"Labels":{}},{"Id":"sha256:e02e811dd08fd49e7f6032625495118e63f597eb150403d02e3238af1df240ba","ParentId":"","RepoTags":["busybox:latest"],"RepoDigests":["busybox@sha256:29f5d56d12684887bdfa50dcd29fc31eea4aaf4ad3bec43daf19026a7ce69912"],"Created":1475874238,"Size":1093484,"VirtualSize":1093484,"Labels":{}},{"Id":"sha256:d654de4499473ed41349b54a988b6f46a7fc92e3fa2d61e102bf2660a0116e25","ParentId":"","RepoTags":["sakib37/iperf3:latest"],"RepoDigests":["sakib37/iperf3@sha256:8d80a810f8f508c074b14d02555f20110eac382c8dbda7252075392983629d40"],"Created":1474907599,"Size":199456654,"VirtualSize":199456654,"Labels":{}}]


02:21:00.172 [Test worker] DEBUG o.a.h.i.c.DefaultManagedHttpClientConnection - http-outgoing-185: Close connection
02:21:00.172 [Test worker] DEBUG o.a.h.impl.execchain.MainClientExec - Connection discarded
02:21:00.172 [Test worker] DEBUG c.g.d.j.JerseyDockerCmdExecFactory$1 - Connection released: [id: 185][route: {s}->https://Thesis:2376][total kept alive: 1; route allocated: 1 of 2; total allocated: 1 of 20]
02:21:00.172 [Test worker] DEBUG org.openbaton.docker.DockerVim - Found a docker image, transformed into a NFV Image Image{id='sha256:aae2b63c49461fcae4962e4a8043f66acf8e3af7e62f5ebceb70b181d8ca01e0', name='ubuntu:14.04', version=0, extId='null', minRam='0', minDiskSpace='0', minCPU='null', public='true', diskFormat='null', containerFormat='docker', created='Sun Jan 18 04:14:09 CET 1970', updated='null'}
02:21:00.172 [Test worker] DEBUG c.g.d.core.command.AbstrDockerCmd - Cmd: d0f5a2c45f1004132aedb75deade58cef1642e7e80860d95a5cbeab448afd10c,ad5b709694693d24090bdb900829fb6f9ba891595a88a63b095451a7ffd34068,com.github.dockerjava.api.model.ContainerNetwork@2862fdc2[ipamConfig=com.github.dockerjava.api.model.ContainerNetwork$Ipam@7b01e044,links=<null>,aliases=<null>,networkID=<null>,endpointId=<null>,gateway=<null>,ipAddress=<null>,ipPrefixLen=<null>,ipV6Gateway=<null>,globalIPv6Address=<null>,globalIPv6PrefixLen=<null>,macAddress=<null>],com.github.dockerjava.jaxrs.ConnectToNetworkCmdExec@382acf73
02:21:00.173 [Test worker] DEBUG o.a.h.c.protocol.RequestAddCookies - CookieSpec selected: default
02:21:00.173 [Test worker] DEBUG o.a.h.c.protocol.RequestAuthCache - Auth cache not set in the context
02:21:00.173 [Test worker] DEBUG c.g.d.j.JerseyDockerCmdExecFactory$1 - Connection request: [route: {s}->https://Thesis:2376][total kept alive: 1; route allocated: 1 of 2; total allocated: 1 of 20]
02:21:00.173 [Test worker] DEBUG c.g.d.j.JerseyDockerCmdExecFactory$1 - Connection leased: [id: 186][route: {s}->https://Thesis:2376][total kept alive: 1; route allocated: 2 of 2; total allocated: 2 of 20]
02:21:00.173 [Test worker] DEBUG o.a.h.impl.execchain.MainClientExec - Opening connection {s}->https://Thesis:2376
02:21:00.173 [Test worker] DEBUG o.a.h.i.c.DefaultHttpClientConnectionOperator - Connecting to Thesis/127.0.1.1:2376
02:21:00.173 [Test worker] DEBUG o.a.h.c.s.SSLConnectionSocketFactory - Connecting socket to Thesis/127.0.1.1:2376 with timeout 0
02:21:00.174 [Test worker] DEBUG o.a.h.c.s.SSLConnectionSocketFactory - Enabled protocols: [TLSv1]
02:21:00.174 [Test worker] DEBUG o.a.h.c.s.SSLConnectionSocketFactory - Enabled cipher suites:[TLS_ECDHE_ECDSA_WITH_AES_128_CBC_SHA, TLS_ECDHE_RSA_WITH_AES_128_CBC_SHA, TLS_RSA_WITH_AES_128_CBC_SHA, TLS_ECDH_ECDSA_WITH_AES_128_CBC_SHA, TLS_ECDH_RSA_WITH_AES_128_CBC_SHA, TLS_DHE_RSA_WITH_AES_128_CBC_SHA, TLS_DHE_DSS_WITH_AES_128_CBC_SHA, TLS_ECDHE_ECDSA_WITH_3DES_EDE_CBC_SHA, TLS_ECDHE_RSA_WITH_3DES_EDE_CBC_SHA, SSL_RSA_WITH_3DES_EDE_CBC_SHA, TLS_ECDH_ECDSA_WITH_3DES_EDE_CBC_SHA, TLS_ECDH_RSA_WITH_3DES_EDE_CBC_SHA, SSL_DHE_RSA_WITH_3DES_EDE_CBC_SHA, SSL_DHE_DSS_WITH_3DES_EDE_CBC_SHA, TLS_ECDHE_ECDSA_WITH_RC4_128_SHA, TLS_ECDHE_RSA_WITH_RC4_128_SHA, SSL_RSA_WITH_RC4_128_SHA, TLS_ECDH_ECDSA_WITH_RC4_128_SHA, TLS_ECDH_RSA_WITH_RC4_128_SHA, SSL_RSA_WITH_RC4_128_MD5, TLS_EMPTY_RENEGOTIATION_INFO_SCSV]
02:21:00.174 [Test worker] DEBUG o.a.h.c.s.SSLConnectionSocketFactory - Starting handshake
02:21:00.231 [Test worker] DEBUG o.a.h.c.s.SSLConnectionSocketFactory - Secure session established
02:21:00.231 [Test worker] DEBUG o.a.h.c.s.SSLConnectionSocketFactory -  negotiated protocol: TLSv1
02:21:00.232 [Test worker] DEBUG o.a.h.c.s.SSLConnectionSocketFactory -  negotiated cipher suite: TLS_ECDHE_RSA_WITH_AES_128_CBC_SHA
02:21:00.232 [Test worker] DEBUG o.a.h.c.s.SSLConnectionSocketFactory -  peer principal: CN=Thesis
02:21:00.232 [Test worker] DEBUG o.a.h.c.s.SSLConnectionSocketFactory -  issuer principal: EMAILADDRESS=sha@yamil.com, CN=Thesis, OU=Open, O=Fra, L=BER, ST=BER, C=DE
02:21:00.232 [Test worker] DEBUG o.a.h.i.c.DefaultHttpClientConnectionOperator - Connection established 127.0.0.1:41248<->127.0.1.1:2376
02:21:00.232 [Test worker] DEBUG o.a.h.impl.execchain.MainClientExec - Executing request POST /networks/d0f5a2c45f1004132aedb75deade58cef1642e7e80860d95a5cbeab448afd10c/connect HTTP/1.1
02:21:00.232 [Test worker] DEBUG o.a.h.impl.execchain.MainClientExec - Target auth state: UNCHALLENGED
02:21:00.232 [Test worker] DEBUG o.a.h.impl.execchain.MainClientExec - Proxy auth state: UNCHALLENGED
02:21:00.232 [Test worker] DEBUG org.apache.http.headers - http-outgoing-186 >> POST /networks/d0f5a2c45f1004132aedb75deade58cef1642e7e80860d95a5cbeab448afd10c/connect HTTP/1.1
02:21:00.232 [Test worker] DEBUG org.apache.http.headers - http-outgoing-186 >> Content-Type: application/json
02:21:00.232 [Test worker] DEBUG org.apache.http.headers - http-outgoing-186 >> User-Agent: Jersey/2.23.1 (Apache HttpClient 4.5.1)
02:21:00.232 [Test worker] DEBUG org.apache.http.headers - http-outgoing-186 >> Transfer-Encoding: chunked
02:21:00.232 [Test worker] DEBUG org.apache.http.headers - http-outgoing-186 >> Host: Thesis:2376
02:21:00.232 [Test worker] DEBUG org.apache.http.headers - http-outgoing-186 >> Connection: Keep-Alive
02:21:00.232 [Test worker] DEBUG org.apache.http.headers - http-outgoing-186 >> Accept-Encoding: gzip,deflate
02:21:00.238 [Test worker] DEBUG c.g.d.j.JerseyDockerCmdExecFactory - 31 * Sending client request on thread Test worker
31 > POST https://Thesis:2376/networks/d0f5a2c45f1004132aedb75deade58cef1642e7e80860d95a5cbeab448afd10c/connect
31 > Content-Type: application/json
{"containerConfig":{"IPAMConfig":{"IPv4Address":null,"IPv6Address":null},"Links":null,"Aliases":null,"NetworkID":null,"EndpointID":null,"Gateway":null,"IPAddress":null,"IPPrefixLen":null,"IPv6Gateway":null,"GlobalIPv6Address":null,"GlobalIPv6PrefixLen":null,"MacAddress":null},"Container":"ad5b709694693d24090bdb900829fb6f9ba891595a88a63b095451a7ffd34068","EndpointConfig":{"IPAMConfig":{"IPv4Address":null,"IPv6Address":null},"Links":null,"Aliases":null,"NetworkID":null,"EndpointID":null,"Gateway":null,"IPAddress":null,"IPPrefixLen":null,"IPv6Gateway":null,"GlobalIPv6Address":null,"GlobalIPv6PrefixLen":null,"MacAddress":null}}

02:21:00.238 [Test worker] DEBUG org.apache.http.wire - http-outgoing-186 >> "POST /networks/d0f5a2c45f1004132aedb75deade58cef1642e7e80860d95a5cbeab448afd10c/connect HTTP/1.1[\r][\n]"
02:21:00.238 [Test worker] DEBUG org.apache.http.wire - http-outgoing-186 >> "Content-Type: application/json[\r][\n]"
02:21:00.238 [Test worker] DEBUG org.apache.http.wire - http-outgoing-186 >> "User-Agent: Jersey/2.23.1 (Apache HttpClient 4.5.1)[\r][\n]"
02:21:00.238 [Test worker] DEBUG org.apache.http.wire - http-outgoing-186 >> "Transfer-Encoding: chunked[\r][\n]"
02:21:00.238 [Test worker] DEBUG org.apache.http.wire - http-outgoing-186 >> "Host: Thesis:2376[\r][\n]"
02:21:00.238 [Test worker] DEBUG org.apache.http.wire - http-outgoing-186 >> "Connection: Keep-Alive[\r][\n]"
02:21:00.238 [Test worker] DEBUG org.apache.http.wire - http-outgoing-186 >> "Accept-Encoding: gzip,deflate[\r][\n]"
02:21:00.238 [Test worker] DEBUG org.apache.http.wire - http-outgoing-186 >> "[\r][\n]"
02:21:00.238 [Test worker] DEBUG org.apache.http.wire - http-outgoing-186 >> "277[\r][\n]"
02:21:00.238 [Test worker] DEBUG org.apache.http.wire - http-outgoing-186 >> "{"containerConfig":{"IPAMConfig":{"IPv4Address":null,"IPv6Address":null},"Links":null,"Aliases":null,"NetworkID":null,"EndpointID":null,"Gateway":null,"IPAddress":null,"IPPrefixLen":null,"IPv6Gateway":null,"GlobalIPv6Address":null,"GlobalIPv6PrefixLen":null,"MacAddress":null},"Container":"ad5b709694693d24090bdb900829fb6f9ba891595a88a63b095451a7ffd34068","EndpointConfig":{"IPAMConfig":{"IPv4Address":null,"IPv6Address":null},"Links":null,"Aliases":null,"NetworkID":null,"EndpointID":null,"Gateway":null,"IPAddress":null,"IPPrefixLen":null,"IPv6Gateway":null,"GlobalIPv6Address":null,"GlobalIPv6PrefixLen":null,"MacAddress":null}}[\r][\n]"
02:21:00.238 [Test worker] DEBUG org.apache.http.wire - http-outgoing-186 >> "0[\r][\n]"
02:21:00.238 [Test worker] DEBUG org.apache.http.wire - http-outgoing-186 >> "[\r][\n]"
02:21:00.377 [Test worker] DEBUG org.apache.http.wire - http-outgoing-186 << "H"
02:21:00.377 [Test worker] DEBUG org.apache.http.wire - http-outgoing-186 << "TTP/1.1 200 OK[\r][\n]"
02:21:00.377 [Test worker] DEBUG org.apache.http.wire - http-outgoing-186 << "Server: Docker/1.12.3 (linux)[\r][\n]"
02:21:00.377 [Test worker] DEBUG org.apache.http.wire - http-outgoing-186 << "Date: Tue, 03 Jan 2017 01:21:00 GMT[\r][\n]"
02:21:00.377 [Test worker] DEBUG org.apache.http.wire - http-outgoing-186 << "Content-Length: 0[\r][\n]"
02:21:00.377 [Test worker] DEBUG org.apache.http.wire - http-outgoing-186 << "Content-Type: text/plain; charset=utf-8[\r][\n]"
02:21:00.377 [Test worker] DEBUG org.apache.http.wire - http-outgoing-186 << "[\r][\n]"
02:21:00.377 [Test worker] DEBUG org.apache.http.headers - http-outgoing-186 << HTTP/1.1 200 OK
02:21:00.377 [Test worker] DEBUG org.apache.http.headers - http-outgoing-186 << Server: Docker/1.12.3 (linux)
02:21:00.377 [Test worker] DEBUG org.apache.http.headers - http-outgoing-186 << Date: Tue, 03 Jan 2017 01:21:00 GMT
02:21:00.377 [Test worker] DEBUG org.apache.http.headers - http-outgoing-186 << Content-Length: 0
02:21:00.377 [Test worker] DEBUG org.apache.http.headers - http-outgoing-186 << Content-Type: text/plain; charset=utf-8
02:21:00.377 [Test worker] DEBUG o.a.h.impl.execchain.MainClientExec - Connection can be kept alive indefinitely
02:21:00.377 [Test worker] DEBUG c.g.d.j.JerseyDockerCmdExecFactory$1 - Connection [id: 186][route: {s}->https://Thesis:2376][state: CN=Thesis] can be kept alive indefinitely
02:21:00.377 [Test worker] DEBUG c.g.d.j.JerseyDockerCmdExecFactory$1 - Connection released: [id: 186][route: {s}->https://Thesis:2376][state: CN=Thesis][total kept alive: 2; route allocated: 2 of 2; total allocated: 2 of 20]
02:21:00.377 [Test worker] DEBUG c.g.d.j.JerseyDockerCmdExecFactory - 32 * Client response received on thread Test worker
32 < 200
32 < Content-Length: 0
32 < Content-Type: application/json;charset=utf-8
32 < Date: Tue, 03 Jan 2017 01:21:00 GMT
32 < Server: Docker/1.12.3 (linux)

02:21:00.377 [Test worker] INFO  org.openbaton.docker.DockerVim - Container connected to the Network Successfully
02:21:00.377 [Test worker] DEBUG c.g.d.core.command.AbstrDockerCmd - Cmd: 31df3c6545224c9e9b0fdff3725c37715371526244100d2cda3be4c10e1054c4,ad5b709694693d24090bdb900829fb6f9ba891595a88a63b095451a7ffd34068,com.github.dockerjava.api.model.ContainerNetwork@34d2b4a1[ipamConfig=com.github.dockerjava.api.model.ContainerNetwork$Ipam@7550d11e,links=<null>,aliases=<null>,networkID=<null>,endpointId=<null>,gateway=<null>,ipAddress=<null>,ipPrefixLen=<null>,ipV6Gateway=<null>,globalIPv6Address=<null>,globalIPv6PrefixLen=<null>,macAddress=<null>],com.github.dockerjava.jaxrs.ConnectToNetworkCmdExec@cd144be
02:21:00.383 [Test worker] DEBUG o.a.h.c.protocol.RequestAddCookies - CookieSpec selected: default
02:21:00.383 [Test worker] DEBUG o.a.h.c.protocol.RequestAuthCache - Auth cache not set in the context
02:21:00.383 [Test worker] DEBUG c.g.d.j.JerseyDockerCmdExecFactory$1 - Connection request: [route: {s}->https://Thesis:2376][total kept alive: 2; route allocated: 2 of 2; total allocated: 2 of 20]
02:21:00.383 [Test worker] DEBUG o.a.h.i.c.DefaultManagedHttpClientConnection - http-outgoing-184: Close connection
02:21:00.383 [Test worker] DEBUG c.g.d.j.JerseyDockerCmdExecFactory$1 - Connection leased: [id: 187][route: {s}->https://Thesis:2376][total kept alive: 1; route allocated: 2 of 2; total allocated: 2 of 20]
02:21:00.384 [Test worker] DEBUG o.a.h.impl.execchain.MainClientExec - Opening connection {s}->https://Thesis:2376
02:21:00.384 [Test worker] DEBUG o.a.h.i.c.DefaultHttpClientConnectionOperator - Connecting to Thesis/127.0.1.1:2376
02:21:00.384 [Test worker] DEBUG o.a.h.c.s.SSLConnectionSocketFactory - Connecting socket to Thesis/127.0.1.1:2376 with timeout 0
02:21:00.384 [Test worker] DEBUG o.a.h.c.s.SSLConnectionSocketFactory - Enabled protocols: [TLSv1]
02:21:00.384 [Test worker] DEBUG o.a.h.c.s.SSLConnectionSocketFactory - Enabled cipher suites:[TLS_ECDHE_ECDSA_WITH_AES_128_CBC_SHA, TLS_ECDHE_RSA_WITH_AES_128_CBC_SHA, TLS_RSA_WITH_AES_128_CBC_SHA, TLS_ECDH_ECDSA_WITH_AES_128_CBC_SHA, TLS_ECDH_RSA_WITH_AES_128_CBC_SHA, TLS_DHE_RSA_WITH_AES_128_CBC_SHA, TLS_DHE_DSS_WITH_AES_128_CBC_SHA, TLS_ECDHE_ECDSA_WITH_3DES_EDE_CBC_SHA, TLS_ECDHE_RSA_WITH_3DES_EDE_CBC_SHA, SSL_RSA_WITH_3DES_EDE_CBC_SHA, TLS_ECDH_ECDSA_WITH_3DES_EDE_CBC_SHA, TLS_ECDH_RSA_WITH_3DES_EDE_CBC_SHA, SSL_DHE_RSA_WITH_3DES_EDE_CBC_SHA, SSL_DHE_DSS_WITH_3DES_EDE_CBC_SHA, TLS_ECDHE_ECDSA_WITH_RC4_128_SHA, TLS_ECDHE_RSA_WITH_RC4_128_SHA, SSL_RSA_WITH_RC4_128_SHA, TLS_ECDH_ECDSA_WITH_RC4_128_SHA, TLS_ECDH_RSA_WITH_RC4_128_SHA, SSL_RSA_WITH_RC4_128_MD5, TLS_EMPTY_RENEGOTIATION_INFO_SCSV]
02:21:00.384 [Test worker] DEBUG o.a.h.c.s.SSLConnectionSocketFactory - Starting handshake
02:21:00.444 [Test worker] DEBUG o.a.h.c.s.SSLConnectionSocketFactory - Secure session established
02:21:00.444 [Test worker] DEBUG o.a.h.c.s.SSLConnectionSocketFactory -  negotiated protocol: TLSv1
02:21:00.444 [Test worker] DEBUG o.a.h.c.s.SSLConnectionSocketFactory -  negotiated cipher suite: TLS_ECDHE_RSA_WITH_AES_128_CBC_SHA
02:21:00.445 [Test worker] DEBUG o.a.h.c.s.SSLConnectionSocketFactory -  peer principal: CN=Thesis
02:21:00.445 [Test worker] DEBUG o.a.h.c.s.SSLConnectionSocketFactory -  issuer principal: EMAILADDRESS=sha@yamil.com, CN=Thesis, OU=Open, O=Fra, L=BER, ST=BER, C=DE
02:21:00.445 [Test worker] DEBUG o.a.h.i.c.DefaultHttpClientConnectionOperator - Connection established 127.0.0.1:41250<->127.0.1.1:2376
02:21:00.445 [Test worker] DEBUG o.a.h.impl.execchain.MainClientExec - Executing request POST /networks/31df3c6545224c9e9b0fdff3725c37715371526244100d2cda3be4c10e1054c4/connect HTTP/1.1
02:21:00.445 [Test worker] DEBUG o.a.h.impl.execchain.MainClientExec - Target auth state: UNCHALLENGED
02:21:00.445 [Test worker] DEBUG o.a.h.impl.execchain.MainClientExec - Proxy auth state: UNCHALLENGED
02:21:00.445 [Test worker] DEBUG org.apache.http.headers - http-outgoing-187 >> POST /networks/31df3c6545224c9e9b0fdff3725c37715371526244100d2cda3be4c10e1054c4/connect HTTP/1.1
02:21:00.445 [Test worker] DEBUG org.apache.http.headers - http-outgoing-187 >> Content-Type: application/json
02:21:00.445 [Test worker] DEBUG org.apache.http.headers - http-outgoing-187 >> User-Agent: Jersey/2.23.1 (Apache HttpClient 4.5.1)
02:21:00.445 [Test worker] DEBUG org.apache.http.headers - http-outgoing-187 >> Transfer-Encoding: chunked
02:21:00.445 [Test worker] DEBUG org.apache.http.headers - http-outgoing-187 >> Host: Thesis:2376
02:21:00.445 [Test worker] DEBUG org.apache.http.headers - http-outgoing-187 >> Connection: Keep-Alive
02:21:00.445 [Test worker] DEBUG org.apache.http.headers - http-outgoing-187 >> Accept-Encoding: gzip,deflate
02:21:00.446 [Test worker] DEBUG c.g.d.j.JerseyDockerCmdExecFactory - 33 * Sending client request on thread Test worker
33 > POST https://Thesis:2376/networks/31df3c6545224c9e9b0fdff3725c37715371526244100d2cda3be4c10e1054c4/connect
33 > Content-Type: application/json
{"containerConfig":{"IPAMConfig":{"IPv4Address":null,"IPv6Address":null},"Links":null,"Aliases":null,"NetworkID":null,"EndpointID":null,"Gateway":null,"IPAddress":null,"IPPrefixLen":null,"IPv6Gateway":null,"GlobalIPv6Address":null,"GlobalIPv6PrefixLen":null,"MacAddress":null},"Container":"ad5b709694693d24090bdb900829fb6f9ba891595a88a63b095451a7ffd34068","EndpointConfig":{"IPAMConfig":{"IPv4Address":null,"IPv6Address":null},"Links":null,"Aliases":null,"NetworkID":null,"EndpointID":null,"Gateway":null,"IPAddress":null,"IPPrefixLen":null,"IPv6Gateway":null,"GlobalIPv6Address":null,"GlobalIPv6PrefixLen":null,"MacAddress":null}}

02:21:00.446 [Test worker] DEBUG org.apache.http.wire - http-outgoing-187 >> "POST /networks/31df3c6545224c9e9b0fdff3725c37715371526244100d2cda3be4c10e1054c4/connect HTTP/1.1[\r][\n]"
02:21:00.446 [Test worker] DEBUG org.apache.http.wire - http-outgoing-187 >> "Content-Type: application/json[\r][\n]"
02:21:00.446 [Test worker] DEBUG org.apache.http.wire - http-outgoing-187 >> "User-Agent: Jersey/2.23.1 (Apache HttpClient 4.5.1)[\r][\n]"
02:21:00.446 [Test worker] DEBUG org.apache.http.wire - http-outgoing-187 >> "Transfer-Encoding: chunked[\r][\n]"
02:21:00.446 [Test worker] DEBUG org.apache.http.wire - http-outgoing-187 >> "Host: Thesis:2376[\r][\n]"
02:21:00.446 [Test worker] DEBUG org.apache.http.wire - http-outgoing-187 >> "Connection: Keep-Alive[\r][\n]"
02:21:00.446 [Test worker] DEBUG org.apache.http.wire - http-outgoing-187 >> "Accept-Encoding: gzip,deflate[\r][\n]"
02:21:00.446 [Test worker] DEBUG org.apache.http.wire - http-outgoing-187 >> "[\r][\n]"
02:21:00.446 [Test worker] DEBUG org.apache.http.wire - http-outgoing-187 >> "277[\r][\n]"
02:21:00.446 [Test worker] DEBUG org.apache.http.wire - http-outgoing-187 >> "{"containerConfig":{"IPAMConfig":{"IPv4Address":null,"IPv6Address":null},"Links":null,"Aliases":null,"NetworkID":null,"EndpointID":null,"Gateway":null,"IPAddress":null,"IPPrefixLen":null,"IPv6Gateway":null,"GlobalIPv6Address":null,"GlobalIPv6PrefixLen":null,"MacAddress":null},"Container":"ad5b709694693d24090bdb900829fb6f9ba891595a88a63b095451a7ffd34068","EndpointConfig":{"IPAMConfig":{"IPv4Address":null,"IPv6Address":null},"Links":null,"Aliases":null,"NetworkID":null,"EndpointID":null,"Gateway":null,"IPAddress":null,"IPPrefixLen":null,"IPv6Gateway":null,"GlobalIPv6Address":null,"GlobalIPv6PrefixLen":null,"MacAddress":null}}[\r][\n]"
02:21:00.447 [Test worker] DEBUG org.apache.http.wire - http-outgoing-187 >> "0[\r][\n]"
02:21:00.447 [Test worker] DEBUG org.apache.http.wire - http-outgoing-187 >> "[\r][\n]"
02:21:00.551 [Test worker] DEBUG org.apache.http.wire - http-outgoing-187 << "H"
02:21:00.551 [Test worker] DEBUG org.apache.http.wire - http-outgoing-187 << "TTP/1.1 200 OK[\r][\n]"
02:21:00.551 [Test worker] DEBUG org.apache.http.wire - http-outgoing-187 << "Server: Docker/1.12.3 (linux)[\r][\n]"
02:21:00.551 [Test worker] DEBUG org.apache.http.wire - http-outgoing-187 << "Date: Tue, 03 Jan 2017 01:21:00 GMT[\r][\n]"
02:21:00.551 [Test worker] DEBUG org.apache.http.wire - http-outgoing-187 << "Content-Length: 0[\r][\n]"
02:21:00.551 [Test worker] DEBUG org.apache.http.wire - http-outgoing-187 << "Content-Type: text/plain; charset=utf-8[\r][\n]"
02:21:00.551 [Test worker] DEBUG org.apache.http.wire - http-outgoing-187 << "[\r][\n]"
02:21:00.551 [Test worker] DEBUG org.apache.http.headers - http-outgoing-187 << HTTP/1.1 200 OK
02:21:00.551 [Test worker] DEBUG org.apache.http.headers - http-outgoing-187 << Server: Docker/1.12.3 (linux)
02:21:00.551 [Test worker] DEBUG org.apache.http.headers - http-outgoing-187 << Date: Tue, 03 Jan 2017 01:21:00 GMT
02:21:00.551 [Test worker] DEBUG org.apache.http.headers - http-outgoing-187 << Content-Length: 0
02:21:00.551 [Test worker] DEBUG org.apache.http.headers - http-outgoing-187 << Content-Type: text/plain; charset=utf-8
02:21:00.551 [Test worker] DEBUG o.a.h.impl.execchain.MainClientExec - Connection can be kept alive indefinitely
02:21:00.551 [Test worker] DEBUG c.g.d.j.JerseyDockerCmdExecFactory$1 - Connection [id: 187][route: {s}->https://Thesis:2376][state: CN=Thesis] can be kept alive indefinitely
02:21:00.551 [Test worker] DEBUG c.g.d.j.JerseyDockerCmdExecFactory$1 - Connection released: [id: 187][route: {s}->https://Thesis:2376][state: CN=Thesis][total kept alive: 2; route allocated: 2 of 2; total allocated: 2 of 20]
02:21:00.552 [Test worker] DEBUG c.g.d.j.JerseyDockerCmdExecFactory - 34 * Client response received on thread Test worker
34 < 200
34 < Content-Length: 0
34 < Content-Type: application/json;charset=utf-8
34 < Date: Tue, 03 Jan 2017 01:21:00 GMT
34 < Server: Docker/1.12.3 (linux)

02:21:00.552 [Test worker] INFO  org.openbaton.docker.DockerVim - Container connected to the Network Successfully
02:21:00.552 [Test worker] DEBUG c.g.d.core.command.AbstrDockerCmd - Cmd: d0f5a2c45f1004132aedb75deade58cef1642e7e80860d95a5cbeab448afd10c,a32fb40ba95634131250082dd9e41e4283dd4fbe773bde1ca9b7c2e67e3e881a,com.github.dockerjava.api.model.ContainerNetwork@6514451b[ipamConfig=com.github.dockerjava.api.model.ContainerNetwork$Ipam@15c52375,links=<null>,aliases=<null>,networkID=<null>,endpointId=<null>,gateway=<null>,ipAddress=<null>,ipPrefixLen=<null>,ipV6Gateway=<null>,globalIPv6Address=<null>,globalIPv6PrefixLen=<null>,macAddress=<null>],com.github.dockerjava.jaxrs.ConnectToNetworkCmdExec@419ae17d
02:21:00.554 [Test worker] DEBUG o.a.h.c.protocol.RequestAddCookies - CookieSpec selected: default
02:21:00.554 [Test worker] DEBUG o.a.h.c.protocol.RequestAuthCache - Auth cache not set in the context
02:21:00.554 [Test worker] DEBUG c.g.d.j.JerseyDockerCmdExecFactory$1 - Connection request: [route: {s}->https://Thesis:2376][total kept alive: 2; route allocated: 2 of 2; total allocated: 2 of 20]
02:21:00.554 [Test worker] DEBUG o.a.h.i.c.DefaultManagedHttpClientConnection - http-outgoing-186: Close connection
02:21:00.554 [Test worker] DEBUG c.g.d.j.JerseyDockerCmdExecFactory$1 - Connection leased: [id: 188][route: {s}->https://Thesis:2376][total kept alive: 1; route allocated: 2 of 2; total allocated: 2 of 20]
02:21:00.554 [Test worker] DEBUG o.a.h.impl.execchain.MainClientExec - Opening connection {s}->https://Thesis:2376
02:21:00.554 [Test worker] DEBUG o.a.h.i.c.DefaultHttpClientConnectionOperator - Connecting to Thesis/127.0.1.1:2376
02:21:00.554 [Test worker] DEBUG o.a.h.c.s.SSLConnectionSocketFactory - Connecting socket to Thesis/127.0.1.1:2376 with timeout 0
02:21:00.557 [Test worker] DEBUG o.a.h.c.s.SSLConnectionSocketFactory - Enabled protocols: [TLSv1]
02:21:00.557 [Test worker] DEBUG o.a.h.c.s.SSLConnectionSocketFactory - Enabled cipher suites:[TLS_ECDHE_ECDSA_WITH_AES_128_CBC_SHA, TLS_ECDHE_RSA_WITH_AES_128_CBC_SHA, TLS_RSA_WITH_AES_128_CBC_SHA, TLS_ECDH_ECDSA_WITH_AES_128_CBC_SHA, TLS_ECDH_RSA_WITH_AES_128_CBC_SHA, TLS_DHE_RSA_WITH_AES_128_CBC_SHA, TLS_DHE_DSS_WITH_AES_128_CBC_SHA, TLS_ECDHE_ECDSA_WITH_3DES_EDE_CBC_SHA, TLS_ECDHE_RSA_WITH_3DES_EDE_CBC_SHA, SSL_RSA_WITH_3DES_EDE_CBC_SHA, TLS_ECDH_ECDSA_WITH_3DES_EDE_CBC_SHA, TLS_ECDH_RSA_WITH_3DES_EDE_CBC_SHA, SSL_DHE_RSA_WITH_3DES_EDE_CBC_SHA, SSL_DHE_DSS_WITH_3DES_EDE_CBC_SHA, TLS_ECDHE_ECDSA_WITH_RC4_128_SHA, TLS_ECDHE_RSA_WITH_RC4_128_SHA, SSL_RSA_WITH_RC4_128_SHA, TLS_ECDH_ECDSA_WITH_RC4_128_SHA, TLS_ECDH_RSA_WITH_RC4_128_SHA, SSL_RSA_WITH_RC4_128_MD5, TLS_EMPTY_RENEGOTIATION_INFO_SCSV]
02:21:00.557 [Test worker] DEBUG o.a.h.c.s.SSLConnectionSocketFactory - Starting handshake
02:21:00.617 [Test worker] DEBUG o.a.h.c.s.SSLConnectionSocketFactory - Secure session established
02:21:00.617 [Test worker] DEBUG o.a.h.c.s.SSLConnectionSocketFactory -  negotiated protocol: TLSv1
02:21:00.618 [Test worker] DEBUG o.a.h.c.s.SSLConnectionSocketFactory -  negotiated cipher suite: TLS_ECDHE_RSA_WITH_AES_128_CBC_SHA
02:21:00.634 [Test worker] DEBUG o.a.h.c.s.SSLConnectionSocketFactory -  peer principal: CN=Thesis
02:21:00.634 [Test worker] DEBUG o.a.h.c.s.SSLConnectionSocketFactory -  issuer principal: EMAILADDRESS=sha@yamil.com, CN=Thesis, OU=Open, O=Fra, L=BER, ST=BER, C=DE
02:21:00.634 [Test worker] DEBUG o.a.h.i.c.DefaultHttpClientConnectionOperator - Connection established 127.0.0.1:41252<->127.0.1.1:2376
02:21:00.634 [Test worker] DEBUG o.a.h.impl.execchain.MainClientExec - Executing request POST /networks/d0f5a2c45f1004132aedb75deade58cef1642e7e80860d95a5cbeab448afd10c/connect HTTP/1.1
02:21:00.634 [Test worker] DEBUG o.a.h.impl.execchain.MainClientExec - Target auth state: UNCHALLENGED
02:21:00.634 [Test worker] DEBUG o.a.h.impl.execchain.MainClientExec - Proxy auth state: UNCHALLENGED
02:21:00.634 [Test worker] DEBUG org.apache.http.headers - http-outgoing-188 >> POST /networks/d0f5a2c45f1004132aedb75deade58cef1642e7e80860d95a5cbeab448afd10c/connect HTTP/1.1
02:21:00.634 [Test worker] DEBUG org.apache.http.headers - http-outgoing-188 >> Content-Type: application/json
02:21:00.634 [Test worker] DEBUG org.apache.http.headers - http-outgoing-188 >> User-Agent: Jersey/2.23.1 (Apache HttpClient 4.5.1)
02:21:00.634 [Test worker] DEBUG org.apache.http.headers - http-outgoing-188 >> Transfer-Encoding: chunked
02:21:00.634 [Test worker] DEBUG org.apache.http.headers - http-outgoing-188 >> Host: Thesis:2376
02:21:00.635 [Test worker] DEBUG org.apache.http.headers - http-outgoing-188 >> Connection: Keep-Alive
02:21:00.635 [Test worker] DEBUG org.apache.http.headers - http-outgoing-188 >> Accept-Encoding: gzip,deflate
02:21:00.635 [Test worker] DEBUG c.g.d.j.JerseyDockerCmdExecFactory - 35 * Sending client request on thread Test worker
35 > POST https://Thesis:2376/networks/d0f5a2c45f1004132aedb75deade58cef1642e7e80860d95a5cbeab448afd10c/connect
35 > Content-Type: application/json
{"containerConfig":{"IPAMConfig":{"IPv4Address":null,"IPv6Address":null},"Links":null,"Aliases":null,"NetworkID":null,"EndpointID":null,"Gateway":null,"IPAddress":null,"IPPrefixLen":null,"IPv6Gateway":null,"GlobalIPv6Address":null,"GlobalIPv6PrefixLen":null,"MacAddress":null},"Container":"a32fb40ba95634131250082dd9e41e4283dd4fbe773bde1ca9b7c2e67e3e881a","EndpointConfig":{"IPAMConfig":{"IPv4Address":null,"IPv6Address":null},"Links":null,"Aliases":null,"NetworkID":null,"EndpointID":null,"Gateway":null,"IPAddress":null,"IPPrefixLen":null,"IPv6Gateway":null,"GlobalIPv6Address":null,"GlobalIPv6PrefixLen":null,"MacAddress":null}}

02:21:00.635 [Test worker] DEBUG org.apache.http.wire - http-outgoing-188 >> "POST /networks/d0f5a2c45f1004132aedb75deade58cef1642e7e80860d95a5cbeab448afd10c/connect HTTP/1.1[\r][\n]"
02:21:00.635 [Test worker] DEBUG org.apache.http.wire - http-outgoing-188 >> "Content-Type: application/json[\r][\n]"
02:21:00.635 [Test worker] DEBUG org.apache.http.wire - http-outgoing-188 >> "User-Agent: Jersey/2.23.1 (Apache HttpClient 4.5.1)[\r][\n]"
02:21:00.635 [Test worker] DEBUG org.apache.http.wire - http-outgoing-188 >> "Transfer-Encoding: chunked[\r][\n]"
02:21:00.635 [Test worker] DEBUG org.apache.http.wire - http-outgoing-188 >> "Host: Thesis:2376[\r][\n]"
02:21:00.636 [Test worker] DEBUG org.apache.http.wire - http-outgoing-188 >> "Connection: Keep-Alive[\r][\n]"
02:21:00.636 [Test worker] DEBUG org.apache.http.wire - http-outgoing-188 >> "Accept-Encoding: gzip,deflate[\r][\n]"
02:21:00.636 [Test worker] DEBUG org.apache.http.wire - http-outgoing-188 >> "[\r][\n]"
02:21:00.636 [Test worker] DEBUG org.apache.http.wire - http-outgoing-188 >> "277[\r][\n]"
02:21:00.636 [Test worker] DEBUG org.apache.http.wire - http-outgoing-188 >> "{"containerConfig":{"IPAMConfig":{"IPv4Address":null,"IPv6Address":null},"Links":null,"Aliases":null,"NetworkID":null,"EndpointID":null,"Gateway":null,"IPAddress":null,"IPPrefixLen":null,"IPv6Gateway":null,"GlobalIPv6Address":null,"GlobalIPv6PrefixLen":null,"MacAddress":null},"Container":"a32fb40ba95634131250082dd9e41e4283dd4fbe773bde1ca9b7c2e67e3e881a","EndpointConfig":{"IPAMConfig":{"IPv4Address":null,"IPv6Address":null},"Links":null,"Aliases":null,"NetworkID":null,"EndpointID":null,"Gateway":null,"IPAddress":null,"IPPrefixLen":null,"IPv6Gateway":null,"GlobalIPv6Address":null,"GlobalIPv6PrefixLen":null,"MacAddress":null}}[\r][\n]"
02:21:00.636 [Test worker] DEBUG org.apache.http.wire - http-outgoing-188 >> "0[\r][\n]"
02:21:00.636 [Test worker] DEBUG org.apache.http.wire - http-outgoing-188 >> "[\r][\n]"
02:21:00.820 [Test worker] DEBUG org.apache.http.wire - http-outgoing-188 << "H"
02:21:00.821 [Test worker] DEBUG org.apache.http.wire - http-outgoing-188 << "TTP/1.1 200 OK[\r][\n]"
02:21:00.821 [Test worker] DEBUG org.apache.http.wire - http-outgoing-188 << "Server: Docker/1.12.3 (linux)[\r][\n]"
02:21:00.821 [Test worker] DEBUG org.apache.http.wire - http-outgoing-188 << "Date: Tue, 03 Jan 2017 01:21:00 GMT[\r][\n]"
02:21:00.821 [Test worker] DEBUG org.apache.http.wire - http-outgoing-188 << "Content-Length: 0[\r][\n]"
02:21:00.821 [Test worker] DEBUG org.apache.http.wire - http-outgoing-188 << "Content-Type: text/plain; charset=utf-8[\r][\n]"
02:21:00.821 [Test worker] DEBUG org.apache.http.wire - http-outgoing-188 << "[\r][\n]"
02:21:00.821 [Test worker] DEBUG org.apache.http.headers - http-outgoing-188 << HTTP/1.1 200 OK
02:21:00.821 [Test worker] DEBUG org.apache.http.headers - http-outgoing-188 << Server: Docker/1.12.3 (linux)
02:21:00.821 [Test worker] DEBUG org.apache.http.headers - http-outgoing-188 << Date: Tue, 03 Jan 2017 01:21:00 GMT
02:21:00.821 [Test worker] DEBUG org.apache.http.headers - http-outgoing-188 << Content-Length: 0
02:21:00.821 [Test worker] DEBUG org.apache.http.headers - http-outgoing-188 << Content-Type: text/plain; charset=utf-8
02:21:00.821 [Test worker] DEBUG o.a.h.impl.execchain.MainClientExec - Connection can be kept alive indefinitely
02:21:00.821 [Test worker] DEBUG c.g.d.j.JerseyDockerCmdExecFactory$1 - Connection [id: 188][route: {s}->https://Thesis:2376][state: CN=Thesis] can be kept alive indefinitely
02:21:00.821 [Test worker] DEBUG c.g.d.j.JerseyDockerCmdExecFactory$1 - Connection released: [id: 188][route: {s}->https://Thesis:2376][state: CN=Thesis][total kept alive: 2; route allocated: 2 of 2; total allocated: 2 of 20]
02:21:00.821 [Test worker] DEBUG c.g.d.j.JerseyDockerCmdExecFactory - 36 * Client response received on thread Test worker
36 < 200
36 < Content-Length: 0
36 < Content-Type: application/json;charset=utf-8
36 < Date: Tue, 03 Jan 2017 01:21:00 GMT
36 < Server: Docker/1.12.3 (linux)

02:21:00.821 [Test worker] INFO  org.openbaton.docker.DockerVim - Container connected to the Network Successfully
02:21:00.821 [Test worker] DEBUG c.g.d.core.command.AbstrDockerCmd - Cmd: 31df3c6545224c9e9b0fdff3725c37715371526244100d2cda3be4c10e1054c4,a32fb40ba95634131250082dd9e41e4283dd4fbe773bde1ca9b7c2e67e3e881a,com.github.dockerjava.api.model.ContainerNetwork@3103c203[ipamConfig=com.github.dockerjava.api.model.ContainerNetwork$Ipam@6db66c18,links=<null>,aliases=<null>,networkID=<null>,endpointId=<null>,gateway=<null>,ipAddress=<null>,ipPrefixLen=<null>,ipV6Gateway=<null>,globalIPv6Address=<null>,globalIPv6PrefixLen=<null>,macAddress=<null>],com.github.dockerjava.jaxrs.ConnectToNetworkCmdExec@6372d3ed
02:21:00.822 [Test worker] DEBUG o.a.h.c.protocol.RequestAddCookies - CookieSpec selected: default
02:21:00.822 [Test worker] DEBUG o.a.h.c.protocol.RequestAuthCache - Auth cache not set in the context
02:21:00.822 [Test worker] DEBUG c.g.d.j.JerseyDockerCmdExecFactory$1 - Connection request: [route: {s}->https://Thesis:2376][total kept alive: 2; route allocated: 2 of 2; total allocated: 2 of 20]
02:21:00.822 [Test worker] DEBUG o.a.h.i.c.DefaultManagedHttpClientConnection - http-outgoing-187: Close connection
02:21:00.822 [Test worker] DEBUG c.g.d.j.JerseyDockerCmdExecFactory$1 - Connection leased: [id: 189][route: {s}->https://Thesis:2376][total kept alive: 1; route allocated: 2 of 2; total allocated: 2 of 20]
02:21:00.822 [Test worker] DEBUG o.a.h.impl.execchain.MainClientExec - Opening connection {s}->https://Thesis:2376
02:21:00.822 [Test worker] DEBUG o.a.h.i.c.DefaultHttpClientConnectionOperator - Connecting to Thesis/127.0.1.1:2376
02:21:00.822 [Test worker] DEBUG o.a.h.c.s.SSLConnectionSocketFactory - Connecting socket to Thesis/127.0.1.1:2376 with timeout 0
02:21:00.823 [Test worker] DEBUG o.a.h.c.s.SSLConnectionSocketFactory - Enabled protocols: [TLSv1]
02:21:00.823 [Test worker] DEBUG o.a.h.c.s.SSLConnectionSocketFactory - Enabled cipher suites:[TLS_ECDHE_ECDSA_WITH_AES_128_CBC_SHA, TLS_ECDHE_RSA_WITH_AES_128_CBC_SHA, TLS_RSA_WITH_AES_128_CBC_SHA, TLS_ECDH_ECDSA_WITH_AES_128_CBC_SHA, TLS_ECDH_RSA_WITH_AES_128_CBC_SHA, TLS_DHE_RSA_WITH_AES_128_CBC_SHA, TLS_DHE_DSS_WITH_AES_128_CBC_SHA, TLS_ECDHE_ECDSA_WITH_3DES_EDE_CBC_SHA, TLS_ECDHE_RSA_WITH_3DES_EDE_CBC_SHA, SSL_RSA_WITH_3DES_EDE_CBC_SHA, TLS_ECDH_ECDSA_WITH_3DES_EDE_CBC_SHA, TLS_ECDH_RSA_WITH_3DES_EDE_CBC_SHA, SSL_DHE_RSA_WITH_3DES_EDE_CBC_SHA, SSL_DHE_DSS_WITH_3DES_EDE_CBC_SHA, TLS_ECDHE_ECDSA_WITH_RC4_128_SHA, TLS_ECDHE_RSA_WITH_RC4_128_SHA, SSL_RSA_WITH_RC4_128_SHA, TLS_ECDH_ECDSA_WITH_RC4_128_SHA, TLS_ECDH_RSA_WITH_RC4_128_SHA, SSL_RSA_WITH_RC4_128_MD5, TLS_EMPTY_RENEGOTIATION_INFO_SCSV]
02:21:00.823 [Test worker] DEBUG o.a.h.c.s.SSLConnectionSocketFactory - Starting handshake
02:21:00.884 [Test worker] DEBUG o.a.h.c.s.SSLConnectionSocketFactory - Secure session established
02:21:00.884 [Test worker] DEBUG o.a.h.c.s.SSLConnectionSocketFactory -  negotiated protocol: TLSv1
02:21:00.884 [Test worker] DEBUG o.a.h.c.s.SSLConnectionSocketFactory -  negotiated cipher suite: TLS_ECDHE_RSA_WITH_AES_128_CBC_SHA
02:21:00.884 [Test worker] DEBUG o.a.h.c.s.SSLConnectionSocketFactory -  peer principal: CN=Thesis
02:21:00.884 [Test worker] DEBUG o.a.h.c.s.SSLConnectionSocketFactory -  issuer principal: EMAILADDRESS=sha@yamil.com, CN=Thesis, OU=Open, O=Fra, L=BER, ST=BER, C=DE
02:21:00.884 [Test worker] DEBUG o.a.h.i.c.DefaultHttpClientConnectionOperator - Connection established 127.0.0.1:41254<->127.0.1.1:2376
02:21:00.884 [Test worker] DEBUG o.a.h.impl.execchain.MainClientExec - Executing request POST /networks/31df3c6545224c9e9b0fdff3725c37715371526244100d2cda3be4c10e1054c4/connect HTTP/1.1
02:21:00.884 [Test worker] DEBUG o.a.h.impl.execchain.MainClientExec - Target auth state: UNCHALLENGED
02:21:00.885 [Test worker] DEBUG o.a.h.impl.execchain.MainClientExec - Proxy auth state: UNCHALLENGED
02:21:00.905 [Test worker] DEBUG org.apache.http.headers - http-outgoing-189 >> POST /networks/31df3c6545224c9e9b0fdff3725c37715371526244100d2cda3be4c10e1054c4/connect HTTP/1.1
02:21:00.905 [Test worker] DEBUG org.apache.http.headers - http-outgoing-189 >> Content-Type: application/json
02:21:00.905 [Test worker] DEBUG org.apache.http.headers - http-outgoing-189 >> User-Agent: Jersey/2.23.1 (Apache HttpClient 4.5.1)
02:21:00.905 [Test worker] DEBUG org.apache.http.headers - http-outgoing-189 >> Transfer-Encoding: chunked
02:21:00.905 [Test worker] DEBUG org.apache.http.headers - http-outgoing-189 >> Host: Thesis:2376
02:21:00.905 [Test worker] DEBUG org.apache.http.headers - http-outgoing-189 >> Connection: Keep-Alive
02:21:00.905 [Test worker] DEBUG org.apache.http.headers - http-outgoing-189 >> Accept-Encoding: gzip,deflate
02:21:00.906 [Test worker] DEBUG c.g.d.j.JerseyDockerCmdExecFactory - 37 * Sending client request on thread Test worker
37 > POST https://Thesis:2376/networks/31df3c6545224c9e9b0fdff3725c37715371526244100d2cda3be4c10e1054c4/connect
37 > Content-Type: application/json
{"containerConfig":{"IPAMConfig":{"IPv4Address":null,"IPv6Address":null},"Links":null,"Aliases":null,"NetworkID":null,"EndpointID":null,"Gateway":null,"IPAddress":null,"IPPrefixLen":null,"IPv6Gateway":null,"GlobalIPv6Address":null,"GlobalIPv6PrefixLen":null,"MacAddress":null},"Container":"a32fb40ba95634131250082dd9e41e4283dd4fbe773bde1ca9b7c2e67e3e881a","EndpointConfig":{"IPAMConfig":{"IPv4Address":null,"IPv6Address":null},"Links":null,"Aliases":null,"NetworkID":null,"EndpointID":null,"Gateway":null,"IPAddress":null,"IPPrefixLen":null,"IPv6Gateway":null,"GlobalIPv6Address":null,"GlobalIPv6PrefixLen":null,"MacAddress":null}}

02:21:00.906 [Test worker] DEBUG org.apache.http.wire - http-outgoing-189 >> "POST /networks/31df3c6545224c9e9b0fdff3725c37715371526244100d2cda3be4c10e1054c4/connect HTTP/1.1[\r][\n]"
02:21:00.906 [Test worker] DEBUG org.apache.http.wire - http-outgoing-189 >> "Content-Type: application/json[\r][\n]"
02:21:00.906 [Test worker] DEBUG org.apache.http.wire - http-outgoing-189 >> "User-Agent: Jersey/2.23.1 (Apache HttpClient 4.5.1)[\r][\n]"
02:21:00.906 [Test worker] DEBUG org.apache.http.wire - http-outgoing-189 >> "Transfer-Encoding: chunked[\r][\n]"
02:21:00.906 [Test worker] DEBUG org.apache.http.wire - http-outgoing-189 >> "Host: Thesis:2376[\r][\n]"
02:21:00.906 [Test worker] DEBUG org.apache.http.wire - http-outgoing-189 >> "Connection: Keep-Alive[\r][\n]"
02:21:00.906 [Test worker] DEBUG org.apache.http.wire - http-outgoing-189 >> "Accept-Encoding: gzip,deflate[\r][\n]"
02:21:00.906 [Test worker] DEBUG org.apache.http.wire - http-outgoing-189 >> "[\r][\n]"
02:21:00.906 [Test worker] DEBUG org.apache.http.wire - http-outgoing-189 >> "277[\r][\n]"
02:21:00.906 [Test worker] DEBUG org.apache.http.wire - http-outgoing-189 >> "{"containerConfig":{"IPAMConfig":{"IPv4Address":null,"IPv6Address":null},"Links":null,"Aliases":null,"NetworkID":null,"EndpointID":null,"Gateway":null,"IPAddress":null,"IPPrefixLen":null,"IPv6Gateway":null,"GlobalIPv6Address":null,"GlobalIPv6PrefixLen":null,"MacAddress":null},"Container":"a32fb40ba95634131250082dd9e41e4283dd4fbe773bde1ca9b7c2e67e3e881a","EndpointConfig":{"IPAMConfig":{"IPv4Address":null,"IPv6Address":null},"Links":null,"Aliases":null,"NetworkID":null,"EndpointID":null,"Gateway":null,"IPAddress":null,"IPPrefixLen":null,"IPv6Gateway":null,"GlobalIPv6Address":null,"GlobalIPv6PrefixLen":null,"MacAddress":null}}[\r][\n]"
02:21:00.906 [Test worker] DEBUG org.apache.http.wire - http-outgoing-189 >> "0[\r][\n]"
02:21:00.906 [Test worker] DEBUG org.apache.http.wire - http-outgoing-189 >> "[\r][\n]"
02:21:00.967 [Test worker] DEBUG org.apache.http.wire - http-outgoing-189 << "H"
02:21:00.967 [Test worker] DEBUG org.apache.http.wire - http-outgoing-189 << "TTP/1.1 200 OK[\r][\n]"
02:21:00.967 [Test worker] DEBUG org.apache.http.wire - http-outgoing-189 << "Server: Docker/1.12.3 (linux)[\r][\n]"
02:21:00.967 [Test worker] DEBUG org.apache.http.wire - http-outgoing-189 << "Date: Tue, 03 Jan 2017 01:21:00 GMT[\r][\n]"
02:21:00.967 [Test worker] DEBUG org.apache.http.wire - http-outgoing-189 << "Content-Length: 0[\r][\n]"
02:21:00.967 [Test worker] DEBUG org.apache.http.wire - http-outgoing-189 << "Content-Type: text/plain; charset=utf-8[\r][\n]"
02:21:00.967 [Test worker] DEBUG org.apache.http.wire - http-outgoing-189 << "[\r][\n]"
02:21:00.967 [Test worker] DEBUG org.apache.http.headers - http-outgoing-189 << HTTP/1.1 200 OK
02:21:00.967 [Test worker] DEBUG org.apache.http.headers - http-outgoing-189 << Server: Docker/1.12.3 (linux)
02:21:00.967 [Test worker] DEBUG org.apache.http.headers - http-outgoing-189 << Date: Tue, 03 Jan 2017 01:21:00 GMT
02:21:00.967 [Test worker] DEBUG org.apache.http.headers - http-outgoing-189 << Content-Length: 0
02:21:00.967 [Test worker] DEBUG org.apache.http.headers - http-outgoing-189 << Content-Type: text/plain; charset=utf-8
02:21:00.968 [Test worker] DEBUG o.a.h.impl.execchain.MainClientExec - Connection can be kept alive indefinitely
02:21:00.968 [Test worker] DEBUG c.g.d.j.JerseyDockerCmdExecFactory$1 - Connection [id: 189][route: {s}->https://Thesis:2376][state: CN=Thesis] can be kept alive indefinitely
02:21:00.968 [Test worker] DEBUG c.g.d.j.JerseyDockerCmdExecFactory$1 - Connection released: [id: 189][route: {s}->https://Thesis:2376][state: CN=Thesis][total kept alive: 2; route allocated: 2 of 2; total allocated: 2 of 20]
02:21:00.968 [Test worker] DEBUG c.g.d.j.JerseyDockerCmdExecFactory - 38 * Client response received on thread Test worker
38 < 200
38 < Content-Length: 0
38 < Content-Type: application/json;charset=utf-8
38 < Date: Tue, 03 Jan 2017 01:21:00 GMT
38 < Server: Docker/1.12.3 (linux)

02:21:00.968 [Test worker] INFO  org.openbaton.docker.DockerVim - Container connected to the Network Successfully
02:21:00.968 [Test worker] DEBUG c.g.d.core.command.AbstrDockerCmd - Cmd: d0f5a2c45f1004132aedb75deade58cef1642e7e80860d95a5cbeab448afd10c,com.github.dockerjava.jaxrs.InspectNetworkCmdExec@28500060
02:21:00.968 [Test worker] DEBUG c.g.d.jaxrs.ListNetworksCmdExec - GET: JerseyWebTarget { https://Thesis:2376/networks/d0f5a2c45f1004132aedb75deade58cef1642e7e80860d95a5cbeab448afd10c }
02:21:00.968 [Test worker] DEBUG c.g.d.j.JerseyDockerCmdExecFactory - 39 * Sending client request on thread Test worker
39 > GET https://Thesis:2376/networks/d0f5a2c45f1004132aedb75deade58cef1642e7e80860d95a5cbeab448afd10c
39 > Accept: application/json

02:21:00.968 [Test worker] DEBUG o.a.h.c.protocol.RequestAddCookies - CookieSpec selected: default
02:21:00.969 [Test worker] DEBUG o.a.h.c.protocol.RequestAuthCache - Auth cache not set in the context
02:21:00.985 [Test worker] DEBUG c.g.d.j.JerseyDockerCmdExecFactory$1 - Connection request: [route: {s}->https://Thesis:2376][total kept alive: 2; route allocated: 2 of 2; total allocated: 2 of 20]
02:21:00.985 [Test worker] DEBUG o.a.h.i.c.DefaultManagedHttpClientConnection - http-outgoing-188: Close connection
02:21:00.986 [Test worker] DEBUG c.g.d.j.JerseyDockerCmdExecFactory$1 - Connection leased: [id: 190][route: {s}->https://Thesis:2376][total kept alive: 1; route allocated: 2 of 2; total allocated: 2 of 20]
02:21:00.986 [Test worker] DEBUG o.a.h.impl.execchain.MainClientExec - Opening connection {s}->https://Thesis:2376
02:21:00.986 [Test worker] DEBUG o.a.h.i.c.DefaultHttpClientConnectionOperator - Connecting to Thesis/127.0.1.1:2376
02:21:00.986 [Test worker] DEBUG o.a.h.c.s.SSLConnectionSocketFactory - Connecting socket to Thesis/127.0.1.1:2376 with timeout 0
02:21:00.986 [Test worker] DEBUG o.a.h.c.s.SSLConnectionSocketFactory - Enabled protocols: [TLSv1]
02:21:00.987 [Test worker] DEBUG o.a.h.c.s.SSLConnectionSocketFactory - Enabled cipher suites:[TLS_ECDHE_ECDSA_WITH_AES_128_CBC_SHA, TLS_ECDHE_RSA_WITH_AES_128_CBC_SHA, TLS_RSA_WITH_AES_128_CBC_SHA, TLS_ECDH_ECDSA_WITH_AES_128_CBC_SHA, TLS_ECDH_RSA_WITH_AES_128_CBC_SHA, TLS_DHE_RSA_WITH_AES_128_CBC_SHA, TLS_DHE_DSS_WITH_AES_128_CBC_SHA, TLS_ECDHE_ECDSA_WITH_3DES_EDE_CBC_SHA, TLS_ECDHE_RSA_WITH_3DES_EDE_CBC_SHA, SSL_RSA_WITH_3DES_EDE_CBC_SHA, TLS_ECDH_ECDSA_WITH_3DES_EDE_CBC_SHA, TLS_ECDH_RSA_WITH_3DES_EDE_CBC_SHA, SSL_DHE_RSA_WITH_3DES_EDE_CBC_SHA, SSL_DHE_DSS_WITH_3DES_EDE_CBC_SHA, TLS_ECDHE_ECDSA_WITH_RC4_128_SHA, TLS_ECDHE_RSA_WITH_RC4_128_SHA, SSL_RSA_WITH_RC4_128_SHA, TLS_ECDH_ECDSA_WITH_RC4_128_SHA, TLS_ECDH_RSA_WITH_RC4_128_SHA, SSL_RSA_WITH_RC4_128_MD5, TLS_EMPTY_RENEGOTIATION_INFO_SCSV]
02:21:00.987 [Test worker] DEBUG o.a.h.c.s.SSLConnectionSocketFactory - Starting handshake
02:21:01.076 [Test worker] DEBUG o.a.h.c.s.SSLConnectionSocketFactory - Secure session established
02:21:01.076 [Test worker] DEBUG o.a.h.c.s.SSLConnectionSocketFactory -  negotiated protocol: TLSv1
02:21:01.076 [Test worker] DEBUG o.a.h.c.s.SSLConnectionSocketFactory -  negotiated cipher suite: TLS_ECDHE_RSA_WITH_AES_128_CBC_SHA
02:21:01.076 [Test worker] DEBUG o.a.h.c.s.SSLConnectionSocketFactory -  peer principal: CN=Thesis
02:21:01.076 [Test worker] DEBUG o.a.h.c.s.SSLConnectionSocketFactory -  issuer principal: EMAILADDRESS=sha@yamil.com, CN=Thesis, OU=Open, O=Fra, L=BER, ST=BER, C=DE
02:21:01.076 [Test worker] DEBUG o.a.h.i.c.DefaultHttpClientConnectionOperator - Connection established 127.0.0.1:41256<->127.0.1.1:2376
02:21:01.076 [Test worker] DEBUG o.a.h.impl.execchain.MainClientExec - Executing request GET /networks/d0f5a2c45f1004132aedb75deade58cef1642e7e80860d95a5cbeab448afd10c HTTP/1.1
02:21:01.076 [Test worker] DEBUG o.a.h.impl.execchain.MainClientExec - Target auth state: UNCHALLENGED
02:21:01.076 [Test worker] DEBUG o.a.h.impl.execchain.MainClientExec - Proxy auth state: UNCHALLENGED
02:21:01.076 [Test worker] DEBUG org.apache.http.headers - http-outgoing-190 >> GET /networks/d0f5a2c45f1004132aedb75deade58cef1642e7e80860d95a5cbeab448afd10c HTTP/1.1
02:21:01.076 [Test worker] DEBUG org.apache.http.headers - http-outgoing-190 >> Accept: application/json
02:21:01.077 [Test worker] DEBUG org.apache.http.headers - http-outgoing-190 >> User-Agent: Jersey/2.23.1 (Apache HttpClient 4.5.1)
02:21:01.077 [Test worker] DEBUG org.apache.http.headers - http-outgoing-190 >> Host: Thesis:2376
02:21:01.077 [Test worker] DEBUG org.apache.http.headers - http-outgoing-190 >> Connection: Keep-Alive
02:21:01.077 [Test worker] DEBUG org.apache.http.headers - http-outgoing-190 >> Accept-Encoding: gzip,deflate
02:21:01.077 [Test worker] DEBUG org.apache.http.wire - http-outgoing-190 >> "GET /networks/d0f5a2c45f1004132aedb75deade58cef1642e7e80860d95a5cbeab448afd10c HTTP/1.1[\r][\n]"
02:21:01.077 [Test worker] DEBUG org.apache.http.wire - http-outgoing-190 >> "Accept: application/json[\r][\n]"
02:21:01.077 [Test worker] DEBUG org.apache.http.wire - http-outgoing-190 >> "User-Agent: Jersey/2.23.1 (Apache HttpClient 4.5.1)[\r][\n]"
02:21:01.077 [Test worker] DEBUG org.apache.http.wire - http-outgoing-190 >> "Host: Thesis:2376[\r][\n]"
02:21:01.077 [Test worker] DEBUG org.apache.http.wire - http-outgoing-190 >> "Connection: Keep-Alive[\r][\n]"
02:21:01.077 [Test worker] DEBUG org.apache.http.wire - http-outgoing-190 >> "Accept-Encoding: gzip,deflate[\r][\n]"
02:21:01.077 [Test worker] DEBUG org.apache.http.wire - http-outgoing-190 >> "[\r][\n]"
02:21:01.078 [Test worker] DEBUG org.apache.http.wire - http-outgoing-190 << "H"
02:21:01.078 [Test worker] DEBUG org.apache.http.wire - http-outgoing-190 << "TTP/1.1 200 OK[\r][\n]"
02:21:01.078 [Test worker] DEBUG org.apache.http.wire - http-outgoing-190 << "Content-Type: application/json[\r][\n]"
02:21:01.078 [Test worker] DEBUG org.apache.http.wire - http-outgoing-190 << "Server: Docker/1.12.3 (linux)[\r][\n]"
02:21:01.078 [Test worker] DEBUG org.apache.http.wire - http-outgoing-190 << "Date: Tue, 03 Jan 2017 01:21:01 GMT[\r][\n]"
02:21:01.078 [Test worker] DEBUG org.apache.http.wire - http-outgoing-190 << "Content-Length: 811[\r][\n]"
02:21:01.078 [Test worker] DEBUG org.apache.http.wire - http-outgoing-190 << "[\r][\n]"
02:21:01.078 [Test worker] DEBUG org.apache.http.wire - http-outgoing-190 << "{"Name":"MyNetwork","Id":"d0f5a2c45f1004132aedb75deade58cef1642e7e80860d95a5cbeab448afd10c","Scope":"local","Driver":"bridge","EnableIPv6":false,"IPAM":{"Driver":"default","Options":null,"Config":[{"Subnet":"172.18.0.0/16","Gateway":"172.18.0.1/16"}]},"Internal":false,"Containers":{"a32fb40ba95634131250082dd9e41e4283dd4fbe773bde1ca9b7c2e67e3e881a":{"Name":"MyContainer2","EndpointID":"a205e78937ee4c764f514d7ef54fbde9903aaa36f383f7f54858861e9e1c3097","MacAddress":"02:42:ac:12:00:03","IPv4Address":"172.18.0.3/16","IPv6Address":""},"ad5b709694693d24090bdb900829fb6f9ba891595a88a63b095451a7ffd34068":{"Name":"MyContainer","EndpointID":"b008ec1e5b388ec8511cbdcbacacc8a37f5e6877632e51cc0701e8f590b6a15f","MacAddress":"02:42:ac:12:00:02","IPv4Address":"172.18.0.2/16","IPv6Address":""}},"Options":{},"Labels":{}}[\n]"
02:21:01.078 [Test worker] DEBUG org.apache.http.headers - http-outgoing-190 << HTTP/1.1 200 OK
02:21:01.078 [Test worker] DEBUG org.apache.http.headers - http-outgoing-190 << Content-Type: application/json
02:21:01.078 [Test worker] DEBUG org.apache.http.headers - http-outgoing-190 << Server: Docker/1.12.3 (linux)
02:21:01.078 [Test worker] DEBUG org.apache.http.headers - http-outgoing-190 << Date: Tue, 03 Jan 2017 01:21:01 GMT
02:21:01.078 [Test worker] DEBUG org.apache.http.headers - http-outgoing-190 << Content-Length: 811
02:21:01.078 [Test worker] DEBUG o.a.h.impl.execchain.MainClientExec - Connection can be kept alive indefinitely
02:21:01.079 [Test worker] DEBUG c.g.d.j.JerseyDockerCmdExecFactory - 40 * Client response received on thread Test worker
40 < 200
40 < Content-Length: 811
40 < Content-Type: application/json
40 < Date: Tue, 03 Jan 2017 01:21:01 GMT
40 < Server: Docker/1.12.3 (linux)
{"Name":"MyNetwork","Id":"d0f5a2c45f1004132aedb75deade58cef1642e7e80860d95a5cbeab448afd10c","Scope":"local","Driver":"bridge","EnableIPv6":false,"IPAM":{"Driver":"default","Options":null,"Config":[{"Subnet":"172.18.0.0/16","Gateway":"172.18.0.1/16"}]},"Internal":false,"Containers":{"a32fb40ba95634131250082dd9e41e4283dd4fbe773bde1ca9b7c2e67e3e881a":{"Name":"MyContainer2","EndpointID":"a205e78937ee4c764f514d7ef54fbde9903aaa36f383f7f54858861e9e1c3097","MacAddress":"02:42:ac:12:00:03","IPv4Address":"172.18.0.3/16","IPv6Address":""},"ad5b709694693d24090bdb900829fb6f9ba891595a88a63b095451a7ffd34068":{"Name":"MyContainer","EndpointID":"b008ec1e5b388ec8511cbdcbacacc8a37f5e6877632e51cc0701e8f590b6a15f","MacAddress":"02:42:ac:12:00:02","IPv4Address":"172.18.0.2/16","IPv6Address":""}},"Options":{},"Labels":{}}


02:21:01.080 [Test worker] DEBUG o.a.h.i.c.DefaultManagedHttpClientConnection - http-outgoing-190: Close connection
02:21:01.080 [Test worker] DEBUG o.a.h.impl.execchain.MainClientExec - Connection discarded
02:21:01.080 [Test worker] DEBUG c.g.d.j.JerseyDockerCmdExecFactory$1 - Connection released: [id: 190][route: {s}->https://Thesis:2376][total kept alive: 1; route allocated: 1 of 2; total allocated: 1 of 20]
02:21:01.080 [Test worker] DEBUG c.g.d.core.command.AbstrDockerCmd - Cmd: ad5b709694693d24090bdb900829fb6f9ba891595a88a63b095451a7ffd34068,false,com.github.dockerjava.jaxrs.InspectContainerCmdExec@68f392bc
02:21:01.080 [Test worker] DEBUG c.g.d.jaxrs.InspectContainerCmdExec - GET: JerseyWebTarget { https://Thesis:2376/containers/ad5b709694693d24090bdb900829fb6f9ba891595a88a63b095451a7ffd34068/json }
02:21:01.080 [Test worker] DEBUG c.g.d.j.JerseyDockerCmdExecFactory - 41 * Sending client request on thread Test worker
41 > GET https://Thesis:2376/containers/ad5b709694693d24090bdb900829fb6f9ba891595a88a63b095451a7ffd34068/json
41 > Accept: application/json

02:21:01.081 [Test worker] DEBUG o.a.h.c.protocol.RequestAddCookies - CookieSpec selected: default
02:21:01.081 [Test worker] DEBUG o.a.h.c.protocol.RequestAuthCache - Auth cache not set in the context
02:21:01.081 [Test worker] DEBUG c.g.d.j.JerseyDockerCmdExecFactory$1 - Connection request: [route: {s}->https://Thesis:2376][total kept alive: 1; route allocated: 1 of 2; total allocated: 1 of 20]
02:21:01.081 [Test worker] DEBUG c.g.d.j.JerseyDockerCmdExecFactory$1 - Connection leased: [id: 191][route: {s}->https://Thesis:2376][total kept alive: 1; route allocated: 2 of 2; total allocated: 2 of 20]
02:21:01.081 [Test worker] DEBUG o.a.h.impl.execchain.MainClientExec - Opening connection {s}->https://Thesis:2376
02:21:01.081 [Test worker] DEBUG o.a.h.i.c.DefaultHttpClientConnectionOperator - Connecting to Thesis/127.0.1.1:2376
02:21:01.081 [Test worker] DEBUG o.a.h.c.s.SSLConnectionSocketFactory - Connecting socket to Thesis/127.0.1.1:2376 with timeout 0
02:21:01.082 [Test worker] DEBUG o.a.h.c.s.SSLConnectionSocketFactory - Enabled protocols: [TLSv1]
02:21:01.082 [Test worker] DEBUG o.a.h.c.s.SSLConnectionSocketFactory - Enabled cipher suites:[TLS_ECDHE_ECDSA_WITH_AES_128_CBC_SHA, TLS_ECDHE_RSA_WITH_AES_128_CBC_SHA, TLS_RSA_WITH_AES_128_CBC_SHA, TLS_ECDH_ECDSA_WITH_AES_128_CBC_SHA, TLS_ECDH_RSA_WITH_AES_128_CBC_SHA, TLS_DHE_RSA_WITH_AES_128_CBC_SHA, TLS_DHE_DSS_WITH_AES_128_CBC_SHA, TLS_ECDHE_ECDSA_WITH_3DES_EDE_CBC_SHA, TLS_ECDHE_RSA_WITH_3DES_EDE_CBC_SHA, SSL_RSA_WITH_3DES_EDE_CBC_SHA, TLS_ECDH_ECDSA_WITH_3DES_EDE_CBC_SHA, TLS_ECDH_RSA_WITH_3DES_EDE_CBC_SHA, SSL_DHE_RSA_WITH_3DES_EDE_CBC_SHA, SSL_DHE_DSS_WITH_3DES_EDE_CBC_SHA, TLS_ECDHE_ECDSA_WITH_RC4_128_SHA, TLS_ECDHE_RSA_WITH_RC4_128_SHA, SSL_RSA_WITH_RC4_128_SHA, TLS_ECDH_ECDSA_WITH_RC4_128_SHA, TLS_ECDH_RSA_WITH_RC4_128_SHA, SSL_RSA_WITH_RC4_128_MD5, TLS_EMPTY_RENEGOTIATION_INFO_SCSV]
02:21:01.082 [Test worker] DEBUG o.a.h.c.s.SSLConnectionSocketFactory - Starting handshake
02:21:01.140 [Test worker] DEBUG o.a.h.c.s.SSLConnectionSocketFactory - Secure session established
02:21:01.140 [Test worker] DEBUG o.a.h.c.s.SSLConnectionSocketFactory -  negotiated protocol: TLSv1
02:21:01.140 [Test worker] DEBUG o.a.h.c.s.SSLConnectionSocketFactory -  negotiated cipher suite: TLS_ECDHE_RSA_WITH_AES_128_CBC_SHA
02:21:01.140 [Test worker] DEBUG o.a.h.c.s.SSLConnectionSocketFactory -  peer principal: CN=Thesis
02:21:01.140 [Test worker] DEBUG o.a.h.c.s.SSLConnectionSocketFactory -  issuer principal: EMAILADDRESS=sha@yamil.com, CN=Thesis, OU=Open, O=Fra, L=BER, ST=BER, C=DE
02:21:01.140 [Test worker] DEBUG o.a.h.i.c.DefaultHttpClientConnectionOperator - Connection established 127.0.0.1:41258<->127.0.1.1:2376
02:21:01.140 [Test worker] DEBUG o.a.h.impl.execchain.MainClientExec - Executing request GET /containers/ad5b709694693d24090bdb900829fb6f9ba891595a88a63b095451a7ffd34068/json HTTP/1.1
02:21:01.140 [Test worker] DEBUG o.a.h.impl.execchain.MainClientExec - Target auth state: UNCHALLENGED
02:21:01.140 [Test worker] DEBUG o.a.h.impl.execchain.MainClientExec - Proxy auth state: UNCHALLENGED
02:21:01.140 [Test worker] DEBUG org.apache.http.headers - http-outgoing-191 >> GET /containers/ad5b709694693d24090bdb900829fb6f9ba891595a88a63b095451a7ffd34068/json HTTP/1.1
02:21:01.140 [Test worker] DEBUG org.apache.http.headers - http-outgoing-191 >> Accept: application/json
02:21:01.140 [Test worker] DEBUG org.apache.http.headers - http-outgoing-191 >> User-Agent: Jersey/2.23.1 (Apache HttpClient 4.5.1)
02:21:01.140 [Test worker] DEBUG org.apache.http.headers - http-outgoing-191 >> Host: Thesis:2376
02:21:01.140 [Test worker] DEBUG org.apache.http.headers - http-outgoing-191 >> Connection: Keep-Alive
02:21:01.140 [Test worker] DEBUG org.apache.http.headers - http-outgoing-191 >> Accept-Encoding: gzip,deflate
02:21:01.140 [Test worker] DEBUG org.apache.http.wire - http-outgoing-191 >> "GET /containers/ad5b709694693d24090bdb900829fb6f9ba891595a88a63b095451a7ffd34068/json HTTP/1.1[\r][\n]"
02:21:01.140 [Test worker] DEBUG org.apache.http.wire - http-outgoing-191 >> "Accept: application/json[\r][\n]"
02:21:01.141 [Test worker] DEBUG org.apache.http.wire - http-outgoing-191 >> "User-Agent: Jersey/2.23.1 (Apache HttpClient 4.5.1)[\r][\n]"
02:21:01.141 [Test worker] DEBUG org.apache.http.wire - http-outgoing-191 >> "Host: Thesis:2376[\r][\n]"
02:21:01.141 [Test worker] DEBUG org.apache.http.wire - http-outgoing-191 >> "Connection: Keep-Alive[\r][\n]"
02:21:01.141 [Test worker] DEBUG org.apache.http.wire - http-outgoing-191 >> "Accept-Encoding: gzip,deflate[\r][\n]"
02:21:01.141 [Test worker] DEBUG org.apache.http.wire - http-outgoing-191 >> "[\r][\n]"
02:21:01.141 [Test worker] DEBUG org.apache.http.wire - http-outgoing-191 << "H"
02:21:01.141 [Test worker] DEBUG org.apache.http.wire - http-outgoing-191 << "TTP/1.1 200 OK[\r][\n]"
02:21:01.141 [Test worker] DEBUG org.apache.http.wire - http-outgoing-191 << "Content-Type: application/json[\r][\n]"
02:21:01.141 [Test worker] DEBUG org.apache.http.wire - http-outgoing-191 << "Server: Docker/1.12.3 (linux)[\r][\n]"
02:21:01.141 [Test worker] DEBUG org.apache.http.wire - http-outgoing-191 << "Date: Tue, 03 Jan 2017 01:21:01 GMT[\r][\n]"
02:21:01.141 [Test worker] DEBUG org.apache.http.wire - http-outgoing-191 << "Transfer-Encoding: chunked[\r][\n]"
02:21:01.141 [Test worker] DEBUG org.apache.http.wire - http-outgoing-191 << "[\r][\n]"
02:21:01.141 [Test worker] DEBUG org.apache.http.wire - http-outgoing-191 << "1188[\r][\n]"
02:21:01.141 [Test worker] DEBUG org.apache.http.wire - http-outgoing-191 << "{"Id":"ad5b709694693d24090bdb900829fb6f9ba891595a88a63b095451a7ffd34068","Created":"2017-01-03T01:20:59.342170253Z","Path":"sleep","Args":["99999"],"State":{"Status":"running","Running":true,"Paused":false,"Restarting":false,"OOMKilled":false,"Dead":false,"Pid":29084,"ExitCode":0,"Error":"","StartedAt":"2017-01-03T01:20:59.588629692Z","FinishedAt":"0001-01-01T00:00:00Z"},"Image":"sha256:aae2b63c49461fcae4962e4a8043f66acf8e3af7e62f5ebceb70b181d8ca01e0","ResolvConfPath":"/var/lib/docker/containers/ad5b709694693d24090bdb900829fb6f9ba891595a88a63b095451a7ffd34068/resolv.conf","HostnamePath":"/var/lib/docker/containers/ad5b709694693d24090bdb900829fb6f9ba891595a88a63b095451a7ffd34068/hostname","HostsPath":"/var/lib/docker/containers/ad5b709694693d24090bdb900829fb6f9ba891595a88a63b095451a7ffd34068/hosts","LogPath":"/var/lib/docker/containers/ad5b709694693d24090bdb900829fb6f9ba891595a88a63b095451a7ffd34068/ad5b709694693d24090bdb900829fb6f9ba891595a88a63b095451a7ffd34068-json.log","Name":"/MyContainer","RestartCount":0,"Driver":"aufs","MountLabel":"","ProcessLabel":"","AppArmorProfile":"","ExecIDs":null,"HostConfig":{"Binds":null,"ContainerIDFile":"","LogConfig":{"Type":"json-file","Config":{}},"NetworkMode":"default","PortBindings":{"8084/tcp":[{"HostIp":"","HostPort":"8084"}]},"RestartPolicy":{"Name":"","MaximumRetryCount":0},"AutoRemove":false,"VolumeDriver":"","VolumesFrom":null,"CapAdd":null,"CapDrop":null,"Dns":null,"DnsOptions":null,"DnsSearch":null,"ExtraHosts":null,"GroupAdd":null,"IpcMode":"","Cgroup":"","Links":null,"OomScoreAdj":0,"PidMode":"","Privileged":false,"PublishAllPorts":false,"ReadonlyRootfs":false,"SecurityOpt":null,"UTSMode":"","UsernsMode":"","ShmSize":67108864,"Runtime":"runc","ConsoleSize":[0,0],"Isolation":"","CpuShares":0,"Memory":0,"CgroupParent":"","BlkioWeight":0,"BlkioWeightDevice":null,"BlkioDeviceReadBps":null,"BlkioDeviceWriteBps":null,"BlkioDeviceReadIOps":null,"BlkioDeviceWriteIOps":null,"CpuPeriod":0,"CpuQuota":0,"CpusetCpus":"","CpusetMems":"","Devices":null,"DiskQuota":0,"KernelMemory":0,"MemoryReservation":0,"MemorySwap":0,"MemorySwappiness":-1,"OomKillDisable":false,"PidsLimit":0,"Ulimits":null,"CpuCount":0,"CpuPercent":0,"IOMaximumIOps":0,"IOMaximumBandwidth":0},"GraphDriver":{"Name":"aufs","Data":null},"Mounts":[],"Config":{"Hostname":"MyContainer","Domainname":"","User":"","AttachStdin":false,"AttachStdout":false,"AttachStderr":false,"ExposedPorts":{"8084/tcp":{}},"Tty":false,"OpenStdin":false,"StdinOnce":false,"Env":["port=8080","TERM=xterm","PATH=/usr/local/sbin:/usr/local/bin:/usr/sbin:/usr/bin:/sbin:/bin"],"Cmd":["sleep","99999"],"Image":"ubuntu:14.04","Volumes":null,"WorkingDir":"","Entrypoint":null,"OnBuild":null,"Labels":{}},"NetworkSettings":{"Bridge":"","SandboxID":"c3d436e5278bd4e87cd9632f8b3328bc338d010340c7de92281b8284d72604a4","HairpinMode":false,"LinkLocalIPv6Address":"","LinkLocalIPv6PrefixLen":0,"Ports":{"8084/tcp":[{"HostIp":"0.0.0.0","HostPort":"8084"}]},"SandboxKey":"/var/run/docker/netns/c3d436e5278b","SecondaryIPAddresses":null,"SecondaryIPv6Addresses":null,"EndpointID":"19c469b69b9473770b26a3d0db1245b08696fcaa379c16e293528a107016813e","Gateway":"172.17.0.1","GlobalIPv6Address":"","GlobalIPv6PrefixLen":0,"IPAddress":"172.17.0.2","IPPrefixLen":16,"IPv6Gateway":"","MacAddress":"02:42:ac:11:00:02","Networks":{"MyNetwork":{"IPAMConfig":{},"Links":null,"Aliases":["ad5b70969469"],"NetworkID":"d0f5a2c45f1004132aedb75deade58cef1642e7e80860d95a5cbeab448afd10c","EndpointID":"b008ec1e5b388ec8511cbdcbacacc8a37f5e6877632e51cc0701e8f590b6a15f","Gateway":"172.18.0.1","IPAddress":"172.18.0.2","IPPrefixLen":16,"IPv6Gateway":"","GlobalIPv6Address":"","GlobalIPv6PrefixLen":0,"MacAddress":"02:42:ac:12:00:02"},"MyNetwork2":{"IPAMConfig":{},"Links":null,"Aliases":["ad5b70969469"],"NetworkID":"31df3c6545224c9e9b0fdff3725c37715371526244100d2cda3be4c10e1054c4","EndpointID":"300919439c3f00b3dbec20e03be534489509bf9ecde659b77574fa2ab16dd0ab""
02:21:01.142 [Test worker] DEBUG org.apache.http.headers - http-outgoing-191 << HTTP/1.1 200 OK
02:21:01.142 [Test worker] DEBUG org.apache.http.headers - http-outgoing-191 << Content-Type: application/json
02:21:01.142 [Test worker] DEBUG org.apache.http.headers - http-outgoing-191 << Server: Docker/1.12.3 (linux)
02:21:01.142 [Test worker] DEBUG org.apache.http.headers - http-outgoing-191 << Date: Tue, 03 Jan 2017 01:21:01 GMT
02:21:01.142 [Test worker] DEBUG org.apache.http.headers - http-outgoing-191 << Transfer-Encoding: chunked
02:21:01.143 [Test worker] DEBUG o.a.h.impl.execchain.MainClientExec - Connection can be kept alive indefinitely
02:21:01.143 [Test worker] DEBUG c.g.d.j.JerseyDockerCmdExecFactory - 42 * Client response received on thread Test worker
42 < 200
42 < Content-Length: -1
42 < Content-Type: application/json
42 < Date: Tue, 03 Jan 2017 01:21:01 GMT
42 < Server: Docker/1.12.3 (linux)
42 < Transfer-Encoding: chunked
{"Id":"ad5b709694693d24090bdb900829fb6f9ba891595a88a63b095451a7ffd34068","Created":"2017-01-03T01:20:59.342170253Z","Path":"sleep","Args":["99999"],"State":{"Status":"running","Running":true,"Paused":false,"Restarting":false,"OOMKilled":false,"Dead":false,"Pid":29084,"ExitCode":0,"Error":"","StartedAt":"2017-01-03T01:20:59.588629692Z","FinishedAt":"0001-01-01T00:00:00Z"},"Image":"sha256:aae2b63c49461fcae4962e4a8043f66acf8e3af7e62f5ebceb70b181d8ca01e0","ResolvConfPath":"/var/lib/docker/containers/ad5b709694693d24090bdb900829fb6f9ba891595a88a63b095451a7ffd34068/resolv.conf","HostnamePath":"/var/lib/docker/containers/ad5b709694693d24090bdb900829fb6f9ba891595a88a63b095451a7ffd34068/hostname","HostsPath":"/var/lib/docker/containers/ad5b709694693d24090bdb900829fb6f9ba891595a88a63b095451a7ffd34068/hosts","LogPath":"/var/lib/docker/containers/ad5b709694693d24090bdb900829fb6f9ba891595a88a63b095451a7ffd34068/ad5b709694693d24090bdb900829fb6f9ba891595a88a63b095451a7ffd34068-json.log","Name":"/MyContainer","RestartCount":0,"Driver":"aufs","MountLabel":"","ProcessLabel":"","AppArmorProfile":"","ExecIDs":null,"HostConfig":{"Binds":null,"ContainerIDFile":"","LogConfig":{"Type":"json-file","Config":{}},"NetworkMode":"default","PortBindings":{"8084/tcp":[{"HostIp":"","HostPort":"8084"}]},"RestartPolicy":{"Name":"","MaximumRetryCount":0},"AutoRemove":false,"VolumeDriver":"","VolumesFrom":null,"CapAdd":null,"CapDrop":null,"Dns":null,"DnsOptions":null,"DnsSearch":null,"ExtraHosts":null,"GroupAdd":null,"IpcMode":"","Cgroup":"","Links":null,"OomScoreAdj":0,"PidMode":"","Privileged":false,"PublishAllPorts":false,"ReadonlyRootfs":false,"SecurityOpt":null,"UTSMode":"","UsernsMode":"","ShmSize":67108864,"Runtime":"runc","ConsoleSize":[0,0],"Isolation":"","CpuShares":0,"Memory":0,"CgroupParent":"","BlkioWeight":0,"BlkioWeightDevice":null,"BlkioDeviceReadBps":null,"BlkioDeviceWriteBps":null,"BlkioDeviceReadIOps":null,"BlkioDeviceWriteIOps":null,"CpuPeriod":0,"CpuQuota":0,"CpusetCpus":"","CpusetMems":"","Devices":null,"DiskQuota":0,"KernelMemory":0,"MemoryReservation":0,"MemorySwap":0,"MemorySwappiness":-1,"OomKillDisable":false,"PidsLimit":0,"Ulimits":null,"CpuCount":0,"CpuPercent":0,"IOMaximumIOps":0,"IOMaximumBandwidth":0},"GraphDriver":{"Name":"aufs","Data":null},"Mounts":[],"Config":{"Hostname":"MyContainer","Domainname":"","User":"","AttachStdin":false,"AttachStdout":false,"AttachStderr":false,"ExposedPorts":{"8084/tcp":{}},"Tty":false,"OpenStdin":false,"StdinOnce":false,"Env":["port=8080","TERM=xterm","PATH=/usr/local/sbin:/usr/local/bin:/usr/sbin:/usr/bin:/sbin:/bin"],"Cmd":["sleep","99999"],"Image":"ubuntu:14.04","Volumes":null,"WorkingDir":"","Entrypoint":null,"OnBuild":null,"Labels":{}},"NetworkSettings":{"Bridge":"","SandboxID":"c3d436e5278bd4e87cd9632f8b3328bc338d010340c7de92281b8284d72604a4","HairpinMode":false,"LinkLocalIPv6Address":"","LinkLocalIPv6PrefixLen":0,"Ports":{"8084/tcp":[{"HostIp":"0.0.0.0","HostPort":"8084"}]},"SandboxKey":"/var/run/docker/netns/c3d436e5278b","SecondaryIPAddresses":null,"SecondaryIPv6Addresses":null,"EndpointID":"19c469b69b9473770b26a3d0db1245b08696fcaa379c16e293528a107016813e","Gateway":"172.17.0.1","GlobalIPv6Address":"","GlobalIPv6PrefixLen":0,"IPAddress":"172.17.0.2","IPPrefixLen":16,"IPv6Gateway":"","MacAddress":"02:42:ac:11:00:02","Networks":{"MyNetwork":{"IPAMConfig":{},"Links":null,"Aliases":["ad5b70969469"],"NetworkID":"d0f5a2c45f1004132aedb75deade58cef1642e7e80860d95a5cbeab448afd10c","EndpointID":"b008ec1e5b388ec8511cbdcbacacc8a37f5e6877632e51cc0701e8f590b6a15f","Gateway":"172.18.0.1","IPAddress":"172.18.0.2","IPPrefixLen":16,"IPv6Gateway":"","GlobalIPv6Address":"","GlobalIPv6PrefixLen":0,"MacAddress":"02:42:ac:12:00:02"},"MyNetwork2":{"IPAMConfig":{},"Links":null,"Aliases":["ad5b70969469"],"NetworkID":"31df3c6545224c9e9b0fdff3725c37715371526244100d2cda3be4c10e1054c4","EndpointID":"300919439c3f00b3dbec20e03be534489509bf9ecde659b77574fa2ab16dd0ab"

02:21:01.171 [Test worker] DEBUG org.apache.http.wire - http-outgoing-191 << ","
02:21:01.171 [Test worker] DEBUG org.apache.http.wire - http-outgoing-191 << ""Gateway":"172.19.0.1","IPAddress":"172.19.0.2","IPPrefixLen":16,"IPv6Gateway":"","GlobalIPv6Address":"","GlobalIPv6PrefixLen":0,"MacAddress":"02:42:ac:13:00:02"},"bridge":{"IPAMConfig":null,"Links":null,"Aliases":null,"NetworkID":"e0d36057aa1769e9fd52ba88be81b698b495f9b6b4946d0f98f24d971a27fc98","EndpointID":"19c469b69b9473770b26a3d0db1245b08696fcaa379c16e293528a107016813e","Gateway":"172.17.0.1","IPAddress":"172.17.0.2","IPPrefixLen":16,"IPv6Gateway":"","GlobalIPv6Address":"","GlobalIPv6PrefixLen":0,"MacAddress":"02:42:ac:11:00:02"}}}}[\n]"
02:21:01.172 [Test worker] DEBUG o.a.h.i.c.DefaultManagedHttpClientConnection - http-outgoing-191: Close connection
02:21:01.172 [Test worker] DEBUG o.a.h.impl.execchain.MainClientExec - Connection discarded
02:21:01.172 [Test worker] DEBUG c.g.d.j.JerseyDockerCmdExecFactory$1 - Connection released: [id: 191][route: {s}->https://Thesis:2376][total kept alive: 1; route allocated: 1 of 2; total allocated: 1 of 20]
02:21:01.172 [Test worker] DEBUG org.apache.http.wire - http-outgoing-191 << "[read] I/O error: Socket is closed"
02:21:01.172 [Test worker] DEBUG c.g.d.core.command.AbstrDockerCmd - Cmd: -1,<null>,true,<null>,<null>,com.github.dockerjava.core.util.FiltersBuilder@0,com.github.dockerjava.jaxrs.ListContainersCmdExec@7381d4e0
02:21:01.173 [Test worker] DEBUG c.g.d.j.JerseyDockerCmdExecFactory - 43 * Sending client request on thread Test worker
43 > GET https://Thesis:2376/containers/json?all=true
43 > Accept: application/json

02:21:01.173 [Test worker] DEBUG o.a.h.c.protocol.RequestAddCookies - CookieSpec selected: default
02:21:01.173 [Test worker] DEBUG o.a.h.c.protocol.RequestAuthCache - Auth cache not set in the context
02:21:01.173 [Test worker] DEBUG c.g.d.j.JerseyDockerCmdExecFactory$1 - Connection request: [route: {s}->https://Thesis:2376][total kept alive: 1; route allocated: 1 of 2; total allocated: 1 of 20]
02:21:01.173 [Test worker] DEBUG c.g.d.j.JerseyDockerCmdExecFactory$1 - Connection leased: [id: 192][route: {s}->https://Thesis:2376][total kept alive: 1; route allocated: 2 of 2; total allocated: 2 of 20]
02:21:01.173 [Test worker] DEBUG o.a.h.impl.execchain.MainClientExec - Opening connection {s}->https://Thesis:2376
02:21:01.173 [Test worker] DEBUG o.a.h.i.c.DefaultHttpClientConnectionOperator - Connecting to Thesis/127.0.1.1:2376
02:21:01.173 [Test worker] DEBUG o.a.h.c.s.SSLConnectionSocketFactory - Connecting socket to Thesis/127.0.1.1:2376 with timeout 0
02:21:01.174 [Test worker] DEBUG o.a.h.c.s.SSLConnectionSocketFactory - Enabled protocols: [TLSv1]
02:21:01.174 [Test worker] DEBUG o.a.h.c.s.SSLConnectionSocketFactory - Enabled cipher suites:[TLS_ECDHE_ECDSA_WITH_AES_128_CBC_SHA, TLS_ECDHE_RSA_WITH_AES_128_CBC_SHA, TLS_RSA_WITH_AES_128_CBC_SHA, TLS_ECDH_ECDSA_WITH_AES_128_CBC_SHA, TLS_ECDH_RSA_WITH_AES_128_CBC_SHA, TLS_DHE_RSA_WITH_AES_128_CBC_SHA, TLS_DHE_DSS_WITH_AES_128_CBC_SHA, TLS_ECDHE_ECDSA_WITH_3DES_EDE_CBC_SHA, TLS_ECDHE_RSA_WITH_3DES_EDE_CBC_SHA, SSL_RSA_WITH_3DES_EDE_CBC_SHA, TLS_ECDH_ECDSA_WITH_3DES_EDE_CBC_SHA, TLS_ECDH_RSA_WITH_3DES_EDE_CBC_SHA, SSL_DHE_RSA_WITH_3DES_EDE_CBC_SHA, SSL_DHE_DSS_WITH_3DES_EDE_CBC_SHA, TLS_ECDHE_ECDSA_WITH_RC4_128_SHA, TLS_ECDHE_RSA_WITH_RC4_128_SHA, SSL_RSA_WITH_RC4_128_SHA, TLS_ECDH_ECDSA_WITH_RC4_128_SHA, TLS_ECDH_RSA_WITH_RC4_128_SHA, SSL_RSA_WITH_RC4_128_MD5, TLS_EMPTY_RENEGOTIATION_INFO_SCSV]
02:21:01.174 [Test worker] DEBUG o.a.h.c.s.SSLConnectionSocketFactory - Starting handshake
02:21:01.246 [Test worker] DEBUG o.a.h.c.s.SSLConnectionSocketFactory - Secure session established
02:21:01.246 [Test worker] DEBUG o.a.h.c.s.SSLConnectionSocketFactory -  negotiated protocol: TLSv1
02:21:01.246 [Test worker] DEBUG o.a.h.c.s.SSLConnectionSocketFactory -  negotiated cipher suite: TLS_ECDHE_RSA_WITH_AES_128_CBC_SHA
02:21:01.246 [Test worker] DEBUG o.a.h.c.s.SSLConnectionSocketFactory -  peer principal: CN=Thesis
02:21:01.246 [Test worker] DEBUG o.a.h.c.s.SSLConnectionSocketFactory -  issuer principal: EMAILADDRESS=sha@yamil.com, CN=Thesis, OU=Open, O=Fra, L=BER, ST=BER, C=DE
02:21:01.246 [Test worker] DEBUG o.a.h.i.c.DefaultHttpClientConnectionOperator - Connection established 127.0.0.1:41260<->127.0.1.1:2376
02:21:01.247 [Test worker] DEBUG o.a.h.impl.execchain.MainClientExec - Executing request GET /containers/json?all=true HTTP/1.1
02:21:01.247 [Test worker] DEBUG o.a.h.impl.execchain.MainClientExec - Target auth state: UNCHALLENGED
02:21:01.247 [Test worker] DEBUG o.a.h.impl.execchain.MainClientExec - Proxy auth state: UNCHALLENGED
02:21:01.247 [Test worker] DEBUG org.apache.http.headers - http-outgoing-192 >> GET /containers/json?all=true HTTP/1.1
02:21:01.247 [Test worker] DEBUG org.apache.http.headers - http-outgoing-192 >> Accept: application/json
02:21:01.247 [Test worker] DEBUG org.apache.http.headers - http-outgoing-192 >> User-Agent: Jersey/2.23.1 (Apache HttpClient 4.5.1)
02:21:01.247 [Test worker] DEBUG org.apache.http.headers - http-outgoing-192 >> Host: Thesis:2376
02:21:01.247 [Test worker] DEBUG org.apache.http.headers - http-outgoing-192 >> Connection: Keep-Alive
02:21:01.247 [Test worker] DEBUG org.apache.http.headers - http-outgoing-192 >> Accept-Encoding: gzip,deflate
02:21:01.247 [Test worker] DEBUG org.apache.http.wire - http-outgoing-192 >> "GET /containers/json?all=true HTTP/1.1[\r][\n]"
02:21:01.247 [Test worker] DEBUG org.apache.http.wire - http-outgoing-192 >> "Accept: application/json[\r][\n]"
02:21:01.247 [Test worker] DEBUG org.apache.http.wire - http-outgoing-192 >> "User-Agent: Jersey/2.23.1 (Apache HttpClient 4.5.1)[\r][\n]"
02:21:01.247 [Test worker] DEBUG org.apache.http.wire - http-outgoing-192 >> "Host: Thesis:2376[\r][\n]"
02:21:01.247 [Test worker] DEBUG org.apache.http.wire - http-outgoing-192 >> "Connection: Keep-Alive[\r][\n]"
02:21:01.247 [Test worker] DEBUG org.apache.http.wire - http-outgoing-192 >> "Accept-Encoding: gzip,deflate[\r][\n]"
02:21:01.247 [Test worker] DEBUG org.apache.http.wire - http-outgoing-192 >> "[\r][\n]"
02:21:01.248 [Test worker] DEBUG org.apache.http.wire - http-outgoing-192 << "H"
02:21:01.248 [Test worker] DEBUG org.apache.http.wire - http-outgoing-192 << "TTP/1.1 200 OK[\r][\n]"
02:21:01.248 [Test worker] DEBUG org.apache.http.wire - http-outgoing-192 << "Content-Type: application/json[\r][\n]"
02:21:01.248 [Test worker] DEBUG org.apache.http.wire - http-outgoing-192 << "Server: Docker/1.12.3 (linux)[\r][\n]"
02:21:01.248 [Test worker] DEBUG org.apache.http.wire - http-outgoing-192 << "Date: Tue, 03 Jan 2017 01:21:01 GMT[\r][\n]"
02:21:01.248 [Test worker] DEBUG org.apache.http.wire - http-outgoing-192 << "Transfer-Encoding: chunked[\r][\n]"
02:21:01.248 [Test worker] DEBUG org.apache.http.wire - http-outgoing-192 << "[\r][\n]"
02:21:01.248 [Test worker] DEBUG org.apache.http.wire - http-outgoing-192 << "c89[\r][\n]"
02:21:01.248 [Test worker] DEBUG org.apache.http.wire - http-outgoing-192 << "[{"Id":"a32fb40ba95634131250082dd9e41e4283dd4fbe773bde1ca9b7c2e67e3e881a","Names":["/MyContainer2"],"Image":"ubuntu:14.04","ImageID":"sha256:aae2b63c49461fcae4962e4a8043f66acf8e3af7e62f5ebceb70b181d8ca01e0","Command":"sleep 99999","Created":1483406459,"Ports":[{"IP":"0.0.0.0","PrivatePort":8085,"PublicPort":8085,"Type":"tcp"}],"Labels":{},"State":"running","Status":"Up 1 seconds","HostConfig":{"NetworkMode":"default"},"NetworkSettings":{"Networks":{"MyNetwork":{"IPAMConfig":{},"Links":null,"Aliases":null,"NetworkID":"d0f5a2c45f1004132aedb75deade58cef1642e7e80860d95a5cbeab448afd10c","EndpointID":"a205e78937ee4c764f514d7ef54fbde9903aaa36f383f7f54858861e9e1c3097","Gateway":"172.18.0.1","IPAddress":"172.18.0.3","IPPrefixLen":16,"IPv6Gateway":"","GlobalIPv6Address":"","GlobalIPv6PrefixLen":0,"MacAddress":"02:42:ac:12:00:03"},"MyNetwork2":{"IPAMConfig":{},"Links":null,"Aliases":null,"NetworkID":"31df3c6545224c9e9b0fdff3725c37715371526244100d2cda3be4c10e1054c4","EndpointID":"84bfc1e99de8fd6458ef2cf0cda64fc2ff2a2348c7533fdb952d61ed18ecbf92","Gateway":"172.19.0.1","IPAddress":"172.19.0.3","IPPrefixLen":16,"IPv6Gateway":"","GlobalIPv6Address":"","GlobalIPv6PrefixLen":0,"MacAddress":"02:42:ac:13:00:03"},"bridge":{"IPAMConfig":null,"Links":null,"Aliases":null,"NetworkID":"e0d36057aa1769e9fd52ba88be81b698b495f9b6b4946d0f98f24d971a27fc98","EndpointID":"a6674ee101973a484002e3f25c5db1bda8d93fa4328c3cc5de28272a25f5b8b2","Gateway":"172.17.0.1","IPAddress":"172.17.0.3","IPPrefixLen":16,"IPv6Gateway":"","GlobalIPv6Address":"","GlobalIPv6PrefixLen":0,"MacAddress":"02:42:ac:11:00:03"}}},"Mounts":[]},{"Id":"ad5b709694693d24090bdb900829fb6f9ba891595a88a63b095451a7ffd34068","Names":["/MyContainer"],"Image":"ubuntu:14.04","ImageID":"sha256:aae2b63c49461fcae4962e4a8043f66acf8e3af7e62f5ebceb70b181d8ca01e0","Command":"sleep 99999","Created":1483406459,"Ports":[{"IP":"0.0.0.0","PrivatePort":8084,"PublicPort":8084,"Type":"tcp"}],"Labels":{},"State":"running","Status":"Up 1 seconds","HostConfig":{"NetworkMode":"default"},"NetworkSettings":{"Networks":{"MyNetwork":{"IPAMConfig":{},"Links":null,"Aliases":null,"NetworkID":"d0f5a2c45f1004132aedb75deade58cef1642e7e80860d95a5cbeab448afd10c","EndpointID":"b008ec1e5b388ec8511cbdcbacacc8a37f5e6877632e51cc0701e8f590b6a15f","Gateway":"172.18.0.1","IPAddress":"172.18.0.2","IPPrefixLen":16,"IPv6Gateway":"","GlobalIPv6Address":"","GlobalIPv6PrefixLen":0,"MacAddress":"02:42:ac:12:00:02"},"MyNetwork2":{"IPAMConfig":{},"Links":null,"Aliases":null,"NetworkID":"31df3c6545224c9e9b0fdff3725c37715371526244100d2cda3be4c10e1054c4","EndpointID":"300919439c3f00b3dbec20e03be534489509bf9ecde659b77574fa2ab16dd0ab","Gateway":"172.19.0.1","IPAddress":"172.19.0.2","IPPrefixLen":16,"IPv6Gateway":"","GlobalIPv6Address":"","GlobalIPv6PrefixLen":0,"MacAddress":"02:42:ac:13:00:02"},"bridge":{"IPAMConfig":null,"Links":null,"Aliases":null,"NetworkID":"e0d36057aa1769e9fd52ba88be81b698b495f9b6b4946d0f98f24d971a27fc98","EndpointID":"19c469b69b9473770b26a3d0db1245b08696fcaa379c16e293528a107016813e","Gateway":"172.17.0.1","IPAddress":"172.17.0.2","IPPrefixLen":16,"IPv6Gateway":"","GlobalIPv6Address":"","GlobalIPv6PrefixLen":0,"MacAddress":"02:42:ac:11:00:02"}}},"Mounts":[]}][\n]"
02:21:01.248 [Test worker] DEBUG org.apache.http.wire - http-outgoing-192 << "[\r][\n]"
02:21:01.248 [Test worker] DEBUG org.apache.http.wire - http-outgoing-192 << "0[\r][\n]"
02:21:01.248 [Test worker] DEBUG org.apache.http.wire - http-outgoing-192 << "[\r][\n]"
02:21:01.248 [Test worker] DEBUG org.apache.http.headers - http-outgoing-192 << HTTP/1.1 200 OK
02:21:01.248 [Test worker] DEBUG org.apache.http.headers - http-outgoing-192 << Content-Type: application/json
02:21:01.248 [Test worker] DEBUG org.apache.http.headers - http-outgoing-192 << Server: Docker/1.12.3 (linux)
02:21:01.248 [Test worker] DEBUG org.apache.http.headers - http-outgoing-192 << Date: Tue, 03 Jan 2017 01:21:01 GMT
02:21:01.248 [Test worker] DEBUG org.apache.http.headers - http-outgoing-192 << Transfer-Encoding: chunked
02:21:01.249 [Test worker] DEBUG o.a.h.impl.execchain.MainClientExec - Connection can be kept alive indefinitely
02:21:01.249 [Test worker] DEBUG c.g.d.j.JerseyDockerCmdExecFactory - 44 * Client response received on thread Test worker
44 < 200
44 < Content-Length: -1
44 < Content-Type: application/json
44 < Date: Tue, 03 Jan 2017 01:21:01 GMT
44 < Server: Docker/1.12.3 (linux)
44 < Transfer-Encoding: chunked
[{"Id":"a32fb40ba95634131250082dd9e41e4283dd4fbe773bde1ca9b7c2e67e3e881a","Names":["/MyContainer2"],"Image":"ubuntu:14.04","ImageID":"sha256:aae2b63c49461fcae4962e4a8043f66acf8e3af7e62f5ebceb70b181d8ca01e0","Command":"sleep 99999","Created":1483406459,"Ports":[{"IP":"0.0.0.0","PrivatePort":8085,"PublicPort":8085,"Type":"tcp"}],"Labels":{},"State":"running","Status":"Up 1 seconds","HostConfig":{"NetworkMode":"default"},"NetworkSettings":{"Networks":{"MyNetwork":{"IPAMConfig":{},"Links":null,"Aliases":null,"NetworkID":"d0f5a2c45f1004132aedb75deade58cef1642e7e80860d95a5cbeab448afd10c","EndpointID":"a205e78937ee4c764f514d7ef54fbde9903aaa36f383f7f54858861e9e1c3097","Gateway":"172.18.0.1","IPAddress":"172.18.0.3","IPPrefixLen":16,"IPv6Gateway":"","GlobalIPv6Address":"","GlobalIPv6PrefixLen":0,"MacAddress":"02:42:ac:12:00:03"},"MyNetwork2":{"IPAMConfig":{},"Links":null,"Aliases":null,"NetworkID":"31df3c6545224c9e9b0fdff3725c37715371526244100d2cda3be4c10e1054c4","EndpointID":"84bfc1e99de8fd6458ef2cf0cda64fc2ff2a2348c7533fdb952d61ed18ecbf92","Gateway":"172.19.0.1","IPAddress":"172.19.0.3","IPPrefixLen":16,"IPv6Gateway":"","GlobalIPv6Address":"","GlobalIPv6PrefixLen":0,"MacAddress":"02:42:ac:13:00:03"},"bridge":{"IPAMConfig":null,"Links":null,"Aliases":null,"NetworkID":"e0d36057aa1769e9fd52ba88be81b698b495f9b6b4946d0f98f24d971a27fc98","EndpointID":"a6674ee101973a484002e3f25c5db1bda8d93fa4328c3cc5de28272a25f5b8b2","Gateway":"172.17.0.1","IPAddress":"172.17.0.3","IPPrefixLen":16,"IPv6Gateway":"","GlobalIPv6Address":"","GlobalIPv6PrefixLen":0,"MacAddress":"02:42:ac:11:00:03"}}},"Mounts":[]},{"Id":"ad5b709694693d24090bdb900829fb6f9ba891595a88a63b095451a7ffd34068","Names":["/MyContainer"],"Image":"ubuntu:14.04","ImageID":"sha256:aae2b63c49461fcae4962e4a8043f66acf8e3af7e62f5ebceb70b181d8ca01e0","Command":"sleep 99999","Created":1483406459,"Ports":[{"IP":"0.0.0.0","PrivatePort":8084,"PublicPort":8084,"Type":"tcp"}],"Labels":{},"State":"running","Status":"Up 1 seconds","HostConfig":{"NetworkMode":"default"},"NetworkSettings":{"Networks":{"MyNetwork":{"IPAMConfig":{},"Links":null,"Aliases":null,"NetworkID":"d0f5a2c45f1004132aedb75deade58cef1642e7e80860d95a5cbeab448afd10c","EndpointID":"b008ec1e5b388ec8511cbdcbacacc8a37f5e6877632e51cc0701e8f590b6a15f","Gateway":"172.18.0.1","IPAddress":"172.18.0.2","IPPrefixLen":16,"IPv6Gateway":"","GlobalIPv6Address":"","GlobalIPv6PrefixLen":0,"MacAddress":"02:42:ac:12:00:02"},"MyNetwork2":{"IPAMConfig":{},"Links":null,"Aliases":null,"NetworkID":"31df3c6545224c9e9b0fdff3725c37715371526244100d2cda3be4c10e1054c4","EndpointID":"300919439c3f00b3dbec20e03be534489509bf9ecde659b77574fa2ab16dd0ab","Gateway":"172.19.0.1","IPAddress":"172.19.0.2","IPPrefixLen":16,"IPv6Gateway":"","GlobalIPv6Address":"","GlobalIPv6PrefixLen":0,"MacAddress":"02:42:ac:13:00:02"},"bridge":{"IPAMConfig":null,"Links":null,"Aliases":null,"NetworkID":"e0d36057aa1769e9fd52ba88be81b698b495f9b6b4946d0f98f24d971a27fc98","EndpointID":"19c469b69b9473770b26a3d0db1245b08696fcaa379c16e293528a107016813e","Gateway":"172.17.0.1","IPAddress":"172.17.0.2","IPPrefixLen":16,"IPv6Gateway":"","GlobalIPv6Address":"","GlobalIPv6PrefixLen":0,"MacAddress":"02:42:ac:11:00:02"}}},"Mounts":[]}]


02:21:01.250 [Test worker] DEBUG o.a.h.i.c.DefaultManagedHttpClientConnection - http-outgoing-192: Close connection
02:21:01.250 [Test worker] DEBUG o.a.h.impl.execchain.MainClientExec - Connection discarded
02:21:01.250 [Test worker] DEBUG c.g.d.j.JerseyDockerCmdExecFactory$1 - Connection released: [id: 192][route: {s}->https://Thesis:2376][total kept alive: 1; route allocated: 1 of 2; total allocated: 1 of 20]
02:21:01.250 [Test worker] DEBUG org.apache.http.wire - http-outgoing-192 << "[read] I/O error: Socket is closed"
02:21:01.251 [Test worker] DEBUG c.g.d.core.command.AbstrDockerCmd - Cmd: ListImagesCmdImpl[imageNameFilter=<null>,showAll=true,filters=com.github.dockerjava.core.util.FiltersBuilder@0,execution=com.github.dockerjava.jaxrs.ListImagesCmdExec@73841023]
02:21:01.251 [Test worker] DEBUG c.g.d.j.JerseyDockerCmdExecFactory - 45 * Sending client request on thread Test worker
45 > GET https://Thesis:2376/images/json?all=true
45 > Accept: application/json

02:21:01.251 [Test worker] DEBUG o.a.h.c.protocol.RequestAddCookies - CookieSpec selected: default
02:21:01.251 [Test worker] DEBUG o.a.h.c.protocol.RequestAuthCache - Auth cache not set in the context
02:21:01.251 [Test worker] DEBUG c.g.d.j.JerseyDockerCmdExecFactory$1 - Connection request: [route: {s}->https://Thesis:2376][total kept alive: 1; route allocated: 1 of 2; total allocated: 1 of 20]
02:21:01.252 [Test worker] DEBUG c.g.d.j.JerseyDockerCmdExecFactory$1 - Connection leased: [id: 193][route: {s}->https://Thesis:2376][total kept alive: 1; route allocated: 2 of 2; total allocated: 2 of 20]
02:21:01.252 [Test worker] DEBUG o.a.h.impl.execchain.MainClientExec - Opening connection {s}->https://Thesis:2376
02:21:01.252 [Test worker] DEBUG o.a.h.i.c.DefaultHttpClientConnectionOperator - Connecting to Thesis/127.0.1.1:2376
02:21:01.252 [Test worker] DEBUG o.a.h.c.s.SSLConnectionSocketFactory - Connecting socket to Thesis/127.0.1.1:2376 with timeout 0
02:21:01.252 [Test worker] DEBUG o.a.h.c.s.SSLConnectionSocketFactory - Enabled protocols: [TLSv1]
02:21:01.252 [Test worker] DEBUG o.a.h.c.s.SSLConnectionSocketFactory - Enabled cipher suites:[TLS_ECDHE_ECDSA_WITH_AES_128_CBC_SHA, TLS_ECDHE_RSA_WITH_AES_128_CBC_SHA, TLS_RSA_WITH_AES_128_CBC_SHA, TLS_ECDH_ECDSA_WITH_AES_128_CBC_SHA, TLS_ECDH_RSA_WITH_AES_128_CBC_SHA, TLS_DHE_RSA_WITH_AES_128_CBC_SHA, TLS_DHE_DSS_WITH_AES_128_CBC_SHA, TLS_ECDHE_ECDSA_WITH_3DES_EDE_CBC_SHA, TLS_ECDHE_RSA_WITH_3DES_EDE_CBC_SHA, SSL_RSA_WITH_3DES_EDE_CBC_SHA, TLS_ECDH_ECDSA_WITH_3DES_EDE_CBC_SHA, TLS_ECDH_RSA_WITH_3DES_EDE_CBC_SHA, SSL_DHE_RSA_WITH_3DES_EDE_CBC_SHA, SSL_DHE_DSS_WITH_3DES_EDE_CBC_SHA, TLS_ECDHE_ECDSA_WITH_RC4_128_SHA, TLS_ECDHE_RSA_WITH_RC4_128_SHA, SSL_RSA_WITH_RC4_128_SHA, TLS_ECDH_ECDSA_WITH_RC4_128_SHA, TLS_ECDH_RSA_WITH_RC4_128_SHA, SSL_RSA_WITH_RC4_128_MD5, TLS_EMPTY_RENEGOTIATION_INFO_SCSV]
02:21:01.252 [Test worker] DEBUG o.a.h.c.s.SSLConnectionSocketFactory - Starting handshake
02:21:01.310 [Test worker] DEBUG o.a.h.c.s.SSLConnectionSocketFactory - Secure session established
02:21:01.310 [Test worker] DEBUG o.a.h.c.s.SSLConnectionSocketFactory -  negotiated protocol: TLSv1
02:21:01.311 [Test worker] DEBUG o.a.h.c.s.SSLConnectionSocketFactory -  negotiated cipher suite: TLS_ECDHE_RSA_WITH_AES_128_CBC_SHA
02:21:01.311 [Test worker] DEBUG o.a.h.c.s.SSLConnectionSocketFactory -  peer principal: CN=Thesis
02:21:01.311 [Test worker] DEBUG o.a.h.c.s.SSLConnectionSocketFactory -  issuer principal: EMAILADDRESS=sha@yamil.com, CN=Thesis, OU=Open, O=Fra, L=BER, ST=BER, C=DE
02:21:01.311 [Test worker] DEBUG o.a.h.i.c.DefaultHttpClientConnectionOperator - Connection established 127.0.0.1:41262<->127.0.1.1:2376
02:21:01.311 [Test worker] DEBUG o.a.h.impl.execchain.MainClientExec - Executing request GET /images/json?all=true HTTP/1.1
02:21:01.311 [Test worker] DEBUG o.a.h.impl.execchain.MainClientExec - Target auth state: UNCHALLENGED
02:21:01.311 [Test worker] DEBUG o.a.h.impl.execchain.MainClientExec - Proxy auth state: UNCHALLENGED
02:21:01.311 [Test worker] DEBUG org.apache.http.headers - http-outgoing-193 >> GET /images/json?all=true HTTP/1.1
02:21:01.311 [Test worker] DEBUG org.apache.http.headers - http-outgoing-193 >> Accept: application/json
02:21:01.311 [Test worker] DEBUG org.apache.http.headers - http-outgoing-193 >> User-Agent: Jersey/2.23.1 (Apache HttpClient 4.5.1)
02:21:01.311 [Test worker] DEBUG org.apache.http.headers - http-outgoing-193 >> Host: Thesis:2376
02:21:01.311 [Test worker] DEBUG org.apache.http.headers - http-outgoing-193 >> Connection: Keep-Alive
02:21:01.311 [Test worker] DEBUG org.apache.http.headers - http-outgoing-193 >> Accept-Encoding: gzip,deflate
02:21:01.311 [Test worker] DEBUG org.apache.http.wire - http-outgoing-193 >> "GET /images/json?all=true HTTP/1.1[\r][\n]"
02:21:01.311 [Test worker] DEBUG org.apache.http.wire - http-outgoing-193 >> "Accept: application/json[\r][\n]"
02:21:01.311 [Test worker] DEBUG org.apache.http.wire - http-outgoing-193 >> "User-Agent: Jersey/2.23.1 (Apache HttpClient 4.5.1)[\r][\n]"
02:21:01.312 [Test worker] DEBUG org.apache.http.wire - http-outgoing-193 >> "Host: Thesis:2376[\r][\n]"
02:21:01.312 [Test worker] DEBUG org.apache.http.wire - http-outgoing-193 >> "Connection: Keep-Alive[\r][\n]"
02:21:01.312 [Test worker] DEBUG org.apache.http.wire - http-outgoing-193 >> "Accept-Encoding: gzip,deflate[\r][\n]"
02:21:01.312 [Test worker] DEBUG org.apache.http.wire - http-outgoing-193 >> "[\r][\n]"
02:21:01.313 [Test worker] DEBUG org.apache.http.wire - http-outgoing-193 << "H"
02:21:01.313 [Test worker] DEBUG org.apache.http.wire - http-outgoing-193 << "TTP/1.1 200 OK[\r][\n]"
02:21:01.313 [Test worker] DEBUG org.apache.http.wire - http-outgoing-193 << "Content-Type: application/json[\r][\n]"
02:21:01.313 [Test worker] DEBUG org.apache.http.wire - http-outgoing-193 << "Server: Docker/1.12.3 (linux)[\r][\n]"
02:21:01.313 [Test worker] DEBUG org.apache.http.wire - http-outgoing-193 << "Date: Tue, 03 Jan 2017 01:21:01 GMT[\r][\n]"
02:21:01.313 [Test worker] DEBUG org.apache.http.wire - http-outgoing-193 << "Content-Length: 1195[\r][\n]"
02:21:01.313 [Test worker] DEBUG org.apache.http.wire - http-outgoing-193 << "[\r][\n]"
02:21:01.313 [Test worker] DEBUG org.apache.http.wire - http-outgoing-193 << "[{"Id":"sha256:4ca3a192ff2a5b7e225e81dc006b6379c10776ed3619757a65608cb72de0a7f6","ParentId":"","RepoTags":["ubuntu:latest"],"RepoDigests":["ubuntu@sha256:3b64c309deae7ab0f7dbdd42b6b326261ccd6261da5d88396439353162703fb5"],"Created":1480449877,"Size":128206574,"VirtualSize":128206574,"Labels":{}},{"Id":"sha256:aae2b63c49461fcae4962e4a8043f66acf8e3af7e62f5ebceb70b181d8ca01e0","ParentId":"","RepoTags":["ubuntu:14.04"],"RepoDigests":["ubuntu@sha256:edb984703bd3e8981ff541a5b9297ca1b81fde6e6e8094d86e390a38ebc30b4d"],"Created":1480449856,"Size":187952254,"VirtualSize":187952254,"Labels":{}},{"Id":"sha256:e02e811dd08fd49e7f6032625495118e63f597eb150403d02e3238af1df240ba","ParentId":"","RepoTags":["busybox:latest"],"RepoDigests":["busybox@sha256:29f5d56d12684887bdfa50dcd29fc31eea4aaf4ad3bec43daf19026a7ce69912"],"Created":1475874238,"Size":1093484,"VirtualSize":1093484,"Labels":{}},{"Id":"sha256:d654de4499473ed41349b54a988b6f46a7fc92e3fa2d61e102bf2660a0116e25","ParentId":"","RepoTags":["sakib37/iperf3:latest"],"RepoDigests":["sakib37/iperf3@sha256:8d80a810f8f508c074b14d02555f20110eac382c8dbda7252075392983629d40"],"Created":1474907599,"Size":199456654,"VirtualSize":199456654,"Labels":{}}][\n]"
02:21:01.313 [Test worker] DEBUG org.apache.http.headers - http-outgoing-193 << HTTP/1.1 200 OK
02:21:01.313 [Test worker] DEBUG org.apache.http.headers - http-outgoing-193 << Content-Type: application/json
02:21:01.313 [Test worker] DEBUG org.apache.http.headers - http-outgoing-193 << Server: Docker/1.12.3 (linux)
02:21:01.313 [Test worker] DEBUG org.apache.http.headers - http-outgoing-193 << Date: Tue, 03 Jan 2017 01:21:01 GMT
02:21:01.313 [Test worker] DEBUG org.apache.http.headers - http-outgoing-193 << Content-Length: 1195
02:21:01.313 [Test worker] DEBUG o.a.h.impl.execchain.MainClientExec - Connection can be kept alive indefinitely
02:21:01.314 [Test worker] DEBUG c.g.d.j.JerseyDockerCmdExecFactory - 46 * Client response received on thread Test worker
46 < 200
46 < Content-Length: 1195
46 < Content-Type: application/json
46 < Date: Tue, 03 Jan 2017 01:21:01 GMT
46 < Server: Docker/1.12.3 (linux)
[{"Id":"sha256:4ca3a192ff2a5b7e225e81dc006b6379c10776ed3619757a65608cb72de0a7f6","ParentId":"","RepoTags":["ubuntu:latest"],"RepoDigests":["ubuntu@sha256:3b64c309deae7ab0f7dbdd42b6b326261ccd6261da5d88396439353162703fb5"],"Created":1480449877,"Size":128206574,"VirtualSize":128206574,"Labels":{}},{"Id":"sha256:aae2b63c49461fcae4962e4a8043f66acf8e3af7e62f5ebceb70b181d8ca01e0","ParentId":"","RepoTags":["ubuntu:14.04"],"RepoDigests":["ubuntu@sha256:edb984703bd3e8981ff541a5b9297ca1b81fde6e6e8094d86e390a38ebc30b4d"],"Created":1480449856,"Size":187952254,"VirtualSize":187952254,"Labels":{}},{"Id":"sha256:e02e811dd08fd49e7f6032625495118e63f597eb150403d02e3238af1df240ba","ParentId":"","RepoTags":["busybox:latest"],"RepoDigests":["busybox@sha256:29f5d56d12684887bdfa50dcd29fc31eea4aaf4ad3bec43daf19026a7ce69912"],"Created":1475874238,"Size":1093484,"VirtualSize":1093484,"Labels":{}},{"Id":"sha256:d654de4499473ed41349b54a988b6f46a7fc92e3fa2d61e102bf2660a0116e25","ParentId":"","RepoTags":["sakib37/iperf3:latest"],"RepoDigests":["sakib37/iperf3@sha256:8d80a810f8f508c074b14d02555f20110eac382c8dbda7252075392983629d40"],"Created":1474907599,"Size":199456654,"VirtualSize":199456654,"Labels":{}}]


02:21:01.314 [Test worker] DEBUG o.a.h.i.c.DefaultManagedHttpClientConnection - http-outgoing-193: Close connection
02:21:01.314 [Test worker] DEBUG o.a.h.impl.execchain.MainClientExec - Connection discarded
02:21:01.315 [Test worker] DEBUG c.g.d.j.JerseyDockerCmdExecFactory$1 - Connection released: [id: 193][route: {s}->https://Thesis:2376][total kept alive: 1; route allocated: 1 of 2; total allocated: 1 of 20]
02:21:01.315 [Test worker] DEBUG org.openbaton.docker.DockerVim - Found a docker image, transformed into a NFV Image Image{id='sha256:aae2b63c49461fcae4962e4a8043f66acf8e3af7e62f5ebceb70b181d8ca01e0', name='ubuntu:14.04', version=0, extId='null', minRam='0', minDiskSpace='0', minCPU='null', public='true', diskFormat='null', containerFormat='docker', created='Sun Jan 18 04:14:09 CET 1970', updated='null'}
02:21:01.315 [Test worker] DEBUG c.g.d.core.command.AbstrDockerCmd - Cmd: ListImagesCmdImpl[imageNameFilter=<null>,showAll=true,filters=com.github.dockerjava.core.util.FiltersBuilder@0,execution=com.github.dockerjava.jaxrs.ListImagesCmdExec@26170092]
02:21:01.315 [Test worker] DEBUG c.g.d.j.JerseyDockerCmdExecFactory - 47 * Sending client request on thread Test worker
47 > GET https://Thesis:2376/images/json?all=true
47 > Accept: application/json

02:21:01.315 [Test worker] DEBUG o.a.h.c.protocol.RequestAddCookies - CookieSpec selected: default
02:21:01.315 [Test worker] DEBUG o.a.h.c.protocol.RequestAuthCache - Auth cache not set in the context
02:21:01.316 [Test worker] DEBUG c.g.d.j.JerseyDockerCmdExecFactory$1 - Connection request: [route: {s}->https://Thesis:2376][total kept alive: 1; route allocated: 1 of 2; total allocated: 1 of 20]
02:21:01.316 [Test worker] DEBUG c.g.d.j.JerseyDockerCmdExecFactory$1 - Connection leased: [id: 194][route: {s}->https://Thesis:2376][total kept alive: 1; route allocated: 2 of 2; total allocated: 2 of 20]
02:21:01.316 [Test worker] DEBUG o.a.h.impl.execchain.MainClientExec - Opening connection {s}->https://Thesis:2376
02:21:01.316 [Test worker] DEBUG o.a.h.i.c.DefaultHttpClientConnectionOperator - Connecting to Thesis/127.0.1.1:2376
02:21:01.316 [Test worker] DEBUG o.a.h.c.s.SSLConnectionSocketFactory - Connecting socket to Thesis/127.0.1.1:2376 with timeout 0
02:21:01.316 [Test worker] DEBUG o.a.h.c.s.SSLConnectionSocketFactory - Enabled protocols: [TLSv1]
02:21:01.316 [Test worker] DEBUG o.a.h.c.s.SSLConnectionSocketFactory - Enabled cipher suites:[TLS_ECDHE_ECDSA_WITH_AES_128_CBC_SHA, TLS_ECDHE_RSA_WITH_AES_128_CBC_SHA, TLS_RSA_WITH_AES_128_CBC_SHA, TLS_ECDH_ECDSA_WITH_AES_128_CBC_SHA, TLS_ECDH_RSA_WITH_AES_128_CBC_SHA, TLS_DHE_RSA_WITH_AES_128_CBC_SHA, TLS_DHE_DSS_WITH_AES_128_CBC_SHA, TLS_ECDHE_ECDSA_WITH_3DES_EDE_CBC_SHA, TLS_ECDHE_RSA_WITH_3DES_EDE_CBC_SHA, SSL_RSA_WITH_3DES_EDE_CBC_SHA, TLS_ECDH_ECDSA_WITH_3DES_EDE_CBC_SHA, TLS_ECDH_RSA_WITH_3DES_EDE_CBC_SHA, SSL_DHE_RSA_WITH_3DES_EDE_CBC_SHA, SSL_DHE_DSS_WITH_3DES_EDE_CBC_SHA, TLS_ECDHE_ECDSA_WITH_RC4_128_SHA, TLS_ECDHE_RSA_WITH_RC4_128_SHA, SSL_RSA_WITH_RC4_128_SHA, TLS_ECDH_ECDSA_WITH_RC4_128_SHA, TLS_ECDH_RSA_WITH_RC4_128_SHA, SSL_RSA_WITH_RC4_128_MD5, TLS_EMPTY_RENEGOTIATION_INFO_SCSV]
02:21:01.316 [Test worker] DEBUG o.a.h.c.s.SSLConnectionSocketFactory - Starting handshake
02:21:01.374 [Test worker] DEBUG o.a.h.c.s.SSLConnectionSocketFactory - Secure session established
02:21:01.374 [Test worker] DEBUG o.a.h.c.s.SSLConnectionSocketFactory -  negotiated protocol: TLSv1
02:21:01.374 [Test worker] DEBUG o.a.h.c.s.SSLConnectionSocketFactory -  negotiated cipher suite: TLS_ECDHE_RSA_WITH_AES_128_CBC_SHA
02:21:01.374 [Test worker] DEBUG o.a.h.c.s.SSLConnectionSocketFactory -  peer principal: CN=Thesis
02:21:01.374 [Test worker] DEBUG o.a.h.c.s.SSLConnectionSocketFactory -  issuer principal: EMAILADDRESS=sha@yamil.com, CN=Thesis, OU=Open, O=Fra, L=BER, ST=BER, C=DE
02:21:01.374 [Test worker] DEBUG o.a.h.i.c.DefaultHttpClientConnectionOperator - Connection established 127.0.0.1:41264<->127.0.1.1:2376
02:21:01.374 [Test worker] DEBUG o.a.h.impl.execchain.MainClientExec - Executing request GET /images/json?all=true HTTP/1.1
02:21:01.374 [Test worker] DEBUG o.a.h.impl.execchain.MainClientExec - Target auth state: UNCHALLENGED
02:21:01.374 [Test worker] DEBUG o.a.h.impl.execchain.MainClientExec - Proxy auth state: UNCHALLENGED
02:21:01.374 [Test worker] DEBUG org.apache.http.headers - http-outgoing-194 >> GET /images/json?all=true HTTP/1.1
02:21:01.374 [Test worker] DEBUG org.apache.http.headers - http-outgoing-194 >> Accept: application/json
02:21:01.374 [Test worker] DEBUG org.apache.http.headers - http-outgoing-194 >> User-Agent: Jersey/2.23.1 (Apache HttpClient 4.5.1)
02:21:01.374 [Test worker] DEBUG org.apache.http.headers - http-outgoing-194 >> Host: Thesis:2376
02:21:01.374 [Test worker] DEBUG org.apache.http.headers - http-outgoing-194 >> Connection: Keep-Alive
02:21:01.375 [Test worker] DEBUG org.apache.http.headers - http-outgoing-194 >> Accept-Encoding: gzip,deflate
02:21:01.375 [Test worker] DEBUG org.apache.http.wire - http-outgoing-194 >> "GET /images/json?all=true HTTP/1.1[\r][\n]"
02:21:01.375 [Test worker] DEBUG org.apache.http.wire - http-outgoing-194 >> "Accept: application/json[\r][\n]"
02:21:01.375 [Test worker] DEBUG org.apache.http.wire - http-outgoing-194 >> "User-Agent: Jersey/2.23.1 (Apache HttpClient 4.5.1)[\r][\n]"
02:21:01.375 [Test worker] DEBUG org.apache.http.wire - http-outgoing-194 >> "Host: Thesis:2376[\r][\n]"
02:21:01.375 [Test worker] DEBUG org.apache.http.wire - http-outgoing-194 >> "Connection: Keep-Alive[\r][\n]"
02:21:01.375 [Test worker] DEBUG org.apache.http.wire - http-outgoing-194 >> "Accept-Encoding: gzip,deflate[\r][\n]"
02:21:01.375 [Test worker] DEBUG org.apache.http.wire - http-outgoing-194 >> "[\r][\n]"
02:21:01.376 [Test worker] DEBUG org.apache.http.wire - http-outgoing-194 << "H"
02:21:01.376 [Test worker] DEBUG org.apache.http.wire - http-outgoing-194 << "TTP/1.1 200 OK[\r][\n]"
02:21:01.376 [Test worker] DEBUG org.apache.http.wire - http-outgoing-194 << "Content-Type: application/json[\r][\n]"
02:21:01.376 [Test worker] DEBUG org.apache.http.wire - http-outgoing-194 << "Server: Docker/1.12.3 (linux)[\r][\n]"
02:21:01.376 [Test worker] DEBUG org.apache.http.wire - http-outgoing-194 << "Date: Tue, 03 Jan 2017 01:21:01 GMT[\r][\n]"
02:21:01.376 [Test worker] DEBUG org.apache.http.wire - http-outgoing-194 << "Content-Length: 1195[\r][\n]"
02:21:01.376 [Test worker] DEBUG org.apache.http.wire - http-outgoing-194 << "[\r][\n]"
02:21:01.376 [Test worker] DEBUG org.apache.http.wire - http-outgoing-194 << "[{"Id":"sha256:4ca3a192ff2a5b7e225e81dc006b6379c10776ed3619757a65608cb72de0a7f6","ParentId":"","RepoTags":["ubuntu:latest"],"RepoDigests":["ubuntu@sha256:3b64c309deae7ab0f7dbdd42b6b326261ccd6261da5d88396439353162703fb5"],"Created":1480449877,"Size":128206574,"VirtualSize":128206574,"Labels":{}},{"Id":"sha256:aae2b63c49461fcae4962e4a8043f66acf8e3af7e62f5ebceb70b181d8ca01e0","ParentId":"","RepoTags":["ubuntu:14.04"],"RepoDigests":["ubuntu@sha256:edb984703bd3e8981ff541a5b9297ca1b81fde6e6e8094d86e390a38ebc30b4d"],"Created":1480449856,"Size":187952254,"VirtualSize":187952254,"Labels":{}},{"Id":"sha256:e02e811dd08fd49e7f6032625495118e63f597eb150403d02e3238af1df240ba","ParentId":"","RepoTags":["busybox:latest"],"RepoDigests":["busybox@sha256:29f5d56d12684887bdfa50dcd29fc31eea4aaf4ad3bec43daf19026a7ce69912"],"Created":1475874238,"Size":1093484,"VirtualSize":1093484,"Labels":{}},{"Id":"sha256:d654de4499473ed41349b54a988b6f46a7fc92e3fa2d61e102bf2660a0116e25","ParentId":"","RepoTags":["sakib37/iperf3:latest"],"RepoDigests":["sakib37/iperf3@sha256:8d80a810f8f508c074b14d02555f20110eac382c8dbda7252075392983629d40"],"Created":1474907599,"Size":199456654,"VirtualSize":199456654,"Labels":{}}][\n]"
02:21:01.376 [Test worker] DEBUG org.apache.http.headers - http-outgoing-194 << HTTP/1.1 200 OK
02:21:01.376 [Test worker] DEBUG org.apache.http.headers - http-outgoing-194 << Content-Type: application/json
02:21:01.376 [Test worker] DEBUG org.apache.http.headers - http-outgoing-194 << Server: Docker/1.12.3 (linux)
02:21:01.376 [Test worker] DEBUG org.apache.http.headers - http-outgoing-194 << Date: Tue, 03 Jan 2017 01:21:01 GMT
02:21:01.376 [Test worker] DEBUG org.apache.http.headers - http-outgoing-194 << Content-Length: 1195
02:21:01.376 [Test worker] DEBUG o.a.h.impl.execchain.MainClientExec - Connection can be kept alive indefinitely
02:21:01.377 [Test worker] DEBUG c.g.d.j.JerseyDockerCmdExecFactory - 48 * Client response received on thread Test worker
48 < 200
48 < Content-Length: 1195
48 < Content-Type: application/json
48 < Date: Tue, 03 Jan 2017 01:21:01 GMT
48 < Server: Docker/1.12.3 (linux)
[{"Id":"sha256:4ca3a192ff2a5b7e225e81dc006b6379c10776ed3619757a65608cb72de0a7f6","ParentId":"","RepoTags":["ubuntu:latest"],"RepoDigests":["ubuntu@sha256:3b64c309deae7ab0f7dbdd42b6b326261ccd6261da5d88396439353162703fb5"],"Created":1480449877,"Size":128206574,"VirtualSize":128206574,"Labels":{}},{"Id":"sha256:aae2b63c49461fcae4962e4a8043f66acf8e3af7e62f5ebceb70b181d8ca01e0","ParentId":"","RepoTags":["ubuntu:14.04"],"RepoDigests":["ubuntu@sha256:edb984703bd3e8981ff541a5b9297ca1b81fde6e6e8094d86e390a38ebc30b4d"],"Created":1480449856,"Size":187952254,"VirtualSize":187952254,"Labels":{}},{"Id":"sha256:e02e811dd08fd49e7f6032625495118e63f597eb150403d02e3238af1df240ba","ParentId":"","RepoTags":["busybox:latest"],"RepoDigests":["busybox@sha256:29f5d56d12684887bdfa50dcd29fc31eea4aaf4ad3bec43daf19026a7ce69912"],"Created":1475874238,"Size":1093484,"VirtualSize":1093484,"Labels":{}},{"Id":"sha256:d654de4499473ed41349b54a988b6f46a7fc92e3fa2d61e102bf2660a0116e25","ParentId":"","RepoTags":["sakib37/iperf3:latest"],"RepoDigests":["sakib37/iperf3@sha256:8d80a810f8f508c074b14d02555f20110eac382c8dbda7252075392983629d40"],"Created":1474907599,"Size":199456654,"VirtualSize":199456654,"Labels":{}}]


02:21:01.378 [Test worker] DEBUG o.a.h.i.c.DefaultManagedHttpClientConnection - http-outgoing-194: Close connection
02:21:01.378 [Test worker] DEBUG o.a.h.impl.execchain.MainClientExec - Connection discarded
02:21:01.378 [Test worker] DEBUG c.g.d.j.JerseyDockerCmdExecFactory$1 - Connection released: [id: 194][route: {s}->https://Thesis:2376][total kept alive: 1; route allocated: 1 of 2; total allocated: 1 of 20]
02:21:01.378 [Test worker] DEBUG org.openbaton.docker.DockerVim - Found a docker image, transformed into a NFV Image Image{id='sha256:aae2b63c49461fcae4962e4a8043f66acf8e3af7e62f5ebceb70b181d8ca01e0', name='ubuntu:14.04', version=0, extId='null', minRam='0', minDiskSpace='0', minCPU='null', public='true', diskFormat='null', containerFormat='docker', created='Sun Jan 18 04:14:09 CET 1970', updated='null'}
02:21:01.378 [Test worker] DEBUG c.g.d.core.command.AbstrDockerCmd - Cmd: a32fb40ba95634131250082dd9e41e4283dd4fbe773bde1ca9b7c2e67e3e881a,<null>,true,com.github.dockerjava.jaxrs.RemoveContainerCmdExec@30d73d83
02:21:01.378 [Test worker] DEBUG c.g.d.j.JerseyDockerCmdExecFactory - 49 * Sending client request on thread Test worker
49 > DELETE https://Thesis:2376/containers/a32fb40ba95634131250082dd9e41e4283dd4fbe773bde1ca9b7c2e67e3e881a?force=true
49 > Accept: application/json

02:21:01.379 [Test worker] DEBUG o.a.h.c.protocol.RequestAddCookies - CookieSpec selected: default
02:21:01.379 [Test worker] DEBUG o.a.h.c.protocol.RequestAuthCache - Auth cache not set in the context
02:21:01.379 [Test worker] DEBUG c.g.d.j.JerseyDockerCmdExecFactory$1 - Connection request: [route: {s}->https://Thesis:2376][total kept alive: 1; route allocated: 1 of 2; total allocated: 1 of 20]
02:21:01.379 [Test worker] DEBUG c.g.d.j.JerseyDockerCmdExecFactory$1 - Connection leased: [id: 195][route: {s}->https://Thesis:2376][total kept alive: 1; route allocated: 2 of 2; total allocated: 2 of 20]
02:21:01.379 [Test worker] DEBUG o.a.h.impl.execchain.MainClientExec - Opening connection {s}->https://Thesis:2376
02:21:01.379 [Test worker] DEBUG o.a.h.i.c.DefaultHttpClientConnectionOperator - Connecting to Thesis/127.0.1.1:2376
02:21:01.379 [Test worker] DEBUG o.a.h.c.s.SSLConnectionSocketFactory - Connecting socket to Thesis/127.0.1.1:2376 with timeout 0
02:21:01.380 [Test worker] DEBUG o.a.h.c.s.SSLConnectionSocketFactory - Enabled protocols: [TLSv1]
02:21:01.380 [Test worker] DEBUG o.a.h.c.s.SSLConnectionSocketFactory - Enabled cipher suites:[TLS_ECDHE_ECDSA_WITH_AES_128_CBC_SHA, TLS_ECDHE_RSA_WITH_AES_128_CBC_SHA, TLS_RSA_WITH_AES_128_CBC_SHA, TLS_ECDH_ECDSA_WITH_AES_128_CBC_SHA, TLS_ECDH_RSA_WITH_AES_128_CBC_SHA, TLS_DHE_RSA_WITH_AES_128_CBC_SHA, TLS_DHE_DSS_WITH_AES_128_CBC_SHA, TLS_ECDHE_ECDSA_WITH_3DES_EDE_CBC_SHA, TLS_ECDHE_RSA_WITH_3DES_EDE_CBC_SHA, SSL_RSA_WITH_3DES_EDE_CBC_SHA, TLS_ECDH_ECDSA_WITH_3DES_EDE_CBC_SHA, TLS_ECDH_RSA_WITH_3DES_EDE_CBC_SHA, SSL_DHE_RSA_WITH_3DES_EDE_CBC_SHA, SSL_DHE_DSS_WITH_3DES_EDE_CBC_SHA, TLS_ECDHE_ECDSA_WITH_RC4_128_SHA, TLS_ECDHE_RSA_WITH_RC4_128_SHA, SSL_RSA_WITH_RC4_128_SHA, TLS_ECDH_ECDSA_WITH_RC4_128_SHA, TLS_ECDH_RSA_WITH_RC4_128_SHA, SSL_RSA_WITH_RC4_128_MD5, TLS_EMPTY_RENEGOTIATION_INFO_SCSV]
02:21:01.380 [Test worker] DEBUG o.a.h.c.s.SSLConnectionSocketFactory - Starting handshake
02:21:01.442 [Test worker] DEBUG o.a.h.c.s.SSLConnectionSocketFactory - Secure session established
02:21:01.442 [Test worker] DEBUG o.a.h.c.s.SSLConnectionSocketFactory -  negotiated protocol: TLSv1
02:21:01.442 [Test worker] DEBUG o.a.h.c.s.SSLConnectionSocketFactory -  negotiated cipher suite: TLS_ECDHE_RSA_WITH_AES_128_CBC_SHA
02:21:01.442 [Test worker] DEBUG o.a.h.c.s.SSLConnectionSocketFactory -  peer principal: CN=Thesis
02:21:01.443 [Test worker] DEBUG o.a.h.c.s.SSLConnectionSocketFactory -  issuer principal: EMAILADDRESS=sha@yamil.com, CN=Thesis, OU=Open, O=Fra, L=BER, ST=BER, C=DE
02:21:01.443 [Test worker] DEBUG o.a.h.i.c.DefaultHttpClientConnectionOperator - Connection established 127.0.0.1:41266<->127.0.1.1:2376
02:21:01.443 [Test worker] DEBUG o.a.h.impl.execchain.MainClientExec - Executing request DELETE /containers/a32fb40ba95634131250082dd9e41e4283dd4fbe773bde1ca9b7c2e67e3e881a?force=true HTTP/1.1
02:21:01.443 [Test worker] DEBUG o.a.h.impl.execchain.MainClientExec - Target auth state: UNCHALLENGED
02:21:01.443 [Test worker] DEBUG o.a.h.impl.execchain.MainClientExec - Proxy auth state: UNCHALLENGED
02:21:01.443 [Test worker] DEBUG org.apache.http.headers - http-outgoing-195 >> DELETE /containers/a32fb40ba95634131250082dd9e41e4283dd4fbe773bde1ca9b7c2e67e3e881a?force=true HTTP/1.1
02:21:01.443 [Test worker] DEBUG org.apache.http.headers - http-outgoing-195 >> Accept: application/json
02:21:01.443 [Test worker] DEBUG org.apache.http.headers - http-outgoing-195 >> User-Agent: Jersey/2.23.1 (Apache HttpClient 4.5.1)
02:21:01.443 [Test worker] DEBUG org.apache.http.headers - http-outgoing-195 >> Host: Thesis:2376
02:21:01.443 [Test worker] DEBUG org.apache.http.headers - http-outgoing-195 >> Connection: Keep-Alive
02:21:01.443 [Test worker] DEBUG org.apache.http.headers - http-outgoing-195 >> Accept-Encoding: gzip,deflate
02:21:01.443 [Test worker] DEBUG org.apache.http.wire - http-outgoing-195 >> "DELETE /containers/a32fb40ba95634131250082dd9e41e4283dd4fbe773bde1ca9b7c2e67e3e881a?force=true HTTP/1.1[\r][\n]"
02:21:01.443 [Test worker] DEBUG org.apache.http.wire - http-outgoing-195 >> "Accept: application/json[\r][\n]"
02:21:01.443 [Test worker] DEBUG org.apache.http.wire - http-outgoing-195 >> "User-Agent: Jersey/2.23.1 (Apache HttpClient 4.5.1)[\r][\n]"
02:21:01.443 [Test worker] DEBUG org.apache.http.wire - http-outgoing-195 >> "Host: Thesis:2376[\r][\n]"
02:21:01.443 [Test worker] DEBUG org.apache.http.wire - http-outgoing-195 >> "Connection: Keep-Alive[\r][\n]"
02:21:01.443 [Test worker] DEBUG org.apache.http.wire - http-outgoing-195 >> "Accept-Encoding: gzip,deflate[\r][\n]"
02:21:01.443 [Test worker] DEBUG org.apache.http.wire - http-outgoing-195 >> "[\r][\n]"
02:21:01.674 [Test worker] DEBUG org.apache.http.wire - http-outgoing-195 << "H"
02:21:01.674 [Test worker] DEBUG org.apache.http.wire - http-outgoing-195 << "TTP/1.1 204 No Content[\r][\n]"
02:21:01.674 [Test worker] DEBUG org.apache.http.wire - http-outgoing-195 << "Server: Docker/1.12.3 (linux)[\r][\n]"
02:21:01.674 [Test worker] DEBUG org.apache.http.wire - http-outgoing-195 << "Date: Tue, 03 Jan 2017 01:21:01 GMT[\r][\n]"
02:21:01.674 [Test worker] DEBUG org.apache.http.wire - http-outgoing-195 << "[\r][\n]"
02:21:01.674 [Test worker] DEBUG org.apache.http.headers - http-outgoing-195 << HTTP/1.1 204 No Content
02:21:01.674 [Test worker] DEBUG org.apache.http.headers - http-outgoing-195 << Server: Docker/1.12.3 (linux)
02:21:01.674 [Test worker] DEBUG org.apache.http.headers - http-outgoing-195 << Date: Tue, 03 Jan 2017 01:21:01 GMT
02:21:01.674 [Test worker] DEBUG o.a.h.impl.execchain.MainClientExec - Connection can be kept alive indefinitely
02:21:01.674 [Test worker] DEBUG c.g.d.j.JerseyDockerCmdExecFactory$1 - Connection [id: 195][route: {s}->https://Thesis:2376][state: CN=Thesis] can be kept alive indefinitely
02:21:01.674 [Test worker] DEBUG c.g.d.j.JerseyDockerCmdExecFactory$1 - Connection released: [id: 195][route: {s}->https://Thesis:2376][state: CN=Thesis][total kept alive: 2; route allocated: 2 of 2; total allocated: 2 of 20]
02:21:01.674 [Test worker] DEBUG c.g.d.j.JerseyDockerCmdExecFactory - 50 * Client response received on thread Test worker
50 < 204
50 < Date: Tue, 03 Jan 2017 01:21:01 GMT
50 < Server: Docker/1.12.3 (linux)

02:21:01.674 [Test worker] DEBUG org.openbaton.docker.DockerVim - Server deleted successfully
02:21:01.674 [Test worker] DEBUG c.g.d.core.command.AbstrDockerCmd - Cmd: ad5b709694693d24090bdb900829fb6f9ba891595a88a63b095451a7ffd34068,<null>,true,com.github.dockerjava.jaxrs.RemoveContainerCmdExec@4153abdb
02:21:01.675 [Test worker] DEBUG c.g.d.j.JerseyDockerCmdExecFactory - 51 * Sending client request on thread Test worker
51 > DELETE https://Thesis:2376/containers/ad5b709694693d24090bdb900829fb6f9ba891595a88a63b095451a7ffd34068?force=true
51 > Accept: application/json

02:21:01.675 [Test worker] DEBUG o.a.h.c.protocol.RequestAddCookies - CookieSpec selected: default
02:21:01.675 [Test worker] DEBUG o.a.h.c.protocol.RequestAuthCache - Auth cache not set in the context
02:21:01.675 [Test worker] DEBUG c.g.d.j.JerseyDockerCmdExecFactory$1 - Connection request: [route: {s}->https://Thesis:2376][total kept alive: 2; route allocated: 2 of 2; total allocated: 2 of 20]
02:21:01.675 [Test worker] DEBUG o.a.h.i.c.DefaultManagedHttpClientConnection - http-outgoing-189: Close connection
02:21:01.675 [Test worker] DEBUG c.g.d.j.JerseyDockerCmdExecFactory$1 - Connection leased: [id: 196][route: {s}->https://Thesis:2376][total kept alive: 1; route allocated: 2 of 2; total allocated: 2 of 20]
02:21:01.675 [Test worker] DEBUG o.a.h.impl.execchain.MainClientExec - Opening connection {s}->https://Thesis:2376
02:21:01.675 [Test worker] DEBUG o.a.h.i.c.DefaultHttpClientConnectionOperator - Connecting to Thesis/127.0.1.1:2376
02:21:01.675 [Test worker] DEBUG o.a.h.c.s.SSLConnectionSocketFactory - Connecting socket to Thesis/127.0.1.1:2376 with timeout 0
02:21:01.678 [Test worker] DEBUG o.a.h.c.s.SSLConnectionSocketFactory - Enabled protocols: [TLSv1]
02:21:01.678 [Test worker] DEBUG o.a.h.c.s.SSLConnectionSocketFactory - Enabled cipher suites:[TLS_ECDHE_ECDSA_WITH_AES_128_CBC_SHA, TLS_ECDHE_RSA_WITH_AES_128_CBC_SHA, TLS_RSA_WITH_AES_128_CBC_SHA, TLS_ECDH_ECDSA_WITH_AES_128_CBC_SHA, TLS_ECDH_RSA_WITH_AES_128_CBC_SHA, TLS_DHE_RSA_WITH_AES_128_CBC_SHA, TLS_DHE_DSS_WITH_AES_128_CBC_SHA, TLS_ECDHE_ECDSA_WITH_3DES_EDE_CBC_SHA, TLS_ECDHE_RSA_WITH_3DES_EDE_CBC_SHA, SSL_RSA_WITH_3DES_EDE_CBC_SHA, TLS_ECDH_ECDSA_WITH_3DES_EDE_CBC_SHA, TLS_ECDH_RSA_WITH_3DES_EDE_CBC_SHA, SSL_DHE_RSA_WITH_3DES_EDE_CBC_SHA, SSL_DHE_DSS_WITH_3DES_EDE_CBC_SHA, TLS_ECDHE_ECDSA_WITH_RC4_128_SHA, TLS_ECDHE_RSA_WITH_RC4_128_SHA, SSL_RSA_WITH_RC4_128_SHA, TLS_ECDH_ECDSA_WITH_RC4_128_SHA, TLS_ECDH_RSA_WITH_RC4_128_SHA, SSL_RSA_WITH_RC4_128_MD5, TLS_EMPTY_RENEGOTIATION_INFO_SCSV]
02:21:01.678 [Test worker] DEBUG o.a.h.c.s.SSLConnectionSocketFactory - Starting handshake
02:21:01.763 [Test worker] DEBUG o.a.h.c.s.SSLConnectionSocketFactory - Secure session established
02:21:01.763 [Test worker] DEBUG o.a.h.c.s.SSLConnectionSocketFactory -  negotiated protocol: TLSv1
02:21:01.763 [Test worker] DEBUG o.a.h.c.s.SSLConnectionSocketFactory -  negotiated cipher suite: TLS_ECDHE_RSA_WITH_AES_128_CBC_SHA
02:21:01.763 [Test worker] DEBUG o.a.h.c.s.SSLConnectionSocketFactory -  peer principal: CN=Thesis
02:21:01.763 [Test worker] DEBUG o.a.h.c.s.SSLConnectionSocketFactory -  issuer principal: EMAILADDRESS=sha@yamil.com, CN=Thesis, OU=Open, O=Fra, L=BER, ST=BER, C=DE
02:21:01.763 [Test worker] DEBUG o.a.h.i.c.DefaultHttpClientConnectionOperator - Connection established 127.0.0.1:41268<->127.0.1.1:2376
02:21:01.763 [Test worker] DEBUG o.a.h.impl.execchain.MainClientExec - Executing request DELETE /containers/ad5b709694693d24090bdb900829fb6f9ba891595a88a63b095451a7ffd34068?force=true HTTP/1.1
02:21:01.763 [Test worker] DEBUG o.a.h.impl.execchain.MainClientExec - Target auth state: UNCHALLENGED
02:21:01.763 [Test worker] DEBUG o.a.h.impl.execchain.MainClientExec - Proxy auth state: UNCHALLENGED
02:21:01.763 [Test worker] DEBUG org.apache.http.headers - http-outgoing-196 >> DELETE /containers/ad5b709694693d24090bdb900829fb6f9ba891595a88a63b095451a7ffd34068?force=true HTTP/1.1
02:21:01.763 [Test worker] DEBUG org.apache.http.headers - http-outgoing-196 >> Accept: application/json
02:21:01.763 [Test worker] DEBUG org.apache.http.headers - http-outgoing-196 >> User-Agent: Jersey/2.23.1 (Apache HttpClient 4.5.1)
02:21:01.763 [Test worker] DEBUG org.apache.http.headers - http-outgoing-196 >> Host: Thesis:2376
02:21:01.763 [Test worker] DEBUG org.apache.http.headers - http-outgoing-196 >> Connection: Keep-Alive
02:21:01.763 [Test worker] DEBUG org.apache.http.headers - http-outgoing-196 >> Accept-Encoding: gzip,deflate
02:21:01.764 [Test worker] DEBUG org.apache.http.wire - http-outgoing-196 >> "DELETE /containers/ad5b709694693d24090bdb900829fb6f9ba891595a88a63b095451a7ffd34068?force=true HTTP/1.1[\r][\n]"
02:21:01.764 [Test worker] DEBUG org.apache.http.wire - http-outgoing-196 >> "Accept: application/json[\r][\n]"
02:21:01.764 [Test worker] DEBUG org.apache.http.wire - http-outgoing-196 >> "User-Agent: Jersey/2.23.1 (Apache HttpClient 4.5.1)[\r][\n]"
02:21:01.764 [Test worker] DEBUG org.apache.http.wire - http-outgoing-196 >> "Host: Thesis:2376[\r][\n]"
02:21:01.764 [Test worker] DEBUG org.apache.http.wire - http-outgoing-196 >> "Connection: Keep-Alive[\r][\n]"
02:21:01.764 [Test worker] DEBUG org.apache.http.wire - http-outgoing-196 >> "Accept-Encoding: gzip,deflate[\r][\n]"
02:21:01.764 [Test worker] DEBUG org.apache.http.wire - http-outgoing-196 >> "[\r][\n]"
02:21:02.031 [Test worker] DEBUG org.apache.http.wire - http-outgoing-196 << "H"
02:21:02.031 [Test worker] DEBUG org.apache.http.wire - http-outgoing-196 << "TTP/1.1 204 No Content[\r][\n]"
02:21:02.031 [Test worker] DEBUG org.apache.http.wire - http-outgoing-196 << "Server: Docker/1.12.3 (linux)[\r][\n]"
02:21:02.031 [Test worker] DEBUG org.apache.http.wire - http-outgoing-196 << "Date: Tue, 03 Jan 2017 01:21:02 GMT[\r][\n]"
02:21:02.031 [Test worker] DEBUG org.apache.http.wire - http-outgoing-196 << "[\r][\n]"
02:21:02.031 [Test worker] DEBUG org.apache.http.headers - http-outgoing-196 << HTTP/1.1 204 No Content
02:21:02.031 [Test worker] DEBUG org.apache.http.headers - http-outgoing-196 << Server: Docker/1.12.3 (linux)
02:21:02.031 [Test worker] DEBUG org.apache.http.headers - http-outgoing-196 << Date: Tue, 03 Jan 2017 01:21:02 GMT
02:21:02.031 [Test worker] DEBUG o.a.h.impl.execchain.MainClientExec - Connection can be kept alive indefinitely
02:21:02.031 [Test worker] DEBUG c.g.d.j.JerseyDockerCmdExecFactory$1 - Connection [id: 196][route: {s}->https://Thesis:2376][state: CN=Thesis] can be kept alive indefinitely
02:21:02.031 [Test worker] DEBUG c.g.d.j.JerseyDockerCmdExecFactory$1 - Connection released: [id: 196][route: {s}->https://Thesis:2376][state: CN=Thesis][total kept alive: 2; route allocated: 2 of 2; total allocated: 2 of 20]
02:21:02.031 [Test worker] DEBUG c.g.d.j.JerseyDockerCmdExecFactory - 52 * Client response received on thread Test worker
52 < 204
52 < Date: Tue, 03 Jan 2017 01:21:02 GMT
52 < Server: Docker/1.12.3 (linux)

02:21:02.031 [Test worker] DEBUG org.openbaton.docker.DockerVim - Server deleted successfully
02:21:02.031 [Test worker] DEBUG c.g.d.core.command.AbstrDockerCmd - Cmd: com.github.dockerjava.core.util.FiltersBuilder@0,com.github.dockerjava.jaxrs.ListNetworksCmdExec@565e329e
02:21:02.032 [Test worker] DEBUG c.g.d.j.JerseyDockerCmdExecFactory - 53 * Sending client request on thread Test worker
53 > GET https://Thesis:2376/networks
53 > Accept: application/json

02:21:02.032 [Test worker] DEBUG o.a.h.c.protocol.RequestAddCookies - CookieSpec selected: default
02:21:02.032 [Test worker] DEBUG o.a.h.c.protocol.RequestAuthCache - Auth cache not set in the context
02:21:02.032 [Test worker] DEBUG c.g.d.j.JerseyDockerCmdExecFactory$1 - Connection request: [route: {s}->https://Thesis:2376][total kept alive: 2; route allocated: 2 of 2; total allocated: 2 of 20]
02:21:02.032 [Test worker] DEBUG o.a.h.i.c.DefaultManagedHttpClientConnection - http-outgoing-195: Close connection
02:21:02.032 [Test worker] DEBUG c.g.d.j.JerseyDockerCmdExecFactory$1 - Connection leased: [id: 197][route: {s}->https://Thesis:2376][total kept alive: 1; route allocated: 2 of 2; total allocated: 2 of 20]
02:21:02.032 [Test worker] DEBUG o.a.h.impl.execchain.MainClientExec - Opening connection {s}->https://Thesis:2376
02:21:02.032 [Test worker] DEBUG o.a.h.i.c.DefaultHttpClientConnectionOperator - Connecting to Thesis/127.0.1.1:2376
02:21:02.032 [Test worker] DEBUG o.a.h.c.s.SSLConnectionSocketFactory - Connecting socket to Thesis/127.0.1.1:2376 with timeout 0
02:21:02.034 [Test worker] DEBUG o.a.h.c.s.SSLConnectionSocketFactory - Enabled protocols: [TLSv1]
02:21:02.034 [Test worker] DEBUG o.a.h.c.s.SSLConnectionSocketFactory - Enabled cipher suites:[TLS_ECDHE_ECDSA_WITH_AES_128_CBC_SHA, TLS_ECDHE_RSA_WITH_AES_128_CBC_SHA, TLS_RSA_WITH_AES_128_CBC_SHA, TLS_ECDH_ECDSA_WITH_AES_128_CBC_SHA, TLS_ECDH_RSA_WITH_AES_128_CBC_SHA, TLS_DHE_RSA_WITH_AES_128_CBC_SHA, TLS_DHE_DSS_WITH_AES_128_CBC_SHA, TLS_ECDHE_ECDSA_WITH_3DES_EDE_CBC_SHA, TLS_ECDHE_RSA_WITH_3DES_EDE_CBC_SHA, SSL_RSA_WITH_3DES_EDE_CBC_SHA, TLS_ECDH_ECDSA_WITH_3DES_EDE_CBC_SHA, TLS_ECDH_RSA_WITH_3DES_EDE_CBC_SHA, SSL_DHE_RSA_WITH_3DES_EDE_CBC_SHA, SSL_DHE_DSS_WITH_3DES_EDE_CBC_SHA, TLS_ECDHE_ECDSA_WITH_RC4_128_SHA, TLS_ECDHE_RSA_WITH_RC4_128_SHA, SSL_RSA_WITH_RC4_128_SHA, TLS_ECDH_ECDSA_WITH_RC4_128_SHA, TLS_ECDH_RSA_WITH_RC4_128_SHA, SSL_RSA_WITH_RC4_128_MD5, TLS_EMPTY_RENEGOTIATION_INFO_SCSV]
02:21:02.034 [Test worker] DEBUG o.a.h.c.s.SSLConnectionSocketFactory - Starting handshake
02:21:02.139 [Test worker] DEBUG o.a.h.c.s.SSLConnectionSocketFactory - Secure session established
02:21:02.139 [Test worker] DEBUG o.a.h.c.s.SSLConnectionSocketFactory -  negotiated protocol: TLSv1
02:21:02.139 [Test worker] DEBUG o.a.h.c.s.SSLConnectionSocketFactory -  negotiated cipher suite: TLS_ECDHE_RSA_WITH_AES_128_CBC_SHA
02:21:02.139 [Test worker] DEBUG o.a.h.c.s.SSLConnectionSocketFactory -  peer principal: CN=Thesis
02:21:02.139 [Test worker] DEBUG o.a.h.c.s.SSLConnectionSocketFactory -  issuer principal: EMAILADDRESS=sha@yamil.com, CN=Thesis, OU=Open, O=Fra, L=BER, ST=BER, C=DE
02:21:02.139 [Test worker] DEBUG o.a.h.i.c.DefaultHttpClientConnectionOperator - Connection established 127.0.0.1:41270<->127.0.1.1:2376
02:21:02.139 [Test worker] DEBUG o.a.h.impl.execchain.MainClientExec - Executing request GET /networks HTTP/1.1
02:21:02.139 [Test worker] DEBUG o.a.h.impl.execchain.MainClientExec - Target auth state: UNCHALLENGED
02:21:02.140 [Test worker] DEBUG o.a.h.impl.execchain.MainClientExec - Proxy auth state: UNCHALLENGED
02:21:02.140 [Test worker] DEBUG org.apache.http.headers - http-outgoing-197 >> GET /networks HTTP/1.1
02:21:02.140 [Test worker] DEBUG org.apache.http.headers - http-outgoing-197 >> Accept: application/json
02:21:02.140 [Test worker] DEBUG org.apache.http.headers - http-outgoing-197 >> User-Agent: Jersey/2.23.1 (Apache HttpClient 4.5.1)
02:21:02.140 [Test worker] DEBUG org.apache.http.headers - http-outgoing-197 >> Host: Thesis:2376
02:21:02.140 [Test worker] DEBUG org.apache.http.headers - http-outgoing-197 >> Connection: Keep-Alive
02:21:02.140 [Test worker] DEBUG org.apache.http.headers - http-outgoing-197 >> Accept-Encoding: gzip,deflate
02:21:02.140 [Test worker] DEBUG org.apache.http.wire - http-outgoing-197 >> "GET /networks HTTP/1.1[\r][\n]"
02:21:02.140 [Test worker] DEBUG org.apache.http.wire - http-outgoing-197 >> "Accept: application/json[\r][\n]"
02:21:02.140 [Test worker] DEBUG org.apache.http.wire - http-outgoing-197 >> "User-Agent: Jersey/2.23.1 (Apache HttpClient 4.5.1)[\r][\n]"
02:21:02.140 [Test worker] DEBUG org.apache.http.wire - http-outgoing-197 >> "Host: Thesis:2376[\r][\n]"
02:21:02.140 [Test worker] DEBUG org.apache.http.wire - http-outgoing-197 >> "Connection: Keep-Alive[\r][\n]"
02:21:02.140 [Test worker] DEBUG org.apache.http.wire - http-outgoing-197 >> "Accept-Encoding: gzip,deflate[\r][\n]"
02:21:02.140 [Test worker] DEBUG org.apache.http.wire - http-outgoing-197 >> "[\r][\n]"
02:21:02.141 [Test worker] DEBUG org.apache.http.wire - http-outgoing-197 << "H"
02:21:02.141 [Test worker] DEBUG org.apache.http.wire - http-outgoing-197 << "TTP/1.1 200 OK[\r][\n]"
02:21:02.141 [Test worker] DEBUG org.apache.http.wire - http-outgoing-197 << "Content-Type: application/json[\r][\n]"
02:21:02.141 [Test worker] DEBUG org.apache.http.wire - http-outgoing-197 << "Server: Docker/1.12.3 (linux)[\r][\n]"
02:21:02.141 [Test worker] DEBUG org.apache.http.wire - http-outgoing-197 << "Date: Tue, 03 Jan 2017 01:21:02 GMT[\r][\n]"
02:21:02.141 [Test worker] DEBUG org.apache.http.wire - http-outgoing-197 << "Content-Length: 1723[\r][\n]"
02:21:02.141 [Test worker] DEBUG org.apache.http.wire - http-outgoing-197 << "[\r][\n]"
02:21:02.141 [Test worker] DEBUG org.apache.http.wire - http-outgoing-197 << "[{"Name":"MyNetwork","Id":"d0f5a2c45f1004132aedb75deade58cef1642e7e80860d95a5cbeab448afd10c","Scope":"local","Driver":"bridge","EnableIPv6":false,"IPAM":{"Driver":"default","Options":null,"Config":[{"Subnet":"172.18.0.0/16","Gateway":"172.18.0.1/16"}]},"Internal":false,"Containers":{},"Options":{},"Labels":{}},{"Name":"none","Id":"4d89c194eb79cd2beb38458d10a1b98c74d6b8462af72afde29ae7aca53ed5ca","Scope":"local","Driver":"null","EnableIPv6":false,"IPAM":{"Driver":"default","Options":null,"Config":[]},"Internal":false,"Containers":{},"Options":{},"Labels":{}},{"Name":"bridge","Id":"e0d36057aa1769e9fd52ba88be81b698b495f9b6b4946d0f98f24d971a27fc98","Scope":"local","Driver":"bridge","EnableIPv6":false,"IPAM":{"Driver":"default","Options":null,"Config":[{"Subnet":"172.17.0.0/16","Gateway":"172.17.0.1"}]},"Internal":false,"Containers":{},"Options":{"com.docker.network.bridge.default_bridge":"true","com.docker.network.bridge.enable_icc":"true","com.docker.network.bridge.enable_ip_masquerade":"true","com.docker.network.bridge.host_binding_ipv4":"0.0.0.0","com.docker.network.bridge.name":"docker0","com.docker.network.driver.mtu":"1500"},"Labels":{}},{"Name":"MyNetwork2","Id":"31df3c6545224c9e9b0fdff3725c37715371526244100d2cda3be4c10e1054c4","Scope":"local","Driver":"bridge","EnableIPv6":false,"IPAM":{"Driver":"default","Options":null,"Config":[{"Subnet":"172.19.0.0/16","Gateway":"172.19.0.1/16"}]},"Internal":false,"Containers":{},"Options":{},"Labels":{}},{"Name":"host","Id":"fe042b0866671b5be4f097ba43830c0a02959c058702d18e18c14a24d88a357d","Scope":"local","Driver":"host","EnableIPv6":false,"IPAM":{"Driver":"default","Options":null,"Config":[]},"Internal":false,"Containers":{},"Options":{},"Labels":{}}][\n]"
02:21:02.141 [Test worker] DEBUG org.apache.http.headers - http-outgoing-197 << HTTP/1.1 200 OK
02:21:02.141 [Test worker] DEBUG org.apache.http.headers - http-outgoing-197 << Content-Type: application/json
02:21:02.141 [Test worker] DEBUG org.apache.http.headers - http-outgoing-197 << Server: Docker/1.12.3 (linux)
02:21:02.141 [Test worker] DEBUG org.apache.http.headers - http-outgoing-197 << Date: Tue, 03 Jan 2017 01:21:02 GMT
02:21:02.141 [Test worker] DEBUG org.apache.http.headers - http-outgoing-197 << Content-Length: 1723
02:21:02.141 [Test worker] DEBUG o.a.h.impl.execchain.MainClientExec - Connection can be kept alive indefinitely
02:21:02.142 [Test worker] DEBUG c.g.d.j.JerseyDockerCmdExecFactory - 54 * Client response received on thread Test worker
54 < 200
54 < Content-Length: 1723
54 < Content-Type: application/json
54 < Date: Tue, 03 Jan 2017 01:21:02 GMT
54 < Server: Docker/1.12.3 (linux)
[{"Name":"MyNetwork","Id":"d0f5a2c45f1004132aedb75deade58cef1642e7e80860d95a5cbeab448afd10c","Scope":"local","Driver":"bridge","EnableIPv6":false,"IPAM":{"Driver":"default","Options":null,"Config":[{"Subnet":"172.18.0.0/16","Gateway":"172.18.0.1/16"}]},"Internal":false,"Containers":{},"Options":{},"Labels":{}},{"Name":"none","Id":"4d89c194eb79cd2beb38458d10a1b98c74d6b8462af72afde29ae7aca53ed5ca","Scope":"local","Driver":"null","EnableIPv6":false,"IPAM":{"Driver":"default","Options":null,"Config":[]},"Internal":false,"Containers":{},"Options":{},"Labels":{}},{"Name":"bridge","Id":"e0d36057aa1769e9fd52ba88be81b698b495f9b6b4946d0f98f24d971a27fc98","Scope":"local","Driver":"bridge","EnableIPv6":false,"IPAM":{"Driver":"default","Options":null,"Config":[{"Subnet":"172.17.0.0/16","Gateway":"172.17.0.1"}]},"Internal":false,"Containers":{},"Options":{"com.docker.network.bridge.default_bridge":"true","com.docker.network.bridge.enable_icc":"true","com.docker.network.bridge.enable_ip_masquerade":"true","com.docker.network.bridge.host_binding_ipv4":"0.0.0.0","com.docker.network.bridge.name":"docker0","com.docker.network.driver.mtu":"1500"},"Labels":{}},{"Name":"MyNetwork2","Id":"31df3c6545224c9e9b0fdff3725c37715371526244100d2cda3be4c10e1054c4","Scope":"local","Driver":"bridge","EnableIPv6":false,"IPAM":{"Driver":"default","Options":null,"Config":[{"Subnet":"172.19.0.0/16","Gateway":"172.19.0.1/16"}]},"Internal":false,"Containers":{},"Options":{},"Labels":{}},{"Name":"host","Id":"fe042b0866671b5be4f097ba43830c0a02959c058702d18e18c14a24d88a357d","Scope":"local","Driver":"host","EnableIPv6":false,"IPAM":{"Driver":"default","Options":null,"Config":[]},"Internal":false,"Containers":{},"Options":{},"Labels":{}}]


02:21:02.142 [Test worker] DEBUG o.a.h.i.c.DefaultManagedHttpClientConnection - http-outgoing-197: Close connection
02:21:02.143 [Test worker] DEBUG o.a.h.impl.execchain.MainClientExec - Connection discarded
02:21:02.143 [Test worker] DEBUG c.g.d.j.JerseyDockerCmdExecFactory$1 - Connection released: [id: 197][route: {s}->https://Thesis:2376][total kept alive: 1; route allocated: 1 of 2; total allocated: 1 of 20]
02:21:02.143 [Test worker] DEBUG org.openbaton.docker.DockerVim - Found a docker network, transformed into a NFV network Network{id='d0f5a2c45f1004132aedb75deade58cef1642e7e80860d95a5cbeab448afd10c', name='MyNetwork', extId='null', external=false, shared=false, subnets=[Subnet{id='null', version=0, name='bridge', extId='null', networkId='172.18.0.0/16', cidr='null', gatewayIp='172.18.0.1/16'}]}
02:21:02.143 [Test worker] DEBUG org.openbaton.docker.DockerVim - Found a docker network, transformed into a NFV network Network{id='31df3c6545224c9e9b0fdff3725c37715371526244100d2cda3be4c10e1054c4', name='MyNetwork2', extId='null', external=false, shared=false, subnets=[Subnet{id='null', version=0, name='bridge', extId='null', networkId='172.19.0.0/16', cidr='null', gatewayIp='172.19.0.1/16'}]}
02:21:02.143 [Test worker] DEBUG c.g.d.core.command.AbstrDockerCmd - Cmd: d0f5a2c45f1004132aedb75deade58cef1642e7e80860d95a5cbeab448afd10c,com.github.dockerjava.jaxrs.RemoveNetworkCmdExec@53268e44
02:21:02.143 [Test worker] DEBUG c.g.d.j.JerseyDockerCmdExecFactory - 55 * Sending client request on thread Test worker
55 > DELETE https://Thesis:2376/networks/d0f5a2c45f1004132aedb75deade58cef1642e7e80860d95a5cbeab448afd10c
55 > Accept: application/json

02:21:02.144 [Test worker] DEBUG o.a.h.c.protocol.RequestAddCookies - CookieSpec selected: default
02:21:02.144 [Test worker] DEBUG o.a.h.c.protocol.RequestAuthCache - Auth cache not set in the context
02:21:02.144 [Test worker] DEBUG c.g.d.j.JerseyDockerCmdExecFactory$1 - Connection request: [route: {s}->https://Thesis:2376][total kept alive: 1; route allocated: 1 of 2; total allocated: 1 of 20]
02:21:02.144 [Test worker] DEBUG c.g.d.j.JerseyDockerCmdExecFactory$1 - Connection leased: [id: 198][route: {s}->https://Thesis:2376][total kept alive: 1; route allocated: 2 of 2; total allocated: 2 of 20]
02:21:02.144 [Test worker] DEBUG o.a.h.impl.execchain.MainClientExec - Opening connection {s}->https://Thesis:2376
02:21:02.144 [Test worker] DEBUG o.a.h.i.c.DefaultHttpClientConnectionOperator - Connecting to Thesis/127.0.1.1:2376
02:21:02.144 [Test worker] DEBUG o.a.h.c.s.SSLConnectionSocketFactory - Connecting socket to Thesis/127.0.1.1:2376 with timeout 0
02:21:02.144 [Test worker] DEBUG o.a.h.c.s.SSLConnectionSocketFactory - Enabled protocols: [TLSv1]
02:21:02.145 [Test worker] DEBUG o.a.h.c.s.SSLConnectionSocketFactory - Enabled cipher suites:[TLS_ECDHE_ECDSA_WITH_AES_128_CBC_SHA, TLS_ECDHE_RSA_WITH_AES_128_CBC_SHA, TLS_RSA_WITH_AES_128_CBC_SHA, TLS_ECDH_ECDSA_WITH_AES_128_CBC_SHA, TLS_ECDH_RSA_WITH_AES_128_CBC_SHA, TLS_DHE_RSA_WITH_AES_128_CBC_SHA, TLS_DHE_DSS_WITH_AES_128_CBC_SHA, TLS_ECDHE_ECDSA_WITH_3DES_EDE_CBC_SHA, TLS_ECDHE_RSA_WITH_3DES_EDE_CBC_SHA, SSL_RSA_WITH_3DES_EDE_CBC_SHA, TLS_ECDH_ECDSA_WITH_3DES_EDE_CBC_SHA, TLS_ECDH_RSA_WITH_3DES_EDE_CBC_SHA, SSL_DHE_RSA_WITH_3DES_EDE_CBC_SHA, SSL_DHE_DSS_WITH_3DES_EDE_CBC_SHA, TLS_ECDHE_ECDSA_WITH_RC4_128_SHA, TLS_ECDHE_RSA_WITH_RC4_128_SHA, SSL_RSA_WITH_RC4_128_SHA, TLS_ECDH_ECDSA_WITH_RC4_128_SHA, TLS_ECDH_RSA_WITH_RC4_128_SHA, SSL_RSA_WITH_RC4_128_MD5, TLS_EMPTY_RENEGOTIATION_INFO_SCSV]
02:21:02.145 [Test worker] DEBUG o.a.h.c.s.SSLConnectionSocketFactory - Starting handshake
02:21:02.208 [Test worker] DEBUG o.a.h.c.s.SSLConnectionSocketFactory - Secure session established
02:21:02.208 [Test worker] DEBUG o.a.h.c.s.SSLConnectionSocketFactory -  negotiated protocol: TLSv1
02:21:02.208 [Test worker] DEBUG o.a.h.c.s.SSLConnectionSocketFactory -  negotiated cipher suite: TLS_ECDHE_RSA_WITH_AES_128_CBC_SHA
02:21:02.208 [Test worker] DEBUG o.a.h.c.s.SSLConnectionSocketFactory -  peer principal: CN=Thesis
02:21:02.208 [Test worker] DEBUG o.a.h.c.s.SSLConnectionSocketFactory -  issuer principal: EMAILADDRESS=sha@yamil.com, CN=Thesis, OU=Open, O=Fra, L=BER, ST=BER, C=DE
02:21:02.208 [Test worker] DEBUG o.a.h.i.c.DefaultHttpClientConnectionOperator - Connection established 127.0.0.1:41272<->127.0.1.1:2376
02:21:02.208 [Test worker] DEBUG o.a.h.impl.execchain.MainClientExec - Executing request DELETE /networks/d0f5a2c45f1004132aedb75deade58cef1642e7e80860d95a5cbeab448afd10c HTTP/1.1
02:21:02.208 [Test worker] DEBUG o.a.h.impl.execchain.MainClientExec - Target auth state: UNCHALLENGED
02:21:02.208 [Test worker] DEBUG o.a.h.impl.execchain.MainClientExec - Proxy auth state: UNCHALLENGED
02:21:02.208 [Test worker] DEBUG org.apache.http.headers - http-outgoing-198 >> DELETE /networks/d0f5a2c45f1004132aedb75deade58cef1642e7e80860d95a5cbeab448afd10c HTTP/1.1
02:21:02.208 [Test worker] DEBUG org.apache.http.headers - http-outgoing-198 >> Accept: application/json
02:21:02.208 [Test worker] DEBUG org.apache.http.headers - http-outgoing-198 >> User-Agent: Jersey/2.23.1 (Apache HttpClient 4.5.1)
02:21:02.208 [Test worker] DEBUG org.apache.http.headers - http-outgoing-198 >> Host: Thesis:2376
02:21:02.208 [Test worker] DEBUG org.apache.http.headers - http-outgoing-198 >> Connection: Keep-Alive
02:21:02.209 [Test worker] DEBUG org.apache.http.headers - http-outgoing-198 >> Accept-Encoding: gzip,deflate
02:21:02.209 [Test worker] DEBUG org.apache.http.wire - http-outgoing-198 >> "DELETE /networks/d0f5a2c45f1004132aedb75deade58cef1642e7e80860d95a5cbeab448afd10c HTTP/1.1[\r][\n]"
02:21:02.209 [Test worker] DEBUG org.apache.http.wire - http-outgoing-198 >> "Accept: application/json[\r][\n]"
02:21:02.209 [Test worker] DEBUG org.apache.http.wire - http-outgoing-198 >> "User-Agent: Jersey/2.23.1 (Apache HttpClient 4.5.1)[\r][\n]"
02:21:02.209 [Test worker] DEBUG org.apache.http.wire - http-outgoing-198 >> "Host: Thesis:2376[\r][\n]"
02:21:02.209 [Test worker] DEBUG org.apache.http.wire - http-outgoing-198 >> "Connection: Keep-Alive[\r][\n]"
02:21:02.209 [Test worker] DEBUG org.apache.http.wire - http-outgoing-198 >> "Accept-Encoding: gzip,deflate[\r][\n]"
02:21:02.209 [Test worker] DEBUG org.apache.http.wire - http-outgoing-198 >> "[\r][\n]"
02:21:02.294 [Test worker] DEBUG org.apache.http.wire - http-outgoing-198 << "H"
02:21:02.294 [Test worker] DEBUG org.apache.http.wire - http-outgoing-198 << "TTP/1.1 204 No Content[\r][\n]"
02:21:02.294 [Test worker] DEBUG org.apache.http.wire - http-outgoing-198 << "Server: Docker/1.12.3 (linux)[\r][\n]"
02:21:02.294 [Test worker] DEBUG org.apache.http.wire - http-outgoing-198 << "Date: Tue, 03 Jan 2017 01:21:02 GMT[\r][\n]"
02:21:02.294 [Test worker] DEBUG org.apache.http.wire - http-outgoing-198 << "[\r][\n]"
02:21:02.294 [Test worker] DEBUG org.apache.http.headers - http-outgoing-198 << HTTP/1.1 204 No Content
02:21:02.294 [Test worker] DEBUG org.apache.http.headers - http-outgoing-198 << Server: Docker/1.12.3 (linux)
02:21:02.294 [Test worker] DEBUG org.apache.http.headers - http-outgoing-198 << Date: Tue, 03 Jan 2017 01:21:02 GMT
02:21:02.294 [Test worker] DEBUG o.a.h.impl.execchain.MainClientExec - Connection can be kept alive indefinitely
02:21:02.295 [Test worker] DEBUG c.g.d.j.JerseyDockerCmdExecFactory$1 - Connection [id: 198][route: {s}->https://Thesis:2376][state: CN=Thesis] can be kept alive indefinitely
02:21:02.295 [Test worker] DEBUG c.g.d.j.JerseyDockerCmdExecFactory$1 - Connection released: [id: 198][route: {s}->https://Thesis:2376][state: CN=Thesis][total kept alive: 2; route allocated: 2 of 2; total allocated: 2 of 20]
02:21:02.295 [Test worker] DEBUG c.g.d.j.JerseyDockerCmdExecFactory - 56 * Client response received on thread Test worker
56 < 204
56 < Date: Tue, 03 Jan 2017 01:21:02 GMT
56 < Server: Docker/1.12.3 (linux)

02:21:02.295 [Test worker] INFO  org.openbaton.docker.DockerVim - Network 'd0f5a2c45f1004132aedb75deade58cef1642e7e80860d95a5cbeab448afd10c' deleted successfully
02:21:02.295 [Test worker] DEBUG c.g.d.core.command.AbstrDockerCmd - Cmd: 31df3c6545224c9e9b0fdff3725c37715371526244100d2cda3be4c10e1054c4,com.github.dockerjava.jaxrs.RemoveNetworkCmdExec@3b4f528c
02:21:02.295 [Test worker] DEBUG c.g.d.j.JerseyDockerCmdExecFactory - 57 * Sending client request on thread Test worker
57 > DELETE https://Thesis:2376/networks/31df3c6545224c9e9b0fdff3725c37715371526244100d2cda3be4c10e1054c4
57 > Accept: application/json

02:21:02.295 [Test worker] DEBUG o.a.h.c.protocol.RequestAddCookies - CookieSpec selected: default
02:21:02.295 [Test worker] DEBUG o.a.h.c.protocol.RequestAuthCache - Auth cache not set in the context
02:21:02.295 [Test worker] DEBUG c.g.d.j.JerseyDockerCmdExecFactory$1 - Connection request: [route: {s}->https://Thesis:2376][total kept alive: 2; route allocated: 2 of 2; total allocated: 2 of 20]
02:21:02.295 [Test worker] DEBUG o.a.h.i.c.DefaultManagedHttpClientConnection - http-outgoing-196: Close connection
02:21:02.295 [Test worker] DEBUG c.g.d.j.JerseyDockerCmdExecFactory$1 - Connection leased: [id: 199][route: {s}->https://Thesis:2376][total kept alive: 1; route allocated: 2 of 2; total allocated: 2 of 20]
02:21:02.295 [Test worker] DEBUG o.a.h.impl.execchain.MainClientExec - Opening connection {s}->https://Thesis:2376
02:21:02.296 [Test worker] DEBUG o.a.h.i.c.DefaultHttpClientConnectionOperator - Connecting to Thesis/127.0.1.1:2376
02:21:02.296 [Test worker] DEBUG o.a.h.c.s.SSLConnectionSocketFactory - Connecting socket to Thesis/127.0.1.1:2376 with timeout 0
02:21:02.296 [Test worker] DEBUG o.a.h.c.s.SSLConnectionSocketFactory - Enabled protocols: [TLSv1]
02:21:02.296 [Test worker] DEBUG o.a.h.c.s.SSLConnectionSocketFactory - Enabled cipher suites:[TLS_ECDHE_ECDSA_WITH_AES_128_CBC_SHA, TLS_ECDHE_RSA_WITH_AES_128_CBC_SHA, TLS_RSA_WITH_AES_128_CBC_SHA, TLS_ECDH_ECDSA_WITH_AES_128_CBC_SHA, TLS_ECDH_RSA_WITH_AES_128_CBC_SHA, TLS_DHE_RSA_WITH_AES_128_CBC_SHA, TLS_DHE_DSS_WITH_AES_128_CBC_SHA, TLS_ECDHE_ECDSA_WITH_3DES_EDE_CBC_SHA, TLS_ECDHE_RSA_WITH_3DES_EDE_CBC_SHA, SSL_RSA_WITH_3DES_EDE_CBC_SHA, TLS_ECDH_ECDSA_WITH_3DES_EDE_CBC_SHA, TLS_ECDH_RSA_WITH_3DES_EDE_CBC_SHA, SSL_DHE_RSA_WITH_3DES_EDE_CBC_SHA, SSL_DHE_DSS_WITH_3DES_EDE_CBC_SHA, TLS_ECDHE_ECDSA_WITH_RC4_128_SHA, TLS_ECDHE_RSA_WITH_RC4_128_SHA, SSL_RSA_WITH_RC4_128_SHA, TLS_ECDH_ECDSA_WITH_RC4_128_SHA, TLS_ECDH_RSA_WITH_RC4_128_SHA, SSL_RSA_WITH_RC4_128_MD5, TLS_EMPTY_RENEGOTIATION_INFO_SCSV]
02:21:02.296 [Test worker] DEBUG o.a.h.c.s.SSLConnectionSocketFactory - Starting handshake
02:21:02.355 [Test worker] DEBUG o.a.h.c.s.SSLConnectionSocketFactory - Secure session established
02:21:02.355 [Test worker] DEBUG o.a.h.c.s.SSLConnectionSocketFactory -  negotiated protocol: TLSv1
02:21:02.356 [Test worker] DEBUG o.a.h.c.s.SSLConnectionSocketFactory -  negotiated cipher suite: TLS_ECDHE_RSA_WITH_AES_128_CBC_SHA
02:21:02.356 [Test worker] DEBUG o.a.h.c.s.SSLConnectionSocketFactory -  peer principal: CN=Thesis
02:21:02.356 [Test worker] DEBUG o.a.h.c.s.SSLConnectionSocketFactory -  issuer principal: EMAILADDRESS=sha@yamil.com, CN=Thesis, OU=Open, O=Fra, L=BER, ST=BER, C=DE
02:21:02.356 [Test worker] DEBUG o.a.h.i.c.DefaultHttpClientConnectionOperator - Connection established 127.0.0.1:41274<->127.0.1.1:2376
02:21:02.356 [Test worker] DEBUG o.a.h.impl.execchain.MainClientExec - Executing request DELETE /networks/31df3c6545224c9e9b0fdff3725c37715371526244100d2cda3be4c10e1054c4 HTTP/1.1
02:21:02.356 [Test worker] DEBUG o.a.h.impl.execchain.MainClientExec - Target auth state: UNCHALLENGED
02:21:02.356 [Test worker] DEBUG o.a.h.impl.execchain.MainClientExec - Proxy auth state: UNCHALLENGED
02:21:02.356 [Test worker] DEBUG org.apache.http.headers - http-outgoing-199 >> DELETE /networks/31df3c6545224c9e9b0fdff3725c37715371526244100d2cda3be4c10e1054c4 HTTP/1.1
02:21:02.356 [Test worker] DEBUG org.apache.http.headers - http-outgoing-199 >> Accept: application/json
02:21:02.356 [Test worker] DEBUG org.apache.http.headers - http-outgoing-199 >> User-Agent: Jersey/2.23.1 (Apache HttpClient 4.5.1)
02:21:02.356 [Test worker] DEBUG org.apache.http.headers - http-outgoing-199 >> Host: Thesis:2376
02:21:02.356 [Test worker] DEBUG org.apache.http.headers - http-outgoing-199 >> Connection: Keep-Alive
02:21:02.356 [Test worker] DEBUG org.apache.http.headers - http-outgoing-199 >> Accept-Encoding: gzip,deflate
02:21:02.356 [Test worker] DEBUG org.apache.http.wire - http-outgoing-199 >> "DELETE /networks/31df3c6545224c9e9b0fdff3725c37715371526244100d2cda3be4c10e1054c4 HTTP/1.1[\r][\n]"
02:21:02.356 [Test worker] DEBUG org.apache.http.wire - http-outgoing-199 >> "Accept: application/json[\r][\n]"
02:21:02.356 [Test worker] DEBUG org.apache.http.wire - http-outgoing-199 >> "User-Agent: Jersey/2.23.1 (Apache HttpClient 4.5.1)[\r][\n]"
02:21:02.356 [Test worker] DEBUG org.apache.http.wire - http-outgoing-199 >> "Host: Thesis:2376[\r][\n]"
02:21:02.356 [Test worker] DEBUG org.apache.http.wire - http-outgoing-199 >> "Connection: Keep-Alive[\r][\n]"
02:21:02.356 [Test worker] DEBUG org.apache.http.wire - http-outgoing-199 >> "Accept-Encoding: gzip,deflate[\r][\n]"
02:21:02.356 [Test worker] DEBUG org.apache.http.wire - http-outgoing-199 >> "[\r][\n]"
02:21:02.434 [Test worker] DEBUG org.apache.http.wire - http-outgoing-199 << "H"
02:21:02.435 [Test worker] DEBUG org.apache.http.wire - http-outgoing-199 << "TTP/1.1 204 No Content[\r][\n]"
02:21:02.435 [Test worker] DEBUG org.apache.http.wire - http-outgoing-199 << "Server: Docker/1.12.3 (linux)[\r][\n]"
02:21:02.435 [Test worker] DEBUG org.apache.http.wire - http-outgoing-199 << "Date: Tue, 03 Jan 2017 01:21:02 GMT[\r][\n]"
02:21:02.435 [Test worker] DEBUG org.apache.http.wire - http-outgoing-199 << "[\r][\n]"
02:21:02.435 [Test worker] DEBUG org.apache.http.headers - http-outgoing-199 << HTTP/1.1 204 No Content
02:21:02.435 [Test worker] DEBUG org.apache.http.headers - http-outgoing-199 << Server: Docker/1.12.3 (linux)
02:21:02.435 [Test worker] DEBUG org.apache.http.headers - http-outgoing-199 << Date: Tue, 03 Jan 2017 01:21:02 GMT
02:21:02.435 [Test worker] DEBUG o.a.h.impl.execchain.MainClientExec - Connection can be kept alive indefinitely
02:21:02.435 [Test worker] DEBUG c.g.d.j.JerseyDockerCmdExecFactory$1 - Connection [id: 199][route: {s}->https://Thesis:2376][state: CN=Thesis] can be kept alive indefinitely
02:21:02.435 [Test worker] DEBUG c.g.d.j.JerseyDockerCmdExecFactory$1 - Connection released: [id: 199][route: {s}->https://Thesis:2376][state: CN=Thesis][total kept alive: 2; route allocated: 2 of 2; total allocated: 2 of 20]
02:21:02.435 [Test worker] DEBUG c.g.d.j.JerseyDockerCmdExecFactory - 58 * Client response received on thread Test worker
58 < 204
58 < Date: Tue, 03 Jan 2017 01:21:02 GMT
58 < Server: Docker/1.12.3 (linux)

02:21:02.435 [Test worker] INFO  org.openbaton.docker.DockerVim - Network '31df3c6545224c9e9b0fdff3725c37715371526244100d2cda3be4c10e1054c4' deleted successfully
02:21:02.435 [Test worker] DEBUG c.g.d.core.command.AbstrDockerCmd - Cmd: com.github.dockerjava.core.util.FiltersBuilder@0,com.github.dockerjava.jaxrs.ListVolumesCmdExec@17359c0b
02:21:02.435 [Test worker] DEBUG c.g.d.j.JerseyDockerCmdExecFactory - 59 * Sending client request on thread Test worker
59 > GET https://Thesis:2376/volumes
59 > Accept: application/json

02:21:02.436 [Test worker] DEBUG o.a.h.c.protocol.RequestAddCookies - CookieSpec selected: default
02:21:02.436 [Test worker] DEBUG o.a.h.c.protocol.RequestAuthCache - Auth cache not set in the context
02:21:02.436 [Test worker] DEBUG c.g.d.j.JerseyDockerCmdExecFactory$1 - Connection request: [route: {s}->https://Thesis:2376][total kept alive: 2; route allocated: 2 of 2; total allocated: 2 of 20]
02:21:02.436 [Test worker] DEBUG o.a.h.i.c.DefaultManagedHttpClientConnection - http-outgoing-198: Close connection
02:21:02.436 [Test worker] DEBUG c.g.d.j.JerseyDockerCmdExecFactory$1 - Connection leased: [id: 200][route: {s}->https://Thesis:2376][total kept alive: 1; route allocated: 2 of 2; total allocated: 2 of 20]
02:21:02.436 [Test worker] DEBUG o.a.h.impl.execchain.MainClientExec - Opening connection {s}->https://Thesis:2376
02:21:02.436 [Test worker] DEBUG o.a.h.i.c.DefaultHttpClientConnectionOperator - Connecting to Thesis/127.0.1.1:2376
02:21:02.436 [Test worker] DEBUG o.a.h.c.s.SSLConnectionSocketFactory - Connecting socket to Thesis/127.0.1.1:2376 with timeout 0
02:21:02.436 [Test worker] DEBUG o.a.h.c.s.SSLConnectionSocketFactory - Enabled protocols: [TLSv1]
02:21:02.437 [Test worker] DEBUG o.a.h.c.s.SSLConnectionSocketFactory - Enabled cipher suites:[TLS_ECDHE_ECDSA_WITH_AES_128_CBC_SHA, TLS_ECDHE_RSA_WITH_AES_128_CBC_SHA, TLS_RSA_WITH_AES_128_CBC_SHA, TLS_ECDH_ECDSA_WITH_AES_128_CBC_SHA, TLS_ECDH_RSA_WITH_AES_128_CBC_SHA, TLS_DHE_RSA_WITH_AES_128_CBC_SHA, TLS_DHE_DSS_WITH_AES_128_CBC_SHA, TLS_ECDHE_ECDSA_WITH_3DES_EDE_CBC_SHA, TLS_ECDHE_RSA_WITH_3DES_EDE_CBC_SHA, SSL_RSA_WITH_3DES_EDE_CBC_SHA, TLS_ECDH_ECDSA_WITH_3DES_EDE_CBC_SHA, TLS_ECDH_RSA_WITH_3DES_EDE_CBC_SHA, SSL_DHE_RSA_WITH_3DES_EDE_CBC_SHA, SSL_DHE_DSS_WITH_3DES_EDE_CBC_SHA, TLS_ECDHE_ECDSA_WITH_RC4_128_SHA, TLS_ECDHE_RSA_WITH_RC4_128_SHA, SSL_RSA_WITH_RC4_128_SHA, TLS_ECDH_ECDSA_WITH_RC4_128_SHA, TLS_ECDH_RSA_WITH_RC4_128_SHA, SSL_RSA_WITH_RC4_128_MD5, TLS_EMPTY_RENEGOTIATION_INFO_SCSV]
02:21:02.437 [Test worker] DEBUG o.a.h.c.s.SSLConnectionSocketFactory - Starting handshake
02:21:02.518 [Test worker] DEBUG o.a.h.c.s.SSLConnectionSocketFactory - Secure session established
02:21:02.518 [Test worker] DEBUG o.a.h.c.s.SSLConnectionSocketFactory -  negotiated protocol: TLSv1
02:21:02.518 [Test worker] DEBUG o.a.h.c.s.SSLConnectionSocketFactory -  negotiated cipher suite: TLS_ECDHE_RSA_WITH_AES_128_CBC_SHA
02:21:02.518 [Test worker] DEBUG o.a.h.c.s.SSLConnectionSocketFactory -  peer principal: CN=Thesis
02:21:02.519 [Test worker] DEBUG o.a.h.c.s.SSLConnectionSocketFactory -  issuer principal: EMAILADDRESS=sha@yamil.com, CN=Thesis, OU=Open, O=Fra, L=BER, ST=BER, C=DE
02:21:02.519 [Test worker] DEBUG o.a.h.i.c.DefaultHttpClientConnectionOperator - Connection established 127.0.0.1:41276<->127.0.1.1:2376
02:21:02.519 [Test worker] DEBUG o.a.h.impl.execchain.MainClientExec - Executing request GET /volumes HTTP/1.1
02:21:02.519 [Test worker] DEBUG o.a.h.impl.execchain.MainClientExec - Target auth state: UNCHALLENGED
02:21:02.519 [Test worker] DEBUG o.a.h.impl.execchain.MainClientExec - Proxy auth state: UNCHALLENGED
02:21:02.519 [Test worker] DEBUG org.apache.http.headers - http-outgoing-200 >> GET /volumes HTTP/1.1
02:21:02.519 [Test worker] DEBUG org.apache.http.headers - http-outgoing-200 >> Accept: application/json
02:21:02.519 [Test worker] DEBUG org.apache.http.headers - http-outgoing-200 >> User-Agent: Jersey/2.23.1 (Apache HttpClient 4.5.1)
02:21:02.523 [Test worker] DEBUG org.apache.http.headers - http-outgoing-200 >> Host: Thesis:2376
02:21:02.523 [Test worker] DEBUG org.apache.http.headers - http-outgoing-200 >> Connection: Keep-Alive
02:21:02.523 [Test worker] DEBUG org.apache.http.headers - http-outgoing-200 >> Accept-Encoding: gzip,deflate
02:21:02.523 [Test worker] DEBUG org.apache.http.wire - http-outgoing-200 >> "GET /volumes HTTP/1.1[\r][\n]"
02:21:02.523 [Test worker] DEBUG org.apache.http.wire - http-outgoing-200 >> "Accept: application/json[\r][\n]"
02:21:02.523 [Test worker] DEBUG org.apache.http.wire - http-outgoing-200 >> "User-Agent: Jersey/2.23.1 (Apache HttpClient 4.5.1)[\r][\n]"
02:21:02.523 [Test worker] DEBUG org.apache.http.wire - http-outgoing-200 >> "Host: Thesis:2376[\r][\n]"
02:21:02.523 [Test worker] DEBUG org.apache.http.wire - http-outgoing-200 >> "Connection: Keep-Alive[\r][\n]"
02:21:02.523 [Test worker] DEBUG org.apache.http.wire - http-outgoing-200 >> "Accept-Encoding: gzip,deflate[\r][\n]"
02:21:02.523 [Test worker] DEBUG org.apache.http.wire - http-outgoing-200 >> "[\r][\n]"
02:21:02.524 [Test worker] DEBUG org.apache.http.wire - http-outgoing-200 << "H"
02:21:02.524 [Test worker] DEBUG org.apache.http.wire - http-outgoing-200 << "TTP/1.1 200 OK[\r][\n]"
02:21:02.524 [Test worker] DEBUG org.apache.http.wire - http-outgoing-200 << "Content-Type: application/json[\r][\n]"
02:21:02.524 [Test worker] DEBUG org.apache.http.wire - http-outgoing-200 << "Server: Docker/1.12.3 (linux)[\r][\n]"
02:21:02.524 [Test worker] DEBUG org.apache.http.wire - http-outgoing-200 << "Date: Tue, 03 Jan 2017 01:21:02 GMT[\r][\n]"
02:21:02.524 [Test worker] DEBUG org.apache.http.wire - http-outgoing-200 << "Content-Length: 33[\r][\n]"
02:21:02.524 [Test worker] DEBUG org.apache.http.wire - http-outgoing-200 << "[\r][\n]"
02:21:02.524 [Test worker] DEBUG org.apache.http.wire - http-outgoing-200 << "{"Volumes":null,"Warnings":null}[\n]"
02:21:02.524 [Test worker] DEBUG org.apache.http.headers - http-outgoing-200 << HTTP/1.1 200 OK
02:21:02.524 [Test worker] DEBUG org.apache.http.headers - http-outgoing-200 << Content-Type: application/json
02:21:02.524 [Test worker] DEBUG org.apache.http.headers - http-outgoing-200 << Server: Docker/1.12.3 (linux)
02:21:02.524 [Test worker] DEBUG org.apache.http.headers - http-outgoing-200 << Date: Tue, 03 Jan 2017 01:21:02 GMT
02:21:02.524 [Test worker] DEBUG org.apache.http.headers - http-outgoing-200 << Content-Length: 33
02:21:02.524 [Test worker] DEBUG o.a.h.impl.execchain.MainClientExec - Connection can be kept alive indefinitely
02:21:02.525 [Test worker] DEBUG c.g.d.j.JerseyDockerCmdExecFactory - 60 * Client response received on thread Test worker
60 < 200
60 < Content-Length: 33
60 < Content-Type: application/json
60 < Date: Tue, 03 Jan 2017 01:21:02 GMT
60 < Server: Docker/1.12.3 (linux)
{"Volumes":null,"Warnings":null}


02:21:02.525 [Test worker] DEBUG o.a.h.i.c.DefaultManagedHttpClientConnection - http-outgoing-200: Close connection
02:21:02.525 [Test worker] DEBUG o.a.h.impl.execchain.MainClientExec - Connection discarded
02:21:02.525 [Test worker] DEBUG c.g.d.j.JerseyDockerCmdExecFactory$1 - Connection released: [id: 200][route: {s}->https://Thesis:2376][total kept alive: 1; route allocated: 1 of 2; total allocated: 1 of 20]
]]></system-out>
  <system-err><![CDATA[]]></system-err>
</testsuite>
