<?xml version="1.0" encoding="UTF-8"?>
<testsuite name="org.openbaton.vim_driver.test.DockerVimTest" tests="14" skipped="13" failures="0" errors="0" timestamp="2016-12-06T02:41:36" hostname="Thesis" time="3.939">
  <properties/>
  <testcase name="deleteNetworkTest" classname="org.openbaton.vim_driver.test.DockerVimTest" time="0.002">
    <skipped/>
  </testcase>
  <testcase name="listNetworksTest" classname="org.openbaton.vim_driver.test.DockerVimTest" time="3.925"/>
  <testcase name="deleteServerByIdAndWaitTest" classname="org.openbaton.vim_driver.test.DockerVimTest" time="0.001">
    <skipped/>
  </testcase>
  <testcase name="createNetworkTest" classname="org.openbaton.vim_driver.test.DockerVimTest" time="0.0">
    <skipped/>
  </testcase>
  <testcase name="disconnectContainerFromNetworkTest" classname="org.openbaton.vim_driver.test.DockerVimTest" time="0.001">
    <skipped/>
  </testcase>
  <testcase name="getNetworkByIdTest" classname="org.openbaton.vim_driver.test.DockerVimTest" time="0.002">
    <skipped/>
  </testcase>
  <testcase name="deleteImageTest" classname="org.openbaton.vim_driver.test.DockerVimTest" time="0.001">
    <skipped/>
  </testcase>
  <testcase name="pullImageTest" classname="org.openbaton.vim_driver.test.DockerVimTest" time="0.0">
    <skipped/>
  </testcase>
  <testcase name="createVolumeTest" classname="org.openbaton.vim_driver.test.DockerVimTest" time="0.0">
    <skipped/>
  </testcase>
  <testcase name="listServerTest" classname="org.openbaton.vim_driver.test.DockerVimTest" time="0.0">
    <skipped/>
  </testcase>
  <testcase name="listImagesTest" classname="org.openbaton.vim_driver.test.DockerVimTest" time="0.0">
    <skipped/>
  </testcase>
  <testcase name="deleteVolumeTest" classname="org.openbaton.vim_driver.test.DockerVimTest" time="0.0">
    <skipped/>
  </testcase>
  <testcase name="launchInstanceTest" classname="org.openbaton.vim_driver.test.DockerVimTest" time="0.0">
    <skipped/>
  </testcase>
  <testcase name="connectContainerToNetworkTest" classname="org.openbaton.vim_driver.test.DockerVimTest" time="0.0">
    <skipped/>
  </testcase>
  <system-out><![CDATA[03:41:36.130 [Test worker] DEBUG org.openbaton.docker.DockerVim - Loading properties
03:41:36.134 [Test worker] DEBUG org.openbaton.docker.DockerVim - Loaded properties: {type=docker}
03:41:37.122 [Test worker] DEBUG c.g.d.core.command.AbstrDockerCmd - Cmd: -1,<null>,true,<null>,<null>,com.github.dockerjava.core.util.FiltersBuilder@0,com.github.dockerjava.jaxrs.ListContainersCmdExec@6a85a2b6
03:41:37.336 [Test worker] DEBUG c.g.d.j.JerseyDockerCmdExecFactory - 1 * Sending client request on thread Test worker
1 > GET https://Thesis:2376/containers/json?all=true
1 > Accept: application/json

03:41:37.370 [Test worker] DEBUG o.a.h.c.protocol.RequestAddCookies - CookieSpec selected: default
03:41:37.376 [Test worker] DEBUG o.a.h.c.protocol.RequestAuthCache - Auth cache not set in the context
03:41:37.381 [Test worker] DEBUG c.g.d.j.JerseyDockerCmdExecFactory$1 - Connection request: [route: {s}->https://Thesis:2376][total kept alive: 0; route allocated: 0 of 2; total allocated: 0 of 20]
03:41:37.389 [Test worker] DEBUG c.g.d.j.JerseyDockerCmdExecFactory$1 - Connection leased: [id: 0][route: {s}->https://Thesis:2376][total kept alive: 0; route allocated: 1 of 2; total allocated: 1 of 20]
03:41:37.390 [Test worker] DEBUG o.a.h.impl.execchain.MainClientExec - Opening connection {s}->https://Thesis:2376
03:41:37.392 [Test worker] DEBUG o.a.h.i.c.DefaultHttpClientConnectionOperator - Connecting to Thesis/127.0.1.1:2376
03:41:37.392 [Test worker] DEBUG o.a.h.c.s.SSLConnectionSocketFactory - Connecting socket to Thesis/127.0.1.1:2376 with timeout 0
03:41:37.950 [Test worker] DEBUG o.a.h.c.s.SSLConnectionSocketFactory - Enabled protocols: [TLSv1]
03:41:37.951 [Test worker] DEBUG o.a.h.c.s.SSLConnectionSocketFactory - Enabled cipher suites:[TLS_ECDHE_ECDSA_WITH_AES_128_CBC_SHA, TLS_ECDHE_RSA_WITH_AES_128_CBC_SHA, TLS_RSA_WITH_AES_128_CBC_SHA, TLS_ECDH_ECDSA_WITH_AES_128_CBC_SHA, TLS_ECDH_RSA_WITH_AES_128_CBC_SHA, TLS_DHE_RSA_WITH_AES_128_CBC_SHA, TLS_DHE_DSS_WITH_AES_128_CBC_SHA, TLS_ECDHE_ECDSA_WITH_3DES_EDE_CBC_SHA, TLS_ECDHE_RSA_WITH_3DES_EDE_CBC_SHA, SSL_RSA_WITH_3DES_EDE_CBC_SHA, TLS_ECDH_ECDSA_WITH_3DES_EDE_CBC_SHA, TLS_ECDH_RSA_WITH_3DES_EDE_CBC_SHA, SSL_DHE_RSA_WITH_3DES_EDE_CBC_SHA, SSL_DHE_DSS_WITH_3DES_EDE_CBC_SHA, TLS_ECDHE_ECDSA_WITH_RC4_128_SHA, TLS_ECDHE_RSA_WITH_RC4_128_SHA, SSL_RSA_WITH_RC4_128_SHA, TLS_ECDH_ECDSA_WITH_RC4_128_SHA, TLS_ECDH_RSA_WITH_RC4_128_SHA, SSL_RSA_WITH_RC4_128_MD5, TLS_EMPTY_RENEGOTIATION_INFO_SCSV]
03:41:37.952 [Test worker] DEBUG o.a.h.c.s.SSLConnectionSocketFactory - Starting handshake
03:41:38.102 [Test worker] DEBUG o.a.h.c.s.SSLConnectionSocketFactory - Secure session established
03:41:38.103 [Test worker] DEBUG o.a.h.c.s.SSLConnectionSocketFactory -  negotiated protocol: TLSv1
03:41:38.103 [Test worker] DEBUG o.a.h.c.s.SSLConnectionSocketFactory -  negotiated cipher suite: TLS_ECDHE_RSA_WITH_AES_128_CBC_SHA
03:41:38.103 [Test worker] DEBUG o.a.h.c.s.SSLConnectionSocketFactory -  peer principal: CN=Thesis
03:41:38.104 [Test worker] DEBUG o.a.h.c.s.SSLConnectionSocketFactory -  issuer principal: EMAILADDRESS=sha@yamil.com, CN=Thesis, OU=Open, O=Fra, L=BER, ST=BER, C=DE
03:41:38.106 [Test worker] DEBUG o.a.h.i.c.DefaultHttpClientConnectionOperator - Connection established 127.0.0.1:60594<->127.0.1.1:2376
03:41:38.108 [Test worker] DEBUG o.a.h.impl.execchain.MainClientExec - Executing request GET /containers/json?all=true HTTP/1.1
03:41:38.108 [Test worker] DEBUG o.a.h.impl.execchain.MainClientExec - Target auth state: UNCHALLENGED
03:41:38.109 [Test worker] DEBUG o.a.h.impl.execchain.MainClientExec - Proxy auth state: UNCHALLENGED
03:41:38.120 [Test worker] DEBUG org.apache.http.headers - http-outgoing-0 >> GET /containers/json?all=true HTTP/1.1
03:41:38.120 [Test worker] DEBUG org.apache.http.headers - http-outgoing-0 >> Accept: application/json
03:41:38.121 [Test worker] DEBUG org.apache.http.headers - http-outgoing-0 >> User-Agent: Jersey/2.23.1 (Apache HttpClient 4.5.1)
03:41:38.121 [Test worker] DEBUG org.apache.http.headers - http-outgoing-0 >> Host: Thesis:2376
03:41:38.121 [Test worker] DEBUG org.apache.http.headers - http-outgoing-0 >> Connection: Keep-Alive
03:41:38.121 [Test worker] DEBUG org.apache.http.headers - http-outgoing-0 >> Accept-Encoding: gzip,deflate
03:41:38.121 [Test worker] DEBUG org.apache.http.wire - http-outgoing-0 >> "GET /containers/json?all=true HTTP/1.1[\r][\n]"
03:41:38.122 [Test worker] DEBUG org.apache.http.wire - http-outgoing-0 >> "Accept: application/json[\r][\n]"
03:41:38.122 [Test worker] DEBUG org.apache.http.wire - http-outgoing-0 >> "User-Agent: Jersey/2.23.1 (Apache HttpClient 4.5.1)[\r][\n]"
03:41:38.122 [Test worker] DEBUG org.apache.http.wire - http-outgoing-0 >> "Host: Thesis:2376[\r][\n]"
03:41:38.122 [Test worker] DEBUG org.apache.http.wire - http-outgoing-0 >> "Connection: Keep-Alive[\r][\n]"
03:41:38.122 [Test worker] DEBUG org.apache.http.wire - http-outgoing-0 >> "Accept-Encoding: gzip,deflate[\r][\n]"
03:41:38.123 [Test worker] DEBUG org.apache.http.wire - http-outgoing-0 >> "[\r][\n]"
03:41:38.123 [Test worker] DEBUG org.apache.http.wire - http-outgoing-0 << "H"
03:41:38.123 [Test worker] DEBUG org.apache.http.wire - http-outgoing-0 << "TTP/1.1 200 OK[\r][\n]"
03:41:38.124 [Test worker] DEBUG org.apache.http.wire - http-outgoing-0 << "Content-Type: application/json[\r][\n]"
03:41:38.124 [Test worker] DEBUG org.apache.http.wire - http-outgoing-0 << "Server: Docker/1.12.3 (linux)[\r][\n]"
03:41:38.124 [Test worker] DEBUG org.apache.http.wire - http-outgoing-0 << "Date: Tue, 06 Dec 2016 02:41:38 GMT[\r][\n]"
03:41:38.124 [Test worker] DEBUG org.apache.http.wire - http-outgoing-0 << "Content-Length: 3[\r][\n]"
03:41:38.124 [Test worker] DEBUG org.apache.http.wire - http-outgoing-0 << "[\r][\n]"
03:41:38.125 [Test worker] DEBUG org.apache.http.wire - http-outgoing-0 << "[][\n]"
03:41:38.126 [Test worker] DEBUG org.apache.http.headers - http-outgoing-0 << HTTP/1.1 200 OK
03:41:38.126 [Test worker] DEBUG org.apache.http.headers - http-outgoing-0 << Content-Type: application/json
03:41:38.126 [Test worker] DEBUG org.apache.http.headers - http-outgoing-0 << Server: Docker/1.12.3 (linux)
03:41:38.126 [Test worker] DEBUG org.apache.http.headers - http-outgoing-0 << Date: Tue, 06 Dec 2016 02:41:38 GMT
03:41:38.127 [Test worker] DEBUG org.apache.http.headers - http-outgoing-0 << Content-Length: 3
03:41:38.128 [Test worker] DEBUG o.a.h.impl.execchain.MainClientExec - Connection can be kept alive indefinitely
03:41:38.133 [Test worker] DEBUG c.g.d.j.JerseyDockerCmdExecFactory - 2 * Client response received on thread Test worker
2 < 200
2 < Content-Length: 3
2 < Content-Type: application/json
2 < Date: Tue, 06 Dec 2016 02:41:38 GMT
2 < Server: Docker/1.12.3 (linux)
[]


03:41:38.245 [Test worker] DEBUG c.g.d.j.JerseyDockerCmdExecFactory$1 - Connection [id: 0][route: {s}->https://Thesis:2376][state: CN=Thesis] can be kept alive indefinitely
03:41:38.245 [Test worker] DEBUG c.g.d.j.JerseyDockerCmdExecFactory$1 - Connection released: [id: 0][route: {s}->https://Thesis:2376][state: CN=Thesis][total kept alive: 1; route allocated: 1 of 2; total allocated: 1 of 20]
03:41:38.378 [Test worker] DEBUG c.g.d.core.command.AbstrDockerCmd - Cmd: com.github.dockerjava.core.util.FiltersBuilder@0,com.github.dockerjava.jaxrs.ListNetworksCmdExec@29e46561
03:41:38.421 [Test worker] DEBUG c.g.d.j.JerseyDockerCmdExecFactory - 1 * Sending client request on thread Test worker
1 > GET https://Thesis:2376/networks
1 > Accept: application/json

03:41:38.424 [Test worker] DEBUG o.a.h.c.protocol.RequestAddCookies - CookieSpec selected: default
03:41:38.424 [Test worker] DEBUG o.a.h.c.protocol.RequestAuthCache - Auth cache not set in the context
03:41:38.424 [Test worker] DEBUG c.g.d.j.JerseyDockerCmdExecFactory$1 - Connection request: [route: {s}->https://Thesis:2376][total kept alive: 0; route allocated: 0 of 2; total allocated: 0 of 20]
03:41:38.425 [Test worker] DEBUG c.g.d.j.JerseyDockerCmdExecFactory$1 - Connection leased: [id: 1][route: {s}->https://Thesis:2376][total kept alive: 0; route allocated: 1 of 2; total allocated: 1 of 20]
03:41:38.425 [Test worker] DEBUG o.a.h.impl.execchain.MainClientExec - Opening connection {s}->https://Thesis:2376
03:41:38.425 [Test worker] DEBUG o.a.h.i.c.DefaultHttpClientConnectionOperator - Connecting to Thesis/127.0.1.1:2376
03:41:38.425 [Test worker] DEBUG o.a.h.c.s.SSLConnectionSocketFactory - Connecting socket to Thesis/127.0.1.1:2376 with timeout 0
03:41:38.428 [Test worker] DEBUG o.a.h.c.s.SSLConnectionSocketFactory - Enabled protocols: [TLSv1]
03:41:38.428 [Test worker] DEBUG o.a.h.c.s.SSLConnectionSocketFactory - Enabled cipher suites:[TLS_ECDHE_ECDSA_WITH_AES_128_CBC_SHA, TLS_ECDHE_RSA_WITH_AES_128_CBC_SHA, TLS_RSA_WITH_AES_128_CBC_SHA, TLS_ECDH_ECDSA_WITH_AES_128_CBC_SHA, TLS_ECDH_RSA_WITH_AES_128_CBC_SHA, TLS_DHE_RSA_WITH_AES_128_CBC_SHA, TLS_DHE_DSS_WITH_AES_128_CBC_SHA, TLS_ECDHE_ECDSA_WITH_3DES_EDE_CBC_SHA, TLS_ECDHE_RSA_WITH_3DES_EDE_CBC_SHA, SSL_RSA_WITH_3DES_EDE_CBC_SHA, TLS_ECDH_ECDSA_WITH_3DES_EDE_CBC_SHA, TLS_ECDH_RSA_WITH_3DES_EDE_CBC_SHA, SSL_DHE_RSA_WITH_3DES_EDE_CBC_SHA, SSL_DHE_DSS_WITH_3DES_EDE_CBC_SHA, TLS_ECDHE_ECDSA_WITH_RC4_128_SHA, TLS_ECDHE_RSA_WITH_RC4_128_SHA, SSL_RSA_WITH_RC4_128_SHA, TLS_ECDH_ECDSA_WITH_RC4_128_SHA, TLS_ECDH_RSA_WITH_RC4_128_SHA, SSL_RSA_WITH_RC4_128_MD5, TLS_EMPTY_RENEGOTIATION_INFO_SCSV]
03:41:38.428 [Test worker] DEBUG o.a.h.c.s.SSLConnectionSocketFactory - Starting handshake
03:41:38.496 [Test worker] DEBUG o.a.h.c.s.SSLConnectionSocketFactory - Secure session established
03:41:38.496 [Test worker] DEBUG o.a.h.c.s.SSLConnectionSocketFactory -  negotiated protocol: TLSv1
03:41:38.496 [Test worker] DEBUG o.a.h.c.s.SSLConnectionSocketFactory -  negotiated cipher suite: TLS_ECDHE_RSA_WITH_AES_128_CBC_SHA
03:41:38.497 [Test worker] DEBUG o.a.h.c.s.SSLConnectionSocketFactory -  peer principal: CN=Thesis
03:41:38.498 [Test worker] DEBUG o.a.h.c.s.SSLConnectionSocketFactory -  issuer principal: EMAILADDRESS=sha@yamil.com, CN=Thesis, OU=Open, O=Fra, L=BER, ST=BER, C=DE
03:41:38.500 [Test worker] DEBUG o.a.h.i.c.DefaultHttpClientConnectionOperator - Connection established 127.0.0.1:60596<->127.0.1.1:2376
03:41:38.502 [Test worker] DEBUG o.a.h.impl.execchain.MainClientExec - Executing request GET /networks HTTP/1.1
03:41:38.502 [Test worker] DEBUG o.a.h.impl.execchain.MainClientExec - Target auth state: UNCHALLENGED
03:41:38.503 [Test worker] DEBUG o.a.h.impl.execchain.MainClientExec - Proxy auth state: UNCHALLENGED
03:41:38.503 [Test worker] DEBUG org.apache.http.headers - http-outgoing-1 >> GET /networks HTTP/1.1
03:41:38.503 [Test worker] DEBUG org.apache.http.headers - http-outgoing-1 >> Accept: application/json
03:41:38.503 [Test worker] DEBUG org.apache.http.headers - http-outgoing-1 >> User-Agent: Jersey/2.23.1 (Apache HttpClient 4.5.1)
03:41:38.503 [Test worker] DEBUG org.apache.http.headers - http-outgoing-1 >> Host: Thesis:2376
03:41:38.504 [Test worker] DEBUG org.apache.http.headers - http-outgoing-1 >> Connection: Keep-Alive
03:41:38.504 [Test worker] DEBUG org.apache.http.headers - http-outgoing-1 >> Accept-Encoding: gzip,deflate
03:41:38.505 [Test worker] DEBUG org.apache.http.wire - http-outgoing-1 >> "GET /networks HTTP/1.1[\r][\n]"
03:41:38.505 [Test worker] DEBUG org.apache.http.wire - http-outgoing-1 >> "Accept: application/json[\r][\n]"
03:41:38.505 [Test worker] DEBUG org.apache.http.wire - http-outgoing-1 >> "User-Agent: Jersey/2.23.1 (Apache HttpClient 4.5.1)[\r][\n]"
03:41:38.505 [Test worker] DEBUG org.apache.http.wire - http-outgoing-1 >> "Host: Thesis:2376[\r][\n]"
03:41:38.505 [Test worker] DEBUG org.apache.http.wire - http-outgoing-1 >> "Connection: Keep-Alive[\r][\n]"
03:41:38.506 [Test worker] DEBUG org.apache.http.wire - http-outgoing-1 >> "Accept-Encoding: gzip,deflate[\r][\n]"
03:41:38.506 [Test worker] DEBUG org.apache.http.wire - http-outgoing-1 >> "[\r][\n]"
03:41:38.507 [Test worker] DEBUG org.apache.http.wire - http-outgoing-1 << "H"
03:41:38.508 [Test worker] DEBUG org.apache.http.wire - http-outgoing-1 << "TTP/1.1 200 OK[\r][\n]"
03:41:38.508 [Test worker] DEBUG org.apache.http.wire - http-outgoing-1 << "Content-Type: application/json[\r][\n]"
03:41:38.508 [Test worker] DEBUG org.apache.http.wire - http-outgoing-1 << "Server: Docker/1.12.3 (linux)[\r][\n]"
03:41:38.508 [Test worker] DEBUG org.apache.http.wire - http-outgoing-1 << "Date: Tue, 06 Dec 2016 02:41:38 GMT[\r][\n]"
03:41:38.508 [Test worker] DEBUG org.apache.http.wire - http-outgoing-1 << "Content-Length: 1407[\r][\n]"
03:41:38.508 [Test worker] DEBUG org.apache.http.wire - http-outgoing-1 << "[\r][\n]"
03:41:38.509 [Test worker] DEBUG org.apache.http.wire - http-outgoing-1 << "[{"Name":"host","Id":"fe042b0866671b5be4f097ba43830c0a02959c058702d18e18c14a24d88a357d","Scope":"local","Driver":"host","EnableIPv6":false,"IPAM":{"Driver":"default","Options":null,"Config":[]},"Internal":false,"Containers":{},"Options":{},"Labels":{}},{"Name":"private","Id":"e3e25ce7d5d10da5ece174e4f2941d5e386cd108bb2f855dd13a0a68e267a3e4","Scope":"local","Driver":"bridge","EnableIPv6":false,"IPAM":{"Driver":"default","Options":{},"Config":[{"Subnet":"172.18.0.0/16","Gateway":"172.18.0.1/16"}]},"Internal":false,"Containers":{},"Options":{},"Labels":{}},{"Name":"none","Id":"4d89c194eb79cd2beb38458d10a1b98c74d6b8462af72afde29ae7aca53ed5ca","Scope":"local","Driver":"null","EnableIPv6":false,"IPAM":{"Driver":"default","Options":null,"Config":[]},"Internal":false,"Containers":{},"Options":{},"Labels":{}},{"Name":"bridge","Id":"252e1ad8e01c3cfba656215d27764fda2afcc0cc7dc30c2ab0aa2335d50df57f","Scope":"local","Driver":"bridge","EnableIPv6":false,"IPAM":{"Driver":"default","Options":null,"Config":[{"Subnet":"172.17.0.0/16","Gateway":"172.17.0.1"}]},"Internal":false,"Containers":{},"Options":{"com.docker.network.bridge.default_bridge":"true","com.docker.network.bridge.enable_icc":"true","com.docker.network.bridge.enable_ip_masquerade":"true","com.docker.network.bridge.host_binding_ipv4":"0.0.0.0","com.docker.network.bridge.name":"docker0","com.docker.network.driver.mtu":"1500"},"Labels":{}}][\n]"
03:41:38.509 [Test worker] DEBUG org.apache.http.headers - http-outgoing-1 << HTTP/1.1 200 OK
03:41:38.509 [Test worker] DEBUG org.apache.http.headers - http-outgoing-1 << Content-Type: application/json
03:41:38.509 [Test worker] DEBUG org.apache.http.headers - http-outgoing-1 << Server: Docker/1.12.3 (linux)
03:41:38.509 [Test worker] DEBUG org.apache.http.headers - http-outgoing-1 << Date: Tue, 06 Dec 2016 02:41:38 GMT
03:41:38.510 [Test worker] DEBUG org.apache.http.headers - http-outgoing-1 << Content-Length: 1407
03:41:38.510 [Test worker] DEBUG o.a.h.impl.execchain.MainClientExec - Connection can be kept alive indefinitely
03:41:38.510 [Test worker] DEBUG c.g.d.j.JerseyDockerCmdExecFactory - 2 * Client response received on thread Test worker
2 < 200
2 < Content-Length: 1407
2 < Content-Type: application/json
2 < Date: Tue, 06 Dec 2016 02:41:38 GMT
2 < Server: Docker/1.12.3 (linux)
[{"Name":"host","Id":"fe042b0866671b5be4f097ba43830c0a02959c058702d18e18c14a24d88a357d","Scope":"local","Driver":"host","EnableIPv6":false,"IPAM":{"Driver":"default","Options":null,"Config":[]},"Internal":false,"Containers":{},"Options":{},"Labels":{}},{"Name":"private","Id":"e3e25ce7d5d10da5ece174e4f2941d5e386cd108bb2f855dd13a0a68e267a3e4","Scope":"local","Driver":"bridge","EnableIPv6":false,"IPAM":{"Driver":"default","Options":{},"Config":[{"Subnet":"172.18.0.0/16","Gateway":"172.18.0.1/16"}]},"Internal":false,"Containers":{},"Options":{},"Labels":{}},{"Name":"none","Id":"4d89c194eb79cd2beb38458d10a1b98c74d6b8462af72afde29ae7aca53ed5ca","Scope":"local","Driver":"null","EnableIPv6":false,"IPAM":{"Driver":"default","Options":null,"Config":[]},"Internal":false,"Containers":{},"Options":{},"Labels":{}},{"Name":"bridge","Id":"252e1ad8e01c3cfba656215d27764fda2afcc0cc7dc30c2ab0aa2335d50df57f","Scope":"local","Driver":"bridge","EnableIPv6":false,"IPAM":{"Driver":"default","Options":null,"Config":[{"Subnet":"172.17.0.0/16","Gateway":"172.17.0.1"}]},"Internal":false,"Containers":{},"Options":{"com.docker.network.bridge.default_bridge":"true","com.docker.network.bridge.enable_icc":"true","com.docker.network.bridge.enable_ip_masquerade":"true","com.docker.network.bridge.host_binding_ipv4":"0.0.0.0","com.docker.network.bridge.name":"docker0","com.docker.network.driver.mtu":"1500"},"Labels":{}}]


03:41:38.520 [Test worker] DEBUG o.a.h.i.c.DefaultManagedHttpClientConnection - http-outgoing-1: Close connection
03:41:38.521 [Test worker] DEBUG o.a.h.impl.execchain.MainClientExec - Connection discarded
03:41:38.521 [Test worker] DEBUG c.g.d.j.JerseyDockerCmdExecFactory$1 - Connection released: [id: 1][route: {s}->https://Thesis:2376][total kept alive: 0; route allocated: 0 of 2; total allocated: 0 of 20]
03:41:38.522 [Test worker] DEBUG org.openbaton.docker.DockerVim - Found a docker network, transformed into a NFV network Network{id='e3e25ce7d5d10da5ece174e4f2941d5e386cd108bb2f855dd13a0a68e267a3e4', name='private', extId='null', external=false, shared=false, subnets=[Subnet{id='null', version=0, name='bridge', extId='null', networkId='172.18.0.0/16', cidr='null', gatewayIp='172.18.0.1/16'}]}
03:41:38.534 [Test worker] DEBUG c.g.d.core.command.AbstrDockerCmd - Cmd: e3e25ce7d5d10da5ece174e4f2941d5e386cd108bb2f855dd13a0a68e267a3e4,com.github.dockerjava.jaxrs.RemoveNetworkCmdExec@2e751271
03:41:38.566 [Test worker] DEBUG c.g.d.j.JerseyDockerCmdExecFactory - 1 * Sending client request on thread Test worker
1 > DELETE https://Thesis:2376/networks/e3e25ce7d5d10da5ece174e4f2941d5e386cd108bb2f855dd13a0a68e267a3e4
1 > Accept: application/json

03:41:38.567 [Test worker] DEBUG o.a.h.c.protocol.RequestAddCookies - CookieSpec selected: default
03:41:38.567 [Test worker] DEBUG o.a.h.c.protocol.RequestAuthCache - Auth cache not set in the context
03:41:38.567 [Test worker] DEBUG c.g.d.j.JerseyDockerCmdExecFactory$1 - Connection request: [route: {s}->https://Thesis:2376][total kept alive: 0; route allocated: 0 of 2; total allocated: 0 of 20]
03:41:38.567 [Test worker] DEBUG c.g.d.j.JerseyDockerCmdExecFactory$1 - Connection leased: [id: 2][route: {s}->https://Thesis:2376][total kept alive: 0; route allocated: 1 of 2; total allocated: 1 of 20]
03:41:38.567 [Test worker] DEBUG o.a.h.impl.execchain.MainClientExec - Opening connection {s}->https://Thesis:2376
03:41:38.568 [Test worker] DEBUG o.a.h.i.c.DefaultHttpClientConnectionOperator - Connecting to Thesis/127.0.1.1:2376
03:41:38.568 [Test worker] DEBUG o.a.h.c.s.SSLConnectionSocketFactory - Connecting socket to Thesis/127.0.1.1:2376 with timeout 0
03:41:38.570 [Test worker] DEBUG o.a.h.c.s.SSLConnectionSocketFactory - Enabled protocols: [TLSv1]
03:41:38.570 [Test worker] DEBUG o.a.h.c.s.SSLConnectionSocketFactory - Enabled cipher suites:[TLS_ECDHE_ECDSA_WITH_AES_128_CBC_SHA, TLS_ECDHE_RSA_WITH_AES_128_CBC_SHA, TLS_RSA_WITH_AES_128_CBC_SHA, TLS_ECDH_ECDSA_WITH_AES_128_CBC_SHA, TLS_ECDH_RSA_WITH_AES_128_CBC_SHA, TLS_DHE_RSA_WITH_AES_128_CBC_SHA, TLS_DHE_DSS_WITH_AES_128_CBC_SHA, TLS_ECDHE_ECDSA_WITH_3DES_EDE_CBC_SHA, TLS_ECDHE_RSA_WITH_3DES_EDE_CBC_SHA, SSL_RSA_WITH_3DES_EDE_CBC_SHA, TLS_ECDH_ECDSA_WITH_3DES_EDE_CBC_SHA, TLS_ECDH_RSA_WITH_3DES_EDE_CBC_SHA, SSL_DHE_RSA_WITH_3DES_EDE_CBC_SHA, SSL_DHE_DSS_WITH_3DES_EDE_CBC_SHA, TLS_ECDHE_ECDSA_WITH_RC4_128_SHA, TLS_ECDHE_RSA_WITH_RC4_128_SHA, SSL_RSA_WITH_RC4_128_SHA, TLS_ECDH_ECDSA_WITH_RC4_128_SHA, TLS_ECDH_RSA_WITH_RC4_128_SHA, SSL_RSA_WITH_RC4_128_MD5, TLS_EMPTY_RENEGOTIATION_INFO_SCSV]
03:41:38.570 [Test worker] DEBUG o.a.h.c.s.SSLConnectionSocketFactory - Starting handshake
03:41:38.634 [Test worker] DEBUG o.a.h.c.s.SSLConnectionSocketFactory - Secure session established
03:41:38.634 [Test worker] DEBUG o.a.h.c.s.SSLConnectionSocketFactory -  negotiated protocol: TLSv1
03:41:38.634 [Test worker] DEBUG o.a.h.c.s.SSLConnectionSocketFactory -  negotiated cipher suite: TLS_ECDHE_RSA_WITH_AES_128_CBC_SHA
03:41:38.634 [Test worker] DEBUG o.a.h.c.s.SSLConnectionSocketFactory -  peer principal: CN=Thesis
03:41:38.635 [Test worker] DEBUG o.a.h.c.s.SSLConnectionSocketFactory -  issuer principal: EMAILADDRESS=sha@yamil.com, CN=Thesis, OU=Open, O=Fra, L=BER, ST=BER, C=DE
03:41:38.635 [Test worker] DEBUG o.a.h.i.c.DefaultHttpClientConnectionOperator - Connection established 127.0.0.1:60598<->127.0.1.1:2376
03:41:38.635 [Test worker] DEBUG o.a.h.impl.execchain.MainClientExec - Executing request DELETE /networks/e3e25ce7d5d10da5ece174e4f2941d5e386cd108bb2f855dd13a0a68e267a3e4 HTTP/1.1
03:41:38.636 [Test worker] DEBUG o.a.h.impl.execchain.MainClientExec - Target auth state: UNCHALLENGED
03:41:38.636 [Test worker] DEBUG o.a.h.impl.execchain.MainClientExec - Proxy auth state: UNCHALLENGED
03:41:38.636 [Test worker] DEBUG org.apache.http.headers - http-outgoing-2 >> DELETE /networks/e3e25ce7d5d10da5ece174e4f2941d5e386cd108bb2f855dd13a0a68e267a3e4 HTTP/1.1
03:41:38.636 [Test worker] DEBUG org.apache.http.headers - http-outgoing-2 >> Accept: application/json
03:41:38.636 [Test worker] DEBUG org.apache.http.headers - http-outgoing-2 >> User-Agent: Jersey/2.23.1 (Apache HttpClient 4.5.1)
03:41:38.636 [Test worker] DEBUG org.apache.http.headers - http-outgoing-2 >> Host: Thesis:2376
03:41:38.637 [Test worker] DEBUG org.apache.http.headers - http-outgoing-2 >> Connection: Keep-Alive
03:41:38.637 [Test worker] DEBUG org.apache.http.headers - http-outgoing-2 >> Accept-Encoding: gzip,deflate
03:41:38.637 [Test worker] DEBUG org.apache.http.wire - http-outgoing-2 >> "DELETE /networks/e3e25ce7d5d10da5ece174e4f2941d5e386cd108bb2f855dd13a0a68e267a3e4 HTTP/1.1[\r][\n]"
03:41:38.637 [Test worker] DEBUG org.apache.http.wire - http-outgoing-2 >> "Accept: application/json[\r][\n]"
03:41:38.637 [Test worker] DEBUG org.apache.http.wire - http-outgoing-2 >> "User-Agent: Jersey/2.23.1 (Apache HttpClient 4.5.1)[\r][\n]"
03:41:38.637 [Test worker] DEBUG org.apache.http.wire - http-outgoing-2 >> "Host: Thesis:2376[\r][\n]"
03:41:38.638 [Test worker] DEBUG org.apache.http.wire - http-outgoing-2 >> "Connection: Keep-Alive[\r][\n]"
03:41:38.638 [Test worker] DEBUG org.apache.http.wire - http-outgoing-2 >> "Accept-Encoding: gzip,deflate[\r][\n]"
03:41:38.638 [Test worker] DEBUG org.apache.http.wire - http-outgoing-2 >> "[\r][\n]"
03:41:38.698 [Test worker] DEBUG org.apache.http.wire - http-outgoing-2 << "H"
03:41:38.699 [Test worker] DEBUG org.apache.http.wire - http-outgoing-2 << "TTP/1.1 204 No Content[\r][\n]"
03:41:38.699 [Test worker] DEBUG org.apache.http.wire - http-outgoing-2 << "Server: Docker/1.12.3 (linux)[\r][\n]"
03:41:38.699 [Test worker] DEBUG org.apache.http.wire - http-outgoing-2 << "Date: Tue, 06 Dec 2016 02:41:38 GMT[\r][\n]"
03:41:38.699 [Test worker] DEBUG org.apache.http.wire - http-outgoing-2 << "[\r][\n]"
03:41:38.700 [Test worker] DEBUG org.apache.http.headers - http-outgoing-2 << HTTP/1.1 204 No Content
03:41:38.700 [Test worker] DEBUG org.apache.http.headers - http-outgoing-2 << Server: Docker/1.12.3 (linux)
03:41:38.700 [Test worker] DEBUG org.apache.http.headers - http-outgoing-2 << Date: Tue, 06 Dec 2016 02:41:38 GMT
03:41:38.700 [Test worker] DEBUG o.a.h.impl.execchain.MainClientExec - Connection can be kept alive indefinitely
03:41:38.700 [Test worker] DEBUG c.g.d.j.JerseyDockerCmdExecFactory$1 - Connection [id: 2][route: {s}->https://Thesis:2376][state: CN=Thesis] can be kept alive indefinitely
03:41:38.701 [Test worker] DEBUG c.g.d.j.JerseyDockerCmdExecFactory$1 - Connection released: [id: 2][route: {s}->https://Thesis:2376][state: CN=Thesis][total kept alive: 1; route allocated: 1 of 2; total allocated: 1 of 20]
03:41:38.701 [Test worker] DEBUG c.g.d.j.JerseyDockerCmdExecFactory - 2 * Client response received on thread Test worker
2 < 204
2 < Date: Tue, 06 Dec 2016 02:41:38 GMT
2 < Server: Docker/1.12.3 (linux)

03:41:38.702 [Test worker] DEBUG org.openbaton.docker.DockerVim - Network deleted successfully
03:41:38.703 [Test worker] DEBUG c.g.d.core.command.AbstrDockerCmd - Cmd: com.github.dockerjava.core.util.FiltersBuilder@0,com.github.dockerjava.jaxrs.ListVolumesCmdExec@7d15f996
03:41:38.728 [Test worker] DEBUG c.g.d.j.JerseyDockerCmdExecFactory - 1 * Sending client request on thread Test worker
1 > GET https://Thesis:2376/volumes
1 > Accept: application/json

03:41:38.731 [Test worker] DEBUG o.a.h.c.protocol.RequestAddCookies - CookieSpec selected: default
03:41:38.731 [Test worker] DEBUG o.a.h.c.protocol.RequestAuthCache - Auth cache not set in the context
03:41:38.732 [Test worker] DEBUG c.g.d.j.JerseyDockerCmdExecFactory$1 - Connection request: [route: {s}->https://Thesis:2376][total kept alive: 0; route allocated: 0 of 2; total allocated: 0 of 20]
03:41:38.732 [Test worker] DEBUG c.g.d.j.JerseyDockerCmdExecFactory$1 - Connection leased: [id: 3][route: {s}->https://Thesis:2376][total kept alive: 0; route allocated: 1 of 2; total allocated: 1 of 20]
03:41:38.732 [Test worker] DEBUG o.a.h.impl.execchain.MainClientExec - Opening connection {s}->https://Thesis:2376
03:41:38.732 [Test worker] DEBUG o.a.h.i.c.DefaultHttpClientConnectionOperator - Connecting to Thesis/127.0.1.1:2376
03:41:38.732 [Test worker] DEBUG o.a.h.c.s.SSLConnectionSocketFactory - Connecting socket to Thesis/127.0.1.1:2376 with timeout 0
03:41:38.735 [Test worker] DEBUG o.a.h.c.s.SSLConnectionSocketFactory - Enabled protocols: [TLSv1]
03:41:38.735 [Test worker] DEBUG o.a.h.c.s.SSLConnectionSocketFactory - Enabled cipher suites:[TLS_ECDHE_ECDSA_WITH_AES_128_CBC_SHA, TLS_ECDHE_RSA_WITH_AES_128_CBC_SHA, TLS_RSA_WITH_AES_128_CBC_SHA, TLS_ECDH_ECDSA_WITH_AES_128_CBC_SHA, TLS_ECDH_RSA_WITH_AES_128_CBC_SHA, TLS_DHE_RSA_WITH_AES_128_CBC_SHA, TLS_DHE_DSS_WITH_AES_128_CBC_SHA, TLS_ECDHE_ECDSA_WITH_3DES_EDE_CBC_SHA, TLS_ECDHE_RSA_WITH_3DES_EDE_CBC_SHA, SSL_RSA_WITH_3DES_EDE_CBC_SHA, TLS_ECDH_ECDSA_WITH_3DES_EDE_CBC_SHA, TLS_ECDH_RSA_WITH_3DES_EDE_CBC_SHA, SSL_DHE_RSA_WITH_3DES_EDE_CBC_SHA, SSL_DHE_DSS_WITH_3DES_EDE_CBC_SHA, TLS_ECDHE_ECDSA_WITH_RC4_128_SHA, TLS_ECDHE_RSA_WITH_RC4_128_SHA, SSL_RSA_WITH_RC4_128_SHA, TLS_ECDH_ECDSA_WITH_RC4_128_SHA, TLS_ECDH_RSA_WITH_RC4_128_SHA, SSL_RSA_WITH_RC4_128_MD5, TLS_EMPTY_RENEGOTIATION_INFO_SCSV]
03:41:38.735 [Test worker] DEBUG o.a.h.c.s.SSLConnectionSocketFactory - Starting handshake
03:41:38.814 [Test worker] DEBUG o.a.h.c.s.SSLConnectionSocketFactory - Secure session established
03:41:38.814 [Test worker] DEBUG o.a.h.c.s.SSLConnectionSocketFactory -  negotiated protocol: TLSv1
03:41:38.814 [Test worker] DEBUG o.a.h.c.s.SSLConnectionSocketFactory -  negotiated cipher suite: TLS_ECDHE_RSA_WITH_AES_128_CBC_SHA
03:41:38.814 [Test worker] DEBUG o.a.h.c.s.SSLConnectionSocketFactory -  peer principal: CN=Thesis
03:41:38.815 [Test worker] DEBUG o.a.h.c.s.SSLConnectionSocketFactory -  issuer principal: EMAILADDRESS=sha@yamil.com, CN=Thesis, OU=Open, O=Fra, L=BER, ST=BER, C=DE
03:41:38.815 [Test worker] DEBUG o.a.h.i.c.DefaultHttpClientConnectionOperator - Connection established 127.0.0.1:60600<->127.0.1.1:2376
03:41:38.815 [Test worker] DEBUG o.a.h.impl.execchain.MainClientExec - Executing request GET /volumes HTTP/1.1
03:41:38.815 [Test worker] DEBUG o.a.h.impl.execchain.MainClientExec - Target auth state: UNCHALLENGED
03:41:38.815 [Test worker] DEBUG o.a.h.impl.execchain.MainClientExec - Proxy auth state: UNCHALLENGED
03:41:38.816 [Test worker] DEBUG org.apache.http.headers - http-outgoing-3 >> GET /volumes HTTP/1.1
03:41:38.816 [Test worker] DEBUG org.apache.http.headers - http-outgoing-3 >> Accept: application/json
03:41:38.816 [Test worker] DEBUG org.apache.http.headers - http-outgoing-3 >> User-Agent: Jersey/2.23.1 (Apache HttpClient 4.5.1)
03:41:38.816 [Test worker] DEBUG org.apache.http.headers - http-outgoing-3 >> Host: Thesis:2376
03:41:38.816 [Test worker] DEBUG org.apache.http.headers - http-outgoing-3 >> Connection: Keep-Alive
03:41:38.816 [Test worker] DEBUG org.apache.http.headers - http-outgoing-3 >> Accept-Encoding: gzip,deflate
03:41:38.817 [Test worker] DEBUG org.apache.http.wire - http-outgoing-3 >> "GET /volumes HTTP/1.1[\r][\n]"
03:41:38.817 [Test worker] DEBUG org.apache.http.wire - http-outgoing-3 >> "Accept: application/json[\r][\n]"
03:41:38.817 [Test worker] DEBUG org.apache.http.wire - http-outgoing-3 >> "User-Agent: Jersey/2.23.1 (Apache HttpClient 4.5.1)[\r][\n]"
03:41:38.817 [Test worker] DEBUG org.apache.http.wire - http-outgoing-3 >> "Host: Thesis:2376[\r][\n]"
03:41:38.817 [Test worker] DEBUG org.apache.http.wire - http-outgoing-3 >> "Connection: Keep-Alive[\r][\n]"
03:41:38.817 [Test worker] DEBUG org.apache.http.wire - http-outgoing-3 >> "Accept-Encoding: gzip,deflate[\r][\n]"
03:41:38.818 [Test worker] DEBUG org.apache.http.wire - http-outgoing-3 >> "[\r][\n]"
03:41:38.818 [Test worker] DEBUG org.apache.http.wire - http-outgoing-3 << "H"
03:41:38.818 [Test worker] DEBUG org.apache.http.wire - http-outgoing-3 << "TTP/1.1 200 OK[\r][\n]"
03:41:38.819 [Test worker] DEBUG org.apache.http.wire - http-outgoing-3 << "Content-Type: application/json[\r][\n]"
03:41:38.819 [Test worker] DEBUG org.apache.http.wire - http-outgoing-3 << "Server: Docker/1.12.3 (linux)[\r][\n]"
03:41:38.819 [Test worker] DEBUG org.apache.http.wire - http-outgoing-3 << "Date: Tue, 06 Dec 2016 02:41:38 GMT[\r][\n]"
03:41:38.819 [Test worker] DEBUG org.apache.http.wire - http-outgoing-3 << "Content-Length: 33[\r][\n]"
03:41:38.819 [Test worker] DEBUG org.apache.http.wire - http-outgoing-3 << "[\r][\n]"
03:41:38.820 [Test worker] DEBUG org.apache.http.wire - http-outgoing-3 << "{"Volumes":null,"Warnings":null}[\n]"
03:41:38.820 [Test worker] DEBUG org.apache.http.headers - http-outgoing-3 << HTTP/1.1 200 OK
03:41:38.820 [Test worker] DEBUG org.apache.http.headers - http-outgoing-3 << Content-Type: application/json
03:41:38.820 [Test worker] DEBUG org.apache.http.headers - http-outgoing-3 << Server: Docker/1.12.3 (linux)
03:41:38.820 [Test worker] DEBUG org.apache.http.headers - http-outgoing-3 << Date: Tue, 06 Dec 2016 02:41:38 GMT
03:41:38.820 [Test worker] DEBUG org.apache.http.headers - http-outgoing-3 << Content-Length: 33
03:41:38.821 [Test worker] DEBUG o.a.h.impl.execchain.MainClientExec - Connection can be kept alive indefinitely
03:41:38.821 [Test worker] DEBUG c.g.d.j.JerseyDockerCmdExecFactory - 2 * Client response received on thread Test worker
2 < 200
2 < Content-Length: 33
2 < Content-Type: application/json
2 < Date: Tue, 06 Dec 2016 02:41:38 GMT
2 < Server: Docker/1.12.3 (linux)
{"Volumes":null,"Warnings":null}


03:41:38.824 [Test worker] DEBUG o.a.h.i.c.DefaultManagedHttpClientConnection - http-outgoing-3: Close connection
03:41:38.825 [Test worker] DEBUG o.a.h.impl.execchain.MainClientExec - Connection discarded
03:41:38.825 [Test worker] DEBUG c.g.d.j.JerseyDockerCmdExecFactory$1 - Connection released: [id: 3][route: {s}->https://Thesis:2376][total kept alive: 0; route allocated: 0 of 2; total allocated: 0 of 20]
List of volumes: null
03:41:38.849 [Test worker] DEBUG c.g.d.core.command.AbstrDockerCmd - Cmd: MyNetwork,<null>,com.github.dockerjava.api.model.Network$Ipam@54d9a624[driver=<null>,config=[com.github.dockerjava.api.model.Network$Ipam$Config@1d2ab101],options=<null>],{},true,<null>,<null>,com.github.dockerjava.jaxrs.CreateNetworkCmdExec@5dcac79c
03:41:38.889 [Test worker] DEBUG o.a.h.c.protocol.RequestAddCookies - CookieSpec selected: default
03:41:38.890 [Test worker] DEBUG o.a.h.c.protocol.RequestAuthCache - Auth cache not set in the context
03:41:38.890 [Test worker] DEBUG c.g.d.j.JerseyDockerCmdExecFactory$1 - Connection request: [route: {s}->https://Thesis:2376][total kept alive: 0; route allocated: 0 of 2; total allocated: 0 of 20]
03:41:38.891 [Test worker] DEBUG c.g.d.j.JerseyDockerCmdExecFactory$1 - Connection leased: [id: 4][route: {s}->https://Thesis:2376][total kept alive: 0; route allocated: 1 of 2; total allocated: 1 of 20]
03:41:38.891 [Test worker] DEBUG o.a.h.impl.execchain.MainClientExec - Opening connection {s}->https://Thesis:2376
03:41:38.891 [Test worker] DEBUG o.a.h.i.c.DefaultHttpClientConnectionOperator - Connecting to Thesis/127.0.1.1:2376
03:41:38.891 [Test worker] DEBUG o.a.h.c.s.SSLConnectionSocketFactory - Connecting socket to Thesis/127.0.1.1:2376 with timeout 0
03:41:38.893 [Test worker] DEBUG o.a.h.c.s.SSLConnectionSocketFactory - Enabled protocols: [TLSv1]
03:41:38.895 [Test worker] DEBUG o.a.h.c.s.SSLConnectionSocketFactory - Enabled cipher suites:[TLS_ECDHE_ECDSA_WITH_AES_128_CBC_SHA, TLS_ECDHE_RSA_WITH_AES_128_CBC_SHA, TLS_RSA_WITH_AES_128_CBC_SHA, TLS_ECDH_ECDSA_WITH_AES_128_CBC_SHA, TLS_ECDH_RSA_WITH_AES_128_CBC_SHA, TLS_DHE_RSA_WITH_AES_128_CBC_SHA, TLS_DHE_DSS_WITH_AES_128_CBC_SHA, TLS_ECDHE_ECDSA_WITH_3DES_EDE_CBC_SHA, TLS_ECDHE_RSA_WITH_3DES_EDE_CBC_SHA, SSL_RSA_WITH_3DES_EDE_CBC_SHA, TLS_ECDH_ECDSA_WITH_3DES_EDE_CBC_SHA, TLS_ECDH_RSA_WITH_3DES_EDE_CBC_SHA, SSL_DHE_RSA_WITH_3DES_EDE_CBC_SHA, SSL_DHE_DSS_WITH_3DES_EDE_CBC_SHA, TLS_ECDHE_ECDSA_WITH_RC4_128_SHA, TLS_ECDHE_RSA_WITH_RC4_128_SHA, SSL_RSA_WITH_RC4_128_SHA, TLS_ECDH_ECDSA_WITH_RC4_128_SHA, TLS_ECDH_RSA_WITH_RC4_128_SHA, SSL_RSA_WITH_RC4_128_MD5, TLS_EMPTY_RENEGOTIATION_INFO_SCSV]
03:41:38.895 [Test worker] DEBUG o.a.h.c.s.SSLConnectionSocketFactory - Starting handshake
03:41:38.958 [Test worker] DEBUG o.a.h.c.s.SSLConnectionSocketFactory - Secure session established
03:41:38.958 [Test worker] DEBUG o.a.h.c.s.SSLConnectionSocketFactory -  negotiated protocol: TLSv1
03:41:38.958 [Test worker] DEBUG o.a.h.c.s.SSLConnectionSocketFactory -  negotiated cipher suite: TLS_ECDHE_RSA_WITH_AES_128_CBC_SHA
03:41:38.958 [Test worker] DEBUG o.a.h.c.s.SSLConnectionSocketFactory -  peer principal: CN=Thesis
03:41:38.959 [Test worker] DEBUG o.a.h.c.s.SSLConnectionSocketFactory -  issuer principal: EMAILADDRESS=sha@yamil.com, CN=Thesis, OU=Open, O=Fra, L=BER, ST=BER, C=DE
03:41:38.959 [Test worker] DEBUG o.a.h.i.c.DefaultHttpClientConnectionOperator - Connection established 127.0.0.1:60602<->127.0.1.1:2376
03:41:38.959 [Test worker] DEBUG o.a.h.impl.execchain.MainClientExec - Executing request POST /networks/create HTTP/1.1
03:41:38.959 [Test worker] DEBUG o.a.h.impl.execchain.MainClientExec - Target auth state: UNCHALLENGED
03:41:38.959 [Test worker] DEBUG o.a.h.impl.execchain.MainClientExec - Proxy auth state: UNCHALLENGED
03:41:38.960 [Test worker] DEBUG org.apache.http.headers - http-outgoing-4 >> POST /networks/create HTTP/1.1
03:41:38.960 [Test worker] DEBUG org.apache.http.headers - http-outgoing-4 >> Accept: application/json
03:41:38.960 [Test worker] DEBUG org.apache.http.headers - http-outgoing-4 >> Content-Type: application/json
03:41:38.960 [Test worker] DEBUG org.apache.http.headers - http-outgoing-4 >> User-Agent: Jersey/2.23.1 (Apache HttpClient 4.5.1)
03:41:38.960 [Test worker] DEBUG org.apache.http.headers - http-outgoing-4 >> Transfer-Encoding: chunked
03:41:38.960 [Test worker] DEBUG org.apache.http.headers - http-outgoing-4 >> Host: Thesis:2376
03:41:38.961 [Test worker] DEBUG org.apache.http.headers - http-outgoing-4 >> Connection: Keep-Alive
03:41:38.961 [Test worker] DEBUG org.apache.http.headers - http-outgoing-4 >> Accept-Encoding: gzip,deflate
03:41:38.979 [Test worker] DEBUG c.g.d.j.JerseyDockerCmdExecFactory - 1 * Sending client request on thread Test worker
1 > POST https://Thesis:2376/networks/create
1 > Accept: application/json
1 > Content-Type: application/json
{"enableIPv6":null,"Name":"MyNetwork","Driver":null,"IPAM":{"Driver":null,"Config":[{"Subnet":"172.19.0.0/16","IPRange":null,"Gateway":"172.19.0.1"}],"Options":null},"Options":{},"CheckDuplicate":true,"Internal":null,"EnableIPv6":null}

03:41:38.980 [Test worker] DEBUG org.apache.http.wire - http-outgoing-4 >> "POST /networks/create HTTP/1.1[\r][\n]"
03:41:38.980 [Test worker] DEBUG org.apache.http.wire - http-outgoing-4 >> "Accept: application/json[\r][\n]"
03:41:38.980 [Test worker] DEBUG org.apache.http.wire - http-outgoing-4 >> "Content-Type: application/json[\r][\n]"
03:41:38.980 [Test worker] DEBUG org.apache.http.wire - http-outgoing-4 >> "User-Agent: Jersey/2.23.1 (Apache HttpClient 4.5.1)[\r][\n]"
03:41:38.981 [Test worker] DEBUG org.apache.http.wire - http-outgoing-4 >> "Transfer-Encoding: chunked[\r][\n]"
03:41:38.981 [Test worker] DEBUG org.apache.http.wire - http-outgoing-4 >> "Host: Thesis:2376[\r][\n]"
03:41:38.981 [Test worker] DEBUG org.apache.http.wire - http-outgoing-4 >> "Connection: Keep-Alive[\r][\n]"
03:41:38.981 [Test worker] DEBUG org.apache.http.wire - http-outgoing-4 >> "Accept-Encoding: gzip,deflate[\r][\n]"
03:41:38.981 [Test worker] DEBUG org.apache.http.wire - http-outgoing-4 >> "[\r][\n]"
03:41:38.981 [Test worker] DEBUG org.apache.http.wire - http-outgoing-4 >> "eb[\r][\n]"
03:41:38.982 [Test worker] DEBUG org.apache.http.wire - http-outgoing-4 >> "{"enableIPv6":null,"Name":"MyNetwork","Driver":null,"IPAM":{"Driver":null,"Config":[{"Subnet":"172.19.0.0/16","IPRange":null,"Gateway":"172.19.0.1"}],"Options":null},"Options":{},"CheckDuplicate":true,"Internal":null,"EnableIPv6":null}[\r][\n]"
03:41:38.982 [Test worker] DEBUG org.apache.http.wire - http-outgoing-4 >> "0[\r][\n]"
03:41:38.982 [Test worker] DEBUG org.apache.http.wire - http-outgoing-4 >> "[\r][\n]"
03:41:39.051 [Test worker] DEBUG org.apache.http.wire - http-outgoing-4 << "H"
03:41:39.051 [Test worker] DEBUG org.apache.http.wire - http-outgoing-4 << "TTP/1.1 201 Created[\r][\n]"
03:41:39.051 [Test worker] DEBUG org.apache.http.wire - http-outgoing-4 << "Content-Type: application/json[\r][\n]"
03:41:39.051 [Test worker] DEBUG org.apache.http.wire - http-outgoing-4 << "Server: Docker/1.12.3 (linux)[\r][\n]"
03:41:39.051 [Test worker] DEBUG org.apache.http.wire - http-outgoing-4 << "Date: Tue, 06 Dec 2016 02:41:39 GMT[\r][\n]"
03:41:39.051 [Test worker] DEBUG org.apache.http.wire - http-outgoing-4 << "Content-Length: 87[\r][\n]"
03:41:39.052 [Test worker] DEBUG org.apache.http.wire - http-outgoing-4 << "[\r][\n]"
03:41:39.052 [Test worker] DEBUG org.apache.http.wire - http-outgoing-4 << "{"Id":"92d4c17d0182bbeb191e1b8702dc3de913c610aa43d2b10629f6bcabde901391","Warning":""}[\n]"
03:41:39.052 [Test worker] DEBUG org.apache.http.headers - http-outgoing-4 << HTTP/1.1 201 Created
03:41:39.052 [Test worker] DEBUG org.apache.http.headers - http-outgoing-4 << Content-Type: application/json
03:41:39.052 [Test worker] DEBUG org.apache.http.headers - http-outgoing-4 << Server: Docker/1.12.3 (linux)
03:41:39.052 [Test worker] DEBUG org.apache.http.headers - http-outgoing-4 << Date: Tue, 06 Dec 2016 02:41:39 GMT
03:41:39.052 [Test worker] DEBUG org.apache.http.headers - http-outgoing-4 << Content-Length: 87
03:41:39.052 [Test worker] DEBUG o.a.h.impl.execchain.MainClientExec - Connection can be kept alive indefinitely
03:41:39.052 [Test worker] DEBUG c.g.d.j.JerseyDockerCmdExecFactory - 2 * Client response received on thread Test worker
2 < 201
2 < Content-Length: 87
2 < Content-Type: application/json
2 < Date: Tue, 06 Dec 2016 02:41:39 GMT
2 < Server: Docker/1.12.3 (linux)
{"Id":"92d4c17d0182bbeb191e1b8702dc3de913c610aa43d2b10629f6bcabde901391","Warning":""}


03:41:39.063 [Test worker] DEBUG o.a.h.i.c.DefaultManagedHttpClientConnection - http-outgoing-4: Close connection
03:41:39.063 [Test worker] DEBUG o.a.h.impl.execchain.MainClientExec - Connection discarded
03:41:39.069 [Test worker] DEBUG c.g.d.j.JerseyDockerCmdExecFactory$1 - Connection released: [id: 4][route: {s}->https://Thesis:2376][total kept alive: 0; route allocated: 0 of 2; total allocated: 0 of 20]
03:41:39.078 [Test worker] DEBUG c.g.d.core.command.AbstrDockerCmd - Cmd: 92d4c17d0182bbeb191e1b8702dc3de913c610aa43d2b10629f6bcabde901391,com.github.dockerjava.jaxrs.InspectNetworkCmdExec@4a551a7f
03:41:39.083 [Test worker] DEBUG c.g.d.jaxrs.ListNetworksCmdExec - GET: JerseyWebTarget { https://Thesis:2376/networks/92d4c17d0182bbeb191e1b8702dc3de913c610aa43d2b10629f6bcabde901391 }
03:41:39.085 [Test worker] DEBUG c.g.d.j.JerseyDockerCmdExecFactory - 3 * Sending client request on thread Test worker
3 > GET https://Thesis:2376/networks/92d4c17d0182bbeb191e1b8702dc3de913c610aa43d2b10629f6bcabde901391
3 > Accept: application/json

03:41:39.086 [Test worker] DEBUG o.a.h.c.protocol.RequestAddCookies - CookieSpec selected: default
03:41:39.089 [Test worker] DEBUG o.a.h.c.protocol.RequestAuthCache - Auth cache not set in the context
03:41:39.090 [Test worker] DEBUG c.g.d.j.JerseyDockerCmdExecFactory$1 - Connection request: [route: {s}->https://Thesis:2376][total kept alive: 0; route allocated: 0 of 2; total allocated: 0 of 20]
03:41:39.090 [Test worker] DEBUG c.g.d.j.JerseyDockerCmdExecFactory$1 - Connection leased: [id: 5][route: {s}->https://Thesis:2376][total kept alive: 0; route allocated: 1 of 2; total allocated: 1 of 20]
03:41:39.090 [Test worker] DEBUG o.a.h.impl.execchain.MainClientExec - Opening connection {s}->https://Thesis:2376
03:41:39.090 [Test worker] DEBUG o.a.h.i.c.DefaultHttpClientConnectionOperator - Connecting to Thesis/127.0.1.1:2376
03:41:39.091 [Test worker] DEBUG o.a.h.c.s.SSLConnectionSocketFactory - Connecting socket to Thesis/127.0.1.1:2376 with timeout 0
03:41:39.094 [Test worker] DEBUG o.a.h.c.s.SSLConnectionSocketFactory - Enabled protocols: [TLSv1]
03:41:39.094 [Test worker] DEBUG o.a.h.c.s.SSLConnectionSocketFactory - Enabled cipher suites:[TLS_ECDHE_ECDSA_WITH_AES_128_CBC_SHA, TLS_ECDHE_RSA_WITH_AES_128_CBC_SHA, TLS_RSA_WITH_AES_128_CBC_SHA, TLS_ECDH_ECDSA_WITH_AES_128_CBC_SHA, TLS_ECDH_RSA_WITH_AES_128_CBC_SHA, TLS_DHE_RSA_WITH_AES_128_CBC_SHA, TLS_DHE_DSS_WITH_AES_128_CBC_SHA, TLS_ECDHE_ECDSA_WITH_3DES_EDE_CBC_SHA, TLS_ECDHE_RSA_WITH_3DES_EDE_CBC_SHA, SSL_RSA_WITH_3DES_EDE_CBC_SHA, TLS_ECDH_ECDSA_WITH_3DES_EDE_CBC_SHA, TLS_ECDH_RSA_WITH_3DES_EDE_CBC_SHA, SSL_DHE_RSA_WITH_3DES_EDE_CBC_SHA, SSL_DHE_DSS_WITH_3DES_EDE_CBC_SHA, TLS_ECDHE_ECDSA_WITH_RC4_128_SHA, TLS_ECDHE_RSA_WITH_RC4_128_SHA, SSL_RSA_WITH_RC4_128_SHA, TLS_ECDH_ECDSA_WITH_RC4_128_SHA, TLS_ECDH_RSA_WITH_RC4_128_SHA, SSL_RSA_WITH_RC4_128_MD5, TLS_EMPTY_RENEGOTIATION_INFO_SCSV]
03:41:39.095 [Test worker] DEBUG o.a.h.c.s.SSLConnectionSocketFactory - Starting handshake
03:41:39.159 [Test worker] DEBUG o.a.h.c.s.SSLConnectionSocketFactory - Secure session established
03:41:39.159 [Test worker] DEBUG o.a.h.c.s.SSLConnectionSocketFactory -  negotiated protocol: TLSv1
03:41:39.159 [Test worker] DEBUG o.a.h.c.s.SSLConnectionSocketFactory -  negotiated cipher suite: TLS_ECDHE_RSA_WITH_AES_128_CBC_SHA
03:41:39.159 [Test worker] DEBUG o.a.h.c.s.SSLConnectionSocketFactory -  peer principal: CN=Thesis
03:41:39.160 [Test worker] DEBUG o.a.h.c.s.SSLConnectionSocketFactory -  issuer principal: EMAILADDRESS=sha@yamil.com, CN=Thesis, OU=Open, O=Fra, L=BER, ST=BER, C=DE
03:41:39.160 [Test worker] DEBUG o.a.h.i.c.DefaultHttpClientConnectionOperator - Connection established 127.0.0.1:60604<->127.0.1.1:2376
03:41:39.160 [Test worker] DEBUG o.a.h.impl.execchain.MainClientExec - Executing request GET /networks/92d4c17d0182bbeb191e1b8702dc3de913c610aa43d2b10629f6bcabde901391 HTTP/1.1
03:41:39.160 [Test worker] DEBUG o.a.h.impl.execchain.MainClientExec - Target auth state: UNCHALLENGED
03:41:39.160 [Test worker] DEBUG o.a.h.impl.execchain.MainClientExec - Proxy auth state: UNCHALLENGED
03:41:39.161 [Test worker] DEBUG org.apache.http.headers - http-outgoing-5 >> GET /networks/92d4c17d0182bbeb191e1b8702dc3de913c610aa43d2b10629f6bcabde901391 HTTP/1.1
03:41:39.161 [Test worker] DEBUG org.apache.http.headers - http-outgoing-5 >> Accept: application/json
03:41:39.161 [Test worker] DEBUG org.apache.http.headers - http-outgoing-5 >> User-Agent: Jersey/2.23.1 (Apache HttpClient 4.5.1)
03:41:39.161 [Test worker] DEBUG org.apache.http.headers - http-outgoing-5 >> Host: Thesis:2376
03:41:39.161 [Test worker] DEBUG org.apache.http.headers - http-outgoing-5 >> Connection: Keep-Alive
03:41:39.161 [Test worker] DEBUG org.apache.http.headers - http-outgoing-5 >> Accept-Encoding: gzip,deflate
03:41:39.162 [Test worker] DEBUG org.apache.http.wire - http-outgoing-5 >> "GET /networks/92d4c17d0182bbeb191e1b8702dc3de913c610aa43d2b10629f6bcabde901391 HTTP/1.1[\r][\n]"
03:41:39.162 [Test worker] DEBUG org.apache.http.wire - http-outgoing-5 >> "Accept: application/json[\r][\n]"
03:41:39.162 [Test worker] DEBUG org.apache.http.wire - http-outgoing-5 >> "User-Agent: Jersey/2.23.1 (Apache HttpClient 4.5.1)[\r][\n]"
03:41:39.162 [Test worker] DEBUG org.apache.http.wire - http-outgoing-5 >> "Host: Thesis:2376[\r][\n]"
03:41:39.162 [Test worker] DEBUG org.apache.http.wire - http-outgoing-5 >> "Connection: Keep-Alive[\r][\n]"
03:41:39.162 [Test worker] DEBUG org.apache.http.wire - http-outgoing-5 >> "Accept-Encoding: gzip,deflate[\r][\n]"
03:41:39.163 [Test worker] DEBUG org.apache.http.wire - http-outgoing-5 >> "[\r][\n]"
03:41:39.163 [Test worker] DEBUG org.apache.http.wire - http-outgoing-5 << "H"
03:41:39.164 [Test worker] DEBUG org.apache.http.wire - http-outgoing-5 << "TTP/1.1 200 OK[\r][\n]"
03:41:39.164 [Test worker] DEBUG org.apache.http.wire - http-outgoing-5 << "Content-Type: application/json[\r][\n]"
03:41:39.164 [Test worker] DEBUG org.apache.http.wire - http-outgoing-5 << "Server: Docker/1.12.3 (linux)[\r][\n]"
03:41:39.164 [Test worker] DEBUG org.apache.http.wire - http-outgoing-5 << "Date: Tue, 06 Dec 2016 02:41:39 GMT[\r][\n]"
03:41:39.164 [Test worker] DEBUG org.apache.http.wire - http-outgoing-5 << "Content-Length: 308[\r][\n]"
03:41:39.164 [Test worker] DEBUG org.apache.http.wire - http-outgoing-5 << "[\r][\n]"
03:41:39.165 [Test worker] DEBUG org.apache.http.wire - http-outgoing-5 << "{"Name":"MyNetwork","Id":"92d4c17d0182bbeb191e1b8702dc3de913c610aa43d2b10629f6bcabde901391","Scope":"local","Driver":"bridge","EnableIPv6":false,"IPAM":{"Driver":"default","Options":null,"Config":[{"Subnet":"172.19.0.0/16","Gateway":"172.19.0.1"}]},"Internal":false,"Containers":{},"Options":{},"Labels":{}}[\n]"
03:41:39.165 [Test worker] DEBUG org.apache.http.headers - http-outgoing-5 << HTTP/1.1 200 OK
03:41:39.165 [Test worker] DEBUG org.apache.http.headers - http-outgoing-5 << Content-Type: application/json
03:41:39.165 [Test worker] DEBUG org.apache.http.headers - http-outgoing-5 << Server: Docker/1.12.3 (linux)
03:41:39.165 [Test worker] DEBUG org.apache.http.headers - http-outgoing-5 << Date: Tue, 06 Dec 2016 02:41:39 GMT
03:41:39.165 [Test worker] DEBUG org.apache.http.headers - http-outgoing-5 << Content-Length: 308
03:41:39.166 [Test worker] DEBUG o.a.h.impl.execchain.MainClientExec - Connection can be kept alive indefinitely
03:41:39.166 [Test worker] DEBUG c.g.d.j.JerseyDockerCmdExecFactory - 4 * Client response received on thread Test worker
4 < 200
4 < Content-Length: 308
4 < Content-Type: application/json
4 < Date: Tue, 06 Dec 2016 02:41:39 GMT
4 < Server: Docker/1.12.3 (linux)
{"Name":"MyNetwork","Id":"92d4c17d0182bbeb191e1b8702dc3de913c610aa43d2b10629f6bcabde901391","Scope":"local","Driver":"bridge","EnableIPv6":false,"IPAM":{"Driver":"default","Options":null,"Config":[{"Subnet":"172.19.0.0/16","Gateway":"172.19.0.1"}]},"Internal":false,"Containers":{},"Options":{},"Labels":{}}


03:41:39.171 [Test worker] DEBUG o.a.h.i.c.DefaultManagedHttpClientConnection - http-outgoing-5: Close connection
03:41:39.171 [Test worker] DEBUG o.a.h.impl.execchain.MainClientExec - Connection discarded
03:41:39.171 [Test worker] DEBUG c.g.d.j.JerseyDockerCmdExecFactory$1 - Connection released: [id: 5][route: {s}->https://Thesis:2376][total kept alive: 0; route allocated: 0 of 2; total allocated: 0 of 20]
03:41:39.171 [Test worker] DEBUG org.openbaton.docker.DockerVim - Network successfully created
Network{id='92d4c17d0182bbeb191e1b8702dc3de913c610aa43d2b10629f6bcabde901391', name='MyNetwork', extId='null', external=false, shared=false, subnets=[Subnet{id='null', version=0, name='bridge', extId='null', networkId='172.19.0.0/16', cidr='null', gatewayIp='172.19.0.1'}]}
03:41:39.202 [Test worker] DEBUG c.g.d.core.command.AbstrDockerCmd - Cmd: com.github.dockerjava.core.util.FiltersBuilder@0,com.github.dockerjava.jaxrs.ListNetworksCmdExec@23f49f49
03:41:39.240 [Test worker] DEBUG c.g.d.j.JerseyDockerCmdExecFactory - 1 * Sending client request on thread Test worker
1 > GET https://Thesis:2376/networks
1 > Accept: application/json

03:41:39.250 [Test worker] DEBUG o.a.h.c.protocol.RequestAddCookies - CookieSpec selected: default
03:41:39.250 [Test worker] DEBUG o.a.h.c.protocol.RequestAuthCache - Auth cache not set in the context
03:41:39.251 [Test worker] DEBUG c.g.d.j.JerseyDockerCmdExecFactory$1 - Connection request: [route: {s}->https://Thesis:2376][total kept alive: 0; route allocated: 0 of 2; total allocated: 0 of 20]
03:41:39.251 [Test worker] DEBUG c.g.d.j.JerseyDockerCmdExecFactory$1 - Connection leased: [id: 6][route: {s}->https://Thesis:2376][total kept alive: 0; route allocated: 1 of 2; total allocated: 1 of 20]
03:41:39.251 [Test worker] DEBUG o.a.h.impl.execchain.MainClientExec - Opening connection {s}->https://Thesis:2376
03:41:39.251 [Test worker] DEBUG o.a.h.i.c.DefaultHttpClientConnectionOperator - Connecting to Thesis/127.0.1.1:2376
03:41:39.252 [Test worker] DEBUG o.a.h.c.s.SSLConnectionSocketFactory - Connecting socket to Thesis/127.0.1.1:2376 with timeout 0
03:41:39.260 [Test worker] DEBUG o.a.h.c.s.SSLConnectionSocketFactory - Enabled protocols: [TLSv1]
03:41:39.260 [Test worker] DEBUG o.a.h.c.s.SSLConnectionSocketFactory - Enabled cipher suites:[TLS_ECDHE_ECDSA_WITH_AES_128_CBC_SHA, TLS_ECDHE_RSA_WITH_AES_128_CBC_SHA, TLS_RSA_WITH_AES_128_CBC_SHA, TLS_ECDH_ECDSA_WITH_AES_128_CBC_SHA, TLS_ECDH_RSA_WITH_AES_128_CBC_SHA, TLS_DHE_RSA_WITH_AES_128_CBC_SHA, TLS_DHE_DSS_WITH_AES_128_CBC_SHA, TLS_ECDHE_ECDSA_WITH_3DES_EDE_CBC_SHA, TLS_ECDHE_RSA_WITH_3DES_EDE_CBC_SHA, SSL_RSA_WITH_3DES_EDE_CBC_SHA, TLS_ECDH_ECDSA_WITH_3DES_EDE_CBC_SHA, TLS_ECDH_RSA_WITH_3DES_EDE_CBC_SHA, SSL_DHE_RSA_WITH_3DES_EDE_CBC_SHA, SSL_DHE_DSS_WITH_3DES_EDE_CBC_SHA, TLS_ECDHE_ECDSA_WITH_RC4_128_SHA, TLS_ECDHE_RSA_WITH_RC4_128_SHA, SSL_RSA_WITH_RC4_128_SHA, TLS_ECDH_ECDSA_WITH_RC4_128_SHA, TLS_ECDH_RSA_WITH_RC4_128_SHA, SSL_RSA_WITH_RC4_128_MD5, TLS_EMPTY_RENEGOTIATION_INFO_SCSV]
03:41:39.260 [Test worker] DEBUG o.a.h.c.s.SSLConnectionSocketFactory - Starting handshake
03:41:39.355 [Test worker] DEBUG o.a.h.c.s.SSLConnectionSocketFactory - Secure session established
03:41:39.355 [Test worker] DEBUG o.a.h.c.s.SSLConnectionSocketFactory -  negotiated protocol: TLSv1
03:41:39.355 [Test worker] DEBUG o.a.h.c.s.SSLConnectionSocketFactory -  negotiated cipher suite: TLS_ECDHE_RSA_WITH_AES_128_CBC_SHA
03:41:39.356 [Test worker] DEBUG o.a.h.c.s.SSLConnectionSocketFactory -  peer principal: CN=Thesis
03:41:39.356 [Test worker] DEBUG o.a.h.c.s.SSLConnectionSocketFactory -  issuer principal: EMAILADDRESS=sha@yamil.com, CN=Thesis, OU=Open, O=Fra, L=BER, ST=BER, C=DE
03:41:39.356 [Test worker] DEBUG o.a.h.i.c.DefaultHttpClientConnectionOperator - Connection established 127.0.0.1:60606<->127.0.1.1:2376
03:41:39.356 [Test worker] DEBUG o.a.h.impl.execchain.MainClientExec - Executing request GET /networks HTTP/1.1
03:41:39.356 [Test worker] DEBUG o.a.h.impl.execchain.MainClientExec - Target auth state: UNCHALLENGED
03:41:39.357 [Test worker] DEBUG o.a.h.impl.execchain.MainClientExec - Proxy auth state: UNCHALLENGED
03:41:39.357 [Test worker] DEBUG org.apache.http.headers - http-outgoing-6 >> GET /networks HTTP/1.1
03:41:39.357 [Test worker] DEBUG org.apache.http.headers - http-outgoing-6 >> Accept: application/json
03:41:39.357 [Test worker] DEBUG org.apache.http.headers - http-outgoing-6 >> User-Agent: Jersey/2.23.1 (Apache HttpClient 4.5.1)
03:41:39.357 [Test worker] DEBUG org.apache.http.headers - http-outgoing-6 >> Host: Thesis:2376
03:41:39.358 [Test worker] DEBUG org.apache.http.headers - http-outgoing-6 >> Connection: Keep-Alive
03:41:39.358 [Test worker] DEBUG org.apache.http.headers - http-outgoing-6 >> Accept-Encoding: gzip,deflate
03:41:39.358 [Test worker] DEBUG org.apache.http.wire - http-outgoing-6 >> "GET /networks HTTP/1.1[\r][\n]"
03:41:39.358 [Test worker] DEBUG org.apache.http.wire - http-outgoing-6 >> "Accept: application/json[\r][\n]"
03:41:39.358 [Test worker] DEBUG org.apache.http.wire - http-outgoing-6 >> "User-Agent: Jersey/2.23.1 (Apache HttpClient 4.5.1)[\r][\n]"
03:41:39.358 [Test worker] DEBUG org.apache.http.wire - http-outgoing-6 >> "Host: Thesis:2376[\r][\n]"
03:41:39.359 [Test worker] DEBUG org.apache.http.wire - http-outgoing-6 >> "Connection: Keep-Alive[\r][\n]"
03:41:39.359 [Test worker] DEBUG org.apache.http.wire - http-outgoing-6 >> "Accept-Encoding: gzip,deflate[\r][\n]"
03:41:39.359 [Test worker] DEBUG org.apache.http.wire - http-outgoing-6 >> "[\r][\n]"
03:41:39.360 [Test worker] DEBUG org.apache.http.wire - http-outgoing-6 << "H"
03:41:39.360 [Test worker] DEBUG org.apache.http.wire - http-outgoing-6 << "TTP/1.1 200 OK[\r][\n]"
03:41:39.360 [Test worker] DEBUG org.apache.http.wire - http-outgoing-6 << "Content-Type: application/json[\r][\n]"
03:41:39.360 [Test worker] DEBUG org.apache.http.wire - http-outgoing-6 << "Server: Docker/1.12.3 (linux)[\r][\n]"
03:41:39.360 [Test worker] DEBUG org.apache.http.wire - http-outgoing-6 << "Date: Tue, 06 Dec 2016 02:41:39 GMT[\r][\n]"
03:41:39.361 [Test worker] DEBUG org.apache.http.wire - http-outgoing-6 << "Content-Length: 1408[\r][\n]"
03:41:39.361 [Test worker] DEBUG org.apache.http.wire - http-outgoing-6 << "[\r][\n]"
03:41:39.361 [Test worker] DEBUG org.apache.http.wire - http-outgoing-6 << "[{"Name":"none","Id":"4d89c194eb79cd2beb38458d10a1b98c74d6b8462af72afde29ae7aca53ed5ca","Scope":"local","Driver":"null","EnableIPv6":false,"IPAM":{"Driver":"default","Options":null,"Config":[]},"Internal":false,"Containers":{},"Options":{},"Labels":{}},{"Name":"bridge","Id":"252e1ad8e01c3cfba656215d27764fda2afcc0cc7dc30c2ab0aa2335d50df57f","Scope":"local","Driver":"bridge","EnableIPv6":false,"IPAM":{"Driver":"default","Options":null,"Config":[{"Subnet":"172.17.0.0/16","Gateway":"172.17.0.1"}]},"Internal":false,"Containers":{},"Options":{"com.docker.network.bridge.default_bridge":"true","com.docker.network.bridge.enable_icc":"true","com.docker.network.bridge.enable_ip_masquerade":"true","com.docker.network.bridge.host_binding_ipv4":"0.0.0.0","com.docker.network.bridge.name":"docker0","com.docker.network.driver.mtu":"1500"},"Labels":{}},{"Name":"host","Id":"fe042b0866671b5be4f097ba43830c0a02959c058702d18e18c14a24d88a357d","Scope":"local","Driver":"host","EnableIPv6":false,"IPAM":{"Driver":"default","Options":null,"Config":[]},"Internal":false,"Containers":{},"Options":{},"Labels":{}},{"Name":"MyNetwork","Id":"92d4c17d0182bbeb191e1b8702dc3de913c610aa43d2b10629f6bcabde901391","Scope":"local","Driver":"bridge","EnableIPv6":false,"IPAM":{"Driver":"default","Options":null,"Config":[{"Subnet":"172.19.0.0/16","Gateway":"172.19.0.1"}]},"Internal":false,"Containers":{},"Options":{},"Labels":{}}][\n]"
03:41:39.361 [Test worker] DEBUG org.apache.http.headers - http-outgoing-6 << HTTP/1.1 200 OK
03:41:39.361 [Test worker] DEBUG org.apache.http.headers - http-outgoing-6 << Content-Type: application/json
03:41:39.362 [Test worker] DEBUG org.apache.http.headers - http-outgoing-6 << Server: Docker/1.12.3 (linux)
03:41:39.362 [Test worker] DEBUG org.apache.http.headers - http-outgoing-6 << Date: Tue, 06 Dec 2016 02:41:39 GMT
03:41:39.362 [Test worker] DEBUG org.apache.http.headers - http-outgoing-6 << Content-Length: 1408
03:41:39.362 [Test worker] DEBUG o.a.h.impl.execchain.MainClientExec - Connection can be kept alive indefinitely
03:41:39.362 [Test worker] DEBUG c.g.d.j.JerseyDockerCmdExecFactory - 2 * Client response received on thread Test worker
2 < 200
2 < Content-Length: 1408
2 < Content-Type: application/json
2 < Date: Tue, 06 Dec 2016 02:41:39 GMT
2 < Server: Docker/1.12.3 (linux)
[{"Name":"none","Id":"4d89c194eb79cd2beb38458d10a1b98c74d6b8462af72afde29ae7aca53ed5ca","Scope":"local","Driver":"null","EnableIPv6":false,"IPAM":{"Driver":"default","Options":null,"Config":[]},"Internal":false,"Containers":{},"Options":{},"Labels":{}},{"Name":"bridge","Id":"252e1ad8e01c3cfba656215d27764fda2afcc0cc7dc30c2ab0aa2335d50df57f","Scope":"local","Driver":"bridge","EnableIPv6":false,"IPAM":{"Driver":"default","Options":null,"Config":[{"Subnet":"172.17.0.0/16","Gateway":"172.17.0.1"}]},"Internal":false,"Containers":{},"Options":{"com.docker.network.bridge.default_bridge":"true","com.docker.network.bridge.enable_icc":"true","com.docker.network.bridge.enable_ip_masquerade":"true","com.docker.network.bridge.host_binding_ipv4":"0.0.0.0","com.docker.network.bridge.name":"docker0","com.docker.network.driver.mtu":"1500"},"Labels":{}},{"Name":"host","Id":"fe042b0866671b5be4f097ba43830c0a02959c058702d18e18c14a24d88a357d","Scope":"local","Driver":"host","EnableIPv6":false,"IPAM":{"Driver":"default","Options":null,"Config":[]},"Internal":false,"Containers":{},"Options":{},"Labels":{}},{"Name":"MyNetwork","Id":"92d4c17d0182bbeb191e1b8702dc3de913c610aa43d2b10629f6bcabde901391","Scope":"local","Driver":"bridge","EnableIPv6":false,"IPAM":{"Driver":"default","Options":null,"Config":[{"Subnet":"172.19.0.0/16","Gateway":"172.19.0.1"}]},"Internal":false,"Containers":{},"Options":{},"Labels":{}}]


03:41:39.374 [Test worker] DEBUG o.a.h.i.c.DefaultManagedHttpClientConnection - http-outgoing-6: Close connection
03:41:39.380 [Test worker] DEBUG o.a.h.impl.execchain.MainClientExec - Connection discarded
03:41:39.380 [Test worker] DEBUG c.g.d.j.JerseyDockerCmdExecFactory$1 - Connection released: [id: 6][route: {s}->https://Thesis:2376][total kept alive: 0; route allocated: 0 of 2; total allocated: 0 of 20]
03:41:39.380 [Test worker] DEBUG org.openbaton.docker.DockerVim - Found a docker network, transformed into a NFV network Network{id='92d4c17d0182bbeb191e1b8702dc3de913c610aa43d2b10629f6bcabde901391', name='MyNetwork', extId='null', external=false, shared=false, subnets=[Subnet{id='null', version=0, name='bridge', extId='null', networkId='172.19.0.0/16', cidr='null', gatewayIp='172.19.0.1'}]}
03:41:39.393 [Test worker] DEBUG c.g.d.core.command.AbstrDockerCmd - Cmd: -1,<null>,true,<null>,<null>,com.github.dockerjava.core.util.FiltersBuilder@0,com.github.dockerjava.jaxrs.ListContainersCmdExec@7f0dd76d
03:41:39.436 [Test worker] DEBUG c.g.d.j.JerseyDockerCmdExecFactory - 1 * Sending client request on thread Test worker
1 > GET https://Thesis:2376/containers/json?all=true
1 > Accept: application/json

03:41:39.440 [Test worker] DEBUG o.a.h.c.protocol.RequestAddCookies - CookieSpec selected: default
03:41:39.440 [Test worker] DEBUG o.a.h.c.protocol.RequestAuthCache - Auth cache not set in the context
03:41:39.441 [Test worker] DEBUG c.g.d.j.JerseyDockerCmdExecFactory$1 - Connection request: [route: {s}->https://Thesis:2376][total kept alive: 0; route allocated: 0 of 2; total allocated: 0 of 20]
03:41:39.441 [Test worker] DEBUG c.g.d.j.JerseyDockerCmdExecFactory$1 - Connection leased: [id: 7][route: {s}->https://Thesis:2376][total kept alive: 0; route allocated: 1 of 2; total allocated: 1 of 20]
03:41:39.441 [Test worker] DEBUG o.a.h.impl.execchain.MainClientExec - Opening connection {s}->https://Thesis:2376
03:41:39.441 [Test worker] DEBUG o.a.h.i.c.DefaultHttpClientConnectionOperator - Connecting to Thesis/127.0.1.1:2376
03:41:39.441 [Test worker] DEBUG o.a.h.c.s.SSLConnectionSocketFactory - Connecting socket to Thesis/127.0.1.1:2376 with timeout 0
03:41:39.443 [Test worker] DEBUG o.a.h.c.s.SSLConnectionSocketFactory - Enabled protocols: [TLSv1]
03:41:39.443 [Test worker] DEBUG o.a.h.c.s.SSLConnectionSocketFactory - Enabled cipher suites:[TLS_ECDHE_ECDSA_WITH_AES_128_CBC_SHA, TLS_ECDHE_RSA_WITH_AES_128_CBC_SHA, TLS_RSA_WITH_AES_128_CBC_SHA, TLS_ECDH_ECDSA_WITH_AES_128_CBC_SHA, TLS_ECDH_RSA_WITH_AES_128_CBC_SHA, TLS_DHE_RSA_WITH_AES_128_CBC_SHA, TLS_DHE_DSS_WITH_AES_128_CBC_SHA, TLS_ECDHE_ECDSA_WITH_3DES_EDE_CBC_SHA, TLS_ECDHE_RSA_WITH_3DES_EDE_CBC_SHA, SSL_RSA_WITH_3DES_EDE_CBC_SHA, TLS_ECDH_ECDSA_WITH_3DES_EDE_CBC_SHA, TLS_ECDH_RSA_WITH_3DES_EDE_CBC_SHA, SSL_DHE_RSA_WITH_3DES_EDE_CBC_SHA, SSL_DHE_DSS_WITH_3DES_EDE_CBC_SHA, TLS_ECDHE_ECDSA_WITH_RC4_128_SHA, TLS_ECDHE_RSA_WITH_RC4_128_SHA, SSL_RSA_WITH_RC4_128_SHA, TLS_ECDH_ECDSA_WITH_RC4_128_SHA, TLS_ECDH_RSA_WITH_RC4_128_SHA, SSL_RSA_WITH_RC4_128_MD5, TLS_EMPTY_RENEGOTIATION_INFO_SCSV]
03:41:39.443 [Test worker] DEBUG o.a.h.c.s.SSLConnectionSocketFactory - Starting handshake
03:41:39.525 [Test worker] DEBUG o.a.h.c.s.SSLConnectionSocketFactory - Secure session established
03:41:39.525 [Test worker] DEBUG o.a.h.c.s.SSLConnectionSocketFactory -  negotiated protocol: TLSv1
03:41:39.525 [Test worker] DEBUG o.a.h.c.s.SSLConnectionSocketFactory -  negotiated cipher suite: TLS_ECDHE_RSA_WITH_AES_128_CBC_SHA
03:41:39.525 [Test worker] DEBUG o.a.h.c.s.SSLConnectionSocketFactory -  peer principal: CN=Thesis
03:41:39.525 [Test worker] DEBUG o.a.h.c.s.SSLConnectionSocketFactory -  issuer principal: EMAILADDRESS=sha@yamil.com, CN=Thesis, OU=Open, O=Fra, L=BER, ST=BER, C=DE
03:41:39.526 [Test worker] DEBUG o.a.h.i.c.DefaultHttpClientConnectionOperator - Connection established 127.0.0.1:60608<->127.0.1.1:2376
03:41:39.526 [Test worker] DEBUG o.a.h.impl.execchain.MainClientExec - Executing request GET /containers/json?all=true HTTP/1.1
03:41:39.526 [Test worker] DEBUG o.a.h.impl.execchain.MainClientExec - Target auth state: UNCHALLENGED
03:41:39.526 [Test worker] DEBUG o.a.h.impl.execchain.MainClientExec - Proxy auth state: UNCHALLENGED
03:41:39.526 [Test worker] DEBUG org.apache.http.headers - http-outgoing-7 >> GET /containers/json?all=true HTTP/1.1
03:41:39.527 [Test worker] DEBUG org.apache.http.headers - http-outgoing-7 >> Accept: application/json
03:41:39.527 [Test worker] DEBUG org.apache.http.headers - http-outgoing-7 >> User-Agent: Jersey/2.23.1 (Apache HttpClient 4.5.1)
03:41:39.527 [Test worker] DEBUG org.apache.http.headers - http-outgoing-7 >> Host: Thesis:2376
03:41:39.527 [Test worker] DEBUG org.apache.http.headers - http-outgoing-7 >> Connection: Keep-Alive
03:41:39.527 [Test worker] DEBUG org.apache.http.headers - http-outgoing-7 >> Accept-Encoding: gzip,deflate
03:41:39.527 [Test worker] DEBUG org.apache.http.wire - http-outgoing-7 >> "GET /containers/json?all=true HTTP/1.1[\r][\n]"
03:41:39.528 [Test worker] DEBUG org.apache.http.wire - http-outgoing-7 >> "Accept: application/json[\r][\n]"
03:41:39.528 [Test worker] DEBUG org.apache.http.wire - http-outgoing-7 >> "User-Agent: Jersey/2.23.1 (Apache HttpClient 4.5.1)[\r][\n]"
03:41:39.528 [Test worker] DEBUG org.apache.http.wire - http-outgoing-7 >> "Host: Thesis:2376[\r][\n]"
03:41:39.528 [Test worker] DEBUG org.apache.http.wire - http-outgoing-7 >> "Connection: Keep-Alive[\r][\n]"
03:41:39.528 [Test worker] DEBUG org.apache.http.wire - http-outgoing-7 >> "Accept-Encoding: gzip,deflate[\r][\n]"
03:41:39.528 [Test worker] DEBUG org.apache.http.wire - http-outgoing-7 >> "[\r][\n]"
03:41:39.529 [Test worker] DEBUG org.apache.http.wire - http-outgoing-7 << "H"
03:41:39.530 [Test worker] DEBUG org.apache.http.wire - http-outgoing-7 << "TTP/1.1 200 OK[\r][\n]"
03:41:39.530 [Test worker] DEBUG org.apache.http.wire - http-outgoing-7 << "Content-Type: application/json[\r][\n]"
03:41:39.530 [Test worker] DEBUG org.apache.http.wire - http-outgoing-7 << "Server: Docker/1.12.3 (linux)[\r][\n]"
03:41:39.530 [Test worker] DEBUG org.apache.http.wire - http-outgoing-7 << "Date: Tue, 06 Dec 2016 02:41:39 GMT[\r][\n]"
03:41:39.530 [Test worker] DEBUG org.apache.http.wire - http-outgoing-7 << "Content-Length: 3[\r][\n]"
03:41:39.534 [Test worker] DEBUG org.apache.http.wire - http-outgoing-7 << "[\r][\n]"
03:41:39.534 [Test worker] DEBUG org.apache.http.wire - http-outgoing-7 << "[][\n]"
03:41:39.534 [Test worker] DEBUG org.apache.http.headers - http-outgoing-7 << HTTP/1.1 200 OK
03:41:39.534 [Test worker] DEBUG org.apache.http.headers - http-outgoing-7 << Content-Type: application/json
03:41:39.534 [Test worker] DEBUG org.apache.http.headers - http-outgoing-7 << Server: Docker/1.12.3 (linux)
03:41:39.535 [Test worker] DEBUG org.apache.http.headers - http-outgoing-7 << Date: Tue, 06 Dec 2016 02:41:39 GMT
03:41:39.535 [Test worker] DEBUG org.apache.http.headers - http-outgoing-7 << Content-Length: 3
03:41:39.535 [Test worker] DEBUG o.a.h.impl.execchain.MainClientExec - Connection can be kept alive indefinitely
03:41:39.535 [Test worker] DEBUG c.g.d.j.JerseyDockerCmdExecFactory - 2 * Client response received on thread Test worker
2 < 200
2 < Content-Length: 3
2 < Content-Type: application/json
2 < Date: Tue, 06 Dec 2016 02:41:39 GMT
2 < Server: Docker/1.12.3 (linux)
[]


03:41:39.537 [Test worker] DEBUG c.g.d.j.JerseyDockerCmdExecFactory$1 - Connection [id: 7][route: {s}->https://Thesis:2376][state: CN=Thesis] can be kept alive indefinitely
03:41:39.537 [Test worker] DEBUG c.g.d.j.JerseyDockerCmdExecFactory$1 - Connection released: [id: 7][route: {s}->https://Thesis:2376][state: CN=Thesis][total kept alive: 1; route allocated: 1 of 2; total allocated: 1 of 20]
03:41:39.552 [Test worker] DEBUG c.g.d.core.command.AbstrDockerCmd - Cmd: com.github.dockerjava.core.util.FiltersBuilder@0,com.github.dockerjava.jaxrs.ListNetworksCmdExec@5472184f
03:41:39.574 [Test worker] DEBUG c.g.d.j.JerseyDockerCmdExecFactory - 1 * Sending client request on thread Test worker
1 > GET https://Thesis:2376/networks
1 > Accept: application/json

03:41:39.579 [Test worker] DEBUG o.a.h.c.protocol.RequestAddCookies - CookieSpec selected: default
03:41:39.579 [Test worker] DEBUG o.a.h.c.protocol.RequestAuthCache - Auth cache not set in the context
03:41:39.580 [Test worker] DEBUG c.g.d.j.JerseyDockerCmdExecFactory$1 - Connection request: [route: {s}->https://Thesis:2376][total kept alive: 0; route allocated: 0 of 2; total allocated: 0 of 20]
03:41:39.580 [Test worker] DEBUG c.g.d.j.JerseyDockerCmdExecFactory$1 - Connection leased: [id: 8][route: {s}->https://Thesis:2376][total kept alive: 0; route allocated: 1 of 2; total allocated: 1 of 20]
03:41:39.580 [Test worker] DEBUG o.a.h.impl.execchain.MainClientExec - Opening connection {s}->https://Thesis:2376
03:41:39.580 [Test worker] DEBUG o.a.h.i.c.DefaultHttpClientConnectionOperator - Connecting to Thesis/127.0.1.1:2376
03:41:39.580 [Test worker] DEBUG o.a.h.c.s.SSLConnectionSocketFactory - Connecting socket to Thesis/127.0.1.1:2376 with timeout 0
03:41:39.587 [Test worker] DEBUG o.a.h.c.s.SSLConnectionSocketFactory - Enabled protocols: [TLSv1]
03:41:39.587 [Test worker] DEBUG o.a.h.c.s.SSLConnectionSocketFactory - Enabled cipher suites:[TLS_ECDHE_ECDSA_WITH_AES_128_CBC_SHA, TLS_ECDHE_RSA_WITH_AES_128_CBC_SHA, TLS_RSA_WITH_AES_128_CBC_SHA, TLS_ECDH_ECDSA_WITH_AES_128_CBC_SHA, TLS_ECDH_RSA_WITH_AES_128_CBC_SHA, TLS_DHE_RSA_WITH_AES_128_CBC_SHA, TLS_DHE_DSS_WITH_AES_128_CBC_SHA, TLS_ECDHE_ECDSA_WITH_3DES_EDE_CBC_SHA, TLS_ECDHE_RSA_WITH_3DES_EDE_CBC_SHA, SSL_RSA_WITH_3DES_EDE_CBC_SHA, TLS_ECDH_ECDSA_WITH_3DES_EDE_CBC_SHA, TLS_ECDH_RSA_WITH_3DES_EDE_CBC_SHA, SSL_DHE_RSA_WITH_3DES_EDE_CBC_SHA, SSL_DHE_DSS_WITH_3DES_EDE_CBC_SHA, TLS_ECDHE_ECDSA_WITH_RC4_128_SHA, TLS_ECDHE_RSA_WITH_RC4_128_SHA, SSL_RSA_WITH_RC4_128_SHA, TLS_ECDH_ECDSA_WITH_RC4_128_SHA, TLS_ECDH_RSA_WITH_RC4_128_SHA, SSL_RSA_WITH_RC4_128_MD5, TLS_EMPTY_RENEGOTIATION_INFO_SCSV]
03:41:39.587 [Test worker] DEBUG o.a.h.c.s.SSLConnectionSocketFactory - Starting handshake
03:41:39.649 [Test worker] DEBUG o.a.h.c.s.SSLConnectionSocketFactory - Secure session established
03:41:39.649 [Test worker] DEBUG o.a.h.c.s.SSLConnectionSocketFactory -  negotiated protocol: TLSv1
03:41:39.649 [Test worker] DEBUG o.a.h.c.s.SSLConnectionSocketFactory -  negotiated cipher suite: TLS_ECDHE_RSA_WITH_AES_128_CBC_SHA
03:41:39.650 [Test worker] DEBUG o.a.h.c.s.SSLConnectionSocketFactory -  peer principal: CN=Thesis
03:41:39.650 [Test worker] DEBUG o.a.h.c.s.SSLConnectionSocketFactory -  issuer principal: EMAILADDRESS=sha@yamil.com, CN=Thesis, OU=Open, O=Fra, L=BER, ST=BER, C=DE
03:41:39.650 [Test worker] DEBUG o.a.h.i.c.DefaultHttpClientConnectionOperator - Connection established 127.0.0.1:60610<->127.0.1.1:2376
03:41:39.650 [Test worker] DEBUG o.a.h.impl.execchain.MainClientExec - Executing request GET /networks HTTP/1.1
03:41:39.650 [Test worker] DEBUG o.a.h.impl.execchain.MainClientExec - Target auth state: UNCHALLENGED
03:41:39.651 [Test worker] DEBUG o.a.h.impl.execchain.MainClientExec - Proxy auth state: UNCHALLENGED
03:41:39.651 [Test worker] DEBUG org.apache.http.headers - http-outgoing-8 >> GET /networks HTTP/1.1
03:41:39.651 [Test worker] DEBUG org.apache.http.headers - http-outgoing-8 >> Accept: application/json
03:41:39.651 [Test worker] DEBUG org.apache.http.headers - http-outgoing-8 >> User-Agent: Jersey/2.23.1 (Apache HttpClient 4.5.1)
03:41:39.651 [Test worker] DEBUG org.apache.http.headers - http-outgoing-8 >> Host: Thesis:2376
03:41:39.651 [Test worker] DEBUG org.apache.http.headers - http-outgoing-8 >> Connection: Keep-Alive
03:41:39.652 [Test worker] DEBUG org.apache.http.headers - http-outgoing-8 >> Accept-Encoding: gzip,deflate
03:41:39.652 [Test worker] DEBUG org.apache.http.wire - http-outgoing-8 >> "GET /networks HTTP/1.1[\r][\n]"
03:41:39.652 [Test worker] DEBUG org.apache.http.wire - http-outgoing-8 >> "Accept: application/json[\r][\n]"
03:41:39.652 [Test worker] DEBUG org.apache.http.wire - http-outgoing-8 >> "User-Agent: Jersey/2.23.1 (Apache HttpClient 4.5.1)[\r][\n]"
03:41:39.652 [Test worker] DEBUG org.apache.http.wire - http-outgoing-8 >> "Host: Thesis:2376[\r][\n]"
03:41:39.653 [Test worker] DEBUG org.apache.http.wire - http-outgoing-8 >> "Connection: Keep-Alive[\r][\n]"
03:41:39.653 [Test worker] DEBUG org.apache.http.wire - http-outgoing-8 >> "Accept-Encoding: gzip,deflate[\r][\n]"
03:41:39.654 [Test worker] DEBUG org.apache.http.wire - http-outgoing-8 >> "[\r][\n]"
03:41:39.654 [Test worker] DEBUG org.apache.http.wire - http-outgoing-8 << "H"
03:41:39.655 [Test worker] DEBUG org.apache.http.wire - http-outgoing-8 << "TTP/1.1 200 OK[\r][\n]"
03:41:39.655 [Test worker] DEBUG org.apache.http.wire - http-outgoing-8 << "Content-Type: application/json[\r][\n]"
03:41:39.655 [Test worker] DEBUG org.apache.http.wire - http-outgoing-8 << "Server: Docker/1.12.3 (linux)[\r][\n]"
03:41:39.655 [Test worker] DEBUG org.apache.http.wire - http-outgoing-8 << "Date: Tue, 06 Dec 2016 02:41:39 GMT[\r][\n]"
03:41:39.655 [Test worker] DEBUG org.apache.http.wire - http-outgoing-8 << "Content-Length: 1408[\r][\n]"
03:41:39.655 [Test worker] DEBUG org.apache.http.wire - http-outgoing-8 << "[\r][\n]"
03:41:39.656 [Test worker] DEBUG org.apache.http.wire - http-outgoing-8 << "[{"Name":"bridge","Id":"252e1ad8e01c3cfba656215d27764fda2afcc0cc7dc30c2ab0aa2335d50df57f","Scope":"local","Driver":"bridge","EnableIPv6":false,"IPAM":{"Driver":"default","Options":null,"Config":[{"Subnet":"172.17.0.0/16","Gateway":"172.17.0.1"}]},"Internal":false,"Containers":{},"Options":{"com.docker.network.bridge.default_bridge":"true","com.docker.network.bridge.enable_icc":"true","com.docker.network.bridge.enable_ip_masquerade":"true","com.docker.network.bridge.host_binding_ipv4":"0.0.0.0","com.docker.network.bridge.name":"docker0","com.docker.network.driver.mtu":"1500"},"Labels":{}},{"Name":"host","Id":"fe042b0866671b5be4f097ba43830c0a02959c058702d18e18c14a24d88a357d","Scope":"local","Driver":"host","EnableIPv6":false,"IPAM":{"Driver":"default","Options":null,"Config":[]},"Internal":false,"Containers":{},"Options":{},"Labels":{}},{"Name":"MyNetwork","Id":"92d4c17d0182bbeb191e1b8702dc3de913c610aa43d2b10629f6bcabde901391","Scope":"local","Driver":"bridge","EnableIPv6":false,"IPAM":{"Driver":"default","Options":null,"Config":[{"Subnet":"172.19.0.0/16","Gateway":"172.19.0.1"}]},"Internal":false,"Containers":{},"Options":{},"Labels":{}},{"Name":"none","Id":"4d89c194eb79cd2beb38458d10a1b98c74d6b8462af72afde29ae7aca53ed5ca","Scope":"local","Driver":"null","EnableIPv6":false,"IPAM":{"Driver":"default","Options":null,"Config":[]},"Internal":false,"Containers":{},"Options":{},"Labels":{}}][\n]"
03:41:39.656 [Test worker] DEBUG org.apache.http.headers - http-outgoing-8 << HTTP/1.1 200 OK
03:41:39.656 [Test worker] DEBUG org.apache.http.headers - http-outgoing-8 << Content-Type: application/json
03:41:39.656 [Test worker] DEBUG org.apache.http.headers - http-outgoing-8 << Server: Docker/1.12.3 (linux)
03:41:39.656 [Test worker] DEBUG org.apache.http.headers - http-outgoing-8 << Date: Tue, 06 Dec 2016 02:41:39 GMT
03:41:39.656 [Test worker] DEBUG org.apache.http.headers - http-outgoing-8 << Content-Length: 1408
03:41:39.657 [Test worker] DEBUG o.a.h.impl.execchain.MainClientExec - Connection can be kept alive indefinitely
03:41:39.657 [Test worker] DEBUG c.g.d.j.JerseyDockerCmdExecFactory - 2 * Client response received on thread Test worker
2 < 200
2 < Content-Length: 1408
2 < Content-Type: application/json
2 < Date: Tue, 06 Dec 2016 02:41:39 GMT
2 < Server: Docker/1.12.3 (linux)
[{"Name":"bridge","Id":"252e1ad8e01c3cfba656215d27764fda2afcc0cc7dc30c2ab0aa2335d50df57f","Scope":"local","Driver":"bridge","EnableIPv6":false,"IPAM":{"Driver":"default","Options":null,"Config":[{"Subnet":"172.17.0.0/16","Gateway":"172.17.0.1"}]},"Internal":false,"Containers":{},"Options":{"com.docker.network.bridge.default_bridge":"true","com.docker.network.bridge.enable_icc":"true","com.docker.network.bridge.enable_ip_masquerade":"true","com.docker.network.bridge.host_binding_ipv4":"0.0.0.0","com.docker.network.bridge.name":"docker0","com.docker.network.driver.mtu":"1500"},"Labels":{}},{"Name":"host","Id":"fe042b0866671b5be4f097ba43830c0a02959c058702d18e18c14a24d88a357d","Scope":"local","Driver":"host","EnableIPv6":false,"IPAM":{"Driver":"default","Options":null,"Config":[]},"Internal":false,"Containers":{},"Options":{},"Labels":{}},{"Name":"MyNetwork","Id":"92d4c17d0182bbeb191e1b8702dc3de913c610aa43d2b10629f6bcabde901391","Scope":"local","Driver":"bridge","EnableIPv6":false,"IPAM":{"Driver":"default","Options":null,"Config":[{"Subnet":"172.19.0.0/16","Gateway":"172.19.0.1"}]},"Internal":false,"Containers":{},"Options":{},"Labels":{}},{"Name":"none","Id":"4d89c194eb79cd2beb38458d10a1b98c74d6b8462af72afde29ae7aca53ed5ca","Scope":"local","Driver":"null","EnableIPv6":false,"IPAM":{"Driver":"default","Options":null,"Config":[]},"Internal":false,"Containers":{},"Options":{},"Labels":{}}]


03:41:39.663 [Test worker] DEBUG o.a.h.i.c.DefaultManagedHttpClientConnection - http-outgoing-8: Close connection
03:41:39.664 [Test worker] DEBUG o.a.h.impl.execchain.MainClientExec - Connection discarded
03:41:39.664 [Test worker] DEBUG c.g.d.j.JerseyDockerCmdExecFactory$1 - Connection released: [id: 8][route: {s}->https://Thesis:2376][total kept alive: 0; route allocated: 0 of 2; total allocated: 0 of 20]
03:41:39.664 [Test worker] DEBUG org.openbaton.docker.DockerVim - Found a docker network, transformed into a NFV network Network{id='92d4c17d0182bbeb191e1b8702dc3de913c610aa43d2b10629f6bcabde901391', name='MyNetwork', extId='null', external=false, shared=false, subnets=[Subnet{id='null', version=0, name='bridge', extId='null', networkId='172.19.0.0/16', cidr='null', gatewayIp='172.19.0.1'}]}
03:41:39.673 [Test worker] DEBUG c.g.d.core.command.AbstrDockerCmd - Cmd: 92d4c17d0182bbeb191e1b8702dc3de913c610aa43d2b10629f6bcabde901391,com.github.dockerjava.jaxrs.RemoveNetworkCmdExec@2566d3bf
03:41:39.707 [Test worker] DEBUG c.g.d.j.JerseyDockerCmdExecFactory - 1 * Sending client request on thread Test worker
1 > DELETE https://Thesis:2376/networks/92d4c17d0182bbeb191e1b8702dc3de913c610aa43d2b10629f6bcabde901391
1 > Accept: application/json

03:41:39.708 [Test worker] DEBUG o.a.h.c.protocol.RequestAddCookies - CookieSpec selected: default
03:41:39.709 [Test worker] DEBUG o.a.h.c.protocol.RequestAuthCache - Auth cache not set in the context
03:41:39.709 [Test worker] DEBUG c.g.d.j.JerseyDockerCmdExecFactory$1 - Connection request: [route: {s}->https://Thesis:2376][total kept alive: 0; route allocated: 0 of 2; total allocated: 0 of 20]
03:41:39.710 [Test worker] DEBUG c.g.d.j.JerseyDockerCmdExecFactory$1 - Connection leased: [id: 9][route: {s}->https://Thesis:2376][total kept alive: 0; route allocated: 1 of 2; total allocated: 1 of 20]
03:41:39.710 [Test worker] DEBUG o.a.h.impl.execchain.MainClientExec - Opening connection {s}->https://Thesis:2376
03:41:39.710 [Test worker] DEBUG o.a.h.i.c.DefaultHttpClientConnectionOperator - Connecting to Thesis/127.0.1.1:2376
03:41:39.710 [Test worker] DEBUG o.a.h.c.s.SSLConnectionSocketFactory - Connecting socket to Thesis/127.0.1.1:2376 with timeout 0
03:41:39.712 [Test worker] DEBUG o.a.h.c.s.SSLConnectionSocketFactory - Enabled protocols: [TLSv1]
03:41:39.712 [Test worker] DEBUG o.a.h.c.s.SSLConnectionSocketFactory - Enabled cipher suites:[TLS_ECDHE_ECDSA_WITH_AES_128_CBC_SHA, TLS_ECDHE_RSA_WITH_AES_128_CBC_SHA, TLS_RSA_WITH_AES_128_CBC_SHA, TLS_ECDH_ECDSA_WITH_AES_128_CBC_SHA, TLS_ECDH_RSA_WITH_AES_128_CBC_SHA, TLS_DHE_RSA_WITH_AES_128_CBC_SHA, TLS_DHE_DSS_WITH_AES_128_CBC_SHA, TLS_ECDHE_ECDSA_WITH_3DES_EDE_CBC_SHA, TLS_ECDHE_RSA_WITH_3DES_EDE_CBC_SHA, SSL_RSA_WITH_3DES_EDE_CBC_SHA, TLS_ECDH_ECDSA_WITH_3DES_EDE_CBC_SHA, TLS_ECDH_RSA_WITH_3DES_EDE_CBC_SHA, SSL_DHE_RSA_WITH_3DES_EDE_CBC_SHA, SSL_DHE_DSS_WITH_3DES_EDE_CBC_SHA, TLS_ECDHE_ECDSA_WITH_RC4_128_SHA, TLS_ECDHE_RSA_WITH_RC4_128_SHA, SSL_RSA_WITH_RC4_128_SHA, TLS_ECDH_ECDSA_WITH_RC4_128_SHA, TLS_ECDH_RSA_WITH_RC4_128_SHA, SSL_RSA_WITH_RC4_128_MD5, TLS_EMPTY_RENEGOTIATION_INFO_SCSV]
03:41:39.712 [Test worker] DEBUG o.a.h.c.s.SSLConnectionSocketFactory - Starting handshake
03:41:39.782 [Test worker] DEBUG o.a.h.c.s.SSLConnectionSocketFactory - Secure session established
03:41:39.782 [Test worker] DEBUG o.a.h.c.s.SSLConnectionSocketFactory -  negotiated protocol: TLSv1
03:41:39.782 [Test worker] DEBUG o.a.h.c.s.SSLConnectionSocketFactory -  negotiated cipher suite: TLS_ECDHE_RSA_WITH_AES_128_CBC_SHA
03:41:39.783 [Test worker] DEBUG o.a.h.c.s.SSLConnectionSocketFactory -  peer principal: CN=Thesis
03:41:39.783 [Test worker] DEBUG o.a.h.c.s.SSLConnectionSocketFactory -  issuer principal: EMAILADDRESS=sha@yamil.com, CN=Thesis, OU=Open, O=Fra, L=BER, ST=BER, C=DE
03:41:39.783 [Test worker] DEBUG o.a.h.i.c.DefaultHttpClientConnectionOperator - Connection established 127.0.0.1:60612<->127.0.1.1:2376
03:41:39.783 [Test worker] DEBUG o.a.h.impl.execchain.MainClientExec - Executing request DELETE /networks/92d4c17d0182bbeb191e1b8702dc3de913c610aa43d2b10629f6bcabde901391 HTTP/1.1
03:41:39.784 [Test worker] DEBUG o.a.h.impl.execchain.MainClientExec - Target auth state: UNCHALLENGED
03:41:39.784 [Test worker] DEBUG o.a.h.impl.execchain.MainClientExec - Proxy auth state: UNCHALLENGED
03:41:39.784 [Test worker] DEBUG org.apache.http.headers - http-outgoing-9 >> DELETE /networks/92d4c17d0182bbeb191e1b8702dc3de913c610aa43d2b10629f6bcabde901391 HTTP/1.1
03:41:39.784 [Test worker] DEBUG org.apache.http.headers - http-outgoing-9 >> Accept: application/json
03:41:39.784 [Test worker] DEBUG org.apache.http.headers - http-outgoing-9 >> User-Agent: Jersey/2.23.1 (Apache HttpClient 4.5.1)
03:41:39.784 [Test worker] DEBUG org.apache.http.headers - http-outgoing-9 >> Host: Thesis:2376
03:41:39.785 [Test worker] DEBUG org.apache.http.headers - http-outgoing-9 >> Connection: Keep-Alive
03:41:39.785 [Test worker] DEBUG org.apache.http.headers - http-outgoing-9 >> Accept-Encoding: gzip,deflate
03:41:39.785 [Test worker] DEBUG org.apache.http.wire - http-outgoing-9 >> "DELETE /networks/92d4c17d0182bbeb191e1b8702dc3de913c610aa43d2b10629f6bcabde901391 HTTP/1.1[\r][\n]"
03:41:39.785 [Test worker] DEBUG org.apache.http.wire - http-outgoing-9 >> "Accept: application/json[\r][\n]"
03:41:39.785 [Test worker] DEBUG org.apache.http.wire - http-outgoing-9 >> "User-Agent: Jersey/2.23.1 (Apache HttpClient 4.5.1)[\r][\n]"
03:41:39.785 [Test worker] DEBUG org.apache.http.wire - http-outgoing-9 >> "Host: Thesis:2376[\r][\n]"
03:41:39.786 [Test worker] DEBUG org.apache.http.wire - http-outgoing-9 >> "Connection: Keep-Alive[\r][\n]"
03:41:39.786 [Test worker] DEBUG org.apache.http.wire - http-outgoing-9 >> "Accept-Encoding: gzip,deflate[\r][\n]"
03:41:39.786 [Test worker] DEBUG org.apache.http.wire - http-outgoing-9 >> "[\r][\n]"
03:41:39.840 [Test worker] DEBUG org.apache.http.wire - http-outgoing-9 << "H"
03:41:39.840 [Test worker] DEBUG org.apache.http.wire - http-outgoing-9 << "TTP/1.1 204 No Content[\r][\n]"
03:41:39.841 [Test worker] DEBUG org.apache.http.wire - http-outgoing-9 << "Server: Docker/1.12.3 (linux)[\r][\n]"
03:41:39.841 [Test worker] DEBUG org.apache.http.wire - http-outgoing-9 << "Date: Tue, 06 Dec 2016 02:41:39 GMT[\r][\n]"
03:41:39.841 [Test worker] DEBUG org.apache.http.wire - http-outgoing-9 << "[\r][\n]"
03:41:39.841 [Test worker] DEBUG org.apache.http.headers - http-outgoing-9 << HTTP/1.1 204 No Content
03:41:39.841 [Test worker] DEBUG org.apache.http.headers - http-outgoing-9 << Server: Docker/1.12.3 (linux)
03:41:39.842 [Test worker] DEBUG org.apache.http.headers - http-outgoing-9 << Date: Tue, 06 Dec 2016 02:41:39 GMT
03:41:39.842 [Test worker] DEBUG o.a.h.impl.execchain.MainClientExec - Connection can be kept alive indefinitely
03:41:39.842 [Test worker] DEBUG c.g.d.j.JerseyDockerCmdExecFactory$1 - Connection [id: 9][route: {s}->https://Thesis:2376][state: CN=Thesis] can be kept alive indefinitely
03:41:39.842 [Test worker] DEBUG c.g.d.j.JerseyDockerCmdExecFactory$1 - Connection released: [id: 9][route: {s}->https://Thesis:2376][state: CN=Thesis][total kept alive: 1; route allocated: 1 of 2; total allocated: 1 of 20]
03:41:39.843 [Test worker] DEBUG c.g.d.j.JerseyDockerCmdExecFactory - 2 * Client response received on thread Test worker
2 < 204
2 < Date: Tue, 06 Dec 2016 02:41:39 GMT
2 < Server: Docker/1.12.3 (linux)

03:41:39.843 [Test worker] DEBUG org.openbaton.docker.DockerVim - Network deleted successfully
03:41:39.843 [Test worker] DEBUG c.g.d.core.command.AbstrDockerCmd - Cmd: com.github.dockerjava.core.util.FiltersBuilder@0,com.github.dockerjava.jaxrs.ListVolumesCmdExec@74a32d61
03:41:39.844 [Test worker] DEBUG c.g.d.j.JerseyDockerCmdExecFactory - 3 * Sending client request on thread Test worker
3 > GET https://Thesis:2376/volumes
3 > Accept: application/json

03:41:39.845 [Test worker] DEBUG o.a.h.c.protocol.RequestAddCookies - CookieSpec selected: default
03:41:39.845 [Test worker] DEBUG o.a.h.c.protocol.RequestAuthCache - Auth cache not set in the context
03:41:39.845 [Test worker] DEBUG c.g.d.j.JerseyDockerCmdExecFactory$1 - Connection request: [route: {s}->https://Thesis:2376][total kept alive: 0; route allocated: 0 of 2; total allocated: 0 of 20]
03:41:39.845 [Test worker] DEBUG c.g.d.j.JerseyDockerCmdExecFactory$1 - Connection leased: [id: 10][route: {s}->https://Thesis:2376][total kept alive: 0; route allocated: 1 of 2; total allocated: 1 of 20]
03:41:39.846 [Test worker] DEBUG o.a.h.impl.execchain.MainClientExec - Opening connection {s}->https://Thesis:2376
03:41:39.846 [Test worker] DEBUG o.a.h.i.c.DefaultHttpClientConnectionOperator - Connecting to Thesis/127.0.1.1:2376
03:41:39.846 [Test worker] DEBUG o.a.h.c.s.SSLConnectionSocketFactory - Connecting socket to Thesis/127.0.1.1:2376 with timeout 0
03:41:39.847 [Test worker] DEBUG o.a.h.c.s.SSLConnectionSocketFactory - Enabled protocols: [TLSv1]
03:41:39.847 [Test worker] DEBUG o.a.h.c.s.SSLConnectionSocketFactory - Enabled cipher suites:[TLS_ECDHE_ECDSA_WITH_AES_128_CBC_SHA, TLS_ECDHE_RSA_WITH_AES_128_CBC_SHA, TLS_RSA_WITH_AES_128_CBC_SHA, TLS_ECDH_ECDSA_WITH_AES_128_CBC_SHA, TLS_ECDH_RSA_WITH_AES_128_CBC_SHA, TLS_DHE_RSA_WITH_AES_128_CBC_SHA, TLS_DHE_DSS_WITH_AES_128_CBC_SHA, TLS_ECDHE_ECDSA_WITH_3DES_EDE_CBC_SHA, TLS_ECDHE_RSA_WITH_3DES_EDE_CBC_SHA, SSL_RSA_WITH_3DES_EDE_CBC_SHA, TLS_ECDH_ECDSA_WITH_3DES_EDE_CBC_SHA, TLS_ECDH_RSA_WITH_3DES_EDE_CBC_SHA, SSL_DHE_RSA_WITH_3DES_EDE_CBC_SHA, SSL_DHE_DSS_WITH_3DES_EDE_CBC_SHA, TLS_ECDHE_ECDSA_WITH_RC4_128_SHA, TLS_ECDHE_RSA_WITH_RC4_128_SHA, SSL_RSA_WITH_RC4_128_SHA, TLS_ECDH_ECDSA_WITH_RC4_128_SHA, TLS_ECDH_RSA_WITH_RC4_128_SHA, SSL_RSA_WITH_RC4_128_MD5, TLS_EMPTY_RENEGOTIATION_INFO_SCSV]
03:41:39.848 [Test worker] DEBUG o.a.h.c.s.SSLConnectionSocketFactory - Starting handshake
03:41:39.923 [Test worker] DEBUG o.a.h.c.s.SSLConnectionSocketFactory - Secure session established
03:41:39.923 [Test worker] DEBUG o.a.h.c.s.SSLConnectionSocketFactory -  negotiated protocol: TLSv1
03:41:39.923 [Test worker] DEBUG o.a.h.c.s.SSLConnectionSocketFactory -  negotiated cipher suite: TLS_ECDHE_RSA_WITH_AES_128_CBC_SHA
03:41:39.923 [Test worker] DEBUG o.a.h.c.s.SSLConnectionSocketFactory -  peer principal: CN=Thesis
03:41:39.924 [Test worker] DEBUG o.a.h.c.s.SSLConnectionSocketFactory -  issuer principal: EMAILADDRESS=sha@yamil.com, CN=Thesis, OU=Open, O=Fra, L=BER, ST=BER, C=DE
03:41:39.924 [Test worker] DEBUG o.a.h.i.c.DefaultHttpClientConnectionOperator - Connection established 127.0.0.1:60614<->127.0.1.1:2376
03:41:39.924 [Test worker] DEBUG o.a.h.impl.execchain.MainClientExec - Executing request GET /volumes HTTP/1.1
03:41:39.924 [Test worker] DEBUG o.a.h.impl.execchain.MainClientExec - Target auth state: UNCHALLENGED
03:41:39.924 [Test worker] DEBUG o.a.h.impl.execchain.MainClientExec - Proxy auth state: UNCHALLENGED
03:41:39.925 [Test worker] DEBUG org.apache.http.headers - http-outgoing-10 >> GET /volumes HTTP/1.1
03:41:39.925 [Test worker] DEBUG org.apache.http.headers - http-outgoing-10 >> Accept: application/json
03:41:39.925 [Test worker] DEBUG org.apache.http.headers - http-outgoing-10 >> User-Agent: Jersey/2.23.1 (Apache HttpClient 4.5.1)
03:41:39.925 [Test worker] DEBUG org.apache.http.headers - http-outgoing-10 >> Host: Thesis:2376
03:41:39.925 [Test worker] DEBUG org.apache.http.headers - http-outgoing-10 >> Connection: Keep-Alive
03:41:39.925 [Test worker] DEBUG org.apache.http.headers - http-outgoing-10 >> Accept-Encoding: gzip,deflate
03:41:39.926 [Test worker] DEBUG org.apache.http.wire - http-outgoing-10 >> "GET /volumes HTTP/1.1[\r][\n]"
03:41:39.926 [Test worker] DEBUG org.apache.http.wire - http-outgoing-10 >> "Accept: application/json[\r][\n]"
03:41:39.926 [Test worker] DEBUG org.apache.http.wire - http-outgoing-10 >> "User-Agent: Jersey/2.23.1 (Apache HttpClient 4.5.1)[\r][\n]"
03:41:39.926 [Test worker] DEBUG org.apache.http.wire - http-outgoing-10 >> "Host: Thesis:2376[\r][\n]"
03:41:39.926 [Test worker] DEBUG org.apache.http.wire - http-outgoing-10 >> "Connection: Keep-Alive[\r][\n]"
03:41:39.926 [Test worker] DEBUG org.apache.http.wire - http-outgoing-10 >> "Accept-Encoding: gzip,deflate[\r][\n]"
03:41:39.928 [Test worker] DEBUG org.apache.http.wire - http-outgoing-10 >> "[\r][\n]"
03:41:39.929 [Test worker] DEBUG org.apache.http.wire - http-outgoing-10 << "H"
03:41:39.929 [Test worker] DEBUG org.apache.http.wire - http-outgoing-10 << "TTP/1.1 200 OK[\r][\n]"
03:41:39.930 [Test worker] DEBUG org.apache.http.wire - http-outgoing-10 << "Content-Type: application/json[\r][\n]"
03:41:39.930 [Test worker] DEBUG org.apache.http.wire - http-outgoing-10 << "Server: Docker/1.12.3 (linux)[\r][\n]"
03:41:39.930 [Test worker] DEBUG org.apache.http.wire - http-outgoing-10 << "Date: Tue, 06 Dec 2016 02:41:39 GMT[\r][\n]"
03:41:39.930 [Test worker] DEBUG org.apache.http.wire - http-outgoing-10 << "Content-Length: 33[\r][\n]"
03:41:39.930 [Test worker] DEBUG org.apache.http.wire - http-outgoing-10 << "[\r][\n]"
03:41:39.930 [Test worker] DEBUG org.apache.http.wire - http-outgoing-10 << "{"Volumes":null,"Warnings":null}[\n]"
03:41:39.931 [Test worker] DEBUG org.apache.http.headers - http-outgoing-10 << HTTP/1.1 200 OK
03:41:39.931 [Test worker] DEBUG org.apache.http.headers - http-outgoing-10 << Content-Type: application/json
03:41:39.931 [Test worker] DEBUG org.apache.http.headers - http-outgoing-10 << Server: Docker/1.12.3 (linux)
03:41:39.932 [Test worker] DEBUG org.apache.http.headers - http-outgoing-10 << Date: Tue, 06 Dec 2016 02:41:39 GMT
03:41:39.935 [Test worker] DEBUG org.apache.http.headers - http-outgoing-10 << Content-Length: 33
03:41:39.936 [Test worker] DEBUG o.a.h.impl.execchain.MainClientExec - Connection can be kept alive indefinitely
03:41:39.936 [Test worker] DEBUG c.g.d.j.JerseyDockerCmdExecFactory - 4 * Client response received on thread Test worker
4 < 200
4 < Content-Length: 33
4 < Content-Type: application/json
4 < Date: Tue, 06 Dec 2016 02:41:39 GMT
4 < Server: Docker/1.12.3 (linux)
{"Volumes":null,"Warnings":null}


03:41:39.937 [Test worker] DEBUG o.a.h.i.c.DefaultManagedHttpClientConnection - http-outgoing-10: Close connection
03:41:39.938 [Test worker] DEBUG o.a.h.impl.execchain.MainClientExec - Connection discarded
03:41:39.938 [Test worker] DEBUG c.g.d.j.JerseyDockerCmdExecFactory$1 - Connection released: [id: 10][route: {s}->https://Thesis:2376][total kept alive: 0; route allocated: 0 of 2; total allocated: 0 of 20]
]]></system-out>
  <system-err><![CDATA[]]></system-err>
</testsuite>
