<?xml version="1.0" encoding="UTF-8"?>
<testsuite name="org.openbaton.vim_driver.test.DockerVimTest" tests="14" skipped="2" failures="0" errors="0" timestamp="2016-10-18T00:44:22" hostname="Thesis" time="21.038">
  <properties/>
  <testcase name="deleteNetworkTest" classname="org.openbaton.vim_driver.test.DockerVimTest" time="1.923"/>
  <testcase name="listNetworksTest" classname="org.openbaton.vim_driver.test.DockerVimTest" time="0.54"/>
  <testcase name="deleteServerByIdAndWaitTest" classname="org.openbaton.vim_driver.test.DockerVimTest" time="2.669"/>
  <testcase name="createNetworkTest" classname="org.openbaton.vim_driver.test.DockerVimTest" time="0.383"/>
  <testcase name="disconnectContainerFromNetworkTest" classname="org.openbaton.vim_driver.test.DockerVimTest" time="2.98"/>
  <testcase name="getNetworkByIdTest" classname="org.openbaton.vim_driver.test.DockerVimTest" time="0.468"/>
  <testcase name="deleteImageTest" classname="org.openbaton.vim_driver.test.DockerVimTest" time="3.773"/>
  <testcase name="pullImageTest" classname="org.openbaton.vim_driver.test.DockerVimTest" time="0.0">
    <skipped/>
  </testcase>
  <testcase name="createVolumeTest" classname="org.openbaton.vim_driver.test.DockerVimTest" time="0.203"/>
  <testcase name="listServerTest" classname="org.openbaton.vim_driver.test.DockerVimTest" time="2.563"/>
  <testcase name="listImagesTest" classname="org.openbaton.vim_driver.test.DockerVimTest" time="0.0">
    <skipped/>
  </testcase>
  <testcase name="deleteVolumeTest" classname="org.openbaton.vim_driver.test.DockerVimTest" time="0.211"/>
  <testcase name="launchInstanceTest" classname="org.openbaton.vim_driver.test.DockerVimTest" time="2.451"/>
  <testcase name="connectContainerToNetworkTest" classname="org.openbaton.vim_driver.test.DockerVimTest" time="2.869"/>
  <system-out><![CDATA[02:44:22.860 [Test worker] DEBUG org.openbaton.docker.DockerVim - Loading properties
02:44:22.863 [Test worker] DEBUG org.openbaton.docker.DockerVim - Loaded properties: {type=docker}
02:44:23.183 [Test worker] DEBUG c.g.d.core.command.AbstrDockerCmd - Cmd: -1,<null>,true,<null>,<null>,com.github.dockerjava.core.util.FiltersBuilder@0,com.github.dockerjava.jaxrs.ListContainersCmdExec@185c1d56
02:44:23.712 [Test worker] DEBUG c.g.d.j.JerseyDockerCmdExecFactory - 1 * Sending client request on thread Test worker
1 > GET http://localhost:2375/containers/json?all=true
1 > Accept: application/json

02:44:23.738 [Test worker] DEBUG o.a.h.c.protocol.RequestAddCookies - CookieSpec selected: default
02:44:23.749 [Test worker] DEBUG o.a.h.c.protocol.RequestAuthCache - Auth cache not set in the context
02:44:23.750 [Test worker] DEBUG c.g.d.j.JerseyDockerCmdExecFactory$1 - Connection request: [route: {}->http://localhost:2375][total kept alive: 0; route allocated: 0 of 2; total allocated: 0 of 20]
02:44:23.758 [Test worker] DEBUG c.g.d.j.JerseyDockerCmdExecFactory$1 - Connection leased: [id: 0][route: {}->http://localhost:2375][total kept alive: 0; route allocated: 1 of 2; total allocated: 1 of 20]
02:44:23.759 [Test worker] DEBUG o.a.h.impl.execchain.MainClientExec - Opening connection {}->http://localhost:2375
02:44:23.761 [Test worker] DEBUG o.a.h.i.c.DefaultHttpClientConnectionOperator - Connecting to localhost/127.0.0.1:2375
02:44:23.761 [Test worker] DEBUG o.a.h.i.c.DefaultHttpClientConnectionOperator - Connection established 127.0.0.1:57000<->127.0.0.1:2375
02:44:23.761 [Test worker] DEBUG o.a.h.impl.execchain.MainClientExec - Executing request GET /containers/json?all=true HTTP/1.1
02:44:23.762 [Test worker] DEBUG o.a.h.impl.execchain.MainClientExec - Target auth state: UNCHALLENGED
02:44:23.762 [Test worker] DEBUG o.a.h.impl.execchain.MainClientExec - Proxy auth state: UNCHALLENGED
02:44:23.763 [Test worker] DEBUG org.apache.http.headers - http-outgoing-0 >> GET /containers/json?all=true HTTP/1.1
02:44:23.763 [Test worker] DEBUG org.apache.http.headers - http-outgoing-0 >> Accept: application/json
02:44:23.763 [Test worker] DEBUG org.apache.http.headers - http-outgoing-0 >> User-Agent: Jersey/2.23.1 (Apache HttpClient 4.5.1)
02:44:23.763 [Test worker] DEBUG org.apache.http.headers - http-outgoing-0 >> Host: localhost:2375
02:44:23.763 [Test worker] DEBUG org.apache.http.headers - http-outgoing-0 >> Connection: Keep-Alive
02:44:23.763 [Test worker] DEBUG org.apache.http.headers - http-outgoing-0 >> Accept-Encoding: gzip,deflate
02:44:23.764 [Test worker] DEBUG org.apache.http.wire - http-outgoing-0 >> "GET /containers/json?all=true HTTP/1.1[\r][\n]"
02:44:23.764 [Test worker] DEBUG org.apache.http.wire - http-outgoing-0 >> "Accept: application/json[\r][\n]"
02:44:23.764 [Test worker] DEBUG org.apache.http.wire - http-outgoing-0 >> "User-Agent: Jersey/2.23.1 (Apache HttpClient 4.5.1)[\r][\n]"
02:44:23.764 [Test worker] DEBUG org.apache.http.wire - http-outgoing-0 >> "Host: localhost:2375[\r][\n]"
02:44:23.764 [Test worker] DEBUG org.apache.http.wire - http-outgoing-0 >> "Connection: Keep-Alive[\r][\n]"
02:44:23.764 [Test worker] DEBUG org.apache.http.wire - http-outgoing-0 >> "Accept-Encoding: gzip,deflate[\r][\n]"
02:44:23.764 [Test worker] DEBUG org.apache.http.wire - http-outgoing-0 >> "[\r][\n]"
02:44:23.765 [Test worker] DEBUG org.apache.http.wire - http-outgoing-0 << "HTTP/1.1 200 OK[\r][\n]"
02:44:23.765 [Test worker] DEBUG org.apache.http.wire - http-outgoing-0 << "Content-Type: application/json[\r][\n]"
02:44:23.765 [Test worker] DEBUG org.apache.http.wire - http-outgoing-0 << "Server: Docker/1.12.1 (linux)[\r][\n]"
02:44:23.765 [Test worker] DEBUG org.apache.http.wire - http-outgoing-0 << "Date: Tue, 18 Oct 2016 00:44:23 GMT[\r][\n]"
02:44:23.765 [Test worker] DEBUG org.apache.http.wire - http-outgoing-0 << "Content-Length: 3[\r][\n]"
02:44:23.765 [Test worker] DEBUG org.apache.http.wire - http-outgoing-0 << "[\r][\n]"
02:44:23.765 [Test worker] DEBUG org.apache.http.wire - http-outgoing-0 << "[][\n]"
02:44:23.766 [Test worker] DEBUG org.apache.http.headers - http-outgoing-0 << HTTP/1.1 200 OK
02:44:23.767 [Test worker] DEBUG org.apache.http.headers - http-outgoing-0 << Content-Type: application/json
02:44:23.767 [Test worker] DEBUG org.apache.http.headers - http-outgoing-0 << Server: Docker/1.12.1 (linux)
02:44:23.767 [Test worker] DEBUG org.apache.http.headers - http-outgoing-0 << Date: Tue, 18 Oct 2016 00:44:23 GMT
02:44:23.767 [Test worker] DEBUG org.apache.http.headers - http-outgoing-0 << Content-Length: 3
02:44:23.769 [Test worker] DEBUG o.a.h.impl.execchain.MainClientExec - Connection can be kept alive indefinitely
02:44:23.774 [Test worker] DEBUG c.g.d.j.JerseyDockerCmdExecFactory - 2 * Client response received on thread Test worker
2 < 200
2 < Content-Length: 3
2 < Content-Type: application/json
2 < Date: Tue, 18 Oct 2016 00:44:23 GMT
2 < Server: Docker/1.12.1 (linux)
[]


02:44:23.900 [Test worker] DEBUG c.g.d.j.JerseyDockerCmdExecFactory$1 - Connection [id: 0][route: {}->http://localhost:2375] can be kept alive indefinitely
02:44:23.900 [Test worker] DEBUG c.g.d.j.JerseyDockerCmdExecFactory$1 - Connection released: [id: 0][route: {}->http://localhost:2375][total kept alive: 1; route allocated: 1 of 2; total allocated: 1 of 20]
02:44:23.973 [Test worker] DEBUG c.g.d.core.command.AbstrDockerCmd - Cmd: com.github.dockerjava.core.util.FiltersBuilder@0,com.github.dockerjava.jaxrs.ListNetworksCmdExec@2e5e7733
02:44:24.018 [Test worker] DEBUG c.g.d.j.JerseyDockerCmdExecFactory - 1 * Sending client request on thread Test worker
1 > GET http://localhost:2375/networks
1 > Accept: application/json

02:44:24.019 [Test worker] DEBUG o.a.h.c.protocol.RequestAddCookies - CookieSpec selected: default
02:44:24.019 [Test worker] DEBUG o.a.h.c.protocol.RequestAuthCache - Auth cache not set in the context
02:44:24.019 [Test worker] DEBUG c.g.d.j.JerseyDockerCmdExecFactory$1 - Connection request: [route: {}->http://localhost:2375][total kept alive: 0; route allocated: 0 of 2; total allocated: 0 of 20]
02:44:24.019 [Test worker] DEBUG c.g.d.j.JerseyDockerCmdExecFactory$1 - Connection leased: [id: 1][route: {}->http://localhost:2375][total kept alive: 0; route allocated: 1 of 2; total allocated: 1 of 20]
02:44:24.019 [Test worker] DEBUG o.a.h.impl.execchain.MainClientExec - Opening connection {}->http://localhost:2375
02:44:24.019 [Test worker] DEBUG o.a.h.i.c.DefaultHttpClientConnectionOperator - Connecting to localhost/127.0.0.1:2375
02:44:24.020 [Test worker] DEBUG o.a.h.i.c.DefaultHttpClientConnectionOperator - Connection established 127.0.0.1:57002<->127.0.0.1:2375
02:44:24.020 [Test worker] DEBUG o.a.h.impl.execchain.MainClientExec - Executing request GET /networks HTTP/1.1
02:44:24.020 [Test worker] DEBUG o.a.h.impl.execchain.MainClientExec - Target auth state: UNCHALLENGED
02:44:24.020 [Test worker] DEBUG o.a.h.impl.execchain.MainClientExec - Proxy auth state: UNCHALLENGED
02:44:24.020 [Test worker] DEBUG org.apache.http.headers - http-outgoing-1 >> GET /networks HTTP/1.1
02:44:24.020 [Test worker] DEBUG org.apache.http.headers - http-outgoing-1 >> Accept: application/json
02:44:24.020 [Test worker] DEBUG org.apache.http.headers - http-outgoing-1 >> User-Agent: Jersey/2.23.1 (Apache HttpClient 4.5.1)
02:44:24.020 [Test worker] DEBUG org.apache.http.headers - http-outgoing-1 >> Host: localhost:2375
02:44:24.021 [Test worker] DEBUG org.apache.http.headers - http-outgoing-1 >> Connection: Keep-Alive
02:44:24.021 [Test worker] DEBUG org.apache.http.headers - http-outgoing-1 >> Accept-Encoding: gzip,deflate
02:44:24.021 [Test worker] DEBUG org.apache.http.wire - http-outgoing-1 >> "GET /networks HTTP/1.1[\r][\n]"
02:44:24.021 [Test worker] DEBUG org.apache.http.wire - http-outgoing-1 >> "Accept: application/json[\r][\n]"
02:44:24.021 [Test worker] DEBUG org.apache.http.wire - http-outgoing-1 >> "User-Agent: Jersey/2.23.1 (Apache HttpClient 4.5.1)[\r][\n]"
02:44:24.021 [Test worker] DEBUG org.apache.http.wire - http-outgoing-1 >> "Host: localhost:2375[\r][\n]"
02:44:24.021 [Test worker] DEBUG org.apache.http.wire - http-outgoing-1 >> "Connection: Keep-Alive[\r][\n]"
02:44:24.021 [Test worker] DEBUG org.apache.http.wire - http-outgoing-1 >> "Accept-Encoding: gzip,deflate[\r][\n]"
02:44:24.022 [Test worker] DEBUG org.apache.http.wire - http-outgoing-1 >> "[\r][\n]"
02:44:24.022 [Test worker] DEBUG org.apache.http.wire - http-outgoing-1 << "HTTP/1.1 200 OK[\r][\n]"
02:44:24.022 [Test worker] DEBUG org.apache.http.wire - http-outgoing-1 << "Content-Type: application/json[\r][\n]"
02:44:24.022 [Test worker] DEBUG org.apache.http.wire - http-outgoing-1 << "Server: Docker/1.12.1 (linux)[\r][\n]"
02:44:24.022 [Test worker] DEBUG org.apache.http.wire - http-outgoing-1 << "Date: Tue, 18 Oct 2016 00:44:24 GMT[\r][\n]"
02:44:24.022 [Test worker] DEBUG org.apache.http.wire - http-outgoing-1 << "Content-Length: 1100[\r][\n]"
02:44:24.022 [Test worker] DEBUG org.apache.http.wire - http-outgoing-1 << "[\r][\n]"
02:44:24.023 [Test worker] DEBUG org.apache.http.wire - http-outgoing-1 << "[{"Name":"bridge","Id":"90941628611ab58d4fa4db6bcd1806afb9bf994c4562bea7ae3dc9153b373da5","Scope":"local","Driver":"bridge","EnableIPv6":false,"IPAM":{"Driver":"default","Options":null,"Config":[{"Subnet":"172.17.0.0/16","Gateway":"172.17.0.1"}]},"Internal":false,"Containers":{},"Options":{"com.docker.network.bridge.default_bridge":"true","com.docker.network.bridge.enable_icc":"true","com.docker.network.bridge.enable_ip_masquerade":"true","com.docker.network.bridge.host_binding_ipv4":"0.0.0.0","com.docker.network.bridge.name":"docker0","com.docker.network.driver.mtu":"1500"},"Labels":{}},{"Name":"none","Id":"4d89c194eb79cd2beb38458d10a1b98c74d6b8462af72afde29ae7aca53ed5ca","Scope":"local","Driver":"null","EnableIPv6":false,"IPAM":{"Driver":"default","Options":null,"Config":[]},"Internal":false,"Containers":{},"Options":{},"Labels":{}},{"Name":"host","Id":"fe042b0866671b5be4f097ba43830c0a02959c058702d18e18c14a24d88a357d","Scope":"local","Driver":"host","EnableIPv6":false,"IPAM":{"Driver":"default","Options":null,"Config":[]},"Internal":false,"Containers":{},"Options":{},"Labels":{}}][\n]"
02:44:24.025 [Test worker] DEBUG org.apache.http.headers - http-outgoing-1 << HTTP/1.1 200 OK
02:44:24.031 [Test worker] DEBUG org.apache.http.headers - http-outgoing-1 << Content-Type: application/json
02:44:24.031 [Test worker] DEBUG org.apache.http.headers - http-outgoing-1 << Server: Docker/1.12.1 (linux)
02:44:24.031 [Test worker] DEBUG org.apache.http.headers - http-outgoing-1 << Date: Tue, 18 Oct 2016 00:44:24 GMT
02:44:24.031 [Test worker] DEBUG org.apache.http.headers - http-outgoing-1 << Content-Length: 1100
02:44:24.031 [Test worker] DEBUG o.a.h.impl.execchain.MainClientExec - Connection can be kept alive indefinitely
02:44:24.031 [Test worker] DEBUG c.g.d.j.JerseyDockerCmdExecFactory - 2 * Client response received on thread Test worker
2 < 200
2 < Content-Length: 1100
2 < Content-Type: application/json
2 < Date: Tue, 18 Oct 2016 00:44:24 GMT
2 < Server: Docker/1.12.1 (linux)
[{"Name":"bridge","Id":"90941628611ab58d4fa4db6bcd1806afb9bf994c4562bea7ae3dc9153b373da5","Scope":"local","Driver":"bridge","EnableIPv6":false,"IPAM":{"Driver":"default","Options":null,"Config":[{"Subnet":"172.17.0.0/16","Gateway":"172.17.0.1"}]},"Internal":false,"Containers":{},"Options":{"com.docker.network.bridge.default_bridge":"true","com.docker.network.bridge.enable_icc":"true","com.docker.network.bridge.enable_ip_masquerade":"true","com.docker.network.bridge.host_binding_ipv4":"0.0.0.0","com.docker.network.bridge.name":"docker0","com.docker.network.driver.mtu":"1500"},"Labels":{}},{"Name":"none","Id":"4d89c194eb79cd2beb38458d10a1b98c74d6b8462af72afde29ae7aca53ed5ca","Scope":"local","Driver":"null","EnableIPv6":false,"IPAM":{"Driver":"default","Options":null,"Config":[]},"Internal":false,"Containers":{},"Options":{},"Labels":{}},{"Name":"host","Id":"fe042b0866671b5be4f097ba43830c0a02959c058702d18e18c14a24d88a357d","Scope":"local","Driver":"host","EnableIPv6":false,"IPAM":{"Driver":"default","Options":null,"Config":[]},"Internal":false,"Containers":{},"Options":{},"Labels":{}}]


02:44:24.037 [Test worker] DEBUG o.a.h.i.c.DefaultManagedHttpClientConnection - http-outgoing-1: Close connection
02:44:24.038 [Test worker] DEBUG o.a.h.impl.execchain.MainClientExec - Connection discarded
02:44:24.038 [Test worker] DEBUG c.g.d.j.JerseyDockerCmdExecFactory$1 - Connection released: [id: 1][route: {}->http://localhost:2375][total kept alive: 0; route allocated: 0 of 2; total allocated: 0 of 20]
02:44:24.038 [Test worker] DEBUG c.g.d.core.command.AbstrDockerCmd - Cmd: com.github.dockerjava.core.util.FiltersBuilder@0,com.github.dockerjava.jaxrs.ListVolumesCmdExec@22a2de19
02:44:24.066 [Test worker] DEBUG c.g.d.j.JerseyDockerCmdExecFactory - 1 * Sending client request on thread Test worker
1 > GET http://localhost:2375/volumes
1 > Accept: application/json

02:44:24.067 [Test worker] DEBUG o.a.h.c.protocol.RequestAddCookies - CookieSpec selected: default
02:44:24.067 [Test worker] DEBUG o.a.h.c.protocol.RequestAuthCache - Auth cache not set in the context
02:44:24.067 [Test worker] DEBUG c.g.d.j.JerseyDockerCmdExecFactory$1 - Connection request: [route: {}->http://localhost:2375][total kept alive: 0; route allocated: 0 of 2; total allocated: 0 of 20]
02:44:24.067 [Test worker] DEBUG c.g.d.j.JerseyDockerCmdExecFactory$1 - Connection leased: [id: 2][route: {}->http://localhost:2375][total kept alive: 0; route allocated: 1 of 2; total allocated: 1 of 20]
02:44:24.068 [Test worker] DEBUG o.a.h.impl.execchain.MainClientExec - Opening connection {}->http://localhost:2375
02:44:24.068 [Test worker] DEBUG o.a.h.i.c.DefaultHttpClientConnectionOperator - Connecting to localhost/127.0.0.1:2375
02:44:24.068 [Test worker] DEBUG o.a.h.i.c.DefaultHttpClientConnectionOperator - Connection established 127.0.0.1:57004<->127.0.0.1:2375
02:44:24.068 [Test worker] DEBUG o.a.h.impl.execchain.MainClientExec - Executing request GET /volumes HTTP/1.1
02:44:24.068 [Test worker] DEBUG o.a.h.impl.execchain.MainClientExec - Target auth state: UNCHALLENGED
02:44:24.068 [Test worker] DEBUG o.a.h.impl.execchain.MainClientExec - Proxy auth state: UNCHALLENGED
02:44:24.068 [Test worker] DEBUG org.apache.http.headers - http-outgoing-2 >> GET /volumes HTTP/1.1
02:44:24.068 [Test worker] DEBUG org.apache.http.headers - http-outgoing-2 >> Accept: application/json
02:44:24.068 [Test worker] DEBUG org.apache.http.headers - http-outgoing-2 >> User-Agent: Jersey/2.23.1 (Apache HttpClient 4.5.1)
02:44:24.069 [Test worker] DEBUG org.apache.http.headers - http-outgoing-2 >> Host: localhost:2375
02:44:24.069 [Test worker] DEBUG org.apache.http.headers - http-outgoing-2 >> Connection: Keep-Alive
02:44:24.069 [Test worker] DEBUG org.apache.http.headers - http-outgoing-2 >> Accept-Encoding: gzip,deflate
02:44:24.069 [Test worker] DEBUG org.apache.http.wire - http-outgoing-2 >> "GET /volumes HTTP/1.1[\r][\n]"
02:44:24.069 [Test worker] DEBUG org.apache.http.wire - http-outgoing-2 >> "Accept: application/json[\r][\n]"
02:44:24.069 [Test worker] DEBUG org.apache.http.wire - http-outgoing-2 >> "User-Agent: Jersey/2.23.1 (Apache HttpClient 4.5.1)[\r][\n]"
02:44:24.069 [Test worker] DEBUG org.apache.http.wire - http-outgoing-2 >> "Host: localhost:2375[\r][\n]"
02:44:24.069 [Test worker] DEBUG org.apache.http.wire - http-outgoing-2 >> "Connection: Keep-Alive[\r][\n]"
02:44:24.069 [Test worker] DEBUG org.apache.http.wire - http-outgoing-2 >> "Accept-Encoding: gzip,deflate[\r][\n]"
02:44:24.069 [Test worker] DEBUG org.apache.http.wire - http-outgoing-2 >> "[\r][\n]"
02:44:24.070 [Test worker] DEBUG org.apache.http.wire - http-outgoing-2 << "HTTP/1.1 200 OK[\r][\n]"
02:44:24.070 [Test worker] DEBUG org.apache.http.wire - http-outgoing-2 << "Content-Type: application/json[\r][\n]"
02:44:24.070 [Test worker] DEBUG org.apache.http.wire - http-outgoing-2 << "Server: Docker/1.12.1 (linux)[\r][\n]"
02:44:24.070 [Test worker] DEBUG org.apache.http.wire - http-outgoing-2 << "Date: Tue, 18 Oct 2016 00:44:24 GMT[\r][\n]"
02:44:24.070 [Test worker] DEBUG org.apache.http.wire - http-outgoing-2 << "Content-Length: 33[\r][\n]"
02:44:24.070 [Test worker] DEBUG org.apache.http.wire - http-outgoing-2 << "[\r][\n]"
02:44:24.070 [Test worker] DEBUG org.apache.http.wire - http-outgoing-2 << "{"Volumes":null,"Warnings":null}[\n]"
02:44:24.070 [Test worker] DEBUG org.apache.http.headers - http-outgoing-2 << HTTP/1.1 200 OK
02:44:24.070 [Test worker] DEBUG org.apache.http.headers - http-outgoing-2 << Content-Type: application/json
02:44:24.070 [Test worker] DEBUG org.apache.http.headers - http-outgoing-2 << Server: Docker/1.12.1 (linux)
02:44:24.071 [Test worker] DEBUG org.apache.http.headers - http-outgoing-2 << Date: Tue, 18 Oct 2016 00:44:24 GMT
02:44:24.071 [Test worker] DEBUG org.apache.http.headers - http-outgoing-2 << Content-Length: 33
02:44:24.071 [Test worker] DEBUG o.a.h.impl.execchain.MainClientExec - Connection can be kept alive indefinitely
02:44:24.071 [Test worker] DEBUG c.g.d.j.JerseyDockerCmdExecFactory - 2 * Client response received on thread Test worker
2 < 200
2 < Content-Length: 33
2 < Content-Type: application/json
2 < Date: Tue, 18 Oct 2016 00:44:24 GMT
2 < Server: Docker/1.12.1 (linux)
{"Volumes":null,"Warnings":null}


02:44:24.074 [Test worker] DEBUG o.a.h.i.c.DefaultManagedHttpClientConnection - http-outgoing-2: Close connection
02:44:24.074 [Test worker] DEBUG o.a.h.impl.execchain.MainClientExec - Connection discarded
02:44:24.074 [Test worker] DEBUG c.g.d.j.JerseyDockerCmdExecFactory$1 - Connection released: [id: 2][route: {}->http://localhost:2375][total kept alive: 0; route allocated: 0 of 2; total allocated: 0 of 20]
List of volumes: null
02:44:24.076 [Test worker] DEBUG c.g.d.core.command.AbstrDockerCmd - Cmd: MyNetwork,<null>,com.github.dockerjava.api.model.Network$Ipam@3c6a2757[driver=<null>,config=[com.github.dockerjava.api.model.Network$Ipam$Config@5d3cdfbd],options=<null>],{},true,<null>,<null>,com.github.dockerjava.jaxrs.CreateNetworkCmdExec@4785211d
02:44:24.118 [Test worker] DEBUG o.a.h.c.protocol.RequestAddCookies - CookieSpec selected: default
02:44:24.118 [Test worker] DEBUG o.a.h.c.protocol.RequestAuthCache - Auth cache not set in the context
02:44:24.119 [Test worker] DEBUG c.g.d.j.JerseyDockerCmdExecFactory$1 - Connection request: [route: {}->http://localhost:2375][total kept alive: 0; route allocated: 0 of 2; total allocated: 0 of 20]
02:44:24.119 [Test worker] DEBUG c.g.d.j.JerseyDockerCmdExecFactory$1 - Connection leased: [id: 3][route: {}->http://localhost:2375][total kept alive: 0; route allocated: 1 of 2; total allocated: 1 of 20]
02:44:24.119 [Test worker] DEBUG o.a.h.impl.execchain.MainClientExec - Opening connection {}->http://localhost:2375
02:44:24.119 [Test worker] DEBUG o.a.h.i.c.DefaultHttpClientConnectionOperator - Connecting to localhost/127.0.0.1:2375
02:44:24.119 [Test worker] DEBUG o.a.h.i.c.DefaultHttpClientConnectionOperator - Connection established 127.0.0.1:57006<->127.0.0.1:2375
02:44:24.120 [Test worker] DEBUG o.a.h.impl.execchain.MainClientExec - Executing request POST /networks/create HTTP/1.1
02:44:24.120 [Test worker] DEBUG o.a.h.impl.execchain.MainClientExec - Target auth state: UNCHALLENGED
02:44:24.120 [Test worker] DEBUG o.a.h.impl.execchain.MainClientExec - Proxy auth state: UNCHALLENGED
02:44:24.120 [Test worker] DEBUG org.apache.http.headers - http-outgoing-3 >> POST /networks/create HTTP/1.1
02:44:24.120 [Test worker] DEBUG org.apache.http.headers - http-outgoing-3 >> Accept: application/json
02:44:24.120 [Test worker] DEBUG org.apache.http.headers - http-outgoing-3 >> Content-Type: application/json
02:44:24.120 [Test worker] DEBUG org.apache.http.headers - http-outgoing-3 >> User-Agent: Jersey/2.23.1 (Apache HttpClient 4.5.1)
02:44:24.120 [Test worker] DEBUG org.apache.http.headers - http-outgoing-3 >> Transfer-Encoding: chunked
02:44:24.120 [Test worker] DEBUG org.apache.http.headers - http-outgoing-3 >> Host: localhost:2375
02:44:24.120 [Test worker] DEBUG org.apache.http.headers - http-outgoing-3 >> Connection: Keep-Alive
02:44:24.121 [Test worker] DEBUG org.apache.http.headers - http-outgoing-3 >> Accept-Encoding: gzip,deflate
02:44:24.141 [Test worker] DEBUG c.g.d.j.JerseyDockerCmdExecFactory - 1 * Sending client request on thread Test worker
1 > POST http://localhost:2375/networks/create
1 > Accept: application/json
1 > Content-Type: application/json
{"enableIPv6":null,"Name":"MyNetwork","Driver":null,"IPAM":{"Driver":null,"Config":[{"Subnet":"172.19.0.0/16","IPRange":null,"Gateway":"172.19.0.1"}],"Options":null},"Options":{},"CheckDuplicate":true,"Internal":null,"EnableIPv6":null}

02:44:24.142 [Test worker] DEBUG org.apache.http.wire - http-outgoing-3 >> "POST /networks/create HTTP/1.1[\r][\n]"
02:44:24.142 [Test worker] DEBUG org.apache.http.wire - http-outgoing-3 >> "Accept: application/json[\r][\n]"
02:44:24.142 [Test worker] DEBUG org.apache.http.wire - http-outgoing-3 >> "Content-Type: application/json[\r][\n]"
02:44:24.142 [Test worker] DEBUG org.apache.http.wire - http-outgoing-3 >> "User-Agent: Jersey/2.23.1 (Apache HttpClient 4.5.1)[\r][\n]"
02:44:24.142 [Test worker] DEBUG org.apache.http.wire - http-outgoing-3 >> "Transfer-Encoding: chunked[\r][\n]"
02:44:24.142 [Test worker] DEBUG org.apache.http.wire - http-outgoing-3 >> "Host: localhost:2375[\r][\n]"
02:44:24.142 [Test worker] DEBUG org.apache.http.wire - http-outgoing-3 >> "Connection: Keep-Alive[\r][\n]"
02:44:24.142 [Test worker] DEBUG org.apache.http.wire - http-outgoing-3 >> "Accept-Encoding: gzip,deflate[\r][\n]"
02:44:24.142 [Test worker] DEBUG org.apache.http.wire - http-outgoing-3 >> "[\r][\n]"
02:44:24.142 [Test worker] DEBUG org.apache.http.wire - http-outgoing-3 >> "eb[\r][\n]"
02:44:24.142 [Test worker] DEBUG org.apache.http.wire - http-outgoing-3 >> "{"enableIPv6":null,"Name":"MyNetwork","Driver":null,"IPAM":{"Driver":null,"Config":[{"Subnet":"172.19.0.0/16","IPRange":null,"Gateway":"172.19.0.1"}],"Options":null},"Options":{},"CheckDuplicate":true,"Internal":null,"EnableIPv6":null}[\r][\n]"
02:44:24.142 [Test worker] DEBUG org.apache.http.wire - http-outgoing-3 >> "0[\r][\n]"
02:44:24.143 [Test worker] DEBUG org.apache.http.wire - http-outgoing-3 >> "[\r][\n]"
02:44:24.202 [Test worker] DEBUG org.apache.http.wire - http-outgoing-3 << "HTTP/1.1 201 Created[\r][\n]"
02:44:24.202 [Test worker] DEBUG org.apache.http.wire - http-outgoing-3 << "Content-Type: application/json[\r][\n]"
02:44:24.202 [Test worker] DEBUG org.apache.http.wire - http-outgoing-3 << "Server: Docker/1.12.1 (linux)[\r][\n]"
02:44:24.202 [Test worker] DEBUG org.apache.http.wire - http-outgoing-3 << "Date: Tue, 18 Oct 2016 00:44:24 GMT[\r][\n]"
02:44:24.202 [Test worker] DEBUG org.apache.http.wire - http-outgoing-3 << "Content-Length: 87[\r][\n]"
02:44:24.202 [Test worker] DEBUG org.apache.http.wire - http-outgoing-3 << "[\r][\n]"
02:44:24.202 [Test worker] DEBUG org.apache.http.wire - http-outgoing-3 << "{"Id":"f592ec956923fae924ce3b22c6d5c00a839f41e1051d7a119547319432b5df73","Warning":""}[\n]"
02:44:24.202 [Test worker] DEBUG org.apache.http.headers - http-outgoing-3 << HTTP/1.1 201 Created
02:44:24.202 [Test worker] DEBUG org.apache.http.headers - http-outgoing-3 << Content-Type: application/json
02:44:24.202 [Test worker] DEBUG org.apache.http.headers - http-outgoing-3 << Server: Docker/1.12.1 (linux)
02:44:24.202 [Test worker] DEBUG org.apache.http.headers - http-outgoing-3 << Date: Tue, 18 Oct 2016 00:44:24 GMT
02:44:24.202 [Test worker] DEBUG org.apache.http.headers - http-outgoing-3 << Content-Length: 87
02:44:24.202 [Test worker] DEBUG o.a.h.impl.execchain.MainClientExec - Connection can be kept alive indefinitely
02:44:24.202 [Test worker] DEBUG c.g.d.j.JerseyDockerCmdExecFactory - 2 * Client response received on thread Test worker
2 < 201
2 < Content-Length: 87
2 < Content-Type: application/json
2 < Date: Tue, 18 Oct 2016 00:44:24 GMT
2 < Server: Docker/1.12.1 (linux)
{"Id":"f592ec956923fae924ce3b22c6d5c00a839f41e1051d7a119547319432b5df73","Warning":""}


02:44:24.203 [Test worker] DEBUG o.a.h.i.c.DefaultManagedHttpClientConnection - http-outgoing-3: Close connection
02:44:24.210 [Test worker] DEBUG o.a.h.impl.execchain.MainClientExec - Connection discarded
02:44:24.214 [Test worker] DEBUG c.g.d.j.JerseyDockerCmdExecFactory$1 - Connection released: [id: 3][route: {}->http://localhost:2375][total kept alive: 0; route allocated: 0 of 2; total allocated: 0 of 20]
02:44:24.215 [Test worker] DEBUG c.g.d.core.command.AbstrDockerCmd - Cmd: f592ec956923fae924ce3b22c6d5c00a839f41e1051d7a119547319432b5df73,com.github.dockerjava.jaxrs.InspectNetworkCmdExec@1254aea9
02:44:24.220 [Test worker] DEBUG c.g.d.jaxrs.ListNetworksCmdExec - GET: JerseyWebTarget { http://localhost:2375/networks/f592ec956923fae924ce3b22c6d5c00a839f41e1051d7a119547319432b5df73 }
02:44:24.228 [Test worker] DEBUG c.g.d.j.JerseyDockerCmdExecFactory - 3 * Sending client request on thread Test worker
3 > GET http://localhost:2375/networks/f592ec956923fae924ce3b22c6d5c00a839f41e1051d7a119547319432b5df73
3 > Accept: application/json

02:44:24.230 [Test worker] DEBUG o.a.h.c.protocol.RequestAddCookies - CookieSpec selected: default
02:44:24.231 [Test worker] DEBUG o.a.h.c.protocol.RequestAuthCache - Auth cache not set in the context
02:44:24.231 [Test worker] DEBUG c.g.d.j.JerseyDockerCmdExecFactory$1 - Connection request: [route: {}->http://localhost:2375][total kept alive: 0; route allocated: 0 of 2; total allocated: 0 of 20]
02:44:24.231 [Test worker] DEBUG c.g.d.j.JerseyDockerCmdExecFactory$1 - Connection leased: [id: 4][route: {}->http://localhost:2375][total kept alive: 0; route allocated: 1 of 2; total allocated: 1 of 20]
02:44:24.231 [Test worker] DEBUG o.a.h.impl.execchain.MainClientExec - Opening connection {}->http://localhost:2375
02:44:24.231 [Test worker] DEBUG o.a.h.i.c.DefaultHttpClientConnectionOperator - Connecting to localhost/127.0.0.1:2375
02:44:24.234 [Test worker] DEBUG o.a.h.i.c.DefaultHttpClientConnectionOperator - Connection established 127.0.0.1:57008<->127.0.0.1:2375
02:44:24.234 [Test worker] DEBUG o.a.h.impl.execchain.MainClientExec - Executing request GET /networks/f592ec956923fae924ce3b22c6d5c00a839f41e1051d7a119547319432b5df73 HTTP/1.1
02:44:24.234 [Test worker] DEBUG o.a.h.impl.execchain.MainClientExec - Target auth state: UNCHALLENGED
02:44:24.234 [Test worker] DEBUG o.a.h.impl.execchain.MainClientExec - Proxy auth state: UNCHALLENGED
02:44:24.234 [Test worker] DEBUG org.apache.http.headers - http-outgoing-4 >> GET /networks/f592ec956923fae924ce3b22c6d5c00a839f41e1051d7a119547319432b5df73 HTTP/1.1
02:44:24.235 [Test worker] DEBUG org.apache.http.headers - http-outgoing-4 >> Accept: application/json
02:44:24.235 [Test worker] DEBUG org.apache.http.headers - http-outgoing-4 >> User-Agent: Jersey/2.23.1 (Apache HttpClient 4.5.1)
02:44:24.235 [Test worker] DEBUG org.apache.http.headers - http-outgoing-4 >> Host: localhost:2375
02:44:24.235 [Test worker] DEBUG org.apache.http.headers - http-outgoing-4 >> Connection: Keep-Alive
02:44:24.235 [Test worker] DEBUG org.apache.http.headers - http-outgoing-4 >> Accept-Encoding: gzip,deflate
02:44:24.235 [Test worker] DEBUG org.apache.http.wire - http-outgoing-4 >> "GET /networks/f592ec956923fae924ce3b22c6d5c00a839f41e1051d7a119547319432b5df73 HTTP/1.1[\r][\n]"
02:44:24.235 [Test worker] DEBUG org.apache.http.wire - http-outgoing-4 >> "Accept: application/json[\r][\n]"
02:44:24.235 [Test worker] DEBUG org.apache.http.wire - http-outgoing-4 >> "User-Agent: Jersey/2.23.1 (Apache HttpClient 4.5.1)[\r][\n]"
02:44:24.235 [Test worker] DEBUG org.apache.http.wire - http-outgoing-4 >> "Host: localhost:2375[\r][\n]"
02:44:24.235 [Test worker] DEBUG org.apache.http.wire - http-outgoing-4 >> "Connection: Keep-Alive[\r][\n]"
02:44:24.235 [Test worker] DEBUG org.apache.http.wire - http-outgoing-4 >> "Accept-Encoding: gzip,deflate[\r][\n]"
02:44:24.235 [Test worker] DEBUG org.apache.http.wire - http-outgoing-4 >> "[\r][\n]"
02:44:24.237 [Test worker] DEBUG org.apache.http.wire - http-outgoing-4 << "HTTP/1.1 200 OK[\r][\n]"
02:44:24.237 [Test worker] DEBUG org.apache.http.wire - http-outgoing-4 << "Content-Type: application/json[\r][\n]"
02:44:24.239 [Test worker] DEBUG org.apache.http.wire - http-outgoing-4 << "Server: Docker/1.12.1 (linux)[\r][\n]"
02:44:24.239 [Test worker] DEBUG org.apache.http.wire - http-outgoing-4 << "Date: Tue, 18 Oct 2016 00:44:24 GMT[\r][\n]"
02:44:24.239 [Test worker] DEBUG org.apache.http.wire - http-outgoing-4 << "Content-Length: 308[\r][\n]"
02:44:24.239 [Test worker] DEBUG org.apache.http.wire - http-outgoing-4 << "[\r][\n]"
02:44:24.239 [Test worker] DEBUG org.apache.http.wire - http-outgoing-4 << "{"Name":"MyNetwork","Id":"f592ec956923fae924ce3b22c6d5c00a839f41e1051d7a119547319432b5df73","Scope":"local","Driver":"bridge","EnableIPv6":false,"IPAM":{"Driver":"default","Options":null,"Config":[{"Subnet":"172.19.0.0/16","Gateway":"172.19.0.1"}]},"Internal":false,"Containers":{},"Options":{},"Labels":{}}[\n]"
02:44:24.239 [Test worker] DEBUG org.apache.http.headers - http-outgoing-4 << HTTP/1.1 200 OK
02:44:24.239 [Test worker] DEBUG org.apache.http.headers - http-outgoing-4 << Content-Type: application/json
02:44:24.239 [Test worker] DEBUG org.apache.http.headers - http-outgoing-4 << Server: Docker/1.12.1 (linux)
02:44:24.241 [Test worker] DEBUG org.apache.http.headers - http-outgoing-4 << Date: Tue, 18 Oct 2016 00:44:24 GMT
02:44:24.242 [Test worker] DEBUG org.apache.http.headers - http-outgoing-4 << Content-Length: 308
02:44:24.242 [Test worker] DEBUG o.a.h.impl.execchain.MainClientExec - Connection can be kept alive indefinitely
02:44:24.242 [Test worker] DEBUG c.g.d.j.JerseyDockerCmdExecFactory - 4 * Client response received on thread Test worker
4 < 200
4 < Content-Length: 308
4 < Content-Type: application/json
4 < Date: Tue, 18 Oct 2016 00:44:24 GMT
4 < Server: Docker/1.12.1 (linux)
{"Name":"MyNetwork","Id":"f592ec956923fae924ce3b22c6d5c00a839f41e1051d7a119547319432b5df73","Scope":"local","Driver":"bridge","EnableIPv6":false,"IPAM":{"Driver":"default","Options":null,"Config":[{"Subnet":"172.19.0.0/16","Gateway":"172.19.0.1"}]},"Internal":false,"Containers":{},"Options":{},"Labels":{}}


02:44:24.249 [Test worker] DEBUG o.a.h.i.c.DefaultManagedHttpClientConnection - http-outgoing-4: Close connection
02:44:24.249 [Test worker] DEBUG o.a.h.impl.execchain.MainClientExec - Connection discarded
02:44:24.250 [Test worker] DEBUG c.g.d.j.JerseyDockerCmdExecFactory$1 - Connection released: [id: 4][route: {}->http://localhost:2375][total kept alive: 0; route allocated: 0 of 2; total allocated: 0 of 20]
02:44:24.250 [Test worker] DEBUG org.openbaton.docker.DockerVim - Network successfully created
02:44:24.252 [Test worker] DEBUG c.g.d.core.command.AbstrDockerCmd - Cmd: com.github.dockerjava.core.util.FiltersBuilder@0,com.github.dockerjava.jaxrs.ListNetworksCmdExec@52878389
02:44:24.280 [Test worker] DEBUG c.g.d.j.JerseyDockerCmdExecFactory - 1 * Sending client request on thread Test worker
1 > GET http://localhost:2375/networks
1 > Accept: application/json

02:44:24.281 [Test worker] DEBUG o.a.h.c.protocol.RequestAddCookies - CookieSpec selected: default
02:44:24.281 [Test worker] DEBUG o.a.h.c.protocol.RequestAuthCache - Auth cache not set in the context
02:44:24.281 [Test worker] DEBUG c.g.d.j.JerseyDockerCmdExecFactory$1 - Connection request: [route: {}->http://localhost:2375][total kept alive: 0; route allocated: 0 of 2; total allocated: 0 of 20]
02:44:24.281 [Test worker] DEBUG c.g.d.j.JerseyDockerCmdExecFactory$1 - Connection leased: [id: 5][route: {}->http://localhost:2375][total kept alive: 0; route allocated: 1 of 2; total allocated: 1 of 20]
02:44:24.281 [Test worker] DEBUG o.a.h.impl.execchain.MainClientExec - Opening connection {}->http://localhost:2375
02:44:24.281 [Test worker] DEBUG o.a.h.i.c.DefaultHttpClientConnectionOperator - Connecting to localhost/127.0.0.1:2375
02:44:24.282 [Test worker] DEBUG o.a.h.i.c.DefaultHttpClientConnectionOperator - Connection established 127.0.0.1:57010<->127.0.0.1:2375
02:44:24.282 [Test worker] DEBUG o.a.h.impl.execchain.MainClientExec - Executing request GET /networks HTTP/1.1
02:44:24.282 [Test worker] DEBUG o.a.h.impl.execchain.MainClientExec - Target auth state: UNCHALLENGED
02:44:24.282 [Test worker] DEBUG o.a.h.impl.execchain.MainClientExec - Proxy auth state: UNCHALLENGED
02:44:24.282 [Test worker] DEBUG org.apache.http.headers - http-outgoing-5 >> GET /networks HTTP/1.1
02:44:24.282 [Test worker] DEBUG org.apache.http.headers - http-outgoing-5 >> Accept: application/json
02:44:24.282 [Test worker] DEBUG org.apache.http.headers - http-outgoing-5 >> User-Agent: Jersey/2.23.1 (Apache HttpClient 4.5.1)
02:44:24.282 [Test worker] DEBUG org.apache.http.headers - http-outgoing-5 >> Host: localhost:2375
02:44:24.282 [Test worker] DEBUG org.apache.http.headers - http-outgoing-5 >> Connection: Keep-Alive
02:44:24.283 [Test worker] DEBUG org.apache.http.headers - http-outgoing-5 >> Accept-Encoding: gzip,deflate
02:44:24.283 [Test worker] DEBUG org.apache.http.wire - http-outgoing-5 >> "GET /networks HTTP/1.1[\r][\n]"
02:44:24.283 [Test worker] DEBUG org.apache.http.wire - http-outgoing-5 >> "Accept: application/json[\r][\n]"
02:44:24.283 [Test worker] DEBUG org.apache.http.wire - http-outgoing-5 >> "User-Agent: Jersey/2.23.1 (Apache HttpClient 4.5.1)[\r][\n]"
02:44:24.283 [Test worker] DEBUG org.apache.http.wire - http-outgoing-5 >> "Host: localhost:2375[\r][\n]"
02:44:24.283 [Test worker] DEBUG org.apache.http.wire - http-outgoing-5 >> "Connection: Keep-Alive[\r][\n]"
02:44:24.283 [Test worker] DEBUG org.apache.http.wire - http-outgoing-5 >> "Accept-Encoding: gzip,deflate[\r][\n]"
02:44:24.283 [Test worker] DEBUG org.apache.http.wire - http-outgoing-5 >> "[\r][\n]"
02:44:24.283 [Test worker] DEBUG org.apache.http.wire - http-outgoing-5 << "HTTP/1.1 200 OK[\r][\n]"
02:44:24.284 [Test worker] DEBUG org.apache.http.wire - http-outgoing-5 << "Content-Type: application/json[\r][\n]"
02:44:24.284 [Test worker] DEBUG org.apache.http.wire - http-outgoing-5 << "Server: Docker/1.12.1 (linux)[\r][\n]"
02:44:24.284 [Test worker] DEBUG org.apache.http.wire - http-outgoing-5 << "Date: Tue, 18 Oct 2016 00:44:24 GMT[\r][\n]"
02:44:24.284 [Test worker] DEBUG org.apache.http.wire - http-outgoing-5 << "Content-Length: 1408[\r][\n]"
02:44:24.284 [Test worker] DEBUG org.apache.http.wire - http-outgoing-5 << "[\r][\n]"
02:44:24.284 [Test worker] DEBUG org.apache.http.wire - http-outgoing-5 << "[{"Name":"bridge","Id":"90941628611ab58d4fa4db6bcd1806afb9bf994c4562bea7ae3dc9153b373da5","Scope":"local","Driver":"bridge","EnableIPv6":false,"IPAM":{"Driver":"default","Options":null,"Config":[{"Subnet":"172.17.0.0/16","Gateway":"172.17.0.1"}]},"Internal":false,"Containers":{},"Options":{"com.docker.network.bridge.default_bridge":"true","com.docker.network.bridge.enable_icc":"true","com.docker.network.bridge.enable_ip_masquerade":"true","com.docker.network.bridge.host_binding_ipv4":"0.0.0.0","com.docker.network.bridge.name":"docker0","com.docker.network.driver.mtu":"1500"},"Labels":{}},{"Name":"none","Id":"4d89c194eb79cd2beb38458d10a1b98c74d6b8462af72afde29ae7aca53ed5ca","Scope":"local","Driver":"null","EnableIPv6":false,"IPAM":{"Driver":"default","Options":null,"Config":[]},"Internal":false,"Containers":{},"Options":{},"Labels":{}},{"Name":"host","Id":"fe042b0866671b5be4f097ba43830c0a02959c058702d18e18c14a24d88a357d","Scope":"local","Driver":"host","EnableIPv6":false,"IPAM":{"Driver":"default","Options":null,"Config":[]},"Internal":false,"Containers":{},"Options":{},"Labels":{}},{"Name":"MyNetwork","Id":"f592ec956923fae924ce3b22c6d5c00a839f41e1051d7a119547319432b5df73","Scope":"local","Driver":"bridge","EnableIPv6":false,"IPAM":{"Driver":"default","Options":null,"Config":[{"Subnet":"172.19.0.0/16","Gateway":"172.19.0.1"}]},"Internal":false,"Containers":{},"Options":{},"Labels":{}}][\n]"
02:44:24.284 [Test worker] DEBUG org.apache.http.headers - http-outgoing-5 << HTTP/1.1 200 OK
02:44:24.284 [Test worker] DEBUG org.apache.http.headers - http-outgoing-5 << Content-Type: application/json
02:44:24.284 [Test worker] DEBUG org.apache.http.headers - http-outgoing-5 << Server: Docker/1.12.1 (linux)
02:44:24.285 [Test worker] DEBUG org.apache.http.headers - http-outgoing-5 << Date: Tue, 18 Oct 2016 00:44:24 GMT
02:44:24.285 [Test worker] DEBUG org.apache.http.headers - http-outgoing-5 << Content-Length: 1408
02:44:24.285 [Test worker] DEBUG o.a.h.impl.execchain.MainClientExec - Connection can be kept alive indefinitely
02:44:24.285 [Test worker] DEBUG c.g.d.j.JerseyDockerCmdExecFactory - 2 * Client response received on thread Test worker
2 < 200
2 < Content-Length: 1408
2 < Content-Type: application/json
2 < Date: Tue, 18 Oct 2016 00:44:24 GMT
2 < Server: Docker/1.12.1 (linux)
[{"Name":"bridge","Id":"90941628611ab58d4fa4db6bcd1806afb9bf994c4562bea7ae3dc9153b373da5","Scope":"local","Driver":"bridge","EnableIPv6":false,"IPAM":{"Driver":"default","Options":null,"Config":[{"Subnet":"172.17.0.0/16","Gateway":"172.17.0.1"}]},"Internal":false,"Containers":{},"Options":{"com.docker.network.bridge.default_bridge":"true","com.docker.network.bridge.enable_icc":"true","com.docker.network.bridge.enable_ip_masquerade":"true","com.docker.network.bridge.host_binding_ipv4":"0.0.0.0","com.docker.network.bridge.name":"docker0","com.docker.network.driver.mtu":"1500"},"Labels":{}},{"Name":"none","Id":"4d89c194eb79cd2beb38458d10a1b98c74d6b8462af72afde29ae7aca53ed5ca","Scope":"local","Driver":"null","EnableIPv6":false,"IPAM":{"Driver":"default","Options":null,"Config":[]},"Internal":false,"Containers":{},"Options":{},"Labels":{}},{"Name":"host","Id":"fe042b0866671b5be4f097ba43830c0a02959c058702d18e18c14a24d88a357d","Scope":"local","Driver":"host","EnableIPv6":false,"IPAM":{"Driver":"default","Options":null,"Config":[]},"Internal":false,"Containers":{},"Options":{},"Labels":{}},{"Name":"MyNetwork","Id":"f592ec956923fae924ce3b22c6d5c00a839f41e1051d7a119547319432b5df73","Scope":"local","Driver":"bridge","EnableIPv6":false,"IPAM":{"Driver":"default","Options":null,"Config":[{"Subnet":"172.19.0.0/16","Gateway":"172.19.0.1"}]},"Internal":false,"Containers":{},"Options":{},"Labels":{}}]


02:44:24.290 [Test worker] DEBUG o.a.h.i.c.DefaultManagedHttpClientConnection - http-outgoing-5: Close connection
02:44:24.290 [Test worker] DEBUG o.a.h.impl.execchain.MainClientExec - Connection discarded
02:44:24.290 [Test worker] DEBUG c.g.d.j.JerseyDockerCmdExecFactory$1 - Connection released: [id: 5][route: {}->http://localhost:2375][total kept alive: 0; route allocated: 0 of 2; total allocated: 0 of 20]
02:44:24.290 [Test worker] DEBUG org.openbaton.docker.DockerVim - Found a docker network, transformed into a NFV network Network{id='f592ec956923fae924ce3b22c6d5c00a839f41e1051d7a119547319432b5df73', name='MyNetwork', extId='null', external=false, shared=false, subnets=[Subnet{id='null', version=0, name='bridge', extId='null', networkId='172.19.0.0/16', cidr='null', gatewayIp='172.19.0.1'}]}
Num of networks : 1
02:44:24.292 [Test worker] DEBUG c.g.d.core.command.AbstrDockerCmd - Cmd: f592ec956923fae924ce3b22c6d5c00a839f41e1051d7a119547319432b5df73,com.github.dockerjava.jaxrs.RemoveNetworkCmdExec@3a0aac61
02:44:24.325 [Test worker] DEBUG c.g.d.j.JerseyDockerCmdExecFactory - 1 * Sending client request on thread Test worker
1 > DELETE http://localhost:2375/networks/f592ec956923fae924ce3b22c6d5c00a839f41e1051d7a119547319432b5df73
1 > Accept: application/json

02:44:24.333 [Test worker] DEBUG o.a.h.c.protocol.RequestAddCookies - CookieSpec selected: default
02:44:24.333 [Test worker] DEBUG o.a.h.c.protocol.RequestAuthCache - Auth cache not set in the context
02:44:24.334 [Test worker] DEBUG c.g.d.j.JerseyDockerCmdExecFactory$1 - Connection request: [route: {}->http://localhost:2375][total kept alive: 0; route allocated: 0 of 2; total allocated: 0 of 20]
02:44:24.334 [Test worker] DEBUG c.g.d.j.JerseyDockerCmdExecFactory$1 - Connection leased: [id: 6][route: {}->http://localhost:2375][total kept alive: 0; route allocated: 1 of 2; total allocated: 1 of 20]
02:44:24.334 [Test worker] DEBUG o.a.h.impl.execchain.MainClientExec - Opening connection {}->http://localhost:2375
02:44:24.334 [Test worker] DEBUG o.a.h.i.c.DefaultHttpClientConnectionOperator - Connecting to localhost/127.0.0.1:2375
02:44:24.335 [Test worker] DEBUG o.a.h.i.c.DefaultHttpClientConnectionOperator - Connection established 127.0.0.1:57012<->127.0.0.1:2375
02:44:24.335 [Test worker] DEBUG o.a.h.impl.execchain.MainClientExec - Executing request DELETE /networks/f592ec956923fae924ce3b22c6d5c00a839f41e1051d7a119547319432b5df73 HTTP/1.1
02:44:24.335 [Test worker] DEBUG o.a.h.impl.execchain.MainClientExec - Target auth state: UNCHALLENGED
02:44:24.335 [Test worker] DEBUG o.a.h.impl.execchain.MainClientExec - Proxy auth state: UNCHALLENGED
02:44:24.335 [Test worker] DEBUG org.apache.http.headers - http-outgoing-6 >> DELETE /networks/f592ec956923fae924ce3b22c6d5c00a839f41e1051d7a119547319432b5df73 HTTP/1.1
02:44:24.335 [Test worker] DEBUG org.apache.http.headers - http-outgoing-6 >> Accept: application/json
02:44:24.335 [Test worker] DEBUG org.apache.http.headers - http-outgoing-6 >> User-Agent: Jersey/2.23.1 (Apache HttpClient 4.5.1)
02:44:24.335 [Test worker] DEBUG org.apache.http.headers - http-outgoing-6 >> Host: localhost:2375
02:44:24.335 [Test worker] DEBUG org.apache.http.headers - http-outgoing-6 >> Connection: Keep-Alive
02:44:24.338 [Test worker] DEBUG org.apache.http.headers - http-outgoing-6 >> Accept-Encoding: gzip,deflate
02:44:24.338 [Test worker] DEBUG org.apache.http.wire - http-outgoing-6 >> "DELETE /networks/f592ec956923fae924ce3b22c6d5c00a839f41e1051d7a119547319432b5df73 HTTP/1.1[\r][\n]"
02:44:24.338 [Test worker] DEBUG org.apache.http.wire - http-outgoing-6 >> "Accept: application/json[\r][\n]"
02:44:24.338 [Test worker] DEBUG org.apache.http.wire - http-outgoing-6 >> "User-Agent: Jersey/2.23.1 (Apache HttpClient 4.5.1)[\r][\n]"
02:44:24.338 [Test worker] DEBUG org.apache.http.wire - http-outgoing-6 >> "Host: localhost:2375[\r][\n]"
02:44:24.338 [Test worker] DEBUG org.apache.http.wire - http-outgoing-6 >> "Connection: Keep-Alive[\r][\n]"
02:44:24.338 [Test worker] DEBUG org.apache.http.wire - http-outgoing-6 >> "Accept-Encoding: gzip,deflate[\r][\n]"
02:44:24.338 [Test worker] DEBUG org.apache.http.wire - http-outgoing-6 >> "[\r][\n]"
02:44:24.408 [Test worker] DEBUG org.apache.http.wire - http-outgoing-6 << "HTTP/1.1 204 No Content[\r][\n]"
02:44:24.408 [Test worker] DEBUG org.apache.http.wire - http-outgoing-6 << "Server: Docker/1.12.1 (linux)[\r][\n]"
02:44:24.408 [Test worker] DEBUG org.apache.http.wire - http-outgoing-6 << "Date: Tue, 18 Oct 2016 00:44:24 GMT[\r][\n]"
02:44:24.408 [Test worker] DEBUG org.apache.http.wire - http-outgoing-6 << "[\r][\n]"
02:44:24.408 [Test worker] DEBUG org.apache.http.headers - http-outgoing-6 << HTTP/1.1 204 No Content
02:44:24.408 [Test worker] DEBUG org.apache.http.headers - http-outgoing-6 << Server: Docker/1.12.1 (linux)
02:44:24.408 [Test worker] DEBUG org.apache.http.headers - http-outgoing-6 << Date: Tue, 18 Oct 2016 00:44:24 GMT
02:44:24.408 [Test worker] DEBUG o.a.h.impl.execchain.MainClientExec - Connection can be kept alive indefinitely
02:44:24.408 [Test worker] DEBUG c.g.d.j.JerseyDockerCmdExecFactory$1 - Connection [id: 6][route: {}->http://localhost:2375] can be kept alive indefinitely
02:44:24.408 [Test worker] DEBUG c.g.d.j.JerseyDockerCmdExecFactory$1 - Connection released: [id: 6][route: {}->http://localhost:2375][total kept alive: 1; route allocated: 1 of 2; total allocated: 1 of 20]
02:44:24.408 [Test worker] DEBUG c.g.d.j.JerseyDockerCmdExecFactory - 2 * Client response received on thread Test worker
2 < 204
2 < Date: Tue, 18 Oct 2016 00:44:24 GMT
2 < Server: Docker/1.12.1 (linux)

02:44:24.408 [Test worker] DEBUG org.openbaton.docker.DockerVim - Network deleted successfully
Network{id='f592ec956923fae924ce3b22c6d5c00a839f41e1051d7a119547319432b5df73', name='MyNetwork', extId='null', external=false, shared=false, subnets=[Subnet{id='null', version=0, name='bridge', extId='null', networkId='172.19.0.0/16', cidr='null', gatewayIp='172.19.0.1'}]}
02:44:24.412 [Test worker] DEBUG c.g.d.core.command.AbstrDockerCmd - Cmd: com.github.dockerjava.core.util.FiltersBuilder@0,com.github.dockerjava.jaxrs.ListNetworksCmdExec@2e412d4
02:44:24.468 [Test worker] DEBUG c.g.d.j.JerseyDockerCmdExecFactory - 1 * Sending client request on thread Test worker
1 > GET http://localhost:2375/networks
1 > Accept: application/json

02:44:24.471 [Test worker] DEBUG o.a.h.c.protocol.RequestAddCookies - CookieSpec selected: default
02:44:24.471 [Test worker] DEBUG o.a.h.c.protocol.RequestAuthCache - Auth cache not set in the context
02:44:24.471 [Test worker] DEBUG c.g.d.j.JerseyDockerCmdExecFactory$1 - Connection request: [route: {}->http://localhost:2375][total kept alive: 0; route allocated: 0 of 2; total allocated: 0 of 20]
02:44:24.471 [Test worker] DEBUG c.g.d.j.JerseyDockerCmdExecFactory$1 - Connection leased: [id: 7][route: {}->http://localhost:2375][total kept alive: 0; route allocated: 1 of 2; total allocated: 1 of 20]
02:44:24.471 [Test worker] DEBUG o.a.h.impl.execchain.MainClientExec - Opening connection {}->http://localhost:2375
02:44:24.472 [Test worker] DEBUG o.a.h.i.c.DefaultHttpClientConnectionOperator - Connecting to localhost/127.0.0.1:2375
02:44:24.472 [Test worker] DEBUG o.a.h.i.c.DefaultHttpClientConnectionOperator - Connection established 127.0.0.1:57014<->127.0.0.1:2375
02:44:24.472 [Test worker] DEBUG o.a.h.impl.execchain.MainClientExec - Executing request GET /networks HTTP/1.1
02:44:24.472 [Test worker] DEBUG o.a.h.impl.execchain.MainClientExec - Target auth state: UNCHALLENGED
02:44:24.472 [Test worker] DEBUG o.a.h.impl.execchain.MainClientExec - Proxy auth state: UNCHALLENGED
02:44:24.472 [Test worker] DEBUG org.apache.http.headers - http-outgoing-7 >> GET /networks HTTP/1.1
02:44:24.472 [Test worker] DEBUG org.apache.http.headers - http-outgoing-7 >> Accept: application/json
02:44:24.473 [Test worker] DEBUG org.apache.http.headers - http-outgoing-7 >> User-Agent: Jersey/2.23.1 (Apache HttpClient 4.5.1)
02:44:24.473 [Test worker] DEBUG org.apache.http.headers - http-outgoing-7 >> Host: localhost:2375
02:44:24.473 [Test worker] DEBUG org.apache.http.headers - http-outgoing-7 >> Connection: Keep-Alive
02:44:24.473 [Test worker] DEBUG org.apache.http.headers - http-outgoing-7 >> Accept-Encoding: gzip,deflate
02:44:24.473 [Test worker] DEBUG org.apache.http.wire - http-outgoing-7 >> "GET /networks HTTP/1.1[\r][\n]"
02:44:24.473 [Test worker] DEBUG org.apache.http.wire - http-outgoing-7 >> "Accept: application/json[\r][\n]"
02:44:24.473 [Test worker] DEBUG org.apache.http.wire - http-outgoing-7 >> "User-Agent: Jersey/2.23.1 (Apache HttpClient 4.5.1)[\r][\n]"
02:44:24.473 [Test worker] DEBUG org.apache.http.wire - http-outgoing-7 >> "Host: localhost:2375[\r][\n]"
02:44:24.473 [Test worker] DEBUG org.apache.http.wire - http-outgoing-7 >> "Connection: Keep-Alive[\r][\n]"
02:44:24.473 [Test worker] DEBUG org.apache.http.wire - http-outgoing-7 >> "Accept-Encoding: gzip,deflate[\r][\n]"
02:44:24.473 [Test worker] DEBUG org.apache.http.wire - http-outgoing-7 >> "[\r][\n]"
02:44:24.474 [Test worker] DEBUG org.apache.http.wire - http-outgoing-7 << "HTTP/1.1 200 OK[\r][\n]"
02:44:24.476 [Test worker] DEBUG org.apache.http.wire - http-outgoing-7 << "Content-Type: application/json[\r][\n]"
02:44:24.477 [Test worker] DEBUG org.apache.http.wire - http-outgoing-7 << "Server: Docker/1.12.1 (linux)[\r][\n]"
02:44:24.477 [Test worker] DEBUG org.apache.http.wire - http-outgoing-7 << "Date: Tue, 18 Oct 2016 00:44:24 GMT[\r][\n]"
02:44:24.477 [Test worker] DEBUG org.apache.http.wire - http-outgoing-7 << "Content-Length: 1100[\r][\n]"
02:44:24.477 [Test worker] DEBUG org.apache.http.wire - http-outgoing-7 << "[\r][\n]"
02:44:24.477 [Test worker] DEBUG org.apache.http.wire - http-outgoing-7 << "[{"Name":"bridge","Id":"90941628611ab58d4fa4db6bcd1806afb9bf994c4562bea7ae3dc9153b373da5","Scope":"local","Driver":"bridge","EnableIPv6":false,"IPAM":{"Driver":"default","Options":null,"Config":[{"Subnet":"172.17.0.0/16","Gateway":"172.17.0.1"}]},"Internal":false,"Containers":{},"Options":{"com.docker.network.bridge.default_bridge":"true","com.docker.network.bridge.enable_icc":"true","com.docker.network.bridge.enable_ip_masquerade":"true","com.docker.network.bridge.host_binding_ipv4":"0.0.0.0","com.docker.network.bridge.name":"docker0","com.docker.network.driver.mtu":"1500"},"Labels":{}},{"Name":"none","Id":"4d89c194eb79cd2beb38458d10a1b98c74d6b8462af72afde29ae7aca53ed5ca","Scope":"local","Driver":"null","EnableIPv6":false,"IPAM":{"Driver":"default","Options":null,"Config":[]},"Internal":false,"Containers":{},"Options":{},"Labels":{}},{"Name":"host","Id":"fe042b0866671b5be4f097ba43830c0a02959c058702d18e18c14a24d88a357d","Scope":"local","Driver":"host","EnableIPv6":false,"IPAM":{"Driver":"default","Options":null,"Config":[]},"Internal":false,"Containers":{},"Options":{},"Labels":{}}][\n]"
02:44:24.477 [Test worker] DEBUG org.apache.http.headers - http-outgoing-7 << HTTP/1.1 200 OK
02:44:24.477 [Test worker] DEBUG org.apache.http.headers - http-outgoing-7 << Content-Type: application/json
02:44:24.477 [Test worker] DEBUG org.apache.http.headers - http-outgoing-7 << Server: Docker/1.12.1 (linux)
02:44:24.477 [Test worker] DEBUG org.apache.http.headers - http-outgoing-7 << Date: Tue, 18 Oct 2016 00:44:24 GMT
02:44:24.477 [Test worker] DEBUG org.apache.http.headers - http-outgoing-7 << Content-Length: 1100
02:44:24.478 [Test worker] DEBUG o.a.h.impl.execchain.MainClientExec - Connection can be kept alive indefinitely
02:44:24.478 [Test worker] DEBUG c.g.d.j.JerseyDockerCmdExecFactory - 2 * Client response received on thread Test worker
2 < 200
2 < Content-Length: 1100
2 < Content-Type: application/json
2 < Date: Tue, 18 Oct 2016 00:44:24 GMT
2 < Server: Docker/1.12.1 (linux)
[{"Name":"bridge","Id":"90941628611ab58d4fa4db6bcd1806afb9bf994c4562bea7ae3dc9153b373da5","Scope":"local","Driver":"bridge","EnableIPv6":false,"IPAM":{"Driver":"default","Options":null,"Config":[{"Subnet":"172.17.0.0/16","Gateway":"172.17.0.1"}]},"Internal":false,"Containers":{},"Options":{"com.docker.network.bridge.default_bridge":"true","com.docker.network.bridge.enable_icc":"true","com.docker.network.bridge.enable_ip_masquerade":"true","com.docker.network.bridge.host_binding_ipv4":"0.0.0.0","com.docker.network.bridge.name":"docker0","com.docker.network.driver.mtu":"1500"},"Labels":{}},{"Name":"none","Id":"4d89c194eb79cd2beb38458d10a1b98c74d6b8462af72afde29ae7aca53ed5ca","Scope":"local","Driver":"null","EnableIPv6":false,"IPAM":{"Driver":"default","Options":null,"Config":[]},"Internal":false,"Containers":{},"Options":{},"Labels":{}},{"Name":"host","Id":"fe042b0866671b5be4f097ba43830c0a02959c058702d18e18c14a24d88a357d","Scope":"local","Driver":"host","EnableIPv6":false,"IPAM":{"Driver":"default","Options":null,"Config":[]},"Internal":false,"Containers":{},"Options":{},"Labels":{}}]


02:44:24.487 [Test worker] DEBUG o.a.h.i.c.DefaultManagedHttpClientConnection - http-outgoing-7: Close connection
02:44:24.487 [Test worker] DEBUG o.a.h.impl.execchain.MainClientExec - Connection discarded
02:44:24.487 [Test worker] DEBUG c.g.d.j.JerseyDockerCmdExecFactory$1 - Connection released: [id: 7][route: {}->http://localhost:2375][total kept alive: 0; route allocated: 0 of 2; total allocated: 0 of 20]
Num of networks After : 0
02:44:24.491 [Test worker] DEBUG c.g.d.core.command.AbstrDockerCmd - Cmd: com.github.dockerjava.core.util.FiltersBuilder@0,com.github.dockerjava.jaxrs.ListNetworksCmdExec@185d004
02:44:24.529 [Test worker] DEBUG c.g.d.j.JerseyDockerCmdExecFactory - 1 * Sending client request on thread Test worker
1 > GET http://localhost:2375/networks
1 > Accept: application/json

02:44:24.529 [Test worker] DEBUG o.a.h.c.protocol.RequestAddCookies - CookieSpec selected: default
02:44:24.530 [Test worker] DEBUG o.a.h.c.protocol.RequestAuthCache - Auth cache not set in the context
02:44:24.530 [Test worker] DEBUG c.g.d.j.JerseyDockerCmdExecFactory$1 - Connection request: [route: {}->http://localhost:2375][total kept alive: 0; route allocated: 0 of 2; total allocated: 0 of 20]
02:44:24.530 [Test worker] DEBUG c.g.d.j.JerseyDockerCmdExecFactory$1 - Connection leased: [id: 8][route: {}->http://localhost:2375][total kept alive: 0; route allocated: 1 of 2; total allocated: 1 of 20]
02:44:24.530 [Test worker] DEBUG o.a.h.impl.execchain.MainClientExec - Opening connection {}->http://localhost:2375
02:44:24.530 [Test worker] DEBUG o.a.h.i.c.DefaultHttpClientConnectionOperator - Connecting to localhost/127.0.0.1:2375
02:44:24.530 [Test worker] DEBUG o.a.h.i.c.DefaultHttpClientConnectionOperator - Connection established 127.0.0.1:57016<->127.0.0.1:2375
02:44:24.530 [Test worker] DEBUG o.a.h.impl.execchain.MainClientExec - Executing request GET /networks HTTP/1.1
02:44:24.531 [Test worker] DEBUG o.a.h.impl.execchain.MainClientExec - Target auth state: UNCHALLENGED
02:44:24.531 [Test worker] DEBUG o.a.h.impl.execchain.MainClientExec - Proxy auth state: UNCHALLENGED
02:44:24.531 [Test worker] DEBUG org.apache.http.headers - http-outgoing-8 >> GET /networks HTTP/1.1
02:44:24.531 [Test worker] DEBUG org.apache.http.headers - http-outgoing-8 >> Accept: application/json
02:44:24.531 [Test worker] DEBUG org.apache.http.headers - http-outgoing-8 >> User-Agent: Jersey/2.23.1 (Apache HttpClient 4.5.1)
02:44:24.531 [Test worker] DEBUG org.apache.http.headers - http-outgoing-8 >> Host: localhost:2375
02:44:24.531 [Test worker] DEBUG org.apache.http.headers - http-outgoing-8 >> Connection: Keep-Alive
02:44:24.531 [Test worker] DEBUG org.apache.http.headers - http-outgoing-8 >> Accept-Encoding: gzip,deflate
02:44:24.531 [Test worker] DEBUG org.apache.http.wire - http-outgoing-8 >> "GET /networks HTTP/1.1[\r][\n]"
02:44:24.531 [Test worker] DEBUG org.apache.http.wire - http-outgoing-8 >> "Accept: application/json[\r][\n]"
02:44:24.531 [Test worker] DEBUG org.apache.http.wire - http-outgoing-8 >> "User-Agent: Jersey/2.23.1 (Apache HttpClient 4.5.1)[\r][\n]"
02:44:24.532 [Test worker] DEBUG org.apache.http.wire - http-outgoing-8 >> "Host: localhost:2375[\r][\n]"
02:44:24.532 [Test worker] DEBUG org.apache.http.wire - http-outgoing-8 >> "Connection: Keep-Alive[\r][\n]"
02:44:24.532 [Test worker] DEBUG org.apache.http.wire - http-outgoing-8 >> "Accept-Encoding: gzip,deflate[\r][\n]"
02:44:24.532 [Test worker] DEBUG org.apache.http.wire - http-outgoing-8 >> "[\r][\n]"
02:44:24.532 [Test worker] DEBUG org.apache.http.wire - http-outgoing-8 << "HTTP/1.1 200 OK[\r][\n]"
02:44:24.532 [Test worker] DEBUG org.apache.http.wire - http-outgoing-8 << "Content-Type: application/json[\r][\n]"
02:44:24.532 [Test worker] DEBUG org.apache.http.wire - http-outgoing-8 << "Server: Docker/1.12.1 (linux)[\r][\n]"
02:44:24.533 [Test worker] DEBUG org.apache.http.wire - http-outgoing-8 << "Date: Tue, 18 Oct 2016 00:44:24 GMT[\r][\n]"
02:44:24.533 [Test worker] DEBUG org.apache.http.wire - http-outgoing-8 << "Content-Length: 1100[\r][\n]"
02:44:24.533 [Test worker] DEBUG org.apache.http.wire - http-outgoing-8 << "[\r][\n]"
02:44:24.533 [Test worker] DEBUG org.apache.http.wire - http-outgoing-8 << "[{"Name":"bridge","Id":"90941628611ab58d4fa4db6bcd1806afb9bf994c4562bea7ae3dc9153b373da5","Scope":"local","Driver":"bridge","EnableIPv6":false,"IPAM":{"Driver":"default","Options":null,"Config":[{"Subnet":"172.17.0.0/16","Gateway":"172.17.0.1"}]},"Internal":false,"Containers":{},"Options":{"com.docker.network.bridge.default_bridge":"true","com.docker.network.bridge.enable_icc":"true","com.docker.network.bridge.enable_ip_masquerade":"true","com.docker.network.bridge.host_binding_ipv4":"0.0.0.0","com.docker.network.bridge.name":"docker0","com.docker.network.driver.mtu":"1500"},"Labels":{}},{"Name":"none","Id":"4d89c194eb79cd2beb38458d10a1b98c74d6b8462af72afde29ae7aca53ed5ca","Scope":"local","Driver":"null","EnableIPv6":false,"IPAM":{"Driver":"default","Options":null,"Config":[]},"Internal":false,"Containers":{},"Options":{},"Labels":{}},{"Name":"host","Id":"fe042b0866671b5be4f097ba43830c0a02959c058702d18e18c14a24d88a357d","Scope":"local","Driver":"host","EnableIPv6":false,"IPAM":{"Driver":"default","Options":null,"Config":[]},"Internal":false,"Containers":{},"Options":{},"Labels":{}}][\n]"
02:44:24.533 [Test worker] DEBUG org.apache.http.headers - http-outgoing-8 << HTTP/1.1 200 OK
02:44:24.533 [Test worker] DEBUG org.apache.http.headers - http-outgoing-8 << Content-Type: application/json
02:44:24.533 [Test worker] DEBUG org.apache.http.headers - http-outgoing-8 << Server: Docker/1.12.1 (linux)
02:44:24.533 [Test worker] DEBUG org.apache.http.headers - http-outgoing-8 << Date: Tue, 18 Oct 2016 00:44:24 GMT
02:44:24.533 [Test worker] DEBUG org.apache.http.headers - http-outgoing-8 << Content-Length: 1100
02:44:24.534 [Test worker] DEBUG o.a.h.impl.execchain.MainClientExec - Connection can be kept alive indefinitely
02:44:24.534 [Test worker] DEBUG c.g.d.j.JerseyDockerCmdExecFactory - 2 * Client response received on thread Test worker
2 < 200
2 < Content-Length: 1100
2 < Content-Type: application/json
2 < Date: Tue, 18 Oct 2016 00:44:24 GMT
2 < Server: Docker/1.12.1 (linux)
[{"Name":"bridge","Id":"90941628611ab58d4fa4db6bcd1806afb9bf994c4562bea7ae3dc9153b373da5","Scope":"local","Driver":"bridge","EnableIPv6":false,"IPAM":{"Driver":"default","Options":null,"Config":[{"Subnet":"172.17.0.0/16","Gateway":"172.17.0.1"}]},"Internal":false,"Containers":{},"Options":{"com.docker.network.bridge.default_bridge":"true","com.docker.network.bridge.enable_icc":"true","com.docker.network.bridge.enable_ip_masquerade":"true","com.docker.network.bridge.host_binding_ipv4":"0.0.0.0","com.docker.network.bridge.name":"docker0","com.docker.network.driver.mtu":"1500"},"Labels":{}},{"Name":"none","Id":"4d89c194eb79cd2beb38458d10a1b98c74d6b8462af72afde29ae7aca53ed5ca","Scope":"local","Driver":"null","EnableIPv6":false,"IPAM":{"Driver":"default","Options":null,"Config":[]},"Internal":false,"Containers":{},"Options":{},"Labels":{}},{"Name":"host","Id":"fe042b0866671b5be4f097ba43830c0a02959c058702d18e18c14a24d88a357d","Scope":"local","Driver":"host","EnableIPv6":false,"IPAM":{"Driver":"default","Options":null,"Config":[]},"Internal":false,"Containers":{},"Options":{},"Labels":{}}]


02:44:24.539 [Test worker] DEBUG o.a.h.i.c.DefaultManagedHttpClientConnection - http-outgoing-8: Close connection
02:44:24.539 [Test worker] DEBUG o.a.h.impl.execchain.MainClientExec - Connection discarded
02:44:24.539 [Test worker] DEBUG c.g.d.j.JerseyDockerCmdExecFactory$1 - Connection released: [id: 8][route: {}->http://localhost:2375][total kept alive: 0; route allocated: 0 of 2; total allocated: 0 of 20]
02:44:24.541 [Test worker] DEBUG c.g.d.core.command.AbstrDockerCmd - Cmd: -1,<null>,true,<null>,<null>,com.github.dockerjava.core.util.FiltersBuilder@0,com.github.dockerjava.jaxrs.ListContainersCmdExec@2ff7a57c
02:44:24.571 [Test worker] DEBUG c.g.d.j.JerseyDockerCmdExecFactory - 1 * Sending client request on thread Test worker
1 > GET http://localhost:2375/containers/json?all=true
1 > Accept: application/json

02:44:24.574 [Test worker] DEBUG o.a.h.c.protocol.RequestAddCookies - CookieSpec selected: default
02:44:24.574 [Test worker] DEBUG o.a.h.c.protocol.RequestAuthCache - Auth cache not set in the context
02:44:24.574 [Test worker] DEBUG c.g.d.j.JerseyDockerCmdExecFactory$1 - Connection request: [route: {}->http://localhost:2375][total kept alive: 0; route allocated: 0 of 2; total allocated: 0 of 20]
02:44:24.574 [Test worker] DEBUG c.g.d.j.JerseyDockerCmdExecFactory$1 - Connection leased: [id: 9][route: {}->http://localhost:2375][total kept alive: 0; route allocated: 1 of 2; total allocated: 1 of 20]
02:44:24.575 [Test worker] DEBUG o.a.h.impl.execchain.MainClientExec - Opening connection {}->http://localhost:2375
02:44:24.575 [Test worker] DEBUG o.a.h.i.c.DefaultHttpClientConnectionOperator - Connecting to localhost/127.0.0.1:2375
02:44:24.575 [Test worker] DEBUG o.a.h.i.c.DefaultHttpClientConnectionOperator - Connection established 127.0.0.1:57018<->127.0.0.1:2375
02:44:24.575 [Test worker] DEBUG o.a.h.impl.execchain.MainClientExec - Executing request GET /containers/json?all=true HTTP/1.1
02:44:24.575 [Test worker] DEBUG o.a.h.impl.execchain.MainClientExec - Target auth state: UNCHALLENGED
02:44:24.575 [Test worker] DEBUG o.a.h.impl.execchain.MainClientExec - Proxy auth state: UNCHALLENGED
02:44:24.575 [Test worker] DEBUG org.apache.http.headers - http-outgoing-9 >> GET /containers/json?all=true HTTP/1.1
02:44:24.576 [Test worker] DEBUG org.apache.http.headers - http-outgoing-9 >> Accept: application/json
02:44:24.576 [Test worker] DEBUG org.apache.http.headers - http-outgoing-9 >> User-Agent: Jersey/2.23.1 (Apache HttpClient 4.5.1)
02:44:24.576 [Test worker] DEBUG org.apache.http.headers - http-outgoing-9 >> Host: localhost:2375
02:44:24.576 [Test worker] DEBUG org.apache.http.headers - http-outgoing-9 >> Connection: Keep-Alive
02:44:24.576 [Test worker] DEBUG org.apache.http.headers - http-outgoing-9 >> Accept-Encoding: gzip,deflate
02:44:24.576 [Test worker] DEBUG org.apache.http.wire - http-outgoing-9 >> "GET /containers/json?all=true HTTP/1.1[\r][\n]"
02:44:24.576 [Test worker] DEBUG org.apache.http.wire - http-outgoing-9 >> "Accept: application/json[\r][\n]"
02:44:24.576 [Test worker] DEBUG org.apache.http.wire - http-outgoing-9 >> "User-Agent: Jersey/2.23.1 (Apache HttpClient 4.5.1)[\r][\n]"
02:44:24.576 [Test worker] DEBUG org.apache.http.wire - http-outgoing-9 >> "Host: localhost:2375[\r][\n]"
02:44:24.576 [Test worker] DEBUG org.apache.http.wire - http-outgoing-9 >> "Connection: Keep-Alive[\r][\n]"
02:44:24.576 [Test worker] DEBUG org.apache.http.wire - http-outgoing-9 >> "Accept-Encoding: gzip,deflate[\r][\n]"
02:44:24.578 [Test worker] DEBUG org.apache.http.wire - http-outgoing-9 >> "[\r][\n]"
02:44:24.579 [Test worker] DEBUG org.apache.http.wire - http-outgoing-9 << "HTTP/1.1 200 OK[\r][\n]"
02:44:24.579 [Test worker] DEBUG org.apache.http.wire - http-outgoing-9 << "Content-Type: application/json[\r][\n]"
02:44:24.579 [Test worker] DEBUG org.apache.http.wire - http-outgoing-9 << "Server: Docker/1.12.1 (linux)[\r][\n]"
02:44:24.579 [Test worker] DEBUG org.apache.http.wire - http-outgoing-9 << "Date: Tue, 18 Oct 2016 00:44:24 GMT[\r][\n]"
02:44:24.579 [Test worker] DEBUG org.apache.http.wire - http-outgoing-9 << "Content-Length: 3[\r][\n]"
02:44:24.581 [Test worker] DEBUG org.apache.http.wire - http-outgoing-9 << "[\r][\n]"
02:44:24.581 [Test worker] DEBUG org.apache.http.wire - http-outgoing-9 << "[][\n]"
02:44:24.581 [Test worker] DEBUG org.apache.http.headers - http-outgoing-9 << HTTP/1.1 200 OK
02:44:24.581 [Test worker] DEBUG org.apache.http.headers - http-outgoing-9 << Content-Type: application/json
02:44:24.581 [Test worker] DEBUG org.apache.http.headers - http-outgoing-9 << Server: Docker/1.12.1 (linux)
02:44:24.581 [Test worker] DEBUG org.apache.http.headers - http-outgoing-9 << Date: Tue, 18 Oct 2016 00:44:24 GMT
02:44:24.581 [Test worker] DEBUG org.apache.http.headers - http-outgoing-9 << Content-Length: 3
02:44:24.581 [Test worker] DEBUG o.a.h.impl.execchain.MainClientExec - Connection can be kept alive indefinitely
02:44:24.582 [Test worker] DEBUG c.g.d.j.JerseyDockerCmdExecFactory - 2 * Client response received on thread Test worker
2 < 200
2 < Content-Length: 3
2 < Content-Type: application/json
2 < Date: Tue, 18 Oct 2016 00:44:24 GMT
2 < Server: Docker/1.12.1 (linux)
[]


02:44:24.583 [Test worker] DEBUG c.g.d.j.JerseyDockerCmdExecFactory$1 - Connection [id: 9][route: {}->http://localhost:2375] can be kept alive indefinitely
02:44:24.583 [Test worker] DEBUG c.g.d.j.JerseyDockerCmdExecFactory$1 - Connection released: [id: 9][route: {}->http://localhost:2375][total kept alive: 1; route allocated: 1 of 2; total allocated: 1 of 20]
02:44:24.612 [Test worker] DEBUG c.g.d.core.command.AbstrDockerCmd - Cmd: com.github.dockerjava.core.util.FiltersBuilder@0,com.github.dockerjava.jaxrs.ListNetworksCmdExec@5976f013
02:44:24.650 [Test worker] DEBUG c.g.d.j.JerseyDockerCmdExecFactory - 1 * Sending client request on thread Test worker
1 > GET http://localhost:2375/networks
1 > Accept: application/json

02:44:24.651 [Test worker] DEBUG o.a.h.c.protocol.RequestAddCookies - CookieSpec selected: default
02:44:24.652 [Test worker] DEBUG o.a.h.c.protocol.RequestAuthCache - Auth cache not set in the context
02:44:24.652 [Test worker] DEBUG c.g.d.j.JerseyDockerCmdExecFactory$1 - Connection request: [route: {}->http://localhost:2375][total kept alive: 0; route allocated: 0 of 2; total allocated: 0 of 20]
02:44:24.652 [Test worker] DEBUG c.g.d.j.JerseyDockerCmdExecFactory$1 - Connection leased: [id: 10][route: {}->http://localhost:2375][total kept alive: 0; route allocated: 1 of 2; total allocated: 1 of 20]
02:44:24.652 [Test worker] DEBUG o.a.h.impl.execchain.MainClientExec - Opening connection {}->http://localhost:2375
02:44:24.652 [Test worker] DEBUG o.a.h.i.c.DefaultHttpClientConnectionOperator - Connecting to localhost/127.0.0.1:2375
02:44:24.652 [Test worker] DEBUG o.a.h.i.c.DefaultHttpClientConnectionOperator - Connection established 127.0.0.1:57020<->127.0.0.1:2375
02:44:24.652 [Test worker] DEBUG o.a.h.impl.execchain.MainClientExec - Executing request GET /networks HTTP/1.1
02:44:24.653 [Test worker] DEBUG o.a.h.impl.execchain.MainClientExec - Target auth state: UNCHALLENGED
02:44:24.653 [Test worker] DEBUG o.a.h.impl.execchain.MainClientExec - Proxy auth state: UNCHALLENGED
02:44:24.653 [Test worker] DEBUG org.apache.http.headers - http-outgoing-10 >> GET /networks HTTP/1.1
02:44:24.653 [Test worker] DEBUG org.apache.http.headers - http-outgoing-10 >> Accept: application/json
02:44:24.653 [Test worker] DEBUG org.apache.http.headers - http-outgoing-10 >> User-Agent: Jersey/2.23.1 (Apache HttpClient 4.5.1)
02:44:24.653 [Test worker] DEBUG org.apache.http.headers - http-outgoing-10 >> Host: localhost:2375
02:44:24.653 [Test worker] DEBUG org.apache.http.headers - http-outgoing-10 >> Connection: Keep-Alive
02:44:24.653 [Test worker] DEBUG org.apache.http.headers - http-outgoing-10 >> Accept-Encoding: gzip,deflate
02:44:24.653 [Test worker] DEBUG org.apache.http.wire - http-outgoing-10 >> "GET /networks HTTP/1.1[\r][\n]"
02:44:24.653 [Test worker] DEBUG org.apache.http.wire - http-outgoing-10 >> "Accept: application/json[\r][\n]"
02:44:24.653 [Test worker] DEBUG org.apache.http.wire - http-outgoing-10 >> "User-Agent: Jersey/2.23.1 (Apache HttpClient 4.5.1)[\r][\n]"
02:44:24.654 [Test worker] DEBUG org.apache.http.wire - http-outgoing-10 >> "Host: localhost:2375[\r][\n]"
02:44:24.654 [Test worker] DEBUG org.apache.http.wire - http-outgoing-10 >> "Connection: Keep-Alive[\r][\n]"
02:44:24.654 [Test worker] DEBUG org.apache.http.wire - http-outgoing-10 >> "Accept-Encoding: gzip,deflate[\r][\n]"
02:44:24.654 [Test worker] DEBUG org.apache.http.wire - http-outgoing-10 >> "[\r][\n]"
02:44:24.654 [Test worker] DEBUG org.apache.http.wire - http-outgoing-10 << "HTTP/1.1 200 OK[\r][\n]"
02:44:24.654 [Test worker] DEBUG org.apache.http.wire - http-outgoing-10 << "Content-Type: application/json[\r][\n]"
02:44:24.655 [Test worker] DEBUG org.apache.http.wire - http-outgoing-10 << "Server: Docker/1.12.1 (linux)[\r][\n]"
02:44:24.655 [Test worker] DEBUG org.apache.http.wire - http-outgoing-10 << "Date: Tue, 18 Oct 2016 00:44:24 GMT[\r][\n]"
02:44:24.655 [Test worker] DEBUG org.apache.http.wire - http-outgoing-10 << "Content-Length: 1100[\r][\n]"
02:44:24.655 [Test worker] DEBUG org.apache.http.wire - http-outgoing-10 << "[\r][\n]"
02:44:24.655 [Test worker] DEBUG org.apache.http.wire - http-outgoing-10 << "[{"Name":"bridge","Id":"90941628611ab58d4fa4db6bcd1806afb9bf994c4562bea7ae3dc9153b373da5","Scope":"local","Driver":"bridge","EnableIPv6":false,"IPAM":{"Driver":"default","Options":null,"Config":[{"Subnet":"172.17.0.0/16","Gateway":"172.17.0.1"}]},"Internal":false,"Containers":{},"Options":{"com.docker.network.bridge.default_bridge":"true","com.docker.network.bridge.enable_icc":"true","com.docker.network.bridge.enable_ip_masquerade":"true","com.docker.network.bridge.host_binding_ipv4":"0.0.0.0","com.docker.network.bridge.name":"docker0","com.docker.network.driver.mtu":"1500"},"Labels":{}},{"Name":"none","Id":"4d89c194eb79cd2beb38458d10a1b98c74d6b8462af72afde29ae7aca53ed5ca","Scope":"local","Driver":"null","EnableIPv6":false,"IPAM":{"Driver":"default","Options":null,"Config":[]},"Internal":false,"Containers":{},"Options":{},"Labels":{}},{"Name":"host","Id":"fe042b0866671b5be4f097ba43830c0a02959c058702d18e18c14a24d88a357d","Scope":"local","Driver":"host","EnableIPv6":false,"IPAM":{"Driver":"default","Options":null,"Config":[]},"Internal":false,"Containers":{},"Options":{},"Labels":{}}][\n]"
02:44:24.655 [Test worker] DEBUG org.apache.http.headers - http-outgoing-10 << HTTP/1.1 200 OK
02:44:24.655 [Test worker] DEBUG org.apache.http.headers - http-outgoing-10 << Content-Type: application/json
02:44:24.655 [Test worker] DEBUG org.apache.http.headers - http-outgoing-10 << Server: Docker/1.12.1 (linux)
02:44:24.655 [Test worker] DEBUG org.apache.http.headers - http-outgoing-10 << Date: Tue, 18 Oct 2016 00:44:24 GMT
02:44:24.655 [Test worker] DEBUG org.apache.http.headers - http-outgoing-10 << Content-Length: 1100
02:44:24.655 [Test worker] DEBUG o.a.h.impl.execchain.MainClientExec - Connection can be kept alive indefinitely
02:44:24.656 [Test worker] DEBUG c.g.d.j.JerseyDockerCmdExecFactory - 2 * Client response received on thread Test worker
2 < 200
2 < Content-Length: 1100
2 < Content-Type: application/json
2 < Date: Tue, 18 Oct 2016 00:44:24 GMT
2 < Server: Docker/1.12.1 (linux)
[{"Name":"bridge","Id":"90941628611ab58d4fa4db6bcd1806afb9bf994c4562bea7ae3dc9153b373da5","Scope":"local","Driver":"bridge","EnableIPv6":false,"IPAM":{"Driver":"default","Options":null,"Config":[{"Subnet":"172.17.0.0/16","Gateway":"172.17.0.1"}]},"Internal":false,"Containers":{},"Options":{"com.docker.network.bridge.default_bridge":"true","com.docker.network.bridge.enable_icc":"true","com.docker.network.bridge.enable_ip_masquerade":"true","com.docker.network.bridge.host_binding_ipv4":"0.0.0.0","com.docker.network.bridge.name":"docker0","com.docker.network.driver.mtu":"1500"},"Labels":{}},{"Name":"none","Id":"4d89c194eb79cd2beb38458d10a1b98c74d6b8462af72afde29ae7aca53ed5ca","Scope":"local","Driver":"null","EnableIPv6":false,"IPAM":{"Driver":"default","Options":null,"Config":[]},"Internal":false,"Containers":{},"Options":{},"Labels":{}},{"Name":"host","Id":"fe042b0866671b5be4f097ba43830c0a02959c058702d18e18c14a24d88a357d","Scope":"local","Driver":"host","EnableIPv6":false,"IPAM":{"Driver":"default","Options":null,"Config":[]},"Internal":false,"Containers":{},"Options":{},"Labels":{}}]


02:44:24.661 [Test worker] DEBUG o.a.h.i.c.DefaultManagedHttpClientConnection - http-outgoing-10: Close connection
02:44:24.662 [Test worker] DEBUG o.a.h.impl.execchain.MainClientExec - Connection discarded
02:44:24.662 [Test worker] DEBUG c.g.d.j.JerseyDockerCmdExecFactory$1 - Connection released: [id: 10][route: {}->http://localhost:2375][total kept alive: 0; route allocated: 0 of 2; total allocated: 0 of 20]
02:44:24.662 [Test worker] DEBUG c.g.d.core.command.AbstrDockerCmd - Cmd: com.github.dockerjava.core.util.FiltersBuilder@0,com.github.dockerjava.jaxrs.ListVolumesCmdExec@4f03738b
02:44:24.662 [Test worker] DEBUG c.g.d.j.JerseyDockerCmdExecFactory - 3 * Sending client request on thread Test worker
3 > GET http://localhost:2375/volumes
3 > Accept: application/json

02:44:24.663 [Test worker] DEBUG o.a.h.c.protocol.RequestAddCookies - CookieSpec selected: default
02:44:24.663 [Test worker] DEBUG o.a.h.c.protocol.RequestAuthCache - Auth cache not set in the context
02:44:24.663 [Test worker] DEBUG c.g.d.j.JerseyDockerCmdExecFactory$1 - Connection request: [route: {}->http://localhost:2375][total kept alive: 0; route allocated: 0 of 2; total allocated: 0 of 20]
02:44:24.663 [Test worker] DEBUG c.g.d.j.JerseyDockerCmdExecFactory$1 - Connection leased: [id: 11][route: {}->http://localhost:2375][total kept alive: 0; route allocated: 1 of 2; total allocated: 1 of 20]
02:44:24.663 [Test worker] DEBUG o.a.h.impl.execchain.MainClientExec - Opening connection {}->http://localhost:2375
02:44:24.663 [Test worker] DEBUG o.a.h.i.c.DefaultHttpClientConnectionOperator - Connecting to localhost/127.0.0.1:2375
02:44:24.664 [Test worker] DEBUG o.a.h.i.c.DefaultHttpClientConnectionOperator - Connection established 127.0.0.1:57022<->127.0.0.1:2375
02:44:24.664 [Test worker] DEBUG o.a.h.impl.execchain.MainClientExec - Executing request GET /volumes HTTP/1.1
02:44:24.664 [Test worker] DEBUG o.a.h.impl.execchain.MainClientExec - Target auth state: UNCHALLENGED
02:44:24.664 [Test worker] DEBUG o.a.h.impl.execchain.MainClientExec - Proxy auth state: UNCHALLENGED
02:44:24.664 [Test worker] DEBUG org.apache.http.headers - http-outgoing-11 >> GET /volumes HTTP/1.1
02:44:24.664 [Test worker] DEBUG org.apache.http.headers - http-outgoing-11 >> Accept: application/json
02:44:24.664 [Test worker] DEBUG org.apache.http.headers - http-outgoing-11 >> User-Agent: Jersey/2.23.1 (Apache HttpClient 4.5.1)
02:44:24.664 [Test worker] DEBUG org.apache.http.headers - http-outgoing-11 >> Host: localhost:2375
02:44:24.664 [Test worker] DEBUG org.apache.http.headers - http-outgoing-11 >> Connection: Keep-Alive
02:44:24.664 [Test worker] DEBUG org.apache.http.headers - http-outgoing-11 >> Accept-Encoding: gzip,deflate
02:44:24.669 [Test worker] DEBUG org.apache.http.wire - http-outgoing-11 >> "GET /volumes HTTP/1.1[\r][\n]"
02:44:24.669 [Test worker] DEBUG org.apache.http.wire - http-outgoing-11 >> "Accept: application/json[\r][\n]"
02:44:24.669 [Test worker] DEBUG org.apache.http.wire - http-outgoing-11 >> "User-Agent: Jersey/2.23.1 (Apache HttpClient 4.5.1)[\r][\n]"
02:44:24.669 [Test worker] DEBUG org.apache.http.wire - http-outgoing-11 >> "Host: localhost:2375[\r][\n]"
02:44:24.669 [Test worker] DEBUG org.apache.http.wire - http-outgoing-11 >> "Connection: Keep-Alive[\r][\n]"
02:44:24.669 [Test worker] DEBUG org.apache.http.wire - http-outgoing-11 >> "Accept-Encoding: gzip,deflate[\r][\n]"
02:44:24.669 [Test worker] DEBUG org.apache.http.wire - http-outgoing-11 >> "[\r][\n]"
02:44:24.670 [Test worker] DEBUG org.apache.http.wire - http-outgoing-11 << "HTTP/1.1 200 OK[\r][\n]"
02:44:24.670 [Test worker] DEBUG org.apache.http.wire - http-outgoing-11 << "Content-Type: application/json[\r][\n]"
02:44:24.670 [Test worker] DEBUG org.apache.http.wire - http-outgoing-11 << "Server: Docker/1.12.1 (linux)[\r][\n]"
02:44:24.670 [Test worker] DEBUG org.apache.http.wire - http-outgoing-11 << "Date: Tue, 18 Oct 2016 00:44:24 GMT[\r][\n]"
02:44:24.670 [Test worker] DEBUG org.apache.http.wire - http-outgoing-11 << "Content-Length: 33[\r][\n]"
02:44:24.670 [Test worker] DEBUG org.apache.http.wire - http-outgoing-11 << "[\r][\n]"
02:44:24.670 [Test worker] DEBUG org.apache.http.wire - http-outgoing-11 << "{"Volumes":null,"Warnings":null}[\n]"
02:44:24.670 [Test worker] DEBUG org.apache.http.headers - http-outgoing-11 << HTTP/1.1 200 OK
02:44:24.671 [Test worker] DEBUG org.apache.http.headers - http-outgoing-11 << Content-Type: application/json
02:44:24.671 [Test worker] DEBUG org.apache.http.headers - http-outgoing-11 << Server: Docker/1.12.1 (linux)
02:44:24.671 [Test worker] DEBUG org.apache.http.headers - http-outgoing-11 << Date: Tue, 18 Oct 2016 00:44:24 GMT
02:44:24.671 [Test worker] DEBUG org.apache.http.headers - http-outgoing-11 << Content-Length: 33
02:44:24.671 [Test worker] DEBUG o.a.h.impl.execchain.MainClientExec - Connection can be kept alive indefinitely
02:44:24.671 [Test worker] DEBUG c.g.d.j.JerseyDockerCmdExecFactory - 4 * Client response received on thread Test worker
4 < 200
4 < Content-Length: 33
4 < Content-Type: application/json
4 < Date: Tue, 18 Oct 2016 00:44:24 GMT
4 < Server: Docker/1.12.1 (linux)
{"Volumes":null,"Warnings":null}


02:44:24.672 [Test worker] DEBUG o.a.h.i.c.DefaultManagedHttpClientConnection - http-outgoing-11: Close connection
02:44:24.674 [Test worker] DEBUG o.a.h.impl.execchain.MainClientExec - Connection discarded
02:44:24.674 [Test worker] DEBUG c.g.d.j.JerseyDockerCmdExecFactory$1 - Connection released: [id: 11][route: {}->http://localhost:2375][total kept alive: 0; route allocated: 0 of 2; total allocated: 0 of 20]
02:44:24.676 [Test worker] DEBUG org.openbaton.docker.DockerVim - Loading properties
02:44:24.676 [Test worker] DEBUG org.openbaton.docker.DockerVim - Loaded properties: {type=docker}
02:44:24.682 [Test worker] DEBUG c.g.d.core.command.AbstrDockerCmd - Cmd: -1,<null>,true,<null>,<null>,com.github.dockerjava.core.util.FiltersBuilder@0,com.github.dockerjava.jaxrs.ListContainersCmdExec@265a1699
02:44:24.707 [Test worker] DEBUG c.g.d.j.JerseyDockerCmdExecFactory - 1 * Sending client request on thread Test worker
1 > GET http://localhost:2375/containers/json?all=true
1 > Accept: application/json

02:44:24.708 [Test worker] DEBUG o.a.h.c.protocol.RequestAddCookies - CookieSpec selected: default
02:44:24.708 [Test worker] DEBUG o.a.h.c.protocol.RequestAuthCache - Auth cache not set in the context
02:44:24.708 [Test worker] DEBUG c.g.d.j.JerseyDockerCmdExecFactory$1 - Connection request: [route: {}->http://localhost:2375][total kept alive: 0; route allocated: 0 of 2; total allocated: 0 of 20]
02:44:24.708 [Test worker] DEBUG c.g.d.j.JerseyDockerCmdExecFactory$1 - Connection leased: [id: 12][route: {}->http://localhost:2375][total kept alive: 0; route allocated: 1 of 2; total allocated: 1 of 20]
02:44:24.708 [Test worker] DEBUG o.a.h.impl.execchain.MainClientExec - Opening connection {}->http://localhost:2375
02:44:24.708 [Test worker] DEBUG o.a.h.i.c.DefaultHttpClientConnectionOperator - Connecting to localhost/127.0.0.1:2375
02:44:24.709 [Test worker] DEBUG o.a.h.i.c.DefaultHttpClientConnectionOperator - Connection established 127.0.0.1:57024<->127.0.0.1:2375
02:44:24.709 [Test worker] DEBUG o.a.h.impl.execchain.MainClientExec - Executing request GET /containers/json?all=true HTTP/1.1
02:44:24.709 [Test worker] DEBUG o.a.h.impl.execchain.MainClientExec - Target auth state: UNCHALLENGED
02:44:24.709 [Test worker] DEBUG o.a.h.impl.execchain.MainClientExec - Proxy auth state: UNCHALLENGED
02:44:24.709 [Test worker] DEBUG org.apache.http.headers - http-outgoing-12 >> GET /containers/json?all=true HTTP/1.1
02:44:24.709 [Test worker] DEBUG org.apache.http.headers - http-outgoing-12 >> Accept: application/json
02:44:24.709 [Test worker] DEBUG org.apache.http.headers - http-outgoing-12 >> User-Agent: Jersey/2.23.1 (Apache HttpClient 4.5.1)
02:44:24.709 [Test worker] DEBUG org.apache.http.headers - http-outgoing-12 >> Host: localhost:2375
02:44:24.709 [Test worker] DEBUG org.apache.http.headers - http-outgoing-12 >> Connection: Keep-Alive
02:44:24.710 [Test worker] DEBUG org.apache.http.headers - http-outgoing-12 >> Accept-Encoding: gzip,deflate
02:44:24.710 [Test worker] DEBUG org.apache.http.wire - http-outgoing-12 >> "GET /containers/json?all=true HTTP/1.1[\r][\n]"
02:44:24.710 [Test worker] DEBUG org.apache.http.wire - http-outgoing-12 >> "Accept: application/json[\r][\n]"
02:44:24.710 [Test worker] DEBUG org.apache.http.wire - http-outgoing-12 >> "User-Agent: Jersey/2.23.1 (Apache HttpClient 4.5.1)[\r][\n]"
02:44:24.710 [Test worker] DEBUG org.apache.http.wire - http-outgoing-12 >> "Host: localhost:2375[\r][\n]"
02:44:24.710 [Test worker] DEBUG org.apache.http.wire - http-outgoing-12 >> "Connection: Keep-Alive[\r][\n]"
02:44:24.710 [Test worker] DEBUG org.apache.http.wire - http-outgoing-12 >> "Accept-Encoding: gzip,deflate[\r][\n]"
02:44:24.710 [Test worker] DEBUG org.apache.http.wire - http-outgoing-12 >> "[\r][\n]"
02:44:24.710 [Test worker] DEBUG org.apache.http.wire - http-outgoing-12 << "HTTP/1.1 200 OK[\r][\n]"
02:44:24.710 [Test worker] DEBUG org.apache.http.wire - http-outgoing-12 << "Content-Type: application/json[\r][\n]"
02:44:24.711 [Test worker] DEBUG org.apache.http.wire - http-outgoing-12 << "Server: Docker/1.12.1 (linux)[\r][\n]"
02:44:24.711 [Test worker] DEBUG org.apache.http.wire - http-outgoing-12 << "Date: Tue, 18 Oct 2016 00:44:24 GMT[\r][\n]"
02:44:24.711 [Test worker] DEBUG org.apache.http.wire - http-outgoing-12 << "Content-Length: 3[\r][\n]"
02:44:24.711 [Test worker] DEBUG org.apache.http.wire - http-outgoing-12 << "[\r][\n]"
02:44:24.711 [Test worker] DEBUG org.apache.http.wire - http-outgoing-12 << "[][\n]"
02:44:24.711 [Test worker] DEBUG org.apache.http.headers - http-outgoing-12 << HTTP/1.1 200 OK
02:44:24.711 [Test worker] DEBUG org.apache.http.headers - http-outgoing-12 << Content-Type: application/json
02:44:24.711 [Test worker] DEBUG org.apache.http.headers - http-outgoing-12 << Server: Docker/1.12.1 (linux)
02:44:24.711 [Test worker] DEBUG org.apache.http.headers - http-outgoing-12 << Date: Tue, 18 Oct 2016 00:44:24 GMT
02:44:24.711 [Test worker] DEBUG org.apache.http.headers - http-outgoing-12 << Content-Length: 3
02:44:24.711 [Test worker] DEBUG o.a.h.impl.execchain.MainClientExec - Connection can be kept alive indefinitely
02:44:24.712 [Test worker] DEBUG c.g.d.j.JerseyDockerCmdExecFactory - 2 * Client response received on thread Test worker
2 < 200
2 < Content-Length: 3
2 < Content-Type: application/json
2 < Date: Tue, 18 Oct 2016 00:44:24 GMT
2 < Server: Docker/1.12.1 (linux)
[]


02:44:24.713 [Test worker] DEBUG c.g.d.j.JerseyDockerCmdExecFactory$1 - Connection [id: 12][route: {}->http://localhost:2375] can be kept alive indefinitely
02:44:24.713 [Test worker] DEBUG c.g.d.j.JerseyDockerCmdExecFactory$1 - Connection released: [id: 12][route: {}->http://localhost:2375][total kept alive: 1; route allocated: 1 of 2; total allocated: 1 of 20]
02:44:24.722 [Test worker] DEBUG c.g.d.core.command.AbstrDockerCmd - Cmd: com.github.dockerjava.core.util.FiltersBuilder@0,com.github.dockerjava.jaxrs.ListNetworksCmdExec@79b59bdf
02:44:24.746 [Test worker] DEBUG c.g.d.j.JerseyDockerCmdExecFactory - 1 * Sending client request on thread Test worker
1 > GET http://localhost:2375/networks
1 > Accept: application/json

02:44:24.746 [Test worker] DEBUG o.a.h.c.protocol.RequestAddCookies - CookieSpec selected: default
02:44:24.746 [Test worker] DEBUG o.a.h.c.protocol.RequestAuthCache - Auth cache not set in the context
02:44:24.746 [Test worker] DEBUG c.g.d.j.JerseyDockerCmdExecFactory$1 - Connection request: [route: {}->http://localhost:2375][total kept alive: 0; route allocated: 0 of 2; total allocated: 0 of 20]
02:44:24.746 [Test worker] DEBUG c.g.d.j.JerseyDockerCmdExecFactory$1 - Connection leased: [id: 13][route: {}->http://localhost:2375][total kept alive: 0; route allocated: 1 of 2; total allocated: 1 of 20]
02:44:24.747 [Test worker] DEBUG o.a.h.impl.execchain.MainClientExec - Opening connection {}->http://localhost:2375
02:44:24.747 [Test worker] DEBUG o.a.h.i.c.DefaultHttpClientConnectionOperator - Connecting to localhost/127.0.0.1:2375
02:44:24.747 [Test worker] DEBUG o.a.h.i.c.DefaultHttpClientConnectionOperator - Connection established 127.0.0.1:57026<->127.0.0.1:2375
02:44:24.747 [Test worker] DEBUG o.a.h.impl.execchain.MainClientExec - Executing request GET /networks HTTP/1.1
02:44:24.747 [Test worker] DEBUG o.a.h.impl.execchain.MainClientExec - Target auth state: UNCHALLENGED
02:44:24.747 [Test worker] DEBUG o.a.h.impl.execchain.MainClientExec - Proxy auth state: UNCHALLENGED
02:44:24.747 [Test worker] DEBUG org.apache.http.headers - http-outgoing-13 >> GET /networks HTTP/1.1
02:44:24.748 [Test worker] DEBUG org.apache.http.headers - http-outgoing-13 >> Accept: application/json
02:44:24.748 [Test worker] DEBUG org.apache.http.headers - http-outgoing-13 >> User-Agent: Jersey/2.23.1 (Apache HttpClient 4.5.1)
02:44:24.748 [Test worker] DEBUG org.apache.http.headers - http-outgoing-13 >> Host: localhost:2375
02:44:24.748 [Test worker] DEBUG org.apache.http.headers - http-outgoing-13 >> Connection: Keep-Alive
02:44:24.748 [Test worker] DEBUG org.apache.http.headers - http-outgoing-13 >> Accept-Encoding: gzip,deflate
02:44:24.748 [Test worker] DEBUG org.apache.http.wire - http-outgoing-13 >> "GET /networks HTTP/1.1[\r][\n]"
02:44:24.748 [Test worker] DEBUG org.apache.http.wire - http-outgoing-13 >> "Accept: application/json[\r][\n]"
02:44:24.748 [Test worker] DEBUG org.apache.http.wire - http-outgoing-13 >> "User-Agent: Jersey/2.23.1 (Apache HttpClient 4.5.1)[\r][\n]"
02:44:24.748 [Test worker] DEBUG org.apache.http.wire - http-outgoing-13 >> "Host: localhost:2375[\r][\n]"
02:44:24.748 [Test worker] DEBUG org.apache.http.wire - http-outgoing-13 >> "Connection: Keep-Alive[\r][\n]"
02:44:24.748 [Test worker] DEBUG org.apache.http.wire - http-outgoing-13 >> "Accept-Encoding: gzip,deflate[\r][\n]"
02:44:24.748 [Test worker] DEBUG org.apache.http.wire - http-outgoing-13 >> "[\r][\n]"
02:44:24.749 [Test worker] DEBUG org.apache.http.wire - http-outgoing-13 << "HTTP/1.1 200 OK[\r][\n]"
02:44:24.749 [Test worker] DEBUG org.apache.http.wire - http-outgoing-13 << "Content-Type: application/json[\r][\n]"
02:44:24.749 [Test worker] DEBUG org.apache.http.wire - http-outgoing-13 << "Server: Docker/1.12.1 (linux)[\r][\n]"
02:44:24.749 [Test worker] DEBUG org.apache.http.wire - http-outgoing-13 << "Date: Tue, 18 Oct 2016 00:44:24 GMT[\r][\n]"
02:44:24.749 [Test worker] DEBUG org.apache.http.wire - http-outgoing-13 << "Content-Length: 1100[\r][\n]"
02:44:24.749 [Test worker] DEBUG org.apache.http.wire - http-outgoing-13 << "[\r][\n]"
02:44:24.749 [Test worker] DEBUG org.apache.http.wire - http-outgoing-13 << "[{"Name":"host","Id":"fe042b0866671b5be4f097ba43830c0a02959c058702d18e18c14a24d88a357d","Scope":"local","Driver":"host","EnableIPv6":false,"IPAM":{"Driver":"default","Options":null,"Config":[]},"Internal":false,"Containers":{},"Options":{},"Labels":{}},{"Name":"bridge","Id":"90941628611ab58d4fa4db6bcd1806afb9bf994c4562bea7ae3dc9153b373da5","Scope":"local","Driver":"bridge","EnableIPv6":false,"IPAM":{"Driver":"default","Options":null,"Config":[{"Subnet":"172.17.0.0/16","Gateway":"172.17.0.1"}]},"Internal":false,"Containers":{},"Options":{"com.docker.network.bridge.default_bridge":"true","com.docker.network.bridge.enable_icc":"true","com.docker.network.bridge.enable_ip_masquerade":"true","com.docker.network.bridge.host_binding_ipv4":"0.0.0.0","com.docker.network.bridge.name":"docker0","com.docker.network.driver.mtu":"1500"},"Labels":{}},{"Name":"none","Id":"4d89c194eb79cd2beb38458d10a1b98c74d6b8462af72afde29ae7aca53ed5ca","Scope":"local","Driver":"null","EnableIPv6":false,"IPAM":{"Driver":"default","Options":null,"Config":[]},"Internal":false,"Containers":{},"Options":{},"Labels":{}}][\n]"
02:44:24.749 [Test worker] DEBUG org.apache.http.headers - http-outgoing-13 << HTTP/1.1 200 OK
02:44:24.750 [Test worker] DEBUG org.apache.http.headers - http-outgoing-13 << Content-Type: application/json
02:44:24.750 [Test worker] DEBUG org.apache.http.headers - http-outgoing-13 << Server: Docker/1.12.1 (linux)
02:44:24.750 [Test worker] DEBUG org.apache.http.headers - http-outgoing-13 << Date: Tue, 18 Oct 2016 00:44:24 GMT
02:44:24.750 [Test worker] DEBUG org.apache.http.headers - http-outgoing-13 << Content-Length: 1100
02:44:24.750 [Test worker] DEBUG o.a.h.impl.execchain.MainClientExec - Connection can be kept alive indefinitely
02:44:24.750 [Test worker] DEBUG c.g.d.j.JerseyDockerCmdExecFactory - 2 * Client response received on thread Test worker
2 < 200
2 < Content-Length: 1100
2 < Content-Type: application/json
2 < Date: Tue, 18 Oct 2016 00:44:24 GMT
2 < Server: Docker/1.12.1 (linux)
[{"Name":"host","Id":"fe042b0866671b5be4f097ba43830c0a02959c058702d18e18c14a24d88a357d","Scope":"local","Driver":"host","EnableIPv6":false,"IPAM":{"Driver":"default","Options":null,"Config":[]},"Internal":false,"Containers":{},"Options":{},"Labels":{}},{"Name":"bridge","Id":"90941628611ab58d4fa4db6bcd1806afb9bf994c4562bea7ae3dc9153b373da5","Scope":"local","Driver":"bridge","EnableIPv6":false,"IPAM":{"Driver":"default","Options":null,"Config":[{"Subnet":"172.17.0.0/16","Gateway":"172.17.0.1"}]},"Internal":false,"Containers":{},"Options":{"com.docker.network.bridge.default_bridge":"true","com.docker.network.bridge.enable_icc":"true","com.docker.network.bridge.enable_ip_masquerade":"true","com.docker.network.bridge.host_binding_ipv4":"0.0.0.0","com.docker.network.bridge.name":"docker0","com.docker.network.driver.mtu":"1500"},"Labels":{}},{"Name":"none","Id":"4d89c194eb79cd2beb38458d10a1b98c74d6b8462af72afde29ae7aca53ed5ca","Scope":"local","Driver":"null","EnableIPv6":false,"IPAM":{"Driver":"default","Options":null,"Config":[]},"Internal":false,"Containers":{},"Options":{},"Labels":{}}]


02:44:24.754 [Test worker] DEBUG o.a.h.i.c.DefaultManagedHttpClientConnection - http-outgoing-13: Close connection
02:44:24.755 [Test worker] DEBUG o.a.h.impl.execchain.MainClientExec - Connection discarded
02:44:24.755 [Test worker] DEBUG c.g.d.j.JerseyDockerCmdExecFactory$1 - Connection released: [id: 13][route: {}->http://localhost:2375][total kept alive: 0; route allocated: 0 of 2; total allocated: 0 of 20]
02:44:24.755 [Test worker] DEBUG c.g.d.core.command.AbstrDockerCmd - Cmd: com.github.dockerjava.core.util.FiltersBuilder@0,com.github.dockerjava.jaxrs.ListVolumesCmdExec@1fa2cf59
02:44:24.788 [Test worker] DEBUG c.g.d.j.JerseyDockerCmdExecFactory - 1 * Sending client request on thread Test worker
1 > GET http://localhost:2375/volumes
1 > Accept: application/json

02:44:24.789 [Test worker] DEBUG o.a.h.c.protocol.RequestAddCookies - CookieSpec selected: default
02:44:24.789 [Test worker] DEBUG o.a.h.c.protocol.RequestAuthCache - Auth cache not set in the context
02:44:24.789 [Test worker] DEBUG c.g.d.j.JerseyDockerCmdExecFactory$1 - Connection request: [route: {}->http://localhost:2375][total kept alive: 0; route allocated: 0 of 2; total allocated: 0 of 20]
02:44:24.789 [Test worker] DEBUG c.g.d.j.JerseyDockerCmdExecFactory$1 - Connection leased: [id: 14][route: {}->http://localhost:2375][total kept alive: 0; route allocated: 1 of 2; total allocated: 1 of 20]
02:44:24.789 [Test worker] DEBUG o.a.h.impl.execchain.MainClientExec - Opening connection {}->http://localhost:2375
02:44:24.790 [Test worker] DEBUG o.a.h.i.c.DefaultHttpClientConnectionOperator - Connecting to localhost/127.0.0.1:2375
02:44:24.790 [Test worker] DEBUG o.a.h.i.c.DefaultHttpClientConnectionOperator - Connection established 127.0.0.1:57028<->127.0.0.1:2375
02:44:24.790 [Test worker] DEBUG o.a.h.impl.execchain.MainClientExec - Executing request GET /volumes HTTP/1.1
02:44:24.790 [Test worker] DEBUG o.a.h.impl.execchain.MainClientExec - Target auth state: UNCHALLENGED
02:44:24.790 [Test worker] DEBUG o.a.h.impl.execchain.MainClientExec - Proxy auth state: UNCHALLENGED
02:44:24.790 [Test worker] DEBUG org.apache.http.headers - http-outgoing-14 >> GET /volumes HTTP/1.1
02:44:24.790 [Test worker] DEBUG org.apache.http.headers - http-outgoing-14 >> Accept: application/json
02:44:24.790 [Test worker] DEBUG org.apache.http.headers - http-outgoing-14 >> User-Agent: Jersey/2.23.1 (Apache HttpClient 4.5.1)
02:44:24.790 [Test worker] DEBUG org.apache.http.headers - http-outgoing-14 >> Host: localhost:2375
02:44:24.791 [Test worker] DEBUG org.apache.http.headers - http-outgoing-14 >> Connection: Keep-Alive
02:44:24.791 [Test worker] DEBUG org.apache.http.headers - http-outgoing-14 >> Accept-Encoding: gzip,deflate
02:44:24.791 [Test worker] DEBUG org.apache.http.wire - http-outgoing-14 >> "GET /volumes HTTP/1.1[\r][\n]"
02:44:24.791 [Test worker] DEBUG org.apache.http.wire - http-outgoing-14 >> "Accept: application/json[\r][\n]"
02:44:24.791 [Test worker] DEBUG org.apache.http.wire - http-outgoing-14 >> "User-Agent: Jersey/2.23.1 (Apache HttpClient 4.5.1)[\r][\n]"
02:44:24.791 [Test worker] DEBUG org.apache.http.wire - http-outgoing-14 >> "Host: localhost:2375[\r][\n]"
02:44:24.791 [Test worker] DEBUG org.apache.http.wire - http-outgoing-14 >> "Connection: Keep-Alive[\r][\n]"
02:44:24.791 [Test worker] DEBUG org.apache.http.wire - http-outgoing-14 >> "Accept-Encoding: gzip,deflate[\r][\n]"
02:44:24.791 [Test worker] DEBUG org.apache.http.wire - http-outgoing-14 >> "[\r][\n]"
02:44:24.792 [Test worker] DEBUG org.apache.http.wire - http-outgoing-14 << "HTTP/1.1 200 OK[\r][\n]"
02:44:24.792 [Test worker] DEBUG org.apache.http.wire - http-outgoing-14 << "Content-Type: application/json[\r][\n]"
02:44:24.792 [Test worker] DEBUG org.apache.http.wire - http-outgoing-14 << "Server: Docker/1.12.1 (linux)[\r][\n]"
02:44:24.792 [Test worker] DEBUG org.apache.http.wire - http-outgoing-14 << "Date: Tue, 18 Oct 2016 00:44:24 GMT[\r][\n]"
02:44:24.792 [Test worker] DEBUG org.apache.http.wire - http-outgoing-14 << "Content-Length: 33[\r][\n]"
02:44:24.792 [Test worker] DEBUG org.apache.http.wire - http-outgoing-14 << "[\r][\n]"
02:44:24.792 [Test worker] DEBUG org.apache.http.wire - http-outgoing-14 << "{"Volumes":null,"Warnings":null}[\n]"
02:44:24.792 [Test worker] DEBUG org.apache.http.headers - http-outgoing-14 << HTTP/1.1 200 OK
02:44:24.792 [Test worker] DEBUG org.apache.http.headers - http-outgoing-14 << Content-Type: application/json
02:44:24.792 [Test worker] DEBUG org.apache.http.headers - http-outgoing-14 << Server: Docker/1.12.1 (linux)
02:44:24.793 [Test worker] DEBUG org.apache.http.headers - http-outgoing-14 << Date: Tue, 18 Oct 2016 00:44:24 GMT
02:44:24.793 [Test worker] DEBUG org.apache.http.headers - http-outgoing-14 << Content-Length: 33
02:44:24.793 [Test worker] DEBUG o.a.h.impl.execchain.MainClientExec - Connection can be kept alive indefinitely
02:44:24.793 [Test worker] DEBUG c.g.d.j.JerseyDockerCmdExecFactory - 2 * Client response received on thread Test worker
2 < 200
2 < Content-Length: 33
2 < Content-Type: application/json
2 < Date: Tue, 18 Oct 2016 00:44:24 GMT
2 < Server: Docker/1.12.1 (linux)
{"Volumes":null,"Warnings":null}


02:44:24.795 [Test worker] DEBUG o.a.h.i.c.DefaultManagedHttpClientConnection - http-outgoing-14: Close connection
02:44:24.795 [Test worker] DEBUG o.a.h.impl.execchain.MainClientExec - Connection discarded
02:44:24.795 [Test worker] DEBUG c.g.d.j.JerseyDockerCmdExecFactory$1 - Connection released: [id: 14][route: {}->http://localhost:2375][total kept alive: 0; route allocated: 0 of 2; total allocated: 0 of 20]
List of volumes: null
02:44:24.797 [Test worker] DEBUG c.g.d.core.command.AbstrDockerCmd - Cmd: MyNetwork,<null>,com.github.dockerjava.api.model.Network$Ipam@6e215270[driver=<null>,config=[com.github.dockerjava.api.model.Network$Ipam$Config@4dab6f8c],options=<null>],{},true,<null>,<null>,com.github.dockerjava.jaxrs.CreateNetworkCmdExec@3228782a
02:44:24.816 [Test worker] DEBUG o.a.h.c.protocol.RequestAddCookies - CookieSpec selected: default
02:44:24.816 [Test worker] DEBUG o.a.h.c.protocol.RequestAuthCache - Auth cache not set in the context
02:44:24.816 [Test worker] DEBUG c.g.d.j.JerseyDockerCmdExecFactory$1 - Connection request: [route: {}->http://localhost:2375][total kept alive: 0; route allocated: 0 of 2; total allocated: 0 of 20]
02:44:24.816 [Test worker] DEBUG c.g.d.j.JerseyDockerCmdExecFactory$1 - Connection leased: [id: 15][route: {}->http://localhost:2375][total kept alive: 0; route allocated: 1 of 2; total allocated: 1 of 20]
02:44:24.817 [Test worker] DEBUG o.a.h.impl.execchain.MainClientExec - Opening connection {}->http://localhost:2375
02:44:24.817 [Test worker] DEBUG o.a.h.i.c.DefaultHttpClientConnectionOperator - Connecting to localhost/127.0.0.1:2375
02:44:24.817 [Test worker] DEBUG o.a.h.i.c.DefaultHttpClientConnectionOperator - Connection established 127.0.0.1:57030<->127.0.0.1:2375
02:44:24.817 [Test worker] DEBUG o.a.h.impl.execchain.MainClientExec - Executing request POST /networks/create HTTP/1.1
02:44:24.817 [Test worker] DEBUG o.a.h.impl.execchain.MainClientExec - Target auth state: UNCHALLENGED
02:44:24.817 [Test worker] DEBUG o.a.h.impl.execchain.MainClientExec - Proxy auth state: UNCHALLENGED
02:44:24.817 [Test worker] DEBUG org.apache.http.headers - http-outgoing-15 >> POST /networks/create HTTP/1.1
02:44:24.817 [Test worker] DEBUG org.apache.http.headers - http-outgoing-15 >> Accept: application/json
02:44:24.818 [Test worker] DEBUG org.apache.http.headers - http-outgoing-15 >> Content-Type: application/json
02:44:24.818 [Test worker] DEBUG org.apache.http.headers - http-outgoing-15 >> User-Agent: Jersey/2.23.1 (Apache HttpClient 4.5.1)
02:44:24.818 [Test worker] DEBUG org.apache.http.headers - http-outgoing-15 >> Transfer-Encoding: chunked
02:44:24.818 [Test worker] DEBUG org.apache.http.headers - http-outgoing-15 >> Host: localhost:2375
02:44:24.818 [Test worker] DEBUG org.apache.http.headers - http-outgoing-15 >> Connection: Keep-Alive
02:44:24.818 [Test worker] DEBUG org.apache.http.headers - http-outgoing-15 >> Accept-Encoding: gzip,deflate
02:44:24.822 [Test worker] DEBUG c.g.d.j.JerseyDockerCmdExecFactory - 1 * Sending client request on thread Test worker
1 > POST http://localhost:2375/networks/create
1 > Accept: application/json
1 > Content-Type: application/json
{"enableIPv6":null,"Name":"MyNetwork","Driver":null,"IPAM":{"Driver":null,"Config":[{"Subnet":"172.19.0.0/16","IPRange":null,"Gateway":"172.19.0.1"}],"Options":null},"Options":{},"CheckDuplicate":true,"Internal":null,"EnableIPv6":null}

02:44:24.822 [Test worker] DEBUG org.apache.http.wire - http-outgoing-15 >> "POST /networks/create HTTP/1.1[\r][\n]"
02:44:24.822 [Test worker] DEBUG org.apache.http.wire - http-outgoing-15 >> "Accept: application/json[\r][\n]"
02:44:24.822 [Test worker] DEBUG org.apache.http.wire - http-outgoing-15 >> "Content-Type: application/json[\r][\n]"
02:44:24.823 [Test worker] DEBUG org.apache.http.wire - http-outgoing-15 >> "User-Agent: Jersey/2.23.1 (Apache HttpClient 4.5.1)[\r][\n]"
02:44:24.823 [Test worker] DEBUG org.apache.http.wire - http-outgoing-15 >> "Transfer-Encoding: chunked[\r][\n]"
02:44:24.826 [Test worker] DEBUG org.apache.http.wire - http-outgoing-15 >> "Host: localhost:2375[\r][\n]"
02:44:24.830 [Test worker] DEBUG org.apache.http.wire - http-outgoing-15 >> "Connection: Keep-Alive[\r][\n]"
02:44:24.830 [Test worker] DEBUG org.apache.http.wire - http-outgoing-15 >> "Accept-Encoding: gzip,deflate[\r][\n]"
02:44:24.830 [Test worker] DEBUG org.apache.http.wire - http-outgoing-15 >> "[\r][\n]"
02:44:24.830 [Test worker] DEBUG org.apache.http.wire - http-outgoing-15 >> "eb[\r][\n]"
02:44:24.830 [Test worker] DEBUG org.apache.http.wire - http-outgoing-15 >> "{"enableIPv6":null,"Name":"MyNetwork","Driver":null,"IPAM":{"Driver":null,"Config":[{"Subnet":"172.19.0.0/16","IPRange":null,"Gateway":"172.19.0.1"}],"Options":null},"Options":{},"CheckDuplicate":true,"Internal":null,"EnableIPv6":null}[\r][\n]"
02:44:24.830 [Test worker] DEBUG org.apache.http.wire - http-outgoing-15 >> "0[\r][\n]"
02:44:24.830 [Test worker] DEBUG org.apache.http.wire - http-outgoing-15 >> "[\r][\n]"
02:44:24.898 [Test worker] DEBUG org.apache.http.wire - http-outgoing-15 << "HTTP/1.1 201 Created[\r][\n]"
02:44:24.898 [Test worker] DEBUG org.apache.http.wire - http-outgoing-15 << "Content-Type: application/json[\r][\n]"
02:44:24.898 [Test worker] DEBUG org.apache.http.wire - http-outgoing-15 << "Server: Docker/1.12.1 (linux)[\r][\n]"
02:44:24.898 [Test worker] DEBUG org.apache.http.wire - http-outgoing-15 << "Date: Tue, 18 Oct 2016 00:44:24 GMT[\r][\n]"
02:44:24.898 [Test worker] DEBUG org.apache.http.wire - http-outgoing-15 << "Content-Length: 87[\r][\n]"
02:44:24.898 [Test worker] DEBUG org.apache.http.wire - http-outgoing-15 << "[\r][\n]"
02:44:24.898 [Test worker] DEBUG org.apache.http.wire - http-outgoing-15 << "{"Id":"bb6e7b0209fb443f9fcbd7c1f83597c67bf8715546e39506254605292fdbf4ef","Warning":""}[\n]"
02:44:24.898 [Test worker] DEBUG org.apache.http.headers - http-outgoing-15 << HTTP/1.1 201 Created
02:44:24.898 [Test worker] DEBUG org.apache.http.headers - http-outgoing-15 << Content-Type: application/json
02:44:24.898 [Test worker] DEBUG org.apache.http.headers - http-outgoing-15 << Server: Docker/1.12.1 (linux)
02:44:24.898 [Test worker] DEBUG org.apache.http.headers - http-outgoing-15 << Date: Tue, 18 Oct 2016 00:44:24 GMT
02:44:24.899 [Test worker] DEBUG org.apache.http.headers - http-outgoing-15 << Content-Length: 87
02:44:24.899 [Test worker] DEBUG o.a.h.impl.execchain.MainClientExec - Connection can be kept alive indefinitely
02:44:24.899 [Test worker] DEBUG c.g.d.j.JerseyDockerCmdExecFactory - 2 * Client response received on thread Test worker
2 < 201
2 < Content-Length: 87
2 < Content-Type: application/json
2 < Date: Tue, 18 Oct 2016 00:44:24 GMT
2 < Server: Docker/1.12.1 (linux)
{"Id":"bb6e7b0209fb443f9fcbd7c1f83597c67bf8715546e39506254605292fdbf4ef","Warning":""}


02:44:24.900 [Test worker] DEBUG o.a.h.i.c.DefaultManagedHttpClientConnection - http-outgoing-15: Close connection
02:44:24.900 [Test worker] DEBUG o.a.h.impl.execchain.MainClientExec - Connection discarded
02:44:24.900 [Test worker] DEBUG c.g.d.j.JerseyDockerCmdExecFactory$1 - Connection released: [id: 15][route: {}->http://localhost:2375][total kept alive: 0; route allocated: 0 of 2; total allocated: 0 of 20]
02:44:24.900 [Test worker] DEBUG c.g.d.core.command.AbstrDockerCmd - Cmd: bb6e7b0209fb443f9fcbd7c1f83597c67bf8715546e39506254605292fdbf4ef,com.github.dockerjava.jaxrs.InspectNetworkCmdExec@b5b633
02:44:24.900 [Test worker] DEBUG c.g.d.jaxrs.ListNetworksCmdExec - GET: JerseyWebTarget { http://localhost:2375/networks/bb6e7b0209fb443f9fcbd7c1f83597c67bf8715546e39506254605292fdbf4ef }
02:44:24.900 [Test worker] DEBUG c.g.d.j.JerseyDockerCmdExecFactory - 3 * Sending client request on thread Test worker
3 > GET http://localhost:2375/networks/bb6e7b0209fb443f9fcbd7c1f83597c67bf8715546e39506254605292fdbf4ef
3 > Accept: application/json

02:44:24.900 [Test worker] DEBUG o.a.h.c.protocol.RequestAddCookies - CookieSpec selected: default
02:44:24.900 [Test worker] DEBUG o.a.h.c.protocol.RequestAuthCache - Auth cache not set in the context
02:44:24.900 [Test worker] DEBUG c.g.d.j.JerseyDockerCmdExecFactory$1 - Connection request: [route: {}->http://localhost:2375][total kept alive: 0; route allocated: 0 of 2; total allocated: 0 of 20]
02:44:24.901 [Test worker] DEBUG c.g.d.j.JerseyDockerCmdExecFactory$1 - Connection leased: [id: 16][route: {}->http://localhost:2375][total kept alive: 0; route allocated: 1 of 2; total allocated: 1 of 20]
02:44:24.901 [Test worker] DEBUG o.a.h.impl.execchain.MainClientExec - Opening connection {}->http://localhost:2375
02:44:24.901 [Test worker] DEBUG o.a.h.i.c.DefaultHttpClientConnectionOperator - Connecting to localhost/127.0.0.1:2375
02:44:24.902 [Test worker] DEBUG o.a.h.i.c.DefaultHttpClientConnectionOperator - Connection established 127.0.0.1:57032<->127.0.0.1:2375
02:44:24.902 [Test worker] DEBUG o.a.h.impl.execchain.MainClientExec - Executing request GET /networks/bb6e7b0209fb443f9fcbd7c1f83597c67bf8715546e39506254605292fdbf4ef HTTP/1.1
02:44:24.902 [Test worker] DEBUG o.a.h.impl.execchain.MainClientExec - Target auth state: UNCHALLENGED
02:44:24.904 [Test worker] DEBUG o.a.h.impl.execchain.MainClientExec - Proxy auth state: UNCHALLENGED
02:44:24.904 [Test worker] DEBUG org.apache.http.headers - http-outgoing-16 >> GET /networks/bb6e7b0209fb443f9fcbd7c1f83597c67bf8715546e39506254605292fdbf4ef HTTP/1.1
02:44:24.904 [Test worker] DEBUG org.apache.http.headers - http-outgoing-16 >> Accept: application/json
02:44:24.904 [Test worker] DEBUG org.apache.http.headers - http-outgoing-16 >> User-Agent: Jersey/2.23.1 (Apache HttpClient 4.5.1)
02:44:24.904 [Test worker] DEBUG org.apache.http.headers - http-outgoing-16 >> Host: localhost:2375
02:44:24.904 [Test worker] DEBUG org.apache.http.headers - http-outgoing-16 >> Connection: Keep-Alive
02:44:24.904 [Test worker] DEBUG org.apache.http.headers - http-outgoing-16 >> Accept-Encoding: gzip,deflate
02:44:24.905 [Test worker] DEBUG org.apache.http.wire - http-outgoing-16 >> "GET /networks/bb6e7b0209fb443f9fcbd7c1f83597c67bf8715546e39506254605292fdbf4ef HTTP/1.1[\r][\n]"
02:44:24.905 [Test worker] DEBUG org.apache.http.wire - http-outgoing-16 >> "Accept: application/json[\r][\n]"
02:44:24.905 [Test worker] DEBUG org.apache.http.wire - http-outgoing-16 >> "User-Agent: Jersey/2.23.1 (Apache HttpClient 4.5.1)[\r][\n]"
02:44:24.907 [Test worker] DEBUG org.apache.http.wire - http-outgoing-16 >> "Host: localhost:2375[\r][\n]"
02:44:24.907 [Test worker] DEBUG org.apache.http.wire - http-outgoing-16 >> "Connection: Keep-Alive[\r][\n]"
02:44:24.908 [Test worker] DEBUG org.apache.http.wire - http-outgoing-16 >> "Accept-Encoding: gzip,deflate[\r][\n]"
02:44:24.908 [Test worker] DEBUG org.apache.http.wire - http-outgoing-16 >> "[\r][\n]"
02:44:24.909 [Test worker] DEBUG org.apache.http.wire - http-outgoing-16 << "HTTP/1.1 200 OK[\r][\n]"
02:44:24.910 [Test worker] DEBUG org.apache.http.wire - http-outgoing-16 << "Content-Type: application/json[\r][\n]"
02:44:24.910 [Test worker] DEBUG org.apache.http.wire - http-outgoing-16 << "Server: Docker/1.12.1 (linux)[\r][\n]"
02:44:24.910 [Test worker] DEBUG org.apache.http.wire - http-outgoing-16 << "Date: Tue, 18 Oct 2016 00:44:24 GMT[\r][\n]"
02:44:24.910 [Test worker] DEBUG org.apache.http.wire - http-outgoing-16 << "Content-Length: 308[\r][\n]"
02:44:24.910 [Test worker] DEBUG org.apache.http.wire - http-outgoing-16 << "[\r][\n]"
02:44:24.910 [Test worker] DEBUG org.apache.http.wire - http-outgoing-16 << "{"Name":"MyNetwork","Id":"bb6e7b0209fb443f9fcbd7c1f83597c67bf8715546e39506254605292fdbf4ef","Scope":"local","Driver":"bridge","EnableIPv6":false,"IPAM":{"Driver":"default","Options":null,"Config":[{"Subnet":"172.19.0.0/16","Gateway":"172.19.0.1"}]},"Internal":false,"Containers":{},"Options":{},"Labels":{}}[\n]"
02:44:24.910 [Test worker] DEBUG org.apache.http.headers - http-outgoing-16 << HTTP/1.1 200 OK
02:44:24.911 [Test worker] DEBUG org.apache.http.headers - http-outgoing-16 << Content-Type: application/json
02:44:24.911 [Test worker] DEBUG org.apache.http.headers - http-outgoing-16 << Server: Docker/1.12.1 (linux)
02:44:24.911 [Test worker] DEBUG org.apache.http.headers - http-outgoing-16 << Date: Tue, 18 Oct 2016 00:44:24 GMT
02:44:24.919 [Test worker] DEBUG org.apache.http.headers - http-outgoing-16 << Content-Length: 308
02:44:24.919 [Test worker] DEBUG o.a.h.impl.execchain.MainClientExec - Connection can be kept alive indefinitely
02:44:24.920 [Test worker] DEBUG c.g.d.j.JerseyDockerCmdExecFactory - 4 * Client response received on thread Test worker
4 < 200
4 < Content-Length: 308
4 < Content-Type: application/json
4 < Date: Tue, 18 Oct 2016 00:44:24 GMT
4 < Server: Docker/1.12.1 (linux)
{"Name":"MyNetwork","Id":"bb6e7b0209fb443f9fcbd7c1f83597c67bf8715546e39506254605292fdbf4ef","Scope":"local","Driver":"bridge","EnableIPv6":false,"IPAM":{"Driver":"default","Options":null,"Config":[{"Subnet":"172.19.0.0/16","Gateway":"172.19.0.1"}]},"Internal":false,"Containers":{},"Options":{},"Labels":{}}


02:44:24.931 [Test worker] DEBUG o.a.h.i.c.DefaultManagedHttpClientConnection - http-outgoing-16: Close connection
02:44:24.937 [Test worker] DEBUG o.a.h.impl.execchain.MainClientExec - Connection discarded
02:44:24.937 [Test worker] DEBUG c.g.d.j.JerseyDockerCmdExecFactory$1 - Connection released: [id: 16][route: {}->http://localhost:2375][total kept alive: 0; route allocated: 0 of 2; total allocated: 0 of 20]
02:44:24.938 [Test worker] DEBUG org.openbaton.docker.DockerVim - Network successfully created
Network{id='bb6e7b0209fb443f9fcbd7c1f83597c67bf8715546e39506254605292fdbf4ef', name='MyNetwork', extId='null', external=false, shared=false, subnets=[Subnet{id='null', version=0, name='bridge', extId='null', networkId='172.19.0.0/16', cidr='null', gatewayIp='172.19.0.1'}]}
02:44:24.941 [Test worker] DEBUG c.g.d.core.command.AbstrDockerCmd - Cmd: com.github.dockerjava.core.util.FiltersBuilder@0,com.github.dockerjava.jaxrs.ListNetworksCmdExec@24778f6e
02:44:24.994 [Test worker] DEBUG c.g.d.j.JerseyDockerCmdExecFactory - 1 * Sending client request on thread Test worker
1 > GET http://localhost:2375/networks
1 > Accept: application/json

02:44:24.999 [Test worker] DEBUG o.a.h.c.protocol.RequestAddCookies - CookieSpec selected: default
02:44:24.999 [Test worker] DEBUG o.a.h.c.protocol.RequestAuthCache - Auth cache not set in the context
02:44:24.999 [Test worker] DEBUG c.g.d.j.JerseyDockerCmdExecFactory$1 - Connection request: [route: {}->http://localhost:2375][total kept alive: 0; route allocated: 0 of 2; total allocated: 0 of 20]
02:44:24.999 [Test worker] DEBUG c.g.d.j.JerseyDockerCmdExecFactory$1 - Connection leased: [id: 17][route: {}->http://localhost:2375][total kept alive: 0; route allocated: 1 of 2; total allocated: 1 of 20]
02:44:24.999 [Test worker] DEBUG o.a.h.impl.execchain.MainClientExec - Opening connection {}->http://localhost:2375
02:44:24.999 [Test worker] DEBUG o.a.h.i.c.DefaultHttpClientConnectionOperator - Connecting to localhost/127.0.0.1:2375
02:44:25.000 [Test worker] DEBUG o.a.h.i.c.DefaultHttpClientConnectionOperator - Connection established 127.0.0.1:57034<->127.0.0.1:2375
02:44:25.000 [Test worker] DEBUG o.a.h.impl.execchain.MainClientExec - Executing request GET /networks HTTP/1.1
02:44:25.000 [Test worker] DEBUG o.a.h.impl.execchain.MainClientExec - Target auth state: UNCHALLENGED
02:44:25.000 [Test worker] DEBUG o.a.h.impl.execchain.MainClientExec - Proxy auth state: UNCHALLENGED
02:44:25.000 [Test worker] DEBUG org.apache.http.headers - http-outgoing-17 >> GET /networks HTTP/1.1
02:44:25.000 [Test worker] DEBUG org.apache.http.headers - http-outgoing-17 >> Accept: application/json
02:44:25.000 [Test worker] DEBUG org.apache.http.headers - http-outgoing-17 >> User-Agent: Jersey/2.23.1 (Apache HttpClient 4.5.1)
02:44:25.000 [Test worker] DEBUG org.apache.http.headers - http-outgoing-17 >> Host: localhost:2375
02:44:25.000 [Test worker] DEBUG org.apache.http.headers - http-outgoing-17 >> Connection: Keep-Alive
02:44:25.000 [Test worker] DEBUG org.apache.http.headers - http-outgoing-17 >> Accept-Encoding: gzip,deflate
02:44:25.001 [Test worker] DEBUG org.apache.http.wire - http-outgoing-17 >> "GET /networks HTTP/1.1[\r][\n]"
02:44:25.001 [Test worker] DEBUG org.apache.http.wire - http-outgoing-17 >> "Accept: application/json[\r][\n]"
02:44:25.001 [Test worker] DEBUG org.apache.http.wire - http-outgoing-17 >> "User-Agent: Jersey/2.23.1 (Apache HttpClient 4.5.1)[\r][\n]"
02:44:25.001 [Test worker] DEBUG org.apache.http.wire - http-outgoing-17 >> "Host: localhost:2375[\r][\n]"
02:44:25.001 [Test worker] DEBUG org.apache.http.wire - http-outgoing-17 >> "Connection: Keep-Alive[\r][\n]"
02:44:25.001 [Test worker] DEBUG org.apache.http.wire - http-outgoing-17 >> "Accept-Encoding: gzip,deflate[\r][\n]"
02:44:25.001 [Test worker] DEBUG org.apache.http.wire - http-outgoing-17 >> "[\r][\n]"
02:44:25.001 [Test worker] DEBUG org.apache.http.wire - http-outgoing-17 << "HTTP/1.1 200 OK[\r][\n]"
02:44:25.002 [Test worker] DEBUG org.apache.http.wire - http-outgoing-17 << "Content-Type: application/json[\r][\n]"
02:44:25.002 [Test worker] DEBUG org.apache.http.wire - http-outgoing-17 << "Server: Docker/1.12.1 (linux)[\r][\n]"
02:44:25.002 [Test worker] DEBUG org.apache.http.wire - http-outgoing-17 << "Date: Tue, 18 Oct 2016 00:44:25 GMT[\r][\n]"
02:44:25.002 [Test worker] DEBUG org.apache.http.wire - http-outgoing-17 << "Content-Length: 1408[\r][\n]"
02:44:25.002 [Test worker] DEBUG org.apache.http.wire - http-outgoing-17 << "[\r][\n]"
02:44:25.002 [Test worker] DEBUG org.apache.http.wire - http-outgoing-17 << "[{"Name":"none","Id":"4d89c194eb79cd2beb38458d10a1b98c74d6b8462af72afde29ae7aca53ed5ca","Scope":"local","Driver":"null","EnableIPv6":false,"IPAM":{"Driver":"default","Options":null,"Config":[]},"Internal":false,"Containers":{},"Options":{},"Labels":{}},{"Name":"host","Id":"fe042b0866671b5be4f097ba43830c0a02959c058702d18e18c14a24d88a357d","Scope":"local","Driver":"host","EnableIPv6":false,"IPAM":{"Driver":"default","Options":null,"Config":[]},"Internal":false,"Containers":{},"Options":{},"Labels":{}},{"Name":"MyNetwork","Id":"bb6e7b0209fb443f9fcbd7c1f83597c67bf8715546e39506254605292fdbf4ef","Scope":"local","Driver":"bridge","EnableIPv6":false,"IPAM":{"Driver":"default","Options":null,"Config":[{"Subnet":"172.19.0.0/16","Gateway":"172.19.0.1"}]},"Internal":false,"Containers":{},"Options":{},"Labels":{}},{"Name":"bridge","Id":"90941628611ab58d4fa4db6bcd1806afb9bf994c4562bea7ae3dc9153b373da5","Scope":"local","Driver":"bridge","EnableIPv6":false,"IPAM":{"Driver":"default","Options":null,"Config":[{"Subnet":"172.17.0.0/16","Gateway":"172.17.0.1"}]},"Internal":false,"Containers":{},"Options":{"com.docker.network.bridge.default_bridge":"true","com.docker.network.bridge.enable_icc":"true","com.docker.network.bridge.enable_ip_masquerade":"true","com.docker.network.bridge.host_binding_ipv4":"0.0.0.0","com.docker.network.bridge.name":"docker0","com.docker.network.driver.mtu":"1500"},"Labels":{}}][\n]"
02:44:25.002 [Test worker] DEBUG org.apache.http.headers - http-outgoing-17 << HTTP/1.1 200 OK
02:44:25.002 [Test worker] DEBUG org.apache.http.headers - http-outgoing-17 << Content-Type: application/json
02:44:25.002 [Test worker] DEBUG org.apache.http.headers - http-outgoing-17 << Server: Docker/1.12.1 (linux)
02:44:25.002 [Test worker] DEBUG org.apache.http.headers - http-outgoing-17 << Date: Tue, 18 Oct 2016 00:44:25 GMT
02:44:25.002 [Test worker] DEBUG org.apache.http.headers - http-outgoing-17 << Content-Length: 1408
02:44:25.003 [Test worker] DEBUG o.a.h.impl.execchain.MainClientExec - Connection can be kept alive indefinitely
02:44:25.003 [Test worker] DEBUG c.g.d.j.JerseyDockerCmdExecFactory - 2 * Client response received on thread Test worker
2 < 200
2 < Content-Length: 1408
2 < Content-Type: application/json
2 < Date: Tue, 18 Oct 2016 00:44:25 GMT
2 < Server: Docker/1.12.1 (linux)
[{"Name":"none","Id":"4d89c194eb79cd2beb38458d10a1b98c74d6b8462af72afde29ae7aca53ed5ca","Scope":"local","Driver":"null","EnableIPv6":false,"IPAM":{"Driver":"default","Options":null,"Config":[]},"Internal":false,"Containers":{},"Options":{},"Labels":{}},{"Name":"host","Id":"fe042b0866671b5be4f097ba43830c0a02959c058702d18e18c14a24d88a357d","Scope":"local","Driver":"host","EnableIPv6":false,"IPAM":{"Driver":"default","Options":null,"Config":[]},"Internal":false,"Containers":{},"Options":{},"Labels":{}},{"Name":"MyNetwork","Id":"bb6e7b0209fb443f9fcbd7c1f83597c67bf8715546e39506254605292fdbf4ef","Scope":"local","Driver":"bridge","EnableIPv6":false,"IPAM":{"Driver":"default","Options":null,"Config":[{"Subnet":"172.19.0.0/16","Gateway":"172.19.0.1"}]},"Internal":false,"Containers":{},"Options":{},"Labels":{}},{"Name":"bridge","Id":"90941628611ab58d4fa4db6bcd1806afb9bf994c4562bea7ae3dc9153b373da5","Scope":"local","Driver":"bridge","EnableIPv6":false,"IPAM":{"Driver":"default","Options":null,"Config":[{"Subnet":"172.17.0.0/16","Gateway":"172.17.0.1"}]},"Internal":false,"Containers":{},"Options":{"com.docker.network.bridge.default_bridge":"true","com.docker.network.bridge.enable_icc":"true","com.docker.network.bridge.enable_ip_masquerade":"true","com.docker.network.bridge.host_binding_ipv4":"0.0.0.0","com.docker.network.bridge.name":"docker0","com.docker.network.driver.mtu":"1500"},"Labels":{}}]


02:44:25.014 [Test worker] DEBUG o.a.h.i.c.DefaultManagedHttpClientConnection - http-outgoing-17: Close connection
02:44:25.018 [Test worker] DEBUG o.a.h.impl.execchain.MainClientExec - Connection discarded
02:44:25.018 [Test worker] DEBUG c.g.d.j.JerseyDockerCmdExecFactory$1 - Connection released: [id: 17][route: {}->http://localhost:2375][total kept alive: 0; route allocated: 0 of 2; total allocated: 0 of 20]
02:44:25.018 [Test worker] DEBUG org.openbaton.docker.DockerVim - Found a docker network, transformed into a NFV network Network{id='bb6e7b0209fb443f9fcbd7c1f83597c67bf8715546e39506254605292fdbf4ef', name='MyNetwork', extId='null', external=false, shared=false, subnets=[Subnet{id='null', version=0, name='bridge', extId='null', networkId='172.19.0.0/16', cidr='null', gatewayIp='172.19.0.1'}]}
02:44:25.020 [Test worker] DEBUG c.g.d.core.command.AbstrDockerCmd - Cmd: -1,<null>,true,<null>,<null>,com.github.dockerjava.core.util.FiltersBuilder@0,com.github.dockerjava.jaxrs.ListContainersCmdExec@175d5a73
02:44:25.051 [Test worker] DEBUG c.g.d.j.JerseyDockerCmdExecFactory - 1 * Sending client request on thread Test worker
1 > GET http://localhost:2375/containers/json?all=true
1 > Accept: application/json

02:44:25.051 [Test worker] DEBUG o.a.h.c.protocol.RequestAddCookies - CookieSpec selected: default
02:44:25.051 [Test worker] DEBUG o.a.h.c.protocol.RequestAuthCache - Auth cache not set in the context
02:44:25.051 [Test worker] DEBUG c.g.d.j.JerseyDockerCmdExecFactory$1 - Connection request: [route: {}->http://localhost:2375][total kept alive: 0; route allocated: 0 of 2; total allocated: 0 of 20]
02:44:25.052 [Test worker] DEBUG c.g.d.j.JerseyDockerCmdExecFactory$1 - Connection leased: [id: 18][route: {}->http://localhost:2375][total kept alive: 0; route allocated: 1 of 2; total allocated: 1 of 20]
02:44:25.052 [Test worker] DEBUG o.a.h.impl.execchain.MainClientExec - Opening connection {}->http://localhost:2375
02:44:25.052 [Test worker] DEBUG o.a.h.i.c.DefaultHttpClientConnectionOperator - Connecting to localhost/127.0.0.1:2375
02:44:25.052 [Test worker] DEBUG o.a.h.i.c.DefaultHttpClientConnectionOperator - Connection established 127.0.0.1:57036<->127.0.0.1:2375
02:44:25.052 [Test worker] DEBUG o.a.h.impl.execchain.MainClientExec - Executing request GET /containers/json?all=true HTTP/1.1
02:44:25.052 [Test worker] DEBUG o.a.h.impl.execchain.MainClientExec - Target auth state: UNCHALLENGED
02:44:25.052 [Test worker] DEBUG o.a.h.impl.execchain.MainClientExec - Proxy auth state: UNCHALLENGED
02:44:25.053 [Test worker] DEBUG org.apache.http.headers - http-outgoing-18 >> GET /containers/json?all=true HTTP/1.1
02:44:25.053 [Test worker] DEBUG org.apache.http.headers - http-outgoing-18 >> Accept: application/json
02:44:25.053 [Test worker] DEBUG org.apache.http.headers - http-outgoing-18 >> User-Agent: Jersey/2.23.1 (Apache HttpClient 4.5.1)
02:44:25.053 [Test worker] DEBUG org.apache.http.headers - http-outgoing-18 >> Host: localhost:2375
02:44:25.053 [Test worker] DEBUG org.apache.http.headers - http-outgoing-18 >> Connection: Keep-Alive
02:44:25.053 [Test worker] DEBUG org.apache.http.headers - http-outgoing-18 >> Accept-Encoding: gzip,deflate
02:44:25.053 [Test worker] DEBUG org.apache.http.wire - http-outgoing-18 >> "GET /containers/json?all=true HTTP/1.1[\r][\n]"
02:44:25.053 [Test worker] DEBUG org.apache.http.wire - http-outgoing-18 >> "Accept: application/json[\r][\n]"
02:44:25.053 [Test worker] DEBUG org.apache.http.wire - http-outgoing-18 >> "User-Agent: Jersey/2.23.1 (Apache HttpClient 4.5.1)[\r][\n]"
02:44:25.053 [Test worker] DEBUG org.apache.http.wire - http-outgoing-18 >> "Host: localhost:2375[\r][\n]"
02:44:25.053 [Test worker] DEBUG org.apache.http.wire - http-outgoing-18 >> "Connection: Keep-Alive[\r][\n]"
02:44:25.053 [Test worker] DEBUG org.apache.http.wire - http-outgoing-18 >> "Accept-Encoding: gzip,deflate[\r][\n]"
02:44:25.054 [Test worker] DEBUG org.apache.http.wire - http-outgoing-18 >> "[\r][\n]"
02:44:25.054 [Test worker] DEBUG org.apache.http.wire - http-outgoing-18 << "HTTP/1.1 200 OK[\r][\n]"
02:44:25.054 [Test worker] DEBUG org.apache.http.wire - http-outgoing-18 << "Content-Type: application/json[\r][\n]"
02:44:25.054 [Test worker] DEBUG org.apache.http.wire - http-outgoing-18 << "Server: Docker/1.12.1 (linux)[\r][\n]"
02:44:25.054 [Test worker] DEBUG org.apache.http.wire - http-outgoing-18 << "Date: Tue, 18 Oct 2016 00:44:25 GMT[\r][\n]"
02:44:25.054 [Test worker] DEBUG org.apache.http.wire - http-outgoing-18 << "Content-Length: 3[\r][\n]"
02:44:25.054 [Test worker] DEBUG org.apache.http.wire - http-outgoing-18 << "[\r][\n]"
02:44:25.054 [Test worker] DEBUG org.apache.http.wire - http-outgoing-18 << "[][\n]"
02:44:25.054 [Test worker] DEBUG org.apache.http.headers - http-outgoing-18 << HTTP/1.1 200 OK
02:44:25.055 [Test worker] DEBUG org.apache.http.headers - http-outgoing-18 << Content-Type: application/json
02:44:25.055 [Test worker] DEBUG org.apache.http.headers - http-outgoing-18 << Server: Docker/1.12.1 (linux)
02:44:25.055 [Test worker] DEBUG org.apache.http.headers - http-outgoing-18 << Date: Tue, 18 Oct 2016 00:44:25 GMT
02:44:25.055 [Test worker] DEBUG org.apache.http.headers - http-outgoing-18 << Content-Length: 3
02:44:25.055 [Test worker] DEBUG o.a.h.impl.execchain.MainClientExec - Connection can be kept alive indefinitely
02:44:25.055 [Test worker] DEBUG c.g.d.j.JerseyDockerCmdExecFactory - 2 * Client response received on thread Test worker
2 < 200
2 < Content-Length: 3
2 < Content-Type: application/json
2 < Date: Tue, 18 Oct 2016 00:44:25 GMT
2 < Server: Docker/1.12.1 (linux)
[]


02:44:25.056 [Test worker] DEBUG c.g.d.j.JerseyDockerCmdExecFactory$1 - Connection [id: 18][route: {}->http://localhost:2375] can be kept alive indefinitely
02:44:25.056 [Test worker] DEBUG c.g.d.j.JerseyDockerCmdExecFactory$1 - Connection released: [id: 18][route: {}->http://localhost:2375][total kept alive: 1; route allocated: 1 of 2; total allocated: 1 of 20]
02:44:25.068 [Test worker] DEBUG c.g.d.core.command.AbstrDockerCmd - Cmd: com.github.dockerjava.core.util.FiltersBuilder@0,com.github.dockerjava.jaxrs.ListNetworksCmdExec@4bf9552d
02:44:25.093 [Test worker] DEBUG c.g.d.j.JerseyDockerCmdExecFactory - 1 * Sending client request on thread Test worker
1 > GET http://localhost:2375/networks
1 > Accept: application/json

02:44:25.094 [Test worker] DEBUG o.a.h.c.protocol.RequestAddCookies - CookieSpec selected: default
02:44:25.094 [Test worker] DEBUG o.a.h.c.protocol.RequestAuthCache - Auth cache not set in the context
02:44:25.094 [Test worker] DEBUG c.g.d.j.JerseyDockerCmdExecFactory$1 - Connection request: [route: {}->http://localhost:2375][total kept alive: 0; route allocated: 0 of 2; total allocated: 0 of 20]
02:44:25.094 [Test worker] DEBUG c.g.d.j.JerseyDockerCmdExecFactory$1 - Connection leased: [id: 19][route: {}->http://localhost:2375][total kept alive: 0; route allocated: 1 of 2; total allocated: 1 of 20]
02:44:25.094 [Test worker] DEBUG o.a.h.impl.execchain.MainClientExec - Opening connection {}->http://localhost:2375
02:44:25.095 [Test worker] DEBUG o.a.h.i.c.DefaultHttpClientConnectionOperator - Connecting to localhost/127.0.0.1:2375
02:44:25.095 [Test worker] DEBUG o.a.h.i.c.DefaultHttpClientConnectionOperator - Connection established 127.0.0.1:57038<->127.0.0.1:2375
02:44:25.095 [Test worker] DEBUG o.a.h.impl.execchain.MainClientExec - Executing request GET /networks HTTP/1.1
02:44:25.095 [Test worker] DEBUG o.a.h.impl.execchain.MainClientExec - Target auth state: UNCHALLENGED
02:44:25.095 [Test worker] DEBUG o.a.h.impl.execchain.MainClientExec - Proxy auth state: UNCHALLENGED
02:44:25.095 [Test worker] DEBUG org.apache.http.headers - http-outgoing-19 >> GET /networks HTTP/1.1
02:44:25.095 [Test worker] DEBUG org.apache.http.headers - http-outgoing-19 >> Accept: application/json
02:44:25.095 [Test worker] DEBUG org.apache.http.headers - http-outgoing-19 >> User-Agent: Jersey/2.23.1 (Apache HttpClient 4.5.1)
02:44:25.095 [Test worker] DEBUG org.apache.http.headers - http-outgoing-19 >> Host: localhost:2375
02:44:25.096 [Test worker] DEBUG org.apache.http.headers - http-outgoing-19 >> Connection: Keep-Alive
02:44:25.096 [Test worker] DEBUG org.apache.http.headers - http-outgoing-19 >> Accept-Encoding: gzip,deflate
02:44:25.096 [Test worker] DEBUG org.apache.http.wire - http-outgoing-19 >> "GET /networks HTTP/1.1[\r][\n]"
02:44:25.096 [Test worker] DEBUG org.apache.http.wire - http-outgoing-19 >> "Accept: application/json[\r][\n]"
02:44:25.099 [Test worker] DEBUG org.apache.http.wire - http-outgoing-19 >> "User-Agent: Jersey/2.23.1 (Apache HttpClient 4.5.1)[\r][\n]"
02:44:25.099 [Test worker] DEBUG org.apache.http.wire - http-outgoing-19 >> "Host: localhost:2375[\r][\n]"
02:44:25.099 [Test worker] DEBUG org.apache.http.wire - http-outgoing-19 >> "Connection: Keep-Alive[\r][\n]"
02:44:25.099 [Test worker] DEBUG org.apache.http.wire - http-outgoing-19 >> "Accept-Encoding: gzip,deflate[\r][\n]"
02:44:25.099 [Test worker] DEBUG org.apache.http.wire - http-outgoing-19 >> "[\r][\n]"
02:44:25.100 [Test worker] DEBUG org.apache.http.wire - http-outgoing-19 << "HTTP/1.1 200 OK[\r][\n]"
02:44:25.100 [Test worker] DEBUG org.apache.http.wire - http-outgoing-19 << "Content-Type: application/json[\r][\n]"
02:44:25.100 [Test worker] DEBUG org.apache.http.wire - http-outgoing-19 << "Server: Docker/1.12.1 (linux)[\r][\n]"
02:44:25.100 [Test worker] DEBUG org.apache.http.wire - http-outgoing-19 << "Date: Tue, 18 Oct 2016 00:44:25 GMT[\r][\n]"
02:44:25.100 [Test worker] DEBUG org.apache.http.wire - http-outgoing-19 << "Content-Length: 1408[\r][\n]"
02:44:25.100 [Test worker] DEBUG org.apache.http.wire - http-outgoing-19 << "[\r][\n]"
02:44:25.100 [Test worker] DEBUG org.apache.http.wire - http-outgoing-19 << "[{"Name":"bridge","Id":"90941628611ab58d4fa4db6bcd1806afb9bf994c4562bea7ae3dc9153b373da5","Scope":"local","Driver":"bridge","EnableIPv6":false,"IPAM":{"Driver":"default","Options":null,"Config":[{"Subnet":"172.17.0.0/16","Gateway":"172.17.0.1"}]},"Internal":false,"Containers":{},"Options":{"com.docker.network.bridge.default_bridge":"true","com.docker.network.bridge.enable_icc":"true","com.docker.network.bridge.enable_ip_masquerade":"true","com.docker.network.bridge.host_binding_ipv4":"0.0.0.0","com.docker.network.bridge.name":"docker0","com.docker.network.driver.mtu":"1500"},"Labels":{}},{"Name":"none","Id":"4d89c194eb79cd2beb38458d10a1b98c74d6b8462af72afde29ae7aca53ed5ca","Scope":"local","Driver":"null","EnableIPv6":false,"IPAM":{"Driver":"default","Options":null,"Config":[]},"Internal":false,"Containers":{},"Options":{},"Labels":{}},{"Name":"host","Id":"fe042b0866671b5be4f097ba43830c0a02959c058702d18e18c14a24d88a357d","Scope":"local","Driver":"host","EnableIPv6":false,"IPAM":{"Driver":"default","Options":null,"Config":[]},"Internal":false,"Containers":{},"Options":{},"Labels":{}},{"Name":"MyNetwork","Id":"bb6e7b0209fb443f9fcbd7c1f83597c67bf8715546e39506254605292fdbf4ef","Scope":"local","Driver":"bridge","EnableIPv6":false,"IPAM":{"Driver":"default","Options":null,"Config":[{"Subnet":"172.19.0.0/16","Gateway":"172.19.0.1"}]},"Internal":false,"Containers":{},"Options":{},"Labels":{}}][\n]"
02:44:25.101 [Test worker] DEBUG org.apache.http.headers - http-outgoing-19 << HTTP/1.1 200 OK
02:44:25.101 [Test worker] DEBUG org.apache.http.headers - http-outgoing-19 << Content-Type: application/json
02:44:25.101 [Test worker] DEBUG org.apache.http.headers - http-outgoing-19 << Server: Docker/1.12.1 (linux)
02:44:25.101 [Test worker] DEBUG org.apache.http.headers - http-outgoing-19 << Date: Tue, 18 Oct 2016 00:44:25 GMT
02:44:25.101 [Test worker] DEBUG org.apache.http.headers - http-outgoing-19 << Content-Length: 1408
02:44:25.101 [Test worker] DEBUG o.a.h.impl.execchain.MainClientExec - Connection can be kept alive indefinitely
02:44:25.101 [Test worker] DEBUG c.g.d.j.JerseyDockerCmdExecFactory - 2 * Client response received on thread Test worker
2 < 200
2 < Content-Length: 1408
2 < Content-Type: application/json
2 < Date: Tue, 18 Oct 2016 00:44:25 GMT
2 < Server: Docker/1.12.1 (linux)
[{"Name":"bridge","Id":"90941628611ab58d4fa4db6bcd1806afb9bf994c4562bea7ae3dc9153b373da5","Scope":"local","Driver":"bridge","EnableIPv6":false,"IPAM":{"Driver":"default","Options":null,"Config":[{"Subnet":"172.17.0.0/16","Gateway":"172.17.0.1"}]},"Internal":false,"Containers":{},"Options":{"com.docker.network.bridge.default_bridge":"true","com.docker.network.bridge.enable_icc":"true","com.docker.network.bridge.enable_ip_masquerade":"true","com.docker.network.bridge.host_binding_ipv4":"0.0.0.0","com.docker.network.bridge.name":"docker0","com.docker.network.driver.mtu":"1500"},"Labels":{}},{"Name":"none","Id":"4d89c194eb79cd2beb38458d10a1b98c74d6b8462af72afde29ae7aca53ed5ca","Scope":"local","Driver":"null","EnableIPv6":false,"IPAM":{"Driver":"default","Options":null,"Config":[]},"Internal":false,"Containers":{},"Options":{},"Labels":{}},{"Name":"host","Id":"fe042b0866671b5be4f097ba43830c0a02959c058702d18e18c14a24d88a357d","Scope":"local","Driver":"host","EnableIPv6":false,"IPAM":{"Driver":"default","Options":null,"Config":[]},"Internal":false,"Containers":{},"Options":{},"Labels":{}},{"Name":"MyNetwork","Id":"bb6e7b0209fb443f9fcbd7c1f83597c67bf8715546e39506254605292fdbf4ef","Scope":"local","Driver":"bridge","EnableIPv6":false,"IPAM":{"Driver":"default","Options":null,"Config":[{"Subnet":"172.19.0.0/16","Gateway":"172.19.0.1"}]},"Internal":false,"Containers":{},"Options":{},"Labels":{}}]


02:44:25.106 [Test worker] DEBUG o.a.h.i.c.DefaultManagedHttpClientConnection - http-outgoing-19: Close connection
02:44:25.106 [Test worker] DEBUG o.a.h.impl.execchain.MainClientExec - Connection discarded
02:44:25.106 [Test worker] DEBUG c.g.d.j.JerseyDockerCmdExecFactory$1 - Connection released: [id: 19][route: {}->http://localhost:2375][total kept alive: 0; route allocated: 0 of 2; total allocated: 0 of 20]
02:44:25.106 [Test worker] DEBUG org.openbaton.docker.DockerVim - Found a docker network, transformed into a NFV network Network{id='bb6e7b0209fb443f9fcbd7c1f83597c67bf8715546e39506254605292fdbf4ef', name='MyNetwork', extId='null', external=false, shared=false, subnets=[Subnet{id='null', version=0, name='bridge', extId='null', networkId='172.19.0.0/16', cidr='null', gatewayIp='172.19.0.1'}]}
02:44:25.107 [Test worker] DEBUG c.g.d.core.command.AbstrDockerCmd - Cmd: bb6e7b0209fb443f9fcbd7c1f83597c67bf8715546e39506254605292fdbf4ef,com.github.dockerjava.jaxrs.RemoveNetworkCmdExec@5ae31e74
02:44:25.134 [Test worker] DEBUG c.g.d.j.JerseyDockerCmdExecFactory - 1 * Sending client request on thread Test worker
1 > DELETE http://localhost:2375/networks/bb6e7b0209fb443f9fcbd7c1f83597c67bf8715546e39506254605292fdbf4ef
1 > Accept: application/json

02:44:25.137 [Test worker] DEBUG o.a.h.c.protocol.RequestAddCookies - CookieSpec selected: default
02:44:25.137 [Test worker] DEBUG o.a.h.c.protocol.RequestAuthCache - Auth cache not set in the context
02:44:25.137 [Test worker] DEBUG c.g.d.j.JerseyDockerCmdExecFactory$1 - Connection request: [route: {}->http://localhost:2375][total kept alive: 0; route allocated: 0 of 2; total allocated: 0 of 20]
02:44:25.138 [Test worker] DEBUG c.g.d.j.JerseyDockerCmdExecFactory$1 - Connection leased: [id: 20][route: {}->http://localhost:2375][total kept alive: 0; route allocated: 1 of 2; total allocated: 1 of 20]
02:44:25.138 [Test worker] DEBUG o.a.h.impl.execchain.MainClientExec - Opening connection {}->http://localhost:2375
02:44:25.138 [Test worker] DEBUG o.a.h.i.c.DefaultHttpClientConnectionOperator - Connecting to localhost/127.0.0.1:2375
02:44:25.138 [Test worker] DEBUG o.a.h.i.c.DefaultHttpClientConnectionOperator - Connection established 127.0.0.1:57040<->127.0.0.1:2375
02:44:25.138 [Test worker] DEBUG o.a.h.impl.execchain.MainClientExec - Executing request DELETE /networks/bb6e7b0209fb443f9fcbd7c1f83597c67bf8715546e39506254605292fdbf4ef HTTP/1.1
02:44:25.138 [Test worker] DEBUG o.a.h.impl.execchain.MainClientExec - Target auth state: UNCHALLENGED
02:44:25.138 [Test worker] DEBUG o.a.h.impl.execchain.MainClientExec - Proxy auth state: UNCHALLENGED
02:44:25.139 [Test worker] DEBUG org.apache.http.headers - http-outgoing-20 >> DELETE /networks/bb6e7b0209fb443f9fcbd7c1f83597c67bf8715546e39506254605292fdbf4ef HTTP/1.1
02:44:25.139 [Test worker] DEBUG org.apache.http.headers - http-outgoing-20 >> Accept: application/json
02:44:25.139 [Test worker] DEBUG org.apache.http.headers - http-outgoing-20 >> User-Agent: Jersey/2.23.1 (Apache HttpClient 4.5.1)
02:44:25.139 [Test worker] DEBUG org.apache.http.headers - http-outgoing-20 >> Host: localhost:2375
02:44:25.140 [Test worker] DEBUG org.apache.http.headers - http-outgoing-20 >> Connection: Keep-Alive
02:44:25.140 [Test worker] DEBUG org.apache.http.headers - http-outgoing-20 >> Accept-Encoding: gzip,deflate
02:44:25.140 [Test worker] DEBUG org.apache.http.wire - http-outgoing-20 >> "DELETE /networks/bb6e7b0209fb443f9fcbd7c1f83597c67bf8715546e39506254605292fdbf4ef HTTP/1.1[\r][\n]"
02:44:25.140 [Test worker] DEBUG org.apache.http.wire - http-outgoing-20 >> "Accept: application/json[\r][\n]"
02:44:25.140 [Test worker] DEBUG org.apache.http.wire - http-outgoing-20 >> "User-Agent: Jersey/2.23.1 (Apache HttpClient 4.5.1)[\r][\n]"
02:44:25.140 [Test worker] DEBUG org.apache.http.wire - http-outgoing-20 >> "Host: localhost:2375[\r][\n]"
02:44:25.140 [Test worker] DEBUG org.apache.http.wire - http-outgoing-20 >> "Connection: Keep-Alive[\r][\n]"
02:44:25.140 [Test worker] DEBUG org.apache.http.wire - http-outgoing-20 >> "Accept-Encoding: gzip,deflate[\r][\n]"
02:44:25.140 [Test worker] DEBUG org.apache.http.wire - http-outgoing-20 >> "[\r][\n]"
02:44:25.210 [Test worker] DEBUG org.apache.http.wire - http-outgoing-20 << "HTTP/1.1 204 No Content[\r][\n]"
02:44:25.210 [Test worker] DEBUG org.apache.http.wire - http-outgoing-20 << "Server: Docker/1.12.1 (linux)[\r][\n]"
02:44:25.210 [Test worker] DEBUG org.apache.http.wire - http-outgoing-20 << "Date: Tue, 18 Oct 2016 00:44:25 GMT[\r][\n]"
02:44:25.210 [Test worker] DEBUG org.apache.http.wire - http-outgoing-20 << "[\r][\n]"
02:44:25.210 [Test worker] DEBUG org.apache.http.headers - http-outgoing-20 << HTTP/1.1 204 No Content
02:44:25.210 [Test worker] DEBUG org.apache.http.headers - http-outgoing-20 << Server: Docker/1.12.1 (linux)
02:44:25.210 [Test worker] DEBUG org.apache.http.headers - http-outgoing-20 << Date: Tue, 18 Oct 2016 00:44:25 GMT
02:44:25.210 [Test worker] DEBUG o.a.h.impl.execchain.MainClientExec - Connection can be kept alive indefinitely
02:44:25.210 [Test worker] DEBUG c.g.d.j.JerseyDockerCmdExecFactory$1 - Connection [id: 20][route: {}->http://localhost:2375] can be kept alive indefinitely
02:44:25.210 [Test worker] DEBUG c.g.d.j.JerseyDockerCmdExecFactory$1 - Connection released: [id: 20][route: {}->http://localhost:2375][total kept alive: 1; route allocated: 1 of 2; total allocated: 1 of 20]
02:44:25.210 [Test worker] DEBUG c.g.d.j.JerseyDockerCmdExecFactory - 2 * Client response received on thread Test worker
2 < 204
2 < Date: Tue, 18 Oct 2016 00:44:25 GMT
2 < Server: Docker/1.12.1 (linux)

02:44:25.210 [Test worker] DEBUG org.openbaton.docker.DockerVim - Network deleted successfully
02:44:25.211 [Test worker] DEBUG c.g.d.core.command.AbstrDockerCmd - Cmd: com.github.dockerjava.core.util.FiltersBuilder@0,com.github.dockerjava.jaxrs.ListVolumesCmdExec@68a15056
02:44:25.211 [Test worker] DEBUG c.g.d.j.JerseyDockerCmdExecFactory - 3 * Sending client request on thread Test worker
3 > GET http://localhost:2375/volumes
3 > Accept: application/json

02:44:25.211 [Test worker] DEBUG o.a.h.c.protocol.RequestAddCookies - CookieSpec selected: default
02:44:25.211 [Test worker] DEBUG o.a.h.c.protocol.RequestAuthCache - Auth cache not set in the context
02:44:25.211 [Test worker] DEBUG c.g.d.j.JerseyDockerCmdExecFactory$1 - Connection request: [route: {}->http://localhost:2375][total kept alive: 0; route allocated: 0 of 2; total allocated: 0 of 20]
02:44:25.211 [Test worker] DEBUG c.g.d.j.JerseyDockerCmdExecFactory$1 - Connection leased: [id: 21][route: {}->http://localhost:2375][total kept alive: 0; route allocated: 1 of 2; total allocated: 1 of 20]
02:44:25.211 [Test worker] DEBUG o.a.h.impl.execchain.MainClientExec - Opening connection {}->http://localhost:2375
02:44:25.211 [Test worker] DEBUG o.a.h.i.c.DefaultHttpClientConnectionOperator - Connecting to localhost/127.0.0.1:2375
02:44:25.212 [Test worker] DEBUG o.a.h.i.c.DefaultHttpClientConnectionOperator - Connection established 127.0.0.1:57042<->127.0.0.1:2375
02:44:25.212 [Test worker] DEBUG o.a.h.impl.execchain.MainClientExec - Executing request GET /volumes HTTP/1.1
02:44:25.212 [Test worker] DEBUG o.a.h.impl.execchain.MainClientExec - Target auth state: UNCHALLENGED
02:44:25.212 [Test worker] DEBUG o.a.h.impl.execchain.MainClientExec - Proxy auth state: UNCHALLENGED
02:44:25.212 [Test worker] DEBUG org.apache.http.headers - http-outgoing-21 >> GET /volumes HTTP/1.1
02:44:25.212 [Test worker] DEBUG org.apache.http.headers - http-outgoing-21 >> Accept: application/json
02:44:25.212 [Test worker] DEBUG org.apache.http.headers - http-outgoing-21 >> User-Agent: Jersey/2.23.1 (Apache HttpClient 4.5.1)
02:44:25.212 [Test worker] DEBUG org.apache.http.headers - http-outgoing-21 >> Host: localhost:2375
02:44:25.212 [Test worker] DEBUG org.apache.http.headers - http-outgoing-21 >> Connection: Keep-Alive
02:44:25.213 [Test worker] DEBUG org.apache.http.headers - http-outgoing-21 >> Accept-Encoding: gzip,deflate
02:44:25.213 [Test worker] DEBUG org.apache.http.wire - http-outgoing-21 >> "GET /volumes HTTP/1.1[\r][\n]"
02:44:25.213 [Test worker] DEBUG org.apache.http.wire - http-outgoing-21 >> "Accept: application/json[\r][\n]"
02:44:25.213 [Test worker] DEBUG org.apache.http.wire - http-outgoing-21 >> "User-Agent: Jersey/2.23.1 (Apache HttpClient 4.5.1)[\r][\n]"
02:44:25.213 [Test worker] DEBUG org.apache.http.wire - http-outgoing-21 >> "Host: localhost:2375[\r][\n]"
02:44:25.213 [Test worker] DEBUG org.apache.http.wire - http-outgoing-21 >> "Connection: Keep-Alive[\r][\n]"
02:44:25.213 [Test worker] DEBUG org.apache.http.wire - http-outgoing-21 >> "Accept-Encoding: gzip,deflate[\r][\n]"
02:44:25.213 [Test worker] DEBUG org.apache.http.wire - http-outgoing-21 >> "[\r][\n]"
02:44:25.214 [Test worker] DEBUG org.apache.http.wire - http-outgoing-21 << "HTTP/1.1 200 OK[\r][\n]"
02:44:25.214 [Test worker] DEBUG org.apache.http.wire - http-outgoing-21 << "Content-Type: application/json[\r][\n]"
02:44:25.214 [Test worker] DEBUG org.apache.http.wire - http-outgoing-21 << "Server: Docker/1.12.1 (linux)[\r][\n]"
02:44:25.214 [Test worker] DEBUG org.apache.http.wire - http-outgoing-21 << "Date: Tue, 18 Oct 2016 00:44:25 GMT[\r][\n]"
02:44:25.214 [Test worker] DEBUG org.apache.http.wire - http-outgoing-21 << "Content-Length: 33[\r][\n]"
02:44:25.214 [Test worker] DEBUG org.apache.http.wire - http-outgoing-21 << "[\r][\n]"
02:44:25.214 [Test worker] DEBUG org.apache.http.wire - http-outgoing-21 << "{"Volumes":null,"Warnings":null}[\n]"
02:44:25.214 [Test worker] DEBUG org.apache.http.headers - http-outgoing-21 << HTTP/1.1 200 OK
02:44:25.214 [Test worker] DEBUG org.apache.http.headers - http-outgoing-21 << Content-Type: application/json
02:44:25.214 [Test worker] DEBUG org.apache.http.headers - http-outgoing-21 << Server: Docker/1.12.1 (linux)
02:44:25.214 [Test worker] DEBUG org.apache.http.headers - http-outgoing-21 << Date: Tue, 18 Oct 2016 00:44:25 GMT
02:44:25.214 [Test worker] DEBUG org.apache.http.headers - http-outgoing-21 << Content-Length: 33
02:44:25.215 [Test worker] DEBUG o.a.h.impl.execchain.MainClientExec - Connection can be kept alive indefinitely
02:44:25.215 [Test worker] DEBUG c.g.d.j.JerseyDockerCmdExecFactory - 4 * Client response received on thread Test worker
4 < 200
4 < Content-Length: 33
4 < Content-Type: application/json
4 < Date: Tue, 18 Oct 2016 00:44:25 GMT
4 < Server: Docker/1.12.1 (linux)
{"Volumes":null,"Warnings":null}


02:44:25.215 [Test worker] DEBUG o.a.h.i.c.DefaultManagedHttpClientConnection - http-outgoing-21: Close connection
02:44:25.216 [Test worker] DEBUG o.a.h.impl.execchain.MainClientExec - Connection discarded
02:44:25.216 [Test worker] DEBUG c.g.d.j.JerseyDockerCmdExecFactory$1 - Connection released: [id: 21][route: {}->http://localhost:2375][total kept alive: 0; route allocated: 0 of 2; total allocated: 0 of 20]
02:44:25.216 [Test worker] DEBUG org.openbaton.docker.DockerVim - Loading properties
02:44:25.217 [Test worker] DEBUG org.openbaton.docker.DockerVim - Loaded properties: {type=docker}
02:44:25.219 [Test worker] DEBUG c.g.d.core.command.AbstrDockerCmd - Cmd: -1,<null>,true,<null>,<null>,com.github.dockerjava.core.util.FiltersBuilder@0,com.github.dockerjava.jaxrs.ListContainersCmdExec@6cacfb5c
02:44:25.232 [Test worker] DEBUG c.g.d.j.JerseyDockerCmdExecFactory - 1 * Sending client request on thread Test worker
1 > GET http://localhost:2375/containers/json?all=true
1 > Accept: application/json

02:44:25.233 [Test worker] DEBUG o.a.h.c.protocol.RequestAddCookies - CookieSpec selected: default
02:44:25.233 [Test worker] DEBUG o.a.h.c.protocol.RequestAuthCache - Auth cache not set in the context
02:44:25.233 [Test worker] DEBUG c.g.d.j.JerseyDockerCmdExecFactory$1 - Connection request: [route: {}->http://localhost:2375][total kept alive: 0; route allocated: 0 of 2; total allocated: 0 of 20]
02:44:25.233 [Test worker] DEBUG c.g.d.j.JerseyDockerCmdExecFactory$1 - Connection leased: [id: 22][route: {}->http://localhost:2375][total kept alive: 0; route allocated: 1 of 2; total allocated: 1 of 20]
02:44:25.233 [Test worker] DEBUG o.a.h.impl.execchain.MainClientExec - Opening connection {}->http://localhost:2375
02:44:25.234 [Test worker] DEBUG o.a.h.i.c.DefaultHttpClientConnectionOperator - Connecting to localhost/127.0.0.1:2375
02:44:25.234 [Test worker] DEBUG o.a.h.i.c.DefaultHttpClientConnectionOperator - Connection established 127.0.0.1:57044<->127.0.0.1:2375
02:44:25.234 [Test worker] DEBUG o.a.h.impl.execchain.MainClientExec - Executing request GET /containers/json?all=true HTTP/1.1
02:44:25.234 [Test worker] DEBUG o.a.h.impl.execchain.MainClientExec - Target auth state: UNCHALLENGED
02:44:25.234 [Test worker] DEBUG o.a.h.impl.execchain.MainClientExec - Proxy auth state: UNCHALLENGED
02:44:25.234 [Test worker] DEBUG org.apache.http.headers - http-outgoing-22 >> GET /containers/json?all=true HTTP/1.1
02:44:25.234 [Test worker] DEBUG org.apache.http.headers - http-outgoing-22 >> Accept: application/json
02:44:25.234 [Test worker] DEBUG org.apache.http.headers - http-outgoing-22 >> User-Agent: Jersey/2.23.1 (Apache HttpClient 4.5.1)
02:44:25.234 [Test worker] DEBUG org.apache.http.headers - http-outgoing-22 >> Host: localhost:2375
02:44:25.235 [Test worker] DEBUG org.apache.http.headers - http-outgoing-22 >> Connection: Keep-Alive
02:44:25.235 [Test worker] DEBUG org.apache.http.headers - http-outgoing-22 >> Accept-Encoding: gzip,deflate
02:44:25.235 [Test worker] DEBUG org.apache.http.wire - http-outgoing-22 >> "GET /containers/json?all=true HTTP/1.1[\r][\n]"
02:44:25.235 [Test worker] DEBUG org.apache.http.wire - http-outgoing-22 >> "Accept: application/json[\r][\n]"
02:44:25.235 [Test worker] DEBUG org.apache.http.wire - http-outgoing-22 >> "User-Agent: Jersey/2.23.1 (Apache HttpClient 4.5.1)[\r][\n]"
02:44:25.235 [Test worker] DEBUG org.apache.http.wire - http-outgoing-22 >> "Host: localhost:2375[\r][\n]"
02:44:25.235 [Test worker] DEBUG org.apache.http.wire - http-outgoing-22 >> "Connection: Keep-Alive[\r][\n]"
02:44:25.235 [Test worker] DEBUG org.apache.http.wire - http-outgoing-22 >> "Accept-Encoding: gzip,deflate[\r][\n]"
02:44:25.235 [Test worker] DEBUG org.apache.http.wire - http-outgoing-22 >> "[\r][\n]"
02:44:25.236 [Test worker] DEBUG org.apache.http.wire - http-outgoing-22 << "HTTP/1.1 200 OK[\r][\n]"
02:44:25.236 [Test worker] DEBUG org.apache.http.wire - http-outgoing-22 << "Content-Type: application/json[\r][\n]"
02:44:25.236 [Test worker] DEBUG org.apache.http.wire - http-outgoing-22 << "Server: Docker/1.12.1 (linux)[\r][\n]"
02:44:25.236 [Test worker] DEBUG org.apache.http.wire - http-outgoing-22 << "Date: Tue, 18 Oct 2016 00:44:25 GMT[\r][\n]"
02:44:25.236 [Test worker] DEBUG org.apache.http.wire - http-outgoing-22 << "Content-Length: 3[\r][\n]"
02:44:25.236 [Test worker] DEBUG org.apache.http.wire - http-outgoing-22 << "[\r][\n]"
02:44:25.236 [Test worker] DEBUG org.apache.http.wire - http-outgoing-22 << "[][\n]"
02:44:25.236 [Test worker] DEBUG org.apache.http.headers - http-outgoing-22 << HTTP/1.1 200 OK
02:44:25.236 [Test worker] DEBUG org.apache.http.headers - http-outgoing-22 << Content-Type: application/json
02:44:25.236 [Test worker] DEBUG org.apache.http.headers - http-outgoing-22 << Server: Docker/1.12.1 (linux)
02:44:25.236 [Test worker] DEBUG org.apache.http.headers - http-outgoing-22 << Date: Tue, 18 Oct 2016 00:44:25 GMT
02:44:25.237 [Test worker] DEBUG org.apache.http.headers - http-outgoing-22 << Content-Length: 3
02:44:25.237 [Test worker] DEBUG o.a.h.impl.execchain.MainClientExec - Connection can be kept alive indefinitely
02:44:25.237 [Test worker] DEBUG c.g.d.j.JerseyDockerCmdExecFactory - 2 * Client response received on thread Test worker
2 < 200
2 < Content-Length: 3
2 < Content-Type: application/json
2 < Date: Tue, 18 Oct 2016 00:44:25 GMT
2 < Server: Docker/1.12.1 (linux)
[]


02:44:25.238 [Test worker] DEBUG c.g.d.j.JerseyDockerCmdExecFactory$1 - Connection [id: 22][route: {}->http://localhost:2375] can be kept alive indefinitely
02:44:25.238 [Test worker] DEBUG c.g.d.j.JerseyDockerCmdExecFactory$1 - Connection released: [id: 22][route: {}->http://localhost:2375][total kept alive: 1; route allocated: 1 of 2; total allocated: 1 of 20]
02:44:25.247 [Test worker] DEBUG c.g.d.core.command.AbstrDockerCmd - Cmd: com.github.dockerjava.core.util.FiltersBuilder@0,com.github.dockerjava.jaxrs.ListNetworksCmdExec@51a3adb
02:44:25.271 [Test worker] DEBUG c.g.d.j.JerseyDockerCmdExecFactory - 1 * Sending client request on thread Test worker
1 > GET http://localhost:2375/networks
1 > Accept: application/json

02:44:25.274 [Test worker] DEBUG o.a.h.c.protocol.RequestAddCookies - CookieSpec selected: default
02:44:25.276 [Test worker] DEBUG o.a.h.c.protocol.RequestAuthCache - Auth cache not set in the context
02:44:25.276 [Test worker] DEBUG c.g.d.j.JerseyDockerCmdExecFactory$1 - Connection request: [route: {}->http://localhost:2375][total kept alive: 0; route allocated: 0 of 2; total allocated: 0 of 20]
02:44:25.276 [Test worker] DEBUG c.g.d.j.JerseyDockerCmdExecFactory$1 - Connection leased: [id: 23][route: {}->http://localhost:2375][total kept alive: 0; route allocated: 1 of 2; total allocated: 1 of 20]
02:44:25.276 [Test worker] DEBUG o.a.h.impl.execchain.MainClientExec - Opening connection {}->http://localhost:2375
02:44:25.276 [Test worker] DEBUG o.a.h.i.c.DefaultHttpClientConnectionOperator - Connecting to localhost/127.0.0.1:2375
02:44:25.277 [Test worker] DEBUG o.a.h.i.c.DefaultHttpClientConnectionOperator - Connection established 127.0.0.1:57046<->127.0.0.1:2375
02:44:25.277 [Test worker] DEBUG o.a.h.impl.execchain.MainClientExec - Executing request GET /networks HTTP/1.1
02:44:25.277 [Test worker] DEBUG o.a.h.impl.execchain.MainClientExec - Target auth state: UNCHALLENGED
02:44:25.277 [Test worker] DEBUG o.a.h.impl.execchain.MainClientExec - Proxy auth state: UNCHALLENGED
02:44:25.277 [Test worker] DEBUG org.apache.http.headers - http-outgoing-23 >> GET /networks HTTP/1.1
02:44:25.277 [Test worker] DEBUG org.apache.http.headers - http-outgoing-23 >> Accept: application/json
02:44:25.278 [Test worker] DEBUG org.apache.http.headers - http-outgoing-23 >> User-Agent: Jersey/2.23.1 (Apache HttpClient 4.5.1)
02:44:25.278 [Test worker] DEBUG org.apache.http.headers - http-outgoing-23 >> Host: localhost:2375
02:44:25.278 [Test worker] DEBUG org.apache.http.headers - http-outgoing-23 >> Connection: Keep-Alive
02:44:25.278 [Test worker] DEBUG org.apache.http.headers - http-outgoing-23 >> Accept-Encoding: gzip,deflate
02:44:25.278 [Test worker] DEBUG org.apache.http.wire - http-outgoing-23 >> "GET /networks HTTP/1.1[\r][\n]"
02:44:25.278 [Test worker] DEBUG org.apache.http.wire - http-outgoing-23 >> "Accept: application/json[\r][\n]"
02:44:25.278 [Test worker] DEBUG org.apache.http.wire - http-outgoing-23 >> "User-Agent: Jersey/2.23.1 (Apache HttpClient 4.5.1)[\r][\n]"
02:44:25.278 [Test worker] DEBUG org.apache.http.wire - http-outgoing-23 >> "Host: localhost:2375[\r][\n]"
02:44:25.278 [Test worker] DEBUG org.apache.http.wire - http-outgoing-23 >> "Connection: Keep-Alive[\r][\n]"
02:44:25.278 [Test worker] DEBUG org.apache.http.wire - http-outgoing-23 >> "Accept-Encoding: gzip,deflate[\r][\n]"
02:44:25.279 [Test worker] DEBUG org.apache.http.wire - http-outgoing-23 >> "[\r][\n]"
02:44:25.280 [Test worker] DEBUG org.apache.http.wire - http-outgoing-23 << "HTTP/1.1 200 OK[\r][\n]"
02:44:25.280 [Test worker] DEBUG org.apache.http.wire - http-outgoing-23 << "Content-Type: application/json[\r][\n]"
02:44:25.280 [Test worker] DEBUG org.apache.http.wire - http-outgoing-23 << "Server: Docker/1.12.1 (linux)[\r][\n]"
02:44:25.280 [Test worker] DEBUG org.apache.http.wire - http-outgoing-23 << "Date: Tue, 18 Oct 2016 00:44:25 GMT[\r][\n]"
02:44:25.280 [Test worker] DEBUG org.apache.http.wire - http-outgoing-23 << "Content-Length: 1100[\r][\n]"
02:44:25.280 [Test worker] DEBUG org.apache.http.wire - http-outgoing-23 << "[\r][\n]"
02:44:25.280 [Test worker] DEBUG org.apache.http.wire - http-outgoing-23 << "[{"Name":"host","Id":"fe042b0866671b5be4f097ba43830c0a02959c058702d18e18c14a24d88a357d","Scope":"local","Driver":"host","EnableIPv6":false,"IPAM":{"Driver":"default","Options":null,"Config":[]},"Internal":false,"Containers":{},"Options":{},"Labels":{}},{"Name":"bridge","Id":"90941628611ab58d4fa4db6bcd1806afb9bf994c4562bea7ae3dc9153b373da5","Scope":"local","Driver":"bridge","EnableIPv6":false,"IPAM":{"Driver":"default","Options":null,"Config":[{"Subnet":"172.17.0.0/16","Gateway":"172.17.0.1"}]},"Internal":false,"Containers":{},"Options":{"com.docker.network.bridge.default_bridge":"true","com.docker.network.bridge.enable_icc":"true","com.docker.network.bridge.enable_ip_masquerade":"true","com.docker.network.bridge.host_binding_ipv4":"0.0.0.0","com.docker.network.bridge.name":"docker0","com.docker.network.driver.mtu":"1500"},"Labels":{}},{"Name":"none","Id":"4d89c194eb79cd2beb38458d10a1b98c74d6b8462af72afde29ae7aca53ed5ca","Scope":"local","Driver":"null","EnableIPv6":false,"IPAM":{"Driver":"default","Options":null,"Config":[]},"Internal":false,"Containers":{},"Options":{},"Labels":{}}][\n]"
02:44:25.280 [Test worker] DEBUG org.apache.http.headers - http-outgoing-23 << HTTP/1.1 200 OK
02:44:25.280 [Test worker] DEBUG org.apache.http.headers - http-outgoing-23 << Content-Type: application/json
02:44:25.281 [Test worker] DEBUG org.apache.http.headers - http-outgoing-23 << Server: Docker/1.12.1 (linux)
02:44:25.281 [Test worker] DEBUG org.apache.http.headers - http-outgoing-23 << Date: Tue, 18 Oct 2016 00:44:25 GMT
02:44:25.281 [Test worker] DEBUG org.apache.http.headers - http-outgoing-23 << Content-Length: 1100
02:44:25.281 [Test worker] DEBUG o.a.h.impl.execchain.MainClientExec - Connection can be kept alive indefinitely
02:44:25.281 [Test worker] DEBUG c.g.d.j.JerseyDockerCmdExecFactory - 2 * Client response received on thread Test worker
2 < 200
2 < Content-Length: 1100
2 < Content-Type: application/json
2 < Date: Tue, 18 Oct 2016 00:44:25 GMT
2 < Server: Docker/1.12.1 (linux)
[{"Name":"host","Id":"fe042b0866671b5be4f097ba43830c0a02959c058702d18e18c14a24d88a357d","Scope":"local","Driver":"host","EnableIPv6":false,"IPAM":{"Driver":"default","Options":null,"Config":[]},"Internal":false,"Containers":{},"Options":{},"Labels":{}},{"Name":"bridge","Id":"90941628611ab58d4fa4db6bcd1806afb9bf994c4562bea7ae3dc9153b373da5","Scope":"local","Driver":"bridge","EnableIPv6":false,"IPAM":{"Driver":"default","Options":null,"Config":[{"Subnet":"172.17.0.0/16","Gateway":"172.17.0.1"}]},"Internal":false,"Containers":{},"Options":{"com.docker.network.bridge.default_bridge":"true","com.docker.network.bridge.enable_icc":"true","com.docker.network.bridge.enable_ip_masquerade":"true","com.docker.network.bridge.host_binding_ipv4":"0.0.0.0","com.docker.network.bridge.name":"docker0","com.docker.network.driver.mtu":"1500"},"Labels":{}},{"Name":"none","Id":"4d89c194eb79cd2beb38458d10a1b98c74d6b8462af72afde29ae7aca53ed5ca","Scope":"local","Driver":"null","EnableIPv6":false,"IPAM":{"Driver":"default","Options":null,"Config":[]},"Internal":false,"Containers":{},"Options":{},"Labels":{}}]


02:44:25.291 [Test worker] DEBUG o.a.h.i.c.DefaultManagedHttpClientConnection - http-outgoing-23: Close connection
02:44:25.292 [Test worker] DEBUG o.a.h.impl.execchain.MainClientExec - Connection discarded
02:44:25.293 [Test worker] DEBUG c.g.d.j.JerseyDockerCmdExecFactory$1 - Connection released: [id: 23][route: {}->http://localhost:2375][total kept alive: 0; route allocated: 0 of 2; total allocated: 0 of 20]
02:44:25.293 [Test worker] DEBUG c.g.d.core.command.AbstrDockerCmd - Cmd: com.github.dockerjava.core.util.FiltersBuilder@0,com.github.dockerjava.jaxrs.ListVolumesCmdExec@cf820d8
02:44:25.309 [Test worker] DEBUG c.g.d.j.JerseyDockerCmdExecFactory - 1 * Sending client request on thread Test worker
1 > GET http://localhost:2375/volumes
1 > Accept: application/json

02:44:25.310 [Test worker] DEBUG o.a.h.c.protocol.RequestAddCookies - CookieSpec selected: default
02:44:25.310 [Test worker] DEBUG o.a.h.c.protocol.RequestAuthCache - Auth cache not set in the context
02:44:25.310 [Test worker] DEBUG c.g.d.j.JerseyDockerCmdExecFactory$1 - Connection request: [route: {}->http://localhost:2375][total kept alive: 0; route allocated: 0 of 2; total allocated: 0 of 20]
02:44:25.310 [Test worker] DEBUG c.g.d.j.JerseyDockerCmdExecFactory$1 - Connection leased: [id: 24][route: {}->http://localhost:2375][total kept alive: 0; route allocated: 1 of 2; total allocated: 1 of 20]
02:44:25.310 [Test worker] DEBUG o.a.h.impl.execchain.MainClientExec - Opening connection {}->http://localhost:2375
02:44:25.310 [Test worker] DEBUG o.a.h.i.c.DefaultHttpClientConnectionOperator - Connecting to localhost/127.0.0.1:2375
02:44:25.311 [Test worker] DEBUG o.a.h.i.c.DefaultHttpClientConnectionOperator - Connection established 127.0.0.1:57048<->127.0.0.1:2375
02:44:25.311 [Test worker] DEBUG o.a.h.impl.execchain.MainClientExec - Executing request GET /volumes HTTP/1.1
02:44:25.311 [Test worker] DEBUG o.a.h.impl.execchain.MainClientExec - Target auth state: UNCHALLENGED
02:44:25.311 [Test worker] DEBUG o.a.h.impl.execchain.MainClientExec - Proxy auth state: UNCHALLENGED
02:44:25.311 [Test worker] DEBUG org.apache.http.headers - http-outgoing-24 >> GET /volumes HTTP/1.1
02:44:25.311 [Test worker] DEBUG org.apache.http.headers - http-outgoing-24 >> Accept: application/json
02:44:25.311 [Test worker] DEBUG org.apache.http.headers - http-outgoing-24 >> User-Agent: Jersey/2.23.1 (Apache HttpClient 4.5.1)
02:44:25.311 [Test worker] DEBUG org.apache.http.headers - http-outgoing-24 >> Host: localhost:2375
02:44:25.311 [Test worker] DEBUG org.apache.http.headers - http-outgoing-24 >> Connection: Keep-Alive
02:44:25.311 [Test worker] DEBUG org.apache.http.headers - http-outgoing-24 >> Accept-Encoding: gzip,deflate
02:44:25.311 [Test worker] DEBUG org.apache.http.wire - http-outgoing-24 >> "GET /volumes HTTP/1.1[\r][\n]"
02:44:25.312 [Test worker] DEBUG org.apache.http.wire - http-outgoing-24 >> "Accept: application/json[\r][\n]"
02:44:25.312 [Test worker] DEBUG org.apache.http.wire - http-outgoing-24 >> "User-Agent: Jersey/2.23.1 (Apache HttpClient 4.5.1)[\r][\n]"
02:44:25.312 [Test worker] DEBUG org.apache.http.wire - http-outgoing-24 >> "Host: localhost:2375[\r][\n]"
02:44:25.312 [Test worker] DEBUG org.apache.http.wire - http-outgoing-24 >> "Connection: Keep-Alive[\r][\n]"
02:44:25.312 [Test worker] DEBUG org.apache.http.wire - http-outgoing-24 >> "Accept-Encoding: gzip,deflate[\r][\n]"
02:44:25.312 [Test worker] DEBUG org.apache.http.wire - http-outgoing-24 >> "[\r][\n]"
02:44:25.312 [Test worker] DEBUG org.apache.http.wire - http-outgoing-24 << "HTTP/1.1 200 OK[\r][\n]"
02:44:25.312 [Test worker] DEBUG org.apache.http.wire - http-outgoing-24 << "Content-Type: application/json[\r][\n]"
02:44:25.312 [Test worker] DEBUG org.apache.http.wire - http-outgoing-24 << "Server: Docker/1.12.1 (linux)[\r][\n]"
02:44:25.313 [Test worker] DEBUG org.apache.http.wire - http-outgoing-24 << "Date: Tue, 18 Oct 2016 00:44:25 GMT[\r][\n]"
02:44:25.313 [Test worker] DEBUG org.apache.http.wire - http-outgoing-24 << "Content-Length: 33[\r][\n]"
02:44:25.313 [Test worker] DEBUG org.apache.http.wire - http-outgoing-24 << "[\r][\n]"
02:44:25.313 [Test worker] DEBUG org.apache.http.wire - http-outgoing-24 << "{"Volumes":null,"Warnings":null}[\n]"
02:44:25.313 [Test worker] DEBUG org.apache.http.headers - http-outgoing-24 << HTTP/1.1 200 OK
02:44:25.313 [Test worker] DEBUG org.apache.http.headers - http-outgoing-24 << Content-Type: application/json
02:44:25.313 [Test worker] DEBUG org.apache.http.headers - http-outgoing-24 << Server: Docker/1.12.1 (linux)
02:44:25.313 [Test worker] DEBUG org.apache.http.headers - http-outgoing-24 << Date: Tue, 18 Oct 2016 00:44:25 GMT
02:44:25.313 [Test worker] DEBUG org.apache.http.headers - http-outgoing-24 << Content-Length: 33
02:44:25.313 [Test worker] DEBUG o.a.h.impl.execchain.MainClientExec - Connection can be kept alive indefinitely
02:44:25.314 [Test worker] DEBUG c.g.d.j.JerseyDockerCmdExecFactory - 2 * Client response received on thread Test worker
2 < 200
2 < Content-Length: 33
2 < Content-Type: application/json
2 < Date: Tue, 18 Oct 2016 00:44:25 GMT
2 < Server: Docker/1.12.1 (linux)
{"Volumes":null,"Warnings":null}


02:44:25.315 [Test worker] DEBUG o.a.h.i.c.DefaultManagedHttpClientConnection - http-outgoing-24: Close connection
02:44:25.316 [Test worker] DEBUG o.a.h.impl.execchain.MainClientExec - Connection discarded
02:44:25.316 [Test worker] DEBUG c.g.d.j.JerseyDockerCmdExecFactory$1 - Connection released: [id: 24][route: {}->http://localhost:2375][total kept alive: 0; route allocated: 0 of 2; total allocated: 0 of 20]
List of volumes: null
02:44:25.322 [Test worker] DEBUG c.g.d.core.command.AbstrDockerCmd - Cmd: com.github.dockerjava.core.command.CreateContainerCmdImpl@7efb8dbf[name=MyContainer,hostName=hostName,domainName=<null>,user=<null>,attachStdin=<null>,attachStdout=<null>,attachStderr=<null>,portSpecs=<null>,tty=<null>,stdinOpen=<null>,stdInOnce=<null>,env=<null>,cmd={sleep,99999},entrypoint=<null>,image=ubuntu,volumes=com.github.dockerjava.api.model.Volumes@217bd515,workingDir=<null>,macAddress=<null>,networkDisabled=<null>,exposedPorts=com.github.dockerjava.api.model.ExposedPorts@48e266df,stopSignal=<null>,hostConfig=com.github.dockerjava.api.model.HostConfig@7cfdfdb[binds=<null>,blkioWeight=<null>,blkioWeightDevice=<null>,blkioDeviceReadBps=<null>,blkioDeviceReadIOps=<null>,blkioDeviceWriteBps=<null>,blkioDeviceWriteIOps=<null>,memorySwappiness=<null>,capAdd=<null>,capDrop=<null>,containerIDFile=<null>,cpuPeriod=<null>,cpuShares=<null>,cpuQuota=<null>,cpusetCpus=<null>,cpusetMems=<null>,devices=<null>,dns=<null>,dnsSearch=<null>,extraHosts=<null>,links=<null>,logConfig=<null>,lxcConf=<null>,memory=<null>,memorySwap=<null>,memoryReservation=<null>,kernelMemory=<null>,networkMode=<null>,oomKillDisable=<null>,oomScoreAdj=<null>,portBindings=<null>,privileged=<null>,publishAllPorts=<null>,readonlyRootfs=<null>,restartPolicy=<null>,ulimits=<null>,volumesFrom=<null>,pidMode=<null>,securityOpts=<null>,cgroupParent=<null>,volumeDriver=<null>,shmSize=<null>],labels=<null>,networkingConfig=<null>,ipv4Address=<null>,ipv6Address=<null>,aliases=<null>,execution=com.github.dockerjava.jaxrs.CreateContainerCmdExec@59e967b5]
02:44:25.347 [Test worker] DEBUG o.a.h.c.protocol.RequestAddCookies - CookieSpec selected: default
02:44:25.348 [Test worker] DEBUG o.a.h.c.protocol.RequestAuthCache - Auth cache not set in the context
02:44:25.348 [Test worker] DEBUG c.g.d.j.JerseyDockerCmdExecFactory$1 - Connection request: [route: {}->http://localhost:2375][total kept alive: 0; route allocated: 0 of 2; total allocated: 0 of 20]
02:44:25.348 [Test worker] DEBUG c.g.d.j.JerseyDockerCmdExecFactory$1 - Connection leased: [id: 25][route: {}->http://localhost:2375][total kept alive: 0; route allocated: 1 of 2; total allocated: 1 of 20]
02:44:25.348 [Test worker] DEBUG o.a.h.impl.execchain.MainClientExec - Opening connection {}->http://localhost:2375
02:44:25.348 [Test worker] DEBUG o.a.h.i.c.DefaultHttpClientConnectionOperator - Connecting to localhost/127.0.0.1:2375
02:44:25.348 [Test worker] DEBUG o.a.h.i.c.DefaultHttpClientConnectionOperator - Connection established 127.0.0.1:57050<->127.0.0.1:2375
02:44:25.348 [Test worker] DEBUG o.a.h.impl.execchain.MainClientExec - Executing request POST /containers/create?name=MyContainer HTTP/1.1
02:44:25.349 [Test worker] DEBUG o.a.h.impl.execchain.MainClientExec - Target auth state: UNCHALLENGED
02:44:25.349 [Test worker] DEBUG o.a.h.impl.execchain.MainClientExec - Proxy auth state: UNCHALLENGED
02:44:25.349 [Test worker] DEBUG org.apache.http.headers - http-outgoing-25 >> POST /containers/create?name=MyContainer HTTP/1.1
02:44:25.349 [Test worker] DEBUG org.apache.http.headers - http-outgoing-25 >> Accept: application/json
02:44:25.349 [Test worker] DEBUG org.apache.http.headers - http-outgoing-25 >> Content-Type: application/json
02:44:25.349 [Test worker] DEBUG org.apache.http.headers - http-outgoing-25 >> User-Agent: Jersey/2.23.1 (Apache HttpClient 4.5.1)
02:44:25.349 [Test worker] DEBUG org.apache.http.headers - http-outgoing-25 >> Transfer-Encoding: chunked
02:44:25.349 [Test worker] DEBUG org.apache.http.headers - http-outgoing-25 >> Host: localhost:2375
02:44:25.349 [Test worker] DEBUG org.apache.http.headers - http-outgoing-25 >> Connection: Keep-Alive
02:44:25.349 [Test worker] DEBUG org.apache.http.headers - http-outgoing-25 >> Accept-Encoding: gzip,deflate
02:44:25.376 [Test worker] DEBUG c.g.d.j.JerseyDockerCmdExecFactory - 1 * Sending client request on thread Test worker
1 > POST http://localhost:2375/containers/create?name=MyContainer
1 > Accept: application/json
1 > Content-Type: application/json
{"name":"MyContainer","Hostname":"hostName","Cmd":["sleep","99999"],"Image":"ubuntu","Volumes":{},"ExposedPorts":{},"HostConfig":{}}

02:44:25.377 [Test worker] DEBUG org.apache.http.wire - http-outgoing-25 >> "POST /containers/create?name=MyContainer HTTP/1.1[\r][\n]"
02:44:25.377 [Test worker] DEBUG org.apache.http.wire - http-outgoing-25 >> "Accept: application/json[\r][\n]"
02:44:25.377 [Test worker] DEBUG org.apache.http.wire - http-outgoing-25 >> "Content-Type: application/json[\r][\n]"
02:44:25.377 [Test worker] DEBUG org.apache.http.wire - http-outgoing-25 >> "User-Agent: Jersey/2.23.1 (Apache HttpClient 4.5.1)[\r][\n]"
02:44:25.377 [Test worker] DEBUG org.apache.http.wire - http-outgoing-25 >> "Transfer-Encoding: chunked[\r][\n]"
02:44:25.377 [Test worker] DEBUG org.apache.http.wire - http-outgoing-25 >> "Host: localhost:2375[\r][\n]"
02:44:25.377 [Test worker] DEBUG org.apache.http.wire - http-outgoing-25 >> "Connection: Keep-Alive[\r][\n]"
02:44:25.377 [Test worker] DEBUG org.apache.http.wire - http-outgoing-25 >> "Accept-Encoding: gzip,deflate[\r][\n]"
02:44:25.377 [Test worker] DEBUG org.apache.http.wire - http-outgoing-25 >> "[\r][\n]"
02:44:25.377 [Test worker] DEBUG org.apache.http.wire - http-outgoing-25 >> "84[\r][\n]"
02:44:25.377 [Test worker] DEBUG org.apache.http.wire - http-outgoing-25 >> "{"name":"MyContainer","Hostname":"hostName","Cmd":["sleep","99999"],"Image":"ubuntu","Volumes":{},"ExposedPorts":{},"HostConfig":{}}[\r][\n]"
02:44:25.378 [Test worker] DEBUG org.apache.http.wire - http-outgoing-25 >> "0[\r][\n]"
02:44:25.378 [Test worker] DEBUG org.apache.http.wire - http-outgoing-25 >> "[\r][\n]"
02:44:25.400 [Test worker] DEBUG org.apache.http.wire - http-outgoing-25 << "HTTP/1.1 201 Created[\r][\n]"
02:44:25.400 [Test worker] DEBUG org.apache.http.wire - http-outgoing-25 << "Content-Type: application/json[\r][\n]"
02:44:25.400 [Test worker] DEBUG org.apache.http.wire - http-outgoing-25 << "Server: Docker/1.12.1 (linux)[\r][\n]"
02:44:25.400 [Test worker] DEBUG org.apache.http.wire - http-outgoing-25 << "Date: Tue, 18 Oct 2016 00:44:25 GMT[\r][\n]"
02:44:25.400 [Test worker] DEBUG org.apache.http.wire - http-outgoing-25 << "Content-Length: 90[\r][\n]"
02:44:25.400 [Test worker] DEBUG org.apache.http.wire - http-outgoing-25 << "[\r][\n]"
02:44:25.400 [Test worker] DEBUG org.apache.http.wire - http-outgoing-25 << "{"Id":"583f19ab9a3cf4742fb350b9e7d7195db042e41534cc3a5dda9c967e38990623","Warnings":null}[\n]"
02:44:25.400 [Test worker] DEBUG org.apache.http.headers - http-outgoing-25 << HTTP/1.1 201 Created
02:44:25.401 [Test worker] DEBUG org.apache.http.headers - http-outgoing-25 << Content-Type: application/json
02:44:25.401 [Test worker] DEBUG org.apache.http.headers - http-outgoing-25 << Server: Docker/1.12.1 (linux)
02:44:25.401 [Test worker] DEBUG org.apache.http.headers - http-outgoing-25 << Date: Tue, 18 Oct 2016 00:44:25 GMT
02:44:25.401 [Test worker] DEBUG org.apache.http.headers - http-outgoing-25 << Content-Length: 90
02:44:25.401 [Test worker] DEBUG o.a.h.impl.execchain.MainClientExec - Connection can be kept alive indefinitely
02:44:25.401 [Test worker] DEBUG c.g.d.j.JerseyDockerCmdExecFactory - 2 * Client response received on thread Test worker
2 < 201
2 < Content-Length: 90
2 < Content-Type: application/json
2 < Date: Tue, 18 Oct 2016 00:44:25 GMT
2 < Server: Docker/1.12.1 (linux)
{"Id":"583f19ab9a3cf4742fb350b9e7d7195db042e41534cc3a5dda9c967e38990623","Warnings":null}


02:44:25.403 [Test worker] DEBUG o.a.h.i.c.DefaultManagedHttpClientConnection - http-outgoing-25: Close connection
02:44:25.403 [Test worker] DEBUG o.a.h.impl.execchain.MainClientExec - Connection discarded
02:44:25.403 [Test worker] DEBUG c.g.d.j.JerseyDockerCmdExecFactory$1 - Connection released: [id: 25][route: {}->http://localhost:2375][total kept alive: 0; route allocated: 0 of 2; total allocated: 0 of 20]
02:44:25.403 [Test worker] DEBUG org.openbaton.docker.DockerVim - Instance created successfully
02:44:25.404 [Test worker] DEBUG c.g.d.core.command.AbstrDockerCmd - Cmd: 583f19ab9a3cf4742fb350b9e7d7195db042e41534cc3a5dda9c967e38990623,com.github.dockerjava.jaxrs.StartContainerCmdExec@1e1d7f73
02:44:25.404 [Test worker] DEBUG c.g.d.j.JerseyDockerCmdExecFactory - 3 * Sending client request on thread Test worker
3 > POST http://localhost:2375/containers/583f19ab9a3cf4742fb350b9e7d7195db042e41534cc3a5dda9c967e38990623/start
3 > Accept: application/json

02:44:25.405 [Test worker] DEBUG o.a.h.c.protocol.RequestAddCookies - CookieSpec selected: default
02:44:25.405 [Test worker] DEBUG o.a.h.c.protocol.RequestAuthCache - Auth cache not set in the context
02:44:25.405 [Test worker] DEBUG c.g.d.j.JerseyDockerCmdExecFactory$1 - Connection request: [route: {}->http://localhost:2375][total kept alive: 0; route allocated: 0 of 2; total allocated: 0 of 20]
02:44:25.405 [Test worker] DEBUG c.g.d.j.JerseyDockerCmdExecFactory$1 - Connection leased: [id: 26][route: {}->http://localhost:2375][total kept alive: 0; route allocated: 1 of 2; total allocated: 1 of 20]
02:44:25.405 [Test worker] DEBUG o.a.h.impl.execchain.MainClientExec - Opening connection {}->http://localhost:2375
02:44:25.405 [Test worker] DEBUG o.a.h.i.c.DefaultHttpClientConnectionOperator - Connecting to localhost/127.0.0.1:2375
02:44:25.407 [Test worker] DEBUG o.a.h.i.c.DefaultHttpClientConnectionOperator - Connection established 127.0.0.1:57052<->127.0.0.1:2375
02:44:25.408 [Test worker] DEBUG o.a.h.impl.execchain.MainClientExec - Executing request POST /containers/583f19ab9a3cf4742fb350b9e7d7195db042e41534cc3a5dda9c967e38990623/start HTTP/1.1
02:44:25.408 [Test worker] DEBUG o.a.h.impl.execchain.MainClientExec - Target auth state: UNCHALLENGED
02:44:25.408 [Test worker] DEBUG o.a.h.impl.execchain.MainClientExec - Proxy auth state: UNCHALLENGED
02:44:25.408 [Test worker] DEBUG org.apache.http.headers - http-outgoing-26 >> POST /containers/583f19ab9a3cf4742fb350b9e7d7195db042e41534cc3a5dda9c967e38990623/start HTTP/1.1
02:44:25.408 [Test worker] DEBUG org.apache.http.headers - http-outgoing-26 >> Accept: application/json
02:44:25.408 [Test worker] DEBUG org.apache.http.headers - http-outgoing-26 >> User-Agent: Jersey/2.23.1 (Apache HttpClient 4.5.1)
02:44:25.408 [Test worker] DEBUG org.apache.http.headers - http-outgoing-26 >> Host: localhost:2375
02:44:25.408 [Test worker] DEBUG org.apache.http.headers - http-outgoing-26 >> Connection: Keep-Alive
02:44:25.408 [Test worker] DEBUG org.apache.http.headers - http-outgoing-26 >> Accept-Encoding: gzip,deflate
02:44:25.408 [Test worker] DEBUG org.apache.http.wire - http-outgoing-26 >> "POST /containers/583f19ab9a3cf4742fb350b9e7d7195db042e41534cc3a5dda9c967e38990623/start HTTP/1.1[\r][\n]"
02:44:25.408 [Test worker] DEBUG org.apache.http.wire - http-outgoing-26 >> "Accept: application/json[\r][\n]"
02:44:25.408 [Test worker] DEBUG org.apache.http.wire - http-outgoing-26 >> "User-Agent: Jersey/2.23.1 (Apache HttpClient 4.5.1)[\r][\n]"
02:44:25.409 [Test worker] DEBUG org.apache.http.wire - http-outgoing-26 >> "Host: localhost:2375[\r][\n]"
02:44:25.409 [Test worker] DEBUG org.apache.http.wire - http-outgoing-26 >> "Connection: Keep-Alive[\r][\n]"
02:44:25.409 [Test worker] DEBUG org.apache.http.wire - http-outgoing-26 >> "Accept-Encoding: gzip,deflate[\r][\n]"
02:44:25.409 [Test worker] DEBUG org.apache.http.wire - http-outgoing-26 >> "[\r][\n]"
02:44:25.543 [Test worker] DEBUG org.apache.http.wire - http-outgoing-26 << "HTTP/1.1 204 No Content[\r][\n]"
02:44:25.543 [Test worker] DEBUG org.apache.http.wire - http-outgoing-26 << "Server: Docker/1.12.1 (linux)[\r][\n]"
02:44:25.543 [Test worker] DEBUG org.apache.http.wire - http-outgoing-26 << "Date: Tue, 18 Oct 2016 00:44:25 GMT[\r][\n]"
02:44:25.543 [Test worker] DEBUG org.apache.http.wire - http-outgoing-26 << "[\r][\n]"
02:44:25.543 [Test worker] DEBUG org.apache.http.headers - http-outgoing-26 << HTTP/1.1 204 No Content
02:44:25.543 [Test worker] DEBUG org.apache.http.headers - http-outgoing-26 << Server: Docker/1.12.1 (linux)
02:44:25.543 [Test worker] DEBUG org.apache.http.headers - http-outgoing-26 << Date: Tue, 18 Oct 2016 00:44:25 GMT
02:44:25.544 [Test worker] DEBUG o.a.h.impl.execchain.MainClientExec - Connection can be kept alive indefinitely
02:44:25.544 [Test worker] DEBUG c.g.d.j.JerseyDockerCmdExecFactory$1 - Connection [id: 26][route: {}->http://localhost:2375] can be kept alive indefinitely
02:44:25.544 [Test worker] DEBUG c.g.d.j.JerseyDockerCmdExecFactory$1 - Connection released: [id: 26][route: {}->http://localhost:2375][total kept alive: 1; route allocated: 1 of 2; total allocated: 1 of 20]
02:44:25.544 [Test worker] DEBUG c.g.d.j.JerseyDockerCmdExecFactory - 4 * Client response received on thread Test worker
4 < 204
4 < Date: Tue, 18 Oct 2016 00:44:25 GMT
4 < Server: Docker/1.12.1 (linux)

02:44:25.546 [Test worker] DEBUG c.g.d.core.command.AbstrDockerCmd - Cmd: ListImagesCmdImpl[imageNameFilter=<null>,showAll=true,filters=com.github.dockerjava.core.util.FiltersBuilder@0,execution=com.github.dockerjava.jaxrs.ListImagesCmdExec@7200dae7]
02:44:25.568 [Test worker] DEBUG c.g.d.j.JerseyDockerCmdExecFactory - 1 * Sending client request on thread Test worker
1 > GET http://localhost:2375/images/json?all=true
1 > Accept: application/json

02:44:25.568 [Test worker] DEBUG o.a.h.c.protocol.RequestAddCookies - CookieSpec selected: default
02:44:25.568 [Test worker] DEBUG o.a.h.c.protocol.RequestAuthCache - Auth cache not set in the context
02:44:25.569 [Test worker] DEBUG c.g.d.j.JerseyDockerCmdExecFactory$1 - Connection request: [route: {}->http://localhost:2375][total kept alive: 0; route allocated: 0 of 2; total allocated: 0 of 20]
02:44:25.569 [Test worker] DEBUG c.g.d.j.JerseyDockerCmdExecFactory$1 - Connection leased: [id: 27][route: {}->http://localhost:2375][total kept alive: 0; route allocated: 1 of 2; total allocated: 1 of 20]
02:44:25.569 [Test worker] DEBUG o.a.h.impl.execchain.MainClientExec - Opening connection {}->http://localhost:2375
02:44:25.569 [Test worker] DEBUG o.a.h.i.c.DefaultHttpClientConnectionOperator - Connecting to localhost/127.0.0.1:2375
02:44:25.569 [Test worker] DEBUG o.a.h.i.c.DefaultHttpClientConnectionOperator - Connection established 127.0.0.1:57054<->127.0.0.1:2375
02:44:25.569 [Test worker] DEBUG o.a.h.impl.execchain.MainClientExec - Executing request GET /images/json?all=true HTTP/1.1
02:44:25.569 [Test worker] DEBUG o.a.h.impl.execchain.MainClientExec - Target auth state: UNCHALLENGED
02:44:25.569 [Test worker] DEBUG o.a.h.impl.execchain.MainClientExec - Proxy auth state: UNCHALLENGED
02:44:25.570 [Test worker] DEBUG org.apache.http.headers - http-outgoing-27 >> GET /images/json?all=true HTTP/1.1
02:44:25.570 [Test worker] DEBUG org.apache.http.headers - http-outgoing-27 >> Accept: application/json
02:44:25.570 [Test worker] DEBUG org.apache.http.headers - http-outgoing-27 >> User-Agent: Jersey/2.23.1 (Apache HttpClient 4.5.1)
02:44:25.570 [Test worker] DEBUG org.apache.http.headers - http-outgoing-27 >> Host: localhost:2375
02:44:25.570 [Test worker] DEBUG org.apache.http.headers - http-outgoing-27 >> Connection: Keep-Alive
02:44:25.570 [Test worker] DEBUG org.apache.http.headers - http-outgoing-27 >> Accept-Encoding: gzip,deflate
02:44:25.570 [Test worker] DEBUG org.apache.http.wire - http-outgoing-27 >> "GET /images/json?all=true HTTP/1.1[\r][\n]"
02:44:25.570 [Test worker] DEBUG org.apache.http.wire - http-outgoing-27 >> "Accept: application/json[\r][\n]"
02:44:25.570 [Test worker] DEBUG org.apache.http.wire - http-outgoing-27 >> "User-Agent: Jersey/2.23.1 (Apache HttpClient 4.5.1)[\r][\n]"
02:44:25.570 [Test worker] DEBUG org.apache.http.wire - http-outgoing-27 >> "Host: localhost:2375[\r][\n]"
02:44:25.570 [Test worker] DEBUG org.apache.http.wire - http-outgoing-27 >> "Connection: Keep-Alive[\r][\n]"
02:44:25.570 [Test worker] DEBUG org.apache.http.wire - http-outgoing-27 >> "Accept-Encoding: gzip,deflate[\r][\n]"
02:44:25.570 [Test worker] DEBUG org.apache.http.wire - http-outgoing-27 >> "[\r][\n]"
02:44:25.571 [Test worker] DEBUG org.apache.http.wire - http-outgoing-27 << "HTTP/1.1 200 OK[\r][\n]"
02:44:25.572 [Test worker] DEBUG org.apache.http.wire - http-outgoing-27 << "Content-Type: application/json[\r][\n]"
02:44:25.572 [Test worker] DEBUG org.apache.http.wire - http-outgoing-27 << "Server: Docker/1.12.1 (linux)[\r][\n]"
02:44:25.572 [Test worker] DEBUG org.apache.http.wire - http-outgoing-27 << "Date: Tue, 18 Oct 2016 00:44:25 GMT[\r][\n]"
02:44:25.572 [Test worker] DEBUG org.apache.http.wire - http-outgoing-27 << "Content-Length: 1215[\r][\n]"
02:44:25.572 [Test worker] DEBUG org.apache.http.wire - http-outgoing-27 << "[\r][\n]"
02:44:25.572 [Test worker] DEBUG org.apache.http.wire - http-outgoing-27 << "[{"Id":"sha256:f753707788c5c100f194ce0a73058faae1a457774efcda6c1469544a114f8644","ParentId":"","RepoTags":["ubuntu:latest"],"RepoDigests":["ubuntu@sha256:2d44ae143feeb36f4c898d32ed2ab2dffeb3a573d2d8928646dfc9cb7deb1315"],"Created":1476393201,"Size":127161487,"VirtualSize":127161487,"Labels":{}},{"Id":"sha256:d654de4499473ed41349b54a988b6f46a7fc92e3fa2d61e102bf2660a0116e25","ParentId":"","RepoTags":["sakib37/iperf3:latest"],"RepoDigests":["sakib37/iperf3@sha256:8d80a810f8f508c074b14d02555f20110eac382c8dbda7252075392983629d40"],"Created":1474907599,"Size":199456654,"VirtualSize":199456654,"Labels":{}},{"Id":"sha256:45bc58500fa3d3c0d67233d4a7798134b46b486af1389ca87000c543f46c3d24","ParentId":"","RepoTags":["ubuntu:16.04"],"RepoDigests":["ubuntu@sha256:3235a49037919e99696d97df8d8a230717272d848ee4ddadbca8d54f97ee30cb"],"Created":1474304481,"Size":126872298,"VirtualSize":126872298,"Labels":{}},{"Id":"sha256:6fae60ef344644649a39240b94d73b8ba9c67f898ede85cf8e947a887b3e6557","ParentId":"","RepoTags":["training/webapp:latest"],"RepoDigests":["training/webapp@sha256:06e9c1983bd6d5db5fba376ccd63bfa529e8d02f23d5079b8f74a616308fb11d"],"Created":1431710615,"Size":348791356,"VirtualSize":348791356,"Labels":{}}][\n]"
02:44:25.572 [Test worker] DEBUG org.apache.http.headers - http-outgoing-27 << HTTP/1.1 200 OK
02:44:25.572 [Test worker] DEBUG org.apache.http.headers - http-outgoing-27 << Content-Type: application/json
02:44:25.572 [Test worker] DEBUG org.apache.http.headers - http-outgoing-27 << Server: Docker/1.12.1 (linux)
02:44:25.572 [Test worker] DEBUG org.apache.http.headers - http-outgoing-27 << Date: Tue, 18 Oct 2016 00:44:25 GMT
02:44:25.572 [Test worker] DEBUG org.apache.http.headers - http-outgoing-27 << Content-Length: 1215
02:44:25.572 [Test worker] DEBUG o.a.h.impl.execchain.MainClientExec - Connection can be kept alive indefinitely
02:44:25.573 [Test worker] DEBUG c.g.d.j.JerseyDockerCmdExecFactory - 2 * Client response received on thread Test worker
2 < 200
2 < Content-Length: 1215
2 < Content-Type: application/json
2 < Date: Tue, 18 Oct 2016 00:44:25 GMT
2 < Server: Docker/1.12.1 (linux)
[{"Id":"sha256:f753707788c5c100f194ce0a73058faae1a457774efcda6c1469544a114f8644","ParentId":"","RepoTags":["ubuntu:latest"],"RepoDigests":["ubuntu@sha256:2d44ae143feeb36f4c898d32ed2ab2dffeb3a573d2d8928646dfc9cb7deb1315"],"Created":1476393201,"Size":127161487,"VirtualSize":127161487,"Labels":{}},{"Id":"sha256:d654de4499473ed41349b54a988b6f46a7fc92e3fa2d61e102bf2660a0116e25","ParentId":"","RepoTags":["sakib37/iperf3:latest"],"RepoDigests":["sakib37/iperf3@sha256:8d80a810f8f508c074b14d02555f20110eac382c8dbda7252075392983629d40"],"Created":1474907599,"Size":199456654,"VirtualSize":199456654,"Labels":{}},{"Id":"sha256:45bc58500fa3d3c0d67233d4a7798134b46b486af1389ca87000c543f46c3d24","ParentId":"","RepoTags":["ubuntu:16.04"],"RepoDigests":["ubuntu@sha256:3235a49037919e99696d97df8d8a230717272d848ee4ddadbca8d54f97ee30cb"],"Created":1474304481,"Size":126872298,"VirtualSize":126872298,"Labels":{}},{"Id":"sha256:6fae60ef344644649a39240b94d73b8ba9c67f898ede85cf8e947a887b3e6557","ParentId":"","RepoTags":["training/webapp:latest"],"RepoDigests":["training/webapp@sha256:06e9c1983bd6d5db5fba376ccd63bfa529e8d02f23d5079b8f74a616308fb11d"],"Created":1431710615,"Size":348791356,"VirtualSize":348791356,"Labels":{}}]


02:44:25.576 [Test worker] DEBUG o.a.h.i.c.DefaultManagedHttpClientConnection - http-outgoing-27: Close connection
02:44:25.576 [Test worker] DEBUG o.a.h.impl.execchain.MainClientExec - Connection discarded
02:44:25.576 [Test worker] DEBUG c.g.d.j.JerseyDockerCmdExecFactory$1 - Connection released: [id: 27][route: {}->http://localhost:2375][total kept alive: 0; route allocated: 0 of 2; total allocated: 0 of 20]
02:44:25.578 [Test worker] DEBUG org.openbaton.docker.DockerVim - Found a docker image, transformed into a NFV Image Image{id='sha256:f753707788c5c100f194ce0a73058faae1a457774efcda6c1469544a114f8644', name='ubuntu', version=0, extId='null', minRam='0', minDiskSpace='0', minCPU='null', public='true', diskFormat='null', containerFormat='docker', created='Sun Jan 18 03:06:33 CET 1970', updated='null'}
02:44:25.580 [Test worker] DEBUG c.g.d.core.command.AbstrDockerCmd - Cmd: -1,<null>,true,<null>,<null>,com.github.dockerjava.core.util.FiltersBuilder@0,com.github.dockerjava.jaxrs.ListContainersCmdExec@33588864
02:44:25.592 [Test worker] DEBUG c.g.d.j.JerseyDockerCmdExecFactory - 1 * Sending client request on thread Test worker
1 > GET http://localhost:2375/containers/json?all=true
1 > Accept: application/json

02:44:25.593 [Test worker] DEBUG o.a.h.c.protocol.RequestAddCookies - CookieSpec selected: default
02:44:25.593 [Test worker] DEBUG o.a.h.c.protocol.RequestAuthCache - Auth cache not set in the context
02:44:25.593 [Test worker] DEBUG c.g.d.j.JerseyDockerCmdExecFactory$1 - Connection request: [route: {}->http://localhost:2375][total kept alive: 0; route allocated: 0 of 2; total allocated: 0 of 20]
02:44:25.593 [Test worker] DEBUG c.g.d.j.JerseyDockerCmdExecFactory$1 - Connection leased: [id: 28][route: {}->http://localhost:2375][total kept alive: 0; route allocated: 1 of 2; total allocated: 1 of 20]
02:44:25.593 [Test worker] DEBUG o.a.h.impl.execchain.MainClientExec - Opening connection {}->http://localhost:2375
02:44:25.593 [Test worker] DEBUG o.a.h.i.c.DefaultHttpClientConnectionOperator - Connecting to localhost/127.0.0.1:2375
02:44:25.594 [Test worker] DEBUG o.a.h.i.c.DefaultHttpClientConnectionOperator - Connection established 127.0.0.1:57056<->127.0.0.1:2375
02:44:25.594 [Test worker] DEBUG o.a.h.impl.execchain.MainClientExec - Executing request GET /containers/json?all=true HTTP/1.1
02:44:25.594 [Test worker] DEBUG o.a.h.impl.execchain.MainClientExec - Target auth state: UNCHALLENGED
02:44:25.594 [Test worker] DEBUG o.a.h.impl.execchain.MainClientExec - Proxy auth state: UNCHALLENGED
02:44:25.594 [Test worker] DEBUG org.apache.http.headers - http-outgoing-28 >> GET /containers/json?all=true HTTP/1.1
02:44:25.594 [Test worker] DEBUG org.apache.http.headers - http-outgoing-28 >> Accept: application/json
02:44:25.594 [Test worker] DEBUG org.apache.http.headers - http-outgoing-28 >> User-Agent: Jersey/2.23.1 (Apache HttpClient 4.5.1)
02:44:25.594 [Test worker] DEBUG org.apache.http.headers - http-outgoing-28 >> Host: localhost:2375
02:44:25.594 [Test worker] DEBUG org.apache.http.headers - http-outgoing-28 >> Connection: Keep-Alive
02:44:25.595 [Test worker] DEBUG org.apache.http.headers - http-outgoing-28 >> Accept-Encoding: gzip,deflate
02:44:25.595 [Test worker] DEBUG org.apache.http.wire - http-outgoing-28 >> "GET /containers/json?all=true HTTP/1.1[\r][\n]"
02:44:25.595 [Test worker] DEBUG org.apache.http.wire - http-outgoing-28 >> "Accept: application/json[\r][\n]"
02:44:25.595 [Test worker] DEBUG org.apache.http.wire - http-outgoing-28 >> "User-Agent: Jersey/2.23.1 (Apache HttpClient 4.5.1)[\r][\n]"
02:44:25.595 [Test worker] DEBUG org.apache.http.wire - http-outgoing-28 >> "Host: localhost:2375[\r][\n]"
02:44:25.595 [Test worker] DEBUG org.apache.http.wire - http-outgoing-28 >> "Connection: Keep-Alive[\r][\n]"
02:44:25.595 [Test worker] DEBUG org.apache.http.wire - http-outgoing-28 >> "Accept-Encoding: gzip,deflate[\r][\n]"
02:44:25.595 [Test worker] DEBUG org.apache.http.wire - http-outgoing-28 >> "[\r][\n]"
02:44:25.595 [Test worker] DEBUG org.apache.http.wire - http-outgoing-28 << "HTTP/1.1 200 OK[\r][\n]"
02:44:25.596 [Test worker] DEBUG org.apache.http.wire - http-outgoing-28 << "Content-Type: application/json[\r][\n]"
02:44:25.596 [Test worker] DEBUG org.apache.http.wire - http-outgoing-28 << "Server: Docker/1.12.1 (linux)[\r][\n]"
02:44:25.596 [Test worker] DEBUG org.apache.http.wire - http-outgoing-28 << "Date: Tue, 18 Oct 2016 00:44:25 GMT[\r][\n]"
02:44:25.596 [Test worker] DEBUG org.apache.http.wire - http-outgoing-28 << "Content-Length: 783[\r][\n]"
02:44:25.596 [Test worker] DEBUG org.apache.http.wire - http-outgoing-28 << "[\r][\n]"
02:44:25.596 [Test worker] DEBUG org.apache.http.wire - http-outgoing-28 << "[{"Id":"583f19ab9a3cf4742fb350b9e7d7195db042e41534cc3a5dda9c967e38990623","Names":["/MyContainer"],"Image":"ubuntu","ImageID":"sha256:f753707788c5c100f194ce0a73058faae1a457774efcda6c1469544a114f8644","Command":"sleep 99999","Created":1476751465,"Ports":[],"Labels":{},"State":"running","Status":"Up Less than a second","HostConfig":{"NetworkMode":"default"},"NetworkSettings":{"Networks":{"bridge":{"IPAMConfig":null,"Links":null,"Aliases":null,"NetworkID":"90941628611ab58d4fa4db6bcd1806afb9bf994c4562bea7ae3dc9153b373da5","EndpointID":"21c1e20855a624e5dbdf43bc397a231cda138717fc77a799f50874156f1813a1","Gateway":"172.17.0.1","IPAddress":"172.17.0.2","IPPrefixLen":16,"IPv6Gateway":"","GlobalIPv6Address":"","GlobalIPv6PrefixLen":0,"MacAddress":"02:42:ac:11:00:02"}}},"Mounts":[]}][\n]"
02:44:25.596 [Test worker] DEBUG org.apache.http.headers - http-outgoing-28 << HTTP/1.1 200 OK
02:44:25.596 [Test worker] DEBUG org.apache.http.headers - http-outgoing-28 << Content-Type: application/json
02:44:25.596 [Test worker] DEBUG org.apache.http.headers - http-outgoing-28 << Server: Docker/1.12.1 (linux)
02:44:25.596 [Test worker] DEBUG org.apache.http.headers - http-outgoing-28 << Date: Tue, 18 Oct 2016 00:44:25 GMT
02:44:25.596 [Test worker] DEBUG org.apache.http.headers - http-outgoing-28 << Content-Length: 783
02:44:25.596 [Test worker] DEBUG o.a.h.impl.execchain.MainClientExec - Connection can be kept alive indefinitely
02:44:25.597 [Test worker] DEBUG c.g.d.j.JerseyDockerCmdExecFactory - 2 * Client response received on thread Test worker
2 < 200
2 < Content-Length: 783
2 < Content-Type: application/json
2 < Date: Tue, 18 Oct 2016 00:44:25 GMT
2 < Server: Docker/1.12.1 (linux)
[{"Id":"583f19ab9a3cf4742fb350b9e7d7195db042e41534cc3a5dda9c967e38990623","Names":["/MyContainer"],"Image":"ubuntu","ImageID":"sha256:f753707788c5c100f194ce0a73058faae1a457774efcda6c1469544a114f8644","Command":"sleep 99999","Created":1476751465,"Ports":[],"Labels":{},"State":"running","Status":"Up Less than a second","HostConfig":{"NetworkMode":"default"},"NetworkSettings":{"Networks":{"bridge":{"IPAMConfig":null,"Links":null,"Aliases":null,"NetworkID":"90941628611ab58d4fa4db6bcd1806afb9bf994c4562bea7ae3dc9153b373da5","EndpointID":"21c1e20855a624e5dbdf43bc397a231cda138717fc77a799f50874156f1813a1","Gateway":"172.17.0.1","IPAddress":"172.17.0.2","IPPrefixLen":16,"IPv6Gateway":"","GlobalIPv6Address":"","GlobalIPv6PrefixLen":0,"MacAddress":"02:42:ac:11:00:02"}}},"Mounts":[]}]


02:44:25.611 [Test worker] DEBUG o.a.h.i.c.DefaultManagedHttpClientConnection - http-outgoing-28: Close connection
02:44:25.611 [Test worker] DEBUG o.a.h.impl.execchain.MainClientExec - Connection discarded
02:44:25.611 [Test worker] DEBUG c.g.d.j.JerseyDockerCmdExecFactory$1 - Connection released: [id: 28][route: {}->http://localhost:2375][total kept alive: 0; route allocated: 0 of 2; total allocated: 0 of 20]
02:44:25.616 [Test worker] DEBUG c.g.d.core.command.AbstrDockerCmd - Cmd: ListImagesCmdImpl[imageNameFilter=<null>,showAll=true,filters=com.github.dockerjava.core.util.FiltersBuilder@0,execution=com.github.dockerjava.jaxrs.ListImagesCmdExec@3182127d]
02:44:25.647 [Test worker] DEBUG c.g.d.j.JerseyDockerCmdExecFactory - 1 * Sending client request on thread Test worker
1 > GET http://localhost:2375/images/json?all=true
1 > Accept: application/json

02:44:25.647 [Test worker] DEBUG o.a.h.c.protocol.RequestAddCookies - CookieSpec selected: default
02:44:25.648 [Test worker] DEBUG o.a.h.c.protocol.RequestAuthCache - Auth cache not set in the context
02:44:25.648 [Test worker] DEBUG c.g.d.j.JerseyDockerCmdExecFactory$1 - Connection request: [route: {}->http://localhost:2375][total kept alive: 0; route allocated: 0 of 2; total allocated: 0 of 20]
02:44:25.648 [Test worker] DEBUG c.g.d.j.JerseyDockerCmdExecFactory$1 - Connection leased: [id: 29][route: {}->http://localhost:2375][total kept alive: 0; route allocated: 1 of 2; total allocated: 1 of 20]
02:44:25.648 [Test worker] DEBUG o.a.h.impl.execchain.MainClientExec - Opening connection {}->http://localhost:2375
02:44:25.648 [Test worker] DEBUG o.a.h.i.c.DefaultHttpClientConnectionOperator - Connecting to localhost/127.0.0.1:2375
02:44:25.648 [Test worker] DEBUG o.a.h.i.c.DefaultHttpClientConnectionOperator - Connection established 127.0.0.1:57058<->127.0.0.1:2375
02:44:25.648 [Test worker] DEBUG o.a.h.impl.execchain.MainClientExec - Executing request GET /images/json?all=true HTTP/1.1
02:44:25.648 [Test worker] DEBUG o.a.h.impl.execchain.MainClientExec - Target auth state: UNCHALLENGED
02:44:25.648 [Test worker] DEBUG o.a.h.impl.execchain.MainClientExec - Proxy auth state: UNCHALLENGED
02:44:25.649 [Test worker] DEBUG org.apache.http.headers - http-outgoing-29 >> GET /images/json?all=true HTTP/1.1
02:44:25.649 [Test worker] DEBUG org.apache.http.headers - http-outgoing-29 >> Accept: application/json
02:44:25.649 [Test worker] DEBUG org.apache.http.headers - http-outgoing-29 >> User-Agent: Jersey/2.23.1 (Apache HttpClient 4.5.1)
02:44:25.649 [Test worker] DEBUG org.apache.http.headers - http-outgoing-29 >> Host: localhost:2375
02:44:25.649 [Test worker] DEBUG org.apache.http.headers - http-outgoing-29 >> Connection: Keep-Alive
02:44:25.649 [Test worker] DEBUG org.apache.http.headers - http-outgoing-29 >> Accept-Encoding: gzip,deflate
02:44:25.649 [Test worker] DEBUG org.apache.http.wire - http-outgoing-29 >> "GET /images/json?all=true HTTP/1.1[\r][\n]"
02:44:25.649 [Test worker] DEBUG org.apache.http.wire - http-outgoing-29 >> "Accept: application/json[\r][\n]"
02:44:25.649 [Test worker] DEBUG org.apache.http.wire - http-outgoing-29 >> "User-Agent: Jersey/2.23.1 (Apache HttpClient 4.5.1)[\r][\n]"
02:44:25.649 [Test worker] DEBUG org.apache.http.wire - http-outgoing-29 >> "Host: localhost:2375[\r][\n]"
02:44:25.649 [Test worker] DEBUG org.apache.http.wire - http-outgoing-29 >> "Connection: Keep-Alive[\r][\n]"
02:44:25.649 [Test worker] DEBUG org.apache.http.wire - http-outgoing-29 >> "Accept-Encoding: gzip,deflate[\r][\n]"
02:44:25.649 [Test worker] DEBUG org.apache.http.wire - http-outgoing-29 >> "[\r][\n]"
02:44:25.650 [Test worker] DEBUG org.apache.http.wire - http-outgoing-29 << "HTTP/1.1 200 OK[\r][\n]"
02:44:25.651 [Test worker] DEBUG org.apache.http.wire - http-outgoing-29 << "Content-Type: application/json[\r][\n]"
02:44:25.651 [Test worker] DEBUG org.apache.http.wire - http-outgoing-29 << "Server: Docker/1.12.1 (linux)[\r][\n]"
02:44:25.651 [Test worker] DEBUG org.apache.http.wire - http-outgoing-29 << "Date: Tue, 18 Oct 2016 00:44:25 GMT[\r][\n]"
02:44:25.651 [Test worker] DEBUG org.apache.http.wire - http-outgoing-29 << "Content-Length: 1215[\r][\n]"
02:44:25.651 [Test worker] DEBUG org.apache.http.wire - http-outgoing-29 << "[\r][\n]"
02:44:25.651 [Test worker] DEBUG org.apache.http.wire - http-outgoing-29 << "[{"Id":"sha256:f753707788c5c100f194ce0a73058faae1a457774efcda6c1469544a114f8644","ParentId":"","RepoTags":["ubuntu:latest"],"RepoDigests":["ubuntu@sha256:2d44ae143feeb36f4c898d32ed2ab2dffeb3a573d2d8928646dfc9cb7deb1315"],"Created":1476393201,"Size":127161487,"VirtualSize":127161487,"Labels":{}},{"Id":"sha256:d654de4499473ed41349b54a988b6f46a7fc92e3fa2d61e102bf2660a0116e25","ParentId":"","RepoTags":["sakib37/iperf3:latest"],"RepoDigests":["sakib37/iperf3@sha256:8d80a810f8f508c074b14d02555f20110eac382c8dbda7252075392983629d40"],"Created":1474907599,"Size":199456654,"VirtualSize":199456654,"Labels":{}},{"Id":"sha256:45bc58500fa3d3c0d67233d4a7798134b46b486af1389ca87000c543f46c3d24","ParentId":"","RepoTags":["ubuntu:16.04"],"RepoDigests":["ubuntu@sha256:3235a49037919e99696d97df8d8a230717272d848ee4ddadbca8d54f97ee30cb"],"Created":1474304481,"Size":126872298,"VirtualSize":126872298,"Labels":{}},{"Id":"sha256:6fae60ef344644649a39240b94d73b8ba9c67f898ede85cf8e947a887b3e6557","ParentId":"","RepoTags":["training/webapp:latest"],"RepoDigests":["training/webapp@sha256:06e9c1983bd6d5db5fba376ccd63bfa529e8d02f23d5079b8f74a616308fb11d"],"Created":1431710615,"Size":348791356,"VirtualSize":348791356,"Labels":{}}][\n]"
02:44:25.651 [Test worker] DEBUG org.apache.http.headers - http-outgoing-29 << HTTP/1.1 200 OK
02:44:25.651 [Test worker] DEBUG org.apache.http.headers - http-outgoing-29 << Content-Type: application/json
02:44:25.651 [Test worker] DEBUG org.apache.http.headers - http-outgoing-29 << Server: Docker/1.12.1 (linux)
02:44:25.651 [Test worker] DEBUG org.apache.http.headers - http-outgoing-29 << Date: Tue, 18 Oct 2016 00:44:25 GMT
02:44:25.651 [Test worker] DEBUG org.apache.http.headers - http-outgoing-29 << Content-Length: 1215
02:44:25.652 [Test worker] DEBUG o.a.h.impl.execchain.MainClientExec - Connection can be kept alive indefinitely
02:44:25.652 [Test worker] DEBUG c.g.d.j.JerseyDockerCmdExecFactory - 2 * Client response received on thread Test worker
2 < 200
2 < Content-Length: 1215
2 < Content-Type: application/json
2 < Date: Tue, 18 Oct 2016 00:44:25 GMT
2 < Server: Docker/1.12.1 (linux)
[{"Id":"sha256:f753707788c5c100f194ce0a73058faae1a457774efcda6c1469544a114f8644","ParentId":"","RepoTags":["ubuntu:latest"],"RepoDigests":["ubuntu@sha256:2d44ae143feeb36f4c898d32ed2ab2dffeb3a573d2d8928646dfc9cb7deb1315"],"Created":1476393201,"Size":127161487,"VirtualSize":127161487,"Labels":{}},{"Id":"sha256:d654de4499473ed41349b54a988b6f46a7fc92e3fa2d61e102bf2660a0116e25","ParentId":"","RepoTags":["sakib37/iperf3:latest"],"RepoDigests":["sakib37/iperf3@sha256:8d80a810f8f508c074b14d02555f20110eac382c8dbda7252075392983629d40"],"Created":1474907599,"Size":199456654,"VirtualSize":199456654,"Labels":{}},{"Id":"sha256:45bc58500fa3d3c0d67233d4a7798134b46b486af1389ca87000c543f46c3d24","ParentId":"","RepoTags":["ubuntu:16.04"],"RepoDigests":["ubuntu@sha256:3235a49037919e99696d97df8d8a230717272d848ee4ddadbca8d54f97ee30cb"],"Created":1474304481,"Size":126872298,"VirtualSize":126872298,"Labels":{}},{"Id":"sha256:6fae60ef344644649a39240b94d73b8ba9c67f898ede85cf8e947a887b3e6557","ParentId":"","RepoTags":["training/webapp:latest"],"RepoDigests":["training/webapp@sha256:06e9c1983bd6d5db5fba376ccd63bfa529e8d02f23d5079b8f74a616308fb11d"],"Created":1431710615,"Size":348791356,"VirtualSize":348791356,"Labels":{}}]


02:44:25.654 [Test worker] DEBUG o.a.h.i.c.DefaultManagedHttpClientConnection - http-outgoing-29: Close connection
02:44:25.654 [Test worker] DEBUG o.a.h.impl.execchain.MainClientExec - Connection discarded
02:44:25.654 [Test worker] DEBUG c.g.d.j.JerseyDockerCmdExecFactory$1 - Connection released: [id: 29][route: {}->http://localhost:2375][total kept alive: 0; route allocated: 0 of 2; total allocated: 0 of 20]
02:44:25.655 [Test worker] DEBUG org.openbaton.docker.DockerVim - Found a docker image, transformed into a NFV Image Image{id='sha256:f753707788c5c100f194ce0a73058faae1a457774efcda6c1469544a114f8644', name='ubuntu', version=0, extId='null', minRam='0', minDiskSpace='0', minCPU='null', public='true', diskFormat='null', containerFormat='docker', created='Sun Jan 18 03:06:33 CET 1970', updated='null'}
02:44:25.656 [Test worker] DEBUG c.g.d.core.command.AbstrDockerCmd - Cmd: 583f19ab9a3cf4742fb350b9e7d7195db042e41534cc3a5dda9c967e38990623,2,com.github.dockerjava.jaxrs.StopContainerCmdExec@27a7cac9
02:44:25.675 [Test worker] DEBUG c.g.d.j.JerseyDockerCmdExecFactory - 1 * Sending client request on thread Test worker
1 > POST http://localhost:2375/containers/583f19ab9a3cf4742fb350b9e7d7195db042e41534cc3a5dda9c967e38990623/stop?t=2
1 > Accept: application/json

02:44:25.675 [Test worker] DEBUG o.a.h.c.protocol.RequestAddCookies - CookieSpec selected: default
02:44:25.675 [Test worker] DEBUG o.a.h.c.protocol.RequestAuthCache - Auth cache not set in the context
02:44:25.676 [Test worker] DEBUG c.g.d.j.JerseyDockerCmdExecFactory$1 - Connection request: [route: {}->http://localhost:2375][total kept alive: 0; route allocated: 0 of 2; total allocated: 0 of 20]
02:44:25.676 [Test worker] DEBUG c.g.d.j.JerseyDockerCmdExecFactory$1 - Connection leased: [id: 30][route: {}->http://localhost:2375][total kept alive: 0; route allocated: 1 of 2; total allocated: 1 of 20]
02:44:25.676 [Test worker] DEBUG o.a.h.impl.execchain.MainClientExec - Opening connection {}->http://localhost:2375
02:44:25.676 [Test worker] DEBUG o.a.h.i.c.DefaultHttpClientConnectionOperator - Connecting to localhost/127.0.0.1:2375
02:44:25.676 [Test worker] DEBUG o.a.h.i.c.DefaultHttpClientConnectionOperator - Connection established 127.0.0.1:57060<->127.0.0.1:2375
02:44:25.676 [Test worker] DEBUG o.a.h.impl.execchain.MainClientExec - Executing request POST /containers/583f19ab9a3cf4742fb350b9e7d7195db042e41534cc3a5dda9c967e38990623/stop?t=2 HTTP/1.1
02:44:25.676 [Test worker] DEBUG o.a.h.impl.execchain.MainClientExec - Target auth state: UNCHALLENGED
02:44:25.676 [Test worker] DEBUG o.a.h.impl.execchain.MainClientExec - Proxy auth state: UNCHALLENGED
02:44:25.677 [Test worker] DEBUG org.apache.http.headers - http-outgoing-30 >> POST /containers/583f19ab9a3cf4742fb350b9e7d7195db042e41534cc3a5dda9c967e38990623/stop?t=2 HTTP/1.1
02:44:25.677 [Test worker] DEBUG org.apache.http.headers - http-outgoing-30 >> Accept: application/json
02:44:25.677 [Test worker] DEBUG org.apache.http.headers - http-outgoing-30 >> User-Agent: Jersey/2.23.1 (Apache HttpClient 4.5.1)
02:44:25.677 [Test worker] DEBUG org.apache.http.headers - http-outgoing-30 >> Host: localhost:2375
02:44:25.677 [Test worker] DEBUG org.apache.http.headers - http-outgoing-30 >> Connection: Keep-Alive
02:44:25.677 [Test worker] DEBUG org.apache.http.headers - http-outgoing-30 >> Accept-Encoding: gzip,deflate
02:44:25.677 [Test worker] DEBUG org.apache.http.wire - http-outgoing-30 >> "POST /containers/583f19ab9a3cf4742fb350b9e7d7195db042e41534cc3a5dda9c967e38990623/stop?t=2 HTTP/1.1[\r][\n]"
02:44:25.677 [Test worker] DEBUG org.apache.http.wire - http-outgoing-30 >> "Accept: application/json[\r][\n]"
02:44:25.677 [Test worker] DEBUG org.apache.http.wire - http-outgoing-30 >> "User-Agent: Jersey/2.23.1 (Apache HttpClient 4.5.1)[\r][\n]"
02:44:25.677 [Test worker] DEBUG org.apache.http.wire - http-outgoing-30 >> "Host: localhost:2375[\r][\n]"
02:44:25.677 [Test worker] DEBUG org.apache.http.wire - http-outgoing-30 >> "Connection: Keep-Alive[\r][\n]"
02:44:25.678 [Test worker] DEBUG org.apache.http.wire - http-outgoing-30 >> "Accept-Encoding: gzip,deflate[\r][\n]"
02:44:25.678 [Test worker] DEBUG org.apache.http.wire - http-outgoing-30 >> "[\r][\n]"
02:44:27.757 [Test worker] DEBUG org.apache.http.wire - http-outgoing-30 << "HTTP/1.1 204 No Content[\r][\n]"
02:44:27.757 [Test worker] DEBUG org.apache.http.wire - http-outgoing-30 << "Server: Docker/1.12.1 (linux)[\r][\n]"
02:44:27.757 [Test worker] DEBUG org.apache.http.wire - http-outgoing-30 << "Date: Tue, 18 Oct 2016 00:44:27 GMT[\r][\n]"
02:44:27.757 [Test worker] DEBUG org.apache.http.wire - http-outgoing-30 << "[\r][\n]"
02:44:27.757 [Test worker] DEBUG org.apache.http.headers - http-outgoing-30 << HTTP/1.1 204 No Content
02:44:27.757 [Test worker] DEBUG org.apache.http.headers - http-outgoing-30 << Server: Docker/1.12.1 (linux)
02:44:27.757 [Test worker] DEBUG org.apache.http.headers - http-outgoing-30 << Date: Tue, 18 Oct 2016 00:44:27 GMT
02:44:27.757 [Test worker] DEBUG o.a.h.impl.execchain.MainClientExec - Connection can be kept alive indefinitely
02:44:27.757 [Test worker] DEBUG c.g.d.j.JerseyDockerCmdExecFactory$1 - Connection [id: 30][route: {}->http://localhost:2375] can be kept alive indefinitely
02:44:27.758 [Test worker] DEBUG c.g.d.j.JerseyDockerCmdExecFactory$1 - Connection released: [id: 30][route: {}->http://localhost:2375][total kept alive: 1; route allocated: 1 of 2; total allocated: 1 of 20]
02:44:27.758 [Test worker] DEBUG c.g.d.j.JerseyDockerCmdExecFactory - 2 * Client response received on thread Test worker
2 < 204
2 < Date: Tue, 18 Oct 2016 00:44:27 GMT
2 < Server: Docker/1.12.1 (linux)

02:44:27.758 [Test worker] DEBUG c.g.d.core.command.AbstrDockerCmd - Cmd: 583f19ab9a3cf4742fb350b9e7d7195db042e41534cc3a5dda9c967e38990623,<null>,<null>,com.github.dockerjava.jaxrs.RemoveContainerCmdExec@210dfbcd
02:44:27.759 [Test worker] DEBUG c.g.d.j.JerseyDockerCmdExecFactory - 3 * Sending client request on thread Test worker
3 > DELETE http://localhost:2375/containers/583f19ab9a3cf4742fb350b9e7d7195db042e41534cc3a5dda9c967e38990623
3 > Accept: application/json

02:44:27.759 [Test worker] DEBUG o.a.h.c.protocol.RequestAddCookies - CookieSpec selected: default
02:44:27.759 [Test worker] DEBUG o.a.h.c.protocol.RequestAuthCache - Auth cache not set in the context
02:44:27.759 [Test worker] DEBUG c.g.d.j.JerseyDockerCmdExecFactory$1 - Connection request: [route: {}->http://localhost:2375][total kept alive: 1; route allocated: 1 of 2; total allocated: 1 of 20]
02:44:27.759 [Test worker] DEBUG c.g.d.j.JerseyDockerCmdExecFactory$1 - Connection leased: [id: 30][route: {}->http://localhost:2375][total kept alive: 0; route allocated: 1 of 2; total allocated: 1 of 20]
02:44:27.759 [Test worker] DEBUG o.a.h.impl.execchain.MainClientExec - Executing request DELETE /containers/583f19ab9a3cf4742fb350b9e7d7195db042e41534cc3a5dda9c967e38990623 HTTP/1.1
02:44:27.759 [Test worker] DEBUG o.a.h.impl.execchain.MainClientExec - Target auth state: UNCHALLENGED
02:44:27.759 [Test worker] DEBUG o.a.h.impl.execchain.MainClientExec - Proxy auth state: UNCHALLENGED
02:44:27.759 [Test worker] DEBUG org.apache.http.headers - http-outgoing-30 >> DELETE /containers/583f19ab9a3cf4742fb350b9e7d7195db042e41534cc3a5dda9c967e38990623 HTTP/1.1
02:44:27.759 [Test worker] DEBUG org.apache.http.headers - http-outgoing-30 >> Accept: application/json
02:44:27.759 [Test worker] DEBUG org.apache.http.headers - http-outgoing-30 >> User-Agent: Jersey/2.23.1 (Apache HttpClient 4.5.1)
02:44:27.759 [Test worker] DEBUG org.apache.http.headers - http-outgoing-30 >> Host: localhost:2375
02:44:27.759 [Test worker] DEBUG org.apache.http.headers - http-outgoing-30 >> Connection: Keep-Alive
02:44:27.759 [Test worker] DEBUG org.apache.http.headers - http-outgoing-30 >> Accept-Encoding: gzip,deflate
02:44:27.759 [Test worker] DEBUG org.apache.http.wire - http-outgoing-30 >> "DELETE /containers/583f19ab9a3cf4742fb350b9e7d7195db042e41534cc3a5dda9c967e38990623 HTTP/1.1[\r][\n]"
02:44:27.759 [Test worker] DEBUG org.apache.http.wire - http-outgoing-30 >> "Accept: application/json[\r][\n]"
02:44:27.772 [Test worker] DEBUG org.apache.http.wire - http-outgoing-30 >> "User-Agent: Jersey/2.23.1 (Apache HttpClient 4.5.1)[\r][\n]"
02:44:27.772 [Test worker] DEBUG org.apache.http.wire - http-outgoing-30 >> "Host: localhost:2375[\r][\n]"
02:44:27.772 [Test worker] DEBUG org.apache.http.wire - http-outgoing-30 >> "Connection: Keep-Alive[\r][\n]"
02:44:27.772 [Test worker] DEBUG org.apache.http.wire - http-outgoing-30 >> "Accept-Encoding: gzip,deflate[\r][\n]"
02:44:27.772 [Test worker] DEBUG org.apache.http.wire - http-outgoing-30 >> "[\r][\n]"
02:44:27.777 [Test worker] DEBUG org.apache.http.wire - http-outgoing-30 << "HTTP/1.1 204 No Content[\r][\n]"
02:44:27.777 [Test worker] DEBUG org.apache.http.wire - http-outgoing-30 << "Server: Docker/1.12.1 (linux)[\r][\n]"
02:44:27.777 [Test worker] DEBUG org.apache.http.wire - http-outgoing-30 << "Date: Tue, 18 Oct 2016 00:44:27 GMT[\r][\n]"
02:44:27.777 [Test worker] DEBUG org.apache.http.wire - http-outgoing-30 << "[\r][\n]"
02:44:27.777 [Test worker] DEBUG org.apache.http.headers - http-outgoing-30 << HTTP/1.1 204 No Content
02:44:27.777 [Test worker] DEBUG org.apache.http.headers - http-outgoing-30 << Server: Docker/1.12.1 (linux)
02:44:27.777 [Test worker] DEBUG org.apache.http.headers - http-outgoing-30 << Date: Tue, 18 Oct 2016 00:44:27 GMT
02:44:27.777 [Test worker] DEBUG o.a.h.impl.execchain.MainClientExec - Connection can be kept alive indefinitely
02:44:27.777 [Test worker] DEBUG c.g.d.j.JerseyDockerCmdExecFactory$1 - Connection [id: 30][route: {}->http://localhost:2375] can be kept alive indefinitely
02:44:27.777 [Test worker] DEBUG c.g.d.j.JerseyDockerCmdExecFactory$1 - Connection released: [id: 30][route: {}->http://localhost:2375][total kept alive: 1; route allocated: 1 of 2; total allocated: 1 of 20]
02:44:27.777 [Test worker] DEBUG c.g.d.j.JerseyDockerCmdExecFactory - 4 * Client response received on thread Test worker
4 < 204
4 < Date: Tue, 18 Oct 2016 00:44:27 GMT
4 < Server: Docker/1.12.1 (linux)

02:44:27.778 [Test worker] DEBUG org.openbaton.docker.DockerVim - Server deleted successfully
02:44:27.779 [Test worker] DEBUG c.g.d.core.command.AbstrDockerCmd - Cmd: -1,<null>,true,<null>,<null>,com.github.dockerjava.core.util.FiltersBuilder@0,com.github.dockerjava.jaxrs.ListContainersCmdExec@1d3302a5
02:44:27.796 [Test worker] DEBUG c.g.d.j.JerseyDockerCmdExecFactory - 1 * Sending client request on thread Test worker
1 > GET http://localhost:2375/containers/json?all=true
1 > Accept: application/json

02:44:27.796 [Test worker] DEBUG o.a.h.c.protocol.RequestAddCookies - CookieSpec selected: default
02:44:27.796 [Test worker] DEBUG o.a.h.c.protocol.RequestAuthCache - Auth cache not set in the context
02:44:27.796 [Test worker] DEBUG c.g.d.j.JerseyDockerCmdExecFactory$1 - Connection request: [route: {}->http://localhost:2375][total kept alive: 0; route allocated: 0 of 2; total allocated: 0 of 20]
02:44:27.797 [Test worker] DEBUG c.g.d.j.JerseyDockerCmdExecFactory$1 - Connection leased: [id: 31][route: {}->http://localhost:2375][total kept alive: 0; route allocated: 1 of 2; total allocated: 1 of 20]
02:44:27.797 [Test worker] DEBUG o.a.h.impl.execchain.MainClientExec - Opening connection {}->http://localhost:2375
02:44:27.797 [Test worker] DEBUG o.a.h.i.c.DefaultHttpClientConnectionOperator - Connecting to localhost/127.0.0.1:2375
02:44:27.797 [Test worker] DEBUG o.a.h.i.c.DefaultHttpClientConnectionOperator - Connection established 127.0.0.1:57062<->127.0.0.1:2375
02:44:27.797 [Test worker] DEBUG o.a.h.impl.execchain.MainClientExec - Executing request GET /containers/json?all=true HTTP/1.1
02:44:27.797 [Test worker] DEBUG o.a.h.impl.execchain.MainClientExec - Target auth state: UNCHALLENGED
02:44:27.797 [Test worker] DEBUG o.a.h.impl.execchain.MainClientExec - Proxy auth state: UNCHALLENGED
02:44:27.797 [Test worker] DEBUG org.apache.http.headers - http-outgoing-31 >> GET /containers/json?all=true HTTP/1.1
02:44:27.798 [Test worker] DEBUG org.apache.http.headers - http-outgoing-31 >> Accept: application/json
02:44:27.798 [Test worker] DEBUG org.apache.http.headers - http-outgoing-31 >> User-Agent: Jersey/2.23.1 (Apache HttpClient 4.5.1)
02:44:27.798 [Test worker] DEBUG org.apache.http.headers - http-outgoing-31 >> Host: localhost:2375
02:44:27.798 [Test worker] DEBUG org.apache.http.headers - http-outgoing-31 >> Connection: Keep-Alive
02:44:27.798 [Test worker] DEBUG org.apache.http.headers - http-outgoing-31 >> Accept-Encoding: gzip,deflate
02:44:27.798 [Test worker] DEBUG org.apache.http.wire - http-outgoing-31 >> "GET /containers/json?all=true HTTP/1.1[\r][\n]"
02:44:27.798 [Test worker] DEBUG org.apache.http.wire - http-outgoing-31 >> "Accept: application/json[\r][\n]"
02:44:27.798 [Test worker] DEBUG org.apache.http.wire - http-outgoing-31 >> "User-Agent: Jersey/2.23.1 (Apache HttpClient 4.5.1)[\r][\n]"
02:44:27.798 [Test worker] DEBUG org.apache.http.wire - http-outgoing-31 >> "Host: localhost:2375[\r][\n]"
02:44:27.798 [Test worker] DEBUG org.apache.http.wire - http-outgoing-31 >> "Connection: Keep-Alive[\r][\n]"
02:44:27.798 [Test worker] DEBUG org.apache.http.wire - http-outgoing-31 >> "Accept-Encoding: gzip,deflate[\r][\n]"
02:44:27.798 [Test worker] DEBUG org.apache.http.wire - http-outgoing-31 >> "[\r][\n]"
02:44:27.799 [Test worker] DEBUG org.apache.http.wire - http-outgoing-31 << "HTTP/1.1 200 OK[\r][\n]"
02:44:27.799 [Test worker] DEBUG org.apache.http.wire - http-outgoing-31 << "Content-Type: application/json[\r][\n]"
02:44:27.799 [Test worker] DEBUG org.apache.http.wire - http-outgoing-31 << "Server: Docker/1.12.1 (linux)[\r][\n]"
02:44:27.799 [Test worker] DEBUG org.apache.http.wire - http-outgoing-31 << "Date: Tue, 18 Oct 2016 00:44:27 GMT[\r][\n]"
02:44:27.799 [Test worker] DEBUG org.apache.http.wire - http-outgoing-31 << "Content-Length: 3[\r][\n]"
02:44:27.799 [Test worker] DEBUG org.apache.http.wire - http-outgoing-31 << "[\r][\n]"
02:44:27.799 [Test worker] DEBUG org.apache.http.wire - http-outgoing-31 << "[][\n]"
02:44:27.799 [Test worker] DEBUG org.apache.http.headers - http-outgoing-31 << HTTP/1.1 200 OK
02:44:27.799 [Test worker] DEBUG org.apache.http.headers - http-outgoing-31 << Content-Type: application/json
02:44:27.799 [Test worker] DEBUG org.apache.http.headers - http-outgoing-31 << Server: Docker/1.12.1 (linux)
02:44:27.799 [Test worker] DEBUG org.apache.http.headers - http-outgoing-31 << Date: Tue, 18 Oct 2016 00:44:27 GMT
02:44:27.799 [Test worker] DEBUG org.apache.http.headers - http-outgoing-31 << Content-Length: 3
02:44:27.800 [Test worker] DEBUG o.a.h.impl.execchain.MainClientExec - Connection can be kept alive indefinitely
02:44:27.800 [Test worker] DEBUG c.g.d.j.JerseyDockerCmdExecFactory - 2 * Client response received on thread Test worker
2 < 200
2 < Content-Length: 3
2 < Content-Type: application/json
2 < Date: Tue, 18 Oct 2016 00:44:27 GMT
2 < Server: Docker/1.12.1 (linux)
[]


02:44:27.801 [Test worker] DEBUG c.g.d.j.JerseyDockerCmdExecFactory$1 - Connection [id: 31][route: {}->http://localhost:2375] can be kept alive indefinitely
02:44:27.801 [Test worker] DEBUG c.g.d.j.JerseyDockerCmdExecFactory$1 - Connection released: [id: 31][route: {}->http://localhost:2375][total kept alive: 1; route allocated: 1 of 2; total allocated: 1 of 20]
02:44:27.808 [Test worker] DEBUG c.g.d.core.command.AbstrDockerCmd - Cmd: -1,<null>,true,<null>,<null>,com.github.dockerjava.core.util.FiltersBuilder@0,com.github.dockerjava.jaxrs.ListContainersCmdExec@7bbe7fb2
02:44:27.827 [Test worker] DEBUG c.g.d.j.JerseyDockerCmdExecFactory - 1 * Sending client request on thread Test worker
1 > GET http://localhost:2375/containers/json?all=true
1 > Accept: application/json

02:44:27.827 [Test worker] DEBUG o.a.h.c.protocol.RequestAddCookies - CookieSpec selected: default
02:44:27.827 [Test worker] DEBUG o.a.h.c.protocol.RequestAuthCache - Auth cache not set in the context
02:44:27.827 [Test worker] DEBUG c.g.d.j.JerseyDockerCmdExecFactory$1 - Connection request: [route: {}->http://localhost:2375][total kept alive: 0; route allocated: 0 of 2; total allocated: 0 of 20]
02:44:27.827 [Test worker] DEBUG c.g.d.j.JerseyDockerCmdExecFactory$1 - Connection leased: [id: 32][route: {}->http://localhost:2375][total kept alive: 0; route allocated: 1 of 2; total allocated: 1 of 20]
02:44:27.828 [Test worker] DEBUG o.a.h.impl.execchain.MainClientExec - Opening connection {}->http://localhost:2375
02:44:27.828 [Test worker] DEBUG o.a.h.i.c.DefaultHttpClientConnectionOperator - Connecting to localhost/127.0.0.1:2375
02:44:27.828 [Test worker] DEBUG o.a.h.i.c.DefaultHttpClientConnectionOperator - Connection established 127.0.0.1:57064<->127.0.0.1:2375
02:44:27.828 [Test worker] DEBUG o.a.h.impl.execchain.MainClientExec - Executing request GET /containers/json?all=true HTTP/1.1
02:44:27.828 [Test worker] DEBUG o.a.h.impl.execchain.MainClientExec - Target auth state: UNCHALLENGED
02:44:27.828 [Test worker] DEBUG o.a.h.impl.execchain.MainClientExec - Proxy auth state: UNCHALLENGED
02:44:27.828 [Test worker] DEBUG org.apache.http.headers - http-outgoing-32 >> GET /containers/json?all=true HTTP/1.1
02:44:27.828 [Test worker] DEBUG org.apache.http.headers - http-outgoing-32 >> Accept: application/json
02:44:27.829 [Test worker] DEBUG org.apache.http.headers - http-outgoing-32 >> User-Agent: Jersey/2.23.1 (Apache HttpClient 4.5.1)
02:44:27.829 [Test worker] DEBUG org.apache.http.headers - http-outgoing-32 >> Host: localhost:2375
02:44:27.829 [Test worker] DEBUG org.apache.http.headers - http-outgoing-32 >> Connection: Keep-Alive
02:44:27.829 [Test worker] DEBUG org.apache.http.headers - http-outgoing-32 >> Accept-Encoding: gzip,deflate
02:44:27.829 [Test worker] DEBUG org.apache.http.wire - http-outgoing-32 >> "GET /containers/json?all=true HTTP/1.1[\r][\n]"
02:44:27.829 [Test worker] DEBUG org.apache.http.wire - http-outgoing-32 >> "Accept: application/json[\r][\n]"
02:44:27.829 [Test worker] DEBUG org.apache.http.wire - http-outgoing-32 >> "User-Agent: Jersey/2.23.1 (Apache HttpClient 4.5.1)[\r][\n]"
02:44:27.829 [Test worker] DEBUG org.apache.http.wire - http-outgoing-32 >> "Host: localhost:2375[\r][\n]"
02:44:27.829 [Test worker] DEBUG org.apache.http.wire - http-outgoing-32 >> "Connection: Keep-Alive[\r][\n]"
02:44:27.830 [Test worker] DEBUG org.apache.http.wire - http-outgoing-32 >> "Accept-Encoding: gzip,deflate[\r][\n]"
02:44:27.830 [Test worker] DEBUG org.apache.http.wire - http-outgoing-32 >> "[\r][\n]"
02:44:27.830 [Test worker] DEBUG org.apache.http.wire - http-outgoing-32 << "HTTP/1.1 200 OK[\r][\n]"
02:44:27.830 [Test worker] DEBUG org.apache.http.wire - http-outgoing-32 << "Content-Type: application/json[\r][\n]"
02:44:27.830 [Test worker] DEBUG org.apache.http.wire - http-outgoing-32 << "Server: Docker/1.12.1 (linux)[\r][\n]"
02:44:27.830 [Test worker] DEBUG org.apache.http.wire - http-outgoing-32 << "Date: Tue, 18 Oct 2016 00:44:27 GMT[\r][\n]"
02:44:27.830 [Test worker] DEBUG org.apache.http.wire - http-outgoing-32 << "Content-Length: 3[\r][\n]"
02:44:27.830 [Test worker] DEBUG org.apache.http.wire - http-outgoing-32 << "[\r][\n]"
02:44:27.830 [Test worker] DEBUG org.apache.http.wire - http-outgoing-32 << "[][\n]"
02:44:27.831 [Test worker] DEBUG org.apache.http.headers - http-outgoing-32 << HTTP/1.1 200 OK
02:44:27.831 [Test worker] DEBUG org.apache.http.headers - http-outgoing-32 << Content-Type: application/json
02:44:27.831 [Test worker] DEBUG org.apache.http.headers - http-outgoing-32 << Server: Docker/1.12.1 (linux)
02:44:27.831 [Test worker] DEBUG org.apache.http.headers - http-outgoing-32 << Date: Tue, 18 Oct 2016 00:44:27 GMT
02:44:27.831 [Test worker] DEBUG org.apache.http.headers - http-outgoing-32 << Content-Length: 3
02:44:27.831 [Test worker] DEBUG o.a.h.impl.execchain.MainClientExec - Connection can be kept alive indefinitely
02:44:27.831 [Test worker] DEBUG c.g.d.j.JerseyDockerCmdExecFactory - 2 * Client response received on thread Test worker
2 < 200
2 < Content-Length: 3
2 < Content-Type: application/json
2 < Date: Tue, 18 Oct 2016 00:44:27 GMT
2 < Server: Docker/1.12.1 (linux)
[]


02:44:27.836 [Test worker] DEBUG c.g.d.j.JerseyDockerCmdExecFactory$1 - Connection [id: 32][route: {}->http://localhost:2375] can be kept alive indefinitely
02:44:27.836 [Test worker] DEBUG c.g.d.j.JerseyDockerCmdExecFactory$1 - Connection released: [id: 32][route: {}->http://localhost:2375][total kept alive: 1; route allocated: 1 of 2; total allocated: 1 of 20]
02:44:27.845 [Test worker] DEBUG c.g.d.core.command.AbstrDockerCmd - Cmd: com.github.dockerjava.core.util.FiltersBuilder@0,com.github.dockerjava.jaxrs.ListNetworksCmdExec@4caa6eac
02:44:27.868 [Test worker] DEBUG c.g.d.j.JerseyDockerCmdExecFactory - 1 * Sending client request on thread Test worker
1 > GET http://localhost:2375/networks
1 > Accept: application/json

02:44:27.868 [Test worker] DEBUG o.a.h.c.protocol.RequestAddCookies - CookieSpec selected: default
02:44:27.869 [Test worker] DEBUG o.a.h.c.protocol.RequestAuthCache - Auth cache not set in the context
02:44:27.869 [Test worker] DEBUG c.g.d.j.JerseyDockerCmdExecFactory$1 - Connection request: [route: {}->http://localhost:2375][total kept alive: 0; route allocated: 0 of 2; total allocated: 0 of 20]
02:44:27.869 [Test worker] DEBUG c.g.d.j.JerseyDockerCmdExecFactory$1 - Connection leased: [id: 33][route: {}->http://localhost:2375][total kept alive: 0; route allocated: 1 of 2; total allocated: 1 of 20]
02:44:27.869 [Test worker] DEBUG o.a.h.impl.execchain.MainClientExec - Opening connection {}->http://localhost:2375
02:44:27.869 [Test worker] DEBUG o.a.h.i.c.DefaultHttpClientConnectionOperator - Connecting to localhost/127.0.0.1:2375
02:44:27.869 [Test worker] DEBUG o.a.h.i.c.DefaultHttpClientConnectionOperator - Connection established 127.0.0.1:57066<->127.0.0.1:2375
02:44:27.869 [Test worker] DEBUG o.a.h.impl.execchain.MainClientExec - Executing request GET /networks HTTP/1.1
02:44:27.869 [Test worker] DEBUG o.a.h.impl.execchain.MainClientExec - Target auth state: UNCHALLENGED
02:44:27.870 [Test worker] DEBUG o.a.h.impl.execchain.MainClientExec - Proxy auth state: UNCHALLENGED
02:44:27.870 [Test worker] DEBUG org.apache.http.headers - http-outgoing-33 >> GET /networks HTTP/1.1
02:44:27.870 [Test worker] DEBUG org.apache.http.headers - http-outgoing-33 >> Accept: application/json
02:44:27.870 [Test worker] DEBUG org.apache.http.headers - http-outgoing-33 >> User-Agent: Jersey/2.23.1 (Apache HttpClient 4.5.1)
02:44:27.870 [Test worker] DEBUG org.apache.http.headers - http-outgoing-33 >> Host: localhost:2375
02:44:27.870 [Test worker] DEBUG org.apache.http.headers - http-outgoing-33 >> Connection: Keep-Alive
02:44:27.870 [Test worker] DEBUG org.apache.http.headers - http-outgoing-33 >> Accept-Encoding: gzip,deflate
02:44:27.870 [Test worker] DEBUG org.apache.http.wire - http-outgoing-33 >> "GET /networks HTTP/1.1[\r][\n]"
02:44:27.870 [Test worker] DEBUG org.apache.http.wire - http-outgoing-33 >> "Accept: application/json[\r][\n]"
02:44:27.870 [Test worker] DEBUG org.apache.http.wire - http-outgoing-33 >> "User-Agent: Jersey/2.23.1 (Apache HttpClient 4.5.1)[\r][\n]"
02:44:27.870 [Test worker] DEBUG org.apache.http.wire - http-outgoing-33 >> "Host: localhost:2375[\r][\n]"
02:44:27.870 [Test worker] DEBUG org.apache.http.wire - http-outgoing-33 >> "Connection: Keep-Alive[\r][\n]"
02:44:27.871 [Test worker] DEBUG org.apache.http.wire - http-outgoing-33 >> "Accept-Encoding: gzip,deflate[\r][\n]"
02:44:27.871 [Test worker] DEBUG org.apache.http.wire - http-outgoing-33 >> "[\r][\n]"
02:44:27.871 [Test worker] DEBUG org.apache.http.wire - http-outgoing-33 << "HTTP/1.1 200 OK[\r][\n]"
02:44:27.871 [Test worker] DEBUG org.apache.http.wire - http-outgoing-33 << "Content-Type: application/json[\r][\n]"
02:44:27.871 [Test worker] DEBUG org.apache.http.wire - http-outgoing-33 << "Server: Docker/1.12.1 (linux)[\r][\n]"
02:44:27.871 [Test worker] DEBUG org.apache.http.wire - http-outgoing-33 << "Date: Tue, 18 Oct 2016 00:44:27 GMT[\r][\n]"
02:44:27.871 [Test worker] DEBUG org.apache.http.wire - http-outgoing-33 << "Content-Length: 1100[\r][\n]"
02:44:27.871 [Test worker] DEBUG org.apache.http.wire - http-outgoing-33 << "[\r][\n]"
02:44:27.871 [Test worker] DEBUG org.apache.http.wire - http-outgoing-33 << "[{"Name":"bridge","Id":"90941628611ab58d4fa4db6bcd1806afb9bf994c4562bea7ae3dc9153b373da5","Scope":"local","Driver":"bridge","EnableIPv6":false,"IPAM":{"Driver":"default","Options":null,"Config":[{"Subnet":"172.17.0.0/16","Gateway":"172.17.0.1"}]},"Internal":false,"Containers":{},"Options":{"com.docker.network.bridge.default_bridge":"true","com.docker.network.bridge.enable_icc":"true","com.docker.network.bridge.enable_ip_masquerade":"true","com.docker.network.bridge.host_binding_ipv4":"0.0.0.0","com.docker.network.bridge.name":"docker0","com.docker.network.driver.mtu":"1500"},"Labels":{}},{"Name":"none","Id":"4d89c194eb79cd2beb38458d10a1b98c74d6b8462af72afde29ae7aca53ed5ca","Scope":"local","Driver":"null","EnableIPv6":false,"IPAM":{"Driver":"default","Options":null,"Config":[]},"Internal":false,"Containers":{},"Options":{},"Labels":{}},{"Name":"host","Id":"fe042b0866671b5be4f097ba43830c0a02959c058702d18e18c14a24d88a357d","Scope":"local","Driver":"host","EnableIPv6":false,"IPAM":{"Driver":"default","Options":null,"Config":[]},"Internal":false,"Containers":{},"Options":{},"Labels":{}}][\n]"
02:44:27.872 [Test worker] DEBUG org.apache.http.headers - http-outgoing-33 << HTTP/1.1 200 OK
02:44:27.872 [Test worker] DEBUG org.apache.http.headers - http-outgoing-33 << Content-Type: application/json
02:44:27.872 [Test worker] DEBUG org.apache.http.headers - http-outgoing-33 << Server: Docker/1.12.1 (linux)
02:44:27.872 [Test worker] DEBUG org.apache.http.headers - http-outgoing-33 << Date: Tue, 18 Oct 2016 00:44:27 GMT
02:44:27.872 [Test worker] DEBUG org.apache.http.headers - http-outgoing-33 << Content-Length: 1100
02:44:27.872 [Test worker] DEBUG o.a.h.impl.execchain.MainClientExec - Connection can be kept alive indefinitely
02:44:27.872 [Test worker] DEBUG c.g.d.j.JerseyDockerCmdExecFactory - 2 * Client response received on thread Test worker
2 < 200
2 < Content-Length: 1100
2 < Content-Type: application/json
2 < Date: Tue, 18 Oct 2016 00:44:27 GMT
2 < Server: Docker/1.12.1 (linux)
[{"Name":"bridge","Id":"90941628611ab58d4fa4db6bcd1806afb9bf994c4562bea7ae3dc9153b373da5","Scope":"local","Driver":"bridge","EnableIPv6":false,"IPAM":{"Driver":"default","Options":null,"Config":[{"Subnet":"172.17.0.0/16","Gateway":"172.17.0.1"}]},"Internal":false,"Containers":{},"Options":{"com.docker.network.bridge.default_bridge":"true","com.docker.network.bridge.enable_icc":"true","com.docker.network.bridge.enable_ip_masquerade":"true","com.docker.network.bridge.host_binding_ipv4":"0.0.0.0","com.docker.network.bridge.name":"docker0","com.docker.network.driver.mtu":"1500"},"Labels":{}},{"Name":"none","Id":"4d89c194eb79cd2beb38458d10a1b98c74d6b8462af72afde29ae7aca53ed5ca","Scope":"local","Driver":"null","EnableIPv6":false,"IPAM":{"Driver":"default","Options":null,"Config":[]},"Internal":false,"Containers":{},"Options":{},"Labels":{}},{"Name":"host","Id":"fe042b0866671b5be4f097ba43830c0a02959c058702d18e18c14a24d88a357d","Scope":"local","Driver":"host","EnableIPv6":false,"IPAM":{"Driver":"default","Options":null,"Config":[]},"Internal":false,"Containers":{},"Options":{},"Labels":{}}]


02:44:27.876 [Test worker] DEBUG o.a.h.i.c.DefaultManagedHttpClientConnection - http-outgoing-33: Close connection
02:44:27.877 [Test worker] DEBUG o.a.h.impl.execchain.MainClientExec - Connection discarded
02:44:27.877 [Test worker] DEBUG c.g.d.j.JerseyDockerCmdExecFactory$1 - Connection released: [id: 33][route: {}->http://localhost:2375][total kept alive: 0; route allocated: 0 of 2; total allocated: 0 of 20]
02:44:27.877 [Test worker] DEBUG c.g.d.core.command.AbstrDockerCmd - Cmd: com.github.dockerjava.core.util.FiltersBuilder@0,com.github.dockerjava.jaxrs.ListVolumesCmdExec@53b73895
02:44:27.877 [Test worker] DEBUG c.g.d.j.JerseyDockerCmdExecFactory - 3 * Sending client request on thread Test worker
3 > GET http://localhost:2375/volumes
3 > Accept: application/json

02:44:27.878 [Test worker] DEBUG o.a.h.c.protocol.RequestAddCookies - CookieSpec selected: default
02:44:27.878 [Test worker] DEBUG o.a.h.c.protocol.RequestAuthCache - Auth cache not set in the context
02:44:27.878 [Test worker] DEBUG c.g.d.j.JerseyDockerCmdExecFactory$1 - Connection request: [route: {}->http://localhost:2375][total kept alive: 0; route allocated: 0 of 2; total allocated: 0 of 20]
02:44:27.878 [Test worker] DEBUG c.g.d.j.JerseyDockerCmdExecFactory$1 - Connection leased: [id: 34][route: {}->http://localhost:2375][total kept alive: 0; route allocated: 1 of 2; total allocated: 1 of 20]
02:44:27.878 [Test worker] DEBUG o.a.h.impl.execchain.MainClientExec - Opening connection {}->http://localhost:2375
02:44:27.878 [Test worker] DEBUG o.a.h.i.c.DefaultHttpClientConnectionOperator - Connecting to localhost/127.0.0.1:2375
02:44:27.878 [Test worker] DEBUG o.a.h.i.c.DefaultHttpClientConnectionOperator - Connection established 127.0.0.1:57068<->127.0.0.1:2375
02:44:27.878 [Test worker] DEBUG o.a.h.impl.execchain.MainClientExec - Executing request GET /volumes HTTP/1.1
02:44:27.881 [Test worker] DEBUG o.a.h.impl.execchain.MainClientExec - Target auth state: UNCHALLENGED
02:44:27.881 [Test worker] DEBUG o.a.h.impl.execchain.MainClientExec - Proxy auth state: UNCHALLENGED
02:44:27.881 [Test worker] DEBUG org.apache.http.headers - http-outgoing-34 >> GET /volumes HTTP/1.1
02:44:27.881 [Test worker] DEBUG org.apache.http.headers - http-outgoing-34 >> Accept: application/json
02:44:27.881 [Test worker] DEBUG org.apache.http.headers - http-outgoing-34 >> User-Agent: Jersey/2.23.1 (Apache HttpClient 4.5.1)
02:44:27.881 [Test worker] DEBUG org.apache.http.headers - http-outgoing-34 >> Host: localhost:2375
02:44:27.881 [Test worker] DEBUG org.apache.http.headers - http-outgoing-34 >> Connection: Keep-Alive
02:44:27.881 [Test worker] DEBUG org.apache.http.headers - http-outgoing-34 >> Accept-Encoding: gzip,deflate
02:44:27.882 [Test worker] DEBUG org.apache.http.wire - http-outgoing-34 >> "GET /volumes HTTP/1.1[\r][\n]"
02:44:27.882 [Test worker] DEBUG org.apache.http.wire - http-outgoing-34 >> "Accept: application/json[\r][\n]"
02:44:27.882 [Test worker] DEBUG org.apache.http.wire - http-outgoing-34 >> "User-Agent: Jersey/2.23.1 (Apache HttpClient 4.5.1)[\r][\n]"
02:44:27.882 [Test worker] DEBUG org.apache.http.wire - http-outgoing-34 >> "Host: localhost:2375[\r][\n]"
02:44:27.882 [Test worker] DEBUG org.apache.http.wire - http-outgoing-34 >> "Connection: Keep-Alive[\r][\n]"
02:44:27.882 [Test worker] DEBUG org.apache.http.wire - http-outgoing-34 >> "Accept-Encoding: gzip,deflate[\r][\n]"
02:44:27.882 [Test worker] DEBUG org.apache.http.wire - http-outgoing-34 >> "[\r][\n]"
02:44:27.882 [Test worker] DEBUG org.apache.http.wire - http-outgoing-34 << "HTTP/1.1 200 OK[\r][\n]"
02:44:27.882 [Test worker] DEBUG org.apache.http.wire - http-outgoing-34 << "Content-Type: application/json[\r][\n]"
02:44:27.882 [Test worker] DEBUG org.apache.http.wire - http-outgoing-34 << "Server: Docker/1.12.1 (linux)[\r][\n]"
02:44:27.882 [Test worker] DEBUG org.apache.http.wire - http-outgoing-34 << "Date: Tue, 18 Oct 2016 00:44:27 GMT[\r][\n]"
02:44:27.883 [Test worker] DEBUG org.apache.http.wire - http-outgoing-34 << "Content-Length: 33[\r][\n]"
02:44:27.883 [Test worker] DEBUG org.apache.http.wire - http-outgoing-34 << "[\r][\n]"
02:44:27.883 [Test worker] DEBUG org.apache.http.wire - http-outgoing-34 << "{"Volumes":null,"Warnings":null}[\n]"
02:44:27.883 [Test worker] DEBUG org.apache.http.headers - http-outgoing-34 << HTTP/1.1 200 OK
02:44:27.883 [Test worker] DEBUG org.apache.http.headers - http-outgoing-34 << Content-Type: application/json
02:44:27.883 [Test worker] DEBUG org.apache.http.headers - http-outgoing-34 << Server: Docker/1.12.1 (linux)
02:44:27.883 [Test worker] DEBUG org.apache.http.headers - http-outgoing-34 << Date: Tue, 18 Oct 2016 00:44:27 GMT
02:44:27.883 [Test worker] DEBUG org.apache.http.headers - http-outgoing-34 << Content-Length: 33
02:44:27.883 [Test worker] DEBUG o.a.h.impl.execchain.MainClientExec - Connection can be kept alive indefinitely
02:44:27.884 [Test worker] DEBUG c.g.d.j.JerseyDockerCmdExecFactory - 4 * Client response received on thread Test worker
4 < 200
4 < Content-Length: 33
4 < Content-Type: application/json
4 < Date: Tue, 18 Oct 2016 00:44:27 GMT
4 < Server: Docker/1.12.1 (linux)
{"Volumes":null,"Warnings":null}


02:44:27.884 [Test worker] DEBUG o.a.h.i.c.DefaultManagedHttpClientConnection - http-outgoing-34: Close connection
02:44:27.884 [Test worker] DEBUG o.a.h.impl.execchain.MainClientExec - Connection discarded
02:44:27.885 [Test worker] DEBUG c.g.d.j.JerseyDockerCmdExecFactory$1 - Connection released: [id: 34][route: {}->http://localhost:2375][total kept alive: 0; route allocated: 0 of 2; total allocated: 0 of 20]
02:44:27.885 [Test worker] DEBUG org.openbaton.docker.DockerVim - Loading properties
02:44:27.885 [Test worker] DEBUG org.openbaton.docker.DockerVim - Loaded properties: {type=docker}
02:44:27.889 [Test worker] DEBUG c.g.d.core.command.AbstrDockerCmd - Cmd: -1,<null>,true,<null>,<null>,com.github.dockerjava.core.util.FiltersBuilder@0,com.github.dockerjava.jaxrs.ListContainersCmdExec@8a450c2
02:44:27.906 [Test worker] DEBUG c.g.d.j.JerseyDockerCmdExecFactory - 1 * Sending client request on thread Test worker
1 > GET http://localhost:2375/containers/json?all=true
1 > Accept: application/json

02:44:27.907 [Test worker] DEBUG o.a.h.c.protocol.RequestAddCookies - CookieSpec selected: default
02:44:27.907 [Test worker] DEBUG o.a.h.c.protocol.RequestAuthCache - Auth cache not set in the context
02:44:27.907 [Test worker] DEBUG c.g.d.j.JerseyDockerCmdExecFactory$1 - Connection request: [route: {}->http://localhost:2375][total kept alive: 0; route allocated: 0 of 2; total allocated: 0 of 20]
02:44:27.907 [Test worker] DEBUG c.g.d.j.JerseyDockerCmdExecFactory$1 - Connection leased: [id: 35][route: {}->http://localhost:2375][total kept alive: 0; route allocated: 1 of 2; total allocated: 1 of 20]
02:44:27.907 [Test worker] DEBUG o.a.h.impl.execchain.MainClientExec - Opening connection {}->http://localhost:2375
02:44:27.908 [Test worker] DEBUG o.a.h.i.c.DefaultHttpClientConnectionOperator - Connecting to localhost/127.0.0.1:2375
02:44:27.908 [Test worker] DEBUG o.a.h.i.c.DefaultHttpClientConnectionOperator - Connection established 127.0.0.1:57070<->127.0.0.1:2375
02:44:27.908 [Test worker] DEBUG o.a.h.impl.execchain.MainClientExec - Executing request GET /containers/json?all=true HTTP/1.1
02:44:27.908 [Test worker] DEBUG o.a.h.impl.execchain.MainClientExec - Target auth state: UNCHALLENGED
02:44:27.908 [Test worker] DEBUG o.a.h.impl.execchain.MainClientExec - Proxy auth state: UNCHALLENGED
02:44:27.908 [Test worker] DEBUG org.apache.http.headers - http-outgoing-35 >> GET /containers/json?all=true HTTP/1.1
02:44:27.908 [Test worker] DEBUG org.apache.http.headers - http-outgoing-35 >> Accept: application/json
02:44:27.908 [Test worker] DEBUG org.apache.http.headers - http-outgoing-35 >> User-Agent: Jersey/2.23.1 (Apache HttpClient 4.5.1)
02:44:27.909 [Test worker] DEBUG org.apache.http.headers - http-outgoing-35 >> Host: localhost:2375
02:44:27.909 [Test worker] DEBUG org.apache.http.headers - http-outgoing-35 >> Connection: Keep-Alive
02:44:27.909 [Test worker] DEBUG org.apache.http.headers - http-outgoing-35 >> Accept-Encoding: gzip,deflate
02:44:27.909 [Test worker] DEBUG org.apache.http.wire - http-outgoing-35 >> "GET /containers/json?all=true HTTP/1.1[\r][\n]"
02:44:27.909 [Test worker] DEBUG org.apache.http.wire - http-outgoing-35 >> "Accept: application/json[\r][\n]"
02:44:27.909 [Test worker] DEBUG org.apache.http.wire - http-outgoing-35 >> "User-Agent: Jersey/2.23.1 (Apache HttpClient 4.5.1)[\r][\n]"
02:44:27.909 [Test worker] DEBUG org.apache.http.wire - http-outgoing-35 >> "Host: localhost:2375[\r][\n]"
02:44:27.909 [Test worker] DEBUG org.apache.http.wire - http-outgoing-35 >> "Connection: Keep-Alive[\r][\n]"
02:44:27.909 [Test worker] DEBUG org.apache.http.wire - http-outgoing-35 >> "Accept-Encoding: gzip,deflate[\r][\n]"
02:44:27.909 [Test worker] DEBUG org.apache.http.wire - http-outgoing-35 >> "[\r][\n]"
02:44:27.910 [Test worker] DEBUG org.apache.http.wire - http-outgoing-35 << "HTTP/1.1 200 OK[\r][\n]"
02:44:27.910 [Test worker] DEBUG org.apache.http.wire - http-outgoing-35 << "Content-Type: application/json[\r][\n]"
02:44:27.910 [Test worker] DEBUG org.apache.http.wire - http-outgoing-35 << "Server: Docker/1.12.1 (linux)[\r][\n]"
02:44:27.910 [Test worker] DEBUG org.apache.http.wire - http-outgoing-35 << "Date: Tue, 18 Oct 2016 00:44:27 GMT[\r][\n]"
02:44:27.910 [Test worker] DEBUG org.apache.http.wire - http-outgoing-35 << "Content-Length: 3[\r][\n]"
02:44:27.910 [Test worker] DEBUG org.apache.http.wire - http-outgoing-35 << "[\r][\n]"
02:44:27.910 [Test worker] DEBUG org.apache.http.wire - http-outgoing-35 << "[][\n]"
02:44:27.910 [Test worker] DEBUG org.apache.http.headers - http-outgoing-35 << HTTP/1.1 200 OK
02:44:27.910 [Test worker] DEBUG org.apache.http.headers - http-outgoing-35 << Content-Type: application/json
02:44:27.910 [Test worker] DEBUG org.apache.http.headers - http-outgoing-35 << Server: Docker/1.12.1 (linux)
02:44:27.910 [Test worker] DEBUG org.apache.http.headers - http-outgoing-35 << Date: Tue, 18 Oct 2016 00:44:27 GMT
02:44:27.910 [Test worker] DEBUG org.apache.http.headers - http-outgoing-35 << Content-Length: 3
02:44:27.911 [Test worker] DEBUG o.a.h.impl.execchain.MainClientExec - Connection can be kept alive indefinitely
02:44:27.911 [Test worker] DEBUG c.g.d.j.JerseyDockerCmdExecFactory - 2 * Client response received on thread Test worker
2 < 200
2 < Content-Length: 3
2 < Content-Type: application/json
2 < Date: Tue, 18 Oct 2016 00:44:27 GMT
2 < Server: Docker/1.12.1 (linux)
[]


02:44:27.912 [Test worker] DEBUG c.g.d.j.JerseyDockerCmdExecFactory$1 - Connection [id: 35][route: {}->http://localhost:2375] can be kept alive indefinitely
02:44:27.912 [Test worker] DEBUG c.g.d.j.JerseyDockerCmdExecFactory$1 - Connection released: [id: 35][route: {}->http://localhost:2375][total kept alive: 1; route allocated: 1 of 2; total allocated: 1 of 20]
02:44:27.920 [Test worker] DEBUG c.g.d.core.command.AbstrDockerCmd - Cmd: com.github.dockerjava.core.util.FiltersBuilder@0,com.github.dockerjava.jaxrs.ListNetworksCmdExec@14befdd6
02:44:27.932 [Test worker] DEBUG c.g.d.j.JerseyDockerCmdExecFactory - 1 * Sending client request on thread Test worker
1 > GET http://localhost:2375/networks
1 > Accept: application/json

02:44:27.932 [Test worker] DEBUG o.a.h.c.protocol.RequestAddCookies - CookieSpec selected: default
02:44:27.932 [Test worker] DEBUG o.a.h.c.protocol.RequestAuthCache - Auth cache not set in the context
02:44:27.932 [Test worker] DEBUG c.g.d.j.JerseyDockerCmdExecFactory$1 - Connection request: [route: {}->http://localhost:2375][total kept alive: 0; route allocated: 0 of 2; total allocated: 0 of 20]
02:44:27.933 [Test worker] DEBUG c.g.d.j.JerseyDockerCmdExecFactory$1 - Connection leased: [id: 36][route: {}->http://localhost:2375][total kept alive: 0; route allocated: 1 of 2; total allocated: 1 of 20]
02:44:27.933 [Test worker] DEBUG o.a.h.impl.execchain.MainClientExec - Opening connection {}->http://localhost:2375
02:44:27.933 [Test worker] DEBUG o.a.h.i.c.DefaultHttpClientConnectionOperator - Connecting to localhost/127.0.0.1:2375
02:44:27.933 [Test worker] DEBUG o.a.h.i.c.DefaultHttpClientConnectionOperator - Connection established 127.0.0.1:57072<->127.0.0.1:2375
02:44:27.933 [Test worker] DEBUG o.a.h.impl.execchain.MainClientExec - Executing request GET /networks HTTP/1.1
02:44:27.933 [Test worker] DEBUG o.a.h.impl.execchain.MainClientExec - Target auth state: UNCHALLENGED
02:44:27.933 [Test worker] DEBUG o.a.h.impl.execchain.MainClientExec - Proxy auth state: UNCHALLENGED
02:44:27.933 [Test worker] DEBUG org.apache.http.headers - http-outgoing-36 >> GET /networks HTTP/1.1
02:44:27.934 [Test worker] DEBUG org.apache.http.headers - http-outgoing-36 >> Accept: application/json
02:44:27.934 [Test worker] DEBUG org.apache.http.headers - http-outgoing-36 >> User-Agent: Jersey/2.23.1 (Apache HttpClient 4.5.1)
02:44:27.934 [Test worker] DEBUG org.apache.http.headers - http-outgoing-36 >> Host: localhost:2375
02:44:27.934 [Test worker] DEBUG org.apache.http.headers - http-outgoing-36 >> Connection: Keep-Alive
02:44:27.934 [Test worker] DEBUG org.apache.http.headers - http-outgoing-36 >> Accept-Encoding: gzip,deflate
02:44:27.934 [Test worker] DEBUG org.apache.http.wire - http-outgoing-36 >> "GET /networks HTTP/1.1[\r][\n]"
02:44:27.934 [Test worker] DEBUG org.apache.http.wire - http-outgoing-36 >> "Accept: application/json[\r][\n]"
02:44:27.934 [Test worker] DEBUG org.apache.http.wire - http-outgoing-36 >> "User-Agent: Jersey/2.23.1 (Apache HttpClient 4.5.1)[\r][\n]"
02:44:27.934 [Test worker] DEBUG org.apache.http.wire - http-outgoing-36 >> "Host: localhost:2375[\r][\n]"
02:44:27.934 [Test worker] DEBUG org.apache.http.wire - http-outgoing-36 >> "Connection: Keep-Alive[\r][\n]"
02:44:27.934 [Test worker] DEBUG org.apache.http.wire - http-outgoing-36 >> "Accept-Encoding: gzip,deflate[\r][\n]"
02:44:27.934 [Test worker] DEBUG org.apache.http.wire - http-outgoing-36 >> "[\r][\n]"
02:44:27.935 [Test worker] DEBUG org.apache.http.wire - http-outgoing-36 << "HTTP/1.1 200 OK[\r][\n]"
02:44:27.935 [Test worker] DEBUG org.apache.http.wire - http-outgoing-36 << "Content-Type: application/json[\r][\n]"
02:44:27.935 [Test worker] DEBUG org.apache.http.wire - http-outgoing-36 << "Server: Docker/1.12.1 (linux)[\r][\n]"
02:44:27.935 [Test worker] DEBUG org.apache.http.wire - http-outgoing-36 << "Date: Tue, 18 Oct 2016 00:44:27 GMT[\r][\n]"
02:44:27.935 [Test worker] DEBUG org.apache.http.wire - http-outgoing-36 << "Content-Length: 1100[\r][\n]"
02:44:27.935 [Test worker] DEBUG org.apache.http.wire - http-outgoing-36 << "[\r][\n]"
02:44:27.935 [Test worker] DEBUG org.apache.http.wire - http-outgoing-36 << "[{"Name":"bridge","Id":"90941628611ab58d4fa4db6bcd1806afb9bf994c4562bea7ae3dc9153b373da5","Scope":"local","Driver":"bridge","EnableIPv6":false,"IPAM":{"Driver":"default","Options":null,"Config":[{"Subnet":"172.17.0.0/16","Gateway":"172.17.0.1"}]},"Internal":false,"Containers":{},"Options":{"com.docker.network.bridge.default_bridge":"true","com.docker.network.bridge.enable_icc":"true","com.docker.network.bridge.enable_ip_masquerade":"true","com.docker.network.bridge.host_binding_ipv4":"0.0.0.0","com.docker.network.bridge.name":"docker0","com.docker.network.driver.mtu":"1500"},"Labels":{}},{"Name":"none","Id":"4d89c194eb79cd2beb38458d10a1b98c74d6b8462af72afde29ae7aca53ed5ca","Scope":"local","Driver":"null","EnableIPv6":false,"IPAM":{"Driver":"default","Options":null,"Config":[]},"Internal":false,"Containers":{},"Options":{},"Labels":{}},{"Name":"host","Id":"fe042b0866671b5be4f097ba43830c0a02959c058702d18e18c14a24d88a357d","Scope":"local","Driver":"host","EnableIPv6":false,"IPAM":{"Driver":"default","Options":null,"Config":[]},"Internal":false,"Containers":{},"Options":{},"Labels":{}}][\n]"
02:44:27.935 [Test worker] DEBUG org.apache.http.headers - http-outgoing-36 << HTTP/1.1 200 OK
02:44:27.935 [Test worker] DEBUG org.apache.http.headers - http-outgoing-36 << Content-Type: application/json
02:44:27.935 [Test worker] DEBUG org.apache.http.headers - http-outgoing-36 << Server: Docker/1.12.1 (linux)
02:44:27.936 [Test worker] DEBUG org.apache.http.headers - http-outgoing-36 << Date: Tue, 18 Oct 2016 00:44:27 GMT
02:44:27.936 [Test worker] DEBUG org.apache.http.headers - http-outgoing-36 << Content-Length: 1100
02:44:27.936 [Test worker] DEBUG o.a.h.impl.execchain.MainClientExec - Connection can be kept alive indefinitely
02:44:27.936 [Test worker] DEBUG c.g.d.j.JerseyDockerCmdExecFactory - 2 * Client response received on thread Test worker
2 < 200
2 < Content-Length: 1100
2 < Content-Type: application/json
2 < Date: Tue, 18 Oct 2016 00:44:27 GMT
2 < Server: Docker/1.12.1 (linux)
[{"Name":"bridge","Id":"90941628611ab58d4fa4db6bcd1806afb9bf994c4562bea7ae3dc9153b373da5","Scope":"local","Driver":"bridge","EnableIPv6":false,"IPAM":{"Driver":"default","Options":null,"Config":[{"Subnet":"172.17.0.0/16","Gateway":"172.17.0.1"}]},"Internal":false,"Containers":{},"Options":{"com.docker.network.bridge.default_bridge":"true","com.docker.network.bridge.enable_icc":"true","com.docker.network.bridge.enable_ip_masquerade":"true","com.docker.network.bridge.host_binding_ipv4":"0.0.0.0","com.docker.network.bridge.name":"docker0","com.docker.network.driver.mtu":"1500"},"Labels":{}},{"Name":"none","Id":"4d89c194eb79cd2beb38458d10a1b98c74d6b8462af72afde29ae7aca53ed5ca","Scope":"local","Driver":"null","EnableIPv6":false,"IPAM":{"Driver":"default","Options":null,"Config":[]},"Internal":false,"Containers":{},"Options":{},"Labels":{}},{"Name":"host","Id":"fe042b0866671b5be4f097ba43830c0a02959c058702d18e18c14a24d88a357d","Scope":"local","Driver":"host","EnableIPv6":false,"IPAM":{"Driver":"default","Options":null,"Config":[]},"Internal":false,"Containers":{},"Options":{},"Labels":{}}]


02:44:27.940 [Test worker] DEBUG o.a.h.i.c.DefaultManagedHttpClientConnection - http-outgoing-36: Close connection
02:44:27.940 [Test worker] DEBUG o.a.h.impl.execchain.MainClientExec - Connection discarded
02:44:27.940 [Test worker] DEBUG c.g.d.j.JerseyDockerCmdExecFactory$1 - Connection released: [id: 36][route: {}->http://localhost:2375][total kept alive: 0; route allocated: 0 of 2; total allocated: 0 of 20]
02:44:27.941 [Test worker] DEBUG c.g.d.core.command.AbstrDockerCmd - Cmd: com.github.dockerjava.core.util.FiltersBuilder@0,com.github.dockerjava.jaxrs.ListVolumesCmdExec@2cf31768
02:44:27.961 [Test worker] DEBUG c.g.d.j.JerseyDockerCmdExecFactory - 1 * Sending client request on thread Test worker
1 > GET http://localhost:2375/volumes
1 > Accept: application/json

02:44:27.962 [Test worker] DEBUG o.a.h.c.protocol.RequestAddCookies - CookieSpec selected: default
02:44:27.963 [Test worker] DEBUG o.a.h.c.protocol.RequestAuthCache - Auth cache not set in the context
02:44:27.963 [Test worker] DEBUG c.g.d.j.JerseyDockerCmdExecFactory$1 - Connection request: [route: {}->http://localhost:2375][total kept alive: 0; route allocated: 0 of 2; total allocated: 0 of 20]
02:44:27.963 [Test worker] DEBUG c.g.d.j.JerseyDockerCmdExecFactory$1 - Connection leased: [id: 37][route: {}->http://localhost:2375][total kept alive: 0; route allocated: 1 of 2; total allocated: 1 of 20]
02:44:27.963 [Test worker] DEBUG o.a.h.impl.execchain.MainClientExec - Opening connection {}->http://localhost:2375
02:44:27.963 [Test worker] DEBUG o.a.h.i.c.DefaultHttpClientConnectionOperator - Connecting to localhost/127.0.0.1:2375
02:44:27.963 [Test worker] DEBUG o.a.h.i.c.DefaultHttpClientConnectionOperator - Connection established 127.0.0.1:57074<->127.0.0.1:2375
02:44:27.963 [Test worker] DEBUG o.a.h.impl.execchain.MainClientExec - Executing request GET /volumes HTTP/1.1
02:44:27.963 [Test worker] DEBUG o.a.h.impl.execchain.MainClientExec - Target auth state: UNCHALLENGED
02:44:27.964 [Test worker] DEBUG o.a.h.impl.execchain.MainClientExec - Proxy auth state: UNCHALLENGED
02:44:27.964 [Test worker] DEBUG org.apache.http.headers - http-outgoing-37 >> GET /volumes HTTP/1.1
02:44:27.964 [Test worker] DEBUG org.apache.http.headers - http-outgoing-37 >> Accept: application/json
02:44:27.964 [Test worker] DEBUG org.apache.http.headers - http-outgoing-37 >> User-Agent: Jersey/2.23.1 (Apache HttpClient 4.5.1)
02:44:27.964 [Test worker] DEBUG org.apache.http.headers - http-outgoing-37 >> Host: localhost:2375
02:44:27.964 [Test worker] DEBUG org.apache.http.headers - http-outgoing-37 >> Connection: Keep-Alive
02:44:27.964 [Test worker] DEBUG org.apache.http.headers - http-outgoing-37 >> Accept-Encoding: gzip,deflate
02:44:27.964 [Test worker] DEBUG org.apache.http.wire - http-outgoing-37 >> "GET /volumes HTTP/1.1[\r][\n]"
02:44:27.964 [Test worker] DEBUG org.apache.http.wire - http-outgoing-37 >> "Accept: application/json[\r][\n]"
02:44:27.964 [Test worker] DEBUG org.apache.http.wire - http-outgoing-37 >> "User-Agent: Jersey/2.23.1 (Apache HttpClient 4.5.1)[\r][\n]"
02:44:27.964 [Test worker] DEBUG org.apache.http.wire - http-outgoing-37 >> "Host: localhost:2375[\r][\n]"
02:44:27.965 [Test worker] DEBUG org.apache.http.wire - http-outgoing-37 >> "Connection: Keep-Alive[\r][\n]"
02:44:27.965 [Test worker] DEBUG org.apache.http.wire - http-outgoing-37 >> "Accept-Encoding: gzip,deflate[\r][\n]"
02:44:27.965 [Test worker] DEBUG org.apache.http.wire - http-outgoing-37 >> "[\r][\n]"
02:44:27.965 [Test worker] DEBUG org.apache.http.wire - http-outgoing-37 << "HTTP/1.1 200 OK[\r][\n]"
02:44:27.965 [Test worker] DEBUG org.apache.http.wire - http-outgoing-37 << "Content-Type: application/json[\r][\n]"
02:44:27.965 [Test worker] DEBUG org.apache.http.wire - http-outgoing-37 << "Server: Docker/1.12.1 (linux)[\r][\n]"
02:44:27.965 [Test worker] DEBUG org.apache.http.wire - http-outgoing-37 << "Date: Tue, 18 Oct 2016 00:44:27 GMT[\r][\n]"
02:44:27.965 [Test worker] DEBUG org.apache.http.wire - http-outgoing-37 << "Content-Length: 33[\r][\n]"
02:44:27.965 [Test worker] DEBUG org.apache.http.wire - http-outgoing-37 << "[\r][\n]"
02:44:27.965 [Test worker] DEBUG org.apache.http.wire - http-outgoing-37 << "{"Volumes":null,"Warnings":null}[\n]"
02:44:27.966 [Test worker] DEBUG org.apache.http.headers - http-outgoing-37 << HTTP/1.1 200 OK
02:44:27.966 [Test worker] DEBUG org.apache.http.headers - http-outgoing-37 << Content-Type: application/json
02:44:27.966 [Test worker] DEBUG org.apache.http.headers - http-outgoing-37 << Server: Docker/1.12.1 (linux)
02:44:27.966 [Test worker] DEBUG org.apache.http.headers - http-outgoing-37 << Date: Tue, 18 Oct 2016 00:44:27 GMT
02:44:27.966 [Test worker] DEBUG org.apache.http.headers - http-outgoing-37 << Content-Length: 33
02:44:27.966 [Test worker] DEBUG o.a.h.impl.execchain.MainClientExec - Connection can be kept alive indefinitely
02:44:27.967 [Test worker] DEBUG c.g.d.j.JerseyDockerCmdExecFactory - 2 * Client response received on thread Test worker
2 < 200
2 < Content-Length: 33
2 < Content-Type: application/json
2 < Date: Tue, 18 Oct 2016 00:44:27 GMT
2 < Server: Docker/1.12.1 (linux)
{"Volumes":null,"Warnings":null}


02:44:27.969 [Test worker] DEBUG o.a.h.i.c.DefaultManagedHttpClientConnection - http-outgoing-37: Close connection
02:44:27.970 [Test worker] DEBUG o.a.h.impl.execchain.MainClientExec - Connection discarded
02:44:27.970 [Test worker] DEBUG c.g.d.j.JerseyDockerCmdExecFactory$1 - Connection released: [id: 37][route: {}->http://localhost:2375][total kept alive: 0; route allocated: 0 of 2; total allocated: 0 of 20]
List of volumes: null
02:44:27.971 [Test worker] DEBUG c.g.d.core.command.AbstrDockerCmd - Cmd: MyNetwork,<null>,com.github.dockerjava.api.model.Network$Ipam@fef7a08[driver=<null>,config=[com.github.dockerjava.api.model.Network$Ipam$Config@3334ab64],options=<null>],{},true,<null>,<null>,com.github.dockerjava.jaxrs.CreateNetworkCmdExec@46e04c7f
02:44:27.983 [Test worker] DEBUG o.a.h.c.protocol.RequestAddCookies - CookieSpec selected: default
02:44:27.984 [Test worker] DEBUG o.a.h.c.protocol.RequestAuthCache - Auth cache not set in the context
02:44:27.984 [Test worker] DEBUG c.g.d.j.JerseyDockerCmdExecFactory$1 - Connection request: [route: {}->http://localhost:2375][total kept alive: 0; route allocated: 0 of 2; total allocated: 0 of 20]
02:44:27.984 [Test worker] DEBUG c.g.d.j.JerseyDockerCmdExecFactory$1 - Connection leased: [id: 38][route: {}->http://localhost:2375][total kept alive: 0; route allocated: 1 of 2; total allocated: 1 of 20]
02:44:27.984 [Test worker] DEBUG o.a.h.impl.execchain.MainClientExec - Opening connection {}->http://localhost:2375
02:44:27.984 [Test worker] DEBUG o.a.h.i.c.DefaultHttpClientConnectionOperator - Connecting to localhost/127.0.0.1:2375
02:44:27.984 [Test worker] DEBUG o.a.h.i.c.DefaultHttpClientConnectionOperator - Connection established 127.0.0.1:57076<->127.0.0.1:2375
02:44:27.984 [Test worker] DEBUG o.a.h.impl.execchain.MainClientExec - Executing request POST /networks/create HTTP/1.1
02:44:27.985 [Test worker] DEBUG o.a.h.impl.execchain.MainClientExec - Target auth state: UNCHALLENGED
02:44:27.985 [Test worker] DEBUG o.a.h.impl.execchain.MainClientExec - Proxy auth state: UNCHALLENGED
02:44:27.985 [Test worker] DEBUG org.apache.http.headers - http-outgoing-38 >> POST /networks/create HTTP/1.1
02:44:27.985 [Test worker] DEBUG org.apache.http.headers - http-outgoing-38 >> Accept: application/json
02:44:27.985 [Test worker] DEBUG org.apache.http.headers - http-outgoing-38 >> Content-Type: application/json
02:44:27.985 [Test worker] DEBUG org.apache.http.headers - http-outgoing-38 >> User-Agent: Jersey/2.23.1 (Apache HttpClient 4.5.1)
02:44:27.985 [Test worker] DEBUG org.apache.http.headers - http-outgoing-38 >> Transfer-Encoding: chunked
02:44:27.985 [Test worker] DEBUG org.apache.http.headers - http-outgoing-38 >> Host: localhost:2375
02:44:27.985 [Test worker] DEBUG org.apache.http.headers - http-outgoing-38 >> Connection: Keep-Alive
02:44:27.985 [Test worker] DEBUG org.apache.http.headers - http-outgoing-38 >> Accept-Encoding: gzip,deflate
02:44:27.990 [Test worker] DEBUG c.g.d.j.JerseyDockerCmdExecFactory - 1 * Sending client request on thread Test worker
1 > POST http://localhost:2375/networks/create
1 > Accept: application/json
1 > Content-Type: application/json
{"enableIPv6":null,"Name":"MyNetwork","Driver":null,"IPAM":{"Driver":null,"Config":[{"Subnet":"172.19.0.0/16","IPRange":null,"Gateway":"172.19.0.1"}],"Options":null},"Options":{},"CheckDuplicate":true,"Internal":null,"EnableIPv6":null}

02:44:27.990 [Test worker] DEBUG org.apache.http.wire - http-outgoing-38 >> "POST /networks/create HTTP/1.1[\r][\n]"
02:44:27.991 [Test worker] DEBUG org.apache.http.wire - http-outgoing-38 >> "Accept: application/json[\r][\n]"
02:44:27.991 [Test worker] DEBUG org.apache.http.wire - http-outgoing-38 >> "Content-Type: application/json[\r][\n]"
02:44:27.991 [Test worker] DEBUG org.apache.http.wire - http-outgoing-38 >> "User-Agent: Jersey/2.23.1 (Apache HttpClient 4.5.1)[\r][\n]"
02:44:27.991 [Test worker] DEBUG org.apache.http.wire - http-outgoing-38 >> "Transfer-Encoding: chunked[\r][\n]"
02:44:27.991 [Test worker] DEBUG org.apache.http.wire - http-outgoing-38 >> "Host: localhost:2375[\r][\n]"
02:44:27.991 [Test worker] DEBUG org.apache.http.wire - http-outgoing-38 >> "Connection: Keep-Alive[\r][\n]"
02:44:27.991 [Test worker] DEBUG org.apache.http.wire - http-outgoing-38 >> "Accept-Encoding: gzip,deflate[\r][\n]"
02:44:27.991 [Test worker] DEBUG org.apache.http.wire - http-outgoing-38 >> "[\r][\n]"
02:44:27.991 [Test worker] DEBUG org.apache.http.wire - http-outgoing-38 >> "eb[\r][\n]"
02:44:27.991 [Test worker] DEBUG org.apache.http.wire - http-outgoing-38 >> "{"enableIPv6":null,"Name":"MyNetwork","Driver":null,"IPAM":{"Driver":null,"Config":[{"Subnet":"172.19.0.0/16","IPRange":null,"Gateway":"172.19.0.1"}],"Options":null},"Options":{},"CheckDuplicate":true,"Internal":null,"EnableIPv6":null}[\r][\n]"
02:44:27.991 [Test worker] DEBUG org.apache.http.wire - http-outgoing-38 >> "0[\r][\n]"
02:44:27.991 [Test worker] DEBUG org.apache.http.wire - http-outgoing-38 >> "[\r][\n]"
02:44:28.046 [Test worker] DEBUG org.apache.http.wire - http-outgoing-38 << "HTTP/1.1 201 Created[\r][\n]"
02:44:28.046 [Test worker] DEBUG org.apache.http.wire - http-outgoing-38 << "Content-Type: application/json[\r][\n]"
02:44:28.046 [Test worker] DEBUG org.apache.http.wire - http-outgoing-38 << "Server: Docker/1.12.1 (linux)[\r][\n]"
02:44:28.046 [Test worker] DEBUG org.apache.http.wire - http-outgoing-38 << "Date: Tue, 18 Oct 2016 00:44:28 GMT[\r][\n]"
02:44:28.046 [Test worker] DEBUG org.apache.http.wire - http-outgoing-38 << "Content-Length: 87[\r][\n]"
02:44:28.046 [Test worker] DEBUG org.apache.http.wire - http-outgoing-38 << "[\r][\n]"
02:44:28.046 [Test worker] DEBUG org.apache.http.wire - http-outgoing-38 << "{"Id":"386c28b3512db17e9326f5ee5643ef6bc9d2c9e594eddd0b509c7ca606a726dd","Warning":""}[\n]"
02:44:28.046 [Test worker] DEBUG org.apache.http.headers - http-outgoing-38 << HTTP/1.1 201 Created
02:44:28.046 [Test worker] DEBUG org.apache.http.headers - http-outgoing-38 << Content-Type: application/json
02:44:28.046 [Test worker] DEBUG org.apache.http.headers - http-outgoing-38 << Server: Docker/1.12.1 (linux)
02:44:28.046 [Test worker] DEBUG org.apache.http.headers - http-outgoing-38 << Date: Tue, 18 Oct 2016 00:44:28 GMT
02:44:28.046 [Test worker] DEBUG org.apache.http.headers - http-outgoing-38 << Content-Length: 87
02:44:28.046 [Test worker] DEBUG o.a.h.impl.execchain.MainClientExec - Connection can be kept alive indefinitely
02:44:28.046 [Test worker] DEBUG c.g.d.j.JerseyDockerCmdExecFactory - 2 * Client response received on thread Test worker
2 < 201
2 < Content-Length: 87
2 < Content-Type: application/json
2 < Date: Tue, 18 Oct 2016 00:44:28 GMT
2 < Server: Docker/1.12.1 (linux)
{"Id":"386c28b3512db17e9326f5ee5643ef6bc9d2c9e594eddd0b509c7ca606a726dd","Warning":""}


02:44:28.047 [Test worker] DEBUG o.a.h.i.c.DefaultManagedHttpClientConnection - http-outgoing-38: Close connection
02:44:28.047 [Test worker] DEBUG o.a.h.impl.execchain.MainClientExec - Connection discarded
02:44:28.047 [Test worker] DEBUG c.g.d.j.JerseyDockerCmdExecFactory$1 - Connection released: [id: 38][route: {}->http://localhost:2375][total kept alive: 0; route allocated: 0 of 2; total allocated: 0 of 20]
02:44:28.047 [Test worker] DEBUG c.g.d.core.command.AbstrDockerCmd - Cmd: 386c28b3512db17e9326f5ee5643ef6bc9d2c9e594eddd0b509c7ca606a726dd,com.github.dockerjava.jaxrs.InspectNetworkCmdExec@a29fe15
02:44:28.048 [Test worker] DEBUG c.g.d.jaxrs.ListNetworksCmdExec - GET: JerseyWebTarget { http://localhost:2375/networks/386c28b3512db17e9326f5ee5643ef6bc9d2c9e594eddd0b509c7ca606a726dd }
02:44:28.048 [Test worker] DEBUG c.g.d.j.JerseyDockerCmdExecFactory - 3 * Sending client request on thread Test worker
3 > GET http://localhost:2375/networks/386c28b3512db17e9326f5ee5643ef6bc9d2c9e594eddd0b509c7ca606a726dd
3 > Accept: application/json

02:44:28.048 [Test worker] DEBUG o.a.h.c.protocol.RequestAddCookies - CookieSpec selected: default
02:44:28.048 [Test worker] DEBUG o.a.h.c.protocol.RequestAuthCache - Auth cache not set in the context
02:44:28.048 [Test worker] DEBUG c.g.d.j.JerseyDockerCmdExecFactory$1 - Connection request: [route: {}->http://localhost:2375][total kept alive: 0; route allocated: 0 of 2; total allocated: 0 of 20]
02:44:28.048 [Test worker] DEBUG c.g.d.j.JerseyDockerCmdExecFactory$1 - Connection leased: [id: 39][route: {}->http://localhost:2375][total kept alive: 0; route allocated: 1 of 2; total allocated: 1 of 20]
02:44:28.048 [Test worker] DEBUG o.a.h.impl.execchain.MainClientExec - Opening connection {}->http://localhost:2375
02:44:28.048 [Test worker] DEBUG o.a.h.i.c.DefaultHttpClientConnectionOperator - Connecting to localhost/127.0.0.1:2375
02:44:28.050 [Test worker] DEBUG o.a.h.i.c.DefaultHttpClientConnectionOperator - Connection established 127.0.0.1:57078<->127.0.0.1:2375
02:44:28.050 [Test worker] DEBUG o.a.h.impl.execchain.MainClientExec - Executing request GET /networks/386c28b3512db17e9326f5ee5643ef6bc9d2c9e594eddd0b509c7ca606a726dd HTTP/1.1
02:44:28.050 [Test worker] DEBUG o.a.h.impl.execchain.MainClientExec - Target auth state: UNCHALLENGED
02:44:28.050 [Test worker] DEBUG o.a.h.impl.execchain.MainClientExec - Proxy auth state: UNCHALLENGED
02:44:28.051 [Test worker] DEBUG org.apache.http.headers - http-outgoing-39 >> GET /networks/386c28b3512db17e9326f5ee5643ef6bc9d2c9e594eddd0b509c7ca606a726dd HTTP/1.1
02:44:28.051 [Test worker] DEBUG org.apache.http.headers - http-outgoing-39 >> Accept: application/json
02:44:28.051 [Test worker] DEBUG org.apache.http.headers - http-outgoing-39 >> User-Agent: Jersey/2.23.1 (Apache HttpClient 4.5.1)
02:44:28.051 [Test worker] DEBUG org.apache.http.headers - http-outgoing-39 >> Host: localhost:2375
02:44:28.051 [Test worker] DEBUG org.apache.http.headers - http-outgoing-39 >> Connection: Keep-Alive
02:44:28.051 [Test worker] DEBUG org.apache.http.headers - http-outgoing-39 >> Accept-Encoding: gzip,deflate
02:44:28.053 [Test worker] DEBUG org.apache.http.wire - http-outgoing-39 >> "GET /networks/386c28b3512db17e9326f5ee5643ef6bc9d2c9e594eddd0b509c7ca606a726dd HTTP/1.1[\r][\n]"
02:44:28.054 [Test worker] DEBUG org.apache.http.wire - http-outgoing-39 >> "Accept: application/json[\r][\n]"
02:44:28.054 [Test worker] DEBUG org.apache.http.wire - http-outgoing-39 >> "User-Agent: Jersey/2.23.1 (Apache HttpClient 4.5.1)[\r][\n]"
02:44:28.054 [Test worker] DEBUG org.apache.http.wire - http-outgoing-39 >> "Host: localhost:2375[\r][\n]"
02:44:28.054 [Test worker] DEBUG org.apache.http.wire - http-outgoing-39 >> "Connection: Keep-Alive[\r][\n]"
02:44:28.054 [Test worker] DEBUG org.apache.http.wire - http-outgoing-39 >> "Accept-Encoding: gzip,deflate[\r][\n]"
02:44:28.054 [Test worker] DEBUG org.apache.http.wire - http-outgoing-39 >> "[\r][\n]"
02:44:28.056 [Test worker] DEBUG org.apache.http.wire - http-outgoing-39 << "HTTP/1.1 200 OK[\r][\n]"
02:44:28.056 [Test worker] DEBUG org.apache.http.wire - http-outgoing-39 << "Content-Type: application/json[\r][\n]"
02:44:28.056 [Test worker] DEBUG org.apache.http.wire - http-outgoing-39 << "Server: Docker/1.12.1 (linux)[\r][\n]"
02:44:28.056 [Test worker] DEBUG org.apache.http.wire - http-outgoing-39 << "Date: Tue, 18 Oct 2016 00:44:28 GMT[\r][\n]"
02:44:28.056 [Test worker] DEBUG org.apache.http.wire - http-outgoing-39 << "Content-Length: 308[\r][\n]"
02:44:28.056 [Test worker] DEBUG org.apache.http.wire - http-outgoing-39 << "[\r][\n]"
02:44:28.056 [Test worker] DEBUG org.apache.http.wire - http-outgoing-39 << "{"Name":"MyNetwork","Id":"386c28b3512db17e9326f5ee5643ef6bc9d2c9e594eddd0b509c7ca606a726dd","Scope":"local","Driver":"bridge","EnableIPv6":false,"IPAM":{"Driver":"default","Options":null,"Config":[{"Subnet":"172.19.0.0/16","Gateway":"172.19.0.1"}]},"Internal":false,"Containers":{},"Options":{},"Labels":{}}[\n]"
02:44:28.057 [Test worker] DEBUG org.apache.http.headers - http-outgoing-39 << HTTP/1.1 200 OK
02:44:28.057 [Test worker] DEBUG org.apache.http.headers - http-outgoing-39 << Content-Type: application/json
02:44:28.057 [Test worker] DEBUG org.apache.http.headers - http-outgoing-39 << Server: Docker/1.12.1 (linux)
02:44:28.057 [Test worker] DEBUG org.apache.http.headers - http-outgoing-39 << Date: Tue, 18 Oct 2016 00:44:28 GMT
02:44:28.057 [Test worker] DEBUG org.apache.http.headers - http-outgoing-39 << Content-Length: 308
02:44:28.057 [Test worker] DEBUG o.a.h.impl.execchain.MainClientExec - Connection can be kept alive indefinitely
02:44:28.057 [Test worker] DEBUG c.g.d.j.JerseyDockerCmdExecFactory - 4 * Client response received on thread Test worker
4 < 200
4 < Content-Length: 308
4 < Content-Type: application/json
4 < Date: Tue, 18 Oct 2016 00:44:28 GMT
4 < Server: Docker/1.12.1 (linux)
{"Name":"MyNetwork","Id":"386c28b3512db17e9326f5ee5643ef6bc9d2c9e594eddd0b509c7ca606a726dd","Scope":"local","Driver":"bridge","EnableIPv6":false,"IPAM":{"Driver":"default","Options":null,"Config":[{"Subnet":"172.19.0.0/16","Gateway":"172.19.0.1"}]},"Internal":false,"Containers":{},"Options":{},"Labels":{}}


02:44:28.067 [Test worker] DEBUG o.a.h.i.c.DefaultManagedHttpClientConnection - http-outgoing-39: Close connection
02:44:28.067 [Test worker] DEBUG o.a.h.impl.execchain.MainClientExec - Connection discarded
02:44:28.067 [Test worker] DEBUG c.g.d.j.JerseyDockerCmdExecFactory$1 - Connection released: [id: 39][route: {}->http://localhost:2375][total kept alive: 0; route allocated: 0 of 2; total allocated: 0 of 20]
02:44:28.068 [Test worker] DEBUG org.openbaton.docker.DockerVim - Network successfully created
Network{id='386c28b3512db17e9326f5ee5643ef6bc9d2c9e594eddd0b509c7ca606a726dd', name='MyNetwork', extId='null', external=false, shared=false, subnets=[Subnet{id='null', version=0, name='bridge', extId='null', networkId='172.19.0.0/16', cidr='null', gatewayIp='172.19.0.1'}]}
Printing created network: Network{id='386c28b3512db17e9326f5ee5643ef6bc9d2c9e594eddd0b509c7ca606a726dd', name='MyNetwork', extId='null', external=false, shared=false, subnets=[Subnet{id='null', version=0, name='bridge', extId='null', networkId='172.19.0.0/16', cidr='null', gatewayIp='172.19.0.1'}]}
02:44:28.077 [Test worker] DEBUG c.g.d.core.command.AbstrDockerCmd - Cmd: com.github.dockerjava.core.util.FiltersBuilder@0,com.github.dockerjava.jaxrs.ListNetworksCmdExec@75e41d53
02:44:28.095 [Test worker] DEBUG c.g.d.j.JerseyDockerCmdExecFactory - 1 * Sending client request on thread Test worker
1 > GET http://localhost:2375/networks
1 > Accept: application/json

02:44:28.095 [Test worker] DEBUG o.a.h.c.protocol.RequestAddCookies - CookieSpec selected: default
02:44:28.096 [Test worker] DEBUG o.a.h.c.protocol.RequestAuthCache - Auth cache not set in the context
02:44:28.096 [Test worker] DEBUG c.g.d.j.JerseyDockerCmdExecFactory$1 - Connection request: [route: {}->http://localhost:2375][total kept alive: 0; route allocated: 0 of 2; total allocated: 0 of 20]
02:44:28.096 [Test worker] DEBUG c.g.d.j.JerseyDockerCmdExecFactory$1 - Connection leased: [id: 40][route: {}->http://localhost:2375][total kept alive: 0; route allocated: 1 of 2; total allocated: 1 of 20]
02:44:28.096 [Test worker] DEBUG o.a.h.impl.execchain.MainClientExec - Opening connection {}->http://localhost:2375
02:44:28.096 [Test worker] DEBUG o.a.h.i.c.DefaultHttpClientConnectionOperator - Connecting to localhost/127.0.0.1:2375
02:44:28.096 [Test worker] DEBUG o.a.h.i.c.DefaultHttpClientConnectionOperator - Connection established 127.0.0.1:57080<->127.0.0.1:2375
02:44:28.096 [Test worker] DEBUG o.a.h.impl.execchain.MainClientExec - Executing request GET /networks HTTP/1.1
02:44:28.096 [Test worker] DEBUG o.a.h.impl.execchain.MainClientExec - Target auth state: UNCHALLENGED
02:44:28.097 [Test worker] DEBUG o.a.h.impl.execchain.MainClientExec - Proxy auth state: UNCHALLENGED
02:44:28.097 [Test worker] DEBUG org.apache.http.headers - http-outgoing-40 >> GET /networks HTTP/1.1
02:44:28.097 [Test worker] DEBUG org.apache.http.headers - http-outgoing-40 >> Accept: application/json
02:44:28.097 [Test worker] DEBUG org.apache.http.headers - http-outgoing-40 >> User-Agent: Jersey/2.23.1 (Apache HttpClient 4.5.1)
02:44:28.097 [Test worker] DEBUG org.apache.http.headers - http-outgoing-40 >> Host: localhost:2375
02:44:28.097 [Test worker] DEBUG org.apache.http.headers - http-outgoing-40 >> Connection: Keep-Alive
02:44:28.097 [Test worker] DEBUG org.apache.http.headers - http-outgoing-40 >> Accept-Encoding: gzip,deflate
02:44:28.097 [Test worker] DEBUG org.apache.http.wire - http-outgoing-40 >> "GET /networks HTTP/1.1[\r][\n]"
02:44:28.097 [Test worker] DEBUG org.apache.http.wire - http-outgoing-40 >> "Accept: application/json[\r][\n]"
02:44:28.097 [Test worker] DEBUG org.apache.http.wire - http-outgoing-40 >> "User-Agent: Jersey/2.23.1 (Apache HttpClient 4.5.1)[\r][\n]"
02:44:28.097 [Test worker] DEBUG org.apache.http.wire - http-outgoing-40 >> "Host: localhost:2375[\r][\n]"
02:44:28.097 [Test worker] DEBUG org.apache.http.wire - http-outgoing-40 >> "Connection: Keep-Alive[\r][\n]"
02:44:28.098 [Test worker] DEBUG org.apache.http.wire - http-outgoing-40 >> "Accept-Encoding: gzip,deflate[\r][\n]"
02:44:28.098 [Test worker] DEBUG org.apache.http.wire - http-outgoing-40 >> "[\r][\n]"
02:44:28.098 [Test worker] DEBUG org.apache.http.wire - http-outgoing-40 << "HTTP/1.1 200 OK[\r][\n]"
02:44:28.098 [Test worker] DEBUG org.apache.http.wire - http-outgoing-40 << "Content-Type: application/json[\r][\n]"
02:44:28.098 [Test worker] DEBUG org.apache.http.wire - http-outgoing-40 << "Server: Docker/1.12.1 (linux)[\r][\n]"
02:44:28.098 [Test worker] DEBUG org.apache.http.wire - http-outgoing-40 << "Date: Tue, 18 Oct 2016 00:44:28 GMT[\r][\n]"
02:44:28.098 [Test worker] DEBUG org.apache.http.wire - http-outgoing-40 << "Content-Length: 1408[\r][\n]"
02:44:28.098 [Test worker] DEBUG org.apache.http.wire - http-outgoing-40 << "[\r][\n]"
02:44:28.099 [Test worker] DEBUG org.apache.http.wire - http-outgoing-40 << "[{"Name":"MyNetwork","Id":"386c28b3512db17e9326f5ee5643ef6bc9d2c9e594eddd0b509c7ca606a726dd","Scope":"local","Driver":"bridge","EnableIPv6":false,"IPAM":{"Driver":"default","Options":null,"Config":[{"Subnet":"172.19.0.0/16","Gateway":"172.19.0.1"}]},"Internal":false,"Containers":{},"Options":{},"Labels":{}},{"Name":"bridge","Id":"90941628611ab58d4fa4db6bcd1806afb9bf994c4562bea7ae3dc9153b373da5","Scope":"local","Driver":"bridge","EnableIPv6":false,"IPAM":{"Driver":"default","Options":null,"Config":[{"Subnet":"172.17.0.0/16","Gateway":"172.17.0.1"}]},"Internal":false,"Containers":{},"Options":{"com.docker.network.bridge.default_bridge":"true","com.docker.network.bridge.enable_icc":"true","com.docker.network.bridge.enable_ip_masquerade":"true","com.docker.network.bridge.host_binding_ipv4":"0.0.0.0","com.docker.network.bridge.name":"docker0","com.docker.network.driver.mtu":"1500"},"Labels":{}},{"Name":"none","Id":"4d89c194eb79cd2beb38458d10a1b98c74d6b8462af72afde29ae7aca53ed5ca","Scope":"local","Driver":"null","EnableIPv6":false,"IPAM":{"Driver":"default","Options":null,"Config":[]},"Internal":false,"Containers":{},"Options":{},"Labels":{}},{"Name":"host","Id":"fe042b0866671b5be4f097ba43830c0a02959c058702d18e18c14a24d88a357d","Scope":"local","Driver":"host","EnableIPv6":false,"IPAM":{"Driver":"default","Options":null,"Config":[]},"Internal":false,"Containers":{},"Options":{},"Labels":{}}][\n]"
02:44:28.099 [Test worker] DEBUG org.apache.http.headers - http-outgoing-40 << HTTP/1.1 200 OK
02:44:28.099 [Test worker] DEBUG org.apache.http.headers - http-outgoing-40 << Content-Type: application/json
02:44:28.099 [Test worker] DEBUG org.apache.http.headers - http-outgoing-40 << Server: Docker/1.12.1 (linux)
02:44:28.099 [Test worker] DEBUG org.apache.http.headers - http-outgoing-40 << Date: Tue, 18 Oct 2016 00:44:28 GMT
02:44:28.099 [Test worker] DEBUG org.apache.http.headers - http-outgoing-40 << Content-Length: 1408
02:44:28.099 [Test worker] DEBUG o.a.h.impl.execchain.MainClientExec - Connection can be kept alive indefinitely
02:44:28.099 [Test worker] DEBUG c.g.d.j.JerseyDockerCmdExecFactory - 2 * Client response received on thread Test worker
2 < 200
2 < Content-Length: 1408
2 < Content-Type: application/json
2 < Date: Tue, 18 Oct 2016 00:44:28 GMT
2 < Server: Docker/1.12.1 (linux)
[{"Name":"MyNetwork","Id":"386c28b3512db17e9326f5ee5643ef6bc9d2c9e594eddd0b509c7ca606a726dd","Scope":"local","Driver":"bridge","EnableIPv6":false,"IPAM":{"Driver":"default","Options":null,"Config":[{"Subnet":"172.19.0.0/16","Gateway":"172.19.0.1"}]},"Internal":false,"Containers":{},"Options":{},"Labels":{}},{"Name":"bridge","Id":"90941628611ab58d4fa4db6bcd1806afb9bf994c4562bea7ae3dc9153b373da5","Scope":"local","Driver":"bridge","EnableIPv6":false,"IPAM":{"Driver":"default","Options":null,"Config":[{"Subnet":"172.17.0.0/16","Gateway":"172.17.0.1"}]},"Internal":false,"Containers":{},"Options":{"com.docker.network.bridge.default_bridge":"true","com.docker.network.bridge.enable_icc":"true","com.docker.network.bridge.enable_ip_masquerade":"true","com.docker.network.bridge.host_binding_ipv4":"0.0.0.0","com.docker.network.bridge.name":"docker0","com.docker.network.driver.mtu":"1500"},"Labels":{}},{"Name":"none","Id":"4d89c194eb79cd2beb38458d10a1b98c74d6b8462af72afde29ae7aca53ed5ca","Scope":"local","Driver":"null","EnableIPv6":false,"IPAM":{"Driver":"default","Options":null,"Config":[]},"Internal":false,"Containers":{},"Options":{},"Labels":{}},{"Name":"host","Id":"fe042b0866671b5be4f097ba43830c0a02959c058702d18e18c14a24d88a357d","Scope":"local","Driver":"host","EnableIPv6":false,"IPAM":{"Driver":"default","Options":null,"Config":[]},"Internal":false,"Containers":{},"Options":{},"Labels":{}}]


02:44:28.103 [Test worker] DEBUG o.a.h.i.c.DefaultManagedHttpClientConnection - http-outgoing-40: Close connection
02:44:28.103 [Test worker] DEBUG o.a.h.impl.execchain.MainClientExec - Connection discarded
02:44:28.103 [Test worker] DEBUG c.g.d.j.JerseyDockerCmdExecFactory$1 - Connection released: [id: 40][route: {}->http://localhost:2375][total kept alive: 0; route allocated: 0 of 2; total allocated: 0 of 20]
02:44:28.103 [Test worker] DEBUG org.openbaton.docker.DockerVim - Found a docker network, transformed into a NFV network Network{id='386c28b3512db17e9326f5ee5643ef6bc9d2c9e594eddd0b509c7ca606a726dd', name='MyNetwork', extId='null', external=false, shared=false, subnets=[Subnet{id='null', version=0, name='bridge', extId='null', networkId='172.19.0.0/16', cidr='null', gatewayIp='172.19.0.1'}]}
02:44:28.107 [Test worker] DEBUG c.g.d.core.command.AbstrDockerCmd - Cmd: -1,<null>,true,<null>,<null>,com.github.dockerjava.core.util.FiltersBuilder@0,com.github.dockerjava.jaxrs.ListContainersCmdExec@4e705502
02:44:28.119 [Test worker] DEBUG c.g.d.j.JerseyDockerCmdExecFactory - 1 * Sending client request on thread Test worker
1 > GET http://localhost:2375/containers/json?all=true
1 > Accept: application/json

02:44:28.120 [Test worker] DEBUG o.a.h.c.protocol.RequestAddCookies - CookieSpec selected: default
02:44:28.120 [Test worker] DEBUG o.a.h.c.protocol.RequestAuthCache - Auth cache not set in the context
02:44:28.120 [Test worker] DEBUG c.g.d.j.JerseyDockerCmdExecFactory$1 - Connection request: [route: {}->http://localhost:2375][total kept alive: 0; route allocated: 0 of 2; total allocated: 0 of 20]
02:44:28.120 [Test worker] DEBUG c.g.d.j.JerseyDockerCmdExecFactory$1 - Connection leased: [id: 41][route: {}->http://localhost:2375][total kept alive: 0; route allocated: 1 of 2; total allocated: 1 of 20]
02:44:28.120 [Test worker] DEBUG o.a.h.impl.execchain.MainClientExec - Opening connection {}->http://localhost:2375
02:44:28.120 [Test worker] DEBUG o.a.h.i.c.DefaultHttpClientConnectionOperator - Connecting to localhost/127.0.0.1:2375
02:44:28.120 [Test worker] DEBUG o.a.h.i.c.DefaultHttpClientConnectionOperator - Connection established 127.0.0.1:57082<->127.0.0.1:2375
02:44:28.121 [Test worker] DEBUG o.a.h.impl.execchain.MainClientExec - Executing request GET /containers/json?all=true HTTP/1.1
02:44:28.121 [Test worker] DEBUG o.a.h.impl.execchain.MainClientExec - Target auth state: UNCHALLENGED
02:44:28.121 [Test worker] DEBUG o.a.h.impl.execchain.MainClientExec - Proxy auth state: UNCHALLENGED
02:44:28.121 [Test worker] DEBUG org.apache.http.headers - http-outgoing-41 >> GET /containers/json?all=true HTTP/1.1
02:44:28.121 [Test worker] DEBUG org.apache.http.headers - http-outgoing-41 >> Accept: application/json
02:44:28.121 [Test worker] DEBUG org.apache.http.headers - http-outgoing-41 >> User-Agent: Jersey/2.23.1 (Apache HttpClient 4.5.1)
02:44:28.121 [Test worker] DEBUG org.apache.http.headers - http-outgoing-41 >> Host: localhost:2375
02:44:28.121 [Test worker] DEBUG org.apache.http.headers - http-outgoing-41 >> Connection: Keep-Alive
02:44:28.121 [Test worker] DEBUG org.apache.http.headers - http-outgoing-41 >> Accept-Encoding: gzip,deflate
02:44:28.121 [Test worker] DEBUG org.apache.http.wire - http-outgoing-41 >> "GET /containers/json?all=true HTTP/1.1[\r][\n]"
02:44:28.121 [Test worker] DEBUG org.apache.http.wire - http-outgoing-41 >> "Accept: application/json[\r][\n]"
02:44:28.122 [Test worker] DEBUG org.apache.http.wire - http-outgoing-41 >> "User-Agent: Jersey/2.23.1 (Apache HttpClient 4.5.1)[\r][\n]"
02:44:28.122 [Test worker] DEBUG org.apache.http.wire - http-outgoing-41 >> "Host: localhost:2375[\r][\n]"
02:44:28.122 [Test worker] DEBUG org.apache.http.wire - http-outgoing-41 >> "Connection: Keep-Alive[\r][\n]"
02:44:28.122 [Test worker] DEBUG org.apache.http.wire - http-outgoing-41 >> "Accept-Encoding: gzip,deflate[\r][\n]"
02:44:28.122 [Test worker] DEBUG org.apache.http.wire - http-outgoing-41 >> "[\r][\n]"
02:44:28.122 [Test worker] DEBUG org.apache.http.wire - http-outgoing-41 << "HTTP/1.1 200 OK[\r][\n]"
02:44:28.122 [Test worker] DEBUG org.apache.http.wire - http-outgoing-41 << "Content-Type: application/json[\r][\n]"
02:44:28.122 [Test worker] DEBUG org.apache.http.wire - http-outgoing-41 << "Server: Docker/1.12.1 (linux)[\r][\n]"
02:44:28.122 [Test worker] DEBUG org.apache.http.wire - http-outgoing-41 << "Date: Tue, 18 Oct 2016 00:44:28 GMT[\r][\n]"
02:44:28.122 [Test worker] DEBUG org.apache.http.wire - http-outgoing-41 << "Content-Length: 3[\r][\n]"
02:44:28.123 [Test worker] DEBUG org.apache.http.wire - http-outgoing-41 << "[\r][\n]"
02:44:28.123 [Test worker] DEBUG org.apache.http.wire - http-outgoing-41 << "[][\n]"
02:44:28.123 [Test worker] DEBUG org.apache.http.headers - http-outgoing-41 << HTTP/1.1 200 OK
02:44:28.123 [Test worker] DEBUG org.apache.http.headers - http-outgoing-41 << Content-Type: application/json
02:44:28.123 [Test worker] DEBUG org.apache.http.headers - http-outgoing-41 << Server: Docker/1.12.1 (linux)
02:44:28.123 [Test worker] DEBUG org.apache.http.headers - http-outgoing-41 << Date: Tue, 18 Oct 2016 00:44:28 GMT
02:44:28.123 [Test worker] DEBUG org.apache.http.headers - http-outgoing-41 << Content-Length: 3
02:44:28.123 [Test worker] DEBUG o.a.h.impl.execchain.MainClientExec - Connection can be kept alive indefinitely
02:44:28.123 [Test worker] DEBUG c.g.d.j.JerseyDockerCmdExecFactory - 2 * Client response received on thread Test worker
2 < 200
2 < Content-Length: 3
2 < Content-Type: application/json
2 < Date: Tue, 18 Oct 2016 00:44:28 GMT
2 < Server: Docker/1.12.1 (linux)
[]


02:44:28.124 [Test worker] DEBUG c.g.d.j.JerseyDockerCmdExecFactory$1 - Connection [id: 41][route: {}->http://localhost:2375] can be kept alive indefinitely
02:44:28.124 [Test worker] DEBUG c.g.d.j.JerseyDockerCmdExecFactory$1 - Connection released: [id: 41][route: {}->http://localhost:2375][total kept alive: 1; route allocated: 1 of 2; total allocated: 1 of 20]
02:44:28.138 [Test worker] DEBUG c.g.d.core.command.AbstrDockerCmd - Cmd: com.github.dockerjava.core.util.FiltersBuilder@0,com.github.dockerjava.jaxrs.ListNetworksCmdExec@42948855
02:44:28.150 [Test worker] DEBUG c.g.d.j.JerseyDockerCmdExecFactory - 1 * Sending client request on thread Test worker
1 > GET http://localhost:2375/networks
1 > Accept: application/json

02:44:28.151 [Test worker] DEBUG o.a.h.c.protocol.RequestAddCookies - CookieSpec selected: default
02:44:28.151 [Test worker] DEBUG o.a.h.c.protocol.RequestAuthCache - Auth cache not set in the context
02:44:28.151 [Test worker] DEBUG c.g.d.j.JerseyDockerCmdExecFactory$1 - Connection request: [route: {}->http://localhost:2375][total kept alive: 0; route allocated: 0 of 2; total allocated: 0 of 20]
02:44:28.151 [Test worker] DEBUG c.g.d.j.JerseyDockerCmdExecFactory$1 - Connection leased: [id: 42][route: {}->http://localhost:2375][total kept alive: 0; route allocated: 1 of 2; total allocated: 1 of 20]
02:44:28.151 [Test worker] DEBUG o.a.h.impl.execchain.MainClientExec - Opening connection {}->http://localhost:2375
02:44:28.151 [Test worker] DEBUG o.a.h.i.c.DefaultHttpClientConnectionOperator - Connecting to localhost/127.0.0.1:2375
02:44:28.151 [Test worker] DEBUG o.a.h.i.c.DefaultHttpClientConnectionOperator - Connection established 127.0.0.1:57084<->127.0.0.1:2375
02:44:28.152 [Test worker] DEBUG o.a.h.impl.execchain.MainClientExec - Executing request GET /networks HTTP/1.1
02:44:28.152 [Test worker] DEBUG o.a.h.impl.execchain.MainClientExec - Target auth state: UNCHALLENGED
02:44:28.152 [Test worker] DEBUG o.a.h.impl.execchain.MainClientExec - Proxy auth state: UNCHALLENGED
02:44:28.152 [Test worker] DEBUG org.apache.http.headers - http-outgoing-42 >> GET /networks HTTP/1.1
02:44:28.152 [Test worker] DEBUG org.apache.http.headers - http-outgoing-42 >> Accept: application/json
02:44:28.152 [Test worker] DEBUG org.apache.http.headers - http-outgoing-42 >> User-Agent: Jersey/2.23.1 (Apache HttpClient 4.5.1)
02:44:28.152 [Test worker] DEBUG org.apache.http.headers - http-outgoing-42 >> Host: localhost:2375
02:44:28.152 [Test worker] DEBUG org.apache.http.headers - http-outgoing-42 >> Connection: Keep-Alive
02:44:28.152 [Test worker] DEBUG org.apache.http.headers - http-outgoing-42 >> Accept-Encoding: gzip,deflate
02:44:28.152 [Test worker] DEBUG org.apache.http.wire - http-outgoing-42 >> "GET /networks HTTP/1.1[\r][\n]"
02:44:28.152 [Test worker] DEBUG org.apache.http.wire - http-outgoing-42 >> "Accept: application/json[\r][\n]"
02:44:28.152 [Test worker] DEBUG org.apache.http.wire - http-outgoing-42 >> "User-Agent: Jersey/2.23.1 (Apache HttpClient 4.5.1)[\r][\n]"
02:44:28.153 [Test worker] DEBUG org.apache.http.wire - http-outgoing-42 >> "Host: localhost:2375[\r][\n]"
02:44:28.153 [Test worker] DEBUG org.apache.http.wire - http-outgoing-42 >> "Connection: Keep-Alive[\r][\n]"
02:44:28.153 [Test worker] DEBUG org.apache.http.wire - http-outgoing-42 >> "Accept-Encoding: gzip,deflate[\r][\n]"
02:44:28.153 [Test worker] DEBUG org.apache.http.wire - http-outgoing-42 >> "[\r][\n]"
02:44:28.153 [Test worker] DEBUG org.apache.http.wire - http-outgoing-42 << "HTTP/1.1 200 OK[\r][\n]"
02:44:28.153 [Test worker] DEBUG org.apache.http.wire - http-outgoing-42 << "Content-Type: application/json[\r][\n]"
02:44:28.153 [Test worker] DEBUG org.apache.http.wire - http-outgoing-42 << "Server: Docker/1.12.1 (linux)[\r][\n]"
02:44:28.153 [Test worker] DEBUG org.apache.http.wire - http-outgoing-42 << "Date: Tue, 18 Oct 2016 00:44:28 GMT[\r][\n]"
02:44:28.153 [Test worker] DEBUG org.apache.http.wire - http-outgoing-42 << "Content-Length: 1408[\r][\n]"
02:44:28.154 [Test worker] DEBUG org.apache.http.wire - http-outgoing-42 << "[\r][\n]"
02:44:28.154 [Test worker] DEBUG org.apache.http.wire - http-outgoing-42 << "[{"Name":"none","Id":"4d89c194eb79cd2beb38458d10a1b98c74d6b8462af72afde29ae7aca53ed5ca","Scope":"local","Driver":"null","EnableIPv6":false,"IPAM":{"Driver":"default","Options":null,"Config":[]},"Internal":false,"Containers":{},"Options":{},"Labels":{}},{"Name":"host","Id":"fe042b0866671b5be4f097ba43830c0a02959c058702d18e18c14a24d88a357d","Scope":"local","Driver":"host","EnableIPv6":false,"IPAM":{"Driver":"default","Options":null,"Config":[]},"Internal":false,"Containers":{},"Options":{},"Labels":{}},{"Name":"MyNetwork","Id":"386c28b3512db17e9326f5ee5643ef6bc9d2c9e594eddd0b509c7ca606a726dd","Scope":"local","Driver":"bridge","EnableIPv6":false,"IPAM":{"Driver":"default","Options":null,"Config":[{"Subnet":"172.19.0.0/16","Gateway":"172.19.0.1"}]},"Internal":false,"Containers":{},"Options":{},"Labels":{}},{"Name":"bridge","Id":"90941628611ab58d4fa4db6bcd1806afb9bf994c4562bea7ae3dc9153b373da5","Scope":"local","Driver":"bridge","EnableIPv6":false,"IPAM":{"Driver":"default","Options":null,"Config":[{"Subnet":"172.17.0.0/16","Gateway":"172.17.0.1"}]},"Internal":false,"Containers":{},"Options":{"com.docker.network.bridge.default_bridge":"true","com.docker.network.bridge.enable_icc":"true","com.docker.network.bridge.enable_ip_masquerade":"true","com.docker.network.bridge.host_binding_ipv4":"0.0.0.0","com.docker.network.bridge.name":"docker0","com.docker.network.driver.mtu":"1500"},"Labels":{}}][\n]"
02:44:28.154 [Test worker] DEBUG org.apache.http.headers - http-outgoing-42 << HTTP/1.1 200 OK
02:44:28.154 [Test worker] DEBUG org.apache.http.headers - http-outgoing-42 << Content-Type: application/json
02:44:28.154 [Test worker] DEBUG org.apache.http.headers - http-outgoing-42 << Server: Docker/1.12.1 (linux)
02:44:28.154 [Test worker] DEBUG org.apache.http.headers - http-outgoing-42 << Date: Tue, 18 Oct 2016 00:44:28 GMT
02:44:28.154 [Test worker] DEBUG org.apache.http.headers - http-outgoing-42 << Content-Length: 1408
02:44:28.154 [Test worker] DEBUG o.a.h.impl.execchain.MainClientExec - Connection can be kept alive indefinitely
02:44:28.154 [Test worker] DEBUG c.g.d.j.JerseyDockerCmdExecFactory - 2 * Client response received on thread Test worker
2 < 200
2 < Content-Length: 1408
2 < Content-Type: application/json
2 < Date: Tue, 18 Oct 2016 00:44:28 GMT
2 < Server: Docker/1.12.1 (linux)
[{"Name":"none","Id":"4d89c194eb79cd2beb38458d10a1b98c74d6b8462af72afde29ae7aca53ed5ca","Scope":"local","Driver":"null","EnableIPv6":false,"IPAM":{"Driver":"default","Options":null,"Config":[]},"Internal":false,"Containers":{},"Options":{},"Labels":{}},{"Name":"host","Id":"fe042b0866671b5be4f097ba43830c0a02959c058702d18e18c14a24d88a357d","Scope":"local","Driver":"host","EnableIPv6":false,"IPAM":{"Driver":"default","Options":null,"Config":[]},"Internal":false,"Containers":{},"Options":{},"Labels":{}},{"Name":"MyNetwork","Id":"386c28b3512db17e9326f5ee5643ef6bc9d2c9e594eddd0b509c7ca606a726dd","Scope":"local","Driver":"bridge","EnableIPv6":false,"IPAM":{"Driver":"default","Options":null,"Config":[{"Subnet":"172.19.0.0/16","Gateway":"172.19.0.1"}]},"Internal":false,"Containers":{},"Options":{},"Labels":{}},{"Name":"bridge","Id":"90941628611ab58d4fa4db6bcd1806afb9bf994c4562bea7ae3dc9153b373da5","Scope":"local","Driver":"bridge","EnableIPv6":false,"IPAM":{"Driver":"default","Options":null,"Config":[{"Subnet":"172.17.0.0/16","Gateway":"172.17.0.1"}]},"Internal":false,"Containers":{},"Options":{"com.docker.network.bridge.default_bridge":"true","com.docker.network.bridge.enable_icc":"true","com.docker.network.bridge.enable_ip_masquerade":"true","com.docker.network.bridge.host_binding_ipv4":"0.0.0.0","com.docker.network.bridge.name":"docker0","com.docker.network.driver.mtu":"1500"},"Labels":{}}]


02:44:28.168 [Test worker] DEBUG o.a.h.i.c.DefaultManagedHttpClientConnection - http-outgoing-42: Close connection
02:44:28.169 [Test worker] DEBUG o.a.h.impl.execchain.MainClientExec - Connection discarded
02:44:28.169 [Test worker] DEBUG c.g.d.j.JerseyDockerCmdExecFactory$1 - Connection released: [id: 42][route: {}->http://localhost:2375][total kept alive: 0; route allocated: 0 of 2; total allocated: 0 of 20]
02:44:28.169 [Test worker] DEBUG org.openbaton.docker.DockerVim - Found a docker network, transformed into a NFV network Network{id='386c28b3512db17e9326f5ee5643ef6bc9d2c9e594eddd0b509c7ca606a726dd', name='MyNetwork', extId='null', external=false, shared=false, subnets=[Subnet{id='null', version=0, name='bridge', extId='null', networkId='172.19.0.0/16', cidr='null', gatewayIp='172.19.0.1'}]}
02:44:28.175 [Test worker] DEBUG c.g.d.core.command.AbstrDockerCmd - Cmd: 386c28b3512db17e9326f5ee5643ef6bc9d2c9e594eddd0b509c7ca606a726dd,com.github.dockerjava.jaxrs.RemoveNetworkCmdExec@641d17d3
02:44:28.207 [Test worker] DEBUG c.g.d.j.JerseyDockerCmdExecFactory - 1 * Sending client request on thread Test worker
1 > DELETE http://localhost:2375/networks/386c28b3512db17e9326f5ee5643ef6bc9d2c9e594eddd0b509c7ca606a726dd
1 > Accept: application/json

02:44:28.208 [Test worker] DEBUG o.a.h.c.protocol.RequestAddCookies - CookieSpec selected: default
02:44:28.209 [Test worker] DEBUG o.a.h.c.protocol.RequestAuthCache - Auth cache not set in the context
02:44:28.209 [Test worker] DEBUG c.g.d.j.JerseyDockerCmdExecFactory$1 - Connection request: [route: {}->http://localhost:2375][total kept alive: 0; route allocated: 0 of 2; total allocated: 0 of 20]
02:44:28.209 [Test worker] DEBUG c.g.d.j.JerseyDockerCmdExecFactory$1 - Connection leased: [id: 43][route: {}->http://localhost:2375][total kept alive: 0; route allocated: 1 of 2; total allocated: 1 of 20]
02:44:28.209 [Test worker] DEBUG o.a.h.impl.execchain.MainClientExec - Opening connection {}->http://localhost:2375
02:44:28.209 [Test worker] DEBUG o.a.h.i.c.DefaultHttpClientConnectionOperator - Connecting to localhost/127.0.0.1:2375
02:44:28.210 [Test worker] DEBUG o.a.h.i.c.DefaultHttpClientConnectionOperator - Connection established 127.0.0.1:57086<->127.0.0.1:2375
02:44:28.210 [Test worker] DEBUG o.a.h.impl.execchain.MainClientExec - Executing request DELETE /networks/386c28b3512db17e9326f5ee5643ef6bc9d2c9e594eddd0b509c7ca606a726dd HTTP/1.1
02:44:28.210 [Test worker] DEBUG o.a.h.impl.execchain.MainClientExec - Target auth state: UNCHALLENGED
02:44:28.210 [Test worker] DEBUG o.a.h.impl.execchain.MainClientExec - Proxy auth state: UNCHALLENGED
02:44:28.210 [Test worker] DEBUG org.apache.http.headers - http-outgoing-43 >> DELETE /networks/386c28b3512db17e9326f5ee5643ef6bc9d2c9e594eddd0b509c7ca606a726dd HTTP/1.1
02:44:28.211 [Test worker] DEBUG org.apache.http.headers - http-outgoing-43 >> Accept: application/json
02:44:28.211 [Test worker] DEBUG org.apache.http.headers - http-outgoing-43 >> User-Agent: Jersey/2.23.1 (Apache HttpClient 4.5.1)
02:44:28.211 [Test worker] DEBUG org.apache.http.headers - http-outgoing-43 >> Host: localhost:2375
02:44:28.211 [Test worker] DEBUG org.apache.http.headers - http-outgoing-43 >> Connection: Keep-Alive
02:44:28.211 [Test worker] DEBUG org.apache.http.headers - http-outgoing-43 >> Accept-Encoding: gzip,deflate
02:44:28.211 [Test worker] DEBUG org.apache.http.wire - http-outgoing-43 >> "DELETE /networks/386c28b3512db17e9326f5ee5643ef6bc9d2c9e594eddd0b509c7ca606a726dd HTTP/1.1[\r][\n]"
02:44:28.212 [Test worker] DEBUG org.apache.http.wire - http-outgoing-43 >> "Accept: application/json[\r][\n]"
02:44:28.212 [Test worker] DEBUG org.apache.http.wire - http-outgoing-43 >> "User-Agent: Jersey/2.23.1 (Apache HttpClient 4.5.1)[\r][\n]"
02:44:28.212 [Test worker] DEBUG org.apache.http.wire - http-outgoing-43 >> "Host: localhost:2375[\r][\n]"
02:44:28.212 [Test worker] DEBUG org.apache.http.wire - http-outgoing-43 >> "Connection: Keep-Alive[\r][\n]"
02:44:28.212 [Test worker] DEBUG org.apache.http.wire - http-outgoing-43 >> "Accept-Encoding: gzip,deflate[\r][\n]"
02:44:28.212 [Test worker] DEBUG org.apache.http.wire - http-outgoing-43 >> "[\r][\n]"
02:44:28.259 [Test worker] DEBUG org.apache.http.wire - http-outgoing-43 << "HTTP/1.1 204 No Content[\r][\n]"
02:44:28.259 [Test worker] DEBUG org.apache.http.wire - http-outgoing-43 << "Server: Docker/1.12.1 (linux)[\r][\n]"
02:44:28.260 [Test worker] DEBUG org.apache.http.wire - http-outgoing-43 << "Date: Tue, 18 Oct 2016 00:44:28 GMT[\r][\n]"
02:44:28.260 [Test worker] DEBUG org.apache.http.wire - http-outgoing-43 << "[\r][\n]"
02:44:28.260 [Test worker] DEBUG org.apache.http.headers - http-outgoing-43 << HTTP/1.1 204 No Content
02:44:28.260 [Test worker] DEBUG org.apache.http.headers - http-outgoing-43 << Server: Docker/1.12.1 (linux)
02:44:28.260 [Test worker] DEBUG org.apache.http.headers - http-outgoing-43 << Date: Tue, 18 Oct 2016 00:44:28 GMT
02:44:28.260 [Test worker] DEBUG o.a.h.impl.execchain.MainClientExec - Connection can be kept alive indefinitely
02:44:28.260 [Test worker] DEBUG c.g.d.j.JerseyDockerCmdExecFactory$1 - Connection [id: 43][route: {}->http://localhost:2375] can be kept alive indefinitely
02:44:28.260 [Test worker] DEBUG c.g.d.j.JerseyDockerCmdExecFactory$1 - Connection released: [id: 43][route: {}->http://localhost:2375][total kept alive: 1; route allocated: 1 of 2; total allocated: 1 of 20]
02:44:28.260 [Test worker] DEBUG c.g.d.j.JerseyDockerCmdExecFactory - 2 * Client response received on thread Test worker
2 < 204
2 < Date: Tue, 18 Oct 2016 00:44:28 GMT
2 < Server: Docker/1.12.1 (linux)

02:44:28.261 [Test worker] DEBUG org.openbaton.docker.DockerVim - Network deleted successfully
02:44:28.261 [Test worker] DEBUG c.g.d.core.command.AbstrDockerCmd - Cmd: com.github.dockerjava.core.util.FiltersBuilder@0,com.github.dockerjava.jaxrs.ListVolumesCmdExec@50a639e9
02:44:28.262 [Test worker] DEBUG c.g.d.j.JerseyDockerCmdExecFactory - 3 * Sending client request on thread Test worker
3 > GET http://localhost:2375/volumes
3 > Accept: application/json

02:44:28.262 [Test worker] DEBUG o.a.h.c.protocol.RequestAddCookies - CookieSpec selected: default
02:44:28.262 [Test worker] DEBUG o.a.h.c.protocol.RequestAuthCache - Auth cache not set in the context
02:44:28.262 [Test worker] DEBUG c.g.d.j.JerseyDockerCmdExecFactory$1 - Connection request: [route: {}->http://localhost:2375][total kept alive: 0; route allocated: 0 of 2; total allocated: 0 of 20]
02:44:28.262 [Test worker] DEBUG c.g.d.j.JerseyDockerCmdExecFactory$1 - Connection leased: [id: 44][route: {}->http://localhost:2375][total kept alive: 0; route allocated: 1 of 2; total allocated: 1 of 20]
02:44:28.263 [Test worker] DEBUG o.a.h.impl.execchain.MainClientExec - Opening connection {}->http://localhost:2375
02:44:28.263 [Test worker] DEBUG o.a.h.i.c.DefaultHttpClientConnectionOperator - Connecting to localhost/127.0.0.1:2375
02:44:28.263 [Test worker] DEBUG o.a.h.i.c.DefaultHttpClientConnectionOperator - Connection established 127.0.0.1:57088<->127.0.0.1:2375
02:44:28.263 [Test worker] DEBUG o.a.h.impl.execchain.MainClientExec - Executing request GET /volumes HTTP/1.1
02:44:28.263 [Test worker] DEBUG o.a.h.impl.execchain.MainClientExec - Target auth state: UNCHALLENGED
02:44:28.264 [Test worker] DEBUG o.a.h.impl.execchain.MainClientExec - Proxy auth state: UNCHALLENGED
02:44:28.264 [Test worker] DEBUG org.apache.http.headers - http-outgoing-44 >> GET /volumes HTTP/1.1
02:44:28.264 [Test worker] DEBUG org.apache.http.headers - http-outgoing-44 >> Accept: application/json
02:44:28.264 [Test worker] DEBUG org.apache.http.headers - http-outgoing-44 >> User-Agent: Jersey/2.23.1 (Apache HttpClient 4.5.1)
02:44:28.264 [Test worker] DEBUG org.apache.http.headers - http-outgoing-44 >> Host: localhost:2375
02:44:28.264 [Test worker] DEBUG org.apache.http.headers - http-outgoing-44 >> Connection: Keep-Alive
02:44:28.265 [Test worker] DEBUG org.apache.http.headers - http-outgoing-44 >> Accept-Encoding: gzip,deflate
02:44:28.265 [Test worker] DEBUG org.apache.http.wire - http-outgoing-44 >> "GET /volumes HTTP/1.1[\r][\n]"
02:44:28.265 [Test worker] DEBUG org.apache.http.wire - http-outgoing-44 >> "Accept: application/json[\r][\n]"
02:44:28.265 [Test worker] DEBUG org.apache.http.wire - http-outgoing-44 >> "User-Agent: Jersey/2.23.1 (Apache HttpClient 4.5.1)[\r][\n]"
02:44:28.265 [Test worker] DEBUG org.apache.http.wire - http-outgoing-44 >> "Host: localhost:2375[\r][\n]"
02:44:28.265 [Test worker] DEBUG org.apache.http.wire - http-outgoing-44 >> "Connection: Keep-Alive[\r][\n]"
02:44:28.265 [Test worker] DEBUG org.apache.http.wire - http-outgoing-44 >> "Accept-Encoding: gzip,deflate[\r][\n]"
02:44:28.265 [Test worker] DEBUG org.apache.http.wire - http-outgoing-44 >> "[\r][\n]"
02:44:28.265 [Test worker] DEBUG org.apache.http.wire - http-outgoing-44 << "HTTP/1.1 200 OK[\r][\n]"
02:44:28.265 [Test worker] DEBUG org.apache.http.wire - http-outgoing-44 << "Content-Type: application/json[\r][\n]"
02:44:28.266 [Test worker] DEBUG org.apache.http.wire - http-outgoing-44 << "Server: Docker/1.12.1 (linux)[\r][\n]"
02:44:28.266 [Test worker] DEBUG org.apache.http.wire - http-outgoing-44 << "Date: Tue, 18 Oct 2016 00:44:28 GMT[\r][\n]"
02:44:28.266 [Test worker] DEBUG org.apache.http.wire - http-outgoing-44 << "Content-Length: 33[\r][\n]"
02:44:28.266 [Test worker] DEBUG org.apache.http.wire - http-outgoing-44 << "[\r][\n]"
02:44:28.266 [Test worker] DEBUG org.apache.http.wire - http-outgoing-44 << "{"Volumes":null,"Warnings":null}[\n]"
02:44:28.266 [Test worker] DEBUG org.apache.http.headers - http-outgoing-44 << HTTP/1.1 200 OK
02:44:28.267 [Test worker] DEBUG org.apache.http.headers - http-outgoing-44 << Content-Type: application/json
02:44:28.267 [Test worker] DEBUG org.apache.http.headers - http-outgoing-44 << Server: Docker/1.12.1 (linux)
02:44:28.267 [Test worker] DEBUG org.apache.http.headers - http-outgoing-44 << Date: Tue, 18 Oct 2016 00:44:28 GMT
02:44:28.267 [Test worker] DEBUG org.apache.http.headers - http-outgoing-44 << Content-Length: 33
02:44:28.267 [Test worker] DEBUG o.a.h.impl.execchain.MainClientExec - Connection can be kept alive indefinitely
02:44:28.268 [Test worker] DEBUG c.g.d.j.JerseyDockerCmdExecFactory - 4 * Client response received on thread Test worker
4 < 200
4 < Content-Length: 33
4 < Content-Type: application/json
4 < Date: Tue, 18 Oct 2016 00:44:28 GMT
4 < Server: Docker/1.12.1 (linux)
{"Volumes":null,"Warnings":null}


02:44:28.268 [Test worker] DEBUG o.a.h.i.c.DefaultManagedHttpClientConnection - http-outgoing-44: Close connection
02:44:28.268 [Test worker] DEBUG o.a.h.impl.execchain.MainClientExec - Connection discarded
02:44:28.268 [Test worker] DEBUG c.g.d.j.JerseyDockerCmdExecFactory$1 - Connection released: [id: 44][route: {}->http://localhost:2375][total kept alive: 0; route allocated: 0 of 2; total allocated: 0 of 20]
02:44:28.269 [Test worker] DEBUG org.openbaton.docker.DockerVim - Loading properties
02:44:28.269 [Test worker] DEBUG org.openbaton.docker.DockerVim - Loaded properties: {type=docker}
02:44:28.272 [Test worker] DEBUG c.g.d.core.command.AbstrDockerCmd - Cmd: -1,<null>,true,<null>,<null>,com.github.dockerjava.core.util.FiltersBuilder@0,com.github.dockerjava.jaxrs.ListContainersCmdExec@1516d73d
02:44:28.284 [Test worker] DEBUG c.g.d.j.JerseyDockerCmdExecFactory - 1 * Sending client request on thread Test worker
1 > GET http://localhost:2375/containers/json?all=true
1 > Accept: application/json

02:44:28.284 [Test worker] DEBUG o.a.h.c.protocol.RequestAddCookies - CookieSpec selected: default
02:44:28.284 [Test worker] DEBUG o.a.h.c.protocol.RequestAuthCache - Auth cache not set in the context
02:44:28.284 [Test worker] DEBUG c.g.d.j.JerseyDockerCmdExecFactory$1 - Connection request: [route: {}->http://localhost:2375][total kept alive: 0; route allocated: 0 of 2; total allocated: 0 of 20]
02:44:28.285 [Test worker] DEBUG c.g.d.j.JerseyDockerCmdExecFactory$1 - Connection leased: [id: 45][route: {}->http://localhost:2375][total kept alive: 0; route allocated: 1 of 2; total allocated: 1 of 20]
02:44:28.285 [Test worker] DEBUG o.a.h.impl.execchain.MainClientExec - Opening connection {}->http://localhost:2375
02:44:28.286 [Test worker] DEBUG o.a.h.i.c.DefaultHttpClientConnectionOperator - Connecting to localhost/127.0.0.1:2375
02:44:28.286 [Test worker] DEBUG o.a.h.i.c.DefaultHttpClientConnectionOperator - Connection established 127.0.0.1:57090<->127.0.0.1:2375
02:44:28.286 [Test worker] DEBUG o.a.h.impl.execchain.MainClientExec - Executing request GET /containers/json?all=true HTTP/1.1
02:44:28.286 [Test worker] DEBUG o.a.h.impl.execchain.MainClientExec - Target auth state: UNCHALLENGED
02:44:28.286 [Test worker] DEBUG o.a.h.impl.execchain.MainClientExec - Proxy auth state: UNCHALLENGED
02:44:28.286 [Test worker] DEBUG org.apache.http.headers - http-outgoing-45 >> GET /containers/json?all=true HTTP/1.1
02:44:28.286 [Test worker] DEBUG org.apache.http.headers - http-outgoing-45 >> Accept: application/json
02:44:28.286 [Test worker] DEBUG org.apache.http.headers - http-outgoing-45 >> User-Agent: Jersey/2.23.1 (Apache HttpClient 4.5.1)
02:44:28.286 [Test worker] DEBUG org.apache.http.headers - http-outgoing-45 >> Host: localhost:2375
02:44:28.287 [Test worker] DEBUG org.apache.http.headers - http-outgoing-45 >> Connection: Keep-Alive
02:44:28.287 [Test worker] DEBUG org.apache.http.headers - http-outgoing-45 >> Accept-Encoding: gzip,deflate
02:44:28.287 [Test worker] DEBUG org.apache.http.wire - http-outgoing-45 >> "GET /containers/json?all=true HTTP/1.1[\r][\n]"
02:44:28.287 [Test worker] DEBUG org.apache.http.wire - http-outgoing-45 >> "Accept: application/json[\r][\n]"
02:44:28.287 [Test worker] DEBUG org.apache.http.wire - http-outgoing-45 >> "User-Agent: Jersey/2.23.1 (Apache HttpClient 4.5.1)[\r][\n]"
02:44:28.287 [Test worker] DEBUG org.apache.http.wire - http-outgoing-45 >> "Host: localhost:2375[\r][\n]"
02:44:28.287 [Test worker] DEBUG org.apache.http.wire - http-outgoing-45 >> "Connection: Keep-Alive[\r][\n]"
02:44:28.287 [Test worker] DEBUG org.apache.http.wire - http-outgoing-45 >> "Accept-Encoding: gzip,deflate[\r][\n]"
02:44:28.287 [Test worker] DEBUG org.apache.http.wire - http-outgoing-45 >> "[\r][\n]"
02:44:28.287 [Test worker] DEBUG org.apache.http.wire - http-outgoing-45 << "HTTP/1.1 200 OK[\r][\n]"
02:44:28.287 [Test worker] DEBUG org.apache.http.wire - http-outgoing-45 << "Content-Type: application/json[\r][\n]"
02:44:28.288 [Test worker] DEBUG org.apache.http.wire - http-outgoing-45 << "Server: Docker/1.12.1 (linux)[\r][\n]"
02:44:28.288 [Test worker] DEBUG org.apache.http.wire - http-outgoing-45 << "Date: Tue, 18 Oct 2016 00:44:28 GMT[\r][\n]"
02:44:28.288 [Test worker] DEBUG org.apache.http.wire - http-outgoing-45 << "Content-Length: 3[\r][\n]"
02:44:28.288 [Test worker] DEBUG org.apache.http.wire - http-outgoing-45 << "[\r][\n]"
02:44:28.288 [Test worker] DEBUG org.apache.http.wire - http-outgoing-45 << "[][\n]"
02:44:28.288 [Test worker] DEBUG org.apache.http.headers - http-outgoing-45 << HTTP/1.1 200 OK
02:44:28.288 [Test worker] DEBUG org.apache.http.headers - http-outgoing-45 << Content-Type: application/json
02:44:28.288 [Test worker] DEBUG org.apache.http.headers - http-outgoing-45 << Server: Docker/1.12.1 (linux)
02:44:28.288 [Test worker] DEBUG org.apache.http.headers - http-outgoing-45 << Date: Tue, 18 Oct 2016 00:44:28 GMT
02:44:28.288 [Test worker] DEBUG org.apache.http.headers - http-outgoing-45 << Content-Length: 3
02:44:28.289 [Test worker] DEBUG o.a.h.impl.execchain.MainClientExec - Connection can be kept alive indefinitely
02:44:28.289 [Test worker] DEBUG c.g.d.j.JerseyDockerCmdExecFactory - 2 * Client response received on thread Test worker
2 < 200
2 < Content-Length: 3
2 < Content-Type: application/json
2 < Date: Tue, 18 Oct 2016 00:44:28 GMT
2 < Server: Docker/1.12.1 (linux)
[]


02:44:28.292 [Test worker] DEBUG c.g.d.j.JerseyDockerCmdExecFactory$1 - Connection [id: 45][route: {}->http://localhost:2375] can be kept alive indefinitely
02:44:28.292 [Test worker] DEBUG c.g.d.j.JerseyDockerCmdExecFactory$1 - Connection released: [id: 45][route: {}->http://localhost:2375][total kept alive: 1; route allocated: 1 of 2; total allocated: 1 of 20]
02:44:28.300 [Test worker] DEBUG c.g.d.core.command.AbstrDockerCmd - Cmd: com.github.dockerjava.core.util.FiltersBuilder@0,com.github.dockerjava.jaxrs.ListNetworksCmdExec@4ea23a9c
02:44:28.313 [Test worker] DEBUG c.g.d.j.JerseyDockerCmdExecFactory - 1 * Sending client request on thread Test worker
1 > GET http://localhost:2375/networks
1 > Accept: application/json

02:44:28.313 [Test worker] DEBUG o.a.h.c.protocol.RequestAddCookies - CookieSpec selected: default
02:44:28.314 [Test worker] DEBUG o.a.h.c.protocol.RequestAuthCache - Auth cache not set in the context
02:44:28.314 [Test worker] DEBUG c.g.d.j.JerseyDockerCmdExecFactory$1 - Connection request: [route: {}->http://localhost:2375][total kept alive: 0; route allocated: 0 of 2; total allocated: 0 of 20]
02:44:28.314 [Test worker] DEBUG c.g.d.j.JerseyDockerCmdExecFactory$1 - Connection leased: [id: 46][route: {}->http://localhost:2375][total kept alive: 0; route allocated: 1 of 2; total allocated: 1 of 20]
02:44:28.314 [Test worker] DEBUG o.a.h.impl.execchain.MainClientExec - Opening connection {}->http://localhost:2375
02:44:28.314 [Test worker] DEBUG o.a.h.i.c.DefaultHttpClientConnectionOperator - Connecting to localhost/127.0.0.1:2375
02:44:28.314 [Test worker] DEBUG o.a.h.i.c.DefaultHttpClientConnectionOperator - Connection established 127.0.0.1:57092<->127.0.0.1:2375
02:44:28.314 [Test worker] DEBUG o.a.h.impl.execchain.MainClientExec - Executing request GET /networks HTTP/1.1
02:44:28.314 [Test worker] DEBUG o.a.h.impl.execchain.MainClientExec - Target auth state: UNCHALLENGED
02:44:28.315 [Test worker] DEBUG o.a.h.impl.execchain.MainClientExec - Proxy auth state: UNCHALLENGED
02:44:28.315 [Test worker] DEBUG org.apache.http.headers - http-outgoing-46 >> GET /networks HTTP/1.1
02:44:28.315 [Test worker] DEBUG org.apache.http.headers - http-outgoing-46 >> Accept: application/json
02:44:28.315 [Test worker] DEBUG org.apache.http.headers - http-outgoing-46 >> User-Agent: Jersey/2.23.1 (Apache HttpClient 4.5.1)
02:44:28.315 [Test worker] DEBUG org.apache.http.headers - http-outgoing-46 >> Host: localhost:2375
02:44:28.315 [Test worker] DEBUG org.apache.http.headers - http-outgoing-46 >> Connection: Keep-Alive
02:44:28.315 [Test worker] DEBUG org.apache.http.headers - http-outgoing-46 >> Accept-Encoding: gzip,deflate
02:44:28.315 [Test worker] DEBUG org.apache.http.wire - http-outgoing-46 >> "GET /networks HTTP/1.1[\r][\n]"
02:44:28.315 [Test worker] DEBUG org.apache.http.wire - http-outgoing-46 >> "Accept: application/json[\r][\n]"
02:44:28.315 [Test worker] DEBUG org.apache.http.wire - http-outgoing-46 >> "User-Agent: Jersey/2.23.1 (Apache HttpClient 4.5.1)[\r][\n]"
02:44:28.315 [Test worker] DEBUG org.apache.http.wire - http-outgoing-46 >> "Host: localhost:2375[\r][\n]"
02:44:28.315 [Test worker] DEBUG org.apache.http.wire - http-outgoing-46 >> "Connection: Keep-Alive[\r][\n]"
02:44:28.316 [Test worker] DEBUG org.apache.http.wire - http-outgoing-46 >> "Accept-Encoding: gzip,deflate[\r][\n]"
02:44:28.316 [Test worker] DEBUG org.apache.http.wire - http-outgoing-46 >> "[\r][\n]"
02:44:28.316 [Test worker] DEBUG org.apache.http.wire - http-outgoing-46 << "HTTP/1.1 200 OK[\r][\n]"
02:44:28.316 [Test worker] DEBUG org.apache.http.wire - http-outgoing-46 << "Content-Type: application/json[\r][\n]"
02:44:28.316 [Test worker] DEBUG org.apache.http.wire - http-outgoing-46 << "Server: Docker/1.12.1 (linux)[\r][\n]"
02:44:28.316 [Test worker] DEBUG org.apache.http.wire - http-outgoing-46 << "Date: Tue, 18 Oct 2016 00:44:28 GMT[\r][\n]"
02:44:28.316 [Test worker] DEBUG org.apache.http.wire - http-outgoing-46 << "Content-Length: 1100[\r][\n]"
02:44:28.316 [Test worker] DEBUG org.apache.http.wire - http-outgoing-46 << "[\r][\n]"
02:44:28.316 [Test worker] DEBUG org.apache.http.wire - http-outgoing-46 << "[{"Name":"none","Id":"4d89c194eb79cd2beb38458d10a1b98c74d6b8462af72afde29ae7aca53ed5ca","Scope":"local","Driver":"null","EnableIPv6":false,"IPAM":{"Driver":"default","Options":null,"Config":[]},"Internal":false,"Containers":{},"Options":{},"Labels":{}},{"Name":"host","Id":"fe042b0866671b5be4f097ba43830c0a02959c058702d18e18c14a24d88a357d","Scope":"local","Driver":"host","EnableIPv6":false,"IPAM":{"Driver":"default","Options":null,"Config":[]},"Internal":false,"Containers":{},"Options":{},"Labels":{}},{"Name":"bridge","Id":"90941628611ab58d4fa4db6bcd1806afb9bf994c4562bea7ae3dc9153b373da5","Scope":"local","Driver":"bridge","EnableIPv6":false,"IPAM":{"Driver":"default","Options":null,"Config":[{"Subnet":"172.17.0.0/16","Gateway":"172.17.0.1"}]},"Internal":false,"Containers":{},"Options":{"com.docker.network.bridge.default_bridge":"true","com.docker.network.bridge.enable_icc":"true","com.docker.network.bridge.enable_ip_masquerade":"true","com.docker.network.bridge.host_binding_ipv4":"0.0.0.0","com.docker.network.bridge.name":"docker0","com.docker.network.driver.mtu":"1500"},"Labels":{}}][\n]"
02:44:28.317 [Test worker] DEBUG org.apache.http.headers - http-outgoing-46 << HTTP/1.1 200 OK
02:44:28.317 [Test worker] DEBUG org.apache.http.headers - http-outgoing-46 << Content-Type: application/json
02:44:28.317 [Test worker] DEBUG org.apache.http.headers - http-outgoing-46 << Server: Docker/1.12.1 (linux)
02:44:28.317 [Test worker] DEBUG org.apache.http.headers - http-outgoing-46 << Date: Tue, 18 Oct 2016 00:44:28 GMT
02:44:28.317 [Test worker] DEBUG org.apache.http.headers - http-outgoing-46 << Content-Length: 1100
02:44:28.317 [Test worker] DEBUG o.a.h.impl.execchain.MainClientExec - Connection can be kept alive indefinitely
02:44:28.317 [Test worker] DEBUG c.g.d.j.JerseyDockerCmdExecFactory - 2 * Client response received on thread Test worker
2 < 200
2 < Content-Length: 1100
2 < Content-Type: application/json
2 < Date: Tue, 18 Oct 2016 00:44:28 GMT
2 < Server: Docker/1.12.1 (linux)
[{"Name":"none","Id":"4d89c194eb79cd2beb38458d10a1b98c74d6b8462af72afde29ae7aca53ed5ca","Scope":"local","Driver":"null","EnableIPv6":false,"IPAM":{"Driver":"default","Options":null,"Config":[]},"Internal":false,"Containers":{},"Options":{},"Labels":{}},{"Name":"host","Id":"fe042b0866671b5be4f097ba43830c0a02959c058702d18e18c14a24d88a357d","Scope":"local","Driver":"host","EnableIPv6":false,"IPAM":{"Driver":"default","Options":null,"Config":[]},"Internal":false,"Containers":{},"Options":{},"Labels":{}},{"Name":"bridge","Id":"90941628611ab58d4fa4db6bcd1806afb9bf994c4562bea7ae3dc9153b373da5","Scope":"local","Driver":"bridge","EnableIPv6":false,"IPAM":{"Driver":"default","Options":null,"Config":[{"Subnet":"172.17.0.0/16","Gateway":"172.17.0.1"}]},"Internal":false,"Containers":{},"Options":{"com.docker.network.bridge.default_bridge":"true","com.docker.network.bridge.enable_icc":"true","com.docker.network.bridge.enable_ip_masquerade":"true","com.docker.network.bridge.host_binding_ipv4":"0.0.0.0","com.docker.network.bridge.name":"docker0","com.docker.network.driver.mtu":"1500"},"Labels":{}}]


02:44:28.321 [Test worker] DEBUG o.a.h.i.c.DefaultManagedHttpClientConnection - http-outgoing-46: Close connection
02:44:28.321 [Test worker] DEBUG o.a.h.impl.execchain.MainClientExec - Connection discarded
02:44:28.321 [Test worker] DEBUG c.g.d.j.JerseyDockerCmdExecFactory$1 - Connection released: [id: 46][route: {}->http://localhost:2375][total kept alive: 0; route allocated: 0 of 2; total allocated: 0 of 20]
02:44:28.321 [Test worker] DEBUG c.g.d.core.command.AbstrDockerCmd - Cmd: com.github.dockerjava.core.util.FiltersBuilder@0,com.github.dockerjava.jaxrs.ListVolumesCmdExec@77ac59d6
02:44:28.337 [Test worker] DEBUG c.g.d.j.JerseyDockerCmdExecFactory - 1 * Sending client request on thread Test worker
1 > GET http://localhost:2375/volumes
1 > Accept: application/json

02:44:28.337 [Test worker] DEBUG o.a.h.c.protocol.RequestAddCookies - CookieSpec selected: default
02:44:28.337 [Test worker] DEBUG o.a.h.c.protocol.RequestAuthCache - Auth cache not set in the context
02:44:28.337 [Test worker] DEBUG c.g.d.j.JerseyDockerCmdExecFactory$1 - Connection request: [route: {}->http://localhost:2375][total kept alive: 0; route allocated: 0 of 2; total allocated: 0 of 20]
02:44:28.337 [Test worker] DEBUG c.g.d.j.JerseyDockerCmdExecFactory$1 - Connection leased: [id: 47][route: {}->http://localhost:2375][total kept alive: 0; route allocated: 1 of 2; total allocated: 1 of 20]
02:44:28.338 [Test worker] DEBUG o.a.h.impl.execchain.MainClientExec - Opening connection {}->http://localhost:2375
02:44:28.338 [Test worker] DEBUG o.a.h.i.c.DefaultHttpClientConnectionOperator - Connecting to localhost/127.0.0.1:2375
02:44:28.338 [Test worker] DEBUG o.a.h.i.c.DefaultHttpClientConnectionOperator - Connection established 127.0.0.1:57094<->127.0.0.1:2375
02:44:28.338 [Test worker] DEBUG o.a.h.impl.execchain.MainClientExec - Executing request GET /volumes HTTP/1.1
02:44:28.338 [Test worker] DEBUG o.a.h.impl.execchain.MainClientExec - Target auth state: UNCHALLENGED
02:44:28.338 [Test worker] DEBUG o.a.h.impl.execchain.MainClientExec - Proxy auth state: UNCHALLENGED
02:44:28.338 [Test worker] DEBUG org.apache.http.headers - http-outgoing-47 >> GET /volumes HTTP/1.1
02:44:28.338 [Test worker] DEBUG org.apache.http.headers - http-outgoing-47 >> Accept: application/json
02:44:28.338 [Test worker] DEBUG org.apache.http.headers - http-outgoing-47 >> User-Agent: Jersey/2.23.1 (Apache HttpClient 4.5.1)
02:44:28.339 [Test worker] DEBUG org.apache.http.headers - http-outgoing-47 >> Host: localhost:2375
02:44:28.339 [Test worker] DEBUG org.apache.http.headers - http-outgoing-47 >> Connection: Keep-Alive
02:44:28.339 [Test worker] DEBUG org.apache.http.headers - http-outgoing-47 >> Accept-Encoding: gzip,deflate
02:44:28.339 [Test worker] DEBUG org.apache.http.wire - http-outgoing-47 >> "GET /volumes HTTP/1.1[\r][\n]"
02:44:28.339 [Test worker] DEBUG org.apache.http.wire - http-outgoing-47 >> "Accept: application/json[\r][\n]"
02:44:28.339 [Test worker] DEBUG org.apache.http.wire - http-outgoing-47 >> "User-Agent: Jersey/2.23.1 (Apache HttpClient 4.5.1)[\r][\n]"
02:44:28.339 [Test worker] DEBUG org.apache.http.wire - http-outgoing-47 >> "Host: localhost:2375[\r][\n]"
02:44:28.339 [Test worker] DEBUG org.apache.http.wire - http-outgoing-47 >> "Connection: Keep-Alive[\r][\n]"
02:44:28.339 [Test worker] DEBUG org.apache.http.wire - http-outgoing-47 >> "Accept-Encoding: gzip,deflate[\r][\n]"
02:44:28.339 [Test worker] DEBUG org.apache.http.wire - http-outgoing-47 >> "[\r][\n]"
02:44:28.339 [Test worker] DEBUG org.apache.http.wire - http-outgoing-47 << "HTTP/1.1 200 OK[\r][\n]"
02:44:28.340 [Test worker] DEBUG org.apache.http.wire - http-outgoing-47 << "Content-Type: application/json[\r][\n]"
02:44:28.340 [Test worker] DEBUG org.apache.http.wire - http-outgoing-47 << "Server: Docker/1.12.1 (linux)[\r][\n]"
02:44:28.340 [Test worker] DEBUG org.apache.http.wire - http-outgoing-47 << "Date: Tue, 18 Oct 2016 00:44:28 GMT[\r][\n]"
02:44:28.340 [Test worker] DEBUG org.apache.http.wire - http-outgoing-47 << "Content-Length: 33[\r][\n]"
02:44:28.340 [Test worker] DEBUG org.apache.http.wire - http-outgoing-47 << "[\r][\n]"
02:44:28.340 [Test worker] DEBUG org.apache.http.wire - http-outgoing-47 << "{"Volumes":null,"Warnings":null}[\n]"
02:44:28.340 [Test worker] DEBUG org.apache.http.headers - http-outgoing-47 << HTTP/1.1 200 OK
02:44:28.340 [Test worker] DEBUG org.apache.http.headers - http-outgoing-47 << Content-Type: application/json
02:44:28.340 [Test worker] DEBUG org.apache.http.headers - http-outgoing-47 << Server: Docker/1.12.1 (linux)
02:44:28.340 [Test worker] DEBUG org.apache.http.headers - http-outgoing-47 << Date: Tue, 18 Oct 2016 00:44:28 GMT
02:44:28.341 [Test worker] DEBUG org.apache.http.headers - http-outgoing-47 << Content-Length: 33
02:44:28.341 [Test worker] DEBUG o.a.h.impl.execchain.MainClientExec - Connection can be kept alive indefinitely
02:44:28.341 [Test worker] DEBUG c.g.d.j.JerseyDockerCmdExecFactory - 2 * Client response received on thread Test worker
2 < 200
2 < Content-Length: 33
2 < Content-Type: application/json
2 < Date: Tue, 18 Oct 2016 00:44:28 GMT
2 < Server: Docker/1.12.1 (linux)
{"Volumes":null,"Warnings":null}


02:44:28.343 [Test worker] DEBUG o.a.h.i.c.DefaultManagedHttpClientConnection - http-outgoing-47: Close connection
02:44:28.343 [Test worker] DEBUG o.a.h.impl.execchain.MainClientExec - Connection discarded
02:44:28.343 [Test worker] DEBUG c.g.d.j.JerseyDockerCmdExecFactory$1 - Connection released: [id: 47][route: {}->http://localhost:2375][total kept alive: 0; route allocated: 0 of 2; total allocated: 0 of 20]
List of volumes: null
02:44:28.344 [Test worker] DEBUG c.g.d.core.command.AbstrDockerCmd - Cmd: MyNetwork,<null>,com.github.dockerjava.api.model.Network$Ipam@4675763f[driver=<null>,config=[com.github.dockerjava.api.model.Network$Ipam$Config@49a6463c],options=<null>],{},true,<null>,<null>,com.github.dockerjava.jaxrs.CreateNetworkCmdExec@434d32ea
02:44:28.357 [Test worker] DEBUG o.a.h.c.protocol.RequestAddCookies - CookieSpec selected: default
02:44:28.358 [Test worker] DEBUG o.a.h.c.protocol.RequestAuthCache - Auth cache not set in the context
02:44:28.358 [Test worker] DEBUG c.g.d.j.JerseyDockerCmdExecFactory$1 - Connection request: [route: {}->http://localhost:2375][total kept alive: 0; route allocated: 0 of 2; total allocated: 0 of 20]
02:44:28.358 [Test worker] DEBUG c.g.d.j.JerseyDockerCmdExecFactory$1 - Connection leased: [id: 48][route: {}->http://localhost:2375][total kept alive: 0; route allocated: 1 of 2; total allocated: 1 of 20]
02:44:28.358 [Test worker] DEBUG o.a.h.impl.execchain.MainClientExec - Opening connection {}->http://localhost:2375
02:44:28.358 [Test worker] DEBUG o.a.h.i.c.DefaultHttpClientConnectionOperator - Connecting to localhost/127.0.0.1:2375
02:44:28.358 [Test worker] DEBUG o.a.h.i.c.DefaultHttpClientConnectionOperator - Connection established 127.0.0.1:57096<->127.0.0.1:2375
02:44:28.358 [Test worker] DEBUG o.a.h.impl.execchain.MainClientExec - Executing request POST /networks/create HTTP/1.1
02:44:28.358 [Test worker] DEBUG o.a.h.impl.execchain.MainClientExec - Target auth state: UNCHALLENGED
02:44:28.359 [Test worker] DEBUG o.a.h.impl.execchain.MainClientExec - Proxy auth state: UNCHALLENGED
02:44:28.359 [Test worker] DEBUG org.apache.http.headers - http-outgoing-48 >> POST /networks/create HTTP/1.1
02:44:28.359 [Test worker] DEBUG org.apache.http.headers - http-outgoing-48 >> Accept: application/json
02:44:28.359 [Test worker] DEBUG org.apache.http.headers - http-outgoing-48 >> Content-Type: application/json
02:44:28.359 [Test worker] DEBUG org.apache.http.headers - http-outgoing-48 >> User-Agent: Jersey/2.23.1 (Apache HttpClient 4.5.1)
02:44:28.359 [Test worker] DEBUG org.apache.http.headers - http-outgoing-48 >> Transfer-Encoding: chunked
02:44:28.359 [Test worker] DEBUG org.apache.http.headers - http-outgoing-48 >> Host: localhost:2375
02:44:28.359 [Test worker] DEBUG org.apache.http.headers - http-outgoing-48 >> Connection: Keep-Alive
02:44:28.359 [Test worker] DEBUG org.apache.http.headers - http-outgoing-48 >> Accept-Encoding: gzip,deflate
02:44:28.366 [Test worker] DEBUG c.g.d.j.JerseyDockerCmdExecFactory - 1 * Sending client request on thread Test worker
1 > POST http://localhost:2375/networks/create
1 > Accept: application/json
1 > Content-Type: application/json
{"enableIPv6":null,"Name":"MyNetwork","Driver":null,"IPAM":{"Driver":null,"Config":[{"Subnet":"172.19.0.0/16","IPRange":null,"Gateway":"172.19.0.1"}],"Options":null},"Options":{},"CheckDuplicate":true,"Internal":null,"EnableIPv6":null}

02:44:28.367 [Test worker] DEBUG org.apache.http.wire - http-outgoing-48 >> "POST /networks/create HTTP/1.1[\r][\n]"
02:44:28.367 [Test worker] DEBUG org.apache.http.wire - http-outgoing-48 >> "Accept: application/json[\r][\n]"
02:44:28.367 [Test worker] DEBUG org.apache.http.wire - http-outgoing-48 >> "Content-Type: application/json[\r][\n]"
02:44:28.367 [Test worker] DEBUG org.apache.http.wire - http-outgoing-48 >> "User-Agent: Jersey/2.23.1 (Apache HttpClient 4.5.1)[\r][\n]"
02:44:28.367 [Test worker] DEBUG org.apache.http.wire - http-outgoing-48 >> "Transfer-Encoding: chunked[\r][\n]"
02:44:28.367 [Test worker] DEBUG org.apache.http.wire - http-outgoing-48 >> "Host: localhost:2375[\r][\n]"
02:44:28.367 [Test worker] DEBUG org.apache.http.wire - http-outgoing-48 >> "Connection: Keep-Alive[\r][\n]"
02:44:28.367 [Test worker] DEBUG org.apache.http.wire - http-outgoing-48 >> "Accept-Encoding: gzip,deflate[\r][\n]"
02:44:28.367 [Test worker] DEBUG org.apache.http.wire - http-outgoing-48 >> "[\r][\n]"
02:44:28.368 [Test worker] DEBUG org.apache.http.wire - http-outgoing-48 >> "eb[\r][\n]"
02:44:28.368 [Test worker] DEBUG org.apache.http.wire - http-outgoing-48 >> "{"enableIPv6":null,"Name":"MyNetwork","Driver":null,"IPAM":{"Driver":null,"Config":[{"Subnet":"172.19.0.0/16","IPRange":null,"Gateway":"172.19.0.1"}],"Options":null},"Options":{},"CheckDuplicate":true,"Internal":null,"EnableIPv6":null}[\r][\n]"
02:44:28.368 [Test worker] DEBUG org.apache.http.wire - http-outgoing-48 >> "0[\r][\n]"
02:44:28.368 [Test worker] DEBUG org.apache.http.wire - http-outgoing-48 >> "[\r][\n]"
02:44:28.427 [Test worker] DEBUG org.apache.http.wire - http-outgoing-48 << "HTTP/1.1 201 Created[\r][\n]"
02:44:28.427 [Test worker] DEBUG org.apache.http.wire - http-outgoing-48 << "Content-Type: application/json[\r][\n]"
02:44:28.427 [Test worker] DEBUG org.apache.http.wire - http-outgoing-48 << "Server: Docker/1.12.1 (linux)[\r][\n]"
02:44:28.427 [Test worker] DEBUG org.apache.http.wire - http-outgoing-48 << "Date: Tue, 18 Oct 2016 00:44:28 GMT[\r][\n]"
02:44:28.427 [Test worker] DEBUG org.apache.http.wire - http-outgoing-48 << "Content-Length: 87[\r][\n]"
02:44:28.427 [Test worker] DEBUG org.apache.http.wire - http-outgoing-48 << "[\r][\n]"
02:44:28.427 [Test worker] DEBUG org.apache.http.wire - http-outgoing-48 << "{"Id":"8e30ada5fdca0ac1fad825b323c8ceaa6edf7db979ce52eeb64f657318f9b03f","Warning":""}[\n]"
02:44:28.427 [Test worker] DEBUG org.apache.http.headers - http-outgoing-48 << HTTP/1.1 201 Created
02:44:28.427 [Test worker] DEBUG org.apache.http.headers - http-outgoing-48 << Content-Type: application/json
02:44:28.427 [Test worker] DEBUG org.apache.http.headers - http-outgoing-48 << Server: Docker/1.12.1 (linux)
02:44:28.427 [Test worker] DEBUG org.apache.http.headers - http-outgoing-48 << Date: Tue, 18 Oct 2016 00:44:28 GMT
02:44:28.427 [Test worker] DEBUG org.apache.http.headers - http-outgoing-48 << Content-Length: 87
02:44:28.427 [Test worker] DEBUG o.a.h.impl.execchain.MainClientExec - Connection can be kept alive indefinitely
02:44:28.428 [Test worker] DEBUG c.g.d.j.JerseyDockerCmdExecFactory - 2 * Client response received on thread Test worker
2 < 201
2 < Content-Length: 87
2 < Content-Type: application/json
2 < Date: Tue, 18 Oct 2016 00:44:28 GMT
2 < Server: Docker/1.12.1 (linux)
{"Id":"8e30ada5fdca0ac1fad825b323c8ceaa6edf7db979ce52eeb64f657318f9b03f","Warning":""}


02:44:28.428 [Test worker] DEBUG o.a.h.i.c.DefaultManagedHttpClientConnection - http-outgoing-48: Close connection
02:44:28.428 [Test worker] DEBUG o.a.h.impl.execchain.MainClientExec - Connection discarded
02:44:28.429 [Test worker] DEBUG c.g.d.j.JerseyDockerCmdExecFactory$1 - Connection released: [id: 48][route: {}->http://localhost:2375][total kept alive: 0; route allocated: 0 of 2; total allocated: 0 of 20]
02:44:28.429 [Test worker] DEBUG c.g.d.core.command.AbstrDockerCmd - Cmd: 8e30ada5fdca0ac1fad825b323c8ceaa6edf7db979ce52eeb64f657318f9b03f,com.github.dockerjava.jaxrs.InspectNetworkCmdExec@73a09b0
02:44:28.429 [Test worker] DEBUG c.g.d.jaxrs.ListNetworksCmdExec - GET: JerseyWebTarget { http://localhost:2375/networks/8e30ada5fdca0ac1fad825b323c8ceaa6edf7db979ce52eeb64f657318f9b03f }
02:44:28.429 [Test worker] DEBUG c.g.d.j.JerseyDockerCmdExecFactory - 3 * Sending client request on thread Test worker
3 > GET http://localhost:2375/networks/8e30ada5fdca0ac1fad825b323c8ceaa6edf7db979ce52eeb64f657318f9b03f
3 > Accept: application/json

02:44:28.429 [Test worker] DEBUG o.a.h.c.protocol.RequestAddCookies - CookieSpec selected: default
02:44:28.429 [Test worker] DEBUG o.a.h.c.protocol.RequestAuthCache - Auth cache not set in the context
02:44:28.429 [Test worker] DEBUG c.g.d.j.JerseyDockerCmdExecFactory$1 - Connection request: [route: {}->http://localhost:2375][total kept alive: 0; route allocated: 0 of 2; total allocated: 0 of 20]
02:44:28.429 [Test worker] DEBUG c.g.d.j.JerseyDockerCmdExecFactory$1 - Connection leased: [id: 49][route: {}->http://localhost:2375][total kept alive: 0; route allocated: 1 of 2; total allocated: 1 of 20]
02:44:28.429 [Test worker] DEBUG o.a.h.impl.execchain.MainClientExec - Opening connection {}->http://localhost:2375
02:44:28.432 [Test worker] DEBUG o.a.h.i.c.DefaultHttpClientConnectionOperator - Connecting to localhost/127.0.0.1:2375
02:44:28.432 [Test worker] DEBUG o.a.h.i.c.DefaultHttpClientConnectionOperator - Connection established 127.0.0.1:57098<->127.0.0.1:2375
02:44:28.432 [Test worker] DEBUG o.a.h.impl.execchain.MainClientExec - Executing request GET /networks/8e30ada5fdca0ac1fad825b323c8ceaa6edf7db979ce52eeb64f657318f9b03f HTTP/1.1
02:44:28.432 [Test worker] DEBUG o.a.h.impl.execchain.MainClientExec - Target auth state: UNCHALLENGED
02:44:28.432 [Test worker] DEBUG o.a.h.impl.execchain.MainClientExec - Proxy auth state: UNCHALLENGED
02:44:28.441 [Test worker] DEBUG org.apache.http.headers - http-outgoing-49 >> GET /networks/8e30ada5fdca0ac1fad825b323c8ceaa6edf7db979ce52eeb64f657318f9b03f HTTP/1.1
02:44:28.441 [Test worker] DEBUG org.apache.http.headers - http-outgoing-49 >> Accept: application/json
02:44:28.441 [Test worker] DEBUG org.apache.http.headers - http-outgoing-49 >> User-Agent: Jersey/2.23.1 (Apache HttpClient 4.5.1)
02:44:28.441 [Test worker] DEBUG org.apache.http.headers - http-outgoing-49 >> Host: localhost:2375
02:44:28.441 [Test worker] DEBUG org.apache.http.headers - http-outgoing-49 >> Connection: Keep-Alive
02:44:28.441 [Test worker] DEBUG org.apache.http.headers - http-outgoing-49 >> Accept-Encoding: gzip,deflate
02:44:28.444 [Test worker] DEBUG org.apache.http.wire - http-outgoing-49 >> "GET /networks/8e30ada5fdca0ac1fad825b323c8ceaa6edf7db979ce52eeb64f657318f9b03f HTTP/1.1[\r][\n]"
02:44:28.444 [Test worker] DEBUG org.apache.http.wire - http-outgoing-49 >> "Accept: application/json[\r][\n]"
02:44:28.444 [Test worker] DEBUG org.apache.http.wire - http-outgoing-49 >> "User-Agent: Jersey/2.23.1 (Apache HttpClient 4.5.1)[\r][\n]"
02:44:28.445 [Test worker] DEBUG org.apache.http.wire - http-outgoing-49 >> "Host: localhost:2375[\r][\n]"
02:44:28.445 [Test worker] DEBUG org.apache.http.wire - http-outgoing-49 >> "Connection: Keep-Alive[\r][\n]"
02:44:28.445 [Test worker] DEBUG org.apache.http.wire - http-outgoing-49 >> "Accept-Encoding: gzip,deflate[\r][\n]"
02:44:28.447 [Test worker] DEBUG org.apache.http.wire - http-outgoing-49 >> "[\r][\n]"
02:44:28.448 [Test worker] DEBUG org.apache.http.wire - http-outgoing-49 << "HTTP/1.1 200 OK[\r][\n]"
02:44:28.448 [Test worker] DEBUG org.apache.http.wire - http-outgoing-49 << "Content-Type: application/json[\r][\n]"
02:44:28.448 [Test worker] DEBUG org.apache.http.wire - http-outgoing-49 << "Server: Docker/1.12.1 (linux)[\r][\n]"
02:44:28.449 [Test worker] DEBUG org.apache.http.wire - http-outgoing-49 << "Date: Tue, 18 Oct 2016 00:44:28 GMT[\r][\n]"
02:44:28.449 [Test worker] DEBUG org.apache.http.wire - http-outgoing-49 << "Content-Length: 308[\r][\n]"
02:44:28.449 [Test worker] DEBUG org.apache.http.wire - http-outgoing-49 << "[\r][\n]"
02:44:28.449 [Test worker] DEBUG org.apache.http.wire - http-outgoing-49 << "{"Name":"MyNetwork","Id":"8e30ada5fdca0ac1fad825b323c8ceaa6edf7db979ce52eeb64f657318f9b03f","Scope":"local","Driver":"bridge","EnableIPv6":false,"IPAM":{"Driver":"default","Options":null,"Config":[{"Subnet":"172.19.0.0/16","Gateway":"172.19.0.1"}]},"Internal":false,"Containers":{},"Options":{},"Labels":{}}[\n]"
02:44:28.449 [Test worker] DEBUG org.apache.http.headers - http-outgoing-49 << HTTP/1.1 200 OK
02:44:28.449 [Test worker] DEBUG org.apache.http.headers - http-outgoing-49 << Content-Type: application/json
02:44:28.449 [Test worker] DEBUG org.apache.http.headers - http-outgoing-49 << Server: Docker/1.12.1 (linux)
02:44:28.449 [Test worker] DEBUG org.apache.http.headers - http-outgoing-49 << Date: Tue, 18 Oct 2016 00:44:28 GMT
02:44:28.449 [Test worker] DEBUG org.apache.http.headers - http-outgoing-49 << Content-Length: 308
02:44:28.449 [Test worker] DEBUG o.a.h.impl.execchain.MainClientExec - Connection can be kept alive indefinitely
02:44:28.450 [Test worker] DEBUG c.g.d.j.JerseyDockerCmdExecFactory - 4 * Client response received on thread Test worker
4 < 200
4 < Content-Length: 308
4 < Content-Type: application/json
4 < Date: Tue, 18 Oct 2016 00:44:28 GMT
4 < Server: Docker/1.12.1 (linux)
{"Name":"MyNetwork","Id":"8e30ada5fdca0ac1fad825b323c8ceaa6edf7db979ce52eeb64f657318f9b03f","Scope":"local","Driver":"bridge","EnableIPv6":false,"IPAM":{"Driver":"default","Options":null,"Config":[{"Subnet":"172.19.0.0/16","Gateway":"172.19.0.1"}]},"Internal":false,"Containers":{},"Options":{},"Labels":{}}


02:44:28.460 [Test worker] DEBUG o.a.h.i.c.DefaultManagedHttpClientConnection - http-outgoing-49: Close connection
02:44:28.460 [Test worker] DEBUG o.a.h.impl.execchain.MainClientExec - Connection discarded
02:44:28.460 [Test worker] DEBUG c.g.d.j.JerseyDockerCmdExecFactory$1 - Connection released: [id: 49][route: {}->http://localhost:2375][total kept alive: 0; route allocated: 0 of 2; total allocated: 0 of 20]
02:44:28.460 [Test worker] DEBUG org.openbaton.docker.DockerVim - Network successfully created
02:44:28.462 [Test worker] DEBUG c.g.d.core.command.AbstrDockerCmd - Cmd: com.github.dockerjava.core.command.CreateContainerCmdImpl@d4c86b1[name=MyContainer,hostName=hostName,domainName=<null>,user=<null>,attachStdin=<null>,attachStdout=<null>,attachStderr=<null>,portSpecs=<null>,tty=<null>,stdinOpen=<null>,stdInOnce=<null>,env=<null>,cmd={sleep,99999},entrypoint=<null>,image=ubuntu,volumes=com.github.dockerjava.api.model.Volumes@1b1ed549,workingDir=<null>,macAddress=<null>,networkDisabled=<null>,exposedPorts=com.github.dockerjava.api.model.ExposedPorts@544b988,stopSignal=<null>,hostConfig=com.github.dockerjava.api.model.HostConfig@62f0926b[binds=<null>,blkioWeight=<null>,blkioWeightDevice=<null>,blkioDeviceReadBps=<null>,blkioDeviceReadIOps=<null>,blkioDeviceWriteBps=<null>,blkioDeviceWriteIOps=<null>,memorySwappiness=<null>,capAdd=<null>,capDrop=<null>,containerIDFile=<null>,cpuPeriod=<null>,cpuShares=<null>,cpuQuota=<null>,cpusetCpus=<null>,cpusetMems=<null>,devices=<null>,dns=<null>,dnsSearch=<null>,extraHosts=<null>,links=<null>,logConfig=<null>,lxcConf=<null>,memory=<null>,memorySwap=<null>,memoryReservation=<null>,kernelMemory=<null>,networkMode=<null>,oomKillDisable=<null>,oomScoreAdj=<null>,portBindings=<null>,privileged=<null>,publishAllPorts=<null>,readonlyRootfs=<null>,restartPolicy=<null>,ulimits=<null>,volumesFrom=<null>,pidMode=<null>,securityOpts=<null>,cgroupParent=<null>,volumeDriver=<null>,shmSize=<null>],labels=<null>,networkingConfig=<null>,ipv4Address=<null>,ipv6Address=<null>,aliases=<null>,execution=com.github.dockerjava.jaxrs.CreateContainerCmdExec@201ce18c]
02:44:28.490 [Test worker] DEBUG o.a.h.c.protocol.RequestAddCookies - CookieSpec selected: default
02:44:28.492 [Test worker] DEBUG o.a.h.c.protocol.RequestAuthCache - Auth cache not set in the context
02:44:28.493 [Test worker] DEBUG c.g.d.j.JerseyDockerCmdExecFactory$1 - Connection request: [route: {}->http://localhost:2375][total kept alive: 0; route allocated: 0 of 2; total allocated: 0 of 20]
02:44:28.493 [Test worker] DEBUG c.g.d.j.JerseyDockerCmdExecFactory$1 - Connection leased: [id: 50][route: {}->http://localhost:2375][total kept alive: 0; route allocated: 1 of 2; total allocated: 1 of 20]
02:44:28.493 [Test worker] DEBUG o.a.h.impl.execchain.MainClientExec - Opening connection {}->http://localhost:2375
02:44:28.493 [Test worker] DEBUG o.a.h.i.c.DefaultHttpClientConnectionOperator - Connecting to localhost/127.0.0.1:2375
02:44:28.493 [Test worker] DEBUG o.a.h.i.c.DefaultHttpClientConnectionOperator - Connection established 127.0.0.1:57100<->127.0.0.1:2375
02:44:28.493 [Test worker] DEBUG o.a.h.impl.execchain.MainClientExec - Executing request POST /containers/create?name=MyContainer HTTP/1.1
02:44:28.493 [Test worker] DEBUG o.a.h.impl.execchain.MainClientExec - Target auth state: UNCHALLENGED
02:44:28.493 [Test worker] DEBUG o.a.h.impl.execchain.MainClientExec - Proxy auth state: UNCHALLENGED
02:44:28.494 [Test worker] DEBUG org.apache.http.headers - http-outgoing-50 >> POST /containers/create?name=MyContainer HTTP/1.1
02:44:28.494 [Test worker] DEBUG org.apache.http.headers - http-outgoing-50 >> Accept: application/json
02:44:28.494 [Test worker] DEBUG org.apache.http.headers - http-outgoing-50 >> Content-Type: application/json
02:44:28.494 [Test worker] DEBUG org.apache.http.headers - http-outgoing-50 >> User-Agent: Jersey/2.23.1 (Apache HttpClient 4.5.1)
02:44:28.494 [Test worker] DEBUG org.apache.http.headers - http-outgoing-50 >> Transfer-Encoding: chunked
02:44:28.494 [Test worker] DEBUG org.apache.http.headers - http-outgoing-50 >> Host: localhost:2375
02:44:28.494 [Test worker] DEBUG org.apache.http.headers - http-outgoing-50 >> Connection: Keep-Alive
02:44:28.494 [Test worker] DEBUG org.apache.http.headers - http-outgoing-50 >> Accept-Encoding: gzip,deflate
02:44:28.527 [Test worker] DEBUG c.g.d.j.JerseyDockerCmdExecFactory - 1 * Sending client request on thread Test worker
1 > POST http://localhost:2375/containers/create?name=MyContainer
1 > Accept: application/json
1 > Content-Type: application/json
{"name":"MyContainer","Hostname":"hostName","Cmd":["sleep","99999"],"Image":"ubuntu","Volumes":{},"ExposedPorts":{},"HostConfig":{}}

02:44:28.528 [Test worker] DEBUG org.apache.http.wire - http-outgoing-50 >> "POST /containers/create?name=MyContainer HTTP/1.1[\r][\n]"
02:44:28.528 [Test worker] DEBUG org.apache.http.wire - http-outgoing-50 >> "Accept: application/json[\r][\n]"
02:44:28.528 [Test worker] DEBUG org.apache.http.wire - http-outgoing-50 >> "Content-Type: application/json[\r][\n]"
02:44:28.528 [Test worker] DEBUG org.apache.http.wire - http-outgoing-50 >> "User-Agent: Jersey/2.23.1 (Apache HttpClient 4.5.1)[\r][\n]"
02:44:28.528 [Test worker] DEBUG org.apache.http.wire - http-outgoing-50 >> "Transfer-Encoding: chunked[\r][\n]"
02:44:28.528 [Test worker] DEBUG org.apache.http.wire - http-outgoing-50 >> "Host: localhost:2375[\r][\n]"
02:44:28.528 [Test worker] DEBUG org.apache.http.wire - http-outgoing-50 >> "Connection: Keep-Alive[\r][\n]"
02:44:28.528 [Test worker] DEBUG org.apache.http.wire - http-outgoing-50 >> "Accept-Encoding: gzip,deflate[\r][\n]"
02:44:28.528 [Test worker] DEBUG org.apache.http.wire - http-outgoing-50 >> "[\r][\n]"
02:44:28.528 [Test worker] DEBUG org.apache.http.wire - http-outgoing-50 >> "84[\r][\n]"
02:44:28.528 [Test worker] DEBUG org.apache.http.wire - http-outgoing-50 >> "{"name":"MyContainer","Hostname":"hostName","Cmd":["sleep","99999"],"Image":"ubuntu","Volumes":{},"ExposedPorts":{},"HostConfig":{}}[\r][\n]"
02:44:28.528 [Test worker] DEBUG org.apache.http.wire - http-outgoing-50 >> "0[\r][\n]"
02:44:28.529 [Test worker] DEBUG org.apache.http.wire - http-outgoing-50 >> "[\r][\n]"
02:44:28.550 [Test worker] DEBUG org.apache.http.wire - http-outgoing-50 << "HTTP/1.1 201 Created[\r][\n]"
02:44:28.550 [Test worker] DEBUG org.apache.http.wire - http-outgoing-50 << "Content-Type: application/json[\r][\n]"
02:44:28.550 [Test worker] DEBUG org.apache.http.wire - http-outgoing-50 << "Server: Docker/1.12.1 (linux)[\r][\n]"
02:44:28.550 [Test worker] DEBUG org.apache.http.wire - http-outgoing-50 << "Date: Tue, 18 Oct 2016 00:44:28 GMT[\r][\n]"
02:44:28.551 [Test worker] DEBUG org.apache.http.wire - http-outgoing-50 << "Content-Length: 90[\r][\n]"
02:44:28.551 [Test worker] DEBUG org.apache.http.wire - http-outgoing-50 << "[\r][\n]"
02:44:28.551 [Test worker] DEBUG org.apache.http.wire - http-outgoing-50 << "{"Id":"4426cce3edda29046adab4205ce79753695d3cd21a0db97e97c91133702a6a67","Warnings":null}[\n]"
02:44:28.551 [Test worker] DEBUG org.apache.http.headers - http-outgoing-50 << HTTP/1.1 201 Created
02:44:28.551 [Test worker] DEBUG org.apache.http.headers - http-outgoing-50 << Content-Type: application/json
02:44:28.551 [Test worker] DEBUG org.apache.http.headers - http-outgoing-50 << Server: Docker/1.12.1 (linux)
02:44:28.551 [Test worker] DEBUG org.apache.http.headers - http-outgoing-50 << Date: Tue, 18 Oct 2016 00:44:28 GMT
02:44:28.551 [Test worker] DEBUG org.apache.http.headers - http-outgoing-50 << Content-Length: 90
02:44:28.551 [Test worker] DEBUG o.a.h.impl.execchain.MainClientExec - Connection can be kept alive indefinitely
02:44:28.551 [Test worker] DEBUG c.g.d.j.JerseyDockerCmdExecFactory - 2 * Client response received on thread Test worker
2 < 201
2 < Content-Length: 90
2 < Content-Type: application/json
2 < Date: Tue, 18 Oct 2016 00:44:28 GMT
2 < Server: Docker/1.12.1 (linux)
{"Id":"4426cce3edda29046adab4205ce79753695d3cd21a0db97e97c91133702a6a67","Warnings":null}


02:44:28.552 [Test worker] DEBUG o.a.h.i.c.DefaultManagedHttpClientConnection - http-outgoing-50: Close connection
02:44:28.552 [Test worker] DEBUG o.a.h.impl.execchain.MainClientExec - Connection discarded
02:44:28.552 [Test worker] DEBUG c.g.d.j.JerseyDockerCmdExecFactory$1 - Connection released: [id: 50][route: {}->http://localhost:2375][total kept alive: 0; route allocated: 0 of 2; total allocated: 0 of 20]
02:44:28.552 [Test worker] DEBUG org.openbaton.docker.DockerVim - Instance created successfully
02:44:28.552 [Test worker] DEBUG c.g.d.core.command.AbstrDockerCmd - Cmd: 4426cce3edda29046adab4205ce79753695d3cd21a0db97e97c91133702a6a67,com.github.dockerjava.jaxrs.StartContainerCmdExec@195a284e
02:44:28.553 [Test worker] DEBUG c.g.d.j.JerseyDockerCmdExecFactory - 3 * Sending client request on thread Test worker
3 > POST http://localhost:2375/containers/4426cce3edda29046adab4205ce79753695d3cd21a0db97e97c91133702a6a67/start
3 > Accept: application/json

02:44:28.553 [Test worker] DEBUG o.a.h.c.protocol.RequestAddCookies - CookieSpec selected: default
02:44:28.553 [Test worker] DEBUG o.a.h.c.protocol.RequestAuthCache - Auth cache not set in the context
02:44:28.553 [Test worker] DEBUG c.g.d.j.JerseyDockerCmdExecFactory$1 - Connection request: [route: {}->http://localhost:2375][total kept alive: 0; route allocated: 0 of 2; total allocated: 0 of 20]
02:44:28.553 [Test worker] DEBUG c.g.d.j.JerseyDockerCmdExecFactory$1 - Connection leased: [id: 51][route: {}->http://localhost:2375][total kept alive: 0; route allocated: 1 of 2; total allocated: 1 of 20]
02:44:28.554 [Test worker] DEBUG o.a.h.impl.execchain.MainClientExec - Opening connection {}->http://localhost:2375
02:44:28.554 [Test worker] DEBUG o.a.h.i.c.DefaultHttpClientConnectionOperator - Connecting to localhost/127.0.0.1:2375
02:44:28.554 [Test worker] DEBUG o.a.h.i.c.DefaultHttpClientConnectionOperator - Connection established 127.0.0.1:57102<->127.0.0.1:2375
02:44:28.554 [Test worker] DEBUG o.a.h.impl.execchain.MainClientExec - Executing request POST /containers/4426cce3edda29046adab4205ce79753695d3cd21a0db97e97c91133702a6a67/start HTTP/1.1
02:44:28.554 [Test worker] DEBUG o.a.h.impl.execchain.MainClientExec - Target auth state: UNCHALLENGED
02:44:28.554 [Test worker] DEBUG o.a.h.impl.execchain.MainClientExec - Proxy auth state: UNCHALLENGED
02:44:28.554 [Test worker] DEBUG org.apache.http.headers - http-outgoing-51 >> POST /containers/4426cce3edda29046adab4205ce79753695d3cd21a0db97e97c91133702a6a67/start HTTP/1.1
02:44:28.554 [Test worker] DEBUG org.apache.http.headers - http-outgoing-51 >> Accept: application/json
02:44:28.554 [Test worker] DEBUG org.apache.http.headers - http-outgoing-51 >> User-Agent: Jersey/2.23.1 (Apache HttpClient 4.5.1)
02:44:28.555 [Test worker] DEBUG org.apache.http.headers - http-outgoing-51 >> Host: localhost:2375
02:44:28.555 [Test worker] DEBUG org.apache.http.headers - http-outgoing-51 >> Connection: Keep-Alive
02:44:28.555 [Test worker] DEBUG org.apache.http.headers - http-outgoing-51 >> Accept-Encoding: gzip,deflate
02:44:28.555 [Test worker] DEBUG org.apache.http.wire - http-outgoing-51 >> "POST /containers/4426cce3edda29046adab4205ce79753695d3cd21a0db97e97c91133702a6a67/start HTTP/1.1[\r][\n]"
02:44:28.555 [Test worker] DEBUG org.apache.http.wire - http-outgoing-51 >> "Accept: application/json[\r][\n]"
02:44:28.558 [Test worker] DEBUG org.apache.http.wire - http-outgoing-51 >> "User-Agent: Jersey/2.23.1 (Apache HttpClient 4.5.1)[\r][\n]"
02:44:28.558 [Test worker] DEBUG org.apache.http.wire - http-outgoing-51 >> "Host: localhost:2375[\r][\n]"
02:44:28.558 [Test worker] DEBUG org.apache.http.wire - http-outgoing-51 >> "Connection: Keep-Alive[\r][\n]"
02:44:28.558 [Test worker] DEBUG org.apache.http.wire - http-outgoing-51 >> "Accept-Encoding: gzip,deflate[\r][\n]"
02:44:28.558 [Test worker] DEBUG org.apache.http.wire - http-outgoing-51 >> "[\r][\n]"
02:44:28.703 [Test worker] DEBUG org.apache.http.wire - http-outgoing-51 << "HTTP/1.1 204 No Content[\r][\n]"
02:44:28.703 [Test worker] DEBUG org.apache.http.wire - http-outgoing-51 << "Server: Docker/1.12.1 (linux)[\r][\n]"
02:44:28.703 [Test worker] DEBUG org.apache.http.wire - http-outgoing-51 << "Date: Tue, 18 Oct 2016 00:44:28 GMT[\r][\n]"
02:44:28.703 [Test worker] DEBUG org.apache.http.wire - http-outgoing-51 << "[\r][\n]"
02:44:28.704 [Test worker] DEBUG org.apache.http.headers - http-outgoing-51 << HTTP/1.1 204 No Content
02:44:28.704 [Test worker] DEBUG org.apache.http.headers - http-outgoing-51 << Server: Docker/1.12.1 (linux)
02:44:28.704 [Test worker] DEBUG org.apache.http.headers - http-outgoing-51 << Date: Tue, 18 Oct 2016 00:44:28 GMT
02:44:28.704 [Test worker] DEBUG o.a.h.impl.execchain.MainClientExec - Connection can be kept alive indefinitely
02:44:28.704 [Test worker] DEBUG c.g.d.j.JerseyDockerCmdExecFactory$1 - Connection [id: 51][route: {}->http://localhost:2375] can be kept alive indefinitely
02:44:28.704 [Test worker] DEBUG c.g.d.j.JerseyDockerCmdExecFactory$1 - Connection released: [id: 51][route: {}->http://localhost:2375][total kept alive: 1; route allocated: 1 of 2; total allocated: 1 of 20]
02:44:28.704 [Test worker] DEBUG c.g.d.j.JerseyDockerCmdExecFactory - 4 * Client response received on thread Test worker
4 < 204
4 < Date: Tue, 18 Oct 2016 00:44:28 GMT
4 < Server: Docker/1.12.1 (linux)

02:44:28.708 [Test worker] DEBUG c.g.d.core.command.AbstrDockerCmd - Cmd: ListImagesCmdImpl[imageNameFilter=<null>,showAll=true,filters=com.github.dockerjava.core.util.FiltersBuilder@0,execution=com.github.dockerjava.jaxrs.ListImagesCmdExec@1422fd50]
02:44:28.721 [Test worker] DEBUG c.g.d.j.JerseyDockerCmdExecFactory - 1 * Sending client request on thread Test worker
1 > GET http://localhost:2375/images/json?all=true
1 > Accept: application/json

02:44:28.722 [Test worker] DEBUG o.a.h.c.protocol.RequestAddCookies - CookieSpec selected: default
02:44:28.722 [Test worker] DEBUG o.a.h.c.protocol.RequestAuthCache - Auth cache not set in the context
02:44:28.722 [Test worker] DEBUG c.g.d.j.JerseyDockerCmdExecFactory$1 - Connection request: [route: {}->http://localhost:2375][total kept alive: 0; route allocated: 0 of 2; total allocated: 0 of 20]
02:44:28.722 [Test worker] DEBUG c.g.d.j.JerseyDockerCmdExecFactory$1 - Connection leased: [id: 52][route: {}->http://localhost:2375][total kept alive: 0; route allocated: 1 of 2; total allocated: 1 of 20]
02:44:28.722 [Test worker] DEBUG o.a.h.impl.execchain.MainClientExec - Opening connection {}->http://localhost:2375
02:44:28.723 [Test worker] DEBUG o.a.h.i.c.DefaultHttpClientConnectionOperator - Connecting to localhost/127.0.0.1:2375
02:44:28.723 [Test worker] DEBUG o.a.h.i.c.DefaultHttpClientConnectionOperator - Connection established 127.0.0.1:57104<->127.0.0.1:2375
02:44:28.723 [Test worker] DEBUG o.a.h.impl.execchain.MainClientExec - Executing request GET /images/json?all=true HTTP/1.1
02:44:28.723 [Test worker] DEBUG o.a.h.impl.execchain.MainClientExec - Target auth state: UNCHALLENGED
02:44:28.723 [Test worker] DEBUG o.a.h.impl.execchain.MainClientExec - Proxy auth state: UNCHALLENGED
02:44:28.723 [Test worker] DEBUG org.apache.http.headers - http-outgoing-52 >> GET /images/json?all=true HTTP/1.1
02:44:28.723 [Test worker] DEBUG org.apache.http.headers - http-outgoing-52 >> Accept: application/json
02:44:28.723 [Test worker] DEBUG org.apache.http.headers - http-outgoing-52 >> User-Agent: Jersey/2.23.1 (Apache HttpClient 4.5.1)
02:44:28.724 [Test worker] DEBUG org.apache.http.headers - http-outgoing-52 >> Host: localhost:2375
02:44:28.724 [Test worker] DEBUG org.apache.http.headers - http-outgoing-52 >> Connection: Keep-Alive
02:44:28.724 [Test worker] DEBUG org.apache.http.headers - http-outgoing-52 >> Accept-Encoding: gzip,deflate
02:44:28.724 [Test worker] DEBUG org.apache.http.wire - http-outgoing-52 >> "GET /images/json?all=true HTTP/1.1[\r][\n]"
02:44:28.724 [Test worker] DEBUG org.apache.http.wire - http-outgoing-52 >> "Accept: application/json[\r][\n]"
02:44:28.725 [Test worker] DEBUG org.apache.http.wire - http-outgoing-52 >> "User-Agent: Jersey/2.23.1 (Apache HttpClient 4.5.1)[\r][\n]"
02:44:28.725 [Test worker] DEBUG org.apache.http.wire - http-outgoing-52 >> "Host: localhost:2375[\r][\n]"
02:44:28.725 [Test worker] DEBUG org.apache.http.wire - http-outgoing-52 >> "Connection: Keep-Alive[\r][\n]"
02:44:28.725 [Test worker] DEBUG org.apache.http.wire - http-outgoing-52 >> "Accept-Encoding: gzip,deflate[\r][\n]"
02:44:28.725 [Test worker] DEBUG org.apache.http.wire - http-outgoing-52 >> "[\r][\n]"
02:44:28.726 [Test worker] DEBUG org.apache.http.wire - http-outgoing-52 << "HTTP/1.1 200 OK[\r][\n]"
02:44:28.726 [Test worker] DEBUG org.apache.http.wire - http-outgoing-52 << "Content-Type: application/json[\r][\n]"
02:44:28.726 [Test worker] DEBUG org.apache.http.wire - http-outgoing-52 << "Server: Docker/1.12.1 (linux)[\r][\n]"
02:44:28.726 [Test worker] DEBUG org.apache.http.wire - http-outgoing-52 << "Date: Tue, 18 Oct 2016 00:44:28 GMT[\r][\n]"
02:44:28.726 [Test worker] DEBUG org.apache.http.wire - http-outgoing-52 << "Content-Length: 1215[\r][\n]"
02:44:28.726 [Test worker] DEBUG org.apache.http.wire - http-outgoing-52 << "[\r][\n]"
02:44:28.726 [Test worker] DEBUG org.apache.http.wire - http-outgoing-52 << "[{"Id":"sha256:f753707788c5c100f194ce0a73058faae1a457774efcda6c1469544a114f8644","ParentId":"","RepoTags":["ubuntu:latest"],"RepoDigests":["ubuntu@sha256:2d44ae143feeb36f4c898d32ed2ab2dffeb3a573d2d8928646dfc9cb7deb1315"],"Created":1476393201,"Size":127161487,"VirtualSize":127161487,"Labels":{}},{"Id":"sha256:d654de4499473ed41349b54a988b6f46a7fc92e3fa2d61e102bf2660a0116e25","ParentId":"","RepoTags":["sakib37/iperf3:latest"],"RepoDigests":["sakib37/iperf3@sha256:8d80a810f8f508c074b14d02555f20110eac382c8dbda7252075392983629d40"],"Created":1474907599,"Size":199456654,"VirtualSize":199456654,"Labels":{}},{"Id":"sha256:45bc58500fa3d3c0d67233d4a7798134b46b486af1389ca87000c543f46c3d24","ParentId":"","RepoTags":["ubuntu:16.04"],"RepoDigests":["ubuntu@sha256:3235a49037919e99696d97df8d8a230717272d848ee4ddadbca8d54f97ee30cb"],"Created":1474304481,"Size":126872298,"VirtualSize":126872298,"Labels":{}},{"Id":"sha256:6fae60ef344644649a39240b94d73b8ba9c67f898ede85cf8e947a887b3e6557","ParentId":"","RepoTags":["training/webapp:latest"],"RepoDigests":["training/webapp@sha256:06e9c1983bd6d5db5fba376ccd63bfa529e8d02f23d5079b8f74a616308fb11d"],"Created":1431710615,"Size":348791356,"VirtualSize":348791356,"Labels":{}}][\n]"
02:44:28.727 [Test worker] DEBUG org.apache.http.headers - http-outgoing-52 << HTTP/1.1 200 OK
02:44:28.727 [Test worker] DEBUG org.apache.http.headers - http-outgoing-52 << Content-Type: application/json
02:44:28.727 [Test worker] DEBUG org.apache.http.headers - http-outgoing-52 << Server: Docker/1.12.1 (linux)
02:44:28.727 [Test worker] DEBUG org.apache.http.headers - http-outgoing-52 << Date: Tue, 18 Oct 2016 00:44:28 GMT
02:44:28.727 [Test worker] DEBUG org.apache.http.headers - http-outgoing-52 << Content-Length: 1215
02:44:28.727 [Test worker] DEBUG o.a.h.impl.execchain.MainClientExec - Connection can be kept alive indefinitely
02:44:28.727 [Test worker] DEBUG c.g.d.j.JerseyDockerCmdExecFactory - 2 * Client response received on thread Test worker
2 < 200
2 < Content-Length: 1215
2 < Content-Type: application/json
2 < Date: Tue, 18 Oct 2016 00:44:28 GMT
2 < Server: Docker/1.12.1 (linux)
[{"Id":"sha256:f753707788c5c100f194ce0a73058faae1a457774efcda6c1469544a114f8644","ParentId":"","RepoTags":["ubuntu:latest"],"RepoDigests":["ubuntu@sha256:2d44ae143feeb36f4c898d32ed2ab2dffeb3a573d2d8928646dfc9cb7deb1315"],"Created":1476393201,"Size":127161487,"VirtualSize":127161487,"Labels":{}},{"Id":"sha256:d654de4499473ed41349b54a988b6f46a7fc92e3fa2d61e102bf2660a0116e25","ParentId":"","RepoTags":["sakib37/iperf3:latest"],"RepoDigests":["sakib37/iperf3@sha256:8d80a810f8f508c074b14d02555f20110eac382c8dbda7252075392983629d40"],"Created":1474907599,"Size":199456654,"VirtualSize":199456654,"Labels":{}},{"Id":"sha256:45bc58500fa3d3c0d67233d4a7798134b46b486af1389ca87000c543f46c3d24","ParentId":"","RepoTags":["ubuntu:16.04"],"RepoDigests":["ubuntu@sha256:3235a49037919e99696d97df8d8a230717272d848ee4ddadbca8d54f97ee30cb"],"Created":1474304481,"Size":126872298,"VirtualSize":126872298,"Labels":{}},{"Id":"sha256:6fae60ef344644649a39240b94d73b8ba9c67f898ede85cf8e947a887b3e6557","ParentId":"","RepoTags":["training/webapp:latest"],"RepoDigests":["training/webapp@sha256:06e9c1983bd6d5db5fba376ccd63bfa529e8d02f23d5079b8f74a616308fb11d"],"Created":1431710615,"Size":348791356,"VirtualSize":348791356,"Labels":{}}]


02:44:28.729 [Test worker] DEBUG o.a.h.i.c.DefaultManagedHttpClientConnection - http-outgoing-52: Close connection
02:44:28.729 [Test worker] DEBUG o.a.h.impl.execchain.MainClientExec - Connection discarded
02:44:28.729 [Test worker] DEBUG c.g.d.j.JerseyDockerCmdExecFactory$1 - Connection released: [id: 52][route: {}->http://localhost:2375][total kept alive: 0; route allocated: 0 of 2; total allocated: 0 of 20]
02:44:28.730 [Test worker] DEBUG org.openbaton.docker.DockerVim - Found a docker image, transformed into a NFV Image Image{id='sha256:f753707788c5c100f194ce0a73058faae1a457774efcda6c1469544a114f8644', name='ubuntu', version=0, extId='null', minRam='0', minDiskSpace='0', minCPU='null', public='true', diskFormat='null', containerFormat='docker', created='Sun Jan 18 03:06:33 CET 1970', updated='null'}
02:44:28.731 [Test worker] DEBUG c.g.d.core.command.AbstrDockerCmd - Cmd: 8e30ada5fdca0ac1fad825b323c8ceaa6edf7db979ce52eeb64f657318f9b03f,4426cce3edda29046adab4205ce79753695d3cd21a0db97e97c91133702a6a67,<null>,com.github.dockerjava.jaxrs.ConnectToNetworkCmdExec@51719505
02:44:28.748 [Test worker] DEBUG o.a.h.c.protocol.RequestAddCookies - CookieSpec selected: default
02:44:28.748 [Test worker] DEBUG o.a.h.c.protocol.RequestAuthCache - Auth cache not set in the context
02:44:28.748 [Test worker] DEBUG c.g.d.j.JerseyDockerCmdExecFactory$1 - Connection request: [route: {}->http://localhost:2375][total kept alive: 0; route allocated: 0 of 2; total allocated: 0 of 20]
02:44:28.748 [Test worker] DEBUG c.g.d.j.JerseyDockerCmdExecFactory$1 - Connection leased: [id: 53][route: {}->http://localhost:2375][total kept alive: 0; route allocated: 1 of 2; total allocated: 1 of 20]
02:44:28.748 [Test worker] DEBUG o.a.h.impl.execchain.MainClientExec - Opening connection {}->http://localhost:2375
02:44:28.748 [Test worker] DEBUG o.a.h.i.c.DefaultHttpClientConnectionOperator - Connecting to localhost/127.0.0.1:2375
02:44:28.749 [Test worker] DEBUG o.a.h.i.c.DefaultHttpClientConnectionOperator - Connection established 127.0.0.1:57106<->127.0.0.1:2375
02:44:28.749 [Test worker] DEBUG o.a.h.impl.execchain.MainClientExec - Executing request POST /networks/8e30ada5fdca0ac1fad825b323c8ceaa6edf7db979ce52eeb64f657318f9b03f/connect HTTP/1.1
02:44:28.749 [Test worker] DEBUG o.a.h.impl.execchain.MainClientExec - Target auth state: UNCHALLENGED
02:44:28.749 [Test worker] DEBUG o.a.h.impl.execchain.MainClientExec - Proxy auth state: UNCHALLENGED
02:44:28.749 [Test worker] DEBUG org.apache.http.headers - http-outgoing-53 >> POST /networks/8e30ada5fdca0ac1fad825b323c8ceaa6edf7db979ce52eeb64f657318f9b03f/connect HTTP/1.1
02:44:28.749 [Test worker] DEBUG org.apache.http.headers - http-outgoing-53 >> Content-Type: application/json
02:44:28.749 [Test worker] DEBUG org.apache.http.headers - http-outgoing-53 >> User-Agent: Jersey/2.23.1 (Apache HttpClient 4.5.1)
02:44:28.749 [Test worker] DEBUG org.apache.http.headers - http-outgoing-53 >> Transfer-Encoding: chunked
02:44:28.749 [Test worker] DEBUG org.apache.http.headers - http-outgoing-53 >> Host: localhost:2375
02:44:28.749 [Test worker] DEBUG org.apache.http.headers - http-outgoing-53 >> Connection: Keep-Alive
02:44:28.749 [Test worker] DEBUG org.apache.http.headers - http-outgoing-53 >> Accept-Encoding: gzip,deflate
02:44:28.752 [Test worker] DEBUG c.g.d.j.JerseyDockerCmdExecFactory - 1 * Sending client request on thread Test worker
1 > POST http://localhost:2375/networks/8e30ada5fdca0ac1fad825b323c8ceaa6edf7db979ce52eeb64f657318f9b03f/connect
1 > Content-Type: application/json
{"containerConfig":null,"Container":"4426cce3edda29046adab4205ce79753695d3cd21a0db97e97c91133702a6a67","EndpointConfig":null}

02:44:28.753 [Test worker] DEBUG org.apache.http.wire - http-outgoing-53 >> "POST /networks/8e30ada5fdca0ac1fad825b323c8ceaa6edf7db979ce52eeb64f657318f9b03f/connect HTTP/1.1[\r][\n]"
02:44:28.753 [Test worker] DEBUG org.apache.http.wire - http-outgoing-53 >> "Content-Type: application/json[\r][\n]"
02:44:28.753 [Test worker] DEBUG org.apache.http.wire - http-outgoing-53 >> "User-Agent: Jersey/2.23.1 (Apache HttpClient 4.5.1)[\r][\n]"
02:44:28.753 [Test worker] DEBUG org.apache.http.wire - http-outgoing-53 >> "Transfer-Encoding: chunked[\r][\n]"
02:44:28.753 [Test worker] DEBUG org.apache.http.wire - http-outgoing-53 >> "Host: localhost:2375[\r][\n]"
02:44:28.753 [Test worker] DEBUG org.apache.http.wire - http-outgoing-53 >> "Connection: Keep-Alive[\r][\n]"
02:44:28.753 [Test worker] DEBUG org.apache.http.wire - http-outgoing-53 >> "Accept-Encoding: gzip,deflate[\r][\n]"
02:44:28.753 [Test worker] DEBUG org.apache.http.wire - http-outgoing-53 >> "[\r][\n]"
02:44:28.753 [Test worker] DEBUG org.apache.http.wire - http-outgoing-53 >> "7d[\r][\n]"
02:44:28.753 [Test worker] DEBUG org.apache.http.wire - http-outgoing-53 >> "{"containerConfig":null,"Container":"4426cce3edda29046adab4205ce79753695d3cd21a0db97e97c91133702a6a67","EndpointConfig":null}[\r][\n]"
02:44:28.753 [Test worker] DEBUG org.apache.http.wire - http-outgoing-53 >> "0[\r][\n]"
02:44:28.753 [Test worker] DEBUG org.apache.http.wire - http-outgoing-53 >> "[\r][\n]"
02:44:28.837 [Test worker] DEBUG org.apache.http.wire - http-outgoing-53 << "HTTP/1.1 200 OK[\r][\n]"
02:44:28.837 [Test worker] DEBUG org.apache.http.wire - http-outgoing-53 << "Server: Docker/1.12.1 (linux)[\r][\n]"
02:44:28.837 [Test worker] DEBUG org.apache.http.wire - http-outgoing-53 << "Date: Tue, 18 Oct 2016 00:44:28 GMT[\r][\n]"
02:44:28.837 [Test worker] DEBUG org.apache.http.wire - http-outgoing-53 << "Content-Length: 0[\r][\n]"
02:44:28.837 [Test worker] DEBUG org.apache.http.wire - http-outgoing-53 << "Content-Type: text/plain; charset=utf-8[\r][\n]"
02:44:28.837 [Test worker] DEBUG org.apache.http.wire - http-outgoing-53 << "[\r][\n]"
02:44:28.837 [Test worker] DEBUG org.apache.http.headers - http-outgoing-53 << HTTP/1.1 200 OK
02:44:28.837 [Test worker] DEBUG org.apache.http.headers - http-outgoing-53 << Server: Docker/1.12.1 (linux)
02:44:28.837 [Test worker] DEBUG org.apache.http.headers - http-outgoing-53 << Date: Tue, 18 Oct 2016 00:44:28 GMT
02:44:28.837 [Test worker] DEBUG org.apache.http.headers - http-outgoing-53 << Content-Length: 0
02:44:28.837 [Test worker] DEBUG org.apache.http.headers - http-outgoing-53 << Content-Type: text/plain; charset=utf-8
02:44:28.837 [Test worker] DEBUG o.a.h.impl.execchain.MainClientExec - Connection can be kept alive indefinitely
02:44:28.837 [Test worker] DEBUG c.g.d.j.JerseyDockerCmdExecFactory$1 - Connection [id: 53][route: {}->http://localhost:2375] can be kept alive indefinitely
02:44:28.837 [Test worker] DEBUG c.g.d.j.JerseyDockerCmdExecFactory$1 - Connection released: [id: 53][route: {}->http://localhost:2375][total kept alive: 1; route allocated: 1 of 2; total allocated: 1 of 20]
02:44:28.838 [Test worker] DEBUG c.g.d.j.JerseyDockerCmdExecFactory - 2 * Client response received on thread Test worker
2 < 200
2 < Content-Length: 0
2 < Content-Type: application/json;charset=utf-8
2 < Date: Tue, 18 Oct 2016 00:44:28 GMT
2 < Server: Docker/1.12.1 (linux)

02:44:28.838 [Test worker] INFO  org.openbaton.docker.DockerVim - Container connected to the Network Successfully
02:44:28.838 [Test worker] DEBUG c.g.d.core.command.AbstrDockerCmd - Cmd: 8e30ada5fdca0ac1fad825b323c8ceaa6edf7db979ce52eeb64f657318f9b03f,com.github.dockerjava.jaxrs.InspectNetworkCmdExec@7e4d2f72
02:44:28.838 [Test worker] DEBUG c.g.d.jaxrs.ListNetworksCmdExec - GET: JerseyWebTarget { http://localhost:2375/networks/8e30ada5fdca0ac1fad825b323c8ceaa6edf7db979ce52eeb64f657318f9b03f }
02:44:28.838 [Test worker] DEBUG c.g.d.j.JerseyDockerCmdExecFactory - 3 * Sending client request on thread Test worker
3 > GET http://localhost:2375/networks/8e30ada5fdca0ac1fad825b323c8ceaa6edf7db979ce52eeb64f657318f9b03f
3 > Accept: application/json

02:44:28.839 [Test worker] DEBUG o.a.h.c.protocol.RequestAddCookies - CookieSpec selected: default
02:44:28.839 [Test worker] DEBUG o.a.h.c.protocol.RequestAuthCache - Auth cache not set in the context
02:44:28.839 [Test worker] DEBUG c.g.d.j.JerseyDockerCmdExecFactory$1 - Connection request: [route: {}->http://localhost:2375][total kept alive: 0; route allocated: 0 of 2; total allocated: 0 of 20]
02:44:28.839 [Test worker] DEBUG c.g.d.j.JerseyDockerCmdExecFactory$1 - Connection leased: [id: 54][route: {}->http://localhost:2375][total kept alive: 0; route allocated: 1 of 2; total allocated: 1 of 20]
02:44:28.839 [Test worker] DEBUG o.a.h.impl.execchain.MainClientExec - Opening connection {}->http://localhost:2375
02:44:28.839 [Test worker] DEBUG o.a.h.i.c.DefaultHttpClientConnectionOperator - Connecting to localhost/127.0.0.1:2375
02:44:28.839 [Test worker] DEBUG o.a.h.i.c.DefaultHttpClientConnectionOperator - Connection established 127.0.0.1:57108<->127.0.0.1:2375
02:44:28.840 [Test worker] DEBUG o.a.h.impl.execchain.MainClientExec - Executing request GET /networks/8e30ada5fdca0ac1fad825b323c8ceaa6edf7db979ce52eeb64f657318f9b03f HTTP/1.1
02:44:28.840 [Test worker] DEBUG o.a.h.impl.execchain.MainClientExec - Target auth state: UNCHALLENGED
02:44:28.840 [Test worker] DEBUG o.a.h.impl.execchain.MainClientExec - Proxy auth state: UNCHALLENGED
02:44:28.840 [Test worker] DEBUG org.apache.http.headers - http-outgoing-54 >> GET /networks/8e30ada5fdca0ac1fad825b323c8ceaa6edf7db979ce52eeb64f657318f9b03f HTTP/1.1
02:44:28.840 [Test worker] DEBUG org.apache.http.headers - http-outgoing-54 >> Accept: application/json
02:44:28.840 [Test worker] DEBUG org.apache.http.headers - http-outgoing-54 >> User-Agent: Jersey/2.23.1 (Apache HttpClient 4.5.1)
02:44:28.840 [Test worker] DEBUG org.apache.http.headers - http-outgoing-54 >> Host: localhost:2375
02:44:28.840 [Test worker] DEBUG org.apache.http.headers - http-outgoing-54 >> Connection: Keep-Alive
02:44:28.840 [Test worker] DEBUG org.apache.http.headers - http-outgoing-54 >> Accept-Encoding: gzip,deflate
02:44:28.840 [Test worker] DEBUG org.apache.http.wire - http-outgoing-54 >> "GET /networks/8e30ada5fdca0ac1fad825b323c8ceaa6edf7db979ce52eeb64f657318f9b03f HTTP/1.1[\r][\n]"
02:44:28.840 [Test worker] DEBUG org.apache.http.wire - http-outgoing-54 >> "Accept: application/json[\r][\n]"
02:44:28.840 [Test worker] DEBUG org.apache.http.wire - http-outgoing-54 >> "User-Agent: Jersey/2.23.1 (Apache HttpClient 4.5.1)[\r][\n]"
02:44:28.841 [Test worker] DEBUG org.apache.http.wire - http-outgoing-54 >> "Host: localhost:2375[\r][\n]"
02:44:28.841 [Test worker] DEBUG org.apache.http.wire - http-outgoing-54 >> "Connection: Keep-Alive[\r][\n]"
02:44:28.841 [Test worker] DEBUG org.apache.http.wire - http-outgoing-54 >> "Accept-Encoding: gzip,deflate[\r][\n]"
02:44:28.841 [Test worker] DEBUG org.apache.http.wire - http-outgoing-54 >> "[\r][\n]"
02:44:28.841 [Test worker] DEBUG org.apache.http.wire - http-outgoing-54 << "HTTP/1.1 200 OK[\r][\n]"
02:44:28.841 [Test worker] DEBUG org.apache.http.wire - http-outgoing-54 << "Content-Type: application/json[\r][\n]"
02:44:28.841 [Test worker] DEBUG org.apache.http.wire - http-outgoing-54 << "Server: Docker/1.12.1 (linux)[\r][\n]"
02:44:28.842 [Test worker] DEBUG org.apache.http.wire - http-outgoing-54 << "Date: Tue, 18 Oct 2016 00:44:28 GMT[\r][\n]"
02:44:28.842 [Test worker] DEBUG org.apache.http.wire - http-outgoing-54 << "Content-Length: 557[\r][\n]"
02:44:28.842 [Test worker] DEBUG org.apache.http.wire - http-outgoing-54 << "[\r][\n]"
02:44:28.842 [Test worker] DEBUG org.apache.http.wire - http-outgoing-54 << "{"Name":"MyNetwork","Id":"8e30ada5fdca0ac1fad825b323c8ceaa6edf7db979ce52eeb64f657318f9b03f","Scope":"local","Driver":"bridge","EnableIPv6":false,"IPAM":{"Driver":"default","Options":null,"Config":[{"Subnet":"172.19.0.0/16","Gateway":"172.19.0.1"}]},"Internal":false,"Containers":{"4426cce3edda29046adab4205ce79753695d3cd21a0db97e97c91133702a6a67":{"Name":"MyContainer","EndpointID":"7c8c1c3c071edec813e9ed9b8e3370ac87ded93d961bc4985d6e52307ec225b3","MacAddress":"02:42:ac:13:00:02","IPv4Address":"172.19.0.2/16","IPv6Address":""}},"Options":{},"Labels":{}}[\n]"
02:44:28.842 [Test worker] DEBUG org.apache.http.headers - http-outgoing-54 << HTTP/1.1 200 OK
02:44:28.842 [Test worker] DEBUG org.apache.http.headers - http-outgoing-54 << Content-Type: application/json
02:44:28.842 [Test worker] DEBUG org.apache.http.headers - http-outgoing-54 << Server: Docker/1.12.1 (linux)
02:44:28.842 [Test worker] DEBUG org.apache.http.headers - http-outgoing-54 << Date: Tue, 18 Oct 2016 00:44:28 GMT
02:44:28.842 [Test worker] DEBUG org.apache.http.headers - http-outgoing-54 << Content-Length: 557
02:44:28.842 [Test worker] DEBUG o.a.h.impl.execchain.MainClientExec - Connection can be kept alive indefinitely
02:44:28.843 [Test worker] DEBUG c.g.d.j.JerseyDockerCmdExecFactory - 4 * Client response received on thread Test worker
4 < 200
4 < Content-Length: 557
4 < Content-Type: application/json
4 < Date: Tue, 18 Oct 2016 00:44:28 GMT
4 < Server: Docker/1.12.1 (linux)
{"Name":"MyNetwork","Id":"8e30ada5fdca0ac1fad825b323c8ceaa6edf7db979ce52eeb64f657318f9b03f","Scope":"local","Driver":"bridge","EnableIPv6":false,"IPAM":{"Driver":"default","Options":null,"Config":[{"Subnet":"172.19.0.0/16","Gateway":"172.19.0.1"}]},"Internal":false,"Containers":{"4426cce3edda29046adab4205ce79753695d3cd21a0db97e97c91133702a6a67":{"Name":"MyContainer","EndpointID":"7c8c1c3c071edec813e9ed9b8e3370ac87ded93d961bc4985d6e52307ec225b3","MacAddress":"02:42:ac:13:00:02","IPv4Address":"172.19.0.2/16","IPv6Address":""}},"Options":{},"Labels":{}}


02:44:28.846 [Test worker] DEBUG o.a.h.i.c.DefaultManagedHttpClientConnection - http-outgoing-54: Close connection
02:44:28.846 [Test worker] DEBUG o.a.h.impl.execchain.MainClientExec - Connection discarded
02:44:28.846 [Test worker] DEBUG c.g.d.j.JerseyDockerCmdExecFactory$1 - Connection released: [id: 54][route: {}->http://localhost:2375][total kept alive: 0; route allocated: 0 of 2; total allocated: 0 of 20]
02:44:28.848 [Test worker] DEBUG c.g.d.core.command.AbstrDockerCmd - Cmd: 8e30ada5fdca0ac1fad825b323c8ceaa6edf7db979ce52eeb64f657318f9b03f,4426cce3edda29046adab4205ce79753695d3cd21a0db97e97c91133702a6a67,<null>,com.github.dockerjava.jaxrs.DisconnectFromNetworkCmdExec@6e25d936
02:44:28.859 [Test worker] DEBUG o.a.h.c.protocol.RequestAddCookies - CookieSpec selected: default
02:44:28.859 [Test worker] DEBUG o.a.h.c.protocol.RequestAuthCache - Auth cache not set in the context
02:44:28.859 [Test worker] DEBUG c.g.d.j.JerseyDockerCmdExecFactory$1 - Connection request: [route: {}->http://localhost:2375][total kept alive: 0; route allocated: 0 of 2; total allocated: 0 of 20]
02:44:28.859 [Test worker] DEBUG c.g.d.j.JerseyDockerCmdExecFactory$1 - Connection leased: [id: 55][route: {}->http://localhost:2375][total kept alive: 0; route allocated: 1 of 2; total allocated: 1 of 20]
02:44:28.859 [Test worker] DEBUG o.a.h.impl.execchain.MainClientExec - Opening connection {}->http://localhost:2375
02:44:28.859 [Test worker] DEBUG o.a.h.i.c.DefaultHttpClientConnectionOperator - Connecting to localhost/127.0.0.1:2375
02:44:28.859 [Test worker] DEBUG o.a.h.i.c.DefaultHttpClientConnectionOperator - Connection established 127.0.0.1:57110<->127.0.0.1:2375
02:44:28.860 [Test worker] DEBUG o.a.h.impl.execchain.MainClientExec - Executing request POST /networks/8e30ada5fdca0ac1fad825b323c8ceaa6edf7db979ce52eeb64f657318f9b03f/disconnect HTTP/1.1
02:44:28.860 [Test worker] DEBUG o.a.h.impl.execchain.MainClientExec - Target auth state: UNCHALLENGED
02:44:28.860 [Test worker] DEBUG o.a.h.impl.execchain.MainClientExec - Proxy auth state: UNCHALLENGED
02:44:28.860 [Test worker] DEBUG org.apache.http.headers - http-outgoing-55 >> POST /networks/8e30ada5fdca0ac1fad825b323c8ceaa6edf7db979ce52eeb64f657318f9b03f/disconnect HTTP/1.1
02:44:28.860 [Test worker] DEBUG org.apache.http.headers - http-outgoing-55 >> Content-Type: application/json
02:44:28.860 [Test worker] DEBUG org.apache.http.headers - http-outgoing-55 >> User-Agent: Jersey/2.23.1 (Apache HttpClient 4.5.1)
02:44:28.860 [Test worker] DEBUG org.apache.http.headers - http-outgoing-55 >> Transfer-Encoding: chunked
02:44:28.860 [Test worker] DEBUG org.apache.http.headers - http-outgoing-55 >> Host: localhost:2375
02:44:28.860 [Test worker] DEBUG org.apache.http.headers - http-outgoing-55 >> Connection: Keep-Alive
02:44:28.860 [Test worker] DEBUG org.apache.http.headers - http-outgoing-55 >> Accept-Encoding: gzip,deflate
02:44:28.862 [Test worker] DEBUG c.g.d.j.JerseyDockerCmdExecFactory - 1 * Sending client request on thread Test worker
1 > POST http://localhost:2375/networks/8e30ada5fdca0ac1fad825b323c8ceaa6edf7db979ce52eeb64f657318f9b03f/disconnect
1 > Content-Type: application/json
{"Container":"4426cce3edda29046adab4205ce79753695d3cd21a0db97e97c91133702a6a67","Force":null}

02:44:28.862 [Test worker] DEBUG org.apache.http.wire - http-outgoing-55 >> "POST /networks/8e30ada5fdca0ac1fad825b323c8ceaa6edf7db979ce52eeb64f657318f9b03f/disconnect HTTP/1.1[\r][\n]"
02:44:28.862 [Test worker] DEBUG org.apache.http.wire - http-outgoing-55 >> "Content-Type: application/json[\r][\n]"
02:44:28.862 [Test worker] DEBUG org.apache.http.wire - http-outgoing-55 >> "User-Agent: Jersey/2.23.1 (Apache HttpClient 4.5.1)[\r][\n]"
02:44:28.862 [Test worker] DEBUG org.apache.http.wire - http-outgoing-55 >> "Transfer-Encoding: chunked[\r][\n]"
02:44:28.862 [Test worker] DEBUG org.apache.http.wire - http-outgoing-55 >> "Host: localhost:2375[\r][\n]"
02:44:28.863 [Test worker] DEBUG org.apache.http.wire - http-outgoing-55 >> "Connection: Keep-Alive[\r][\n]"
02:44:28.863 [Test worker] DEBUG org.apache.http.wire - http-outgoing-55 >> "Accept-Encoding: gzip,deflate[\r][\n]"
02:44:28.863 [Test worker] DEBUG org.apache.http.wire - http-outgoing-55 >> "[\r][\n]"
02:44:28.863 [Test worker] DEBUG org.apache.http.wire - http-outgoing-55 >> "5d[\r][\n]"
02:44:28.863 [Test worker] DEBUG org.apache.http.wire - http-outgoing-55 >> "{"Container":"4426cce3edda29046adab4205ce79753695d3cd21a0db97e97c91133702a6a67","Force":null}[\r][\n]"
02:44:28.863 [Test worker] DEBUG org.apache.http.wire - http-outgoing-55 >> "0[\r][\n]"
02:44:28.863 [Test worker] DEBUG org.apache.http.wire - http-outgoing-55 >> "[\r][\n]"
02:44:28.907 [Test worker] DEBUG org.apache.http.wire - http-outgoing-55 << "HTTP/1.1 200 OK[\r][\n]"
02:44:28.907 [Test worker] DEBUG org.apache.http.wire - http-outgoing-55 << "Server: Docker/1.12.1 (linux)[\r][\n]"
02:44:28.907 [Test worker] DEBUG org.apache.http.wire - http-outgoing-55 << "Date: Tue, 18 Oct 2016 00:44:28 GMT[\r][\n]"
02:44:28.907 [Test worker] DEBUG org.apache.http.wire - http-outgoing-55 << "Content-Length: 0[\r][\n]"
02:44:28.907 [Test worker] DEBUG org.apache.http.wire - http-outgoing-55 << "Content-Type: text/plain; charset=utf-8[\r][\n]"
02:44:28.907 [Test worker] DEBUG org.apache.http.wire - http-outgoing-55 << "[\r][\n]"
02:44:28.908 [Test worker] DEBUG org.apache.http.headers - http-outgoing-55 << HTTP/1.1 200 OK
02:44:28.908 [Test worker] DEBUG org.apache.http.headers - http-outgoing-55 << Server: Docker/1.12.1 (linux)
02:44:28.908 [Test worker] DEBUG org.apache.http.headers - http-outgoing-55 << Date: Tue, 18 Oct 2016 00:44:28 GMT
02:44:28.908 [Test worker] DEBUG org.apache.http.headers - http-outgoing-55 << Content-Length: 0
02:44:28.908 [Test worker] DEBUG org.apache.http.headers - http-outgoing-55 << Content-Type: text/plain; charset=utf-8
02:44:28.908 [Test worker] DEBUG o.a.h.impl.execchain.MainClientExec - Connection can be kept alive indefinitely
02:44:28.908 [Test worker] DEBUG c.g.d.j.JerseyDockerCmdExecFactory$1 - Connection [id: 55][route: {}->http://localhost:2375] can be kept alive indefinitely
02:44:28.908 [Test worker] DEBUG c.g.d.j.JerseyDockerCmdExecFactory$1 - Connection released: [id: 55][route: {}->http://localhost:2375][total kept alive: 1; route allocated: 1 of 2; total allocated: 1 of 20]
02:44:28.908 [Test worker] DEBUG c.g.d.j.JerseyDockerCmdExecFactory - 2 * Client response received on thread Test worker
2 < 200
2 < Content-Length: 0
2 < Content-Type: application/json;charset=utf-8
2 < Date: Tue, 18 Oct 2016 00:44:28 GMT
2 < Server: Docker/1.12.1 (linux)

02:44:28.909 [Test worker] INFO  org.openbaton.docker.DockerVim - Container disconnected to the Network Successfully
02:44:28.910 [Test worker] DEBUG c.g.d.core.command.AbstrDockerCmd - Cmd: 4426cce3edda29046adab4205ce79753695d3cd21a0db97e97c91133702a6a67,false,com.github.dockerjava.jaxrs.InspectContainerCmdExec@6a51c5bd
02:44:28.910 [Test worker] DEBUG c.g.d.jaxrs.InspectContainerCmdExec - GET: JerseyWebTarget { http://localhost:2375/containers/4426cce3edda29046adab4205ce79753695d3cd21a0db97e97c91133702a6a67/json }
02:44:28.911 [Test worker] DEBUG c.g.d.j.JerseyDockerCmdExecFactory - 5 * Sending client request on thread Test worker
5 > GET http://localhost:2375/containers/4426cce3edda29046adab4205ce79753695d3cd21a0db97e97c91133702a6a67/json
5 > Accept: application/json

02:44:28.912 [Test worker] DEBUG o.a.h.c.protocol.RequestAddCookies - CookieSpec selected: default
02:44:28.912 [Test worker] DEBUG o.a.h.c.protocol.RequestAuthCache - Auth cache not set in the context
02:44:28.912 [Test worker] DEBUG c.g.d.j.JerseyDockerCmdExecFactory$1 - Connection request: [route: {}->http://localhost:2375][total kept alive: 0; route allocated: 0 of 2; total allocated: 0 of 20]
02:44:28.912 [Test worker] DEBUG c.g.d.j.JerseyDockerCmdExecFactory$1 - Connection leased: [id: 56][route: {}->http://localhost:2375][total kept alive: 0; route allocated: 1 of 2; total allocated: 1 of 20]
02:44:28.912 [Test worker] DEBUG o.a.h.impl.execchain.MainClientExec - Opening connection {}->http://localhost:2375
02:44:28.914 [Test worker] DEBUG o.a.h.i.c.DefaultHttpClientConnectionOperator - Connecting to localhost/127.0.0.1:2375
02:44:28.914 [Test worker] DEBUG o.a.h.i.c.DefaultHttpClientConnectionOperator - Connection established 127.0.0.1:57112<->127.0.0.1:2375
02:44:28.914 [Test worker] DEBUG o.a.h.impl.execchain.MainClientExec - Executing request GET /containers/4426cce3edda29046adab4205ce79753695d3cd21a0db97e97c91133702a6a67/json HTTP/1.1
02:44:28.914 [Test worker] DEBUG o.a.h.impl.execchain.MainClientExec - Target auth state: UNCHALLENGED
02:44:28.915 [Test worker] DEBUG o.a.h.impl.execchain.MainClientExec - Proxy auth state: UNCHALLENGED
02:44:28.919 [Test worker] DEBUG org.apache.http.headers - http-outgoing-56 >> GET /containers/4426cce3edda29046adab4205ce79753695d3cd21a0db97e97c91133702a6a67/json HTTP/1.1
02:44:28.919 [Test worker] DEBUG org.apache.http.headers - http-outgoing-56 >> Accept: application/json
02:44:28.919 [Test worker] DEBUG org.apache.http.headers - http-outgoing-56 >> User-Agent: Jersey/2.23.1 (Apache HttpClient 4.5.1)
02:44:28.919 [Test worker] DEBUG org.apache.http.headers - http-outgoing-56 >> Host: localhost:2375
02:44:28.919 [Test worker] DEBUG org.apache.http.headers - http-outgoing-56 >> Connection: Keep-Alive
02:44:28.919 [Test worker] DEBUG org.apache.http.headers - http-outgoing-56 >> Accept-Encoding: gzip,deflate
02:44:28.919 [Test worker] DEBUG org.apache.http.wire - http-outgoing-56 >> "GET /containers/4426cce3edda29046adab4205ce79753695d3cd21a0db97e97c91133702a6a67/json HTTP/1.1[\r][\n]"
02:44:28.919 [Test worker] DEBUG org.apache.http.wire - http-outgoing-56 >> "Accept: application/json[\r][\n]"
02:44:28.919 [Test worker] DEBUG org.apache.http.wire - http-outgoing-56 >> "User-Agent: Jersey/2.23.1 (Apache HttpClient 4.5.1)[\r][\n]"
02:44:28.919 [Test worker] DEBUG org.apache.http.wire - http-outgoing-56 >> "Host: localhost:2375[\r][\n]"
02:44:28.919 [Test worker] DEBUG org.apache.http.wire - http-outgoing-56 >> "Connection: Keep-Alive[\r][\n]"
02:44:28.919 [Test worker] DEBUG org.apache.http.wire - http-outgoing-56 >> "Accept-Encoding: gzip,deflate[\r][\n]"
02:44:28.919 [Test worker] DEBUG org.apache.http.wire - http-outgoing-56 >> "[\r][\n]"
02:44:28.920 [Test worker] DEBUG org.apache.http.wire - http-outgoing-56 << "HTTP/1.1 200 OK[\r][\n]"
02:44:28.920 [Test worker] DEBUG org.apache.http.wire - http-outgoing-56 << "Content-Type: application/json[\r][\n]"
02:44:28.920 [Test worker] DEBUG org.apache.http.wire - http-outgoing-56 << "Server: Docker/1.12.1 (linux)[\r][\n]"
02:44:28.920 [Test worker] DEBUG org.apache.http.wire - http-outgoing-56 << "Date: Tue, 18 Oct 2016 00:44:28 GMT[\r][\n]"
02:44:28.920 [Test worker] DEBUG org.apache.http.wire - http-outgoing-56 << "Transfer-Encoding: chunked[\r][\n]"
02:44:28.920 [Test worker] DEBUG org.apache.http.wire - http-outgoing-56 << "[\r][\n]"
02:44:28.920 [Test worker] DEBUG org.apache.http.wire - http-outgoing-56 << "ddb[\r][\n]"
02:44:28.920 [Test worker] DEBUG org.apache.http.wire - http-outgoing-56 << "{"Id":"4426cce3edda29046adab4205ce79753695d3cd21a0db97e97c91133702a6a67","Created":"2016-10-18T00:44:28.530011282Z","Path":"sleep","Args":["99999"],"State":{"Status":"running","Running":true,"Paused":false,"Restarting":false,"OOMKilled":false,"Dead":false,"Pid":15216,"ExitCode":0,"Error":"","StartedAt":"2016-10-18T00:44:28.700418595Z","FinishedAt":"0001-01-01T00:00:00Z"},"Image":"sha256:f753707788c5c100f194ce0a73058faae1a457774efcda6c1469544a114f8644","ResolvConfPath":"/var/lib/docker/containers/4426cce3edda29046adab4205ce79753695d3cd21a0db97e97c91133702a6a67/resolv.conf","HostnamePath":"/var/lib/docker/containers/4426cce3edda29046adab4205ce79753695d3cd21a0db97e97c91133702a6a67/hostname","HostsPath":"/var/lib/docker/containers/4426cce3edda29046adab4205ce79753695d3cd21a0db97e97c91133702a6a67/hosts","LogPath":"/var/lib/docker/containers/4426cce3edda29046adab4205ce79753695d3cd21a0db97e97c91133702a6a67/4426cce3edda29046adab4205ce79753695d3cd21a0db97e97c91133702a6a67-json.log","Name":"/MyContainer","RestartCount":0,"Driver":"aufs","MountLabel":"","ProcessLabel":"","AppArmorProfile":"","ExecIDs":null,"HostConfig":{"Binds":null,"ContainerIDFile":"","LogConfig":{"Type":"json-file","Config":{}},"NetworkMode":"default","PortBindings":null,"RestartPolicy":{"Name":"","MaximumRetryCount":0},"AutoRemove":false,"VolumeDriver":"","VolumesFrom":null,"CapAdd":null,"CapDrop":null,"Dns":null,"DnsOptions":null,"DnsSearch":null,"ExtraHosts":null,"GroupAdd":null,"IpcMode":"","Cgroup":"","Links":null,"OomScoreAdj":0,"PidMode":"","Privileged":false,"PublishAllPorts":false,"ReadonlyRootfs":false,"SecurityOpt":null,"UTSMode":"","UsernsMode":"","ShmSize":67108864,"Runtime":"runc","ConsoleSize":[0,0],"Isolation":"","CpuShares":0,"Memory":0,"CgroupParent":"","BlkioWeight":0,"BlkioWeightDevice":null,"BlkioDeviceReadBps":null,"BlkioDeviceWriteBps":null,"BlkioDeviceReadIOps":null,"BlkioDeviceWriteIOps":null,"CpuPeriod":0,"CpuQuota":0,"CpusetCpus":"","CpusetMems":"","Devices":null,"DiskQuota":0,"KernelMemory":0,"MemoryReservation":0,"MemorySwap":0,"MemorySwappiness":-1,"OomKillDisable":false,"PidsLimit":0,"Ulimits":null,"CpuCount":0,"CpuPercent":0,"IOMaximumIOps":0,"IOMaximumBandwidth":0},"GraphDriver":{"Name":"aufs","Data":null},"Mounts":[],"Config":{"Hostname":"hostName","Domainname":"","User":"","AttachStdin":false,"AttachStdout":false,"AttachStderr":false,"Tty":false,"OpenStdin":false,"StdinOnce":false,"Env":["PATH=/usr/local/sbin:/usr/local/bin:/usr/sbin:/usr/bin:/sbin:/bin"],"Cmd":["sleep","99999"],"Image":"ubuntu","Volumes":null,"WorkingDir":"","Entrypoint":null,"OnBuild":null,"Labels":{}},"NetworkSettings":{"Bridge":"","SandboxID":"00f8d7ab13c1a2062c2f86b03f117b8450f7d1349a3c528421ec66205f4590c1","HairpinMode":false,"LinkLocalIPv6Address":"","LinkLocalIPv6PrefixLen":0,"Ports":{},"SandboxKey":"/var/run/docker/netns/00f8d7ab13c1","SecondaryIPAddresses":null,"SecondaryIPv6Addresses":null,"EndpointID":"dada7f12efe6a5c4d8ff37e1f770ca467133a4da2506a509e7f7b04a8d6e3a54","Gateway":"172.17.0.1","GlobalIPv6Address":"","GlobalIPv6PrefixLen":0,"IPAddress":"172.17.0.2","IPPrefixLen":16,"IPv6Gateway":"","MacAddress":"02:42:ac:11:00:02","Networks":{"bridge":{"IPAMConfig":null,"Links":null,"Aliases":null,"NetworkID":"90941628611ab58d4fa4db6bcd1806afb9bf994c4562bea7ae3dc9153b373da5","EndpointID":"dada7f12efe6a5c4d8ff37e1f770ca467133a4da2506a509e7f7b04a8d6e3a54","Gateway":"172.17.0.1","IPAddress":"172.17.0.2","IPPrefixLen":16,"IPv6Gateway":"","GlobalIPv6Address":"","GlobalIPv6PrefixLen":0,"MacAddress":"02:42:ac:11:00:02"}}}}[\n]"
02:44:28.920 [Test worker] DEBUG org.apache.http.wire - http-outgoing-56 << "[\r][\n]"
02:44:28.921 [Test worker] DEBUG org.apache.http.wire - http-outgoing-56 << "0[\r][\n]"
02:44:28.921 [Test worker] DEBUG org.apache.http.wire - http-outgoing-56 << "[\r][\n]"
02:44:28.921 [Test worker] DEBUG org.apache.http.headers - http-outgoing-56 << HTTP/1.1 200 OK
02:44:28.921 [Test worker] DEBUG org.apache.http.headers - http-outgoing-56 << Content-Type: application/json
02:44:28.921 [Test worker] DEBUG org.apache.http.headers - http-outgoing-56 << Server: Docker/1.12.1 (linux)
02:44:28.921 [Test worker] DEBUG org.apache.http.headers - http-outgoing-56 << Date: Tue, 18 Oct 2016 00:44:28 GMT
02:44:28.921 [Test worker] DEBUG org.apache.http.headers - http-outgoing-56 << Transfer-Encoding: chunked
02:44:28.922 [Test worker] DEBUG o.a.h.impl.execchain.MainClientExec - Connection can be kept alive indefinitely
02:44:28.922 [Test worker] DEBUG c.g.d.j.JerseyDockerCmdExecFactory - 6 * Client response received on thread Test worker
6 < 200
6 < Content-Length: -1
6 < Content-Type: application/json
6 < Date: Tue, 18 Oct 2016 00:44:28 GMT
6 < Server: Docker/1.12.1 (linux)
6 < Transfer-Encoding: chunked
{"Id":"4426cce3edda29046adab4205ce79753695d3cd21a0db97e97c91133702a6a67","Created":"2016-10-18T00:44:28.530011282Z","Path":"sleep","Args":["99999"],"State":{"Status":"running","Running":true,"Paused":false,"Restarting":false,"OOMKilled":false,"Dead":false,"Pid":15216,"ExitCode":0,"Error":"","StartedAt":"2016-10-18T00:44:28.700418595Z","FinishedAt":"0001-01-01T00:00:00Z"},"Image":"sha256:f753707788c5c100f194ce0a73058faae1a457774efcda6c1469544a114f8644","ResolvConfPath":"/var/lib/docker/containers/4426cce3edda29046adab4205ce79753695d3cd21a0db97e97c91133702a6a67/resolv.conf","HostnamePath":"/var/lib/docker/containers/4426cce3edda29046adab4205ce79753695d3cd21a0db97e97c91133702a6a67/hostname","HostsPath":"/var/lib/docker/containers/4426cce3edda29046adab4205ce79753695d3cd21a0db97e97c91133702a6a67/hosts","LogPath":"/var/lib/docker/containers/4426cce3edda29046adab4205ce79753695d3cd21a0db97e97c91133702a6a67/4426cce3edda29046adab4205ce79753695d3cd21a0db97e97c91133702a6a67-json.log","Name":"/MyContainer","RestartCount":0,"Driver":"aufs","MountLabel":"","ProcessLabel":"","AppArmorProfile":"","ExecIDs":null,"HostConfig":{"Binds":null,"ContainerIDFile":"","LogConfig":{"Type":"json-file","Config":{}},"NetworkMode":"default","PortBindings":null,"RestartPolicy":{"Name":"","MaximumRetryCount":0},"AutoRemove":false,"VolumeDriver":"","VolumesFrom":null,"CapAdd":null,"CapDrop":null,"Dns":null,"DnsOptions":null,"DnsSearch":null,"ExtraHosts":null,"GroupAdd":null,"IpcMode":"","Cgroup":"","Links":null,"OomScoreAdj":0,"PidMode":"","Privileged":false,"PublishAllPorts":false,"ReadonlyRootfs":false,"SecurityOpt":null,"UTSMode":"","UsernsMode":"","ShmSize":67108864,"Runtime":"runc","ConsoleSize":[0,0],"Isolation":"","CpuShares":0,"Memory":0,"CgroupParent":"","BlkioWeight":0,"BlkioWeightDevice":null,"BlkioDeviceReadBps":null,"BlkioDeviceWriteBps":null,"BlkioDeviceReadIOps":null,"BlkioDeviceWriteIOps":null,"CpuPeriod":0,"CpuQuota":0,"CpusetCpus":"","CpusetMems":"","Devices":null,"DiskQuota":0,"KernelMemory":0,"MemoryReservation":0,"MemorySwap":0,"MemorySwappiness":-1,"OomKillDisable":false,"PidsLimit":0,"Ulimits":null,"CpuCount":0,"CpuPercent":0,"IOMaximumIOps":0,"IOMaximumBandwidth":0},"GraphDriver":{"Name":"aufs","Data":null},"Mounts":[],"Config":{"Hostname":"hostName","Domainname":"","User":"","AttachStdin":false,"AttachStdout":false,"AttachStderr":false,"Tty":false,"OpenStdin":false,"StdinOnce":false,"Env":["PATH=/usr/local/sbin:/usr/local/bin:/usr/sbin:/usr/bin:/sbin:/bin"],"Cmd":["sleep","99999"],"Image":"ubuntu","Volumes":null,"WorkingDir":"","Entrypoint":null,"OnBuild":null,"Labels":{}},"NetworkSettings":{"Bridge":"","SandboxID":"00f8d7ab13c1a2062c2f86b03f117b8450f7d1349a3c528421ec66205f4590c1","HairpinMode":false,"LinkLocalIPv6Address":"","LinkLocalIPv6PrefixLen":0,"Ports":{},"SandboxKey":"/var/run/docker/netns/00f8d7ab13c1","SecondaryIPAddresses":null,"SecondaryIPv6Addresses":null,"EndpointID":"dada7f12efe6a5c4d8ff37e1f770ca467133a4da2506a509e7f7b04a8d6e3a54","Gateway":"172.17.0.1","GlobalIPv6Address":"","GlobalIPv6PrefixLen":0,"IPAddress":"172.17.0.2","IPPrefixLen":16,"IPv6Gateway":"","MacAddress":"02:42:ac:11:00:02","Networks":{"bridge":{"IPAMConfig":null,"Links":null,"Aliases":null,"NetworkID":"90941628611ab58d4fa4db6bcd1806afb9bf994c4562bea7ae3dc9153b373da5","EndpointID":"dada7f12efe6a5c4d8ff37e1f770ca467133a4da2506a509e7f7b04a8d6e3a54","Gateway":"172.17.0.1","IPAddress":"172.17.0.2","IPPrefixLen":16,"IPv6Gateway":"","GlobalIPv6Address":"","GlobalIPv6PrefixLen":0,"MacAddress":"02:42:ac:11:00:02"}}}}


02:44:28.972 [Test worker] DEBUG o.a.h.i.c.DefaultManagedHttpClientConnection - http-outgoing-56: Close connection
02:44:28.975 [Test worker] DEBUG o.a.h.impl.execchain.MainClientExec - Connection discarded
02:44:28.976 [Test worker] DEBUG c.g.d.j.JerseyDockerCmdExecFactory$1 - Connection released: [id: 56][route: {}->http://localhost:2375][total kept alive: 0; route allocated: 0 of 2; total allocated: 0 of 20]
02:44:28.976 [Test worker] DEBUG org.apache.http.wire - http-outgoing-56 << "end of stream"
02:44:28.977 [Test worker] DEBUG c.g.d.core.command.AbstrDockerCmd - Cmd: -1,<null>,true,<null>,<null>,com.github.dockerjava.core.util.FiltersBuilder@0,com.github.dockerjava.jaxrs.ListContainersCmdExec@45fee545
02:44:29.006 [Test worker] DEBUG c.g.d.j.JerseyDockerCmdExecFactory - 1 * Sending client request on thread Test worker
1 > GET http://localhost:2375/containers/json?all=true
1 > Accept: application/json

02:44:29.011 [Test worker] DEBUG o.a.h.c.protocol.RequestAddCookies - CookieSpec selected: default
02:44:29.011 [Test worker] DEBUG o.a.h.c.protocol.RequestAuthCache - Auth cache not set in the context
02:44:29.012 [Test worker] DEBUG c.g.d.j.JerseyDockerCmdExecFactory$1 - Connection request: [route: {}->http://localhost:2375][total kept alive: 0; route allocated: 0 of 2; total allocated: 0 of 20]
02:44:29.012 [Test worker] DEBUG c.g.d.j.JerseyDockerCmdExecFactory$1 - Connection leased: [id: 57][route: {}->http://localhost:2375][total kept alive: 0; route allocated: 1 of 2; total allocated: 1 of 20]
02:44:29.012 [Test worker] DEBUG o.a.h.impl.execchain.MainClientExec - Opening connection {}->http://localhost:2375
02:44:29.013 [Test worker] DEBUG o.a.h.i.c.DefaultHttpClientConnectionOperator - Connecting to localhost/127.0.0.1:2375
02:44:29.013 [Test worker] DEBUG o.a.h.i.c.DefaultHttpClientConnectionOperator - Connection established 127.0.0.1:57114<->127.0.0.1:2375
02:44:29.014 [Test worker] DEBUG o.a.h.impl.execchain.MainClientExec - Executing request GET /containers/json?all=true HTTP/1.1
02:44:29.014 [Test worker] DEBUG o.a.h.impl.execchain.MainClientExec - Target auth state: UNCHALLENGED
02:44:29.015 [Test worker] DEBUG o.a.h.impl.execchain.MainClientExec - Proxy auth state: UNCHALLENGED
02:44:29.015 [Test worker] DEBUG org.apache.http.headers - http-outgoing-57 >> GET /containers/json?all=true HTTP/1.1
02:44:29.015 [Test worker] DEBUG org.apache.http.headers - http-outgoing-57 >> Accept: application/json
02:44:29.015 [Test worker] DEBUG org.apache.http.headers - http-outgoing-57 >> User-Agent: Jersey/2.23.1 (Apache HttpClient 4.5.1)
02:44:29.015 [Test worker] DEBUG org.apache.http.headers - http-outgoing-57 >> Host: localhost:2375
02:44:29.016 [Test worker] DEBUG org.apache.http.headers - http-outgoing-57 >> Connection: Keep-Alive
02:44:29.016 [Test worker] DEBUG org.apache.http.headers - http-outgoing-57 >> Accept-Encoding: gzip,deflate
02:44:29.016 [Test worker] DEBUG org.apache.http.wire - http-outgoing-57 >> "GET /containers/json?all=true HTTP/1.1[\r][\n]"
02:44:29.016 [Test worker] DEBUG org.apache.http.wire - http-outgoing-57 >> "Accept: application/json[\r][\n]"
02:44:29.016 [Test worker] DEBUG org.apache.http.wire - http-outgoing-57 >> "User-Agent: Jersey/2.23.1 (Apache HttpClient 4.5.1)[\r][\n]"
02:44:29.016 [Test worker] DEBUG org.apache.http.wire - http-outgoing-57 >> "Host: localhost:2375[\r][\n]"
02:44:29.018 [Test worker] DEBUG org.apache.http.wire - http-outgoing-57 >> "Connection: Keep-Alive[\r][\n]"
02:44:29.018 [Test worker] DEBUG org.apache.http.wire - http-outgoing-57 >> "Accept-Encoding: gzip,deflate[\r][\n]"
02:44:29.019 [Test worker] DEBUG org.apache.http.wire - http-outgoing-57 >> "[\r][\n]"
02:44:29.019 [Test worker] DEBUG org.apache.http.wire - http-outgoing-57 << "HTTP/1.1 200 OK[\r][\n]"
02:44:29.019 [Test worker] DEBUG org.apache.http.wire - http-outgoing-57 << "Content-Type: application/json[\r][\n]"
02:44:29.019 [Test worker] DEBUG org.apache.http.wire - http-outgoing-57 << "Server: Docker/1.12.1 (linux)[\r][\n]"
02:44:29.019 [Test worker] DEBUG org.apache.http.wire - http-outgoing-57 << "Date: Tue, 18 Oct 2016 00:44:29 GMT[\r][\n]"
02:44:29.019 [Test worker] DEBUG org.apache.http.wire - http-outgoing-57 << "Content-Length: 783[\r][\n]"
02:44:29.019 [Test worker] DEBUG org.apache.http.wire - http-outgoing-57 << "[\r][\n]"
02:44:29.019 [Test worker] DEBUG org.apache.http.wire - http-outgoing-57 << "[{"Id":"4426cce3edda29046adab4205ce79753695d3cd21a0db97e97c91133702a6a67","Names":["/MyContainer"],"Image":"ubuntu","ImageID":"sha256:f753707788c5c100f194ce0a73058faae1a457774efcda6c1469544a114f8644","Command":"sleep 99999","Created":1476751468,"Ports":[],"Labels":{},"State":"running","Status":"Up Less than a second","HostConfig":{"NetworkMode":"default"},"NetworkSettings":{"Networks":{"bridge":{"IPAMConfig":null,"Links":null,"Aliases":null,"NetworkID":"90941628611ab58d4fa4db6bcd1806afb9bf994c4562bea7ae3dc9153b373da5","EndpointID":"dada7f12efe6a5c4d8ff37e1f770ca467133a4da2506a509e7f7b04a8d6e3a54","Gateway":"172.17.0.1","IPAddress":"172.17.0.2","IPPrefixLen":16,"IPv6Gateway":"","GlobalIPv6Address":"","GlobalIPv6PrefixLen":0,"MacAddress":"02:42:ac:11:00:02"}}},"Mounts":[]}][\n]"
02:44:29.019 [Test worker] DEBUG org.apache.http.headers - http-outgoing-57 << HTTP/1.1 200 OK
02:44:29.019 [Test worker] DEBUG org.apache.http.headers - http-outgoing-57 << Content-Type: application/json
02:44:29.020 [Test worker] DEBUG org.apache.http.headers - http-outgoing-57 << Server: Docker/1.12.1 (linux)
02:44:29.020 [Test worker] DEBUG org.apache.http.headers - http-outgoing-57 << Date: Tue, 18 Oct 2016 00:44:29 GMT
02:44:29.020 [Test worker] DEBUG org.apache.http.headers - http-outgoing-57 << Content-Length: 783
02:44:29.020 [Test worker] DEBUG o.a.h.impl.execchain.MainClientExec - Connection can be kept alive indefinitely
02:44:29.020 [Test worker] DEBUG c.g.d.j.JerseyDockerCmdExecFactory - 2 * Client response received on thread Test worker
2 < 200
2 < Content-Length: 783
2 < Content-Type: application/json
2 < Date: Tue, 18 Oct 2016 00:44:29 GMT
2 < Server: Docker/1.12.1 (linux)
[{"Id":"4426cce3edda29046adab4205ce79753695d3cd21a0db97e97c91133702a6a67","Names":["/MyContainer"],"Image":"ubuntu","ImageID":"sha256:f753707788c5c100f194ce0a73058faae1a457774efcda6c1469544a114f8644","Command":"sleep 99999","Created":1476751468,"Ports":[],"Labels":{},"State":"running","Status":"Up Less than a second","HostConfig":{"NetworkMode":"default"},"NetworkSettings":{"Networks":{"bridge":{"IPAMConfig":null,"Links":null,"Aliases":null,"NetworkID":"90941628611ab58d4fa4db6bcd1806afb9bf994c4562bea7ae3dc9153b373da5","EndpointID":"dada7f12efe6a5c4d8ff37e1f770ca467133a4da2506a509e7f7b04a8d6e3a54","Gateway":"172.17.0.1","IPAddress":"172.17.0.2","IPPrefixLen":16,"IPv6Gateway":"","GlobalIPv6Address":"","GlobalIPv6PrefixLen":0,"MacAddress":"02:42:ac:11:00:02"}}},"Mounts":[]}]


02:44:29.027 [Test worker] DEBUG o.a.h.i.c.DefaultManagedHttpClientConnection - http-outgoing-57: Close connection
02:44:29.028 [Test worker] DEBUG o.a.h.impl.execchain.MainClientExec - Connection discarded
02:44:29.028 [Test worker] DEBUG c.g.d.j.JerseyDockerCmdExecFactory$1 - Connection released: [id: 57][route: {}->http://localhost:2375][total kept alive: 0; route allocated: 0 of 2; total allocated: 0 of 20]
02:44:29.029 [Test worker] DEBUG c.g.d.core.command.AbstrDockerCmd - Cmd: ListImagesCmdImpl[imageNameFilter=<null>,showAll=true,filters=com.github.dockerjava.core.util.FiltersBuilder@0,execution=com.github.dockerjava.jaxrs.ListImagesCmdExec@6ef93d8a]
02:44:29.040 [Test worker] DEBUG c.g.d.j.JerseyDockerCmdExecFactory - 1 * Sending client request on thread Test worker
1 > GET http://localhost:2375/images/json?all=true
1 > Accept: application/json

02:44:29.041 [Test worker] DEBUG o.a.h.c.protocol.RequestAddCookies - CookieSpec selected: default
02:44:29.041 [Test worker] DEBUG o.a.h.c.protocol.RequestAuthCache - Auth cache not set in the context
02:44:29.041 [Test worker] DEBUG c.g.d.j.JerseyDockerCmdExecFactory$1 - Connection request: [route: {}->http://localhost:2375][total kept alive: 0; route allocated: 0 of 2; total allocated: 0 of 20]
02:44:29.041 [Test worker] DEBUG c.g.d.j.JerseyDockerCmdExecFactory$1 - Connection leased: [id: 58][route: {}->http://localhost:2375][total kept alive: 0; route allocated: 1 of 2; total allocated: 1 of 20]
02:44:29.041 [Test worker] DEBUG o.a.h.impl.execchain.MainClientExec - Opening connection {}->http://localhost:2375
02:44:29.041 [Test worker] DEBUG o.a.h.i.c.DefaultHttpClientConnectionOperator - Connecting to localhost/127.0.0.1:2375
02:44:29.042 [Test worker] DEBUG o.a.h.i.c.DefaultHttpClientConnectionOperator - Connection established 127.0.0.1:57116<->127.0.0.1:2375
02:44:29.042 [Test worker] DEBUG o.a.h.impl.execchain.MainClientExec - Executing request GET /images/json?all=true HTTP/1.1
02:44:29.042 [Test worker] DEBUG o.a.h.impl.execchain.MainClientExec - Target auth state: UNCHALLENGED
02:44:29.042 [Test worker] DEBUG o.a.h.impl.execchain.MainClientExec - Proxy auth state: UNCHALLENGED
02:44:29.042 [Test worker] DEBUG org.apache.http.headers - http-outgoing-58 >> GET /images/json?all=true HTTP/1.1
02:44:29.042 [Test worker] DEBUG org.apache.http.headers - http-outgoing-58 >> Accept: application/json
02:44:29.042 [Test worker] DEBUG org.apache.http.headers - http-outgoing-58 >> User-Agent: Jersey/2.23.1 (Apache HttpClient 4.5.1)
02:44:29.042 [Test worker] DEBUG org.apache.http.headers - http-outgoing-58 >> Host: localhost:2375
02:44:29.042 [Test worker] DEBUG org.apache.http.headers - http-outgoing-58 >> Connection: Keep-Alive
02:44:29.042 [Test worker] DEBUG org.apache.http.headers - http-outgoing-58 >> Accept-Encoding: gzip,deflate
02:44:29.042 [Test worker] DEBUG org.apache.http.wire - http-outgoing-58 >> "GET /images/json?all=true HTTP/1.1[\r][\n]"
02:44:29.042 [Test worker] DEBUG org.apache.http.wire - http-outgoing-58 >> "Accept: application/json[\r][\n]"
02:44:29.043 [Test worker] DEBUG org.apache.http.wire - http-outgoing-58 >> "User-Agent: Jersey/2.23.1 (Apache HttpClient 4.5.1)[\r][\n]"
02:44:29.043 [Test worker] DEBUG org.apache.http.wire - http-outgoing-58 >> "Host: localhost:2375[\r][\n]"
02:44:29.043 [Test worker] DEBUG org.apache.http.wire - http-outgoing-58 >> "Connection: Keep-Alive[\r][\n]"
02:44:29.043 [Test worker] DEBUG org.apache.http.wire - http-outgoing-58 >> "Accept-Encoding: gzip,deflate[\r][\n]"
02:44:29.043 [Test worker] DEBUG org.apache.http.wire - http-outgoing-58 >> "[\r][\n]"
02:44:29.044 [Test worker] DEBUG org.apache.http.wire - http-outgoing-58 << "HTTP/1.1 200 OK[\r][\n]"
02:44:29.044 [Test worker] DEBUG org.apache.http.wire - http-outgoing-58 << "Content-Type: application/json[\r][\n]"
02:44:29.044 [Test worker] DEBUG org.apache.http.wire - http-outgoing-58 << "Server: Docker/1.12.1 (linux)[\r][\n]"
02:44:29.044 [Test worker] DEBUG org.apache.http.wire - http-outgoing-58 << "Date: Tue, 18 Oct 2016 00:44:29 GMT[\r][\n]"
02:44:29.044 [Test worker] DEBUG org.apache.http.wire - http-outgoing-58 << "Content-Length: 1215[\r][\n]"
02:44:29.044 [Test worker] DEBUG org.apache.http.wire - http-outgoing-58 << "[\r][\n]"
02:44:29.044 [Test worker] DEBUG org.apache.http.wire - http-outgoing-58 << "[{"Id":"sha256:f753707788c5c100f194ce0a73058faae1a457774efcda6c1469544a114f8644","ParentId":"","RepoTags":["ubuntu:latest"],"RepoDigests":["ubuntu@sha256:2d44ae143feeb36f4c898d32ed2ab2dffeb3a573d2d8928646dfc9cb7deb1315"],"Created":1476393201,"Size":127161487,"VirtualSize":127161487,"Labels":{}},{"Id":"sha256:d654de4499473ed41349b54a988b6f46a7fc92e3fa2d61e102bf2660a0116e25","ParentId":"","RepoTags":["sakib37/iperf3:latest"],"RepoDigests":["sakib37/iperf3@sha256:8d80a810f8f508c074b14d02555f20110eac382c8dbda7252075392983629d40"],"Created":1474907599,"Size":199456654,"VirtualSize":199456654,"Labels":{}},{"Id":"sha256:45bc58500fa3d3c0d67233d4a7798134b46b486af1389ca87000c543f46c3d24","ParentId":"","RepoTags":["ubuntu:16.04"],"RepoDigests":["ubuntu@sha256:3235a49037919e99696d97df8d8a230717272d848ee4ddadbca8d54f97ee30cb"],"Created":1474304481,"Size":126872298,"VirtualSize":126872298,"Labels":{}},{"Id":"sha256:6fae60ef344644649a39240b94d73b8ba9c67f898ede85cf8e947a887b3e6557","ParentId":"","RepoTags":["training/webapp:latest"],"RepoDigests":["training/webapp@sha256:06e9c1983bd6d5db5fba376ccd63bfa529e8d02f23d5079b8f74a616308fb11d"],"Created":1431710615,"Size":348791356,"VirtualSize":348791356,"Labels":{}}][\n]"
02:44:29.045 [Test worker] DEBUG org.apache.http.headers - http-outgoing-58 << HTTP/1.1 200 OK
02:44:29.045 [Test worker] DEBUG org.apache.http.headers - http-outgoing-58 << Content-Type: application/json
02:44:29.045 [Test worker] DEBUG org.apache.http.headers - http-outgoing-58 << Server: Docker/1.12.1 (linux)
02:44:29.045 [Test worker] DEBUG org.apache.http.headers - http-outgoing-58 << Date: Tue, 18 Oct 2016 00:44:29 GMT
02:44:29.045 [Test worker] DEBUG org.apache.http.headers - http-outgoing-58 << Content-Length: 1215
02:44:29.045 [Test worker] DEBUG o.a.h.impl.execchain.MainClientExec - Connection can be kept alive indefinitely
02:44:29.045 [Test worker] DEBUG c.g.d.j.JerseyDockerCmdExecFactory - 2 * Client response received on thread Test worker
2 < 200
2 < Content-Length: 1215
2 < Content-Type: application/json
2 < Date: Tue, 18 Oct 2016 00:44:29 GMT
2 < Server: Docker/1.12.1 (linux)
[{"Id":"sha256:f753707788c5c100f194ce0a73058faae1a457774efcda6c1469544a114f8644","ParentId":"","RepoTags":["ubuntu:latest"],"RepoDigests":["ubuntu@sha256:2d44ae143feeb36f4c898d32ed2ab2dffeb3a573d2d8928646dfc9cb7deb1315"],"Created":1476393201,"Size":127161487,"VirtualSize":127161487,"Labels":{}},{"Id":"sha256:d654de4499473ed41349b54a988b6f46a7fc92e3fa2d61e102bf2660a0116e25","ParentId":"","RepoTags":["sakib37/iperf3:latest"],"RepoDigests":["sakib37/iperf3@sha256:8d80a810f8f508c074b14d02555f20110eac382c8dbda7252075392983629d40"],"Created":1474907599,"Size":199456654,"VirtualSize":199456654,"Labels":{}},{"Id":"sha256:45bc58500fa3d3c0d67233d4a7798134b46b486af1389ca87000c543f46c3d24","ParentId":"","RepoTags":["ubuntu:16.04"],"RepoDigests":["ubuntu@sha256:3235a49037919e99696d97df8d8a230717272d848ee4ddadbca8d54f97ee30cb"],"Created":1474304481,"Size":126872298,"VirtualSize":126872298,"Labels":{}},{"Id":"sha256:6fae60ef344644649a39240b94d73b8ba9c67f898ede85cf8e947a887b3e6557","ParentId":"","RepoTags":["training/webapp:latest"],"RepoDigests":["training/webapp@sha256:06e9c1983bd6d5db5fba376ccd63bfa529e8d02f23d5079b8f74a616308fb11d"],"Created":1431710615,"Size":348791356,"VirtualSize":348791356,"Labels":{}}]


02:44:29.047 [Test worker] DEBUG o.a.h.i.c.DefaultManagedHttpClientConnection - http-outgoing-58: Close connection
02:44:29.048 [Test worker] DEBUG o.a.h.impl.execchain.MainClientExec - Connection discarded
02:44:29.048 [Test worker] DEBUG c.g.d.j.JerseyDockerCmdExecFactory$1 - Connection released: [id: 58][route: {}->http://localhost:2375][total kept alive: 0; route allocated: 0 of 2; total allocated: 0 of 20]
02:44:29.048 [Test worker] DEBUG org.openbaton.docker.DockerVim - Found a docker image, transformed into a NFV Image Image{id='sha256:f753707788c5c100f194ce0a73058faae1a457774efcda6c1469544a114f8644', name='ubuntu', version=0, extId='null', minRam='0', minDiskSpace='0', minCPU='null', public='true', diskFormat='null', containerFormat='docker', created='Sun Jan 18 03:06:33 CET 1970', updated='null'}
02:44:29.049 [Test worker] DEBUG c.g.d.core.command.AbstrDockerCmd - Cmd: 4426cce3edda29046adab4205ce79753695d3cd21a0db97e97c91133702a6a67,2,com.github.dockerjava.jaxrs.StopContainerCmdExec@105adfbe
02:44:29.063 [Test worker] DEBUG c.g.d.j.JerseyDockerCmdExecFactory - 1 * Sending client request on thread Test worker
1 > POST http://localhost:2375/containers/4426cce3edda29046adab4205ce79753695d3cd21a0db97e97c91133702a6a67/stop?t=2
1 > Accept: application/json

02:44:29.064 [Test worker] DEBUG o.a.h.c.protocol.RequestAddCookies - CookieSpec selected: default
02:44:29.064 [Test worker] DEBUG o.a.h.c.protocol.RequestAuthCache - Auth cache not set in the context
02:44:29.064 [Test worker] DEBUG c.g.d.j.JerseyDockerCmdExecFactory$1 - Connection request: [route: {}->http://localhost:2375][total kept alive: 0; route allocated: 0 of 2; total allocated: 0 of 20]
02:44:29.064 [Test worker] DEBUG c.g.d.j.JerseyDockerCmdExecFactory$1 - Connection leased: [id: 59][route: {}->http://localhost:2375][total kept alive: 0; route allocated: 1 of 2; total allocated: 1 of 20]
02:44:29.064 [Test worker] DEBUG o.a.h.impl.execchain.MainClientExec - Opening connection {}->http://localhost:2375
02:44:29.065 [Test worker] DEBUG o.a.h.i.c.DefaultHttpClientConnectionOperator - Connecting to localhost/127.0.0.1:2375
02:44:29.065 [Test worker] DEBUG o.a.h.i.c.DefaultHttpClientConnectionOperator - Connection established 127.0.0.1:57118<->127.0.0.1:2375
02:44:29.065 [Test worker] DEBUG o.a.h.impl.execchain.MainClientExec - Executing request POST /containers/4426cce3edda29046adab4205ce79753695d3cd21a0db97e97c91133702a6a67/stop?t=2 HTTP/1.1
02:44:29.065 [Test worker] DEBUG o.a.h.impl.execchain.MainClientExec - Target auth state: UNCHALLENGED
02:44:29.065 [Test worker] DEBUG o.a.h.impl.execchain.MainClientExec - Proxy auth state: UNCHALLENGED
02:44:29.065 [Test worker] DEBUG org.apache.http.headers - http-outgoing-59 >> POST /containers/4426cce3edda29046adab4205ce79753695d3cd21a0db97e97c91133702a6a67/stop?t=2 HTTP/1.1
02:44:29.065 [Test worker] DEBUG org.apache.http.headers - http-outgoing-59 >> Accept: application/json
02:44:29.065 [Test worker] DEBUG org.apache.http.headers - http-outgoing-59 >> User-Agent: Jersey/2.23.1 (Apache HttpClient 4.5.1)
02:44:29.066 [Test worker] DEBUG org.apache.http.headers - http-outgoing-59 >> Host: localhost:2375
02:44:29.066 [Test worker] DEBUG org.apache.http.headers - http-outgoing-59 >> Connection: Keep-Alive
02:44:29.066 [Test worker] DEBUG org.apache.http.headers - http-outgoing-59 >> Accept-Encoding: gzip,deflate
02:44:29.066 [Test worker] DEBUG org.apache.http.wire - http-outgoing-59 >> "POST /containers/4426cce3edda29046adab4205ce79753695d3cd21a0db97e97c91133702a6a67/stop?t=2 HTTP/1.1[\r][\n]"
02:44:29.066 [Test worker] DEBUG org.apache.http.wire - http-outgoing-59 >> "Accept: application/json[\r][\n]"
02:44:29.066 [Test worker] DEBUG org.apache.http.wire - http-outgoing-59 >> "User-Agent: Jersey/2.23.1 (Apache HttpClient 4.5.1)[\r][\n]"
02:44:29.066 [Test worker] DEBUG org.apache.http.wire - http-outgoing-59 >> "Host: localhost:2375[\r][\n]"
02:44:29.066 [Test worker] DEBUG org.apache.http.wire - http-outgoing-59 >> "Connection: Keep-Alive[\r][\n]"
02:44:29.066 [Test worker] DEBUG org.apache.http.wire - http-outgoing-59 >> "Accept-Encoding: gzip,deflate[\r][\n]"
02:44:29.066 [Test worker] DEBUG org.apache.http.wire - http-outgoing-59 >> "[\r][\n]"
02:44:31.145 [Test worker] DEBUG org.apache.http.wire - http-outgoing-59 << "HTTP/1.1 204 No Content[\r][\n]"
02:44:31.145 [Test worker] DEBUG org.apache.http.wire - http-outgoing-59 << "Server: Docker/1.12.1 (linux)[\r][\n]"
02:44:31.145 [Test worker] DEBUG org.apache.http.wire - http-outgoing-59 << "Date: Tue, 18 Oct 2016 00:44:31 GMT[\r][\n]"
02:44:31.145 [Test worker] DEBUG org.apache.http.wire - http-outgoing-59 << "[\r][\n]"
02:44:31.145 [Test worker] DEBUG org.apache.http.headers - http-outgoing-59 << HTTP/1.1 204 No Content
02:44:31.145 [Test worker] DEBUG org.apache.http.headers - http-outgoing-59 << Server: Docker/1.12.1 (linux)
02:44:31.145 [Test worker] DEBUG org.apache.http.headers - http-outgoing-59 << Date: Tue, 18 Oct 2016 00:44:31 GMT
02:44:31.145 [Test worker] DEBUG o.a.h.impl.execchain.MainClientExec - Connection can be kept alive indefinitely
02:44:31.145 [Test worker] DEBUG c.g.d.j.JerseyDockerCmdExecFactory$1 - Connection [id: 59][route: {}->http://localhost:2375] can be kept alive indefinitely
02:44:31.145 [Test worker] DEBUG c.g.d.j.JerseyDockerCmdExecFactory$1 - Connection released: [id: 59][route: {}->http://localhost:2375][total kept alive: 1; route allocated: 1 of 2; total allocated: 1 of 20]
02:44:31.145 [Test worker] DEBUG c.g.d.j.JerseyDockerCmdExecFactory - 2 * Client response received on thread Test worker
2 < 204
2 < Date: Tue, 18 Oct 2016 00:44:31 GMT
2 < Server: Docker/1.12.1 (linux)

02:44:31.146 [Test worker] DEBUG c.g.d.core.command.AbstrDockerCmd - Cmd: 4426cce3edda29046adab4205ce79753695d3cd21a0db97e97c91133702a6a67,<null>,<null>,com.github.dockerjava.jaxrs.RemoveContainerCmdExec@699f17b1
02:44:31.146 [Test worker] DEBUG c.g.d.j.JerseyDockerCmdExecFactory - 3 * Sending client request on thread Test worker
3 > DELETE http://localhost:2375/containers/4426cce3edda29046adab4205ce79753695d3cd21a0db97e97c91133702a6a67
3 > Accept: application/json

02:44:31.146 [Test worker] DEBUG o.a.h.c.protocol.RequestAddCookies - CookieSpec selected: default
02:44:31.146 [Test worker] DEBUG o.a.h.c.protocol.RequestAuthCache - Auth cache not set in the context
02:44:31.146 [Test worker] DEBUG c.g.d.j.JerseyDockerCmdExecFactory$1 - Connection request: [route: {}->http://localhost:2375][total kept alive: 1; route allocated: 1 of 2; total allocated: 1 of 20]
02:44:31.146 [Test worker] DEBUG c.g.d.j.JerseyDockerCmdExecFactory$1 - Connection leased: [id: 59][route: {}->http://localhost:2375][total kept alive: 0; route allocated: 1 of 2; total allocated: 1 of 20]
02:44:31.146 [Test worker] DEBUG o.a.h.impl.execchain.MainClientExec - Executing request DELETE /containers/4426cce3edda29046adab4205ce79753695d3cd21a0db97e97c91133702a6a67 HTTP/1.1
02:44:31.146 [Test worker] DEBUG o.a.h.impl.execchain.MainClientExec - Target auth state: UNCHALLENGED
02:44:31.146 [Test worker] DEBUG o.a.h.impl.execchain.MainClientExec - Proxy auth state: UNCHALLENGED
02:44:31.146 [Test worker] DEBUG org.apache.http.headers - http-outgoing-59 >> DELETE /containers/4426cce3edda29046adab4205ce79753695d3cd21a0db97e97c91133702a6a67 HTTP/1.1
02:44:31.146 [Test worker] DEBUG org.apache.http.headers - http-outgoing-59 >> Accept: application/json
02:44:31.146 [Test worker] DEBUG org.apache.http.headers - http-outgoing-59 >> User-Agent: Jersey/2.23.1 (Apache HttpClient 4.5.1)
02:44:31.146 [Test worker] DEBUG org.apache.http.headers - http-outgoing-59 >> Host: localhost:2375
02:44:31.146 [Test worker] DEBUG org.apache.http.headers - http-outgoing-59 >> Connection: Keep-Alive
02:44:31.146 [Test worker] DEBUG org.apache.http.headers - http-outgoing-59 >> Accept-Encoding: gzip,deflate
02:44:31.146 [Test worker] DEBUG org.apache.http.wire - http-outgoing-59 >> "DELETE /containers/4426cce3edda29046adab4205ce79753695d3cd21a0db97e97c91133702a6a67 HTTP/1.1[\r][\n]"
02:44:31.146 [Test worker] DEBUG org.apache.http.wire - http-outgoing-59 >> "Accept: application/json[\r][\n]"
02:44:31.146 [Test worker] DEBUG org.apache.http.wire - http-outgoing-59 >> "User-Agent: Jersey/2.23.1 (Apache HttpClient 4.5.1)[\r][\n]"
02:44:31.146 [Test worker] DEBUG org.apache.http.wire - http-outgoing-59 >> "Host: localhost:2375[\r][\n]"
02:44:31.146 [Test worker] DEBUG org.apache.http.wire - http-outgoing-59 >> "Connection: Keep-Alive[\r][\n]"
02:44:31.146 [Test worker] DEBUG org.apache.http.wire - http-outgoing-59 >> "Accept-Encoding: gzip,deflate[\r][\n]"
02:44:31.146 [Test worker] DEBUG org.apache.http.wire - http-outgoing-59 >> "[\r][\n]"
02:44:31.150 [Test worker] DEBUG org.apache.http.wire - http-outgoing-59 << "HTTP/1.1 204 No Content[\r][\n]"
02:44:31.150 [Test worker] DEBUG org.apache.http.wire - http-outgoing-59 << "Server: Docker/1.12.1 (linux)[\r][\n]"
02:44:31.150 [Test worker] DEBUG org.apache.http.wire - http-outgoing-59 << "Date: Tue, 18 Oct 2016 00:44:31 GMT[\r][\n]"
02:44:31.150 [Test worker] DEBUG org.apache.http.wire - http-outgoing-59 << "[\r][\n]"
02:44:31.151 [Test worker] DEBUG org.apache.http.headers - http-outgoing-59 << HTTP/1.1 204 No Content
02:44:31.151 [Test worker] DEBUG org.apache.http.headers - http-outgoing-59 << Server: Docker/1.12.1 (linux)
02:44:31.151 [Test worker] DEBUG org.apache.http.headers - http-outgoing-59 << Date: Tue, 18 Oct 2016 00:44:31 GMT
02:44:31.151 [Test worker] DEBUG o.a.h.impl.execchain.MainClientExec - Connection can be kept alive indefinitely
02:44:31.151 [Test worker] DEBUG c.g.d.j.JerseyDockerCmdExecFactory$1 - Connection [id: 59][route: {}->http://localhost:2375] can be kept alive indefinitely
02:44:31.151 [Test worker] DEBUG c.g.d.j.JerseyDockerCmdExecFactory$1 - Connection released: [id: 59][route: {}->http://localhost:2375][total kept alive: 1; route allocated: 1 of 2; total allocated: 1 of 20]
02:44:31.151 [Test worker] DEBUG c.g.d.j.JerseyDockerCmdExecFactory - 4 * Client response received on thread Test worker
4 < 204
4 < Date: Tue, 18 Oct 2016 00:44:31 GMT
4 < Server: Docker/1.12.1 (linux)

02:44:31.151 [Test worker] DEBUG org.openbaton.docker.DockerVim - Server deleted successfully
02:44:31.155 [Test worker] DEBUG c.g.d.core.command.AbstrDockerCmd - Cmd: com.github.dockerjava.core.util.FiltersBuilder@0,com.github.dockerjava.jaxrs.ListNetworksCmdExec@53ccaac7
02:44:31.168 [Test worker] DEBUG c.g.d.j.JerseyDockerCmdExecFactory - 1 * Sending client request on thread Test worker
1 > GET http://localhost:2375/networks
1 > Accept: application/json

02:44:31.169 [Test worker] DEBUG o.a.h.c.protocol.RequestAddCookies - CookieSpec selected: default
02:44:31.169 [Test worker] DEBUG o.a.h.c.protocol.RequestAuthCache - Auth cache not set in the context
02:44:31.169 [Test worker] DEBUG c.g.d.j.JerseyDockerCmdExecFactory$1 - Connection request: [route: {}->http://localhost:2375][total kept alive: 0; route allocated: 0 of 2; total allocated: 0 of 20]
02:44:31.169 [Test worker] DEBUG c.g.d.j.JerseyDockerCmdExecFactory$1 - Connection leased: [id: 60][route: {}->http://localhost:2375][total kept alive: 0; route allocated: 1 of 2; total allocated: 1 of 20]
02:44:31.169 [Test worker] DEBUG o.a.h.impl.execchain.MainClientExec - Opening connection {}->http://localhost:2375
02:44:31.169 [Test worker] DEBUG o.a.h.i.c.DefaultHttpClientConnectionOperator - Connecting to localhost/127.0.0.1:2375
02:44:31.170 [Test worker] DEBUG o.a.h.i.c.DefaultHttpClientConnectionOperator - Connection established 127.0.0.1:57122<->127.0.0.1:2375
02:44:31.170 [Test worker] DEBUG o.a.h.impl.execchain.MainClientExec - Executing request GET /networks HTTP/1.1
02:44:31.170 [Test worker] DEBUG o.a.h.impl.execchain.MainClientExec - Target auth state: UNCHALLENGED
02:44:31.170 [Test worker] DEBUG o.a.h.impl.execchain.MainClientExec - Proxy auth state: UNCHALLENGED
02:44:31.170 [Test worker] DEBUG org.apache.http.headers - http-outgoing-60 >> GET /networks HTTP/1.1
02:44:31.170 [Test worker] DEBUG org.apache.http.headers - http-outgoing-60 >> Accept: application/json
02:44:31.170 [Test worker] DEBUG org.apache.http.headers - http-outgoing-60 >> User-Agent: Jersey/2.23.1 (Apache HttpClient 4.5.1)
02:44:31.170 [Test worker] DEBUG org.apache.http.headers - http-outgoing-60 >> Host: localhost:2375
02:44:31.170 [Test worker] DEBUG org.apache.http.headers - http-outgoing-60 >> Connection: Keep-Alive
02:44:31.170 [Test worker] DEBUG org.apache.http.headers - http-outgoing-60 >> Accept-Encoding: gzip,deflate
02:44:31.170 [Test worker] DEBUG org.apache.http.wire - http-outgoing-60 >> "GET /networks HTTP/1.1[\r][\n]"
02:44:31.171 [Test worker] DEBUG org.apache.http.wire - http-outgoing-60 >> "Accept: application/json[\r][\n]"
02:44:31.171 [Test worker] DEBUG org.apache.http.wire - http-outgoing-60 >> "User-Agent: Jersey/2.23.1 (Apache HttpClient 4.5.1)[\r][\n]"
02:44:31.171 [Test worker] DEBUG org.apache.http.wire - http-outgoing-60 >> "Host: localhost:2375[\r][\n]"
02:44:31.172 [Test worker] DEBUG org.apache.http.wire - http-outgoing-60 >> "Connection: Keep-Alive[\r][\n]"
02:44:31.172 [Test worker] DEBUG org.apache.http.wire - http-outgoing-60 >> "Accept-Encoding: gzip,deflate[\r][\n]"
02:44:31.172 [Test worker] DEBUG org.apache.http.wire - http-outgoing-60 >> "[\r][\n]"
02:44:31.172 [Test worker] DEBUG org.apache.http.wire - http-outgoing-60 << "HTTP/1.1 200 OK[\r][\n]"
02:44:31.172 [Test worker] DEBUG org.apache.http.wire - http-outgoing-60 << "Content-Type: application/json[\r][\n]"
02:44:31.172 [Test worker] DEBUG org.apache.http.wire - http-outgoing-60 << "Server: Docker/1.12.1 (linux)[\r][\n]"
02:44:31.172 [Test worker] DEBUG org.apache.http.wire - http-outgoing-60 << "Date: Tue, 18 Oct 2016 00:44:31 GMT[\r][\n]"
02:44:31.172 [Test worker] DEBUG org.apache.http.wire - http-outgoing-60 << "Content-Length: 1408[\r][\n]"
02:44:31.172 [Test worker] DEBUG org.apache.http.wire - http-outgoing-60 << "[\r][\n]"
02:44:31.173 [Test worker] DEBUG org.apache.http.wire - http-outgoing-60 << "[{"Name":"bridge","Id":"90941628611ab58d4fa4db6bcd1806afb9bf994c4562bea7ae3dc9153b373da5","Scope":"local","Driver":"bridge","EnableIPv6":false,"IPAM":{"Driver":"default","Options":null,"Config":[{"Subnet":"172.17.0.0/16","Gateway":"172.17.0.1"}]},"Internal":false,"Containers":{},"Options":{"com.docker.network.bridge.default_bridge":"true","com.docker.network.bridge.enable_icc":"true","com.docker.network.bridge.enable_ip_masquerade":"true","com.docker.network.bridge.host_binding_ipv4":"0.0.0.0","com.docker.network.bridge.name":"docker0","com.docker.network.driver.mtu":"1500"},"Labels":{}},{"Name":"none","Id":"4d89c194eb79cd2beb38458d10a1b98c74d6b8462af72afde29ae7aca53ed5ca","Scope":"local","Driver":"null","EnableIPv6":false,"IPAM":{"Driver":"default","Options":null,"Config":[]},"Internal":false,"Containers":{},"Options":{},"Labels":{}},{"Name":"host","Id":"fe042b0866671b5be4f097ba43830c0a02959c058702d18e18c14a24d88a357d","Scope":"local","Driver":"host","EnableIPv6":false,"IPAM":{"Driver":"default","Options":null,"Config":[]},"Internal":false,"Containers":{},"Options":{},"Labels":{}},{"Name":"MyNetwork","Id":"8e30ada5fdca0ac1fad825b323c8ceaa6edf7db979ce52eeb64f657318f9b03f","Scope":"local","Driver":"bridge","EnableIPv6":false,"IPAM":{"Driver":"default","Options":null,"Config":[{"Subnet":"172.19.0.0/16","Gateway":"172.19.0.1"}]},"Internal":false,"Containers":{},"Options":{},"Labels":{}}][\n]"
02:44:31.173 [Test worker] DEBUG org.apache.http.headers - http-outgoing-60 << HTTP/1.1 200 OK
02:44:31.173 [Test worker] DEBUG org.apache.http.headers - http-outgoing-60 << Content-Type: application/json
02:44:31.173 [Test worker] DEBUG org.apache.http.headers - http-outgoing-60 << Server: Docker/1.12.1 (linux)
02:44:31.173 [Test worker] DEBUG org.apache.http.headers - http-outgoing-60 << Date: Tue, 18 Oct 2016 00:44:31 GMT
02:44:31.173 [Test worker] DEBUG org.apache.http.headers - http-outgoing-60 << Content-Length: 1408
02:44:31.173 [Test worker] DEBUG o.a.h.impl.execchain.MainClientExec - Connection can be kept alive indefinitely
02:44:31.173 [Test worker] DEBUG c.g.d.j.JerseyDockerCmdExecFactory - 2 * Client response received on thread Test worker
2 < 200
2 < Content-Length: 1408
2 < Content-Type: application/json
2 < Date: Tue, 18 Oct 2016 00:44:31 GMT
2 < Server: Docker/1.12.1 (linux)
[{"Name":"bridge","Id":"90941628611ab58d4fa4db6bcd1806afb9bf994c4562bea7ae3dc9153b373da5","Scope":"local","Driver":"bridge","EnableIPv6":false,"IPAM":{"Driver":"default","Options":null,"Config":[{"Subnet":"172.17.0.0/16","Gateway":"172.17.0.1"}]},"Internal":false,"Containers":{},"Options":{"com.docker.network.bridge.default_bridge":"true","com.docker.network.bridge.enable_icc":"true","com.docker.network.bridge.enable_ip_masquerade":"true","com.docker.network.bridge.host_binding_ipv4":"0.0.0.0","com.docker.network.bridge.name":"docker0","com.docker.network.driver.mtu":"1500"},"Labels":{}},{"Name":"none","Id":"4d89c194eb79cd2beb38458d10a1b98c74d6b8462af72afde29ae7aca53ed5ca","Scope":"local","Driver":"null","EnableIPv6":false,"IPAM":{"Driver":"default","Options":null,"Config":[]},"Internal":false,"Containers":{},"Options":{},"Labels":{}},{"Name":"host","Id":"fe042b0866671b5be4f097ba43830c0a02959c058702d18e18c14a24d88a357d","Scope":"local","Driver":"host","EnableIPv6":false,"IPAM":{"Driver":"default","Options":null,"Config":[]},"Internal":false,"Containers":{},"Options":{},"Labels":{}},{"Name":"MyNetwork","Id":"8e30ada5fdca0ac1fad825b323c8ceaa6edf7db979ce52eeb64f657318f9b03f","Scope":"local","Driver":"bridge","EnableIPv6":false,"IPAM":{"Driver":"default","Options":null,"Config":[{"Subnet":"172.19.0.0/16","Gateway":"172.19.0.1"}]},"Internal":false,"Containers":{},"Options":{},"Labels":{}}]


02:44:31.183 [Test worker] DEBUG o.a.h.i.c.DefaultManagedHttpClientConnection - http-outgoing-60: Close connection
02:44:31.183 [Test worker] DEBUG o.a.h.impl.execchain.MainClientExec - Connection discarded
02:44:31.183 [Test worker] DEBUG c.g.d.j.JerseyDockerCmdExecFactory$1 - Connection released: [id: 60][route: {}->http://localhost:2375][total kept alive: 0; route allocated: 0 of 2; total allocated: 0 of 20]
02:44:31.184 [Test worker] DEBUG org.openbaton.docker.DockerVim - Found a docker network, transformed into a NFV network Network{id='8e30ada5fdca0ac1fad825b323c8ceaa6edf7db979ce52eeb64f657318f9b03f', name='MyNetwork', extId='null', external=false, shared=false, subnets=[Subnet{id='null', version=0, name='bridge', extId='null', networkId='172.19.0.0/16', cidr='null', gatewayIp='172.19.0.1'}]}
02:44:31.185 [Test worker] DEBUG c.g.d.core.command.AbstrDockerCmd - Cmd: 8e30ada5fdca0ac1fad825b323c8ceaa6edf7db979ce52eeb64f657318f9b03f,com.github.dockerjava.jaxrs.RemoveNetworkCmdExec@312abfaf
02:44:31.195 [Test worker] DEBUG c.g.d.j.JerseyDockerCmdExecFactory - 1 * Sending client request on thread Test worker
1 > DELETE http://localhost:2375/networks/8e30ada5fdca0ac1fad825b323c8ceaa6edf7db979ce52eeb64f657318f9b03f
1 > Accept: application/json

02:44:31.197 [Test worker] DEBUG o.a.h.c.protocol.RequestAddCookies - CookieSpec selected: default
02:44:31.197 [Test worker] DEBUG o.a.h.c.protocol.RequestAuthCache - Auth cache not set in the context
02:44:31.197 [Test worker] DEBUG c.g.d.j.JerseyDockerCmdExecFactory$1 - Connection request: [route: {}->http://localhost:2375][total kept alive: 0; route allocated: 0 of 2; total allocated: 0 of 20]
02:44:31.198 [Test worker] DEBUG c.g.d.j.JerseyDockerCmdExecFactory$1 - Connection leased: [id: 61][route: {}->http://localhost:2375][total kept alive: 0; route allocated: 1 of 2; total allocated: 1 of 20]
02:44:31.198 [Test worker] DEBUG o.a.h.impl.execchain.MainClientExec - Opening connection {}->http://localhost:2375
02:44:31.198 [Test worker] DEBUG o.a.h.i.c.DefaultHttpClientConnectionOperator - Connecting to localhost/127.0.0.1:2375
02:44:31.198 [Test worker] DEBUG o.a.h.i.c.DefaultHttpClientConnectionOperator - Connection established 127.0.0.1:57124<->127.0.0.1:2375
02:44:31.198 [Test worker] DEBUG o.a.h.impl.execchain.MainClientExec - Executing request DELETE /networks/8e30ada5fdca0ac1fad825b323c8ceaa6edf7db979ce52eeb64f657318f9b03f HTTP/1.1
02:44:31.198 [Test worker] DEBUG o.a.h.impl.execchain.MainClientExec - Target auth state: UNCHALLENGED
02:44:31.198 [Test worker] DEBUG o.a.h.impl.execchain.MainClientExec - Proxy auth state: UNCHALLENGED
02:44:31.198 [Test worker] DEBUG org.apache.http.headers - http-outgoing-61 >> DELETE /networks/8e30ada5fdca0ac1fad825b323c8ceaa6edf7db979ce52eeb64f657318f9b03f HTTP/1.1
02:44:31.198 [Test worker] DEBUG org.apache.http.headers - http-outgoing-61 >> Accept: application/json
02:44:31.199 [Test worker] DEBUG org.apache.http.headers - http-outgoing-61 >> User-Agent: Jersey/2.23.1 (Apache HttpClient 4.5.1)
02:44:31.199 [Test worker] DEBUG org.apache.http.headers - http-outgoing-61 >> Host: localhost:2375
02:44:31.199 [Test worker] DEBUG org.apache.http.headers - http-outgoing-61 >> Connection: Keep-Alive
02:44:31.199 [Test worker] DEBUG org.apache.http.headers - http-outgoing-61 >> Accept-Encoding: gzip,deflate
02:44:31.199 [Test worker] DEBUG org.apache.http.wire - http-outgoing-61 >> "DELETE /networks/8e30ada5fdca0ac1fad825b323c8ceaa6edf7db979ce52eeb64f657318f9b03f HTTP/1.1[\r][\n]"
02:44:31.199 [Test worker] DEBUG org.apache.http.wire - http-outgoing-61 >> "Accept: application/json[\r][\n]"
02:44:31.199 [Test worker] DEBUG org.apache.http.wire - http-outgoing-61 >> "User-Agent: Jersey/2.23.1 (Apache HttpClient 4.5.1)[\r][\n]"
02:44:31.199 [Test worker] DEBUG org.apache.http.wire - http-outgoing-61 >> "Host: localhost:2375[\r][\n]"
02:44:31.199 [Test worker] DEBUG org.apache.http.wire - http-outgoing-61 >> "Connection: Keep-Alive[\r][\n]"
02:44:31.199 [Test worker] DEBUG org.apache.http.wire - http-outgoing-61 >> "Accept-Encoding: gzip,deflate[\r][\n]"
02:44:31.199 [Test worker] DEBUG org.apache.http.wire - http-outgoing-61 >> "[\r][\n]"
02:44:31.237 [Test worker] DEBUG org.apache.http.wire - http-outgoing-61 << "HTTP/1.1 204 No Content[\r][\n]"
02:44:31.237 [Test worker] DEBUG org.apache.http.wire - http-outgoing-61 << "Server: Docker/1.12.1 (linux)[\r][\n]"
02:44:31.238 [Test worker] DEBUG org.apache.http.wire - http-outgoing-61 << "Date: Tue, 18 Oct 2016 00:44:31 GMT[\r][\n]"
02:44:31.238 [Test worker] DEBUG org.apache.http.wire - http-outgoing-61 << "[\r][\n]"
02:44:31.238 [Test worker] DEBUG org.apache.http.headers - http-outgoing-61 << HTTP/1.1 204 No Content
02:44:31.238 [Test worker] DEBUG org.apache.http.headers - http-outgoing-61 << Server: Docker/1.12.1 (linux)
02:44:31.238 [Test worker] DEBUG org.apache.http.headers - http-outgoing-61 << Date: Tue, 18 Oct 2016 00:44:31 GMT
02:44:31.238 [Test worker] DEBUG o.a.h.impl.execchain.MainClientExec - Connection can be kept alive indefinitely
02:44:31.238 [Test worker] DEBUG c.g.d.j.JerseyDockerCmdExecFactory$1 - Connection [id: 61][route: {}->http://localhost:2375] can be kept alive indefinitely
02:44:31.238 [Test worker] DEBUG c.g.d.j.JerseyDockerCmdExecFactory$1 - Connection released: [id: 61][route: {}->http://localhost:2375][total kept alive: 1; route allocated: 1 of 2; total allocated: 1 of 20]
02:44:31.238 [Test worker] DEBUG c.g.d.j.JerseyDockerCmdExecFactory - 2 * Client response received on thread Test worker
2 < 204
2 < Date: Tue, 18 Oct 2016 00:44:31 GMT
2 < Server: Docker/1.12.1 (linux)

02:44:31.239 [Test worker] DEBUG org.openbaton.docker.DockerVim - Network deleted successfully
02:44:31.239 [Test worker] DEBUG c.g.d.core.command.AbstrDockerCmd - Cmd: com.github.dockerjava.core.util.FiltersBuilder@0,com.github.dockerjava.jaxrs.ListVolumesCmdExec@6cf8421c
02:44:31.239 [Test worker] DEBUG c.g.d.j.JerseyDockerCmdExecFactory - 7 * Sending client request on thread Test worker
7 > GET http://localhost:2375/volumes
7 > Accept: application/json

02:44:31.240 [Test worker] DEBUG o.a.h.c.protocol.RequestAddCookies - CookieSpec selected: default
02:44:31.240 [Test worker] DEBUG o.a.h.c.protocol.RequestAuthCache - Auth cache not set in the context
02:44:31.240 [Test worker] DEBUG c.g.d.j.JerseyDockerCmdExecFactory$1 - Connection request: [route: {}->http://localhost:2375][total kept alive: 0; route allocated: 0 of 2; total allocated: 0 of 20]
02:44:31.240 [Test worker] DEBUG c.g.d.j.JerseyDockerCmdExecFactory$1 - Connection leased: [id: 62][route: {}->http://localhost:2375][total kept alive: 0; route allocated: 1 of 2; total allocated: 1 of 20]
02:44:31.240 [Test worker] DEBUG o.a.h.impl.execchain.MainClientExec - Opening connection {}->http://localhost:2375
02:44:31.240 [Test worker] DEBUG o.a.h.i.c.DefaultHttpClientConnectionOperator - Connecting to localhost/127.0.0.1:2375
02:44:31.240 [Test worker] DEBUG o.a.h.i.c.DefaultHttpClientConnectionOperator - Connection established 127.0.0.1:57126<->127.0.0.1:2375
02:44:31.240 [Test worker] DEBUG o.a.h.impl.execchain.MainClientExec - Executing request GET /volumes HTTP/1.1
02:44:31.240 [Test worker] DEBUG o.a.h.impl.execchain.MainClientExec - Target auth state: UNCHALLENGED
02:44:31.240 [Test worker] DEBUG o.a.h.impl.execchain.MainClientExec - Proxy auth state: UNCHALLENGED
02:44:31.241 [Test worker] DEBUG org.apache.http.headers - http-outgoing-62 >> GET /volumes HTTP/1.1
02:44:31.241 [Test worker] DEBUG org.apache.http.headers - http-outgoing-62 >> Accept: application/json
02:44:31.241 [Test worker] DEBUG org.apache.http.headers - http-outgoing-62 >> User-Agent: Jersey/2.23.1 (Apache HttpClient 4.5.1)
02:44:31.241 [Test worker] DEBUG org.apache.http.headers - http-outgoing-62 >> Host: localhost:2375
02:44:31.241 [Test worker] DEBUG org.apache.http.headers - http-outgoing-62 >> Connection: Keep-Alive
02:44:31.241 [Test worker] DEBUG org.apache.http.headers - http-outgoing-62 >> Accept-Encoding: gzip,deflate
02:44:31.241 [Test worker] DEBUG org.apache.http.wire - http-outgoing-62 >> "GET /volumes HTTP/1.1[\r][\n]"
02:44:31.241 [Test worker] DEBUG org.apache.http.wire - http-outgoing-62 >> "Accept: application/json[\r][\n]"
02:44:31.241 [Test worker] DEBUG org.apache.http.wire - http-outgoing-62 >> "User-Agent: Jersey/2.23.1 (Apache HttpClient 4.5.1)[\r][\n]"
02:44:31.241 [Test worker] DEBUG org.apache.http.wire - http-outgoing-62 >> "Host: localhost:2375[\r][\n]"
02:44:31.241 [Test worker] DEBUG org.apache.http.wire - http-outgoing-62 >> "Connection: Keep-Alive[\r][\n]"
02:44:31.241 [Test worker] DEBUG org.apache.http.wire - http-outgoing-62 >> "Accept-Encoding: gzip,deflate[\r][\n]"
02:44:31.246 [Test worker] DEBUG org.apache.http.wire - http-outgoing-62 >> "[\r][\n]"
02:44:31.246 [Test worker] DEBUG org.apache.http.wire - http-outgoing-62 << "HTTP/1.1 200 OK[\r][\n]"
02:44:31.246 [Test worker] DEBUG org.apache.http.wire - http-outgoing-62 << "Content-Type: application/json[\r][\n]"
02:44:31.246 [Test worker] DEBUG org.apache.http.wire - http-outgoing-62 << "Server: Docker/1.12.1 (linux)[\r][\n]"
02:44:31.246 [Test worker] DEBUG org.apache.http.wire - http-outgoing-62 << "Date: Tue, 18 Oct 2016 00:44:31 GMT[\r][\n]"
02:44:31.247 [Test worker] DEBUG org.apache.http.wire - http-outgoing-62 << "Content-Length: 33[\r][\n]"
02:44:31.247 [Test worker] DEBUG org.apache.http.wire - http-outgoing-62 << "[\r][\n]"
02:44:31.247 [Test worker] DEBUG org.apache.http.wire - http-outgoing-62 << "{"Volumes":null,"Warnings":null}[\n]"
02:44:31.247 [Test worker] DEBUG org.apache.http.headers - http-outgoing-62 << HTTP/1.1 200 OK
02:44:31.247 [Test worker] DEBUG org.apache.http.headers - http-outgoing-62 << Content-Type: application/json
02:44:31.247 [Test worker] DEBUG org.apache.http.headers - http-outgoing-62 << Server: Docker/1.12.1 (linux)
02:44:31.247 [Test worker] DEBUG org.apache.http.headers - http-outgoing-62 << Date: Tue, 18 Oct 2016 00:44:31 GMT
02:44:31.247 [Test worker] DEBUG org.apache.http.headers - http-outgoing-62 << Content-Length: 33
02:44:31.247 [Test worker] DEBUG o.a.h.impl.execchain.MainClientExec - Connection can be kept alive indefinitely
02:44:31.247 [Test worker] DEBUG c.g.d.j.JerseyDockerCmdExecFactory - 8 * Client response received on thread Test worker
8 < 200
8 < Content-Length: 33
8 < Content-Type: application/json
8 < Date: Tue, 18 Oct 2016 00:44:31 GMT
8 < Server: Docker/1.12.1 (linux)
{"Volumes":null,"Warnings":null}


02:44:31.248 [Test worker] DEBUG o.a.h.i.c.DefaultManagedHttpClientConnection - http-outgoing-62: Close connection
02:44:31.248 [Test worker] DEBUG o.a.h.impl.execchain.MainClientExec - Connection discarded
02:44:31.249 [Test worker] DEBUG c.g.d.j.JerseyDockerCmdExecFactory$1 - Connection released: [id: 62][route: {}->http://localhost:2375][total kept alive: 0; route allocated: 0 of 2; total allocated: 0 of 20]
02:44:31.250 [Test worker] DEBUG org.openbaton.docker.DockerVim - Loading properties
02:44:31.250 [Test worker] DEBUG org.openbaton.docker.DockerVim - Loaded properties: {type=docker}
02:44:31.255 [Test worker] DEBUG c.g.d.core.command.AbstrDockerCmd - Cmd: -1,<null>,true,<null>,<null>,com.github.dockerjava.core.util.FiltersBuilder@0,com.github.dockerjava.jaxrs.ListContainersCmdExec@bb64549
02:44:31.283 [Test worker] DEBUG c.g.d.j.JerseyDockerCmdExecFactory - 1 * Sending client request on thread Test worker
1 > GET http://localhost:2375/containers/json?all=true
1 > Accept: application/json

02:44:31.286 [Test worker] DEBUG o.a.h.c.protocol.RequestAddCookies - CookieSpec selected: default
02:44:31.286 [Test worker] DEBUG o.a.h.c.protocol.RequestAuthCache - Auth cache not set in the context
02:44:31.286 [Test worker] DEBUG c.g.d.j.JerseyDockerCmdExecFactory$1 - Connection request: [route: {}->http://localhost:2375][total kept alive: 0; route allocated: 0 of 2; total allocated: 0 of 20]
02:44:31.286 [Test worker] DEBUG c.g.d.j.JerseyDockerCmdExecFactory$1 - Connection leased: [id: 63][route: {}->http://localhost:2375][total kept alive: 0; route allocated: 1 of 2; total allocated: 1 of 20]
02:44:31.286 [Test worker] DEBUG o.a.h.impl.execchain.MainClientExec - Opening connection {}->http://localhost:2375
02:44:31.286 [Test worker] DEBUG o.a.h.i.c.DefaultHttpClientConnectionOperator - Connecting to localhost/127.0.0.1:2375
02:44:31.286 [Test worker] DEBUG o.a.h.i.c.DefaultHttpClientConnectionOperator - Connection established 127.0.0.1:57128<->127.0.0.1:2375
02:44:31.286 [Test worker] DEBUG o.a.h.impl.execchain.MainClientExec - Executing request GET /containers/json?all=true HTTP/1.1
02:44:31.287 [Test worker] DEBUG o.a.h.impl.execchain.MainClientExec - Target auth state: UNCHALLENGED
02:44:31.287 [Test worker] DEBUG o.a.h.impl.execchain.MainClientExec - Proxy auth state: UNCHALLENGED
02:44:31.287 [Test worker] DEBUG org.apache.http.headers - http-outgoing-63 >> GET /containers/json?all=true HTTP/1.1
02:44:31.287 [Test worker] DEBUG org.apache.http.headers - http-outgoing-63 >> Accept: application/json
02:44:31.287 [Test worker] DEBUG org.apache.http.headers - http-outgoing-63 >> User-Agent: Jersey/2.23.1 (Apache HttpClient 4.5.1)
02:44:31.287 [Test worker] DEBUG org.apache.http.headers - http-outgoing-63 >> Host: localhost:2375
02:44:31.287 [Test worker] DEBUG org.apache.http.headers - http-outgoing-63 >> Connection: Keep-Alive
02:44:31.288 [Test worker] DEBUG org.apache.http.headers - http-outgoing-63 >> Accept-Encoding: gzip,deflate
02:44:31.288 [Test worker] DEBUG org.apache.http.wire - http-outgoing-63 >> "GET /containers/json?all=true HTTP/1.1[\r][\n]"
02:44:31.288 [Test worker] DEBUG org.apache.http.wire - http-outgoing-63 >> "Accept: application/json[\r][\n]"
02:44:31.288 [Test worker] DEBUG org.apache.http.wire - http-outgoing-63 >> "User-Agent: Jersey/2.23.1 (Apache HttpClient 4.5.1)[\r][\n]"
02:44:31.289 [Test worker] DEBUG org.apache.http.wire - http-outgoing-63 >> "Host: localhost:2375[\r][\n]"
02:44:31.289 [Test worker] DEBUG org.apache.http.wire - http-outgoing-63 >> "Connection: Keep-Alive[\r][\n]"
02:44:31.289 [Test worker] DEBUG org.apache.http.wire - http-outgoing-63 >> "Accept-Encoding: gzip,deflate[\r][\n]"
02:44:31.289 [Test worker] DEBUG org.apache.http.wire - http-outgoing-63 >> "[\r][\n]"
02:44:31.289 [Test worker] DEBUG org.apache.http.wire - http-outgoing-63 << "HTTP/1.1 200 OK[\r][\n]"
02:44:31.289 [Test worker] DEBUG org.apache.http.wire - http-outgoing-63 << "Content-Type: application/json[\r][\n]"
02:44:31.289 [Test worker] DEBUG org.apache.http.wire - http-outgoing-63 << "Server: Docker/1.12.1 (linux)[\r][\n]"
02:44:31.289 [Test worker] DEBUG org.apache.http.wire - http-outgoing-63 << "Date: Tue, 18 Oct 2016 00:44:31 GMT[\r][\n]"
02:44:31.289 [Test worker] DEBUG org.apache.http.wire - http-outgoing-63 << "Content-Length: 3[\r][\n]"
02:44:31.289 [Test worker] DEBUG org.apache.http.wire - http-outgoing-63 << "[\r][\n]"
02:44:31.289 [Test worker] DEBUG org.apache.http.wire - http-outgoing-63 << "[][\n]"
02:44:31.289 [Test worker] DEBUG org.apache.http.headers - http-outgoing-63 << HTTP/1.1 200 OK
02:44:31.290 [Test worker] DEBUG org.apache.http.headers - http-outgoing-63 << Content-Type: application/json
02:44:31.290 [Test worker] DEBUG org.apache.http.headers - http-outgoing-63 << Server: Docker/1.12.1 (linux)
02:44:31.290 [Test worker] DEBUG org.apache.http.headers - http-outgoing-63 << Date: Tue, 18 Oct 2016 00:44:31 GMT
02:44:31.290 [Test worker] DEBUG org.apache.http.headers - http-outgoing-63 << Content-Length: 3
02:44:31.290 [Test worker] DEBUG o.a.h.impl.execchain.MainClientExec - Connection can be kept alive indefinitely
02:44:31.290 [Test worker] DEBUG c.g.d.j.JerseyDockerCmdExecFactory - 2 * Client response received on thread Test worker
2 < 200
2 < Content-Length: 3
2 < Content-Type: application/json
2 < Date: Tue, 18 Oct 2016 00:44:31 GMT
2 < Server: Docker/1.12.1 (linux)
[]


02:44:31.292 [Test worker] DEBUG c.g.d.j.JerseyDockerCmdExecFactory$1 - Connection [id: 63][route: {}->http://localhost:2375] can be kept alive indefinitely
02:44:31.292 [Test worker] DEBUG c.g.d.j.JerseyDockerCmdExecFactory$1 - Connection released: [id: 63][route: {}->http://localhost:2375][total kept alive: 1; route allocated: 1 of 2; total allocated: 1 of 20]
02:44:31.316 [Test worker] DEBUG c.g.d.core.command.AbstrDockerCmd - Cmd: com.github.dockerjava.core.util.FiltersBuilder@0,com.github.dockerjava.jaxrs.ListNetworksCmdExec@49403568
02:44:31.333 [Test worker] DEBUG c.g.d.j.JerseyDockerCmdExecFactory - 1 * Sending client request on thread Test worker
1 > GET http://localhost:2375/networks
1 > Accept: application/json

02:44:31.334 [Test worker] DEBUG o.a.h.c.protocol.RequestAddCookies - CookieSpec selected: default
02:44:31.334 [Test worker] DEBUG o.a.h.c.protocol.RequestAuthCache - Auth cache not set in the context
02:44:31.334 [Test worker] DEBUG c.g.d.j.JerseyDockerCmdExecFactory$1 - Connection request: [route: {}->http://localhost:2375][total kept alive: 0; route allocated: 0 of 2; total allocated: 0 of 20]
02:44:31.334 [Test worker] DEBUG c.g.d.j.JerseyDockerCmdExecFactory$1 - Connection leased: [id: 64][route: {}->http://localhost:2375][total kept alive: 0; route allocated: 1 of 2; total allocated: 1 of 20]
02:44:31.334 [Test worker] DEBUG o.a.h.impl.execchain.MainClientExec - Opening connection {}->http://localhost:2375
02:44:31.334 [Test worker] DEBUG o.a.h.i.c.DefaultHttpClientConnectionOperator - Connecting to localhost/127.0.0.1:2375
02:44:31.335 [Test worker] DEBUG o.a.h.i.c.DefaultHttpClientConnectionOperator - Connection established 127.0.0.1:57130<->127.0.0.1:2375
02:44:31.335 [Test worker] DEBUG o.a.h.impl.execchain.MainClientExec - Executing request GET /networks HTTP/1.1
02:44:31.335 [Test worker] DEBUG o.a.h.impl.execchain.MainClientExec - Target auth state: UNCHALLENGED
02:44:31.335 [Test worker] DEBUG o.a.h.impl.execchain.MainClientExec - Proxy auth state: UNCHALLENGED
02:44:31.335 [Test worker] DEBUG org.apache.http.headers - http-outgoing-64 >> GET /networks HTTP/1.1
02:44:31.335 [Test worker] DEBUG org.apache.http.headers - http-outgoing-64 >> Accept: application/json
02:44:31.336 [Test worker] DEBUG org.apache.http.headers - http-outgoing-64 >> User-Agent: Jersey/2.23.1 (Apache HttpClient 4.5.1)
02:44:31.336 [Test worker] DEBUG org.apache.http.headers - http-outgoing-64 >> Host: localhost:2375
02:44:31.336 [Test worker] DEBUG org.apache.http.headers - http-outgoing-64 >> Connection: Keep-Alive
02:44:31.336 [Test worker] DEBUG org.apache.http.headers - http-outgoing-64 >> Accept-Encoding: gzip,deflate
02:44:31.336 [Test worker] DEBUG org.apache.http.wire - http-outgoing-64 >> "GET /networks HTTP/1.1[\r][\n]"
02:44:31.336 [Test worker] DEBUG org.apache.http.wire - http-outgoing-64 >> "Accept: application/json[\r][\n]"
02:44:31.336 [Test worker] DEBUG org.apache.http.wire - http-outgoing-64 >> "User-Agent: Jersey/2.23.1 (Apache HttpClient 4.5.1)[\r][\n]"
02:44:31.336 [Test worker] DEBUG org.apache.http.wire - http-outgoing-64 >> "Host: localhost:2375[\r][\n]"
02:44:31.336 [Test worker] DEBUG org.apache.http.wire - http-outgoing-64 >> "Connection: Keep-Alive[\r][\n]"
02:44:31.336 [Test worker] DEBUG org.apache.http.wire - http-outgoing-64 >> "Accept-Encoding: gzip,deflate[\r][\n]"
02:44:31.336 [Test worker] DEBUG org.apache.http.wire - http-outgoing-64 >> "[\r][\n]"
02:44:31.337 [Test worker] DEBUG org.apache.http.wire - http-outgoing-64 << "HTTP/1.1 200 OK[\r][\n]"
02:44:31.337 [Test worker] DEBUG org.apache.http.wire - http-outgoing-64 << "Content-Type: application/json[\r][\n]"
02:44:31.337 [Test worker] DEBUG org.apache.http.wire - http-outgoing-64 << "Server: Docker/1.12.1 (linux)[\r][\n]"
02:44:31.337 [Test worker] DEBUG org.apache.http.wire - http-outgoing-64 << "Date: Tue, 18 Oct 2016 00:44:31 GMT[\r][\n]"
02:44:31.337 [Test worker] DEBUG org.apache.http.wire - http-outgoing-64 << "Content-Length: 1100[\r][\n]"
02:44:31.337 [Test worker] DEBUG org.apache.http.wire - http-outgoing-64 << "[\r][\n]"
02:44:31.337 [Test worker] DEBUG org.apache.http.wire - http-outgoing-64 << "[{"Name":"bridge","Id":"90941628611ab58d4fa4db6bcd1806afb9bf994c4562bea7ae3dc9153b373da5","Scope":"local","Driver":"bridge","EnableIPv6":false,"IPAM":{"Driver":"default","Options":null,"Config":[{"Subnet":"172.17.0.0/16","Gateway":"172.17.0.1"}]},"Internal":false,"Containers":{},"Options":{"com.docker.network.bridge.default_bridge":"true","com.docker.network.bridge.enable_icc":"true","com.docker.network.bridge.enable_ip_masquerade":"true","com.docker.network.bridge.host_binding_ipv4":"0.0.0.0","com.docker.network.bridge.name":"docker0","com.docker.network.driver.mtu":"1500"},"Labels":{}},{"Name":"none","Id":"4d89c194eb79cd2beb38458d10a1b98c74d6b8462af72afde29ae7aca53ed5ca","Scope":"local","Driver":"null","EnableIPv6":false,"IPAM":{"Driver":"default","Options":null,"Config":[]},"Internal":false,"Containers":{},"Options":{},"Labels":{}},{"Name":"host","Id":"fe042b0866671b5be4f097ba43830c0a02959c058702d18e18c14a24d88a357d","Scope":"local","Driver":"host","EnableIPv6":false,"IPAM":{"Driver":"default","Options":null,"Config":[]},"Internal":false,"Containers":{},"Options":{},"Labels":{}}][\n]"
02:44:31.337 [Test worker] DEBUG org.apache.http.headers - http-outgoing-64 << HTTP/1.1 200 OK
02:44:31.337 [Test worker] DEBUG org.apache.http.headers - http-outgoing-64 << Content-Type: application/json
02:44:31.337 [Test worker] DEBUG org.apache.http.headers - http-outgoing-64 << Server: Docker/1.12.1 (linux)
02:44:31.337 [Test worker] DEBUG org.apache.http.headers - http-outgoing-64 << Date: Tue, 18 Oct 2016 00:44:31 GMT
02:44:31.337 [Test worker] DEBUG org.apache.http.headers - http-outgoing-64 << Content-Length: 1100
02:44:31.338 [Test worker] DEBUG o.a.h.impl.execchain.MainClientExec - Connection can be kept alive indefinitely
02:44:31.341 [Test worker] DEBUG c.g.d.j.JerseyDockerCmdExecFactory - 2 * Client response received on thread Test worker
2 < 200
2 < Content-Length: 1100
2 < Content-Type: application/json
2 < Date: Tue, 18 Oct 2016 00:44:31 GMT
2 < Server: Docker/1.12.1 (linux)
[{"Name":"bridge","Id":"90941628611ab58d4fa4db6bcd1806afb9bf994c4562bea7ae3dc9153b373da5","Scope":"local","Driver":"bridge","EnableIPv6":false,"IPAM":{"Driver":"default","Options":null,"Config":[{"Subnet":"172.17.0.0/16","Gateway":"172.17.0.1"}]},"Internal":false,"Containers":{},"Options":{"com.docker.network.bridge.default_bridge":"true","com.docker.network.bridge.enable_icc":"true","com.docker.network.bridge.enable_ip_masquerade":"true","com.docker.network.bridge.host_binding_ipv4":"0.0.0.0","com.docker.network.bridge.name":"docker0","com.docker.network.driver.mtu":"1500"},"Labels":{}},{"Name":"none","Id":"4d89c194eb79cd2beb38458d10a1b98c74d6b8462af72afde29ae7aca53ed5ca","Scope":"local","Driver":"null","EnableIPv6":false,"IPAM":{"Driver":"default","Options":null,"Config":[]},"Internal":false,"Containers":{},"Options":{},"Labels":{}},{"Name":"host","Id":"fe042b0866671b5be4f097ba43830c0a02959c058702d18e18c14a24d88a357d","Scope":"local","Driver":"host","EnableIPv6":false,"IPAM":{"Driver":"default","Options":null,"Config":[]},"Internal":false,"Containers":{},"Options":{},"Labels":{}}]


02:44:31.344 [Test worker] DEBUG o.a.h.i.c.DefaultManagedHttpClientConnection - http-outgoing-64: Close connection
02:44:31.345 [Test worker] DEBUG o.a.h.impl.execchain.MainClientExec - Connection discarded
02:44:31.345 [Test worker] DEBUG c.g.d.j.JerseyDockerCmdExecFactory$1 - Connection released: [id: 64][route: {}->http://localhost:2375][total kept alive: 0; route allocated: 0 of 2; total allocated: 0 of 20]
02:44:31.345 [Test worker] DEBUG c.g.d.core.command.AbstrDockerCmd - Cmd: com.github.dockerjava.core.util.FiltersBuilder@0,com.github.dockerjava.jaxrs.ListVolumesCmdExec@512dd097
02:44:31.355 [Test worker] DEBUG c.g.d.j.JerseyDockerCmdExecFactory - 1 * Sending client request on thread Test worker
1 > GET http://localhost:2375/volumes
1 > Accept: application/json

02:44:31.356 [Test worker] DEBUG o.a.h.c.protocol.RequestAddCookies - CookieSpec selected: default
02:44:31.356 [Test worker] DEBUG o.a.h.c.protocol.RequestAuthCache - Auth cache not set in the context
02:44:31.356 [Test worker] DEBUG c.g.d.j.JerseyDockerCmdExecFactory$1 - Connection request: [route: {}->http://localhost:2375][total kept alive: 0; route allocated: 0 of 2; total allocated: 0 of 20]
02:44:31.356 [Test worker] DEBUG c.g.d.j.JerseyDockerCmdExecFactory$1 - Connection leased: [id: 65][route: {}->http://localhost:2375][total kept alive: 0; route allocated: 1 of 2; total allocated: 1 of 20]
02:44:31.356 [Test worker] DEBUG o.a.h.impl.execchain.MainClientExec - Opening connection {}->http://localhost:2375
02:44:31.356 [Test worker] DEBUG o.a.h.i.c.DefaultHttpClientConnectionOperator - Connecting to localhost/127.0.0.1:2375
02:44:31.356 [Test worker] DEBUG o.a.h.i.c.DefaultHttpClientConnectionOperator - Connection established 127.0.0.1:57132<->127.0.0.1:2375
02:44:31.357 [Test worker] DEBUG o.a.h.impl.execchain.MainClientExec - Executing request GET /volumes HTTP/1.1
02:44:31.357 [Test worker] DEBUG o.a.h.impl.execchain.MainClientExec - Target auth state: UNCHALLENGED
02:44:31.357 [Test worker] DEBUG o.a.h.impl.execchain.MainClientExec - Proxy auth state: UNCHALLENGED
02:44:31.357 [Test worker] DEBUG org.apache.http.headers - http-outgoing-65 >> GET /volumes HTTP/1.1
02:44:31.357 [Test worker] DEBUG org.apache.http.headers - http-outgoing-65 >> Accept: application/json
02:44:31.357 [Test worker] DEBUG org.apache.http.headers - http-outgoing-65 >> User-Agent: Jersey/2.23.1 (Apache HttpClient 4.5.1)
02:44:31.357 [Test worker] DEBUG org.apache.http.headers - http-outgoing-65 >> Host: localhost:2375
02:44:31.357 [Test worker] DEBUG org.apache.http.headers - http-outgoing-65 >> Connection: Keep-Alive
02:44:31.357 [Test worker] DEBUG org.apache.http.headers - http-outgoing-65 >> Accept-Encoding: gzip,deflate
02:44:31.357 [Test worker] DEBUG org.apache.http.wire - http-outgoing-65 >> "GET /volumes HTTP/1.1[\r][\n]"
02:44:31.357 [Test worker] DEBUG org.apache.http.wire - http-outgoing-65 >> "Accept: application/json[\r][\n]"
02:44:31.357 [Test worker] DEBUG org.apache.http.wire - http-outgoing-65 >> "User-Agent: Jersey/2.23.1 (Apache HttpClient 4.5.1)[\r][\n]"
02:44:31.357 [Test worker] DEBUG org.apache.http.wire - http-outgoing-65 >> "Host: localhost:2375[\r][\n]"
02:44:31.357 [Test worker] DEBUG org.apache.http.wire - http-outgoing-65 >> "Connection: Keep-Alive[\r][\n]"
02:44:31.358 [Test worker] DEBUG org.apache.http.wire - http-outgoing-65 >> "Accept-Encoding: gzip,deflate[\r][\n]"
02:44:31.358 [Test worker] DEBUG org.apache.http.wire - http-outgoing-65 >> "[\r][\n]"
02:44:31.358 [Test worker] DEBUG org.apache.http.wire - http-outgoing-65 << "HTTP/1.1 200 OK[\r][\n]"
02:44:31.358 [Test worker] DEBUG org.apache.http.wire - http-outgoing-65 << "Content-Type: application/json[\r][\n]"
02:44:31.358 [Test worker] DEBUG org.apache.http.wire - http-outgoing-65 << "Server: Docker/1.12.1 (linux)[\r][\n]"
02:44:31.358 [Test worker] DEBUG org.apache.http.wire - http-outgoing-65 << "Date: Tue, 18 Oct 2016 00:44:31 GMT[\r][\n]"
02:44:31.358 [Test worker] DEBUG org.apache.http.wire - http-outgoing-65 << "Content-Length: 33[\r][\n]"
02:44:31.358 [Test worker] DEBUG org.apache.http.wire - http-outgoing-65 << "[\r][\n]"
02:44:31.358 [Test worker] DEBUG org.apache.http.wire - http-outgoing-65 << "{"Volumes":null,"Warnings":null}[\n]"
02:44:31.358 [Test worker] DEBUG org.apache.http.headers - http-outgoing-65 << HTTP/1.1 200 OK
02:44:31.358 [Test worker] DEBUG org.apache.http.headers - http-outgoing-65 << Content-Type: application/json
02:44:31.359 [Test worker] DEBUG org.apache.http.headers - http-outgoing-65 << Server: Docker/1.12.1 (linux)
02:44:31.359 [Test worker] DEBUG org.apache.http.headers - http-outgoing-65 << Date: Tue, 18 Oct 2016 00:44:31 GMT
02:44:31.359 [Test worker] DEBUG org.apache.http.headers - http-outgoing-65 << Content-Length: 33
02:44:31.359 [Test worker] DEBUG o.a.h.impl.execchain.MainClientExec - Connection can be kept alive indefinitely
02:44:31.359 [Test worker] DEBUG c.g.d.j.JerseyDockerCmdExecFactory - 2 * Client response received on thread Test worker
2 < 200
2 < Content-Length: 33
2 < Content-Type: application/json
2 < Date: Tue, 18 Oct 2016 00:44:31 GMT
2 < Server: Docker/1.12.1 (linux)
{"Volumes":null,"Warnings":null}


02:44:31.361 [Test worker] DEBUG o.a.h.i.c.DefaultManagedHttpClientConnection - http-outgoing-65: Close connection
02:44:31.361 [Test worker] DEBUG o.a.h.impl.execchain.MainClientExec - Connection discarded
02:44:31.361 [Test worker] DEBUG c.g.d.j.JerseyDockerCmdExecFactory$1 - Connection released: [id: 65][route: {}->http://localhost:2375][total kept alive: 0; route allocated: 0 of 2; total allocated: 0 of 20]
List of volumes: null
02:44:31.365 [Test worker] DEBUG c.g.d.core.command.AbstrDockerCmd - Cmd: MyNetwork,<null>,com.github.dockerjava.api.model.Network$Ipam@3739c2a6[driver=<null>,config=[com.github.dockerjava.api.model.Network$Ipam$Config@311a3c9d],options=<null>],{},true,<null>,<null>,com.github.dockerjava.jaxrs.CreateNetworkCmdExec@3181809a
02:44:31.376 [Test worker] DEBUG o.a.h.c.protocol.RequestAddCookies - CookieSpec selected: default
02:44:31.376 [Test worker] DEBUG o.a.h.c.protocol.RequestAuthCache - Auth cache not set in the context
02:44:31.376 [Test worker] DEBUG c.g.d.j.JerseyDockerCmdExecFactory$1 - Connection request: [route: {}->http://localhost:2375][total kept alive: 0; route allocated: 0 of 2; total allocated: 0 of 20]
02:44:31.376 [Test worker] DEBUG c.g.d.j.JerseyDockerCmdExecFactory$1 - Connection leased: [id: 66][route: {}->http://localhost:2375][total kept alive: 0; route allocated: 1 of 2; total allocated: 1 of 20]
02:44:31.376 [Test worker] DEBUG o.a.h.impl.execchain.MainClientExec - Opening connection {}->http://localhost:2375
02:44:31.376 [Test worker] DEBUG o.a.h.i.c.DefaultHttpClientConnectionOperator - Connecting to localhost/127.0.0.1:2375
02:44:31.376 [Test worker] DEBUG o.a.h.i.c.DefaultHttpClientConnectionOperator - Connection established 127.0.0.1:57134<->127.0.0.1:2375
02:44:31.377 [Test worker] DEBUG o.a.h.impl.execchain.MainClientExec - Executing request POST /networks/create HTTP/1.1
02:44:31.377 [Test worker] DEBUG o.a.h.impl.execchain.MainClientExec - Target auth state: UNCHALLENGED
02:44:31.377 [Test worker] DEBUG o.a.h.impl.execchain.MainClientExec - Proxy auth state: UNCHALLENGED
02:44:31.377 [Test worker] DEBUG org.apache.http.headers - http-outgoing-66 >> POST /networks/create HTTP/1.1
02:44:31.377 [Test worker] DEBUG org.apache.http.headers - http-outgoing-66 >> Accept: application/json
02:44:31.377 [Test worker] DEBUG org.apache.http.headers - http-outgoing-66 >> Content-Type: application/json
02:44:31.377 [Test worker] DEBUG org.apache.http.headers - http-outgoing-66 >> User-Agent: Jersey/2.23.1 (Apache HttpClient 4.5.1)
02:44:31.377 [Test worker] DEBUG org.apache.http.headers - http-outgoing-66 >> Transfer-Encoding: chunked
02:44:31.377 [Test worker] DEBUG org.apache.http.headers - http-outgoing-66 >> Host: localhost:2375
02:44:31.377 [Test worker] DEBUG org.apache.http.headers - http-outgoing-66 >> Connection: Keep-Alive
02:44:31.377 [Test worker] DEBUG org.apache.http.headers - http-outgoing-66 >> Accept-Encoding: gzip,deflate
02:44:31.380 [Test worker] DEBUG c.g.d.j.JerseyDockerCmdExecFactory - 1 * Sending client request on thread Test worker
1 > POST http://localhost:2375/networks/create
1 > Accept: application/json
1 > Content-Type: application/json
{"enableIPv6":null,"Name":"MyNetwork","Driver":null,"IPAM":{"Driver":null,"Config":[{"Subnet":"172.19.0.0/16","IPRange":null,"Gateway":"172.19.0.1"}],"Options":null},"Options":{},"CheckDuplicate":true,"Internal":null,"EnableIPv6":null}

02:44:31.381 [Test worker] DEBUG org.apache.http.wire - http-outgoing-66 >> "POST /networks/create HTTP/1.1[\r][\n]"
02:44:31.381 [Test worker] DEBUG org.apache.http.wire - http-outgoing-66 >> "Accept: application/json[\r][\n]"
02:44:31.381 [Test worker] DEBUG org.apache.http.wire - http-outgoing-66 >> "Content-Type: application/json[\r][\n]"
02:44:31.381 [Test worker] DEBUG org.apache.http.wire - http-outgoing-66 >> "User-Agent: Jersey/2.23.1 (Apache HttpClient 4.5.1)[\r][\n]"
02:44:31.381 [Test worker] DEBUG org.apache.http.wire - http-outgoing-66 >> "Transfer-Encoding: chunked[\r][\n]"
02:44:31.381 [Test worker] DEBUG org.apache.http.wire - http-outgoing-66 >> "Host: localhost:2375[\r][\n]"
02:44:31.381 [Test worker] DEBUG org.apache.http.wire - http-outgoing-66 >> "Connection: Keep-Alive[\r][\n]"
02:44:31.381 [Test worker] DEBUG org.apache.http.wire - http-outgoing-66 >> "Accept-Encoding: gzip,deflate[\r][\n]"
02:44:31.381 [Test worker] DEBUG org.apache.http.wire - http-outgoing-66 >> "[\r][\n]"
02:44:31.381 [Test worker] DEBUG org.apache.http.wire - http-outgoing-66 >> "eb[\r][\n]"
02:44:31.382 [Test worker] DEBUG org.apache.http.wire - http-outgoing-66 >> "{"enableIPv6":null,"Name":"MyNetwork","Driver":null,"IPAM":{"Driver":null,"Config":[{"Subnet":"172.19.0.0/16","IPRange":null,"Gateway":"172.19.0.1"}],"Options":null},"Options":{},"CheckDuplicate":true,"Internal":null,"EnableIPv6":null}[\r][\n]"
02:44:31.382 [Test worker] DEBUG org.apache.http.wire - http-outgoing-66 >> "0[\r][\n]"
02:44:31.382 [Test worker] DEBUG org.apache.http.wire - http-outgoing-66 >> "[\r][\n]"
02:44:31.436 [Test worker] DEBUG org.apache.http.wire - http-outgoing-66 << "HTTP/1.1 201 Created[\r][\n]"
02:44:31.436 [Test worker] DEBUG org.apache.http.wire - http-outgoing-66 << "Content-Type: application/json[\r][\n]"
02:44:31.436 [Test worker] DEBUG org.apache.http.wire - http-outgoing-66 << "Server: Docker/1.12.1 (linux)[\r][\n]"
02:44:31.436 [Test worker] DEBUG org.apache.http.wire - http-outgoing-66 << "Date: Tue, 18 Oct 2016 00:44:31 GMT[\r][\n]"
02:44:31.436 [Test worker] DEBUG org.apache.http.wire - http-outgoing-66 << "Content-Length: 87[\r][\n]"
02:44:31.436 [Test worker] DEBUG org.apache.http.wire - http-outgoing-66 << "[\r][\n]"
02:44:31.436 [Test worker] DEBUG org.apache.http.wire - http-outgoing-66 << "{"Id":"80b13b76181f874e0d50b98487414cf836603b01d5178de54f3913248e5044b7","Warning":""}[\n]"
02:44:31.436 [Test worker] DEBUG org.apache.http.headers - http-outgoing-66 << HTTP/1.1 201 Created
02:44:31.436 [Test worker] DEBUG org.apache.http.headers - http-outgoing-66 << Content-Type: application/json
02:44:31.436 [Test worker] DEBUG org.apache.http.headers - http-outgoing-66 << Server: Docker/1.12.1 (linux)
02:44:31.436 [Test worker] DEBUG org.apache.http.headers - http-outgoing-66 << Date: Tue, 18 Oct 2016 00:44:31 GMT
02:44:31.436 [Test worker] DEBUG org.apache.http.headers - http-outgoing-66 << Content-Length: 87
02:44:31.436 [Test worker] DEBUG o.a.h.impl.execchain.MainClientExec - Connection can be kept alive indefinitely
02:44:31.436 [Test worker] DEBUG c.g.d.j.JerseyDockerCmdExecFactory - 2 * Client response received on thread Test worker
2 < 201
2 < Content-Length: 87
2 < Content-Type: application/json
2 < Date: Tue, 18 Oct 2016 00:44:31 GMT
2 < Server: Docker/1.12.1 (linux)
{"Id":"80b13b76181f874e0d50b98487414cf836603b01d5178de54f3913248e5044b7","Warning":""}


02:44:31.437 [Test worker] DEBUG o.a.h.i.c.DefaultManagedHttpClientConnection - http-outgoing-66: Close connection
02:44:31.437 [Test worker] DEBUG o.a.h.impl.execchain.MainClientExec - Connection discarded
02:44:31.437 [Test worker] DEBUG c.g.d.j.JerseyDockerCmdExecFactory$1 - Connection released: [id: 66][route: {}->http://localhost:2375][total kept alive: 0; route allocated: 0 of 2; total allocated: 0 of 20]
02:44:31.437 [Test worker] DEBUG c.g.d.core.command.AbstrDockerCmd - Cmd: 80b13b76181f874e0d50b98487414cf836603b01d5178de54f3913248e5044b7,com.github.dockerjava.jaxrs.InspectNetworkCmdExec@87d66d5
02:44:31.437 [Test worker] DEBUG c.g.d.jaxrs.ListNetworksCmdExec - GET: JerseyWebTarget { http://localhost:2375/networks/80b13b76181f874e0d50b98487414cf836603b01d5178de54f3913248e5044b7 }
02:44:31.438 [Test worker] DEBUG c.g.d.j.JerseyDockerCmdExecFactory - 3 * Sending client request on thread Test worker
3 > GET http://localhost:2375/networks/80b13b76181f874e0d50b98487414cf836603b01d5178de54f3913248e5044b7
3 > Accept: application/json

02:44:31.438 [Test worker] DEBUG o.a.h.c.protocol.RequestAddCookies - CookieSpec selected: default
02:44:31.438 [Test worker] DEBUG o.a.h.c.protocol.RequestAuthCache - Auth cache not set in the context
02:44:31.438 [Test worker] DEBUG c.g.d.j.JerseyDockerCmdExecFactory$1 - Connection request: [route: {}->http://localhost:2375][total kept alive: 0; route allocated: 0 of 2; total allocated: 0 of 20]
02:44:31.439 [Test worker] DEBUG c.g.d.j.JerseyDockerCmdExecFactory$1 - Connection leased: [id: 67][route: {}->http://localhost:2375][total kept alive: 0; route allocated: 1 of 2; total allocated: 1 of 20]
02:44:31.439 [Test worker] DEBUG o.a.h.impl.execchain.MainClientExec - Opening connection {}->http://localhost:2375
02:44:31.439 [Test worker] DEBUG o.a.h.i.c.DefaultHttpClientConnectionOperator - Connecting to localhost/127.0.0.1:2375
02:44:31.441 [Test worker] DEBUG o.a.h.i.c.DefaultHttpClientConnectionOperator - Connection established 127.0.0.1:57136<->127.0.0.1:2375
02:44:31.441 [Test worker] DEBUG o.a.h.impl.execchain.MainClientExec - Executing request GET /networks/80b13b76181f874e0d50b98487414cf836603b01d5178de54f3913248e5044b7 HTTP/1.1
02:44:31.441 [Test worker] DEBUG o.a.h.impl.execchain.MainClientExec - Target auth state: UNCHALLENGED
02:44:31.441 [Test worker] DEBUG o.a.h.impl.execchain.MainClientExec - Proxy auth state: UNCHALLENGED
02:44:31.441 [Test worker] DEBUG org.apache.http.headers - http-outgoing-67 >> GET /networks/80b13b76181f874e0d50b98487414cf836603b01d5178de54f3913248e5044b7 HTTP/1.1
02:44:31.441 [Test worker] DEBUG org.apache.http.headers - http-outgoing-67 >> Accept: application/json
02:44:31.442 [Test worker] DEBUG org.apache.http.headers - http-outgoing-67 >> User-Agent: Jersey/2.23.1 (Apache HttpClient 4.5.1)
02:44:31.442 [Test worker] DEBUG org.apache.http.headers - http-outgoing-67 >> Host: localhost:2375
02:44:31.443 [Test worker] DEBUG org.apache.http.headers - http-outgoing-67 >> Connection: Keep-Alive
02:44:31.444 [Test worker] DEBUG org.apache.http.headers - http-outgoing-67 >> Accept-Encoding: gzip,deflate
02:44:31.444 [Test worker] DEBUG org.apache.http.wire - http-outgoing-67 >> "GET /networks/80b13b76181f874e0d50b98487414cf836603b01d5178de54f3913248e5044b7 HTTP/1.1[\r][\n]"
02:44:31.444 [Test worker] DEBUG org.apache.http.wire - http-outgoing-67 >> "Accept: application/json[\r][\n]"
02:44:31.444 [Test worker] DEBUG org.apache.http.wire - http-outgoing-67 >> "User-Agent: Jersey/2.23.1 (Apache HttpClient 4.5.1)[\r][\n]"
02:44:31.444 [Test worker] DEBUG org.apache.http.wire - http-outgoing-67 >> "Host: localhost:2375[\r][\n]"
02:44:31.444 [Test worker] DEBUG org.apache.http.wire - http-outgoing-67 >> "Connection: Keep-Alive[\r][\n]"
02:44:31.444 [Test worker] DEBUG org.apache.http.wire - http-outgoing-67 >> "Accept-Encoding: gzip,deflate[\r][\n]"
02:44:31.444 [Test worker] DEBUG org.apache.http.wire - http-outgoing-67 >> "[\r][\n]"
02:44:31.446 [Test worker] DEBUG org.apache.http.wire - http-outgoing-67 << "HTTP/1.1 200 OK[\r][\n]"
02:44:31.446 [Test worker] DEBUG org.apache.http.wire - http-outgoing-67 << "Content-Type: application/json[\r][\n]"
02:44:31.446 [Test worker] DEBUG org.apache.http.wire - http-outgoing-67 << "Server: Docker/1.12.1 (linux)[\r][\n]"
02:44:31.446 [Test worker] DEBUG org.apache.http.wire - http-outgoing-67 << "Date: Tue, 18 Oct 2016 00:44:31 GMT[\r][\n]"
02:44:31.446 [Test worker] DEBUG org.apache.http.wire - http-outgoing-67 << "Content-Length: 308[\r][\n]"
02:44:31.446 [Test worker] DEBUG org.apache.http.wire - http-outgoing-67 << "[\r][\n]"
02:44:31.446 [Test worker] DEBUG org.apache.http.wire - http-outgoing-67 << "{"Name":"MyNetwork","Id":"80b13b76181f874e0d50b98487414cf836603b01d5178de54f3913248e5044b7","Scope":"local","Driver":"bridge","EnableIPv6":false,"IPAM":{"Driver":"default","Options":null,"Config":[{"Subnet":"172.19.0.0/16","Gateway":"172.19.0.1"}]},"Internal":false,"Containers":{},"Options":{},"Labels":{}}[\n]"
02:44:31.447 [Test worker] DEBUG org.apache.http.headers - http-outgoing-67 << HTTP/1.1 200 OK
02:44:31.447 [Test worker] DEBUG org.apache.http.headers - http-outgoing-67 << Content-Type: application/json
02:44:31.447 [Test worker] DEBUG org.apache.http.headers - http-outgoing-67 << Server: Docker/1.12.1 (linux)
02:44:31.447 [Test worker] DEBUG org.apache.http.headers - http-outgoing-67 << Date: Tue, 18 Oct 2016 00:44:31 GMT
02:44:31.447 [Test worker] DEBUG org.apache.http.headers - http-outgoing-67 << Content-Length: 308
02:44:31.447 [Test worker] DEBUG o.a.h.impl.execchain.MainClientExec - Connection can be kept alive indefinitely
02:44:31.448 [Test worker] DEBUG c.g.d.j.JerseyDockerCmdExecFactory - 4 * Client response received on thread Test worker
4 < 200
4 < Content-Length: 308
4 < Content-Type: application/json
4 < Date: Tue, 18 Oct 2016 00:44:31 GMT
4 < Server: Docker/1.12.1 (linux)
{"Name":"MyNetwork","Id":"80b13b76181f874e0d50b98487414cf836603b01d5178de54f3913248e5044b7","Scope":"local","Driver":"bridge","EnableIPv6":false,"IPAM":{"Driver":"default","Options":null,"Config":[{"Subnet":"172.19.0.0/16","Gateway":"172.19.0.1"}]},"Internal":false,"Containers":{},"Options":{},"Labels":{}}


02:44:31.456 [Test worker] DEBUG o.a.h.i.c.DefaultManagedHttpClientConnection - http-outgoing-67: Close connection
02:44:31.458 [Test worker] DEBUG o.a.h.impl.execchain.MainClientExec - Connection discarded
02:44:31.458 [Test worker] DEBUG c.g.d.j.JerseyDockerCmdExecFactory$1 - Connection released: [id: 67][route: {}->http://localhost:2375][total kept alive: 0; route allocated: 0 of 2; total allocated: 0 of 20]
02:44:31.458 [Test worker] DEBUG org.openbaton.docker.DockerVim - Network successfully created
02:44:31.459 [Test worker] DEBUG c.g.d.core.command.AbstrDockerCmd - Cmd: 80b13b76181f874e0d50b98487414cf836603b01d5178de54f3913248e5044b7,com.github.dockerjava.jaxrs.InspectNetworkCmdExec@22639b4a
02:44:31.462 [Test worker] DEBUG c.g.d.jaxrs.ListNetworksCmdExec - GET: JerseyWebTarget { http://localhost:2375/networks/80b13b76181f874e0d50b98487414cf836603b01d5178de54f3913248e5044b7 }
02:44:31.496 [Test worker] DEBUG c.g.d.j.JerseyDockerCmdExecFactory - 1 * Sending client request on thread Test worker
1 > GET http://localhost:2375/networks/80b13b76181f874e0d50b98487414cf836603b01d5178de54f3913248e5044b7
1 > Accept: application/json

02:44:31.496 [Test worker] DEBUG o.a.h.c.protocol.RequestAddCookies - CookieSpec selected: default
02:44:31.498 [Test worker] DEBUG o.a.h.c.protocol.RequestAuthCache - Auth cache not set in the context
02:44:31.499 [Test worker] DEBUG c.g.d.j.JerseyDockerCmdExecFactory$1 - Connection request: [route: {}->http://localhost:2375][total kept alive: 0; route allocated: 0 of 2; total allocated: 0 of 20]
02:44:31.499 [Test worker] DEBUG c.g.d.j.JerseyDockerCmdExecFactory$1 - Connection leased: [id: 68][route: {}->http://localhost:2375][total kept alive: 0; route allocated: 1 of 2; total allocated: 1 of 20]
02:44:31.499 [Test worker] DEBUG o.a.h.impl.execchain.MainClientExec - Opening connection {}->http://localhost:2375
02:44:31.499 [Test worker] DEBUG o.a.h.i.c.DefaultHttpClientConnectionOperator - Connecting to localhost/127.0.0.1:2375
02:44:31.499 [Test worker] DEBUG o.a.h.i.c.DefaultHttpClientConnectionOperator - Connection established 127.0.0.1:57138<->127.0.0.1:2375
02:44:31.499 [Test worker] DEBUG o.a.h.impl.execchain.MainClientExec - Executing request GET /networks/80b13b76181f874e0d50b98487414cf836603b01d5178de54f3913248e5044b7 HTTP/1.1
02:44:31.499 [Test worker] DEBUG o.a.h.impl.execchain.MainClientExec - Target auth state: UNCHALLENGED
02:44:31.500 [Test worker] DEBUG o.a.h.impl.execchain.MainClientExec - Proxy auth state: UNCHALLENGED
02:44:31.500 [Test worker] DEBUG org.apache.http.headers - http-outgoing-68 >> GET /networks/80b13b76181f874e0d50b98487414cf836603b01d5178de54f3913248e5044b7 HTTP/1.1
02:44:31.501 [Test worker] DEBUG org.apache.http.headers - http-outgoing-68 >> Accept: application/json
02:44:31.501 [Test worker] DEBUG org.apache.http.headers - http-outgoing-68 >> User-Agent: Jersey/2.23.1 (Apache HttpClient 4.5.1)
02:44:31.501 [Test worker] DEBUG org.apache.http.headers - http-outgoing-68 >> Host: localhost:2375
02:44:31.501 [Test worker] DEBUG org.apache.http.headers - http-outgoing-68 >> Connection: Keep-Alive
02:44:31.501 [Test worker] DEBUG org.apache.http.headers - http-outgoing-68 >> Accept-Encoding: gzip,deflate
02:44:31.501 [Test worker] DEBUG org.apache.http.wire - http-outgoing-68 >> "GET /networks/80b13b76181f874e0d50b98487414cf836603b01d5178de54f3913248e5044b7 HTTP/1.1[\r][\n]"
02:44:31.501 [Test worker] DEBUG org.apache.http.wire - http-outgoing-68 >> "Accept: application/json[\r][\n]"
02:44:31.501 [Test worker] DEBUG org.apache.http.wire - http-outgoing-68 >> "User-Agent: Jersey/2.23.1 (Apache HttpClient 4.5.1)[\r][\n]"
02:44:31.501 [Test worker] DEBUG org.apache.http.wire - http-outgoing-68 >> "Host: localhost:2375[\r][\n]"
02:44:31.501 [Test worker] DEBUG org.apache.http.wire - http-outgoing-68 >> "Connection: Keep-Alive[\r][\n]"
02:44:31.501 [Test worker] DEBUG org.apache.http.wire - http-outgoing-68 >> "Accept-Encoding: gzip,deflate[\r][\n]"
02:44:31.501 [Test worker] DEBUG org.apache.http.wire - http-outgoing-68 >> "[\r][\n]"
02:44:31.502 [Test worker] DEBUG org.apache.http.wire - http-outgoing-68 << "HTTP/1.1 200 OK[\r][\n]"
02:44:31.502 [Test worker] DEBUG org.apache.http.wire - http-outgoing-68 << "Content-Type: application/json[\r][\n]"
02:44:31.502 [Test worker] DEBUG org.apache.http.wire - http-outgoing-68 << "Server: Docker/1.12.1 (linux)[\r][\n]"
02:44:31.502 [Test worker] DEBUG org.apache.http.wire - http-outgoing-68 << "Date: Tue, 18 Oct 2016 00:44:31 GMT[\r][\n]"
02:44:31.502 [Test worker] DEBUG org.apache.http.wire - http-outgoing-68 << "Content-Length: 308[\r][\n]"
02:44:31.502 [Test worker] DEBUG org.apache.http.wire - http-outgoing-68 << "[\r][\n]"
02:44:31.502 [Test worker] DEBUG org.apache.http.wire - http-outgoing-68 << "{"Name":"MyNetwork","Id":"80b13b76181f874e0d50b98487414cf836603b01d5178de54f3913248e5044b7","Scope":"local","Driver":"bridge","EnableIPv6":false,"IPAM":{"Driver":"default","Options":null,"Config":[{"Subnet":"172.19.0.0/16","Gateway":"172.19.0.1"}]},"Internal":false,"Containers":{},"Options":{},"Labels":{}}[\n]"
02:44:31.502 [Test worker] DEBUG org.apache.http.headers - http-outgoing-68 << HTTP/1.1 200 OK
02:44:31.502 [Test worker] DEBUG org.apache.http.headers - http-outgoing-68 << Content-Type: application/json
02:44:31.503 [Test worker] DEBUG org.apache.http.headers - http-outgoing-68 << Server: Docker/1.12.1 (linux)
02:44:31.503 [Test worker] DEBUG org.apache.http.headers - http-outgoing-68 << Date: Tue, 18 Oct 2016 00:44:31 GMT
02:44:31.504 [Test worker] DEBUG org.apache.http.headers - http-outgoing-68 << Content-Length: 308
02:44:31.504 [Test worker] DEBUG o.a.h.impl.execchain.MainClientExec - Connection can be kept alive indefinitely
02:44:31.505 [Test worker] DEBUG c.g.d.j.JerseyDockerCmdExecFactory - 2 * Client response received on thread Test worker
2 < 200
2 < Content-Length: 308
2 < Content-Type: application/json
2 < Date: Tue, 18 Oct 2016 00:44:31 GMT
2 < Server: Docker/1.12.1 (linux)
{"Name":"MyNetwork","Id":"80b13b76181f874e0d50b98487414cf836603b01d5178de54f3913248e5044b7","Scope":"local","Driver":"bridge","EnableIPv6":false,"IPAM":{"Driver":"default","Options":null,"Config":[{"Subnet":"172.19.0.0/16","Gateway":"172.19.0.1"}]},"Internal":false,"Containers":{},"Options":{},"Labels":{}}


02:44:31.510 [Test worker] DEBUG o.a.h.i.c.DefaultManagedHttpClientConnection - http-outgoing-68: Close connection
02:44:31.510 [Test worker] DEBUG o.a.h.impl.execchain.MainClientExec - Connection discarded
02:44:31.511 [Test worker] DEBUG c.g.d.j.JerseyDockerCmdExecFactory$1 - Connection released: [id: 68][route: {}->http://localhost:2375][total kept alive: 0; route allocated: 0 of 2; total allocated: 0 of 20]
NFV Network: Network{id='80b13b76181f874e0d50b98487414cf836603b01d5178de54f3913248e5044b7', name='MyNetwork', extId='null', external=false, shared=false, subnets=[Subnet{id='null', version=0, name='bridge', extId='null', networkId='172.19.0.0/16', cidr='null', gatewayIp='172.19.0.1'}]}
02:44:31.512 [Test worker] DEBUG c.g.d.core.command.AbstrDockerCmd - Cmd: -1,<null>,true,<null>,<null>,com.github.dockerjava.core.util.FiltersBuilder@0,com.github.dockerjava.jaxrs.ListContainersCmdExec@3d70fe39
02:44:31.528 [Test worker] DEBUG c.g.d.j.JerseyDockerCmdExecFactory - 1 * Sending client request on thread Test worker
1 > GET http://localhost:2375/containers/json?all=true
1 > Accept: application/json

02:44:31.529 [Test worker] DEBUG o.a.h.c.protocol.RequestAddCookies - CookieSpec selected: default
02:44:31.529 [Test worker] DEBUG o.a.h.c.protocol.RequestAuthCache - Auth cache not set in the context
02:44:31.529 [Test worker] DEBUG c.g.d.j.JerseyDockerCmdExecFactory$1 - Connection request: [route: {}->http://localhost:2375][total kept alive: 0; route allocated: 0 of 2; total allocated: 0 of 20]
02:44:31.529 [Test worker] DEBUG c.g.d.j.JerseyDockerCmdExecFactory$1 - Connection leased: [id: 69][route: {}->http://localhost:2375][total kept alive: 0; route allocated: 1 of 2; total allocated: 1 of 20]
02:44:31.529 [Test worker] DEBUG o.a.h.impl.execchain.MainClientExec - Opening connection {}->http://localhost:2375
02:44:31.529 [Test worker] DEBUG o.a.h.i.c.DefaultHttpClientConnectionOperator - Connecting to localhost/127.0.0.1:2375
02:44:31.530 [Test worker] DEBUG o.a.h.i.c.DefaultHttpClientConnectionOperator - Connection established 127.0.0.1:57140<->127.0.0.1:2375
02:44:31.530 [Test worker] DEBUG o.a.h.impl.execchain.MainClientExec - Executing request GET /containers/json?all=true HTTP/1.1
02:44:31.530 [Test worker] DEBUG o.a.h.impl.execchain.MainClientExec - Target auth state: UNCHALLENGED
02:44:31.530 [Test worker] DEBUG o.a.h.impl.execchain.MainClientExec - Proxy auth state: UNCHALLENGED
02:44:31.530 [Test worker] DEBUG org.apache.http.headers - http-outgoing-69 >> GET /containers/json?all=true HTTP/1.1
02:44:31.530 [Test worker] DEBUG org.apache.http.headers - http-outgoing-69 >> Accept: application/json
02:44:31.530 [Test worker] DEBUG org.apache.http.headers - http-outgoing-69 >> User-Agent: Jersey/2.23.1 (Apache HttpClient 4.5.1)
02:44:31.530 [Test worker] DEBUG org.apache.http.headers - http-outgoing-69 >> Host: localhost:2375
02:44:31.530 [Test worker] DEBUG org.apache.http.headers - http-outgoing-69 >> Connection: Keep-Alive
02:44:31.530 [Test worker] DEBUG org.apache.http.headers - http-outgoing-69 >> Accept-Encoding: gzip,deflate
02:44:31.530 [Test worker] DEBUG org.apache.http.wire - http-outgoing-69 >> "GET /containers/json?all=true HTTP/1.1[\r][\n]"
02:44:31.530 [Test worker] DEBUG org.apache.http.wire - http-outgoing-69 >> "Accept: application/json[\r][\n]"
02:44:31.530 [Test worker] DEBUG org.apache.http.wire - http-outgoing-69 >> "User-Agent: Jersey/2.23.1 (Apache HttpClient 4.5.1)[\r][\n]"
02:44:31.531 [Test worker] DEBUG org.apache.http.wire - http-outgoing-69 >> "Host: localhost:2375[\r][\n]"
02:44:31.531 [Test worker] DEBUG org.apache.http.wire - http-outgoing-69 >> "Connection: Keep-Alive[\r][\n]"
02:44:31.531 [Test worker] DEBUG org.apache.http.wire - http-outgoing-69 >> "Accept-Encoding: gzip,deflate[\r][\n]"
02:44:31.531 [Test worker] DEBUG org.apache.http.wire - http-outgoing-69 >> "[\r][\n]"
02:44:31.531 [Test worker] DEBUG org.apache.http.wire - http-outgoing-69 << "HTTP/1.1 200 OK[\r][\n]"
02:44:31.531 [Test worker] DEBUG org.apache.http.wire - http-outgoing-69 << "Content-Type: application/json[\r][\n]"
02:44:31.531 [Test worker] DEBUG org.apache.http.wire - http-outgoing-69 << "Server: Docker/1.12.1 (linux)[\r][\n]"
02:44:31.531 [Test worker] DEBUG org.apache.http.wire - http-outgoing-69 << "Date: Tue, 18 Oct 2016 00:44:31 GMT[\r][\n]"
02:44:31.531 [Test worker] DEBUG org.apache.http.wire - http-outgoing-69 << "Content-Length: 3[\r][\n]"
02:44:31.531 [Test worker] DEBUG org.apache.http.wire - http-outgoing-69 << "[\r][\n]"
02:44:31.531 [Test worker] DEBUG org.apache.http.wire - http-outgoing-69 << "[][\n]"
02:44:31.531 [Test worker] DEBUG org.apache.http.headers - http-outgoing-69 << HTTP/1.1 200 OK
02:44:31.532 [Test worker] DEBUG org.apache.http.headers - http-outgoing-69 << Content-Type: application/json
02:44:31.532 [Test worker] DEBUG org.apache.http.headers - http-outgoing-69 << Server: Docker/1.12.1 (linux)
02:44:31.532 [Test worker] DEBUG org.apache.http.headers - http-outgoing-69 << Date: Tue, 18 Oct 2016 00:44:31 GMT
02:44:31.532 [Test worker] DEBUG org.apache.http.headers - http-outgoing-69 << Content-Length: 3
02:44:31.532 [Test worker] DEBUG o.a.h.impl.execchain.MainClientExec - Connection can be kept alive indefinitely
02:44:31.532 [Test worker] DEBUG c.g.d.j.JerseyDockerCmdExecFactory - 2 * Client response received on thread Test worker
2 < 200
2 < Content-Length: 3
2 < Content-Type: application/json
2 < Date: Tue, 18 Oct 2016 00:44:31 GMT
2 < Server: Docker/1.12.1 (linux)
[]


02:44:31.533 [Test worker] DEBUG c.g.d.j.JerseyDockerCmdExecFactory$1 - Connection [id: 69][route: {}->http://localhost:2375] can be kept alive indefinitely
02:44:31.533 [Test worker] DEBUG c.g.d.j.JerseyDockerCmdExecFactory$1 - Connection released: [id: 69][route: {}->http://localhost:2375][total kept alive: 1; route allocated: 1 of 2; total allocated: 1 of 20]
02:44:31.540 [Test worker] DEBUG c.g.d.core.command.AbstrDockerCmd - Cmd: com.github.dockerjava.core.util.FiltersBuilder@0,com.github.dockerjava.jaxrs.ListNetworksCmdExec@33fd2236
02:44:31.562 [Test worker] DEBUG c.g.d.j.JerseyDockerCmdExecFactory - 1 * Sending client request on thread Test worker
1 > GET http://localhost:2375/networks
1 > Accept: application/json

02:44:31.563 [Test worker] DEBUG o.a.h.c.protocol.RequestAddCookies - CookieSpec selected: default
02:44:31.563 [Test worker] DEBUG o.a.h.c.protocol.RequestAuthCache - Auth cache not set in the context
02:44:31.563 [Test worker] DEBUG c.g.d.j.JerseyDockerCmdExecFactory$1 - Connection request: [route: {}->http://localhost:2375][total kept alive: 0; route allocated: 0 of 2; total allocated: 0 of 20]
02:44:31.563 [Test worker] DEBUG c.g.d.j.JerseyDockerCmdExecFactory$1 - Connection leased: [id: 70][route: {}->http://localhost:2375][total kept alive: 0; route allocated: 1 of 2; total allocated: 1 of 20]
02:44:31.563 [Test worker] DEBUG o.a.h.impl.execchain.MainClientExec - Opening connection {}->http://localhost:2375
02:44:31.563 [Test worker] DEBUG o.a.h.i.c.DefaultHttpClientConnectionOperator - Connecting to localhost/127.0.0.1:2375
02:44:31.564 [Test worker] DEBUG o.a.h.i.c.DefaultHttpClientConnectionOperator - Connection established 127.0.0.1:57142<->127.0.0.1:2375
02:44:31.564 [Test worker] DEBUG o.a.h.impl.execchain.MainClientExec - Executing request GET /networks HTTP/1.1
02:44:31.564 [Test worker] DEBUG o.a.h.impl.execchain.MainClientExec - Target auth state: UNCHALLENGED
02:44:31.564 [Test worker] DEBUG o.a.h.impl.execchain.MainClientExec - Proxy auth state: UNCHALLENGED
02:44:31.564 [Test worker] DEBUG org.apache.http.headers - http-outgoing-70 >> GET /networks HTTP/1.1
02:44:31.564 [Test worker] DEBUG org.apache.http.headers - http-outgoing-70 >> Accept: application/json
02:44:31.564 [Test worker] DEBUG org.apache.http.headers - http-outgoing-70 >> User-Agent: Jersey/2.23.1 (Apache HttpClient 4.5.1)
02:44:31.564 [Test worker] DEBUG org.apache.http.headers - http-outgoing-70 >> Host: localhost:2375
02:44:31.564 [Test worker] DEBUG org.apache.http.headers - http-outgoing-70 >> Connection: Keep-Alive
02:44:31.564 [Test worker] DEBUG org.apache.http.headers - http-outgoing-70 >> Accept-Encoding: gzip,deflate
02:44:31.564 [Test worker] DEBUG org.apache.http.wire - http-outgoing-70 >> "GET /networks HTTP/1.1[\r][\n]"
02:44:31.564 [Test worker] DEBUG org.apache.http.wire - http-outgoing-70 >> "Accept: application/json[\r][\n]"
02:44:31.565 [Test worker] DEBUG org.apache.http.wire - http-outgoing-70 >> "User-Agent: Jersey/2.23.1 (Apache HttpClient 4.5.1)[\r][\n]"
02:44:31.565 [Test worker] DEBUG org.apache.http.wire - http-outgoing-70 >> "Host: localhost:2375[\r][\n]"
02:44:31.565 [Test worker] DEBUG org.apache.http.wire - http-outgoing-70 >> "Connection: Keep-Alive[\r][\n]"
02:44:31.565 [Test worker] DEBUG org.apache.http.wire - http-outgoing-70 >> "Accept-Encoding: gzip,deflate[\r][\n]"
02:44:31.565 [Test worker] DEBUG org.apache.http.wire - http-outgoing-70 >> "[\r][\n]"
02:44:31.565 [Test worker] DEBUG org.apache.http.wire - http-outgoing-70 << "HTTP/1.1 200 OK[\r][\n]"
02:44:31.565 [Test worker] DEBUG org.apache.http.wire - http-outgoing-70 << "Content-Type: application/json[\r][\n]"
02:44:31.565 [Test worker] DEBUG org.apache.http.wire - http-outgoing-70 << "Server: Docker/1.12.1 (linux)[\r][\n]"
02:44:31.565 [Test worker] DEBUG org.apache.http.wire - http-outgoing-70 << "Date: Tue, 18 Oct 2016 00:44:31 GMT[\r][\n]"
02:44:31.566 [Test worker] DEBUG org.apache.http.wire - http-outgoing-70 << "Content-Length: 1408[\r][\n]"
02:44:31.566 [Test worker] DEBUG org.apache.http.wire - http-outgoing-70 << "[\r][\n]"
02:44:31.566 [Test worker] DEBUG org.apache.http.wire - http-outgoing-70 << "[{"Name":"MyNetwork","Id":"80b13b76181f874e0d50b98487414cf836603b01d5178de54f3913248e5044b7","Scope":"local","Driver":"bridge","EnableIPv6":false,"IPAM":{"Driver":"default","Options":null,"Config":[{"Subnet":"172.19.0.0/16","Gateway":"172.19.0.1"}]},"Internal":false,"Containers":{},"Options":{},"Labels":{}},{"Name":"bridge","Id":"90941628611ab58d4fa4db6bcd1806afb9bf994c4562bea7ae3dc9153b373da5","Scope":"local","Driver":"bridge","EnableIPv6":false,"IPAM":{"Driver":"default","Options":null,"Config":[{"Subnet":"172.17.0.0/16","Gateway":"172.17.0.1"}]},"Internal":false,"Containers":{},"Options":{"com.docker.network.bridge.default_bridge":"true","com.docker.network.bridge.enable_icc":"true","com.docker.network.bridge.enable_ip_masquerade":"true","com.docker.network.bridge.host_binding_ipv4":"0.0.0.0","com.docker.network.bridge.name":"docker0","com.docker.network.driver.mtu":"1500"},"Labels":{}},{"Name":"none","Id":"4d89c194eb79cd2beb38458d10a1b98c74d6b8462af72afde29ae7aca53ed5ca","Scope":"local","Driver":"null","EnableIPv6":false,"IPAM":{"Driver":"default","Options":null,"Config":[]},"Internal":false,"Containers":{},"Options":{},"Labels":{}},{"Name":"host","Id":"fe042b0866671b5be4f097ba43830c0a02959c058702d18e18c14a24d88a357d","Scope":"local","Driver":"host","EnableIPv6":false,"IPAM":{"Driver":"default","Options":null,"Config":[]},"Internal":false,"Containers":{},"Options":{},"Labels":{}}][\n]"
02:44:31.566 [Test worker] DEBUG org.apache.http.headers - http-outgoing-70 << HTTP/1.1 200 OK
02:44:31.566 [Test worker] DEBUG org.apache.http.headers - http-outgoing-70 << Content-Type: application/json
02:44:31.566 [Test worker] DEBUG org.apache.http.headers - http-outgoing-70 << Server: Docker/1.12.1 (linux)
02:44:31.566 [Test worker] DEBUG org.apache.http.headers - http-outgoing-70 << Date: Tue, 18 Oct 2016 00:44:31 GMT
02:44:31.566 [Test worker] DEBUG org.apache.http.headers - http-outgoing-70 << Content-Length: 1408
02:44:31.566 [Test worker] DEBUG o.a.h.impl.execchain.MainClientExec - Connection can be kept alive indefinitely
02:44:31.566 [Test worker] DEBUG c.g.d.j.JerseyDockerCmdExecFactory - 2 * Client response received on thread Test worker
2 < 200
2 < Content-Length: 1408
2 < Content-Type: application/json
2 < Date: Tue, 18 Oct 2016 00:44:31 GMT
2 < Server: Docker/1.12.1 (linux)
[{"Name":"MyNetwork","Id":"80b13b76181f874e0d50b98487414cf836603b01d5178de54f3913248e5044b7","Scope":"local","Driver":"bridge","EnableIPv6":false,"IPAM":{"Driver":"default","Options":null,"Config":[{"Subnet":"172.19.0.0/16","Gateway":"172.19.0.1"}]},"Internal":false,"Containers":{},"Options":{},"Labels":{}},{"Name":"bridge","Id":"90941628611ab58d4fa4db6bcd1806afb9bf994c4562bea7ae3dc9153b373da5","Scope":"local","Driver":"bridge","EnableIPv6":false,"IPAM":{"Driver":"default","Options":null,"Config":[{"Subnet":"172.17.0.0/16","Gateway":"172.17.0.1"}]},"Internal":false,"Containers":{},"Options":{"com.docker.network.bridge.default_bridge":"true","com.docker.network.bridge.enable_icc":"true","com.docker.network.bridge.enable_ip_masquerade":"true","com.docker.network.bridge.host_binding_ipv4":"0.0.0.0","com.docker.network.bridge.name":"docker0","com.docker.network.driver.mtu":"1500"},"Labels":{}},{"Name":"none","Id":"4d89c194eb79cd2beb38458d10a1b98c74d6b8462af72afde29ae7aca53ed5ca","Scope":"local","Driver":"null","EnableIPv6":false,"IPAM":{"Driver":"default","Options":null,"Config":[]},"Internal":false,"Containers":{},"Options":{},"Labels":{}},{"Name":"host","Id":"fe042b0866671b5be4f097ba43830c0a02959c058702d18e18c14a24d88a357d","Scope":"local","Driver":"host","EnableIPv6":false,"IPAM":{"Driver":"default","Options":null,"Config":[]},"Internal":false,"Containers":{},"Options":{},"Labels":{}}]


02:44:31.570 [Test worker] DEBUG o.a.h.i.c.DefaultManagedHttpClientConnection - http-outgoing-70: Close connection
02:44:31.574 [Test worker] DEBUG o.a.h.impl.execchain.MainClientExec - Connection discarded
02:44:31.574 [Test worker] DEBUG c.g.d.j.JerseyDockerCmdExecFactory$1 - Connection released: [id: 70][route: {}->http://localhost:2375][total kept alive: 0; route allocated: 0 of 2; total allocated: 0 of 20]
02:44:31.574 [Test worker] DEBUG org.openbaton.docker.DockerVim - Found a docker network, transformed into a NFV network Network{id='80b13b76181f874e0d50b98487414cf836603b01d5178de54f3913248e5044b7', name='MyNetwork', extId='null', external=false, shared=false, subnets=[Subnet{id='null', version=0, name='bridge', extId='null', networkId='172.19.0.0/16', cidr='null', gatewayIp='172.19.0.1'}]}
02:44:31.575 [Test worker] DEBUG c.g.d.core.command.AbstrDockerCmd - Cmd: 80b13b76181f874e0d50b98487414cf836603b01d5178de54f3913248e5044b7,com.github.dockerjava.jaxrs.RemoveNetworkCmdExec@472cb01d
02:44:31.623 [Test worker] DEBUG c.g.d.j.JerseyDockerCmdExecFactory - 1 * Sending client request on thread Test worker
1 > DELETE http://localhost:2375/networks/80b13b76181f874e0d50b98487414cf836603b01d5178de54f3913248e5044b7
1 > Accept: application/json

02:44:31.626 [Test worker] DEBUG o.a.h.c.protocol.RequestAddCookies - CookieSpec selected: default
02:44:31.626 [Test worker] DEBUG o.a.h.c.protocol.RequestAuthCache - Auth cache not set in the context
02:44:31.626 [Test worker] DEBUG c.g.d.j.JerseyDockerCmdExecFactory$1 - Connection request: [route: {}->http://localhost:2375][total kept alive: 0; route allocated: 0 of 2; total allocated: 0 of 20]
02:44:31.627 [Test worker] DEBUG c.g.d.j.JerseyDockerCmdExecFactory$1 - Connection leased: [id: 71][route: {}->http://localhost:2375][total kept alive: 0; route allocated: 1 of 2; total allocated: 1 of 20]
02:44:31.627 [Test worker] DEBUG o.a.h.impl.execchain.MainClientExec - Opening connection {}->http://localhost:2375
02:44:31.627 [Test worker] DEBUG o.a.h.i.c.DefaultHttpClientConnectionOperator - Connecting to localhost/127.0.0.1:2375
02:44:31.627 [Test worker] DEBUG o.a.h.i.c.DefaultHttpClientConnectionOperator - Connection established 127.0.0.1:57144<->127.0.0.1:2375
02:44:31.627 [Test worker] DEBUG o.a.h.impl.execchain.MainClientExec - Executing request DELETE /networks/80b13b76181f874e0d50b98487414cf836603b01d5178de54f3913248e5044b7 HTTP/1.1
02:44:31.627 [Test worker] DEBUG o.a.h.impl.execchain.MainClientExec - Target auth state: UNCHALLENGED
02:44:31.627 [Test worker] DEBUG o.a.h.impl.execchain.MainClientExec - Proxy auth state: UNCHALLENGED
02:44:31.627 [Test worker] DEBUG org.apache.http.headers - http-outgoing-71 >> DELETE /networks/80b13b76181f874e0d50b98487414cf836603b01d5178de54f3913248e5044b7 HTTP/1.1
02:44:31.627 [Test worker] DEBUG org.apache.http.headers - http-outgoing-71 >> Accept: application/json
02:44:31.627 [Test worker] DEBUG org.apache.http.headers - http-outgoing-71 >> User-Agent: Jersey/2.23.1 (Apache HttpClient 4.5.1)
02:44:31.628 [Test worker] DEBUG org.apache.http.headers - http-outgoing-71 >> Host: localhost:2375
02:44:31.628 [Test worker] DEBUG org.apache.http.headers - http-outgoing-71 >> Connection: Keep-Alive
02:44:31.628 [Test worker] DEBUG org.apache.http.headers - http-outgoing-71 >> Accept-Encoding: gzip,deflate
02:44:31.628 [Test worker] DEBUG org.apache.http.wire - http-outgoing-71 >> "DELETE /networks/80b13b76181f874e0d50b98487414cf836603b01d5178de54f3913248e5044b7 HTTP/1.1[\r][\n]"
02:44:31.628 [Test worker] DEBUG org.apache.http.wire - http-outgoing-71 >> "Accept: application/json[\r][\n]"
02:44:31.628 [Test worker] DEBUG org.apache.http.wire - http-outgoing-71 >> "User-Agent: Jersey/2.23.1 (Apache HttpClient 4.5.1)[\r][\n]"
02:44:31.628 [Test worker] DEBUG org.apache.http.wire - http-outgoing-71 >> "Host: localhost:2375[\r][\n]"
02:44:31.628 [Test worker] DEBUG org.apache.http.wire - http-outgoing-71 >> "Connection: Keep-Alive[\r][\n]"
02:44:31.628 [Test worker] DEBUG org.apache.http.wire - http-outgoing-71 >> "Accept-Encoding: gzip,deflate[\r][\n]"
02:44:31.628 [Test worker] DEBUG org.apache.http.wire - http-outgoing-71 >> "[\r][\n]"
02:44:31.712 [Test worker] DEBUG org.apache.http.wire - http-outgoing-71 << "HTTP/1.1 204 No Content[\r][\n]"
02:44:31.712 [Test worker] DEBUG org.apache.http.wire - http-outgoing-71 << "Server: Docker/1.12.1 (linux)[\r][\n]"
02:44:31.712 [Test worker] DEBUG org.apache.http.wire - http-outgoing-71 << "Date: Tue, 18 Oct 2016 00:44:31 GMT[\r][\n]"
02:44:31.712 [Test worker] DEBUG org.apache.http.wire - http-outgoing-71 << "[\r][\n]"
02:44:31.712 [Test worker] DEBUG org.apache.http.headers - http-outgoing-71 << HTTP/1.1 204 No Content
02:44:31.712 [Test worker] DEBUG org.apache.http.headers - http-outgoing-71 << Server: Docker/1.12.1 (linux)
02:44:31.712 [Test worker] DEBUG org.apache.http.headers - http-outgoing-71 << Date: Tue, 18 Oct 2016 00:44:31 GMT
02:44:31.712 [Test worker] DEBUG o.a.h.impl.execchain.MainClientExec - Connection can be kept alive indefinitely
02:44:31.712 [Test worker] DEBUG c.g.d.j.JerseyDockerCmdExecFactory$1 - Connection [id: 71][route: {}->http://localhost:2375] can be kept alive indefinitely
02:44:31.712 [Test worker] DEBUG c.g.d.j.JerseyDockerCmdExecFactory$1 - Connection released: [id: 71][route: {}->http://localhost:2375][total kept alive: 1; route allocated: 1 of 2; total allocated: 1 of 20]
02:44:31.712 [Test worker] DEBUG c.g.d.j.JerseyDockerCmdExecFactory - 2 * Client response received on thread Test worker
2 < 204
2 < Date: Tue, 18 Oct 2016 00:44:31 GMT
2 < Server: Docker/1.12.1 (linux)

02:44:31.712 [Test worker] DEBUG org.openbaton.docker.DockerVim - Network deleted successfully
02:44:31.712 [Test worker] DEBUG c.g.d.core.command.AbstrDockerCmd - Cmd: com.github.dockerjava.core.util.FiltersBuilder@0,com.github.dockerjava.jaxrs.ListVolumesCmdExec@6110dd13
02:44:31.712 [Test worker] DEBUG c.g.d.j.JerseyDockerCmdExecFactory - 3 * Sending client request on thread Test worker
3 > GET http://localhost:2375/volumes
3 > Accept: application/json

02:44:31.712 [Test worker] DEBUG o.a.h.c.protocol.RequestAddCookies - CookieSpec selected: default
02:44:31.713 [Test worker] DEBUG o.a.h.c.protocol.RequestAuthCache - Auth cache not set in the context
02:44:31.713 [Test worker] DEBUG c.g.d.j.JerseyDockerCmdExecFactory$1 - Connection request: [route: {}->http://localhost:2375][total kept alive: 0; route allocated: 0 of 2; total allocated: 0 of 20]
02:44:31.713 [Test worker] DEBUG c.g.d.j.JerseyDockerCmdExecFactory$1 - Connection leased: [id: 72][route: {}->http://localhost:2375][total kept alive: 0; route allocated: 1 of 2; total allocated: 1 of 20]
02:44:31.713 [Test worker] DEBUG o.a.h.impl.execchain.MainClientExec - Opening connection {}->http://localhost:2375
02:44:31.713 [Test worker] DEBUG o.a.h.i.c.DefaultHttpClientConnectionOperator - Connecting to localhost/127.0.0.1:2375
02:44:31.713 [Test worker] DEBUG o.a.h.i.c.DefaultHttpClientConnectionOperator - Connection established 127.0.0.1:57146<->127.0.0.1:2375
02:44:31.713 [Test worker] DEBUG o.a.h.impl.execchain.MainClientExec - Executing request GET /volumes HTTP/1.1
02:44:31.713 [Test worker] DEBUG o.a.h.impl.execchain.MainClientExec - Target auth state: UNCHALLENGED
02:44:31.713 [Test worker] DEBUG o.a.h.impl.execchain.MainClientExec - Proxy auth state: UNCHALLENGED
02:44:31.714 [Test worker] DEBUG org.apache.http.headers - http-outgoing-72 >> GET /volumes HTTP/1.1
02:44:31.714 [Test worker] DEBUG org.apache.http.headers - http-outgoing-72 >> Accept: application/json
02:44:31.714 [Test worker] DEBUG org.apache.http.headers - http-outgoing-72 >> User-Agent: Jersey/2.23.1 (Apache HttpClient 4.5.1)
02:44:31.714 [Test worker] DEBUG org.apache.http.headers - http-outgoing-72 >> Host: localhost:2375
02:44:31.714 [Test worker] DEBUG org.apache.http.headers - http-outgoing-72 >> Connection: Keep-Alive
02:44:31.714 [Test worker] DEBUG org.apache.http.headers - http-outgoing-72 >> Accept-Encoding: gzip,deflate
02:44:31.714 [Test worker] DEBUG org.apache.http.wire - http-outgoing-72 >> "GET /volumes HTTP/1.1[\r][\n]"
02:44:31.714 [Test worker] DEBUG org.apache.http.wire - http-outgoing-72 >> "Accept: application/json[\r][\n]"
02:44:31.714 [Test worker] DEBUG org.apache.http.wire - http-outgoing-72 >> "User-Agent: Jersey/2.23.1 (Apache HttpClient 4.5.1)[\r][\n]"
02:44:31.714 [Test worker] DEBUG org.apache.http.wire - http-outgoing-72 >> "Host: localhost:2375[\r][\n]"
02:44:31.714 [Test worker] DEBUG org.apache.http.wire - http-outgoing-72 >> "Connection: Keep-Alive[\r][\n]"
02:44:31.714 [Test worker] DEBUG org.apache.http.wire - http-outgoing-72 >> "Accept-Encoding: gzip,deflate[\r][\n]"
02:44:31.714 [Test worker] DEBUG org.apache.http.wire - http-outgoing-72 >> "[\r][\n]"
02:44:31.715 [Test worker] DEBUG org.apache.http.wire - http-outgoing-72 << "HTTP/1.1 200 OK[\r][\n]"
02:44:31.715 [Test worker] DEBUG org.apache.http.wire - http-outgoing-72 << "Content-Type: application/json[\r][\n]"
02:44:31.715 [Test worker] DEBUG org.apache.http.wire - http-outgoing-72 << "Server: Docker/1.12.1 (linux)[\r][\n]"
02:44:31.715 [Test worker] DEBUG org.apache.http.wire - http-outgoing-72 << "Date: Tue, 18 Oct 2016 00:44:31 GMT[\r][\n]"
02:44:31.715 [Test worker] DEBUG org.apache.http.wire - http-outgoing-72 << "Content-Length: 33[\r][\n]"
02:44:31.715 [Test worker] DEBUG org.apache.http.wire - http-outgoing-72 << "[\r][\n]"
02:44:31.715 [Test worker] DEBUG org.apache.http.wire - http-outgoing-72 << "{"Volumes":null,"Warnings":null}[\n]"
02:44:31.715 [Test worker] DEBUG org.apache.http.headers - http-outgoing-72 << HTTP/1.1 200 OK
02:44:31.715 [Test worker] DEBUG org.apache.http.headers - http-outgoing-72 << Content-Type: application/json
02:44:31.715 [Test worker] DEBUG org.apache.http.headers - http-outgoing-72 << Server: Docker/1.12.1 (linux)
02:44:31.716 [Test worker] DEBUG org.apache.http.headers - http-outgoing-72 << Date: Tue, 18 Oct 2016 00:44:31 GMT
02:44:31.716 [Test worker] DEBUG org.apache.http.headers - http-outgoing-72 << Content-Length: 33
02:44:31.716 [Test worker] DEBUG o.a.h.impl.execchain.MainClientExec - Connection can be kept alive indefinitely
02:44:31.716 [Test worker] DEBUG c.g.d.j.JerseyDockerCmdExecFactory - 4 * Client response received on thread Test worker
4 < 200
4 < Content-Length: 33
4 < Content-Type: application/json
4 < Date: Tue, 18 Oct 2016 00:44:31 GMT
4 < Server: Docker/1.12.1 (linux)
{"Volumes":null,"Warnings":null}


02:44:31.717 [Test worker] DEBUG o.a.h.i.c.DefaultManagedHttpClientConnection - http-outgoing-72: Close connection
02:44:31.717 [Test worker] DEBUG o.a.h.impl.execchain.MainClientExec - Connection discarded
02:44:31.717 [Test worker] DEBUG c.g.d.j.JerseyDockerCmdExecFactory$1 - Connection released: [id: 72][route: {}->http://localhost:2375][total kept alive: 0; route allocated: 0 of 2; total allocated: 0 of 20]
02:44:31.720 [Test worker] DEBUG org.openbaton.docker.DockerVim - Loading properties
02:44:31.722 [Test worker] DEBUG org.openbaton.docker.DockerVim - Loaded properties: {type=docker}
02:44:31.726 [Test worker] DEBUG c.g.d.core.command.AbstrDockerCmd - Cmd: -1,<null>,true,<null>,<null>,com.github.dockerjava.core.util.FiltersBuilder@0,com.github.dockerjava.jaxrs.ListContainersCmdExec@7cf9175c
02:44:31.757 [Test worker] DEBUG c.g.d.j.JerseyDockerCmdExecFactory - 1 * Sending client request on thread Test worker
1 > GET http://localhost:2375/containers/json?all=true
1 > Accept: application/json

02:44:31.758 [Test worker] DEBUG o.a.h.c.protocol.RequestAddCookies - CookieSpec selected: default
02:44:31.759 [Test worker] DEBUG o.a.h.c.protocol.RequestAuthCache - Auth cache not set in the context
02:44:31.759 [Test worker] DEBUG c.g.d.j.JerseyDockerCmdExecFactory$1 - Connection request: [route: {}->http://localhost:2375][total kept alive: 0; route allocated: 0 of 2; total allocated: 0 of 20]
02:44:31.759 [Test worker] DEBUG c.g.d.j.JerseyDockerCmdExecFactory$1 - Connection leased: [id: 73][route: {}->http://localhost:2375][total kept alive: 0; route allocated: 1 of 2; total allocated: 1 of 20]
02:44:31.759 [Test worker] DEBUG o.a.h.impl.execchain.MainClientExec - Opening connection {}->http://localhost:2375
02:44:31.759 [Test worker] DEBUG o.a.h.i.c.DefaultHttpClientConnectionOperator - Connecting to localhost/127.0.0.1:2375
02:44:31.762 [Test worker] DEBUG o.a.h.i.c.DefaultHttpClientConnectionOperator - Connection established 127.0.0.1:57148<->127.0.0.1:2375
02:44:31.762 [Test worker] DEBUG o.a.h.impl.execchain.MainClientExec - Executing request GET /containers/json?all=true HTTP/1.1
02:44:31.762 [Test worker] DEBUG o.a.h.impl.execchain.MainClientExec - Target auth state: UNCHALLENGED
02:44:31.764 [Test worker] DEBUG o.a.h.impl.execchain.MainClientExec - Proxy auth state: UNCHALLENGED
02:44:31.764 [Test worker] DEBUG org.apache.http.headers - http-outgoing-73 >> GET /containers/json?all=true HTTP/1.1
02:44:31.764 [Test worker] DEBUG org.apache.http.headers - http-outgoing-73 >> Accept: application/json
02:44:31.764 [Test worker] DEBUG org.apache.http.headers - http-outgoing-73 >> User-Agent: Jersey/2.23.1 (Apache HttpClient 4.5.1)
02:44:31.764 [Test worker] DEBUG org.apache.http.headers - http-outgoing-73 >> Host: localhost:2375
02:44:31.764 [Test worker] DEBUG org.apache.http.headers - http-outgoing-73 >> Connection: Keep-Alive
02:44:31.764 [Test worker] DEBUG org.apache.http.headers - http-outgoing-73 >> Accept-Encoding: gzip,deflate
02:44:31.764 [Test worker] DEBUG org.apache.http.wire - http-outgoing-73 >> "GET /containers/json?all=true HTTP/1.1[\r][\n]"
02:44:31.764 [Test worker] DEBUG org.apache.http.wire - http-outgoing-73 >> "Accept: application/json[\r][\n]"
02:44:31.764 [Test worker] DEBUG org.apache.http.wire - http-outgoing-73 >> "User-Agent: Jersey/2.23.1 (Apache HttpClient 4.5.1)[\r][\n]"
02:44:31.764 [Test worker] DEBUG org.apache.http.wire - http-outgoing-73 >> "Host: localhost:2375[\r][\n]"
02:44:31.764 [Test worker] DEBUG org.apache.http.wire - http-outgoing-73 >> "Connection: Keep-Alive[\r][\n]"
02:44:31.765 [Test worker] DEBUG org.apache.http.wire - http-outgoing-73 >> "Accept-Encoding: gzip,deflate[\r][\n]"
02:44:31.765 [Test worker] DEBUG org.apache.http.wire - http-outgoing-73 >> "[\r][\n]"
02:44:31.765 [Test worker] DEBUG org.apache.http.wire - http-outgoing-73 << "HTTP/1.1 200 OK[\r][\n]"
02:44:31.765 [Test worker] DEBUG org.apache.http.wire - http-outgoing-73 << "Content-Type: application/json[\r][\n]"
02:44:31.765 [Test worker] DEBUG org.apache.http.wire - http-outgoing-73 << "Server: Docker/1.12.1 (linux)[\r][\n]"
02:44:31.765 [Test worker] DEBUG org.apache.http.wire - http-outgoing-73 << "Date: Tue, 18 Oct 2016 00:44:31 GMT[\r][\n]"
02:44:31.765 [Test worker] DEBUG org.apache.http.wire - http-outgoing-73 << "Content-Length: 3[\r][\n]"
02:44:31.765 [Test worker] DEBUG org.apache.http.wire - http-outgoing-73 << "[\r][\n]"
02:44:31.765 [Test worker] DEBUG org.apache.http.wire - http-outgoing-73 << "[][\n]"
02:44:31.766 [Test worker] DEBUG org.apache.http.headers - http-outgoing-73 << HTTP/1.1 200 OK
02:44:31.766 [Test worker] DEBUG org.apache.http.headers - http-outgoing-73 << Content-Type: application/json
02:44:31.766 [Test worker] DEBUG org.apache.http.headers - http-outgoing-73 << Server: Docker/1.12.1 (linux)
02:44:31.766 [Test worker] DEBUG org.apache.http.headers - http-outgoing-73 << Date: Tue, 18 Oct 2016 00:44:31 GMT
02:44:31.766 [Test worker] DEBUG org.apache.http.headers - http-outgoing-73 << Content-Length: 3
02:44:31.766 [Test worker] DEBUG o.a.h.impl.execchain.MainClientExec - Connection can be kept alive indefinitely
02:44:31.766 [Test worker] DEBUG c.g.d.j.JerseyDockerCmdExecFactory - 2 * Client response received on thread Test worker
2 < 200
2 < Content-Length: 3
2 < Content-Type: application/json
2 < Date: Tue, 18 Oct 2016 00:44:31 GMT
2 < Server: Docker/1.12.1 (linux)
[]


02:44:31.767 [Test worker] DEBUG c.g.d.j.JerseyDockerCmdExecFactory$1 - Connection [id: 73][route: {}->http://localhost:2375] can be kept alive indefinitely
02:44:31.768 [Test worker] DEBUG c.g.d.j.JerseyDockerCmdExecFactory$1 - Connection released: [id: 73][route: {}->http://localhost:2375][total kept alive: 1; route allocated: 1 of 2; total allocated: 1 of 20]
02:44:31.790 [Test worker] DEBUG c.g.d.core.command.AbstrDockerCmd - Cmd: com.github.dockerjava.core.util.FiltersBuilder@0,com.github.dockerjava.jaxrs.ListNetworksCmdExec@48c39033
02:44:31.822 [Test worker] DEBUG c.g.d.j.JerseyDockerCmdExecFactory - 1 * Sending client request on thread Test worker
1 > GET http://localhost:2375/networks
1 > Accept: application/json

02:44:31.822 [Test worker] DEBUG o.a.h.c.protocol.RequestAddCookies - CookieSpec selected: default
02:44:31.822 [Test worker] DEBUG o.a.h.c.protocol.RequestAuthCache - Auth cache not set in the context
02:44:31.822 [Test worker] DEBUG c.g.d.j.JerseyDockerCmdExecFactory$1 - Connection request: [route: {}->http://localhost:2375][total kept alive: 0; route allocated: 0 of 2; total allocated: 0 of 20]
02:44:31.822 [Test worker] DEBUG c.g.d.j.JerseyDockerCmdExecFactory$1 - Connection leased: [id: 74][route: {}->http://localhost:2375][total kept alive: 0; route allocated: 1 of 2; total allocated: 1 of 20]
02:44:31.823 [Test worker] DEBUG o.a.h.impl.execchain.MainClientExec - Opening connection {}->http://localhost:2375
02:44:31.823 [Test worker] DEBUG o.a.h.i.c.DefaultHttpClientConnectionOperator - Connecting to localhost/127.0.0.1:2375
02:44:31.826 [Test worker] DEBUG o.a.h.i.c.DefaultHttpClientConnectionOperator - Connection established 127.0.0.1:57150<->127.0.0.1:2375
02:44:31.826 [Test worker] DEBUG o.a.h.impl.execchain.MainClientExec - Executing request GET /networks HTTP/1.1
02:44:31.826 [Test worker] DEBUG o.a.h.impl.execchain.MainClientExec - Target auth state: UNCHALLENGED
02:44:31.826 [Test worker] DEBUG o.a.h.impl.execchain.MainClientExec - Proxy auth state: UNCHALLENGED
02:44:31.826 [Test worker] DEBUG org.apache.http.headers - http-outgoing-74 >> GET /networks HTTP/1.1
02:44:31.827 [Test worker] DEBUG org.apache.http.headers - http-outgoing-74 >> Accept: application/json
02:44:31.827 [Test worker] DEBUG org.apache.http.headers - http-outgoing-74 >> User-Agent: Jersey/2.23.1 (Apache HttpClient 4.5.1)
02:44:31.827 [Test worker] DEBUG org.apache.http.headers - http-outgoing-74 >> Host: localhost:2375
02:44:31.827 [Test worker] DEBUG org.apache.http.headers - http-outgoing-74 >> Connection: Keep-Alive
02:44:31.827 [Test worker] DEBUG org.apache.http.headers - http-outgoing-74 >> Accept-Encoding: gzip,deflate
02:44:31.827 [Test worker] DEBUG org.apache.http.wire - http-outgoing-74 >> "GET /networks HTTP/1.1[\r][\n]"
02:44:31.827 [Test worker] DEBUG org.apache.http.wire - http-outgoing-74 >> "Accept: application/json[\r][\n]"
02:44:31.827 [Test worker] DEBUG org.apache.http.wire - http-outgoing-74 >> "User-Agent: Jersey/2.23.1 (Apache HttpClient 4.5.1)[\r][\n]"
02:44:31.827 [Test worker] DEBUG org.apache.http.wire - http-outgoing-74 >> "Host: localhost:2375[\r][\n]"
02:44:31.827 [Test worker] DEBUG org.apache.http.wire - http-outgoing-74 >> "Connection: Keep-Alive[\r][\n]"
02:44:31.827 [Test worker] DEBUG org.apache.http.wire - http-outgoing-74 >> "Accept-Encoding: gzip,deflate[\r][\n]"
02:44:31.827 [Test worker] DEBUG org.apache.http.wire - http-outgoing-74 >> "[\r][\n]"
02:44:31.828 [Test worker] DEBUG org.apache.http.wire - http-outgoing-74 << "HTTP/1.1 200 OK[\r][\n]"
02:44:31.828 [Test worker] DEBUG org.apache.http.wire - http-outgoing-74 << "Content-Type: application/json[\r][\n]"
02:44:31.828 [Test worker] DEBUG org.apache.http.wire - http-outgoing-74 << "Server: Docker/1.12.1 (linux)[\r][\n]"
02:44:31.828 [Test worker] DEBUG org.apache.http.wire - http-outgoing-74 << "Date: Tue, 18 Oct 2016 00:44:31 GMT[\r][\n]"
02:44:31.828 [Test worker] DEBUG org.apache.http.wire - http-outgoing-74 << "Content-Length: 1100[\r][\n]"
02:44:31.828 [Test worker] DEBUG org.apache.http.wire - http-outgoing-74 << "[\r][\n]"
02:44:31.828 [Test worker] DEBUG org.apache.http.wire - http-outgoing-74 << "[{"Name":"bridge","Id":"90941628611ab58d4fa4db6bcd1806afb9bf994c4562bea7ae3dc9153b373da5","Scope":"local","Driver":"bridge","EnableIPv6":false,"IPAM":{"Driver":"default","Options":null,"Config":[{"Subnet":"172.17.0.0/16","Gateway":"172.17.0.1"}]},"Internal":false,"Containers":{},"Options":{"com.docker.network.bridge.default_bridge":"true","com.docker.network.bridge.enable_icc":"true","com.docker.network.bridge.enable_ip_masquerade":"true","com.docker.network.bridge.host_binding_ipv4":"0.0.0.0","com.docker.network.bridge.name":"docker0","com.docker.network.driver.mtu":"1500"},"Labels":{}},{"Name":"none","Id":"4d89c194eb79cd2beb38458d10a1b98c74d6b8462af72afde29ae7aca53ed5ca","Scope":"local","Driver":"null","EnableIPv6":false,"IPAM":{"Driver":"default","Options":null,"Config":[]},"Internal":false,"Containers":{},"Options":{},"Labels":{}},{"Name":"host","Id":"fe042b0866671b5be4f097ba43830c0a02959c058702d18e18c14a24d88a357d","Scope":"local","Driver":"host","EnableIPv6":false,"IPAM":{"Driver":"default","Options":null,"Config":[]},"Internal":false,"Containers":{},"Options":{},"Labels":{}}][\n]"
02:44:31.828 [Test worker] DEBUG org.apache.http.headers - http-outgoing-74 << HTTP/1.1 200 OK
02:44:31.828 [Test worker] DEBUG org.apache.http.headers - http-outgoing-74 << Content-Type: application/json
02:44:31.828 [Test worker] DEBUG org.apache.http.headers - http-outgoing-74 << Server: Docker/1.12.1 (linux)
02:44:31.829 [Test worker] DEBUG org.apache.http.headers - http-outgoing-74 << Date: Tue, 18 Oct 2016 00:44:31 GMT
02:44:31.829 [Test worker] DEBUG org.apache.http.headers - http-outgoing-74 << Content-Length: 1100
02:44:31.829 [Test worker] DEBUG o.a.h.impl.execchain.MainClientExec - Connection can be kept alive indefinitely
02:44:31.829 [Test worker] DEBUG c.g.d.j.JerseyDockerCmdExecFactory - 2 * Client response received on thread Test worker
2 < 200
2 < Content-Length: 1100
2 < Content-Type: application/json
2 < Date: Tue, 18 Oct 2016 00:44:31 GMT
2 < Server: Docker/1.12.1 (linux)
[{"Name":"bridge","Id":"90941628611ab58d4fa4db6bcd1806afb9bf994c4562bea7ae3dc9153b373da5","Scope":"local","Driver":"bridge","EnableIPv6":false,"IPAM":{"Driver":"default","Options":null,"Config":[{"Subnet":"172.17.0.0/16","Gateway":"172.17.0.1"}]},"Internal":false,"Containers":{},"Options":{"com.docker.network.bridge.default_bridge":"true","com.docker.network.bridge.enable_icc":"true","com.docker.network.bridge.enable_ip_masquerade":"true","com.docker.network.bridge.host_binding_ipv4":"0.0.0.0","com.docker.network.bridge.name":"docker0","com.docker.network.driver.mtu":"1500"},"Labels":{}},{"Name":"none","Id":"4d89c194eb79cd2beb38458d10a1b98c74d6b8462af72afde29ae7aca53ed5ca","Scope":"local","Driver":"null","EnableIPv6":false,"IPAM":{"Driver":"default","Options":null,"Config":[]},"Internal":false,"Containers":{},"Options":{},"Labels":{}},{"Name":"host","Id":"fe042b0866671b5be4f097ba43830c0a02959c058702d18e18c14a24d88a357d","Scope":"local","Driver":"host","EnableIPv6":false,"IPAM":{"Driver":"default","Options":null,"Config":[]},"Internal":false,"Containers":{},"Options":{},"Labels":{}}]


02:44:31.839 [Test worker] DEBUG o.a.h.i.c.DefaultManagedHttpClientConnection - http-outgoing-74: Close connection
02:44:31.840 [Test worker] DEBUG o.a.h.impl.execchain.MainClientExec - Connection discarded
02:44:31.840 [Test worker] DEBUG c.g.d.j.JerseyDockerCmdExecFactory$1 - Connection released: [id: 74][route: {}->http://localhost:2375][total kept alive: 0; route allocated: 0 of 2; total allocated: 0 of 20]
02:44:31.840 [Test worker] DEBUG c.g.d.core.command.AbstrDockerCmd - Cmd: com.github.dockerjava.core.util.FiltersBuilder@0,com.github.dockerjava.jaxrs.ListVolumesCmdExec@126c0233
02:44:31.867 [Test worker] DEBUG c.g.d.j.JerseyDockerCmdExecFactory - 1 * Sending client request on thread Test worker
1 > GET http://localhost:2375/volumes
1 > Accept: application/json

02:44:31.869 [Test worker] DEBUG o.a.h.c.protocol.RequestAddCookies - CookieSpec selected: default
02:44:31.870 [Test worker] DEBUG o.a.h.c.protocol.RequestAuthCache - Auth cache not set in the context
02:44:31.870 [Test worker] DEBUG c.g.d.j.JerseyDockerCmdExecFactory$1 - Connection request: [route: {}->http://localhost:2375][total kept alive: 0; route allocated: 0 of 2; total allocated: 0 of 20]
02:44:31.870 [Test worker] DEBUG c.g.d.j.JerseyDockerCmdExecFactory$1 - Connection leased: [id: 75][route: {}->http://localhost:2375][total kept alive: 0; route allocated: 1 of 2; total allocated: 1 of 20]
02:44:31.874 [Test worker] DEBUG o.a.h.impl.execchain.MainClientExec - Opening connection {}->http://localhost:2375
02:44:31.874 [Test worker] DEBUG o.a.h.i.c.DefaultHttpClientConnectionOperator - Connecting to localhost/127.0.0.1:2375
02:44:31.874 [Test worker] DEBUG o.a.h.i.c.DefaultHttpClientConnectionOperator - Connection established 127.0.0.1:57152<->127.0.0.1:2375
02:44:31.875 [Test worker] DEBUG o.a.h.impl.execchain.MainClientExec - Executing request GET /volumes HTTP/1.1
02:44:31.875 [Test worker] DEBUG o.a.h.impl.execchain.MainClientExec - Target auth state: UNCHALLENGED
02:44:31.875 [Test worker] DEBUG o.a.h.impl.execchain.MainClientExec - Proxy auth state: UNCHALLENGED
02:44:31.875 [Test worker] DEBUG org.apache.http.headers - http-outgoing-75 >> GET /volumes HTTP/1.1
02:44:31.875 [Test worker] DEBUG org.apache.http.headers - http-outgoing-75 >> Accept: application/json
02:44:31.875 [Test worker] DEBUG org.apache.http.headers - http-outgoing-75 >> User-Agent: Jersey/2.23.1 (Apache HttpClient 4.5.1)
02:44:31.876 [Test worker] DEBUG org.apache.http.headers - http-outgoing-75 >> Host: localhost:2375
02:44:31.876 [Test worker] DEBUG org.apache.http.headers - http-outgoing-75 >> Connection: Keep-Alive
02:44:31.876 [Test worker] DEBUG org.apache.http.headers - http-outgoing-75 >> Accept-Encoding: gzip,deflate
02:44:31.876 [Test worker] DEBUG org.apache.http.wire - http-outgoing-75 >> "GET /volumes HTTP/1.1[\r][\n]"
02:44:31.876 [Test worker] DEBUG org.apache.http.wire - http-outgoing-75 >> "Accept: application/json[\r][\n]"
02:44:31.876 [Test worker] DEBUG org.apache.http.wire - http-outgoing-75 >> "User-Agent: Jersey/2.23.1 (Apache HttpClient 4.5.1)[\r][\n]"
02:44:31.876 [Test worker] DEBUG org.apache.http.wire - http-outgoing-75 >> "Host: localhost:2375[\r][\n]"
02:44:31.877 [Test worker] DEBUG org.apache.http.wire - http-outgoing-75 >> "Connection: Keep-Alive[\r][\n]"
02:44:31.877 [Test worker] DEBUG org.apache.http.wire - http-outgoing-75 >> "Accept-Encoding: gzip,deflate[\r][\n]"
02:44:31.877 [Test worker] DEBUG org.apache.http.wire - http-outgoing-75 >> "[\r][\n]"
02:44:31.877 [Test worker] DEBUG org.apache.http.wire - http-outgoing-75 << "HTTP/1.1 200 OK[\r][\n]"
02:44:31.877 [Test worker] DEBUG org.apache.http.wire - http-outgoing-75 << "Content-Type: application/json[\r][\n]"
02:44:31.877 [Test worker] DEBUG org.apache.http.wire - http-outgoing-75 << "Server: Docker/1.12.1 (linux)[\r][\n]"
02:44:31.877 [Test worker] DEBUG org.apache.http.wire - http-outgoing-75 << "Date: Tue, 18 Oct 2016 00:44:31 GMT[\r][\n]"
02:44:31.877 [Test worker] DEBUG org.apache.http.wire - http-outgoing-75 << "Content-Length: 33[\r][\n]"
02:44:31.877 [Test worker] DEBUG org.apache.http.wire - http-outgoing-75 << "[\r][\n]"
02:44:31.877 [Test worker] DEBUG org.apache.http.wire - http-outgoing-75 << "{"Volumes":null,"Warnings":null}[\n]"
02:44:31.878 [Test worker] DEBUG org.apache.http.headers - http-outgoing-75 << HTTP/1.1 200 OK
02:44:31.879 [Test worker] DEBUG org.apache.http.headers - http-outgoing-75 << Content-Type: application/json
02:44:31.879 [Test worker] DEBUG org.apache.http.headers - http-outgoing-75 << Server: Docker/1.12.1 (linux)
02:44:31.879 [Test worker] DEBUG org.apache.http.headers - http-outgoing-75 << Date: Tue, 18 Oct 2016 00:44:31 GMT
02:44:31.879 [Test worker] DEBUG org.apache.http.headers - http-outgoing-75 << Content-Length: 33
02:44:31.879 [Test worker] DEBUG o.a.h.impl.execchain.MainClientExec - Connection can be kept alive indefinitely
02:44:31.879 [Test worker] DEBUG c.g.d.j.JerseyDockerCmdExecFactory - 2 * Client response received on thread Test worker
2 < 200
2 < Content-Length: 33
2 < Content-Type: application/json
2 < Date: Tue, 18 Oct 2016 00:44:31 GMT
2 < Server: Docker/1.12.1 (linux)
{"Volumes":null,"Warnings":null}


02:44:31.881 [Test worker] DEBUG o.a.h.i.c.DefaultManagedHttpClientConnection - http-outgoing-75: Close connection
02:44:31.886 [Test worker] DEBUG o.a.h.impl.execchain.MainClientExec - Connection discarded
02:44:31.886 [Test worker] DEBUG c.g.d.j.JerseyDockerCmdExecFactory$1 - Connection released: [id: 75][route: {}->http://localhost:2375][total kept alive: 0; route allocated: 0 of 2; total allocated: 0 of 20]
List of volumes: null
02:44:31.930 [dockerjava-jaxrs-async-0] DEBUG c.g.d.j.JerseyDockerCmdExecFactory - 1 * Sending client request on thread dockerjava-jaxrs-async-0
1 > POST http://localhost:2375/images/create?tag=latest&fromImage=hello-world
1 > Accept: application/octet-stream
1 > Content-Type: application/json

02:44:31.935 [dockerjava-jaxrs-async-0] DEBUG o.a.h.c.protocol.RequestAddCookies - CookieSpec selected: default
02:44:31.937 [dockerjava-jaxrs-async-0] DEBUG o.a.h.c.protocol.RequestAuthCache - Auth cache not set in the context
02:44:31.937 [dockerjava-jaxrs-async-0] DEBUG c.g.d.j.JerseyDockerCmdExecFactory$1 - Connection request: [route: {}->http://localhost:2375][total kept alive: 0; route allocated: 0 of 2; total allocated: 0 of 20]
02:44:31.937 [dockerjava-jaxrs-async-0] DEBUG c.g.d.j.JerseyDockerCmdExecFactory$1 - Connection leased: [id: 76][route: {}->http://localhost:2375][total kept alive: 0; route allocated: 1 of 2; total allocated: 1 of 20]
02:44:31.938 [dockerjava-jaxrs-async-0] DEBUG o.a.h.impl.execchain.MainClientExec - Opening connection {}->http://localhost:2375
02:44:31.938 [dockerjava-jaxrs-async-0] DEBUG o.a.h.i.c.DefaultHttpClientConnectionOperator - Connecting to localhost/127.0.0.1:2375
02:44:31.938 [dockerjava-jaxrs-async-0] DEBUG o.a.h.i.c.DefaultHttpClientConnectionOperator - Connection established 127.0.0.1:57154<->127.0.0.1:2375
02:44:31.938 [dockerjava-jaxrs-async-0] DEBUG o.a.h.impl.execchain.MainClientExec - Executing request POST /images/create?tag=latest&fromImage=hello-world HTTP/1.1
02:44:31.938 [dockerjava-jaxrs-async-0] DEBUG o.a.h.impl.execchain.MainClientExec - Target auth state: UNCHALLENGED
02:44:31.938 [dockerjava-jaxrs-async-0] DEBUG o.a.h.impl.execchain.MainClientExec - Proxy auth state: UNCHALLENGED
02:44:31.938 [dockerjava-jaxrs-async-0] DEBUG org.apache.http.headers - http-outgoing-76 >> POST /images/create?tag=latest&fromImage=hello-world HTTP/1.1
02:44:31.938 [dockerjava-jaxrs-async-0] DEBUG org.apache.http.headers - http-outgoing-76 >> Accept: application/octet-stream
02:44:31.938 [dockerjava-jaxrs-async-0] DEBUG org.apache.http.headers - http-outgoing-76 >> Content-Type: application/json
02:44:31.939 [dockerjava-jaxrs-async-0] DEBUG org.apache.http.headers - http-outgoing-76 >> User-Agent: Jersey/2.23.1 (Apache HttpClient 4.5.1)
02:44:31.939 [dockerjava-jaxrs-async-0] DEBUG org.apache.http.headers - http-outgoing-76 >> Host: localhost:2375
02:44:31.939 [dockerjava-jaxrs-async-0] DEBUG org.apache.http.headers - http-outgoing-76 >> Connection: Keep-Alive
02:44:31.939 [dockerjava-jaxrs-async-0] DEBUG org.apache.http.headers - http-outgoing-76 >> Accept-Encoding: gzip,deflate
02:44:31.939 [dockerjava-jaxrs-async-0] DEBUG org.apache.http.wire - http-outgoing-76 >> "POST /images/create?tag=latest&fromImage=hello-world HTTP/1.1[\r][\n]"
02:44:31.939 [dockerjava-jaxrs-async-0] DEBUG org.apache.http.wire - http-outgoing-76 >> "Accept: application/octet-stream[\r][\n]"
02:44:31.939 [dockerjava-jaxrs-async-0] DEBUG org.apache.http.wire - http-outgoing-76 >> "Content-Type: application/json[\r][\n]"
02:44:31.939 [dockerjava-jaxrs-async-0] DEBUG org.apache.http.wire - http-outgoing-76 >> "User-Agent: Jersey/2.23.1 (Apache HttpClient 4.5.1)[\r][\n]"
02:44:31.939 [dockerjava-jaxrs-async-0] DEBUG org.apache.http.wire - http-outgoing-76 >> "Host: localhost:2375[\r][\n]"
02:44:31.939 [dockerjava-jaxrs-async-0] DEBUG org.apache.http.wire - http-outgoing-76 >> "Connection: Keep-Alive[\r][\n]"
02:44:31.939 [dockerjava-jaxrs-async-0] DEBUG org.apache.http.wire - http-outgoing-76 >> "Accept-Encoding: gzip,deflate[\r][\n]"
02:44:31.939 [dockerjava-jaxrs-async-0] DEBUG org.apache.http.wire - http-outgoing-76 >> "[\r][\n]"
02:44:34.167 [dockerjava-jaxrs-async-0] DEBUG org.apache.http.wire - http-outgoing-76 << "HTTP/1.1 200 OK[\r][\n]"
02:44:34.168 [dockerjava-jaxrs-async-0] DEBUG org.apache.http.wire - http-outgoing-76 << "Content-Type: application/json[\r][\n]"
02:44:34.168 [dockerjava-jaxrs-async-0] DEBUG org.apache.http.wire - http-outgoing-76 << "Server: Docker/1.12.1 (linux)[\r][\n]"
02:44:34.168 [dockerjava-jaxrs-async-0] DEBUG org.apache.http.wire - http-outgoing-76 << "Date: Tue, 18 Oct 2016 00:44:34 GMT[\r][\n]"
02:44:34.168 [dockerjava-jaxrs-async-0] DEBUG org.apache.http.wire - http-outgoing-76 << "Transfer-Encoding: chunked[\r][\n]"
02:44:34.168 [dockerjava-jaxrs-async-0] DEBUG org.apache.http.wire - http-outgoing-76 << "[\r][\n]"
02:44:34.169 [dockerjava-jaxrs-async-0] DEBUG org.apache.http.wire - http-outgoing-76 << "3d[\r][\n]"
02:44:34.169 [dockerjava-jaxrs-async-0] DEBUG org.apache.http.wire - http-outgoing-76 << "{"status":"Pulling from library/hello-world","id":"latest"}[\r][\n]"
02:44:34.169 [dockerjava-jaxrs-async-0] DEBUG org.apache.http.wire - http-outgoing-76 << "[\r][\n]"
02:44:34.169 [dockerjava-jaxrs-async-0] DEBUG org.apache.http.wire - http-outgoing-76 << "47[\r][\n]"
02:44:34.169 [dockerjava-jaxrs-async-0] DEBUG org.apache.http.wire - http-outgoing-76 << "{"status":"Pulling fs layer","progressDetail":{},"id":"c04b14da8d14"}[\r][\n]"
02:44:34.169 [dockerjava-jaxrs-async-0] DEBUG org.apache.http.wire - http-outgoing-76 << "[\r][\n]"
02:44:34.169 [dockerjava-jaxrs-async-0] DEBUG org.apache.http.headers - http-outgoing-76 << HTTP/1.1 200 OK
02:44:34.169 [dockerjava-jaxrs-async-0] DEBUG org.apache.http.headers - http-outgoing-76 << Content-Type: application/json
02:44:34.169 [dockerjava-jaxrs-async-0] DEBUG org.apache.http.headers - http-outgoing-76 << Server: Docker/1.12.1 (linux)
02:44:34.169 [dockerjava-jaxrs-async-0] DEBUG org.apache.http.headers - http-outgoing-76 << Date: Tue, 18 Oct 2016 00:44:34 GMT
02:44:34.169 [dockerjava-jaxrs-async-0] DEBUG org.apache.http.headers - http-outgoing-76 << Transfer-Encoding: chunked
02:44:34.170 [dockerjava-jaxrs-async-0] DEBUG o.a.h.impl.execchain.MainClientExec - Connection can be kept alive indefinitely
02:44:34.172 [dockerjava-jaxrs-async-0] DEBUG c.g.d.j.JerseyDockerCmdExecFactory - 2 * Client response received on thread dockerjava-jaxrs-async-0
2 < 200
2 < Content-Length: -1
2 < Content-Type: application/json
2 < Date: Tue, 18 Oct 2016 00:44:34 GMT
2 < Server: Docker/1.12.1 (linux)
2 < Transfer-Encoding: chunked
{"status":"Pulling from library/hello-world","id":"latest"}


02:44:34.190 [dockerjava-jaxrs-async-0] DEBUG c.g.d.c.c.PullImageResultCallback - PullResponseItem[stream=<null>,status=Pulling from library/hello-world,progressDetail=<null>,progress=<null>,id=latest,from=<null>,time=<null>,errorDetail=<null>,error=<null>,aux=<null>]
02:44:34.191 [dockerjava-jaxrs-async-0] DEBUG c.g.d.c.c.PullImageResultCallback - PullResponseItem[stream=<null>,status=Pulling fs layer,progressDetail=ResponseItem.ProgressDetail[current=<null>,total=<null>,start=<null>],progress=<null>,id=c04b14da8d14,from=<null>,time=<null>,errorDetail=<null>,error=<null>,aux=<null>]
02:44:35.181 [dockerjava-jaxrs-async-0] DEBUG org.apache.http.wire - http-outgoing-76 << "b2[\r][\n]"
02:44:35.181 [dockerjava-jaxrs-async-0] DEBUG org.apache.http.wire - http-outgoing-76 << "{"status":"Downloading","progressDetail":{"current":974,"total":974},"progress":"[==================================================\u003e]    974 B/974 B","id":"c04b14da8d14"}[\r][\n]"
02:44:35.181 [dockerjava-jaxrs-async-0] DEBUG org.apache.http.wire - http-outgoing-76 << "[\r][\n]"
02:44:35.183 [dockerjava-jaxrs-async-0] DEBUG c.g.d.c.c.PullImageResultCallback - PullResponseItem[stream=<null>,status=Downloading,progressDetail=ResponseItem.ProgressDetail[current=974,total=974,start=<null>],progress=[==================================================>]    974 B/974 B,id=c04b14da8d14,from=<null>,time=<null>,errorDetail=<null>,error=<null>,aux=<null>]
02:44:35.186 [dockerjava-jaxrs-async-0] DEBUG org.apache.http.wire - http-outgoing-76 << "49[\r][\n]"
02:44:35.186 [dockerjava-jaxrs-async-0] DEBUG org.apache.http.wire - http-outgoing-76 << "{"status":"Verifying Checksum","progressDetail":{},"id":"c04b14da8d14"}[\r][\n]"
02:44:35.186 [dockerjava-jaxrs-async-0] DEBUG org.apache.http.wire - http-outgoing-76 << "[\r][\n]"
02:44:35.187 [dockerjava-jaxrs-async-0] DEBUG org.apache.http.wire - http-outgoing-76 << "48[\r][\n]"
02:44:35.187 [dockerjava-jaxrs-async-0] DEBUG org.apache.http.wire - http-outgoing-76 << "{"status":"Download complete","progressDetail":{},"id":"c04b14da8d14"}[\r][\n]"
02:44:35.187 [dockerjava-jaxrs-async-0] DEBUG org.apache.http.wire - http-outgoing-76 << "[\r][\n]"
02:44:35.188 [dockerjava-jaxrs-async-0] DEBUG c.g.d.c.c.PullImageResultCallback - PullResponseItem[stream=<null>,status=Verifying Checksum,progressDetail=ResponseItem.ProgressDetail[current=<null>,total=<null>,start=<null>],progress=<null>,id=c04b14da8d14,from=<null>,time=<null>,errorDetail=<null>,error=<null>,aux=<null>]
02:44:35.191 [dockerjava-jaxrs-async-0] DEBUG c.g.d.c.c.PullImageResultCallback - PullResponseItem[stream=<null>,status=Download complete,progressDetail=ResponseItem.ProgressDetail[current=<null>,total=<null>,start=<null>],progress=<null>,id=c04b14da8d14,from=<null>,time=<null>,errorDetail=<null>,error=<null>,aux=<null>]
02:44:35.194 [dockerjava-jaxrs-async-0] DEBUG org.apache.http.wire - http-outgoing-76 << "b1[\r][\n]"
02:44:35.194 [dockerjava-jaxrs-async-0] DEBUG org.apache.http.wire - http-outgoing-76 << "{"status":"Extracting","progressDetail":{"current":974,"total":974},"progress":"[==================================================\u003e]    974 B/974 B","id":"c04b14da8d14"}[\r][\n]"
02:44:35.194 [dockerjava-jaxrs-async-0] DEBUG org.apache.http.wire - http-outgoing-76 << "[\r][\n]"
02:44:35.195 [dockerjava-jaxrs-async-0] DEBUG c.g.d.c.c.PullImageResultCallback - PullResponseItem[stream=<null>,status=Extracting,progressDetail=ResponseItem.ProgressDetail[current=974,total=974,start=<null>],progress=[==================================================>]    974 B/974 B,id=c04b14da8d14,from=<null>,time=<null>,errorDetail=<null>,error=<null>,aux=<null>]
02:44:35.198 [dockerjava-jaxrs-async-0] DEBUG org.apache.http.wire - http-outgoing-76 << "b1[\r][\n]"
02:44:35.198 [dockerjava-jaxrs-async-0] DEBUG org.apache.http.wire - http-outgoing-76 << "{"status":"Extracting","progressDetail":{"current":974,"total":974},"progress":"[==================================================\u003e]    974 B/974 B","id":"c04b14da8d14"}[\r][\n]"
02:44:35.198 [dockerjava-jaxrs-async-0] DEBUG org.apache.http.wire - http-outgoing-76 << "[\r][\n]"
02:44:35.199 [dockerjava-jaxrs-async-0] DEBUG c.g.d.c.c.PullImageResultCallback - PullResponseItem[stream=<null>,status=Extracting,progressDetail=ResponseItem.ProgressDetail[current=974,total=974,start=<null>],progress=[==================================================>]    974 B/974 B,id=c04b14da8d14,from=<null>,time=<null>,errorDetail=<null>,error=<null>,aux=<null>]
02:44:35.212 [dockerjava-jaxrs-async-0] DEBUG org.apache.http.wire - http-outgoing-76 << "44[\r][\n]"
02:44:35.213 [dockerjava-jaxrs-async-0] DEBUG org.apache.http.wire - http-outgoing-76 << "{"status":"Pull complete","progressDetail":{},"id":"c04b14da8d14"}[\r][\n]"
02:44:35.213 [dockerjava-jaxrs-async-0] DEBUG org.apache.http.wire - http-outgoing-76 << "[\r][\n]"
02:44:35.213 [dockerjava-jaxrs-async-0] DEBUG c.g.d.c.c.PullImageResultCallback - PullResponseItem[stream=<null>,status=Pull complete,progressDetail=ResponseItem.ProgressDetail[current=<null>,total=<null>,start=<null>],progress=<null>,id=c04b14da8d14,from=<null>,time=<null>,errorDetail=<null>,error=<null>,aux=<null>]
02:44:35.240 [dockerjava-jaxrs-async-0] DEBUG org.apache.http.wire - http-outgoing-76 << "5e[\r][\n]"
02:44:35.241 [dockerjava-jaxrs-async-0] DEBUG org.apache.http.wire - http-outgoing-76 << "{"status":"Digest: sha256:0256e8a36e2070f7bf2d0b0763dbabdd67798512411de4cdcf9431a1feb60fd9"}[\r][\n]"
02:44:35.241 [dockerjava-jaxrs-async-0] DEBUG org.apache.http.wire - http-outgoing-76 << "[\r][\n]"
02:44:35.241 [dockerjava-jaxrs-async-0] DEBUG c.g.d.c.c.PullImageResultCallback - PullResponseItem[stream=<null>,status=Digest: sha256:0256e8a36e2070f7bf2d0b0763dbabdd67798512411de4cdcf9431a1feb60fd9,progressDetail=<null>,progress=<null>,id=<null>,from=<null>,time=<null>,errorDetail=<null>,error=<null>,aux=<null>]
02:44:35.244 [dockerjava-jaxrs-async-0] DEBUG org.apache.http.wire - http-outgoing-76 << "44[\r][\n]"
02:44:35.245 [dockerjava-jaxrs-async-0] DEBUG org.apache.http.wire - http-outgoing-76 << "{"status":"Status: Downloaded newer image for hello-world:latest"}[\r][\n]"
02:44:35.245 [dockerjava-jaxrs-async-0] DEBUG org.apache.http.wire - http-outgoing-76 << "[\r][\n]"
02:44:35.245 [dockerjava-jaxrs-async-0] DEBUG c.g.d.c.c.PullImageResultCallback - PullResponseItem[stream=<null>,status=Status: Downloaded newer image for hello-world:latest,progressDetail=<null>,progress=<null>,id=<null>,from=<null>,time=<null>,errorDetail=<null>,error=<null>,aux=<null>]
02:44:35.245 [dockerjava-jaxrs-async-0] DEBUG org.apache.http.wire - http-outgoing-76 << "0[\r][\n]"
02:44:35.245 [dockerjava-jaxrs-async-0] DEBUG org.apache.http.wire - http-outgoing-76 << "[\r][\n]"
02:44:35.245 [dockerjava-jaxrs-async-0] DEBUG c.g.d.j.JerseyDockerCmdExecFactory$1 - Connection [id: 76][route: {}->http://localhost:2375] can be kept alive indefinitely
02:44:35.245 [dockerjava-jaxrs-async-0] DEBUG c.g.d.j.JerseyDockerCmdExecFactory$1 - Connection released: [id: 76][route: {}->http://localhost:2375][total kept alive: 1; route allocated: 1 of 2; total allocated: 1 of 20]
02:44:35.245 [Test worker] DEBUG c.g.d.core.command.AbstrDockerCmd - Cmd: ListImagesCmdImpl[imageNameFilter=<null>,showAll=true,filters=com.github.dockerjava.core.util.FiltersBuilder@0,execution=com.github.dockerjava.jaxrs.ListImagesCmdExec@b86cb11]
02:44:35.246 [Test worker] DEBUG c.g.d.j.JerseyDockerCmdExecFactory - 3 * Sending client request on thread Test worker
3 > GET http://localhost:2375/images/json?all=true
3 > Accept: application/json

02:44:35.246 [Test worker] DEBUG o.a.h.c.protocol.RequestAddCookies - CookieSpec selected: default
02:44:35.247 [Test worker] DEBUG o.a.h.c.protocol.RequestAuthCache - Auth cache not set in the context
02:44:35.247 [Test worker] DEBUG c.g.d.j.JerseyDockerCmdExecFactory$1 - Connection request: [route: {}->http://localhost:2375][total kept alive: 1; route allocated: 1 of 2; total allocated: 1 of 20]
02:44:35.247 [Test worker] DEBUG c.g.d.j.JerseyDockerCmdExecFactory$1 - Connection leased: [id: 76][route: {}->http://localhost:2375][total kept alive: 0; route allocated: 1 of 2; total allocated: 1 of 20]
02:44:35.247 [Test worker] DEBUG o.a.h.impl.execchain.MainClientExec - Executing request GET /images/json?all=true HTTP/1.1
02:44:35.247 [Test worker] DEBUG o.a.h.impl.execchain.MainClientExec - Target auth state: UNCHALLENGED
02:44:35.247 [Test worker] DEBUG o.a.h.impl.execchain.MainClientExec - Proxy auth state: UNCHALLENGED
02:44:35.247 [Test worker] DEBUG org.apache.http.headers - http-outgoing-76 >> GET /images/json?all=true HTTP/1.1
02:44:35.247 [Test worker] DEBUG org.apache.http.headers - http-outgoing-76 >> Accept: application/json
02:44:35.247 [Test worker] DEBUG org.apache.http.headers - http-outgoing-76 >> User-Agent: Jersey/2.23.1 (Apache HttpClient 4.5.1)
02:44:35.247 [Test worker] DEBUG org.apache.http.headers - http-outgoing-76 >> Host: localhost:2375
02:44:35.247 [Test worker] DEBUG org.apache.http.headers - http-outgoing-76 >> Connection: Keep-Alive
02:44:35.247 [Test worker] DEBUG org.apache.http.headers - http-outgoing-76 >> Accept-Encoding: gzip,deflate
02:44:35.247 [Test worker] DEBUG org.apache.http.wire - http-outgoing-76 >> "GET /images/json?all=true HTTP/1.1[\r][\n]"
02:44:35.247 [Test worker] DEBUG org.apache.http.wire - http-outgoing-76 >> "Accept: application/json[\r][\n]"
02:44:35.247 [Test worker] DEBUG org.apache.http.wire - http-outgoing-76 >> "User-Agent: Jersey/2.23.1 (Apache HttpClient 4.5.1)[\r][\n]"
02:44:35.247 [Test worker] DEBUG org.apache.http.wire - http-outgoing-76 >> "Host: localhost:2375[\r][\n]"
02:44:35.247 [Test worker] DEBUG org.apache.http.wire - http-outgoing-76 >> "Connection: Keep-Alive[\r][\n]"
02:44:35.248 [Test worker] DEBUG org.apache.http.wire - http-outgoing-76 >> "Accept-Encoding: gzip,deflate[\r][\n]"
02:44:35.248 [Test worker] DEBUG org.apache.http.wire - http-outgoing-76 >> "[\r][\n]"
02:44:35.249 [Test worker] DEBUG org.apache.http.wire - http-outgoing-76 << "HTTP/1.1 200 OK[\r][\n]"
02:44:35.249 [Test worker] DEBUG org.apache.http.wire - http-outgoing-76 << "Content-Type: application/json[\r][\n]"
02:44:35.249 [Test worker] DEBUG org.apache.http.wire - http-outgoing-76 << "Server: Docker/1.12.1 (linux)[\r][\n]"
02:44:35.249 [Test worker] DEBUG org.apache.http.wire - http-outgoing-76 << "Date: Tue, 18 Oct 2016 00:44:35 GMT[\r][\n]"
02:44:35.249 [Test worker] DEBUG org.apache.http.wire - http-outgoing-76 << "Content-Length: 1510[\r][\n]"
02:44:35.249 [Test worker] DEBUG org.apache.http.wire - http-outgoing-76 << "[\r][\n]"
02:44:35.249 [Test worker] DEBUG org.apache.http.wire - http-outgoing-76 << "[{"Id":"sha256:f753707788c5c100f194ce0a73058faae1a457774efcda6c1469544a114f8644","ParentId":"","RepoTags":["ubuntu:latest"],"RepoDigests":["ubuntu@sha256:2d44ae143feeb36f4c898d32ed2ab2dffeb3a573d2d8928646dfc9cb7deb1315"],"Created":1476393201,"Size":127161487,"VirtualSize":127161487,"Labels":{}},{"Id":"sha256:d654de4499473ed41349b54a988b6f46a7fc92e3fa2d61e102bf2660a0116e25","ParentId":"","RepoTags":["sakib37/iperf3:latest"],"RepoDigests":["sakib37/iperf3@sha256:8d80a810f8f508c074b14d02555f20110eac382c8dbda7252075392983629d40"],"Created":1474907599,"Size":199456654,"VirtualSize":199456654,"Labels":{}},{"Id":"sha256:45bc58500fa3d3c0d67233d4a7798134b46b486af1389ca87000c543f46c3d24","ParentId":"","RepoTags":["ubuntu:16.04"],"RepoDigests":["ubuntu@sha256:3235a49037919e99696d97df8d8a230717272d848ee4ddadbca8d54f97ee30cb"],"Created":1474304481,"Size":126872298,"VirtualSize":126872298,"Labels":{}},{"Id":"sha256:c54a2cc56cbb2f04003c1cd4507e118af7c0d340fe7e2720f70976c4b75237dc","ParentId":"","RepoTags":["hello-world:latest"],"RepoDigests":["hello-world@sha256:0256e8a36e2070f7bf2d0b0763dbabdd67798512411de4cdcf9431a1feb60fd9"],"Created":1467401967,"Size":1848,"VirtualSize":1848,"Labels":{}},{"Id":"sha256:6fae60ef344644649a39240b94d73b8ba9c67f898ede85cf8e947a887b3e6557","ParentId":"","RepoTags":["training/webapp:latest"],"RepoDigests":["training/webapp@sha256:06e9c1983bd6d5db5fba376ccd63bfa529e8d02f23d5079b8f74a616308fb11d"],"Created":1431710615,"Size":348791356,"VirtualSize":348791356,"Labels":{}}][\n]"
02:44:35.249 [Test worker] DEBUG org.apache.http.headers - http-outgoing-76 << HTTP/1.1 200 OK
02:44:35.249 [Test worker] DEBUG org.apache.http.headers - http-outgoing-76 << Content-Type: application/json
02:44:35.249 [Test worker] DEBUG org.apache.http.headers - http-outgoing-76 << Server: Docker/1.12.1 (linux)
02:44:35.249 [Test worker] DEBUG org.apache.http.headers - http-outgoing-76 << Date: Tue, 18 Oct 2016 00:44:35 GMT
02:44:35.249 [Test worker] DEBUG org.apache.http.headers - http-outgoing-76 << Content-Length: 1510
02:44:35.249 [Test worker] DEBUG o.a.h.impl.execchain.MainClientExec - Connection can be kept alive indefinitely
02:44:35.249 [Test worker] DEBUG c.g.d.j.JerseyDockerCmdExecFactory - 4 * Client response received on thread Test worker
4 < 200
4 < Content-Length: 1510
4 < Content-Type: application/json
4 < Date: Tue, 18 Oct 2016 00:44:35 GMT
4 < Server: Docker/1.12.1 (linux)
[{"Id":"sha256:f753707788c5c100f194ce0a73058faae1a457774efcda6c1469544a114f8644","ParentId":"","RepoTags":["ubuntu:latest"],"RepoDigests":["ubuntu@sha256:2d44ae143feeb36f4c898d32ed2ab2dffeb3a573d2d8928646dfc9cb7deb1315"],"Created":1476393201,"Size":127161487,"VirtualSize":127161487,"Labels":{}},{"Id":"sha256:d654de4499473ed41349b54a988b6f46a7fc92e3fa2d61e102bf2660a0116e25","ParentId":"","RepoTags":["sakib37/iperf3:latest"],"RepoDigests":["sakib37/iperf3@sha256:8d80a810f8f508c074b14d02555f20110eac382c8dbda7252075392983629d40"],"Created":1474907599,"Size":199456654,"VirtualSize":199456654,"Labels":{}},{"Id":"sha256:45bc58500fa3d3c0d67233d4a7798134b46b486af1389ca87000c543f46c3d24","ParentId":"","RepoTags":["ubuntu:16.04"],"RepoDigests":["ubuntu@sha256:3235a49037919e99696d97df8d8a230717272d848ee4ddadbca8d54f97ee30cb"],"Created":1474304481,"Size":126872298,"VirtualSize":126872298,"Labels":{}},{"Id":"sha256:c54a2cc56cbb2f04003c1cd4507e118af7c0d340fe7e2720f70976c4b75237dc","ParentId":"","RepoTags":["hello-world:latest"],"RepoDigests":["hello-world@sha256:0256e8a36e2070f7bf2d0b0763dbabdd67798512411de4cdcf9431a1feb60fd9"],"Created":1467401967,"Size":1848,"VirtualSize":1848,"Labels":{}},{"Id":"sha256:6fae60ef344644649a39240b94d73b8ba9c67f898ede85cf8e947a887b3e6557","ParentId":"","RepoTags":["training/webapp:latest"],"RepoDigests":["training/webapp@sha256:06e9c1983bd6d5db5fba376ccd63bfa529e8d02f23d5079b8f74a616308fb11d"],"Created":1431710615,"Size":348791356,"VirtualSize":348791356,"Labels":{}}]


02:44:35.251 [Test worker] DEBUG o.a.h.i.c.DefaultManagedHttpClientConnection - http-outgoing-76: Close connection
02:44:35.252 [Test worker] DEBUG o.a.h.impl.execchain.MainClientExec - Connection discarded
02:44:35.252 [Test worker] DEBUG c.g.d.j.JerseyDockerCmdExecFactory$1 - Connection released: [id: 76][route: {}->http://localhost:2375][total kept alive: 0; route allocated: 0 of 2; total allocated: 0 of 20]
02:44:35.253 [Test worker] DEBUG c.g.d.core.command.AbstrDockerCmd - Cmd: ListImagesCmdImpl[imageNameFilter=<null>,showAll=true,filters=com.github.dockerjava.core.util.FiltersBuilder@0,execution=com.github.dockerjava.jaxrs.ListImagesCmdExec@10e9445b]
02:44:35.280 [Test worker] DEBUG c.g.d.j.JerseyDockerCmdExecFactory - 1 * Sending client request on thread Test worker
1 > GET http://localhost:2375/images/json?all=true
1 > Accept: application/json

02:44:35.295 [Test worker] DEBUG o.a.h.c.protocol.RequestAddCookies - CookieSpec selected: default
02:44:35.295 [Test worker] DEBUG o.a.h.c.protocol.RequestAuthCache - Auth cache not set in the context
02:44:35.295 [Test worker] DEBUG c.g.d.j.JerseyDockerCmdExecFactory$1 - Connection request: [route: {}->http://localhost:2375][total kept alive: 0; route allocated: 0 of 2; total allocated: 0 of 20]
02:44:35.295 [Test worker] DEBUG c.g.d.j.JerseyDockerCmdExecFactory$1 - Connection leased: [id: 77][route: {}->http://localhost:2375][total kept alive: 0; route allocated: 1 of 2; total allocated: 1 of 20]
02:44:35.295 [Test worker] DEBUG o.a.h.impl.execchain.MainClientExec - Opening connection {}->http://localhost:2375
02:44:35.295 [Test worker] DEBUG o.a.h.i.c.DefaultHttpClientConnectionOperator - Connecting to localhost/127.0.0.1:2375
02:44:35.296 [Test worker] DEBUG o.a.h.i.c.DefaultHttpClientConnectionOperator - Connection established 127.0.0.1:57170<->127.0.0.1:2375
02:44:35.296 [Test worker] DEBUG o.a.h.impl.execchain.MainClientExec - Executing request GET /images/json?all=true HTTP/1.1
02:44:35.296 [Test worker] DEBUG o.a.h.impl.execchain.MainClientExec - Target auth state: UNCHALLENGED
02:44:35.296 [Test worker] DEBUG o.a.h.impl.execchain.MainClientExec - Proxy auth state: UNCHALLENGED
02:44:35.296 [Test worker] DEBUG org.apache.http.headers - http-outgoing-77 >> GET /images/json?all=true HTTP/1.1
02:44:35.296 [Test worker] DEBUG org.apache.http.headers - http-outgoing-77 >> Accept: application/json
02:44:35.296 [Test worker] DEBUG org.apache.http.headers - http-outgoing-77 >> User-Agent: Jersey/2.23.1 (Apache HttpClient 4.5.1)
02:44:35.297 [Test worker] DEBUG org.apache.http.headers - http-outgoing-77 >> Host: localhost:2375
02:44:35.297 [Test worker] DEBUG org.apache.http.headers - http-outgoing-77 >> Connection: Keep-Alive
02:44:35.297 [Test worker] DEBUG org.apache.http.headers - http-outgoing-77 >> Accept-Encoding: gzip,deflate
02:44:35.297 [Test worker] DEBUG org.apache.http.wire - http-outgoing-77 >> "GET /images/json?all=true HTTP/1.1[\r][\n]"
02:44:35.297 [Test worker] DEBUG org.apache.http.wire - http-outgoing-77 >> "Accept: application/json[\r][\n]"
02:44:35.310 [Test worker] DEBUG org.apache.http.wire - http-outgoing-77 >> "User-Agent: Jersey/2.23.1 (Apache HttpClient 4.5.1)[\r][\n]"
02:44:35.310 [Test worker] DEBUG org.apache.http.wire - http-outgoing-77 >> "Host: localhost:2375[\r][\n]"
02:44:35.310 [Test worker] DEBUG org.apache.http.wire - http-outgoing-77 >> "Connection: Keep-Alive[\r][\n]"
02:44:35.310 [Test worker] DEBUG org.apache.http.wire - http-outgoing-77 >> "Accept-Encoding: gzip,deflate[\r][\n]"
02:44:35.310 [Test worker] DEBUG org.apache.http.wire - http-outgoing-77 >> "[\r][\n]"
02:44:35.311 [Test worker] DEBUG org.apache.http.wire - http-outgoing-77 << "HTTP/1.1 200 OK[\r][\n]"
02:44:35.311 [Test worker] DEBUG org.apache.http.wire - http-outgoing-77 << "Content-Type: application/json[\r][\n]"
02:44:35.311 [Test worker] DEBUG org.apache.http.wire - http-outgoing-77 << "Server: Docker/1.12.1 (linux)[\r][\n]"
02:44:35.311 [Test worker] DEBUG org.apache.http.wire - http-outgoing-77 << "Date: Tue, 18 Oct 2016 00:44:35 GMT[\r][\n]"
02:44:35.311 [Test worker] DEBUG org.apache.http.wire - http-outgoing-77 << "Content-Length: 1510[\r][\n]"
02:44:35.311 [Test worker] DEBUG org.apache.http.wire - http-outgoing-77 << "[\r][\n]"
02:44:35.311 [Test worker] DEBUG org.apache.http.wire - http-outgoing-77 << "[{"Id":"sha256:f753707788c5c100f194ce0a73058faae1a457774efcda6c1469544a114f8644","ParentId":"","RepoTags":["ubuntu:latest"],"RepoDigests":["ubuntu@sha256:2d44ae143feeb36f4c898d32ed2ab2dffeb3a573d2d8928646dfc9cb7deb1315"],"Created":1476393201,"Size":127161487,"VirtualSize":127161487,"Labels":{}},{"Id":"sha256:d654de4499473ed41349b54a988b6f46a7fc92e3fa2d61e102bf2660a0116e25","ParentId":"","RepoTags":["sakib37/iperf3:latest"],"RepoDigests":["sakib37/iperf3@sha256:8d80a810f8f508c074b14d02555f20110eac382c8dbda7252075392983629d40"],"Created":1474907599,"Size":199456654,"VirtualSize":199456654,"Labels":{}},{"Id":"sha256:45bc58500fa3d3c0d67233d4a7798134b46b486af1389ca87000c543f46c3d24","ParentId":"","RepoTags":["ubuntu:16.04"],"RepoDigests":["ubuntu@sha256:3235a49037919e99696d97df8d8a230717272d848ee4ddadbca8d54f97ee30cb"],"Created":1474304481,"Size":126872298,"VirtualSize":126872298,"Labels":{}},{"Id":"sha256:c54a2cc56cbb2f04003c1cd4507e118af7c0d340fe7e2720f70976c4b75237dc","ParentId":"","RepoTags":["hello-world:latest"],"RepoDigests":["hello-world@sha256:0256e8a36e2070f7bf2d0b0763dbabdd67798512411de4cdcf9431a1feb60fd9"],"Created":1467401967,"Size":1848,"VirtualSize":1848,"Labels":{}},{"Id":"sha256:6fae60ef344644649a39240b94d73b8ba9c67f898ede85cf8e947a887b3e6557","ParentId":"","RepoTags":["training/webapp:latest"],"RepoDigests":["training/webapp@sha256:06e9c1983bd6d5db5fba376ccd63bfa529e8d02f23d5079b8f74a616308fb11d"],"Created":1431710615,"Size":348791356,"VirtualSize":348791356,"Labels":{}}][\n]"
02:44:35.311 [Test worker] DEBUG org.apache.http.headers - http-outgoing-77 << HTTP/1.1 200 OK
02:44:35.311 [Test worker] DEBUG org.apache.http.headers - http-outgoing-77 << Content-Type: application/json
02:44:35.311 [Test worker] DEBUG org.apache.http.headers - http-outgoing-77 << Server: Docker/1.12.1 (linux)
02:44:35.311 [Test worker] DEBUG org.apache.http.headers - http-outgoing-77 << Date: Tue, 18 Oct 2016 00:44:35 GMT
02:44:35.311 [Test worker] DEBUG org.apache.http.headers - http-outgoing-77 << Content-Length: 1510
02:44:35.311 [Test worker] DEBUG o.a.h.impl.execchain.MainClientExec - Connection can be kept alive indefinitely
02:44:35.311 [Test worker] DEBUG c.g.d.j.JerseyDockerCmdExecFactory - 2 * Client response received on thread Test worker
2 < 200
2 < Content-Length: 1510
2 < Content-Type: application/json
2 < Date: Tue, 18 Oct 2016 00:44:35 GMT
2 < Server: Docker/1.12.1 (linux)
[{"Id":"sha256:f753707788c5c100f194ce0a73058faae1a457774efcda6c1469544a114f8644","ParentId":"","RepoTags":["ubuntu:latest"],"RepoDigests":["ubuntu@sha256:2d44ae143feeb36f4c898d32ed2ab2dffeb3a573d2d8928646dfc9cb7deb1315"],"Created":1476393201,"Size":127161487,"VirtualSize":127161487,"Labels":{}},{"Id":"sha256:d654de4499473ed41349b54a988b6f46a7fc92e3fa2d61e102bf2660a0116e25","ParentId":"","RepoTags":["sakib37/iperf3:latest"],"RepoDigests":["sakib37/iperf3@sha256:8d80a810f8f508c074b14d02555f20110eac382c8dbda7252075392983629d40"],"Created":1474907599,"Size":199456654,"VirtualSize":199456654,"Labels":{}},{"Id":"sha256:45bc58500fa3d3c0d67233d4a7798134b46b486af1389ca87000c543f46c3d24","ParentId":"","RepoTags":["ubuntu:16.04"],"RepoDigests":["ubuntu@sha256:3235a49037919e99696d97df8d8a230717272d848ee4ddadbca8d54f97ee30cb"],"Created":1474304481,"Size":126872298,"VirtualSize":126872298,"Labels":{}},{"Id":"sha256:c54a2cc56cbb2f04003c1cd4507e118af7c0d340fe7e2720f70976c4b75237dc","ParentId":"","RepoTags":["hello-world:latest"],"RepoDigests":["hello-world@sha256:0256e8a36e2070f7bf2d0b0763dbabdd67798512411de4cdcf9431a1feb60fd9"],"Created":1467401967,"Size":1848,"VirtualSize":1848,"Labels":{}},{"Id":"sha256:6fae60ef344644649a39240b94d73b8ba9c67f898ede85cf8e947a887b3e6557","ParentId":"","RepoTags":["training/webapp:latest"],"RepoDigests":["training/webapp@sha256:06e9c1983bd6d5db5fba376ccd63bfa529e8d02f23d5079b8f74a616308fb11d"],"Created":1431710615,"Size":348791356,"VirtualSize":348791356,"Labels":{}}]


02:44:35.313 [Test worker] DEBUG o.a.h.i.c.DefaultManagedHttpClientConnection - http-outgoing-77: Close connection
02:44:35.313 [Test worker] DEBUG o.a.h.impl.execchain.MainClientExec - Connection discarded
02:44:35.313 [Test worker] DEBUG c.g.d.j.JerseyDockerCmdExecFactory$1 - Connection released: [id: 77][route: {}->http://localhost:2375][total kept alive: 0; route allocated: 0 of 2; total allocated: 0 of 20]
02:44:35.313 [Test worker] DEBUG org.openbaton.docker.DockerVim - Found a docker image, transformed into a NFV Image Image{id='sha256:c54a2cc56cbb2f04003c1cd4507e118af7c0d340fe7e2720f70976c4b75237dc', name='hello-world', version=0, extId='null', minRam='0', minDiskSpace='0', minCPU='null', public='true', diskFormat='null', containerFormat='docker', created='Sun Jan 18 00:36:41 CET 1970', updated='null'}
NFV image id: class java.lang.String
Printing NfvImage: Image{id='sha256:c54a2cc56cbb2f04003c1cd4507e118af7c0d340fe7e2720f70976c4b75237dc', name='hello-world', version=0, extId='null', minRam='0', minDiskSpace='0', minCPU='null', public='true', diskFormat='null', containerFormat='docker', created='Sun Jan 18 00:36:41 CET 1970', updated='null'}
02:44:35.314 [Test worker] DEBUG c.g.d.core.command.AbstrDockerCmd - Cmd: ListImagesCmdImpl[imageNameFilter=<null>,showAll=true,filters=com.github.dockerjava.core.util.FiltersBuilder@0,execution=com.github.dockerjava.jaxrs.ListImagesCmdExec@4c4d2a8]
02:44:35.323 [Test worker] DEBUG c.g.d.j.JerseyDockerCmdExecFactory - 1 * Sending client request on thread Test worker
1 > GET http://localhost:2375/images/json?all=true
1 > Accept: application/json

02:44:35.324 [Test worker] DEBUG o.a.h.c.protocol.RequestAddCookies - CookieSpec selected: default
02:44:35.326 [Test worker] DEBUG o.a.h.c.protocol.RequestAuthCache - Auth cache not set in the context
02:44:35.326 [Test worker] DEBUG c.g.d.j.JerseyDockerCmdExecFactory$1 - Connection request: [route: {}->http://localhost:2375][total kept alive: 0; route allocated: 0 of 2; total allocated: 0 of 20]
02:44:35.327 [Test worker] DEBUG c.g.d.j.JerseyDockerCmdExecFactory$1 - Connection leased: [id: 78][route: {}->http://localhost:2375][total kept alive: 0; route allocated: 1 of 2; total allocated: 1 of 20]
02:44:35.327 [Test worker] DEBUG o.a.h.impl.execchain.MainClientExec - Opening connection {}->http://localhost:2375
02:44:35.327 [Test worker] DEBUG o.a.h.i.c.DefaultHttpClientConnectionOperator - Connecting to localhost/127.0.0.1:2375
02:44:35.327 [Test worker] DEBUG o.a.h.i.c.DefaultHttpClientConnectionOperator - Connection established 127.0.0.1:57172<->127.0.0.1:2375
02:44:35.327 [Test worker] DEBUG o.a.h.impl.execchain.MainClientExec - Executing request GET /images/json?all=true HTTP/1.1
02:44:35.327 [Test worker] DEBUG o.a.h.impl.execchain.MainClientExec - Target auth state: UNCHALLENGED
02:44:35.327 [Test worker] DEBUG o.a.h.impl.execchain.MainClientExec - Proxy auth state: UNCHALLENGED
02:44:35.327 [Test worker] DEBUG org.apache.http.headers - http-outgoing-78 >> GET /images/json?all=true HTTP/1.1
02:44:35.327 [Test worker] DEBUG org.apache.http.headers - http-outgoing-78 >> Accept: application/json
02:44:35.327 [Test worker] DEBUG org.apache.http.headers - http-outgoing-78 >> User-Agent: Jersey/2.23.1 (Apache HttpClient 4.5.1)
02:44:35.327 [Test worker] DEBUG org.apache.http.headers - http-outgoing-78 >> Host: localhost:2375
02:44:35.327 [Test worker] DEBUG org.apache.http.headers - http-outgoing-78 >> Connection: Keep-Alive
02:44:35.327 [Test worker] DEBUG org.apache.http.headers - http-outgoing-78 >> Accept-Encoding: gzip,deflate
02:44:35.328 [Test worker] DEBUG org.apache.http.wire - http-outgoing-78 >> "GET /images/json?all=true HTTP/1.1[\r][\n]"
02:44:35.328 [Test worker] DEBUG org.apache.http.wire - http-outgoing-78 >> "Accept: application/json[\r][\n]"
02:44:35.328 [Test worker] DEBUG org.apache.http.wire - http-outgoing-78 >> "User-Agent: Jersey/2.23.1 (Apache HttpClient 4.5.1)[\r][\n]"
02:44:35.328 [Test worker] DEBUG org.apache.http.wire - http-outgoing-78 >> "Host: localhost:2375[\r][\n]"
02:44:35.328 [Test worker] DEBUG org.apache.http.wire - http-outgoing-78 >> "Connection: Keep-Alive[\r][\n]"
02:44:35.328 [Test worker] DEBUG org.apache.http.wire - http-outgoing-78 >> "Accept-Encoding: gzip,deflate[\r][\n]"
02:44:35.328 [Test worker] DEBUG org.apache.http.wire - http-outgoing-78 >> "[\r][\n]"
02:44:35.329 [Test worker] DEBUG org.apache.http.wire - http-outgoing-78 << "HTTP/1.1 200 OK[\r][\n]"
02:44:35.329 [Test worker] DEBUG org.apache.http.wire - http-outgoing-78 << "Content-Type: application/json[\r][\n]"
02:44:35.329 [Test worker] DEBUG org.apache.http.wire - http-outgoing-78 << "Server: Docker/1.12.1 (linux)[\r][\n]"
02:44:35.329 [Test worker] DEBUG org.apache.http.wire - http-outgoing-78 << "Date: Tue, 18 Oct 2016 00:44:35 GMT[\r][\n]"
02:44:35.329 [Test worker] DEBUG org.apache.http.wire - http-outgoing-78 << "Content-Length: 1510[\r][\n]"
02:44:35.329 [Test worker] DEBUG org.apache.http.wire - http-outgoing-78 << "[\r][\n]"
02:44:35.329 [Test worker] DEBUG org.apache.http.wire - http-outgoing-78 << "[{"Id":"sha256:f753707788c5c100f194ce0a73058faae1a457774efcda6c1469544a114f8644","ParentId":"","RepoTags":["ubuntu:latest"],"RepoDigests":["ubuntu@sha256:2d44ae143feeb36f4c898d32ed2ab2dffeb3a573d2d8928646dfc9cb7deb1315"],"Created":1476393201,"Size":127161487,"VirtualSize":127161487,"Labels":{}},{"Id":"sha256:d654de4499473ed41349b54a988b6f46a7fc92e3fa2d61e102bf2660a0116e25","ParentId":"","RepoTags":["sakib37/iperf3:latest"],"RepoDigests":["sakib37/iperf3@sha256:8d80a810f8f508c074b14d02555f20110eac382c8dbda7252075392983629d40"],"Created":1474907599,"Size":199456654,"VirtualSize":199456654,"Labels":{}},{"Id":"sha256:45bc58500fa3d3c0d67233d4a7798134b46b486af1389ca87000c543f46c3d24","ParentId":"","RepoTags":["ubuntu:16.04"],"RepoDigests":["ubuntu@sha256:3235a49037919e99696d97df8d8a230717272d848ee4ddadbca8d54f97ee30cb"],"Created":1474304481,"Size":126872298,"VirtualSize":126872298,"Labels":{}},{"Id":"sha256:c54a2cc56cbb2f04003c1cd4507e118af7c0d340fe7e2720f70976c4b75237dc","ParentId":"","RepoTags":["hello-world:latest"],"RepoDigests":["hello-world@sha256:0256e8a36e2070f7bf2d0b0763dbabdd67798512411de4cdcf9431a1feb60fd9"],"Created":1467401967,"Size":1848,"VirtualSize":1848,"Labels":{}},{"Id":"sha256:6fae60ef344644649a39240b94d73b8ba9c67f898ede85cf8e947a887b3e6557","ParentId":"","RepoTags":["training/webapp:latest"],"RepoDigests":["training/webapp@sha256:06e9c1983bd6d5db5fba376ccd63bfa529e8d02f23d5079b8f74a616308fb11d"],"Created":1431710615,"Size":348791356,"VirtualSize":348791356,"Labels":{}}][\n]"
02:44:35.329 [Test worker] DEBUG org.apache.http.headers - http-outgoing-78 << HTTP/1.1 200 OK
02:44:35.329 [Test worker] DEBUG org.apache.http.headers - http-outgoing-78 << Content-Type: application/json
02:44:35.329 [Test worker] DEBUG org.apache.http.headers - http-outgoing-78 << Server: Docker/1.12.1 (linux)
02:44:35.329 [Test worker] DEBUG org.apache.http.headers - http-outgoing-78 << Date: Tue, 18 Oct 2016 00:44:35 GMT
02:44:35.329 [Test worker] DEBUG org.apache.http.headers - http-outgoing-78 << Content-Length: 1510
02:44:35.330 [Test worker] DEBUG o.a.h.impl.execchain.MainClientExec - Connection can be kept alive indefinitely
02:44:35.330 [Test worker] DEBUG c.g.d.j.JerseyDockerCmdExecFactory - 2 * Client response received on thread Test worker
2 < 200
2 < Content-Length: 1510
2 < Content-Type: application/json
2 < Date: Tue, 18 Oct 2016 00:44:35 GMT
2 < Server: Docker/1.12.1 (linux)
[{"Id":"sha256:f753707788c5c100f194ce0a73058faae1a457774efcda6c1469544a114f8644","ParentId":"","RepoTags":["ubuntu:latest"],"RepoDigests":["ubuntu@sha256:2d44ae143feeb36f4c898d32ed2ab2dffeb3a573d2d8928646dfc9cb7deb1315"],"Created":1476393201,"Size":127161487,"VirtualSize":127161487,"Labels":{}},{"Id":"sha256:d654de4499473ed41349b54a988b6f46a7fc92e3fa2d61e102bf2660a0116e25","ParentId":"","RepoTags":["sakib37/iperf3:latest"],"RepoDigests":["sakib37/iperf3@sha256:8d80a810f8f508c074b14d02555f20110eac382c8dbda7252075392983629d40"],"Created":1474907599,"Size":199456654,"VirtualSize":199456654,"Labels":{}},{"Id":"sha256:45bc58500fa3d3c0d67233d4a7798134b46b486af1389ca87000c543f46c3d24","ParentId":"","RepoTags":["ubuntu:16.04"],"RepoDigests":["ubuntu@sha256:3235a49037919e99696d97df8d8a230717272d848ee4ddadbca8d54f97ee30cb"],"Created":1474304481,"Size":126872298,"VirtualSize":126872298,"Labels":{}},{"Id":"sha256:c54a2cc56cbb2f04003c1cd4507e118af7c0d340fe7e2720f70976c4b75237dc","ParentId":"","RepoTags":["hello-world:latest"],"RepoDigests":["hello-world@sha256:0256e8a36e2070f7bf2d0b0763dbabdd67798512411de4cdcf9431a1feb60fd9"],"Created":1467401967,"Size":1848,"VirtualSize":1848,"Labels":{}},{"Id":"sha256:6fae60ef344644649a39240b94d73b8ba9c67f898ede85cf8e947a887b3e6557","ParentId":"","RepoTags":["training/webapp:latest"],"RepoDigests":["training/webapp@sha256:06e9c1983bd6d5db5fba376ccd63bfa529e8d02f23d5079b8f74a616308fb11d"],"Created":1431710615,"Size":348791356,"VirtualSize":348791356,"Labels":{}}]


02:44:35.333 [Test worker] DEBUG o.a.h.i.c.DefaultManagedHttpClientConnection - http-outgoing-78: Close connection
02:44:35.334 [Test worker] DEBUG o.a.h.impl.execchain.MainClientExec - Connection discarded
02:44:35.334 [Test worker] DEBUG c.g.d.j.JerseyDockerCmdExecFactory$1 - Connection released: [id: 78][route: {}->http://localhost:2375][total kept alive: 0; route allocated: 0 of 2; total allocated: 0 of 20]
02:44:35.334 [Test worker] DEBUG org.openbaton.docker.DockerVim - Found a docker image, transformed into a NFV Image Image{id='sha256:f753707788c5c100f194ce0a73058faae1a457774efcda6c1469544a114f8644', name='ubuntu', version=0, extId='null', minRam='0', minDiskSpace='0', minCPU='null', public='true', diskFormat='null', containerFormat='docker', created='Sun Jan 18 03:06:33 CET 1970', updated='null'}
02:44:35.334 [Test worker] DEBUG org.openbaton.docker.DockerVim - Found a docker image, transformed into a NFV Image Image{id='sha256:d654de4499473ed41349b54a988b6f46a7fc92e3fa2d61e102bf2660a0116e25', name='sakib37/iperf3', version=0, extId='null', minRam='0', minDiskSpace='0', minCPU='null', public='true', diskFormat='null', containerFormat='docker', created='Sun Jan 18 02:41:47 CET 1970', updated='null'}
02:44:35.334 [Test worker] DEBUG org.openbaton.docker.DockerVim - Found a docker image, transformed into a NFV Image Image{id='sha256:45bc58500fa3d3c0d67233d4a7798134b46b486af1389ca87000c543f46c3d24', name='ubuntu', version=0, extId='null', minRam='0', minDiskSpace='0', minCPU='null', public='true', diskFormat='null', containerFormat='docker', created='Sun Jan 18 02:31:44 CET 1970', updated='null'}
02:44:35.334 [Test worker] DEBUG org.openbaton.docker.DockerVim - Found a docker image, transformed into a NFV Image Image{id='sha256:c54a2cc56cbb2f04003c1cd4507e118af7c0d340fe7e2720f70976c4b75237dc', name='hello-world', version=0, extId='null', minRam='0', minDiskSpace='0', minCPU='null', public='true', diskFormat='null', containerFormat='docker', created='Sun Jan 18 00:36:41 CET 1970', updated='null'}
02:44:35.334 [Test worker] DEBUG org.openbaton.docker.DockerVim - Found a docker image, transformed into a NFV Image Image{id='sha256:6fae60ef344644649a39240b94d73b8ba9c67f898ede85cf8e947a887b3e6557', name='training/webapp', version=0, extId='null', minRam='0', minDiskSpace='0', minCPU='null', public='true', diskFormat='null', containerFormat='docker', created='Sat Jan 17 14:41:50 CET 1970', updated='null'}
Number of images : 5
sha256:c54a2cc56cbb2f04003c1cd4507e118af7c0d340fe7e2720f70976c4b75237dc
02:44:35.339 [Test worker] DEBUG c.g.d.core.command.AbstrDockerCmd - Cmd: sha256:c54a2cc56cbb2f04003c1cd4507e118af7c0d340fe7e2720f70976c4b75237dc,<null>,<null>,com.github.dockerjava.jaxrs.RemoveImageCmdExec@3be95e6e
02:44:35.357 [Test worker] DEBUG c.g.d.j.JerseyDockerCmdExecFactory - 1 * Sending client request on thread Test worker
1 > DELETE http://localhost:2375/images/sha256:c54a2cc56cbb2f04003c1cd4507e118af7c0d340fe7e2720f70976c4b75237dc

02:44:35.361 [Test worker] DEBUG o.a.h.c.protocol.RequestAddCookies - CookieSpec selected: default
02:44:35.361 [Test worker] DEBUG o.a.h.c.protocol.RequestAuthCache - Auth cache not set in the context
02:44:35.361 [Test worker] DEBUG c.g.d.j.JerseyDockerCmdExecFactory$1 - Connection request: [route: {}->http://localhost:2375][total kept alive: 0; route allocated: 0 of 2; total allocated: 0 of 20]
02:44:35.361 [Test worker] DEBUG c.g.d.j.JerseyDockerCmdExecFactory$1 - Connection leased: [id: 79][route: {}->http://localhost:2375][total kept alive: 0; route allocated: 1 of 2; total allocated: 1 of 20]
02:44:35.361 [Test worker] DEBUG o.a.h.impl.execchain.MainClientExec - Opening connection {}->http://localhost:2375
02:44:35.361 [Test worker] DEBUG o.a.h.i.c.DefaultHttpClientConnectionOperator - Connecting to localhost/127.0.0.1:2375
02:44:35.365 [Test worker] DEBUG o.a.h.i.c.DefaultHttpClientConnectionOperator - Connection established 127.0.0.1:57174<->127.0.0.1:2375
02:44:35.365 [Test worker] DEBUG o.a.h.impl.execchain.MainClientExec - Executing request DELETE /images/sha256:c54a2cc56cbb2f04003c1cd4507e118af7c0d340fe7e2720f70976c4b75237dc HTTP/1.1
02:44:35.365 [Test worker] DEBUG o.a.h.impl.execchain.MainClientExec - Target auth state: UNCHALLENGED
02:44:35.365 [Test worker] DEBUG o.a.h.impl.execchain.MainClientExec - Proxy auth state: UNCHALLENGED
02:44:35.366 [Test worker] DEBUG org.apache.http.headers - http-outgoing-79 >> DELETE /images/sha256:c54a2cc56cbb2f04003c1cd4507e118af7c0d340fe7e2720f70976c4b75237dc HTTP/1.1
02:44:35.366 [Test worker] DEBUG org.apache.http.headers - http-outgoing-79 >> User-Agent: Jersey/2.23.1 (Apache HttpClient 4.5.1)
02:44:35.366 [Test worker] DEBUG org.apache.http.headers - http-outgoing-79 >> Host: localhost:2375
02:44:35.366 [Test worker] DEBUG org.apache.http.headers - http-outgoing-79 >> Connection: Keep-Alive
02:44:35.366 [Test worker] DEBUG org.apache.http.headers - http-outgoing-79 >> Accept-Encoding: gzip,deflate
02:44:35.366 [Test worker] DEBUG org.apache.http.wire - http-outgoing-79 >> "DELETE /images/sha256:c54a2cc56cbb2f04003c1cd4507e118af7c0d340fe7e2720f70976c4b75237dc HTTP/1.1[\r][\n]"
02:44:35.366 [Test worker] DEBUG org.apache.http.wire - http-outgoing-79 >> "User-Agent: Jersey/2.23.1 (Apache HttpClient 4.5.1)[\r][\n]"
02:44:35.366 [Test worker] DEBUG org.apache.http.wire - http-outgoing-79 >> "Host: localhost:2375[\r][\n]"
02:44:35.370 [Test worker] DEBUG org.apache.http.wire - http-outgoing-79 >> "Connection: Keep-Alive[\r][\n]"
02:44:35.370 [Test worker] DEBUG org.apache.http.wire - http-outgoing-79 >> "Accept-Encoding: gzip,deflate[\r][\n]"
02:44:35.370 [Test worker] DEBUG org.apache.http.wire - http-outgoing-79 >> "[\r][\n]"
02:44:35.376 [Test worker] DEBUG org.apache.http.wire - http-outgoing-79 << "HTTP/1.1 200 OK[\r][\n]"
02:44:35.376 [Test worker] DEBUG org.apache.http.wire - http-outgoing-79 << "Content-Type: application/json[\r][\n]"
02:44:35.376 [Test worker] DEBUG org.apache.http.wire - http-outgoing-79 << "Server: Docker/1.12.1 (linux)[\r][\n]"
02:44:35.376 [Test worker] DEBUG org.apache.http.wire - http-outgoing-79 << "Date: Tue, 18 Oct 2016 00:44:35 GMT[\r][\n]"
02:44:35.376 [Test worker] DEBUG org.apache.http.wire - http-outgoing-79 << "Content-Length: 307[\r][\n]"
02:44:35.376 [Test worker] DEBUG org.apache.http.wire - http-outgoing-79 << "[\r][\n]"
02:44:35.376 [Test worker] DEBUG org.apache.http.wire - http-outgoing-79 << "[{"Untagged":"hello-world:latest"},{"Untagged":"hello-world@sha256:0256e8a36e2070f7bf2d0b0763dbabdd67798512411de4cdcf9431a1feb60fd9"},{"Deleted":"sha256:c54a2cc56cbb2f04003c1cd4507e118af7c0d340fe7e2720f70976c4b75237dc"},{"Deleted":"sha256:a02596fdd012f22b03af6ad7d11fa590c57507558357b079c3e8cebceb4262d7"}][\n]"
02:44:35.376 [Test worker] DEBUG org.apache.http.headers - http-outgoing-79 << HTTP/1.1 200 OK
02:44:35.376 [Test worker] DEBUG org.apache.http.headers - http-outgoing-79 << Content-Type: application/json
02:44:35.376 [Test worker] DEBUG org.apache.http.headers - http-outgoing-79 << Server: Docker/1.12.1 (linux)
02:44:35.376 [Test worker] DEBUG org.apache.http.headers - http-outgoing-79 << Date: Tue, 18 Oct 2016 00:44:35 GMT
02:44:35.376 [Test worker] DEBUG org.apache.http.headers - http-outgoing-79 << Content-Length: 307
02:44:35.376 [Test worker] DEBUG o.a.h.impl.execchain.MainClientExec - Connection can be kept alive indefinitely
02:44:35.377 [Test worker] DEBUG c.g.d.j.JerseyDockerCmdExecFactory - 2 * Client response received on thread Test worker
2 < 200
2 < Content-Length: 307
2 < Content-Type: application/json
2 < Date: Tue, 18 Oct 2016 00:44:35 GMT
2 < Server: Docker/1.12.1 (linux)
[{"Untagged":"hello-world:latest"},{"Untagged":"hello-world@sha256:0256e8a36e2070f7bf2d0b0763dbabdd67798512411de4cdcf9431a1feb60fd9"},{"Deleted":"sha256:c54a2cc56cbb2f04003c1cd4507e118af7c0d340fe7e2720f70976c4b75237dc"},{"Deleted":"sha256:a02596fdd012f22b03af6ad7d11fa590c57507558357b079c3e8cebceb4262d7"}]


02:44:35.377 [Test worker] DEBUG o.a.h.i.c.DefaultManagedHttpClientConnection - http-outgoing-79: Close connection
02:44:35.377 [Test worker] DEBUG o.a.h.impl.execchain.MainClientExec - Connection discarded
02:44:35.377 [Test worker] DEBUG c.g.d.j.JerseyDockerCmdExecFactory$1 - Connection released: [id: 79][route: {}->http://localhost:2375][total kept alive: 0; route allocated: 0 of 2; total allocated: 0 of 20]
02:44:35.378 [Test worker] DEBUG c.g.d.core.command.AbstrDockerCmd - Cmd: ListImagesCmdImpl[imageNameFilter=<null>,showAll=true,filters=com.github.dockerjava.core.util.FiltersBuilder@0,execution=com.github.dockerjava.jaxrs.ListImagesCmdExec@4b908330]
02:44:35.403 [Test worker] DEBUG c.g.d.j.JerseyDockerCmdExecFactory - 1 * Sending client request on thread Test worker
1 > GET http://localhost:2375/images/json?all=true
1 > Accept: application/json

02:44:35.404 [Test worker] DEBUG o.a.h.c.protocol.RequestAddCookies - CookieSpec selected: default
02:44:35.404 [Test worker] DEBUG o.a.h.c.protocol.RequestAuthCache - Auth cache not set in the context
02:44:35.404 [Test worker] DEBUG c.g.d.j.JerseyDockerCmdExecFactory$1 - Connection request: [route: {}->http://localhost:2375][total kept alive: 0; route allocated: 0 of 2; total allocated: 0 of 20]
02:44:35.404 [Test worker] DEBUG c.g.d.j.JerseyDockerCmdExecFactory$1 - Connection leased: [id: 80][route: {}->http://localhost:2375][total kept alive: 0; route allocated: 1 of 2; total allocated: 1 of 20]
02:44:35.404 [Test worker] DEBUG o.a.h.impl.execchain.MainClientExec - Opening connection {}->http://localhost:2375
02:44:35.404 [Test worker] DEBUG o.a.h.i.c.DefaultHttpClientConnectionOperator - Connecting to localhost/127.0.0.1:2375
02:44:35.405 [Test worker] DEBUG o.a.h.i.c.DefaultHttpClientConnectionOperator - Connection established 127.0.0.1:57176<->127.0.0.1:2375
02:44:35.405 [Test worker] DEBUG o.a.h.impl.execchain.MainClientExec - Executing request GET /images/json?all=true HTTP/1.1
02:44:35.405 [Test worker] DEBUG o.a.h.impl.execchain.MainClientExec - Target auth state: UNCHALLENGED
02:44:35.405 [Test worker] DEBUG o.a.h.impl.execchain.MainClientExec - Proxy auth state: UNCHALLENGED
02:44:35.405 [Test worker] DEBUG org.apache.http.headers - http-outgoing-80 >> GET /images/json?all=true HTTP/1.1
02:44:35.405 [Test worker] DEBUG org.apache.http.headers - http-outgoing-80 >> Accept: application/json
02:44:35.405 [Test worker] DEBUG org.apache.http.headers - http-outgoing-80 >> User-Agent: Jersey/2.23.1 (Apache HttpClient 4.5.1)
02:44:35.405 [Test worker] DEBUG org.apache.http.headers - http-outgoing-80 >> Host: localhost:2375
02:44:35.405 [Test worker] DEBUG org.apache.http.headers - http-outgoing-80 >> Connection: Keep-Alive
02:44:35.405 [Test worker] DEBUG org.apache.http.headers - http-outgoing-80 >> Accept-Encoding: gzip,deflate
02:44:35.405 [Test worker] DEBUG org.apache.http.wire - http-outgoing-80 >> "GET /images/json?all=true HTTP/1.1[\r][\n]"
02:44:35.405 [Test worker] DEBUG org.apache.http.wire - http-outgoing-80 >> "Accept: application/json[\r][\n]"
02:44:35.405 [Test worker] DEBUG org.apache.http.wire - http-outgoing-80 >> "User-Agent: Jersey/2.23.1 (Apache HttpClient 4.5.1)[\r][\n]"
02:44:35.406 [Test worker] DEBUG org.apache.http.wire - http-outgoing-80 >> "Host: localhost:2375[\r][\n]"
02:44:35.406 [Test worker] DEBUG org.apache.http.wire - http-outgoing-80 >> "Connection: Keep-Alive[\r][\n]"
02:44:35.406 [Test worker] DEBUG org.apache.http.wire - http-outgoing-80 >> "Accept-Encoding: gzip,deflate[\r][\n]"
02:44:35.406 [Test worker] DEBUG org.apache.http.wire - http-outgoing-80 >> "[\r][\n]"
02:44:35.407 [Test worker] DEBUG org.apache.http.wire - http-outgoing-80 << "HTTP/1.1 200 OK[\r][\n]"
02:44:35.407 [Test worker] DEBUG org.apache.http.wire - http-outgoing-80 << "Content-Type: application/json[\r][\n]"
02:44:35.407 [Test worker] DEBUG org.apache.http.wire - http-outgoing-80 << "Server: Docker/1.12.1 (linux)[\r][\n]"
02:44:35.407 [Test worker] DEBUG org.apache.http.wire - http-outgoing-80 << "Date: Tue, 18 Oct 2016 00:44:35 GMT[\r][\n]"
02:44:35.407 [Test worker] DEBUG org.apache.http.wire - http-outgoing-80 << "Content-Length: 1215[\r][\n]"
02:44:35.407 [Test worker] DEBUG org.apache.http.wire - http-outgoing-80 << "[\r][\n]"
02:44:35.407 [Test worker] DEBUG org.apache.http.wire - http-outgoing-80 << "[{"Id":"sha256:f753707788c5c100f194ce0a73058faae1a457774efcda6c1469544a114f8644","ParentId":"","RepoTags":["ubuntu:latest"],"RepoDigests":["ubuntu@sha256:2d44ae143feeb36f4c898d32ed2ab2dffeb3a573d2d8928646dfc9cb7deb1315"],"Created":1476393201,"Size":127161487,"VirtualSize":127161487,"Labels":{}},{"Id":"sha256:d654de4499473ed41349b54a988b6f46a7fc92e3fa2d61e102bf2660a0116e25","ParentId":"","RepoTags":["sakib37/iperf3:latest"],"RepoDigests":["sakib37/iperf3@sha256:8d80a810f8f508c074b14d02555f20110eac382c8dbda7252075392983629d40"],"Created":1474907599,"Size":199456654,"VirtualSize":199456654,"Labels":{}},{"Id":"sha256:45bc58500fa3d3c0d67233d4a7798134b46b486af1389ca87000c543f46c3d24","ParentId":"","RepoTags":["ubuntu:16.04"],"RepoDigests":["ubuntu@sha256:3235a49037919e99696d97df8d8a230717272d848ee4ddadbca8d54f97ee30cb"],"Created":1474304481,"Size":126872298,"VirtualSize":126872298,"Labels":{}},{"Id":"sha256:6fae60ef344644649a39240b94d73b8ba9c67f898ede85cf8e947a887b3e6557","ParentId":"","RepoTags":["training/webapp:latest"],"RepoDigests":["training/webapp@sha256:06e9c1983bd6d5db5fba376ccd63bfa529e8d02f23d5079b8f74a616308fb11d"],"Created":1431710615,"Size":348791356,"VirtualSize":348791356,"Labels":{}}][\n]"
02:44:35.407 [Test worker] DEBUG org.apache.http.headers - http-outgoing-80 << HTTP/1.1 200 OK
02:44:35.407 [Test worker] DEBUG org.apache.http.headers - http-outgoing-80 << Content-Type: application/json
02:44:35.408 [Test worker] DEBUG org.apache.http.headers - http-outgoing-80 << Server: Docker/1.12.1 (linux)
02:44:35.408 [Test worker] DEBUG org.apache.http.headers - http-outgoing-80 << Date: Tue, 18 Oct 2016 00:44:35 GMT
02:44:35.408 [Test worker] DEBUG org.apache.http.headers - http-outgoing-80 << Content-Length: 1215
02:44:35.408 [Test worker] DEBUG o.a.h.impl.execchain.MainClientExec - Connection can be kept alive indefinitely
02:44:35.408 [Test worker] DEBUG c.g.d.j.JerseyDockerCmdExecFactory - 2 * Client response received on thread Test worker
2 < 200
2 < Content-Length: 1215
2 < Content-Type: application/json
2 < Date: Tue, 18 Oct 2016 00:44:35 GMT
2 < Server: Docker/1.12.1 (linux)
[{"Id":"sha256:f753707788c5c100f194ce0a73058faae1a457774efcda6c1469544a114f8644","ParentId":"","RepoTags":["ubuntu:latest"],"RepoDigests":["ubuntu@sha256:2d44ae143feeb36f4c898d32ed2ab2dffeb3a573d2d8928646dfc9cb7deb1315"],"Created":1476393201,"Size":127161487,"VirtualSize":127161487,"Labels":{}},{"Id":"sha256:d654de4499473ed41349b54a988b6f46a7fc92e3fa2d61e102bf2660a0116e25","ParentId":"","RepoTags":["sakib37/iperf3:latest"],"RepoDigests":["sakib37/iperf3@sha256:8d80a810f8f508c074b14d02555f20110eac382c8dbda7252075392983629d40"],"Created":1474907599,"Size":199456654,"VirtualSize":199456654,"Labels":{}},{"Id":"sha256:45bc58500fa3d3c0d67233d4a7798134b46b486af1389ca87000c543f46c3d24","ParentId":"","RepoTags":["ubuntu:16.04"],"RepoDigests":["ubuntu@sha256:3235a49037919e99696d97df8d8a230717272d848ee4ddadbca8d54f97ee30cb"],"Created":1474304481,"Size":126872298,"VirtualSize":126872298,"Labels":{}},{"Id":"sha256:6fae60ef344644649a39240b94d73b8ba9c67f898ede85cf8e947a887b3e6557","ParentId":"","RepoTags":["training/webapp:latest"],"RepoDigests":["training/webapp@sha256:06e9c1983bd6d5db5fba376ccd63bfa529e8d02f23d5079b8f74a616308fb11d"],"Created":1431710615,"Size":348791356,"VirtualSize":348791356,"Labels":{}}]


02:44:35.412 [Test worker] DEBUG o.a.h.i.c.DefaultManagedHttpClientConnection - http-outgoing-80: Close connection
02:44:35.414 [Test worker] DEBUG o.a.h.impl.execchain.MainClientExec - Connection discarded
02:44:35.414 [Test worker] DEBUG c.g.d.j.JerseyDockerCmdExecFactory$1 - Connection released: [id: 80][route: {}->http://localhost:2375][total kept alive: 0; route allocated: 0 of 2; total allocated: 0 of 20]
02:44:35.414 [Test worker] DEBUG org.openbaton.docker.DockerVim - Found a docker image, transformed into a NFV Image Image{id='sha256:f753707788c5c100f194ce0a73058faae1a457774efcda6c1469544a114f8644', name='ubuntu', version=0, extId='null', minRam='0', minDiskSpace='0', minCPU='null', public='true', diskFormat='null', containerFormat='docker', created='Sun Jan 18 03:06:33 CET 1970', updated='null'}
02:44:35.414 [Test worker] DEBUG org.openbaton.docker.DockerVim - Found a docker image, transformed into a NFV Image Image{id='sha256:d654de4499473ed41349b54a988b6f46a7fc92e3fa2d61e102bf2660a0116e25', name='sakib37/iperf3', version=0, extId='null', minRam='0', minDiskSpace='0', minCPU='null', public='true', diskFormat='null', containerFormat='docker', created='Sun Jan 18 02:41:47 CET 1970', updated='null'}
02:44:35.415 [Test worker] DEBUG org.openbaton.docker.DockerVim - Found a docker image, transformed into a NFV Image Image{id='sha256:45bc58500fa3d3c0d67233d4a7798134b46b486af1389ca87000c543f46c3d24', name='ubuntu', version=0, extId='null', minRam='0', minDiskSpace='0', minCPU='null', public='true', diskFormat='null', containerFormat='docker', created='Sun Jan 18 02:31:44 CET 1970', updated='null'}
02:44:35.415 [Test worker] DEBUG org.openbaton.docker.DockerVim - Found a docker image, transformed into a NFV Image Image{id='sha256:6fae60ef344644649a39240b94d73b8ba9c67f898ede85cf8e947a887b3e6557', name='training/webapp', version=0, extId='null', minRam='0', minDiskSpace='0', minCPU='null', public='true', diskFormat='null', containerFormat='docker', created='Sat Jan 17 14:41:50 CET 1970', updated='null'}
Number of images After: 4
02:44:35.417 [Test worker] DEBUG c.g.d.core.command.AbstrDockerCmd - Cmd: ListImagesCmdImpl[imageNameFilter=<null>,showAll=true,filters=com.github.dockerjava.core.util.FiltersBuilder@0,execution=com.github.dockerjava.jaxrs.ListImagesCmdExec@595c73d6]
02:44:35.435 [Test worker] DEBUG c.g.d.j.JerseyDockerCmdExecFactory - 1 * Sending client request on thread Test worker
1 > GET http://localhost:2375/images/json?all=true
1 > Accept: application/json

02:44:35.436 [Test worker] DEBUG o.a.h.c.protocol.RequestAddCookies - CookieSpec selected: default
02:44:35.436 [Test worker] DEBUG o.a.h.c.protocol.RequestAuthCache - Auth cache not set in the context
02:44:35.436 [Test worker] DEBUG c.g.d.j.JerseyDockerCmdExecFactory$1 - Connection request: [route: {}->http://localhost:2375][total kept alive: 0; route allocated: 0 of 2; total allocated: 0 of 20]
02:44:35.436 [Test worker] DEBUG c.g.d.j.JerseyDockerCmdExecFactory$1 - Connection leased: [id: 81][route: {}->http://localhost:2375][total kept alive: 0; route allocated: 1 of 2; total allocated: 1 of 20]
02:44:35.436 [Test worker] DEBUG o.a.h.impl.execchain.MainClientExec - Opening connection {}->http://localhost:2375
02:44:35.436 [Test worker] DEBUG o.a.h.i.c.DefaultHttpClientConnectionOperator - Connecting to localhost/127.0.0.1:2375
02:44:35.436 [Test worker] DEBUG o.a.h.i.c.DefaultHttpClientConnectionOperator - Connection established 127.0.0.1:57178<->127.0.0.1:2375
02:44:35.437 [Test worker] DEBUG o.a.h.impl.execchain.MainClientExec - Executing request GET /images/json?all=true HTTP/1.1
02:44:35.437 [Test worker] DEBUG o.a.h.impl.execchain.MainClientExec - Target auth state: UNCHALLENGED
02:44:35.437 [Test worker] DEBUG o.a.h.impl.execchain.MainClientExec - Proxy auth state: UNCHALLENGED
02:44:35.437 [Test worker] DEBUG org.apache.http.headers - http-outgoing-81 >> GET /images/json?all=true HTTP/1.1
02:44:35.437 [Test worker] DEBUG org.apache.http.headers - http-outgoing-81 >> Accept: application/json
02:44:35.437 [Test worker] DEBUG org.apache.http.headers - http-outgoing-81 >> User-Agent: Jersey/2.23.1 (Apache HttpClient 4.5.1)
02:44:35.437 [Test worker] DEBUG org.apache.http.headers - http-outgoing-81 >> Host: localhost:2375
02:44:35.437 [Test worker] DEBUG org.apache.http.headers - http-outgoing-81 >> Connection: Keep-Alive
02:44:35.437 [Test worker] DEBUG org.apache.http.headers - http-outgoing-81 >> Accept-Encoding: gzip,deflate
02:44:35.437 [Test worker] DEBUG org.apache.http.wire - http-outgoing-81 >> "GET /images/json?all=true HTTP/1.1[\r][\n]"
02:44:35.437 [Test worker] DEBUG org.apache.http.wire - http-outgoing-81 >> "Accept: application/json[\r][\n]"
02:44:35.437 [Test worker] DEBUG org.apache.http.wire - http-outgoing-81 >> "User-Agent: Jersey/2.23.1 (Apache HttpClient 4.5.1)[\r][\n]"
02:44:35.438 [Test worker] DEBUG org.apache.http.wire - http-outgoing-81 >> "Host: localhost:2375[\r][\n]"
02:44:35.438 [Test worker] DEBUG org.apache.http.wire - http-outgoing-81 >> "Connection: Keep-Alive[\r][\n]"
02:44:35.438 [Test worker] DEBUG org.apache.http.wire - http-outgoing-81 >> "Accept-Encoding: gzip,deflate[\r][\n]"
02:44:35.438 [Test worker] DEBUG org.apache.http.wire - http-outgoing-81 >> "[\r][\n]"
02:44:35.439 [Test worker] DEBUG org.apache.http.wire - http-outgoing-81 << "HTTP/1.1 200 OK[\r][\n]"
02:44:35.439 [Test worker] DEBUG org.apache.http.wire - http-outgoing-81 << "Content-Type: application/json[\r][\n]"
02:44:35.439 [Test worker] DEBUG org.apache.http.wire - http-outgoing-81 << "Server: Docker/1.12.1 (linux)[\r][\n]"
02:44:35.439 [Test worker] DEBUG org.apache.http.wire - http-outgoing-81 << "Date: Tue, 18 Oct 2016 00:44:35 GMT[\r][\n]"
02:44:35.439 [Test worker] DEBUG org.apache.http.wire - http-outgoing-81 << "Content-Length: 1215[\r][\n]"
02:44:35.439 [Test worker] DEBUG org.apache.http.wire - http-outgoing-81 << "[\r][\n]"
02:44:35.439 [Test worker] DEBUG org.apache.http.wire - http-outgoing-81 << "[{"Id":"sha256:f753707788c5c100f194ce0a73058faae1a457774efcda6c1469544a114f8644","ParentId":"","RepoTags":["ubuntu:latest"],"RepoDigests":["ubuntu@sha256:2d44ae143feeb36f4c898d32ed2ab2dffeb3a573d2d8928646dfc9cb7deb1315"],"Created":1476393201,"Size":127161487,"VirtualSize":127161487,"Labels":{}},{"Id":"sha256:d654de4499473ed41349b54a988b6f46a7fc92e3fa2d61e102bf2660a0116e25","ParentId":"","RepoTags":["sakib37/iperf3:latest"],"RepoDigests":["sakib37/iperf3@sha256:8d80a810f8f508c074b14d02555f20110eac382c8dbda7252075392983629d40"],"Created":1474907599,"Size":199456654,"VirtualSize":199456654,"Labels":{}},{"Id":"sha256:45bc58500fa3d3c0d67233d4a7798134b46b486af1389ca87000c543f46c3d24","ParentId":"","RepoTags":["ubuntu:16.04"],"RepoDigests":["ubuntu@sha256:3235a49037919e99696d97df8d8a230717272d848ee4ddadbca8d54f97ee30cb"],"Created":1474304481,"Size":126872298,"VirtualSize":126872298,"Labels":{}},{"Id":"sha256:6fae60ef344644649a39240b94d73b8ba9c67f898ede85cf8e947a887b3e6557","ParentId":"","RepoTags":["training/webapp:latest"],"RepoDigests":["training/webapp@sha256:06e9c1983bd6d5db5fba376ccd63bfa529e8d02f23d5079b8f74a616308fb11d"],"Created":1431710615,"Size":348791356,"VirtualSize":348791356,"Labels":{}}][\n]"
02:44:35.439 [Test worker] DEBUG org.apache.http.headers - http-outgoing-81 << HTTP/1.1 200 OK
02:44:35.439 [Test worker] DEBUG org.apache.http.headers - http-outgoing-81 << Content-Type: application/json
02:44:35.440 [Test worker] DEBUG org.apache.http.headers - http-outgoing-81 << Server: Docker/1.12.1 (linux)
02:44:35.440 [Test worker] DEBUG org.apache.http.headers - http-outgoing-81 << Date: Tue, 18 Oct 2016 00:44:35 GMT
02:44:35.440 [Test worker] DEBUG org.apache.http.headers - http-outgoing-81 << Content-Length: 1215
02:44:35.440 [Test worker] DEBUG o.a.h.impl.execchain.MainClientExec - Connection can be kept alive indefinitely
02:44:35.440 [Test worker] DEBUG c.g.d.j.JerseyDockerCmdExecFactory - 2 * Client response received on thread Test worker
2 < 200
2 < Content-Length: 1215
2 < Content-Type: application/json
2 < Date: Tue, 18 Oct 2016 00:44:35 GMT
2 < Server: Docker/1.12.1 (linux)
[{"Id":"sha256:f753707788c5c100f194ce0a73058faae1a457774efcda6c1469544a114f8644","ParentId":"","RepoTags":["ubuntu:latest"],"RepoDigests":["ubuntu@sha256:2d44ae143feeb36f4c898d32ed2ab2dffeb3a573d2d8928646dfc9cb7deb1315"],"Created":1476393201,"Size":127161487,"VirtualSize":127161487,"Labels":{}},{"Id":"sha256:d654de4499473ed41349b54a988b6f46a7fc92e3fa2d61e102bf2660a0116e25","ParentId":"","RepoTags":["sakib37/iperf3:latest"],"RepoDigests":["sakib37/iperf3@sha256:8d80a810f8f508c074b14d02555f20110eac382c8dbda7252075392983629d40"],"Created":1474907599,"Size":199456654,"VirtualSize":199456654,"Labels":{}},{"Id":"sha256:45bc58500fa3d3c0d67233d4a7798134b46b486af1389ca87000c543f46c3d24","ParentId":"","RepoTags":["ubuntu:16.04"],"RepoDigests":["ubuntu@sha256:3235a49037919e99696d97df8d8a230717272d848ee4ddadbca8d54f97ee30cb"],"Created":1474304481,"Size":126872298,"VirtualSize":126872298,"Labels":{}},{"Id":"sha256:6fae60ef344644649a39240b94d73b8ba9c67f898ede85cf8e947a887b3e6557","ParentId":"","RepoTags":["training/webapp:latest"],"RepoDigests":["training/webapp@sha256:06e9c1983bd6d5db5fba376ccd63bfa529e8d02f23d5079b8f74a616308fb11d"],"Created":1431710615,"Size":348791356,"VirtualSize":348791356,"Labels":{}}]


02:44:35.442 [Test worker] DEBUG o.a.h.i.c.DefaultManagedHttpClientConnection - http-outgoing-81: Close connection
02:44:35.442 [Test worker] DEBUG o.a.h.impl.execchain.MainClientExec - Connection discarded
02:44:35.442 [Test worker] DEBUG c.g.d.j.JerseyDockerCmdExecFactory$1 - Connection released: [id: 81][route: {}->http://localhost:2375][total kept alive: 0; route allocated: 0 of 2; total allocated: 0 of 20]
02:44:35.442 [Test worker] DEBUG org.openbaton.docker.DockerVim - Found a docker image, transformed into a NFV Image Image{id='sha256:f753707788c5c100f194ce0a73058faae1a457774efcda6c1469544a114f8644', name='ubuntu', version=0, extId='null', minRam='0', minDiskSpace='0', minCPU='null', public='true', diskFormat='null', containerFormat='docker', created='Sun Jan 18 03:06:33 CET 1970', updated='null'}
02:44:35.442 [Test worker] DEBUG org.openbaton.docker.DockerVim - Found a docker image, transformed into a NFV Image Image{id='sha256:d654de4499473ed41349b54a988b6f46a7fc92e3fa2d61e102bf2660a0116e25', name='sakib37/iperf3', version=0, extId='null', minRam='0', minDiskSpace='0', minCPU='null', public='true', diskFormat='null', containerFormat='docker', created='Sun Jan 18 02:41:47 CET 1970', updated='null'}
02:44:35.442 [Test worker] DEBUG org.openbaton.docker.DockerVim - Found a docker image, transformed into a NFV Image Image{id='sha256:45bc58500fa3d3c0d67233d4a7798134b46b486af1389ca87000c543f46c3d24', name='ubuntu', version=0, extId='null', minRam='0', minDiskSpace='0', minCPU='null', public='true', diskFormat='null', containerFormat='docker', created='Sun Jan 18 02:31:44 CET 1970', updated='null'}
02:44:35.443 [Test worker] DEBUG org.openbaton.docker.DockerVim - Found a docker image, transformed into a NFV Image Image{id='sha256:6fae60ef344644649a39240b94d73b8ba9c67f898ede85cf8e947a887b3e6557', name='training/webapp', version=0, extId='null', minRam='0', minDiskSpace='0', minCPU='null', public='true', diskFormat='null', containerFormat='docker', created='Sat Jan 17 14:41:50 CET 1970', updated='null'}
02:44:35.444 [Test worker] DEBUG c.g.d.core.command.AbstrDockerCmd - Cmd: -1,<null>,true,<null>,<null>,com.github.dockerjava.core.util.FiltersBuilder@0,com.github.dockerjava.jaxrs.ListContainersCmdExec@243d886
02:44:35.452 [Test worker] DEBUG c.g.d.j.JerseyDockerCmdExecFactory - 1 * Sending client request on thread Test worker
1 > GET http://localhost:2375/containers/json?all=true
1 > Accept: application/json

02:44:35.453 [Test worker] DEBUG o.a.h.c.protocol.RequestAddCookies - CookieSpec selected: default
02:44:35.453 [Test worker] DEBUG o.a.h.c.protocol.RequestAuthCache - Auth cache not set in the context
02:44:35.453 [Test worker] DEBUG c.g.d.j.JerseyDockerCmdExecFactory$1 - Connection request: [route: {}->http://localhost:2375][total kept alive: 0; route allocated: 0 of 2; total allocated: 0 of 20]
02:44:35.453 [Test worker] DEBUG c.g.d.j.JerseyDockerCmdExecFactory$1 - Connection leased: [id: 82][route: {}->http://localhost:2375][total kept alive: 0; route allocated: 1 of 2; total allocated: 1 of 20]
02:44:35.454 [Test worker] DEBUG o.a.h.impl.execchain.MainClientExec - Opening connection {}->http://localhost:2375
02:44:35.454 [Test worker] DEBUG o.a.h.i.c.DefaultHttpClientConnectionOperator - Connecting to localhost/127.0.0.1:2375
02:44:35.454 [Test worker] DEBUG o.a.h.i.c.DefaultHttpClientConnectionOperator - Connection established 127.0.0.1:57180<->127.0.0.1:2375
02:44:35.454 [Test worker] DEBUG o.a.h.impl.execchain.MainClientExec - Executing request GET /containers/json?all=true HTTP/1.1
02:44:35.454 [Test worker] DEBUG o.a.h.impl.execchain.MainClientExec - Target auth state: UNCHALLENGED
02:44:35.454 [Test worker] DEBUG o.a.h.impl.execchain.MainClientExec - Proxy auth state: UNCHALLENGED
02:44:35.454 [Test worker] DEBUG org.apache.http.headers - http-outgoing-82 >> GET /containers/json?all=true HTTP/1.1
02:44:35.454 [Test worker] DEBUG org.apache.http.headers - http-outgoing-82 >> Accept: application/json
02:44:35.454 [Test worker] DEBUG org.apache.http.headers - http-outgoing-82 >> User-Agent: Jersey/2.23.1 (Apache HttpClient 4.5.1)
02:44:35.455 [Test worker] DEBUG org.apache.http.headers - http-outgoing-82 >> Host: localhost:2375
02:44:35.455 [Test worker] DEBUG org.apache.http.headers - http-outgoing-82 >> Connection: Keep-Alive
02:44:35.455 [Test worker] DEBUG org.apache.http.headers - http-outgoing-82 >> Accept-Encoding: gzip,deflate
02:44:35.455 [Test worker] DEBUG org.apache.http.wire - http-outgoing-82 >> "GET /containers/json?all=true HTTP/1.1[\r][\n]"
02:44:35.455 [Test worker] DEBUG org.apache.http.wire - http-outgoing-82 >> "Accept: application/json[\r][\n]"
02:44:35.455 [Test worker] DEBUG org.apache.http.wire - http-outgoing-82 >> "User-Agent: Jersey/2.23.1 (Apache HttpClient 4.5.1)[\r][\n]"
02:44:35.455 [Test worker] DEBUG org.apache.http.wire - http-outgoing-82 >> "Host: localhost:2375[\r][\n]"
02:44:35.455 [Test worker] DEBUG org.apache.http.wire - http-outgoing-82 >> "Connection: Keep-Alive[\r][\n]"
02:44:35.455 [Test worker] DEBUG org.apache.http.wire - http-outgoing-82 >> "Accept-Encoding: gzip,deflate[\r][\n]"
02:44:35.455 [Test worker] DEBUG org.apache.http.wire - http-outgoing-82 >> "[\r][\n]"
02:44:35.455 [Test worker] DEBUG org.apache.http.wire - http-outgoing-82 << "HTTP/1.1 200 OK[\r][\n]"
02:44:35.455 [Test worker] DEBUG org.apache.http.wire - http-outgoing-82 << "Content-Type: application/json[\r][\n]"
02:44:35.455 [Test worker] DEBUG org.apache.http.wire - http-outgoing-82 << "Server: Docker/1.12.1 (linux)[\r][\n]"
02:44:35.456 [Test worker] DEBUG org.apache.http.wire - http-outgoing-82 << "Date: Tue, 18 Oct 2016 00:44:35 GMT[\r][\n]"
02:44:35.456 [Test worker] DEBUG org.apache.http.wire - http-outgoing-82 << "Content-Length: 3[\r][\n]"
02:44:35.456 [Test worker] DEBUG org.apache.http.wire - http-outgoing-82 << "[\r][\n]"
02:44:35.456 [Test worker] DEBUG org.apache.http.wire - http-outgoing-82 << "[][\n]"
02:44:35.456 [Test worker] DEBUG org.apache.http.headers - http-outgoing-82 << HTTP/1.1 200 OK
02:44:35.456 [Test worker] DEBUG org.apache.http.headers - http-outgoing-82 << Content-Type: application/json
02:44:35.456 [Test worker] DEBUG org.apache.http.headers - http-outgoing-82 << Server: Docker/1.12.1 (linux)
02:44:35.456 [Test worker] DEBUG org.apache.http.headers - http-outgoing-82 << Date: Tue, 18 Oct 2016 00:44:35 GMT
02:44:35.456 [Test worker] DEBUG org.apache.http.headers - http-outgoing-82 << Content-Length: 3
02:44:35.456 [Test worker] DEBUG o.a.h.impl.execchain.MainClientExec - Connection can be kept alive indefinitely
02:44:35.457 [Test worker] DEBUG c.g.d.j.JerseyDockerCmdExecFactory - 2 * Client response received on thread Test worker
2 < 200
2 < Content-Length: 3
2 < Content-Type: application/json
2 < Date: Tue, 18 Oct 2016 00:44:35 GMT
2 < Server: Docker/1.12.1 (linux)
[]


02:44:35.457 [Test worker] DEBUG c.g.d.j.JerseyDockerCmdExecFactory$1 - Connection [id: 82][route: {}->http://localhost:2375] can be kept alive indefinitely
02:44:35.457 [Test worker] DEBUG c.g.d.j.JerseyDockerCmdExecFactory$1 - Connection released: [id: 82][route: {}->http://localhost:2375][total kept alive: 1; route allocated: 1 of 2; total allocated: 1 of 20]
02:44:35.464 [Test worker] DEBUG c.g.d.core.command.AbstrDockerCmd - Cmd: com.github.dockerjava.core.util.FiltersBuilder@0,com.github.dockerjava.jaxrs.ListNetworksCmdExec@e37f149
02:44:35.473 [Test worker] DEBUG c.g.d.j.JerseyDockerCmdExecFactory - 1 * Sending client request on thread Test worker
1 > GET http://localhost:2375/networks
1 > Accept: application/json

02:44:35.474 [Test worker] DEBUG o.a.h.c.protocol.RequestAddCookies - CookieSpec selected: default
02:44:35.474 [Test worker] DEBUG o.a.h.c.protocol.RequestAuthCache - Auth cache not set in the context
02:44:35.474 [Test worker] DEBUG c.g.d.j.JerseyDockerCmdExecFactory$1 - Connection request: [route: {}->http://localhost:2375][total kept alive: 0; route allocated: 0 of 2; total allocated: 0 of 20]
02:44:35.474 [Test worker] DEBUG c.g.d.j.JerseyDockerCmdExecFactory$1 - Connection leased: [id: 83][route: {}->http://localhost:2375][total kept alive: 0; route allocated: 1 of 2; total allocated: 1 of 20]
02:44:35.474 [Test worker] DEBUG o.a.h.impl.execchain.MainClientExec - Opening connection {}->http://localhost:2375
02:44:35.474 [Test worker] DEBUG o.a.h.i.c.DefaultHttpClientConnectionOperator - Connecting to localhost/127.0.0.1:2375
02:44:35.475 [Test worker] DEBUG o.a.h.i.c.DefaultHttpClientConnectionOperator - Connection established 127.0.0.1:57182<->127.0.0.1:2375
02:44:35.475 [Test worker] DEBUG o.a.h.impl.execchain.MainClientExec - Executing request GET /networks HTTP/1.1
02:44:35.475 [Test worker] DEBUG o.a.h.impl.execchain.MainClientExec - Target auth state: UNCHALLENGED
02:44:35.475 [Test worker] DEBUG o.a.h.impl.execchain.MainClientExec - Proxy auth state: UNCHALLENGED
02:44:35.475 [Test worker] DEBUG org.apache.http.headers - http-outgoing-83 >> GET /networks HTTP/1.1
02:44:35.475 [Test worker] DEBUG org.apache.http.headers - http-outgoing-83 >> Accept: application/json
02:44:35.475 [Test worker] DEBUG org.apache.http.headers - http-outgoing-83 >> User-Agent: Jersey/2.23.1 (Apache HttpClient 4.5.1)
02:44:35.475 [Test worker] DEBUG org.apache.http.headers - http-outgoing-83 >> Host: localhost:2375
02:44:35.475 [Test worker] DEBUG org.apache.http.headers - http-outgoing-83 >> Connection: Keep-Alive
02:44:35.475 [Test worker] DEBUG org.apache.http.headers - http-outgoing-83 >> Accept-Encoding: gzip,deflate
02:44:35.475 [Test worker] DEBUG org.apache.http.wire - http-outgoing-83 >> "GET /networks HTTP/1.1[\r][\n]"
02:44:35.475 [Test worker] DEBUG org.apache.http.wire - http-outgoing-83 >> "Accept: application/json[\r][\n]"
02:44:35.476 [Test worker] DEBUG org.apache.http.wire - http-outgoing-83 >> "User-Agent: Jersey/2.23.1 (Apache HttpClient 4.5.1)[\r][\n]"
02:44:35.476 [Test worker] DEBUG org.apache.http.wire - http-outgoing-83 >> "Host: localhost:2375[\r][\n]"
02:44:35.476 [Test worker] DEBUG org.apache.http.wire - http-outgoing-83 >> "Connection: Keep-Alive[\r][\n]"
02:44:35.476 [Test worker] DEBUG org.apache.http.wire - http-outgoing-83 >> "Accept-Encoding: gzip,deflate[\r][\n]"
02:44:35.476 [Test worker] DEBUG org.apache.http.wire - http-outgoing-83 >> "[\r][\n]"
02:44:35.476 [Test worker] DEBUG org.apache.http.wire - http-outgoing-83 << "HTTP/1.1 200 OK[\r][\n]"
02:44:35.476 [Test worker] DEBUG org.apache.http.wire - http-outgoing-83 << "Content-Type: application/json[\r][\n]"
02:44:35.476 [Test worker] DEBUG org.apache.http.wire - http-outgoing-83 << "Server: Docker/1.12.1 (linux)[\r][\n]"
02:44:35.476 [Test worker] DEBUG org.apache.http.wire - http-outgoing-83 << "Date: Tue, 18 Oct 2016 00:44:35 GMT[\r][\n]"
02:44:35.476 [Test worker] DEBUG org.apache.http.wire - http-outgoing-83 << "Content-Length: 1100[\r][\n]"
02:44:35.477 [Test worker] DEBUG org.apache.http.wire - http-outgoing-83 << "[\r][\n]"
02:44:35.477 [Test worker] DEBUG org.apache.http.wire - http-outgoing-83 << "[{"Name":"bridge","Id":"90941628611ab58d4fa4db6bcd1806afb9bf994c4562bea7ae3dc9153b373da5","Scope":"local","Driver":"bridge","EnableIPv6":false,"IPAM":{"Driver":"default","Options":null,"Config":[{"Subnet":"172.17.0.0/16","Gateway":"172.17.0.1"}]},"Internal":false,"Containers":{},"Options":{"com.docker.network.bridge.default_bridge":"true","com.docker.network.bridge.enable_icc":"true","com.docker.network.bridge.enable_ip_masquerade":"true","com.docker.network.bridge.host_binding_ipv4":"0.0.0.0","com.docker.network.bridge.name":"docker0","com.docker.network.driver.mtu":"1500"},"Labels":{}},{"Name":"none","Id":"4d89c194eb79cd2beb38458d10a1b98c74d6b8462af72afde29ae7aca53ed5ca","Scope":"local","Driver":"null","EnableIPv6":false,"IPAM":{"Driver":"default","Options":null,"Config":[]},"Internal":false,"Containers":{},"Options":{},"Labels":{}},{"Name":"host","Id":"fe042b0866671b5be4f097ba43830c0a02959c058702d18e18c14a24d88a357d","Scope":"local","Driver":"host","EnableIPv6":false,"IPAM":{"Driver":"default","Options":null,"Config":[]},"Internal":false,"Containers":{},"Options":{},"Labels":{}}][\n]"
02:44:35.477 [Test worker] DEBUG org.apache.http.headers - http-outgoing-83 << HTTP/1.1 200 OK
02:44:35.477 [Test worker] DEBUG org.apache.http.headers - http-outgoing-83 << Content-Type: application/json
02:44:35.477 [Test worker] DEBUG org.apache.http.headers - http-outgoing-83 << Server: Docker/1.12.1 (linux)
02:44:35.477 [Test worker] DEBUG org.apache.http.headers - http-outgoing-83 << Date: Tue, 18 Oct 2016 00:44:35 GMT
02:44:35.477 [Test worker] DEBUG org.apache.http.headers - http-outgoing-83 << Content-Length: 1100
02:44:35.477 [Test worker] DEBUG o.a.h.impl.execchain.MainClientExec - Connection can be kept alive indefinitely
02:44:35.477 [Test worker] DEBUG c.g.d.j.JerseyDockerCmdExecFactory - 2 * Client response received on thread Test worker
2 < 200
2 < Content-Length: 1100
2 < Content-Type: application/json
2 < Date: Tue, 18 Oct 2016 00:44:35 GMT
2 < Server: Docker/1.12.1 (linux)
[{"Name":"bridge","Id":"90941628611ab58d4fa4db6bcd1806afb9bf994c4562bea7ae3dc9153b373da5","Scope":"local","Driver":"bridge","EnableIPv6":false,"IPAM":{"Driver":"default","Options":null,"Config":[{"Subnet":"172.17.0.0/16","Gateway":"172.17.0.1"}]},"Internal":false,"Containers":{},"Options":{"com.docker.network.bridge.default_bridge":"true","com.docker.network.bridge.enable_icc":"true","com.docker.network.bridge.enable_ip_masquerade":"true","com.docker.network.bridge.host_binding_ipv4":"0.0.0.0","com.docker.network.bridge.name":"docker0","com.docker.network.driver.mtu":"1500"},"Labels":{}},{"Name":"none","Id":"4d89c194eb79cd2beb38458d10a1b98c74d6b8462af72afde29ae7aca53ed5ca","Scope":"local","Driver":"null","EnableIPv6":false,"IPAM":{"Driver":"default","Options":null,"Config":[]},"Internal":false,"Containers":{},"Options":{},"Labels":{}},{"Name":"host","Id":"fe042b0866671b5be4f097ba43830c0a02959c058702d18e18c14a24d88a357d","Scope":"local","Driver":"host","EnableIPv6":false,"IPAM":{"Driver":"default","Options":null,"Config":[]},"Internal":false,"Containers":{},"Options":{},"Labels":{}}]


02:44:35.481 [Test worker] DEBUG o.a.h.i.c.DefaultManagedHttpClientConnection - http-outgoing-83: Close connection
02:44:35.481 [Test worker] DEBUG o.a.h.impl.execchain.MainClientExec - Connection discarded
02:44:35.481 [Test worker] DEBUG c.g.d.j.JerseyDockerCmdExecFactory$1 - Connection released: [id: 83][route: {}->http://localhost:2375][total kept alive: 0; route allocated: 0 of 2; total allocated: 0 of 20]
02:44:35.481 [Test worker] DEBUG c.g.d.core.command.AbstrDockerCmd - Cmd: com.github.dockerjava.core.util.FiltersBuilder@0,com.github.dockerjava.jaxrs.ListVolumesCmdExec@37204e58
02:44:35.481 [Test worker] DEBUG c.g.d.j.JerseyDockerCmdExecFactory - 3 * Sending client request on thread Test worker
3 > GET http://localhost:2375/volumes
3 > Accept: application/json

02:44:35.482 [Test worker] DEBUG o.a.h.c.protocol.RequestAddCookies - CookieSpec selected: default
02:44:35.482 [Test worker] DEBUG o.a.h.c.protocol.RequestAuthCache - Auth cache not set in the context
02:44:35.482 [Test worker] DEBUG c.g.d.j.JerseyDockerCmdExecFactory$1 - Connection request: [route: {}->http://localhost:2375][total kept alive: 0; route allocated: 0 of 2; total allocated: 0 of 20]
02:44:35.482 [Test worker] DEBUG c.g.d.j.JerseyDockerCmdExecFactory$1 - Connection leased: [id: 84][route: {}->http://localhost:2375][total kept alive: 0; route allocated: 1 of 2; total allocated: 1 of 20]
02:44:35.482 [Test worker] DEBUG o.a.h.impl.execchain.MainClientExec - Opening connection {}->http://localhost:2375
02:44:35.482 [Test worker] DEBUG o.a.h.i.c.DefaultHttpClientConnectionOperator - Connecting to localhost/127.0.0.1:2375
02:44:35.482 [Test worker] DEBUG o.a.h.i.c.DefaultHttpClientConnectionOperator - Connection established 127.0.0.1:57184<->127.0.0.1:2375
02:44:35.483 [Test worker] DEBUG o.a.h.impl.execchain.MainClientExec - Executing request GET /volumes HTTP/1.1
02:44:35.483 [Test worker] DEBUG o.a.h.impl.execchain.MainClientExec - Target auth state: UNCHALLENGED
02:44:35.483 [Test worker] DEBUG o.a.h.impl.execchain.MainClientExec - Proxy auth state: UNCHALLENGED
02:44:35.483 [Test worker] DEBUG org.apache.http.headers - http-outgoing-84 >> GET /volumes HTTP/1.1
02:44:35.483 [Test worker] DEBUG org.apache.http.headers - http-outgoing-84 >> Accept: application/json
02:44:35.483 [Test worker] DEBUG org.apache.http.headers - http-outgoing-84 >> User-Agent: Jersey/2.23.1 (Apache HttpClient 4.5.1)
02:44:35.483 [Test worker] DEBUG org.apache.http.headers - http-outgoing-84 >> Host: localhost:2375
02:44:35.483 [Test worker] DEBUG org.apache.http.headers - http-outgoing-84 >> Connection: Keep-Alive
02:44:35.483 [Test worker] DEBUG org.apache.http.headers - http-outgoing-84 >> Accept-Encoding: gzip,deflate
02:44:35.483 [Test worker] DEBUG org.apache.http.wire - http-outgoing-84 >> "GET /volumes HTTP/1.1[\r][\n]"
02:44:35.483 [Test worker] DEBUG org.apache.http.wire - http-outgoing-84 >> "Accept: application/json[\r][\n]"
02:44:35.483 [Test worker] DEBUG org.apache.http.wire - http-outgoing-84 >> "User-Agent: Jersey/2.23.1 (Apache HttpClient 4.5.1)[\r][\n]"
02:44:35.483 [Test worker] DEBUG org.apache.http.wire - http-outgoing-84 >> "Host: localhost:2375[\r][\n]"
02:44:35.484 [Test worker] DEBUG org.apache.http.wire - http-outgoing-84 >> "Connection: Keep-Alive[\r][\n]"
02:44:35.484 [Test worker] DEBUG org.apache.http.wire - http-outgoing-84 >> "Accept-Encoding: gzip,deflate[\r][\n]"
02:44:35.484 [Test worker] DEBUG org.apache.http.wire - http-outgoing-84 >> "[\r][\n]"
02:44:35.484 [Test worker] DEBUG org.apache.http.wire - http-outgoing-84 << "HTTP/1.1 200 OK[\r][\n]"
02:44:35.484 [Test worker] DEBUG org.apache.http.wire - http-outgoing-84 << "Content-Type: application/json[\r][\n]"
02:44:35.484 [Test worker] DEBUG org.apache.http.wire - http-outgoing-84 << "Server: Docker/1.12.1 (linux)[\r][\n]"
02:44:35.484 [Test worker] DEBUG org.apache.http.wire - http-outgoing-84 << "Date: Tue, 18 Oct 2016 00:44:35 GMT[\r][\n]"
02:44:35.484 [Test worker] DEBUG org.apache.http.wire - http-outgoing-84 << "Content-Length: 33[\r][\n]"
02:44:35.484 [Test worker] DEBUG org.apache.http.wire - http-outgoing-84 << "[\r][\n]"
02:44:35.484 [Test worker] DEBUG org.apache.http.wire - http-outgoing-84 << "{"Volumes":null,"Warnings":null}[\n]"
02:44:35.488 [Test worker] DEBUG org.apache.http.headers - http-outgoing-84 << HTTP/1.1 200 OK
02:44:35.488 [Test worker] DEBUG org.apache.http.headers - http-outgoing-84 << Content-Type: application/json
02:44:35.488 [Test worker] DEBUG org.apache.http.headers - http-outgoing-84 << Server: Docker/1.12.1 (linux)
02:44:35.489 [Test worker] DEBUG org.apache.http.headers - http-outgoing-84 << Date: Tue, 18 Oct 2016 00:44:35 GMT
02:44:35.489 [Test worker] DEBUG org.apache.http.headers - http-outgoing-84 << Content-Length: 33
02:44:35.489 [Test worker] DEBUG o.a.h.impl.execchain.MainClientExec - Connection can be kept alive indefinitely
02:44:35.489 [Test worker] DEBUG c.g.d.j.JerseyDockerCmdExecFactory - 4 * Client response received on thread Test worker
4 < 200
4 < Content-Length: 33
4 < Content-Type: application/json
4 < Date: Tue, 18 Oct 2016 00:44:35 GMT
4 < Server: Docker/1.12.1 (linux)
{"Volumes":null,"Warnings":null}


02:44:35.490 [Test worker] DEBUG o.a.h.i.c.DefaultManagedHttpClientConnection - http-outgoing-84: Close connection
02:44:35.490 [Test worker] DEBUG o.a.h.impl.execchain.MainClientExec - Connection discarded
02:44:35.490 [Test worker] DEBUG c.g.d.j.JerseyDockerCmdExecFactory$1 - Connection released: [id: 84][route: {}->http://localhost:2375][total kept alive: 0; route allocated: 0 of 2; total allocated: 0 of 20]
02:44:35.491 [Test worker] DEBUG org.openbaton.docker.DockerVim - Loading properties
02:44:35.492 [Test worker] DEBUG org.openbaton.docker.DockerVim - Loaded properties: {type=docker}
02:44:35.494 [Test worker] DEBUG c.g.d.core.command.AbstrDockerCmd - Cmd: -1,<null>,true,<null>,<null>,com.github.dockerjava.core.util.FiltersBuilder@0,com.github.dockerjava.jaxrs.ListContainersCmdExec@1f58cce5
02:44:35.528 [Test worker] DEBUG c.g.d.j.JerseyDockerCmdExecFactory - 1 * Sending client request on thread Test worker
1 > GET http://localhost:2375/containers/json?all=true
1 > Accept: application/json

02:44:35.528 [Test worker] DEBUG o.a.h.c.protocol.RequestAddCookies - CookieSpec selected: default
02:44:35.529 [Test worker] DEBUG o.a.h.c.protocol.RequestAuthCache - Auth cache not set in the context
02:44:35.529 [Test worker] DEBUG c.g.d.j.JerseyDockerCmdExecFactory$1 - Connection request: [route: {}->http://localhost:2375][total kept alive: 0; route allocated: 0 of 2; total allocated: 0 of 20]
02:44:35.529 [Test worker] DEBUG c.g.d.j.JerseyDockerCmdExecFactory$1 - Connection leased: [id: 85][route: {}->http://localhost:2375][total kept alive: 0; route allocated: 1 of 2; total allocated: 1 of 20]
02:44:35.529 [Test worker] DEBUG o.a.h.impl.execchain.MainClientExec - Opening connection {}->http://localhost:2375
02:44:35.529 [Test worker] DEBUG o.a.h.i.c.DefaultHttpClientConnectionOperator - Connecting to localhost/127.0.0.1:2375
02:44:35.529 [Test worker] DEBUG o.a.h.i.c.DefaultHttpClientConnectionOperator - Connection established 127.0.0.1:57186<->127.0.0.1:2375
02:44:35.529 [Test worker] DEBUG o.a.h.impl.execchain.MainClientExec - Executing request GET /containers/json?all=true HTTP/1.1
02:44:35.529 [Test worker] DEBUG o.a.h.impl.execchain.MainClientExec - Target auth state: UNCHALLENGED
02:44:35.529 [Test worker] DEBUG o.a.h.impl.execchain.MainClientExec - Proxy auth state: UNCHALLENGED
02:44:35.530 [Test worker] DEBUG org.apache.http.headers - http-outgoing-85 >> GET /containers/json?all=true HTTP/1.1
02:44:35.530 [Test worker] DEBUG org.apache.http.headers - http-outgoing-85 >> Accept: application/json
02:44:35.531 [Test worker] DEBUG org.apache.http.headers - http-outgoing-85 >> User-Agent: Jersey/2.23.1 (Apache HttpClient 4.5.1)
02:44:35.532 [Test worker] DEBUG org.apache.http.headers - http-outgoing-85 >> Host: localhost:2375
02:44:35.532 [Test worker] DEBUG org.apache.http.headers - http-outgoing-85 >> Connection: Keep-Alive
02:44:35.532 [Test worker] DEBUG org.apache.http.headers - http-outgoing-85 >> Accept-Encoding: gzip,deflate
02:44:35.532 [Test worker] DEBUG org.apache.http.wire - http-outgoing-85 >> "GET /containers/json?all=true HTTP/1.1[\r][\n]"
02:44:35.532 [Test worker] DEBUG org.apache.http.wire - http-outgoing-85 >> "Accept: application/json[\r][\n]"
02:44:35.532 [Test worker] DEBUG org.apache.http.wire - http-outgoing-85 >> "User-Agent: Jersey/2.23.1 (Apache HttpClient 4.5.1)[\r][\n]"
02:44:35.532 [Test worker] DEBUG org.apache.http.wire - http-outgoing-85 >> "Host: localhost:2375[\r][\n]"
02:44:35.532 [Test worker] DEBUG org.apache.http.wire - http-outgoing-85 >> "Connection: Keep-Alive[\r][\n]"
02:44:35.532 [Test worker] DEBUG org.apache.http.wire - http-outgoing-85 >> "Accept-Encoding: gzip,deflate[\r][\n]"
02:44:35.532 [Test worker] DEBUG org.apache.http.wire - http-outgoing-85 >> "[\r][\n]"
02:44:35.532 [Test worker] DEBUG org.apache.http.wire - http-outgoing-85 << "HTTP/1.1 200 OK[\r][\n]"
02:44:35.532 [Test worker] DEBUG org.apache.http.wire - http-outgoing-85 << "Content-Type: application/json[\r][\n]"
02:44:35.533 [Test worker] DEBUG org.apache.http.wire - http-outgoing-85 << "Server: Docker/1.12.1 (linux)[\r][\n]"
02:44:35.533 [Test worker] DEBUG org.apache.http.wire - http-outgoing-85 << "Date: Tue, 18 Oct 2016 00:44:35 GMT[\r][\n]"
02:44:35.533 [Test worker] DEBUG org.apache.http.wire - http-outgoing-85 << "Content-Length: 3[\r][\n]"
02:44:35.533 [Test worker] DEBUG org.apache.http.wire - http-outgoing-85 << "[\r][\n]"
02:44:35.533 [Test worker] DEBUG org.apache.http.wire - http-outgoing-85 << "[][\n]"
02:44:35.533 [Test worker] DEBUG org.apache.http.headers - http-outgoing-85 << HTTP/1.1 200 OK
02:44:35.533 [Test worker] DEBUG org.apache.http.headers - http-outgoing-85 << Content-Type: application/json
02:44:35.533 [Test worker] DEBUG org.apache.http.headers - http-outgoing-85 << Server: Docker/1.12.1 (linux)
02:44:35.533 [Test worker] DEBUG org.apache.http.headers - http-outgoing-85 << Date: Tue, 18 Oct 2016 00:44:35 GMT
02:44:35.533 [Test worker] DEBUG org.apache.http.headers - http-outgoing-85 << Content-Length: 3
02:44:35.533 [Test worker] DEBUG o.a.h.impl.execchain.MainClientExec - Connection can be kept alive indefinitely
02:44:35.534 [Test worker] DEBUG c.g.d.j.JerseyDockerCmdExecFactory - 2 * Client response received on thread Test worker
2 < 200
2 < Content-Length: 3
2 < Content-Type: application/json
2 < Date: Tue, 18 Oct 2016 00:44:35 GMT
2 < Server: Docker/1.12.1 (linux)
[]


02:44:35.535 [Test worker] DEBUG c.g.d.j.JerseyDockerCmdExecFactory$1 - Connection [id: 85][route: {}->http://localhost:2375] can be kept alive indefinitely
02:44:35.535 [Test worker] DEBUG c.g.d.j.JerseyDockerCmdExecFactory$1 - Connection released: [id: 85][route: {}->http://localhost:2375][total kept alive: 1; route allocated: 1 of 2; total allocated: 1 of 20]
02:44:35.544 [Test worker] DEBUG c.g.d.core.command.AbstrDockerCmd - Cmd: com.github.dockerjava.core.util.FiltersBuilder@0,com.github.dockerjava.jaxrs.ListNetworksCmdExec@17cf6e1c
02:44:35.555 [Test worker] DEBUG c.g.d.j.JerseyDockerCmdExecFactory - 1 * Sending client request on thread Test worker
1 > GET http://localhost:2375/networks
1 > Accept: application/json

02:44:35.555 [Test worker] DEBUG o.a.h.c.protocol.RequestAddCookies - CookieSpec selected: default
02:44:35.555 [Test worker] DEBUG o.a.h.c.protocol.RequestAuthCache - Auth cache not set in the context
02:44:35.555 [Test worker] DEBUG c.g.d.j.JerseyDockerCmdExecFactory$1 - Connection request: [route: {}->http://localhost:2375][total kept alive: 0; route allocated: 0 of 2; total allocated: 0 of 20]
02:44:35.556 [Test worker] DEBUG c.g.d.j.JerseyDockerCmdExecFactory$1 - Connection leased: [id: 86][route: {}->http://localhost:2375][total kept alive: 0; route allocated: 1 of 2; total allocated: 1 of 20]
02:44:35.556 [Test worker] DEBUG o.a.h.impl.execchain.MainClientExec - Opening connection {}->http://localhost:2375
02:44:35.556 [Test worker] DEBUG o.a.h.i.c.DefaultHttpClientConnectionOperator - Connecting to localhost/127.0.0.1:2375
02:44:35.556 [Test worker] DEBUG o.a.h.i.c.DefaultHttpClientConnectionOperator - Connection established 127.0.0.1:57188<->127.0.0.1:2375
02:44:35.556 [Test worker] DEBUG o.a.h.impl.execchain.MainClientExec - Executing request GET /networks HTTP/1.1
02:44:35.556 [Test worker] DEBUG o.a.h.impl.execchain.MainClientExec - Target auth state: UNCHALLENGED
02:44:35.556 [Test worker] DEBUG o.a.h.impl.execchain.MainClientExec - Proxy auth state: UNCHALLENGED
02:44:35.556 [Test worker] DEBUG org.apache.http.headers - http-outgoing-86 >> GET /networks HTTP/1.1
02:44:35.556 [Test worker] DEBUG org.apache.http.headers - http-outgoing-86 >> Accept: application/json
02:44:35.557 [Test worker] DEBUG org.apache.http.headers - http-outgoing-86 >> User-Agent: Jersey/2.23.1 (Apache HttpClient 4.5.1)
02:44:35.557 [Test worker] DEBUG org.apache.http.headers - http-outgoing-86 >> Host: localhost:2375
02:44:35.557 [Test worker] DEBUG org.apache.http.headers - http-outgoing-86 >> Connection: Keep-Alive
02:44:35.557 [Test worker] DEBUG org.apache.http.headers - http-outgoing-86 >> Accept-Encoding: gzip,deflate
02:44:35.557 [Test worker] DEBUG org.apache.http.wire - http-outgoing-86 >> "GET /networks HTTP/1.1[\r][\n]"
02:44:35.557 [Test worker] DEBUG org.apache.http.wire - http-outgoing-86 >> "Accept: application/json[\r][\n]"
02:44:35.557 [Test worker] DEBUG org.apache.http.wire - http-outgoing-86 >> "User-Agent: Jersey/2.23.1 (Apache HttpClient 4.5.1)[\r][\n]"
02:44:35.557 [Test worker] DEBUG org.apache.http.wire - http-outgoing-86 >> "Host: localhost:2375[\r][\n]"
02:44:35.557 [Test worker] DEBUG org.apache.http.wire - http-outgoing-86 >> "Connection: Keep-Alive[\r][\n]"
02:44:35.557 [Test worker] DEBUG org.apache.http.wire - http-outgoing-86 >> "Accept-Encoding: gzip,deflate[\r][\n]"
02:44:35.557 [Test worker] DEBUG org.apache.http.wire - http-outgoing-86 >> "[\r][\n]"
02:44:35.558 [Test worker] DEBUG org.apache.http.wire - http-outgoing-86 << "HTTP/1.1 200 OK[\r][\n]"
02:44:35.558 [Test worker] DEBUG org.apache.http.wire - http-outgoing-86 << "Content-Type: application/json[\r][\n]"
02:44:35.558 [Test worker] DEBUG org.apache.http.wire - http-outgoing-86 << "Server: Docker/1.12.1 (linux)[\r][\n]"
02:44:35.558 [Test worker] DEBUG org.apache.http.wire - http-outgoing-86 << "Date: Tue, 18 Oct 2016 00:44:35 GMT[\r][\n]"
02:44:35.558 [Test worker] DEBUG org.apache.http.wire - http-outgoing-86 << "Content-Length: 1100[\r][\n]"
02:44:35.558 [Test worker] DEBUG org.apache.http.wire - http-outgoing-86 << "[\r][\n]"
02:44:35.558 [Test worker] DEBUG org.apache.http.wire - http-outgoing-86 << "[{"Name":"none","Id":"4d89c194eb79cd2beb38458d10a1b98c74d6b8462af72afde29ae7aca53ed5ca","Scope":"local","Driver":"null","EnableIPv6":false,"IPAM":{"Driver":"default","Options":null,"Config":[]},"Internal":false,"Containers":{},"Options":{},"Labels":{}},{"Name":"host","Id":"fe042b0866671b5be4f097ba43830c0a02959c058702d18e18c14a24d88a357d","Scope":"local","Driver":"host","EnableIPv6":false,"IPAM":{"Driver":"default","Options":null,"Config":[]},"Internal":false,"Containers":{},"Options":{},"Labels":{}},{"Name":"bridge","Id":"90941628611ab58d4fa4db6bcd1806afb9bf994c4562bea7ae3dc9153b373da5","Scope":"local","Driver":"bridge","EnableIPv6":false,"IPAM":{"Driver":"default","Options":null,"Config":[{"Subnet":"172.17.0.0/16","Gateway":"172.17.0.1"}]},"Internal":false,"Containers":{},"Options":{"com.docker.network.bridge.default_bridge":"true","com.docker.network.bridge.enable_icc":"true","com.docker.network.bridge.enable_ip_masquerade":"true","com.docker.network.bridge.host_binding_ipv4":"0.0.0.0","com.docker.network.bridge.name":"docker0","com.docker.network.driver.mtu":"1500"},"Labels":{}}][\n]"
02:44:35.558 [Test worker] DEBUG org.apache.http.headers - http-outgoing-86 << HTTP/1.1 200 OK
02:44:35.558 [Test worker] DEBUG org.apache.http.headers - http-outgoing-86 << Content-Type: application/json
02:44:35.558 [Test worker] DEBUG org.apache.http.headers - http-outgoing-86 << Server: Docker/1.12.1 (linux)
02:44:35.558 [Test worker] DEBUG org.apache.http.headers - http-outgoing-86 << Date: Tue, 18 Oct 2016 00:44:35 GMT
02:44:35.558 [Test worker] DEBUG org.apache.http.headers - http-outgoing-86 << Content-Length: 1100
02:44:35.559 [Test worker] DEBUG o.a.h.impl.execchain.MainClientExec - Connection can be kept alive indefinitely
02:44:35.559 [Test worker] DEBUG c.g.d.j.JerseyDockerCmdExecFactory - 2 * Client response received on thread Test worker
2 < 200
2 < Content-Length: 1100
2 < Content-Type: application/json
2 < Date: Tue, 18 Oct 2016 00:44:35 GMT
2 < Server: Docker/1.12.1 (linux)
[{"Name":"none","Id":"4d89c194eb79cd2beb38458d10a1b98c74d6b8462af72afde29ae7aca53ed5ca","Scope":"local","Driver":"null","EnableIPv6":false,"IPAM":{"Driver":"default","Options":null,"Config":[]},"Internal":false,"Containers":{},"Options":{},"Labels":{}},{"Name":"host","Id":"fe042b0866671b5be4f097ba43830c0a02959c058702d18e18c14a24d88a357d","Scope":"local","Driver":"host","EnableIPv6":false,"IPAM":{"Driver":"default","Options":null,"Config":[]},"Internal":false,"Containers":{},"Options":{},"Labels":{}},{"Name":"bridge","Id":"90941628611ab58d4fa4db6bcd1806afb9bf994c4562bea7ae3dc9153b373da5","Scope":"local","Driver":"bridge","EnableIPv6":false,"IPAM":{"Driver":"default","Options":null,"Config":[{"Subnet":"172.17.0.0/16","Gateway":"172.17.0.1"}]},"Internal":false,"Containers":{},"Options":{"com.docker.network.bridge.default_bridge":"true","com.docker.network.bridge.enable_icc":"true","com.docker.network.bridge.enable_ip_masquerade":"true","com.docker.network.bridge.host_binding_ipv4":"0.0.0.0","com.docker.network.bridge.name":"docker0","com.docker.network.driver.mtu":"1500"},"Labels":{}}]


02:44:35.566 [Test worker] DEBUG o.a.h.i.c.DefaultManagedHttpClientConnection - http-outgoing-86: Close connection
02:44:35.566 [Test worker] DEBUG o.a.h.impl.execchain.MainClientExec - Connection discarded
02:44:35.566 [Test worker] DEBUG c.g.d.j.JerseyDockerCmdExecFactory$1 - Connection released: [id: 86][route: {}->http://localhost:2375][total kept alive: 0; route allocated: 0 of 2; total allocated: 0 of 20]
02:44:35.566 [Test worker] DEBUG c.g.d.core.command.AbstrDockerCmd - Cmd: com.github.dockerjava.core.util.FiltersBuilder@0,com.github.dockerjava.jaxrs.ListVolumesCmdExec@13b8362e
02:44:35.583 [Test worker] DEBUG c.g.d.j.JerseyDockerCmdExecFactory - 1 * Sending client request on thread Test worker
1 > GET http://localhost:2375/volumes
1 > Accept: application/json

02:44:35.584 [Test worker] DEBUG o.a.h.c.protocol.RequestAddCookies - CookieSpec selected: default
02:44:35.585 [Test worker] DEBUG o.a.h.c.protocol.RequestAuthCache - Auth cache not set in the context
02:44:35.585 [Test worker] DEBUG c.g.d.j.JerseyDockerCmdExecFactory$1 - Connection request: [route: {}->http://localhost:2375][total kept alive: 0; route allocated: 0 of 2; total allocated: 0 of 20]
02:44:35.585 [Test worker] DEBUG c.g.d.j.JerseyDockerCmdExecFactory$1 - Connection leased: [id: 87][route: {}->http://localhost:2375][total kept alive: 0; route allocated: 1 of 2; total allocated: 1 of 20]
02:44:35.585 [Test worker] DEBUG o.a.h.impl.execchain.MainClientExec - Opening connection {}->http://localhost:2375
02:44:35.586 [Test worker] DEBUG o.a.h.i.c.DefaultHttpClientConnectionOperator - Connecting to localhost/127.0.0.1:2375
02:44:35.586 [Test worker] DEBUG o.a.h.i.c.DefaultHttpClientConnectionOperator - Connection established 127.0.0.1:57190<->127.0.0.1:2375
02:44:35.586 [Test worker] DEBUG o.a.h.impl.execchain.MainClientExec - Executing request GET /volumes HTTP/1.1
02:44:35.586 [Test worker] DEBUG o.a.h.impl.execchain.MainClientExec - Target auth state: UNCHALLENGED
02:44:35.586 [Test worker] DEBUG o.a.h.impl.execchain.MainClientExec - Proxy auth state: UNCHALLENGED
02:44:35.586 [Test worker] DEBUG org.apache.http.headers - http-outgoing-87 >> GET /volumes HTTP/1.1
02:44:35.586 [Test worker] DEBUG org.apache.http.headers - http-outgoing-87 >> Accept: application/json
02:44:35.586 [Test worker] DEBUG org.apache.http.headers - http-outgoing-87 >> User-Agent: Jersey/2.23.1 (Apache HttpClient 4.5.1)
02:44:35.586 [Test worker] DEBUG org.apache.http.headers - http-outgoing-87 >> Host: localhost:2375
02:44:35.586 [Test worker] DEBUG org.apache.http.headers - http-outgoing-87 >> Connection: Keep-Alive
02:44:35.587 [Test worker] DEBUG org.apache.http.headers - http-outgoing-87 >> Accept-Encoding: gzip,deflate
02:44:35.587 [Test worker] DEBUG org.apache.http.wire - http-outgoing-87 >> "GET /volumes HTTP/1.1[\r][\n]"
02:44:35.587 [Test worker] DEBUG org.apache.http.wire - http-outgoing-87 >> "Accept: application/json[\r][\n]"
02:44:35.587 [Test worker] DEBUG org.apache.http.wire - http-outgoing-87 >> "User-Agent: Jersey/2.23.1 (Apache HttpClient 4.5.1)[\r][\n]"
02:44:35.587 [Test worker] DEBUG org.apache.http.wire - http-outgoing-87 >> "Host: localhost:2375[\r][\n]"
02:44:35.587 [Test worker] DEBUG org.apache.http.wire - http-outgoing-87 >> "Connection: Keep-Alive[\r][\n]"
02:44:35.587 [Test worker] DEBUG org.apache.http.wire - http-outgoing-87 >> "Accept-Encoding: gzip,deflate[\r][\n]"
02:44:35.587 [Test worker] DEBUG org.apache.http.wire - http-outgoing-87 >> "[\r][\n]"
02:44:35.587 [Test worker] DEBUG org.apache.http.wire - http-outgoing-87 << "HTTP/1.1 200 OK[\r][\n]"
02:44:35.587 [Test worker] DEBUG org.apache.http.wire - http-outgoing-87 << "Content-Type: application/json[\r][\n]"
02:44:35.588 [Test worker] DEBUG org.apache.http.wire - http-outgoing-87 << "Server: Docker/1.12.1 (linux)[\r][\n]"
02:44:35.588 [Test worker] DEBUG org.apache.http.wire - http-outgoing-87 << "Date: Tue, 18 Oct 2016 00:44:35 GMT[\r][\n]"
02:44:35.588 [Test worker] DEBUG org.apache.http.wire - http-outgoing-87 << "Content-Length: 33[\r][\n]"
02:44:35.588 [Test worker] DEBUG org.apache.http.wire - http-outgoing-87 << "[\r][\n]"
02:44:35.588 [Test worker] DEBUG org.apache.http.wire - http-outgoing-87 << "{"Volumes":null,"Warnings":null}[\n]"
02:44:35.588 [Test worker] DEBUG org.apache.http.headers - http-outgoing-87 << HTTP/1.1 200 OK
02:44:35.588 [Test worker] DEBUG org.apache.http.headers - http-outgoing-87 << Content-Type: application/json
02:44:35.588 [Test worker] DEBUG org.apache.http.headers - http-outgoing-87 << Server: Docker/1.12.1 (linux)
02:44:35.588 [Test worker] DEBUG org.apache.http.headers - http-outgoing-87 << Date: Tue, 18 Oct 2016 00:44:35 GMT
02:44:35.588 [Test worker] DEBUG org.apache.http.headers - http-outgoing-87 << Content-Length: 33
02:44:35.588 [Test worker] DEBUG o.a.h.impl.execchain.MainClientExec - Connection can be kept alive indefinitely
02:44:35.589 [Test worker] DEBUG c.g.d.j.JerseyDockerCmdExecFactory - 2 * Client response received on thread Test worker
2 < 200
2 < Content-Length: 33
2 < Content-Type: application/json
2 < Date: Tue, 18 Oct 2016 00:44:35 GMT
2 < Server: Docker/1.12.1 (linux)
{"Volumes":null,"Warnings":null}


02:44:35.590 [Test worker] DEBUG o.a.h.i.c.DefaultManagedHttpClientConnection - http-outgoing-87: Close connection
02:44:35.590 [Test worker] DEBUG o.a.h.impl.execchain.MainClientExec - Connection discarded
02:44:35.590 [Test worker] DEBUG c.g.d.j.JerseyDockerCmdExecFactory$1 - Connection released: [id: 87][route: {}->http://localhost:2375][total kept alive: 0; route allocated: 0 of 2; total allocated: 0 of 20]
List of volumes: null
02:44:35.592 [Test worker] DEBUG c.g.d.core.command.AbstrDockerCmd - Cmd: NewVolume,local,<null>,com.github.dockerjava.jaxrs.CreateVolumeCmdExec@210a5750
02:44:35.604 [Test worker] DEBUG o.a.h.c.protocol.RequestAddCookies - CookieSpec selected: default
02:44:35.604 [Test worker] DEBUG o.a.h.c.protocol.RequestAuthCache - Auth cache not set in the context
02:44:35.605 [Test worker] DEBUG c.g.d.j.JerseyDockerCmdExecFactory$1 - Connection request: [route: {}->http://localhost:2375][total kept alive: 0; route allocated: 0 of 2; total allocated: 0 of 20]
02:44:35.605 [Test worker] DEBUG c.g.d.j.JerseyDockerCmdExecFactory$1 - Connection leased: [id: 88][route: {}->http://localhost:2375][total kept alive: 0; route allocated: 1 of 2; total allocated: 1 of 20]
02:44:35.605 [Test worker] DEBUG o.a.h.impl.execchain.MainClientExec - Opening connection {}->http://localhost:2375
02:44:35.605 [Test worker] DEBUG o.a.h.i.c.DefaultHttpClientConnectionOperator - Connecting to localhost/127.0.0.1:2375
02:44:35.605 [Test worker] DEBUG o.a.h.i.c.DefaultHttpClientConnectionOperator - Connection established 127.0.0.1:57192<->127.0.0.1:2375
02:44:35.605 [Test worker] DEBUG o.a.h.impl.execchain.MainClientExec - Executing request POST /volumes/create HTTP/1.1
02:44:35.605 [Test worker] DEBUG o.a.h.impl.execchain.MainClientExec - Target auth state: UNCHALLENGED
02:44:35.605 [Test worker] DEBUG o.a.h.impl.execchain.MainClientExec - Proxy auth state: UNCHALLENGED
02:44:35.606 [Test worker] DEBUG org.apache.http.headers - http-outgoing-88 >> POST /volumes/create HTTP/1.1
02:44:35.606 [Test worker] DEBUG org.apache.http.headers - http-outgoing-88 >> Accept: application/json
02:44:35.606 [Test worker] DEBUG org.apache.http.headers - http-outgoing-88 >> Content-Type: application/json
02:44:35.606 [Test worker] DEBUG org.apache.http.headers - http-outgoing-88 >> User-Agent: Jersey/2.23.1 (Apache HttpClient 4.5.1)
02:44:35.606 [Test worker] DEBUG org.apache.http.headers - http-outgoing-88 >> Transfer-Encoding: chunked
02:44:35.606 [Test worker] DEBUG org.apache.http.headers - http-outgoing-88 >> Host: localhost:2375
02:44:35.606 [Test worker] DEBUG org.apache.http.headers - http-outgoing-88 >> Connection: Keep-Alive
02:44:35.606 [Test worker] DEBUG org.apache.http.headers - http-outgoing-88 >> Accept-Encoding: gzip,deflate
02:44:35.608 [Test worker] DEBUG c.g.d.j.JerseyDockerCmdExecFactory - 1 * Sending client request on thread Test worker
1 > POST http://localhost:2375/volumes/create
1 > Accept: application/json
1 > Content-Type: application/json
{"Name":"NewVolume","Driver":"local","DriverOpts":null}

02:44:35.609 [Test worker] DEBUG org.apache.http.wire - http-outgoing-88 >> "POST /volumes/create HTTP/1.1[\r][\n]"
02:44:35.609 [Test worker] DEBUG org.apache.http.wire - http-outgoing-88 >> "Accept: application/json[\r][\n]"
02:44:35.609 [Test worker] DEBUG org.apache.http.wire - http-outgoing-88 >> "Content-Type: application/json[\r][\n]"
02:44:35.609 [Test worker] DEBUG org.apache.http.wire - http-outgoing-88 >> "User-Agent: Jersey/2.23.1 (Apache HttpClient 4.5.1)[\r][\n]"
02:44:35.609 [Test worker] DEBUG org.apache.http.wire - http-outgoing-88 >> "Transfer-Encoding: chunked[\r][\n]"
02:44:35.609 [Test worker] DEBUG org.apache.http.wire - http-outgoing-88 >> "Host: localhost:2375[\r][\n]"
02:44:35.609 [Test worker] DEBUG org.apache.http.wire - http-outgoing-88 >> "Connection: Keep-Alive[\r][\n]"
02:44:35.609 [Test worker] DEBUG org.apache.http.wire - http-outgoing-88 >> "Accept-Encoding: gzip,deflate[\r][\n]"
02:44:35.609 [Test worker] DEBUG org.apache.http.wire - http-outgoing-88 >> "[\r][\n]"
02:44:35.609 [Test worker] DEBUG org.apache.http.wire - http-outgoing-88 >> "37[\r][\n]"
02:44:35.609 [Test worker] DEBUG org.apache.http.wire - http-outgoing-88 >> "{"Name":"NewVolume","Driver":"local","DriverOpts":null}[\r][\n]"
02:44:35.609 [Test worker] DEBUG org.apache.http.wire - http-outgoing-88 >> "0[\r][\n]"
02:44:35.610 [Test worker] DEBUG org.apache.http.wire - http-outgoing-88 >> "[\r][\n]"
02:44:35.613 [Test worker] DEBUG org.apache.http.wire - http-outgoing-88 << "HTTP/1.1 201 Created[\r][\n]"
02:44:35.613 [Test worker] DEBUG org.apache.http.wire - http-outgoing-88 << "Content-Type: application/json[\r][\n]"
02:44:35.613 [Test worker] DEBUG org.apache.http.wire - http-outgoing-88 << "Server: Docker/1.12.1 (linux)[\r][\n]"
02:44:35.614 [Test worker] DEBUG org.apache.http.wire - http-outgoing-88 << "Date: Tue, 18 Oct 2016 00:44:35 GMT[\r][\n]"
02:44:35.614 [Test worker] DEBUG org.apache.http.wire - http-outgoing-88 << "Content-Length: 123[\r][\n]"
02:44:35.614 [Test worker] DEBUG org.apache.http.wire - http-outgoing-88 << "[\r][\n]"
02:44:35.614 [Test worker] DEBUG org.apache.http.wire - http-outgoing-88 << "{"Name":"NewVolume","Driver":"local","Mountpoint":"/var/lib/docker/volumes/NewVolume/_data","Labels":null,"Scope":"local"}[\n]"
02:44:35.614 [Test worker] DEBUG org.apache.http.headers - http-outgoing-88 << HTTP/1.1 201 Created
02:44:35.614 [Test worker] DEBUG org.apache.http.headers - http-outgoing-88 << Content-Type: application/json
02:44:35.614 [Test worker] DEBUG org.apache.http.headers - http-outgoing-88 << Server: Docker/1.12.1 (linux)
02:44:35.614 [Test worker] DEBUG org.apache.http.headers - http-outgoing-88 << Date: Tue, 18 Oct 2016 00:44:35 GMT
02:44:35.614 [Test worker] DEBUG org.apache.http.headers - http-outgoing-88 << Content-Length: 123
02:44:35.614 [Test worker] DEBUG o.a.h.impl.execchain.MainClientExec - Connection can be kept alive indefinitely
02:44:35.615 [Test worker] DEBUG c.g.d.j.JerseyDockerCmdExecFactory - 2 * Client response received on thread Test worker
2 < 201
2 < Content-Length: 123
2 < Content-Type: application/json
2 < Date: Tue, 18 Oct 2016 00:44:35 GMT
2 < Server: Docker/1.12.1 (linux)
{"Name":"NewVolume","Driver":"local","Mountpoint":"/var/lib/docker/volumes/NewVolume/_data","Labels":null,"Scope":"local"}


02:44:35.616 [Test worker] DEBUG o.a.h.i.c.DefaultManagedHttpClientConnection - http-outgoing-88: Close connection
02:44:35.616 [Test worker] DEBUG o.a.h.impl.execchain.MainClientExec - Connection discarded
02:44:35.616 [Test worker] DEBUG c.g.d.j.JerseyDockerCmdExecFactory$1 - Connection released: [id: 88][route: {}->http://localhost:2375][total kept alive: 0; route allocated: 0 of 2; total allocated: 0 of 20]
02:44:35.617 [Test worker] DEBUG c.g.d.core.command.AbstrDockerCmd - Cmd: NewVolume,com.github.dockerjava.jaxrs.InspectVolumeCmdExec@240ccab0
02:44:35.617 [Test worker] DEBUG c.g.d.j.JerseyDockerCmdExecFactory - 3 * Sending client request on thread Test worker
3 > GET http://localhost:2375/volumes/NewVolume
3 > Accept: application/json

02:44:35.623 [Test worker] DEBUG o.a.h.c.protocol.RequestAddCookies - CookieSpec selected: default
02:44:35.623 [Test worker] DEBUG o.a.h.c.protocol.RequestAuthCache - Auth cache not set in the context
02:44:35.623 [Test worker] DEBUG c.g.d.j.JerseyDockerCmdExecFactory$1 - Connection request: [route: {}->http://localhost:2375][total kept alive: 0; route allocated: 0 of 2; total allocated: 0 of 20]
02:44:35.624 [Test worker] DEBUG c.g.d.j.JerseyDockerCmdExecFactory$1 - Connection leased: [id: 89][route: {}->http://localhost:2375][total kept alive: 0; route allocated: 1 of 2; total allocated: 1 of 20]
02:44:35.624 [Test worker] DEBUG o.a.h.impl.execchain.MainClientExec - Opening connection {}->http://localhost:2375
02:44:35.624 [Test worker] DEBUG o.a.h.i.c.DefaultHttpClientConnectionOperator - Connecting to localhost/127.0.0.1:2375
02:44:35.624 [Test worker] DEBUG o.a.h.i.c.DefaultHttpClientConnectionOperator - Connection established 127.0.0.1:57194<->127.0.0.1:2375
02:44:35.624 [Test worker] DEBUG o.a.h.impl.execchain.MainClientExec - Executing request GET /volumes/NewVolume HTTP/1.1
02:44:35.624 [Test worker] DEBUG o.a.h.impl.execchain.MainClientExec - Target auth state: UNCHALLENGED
02:44:35.624 [Test worker] DEBUG o.a.h.impl.execchain.MainClientExec - Proxy auth state: UNCHALLENGED
02:44:35.624 [Test worker] DEBUG org.apache.http.headers - http-outgoing-89 >> GET /volumes/NewVolume HTTP/1.1
02:44:35.624 [Test worker] DEBUG org.apache.http.headers - http-outgoing-89 >> Accept: application/json
02:44:35.624 [Test worker] DEBUG org.apache.http.headers - http-outgoing-89 >> User-Agent: Jersey/2.23.1 (Apache HttpClient 4.5.1)
02:44:35.624 [Test worker] DEBUG org.apache.http.headers - http-outgoing-89 >> Host: localhost:2375
02:44:35.625 [Test worker] DEBUG org.apache.http.headers - http-outgoing-89 >> Connection: Keep-Alive
02:44:35.625 [Test worker] DEBUG org.apache.http.headers - http-outgoing-89 >> Accept-Encoding: gzip,deflate
02:44:35.625 [Test worker] DEBUG org.apache.http.wire - http-outgoing-89 >> "GET /volumes/NewVolume HTTP/1.1[\r][\n]"
02:44:35.625 [Test worker] DEBUG org.apache.http.wire - http-outgoing-89 >> "Accept: application/json[\r][\n]"
02:44:35.625 [Test worker] DEBUG org.apache.http.wire - http-outgoing-89 >> "User-Agent: Jersey/2.23.1 (Apache HttpClient 4.5.1)[\r][\n]"
02:44:35.625 [Test worker] DEBUG org.apache.http.wire - http-outgoing-89 >> "Host: localhost:2375[\r][\n]"
02:44:35.625 [Test worker] DEBUG org.apache.http.wire - http-outgoing-89 >> "Connection: Keep-Alive[\r][\n]"
02:44:35.625 [Test worker] DEBUG org.apache.http.wire - http-outgoing-89 >> "Accept-Encoding: gzip,deflate[\r][\n]"
02:44:35.625 [Test worker] DEBUG org.apache.http.wire - http-outgoing-89 >> "[\r][\n]"
02:44:35.627 [Test worker] DEBUG org.apache.http.wire - http-outgoing-89 << "HTTP/1.1 200 OK[\r][\n]"
02:44:35.627 [Test worker] DEBUG org.apache.http.wire - http-outgoing-89 << "Content-Type: application/json[\r][\n]"
02:44:35.627 [Test worker] DEBUG org.apache.http.wire - http-outgoing-89 << "Server: Docker/1.12.1 (linux)[\r][\n]"
02:44:35.627 [Test worker] DEBUG org.apache.http.wire - http-outgoing-89 << "Date: Tue, 18 Oct 2016 00:44:35 GMT[\r][\n]"
02:44:35.627 [Test worker] DEBUG org.apache.http.wire - http-outgoing-89 << "Content-Length: 123[\r][\n]"
02:44:35.627 [Test worker] DEBUG org.apache.http.wire - http-outgoing-89 << "[\r][\n]"
02:44:35.627 [Test worker] DEBUG org.apache.http.wire - http-outgoing-89 << "{"Name":"NewVolume","Driver":"local","Mountpoint":"/var/lib/docker/volumes/NewVolume/_data","Labels":null,"Scope":"local"}[\n]"
02:44:35.627 [Test worker] DEBUG org.apache.http.headers - http-outgoing-89 << HTTP/1.1 200 OK
02:44:35.628 [Test worker] DEBUG org.apache.http.headers - http-outgoing-89 << Content-Type: application/json
02:44:35.628 [Test worker] DEBUG org.apache.http.headers - http-outgoing-89 << Server: Docker/1.12.1 (linux)
02:44:35.628 [Test worker] DEBUG org.apache.http.headers - http-outgoing-89 << Date: Tue, 18 Oct 2016 00:44:35 GMT
02:44:35.628 [Test worker] DEBUG org.apache.http.headers - http-outgoing-89 << Content-Length: 123
02:44:35.628 [Test worker] DEBUG o.a.h.impl.execchain.MainClientExec - Connection can be kept alive indefinitely
02:44:35.628 [Test worker] DEBUG c.g.d.j.JerseyDockerCmdExecFactory - 4 * Client response received on thread Test worker
4 < 200
4 < Content-Length: 123
4 < Content-Type: application/json
4 < Date: Tue, 18 Oct 2016 00:44:35 GMT
4 < Server: Docker/1.12.1 (linux)
{"Name":"NewVolume","Driver":"local","Mountpoint":"/var/lib/docker/volumes/NewVolume/_data","Labels":null,"Scope":"local"}


02:44:35.629 [Test worker] DEBUG o.a.h.i.c.DefaultManagedHttpClientConnection - http-outgoing-89: Close connection
02:44:35.629 [Test worker] DEBUG o.a.h.impl.execchain.MainClientExec - Connection discarded
02:44:35.629 [Test worker] DEBUG c.g.d.j.JerseyDockerCmdExecFactory$1 - Connection released: [id: 89][route: {}->http://localhost:2375][total kept alive: 0; route allocated: 0 of 2; total allocated: 0 of 20]
02:44:35.630 [Test worker] DEBUG c.g.d.core.command.AbstrDockerCmd - Cmd: -1,<null>,true,<null>,<null>,com.github.dockerjava.core.util.FiltersBuilder@0,com.github.dockerjava.jaxrs.ListContainersCmdExec@124789a2
02:44:35.639 [Test worker] DEBUG c.g.d.j.JerseyDockerCmdExecFactory - 1 * Sending client request on thread Test worker
1 > GET http://localhost:2375/containers/json?all=true
1 > Accept: application/json

02:44:35.640 [Test worker] DEBUG o.a.h.c.protocol.RequestAddCookies - CookieSpec selected: default
02:44:35.640 [Test worker] DEBUG o.a.h.c.protocol.RequestAuthCache - Auth cache not set in the context
02:44:35.640 [Test worker] DEBUG c.g.d.j.JerseyDockerCmdExecFactory$1 - Connection request: [route: {}->http://localhost:2375][total kept alive: 0; route allocated: 0 of 2; total allocated: 0 of 20]
02:44:35.640 [Test worker] DEBUG c.g.d.j.JerseyDockerCmdExecFactory$1 - Connection leased: [id: 90][route: {}->http://localhost:2375][total kept alive: 0; route allocated: 1 of 2; total allocated: 1 of 20]
02:44:35.640 [Test worker] DEBUG o.a.h.impl.execchain.MainClientExec - Opening connection {}->http://localhost:2375
02:44:35.641 [Test worker] DEBUG o.a.h.i.c.DefaultHttpClientConnectionOperator - Connecting to localhost/127.0.0.1:2375
02:44:35.641 [Test worker] DEBUG o.a.h.i.c.DefaultHttpClientConnectionOperator - Connection established 127.0.0.1:57196<->127.0.0.1:2375
02:44:35.641 [Test worker] DEBUG o.a.h.impl.execchain.MainClientExec - Executing request GET /containers/json?all=true HTTP/1.1
02:44:35.641 [Test worker] DEBUG o.a.h.impl.execchain.MainClientExec - Target auth state: UNCHALLENGED
02:44:35.641 [Test worker] DEBUG o.a.h.impl.execchain.MainClientExec - Proxy auth state: UNCHALLENGED
02:44:35.641 [Test worker] DEBUG org.apache.http.headers - http-outgoing-90 >> GET /containers/json?all=true HTTP/1.1
02:44:35.641 [Test worker] DEBUG org.apache.http.headers - http-outgoing-90 >> Accept: application/json
02:44:35.641 [Test worker] DEBUG org.apache.http.headers - http-outgoing-90 >> User-Agent: Jersey/2.23.1 (Apache HttpClient 4.5.1)
02:44:35.641 [Test worker] DEBUG org.apache.http.headers - http-outgoing-90 >> Host: localhost:2375
02:44:35.641 [Test worker] DEBUG org.apache.http.headers - http-outgoing-90 >> Connection: Keep-Alive
02:44:35.641 [Test worker] DEBUG org.apache.http.headers - http-outgoing-90 >> Accept-Encoding: gzip,deflate
02:44:35.642 [Test worker] DEBUG org.apache.http.wire - http-outgoing-90 >> "GET /containers/json?all=true HTTP/1.1[\r][\n]"
02:44:35.642 [Test worker] DEBUG org.apache.http.wire - http-outgoing-90 >> "Accept: application/json[\r][\n]"
02:44:35.642 [Test worker] DEBUG org.apache.http.wire - http-outgoing-90 >> "User-Agent: Jersey/2.23.1 (Apache HttpClient 4.5.1)[\r][\n]"
02:44:35.642 [Test worker] DEBUG org.apache.http.wire - http-outgoing-90 >> "Host: localhost:2375[\r][\n]"
02:44:35.642 [Test worker] DEBUG org.apache.http.wire - http-outgoing-90 >> "Connection: Keep-Alive[\r][\n]"
02:44:35.642 [Test worker] DEBUG org.apache.http.wire - http-outgoing-90 >> "Accept-Encoding: gzip,deflate[\r][\n]"
02:44:35.642 [Test worker] DEBUG org.apache.http.wire - http-outgoing-90 >> "[\r][\n]"
02:44:35.642 [Test worker] DEBUG org.apache.http.wire - http-outgoing-90 << "HTTP/1.1 200 OK[\r][\n]"
02:44:35.642 [Test worker] DEBUG org.apache.http.wire - http-outgoing-90 << "Content-Type: application/json[\r][\n]"
02:44:35.642 [Test worker] DEBUG org.apache.http.wire - http-outgoing-90 << "Server: Docker/1.12.1 (linux)[\r][\n]"
02:44:35.642 [Test worker] DEBUG org.apache.http.wire - http-outgoing-90 << "Date: Tue, 18 Oct 2016 00:44:35 GMT[\r][\n]"
02:44:35.642 [Test worker] DEBUG org.apache.http.wire - http-outgoing-90 << "Content-Length: 3[\r][\n]"
02:44:35.642 [Test worker] DEBUG org.apache.http.wire - http-outgoing-90 << "[\r][\n]"
02:44:35.643 [Test worker] DEBUG org.apache.http.wire - http-outgoing-90 << "[][\n]"
02:44:35.643 [Test worker] DEBUG org.apache.http.headers - http-outgoing-90 << HTTP/1.1 200 OK
02:44:35.643 [Test worker] DEBUG org.apache.http.headers - http-outgoing-90 << Content-Type: application/json
02:44:35.643 [Test worker] DEBUG org.apache.http.headers - http-outgoing-90 << Server: Docker/1.12.1 (linux)
02:44:35.643 [Test worker] DEBUG org.apache.http.headers - http-outgoing-90 << Date: Tue, 18 Oct 2016 00:44:35 GMT
02:44:35.643 [Test worker] DEBUG org.apache.http.headers - http-outgoing-90 << Content-Length: 3
02:44:35.643 [Test worker] DEBUG o.a.h.impl.execchain.MainClientExec - Connection can be kept alive indefinitely
02:44:35.643 [Test worker] DEBUG c.g.d.j.JerseyDockerCmdExecFactory - 2 * Client response received on thread Test worker
2 < 200
2 < Content-Length: 3
2 < Content-Type: application/json
2 < Date: Tue, 18 Oct 2016 00:44:35 GMT
2 < Server: Docker/1.12.1 (linux)
[]


02:44:35.644 [Test worker] DEBUG c.g.d.j.JerseyDockerCmdExecFactory$1 - Connection [id: 90][route: {}->http://localhost:2375] can be kept alive indefinitely
02:44:35.644 [Test worker] DEBUG c.g.d.j.JerseyDockerCmdExecFactory$1 - Connection released: [id: 90][route: {}->http://localhost:2375][total kept alive: 1; route allocated: 1 of 2; total allocated: 1 of 20]
02:44:35.655 [Test worker] DEBUG c.g.d.core.command.AbstrDockerCmd - Cmd: com.github.dockerjava.core.util.FiltersBuilder@0,com.github.dockerjava.jaxrs.ListNetworksCmdExec@5bcce50e
02:44:35.664 [Test worker] DEBUG c.g.d.j.JerseyDockerCmdExecFactory - 1 * Sending client request on thread Test worker
1 > GET http://localhost:2375/networks
1 > Accept: application/json

02:44:35.664 [Test worker] DEBUG o.a.h.c.protocol.RequestAddCookies - CookieSpec selected: default
02:44:35.666 [Test worker] DEBUG o.a.h.c.protocol.RequestAuthCache - Auth cache not set in the context
02:44:35.666 [Test worker] DEBUG c.g.d.j.JerseyDockerCmdExecFactory$1 - Connection request: [route: {}->http://localhost:2375][total kept alive: 0; route allocated: 0 of 2; total allocated: 0 of 20]
02:44:35.667 [Test worker] DEBUG c.g.d.j.JerseyDockerCmdExecFactory$1 - Connection leased: [id: 91][route: {}->http://localhost:2375][total kept alive: 0; route allocated: 1 of 2; total allocated: 1 of 20]
02:44:35.667 [Test worker] DEBUG o.a.h.impl.execchain.MainClientExec - Opening connection {}->http://localhost:2375
02:44:35.667 [Test worker] DEBUG o.a.h.i.c.DefaultHttpClientConnectionOperator - Connecting to localhost/127.0.0.1:2375
02:44:35.667 [Test worker] DEBUG o.a.h.i.c.DefaultHttpClientConnectionOperator - Connection established 127.0.0.1:57198<->127.0.0.1:2375
02:44:35.667 [Test worker] DEBUG o.a.h.impl.execchain.MainClientExec - Executing request GET /networks HTTP/1.1
02:44:35.667 [Test worker] DEBUG o.a.h.impl.execchain.MainClientExec - Target auth state: UNCHALLENGED
02:44:35.667 [Test worker] DEBUG o.a.h.impl.execchain.MainClientExec - Proxy auth state: UNCHALLENGED
02:44:35.668 [Test worker] DEBUG org.apache.http.headers - http-outgoing-91 >> GET /networks HTTP/1.1
02:44:35.668 [Test worker] DEBUG org.apache.http.headers - http-outgoing-91 >> Accept: application/json
02:44:35.668 [Test worker] DEBUG org.apache.http.headers - http-outgoing-91 >> User-Agent: Jersey/2.23.1 (Apache HttpClient 4.5.1)
02:44:35.668 [Test worker] DEBUG org.apache.http.headers - http-outgoing-91 >> Host: localhost:2375
02:44:35.668 [Test worker] DEBUG org.apache.http.headers - http-outgoing-91 >> Connection: Keep-Alive
02:44:35.668 [Test worker] DEBUG org.apache.http.headers - http-outgoing-91 >> Accept-Encoding: gzip,deflate
02:44:35.668 [Test worker] DEBUG org.apache.http.wire - http-outgoing-91 >> "GET /networks HTTP/1.1[\r][\n]"
02:44:35.668 [Test worker] DEBUG org.apache.http.wire - http-outgoing-91 >> "Accept: application/json[\r][\n]"
02:44:35.668 [Test worker] DEBUG org.apache.http.wire - http-outgoing-91 >> "User-Agent: Jersey/2.23.1 (Apache HttpClient 4.5.1)[\r][\n]"
02:44:35.668 [Test worker] DEBUG org.apache.http.wire - http-outgoing-91 >> "Host: localhost:2375[\r][\n]"
02:44:35.668 [Test worker] DEBUG org.apache.http.wire - http-outgoing-91 >> "Connection: Keep-Alive[\r][\n]"
02:44:35.668 [Test worker] DEBUG org.apache.http.wire - http-outgoing-91 >> "Accept-Encoding: gzip,deflate[\r][\n]"
02:44:35.668 [Test worker] DEBUG org.apache.http.wire - http-outgoing-91 >> "[\r][\n]"
02:44:35.669 [Test worker] DEBUG org.apache.http.wire - http-outgoing-91 << "HTTP/1.1 200 OK[\r][\n]"
02:44:35.669 [Test worker] DEBUG org.apache.http.wire - http-outgoing-91 << "Content-Type: application/json[\r][\n]"
02:44:35.669 [Test worker] DEBUG org.apache.http.wire - http-outgoing-91 << "Server: Docker/1.12.1 (linux)[\r][\n]"
02:44:35.669 [Test worker] DEBUG org.apache.http.wire - http-outgoing-91 << "Date: Tue, 18 Oct 2016 00:44:35 GMT[\r][\n]"
02:44:35.669 [Test worker] DEBUG org.apache.http.wire - http-outgoing-91 << "Content-Length: 1100[\r][\n]"
02:44:35.669 [Test worker] DEBUG org.apache.http.wire - http-outgoing-91 << "[\r][\n]"
02:44:35.669 [Test worker] DEBUG org.apache.http.wire - http-outgoing-91 << "[{"Name":"bridge","Id":"90941628611ab58d4fa4db6bcd1806afb9bf994c4562bea7ae3dc9153b373da5","Scope":"local","Driver":"bridge","EnableIPv6":false,"IPAM":{"Driver":"default","Options":null,"Config":[{"Subnet":"172.17.0.0/16","Gateway":"172.17.0.1"}]},"Internal":false,"Containers":{},"Options":{"com.docker.network.bridge.default_bridge":"true","com.docker.network.bridge.enable_icc":"true","com.docker.network.bridge.enable_ip_masquerade":"true","com.docker.network.bridge.host_binding_ipv4":"0.0.0.0","com.docker.network.bridge.name":"docker0","com.docker.network.driver.mtu":"1500"},"Labels":{}},{"Name":"none","Id":"4d89c194eb79cd2beb38458d10a1b98c74d6b8462af72afde29ae7aca53ed5ca","Scope":"local","Driver":"null","EnableIPv6":false,"IPAM":{"Driver":"default","Options":null,"Config":[]},"Internal":false,"Containers":{},"Options":{},"Labels":{}},{"Name":"host","Id":"fe042b0866671b5be4f097ba43830c0a02959c058702d18e18c14a24d88a357d","Scope":"local","Driver":"host","EnableIPv6":false,"IPAM":{"Driver":"default","Options":null,"Config":[]},"Internal":false,"Containers":{},"Options":{},"Labels":{}}][\n]"
02:44:35.669 [Test worker] DEBUG org.apache.http.headers - http-outgoing-91 << HTTP/1.1 200 OK
02:44:35.669 [Test worker] DEBUG org.apache.http.headers - http-outgoing-91 << Content-Type: application/json
02:44:35.669 [Test worker] DEBUG org.apache.http.headers - http-outgoing-91 << Server: Docker/1.12.1 (linux)
02:44:35.669 [Test worker] DEBUG org.apache.http.headers - http-outgoing-91 << Date: Tue, 18 Oct 2016 00:44:35 GMT
02:44:35.670 [Test worker] DEBUG org.apache.http.headers - http-outgoing-91 << Content-Length: 1100
02:44:35.670 [Test worker] DEBUG o.a.h.impl.execchain.MainClientExec - Connection can be kept alive indefinitely
02:44:35.670 [Test worker] DEBUG c.g.d.j.JerseyDockerCmdExecFactory - 2 * Client response received on thread Test worker
2 < 200
2 < Content-Length: 1100
2 < Content-Type: application/json
2 < Date: Tue, 18 Oct 2016 00:44:35 GMT
2 < Server: Docker/1.12.1 (linux)
[{"Name":"bridge","Id":"90941628611ab58d4fa4db6bcd1806afb9bf994c4562bea7ae3dc9153b373da5","Scope":"local","Driver":"bridge","EnableIPv6":false,"IPAM":{"Driver":"default","Options":null,"Config":[{"Subnet":"172.17.0.0/16","Gateway":"172.17.0.1"}]},"Internal":false,"Containers":{},"Options":{"com.docker.network.bridge.default_bridge":"true","com.docker.network.bridge.enable_icc":"true","com.docker.network.bridge.enable_ip_masquerade":"true","com.docker.network.bridge.host_binding_ipv4":"0.0.0.0","com.docker.network.bridge.name":"docker0","com.docker.network.driver.mtu":"1500"},"Labels":{}},{"Name":"none","Id":"4d89c194eb79cd2beb38458d10a1b98c74d6b8462af72afde29ae7aca53ed5ca","Scope":"local","Driver":"null","EnableIPv6":false,"IPAM":{"Driver":"default","Options":null,"Config":[]},"Internal":false,"Containers":{},"Options":{},"Labels":{}},{"Name":"host","Id":"fe042b0866671b5be4f097ba43830c0a02959c058702d18e18c14a24d88a357d","Scope":"local","Driver":"host","EnableIPv6":false,"IPAM":{"Driver":"default","Options":null,"Config":[]},"Internal":false,"Containers":{},"Options":{},"Labels":{}}]


02:44:35.673 [Test worker] DEBUG o.a.h.i.c.DefaultManagedHttpClientConnection - http-outgoing-91: Close connection
02:44:35.673 [Test worker] DEBUG o.a.h.impl.execchain.MainClientExec - Connection discarded
02:44:35.673 [Test worker] DEBUG c.g.d.j.JerseyDockerCmdExecFactory$1 - Connection released: [id: 91][route: {}->http://localhost:2375][total kept alive: 0; route allocated: 0 of 2; total allocated: 0 of 20]
02:44:35.673 [Test worker] DEBUG c.g.d.core.command.AbstrDockerCmd - Cmd: com.github.dockerjava.core.util.FiltersBuilder@0,com.github.dockerjava.jaxrs.ListVolumesCmdExec@74327a4
02:44:35.674 [Test worker] DEBUG c.g.d.j.JerseyDockerCmdExecFactory - 5 * Sending client request on thread Test worker
5 > GET http://localhost:2375/volumes
5 > Accept: application/json

02:44:35.674 [Test worker] DEBUG o.a.h.c.protocol.RequestAddCookies - CookieSpec selected: default
02:44:35.674 [Test worker] DEBUG o.a.h.c.protocol.RequestAuthCache - Auth cache not set in the context
02:44:35.674 [Test worker] DEBUG c.g.d.j.JerseyDockerCmdExecFactory$1 - Connection request: [route: {}->http://localhost:2375][total kept alive: 0; route allocated: 0 of 2; total allocated: 0 of 20]
02:44:35.674 [Test worker] DEBUG c.g.d.j.JerseyDockerCmdExecFactory$1 - Connection leased: [id: 92][route: {}->http://localhost:2375][total kept alive: 0; route allocated: 1 of 2; total allocated: 1 of 20]
02:44:35.674 [Test worker] DEBUG o.a.h.impl.execchain.MainClientExec - Opening connection {}->http://localhost:2375
02:44:35.674 [Test worker] DEBUG o.a.h.i.c.DefaultHttpClientConnectionOperator - Connecting to localhost/127.0.0.1:2375
02:44:35.675 [Test worker] DEBUG o.a.h.i.c.DefaultHttpClientConnectionOperator - Connection established 127.0.0.1:57200<->127.0.0.1:2375
02:44:35.675 [Test worker] DEBUG o.a.h.impl.execchain.MainClientExec - Executing request GET /volumes HTTP/1.1
02:44:35.675 [Test worker] DEBUG o.a.h.impl.execchain.MainClientExec - Target auth state: UNCHALLENGED
02:44:35.675 [Test worker] DEBUG o.a.h.impl.execchain.MainClientExec - Proxy auth state: UNCHALLENGED
02:44:35.675 [Test worker] DEBUG org.apache.http.headers - http-outgoing-92 >> GET /volumes HTTP/1.1
02:44:35.675 [Test worker] DEBUG org.apache.http.headers - http-outgoing-92 >> Accept: application/json
02:44:35.675 [Test worker] DEBUG org.apache.http.headers - http-outgoing-92 >> User-Agent: Jersey/2.23.1 (Apache HttpClient 4.5.1)
02:44:35.675 [Test worker] DEBUG org.apache.http.headers - http-outgoing-92 >> Host: localhost:2375
02:44:35.675 [Test worker] DEBUG org.apache.http.headers - http-outgoing-92 >> Connection: Keep-Alive
02:44:35.675 [Test worker] DEBUG org.apache.http.headers - http-outgoing-92 >> Accept-Encoding: gzip,deflate
02:44:35.675 [Test worker] DEBUG org.apache.http.wire - http-outgoing-92 >> "GET /volumes HTTP/1.1[\r][\n]"
02:44:35.675 [Test worker] DEBUG org.apache.http.wire - http-outgoing-92 >> "Accept: application/json[\r][\n]"
02:44:35.675 [Test worker] DEBUG org.apache.http.wire - http-outgoing-92 >> "User-Agent: Jersey/2.23.1 (Apache HttpClient 4.5.1)[\r][\n]"
02:44:35.676 [Test worker] DEBUG org.apache.http.wire - http-outgoing-92 >> "Host: localhost:2375[\r][\n]"
02:44:35.676 [Test worker] DEBUG org.apache.http.wire - http-outgoing-92 >> "Connection: Keep-Alive[\r][\n]"
02:44:35.676 [Test worker] DEBUG org.apache.http.wire - http-outgoing-92 >> "Accept-Encoding: gzip,deflate[\r][\n]"
02:44:35.676 [Test worker] DEBUG org.apache.http.wire - http-outgoing-92 >> "[\r][\n]"
02:44:35.676 [Test worker] DEBUG org.apache.http.wire - http-outgoing-92 << "HTTP/1.1 200 OK[\r][\n]"
02:44:35.676 [Test worker] DEBUG org.apache.http.wire - http-outgoing-92 << "Content-Type: application/json[\r][\n]"
02:44:35.676 [Test worker] DEBUG org.apache.http.wire - http-outgoing-92 << "Server: Docker/1.12.1 (linux)[\r][\n]"
02:44:35.676 [Test worker] DEBUG org.apache.http.wire - http-outgoing-92 << "Date: Tue, 18 Oct 2016 00:44:35 GMT[\r][\n]"
02:44:35.676 [Test worker] DEBUG org.apache.http.wire - http-outgoing-92 << "Content-Length: 153[\r][\n]"
02:44:35.676 [Test worker] DEBUG org.apache.http.wire - http-outgoing-92 << "[\r][\n]"
02:44:35.676 [Test worker] DEBUG org.apache.http.wire - http-outgoing-92 << "{"Volumes":[{"Name":"NewVolume","Driver":"local","Mountpoint":"/var/lib/docker/volumes/NewVolume/_data","Labels":null,"Scope":"local"}],"Warnings":null}[\n]"
02:44:35.676 [Test worker] DEBUG org.apache.http.headers - http-outgoing-92 << HTTP/1.1 200 OK
02:44:35.677 [Test worker] DEBUG org.apache.http.headers - http-outgoing-92 << Content-Type: application/json
02:44:35.677 [Test worker] DEBUG org.apache.http.headers - http-outgoing-92 << Server: Docker/1.12.1 (linux)
02:44:35.677 [Test worker] DEBUG org.apache.http.headers - http-outgoing-92 << Date: Tue, 18 Oct 2016 00:44:35 GMT
02:44:35.677 [Test worker] DEBUG org.apache.http.headers - http-outgoing-92 << Content-Length: 153
02:44:35.677 [Test worker] DEBUG o.a.h.impl.execchain.MainClientExec - Connection can be kept alive indefinitely
02:44:35.677 [Test worker] DEBUG c.g.d.j.JerseyDockerCmdExecFactory - 6 * Client response received on thread Test worker
6 < 200
6 < Content-Length: 153
6 < Content-Type: application/json
6 < Date: Tue, 18 Oct 2016 00:44:35 GMT
6 < Server: Docker/1.12.1 (linux)
{"Volumes":[{"Name":"NewVolume","Driver":"local","Mountpoint":"/var/lib/docker/volumes/NewVolume/_data","Labels":null,"Scope":"local"}],"Warnings":null}


02:44:35.678 [Test worker] DEBUG o.a.h.i.c.DefaultManagedHttpClientConnection - http-outgoing-92: Close connection
02:44:35.678 [Test worker] DEBUG o.a.h.impl.execchain.MainClientExec - Connection discarded
02:44:35.678 [Test worker] DEBUG c.g.d.j.JerseyDockerCmdExecFactory$1 - Connection released: [id: 92][route: {}->http://localhost:2375][total kept alive: 0; route allocated: 0 of 2; total allocated: 0 of 20]
02:44:35.680 [Test worker] DEBUG c.g.d.core.command.AbstrDockerCmd - Cmd: NewVolume,com.github.dockerjava.jaxrs.RemoveVolumeCmdExec@70bafefe
02:44:35.688 [Test worker] DEBUG c.g.d.j.JerseyDockerCmdExecFactory - 1 * Sending client request on thread Test worker
1 > DELETE http://localhost:2375/volumes/NewVolume
1 > Accept: application/json

02:44:35.688 [Test worker] DEBUG o.a.h.c.protocol.RequestAddCookies - CookieSpec selected: default
02:44:35.689 [Test worker] DEBUG o.a.h.c.protocol.RequestAuthCache - Auth cache not set in the context
02:44:35.689 [Test worker] DEBUG c.g.d.j.JerseyDockerCmdExecFactory$1 - Connection request: [route: {}->http://localhost:2375][total kept alive: 0; route allocated: 0 of 2; total allocated: 0 of 20]
02:44:35.689 [Test worker] DEBUG c.g.d.j.JerseyDockerCmdExecFactory$1 - Connection leased: [id: 93][route: {}->http://localhost:2375][total kept alive: 0; route allocated: 1 of 2; total allocated: 1 of 20]
02:44:35.689 [Test worker] DEBUG o.a.h.impl.execchain.MainClientExec - Opening connection {}->http://localhost:2375
02:44:35.689 [Test worker] DEBUG o.a.h.i.c.DefaultHttpClientConnectionOperator - Connecting to localhost/127.0.0.1:2375
02:44:35.689 [Test worker] DEBUG o.a.h.i.c.DefaultHttpClientConnectionOperator - Connection established 127.0.0.1:57202<->127.0.0.1:2375
02:44:35.689 [Test worker] DEBUG o.a.h.impl.execchain.MainClientExec - Executing request DELETE /volumes/NewVolume HTTP/1.1
02:44:35.689 [Test worker] DEBUG o.a.h.impl.execchain.MainClientExec - Target auth state: UNCHALLENGED
02:44:35.689 [Test worker] DEBUG o.a.h.impl.execchain.MainClientExec - Proxy auth state: UNCHALLENGED
02:44:35.690 [Test worker] DEBUG org.apache.http.headers - http-outgoing-93 >> DELETE /volumes/NewVolume HTTP/1.1
02:44:35.690 [Test worker] DEBUG org.apache.http.headers - http-outgoing-93 >> Accept: application/json
02:44:35.690 [Test worker] DEBUG org.apache.http.headers - http-outgoing-93 >> User-Agent: Jersey/2.23.1 (Apache HttpClient 4.5.1)
02:44:35.690 [Test worker] DEBUG org.apache.http.headers - http-outgoing-93 >> Host: localhost:2375
02:44:35.690 [Test worker] DEBUG org.apache.http.headers - http-outgoing-93 >> Connection: Keep-Alive
02:44:35.690 [Test worker] DEBUG org.apache.http.headers - http-outgoing-93 >> Accept-Encoding: gzip,deflate
02:44:35.690 [Test worker] DEBUG org.apache.http.wire - http-outgoing-93 >> "DELETE /volumes/NewVolume HTTP/1.1[\r][\n]"
02:44:35.690 [Test worker] DEBUG org.apache.http.wire - http-outgoing-93 >> "Accept: application/json[\r][\n]"
02:44:35.690 [Test worker] DEBUG org.apache.http.wire - http-outgoing-93 >> "User-Agent: Jersey/2.23.1 (Apache HttpClient 4.5.1)[\r][\n]"
02:44:35.690 [Test worker] DEBUG org.apache.http.wire - http-outgoing-93 >> "Host: localhost:2375[\r][\n]"
02:44:35.690 [Test worker] DEBUG org.apache.http.wire - http-outgoing-93 >> "Connection: Keep-Alive[\r][\n]"
02:44:35.690 [Test worker] DEBUG org.apache.http.wire - http-outgoing-93 >> "Accept-Encoding: gzip,deflate[\r][\n]"
02:44:35.690 [Test worker] DEBUG org.apache.http.wire - http-outgoing-93 >> "[\r][\n]"
02:44:35.693 [Test worker] DEBUG org.apache.http.wire - http-outgoing-93 << "HTTP/1.1 204 No Content[\r][\n]"
02:44:35.693 [Test worker] DEBUG org.apache.http.wire - http-outgoing-93 << "Server: Docker/1.12.1 (linux)[\r][\n]"
02:44:35.693 [Test worker] DEBUG org.apache.http.wire - http-outgoing-93 << "Date: Tue, 18 Oct 2016 00:44:35 GMT[\r][\n]"
02:44:35.693 [Test worker] DEBUG org.apache.http.wire - http-outgoing-93 << "[\r][\n]"
02:44:35.693 [Test worker] DEBUG org.apache.http.headers - http-outgoing-93 << HTTP/1.1 204 No Content
02:44:35.693 [Test worker] DEBUG org.apache.http.headers - http-outgoing-93 << Server: Docker/1.12.1 (linux)
02:44:35.693 [Test worker] DEBUG org.apache.http.headers - http-outgoing-93 << Date: Tue, 18 Oct 2016 00:44:35 GMT
02:44:35.693 [Test worker] DEBUG o.a.h.impl.execchain.MainClientExec - Connection can be kept alive indefinitely
02:44:35.693 [Test worker] DEBUG c.g.d.j.JerseyDockerCmdExecFactory$1 - Connection [id: 93][route: {}->http://localhost:2375] can be kept alive indefinitely
02:44:35.693 [Test worker] DEBUG c.g.d.j.JerseyDockerCmdExecFactory$1 - Connection released: [id: 93][route: {}->http://localhost:2375][total kept alive: 1; route allocated: 1 of 2; total allocated: 1 of 20]
02:44:35.694 [Test worker] DEBUG c.g.d.j.JerseyDockerCmdExecFactory - 2 * Client response received on thread Test worker
2 < 204
2 < Date: Tue, 18 Oct 2016 00:44:35 GMT
2 < Server: Docker/1.12.1 (linux)

02:44:35.694 [Test worker] DEBUG org.openbaton.docker.DockerVim - Loading properties
02:44:35.695 [Test worker] DEBUG org.openbaton.docker.DockerVim - Loaded properties: {type=docker}
02:44:35.697 [Test worker] DEBUG c.g.d.core.command.AbstrDockerCmd - Cmd: -1,<null>,true,<null>,<null>,com.github.dockerjava.core.util.FiltersBuilder@0,com.github.dockerjava.jaxrs.ListContainersCmdExec@7eaa10a9
02:44:35.705 [Test worker] DEBUG c.g.d.j.JerseyDockerCmdExecFactory - 1 * Sending client request on thread Test worker
1 > GET http://localhost:2375/containers/json?all=true
1 > Accept: application/json

02:44:35.706 [Test worker] DEBUG o.a.h.c.protocol.RequestAddCookies - CookieSpec selected: default
02:44:35.706 [Test worker] DEBUG o.a.h.c.protocol.RequestAuthCache - Auth cache not set in the context
02:44:35.706 [Test worker] DEBUG c.g.d.j.JerseyDockerCmdExecFactory$1 - Connection request: [route: {}->http://localhost:2375][total kept alive: 0; route allocated: 0 of 2; total allocated: 0 of 20]
02:44:35.706 [Test worker] DEBUG c.g.d.j.JerseyDockerCmdExecFactory$1 - Connection leased: [id: 94][route: {}->http://localhost:2375][total kept alive: 0; route allocated: 1 of 2; total allocated: 1 of 20]
02:44:35.706 [Test worker] DEBUG o.a.h.impl.execchain.MainClientExec - Opening connection {}->http://localhost:2375
02:44:35.706 [Test worker] DEBUG o.a.h.i.c.DefaultHttpClientConnectionOperator - Connecting to localhost/127.0.0.1:2375
02:44:35.707 [Test worker] DEBUG o.a.h.i.c.DefaultHttpClientConnectionOperator - Connection established 127.0.0.1:57204<->127.0.0.1:2375
02:44:35.707 [Test worker] DEBUG o.a.h.impl.execchain.MainClientExec - Executing request GET /containers/json?all=true HTTP/1.1
02:44:35.707 [Test worker] DEBUG o.a.h.impl.execchain.MainClientExec - Target auth state: UNCHALLENGED
02:44:35.707 [Test worker] DEBUG o.a.h.impl.execchain.MainClientExec - Proxy auth state: UNCHALLENGED
02:44:35.707 [Test worker] DEBUG org.apache.http.headers - http-outgoing-94 >> GET /containers/json?all=true HTTP/1.1
02:44:35.707 [Test worker] DEBUG org.apache.http.headers - http-outgoing-94 >> Accept: application/json
02:44:35.707 [Test worker] DEBUG org.apache.http.headers - http-outgoing-94 >> User-Agent: Jersey/2.23.1 (Apache HttpClient 4.5.1)
02:44:35.707 [Test worker] DEBUG org.apache.http.headers - http-outgoing-94 >> Host: localhost:2375
02:44:35.707 [Test worker] DEBUG org.apache.http.headers - http-outgoing-94 >> Connection: Keep-Alive
02:44:35.707 [Test worker] DEBUG org.apache.http.headers - http-outgoing-94 >> Accept-Encoding: gzip,deflate
02:44:35.707 [Test worker] DEBUG org.apache.http.wire - http-outgoing-94 >> "GET /containers/json?all=true HTTP/1.1[\r][\n]"
02:44:35.708 [Test worker] DEBUG org.apache.http.wire - http-outgoing-94 >> "Accept: application/json[\r][\n]"
02:44:35.708 [Test worker] DEBUG org.apache.http.wire - http-outgoing-94 >> "User-Agent: Jersey/2.23.1 (Apache HttpClient 4.5.1)[\r][\n]"
02:44:35.708 [Test worker] DEBUG org.apache.http.wire - http-outgoing-94 >> "Host: localhost:2375[\r][\n]"
02:44:35.708 [Test worker] DEBUG org.apache.http.wire - http-outgoing-94 >> "Connection: Keep-Alive[\r][\n]"
02:44:35.708 [Test worker] DEBUG org.apache.http.wire - http-outgoing-94 >> "Accept-Encoding: gzip,deflate[\r][\n]"
02:44:35.708 [Test worker] DEBUG org.apache.http.wire - http-outgoing-94 >> "[\r][\n]"
02:44:35.708 [Test worker] DEBUG org.apache.http.wire - http-outgoing-94 << "HTTP/1.1 200 OK[\r][\n]"
02:44:35.708 [Test worker] DEBUG org.apache.http.wire - http-outgoing-94 << "Content-Type: application/json[\r][\n]"
02:44:35.708 [Test worker] DEBUG org.apache.http.wire - http-outgoing-94 << "Server: Docker/1.12.1 (linux)[\r][\n]"
02:44:35.708 [Test worker] DEBUG org.apache.http.wire - http-outgoing-94 << "Date: Tue, 18 Oct 2016 00:44:35 GMT[\r][\n]"
02:44:35.708 [Test worker] DEBUG org.apache.http.wire - http-outgoing-94 << "Content-Length: 3[\r][\n]"
02:44:35.708 [Test worker] DEBUG org.apache.http.wire - http-outgoing-94 << "[\r][\n]"
02:44:35.709 [Test worker] DEBUG org.apache.http.wire - http-outgoing-94 << "[][\n]"
02:44:35.709 [Test worker] DEBUG org.apache.http.headers - http-outgoing-94 << HTTP/1.1 200 OK
02:44:35.709 [Test worker] DEBUG org.apache.http.headers - http-outgoing-94 << Content-Type: application/json
02:44:35.709 [Test worker] DEBUG org.apache.http.headers - http-outgoing-94 << Server: Docker/1.12.1 (linux)
02:44:35.709 [Test worker] DEBUG org.apache.http.headers - http-outgoing-94 << Date: Tue, 18 Oct 2016 00:44:35 GMT
02:44:35.709 [Test worker] DEBUG org.apache.http.headers - http-outgoing-94 << Content-Length: 3
02:44:35.709 [Test worker] DEBUG o.a.h.impl.execchain.MainClientExec - Connection can be kept alive indefinitely
02:44:35.709 [Test worker] DEBUG c.g.d.j.JerseyDockerCmdExecFactory - 2 * Client response received on thread Test worker
2 < 200
2 < Content-Length: 3
2 < Content-Type: application/json
2 < Date: Tue, 18 Oct 2016 00:44:35 GMT
2 < Server: Docker/1.12.1 (linux)
[]


02:44:35.712 [Test worker] DEBUG c.g.d.j.JerseyDockerCmdExecFactory$1 - Connection [id: 94][route: {}->http://localhost:2375] can be kept alive indefinitely
02:44:35.712 [Test worker] DEBUG c.g.d.j.JerseyDockerCmdExecFactory$1 - Connection released: [id: 94][route: {}->http://localhost:2375][total kept alive: 1; route allocated: 1 of 2; total allocated: 1 of 20]
02:44:35.719 [Test worker] DEBUG c.g.d.core.command.AbstrDockerCmd - Cmd: com.github.dockerjava.core.util.FiltersBuilder@0,com.github.dockerjava.jaxrs.ListNetworksCmdExec@147e898d
02:44:35.729 [Test worker] DEBUG c.g.d.j.JerseyDockerCmdExecFactory - 1 * Sending client request on thread Test worker
1 > GET http://localhost:2375/networks
1 > Accept: application/json

02:44:35.729 [Test worker] DEBUG o.a.h.c.protocol.RequestAddCookies - CookieSpec selected: default
02:44:35.729 [Test worker] DEBUG o.a.h.c.protocol.RequestAuthCache - Auth cache not set in the context
02:44:35.729 [Test worker] DEBUG c.g.d.j.JerseyDockerCmdExecFactory$1 - Connection request: [route: {}->http://localhost:2375][total kept alive: 0; route allocated: 0 of 2; total allocated: 0 of 20]
02:44:35.729 [Test worker] DEBUG c.g.d.j.JerseyDockerCmdExecFactory$1 - Connection leased: [id: 95][route: {}->http://localhost:2375][total kept alive: 0; route allocated: 1 of 2; total allocated: 1 of 20]
02:44:35.730 [Test worker] DEBUG o.a.h.impl.execchain.MainClientExec - Opening connection {}->http://localhost:2375
02:44:35.730 [Test worker] DEBUG o.a.h.i.c.DefaultHttpClientConnectionOperator - Connecting to localhost/127.0.0.1:2375
02:44:35.730 [Test worker] DEBUG o.a.h.i.c.DefaultHttpClientConnectionOperator - Connection established 127.0.0.1:57206<->127.0.0.1:2375
02:44:35.730 [Test worker] DEBUG o.a.h.impl.execchain.MainClientExec - Executing request GET /networks HTTP/1.1
02:44:35.730 [Test worker] DEBUG o.a.h.impl.execchain.MainClientExec - Target auth state: UNCHALLENGED
02:44:35.730 [Test worker] DEBUG o.a.h.impl.execchain.MainClientExec - Proxy auth state: UNCHALLENGED
02:44:35.730 [Test worker] DEBUG org.apache.http.headers - http-outgoing-95 >> GET /networks HTTP/1.1
02:44:35.730 [Test worker] DEBUG org.apache.http.headers - http-outgoing-95 >> Accept: application/json
02:44:35.730 [Test worker] DEBUG org.apache.http.headers - http-outgoing-95 >> User-Agent: Jersey/2.23.1 (Apache HttpClient 4.5.1)
02:44:35.730 [Test worker] DEBUG org.apache.http.headers - http-outgoing-95 >> Host: localhost:2375
02:44:35.731 [Test worker] DEBUG org.apache.http.headers - http-outgoing-95 >> Connection: Keep-Alive
02:44:35.731 [Test worker] DEBUG org.apache.http.headers - http-outgoing-95 >> Accept-Encoding: gzip,deflate
02:44:35.731 [Test worker] DEBUG org.apache.http.wire - http-outgoing-95 >> "GET /networks HTTP/1.1[\r][\n]"
02:44:35.731 [Test worker] DEBUG org.apache.http.wire - http-outgoing-95 >> "Accept: application/json[\r][\n]"
02:44:35.731 [Test worker] DEBUG org.apache.http.wire - http-outgoing-95 >> "User-Agent: Jersey/2.23.1 (Apache HttpClient 4.5.1)[\r][\n]"
02:44:35.731 [Test worker] DEBUG org.apache.http.wire - http-outgoing-95 >> "Host: localhost:2375[\r][\n]"
02:44:35.731 [Test worker] DEBUG org.apache.http.wire - http-outgoing-95 >> "Connection: Keep-Alive[\r][\n]"
02:44:35.731 [Test worker] DEBUG org.apache.http.wire - http-outgoing-95 >> "Accept-Encoding: gzip,deflate[\r][\n]"
02:44:35.731 [Test worker] DEBUG org.apache.http.wire - http-outgoing-95 >> "[\r][\n]"
02:44:35.731 [Test worker] DEBUG org.apache.http.wire - http-outgoing-95 << "HTTP/1.1 200 OK[\r][\n]"
02:44:35.731 [Test worker] DEBUG org.apache.http.wire - http-outgoing-95 << "Content-Type: application/json[\r][\n]"
02:44:35.732 [Test worker] DEBUG org.apache.http.wire - http-outgoing-95 << "Server: Docker/1.12.1 (linux)[\r][\n]"
02:44:35.732 [Test worker] DEBUG org.apache.http.wire - http-outgoing-95 << "Date: Tue, 18 Oct 2016 00:44:35 GMT[\r][\n]"
02:44:35.732 [Test worker] DEBUG org.apache.http.wire - http-outgoing-95 << "Content-Length: 1100[\r][\n]"
02:44:35.732 [Test worker] DEBUG org.apache.http.wire - http-outgoing-95 << "[\r][\n]"
02:44:35.732 [Test worker] DEBUG org.apache.http.wire - http-outgoing-95 << "[{"Name":"none","Id":"4d89c194eb79cd2beb38458d10a1b98c74d6b8462af72afde29ae7aca53ed5ca","Scope":"local","Driver":"null","EnableIPv6":false,"IPAM":{"Driver":"default","Options":null,"Config":[]},"Internal":false,"Containers":{},"Options":{},"Labels":{}},{"Name":"host","Id":"fe042b0866671b5be4f097ba43830c0a02959c058702d18e18c14a24d88a357d","Scope":"local","Driver":"host","EnableIPv6":false,"IPAM":{"Driver":"default","Options":null,"Config":[]},"Internal":false,"Containers":{},"Options":{},"Labels":{}},{"Name":"bridge","Id":"90941628611ab58d4fa4db6bcd1806afb9bf994c4562bea7ae3dc9153b373da5","Scope":"local","Driver":"bridge","EnableIPv6":false,"IPAM":{"Driver":"default","Options":null,"Config":[{"Subnet":"172.17.0.0/16","Gateway":"172.17.0.1"}]},"Internal":false,"Containers":{},"Options":{"com.docker.network.bridge.default_bridge":"true","com.docker.network.bridge.enable_icc":"true","com.docker.network.bridge.enable_ip_masquerade":"true","com.docker.network.bridge.host_binding_ipv4":"0.0.0.0","com.docker.network.bridge.name":"docker0","com.docker.network.driver.mtu":"1500"},"Labels":{}}][\n]"
02:44:35.732 [Test worker] DEBUG org.apache.http.headers - http-outgoing-95 << HTTP/1.1 200 OK
02:44:35.732 [Test worker] DEBUG org.apache.http.headers - http-outgoing-95 << Content-Type: application/json
02:44:35.732 [Test worker] DEBUG org.apache.http.headers - http-outgoing-95 << Server: Docker/1.12.1 (linux)
02:44:35.732 [Test worker] DEBUG org.apache.http.headers - http-outgoing-95 << Date: Tue, 18 Oct 2016 00:44:35 GMT
02:44:35.732 [Test worker] DEBUG org.apache.http.headers - http-outgoing-95 << Content-Length: 1100
02:44:35.732 [Test worker] DEBUG o.a.h.impl.execchain.MainClientExec - Connection can be kept alive indefinitely
02:44:35.732 [Test worker] DEBUG c.g.d.j.JerseyDockerCmdExecFactory - 2 * Client response received on thread Test worker
2 < 200
2 < Content-Length: 1100
2 < Content-Type: application/json
2 < Date: Tue, 18 Oct 2016 00:44:35 GMT
2 < Server: Docker/1.12.1 (linux)
[{"Name":"none","Id":"4d89c194eb79cd2beb38458d10a1b98c74d6b8462af72afde29ae7aca53ed5ca","Scope":"local","Driver":"null","EnableIPv6":false,"IPAM":{"Driver":"default","Options":null,"Config":[]},"Internal":false,"Containers":{},"Options":{},"Labels":{}},{"Name":"host","Id":"fe042b0866671b5be4f097ba43830c0a02959c058702d18e18c14a24d88a357d","Scope":"local","Driver":"host","EnableIPv6":false,"IPAM":{"Driver":"default","Options":null,"Config":[]},"Internal":false,"Containers":{},"Options":{},"Labels":{}},{"Name":"bridge","Id":"90941628611ab58d4fa4db6bcd1806afb9bf994c4562bea7ae3dc9153b373da5","Scope":"local","Driver":"bridge","EnableIPv6":false,"IPAM":{"Driver":"default","Options":null,"Config":[{"Subnet":"172.17.0.0/16","Gateway":"172.17.0.1"}]},"Internal":false,"Containers":{},"Options":{"com.docker.network.bridge.default_bridge":"true","com.docker.network.bridge.enable_icc":"true","com.docker.network.bridge.enable_ip_masquerade":"true","com.docker.network.bridge.host_binding_ipv4":"0.0.0.0","com.docker.network.bridge.name":"docker0","com.docker.network.driver.mtu":"1500"},"Labels":{}}]


02:44:35.735 [Test worker] DEBUG o.a.h.i.c.DefaultManagedHttpClientConnection - http-outgoing-95: Close connection
02:44:35.736 [Test worker] DEBUG o.a.h.impl.execchain.MainClientExec - Connection discarded
02:44:35.736 [Test worker] DEBUG c.g.d.j.JerseyDockerCmdExecFactory$1 - Connection released: [id: 95][route: {}->http://localhost:2375][total kept alive: 0; route allocated: 0 of 2; total allocated: 0 of 20]
02:44:35.736 [Test worker] DEBUG c.g.d.core.command.AbstrDockerCmd - Cmd: com.github.dockerjava.core.util.FiltersBuilder@0,com.github.dockerjava.jaxrs.ListVolumesCmdExec@44ce4013
02:44:35.744 [Test worker] DEBUG c.g.d.j.JerseyDockerCmdExecFactory - 1 * Sending client request on thread Test worker
1 > GET http://localhost:2375/volumes
1 > Accept: application/json

02:44:35.745 [Test worker] DEBUG o.a.h.c.protocol.RequestAddCookies - CookieSpec selected: default
02:44:35.745 [Test worker] DEBUG o.a.h.c.protocol.RequestAuthCache - Auth cache not set in the context
02:44:35.745 [Test worker] DEBUG c.g.d.j.JerseyDockerCmdExecFactory$1 - Connection request: [route: {}->http://localhost:2375][total kept alive: 0; route allocated: 0 of 2; total allocated: 0 of 20]
02:44:35.745 [Test worker] DEBUG c.g.d.j.JerseyDockerCmdExecFactory$1 - Connection leased: [id: 96][route: {}->http://localhost:2375][total kept alive: 0; route allocated: 1 of 2; total allocated: 1 of 20]
02:44:35.745 [Test worker] DEBUG o.a.h.impl.execchain.MainClientExec - Opening connection {}->http://localhost:2375
02:44:35.745 [Test worker] DEBUG o.a.h.i.c.DefaultHttpClientConnectionOperator - Connecting to localhost/127.0.0.1:2375
02:44:35.746 [Test worker] DEBUG o.a.h.i.c.DefaultHttpClientConnectionOperator - Connection established 127.0.0.1:57208<->127.0.0.1:2375
02:44:35.746 [Test worker] DEBUG o.a.h.impl.execchain.MainClientExec - Executing request GET /volumes HTTP/1.1
02:44:35.746 [Test worker] DEBUG o.a.h.impl.execchain.MainClientExec - Target auth state: UNCHALLENGED
02:44:35.746 [Test worker] DEBUG o.a.h.impl.execchain.MainClientExec - Proxy auth state: UNCHALLENGED
02:44:35.746 [Test worker] DEBUG org.apache.http.headers - http-outgoing-96 >> GET /volumes HTTP/1.1
02:44:35.746 [Test worker] DEBUG org.apache.http.headers - http-outgoing-96 >> Accept: application/json
02:44:35.746 [Test worker] DEBUG org.apache.http.headers - http-outgoing-96 >> User-Agent: Jersey/2.23.1 (Apache HttpClient 4.5.1)
02:44:35.746 [Test worker] DEBUG org.apache.http.headers - http-outgoing-96 >> Host: localhost:2375
02:44:35.746 [Test worker] DEBUG org.apache.http.headers - http-outgoing-96 >> Connection: Keep-Alive
02:44:35.746 [Test worker] DEBUG org.apache.http.headers - http-outgoing-96 >> Accept-Encoding: gzip,deflate
02:44:35.746 [Test worker] DEBUG org.apache.http.wire - http-outgoing-96 >> "GET /volumes HTTP/1.1[\r][\n]"
02:44:35.747 [Test worker] DEBUG org.apache.http.wire - http-outgoing-96 >> "Accept: application/json[\r][\n]"
02:44:35.747 [Test worker] DEBUG org.apache.http.wire - http-outgoing-96 >> "User-Agent: Jersey/2.23.1 (Apache HttpClient 4.5.1)[\r][\n]"
02:44:35.747 [Test worker] DEBUG org.apache.http.wire - http-outgoing-96 >> "Host: localhost:2375[\r][\n]"
02:44:35.747 [Test worker] DEBUG org.apache.http.wire - http-outgoing-96 >> "Connection: Keep-Alive[\r][\n]"
02:44:35.747 [Test worker] DEBUG org.apache.http.wire - http-outgoing-96 >> "Accept-Encoding: gzip,deflate[\r][\n]"
02:44:35.747 [Test worker] DEBUG org.apache.http.wire - http-outgoing-96 >> "[\r][\n]"
02:44:35.747 [Test worker] DEBUG org.apache.http.wire - http-outgoing-96 << "HTTP/1.1 200 OK[\r][\n]"
02:44:35.747 [Test worker] DEBUG org.apache.http.wire - http-outgoing-96 << "Content-Type: application/json[\r][\n]"
02:44:35.747 [Test worker] DEBUG org.apache.http.wire - http-outgoing-96 << "Server: Docker/1.12.1 (linux)[\r][\n]"
02:44:35.747 [Test worker] DEBUG org.apache.http.wire - http-outgoing-96 << "Date: Tue, 18 Oct 2016 00:44:35 GMT[\r][\n]"
02:44:35.747 [Test worker] DEBUG org.apache.http.wire - http-outgoing-96 << "Content-Length: 33[\r][\n]"
02:44:35.747 [Test worker] DEBUG org.apache.http.wire - http-outgoing-96 << "[\r][\n]"
02:44:35.748 [Test worker] DEBUG org.apache.http.wire - http-outgoing-96 << "{"Volumes":null,"Warnings":null}[\n]"
02:44:35.748 [Test worker] DEBUG org.apache.http.headers - http-outgoing-96 << HTTP/1.1 200 OK
02:44:35.748 [Test worker] DEBUG org.apache.http.headers - http-outgoing-96 << Content-Type: application/json
02:44:35.748 [Test worker] DEBUG org.apache.http.headers - http-outgoing-96 << Server: Docker/1.12.1 (linux)
02:44:35.748 [Test worker] DEBUG org.apache.http.headers - http-outgoing-96 << Date: Tue, 18 Oct 2016 00:44:35 GMT
02:44:35.748 [Test worker] DEBUG org.apache.http.headers - http-outgoing-96 << Content-Length: 33
02:44:35.748 [Test worker] DEBUG o.a.h.impl.execchain.MainClientExec - Connection can be kept alive indefinitely
02:44:35.748 [Test worker] DEBUG c.g.d.j.JerseyDockerCmdExecFactory - 2 * Client response received on thread Test worker
2 < 200
2 < Content-Length: 33
2 < Content-Type: application/json
2 < Date: Tue, 18 Oct 2016 00:44:35 GMT
2 < Server: Docker/1.12.1 (linux)
{"Volumes":null,"Warnings":null}


02:44:35.760 [Test worker] DEBUG o.a.h.i.c.DefaultManagedHttpClientConnection - http-outgoing-96: Close connection
02:44:35.760 [Test worker] DEBUG o.a.h.impl.execchain.MainClientExec - Connection discarded
02:44:35.760 [Test worker] DEBUG c.g.d.j.JerseyDockerCmdExecFactory$1 - Connection released: [id: 96][route: {}->http://localhost:2375][total kept alive: 0; route allocated: 0 of 2; total allocated: 0 of 20]
List of volumes: null
02:44:35.761 [Test worker] DEBUG c.g.d.core.command.AbstrDockerCmd - Cmd: com.github.dockerjava.core.command.CreateContainerCmdImpl@655467d7[name=MyContainer,hostName=hostName,domainName=<null>,user=<null>,attachStdin=<null>,attachStdout=<null>,attachStderr=<null>,portSpecs=<null>,tty=<null>,stdinOpen=<null>,stdInOnce=<null>,env=<null>,cmd={sleep,99999},entrypoint=<null>,image=ubuntu,volumes=com.github.dockerjava.api.model.Volumes@86d883a,workingDir=<null>,macAddress=<null>,networkDisabled=<null>,exposedPorts=com.github.dockerjava.api.model.ExposedPorts@4f0a9c28,stopSignal=<null>,hostConfig=com.github.dockerjava.api.model.HostConfig@41922ea2[binds=<null>,blkioWeight=<null>,blkioWeightDevice=<null>,blkioDeviceReadBps=<null>,blkioDeviceReadIOps=<null>,blkioDeviceWriteBps=<null>,blkioDeviceWriteIOps=<null>,memorySwappiness=<null>,capAdd=<null>,capDrop=<null>,containerIDFile=<null>,cpuPeriod=<null>,cpuShares=<null>,cpuQuota=<null>,cpusetCpus=<null>,cpusetMems=<null>,devices=<null>,dns=<null>,dnsSearch=<null>,extraHosts=<null>,links=<null>,logConfig=<null>,lxcConf=<null>,memory=<null>,memorySwap=<null>,memoryReservation=<null>,kernelMemory=<null>,networkMode=<null>,oomKillDisable=<null>,oomScoreAdj=<null>,portBindings=<null>,privileged=<null>,publishAllPorts=<null>,readonlyRootfs=<null>,restartPolicy=<null>,ulimits=<null>,volumesFrom=<null>,pidMode=<null>,securityOpts=<null>,cgroupParent=<null>,volumeDriver=<null>,shmSize=<null>],labels=<null>,networkingConfig=<null>,ipv4Address=<null>,ipv6Address=<null>,aliases=<null>,execution=com.github.dockerjava.jaxrs.CreateContainerCmdExec@6433af4f]
02:44:35.771 [Test worker] DEBUG o.a.h.c.protocol.RequestAddCookies - CookieSpec selected: default
02:44:35.771 [Test worker] DEBUG o.a.h.c.protocol.RequestAuthCache - Auth cache not set in the context
02:44:35.771 [Test worker] DEBUG c.g.d.j.JerseyDockerCmdExecFactory$1 - Connection request: [route: {}->http://localhost:2375][total kept alive: 0; route allocated: 0 of 2; total allocated: 0 of 20]
02:44:35.772 [Test worker] DEBUG c.g.d.j.JerseyDockerCmdExecFactory$1 - Connection leased: [id: 97][route: {}->http://localhost:2375][total kept alive: 0; route allocated: 1 of 2; total allocated: 1 of 20]
02:44:35.772 [Test worker] DEBUG o.a.h.impl.execchain.MainClientExec - Opening connection {}->http://localhost:2375
02:44:35.772 [Test worker] DEBUG o.a.h.i.c.DefaultHttpClientConnectionOperator - Connecting to localhost/127.0.0.1:2375
02:44:35.772 [Test worker] DEBUG o.a.h.i.c.DefaultHttpClientConnectionOperator - Connection established 127.0.0.1:57210<->127.0.0.1:2375
02:44:35.772 [Test worker] DEBUG o.a.h.impl.execchain.MainClientExec - Executing request POST /containers/create?name=MyContainer HTTP/1.1
02:44:35.772 [Test worker] DEBUG o.a.h.impl.execchain.MainClientExec - Target auth state: UNCHALLENGED
02:44:35.772 [Test worker] DEBUG o.a.h.impl.execchain.MainClientExec - Proxy auth state: UNCHALLENGED
02:44:35.772 [Test worker] DEBUG org.apache.http.headers - http-outgoing-97 >> POST /containers/create?name=MyContainer HTTP/1.1
02:44:35.772 [Test worker] DEBUG org.apache.http.headers - http-outgoing-97 >> Accept: application/json
02:44:35.772 [Test worker] DEBUG org.apache.http.headers - http-outgoing-97 >> Content-Type: application/json
02:44:35.773 [Test worker] DEBUG org.apache.http.headers - http-outgoing-97 >> User-Agent: Jersey/2.23.1 (Apache HttpClient 4.5.1)
02:44:35.773 [Test worker] DEBUG org.apache.http.headers - http-outgoing-97 >> Transfer-Encoding: chunked
02:44:35.773 [Test worker] DEBUG org.apache.http.headers - http-outgoing-97 >> Host: localhost:2375
02:44:35.773 [Test worker] DEBUG org.apache.http.headers - http-outgoing-97 >> Connection: Keep-Alive
02:44:35.773 [Test worker] DEBUG org.apache.http.headers - http-outgoing-97 >> Accept-Encoding: gzip,deflate
02:44:35.787 [Test worker] DEBUG c.g.d.j.JerseyDockerCmdExecFactory - 1 * Sending client request on thread Test worker
1 > POST http://localhost:2375/containers/create?name=MyContainer
1 > Accept: application/json
1 > Content-Type: application/json
{"name":"MyContainer","Hostname":"hostName","Cmd":["sleep","99999"],"Image":"ubuntu","Volumes":{},"ExposedPorts":{},"HostConfig":{}}

02:44:35.787 [Test worker] DEBUG org.apache.http.wire - http-outgoing-97 >> "POST /containers/create?name=MyContainer HTTP/1.1[\r][\n]"
02:44:35.787 [Test worker] DEBUG org.apache.http.wire - http-outgoing-97 >> "Accept: application/json[\r][\n]"
02:44:35.787 [Test worker] DEBUG org.apache.http.wire - http-outgoing-97 >> "Content-Type: application/json[\r][\n]"
02:44:35.787 [Test worker] DEBUG org.apache.http.wire - http-outgoing-97 >> "User-Agent: Jersey/2.23.1 (Apache HttpClient 4.5.1)[\r][\n]"
02:44:35.787 [Test worker] DEBUG org.apache.http.wire - http-outgoing-97 >> "Transfer-Encoding: chunked[\r][\n]"
02:44:35.787 [Test worker] DEBUG org.apache.http.wire - http-outgoing-97 >> "Host: localhost:2375[\r][\n]"
02:44:35.787 [Test worker] DEBUG org.apache.http.wire - http-outgoing-97 >> "Connection: Keep-Alive[\r][\n]"
02:44:35.787 [Test worker] DEBUG org.apache.http.wire - http-outgoing-97 >> "Accept-Encoding: gzip,deflate[\r][\n]"
02:44:35.787 [Test worker] DEBUG org.apache.http.wire - http-outgoing-97 >> "[\r][\n]"
02:44:35.788 [Test worker] DEBUG org.apache.http.wire - http-outgoing-97 >> "84[\r][\n]"
02:44:35.788 [Test worker] DEBUG org.apache.http.wire - http-outgoing-97 >> "{"name":"MyContainer","Hostname":"hostName","Cmd":["sleep","99999"],"Image":"ubuntu","Volumes":{},"ExposedPorts":{},"HostConfig":{}}[\r][\n]"
02:44:35.788 [Test worker] DEBUG org.apache.http.wire - http-outgoing-97 >> "0[\r][\n]"
02:44:35.788 [Test worker] DEBUG org.apache.http.wire - http-outgoing-97 >> "[\r][\n]"
02:44:35.810 [Test worker] DEBUG org.apache.http.wire - http-outgoing-97 << "HTTP/1.1 201 Created[\r][\n]"
02:44:35.810 [Test worker] DEBUG org.apache.http.wire - http-outgoing-97 << "Content-Type: application/json[\r][\n]"
02:44:35.810 [Test worker] DEBUG org.apache.http.wire - http-outgoing-97 << "Server: Docker/1.12.1 (linux)[\r][\n]"
02:44:35.810 [Test worker] DEBUG org.apache.http.wire - http-outgoing-97 << "Date: Tue, 18 Oct 2016 00:44:35 GMT[\r][\n]"
02:44:35.810 [Test worker] DEBUG org.apache.http.wire - http-outgoing-97 << "Content-Length: 90[\r][\n]"
02:44:35.810 [Test worker] DEBUG org.apache.http.wire - http-outgoing-97 << "[\r][\n]"
02:44:35.810 [Test worker] DEBUG org.apache.http.wire - http-outgoing-97 << "{"Id":"73ce9e715953c511d8e7b1a651fa104e10b76b0c601e4909623fd84b7c366c13","Warnings":null}[\n]"
02:44:35.810 [Test worker] DEBUG org.apache.http.headers - http-outgoing-97 << HTTP/1.1 201 Created
02:44:35.810 [Test worker] DEBUG org.apache.http.headers - http-outgoing-97 << Content-Type: application/json
02:44:35.811 [Test worker] DEBUG org.apache.http.headers - http-outgoing-97 << Server: Docker/1.12.1 (linux)
02:44:35.811 [Test worker] DEBUG org.apache.http.headers - http-outgoing-97 << Date: Tue, 18 Oct 2016 00:44:35 GMT
02:44:35.811 [Test worker] DEBUG org.apache.http.headers - http-outgoing-97 << Content-Length: 90
02:44:35.811 [Test worker] DEBUG o.a.h.impl.execchain.MainClientExec - Connection can be kept alive indefinitely
02:44:35.811 [Test worker] DEBUG c.g.d.j.JerseyDockerCmdExecFactory - 2 * Client response received on thread Test worker
2 < 201
2 < Content-Length: 90
2 < Content-Type: application/json
2 < Date: Tue, 18 Oct 2016 00:44:35 GMT
2 < Server: Docker/1.12.1 (linux)
{"Id":"73ce9e715953c511d8e7b1a651fa104e10b76b0c601e4909623fd84b7c366c13","Warnings":null}


02:44:35.815 [Test worker] DEBUG o.a.h.i.c.DefaultManagedHttpClientConnection - http-outgoing-97: Close connection
02:44:35.815 [Test worker] DEBUG o.a.h.impl.execchain.MainClientExec - Connection discarded
02:44:35.815 [Test worker] DEBUG c.g.d.j.JerseyDockerCmdExecFactory$1 - Connection released: [id: 97][route: {}->http://localhost:2375][total kept alive: 0; route allocated: 0 of 2; total allocated: 0 of 20]
02:44:35.815 [Test worker] DEBUG org.openbaton.docker.DockerVim - Instance created successfully
02:44:35.815 [Test worker] DEBUG c.g.d.core.command.AbstrDockerCmd - Cmd: 73ce9e715953c511d8e7b1a651fa104e10b76b0c601e4909623fd84b7c366c13,com.github.dockerjava.jaxrs.StartContainerCmdExec@5fa8b8c1
02:44:35.816 [Test worker] DEBUG c.g.d.j.JerseyDockerCmdExecFactory - 3 * Sending client request on thread Test worker
3 > POST http://localhost:2375/containers/73ce9e715953c511d8e7b1a651fa104e10b76b0c601e4909623fd84b7c366c13/start
3 > Accept: application/json

02:44:35.816 [Test worker] DEBUG o.a.h.c.protocol.RequestAddCookies - CookieSpec selected: default
02:44:35.816 [Test worker] DEBUG o.a.h.c.protocol.RequestAuthCache - Auth cache not set in the context
02:44:35.816 [Test worker] DEBUG c.g.d.j.JerseyDockerCmdExecFactory$1 - Connection request: [route: {}->http://localhost:2375][total kept alive: 0; route allocated: 0 of 2; total allocated: 0 of 20]
02:44:35.816 [Test worker] DEBUG c.g.d.j.JerseyDockerCmdExecFactory$1 - Connection leased: [id: 98][route: {}->http://localhost:2375][total kept alive: 0; route allocated: 1 of 2; total allocated: 1 of 20]
02:44:35.816 [Test worker] DEBUG o.a.h.impl.execchain.MainClientExec - Opening connection {}->http://localhost:2375
02:44:35.817 [Test worker] DEBUG o.a.h.i.c.DefaultHttpClientConnectionOperator - Connecting to localhost/127.0.0.1:2375
02:44:35.817 [Test worker] DEBUG o.a.h.i.c.DefaultHttpClientConnectionOperator - Connection established 127.0.0.1:57212<->127.0.0.1:2375
02:44:35.817 [Test worker] DEBUG o.a.h.impl.execchain.MainClientExec - Executing request POST /containers/73ce9e715953c511d8e7b1a651fa104e10b76b0c601e4909623fd84b7c366c13/start HTTP/1.1
02:44:35.817 [Test worker] DEBUG o.a.h.impl.execchain.MainClientExec - Target auth state: UNCHALLENGED
02:44:35.817 [Test worker] DEBUG o.a.h.impl.execchain.MainClientExec - Proxy auth state: UNCHALLENGED
02:44:35.817 [Test worker] DEBUG org.apache.http.headers - http-outgoing-98 >> POST /containers/73ce9e715953c511d8e7b1a651fa104e10b76b0c601e4909623fd84b7c366c13/start HTTP/1.1
02:44:35.820 [Test worker] DEBUG org.apache.http.headers - http-outgoing-98 >> Accept: application/json
02:44:35.820 [Test worker] DEBUG org.apache.http.headers - http-outgoing-98 >> User-Agent: Jersey/2.23.1 (Apache HttpClient 4.5.1)
02:44:35.820 [Test worker] DEBUG org.apache.http.headers - http-outgoing-98 >> Host: localhost:2375
02:44:35.820 [Test worker] DEBUG org.apache.http.headers - http-outgoing-98 >> Connection: Keep-Alive
02:44:35.820 [Test worker] DEBUG org.apache.http.headers - http-outgoing-98 >> Accept-Encoding: gzip,deflate
02:44:35.820 [Test worker] DEBUG org.apache.http.wire - http-outgoing-98 >> "POST /containers/73ce9e715953c511d8e7b1a651fa104e10b76b0c601e4909623fd84b7c366c13/start HTTP/1.1[\r][\n]"
02:44:35.820 [Test worker] DEBUG org.apache.http.wire - http-outgoing-98 >> "Accept: application/json[\r][\n]"
02:44:35.821 [Test worker] DEBUG org.apache.http.wire - http-outgoing-98 >> "User-Agent: Jersey/2.23.1 (Apache HttpClient 4.5.1)[\r][\n]"
02:44:35.821 [Test worker] DEBUG org.apache.http.wire - http-outgoing-98 >> "Host: localhost:2375[\r][\n]"
02:44:35.821 [Test worker] DEBUG org.apache.http.wire - http-outgoing-98 >> "Connection: Keep-Alive[\r][\n]"
02:44:35.821 [Test worker] DEBUG org.apache.http.wire - http-outgoing-98 >> "Accept-Encoding: gzip,deflate[\r][\n]"
02:44:35.821 [Test worker] DEBUG org.apache.http.wire - http-outgoing-98 >> "[\r][\n]"
02:44:35.941 [Test worker] DEBUG org.apache.http.wire - http-outgoing-98 << "HTTP/1.1 204 No Content[\r][\n]"
02:44:35.941 [Test worker] DEBUG org.apache.http.wire - http-outgoing-98 << "Server: Docker/1.12.1 (linux)[\r][\n]"
02:44:35.941 [Test worker] DEBUG org.apache.http.wire - http-outgoing-98 << "Date: Tue, 18 Oct 2016 00:44:35 GMT[\r][\n]"
02:44:35.941 [Test worker] DEBUG org.apache.http.wire - http-outgoing-98 << "[\r][\n]"
02:44:35.941 [Test worker] DEBUG org.apache.http.headers - http-outgoing-98 << HTTP/1.1 204 No Content
02:44:35.941 [Test worker] DEBUG org.apache.http.headers - http-outgoing-98 << Server: Docker/1.12.1 (linux)
02:44:35.946 [Test worker] DEBUG org.apache.http.headers - http-outgoing-98 << Date: Tue, 18 Oct 2016 00:44:35 GMT
02:44:35.946 [Test worker] DEBUG o.a.h.impl.execchain.MainClientExec - Connection can be kept alive indefinitely
02:44:35.946 [Test worker] DEBUG c.g.d.j.JerseyDockerCmdExecFactory$1 - Connection [id: 98][route: {}->http://localhost:2375] can be kept alive indefinitely
02:44:35.946 [Test worker] DEBUG c.g.d.j.JerseyDockerCmdExecFactory$1 - Connection released: [id: 98][route: {}->http://localhost:2375][total kept alive: 1; route allocated: 1 of 2; total allocated: 1 of 20]
02:44:35.946 [Test worker] DEBUG c.g.d.j.JerseyDockerCmdExecFactory - 4 * Client response received on thread Test worker
4 < 204
4 < Date: Tue, 18 Oct 2016 00:44:35 GMT
4 < Server: Docker/1.12.1 (linux)

02:44:35.947 [Test worker] DEBUG c.g.d.core.command.AbstrDockerCmd - Cmd: ListImagesCmdImpl[imageNameFilter=<null>,showAll=true,filters=com.github.dockerjava.core.util.FiltersBuilder@0,execution=com.github.dockerjava.jaxrs.ListImagesCmdExec@6e9cb89b]
02:44:35.984 [Test worker] DEBUG c.g.d.j.JerseyDockerCmdExecFactory - 1 * Sending client request on thread Test worker
1 > GET http://localhost:2375/images/json?all=true
1 > Accept: application/json

02:44:35.985 [Test worker] DEBUG o.a.h.c.protocol.RequestAddCookies - CookieSpec selected: default
02:44:35.985 [Test worker] DEBUG o.a.h.c.protocol.RequestAuthCache - Auth cache not set in the context
02:44:35.985 [Test worker] DEBUG c.g.d.j.JerseyDockerCmdExecFactory$1 - Connection request: [route: {}->http://localhost:2375][total kept alive: 0; route allocated: 0 of 2; total allocated: 0 of 20]
02:44:35.985 [Test worker] DEBUG c.g.d.j.JerseyDockerCmdExecFactory$1 - Connection leased: [id: 99][route: {}->http://localhost:2375][total kept alive: 0; route allocated: 1 of 2; total allocated: 1 of 20]
02:44:35.985 [Test worker] DEBUG o.a.h.impl.execchain.MainClientExec - Opening connection {}->http://localhost:2375
02:44:35.985 [Test worker] DEBUG o.a.h.i.c.DefaultHttpClientConnectionOperator - Connecting to localhost/127.0.0.1:2375
02:44:35.985 [Test worker] DEBUG o.a.h.i.c.DefaultHttpClientConnectionOperator - Connection established 127.0.0.1:57214<->127.0.0.1:2375
02:44:35.985 [Test worker] DEBUG o.a.h.impl.execchain.MainClientExec - Executing request GET /images/json?all=true HTTP/1.1
02:44:35.986 [Test worker] DEBUG o.a.h.impl.execchain.MainClientExec - Target auth state: UNCHALLENGED
02:44:35.986 [Test worker] DEBUG o.a.h.impl.execchain.MainClientExec - Proxy auth state: UNCHALLENGED
02:44:35.987 [Test worker] DEBUG org.apache.http.headers - http-outgoing-99 >> GET /images/json?all=true HTTP/1.1
02:44:35.987 [Test worker] DEBUG org.apache.http.headers - http-outgoing-99 >> Accept: application/json
02:44:35.987 [Test worker] DEBUG org.apache.http.headers - http-outgoing-99 >> User-Agent: Jersey/2.23.1 (Apache HttpClient 4.5.1)
02:44:35.989 [Test worker] DEBUG org.apache.http.headers - http-outgoing-99 >> Host: localhost:2375
02:44:35.989 [Test worker] DEBUG org.apache.http.headers - http-outgoing-99 >> Connection: Keep-Alive
02:44:35.989 [Test worker] DEBUG org.apache.http.headers - http-outgoing-99 >> Accept-Encoding: gzip,deflate
02:44:35.989 [Test worker] DEBUG org.apache.http.wire - http-outgoing-99 >> "GET /images/json?all=true HTTP/1.1[\r][\n]"
02:44:35.989 [Test worker] DEBUG org.apache.http.wire - http-outgoing-99 >> "Accept: application/json[\r][\n]"
02:44:35.989 [Test worker] DEBUG org.apache.http.wire - http-outgoing-99 >> "User-Agent: Jersey/2.23.1 (Apache HttpClient 4.5.1)[\r][\n]"
02:44:35.989 [Test worker] DEBUG org.apache.http.wire - http-outgoing-99 >> "Host: localhost:2375[\r][\n]"
02:44:35.989 [Test worker] DEBUG org.apache.http.wire - http-outgoing-99 >> "Connection: Keep-Alive[\r][\n]"
02:44:35.989 [Test worker] DEBUG org.apache.http.wire - http-outgoing-99 >> "Accept-Encoding: gzip,deflate[\r][\n]"
02:44:35.989 [Test worker] DEBUG org.apache.http.wire - http-outgoing-99 >> "[\r][\n]"
02:44:35.990 [Test worker] DEBUG org.apache.http.wire - http-outgoing-99 << "HTTP/1.1 200 OK[\r][\n]"
02:44:35.991 [Test worker] DEBUG org.apache.http.wire - http-outgoing-99 << "Content-Type: application/json[\r][\n]"
02:44:35.991 [Test worker] DEBUG org.apache.http.wire - http-outgoing-99 << "Server: Docker/1.12.1 (linux)[\r][\n]"
02:44:35.991 [Test worker] DEBUG org.apache.http.wire - http-outgoing-99 << "Date: Tue, 18 Oct 2016 00:44:35 GMT[\r][\n]"
02:44:35.991 [Test worker] DEBUG org.apache.http.wire - http-outgoing-99 << "Content-Length: 1215[\r][\n]"
02:44:35.991 [Test worker] DEBUG org.apache.http.wire - http-outgoing-99 << "[\r][\n]"
02:44:35.991 [Test worker] DEBUG org.apache.http.wire - http-outgoing-99 << "[{"Id":"sha256:f753707788c5c100f194ce0a73058faae1a457774efcda6c1469544a114f8644","ParentId":"","RepoTags":["ubuntu:latest"],"RepoDigests":["ubuntu@sha256:2d44ae143feeb36f4c898d32ed2ab2dffeb3a573d2d8928646dfc9cb7deb1315"],"Created":1476393201,"Size":127161487,"VirtualSize":127161487,"Labels":{}},{"Id":"sha256:d654de4499473ed41349b54a988b6f46a7fc92e3fa2d61e102bf2660a0116e25","ParentId":"","RepoTags":["sakib37/iperf3:latest"],"RepoDigests":["sakib37/iperf3@sha256:8d80a810f8f508c074b14d02555f20110eac382c8dbda7252075392983629d40"],"Created":1474907599,"Size":199456654,"VirtualSize":199456654,"Labels":{}},{"Id":"sha256:45bc58500fa3d3c0d67233d4a7798134b46b486af1389ca87000c543f46c3d24","ParentId":"","RepoTags":["ubuntu:16.04"],"RepoDigests":["ubuntu@sha256:3235a49037919e99696d97df8d8a230717272d848ee4ddadbca8d54f97ee30cb"],"Created":1474304481,"Size":126872298,"VirtualSize":126872298,"Labels":{}},{"Id":"sha256:6fae60ef344644649a39240b94d73b8ba9c67f898ede85cf8e947a887b3e6557","ParentId":"","RepoTags":["training/webapp:latest"],"RepoDigests":["training/webapp@sha256:06e9c1983bd6d5db5fba376ccd63bfa529e8d02f23d5079b8f74a616308fb11d"],"Created":1431710615,"Size":348791356,"VirtualSize":348791356,"Labels":{}}][\n]"
02:44:35.991 [Test worker] DEBUG org.apache.http.headers - http-outgoing-99 << HTTP/1.1 200 OK
02:44:35.991 [Test worker] DEBUG org.apache.http.headers - http-outgoing-99 << Content-Type: application/json
02:44:35.991 [Test worker] DEBUG org.apache.http.headers - http-outgoing-99 << Server: Docker/1.12.1 (linux)
02:44:35.991 [Test worker] DEBUG org.apache.http.headers - http-outgoing-99 << Date: Tue, 18 Oct 2016 00:44:35 GMT
02:44:35.991 [Test worker] DEBUG org.apache.http.headers - http-outgoing-99 << Content-Length: 1215
02:44:35.991 [Test worker] DEBUG o.a.h.impl.execchain.MainClientExec - Connection can be kept alive indefinitely
02:44:35.993 [Test worker] DEBUG c.g.d.j.JerseyDockerCmdExecFactory - 2 * Client response received on thread Test worker
2 < 200
2 < Content-Length: 1215
2 < Content-Type: application/json
2 < Date: Tue, 18 Oct 2016 00:44:35 GMT
2 < Server: Docker/1.12.1 (linux)
[{"Id":"sha256:f753707788c5c100f194ce0a73058faae1a457774efcda6c1469544a114f8644","ParentId":"","RepoTags":["ubuntu:latest"],"RepoDigests":["ubuntu@sha256:2d44ae143feeb36f4c898d32ed2ab2dffeb3a573d2d8928646dfc9cb7deb1315"],"Created":1476393201,"Size":127161487,"VirtualSize":127161487,"Labels":{}},{"Id":"sha256:d654de4499473ed41349b54a988b6f46a7fc92e3fa2d61e102bf2660a0116e25","ParentId":"","RepoTags":["sakib37/iperf3:latest"],"RepoDigests":["sakib37/iperf3@sha256:8d80a810f8f508c074b14d02555f20110eac382c8dbda7252075392983629d40"],"Created":1474907599,"Size":199456654,"VirtualSize":199456654,"Labels":{}},{"Id":"sha256:45bc58500fa3d3c0d67233d4a7798134b46b486af1389ca87000c543f46c3d24","ParentId":"","RepoTags":["ubuntu:16.04"],"RepoDigests":["ubuntu@sha256:3235a49037919e99696d97df8d8a230717272d848ee4ddadbca8d54f97ee30cb"],"Created":1474304481,"Size":126872298,"VirtualSize":126872298,"Labels":{}},{"Id":"sha256:6fae60ef344644649a39240b94d73b8ba9c67f898ede85cf8e947a887b3e6557","ParentId":"","RepoTags":["training/webapp:latest"],"RepoDigests":["training/webapp@sha256:06e9c1983bd6d5db5fba376ccd63bfa529e8d02f23d5079b8f74a616308fb11d"],"Created":1431710615,"Size":348791356,"VirtualSize":348791356,"Labels":{}}]


02:44:35.995 [Test worker] DEBUG o.a.h.i.c.DefaultManagedHttpClientConnection - http-outgoing-99: Close connection
02:44:35.998 [Test worker] DEBUG o.a.h.impl.execchain.MainClientExec - Connection discarded
02:44:35.998 [Test worker] DEBUG c.g.d.j.JerseyDockerCmdExecFactory$1 - Connection released: [id: 99][route: {}->http://localhost:2375][total kept alive: 0; route allocated: 0 of 2; total allocated: 0 of 20]
02:44:35.999 [Test worker] DEBUG org.openbaton.docker.DockerVim - Found a docker image, transformed into a NFV Image Image{id='sha256:f753707788c5c100f194ce0a73058faae1a457774efcda6c1469544a114f8644', name='ubuntu', version=0, extId='null', minRam='0', minDiskSpace='0', minCPU='null', public='true', diskFormat='null', containerFormat='docker', created='Sun Jan 18 03:06:33 CET 1970', updated='null'}
02:44:36.001 [Test worker] DEBUG c.g.d.core.command.AbstrDockerCmd - Cmd: -1,<null>,true,<null>,<null>,com.github.dockerjava.core.util.FiltersBuilder@0,com.github.dockerjava.jaxrs.ListContainersCmdExec@d4569d3
02:44:36.019 [Test worker] DEBUG c.g.d.j.JerseyDockerCmdExecFactory - 1 * Sending client request on thread Test worker
1 > GET http://localhost:2375/containers/json?all=true
1 > Accept: application/json

02:44:36.023 [Test worker] DEBUG o.a.h.c.protocol.RequestAddCookies - CookieSpec selected: default
02:44:36.024 [Test worker] DEBUG o.a.h.c.protocol.RequestAuthCache - Auth cache not set in the context
02:44:36.024 [Test worker] DEBUG c.g.d.j.JerseyDockerCmdExecFactory$1 - Connection request: [route: {}->http://localhost:2375][total kept alive: 0; route allocated: 0 of 2; total allocated: 0 of 20]
02:44:36.024 [Test worker] DEBUG c.g.d.j.JerseyDockerCmdExecFactory$1 - Connection leased: [id: 100][route: {}->http://localhost:2375][total kept alive: 0; route allocated: 1 of 2; total allocated: 1 of 20]
02:44:36.024 [Test worker] DEBUG o.a.h.impl.execchain.MainClientExec - Opening connection {}->http://localhost:2375
02:44:36.024 [Test worker] DEBUG o.a.h.i.c.DefaultHttpClientConnectionOperator - Connecting to localhost/127.0.0.1:2375
02:44:36.025 [Test worker] DEBUG o.a.h.i.c.DefaultHttpClientConnectionOperator - Connection established 127.0.0.1:57216<->127.0.0.1:2375
02:44:36.025 [Test worker] DEBUG o.a.h.impl.execchain.MainClientExec - Executing request GET /containers/json?all=true HTTP/1.1
02:44:36.026 [Test worker] DEBUG o.a.h.impl.execchain.MainClientExec - Target auth state: UNCHALLENGED
02:44:36.026 [Test worker] DEBUG o.a.h.impl.execchain.MainClientExec - Proxy auth state: UNCHALLENGED
02:44:36.026 [Test worker] DEBUG org.apache.http.headers - http-outgoing-100 >> GET /containers/json?all=true HTTP/1.1
02:44:36.026 [Test worker] DEBUG org.apache.http.headers - http-outgoing-100 >> Accept: application/json
02:44:36.026 [Test worker] DEBUG org.apache.http.headers - http-outgoing-100 >> User-Agent: Jersey/2.23.1 (Apache HttpClient 4.5.1)
02:44:36.026 [Test worker] DEBUG org.apache.http.headers - http-outgoing-100 >> Host: localhost:2375
02:44:36.026 [Test worker] DEBUG org.apache.http.headers - http-outgoing-100 >> Connection: Keep-Alive
02:44:36.026 [Test worker] DEBUG org.apache.http.headers - http-outgoing-100 >> Accept-Encoding: gzip,deflate
02:44:36.026 [Test worker] DEBUG org.apache.http.wire - http-outgoing-100 >> "GET /containers/json?all=true HTTP/1.1[\r][\n]"
02:44:36.026 [Test worker] DEBUG org.apache.http.wire - http-outgoing-100 >> "Accept: application/json[\r][\n]"
02:44:36.026 [Test worker] DEBUG org.apache.http.wire - http-outgoing-100 >> "User-Agent: Jersey/2.23.1 (Apache HttpClient 4.5.1)[\r][\n]"
02:44:36.026 [Test worker] DEBUG org.apache.http.wire - http-outgoing-100 >> "Host: localhost:2375[\r][\n]"
02:44:36.026 [Test worker] DEBUG org.apache.http.wire - http-outgoing-100 >> "Connection: Keep-Alive[\r][\n]"
02:44:36.026 [Test worker] DEBUG org.apache.http.wire - http-outgoing-100 >> "Accept-Encoding: gzip,deflate[\r][\n]"
02:44:36.026 [Test worker] DEBUG org.apache.http.wire - http-outgoing-100 >> "[\r][\n]"
02:44:36.027 [Test worker] DEBUG org.apache.http.wire - http-outgoing-100 << "HTTP/1.1 200 OK[\r][\n]"
02:44:36.027 [Test worker] DEBUG org.apache.http.wire - http-outgoing-100 << "Content-Type: application/json[\r][\n]"
02:44:36.028 [Test worker] DEBUG org.apache.http.wire - http-outgoing-100 << "Server: Docker/1.12.1 (linux)[\r][\n]"
02:44:36.028 [Test worker] DEBUG org.apache.http.wire - http-outgoing-100 << "Date: Tue, 18 Oct 2016 00:44:36 GMT[\r][\n]"
02:44:36.028 [Test worker] DEBUG org.apache.http.wire - http-outgoing-100 << "Content-Length: 783[\r][\n]"
02:44:36.028 [Test worker] DEBUG org.apache.http.wire - http-outgoing-100 << "[\r][\n]"
02:44:36.028 [Test worker] DEBUG org.apache.http.wire - http-outgoing-100 << "[{"Id":"73ce9e715953c511d8e7b1a651fa104e10b76b0c601e4909623fd84b7c366c13","Names":["/MyContainer"],"Image":"ubuntu","ImageID":"sha256:f753707788c5c100f194ce0a73058faae1a457774efcda6c1469544a114f8644","Command":"sleep 99999","Created":1476751475,"Ports":[],"Labels":{},"State":"running","Status":"Up Less than a second","HostConfig":{"NetworkMode":"default"},"NetworkSettings":{"Networks":{"bridge":{"IPAMConfig":null,"Links":null,"Aliases":null,"NetworkID":"90941628611ab58d4fa4db6bcd1806afb9bf994c4562bea7ae3dc9153b373da5","EndpointID":"368790cd03bfd7e4228d880b48c7af964cc0918c4a96575ebd35580023204a60","Gateway":"172.17.0.1","IPAddress":"172.17.0.2","IPPrefixLen":16,"IPv6Gateway":"","GlobalIPv6Address":"","GlobalIPv6PrefixLen":0,"MacAddress":"02:42:ac:11:00:02"}}},"Mounts":[]}][\n]"
02:44:36.028 [Test worker] DEBUG org.apache.http.headers - http-outgoing-100 << HTTP/1.1 200 OK
02:44:36.028 [Test worker] DEBUG org.apache.http.headers - http-outgoing-100 << Content-Type: application/json
02:44:36.028 [Test worker] DEBUG org.apache.http.headers - http-outgoing-100 << Server: Docker/1.12.1 (linux)
02:44:36.028 [Test worker] DEBUG org.apache.http.headers - http-outgoing-100 << Date: Tue, 18 Oct 2016 00:44:36 GMT
02:44:36.028 [Test worker] DEBUG org.apache.http.headers - http-outgoing-100 << Content-Length: 783
02:44:36.028 [Test worker] DEBUG o.a.h.impl.execchain.MainClientExec - Connection can be kept alive indefinitely
02:44:36.028 [Test worker] DEBUG c.g.d.j.JerseyDockerCmdExecFactory - 2 * Client response received on thread Test worker
2 < 200
2 < Content-Length: 783
2 < Content-Type: application/json
2 < Date: Tue, 18 Oct 2016 00:44:36 GMT
2 < Server: Docker/1.12.1 (linux)
[{"Id":"73ce9e715953c511d8e7b1a651fa104e10b76b0c601e4909623fd84b7c366c13","Names":["/MyContainer"],"Image":"ubuntu","ImageID":"sha256:f753707788c5c100f194ce0a73058faae1a457774efcda6c1469544a114f8644","Command":"sleep 99999","Created":1476751475,"Ports":[],"Labels":{},"State":"running","Status":"Up Less than a second","HostConfig":{"NetworkMode":"default"},"NetworkSettings":{"Networks":{"bridge":{"IPAMConfig":null,"Links":null,"Aliases":null,"NetworkID":"90941628611ab58d4fa4db6bcd1806afb9bf994c4562bea7ae3dc9153b373da5","EndpointID":"368790cd03bfd7e4228d880b48c7af964cc0918c4a96575ebd35580023204a60","Gateway":"172.17.0.1","IPAddress":"172.17.0.2","IPPrefixLen":16,"IPv6Gateway":"","GlobalIPv6Address":"","GlobalIPv6PrefixLen":0,"MacAddress":"02:42:ac:11:00:02"}}},"Mounts":[]}]


02:44:36.040 [Test worker] DEBUG o.a.h.i.c.DefaultManagedHttpClientConnection - http-outgoing-100: Close connection
02:44:36.041 [Test worker] DEBUG o.a.h.impl.execchain.MainClientExec - Connection discarded
02:44:36.041 [Test worker] DEBUG c.g.d.j.JerseyDockerCmdExecFactory$1 - Connection released: [id: 100][route: {}->http://localhost:2375][total kept alive: 0; route allocated: 0 of 2; total allocated: 0 of 20]
02:44:36.042 [Test worker] DEBUG c.g.d.core.command.AbstrDockerCmd - Cmd: ListImagesCmdImpl[imageNameFilter=<null>,showAll=true,filters=com.github.dockerjava.core.util.FiltersBuilder@0,execution=com.github.dockerjava.jaxrs.ListImagesCmdExec@494082d3]
02:44:36.052 [Test worker] DEBUG c.g.d.j.JerseyDockerCmdExecFactory - 1 * Sending client request on thread Test worker
1 > GET http://localhost:2375/images/json?all=true
1 > Accept: application/json

02:44:36.053 [Test worker] DEBUG o.a.h.c.protocol.RequestAddCookies - CookieSpec selected: default
02:44:36.053 [Test worker] DEBUG o.a.h.c.protocol.RequestAuthCache - Auth cache not set in the context
02:44:36.053 [Test worker] DEBUG c.g.d.j.JerseyDockerCmdExecFactory$1 - Connection request: [route: {}->http://localhost:2375][total kept alive: 0; route allocated: 0 of 2; total allocated: 0 of 20]
02:44:36.053 [Test worker] DEBUG c.g.d.j.JerseyDockerCmdExecFactory$1 - Connection leased: [id: 101][route: {}->http://localhost:2375][total kept alive: 0; route allocated: 1 of 2; total allocated: 1 of 20]
02:44:36.053 [Test worker] DEBUG o.a.h.impl.execchain.MainClientExec - Opening connection {}->http://localhost:2375
02:44:36.053 [Test worker] DEBUG o.a.h.i.c.DefaultHttpClientConnectionOperator - Connecting to localhost/127.0.0.1:2375
02:44:36.053 [Test worker] DEBUG o.a.h.i.c.DefaultHttpClientConnectionOperator - Connection established 127.0.0.1:57218<->127.0.0.1:2375
02:44:36.053 [Test worker] DEBUG o.a.h.impl.execchain.MainClientExec - Executing request GET /images/json?all=true HTTP/1.1
02:44:36.053 [Test worker] DEBUG o.a.h.impl.execchain.MainClientExec - Target auth state: UNCHALLENGED
02:44:36.053 [Test worker] DEBUG o.a.h.impl.execchain.MainClientExec - Proxy auth state: UNCHALLENGED
02:44:36.053 [Test worker] DEBUG org.apache.http.headers - http-outgoing-101 >> GET /images/json?all=true HTTP/1.1
02:44:36.054 [Test worker] DEBUG org.apache.http.headers - http-outgoing-101 >> Accept: application/json
02:44:36.054 [Test worker] DEBUG org.apache.http.headers - http-outgoing-101 >> User-Agent: Jersey/2.23.1 (Apache HttpClient 4.5.1)
02:44:36.054 [Test worker] DEBUG org.apache.http.headers - http-outgoing-101 >> Host: localhost:2375
02:44:36.054 [Test worker] DEBUG org.apache.http.headers - http-outgoing-101 >> Connection: Keep-Alive
02:44:36.055 [Test worker] DEBUG org.apache.http.headers - http-outgoing-101 >> Accept-Encoding: gzip,deflate
02:44:36.055 [Test worker] DEBUG org.apache.http.wire - http-outgoing-101 >> "GET /images/json?all=true HTTP/1.1[\r][\n]"
02:44:36.055 [Test worker] DEBUG org.apache.http.wire - http-outgoing-101 >> "Accept: application/json[\r][\n]"
02:44:36.055 [Test worker] DEBUG org.apache.http.wire - http-outgoing-101 >> "User-Agent: Jersey/2.23.1 (Apache HttpClient 4.5.1)[\r][\n]"
02:44:36.055 [Test worker] DEBUG org.apache.http.wire - http-outgoing-101 >> "Host: localhost:2375[\r][\n]"
02:44:36.055 [Test worker] DEBUG org.apache.http.wire - http-outgoing-101 >> "Connection: Keep-Alive[\r][\n]"
02:44:36.055 [Test worker] DEBUG org.apache.http.wire - http-outgoing-101 >> "Accept-Encoding: gzip,deflate[\r][\n]"
02:44:36.055 [Test worker] DEBUG org.apache.http.wire - http-outgoing-101 >> "[\r][\n]"
02:44:36.056 [Test worker] DEBUG org.apache.http.wire - http-outgoing-101 << "HTTP/1.1 200 OK[\r][\n]"
02:44:36.056 [Test worker] DEBUG org.apache.http.wire - http-outgoing-101 << "Content-Type: application/json[\r][\n]"
02:44:36.057 [Test worker] DEBUG org.apache.http.wire - http-outgoing-101 << "Server: Docker/1.12.1 (linux)[\r][\n]"
02:44:36.057 [Test worker] DEBUG org.apache.http.wire - http-outgoing-101 << "Date: Tue, 18 Oct 2016 00:44:36 GMT[\r][\n]"
02:44:36.057 [Test worker] DEBUG org.apache.http.wire - http-outgoing-101 << "Content-Length: 1215[\r][\n]"
02:44:36.057 [Test worker] DEBUG org.apache.http.wire - http-outgoing-101 << "[\r][\n]"
02:44:36.057 [Test worker] DEBUG org.apache.http.wire - http-outgoing-101 << "[{"Id":"sha256:f753707788c5c100f194ce0a73058faae1a457774efcda6c1469544a114f8644","ParentId":"","RepoTags":["ubuntu:latest"],"RepoDigests":["ubuntu@sha256:2d44ae143feeb36f4c898d32ed2ab2dffeb3a573d2d8928646dfc9cb7deb1315"],"Created":1476393201,"Size":127161487,"VirtualSize":127161487,"Labels":{}},{"Id":"sha256:d654de4499473ed41349b54a988b6f46a7fc92e3fa2d61e102bf2660a0116e25","ParentId":"","RepoTags":["sakib37/iperf3:latest"],"RepoDigests":["sakib37/iperf3@sha256:8d80a810f8f508c074b14d02555f20110eac382c8dbda7252075392983629d40"],"Created":1474907599,"Size":199456654,"VirtualSize":199456654,"Labels":{}},{"Id":"sha256:45bc58500fa3d3c0d67233d4a7798134b46b486af1389ca87000c543f46c3d24","ParentId":"","RepoTags":["ubuntu:16.04"],"RepoDigests":["ubuntu@sha256:3235a49037919e99696d97df8d8a230717272d848ee4ddadbca8d54f97ee30cb"],"Created":1474304481,"Size":126872298,"VirtualSize":126872298,"Labels":{}},{"Id":"sha256:6fae60ef344644649a39240b94d73b8ba9c67f898ede85cf8e947a887b3e6557","ParentId":"","RepoTags":["training/webapp:latest"],"RepoDigests":["training/webapp@sha256:06e9c1983bd6d5db5fba376ccd63bfa529e8d02f23d5079b8f74a616308fb11d"],"Created":1431710615,"Size":348791356,"VirtualSize":348791356,"Labels":{}}][\n]"
02:44:36.057 [Test worker] DEBUG org.apache.http.headers - http-outgoing-101 << HTTP/1.1 200 OK
02:44:36.057 [Test worker] DEBUG org.apache.http.headers - http-outgoing-101 << Content-Type: application/json
02:44:36.057 [Test worker] DEBUG org.apache.http.headers - http-outgoing-101 << Server: Docker/1.12.1 (linux)
02:44:36.057 [Test worker] DEBUG org.apache.http.headers - http-outgoing-101 << Date: Tue, 18 Oct 2016 00:44:36 GMT
02:44:36.057 [Test worker] DEBUG org.apache.http.headers - http-outgoing-101 << Content-Length: 1215
02:44:36.057 [Test worker] DEBUG o.a.h.impl.execchain.MainClientExec - Connection can be kept alive indefinitely
02:44:36.057 [Test worker] DEBUG c.g.d.j.JerseyDockerCmdExecFactory - 2 * Client response received on thread Test worker
2 < 200
2 < Content-Length: 1215
2 < Content-Type: application/json
2 < Date: Tue, 18 Oct 2016 00:44:36 GMT
2 < Server: Docker/1.12.1 (linux)
[{"Id":"sha256:f753707788c5c100f194ce0a73058faae1a457774efcda6c1469544a114f8644","ParentId":"","RepoTags":["ubuntu:latest"],"RepoDigests":["ubuntu@sha256:2d44ae143feeb36f4c898d32ed2ab2dffeb3a573d2d8928646dfc9cb7deb1315"],"Created":1476393201,"Size":127161487,"VirtualSize":127161487,"Labels":{}},{"Id":"sha256:d654de4499473ed41349b54a988b6f46a7fc92e3fa2d61e102bf2660a0116e25","ParentId":"","RepoTags":["sakib37/iperf3:latest"],"RepoDigests":["sakib37/iperf3@sha256:8d80a810f8f508c074b14d02555f20110eac382c8dbda7252075392983629d40"],"Created":1474907599,"Size":199456654,"VirtualSize":199456654,"Labels":{}},{"Id":"sha256:45bc58500fa3d3c0d67233d4a7798134b46b486af1389ca87000c543f46c3d24","ParentId":"","RepoTags":["ubuntu:16.04"],"RepoDigests":["ubuntu@sha256:3235a49037919e99696d97df8d8a230717272d848ee4ddadbca8d54f97ee30cb"],"Created":1474304481,"Size":126872298,"VirtualSize":126872298,"Labels":{}},{"Id":"sha256:6fae60ef344644649a39240b94d73b8ba9c67f898ede85cf8e947a887b3e6557","ParentId":"","RepoTags":["training/webapp:latest"],"RepoDigests":["training/webapp@sha256:06e9c1983bd6d5db5fba376ccd63bfa529e8d02f23d5079b8f74a616308fb11d"],"Created":1431710615,"Size":348791356,"VirtualSize":348791356,"Labels":{}}]


02:44:36.064 [Test worker] DEBUG o.a.h.i.c.DefaultManagedHttpClientConnection - http-outgoing-101: Close connection
02:44:36.064 [Test worker] DEBUG o.a.h.impl.execchain.MainClientExec - Connection discarded
02:44:36.064 [Test worker] DEBUG c.g.d.j.JerseyDockerCmdExecFactory$1 - Connection released: [id: 101][route: {}->http://localhost:2375][total kept alive: 0; route allocated: 0 of 2; total allocated: 0 of 20]
02:44:36.064 [Test worker] DEBUG org.openbaton.docker.DockerVim - Found a docker image, transformed into a NFV Image Image{id='sha256:f753707788c5c100f194ce0a73058faae1a457774efcda6c1469544a114f8644', name='ubuntu', version=0, extId='null', minRam='0', minDiskSpace='0', minCPU='null', public='true', diskFormat='null', containerFormat='docker', created='Sun Jan 18 03:06:33 CET 1970', updated='null'}
02:44:36.065 [Test worker] DEBUG c.g.d.core.command.AbstrDockerCmd - Cmd: -1,<null>,true,<null>,<null>,com.github.dockerjava.core.util.FiltersBuilder@0,com.github.dockerjava.jaxrs.ListContainersCmdExec@73f9d297
02:44:36.080 [Test worker] DEBUG c.g.d.j.JerseyDockerCmdExecFactory - 1 * Sending client request on thread Test worker
1 > GET http://localhost:2375/containers/json?all=true
1 > Accept: application/json

02:44:36.080 [Test worker] DEBUG o.a.h.c.protocol.RequestAddCookies - CookieSpec selected: default
02:44:36.080 [Test worker] DEBUG o.a.h.c.protocol.RequestAuthCache - Auth cache not set in the context
02:44:36.080 [Test worker] DEBUG c.g.d.j.JerseyDockerCmdExecFactory$1 - Connection request: [route: {}->http://localhost:2375][total kept alive: 0; route allocated: 0 of 2; total allocated: 0 of 20]
02:44:36.080 [Test worker] DEBUG c.g.d.j.JerseyDockerCmdExecFactory$1 - Connection leased: [id: 102][route: {}->http://localhost:2375][total kept alive: 0; route allocated: 1 of 2; total allocated: 1 of 20]
02:44:36.080 [Test worker] DEBUG o.a.h.impl.execchain.MainClientExec - Opening connection {}->http://localhost:2375
02:44:36.080 [Test worker] DEBUG o.a.h.i.c.DefaultHttpClientConnectionOperator - Connecting to localhost/127.0.0.1:2375
02:44:36.081 [Test worker] DEBUG o.a.h.i.c.DefaultHttpClientConnectionOperator - Connection established 127.0.0.1:57220<->127.0.0.1:2375
02:44:36.081 [Test worker] DEBUG o.a.h.impl.execchain.MainClientExec - Executing request GET /containers/json?all=true HTTP/1.1
02:44:36.081 [Test worker] DEBUG o.a.h.impl.execchain.MainClientExec - Target auth state: UNCHALLENGED
02:44:36.081 [Test worker] DEBUG o.a.h.impl.execchain.MainClientExec - Proxy auth state: UNCHALLENGED
02:44:36.081 [Test worker] DEBUG org.apache.http.headers - http-outgoing-102 >> GET /containers/json?all=true HTTP/1.1
02:44:36.081 [Test worker] DEBUG org.apache.http.headers - http-outgoing-102 >> Accept: application/json
02:44:36.081 [Test worker] DEBUG org.apache.http.headers - http-outgoing-102 >> User-Agent: Jersey/2.23.1 (Apache HttpClient 4.5.1)
02:44:36.081 [Test worker] DEBUG org.apache.http.headers - http-outgoing-102 >> Host: localhost:2375
02:44:36.081 [Test worker] DEBUG org.apache.http.headers - http-outgoing-102 >> Connection: Keep-Alive
02:44:36.081 [Test worker] DEBUG org.apache.http.headers - http-outgoing-102 >> Accept-Encoding: gzip,deflate
02:44:36.081 [Test worker] DEBUG org.apache.http.wire - http-outgoing-102 >> "GET /containers/json?all=true HTTP/1.1[\r][\n]"
02:44:36.081 [Test worker] DEBUG org.apache.http.wire - http-outgoing-102 >> "Accept: application/json[\r][\n]"
02:44:36.081 [Test worker] DEBUG org.apache.http.wire - http-outgoing-102 >> "User-Agent: Jersey/2.23.1 (Apache HttpClient 4.5.1)[\r][\n]"
02:44:36.081 [Test worker] DEBUG org.apache.http.wire - http-outgoing-102 >> "Host: localhost:2375[\r][\n]"
02:44:36.081 [Test worker] DEBUG org.apache.http.wire - http-outgoing-102 >> "Connection: Keep-Alive[\r][\n]"
02:44:36.082 [Test worker] DEBUG org.apache.http.wire - http-outgoing-102 >> "Accept-Encoding: gzip,deflate[\r][\n]"
02:44:36.082 [Test worker] DEBUG org.apache.http.wire - http-outgoing-102 >> "[\r][\n]"
02:44:36.082 [Test worker] DEBUG org.apache.http.wire - http-outgoing-102 << "HTTP/1.1 200 OK[\r][\n]"
02:44:36.082 [Test worker] DEBUG org.apache.http.wire - http-outgoing-102 << "Content-Type: application/json[\r][\n]"
02:44:36.082 [Test worker] DEBUG org.apache.http.wire - http-outgoing-102 << "Server: Docker/1.12.1 (linux)[\r][\n]"
02:44:36.082 [Test worker] DEBUG org.apache.http.wire - http-outgoing-102 << "Date: Tue, 18 Oct 2016 00:44:36 GMT[\r][\n]"
02:44:36.082 [Test worker] DEBUG org.apache.http.wire - http-outgoing-102 << "Content-Length: 783[\r][\n]"
02:44:36.082 [Test worker] DEBUG org.apache.http.wire - http-outgoing-102 << "[\r][\n]"
02:44:36.082 [Test worker] DEBUG org.apache.http.wire - http-outgoing-102 << "[{"Id":"73ce9e715953c511d8e7b1a651fa104e10b76b0c601e4909623fd84b7c366c13","Names":["/MyContainer"],"Image":"ubuntu","ImageID":"sha256:f753707788c5c100f194ce0a73058faae1a457774efcda6c1469544a114f8644","Command":"sleep 99999","Created":1476751475,"Ports":[],"Labels":{},"State":"running","Status":"Up Less than a second","HostConfig":{"NetworkMode":"default"},"NetworkSettings":{"Networks":{"bridge":{"IPAMConfig":null,"Links":null,"Aliases":null,"NetworkID":"90941628611ab58d4fa4db6bcd1806afb9bf994c4562bea7ae3dc9153b373da5","EndpointID":"368790cd03bfd7e4228d880b48c7af964cc0918c4a96575ebd35580023204a60","Gateway":"172.17.0.1","IPAddress":"172.17.0.2","IPPrefixLen":16,"IPv6Gateway":"","GlobalIPv6Address":"","GlobalIPv6PrefixLen":0,"MacAddress":"02:42:ac:11:00:02"}}},"Mounts":[]}][\n]"
02:44:36.082 [Test worker] DEBUG org.apache.http.headers - http-outgoing-102 << HTTP/1.1 200 OK
02:44:36.082 [Test worker] DEBUG org.apache.http.headers - http-outgoing-102 << Content-Type: application/json
02:44:36.082 [Test worker] DEBUG org.apache.http.headers - http-outgoing-102 << Server: Docker/1.12.1 (linux)
02:44:36.082 [Test worker] DEBUG org.apache.http.headers - http-outgoing-102 << Date: Tue, 18 Oct 2016 00:44:36 GMT
02:44:36.083 [Test worker] DEBUG org.apache.http.headers - http-outgoing-102 << Content-Length: 783
02:44:36.083 [Test worker] DEBUG o.a.h.impl.execchain.MainClientExec - Connection can be kept alive indefinitely
02:44:36.083 [Test worker] DEBUG c.g.d.j.JerseyDockerCmdExecFactory - 2 * Client response received on thread Test worker
2 < 200
2 < Content-Length: 783
2 < Content-Type: application/json
2 < Date: Tue, 18 Oct 2016 00:44:36 GMT
2 < Server: Docker/1.12.1 (linux)
[{"Id":"73ce9e715953c511d8e7b1a651fa104e10b76b0c601e4909623fd84b7c366c13","Names":["/MyContainer"],"Image":"ubuntu","ImageID":"sha256:f753707788c5c100f194ce0a73058faae1a457774efcda6c1469544a114f8644","Command":"sleep 99999","Created":1476751475,"Ports":[],"Labels":{},"State":"running","Status":"Up Less than a second","HostConfig":{"NetworkMode":"default"},"NetworkSettings":{"Networks":{"bridge":{"IPAMConfig":null,"Links":null,"Aliases":null,"NetworkID":"90941628611ab58d4fa4db6bcd1806afb9bf994c4562bea7ae3dc9153b373da5","EndpointID":"368790cd03bfd7e4228d880b48c7af964cc0918c4a96575ebd35580023204a60","Gateway":"172.17.0.1","IPAddress":"172.17.0.2","IPPrefixLen":16,"IPv6Gateway":"","GlobalIPv6Address":"","GlobalIPv6PrefixLen":0,"MacAddress":"02:42:ac:11:00:02"}}},"Mounts":[]}]


02:44:36.108 [Test worker] DEBUG o.a.h.i.c.DefaultManagedHttpClientConnection - http-outgoing-102: Close connection
02:44:36.111 [Test worker] DEBUG o.a.h.impl.execchain.MainClientExec - Connection discarded
02:44:36.111 [Test worker] DEBUG c.g.d.j.JerseyDockerCmdExecFactory$1 - Connection released: [id: 102][route: {}->http://localhost:2375][total kept alive: 0; route allocated: 0 of 2; total allocated: 0 of 20]
02:44:36.112 [Test worker] DEBUG c.g.d.core.command.AbstrDockerCmd - Cmd: ListImagesCmdImpl[imageNameFilter=<null>,showAll=true,filters=com.github.dockerjava.core.util.FiltersBuilder@0,execution=com.github.dockerjava.jaxrs.ListImagesCmdExec@4f63fa1]
02:44:36.129 [Test worker] DEBUG c.g.d.j.JerseyDockerCmdExecFactory - 1 * Sending client request on thread Test worker
1 > GET http://localhost:2375/images/json?all=true
1 > Accept: application/json

02:44:36.130 [Test worker] DEBUG o.a.h.c.protocol.RequestAddCookies - CookieSpec selected: default
02:44:36.130 [Test worker] DEBUG o.a.h.c.protocol.RequestAuthCache - Auth cache not set in the context
02:44:36.130 [Test worker] DEBUG c.g.d.j.JerseyDockerCmdExecFactory$1 - Connection request: [route: {}->http://localhost:2375][total kept alive: 0; route allocated: 0 of 2; total allocated: 0 of 20]
02:44:36.130 [Test worker] DEBUG c.g.d.j.JerseyDockerCmdExecFactory$1 - Connection leased: [id: 103][route: {}->http://localhost:2375][total kept alive: 0; route allocated: 1 of 2; total allocated: 1 of 20]
02:44:36.130 [Test worker] DEBUG o.a.h.impl.execchain.MainClientExec - Opening connection {}->http://localhost:2375
02:44:36.130 [Test worker] DEBUG o.a.h.i.c.DefaultHttpClientConnectionOperator - Connecting to localhost/127.0.0.1:2375
02:44:36.131 [Test worker] DEBUG o.a.h.i.c.DefaultHttpClientConnectionOperator - Connection established 127.0.0.1:57222<->127.0.0.1:2375
02:44:36.131 [Test worker] DEBUG o.a.h.impl.execchain.MainClientExec - Executing request GET /images/json?all=true HTTP/1.1
02:44:36.131 [Test worker] DEBUG o.a.h.impl.execchain.MainClientExec - Target auth state: UNCHALLENGED
02:44:36.131 [Test worker] DEBUG o.a.h.impl.execchain.MainClientExec - Proxy auth state: UNCHALLENGED
02:44:36.131 [Test worker] DEBUG org.apache.http.headers - http-outgoing-103 >> GET /images/json?all=true HTTP/1.1
02:44:36.131 [Test worker] DEBUG org.apache.http.headers - http-outgoing-103 >> Accept: application/json
02:44:36.131 [Test worker] DEBUG org.apache.http.headers - http-outgoing-103 >> User-Agent: Jersey/2.23.1 (Apache HttpClient 4.5.1)
02:44:36.131 [Test worker] DEBUG org.apache.http.headers - http-outgoing-103 >> Host: localhost:2375
02:44:36.131 [Test worker] DEBUG org.apache.http.headers - http-outgoing-103 >> Connection: Keep-Alive
02:44:36.131 [Test worker] DEBUG org.apache.http.headers - http-outgoing-103 >> Accept-Encoding: gzip,deflate
02:44:36.131 [Test worker] DEBUG org.apache.http.wire - http-outgoing-103 >> "GET /images/json?all=true HTTP/1.1[\r][\n]"
02:44:36.131 [Test worker] DEBUG org.apache.http.wire - http-outgoing-103 >> "Accept: application/json[\r][\n]"
02:44:36.131 [Test worker] DEBUG org.apache.http.wire - http-outgoing-103 >> "User-Agent: Jersey/2.23.1 (Apache HttpClient 4.5.1)[\r][\n]"
02:44:36.131 [Test worker] DEBUG org.apache.http.wire - http-outgoing-103 >> "Host: localhost:2375[\r][\n]"
02:44:36.131 [Test worker] DEBUG org.apache.http.wire - http-outgoing-103 >> "Connection: Keep-Alive[\r][\n]"
02:44:36.132 [Test worker] DEBUG org.apache.http.wire - http-outgoing-103 >> "Accept-Encoding: gzip,deflate[\r][\n]"
02:44:36.132 [Test worker] DEBUG org.apache.http.wire - http-outgoing-103 >> "[\r][\n]"
02:44:36.133 [Test worker] DEBUG org.apache.http.wire - http-outgoing-103 << "HTTP/1.1 200 OK[\r][\n]"
02:44:36.133 [Test worker] DEBUG org.apache.http.wire - http-outgoing-103 << "Content-Type: application/json[\r][\n]"
02:44:36.133 [Test worker] DEBUG org.apache.http.wire - http-outgoing-103 << "Server: Docker/1.12.1 (linux)[\r][\n]"
02:44:36.133 [Test worker] DEBUG org.apache.http.wire - http-outgoing-103 << "Date: Tue, 18 Oct 2016 00:44:36 GMT[\r][\n]"
02:44:36.133 [Test worker] DEBUG org.apache.http.wire - http-outgoing-103 << "Content-Length: 1215[\r][\n]"
02:44:36.133 [Test worker] DEBUG org.apache.http.wire - http-outgoing-103 << "[\r][\n]"
02:44:36.133 [Test worker] DEBUG org.apache.http.wire - http-outgoing-103 << "[{"Id":"sha256:f753707788c5c100f194ce0a73058faae1a457774efcda6c1469544a114f8644","ParentId":"","RepoTags":["ubuntu:latest"],"RepoDigests":["ubuntu@sha256:2d44ae143feeb36f4c898d32ed2ab2dffeb3a573d2d8928646dfc9cb7deb1315"],"Created":1476393201,"Size":127161487,"VirtualSize":127161487,"Labels":{}},{"Id":"sha256:d654de4499473ed41349b54a988b6f46a7fc92e3fa2d61e102bf2660a0116e25","ParentId":"","RepoTags":["sakib37/iperf3:latest"],"RepoDigests":["sakib37/iperf3@sha256:8d80a810f8f508c074b14d02555f20110eac382c8dbda7252075392983629d40"],"Created":1474907599,"Size":199456654,"VirtualSize":199456654,"Labels":{}},{"Id":"sha256:45bc58500fa3d3c0d67233d4a7798134b46b486af1389ca87000c543f46c3d24","ParentId":"","RepoTags":["ubuntu:16.04"],"RepoDigests":["ubuntu@sha256:3235a49037919e99696d97df8d8a230717272d848ee4ddadbca8d54f97ee30cb"],"Created":1474304481,"Size":126872298,"VirtualSize":126872298,"Labels":{}},{"Id":"sha256:6fae60ef344644649a39240b94d73b8ba9c67f898ede85cf8e947a887b3e6557","ParentId":"","RepoTags":["training/webapp:latest"],"RepoDigests":["training/webapp@sha256:06e9c1983bd6d5db5fba376ccd63bfa529e8d02f23d5079b8f74a616308fb11d"],"Created":1431710615,"Size":348791356,"VirtualSize":348791356,"Labels":{}}][\n]"
02:44:36.133 [Test worker] DEBUG org.apache.http.headers - http-outgoing-103 << HTTP/1.1 200 OK
02:44:36.133 [Test worker] DEBUG org.apache.http.headers - http-outgoing-103 << Content-Type: application/json
02:44:36.133 [Test worker] DEBUG org.apache.http.headers - http-outgoing-103 << Server: Docker/1.12.1 (linux)
02:44:36.133 [Test worker] DEBUG org.apache.http.headers - http-outgoing-103 << Date: Tue, 18 Oct 2016 00:44:36 GMT
02:44:36.133 [Test worker] DEBUG org.apache.http.headers - http-outgoing-103 << Content-Length: 1215
02:44:36.133 [Test worker] DEBUG o.a.h.impl.execchain.MainClientExec - Connection can be kept alive indefinitely
02:44:36.134 [Test worker] DEBUG c.g.d.j.JerseyDockerCmdExecFactory - 2 * Client response received on thread Test worker
2 < 200
2 < Content-Length: 1215
2 < Content-Type: application/json
2 < Date: Tue, 18 Oct 2016 00:44:36 GMT
2 < Server: Docker/1.12.1 (linux)
[{"Id":"sha256:f753707788c5c100f194ce0a73058faae1a457774efcda6c1469544a114f8644","ParentId":"","RepoTags":["ubuntu:latest"],"RepoDigests":["ubuntu@sha256:2d44ae143feeb36f4c898d32ed2ab2dffeb3a573d2d8928646dfc9cb7deb1315"],"Created":1476393201,"Size":127161487,"VirtualSize":127161487,"Labels":{}},{"Id":"sha256:d654de4499473ed41349b54a988b6f46a7fc92e3fa2d61e102bf2660a0116e25","ParentId":"","RepoTags":["sakib37/iperf3:latest"],"RepoDigests":["sakib37/iperf3@sha256:8d80a810f8f508c074b14d02555f20110eac382c8dbda7252075392983629d40"],"Created":1474907599,"Size":199456654,"VirtualSize":199456654,"Labels":{}},{"Id":"sha256:45bc58500fa3d3c0d67233d4a7798134b46b486af1389ca87000c543f46c3d24","ParentId":"","RepoTags":["ubuntu:16.04"],"RepoDigests":["ubuntu@sha256:3235a49037919e99696d97df8d8a230717272d848ee4ddadbca8d54f97ee30cb"],"Created":1474304481,"Size":126872298,"VirtualSize":126872298,"Labels":{}},{"Id":"sha256:6fae60ef344644649a39240b94d73b8ba9c67f898ede85cf8e947a887b3e6557","ParentId":"","RepoTags":["training/webapp:latest"],"RepoDigests":["training/webapp@sha256:06e9c1983bd6d5db5fba376ccd63bfa529e8d02f23d5079b8f74a616308fb11d"],"Created":1431710615,"Size":348791356,"VirtualSize":348791356,"Labels":{}}]


02:44:36.135 [Test worker] DEBUG o.a.h.i.c.DefaultManagedHttpClientConnection - http-outgoing-103: Close connection
02:44:36.136 [Test worker] DEBUG o.a.h.impl.execchain.MainClientExec - Connection discarded
02:44:36.136 [Test worker] DEBUG c.g.d.j.JerseyDockerCmdExecFactory$1 - Connection released: [id: 103][route: {}->http://localhost:2375][total kept alive: 0; route allocated: 0 of 2; total allocated: 0 of 20]
02:44:36.136 [Test worker] DEBUG org.openbaton.docker.DockerVim - Found a docker image, transformed into a NFV Image Image{id='sha256:f753707788c5c100f194ce0a73058faae1a457774efcda6c1469544a114f8644', name='ubuntu', version=0, extId='null', minRam='0', minDiskSpace='0', minCPU='null', public='true', diskFormat='null', containerFormat='docker', created='Sun Jan 18 03:06:33 CET 1970', updated='null'}
02:44:36.137 [Test worker] DEBUG c.g.d.core.command.AbstrDockerCmd - Cmd: 73ce9e715953c511d8e7b1a651fa104e10b76b0c601e4909623fd84b7c366c13,2,com.github.dockerjava.jaxrs.StopContainerCmdExec@418fb35a
02:44:36.146 [Test worker] DEBUG c.g.d.j.JerseyDockerCmdExecFactory - 1 * Sending client request on thread Test worker
1 > POST http://localhost:2375/containers/73ce9e715953c511d8e7b1a651fa104e10b76b0c601e4909623fd84b7c366c13/stop?t=2
1 > Accept: application/json

02:44:36.147 [Test worker] DEBUG o.a.h.c.protocol.RequestAddCookies - CookieSpec selected: default
02:44:36.147 [Test worker] DEBUG o.a.h.c.protocol.RequestAuthCache - Auth cache not set in the context
02:44:36.147 [Test worker] DEBUG c.g.d.j.JerseyDockerCmdExecFactory$1 - Connection request: [route: {}->http://localhost:2375][total kept alive: 0; route allocated: 0 of 2; total allocated: 0 of 20]
02:44:36.147 [Test worker] DEBUG c.g.d.j.JerseyDockerCmdExecFactory$1 - Connection leased: [id: 104][route: {}->http://localhost:2375][total kept alive: 0; route allocated: 1 of 2; total allocated: 1 of 20]
02:44:36.147 [Test worker] DEBUG o.a.h.impl.execchain.MainClientExec - Opening connection {}->http://localhost:2375
02:44:36.147 [Test worker] DEBUG o.a.h.i.c.DefaultHttpClientConnectionOperator - Connecting to localhost/127.0.0.1:2375
02:44:36.147 [Test worker] DEBUG o.a.h.i.c.DefaultHttpClientConnectionOperator - Connection established 127.0.0.1:57224<->127.0.0.1:2375
02:44:36.148 [Test worker] DEBUG o.a.h.impl.execchain.MainClientExec - Executing request POST /containers/73ce9e715953c511d8e7b1a651fa104e10b76b0c601e4909623fd84b7c366c13/stop?t=2 HTTP/1.1
02:44:36.148 [Test worker] DEBUG o.a.h.impl.execchain.MainClientExec - Target auth state: UNCHALLENGED
02:44:36.148 [Test worker] DEBUG o.a.h.impl.execchain.MainClientExec - Proxy auth state: UNCHALLENGED
02:44:36.148 [Test worker] DEBUG org.apache.http.headers - http-outgoing-104 >> POST /containers/73ce9e715953c511d8e7b1a651fa104e10b76b0c601e4909623fd84b7c366c13/stop?t=2 HTTP/1.1
02:44:36.148 [Test worker] DEBUG org.apache.http.headers - http-outgoing-104 >> Accept: application/json
02:44:36.148 [Test worker] DEBUG org.apache.http.headers - http-outgoing-104 >> User-Agent: Jersey/2.23.1 (Apache HttpClient 4.5.1)
02:44:36.148 [Test worker] DEBUG org.apache.http.headers - http-outgoing-104 >> Host: localhost:2375
02:44:36.148 [Test worker] DEBUG org.apache.http.headers - http-outgoing-104 >> Connection: Keep-Alive
02:44:36.148 [Test worker] DEBUG org.apache.http.headers - http-outgoing-104 >> Accept-Encoding: gzip,deflate
02:44:36.148 [Test worker] DEBUG org.apache.http.wire - http-outgoing-104 >> "POST /containers/73ce9e715953c511d8e7b1a651fa104e10b76b0c601e4909623fd84b7c366c13/stop?t=2 HTTP/1.1[\r][\n]"
02:44:36.148 [Test worker] DEBUG org.apache.http.wire - http-outgoing-104 >> "Accept: application/json[\r][\n]"
02:44:36.148 [Test worker] DEBUG org.apache.http.wire - http-outgoing-104 >> "User-Agent: Jersey/2.23.1 (Apache HttpClient 4.5.1)[\r][\n]"
02:44:36.148 [Test worker] DEBUG org.apache.http.wire - http-outgoing-104 >> "Host: localhost:2375[\r][\n]"
02:44:36.148 [Test worker] DEBUG org.apache.http.wire - http-outgoing-104 >> "Connection: Keep-Alive[\r][\n]"
02:44:36.148 [Test worker] DEBUG org.apache.http.wire - http-outgoing-104 >> "Accept-Encoding: gzip,deflate[\r][\n]"
02:44:36.148 [Test worker] DEBUG org.apache.http.wire - http-outgoing-104 >> "[\r][\n]"
02:44:38.230 [Test worker] DEBUG org.apache.http.wire - http-outgoing-104 << "HTTP/1.1 204 No Content[\r][\n]"
02:44:38.230 [Test worker] DEBUG org.apache.http.wire - http-outgoing-104 << "Server: Docker/1.12.1 (linux)[\r][\n]"
02:44:38.230 [Test worker] DEBUG org.apache.http.wire - http-outgoing-104 << "Date: Tue, 18 Oct 2016 00:44:38 GMT[\r][\n]"
02:44:38.230 [Test worker] DEBUG org.apache.http.wire - http-outgoing-104 << "[\r][\n]"
02:44:38.230 [Test worker] DEBUG org.apache.http.headers - http-outgoing-104 << HTTP/1.1 204 No Content
02:44:38.230 [Test worker] DEBUG org.apache.http.headers - http-outgoing-104 << Server: Docker/1.12.1 (linux)
02:44:38.230 [Test worker] DEBUG org.apache.http.headers - http-outgoing-104 << Date: Tue, 18 Oct 2016 00:44:38 GMT
02:44:38.230 [Test worker] DEBUG o.a.h.impl.execchain.MainClientExec - Connection can be kept alive indefinitely
02:44:38.230 [Test worker] DEBUG c.g.d.j.JerseyDockerCmdExecFactory$1 - Connection [id: 104][route: {}->http://localhost:2375] can be kept alive indefinitely
02:44:38.230 [Test worker] DEBUG c.g.d.j.JerseyDockerCmdExecFactory$1 - Connection released: [id: 104][route: {}->http://localhost:2375][total kept alive: 1; route allocated: 1 of 2; total allocated: 1 of 20]
02:44:38.230 [Test worker] DEBUG c.g.d.j.JerseyDockerCmdExecFactory - 2 * Client response received on thread Test worker
2 < 204
2 < Date: Tue, 18 Oct 2016 00:44:38 GMT
2 < Server: Docker/1.12.1 (linux)

02:44:38.230 [Test worker] DEBUG c.g.d.core.command.AbstrDockerCmd - Cmd: 73ce9e715953c511d8e7b1a651fa104e10b76b0c601e4909623fd84b7c366c13,<null>,<null>,com.github.dockerjava.jaxrs.RemoveContainerCmdExec@180d1176
02:44:38.230 [Test worker] DEBUG c.g.d.j.JerseyDockerCmdExecFactory - 3 * Sending client request on thread Test worker
3 > DELETE http://localhost:2375/containers/73ce9e715953c511d8e7b1a651fa104e10b76b0c601e4909623fd84b7c366c13
3 > Accept: application/json

02:44:38.230 [Test worker] DEBUG o.a.h.c.protocol.RequestAddCookies - CookieSpec selected: default
02:44:38.231 [Test worker] DEBUG o.a.h.c.protocol.RequestAuthCache - Auth cache not set in the context
02:44:38.231 [Test worker] DEBUG c.g.d.j.JerseyDockerCmdExecFactory$1 - Connection request: [route: {}->http://localhost:2375][total kept alive: 1; route allocated: 1 of 2; total allocated: 1 of 20]
02:44:38.231 [Test worker] DEBUG c.g.d.j.JerseyDockerCmdExecFactory$1 - Connection leased: [id: 104][route: {}->http://localhost:2375][total kept alive: 0; route allocated: 1 of 2; total allocated: 1 of 20]
02:44:38.231 [Test worker] DEBUG o.a.h.impl.execchain.MainClientExec - Executing request DELETE /containers/73ce9e715953c511d8e7b1a651fa104e10b76b0c601e4909623fd84b7c366c13 HTTP/1.1
02:44:38.231 [Test worker] DEBUG o.a.h.impl.execchain.MainClientExec - Target auth state: UNCHALLENGED
02:44:38.231 [Test worker] DEBUG o.a.h.impl.execchain.MainClientExec - Proxy auth state: UNCHALLENGED
02:44:38.231 [Test worker] DEBUG org.apache.http.headers - http-outgoing-104 >> DELETE /containers/73ce9e715953c511d8e7b1a651fa104e10b76b0c601e4909623fd84b7c366c13 HTTP/1.1
02:44:38.231 [Test worker] DEBUG org.apache.http.headers - http-outgoing-104 >> Accept: application/json
02:44:38.231 [Test worker] DEBUG org.apache.http.headers - http-outgoing-104 >> User-Agent: Jersey/2.23.1 (Apache HttpClient 4.5.1)
02:44:38.231 [Test worker] DEBUG org.apache.http.headers - http-outgoing-104 >> Host: localhost:2375
02:44:38.231 [Test worker] DEBUG org.apache.http.headers - http-outgoing-104 >> Connection: Keep-Alive
02:44:38.231 [Test worker] DEBUG org.apache.http.headers - http-outgoing-104 >> Accept-Encoding: gzip,deflate
02:44:38.231 [Test worker] DEBUG org.apache.http.wire - http-outgoing-104 >> "DELETE /containers/73ce9e715953c511d8e7b1a651fa104e10b76b0c601e4909623fd84b7c366c13 HTTP/1.1[\r][\n]"
02:44:38.231 [Test worker] DEBUG org.apache.http.wire - http-outgoing-104 >> "Accept: application/json[\r][\n]"
02:44:38.231 [Test worker] DEBUG org.apache.http.wire - http-outgoing-104 >> "User-Agent: Jersey/2.23.1 (Apache HttpClient 4.5.1)[\r][\n]"
02:44:38.231 [Test worker] DEBUG org.apache.http.wire - http-outgoing-104 >> "Host: localhost:2375[\r][\n]"
02:44:38.231 [Test worker] DEBUG org.apache.http.wire - http-outgoing-104 >> "Connection: Keep-Alive[\r][\n]"
02:44:38.231 [Test worker] DEBUG org.apache.http.wire - http-outgoing-104 >> "Accept-Encoding: gzip,deflate[\r][\n]"
02:44:38.231 [Test worker] DEBUG org.apache.http.wire - http-outgoing-104 >> "[\r][\n]"
02:44:38.235 [Test worker] DEBUG org.apache.http.wire - http-outgoing-104 << "HTTP/1.1 204 No Content[\r][\n]"
02:44:38.235 [Test worker] DEBUG org.apache.http.wire - http-outgoing-104 << "Server: Docker/1.12.1 (linux)[\r][\n]"
02:44:38.235 [Test worker] DEBUG org.apache.http.wire - http-outgoing-104 << "Date: Tue, 18 Oct 2016 00:44:38 GMT[\r][\n]"
02:44:38.235 [Test worker] DEBUG org.apache.http.wire - http-outgoing-104 << "[\r][\n]"
02:44:38.235 [Test worker] DEBUG org.apache.http.headers - http-outgoing-104 << HTTP/1.1 204 No Content
02:44:38.235 [Test worker] DEBUG org.apache.http.headers - http-outgoing-104 << Server: Docker/1.12.1 (linux)
02:44:38.235 [Test worker] DEBUG org.apache.http.headers - http-outgoing-104 << Date: Tue, 18 Oct 2016 00:44:38 GMT
02:44:38.236 [Test worker] DEBUG o.a.h.impl.execchain.MainClientExec - Connection can be kept alive indefinitely
02:44:38.236 [Test worker] DEBUG c.g.d.j.JerseyDockerCmdExecFactory$1 - Connection [id: 104][route: {}->http://localhost:2375] can be kept alive indefinitely
02:44:38.236 [Test worker] DEBUG c.g.d.j.JerseyDockerCmdExecFactory$1 - Connection released: [id: 104][route: {}->http://localhost:2375][total kept alive: 1; route allocated: 1 of 2; total allocated: 1 of 20]
02:44:38.236 [Test worker] DEBUG c.g.d.j.JerseyDockerCmdExecFactory - 4 * Client response received on thread Test worker
4 < 204
4 < Date: Tue, 18 Oct 2016 00:44:38 GMT
4 < Server: Docker/1.12.1 (linux)

02:44:38.236 [Test worker] DEBUG org.openbaton.docker.DockerVim - Server deleted successfully
02:44:38.239 [Test worker] DEBUG c.g.d.core.command.AbstrDockerCmd - Cmd: com.github.dockerjava.core.util.FiltersBuilder@0,com.github.dockerjava.jaxrs.ListNetworksCmdExec@2e6c5609
02:44:38.247 [Test worker] DEBUG c.g.d.j.JerseyDockerCmdExecFactory - 1 * Sending client request on thread Test worker
1 > GET http://localhost:2375/networks
1 > Accept: application/json

02:44:38.247 [Test worker] DEBUG o.a.h.c.protocol.RequestAddCookies - CookieSpec selected: default
02:44:38.247 [Test worker] DEBUG o.a.h.c.protocol.RequestAuthCache - Auth cache not set in the context
02:44:38.247 [Test worker] DEBUG c.g.d.j.JerseyDockerCmdExecFactory$1 - Connection request: [route: {}->http://localhost:2375][total kept alive: 0; route allocated: 0 of 2; total allocated: 0 of 20]
02:44:38.247 [Test worker] DEBUG c.g.d.j.JerseyDockerCmdExecFactory$1 - Connection leased: [id: 105][route: {}->http://localhost:2375][total kept alive: 0; route allocated: 1 of 2; total allocated: 1 of 20]
02:44:38.247 [Test worker] DEBUG o.a.h.impl.execchain.MainClientExec - Opening connection {}->http://localhost:2375
02:44:38.247 [Test worker] DEBUG o.a.h.i.c.DefaultHttpClientConnectionOperator - Connecting to localhost/127.0.0.1:2375
02:44:38.248 [Test worker] DEBUG o.a.h.i.c.DefaultHttpClientConnectionOperator - Connection established 127.0.0.1:57226<->127.0.0.1:2375
02:44:38.248 [Test worker] DEBUG o.a.h.impl.execchain.MainClientExec - Executing request GET /networks HTTP/1.1
02:44:38.248 [Test worker] DEBUG o.a.h.impl.execchain.MainClientExec - Target auth state: UNCHALLENGED
02:44:38.248 [Test worker] DEBUG o.a.h.impl.execchain.MainClientExec - Proxy auth state: UNCHALLENGED
02:44:38.248 [Test worker] DEBUG org.apache.http.headers - http-outgoing-105 >> GET /networks HTTP/1.1
02:44:38.248 [Test worker] DEBUG org.apache.http.headers - http-outgoing-105 >> Accept: application/json
02:44:38.248 [Test worker] DEBUG org.apache.http.headers - http-outgoing-105 >> User-Agent: Jersey/2.23.1 (Apache HttpClient 4.5.1)
02:44:38.248 [Test worker] DEBUG org.apache.http.headers - http-outgoing-105 >> Host: localhost:2375
02:44:38.248 [Test worker] DEBUG org.apache.http.headers - http-outgoing-105 >> Connection: Keep-Alive
02:44:38.248 [Test worker] DEBUG org.apache.http.headers - http-outgoing-105 >> Accept-Encoding: gzip,deflate
02:44:38.248 [Test worker] DEBUG org.apache.http.wire - http-outgoing-105 >> "GET /networks HTTP/1.1[\r][\n]"
02:44:38.248 [Test worker] DEBUG org.apache.http.wire - http-outgoing-105 >> "Accept: application/json[\r][\n]"
02:44:38.248 [Test worker] DEBUG org.apache.http.wire - http-outgoing-105 >> "User-Agent: Jersey/2.23.1 (Apache HttpClient 4.5.1)[\r][\n]"
02:44:38.248 [Test worker] DEBUG org.apache.http.wire - http-outgoing-105 >> "Host: localhost:2375[\r][\n]"
02:44:38.249 [Test worker] DEBUG org.apache.http.wire - http-outgoing-105 >> "Connection: Keep-Alive[\r][\n]"
02:44:38.249 [Test worker] DEBUG org.apache.http.wire - http-outgoing-105 >> "Accept-Encoding: gzip,deflate[\r][\n]"
02:44:38.249 [Test worker] DEBUG org.apache.http.wire - http-outgoing-105 >> "[\r][\n]"
02:44:38.249 [Test worker] DEBUG org.apache.http.wire - http-outgoing-105 << "HTTP/1.1 200 OK[\r][\n]"
02:44:38.249 [Test worker] DEBUG org.apache.http.wire - http-outgoing-105 << "Content-Type: application/json[\r][\n]"
02:44:38.249 [Test worker] DEBUG org.apache.http.wire - http-outgoing-105 << "Server: Docker/1.12.1 (linux)[\r][\n]"
02:44:38.249 [Test worker] DEBUG org.apache.http.wire - http-outgoing-105 << "Date: Tue, 18 Oct 2016 00:44:38 GMT[\r][\n]"
02:44:38.249 [Test worker] DEBUG org.apache.http.wire - http-outgoing-105 << "Content-Length: 1100[\r][\n]"
02:44:38.249 [Test worker] DEBUG org.apache.http.wire - http-outgoing-105 << "[\r][\n]"
02:44:38.249 [Test worker] DEBUG org.apache.http.wire - http-outgoing-105 << "[{"Name":"bridge","Id":"90941628611ab58d4fa4db6bcd1806afb9bf994c4562bea7ae3dc9153b373da5","Scope":"local","Driver":"bridge","EnableIPv6":false,"IPAM":{"Driver":"default","Options":null,"Config":[{"Subnet":"172.17.0.0/16","Gateway":"172.17.0.1"}]},"Internal":false,"Containers":{},"Options":{"com.docker.network.bridge.default_bridge":"true","com.docker.network.bridge.enable_icc":"true","com.docker.network.bridge.enable_ip_masquerade":"true","com.docker.network.bridge.host_binding_ipv4":"0.0.0.0","com.docker.network.bridge.name":"docker0","com.docker.network.driver.mtu":"1500"},"Labels":{}},{"Name":"none","Id":"4d89c194eb79cd2beb38458d10a1b98c74d6b8462af72afde29ae7aca53ed5ca","Scope":"local","Driver":"null","EnableIPv6":false,"IPAM":{"Driver":"default","Options":null,"Config":[]},"Internal":false,"Containers":{},"Options":{},"Labels":{}},{"Name":"host","Id":"fe042b0866671b5be4f097ba43830c0a02959c058702d18e18c14a24d88a357d","Scope":"local","Driver":"host","EnableIPv6":false,"IPAM":{"Driver":"default","Options":null,"Config":[]},"Internal":false,"Containers":{},"Options":{},"Labels":{}}][\n]"
02:44:38.249 [Test worker] DEBUG org.apache.http.headers - http-outgoing-105 << HTTP/1.1 200 OK
02:44:38.249 [Test worker] DEBUG org.apache.http.headers - http-outgoing-105 << Content-Type: application/json
02:44:38.249 [Test worker] DEBUG org.apache.http.headers - http-outgoing-105 << Server: Docker/1.12.1 (linux)
02:44:38.250 [Test worker] DEBUG org.apache.http.headers - http-outgoing-105 << Date: Tue, 18 Oct 2016 00:44:38 GMT
02:44:38.250 [Test worker] DEBUG org.apache.http.headers - http-outgoing-105 << Content-Length: 1100
02:44:38.250 [Test worker] DEBUG o.a.h.impl.execchain.MainClientExec - Connection can be kept alive indefinitely
02:44:38.250 [Test worker] DEBUG c.g.d.j.JerseyDockerCmdExecFactory - 2 * Client response received on thread Test worker
2 < 200
2 < Content-Length: 1100
2 < Content-Type: application/json
2 < Date: Tue, 18 Oct 2016 00:44:38 GMT
2 < Server: Docker/1.12.1 (linux)
[{"Name":"bridge","Id":"90941628611ab58d4fa4db6bcd1806afb9bf994c4562bea7ae3dc9153b373da5","Scope":"local","Driver":"bridge","EnableIPv6":false,"IPAM":{"Driver":"default","Options":null,"Config":[{"Subnet":"172.17.0.0/16","Gateway":"172.17.0.1"}]},"Internal":false,"Containers":{},"Options":{"com.docker.network.bridge.default_bridge":"true","com.docker.network.bridge.enable_icc":"true","com.docker.network.bridge.enable_ip_masquerade":"true","com.docker.network.bridge.host_binding_ipv4":"0.0.0.0","com.docker.network.bridge.name":"docker0","com.docker.network.driver.mtu":"1500"},"Labels":{}},{"Name":"none","Id":"4d89c194eb79cd2beb38458d10a1b98c74d6b8462af72afde29ae7aca53ed5ca","Scope":"local","Driver":"null","EnableIPv6":false,"IPAM":{"Driver":"default","Options":null,"Config":[]},"Internal":false,"Containers":{},"Options":{},"Labels":{}},{"Name":"host","Id":"fe042b0866671b5be4f097ba43830c0a02959c058702d18e18c14a24d88a357d","Scope":"local","Driver":"host","EnableIPv6":false,"IPAM":{"Driver":"default","Options":null,"Config":[]},"Internal":false,"Containers":{},"Options":{},"Labels":{}}]


02:44:38.253 [Test worker] DEBUG o.a.h.i.c.DefaultManagedHttpClientConnection - http-outgoing-105: Close connection
02:44:38.253 [Test worker] DEBUG o.a.h.impl.execchain.MainClientExec - Connection discarded
02:44:38.253 [Test worker] DEBUG c.g.d.j.JerseyDockerCmdExecFactory$1 - Connection released: [id: 105][route: {}->http://localhost:2375][total kept alive: 0; route allocated: 0 of 2; total allocated: 0 of 20]
02:44:38.253 [Test worker] DEBUG c.g.d.core.command.AbstrDockerCmd - Cmd: com.github.dockerjava.core.util.FiltersBuilder@0,com.github.dockerjava.jaxrs.ListVolumesCmdExec@4980af09
02:44:38.253 [Test worker] DEBUG c.g.d.j.JerseyDockerCmdExecFactory - 3 * Sending client request on thread Test worker
3 > GET http://localhost:2375/volumes
3 > Accept: application/json

02:44:38.253 [Test worker] DEBUG o.a.h.c.protocol.RequestAddCookies - CookieSpec selected: default
02:44:38.254 [Test worker] DEBUG o.a.h.c.protocol.RequestAuthCache - Auth cache not set in the context
02:44:38.254 [Test worker] DEBUG c.g.d.j.JerseyDockerCmdExecFactory$1 - Connection request: [route: {}->http://localhost:2375][total kept alive: 0; route allocated: 0 of 2; total allocated: 0 of 20]
02:44:38.254 [Test worker] DEBUG c.g.d.j.JerseyDockerCmdExecFactory$1 - Connection leased: [id: 106][route: {}->http://localhost:2375][total kept alive: 0; route allocated: 1 of 2; total allocated: 1 of 20]
02:44:38.254 [Test worker] DEBUG o.a.h.impl.execchain.MainClientExec - Opening connection {}->http://localhost:2375
02:44:38.254 [Test worker] DEBUG o.a.h.i.c.DefaultHttpClientConnectionOperator - Connecting to localhost/127.0.0.1:2375
02:44:38.254 [Test worker] DEBUG o.a.h.i.c.DefaultHttpClientConnectionOperator - Connection established 127.0.0.1:57228<->127.0.0.1:2375
02:44:38.254 [Test worker] DEBUG o.a.h.impl.execchain.MainClientExec - Executing request GET /volumes HTTP/1.1
02:44:38.254 [Test worker] DEBUG o.a.h.impl.execchain.MainClientExec - Target auth state: UNCHALLENGED
02:44:38.254 [Test worker] DEBUG o.a.h.impl.execchain.MainClientExec - Proxy auth state: UNCHALLENGED
02:44:38.254 [Test worker] DEBUG org.apache.http.headers - http-outgoing-106 >> GET /volumes HTTP/1.1
02:44:38.254 [Test worker] DEBUG org.apache.http.headers - http-outgoing-106 >> Accept: application/json
02:44:38.254 [Test worker] DEBUG org.apache.http.headers - http-outgoing-106 >> User-Agent: Jersey/2.23.1 (Apache HttpClient 4.5.1)
02:44:38.255 [Test worker] DEBUG org.apache.http.headers - http-outgoing-106 >> Host: localhost:2375
02:44:38.255 [Test worker] DEBUG org.apache.http.headers - http-outgoing-106 >> Connection: Keep-Alive
02:44:38.255 [Test worker] DEBUG org.apache.http.headers - http-outgoing-106 >> Accept-Encoding: gzip,deflate
02:44:38.255 [Test worker] DEBUG org.apache.http.wire - http-outgoing-106 >> "GET /volumes HTTP/1.1[\r][\n]"
02:44:38.255 [Test worker] DEBUG org.apache.http.wire - http-outgoing-106 >> "Accept: application/json[\r][\n]"
02:44:38.255 [Test worker] DEBUG org.apache.http.wire - http-outgoing-106 >> "User-Agent: Jersey/2.23.1 (Apache HttpClient 4.5.1)[\r][\n]"
02:44:38.255 [Test worker] DEBUG org.apache.http.wire - http-outgoing-106 >> "Host: localhost:2375[\r][\n]"
02:44:38.255 [Test worker] DEBUG org.apache.http.wire - http-outgoing-106 >> "Connection: Keep-Alive[\r][\n]"
02:44:38.255 [Test worker] DEBUG org.apache.http.wire - http-outgoing-106 >> "Accept-Encoding: gzip,deflate[\r][\n]"
02:44:38.255 [Test worker] DEBUG org.apache.http.wire - http-outgoing-106 >> "[\r][\n]"
02:44:38.255 [Test worker] DEBUG org.apache.http.wire - http-outgoing-106 << "HTTP/1.1 200 OK[\r][\n]"
02:44:38.255 [Test worker] DEBUG org.apache.http.wire - http-outgoing-106 << "Content-Type: application/json[\r][\n]"
02:44:38.255 [Test worker] DEBUG org.apache.http.wire - http-outgoing-106 << "Server: Docker/1.12.1 (linux)[\r][\n]"
02:44:38.255 [Test worker] DEBUG org.apache.http.wire - http-outgoing-106 << "Date: Tue, 18 Oct 2016 00:44:38 GMT[\r][\n]"
02:44:38.255 [Test worker] DEBUG org.apache.http.wire - http-outgoing-106 << "Content-Length: 33[\r][\n]"
02:44:38.256 [Test worker] DEBUG org.apache.http.wire - http-outgoing-106 << "[\r][\n]"
02:44:38.256 [Test worker] DEBUG org.apache.http.wire - http-outgoing-106 << "{"Volumes":null,"Warnings":null}[\n]"
02:44:38.256 [Test worker] DEBUG org.apache.http.headers - http-outgoing-106 << HTTP/1.1 200 OK
02:44:38.256 [Test worker] DEBUG org.apache.http.headers - http-outgoing-106 << Content-Type: application/json
02:44:38.256 [Test worker] DEBUG org.apache.http.headers - http-outgoing-106 << Server: Docker/1.12.1 (linux)
02:44:38.256 [Test worker] DEBUG org.apache.http.headers - http-outgoing-106 << Date: Tue, 18 Oct 2016 00:44:38 GMT
02:44:38.256 [Test worker] DEBUG org.apache.http.headers - http-outgoing-106 << Content-Length: 33
02:44:38.256 [Test worker] DEBUG o.a.h.impl.execchain.MainClientExec - Connection can be kept alive indefinitely
02:44:38.256 [Test worker] DEBUG c.g.d.j.JerseyDockerCmdExecFactory - 4 * Client response received on thread Test worker
4 < 200
4 < Content-Length: 33
4 < Content-Type: application/json
4 < Date: Tue, 18 Oct 2016 00:44:38 GMT
4 < Server: Docker/1.12.1 (linux)
{"Volumes":null,"Warnings":null}


02:44:38.257 [Test worker] DEBUG o.a.h.i.c.DefaultManagedHttpClientConnection - http-outgoing-106: Close connection
02:44:38.257 [Test worker] DEBUG o.a.h.impl.execchain.MainClientExec - Connection discarded
02:44:38.257 [Test worker] DEBUG c.g.d.j.JerseyDockerCmdExecFactory$1 - Connection released: [id: 106][route: {}->http://localhost:2375][total kept alive: 0; route allocated: 0 of 2; total allocated: 0 of 20]
02:44:38.258 [Test worker] DEBUG org.openbaton.docker.DockerVim - Loading properties
02:44:38.258 [Test worker] DEBUG org.openbaton.docker.DockerVim - Loaded properties: {type=docker}
02:44:38.260 [Test worker] DEBUG c.g.d.core.command.AbstrDockerCmd - Cmd: -1,<null>,true,<null>,<null>,com.github.dockerjava.core.util.FiltersBuilder@0,com.github.dockerjava.jaxrs.ListContainersCmdExec@3a499165
02:44:38.270 [Test worker] DEBUG c.g.d.j.JerseyDockerCmdExecFactory - 1 * Sending client request on thread Test worker
1 > GET http://localhost:2375/containers/json?all=true
1 > Accept: application/json

02:44:38.271 [Test worker] DEBUG o.a.h.c.protocol.RequestAddCookies - CookieSpec selected: default
02:44:38.271 [Test worker] DEBUG o.a.h.c.protocol.RequestAuthCache - Auth cache not set in the context
02:44:38.271 [Test worker] DEBUG c.g.d.j.JerseyDockerCmdExecFactory$1 - Connection request: [route: {}->http://localhost:2375][total kept alive: 0; route allocated: 0 of 2; total allocated: 0 of 20]
02:44:38.271 [Test worker] DEBUG c.g.d.j.JerseyDockerCmdExecFactory$1 - Connection leased: [id: 107][route: {}->http://localhost:2375][total kept alive: 0; route allocated: 1 of 2; total allocated: 1 of 20]
02:44:38.271 [Test worker] DEBUG o.a.h.impl.execchain.MainClientExec - Opening connection {}->http://localhost:2375
02:44:38.271 [Test worker] DEBUG o.a.h.i.c.DefaultHttpClientConnectionOperator - Connecting to localhost/127.0.0.1:2375
02:44:38.271 [Test worker] DEBUG o.a.h.i.c.DefaultHttpClientConnectionOperator - Connection established 127.0.0.1:57230<->127.0.0.1:2375
02:44:38.272 [Test worker] DEBUG o.a.h.impl.execchain.MainClientExec - Executing request GET /containers/json?all=true HTTP/1.1
02:44:38.272 [Test worker] DEBUG o.a.h.impl.execchain.MainClientExec - Target auth state: UNCHALLENGED
02:44:38.272 [Test worker] DEBUG o.a.h.impl.execchain.MainClientExec - Proxy auth state: UNCHALLENGED
02:44:38.272 [Test worker] DEBUG org.apache.http.headers - http-outgoing-107 >> GET /containers/json?all=true HTTP/1.1
02:44:38.272 [Test worker] DEBUG org.apache.http.headers - http-outgoing-107 >> Accept: application/json
02:44:38.272 [Test worker] DEBUG org.apache.http.headers - http-outgoing-107 >> User-Agent: Jersey/2.23.1 (Apache HttpClient 4.5.1)
02:44:38.272 [Test worker] DEBUG org.apache.http.headers - http-outgoing-107 >> Host: localhost:2375
02:44:38.272 [Test worker] DEBUG org.apache.http.headers - http-outgoing-107 >> Connection: Keep-Alive
02:44:38.272 [Test worker] DEBUG org.apache.http.headers - http-outgoing-107 >> Accept-Encoding: gzip,deflate
02:44:38.272 [Test worker] DEBUG org.apache.http.wire - http-outgoing-107 >> "GET /containers/json?all=true HTTP/1.1[\r][\n]"
02:44:38.272 [Test worker] DEBUG org.apache.http.wire - http-outgoing-107 >> "Accept: application/json[\r][\n]"
02:44:38.272 [Test worker] DEBUG org.apache.http.wire - http-outgoing-107 >> "User-Agent: Jersey/2.23.1 (Apache HttpClient 4.5.1)[\r][\n]"
02:44:38.272 [Test worker] DEBUG org.apache.http.wire - http-outgoing-107 >> "Host: localhost:2375[\r][\n]"
02:44:38.272 [Test worker] DEBUG org.apache.http.wire - http-outgoing-107 >> "Connection: Keep-Alive[\r][\n]"
02:44:38.272 [Test worker] DEBUG org.apache.http.wire - http-outgoing-107 >> "Accept-Encoding: gzip,deflate[\r][\n]"
02:44:38.272 [Test worker] DEBUG org.apache.http.wire - http-outgoing-107 >> "[\r][\n]"
02:44:38.273 [Test worker] DEBUG org.apache.http.wire - http-outgoing-107 << "HTTP/1.1 200 OK[\r][\n]"
02:44:38.273 [Test worker] DEBUG org.apache.http.wire - http-outgoing-107 << "Content-Type: application/json[\r][\n]"
02:44:38.273 [Test worker] DEBUG org.apache.http.wire - http-outgoing-107 << "Server: Docker/1.12.1 (linux)[\r][\n]"
02:44:38.273 [Test worker] DEBUG org.apache.http.wire - http-outgoing-107 << "Date: Tue, 18 Oct 2016 00:44:38 GMT[\r][\n]"
02:44:38.273 [Test worker] DEBUG org.apache.http.wire - http-outgoing-107 << "Content-Length: 3[\r][\n]"
02:44:38.273 [Test worker] DEBUG org.apache.http.wire - http-outgoing-107 << "[\r][\n]"
02:44:38.273 [Test worker] DEBUG org.apache.http.wire - http-outgoing-107 << "[][\n]"
02:44:38.273 [Test worker] DEBUG org.apache.http.headers - http-outgoing-107 << HTTP/1.1 200 OK
02:44:38.273 [Test worker] DEBUG org.apache.http.headers - http-outgoing-107 << Content-Type: application/json
02:44:38.273 [Test worker] DEBUG org.apache.http.headers - http-outgoing-107 << Server: Docker/1.12.1 (linux)
02:44:38.273 [Test worker] DEBUG org.apache.http.headers - http-outgoing-107 << Date: Tue, 18 Oct 2016 00:44:38 GMT
02:44:38.273 [Test worker] DEBUG org.apache.http.headers - http-outgoing-107 << Content-Length: 3
02:44:38.273 [Test worker] DEBUG o.a.h.impl.execchain.MainClientExec - Connection can be kept alive indefinitely
02:44:38.273 [Test worker] DEBUG c.g.d.j.JerseyDockerCmdExecFactory - 2 * Client response received on thread Test worker
2 < 200
2 < Content-Length: 3
2 < Content-Type: application/json
2 < Date: Tue, 18 Oct 2016 00:44:38 GMT
2 < Server: Docker/1.12.1 (linux)
[]


02:44:38.274 [Test worker] DEBUG c.g.d.j.JerseyDockerCmdExecFactory$1 - Connection [id: 107][route: {}->http://localhost:2375] can be kept alive indefinitely
02:44:38.274 [Test worker] DEBUG c.g.d.j.JerseyDockerCmdExecFactory$1 - Connection released: [id: 107][route: {}->http://localhost:2375][total kept alive: 1; route allocated: 1 of 2; total allocated: 1 of 20]
02:44:38.281 [Test worker] DEBUG c.g.d.core.command.AbstrDockerCmd - Cmd: com.github.dockerjava.core.util.FiltersBuilder@0,com.github.dockerjava.jaxrs.ListNetworksCmdExec@704a689c
02:44:38.294 [Test worker] DEBUG c.g.d.j.JerseyDockerCmdExecFactory - 1 * Sending client request on thread Test worker
1 > GET http://localhost:2375/networks
1 > Accept: application/json

02:44:38.294 [Test worker] DEBUG o.a.h.c.protocol.RequestAddCookies - CookieSpec selected: default
02:44:38.295 [Test worker] DEBUG o.a.h.c.protocol.RequestAuthCache - Auth cache not set in the context
02:44:38.295 [Test worker] DEBUG c.g.d.j.JerseyDockerCmdExecFactory$1 - Connection request: [route: {}->http://localhost:2375][total kept alive: 0; route allocated: 0 of 2; total allocated: 0 of 20]
02:44:38.295 [Test worker] DEBUG c.g.d.j.JerseyDockerCmdExecFactory$1 - Connection leased: [id: 108][route: {}->http://localhost:2375][total kept alive: 0; route allocated: 1 of 2; total allocated: 1 of 20]
02:44:38.295 [Test worker] DEBUG o.a.h.impl.execchain.MainClientExec - Opening connection {}->http://localhost:2375
02:44:38.295 [Test worker] DEBUG o.a.h.i.c.DefaultHttpClientConnectionOperator - Connecting to localhost/127.0.0.1:2375
02:44:38.295 [Test worker] DEBUG o.a.h.i.c.DefaultHttpClientConnectionOperator - Connection established 127.0.0.1:57232<->127.0.0.1:2375
02:44:38.295 [Test worker] DEBUG o.a.h.impl.execchain.MainClientExec - Executing request GET /networks HTTP/1.1
02:44:38.295 [Test worker] DEBUG o.a.h.impl.execchain.MainClientExec - Target auth state: UNCHALLENGED
02:44:38.295 [Test worker] DEBUG o.a.h.impl.execchain.MainClientExec - Proxy auth state: UNCHALLENGED
02:44:38.296 [Test worker] DEBUG org.apache.http.headers - http-outgoing-108 >> GET /networks HTTP/1.1
02:44:38.296 [Test worker] DEBUG org.apache.http.headers - http-outgoing-108 >> Accept: application/json
02:44:38.296 [Test worker] DEBUG org.apache.http.headers - http-outgoing-108 >> User-Agent: Jersey/2.23.1 (Apache HttpClient 4.5.1)
02:44:38.296 [Test worker] DEBUG org.apache.http.headers - http-outgoing-108 >> Host: localhost:2375
02:44:38.296 [Test worker] DEBUG org.apache.http.headers - http-outgoing-108 >> Connection: Keep-Alive
02:44:38.296 [Test worker] DEBUG org.apache.http.headers - http-outgoing-108 >> Accept-Encoding: gzip,deflate
02:44:38.296 [Test worker] DEBUG org.apache.http.wire - http-outgoing-108 >> "GET /networks HTTP/1.1[\r][\n]"
02:44:38.296 [Test worker] DEBUG org.apache.http.wire - http-outgoing-108 >> "Accept: application/json[\r][\n]"
02:44:38.296 [Test worker] DEBUG org.apache.http.wire - http-outgoing-108 >> "User-Agent: Jersey/2.23.1 (Apache HttpClient 4.5.1)[\r][\n]"
02:44:38.296 [Test worker] DEBUG org.apache.http.wire - http-outgoing-108 >> "Host: localhost:2375[\r][\n]"
02:44:38.296 [Test worker] DEBUG org.apache.http.wire - http-outgoing-108 >> "Connection: Keep-Alive[\r][\n]"
02:44:38.296 [Test worker] DEBUG org.apache.http.wire - http-outgoing-108 >> "Accept-Encoding: gzip,deflate[\r][\n]"
02:44:38.296 [Test worker] DEBUG org.apache.http.wire - http-outgoing-108 >> "[\r][\n]"
02:44:38.297 [Test worker] DEBUG org.apache.http.wire - http-outgoing-108 << "HTTP/1.1 200 OK[\r][\n]"
02:44:38.297 [Test worker] DEBUG org.apache.http.wire - http-outgoing-108 << "Content-Type: application/json[\r][\n]"
02:44:38.297 [Test worker] DEBUG org.apache.http.wire - http-outgoing-108 << "Server: Docker/1.12.1 (linux)[\r][\n]"
02:44:38.297 [Test worker] DEBUG org.apache.http.wire - http-outgoing-108 << "Date: Tue, 18 Oct 2016 00:44:38 GMT[\r][\n]"
02:44:38.297 [Test worker] DEBUG org.apache.http.wire - http-outgoing-108 << "Content-Length: 1100[\r][\n]"
02:44:38.297 [Test worker] DEBUG org.apache.http.wire - http-outgoing-108 << "[\r][\n]"
02:44:38.297 [Test worker] DEBUG org.apache.http.wire - http-outgoing-108 << "[{"Name":"bridge","Id":"90941628611ab58d4fa4db6bcd1806afb9bf994c4562bea7ae3dc9153b373da5","Scope":"local","Driver":"bridge","EnableIPv6":false,"IPAM":{"Driver":"default","Options":null,"Config":[{"Subnet":"172.17.0.0/16","Gateway":"172.17.0.1"}]},"Internal":false,"Containers":{},"Options":{"com.docker.network.bridge.default_bridge":"true","com.docker.network.bridge.enable_icc":"true","com.docker.network.bridge.enable_ip_masquerade":"true","com.docker.network.bridge.host_binding_ipv4":"0.0.0.0","com.docker.network.bridge.name":"docker0","com.docker.network.driver.mtu":"1500"},"Labels":{}},{"Name":"none","Id":"4d89c194eb79cd2beb38458d10a1b98c74d6b8462af72afde29ae7aca53ed5ca","Scope":"local","Driver":"null","EnableIPv6":false,"IPAM":{"Driver":"default","Options":null,"Config":[]},"Internal":false,"Containers":{},"Options":{},"Labels":{}},{"Name":"host","Id":"fe042b0866671b5be4f097ba43830c0a02959c058702d18e18c14a24d88a357d","Scope":"local","Driver":"host","EnableIPv6":false,"IPAM":{"Driver":"default","Options":null,"Config":[]},"Internal":false,"Containers":{},"Options":{},"Labels":{}}][\n]"
02:44:38.297 [Test worker] DEBUG org.apache.http.headers - http-outgoing-108 << HTTP/1.1 200 OK
02:44:38.297 [Test worker] DEBUG org.apache.http.headers - http-outgoing-108 << Content-Type: application/json
02:44:38.297 [Test worker] DEBUG org.apache.http.headers - http-outgoing-108 << Server: Docker/1.12.1 (linux)
02:44:38.297 [Test worker] DEBUG org.apache.http.headers - http-outgoing-108 << Date: Tue, 18 Oct 2016 00:44:38 GMT
02:44:38.297 [Test worker] DEBUG org.apache.http.headers - http-outgoing-108 << Content-Length: 1100
02:44:38.297 [Test worker] DEBUG o.a.h.impl.execchain.MainClientExec - Connection can be kept alive indefinitely
02:44:38.297 [Test worker] DEBUG c.g.d.j.JerseyDockerCmdExecFactory - 2 * Client response received on thread Test worker
2 < 200
2 < Content-Length: 1100
2 < Content-Type: application/json
2 < Date: Tue, 18 Oct 2016 00:44:38 GMT
2 < Server: Docker/1.12.1 (linux)
[{"Name":"bridge","Id":"90941628611ab58d4fa4db6bcd1806afb9bf994c4562bea7ae3dc9153b373da5","Scope":"local","Driver":"bridge","EnableIPv6":false,"IPAM":{"Driver":"default","Options":null,"Config":[{"Subnet":"172.17.0.0/16","Gateway":"172.17.0.1"}]},"Internal":false,"Containers":{},"Options":{"com.docker.network.bridge.default_bridge":"true","com.docker.network.bridge.enable_icc":"true","com.docker.network.bridge.enable_ip_masquerade":"true","com.docker.network.bridge.host_binding_ipv4":"0.0.0.0","com.docker.network.bridge.name":"docker0","com.docker.network.driver.mtu":"1500"},"Labels":{}},{"Name":"none","Id":"4d89c194eb79cd2beb38458d10a1b98c74d6b8462af72afde29ae7aca53ed5ca","Scope":"local","Driver":"null","EnableIPv6":false,"IPAM":{"Driver":"default","Options":null,"Config":[]},"Internal":false,"Containers":{},"Options":{},"Labels":{}},{"Name":"host","Id":"fe042b0866671b5be4f097ba43830c0a02959c058702d18e18c14a24d88a357d","Scope":"local","Driver":"host","EnableIPv6":false,"IPAM":{"Driver":"default","Options":null,"Config":[]},"Internal":false,"Containers":{},"Options":{},"Labels":{}}]


02:44:38.304 [Test worker] DEBUG o.a.h.i.c.DefaultManagedHttpClientConnection - http-outgoing-108: Close connection
02:44:38.306 [Test worker] DEBUG o.a.h.impl.execchain.MainClientExec - Connection discarded
02:44:38.306 [Test worker] DEBUG c.g.d.j.JerseyDockerCmdExecFactory$1 - Connection released: [id: 108][route: {}->http://localhost:2375][total kept alive: 0; route allocated: 0 of 2; total allocated: 0 of 20]
02:44:38.306 [Test worker] DEBUG c.g.d.core.command.AbstrDockerCmd - Cmd: com.github.dockerjava.core.util.FiltersBuilder@0,com.github.dockerjava.jaxrs.ListVolumesCmdExec@3c22d5b8
02:44:38.325 [Test worker] DEBUG c.g.d.j.JerseyDockerCmdExecFactory - 1 * Sending client request on thread Test worker
1 > GET http://localhost:2375/volumes
1 > Accept: application/json

02:44:38.326 [Test worker] DEBUG o.a.h.c.protocol.RequestAddCookies - CookieSpec selected: default
02:44:38.327 [Test worker] DEBUG o.a.h.c.protocol.RequestAuthCache - Auth cache not set in the context
02:44:38.327 [Test worker] DEBUG c.g.d.j.JerseyDockerCmdExecFactory$1 - Connection request: [route: {}->http://localhost:2375][total kept alive: 0; route allocated: 0 of 2; total allocated: 0 of 20]
02:44:38.330 [Test worker] DEBUG c.g.d.j.JerseyDockerCmdExecFactory$1 - Connection leased: [id: 109][route: {}->http://localhost:2375][total kept alive: 0; route allocated: 1 of 2; total allocated: 1 of 20]
02:44:38.330 [Test worker] DEBUG o.a.h.impl.execchain.MainClientExec - Opening connection {}->http://localhost:2375
02:44:38.330 [Test worker] DEBUG o.a.h.i.c.DefaultHttpClientConnectionOperator - Connecting to localhost/127.0.0.1:2375
02:44:38.330 [Test worker] DEBUG o.a.h.i.c.DefaultHttpClientConnectionOperator - Connection established 127.0.0.1:57234<->127.0.0.1:2375
02:44:38.331 [Test worker] DEBUG o.a.h.impl.execchain.MainClientExec - Executing request GET /volumes HTTP/1.1
02:44:38.331 [Test worker] DEBUG o.a.h.impl.execchain.MainClientExec - Target auth state: UNCHALLENGED
02:44:38.331 [Test worker] DEBUG o.a.h.impl.execchain.MainClientExec - Proxy auth state: UNCHALLENGED
02:44:38.331 [Test worker] DEBUG org.apache.http.headers - http-outgoing-109 >> GET /volumes HTTP/1.1
02:44:38.331 [Test worker] DEBUG org.apache.http.headers - http-outgoing-109 >> Accept: application/json
02:44:38.331 [Test worker] DEBUG org.apache.http.headers - http-outgoing-109 >> User-Agent: Jersey/2.23.1 (Apache HttpClient 4.5.1)
02:44:38.331 [Test worker] DEBUG org.apache.http.headers - http-outgoing-109 >> Host: localhost:2375
02:44:38.331 [Test worker] DEBUG org.apache.http.headers - http-outgoing-109 >> Connection: Keep-Alive
02:44:38.331 [Test worker] DEBUG org.apache.http.headers - http-outgoing-109 >> Accept-Encoding: gzip,deflate
02:44:38.331 [Test worker] DEBUG org.apache.http.wire - http-outgoing-109 >> "GET /volumes HTTP/1.1[\r][\n]"
02:44:38.331 [Test worker] DEBUG org.apache.http.wire - http-outgoing-109 >> "Accept: application/json[\r][\n]"
02:44:38.331 [Test worker] DEBUG org.apache.http.wire - http-outgoing-109 >> "User-Agent: Jersey/2.23.1 (Apache HttpClient 4.5.1)[\r][\n]"
02:44:38.331 [Test worker] DEBUG org.apache.http.wire - http-outgoing-109 >> "Host: localhost:2375[\r][\n]"
02:44:38.331 [Test worker] DEBUG org.apache.http.wire - http-outgoing-109 >> "Connection: Keep-Alive[\r][\n]"
02:44:38.331 [Test worker] DEBUG org.apache.http.wire - http-outgoing-109 >> "Accept-Encoding: gzip,deflate[\r][\n]"
02:44:38.331 [Test worker] DEBUG org.apache.http.wire - http-outgoing-109 >> "[\r][\n]"
02:44:38.332 [Test worker] DEBUG org.apache.http.wire - http-outgoing-109 << "HTTP/1.1 200 OK[\r][\n]"
02:44:38.333 [Test worker] DEBUG org.apache.http.wire - http-outgoing-109 << "Content-Type: application/json[\r][\n]"
02:44:38.333 [Test worker] DEBUG org.apache.http.wire - http-outgoing-109 << "Server: Docker/1.12.1 (linux)[\r][\n]"
02:44:38.333 [Test worker] DEBUG org.apache.http.wire - http-outgoing-109 << "Date: Tue, 18 Oct 2016 00:44:38 GMT[\r][\n]"
02:44:38.333 [Test worker] DEBUG org.apache.http.wire - http-outgoing-109 << "Content-Length: 33[\r][\n]"
02:44:38.333 [Test worker] DEBUG org.apache.http.wire - http-outgoing-109 << "[\r][\n]"
02:44:38.333 [Test worker] DEBUG org.apache.http.wire - http-outgoing-109 << "{"Volumes":null,"Warnings":null}[\n]"
02:44:38.333 [Test worker] DEBUG org.apache.http.headers - http-outgoing-109 << HTTP/1.1 200 OK
02:44:38.333 [Test worker] DEBUG org.apache.http.headers - http-outgoing-109 << Content-Type: application/json
02:44:38.333 [Test worker] DEBUG org.apache.http.headers - http-outgoing-109 << Server: Docker/1.12.1 (linux)
02:44:38.333 [Test worker] DEBUG org.apache.http.headers - http-outgoing-109 << Date: Tue, 18 Oct 2016 00:44:38 GMT
02:44:38.333 [Test worker] DEBUG org.apache.http.headers - http-outgoing-109 << Content-Length: 33
02:44:38.333 [Test worker] DEBUG o.a.h.impl.execchain.MainClientExec - Connection can be kept alive indefinitely
02:44:38.333 [Test worker] DEBUG c.g.d.j.JerseyDockerCmdExecFactory - 2 * Client response received on thread Test worker
2 < 200
2 < Content-Length: 33
2 < Content-Type: application/json
2 < Date: Tue, 18 Oct 2016 00:44:38 GMT
2 < Server: Docker/1.12.1 (linux)
{"Volumes":null,"Warnings":null}


02:44:38.335 [Test worker] DEBUG o.a.h.i.c.DefaultManagedHttpClientConnection - http-outgoing-109: Close connection
02:44:38.337 [Test worker] DEBUG o.a.h.impl.execchain.MainClientExec - Connection discarded
02:44:38.337 [Test worker] DEBUG c.g.d.j.JerseyDockerCmdExecFactory$1 - Connection released: [id: 109][route: {}->http://localhost:2375][total kept alive: 0; route allocated: 0 of 2; total allocated: 0 of 20]
List of volumes: null
02:44:38.340 [Test worker] DEBUG c.g.d.core.command.AbstrDockerCmd - Cmd: NewVolume,local,<null>,com.github.dockerjava.jaxrs.CreateVolumeCmdExec@3d62a997
02:44:38.353 [Test worker] DEBUG o.a.h.c.protocol.RequestAddCookies - CookieSpec selected: default
02:44:38.353 [Test worker] DEBUG o.a.h.c.protocol.RequestAuthCache - Auth cache not set in the context
02:44:38.353 [Test worker] DEBUG c.g.d.j.JerseyDockerCmdExecFactory$1 - Connection request: [route: {}->http://localhost:2375][total kept alive: 0; route allocated: 0 of 2; total allocated: 0 of 20]
02:44:38.353 [Test worker] DEBUG c.g.d.j.JerseyDockerCmdExecFactory$1 - Connection leased: [id: 110][route: {}->http://localhost:2375][total kept alive: 0; route allocated: 1 of 2; total allocated: 1 of 20]
02:44:38.353 [Test worker] DEBUG o.a.h.impl.execchain.MainClientExec - Opening connection {}->http://localhost:2375
02:44:38.353 [Test worker] DEBUG o.a.h.i.c.DefaultHttpClientConnectionOperator - Connecting to localhost/127.0.0.1:2375
02:44:38.354 [Test worker] DEBUG o.a.h.i.c.DefaultHttpClientConnectionOperator - Connection established 127.0.0.1:57236<->127.0.0.1:2375
02:44:38.354 [Test worker] DEBUG o.a.h.impl.execchain.MainClientExec - Executing request POST /volumes/create HTTP/1.1
02:44:38.354 [Test worker] DEBUG o.a.h.impl.execchain.MainClientExec - Target auth state: UNCHALLENGED
02:44:38.354 [Test worker] DEBUG o.a.h.impl.execchain.MainClientExec - Proxy auth state: UNCHALLENGED
02:44:38.354 [Test worker] DEBUG org.apache.http.headers - http-outgoing-110 >> POST /volumes/create HTTP/1.1
02:44:38.354 [Test worker] DEBUG org.apache.http.headers - http-outgoing-110 >> Accept: application/json
02:44:38.354 [Test worker] DEBUG org.apache.http.headers - http-outgoing-110 >> Content-Type: application/json
02:44:38.354 [Test worker] DEBUG org.apache.http.headers - http-outgoing-110 >> User-Agent: Jersey/2.23.1 (Apache HttpClient 4.5.1)
02:44:38.354 [Test worker] DEBUG org.apache.http.headers - http-outgoing-110 >> Transfer-Encoding: chunked
02:44:38.354 [Test worker] DEBUG org.apache.http.headers - http-outgoing-110 >> Host: localhost:2375
02:44:38.354 [Test worker] DEBUG org.apache.http.headers - http-outgoing-110 >> Connection: Keep-Alive
02:44:38.354 [Test worker] DEBUG org.apache.http.headers - http-outgoing-110 >> Accept-Encoding: gzip,deflate
02:44:38.355 [Test worker] DEBUG c.g.d.j.JerseyDockerCmdExecFactory - 1 * Sending client request on thread Test worker
1 > POST http://localhost:2375/volumes/create
1 > Accept: application/json
1 > Content-Type: application/json
{"Name":"NewVolume","Driver":"local","DriverOpts":null}

02:44:38.356 [Test worker] DEBUG org.apache.http.wire - http-outgoing-110 >> "POST /volumes/create HTTP/1.1[\r][\n]"
02:44:38.356 [Test worker] DEBUG org.apache.http.wire - http-outgoing-110 >> "Accept: application/json[\r][\n]"
02:44:38.356 [Test worker] DEBUG org.apache.http.wire - http-outgoing-110 >> "Content-Type: application/json[\r][\n]"
02:44:38.356 [Test worker] DEBUG org.apache.http.wire - http-outgoing-110 >> "User-Agent: Jersey/2.23.1 (Apache HttpClient 4.5.1)[\r][\n]"
02:44:38.356 [Test worker] DEBUG org.apache.http.wire - http-outgoing-110 >> "Transfer-Encoding: chunked[\r][\n]"
02:44:38.356 [Test worker] DEBUG org.apache.http.wire - http-outgoing-110 >> "Host: localhost:2375[\r][\n]"
02:44:38.356 [Test worker] DEBUG org.apache.http.wire - http-outgoing-110 >> "Connection: Keep-Alive[\r][\n]"
02:44:38.356 [Test worker] DEBUG org.apache.http.wire - http-outgoing-110 >> "Accept-Encoding: gzip,deflate[\r][\n]"
02:44:38.356 [Test worker] DEBUG org.apache.http.wire - http-outgoing-110 >> "[\r][\n]"
02:44:38.356 [Test worker] DEBUG org.apache.http.wire - http-outgoing-110 >> "37[\r][\n]"
02:44:38.356 [Test worker] DEBUG org.apache.http.wire - http-outgoing-110 >> "{"Name":"NewVolume","Driver":"local","DriverOpts":null}[\r][\n]"
02:44:38.356 [Test worker] DEBUG org.apache.http.wire - http-outgoing-110 >> "0[\r][\n]"
02:44:38.356 [Test worker] DEBUG org.apache.http.wire - http-outgoing-110 >> "[\r][\n]"
02:44:38.360 [Test worker] DEBUG org.apache.http.wire - http-outgoing-110 << "HTTP/1.1 201 Created[\r][\n]"
02:44:38.360 [Test worker] DEBUG org.apache.http.wire - http-outgoing-110 << "Content-Type: application/json[\r][\n]"
02:44:38.360 [Test worker] DEBUG org.apache.http.wire - http-outgoing-110 << "Server: Docker/1.12.1 (linux)[\r][\n]"
02:44:38.360 [Test worker] DEBUG org.apache.http.wire - http-outgoing-110 << "Date: Tue, 18 Oct 2016 00:44:38 GMT[\r][\n]"
02:44:38.360 [Test worker] DEBUG org.apache.http.wire - http-outgoing-110 << "Content-Length: 123[\r][\n]"
02:44:38.360 [Test worker] DEBUG org.apache.http.wire - http-outgoing-110 << "[\r][\n]"
02:44:38.360 [Test worker] DEBUG org.apache.http.wire - http-outgoing-110 << "{"Name":"NewVolume","Driver":"local","Mountpoint":"/var/lib/docker/volumes/NewVolume/_data","Labels":null,"Scope":"local"}[\n]"
02:44:38.360 [Test worker] DEBUG org.apache.http.headers - http-outgoing-110 << HTTP/1.1 201 Created
02:44:38.360 [Test worker] DEBUG org.apache.http.headers - http-outgoing-110 << Content-Type: application/json
02:44:38.360 [Test worker] DEBUG org.apache.http.headers - http-outgoing-110 << Server: Docker/1.12.1 (linux)
02:44:38.360 [Test worker] DEBUG org.apache.http.headers - http-outgoing-110 << Date: Tue, 18 Oct 2016 00:44:38 GMT
02:44:38.360 [Test worker] DEBUG org.apache.http.headers - http-outgoing-110 << Content-Length: 123
02:44:38.360 [Test worker] DEBUG o.a.h.impl.execchain.MainClientExec - Connection can be kept alive indefinitely
02:44:38.361 [Test worker] DEBUG c.g.d.j.JerseyDockerCmdExecFactory - 2 * Client response received on thread Test worker
2 < 201
2 < Content-Length: 123
2 < Content-Type: application/json
2 < Date: Tue, 18 Oct 2016 00:44:38 GMT
2 < Server: Docker/1.12.1 (linux)
{"Name":"NewVolume","Driver":"local","Mountpoint":"/var/lib/docker/volumes/NewVolume/_data","Labels":null,"Scope":"local"}


02:44:38.362 [Test worker] DEBUG o.a.h.i.c.DefaultManagedHttpClientConnection - http-outgoing-110: Close connection
02:44:38.362 [Test worker] DEBUG o.a.h.impl.execchain.MainClientExec - Connection discarded
02:44:38.362 [Test worker] DEBUG c.g.d.j.JerseyDockerCmdExecFactory$1 - Connection released: [id: 110][route: {}->http://localhost:2375][total kept alive: 0; route allocated: 0 of 2; total allocated: 0 of 20]
02:44:38.362 [Test worker] DEBUG c.g.d.core.command.AbstrDockerCmd - Cmd: NewVolume,com.github.dockerjava.jaxrs.InspectVolumeCmdExec@6caa873c
02:44:38.362 [Test worker] DEBUG c.g.d.j.JerseyDockerCmdExecFactory - 3 * Sending client request on thread Test worker
3 > GET http://localhost:2375/volumes/NewVolume
3 > Accept: application/json

02:44:38.363 [Test worker] DEBUG o.a.h.c.protocol.RequestAddCookies - CookieSpec selected: default
02:44:38.363 [Test worker] DEBUG o.a.h.c.protocol.RequestAuthCache - Auth cache not set in the context
02:44:38.363 [Test worker] DEBUG c.g.d.j.JerseyDockerCmdExecFactory$1 - Connection request: [route: {}->http://localhost:2375][total kept alive: 0; route allocated: 0 of 2; total allocated: 0 of 20]
02:44:38.363 [Test worker] DEBUG c.g.d.j.JerseyDockerCmdExecFactory$1 - Connection leased: [id: 111][route: {}->http://localhost:2375][total kept alive: 0; route allocated: 1 of 2; total allocated: 1 of 20]
02:44:38.363 [Test worker] DEBUG o.a.h.impl.execchain.MainClientExec - Opening connection {}->http://localhost:2375
02:44:38.363 [Test worker] DEBUG o.a.h.i.c.DefaultHttpClientConnectionOperator - Connecting to localhost/127.0.0.1:2375
02:44:38.363 [Test worker] DEBUG o.a.h.i.c.DefaultHttpClientConnectionOperator - Connection established 127.0.0.1:57238<->127.0.0.1:2375
02:44:38.363 [Test worker] DEBUG o.a.h.impl.execchain.MainClientExec - Executing request GET /volumes/NewVolume HTTP/1.1
02:44:38.363 [Test worker] DEBUG o.a.h.impl.execchain.MainClientExec - Target auth state: UNCHALLENGED
02:44:38.363 [Test worker] DEBUG o.a.h.impl.execchain.MainClientExec - Proxy auth state: UNCHALLENGED
02:44:38.363 [Test worker] DEBUG org.apache.http.headers - http-outgoing-111 >> GET /volumes/NewVolume HTTP/1.1
02:44:38.364 [Test worker] DEBUG org.apache.http.headers - http-outgoing-111 >> Accept: application/json
02:44:38.364 [Test worker] DEBUG org.apache.http.headers - http-outgoing-111 >> User-Agent: Jersey/2.23.1 (Apache HttpClient 4.5.1)
02:44:38.364 [Test worker] DEBUG org.apache.http.headers - http-outgoing-111 >> Host: localhost:2375
02:44:38.364 [Test worker] DEBUG org.apache.http.headers - http-outgoing-111 >> Connection: Keep-Alive
02:44:38.364 [Test worker] DEBUG org.apache.http.headers - http-outgoing-111 >> Accept-Encoding: gzip,deflate
02:44:38.364 [Test worker] DEBUG org.apache.http.wire - http-outgoing-111 >> "GET /volumes/NewVolume HTTP/1.1[\r][\n]"
02:44:38.364 [Test worker] DEBUG org.apache.http.wire - http-outgoing-111 >> "Accept: application/json[\r][\n]"
02:44:38.364 [Test worker] DEBUG org.apache.http.wire - http-outgoing-111 >> "User-Agent: Jersey/2.23.1 (Apache HttpClient 4.5.1)[\r][\n]"
02:44:38.364 [Test worker] DEBUG org.apache.http.wire - http-outgoing-111 >> "Host: localhost:2375[\r][\n]"
02:44:38.364 [Test worker] DEBUG org.apache.http.wire - http-outgoing-111 >> "Connection: Keep-Alive[\r][\n]"
02:44:38.364 [Test worker] DEBUG org.apache.http.wire - http-outgoing-111 >> "Accept-Encoding: gzip,deflate[\r][\n]"
02:44:38.364 [Test worker] DEBUG org.apache.http.wire - http-outgoing-111 >> "[\r][\n]"
02:44:38.366 [Test worker] DEBUG org.apache.http.wire - http-outgoing-111 << "HTTP/1.1 200 OK[\r][\n]"
02:44:38.366 [Test worker] DEBUG org.apache.http.wire - http-outgoing-111 << "Content-Type: application/json[\r][\n]"
02:44:38.366 [Test worker] DEBUG org.apache.http.wire - http-outgoing-111 << "Server: Docker/1.12.1 (linux)[\r][\n]"
02:44:38.366 [Test worker] DEBUG org.apache.http.wire - http-outgoing-111 << "Date: Tue, 18 Oct 2016 00:44:38 GMT[\r][\n]"
02:44:38.366 [Test worker] DEBUG org.apache.http.wire - http-outgoing-111 << "Content-Length: 123[\r][\n]"
02:44:38.366 [Test worker] DEBUG org.apache.http.wire - http-outgoing-111 << "[\r][\n]"
02:44:38.366 [Test worker] DEBUG org.apache.http.wire - http-outgoing-111 << "{"Name":"NewVolume","Driver":"local","Mountpoint":"/var/lib/docker/volumes/NewVolume/_data","Labels":null,"Scope":"local"}[\n]"
02:44:38.369 [Test worker] DEBUG org.apache.http.headers - http-outgoing-111 << HTTP/1.1 200 OK
02:44:38.369 [Test worker] DEBUG org.apache.http.headers - http-outgoing-111 << Content-Type: application/json
02:44:38.369 [Test worker] DEBUG org.apache.http.headers - http-outgoing-111 << Server: Docker/1.12.1 (linux)
02:44:38.369 [Test worker] DEBUG org.apache.http.headers - http-outgoing-111 << Date: Tue, 18 Oct 2016 00:44:38 GMT
02:44:38.369 [Test worker] DEBUG org.apache.http.headers - http-outgoing-111 << Content-Length: 123
02:44:38.369 [Test worker] DEBUG o.a.h.impl.execchain.MainClientExec - Connection can be kept alive indefinitely
02:44:38.370 [Test worker] DEBUG c.g.d.j.JerseyDockerCmdExecFactory - 4 * Client response received on thread Test worker
4 < 200
4 < Content-Length: 123
4 < Content-Type: application/json
4 < Date: Tue, 18 Oct 2016 00:44:38 GMT
4 < Server: Docker/1.12.1 (linux)
{"Name":"NewVolume","Driver":"local","Mountpoint":"/var/lib/docker/volumes/NewVolume/_data","Labels":null,"Scope":"local"}


02:44:38.372 [Test worker] DEBUG o.a.h.i.c.DefaultManagedHttpClientConnection - http-outgoing-111: Close connection
02:44:38.372 [Test worker] DEBUG o.a.h.impl.execchain.MainClientExec - Connection discarded
02:44:38.372 [Test worker] DEBUG c.g.d.j.JerseyDockerCmdExecFactory$1 - Connection released: [id: 111][route: {}->http://localhost:2375][total kept alive: 0; route allocated: 0 of 2; total allocated: 0 of 20]
02:44:38.374 [Test worker] DEBUG c.g.d.core.command.AbstrDockerCmd - Cmd: NewVolume,com.github.dockerjava.jaxrs.RemoveVolumeCmdExec@21a55d62
02:44:38.383 [Test worker] DEBUG c.g.d.j.JerseyDockerCmdExecFactory - 1 * Sending client request on thread Test worker
1 > DELETE http://localhost:2375/volumes/NewVolume
1 > Accept: application/json

02:44:38.383 [Test worker] DEBUG o.a.h.c.protocol.RequestAddCookies - CookieSpec selected: default
02:44:38.383 [Test worker] DEBUG o.a.h.c.protocol.RequestAuthCache - Auth cache not set in the context
02:44:38.383 [Test worker] DEBUG c.g.d.j.JerseyDockerCmdExecFactory$1 - Connection request: [route: {}->http://localhost:2375][total kept alive: 0; route allocated: 0 of 2; total allocated: 0 of 20]
02:44:38.385 [Test worker] DEBUG c.g.d.j.JerseyDockerCmdExecFactory$1 - Connection leased: [id: 112][route: {}->http://localhost:2375][total kept alive: 0; route allocated: 1 of 2; total allocated: 1 of 20]
02:44:38.385 [Test worker] DEBUG o.a.h.impl.execchain.MainClientExec - Opening connection {}->http://localhost:2375
02:44:38.385 [Test worker] DEBUG o.a.h.i.c.DefaultHttpClientConnectionOperator - Connecting to localhost/127.0.0.1:2375
02:44:38.385 [Test worker] DEBUG o.a.h.i.c.DefaultHttpClientConnectionOperator - Connection established 127.0.0.1:57240<->127.0.0.1:2375
02:44:38.385 [Test worker] DEBUG o.a.h.impl.execchain.MainClientExec - Executing request DELETE /volumes/NewVolume HTTP/1.1
02:44:38.385 [Test worker] DEBUG o.a.h.impl.execchain.MainClientExec - Target auth state: UNCHALLENGED
02:44:38.386 [Test worker] DEBUG o.a.h.impl.execchain.MainClientExec - Proxy auth state: UNCHALLENGED
02:44:38.386 [Test worker] DEBUG org.apache.http.headers - http-outgoing-112 >> DELETE /volumes/NewVolume HTTP/1.1
02:44:38.386 [Test worker] DEBUG org.apache.http.headers - http-outgoing-112 >> Accept: application/json
02:44:38.386 [Test worker] DEBUG org.apache.http.headers - http-outgoing-112 >> User-Agent: Jersey/2.23.1 (Apache HttpClient 4.5.1)
02:44:38.386 [Test worker] DEBUG org.apache.http.headers - http-outgoing-112 >> Host: localhost:2375
02:44:38.386 [Test worker] DEBUG org.apache.http.headers - http-outgoing-112 >> Connection: Keep-Alive
02:44:38.386 [Test worker] DEBUG org.apache.http.headers - http-outgoing-112 >> Accept-Encoding: gzip,deflate
02:44:38.386 [Test worker] DEBUG org.apache.http.wire - http-outgoing-112 >> "DELETE /volumes/NewVolume HTTP/1.1[\r][\n]"
02:44:38.386 [Test worker] DEBUG org.apache.http.wire - http-outgoing-112 >> "Accept: application/json[\r][\n]"
02:44:38.386 [Test worker] DEBUG org.apache.http.wire - http-outgoing-112 >> "User-Agent: Jersey/2.23.1 (Apache HttpClient 4.5.1)[\r][\n]"
02:44:38.386 [Test worker] DEBUG org.apache.http.wire - http-outgoing-112 >> "Host: localhost:2375[\r][\n]"
02:44:38.386 [Test worker] DEBUG org.apache.http.wire - http-outgoing-112 >> "Connection: Keep-Alive[\r][\n]"
02:44:38.386 [Test worker] DEBUG org.apache.http.wire - http-outgoing-112 >> "Accept-Encoding: gzip,deflate[\r][\n]"
02:44:38.386 [Test worker] DEBUG org.apache.http.wire - http-outgoing-112 >> "[\r][\n]"
02:44:38.388 [Test worker] DEBUG org.apache.http.wire - http-outgoing-112 << "HTTP/1.1 204 No Content[\r][\n]"
02:44:38.388 [Test worker] DEBUG org.apache.http.wire - http-outgoing-112 << "Server: Docker/1.12.1 (linux)[\r][\n]"
02:44:38.388 [Test worker] DEBUG org.apache.http.wire - http-outgoing-112 << "Date: Tue, 18 Oct 2016 00:44:38 GMT[\r][\n]"
02:44:38.388 [Test worker] DEBUG org.apache.http.wire - http-outgoing-112 << "[\r][\n]"
02:44:38.388 [Test worker] DEBUG org.apache.http.headers - http-outgoing-112 << HTTP/1.1 204 No Content
02:44:38.388 [Test worker] DEBUG org.apache.http.headers - http-outgoing-112 << Server: Docker/1.12.1 (linux)
02:44:38.388 [Test worker] DEBUG org.apache.http.headers - http-outgoing-112 << Date: Tue, 18 Oct 2016 00:44:38 GMT
02:44:38.389 [Test worker] DEBUG o.a.h.impl.execchain.MainClientExec - Connection can be kept alive indefinitely
02:44:38.389 [Test worker] DEBUG c.g.d.j.JerseyDockerCmdExecFactory$1 - Connection [id: 112][route: {}->http://localhost:2375] can be kept alive indefinitely
02:44:38.389 [Test worker] DEBUG c.g.d.j.JerseyDockerCmdExecFactory$1 - Connection released: [id: 112][route: {}->http://localhost:2375][total kept alive: 1; route allocated: 1 of 2; total allocated: 1 of 20]
02:44:38.389 [Test worker] DEBUG c.g.d.j.JerseyDockerCmdExecFactory - 2 * Client response received on thread Test worker
2 < 204
2 < Date: Tue, 18 Oct 2016 00:44:38 GMT
2 < Server: Docker/1.12.1 (linux)

02:44:38.389 [Test worker] DEBUG c.g.d.core.command.AbstrDockerCmd - Cmd: NewVolume,com.github.dockerjava.jaxrs.InspectVolumeCmdExec@1a91606f
02:44:38.390 [Test worker] DEBUG c.g.d.j.JerseyDockerCmdExecFactory - 5 * Sending client request on thread Test worker
5 > GET http://localhost:2375/volumes/NewVolume
5 > Accept: application/json

02:44:38.390 [Test worker] DEBUG o.a.h.c.protocol.RequestAddCookies - CookieSpec selected: default
02:44:38.390 [Test worker] DEBUG o.a.h.c.protocol.RequestAuthCache - Auth cache not set in the context
02:44:38.390 [Test worker] DEBUG c.g.d.j.JerseyDockerCmdExecFactory$1 - Connection request: [route: {}->http://localhost:2375][total kept alive: 0; route allocated: 0 of 2; total allocated: 0 of 20]
02:44:38.390 [Test worker] DEBUG c.g.d.j.JerseyDockerCmdExecFactory$1 - Connection leased: [id: 113][route: {}->http://localhost:2375][total kept alive: 0; route allocated: 1 of 2; total allocated: 1 of 20]
02:44:38.392 [Test worker] DEBUG o.a.h.impl.execchain.MainClientExec - Opening connection {}->http://localhost:2375
02:44:38.393 [Test worker] DEBUG o.a.h.i.c.DefaultHttpClientConnectionOperator - Connecting to localhost/127.0.0.1:2375
02:44:38.393 [Test worker] DEBUG o.a.h.i.c.DefaultHttpClientConnectionOperator - Connection established 127.0.0.1:57242<->127.0.0.1:2375
02:44:38.393 [Test worker] DEBUG o.a.h.impl.execchain.MainClientExec - Executing request GET /volumes/NewVolume HTTP/1.1
02:44:38.393 [Test worker] DEBUG o.a.h.impl.execchain.MainClientExec - Target auth state: UNCHALLENGED
02:44:38.393 [Test worker] DEBUG o.a.h.impl.execchain.MainClientExec - Proxy auth state: UNCHALLENGED
02:44:38.393 [Test worker] DEBUG org.apache.http.headers - http-outgoing-113 >> GET /volumes/NewVolume HTTP/1.1
02:44:38.393 [Test worker] DEBUG org.apache.http.headers - http-outgoing-113 >> Accept: application/json
02:44:38.393 [Test worker] DEBUG org.apache.http.headers - http-outgoing-113 >> User-Agent: Jersey/2.23.1 (Apache HttpClient 4.5.1)
02:44:38.393 [Test worker] DEBUG org.apache.http.headers - http-outgoing-113 >> Host: localhost:2375
02:44:38.393 [Test worker] DEBUG org.apache.http.headers - http-outgoing-113 >> Connection: Keep-Alive
02:44:38.393 [Test worker] DEBUG org.apache.http.headers - http-outgoing-113 >> Accept-Encoding: gzip,deflate
02:44:38.393 [Test worker] DEBUG org.apache.http.wire - http-outgoing-113 >> "GET /volumes/NewVolume HTTP/1.1[\r][\n]"
02:44:38.393 [Test worker] DEBUG org.apache.http.wire - http-outgoing-113 >> "Accept: application/json[\r][\n]"
02:44:38.393 [Test worker] DEBUG org.apache.http.wire - http-outgoing-113 >> "User-Agent: Jersey/2.23.1 (Apache HttpClient 4.5.1)[\r][\n]"
02:44:38.394 [Test worker] DEBUG org.apache.http.wire - http-outgoing-113 >> "Host: localhost:2375[\r][\n]"
02:44:38.394 [Test worker] DEBUG org.apache.http.wire - http-outgoing-113 >> "Connection: Keep-Alive[\r][\n]"
02:44:38.394 [Test worker] DEBUG org.apache.http.wire - http-outgoing-113 >> "Accept-Encoding: gzip,deflate[\r][\n]"
02:44:38.394 [Test worker] DEBUG org.apache.http.wire - http-outgoing-113 >> "[\r][\n]"
02:44:38.396 [Test worker] DEBUG org.apache.http.wire - http-outgoing-113 << "HTTP/1.1 404 Not Found[\r][\n]"
02:44:38.396 [Test worker] DEBUG org.apache.http.wire - http-outgoing-113 << "Content-Type: application/json[\r][\n]"
02:44:38.396 [Test worker] DEBUG org.apache.http.wire - http-outgoing-113 << "Server: Docker/1.12.1 (linux)[\r][\n]"
02:44:38.396 [Test worker] DEBUG org.apache.http.wire - http-outgoing-113 << "Date: Tue, 18 Oct 2016 00:44:38 GMT[\r][\n]"
02:44:38.396 [Test worker] DEBUG org.apache.http.wire - http-outgoing-113 << "Content-Length: 44[\r][\n]"
02:44:38.396 [Test worker] DEBUG org.apache.http.wire - http-outgoing-113 << "[\r][\n]"
02:44:38.396 [Test worker] DEBUG org.apache.http.wire - http-outgoing-113 << "{"message":"get NewVolume: no such volume"}[\n]"
02:44:38.396 [Test worker] DEBUG org.apache.http.headers - http-outgoing-113 << HTTP/1.1 404 Not Found
02:44:38.396 [Test worker] DEBUG org.apache.http.headers - http-outgoing-113 << Content-Type: application/json
02:44:38.396 [Test worker] DEBUG org.apache.http.headers - http-outgoing-113 << Server: Docker/1.12.1 (linux)
02:44:38.396 [Test worker] DEBUG org.apache.http.headers - http-outgoing-113 << Date: Tue, 18 Oct 2016 00:44:38 GMT
02:44:38.396 [Test worker] DEBUG org.apache.http.headers - http-outgoing-113 << Content-Length: 44
02:44:38.396 [Test worker] DEBUG o.a.h.impl.execchain.MainClientExec - Connection can be kept alive indefinitely
02:44:38.399 [Test worker] DEBUG o.a.h.i.c.DefaultManagedHttpClientConnection - http-outgoing-113: Close connection
02:44:38.399 [Test worker] DEBUG o.a.h.impl.execchain.MainClientExec - Connection discarded
02:44:38.399 [Test worker] DEBUG c.g.d.j.JerseyDockerCmdExecFactory$1 - Connection released: [id: 113][route: {}->http://localhost:2375][total kept alive: 0; route allocated: 0 of 2; total allocated: 0 of 20]
02:44:38.400 [Test worker] DEBUG c.g.d.core.command.AbstrDockerCmd - Cmd: -1,<null>,true,<null>,<null>,com.github.dockerjava.core.util.FiltersBuilder@0,com.github.dockerjava.jaxrs.ListContainersCmdExec@39862775
02:44:38.422 [Test worker] DEBUG c.g.d.j.JerseyDockerCmdExecFactory - 1 * Sending client request on thread Test worker
1 > GET http://localhost:2375/containers/json?all=true
1 > Accept: application/json

02:44:38.423 [Test worker] DEBUG o.a.h.c.protocol.RequestAddCookies - CookieSpec selected: default
02:44:38.423 [Test worker] DEBUG o.a.h.c.protocol.RequestAuthCache - Auth cache not set in the context
02:44:38.423 [Test worker] DEBUG c.g.d.j.JerseyDockerCmdExecFactory$1 - Connection request: [route: {}->http://localhost:2375][total kept alive: 0; route allocated: 0 of 2; total allocated: 0 of 20]
02:44:38.423 [Test worker] DEBUG c.g.d.j.JerseyDockerCmdExecFactory$1 - Connection leased: [id: 114][route: {}->http://localhost:2375][total kept alive: 0; route allocated: 1 of 2; total allocated: 1 of 20]
02:44:38.423 [Test worker] DEBUG o.a.h.impl.execchain.MainClientExec - Opening connection {}->http://localhost:2375
02:44:38.423 [Test worker] DEBUG o.a.h.i.c.DefaultHttpClientConnectionOperator - Connecting to localhost/127.0.0.1:2375
02:44:38.423 [Test worker] DEBUG o.a.h.i.c.DefaultHttpClientConnectionOperator - Connection established 127.0.0.1:57244<->127.0.0.1:2375
02:44:38.424 [Test worker] DEBUG o.a.h.impl.execchain.MainClientExec - Executing request GET /containers/json?all=true HTTP/1.1
02:44:38.424 [Test worker] DEBUG o.a.h.impl.execchain.MainClientExec - Target auth state: UNCHALLENGED
02:44:38.424 [Test worker] DEBUG o.a.h.impl.execchain.MainClientExec - Proxy auth state: UNCHALLENGED
02:44:38.424 [Test worker] DEBUG org.apache.http.headers - http-outgoing-114 >> GET /containers/json?all=true HTTP/1.1
02:44:38.424 [Test worker] DEBUG org.apache.http.headers - http-outgoing-114 >> Accept: application/json
02:44:38.424 [Test worker] DEBUG org.apache.http.headers - http-outgoing-114 >> User-Agent: Jersey/2.23.1 (Apache HttpClient 4.5.1)
02:44:38.424 [Test worker] DEBUG org.apache.http.headers - http-outgoing-114 >> Host: localhost:2375
02:44:38.424 [Test worker] DEBUG org.apache.http.headers - http-outgoing-114 >> Connection: Keep-Alive
02:44:38.424 [Test worker] DEBUG org.apache.http.headers - http-outgoing-114 >> Accept-Encoding: gzip,deflate
02:44:38.424 [Test worker] DEBUG org.apache.http.wire - http-outgoing-114 >> "GET /containers/json?all=true HTTP/1.1[\r][\n]"
02:44:38.424 [Test worker] DEBUG org.apache.http.wire - http-outgoing-114 >> "Accept: application/json[\r][\n]"
02:44:38.424 [Test worker] DEBUG org.apache.http.wire - http-outgoing-114 >> "User-Agent: Jersey/2.23.1 (Apache HttpClient 4.5.1)[\r][\n]"
02:44:38.424 [Test worker] DEBUG org.apache.http.wire - http-outgoing-114 >> "Host: localhost:2375[\r][\n]"
02:44:38.424 [Test worker] DEBUG org.apache.http.wire - http-outgoing-114 >> "Connection: Keep-Alive[\r][\n]"
02:44:38.424 [Test worker] DEBUG org.apache.http.wire - http-outgoing-114 >> "Accept-Encoding: gzip,deflate[\r][\n]"
02:44:38.424 [Test worker] DEBUG org.apache.http.wire - http-outgoing-114 >> "[\r][\n]"
02:44:38.425 [Test worker] DEBUG org.apache.http.wire - http-outgoing-114 << "HTTP/1.1 200 OK[\r][\n]"
02:44:38.425 [Test worker] DEBUG org.apache.http.wire - http-outgoing-114 << "Content-Type: application/json[\r][\n]"
02:44:38.425 [Test worker] DEBUG org.apache.http.wire - http-outgoing-114 << "Server: Docker/1.12.1 (linux)[\r][\n]"
02:44:38.425 [Test worker] DEBUG org.apache.http.wire - http-outgoing-114 << "Date: Tue, 18 Oct 2016 00:44:38 GMT[\r][\n]"
02:44:38.425 [Test worker] DEBUG org.apache.http.wire - http-outgoing-114 << "Content-Length: 3[\r][\n]"
02:44:38.425 [Test worker] DEBUG org.apache.http.wire - http-outgoing-114 << "[\r][\n]"
02:44:38.425 [Test worker] DEBUG org.apache.http.wire - http-outgoing-114 << "[][\n]"
02:44:38.425 [Test worker] DEBUG org.apache.http.headers - http-outgoing-114 << HTTP/1.1 200 OK
02:44:38.425 [Test worker] DEBUG org.apache.http.headers - http-outgoing-114 << Content-Type: application/json
02:44:38.425 [Test worker] DEBUG org.apache.http.headers - http-outgoing-114 << Server: Docker/1.12.1 (linux)
02:44:38.425 [Test worker] DEBUG org.apache.http.headers - http-outgoing-114 << Date: Tue, 18 Oct 2016 00:44:38 GMT
02:44:38.425 [Test worker] DEBUG org.apache.http.headers - http-outgoing-114 << Content-Length: 3
02:44:38.425 [Test worker] DEBUG o.a.h.impl.execchain.MainClientExec - Connection can be kept alive indefinitely
02:44:38.425 [Test worker] DEBUG c.g.d.j.JerseyDockerCmdExecFactory - 2 * Client response received on thread Test worker
2 < 200
2 < Content-Length: 3
2 < Content-Type: application/json
2 < Date: Tue, 18 Oct 2016 00:44:38 GMT
2 < Server: Docker/1.12.1 (linux)
[]


02:44:38.426 [Test worker] DEBUG c.g.d.j.JerseyDockerCmdExecFactory$1 - Connection [id: 114][route: {}->http://localhost:2375] can be kept alive indefinitely
02:44:38.427 [Test worker] DEBUG c.g.d.j.JerseyDockerCmdExecFactory$1 - Connection released: [id: 114][route: {}->http://localhost:2375][total kept alive: 1; route allocated: 1 of 2; total allocated: 1 of 20]
02:44:38.433 [Test worker] DEBUG c.g.d.core.command.AbstrDockerCmd - Cmd: com.github.dockerjava.core.util.FiltersBuilder@0,com.github.dockerjava.jaxrs.ListNetworksCmdExec@24fd0a90
02:44:38.451 [Test worker] DEBUG c.g.d.j.JerseyDockerCmdExecFactory - 1 * Sending client request on thread Test worker
1 > GET http://localhost:2375/networks
1 > Accept: application/json

02:44:38.454 [Test worker] DEBUG o.a.h.c.protocol.RequestAddCookies - CookieSpec selected: default
02:44:38.454 [Test worker] DEBUG o.a.h.c.protocol.RequestAuthCache - Auth cache not set in the context
02:44:38.454 [Test worker] DEBUG c.g.d.j.JerseyDockerCmdExecFactory$1 - Connection request: [route: {}->http://localhost:2375][total kept alive: 0; route allocated: 0 of 2; total allocated: 0 of 20]
02:44:38.454 [Test worker] DEBUG c.g.d.j.JerseyDockerCmdExecFactory$1 - Connection leased: [id: 115][route: {}->http://localhost:2375][total kept alive: 0; route allocated: 1 of 2; total allocated: 1 of 20]
02:44:38.454 [Test worker] DEBUG o.a.h.impl.execchain.MainClientExec - Opening connection {}->http://localhost:2375
02:44:38.454 [Test worker] DEBUG o.a.h.i.c.DefaultHttpClientConnectionOperator - Connecting to localhost/127.0.0.1:2375
02:44:38.455 [Test worker] DEBUG o.a.h.i.c.DefaultHttpClientConnectionOperator - Connection established 127.0.0.1:57246<->127.0.0.1:2375
02:44:38.455 [Test worker] DEBUG o.a.h.impl.execchain.MainClientExec - Executing request GET /networks HTTP/1.1
02:44:38.455 [Test worker] DEBUG o.a.h.impl.execchain.MainClientExec - Target auth state: UNCHALLENGED
02:44:38.455 [Test worker] DEBUG o.a.h.impl.execchain.MainClientExec - Proxy auth state: UNCHALLENGED
02:44:38.455 [Test worker] DEBUG org.apache.http.headers - http-outgoing-115 >> GET /networks HTTP/1.1
02:44:38.455 [Test worker] DEBUG org.apache.http.headers - http-outgoing-115 >> Accept: application/json
02:44:38.455 [Test worker] DEBUG org.apache.http.headers - http-outgoing-115 >> User-Agent: Jersey/2.23.1 (Apache HttpClient 4.5.1)
02:44:38.455 [Test worker] DEBUG org.apache.http.headers - http-outgoing-115 >> Host: localhost:2375
02:44:38.455 [Test worker] DEBUG org.apache.http.headers - http-outgoing-115 >> Connection: Keep-Alive
02:44:38.455 [Test worker] DEBUG org.apache.http.headers - http-outgoing-115 >> Accept-Encoding: gzip,deflate
02:44:38.455 [Test worker] DEBUG org.apache.http.wire - http-outgoing-115 >> "GET /networks HTTP/1.1[\r][\n]"
02:44:38.455 [Test worker] DEBUG org.apache.http.wire - http-outgoing-115 >> "Accept: application/json[\r][\n]"
02:44:38.455 [Test worker] DEBUG org.apache.http.wire - http-outgoing-115 >> "User-Agent: Jersey/2.23.1 (Apache HttpClient 4.5.1)[\r][\n]"
02:44:38.455 [Test worker] DEBUG org.apache.http.wire - http-outgoing-115 >> "Host: localhost:2375[\r][\n]"
02:44:38.455 [Test worker] DEBUG org.apache.http.wire - http-outgoing-115 >> "Connection: Keep-Alive[\r][\n]"
02:44:38.455 [Test worker] DEBUG org.apache.http.wire - http-outgoing-115 >> "Accept-Encoding: gzip,deflate[\r][\n]"
02:44:38.455 [Test worker] DEBUG org.apache.http.wire - http-outgoing-115 >> "[\r][\n]"
02:44:38.456 [Test worker] DEBUG org.apache.http.wire - http-outgoing-115 << "HTTP/1.1 200 OK[\r][\n]"
02:44:38.456 [Test worker] DEBUG org.apache.http.wire - http-outgoing-115 << "Content-Type: application/json[\r][\n]"
02:44:38.456 [Test worker] DEBUG org.apache.http.wire - http-outgoing-115 << "Server: Docker/1.12.1 (linux)[\r][\n]"
02:44:38.456 [Test worker] DEBUG org.apache.http.wire - http-outgoing-115 << "Date: Tue, 18 Oct 2016 00:44:38 GMT[\r][\n]"
02:44:38.456 [Test worker] DEBUG org.apache.http.wire - http-outgoing-115 << "Content-Length: 1100[\r][\n]"
02:44:38.456 [Test worker] DEBUG org.apache.http.wire - http-outgoing-115 << "[\r][\n]"
02:44:38.456 [Test worker] DEBUG org.apache.http.wire - http-outgoing-115 << "[{"Name":"bridge","Id":"90941628611ab58d4fa4db6bcd1806afb9bf994c4562bea7ae3dc9153b373da5","Scope":"local","Driver":"bridge","EnableIPv6":false,"IPAM":{"Driver":"default","Options":null,"Config":[{"Subnet":"172.17.0.0/16","Gateway":"172.17.0.1"}]},"Internal":false,"Containers":{},"Options":{"com.docker.network.bridge.default_bridge":"true","com.docker.network.bridge.enable_icc":"true","com.docker.network.bridge.enable_ip_masquerade":"true","com.docker.network.bridge.host_binding_ipv4":"0.0.0.0","com.docker.network.bridge.name":"docker0","com.docker.network.driver.mtu":"1500"},"Labels":{}},{"Name":"none","Id":"4d89c194eb79cd2beb38458d10a1b98c74d6b8462af72afde29ae7aca53ed5ca","Scope":"local","Driver":"null","EnableIPv6":false,"IPAM":{"Driver":"default","Options":null,"Config":[]},"Internal":false,"Containers":{},"Options":{},"Labels":{}},{"Name":"host","Id":"fe042b0866671b5be4f097ba43830c0a02959c058702d18e18c14a24d88a357d","Scope":"local","Driver":"host","EnableIPv6":false,"IPAM":{"Driver":"default","Options":null,"Config":[]},"Internal":false,"Containers":{},"Options":{},"Labels":{}}][\n]"
02:44:38.456 [Test worker] DEBUG org.apache.http.headers - http-outgoing-115 << HTTP/1.1 200 OK
02:44:38.456 [Test worker] DEBUG org.apache.http.headers - http-outgoing-115 << Content-Type: application/json
02:44:38.456 [Test worker] DEBUG org.apache.http.headers - http-outgoing-115 << Server: Docker/1.12.1 (linux)
02:44:38.456 [Test worker] DEBUG org.apache.http.headers - http-outgoing-115 << Date: Tue, 18 Oct 2016 00:44:38 GMT
02:44:38.456 [Test worker] DEBUG org.apache.http.headers - http-outgoing-115 << Content-Length: 1100
02:44:38.456 [Test worker] DEBUG o.a.h.impl.execchain.MainClientExec - Connection can be kept alive indefinitely
02:44:38.457 [Test worker] DEBUG c.g.d.j.JerseyDockerCmdExecFactory - 2 * Client response received on thread Test worker
2 < 200
2 < Content-Length: 1100
2 < Content-Type: application/json
2 < Date: Tue, 18 Oct 2016 00:44:38 GMT
2 < Server: Docker/1.12.1 (linux)
[{"Name":"bridge","Id":"90941628611ab58d4fa4db6bcd1806afb9bf994c4562bea7ae3dc9153b373da5","Scope":"local","Driver":"bridge","EnableIPv6":false,"IPAM":{"Driver":"default","Options":null,"Config":[{"Subnet":"172.17.0.0/16","Gateway":"172.17.0.1"}]},"Internal":false,"Containers":{},"Options":{"com.docker.network.bridge.default_bridge":"true","com.docker.network.bridge.enable_icc":"true","com.docker.network.bridge.enable_ip_masquerade":"true","com.docker.network.bridge.host_binding_ipv4":"0.0.0.0","com.docker.network.bridge.name":"docker0","com.docker.network.driver.mtu":"1500"},"Labels":{}},{"Name":"none","Id":"4d89c194eb79cd2beb38458d10a1b98c74d6b8462af72afde29ae7aca53ed5ca","Scope":"local","Driver":"null","EnableIPv6":false,"IPAM":{"Driver":"default","Options":null,"Config":[]},"Internal":false,"Containers":{},"Options":{},"Labels":{}},{"Name":"host","Id":"fe042b0866671b5be4f097ba43830c0a02959c058702d18e18c14a24d88a357d","Scope":"local","Driver":"host","EnableIPv6":false,"IPAM":{"Driver":"default","Options":null,"Config":[]},"Internal":false,"Containers":{},"Options":{},"Labels":{}}]


02:44:38.459 [Test worker] DEBUG o.a.h.i.c.DefaultManagedHttpClientConnection - http-outgoing-115: Close connection
02:44:38.461 [Test worker] DEBUG o.a.h.impl.execchain.MainClientExec - Connection discarded
02:44:38.461 [Test worker] DEBUG c.g.d.j.JerseyDockerCmdExecFactory$1 - Connection released: [id: 115][route: {}->http://localhost:2375][total kept alive: 0; route allocated: 0 of 2; total allocated: 0 of 20]
02:44:38.461 [Test worker] DEBUG c.g.d.core.command.AbstrDockerCmd - Cmd: com.github.dockerjava.core.util.FiltersBuilder@0,com.github.dockerjava.jaxrs.ListVolumesCmdExec@6ee7d685
02:44:38.466 [Test worker] DEBUG c.g.d.j.JerseyDockerCmdExecFactory - 6 * Sending client request on thread Test worker
6 > GET http://localhost:2375/volumes
6 > Accept: application/json

02:44:38.466 [Test worker] DEBUG o.a.h.c.protocol.RequestAddCookies - CookieSpec selected: default
02:44:38.466 [Test worker] DEBUG o.a.h.c.protocol.RequestAuthCache - Auth cache not set in the context
02:44:38.466 [Test worker] DEBUG c.g.d.j.JerseyDockerCmdExecFactory$1 - Connection request: [route: {}->http://localhost:2375][total kept alive: 0; route allocated: 0 of 2; total allocated: 0 of 20]
02:44:38.466 [Test worker] DEBUG c.g.d.j.JerseyDockerCmdExecFactory$1 - Connection leased: [id: 116][route: {}->http://localhost:2375][total kept alive: 0; route allocated: 1 of 2; total allocated: 1 of 20]
02:44:38.466 [Test worker] DEBUG o.a.h.impl.execchain.MainClientExec - Opening connection {}->http://localhost:2375
02:44:38.466 [Test worker] DEBUG o.a.h.i.c.DefaultHttpClientConnectionOperator - Connecting to localhost/127.0.0.1:2375
02:44:38.467 [Test worker] DEBUG o.a.h.i.c.DefaultHttpClientConnectionOperator - Connection established 127.0.0.1:57248<->127.0.0.1:2375
02:44:38.467 [Test worker] DEBUG o.a.h.impl.execchain.MainClientExec - Executing request GET /volumes HTTP/1.1
02:44:38.467 [Test worker] DEBUG o.a.h.impl.execchain.MainClientExec - Target auth state: UNCHALLENGED
02:44:38.467 [Test worker] DEBUG o.a.h.impl.execchain.MainClientExec - Proxy auth state: UNCHALLENGED
02:44:38.467 [Test worker] DEBUG org.apache.http.headers - http-outgoing-116 >> GET /volumes HTTP/1.1
02:44:38.467 [Test worker] DEBUG org.apache.http.headers - http-outgoing-116 >> Accept: application/json
02:44:38.467 [Test worker] DEBUG org.apache.http.headers - http-outgoing-116 >> User-Agent: Jersey/2.23.1 (Apache HttpClient 4.5.1)
02:44:38.467 [Test worker] DEBUG org.apache.http.headers - http-outgoing-116 >> Host: localhost:2375
02:44:38.467 [Test worker] DEBUG org.apache.http.headers - http-outgoing-116 >> Connection: Keep-Alive
02:44:38.467 [Test worker] DEBUG org.apache.http.headers - http-outgoing-116 >> Accept-Encoding: gzip,deflate
02:44:38.467 [Test worker] DEBUG org.apache.http.wire - http-outgoing-116 >> "GET /volumes HTTP/1.1[\r][\n]"
02:44:38.467 [Test worker] DEBUG org.apache.http.wire - http-outgoing-116 >> "Accept: application/json[\r][\n]"
02:44:38.467 [Test worker] DEBUG org.apache.http.wire - http-outgoing-116 >> "User-Agent: Jersey/2.23.1 (Apache HttpClient 4.5.1)[\r][\n]"
02:44:38.467 [Test worker] DEBUG org.apache.http.wire - http-outgoing-116 >> "Host: localhost:2375[\r][\n]"
02:44:38.467 [Test worker] DEBUG org.apache.http.wire - http-outgoing-116 >> "Connection: Keep-Alive[\r][\n]"
02:44:38.468 [Test worker] DEBUG org.apache.http.wire - http-outgoing-116 >> "Accept-Encoding: gzip,deflate[\r][\n]"
02:44:38.468 [Test worker] DEBUG org.apache.http.wire - http-outgoing-116 >> "[\r][\n]"
02:44:38.468 [Test worker] DEBUG org.apache.http.wire - http-outgoing-116 << "HTTP/1.1 200 OK[\r][\n]"
02:44:38.468 [Test worker] DEBUG org.apache.http.wire - http-outgoing-116 << "Content-Type: application/json[\r][\n]"
02:44:38.468 [Test worker] DEBUG org.apache.http.wire - http-outgoing-116 << "Server: Docker/1.12.1 (linux)[\r][\n]"
02:44:38.468 [Test worker] DEBUG org.apache.http.wire - http-outgoing-116 << "Date: Tue, 18 Oct 2016 00:44:38 GMT[\r][\n]"
02:44:38.468 [Test worker] DEBUG org.apache.http.wire - http-outgoing-116 << "Content-Length: 33[\r][\n]"
02:44:38.468 [Test worker] DEBUG org.apache.http.wire - http-outgoing-116 << "[\r][\n]"
02:44:38.468 [Test worker] DEBUG org.apache.http.wire - http-outgoing-116 << "{"Volumes":null,"Warnings":null}[\n]"
02:44:38.468 [Test worker] DEBUG org.apache.http.headers - http-outgoing-116 << HTTP/1.1 200 OK
02:44:38.468 [Test worker] DEBUG org.apache.http.headers - http-outgoing-116 << Content-Type: application/json
02:44:38.468 [Test worker] DEBUG org.apache.http.headers - http-outgoing-116 << Server: Docker/1.12.1 (linux)
02:44:38.468 [Test worker] DEBUG org.apache.http.headers - http-outgoing-116 << Date: Tue, 18 Oct 2016 00:44:38 GMT
02:44:38.468 [Test worker] DEBUG org.apache.http.headers - http-outgoing-116 << Content-Length: 33
02:44:38.469 [Test worker] DEBUG o.a.h.impl.execchain.MainClientExec - Connection can be kept alive indefinitely
02:44:38.469 [Test worker] DEBUG c.g.d.j.JerseyDockerCmdExecFactory - 7 * Client response received on thread Test worker
7 < 200
7 < Content-Length: 33
7 < Content-Type: application/json
7 < Date: Tue, 18 Oct 2016 00:44:38 GMT
7 < Server: Docker/1.12.1 (linux)
{"Volumes":null,"Warnings":null}


02:44:38.469 [Test worker] DEBUG o.a.h.i.c.DefaultManagedHttpClientConnection - http-outgoing-116: Close connection
02:44:38.469 [Test worker] DEBUG o.a.h.impl.execchain.MainClientExec - Connection discarded
02:44:38.469 [Test worker] DEBUG c.g.d.j.JerseyDockerCmdExecFactory$1 - Connection released: [id: 116][route: {}->http://localhost:2375][total kept alive: 0; route allocated: 0 of 2; total allocated: 0 of 20]
02:44:38.470 [Test worker] DEBUG org.openbaton.docker.DockerVim - Loading properties
02:44:38.470 [Test worker] DEBUG org.openbaton.docker.DockerVim - Loaded properties: {type=docker}
02:44:38.474 [Test worker] DEBUG c.g.d.core.command.AbstrDockerCmd - Cmd: -1,<null>,true,<null>,<null>,com.github.dockerjava.core.util.FiltersBuilder@0,com.github.dockerjava.jaxrs.ListContainersCmdExec@30a50905
02:44:38.485 [Test worker] DEBUG c.g.d.j.JerseyDockerCmdExecFactory - 1 * Sending client request on thread Test worker
1 > GET http://localhost:2375/containers/json?all=true
1 > Accept: application/json

02:44:38.486 [Test worker] DEBUG o.a.h.c.protocol.RequestAddCookies - CookieSpec selected: default
02:44:38.486 [Test worker] DEBUG o.a.h.c.protocol.RequestAuthCache - Auth cache not set in the context
02:44:38.486 [Test worker] DEBUG c.g.d.j.JerseyDockerCmdExecFactory$1 - Connection request: [route: {}->http://localhost:2375][total kept alive: 0; route allocated: 0 of 2; total allocated: 0 of 20]
02:44:38.486 [Test worker] DEBUG c.g.d.j.JerseyDockerCmdExecFactory$1 - Connection leased: [id: 117][route: {}->http://localhost:2375][total kept alive: 0; route allocated: 1 of 2; total allocated: 1 of 20]
02:44:38.486 [Test worker] DEBUG o.a.h.impl.execchain.MainClientExec - Opening connection {}->http://localhost:2375
02:44:38.486 [Test worker] DEBUG o.a.h.i.c.DefaultHttpClientConnectionOperator - Connecting to localhost/127.0.0.1:2375
02:44:38.486 [Test worker] DEBUG o.a.h.i.c.DefaultHttpClientConnectionOperator - Connection established 127.0.0.1:57250<->127.0.0.1:2375
02:44:38.486 [Test worker] DEBUG o.a.h.impl.execchain.MainClientExec - Executing request GET /containers/json?all=true HTTP/1.1
02:44:38.486 [Test worker] DEBUG o.a.h.impl.execchain.MainClientExec - Target auth state: UNCHALLENGED
02:44:38.486 [Test worker] DEBUG o.a.h.impl.execchain.MainClientExec - Proxy auth state: UNCHALLENGED
02:44:38.487 [Test worker] DEBUG org.apache.http.headers - http-outgoing-117 >> GET /containers/json?all=true HTTP/1.1
02:44:38.487 [Test worker] DEBUG org.apache.http.headers - http-outgoing-117 >> Accept: application/json
02:44:38.487 [Test worker] DEBUG org.apache.http.headers - http-outgoing-117 >> User-Agent: Jersey/2.23.1 (Apache HttpClient 4.5.1)
02:44:38.487 [Test worker] DEBUG org.apache.http.headers - http-outgoing-117 >> Host: localhost:2375
02:44:38.487 [Test worker] DEBUG org.apache.http.headers - http-outgoing-117 >> Connection: Keep-Alive
02:44:38.487 [Test worker] DEBUG org.apache.http.headers - http-outgoing-117 >> Accept-Encoding: gzip,deflate
02:44:38.487 [Test worker] DEBUG org.apache.http.wire - http-outgoing-117 >> "GET /containers/json?all=true HTTP/1.1[\r][\n]"
02:44:38.487 [Test worker] DEBUG org.apache.http.wire - http-outgoing-117 >> "Accept: application/json[\r][\n]"
02:44:38.487 [Test worker] DEBUG org.apache.http.wire - http-outgoing-117 >> "User-Agent: Jersey/2.23.1 (Apache HttpClient 4.5.1)[\r][\n]"
02:44:38.487 [Test worker] DEBUG org.apache.http.wire - http-outgoing-117 >> "Host: localhost:2375[\r][\n]"
02:44:38.487 [Test worker] DEBUG org.apache.http.wire - http-outgoing-117 >> "Connection: Keep-Alive[\r][\n]"
02:44:38.487 [Test worker] DEBUG org.apache.http.wire - http-outgoing-117 >> "Accept-Encoding: gzip,deflate[\r][\n]"
02:44:38.487 [Test worker] DEBUG org.apache.http.wire - http-outgoing-117 >> "[\r][\n]"
02:44:38.487 [Test worker] DEBUG org.apache.http.wire - http-outgoing-117 << "HTTP/1.1 200 OK[\r][\n]"
02:44:38.487 [Test worker] DEBUG org.apache.http.wire - http-outgoing-117 << "Content-Type: application/json[\r][\n]"
02:44:38.488 [Test worker] DEBUG org.apache.http.wire - http-outgoing-117 << "Server: Docker/1.12.1 (linux)[\r][\n]"
02:44:38.488 [Test worker] DEBUG org.apache.http.wire - http-outgoing-117 << "Date: Tue, 18 Oct 2016 00:44:38 GMT[\r][\n]"
02:44:38.488 [Test worker] DEBUG org.apache.http.wire - http-outgoing-117 << "Content-Length: 3[\r][\n]"
02:44:38.488 [Test worker] DEBUG org.apache.http.wire - http-outgoing-117 << "[\r][\n]"
02:44:38.488 [Test worker] DEBUG org.apache.http.wire - http-outgoing-117 << "[][\n]"
02:44:38.488 [Test worker] DEBUG org.apache.http.headers - http-outgoing-117 << HTTP/1.1 200 OK
02:44:38.488 [Test worker] DEBUG org.apache.http.headers - http-outgoing-117 << Content-Type: application/json
02:44:38.488 [Test worker] DEBUG org.apache.http.headers - http-outgoing-117 << Server: Docker/1.12.1 (linux)
02:44:38.488 [Test worker] DEBUG org.apache.http.headers - http-outgoing-117 << Date: Tue, 18 Oct 2016 00:44:38 GMT
02:44:38.488 [Test worker] DEBUG org.apache.http.headers - http-outgoing-117 << Content-Length: 3
02:44:38.488 [Test worker] DEBUG o.a.h.impl.execchain.MainClientExec - Connection can be kept alive indefinitely
02:44:38.488 [Test worker] DEBUG c.g.d.j.JerseyDockerCmdExecFactory - 2 * Client response received on thread Test worker
2 < 200
2 < Content-Length: 3
2 < Content-Type: application/json
2 < Date: Tue, 18 Oct 2016 00:44:38 GMT
2 < Server: Docker/1.12.1 (linux)
[]


02:44:38.489 [Test worker] DEBUG c.g.d.j.JerseyDockerCmdExecFactory$1 - Connection [id: 117][route: {}->http://localhost:2375] can be kept alive indefinitely
02:44:38.489 [Test worker] DEBUG c.g.d.j.JerseyDockerCmdExecFactory$1 - Connection released: [id: 117][route: {}->http://localhost:2375][total kept alive: 1; route allocated: 1 of 2; total allocated: 1 of 20]
02:44:38.504 [Test worker] DEBUG c.g.d.core.command.AbstrDockerCmd - Cmd: com.github.dockerjava.core.util.FiltersBuilder@0,com.github.dockerjava.jaxrs.ListNetworksCmdExec@298a6420
02:44:38.512 [Test worker] DEBUG c.g.d.j.JerseyDockerCmdExecFactory - 1 * Sending client request on thread Test worker
1 > GET http://localhost:2375/networks
1 > Accept: application/json

02:44:38.512 [Test worker] DEBUG o.a.h.c.protocol.RequestAddCookies - CookieSpec selected: default
02:44:38.512 [Test worker] DEBUG o.a.h.c.protocol.RequestAuthCache - Auth cache not set in the context
02:44:38.512 [Test worker] DEBUG c.g.d.j.JerseyDockerCmdExecFactory$1 - Connection request: [route: {}->http://localhost:2375][total kept alive: 0; route allocated: 0 of 2; total allocated: 0 of 20]
02:44:38.513 [Test worker] DEBUG c.g.d.j.JerseyDockerCmdExecFactory$1 - Connection leased: [id: 118][route: {}->http://localhost:2375][total kept alive: 0; route allocated: 1 of 2; total allocated: 1 of 20]
02:44:38.513 [Test worker] DEBUG o.a.h.impl.execchain.MainClientExec - Opening connection {}->http://localhost:2375
02:44:38.513 [Test worker] DEBUG o.a.h.i.c.DefaultHttpClientConnectionOperator - Connecting to localhost/127.0.0.1:2375
02:44:38.513 [Test worker] DEBUG o.a.h.i.c.DefaultHttpClientConnectionOperator - Connection established 127.0.0.1:57252<->127.0.0.1:2375
02:44:38.513 [Test worker] DEBUG o.a.h.impl.execchain.MainClientExec - Executing request GET /networks HTTP/1.1
02:44:38.513 [Test worker] DEBUG o.a.h.impl.execchain.MainClientExec - Target auth state: UNCHALLENGED
02:44:38.513 [Test worker] DEBUG o.a.h.impl.execchain.MainClientExec - Proxy auth state: UNCHALLENGED
02:44:38.513 [Test worker] DEBUG org.apache.http.headers - http-outgoing-118 >> GET /networks HTTP/1.1
02:44:38.513 [Test worker] DEBUG org.apache.http.headers - http-outgoing-118 >> Accept: application/json
02:44:38.513 [Test worker] DEBUG org.apache.http.headers - http-outgoing-118 >> User-Agent: Jersey/2.23.1 (Apache HttpClient 4.5.1)
02:44:38.513 [Test worker] DEBUG org.apache.http.headers - http-outgoing-118 >> Host: localhost:2375
02:44:38.513 [Test worker] DEBUG org.apache.http.headers - http-outgoing-118 >> Connection: Keep-Alive
02:44:38.513 [Test worker] DEBUG org.apache.http.headers - http-outgoing-118 >> Accept-Encoding: gzip,deflate
02:44:38.514 [Test worker] DEBUG org.apache.http.wire - http-outgoing-118 >> "GET /networks HTTP/1.1[\r][\n]"
02:44:38.514 [Test worker] DEBUG org.apache.http.wire - http-outgoing-118 >> "Accept: application/json[\r][\n]"
02:44:38.514 [Test worker] DEBUG org.apache.http.wire - http-outgoing-118 >> "User-Agent: Jersey/2.23.1 (Apache HttpClient 4.5.1)[\r][\n]"
02:44:38.514 [Test worker] DEBUG org.apache.http.wire - http-outgoing-118 >> "Host: localhost:2375[\r][\n]"
02:44:38.514 [Test worker] DEBUG org.apache.http.wire - http-outgoing-118 >> "Connection: Keep-Alive[\r][\n]"
02:44:38.514 [Test worker] DEBUG org.apache.http.wire - http-outgoing-118 >> "Accept-Encoding: gzip,deflate[\r][\n]"
02:44:38.514 [Test worker] DEBUG org.apache.http.wire - http-outgoing-118 >> "[\r][\n]"
02:44:38.514 [Test worker] DEBUG org.apache.http.wire - http-outgoing-118 << "HTTP/1.1 200 OK[\r][\n]"
02:44:38.514 [Test worker] DEBUG org.apache.http.wire - http-outgoing-118 << "Content-Type: application/json[\r][\n]"
02:44:38.514 [Test worker] DEBUG org.apache.http.wire - http-outgoing-118 << "Server: Docker/1.12.1 (linux)[\r][\n]"
02:44:38.514 [Test worker] DEBUG org.apache.http.wire - http-outgoing-118 << "Date: Tue, 18 Oct 2016 00:44:38 GMT[\r][\n]"
02:44:38.514 [Test worker] DEBUG org.apache.http.wire - http-outgoing-118 << "Content-Length: 1100[\r][\n]"
02:44:38.515 [Test worker] DEBUG org.apache.http.wire - http-outgoing-118 << "[\r][\n]"
02:44:38.515 [Test worker] DEBUG org.apache.http.wire - http-outgoing-118 << "[{"Name":"bridge","Id":"90941628611ab58d4fa4db6bcd1806afb9bf994c4562bea7ae3dc9153b373da5","Scope":"local","Driver":"bridge","EnableIPv6":false,"IPAM":{"Driver":"default","Options":null,"Config":[{"Subnet":"172.17.0.0/16","Gateway":"172.17.0.1"}]},"Internal":false,"Containers":{},"Options":{"com.docker.network.bridge.default_bridge":"true","com.docker.network.bridge.enable_icc":"true","com.docker.network.bridge.enable_ip_masquerade":"true","com.docker.network.bridge.host_binding_ipv4":"0.0.0.0","com.docker.network.bridge.name":"docker0","com.docker.network.driver.mtu":"1500"},"Labels":{}},{"Name":"none","Id":"4d89c194eb79cd2beb38458d10a1b98c74d6b8462af72afde29ae7aca53ed5ca","Scope":"local","Driver":"null","EnableIPv6":false,"IPAM":{"Driver":"default","Options":null,"Config":[]},"Internal":false,"Containers":{},"Options":{},"Labels":{}},{"Name":"host","Id":"fe042b0866671b5be4f097ba43830c0a02959c058702d18e18c14a24d88a357d","Scope":"local","Driver":"host","EnableIPv6":false,"IPAM":{"Driver":"default","Options":null,"Config":[]},"Internal":false,"Containers":{},"Options":{},"Labels":{}}][\n]"
02:44:38.515 [Test worker] DEBUG org.apache.http.headers - http-outgoing-118 << HTTP/1.1 200 OK
02:44:38.515 [Test worker] DEBUG org.apache.http.headers - http-outgoing-118 << Content-Type: application/json
02:44:38.515 [Test worker] DEBUG org.apache.http.headers - http-outgoing-118 << Server: Docker/1.12.1 (linux)
02:44:38.515 [Test worker] DEBUG org.apache.http.headers - http-outgoing-118 << Date: Tue, 18 Oct 2016 00:44:38 GMT
02:44:38.515 [Test worker] DEBUG org.apache.http.headers - http-outgoing-118 << Content-Length: 1100
02:44:38.515 [Test worker] DEBUG o.a.h.impl.execchain.MainClientExec - Connection can be kept alive indefinitely
02:44:38.515 [Test worker] DEBUG c.g.d.j.JerseyDockerCmdExecFactory - 2 * Client response received on thread Test worker
2 < 200
2 < Content-Length: 1100
2 < Content-Type: application/json
2 < Date: Tue, 18 Oct 2016 00:44:38 GMT
2 < Server: Docker/1.12.1 (linux)
[{"Name":"bridge","Id":"90941628611ab58d4fa4db6bcd1806afb9bf994c4562bea7ae3dc9153b373da5","Scope":"local","Driver":"bridge","EnableIPv6":false,"IPAM":{"Driver":"default","Options":null,"Config":[{"Subnet":"172.17.0.0/16","Gateway":"172.17.0.1"}]},"Internal":false,"Containers":{},"Options":{"com.docker.network.bridge.default_bridge":"true","com.docker.network.bridge.enable_icc":"true","com.docker.network.bridge.enable_ip_masquerade":"true","com.docker.network.bridge.host_binding_ipv4":"0.0.0.0","com.docker.network.bridge.name":"docker0","com.docker.network.driver.mtu":"1500"},"Labels":{}},{"Name":"none","Id":"4d89c194eb79cd2beb38458d10a1b98c74d6b8462af72afde29ae7aca53ed5ca","Scope":"local","Driver":"null","EnableIPv6":false,"IPAM":{"Driver":"default","Options":null,"Config":[]},"Internal":false,"Containers":{},"Options":{},"Labels":{}},{"Name":"host","Id":"fe042b0866671b5be4f097ba43830c0a02959c058702d18e18c14a24d88a357d","Scope":"local","Driver":"host","EnableIPv6":false,"IPAM":{"Driver":"default","Options":null,"Config":[]},"Internal":false,"Containers":{},"Options":{},"Labels":{}}]


02:44:38.518 [Test worker] DEBUG o.a.h.i.c.DefaultManagedHttpClientConnection - http-outgoing-118: Close connection
02:44:38.518 [Test worker] DEBUG o.a.h.impl.execchain.MainClientExec - Connection discarded
02:44:38.518 [Test worker] DEBUG c.g.d.j.JerseyDockerCmdExecFactory$1 - Connection released: [id: 118][route: {}->http://localhost:2375][total kept alive: 0; route allocated: 0 of 2; total allocated: 0 of 20]
02:44:38.518 [Test worker] DEBUG c.g.d.core.command.AbstrDockerCmd - Cmd: com.github.dockerjava.core.util.FiltersBuilder@0,com.github.dockerjava.jaxrs.ListVolumesCmdExec@74b293e8
02:44:38.548 [Test worker] DEBUG c.g.d.j.JerseyDockerCmdExecFactory - 1 * Sending client request on thread Test worker
1 > GET http://localhost:2375/volumes
1 > Accept: application/json

02:44:38.549 [Test worker] DEBUG o.a.h.c.protocol.RequestAddCookies - CookieSpec selected: default
02:44:38.549 [Test worker] DEBUG o.a.h.c.protocol.RequestAuthCache - Auth cache not set in the context
02:44:38.549 [Test worker] DEBUG c.g.d.j.JerseyDockerCmdExecFactory$1 - Connection request: [route: {}->http://localhost:2375][total kept alive: 0; route allocated: 0 of 2; total allocated: 0 of 20]
02:44:38.549 [Test worker] DEBUG c.g.d.j.JerseyDockerCmdExecFactory$1 - Connection leased: [id: 119][route: {}->http://localhost:2375][total kept alive: 0; route allocated: 1 of 2; total allocated: 1 of 20]
02:44:38.550 [Test worker] DEBUG o.a.h.impl.execchain.MainClientExec - Opening connection {}->http://localhost:2375
02:44:38.550 [Test worker] DEBUG o.a.h.i.c.DefaultHttpClientConnectionOperator - Connecting to localhost/127.0.0.1:2375
02:44:38.553 [Test worker] DEBUG o.a.h.i.c.DefaultHttpClientConnectionOperator - Connection established 127.0.0.1:57254<->127.0.0.1:2375
02:44:38.553 [Test worker] DEBUG o.a.h.impl.execchain.MainClientExec - Executing request GET /volumes HTTP/1.1
02:44:38.554 [Test worker] DEBUG o.a.h.impl.execchain.MainClientExec - Target auth state: UNCHALLENGED
02:44:38.554 [Test worker] DEBUG o.a.h.impl.execchain.MainClientExec - Proxy auth state: UNCHALLENGED
02:44:38.554 [Test worker] DEBUG org.apache.http.headers - http-outgoing-119 >> GET /volumes HTTP/1.1
02:44:38.554 [Test worker] DEBUG org.apache.http.headers - http-outgoing-119 >> Accept: application/json
02:44:38.554 [Test worker] DEBUG org.apache.http.headers - http-outgoing-119 >> User-Agent: Jersey/2.23.1 (Apache HttpClient 4.5.1)
02:44:38.554 [Test worker] DEBUG org.apache.http.headers - http-outgoing-119 >> Host: localhost:2375
02:44:38.554 [Test worker] DEBUG org.apache.http.headers - http-outgoing-119 >> Connection: Keep-Alive
02:44:38.554 [Test worker] DEBUG org.apache.http.headers - http-outgoing-119 >> Accept-Encoding: gzip,deflate
02:44:38.554 [Test worker] DEBUG org.apache.http.wire - http-outgoing-119 >> "GET /volumes HTTP/1.1[\r][\n]"
02:44:38.554 [Test worker] DEBUG org.apache.http.wire - http-outgoing-119 >> "Accept: application/json[\r][\n]"
02:44:38.554 [Test worker] DEBUG org.apache.http.wire - http-outgoing-119 >> "User-Agent: Jersey/2.23.1 (Apache HttpClient 4.5.1)[\r][\n]"
02:44:38.554 [Test worker] DEBUG org.apache.http.wire - http-outgoing-119 >> "Host: localhost:2375[\r][\n]"
02:44:38.554 [Test worker] DEBUG org.apache.http.wire - http-outgoing-119 >> "Connection: Keep-Alive[\r][\n]"
02:44:38.554 [Test worker] DEBUG org.apache.http.wire - http-outgoing-119 >> "Accept-Encoding: gzip,deflate[\r][\n]"
02:44:38.554 [Test worker] DEBUG org.apache.http.wire - http-outgoing-119 >> "[\r][\n]"
02:44:38.555 [Test worker] DEBUG org.apache.http.wire - http-outgoing-119 << "HTTP/1.1 200 OK[\r][\n]"
02:44:38.555 [Test worker] DEBUG org.apache.http.wire - http-outgoing-119 << "Content-Type: application/json[\r][\n]"
02:44:38.555 [Test worker] DEBUG org.apache.http.wire - http-outgoing-119 << "Server: Docker/1.12.1 (linux)[\r][\n]"
02:44:38.555 [Test worker] DEBUG org.apache.http.wire - http-outgoing-119 << "Date: Tue, 18 Oct 2016 00:44:38 GMT[\r][\n]"
02:44:38.555 [Test worker] DEBUG org.apache.http.wire - http-outgoing-119 << "Content-Length: 33[\r][\n]"
02:44:38.555 [Test worker] DEBUG org.apache.http.wire - http-outgoing-119 << "[\r][\n]"
02:44:38.555 [Test worker] DEBUG org.apache.http.wire - http-outgoing-119 << "{"Volumes":null,"Warnings":null}[\n]"
02:44:38.555 [Test worker] DEBUG org.apache.http.headers - http-outgoing-119 << HTTP/1.1 200 OK
02:44:38.555 [Test worker] DEBUG org.apache.http.headers - http-outgoing-119 << Content-Type: application/json
02:44:38.555 [Test worker] DEBUG org.apache.http.headers - http-outgoing-119 << Server: Docker/1.12.1 (linux)
02:44:38.555 [Test worker] DEBUG org.apache.http.headers - http-outgoing-119 << Date: Tue, 18 Oct 2016 00:44:38 GMT
02:44:38.555 [Test worker] DEBUG org.apache.http.headers - http-outgoing-119 << Content-Length: 33
02:44:38.555 [Test worker] DEBUG o.a.h.impl.execchain.MainClientExec - Connection can be kept alive indefinitely
02:44:38.555 [Test worker] DEBUG c.g.d.j.JerseyDockerCmdExecFactory - 2 * Client response received on thread Test worker
2 < 200
2 < Content-Length: 33
2 < Content-Type: application/json
2 < Date: Tue, 18 Oct 2016 00:44:38 GMT
2 < Server: Docker/1.12.1 (linux)
{"Volumes":null,"Warnings":null}


02:44:38.559 [Test worker] DEBUG o.a.h.i.c.DefaultManagedHttpClientConnection - http-outgoing-119: Close connection
02:44:38.560 [Test worker] DEBUG o.a.h.impl.execchain.MainClientExec - Connection discarded
02:44:38.560 [Test worker] DEBUG c.g.d.j.JerseyDockerCmdExecFactory$1 - Connection released: [id: 119][route: {}->http://localhost:2375][total kept alive: 0; route allocated: 0 of 2; total allocated: 0 of 20]
List of volumes: null
02:44:38.561 [Test worker] DEBUG c.g.d.core.command.AbstrDockerCmd - Cmd: com.github.dockerjava.core.command.CreateContainerCmdImpl@52f9a314[name=MyContainer,hostName=hostName,domainName=<null>,user=<null>,attachStdin=<null>,attachStdout=<null>,attachStderr=<null>,portSpecs=<null>,tty=<null>,stdinOpen=<null>,stdInOnce=<null>,env=<null>,cmd={sleep,99999},entrypoint=<null>,image=ubuntu,volumes=com.github.dockerjava.api.model.Volumes@341a09b,workingDir=<null>,macAddress=<null>,networkDisabled=<null>,exposedPorts=com.github.dockerjava.api.model.ExposedPorts@499721c8,stopSignal=<null>,hostConfig=com.github.dockerjava.api.model.HostConfig@612af736[binds=<null>,blkioWeight=<null>,blkioWeightDevice=<null>,blkioDeviceReadBps=<null>,blkioDeviceReadIOps=<null>,blkioDeviceWriteBps=<null>,blkioDeviceWriteIOps=<null>,memorySwappiness=<null>,capAdd=<null>,capDrop=<null>,containerIDFile=<null>,cpuPeriod=<null>,cpuShares=<null>,cpuQuota=<null>,cpusetCpus=<null>,cpusetMems=<null>,devices=<null>,dns=<null>,dnsSearch=<null>,extraHosts=<null>,links=<null>,logConfig=<null>,lxcConf=<null>,memory=<null>,memorySwap=<null>,memoryReservation=<null>,kernelMemory=<null>,networkMode=<null>,oomKillDisable=<null>,oomScoreAdj=<null>,portBindings=<null>,privileged=<null>,publishAllPorts=<null>,readonlyRootfs=<null>,restartPolicy=<null>,ulimits=<null>,volumesFrom=<null>,pidMode=<null>,securityOpts=<null>,cgroupParent=<null>,volumeDriver=<null>,shmSize=<null>],labels=<null>,networkingConfig=<null>,ipv4Address=<null>,ipv6Address=<null>,aliases=<null>,execution=com.github.dockerjava.jaxrs.CreateContainerCmdExec@4bcc2c10]
02:44:38.581 [Test worker] DEBUG o.a.h.c.protocol.RequestAddCookies - CookieSpec selected: default
02:44:38.581 [Test worker] DEBUG o.a.h.c.protocol.RequestAuthCache - Auth cache not set in the context
02:44:38.582 [Test worker] DEBUG c.g.d.j.JerseyDockerCmdExecFactory$1 - Connection request: [route: {}->http://localhost:2375][total kept alive: 0; route allocated: 0 of 2; total allocated: 0 of 20]
02:44:38.582 [Test worker] DEBUG c.g.d.j.JerseyDockerCmdExecFactory$1 - Connection leased: [id: 120][route: {}->http://localhost:2375][total kept alive: 0; route allocated: 1 of 2; total allocated: 1 of 20]
02:44:38.582 [Test worker] DEBUG o.a.h.impl.execchain.MainClientExec - Opening connection {}->http://localhost:2375
02:44:38.582 [Test worker] DEBUG o.a.h.i.c.DefaultHttpClientConnectionOperator - Connecting to localhost/127.0.0.1:2375
02:44:38.584 [Test worker] DEBUG o.a.h.i.c.DefaultHttpClientConnectionOperator - Connection established 127.0.0.1:57256<->127.0.0.1:2375
02:44:38.584 [Test worker] DEBUG o.a.h.impl.execchain.MainClientExec - Executing request POST /containers/create?name=MyContainer HTTP/1.1
02:44:38.584 [Test worker] DEBUG o.a.h.impl.execchain.MainClientExec - Target auth state: UNCHALLENGED
02:44:38.584 [Test worker] DEBUG o.a.h.impl.execchain.MainClientExec - Proxy auth state: UNCHALLENGED
02:44:38.584 [Test worker] DEBUG org.apache.http.headers - http-outgoing-120 >> POST /containers/create?name=MyContainer HTTP/1.1
02:44:38.584 [Test worker] DEBUG org.apache.http.headers - http-outgoing-120 >> Accept: application/json
02:44:38.584 [Test worker] DEBUG org.apache.http.headers - http-outgoing-120 >> Content-Type: application/json
02:44:38.584 [Test worker] DEBUG org.apache.http.headers - http-outgoing-120 >> User-Agent: Jersey/2.23.1 (Apache HttpClient 4.5.1)
02:44:38.584 [Test worker] DEBUG org.apache.http.headers - http-outgoing-120 >> Transfer-Encoding: chunked
02:44:38.584 [Test worker] DEBUG org.apache.http.headers - http-outgoing-120 >> Host: localhost:2375
02:44:38.584 [Test worker] DEBUG org.apache.http.headers - http-outgoing-120 >> Connection: Keep-Alive
02:44:38.584 [Test worker] DEBUG org.apache.http.headers - http-outgoing-120 >> Accept-Encoding: gzip,deflate
02:44:38.601 [Test worker] DEBUG c.g.d.j.JerseyDockerCmdExecFactory - 1 * Sending client request on thread Test worker
1 > POST http://localhost:2375/containers/create?name=MyContainer
1 > Accept: application/json
1 > Content-Type: application/json
{"name":"MyContainer","Hostname":"hostName","Cmd":["sleep","99999"],"Image":"ubuntu","Volumes":{},"ExposedPorts":{},"HostConfig":{}}

02:44:38.601 [Test worker] DEBUG org.apache.http.wire - http-outgoing-120 >> "POST /containers/create?name=MyContainer HTTP/1.1[\r][\n]"
02:44:38.601 [Test worker] DEBUG org.apache.http.wire - http-outgoing-120 >> "Accept: application/json[\r][\n]"
02:44:38.601 [Test worker] DEBUG org.apache.http.wire - http-outgoing-120 >> "Content-Type: application/json[\r][\n]"
02:44:38.601 [Test worker] DEBUG org.apache.http.wire - http-outgoing-120 >> "User-Agent: Jersey/2.23.1 (Apache HttpClient 4.5.1)[\r][\n]"
02:44:38.601 [Test worker] DEBUG org.apache.http.wire - http-outgoing-120 >> "Transfer-Encoding: chunked[\r][\n]"
02:44:38.601 [Test worker] DEBUG org.apache.http.wire - http-outgoing-120 >> "Host: localhost:2375[\r][\n]"
02:44:38.601 [Test worker] DEBUG org.apache.http.wire - http-outgoing-120 >> "Connection: Keep-Alive[\r][\n]"
02:44:38.601 [Test worker] DEBUG org.apache.http.wire - http-outgoing-120 >> "Accept-Encoding: gzip,deflate[\r][\n]"
02:44:38.602 [Test worker] DEBUG org.apache.http.wire - http-outgoing-120 >> "[\r][\n]"
02:44:38.602 [Test worker] DEBUG org.apache.http.wire - http-outgoing-120 >> "84[\r][\n]"
02:44:38.602 [Test worker] DEBUG org.apache.http.wire - http-outgoing-120 >> "{"name":"MyContainer","Hostname":"hostName","Cmd":["sleep","99999"],"Image":"ubuntu","Volumes":{},"ExposedPorts":{},"HostConfig":{}}[\r][\n]"
02:44:38.602 [Test worker] DEBUG org.apache.http.wire - http-outgoing-120 >> "0[\r][\n]"
02:44:38.602 [Test worker] DEBUG org.apache.http.wire - http-outgoing-120 >> "[\r][\n]"
02:44:38.625 [Test worker] DEBUG org.apache.http.wire - http-outgoing-120 << "HTTP/1.1 201 Created[\r][\n]"
02:44:38.625 [Test worker] DEBUG org.apache.http.wire - http-outgoing-120 << "Content-Type: application/json[\r][\n]"
02:44:38.625 [Test worker] DEBUG org.apache.http.wire - http-outgoing-120 << "Server: Docker/1.12.1 (linux)[\r][\n]"
02:44:38.625 [Test worker] DEBUG org.apache.http.wire - http-outgoing-120 << "Date: Tue, 18 Oct 2016 00:44:38 GMT[\r][\n]"
02:44:38.625 [Test worker] DEBUG org.apache.http.wire - http-outgoing-120 << "Content-Length: 90[\r][\n]"
02:44:38.625 [Test worker] DEBUG org.apache.http.wire - http-outgoing-120 << "[\r][\n]"
02:44:38.625 [Test worker] DEBUG org.apache.http.wire - http-outgoing-120 << "{"Id":"4fcc5c67a99df97a679757ac26b08916e993f40e7594553d26f02b9516494f11","Warnings":null}[\n]"
02:44:38.625 [Test worker] DEBUG org.apache.http.headers - http-outgoing-120 << HTTP/1.1 201 Created
02:44:38.625 [Test worker] DEBUG org.apache.http.headers - http-outgoing-120 << Content-Type: application/json
02:44:38.625 [Test worker] DEBUG org.apache.http.headers - http-outgoing-120 << Server: Docker/1.12.1 (linux)
02:44:38.625 [Test worker] DEBUG org.apache.http.headers - http-outgoing-120 << Date: Tue, 18 Oct 2016 00:44:38 GMT
02:44:38.626 [Test worker] DEBUG org.apache.http.headers - http-outgoing-120 << Content-Length: 90
02:44:38.626 [Test worker] DEBUG o.a.h.impl.execchain.MainClientExec - Connection can be kept alive indefinitely
02:44:38.626 [Test worker] DEBUG c.g.d.j.JerseyDockerCmdExecFactory - 2 * Client response received on thread Test worker
2 < 201
2 < Content-Length: 90
2 < Content-Type: application/json
2 < Date: Tue, 18 Oct 2016 00:44:38 GMT
2 < Server: Docker/1.12.1 (linux)
{"Id":"4fcc5c67a99df97a679757ac26b08916e993f40e7594553d26f02b9516494f11","Warnings":null}


02:44:38.627 [Test worker] DEBUG o.a.h.i.c.DefaultManagedHttpClientConnection - http-outgoing-120: Close connection
02:44:38.627 [Test worker] DEBUG o.a.h.impl.execchain.MainClientExec - Connection discarded
02:44:38.627 [Test worker] DEBUG c.g.d.j.JerseyDockerCmdExecFactory$1 - Connection released: [id: 120][route: {}->http://localhost:2375][total kept alive: 0; route allocated: 0 of 2; total allocated: 0 of 20]
02:44:38.627 [Test worker] DEBUG org.openbaton.docker.DockerVim - Instance created successfully
02:44:38.627 [Test worker] DEBUG c.g.d.core.command.AbstrDockerCmd - Cmd: 4fcc5c67a99df97a679757ac26b08916e993f40e7594553d26f02b9516494f11,com.github.dockerjava.jaxrs.StartContainerCmdExec@33d4cadc
02:44:38.628 [Test worker] DEBUG c.g.d.j.JerseyDockerCmdExecFactory - 3 * Sending client request on thread Test worker
3 > POST http://localhost:2375/containers/4fcc5c67a99df97a679757ac26b08916e993f40e7594553d26f02b9516494f11/start
3 > Accept: application/json

02:44:38.628 [Test worker] DEBUG o.a.h.c.protocol.RequestAddCookies - CookieSpec selected: default
02:44:38.628 [Test worker] DEBUG o.a.h.c.protocol.RequestAuthCache - Auth cache not set in the context
02:44:38.628 [Test worker] DEBUG c.g.d.j.JerseyDockerCmdExecFactory$1 - Connection request: [route: {}->http://localhost:2375][total kept alive: 0; route allocated: 0 of 2; total allocated: 0 of 20]
02:44:38.628 [Test worker] DEBUG c.g.d.j.JerseyDockerCmdExecFactory$1 - Connection leased: [id: 121][route: {}->http://localhost:2375][total kept alive: 0; route allocated: 1 of 2; total allocated: 1 of 20]
02:44:38.628 [Test worker] DEBUG o.a.h.impl.execchain.MainClientExec - Opening connection {}->http://localhost:2375
02:44:38.628 [Test worker] DEBUG o.a.h.i.c.DefaultHttpClientConnectionOperator - Connecting to localhost/127.0.0.1:2375
02:44:38.628 [Test worker] DEBUG o.a.h.i.c.DefaultHttpClientConnectionOperator - Connection established 127.0.0.1:57258<->127.0.0.1:2375
02:44:38.629 [Test worker] DEBUG o.a.h.impl.execchain.MainClientExec - Executing request POST /containers/4fcc5c67a99df97a679757ac26b08916e993f40e7594553d26f02b9516494f11/start HTTP/1.1
02:44:38.629 [Test worker] DEBUG o.a.h.impl.execchain.MainClientExec - Target auth state: UNCHALLENGED
02:44:38.629 [Test worker] DEBUG o.a.h.impl.execchain.MainClientExec - Proxy auth state: UNCHALLENGED
02:44:38.629 [Test worker] DEBUG org.apache.http.headers - http-outgoing-121 >> POST /containers/4fcc5c67a99df97a679757ac26b08916e993f40e7594553d26f02b9516494f11/start HTTP/1.1
02:44:38.629 [Test worker] DEBUG org.apache.http.headers - http-outgoing-121 >> Accept: application/json
02:44:38.629 [Test worker] DEBUG org.apache.http.headers - http-outgoing-121 >> User-Agent: Jersey/2.23.1 (Apache HttpClient 4.5.1)
02:44:38.629 [Test worker] DEBUG org.apache.http.headers - http-outgoing-121 >> Host: localhost:2375
02:44:38.629 [Test worker] DEBUG org.apache.http.headers - http-outgoing-121 >> Connection: Keep-Alive
02:44:38.629 [Test worker] DEBUG org.apache.http.headers - http-outgoing-121 >> Accept-Encoding: gzip,deflate
02:44:38.629 [Test worker] DEBUG org.apache.http.wire - http-outgoing-121 >> "POST /containers/4fcc5c67a99df97a679757ac26b08916e993f40e7594553d26f02b9516494f11/start HTTP/1.1[\r][\n]"
02:44:38.629 [Test worker] DEBUG org.apache.http.wire - http-outgoing-121 >> "Accept: application/json[\r][\n]"
02:44:38.629 [Test worker] DEBUG org.apache.http.wire - http-outgoing-121 >> "User-Agent: Jersey/2.23.1 (Apache HttpClient 4.5.1)[\r][\n]"
02:44:38.629 [Test worker] DEBUG org.apache.http.wire - http-outgoing-121 >> "Host: localhost:2375[\r][\n]"
02:44:38.629 [Test worker] DEBUG org.apache.http.wire - http-outgoing-121 >> "Connection: Keep-Alive[\r][\n]"
02:44:38.629 [Test worker] DEBUG org.apache.http.wire - http-outgoing-121 >> "Accept-Encoding: gzip,deflate[\r][\n]"
02:44:38.629 [Test worker] DEBUG org.apache.http.wire - http-outgoing-121 >> "[\r][\n]"
02:44:38.743 [Test worker] DEBUG org.apache.http.wire - http-outgoing-121 << "HTTP/1.1 204 No Content[\r][\n]"
02:44:38.743 [Test worker] DEBUG org.apache.http.wire - http-outgoing-121 << "Server: Docker/1.12.1 (linux)[\r][\n]"
02:44:38.743 [Test worker] DEBUG org.apache.http.wire - http-outgoing-121 << "Date: Tue, 18 Oct 2016 00:44:38 GMT[\r][\n]"
02:44:38.743 [Test worker] DEBUG org.apache.http.wire - http-outgoing-121 << "[\r][\n]"
02:44:38.743 [Test worker] DEBUG org.apache.http.headers - http-outgoing-121 << HTTP/1.1 204 No Content
02:44:38.743 [Test worker] DEBUG org.apache.http.headers - http-outgoing-121 << Server: Docker/1.12.1 (linux)
02:44:38.743 [Test worker] DEBUG org.apache.http.headers - http-outgoing-121 << Date: Tue, 18 Oct 2016 00:44:38 GMT
02:44:38.743 [Test worker] DEBUG o.a.h.impl.execchain.MainClientExec - Connection can be kept alive indefinitely
02:44:38.743 [Test worker] DEBUG c.g.d.j.JerseyDockerCmdExecFactory$1 - Connection [id: 121][route: {}->http://localhost:2375] can be kept alive indefinitely
02:44:38.743 [Test worker] DEBUG c.g.d.j.JerseyDockerCmdExecFactory$1 - Connection released: [id: 121][route: {}->http://localhost:2375][total kept alive: 1; route allocated: 1 of 2; total allocated: 1 of 20]
02:44:38.744 [Test worker] DEBUG c.g.d.j.JerseyDockerCmdExecFactory - 4 * Client response received on thread Test worker
4 < 204
4 < Date: Tue, 18 Oct 2016 00:44:38 GMT
4 < Server: Docker/1.12.1 (linux)

02:44:38.745 [Test worker] DEBUG c.g.d.core.command.AbstrDockerCmd - Cmd: ListImagesCmdImpl[imageNameFilter=<null>,showAll=true,filters=com.github.dockerjava.core.util.FiltersBuilder@0,execution=com.github.dockerjava.jaxrs.ListImagesCmdExec@f7f26d1]
02:44:38.757 [Test worker] DEBUG c.g.d.j.JerseyDockerCmdExecFactory - 1 * Sending client request on thread Test worker
1 > GET http://localhost:2375/images/json?all=true
1 > Accept: application/json

02:44:38.757 [Test worker] DEBUG o.a.h.c.protocol.RequestAddCookies - CookieSpec selected: default
02:44:38.757 [Test worker] DEBUG o.a.h.c.protocol.RequestAuthCache - Auth cache not set in the context
02:44:38.758 [Test worker] DEBUG c.g.d.j.JerseyDockerCmdExecFactory$1 - Connection request: [route: {}->http://localhost:2375][total kept alive: 0; route allocated: 0 of 2; total allocated: 0 of 20]
02:44:38.758 [Test worker] DEBUG c.g.d.j.JerseyDockerCmdExecFactory$1 - Connection leased: [id: 122][route: {}->http://localhost:2375][total kept alive: 0; route allocated: 1 of 2; total allocated: 1 of 20]
02:44:38.758 [Test worker] DEBUG o.a.h.impl.execchain.MainClientExec - Opening connection {}->http://localhost:2375
02:44:38.758 [Test worker] DEBUG o.a.h.i.c.DefaultHttpClientConnectionOperator - Connecting to localhost/127.0.0.1:2375
02:44:38.758 [Test worker] DEBUG o.a.h.i.c.DefaultHttpClientConnectionOperator - Connection established 127.0.0.1:57260<->127.0.0.1:2375
02:44:38.758 [Test worker] DEBUG o.a.h.impl.execchain.MainClientExec - Executing request GET /images/json?all=true HTTP/1.1
02:44:38.758 [Test worker] DEBUG o.a.h.impl.execchain.MainClientExec - Target auth state: UNCHALLENGED
02:44:38.758 [Test worker] DEBUG o.a.h.impl.execchain.MainClientExec - Proxy auth state: UNCHALLENGED
02:44:38.758 [Test worker] DEBUG org.apache.http.headers - http-outgoing-122 >> GET /images/json?all=true HTTP/1.1
02:44:38.758 [Test worker] DEBUG org.apache.http.headers - http-outgoing-122 >> Accept: application/json
02:44:38.758 [Test worker] DEBUG org.apache.http.headers - http-outgoing-122 >> User-Agent: Jersey/2.23.1 (Apache HttpClient 4.5.1)
02:44:38.758 [Test worker] DEBUG org.apache.http.headers - http-outgoing-122 >> Host: localhost:2375
02:44:38.758 [Test worker] DEBUG org.apache.http.headers - http-outgoing-122 >> Connection: Keep-Alive
02:44:38.759 [Test worker] DEBUG org.apache.http.headers - http-outgoing-122 >> Accept-Encoding: gzip,deflate
02:44:38.759 [Test worker] DEBUG org.apache.http.wire - http-outgoing-122 >> "GET /images/json?all=true HTTP/1.1[\r][\n]"
02:44:38.759 [Test worker] DEBUG org.apache.http.wire - http-outgoing-122 >> "Accept: application/json[\r][\n]"
02:44:38.759 [Test worker] DEBUG org.apache.http.wire - http-outgoing-122 >> "User-Agent: Jersey/2.23.1 (Apache HttpClient 4.5.1)[\r][\n]"
02:44:38.759 [Test worker] DEBUG org.apache.http.wire - http-outgoing-122 >> "Host: localhost:2375[\r][\n]"
02:44:38.759 [Test worker] DEBUG org.apache.http.wire - http-outgoing-122 >> "Connection: Keep-Alive[\r][\n]"
02:44:38.759 [Test worker] DEBUG org.apache.http.wire - http-outgoing-122 >> "Accept-Encoding: gzip,deflate[\r][\n]"
02:44:38.759 [Test worker] DEBUG org.apache.http.wire - http-outgoing-122 >> "[\r][\n]"
02:44:38.760 [Test worker] DEBUG org.apache.http.wire - http-outgoing-122 << "HTTP/1.1 200 OK[\r][\n]"
02:44:38.760 [Test worker] DEBUG org.apache.http.wire - http-outgoing-122 << "Content-Type: application/json[\r][\n]"
02:44:38.760 [Test worker] DEBUG org.apache.http.wire - http-outgoing-122 << "Server: Docker/1.12.1 (linux)[\r][\n]"
02:44:38.760 [Test worker] DEBUG org.apache.http.wire - http-outgoing-122 << "Date: Tue, 18 Oct 2016 00:44:38 GMT[\r][\n]"
02:44:38.760 [Test worker] DEBUG org.apache.http.wire - http-outgoing-122 << "Content-Length: 1215[\r][\n]"
02:44:38.760 [Test worker] DEBUG org.apache.http.wire - http-outgoing-122 << "[\r][\n]"
02:44:38.761 [Test worker] DEBUG org.apache.http.wire - http-outgoing-122 << "[{"Id":"sha256:f753707788c5c100f194ce0a73058faae1a457774efcda6c1469544a114f8644","ParentId":"","RepoTags":["ubuntu:latest"],"RepoDigests":["ubuntu@sha256:2d44ae143feeb36f4c898d32ed2ab2dffeb3a573d2d8928646dfc9cb7deb1315"],"Created":1476393201,"Size":127161487,"VirtualSize":127161487,"Labels":{}},{"Id":"sha256:d654de4499473ed41349b54a988b6f46a7fc92e3fa2d61e102bf2660a0116e25","ParentId":"","RepoTags":["sakib37/iperf3:latest"],"RepoDigests":["sakib37/iperf3@sha256:8d80a810f8f508c074b14d02555f20110eac382c8dbda7252075392983629d40"],"Created":1474907599,"Size":199456654,"VirtualSize":199456654,"Labels":{}},{"Id":"sha256:45bc58500fa3d3c0d67233d4a7798134b46b486af1389ca87000c543f46c3d24","ParentId":"","RepoTags":["ubuntu:16.04"],"RepoDigests":["ubuntu@sha256:3235a49037919e99696d97df8d8a230717272d848ee4ddadbca8d54f97ee30cb"],"Created":1474304481,"Size":126872298,"VirtualSize":126872298,"Labels":{}},{"Id":"sha256:6fae60ef344644649a39240b94d73b8ba9c67f898ede85cf8e947a887b3e6557","ParentId":"","RepoTags":["training/webapp:latest"],"RepoDigests":["training/webapp@sha256:06e9c1983bd6d5db5fba376ccd63bfa529e8d02f23d5079b8f74a616308fb11d"],"Created":1431710615,"Size":348791356,"VirtualSize":348791356,"Labels":{}}][\n]"
02:44:38.761 [Test worker] DEBUG org.apache.http.headers - http-outgoing-122 << HTTP/1.1 200 OK
02:44:38.762 [Test worker] DEBUG org.apache.http.headers - http-outgoing-122 << Content-Type: application/json
02:44:38.762 [Test worker] DEBUG org.apache.http.headers - http-outgoing-122 << Server: Docker/1.12.1 (linux)
02:44:38.762 [Test worker] DEBUG org.apache.http.headers - http-outgoing-122 << Date: Tue, 18 Oct 2016 00:44:38 GMT
02:44:38.762 [Test worker] DEBUG org.apache.http.headers - http-outgoing-122 << Content-Length: 1215
02:44:38.762 [Test worker] DEBUG o.a.h.impl.execchain.MainClientExec - Connection can be kept alive indefinitely
02:44:38.762 [Test worker] DEBUG c.g.d.j.JerseyDockerCmdExecFactory - 2 * Client response received on thread Test worker
2 < 200
2 < Content-Length: 1215
2 < Content-Type: application/json
2 < Date: Tue, 18 Oct 2016 00:44:38 GMT
2 < Server: Docker/1.12.1 (linux)
[{"Id":"sha256:f753707788c5c100f194ce0a73058faae1a457774efcda6c1469544a114f8644","ParentId":"","RepoTags":["ubuntu:latest"],"RepoDigests":["ubuntu@sha256:2d44ae143feeb36f4c898d32ed2ab2dffeb3a573d2d8928646dfc9cb7deb1315"],"Created":1476393201,"Size":127161487,"VirtualSize":127161487,"Labels":{}},{"Id":"sha256:d654de4499473ed41349b54a988b6f46a7fc92e3fa2d61e102bf2660a0116e25","ParentId":"","RepoTags":["sakib37/iperf3:latest"],"RepoDigests":["sakib37/iperf3@sha256:8d80a810f8f508c074b14d02555f20110eac382c8dbda7252075392983629d40"],"Created":1474907599,"Size":199456654,"VirtualSize":199456654,"Labels":{}},{"Id":"sha256:45bc58500fa3d3c0d67233d4a7798134b46b486af1389ca87000c543f46c3d24","ParentId":"","RepoTags":["ubuntu:16.04"],"RepoDigests":["ubuntu@sha256:3235a49037919e99696d97df8d8a230717272d848ee4ddadbca8d54f97ee30cb"],"Created":1474304481,"Size":126872298,"VirtualSize":126872298,"Labels":{}},{"Id":"sha256:6fae60ef344644649a39240b94d73b8ba9c67f898ede85cf8e947a887b3e6557","ParentId":"","RepoTags":["training/webapp:latest"],"RepoDigests":["training/webapp@sha256:06e9c1983bd6d5db5fba376ccd63bfa529e8d02f23d5079b8f74a616308fb11d"],"Created":1431710615,"Size":348791356,"VirtualSize":348791356,"Labels":{}}]


02:44:38.764 [Test worker] DEBUG o.a.h.i.c.DefaultManagedHttpClientConnection - http-outgoing-122: Close connection
02:44:38.764 [Test worker] DEBUG o.a.h.impl.execchain.MainClientExec - Connection discarded
02:44:38.765 [Test worker] DEBUG c.g.d.j.JerseyDockerCmdExecFactory$1 - Connection released: [id: 122][route: {}->http://localhost:2375][total kept alive: 0; route allocated: 0 of 2; total allocated: 0 of 20]
02:44:38.765 [Test worker] DEBUG org.openbaton.docker.DockerVim - Found a docker image, transformed into a NFV Image Image{id='sha256:f753707788c5c100f194ce0a73058faae1a457774efcda6c1469544a114f8644', name='ubuntu', version=0, extId='null', minRam='0', minDiskSpace='0', minCPU='null', public='true', diskFormat='null', containerFormat='docker', created='Sun Jan 18 03:06:33 CET 1970', updated='null'}
02:44:38.767 [Test worker] DEBUG c.g.d.core.command.AbstrDockerCmd - Cmd: -1,<null>,true,<null>,<null>,com.github.dockerjava.core.util.FiltersBuilder@0,com.github.dockerjava.jaxrs.ListContainersCmdExec@608db0fd
02:44:38.776 [Test worker] DEBUG c.g.d.j.JerseyDockerCmdExecFactory - 1 * Sending client request on thread Test worker
1 > GET http://localhost:2375/containers/json?all=true
1 > Accept: application/json

02:44:38.776 [Test worker] DEBUG o.a.h.c.protocol.RequestAddCookies - CookieSpec selected: default
02:44:38.776 [Test worker] DEBUG o.a.h.c.protocol.RequestAuthCache - Auth cache not set in the context
02:44:38.776 [Test worker] DEBUG c.g.d.j.JerseyDockerCmdExecFactory$1 - Connection request: [route: {}->http://localhost:2375][total kept alive: 0; route allocated: 0 of 2; total allocated: 0 of 20]
02:44:38.776 [Test worker] DEBUG c.g.d.j.JerseyDockerCmdExecFactory$1 - Connection leased: [id: 123][route: {}->http://localhost:2375][total kept alive: 0; route allocated: 1 of 2; total allocated: 1 of 20]
02:44:38.776 [Test worker] DEBUG o.a.h.impl.execchain.MainClientExec - Opening connection {}->http://localhost:2375
02:44:38.777 [Test worker] DEBUG o.a.h.i.c.DefaultHttpClientConnectionOperator - Connecting to localhost/127.0.0.1:2375
02:44:38.777 [Test worker] DEBUG o.a.h.i.c.DefaultHttpClientConnectionOperator - Connection established 127.0.0.1:57262<->127.0.0.1:2375
02:44:38.777 [Test worker] DEBUG o.a.h.impl.execchain.MainClientExec - Executing request GET /containers/json?all=true HTTP/1.1
02:44:38.777 [Test worker] DEBUG o.a.h.impl.execchain.MainClientExec - Target auth state: UNCHALLENGED
02:44:38.777 [Test worker] DEBUG o.a.h.impl.execchain.MainClientExec - Proxy auth state: UNCHALLENGED
02:44:38.777 [Test worker] DEBUG org.apache.http.headers - http-outgoing-123 >> GET /containers/json?all=true HTTP/1.1
02:44:38.777 [Test worker] DEBUG org.apache.http.headers - http-outgoing-123 >> Accept: application/json
02:44:38.777 [Test worker] DEBUG org.apache.http.headers - http-outgoing-123 >> User-Agent: Jersey/2.23.1 (Apache HttpClient 4.5.1)
02:44:38.777 [Test worker] DEBUG org.apache.http.headers - http-outgoing-123 >> Host: localhost:2375
02:44:38.777 [Test worker] DEBUG org.apache.http.headers - http-outgoing-123 >> Connection: Keep-Alive
02:44:38.777 [Test worker] DEBUG org.apache.http.headers - http-outgoing-123 >> Accept-Encoding: gzip,deflate
02:44:38.777 [Test worker] DEBUG org.apache.http.wire - http-outgoing-123 >> "GET /containers/json?all=true HTTP/1.1[\r][\n]"
02:44:38.777 [Test worker] DEBUG org.apache.http.wire - http-outgoing-123 >> "Accept: application/json[\r][\n]"
02:44:38.777 [Test worker] DEBUG org.apache.http.wire - http-outgoing-123 >> "User-Agent: Jersey/2.23.1 (Apache HttpClient 4.5.1)[\r][\n]"
02:44:38.777 [Test worker] DEBUG org.apache.http.wire - http-outgoing-123 >> "Host: localhost:2375[\r][\n]"
02:44:38.778 [Test worker] DEBUG org.apache.http.wire - http-outgoing-123 >> "Connection: Keep-Alive[\r][\n]"
02:44:38.778 [Test worker] DEBUG org.apache.http.wire - http-outgoing-123 >> "Accept-Encoding: gzip,deflate[\r][\n]"
02:44:38.778 [Test worker] DEBUG org.apache.http.wire - http-outgoing-123 >> "[\r][\n]"
02:44:38.778 [Test worker] DEBUG org.apache.http.wire - http-outgoing-123 << "HTTP/1.1 200 OK[\r][\n]"
02:44:38.778 [Test worker] DEBUG org.apache.http.wire - http-outgoing-123 << "Content-Type: application/json[\r][\n]"
02:44:38.778 [Test worker] DEBUG org.apache.http.wire - http-outgoing-123 << "Server: Docker/1.12.1 (linux)[\r][\n]"
02:44:38.778 [Test worker] DEBUG org.apache.http.wire - http-outgoing-123 << "Date: Tue, 18 Oct 2016 00:44:38 GMT[\r][\n]"
02:44:38.778 [Test worker] DEBUG org.apache.http.wire - http-outgoing-123 << "Content-Length: 783[\r][\n]"
02:44:38.778 [Test worker] DEBUG org.apache.http.wire - http-outgoing-123 << "[\r][\n]"
02:44:38.778 [Test worker] DEBUG org.apache.http.wire - http-outgoing-123 << "[{"Id":"4fcc5c67a99df97a679757ac26b08916e993f40e7594553d26f02b9516494f11","Names":["/MyContainer"],"Image":"ubuntu","ImageID":"sha256:f753707788c5c100f194ce0a73058faae1a457774efcda6c1469544a114f8644","Command":"sleep 99999","Created":1476751478,"Ports":[],"Labels":{},"State":"running","Status":"Up Less than a second","HostConfig":{"NetworkMode":"default"},"NetworkSettings":{"Networks":{"bridge":{"IPAMConfig":null,"Links":null,"Aliases":null,"NetworkID":"90941628611ab58d4fa4db6bcd1806afb9bf994c4562bea7ae3dc9153b373da5","EndpointID":"4433475d9b0474e05c9f0c1e1e206d797e6fb36fcc6fd726d1cf18c1cdc7f0a0","Gateway":"172.17.0.1","IPAddress":"172.17.0.2","IPPrefixLen":16,"IPv6Gateway":"","GlobalIPv6Address":"","GlobalIPv6PrefixLen":0,"MacAddress":"02:42:ac:11:00:02"}}},"Mounts":[]}][\n]"
02:44:38.778 [Test worker] DEBUG org.apache.http.headers - http-outgoing-123 << HTTP/1.1 200 OK
02:44:38.778 [Test worker] DEBUG org.apache.http.headers - http-outgoing-123 << Content-Type: application/json
02:44:38.778 [Test worker] DEBUG org.apache.http.headers - http-outgoing-123 << Server: Docker/1.12.1 (linux)
02:44:38.778 [Test worker] DEBUG org.apache.http.headers - http-outgoing-123 << Date: Tue, 18 Oct 2016 00:44:38 GMT
02:44:38.778 [Test worker] DEBUG org.apache.http.headers - http-outgoing-123 << Content-Length: 783
02:44:38.779 [Test worker] DEBUG o.a.h.impl.execchain.MainClientExec - Connection can be kept alive indefinitely
02:44:38.779 [Test worker] DEBUG c.g.d.j.JerseyDockerCmdExecFactory - 2 * Client response received on thread Test worker
2 < 200
2 < Content-Length: 783
2 < Content-Type: application/json
2 < Date: Tue, 18 Oct 2016 00:44:38 GMT
2 < Server: Docker/1.12.1 (linux)
[{"Id":"4fcc5c67a99df97a679757ac26b08916e993f40e7594553d26f02b9516494f11","Names":["/MyContainer"],"Image":"ubuntu","ImageID":"sha256:f753707788c5c100f194ce0a73058faae1a457774efcda6c1469544a114f8644","Command":"sleep 99999","Created":1476751478,"Ports":[],"Labels":{},"State":"running","Status":"Up Less than a second","HostConfig":{"NetworkMode":"default"},"NetworkSettings":{"Networks":{"bridge":{"IPAMConfig":null,"Links":null,"Aliases":null,"NetworkID":"90941628611ab58d4fa4db6bcd1806afb9bf994c4562bea7ae3dc9153b373da5","EndpointID":"4433475d9b0474e05c9f0c1e1e206d797e6fb36fcc6fd726d1cf18c1cdc7f0a0","Gateway":"172.17.0.1","IPAddress":"172.17.0.2","IPPrefixLen":16,"IPv6Gateway":"","GlobalIPv6Address":"","GlobalIPv6PrefixLen":0,"MacAddress":"02:42:ac:11:00:02"}}},"Mounts":[]}]


02:44:38.784 [Test worker] DEBUG o.a.h.i.c.DefaultManagedHttpClientConnection - http-outgoing-123: Close connection
02:44:38.784 [Test worker] DEBUG o.a.h.impl.execchain.MainClientExec - Connection discarded
02:44:38.784 [Test worker] DEBUG c.g.d.j.JerseyDockerCmdExecFactory$1 - Connection released: [id: 123][route: {}->http://localhost:2375][total kept alive: 0; route allocated: 0 of 2; total allocated: 0 of 20]
02:44:38.785 [Test worker] DEBUG c.g.d.core.command.AbstrDockerCmd - Cmd: ListImagesCmdImpl[imageNameFilter=<null>,showAll=true,filters=com.github.dockerjava.core.util.FiltersBuilder@0,execution=com.github.dockerjava.jaxrs.ListImagesCmdExec@3a8f573c]
02:44:38.793 [Test worker] DEBUG c.g.d.j.JerseyDockerCmdExecFactory - 1 * Sending client request on thread Test worker
1 > GET http://localhost:2375/images/json?all=true
1 > Accept: application/json

02:44:38.794 [Test worker] DEBUG o.a.h.c.protocol.RequestAddCookies - CookieSpec selected: default
02:44:38.794 [Test worker] DEBUG o.a.h.c.protocol.RequestAuthCache - Auth cache not set in the context
02:44:38.794 [Test worker] DEBUG c.g.d.j.JerseyDockerCmdExecFactory$1 - Connection request: [route: {}->http://localhost:2375][total kept alive: 0; route allocated: 0 of 2; total allocated: 0 of 20]
02:44:38.794 [Test worker] DEBUG c.g.d.j.JerseyDockerCmdExecFactory$1 - Connection leased: [id: 124][route: {}->http://localhost:2375][total kept alive: 0; route allocated: 1 of 2; total allocated: 1 of 20]
02:44:38.794 [Test worker] DEBUG o.a.h.impl.execchain.MainClientExec - Opening connection {}->http://localhost:2375
02:44:38.794 [Test worker] DEBUG o.a.h.i.c.DefaultHttpClientConnectionOperator - Connecting to localhost/127.0.0.1:2375
02:44:38.794 [Test worker] DEBUG o.a.h.i.c.DefaultHttpClientConnectionOperator - Connection established 127.0.0.1:57264<->127.0.0.1:2375
02:44:38.794 [Test worker] DEBUG o.a.h.impl.execchain.MainClientExec - Executing request GET /images/json?all=true HTTP/1.1
02:44:38.795 [Test worker] DEBUG o.a.h.impl.execchain.MainClientExec - Target auth state: UNCHALLENGED
02:44:38.795 [Test worker] DEBUG o.a.h.impl.execchain.MainClientExec - Proxy auth state: UNCHALLENGED
02:44:38.795 [Test worker] DEBUG org.apache.http.headers - http-outgoing-124 >> GET /images/json?all=true HTTP/1.1
02:44:38.795 [Test worker] DEBUG org.apache.http.headers - http-outgoing-124 >> Accept: application/json
02:44:38.795 [Test worker] DEBUG org.apache.http.headers - http-outgoing-124 >> User-Agent: Jersey/2.23.1 (Apache HttpClient 4.5.1)
02:44:38.795 [Test worker] DEBUG org.apache.http.headers - http-outgoing-124 >> Host: localhost:2375
02:44:38.795 [Test worker] DEBUG org.apache.http.headers - http-outgoing-124 >> Connection: Keep-Alive
02:44:38.795 [Test worker] DEBUG org.apache.http.headers - http-outgoing-124 >> Accept-Encoding: gzip,deflate
02:44:38.795 [Test worker] DEBUG org.apache.http.wire - http-outgoing-124 >> "GET /images/json?all=true HTTP/1.1[\r][\n]"
02:44:38.795 [Test worker] DEBUG org.apache.http.wire - http-outgoing-124 >> "Accept: application/json[\r][\n]"
02:44:38.795 [Test worker] DEBUG org.apache.http.wire - http-outgoing-124 >> "User-Agent: Jersey/2.23.1 (Apache HttpClient 4.5.1)[\r][\n]"
02:44:38.795 [Test worker] DEBUG org.apache.http.wire - http-outgoing-124 >> "Host: localhost:2375[\r][\n]"
02:44:38.795 [Test worker] DEBUG org.apache.http.wire - http-outgoing-124 >> "Connection: Keep-Alive[\r][\n]"
02:44:38.795 [Test worker] DEBUG org.apache.http.wire - http-outgoing-124 >> "Accept-Encoding: gzip,deflate[\r][\n]"
02:44:38.795 [Test worker] DEBUG org.apache.http.wire - http-outgoing-124 >> "[\r][\n]"
02:44:38.796 [Test worker] DEBUG org.apache.http.wire - http-outgoing-124 << "HTTP/1.1 200 OK[\r][\n]"
02:44:38.796 [Test worker] DEBUG org.apache.http.wire - http-outgoing-124 << "Content-Type: application/json[\r][\n]"
02:44:38.796 [Test worker] DEBUG org.apache.http.wire - http-outgoing-124 << "Server: Docker/1.12.1 (linux)[\r][\n]"
02:44:38.796 [Test worker] DEBUG org.apache.http.wire - http-outgoing-124 << "Date: Tue, 18 Oct 2016 00:44:38 GMT[\r][\n]"
02:44:38.796 [Test worker] DEBUG org.apache.http.wire - http-outgoing-124 << "Content-Length: 1215[\r][\n]"
02:44:38.796 [Test worker] DEBUG org.apache.http.wire - http-outgoing-124 << "[\r][\n]"
02:44:38.796 [Test worker] DEBUG org.apache.http.wire - http-outgoing-124 << "[{"Id":"sha256:f753707788c5c100f194ce0a73058faae1a457774efcda6c1469544a114f8644","ParentId":"","RepoTags":["ubuntu:latest"],"RepoDigests":["ubuntu@sha256:2d44ae143feeb36f4c898d32ed2ab2dffeb3a573d2d8928646dfc9cb7deb1315"],"Created":1476393201,"Size":127161487,"VirtualSize":127161487,"Labels":{}},{"Id":"sha256:d654de4499473ed41349b54a988b6f46a7fc92e3fa2d61e102bf2660a0116e25","ParentId":"","RepoTags":["sakib37/iperf3:latest"],"RepoDigests":["sakib37/iperf3@sha256:8d80a810f8f508c074b14d02555f20110eac382c8dbda7252075392983629d40"],"Created":1474907599,"Size":199456654,"VirtualSize":199456654,"Labels":{}},{"Id":"sha256:45bc58500fa3d3c0d67233d4a7798134b46b486af1389ca87000c543f46c3d24","ParentId":"","RepoTags":["ubuntu:16.04"],"RepoDigests":["ubuntu@sha256:3235a49037919e99696d97df8d8a230717272d848ee4ddadbca8d54f97ee30cb"],"Created":1474304481,"Size":126872298,"VirtualSize":126872298,"Labels":{}},{"Id":"sha256:6fae60ef344644649a39240b94d73b8ba9c67f898ede85cf8e947a887b3e6557","ParentId":"","RepoTags":["training/webapp:latest"],"RepoDigests":["training/webapp@sha256:06e9c1983bd6d5db5fba376ccd63bfa529e8d02f23d5079b8f74a616308fb11d"],"Created":1431710615,"Size":348791356,"VirtualSize":348791356,"Labels":{}}][\n]"
02:44:38.797 [Test worker] DEBUG org.apache.http.headers - http-outgoing-124 << HTTP/1.1 200 OK
02:44:38.797 [Test worker] DEBUG org.apache.http.headers - http-outgoing-124 << Content-Type: application/json
02:44:38.797 [Test worker] DEBUG org.apache.http.headers - http-outgoing-124 << Server: Docker/1.12.1 (linux)
02:44:38.797 [Test worker] DEBUG org.apache.http.headers - http-outgoing-124 << Date: Tue, 18 Oct 2016 00:44:38 GMT
02:44:38.797 [Test worker] DEBUG org.apache.http.headers - http-outgoing-124 << Content-Length: 1215
02:44:38.797 [Test worker] DEBUG o.a.h.impl.execchain.MainClientExec - Connection can be kept alive indefinitely
02:44:38.797 [Test worker] DEBUG c.g.d.j.JerseyDockerCmdExecFactory - 2 * Client response received on thread Test worker
2 < 200
2 < Content-Length: 1215
2 < Content-Type: application/json
2 < Date: Tue, 18 Oct 2016 00:44:38 GMT
2 < Server: Docker/1.12.1 (linux)
[{"Id":"sha256:f753707788c5c100f194ce0a73058faae1a457774efcda6c1469544a114f8644","ParentId":"","RepoTags":["ubuntu:latest"],"RepoDigests":["ubuntu@sha256:2d44ae143feeb36f4c898d32ed2ab2dffeb3a573d2d8928646dfc9cb7deb1315"],"Created":1476393201,"Size":127161487,"VirtualSize":127161487,"Labels":{}},{"Id":"sha256:d654de4499473ed41349b54a988b6f46a7fc92e3fa2d61e102bf2660a0116e25","ParentId":"","RepoTags":["sakib37/iperf3:latest"],"RepoDigests":["sakib37/iperf3@sha256:8d80a810f8f508c074b14d02555f20110eac382c8dbda7252075392983629d40"],"Created":1474907599,"Size":199456654,"VirtualSize":199456654,"Labels":{}},{"Id":"sha256:45bc58500fa3d3c0d67233d4a7798134b46b486af1389ca87000c543f46c3d24","ParentId":"","RepoTags":["ubuntu:16.04"],"RepoDigests":["ubuntu@sha256:3235a49037919e99696d97df8d8a230717272d848ee4ddadbca8d54f97ee30cb"],"Created":1474304481,"Size":126872298,"VirtualSize":126872298,"Labels":{}},{"Id":"sha256:6fae60ef344644649a39240b94d73b8ba9c67f898ede85cf8e947a887b3e6557","ParentId":"","RepoTags":["training/webapp:latest"],"RepoDigests":["training/webapp@sha256:06e9c1983bd6d5db5fba376ccd63bfa529e8d02f23d5079b8f74a616308fb11d"],"Created":1431710615,"Size":348791356,"VirtualSize":348791356,"Labels":{}}]


02:44:38.798 [Test worker] DEBUG o.a.h.i.c.DefaultManagedHttpClientConnection - http-outgoing-124: Close connection
02:44:38.799 [Test worker] DEBUG o.a.h.impl.execchain.MainClientExec - Connection discarded
02:44:38.799 [Test worker] DEBUG c.g.d.j.JerseyDockerCmdExecFactory$1 - Connection released: [id: 124][route: {}->http://localhost:2375][total kept alive: 0; route allocated: 0 of 2; total allocated: 0 of 20]
02:44:38.799 [Test worker] DEBUG org.openbaton.docker.DockerVim - Found a docker image, transformed into a NFV Image Image{id='sha256:f753707788c5c100f194ce0a73058faae1a457774efcda6c1469544a114f8644', name='ubuntu', version=0, extId='null', minRam='0', minDiskSpace='0', minCPU='null', public='true', diskFormat='null', containerFormat='docker', created='Sun Jan 18 03:06:33 CET 1970', updated='null'}
02:44:38.800 [Test worker] DEBUG c.g.d.core.command.AbstrDockerCmd - Cmd: 4fcc5c67a99df97a679757ac26b08916e993f40e7594553d26f02b9516494f11,2,com.github.dockerjava.jaxrs.StopContainerCmdExec@a7bc66b
02:44:38.807 [Test worker] DEBUG c.g.d.j.JerseyDockerCmdExecFactory - 1 * Sending client request on thread Test worker
1 > POST http://localhost:2375/containers/4fcc5c67a99df97a679757ac26b08916e993f40e7594553d26f02b9516494f11/stop?t=2
1 > Accept: application/json

02:44:38.807 [Test worker] DEBUG o.a.h.c.protocol.RequestAddCookies - CookieSpec selected: default
02:44:38.807 [Test worker] DEBUG o.a.h.c.protocol.RequestAuthCache - Auth cache not set in the context
02:44:38.807 [Test worker] DEBUG c.g.d.j.JerseyDockerCmdExecFactory$1 - Connection request: [route: {}->http://localhost:2375][total kept alive: 0; route allocated: 0 of 2; total allocated: 0 of 20]
02:44:38.807 [Test worker] DEBUG c.g.d.j.JerseyDockerCmdExecFactory$1 - Connection leased: [id: 125][route: {}->http://localhost:2375][total kept alive: 0; route allocated: 1 of 2; total allocated: 1 of 20]
02:44:38.808 [Test worker] DEBUG o.a.h.impl.execchain.MainClientExec - Opening connection {}->http://localhost:2375
02:44:38.808 [Test worker] DEBUG o.a.h.i.c.DefaultHttpClientConnectionOperator - Connecting to localhost/127.0.0.1:2375
02:44:38.808 [Test worker] DEBUG o.a.h.i.c.DefaultHttpClientConnectionOperator - Connection established 127.0.0.1:57266<->127.0.0.1:2375
02:44:38.808 [Test worker] DEBUG o.a.h.impl.execchain.MainClientExec - Executing request POST /containers/4fcc5c67a99df97a679757ac26b08916e993f40e7594553d26f02b9516494f11/stop?t=2 HTTP/1.1
02:44:38.808 [Test worker] DEBUG o.a.h.impl.execchain.MainClientExec - Target auth state: UNCHALLENGED
02:44:38.808 [Test worker] DEBUG o.a.h.impl.execchain.MainClientExec - Proxy auth state: UNCHALLENGED
02:44:38.808 [Test worker] DEBUG org.apache.http.headers - http-outgoing-125 >> POST /containers/4fcc5c67a99df97a679757ac26b08916e993f40e7594553d26f02b9516494f11/stop?t=2 HTTP/1.1
02:44:38.808 [Test worker] DEBUG org.apache.http.headers - http-outgoing-125 >> Accept: application/json
02:44:38.808 [Test worker] DEBUG org.apache.http.headers - http-outgoing-125 >> User-Agent: Jersey/2.23.1 (Apache HttpClient 4.5.1)
02:44:38.808 [Test worker] DEBUG org.apache.http.headers - http-outgoing-125 >> Host: localhost:2375
02:44:38.808 [Test worker] DEBUG org.apache.http.headers - http-outgoing-125 >> Connection: Keep-Alive
02:44:38.809 [Test worker] DEBUG org.apache.http.headers - http-outgoing-125 >> Accept-Encoding: gzip,deflate
02:44:38.809 [Test worker] DEBUG org.apache.http.wire - http-outgoing-125 >> "POST /containers/4fcc5c67a99df97a679757ac26b08916e993f40e7594553d26f02b9516494f11/stop?t=2 HTTP/1.1[\r][\n]"
02:44:38.809 [Test worker] DEBUG org.apache.http.wire - http-outgoing-125 >> "Accept: application/json[\r][\n]"
02:44:38.809 [Test worker] DEBUG org.apache.http.wire - http-outgoing-125 >> "User-Agent: Jersey/2.23.1 (Apache HttpClient 4.5.1)[\r][\n]"
02:44:38.809 [Test worker] DEBUG org.apache.http.wire - http-outgoing-125 >> "Host: localhost:2375[\r][\n]"
02:44:38.809 [Test worker] DEBUG org.apache.http.wire - http-outgoing-125 >> "Connection: Keep-Alive[\r][\n]"
02:44:38.809 [Test worker] DEBUG org.apache.http.wire - http-outgoing-125 >> "Accept-Encoding: gzip,deflate[\r][\n]"
02:44:38.809 [Test worker] DEBUG org.apache.http.wire - http-outgoing-125 >> "[\r][\n]"
02:44:40.889 [Test worker] DEBUG org.apache.http.wire - http-outgoing-125 << "HTTP/1.1 204 No Content[\r][\n]"
02:44:40.889 [Test worker] DEBUG org.apache.http.wire - http-outgoing-125 << "Server: Docker/1.12.1 (linux)[\r][\n]"
02:44:40.889 [Test worker] DEBUG org.apache.http.wire - http-outgoing-125 << "Date: Tue, 18 Oct 2016 00:44:40 GMT[\r][\n]"
02:44:40.889 [Test worker] DEBUG org.apache.http.wire - http-outgoing-125 << "[\r][\n]"
02:44:40.889 [Test worker] DEBUG org.apache.http.headers - http-outgoing-125 << HTTP/1.1 204 No Content
02:44:40.889 [Test worker] DEBUG org.apache.http.headers - http-outgoing-125 << Server: Docker/1.12.1 (linux)
02:44:40.889 [Test worker] DEBUG org.apache.http.headers - http-outgoing-125 << Date: Tue, 18 Oct 2016 00:44:40 GMT
02:44:40.889 [Test worker] DEBUG o.a.h.impl.execchain.MainClientExec - Connection can be kept alive indefinitely
02:44:40.889 [Test worker] DEBUG c.g.d.j.JerseyDockerCmdExecFactory$1 - Connection [id: 125][route: {}->http://localhost:2375] can be kept alive indefinitely
02:44:40.889 [Test worker] DEBUG c.g.d.j.JerseyDockerCmdExecFactory$1 - Connection released: [id: 125][route: {}->http://localhost:2375][total kept alive: 1; route allocated: 1 of 2; total allocated: 1 of 20]
02:44:40.889 [Test worker] DEBUG c.g.d.j.JerseyDockerCmdExecFactory - 2 * Client response received on thread Test worker
2 < 204
2 < Date: Tue, 18 Oct 2016 00:44:40 GMT
2 < Server: Docker/1.12.1 (linux)

02:44:40.890 [Test worker] DEBUG c.g.d.core.command.AbstrDockerCmd - Cmd: 4fcc5c67a99df97a679757ac26b08916e993f40e7594553d26f02b9516494f11,<null>,<null>,com.github.dockerjava.jaxrs.RemoveContainerCmdExec@5b77a8d8
02:44:40.890 [Test worker] DEBUG c.g.d.j.JerseyDockerCmdExecFactory - 3 * Sending client request on thread Test worker
3 > DELETE http://localhost:2375/containers/4fcc5c67a99df97a679757ac26b08916e993f40e7594553d26f02b9516494f11
3 > Accept: application/json

02:44:40.890 [Test worker] DEBUG o.a.h.c.protocol.RequestAddCookies - CookieSpec selected: default
02:44:40.890 [Test worker] DEBUG o.a.h.c.protocol.RequestAuthCache - Auth cache not set in the context
02:44:40.890 [Test worker] DEBUG c.g.d.j.JerseyDockerCmdExecFactory$1 - Connection request: [route: {}->http://localhost:2375][total kept alive: 1; route allocated: 1 of 2; total allocated: 1 of 20]
02:44:40.890 [Test worker] DEBUG c.g.d.j.JerseyDockerCmdExecFactory$1 - Connection leased: [id: 125][route: {}->http://localhost:2375][total kept alive: 0; route allocated: 1 of 2; total allocated: 1 of 20]
02:44:40.890 [Test worker] DEBUG o.a.h.impl.execchain.MainClientExec - Executing request DELETE /containers/4fcc5c67a99df97a679757ac26b08916e993f40e7594553d26f02b9516494f11 HTTP/1.1
02:44:40.890 [Test worker] DEBUG o.a.h.impl.execchain.MainClientExec - Target auth state: UNCHALLENGED
02:44:40.890 [Test worker] DEBUG o.a.h.impl.execchain.MainClientExec - Proxy auth state: UNCHALLENGED
02:44:40.891 [Test worker] DEBUG org.apache.http.headers - http-outgoing-125 >> DELETE /containers/4fcc5c67a99df97a679757ac26b08916e993f40e7594553d26f02b9516494f11 HTTP/1.1
02:44:40.891 [Test worker] DEBUG org.apache.http.headers - http-outgoing-125 >> Accept: application/json
02:44:40.891 [Test worker] DEBUG org.apache.http.headers - http-outgoing-125 >> User-Agent: Jersey/2.23.1 (Apache HttpClient 4.5.1)
02:44:40.891 [Test worker] DEBUG org.apache.http.headers - http-outgoing-125 >> Host: localhost:2375
02:44:40.891 [Test worker] DEBUG org.apache.http.headers - http-outgoing-125 >> Connection: Keep-Alive
02:44:40.891 [Test worker] DEBUG org.apache.http.headers - http-outgoing-125 >> Accept-Encoding: gzip,deflate
02:44:40.891 [Test worker] DEBUG org.apache.http.wire - http-outgoing-125 >> "DELETE /containers/4fcc5c67a99df97a679757ac26b08916e993f40e7594553d26f02b9516494f11 HTTP/1.1[\r][\n]"
02:44:40.891 [Test worker] DEBUG org.apache.http.wire - http-outgoing-125 >> "Accept: application/json[\r][\n]"
02:44:40.891 [Test worker] DEBUG org.apache.http.wire - http-outgoing-125 >> "User-Agent: Jersey/2.23.1 (Apache HttpClient 4.5.1)[\r][\n]"
02:44:40.891 [Test worker] DEBUG org.apache.http.wire - http-outgoing-125 >> "Host: localhost:2375[\r][\n]"
02:44:40.891 [Test worker] DEBUG org.apache.http.wire - http-outgoing-125 >> "Connection: Keep-Alive[\r][\n]"
02:44:40.891 [Test worker] DEBUG org.apache.http.wire - http-outgoing-125 >> "Accept-Encoding: gzip,deflate[\r][\n]"
02:44:40.891 [Test worker] DEBUG org.apache.http.wire - http-outgoing-125 >> "[\r][\n]"
02:44:40.895 [Test worker] DEBUG org.apache.http.wire - http-outgoing-125 << "HTTP/1.1 204 No Content[\r][\n]"
02:44:40.895 [Test worker] DEBUG org.apache.http.wire - http-outgoing-125 << "Server: Docker/1.12.1 (linux)[\r][\n]"
02:44:40.895 [Test worker] DEBUG org.apache.http.wire - http-outgoing-125 << "Date: Tue, 18 Oct 2016 00:44:40 GMT[\r][\n]"
02:44:40.895 [Test worker] DEBUG org.apache.http.wire - http-outgoing-125 << "[\r][\n]"
02:44:40.895 [Test worker] DEBUG org.apache.http.headers - http-outgoing-125 << HTTP/1.1 204 No Content
02:44:40.895 [Test worker] DEBUG org.apache.http.headers - http-outgoing-125 << Server: Docker/1.12.1 (linux)
02:44:40.895 [Test worker] DEBUG org.apache.http.headers - http-outgoing-125 << Date: Tue, 18 Oct 2016 00:44:40 GMT
02:44:40.896 [Test worker] DEBUG o.a.h.impl.execchain.MainClientExec - Connection can be kept alive indefinitely
02:44:40.896 [Test worker] DEBUG c.g.d.j.JerseyDockerCmdExecFactory$1 - Connection [id: 125][route: {}->http://localhost:2375] can be kept alive indefinitely
02:44:40.896 [Test worker] DEBUG c.g.d.j.JerseyDockerCmdExecFactory$1 - Connection released: [id: 125][route: {}->http://localhost:2375][total kept alive: 1; route allocated: 1 of 2; total allocated: 1 of 20]
02:44:40.896 [Test worker] DEBUG c.g.d.j.JerseyDockerCmdExecFactory - 4 * Client response received on thread Test worker
4 < 204
4 < Date: Tue, 18 Oct 2016 00:44:40 GMT
4 < Server: Docker/1.12.1 (linux)

02:44:40.896 [Test worker] DEBUG org.openbaton.docker.DockerVim - Server deleted successfully
02:44:40.897 [Test worker] DEBUG c.g.d.core.command.AbstrDockerCmd - Cmd: com.github.dockerjava.core.util.FiltersBuilder@0,com.github.dockerjava.jaxrs.ListNetworksCmdExec@18376bd8
02:44:40.906 [Test worker] DEBUG c.g.d.j.JerseyDockerCmdExecFactory - 1 * Sending client request on thread Test worker
1 > GET http://localhost:2375/networks
1 > Accept: application/json

02:44:40.907 [Test worker] DEBUG o.a.h.c.protocol.RequestAddCookies - CookieSpec selected: default
02:44:40.907 [Test worker] DEBUG o.a.h.c.protocol.RequestAuthCache - Auth cache not set in the context
02:44:40.907 [Test worker] DEBUG c.g.d.j.JerseyDockerCmdExecFactory$1 - Connection request: [route: {}->http://localhost:2375][total kept alive: 0; route allocated: 0 of 2; total allocated: 0 of 20]
02:44:40.907 [Test worker] DEBUG c.g.d.j.JerseyDockerCmdExecFactory$1 - Connection leased: [id: 126][route: {}->http://localhost:2375][total kept alive: 0; route allocated: 1 of 2; total allocated: 1 of 20]
02:44:40.907 [Test worker] DEBUG o.a.h.impl.execchain.MainClientExec - Opening connection {}->http://localhost:2375
02:44:40.907 [Test worker] DEBUG o.a.h.i.c.DefaultHttpClientConnectionOperator - Connecting to localhost/127.0.0.1:2375
02:44:40.907 [Test worker] DEBUG o.a.h.i.c.DefaultHttpClientConnectionOperator - Connection established 127.0.0.1:57268<->127.0.0.1:2375
02:44:40.907 [Test worker] DEBUG o.a.h.impl.execchain.MainClientExec - Executing request GET /networks HTTP/1.1
02:44:40.908 [Test worker] DEBUG o.a.h.impl.execchain.MainClientExec - Target auth state: UNCHALLENGED
02:44:40.908 [Test worker] DEBUG o.a.h.impl.execchain.MainClientExec - Proxy auth state: UNCHALLENGED
02:44:40.908 [Test worker] DEBUG org.apache.http.headers - http-outgoing-126 >> GET /networks HTTP/1.1
02:44:40.908 [Test worker] DEBUG org.apache.http.headers - http-outgoing-126 >> Accept: application/json
02:44:40.908 [Test worker] DEBUG org.apache.http.headers - http-outgoing-126 >> User-Agent: Jersey/2.23.1 (Apache HttpClient 4.5.1)
02:44:40.908 [Test worker] DEBUG org.apache.http.headers - http-outgoing-126 >> Host: localhost:2375
02:44:40.908 [Test worker] DEBUG org.apache.http.headers - http-outgoing-126 >> Connection: Keep-Alive
02:44:40.908 [Test worker] DEBUG org.apache.http.headers - http-outgoing-126 >> Accept-Encoding: gzip,deflate
02:44:40.908 [Test worker] DEBUG org.apache.http.wire - http-outgoing-126 >> "GET /networks HTTP/1.1[\r][\n]"
02:44:40.908 [Test worker] DEBUG org.apache.http.wire - http-outgoing-126 >> "Accept: application/json[\r][\n]"
02:44:40.908 [Test worker] DEBUG org.apache.http.wire - http-outgoing-126 >> "User-Agent: Jersey/2.23.1 (Apache HttpClient 4.5.1)[\r][\n]"
02:44:40.908 [Test worker] DEBUG org.apache.http.wire - http-outgoing-126 >> "Host: localhost:2375[\r][\n]"
02:44:40.908 [Test worker] DEBUG org.apache.http.wire - http-outgoing-126 >> "Connection: Keep-Alive[\r][\n]"
02:44:40.908 [Test worker] DEBUG org.apache.http.wire - http-outgoing-126 >> "Accept-Encoding: gzip,deflate[\r][\n]"
02:44:40.909 [Test worker] DEBUG org.apache.http.wire - http-outgoing-126 >> "[\r][\n]"
02:44:40.909 [Test worker] DEBUG org.apache.http.wire - http-outgoing-126 << "HTTP/1.1 200 OK[\r][\n]"
02:44:40.909 [Test worker] DEBUG org.apache.http.wire - http-outgoing-126 << "Content-Type: application/json[\r][\n]"
02:44:40.909 [Test worker] DEBUG org.apache.http.wire - http-outgoing-126 << "Server: Docker/1.12.1 (linux)[\r][\n]"
02:44:40.909 [Test worker] DEBUG org.apache.http.wire - http-outgoing-126 << "Date: Tue, 18 Oct 2016 00:44:40 GMT[\r][\n]"
02:44:40.909 [Test worker] DEBUG org.apache.http.wire - http-outgoing-126 << "Content-Length: 1100[\r][\n]"
02:44:40.909 [Test worker] DEBUG org.apache.http.wire - http-outgoing-126 << "[\r][\n]"
02:44:40.909 [Test worker] DEBUG org.apache.http.wire - http-outgoing-126 << "[{"Name":"bridge","Id":"90941628611ab58d4fa4db6bcd1806afb9bf994c4562bea7ae3dc9153b373da5","Scope":"local","Driver":"bridge","EnableIPv6":false,"IPAM":{"Driver":"default","Options":null,"Config":[{"Subnet":"172.17.0.0/16","Gateway":"172.17.0.1"}]},"Internal":false,"Containers":{},"Options":{"com.docker.network.bridge.default_bridge":"true","com.docker.network.bridge.enable_icc":"true","com.docker.network.bridge.enable_ip_masquerade":"true","com.docker.network.bridge.host_binding_ipv4":"0.0.0.0","com.docker.network.bridge.name":"docker0","com.docker.network.driver.mtu":"1500"},"Labels":{}},{"Name":"none","Id":"4d89c194eb79cd2beb38458d10a1b98c74d6b8462af72afde29ae7aca53ed5ca","Scope":"local","Driver":"null","EnableIPv6":false,"IPAM":{"Driver":"default","Options":null,"Config":[]},"Internal":false,"Containers":{},"Options":{},"Labels":{}},{"Name":"host","Id":"fe042b0866671b5be4f097ba43830c0a02959c058702d18e18c14a24d88a357d","Scope":"local","Driver":"host","EnableIPv6":false,"IPAM":{"Driver":"default","Options":null,"Config":[]},"Internal":false,"Containers":{},"Options":{},"Labels":{}}][\n]"
02:44:40.909 [Test worker] DEBUG org.apache.http.headers - http-outgoing-126 << HTTP/1.1 200 OK
02:44:40.909 [Test worker] DEBUG org.apache.http.headers - http-outgoing-126 << Content-Type: application/json
02:44:40.909 [Test worker] DEBUG org.apache.http.headers - http-outgoing-126 << Server: Docker/1.12.1 (linux)
02:44:40.909 [Test worker] DEBUG org.apache.http.headers - http-outgoing-126 << Date: Tue, 18 Oct 2016 00:44:40 GMT
02:44:40.909 [Test worker] DEBUG org.apache.http.headers - http-outgoing-126 << Content-Length: 1100
02:44:40.910 [Test worker] DEBUG o.a.h.impl.execchain.MainClientExec - Connection can be kept alive indefinitely
02:44:40.910 [Test worker] DEBUG c.g.d.j.JerseyDockerCmdExecFactory - 2 * Client response received on thread Test worker
2 < 200
2 < Content-Length: 1100
2 < Content-Type: application/json
2 < Date: Tue, 18 Oct 2016 00:44:40 GMT
2 < Server: Docker/1.12.1 (linux)
[{"Name":"bridge","Id":"90941628611ab58d4fa4db6bcd1806afb9bf994c4562bea7ae3dc9153b373da5","Scope":"local","Driver":"bridge","EnableIPv6":false,"IPAM":{"Driver":"default","Options":null,"Config":[{"Subnet":"172.17.0.0/16","Gateway":"172.17.0.1"}]},"Internal":false,"Containers":{},"Options":{"com.docker.network.bridge.default_bridge":"true","com.docker.network.bridge.enable_icc":"true","com.docker.network.bridge.enable_ip_masquerade":"true","com.docker.network.bridge.host_binding_ipv4":"0.0.0.0","com.docker.network.bridge.name":"docker0","com.docker.network.driver.mtu":"1500"},"Labels":{}},{"Name":"none","Id":"4d89c194eb79cd2beb38458d10a1b98c74d6b8462af72afde29ae7aca53ed5ca","Scope":"local","Driver":"null","EnableIPv6":false,"IPAM":{"Driver":"default","Options":null,"Config":[]},"Internal":false,"Containers":{},"Options":{},"Labels":{}},{"Name":"host","Id":"fe042b0866671b5be4f097ba43830c0a02959c058702d18e18c14a24d88a357d","Scope":"local","Driver":"host","EnableIPv6":false,"IPAM":{"Driver":"default","Options":null,"Config":[]},"Internal":false,"Containers":{},"Options":{},"Labels":{}}]


02:44:40.912 [Test worker] DEBUG o.a.h.i.c.DefaultManagedHttpClientConnection - http-outgoing-126: Close connection
02:44:40.912 [Test worker] DEBUG o.a.h.impl.execchain.MainClientExec - Connection discarded
02:44:40.912 [Test worker] DEBUG c.g.d.j.JerseyDockerCmdExecFactory$1 - Connection released: [id: 126][route: {}->http://localhost:2375][total kept alive: 0; route allocated: 0 of 2; total allocated: 0 of 20]
02:44:40.913 [Test worker] DEBUG c.g.d.core.command.AbstrDockerCmd - Cmd: com.github.dockerjava.core.util.FiltersBuilder@0,com.github.dockerjava.jaxrs.ListVolumesCmdExec@420abb1b
02:44:40.913 [Test worker] DEBUG c.g.d.j.JerseyDockerCmdExecFactory - 3 * Sending client request on thread Test worker
3 > GET http://localhost:2375/volumes
3 > Accept: application/json

02:44:40.914 [Test worker] DEBUG o.a.h.c.protocol.RequestAddCookies - CookieSpec selected: default
02:44:40.914 [Test worker] DEBUG o.a.h.c.protocol.RequestAuthCache - Auth cache not set in the context
02:44:40.914 [Test worker] DEBUG c.g.d.j.JerseyDockerCmdExecFactory$1 - Connection request: [route: {}->http://localhost:2375][total kept alive: 0; route allocated: 0 of 2; total allocated: 0 of 20]
02:44:40.914 [Test worker] DEBUG c.g.d.j.JerseyDockerCmdExecFactory$1 - Connection leased: [id: 127][route: {}->http://localhost:2375][total kept alive: 0; route allocated: 1 of 2; total allocated: 1 of 20]
02:44:40.914 [Test worker] DEBUG o.a.h.impl.execchain.MainClientExec - Opening connection {}->http://localhost:2375
02:44:40.914 [Test worker] DEBUG o.a.h.i.c.DefaultHttpClientConnectionOperator - Connecting to localhost/127.0.0.1:2375
02:44:40.914 [Test worker] DEBUG o.a.h.i.c.DefaultHttpClientConnectionOperator - Connection established 127.0.0.1:57270<->127.0.0.1:2375
02:44:40.914 [Test worker] DEBUG o.a.h.impl.execchain.MainClientExec - Executing request GET /volumes HTTP/1.1
02:44:40.914 [Test worker] DEBUG o.a.h.impl.execchain.MainClientExec - Target auth state: UNCHALLENGED
02:44:40.914 [Test worker] DEBUG o.a.h.impl.execchain.MainClientExec - Proxy auth state: UNCHALLENGED
02:44:40.914 [Test worker] DEBUG org.apache.http.headers - http-outgoing-127 >> GET /volumes HTTP/1.1
02:44:40.915 [Test worker] DEBUG org.apache.http.headers - http-outgoing-127 >> Accept: application/json
02:44:40.915 [Test worker] DEBUG org.apache.http.headers - http-outgoing-127 >> User-Agent: Jersey/2.23.1 (Apache HttpClient 4.5.1)
02:44:40.915 [Test worker] DEBUG org.apache.http.headers - http-outgoing-127 >> Host: localhost:2375
02:44:40.915 [Test worker] DEBUG org.apache.http.headers - http-outgoing-127 >> Connection: Keep-Alive
02:44:40.915 [Test worker] DEBUG org.apache.http.headers - http-outgoing-127 >> Accept-Encoding: gzip,deflate
02:44:40.915 [Test worker] DEBUG org.apache.http.wire - http-outgoing-127 >> "GET /volumes HTTP/1.1[\r][\n]"
02:44:40.915 [Test worker] DEBUG org.apache.http.wire - http-outgoing-127 >> "Accept: application/json[\r][\n]"
02:44:40.915 [Test worker] DEBUG org.apache.http.wire - http-outgoing-127 >> "User-Agent: Jersey/2.23.1 (Apache HttpClient 4.5.1)[\r][\n]"
02:44:40.915 [Test worker] DEBUG org.apache.http.wire - http-outgoing-127 >> "Host: localhost:2375[\r][\n]"
02:44:40.915 [Test worker] DEBUG org.apache.http.wire - http-outgoing-127 >> "Connection: Keep-Alive[\r][\n]"
02:44:40.915 [Test worker] DEBUG org.apache.http.wire - http-outgoing-127 >> "Accept-Encoding: gzip,deflate[\r][\n]"
02:44:40.915 [Test worker] DEBUG org.apache.http.wire - http-outgoing-127 >> "[\r][\n]"
02:44:40.915 [Test worker] DEBUG org.apache.http.wire - http-outgoing-127 << "HTTP/1.1 200 OK[\r][\n]"
02:44:40.915 [Test worker] DEBUG org.apache.http.wire - http-outgoing-127 << "Content-Type: application/json[\r][\n]"
02:44:40.915 [Test worker] DEBUG org.apache.http.wire - http-outgoing-127 << "Server: Docker/1.12.1 (linux)[\r][\n]"
02:44:40.915 [Test worker] DEBUG org.apache.http.wire - http-outgoing-127 << "Date: Tue, 18 Oct 2016 00:44:40 GMT[\r][\n]"
02:44:40.915 [Test worker] DEBUG org.apache.http.wire - http-outgoing-127 << "Content-Length: 33[\r][\n]"
02:44:40.916 [Test worker] DEBUG org.apache.http.wire - http-outgoing-127 << "[\r][\n]"
02:44:40.916 [Test worker] DEBUG org.apache.http.wire - http-outgoing-127 << "{"Volumes":null,"Warnings":null}[\n]"
02:44:40.916 [Test worker] DEBUG org.apache.http.headers - http-outgoing-127 << HTTP/1.1 200 OK
02:44:40.916 [Test worker] DEBUG org.apache.http.headers - http-outgoing-127 << Content-Type: application/json
02:44:40.916 [Test worker] DEBUG org.apache.http.headers - http-outgoing-127 << Server: Docker/1.12.1 (linux)
02:44:40.916 [Test worker] DEBUG org.apache.http.headers - http-outgoing-127 << Date: Tue, 18 Oct 2016 00:44:40 GMT
02:44:40.916 [Test worker] DEBUG org.apache.http.headers - http-outgoing-127 << Content-Length: 33
02:44:40.916 [Test worker] DEBUG o.a.h.impl.execchain.MainClientExec - Connection can be kept alive indefinitely
02:44:40.916 [Test worker] DEBUG c.g.d.j.JerseyDockerCmdExecFactory - 4 * Client response received on thread Test worker
4 < 200
4 < Content-Length: 33
4 < Content-Type: application/json
4 < Date: Tue, 18 Oct 2016 00:44:40 GMT
4 < Server: Docker/1.12.1 (linux)
{"Volumes":null,"Warnings":null}


02:44:40.917 [Test worker] DEBUG o.a.h.i.c.DefaultManagedHttpClientConnection - http-outgoing-127: Close connection
02:44:40.921 [Test worker] DEBUG o.a.h.impl.execchain.MainClientExec - Connection discarded
02:44:40.921 [Test worker] DEBUG c.g.d.j.JerseyDockerCmdExecFactory$1 - Connection released: [id: 127][route: {}->http://localhost:2375][total kept alive: 0; route allocated: 0 of 2; total allocated: 0 of 20]
02:44:40.921 [Test worker] DEBUG org.openbaton.docker.DockerVim - Loading properties
02:44:40.922 [Test worker] DEBUG org.openbaton.docker.DockerVim - Loaded properties: {type=docker}
02:44:40.925 [Test worker] DEBUG c.g.d.core.command.AbstrDockerCmd - Cmd: -1,<null>,true,<null>,<null>,com.github.dockerjava.core.util.FiltersBuilder@0,com.github.dockerjava.jaxrs.ListContainersCmdExec@1aa69b89
02:44:40.945 [Test worker] DEBUG c.g.d.j.JerseyDockerCmdExecFactory - 1 * Sending client request on thread Test worker
1 > GET http://localhost:2375/containers/json?all=true
1 > Accept: application/json

02:44:40.945 [Test worker] DEBUG o.a.h.c.protocol.RequestAddCookies - CookieSpec selected: default
02:44:40.946 [Test worker] DEBUG o.a.h.c.protocol.RequestAuthCache - Auth cache not set in the context
02:44:40.946 [Test worker] DEBUG c.g.d.j.JerseyDockerCmdExecFactory$1 - Connection request: [route: {}->http://localhost:2375][total kept alive: 0; route allocated: 0 of 2; total allocated: 0 of 20]
02:44:40.946 [Test worker] DEBUG c.g.d.j.JerseyDockerCmdExecFactory$1 - Connection leased: [id: 128][route: {}->http://localhost:2375][total kept alive: 0; route allocated: 1 of 2; total allocated: 1 of 20]
02:44:40.947 [Test worker] DEBUG o.a.h.impl.execchain.MainClientExec - Opening connection {}->http://localhost:2375
02:44:40.947 [Test worker] DEBUG o.a.h.i.c.DefaultHttpClientConnectionOperator - Connecting to localhost/127.0.0.1:2375
02:44:40.947 [Test worker] DEBUG o.a.h.i.c.DefaultHttpClientConnectionOperator - Connection established 127.0.0.1:57272<->127.0.0.1:2375
02:44:40.947 [Test worker] DEBUG o.a.h.impl.execchain.MainClientExec - Executing request GET /containers/json?all=true HTTP/1.1
02:44:40.947 [Test worker] DEBUG o.a.h.impl.execchain.MainClientExec - Target auth state: UNCHALLENGED
02:44:40.947 [Test worker] DEBUG o.a.h.impl.execchain.MainClientExec - Proxy auth state: UNCHALLENGED
02:44:40.947 [Test worker] DEBUG org.apache.http.headers - http-outgoing-128 >> GET /containers/json?all=true HTTP/1.1
02:44:40.947 [Test worker] DEBUG org.apache.http.headers - http-outgoing-128 >> Accept: application/json
02:44:40.948 [Test worker] DEBUG org.apache.http.headers - http-outgoing-128 >> User-Agent: Jersey/2.23.1 (Apache HttpClient 4.5.1)
02:44:40.948 [Test worker] DEBUG org.apache.http.headers - http-outgoing-128 >> Host: localhost:2375
02:44:40.948 [Test worker] DEBUG org.apache.http.headers - http-outgoing-128 >> Connection: Keep-Alive
02:44:40.948 [Test worker] DEBUG org.apache.http.headers - http-outgoing-128 >> Accept-Encoding: gzip,deflate
02:44:40.948 [Test worker] DEBUG org.apache.http.wire - http-outgoing-128 >> "GET /containers/json?all=true HTTP/1.1[\r][\n]"
02:44:40.948 [Test worker] DEBUG org.apache.http.wire - http-outgoing-128 >> "Accept: application/json[\r][\n]"
02:44:40.948 [Test worker] DEBUG org.apache.http.wire - http-outgoing-128 >> "User-Agent: Jersey/2.23.1 (Apache HttpClient 4.5.1)[\r][\n]"
02:44:40.948 [Test worker] DEBUG org.apache.http.wire - http-outgoing-128 >> "Host: localhost:2375[\r][\n]"
02:44:40.948 [Test worker] DEBUG org.apache.http.wire - http-outgoing-128 >> "Connection: Keep-Alive[\r][\n]"
02:44:40.948 [Test worker] DEBUG org.apache.http.wire - http-outgoing-128 >> "Accept-Encoding: gzip,deflate[\r][\n]"
02:44:40.948 [Test worker] DEBUG org.apache.http.wire - http-outgoing-128 >> "[\r][\n]"
02:44:40.948 [Test worker] DEBUG org.apache.http.wire - http-outgoing-128 << "HTTP/1.1 200 OK[\r][\n]"
02:44:40.948 [Test worker] DEBUG org.apache.http.wire - http-outgoing-128 << "Content-Type: application/json[\r][\n]"
02:44:40.948 [Test worker] DEBUG org.apache.http.wire - http-outgoing-128 << "Server: Docker/1.12.1 (linux)[\r][\n]"
02:44:40.948 [Test worker] DEBUG org.apache.http.wire - http-outgoing-128 << "Date: Tue, 18 Oct 2016 00:44:40 GMT[\r][\n]"
02:44:40.949 [Test worker] DEBUG org.apache.http.wire - http-outgoing-128 << "Content-Length: 3[\r][\n]"
02:44:40.949 [Test worker] DEBUG org.apache.http.wire - http-outgoing-128 << "[\r][\n]"
02:44:40.949 [Test worker] DEBUG org.apache.http.wire - http-outgoing-128 << "[][\n]"
02:44:40.949 [Test worker] DEBUG org.apache.http.headers - http-outgoing-128 << HTTP/1.1 200 OK
02:44:40.949 [Test worker] DEBUG org.apache.http.headers - http-outgoing-128 << Content-Type: application/json
02:44:40.949 [Test worker] DEBUG org.apache.http.headers - http-outgoing-128 << Server: Docker/1.12.1 (linux)
02:44:40.949 [Test worker] DEBUG org.apache.http.headers - http-outgoing-128 << Date: Tue, 18 Oct 2016 00:44:40 GMT
02:44:40.949 [Test worker] DEBUG org.apache.http.headers - http-outgoing-128 << Content-Length: 3
02:44:40.950 [Test worker] DEBUG o.a.h.impl.execchain.MainClientExec - Connection can be kept alive indefinitely
02:44:40.950 [Test worker] DEBUG c.g.d.j.JerseyDockerCmdExecFactory - 2 * Client response received on thread Test worker
2 < 200
2 < Content-Length: 3
2 < Content-Type: application/json
2 < Date: Tue, 18 Oct 2016 00:44:40 GMT
2 < Server: Docker/1.12.1 (linux)
[]


02:44:40.951 [Test worker] DEBUG c.g.d.j.JerseyDockerCmdExecFactory$1 - Connection [id: 128][route: {}->http://localhost:2375] can be kept alive indefinitely
02:44:40.951 [Test worker] DEBUG c.g.d.j.JerseyDockerCmdExecFactory$1 - Connection released: [id: 128][route: {}->http://localhost:2375][total kept alive: 1; route allocated: 1 of 2; total allocated: 1 of 20]
02:44:40.960 [Test worker] DEBUG c.g.d.core.command.AbstrDockerCmd - Cmd: com.github.dockerjava.core.util.FiltersBuilder@0,com.github.dockerjava.jaxrs.ListNetworksCmdExec@28a83765
02:44:40.971 [Test worker] DEBUG c.g.d.j.JerseyDockerCmdExecFactory - 1 * Sending client request on thread Test worker
1 > GET http://localhost:2375/networks
1 > Accept: application/json

02:44:40.971 [Test worker] DEBUG o.a.h.c.protocol.RequestAddCookies - CookieSpec selected: default
02:44:40.974 [Test worker] DEBUG o.a.h.c.protocol.RequestAuthCache - Auth cache not set in the context
02:44:40.975 [Test worker] DEBUG c.g.d.j.JerseyDockerCmdExecFactory$1 - Connection request: [route: {}->http://localhost:2375][total kept alive: 0; route allocated: 0 of 2; total allocated: 0 of 20]
02:44:40.975 [Test worker] DEBUG c.g.d.j.JerseyDockerCmdExecFactory$1 - Connection leased: [id: 129][route: {}->http://localhost:2375][total kept alive: 0; route allocated: 1 of 2; total allocated: 1 of 20]
02:44:40.975 [Test worker] DEBUG o.a.h.impl.execchain.MainClientExec - Opening connection {}->http://localhost:2375
02:44:40.975 [Test worker] DEBUG o.a.h.i.c.DefaultHttpClientConnectionOperator - Connecting to localhost/127.0.0.1:2375
02:44:40.975 [Test worker] DEBUG o.a.h.i.c.DefaultHttpClientConnectionOperator - Connection established 127.0.0.1:57274<->127.0.0.1:2375
02:44:40.975 [Test worker] DEBUG o.a.h.impl.execchain.MainClientExec - Executing request GET /networks HTTP/1.1
02:44:40.975 [Test worker] DEBUG o.a.h.impl.execchain.MainClientExec - Target auth state: UNCHALLENGED
02:44:40.975 [Test worker] DEBUG o.a.h.impl.execchain.MainClientExec - Proxy auth state: UNCHALLENGED
02:44:40.975 [Test worker] DEBUG org.apache.http.headers - http-outgoing-129 >> GET /networks HTTP/1.1
02:44:40.975 [Test worker] DEBUG org.apache.http.headers - http-outgoing-129 >> Accept: application/json
02:44:40.975 [Test worker] DEBUG org.apache.http.headers - http-outgoing-129 >> User-Agent: Jersey/2.23.1 (Apache HttpClient 4.5.1)
02:44:40.975 [Test worker] DEBUG org.apache.http.headers - http-outgoing-129 >> Host: localhost:2375
02:44:40.976 [Test worker] DEBUG org.apache.http.headers - http-outgoing-129 >> Connection: Keep-Alive
02:44:40.976 [Test worker] DEBUG org.apache.http.headers - http-outgoing-129 >> Accept-Encoding: gzip,deflate
02:44:40.976 [Test worker] DEBUG org.apache.http.wire - http-outgoing-129 >> "GET /networks HTTP/1.1[\r][\n]"
02:44:40.976 [Test worker] DEBUG org.apache.http.wire - http-outgoing-129 >> "Accept: application/json[\r][\n]"
02:44:40.976 [Test worker] DEBUG org.apache.http.wire - http-outgoing-129 >> "User-Agent: Jersey/2.23.1 (Apache HttpClient 4.5.1)[\r][\n]"
02:44:40.976 [Test worker] DEBUG org.apache.http.wire - http-outgoing-129 >> "Host: localhost:2375[\r][\n]"
02:44:40.976 [Test worker] DEBUG org.apache.http.wire - http-outgoing-129 >> "Connection: Keep-Alive[\r][\n]"
02:44:40.976 [Test worker] DEBUG org.apache.http.wire - http-outgoing-129 >> "Accept-Encoding: gzip,deflate[\r][\n]"
02:44:40.976 [Test worker] DEBUG org.apache.http.wire - http-outgoing-129 >> "[\r][\n]"
02:44:40.976 [Test worker] DEBUG org.apache.http.wire - http-outgoing-129 << "HTTP/1.1 200 OK[\r][\n]"
02:44:40.976 [Test worker] DEBUG org.apache.http.wire - http-outgoing-129 << "Content-Type: application/json[\r][\n]"
02:44:40.976 [Test worker] DEBUG org.apache.http.wire - http-outgoing-129 << "Server: Docker/1.12.1 (linux)[\r][\n]"
02:44:40.976 [Test worker] DEBUG org.apache.http.wire - http-outgoing-129 << "Date: Tue, 18 Oct 2016 00:44:40 GMT[\r][\n]"
02:44:40.976 [Test worker] DEBUG org.apache.http.wire - http-outgoing-129 << "Content-Length: 1100[\r][\n]"
02:44:40.976 [Test worker] DEBUG org.apache.http.wire - http-outgoing-129 << "[\r][\n]"
02:44:40.976 [Test worker] DEBUG org.apache.http.wire - http-outgoing-129 << "[{"Name":"bridge","Id":"90941628611ab58d4fa4db6bcd1806afb9bf994c4562bea7ae3dc9153b373da5","Scope":"local","Driver":"bridge","EnableIPv6":false,"IPAM":{"Driver":"default","Options":null,"Config":[{"Subnet":"172.17.0.0/16","Gateway":"172.17.0.1"}]},"Internal":false,"Containers":{},"Options":{"com.docker.network.bridge.default_bridge":"true","com.docker.network.bridge.enable_icc":"true","com.docker.network.bridge.enable_ip_masquerade":"true","com.docker.network.bridge.host_binding_ipv4":"0.0.0.0","com.docker.network.bridge.name":"docker0","com.docker.network.driver.mtu":"1500"},"Labels":{}},{"Name":"none","Id":"4d89c194eb79cd2beb38458d10a1b98c74d6b8462af72afde29ae7aca53ed5ca","Scope":"local","Driver":"null","EnableIPv6":false,"IPAM":{"Driver":"default","Options":null,"Config":[]},"Internal":false,"Containers":{},"Options":{},"Labels":{}},{"Name":"host","Id":"fe042b0866671b5be4f097ba43830c0a02959c058702d18e18c14a24d88a357d","Scope":"local","Driver":"host","EnableIPv6":false,"IPAM":{"Driver":"default","Options":null,"Config":[]},"Internal":false,"Containers":{},"Options":{},"Labels":{}}][\n]"
02:44:40.977 [Test worker] DEBUG org.apache.http.headers - http-outgoing-129 << HTTP/1.1 200 OK
02:44:40.977 [Test worker] DEBUG org.apache.http.headers - http-outgoing-129 << Content-Type: application/json
02:44:40.977 [Test worker] DEBUG org.apache.http.headers - http-outgoing-129 << Server: Docker/1.12.1 (linux)
02:44:40.977 [Test worker] DEBUG org.apache.http.headers - http-outgoing-129 << Date: Tue, 18 Oct 2016 00:44:40 GMT
02:44:40.977 [Test worker] DEBUG org.apache.http.headers - http-outgoing-129 << Content-Length: 1100
02:44:40.977 [Test worker] DEBUG o.a.h.impl.execchain.MainClientExec - Connection can be kept alive indefinitely
02:44:40.977 [Test worker] DEBUG c.g.d.j.JerseyDockerCmdExecFactory - 2 * Client response received on thread Test worker
2 < 200
2 < Content-Length: 1100
2 < Content-Type: application/json
2 < Date: Tue, 18 Oct 2016 00:44:40 GMT
2 < Server: Docker/1.12.1 (linux)
[{"Name":"bridge","Id":"90941628611ab58d4fa4db6bcd1806afb9bf994c4562bea7ae3dc9153b373da5","Scope":"local","Driver":"bridge","EnableIPv6":false,"IPAM":{"Driver":"default","Options":null,"Config":[{"Subnet":"172.17.0.0/16","Gateway":"172.17.0.1"}]},"Internal":false,"Containers":{},"Options":{"com.docker.network.bridge.default_bridge":"true","com.docker.network.bridge.enable_icc":"true","com.docker.network.bridge.enable_ip_masquerade":"true","com.docker.network.bridge.host_binding_ipv4":"0.0.0.0","com.docker.network.bridge.name":"docker0","com.docker.network.driver.mtu":"1500"},"Labels":{}},{"Name":"none","Id":"4d89c194eb79cd2beb38458d10a1b98c74d6b8462af72afde29ae7aca53ed5ca","Scope":"local","Driver":"null","EnableIPv6":false,"IPAM":{"Driver":"default","Options":null,"Config":[]},"Internal":false,"Containers":{},"Options":{},"Labels":{}},{"Name":"host","Id":"fe042b0866671b5be4f097ba43830c0a02959c058702d18e18c14a24d88a357d","Scope":"local","Driver":"host","EnableIPv6":false,"IPAM":{"Driver":"default","Options":null,"Config":[]},"Internal":false,"Containers":{},"Options":{},"Labels":{}}]


02:44:40.982 [Test worker] DEBUG o.a.h.i.c.DefaultManagedHttpClientConnection - http-outgoing-129: Close connection
02:44:40.982 [Test worker] DEBUG o.a.h.impl.execchain.MainClientExec - Connection discarded
02:44:40.982 [Test worker] DEBUG c.g.d.j.JerseyDockerCmdExecFactory$1 - Connection released: [id: 129][route: {}->http://localhost:2375][total kept alive: 0; route allocated: 0 of 2; total allocated: 0 of 20]
02:44:40.982 [Test worker] DEBUG c.g.d.core.command.AbstrDockerCmd - Cmd: com.github.dockerjava.core.util.FiltersBuilder@0,com.github.dockerjava.jaxrs.ListVolumesCmdExec@7c09534f
02:44:40.995 [Test worker] DEBUG c.g.d.j.JerseyDockerCmdExecFactory - 1 * Sending client request on thread Test worker
1 > GET http://localhost:2375/volumes
1 > Accept: application/json

02:44:40.997 [Test worker] DEBUG o.a.h.c.protocol.RequestAddCookies - CookieSpec selected: default
02:44:40.998 [Test worker] DEBUG o.a.h.c.protocol.RequestAuthCache - Auth cache not set in the context
02:44:40.998 [Test worker] DEBUG c.g.d.j.JerseyDockerCmdExecFactory$1 - Connection request: [route: {}->http://localhost:2375][total kept alive: 0; route allocated: 0 of 2; total allocated: 0 of 20]
02:44:40.998 [Test worker] DEBUG c.g.d.j.JerseyDockerCmdExecFactory$1 - Connection leased: [id: 130][route: {}->http://localhost:2375][total kept alive: 0; route allocated: 1 of 2; total allocated: 1 of 20]
02:44:40.998 [Test worker] DEBUG o.a.h.impl.execchain.MainClientExec - Opening connection {}->http://localhost:2375
02:44:40.998 [Test worker] DEBUG o.a.h.i.c.DefaultHttpClientConnectionOperator - Connecting to localhost/127.0.0.1:2375
02:44:40.998 [Test worker] DEBUG o.a.h.i.c.DefaultHttpClientConnectionOperator - Connection established 127.0.0.1:57276<->127.0.0.1:2375
02:44:40.999 [Test worker] DEBUG o.a.h.impl.execchain.MainClientExec - Executing request GET /volumes HTTP/1.1
02:44:40.999 [Test worker] DEBUG o.a.h.impl.execchain.MainClientExec - Target auth state: UNCHALLENGED
02:44:40.999 [Test worker] DEBUG o.a.h.impl.execchain.MainClientExec - Proxy auth state: UNCHALLENGED
02:44:40.999 [Test worker] DEBUG org.apache.http.headers - http-outgoing-130 >> GET /volumes HTTP/1.1
02:44:40.999 [Test worker] DEBUG org.apache.http.headers - http-outgoing-130 >> Accept: application/json
02:44:40.999 [Test worker] DEBUG org.apache.http.headers - http-outgoing-130 >> User-Agent: Jersey/2.23.1 (Apache HttpClient 4.5.1)
02:44:40.999 [Test worker] DEBUG org.apache.http.headers - http-outgoing-130 >> Host: localhost:2375
02:44:40.999 [Test worker] DEBUG org.apache.http.headers - http-outgoing-130 >> Connection: Keep-Alive
02:44:40.999 [Test worker] DEBUG org.apache.http.headers - http-outgoing-130 >> Accept-Encoding: gzip,deflate
02:44:40.999 [Test worker] DEBUG org.apache.http.wire - http-outgoing-130 >> "GET /volumes HTTP/1.1[\r][\n]"
02:44:40.999 [Test worker] DEBUG org.apache.http.wire - http-outgoing-130 >> "Accept: application/json[\r][\n]"
02:44:40.999 [Test worker] DEBUG org.apache.http.wire - http-outgoing-130 >> "User-Agent: Jersey/2.23.1 (Apache HttpClient 4.5.1)[\r][\n]"
02:44:41.000 [Test worker] DEBUG org.apache.http.wire - http-outgoing-130 >> "Host: localhost:2375[\r][\n]"
02:44:41.000 [Test worker] DEBUG org.apache.http.wire - http-outgoing-130 >> "Connection: Keep-Alive[\r][\n]"
02:44:41.000 [Test worker] DEBUG org.apache.http.wire - http-outgoing-130 >> "Accept-Encoding: gzip,deflate[\r][\n]"
02:44:41.000 [Test worker] DEBUG org.apache.http.wire - http-outgoing-130 >> "[\r][\n]"
02:44:41.000 [Test worker] DEBUG org.apache.http.wire - http-outgoing-130 << "HTTP/1.1 200 OK[\r][\n]"
02:44:41.000 [Test worker] DEBUG org.apache.http.wire - http-outgoing-130 << "Content-Type: application/json[\r][\n]"
02:44:41.000 [Test worker] DEBUG org.apache.http.wire - http-outgoing-130 << "Server: Docker/1.12.1 (linux)[\r][\n]"
02:44:41.000 [Test worker] DEBUG org.apache.http.wire - http-outgoing-130 << "Date: Tue, 18 Oct 2016 00:44:41 GMT[\r][\n]"
02:44:41.000 [Test worker] DEBUG org.apache.http.wire - http-outgoing-130 << "Content-Length: 33[\r][\n]"
02:44:41.001 [Test worker] DEBUG org.apache.http.wire - http-outgoing-130 << "[\r][\n]"
02:44:41.001 [Test worker] DEBUG org.apache.http.wire - http-outgoing-130 << "{"Volumes":null,"Warnings":null}[\n]"
02:44:41.001 [Test worker] DEBUG org.apache.http.headers - http-outgoing-130 << HTTP/1.1 200 OK
02:44:41.001 [Test worker] DEBUG org.apache.http.headers - http-outgoing-130 << Content-Type: application/json
02:44:41.001 [Test worker] DEBUG org.apache.http.headers - http-outgoing-130 << Server: Docker/1.12.1 (linux)
02:44:41.001 [Test worker] DEBUG org.apache.http.headers - http-outgoing-130 << Date: Tue, 18 Oct 2016 00:44:41 GMT
02:44:41.001 [Test worker] DEBUG org.apache.http.headers - http-outgoing-130 << Content-Length: 33
02:44:41.001 [Test worker] DEBUG o.a.h.impl.execchain.MainClientExec - Connection can be kept alive indefinitely
02:44:41.001 [Test worker] DEBUG c.g.d.j.JerseyDockerCmdExecFactory - 2 * Client response received on thread Test worker
2 < 200
2 < Content-Length: 33
2 < Content-Type: application/json
2 < Date: Tue, 18 Oct 2016 00:44:41 GMT
2 < Server: Docker/1.12.1 (linux)
{"Volumes":null,"Warnings":null}


02:44:41.002 [Test worker] DEBUG o.a.h.i.c.DefaultManagedHttpClientConnection - http-outgoing-130: Close connection
02:44:41.002 [Test worker] DEBUG o.a.h.impl.execchain.MainClientExec - Connection discarded
02:44:41.003 [Test worker] DEBUG c.g.d.j.JerseyDockerCmdExecFactory$1 - Connection released: [id: 130][route: {}->http://localhost:2375][total kept alive: 0; route allocated: 0 of 2; total allocated: 0 of 20]
List of volumes: null
02:44:41.006 [Test worker] DEBUG c.g.d.core.command.AbstrDockerCmd - Cmd: MyNetwork,<null>,com.github.dockerjava.api.model.Network$Ipam@107781c1[driver=<null>,config=[com.github.dockerjava.api.model.Network$Ipam$Config@15e7ae59],options=<null>],{},true,<null>,<null>,com.github.dockerjava.jaxrs.CreateNetworkCmdExec@1d67604b
02:44:41.026 [Test worker] DEBUG o.a.h.c.protocol.RequestAddCookies - CookieSpec selected: default
02:44:41.026 [Test worker] DEBUG o.a.h.c.protocol.RequestAuthCache - Auth cache not set in the context
02:44:41.026 [Test worker] DEBUG c.g.d.j.JerseyDockerCmdExecFactory$1 - Connection request: [route: {}->http://localhost:2375][total kept alive: 0; route allocated: 0 of 2; total allocated: 0 of 20]
02:44:41.026 [Test worker] DEBUG c.g.d.j.JerseyDockerCmdExecFactory$1 - Connection leased: [id: 131][route: {}->http://localhost:2375][total kept alive: 0; route allocated: 1 of 2; total allocated: 1 of 20]
02:44:41.026 [Test worker] DEBUG o.a.h.impl.execchain.MainClientExec - Opening connection {}->http://localhost:2375
02:44:41.026 [Test worker] DEBUG o.a.h.i.c.DefaultHttpClientConnectionOperator - Connecting to localhost/127.0.0.1:2375
02:44:41.027 [Test worker] DEBUG o.a.h.i.c.DefaultHttpClientConnectionOperator - Connection established 127.0.0.1:57278<->127.0.0.1:2375
02:44:41.027 [Test worker] DEBUG o.a.h.impl.execchain.MainClientExec - Executing request POST /networks/create HTTP/1.1
02:44:41.027 [Test worker] DEBUG o.a.h.impl.execchain.MainClientExec - Target auth state: UNCHALLENGED
02:44:41.027 [Test worker] DEBUG o.a.h.impl.execchain.MainClientExec - Proxy auth state: UNCHALLENGED
02:44:41.027 [Test worker] DEBUG org.apache.http.headers - http-outgoing-131 >> POST /networks/create HTTP/1.1
02:44:41.027 [Test worker] DEBUG org.apache.http.headers - http-outgoing-131 >> Accept: application/json
02:44:41.027 [Test worker] DEBUG org.apache.http.headers - http-outgoing-131 >> Content-Type: application/json
02:44:41.027 [Test worker] DEBUG org.apache.http.headers - http-outgoing-131 >> User-Agent: Jersey/2.23.1 (Apache HttpClient 4.5.1)
02:44:41.027 [Test worker] DEBUG org.apache.http.headers - http-outgoing-131 >> Transfer-Encoding: chunked
02:44:41.027 [Test worker] DEBUG org.apache.http.headers - http-outgoing-131 >> Host: localhost:2375
02:44:41.027 [Test worker] DEBUG org.apache.http.headers - http-outgoing-131 >> Connection: Keep-Alive
02:44:41.027 [Test worker] DEBUG org.apache.http.headers - http-outgoing-131 >> Accept-Encoding: gzip,deflate
02:44:41.033 [Test worker] DEBUG c.g.d.j.JerseyDockerCmdExecFactory - 1 * Sending client request on thread Test worker
1 > POST http://localhost:2375/networks/create
1 > Accept: application/json
1 > Content-Type: application/json
{"enableIPv6":null,"Name":"MyNetwork","Driver":null,"IPAM":{"Driver":null,"Config":[{"Subnet":"172.19.0.0/16","IPRange":null,"Gateway":"172.19.0.1"}],"Options":null},"Options":{},"CheckDuplicate":true,"Internal":null,"EnableIPv6":null}

02:44:41.034 [Test worker] DEBUG org.apache.http.wire - http-outgoing-131 >> "POST /networks/create HTTP/1.1[\r][\n]"
02:44:41.034 [Test worker] DEBUG org.apache.http.wire - http-outgoing-131 >> "Accept: application/json[\r][\n]"
02:44:41.034 [Test worker] DEBUG org.apache.http.wire - http-outgoing-131 >> "Content-Type: application/json[\r][\n]"
02:44:41.034 [Test worker] DEBUG org.apache.http.wire - http-outgoing-131 >> "User-Agent: Jersey/2.23.1 (Apache HttpClient 4.5.1)[\r][\n]"
02:44:41.034 [Test worker] DEBUG org.apache.http.wire - http-outgoing-131 >> "Transfer-Encoding: chunked[\r][\n]"
02:44:41.034 [Test worker] DEBUG org.apache.http.wire - http-outgoing-131 >> "Host: localhost:2375[\r][\n]"
02:44:41.034 [Test worker] DEBUG org.apache.http.wire - http-outgoing-131 >> "Connection: Keep-Alive[\r][\n]"
02:44:41.034 [Test worker] DEBUG org.apache.http.wire - http-outgoing-131 >> "Accept-Encoding: gzip,deflate[\r][\n]"
02:44:41.034 [Test worker] DEBUG org.apache.http.wire - http-outgoing-131 >> "[\r][\n]"
02:44:41.034 [Test worker] DEBUG org.apache.http.wire - http-outgoing-131 >> "eb[\r][\n]"
02:44:41.034 [Test worker] DEBUG org.apache.http.wire - http-outgoing-131 >> "{"enableIPv6":null,"Name":"MyNetwork","Driver":null,"IPAM":{"Driver":null,"Config":[{"Subnet":"172.19.0.0/16","IPRange":null,"Gateway":"172.19.0.1"}],"Options":null},"Options":{},"CheckDuplicate":true,"Internal":null,"EnableIPv6":null}[\r][\n]"
02:44:41.034 [Test worker] DEBUG org.apache.http.wire - http-outgoing-131 >> "0[\r][\n]"
02:44:41.034 [Test worker] DEBUG org.apache.http.wire - http-outgoing-131 >> "[\r][\n]"
02:44:41.125 [Test worker] DEBUG org.apache.http.wire - http-outgoing-131 << "HTTP/1.1 201 Created[\r][\n]"
02:44:41.125 [Test worker] DEBUG org.apache.http.wire - http-outgoing-131 << "Content-Type: application/json[\r][\n]"
02:44:41.125 [Test worker] DEBUG org.apache.http.wire - http-outgoing-131 << "Server: Docker/1.12.1 (linux)[\r][\n]"
02:44:41.125 [Test worker] DEBUG org.apache.http.wire - http-outgoing-131 << "Date: Tue, 18 Oct 2016 00:44:41 GMT[\r][\n]"
02:44:41.125 [Test worker] DEBUG org.apache.http.wire - http-outgoing-131 << "Content-Length: 87[\r][\n]"
02:44:41.125 [Test worker] DEBUG org.apache.http.wire - http-outgoing-131 << "[\r][\n]"
02:44:41.125 [Test worker] DEBUG org.apache.http.wire - http-outgoing-131 << "{"Id":"e2e412f23b56b375635e4296ee694b700334ab3114ce58672dac6b78d526468f","Warning":""}[\n]"
02:44:41.125 [Test worker] DEBUG org.apache.http.headers - http-outgoing-131 << HTTP/1.1 201 Created
02:44:41.125 [Test worker] DEBUG org.apache.http.headers - http-outgoing-131 << Content-Type: application/json
02:44:41.125 [Test worker] DEBUG org.apache.http.headers - http-outgoing-131 << Server: Docker/1.12.1 (linux)
02:44:41.125 [Test worker] DEBUG org.apache.http.headers - http-outgoing-131 << Date: Tue, 18 Oct 2016 00:44:41 GMT
02:44:41.125 [Test worker] DEBUG org.apache.http.headers - http-outgoing-131 << Content-Length: 87
02:44:41.125 [Test worker] DEBUG o.a.h.impl.execchain.MainClientExec - Connection can be kept alive indefinitely
02:44:41.125 [Test worker] DEBUG c.g.d.j.JerseyDockerCmdExecFactory - 2 * Client response received on thread Test worker
2 < 201
2 < Content-Length: 87
2 < Content-Type: application/json
2 < Date: Tue, 18 Oct 2016 00:44:41 GMT
2 < Server: Docker/1.12.1 (linux)
{"Id":"e2e412f23b56b375635e4296ee694b700334ab3114ce58672dac6b78d526468f","Warning":""}


02:44:41.129 [Test worker] DEBUG o.a.h.i.c.DefaultManagedHttpClientConnection - http-outgoing-131: Close connection
02:44:41.129 [Test worker] DEBUG o.a.h.impl.execchain.MainClientExec - Connection discarded
02:44:41.134 [Test worker] DEBUG c.g.d.j.JerseyDockerCmdExecFactory$1 - Connection released: [id: 131][route: {}->http://localhost:2375][total kept alive: 0; route allocated: 0 of 2; total allocated: 0 of 20]
02:44:41.134 [Test worker] DEBUG c.g.d.core.command.AbstrDockerCmd - Cmd: e2e412f23b56b375635e4296ee694b700334ab3114ce58672dac6b78d526468f,com.github.dockerjava.jaxrs.InspectNetworkCmdExec@267f7044
02:44:41.134 [Test worker] DEBUG c.g.d.jaxrs.ListNetworksCmdExec - GET: JerseyWebTarget { http://localhost:2375/networks/e2e412f23b56b375635e4296ee694b700334ab3114ce58672dac6b78d526468f }
02:44:41.135 [Test worker] DEBUG c.g.d.j.JerseyDockerCmdExecFactory - 3 * Sending client request on thread Test worker
3 > GET http://localhost:2375/networks/e2e412f23b56b375635e4296ee694b700334ab3114ce58672dac6b78d526468f
3 > Accept: application/json

02:44:41.135 [Test worker] DEBUG o.a.h.c.protocol.RequestAddCookies - CookieSpec selected: default
02:44:41.135 [Test worker] DEBUG o.a.h.c.protocol.RequestAuthCache - Auth cache not set in the context
02:44:41.135 [Test worker] DEBUG c.g.d.j.JerseyDockerCmdExecFactory$1 - Connection request: [route: {}->http://localhost:2375][total kept alive: 0; route allocated: 0 of 2; total allocated: 0 of 20]
02:44:41.135 [Test worker] DEBUG c.g.d.j.JerseyDockerCmdExecFactory$1 - Connection leased: [id: 132][route: {}->http://localhost:2375][total kept alive: 0; route allocated: 1 of 2; total allocated: 1 of 20]
02:44:41.135 [Test worker] DEBUG o.a.h.impl.execchain.MainClientExec - Opening connection {}->http://localhost:2375
02:44:41.135 [Test worker] DEBUG o.a.h.i.c.DefaultHttpClientConnectionOperator - Connecting to localhost/127.0.0.1:2375
02:44:41.138 [Test worker] DEBUG o.a.h.i.c.DefaultHttpClientConnectionOperator - Connection established 127.0.0.1:57280<->127.0.0.1:2375
02:44:41.138 [Test worker] DEBUG o.a.h.impl.execchain.MainClientExec - Executing request GET /networks/e2e412f23b56b375635e4296ee694b700334ab3114ce58672dac6b78d526468f HTTP/1.1
02:44:41.138 [Test worker] DEBUG o.a.h.impl.execchain.MainClientExec - Target auth state: UNCHALLENGED
02:44:41.138 [Test worker] DEBUG o.a.h.impl.execchain.MainClientExec - Proxy auth state: UNCHALLENGED
02:44:41.138 [Test worker] DEBUG org.apache.http.headers - http-outgoing-132 >> GET /networks/e2e412f23b56b375635e4296ee694b700334ab3114ce58672dac6b78d526468f HTTP/1.1
02:44:41.138 [Test worker] DEBUG org.apache.http.headers - http-outgoing-132 >> Accept: application/json
02:44:41.138 [Test worker] DEBUG org.apache.http.headers - http-outgoing-132 >> User-Agent: Jersey/2.23.1 (Apache HttpClient 4.5.1)
02:44:41.138 [Test worker] DEBUG org.apache.http.headers - http-outgoing-132 >> Host: localhost:2375
02:44:41.138 [Test worker] DEBUG org.apache.http.headers - http-outgoing-132 >> Connection: Keep-Alive
02:44:41.138 [Test worker] DEBUG org.apache.http.headers - http-outgoing-132 >> Accept-Encoding: gzip,deflate
02:44:41.138 [Test worker] DEBUG org.apache.http.wire - http-outgoing-132 >> "GET /networks/e2e412f23b56b375635e4296ee694b700334ab3114ce58672dac6b78d526468f HTTP/1.1[\r][\n]"
02:44:41.142 [Test worker] DEBUG org.apache.http.wire - http-outgoing-132 >> "Accept: application/json[\r][\n]"
02:44:41.142 [Test worker] DEBUG org.apache.http.wire - http-outgoing-132 >> "User-Agent: Jersey/2.23.1 (Apache HttpClient 4.5.1)[\r][\n]"
02:44:41.142 [Test worker] DEBUG org.apache.http.wire - http-outgoing-132 >> "Host: localhost:2375[\r][\n]"
02:44:41.142 [Test worker] DEBUG org.apache.http.wire - http-outgoing-132 >> "Connection: Keep-Alive[\r][\n]"
02:44:41.142 [Test worker] DEBUG org.apache.http.wire - http-outgoing-132 >> "Accept-Encoding: gzip,deflate[\r][\n]"
02:44:41.142 [Test worker] DEBUG org.apache.http.wire - http-outgoing-132 >> "[\r][\n]"
02:44:41.155 [Test worker] DEBUG org.apache.http.wire - http-outgoing-132 << "HTTP/1.1 200 OK[\r][\n]"
02:44:41.155 [Test worker] DEBUG org.apache.http.wire - http-outgoing-132 << "Content-Type: application/json[\r][\n]"
02:44:41.155 [Test worker] DEBUG org.apache.http.wire - http-outgoing-132 << "Server: Docker/1.12.1 (linux)[\r][\n]"
02:44:41.155 [Test worker] DEBUG org.apache.http.wire - http-outgoing-132 << "Date: Tue, 18 Oct 2016 00:44:41 GMT[\r][\n]"
02:44:41.155 [Test worker] DEBUG org.apache.http.wire - http-outgoing-132 << "Content-Length: 308[\r][\n]"
02:44:41.155 [Test worker] DEBUG org.apache.http.wire - http-outgoing-132 << "[\r][\n]"
02:44:41.155 [Test worker] DEBUG org.apache.http.wire - http-outgoing-132 << "{"Name":"MyNetwork","Id":"e2e412f23b56b375635e4296ee694b700334ab3114ce58672dac6b78d526468f","Scope":"local","Driver":"bridge","EnableIPv6":false,"IPAM":{"Driver":"default","Options":null,"Config":[{"Subnet":"172.19.0.0/16","Gateway":"172.19.0.1"}]},"Internal":false,"Containers":{},"Options":{},"Labels":{}}[\n]"
02:44:41.155 [Test worker] DEBUG org.apache.http.headers - http-outgoing-132 << HTTP/1.1 200 OK
02:44:41.155 [Test worker] DEBUG org.apache.http.headers - http-outgoing-132 << Content-Type: application/json
02:44:41.155 [Test worker] DEBUG org.apache.http.headers - http-outgoing-132 << Server: Docker/1.12.1 (linux)
02:44:41.155 [Test worker] DEBUG org.apache.http.headers - http-outgoing-132 << Date: Tue, 18 Oct 2016 00:44:41 GMT
02:44:41.155 [Test worker] DEBUG org.apache.http.headers - http-outgoing-132 << Content-Length: 308
02:44:41.155 [Test worker] DEBUG o.a.h.impl.execchain.MainClientExec - Connection can be kept alive indefinitely
02:44:41.156 [Test worker] DEBUG c.g.d.j.JerseyDockerCmdExecFactory - 4 * Client response received on thread Test worker
4 < 200
4 < Content-Length: 308
4 < Content-Type: application/json
4 < Date: Tue, 18 Oct 2016 00:44:41 GMT
4 < Server: Docker/1.12.1 (linux)
{"Name":"MyNetwork","Id":"e2e412f23b56b375635e4296ee694b700334ab3114ce58672dac6b78d526468f","Scope":"local","Driver":"bridge","EnableIPv6":false,"IPAM":{"Driver":"default","Options":null,"Config":[{"Subnet":"172.19.0.0/16","Gateway":"172.19.0.1"}]},"Internal":false,"Containers":{},"Options":{},"Labels":{}}


02:44:41.158 [Test worker] DEBUG o.a.h.i.c.DefaultManagedHttpClientConnection - http-outgoing-132: Close connection
02:44:41.158 [Test worker] DEBUG o.a.h.impl.execchain.MainClientExec - Connection discarded
02:44:41.158 [Test worker] DEBUG c.g.d.j.JerseyDockerCmdExecFactory$1 - Connection released: [id: 132][route: {}->http://localhost:2375][total kept alive: 0; route allocated: 0 of 2; total allocated: 0 of 20]
02:44:41.158 [Test worker] DEBUG org.openbaton.docker.DockerVim - Network successfully created
02:44:41.162 [Test worker] DEBUG c.g.d.core.command.AbstrDockerCmd - Cmd: com.github.dockerjava.core.command.CreateContainerCmdImpl@332f8d75[name=MyContainer,hostName=hostName,domainName=<null>,user=<null>,attachStdin=<null>,attachStdout=<null>,attachStderr=<null>,portSpecs=<null>,tty=<null>,stdinOpen=<null>,stdInOnce=<null>,env=<null>,cmd={sleep,99999},entrypoint=<null>,image=ubuntu,volumes=com.github.dockerjava.api.model.Volumes@76f01693,workingDir=<null>,macAddress=<null>,networkDisabled=<null>,exposedPorts=com.github.dockerjava.api.model.ExposedPorts@c5a49e6,stopSignal=<null>,hostConfig=com.github.dockerjava.api.model.HostConfig@7ba9a15f[binds=<null>,blkioWeight=<null>,blkioWeightDevice=<null>,blkioDeviceReadBps=<null>,blkioDeviceReadIOps=<null>,blkioDeviceWriteBps=<null>,blkioDeviceWriteIOps=<null>,memorySwappiness=<null>,capAdd=<null>,capDrop=<null>,containerIDFile=<null>,cpuPeriod=<null>,cpuShares=<null>,cpuQuota=<null>,cpusetCpus=<null>,cpusetMems=<null>,devices=<null>,dns=<null>,dnsSearch=<null>,extraHosts=<null>,links=<null>,logConfig=<null>,lxcConf=<null>,memory=<null>,memorySwap=<null>,memoryReservation=<null>,kernelMemory=<null>,networkMode=<null>,oomKillDisable=<null>,oomScoreAdj=<null>,portBindings=<null>,privileged=<null>,publishAllPorts=<null>,readonlyRootfs=<null>,restartPolicy=<null>,ulimits=<null>,volumesFrom=<null>,pidMode=<null>,securityOpts=<null>,cgroupParent=<null>,volumeDriver=<null>,shmSize=<null>],labels=<null>,networkingConfig=<null>,ipv4Address=<null>,ipv6Address=<null>,aliases=<null>,execution=com.github.dockerjava.jaxrs.CreateContainerCmdExec@3da1a366]
02:44:41.177 [Test worker] DEBUG o.a.h.c.protocol.RequestAddCookies - CookieSpec selected: default
02:44:41.177 [Test worker] DEBUG o.a.h.c.protocol.RequestAuthCache - Auth cache not set in the context
02:44:41.177 [Test worker] DEBUG c.g.d.j.JerseyDockerCmdExecFactory$1 - Connection request: [route: {}->http://localhost:2375][total kept alive: 0; route allocated: 0 of 2; total allocated: 0 of 20]
02:44:41.177 [Test worker] DEBUG c.g.d.j.JerseyDockerCmdExecFactory$1 - Connection leased: [id: 133][route: {}->http://localhost:2375][total kept alive: 0; route allocated: 1 of 2; total allocated: 1 of 20]
02:44:41.177 [Test worker] DEBUG o.a.h.impl.execchain.MainClientExec - Opening connection {}->http://localhost:2375
02:44:41.178 [Test worker] DEBUG o.a.h.i.c.DefaultHttpClientConnectionOperator - Connecting to localhost/127.0.0.1:2375
02:44:41.178 [Test worker] DEBUG o.a.h.i.c.DefaultHttpClientConnectionOperator - Connection established 127.0.0.1:57282<->127.0.0.1:2375
02:44:41.178 [Test worker] DEBUG o.a.h.impl.execchain.MainClientExec - Executing request POST /containers/create?name=MyContainer HTTP/1.1
02:44:41.178 [Test worker] DEBUG o.a.h.impl.execchain.MainClientExec - Target auth state: UNCHALLENGED
02:44:41.178 [Test worker] DEBUG o.a.h.impl.execchain.MainClientExec - Proxy auth state: UNCHALLENGED
02:44:41.178 [Test worker] DEBUG org.apache.http.headers - http-outgoing-133 >> POST /containers/create?name=MyContainer HTTP/1.1
02:44:41.178 [Test worker] DEBUG org.apache.http.headers - http-outgoing-133 >> Accept: application/json
02:44:41.178 [Test worker] DEBUG org.apache.http.headers - http-outgoing-133 >> Content-Type: application/json
02:44:41.178 [Test worker] DEBUG org.apache.http.headers - http-outgoing-133 >> User-Agent: Jersey/2.23.1 (Apache HttpClient 4.5.1)
02:44:41.178 [Test worker] DEBUG org.apache.http.headers - http-outgoing-133 >> Transfer-Encoding: chunked
02:44:41.178 [Test worker] DEBUG org.apache.http.headers - http-outgoing-133 >> Host: localhost:2375
02:44:41.178 [Test worker] DEBUG org.apache.http.headers - http-outgoing-133 >> Connection: Keep-Alive
02:44:41.178 [Test worker] DEBUG org.apache.http.headers - http-outgoing-133 >> Accept-Encoding: gzip,deflate
02:44:41.209 [Test worker] DEBUG c.g.d.j.JerseyDockerCmdExecFactory - 1 * Sending client request on thread Test worker
1 > POST http://localhost:2375/containers/create?name=MyContainer
1 > Accept: application/json
1 > Content-Type: application/json
{"name":"MyContainer","Hostname":"hostName","Cmd":["sleep","99999"],"Image":"ubuntu","Volumes":{},"ExposedPorts":{},"HostConfig":{}}

02:44:41.209 [Test worker] DEBUG org.apache.http.wire - http-outgoing-133 >> "POST /containers/create?name=MyContainer HTTP/1.1[\r][\n]"
02:44:41.209 [Test worker] DEBUG org.apache.http.wire - http-outgoing-133 >> "Accept: application/json[\r][\n]"
02:44:41.209 [Test worker] DEBUG org.apache.http.wire - http-outgoing-133 >> "Content-Type: application/json[\r][\n]"
02:44:41.209 [Test worker] DEBUG org.apache.http.wire - http-outgoing-133 >> "User-Agent: Jersey/2.23.1 (Apache HttpClient 4.5.1)[\r][\n]"
02:44:41.209 [Test worker] DEBUG org.apache.http.wire - http-outgoing-133 >> "Transfer-Encoding: chunked[\r][\n]"
02:44:41.209 [Test worker] DEBUG org.apache.http.wire - http-outgoing-133 >> "Host: localhost:2375[\r][\n]"
02:44:41.209 [Test worker] DEBUG org.apache.http.wire - http-outgoing-133 >> "Connection: Keep-Alive[\r][\n]"
02:44:41.209 [Test worker] DEBUG org.apache.http.wire - http-outgoing-133 >> "Accept-Encoding: gzip,deflate[\r][\n]"
02:44:41.209 [Test worker] DEBUG org.apache.http.wire - http-outgoing-133 >> "[\r][\n]"
02:44:41.209 [Test worker] DEBUG org.apache.http.wire - http-outgoing-133 >> "84[\r][\n]"
02:44:41.209 [Test worker] DEBUG org.apache.http.wire - http-outgoing-133 >> "{"name":"MyContainer","Hostname":"hostName","Cmd":["sleep","99999"],"Image":"ubuntu","Volumes":{},"ExposedPorts":{},"HostConfig":{}}[\r][\n]"
02:44:41.209 [Test worker] DEBUG org.apache.http.wire - http-outgoing-133 >> "0[\r][\n]"
02:44:41.209 [Test worker] DEBUG org.apache.http.wire - http-outgoing-133 >> "[\r][\n]"
02:44:41.229 [Test worker] DEBUG org.apache.http.wire - http-outgoing-133 << "HTTP/1.1 201 Created[\r][\n]"
02:44:41.229 [Test worker] DEBUG org.apache.http.wire - http-outgoing-133 << "Content-Type: application/json[\r][\n]"
02:44:41.229 [Test worker] DEBUG org.apache.http.wire - http-outgoing-133 << "Server: Docker/1.12.1 (linux)[\r][\n]"
02:44:41.229 [Test worker] DEBUG org.apache.http.wire - http-outgoing-133 << "Date: Tue, 18 Oct 2016 00:44:41 GMT[\r][\n]"
02:44:41.229 [Test worker] DEBUG org.apache.http.wire - http-outgoing-133 << "Content-Length: 90[\r][\n]"
02:44:41.229 [Test worker] DEBUG org.apache.http.wire - http-outgoing-133 << "[\r][\n]"
02:44:41.229 [Test worker] DEBUG org.apache.http.wire - http-outgoing-133 << "{"Id":"68f47e249d55eb0c1a6e6d3451c4d66511217f4ee60836540cb4ae81b49cb45a","Warnings":null}[\n]"
02:44:41.229 [Test worker] DEBUG org.apache.http.headers - http-outgoing-133 << HTTP/1.1 201 Created
02:44:41.230 [Test worker] DEBUG org.apache.http.headers - http-outgoing-133 << Content-Type: application/json
02:44:41.230 [Test worker] DEBUG org.apache.http.headers - http-outgoing-133 << Server: Docker/1.12.1 (linux)
02:44:41.230 [Test worker] DEBUG org.apache.http.headers - http-outgoing-133 << Date: Tue, 18 Oct 2016 00:44:41 GMT
02:44:41.230 [Test worker] DEBUG org.apache.http.headers - http-outgoing-133 << Content-Length: 90
02:44:41.230 [Test worker] DEBUG o.a.h.impl.execchain.MainClientExec - Connection can be kept alive indefinitely
02:44:41.230 [Test worker] DEBUG c.g.d.j.JerseyDockerCmdExecFactory - 2 * Client response received on thread Test worker
2 < 201
2 < Content-Length: 90
2 < Content-Type: application/json
2 < Date: Tue, 18 Oct 2016 00:44:41 GMT
2 < Server: Docker/1.12.1 (linux)
{"Id":"68f47e249d55eb0c1a6e6d3451c4d66511217f4ee60836540cb4ae81b49cb45a","Warnings":null}


02:44:41.231 [Test worker] DEBUG o.a.h.i.c.DefaultManagedHttpClientConnection - http-outgoing-133: Close connection
02:44:41.231 [Test worker] DEBUG o.a.h.impl.execchain.MainClientExec - Connection discarded
02:44:41.231 [Test worker] DEBUG c.g.d.j.JerseyDockerCmdExecFactory$1 - Connection released: [id: 133][route: {}->http://localhost:2375][total kept alive: 0; route allocated: 0 of 2; total allocated: 0 of 20]
02:44:41.231 [Test worker] DEBUG org.openbaton.docker.DockerVim - Instance created successfully
02:44:41.231 [Test worker] DEBUG c.g.d.core.command.AbstrDockerCmd - Cmd: 68f47e249d55eb0c1a6e6d3451c4d66511217f4ee60836540cb4ae81b49cb45a,com.github.dockerjava.jaxrs.StartContainerCmdExec@27a3aaba
02:44:41.231 [Test worker] DEBUG c.g.d.j.JerseyDockerCmdExecFactory - 3 * Sending client request on thread Test worker
3 > POST http://localhost:2375/containers/68f47e249d55eb0c1a6e6d3451c4d66511217f4ee60836540cb4ae81b49cb45a/start
3 > Accept: application/json

02:44:41.232 [Test worker] DEBUG o.a.h.c.protocol.RequestAddCookies - CookieSpec selected: default
02:44:41.232 [Test worker] DEBUG o.a.h.c.protocol.RequestAuthCache - Auth cache not set in the context
02:44:41.232 [Test worker] DEBUG c.g.d.j.JerseyDockerCmdExecFactory$1 - Connection request: [route: {}->http://localhost:2375][total kept alive: 0; route allocated: 0 of 2; total allocated: 0 of 20]
02:44:41.232 [Test worker] DEBUG c.g.d.j.JerseyDockerCmdExecFactory$1 - Connection leased: [id: 134][route: {}->http://localhost:2375][total kept alive: 0; route allocated: 1 of 2; total allocated: 1 of 20]
02:44:41.232 [Test worker] DEBUG o.a.h.impl.execchain.MainClientExec - Opening connection {}->http://localhost:2375
02:44:41.232 [Test worker] DEBUG o.a.h.i.c.DefaultHttpClientConnectionOperator - Connecting to localhost/127.0.0.1:2375
02:44:41.232 [Test worker] DEBUG o.a.h.i.c.DefaultHttpClientConnectionOperator - Connection established 127.0.0.1:57284<->127.0.0.1:2375
02:44:41.232 [Test worker] DEBUG o.a.h.impl.execchain.MainClientExec - Executing request POST /containers/68f47e249d55eb0c1a6e6d3451c4d66511217f4ee60836540cb4ae81b49cb45a/start HTTP/1.1
02:44:41.232 [Test worker] DEBUG o.a.h.impl.execchain.MainClientExec - Target auth state: UNCHALLENGED
02:44:41.232 [Test worker] DEBUG o.a.h.impl.execchain.MainClientExec - Proxy auth state: UNCHALLENGED
02:44:41.233 [Test worker] DEBUG org.apache.http.headers - http-outgoing-134 >> POST /containers/68f47e249d55eb0c1a6e6d3451c4d66511217f4ee60836540cb4ae81b49cb45a/start HTTP/1.1
02:44:41.233 [Test worker] DEBUG org.apache.http.headers - http-outgoing-134 >> Accept: application/json
02:44:41.233 [Test worker] DEBUG org.apache.http.headers - http-outgoing-134 >> User-Agent: Jersey/2.23.1 (Apache HttpClient 4.5.1)
02:44:41.233 [Test worker] DEBUG org.apache.http.headers - http-outgoing-134 >> Host: localhost:2375
02:44:41.233 [Test worker] DEBUG org.apache.http.headers - http-outgoing-134 >> Connection: Keep-Alive
02:44:41.233 [Test worker] DEBUG org.apache.http.headers - http-outgoing-134 >> Accept-Encoding: gzip,deflate
02:44:41.233 [Test worker] DEBUG org.apache.http.wire - http-outgoing-134 >> "POST /containers/68f47e249d55eb0c1a6e6d3451c4d66511217f4ee60836540cb4ae81b49cb45a/start HTTP/1.1[\r][\n]"
02:44:41.233 [Test worker] DEBUG org.apache.http.wire - http-outgoing-134 >> "Accept: application/json[\r][\n]"
02:44:41.233 [Test worker] DEBUG org.apache.http.wire - http-outgoing-134 >> "User-Agent: Jersey/2.23.1 (Apache HttpClient 4.5.1)[\r][\n]"
02:44:41.233 [Test worker] DEBUG org.apache.http.wire - http-outgoing-134 >> "Host: localhost:2375[\r][\n]"
02:44:41.233 [Test worker] DEBUG org.apache.http.wire - http-outgoing-134 >> "Connection: Keep-Alive[\r][\n]"
02:44:41.233 [Test worker] DEBUG org.apache.http.wire - http-outgoing-134 >> "Accept-Encoding: gzip,deflate[\r][\n]"
02:44:41.233 [Test worker] DEBUG org.apache.http.wire - http-outgoing-134 >> "[\r][\n]"
02:44:41.378 [Test worker] DEBUG org.apache.http.wire - http-outgoing-134 << "HTTP/1.1 204 No Content[\r][\n]"
02:44:41.378 [Test worker] DEBUG org.apache.http.wire - http-outgoing-134 << "Server: Docker/1.12.1 (linux)[\r][\n]"
02:44:41.378 [Test worker] DEBUG org.apache.http.wire - http-outgoing-134 << "Date: Tue, 18 Oct 2016 00:44:41 GMT[\r][\n]"
02:44:41.378 [Test worker] DEBUG org.apache.http.wire - http-outgoing-134 << "[\r][\n]"
02:44:41.378 [Test worker] DEBUG org.apache.http.headers - http-outgoing-134 << HTTP/1.1 204 No Content
02:44:41.378 [Test worker] DEBUG org.apache.http.headers - http-outgoing-134 << Server: Docker/1.12.1 (linux)
02:44:41.378 [Test worker] DEBUG org.apache.http.headers - http-outgoing-134 << Date: Tue, 18 Oct 2016 00:44:41 GMT
02:44:41.378 [Test worker] DEBUG o.a.h.impl.execchain.MainClientExec - Connection can be kept alive indefinitely
02:44:41.378 [Test worker] DEBUG c.g.d.j.JerseyDockerCmdExecFactory$1 - Connection [id: 134][route: {}->http://localhost:2375] can be kept alive indefinitely
02:44:41.378 [Test worker] DEBUG c.g.d.j.JerseyDockerCmdExecFactory$1 - Connection released: [id: 134][route: {}->http://localhost:2375][total kept alive: 1; route allocated: 1 of 2; total allocated: 1 of 20]
02:44:41.378 [Test worker] DEBUG c.g.d.j.JerseyDockerCmdExecFactory - 4 * Client response received on thread Test worker
4 < 204
4 < Date: Tue, 18 Oct 2016 00:44:41 GMT
4 < Server: Docker/1.12.1 (linux)

02:44:41.379 [Test worker] DEBUG c.g.d.core.command.AbstrDockerCmd - Cmd: ListImagesCmdImpl[imageNameFilter=<null>,showAll=true,filters=com.github.dockerjava.core.util.FiltersBuilder@0,execution=com.github.dockerjava.jaxrs.ListImagesCmdExec@3849b215]
02:44:41.387 [Test worker] DEBUG c.g.d.j.JerseyDockerCmdExecFactory - 1 * Sending client request on thread Test worker
1 > GET http://localhost:2375/images/json?all=true
1 > Accept: application/json

02:44:41.388 [Test worker] DEBUG o.a.h.c.protocol.RequestAddCookies - CookieSpec selected: default
02:44:41.388 [Test worker] DEBUG o.a.h.c.protocol.RequestAuthCache - Auth cache not set in the context
02:44:41.388 [Test worker] DEBUG c.g.d.j.JerseyDockerCmdExecFactory$1 - Connection request: [route: {}->http://localhost:2375][total kept alive: 0; route allocated: 0 of 2; total allocated: 0 of 20]
02:44:41.388 [Test worker] DEBUG c.g.d.j.JerseyDockerCmdExecFactory$1 - Connection leased: [id: 135][route: {}->http://localhost:2375][total kept alive: 0; route allocated: 1 of 2; total allocated: 1 of 20]
02:44:41.388 [Test worker] DEBUG o.a.h.impl.execchain.MainClientExec - Opening connection {}->http://localhost:2375
02:44:41.388 [Test worker] DEBUG o.a.h.i.c.DefaultHttpClientConnectionOperator - Connecting to localhost/127.0.0.1:2375
02:44:41.388 [Test worker] DEBUG o.a.h.i.c.DefaultHttpClientConnectionOperator - Connection established 127.0.0.1:57286<->127.0.0.1:2375
02:44:41.388 [Test worker] DEBUG o.a.h.impl.execchain.MainClientExec - Executing request GET /images/json?all=true HTTP/1.1
02:44:41.388 [Test worker] DEBUG o.a.h.impl.execchain.MainClientExec - Target auth state: UNCHALLENGED
02:44:41.388 [Test worker] DEBUG o.a.h.impl.execchain.MainClientExec - Proxy auth state: UNCHALLENGED
02:44:41.388 [Test worker] DEBUG org.apache.http.headers - http-outgoing-135 >> GET /images/json?all=true HTTP/1.1
02:44:41.388 [Test worker] DEBUG org.apache.http.headers - http-outgoing-135 >> Accept: application/json
02:44:41.389 [Test worker] DEBUG org.apache.http.headers - http-outgoing-135 >> User-Agent: Jersey/2.23.1 (Apache HttpClient 4.5.1)
02:44:41.389 [Test worker] DEBUG org.apache.http.headers - http-outgoing-135 >> Host: localhost:2375
02:44:41.389 [Test worker] DEBUG org.apache.http.headers - http-outgoing-135 >> Connection: Keep-Alive
02:44:41.389 [Test worker] DEBUG org.apache.http.headers - http-outgoing-135 >> Accept-Encoding: gzip,deflate
02:44:41.389 [Test worker] DEBUG org.apache.http.wire - http-outgoing-135 >> "GET /images/json?all=true HTTP/1.1[\r][\n]"
02:44:41.389 [Test worker] DEBUG org.apache.http.wire - http-outgoing-135 >> "Accept: application/json[\r][\n]"
02:44:41.389 [Test worker] DEBUG org.apache.http.wire - http-outgoing-135 >> "User-Agent: Jersey/2.23.1 (Apache HttpClient 4.5.1)[\r][\n]"
02:44:41.389 [Test worker] DEBUG org.apache.http.wire - http-outgoing-135 >> "Host: localhost:2375[\r][\n]"
02:44:41.389 [Test worker] DEBUG org.apache.http.wire - http-outgoing-135 >> "Connection: Keep-Alive[\r][\n]"
02:44:41.389 [Test worker] DEBUG org.apache.http.wire - http-outgoing-135 >> "Accept-Encoding: gzip,deflate[\r][\n]"
02:44:41.389 [Test worker] DEBUG org.apache.http.wire - http-outgoing-135 >> "[\r][\n]"
02:44:41.390 [Test worker] DEBUG org.apache.http.wire - http-outgoing-135 << "HTTP/1.1 200 OK[\r][\n]"
02:44:41.390 [Test worker] DEBUG org.apache.http.wire - http-outgoing-135 << "Content-Type: application/json[\r][\n]"
02:44:41.390 [Test worker] DEBUG org.apache.http.wire - http-outgoing-135 << "Server: Docker/1.12.1 (linux)[\r][\n]"
02:44:41.390 [Test worker] DEBUG org.apache.http.wire - http-outgoing-135 << "Date: Tue, 18 Oct 2016 00:44:41 GMT[\r][\n]"
02:44:41.390 [Test worker] DEBUG org.apache.http.wire - http-outgoing-135 << "Content-Length: 1215[\r][\n]"
02:44:41.390 [Test worker] DEBUG org.apache.http.wire - http-outgoing-135 << "[\r][\n]"
02:44:41.390 [Test worker] DEBUG org.apache.http.wire - http-outgoing-135 << "[{"Id":"sha256:f753707788c5c100f194ce0a73058faae1a457774efcda6c1469544a114f8644","ParentId":"","RepoTags":["ubuntu:latest"],"RepoDigests":["ubuntu@sha256:2d44ae143feeb36f4c898d32ed2ab2dffeb3a573d2d8928646dfc9cb7deb1315"],"Created":1476393201,"Size":127161487,"VirtualSize":127161487,"Labels":{}},{"Id":"sha256:d654de4499473ed41349b54a988b6f46a7fc92e3fa2d61e102bf2660a0116e25","ParentId":"","RepoTags":["sakib37/iperf3:latest"],"RepoDigests":["sakib37/iperf3@sha256:8d80a810f8f508c074b14d02555f20110eac382c8dbda7252075392983629d40"],"Created":1474907599,"Size":199456654,"VirtualSize":199456654,"Labels":{}},{"Id":"sha256:45bc58500fa3d3c0d67233d4a7798134b46b486af1389ca87000c543f46c3d24","ParentId":"","RepoTags":["ubuntu:16.04"],"RepoDigests":["ubuntu@sha256:3235a49037919e99696d97df8d8a230717272d848ee4ddadbca8d54f97ee30cb"],"Created":1474304481,"Size":126872298,"VirtualSize":126872298,"Labels":{}},{"Id":"sha256:6fae60ef344644649a39240b94d73b8ba9c67f898ede85cf8e947a887b3e6557","ParentId":"","RepoTags":["training/webapp:latest"],"RepoDigests":["training/webapp@sha256:06e9c1983bd6d5db5fba376ccd63bfa529e8d02f23d5079b8f74a616308fb11d"],"Created":1431710615,"Size":348791356,"VirtualSize":348791356,"Labels":{}}][\n]"
02:44:41.390 [Test worker] DEBUG org.apache.http.headers - http-outgoing-135 << HTTP/1.1 200 OK
02:44:41.390 [Test worker] DEBUG org.apache.http.headers - http-outgoing-135 << Content-Type: application/json
02:44:41.391 [Test worker] DEBUG org.apache.http.headers - http-outgoing-135 << Server: Docker/1.12.1 (linux)
02:44:41.391 [Test worker] DEBUG org.apache.http.headers - http-outgoing-135 << Date: Tue, 18 Oct 2016 00:44:41 GMT
02:44:41.391 [Test worker] DEBUG org.apache.http.headers - http-outgoing-135 << Content-Length: 1215
02:44:41.391 [Test worker] DEBUG o.a.h.impl.execchain.MainClientExec - Connection can be kept alive indefinitely
02:44:41.391 [Test worker] DEBUG c.g.d.j.JerseyDockerCmdExecFactory - 2 * Client response received on thread Test worker
2 < 200
2 < Content-Length: 1215
2 < Content-Type: application/json
2 < Date: Tue, 18 Oct 2016 00:44:41 GMT
2 < Server: Docker/1.12.1 (linux)
[{"Id":"sha256:f753707788c5c100f194ce0a73058faae1a457774efcda6c1469544a114f8644","ParentId":"","RepoTags":["ubuntu:latest"],"RepoDigests":["ubuntu@sha256:2d44ae143feeb36f4c898d32ed2ab2dffeb3a573d2d8928646dfc9cb7deb1315"],"Created":1476393201,"Size":127161487,"VirtualSize":127161487,"Labels":{}},{"Id":"sha256:d654de4499473ed41349b54a988b6f46a7fc92e3fa2d61e102bf2660a0116e25","ParentId":"","RepoTags":["sakib37/iperf3:latest"],"RepoDigests":["sakib37/iperf3@sha256:8d80a810f8f508c074b14d02555f20110eac382c8dbda7252075392983629d40"],"Created":1474907599,"Size":199456654,"VirtualSize":199456654,"Labels":{}},{"Id":"sha256:45bc58500fa3d3c0d67233d4a7798134b46b486af1389ca87000c543f46c3d24","ParentId":"","RepoTags":["ubuntu:16.04"],"RepoDigests":["ubuntu@sha256:3235a49037919e99696d97df8d8a230717272d848ee4ddadbca8d54f97ee30cb"],"Created":1474304481,"Size":126872298,"VirtualSize":126872298,"Labels":{}},{"Id":"sha256:6fae60ef344644649a39240b94d73b8ba9c67f898ede85cf8e947a887b3e6557","ParentId":"","RepoTags":["training/webapp:latest"],"RepoDigests":["training/webapp@sha256:06e9c1983bd6d5db5fba376ccd63bfa529e8d02f23d5079b8f74a616308fb11d"],"Created":1431710615,"Size":348791356,"VirtualSize":348791356,"Labels":{}}]


02:44:41.392 [Test worker] DEBUG o.a.h.i.c.DefaultManagedHttpClientConnection - http-outgoing-135: Close connection
02:44:41.392 [Test worker] DEBUG o.a.h.impl.execchain.MainClientExec - Connection discarded
02:44:41.392 [Test worker] DEBUG c.g.d.j.JerseyDockerCmdExecFactory$1 - Connection released: [id: 135][route: {}->http://localhost:2375][total kept alive: 0; route allocated: 0 of 2; total allocated: 0 of 20]
02:44:41.393 [Test worker] DEBUG org.openbaton.docker.DockerVim - Found a docker image, transformed into a NFV Image Image{id='sha256:f753707788c5c100f194ce0a73058faae1a457774efcda6c1469544a114f8644', name='ubuntu', version=0, extId='null', minRam='0', minDiskSpace='0', minCPU='null', public='true', diskFormat='null', containerFormat='docker', created='Sun Jan 18 03:06:33 CET 1970', updated='null'}
02:44:41.394 [Test worker] DEBUG c.g.d.core.command.AbstrDockerCmd - Cmd: e2e412f23b56b375635e4296ee694b700334ab3114ce58672dac6b78d526468f,68f47e249d55eb0c1a6e6d3451c4d66511217f4ee60836540cb4ae81b49cb45a,<null>,com.github.dockerjava.jaxrs.ConnectToNetworkCmdExec@736cc380
02:44:41.402 [Test worker] DEBUG o.a.h.c.protocol.RequestAddCookies - CookieSpec selected: default
02:44:41.403 [Test worker] DEBUG o.a.h.c.protocol.RequestAuthCache - Auth cache not set in the context
02:44:41.403 [Test worker] DEBUG c.g.d.j.JerseyDockerCmdExecFactory$1 - Connection request: [route: {}->http://localhost:2375][total kept alive: 0; route allocated: 0 of 2; total allocated: 0 of 20]
02:44:41.403 [Test worker] DEBUG c.g.d.j.JerseyDockerCmdExecFactory$1 - Connection leased: [id: 136][route: {}->http://localhost:2375][total kept alive: 0; route allocated: 1 of 2; total allocated: 1 of 20]
02:44:41.403 [Test worker] DEBUG o.a.h.impl.execchain.MainClientExec - Opening connection {}->http://localhost:2375
02:44:41.403 [Test worker] DEBUG o.a.h.i.c.DefaultHttpClientConnectionOperator - Connecting to localhost/127.0.0.1:2375
02:44:41.403 [Test worker] DEBUG o.a.h.i.c.DefaultHttpClientConnectionOperator - Connection established 127.0.0.1:57288<->127.0.0.1:2375
02:44:41.403 [Test worker] DEBUG o.a.h.impl.execchain.MainClientExec - Executing request POST /networks/e2e412f23b56b375635e4296ee694b700334ab3114ce58672dac6b78d526468f/connect HTTP/1.1
02:44:41.403 [Test worker] DEBUG o.a.h.impl.execchain.MainClientExec - Target auth state: UNCHALLENGED
02:44:41.403 [Test worker] DEBUG o.a.h.impl.execchain.MainClientExec - Proxy auth state: UNCHALLENGED
02:44:41.403 [Test worker] DEBUG org.apache.http.headers - http-outgoing-136 >> POST /networks/e2e412f23b56b375635e4296ee694b700334ab3114ce58672dac6b78d526468f/connect HTTP/1.1
02:44:41.403 [Test worker] DEBUG org.apache.http.headers - http-outgoing-136 >> Content-Type: application/json
02:44:41.403 [Test worker] DEBUG org.apache.http.headers - http-outgoing-136 >> User-Agent: Jersey/2.23.1 (Apache HttpClient 4.5.1)
02:44:41.403 [Test worker] DEBUG org.apache.http.headers - http-outgoing-136 >> Transfer-Encoding: chunked
02:44:41.404 [Test worker] DEBUG org.apache.http.headers - http-outgoing-136 >> Host: localhost:2375
02:44:41.404 [Test worker] DEBUG org.apache.http.headers - http-outgoing-136 >> Connection: Keep-Alive
02:44:41.404 [Test worker] DEBUG org.apache.http.headers - http-outgoing-136 >> Accept-Encoding: gzip,deflate
02:44:41.405 [Test worker] DEBUG c.g.d.j.JerseyDockerCmdExecFactory - 1 * Sending client request on thread Test worker
1 > POST http://localhost:2375/networks/e2e412f23b56b375635e4296ee694b700334ab3114ce58672dac6b78d526468f/connect
1 > Content-Type: application/json
{"containerConfig":null,"Container":"68f47e249d55eb0c1a6e6d3451c4d66511217f4ee60836540cb4ae81b49cb45a","EndpointConfig":null}

02:44:41.405 [Test worker] DEBUG org.apache.http.wire - http-outgoing-136 >> "POST /networks/e2e412f23b56b375635e4296ee694b700334ab3114ce58672dac6b78d526468f/connect HTTP/1.1[\r][\n]"
02:44:41.405 [Test worker] DEBUG org.apache.http.wire - http-outgoing-136 >> "Content-Type: application/json[\r][\n]"
02:44:41.405 [Test worker] DEBUG org.apache.http.wire - http-outgoing-136 >> "User-Agent: Jersey/2.23.1 (Apache HttpClient 4.5.1)[\r][\n]"
02:44:41.405 [Test worker] DEBUG org.apache.http.wire - http-outgoing-136 >> "Transfer-Encoding: chunked[\r][\n]"
02:44:41.405 [Test worker] DEBUG org.apache.http.wire - http-outgoing-136 >> "Host: localhost:2375[\r][\n]"
02:44:41.405 [Test worker] DEBUG org.apache.http.wire - http-outgoing-136 >> "Connection: Keep-Alive[\r][\n]"
02:44:41.405 [Test worker] DEBUG org.apache.http.wire - http-outgoing-136 >> "Accept-Encoding: gzip,deflate[\r][\n]"
02:44:41.405 [Test worker] DEBUG org.apache.http.wire - http-outgoing-136 >> "[\r][\n]"
02:44:41.405 [Test worker] DEBUG org.apache.http.wire - http-outgoing-136 >> "7d[\r][\n]"
02:44:41.405 [Test worker] DEBUG org.apache.http.wire - http-outgoing-136 >> "{"containerConfig":null,"Container":"68f47e249d55eb0c1a6e6d3451c4d66511217f4ee60836540cb4ae81b49cb45a","EndpointConfig":null}[\r][\n]"
02:44:41.405 [Test worker] DEBUG org.apache.http.wire - http-outgoing-136 >> "0[\r][\n]"
02:44:41.405 [Test worker] DEBUG org.apache.http.wire - http-outgoing-136 >> "[\r][\n]"
02:44:41.478 [Test worker] DEBUG org.apache.http.wire - http-outgoing-136 << "HTTP/1.1 200 OK[\r][\n]"
02:44:41.478 [Test worker] DEBUG org.apache.http.wire - http-outgoing-136 << "Server: Docker/1.12.1 (linux)[\r][\n]"
02:44:41.478 [Test worker] DEBUG org.apache.http.wire - http-outgoing-136 << "Date: Tue, 18 Oct 2016 00:44:41 GMT[\r][\n]"
02:44:41.478 [Test worker] DEBUG org.apache.http.wire - http-outgoing-136 << "Content-Length: 0[\r][\n]"
02:44:41.478 [Test worker] DEBUG org.apache.http.wire - http-outgoing-136 << "Content-Type: text/plain; charset=utf-8[\r][\n]"
02:44:41.478 [Test worker] DEBUG org.apache.http.wire - http-outgoing-136 << "[\r][\n]"
02:44:41.478 [Test worker] DEBUG org.apache.http.headers - http-outgoing-136 << HTTP/1.1 200 OK
02:44:41.478 [Test worker] DEBUG org.apache.http.headers - http-outgoing-136 << Server: Docker/1.12.1 (linux)
02:44:41.478 [Test worker] DEBUG org.apache.http.headers - http-outgoing-136 << Date: Tue, 18 Oct 2016 00:44:41 GMT
02:44:41.478 [Test worker] DEBUG org.apache.http.headers - http-outgoing-136 << Content-Length: 0
02:44:41.478 [Test worker] DEBUG org.apache.http.headers - http-outgoing-136 << Content-Type: text/plain; charset=utf-8
02:44:41.478 [Test worker] DEBUG o.a.h.impl.execchain.MainClientExec - Connection can be kept alive indefinitely
02:44:41.478 [Test worker] DEBUG c.g.d.j.JerseyDockerCmdExecFactory$1 - Connection [id: 136][route: {}->http://localhost:2375] can be kept alive indefinitely
02:44:41.478 [Test worker] DEBUG c.g.d.j.JerseyDockerCmdExecFactory$1 - Connection released: [id: 136][route: {}->http://localhost:2375][total kept alive: 1; route allocated: 1 of 2; total allocated: 1 of 20]
02:44:41.478 [Test worker] DEBUG c.g.d.j.JerseyDockerCmdExecFactory - 2 * Client response received on thread Test worker
2 < 200
2 < Content-Length: 0
2 < Content-Type: application/json;charset=utf-8
2 < Date: Tue, 18 Oct 2016 00:44:41 GMT
2 < Server: Docker/1.12.1 (linux)

02:44:41.478 [Test worker] INFO  org.openbaton.docker.DockerVim - Container connected to the Network Successfully
02:44:41.478 [Test worker] DEBUG c.g.d.core.command.AbstrDockerCmd - Cmd: e2e412f23b56b375635e4296ee694b700334ab3114ce58672dac6b78d526468f,com.github.dockerjava.jaxrs.RemoveNetworkCmdExec@2395a0d9
02:44:41.479 [Test worker] DEBUG c.g.d.j.JerseyDockerCmdExecFactory - 3 * Sending client request on thread Test worker
3 > DELETE http://localhost:2375/networks/e2e412f23b56b375635e4296ee694b700334ab3114ce58672dac6b78d526468f
3 > Accept: application/json

02:44:41.479 [Test worker] DEBUG o.a.h.c.protocol.RequestAddCookies - CookieSpec selected: default
02:44:41.479 [Test worker] DEBUG o.a.h.c.protocol.RequestAuthCache - Auth cache not set in the context
02:44:41.479 [Test worker] DEBUG c.g.d.j.JerseyDockerCmdExecFactory$1 - Connection request: [route: {}->http://localhost:2375][total kept alive: 0; route allocated: 0 of 2; total allocated: 0 of 20]
02:44:41.479 [Test worker] DEBUG c.g.d.j.JerseyDockerCmdExecFactory$1 - Connection leased: [id: 137][route: {}->http://localhost:2375][total kept alive: 0; route allocated: 1 of 2; total allocated: 1 of 20]
02:44:41.479 [Test worker] DEBUG o.a.h.impl.execchain.MainClientExec - Opening connection {}->http://localhost:2375
02:44:41.479 [Test worker] DEBUG o.a.h.i.c.DefaultHttpClientConnectionOperator - Connecting to localhost/127.0.0.1:2375
02:44:41.479 [Test worker] DEBUG o.a.h.i.c.DefaultHttpClientConnectionOperator - Connection established 127.0.0.1:57290<->127.0.0.1:2375
02:44:41.479 [Test worker] DEBUG o.a.h.impl.execchain.MainClientExec - Executing request DELETE /networks/e2e412f23b56b375635e4296ee694b700334ab3114ce58672dac6b78d526468f HTTP/1.1
02:44:41.479 [Test worker] DEBUG o.a.h.impl.execchain.MainClientExec - Target auth state: UNCHALLENGED
02:44:41.480 [Test worker] DEBUG o.a.h.impl.execchain.MainClientExec - Proxy auth state: UNCHALLENGED
02:44:41.480 [Test worker] DEBUG org.apache.http.headers - http-outgoing-137 >> DELETE /networks/e2e412f23b56b375635e4296ee694b700334ab3114ce58672dac6b78d526468f HTTP/1.1
02:44:41.480 [Test worker] DEBUG org.apache.http.headers - http-outgoing-137 >> Accept: application/json
02:44:41.480 [Test worker] DEBUG org.apache.http.headers - http-outgoing-137 >> User-Agent: Jersey/2.23.1 (Apache HttpClient 4.5.1)
02:44:41.480 [Test worker] DEBUG org.apache.http.headers - http-outgoing-137 >> Host: localhost:2375
02:44:41.480 [Test worker] DEBUG org.apache.http.headers - http-outgoing-137 >> Connection: Keep-Alive
02:44:41.480 [Test worker] DEBUG org.apache.http.headers - http-outgoing-137 >> Accept-Encoding: gzip,deflate
02:44:41.480 [Test worker] DEBUG org.apache.http.wire - http-outgoing-137 >> "DELETE /networks/e2e412f23b56b375635e4296ee694b700334ab3114ce58672dac6b78d526468f HTTP/1.1[\r][\n]"
02:44:41.480 [Test worker] DEBUG org.apache.http.wire - http-outgoing-137 >> "Accept: application/json[\r][\n]"
02:44:41.480 [Test worker] DEBUG org.apache.http.wire - http-outgoing-137 >> "User-Agent: Jersey/2.23.1 (Apache HttpClient 4.5.1)[\r][\n]"
02:44:41.480 [Test worker] DEBUG org.apache.http.wire - http-outgoing-137 >> "Host: localhost:2375[\r][\n]"
02:44:41.480 [Test worker] DEBUG org.apache.http.wire - http-outgoing-137 >> "Connection: Keep-Alive[\r][\n]"
02:44:41.480 [Test worker] DEBUG org.apache.http.wire - http-outgoing-137 >> "Accept-Encoding: gzip,deflate[\r][\n]"
02:44:41.480 [Test worker] DEBUG org.apache.http.wire - http-outgoing-137 >> "[\r][\n]"
02:44:41.481 [Test worker] DEBUG org.apache.http.wire - http-outgoing-137 << "HTTP/1.1 500 Internal Server Error[\r][\n]"
02:44:41.481 [Test worker] DEBUG org.apache.http.wire - http-outgoing-137 << "Content-Type: application/json[\r][\n]"
02:44:41.481 [Test worker] DEBUG org.apache.http.wire - http-outgoing-137 << "Server: Docker/1.12.1 (linux)[\r][\n]"
02:44:41.481 [Test worker] DEBUG org.apache.http.wire - http-outgoing-137 << "Date: Tue, 18 Oct 2016 00:44:41 GMT[\r][\n]"
02:44:41.481 [Test worker] DEBUG org.apache.http.wire - http-outgoing-137 << "Content-Length: 53[\r][\n]"
02:44:41.481 [Test worker] DEBUG org.apache.http.wire - http-outgoing-137 << "[\r][\n]"
02:44:41.481 [Test worker] DEBUG org.apache.http.wire - http-outgoing-137 << "{"message":"network MyNetwork has active endpoints"}[\n]"
02:44:41.481 [Test worker] DEBUG org.apache.http.headers - http-outgoing-137 << HTTP/1.1 500 Internal Server Error
02:44:41.481 [Test worker] DEBUG org.apache.http.headers - http-outgoing-137 << Content-Type: application/json
02:44:41.481 [Test worker] DEBUG org.apache.http.headers - http-outgoing-137 << Server: Docker/1.12.1 (linux)
02:44:41.482 [Test worker] DEBUG org.apache.http.headers - http-outgoing-137 << Date: Tue, 18 Oct 2016 00:44:41 GMT
02:44:41.482 [Test worker] DEBUG org.apache.http.headers - http-outgoing-137 << Content-Length: 53
02:44:41.482 [Test worker] DEBUG o.a.h.impl.execchain.MainClientExec - Connection can be kept alive indefinitely
02:44:41.482 [Test worker] DEBUG o.a.h.i.c.DefaultManagedHttpClientConnection - http-outgoing-137: Close connection
02:44:41.482 [Test worker] DEBUG o.a.h.impl.execchain.MainClientExec - Connection discarded
02:44:41.482 [Test worker] DEBUG c.g.d.j.JerseyDockerCmdExecFactory$1 - Connection released: [id: 137][route: {}->http://localhost:2375][total kept alive: 0; route allocated: 0 of 2; total allocated: 0 of 20]
newNetwork : Network{id='e2e412f23b56b375635e4296ee694b700334ab3114ce58672dac6b78d526468f', name='MyNetwork', extId='null', external=false, shared=false, subnets=[Subnet{id='null', version=0, name='bridge', extId='null', networkId='172.19.0.0/16', cidr='null', gatewayIp='172.19.0.1'}]}
MyContainer : Server{id='68f47e249d55eb0c1a6e6d3451c4d66511217f4ee60836540cb4ae81b49cb45a', version=0, name='MyContainer', image=Image{id='sha256:f753707788c5c100f194ce0a73058faae1a457774efcda6c1469544a114f8644', name='ubuntu', version=0, extId='null', minRam='0', minDiskSpace='0', minCPU='null', public='true', diskFormat='null', containerFormat='docker', created='Sun Jan 18 03:06:33 CET 1970', updated='null'}, flavor=null, status='null', extendedStatus='null', extId='null', ips=null, floatingIps=null, created=null, updated=null, hostName='hostName', hypervisorHostName='null', instanceName='null'}
02:44:41.482 [Test worker] DEBUG c.g.d.core.command.AbstrDockerCmd - Cmd: e2e412f23b56b375635e4296ee694b700334ab3114ce58672dac6b78d526468f,com.github.dockerjava.jaxrs.InspectNetworkCmdExec@7061d8ef
02:44:41.483 [Test worker] DEBUG c.g.d.jaxrs.ListNetworksCmdExec - GET: JerseyWebTarget { http://localhost:2375/networks/e2e412f23b56b375635e4296ee694b700334ab3114ce58672dac6b78d526468f }
02:44:41.483 [Test worker] DEBUG c.g.d.j.JerseyDockerCmdExecFactory - 4 * Sending client request on thread Test worker
4 > GET http://localhost:2375/networks/e2e412f23b56b375635e4296ee694b700334ab3114ce58672dac6b78d526468f
4 > Accept: application/json

02:44:41.483 [Test worker] DEBUG o.a.h.c.protocol.RequestAddCookies - CookieSpec selected: default
02:44:41.483 [Test worker] DEBUG o.a.h.c.protocol.RequestAuthCache - Auth cache not set in the context
02:44:41.483 [Test worker] DEBUG c.g.d.j.JerseyDockerCmdExecFactory$1 - Connection request: [route: {}->http://localhost:2375][total kept alive: 0; route allocated: 0 of 2; total allocated: 0 of 20]
02:44:41.483 [Test worker] DEBUG c.g.d.j.JerseyDockerCmdExecFactory$1 - Connection leased: [id: 138][route: {}->http://localhost:2375][total kept alive: 0; route allocated: 1 of 2; total allocated: 1 of 20]
02:44:41.483 [Test worker] DEBUG o.a.h.impl.execchain.MainClientExec - Opening connection {}->http://localhost:2375
02:44:41.483 [Test worker] DEBUG o.a.h.i.c.DefaultHttpClientConnectionOperator - Connecting to localhost/127.0.0.1:2375
02:44:41.484 [Test worker] DEBUG o.a.h.i.c.DefaultHttpClientConnectionOperator - Connection established 127.0.0.1:57292<->127.0.0.1:2375
02:44:41.484 [Test worker] DEBUG o.a.h.impl.execchain.MainClientExec - Executing request GET /networks/e2e412f23b56b375635e4296ee694b700334ab3114ce58672dac6b78d526468f HTTP/1.1
02:44:41.484 [Test worker] DEBUG o.a.h.impl.execchain.MainClientExec - Target auth state: UNCHALLENGED
02:44:41.484 [Test worker] DEBUG o.a.h.impl.execchain.MainClientExec - Proxy auth state: UNCHALLENGED
02:44:41.484 [Test worker] DEBUG org.apache.http.headers - http-outgoing-138 >> GET /networks/e2e412f23b56b375635e4296ee694b700334ab3114ce58672dac6b78d526468f HTTP/1.1
02:44:41.484 [Test worker] DEBUG org.apache.http.headers - http-outgoing-138 >> Accept: application/json
02:44:41.484 [Test worker] DEBUG org.apache.http.headers - http-outgoing-138 >> User-Agent: Jersey/2.23.1 (Apache HttpClient 4.5.1)
02:44:41.484 [Test worker] DEBUG org.apache.http.headers - http-outgoing-138 >> Host: localhost:2375
02:44:41.484 [Test worker] DEBUG org.apache.http.headers - http-outgoing-138 >> Connection: Keep-Alive
02:44:41.484 [Test worker] DEBUG org.apache.http.headers - http-outgoing-138 >> Accept-Encoding: gzip,deflate
02:44:41.484 [Test worker] DEBUG org.apache.http.wire - http-outgoing-138 >> "GET /networks/e2e412f23b56b375635e4296ee694b700334ab3114ce58672dac6b78d526468f HTTP/1.1[\r][\n]"
02:44:41.484 [Test worker] DEBUG org.apache.http.wire - http-outgoing-138 >> "Accept: application/json[\r][\n]"
02:44:41.484 [Test worker] DEBUG org.apache.http.wire - http-outgoing-138 >> "User-Agent: Jersey/2.23.1 (Apache HttpClient 4.5.1)[\r][\n]"
02:44:41.484 [Test worker] DEBUG org.apache.http.wire - http-outgoing-138 >> "Host: localhost:2375[\r][\n]"
02:44:41.484 [Test worker] DEBUG org.apache.http.wire - http-outgoing-138 >> "Connection: Keep-Alive[\r][\n]"
02:44:41.484 [Test worker] DEBUG org.apache.http.wire - http-outgoing-138 >> "Accept-Encoding: gzip,deflate[\r][\n]"
02:44:41.484 [Test worker] DEBUG org.apache.http.wire - http-outgoing-138 >> "[\r][\n]"
02:44:41.485 [Test worker] DEBUG org.apache.http.wire - http-outgoing-138 << "HTTP/1.1 200 OK[\r][\n]"
02:44:41.485 [Test worker] DEBUG org.apache.http.wire - http-outgoing-138 << "Content-Type: application/json[\r][\n]"
02:44:41.485 [Test worker] DEBUG org.apache.http.wire - http-outgoing-138 << "Server: Docker/1.12.1 (linux)[\r][\n]"
02:44:41.485 [Test worker] DEBUG org.apache.http.wire - http-outgoing-138 << "Date: Tue, 18 Oct 2016 00:44:41 GMT[\r][\n]"
02:44:41.485 [Test worker] DEBUG org.apache.http.wire - http-outgoing-138 << "Content-Length: 557[\r][\n]"
02:44:41.485 [Test worker] DEBUG org.apache.http.wire - http-outgoing-138 << "[\r][\n]"
02:44:41.485 [Test worker] DEBUG org.apache.http.wire - http-outgoing-138 << "{"Name":"MyNetwork","Id":"e2e412f23b56b375635e4296ee694b700334ab3114ce58672dac6b78d526468f","Scope":"local","Driver":"bridge","EnableIPv6":false,"IPAM":{"Driver":"default","Options":null,"Config":[{"Subnet":"172.19.0.0/16","Gateway":"172.19.0.1"}]},"Internal":false,"Containers":{"68f47e249d55eb0c1a6e6d3451c4d66511217f4ee60836540cb4ae81b49cb45a":{"Name":"MyContainer","EndpointID":"32ff8a5b403043a78ea1d6776ad8a53f2482ed47796e04e4a61a01a5181da311","MacAddress":"02:42:ac:13:00:02","IPv4Address":"172.19.0.2/16","IPv6Address":""}},"Options":{},"Labels":{}}[\n]"
02:44:41.485 [Test worker] DEBUG org.apache.http.headers - http-outgoing-138 << HTTP/1.1 200 OK
02:44:41.485 [Test worker] DEBUG org.apache.http.headers - http-outgoing-138 << Content-Type: application/json
02:44:41.485 [Test worker] DEBUG org.apache.http.headers - http-outgoing-138 << Server: Docker/1.12.1 (linux)
02:44:41.485 [Test worker] DEBUG org.apache.http.headers - http-outgoing-138 << Date: Tue, 18 Oct 2016 00:44:41 GMT
02:44:41.485 [Test worker] DEBUG org.apache.http.headers - http-outgoing-138 << Content-Length: 557
02:44:41.485 [Test worker] DEBUG o.a.h.impl.execchain.MainClientExec - Connection can be kept alive indefinitely
02:44:41.486 [Test worker] DEBUG c.g.d.j.JerseyDockerCmdExecFactory - 5 * Client response received on thread Test worker
5 < 200
5 < Content-Length: 557
5 < Content-Type: application/json
5 < Date: Tue, 18 Oct 2016 00:44:41 GMT
5 < Server: Docker/1.12.1 (linux)
{"Name":"MyNetwork","Id":"e2e412f23b56b375635e4296ee694b700334ab3114ce58672dac6b78d526468f","Scope":"local","Driver":"bridge","EnableIPv6":false,"IPAM":{"Driver":"default","Options":null,"Config":[{"Subnet":"172.19.0.0/16","Gateway":"172.19.0.1"}]},"Internal":false,"Containers":{"68f47e249d55eb0c1a6e6d3451c4d66511217f4ee60836540cb4ae81b49cb45a":{"Name":"MyContainer","EndpointID":"32ff8a5b403043a78ea1d6776ad8a53f2482ed47796e04e4a61a01a5181da311","MacAddress":"02:42:ac:13:00:02","IPv4Address":"172.19.0.2/16","IPv6Address":""}},"Options":{},"Labels":{}}


02:44:41.494 [Test worker] DEBUG o.a.h.i.c.DefaultManagedHttpClientConnection - http-outgoing-138: Close connection
02:44:41.495 [Test worker] DEBUG o.a.h.impl.execchain.MainClientExec - Connection discarded
02:44:41.495 [Test worker] DEBUG c.g.d.j.JerseyDockerCmdExecFactory$1 - Connection released: [id: 138][route: {}->http://localhost:2375][total kept alive: 0; route allocated: 0 of 2; total allocated: 0 of 20]
02:44:41.495 [Test worker] DEBUG c.g.d.core.command.AbstrDockerCmd - Cmd: 68f47e249d55eb0c1a6e6d3451c4d66511217f4ee60836540cb4ae81b49cb45a,false,com.github.dockerjava.jaxrs.InspectContainerCmdExec@4dd5b173
02:44:41.495 [Test worker] DEBUG c.g.d.jaxrs.InspectContainerCmdExec - GET: JerseyWebTarget { http://localhost:2375/containers/68f47e249d55eb0c1a6e6d3451c4d66511217f4ee60836540cb4ae81b49cb45a/json }
02:44:41.495 [Test worker] DEBUG c.g.d.j.JerseyDockerCmdExecFactory - 6 * Sending client request on thread Test worker
6 > GET http://localhost:2375/containers/68f47e249d55eb0c1a6e6d3451c4d66511217f4ee60836540cb4ae81b49cb45a/json
6 > Accept: application/json

02:44:41.496 [Test worker] DEBUG o.a.h.c.protocol.RequestAddCookies - CookieSpec selected: default
02:44:41.496 [Test worker] DEBUG o.a.h.c.protocol.RequestAuthCache - Auth cache not set in the context
02:44:41.497 [Test worker] DEBUG c.g.d.j.JerseyDockerCmdExecFactory$1 - Connection request: [route: {}->http://localhost:2375][total kept alive: 0; route allocated: 0 of 2; total allocated: 0 of 20]
02:44:41.497 [Test worker] DEBUG c.g.d.j.JerseyDockerCmdExecFactory$1 - Connection leased: [id: 139][route: {}->http://localhost:2375][total kept alive: 0; route allocated: 1 of 2; total allocated: 1 of 20]
02:44:41.497 [Test worker] DEBUG o.a.h.impl.execchain.MainClientExec - Opening connection {}->http://localhost:2375
02:44:41.497 [Test worker] DEBUG o.a.h.i.c.DefaultHttpClientConnectionOperator - Connecting to localhost/127.0.0.1:2375
02:44:41.497 [Test worker] DEBUG o.a.h.i.c.DefaultHttpClientConnectionOperator - Connection established 127.0.0.1:57294<->127.0.0.1:2375
02:44:41.497 [Test worker] DEBUG o.a.h.impl.execchain.MainClientExec - Executing request GET /containers/68f47e249d55eb0c1a6e6d3451c4d66511217f4ee60836540cb4ae81b49cb45a/json HTTP/1.1
02:44:41.497 [Test worker] DEBUG o.a.h.impl.execchain.MainClientExec - Target auth state: UNCHALLENGED
02:44:41.497 [Test worker] DEBUG o.a.h.impl.execchain.MainClientExec - Proxy auth state: UNCHALLENGED
02:44:41.497 [Test worker] DEBUG org.apache.http.headers - http-outgoing-139 >> GET /containers/68f47e249d55eb0c1a6e6d3451c4d66511217f4ee60836540cb4ae81b49cb45a/json HTTP/1.1
02:44:41.497 [Test worker] DEBUG org.apache.http.headers - http-outgoing-139 >> Accept: application/json
02:44:41.497 [Test worker] DEBUG org.apache.http.headers - http-outgoing-139 >> User-Agent: Jersey/2.23.1 (Apache HttpClient 4.5.1)
02:44:41.497 [Test worker] DEBUG org.apache.http.headers - http-outgoing-139 >> Host: localhost:2375
02:44:41.497 [Test worker] DEBUG org.apache.http.headers - http-outgoing-139 >> Connection: Keep-Alive
02:44:41.498 [Test worker] DEBUG org.apache.http.headers - http-outgoing-139 >> Accept-Encoding: gzip,deflate
02:44:41.498 [Test worker] DEBUG org.apache.http.wire - http-outgoing-139 >> "GET /containers/68f47e249d55eb0c1a6e6d3451c4d66511217f4ee60836540cb4ae81b49cb45a/json HTTP/1.1[\r][\n]"
02:44:41.498 [Test worker] DEBUG org.apache.http.wire - http-outgoing-139 >> "Accept: application/json[\r][\n]"
02:44:41.498 [Test worker] DEBUG org.apache.http.wire - http-outgoing-139 >> "User-Agent: Jersey/2.23.1 (Apache HttpClient 4.5.1)[\r][\n]"
02:44:41.498 [Test worker] DEBUG org.apache.http.wire - http-outgoing-139 >> "Host: localhost:2375[\r][\n]"
02:44:41.498 [Test worker] DEBUG org.apache.http.wire - http-outgoing-139 >> "Connection: Keep-Alive[\r][\n]"
02:44:41.498 [Test worker] DEBUG org.apache.http.wire - http-outgoing-139 >> "Accept-Encoding: gzip,deflate[\r][\n]"
02:44:41.498 [Test worker] DEBUG org.apache.http.wire - http-outgoing-139 >> "[\r][\n]"
02:44:41.498 [Test worker] DEBUG org.apache.http.wire - http-outgoing-139 << "HTTP/1.1 200 OK[\r][\n]"
02:44:41.498 [Test worker] DEBUG org.apache.http.wire - http-outgoing-139 << "Content-Type: application/json[\r][\n]"
02:44:41.498 [Test worker] DEBUG org.apache.http.wire - http-outgoing-139 << "Server: Docker/1.12.1 (linux)[\r][\n]"
02:44:41.498 [Test worker] DEBUG org.apache.http.wire - http-outgoing-139 << "Date: Tue, 18 Oct 2016 00:44:41 GMT[\r][\n]"
02:44:41.498 [Test worker] DEBUG org.apache.http.wire - http-outgoing-139 << "Transfer-Encoding: chunked[\r][\n]"
02:44:41.498 [Test worker] DEBUG org.apache.http.wire - http-outgoing-139 << "[\r][\n]"
02:44:41.498 [Test worker] DEBUG org.apache.http.wire - http-outgoing-139 << "f64[\r][\n]"
02:44:41.499 [Test worker] DEBUG org.apache.http.wire - http-outgoing-139 << "{"Id":"68f47e249d55eb0c1a6e6d3451c4d66511217f4ee60836540cb4ae81b49cb45a","Created":"2016-10-18T00:44:41.210708233Z","Path":"sleep","Args":["99999"],"State":{"Status":"running","Running":true,"Paused":false,"Restarting":false,"OOMKilled":false,"Dead":false,"Pid":15902,"ExitCode":0,"Error":"","StartedAt":"2016-10-18T00:44:41.374228881Z","FinishedAt":"0001-01-01T00:00:00Z"},"Image":"sha256:f753707788c5c100f194ce0a73058faae1a457774efcda6c1469544a114f8644","ResolvConfPath":"/var/lib/docker/containers/68f47e249d55eb0c1a6e6d3451c4d66511217f4ee60836540cb4ae81b49cb45a/resolv.conf","HostnamePath":"/var/lib/docker/containers/68f47e249d55eb0c1a6e6d3451c4d66511217f4ee60836540cb4ae81b49cb45a/hostname","HostsPath":"/var/lib/docker/containers/68f47e249d55eb0c1a6e6d3451c4d66511217f4ee60836540cb4ae81b49cb45a/hosts","LogPath":"/var/lib/docker/containers/68f47e249d55eb0c1a6e6d3451c4d66511217f4ee60836540cb4ae81b49cb45a/68f47e249d55eb0c1a6e6d3451c4d66511217f4ee60836540cb4ae81b49cb45a-json.log","Name":"/MyContainer","RestartCount":0,"Driver":"aufs","MountLabel":"","ProcessLabel":"","AppArmorProfile":"","ExecIDs":null,"HostConfig":{"Binds":null,"ContainerIDFile":"","LogConfig":{"Type":"json-file","Config":{}},"NetworkMode":"default","PortBindings":null,"RestartPolicy":{"Name":"","MaximumRetryCount":0},"AutoRemove":false,"VolumeDriver":"","VolumesFrom":null,"CapAdd":null,"CapDrop":null,"Dns":null,"DnsOptions":null,"DnsSearch":null,"ExtraHosts":null,"GroupAdd":null,"IpcMode":"","Cgroup":"","Links":null,"OomScoreAdj":0,"PidMode":"","Privileged":false,"PublishAllPorts":false,"ReadonlyRootfs":false,"SecurityOpt":null,"UTSMode":"","UsernsMode":"","ShmSize":67108864,"Runtime":"runc","ConsoleSize":[0,0],"Isolation":"","CpuShares":0,"Memory":0,"CgroupParent":"","BlkioWeight":0,"BlkioWeightDevice":null,"BlkioDeviceReadBps":null,"BlkioDeviceWriteBps":null,"BlkioDeviceReadIOps":null,"BlkioDeviceWriteIOps":null,"CpuPeriod":0,"CpuQuota":0,"CpusetCpus":"","CpusetMems":"","Devices":null,"DiskQuota":0,"KernelMemory":0,"MemoryReservation":0,"MemorySwap":0,"MemorySwappiness":-1,"OomKillDisable":false,"PidsLimit":0,"Ulimits":null,"CpuCount":0,"CpuPercent":0,"IOMaximumIOps":0,"IOMaximumBandwidth":0},"GraphDriver":{"Name":"aufs","Data":null},"Mounts":[],"Config":{"Hostname":"hostName","Domainname":"","User":"","AttachStdin":false,"AttachStdout":false,"AttachStderr":false,"Tty":false,"OpenStdin":false,"StdinOnce":false,"Env":["PATH=/usr/local/sbin:/usr/local/bin:/usr/sbin:/usr/bin:/sbin:/bin"],"Cmd":["sleep","99999"],"Image":"ubuntu","Volumes":null,"WorkingDir":"","Entrypoint":null,"OnBuild":null,"Labels":{}},"NetworkSettings":{"Bridge":"","SandboxID":"39b29d3c8dfaf131d705e3d383a88207b2038d1f397be86658abc75d6d125768","HairpinMode":false,"LinkLocalIPv6Address":"","LinkLocalIPv6PrefixLen":0,"Ports":{},"SandboxKey":"/var/run/docker/netns/39b29d3c8dfa","SecondaryIPAddresses":null,"SecondaryIPv6Addresses":null,"EndpointID":"268b60e66d238484d97b00e5a7d7f5ed0aef2f700dc026a25088f5f88dbd6123","Gateway":"172.17.0.1","GlobalIPv6Address":"","GlobalIPv6PrefixLen":0,"IPAddress":"172.17.0.2","IPPrefixLen":16,"IPv6Gateway":"","MacAddress":"02:42:ac:11:00:02","Networks":{"MyNetwork":{"IPAMConfig":null,"Links":null,"Aliases":["68f47e249d55"],"NetworkID":"e2e412f23b56b375635e4296ee694b700334ab3114ce58672dac6b78d526468f","EndpointID":"32ff8a5b403043a78ea1d6776ad8a53f2482ed47796e04e4a61a01a5181da311","Gateway":"172.19.0.1","IPAddress":"172.19.0.2","IPPrefixLen":16,"IPv6Gateway":"","GlobalIPv6Address":"","GlobalIPv6PrefixLen":0,"MacAddress":"02:42:ac:13:00:02"},"bridge":{"IPAMConfig":null,"Links":null,"Aliases":null,"NetworkID":"90941628611ab58d4fa4db6bcd1806afb9bf994c4562bea7ae3dc9153b373da5","EndpointID":"268b60e66d238484d97b00e5a7d7f5ed0aef2f700dc026a25088f5f88dbd6123","Gateway":"172.17.0.1","IPAddress":"172.17.0.2","IPPrefixLen":16,"IPv6Gateway":"","GlobalIPv6Address":"","GlobalIPv6PrefixLen":0,"MacAddress":"02:42:ac:11:00:02"}}}}[\n]"
02:44:41.499 [Test worker] DEBUG org.apache.http.wire - http-outgoing-139 << "[\r][\n]"
02:44:41.499 [Test worker] DEBUG org.apache.http.wire - http-outgoing-139 << "0[\r][\n]"
02:44:41.499 [Test worker] DEBUG org.apache.http.wire - http-outgoing-139 << "[\r][\n]"
02:44:41.499 [Test worker] DEBUG org.apache.http.headers - http-outgoing-139 << HTTP/1.1 200 OK
02:44:41.499 [Test worker] DEBUG org.apache.http.headers - http-outgoing-139 << Content-Type: application/json
02:44:41.499 [Test worker] DEBUG org.apache.http.headers - http-outgoing-139 << Server: Docker/1.12.1 (linux)
02:44:41.499 [Test worker] DEBUG org.apache.http.headers - http-outgoing-139 << Date: Tue, 18 Oct 2016 00:44:41 GMT
02:44:41.499 [Test worker] DEBUG org.apache.http.headers - http-outgoing-139 << Transfer-Encoding: chunked
02:44:41.499 [Test worker] DEBUG o.a.h.impl.execchain.MainClientExec - Connection can be kept alive indefinitely
02:44:41.499 [Test worker] DEBUG c.g.d.j.JerseyDockerCmdExecFactory - 7 * Client response received on thread Test worker
7 < 200
7 < Content-Length: -1
7 < Content-Type: application/json
7 < Date: Tue, 18 Oct 2016 00:44:41 GMT
7 < Server: Docker/1.12.1 (linux)
7 < Transfer-Encoding: chunked
{"Id":"68f47e249d55eb0c1a6e6d3451c4d66511217f4ee60836540cb4ae81b49cb45a","Created":"2016-10-18T00:44:41.210708233Z","Path":"sleep","Args":["99999"],"State":{"Status":"running","Running":true,"Paused":false,"Restarting":false,"OOMKilled":false,"Dead":false,"Pid":15902,"ExitCode":0,"Error":"","StartedAt":"2016-10-18T00:44:41.374228881Z","FinishedAt":"0001-01-01T00:00:00Z"},"Image":"sha256:f753707788c5c100f194ce0a73058faae1a457774efcda6c1469544a114f8644","ResolvConfPath":"/var/lib/docker/containers/68f47e249d55eb0c1a6e6d3451c4d66511217f4ee60836540cb4ae81b49cb45a/resolv.conf","HostnamePath":"/var/lib/docker/containers/68f47e249d55eb0c1a6e6d3451c4d66511217f4ee60836540cb4ae81b49cb45a/hostname","HostsPath":"/var/lib/docker/containers/68f47e249d55eb0c1a6e6d3451c4d66511217f4ee60836540cb4ae81b49cb45a/hosts","LogPath":"/var/lib/docker/containers/68f47e249d55eb0c1a6e6d3451c4d66511217f4ee60836540cb4ae81b49cb45a/68f47e249d55eb0c1a6e6d3451c4d66511217f4ee60836540cb4ae81b49cb45a-json.log","Name":"/MyContainer","RestartCount":0,"Driver":"aufs","MountLabel":"","ProcessLabel":"","AppArmorProfile":"","ExecIDs":null,"HostConfig":{"Binds":null,"ContainerIDFile":"","LogConfig":{"Type":"json-file","Config":{}},"NetworkMode":"default","PortBindings":null,"RestartPolicy":{"Name":"","MaximumRetryCount":0},"AutoRemove":false,"VolumeDriver":"","VolumesFrom":null,"CapAdd":null,"CapDrop":null,"Dns":null,"DnsOptions":null,"DnsSearch":null,"ExtraHosts":null,"GroupAdd":null,"IpcMode":"","Cgroup":"","Links":null,"OomScoreAdj":0,"PidMode":"","Privileged":false,"PublishAllPorts":false,"ReadonlyRootfs":false,"SecurityOpt":null,"UTSMode":"","UsernsMode":"","ShmSize":67108864,"Runtime":"runc","ConsoleSize":[0,0],"Isolation":"","CpuShares":0,"Memory":0,"CgroupParent":"","BlkioWeight":0,"BlkioWeightDevice":null,"BlkioDeviceReadBps":null,"BlkioDeviceWriteBps":null,"BlkioDeviceReadIOps":null,"BlkioDeviceWriteIOps":null,"CpuPeriod":0,"CpuQuota":0,"CpusetCpus":"","CpusetMems":"","Devices":null,"DiskQuota":0,"KernelMemory":0,"MemoryReservation":0,"MemorySwap":0,"MemorySwappiness":-1,"OomKillDisable":false,"PidsLimit":0,"Ulimits":null,"CpuCount":0,"CpuPercent":0,"IOMaximumIOps":0,"IOMaximumBandwidth":0},"GraphDriver":{"Name":"aufs","Data":null},"Mounts":[],"Config":{"Hostname":"hostName","Domainname":"","User":"","AttachStdin":false,"AttachStdout":false,"AttachStderr":false,"Tty":false,"OpenStdin":false,"StdinOnce":false,"Env":["PATH=/usr/local/sbin:/usr/local/bin:/usr/sbin:/usr/bin:/sbin:/bin"],"Cmd":["sleep","99999"],"Image":"ubuntu","Volumes":null,"WorkingDir":"","Entrypoint":null,"OnBuild":null,"Labels":{}},"NetworkSettings":{"Bridge":"","SandboxID":"39b29d3c8dfaf131d705e3d383a88207b2038d1f397be86658abc75d6d125768","HairpinMode":false,"LinkLocalIPv6Address":"","LinkLocalIPv6PrefixLen":0,"Ports":{},"SandboxKey":"/var/run/docker/netns/39b29d3c8dfa","SecondaryIPAddresses":null,"SecondaryIPv6Addresses":null,"EndpointID":"268b60e66d238484d97b00e5a7d7f5ed0aef2f700dc026a25088f5f88dbd6123","Gateway":"172.17.0.1","GlobalIPv6Address":"","GlobalIPv6PrefixLen":0,"IPAddress":"172.17.0.2","IPPrefixLen":16,"IPv6Gateway":"","MacAddress":"02:42:ac:11:00:02","Networks":{"MyNetwork":{"IPAMConfig":null,"Links":null,"Aliases":["68f47e249d55"],"NetworkID":"e2e412f23b56b375635e4296ee694b700334ab3114ce58672dac6b78d526468f","EndpointID":"32ff8a5b403043a78ea1d6776ad8a53f2482ed47796e04e4a61a01a5181da311","Gateway":"172.19.0.1","IPAddress":"172.19.0.2","IPPrefixLen":16,"IPv6Gateway":"","GlobalIPv6Address":"","GlobalIPv6PrefixLen":0,"MacAddress":"02:42:ac:13:00:02"},"bridge":{"IPAMConfig":null,"Links":null,"Aliases":null,"NetworkID":"90941628611ab58d4fa4db6bcd1806afb9bf994c4562bea7ae3dc9153b373da5","EndpointID":"268b60e66d238484d97b00e5a7d7f5ed0aef2f700dc026a25088f5f88dbd6123","Gateway":"172.17.0.1","IPAddress":"172.17.0.2","IPPrefixLen":16,"IPv6Gateway":"","GlobalIPv6Address":"","GlobalIPv6PrefixLen":0,"MacAddress":"02:42:ac:11:00:02"}}}}


02:44:41.521 [Test worker] DEBUG o.a.h.i.c.DefaultManagedHttpClientConnection - http-outgoing-139: Close connection
02:44:41.521 [Test worker] DEBUG o.a.h.impl.execchain.MainClientExec - Connection discarded
02:44:41.521 [Test worker] DEBUG c.g.d.j.JerseyDockerCmdExecFactory$1 - Connection released: [id: 139][route: {}->http://localhost:2375][total kept alive: 0; route allocated: 0 of 2; total allocated: 0 of 20]
02:44:41.521 [Test worker] DEBUG org.apache.http.wire - http-outgoing-139 << "end of stream"
02:44:41.522 [Test worker] DEBUG c.g.d.core.command.AbstrDockerCmd - Cmd: -1,<null>,true,<null>,<null>,com.github.dockerjava.core.util.FiltersBuilder@0,com.github.dockerjava.jaxrs.ListContainersCmdExec@74d8130f
02:44:41.530 [Test worker] DEBUG c.g.d.j.JerseyDockerCmdExecFactory - 1 * Sending client request on thread Test worker
1 > GET http://localhost:2375/containers/json?all=true
1 > Accept: application/json

02:44:41.530 [Test worker] DEBUG o.a.h.c.protocol.RequestAddCookies - CookieSpec selected: default
02:44:41.531 [Test worker] DEBUG o.a.h.c.protocol.RequestAuthCache - Auth cache not set in the context
02:44:41.531 [Test worker] DEBUG c.g.d.j.JerseyDockerCmdExecFactory$1 - Connection request: [route: {}->http://localhost:2375][total kept alive: 0; route allocated: 0 of 2; total allocated: 0 of 20]
02:44:41.531 [Test worker] DEBUG c.g.d.j.JerseyDockerCmdExecFactory$1 - Connection leased: [id: 140][route: {}->http://localhost:2375][total kept alive: 0; route allocated: 1 of 2; total allocated: 1 of 20]
02:44:41.531 [Test worker] DEBUG o.a.h.impl.execchain.MainClientExec - Opening connection {}->http://localhost:2375
02:44:41.531 [Test worker] DEBUG o.a.h.i.c.DefaultHttpClientConnectionOperator - Connecting to localhost/127.0.0.1:2375
02:44:41.531 [Test worker] DEBUG o.a.h.i.c.DefaultHttpClientConnectionOperator - Connection established 127.0.0.1:57296<->127.0.0.1:2375
02:44:41.531 [Test worker] DEBUG o.a.h.impl.execchain.MainClientExec - Executing request GET /containers/json?all=true HTTP/1.1
02:44:41.531 [Test worker] DEBUG o.a.h.impl.execchain.MainClientExec - Target auth state: UNCHALLENGED
02:44:41.531 [Test worker] DEBUG o.a.h.impl.execchain.MainClientExec - Proxy auth state: UNCHALLENGED
02:44:41.531 [Test worker] DEBUG org.apache.http.headers - http-outgoing-140 >> GET /containers/json?all=true HTTP/1.1
02:44:41.531 [Test worker] DEBUG org.apache.http.headers - http-outgoing-140 >> Accept: application/json
02:44:41.531 [Test worker] DEBUG org.apache.http.headers - http-outgoing-140 >> User-Agent: Jersey/2.23.1 (Apache HttpClient 4.5.1)
02:44:41.532 [Test worker] DEBUG org.apache.http.headers - http-outgoing-140 >> Host: localhost:2375
02:44:41.532 [Test worker] DEBUG org.apache.http.headers - http-outgoing-140 >> Connection: Keep-Alive
02:44:41.532 [Test worker] DEBUG org.apache.http.headers - http-outgoing-140 >> Accept-Encoding: gzip,deflate
02:44:41.532 [Test worker] DEBUG org.apache.http.wire - http-outgoing-140 >> "GET /containers/json?all=true HTTP/1.1[\r][\n]"
02:44:41.532 [Test worker] DEBUG org.apache.http.wire - http-outgoing-140 >> "Accept: application/json[\r][\n]"
02:44:41.532 [Test worker] DEBUG org.apache.http.wire - http-outgoing-140 >> "User-Agent: Jersey/2.23.1 (Apache HttpClient 4.5.1)[\r][\n]"
02:44:41.532 [Test worker] DEBUG org.apache.http.wire - http-outgoing-140 >> "Host: localhost:2375[\r][\n]"
02:44:41.532 [Test worker] DEBUG org.apache.http.wire - http-outgoing-140 >> "Connection: Keep-Alive[\r][\n]"
02:44:41.532 [Test worker] DEBUG org.apache.http.wire - http-outgoing-140 >> "Accept-Encoding: gzip,deflate[\r][\n]"
02:44:41.532 [Test worker] DEBUG org.apache.http.wire - http-outgoing-140 >> "[\r][\n]"
02:44:41.532 [Test worker] DEBUG org.apache.http.wire - http-outgoing-140 << "HTTP/1.1 200 OK[\r][\n]"
02:44:41.532 [Test worker] DEBUG org.apache.http.wire - http-outgoing-140 << "Content-Type: application/json[\r][\n]"
02:44:41.532 [Test worker] DEBUG org.apache.http.wire - http-outgoing-140 << "Server: Docker/1.12.1 (linux)[\r][\n]"
02:44:41.532 [Test worker] DEBUG org.apache.http.wire - http-outgoing-140 << "Date: Tue, 18 Oct 2016 00:44:41 GMT[\r][\n]"
02:44:41.532 [Test worker] DEBUG org.apache.http.wire - http-outgoing-140 << "Content-Length: 1164[\r][\n]"
02:44:41.532 [Test worker] DEBUG org.apache.http.wire - http-outgoing-140 << "[\r][\n]"
02:44:41.533 [Test worker] DEBUG org.apache.http.wire - http-outgoing-140 << "[{"Id":"68f47e249d55eb0c1a6e6d3451c4d66511217f4ee60836540cb4ae81b49cb45a","Names":["/MyContainer"],"Image":"ubuntu","ImageID":"sha256:f753707788c5c100f194ce0a73058faae1a457774efcda6c1469544a114f8644","Command":"sleep 99999","Created":1476751481,"Ports":[],"Labels":{},"State":"running","Status":"Up Less than a second","HostConfig":{"NetworkMode":"default"},"NetworkSettings":{"Networks":{"MyNetwork":{"IPAMConfig":null,"Links":null,"Aliases":null,"NetworkID":"e2e412f23b56b375635e4296ee694b700334ab3114ce58672dac6b78d526468f","EndpointID":"32ff8a5b403043a78ea1d6776ad8a53f2482ed47796e04e4a61a01a5181da311","Gateway":"172.19.0.1","IPAddress":"172.19.0.2","IPPrefixLen":16,"IPv6Gateway":"","GlobalIPv6Address":"","GlobalIPv6PrefixLen":0,"MacAddress":"02:42:ac:13:00:02"},"bridge":{"IPAMConfig":null,"Links":null,"Aliases":null,"NetworkID":"90941628611ab58d4fa4db6bcd1806afb9bf994c4562bea7ae3dc9153b373da5","EndpointID":"268b60e66d238484d97b00e5a7d7f5ed0aef2f700dc026a25088f5f88dbd6123","Gateway":"172.17.0.1","IPAddress":"172.17.0.2","IPPrefixLen":16,"IPv6Gateway":"","GlobalIPv6Address":"","GlobalIPv6PrefixLen":0,"MacAddress":"02:42:ac:11:00:02"}}},"Mounts":[]}][\n]"
02:44:41.533 [Test worker] DEBUG org.apache.http.headers - http-outgoing-140 << HTTP/1.1 200 OK
02:44:41.533 [Test worker] DEBUG org.apache.http.headers - http-outgoing-140 << Content-Type: application/json
02:44:41.533 [Test worker] DEBUG org.apache.http.headers - http-outgoing-140 << Server: Docker/1.12.1 (linux)
02:44:41.533 [Test worker] DEBUG org.apache.http.headers - http-outgoing-140 << Date: Tue, 18 Oct 2016 00:44:41 GMT
02:44:41.533 [Test worker] DEBUG org.apache.http.headers - http-outgoing-140 << Content-Length: 1164
02:44:41.533 [Test worker] DEBUG o.a.h.impl.execchain.MainClientExec - Connection can be kept alive indefinitely
02:44:41.533 [Test worker] DEBUG c.g.d.j.JerseyDockerCmdExecFactory - 2 * Client response received on thread Test worker
2 < 200
2 < Content-Length: 1164
2 < Content-Type: application/json
2 < Date: Tue, 18 Oct 2016 00:44:41 GMT
2 < Server: Docker/1.12.1 (linux)
[{"Id":"68f47e249d55eb0c1a6e6d3451c4d66511217f4ee60836540cb4ae81b49cb45a","Names":["/MyContainer"],"Image":"ubuntu","ImageID":"sha256:f753707788c5c100f194ce0a73058faae1a457774efcda6c1469544a114f8644","Command":"sleep 99999","Created":1476751481,"Ports":[],"Labels":{},"State":"running","Status":"Up Less than a second","HostConfig":{"NetworkMode":"default"},"NetworkSettings":{"Networks":{"MyNetwork":{"IPAMConfig":null,"Links":null,"Aliases":null,"NetworkID":"e2e412f23b56b375635e4296ee694b700334ab3114ce58672dac6b78d526468f","EndpointID":"32ff8a5b403043a78ea1d6776ad8a53f2482ed47796e04e4a61a01a5181da311","Gateway":"172.19.0.1","IPAddress":"172.19.0.2","IPPrefixLen":16,"IPv6Gateway":"","GlobalIPv6Address":"","GlobalIPv6PrefixLen":0,"MacAddress":"02:42:ac:13:00:02"},"bridge":{"IPAMConfig":null,"Links":null,"Aliases":null,"NetworkID":"90941628611ab58d4fa4db6bcd1806afb9bf994c4562bea7ae3dc9153b373da5","EndpointID":"268b60e66d238484d97b00e5a7d7f5ed0aef2f700dc026a25088f5f88dbd6123","Gateway":"172.17.0.1","IPAddress":"172.17.0.2","IPPrefixLen":16,"IPv6Gateway":"","GlobalIPv6Address":"","GlobalIPv6PrefixLen":0,"MacAddress":"02:42:ac:11:00:02"}}},"Mounts":[]}]


02:44:41.538 [Test worker] DEBUG o.a.h.i.c.DefaultManagedHttpClientConnection - http-outgoing-140: Close connection
02:44:41.539 [Test worker] DEBUG o.a.h.impl.execchain.MainClientExec - Connection discarded
02:44:41.539 [Test worker] DEBUG c.g.d.j.JerseyDockerCmdExecFactory$1 - Connection released: [id: 140][route: {}->http://localhost:2375][total kept alive: 0; route allocated: 0 of 2; total allocated: 0 of 20]
02:44:41.540 [Test worker] DEBUG c.g.d.core.command.AbstrDockerCmd - Cmd: ListImagesCmdImpl[imageNameFilter=<null>,showAll=true,filters=com.github.dockerjava.core.util.FiltersBuilder@0,execution=com.github.dockerjava.jaxrs.ListImagesCmdExec@c3f2507]
02:44:41.556 [Test worker] DEBUG c.g.d.j.JerseyDockerCmdExecFactory - 1 * Sending client request on thread Test worker
1 > GET http://localhost:2375/images/json?all=true
1 > Accept: application/json

02:44:41.557 [Test worker] DEBUG o.a.h.c.protocol.RequestAddCookies - CookieSpec selected: default
02:44:41.557 [Test worker] DEBUG o.a.h.c.protocol.RequestAuthCache - Auth cache not set in the context
02:44:41.557 [Test worker] DEBUG c.g.d.j.JerseyDockerCmdExecFactory$1 - Connection request: [route: {}->http://localhost:2375][total kept alive: 0; route allocated: 0 of 2; total allocated: 0 of 20]
02:44:41.557 [Test worker] DEBUG c.g.d.j.JerseyDockerCmdExecFactory$1 - Connection leased: [id: 141][route: {}->http://localhost:2375][total kept alive: 0; route allocated: 1 of 2; total allocated: 1 of 20]
02:44:41.557 [Test worker] DEBUG o.a.h.impl.execchain.MainClientExec - Opening connection {}->http://localhost:2375
02:44:41.558 [Test worker] DEBUG o.a.h.i.c.DefaultHttpClientConnectionOperator - Connecting to localhost/127.0.0.1:2375
02:44:41.558 [Test worker] DEBUG o.a.h.i.c.DefaultHttpClientConnectionOperator - Connection established 127.0.0.1:57298<->127.0.0.1:2375
02:44:41.558 [Test worker] DEBUG o.a.h.impl.execchain.MainClientExec - Executing request GET /images/json?all=true HTTP/1.1
02:44:41.558 [Test worker] DEBUG o.a.h.impl.execchain.MainClientExec - Target auth state: UNCHALLENGED
02:44:41.558 [Test worker] DEBUG o.a.h.impl.execchain.MainClientExec - Proxy auth state: UNCHALLENGED
02:44:41.558 [Test worker] DEBUG org.apache.http.headers - http-outgoing-141 >> GET /images/json?all=true HTTP/1.1
02:44:41.558 [Test worker] DEBUG org.apache.http.headers - http-outgoing-141 >> Accept: application/json
02:44:41.559 [Test worker] DEBUG org.apache.http.headers - http-outgoing-141 >> User-Agent: Jersey/2.23.1 (Apache HttpClient 4.5.1)
02:44:41.559 [Test worker] DEBUG org.apache.http.headers - http-outgoing-141 >> Host: localhost:2375
02:44:41.559 [Test worker] DEBUG org.apache.http.headers - http-outgoing-141 >> Connection: Keep-Alive
02:44:41.559 [Test worker] DEBUG org.apache.http.headers - http-outgoing-141 >> Accept-Encoding: gzip,deflate
02:44:41.559 [Test worker] DEBUG org.apache.http.wire - http-outgoing-141 >> "GET /images/json?all=true HTTP/1.1[\r][\n]"
02:44:41.559 [Test worker] DEBUG org.apache.http.wire - http-outgoing-141 >> "Accept: application/json[\r][\n]"
02:44:41.559 [Test worker] DEBUG org.apache.http.wire - http-outgoing-141 >> "User-Agent: Jersey/2.23.1 (Apache HttpClient 4.5.1)[\r][\n]"
02:44:41.559 [Test worker] DEBUG org.apache.http.wire - http-outgoing-141 >> "Host: localhost:2375[\r][\n]"
02:44:41.559 [Test worker] DEBUG org.apache.http.wire - http-outgoing-141 >> "Connection: Keep-Alive[\r][\n]"
02:44:41.559 [Test worker] DEBUG org.apache.http.wire - http-outgoing-141 >> "Accept-Encoding: gzip,deflate[\r][\n]"
02:44:41.559 [Test worker] DEBUG org.apache.http.wire - http-outgoing-141 >> "[\r][\n]"
02:44:41.560 [Test worker] DEBUG org.apache.http.wire - http-outgoing-141 << "HTTP/1.1 200 OK[\r][\n]"
02:44:41.560 [Test worker] DEBUG org.apache.http.wire - http-outgoing-141 << "Content-Type: application/json[\r][\n]"
02:44:41.560 [Test worker] DEBUG org.apache.http.wire - http-outgoing-141 << "Server: Docker/1.12.1 (linux)[\r][\n]"
02:44:41.560 [Test worker] DEBUG org.apache.http.wire - http-outgoing-141 << "Date: Tue, 18 Oct 2016 00:44:41 GMT[\r][\n]"
02:44:41.560 [Test worker] DEBUG org.apache.http.wire - http-outgoing-141 << "Content-Length: 1215[\r][\n]"
02:44:41.561 [Test worker] DEBUG org.apache.http.wire - http-outgoing-141 << "[\r][\n]"
02:44:41.561 [Test worker] DEBUG org.apache.http.wire - http-outgoing-141 << "[{"Id":"sha256:f753707788c5c100f194ce0a73058faae1a457774efcda6c1469544a114f8644","ParentId":"","RepoTags":["ubuntu:latest"],"RepoDigests":["ubuntu@sha256:2d44ae143feeb36f4c898d32ed2ab2dffeb3a573d2d8928646dfc9cb7deb1315"],"Created":1476393201,"Size":127161487,"VirtualSize":127161487,"Labels":{}},{"Id":"sha256:d654de4499473ed41349b54a988b6f46a7fc92e3fa2d61e102bf2660a0116e25","ParentId":"","RepoTags":["sakib37/iperf3:latest"],"RepoDigests":["sakib37/iperf3@sha256:8d80a810f8f508c074b14d02555f20110eac382c8dbda7252075392983629d40"],"Created":1474907599,"Size":199456654,"VirtualSize":199456654,"Labels":{}},{"Id":"sha256:45bc58500fa3d3c0d67233d4a7798134b46b486af1389ca87000c543f46c3d24","ParentId":"","RepoTags":["ubuntu:16.04"],"RepoDigests":["ubuntu@sha256:3235a49037919e99696d97df8d8a230717272d848ee4ddadbca8d54f97ee30cb"],"Created":1474304481,"Size":126872298,"VirtualSize":126872298,"Labels":{}},{"Id":"sha256:6fae60ef344644649a39240b94d73b8ba9c67f898ede85cf8e947a887b3e6557","ParentId":"","RepoTags":["training/webapp:latest"],"RepoDigests":["training/webapp@sha256:06e9c1983bd6d5db5fba376ccd63bfa529e8d02f23d5079b8f74a616308fb11d"],"Created":1431710615,"Size":348791356,"VirtualSize":348791356,"Labels":{}}][\n]"
02:44:41.561 [Test worker] DEBUG org.apache.http.headers - http-outgoing-141 << HTTP/1.1 200 OK
02:44:41.562 [Test worker] DEBUG org.apache.http.headers - http-outgoing-141 << Content-Type: application/json
02:44:41.562 [Test worker] DEBUG org.apache.http.headers - http-outgoing-141 << Server: Docker/1.12.1 (linux)
02:44:41.562 [Test worker] DEBUG org.apache.http.headers - http-outgoing-141 << Date: Tue, 18 Oct 2016 00:44:41 GMT
02:44:41.562 [Test worker] DEBUG org.apache.http.headers - http-outgoing-141 << Content-Length: 1215
02:44:41.562 [Test worker] DEBUG o.a.h.impl.execchain.MainClientExec - Connection can be kept alive indefinitely
02:44:41.562 [Test worker] DEBUG c.g.d.j.JerseyDockerCmdExecFactory - 2 * Client response received on thread Test worker
2 < 200
2 < Content-Length: 1215
2 < Content-Type: application/json
2 < Date: Tue, 18 Oct 2016 00:44:41 GMT
2 < Server: Docker/1.12.1 (linux)
[{"Id":"sha256:f753707788c5c100f194ce0a73058faae1a457774efcda6c1469544a114f8644","ParentId":"","RepoTags":["ubuntu:latest"],"RepoDigests":["ubuntu@sha256:2d44ae143feeb36f4c898d32ed2ab2dffeb3a573d2d8928646dfc9cb7deb1315"],"Created":1476393201,"Size":127161487,"VirtualSize":127161487,"Labels":{}},{"Id":"sha256:d654de4499473ed41349b54a988b6f46a7fc92e3fa2d61e102bf2660a0116e25","ParentId":"","RepoTags":["sakib37/iperf3:latest"],"RepoDigests":["sakib37/iperf3@sha256:8d80a810f8f508c074b14d02555f20110eac382c8dbda7252075392983629d40"],"Created":1474907599,"Size":199456654,"VirtualSize":199456654,"Labels":{}},{"Id":"sha256:45bc58500fa3d3c0d67233d4a7798134b46b486af1389ca87000c543f46c3d24","ParentId":"","RepoTags":["ubuntu:16.04"],"RepoDigests":["ubuntu@sha256:3235a49037919e99696d97df8d8a230717272d848ee4ddadbca8d54f97ee30cb"],"Created":1474304481,"Size":126872298,"VirtualSize":126872298,"Labels":{}},{"Id":"sha256:6fae60ef344644649a39240b94d73b8ba9c67f898ede85cf8e947a887b3e6557","ParentId":"","RepoTags":["training/webapp:latest"],"RepoDigests":["training/webapp@sha256:06e9c1983bd6d5db5fba376ccd63bfa529e8d02f23d5079b8f74a616308fb11d"],"Created":1431710615,"Size":348791356,"VirtualSize":348791356,"Labels":{}}]


02:44:41.564 [Test worker] DEBUG o.a.h.i.c.DefaultManagedHttpClientConnection - http-outgoing-141: Close connection
02:44:41.564 [Test worker] DEBUG o.a.h.impl.execchain.MainClientExec - Connection discarded
02:44:41.564 [Test worker] DEBUG c.g.d.j.JerseyDockerCmdExecFactory$1 - Connection released: [id: 141][route: {}->http://localhost:2375][total kept alive: 0; route allocated: 0 of 2; total allocated: 0 of 20]
02:44:41.564 [Test worker] DEBUG org.openbaton.docker.DockerVim - Found a docker image, transformed into a NFV Image Image{id='sha256:f753707788c5c100f194ce0a73058faae1a457774efcda6c1469544a114f8644', name='ubuntu', version=0, extId='null', minRam='0', minDiskSpace='0', minCPU='null', public='true', diskFormat='null', containerFormat='docker', created='Sun Jan 18 03:06:33 CET 1970', updated='null'}
02:44:41.570 [Test worker] DEBUG c.g.d.core.command.AbstrDockerCmd - Cmd: 68f47e249d55eb0c1a6e6d3451c4d66511217f4ee60836540cb4ae81b49cb45a,2,com.github.dockerjava.jaxrs.StopContainerCmdExec@363eaa02
02:44:41.581 [Test worker] DEBUG c.g.d.j.JerseyDockerCmdExecFactory - 1 * Sending client request on thread Test worker
1 > POST http://localhost:2375/containers/68f47e249d55eb0c1a6e6d3451c4d66511217f4ee60836540cb4ae81b49cb45a/stop?t=2
1 > Accept: application/json

02:44:41.581 [Test worker] DEBUG o.a.h.c.protocol.RequestAddCookies - CookieSpec selected: default
02:44:41.581 [Test worker] DEBUG o.a.h.c.protocol.RequestAuthCache - Auth cache not set in the context
02:44:41.582 [Test worker] DEBUG c.g.d.j.JerseyDockerCmdExecFactory$1 - Connection request: [route: {}->http://localhost:2375][total kept alive: 0; route allocated: 0 of 2; total allocated: 0 of 20]
02:44:41.582 [Test worker] DEBUG c.g.d.j.JerseyDockerCmdExecFactory$1 - Connection leased: [id: 142][route: {}->http://localhost:2375][total kept alive: 0; route allocated: 1 of 2; total allocated: 1 of 20]
02:44:41.582 [Test worker] DEBUG o.a.h.impl.execchain.MainClientExec - Opening connection {}->http://localhost:2375
02:44:41.582 [Test worker] DEBUG o.a.h.i.c.DefaultHttpClientConnectionOperator - Connecting to localhost/127.0.0.1:2375
02:44:41.582 [Test worker] DEBUG o.a.h.i.c.DefaultHttpClientConnectionOperator - Connection established 127.0.0.1:57300<->127.0.0.1:2375
02:44:41.582 [Test worker] DEBUG o.a.h.impl.execchain.MainClientExec - Executing request POST /containers/68f47e249d55eb0c1a6e6d3451c4d66511217f4ee60836540cb4ae81b49cb45a/stop?t=2 HTTP/1.1
02:44:41.582 [Test worker] DEBUG o.a.h.impl.execchain.MainClientExec - Target auth state: UNCHALLENGED
02:44:41.582 [Test worker] DEBUG o.a.h.impl.execchain.MainClientExec - Proxy auth state: UNCHALLENGED
02:44:41.582 [Test worker] DEBUG org.apache.http.headers - http-outgoing-142 >> POST /containers/68f47e249d55eb0c1a6e6d3451c4d66511217f4ee60836540cb4ae81b49cb45a/stop?t=2 HTTP/1.1
02:44:41.582 [Test worker] DEBUG org.apache.http.headers - http-outgoing-142 >> Accept: application/json
02:44:41.582 [Test worker] DEBUG org.apache.http.headers - http-outgoing-142 >> User-Agent: Jersey/2.23.1 (Apache HttpClient 4.5.1)
02:44:41.582 [Test worker] DEBUG org.apache.http.headers - http-outgoing-142 >> Host: localhost:2375
02:44:41.583 [Test worker] DEBUG org.apache.http.headers - http-outgoing-142 >> Connection: Keep-Alive
02:44:41.583 [Test worker] DEBUG org.apache.http.headers - http-outgoing-142 >> Accept-Encoding: gzip,deflate
02:44:41.583 [Test worker] DEBUG org.apache.http.wire - http-outgoing-142 >> "POST /containers/68f47e249d55eb0c1a6e6d3451c4d66511217f4ee60836540cb4ae81b49cb45a/stop?t=2 HTTP/1.1[\r][\n]"
02:44:41.583 [Test worker] DEBUG org.apache.http.wire - http-outgoing-142 >> "Accept: application/json[\r][\n]"
02:44:41.583 [Test worker] DEBUG org.apache.http.wire - http-outgoing-142 >> "User-Agent: Jersey/2.23.1 (Apache HttpClient 4.5.1)[\r][\n]"
02:44:41.583 [Test worker] DEBUG org.apache.http.wire - http-outgoing-142 >> "Host: localhost:2375[\r][\n]"
02:44:41.583 [Test worker] DEBUG org.apache.http.wire - http-outgoing-142 >> "Connection: Keep-Alive[\r][\n]"
02:44:41.583 [Test worker] DEBUG org.apache.http.wire - http-outgoing-142 >> "Accept-Encoding: gzip,deflate[\r][\n]"
02:44:41.583 [Test worker] DEBUG org.apache.http.wire - http-outgoing-142 >> "[\r][\n]"
02:44:43.691 [Test worker] DEBUG org.apache.http.wire - http-outgoing-142 << "HTTP/1.1 204 No Content[\r][\n]"
02:44:43.691 [Test worker] DEBUG org.apache.http.wire - http-outgoing-142 << "Server: Docker/1.12.1 (linux)[\r][\n]"
02:44:43.691 [Test worker] DEBUG org.apache.http.wire - http-outgoing-142 << "Date: Tue, 18 Oct 2016 00:44:43 GMT[\r][\n]"
02:44:43.691 [Test worker] DEBUG org.apache.http.wire - http-outgoing-142 << "[\r][\n]"
02:44:43.691 [Test worker] DEBUG org.apache.http.headers - http-outgoing-142 << HTTP/1.1 204 No Content
02:44:43.691 [Test worker] DEBUG org.apache.http.headers - http-outgoing-142 << Server: Docker/1.12.1 (linux)
02:44:43.691 [Test worker] DEBUG org.apache.http.headers - http-outgoing-142 << Date: Tue, 18 Oct 2016 00:44:43 GMT
02:44:43.691 [Test worker] DEBUG o.a.h.impl.execchain.MainClientExec - Connection can be kept alive indefinitely
02:44:43.691 [Test worker] DEBUG c.g.d.j.JerseyDockerCmdExecFactory$1 - Connection [id: 142][route: {}->http://localhost:2375] can be kept alive indefinitely
02:44:43.691 [Test worker] DEBUG c.g.d.j.JerseyDockerCmdExecFactory$1 - Connection released: [id: 142][route: {}->http://localhost:2375][total kept alive: 1; route allocated: 1 of 2; total allocated: 1 of 20]
02:44:43.691 [Test worker] DEBUG c.g.d.j.JerseyDockerCmdExecFactory - 2 * Client response received on thread Test worker
2 < 204
2 < Date: Tue, 18 Oct 2016 00:44:43 GMT
2 < Server: Docker/1.12.1 (linux)

02:44:43.691 [Test worker] DEBUG c.g.d.core.command.AbstrDockerCmd - Cmd: 68f47e249d55eb0c1a6e6d3451c4d66511217f4ee60836540cb4ae81b49cb45a,<null>,<null>,com.github.dockerjava.jaxrs.RemoveContainerCmdExec@5490ad5f
02:44:43.692 [Test worker] DEBUG c.g.d.j.JerseyDockerCmdExecFactory - 3 * Sending client request on thread Test worker
3 > DELETE http://localhost:2375/containers/68f47e249d55eb0c1a6e6d3451c4d66511217f4ee60836540cb4ae81b49cb45a
3 > Accept: application/json

02:44:43.692 [Test worker] DEBUG o.a.h.c.protocol.RequestAddCookies - CookieSpec selected: default
02:44:43.692 [Test worker] DEBUG o.a.h.c.protocol.RequestAuthCache - Auth cache not set in the context
02:44:43.692 [Test worker] DEBUG c.g.d.j.JerseyDockerCmdExecFactory$1 - Connection request: [route: {}->http://localhost:2375][total kept alive: 1; route allocated: 1 of 2; total allocated: 1 of 20]
02:44:43.692 [Test worker] DEBUG c.g.d.j.JerseyDockerCmdExecFactory$1 - Connection leased: [id: 142][route: {}->http://localhost:2375][total kept alive: 0; route allocated: 1 of 2; total allocated: 1 of 20]
02:44:43.692 [Test worker] DEBUG o.a.h.impl.execchain.MainClientExec - Executing request DELETE /containers/68f47e249d55eb0c1a6e6d3451c4d66511217f4ee60836540cb4ae81b49cb45a HTTP/1.1
02:44:43.692 [Test worker] DEBUG o.a.h.impl.execchain.MainClientExec - Target auth state: UNCHALLENGED
02:44:43.692 [Test worker] DEBUG o.a.h.impl.execchain.MainClientExec - Proxy auth state: UNCHALLENGED
02:44:43.692 [Test worker] DEBUG org.apache.http.headers - http-outgoing-142 >> DELETE /containers/68f47e249d55eb0c1a6e6d3451c4d66511217f4ee60836540cb4ae81b49cb45a HTTP/1.1
02:44:43.692 [Test worker] DEBUG org.apache.http.headers - http-outgoing-142 >> Accept: application/json
02:44:43.692 [Test worker] DEBUG org.apache.http.headers - http-outgoing-142 >> User-Agent: Jersey/2.23.1 (Apache HttpClient 4.5.1)
02:44:43.692 [Test worker] DEBUG org.apache.http.headers - http-outgoing-142 >> Host: localhost:2375
02:44:43.692 [Test worker] DEBUG org.apache.http.headers - http-outgoing-142 >> Connection: Keep-Alive
02:44:43.692 [Test worker] DEBUG org.apache.http.headers - http-outgoing-142 >> Accept-Encoding: gzip,deflate
02:44:43.692 [Test worker] DEBUG org.apache.http.wire - http-outgoing-142 >> "DELETE /containers/68f47e249d55eb0c1a6e6d3451c4d66511217f4ee60836540cb4ae81b49cb45a HTTP/1.1[\r][\n]"
02:44:43.692 [Test worker] DEBUG org.apache.http.wire - http-outgoing-142 >> "Accept: application/json[\r][\n]"
02:44:43.692 [Test worker] DEBUG org.apache.http.wire - http-outgoing-142 >> "User-Agent: Jersey/2.23.1 (Apache HttpClient 4.5.1)[\r][\n]"
02:44:43.692 [Test worker] DEBUG org.apache.http.wire - http-outgoing-142 >> "Host: localhost:2375[\r][\n]"
02:44:43.692 [Test worker] DEBUG org.apache.http.wire - http-outgoing-142 >> "Connection: Keep-Alive[\r][\n]"
02:44:43.692 [Test worker] DEBUG org.apache.http.wire - http-outgoing-142 >> "Accept-Encoding: gzip,deflate[\r][\n]"
02:44:43.692 [Test worker] DEBUG org.apache.http.wire - http-outgoing-142 >> "[\r][\n]"
02:44:43.700 [Test worker] DEBUG org.apache.http.wire - http-outgoing-142 << "HTTP/1.1 204 No Content[\r][\n]"
02:44:43.700 [Test worker] DEBUG org.apache.http.wire - http-outgoing-142 << "Server: Docker/1.12.1 (linux)[\r][\n]"
02:44:43.700 [Test worker] DEBUG org.apache.http.wire - http-outgoing-142 << "Date: Tue, 18 Oct 2016 00:44:43 GMT[\r][\n]"
02:44:43.700 [Test worker] DEBUG org.apache.http.wire - http-outgoing-142 << "[\r][\n]"
02:44:43.700 [Test worker] DEBUG org.apache.http.headers - http-outgoing-142 << HTTP/1.1 204 No Content
02:44:43.700 [Test worker] DEBUG org.apache.http.headers - http-outgoing-142 << Server: Docker/1.12.1 (linux)
02:44:43.700 [Test worker] DEBUG org.apache.http.headers - http-outgoing-142 << Date: Tue, 18 Oct 2016 00:44:43 GMT
02:44:43.700 [Test worker] DEBUG o.a.h.impl.execchain.MainClientExec - Connection can be kept alive indefinitely
02:44:43.700 [Test worker] DEBUG c.g.d.j.JerseyDockerCmdExecFactory$1 - Connection [id: 142][route: {}->http://localhost:2375] can be kept alive indefinitely
02:44:43.700 [Test worker] DEBUG c.g.d.j.JerseyDockerCmdExecFactory$1 - Connection released: [id: 142][route: {}->http://localhost:2375][total kept alive: 1; route allocated: 1 of 2; total allocated: 1 of 20]
02:44:43.700 [Test worker] DEBUG c.g.d.j.JerseyDockerCmdExecFactory - 4 * Client response received on thread Test worker
4 < 204
4 < Date: Tue, 18 Oct 2016 00:44:43 GMT
4 < Server: Docker/1.12.1 (linux)

02:44:43.701 [Test worker] DEBUG org.openbaton.docker.DockerVim - Server deleted successfully
02:44:43.702 [Test worker] DEBUG c.g.d.core.command.AbstrDockerCmd - Cmd: com.github.dockerjava.core.util.FiltersBuilder@0,com.github.dockerjava.jaxrs.ListNetworksCmdExec@68d110c3
02:44:43.725 [Test worker] DEBUG c.g.d.j.JerseyDockerCmdExecFactory - 1 * Sending client request on thread Test worker
1 > GET http://localhost:2375/networks
1 > Accept: application/json

02:44:43.725 [Test worker] DEBUG o.a.h.c.protocol.RequestAddCookies - CookieSpec selected: default
02:44:43.725 [Test worker] DEBUG o.a.h.c.protocol.RequestAuthCache - Auth cache not set in the context
02:44:43.725 [Test worker] DEBUG c.g.d.j.JerseyDockerCmdExecFactory$1 - Connection request: [route: {}->http://localhost:2375][total kept alive: 0; route allocated: 0 of 2; total allocated: 0 of 20]
02:44:43.726 [Test worker] DEBUG c.g.d.j.JerseyDockerCmdExecFactory$1 - Connection leased: [id: 143][route: {}->http://localhost:2375][total kept alive: 0; route allocated: 1 of 2; total allocated: 1 of 20]
02:44:43.726 [Test worker] DEBUG o.a.h.impl.execchain.MainClientExec - Opening connection {}->http://localhost:2375
02:44:43.726 [Test worker] DEBUG o.a.h.i.c.DefaultHttpClientConnectionOperator - Connecting to localhost/127.0.0.1:2375
02:44:43.726 [Test worker] DEBUG o.a.h.i.c.DefaultHttpClientConnectionOperator - Connection established 127.0.0.1:57302<->127.0.0.1:2375
02:44:43.726 [Test worker] DEBUG o.a.h.impl.execchain.MainClientExec - Executing request GET /networks HTTP/1.1
02:44:43.726 [Test worker] DEBUG o.a.h.impl.execchain.MainClientExec - Target auth state: UNCHALLENGED
02:44:43.726 [Test worker] DEBUG o.a.h.impl.execchain.MainClientExec - Proxy auth state: UNCHALLENGED
02:44:43.726 [Test worker] DEBUG org.apache.http.headers - http-outgoing-143 >> GET /networks HTTP/1.1
02:44:43.726 [Test worker] DEBUG org.apache.http.headers - http-outgoing-143 >> Accept: application/json
02:44:43.726 [Test worker] DEBUG org.apache.http.headers - http-outgoing-143 >> User-Agent: Jersey/2.23.1 (Apache HttpClient 4.5.1)
02:44:43.726 [Test worker] DEBUG org.apache.http.headers - http-outgoing-143 >> Host: localhost:2375
02:44:43.726 [Test worker] DEBUG org.apache.http.headers - http-outgoing-143 >> Connection: Keep-Alive
02:44:43.726 [Test worker] DEBUG org.apache.http.headers - http-outgoing-143 >> Accept-Encoding: gzip,deflate
02:44:43.726 [Test worker] DEBUG org.apache.http.wire - http-outgoing-143 >> "GET /networks HTTP/1.1[\r][\n]"
02:44:43.726 [Test worker] DEBUG org.apache.http.wire - http-outgoing-143 >> "Accept: application/json[\r][\n]"
02:44:43.727 [Test worker] DEBUG org.apache.http.wire - http-outgoing-143 >> "User-Agent: Jersey/2.23.1 (Apache HttpClient 4.5.1)[\r][\n]"
02:44:43.727 [Test worker] DEBUG org.apache.http.wire - http-outgoing-143 >> "Host: localhost:2375[\r][\n]"
02:44:43.727 [Test worker] DEBUG org.apache.http.wire - http-outgoing-143 >> "Connection: Keep-Alive[\r][\n]"
02:44:43.727 [Test worker] DEBUG org.apache.http.wire - http-outgoing-143 >> "Accept-Encoding: gzip,deflate[\r][\n]"
02:44:43.727 [Test worker] DEBUG org.apache.http.wire - http-outgoing-143 >> "[\r][\n]"
02:44:43.727 [Test worker] DEBUG org.apache.http.wire - http-outgoing-143 << "HTTP/1.1 200 OK[\r][\n]"
02:44:43.727 [Test worker] DEBUG org.apache.http.wire - http-outgoing-143 << "Content-Type: application/json[\r][\n]"
02:44:43.727 [Test worker] DEBUG org.apache.http.wire - http-outgoing-143 << "Server: Docker/1.12.1 (linux)[\r][\n]"
02:44:43.727 [Test worker] DEBUG org.apache.http.wire - http-outgoing-143 << "Date: Tue, 18 Oct 2016 00:44:43 GMT[\r][\n]"
02:44:43.727 [Test worker] DEBUG org.apache.http.wire - http-outgoing-143 << "Content-Length: 1408[\r][\n]"
02:44:43.727 [Test worker] DEBUG org.apache.http.wire - http-outgoing-143 << "[\r][\n]"
02:44:43.727 [Test worker] DEBUG org.apache.http.wire - http-outgoing-143 << "[{"Name":"host","Id":"fe042b0866671b5be4f097ba43830c0a02959c058702d18e18c14a24d88a357d","Scope":"local","Driver":"host","EnableIPv6":false,"IPAM":{"Driver":"default","Options":null,"Config":[]},"Internal":false,"Containers":{},"Options":{},"Labels":{}},{"Name":"MyNetwork","Id":"e2e412f23b56b375635e4296ee694b700334ab3114ce58672dac6b78d526468f","Scope":"local","Driver":"bridge","EnableIPv6":false,"IPAM":{"Driver":"default","Options":null,"Config":[{"Subnet":"172.19.0.0/16","Gateway":"172.19.0.1"}]},"Internal":false,"Containers":{},"Options":{},"Labels":{}},{"Name":"bridge","Id":"90941628611ab58d4fa4db6bcd1806afb9bf994c4562bea7ae3dc9153b373da5","Scope":"local","Driver":"bridge","EnableIPv6":false,"IPAM":{"Driver":"default","Options":null,"Config":[{"Subnet":"172.17.0.0/16","Gateway":"172.17.0.1"}]},"Internal":false,"Containers":{},"Options":{"com.docker.network.bridge.default_bridge":"true","com.docker.network.bridge.enable_icc":"true","com.docker.network.bridge.enable_ip_masquerade":"true","com.docker.network.bridge.host_binding_ipv4":"0.0.0.0","com.docker.network.bridge.name":"docker0","com.docker.network.driver.mtu":"1500"},"Labels":{}},{"Name":"none","Id":"4d89c194eb79cd2beb38458d10a1b98c74d6b8462af72afde29ae7aca53ed5ca","Scope":"local","Driver":"null","EnableIPv6":false,"IPAM":{"Driver":"default","Options":null,"Config":[]},"Internal":false,"Containers":{},"Options":{},"Labels":{}}][\n]"
02:44:43.727 [Test worker] DEBUG org.apache.http.headers - http-outgoing-143 << HTTP/1.1 200 OK
02:44:43.727 [Test worker] DEBUG org.apache.http.headers - http-outgoing-143 << Content-Type: application/json
02:44:43.728 [Test worker] DEBUG org.apache.http.headers - http-outgoing-143 << Server: Docker/1.12.1 (linux)
02:44:43.728 [Test worker] DEBUG org.apache.http.headers - http-outgoing-143 << Date: Tue, 18 Oct 2016 00:44:43 GMT
02:44:43.728 [Test worker] DEBUG org.apache.http.headers - http-outgoing-143 << Content-Length: 1408
02:44:43.728 [Test worker] DEBUG o.a.h.impl.execchain.MainClientExec - Connection can be kept alive indefinitely
02:44:43.728 [Test worker] DEBUG c.g.d.j.JerseyDockerCmdExecFactory - 2 * Client response received on thread Test worker
2 < 200
2 < Content-Length: 1408
2 < Content-Type: application/json
2 < Date: Tue, 18 Oct 2016 00:44:43 GMT
2 < Server: Docker/1.12.1 (linux)
[{"Name":"host","Id":"fe042b0866671b5be4f097ba43830c0a02959c058702d18e18c14a24d88a357d","Scope":"local","Driver":"host","EnableIPv6":false,"IPAM":{"Driver":"default","Options":null,"Config":[]},"Internal":false,"Containers":{},"Options":{},"Labels":{}},{"Name":"MyNetwork","Id":"e2e412f23b56b375635e4296ee694b700334ab3114ce58672dac6b78d526468f","Scope":"local","Driver":"bridge","EnableIPv6":false,"IPAM":{"Driver":"default","Options":null,"Config":[{"Subnet":"172.19.0.0/16","Gateway":"172.19.0.1"}]},"Internal":false,"Containers":{},"Options":{},"Labels":{}},{"Name":"bridge","Id":"90941628611ab58d4fa4db6bcd1806afb9bf994c4562bea7ae3dc9153b373da5","Scope":"local","Driver":"bridge","EnableIPv6":false,"IPAM":{"Driver":"default","Options":null,"Config":[{"Subnet":"172.17.0.0/16","Gateway":"172.17.0.1"}]},"Internal":false,"Containers":{},"Options":{"com.docker.network.bridge.default_bridge":"true","com.docker.network.bridge.enable_icc":"true","com.docker.network.bridge.enable_ip_masquerade":"true","com.docker.network.bridge.host_binding_ipv4":"0.0.0.0","com.docker.network.bridge.name":"docker0","com.docker.network.driver.mtu":"1500"},"Labels":{}},{"Name":"none","Id":"4d89c194eb79cd2beb38458d10a1b98c74d6b8462af72afde29ae7aca53ed5ca","Scope":"local","Driver":"null","EnableIPv6":false,"IPAM":{"Driver":"default","Options":null,"Config":[]},"Internal":false,"Containers":{},"Options":{},"Labels":{}}]


02:44:43.731 [Test worker] DEBUG o.a.h.i.c.DefaultManagedHttpClientConnection - http-outgoing-143: Close connection
02:44:43.731 [Test worker] DEBUG o.a.h.impl.execchain.MainClientExec - Connection discarded
02:44:43.731 [Test worker] DEBUG c.g.d.j.JerseyDockerCmdExecFactory$1 - Connection released: [id: 143][route: {}->http://localhost:2375][total kept alive: 0; route allocated: 0 of 2; total allocated: 0 of 20]
02:44:43.731 [Test worker] DEBUG org.openbaton.docker.DockerVim - Found a docker network, transformed into a NFV network Network{id='e2e412f23b56b375635e4296ee694b700334ab3114ce58672dac6b78d526468f', name='MyNetwork', extId='null', external=false, shared=false, subnets=[Subnet{id='null', version=0, name='bridge', extId='null', networkId='172.19.0.0/16', cidr='null', gatewayIp='172.19.0.1'}]}
02:44:43.732 [Test worker] DEBUG c.g.d.core.command.AbstrDockerCmd - Cmd: e2e412f23b56b375635e4296ee694b700334ab3114ce58672dac6b78d526468f,com.github.dockerjava.jaxrs.RemoveNetworkCmdExec@70095013
02:44:43.742 [Test worker] DEBUG c.g.d.j.JerseyDockerCmdExecFactory - 1 * Sending client request on thread Test worker
1 > DELETE http://localhost:2375/networks/e2e412f23b56b375635e4296ee694b700334ab3114ce58672dac6b78d526468f
1 > Accept: application/json

02:44:43.743 [Test worker] DEBUG o.a.h.c.protocol.RequestAddCookies - CookieSpec selected: default
02:44:43.743 [Test worker] DEBUG o.a.h.c.protocol.RequestAuthCache - Auth cache not set in the context
02:44:43.743 [Test worker] DEBUG c.g.d.j.JerseyDockerCmdExecFactory$1 - Connection request: [route: {}->http://localhost:2375][total kept alive: 0; route allocated: 0 of 2; total allocated: 0 of 20]
02:44:43.743 [Test worker] DEBUG c.g.d.j.JerseyDockerCmdExecFactory$1 - Connection leased: [id: 144][route: {}->http://localhost:2375][total kept alive: 0; route allocated: 1 of 2; total allocated: 1 of 20]
02:44:43.743 [Test worker] DEBUG o.a.h.impl.execchain.MainClientExec - Opening connection {}->http://localhost:2375
02:44:43.743 [Test worker] DEBUG o.a.h.i.c.DefaultHttpClientConnectionOperator - Connecting to localhost/127.0.0.1:2375
02:44:43.743 [Test worker] DEBUG o.a.h.i.c.DefaultHttpClientConnectionOperator - Connection established 127.0.0.1:57304<->127.0.0.1:2375
02:44:43.743 [Test worker] DEBUG o.a.h.impl.execchain.MainClientExec - Executing request DELETE /networks/e2e412f23b56b375635e4296ee694b700334ab3114ce58672dac6b78d526468f HTTP/1.1
02:44:43.743 [Test worker] DEBUG o.a.h.impl.execchain.MainClientExec - Target auth state: UNCHALLENGED
02:44:43.744 [Test worker] DEBUG o.a.h.impl.execchain.MainClientExec - Proxy auth state: UNCHALLENGED
02:44:43.744 [Test worker] DEBUG org.apache.http.headers - http-outgoing-144 >> DELETE /networks/e2e412f23b56b375635e4296ee694b700334ab3114ce58672dac6b78d526468f HTTP/1.1
02:44:43.744 [Test worker] DEBUG org.apache.http.headers - http-outgoing-144 >> Accept: application/json
02:44:43.744 [Test worker] DEBUG org.apache.http.headers - http-outgoing-144 >> User-Agent: Jersey/2.23.1 (Apache HttpClient 4.5.1)
02:44:43.744 [Test worker] DEBUG org.apache.http.headers - http-outgoing-144 >> Host: localhost:2375
02:44:43.744 [Test worker] DEBUG org.apache.http.headers - http-outgoing-144 >> Connection: Keep-Alive
02:44:43.744 [Test worker] DEBUG org.apache.http.headers - http-outgoing-144 >> Accept-Encoding: gzip,deflate
02:44:43.744 [Test worker] DEBUG org.apache.http.wire - http-outgoing-144 >> "DELETE /networks/e2e412f23b56b375635e4296ee694b700334ab3114ce58672dac6b78d526468f HTTP/1.1[\r][\n]"
02:44:43.744 [Test worker] DEBUG org.apache.http.wire - http-outgoing-144 >> "Accept: application/json[\r][\n]"
02:44:43.744 [Test worker] DEBUG org.apache.http.wire - http-outgoing-144 >> "User-Agent: Jersey/2.23.1 (Apache HttpClient 4.5.1)[\r][\n]"
02:44:43.744 [Test worker] DEBUG org.apache.http.wire - http-outgoing-144 >> "Host: localhost:2375[\r][\n]"
02:44:43.744 [Test worker] DEBUG org.apache.http.wire - http-outgoing-144 >> "Connection: Keep-Alive[\r][\n]"
02:44:43.744 [Test worker] DEBUG org.apache.http.wire - http-outgoing-144 >> "Accept-Encoding: gzip,deflate[\r][\n]"
02:44:43.744 [Test worker] DEBUG org.apache.http.wire - http-outgoing-144 >> "[\r][\n]"
02:44:43.784 [Test worker] DEBUG org.apache.http.wire - http-outgoing-144 << "HTTP/1.1 204 No Content[\r][\n]"
02:44:43.785 [Test worker] DEBUG org.apache.http.wire - http-outgoing-144 << "Server: Docker/1.12.1 (linux)[\r][\n]"
02:44:43.786 [Test worker] DEBUG org.apache.http.wire - http-outgoing-144 << "Date: Tue, 18 Oct 2016 00:44:43 GMT[\r][\n]"
02:44:43.786 [Test worker] DEBUG org.apache.http.wire - http-outgoing-144 << "[\r][\n]"
02:44:43.786 [Test worker] DEBUG org.apache.http.headers - http-outgoing-144 << HTTP/1.1 204 No Content
02:44:43.786 [Test worker] DEBUG org.apache.http.headers - http-outgoing-144 << Server: Docker/1.12.1 (linux)
02:44:43.786 [Test worker] DEBUG org.apache.http.headers - http-outgoing-144 << Date: Tue, 18 Oct 2016 00:44:43 GMT
02:44:43.786 [Test worker] DEBUG o.a.h.impl.execchain.MainClientExec - Connection can be kept alive indefinitely
02:44:43.786 [Test worker] DEBUG c.g.d.j.JerseyDockerCmdExecFactory$1 - Connection [id: 144][route: {}->http://localhost:2375] can be kept alive indefinitely
02:44:43.786 [Test worker] DEBUG c.g.d.j.JerseyDockerCmdExecFactory$1 - Connection released: [id: 144][route: {}->http://localhost:2375][total kept alive: 1; route allocated: 1 of 2; total allocated: 1 of 20]
02:44:43.786 [Test worker] DEBUG c.g.d.j.JerseyDockerCmdExecFactory - 2 * Client response received on thread Test worker
2 < 204
2 < Date: Tue, 18 Oct 2016 00:44:43 GMT
2 < Server: Docker/1.12.1 (linux)

02:44:43.786 [Test worker] DEBUG org.openbaton.docker.DockerVim - Network deleted successfully
02:44:43.786 [Test worker] DEBUG c.g.d.core.command.AbstrDockerCmd - Cmd: com.github.dockerjava.core.util.FiltersBuilder@0,com.github.dockerjava.jaxrs.ListVolumesCmdExec@4b177e75
02:44:43.787 [Test worker] DEBUG c.g.d.j.JerseyDockerCmdExecFactory - 8 * Sending client request on thread Test worker
8 > GET http://localhost:2375/volumes
8 > Accept: application/json

02:44:43.787 [Test worker] DEBUG o.a.h.c.protocol.RequestAddCookies - CookieSpec selected: default
02:44:43.787 [Test worker] DEBUG o.a.h.c.protocol.RequestAuthCache - Auth cache not set in the context
02:44:43.787 [Test worker] DEBUG c.g.d.j.JerseyDockerCmdExecFactory$1 - Connection request: [route: {}->http://localhost:2375][total kept alive: 0; route allocated: 0 of 2; total allocated: 0 of 20]
02:44:43.787 [Test worker] DEBUG c.g.d.j.JerseyDockerCmdExecFactory$1 - Connection leased: [id: 145][route: {}->http://localhost:2375][total kept alive: 0; route allocated: 1 of 2; total allocated: 1 of 20]
02:44:43.787 [Test worker] DEBUG o.a.h.impl.execchain.MainClientExec - Opening connection {}->http://localhost:2375
02:44:43.787 [Test worker] DEBUG o.a.h.i.c.DefaultHttpClientConnectionOperator - Connecting to localhost/127.0.0.1:2375
02:44:43.788 [Test worker] DEBUG o.a.h.i.c.DefaultHttpClientConnectionOperator - Connection established 127.0.0.1:57306<->127.0.0.1:2375
02:44:43.788 [Test worker] DEBUG o.a.h.impl.execchain.MainClientExec - Executing request GET /volumes HTTP/1.1
02:44:43.788 [Test worker] DEBUG o.a.h.impl.execchain.MainClientExec - Target auth state: UNCHALLENGED
02:44:43.788 [Test worker] DEBUG o.a.h.impl.execchain.MainClientExec - Proxy auth state: UNCHALLENGED
02:44:43.788 [Test worker] DEBUG org.apache.http.headers - http-outgoing-145 >> GET /volumes HTTP/1.1
02:44:43.788 [Test worker] DEBUG org.apache.http.headers - http-outgoing-145 >> Accept: application/json
02:44:43.788 [Test worker] DEBUG org.apache.http.headers - http-outgoing-145 >> User-Agent: Jersey/2.23.1 (Apache HttpClient 4.5.1)
02:44:43.788 [Test worker] DEBUG org.apache.http.headers - http-outgoing-145 >> Host: localhost:2375
02:44:43.788 [Test worker] DEBUG org.apache.http.headers - http-outgoing-145 >> Connection: Keep-Alive
02:44:43.788 [Test worker] DEBUG org.apache.http.headers - http-outgoing-145 >> Accept-Encoding: gzip,deflate
02:44:43.788 [Test worker] DEBUG org.apache.http.wire - http-outgoing-145 >> "GET /volumes HTTP/1.1[\r][\n]"
02:44:43.788 [Test worker] DEBUG org.apache.http.wire - http-outgoing-145 >> "Accept: application/json[\r][\n]"
02:44:43.788 [Test worker] DEBUG org.apache.http.wire - http-outgoing-145 >> "User-Agent: Jersey/2.23.1 (Apache HttpClient 4.5.1)[\r][\n]"
02:44:43.788 [Test worker] DEBUG org.apache.http.wire - http-outgoing-145 >> "Host: localhost:2375[\r][\n]"
02:44:43.789 [Test worker] DEBUG org.apache.http.wire - http-outgoing-145 >> "Connection: Keep-Alive[\r][\n]"
02:44:43.789 [Test worker] DEBUG org.apache.http.wire - http-outgoing-145 >> "Accept-Encoding: gzip,deflate[\r][\n]"
02:44:43.789 [Test worker] DEBUG org.apache.http.wire - http-outgoing-145 >> "[\r][\n]"
02:44:43.789 [Test worker] DEBUG org.apache.http.wire - http-outgoing-145 << "HTTP/1.1 200 OK[\r][\n]"
02:44:43.789 [Test worker] DEBUG org.apache.http.wire - http-outgoing-145 << "Content-Type: application/json[\r][\n]"
02:44:43.789 [Test worker] DEBUG org.apache.http.wire - http-outgoing-145 << "Server: Docker/1.12.1 (linux)[\r][\n]"
02:44:43.789 [Test worker] DEBUG org.apache.http.wire - http-outgoing-145 << "Date: Tue, 18 Oct 2016 00:44:43 GMT[\r][\n]"
02:44:43.789 [Test worker] DEBUG org.apache.http.wire - http-outgoing-145 << "Content-Length: 33[\r][\n]"
02:44:43.789 [Test worker] DEBUG org.apache.http.wire - http-outgoing-145 << "[\r][\n]"
02:44:43.789 [Test worker] DEBUG org.apache.http.wire - http-outgoing-145 << "{"Volumes":null,"Warnings":null}[\n]"
02:44:43.789 [Test worker] DEBUG org.apache.http.headers - http-outgoing-145 << HTTP/1.1 200 OK
02:44:43.789 [Test worker] DEBUG org.apache.http.headers - http-outgoing-145 << Content-Type: application/json
02:44:43.789 [Test worker] DEBUG org.apache.http.headers - http-outgoing-145 << Server: Docker/1.12.1 (linux)
02:44:43.789 [Test worker] DEBUG org.apache.http.headers - http-outgoing-145 << Date: Tue, 18 Oct 2016 00:44:43 GMT
02:44:43.790 [Test worker] DEBUG org.apache.http.headers - http-outgoing-145 << Content-Length: 33
02:44:43.790 [Test worker] DEBUG o.a.h.impl.execchain.MainClientExec - Connection can be kept alive indefinitely
02:44:43.790 [Test worker] DEBUG c.g.d.j.JerseyDockerCmdExecFactory - 9 * Client response received on thread Test worker
9 < 200
9 < Content-Length: 33
9 < Content-Type: application/json
9 < Date: Tue, 18 Oct 2016 00:44:43 GMT
9 < Server: Docker/1.12.1 (linux)
{"Volumes":null,"Warnings":null}


02:44:43.790 [Test worker] DEBUG o.a.h.i.c.DefaultManagedHttpClientConnection - http-outgoing-145: Close connection
02:44:43.790 [Test worker] DEBUG o.a.h.impl.execchain.MainClientExec - Connection discarded
02:44:43.790 [Test worker] DEBUG c.g.d.j.JerseyDockerCmdExecFactory$1 - Connection released: [id: 145][route: {}->http://localhost:2375][total kept alive: 0; route allocated: 0 of 2; total allocated: 0 of 20]
]]></system-out>
  <system-err><![CDATA[]]></system-err>
</testsuite>
